<?xml version="1.0" encoding="UTF-8"?>
<testsuite xmlns:xsi="http://www.w3.org/2001/XMLSchema-instance" xsi:noNamespaceSchemaLocation="https://maven.apache.org/surefire/maven-surefire-plugin/xsd/surefire-test-report.xsd" name="org.apache.hadoop.ozone.scm.node.TestDecommissionAndMaintenance" time="448.776" tests="11" errors="0" skipped="0" failures="1">
  <properties>
    <property name="awt.toolkit" value="sun.awt.X11.XToolkit"/>
    <property name="file.encoding.pkg" value="sun.io"/>
    <property name="java.specification.version" value="1.8"/>
    <property name="sun.cpu.isalist" value=""/>
    <property name="sun.jnu.encoding" value="ANSI_X3.4-1968"/>
    <property name="java.class.path" value="/github/workspace/mnt/ozone/hadoop-ozone/integration-test/target/test-classes:/github/workspace/mnt/ozone/hadoop-ozone/integration-test/target/classes:/home/user/.m2/repository/org/apache/hadoop/hadoop-ozone-common/1.1.0-SNAPSHOT/hadoop-ozone-common-1.1.0-SNAPSHOT.jar:/home/user/.m2/repository/org/apache/commons/commons-compress/1.4.1/commons-compress-1.4.1.jar:/home/user/.m2/repository/org/tukaani/xz/1.0/xz-1.0.jar:/home/user/.m2/repository/org/apache/hadoop/hadoop-hdds-common/1.1.0-SNAPSHOT/hadoop-hdds-common-1.1.0-SNAPSHOT.jar:/home/user/.m2/repository/org/apache/hadoop/hadoop-hdds-client/1.1.0-SNAPSHOT/hadoop-hdds-client-1.1.0-SNAPSHOT.jar:/home/user/.m2/repository/org/apache/hadoop/hadoop-ozone-interface-client/1.1.0-SNAPSHOT/hadoop-ozone-interface-client-1.1.0-SNAPSHOT.jar:/home/user/.m2/repository/org/apache/hadoop/hadoop-hdds-test-utils/1.1.0-SNAPSHOT/hadoop-hdds-test-utils-1.1.0-SNAPSHOT.jar:/home/user/.m2/repository/com/google/guava/guava/28.2-jre/guava-28.2-jre.jar:/home/user/.m2/repository/com/google/guava/failureaccess/1.0.1/failureaccess-1.0.1.jar:/home/user/.m2/repository/com/google/guava/listenablefuture/9999.0-empty-to-avoid-conflict-with-guava/listenablefuture-9999.0-empty-to-avoid-conflict-with-guava.jar:/home/user/.m2/repository/com/google/code/findbugs/jsr305/3.0.0/jsr305-3.0.0.jar:/home/user/.m2/repository/org/checkerframework/checker-qual/2.10.0/checker-qual-2.10.0.jar:/home/user/.m2/repository/com/google/errorprone/error_prone_annotations/2.2.0/error_prone_annotations-2.2.0.jar:/home/user/.m2/repository/com/google/j2objc/j2objc-annotations/1.3/j2objc-annotations-1.3.jar:/home/user/.m2/repository/commons-io/commons-io/2.5/commons-io-2.5.jar:/home/user/.m2/repository/commons-logging/commons-logging/1.2/commons-logging-1.2.jar:/home/user/.m2/repository/log4j/log4j/1.2.17/log4j-1.2.17.jar:/home/user/.m2/repository/org/slf4j/slf4j-api/1.7.30/slf4j-api-1.7.30.jar:/home/user/.m2/repository/org/apache/hadoop/hadoop-hdds-server-scm/1.1.0-SNAPSHOT/hadoop-hdds-server-scm-1.1.0-SNAPSHOT.jar:/home/user/.m2/repository/org/apache/hadoop/hadoop-hdds-container-service/1.1.0-SNAPSHOT/hadoop-hdds-container-service-1.1.0-SNAPSHOT.jar:/home/user/.m2/repository/org/apache/hadoop/hadoop-hdds-hadoop-dependency-server/1.1.0-SNAPSHOT/hadoop-hdds-hadoop-dependency-server-1.1.0-SNAPSHOT.jar:/home/user/.m2/repository/org/apache/hadoop/hadoop-hdfs/3.2.1/hadoop-hdfs-3.2.1.jar:/home/user/.m2/repository/org/apache/hadoop/hadoop-hdds-server-framework/1.1.0-SNAPSHOT/hadoop-hdds-server-framework-1.1.0-SNAPSHOT.jar:/home/user/.m2/repository/org/apache/hadoop/hadoop-hdds-interface-server/1.1.0-SNAPSHOT/hadoop-hdds-interface-server-1.1.0-SNAPSHOT.jar:/home/user/.m2/repository/org/apache/hadoop/hadoop-hdds-interface-admin/1.1.0-SNAPSHOT/hadoop-hdds-interface-admin-1.1.0-SNAPSHOT.jar:/home/user/.m2/repository/org/eclipse/jetty/jetty-servlet/9.4.34.v20201102/jetty-servlet-9.4.34.v20201102.jar:/home/user/.m2/repository/org/eclipse/jetty/jetty-security/9.4.34.v20201102/jetty-security-9.4.34.v20201102.jar:/home/user/.m2/repository/org/rocksdb/rocksdbjni/6.8.1/rocksdbjni-6.8.1.jar:/home/user/.m2/repository/io/prometheus/simpleclient_dropwizard/0.7.0/simpleclient_dropwizard-0.7.0.jar:/home/user/.m2/repository/io/prometheus/simpleclient/0.7.0/simpleclient-0.7.0.jar:/home/user/.m2/repository/io/prometheus/simpleclient_common/0.7.0/simpleclient_common-0.7.0.jar:/home/user/.m2/repository/com/fasterxml/jackson/datatype/jackson-datatype-jsr310/2.10.3/jackson-datatype-jsr310-2.10.3.jar:/home/user/.m2/repository/io/dropwizard/metrics/metrics-core/3.2.4/metrics-core-3.2.4.jar:/home/user/.m2/repository/org/apache/hadoop/hadoop-hdfs-client/3.2.1/hadoop-hdfs-client-3.2.1.jar:/home/user/.m2/repository/org/bouncycastle/bcprov-jdk15on/1.67/bcprov-jdk15on-1.67.jar:/home/user/.m2/repository/org/apache/hadoop/hadoop-ozone-ozone-manager/1.1.0-SNAPSHOT/hadoop-ozone-ozone-manager-1.1.0-SNAPSHOT.jar:/home/user/.m2/repository/org/apache/hadoop/hadoop-hdds-interface-client/1.1.0-SNAPSHOT/hadoop-hdds-interface-client-1.1.0-SNAPSHOT.jar:/home/user/.m2/repository/org/apache/ratis/ratis-thirdparty-misc/0.6.0-SNAPSHOT/ratis-thirdparty-misc-0.6.0-SNAPSHOT.jar:/home/user/.m2/repository/org/apache/hadoop/hadoop-ozone-interface-storage/1.1.0-SNAPSHOT/hadoop-ozone-interface-storage-1.1.0-SNAPSHOT.jar:/home/user/.m2/repository/org/apache/hadoop/hadoop-minikdc/3.2.1/hadoop-minikdc-3.2.1.jar:/home/user/.m2/repository/org/apache/kerby/kerb-simplekdc/1.0.1/kerb-simplekdc-1.0.1.jar:/home/user/.m2/repository/org/apache/kerby/kerb-client/1.0.1/kerb-client-1.0.1.jar:/home/user/.m2/repository/org/apache/kerby/kerby-config/1.0.1/kerby-config-1.0.1.jar:/home/user/.m2/repository/org/apache/kerby/kerb-core/1.0.1/kerb-core-1.0.1.jar:/home/user/.m2/repository/org/apache/kerby/kerby-pkix/1.0.1/kerby-pkix-1.0.1.jar:/home/user/.m2/repository/org/apache/kerby/kerby-asn1/1.0.1/kerby-asn1-1.0.1.jar:/home/user/.m2/repository/org/apache/kerby/kerby-util/1.0.1/kerby-util-1.0.1.jar:/home/user/.m2/repository/org/apache/kerby/kerb-common/1.0.1/kerb-common-1.0.1.jar:/home/user/.m2/repository/org/apache/kerby/kerb-crypto/1.0.1/kerb-crypto-1.0.1.jar:/home/user/.m2/repository/org/apache/kerby/kerb-util/1.0.1/kerb-util-1.0.1.jar:/home/user/.m2/repository/org/apache/kerby/token-provider/1.0.1/token-provider-1.0.1.jar:/home/user/.m2/repository/org/apache/kerby/kerb-admin/1.0.1/kerb-admin-1.0.1.jar:/home/user/.m2/repository/org/apache/kerby/kerb-server/1.0.1/kerb-server-1.0.1.jar:/home/user/.m2/repository/org/apache/kerby/kerb-identity/1.0.1/kerb-identity-1.0.1.jar:/home/user/.m2/repository/org/apache/kerby/kerby-xdr/1.0.1/kerby-xdr-1.0.1.jar:/home/user/.m2/repository/org/slf4j/slf4j-log4j12/1.7.30/slf4j-log4j12-1.7.30.jar:/home/user/.m2/repository/org/apache/hadoop/hadoop-ozone-s3gateway/1.1.0-SNAPSHOT/hadoop-ozone-s3gateway-1.1.0-SNAPSHOT.jar:/home/user/.m2/repository/org/jboss/weld/servlet/weld-servlet/2.4.7.Final/weld-servlet-2.4.7.Final.jar:/home/user/.m2/repository/org/glassfish/jersey/containers/jersey-container-servlet-core/2.27/jersey-container-servlet-core-2.27.jar:/home/user/.m2/repository/org/glassfish/hk2/external/javax.inject/2.5.0-b42/javax.inject-2.5.0-b42.jar:/home/user/.m2/repository/org/glassfish/jersey/core/jersey-common/2.27/jersey-common-2.27.jar:/home/user/.m2/repository/org/glassfish/hk2/osgi-resource-locator/1.0.1/osgi-resource-locator-1.0.1.jar:/home/user/.m2/repository/javax/ws/rs/javax.ws.rs-api/2.1/javax.ws.rs-api-2.1.jar:/home/user/.m2/repository/org/glassfish/jersey/ext/cdi/jersey-cdi1x/2.27/jersey-cdi1x-2.27.jar:/home/user/.m2/repository/org/glassfish/jersey/inject/jersey-hk2/2.27/jersey-hk2-2.27.jar:/home/user/.m2/repository/org/glassfish/hk2/hk2-locator/2.5.0-b42/hk2-locator-2.5.0-b42.jar:/home/user/.m2/repository/org/javassist/javassist/3.22.0-CR2/javassist-3.22.0-CR2.jar:/home/user/.m2/repository/org/glassfish/hk2/hk2-api/2.5.0/hk2-api-2.5.0.jar:/home/user/.m2/repository/org/glassfish/hk2/external/jakarta.inject/2.5.0/jakarta.inject-2.5.0.jar:/home/user/.m2/repository/org/glassfish/hk2/hk2-utils/2.5.0/hk2-utils-2.5.0.jar:/home/user/.m2/repository/jakarta/annotation/jakarta.annotation-api/1.3.4/jakarta.annotation-api-1.3.4.jar:/home/user/.m2/repository/org/glassfish/hk2/external/aopalliance-repackaged/2.5.0/aopalliance-repackaged-2.5.0.jar:/home/user/.m2/repository/com/fasterxml/jackson/dataformat/jackson-dataformat-xml/2.10.3/jackson-dataformat-xml-2.10.3.jar:/home/user/.m2/repository/com/fasterxml/jackson/core/jackson-core/2.10.3/jackson-core-2.10.3.jar:/home/user/.m2/repository/com/fasterxml/jackson/module/jackson-module-jaxb-annotations/2.10.3/jackson-module-jaxb-annotations-2.10.3.jar:/home/user/.m2/repository/jakarta/xml/bind/jakarta.xml.bind-api/2.3.2/jakarta.xml.bind-api-2.3.2.jar:/home/user/.m2/repository/jakarta/activation/jakarta.activation-api/1.2.1/jakarta.activation-api-1.2.1.jar:/home/user/.m2/repository/org/codehaus/woodstox/stax2-api/3.1.4/stax2-api-3.1.4.jar:/home/user/.m2/repository/com/fasterxml/woodstox/woodstox-core/5.0.3/woodstox-core-5.0.3.jar:/home/user/.m2/repository/javax/enterprise/cdi-api/1.2/cdi-api-1.2.jar:/home/user/.m2/repository/javax/el/javax.el-api/3.0.0/javax.el-api-3.0.0.jar:/home/user/.m2/repository/javax/interceptor/javax.interceptor-api/1.2/javax.interceptor-api-1.2.jar:/home/user/.m2/repository/javax/inject/javax.inject/1/javax.inject-1.jar:/home/user/.m2/repository/com/sun/xml/bind/jaxb-impl/2.3.0.1/jaxb-impl-2.3.0.1.jar:/home/user/.m2/repository/com/sun/xml/bind/jaxb-core/2.3.0.1/jaxb-core-2.3.0.1.jar:/home/user/.m2/repository/javax/xml/bind/jaxb-api/2.3.0/jaxb-api-2.3.0.jar:/home/user/.m2/repository/javax/activation/activation/1.1.1/activation-1.1.1.jar:/home/user/.m2/repository/org/apache/hadoop/hadoop-ozone-csi/1.1.0-SNAPSHOT/hadoop-ozone-csi-1.1.0-SNAPSHOT.jar:/home/user/.m2/repository/com/google/protobuf/protobuf-java-util/3.11.0/protobuf-java-util-3.11.0.jar:/home/user/.m2/repository/com/google/code/gson/gson/2.2.4/gson-2.2.4.jar:/home/user/.m2/repository/org/apache/hadoop/hadoop-hdds-config/1.1.0-SNAPSHOT/hadoop-hdds-config-1.1.0-SNAPSHOT.jar:/home/user/.m2/repository/com/google/protobuf/protobuf-java/2.5.0/protobuf-java-2.5.0.jar:/home/user/.m2/repository/io/grpc/grpc-netty/1.29.0/grpc-netty-1.29.0.jar:/home/user/.m2/repository/io/grpc/grpc-core/1.29.0/grpc-core-1.29.0.jar:/home/user/.m2/repository/com/google/android/annotations/4.1.1.4/annotations-4.1.1.4.jar:/home/user/.m2/repository/io/perfmark/perfmark-api/0.19.0/perfmark-api-0.19.0.jar:/home/user/.m2/repository/io/netty/netty-codec-http2/4.1.48.Final/netty-codec-http2-4.1.48.Final.jar:/home/user/.m2/repository/io/netty/netty-codec/4.1.48.Final/netty-codec-4.1.48.Final.jar:/home/user/.m2/repository/io/netty/netty-handler/4.1.48.Final/netty-handler-4.1.48.Final.jar:/home/user/.m2/repository/io/netty/netty-codec-http/4.1.48.Final/netty-codec-http-4.1.48.Final.jar:/home/user/.m2/repository/io/netty/netty-handler-proxy/4.1.48.Final/netty-handler-proxy-4.1.48.Final.jar:/home/user/.m2/repository/io/netty/netty-codec-socks/4.1.48.Final/netty-codec-socks-4.1.48.Final.jar:/home/user/.m2/repository/io/netty/netty-transport-native-epoll/4.1.48.Final/netty-transport-native-epoll-4.1.48.Final.jar:/home/user/.m2/repository/io/netty/netty-common/4.1.48.Final/netty-common-4.1.48.Final.jar:/home/user/.m2/repository/io/netty/netty-buffer/4.1.48.Final/netty-buffer-4.1.48.Final.jar:/home/user/.m2/repository/io/netty/netty-transport/4.1.48.Final/netty-transport-4.1.48.Final.jar:/home/user/.m2/repository/io/netty/netty-resolver/4.1.48.Final/netty-resolver-4.1.48.Final.jar:/home/user/.m2/repository/io/netty/netty-transport-native-unix-common/4.1.48.Final/netty-transport-native-unix-common-4.1.48.Final.jar:/home/user/.m2/repository/io/grpc/grpc-protobuf/1.29.0/grpc-protobuf-1.29.0.jar:/home/user/.m2/repository/io/grpc/grpc-api/1.29.0/grpc-api-1.29.0.jar:/home/user/.m2/repository/io/grpc/grpc-context/1.29.0/grpc-context-1.29.0.jar:/home/user/.m2/repository/org/codehaus/mojo/animal-sniffer-annotations/1.18/animal-sniffer-annotations-1.18.jar:/home/user/.m2/repository/com/google/api/grpc/proto-google-common-protos/1.17.0/proto-google-common-protos-1.17.0.jar:/home/user/.m2/repository/io/grpc/grpc-protobuf-lite/1.29.0/grpc-protobuf-lite-1.29.0.jar:/home/user/.m2/repository/io/grpc/grpc-stub/1.29.0/grpc-stub-1.29.0.jar:/home/user/.m2/repository/org/apache/hadoop/hadoop-ozone-recon/1.1.0-SNAPSHOT/hadoop-ozone-recon-1.1.0-SNAPSHOT.jar:/home/user/.m2/repository/org/apache/hadoop/hadoop-ozone-reconcodegen/1.1.0-SNAPSHOT/hadoop-ozone-reconcodegen-1.1.0-SNAPSHOT.jar:/home/user/.m2/repository/com/google/inject/extensions/guice-multibindings/4.0/guice-multibindings-4.0.jar:/home/user/.m2/repository/com/google/inject/guice/4.0/guice-4.0.jar:/home/user/.m2/repository/aopalliance/aopalliance/1.0/aopalliance-1.0.jar:/home/user/.m2/repository/com/google/inject/extensions/guice-assistedinject/4.0/guice-assistedinject-4.0.jar:/home/user/.m2/repository/com/google/inject/extensions/guice-servlet/4.0/guice-servlet-4.0.jar:/home/user/.m2/repository/org/glassfish/jersey/containers/jersey-container-servlet/2.27/jersey-container-servlet-2.27.jar:/home/user/.m2/repository/org/glassfish/hk2/guice-bridge/2.5.0/guice-bridge-2.5.0.jar:/home/user/.m2/repository/org/glassfish/jersey/core/jersey-server/2.27/jersey-server-2.27.jar:/home/user/.m2/repository/org/glassfish/jersey/core/jersey-client/2.27/jersey-client-2.27.jar:/home/user/.m2/repository/org/glassfish/jersey/media/jersey-media-jaxb/2.27/jersey-media-jaxb-2.27.jar:/home/user/.m2/repository/javax/validation/validation-api/1.1.0.Final/validation-api-1.1.0.Final.jar:/home/user/.m2/repository/org/glassfish/jersey/media/jersey-media-json-jackson/2.27/jersey-media-json-jackson-2.27.jar:/home/user/.m2/repository/org/glassfish/jersey/ext/jersey-entity-filtering/2.27/jersey-entity-filtering-2.27.jar:/home/user/.m2/repository/org/jooq/jooq/3.11.10/jooq-3.11.10.jar:/home/user/.m2/repository/org/jooq/jooq-meta/3.11.10/jooq-meta-3.11.10.jar:/home/user/.m2/repository/org/jooq/jooq-codegen/3.11.10/jooq-codegen-3.11.10.jar:/home/user/.m2/repository/com/jolbox/bonecp/0.8.0.RELEASE/bonecp-0.8.0.RELEASE.jar:/home/user/.m2/repository/org/apache/derby/derby/10.14.2.0/derby-10.14.2.0.jar:/home/user/.m2/repository/org/xerial/sqlite-jdbc/3.25.2/sqlite-jdbc-3.25.2.jar:/home/user/.m2/repository/org/springframework/spring-jdbc/5.2.11.RELEASE/spring-jdbc-5.2.11.RELEASE.jar:/home/user/.m2/repository/org/springframework/spring-beans/5.2.11.RELEASE/spring-beans-5.2.11.RELEASE.jar:/home/user/.m2/repository/org/springframework/spring-core/5.2.11.RELEASE/spring-core-5.2.11.RELEASE.jar:/home/user/.m2/repository/org/springframework/spring-jcl/5.2.11.RELEASE/spring-jcl-5.2.11.RELEASE.jar:/home/user/.m2/repository/org/springframework/spring-tx/5.2.11.RELEASE/spring-tx-5.2.11.RELEASE.jar:/home/user/.m2/repository/org/apache/hadoop/hadoop-ozone-client/1.1.0-SNAPSHOT/hadoop-ozone-client-1.1.0-SNAPSHOT.jar:/home/user/.m2/repository/org/apache/hadoop/hadoop-ozone-filesystem/1.1.0-SNAPSHOT/hadoop-ozone-filesystem-1.1.0-SNAPSHOT.jar:/home/user/.m2/repository/org/apache/hadoop/hadoop-ozone-filesystem-common/1.1.0-SNAPSHOT/hadoop-ozone-filesystem-common-1.1.0-SNAPSHOT.jar:/home/user/.m2/repository/org/apache/hadoop/hadoop-ozone-tools/1.1.0-SNAPSHOT/hadoop-ozone-tools-1.1.0-SNAPSHOT.jar:/home/user/.m2/repository/org/apache/ratis/ratis-tools/1.1.0-c5eafb9-SNAPSHOT/ratis-tools-1.1.0-c5eafb9-SNAPSHOT.jar:/home/user/.m2/repository/org/apache/ratis/ratis-proto/1.1.0-c5eafb9-SNAPSHOT/ratis-proto-1.1.0-c5eafb9-SNAPSHOT.jar:/home/user/.m2/repository/org/apache/ratis/ratis-common/1.1.0-c5eafb9-SNAPSHOT/ratis-common-1.1.0-c5eafb9-SNAPSHOT.jar:/home/user/.m2/repository/com/amazonaws/aws-java-sdk-core/1.11.901/aws-java-sdk-core-1.11.901.jar:/home/user/.m2/repository/org/apache/httpcomponents/httpclient/4.5.13/httpclient-4.5.13.jar:/home/user/.m2/repository/org/apache/httpcomponents/httpcore/4.4.13/httpcore-4.4.13.jar:/home/user/.m2/repository/software/amazon/ion/ion-java/1.0.2/ion-java-1.0.2.jar:/home/user/.m2/repository/com/fasterxml/jackson/dataformat/jackson-dataformat-cbor/2.10.3/jackson-dataformat-cbor-2.10.3.jar:/home/user/.m2/repository/joda-time/joda-time/2.8.1/joda-time-2.8.1.jar:/home/user/.m2/repository/com/amazonaws/aws-java-sdk-s3/1.11.901/aws-java-sdk-s3-1.11.901.jar:/home/user/.m2/repository/com/amazonaws/aws-java-sdk-kms/1.11.901/aws-java-sdk-kms-1.11.901.jar:/home/user/.m2/repository/com/amazonaws/jmespath-java/1.11.901/jmespath-java-1.11.901.jar:/home/user/.m2/repository/org/kohsuke/metainf-services/metainf-services/1.8/metainf-services-1.8.jar:/home/user/.m2/repository/org/apache/hadoop/hadoop-hdds-tools/1.1.0-SNAPSHOT/hadoop-hdds-tools-1.1.0-SNAPSHOT.jar:/home/user/.m2/repository/commons-cli/commons-cli/1.2/commons-cli-1.2.jar:/home/user/.m2/repository/org/apache/commons/commons-lang3/3.7/commons-lang3-3.7.jar:/home/user/.m2/repository/org/apache/hadoop/hadoop-ozone-ozone-manager/1.1.0-SNAPSHOT/hadoop-ozone-ozone-manager-1.1.0-SNAPSHOT-tests.jar:/home/user/.m2/repository/org/apache/hadoop/hadoop-hdds-common/1.1.0-SNAPSHOT/hadoop-hdds-common-1.1.0-SNAPSHOT-tests.jar:/home/user/.m2/repository/org/apache/hadoop/hadoop-hdds-hadoop-dependency-client/1.1.0-SNAPSHOT/hadoop-hdds-hadoop-dependency-client-1.1.0-SNAPSHOT.jar:/home/user/.m2/repository/info/picocli/picocli/4.4.0/picocli-4.4.0.jar:/home/user/.m2/repository/com/fasterxml/jackson/core/jackson-annotations/2.10.3/jackson-annotations-2.10.3.jar:/home/user/.m2/repository/javax/annotation/javax.annotation-api/1.2/javax.annotation-api-1.2.jar:/home/user/.m2/repository/org/fusesource/leveldbjni/leveldbjni-all/1.8/leveldbjni-all-1.8.jar:/home/user/.m2/repository/org/apache/ratis/ratis-server/1.1.0-c5eafb9-SNAPSHOT/ratis-server-1.1.0-c5eafb9-SNAPSHOT.jar:/home/user/.m2/repository/org/apache/ratis/ratis-client/1.1.0-c5eafb9-SNAPSHOT/ratis-client-1.1.0-c5eafb9-SNAPSHOT.jar:/home/user/.m2/repository/org/apache/ratis/ratis-metrics/1.1.0-c5eafb9-SNAPSHOT/ratis-metrics-1.1.0-c5eafb9-SNAPSHOT.jar:/home/user/.m2/repository/org/apache/ratis/ratis-netty/1.1.0-c5eafb9-SNAPSHOT/ratis-netty-1.1.0-c5eafb9-SNAPSHOT.jar:/home/user/.m2/repository/org/apache/ratis/ratis-grpc/1.1.0-c5eafb9-SNAPSHOT/ratis-grpc-1.1.0-c5eafb9-SNAPSHOT.jar:/home/user/.m2/repository/org/apache/logging/log4j/log4j-api/2.13.3/log4j-api-2.13.3.jar:/home/user/.m2/repository/org/apache/logging/log4j/log4j-core/2.13.3/log4j-core-2.13.3.jar:/home/user/.m2/repository/com/lmax/disruptor/3.4.2/disruptor-3.4.2.jar:/home/user/.m2/repository/org/apache/commons/commons-pool2/2.6.0/commons-pool2-2.6.0.jar:/home/user/.m2/repository/org/bouncycastle/bcpkix-jdk15on/1.67/bcpkix-jdk15on-1.67.jar:/home/user/.m2/repository/commons-validator/commons-validator/1.6/commons-validator-1.6.jar:/home/user/.m2/repository/commons-beanutils/commons-beanutils/1.9.4/commons-beanutils-1.9.4.jar:/home/user/.m2/repository/commons-digester/commons-digester/1.8.1/commons-digester-1.8.1.jar:/home/user/.m2/repository/commons-collections/commons-collections/3.2.2/commons-collections-3.2.2.jar:/home/user/.m2/repository/io/jaegertracing/jaeger-client/1.2.0/jaeger-client-1.2.0.jar:/home/user/.m2/repository/io/jaegertracing/jaeger-thrift/1.2.0/jaeger-thrift-1.2.0.jar:/home/user/.m2/repository/org/apache/thrift/libthrift/0.13.0/libthrift-0.13.0.jar:/home/user/.m2/repository/com/squareup/okhttp3/okhttp/4.2.2/okhttp-4.2.2.jar:/home/user/.m2/repository/com/squareup/okio/okio/2.2.2/okio-2.2.2.jar:/home/user/.m2/repository/org/jetbrains/kotlin/kotlin-stdlib/1.3.50/kotlin-stdlib-1.3.50.jar:/home/user/.m2/repository/org/jetbrains/kotlin/kotlin-stdlib-common/1.3.50/kotlin-stdlib-common-1.3.50.jar:/home/user/.m2/repository/org/jetbrains/annotations/13.0/annotations-13.0.jar:/home/user/.m2/repository/io/jaegertracing/jaeger-core/1.2.0/jaeger-core-1.2.0.jar:/home/user/.m2/repository/io/jaegertracing/jaeger-tracerresolver/1.2.0/jaeger-tracerresolver-1.2.0.jar:/home/user/.m2/repository/io/opentracing/contrib/opentracing-tracerresolver/0.1.8/opentracing-tracerresolver-0.1.8.jar:/home/user/.m2/repository/io/opentracing/opentracing-util/0.33.0/opentracing-util-0.33.0.jar:/home/user/.m2/repository/io/opentracing/opentracing-api/0.33.0/opentracing-api-0.33.0.jar:/home/user/.m2/repository/io/opentracing/opentracing-noop/0.33.0/opentracing-noop-0.33.0.jar:/home/user/.m2/repository/org/yaml/snakeyaml/1.26/snakeyaml-1.26.jar:/home/user/.m2/repository/junit/junit/4.11/junit-4.11.jar:/home/user/.m2/repository/org/hamcrest/hamcrest-core/1.3/hamcrest-core-1.3.jar:/home/user/.m2/repository/org/openjdk/jmh/jmh-core/1.19/jmh-core-1.19.jar:/home/user/.m2/repository/net/sf/jopt-simple/jopt-simple/4.6/jopt-simple-4.6.jar:/home/user/.m2/repository/org/apache/commons/commons-math3/3.1.1/commons-math3-3.1.1.jar:/home/user/.m2/repository/org/openjdk/jmh/jmh-generator-annprocess/1.19/jmh-generator-annprocess-1.19.jar:/home/user/.m2/repository/org/mockito/mockito-all/1.8.5/mockito-all-1.8.5.jar:/home/user/.m2/repository/org/apache/hadoop/hadoop-kms/3.2.1/hadoop-kms-3.2.1.jar:/home/user/.m2/repository/org/apache/hadoop/hadoop-auth/3.2.1/hadoop-auth-3.2.1.jar:/home/user/.m2/repository/com/nimbusds/nimbus-jose-jwt/7.9/nimbus-jose-jwt-7.9.jar:/home/user/.m2/repository/com/github/stephenc/jcip/jcip-annotations/1.0-1/jcip-annotations-1.0-1.jar:/home/user/.m2/repository/net/minidev/json-smart/2.3/json-smart-2.3.jar:/home/user/.m2/repository/net/minidev/accessors-smart/1.2/accessors-smart-1.2.jar:/home/user/.m2/repository/org/ow2/asm/asm/5.0.4/asm-5.0.4.jar:/home/user/.m2/repository/org/apache/zookeeper/zookeeper/3.4.13/zookeeper-3.4.13.jar:/home/user/.m2/repository/org/apache/yetus/audience-annotations/0.5.0/audience-annotations-0.5.0.jar:/home/user/.m2/repository/org/apache/curator/curator-framework/2.13.0/curator-framework-2.13.0.jar:/home/user/.m2/repository/com/sun/jersey/jersey-core/1.19/jersey-core-1.19.jar:/home/user/.m2/repository/javax/ws/rs/jsr311-api/1.1.1/jsr311-api-1.1.1.jar:/home/user/.m2/repository/com/sun/jersey/jersey-server/1.19/jersey-server-1.19.jar:/home/user/.m2/repository/javax/servlet/javax.servlet-api/3.1.0/javax.servlet-api-3.1.0.jar:/home/user/.m2/repository/org/eclipse/jetty/jetty-server/9.4.34.v20201102/jetty-server-9.4.34.v20201102.jar:/home/user/.m2/repository/org/eclipse/jetty/jetty-http/9.4.34.v20201102/jetty-http-9.4.34.v20201102.jar:/home/user/.m2/repository/org/eclipse/jetty/jetty-io/9.4.34.v20201102/jetty-io-9.4.34.v20201102.jar:/home/user/.m2/repository/org/eclipse/jetty/jetty-webapp/9.4.34.v20201102/jetty-webapp-9.4.34.v20201102.jar:/home/user/.m2/repository/org/eclipse/jetty/jetty-xml/9.4.34.v20201102/jetty-xml-9.4.34.v20201102.jar:/home/user/.m2/repository/org/apache/hadoop/hadoop-common/3.2.1/hadoop-common-3.2.1.jar:/home/user/.m2/repository/commons-net/commons-net/3.6/commons-net-3.6.jar:/home/user/.m2/repository/com/sun/jersey/jersey-servlet/1.19/jersey-servlet-1.19.jar:/home/user/.m2/repository/com/sun/jersey/jersey-json/1.19/jersey-json-1.19.jar:/home/user/.m2/repository/org/codehaus/jettison/jettison/1.1/jettison-1.1.jar:/home/user/.m2/repository/org/codehaus/jackson/jackson-jaxrs/1.9.2/jackson-jaxrs-1.9.2.jar:/home/user/.m2/repository/org/codehaus/jackson/jackson-xc/1.9.2/jackson-xc-1.9.2.jar:/home/user/.m2/repository/org/apache/commons/commons-configuration2/2.1.1/commons-configuration2-2.1.1.jar:/home/user/.m2/repository/org/apache/commons/commons-text/1.4/commons-text-1.4.jar:/home/user/.m2/repository/com/google/re2j/re2j/1.1/re2j-1.1.jar:/home/user/.m2/repository/com/jcraft/jsch/0.1.54/jsch-0.1.54.jar:/home/user/.m2/repository/org/apache/curator/curator-client/2.13.0/curator-client-2.13.0.jar:/home/user/.m2/repository/org/apache/curator/curator-recipes/2.13.0/curator-recipes-2.13.0.jar:/home/user/.m2/repository/dnsjava/dnsjava/2.1.7/dnsjava-2.1.7.jar:/home/user/.m2/repository/org/slf4j/jul-to-slf4j/1.7.30/jul-to-slf4j-1.7.30.jar:/home/user/.m2/repository/org/eclipse/jetty/jetty-util/9.4.34.v20201102/jetty-util-9.4.34.v20201102.jar:/home/user/.m2/repository/com/fasterxml/jackson/core/jackson-databind/2.10.3/jackson-databind-2.10.3.jar:/home/user/.m2/repository/org/apache/hadoop/hadoop-kms/3.2.1/hadoop-kms-3.2.1-tests.jar:/home/user/.m2/repository/org/apache/hadoop/hadoop-hdds-server-scm/1.1.0-SNAPSHOT/hadoop-hdds-server-scm-1.1.0-SNAPSHOT-tests.jar:/home/user/.m2/repository/org/apache/hadoop/hadoop-hdds-container-service/1.1.0-SNAPSHOT/hadoop-hdds-container-service-1.1.0-SNAPSHOT-tests.jar:/home/user/.m2/repository/commons-codec/commons-codec/1.11/commons-codec-1.11.jar:/home/user/.m2/repository/org/apache/hadoop/hadoop-hdds-hadoop-dependency-test/1.1.0-SNAPSHOT/hadoop-hdds-hadoop-dependency-test-1.1.0-SNAPSHOT.jar:/home/user/.m2/repository/org/apache/hadoop/hadoop-common/3.2.1/hadoop-common-3.2.1-tests.jar:/home/user/.m2/repository/org/apache/hadoop/hadoop-hdfs/3.2.1/hadoop-hdfs-3.2.1-tests.jar:/home/user/.m2/repository/org/eclipse/jetty/jetty-util-ajax/9.4.34.v20201102/jetty-util-ajax-9.4.34.v20201102.jar:/home/user/.m2/repository/commons-daemon/commons-daemon/1.0.13/commons-daemon-1.0.13.jar:/home/user/.m2/repository/io/netty/netty/3.10.5.Final/netty-3.10.5.Final.jar:/home/user/.m2/repository/io/netty/netty-all/4.1.48.Final/netty-all-4.1.48.Final.jar:/home/user/.m2/repository/org/apache/htrace/htrace-core4/4.1.0-incubating/htrace-core4-4.1.0-incubating.jar:/home/user/.m2/repository/org/apache/hadoop/hadoop-distcp/3.2.1/hadoop-distcp-3.2.1.jar:/home/user/.m2/repository/org/apache/hadoop/hadoop-mapreduce-client-jobclient/3.2.1/hadoop-mapreduce-client-jobclient-3.2.1.jar:/home/user/.m2/repository/org/apache/hadoop/hadoop-mapreduce-client-common/3.2.1/hadoop-mapreduce-client-common-3.2.1.jar:/home/user/.m2/repository/org/apache/hadoop/hadoop-yarn-common/3.2.1/hadoop-yarn-common-3.2.1.jar:/home/user/.m2/repository/org/apache/hadoop/hadoop-yarn-api/3.2.1/hadoop-yarn-api-3.2.1.jar:/home/user/.m2/repository/com/sun/jersey/jersey-client/1.19/jersey-client-1.19.jar:/home/user/.m2/repository/com/sun/jersey/contribs/jersey-guice/1.19/jersey-guice-1.19.jar:/home/user/.m2/repository/com/fasterxml/jackson/jaxrs/jackson-jaxrs-json-provider/2.10.3/jackson-jaxrs-json-provider-2.10.3.jar:/home/user/.m2/repository/com/fasterxml/jackson/jaxrs/jackson-jaxrs-base/2.10.3/jackson-jaxrs-base-2.10.3.jar:/home/user/.m2/repository/org/apache/hadoop/hadoop-yarn-client/3.2.1/hadoop-yarn-client-3.2.1.jar:/home/user/.m2/repository/org/apache/hadoop/hadoop-mapreduce-client-core/3.2.1/hadoop-mapreduce-client-core-3.2.1.jar:/home/user/.m2/repository/org/apache/avro/avro/1.7.7/avro-1.7.7.jar:/home/user/.m2/repository/org/codehaus/jackson/jackson-core-asl/1.9.13/jackson-core-asl-1.9.13.jar:/home/user/.m2/repository/org/codehaus/jackson/jackson-mapper-asl/1.9.13/jackson-mapper-asl-1.9.13.jar:/home/user/.m2/repository/com/thoughtworks/paranamer/paranamer/2.3/paranamer-2.3.jar:/home/user/.m2/repository/org/xerial/snappy/snappy-java/1.0.5/snappy-java-1.0.5.jar:/home/user/.m2/repository/org/apache/hadoop/hadoop-annotations/3.2.1/hadoop-annotations-3.2.1.jar:/usr/lib/jvm/java-1.8.0-openjdk-1.8.0.232.b09-0.el7_7.x86_64/jre/../lib/tools.jar:/home/user/.m2/repository/org/apache/hadoop/hadoop-distcp/3.2.1/hadoop-distcp-3.2.1-tests.jar:"/>
    <property name="java.vm.vendor" value="Oracle Corporation"/>
    <property name="sun.arch.data.model" value="64"/>
    <property name="test.build.dir" value="/github/workspace/mnt/ozone/hadoop-ozone/integration-test/target/test-dir"/>
    <property name="test.cache.data" value=""/>
    <property name="java.vendor.url" value="http://java.oracle.com/"/>
    <property name="user.timezone" value=""/>
    <property name="java.vm.specification.version" value="1.8"/>
    <property name="os.name" value="Linux"/>
    <property name="test.build.data" value="/github/workspace/mnt/ozone/hadoop-ozone/integration-test/target/test-dir"/>
    <property name="user.country" value="US"/>
    <property name="sun.java.launcher" value="SUN_STANDARD"/>
    <property name="sun.boot.library.path" value="/usr/lib/jvm/java-1.8.0-openjdk-1.8.0.232.b09-0.el7_7.x86_64/jre/lib/amd64"/>
    <property name="sun.java.command" value="/github/workspace/mnt/ozone/hadoop-ozone/integration-test/target/surefire/surefirebooter7138523195648702779.jar /github/workspace/mnt/ozone/hadoop-ozone/integration-test/target/surefire 2020-12-29T01-53-58_558-jvmRun1 surefire3441904140799345719tmp surefire_359219010151033670743tmp"/>
    <property name="surefire.test.class.path" value="/github/workspace/mnt/ozone/hadoop-ozone/integration-test/target/test-classes:/github/workspace/mnt/ozone/hadoop-ozone/integration-test/target/classes:/home/user/.m2/repository/org/apache/hadoop/hadoop-ozone-common/1.1.0-SNAPSHOT/hadoop-ozone-common-1.1.0-SNAPSHOT.jar:/home/user/.m2/repository/org/apache/commons/commons-compress/1.4.1/commons-compress-1.4.1.jar:/home/user/.m2/repository/org/tukaani/xz/1.0/xz-1.0.jar:/home/user/.m2/repository/org/apache/hadoop/hadoop-hdds-common/1.1.0-SNAPSHOT/hadoop-hdds-common-1.1.0-SNAPSHOT.jar:/home/user/.m2/repository/org/apache/hadoop/hadoop-hdds-client/1.1.0-SNAPSHOT/hadoop-hdds-client-1.1.0-SNAPSHOT.jar:/home/user/.m2/repository/org/apache/hadoop/hadoop-ozone-interface-client/1.1.0-SNAPSHOT/hadoop-ozone-interface-client-1.1.0-SNAPSHOT.jar:/home/user/.m2/repository/org/apache/hadoop/hadoop-hdds-test-utils/1.1.0-SNAPSHOT/hadoop-hdds-test-utils-1.1.0-SNAPSHOT.jar:/home/user/.m2/repository/com/google/guava/guava/28.2-jre/guava-28.2-jre.jar:/home/user/.m2/repository/com/google/guava/failureaccess/1.0.1/failureaccess-1.0.1.jar:/home/user/.m2/repository/com/google/guava/listenablefuture/9999.0-empty-to-avoid-conflict-with-guava/listenablefuture-9999.0-empty-to-avoid-conflict-with-guava.jar:/home/user/.m2/repository/com/google/code/findbugs/jsr305/3.0.0/jsr305-3.0.0.jar:/home/user/.m2/repository/org/checkerframework/checker-qual/2.10.0/checker-qual-2.10.0.jar:/home/user/.m2/repository/com/google/errorprone/error_prone_annotations/2.2.0/error_prone_annotations-2.2.0.jar:/home/user/.m2/repository/com/google/j2objc/j2objc-annotations/1.3/j2objc-annotations-1.3.jar:/home/user/.m2/repository/commons-io/commons-io/2.5/commons-io-2.5.jar:/home/user/.m2/repository/commons-logging/commons-logging/1.2/commons-logging-1.2.jar:/home/user/.m2/repository/log4j/log4j/1.2.17/log4j-1.2.17.jar:/home/user/.m2/repository/org/slf4j/slf4j-api/1.7.30/slf4j-api-1.7.30.jar:/home/user/.m2/repository/org/apache/hadoop/hadoop-hdds-server-scm/1.1.0-SNAPSHOT/hadoop-hdds-server-scm-1.1.0-SNAPSHOT.jar:/home/user/.m2/repository/org/apache/hadoop/hadoop-hdds-container-service/1.1.0-SNAPSHOT/hadoop-hdds-container-service-1.1.0-SNAPSHOT.jar:/home/user/.m2/repository/org/apache/hadoop/hadoop-hdds-hadoop-dependency-server/1.1.0-SNAPSHOT/hadoop-hdds-hadoop-dependency-server-1.1.0-SNAPSHOT.jar:/home/user/.m2/repository/org/apache/hadoop/hadoop-hdfs/3.2.1/hadoop-hdfs-3.2.1.jar:/home/user/.m2/repository/org/apache/hadoop/hadoop-hdds-server-framework/1.1.0-SNAPSHOT/hadoop-hdds-server-framework-1.1.0-SNAPSHOT.jar:/home/user/.m2/repository/org/apache/hadoop/hadoop-hdds-interface-server/1.1.0-SNAPSHOT/hadoop-hdds-interface-server-1.1.0-SNAPSHOT.jar:/home/user/.m2/repository/org/apache/hadoop/hadoop-hdds-interface-admin/1.1.0-SNAPSHOT/hadoop-hdds-interface-admin-1.1.0-SNAPSHOT.jar:/home/user/.m2/repository/org/eclipse/jetty/jetty-servlet/9.4.34.v20201102/jetty-servlet-9.4.34.v20201102.jar:/home/user/.m2/repository/org/eclipse/jetty/jetty-security/9.4.34.v20201102/jetty-security-9.4.34.v20201102.jar:/home/user/.m2/repository/org/rocksdb/rocksdbjni/6.8.1/rocksdbjni-6.8.1.jar:/home/user/.m2/repository/io/prometheus/simpleclient_dropwizard/0.7.0/simpleclient_dropwizard-0.7.0.jar:/home/user/.m2/repository/io/prometheus/simpleclient/0.7.0/simpleclient-0.7.0.jar:/home/user/.m2/repository/io/prometheus/simpleclient_common/0.7.0/simpleclient_common-0.7.0.jar:/home/user/.m2/repository/com/fasterxml/jackson/datatype/jackson-datatype-jsr310/2.10.3/jackson-datatype-jsr310-2.10.3.jar:/home/user/.m2/repository/io/dropwizard/metrics/metrics-core/3.2.4/metrics-core-3.2.4.jar:/home/user/.m2/repository/org/apache/hadoop/hadoop-hdfs-client/3.2.1/hadoop-hdfs-client-3.2.1.jar:/home/user/.m2/repository/org/bouncycastle/bcprov-jdk15on/1.67/bcprov-jdk15on-1.67.jar:/home/user/.m2/repository/org/apache/hadoop/hadoop-ozone-ozone-manager/1.1.0-SNAPSHOT/hadoop-ozone-ozone-manager-1.1.0-SNAPSHOT.jar:/home/user/.m2/repository/org/apache/hadoop/hadoop-hdds-interface-client/1.1.0-SNAPSHOT/hadoop-hdds-interface-client-1.1.0-SNAPSHOT.jar:/home/user/.m2/repository/org/apache/ratis/ratis-thirdparty-misc/0.6.0-SNAPSHOT/ratis-thirdparty-misc-0.6.0-SNAPSHOT.jar:/home/user/.m2/repository/org/apache/hadoop/hadoop-ozone-interface-storage/1.1.0-SNAPSHOT/hadoop-ozone-interface-storage-1.1.0-SNAPSHOT.jar:/home/user/.m2/repository/org/apache/hadoop/hadoop-minikdc/3.2.1/hadoop-minikdc-3.2.1.jar:/home/user/.m2/repository/org/apache/kerby/kerb-simplekdc/1.0.1/kerb-simplekdc-1.0.1.jar:/home/user/.m2/repository/org/apache/kerby/kerb-client/1.0.1/kerb-client-1.0.1.jar:/home/user/.m2/repository/org/apache/kerby/kerby-config/1.0.1/kerby-config-1.0.1.jar:/home/user/.m2/repository/org/apache/kerby/kerb-core/1.0.1/kerb-core-1.0.1.jar:/home/user/.m2/repository/org/apache/kerby/kerby-pkix/1.0.1/kerby-pkix-1.0.1.jar:/home/user/.m2/repository/org/apache/kerby/kerby-asn1/1.0.1/kerby-asn1-1.0.1.jar:/home/user/.m2/repository/org/apache/kerby/kerby-util/1.0.1/kerby-util-1.0.1.jar:/home/user/.m2/repository/org/apache/kerby/kerb-common/1.0.1/kerb-common-1.0.1.jar:/home/user/.m2/repository/org/apache/kerby/kerb-crypto/1.0.1/kerb-crypto-1.0.1.jar:/home/user/.m2/repository/org/apache/kerby/kerb-util/1.0.1/kerb-util-1.0.1.jar:/home/user/.m2/repository/org/apache/kerby/token-provider/1.0.1/token-provider-1.0.1.jar:/home/user/.m2/repository/org/apache/kerby/kerb-admin/1.0.1/kerb-admin-1.0.1.jar:/home/user/.m2/repository/org/apache/kerby/kerb-server/1.0.1/kerb-server-1.0.1.jar:/home/user/.m2/repository/org/apache/kerby/kerb-identity/1.0.1/kerb-identity-1.0.1.jar:/home/user/.m2/repository/org/apache/kerby/kerby-xdr/1.0.1/kerby-xdr-1.0.1.jar:/home/user/.m2/repository/org/slf4j/slf4j-log4j12/1.7.30/slf4j-log4j12-1.7.30.jar:/home/user/.m2/repository/org/apache/hadoop/hadoop-ozone-s3gateway/1.1.0-SNAPSHOT/hadoop-ozone-s3gateway-1.1.0-SNAPSHOT.jar:/home/user/.m2/repository/org/jboss/weld/servlet/weld-servlet/2.4.7.Final/weld-servlet-2.4.7.Final.jar:/home/user/.m2/repository/org/glassfish/jersey/containers/jersey-container-servlet-core/2.27/jersey-container-servlet-core-2.27.jar:/home/user/.m2/repository/org/glassfish/hk2/external/javax.inject/2.5.0-b42/javax.inject-2.5.0-b42.jar:/home/user/.m2/repository/org/glassfish/jersey/core/jersey-common/2.27/jersey-common-2.27.jar:/home/user/.m2/repository/org/glassfish/hk2/osgi-resource-locator/1.0.1/osgi-resource-locator-1.0.1.jar:/home/user/.m2/repository/javax/ws/rs/javax.ws.rs-api/2.1/javax.ws.rs-api-2.1.jar:/home/user/.m2/repository/org/glassfish/jersey/ext/cdi/jersey-cdi1x/2.27/jersey-cdi1x-2.27.jar:/home/user/.m2/repository/org/glassfish/jersey/inject/jersey-hk2/2.27/jersey-hk2-2.27.jar:/home/user/.m2/repository/org/glassfish/hk2/hk2-locator/2.5.0-b42/hk2-locator-2.5.0-b42.jar:/home/user/.m2/repository/org/javassist/javassist/3.22.0-CR2/javassist-3.22.0-CR2.jar:/home/user/.m2/repository/org/glassfish/hk2/hk2-api/2.5.0/hk2-api-2.5.0.jar:/home/user/.m2/repository/org/glassfish/hk2/external/jakarta.inject/2.5.0/jakarta.inject-2.5.0.jar:/home/user/.m2/repository/org/glassfish/hk2/hk2-utils/2.5.0/hk2-utils-2.5.0.jar:/home/user/.m2/repository/jakarta/annotation/jakarta.annotation-api/1.3.4/jakarta.annotation-api-1.3.4.jar:/home/user/.m2/repository/org/glassfish/hk2/external/aopalliance-repackaged/2.5.0/aopalliance-repackaged-2.5.0.jar:/home/user/.m2/repository/com/fasterxml/jackson/dataformat/jackson-dataformat-xml/2.10.3/jackson-dataformat-xml-2.10.3.jar:/home/user/.m2/repository/com/fasterxml/jackson/core/jackson-core/2.10.3/jackson-core-2.10.3.jar:/home/user/.m2/repository/com/fasterxml/jackson/module/jackson-module-jaxb-annotations/2.10.3/jackson-module-jaxb-annotations-2.10.3.jar:/home/user/.m2/repository/jakarta/xml/bind/jakarta.xml.bind-api/2.3.2/jakarta.xml.bind-api-2.3.2.jar:/home/user/.m2/repository/jakarta/activation/jakarta.activation-api/1.2.1/jakarta.activation-api-1.2.1.jar:/home/user/.m2/repository/org/codehaus/woodstox/stax2-api/3.1.4/stax2-api-3.1.4.jar:/home/user/.m2/repository/com/fasterxml/woodstox/woodstox-core/5.0.3/woodstox-core-5.0.3.jar:/home/user/.m2/repository/javax/enterprise/cdi-api/1.2/cdi-api-1.2.jar:/home/user/.m2/repository/javax/el/javax.el-api/3.0.0/javax.el-api-3.0.0.jar:/home/user/.m2/repository/javax/interceptor/javax.interceptor-api/1.2/javax.interceptor-api-1.2.jar:/home/user/.m2/repository/javax/inject/javax.inject/1/javax.inject-1.jar:/home/user/.m2/repository/com/sun/xml/bind/jaxb-impl/2.3.0.1/jaxb-impl-2.3.0.1.jar:/home/user/.m2/repository/com/sun/xml/bind/jaxb-core/2.3.0.1/jaxb-core-2.3.0.1.jar:/home/user/.m2/repository/javax/xml/bind/jaxb-api/2.3.0/jaxb-api-2.3.0.jar:/home/user/.m2/repository/javax/activation/activation/1.1.1/activation-1.1.1.jar:/home/user/.m2/repository/org/apache/hadoop/hadoop-ozone-csi/1.1.0-SNAPSHOT/hadoop-ozone-csi-1.1.0-SNAPSHOT.jar:/home/user/.m2/repository/com/google/protobuf/protobuf-java-util/3.11.0/protobuf-java-util-3.11.0.jar:/home/user/.m2/repository/com/google/code/gson/gson/2.2.4/gson-2.2.4.jar:/home/user/.m2/repository/org/apache/hadoop/hadoop-hdds-config/1.1.0-SNAPSHOT/hadoop-hdds-config-1.1.0-SNAPSHOT.jar:/home/user/.m2/repository/com/google/protobuf/protobuf-java/2.5.0/protobuf-java-2.5.0.jar:/home/user/.m2/repository/io/grpc/grpc-netty/1.29.0/grpc-netty-1.29.0.jar:/home/user/.m2/repository/io/grpc/grpc-core/1.29.0/grpc-core-1.29.0.jar:/home/user/.m2/repository/com/google/android/annotations/4.1.1.4/annotations-4.1.1.4.jar:/home/user/.m2/repository/io/perfmark/perfmark-api/0.19.0/perfmark-api-0.19.0.jar:/home/user/.m2/repository/io/netty/netty-codec-http2/4.1.48.Final/netty-codec-http2-4.1.48.Final.jar:/home/user/.m2/repository/io/netty/netty-codec/4.1.48.Final/netty-codec-4.1.48.Final.jar:/home/user/.m2/repository/io/netty/netty-handler/4.1.48.Final/netty-handler-4.1.48.Final.jar:/home/user/.m2/repository/io/netty/netty-codec-http/4.1.48.Final/netty-codec-http-4.1.48.Final.jar:/home/user/.m2/repository/io/netty/netty-handler-proxy/4.1.48.Final/netty-handler-proxy-4.1.48.Final.jar:/home/user/.m2/repository/io/netty/netty-codec-socks/4.1.48.Final/netty-codec-socks-4.1.48.Final.jar:/home/user/.m2/repository/io/netty/netty-transport-native-epoll/4.1.48.Final/netty-transport-native-epoll-4.1.48.Final.jar:/home/user/.m2/repository/io/netty/netty-common/4.1.48.Final/netty-common-4.1.48.Final.jar:/home/user/.m2/repository/io/netty/netty-buffer/4.1.48.Final/netty-buffer-4.1.48.Final.jar:/home/user/.m2/repository/io/netty/netty-transport/4.1.48.Final/netty-transport-4.1.48.Final.jar:/home/user/.m2/repository/io/netty/netty-resolver/4.1.48.Final/netty-resolver-4.1.48.Final.jar:/home/user/.m2/repository/io/netty/netty-transport-native-unix-common/4.1.48.Final/netty-transport-native-unix-common-4.1.48.Final.jar:/home/user/.m2/repository/io/grpc/grpc-protobuf/1.29.0/grpc-protobuf-1.29.0.jar:/home/user/.m2/repository/io/grpc/grpc-api/1.29.0/grpc-api-1.29.0.jar:/home/user/.m2/repository/io/grpc/grpc-context/1.29.0/grpc-context-1.29.0.jar:/home/user/.m2/repository/org/codehaus/mojo/animal-sniffer-annotations/1.18/animal-sniffer-annotations-1.18.jar:/home/user/.m2/repository/com/google/api/grpc/proto-google-common-protos/1.17.0/proto-google-common-protos-1.17.0.jar:/home/user/.m2/repository/io/grpc/grpc-protobuf-lite/1.29.0/grpc-protobuf-lite-1.29.0.jar:/home/user/.m2/repository/io/grpc/grpc-stub/1.29.0/grpc-stub-1.29.0.jar:/home/user/.m2/repository/org/apache/hadoop/hadoop-ozone-recon/1.1.0-SNAPSHOT/hadoop-ozone-recon-1.1.0-SNAPSHOT.jar:/home/user/.m2/repository/org/apache/hadoop/hadoop-ozone-reconcodegen/1.1.0-SNAPSHOT/hadoop-ozone-reconcodegen-1.1.0-SNAPSHOT.jar:/home/user/.m2/repository/com/google/inject/extensions/guice-multibindings/4.0/guice-multibindings-4.0.jar:/home/user/.m2/repository/com/google/inject/guice/4.0/guice-4.0.jar:/home/user/.m2/repository/aopalliance/aopalliance/1.0/aopalliance-1.0.jar:/home/user/.m2/repository/com/google/inject/extensions/guice-assistedinject/4.0/guice-assistedinject-4.0.jar:/home/user/.m2/repository/com/google/inject/extensions/guice-servlet/4.0/guice-servlet-4.0.jar:/home/user/.m2/repository/org/glassfish/jersey/containers/jersey-container-servlet/2.27/jersey-container-servlet-2.27.jar:/home/user/.m2/repository/org/glassfish/hk2/guice-bridge/2.5.0/guice-bridge-2.5.0.jar:/home/user/.m2/repository/org/glassfish/jersey/core/jersey-server/2.27/jersey-server-2.27.jar:/home/user/.m2/repository/org/glassfish/jersey/core/jersey-client/2.27/jersey-client-2.27.jar:/home/user/.m2/repository/org/glassfish/jersey/media/jersey-media-jaxb/2.27/jersey-media-jaxb-2.27.jar:/home/user/.m2/repository/javax/validation/validation-api/1.1.0.Final/validation-api-1.1.0.Final.jar:/home/user/.m2/repository/org/glassfish/jersey/media/jersey-media-json-jackson/2.27/jersey-media-json-jackson-2.27.jar:/home/user/.m2/repository/org/glassfish/jersey/ext/jersey-entity-filtering/2.27/jersey-entity-filtering-2.27.jar:/home/user/.m2/repository/org/jooq/jooq/3.11.10/jooq-3.11.10.jar:/home/user/.m2/repository/org/jooq/jooq-meta/3.11.10/jooq-meta-3.11.10.jar:/home/user/.m2/repository/org/jooq/jooq-codegen/3.11.10/jooq-codegen-3.11.10.jar:/home/user/.m2/repository/com/jolbox/bonecp/0.8.0.RELEASE/bonecp-0.8.0.RELEASE.jar:/home/user/.m2/repository/org/apache/derby/derby/10.14.2.0/derby-10.14.2.0.jar:/home/user/.m2/repository/org/xerial/sqlite-jdbc/3.25.2/sqlite-jdbc-3.25.2.jar:/home/user/.m2/repository/org/springframework/spring-jdbc/5.2.11.RELEASE/spring-jdbc-5.2.11.RELEASE.jar:/home/user/.m2/repository/org/springframework/spring-beans/5.2.11.RELEASE/spring-beans-5.2.11.RELEASE.jar:/home/user/.m2/repository/org/springframework/spring-core/5.2.11.RELEASE/spring-core-5.2.11.RELEASE.jar:/home/user/.m2/repository/org/springframework/spring-jcl/5.2.11.RELEASE/spring-jcl-5.2.11.RELEASE.jar:/home/user/.m2/repository/org/springframework/spring-tx/5.2.11.RELEASE/spring-tx-5.2.11.RELEASE.jar:/home/user/.m2/repository/org/apache/hadoop/hadoop-ozone-client/1.1.0-SNAPSHOT/hadoop-ozone-client-1.1.0-SNAPSHOT.jar:/home/user/.m2/repository/org/apache/hadoop/hadoop-ozone-filesystem/1.1.0-SNAPSHOT/hadoop-ozone-filesystem-1.1.0-SNAPSHOT.jar:/home/user/.m2/repository/org/apache/hadoop/hadoop-ozone-filesystem-common/1.1.0-SNAPSHOT/hadoop-ozone-filesystem-common-1.1.0-SNAPSHOT.jar:/home/user/.m2/repository/org/apache/hadoop/hadoop-ozone-tools/1.1.0-SNAPSHOT/hadoop-ozone-tools-1.1.0-SNAPSHOT.jar:/home/user/.m2/repository/org/apache/ratis/ratis-tools/1.1.0-c5eafb9-SNAPSHOT/ratis-tools-1.1.0-c5eafb9-SNAPSHOT.jar:/home/user/.m2/repository/org/apache/ratis/ratis-proto/1.1.0-c5eafb9-SNAPSHOT/ratis-proto-1.1.0-c5eafb9-SNAPSHOT.jar:/home/user/.m2/repository/org/apache/ratis/ratis-common/1.1.0-c5eafb9-SNAPSHOT/ratis-common-1.1.0-c5eafb9-SNAPSHOT.jar:/home/user/.m2/repository/com/amazonaws/aws-java-sdk-core/1.11.901/aws-java-sdk-core-1.11.901.jar:/home/user/.m2/repository/org/apache/httpcomponents/httpclient/4.5.13/httpclient-4.5.13.jar:/home/user/.m2/repository/org/apache/httpcomponents/httpcore/4.4.13/httpcore-4.4.13.jar:/home/user/.m2/repository/software/amazon/ion/ion-java/1.0.2/ion-java-1.0.2.jar:/home/user/.m2/repository/com/fasterxml/jackson/dataformat/jackson-dataformat-cbor/2.10.3/jackson-dataformat-cbor-2.10.3.jar:/home/user/.m2/repository/joda-time/joda-time/2.8.1/joda-time-2.8.1.jar:/home/user/.m2/repository/com/amazonaws/aws-java-sdk-s3/1.11.901/aws-java-sdk-s3-1.11.901.jar:/home/user/.m2/repository/com/amazonaws/aws-java-sdk-kms/1.11.901/aws-java-sdk-kms-1.11.901.jar:/home/user/.m2/repository/com/amazonaws/jmespath-java/1.11.901/jmespath-java-1.11.901.jar:/home/user/.m2/repository/org/kohsuke/metainf-services/metainf-services/1.8/metainf-services-1.8.jar:/home/user/.m2/repository/org/apache/hadoop/hadoop-hdds-tools/1.1.0-SNAPSHOT/hadoop-hdds-tools-1.1.0-SNAPSHOT.jar:/home/user/.m2/repository/commons-cli/commons-cli/1.2/commons-cli-1.2.jar:/home/user/.m2/repository/org/apache/commons/commons-lang3/3.7/commons-lang3-3.7.jar:/home/user/.m2/repository/org/apache/hadoop/hadoop-ozone-ozone-manager/1.1.0-SNAPSHOT/hadoop-ozone-ozone-manager-1.1.0-SNAPSHOT-tests.jar:/home/user/.m2/repository/org/apache/hadoop/hadoop-hdds-common/1.1.0-SNAPSHOT/hadoop-hdds-common-1.1.0-SNAPSHOT-tests.jar:/home/user/.m2/repository/org/apache/hadoop/hadoop-hdds-hadoop-dependency-client/1.1.0-SNAPSHOT/hadoop-hdds-hadoop-dependency-client-1.1.0-SNAPSHOT.jar:/home/user/.m2/repository/info/picocli/picocli/4.4.0/picocli-4.4.0.jar:/home/user/.m2/repository/com/fasterxml/jackson/core/jackson-annotations/2.10.3/jackson-annotations-2.10.3.jar:/home/user/.m2/repository/javax/annotation/javax.annotation-api/1.2/javax.annotation-api-1.2.jar:/home/user/.m2/repository/org/fusesource/leveldbjni/leveldbjni-all/1.8/leveldbjni-all-1.8.jar:/home/user/.m2/repository/org/apache/ratis/ratis-server/1.1.0-c5eafb9-SNAPSHOT/ratis-server-1.1.0-c5eafb9-SNAPSHOT.jar:/home/user/.m2/repository/org/apache/ratis/ratis-client/1.1.0-c5eafb9-SNAPSHOT/ratis-client-1.1.0-c5eafb9-SNAPSHOT.jar:/home/user/.m2/repository/org/apache/ratis/ratis-metrics/1.1.0-c5eafb9-SNAPSHOT/ratis-metrics-1.1.0-c5eafb9-SNAPSHOT.jar:/home/user/.m2/repository/org/apache/ratis/ratis-netty/1.1.0-c5eafb9-SNAPSHOT/ratis-netty-1.1.0-c5eafb9-SNAPSHOT.jar:/home/user/.m2/repository/org/apache/ratis/ratis-grpc/1.1.0-c5eafb9-SNAPSHOT/ratis-grpc-1.1.0-c5eafb9-SNAPSHOT.jar:/home/user/.m2/repository/org/apache/logging/log4j/log4j-api/2.13.3/log4j-api-2.13.3.jar:/home/user/.m2/repository/org/apache/logging/log4j/log4j-core/2.13.3/log4j-core-2.13.3.jar:/home/user/.m2/repository/com/lmax/disruptor/3.4.2/disruptor-3.4.2.jar:/home/user/.m2/repository/org/apache/commons/commons-pool2/2.6.0/commons-pool2-2.6.0.jar:/home/user/.m2/repository/org/bouncycastle/bcpkix-jdk15on/1.67/bcpkix-jdk15on-1.67.jar:/home/user/.m2/repository/commons-validator/commons-validator/1.6/commons-validator-1.6.jar:/home/user/.m2/repository/commons-beanutils/commons-beanutils/1.9.4/commons-beanutils-1.9.4.jar:/home/user/.m2/repository/commons-digester/commons-digester/1.8.1/commons-digester-1.8.1.jar:/home/user/.m2/repository/commons-collections/commons-collections/3.2.2/commons-collections-3.2.2.jar:/home/user/.m2/repository/io/jaegertracing/jaeger-client/1.2.0/jaeger-client-1.2.0.jar:/home/user/.m2/repository/io/jaegertracing/jaeger-thrift/1.2.0/jaeger-thrift-1.2.0.jar:/home/user/.m2/repository/org/apache/thrift/libthrift/0.13.0/libthrift-0.13.0.jar:/home/user/.m2/repository/com/squareup/okhttp3/okhttp/4.2.2/okhttp-4.2.2.jar:/home/user/.m2/repository/com/squareup/okio/okio/2.2.2/okio-2.2.2.jar:/home/user/.m2/repository/org/jetbrains/kotlin/kotlin-stdlib/1.3.50/kotlin-stdlib-1.3.50.jar:/home/user/.m2/repository/org/jetbrains/kotlin/kotlin-stdlib-common/1.3.50/kotlin-stdlib-common-1.3.50.jar:/home/user/.m2/repository/org/jetbrains/annotations/13.0/annotations-13.0.jar:/home/user/.m2/repository/io/jaegertracing/jaeger-core/1.2.0/jaeger-core-1.2.0.jar:/home/user/.m2/repository/io/jaegertracing/jaeger-tracerresolver/1.2.0/jaeger-tracerresolver-1.2.0.jar:/home/user/.m2/repository/io/opentracing/contrib/opentracing-tracerresolver/0.1.8/opentracing-tracerresolver-0.1.8.jar:/home/user/.m2/repository/io/opentracing/opentracing-util/0.33.0/opentracing-util-0.33.0.jar:/home/user/.m2/repository/io/opentracing/opentracing-api/0.33.0/opentracing-api-0.33.0.jar:/home/user/.m2/repository/io/opentracing/opentracing-noop/0.33.0/opentracing-noop-0.33.0.jar:/home/user/.m2/repository/org/yaml/snakeyaml/1.26/snakeyaml-1.26.jar:/home/user/.m2/repository/junit/junit/4.11/junit-4.11.jar:/home/user/.m2/repository/org/hamcrest/hamcrest-core/1.3/hamcrest-core-1.3.jar:/home/user/.m2/repository/org/openjdk/jmh/jmh-core/1.19/jmh-core-1.19.jar:/home/user/.m2/repository/net/sf/jopt-simple/jopt-simple/4.6/jopt-simple-4.6.jar:/home/user/.m2/repository/org/apache/commons/commons-math3/3.1.1/commons-math3-3.1.1.jar:/home/user/.m2/repository/org/openjdk/jmh/jmh-generator-annprocess/1.19/jmh-generator-annprocess-1.19.jar:/home/user/.m2/repository/org/mockito/mockito-all/1.8.5/mockito-all-1.8.5.jar:/home/user/.m2/repository/org/apache/hadoop/hadoop-kms/3.2.1/hadoop-kms-3.2.1.jar:/home/user/.m2/repository/org/apache/hadoop/hadoop-auth/3.2.1/hadoop-auth-3.2.1.jar:/home/user/.m2/repository/com/nimbusds/nimbus-jose-jwt/7.9/nimbus-jose-jwt-7.9.jar:/home/user/.m2/repository/com/github/stephenc/jcip/jcip-annotations/1.0-1/jcip-annotations-1.0-1.jar:/home/user/.m2/repository/net/minidev/json-smart/2.3/json-smart-2.3.jar:/home/user/.m2/repository/net/minidev/accessors-smart/1.2/accessors-smart-1.2.jar:/home/user/.m2/repository/org/ow2/asm/asm/5.0.4/asm-5.0.4.jar:/home/user/.m2/repository/org/apache/zookeeper/zookeeper/3.4.13/zookeeper-3.4.13.jar:/home/user/.m2/repository/org/apache/yetus/audience-annotations/0.5.0/audience-annotations-0.5.0.jar:/home/user/.m2/repository/org/apache/curator/curator-framework/2.13.0/curator-framework-2.13.0.jar:/home/user/.m2/repository/com/sun/jersey/jersey-core/1.19/jersey-core-1.19.jar:/home/user/.m2/repository/javax/ws/rs/jsr311-api/1.1.1/jsr311-api-1.1.1.jar:/home/user/.m2/repository/com/sun/jersey/jersey-server/1.19/jersey-server-1.19.jar:/home/user/.m2/repository/javax/servlet/javax.servlet-api/3.1.0/javax.servlet-api-3.1.0.jar:/home/user/.m2/repository/org/eclipse/jetty/jetty-server/9.4.34.v20201102/jetty-server-9.4.34.v20201102.jar:/home/user/.m2/repository/org/eclipse/jetty/jetty-http/9.4.34.v20201102/jetty-http-9.4.34.v20201102.jar:/home/user/.m2/repository/org/eclipse/jetty/jetty-io/9.4.34.v20201102/jetty-io-9.4.34.v20201102.jar:/home/user/.m2/repository/org/eclipse/jetty/jetty-webapp/9.4.34.v20201102/jetty-webapp-9.4.34.v20201102.jar:/home/user/.m2/repository/org/eclipse/jetty/jetty-xml/9.4.34.v20201102/jetty-xml-9.4.34.v20201102.jar:/home/user/.m2/repository/org/apache/hadoop/hadoop-common/3.2.1/hadoop-common-3.2.1.jar:/home/user/.m2/repository/commons-net/commons-net/3.6/commons-net-3.6.jar:/home/user/.m2/repository/com/sun/jersey/jersey-servlet/1.19/jersey-servlet-1.19.jar:/home/user/.m2/repository/com/sun/jersey/jersey-json/1.19/jersey-json-1.19.jar:/home/user/.m2/repository/org/codehaus/jettison/jettison/1.1/jettison-1.1.jar:/home/user/.m2/repository/org/codehaus/jackson/jackson-jaxrs/1.9.2/jackson-jaxrs-1.9.2.jar:/home/user/.m2/repository/org/codehaus/jackson/jackson-xc/1.9.2/jackson-xc-1.9.2.jar:/home/user/.m2/repository/org/apache/commons/commons-configuration2/2.1.1/commons-configuration2-2.1.1.jar:/home/user/.m2/repository/org/apache/commons/commons-text/1.4/commons-text-1.4.jar:/home/user/.m2/repository/com/google/re2j/re2j/1.1/re2j-1.1.jar:/home/user/.m2/repository/com/jcraft/jsch/0.1.54/jsch-0.1.54.jar:/home/user/.m2/repository/org/apache/curator/curator-client/2.13.0/curator-client-2.13.0.jar:/home/user/.m2/repository/org/apache/curator/curator-recipes/2.13.0/curator-recipes-2.13.0.jar:/home/user/.m2/repository/dnsjava/dnsjava/2.1.7/dnsjava-2.1.7.jar:/home/user/.m2/repository/org/slf4j/jul-to-slf4j/1.7.30/jul-to-slf4j-1.7.30.jar:/home/user/.m2/repository/org/eclipse/jetty/jetty-util/9.4.34.v20201102/jetty-util-9.4.34.v20201102.jar:/home/user/.m2/repository/com/fasterxml/jackson/core/jackson-databind/2.10.3/jackson-databind-2.10.3.jar:/home/user/.m2/repository/org/apache/hadoop/hadoop-kms/3.2.1/hadoop-kms-3.2.1-tests.jar:/home/user/.m2/repository/org/apache/hadoop/hadoop-hdds-server-scm/1.1.0-SNAPSHOT/hadoop-hdds-server-scm-1.1.0-SNAPSHOT-tests.jar:/home/user/.m2/repository/org/apache/hadoop/hadoop-hdds-container-service/1.1.0-SNAPSHOT/hadoop-hdds-container-service-1.1.0-SNAPSHOT-tests.jar:/home/user/.m2/repository/commons-codec/commons-codec/1.11/commons-codec-1.11.jar:/home/user/.m2/repository/org/apache/hadoop/hadoop-hdds-hadoop-dependency-test/1.1.0-SNAPSHOT/hadoop-hdds-hadoop-dependency-test-1.1.0-SNAPSHOT.jar:/home/user/.m2/repository/org/apache/hadoop/hadoop-common/3.2.1/hadoop-common-3.2.1-tests.jar:/home/user/.m2/repository/org/apache/hadoop/hadoop-hdfs/3.2.1/hadoop-hdfs-3.2.1-tests.jar:/home/user/.m2/repository/org/eclipse/jetty/jetty-util-ajax/9.4.34.v20201102/jetty-util-ajax-9.4.34.v20201102.jar:/home/user/.m2/repository/commons-daemon/commons-daemon/1.0.13/commons-daemon-1.0.13.jar:/home/user/.m2/repository/io/netty/netty/3.10.5.Final/netty-3.10.5.Final.jar:/home/user/.m2/repository/io/netty/netty-all/4.1.48.Final/netty-all-4.1.48.Final.jar:/home/user/.m2/repository/org/apache/htrace/htrace-core4/4.1.0-incubating/htrace-core4-4.1.0-incubating.jar:/home/user/.m2/repository/org/apache/hadoop/hadoop-distcp/3.2.1/hadoop-distcp-3.2.1.jar:/home/user/.m2/repository/org/apache/hadoop/hadoop-mapreduce-client-jobclient/3.2.1/hadoop-mapreduce-client-jobclient-3.2.1.jar:/home/user/.m2/repository/org/apache/hadoop/hadoop-mapreduce-client-common/3.2.1/hadoop-mapreduce-client-common-3.2.1.jar:/home/user/.m2/repository/org/apache/hadoop/hadoop-yarn-common/3.2.1/hadoop-yarn-common-3.2.1.jar:/home/user/.m2/repository/org/apache/hadoop/hadoop-yarn-api/3.2.1/hadoop-yarn-api-3.2.1.jar:/home/user/.m2/repository/com/sun/jersey/jersey-client/1.19/jersey-client-1.19.jar:/home/user/.m2/repository/com/sun/jersey/contribs/jersey-guice/1.19/jersey-guice-1.19.jar:/home/user/.m2/repository/com/fasterxml/jackson/jaxrs/jackson-jaxrs-json-provider/2.10.3/jackson-jaxrs-json-provider-2.10.3.jar:/home/user/.m2/repository/com/fasterxml/jackson/jaxrs/jackson-jaxrs-base/2.10.3/jackson-jaxrs-base-2.10.3.jar:/home/user/.m2/repository/org/apache/hadoop/hadoop-yarn-client/3.2.1/hadoop-yarn-client-3.2.1.jar:/home/user/.m2/repository/org/apache/hadoop/hadoop-mapreduce-client-core/3.2.1/hadoop-mapreduce-client-core-3.2.1.jar:/home/user/.m2/repository/org/apache/avro/avro/1.7.7/avro-1.7.7.jar:/home/user/.m2/repository/org/codehaus/jackson/jackson-core-asl/1.9.13/jackson-core-asl-1.9.13.jar:/home/user/.m2/repository/org/codehaus/jackson/jackson-mapper-asl/1.9.13/jackson-mapper-asl-1.9.13.jar:/home/user/.m2/repository/com/thoughtworks/paranamer/paranamer/2.3/paranamer-2.3.jar:/home/user/.m2/repository/org/xerial/snappy/snappy-java/1.0.5/snappy-java-1.0.5.jar:/home/user/.m2/repository/org/apache/hadoop/hadoop-annotations/3.2.1/hadoop-annotations-3.2.1.jar:/usr/lib/jvm/java-1.8.0-openjdk-1.8.0.232.b09-0.el7_7.x86_64/jre/../lib/tools.jar:/home/user/.m2/repository/org/apache/hadoop/hadoop-distcp/3.2.1/hadoop-distcp-3.2.1-tests.jar:"/>
    <property name="sun.cpu.endian" value="little"/>
    <property name="user.home" value="/home/user"/>
    <property name="user.language" value="en"/>
    <property name="java.specification.vendor" value="Oracle Corporation"/>
    <property name="java.home" value="/usr/lib/jvm/java-1.8.0-openjdk-1.8.0.232.b09-0.el7_7.x86_64/jre"/>
    <property name="java.security.krb5.conf" value="/github/workspace/mnt/ozone/hadoop-ozone/integration-test/target/test-classes/krb5.conf"/>
    <property name="basedir" value="/github/workspace/mnt/ozone/hadoop-ozone/integration-test"/>
    <property name="file.separator" value="/"/>
    <property name="line.separator" value="&#10;"/>
    <property name="java.vm.specification.vendor" value="Oracle Corporation"/>
    <property name="java.specification.name" value="Java Platform API Specification"/>
    <property name="java.awt.graphicsenv" value="sun.awt.X11GraphicsEnvironment"/>
    <property name="skip.installnpx" value="true"/>
    <property name="surefire.real.class.path" value="/github/workspace/mnt/ozone/hadoop-ozone/integration-test/target/surefire/surefirebooter7138523195648702779.jar:/home/user/.m2/repository/org/jacoco/org.jacoco.agent/0.8.5/org.jacoco.agent-0.8.5-runtime.jar"/>
    <property name="hadoop.log.dir" value="/github/workspace/mnt/ozone/hadoop-ozone/integration-test/target/log"/>
    <property name="sun.boot.class.path" value="/usr/lib/jvm/java-1.8.0-openjdk-1.8.0.232.b09-0.el7_7.x86_64/jre/lib/resources.jar:/usr/lib/jvm/java-1.8.0-openjdk-1.8.0.232.b09-0.el7_7.x86_64/jre/lib/rt.jar:/usr/lib/jvm/java-1.8.0-openjdk-1.8.0.232.b09-0.el7_7.x86_64/jre/lib/sunrsasign.jar:/usr/lib/jvm/java-1.8.0-openjdk-1.8.0.232.b09-0.el7_7.x86_64/jre/lib/jsse.jar:/usr/lib/jvm/java-1.8.0-openjdk-1.8.0.232.b09-0.el7_7.x86_64/jre/lib/jce.jar:/usr/lib/jvm/java-1.8.0-openjdk-1.8.0.232.b09-0.el7_7.x86_64/jre/lib/charsets.jar:/usr/lib/jvm/java-1.8.0-openjdk-1.8.0.232.b09-0.el7_7.x86_64/jre/lib/jfr.jar:/usr/lib/jvm/java-1.8.0-openjdk-1.8.0.232.b09-0.el7_7.x86_64/jre/classes"/>
    <property name="sun.management.compiler" value="HotSpot 64-Bit Tiered Compilers"/>
    <property name="skip.npx" value="true"/>
    <property name="java.runtime.version" value="1.8.0_232-b09"/>
    <property name="java.net.preferIPv4Stack" value="true"/>
    <property name="user.name" value="jenkins1001"/>
    <property name="path.separator" value=":"/>
    <property name="java.security.egd" value="file:///dev/urandom"/>
    <property name="os.version" value="5.4.0-1032-azure"/>
    <property name="java.endorsed.dirs" value="/usr/lib/jvm/java-1.8.0-openjdk-1.8.0.232.b09-0.el7_7.x86_64/jre/lib/endorsed"/>
    <property name="java.runtime.name" value="OpenJDK Runtime Environment"/>
    <property name="file.encoding" value="ANSI_X3.4-1968"/>
    <property name="java.vm.name" value="OpenJDK 64-Bit Server VM"/>
    <property name="test.build.webapps" value=""/>
    <property name="localRepository" value="/home/user/.m2/repository"/>
    <property name="java.vendor.url.bug" value="http://bugreport.sun.com/bugreport/"/>
    <property name="java.io.tmpdir" value="/tmp"/>
    <property name="require.test.libhadoop" value=""/>
    <property name="java.version" value="1.8.0_232"/>
    <property name="user.dir" value="/github/workspace/mnt/ozone/hadoop-ozone/integration-test"/>
    <property name="os.arch" value="amd64"/>
    <property name="java.vm.specification.name" value="Java Virtual Machine Specification"/>
    <property name="test.build.classes" value="/github/workspace/mnt/ozone/hadoop-ozone/integration-test/target/test-classes"/>
    <property name="java.awt.printerjob" value="sun.print.PSPrinterJob"/>
    <property name="sun.os.patch.level" value="unknown"/>
    <property name="hadoop.tmp.dir" value="/github/workspace/mnt/ozone/hadoop-ozone/integration-test/target/tmp"/>
    <property name="java.library.path" value="/usr/lib:/usr/java/packages/lib/amd64:/usr/lib64:/lib64:/lib:/usr/lib"/>
    <property name="java.vm.info" value="mixed mode"/>
    <property name="java.vendor" value="Oracle Corporation"/>
    <property name="java.vm.version" value="25.232-b09"/>
    <property name="java.ext.dirs" value="/usr/lib/jvm/java-1.8.0-openjdk-1.8.0.232.b09-0.el7_7.x86_64/jre/lib/ext:/usr/java/packages/lib/ext"/>
    <property name="sun.io.unicode.encoding" value="UnicodeLittle"/>
    <property name="java.class.version" value="52.0"/>
  </properties>
  <testcase name="testStoppedMaintenanceNodeTakesScmStateOnRestart" classname="org.apache.hadoop.ozone.scm.node.TestDecommissionAndMaintenance" time="47.434"/>
  <testcase name="testContainerIsReplicatedWhenAllNodesGotoMaintenance" classname="org.apache.hadoop.ozone.scm.node.TestDecommissionAndMaintenance" time="37.876">
    <failure message="expected:&lt;5&gt; but was:&lt;6&gt;" type="junit.framework.AssertionFailedError"><![CDATA[junit.framework.AssertionFailedError: expected:<5> but was:<6>
	at junit.framework.Assert.fail(Assert.java:57)
	at junit.framework.Assert.failNotEquals(Assert.java:329)
	at junit.framework.Assert.assertEquals(Assert.java:78)
	at junit.framework.Assert.assertEquals(Assert.java:234)
	at junit.framework.Assert.assertEquals(Assert.java:241)
	at junit.framework.TestCase.assertEquals(TestCase.java:409)
	at org.apache.hadoop.ozone.scm.node.TestDecommissionAndMaintenance.testContainerIsReplicatedWhenAllNodesGotoMaintenance(TestDecommissionAndMaintenance.java:394)
	at sun.reflect.NativeMethodAccessorImpl.invoke0(Native Method)
	at sun.reflect.NativeMethodAccessorImpl.invoke(NativeMethodAccessorImpl.java:62)
	at sun.reflect.DelegatingMethodAccessorImpl.invoke(DelegatingMethodAccessorImpl.java:43)
	at java.lang.reflect.Method.invoke(Method.java:498)
	at org.junit.runners.model.FrameworkMethod$1.runReflectiveCall(FrameworkMethod.java:47)
	at org.junit.internal.runners.model.ReflectiveCallable.run(ReflectiveCallable.java:12)
	at org.junit.runners.model.FrameworkMethod.invokeExplosively(FrameworkMethod.java:44)
	at org.junit.internal.runners.statements.InvokeMethod.evaluate(InvokeMethod.java:17)
	at org.junit.internal.runners.statements.RunBefores.evaluate(RunBefores.java:26)
	at org.junit.internal.runners.statements.RunAfters.evaluate(RunAfters.java:27)
	at org.junit.runners.ParentRunner.runLeaf(ParentRunner.java:271)
	at org.junit.runners.BlockJUnit4ClassRunner.runChild(BlockJUnit4ClassRunner.java:70)
	at org.junit.runners.BlockJUnit4ClassRunner.runChild(BlockJUnit4ClassRunner.java:50)
	at org.junit.runners.ParentRunner$3.run(ParentRunner.java:238)
	at org.junit.runners.ParentRunner$1.schedule(ParentRunner.java:63)
	at org.junit.runners.ParentRunner.runChildren(ParentRunner.java:236)
	at org.junit.runners.ParentRunner.access$000(ParentRunner.java:53)
	at org.junit.runners.ParentRunner$2.evaluate(ParentRunner.java:229)
	at org.junit.runners.ParentRunner.run(ParentRunner.java:309)
	at org.apache.maven.surefire.junit4.JUnit4Provider.execute(JUnit4Provider.java:365)
	at org.apache.maven.surefire.junit4.JUnit4Provider.executeWithRerun(JUnit4Provider.java:273)
	at org.apache.maven.surefire.junit4.JUnit4Provider.executeTestSet(JUnit4Provider.java:238)
	at org.apache.maven.surefire.junit4.JUnit4Provider.invoke(JUnit4Provider.java:159)
	at org.apache.maven.surefire.booter.ForkedBooter.invokeProviderInSameClassLoader(ForkedBooter.java:384)
	at org.apache.maven.surefire.booter.ForkedBooter.runSuitesInProcess(ForkedBooter.java:345)
	at org.apache.maven.surefire.booter.ForkedBooter.execute(ForkedBooter.java:126)
	at org.apache.maven.surefire.booter.ForkedBooter.main(ForkedBooter.java:418)
]]></failure>
    <system-out><![CDATA[2020-12-29 02:32:30,087 [Listener at 127.0.0.1/41457] WARN  server.ServerUtils (ServerUtils.java:getScmDbDir(148)) - ozone.scm.db.dirs is not configured. We recommend adding this setting. Falling back to ozone.metadata.dirs instead.
2020-12-29 02:32:30,090 [Listener at 127.0.0.1/41457] WARN  server.ServerUtils (ServerUtils.java:getScmDbDir(148)) - ozone.scm.db.dirs is not configured. We recommend adding this setting. Falling back to ozone.metadata.dirs instead.
2020-12-29 02:32:30,090 [Listener at 127.0.0.1/41457] WARN  db.DBStoreBuilder (DBStoreBuilder.java:applyDBDefinition(145)) - ozone.scm.db.dirs is not configured. We recommend adding this setting. Falling back to ozone.metadata.dirs instead.
2020-12-29 02:32:30,117 [Listener at 127.0.0.1/41457] INFO  net.NodeSchemaLoader (NodeSchemaLoader.java:loadSchemaFromFile(126)) - Loading file from sun.misc.CompoundEnumeration@c3745ae
2020-12-29 02:32:30,118 [Listener at 127.0.0.1/41457] INFO  net.NodeSchemaLoader (NodeSchemaLoader.java:loadSchema(172)) - Loading network topology layer schema file
2020-12-29 02:32:30,120 [Listener at 127.0.0.1/41457] INFO  node.SCMNodeManager (SCMNodeManager.java:<init>(123)) - Entering startup safe mode.
2020-12-29 02:32:30,121 [Listener at 127.0.0.1/41457] INFO  algorithms.ContainerPlacementPolicyFactory (ContainerPlacementPolicyFactory.java:getPolicy(60)) - Create container placement policy of type org.apache.hadoop.hdds.scm.container.placement.algorithms.SCMContainerPlacementRandom
2020-12-29 02:32:30,121 [Listener at 127.0.0.1/41457] INFO  algorithms.LeaderChoosePolicyFactory (LeaderChoosePolicyFactory.java:getPolicy(57)) - Create leader choose policy of type org.apache.hadoop.hdds.scm.pipeline.leader.choose.algorithms.DefaultLeaderChoosePolicy
2020-12-29 02:32:30,121 [Listener at 127.0.0.1/41457] INFO  pipeline.SCMPipelineManager (SCMPipelineManager.java:initializePipelineState(161)) - No pipeline exists in current db
2020-12-29 02:32:30,122 [Listener at 127.0.0.1/41457] INFO  algorithms.PipelineChoosePolicyFactory (PipelineChoosePolicyFactory.java:createPipelineChoosePolicyFromClass(75)) - Create pipeline choose policy of type org.apache.hadoop.hdds.scm.pipeline.choose.algorithms.RandomPipelineChoosePolicy
2020-12-29 02:32:30,123 [Listener at 127.0.0.1/41457] INFO  safemode.HealthyPipelineSafeModeRule (HealthyPipelineSafeModeRule.java:<init>(89)) - Total pipeline count is 0, healthy pipeline threshold count is 0
2020-12-29 02:32:30,123 [Listener at 127.0.0.1/41457] INFO  safemode.OneReplicaPipelineSafeModeRule (OneReplicaPipelineSafeModeRule.java:<init>(84)) - Total pipeline count is 0, pipeline's with at least one datanode reported threshold count is 0
2020-12-29 02:32:30,127 [Listener at 127.0.0.1/41457] INFO  ipc.CallQueueManager (CallQueueManager.java:<init>(84)) - Using callQueue: class java.util.concurrent.LinkedBlockingQueue, queueCapacity: 2000, scheduler: class org.apache.hadoop.ipc.DefaultRpcScheduler, ipcBackoff: false.
2020-12-29 02:32:30,128 [Socket Reader #1 for port 0] INFO  ipc.Server (Server.java:run(1219)) - Starting Socket Reader #1 for port 0
2020-12-29 02:32:30,129 [Listener at 0.0.0.0/45887] INFO  ipc.CallQueueManager (CallQueueManager.java:<init>(84)) - Using callQueue: class java.util.concurrent.LinkedBlockingQueue, queueCapacity: 2000, scheduler: class org.apache.hadoop.ipc.DefaultRpcScheduler, ipcBackoff: false.
2020-12-29 02:32:30,129 [Socket Reader #1 for port 0] INFO  ipc.Server (Server.java:run(1219)) - Starting Socket Reader #1 for port 0
2020-12-29 02:32:30,130 [Listener at 0.0.0.0/46487] INFO  ipc.CallQueueManager (CallQueueManager.java:<init>(84)) - Using callQueue: class java.util.concurrent.LinkedBlockingQueue, queueCapacity: 2000, scheduler: class org.apache.hadoop.ipc.DefaultRpcScheduler, ipcBackoff: false.
2020-12-29 02:32:30,130 [Socket Reader #1 for port 0] INFO  ipc.Server (Server.java:run(1219)) - Starting Socket Reader #1 for port 0
2020-12-29 02:32:30,135 [Listener at 0.0.0.0/43839] INFO  http.BaseHttpServer (BaseHttpServer.java:newHttpServer2BuilderForOzone(207)) - Starting Web-server for scm at: http://0.0.0.0:0
2020-12-29 02:32:30,135 [Listener at 0.0.0.0/43839] INFO  http.BaseHttpServer (BaseHttpServer.java:<init>(106)) - Hadoop Security Enabled: false Ozone Security Enabled: false Ozone HTTP Security Enabled: false 
2020-12-29 02:32:30,137 [Listener at 0.0.0.0/43839] INFO  server.AuthenticationFilter (AuthenticationFilter.java:constructSecretProvider(240)) - Unable to initialize FileSignerSecretProvider, falling back to use random secrets.
2020-12-29 02:32:30,137 [Listener at 0.0.0.0/43839] WARN  http.HttpRequestLog (HttpRequestLog.java:getRequestLog(103)) - Jetty request log can only be enabled using Log4j
2020-12-29 02:32:30,139 [Listener at 0.0.0.0/43839] INFO  http.HttpServer2 (HttpServer2.java:addGlobalFilter(1020)) - Added global filter 'safety' (class=org.apache.hadoop.hdds.server.http.HttpServer2$QuotingInputFilter)
2020-12-29 02:32:30,140 [Listener at 0.0.0.0/43839] INFO  http.HttpServer2 (HttpServer2.java:addFilter(996)) - Added filter static_user_filter (class=org.apache.hadoop.http.lib.StaticUserWebFilter$StaticUserFilter) to context scm
2020-12-29 02:32:30,140 [Listener at 0.0.0.0/43839] INFO  http.HttpServer2 (HttpServer2.java:addFilter(1004)) - Added filter static_user_filter (class=org.apache.hadoop.http.lib.StaticUserWebFilter$StaticUserFilter) to context logs
2020-12-29 02:32:30,140 [Listener at 0.0.0.0/43839] INFO  http.HttpServer2 (HttpServer2.java:addFilter(1004)) - Added filter static_user_filter (class=org.apache.hadoop.http.lib.StaticUserWebFilter$StaticUserFilter) to context static
2020-12-29 02:32:30,142 [Listener at 0.0.0.0/43839] INFO  server.StorageContainerManager (StorageContainerManager.java:start(789)) - StorageContainerLocationProtocol RPC server is listening at /0.0.0.0:43839
2020-12-29 02:32:30,143 [Listener at 0.0.0.0/43839] WARN  impl.MetricsConfig (MetricsConfig.java:loadFirst(134)) - Cannot locate configuration: tried hadoop-metrics2-storagecontainermanager.properties,hadoop-metrics2.properties
2020-12-29 02:32:30,144 [Listener at 0.0.0.0/43839] INFO  impl.MetricsSystemImpl (MetricsSystemImpl.java:startTimer(374)) - Scheduled Metric snapshot period at 10 second(s).
2020-12-29 02:32:30,144 [Listener at 0.0.0.0/43839] INFO  impl.MetricsSystemImpl (MetricsSystemImpl.java:start(191)) - StorageContainerManager metrics system started
2020-12-29 02:32:30,151 [Listener at 0.0.0.0/43839] WARN  impl.MetricsSystemImpl (MetricsSystemImpl.java:register(276)) - Sink prometheus already exists!
2020-12-29 02:32:30,158 [Listener at 0.0.0.0/43839] INFO  server.SCMClientProtocolServer (SCMClientProtocolServer.java:start(159)) - RPC server for Client  is listening at /0.0.0.0:43839
2020-12-29 02:32:30,158 [IPC Server Responder] INFO  ipc.Server (Server.java:run(1460)) - IPC Server Responder: starting
2020-12-29 02:32:30,159 [IPC Server listener on 0] INFO  ipc.Server (Server.java:run(1298)) - IPC Server listener on 0: starting
2020-12-29 02:32:30,166 [Listener at 0.0.0.0/43839] INFO  server.StorageContainerManager (StorageContainerManager.java:start(801)) - ScmBlockLocationProtocol RPC server is listening at /0.0.0.0:46487
2020-12-29 02:32:30,166 [Listener at 0.0.0.0/43839] INFO  server.SCMBlockProtocolServer (SCMBlockProtocolServer.java:start(150)) - RPC server for Block Protocol is listening at /0.0.0.0:46487
2020-12-29 02:32:30,166 [IPC Server Responder] INFO  ipc.Server (Server.java:run(1460)) - IPC Server Responder: starting
2020-12-29 02:32:30,168 [IPC Server listener on 0] INFO  ipc.Server (Server.java:run(1298)) - IPC Server listener on 0: starting
2020-12-29 02:32:30,177 [Listener at 0.0.0.0/43839] INFO  server.StorageContainerManager (StorageContainerManager.java:start(807)) - ScmDatanodeProtocl RPC server is listening at /0.0.0.0:45887
2020-12-29 02:32:30,177 [Listener at 0.0.0.0/43839] INFO  server.SCMDatanodeProtocolServer (SCMDatanodeProtocolServer.java:start(174)) - RPC server for DataNodes is listening at /0.0.0.0:45887
2020-12-29 02:32:30,178 [IPC Server Responder] INFO  ipc.Server (Server.java:run(1460)) - IPC Server Responder: starting
2020-12-29 02:32:30,178 [IPC Server listener on 0] INFO  ipc.Server (Server.java:run(1298)) - IPC Server listener on 0: starting
2020-12-29 02:32:30,190 [Listener at 0.0.0.0/43839] INFO  http.HttpServer2 (HttpServer2.java:bindListener(1238)) - Jetty bound to port 42441
2020-12-29 02:32:30,190 [Listener at 0.0.0.0/43839] INFO  server.Server (Server.java:doStart(375)) - jetty-9.4.34.v20201102; built: 2020-11-02T14:15:39.302Z; git: e46af88704a893fc12cb0e3bf46e2c7b48a009e7; jvm 1.8.0_232-b09
2020-12-29 02:32:30,191 [Listener at 0.0.0.0/43839] INFO  server.session (DefaultSessionIdManager.java:doStart(334)) - DefaultSessionIdManager workerName=node0
2020-12-29 02:32:30,191 [Listener at 0.0.0.0/43839] INFO  server.session (DefaultSessionIdManager.java:doStart(339)) - No SessionScavenger set, using defaults
2020-12-29 02:32:30,191 [Listener at 0.0.0.0/43839] INFO  server.session (HouseKeeper.java:startScavenging(132)) - node0 Scavenging every 600000ms
2020-12-29 02:32:30,192 [Listener at 0.0.0.0/43839] INFO  handler.ContextHandler (ContextHandler.java:doStart(916)) - Started o.e.j.s.ServletContextHandler@241410c5{logs,/logs,file:///github/workspace/mnt/ozone/hadoop-ozone/integration-test/target/log,AVAILABLE}
2020-12-29 02:32:30,192 [Listener at 0.0.0.0/43839] INFO  handler.ContextHandler (ContextHandler.java:doStart(916)) - Started o.e.j.s.ServletContextHandler@6a82a388{static,/static,file:///github/workspace/mnt/ozone/hadoop-ozone/integration-test/target/test-classes/webapps/static,AVAILABLE}
2020-12-29 02:32:30,196 [Listener at 0.0.0.0/43839] INFO  handler.ContextHandler (ContextHandler.java:doStart(916)) - Started o.e.j.w.WebAppContext@194ff162{scm,/,file:///github/workspace/mnt/ozone/hadoop-ozone/integration-test/target/test-classes/webapps/scm/,AVAILABLE}{file:/github/workspace/mnt/ozone/hadoop-ozone/integration-test/target/test-classes/webapps/scm}
2020-12-29 02:32:30,200 [Listener at 0.0.0.0/43839] INFO  server.AbstractConnector (AbstractConnector.java:doStart(331)) - Started ServerConnector@64bcd98a{HTTP/1.1, (http/1.1)}{0.0.0.0:42441}
2020-12-29 02:32:30,201 [Listener at 0.0.0.0/43839] INFO  server.Server (Server.java:doStart(415)) - Started @48331ms
2020-12-29 02:32:30,201 [Listener at 0.0.0.0/43839] WARN  impl.MetricsSystemImpl (MetricsSystemImpl.java:register(276)) - Sink prometheus already exists!
2020-12-29 02:32:30,203 [Listener at 0.0.0.0/43839] INFO  http.BaseHttpServer (BaseHttpServer.java:updateConnectorAddress(327)) - HTTP server of scm listening at http://0.0.0.0:42441
2020-12-29 02:32:30,204 [Listener at 0.0.0.0/43839] WARN  server.ServerUtils (ServerUtils.java:getDBPath(225)) - ozone.om.db.dirs is not configured. We recommend adding this setting. Falling back to ozone.metadata.dirs instead.
2020-12-29 02:32:30,205 [org.apache.hadoop.util.JvmPauseMonitor$Monitor@2181e6b6] INFO  util.JvmPauseMonitor (JvmPauseMonitor.java:run(188)) - Starting JVM pause monitor
2020-12-29 02:32:30,206 [Listener at 0.0.0.0/43839] INFO  ha.OMHANodeDetails (OMHANodeDetails.java:loadOMHAConfig(104)) - ozone.om.internal.service.id is not defined, falling back to ozone.om.service.ids to find serviceID for OzoneManager if it is HA enabled cluster
2020-12-29 02:32:30,206 [Listener at 0.0.0.0/43839] INFO  ha.OMHANodeDetails (OMHANodeDetails.java:loadOMHAConfig(213)) - Configuration either no ozone.om.address set. Falling back to the default OM address /127.0.0.1:0
2020-12-29 02:32:30,206 [Listener at 0.0.0.0/43839] INFO  ha.OMHANodeDetails (OMHANodeDetails.java:getOMNodeDetails(241)) - OM Service ID is not set. Setting it to the default ID: omServiceIdDefault
2020-12-29 02:32:30,206 [Listener at 0.0.0.0/43839] WARN  server.ServerUtils (ServerUtils.java:getDBPath(225)) - ozone.om.db.dirs is not configured. We recommend adding this setting. Falling back to ozone.metadata.dirs instead.
2020-12-29 02:32:30,206 [Listener at 0.0.0.0/43839] WARN  server.ServerUtils (ServerUtils.java:getDBPath(225)) - ozone.om.db.dirs is not configured. We recommend adding this setting. Falling back to ozone.metadata.dirs instead.
2020-12-29 02:32:30,210 [Listener at 0.0.0.0/43839] WARN  server.ServerUtils (ServerUtils.java:getDBPath(225)) - ozone.om.db.dirs is not configured. We recommend adding this setting. Falling back to ozone.metadata.dirs instead.
2020-12-29 02:32:30,210 [Listener at 0.0.0.0/43839] INFO  codec.OmKeyInfoCodec (OmKeyInfoCodec.java:<init>(41)) - OmKeyInfoCodec ignorePipeline = true
2020-12-29 02:32:30,211 [Listener at 0.0.0.0/43839] INFO  codec.RepeatedOmKeyInfoCodec (RepeatedOmKeyInfoCodec.java:<init>(40)) - RepeatedOmKeyInfoCodec ignorePipeline = true
2020-12-29 02:32:30,262 [Listener at 0.0.0.0/43839] INFO  om.OzoneManager (OzoneManager.java:addS3GVolumeToDB(3753)) - Created Volume s3v With Owner jenkins1001 required for S3Gateway operations.
2020-12-29 02:32:30,263 [Listener at 0.0.0.0/43839] INFO  ipc.CallQueueManager (CallQueueManager.java:<init>(84)) - Using callQueue: class java.util.concurrent.LinkedBlockingQueue, queueCapacity: 2000, scheduler: class org.apache.hadoop.ipc.DefaultRpcScheduler, ipcBackoff: false.
2020-12-29 02:32:30,263 [Socket Reader #1 for port 0] INFO  ipc.Server (Server.java:run(1219)) - Starting Socket Reader #1 for port 0
2020-12-29 02:32:30,281 [Listener at 127.0.0.1/43157] INFO  impl.MetricsSystemImpl (MetricsSystemImpl.java:init(158)) - OzoneManager metrics system started (again)
2020-12-29 02:32:30,282 [Listener at 127.0.0.1/43157] INFO  om.OzoneManager (OzoneManager.java:start(1161)) - OzoneManager RPC server is listening at localhost/127.0.0.1:43157
2020-12-29 02:32:30,288 [Listener at 127.0.0.1/43157] INFO  http.BaseHttpServer (BaseHttpServer.java:newHttpServer2BuilderForOzone(207)) - Starting Web-server for ozoneManager at: http://0.0.0.0:0
2020-12-29 02:32:30,288 [Listener at 127.0.0.1/43157] INFO  http.BaseHttpServer (BaseHttpServer.java:<init>(106)) - Hadoop Security Enabled: false Ozone Security Enabled: false Ozone HTTP Security Enabled: false 
2020-12-29 02:32:30,291 [Listener at 127.0.0.1/43157] INFO  server.AuthenticationFilter (AuthenticationFilter.java:constructSecretProvider(240)) - Unable to initialize FileSignerSecretProvider, falling back to use random secrets.
2020-12-29 02:32:30,292 [Listener at 127.0.0.1/43157] WARN  http.HttpRequestLog (HttpRequestLog.java:getRequestLog(103)) - Jetty request log can only be enabled using Log4j
2020-12-29 02:32:30,292 [Listener at 127.0.0.1/43157] INFO  http.HttpServer2 (HttpServer2.java:addGlobalFilter(1020)) - Added global filter 'safety' (class=org.apache.hadoop.hdds.server.http.HttpServer2$QuotingInputFilter)
2020-12-29 02:32:30,293 [Listener at 127.0.0.1/43157] INFO  http.HttpServer2 (HttpServer2.java:addFilter(996)) - Added filter static_user_filter (class=org.apache.hadoop.http.lib.StaticUserWebFilter$StaticUserFilter) to context ozoneManager
2020-12-29 02:32:30,293 [Listener at 127.0.0.1/43157] INFO  http.HttpServer2 (HttpServer2.java:addFilter(1004)) - Added filter static_user_filter (class=org.apache.hadoop.http.lib.StaticUserWebFilter$StaticUserFilter) to context logs
2020-12-29 02:32:30,293 [Listener at 127.0.0.1/43157] INFO  http.HttpServer2 (HttpServer2.java:addFilter(1004)) - Added filter static_user_filter (class=org.apache.hadoop.http.lib.StaticUserWebFilter$StaticUserFilter) to context static
2020-12-29 02:32:30,294 [Listener at 127.0.0.1/43157] INFO  http.HttpServer2 (HttpServer2.java:bindListener(1238)) - Jetty bound to port 44717
2020-12-29 02:32:30,294 [Listener at 127.0.0.1/43157] INFO  server.Server (Server.java:doStart(375)) - jetty-9.4.34.v20201102; built: 2020-11-02T14:15:39.302Z; git: e46af88704a893fc12cb0e3bf46e2c7b48a009e7; jvm 1.8.0_232-b09
2020-12-29 02:32:30,296 [Listener at 127.0.0.1/43157] INFO  server.session (DefaultSessionIdManager.java:doStart(334)) - DefaultSessionIdManager workerName=node0
2020-12-29 02:32:30,296 [Listener at 127.0.0.1/43157] INFO  server.session (DefaultSessionIdManager.java:doStart(339)) - No SessionScavenger set, using defaults
2020-12-29 02:32:30,296 [Listener at 127.0.0.1/43157] INFO  server.session (HouseKeeper.java:startScavenging(132)) - node0 Scavenging every 660000ms
2020-12-29 02:32:30,297 [Listener at 127.0.0.1/43157] INFO  handler.ContextHandler (ContextHandler.java:doStart(916)) - Started o.e.j.s.ServletContextHandler@24fa43f8{logs,/logs,file:///github/workspace/mnt/ozone/hadoop-ozone/integration-test/target/log,AVAILABLE}
2020-12-29 02:32:30,298 [Listener at 127.0.0.1/43157] INFO  handler.ContextHandler (ContextHandler.java:doStart(916)) - Started o.e.j.s.ServletContextHandler@45ee48e7{static,/static,file:///github/workspace/mnt/ozone/hadoop-ozone/integration-test/target/test-classes/webapps/static,AVAILABLE}
2020-12-29 02:32:30,301 [Listener at 127.0.0.1/43157] INFO  handler.ContextHandler (ContextHandler.java:doStart(916)) - Started o.e.j.w.WebAppContext@6c4d3ccc{ozoneManager,/,file:///github/workspace/mnt/ozone/hadoop-ozone/integration-test/target/test-classes/webapps/ozoneManager/,AVAILABLE}{file:/github/workspace/mnt/ozone/hadoop-ozone/integration-test/target/test-classes/webapps/ozoneManager}
2020-12-29 02:32:30,302 [Listener at 127.0.0.1/43157] INFO  server.AbstractConnector (AbstractConnector.java:doStart(331)) - Started ServerConnector@389b2c60{HTTP/1.1, (http/1.1)}{0.0.0.0:44717}
2020-12-29 02:32:30,302 [Listener at 127.0.0.1/43157] INFO  server.Server (Server.java:doStart(415)) - Started @48432ms
2020-12-29 02:32:30,302 [Listener at 127.0.0.1/43157] WARN  impl.MetricsSystemImpl (MetricsSystemImpl.java:register(276)) - Sink prometheus already exists!
2020-12-29 02:32:30,305 [Listener at 127.0.0.1/43157] INFO  http.BaseHttpServer (BaseHttpServer.java:updateConnectorAddress(327)) - HTTP server of ozoneManager listening at http://0.0.0.0:44717
2020-12-29 02:32:30,305 [IPC Server Responder] INFO  ipc.Server (Server.java:run(1460)) - IPC Server Responder: starting
2020-12-29 02:32:30,305 [IPC Server listener on 0] INFO  ipc.Server (Server.java:run(1298)) - IPC Server listener on 0: starting
2020-12-29 02:32:30,308 [Listener at 127.0.0.1/43157] INFO  om.OzoneManager (OzoneManager.java:startTrashEmptier(1282)) - Trash Interval set to 0. Files deleted will not move to trash
2020-12-29 02:32:30,323 [Listener at 127.0.0.1/43157] INFO  impl.MetricsSystemImpl (MetricsSystemImpl.java:init(158)) - HddsDatanode metrics system started (again)
2020-12-29 02:32:30,324 [org.apache.hadoop.util.JvmPauseMonitor$Monitor@7eb0c144] INFO  util.JvmPauseMonitor (JvmPauseMonitor.java:run(188)) - Starting JVM pause monitor
2020-12-29 02:32:30,324 [Listener at 127.0.0.1/43157] INFO  ozone.HddsDatanodeService (HddsDatanodeService.java:start(217)) - HddsDatanodeService host:3099d1499688 ip:172.17.0.2
2020-12-29 02:32:30,328 [Listener at 127.0.0.1/43157] INFO  volume.HddsVolume (HddsVolume.java:<init>(176)) - Creating Volume: /github/workspace/mnt/ozone/hadoop-ozone/integration-test/target/test-dir/MiniOzoneClusterImpl-e6490a55-0da7-46e5-97f4-9b4e66d62915/datanode-0/data-0/containers/hdds of storage type : DISK and capacity : 9223372036854775807
2020-12-29 02:32:30,329 [Listener at 127.0.0.1/43157] INFO  volume.MutableVolumeSet (MutableVolumeSet.java:initializeVolumeSet(179)) - Added Volume : /github/workspace/mnt/ozone/hadoop-ozone/integration-test/target/test-dir/MiniOzoneClusterImpl-e6490a55-0da7-46e5-97f4-9b4e66d62915/datanode-0/data-0/containers/hdds to VolumeSet
2020-12-29 02:32:30,329 [Listener at 127.0.0.1/43157] INFO  volume.ThrottledAsyncChecker (ThrottledAsyncChecker.java:schedule(141)) - Scheduling a check for /github/workspace/mnt/ozone/hadoop-ozone/integration-test/target/test-dir/MiniOzoneClusterImpl-e6490a55-0da7-46e5-97f4-9b4e66d62915/datanode-0/data-0/containers/hdds
2020-12-29 02:32:30,332 [Listener at 127.0.0.1/43157] INFO  volume.HddsVolumeChecker (HddsVolumeChecker.java:checkAllVolumes(200)) - Scheduled health check for volume /github/workspace/mnt/ozone/hadoop-ozone/integration-test/target/test-dir/MiniOzoneClusterImpl-e6490a55-0da7-46e5-97f4-9b4e66d62915/datanode-0/data-0/containers/hdds
2020-12-29 02:32:30,344 [Thread-723] INFO  ozoneimpl.ContainerReader (ContainerReader.java:readVolume(123)) - Start to verify containers on volume /github/workspace/mnt/ozone/hadoop-ozone/integration-test/target/test-dir/MiniOzoneClusterImpl-e6490a55-0da7-46e5-97f4-9b4e66d62915/datanode-0/data-0/containers/hdds
2020-12-29 02:32:30,344 [Thread-723] INFO  ozoneimpl.ContainerReader (ContainerReader.java:readVolume(148)) - Finish verifying containers on volume /github/workspace/mnt/ozone/hadoop-ozone/integration-test/target/test-dir/MiniOzoneClusterImpl-e6490a55-0da7-46e5-97f4-9b4e66d62915/datanode-0/data-0/containers/hdds
2020-12-29 02:32:30,344 [Listener at 127.0.0.1/43157] INFO  ozoneimpl.OzoneContainer (OzoneContainer.java:buildContainerSet(194)) - Build ContainerSet costs 0s
2020-12-29 02:32:30,346 [Listener at 127.0.0.1/43157] INFO  server.RaftServer (ConfUtils.java:logGet(44)) - raft.rpc.type = GRPC (default)
2020-12-29 02:32:30,346 [Listener at 127.0.0.1/43157] INFO  grpc.GrpcFactory (GrpcFactory.java:checkPooledByteBufAllocatorUseCacheForAllThreads(48)) - PERFORMANCE WARNING: useCacheForAllThreads is true that may cause Netty to create a lot garbage objects and, as a result, trigger GC.
	It is recommended to disable useCacheForAllThreads by setting -Dorg.apache.ratis.thirdparty.io.netty.allocator.useCacheForAllThreads=false in command line.
2020-12-29 02:32:30,346 [Listener at 127.0.0.1/43157] INFO  grpc.GrpcConfigKeys (ConfUtils.java:logGet(44)) - raft.grpc.server.port = 0 (default)
2020-12-29 02:32:30,346 [Listener at 127.0.0.1/43157] INFO  server.GrpcService (ConfUtils.java:logGet(44)) - raft.grpc.message.size.max = 32MB (=33554432) (custom)
2020-12-29 02:32:30,346 [Listener at 127.0.0.1/43157] INFO  server.RaftServerConfigKeys (ConfUtils.java:logGet(44)) - raft.server.log.appender.buffer.byte-limit = 33554432 (custom)
2020-12-29 02:32:30,346 [Listener at 127.0.0.1/43157] INFO  server.GrpcService (ConfUtils.java:logGet(44)) - raft.grpc.flow.control.window = 5MB (=5242880) (custom)
2020-12-29 02:32:30,347 [Listener at 127.0.0.1/43157] INFO  server.RaftServerConfigKeys (ConfUtils.java:logGet(44)) - raft.server.rpc.request.timeout = 60s (custom)
2020-12-29 02:32:30,347 [Listener at 127.0.0.1/43157] INFO  impl.DataStreamServerImpl (ConfUtils.java:logGet(44)) - raft.datastream.type = DISABLED (default)
2020-12-29 02:32:30,348 [Listener at 127.0.0.1/43157] INFO  server.RaftServerConfigKeys (ConfUtils.java:logGet(44)) - raft.server.rpc.slowness.timeout = 300s (custom)
2020-12-29 02:32:30,348 [Listener at 127.0.0.1/43157] INFO  server.RaftServerConfigKeys (ConfUtils.java:logGet(44)) - raft.server.leaderelection.leader.step-down.wait-time = 10s (default)
2020-12-29 02:32:30,348 [Listener at 127.0.0.1/43157] INFO  server.RaftServerConfigKeys (ConfUtils.java:logGet(44)) - raft.server.storage.dir = [/github/workspace/mnt/ozone/hadoop-ozone/integration-test/target/test-dir/MiniOzoneClusterImpl-e6490a55-0da7-46e5-97f4-9b4e66d62915/datanode-0/data/ratis] (custom)
2020-12-29 02:32:30,362 [Listener at 127.0.0.1/43157] INFO  http.BaseHttpServer (BaseHttpServer.java:newHttpServer2BuilderForOzone(207)) - Starting Web-server for hddsDatanode at: http://0.0.0.0:0
2020-12-29 02:32:30,362 [Listener at 127.0.0.1/43157] INFO  http.BaseHttpServer (BaseHttpServer.java:<init>(106)) - Hadoop Security Enabled: false Ozone Security Enabled: false Ozone HTTP Security Enabled: false 
2020-12-29 02:32:30,363 [Listener at 127.0.0.1/43157] INFO  server.AuthenticationFilter (AuthenticationFilter.java:constructSecretProvider(240)) - Unable to initialize FileSignerSecretProvider, falling back to use random secrets.
2020-12-29 02:32:30,363 [Listener at 127.0.0.1/43157] WARN  http.HttpRequestLog (HttpRequestLog.java:getRequestLog(103)) - Jetty request log can only be enabled using Log4j
2020-12-29 02:32:30,364 [Listener at 127.0.0.1/43157] INFO  http.HttpServer2 (HttpServer2.java:addGlobalFilter(1020)) - Added global filter 'safety' (class=org.apache.hadoop.hdds.server.http.HttpServer2$QuotingInputFilter)
2020-12-29 02:32:30,364 [Listener at 127.0.0.1/43157] INFO  http.HttpServer2 (HttpServer2.java:addFilter(996)) - Added filter static_user_filter (class=org.apache.hadoop.http.lib.StaticUserWebFilter$StaticUserFilter) to context hddsDatanode
2020-12-29 02:32:30,364 [Listener at 127.0.0.1/43157] INFO  http.HttpServer2 (HttpServer2.java:addFilter(1004)) - Added filter static_user_filter (class=org.apache.hadoop.http.lib.StaticUserWebFilter$StaticUserFilter) to context logs
2020-12-29 02:32:30,364 [Listener at 127.0.0.1/43157] INFO  http.HttpServer2 (HttpServer2.java:addFilter(1004)) - Added filter static_user_filter (class=org.apache.hadoop.http.lib.StaticUserWebFilter$StaticUserFilter) to context static
2020-12-29 02:32:30,365 [Listener at 127.0.0.1/43157] INFO  http.HttpServer2 (HttpServer2.java:bindListener(1238)) - Jetty bound to port 43811
2020-12-29 02:32:30,365 [Listener at 127.0.0.1/43157] INFO  server.Server (Server.java:doStart(375)) - jetty-9.4.34.v20201102; built: 2020-11-02T14:15:39.302Z; git: e46af88704a893fc12cb0e3bf46e2c7b48a009e7; jvm 1.8.0_232-b09
2020-12-29 02:32:30,366 [Listener at 127.0.0.1/43157] INFO  server.session (DefaultSessionIdManager.java:doStart(334)) - DefaultSessionIdManager workerName=node0
2020-12-29 02:32:30,366 [Listener at 127.0.0.1/43157] INFO  server.session (DefaultSessionIdManager.java:doStart(339)) - No SessionScavenger set, using defaults
2020-12-29 02:32:30,366 [Listener at 127.0.0.1/43157] INFO  server.session (HouseKeeper.java:startScavenging(132)) - node0 Scavenging every 660000ms
2020-12-29 02:32:30,367 [Listener at 127.0.0.1/43157] INFO  handler.ContextHandler (ContextHandler.java:doStart(916)) - Started o.e.j.s.ServletContextHandler@6fcb2e2d{logs,/logs,file:///github/workspace/mnt/ozone/hadoop-ozone/integration-test/target/log,AVAILABLE}
2020-12-29 02:32:30,367 [Listener at 127.0.0.1/43157] INFO  handler.ContextHandler (ContextHandler.java:doStart(916)) - Started o.e.j.s.ServletContextHandler@1cbd2c1a{static,/static,jar:file:/home/user/.m2/repository/org/apache/hadoop/hadoop-hdds-container-service/1.1.0-SNAPSHOT/hadoop-hdds-container-service-1.1.0-SNAPSHOT.jar!/webapps/static,AVAILABLE}
2020-12-29 02:32:30,515 [Listener at 127.0.0.1/43157] INFO  handler.ContextHandler (ContextHandler.java:doStart(916)) - Started o.e.j.w.WebAppContext@3ad32e52{hddsDatanode,/,file:///tmp/jetty-0_0_0_0-43811-hadoop-hdds-container-service-1_1_0-SNAPSHOT_jar-_-any-6639687738317011307/webapp/,AVAILABLE}{jar:file:/home/user/.m2/repository/org/apache/hadoop/hadoop-hdds-container-service/1.1.0-SNAPSHOT/hadoop-hdds-container-service-1.1.0-SNAPSHOT.jar!/webapps/hddsDatanode}
2020-12-29 02:32:30,516 [Listener at 127.0.0.1/43157] INFO  server.AbstractConnector (AbstractConnector.java:doStart(331)) - Started ServerConnector@62b26bef{HTTP/1.1, (http/1.1)}{0.0.0.0:43811}
2020-12-29 02:32:30,516 [Listener at 127.0.0.1/43157] INFO  server.Server (Server.java:doStart(415)) - Started @48647ms
2020-12-29 02:32:30,516 [Listener at 127.0.0.1/43157] WARN  impl.MetricsSystemImpl (MetricsSystemImpl.java:register(276)) - Sink prometheus already exists!
2020-12-29 02:32:30,521 [Listener at 127.0.0.1/43157] INFO  http.BaseHttpServer (BaseHttpServer.java:updateConnectorAddress(327)) - HTTP server of hddsDatanode listening at http://0.0.0.0:43811
2020-12-29 02:32:30,524 [Listener at 127.0.0.1/43157] INFO  impl.MetricsSystemImpl (MetricsSystemImpl.java:init(158)) - HddsDatanode metrics system started (again)
2020-12-29 02:32:30,528 [Listener at 127.0.0.1/43157] INFO  ozone.HddsDatanodeService (HddsDatanodeService.java:start(217)) - HddsDatanodeService host:3099d1499688 ip:172.17.0.2
2020-12-29 02:32:30,528 [org.apache.hadoop.util.JvmPauseMonitor$Monitor@4d5f4c41] INFO  util.JvmPauseMonitor (JvmPauseMonitor.java:run(188)) - Starting JVM pause monitor
2020-12-29 02:32:30,530 [Datanode State Machine Task Thread - 0] INFO  datanode.InitDatanodeState (InitDatanodeState.java:persistContainerDatanodeDetails(145)) - DatanodeDetails is persisted to /github/workspace/mnt/ozone/hadoop-ozone/integration-test/target/test-dir/MiniOzoneClusterImpl-e6490a55-0da7-46e5-97f4-9b4e66d62915/datanode-0/meta/datanode.id
2020-12-29 02:32:30,530 [Listener at 127.0.0.1/43157] INFO  volume.HddsVolume (HddsVolume.java:<init>(176)) - Creating Volume: /github/workspace/mnt/ozone/hadoop-ozone/integration-test/target/test-dir/MiniOzoneClusterImpl-e6490a55-0da7-46e5-97f4-9b4e66d62915/datanode-1/data-0/containers/hdds of storage type : DISK and capacity : 9223372036854775807
2020-12-29 02:32:30,531 [Listener at 127.0.0.1/43157] INFO  volume.MutableVolumeSet (MutableVolumeSet.java:initializeVolumeSet(179)) - Added Volume : /github/workspace/mnt/ozone/hadoop-ozone/integration-test/target/test-dir/MiniOzoneClusterImpl-e6490a55-0da7-46e5-97f4-9b4e66d62915/datanode-1/data-0/containers/hdds to VolumeSet
2020-12-29 02:32:30,531 [Listener at 127.0.0.1/43157] INFO  volume.ThrottledAsyncChecker (ThrottledAsyncChecker.java:schedule(141)) - Scheduling a check for /github/workspace/mnt/ozone/hadoop-ozone/integration-test/target/test-dir/MiniOzoneClusterImpl-e6490a55-0da7-46e5-97f4-9b4e66d62915/datanode-1/data-0/containers/hdds
2020-12-29 02:32:30,531 [Listener at 127.0.0.1/43157] INFO  volume.HddsVolumeChecker (HddsVolumeChecker.java:checkAllVolumes(200)) - Scheduled health check for volume /github/workspace/mnt/ozone/hadoop-ozone/integration-test/target/test-dir/MiniOzoneClusterImpl-e6490a55-0da7-46e5-97f4-9b4e66d62915/datanode-1/data-0/containers/hdds
2020-12-29 02:32:30,545 [Thread-734] INFO  ozoneimpl.ContainerReader (ContainerReader.java:readVolume(123)) - Start to verify containers on volume /github/workspace/mnt/ozone/hadoop-ozone/integration-test/target/test-dir/MiniOzoneClusterImpl-e6490a55-0da7-46e5-97f4-9b4e66d62915/datanode-1/data-0/containers/hdds
2020-12-29 02:32:30,545 [Thread-734] INFO  ozoneimpl.ContainerReader (ContainerReader.java:readVolume(148)) - Finish verifying containers on volume /github/workspace/mnt/ozone/hadoop-ozone/integration-test/target/test-dir/MiniOzoneClusterImpl-e6490a55-0da7-46e5-97f4-9b4e66d62915/datanode-1/data-0/containers/hdds
2020-12-29 02:32:30,545 [Listener at 127.0.0.1/43157] INFO  ozoneimpl.OzoneContainer (OzoneContainer.java:buildContainerSet(194)) - Build ContainerSet costs 0s
2020-12-29 02:32:30,547 [Listener at 127.0.0.1/43157] INFO  server.RaftServer (ConfUtils.java:logGet(44)) - raft.rpc.type = GRPC (default)
2020-12-29 02:32:30,547 [Listener at 127.0.0.1/43157] INFO  grpc.GrpcFactory (GrpcFactory.java:checkPooledByteBufAllocatorUseCacheForAllThreads(48)) - PERFORMANCE WARNING: useCacheForAllThreads is true that may cause Netty to create a lot garbage objects and, as a result, trigger GC.
	It is recommended to disable useCacheForAllThreads by setting -Dorg.apache.ratis.thirdparty.io.netty.allocator.useCacheForAllThreads=false in command line.
2020-12-29 02:32:30,547 [Listener at 127.0.0.1/43157] INFO  grpc.GrpcConfigKeys (ConfUtils.java:logGet(44)) - raft.grpc.server.port = 0 (default)
2020-12-29 02:32:30,547 [Listener at 127.0.0.1/43157] INFO  server.GrpcService (ConfUtils.java:logGet(44)) - raft.grpc.message.size.max = 32MB (=33554432) (custom)
2020-12-29 02:32:30,547 [Listener at 127.0.0.1/43157] INFO  server.RaftServerConfigKeys (ConfUtils.java:logGet(44)) - raft.server.log.appender.buffer.byte-limit = 33554432 (custom)
2020-12-29 02:32:30,548 [Listener at 127.0.0.1/43157] INFO  server.GrpcService (ConfUtils.java:logGet(44)) - raft.grpc.flow.control.window = 5MB (=5242880) (custom)
2020-12-29 02:32:30,548 [Listener at 127.0.0.1/43157] INFO  server.RaftServerConfigKeys (ConfUtils.java:logGet(44)) - raft.server.rpc.request.timeout = 60s (custom)
2020-12-29 02:32:30,550 [Listener at 127.0.0.1/43157] INFO  impl.DataStreamServerImpl (ConfUtils.java:logGet(44)) - raft.datastream.type = DISABLED (default)
2020-12-29 02:32:30,550 [Listener at 127.0.0.1/43157] INFO  server.RaftServerConfigKeys (ConfUtils.java:logGet(44)) - raft.server.rpc.slowness.timeout = 300s (custom)
2020-12-29 02:32:30,550 [Listener at 127.0.0.1/43157] INFO  server.RaftServerConfigKeys (ConfUtils.java:logGet(44)) - raft.server.leaderelection.leader.step-down.wait-time = 10s (default)
2020-12-29 02:32:30,550 [Listener at 127.0.0.1/43157] INFO  server.RaftServerConfigKeys (ConfUtils.java:logGet(44)) - raft.server.storage.dir = [/github/workspace/mnt/ozone/hadoop-ozone/integration-test/target/test-dir/MiniOzoneClusterImpl-e6490a55-0da7-46e5-97f4-9b4e66d62915/datanode-1/data/ratis] (custom)
2020-12-29 02:32:30,554 [Listener at 127.0.0.1/43157] INFO  http.BaseHttpServer (BaseHttpServer.java:newHttpServer2BuilderForOzone(207)) - Starting Web-server for hddsDatanode at: http://0.0.0.0:0
2020-12-29 02:32:30,554 [Listener at 127.0.0.1/43157] INFO  http.BaseHttpServer (BaseHttpServer.java:<init>(106)) - Hadoop Security Enabled: false Ozone Security Enabled: false Ozone HTTP Security Enabled: false 
2020-12-29 02:32:30,555 [Listener at 127.0.0.1/43157] INFO  server.AuthenticationFilter (AuthenticationFilter.java:constructSecretProvider(240)) - Unable to initialize FileSignerSecretProvider, falling back to use random secrets.
2020-12-29 02:32:30,556 [Listener at 127.0.0.1/43157] WARN  http.HttpRequestLog (HttpRequestLog.java:getRequestLog(103)) - Jetty request log can only be enabled using Log4j
2020-12-29 02:32:30,556 [Listener at 127.0.0.1/43157] INFO  http.HttpServer2 (HttpServer2.java:addGlobalFilter(1020)) - Added global filter 'safety' (class=org.apache.hadoop.hdds.server.http.HttpServer2$QuotingInputFilter)
2020-12-29 02:32:30,557 [Listener at 127.0.0.1/43157] INFO  http.HttpServer2 (HttpServer2.java:addFilter(996)) - Added filter static_user_filter (class=org.apache.hadoop.http.lib.StaticUserWebFilter$StaticUserFilter) to context hddsDatanode
2020-12-29 02:32:30,557 [Listener at 127.0.0.1/43157] INFO  http.HttpServer2 (HttpServer2.java:addFilter(1004)) - Added filter static_user_filter (class=org.apache.hadoop.http.lib.StaticUserWebFilter$StaticUserFilter) to context static
2020-12-29 02:32:30,557 [Listener at 127.0.0.1/43157] INFO  http.HttpServer2 (HttpServer2.java:addFilter(1004)) - Added filter static_user_filter (class=org.apache.hadoop.http.lib.StaticUserWebFilter$StaticUserFilter) to context logs
2020-12-29 02:32:30,558 [Listener at 127.0.0.1/43157] INFO  http.HttpServer2 (HttpServer2.java:bindListener(1238)) - Jetty bound to port 41331
2020-12-29 02:32:30,558 [Listener at 127.0.0.1/43157] INFO  server.Server (Server.java:doStart(375)) - jetty-9.4.34.v20201102; built: 2020-11-02T14:15:39.302Z; git: e46af88704a893fc12cb0e3bf46e2c7b48a009e7; jvm 1.8.0_232-b09
2020-12-29 02:32:30,559 [Listener at 127.0.0.1/43157] INFO  server.session (DefaultSessionIdManager.java:doStart(334)) - DefaultSessionIdManager workerName=node0
2020-12-29 02:32:30,559 [Listener at 127.0.0.1/43157] INFO  server.session (DefaultSessionIdManager.java:doStart(339)) - No SessionScavenger set, using defaults
2020-12-29 02:32:30,559 [Listener at 127.0.0.1/43157] INFO  server.session (HouseKeeper.java:startScavenging(132)) - node0 Scavenging every 600000ms
2020-12-29 02:32:30,560 [Listener at 127.0.0.1/43157] INFO  handler.ContextHandler (ContextHandler.java:doStart(916)) - Started o.e.j.s.ServletContextHandler@3c7ac542{logs,/logs,file:///github/workspace/mnt/ozone/hadoop-ozone/integration-test/target/log,AVAILABLE}
2020-12-29 02:32:30,560 [Listener at 127.0.0.1/43157] INFO  handler.ContextHandler (ContextHandler.java:doStart(916)) - Started o.e.j.s.ServletContextHandler@50242325{static,/static,jar:file:/home/user/.m2/repository/org/apache/hadoop/hadoop-hdds-container-service/1.1.0-SNAPSHOT/hadoop-hdds-container-service-1.1.0-SNAPSHOT.jar!/webapps/static,AVAILABLE}
2020-12-29 02:32:30,702 [Listener at 127.0.0.1/43157] INFO  handler.ContextHandler (ContextHandler.java:doStart(916)) - Started o.e.j.w.WebAppContext@69a245d6{hddsDatanode,/,file:///tmp/jetty-0_0_0_0-41331-hadoop-hdds-container-service-1_1_0-SNAPSHOT_jar-_-any-6294478574339243445/webapp/,AVAILABLE}{jar:file:/home/user/.m2/repository/org/apache/hadoop/hadoop-hdds-container-service/1.1.0-SNAPSHOT/hadoop-hdds-container-service-1.1.0-SNAPSHOT.jar!/webapps/hddsDatanode}
2020-12-29 02:32:30,704 [Listener at 127.0.0.1/43157] INFO  server.AbstractConnector (AbstractConnector.java:doStart(331)) - Started ServerConnector@64d11323{HTTP/1.1, (http/1.1)}{0.0.0.0:41331}
2020-12-29 02:32:30,705 [Listener at 127.0.0.1/43157] INFO  server.Server (Server.java:doStart(415)) - Started @48835ms
2020-12-29 02:32:30,705 [Listener at 127.0.0.1/43157] WARN  impl.MetricsSystemImpl (MetricsSystemImpl.java:register(276)) - Sink prometheus already exists!
2020-12-29 02:32:30,707 [Listener at 127.0.0.1/43157] INFO  http.BaseHttpServer (BaseHttpServer.java:updateConnectorAddress(327)) - HTTP server of hddsDatanode listening at http://0.0.0.0:41331
2020-12-29 02:32:30,708 [Listener at 127.0.0.1/43157] INFO  impl.MetricsSystemImpl (MetricsSystemImpl.java:init(158)) - HddsDatanode metrics system started (again)
2020-12-29 02:32:30,709 [Listener at 127.0.0.1/43157] INFO  ozone.HddsDatanodeService (HddsDatanodeService.java:start(217)) - HddsDatanodeService host:3099d1499688 ip:172.17.0.2
2020-12-29 02:32:30,710 [Listener at 127.0.0.1/43157] INFO  volume.HddsVolume (HddsVolume.java:<init>(176)) - Creating Volume: /github/workspace/mnt/ozone/hadoop-ozone/integration-test/target/test-dir/MiniOzoneClusterImpl-e6490a55-0da7-46e5-97f4-9b4e66d62915/datanode-2/data-0/containers/hdds of storage type : DISK and capacity : 9223372036854775807
2020-12-29 02:32:30,711 [Listener at 127.0.0.1/43157] INFO  volume.MutableVolumeSet (MutableVolumeSet.java:initializeVolumeSet(179)) - Added Volume : /github/workspace/mnt/ozone/hadoop-ozone/integration-test/target/test-dir/MiniOzoneClusterImpl-e6490a55-0da7-46e5-97f4-9b4e66d62915/datanode-2/data-0/containers/hdds to VolumeSet
2020-12-29 02:32:30,711 [Listener at 127.0.0.1/43157] INFO  volume.ThrottledAsyncChecker (ThrottledAsyncChecker.java:schedule(141)) - Scheduling a check for /github/workspace/mnt/ozone/hadoop-ozone/integration-test/target/test-dir/MiniOzoneClusterImpl-e6490a55-0da7-46e5-97f4-9b4e66d62915/datanode-2/data-0/containers/hdds
2020-12-29 02:32:30,712 [Listener at 127.0.0.1/43157] INFO  volume.HddsVolumeChecker (HddsVolumeChecker.java:checkAllVolumes(200)) - Scheduled health check for volume /github/workspace/mnt/ozone/hadoop-ozone/integration-test/target/test-dir/MiniOzoneClusterImpl-e6490a55-0da7-46e5-97f4-9b4e66d62915/datanode-2/data-0/containers/hdds
2020-12-29 02:32:30,728 [Thread-745] INFO  ozoneimpl.ContainerReader (ContainerReader.java:readVolume(123)) - Start to verify containers on volume /github/workspace/mnt/ozone/hadoop-ozone/integration-test/target/test-dir/MiniOzoneClusterImpl-e6490a55-0da7-46e5-97f4-9b4e66d62915/datanode-2/data-0/containers/hdds
2020-12-29 02:32:30,728 [Thread-745] INFO  ozoneimpl.ContainerReader (ContainerReader.java:readVolume(148)) - Finish verifying containers on volume /github/workspace/mnt/ozone/hadoop-ozone/integration-test/target/test-dir/MiniOzoneClusterImpl-e6490a55-0da7-46e5-97f4-9b4e66d62915/datanode-2/data-0/containers/hdds
2020-12-29 02:32:30,728 [Listener at 127.0.0.1/43157] INFO  ozoneimpl.OzoneContainer (OzoneContainer.java:buildContainerSet(194)) - Build ContainerSet costs 0s
2020-12-29 02:32:30,729 [org.apache.hadoop.util.JvmPauseMonitor$Monitor@36300113] INFO  util.JvmPauseMonitor (JvmPauseMonitor.java:run(188)) - Starting JVM pause monitor
2020-12-29 02:32:30,733 [Listener at 127.0.0.1/43157] INFO  server.RaftServer (ConfUtils.java:logGet(44)) - raft.rpc.type = GRPC (default)
2020-12-29 02:32:30,734 [Listener at 127.0.0.1/43157] INFO  grpc.GrpcFactory (GrpcFactory.java:checkPooledByteBufAllocatorUseCacheForAllThreads(48)) - PERFORMANCE WARNING: useCacheForAllThreads is true that may cause Netty to create a lot garbage objects and, as a result, trigger GC.
	It is recommended to disable useCacheForAllThreads by setting -Dorg.apache.ratis.thirdparty.io.netty.allocator.useCacheForAllThreads=false in command line.
2020-12-29 02:32:30,734 [Listener at 127.0.0.1/43157] INFO  grpc.GrpcConfigKeys (ConfUtils.java:logGet(44)) - raft.grpc.server.port = 0 (default)
2020-12-29 02:32:30,734 [Listener at 127.0.0.1/43157] INFO  server.GrpcService (ConfUtils.java:logGet(44)) - raft.grpc.message.size.max = 32MB (=33554432) (custom)
2020-12-29 02:32:30,734 [Listener at 127.0.0.1/43157] INFO  server.RaftServerConfigKeys (ConfUtils.java:logGet(44)) - raft.server.log.appender.buffer.byte-limit = 33554432 (custom)
2020-12-29 02:32:30,734 [Listener at 127.0.0.1/43157] INFO  server.GrpcService (ConfUtils.java:logGet(44)) - raft.grpc.flow.control.window = 5MB (=5242880) (custom)
2020-12-29 02:32:30,734 [Datanode State Machine Task Thread - 0] INFO  datanode.InitDatanodeState (InitDatanodeState.java:persistContainerDatanodeDetails(145)) - DatanodeDetails is persisted to /github/workspace/mnt/ozone/hadoop-ozone/integration-test/target/test-dir/MiniOzoneClusterImpl-e6490a55-0da7-46e5-97f4-9b4e66d62915/datanode-1/meta/datanode.id
2020-12-29 02:32:30,735 [Listener at 127.0.0.1/43157] INFO  server.RaftServerConfigKeys (ConfUtils.java:logGet(44)) - raft.server.rpc.request.timeout = 60s (custom)
2020-12-29 02:32:30,736 [Listener at 127.0.0.1/43157] INFO  impl.DataStreamServerImpl (ConfUtils.java:logGet(44)) - raft.datastream.type = DISABLED (default)
2020-12-29 02:32:30,736 [Listener at 127.0.0.1/43157] INFO  server.RaftServerConfigKeys (ConfUtils.java:logGet(44)) - raft.server.rpc.slowness.timeout = 300s (custom)
2020-12-29 02:32:30,736 [Listener at 127.0.0.1/43157] INFO  server.RaftServerConfigKeys (ConfUtils.java:logGet(44)) - raft.server.leaderelection.leader.step-down.wait-time = 10s (default)
2020-12-29 02:32:30,736 [Listener at 127.0.0.1/43157] INFO  server.RaftServerConfigKeys (ConfUtils.java:logGet(44)) - raft.server.storage.dir = [/github/workspace/mnt/ozone/hadoop-ozone/integration-test/target/test-dir/MiniOzoneClusterImpl-e6490a55-0da7-46e5-97f4-9b4e66d62915/datanode-2/data/ratis] (custom)
2020-12-29 02:32:30,745 [Listener at 127.0.0.1/43157] INFO  http.BaseHttpServer (BaseHttpServer.java:newHttpServer2BuilderForOzone(207)) - Starting Web-server for hddsDatanode at: http://0.0.0.0:0
2020-12-29 02:32:30,745 [Listener at 127.0.0.1/43157] INFO  http.BaseHttpServer (BaseHttpServer.java:<init>(106)) - Hadoop Security Enabled: false Ozone Security Enabled: false Ozone HTTP Security Enabled: false 
2020-12-29 02:32:30,746 [Listener at 127.0.0.1/43157] INFO  server.AuthenticationFilter (AuthenticationFilter.java:constructSecretProvider(240)) - Unable to initialize FileSignerSecretProvider, falling back to use random secrets.
2020-12-29 02:32:30,746 [Listener at 127.0.0.1/43157] WARN  http.HttpRequestLog (HttpRequestLog.java:getRequestLog(103)) - Jetty request log can only be enabled using Log4j
2020-12-29 02:32:30,746 [Listener at 127.0.0.1/43157] INFO  http.HttpServer2 (HttpServer2.java:addGlobalFilter(1020)) - Added global filter 'safety' (class=org.apache.hadoop.hdds.server.http.HttpServer2$QuotingInputFilter)
2020-12-29 02:32:30,747 [Listener at 127.0.0.1/43157] INFO  http.HttpServer2 (HttpServer2.java:addFilter(996)) - Added filter static_user_filter (class=org.apache.hadoop.http.lib.StaticUserWebFilter$StaticUserFilter) to context hddsDatanode
2020-12-29 02:32:30,747 [Listener at 127.0.0.1/43157] INFO  http.HttpServer2 (HttpServer2.java:addFilter(1004)) - Added filter static_user_filter (class=org.apache.hadoop.http.lib.StaticUserWebFilter$StaticUserFilter) to context logs
2020-12-29 02:32:30,747 [Listener at 127.0.0.1/43157] INFO  http.HttpServer2 (HttpServer2.java:addFilter(1004)) - Added filter static_user_filter (class=org.apache.hadoop.http.lib.StaticUserWebFilter$StaticUserFilter) to context static
2020-12-29 02:32:30,748 [Listener at 127.0.0.1/43157] INFO  http.HttpServer2 (HttpServer2.java:bindListener(1238)) - Jetty bound to port 43711
2020-12-29 02:32:30,748 [Listener at 127.0.0.1/43157] INFO  server.Server (Server.java:doStart(375)) - jetty-9.4.34.v20201102; built: 2020-11-02T14:15:39.302Z; git: e46af88704a893fc12cb0e3bf46e2c7b48a009e7; jvm 1.8.0_232-b09
2020-12-29 02:32:30,750 [Listener at 127.0.0.1/43157] INFO  server.session (DefaultSessionIdManager.java:doStart(334)) - DefaultSessionIdManager workerName=node0
2020-12-29 02:32:30,751 [Listener at 127.0.0.1/43157] INFO  server.session (DefaultSessionIdManager.java:doStart(339)) - No SessionScavenger set, using defaults
2020-12-29 02:32:30,751 [Listener at 127.0.0.1/43157] INFO  server.session (HouseKeeper.java:startScavenging(132)) - node0 Scavenging every 600000ms
2020-12-29 02:32:30,751 [Listener at 127.0.0.1/43157] INFO  handler.ContextHandler (ContextHandler.java:doStart(916)) - Started o.e.j.s.ServletContextHandler@682a00f8{logs,/logs,file:///github/workspace/mnt/ozone/hadoop-ozone/integration-test/target/log,AVAILABLE}
2020-12-29 02:32:30,752 [Listener at 127.0.0.1/43157] INFO  handler.ContextHandler (ContextHandler.java:doStart(916)) - Started o.e.j.s.ServletContextHandler@59463bab{static,/static,jar:file:/home/user/.m2/repository/org/apache/hadoop/hadoop-hdds-container-service/1.1.0-SNAPSHOT/hadoop-hdds-container-service-1.1.0-SNAPSHOT.jar!/webapps/static,AVAILABLE}
2020-12-29 02:32:30,889 [Listener at 127.0.0.1/43157] INFO  handler.ContextHandler (ContextHandler.java:doStart(916)) - Started o.e.j.w.WebAppContext@4c775b94{hddsDatanode,/,file:///tmp/jetty-0_0_0_0-43711-hadoop-hdds-container-service-1_1_0-SNAPSHOT_jar-_-any-4043801907918813305/webapp/,AVAILABLE}{jar:file:/home/user/.m2/repository/org/apache/hadoop/hadoop-hdds-container-service/1.1.0-SNAPSHOT/hadoop-hdds-container-service-1.1.0-SNAPSHOT.jar!/webapps/hddsDatanode}
2020-12-29 02:32:30,890 [Listener at 127.0.0.1/43157] INFO  server.AbstractConnector (AbstractConnector.java:doStart(331)) - Started ServerConnector@69bb8812{HTTP/1.1, (http/1.1)}{0.0.0.0:43711}
2020-12-29 02:32:30,890 [Listener at 127.0.0.1/43157] INFO  server.Server (Server.java:doStart(415)) - Started @49020ms
2020-12-29 02:32:30,890 [Listener at 127.0.0.1/43157] WARN  impl.MetricsSystemImpl (MetricsSystemImpl.java:register(276)) - Sink prometheus already exists!
2020-12-29 02:32:30,893 [Listener at 127.0.0.1/43157] INFO  http.BaseHttpServer (BaseHttpServer.java:updateConnectorAddress(327)) - HTTP server of hddsDatanode listening at http://0.0.0.0:43711
2020-12-29 02:32:30,893 [Listener at 127.0.0.1/43157] INFO  impl.MetricsSystemImpl (MetricsSystemImpl.java:init(158)) - HddsDatanode metrics system started (again)
2020-12-29 02:32:30,894 [Listener at 127.0.0.1/43157] INFO  ozone.HddsDatanodeService (HddsDatanodeService.java:start(217)) - HddsDatanodeService host:3099d1499688 ip:172.17.0.2
2020-12-29 02:32:30,896 [Listener at 127.0.0.1/43157] INFO  volume.HddsVolume (HddsVolume.java:<init>(176)) - Creating Volume: /github/workspace/mnt/ozone/hadoop-ozone/integration-test/target/test-dir/MiniOzoneClusterImpl-e6490a55-0da7-46e5-97f4-9b4e66d62915/datanode-3/data-0/containers/hdds of storage type : DISK and capacity : 9223372036854775807
2020-12-29 02:32:30,896 [Listener at 127.0.0.1/43157] INFO  volume.MutableVolumeSet (MutableVolumeSet.java:initializeVolumeSet(179)) - Added Volume : /github/workspace/mnt/ozone/hadoop-ozone/integration-test/target/test-dir/MiniOzoneClusterImpl-e6490a55-0da7-46e5-97f4-9b4e66d62915/datanode-3/data-0/containers/hdds to VolumeSet
2020-12-29 02:32:30,896 [Listener at 127.0.0.1/43157] INFO  volume.ThrottledAsyncChecker (ThrottledAsyncChecker.java:schedule(141)) - Scheduling a check for /github/workspace/mnt/ozone/hadoop-ozone/integration-test/target/test-dir/MiniOzoneClusterImpl-e6490a55-0da7-46e5-97f4-9b4e66d62915/datanode-3/data-0/containers/hdds
2020-12-29 02:32:30,900 [Listener at 127.0.0.1/43157] INFO  volume.HddsVolumeChecker (HddsVolumeChecker.java:checkAllVolumes(200)) - Scheduled health check for volume /github/workspace/mnt/ozone/hadoop-ozone/integration-test/target/test-dir/MiniOzoneClusterImpl-e6490a55-0da7-46e5-97f4-9b4e66d62915/datanode-3/data-0/containers/hdds
2020-12-29 02:32:30,922 [Datanode State Machine Task Thread - 0] INFO  datanode.InitDatanodeState (InitDatanodeState.java:persistContainerDatanodeDetails(145)) - DatanodeDetails is persisted to /github/workspace/mnt/ozone/hadoop-ozone/integration-test/target/test-dir/MiniOzoneClusterImpl-e6490a55-0da7-46e5-97f4-9b4e66d62915/datanode-2/meta/datanode.id
2020-12-29 02:32:30,922 [org.apache.hadoop.util.JvmPauseMonitor$Monitor@ef5f6c7] INFO  util.JvmPauseMonitor (JvmPauseMonitor.java:run(188)) - Starting JVM pause monitor
2020-12-29 02:32:30,922 [Thread-754] INFO  ozoneimpl.ContainerReader (ContainerReader.java:readVolume(123)) - Start to verify containers on volume /github/workspace/mnt/ozone/hadoop-ozone/integration-test/target/test-dir/MiniOzoneClusterImpl-e6490a55-0da7-46e5-97f4-9b4e66d62915/datanode-3/data-0/containers/hdds
2020-12-29 02:32:30,922 [Thread-754] INFO  ozoneimpl.ContainerReader (ContainerReader.java:readVolume(148)) - Finish verifying containers on volume /github/workspace/mnt/ozone/hadoop-ozone/integration-test/target/test-dir/MiniOzoneClusterImpl-e6490a55-0da7-46e5-97f4-9b4e66d62915/datanode-3/data-0/containers/hdds
2020-12-29 02:32:30,922 [Listener at 127.0.0.1/43157] INFO  ozoneimpl.OzoneContainer (OzoneContainer.java:buildContainerSet(194)) - Build ContainerSet costs 0s
2020-12-29 02:32:30,924 [Listener at 127.0.0.1/43157] INFO  server.RaftServer (ConfUtils.java:logGet(44)) - raft.rpc.type = GRPC (default)
2020-12-29 02:32:30,924 [Listener at 127.0.0.1/43157] INFO  grpc.GrpcFactory (GrpcFactory.java:checkPooledByteBufAllocatorUseCacheForAllThreads(48)) - PERFORMANCE WARNING: useCacheForAllThreads is true that may cause Netty to create a lot garbage objects and, as a result, trigger GC.
	It is recommended to disable useCacheForAllThreads by setting -Dorg.apache.ratis.thirdparty.io.netty.allocator.useCacheForAllThreads=false in command line.
2020-12-29 02:32:30,925 [Listener at 127.0.0.1/43157] INFO  grpc.GrpcConfigKeys (ConfUtils.java:logGet(44)) - raft.grpc.server.port = 0 (default)
2020-12-29 02:32:30,925 [Listener at 127.0.0.1/43157] INFO  server.GrpcService (ConfUtils.java:logGet(44)) - raft.grpc.message.size.max = 32MB (=33554432) (custom)
2020-12-29 02:32:30,925 [Listener at 127.0.0.1/43157] INFO  server.RaftServerConfigKeys (ConfUtils.java:logGet(44)) - raft.server.log.appender.buffer.byte-limit = 33554432 (custom)
2020-12-29 02:32:30,925 [Listener at 127.0.0.1/43157] INFO  server.GrpcService (ConfUtils.java:logGet(44)) - raft.grpc.flow.control.window = 5MB (=5242880) (custom)
2020-12-29 02:32:30,925 [Listener at 127.0.0.1/43157] INFO  server.RaftServerConfigKeys (ConfUtils.java:logGet(44)) - raft.server.rpc.request.timeout = 60s (custom)
2020-12-29 02:32:30,926 [Listener at 127.0.0.1/43157] INFO  impl.DataStreamServerImpl (ConfUtils.java:logGet(44)) - raft.datastream.type = DISABLED (default)
2020-12-29 02:32:30,926 [Listener at 127.0.0.1/43157] INFO  server.RaftServerConfigKeys (ConfUtils.java:logGet(44)) - raft.server.rpc.slowness.timeout = 300s (custom)
2020-12-29 02:32:30,926 [Listener at 127.0.0.1/43157] INFO  server.RaftServerConfigKeys (ConfUtils.java:logGet(44)) - raft.server.leaderelection.leader.step-down.wait-time = 10s (default)
2020-12-29 02:32:30,926 [Listener at 127.0.0.1/43157] INFO  server.RaftServerConfigKeys (ConfUtils.java:logGet(44)) - raft.server.storage.dir = [/github/workspace/mnt/ozone/hadoop-ozone/integration-test/target/test-dir/MiniOzoneClusterImpl-e6490a55-0da7-46e5-97f4-9b4e66d62915/datanode-3/data/ratis] (custom)
2020-12-29 02:32:30,930 [Listener at 127.0.0.1/43157] INFO  http.BaseHttpServer (BaseHttpServer.java:newHttpServer2BuilderForOzone(207)) - Starting Web-server for hddsDatanode at: http://0.0.0.0:0
2020-12-29 02:32:30,930 [Listener at 127.0.0.1/43157] INFO  http.BaseHttpServer (BaseHttpServer.java:<init>(106)) - Hadoop Security Enabled: false Ozone Security Enabled: false Ozone HTTP Security Enabled: false 
2020-12-29 02:32:30,931 [Listener at 127.0.0.1/43157] INFO  server.AuthenticationFilter (AuthenticationFilter.java:constructSecretProvider(240)) - Unable to initialize FileSignerSecretProvider, falling back to use random secrets.
2020-12-29 02:32:30,931 [Listener at 127.0.0.1/43157] WARN  http.HttpRequestLog (HttpRequestLog.java:getRequestLog(103)) - Jetty request log can only be enabled using Log4j
2020-12-29 02:32:30,932 [Listener at 127.0.0.1/43157] INFO  http.HttpServer2 (HttpServer2.java:addGlobalFilter(1020)) - Added global filter 'safety' (class=org.apache.hadoop.hdds.server.http.HttpServer2$QuotingInputFilter)
2020-12-29 02:32:30,932 [Listener at 127.0.0.1/43157] INFO  http.HttpServer2 (HttpServer2.java:addFilter(996)) - Added filter static_user_filter (class=org.apache.hadoop.http.lib.StaticUserWebFilter$StaticUserFilter) to context hddsDatanode
2020-12-29 02:32:30,932 [Listener at 127.0.0.1/43157] INFO  http.HttpServer2 (HttpServer2.java:addFilter(1004)) - Added filter static_user_filter (class=org.apache.hadoop.http.lib.StaticUserWebFilter$StaticUserFilter) to context logs
2020-12-29 02:32:30,932 [Listener at 127.0.0.1/43157] INFO  http.HttpServer2 (HttpServer2.java:addFilter(1004)) - Added filter static_user_filter (class=org.apache.hadoop.http.lib.StaticUserWebFilter$StaticUserFilter) to context static
2020-12-29 02:32:30,933 [Listener at 127.0.0.1/43157] INFO  http.HttpServer2 (HttpServer2.java:bindListener(1238)) - Jetty bound to port 38417
2020-12-29 02:32:30,933 [Listener at 127.0.0.1/43157] INFO  server.Server (Server.java:doStart(375)) - jetty-9.4.34.v20201102; built: 2020-11-02T14:15:39.302Z; git: e46af88704a893fc12cb0e3bf46e2c7b48a009e7; jvm 1.8.0_232-b09
2020-12-29 02:32:30,934 [Listener at 127.0.0.1/43157] INFO  server.session (DefaultSessionIdManager.java:doStart(334)) - DefaultSessionIdManager workerName=node0
2020-12-29 02:32:30,934 [Listener at 127.0.0.1/43157] INFO  server.session (DefaultSessionIdManager.java:doStart(339)) - No SessionScavenger set, using defaults
2020-12-29 02:32:30,935 [Listener at 127.0.0.1/43157] INFO  server.session (HouseKeeper.java:startScavenging(132)) - node0 Scavenging every 600000ms
2020-12-29 02:32:30,935 [Listener at 127.0.0.1/43157] INFO  handler.ContextHandler (ContextHandler.java:doStart(916)) - Started o.e.j.s.ServletContextHandler@2d3f6e6{logs,/logs,file:///github/workspace/mnt/ozone/hadoop-ozone/integration-test/target/log,AVAILABLE}
2020-12-29 02:32:30,936 [Listener at 127.0.0.1/43157] INFO  handler.ContextHandler (ContextHandler.java:doStart(916)) - Started o.e.j.s.ServletContextHandler@30d016c9{static,/static,jar:file:/home/user/.m2/repository/org/apache/hadoop/hadoop-hdds-container-service/1.1.0-SNAPSHOT/hadoop-hdds-container-service-1.1.0-SNAPSHOT.jar!/webapps/static,AVAILABLE}
2020-12-29 02:32:31,078 [Listener at 127.0.0.1/43157] INFO  handler.ContextHandler (ContextHandler.java:doStart(916)) - Started o.e.j.w.WebAppContext@3dc86e03{hddsDatanode,/,file:///tmp/jetty-0_0_0_0-38417-hadoop-hdds-container-service-1_1_0-SNAPSHOT_jar-_-any-3474774923825085227/webapp/,AVAILABLE}{jar:file:/home/user/.m2/repository/org/apache/hadoop/hadoop-hdds-container-service/1.1.0-SNAPSHOT/hadoop-hdds-container-service-1.1.0-SNAPSHOT.jar!/webapps/hddsDatanode}
2020-12-29 02:32:31,080 [Listener at 127.0.0.1/43157] INFO  server.AbstractConnector (AbstractConnector.java:doStart(331)) - Started ServerConnector@f829512{HTTP/1.1, (http/1.1)}{0.0.0.0:38417}
2020-12-29 02:32:31,081 [Listener at 127.0.0.1/43157] INFO  server.Server (Server.java:doStart(415)) - Started @49211ms
2020-12-29 02:32:31,081 [Listener at 127.0.0.1/43157] WARN  impl.MetricsSystemImpl (MetricsSystemImpl.java:register(276)) - Sink prometheus already exists!
2020-12-29 02:32:31,091 [Listener at 127.0.0.1/43157] INFO  http.BaseHttpServer (BaseHttpServer.java:updateConnectorAddress(327)) - HTTP server of hddsDatanode listening at http://0.0.0.0:38417
2020-12-29 02:32:31,092 [Listener at 127.0.0.1/43157] INFO  impl.MetricsSystemImpl (MetricsSystemImpl.java:init(158)) - HddsDatanode metrics system started (again)
2020-12-29 02:32:31,093 [Listener at 127.0.0.1/43157] INFO  ozone.HddsDatanodeService (HddsDatanodeService.java:start(217)) - HddsDatanodeService host:3099d1499688 ip:172.17.0.2
2020-12-29 02:32:31,095 [Listener at 127.0.0.1/43157] INFO  volume.HddsVolume (HddsVolume.java:<init>(176)) - Creating Volume: /github/workspace/mnt/ozone/hadoop-ozone/integration-test/target/test-dir/MiniOzoneClusterImpl-e6490a55-0da7-46e5-97f4-9b4e66d62915/datanode-4/data-0/containers/hdds of storage type : DISK and capacity : 9223372036854775807
2020-12-29 02:32:31,095 [Listener at 127.0.0.1/43157] INFO  volume.MutableVolumeSet (MutableVolumeSet.java:initializeVolumeSet(179)) - Added Volume : /github/workspace/mnt/ozone/hadoop-ozone/integration-test/target/test-dir/MiniOzoneClusterImpl-e6490a55-0da7-46e5-97f4-9b4e66d62915/datanode-4/data-0/containers/hdds to VolumeSet
2020-12-29 02:32:31,095 [Listener at 127.0.0.1/43157] INFO  volume.ThrottledAsyncChecker (ThrottledAsyncChecker.java:schedule(141)) - Scheduling a check for /github/workspace/mnt/ozone/hadoop-ozone/integration-test/target/test-dir/MiniOzoneClusterImpl-e6490a55-0da7-46e5-97f4-9b4e66d62915/datanode-4/data-0/containers/hdds
2020-12-29 02:32:31,096 [Listener at 127.0.0.1/43157] INFO  volume.HddsVolumeChecker (HddsVolumeChecker.java:checkAllVolumes(200)) - Scheduled health check for volume /github/workspace/mnt/ozone/hadoop-ozone/integration-test/target/test-dir/MiniOzoneClusterImpl-e6490a55-0da7-46e5-97f4-9b4e66d62915/datanode-4/data-0/containers/hdds
2020-12-29 02:32:31,096 [org.apache.hadoop.util.JvmPauseMonitor$Monitor@7358c19a] INFO  util.JvmPauseMonitor (JvmPauseMonitor.java:run(188)) - Starting JVM pause monitor
2020-12-29 02:32:31,100 [Datanode State Machine Task Thread - 0] INFO  datanode.InitDatanodeState (InitDatanodeState.java:persistContainerDatanodeDetails(145)) - DatanodeDetails is persisted to /github/workspace/mnt/ozone/hadoop-ozone/integration-test/target/test-dir/MiniOzoneClusterImpl-e6490a55-0da7-46e5-97f4-9b4e66d62915/datanode-3/meta/datanode.id
2020-12-29 02:32:31,109 [Thread-767] INFO  ozoneimpl.ContainerReader (ContainerReader.java:readVolume(123)) - Start to verify containers on volume /github/workspace/mnt/ozone/hadoop-ozone/integration-test/target/test-dir/MiniOzoneClusterImpl-e6490a55-0da7-46e5-97f4-9b4e66d62915/datanode-4/data-0/containers/hdds
2020-12-29 02:32:31,109 [Thread-767] INFO  ozoneimpl.ContainerReader (ContainerReader.java:readVolume(148)) - Finish verifying containers on volume /github/workspace/mnt/ozone/hadoop-ozone/integration-test/target/test-dir/MiniOzoneClusterImpl-e6490a55-0da7-46e5-97f4-9b4e66d62915/datanode-4/data-0/containers/hdds
2020-12-29 02:32:31,109 [Listener at 127.0.0.1/43157] INFO  ozoneimpl.OzoneContainer (OzoneContainer.java:buildContainerSet(194)) - Build ContainerSet costs 0s
2020-12-29 02:32:31,111 [Listener at 127.0.0.1/43157] INFO  server.RaftServer (ConfUtils.java:logGet(44)) - raft.rpc.type = GRPC (default)
2020-12-29 02:32:31,111 [Listener at 127.0.0.1/43157] INFO  grpc.GrpcFactory (GrpcFactory.java:checkPooledByteBufAllocatorUseCacheForAllThreads(48)) - PERFORMANCE WARNING: useCacheForAllThreads is true that may cause Netty to create a lot garbage objects and, as a result, trigger GC.
	It is recommended to disable useCacheForAllThreads by setting -Dorg.apache.ratis.thirdparty.io.netty.allocator.useCacheForAllThreads=false in command line.
2020-12-29 02:32:31,111 [Listener at 127.0.0.1/43157] INFO  grpc.GrpcConfigKeys (ConfUtils.java:logGet(44)) - raft.grpc.server.port = 0 (default)
2020-12-29 02:32:31,111 [Listener at 127.0.0.1/43157] INFO  server.GrpcService (ConfUtils.java:logGet(44)) - raft.grpc.message.size.max = 32MB (=33554432) (custom)
2020-12-29 02:32:31,111 [Listener at 127.0.0.1/43157] INFO  server.RaftServerConfigKeys (ConfUtils.java:logGet(44)) - raft.server.log.appender.buffer.byte-limit = 33554432 (custom)
2020-12-29 02:32:31,111 [Listener at 127.0.0.1/43157] INFO  server.GrpcService (ConfUtils.java:logGet(44)) - raft.grpc.flow.control.window = 5MB (=5242880) (custom)
2020-12-29 02:32:31,111 [Listener at 127.0.0.1/43157] INFO  server.RaftServerConfigKeys (ConfUtils.java:logGet(44)) - raft.server.rpc.request.timeout = 60s (custom)
2020-12-29 02:32:31,112 [Listener at 127.0.0.1/43157] INFO  impl.DataStreamServerImpl (ConfUtils.java:logGet(44)) - raft.datastream.type = DISABLED (default)
2020-12-29 02:32:31,112 [Listener at 127.0.0.1/43157] INFO  server.RaftServerConfigKeys (ConfUtils.java:logGet(44)) - raft.server.rpc.slowness.timeout = 300s (custom)
2020-12-29 02:32:31,112 [Listener at 127.0.0.1/43157] INFO  server.RaftServerConfigKeys (ConfUtils.java:logGet(44)) - raft.server.leaderelection.leader.step-down.wait-time = 10s (default)
2020-12-29 02:32:31,113 [Listener at 127.0.0.1/43157] INFO  server.RaftServerConfigKeys (ConfUtils.java:logGet(44)) - raft.server.storage.dir = [/github/workspace/mnt/ozone/hadoop-ozone/integration-test/target/test-dir/MiniOzoneClusterImpl-e6490a55-0da7-46e5-97f4-9b4e66d62915/datanode-4/data/ratis] (custom)
2020-12-29 02:32:31,117 [Listener at 127.0.0.1/43157] INFO  http.BaseHttpServer (BaseHttpServer.java:newHttpServer2BuilderForOzone(207)) - Starting Web-server for hddsDatanode at: http://0.0.0.0:0
2020-12-29 02:32:31,117 [Listener at 127.0.0.1/43157] INFO  http.BaseHttpServer (BaseHttpServer.java:<init>(106)) - Hadoop Security Enabled: false Ozone Security Enabled: false Ozone HTTP Security Enabled: false 
2020-12-29 02:32:31,118 [Listener at 127.0.0.1/43157] INFO  server.AuthenticationFilter (AuthenticationFilter.java:constructSecretProvider(240)) - Unable to initialize FileSignerSecretProvider, falling back to use random secrets.
2020-12-29 02:32:31,118 [Listener at 127.0.0.1/43157] WARN  http.HttpRequestLog (HttpRequestLog.java:getRequestLog(103)) - Jetty request log can only be enabled using Log4j
2020-12-29 02:32:31,119 [Listener at 127.0.0.1/43157] INFO  http.HttpServer2 (HttpServer2.java:addGlobalFilter(1020)) - Added global filter 'safety' (class=org.apache.hadoop.hdds.server.http.HttpServer2$QuotingInputFilter)
2020-12-29 02:32:31,120 [Listener at 127.0.0.1/43157] INFO  http.HttpServer2 (HttpServer2.java:addFilter(996)) - Added filter static_user_filter (class=org.apache.hadoop.http.lib.StaticUserWebFilter$StaticUserFilter) to context hddsDatanode
2020-12-29 02:32:31,120 [Listener at 127.0.0.1/43157] INFO  http.HttpServer2 (HttpServer2.java:addFilter(1004)) - Added filter static_user_filter (class=org.apache.hadoop.http.lib.StaticUserWebFilter$StaticUserFilter) to context logs
2020-12-29 02:32:31,120 [Listener at 127.0.0.1/43157] INFO  http.HttpServer2 (HttpServer2.java:addFilter(1004)) - Added filter static_user_filter (class=org.apache.hadoop.http.lib.StaticUserWebFilter$StaticUserFilter) to context static
2020-12-29 02:32:31,121 [Listener at 127.0.0.1/43157] INFO  http.HttpServer2 (HttpServer2.java:bindListener(1238)) - Jetty bound to port 44545
2020-12-29 02:32:31,121 [Listener at 127.0.0.1/43157] INFO  server.Server (Server.java:doStart(375)) - jetty-9.4.34.v20201102; built: 2020-11-02T14:15:39.302Z; git: e46af88704a893fc12cb0e3bf46e2c7b48a009e7; jvm 1.8.0_232-b09
2020-12-29 02:32:31,122 [Listener at 127.0.0.1/43157] INFO  server.session (DefaultSessionIdManager.java:doStart(334)) - DefaultSessionIdManager workerName=node0
2020-12-29 02:32:31,122 [Listener at 127.0.0.1/43157] INFO  server.session (DefaultSessionIdManager.java:doStart(339)) - No SessionScavenger set, using defaults
2020-12-29 02:32:31,122 [Listener at 127.0.0.1/43157] INFO  server.session (HouseKeeper.java:startScavenging(132)) - node0 Scavenging every 660000ms
2020-12-29 02:32:31,124 [Listener at 127.0.0.1/43157] INFO  handler.ContextHandler (ContextHandler.java:doStart(916)) - Started o.e.j.s.ServletContextHandler@294bb5f0{logs,/logs,file:///github/workspace/mnt/ozone/hadoop-ozone/integration-test/target/log,AVAILABLE}
2020-12-29 02:32:31,124 [Listener at 127.0.0.1/43157] INFO  handler.ContextHandler (ContextHandler.java:doStart(916)) - Started o.e.j.s.ServletContextHandler@7215172a{static,/static,jar:file:/home/user/.m2/repository/org/apache/hadoop/hadoop-hdds-container-service/1.1.0-SNAPSHOT/hadoop-hdds-container-service-1.1.0-SNAPSHOT.jar!/webapps/static,AVAILABLE}
2020-12-29 02:32:31,269 [Listener at 127.0.0.1/43157] INFO  handler.ContextHandler (ContextHandler.java:doStart(916)) - Started o.e.j.w.WebAppContext@1e1e77ed{hddsDatanode,/,file:///tmp/jetty-0_0_0_0-44545-hadoop-hdds-container-service-1_1_0-SNAPSHOT_jar-_-any-597193597163956067/webapp/,AVAILABLE}{jar:file:/home/user/.m2/repository/org/apache/hadoop/hadoop-hdds-container-service/1.1.0-SNAPSHOT/hadoop-hdds-container-service-1.1.0-SNAPSHOT.jar!/webapps/hddsDatanode}
2020-12-29 02:32:31,270 [Listener at 127.0.0.1/43157] INFO  server.AbstractConnector (AbstractConnector.java:doStart(331)) - Started ServerConnector@5bf394be{HTTP/1.1, (http/1.1)}{0.0.0.0:44545}
2020-12-29 02:32:31,270 [Listener at 127.0.0.1/43157] INFO  server.Server (Server.java:doStart(415)) - Started @49400ms
2020-12-29 02:32:31,270 [Listener at 127.0.0.1/43157] WARN  impl.MetricsSystemImpl (MetricsSystemImpl.java:register(276)) - Sink prometheus already exists!
2020-12-29 02:32:31,273 [Listener at 127.0.0.1/43157] INFO  http.BaseHttpServer (BaseHttpServer.java:updateConnectorAddress(327)) - HTTP server of hddsDatanode listening at http://0.0.0.0:44545
2020-12-29 02:32:31,275 [Listener at 127.0.0.1/43157] INFO  impl.MetricsSystemImpl (MetricsSystemImpl.java:init(158)) - HddsDatanode metrics system started (again)
2020-12-29 02:32:31,277 [Listener at 127.0.0.1/43157] INFO  ozone.HddsDatanodeService (HddsDatanodeService.java:start(217)) - HddsDatanodeService host:3099d1499688 ip:172.17.0.2
2020-12-29 02:32:31,284 [org.apache.hadoop.util.JvmPauseMonitor$Monitor@7ad950f0] INFO  util.JvmPauseMonitor (JvmPauseMonitor.java:run(188)) - Starting JVM pause monitor
2020-12-29 02:32:31,289 [Datanode State Machine Task Thread - 0] INFO  datanode.InitDatanodeState (InitDatanodeState.java:persistContainerDatanodeDetails(145)) - DatanodeDetails is persisted to /github/workspace/mnt/ozone/hadoop-ozone/integration-test/target/test-dir/MiniOzoneClusterImpl-e6490a55-0da7-46e5-97f4-9b4e66d62915/datanode-4/meta/datanode.id
2020-12-29 02:32:31,290 [Listener at 127.0.0.1/43157] INFO  volume.HddsVolume (HddsVolume.java:<init>(176)) - Creating Volume: /github/workspace/mnt/ozone/hadoop-ozone/integration-test/target/test-dir/MiniOzoneClusterImpl-e6490a55-0da7-46e5-97f4-9b4e66d62915/datanode-5/data-0/containers/hdds of storage type : DISK and capacity : 9223372036854775807
2020-12-29 02:32:31,290 [Listener at 127.0.0.1/43157] INFO  volume.MutableVolumeSet (MutableVolumeSet.java:initializeVolumeSet(179)) - Added Volume : /github/workspace/mnt/ozone/hadoop-ozone/integration-test/target/test-dir/MiniOzoneClusterImpl-e6490a55-0da7-46e5-97f4-9b4e66d62915/datanode-5/data-0/containers/hdds to VolumeSet
2020-12-29 02:32:31,291 [Listener at 127.0.0.1/43157] INFO  volume.ThrottledAsyncChecker (ThrottledAsyncChecker.java:schedule(141)) - Scheduling a check for /github/workspace/mnt/ozone/hadoop-ozone/integration-test/target/test-dir/MiniOzoneClusterImpl-e6490a55-0da7-46e5-97f4-9b4e66d62915/datanode-5/data-0/containers/hdds
2020-12-29 02:32:31,294 [Listener at 127.0.0.1/43157] INFO  volume.HddsVolumeChecker (HddsVolumeChecker.java:checkAllVolumes(200)) - Scheduled health check for volume /github/workspace/mnt/ozone/hadoop-ozone/integration-test/target/test-dir/MiniOzoneClusterImpl-e6490a55-0da7-46e5-97f4-9b4e66d62915/datanode-5/data-0/containers/hdds
2020-12-29 02:32:31,307 [Thread-778] INFO  ozoneimpl.ContainerReader (ContainerReader.java:readVolume(123)) - Start to verify containers on volume /github/workspace/mnt/ozone/hadoop-ozone/integration-test/target/test-dir/MiniOzoneClusterImpl-e6490a55-0da7-46e5-97f4-9b4e66d62915/datanode-5/data-0/containers/hdds
2020-12-29 02:32:31,307 [Thread-778] INFO  ozoneimpl.ContainerReader (ContainerReader.java:readVolume(148)) - Finish verifying containers on volume /github/workspace/mnt/ozone/hadoop-ozone/integration-test/target/test-dir/MiniOzoneClusterImpl-e6490a55-0da7-46e5-97f4-9b4e66d62915/datanode-5/data-0/containers/hdds
2020-12-29 02:32:31,307 [Listener at 127.0.0.1/43157] INFO  ozoneimpl.OzoneContainer (OzoneContainer.java:buildContainerSet(194)) - Build ContainerSet costs 0s
2020-12-29 02:32:31,309 [Listener at 127.0.0.1/43157] INFO  server.RaftServer (ConfUtils.java:logGet(44)) - raft.rpc.type = GRPC (default)
2020-12-29 02:32:31,310 [Listener at 127.0.0.1/43157] INFO  grpc.GrpcFactory (GrpcFactory.java:checkPooledByteBufAllocatorUseCacheForAllThreads(48)) - PERFORMANCE WARNING: useCacheForAllThreads is true that may cause Netty to create a lot garbage objects and, as a result, trigger GC.
	It is recommended to disable useCacheForAllThreads by setting -Dorg.apache.ratis.thirdparty.io.netty.allocator.useCacheForAllThreads=false in command line.
2020-12-29 02:32:31,310 [Listener at 127.0.0.1/43157] INFO  grpc.GrpcConfigKeys (ConfUtils.java:logGet(44)) - raft.grpc.server.port = 0 (default)
2020-12-29 02:32:31,310 [Listener at 127.0.0.1/43157] INFO  server.GrpcService (ConfUtils.java:logGet(44)) - raft.grpc.message.size.max = 32MB (=33554432) (custom)
2020-12-29 02:32:31,310 [Listener at 127.0.0.1/43157] INFO  server.RaftServerConfigKeys (ConfUtils.java:logGet(44)) - raft.server.log.appender.buffer.byte-limit = 33554432 (custom)
2020-12-29 02:32:31,310 [Listener at 127.0.0.1/43157] INFO  server.GrpcService (ConfUtils.java:logGet(44)) - raft.grpc.flow.control.window = 5MB (=5242880) (custom)
2020-12-29 02:32:31,310 [Listener at 127.0.0.1/43157] INFO  server.RaftServerConfigKeys (ConfUtils.java:logGet(44)) - raft.server.rpc.request.timeout = 60s (custom)
2020-12-29 02:32:31,311 [Listener at 127.0.0.1/43157] INFO  impl.DataStreamServerImpl (ConfUtils.java:logGet(44)) - raft.datastream.type = DISABLED (default)
2020-12-29 02:32:31,311 [Listener at 127.0.0.1/43157] INFO  server.RaftServerConfigKeys (ConfUtils.java:logGet(44)) - raft.server.rpc.slowness.timeout = 300s (custom)
2020-12-29 02:32:31,312 [Listener at 127.0.0.1/43157] INFO  server.RaftServerConfigKeys (ConfUtils.java:logGet(44)) - raft.server.leaderelection.leader.step-down.wait-time = 10s (default)
2020-12-29 02:32:31,312 [Listener at 127.0.0.1/43157] INFO  server.RaftServerConfigKeys (ConfUtils.java:logGet(44)) - raft.server.storage.dir = [/github/workspace/mnt/ozone/hadoop-ozone/integration-test/target/test-dir/MiniOzoneClusterImpl-e6490a55-0da7-46e5-97f4-9b4e66d62915/datanode-5/data/ratis] (custom)
2020-12-29 02:32:31,329 [Listener at 127.0.0.1/43157] INFO  http.BaseHttpServer (BaseHttpServer.java:newHttpServer2BuilderForOzone(207)) - Starting Web-server for hddsDatanode at: http://0.0.0.0:0
2020-12-29 02:32:31,329 [Listener at 127.0.0.1/43157] INFO  http.BaseHttpServer (BaseHttpServer.java:<init>(106)) - Hadoop Security Enabled: false Ozone Security Enabled: false Ozone HTTP Security Enabled: false 
2020-12-29 02:32:31,330 [Listener at 127.0.0.1/43157] INFO  server.AuthenticationFilter (AuthenticationFilter.java:constructSecretProvider(240)) - Unable to initialize FileSignerSecretProvider, falling back to use random secrets.
2020-12-29 02:32:31,330 [Listener at 127.0.0.1/43157] WARN  http.HttpRequestLog (HttpRequestLog.java:getRequestLog(103)) - Jetty request log can only be enabled using Log4j
2020-12-29 02:32:31,331 [Listener at 127.0.0.1/43157] INFO  http.HttpServer2 (HttpServer2.java:addGlobalFilter(1020)) - Added global filter 'safety' (class=org.apache.hadoop.hdds.server.http.HttpServer2$QuotingInputFilter)
2020-12-29 02:32:31,331 [Listener at 127.0.0.1/43157] INFO  http.HttpServer2 (HttpServer2.java:addFilter(996)) - Added filter static_user_filter (class=org.apache.hadoop.http.lib.StaticUserWebFilter$StaticUserFilter) to context hddsDatanode
2020-12-29 02:32:31,331 [Listener at 127.0.0.1/43157] INFO  http.HttpServer2 (HttpServer2.java:addFilter(1004)) - Added filter static_user_filter (class=org.apache.hadoop.http.lib.StaticUserWebFilter$StaticUserFilter) to context static
2020-12-29 02:32:31,331 [Listener at 127.0.0.1/43157] INFO  http.HttpServer2 (HttpServer2.java:addFilter(1004)) - Added filter static_user_filter (class=org.apache.hadoop.http.lib.StaticUserWebFilter$StaticUserFilter) to context logs
2020-12-29 02:32:31,332 [Listener at 127.0.0.1/43157] INFO  http.HttpServer2 (HttpServer2.java:bindListener(1238)) - Jetty bound to port 35749
2020-12-29 02:32:31,332 [Listener at 127.0.0.1/43157] INFO  server.Server (Server.java:doStart(375)) - jetty-9.4.34.v20201102; built: 2020-11-02T14:15:39.302Z; git: e46af88704a893fc12cb0e3bf46e2c7b48a009e7; jvm 1.8.0_232-b09
2020-12-29 02:32:31,337 [Listener at 127.0.0.1/43157] INFO  server.session (DefaultSessionIdManager.java:doStart(334)) - DefaultSessionIdManager workerName=node0
2020-12-29 02:32:31,337 [Listener at 127.0.0.1/43157] INFO  server.session (DefaultSessionIdManager.java:doStart(339)) - No SessionScavenger set, using defaults
2020-12-29 02:32:31,337 [Listener at 127.0.0.1/43157] INFO  server.session (HouseKeeper.java:startScavenging(132)) - node0 Scavenging every 600000ms
2020-12-29 02:32:31,338 [Listener at 127.0.0.1/43157] INFO  handler.ContextHandler (ContextHandler.java:doStart(916)) - Started o.e.j.s.ServletContextHandler@5c4b4c4d{logs,/logs,file:///github/workspace/mnt/ozone/hadoop-ozone/integration-test/target/log,AVAILABLE}
2020-12-29 02:32:31,338 [Listener at 127.0.0.1/43157] INFO  handler.ContextHandler (ContextHandler.java:doStart(916)) - Started o.e.j.s.ServletContextHandler@223a5a4b{static,/static,jar:file:/home/user/.m2/repository/org/apache/hadoop/hadoop-hdds-container-service/1.1.0-SNAPSHOT/hadoop-hdds-container-service-1.1.0-SNAPSHOT.jar!/webapps/static,AVAILABLE}
2020-12-29 02:32:31,490 [Listener at 127.0.0.1/43157] INFO  handler.ContextHandler (ContextHandler.java:doStart(916)) - Started o.e.j.w.WebAppContext@2b34a1e0{hddsDatanode,/,file:///tmp/jetty-0_0_0_0-35749-hadoop-hdds-container-service-1_1_0-SNAPSHOT_jar-_-any-2861562626997152125/webapp/,AVAILABLE}{jar:file:/home/user/.m2/repository/org/apache/hadoop/hadoop-hdds-container-service/1.1.0-SNAPSHOT/hadoop-hdds-container-service-1.1.0-SNAPSHOT.jar!/webapps/hddsDatanode}
2020-12-29 02:32:31,491 [Listener at 127.0.0.1/43157] INFO  server.AbstractConnector (AbstractConnector.java:doStart(331)) - Started ServerConnector@32f3174d{HTTP/1.1, (http/1.1)}{0.0.0.0:35749}
2020-12-29 02:32:31,492 [Listener at 127.0.0.1/43157] INFO  server.Server (Server.java:doStart(415)) - Started @49622ms
2020-12-29 02:32:31,492 [Listener at 127.0.0.1/43157] WARN  impl.MetricsSystemImpl (MetricsSystemImpl.java:register(276)) - Sink prometheus already exists!
2020-12-29 02:32:31,496 [Listener at 127.0.0.1/43157] INFO  http.BaseHttpServer (BaseHttpServer.java:updateConnectorAddress(327)) - HTTP server of hddsDatanode listening at http://0.0.0.0:35749
2020-12-29 02:32:31,496 [Listener at 127.0.0.1/43157] INFO  ozone.MiniOzoneClusterImpl (MiniOzoneClusterImpl.java:lambda$waitForClusterToBeReady$0(178)) - Waiting for nodes to be ready. Got 0 of 6 DN Heartbeats.
2020-12-29 02:32:31,496 [Listener at 127.0.0.1/43157] INFO  ozone.MiniOzoneClusterImpl (MiniOzoneClusterImpl.java:lambda$waitForClusterToBeReady$0(181)) - Waiting for cluster to exit safe mode
2020-12-29 02:32:31,500 [org.apache.hadoop.util.JvmPauseMonitor$Monitor@15b16af7] INFO  util.JvmPauseMonitor (JvmPauseMonitor.java:run(188)) - Starting JVM pause monitor
2020-12-29 02:32:31,501 [Datanode State Machine Task Thread - 0] INFO  datanode.InitDatanodeState (InitDatanodeState.java:persistContainerDatanodeDetails(145)) - DatanodeDetails is persisted to /github/workspace/mnt/ozone/hadoop-ozone/integration-test/target/test-dir/MiniOzoneClusterImpl-e6490a55-0da7-46e5-97f4-9b4e66d62915/datanode-5/meta/datanode.id
2020-12-29 02:32:32,497 [Listener at 127.0.0.1/43157] INFO  ozone.MiniOzoneClusterImpl (MiniOzoneClusterImpl.java:lambda$waitForClusterToBeReady$0(178)) - Waiting for nodes to be ready. Got 0 of 6 DN Heartbeats.
2020-12-29 02:32:32,498 [Listener at 127.0.0.1/43157] INFO  ozone.MiniOzoneClusterImpl (MiniOzoneClusterImpl.java:lambda$waitForClusterToBeReady$0(181)) - Waiting for cluster to exit safe mode
2020-12-29 02:32:32,538 [EndpointStateMachine task thread for /0.0.0.0:45887 - 0 ] INFO  ozoneimpl.OzoneContainer (OzoneContainer.java:start(243)) - Attempting to start container services.
2020-12-29 02:32:32,538 [EndpointStateMachine task thread for /0.0.0.0:45887 - 0 ] INFO  ozoneimpl.OzoneContainer (OzoneContainer.java:startContainerScrub(207)) - Background container scanner has been disabled.
2020-12-29 02:32:32,538 [EndpointStateMachine task thread for /0.0.0.0:45887 - 0 ] INFO  ratis.XceiverServerRatis (XceiverServerRatis.java:start(455)) - Starting XceiverServerRatis 711a5d62-dee4-49d0-b2b9-1fce1aa24acb at port 0
2020-12-29 02:32:32,545 [EndpointStateMachine task thread for /0.0.0.0:45887 - 0 ] INFO  server.RaftServer (RaftServerProxy.java:lambda$start$5(370)) - 711a5d62-dee4-49d0-b2b9-1fce1aa24acb: start RPC server
2020-12-29 02:32:32,545 [EndpointStateMachine task thread for /0.0.0.0:45887 - 0 ] INFO  server.GrpcService (GrpcService.java:startImpl(177)) - 711a5d62-dee4-49d0-b2b9-1fce1aa24acb: GrpcService started, listening on 0.0.0.0/0.0.0.0:41697
2020-12-29 02:32:32,546 [EndpointStateMachine task thread for /0.0.0.0:45887 - 0 ] INFO  ratis.XceiverServerRatis (XceiverServerRatis.java:start(467)) - XceiverServerRatis 711a5d62-dee4-49d0-b2b9-1fce1aa24acb is started using port 41697
2020-12-29 02:32:32,546 [org.apache.ratis.util.JvmPauseMonitor$$Lambda$222/1079232678@2b225719] INFO  util.JvmPauseMonitor (JvmPauseMonitor.java:run(103)) - JvmPauseMonitor-711a5d62-dee4-49d0-b2b9-1fce1aa24acb: Started
2020-12-29 02:32:32,547 [EndpointStateMachine task thread for /0.0.0.0:45887 - 0 ] INFO  server.XceiverServerGrpc (XceiverServerGrpc.java:start(145)) - XceiverServerGrpc 711a5d62-dee4-49d0-b2b9-1fce1aa24acb is started using port 36051
2020-12-29 02:32:32,732 [EndpointStateMachine task thread for /0.0.0.0:45887 - 0 ] INFO  ozoneimpl.OzoneContainer (OzoneContainer.java:start(243)) - Attempting to start container services.
2020-12-29 02:32:32,732 [EndpointStateMachine task thread for /0.0.0.0:45887 - 0 ] INFO  ozoneimpl.OzoneContainer (OzoneContainer.java:startContainerScrub(207)) - Background container scanner has been disabled.
2020-12-29 02:32:32,732 [EndpointStateMachine task thread for /0.0.0.0:45887 - 0 ] INFO  ratis.XceiverServerRatis (XceiverServerRatis.java:start(455)) - Starting XceiverServerRatis acc45ab6-017e-46ef-a2cf-eb53f92e8ea7 at port 0
2020-12-29 02:32:32,736 [EndpointStateMachine task thread for /0.0.0.0:45887 - 0 ] INFO  server.RaftServer (RaftServerProxy.java:lambda$start$5(370)) - acc45ab6-017e-46ef-a2cf-eb53f92e8ea7: start RPC server
2020-12-29 02:32:32,737 [EndpointStateMachine task thread for /0.0.0.0:45887 - 0 ] INFO  server.GrpcService (GrpcService.java:startImpl(177)) - acc45ab6-017e-46ef-a2cf-eb53f92e8ea7: GrpcService started, listening on 0.0.0.0/0.0.0.0:40641
2020-12-29 02:32:32,740 [EndpointStateMachine task thread for /0.0.0.0:45887 - 0 ] INFO  ratis.XceiverServerRatis (XceiverServerRatis.java:start(467)) - XceiverServerRatis acc45ab6-017e-46ef-a2cf-eb53f92e8ea7 is started using port 40641
2020-12-29 02:32:32,740 [EndpointStateMachine task thread for /0.0.0.0:45887 - 0 ] INFO  server.XceiverServerGrpc (XceiverServerGrpc.java:start(145)) - XceiverServerGrpc acc45ab6-017e-46ef-a2cf-eb53f92e8ea7 is started using port 32913
2020-12-29 02:32:32,741 [org.apache.ratis.util.JvmPauseMonitor$$Lambda$222/1079232678@5ac39e6a] INFO  util.JvmPauseMonitor (JvmPauseMonitor.java:run(103)) - JvmPauseMonitor-acc45ab6-017e-46ef-a2cf-eb53f92e8ea7: Started
2020-12-29 02:32:32,925 [EndpointStateMachine task thread for /0.0.0.0:45887 - 0 ] INFO  ozoneimpl.OzoneContainer (OzoneContainer.java:start(243)) - Attempting to start container services.
2020-12-29 02:32:32,925 [EndpointStateMachine task thread for /0.0.0.0:45887 - 0 ] INFO  ozoneimpl.OzoneContainer (OzoneContainer.java:startContainerScrub(207)) - Background container scanner has been disabled.
2020-12-29 02:32:32,925 [EndpointStateMachine task thread for /0.0.0.0:45887 - 0 ] INFO  ratis.XceiverServerRatis (XceiverServerRatis.java:start(455)) - Starting XceiverServerRatis 9465357b-4c2a-4b31-9d0e-a8957ee25dd0 at port 0
2020-12-29 02:32:32,936 [EndpointStateMachine task thread for /0.0.0.0:45887 - 0 ] INFO  server.RaftServer (RaftServerProxy.java:lambda$start$5(370)) - 9465357b-4c2a-4b31-9d0e-a8957ee25dd0: start RPC server
2020-12-29 02:32:32,937 [EndpointStateMachine task thread for /0.0.0.0:45887 - 0 ] INFO  server.GrpcService (GrpcService.java:startImpl(177)) - 9465357b-4c2a-4b31-9d0e-a8957ee25dd0: GrpcService started, listening on 0.0.0.0/0.0.0.0:44375
2020-12-29 02:32:32,937 [EndpointStateMachine task thread for /0.0.0.0:45887 - 0 ] INFO  ratis.XceiverServerRatis (XceiverServerRatis.java:start(467)) - XceiverServerRatis 9465357b-4c2a-4b31-9d0e-a8957ee25dd0 is started using port 44375
2020-12-29 02:32:32,937 [org.apache.ratis.util.JvmPauseMonitor$$Lambda$222/1079232678@2c0c3752] INFO  util.JvmPauseMonitor (JvmPauseMonitor.java:run(103)) - JvmPauseMonitor-9465357b-4c2a-4b31-9d0e-a8957ee25dd0: Started
2020-12-29 02:32:32,939 [EndpointStateMachine task thread for /0.0.0.0:45887 - 0 ] INFO  server.XceiverServerGrpc (XceiverServerGrpc.java:start(145)) - XceiverServerGrpc 9465357b-4c2a-4b31-9d0e-a8957ee25dd0 is started using port 35601
2020-12-29 02:32:33,099 [EndpointStateMachine task thread for /0.0.0.0:45887 - 0 ] INFO  ozoneimpl.OzoneContainer (OzoneContainer.java:start(243)) - Attempting to start container services.
2020-12-29 02:32:33,099 [EndpointStateMachine task thread for /0.0.0.0:45887 - 0 ] INFO  ozoneimpl.OzoneContainer (OzoneContainer.java:startContainerScrub(207)) - Background container scanner has been disabled.
2020-12-29 02:32:33,099 [EndpointStateMachine task thread for /0.0.0.0:45887 - 0 ] INFO  ratis.XceiverServerRatis (XceiverServerRatis.java:start(455)) - Starting XceiverServerRatis f7145b68-714b-4a68-90a5-01bf6bfda3d1 at port 0
2020-12-29 02:32:33,109 [EndpointStateMachine task thread for /0.0.0.0:45887 - 0 ] INFO  server.RaftServer (RaftServerProxy.java:lambda$start$5(370)) - f7145b68-714b-4a68-90a5-01bf6bfda3d1: start RPC server
2020-12-29 02:32:33,110 [EndpointStateMachine task thread for /0.0.0.0:45887 - 0 ] INFO  server.GrpcService (GrpcService.java:startImpl(177)) - f7145b68-714b-4a68-90a5-01bf6bfda3d1: GrpcService started, listening on 0.0.0.0/0.0.0.0:35033
2020-12-29 02:32:33,111 [EndpointStateMachine task thread for /0.0.0.0:45887 - 0 ] INFO  ratis.XceiverServerRatis (XceiverServerRatis.java:start(467)) - XceiverServerRatis f7145b68-714b-4a68-90a5-01bf6bfda3d1 is started using port 35033
2020-12-29 02:32:33,112 [EndpointStateMachine task thread for /0.0.0.0:45887 - 0 ] INFO  server.XceiverServerGrpc (XceiverServerGrpc.java:start(145)) - XceiverServerGrpc f7145b68-714b-4a68-90a5-01bf6bfda3d1 is started using port 38175
2020-12-29 02:32:33,114 [org.apache.ratis.util.JvmPauseMonitor$$Lambda$222/1079232678@3924fe52] INFO  util.JvmPauseMonitor (JvmPauseMonitor.java:run(103)) - JvmPauseMonitor-f7145b68-714b-4a68-90a5-01bf6bfda3d1: Started
2020-12-29 02:32:33,287 [EndpointStateMachine task thread for /0.0.0.0:45887 - 0 ] INFO  ozoneimpl.OzoneContainer (OzoneContainer.java:start(243)) - Attempting to start container services.
2020-12-29 02:32:33,287 [EndpointStateMachine task thread for /0.0.0.0:45887 - 0 ] INFO  ozoneimpl.OzoneContainer (OzoneContainer.java:startContainerScrub(207)) - Background container scanner has been disabled.
2020-12-29 02:32:33,287 [EndpointStateMachine task thread for /0.0.0.0:45887 - 0 ] INFO  ratis.XceiverServerRatis (XceiverServerRatis.java:start(455)) - Starting XceiverServerRatis 4cac4d95-f3be-45f6-9a5a-d8dab57b636d at port 0
2020-12-29 02:32:33,289 [EndpointStateMachine task thread for /0.0.0.0:45887 - 0 ] INFO  server.RaftServer (RaftServerProxy.java:lambda$start$5(370)) - 4cac4d95-f3be-45f6-9a5a-d8dab57b636d: start RPC server
2020-12-29 02:32:33,289 [EndpointStateMachine task thread for /0.0.0.0:45887 - 0 ] INFO  server.GrpcService (GrpcService.java:startImpl(177)) - 4cac4d95-f3be-45f6-9a5a-d8dab57b636d: GrpcService started, listening on 0.0.0.0/0.0.0.0:42337
2020-12-29 02:32:33,290 [EndpointStateMachine task thread for /0.0.0.0:45887 - 0 ] INFO  ratis.XceiverServerRatis (XceiverServerRatis.java:start(467)) - XceiverServerRatis 4cac4d95-f3be-45f6-9a5a-d8dab57b636d is started using port 42337
2020-12-29 02:32:33,290 [org.apache.ratis.util.JvmPauseMonitor$$Lambda$222/1079232678@3753f277] INFO  util.JvmPauseMonitor (JvmPauseMonitor.java:run(103)) - JvmPauseMonitor-4cac4d95-f3be-45f6-9a5a-d8dab57b636d: Started
2020-12-29 02:32:33,290 [EndpointStateMachine task thread for /0.0.0.0:45887 - 0 ] INFO  server.XceiverServerGrpc (XceiverServerGrpc.java:start(145)) - XceiverServerGrpc 4cac4d95-f3be-45f6-9a5a-d8dab57b636d is started using port 34131
2020-12-29 02:32:33,498 [Listener at 127.0.0.1/43157] INFO  ozone.MiniOzoneClusterImpl (MiniOzoneClusterImpl.java:lambda$waitForClusterToBeReady$0(178)) - Waiting for nodes to be ready. Got 0 of 6 DN Heartbeats.
2020-12-29 02:32:33,498 [Listener at 127.0.0.1/43157] INFO  ozone.MiniOzoneClusterImpl (MiniOzoneClusterImpl.java:lambda$waitForClusterToBeReady$0(181)) - Waiting for cluster to exit safe mode
2020-12-29 02:32:33,503 [EndpointStateMachine task thread for /0.0.0.0:45887 - 0 ] INFO  ozoneimpl.OzoneContainer (OzoneContainer.java:start(243)) - Attempting to start container services.
2020-12-29 02:32:33,503 [EndpointStateMachine task thread for /0.0.0.0:45887 - 0 ] INFO  ozoneimpl.OzoneContainer (OzoneContainer.java:startContainerScrub(207)) - Background container scanner has been disabled.
2020-12-29 02:32:33,503 [EndpointStateMachine task thread for /0.0.0.0:45887 - 0 ] INFO  ratis.XceiverServerRatis (XceiverServerRatis.java:start(455)) - Starting XceiverServerRatis 1bcfb908-c5ae-427d-a09f-f15a855158d1 at port 0
2020-12-29 02:32:33,505 [EndpointStateMachine task thread for /0.0.0.0:45887 - 0 ] INFO  server.RaftServer (RaftServerProxy.java:lambda$start$5(370)) - 1bcfb908-c5ae-427d-a09f-f15a855158d1: start RPC server
2020-12-29 02:32:33,505 [EndpointStateMachine task thread for /0.0.0.0:45887 - 0 ] INFO  server.GrpcService (GrpcService.java:startImpl(177)) - 1bcfb908-c5ae-427d-a09f-f15a855158d1: GrpcService started, listening on 0.0.0.0/0.0.0.0:41037
2020-12-29 02:32:33,506 [EndpointStateMachine task thread for /0.0.0.0:45887 - 0 ] INFO  ratis.XceiverServerRatis (XceiverServerRatis.java:start(467)) - XceiverServerRatis 1bcfb908-c5ae-427d-a09f-f15a855158d1 is started using port 41037
2020-12-29 02:32:33,506 [org.apache.ratis.util.JvmPauseMonitor$$Lambda$222/1079232678@22c36d] INFO  util.JvmPauseMonitor (JvmPauseMonitor.java:run(103)) - JvmPauseMonitor-1bcfb908-c5ae-427d-a09f-f15a855158d1: Started
2020-12-29 02:32:33,506 [EndpointStateMachine task thread for /0.0.0.0:45887 - 0 ] INFO  server.XceiverServerGrpc (XceiverServerGrpc.java:start(145)) - XceiverServerGrpc 1bcfb908-c5ae-427d-a09f-f15a855158d1 is started using port 34947
2020-12-29 02:32:34,499 [Listener at 127.0.0.1/43157] INFO  ozone.MiniOzoneClusterImpl (MiniOzoneClusterImpl.java:lambda$waitForClusterToBeReady$0(178)) - Waiting for nodes to be ready. Got 0 of 6 DN Heartbeats.
2020-12-29 02:32:34,499 [Listener at 127.0.0.1/43157] INFO  ozone.MiniOzoneClusterImpl (MiniOzoneClusterImpl.java:lambda$waitForClusterToBeReady$0(181)) - Waiting for cluster to exit safe mode
2020-12-29 02:32:34,529 [IPC Server handler 2 on default port 45887] INFO  net.NetworkTopologyImpl (NetworkTopologyImpl.java:add(111)) - Added a new node: /default-rack/711a5d62-dee4-49d0-b2b9-1fce1aa24acb
2020-12-29 02:32:34,530 [IPC Server handler 2 on default port 45887] INFO  node.SCMNodeManager (SCMNodeManager.java:register(341)) - Registered Data node : 711a5d62-dee4-49d0-b2b9-1fce1aa24acb{ip: 172.17.0.2, host: 3099d1499688, networkLocation: /default-rack, certSerialId: null, persistedOpState: IN_SERVICE, persistedOpStateExpiryEpochSec: 0}
2020-12-29 02:32:34,532 [EventQueue-NodeRegistrationContainerReportForContainerSafeModeRule] INFO  safemode.SCMSafeModeManager (SCMSafeModeManager.java:validateSafeModeExitRules(214)) - ContainerSafeModeRule rule is successfully validated
2020-12-29 02:32:34,532 [EventQueue-NodeRegistrationContainerReportForDataNodeSafeModeRule] INFO  safemode.SCMSafeModeManager (DataNodeSafeModeRule.java:process(71)) - SCM in safe mode. 1 DataNodes registered, 1 required.
2020-12-29 02:32:34,536 [EventQueue-PipelineReportForOneReplicaPipelineSafeModeRule] INFO  safemode.SCMSafeModeManager (SCMSafeModeManager.java:validateSafeModeExitRules(214)) - AtleastOneDatanodeReportedRule rule is successfully validated
2020-12-29 02:32:34,537 [EventQueue-NodeRegistrationContainerReportForDataNodeSafeModeRule] INFO  safemode.SCMSafeModeManager (SCMSafeModeManager.java:validateSafeModeExitRules(214)) - DataNodeSafeModeRule rule is successfully validated
2020-12-29 02:32:34,537 [EventQueue-NodeRegistrationContainerReportForDataNodeSafeModeRule] INFO  safemode.SCMSafeModeManager (SCMSafeModeManager.java:completePreCheck(242)) - All SCM safe mode pre check rules have passed
2020-12-29 02:32:34,537 [RatisPipelineUtilsThread] INFO  pipeline.RatisPipelineProvider (RatisPipelineProvider.java:lambda$create$0(161)) - Sending CreatePipelineCommand for pipeline:PipelineID=022782b4-27d9-49a2-a5ae-60098f217e50 to datanode:711a5d62-dee4-49d0-b2b9-1fce1aa24acb
2020-12-29 02:32:34,538 [RatisPipelineUtilsThread] INFO  pipeline.PipelineStateManager (PipelineStateManager.java:addPipeline(54)) - Created pipeline Pipeline[ Id: 022782b4-27d9-49a2-a5ae-60098f217e50, Nodes: 711a5d62-dee4-49d0-b2b9-1fce1aa24acb{ip: 172.17.0.2, host: 3099d1499688, networkLocation: /default-rack, certSerialId: null, persistedOpState: IN_SERVICE, persistedOpStateExpiryEpochSec: 0}, Type:RATIS, Factor:ONE, State:ALLOCATED, leaderId:, CreationTimestamp2020-12-29T02:32:34.537Z]
2020-12-29 02:32:34,538 [RatisPipelineUtilsThread] WARN  pipeline.PipelinePlacementPolicy (PipelinePlacementPolicy.java:filterViableNodes(139)) - Pipeline creation failed due to no sufficient healthy datanodes. Required 3. Found 1.
2020-12-29 02:32:34,729 [IPC Server handler 3 on default port 45887] INFO  net.NetworkTopologyImpl (NetworkTopologyImpl.java:add(111)) - Added a new node: /default-rack/acc45ab6-017e-46ef-a2cf-eb53f92e8ea7
2020-12-29 02:32:34,729 [IPC Server handler 3 on default port 45887] INFO  node.SCMNodeManager (SCMNodeManager.java:register(341)) - Registered Data node : acc45ab6-017e-46ef-a2cf-eb53f92e8ea7{ip: 172.17.0.2, host: 3099d1499688, networkLocation: /default-rack, certSerialId: null, persistedOpState: IN_SERVICE, persistedOpStateExpiryEpochSec: 0}
2020-12-29 02:32:34,730 [EventQueue-PipelineReportForOneReplicaPipelineSafeModeRule] INFO  safemode.SCMSafeModeManager (SCMSafeModeManager.java:validateSafeModeExitRules(214)) - AtleastOneDatanodeReportedRule rule is successfully validated
2020-12-29 02:32:34,730 [EventQueue-NodeRegistrationContainerReportForContainerSafeModeRule] INFO  safemode.SCMSafeModeManager (SCMSafeModeManager.java:validateSafeModeExitRules(214)) - ContainerSafeModeRule rule is successfully validated
2020-12-29 02:32:34,730 [EventQueue-NodeRegistrationContainerReportForDataNodeSafeModeRule] INFO  safemode.SCMSafeModeManager (SCMSafeModeManager.java:validateSafeModeExitRules(214)) - DataNodeSafeModeRule rule is successfully validated
2020-12-29 02:32:34,731 [RatisPipelineUtilsThread] INFO  pipeline.RatisPipelineProvider (RatisPipelineProvider.java:lambda$create$0(161)) - Sending CreatePipelineCommand for pipeline:PipelineID=dc72fea7-13da-4210-9746-7f8c1eef2b2c to datanode:acc45ab6-017e-46ef-a2cf-eb53f92e8ea7
2020-12-29 02:32:34,731 [RatisPipelineUtilsThread] INFO  pipeline.PipelineStateManager (PipelineStateManager.java:addPipeline(54)) - Created pipeline Pipeline[ Id: dc72fea7-13da-4210-9746-7f8c1eef2b2c, Nodes: acc45ab6-017e-46ef-a2cf-eb53f92e8ea7{ip: 172.17.0.2, host: 3099d1499688, networkLocation: /default-rack, certSerialId: null, persistedOpState: IN_SERVICE, persistedOpStateExpiryEpochSec: 0}, Type:RATIS, Factor:ONE, State:ALLOCATED, leaderId:, CreationTimestamp2020-12-29T02:32:34.731Z]
2020-12-29 02:32:34,731 [RatisPipelineUtilsThread] WARN  pipeline.PipelinePlacementPolicy (PipelinePlacementPolicy.java:filterViableNodes(139)) - Pipeline creation failed due to no sufficient healthy datanodes. Required 3. Found 2.
2020-12-29 02:32:34,923 [IPC Server handler 4 on default port 45887] INFO  net.NetworkTopologyImpl (NetworkTopologyImpl.java:add(111)) - Added a new node: /default-rack/9465357b-4c2a-4b31-9d0e-a8957ee25dd0
2020-12-29 02:32:34,923 [IPC Server handler 4 on default port 45887] INFO  node.SCMNodeManager (SCMNodeManager.java:register(341)) - Registered Data node : 9465357b-4c2a-4b31-9d0e-a8957ee25dd0{ip: 172.17.0.2, host: 3099d1499688, networkLocation: /default-rack, certSerialId: null, persistedOpState: IN_SERVICE, persistedOpStateExpiryEpochSec: 0}
2020-12-29 02:32:34,924 [EventQueue-NodeRegistrationContainerReportForContainerSafeModeRule] INFO  safemode.SCMSafeModeManager (SCMSafeModeManager.java:validateSafeModeExitRules(214)) - ContainerSafeModeRule rule is successfully validated
2020-12-29 02:32:34,924 [EventQueue-NodeRegistrationContainerReportForDataNodeSafeModeRule] INFO  safemode.SCMSafeModeManager (SCMSafeModeManager.java:validateSafeModeExitRules(214)) - DataNodeSafeModeRule rule is successfully validated
2020-12-29 02:32:34,924 [EventQueue-PipelineReportForOneReplicaPipelineSafeModeRule] INFO  safemode.SCMSafeModeManager (SCMSafeModeManager.java:validateSafeModeExitRules(214)) - AtleastOneDatanodeReportedRule rule is successfully validated
2020-12-29 02:32:34,925 [RatisPipelineUtilsThread] INFO  pipeline.RatisPipelineProvider (RatisPipelineProvider.java:lambda$create$0(161)) - Sending CreatePipelineCommand for pipeline:PipelineID=97180043-18a6-4989-8bda-edf47cb057c1 to datanode:9465357b-4c2a-4b31-9d0e-a8957ee25dd0
2020-12-29 02:32:34,925 [RatisPipelineUtilsThread] INFO  pipeline.PipelineStateManager (PipelineStateManager.java:addPipeline(54)) - Created pipeline Pipeline[ Id: 97180043-18a6-4989-8bda-edf47cb057c1, Nodes: 9465357b-4c2a-4b31-9d0e-a8957ee25dd0{ip: 172.17.0.2, host: 3099d1499688, networkLocation: /default-rack, certSerialId: null, persistedOpState: IN_SERVICE, persistedOpStateExpiryEpochSec: 0}, Type:RATIS, Factor:ONE, State:ALLOCATED, leaderId:, CreationTimestamp2020-12-29T02:32:34.925Z]
2020-12-29 02:32:34,926 [RatisPipelineUtilsThread] INFO  pipeline.RatisPipelineProvider (RatisPipelineProvider.java:lambda$create$0(161)) - Sending CreatePipelineCommand for pipeline:PipelineID=47ec387c-32a6-4581-a9f6-9a41716fb576 to datanode:711a5d62-dee4-49d0-b2b9-1fce1aa24acb
2020-12-29 02:32:34,926 [RatisPipelineUtilsThread] INFO  pipeline.RatisPipelineProvider (RatisPipelineProvider.java:lambda$create$0(161)) - Sending CreatePipelineCommand for pipeline:PipelineID=47ec387c-32a6-4581-a9f6-9a41716fb576 to datanode:acc45ab6-017e-46ef-a2cf-eb53f92e8ea7
2020-12-29 02:32:34,926 [RatisPipelineUtilsThread] INFO  pipeline.RatisPipelineProvider (RatisPipelineProvider.java:lambda$create$0(161)) - Sending CreatePipelineCommand for pipeline:PipelineID=47ec387c-32a6-4581-a9f6-9a41716fb576 to datanode:9465357b-4c2a-4b31-9d0e-a8957ee25dd0
2020-12-29 02:32:34,926 [RatisPipelineUtilsThread] INFO  pipeline.PipelineStateManager (PipelineStateManager.java:addPipeline(54)) - Created pipeline Pipeline[ Id: 47ec387c-32a6-4581-a9f6-9a41716fb576, Nodes: 711a5d62-dee4-49d0-b2b9-1fce1aa24acb{ip: 172.17.0.2, host: 3099d1499688, networkLocation: /default-rack, certSerialId: null, persistedOpState: IN_SERVICE, persistedOpStateExpiryEpochSec: 0}acc45ab6-017e-46ef-a2cf-eb53f92e8ea7{ip: 172.17.0.2, host: 3099d1499688, networkLocation: /default-rack, certSerialId: null, persistedOpState: IN_SERVICE, persistedOpStateExpiryEpochSec: 0}9465357b-4c2a-4b31-9d0e-a8957ee25dd0{ip: 172.17.0.2, host: 3099d1499688, networkLocation: /default-rack, certSerialId: null, persistedOpState: IN_SERVICE, persistedOpStateExpiryEpochSec: 0}, Type:RATIS, Factor:THREE, State:ALLOCATED, leaderId:, CreationTimestamp2020-12-29T02:32:34.926Z]
2020-12-29 02:32:35,097 [IPC Server handler 5 on default port 45887] INFO  net.NetworkTopologyImpl (NetworkTopologyImpl.java:add(111)) - Added a new node: /default-rack/f7145b68-714b-4a68-90a5-01bf6bfda3d1
2020-12-29 02:32:35,097 [IPC Server handler 5 on default port 45887] INFO  node.SCMNodeManager (SCMNodeManager.java:register(341)) - Registered Data node : f7145b68-714b-4a68-90a5-01bf6bfda3d1{ip: 172.17.0.2, host: 3099d1499688, networkLocation: /default-rack, certSerialId: null, persistedOpState: IN_SERVICE, persistedOpStateExpiryEpochSec: 0}
2020-12-29 02:32:35,098 [EventQueue-NodeRegistrationContainerReportForContainerSafeModeRule] INFO  safemode.SCMSafeModeManager (SCMSafeModeManager.java:validateSafeModeExitRules(214)) - ContainerSafeModeRule rule is successfully validated
2020-12-29 02:32:35,099 [EventQueue-PipelineReportForOneReplicaPipelineSafeModeRule] INFO  safemode.SCMSafeModeManager (SCMSafeModeManager.java:validateSafeModeExitRules(214)) - AtleastOneDatanodeReportedRule rule is successfully validated
2020-12-29 02:32:35,099 [RatisPipelineUtilsThread] INFO  pipeline.RatisPipelineProvider (RatisPipelineProvider.java:lambda$create$0(161)) - Sending CreatePipelineCommand for pipeline:PipelineID=9d55ff84-5a8f-41bf-8840-ff01339cf9a5 to datanode:f7145b68-714b-4a68-90a5-01bf6bfda3d1
2020-12-29 02:32:35,100 [EventQueue-NodeRegistrationContainerReportForDataNodeSafeModeRule] INFO  safemode.SCMSafeModeManager (SCMSafeModeManager.java:validateSafeModeExitRules(214)) - DataNodeSafeModeRule rule is successfully validated
2020-12-29 02:32:35,100 [RatisPipelineUtilsThread] INFO  pipeline.PipelineStateManager (PipelineStateManager.java:addPipeline(54)) - Created pipeline Pipeline[ Id: 9d55ff84-5a8f-41bf-8840-ff01339cf9a5, Nodes: f7145b68-714b-4a68-90a5-01bf6bfda3d1{ip: 172.17.0.2, host: 3099d1499688, networkLocation: /default-rack, certSerialId: null, persistedOpState: IN_SERVICE, persistedOpStateExpiryEpochSec: 0}, Type:RATIS, Factor:ONE, State:ALLOCATED, leaderId:, CreationTimestamp2020-12-29T02:32:35.099Z]
2020-12-29 02:32:35,285 [IPC Server handler 0 on default port 45887] INFO  net.NetworkTopologyImpl (NetworkTopologyImpl.java:add(111)) - Added a new node: /default-rack/4cac4d95-f3be-45f6-9a5a-d8dab57b636d
2020-12-29 02:32:35,285 [IPC Server handler 0 on default port 45887] INFO  node.SCMNodeManager (SCMNodeManager.java:register(341)) - Registered Data node : 4cac4d95-f3be-45f6-9a5a-d8dab57b636d{ip: 172.17.0.2, host: 3099d1499688, networkLocation: /default-rack, certSerialId: null, persistedOpState: IN_SERVICE, persistedOpStateExpiryEpochSec: 0}
2020-12-29 02:32:35,286 [EventQueue-NodeRegistrationContainerReportForDataNodeSafeModeRule] INFO  safemode.SCMSafeModeManager (SCMSafeModeManager.java:validateSafeModeExitRules(214)) - DataNodeSafeModeRule rule is successfully validated
2020-12-29 02:32:35,286 [EventQueue-PipelineReportForOneReplicaPipelineSafeModeRule] INFO  safemode.SCMSafeModeManager (SCMSafeModeManager.java:validateSafeModeExitRules(214)) - AtleastOneDatanodeReportedRule rule is successfully validated
2020-12-29 02:32:35,286 [RatisPipelineUtilsThread] INFO  pipeline.RatisPipelineProvider (RatisPipelineProvider.java:lambda$create$0(161)) - Sending CreatePipelineCommand for pipeline:PipelineID=634eff3f-792b-4a01-bf73-05604499ee7c to datanode:4cac4d95-f3be-45f6-9a5a-d8dab57b636d
2020-12-29 02:32:35,286 [EventQueue-NodeRegistrationContainerReportForContainerSafeModeRule] INFO  safemode.SCMSafeModeManager (SCMSafeModeManager.java:validateSafeModeExitRules(214)) - ContainerSafeModeRule rule is successfully validated
2020-12-29 02:32:35,286 [RatisPipelineUtilsThread] INFO  pipeline.PipelineStateManager (PipelineStateManager.java:addPipeline(54)) - Created pipeline Pipeline[ Id: 634eff3f-792b-4a01-bf73-05604499ee7c, Nodes: 4cac4d95-f3be-45f6-9a5a-d8dab57b636d{ip: 172.17.0.2, host: 3099d1499688, networkLocation: /default-rack, certSerialId: null, persistedOpState: IN_SERVICE, persistedOpStateExpiryEpochSec: 0}, Type:RATIS, Factor:ONE, State:ALLOCATED, leaderId:, CreationTimestamp2020-12-29T02:32:35.286Z]
2020-12-29 02:32:35,499 [Listener at 127.0.0.1/43157] INFO  ozone.MiniOzoneClusterImpl (MiniOzoneClusterImpl.java:lambda$waitForClusterToBeReady$0(178)) - Waiting for nodes to be ready. Got 5 of 6 DN Heartbeats.
2020-12-29 02:32:35,500 [Listener at 127.0.0.1/43157] INFO  ozone.MiniOzoneClusterImpl (MiniOzoneClusterImpl.java:lambda$waitForClusterToBeReady$0(181)) - Waiting for cluster to exit safe mode
2020-12-29 02:32:35,501 [IPC Server handler 1 on default port 45887] INFO  net.NetworkTopologyImpl (NetworkTopologyImpl.java:add(111)) - Added a new node: /default-rack/1bcfb908-c5ae-427d-a09f-f15a855158d1
2020-12-29 02:32:35,501 [IPC Server handler 1 on default port 45887] INFO  node.SCMNodeManager (SCMNodeManager.java:register(341)) - Registered Data node : 1bcfb908-c5ae-427d-a09f-f15a855158d1{ip: 172.17.0.2, host: 3099d1499688, networkLocation: /default-rack, certSerialId: null, persistedOpState: IN_SERVICE, persistedOpStateExpiryEpochSec: 0}
2020-12-29 02:32:35,502 [EventQueue-NodeRegistrationContainerReportForContainerSafeModeRule] INFO  safemode.SCMSafeModeManager (SCMSafeModeManager.java:validateSafeModeExitRules(214)) - ContainerSafeModeRule rule is successfully validated
2020-12-29 02:32:35,502 [EventQueue-NodeRegistrationContainerReportForDataNodeSafeModeRule] INFO  safemode.SCMSafeModeManager (SCMSafeModeManager.java:validateSafeModeExitRules(214)) - DataNodeSafeModeRule rule is successfully validated
2020-12-29 02:32:35,502 [EventQueue-PipelineReportForOneReplicaPipelineSafeModeRule] INFO  safemode.SCMSafeModeManager (SCMSafeModeManager.java:validateSafeModeExitRules(214)) - AtleastOneDatanodeReportedRule rule is successfully validated
2020-12-29 02:32:35,503 [RatisPipelineUtilsThread] INFO  pipeline.RatisPipelineProvider (RatisPipelineProvider.java:lambda$create$0(161)) - Sending CreatePipelineCommand for pipeline:PipelineID=10a15a29-ce98-4fb3-a181-ec3d5e7ab734 to datanode:1bcfb908-c5ae-427d-a09f-f15a855158d1
2020-12-29 02:32:35,504 [RatisPipelineUtilsThread] INFO  pipeline.PipelineStateManager (PipelineStateManager.java:addPipeline(54)) - Created pipeline Pipeline[ Id: 10a15a29-ce98-4fb3-a181-ec3d5e7ab734, Nodes: 1bcfb908-c5ae-427d-a09f-f15a855158d1{ip: 172.17.0.2, host: 3099d1499688, networkLocation: /default-rack, certSerialId: null, persistedOpState: IN_SERVICE, persistedOpStateExpiryEpochSec: 0}, Type:RATIS, Factor:ONE, State:ALLOCATED, leaderId:, CreationTimestamp2020-12-29T02:32:35.503Z]
2020-12-29 02:32:35,504 [RatisPipelineUtilsThread] INFO  pipeline.RatisPipelineProvider (RatisPipelineProvider.java:lambda$create$0(161)) - Sending CreatePipelineCommand for pipeline:PipelineID=387a164e-a32c-42bd-8665-8d1f305cfd2a to datanode:1bcfb908-c5ae-427d-a09f-f15a855158d1
2020-12-29 02:32:35,504 [RatisPipelineUtilsThread] INFO  pipeline.RatisPipelineProvider (RatisPipelineProvider.java:lambda$create$0(161)) - Sending CreatePipelineCommand for pipeline:PipelineID=387a164e-a32c-42bd-8665-8d1f305cfd2a to datanode:4cac4d95-f3be-45f6-9a5a-d8dab57b636d
2020-12-29 02:32:35,505 [RatisPipelineUtilsThread] INFO  pipeline.RatisPipelineProvider (RatisPipelineProvider.java:lambda$create$0(161)) - Sending CreatePipelineCommand for pipeline:PipelineID=387a164e-a32c-42bd-8665-8d1f305cfd2a to datanode:f7145b68-714b-4a68-90a5-01bf6bfda3d1
2020-12-29 02:32:35,505 [RatisPipelineUtilsThread] INFO  pipeline.PipelineStateManager (PipelineStateManager.java:addPipeline(54)) - Created pipeline Pipeline[ Id: 387a164e-a32c-42bd-8665-8d1f305cfd2a, Nodes: 1bcfb908-c5ae-427d-a09f-f15a855158d1{ip: 172.17.0.2, host: 3099d1499688, networkLocation: /default-rack, certSerialId: null, persistedOpState: IN_SERVICE, persistedOpStateExpiryEpochSec: 0}4cac4d95-f3be-45f6-9a5a-d8dab57b636d{ip: 172.17.0.2, host: 3099d1499688, networkLocation: /default-rack, certSerialId: null, persistedOpState: IN_SERVICE, persistedOpStateExpiryEpochSec: 0}f7145b68-714b-4a68-90a5-01bf6bfda3d1{ip: 172.17.0.2, host: 3099d1499688, networkLocation: /default-rack, certSerialId: null, persistedOpState: IN_SERVICE, persistedOpStateExpiryEpochSec: 0}, Type:RATIS, Factor:THREE, State:ALLOCATED, leaderId:, CreationTimestamp2020-12-29T02:32:35.504Z]
2020-12-29 02:32:36,500 [Listener at 127.0.0.1/43157] INFO  ozone.MiniOzoneClusterImpl (MiniOzoneClusterImpl.java:lambda$waitForClusterToBeReady$0(178)) - Nodes are ready. Got 6 of 6 DN Heartbeats.
2020-12-29 02:32:36,500 [Listener at 127.0.0.1/43157] INFO  ozone.MiniOzoneClusterImpl (MiniOzoneClusterImpl.java:lambda$waitForClusterToBeReady$0(181)) - Waiting for cluster to exit safe mode
2020-12-29 02:32:36,529 [EventQueue-PipelineReportForOneReplicaPipelineSafeModeRule] INFO  safemode.SCMSafeModeManager (SCMSafeModeManager.java:validateSafeModeExitRules(214)) - AtleastOneDatanodeReportedRule rule is successfully validated
2020-12-29 02:32:36,729 [EventQueue-PipelineReportForOneReplicaPipelineSafeModeRule] INFO  safemode.SCMSafeModeManager (SCMSafeModeManager.java:validateSafeModeExitRules(214)) - AtleastOneDatanodeReportedRule rule is successfully validated
2020-12-29 02:32:36,923 [EventQueue-PipelineReportForOneReplicaPipelineSafeModeRule] INFO  safemode.SCMSafeModeManager (SCMSafeModeManager.java:validateSafeModeExitRules(214)) - AtleastOneDatanodeReportedRule rule is successfully validated
2020-12-29 02:32:37,098 [EventQueue-PipelineReportForOneReplicaPipelineSafeModeRule] INFO  safemode.SCMSafeModeManager (SCMSafeModeManager.java:validateSafeModeExitRules(214)) - AtleastOneDatanodeReportedRule rule is successfully validated
2020-12-29 02:32:37,287 [EventQueue-PipelineReportForOneReplicaPipelineSafeModeRule] INFO  safemode.SCMSafeModeManager (SCMSafeModeManager.java:validateSafeModeExitRules(214)) - AtleastOneDatanodeReportedRule rule is successfully validated
2020-12-29 02:32:37,501 [Listener at 127.0.0.1/43157] INFO  ozone.MiniOzoneClusterImpl (MiniOzoneClusterImpl.java:lambda$waitForClusterToBeReady$0(178)) - Nodes are ready. Got 6 of 6 DN Heartbeats.
2020-12-29 02:32:37,501 [Listener at 127.0.0.1/43157] INFO  ozone.MiniOzoneClusterImpl (MiniOzoneClusterImpl.java:lambda$waitForClusterToBeReady$0(181)) - Waiting for cluster to exit safe mode
2020-12-29 02:32:37,501 [EventQueue-PipelineReportForOneReplicaPipelineSafeModeRule] INFO  safemode.SCMSafeModeManager (SCMSafeModeManager.java:validateSafeModeExitRules(214)) - AtleastOneDatanodeReportedRule rule is successfully validated
2020-12-29 02:32:37,528 [Command processor thread] INFO  server.RaftServer (RaftServerProxy.java:addNew(93)) - 711a5d62-dee4-49d0-b2b9-1fce1aa24acb: addNew group-60098F217E50:[711a5d62-dee4-49d0-b2b9-1fce1aa24acb|rpc:172.17.0.2:41697] returns group-60098F217E50:java.util.concurrent.CompletableFuture@20fe57a8[Not completed]
2020-12-29 02:32:37,529 [EventQueue-PipelineReportForOneReplicaPipelineSafeModeRule] INFO  safemode.SCMSafeModeManager (SCMSafeModeManager.java:validateSafeModeExitRules(214)) - AtleastOneDatanodeReportedRule rule is successfully validated
2020-12-29 02:32:37,530 [pool-237-thread-1] INFO  server.RaftServer$Division (RaftServerImpl.java:<init>(173)) - 711a5d62-dee4-49d0-b2b9-1fce1aa24acb: new RaftServerImpl for group-60098F217E50:[711a5d62-dee4-49d0-b2b9-1fce1aa24acb|rpc:172.17.0.2:41697] with ContainerStateMachine:uninitialized
2020-12-29 02:32:37,530 [pool-237-thread-1] INFO  server.RaftServerConfigKeys (ConfUtils.java:logGet(44)) - raft.server.rpc.timeout.min = 5s (custom)
2020-12-29 02:32:37,530 [pool-237-thread-1] INFO  server.RaftServerConfigKeys (ConfUtils.java:logGet(44)) - raft.server.rpc.timeout.max = 5200ms (custom)
2020-12-29 02:32:37,531 [pool-237-thread-1] INFO  server.RaftServerConfigKeys (ConfUtils.java:logGet(44)) - raft.server.rpc.sleep.time = 25ms (default)
2020-12-29 02:32:37,531 [pool-237-thread-1] INFO  server.RaftServerConfigKeys (ConfUtils.java:logGet(44)) - raft.server.rpc.slowness.timeout = 300s (custom)
2020-12-29 02:32:37,531 [pool-237-thread-1] INFO  server.RaftServerConfigKeys (ConfUtils.java:logGet(44)) - raft.server.leaderelection.leader.step-down.wait-time = 10s (default)
2020-12-29 02:32:37,531 [pool-237-thread-1] INFO  server.RaftServerConfigKeys (ConfUtils.java:logGet(44)) - raft.server.sleep.deviation.threshold = 300ms (default)
2020-12-29 02:32:37,531 [pool-237-thread-1] INFO  server.RaftServerConfigKeys (ConfUtils.java:logGet(44)) - raft.server.log.appender.install.snapshot.enabled = false (custom)
2020-12-29 02:32:37,531 [pool-237-thread-1] INFO  server.RaftServer$Division (ServerState.java:<init>(104)) - 711a5d62-dee4-49d0-b2b9-1fce1aa24acb@group-60098F217E50: ConfigurationManager, init=-1: [711a5d62-dee4-49d0-b2b9-1fce1aa24acb|rpc:172.17.0.2:41697], old=null, confs=<EMPTY_MAP>
2020-12-29 02:32:37,531 [pool-237-thread-1] INFO  server.RaftServerConfigKeys (ConfUtils.java:logGet(44)) - raft.server.storage.dir = [/github/workspace/mnt/ozone/hadoop-ozone/integration-test/target/test-dir/MiniOzoneClusterImpl-e6490a55-0da7-46e5-97f4-9b4e66d62915/datanode-0/data/ratis] (custom)
2020-12-29 02:32:37,532 [pool-237-thread-1] INFO  server.RaftServerConfigKeys (ConfUtils.java:logGet(44)) - raft.server.log.corruption.policy = EXCEPTION (default)
2020-12-29 02:32:37,532 [pool-237-thread-1] INFO  storage.RaftStorageDirectory (RaftStorageDirectory.java:analyzeStorage(260)) - The storage directory /github/workspace/mnt/ozone/hadoop-ozone/integration-test/target/test-dir/MiniOzoneClusterImpl-e6490a55-0da7-46e5-97f4-9b4e66d62915/datanode-0/data/ratis/022782b4-27d9-49a2-a5ae-60098f217e50 does not exist. Creating ...
2020-12-29 02:32:37,541 [pool-237-thread-1] INFO  storage.RaftStorageDirectory (RaftStorageDirectory.java:tryLock(342)) - Lock on /github/workspace/mnt/ozone/hadoop-ozone/integration-test/target/test-dir/MiniOzoneClusterImpl-e6490a55-0da7-46e5-97f4-9b4e66d62915/datanode-0/data/ratis/022782b4-27d9-49a2-a5ae-60098f217e50/in_use.lock acquired by nodename 16476@3099d1499688
2020-12-29 02:32:37,542 [pool-237-thread-1] INFO  storage.RaftStorage (RaftStorage.java:format(89)) - Storage directory /github/workspace/mnt/ozone/hadoop-ozone/integration-test/target/test-dir/MiniOzoneClusterImpl-e6490a55-0da7-46e5-97f4-9b4e66d62915/datanode-0/data/ratis/022782b4-27d9-49a2-a5ae-60098f217e50 has been successfully formatted.
2020-12-29 02:32:37,543 [pool-237-thread-1] INFO  ratis.ContainerStateMachine (ContainerStateMachine.java:loadSnapshot(223)) - group-60098F217E50: The snapshot info is null. Setting the last applied indexto:(t:0, i:~)
2020-12-29 02:32:37,543 [pool-237-thread-1] ERROR storage.RaftStorage (RaftStorage.java:readRaftConfiguration(152)) - Failed reading configuration from file:/github/workspace/mnt/ozone/hadoop-ozone/integration-test/target/test-dir/MiniOzoneClusterImpl-e6490a55-0da7-46e5-97f4-9b4e66d62915/datanode-0/data/ratis/022782b4-27d9-49a2-a5ae-60098f217e50/current/raft-meta.conf
java.io.FileNotFoundException: /github/workspace/mnt/ozone/hadoop-ozone/integration-test/target/test-dir/MiniOzoneClusterImpl-e6490a55-0da7-46e5-97f4-9b4e66d62915/datanode-0/data/ratis/022782b4-27d9-49a2-a5ae-60098f217e50/current/raft-meta.conf (No such file or directory)
	at java.io.FileInputStream.open0(Native Method)
	at java.io.FileInputStream.open(FileInputStream.java:195)
	at java.io.FileInputStream.<init>(FileInputStream.java:138)
	at org.apache.ratis.server.storage.RaftStorage.readRaftConfiguration(RaftStorage.java:148)
	at org.apache.ratis.server.impl.ServerState.initStatemachine(ServerState.java:167)
	at org.apache.ratis.server.impl.ServerState.<init>(ServerState.java:112)
	at org.apache.ratis.server.impl.RaftServerImpl.<init>(RaftServerImpl.java:186)
	at org.apache.ratis.server.impl.RaftServerProxy.lambda$newRaftServerImpl$4(RaftServerProxy.java:264)
	at java.util.concurrent.CompletableFuture$AsyncSupply.run(CompletableFuture.java:1604)
	at java.util.concurrent.ThreadPoolExecutor.runWorker(ThreadPoolExecutor.java:1149)
	at java.util.concurrent.ThreadPoolExecutor$Worker.run(ThreadPoolExecutor.java:624)
	at java.lang.Thread.run(Thread.java:748)
2020-12-29 02:32:37,543 [pool-237-thread-1] INFO  server.RaftServerConfigKeys (ConfUtils.java:logGet(44)) - raft.server.notification.no-leader.timeout = 300s (custom)
2020-12-29 02:32:37,544 [EventQueue-PipelineReportForOneReplicaPipelineSafeModeRule] INFO  safemode.SCMSafeModeManager (SCMSafeModeManager.java:validateSafeModeExitRules(214)) - AtleastOneDatanodeReportedRule rule is successfully validated
2020-12-29 02:32:37,544 [EventQueue-PipelineReportForPipelineReportHandler] INFO  pipeline.PipelineStateManager (PipelineStateManager.java:openPipeline(132)) - Pipeline Pipeline[ Id: 022782b4-27d9-49a2-a5ae-60098f217e50, Nodes: 711a5d62-dee4-49d0-b2b9-1fce1aa24acb{ip: 172.17.0.2, host: 3099d1499688, networkLocation: /default-rack, certSerialId: null, persistedOpState: IN_SERVICE, persistedOpStateExpiryEpochSec: 0}, Type:RATIS, Factor:ONE, State:ALLOCATED, leaderId:711a5d62-dee4-49d0-b2b9-1fce1aa24acb, CreationTimestamp2020-12-29T02:32:34.537Z] moved to OPEN state
2020-12-29 02:32:37,544 [pool-237-thread-1] INFO  server.RaftServerConfigKeys (ConfUtils.java:logGet(44)) - raft.server.log.use.memory = false (default)
2020-12-29 02:32:37,545 [pool-237-thread-1] INFO  server.RaftServerConfigKeys (ConfUtils.java:logGet(44)) - raft.server.log.purge.gap = 1000000 (custom)
2020-12-29 02:32:37,545 [pool-237-thread-1] INFO  metrics.RatisMetrics (RatisMetrics.java:lambda$create$0(36)) - Creating Metrics Registry : ratis.log_worker.711a5d62-dee4-49d0-b2b9-1fce1aa24acb@group-60098F217E50
2020-12-29 02:32:37,546 [pool-237-thread-1] INFO  server.RaftServerConfigKeys (ConfUtils.java:logGet(44)) - raft.server.log.appender.buffer.byte-limit = 33554432 (custom)
2020-12-29 02:32:37,546 [pool-237-thread-1] INFO  server.RaftServerConfigKeys (ConfUtils.java:logGet(44)) - raft.server.log.segment.size.max = 1048576 (custom)
2020-12-29 02:32:37,546 [pool-237-thread-1] INFO  server.RaftServerConfigKeys (ConfUtils.java:logGet(44)) - raft.server.log.segment.cache.num.max = 2 (custom)
2020-12-29 02:32:37,546 [pool-237-thread-1] INFO  server.RaftServerConfigKeys (ConfUtils.java:logGet(44)) - raft.server.log.segment.cache.size.max = 200MB (=209715200) (default)
2020-12-29 02:32:37,546 [pool-237-thread-1] INFO  segmented.SegmentedRaftLogWorker (SegmentedRaftLogWorker.java:<init>(181)) - new 711a5d62-dee4-49d0-b2b9-1fce1aa24acb@group-60098F217E50-SegmentedRaftLogWorker for RaftStorage:Storage Directory /github/workspace/mnt/ozone/hadoop-ozone/integration-test/target/test-dir/MiniOzoneClusterImpl-e6490a55-0da7-46e5-97f4-9b4e66d62915/datanode-0/data/ratis/022782b4-27d9-49a2-a5ae-60098f217e50
2020-12-29 02:32:37,547 [pool-237-thread-1] INFO  server.RaftServerConfigKeys (ConfUtils.java:logGet(44)) - raft.server.log.queue.byte-limit = 2147483647 (custom)
2020-12-29 02:32:37,547 [pool-237-thread-1] INFO  server.RaftServerConfigKeys (ConfUtils.java:logGet(44)) - raft.server.log.queue.element-limit = 1024 (custom)
2020-12-29 02:32:37,547 [pool-237-thread-1] INFO  server.RaftServerConfigKeys (ConfUtils.java:logGet(44)) - raft.server.log.segment.size.max = 1048576 (custom)
2020-12-29 02:32:37,547 [pool-237-thread-1] INFO  server.RaftServerConfigKeys (ConfUtils.java:logGet(44)) - raft.server.log.preallocated.size = 16384 (custom)
2020-12-29 02:32:37,547 [pool-237-thread-1] INFO  server.RaftServerConfigKeys (ConfUtils.java:logGet(44)) - raft.server.log.force.sync.num = 128 (default)
2020-12-29 02:32:37,547 [pool-237-thread-1] INFO  server.RaftServerConfigKeys (ConfUtils.java:logGet(44)) - raft.server.log.statemachine.data.sync = true (default)
2020-12-29 02:32:37,547 [pool-237-thread-1] INFO  server.RaftServerConfigKeys (ConfUtils.java:logGet(44)) - raft.server.log.statemachine.data.sync.timeout = 10s (default)
2020-12-29 02:32:37,547 [pool-237-thread-1] INFO  server.RaftServerConfigKeys (ConfUtils.java:logGet(44)) - raft.server.log.statemachine.data.sync.timeout.retry = -1 (default)
2020-12-29 02:32:37,548 [pool-237-thread-1] INFO  server.RaftServerConfigKeys (ConfUtils.java:logGet(44)) - raft.server.log.write.buffer.size = 1048576 (custom)
2020-12-29 02:32:37,549 [pool-237-thread-1] INFO  server.RaftServerConfigKeys (ConfUtils.java:logGet(44)) - raft.server.log.statemachine.data.caching.enabled = true (custom)
2020-12-29 02:32:37,549 [pool-237-thread-1] INFO  segmented.SegmentedRaftLogWorker (SegmentedRaftLogWorker.java:lambda$new$0(132)) - 711a5d62-dee4-49d0-b2b9-1fce1aa24acb@group-60098F217E50-SegmentedRaftLogWorker: flushIndex: setUnconditionally 0 -> -1
2020-12-29 02:32:37,550 [pool-237-thread-1] INFO  segmented.SegmentedRaftLogWorker (SegmentedRaftLogWorker.java:lambda$new$0(132)) - 711a5d62-dee4-49d0-b2b9-1fce1aa24acb@group-60098F217E50-SegmentedRaftLogWorker: safeCacheEvictIndex: setUnconditionally 0 -> -1
2020-12-29 02:32:37,550 [EventQueue-OpenPipelineForHealthyPipelineSafeModeRule] INFO  safemode.SCMSafeModeManager (HealthyPipelineSafeModeRule.java:process(128)) - SCM in safe mode. Healthy pipelines reported count is 0, required healthy pipeline reported count is 1
2020-12-29 02:32:37,550 [pool-237-thread-1] INFO  server.RaftServerConfigKeys (ConfUtils.java:logGet(44)) - raft.server.snapshot.auto.trigger.enabled = true (custom)
2020-12-29 02:32:37,550 [pool-237-thread-1] INFO  server.RaftServerConfigKeys (ConfUtils.java:logGet(44)) - raft.server.snapshot.auto.trigger.threshold = 10000 (custom)
2020-12-29 02:32:37,551 [pool-237-thread-1] INFO  server.RaftServerConfigKeys (ConfUtils.java:logGet(44)) - raft.server.snapshot.retention.file.num = 5 (custom)
2020-12-29 02:32:37,551 [pool-237-thread-1] INFO  server.RaftServerConfigKeys (ConfUtils.java:logGet(44)) - raft.server.log.purge.upto.snapshot.index = false (default)
2020-12-29 02:32:37,551 [pool-237-thread-1] INFO  server.RaftServerConfigKeys (ConfUtils.java:logGet(44)) - raft.server.retrycache.expirytime = 600000ms (custom)
2020-12-29 02:32:37,551 [pool-237-thread-1] INFO  server.RaftServerConfigKeys (ConfUtils.java:logGet(44)) - raft.server.retrycache.statistics.expirytime = 100?s (default)
2020-12-29 02:32:37,551 [pool-237-thread-1] INFO  metrics.RatisMetrics (RatisMetrics.java:lambda$create$0(36)) - Creating Metrics Registry : ratis.leader_election.711a5d62-dee4-49d0-b2b9-1fce1aa24acb@group-60098F217E50
2020-12-29 02:32:37,556 [pool-237-thread-1] INFO  metrics.RatisMetrics (RatisMetrics.java:lambda$create$0(36)) - Creating Metrics Registry : ratis.server.711a5d62-dee4-49d0-b2b9-1fce1aa24acb@group-60098F217E50
2020-12-29 02:32:37,557 [pool-237-thread-1] INFO  server.RaftServer$Division (RaftServerImpl.java:start(286)) - 711a5d62-dee4-49d0-b2b9-1fce1aa24acb@group-60098F217E50: start as a follower, conf=-1: [711a5d62-dee4-49d0-b2b9-1fce1aa24acb|rpc:172.17.0.2:41697], old=null
2020-12-29 02:32:37,557 [pool-237-thread-1] INFO  server.RaftServer$Division (RaftServerImpl.java:setRole(275)) - 711a5d62-dee4-49d0-b2b9-1fce1aa24acb@group-60098F217E50: changes role from      null to FOLLOWER at term 0 for startAsFollower
2020-12-29 02:32:37,557 [pool-237-thread-1] INFO  impl.RoleInfo (RoleInfo.java:updateAndGet(130)) - 711a5d62-dee4-49d0-b2b9-1fce1aa24acb: start 711a5d62-dee4-49d0-b2b9-1fce1aa24acb@group-60098F217E50-FollowerState
2020-12-29 02:32:37,564 [pool-237-thread-1] INFO  util.JmxRegister (JmxRegister.java:tryRegister(44)) - Successfully registered JMX Bean with object name Ratis:service=RaftServer,group=group-60098F217E50,id=711a5d62-dee4-49d0-b2b9-1fce1aa24acb
2020-12-29 02:32:37,564 [pool-237-thread-1] INFO  metrics.RatisMetrics (RatisMetrics.java:lambda$create$0(36)) - Creating Metrics Registry : ratis.state_machine.711a5d62-dee4-49d0-b2b9-1fce1aa24acb@group-60098F217E50
2020-12-29 02:32:37,566 [Command processor thread] INFO  commandhandler.CreatePipelineCommandHandler (CreatePipelineCommandHandler.java:handle(106)) - Created Pipeline RATIS ONE PipelineID=022782b4-27d9-49a2-a5ae-60098f217e50.
2020-12-29 02:32:37,566 [Command processor thread] INFO  server.RaftServer (RaftServerProxy.java:addNew(93)) - 711a5d62-dee4-49d0-b2b9-1fce1aa24acb: addNew group-9A41716FB576:[711a5d62-dee4-49d0-b2b9-1fce1aa24acb|rpc:172.17.0.2:41697, acc45ab6-017e-46ef-a2cf-eb53f92e8ea7|rpc:172.17.0.2:40641, 9465357b-4c2a-4b31-9d0e-a8957ee25dd0|rpc:172.17.0.2:44375] returns group-9A41716FB576:java.util.concurrent.CompletableFuture@24c1d76f[Not completed]
2020-12-29 02:32:37,567 [pool-237-thread-1] INFO  server.RaftServer$Division (RaftServerImpl.java:<init>(173)) - 711a5d62-dee4-49d0-b2b9-1fce1aa24acb: new RaftServerImpl for group-9A41716FB576:[711a5d62-dee4-49d0-b2b9-1fce1aa24acb|rpc:172.17.0.2:41697, acc45ab6-017e-46ef-a2cf-eb53f92e8ea7|rpc:172.17.0.2:40641, 9465357b-4c2a-4b31-9d0e-a8957ee25dd0|rpc:172.17.0.2:44375] with ContainerStateMachine:uninitialized
2020-12-29 02:32:37,567 [pool-237-thread-1] INFO  server.RaftServerConfigKeys (ConfUtils.java:logGet(44)) - raft.server.rpc.timeout.min = 5s (custom)
2020-12-29 02:32:37,567 [pool-237-thread-1] INFO  server.RaftServerConfigKeys (ConfUtils.java:logGet(44)) - raft.server.rpc.timeout.max = 5200ms (custom)
2020-12-29 02:32:37,567 [pool-237-thread-1] INFO  server.RaftServerConfigKeys (ConfUtils.java:logGet(44)) - raft.server.rpc.sleep.time = 25ms (default)
2020-12-29 02:32:37,567 [pool-237-thread-1] INFO  server.RaftServerConfigKeys (ConfUtils.java:logGet(44)) - raft.server.rpc.slowness.timeout = 300s (custom)
2020-12-29 02:32:37,567 [pool-237-thread-1] INFO  server.RaftServerConfigKeys (ConfUtils.java:logGet(44)) - raft.server.leaderelection.leader.step-down.wait-time = 10s (default)
2020-12-29 02:32:37,567 [pool-237-thread-1] INFO  server.RaftServerConfigKeys (ConfUtils.java:logGet(44)) - raft.server.sleep.deviation.threshold = 300ms (default)
2020-12-29 02:32:37,567 [pool-237-thread-1] INFO  server.RaftServerConfigKeys (ConfUtils.java:logGet(44)) - raft.server.log.appender.install.snapshot.enabled = false (custom)
2020-12-29 02:32:37,568 [pool-237-thread-1] INFO  server.RaftServer$Division (ServerState.java:<init>(104)) - 711a5d62-dee4-49d0-b2b9-1fce1aa24acb@group-9A41716FB576: ConfigurationManager, init=-1: [711a5d62-dee4-49d0-b2b9-1fce1aa24acb|rpc:172.17.0.2:41697, acc45ab6-017e-46ef-a2cf-eb53f92e8ea7|rpc:172.17.0.2:40641, 9465357b-4c2a-4b31-9d0e-a8957ee25dd0|rpc:172.17.0.2:44375], old=null, confs=<EMPTY_MAP>
2020-12-29 02:32:37,568 [pool-237-thread-1] INFO  server.RaftServerConfigKeys (ConfUtils.java:logGet(44)) - raft.server.storage.dir = [/github/workspace/mnt/ozone/hadoop-ozone/integration-test/target/test-dir/MiniOzoneClusterImpl-e6490a55-0da7-46e5-97f4-9b4e66d62915/datanode-0/data/ratis] (custom)
2020-12-29 02:32:37,568 [pool-237-thread-1] INFO  server.RaftServerConfigKeys (ConfUtils.java:logGet(44)) - raft.server.log.corruption.policy = EXCEPTION (default)
2020-12-29 02:32:37,568 [pool-237-thread-1] INFO  storage.RaftStorageDirectory (RaftStorageDirectory.java:analyzeStorage(260)) - The storage directory /github/workspace/mnt/ozone/hadoop-ozone/integration-test/target/test-dir/MiniOzoneClusterImpl-e6490a55-0da7-46e5-97f4-9b4e66d62915/datanode-0/data/ratis/47ec387c-32a6-4581-a9f6-9a41716fb576 does not exist. Creating ...
2020-12-29 02:32:37,569 [pool-237-thread-1] INFO  storage.RaftStorageDirectory (RaftStorageDirectory.java:tryLock(342)) - Lock on /github/workspace/mnt/ozone/hadoop-ozone/integration-test/target/test-dir/MiniOzoneClusterImpl-e6490a55-0da7-46e5-97f4-9b4e66d62915/datanode-0/data/ratis/47ec387c-32a6-4581-a9f6-9a41716fb576/in_use.lock acquired by nodename 16476@3099d1499688
2020-12-29 02:32:37,570 [pool-237-thread-1] INFO  storage.RaftStorage (RaftStorage.java:format(89)) - Storage directory /github/workspace/mnt/ozone/hadoop-ozone/integration-test/target/test-dir/MiniOzoneClusterImpl-e6490a55-0da7-46e5-97f4-9b4e66d62915/datanode-0/data/ratis/47ec387c-32a6-4581-a9f6-9a41716fb576 has been successfully formatted.
2020-12-29 02:32:37,570 [pool-237-thread-1] INFO  ratis.ContainerStateMachine (ContainerStateMachine.java:loadSnapshot(223)) - group-9A41716FB576: The snapshot info is null. Setting the last applied indexto:(t:0, i:~)
2020-12-29 02:32:37,570 [pool-237-thread-1] ERROR storage.RaftStorage (RaftStorage.java:readRaftConfiguration(152)) - Failed reading configuration from file:/github/workspace/mnt/ozone/hadoop-ozone/integration-test/target/test-dir/MiniOzoneClusterImpl-e6490a55-0da7-46e5-97f4-9b4e66d62915/datanode-0/data/ratis/47ec387c-32a6-4581-a9f6-9a41716fb576/current/raft-meta.conf
java.io.FileNotFoundException: /github/workspace/mnt/ozone/hadoop-ozone/integration-test/target/test-dir/MiniOzoneClusterImpl-e6490a55-0da7-46e5-97f4-9b4e66d62915/datanode-0/data/ratis/47ec387c-32a6-4581-a9f6-9a41716fb576/current/raft-meta.conf (No such file or directory)
	at java.io.FileInputStream.open0(Native Method)
	at java.io.FileInputStream.open(FileInputStream.java:195)
	at java.io.FileInputStream.<init>(FileInputStream.java:138)
	at org.apache.ratis.server.storage.RaftStorage.readRaftConfiguration(RaftStorage.java:148)
	at org.apache.ratis.server.impl.ServerState.initStatemachine(ServerState.java:167)
	at org.apache.ratis.server.impl.ServerState.<init>(ServerState.java:112)
	at org.apache.ratis.server.impl.RaftServerImpl.<init>(RaftServerImpl.java:186)
	at org.apache.ratis.server.impl.RaftServerProxy.lambda$newRaftServerImpl$4(RaftServerProxy.java:264)
	at java.util.concurrent.CompletableFuture$AsyncSupply.run(CompletableFuture.java:1604)
	at java.util.concurrent.ThreadPoolExecutor.runWorker(ThreadPoolExecutor.java:1149)
	at java.util.concurrent.ThreadPoolExecutor$Worker.run(ThreadPoolExecutor.java:624)
	at java.lang.Thread.run(Thread.java:748)
2020-12-29 02:32:37,571 [EventQueue-PipelineReportForOneReplicaPipelineSafeModeRule] INFO  safemode.SCMSafeModeManager (SCMSafeModeManager.java:validateSafeModeExitRules(214)) - AtleastOneDatanodeReportedRule rule is successfully validated
2020-12-29 02:32:37,571 [EventQueue-OpenPipelineForHealthyPipelineSafeModeRule] INFO  safemode.SCMSafeModeManager (HealthyPipelineSafeModeRule.java:process(128)) - SCM in safe mode. Healthy pipelines reported count is 0, required healthy pipeline reported count is 1
2020-12-29 02:32:37,571 [pool-237-thread-1] INFO  server.RaftServerConfigKeys (ConfUtils.java:logGet(44)) - raft.server.notification.no-leader.timeout = 300s (custom)
2020-12-29 02:32:37,571 [pool-237-thread-1] INFO  server.RaftServerConfigKeys (ConfUtils.java:logGet(44)) - raft.server.log.use.memory = false (default)
2020-12-29 02:32:37,571 [pool-237-thread-1] INFO  server.RaftServerConfigKeys (ConfUtils.java:logGet(44)) - raft.server.log.purge.gap = 1000000 (custom)
2020-12-29 02:32:37,571 [pool-237-thread-1] INFO  metrics.RatisMetrics (RatisMetrics.java:lambda$create$0(36)) - Creating Metrics Registry : ratis.log_worker.711a5d62-dee4-49d0-b2b9-1fce1aa24acb@group-9A41716FB576
2020-12-29 02:32:37,572 [pool-237-thread-1] INFO  server.RaftServerConfigKeys (ConfUtils.java:logGet(44)) - raft.server.log.appender.buffer.byte-limit = 33554432 (custom)
2020-12-29 02:32:37,572 [pool-237-thread-1] INFO  server.RaftServerConfigKeys (ConfUtils.java:logGet(44)) - raft.server.log.segment.size.max = 1048576 (custom)
2020-12-29 02:32:37,572 [pool-237-thread-1] INFO  server.RaftServerConfigKeys (ConfUtils.java:logGet(44)) - raft.server.log.segment.cache.num.max = 2 (custom)
2020-12-29 02:32:37,572 [pool-237-thread-1] INFO  server.RaftServerConfigKeys (ConfUtils.java:logGet(44)) - raft.server.log.segment.cache.size.max = 200MB (=209715200) (default)
2020-12-29 02:32:37,572 [pool-237-thread-1] INFO  segmented.SegmentedRaftLogWorker (SegmentedRaftLogWorker.java:<init>(181)) - new 711a5d62-dee4-49d0-b2b9-1fce1aa24acb@group-9A41716FB576-SegmentedRaftLogWorker for RaftStorage:Storage Directory /github/workspace/mnt/ozone/hadoop-ozone/integration-test/target/test-dir/MiniOzoneClusterImpl-e6490a55-0da7-46e5-97f4-9b4e66d62915/datanode-0/data/ratis/47ec387c-32a6-4581-a9f6-9a41716fb576
2020-12-29 02:32:37,572 [pool-237-thread-1] INFO  server.RaftServerConfigKeys (ConfUtils.java:logGet(44)) - raft.server.log.queue.byte-limit = 2147483647 (custom)
2020-12-29 02:32:37,573 [pool-237-thread-1] INFO  server.RaftServerConfigKeys (ConfUtils.java:logGet(44)) - raft.server.log.queue.element-limit = 1024 (custom)
2020-12-29 02:32:37,573 [pool-237-thread-1] INFO  server.RaftServerConfigKeys (ConfUtils.java:logGet(44)) - raft.server.log.segment.size.max = 1048576 (custom)
2020-12-29 02:32:37,573 [pool-237-thread-1] INFO  server.RaftServerConfigKeys (ConfUtils.java:logGet(44)) - raft.server.log.preallocated.size = 16384 (custom)
2020-12-29 02:32:37,573 [pool-237-thread-1] INFO  server.RaftServerConfigKeys (ConfUtils.java:logGet(44)) - raft.server.log.force.sync.num = 128 (default)
2020-12-29 02:32:37,573 [pool-237-thread-1] INFO  server.RaftServerConfigKeys (ConfUtils.java:logGet(44)) - raft.server.log.statemachine.data.sync = true (default)
2020-12-29 02:32:37,573 [pool-237-thread-1] INFO  server.RaftServerConfigKeys (ConfUtils.java:logGet(44)) - raft.server.log.statemachine.data.sync.timeout = 10s (default)
2020-12-29 02:32:37,573 [pool-237-thread-1] INFO  server.RaftServerConfigKeys (ConfUtils.java:logGet(44)) - raft.server.log.statemachine.data.sync.timeout.retry = -1 (default)
2020-12-29 02:32:37,574 [pool-237-thread-1] INFO  server.RaftServerConfigKeys (ConfUtils.java:logGet(44)) - raft.server.log.write.buffer.size = 1048576 (custom)
2020-12-29 02:32:37,575 [pool-237-thread-1] INFO  server.RaftServerConfigKeys (ConfUtils.java:logGet(44)) - raft.server.log.statemachine.data.caching.enabled = true (custom)
2020-12-29 02:32:37,575 [pool-237-thread-1] INFO  segmented.SegmentedRaftLogWorker (SegmentedRaftLogWorker.java:lambda$new$0(132)) - 711a5d62-dee4-49d0-b2b9-1fce1aa24acb@group-9A41716FB576-SegmentedRaftLogWorker: flushIndex: setUnconditionally 0 -> -1
2020-12-29 02:32:37,575 [pool-237-thread-1] INFO  segmented.SegmentedRaftLogWorker (SegmentedRaftLogWorker.java:lambda$new$0(132)) - 711a5d62-dee4-49d0-b2b9-1fce1aa24acb@group-9A41716FB576-SegmentedRaftLogWorker: safeCacheEvictIndex: setUnconditionally 0 -> -1
2020-12-29 02:32:37,575 [pool-237-thread-1] INFO  server.RaftServerConfigKeys (ConfUtils.java:logGet(44)) - raft.server.snapshot.auto.trigger.enabled = true (custom)
2020-12-29 02:32:37,575 [pool-237-thread-1] INFO  server.RaftServerConfigKeys (ConfUtils.java:logGet(44)) - raft.server.snapshot.auto.trigger.threshold = 10000 (custom)
2020-12-29 02:32:37,576 [pool-237-thread-1] INFO  server.RaftServerConfigKeys (ConfUtils.java:logGet(44)) - raft.server.snapshot.retention.file.num = 5 (custom)
2020-12-29 02:32:37,576 [pool-237-thread-1] INFO  server.RaftServerConfigKeys (ConfUtils.java:logGet(44)) - raft.server.log.purge.upto.snapshot.index = false (default)
2020-12-29 02:32:37,576 [pool-237-thread-1] INFO  server.RaftServerConfigKeys (ConfUtils.java:logGet(44)) - raft.server.retrycache.expirytime = 600000ms (custom)
2020-12-29 02:32:37,576 [pool-237-thread-1] INFO  server.RaftServerConfigKeys (ConfUtils.java:logGet(44)) - raft.server.retrycache.statistics.expirytime = 100?s (default)
2020-12-29 02:32:37,576 [pool-237-thread-1] INFO  metrics.RatisMetrics (RatisMetrics.java:lambda$create$0(36)) - Creating Metrics Registry : ratis.leader_election.711a5d62-dee4-49d0-b2b9-1fce1aa24acb@group-9A41716FB576
2020-12-29 02:32:37,577 [pool-237-thread-1] INFO  metrics.RatisMetrics (RatisMetrics.java:lambda$create$0(36)) - Creating Metrics Registry : ratis.server.711a5d62-dee4-49d0-b2b9-1fce1aa24acb@group-9A41716FB576
2020-12-29 02:32:37,578 [pool-237-thread-1] INFO  server.RaftServer$Division (RaftServerImpl.java:start(286)) - 711a5d62-dee4-49d0-b2b9-1fce1aa24acb@group-9A41716FB576: start as a follower, conf=-1: [711a5d62-dee4-49d0-b2b9-1fce1aa24acb|rpc:172.17.0.2:41697, acc45ab6-017e-46ef-a2cf-eb53f92e8ea7|rpc:172.17.0.2:40641, 9465357b-4c2a-4b31-9d0e-a8957ee25dd0|rpc:172.17.0.2:44375], old=null
2020-12-29 02:32:37,578 [pool-237-thread-1] INFO  server.RaftServer$Division (RaftServerImpl.java:setRole(275)) - 711a5d62-dee4-49d0-b2b9-1fce1aa24acb@group-9A41716FB576: changes role from      null to FOLLOWER at term 0 for startAsFollower
2020-12-29 02:32:37,578 [pool-237-thread-1] INFO  impl.RoleInfo (RoleInfo.java:updateAndGet(130)) - 711a5d62-dee4-49d0-b2b9-1fce1aa24acb: start 711a5d62-dee4-49d0-b2b9-1fce1aa24acb@group-9A41716FB576-FollowerState
2020-12-29 02:32:37,579 [pool-237-thread-1] INFO  util.JmxRegister (JmxRegister.java:tryRegister(44)) - Successfully registered JMX Bean with object name Ratis:service=RaftServer,group=group-9A41716FB576,id=711a5d62-dee4-49d0-b2b9-1fce1aa24acb
2020-12-29 02:32:37,579 [pool-237-thread-1] INFO  metrics.RatisMetrics (RatisMetrics.java:lambda$create$0(36)) - Creating Metrics Registry : ratis.state_machine.711a5d62-dee4-49d0-b2b9-1fce1aa24acb@group-9A41716FB576
2020-12-29 02:32:37,584 [Command processor thread] INFO  metrics.RatisMetrics (RatisMetrics.java:lambda$create$0(36)) - Creating Metrics Registry : ratis.client_message_metrics.client-688662F8A9EB->acc45ab6-017e-46ef-a2cf-eb53f92e8ea7
2020-12-29 02:32:37,589 [grpc-default-executor-2] INFO  metrics.RatisMetrics (RatisMetrics.java:lambda$create$0(36)) - Creating Metrics Registry : ratis.server_message_metrics.acc45ab6-017e-46ef-a2cf-eb53f92e8ea7
2020-12-29 02:32:37,591 [grpc-default-executor-2] INFO  server.RaftServer (RaftServerProxy.java:addNew(93)) - acc45ab6-017e-46ef-a2cf-eb53f92e8ea7: addNew group-9A41716FB576:[711a5d62-dee4-49d0-b2b9-1fce1aa24acb|rpc:172.17.0.2:41697|dataStream:, acc45ab6-017e-46ef-a2cf-eb53f92e8ea7|rpc:172.17.0.2:40641|dataStream:, 9465357b-4c2a-4b31-9d0e-a8957ee25dd0|rpc:172.17.0.2:44375|dataStream:] returns group-9A41716FB576:java.util.concurrent.CompletableFuture@33279415[Not completed]
2020-12-29 02:32:37,592 [pool-253-thread-1] INFO  server.RaftServer$Division (RaftServerImpl.java:<init>(173)) - acc45ab6-017e-46ef-a2cf-eb53f92e8ea7: new RaftServerImpl for group-9A41716FB576:[711a5d62-dee4-49d0-b2b9-1fce1aa24acb|rpc:172.17.0.2:41697|dataStream:, acc45ab6-017e-46ef-a2cf-eb53f92e8ea7|rpc:172.17.0.2:40641|dataStream:, 9465357b-4c2a-4b31-9d0e-a8957ee25dd0|rpc:172.17.0.2:44375|dataStream:] with ContainerStateMachine:uninitialized
2020-12-29 02:32:37,592 [pool-253-thread-1] INFO  server.RaftServerConfigKeys (ConfUtils.java:logGet(44)) - raft.server.rpc.timeout.min = 5s (custom)
2020-12-29 02:32:37,592 [pool-253-thread-1] INFO  server.RaftServerConfigKeys (ConfUtils.java:logGet(44)) - raft.server.rpc.timeout.max = 5200ms (custom)
2020-12-29 02:32:37,592 [pool-253-thread-1] INFO  server.RaftServerConfigKeys (ConfUtils.java:logGet(44)) - raft.server.rpc.sleep.time = 25ms (default)
2020-12-29 02:32:37,592 [pool-253-thread-1] INFO  server.RaftServerConfigKeys (ConfUtils.java:logGet(44)) - raft.server.rpc.slowness.timeout = 300s (custom)
2020-12-29 02:32:37,592 [pool-253-thread-1] INFO  server.RaftServerConfigKeys (ConfUtils.java:logGet(44)) - raft.server.leaderelection.leader.step-down.wait-time = 10s (default)
2020-12-29 02:32:37,593 [pool-253-thread-1] INFO  server.RaftServerConfigKeys (ConfUtils.java:logGet(44)) - raft.server.sleep.deviation.threshold = 300ms (default)
2020-12-29 02:32:37,593 [pool-253-thread-1] INFO  server.RaftServerConfigKeys (ConfUtils.java:logGet(44)) - raft.server.log.appender.install.snapshot.enabled = false (custom)
2020-12-29 02:32:37,593 [pool-253-thread-1] INFO  server.RaftServer$Division (ServerState.java:<init>(104)) - acc45ab6-017e-46ef-a2cf-eb53f92e8ea7@group-9A41716FB576: ConfigurationManager, init=-1: [711a5d62-dee4-49d0-b2b9-1fce1aa24acb|rpc:172.17.0.2:41697|dataStream:, acc45ab6-017e-46ef-a2cf-eb53f92e8ea7|rpc:172.17.0.2:40641|dataStream:, 9465357b-4c2a-4b31-9d0e-a8957ee25dd0|rpc:172.17.0.2:44375|dataStream:], old=null, confs=<EMPTY_MAP>
2020-12-29 02:32:37,593 [pool-253-thread-1] INFO  server.RaftServerConfigKeys (ConfUtils.java:logGet(44)) - raft.server.storage.dir = [/github/workspace/mnt/ozone/hadoop-ozone/integration-test/target/test-dir/MiniOzoneClusterImpl-e6490a55-0da7-46e5-97f4-9b4e66d62915/datanode-1/data/ratis] (custom)
2020-12-29 02:32:37,593 [pool-253-thread-1] INFO  server.RaftServerConfigKeys (ConfUtils.java:logGet(44)) - raft.server.log.corruption.policy = EXCEPTION (default)
2020-12-29 02:32:37,593 [pool-253-thread-1] INFO  storage.RaftStorageDirectory (RaftStorageDirectory.java:analyzeStorage(260)) - The storage directory /github/workspace/mnt/ozone/hadoop-ozone/integration-test/target/test-dir/MiniOzoneClusterImpl-e6490a55-0da7-46e5-97f4-9b4e66d62915/datanode-1/data/ratis/47ec387c-32a6-4581-a9f6-9a41716fb576 does not exist. Creating ...
2020-12-29 02:32:37,594 [pool-253-thread-1] INFO  storage.RaftStorageDirectory (RaftStorageDirectory.java:tryLock(342)) - Lock on /github/workspace/mnt/ozone/hadoop-ozone/integration-test/target/test-dir/MiniOzoneClusterImpl-e6490a55-0da7-46e5-97f4-9b4e66d62915/datanode-1/data/ratis/47ec387c-32a6-4581-a9f6-9a41716fb576/in_use.lock acquired by nodename 16476@3099d1499688
2020-12-29 02:32:37,595 [pool-253-thread-1] INFO  storage.RaftStorage (RaftStorage.java:format(89)) - Storage directory /github/workspace/mnt/ozone/hadoop-ozone/integration-test/target/test-dir/MiniOzoneClusterImpl-e6490a55-0da7-46e5-97f4-9b4e66d62915/datanode-1/data/ratis/47ec387c-32a6-4581-a9f6-9a41716fb576 has been successfully formatted.
2020-12-29 02:32:37,596 [pool-253-thread-1] INFO  ratis.ContainerStateMachine (ContainerStateMachine.java:loadSnapshot(223)) - group-9A41716FB576: The snapshot info is null. Setting the last applied indexto:(t:0, i:~)
2020-12-29 02:32:37,596 [pool-253-thread-1] ERROR storage.RaftStorage (RaftStorage.java:readRaftConfiguration(152)) - Failed reading configuration from file:/github/workspace/mnt/ozone/hadoop-ozone/integration-test/target/test-dir/MiniOzoneClusterImpl-e6490a55-0da7-46e5-97f4-9b4e66d62915/datanode-1/data/ratis/47ec387c-32a6-4581-a9f6-9a41716fb576/current/raft-meta.conf
java.io.FileNotFoundException: /github/workspace/mnt/ozone/hadoop-ozone/integration-test/target/test-dir/MiniOzoneClusterImpl-e6490a55-0da7-46e5-97f4-9b4e66d62915/datanode-1/data/ratis/47ec387c-32a6-4581-a9f6-9a41716fb576/current/raft-meta.conf (No such file or directory)
	at java.io.FileInputStream.open0(Native Method)
	at java.io.FileInputStream.open(FileInputStream.java:195)
	at java.io.FileInputStream.<init>(FileInputStream.java:138)
	at org.apache.ratis.server.storage.RaftStorage.readRaftConfiguration(RaftStorage.java:148)
	at org.apache.ratis.server.impl.ServerState.initStatemachine(ServerState.java:167)
	at org.apache.ratis.server.impl.ServerState.<init>(ServerState.java:112)
	at org.apache.ratis.server.impl.RaftServerImpl.<init>(RaftServerImpl.java:186)
	at org.apache.ratis.server.impl.RaftServerProxy.lambda$newRaftServerImpl$4(RaftServerProxy.java:264)
	at java.util.concurrent.CompletableFuture$AsyncSupply.run(CompletableFuture.java:1604)
	at java.util.concurrent.ThreadPoolExecutor.runWorker(ThreadPoolExecutor.java:1149)
	at java.util.concurrent.ThreadPoolExecutor$Worker.run(ThreadPoolExecutor.java:624)
	at java.lang.Thread.run(Thread.java:748)
2020-12-29 02:32:37,597 [EventQueue-PipelineReportForOneReplicaPipelineSafeModeRule] INFO  safemode.SCMSafeModeManager (SCMSafeModeManager.java:validateSafeModeExitRules(214)) - AtleastOneDatanodeReportedRule rule is successfully validated
2020-12-29 02:32:37,600 [pool-253-thread-1] INFO  server.RaftServerConfigKeys (ConfUtils.java:logGet(44)) - raft.server.notification.no-leader.timeout = 300s (custom)
2020-12-29 02:32:37,600 [pool-253-thread-1] INFO  server.RaftServerConfigKeys (ConfUtils.java:logGet(44)) - raft.server.log.use.memory = false (default)
2020-12-29 02:32:37,600 [pool-253-thread-1] INFO  server.RaftServerConfigKeys (ConfUtils.java:logGet(44)) - raft.server.log.purge.gap = 1000000 (custom)
2020-12-29 02:32:37,600 [pool-253-thread-1] INFO  metrics.RatisMetrics (RatisMetrics.java:lambda$create$0(36)) - Creating Metrics Registry : ratis.log_worker.acc45ab6-017e-46ef-a2cf-eb53f92e8ea7@group-9A41716FB576
2020-12-29 02:32:37,600 [pool-253-thread-1] INFO  server.RaftServerConfigKeys (ConfUtils.java:logGet(44)) - raft.server.log.appender.buffer.byte-limit = 33554432 (custom)
2020-12-29 02:32:37,600 [pool-253-thread-1] INFO  server.RaftServerConfigKeys (ConfUtils.java:logGet(44)) - raft.server.log.segment.size.max = 1048576 (custom)
2020-12-29 02:32:37,601 [pool-253-thread-1] INFO  server.RaftServerConfigKeys (ConfUtils.java:logGet(44)) - raft.server.log.segment.cache.num.max = 2 (custom)
2020-12-29 02:32:37,601 [pool-253-thread-1] INFO  server.RaftServerConfigKeys (ConfUtils.java:logGet(44)) - raft.server.log.segment.cache.size.max = 200MB (=209715200) (default)
2020-12-29 02:32:37,601 [pool-253-thread-1] INFO  segmented.SegmentedRaftLogWorker (SegmentedRaftLogWorker.java:<init>(181)) - new acc45ab6-017e-46ef-a2cf-eb53f92e8ea7@group-9A41716FB576-SegmentedRaftLogWorker for RaftStorage:Storage Directory /github/workspace/mnt/ozone/hadoop-ozone/integration-test/target/test-dir/MiniOzoneClusterImpl-e6490a55-0da7-46e5-97f4-9b4e66d62915/datanode-1/data/ratis/47ec387c-32a6-4581-a9f6-9a41716fb576
2020-12-29 02:32:37,601 [pool-253-thread-1] INFO  server.RaftServerConfigKeys (ConfUtils.java:logGet(44)) - raft.server.log.queue.byte-limit = 2147483647 (custom)
2020-12-29 02:32:37,601 [pool-253-thread-1] INFO  server.RaftServerConfigKeys (ConfUtils.java:logGet(44)) - raft.server.log.queue.element-limit = 1024 (custom)
2020-12-29 02:32:37,601 [pool-253-thread-1] INFO  server.RaftServerConfigKeys (ConfUtils.java:logGet(44)) - raft.server.log.segment.size.max = 1048576 (custom)
2020-12-29 02:32:37,601 [pool-253-thread-1] INFO  server.RaftServerConfigKeys (ConfUtils.java:logGet(44)) - raft.server.log.preallocated.size = 16384 (custom)
2020-12-29 02:32:37,601 [pool-253-thread-1] INFO  server.RaftServerConfigKeys (ConfUtils.java:logGet(44)) - raft.server.log.force.sync.num = 128 (default)
2020-12-29 02:32:37,601 [pool-253-thread-1] INFO  server.RaftServerConfigKeys (ConfUtils.java:logGet(44)) - raft.server.log.statemachine.data.sync = true (default)
2020-12-29 02:32:37,601 [pool-253-thread-1] INFO  server.RaftServerConfigKeys (ConfUtils.java:logGet(44)) - raft.server.log.statemachine.data.sync.timeout = 10s (default)
2020-12-29 02:32:37,602 [pool-253-thread-1] INFO  server.RaftServerConfigKeys (ConfUtils.java:logGet(44)) - raft.server.log.statemachine.data.sync.timeout.retry = -1 (default)
2020-12-29 02:32:37,602 [pool-253-thread-1] INFO  server.RaftServerConfigKeys (ConfUtils.java:logGet(44)) - raft.server.log.write.buffer.size = 1048576 (custom)
2020-12-29 02:32:37,603 [pool-253-thread-1] INFO  server.RaftServerConfigKeys (ConfUtils.java:logGet(44)) - raft.server.log.statemachine.data.caching.enabled = true (custom)
2020-12-29 02:32:37,603 [pool-253-thread-1] INFO  segmented.SegmentedRaftLogWorker (SegmentedRaftLogWorker.java:lambda$new$0(132)) - acc45ab6-017e-46ef-a2cf-eb53f92e8ea7@group-9A41716FB576-SegmentedRaftLogWorker: flushIndex: setUnconditionally 0 -> -1
2020-12-29 02:32:37,603 [pool-253-thread-1] INFO  segmented.SegmentedRaftLogWorker (SegmentedRaftLogWorker.java:lambda$new$0(132)) - acc45ab6-017e-46ef-a2cf-eb53f92e8ea7@group-9A41716FB576-SegmentedRaftLogWorker: safeCacheEvictIndex: setUnconditionally 0 -> -1
2020-12-29 02:32:37,604 [pool-253-thread-1] INFO  server.RaftServerConfigKeys (ConfUtils.java:logGet(44)) - raft.server.snapshot.auto.trigger.enabled = true (custom)
2020-12-29 02:32:37,604 [pool-253-thread-1] INFO  server.RaftServerConfigKeys (ConfUtils.java:logGet(44)) - raft.server.snapshot.auto.trigger.threshold = 10000 (custom)
2020-12-29 02:32:37,604 [pool-253-thread-1] INFO  server.RaftServerConfigKeys (ConfUtils.java:logGet(44)) - raft.server.snapshot.retention.file.num = 5 (custom)
2020-12-29 02:32:37,604 [pool-253-thread-1] INFO  server.RaftServerConfigKeys (ConfUtils.java:logGet(44)) - raft.server.log.purge.upto.snapshot.index = false (default)
2020-12-29 02:32:37,604 [pool-253-thread-1] INFO  server.RaftServerConfigKeys (ConfUtils.java:logGet(44)) - raft.server.retrycache.expirytime = 600000ms (custom)
2020-12-29 02:32:37,604 [pool-253-thread-1] INFO  server.RaftServerConfigKeys (ConfUtils.java:logGet(44)) - raft.server.retrycache.statistics.expirytime = 100?s (default)
2020-12-29 02:32:37,604 [pool-253-thread-1] INFO  metrics.RatisMetrics (RatisMetrics.java:lambda$create$0(36)) - Creating Metrics Registry : ratis.leader_election.acc45ab6-017e-46ef-a2cf-eb53f92e8ea7@group-9A41716FB576
2020-12-29 02:32:37,604 [pool-253-thread-1] INFO  metrics.RatisMetrics (RatisMetrics.java:lambda$create$0(36)) - Creating Metrics Registry : ratis.server.acc45ab6-017e-46ef-a2cf-eb53f92e8ea7@group-9A41716FB576
2020-12-29 02:32:37,605 [pool-253-thread-1] INFO  server.RaftServer$Division (RaftServerImpl.java:start(286)) - acc45ab6-017e-46ef-a2cf-eb53f92e8ea7@group-9A41716FB576: start as a follower, conf=-1: [711a5d62-dee4-49d0-b2b9-1fce1aa24acb|rpc:172.17.0.2:41697|dataStream:, acc45ab6-017e-46ef-a2cf-eb53f92e8ea7|rpc:172.17.0.2:40641|dataStream:, 9465357b-4c2a-4b31-9d0e-a8957ee25dd0|rpc:172.17.0.2:44375|dataStream:], old=null
2020-12-29 02:32:37,605 [pool-253-thread-1] INFO  server.RaftServer$Division (RaftServerImpl.java:setRole(275)) - acc45ab6-017e-46ef-a2cf-eb53f92e8ea7@group-9A41716FB576: changes role from      null to FOLLOWER at term 0 for startAsFollower
2020-12-29 02:32:37,605 [pool-253-thread-1] INFO  impl.RoleInfo (RoleInfo.java:updateAndGet(130)) - acc45ab6-017e-46ef-a2cf-eb53f92e8ea7: start acc45ab6-017e-46ef-a2cf-eb53f92e8ea7@group-9A41716FB576-FollowerState
2020-12-29 02:32:37,606 [pool-253-thread-1] INFO  util.JmxRegister (JmxRegister.java:tryRegister(44)) - Successfully registered JMX Bean with object name Ratis:service=RaftServer,group=group-9A41716FB576,id=acc45ab6-017e-46ef-a2cf-eb53f92e8ea7
2020-12-29 02:32:37,606 [pool-253-thread-1] INFO  metrics.RatisMetrics (RatisMetrics.java:lambda$create$0(36)) - Creating Metrics Registry : ratis.state_machine.acc45ab6-017e-46ef-a2cf-eb53f92e8ea7@group-9A41716FB576
2020-12-29 02:32:37,617 [Command processor thread] INFO  metrics.RatisMetrics (RatisMetrics.java:lambda$create$0(36)) - Creating Metrics Registry : ratis.client_message_metrics.client-B7D1FFC4ACF7->9465357b-4c2a-4b31-9d0e-a8957ee25dd0
2020-12-29 02:32:37,623 [grpc-default-executor-2] INFO  metrics.RatisMetrics (RatisMetrics.java:lambda$create$0(36)) - Creating Metrics Registry : ratis.server_message_metrics.9465357b-4c2a-4b31-9d0e-a8957ee25dd0
2020-12-29 02:32:37,624 [grpc-default-executor-2] INFO  server.RaftServer (RaftServerProxy.java:addNew(93)) - 9465357b-4c2a-4b31-9d0e-a8957ee25dd0: addNew group-9A41716FB576:[711a5d62-dee4-49d0-b2b9-1fce1aa24acb|rpc:172.17.0.2:41697|dataStream:, acc45ab6-017e-46ef-a2cf-eb53f92e8ea7|rpc:172.17.0.2:40641|dataStream:, 9465357b-4c2a-4b31-9d0e-a8957ee25dd0|rpc:172.17.0.2:44375|dataStream:] returns group-9A41716FB576:java.util.concurrent.CompletableFuture@79febcaf[Not completed]
2020-12-29 02:32:37,625 [pool-269-thread-1] INFO  server.RaftServer$Division (RaftServerImpl.java:<init>(173)) - 9465357b-4c2a-4b31-9d0e-a8957ee25dd0: new RaftServerImpl for group-9A41716FB576:[711a5d62-dee4-49d0-b2b9-1fce1aa24acb|rpc:172.17.0.2:41697|dataStream:, acc45ab6-017e-46ef-a2cf-eb53f92e8ea7|rpc:172.17.0.2:40641|dataStream:, 9465357b-4c2a-4b31-9d0e-a8957ee25dd0|rpc:172.17.0.2:44375|dataStream:] with ContainerStateMachine:uninitialized
2020-12-29 02:32:37,625 [pool-269-thread-1] INFO  server.RaftServerConfigKeys (ConfUtils.java:logGet(44)) - raft.server.rpc.timeout.min = 5s (custom)
2020-12-29 02:32:37,626 [pool-269-thread-1] INFO  server.RaftServerConfigKeys (ConfUtils.java:logGet(44)) - raft.server.rpc.timeout.max = 5200ms (custom)
2020-12-29 02:32:37,626 [pool-269-thread-1] INFO  server.RaftServerConfigKeys (ConfUtils.java:logGet(44)) - raft.server.rpc.sleep.time = 25ms (default)
2020-12-29 02:32:37,626 [pool-269-thread-1] INFO  server.RaftServerConfigKeys (ConfUtils.java:logGet(44)) - raft.server.rpc.slowness.timeout = 300s (custom)
2020-12-29 02:32:37,626 [pool-269-thread-1] INFO  server.RaftServerConfigKeys (ConfUtils.java:logGet(44)) - raft.server.leaderelection.leader.step-down.wait-time = 10s (default)
2020-12-29 02:32:37,626 [pool-269-thread-1] INFO  server.RaftServerConfigKeys (ConfUtils.java:logGet(44)) - raft.server.sleep.deviation.threshold = 300ms (default)
2020-12-29 02:32:37,626 [pool-269-thread-1] INFO  server.RaftServerConfigKeys (ConfUtils.java:logGet(44)) - raft.server.log.appender.install.snapshot.enabled = false (custom)
2020-12-29 02:32:37,626 [pool-269-thread-1] INFO  server.RaftServer$Division (ServerState.java:<init>(104)) - 9465357b-4c2a-4b31-9d0e-a8957ee25dd0@group-9A41716FB576: ConfigurationManager, init=-1: [711a5d62-dee4-49d0-b2b9-1fce1aa24acb|rpc:172.17.0.2:41697|dataStream:, acc45ab6-017e-46ef-a2cf-eb53f92e8ea7|rpc:172.17.0.2:40641|dataStream:, 9465357b-4c2a-4b31-9d0e-a8957ee25dd0|rpc:172.17.0.2:44375|dataStream:], old=null, confs=<EMPTY_MAP>
2020-12-29 02:32:37,627 [pool-269-thread-1] INFO  server.RaftServerConfigKeys (ConfUtils.java:logGet(44)) - raft.server.storage.dir = [/github/workspace/mnt/ozone/hadoop-ozone/integration-test/target/test-dir/MiniOzoneClusterImpl-e6490a55-0da7-46e5-97f4-9b4e66d62915/datanode-2/data/ratis] (custom)
2020-12-29 02:32:37,627 [pool-269-thread-1] INFO  server.RaftServerConfigKeys (ConfUtils.java:logGet(44)) - raft.server.log.corruption.policy = EXCEPTION (default)
2020-12-29 02:32:37,627 [pool-269-thread-1] INFO  storage.RaftStorageDirectory (RaftStorageDirectory.java:analyzeStorage(260)) - The storage directory /github/workspace/mnt/ozone/hadoop-ozone/integration-test/target/test-dir/MiniOzoneClusterImpl-e6490a55-0da7-46e5-97f4-9b4e66d62915/datanode-2/data/ratis/47ec387c-32a6-4581-a9f6-9a41716fb576 does not exist. Creating ...
2020-12-29 02:32:37,628 [pool-269-thread-1] INFO  storage.RaftStorageDirectory (RaftStorageDirectory.java:tryLock(342)) - Lock on /github/workspace/mnt/ozone/hadoop-ozone/integration-test/target/test-dir/MiniOzoneClusterImpl-e6490a55-0da7-46e5-97f4-9b4e66d62915/datanode-2/data/ratis/47ec387c-32a6-4581-a9f6-9a41716fb576/in_use.lock acquired by nodename 16476@3099d1499688
2020-12-29 02:32:37,629 [pool-269-thread-1] INFO  storage.RaftStorage (RaftStorage.java:format(89)) - Storage directory /github/workspace/mnt/ozone/hadoop-ozone/integration-test/target/test-dir/MiniOzoneClusterImpl-e6490a55-0da7-46e5-97f4-9b4e66d62915/datanode-2/data/ratis/47ec387c-32a6-4581-a9f6-9a41716fb576 has been successfully formatted.
2020-12-29 02:32:37,629 [pool-269-thread-1] INFO  ratis.ContainerStateMachine (ContainerStateMachine.java:loadSnapshot(223)) - group-9A41716FB576: The snapshot info is null. Setting the last applied indexto:(t:0, i:~)
2020-12-29 02:32:37,629 [pool-269-thread-1] ERROR storage.RaftStorage (RaftStorage.java:readRaftConfiguration(152)) - Failed reading configuration from file:/github/workspace/mnt/ozone/hadoop-ozone/integration-test/target/test-dir/MiniOzoneClusterImpl-e6490a55-0da7-46e5-97f4-9b4e66d62915/datanode-2/data/ratis/47ec387c-32a6-4581-a9f6-9a41716fb576/current/raft-meta.conf
java.io.FileNotFoundException: /github/workspace/mnt/ozone/hadoop-ozone/integration-test/target/test-dir/MiniOzoneClusterImpl-e6490a55-0da7-46e5-97f4-9b4e66d62915/datanode-2/data/ratis/47ec387c-32a6-4581-a9f6-9a41716fb576/current/raft-meta.conf (No such file or directory)
	at java.io.FileInputStream.open0(Native Method)
	at java.io.FileInputStream.open(FileInputStream.java:195)
	at java.io.FileInputStream.<init>(FileInputStream.java:138)
	at org.apache.ratis.server.storage.RaftStorage.readRaftConfiguration(RaftStorage.java:148)
	at org.apache.ratis.server.impl.ServerState.initStatemachine(ServerState.java:167)
	at org.apache.ratis.server.impl.ServerState.<init>(ServerState.java:112)
	at org.apache.ratis.server.impl.RaftServerImpl.<init>(RaftServerImpl.java:186)
	at org.apache.ratis.server.impl.RaftServerProxy.lambda$newRaftServerImpl$4(RaftServerProxy.java:264)
	at java.util.concurrent.CompletableFuture$AsyncSupply.run(CompletableFuture.java:1604)
	at java.util.concurrent.ThreadPoolExecutor.runWorker(ThreadPoolExecutor.java:1149)
	at java.util.concurrent.ThreadPoolExecutor$Worker.run(ThreadPoolExecutor.java:624)
	at java.lang.Thread.run(Thread.java:748)
2020-12-29 02:32:37,629 [pool-269-thread-1] INFO  server.RaftServerConfigKeys (ConfUtils.java:logGet(44)) - raft.server.notification.no-leader.timeout = 300s (custom)
2020-12-29 02:32:37,630 [pool-269-thread-1] INFO  server.RaftServerConfigKeys (ConfUtils.java:logGet(44)) - raft.server.log.use.memory = false (default)
2020-12-29 02:32:37,630 [pool-269-thread-1] INFO  server.RaftServerConfigKeys (ConfUtils.java:logGet(44)) - raft.server.log.purge.gap = 1000000 (custom)
2020-12-29 02:32:37,630 [pool-269-thread-1] INFO  metrics.RatisMetrics (RatisMetrics.java:lambda$create$0(36)) - Creating Metrics Registry : ratis.log_worker.9465357b-4c2a-4b31-9d0e-a8957ee25dd0@group-9A41716FB576
2020-12-29 02:32:37,630 [EventQueue-PipelineReportForOneReplicaPipelineSafeModeRule] INFO  safemode.SCMSafeModeManager (SCMSafeModeManager.java:validateSafeModeExitRules(214)) - AtleastOneDatanodeReportedRule rule is successfully validated
2020-12-29 02:32:37,631 [pool-269-thread-1] INFO  server.RaftServerConfigKeys (ConfUtils.java:logGet(44)) - raft.server.log.appender.buffer.byte-limit = 33554432 (custom)
2020-12-29 02:32:37,631 [pool-269-thread-1] INFO  server.RaftServerConfigKeys (ConfUtils.java:logGet(44)) - raft.server.log.segment.size.max = 1048576 (custom)
2020-12-29 02:32:37,631 [pool-269-thread-1] INFO  server.RaftServerConfigKeys (ConfUtils.java:logGet(44)) - raft.server.log.segment.cache.num.max = 2 (custom)
2020-12-29 02:32:37,631 [pool-269-thread-1] INFO  server.RaftServerConfigKeys (ConfUtils.java:logGet(44)) - raft.server.log.segment.cache.size.max = 200MB (=209715200) (default)
2020-12-29 02:32:37,631 [pool-269-thread-1] INFO  segmented.SegmentedRaftLogWorker (SegmentedRaftLogWorker.java:<init>(181)) - new 9465357b-4c2a-4b31-9d0e-a8957ee25dd0@group-9A41716FB576-SegmentedRaftLogWorker for RaftStorage:Storage Directory /github/workspace/mnt/ozone/hadoop-ozone/integration-test/target/test-dir/MiniOzoneClusterImpl-e6490a55-0da7-46e5-97f4-9b4e66d62915/datanode-2/data/ratis/47ec387c-32a6-4581-a9f6-9a41716fb576
2020-12-29 02:32:37,632 [pool-269-thread-1] INFO  server.RaftServerConfigKeys (ConfUtils.java:logGet(44)) - raft.server.log.queue.byte-limit = 2147483647 (custom)
2020-12-29 02:32:37,632 [pool-269-thread-1] INFO  server.RaftServerConfigKeys (ConfUtils.java:logGet(44)) - raft.server.log.queue.element-limit = 1024 (custom)
2020-12-29 02:32:37,632 [pool-269-thread-1] INFO  server.RaftServerConfigKeys (ConfUtils.java:logGet(44)) - raft.server.log.segment.size.max = 1048576 (custom)
2020-12-29 02:32:37,632 [pool-269-thread-1] INFO  server.RaftServerConfigKeys (ConfUtils.java:logGet(44)) - raft.server.log.preallocated.size = 16384 (custom)
2020-12-29 02:32:37,632 [pool-269-thread-1] INFO  server.RaftServerConfigKeys (ConfUtils.java:logGet(44)) - raft.server.log.force.sync.num = 128 (default)
2020-12-29 02:32:37,632 [pool-269-thread-1] INFO  server.RaftServerConfigKeys (ConfUtils.java:logGet(44)) - raft.server.log.statemachine.data.sync = true (default)
2020-12-29 02:32:37,632 [pool-269-thread-1] INFO  server.RaftServerConfigKeys (ConfUtils.java:logGet(44)) - raft.server.log.statemachine.data.sync.timeout = 10s (default)
2020-12-29 02:32:37,632 [pool-269-thread-1] INFO  server.RaftServerConfigKeys (ConfUtils.java:logGet(44)) - raft.server.log.statemachine.data.sync.timeout.retry = -1 (default)
2020-12-29 02:32:37,633 [pool-269-thread-1] INFO  server.RaftServerConfigKeys (ConfUtils.java:logGet(44)) - raft.server.log.write.buffer.size = 1048576 (custom)
2020-12-29 02:32:37,633 [pool-269-thread-1] INFO  server.RaftServerConfigKeys (ConfUtils.java:logGet(44)) - raft.server.log.statemachine.data.caching.enabled = true (custom)
2020-12-29 02:32:37,633 [pool-269-thread-1] INFO  segmented.SegmentedRaftLogWorker (SegmentedRaftLogWorker.java:lambda$new$0(132)) - 9465357b-4c2a-4b31-9d0e-a8957ee25dd0@group-9A41716FB576-SegmentedRaftLogWorker: flushIndex: setUnconditionally 0 -> -1
2020-12-29 02:32:37,633 [pool-269-thread-1] INFO  segmented.SegmentedRaftLogWorker (SegmentedRaftLogWorker.java:lambda$new$0(132)) - 9465357b-4c2a-4b31-9d0e-a8957ee25dd0@group-9A41716FB576-SegmentedRaftLogWorker: safeCacheEvictIndex: setUnconditionally 0 -> -1
2020-12-29 02:32:37,636 [pool-269-thread-1] INFO  server.RaftServerConfigKeys (ConfUtils.java:logGet(44)) - raft.server.snapshot.auto.trigger.enabled = true (custom)
2020-12-29 02:32:37,636 [pool-269-thread-1] INFO  server.RaftServerConfigKeys (ConfUtils.java:logGet(44)) - raft.server.snapshot.auto.trigger.threshold = 10000 (custom)
2020-12-29 02:32:37,636 [pool-269-thread-1] INFO  server.RaftServerConfigKeys (ConfUtils.java:logGet(44)) - raft.server.snapshot.retention.file.num = 5 (custom)
2020-12-29 02:32:37,636 [pool-269-thread-1] INFO  server.RaftServerConfigKeys (ConfUtils.java:logGet(44)) - raft.server.log.purge.upto.snapshot.index = false (default)
2020-12-29 02:32:37,636 [pool-269-thread-1] INFO  server.RaftServerConfigKeys (ConfUtils.java:logGet(44)) - raft.server.retrycache.expirytime = 600000ms (custom)
2020-12-29 02:32:37,636 [pool-269-thread-1] INFO  server.RaftServerConfigKeys (ConfUtils.java:logGet(44)) - raft.server.retrycache.statistics.expirytime = 100?s (default)
2020-12-29 02:32:37,636 [pool-269-thread-1] INFO  metrics.RatisMetrics (RatisMetrics.java:lambda$create$0(36)) - Creating Metrics Registry : ratis.leader_election.9465357b-4c2a-4b31-9d0e-a8957ee25dd0@group-9A41716FB576
2020-12-29 02:32:37,637 [pool-269-thread-1] INFO  metrics.RatisMetrics (RatisMetrics.java:lambda$create$0(36)) - Creating Metrics Registry : ratis.server.9465357b-4c2a-4b31-9d0e-a8957ee25dd0@group-9A41716FB576
2020-12-29 02:32:37,638 [pool-269-thread-1] INFO  server.RaftServer$Division (RaftServerImpl.java:start(286)) - 9465357b-4c2a-4b31-9d0e-a8957ee25dd0@group-9A41716FB576: start as a follower, conf=-1: [711a5d62-dee4-49d0-b2b9-1fce1aa24acb|rpc:172.17.0.2:41697|dataStream:, acc45ab6-017e-46ef-a2cf-eb53f92e8ea7|rpc:172.17.0.2:40641|dataStream:, 9465357b-4c2a-4b31-9d0e-a8957ee25dd0|rpc:172.17.0.2:44375|dataStream:], old=null
2020-12-29 02:32:37,638 [pool-269-thread-1] INFO  server.RaftServer$Division (RaftServerImpl.java:setRole(275)) - 9465357b-4c2a-4b31-9d0e-a8957ee25dd0@group-9A41716FB576: changes role from      null to FOLLOWER at term 0 for startAsFollower
2020-12-29 02:32:37,638 [pool-269-thread-1] INFO  impl.RoleInfo (RoleInfo.java:updateAndGet(130)) - 9465357b-4c2a-4b31-9d0e-a8957ee25dd0: start 9465357b-4c2a-4b31-9d0e-a8957ee25dd0@group-9A41716FB576-FollowerState
2020-12-29 02:32:37,640 [pool-269-thread-1] INFO  util.JmxRegister (JmxRegister.java:tryRegister(44)) - Successfully registered JMX Bean with object name Ratis:service=RaftServer,group=group-9A41716FB576,id=9465357b-4c2a-4b31-9d0e-a8957ee25dd0
2020-12-29 02:32:37,640 [pool-269-thread-1] INFO  metrics.RatisMetrics (RatisMetrics.java:lambda$create$0(36)) - Creating Metrics Registry : ratis.state_machine.9465357b-4c2a-4b31-9d0e-a8957ee25dd0@group-9A41716FB576
2020-12-29 02:32:37,644 [Command processor thread] INFO  commandhandler.CreatePipelineCommandHandler (CreatePipelineCommandHandler.java:handle(106)) - Created Pipeline RATIS THREE PipelineID=47ec387c-32a6-4581-a9f6-9a41716fb576.
2020-12-29 02:32:37,728 [Command processor thread] INFO  server.RaftServer (RaftServerProxy.java:addNew(93)) - acc45ab6-017e-46ef-a2cf-eb53f92e8ea7: addNew group-7F8C1EEF2B2C:[acc45ab6-017e-46ef-a2cf-eb53f92e8ea7|rpc:172.17.0.2:40641] returns group-7F8C1EEF2B2C:java.util.concurrent.CompletableFuture@466aae79[Not completed]
2020-12-29 02:32:37,729 [pool-253-thread-1] INFO  server.RaftServer$Division (RaftServerImpl.java:<init>(173)) - acc45ab6-017e-46ef-a2cf-eb53f92e8ea7: new RaftServerImpl for group-7F8C1EEF2B2C:[acc45ab6-017e-46ef-a2cf-eb53f92e8ea7|rpc:172.17.0.2:40641] with ContainerStateMachine:uninitialized
2020-12-29 02:32:37,729 [pool-253-thread-1] INFO  server.RaftServerConfigKeys (ConfUtils.java:logGet(44)) - raft.server.rpc.timeout.min = 5s (custom)
2020-12-29 02:32:37,729 [pool-253-thread-1] INFO  server.RaftServerConfigKeys (ConfUtils.java:logGet(44)) - raft.server.rpc.timeout.max = 5200ms (custom)
2020-12-29 02:32:37,729 [pool-253-thread-1] INFO  server.RaftServerConfigKeys (ConfUtils.java:logGet(44)) - raft.server.rpc.sleep.time = 25ms (default)
2020-12-29 02:32:37,729 [pool-253-thread-1] INFO  server.RaftServerConfigKeys (ConfUtils.java:logGet(44)) - raft.server.rpc.slowness.timeout = 300s (custom)
2020-12-29 02:32:37,729 [pool-253-thread-1] INFO  server.RaftServerConfigKeys (ConfUtils.java:logGet(44)) - raft.server.leaderelection.leader.step-down.wait-time = 10s (default)
2020-12-29 02:32:37,729 [pool-253-thread-1] INFO  server.RaftServerConfigKeys (ConfUtils.java:logGet(44)) - raft.server.sleep.deviation.threshold = 300ms (default)
2020-12-29 02:32:37,729 [pool-253-thread-1] INFO  server.RaftServerConfigKeys (ConfUtils.java:logGet(44)) - raft.server.log.appender.install.snapshot.enabled = false (custom)
2020-12-29 02:32:37,729 [pool-253-thread-1] INFO  server.RaftServer$Division (ServerState.java:<init>(104)) - acc45ab6-017e-46ef-a2cf-eb53f92e8ea7@group-7F8C1EEF2B2C: ConfigurationManager, init=-1: [acc45ab6-017e-46ef-a2cf-eb53f92e8ea7|rpc:172.17.0.2:40641], old=null, confs=<EMPTY_MAP>
2020-12-29 02:32:37,730 [pool-253-thread-1] INFO  server.RaftServerConfigKeys (ConfUtils.java:logGet(44)) - raft.server.storage.dir = [/github/workspace/mnt/ozone/hadoop-ozone/integration-test/target/test-dir/MiniOzoneClusterImpl-e6490a55-0da7-46e5-97f4-9b4e66d62915/datanode-1/data/ratis] (custom)
2020-12-29 02:32:37,730 [pool-253-thread-1] INFO  server.RaftServerConfigKeys (ConfUtils.java:logGet(44)) - raft.server.log.corruption.policy = EXCEPTION (default)
2020-12-29 02:32:37,730 [pool-253-thread-1] INFO  storage.RaftStorageDirectory (RaftStorageDirectory.java:analyzeStorage(260)) - The storage directory /github/workspace/mnt/ozone/hadoop-ozone/integration-test/target/test-dir/MiniOzoneClusterImpl-e6490a55-0da7-46e5-97f4-9b4e66d62915/datanode-1/data/ratis/dc72fea7-13da-4210-9746-7f8c1eef2b2c does not exist. Creating ...
2020-12-29 02:32:37,731 [pool-253-thread-1] INFO  storage.RaftStorageDirectory (RaftStorageDirectory.java:tryLock(342)) - Lock on /github/workspace/mnt/ozone/hadoop-ozone/integration-test/target/test-dir/MiniOzoneClusterImpl-e6490a55-0da7-46e5-97f4-9b4e66d62915/datanode-1/data/ratis/dc72fea7-13da-4210-9746-7f8c1eef2b2c/in_use.lock acquired by nodename 16476@3099d1499688
2020-12-29 02:32:37,733 [pool-253-thread-1] INFO  storage.RaftStorage (RaftStorage.java:format(89)) - Storage directory /github/workspace/mnt/ozone/hadoop-ozone/integration-test/target/test-dir/MiniOzoneClusterImpl-e6490a55-0da7-46e5-97f4-9b4e66d62915/datanode-1/data/ratis/dc72fea7-13da-4210-9746-7f8c1eef2b2c has been successfully formatted.
2020-12-29 02:32:37,733 [pool-253-thread-1] INFO  ratis.ContainerStateMachine (ContainerStateMachine.java:loadSnapshot(223)) - group-7F8C1EEF2B2C: The snapshot info is null. Setting the last applied indexto:(t:0, i:~)
2020-12-29 02:32:37,733 [pool-253-thread-1] ERROR storage.RaftStorage (RaftStorage.java:readRaftConfiguration(152)) - Failed reading configuration from file:/github/workspace/mnt/ozone/hadoop-ozone/integration-test/target/test-dir/MiniOzoneClusterImpl-e6490a55-0da7-46e5-97f4-9b4e66d62915/datanode-1/data/ratis/dc72fea7-13da-4210-9746-7f8c1eef2b2c/current/raft-meta.conf
java.io.FileNotFoundException: /github/workspace/mnt/ozone/hadoop-ozone/integration-test/target/test-dir/MiniOzoneClusterImpl-e6490a55-0da7-46e5-97f4-9b4e66d62915/datanode-1/data/ratis/dc72fea7-13da-4210-9746-7f8c1eef2b2c/current/raft-meta.conf (No such file or directory)
	at java.io.FileInputStream.open0(Native Method)
	at java.io.FileInputStream.open(FileInputStream.java:195)
	at java.io.FileInputStream.<init>(FileInputStream.java:138)
	at org.apache.ratis.server.storage.RaftStorage.readRaftConfiguration(RaftStorage.java:148)
	at org.apache.ratis.server.impl.ServerState.initStatemachine(ServerState.java:167)
	at org.apache.ratis.server.impl.ServerState.<init>(ServerState.java:112)
	at org.apache.ratis.server.impl.RaftServerImpl.<init>(RaftServerImpl.java:186)
	at org.apache.ratis.server.impl.RaftServerProxy.lambda$newRaftServerImpl$4(RaftServerProxy.java:264)
	at java.util.concurrent.CompletableFuture$AsyncSupply.run(CompletableFuture.java:1604)
	at java.util.concurrent.ThreadPoolExecutor.runWorker(ThreadPoolExecutor.java:1149)
	at java.util.concurrent.ThreadPoolExecutor$Worker.run(ThreadPoolExecutor.java:624)
	at java.lang.Thread.run(Thread.java:748)
2020-12-29 02:32:37,737 [pool-253-thread-1] INFO  server.RaftServerConfigKeys (ConfUtils.java:logGet(44)) - raft.server.notification.no-leader.timeout = 300s (custom)
2020-12-29 02:32:37,737 [pool-253-thread-1] INFO  server.RaftServerConfigKeys (ConfUtils.java:logGet(44)) - raft.server.log.use.memory = false (default)
2020-12-29 02:32:37,737 [pool-253-thread-1] INFO  server.RaftServerConfigKeys (ConfUtils.java:logGet(44)) - raft.server.log.purge.gap = 1000000 (custom)
2020-12-29 02:32:37,737 [pool-253-thread-1] INFO  metrics.RatisMetrics (RatisMetrics.java:lambda$create$0(36)) - Creating Metrics Registry : ratis.log_worker.acc45ab6-017e-46ef-a2cf-eb53f92e8ea7@group-7F8C1EEF2B2C
2020-12-29 02:32:37,738 [EventQueue-PipelineReportForOneReplicaPipelineSafeModeRule] INFO  safemode.SCMSafeModeManager (SCMSafeModeManager.java:validateSafeModeExitRules(214)) - AtleastOneDatanodeReportedRule rule is successfully validated
2020-12-29 02:32:37,738 [pool-253-thread-1] INFO  server.RaftServerConfigKeys (ConfUtils.java:logGet(44)) - raft.server.log.appender.buffer.byte-limit = 33554432 (custom)
2020-12-29 02:32:37,738 [pool-253-thread-1] INFO  server.RaftServerConfigKeys (ConfUtils.java:logGet(44)) - raft.server.log.segment.size.max = 1048576 (custom)
2020-12-29 02:32:37,738 [EventQueue-PipelineReportForPipelineReportHandler] INFO  pipeline.PipelineStateManager (PipelineStateManager.java:openPipeline(132)) - Pipeline Pipeline[ Id: dc72fea7-13da-4210-9746-7f8c1eef2b2c, Nodes: acc45ab6-017e-46ef-a2cf-eb53f92e8ea7{ip: 172.17.0.2, host: 3099d1499688, networkLocation: /default-rack, certSerialId: null, persistedOpState: IN_SERVICE, persistedOpStateExpiryEpochSec: 0}, Type:RATIS, Factor:ONE, State:ALLOCATED, leaderId:acc45ab6-017e-46ef-a2cf-eb53f92e8ea7, CreationTimestamp2020-12-29T02:32:34.731Z] moved to OPEN state
2020-12-29 02:32:37,738 [EventQueue-OpenPipelineForHealthyPipelineSafeModeRule] INFO  safemode.SCMSafeModeManager (HealthyPipelineSafeModeRule.java:process(128)) - SCM in safe mode. Healthy pipelines reported count is 0, required healthy pipeline reported count is 1
2020-12-29 02:32:37,738 [pool-253-thread-1] INFO  server.RaftServerConfigKeys (ConfUtils.java:logGet(44)) - raft.server.log.segment.cache.num.max = 2 (custom)
2020-12-29 02:32:37,741 [pool-253-thread-1] INFO  server.RaftServerConfigKeys (ConfUtils.java:logGet(44)) - raft.server.log.segment.cache.size.max = 200MB (=209715200) (default)
2020-12-29 02:32:37,741 [pool-253-thread-1] INFO  segmented.SegmentedRaftLogWorker (SegmentedRaftLogWorker.java:<init>(181)) - new acc45ab6-017e-46ef-a2cf-eb53f92e8ea7@group-7F8C1EEF2B2C-SegmentedRaftLogWorker for RaftStorage:Storage Directory /github/workspace/mnt/ozone/hadoop-ozone/integration-test/target/test-dir/MiniOzoneClusterImpl-e6490a55-0da7-46e5-97f4-9b4e66d62915/datanode-1/data/ratis/dc72fea7-13da-4210-9746-7f8c1eef2b2c
2020-12-29 02:32:37,741 [pool-253-thread-1] INFO  server.RaftServerConfigKeys (ConfUtils.java:logGet(44)) - raft.server.log.queue.byte-limit = 2147483647 (custom)
2020-12-29 02:32:37,741 [pool-253-thread-1] INFO  server.RaftServerConfigKeys (ConfUtils.java:logGet(44)) - raft.server.log.queue.element-limit = 1024 (custom)
2020-12-29 02:32:37,741 [pool-253-thread-1] INFO  server.RaftServerConfigKeys (ConfUtils.java:logGet(44)) - raft.server.log.segment.size.max = 1048576 (custom)
2020-12-29 02:32:37,741 [pool-253-thread-1] INFO  server.RaftServerConfigKeys (ConfUtils.java:logGet(44)) - raft.server.log.preallocated.size = 16384 (custom)
2020-12-29 02:32:37,741 [pool-253-thread-1] INFO  server.RaftServerConfigKeys (ConfUtils.java:logGet(44)) - raft.server.log.force.sync.num = 128 (default)
2020-12-29 02:32:37,741 [pool-253-thread-1] INFO  server.RaftServerConfigKeys (ConfUtils.java:logGet(44)) - raft.server.log.statemachine.data.sync = true (default)
2020-12-29 02:32:37,741 [pool-253-thread-1] INFO  server.RaftServerConfigKeys (ConfUtils.java:logGet(44)) - raft.server.log.statemachine.data.sync.timeout = 10s (default)
2020-12-29 02:32:37,741 [pool-253-thread-1] INFO  server.RaftServerConfigKeys (ConfUtils.java:logGet(44)) - raft.server.log.statemachine.data.sync.timeout.retry = -1 (default)
2020-12-29 02:32:37,742 [pool-253-thread-1] INFO  server.RaftServerConfigKeys (ConfUtils.java:logGet(44)) - raft.server.log.write.buffer.size = 1048576 (custom)
2020-12-29 02:32:37,743 [pool-253-thread-1] INFO  server.RaftServerConfigKeys (ConfUtils.java:logGet(44)) - raft.server.log.statemachine.data.caching.enabled = true (custom)
2020-12-29 02:32:37,743 [pool-253-thread-1] INFO  segmented.SegmentedRaftLogWorker (SegmentedRaftLogWorker.java:lambda$new$0(132)) - acc45ab6-017e-46ef-a2cf-eb53f92e8ea7@group-7F8C1EEF2B2C-SegmentedRaftLogWorker: flushIndex: setUnconditionally 0 -> -1
2020-12-29 02:32:37,743 [pool-253-thread-1] INFO  segmented.SegmentedRaftLogWorker (SegmentedRaftLogWorker.java:lambda$new$0(132)) - acc45ab6-017e-46ef-a2cf-eb53f92e8ea7@group-7F8C1EEF2B2C-SegmentedRaftLogWorker: safeCacheEvictIndex: setUnconditionally 0 -> -1
2020-12-29 02:32:37,743 [pool-253-thread-1] INFO  server.RaftServerConfigKeys (ConfUtils.java:logGet(44)) - raft.server.snapshot.auto.trigger.enabled = true (custom)
2020-12-29 02:32:37,744 [pool-253-thread-1] INFO  server.RaftServerConfigKeys (ConfUtils.java:logGet(44)) - raft.server.snapshot.auto.trigger.threshold = 10000 (custom)
2020-12-29 02:32:37,744 [pool-253-thread-1] INFO  server.RaftServerConfigKeys (ConfUtils.java:logGet(44)) - raft.server.snapshot.retention.file.num = 5 (custom)
2020-12-29 02:32:37,744 [pool-253-thread-1] INFO  server.RaftServerConfigKeys (ConfUtils.java:logGet(44)) - raft.server.log.purge.upto.snapshot.index = false (default)
2020-12-29 02:32:37,744 [pool-253-thread-1] INFO  server.RaftServerConfigKeys (ConfUtils.java:logGet(44)) - raft.server.retrycache.expirytime = 600000ms (custom)
2020-12-29 02:32:37,744 [pool-253-thread-1] INFO  server.RaftServerConfigKeys (ConfUtils.java:logGet(44)) - raft.server.retrycache.statistics.expirytime = 100?s (default)
2020-12-29 02:32:37,744 [pool-253-thread-1] INFO  metrics.RatisMetrics (RatisMetrics.java:lambda$create$0(36)) - Creating Metrics Registry : ratis.leader_election.acc45ab6-017e-46ef-a2cf-eb53f92e8ea7@group-7F8C1EEF2B2C
2020-12-29 02:32:37,744 [pool-253-thread-1] INFO  metrics.RatisMetrics (RatisMetrics.java:lambda$create$0(36)) - Creating Metrics Registry : ratis.server.acc45ab6-017e-46ef-a2cf-eb53f92e8ea7@group-7F8C1EEF2B2C
2020-12-29 02:32:37,745 [pool-253-thread-1] INFO  server.RaftServer$Division (RaftServerImpl.java:start(286)) - acc45ab6-017e-46ef-a2cf-eb53f92e8ea7@group-7F8C1EEF2B2C: start as a follower, conf=-1: [acc45ab6-017e-46ef-a2cf-eb53f92e8ea7|rpc:172.17.0.2:40641], old=null
2020-12-29 02:32:37,745 [pool-253-thread-1] INFO  server.RaftServer$Division (RaftServerImpl.java:setRole(275)) - acc45ab6-017e-46ef-a2cf-eb53f92e8ea7@group-7F8C1EEF2B2C: changes role from      null to FOLLOWER at term 0 for startAsFollower
2020-12-29 02:32:37,745 [pool-253-thread-1] INFO  impl.RoleInfo (RoleInfo.java:updateAndGet(130)) - acc45ab6-017e-46ef-a2cf-eb53f92e8ea7: start acc45ab6-017e-46ef-a2cf-eb53f92e8ea7@group-7F8C1EEF2B2C-FollowerState
2020-12-29 02:32:37,754 [pool-253-thread-1] INFO  util.JmxRegister (JmxRegister.java:tryRegister(44)) - Successfully registered JMX Bean with object name Ratis:service=RaftServer,group=group-7F8C1EEF2B2C,id=acc45ab6-017e-46ef-a2cf-eb53f92e8ea7
2020-12-29 02:32:37,755 [pool-253-thread-1] INFO  metrics.RatisMetrics (RatisMetrics.java:lambda$create$0(36)) - Creating Metrics Registry : ratis.state_machine.acc45ab6-017e-46ef-a2cf-eb53f92e8ea7@group-7F8C1EEF2B2C
2020-12-29 02:32:37,758 [Command processor thread] INFO  commandhandler.CreatePipelineCommandHandler (CreatePipelineCommandHandler.java:handle(106)) - Created Pipeline RATIS ONE PipelineID=dc72fea7-13da-4210-9746-7f8c1eef2b2c.
2020-12-29 02:32:37,922 [Command processor thread] INFO  server.RaftServer (RaftServerProxy.java:addNew(93)) - 9465357b-4c2a-4b31-9d0e-a8957ee25dd0: addNew group-EDF47CB057C1:[9465357b-4c2a-4b31-9d0e-a8957ee25dd0|rpc:172.17.0.2:44375] returns group-EDF47CB057C1:java.util.concurrent.CompletableFuture@5eb816c[Not completed]
2020-12-29 02:32:37,923 [pool-269-thread-1] INFO  server.RaftServer$Division (RaftServerImpl.java:<init>(173)) - 9465357b-4c2a-4b31-9d0e-a8957ee25dd0: new RaftServerImpl for group-EDF47CB057C1:[9465357b-4c2a-4b31-9d0e-a8957ee25dd0|rpc:172.17.0.2:44375] with ContainerStateMachine:uninitialized
2020-12-29 02:32:37,923 [pool-269-thread-1] INFO  server.RaftServerConfigKeys (ConfUtils.java:logGet(44)) - raft.server.rpc.timeout.min = 5s (custom)
2020-12-29 02:32:37,924 [pool-269-thread-1] INFO  server.RaftServerConfigKeys (ConfUtils.java:logGet(44)) - raft.server.rpc.timeout.max = 5200ms (custom)
2020-12-29 02:32:37,924 [pool-269-thread-1] INFO  server.RaftServerConfigKeys (ConfUtils.java:logGet(44)) - raft.server.rpc.sleep.time = 25ms (default)
2020-12-29 02:32:37,924 [pool-269-thread-1] INFO  server.RaftServerConfigKeys (ConfUtils.java:logGet(44)) - raft.server.rpc.slowness.timeout = 300s (custom)
2020-12-29 02:32:37,924 [pool-269-thread-1] INFO  server.RaftServerConfigKeys (ConfUtils.java:logGet(44)) - raft.server.leaderelection.leader.step-down.wait-time = 10s (default)
2020-12-29 02:32:37,924 [pool-269-thread-1] INFO  server.RaftServerConfigKeys (ConfUtils.java:logGet(44)) - raft.server.sleep.deviation.threshold = 300ms (default)
2020-12-29 02:32:37,924 [pool-269-thread-1] INFO  server.RaftServerConfigKeys (ConfUtils.java:logGet(44)) - raft.server.log.appender.install.snapshot.enabled = false (custom)
2020-12-29 02:32:37,924 [pool-269-thread-1] INFO  server.RaftServer$Division (ServerState.java:<init>(104)) - 9465357b-4c2a-4b31-9d0e-a8957ee25dd0@group-EDF47CB057C1: ConfigurationManager, init=-1: [9465357b-4c2a-4b31-9d0e-a8957ee25dd0|rpc:172.17.0.2:44375], old=null, confs=<EMPTY_MAP>
2020-12-29 02:32:37,924 [pool-269-thread-1] INFO  server.RaftServerConfigKeys (ConfUtils.java:logGet(44)) - raft.server.storage.dir = [/github/workspace/mnt/ozone/hadoop-ozone/integration-test/target/test-dir/MiniOzoneClusterImpl-e6490a55-0da7-46e5-97f4-9b4e66d62915/datanode-2/data/ratis] (custom)
2020-12-29 02:32:37,925 [pool-269-thread-1] INFO  server.RaftServerConfigKeys (ConfUtils.java:logGet(44)) - raft.server.log.corruption.policy = EXCEPTION (default)
2020-12-29 02:32:37,925 [pool-269-thread-1] INFO  storage.RaftStorageDirectory (RaftStorageDirectory.java:analyzeStorage(260)) - The storage directory /github/workspace/mnt/ozone/hadoop-ozone/integration-test/target/test-dir/MiniOzoneClusterImpl-e6490a55-0da7-46e5-97f4-9b4e66d62915/datanode-2/data/ratis/97180043-18a6-4989-8bda-edf47cb057c1 does not exist. Creating ...
2020-12-29 02:32:37,926 [pool-269-thread-1] INFO  storage.RaftStorageDirectory (RaftStorageDirectory.java:tryLock(342)) - Lock on /github/workspace/mnt/ozone/hadoop-ozone/integration-test/target/test-dir/MiniOzoneClusterImpl-e6490a55-0da7-46e5-97f4-9b4e66d62915/datanode-2/data/ratis/97180043-18a6-4989-8bda-edf47cb057c1/in_use.lock acquired by nodename 16476@3099d1499688
2020-12-29 02:32:37,928 [pool-269-thread-1] INFO  storage.RaftStorage (RaftStorage.java:format(89)) - Storage directory /github/workspace/mnt/ozone/hadoop-ozone/integration-test/target/test-dir/MiniOzoneClusterImpl-e6490a55-0da7-46e5-97f4-9b4e66d62915/datanode-2/data/ratis/97180043-18a6-4989-8bda-edf47cb057c1 has been successfully formatted.
2020-12-29 02:32:37,928 [pool-269-thread-1] INFO  ratis.ContainerStateMachine (ContainerStateMachine.java:loadSnapshot(223)) - group-EDF47CB057C1: The snapshot info is null. Setting the last applied indexto:(t:0, i:~)
2020-12-29 02:32:37,933 [EventQueue-PipelineReportForOneReplicaPipelineSafeModeRule] INFO  safemode.SCMSafeModeManager (SCMSafeModeManager.java:validateSafeModeExitRules(214)) - AtleastOneDatanodeReportedRule rule is successfully validated
2020-12-29 02:32:37,933 [EventQueue-PipelineReportForPipelineReportHandler] INFO  pipeline.PipelineStateManager (PipelineStateManager.java:openPipeline(132)) - Pipeline Pipeline[ Id: 97180043-18a6-4989-8bda-edf47cb057c1, Nodes: 9465357b-4c2a-4b31-9d0e-a8957ee25dd0{ip: 172.17.0.2, host: 3099d1499688, networkLocation: /default-rack, certSerialId: null, persistedOpState: IN_SERVICE, persistedOpStateExpiryEpochSec: 0}, Type:RATIS, Factor:ONE, State:ALLOCATED, leaderId:9465357b-4c2a-4b31-9d0e-a8957ee25dd0, CreationTimestamp2020-12-29T02:32:34.925Z] moved to OPEN state
2020-12-29 02:32:37,933 [EventQueue-OpenPipelineForHealthyPipelineSafeModeRule] INFO  safemode.SCMSafeModeManager (HealthyPipelineSafeModeRule.java:process(128)) - SCM in safe mode. Healthy pipelines reported count is 0, required healthy pipeline reported count is 1
2020-12-29 02:32:37,933 [pool-269-thread-1] ERROR storage.RaftStorage (RaftStorage.java:readRaftConfiguration(152)) - Failed reading configuration from file:/github/workspace/mnt/ozone/hadoop-ozone/integration-test/target/test-dir/MiniOzoneClusterImpl-e6490a55-0da7-46e5-97f4-9b4e66d62915/datanode-2/data/ratis/97180043-18a6-4989-8bda-edf47cb057c1/current/raft-meta.conf
java.io.FileNotFoundException: /github/workspace/mnt/ozone/hadoop-ozone/integration-test/target/test-dir/MiniOzoneClusterImpl-e6490a55-0da7-46e5-97f4-9b4e66d62915/datanode-2/data/ratis/97180043-18a6-4989-8bda-edf47cb057c1/current/raft-meta.conf (No such file or directory)
	at java.io.FileInputStream.open0(Native Method)
	at java.io.FileInputStream.open(FileInputStream.java:195)
	at java.io.FileInputStream.<init>(FileInputStream.java:138)
	at org.apache.ratis.server.storage.RaftStorage.readRaftConfiguration(RaftStorage.java:148)
	at org.apache.ratis.server.impl.ServerState.initStatemachine(ServerState.java:167)
	at org.apache.ratis.server.impl.ServerState.<init>(ServerState.java:112)
	at org.apache.ratis.server.impl.RaftServerImpl.<init>(RaftServerImpl.java:186)
	at org.apache.ratis.server.impl.RaftServerProxy.lambda$newRaftServerImpl$4(RaftServerProxy.java:264)
	at java.util.concurrent.CompletableFuture$AsyncSupply.run(CompletableFuture.java:1604)
	at java.util.concurrent.ThreadPoolExecutor.runWorker(ThreadPoolExecutor.java:1149)
	at java.util.concurrent.ThreadPoolExecutor$Worker.run(ThreadPoolExecutor.java:624)
	at java.lang.Thread.run(Thread.java:748)
2020-12-29 02:32:37,934 [pool-269-thread-1] INFO  server.RaftServerConfigKeys (ConfUtils.java:logGet(44)) - raft.server.notification.no-leader.timeout = 300s (custom)
2020-12-29 02:32:37,935 [pool-269-thread-1] INFO  server.RaftServerConfigKeys (ConfUtils.java:logGet(44)) - raft.server.log.use.memory = false (default)
2020-12-29 02:32:37,935 [pool-269-thread-1] INFO  server.RaftServerConfigKeys (ConfUtils.java:logGet(44)) - raft.server.log.purge.gap = 1000000 (custom)
2020-12-29 02:32:37,935 [pool-269-thread-1] INFO  metrics.RatisMetrics (RatisMetrics.java:lambda$create$0(36)) - Creating Metrics Registry : ratis.log_worker.9465357b-4c2a-4b31-9d0e-a8957ee25dd0@group-EDF47CB057C1
2020-12-29 02:32:37,935 [pool-269-thread-1] INFO  server.RaftServerConfigKeys (ConfUtils.java:logGet(44)) - raft.server.log.appender.buffer.byte-limit = 33554432 (custom)
2020-12-29 02:32:37,935 [pool-269-thread-1] INFO  server.RaftServerConfigKeys (ConfUtils.java:logGet(44)) - raft.server.log.segment.size.max = 1048576 (custom)
2020-12-29 02:32:37,936 [pool-269-thread-1] INFO  server.RaftServerConfigKeys (ConfUtils.java:logGet(44)) - raft.server.log.segment.cache.num.max = 2 (custom)
2020-12-29 02:32:37,936 [pool-269-thread-1] INFO  server.RaftServerConfigKeys (ConfUtils.java:logGet(44)) - raft.server.log.segment.cache.size.max = 200MB (=209715200) (default)
2020-12-29 02:32:37,936 [pool-269-thread-1] INFO  segmented.SegmentedRaftLogWorker (SegmentedRaftLogWorker.java:<init>(181)) - new 9465357b-4c2a-4b31-9d0e-a8957ee25dd0@group-EDF47CB057C1-SegmentedRaftLogWorker for RaftStorage:Storage Directory /github/workspace/mnt/ozone/hadoop-ozone/integration-test/target/test-dir/MiniOzoneClusterImpl-e6490a55-0da7-46e5-97f4-9b4e66d62915/datanode-2/data/ratis/97180043-18a6-4989-8bda-edf47cb057c1
2020-12-29 02:32:37,936 [pool-269-thread-1] INFO  server.RaftServerConfigKeys (ConfUtils.java:logGet(44)) - raft.server.log.queue.byte-limit = 2147483647 (custom)
2020-12-29 02:32:37,936 [pool-269-thread-1] INFO  server.RaftServerConfigKeys (ConfUtils.java:logGet(44)) - raft.server.log.queue.element-limit = 1024 (custom)
2020-12-29 02:32:37,936 [pool-269-thread-1] INFO  server.RaftServerConfigKeys (ConfUtils.java:logGet(44)) - raft.server.log.segment.size.max = 1048576 (custom)
2020-12-29 02:32:37,936 [pool-269-thread-1] INFO  server.RaftServerConfigKeys (ConfUtils.java:logGet(44)) - raft.server.log.preallocated.size = 16384 (custom)
2020-12-29 02:32:37,936 [pool-269-thread-1] INFO  server.RaftServerConfigKeys (ConfUtils.java:logGet(44)) - raft.server.log.force.sync.num = 128 (default)
2020-12-29 02:32:37,936 [pool-269-thread-1] INFO  server.RaftServerConfigKeys (ConfUtils.java:logGet(44)) - raft.server.log.statemachine.data.sync = true (default)
2020-12-29 02:32:37,936 [pool-269-thread-1] INFO  server.RaftServerConfigKeys (ConfUtils.java:logGet(44)) - raft.server.log.statemachine.data.sync.timeout = 10s (default)
2020-12-29 02:32:37,936 [pool-269-thread-1] INFO  server.RaftServerConfigKeys (ConfUtils.java:logGet(44)) - raft.server.log.statemachine.data.sync.timeout.retry = -1 (default)
2020-12-29 02:32:37,937 [pool-269-thread-1] INFO  server.RaftServerConfigKeys (ConfUtils.java:logGet(44)) - raft.server.log.write.buffer.size = 1048576 (custom)
2020-12-29 02:32:37,937 [pool-269-thread-1] INFO  server.RaftServerConfigKeys (ConfUtils.java:logGet(44)) - raft.server.log.statemachine.data.caching.enabled = true (custom)
2020-12-29 02:32:37,937 [pool-269-thread-1] INFO  segmented.SegmentedRaftLogWorker (SegmentedRaftLogWorker.java:lambda$new$0(132)) - 9465357b-4c2a-4b31-9d0e-a8957ee25dd0@group-EDF47CB057C1-SegmentedRaftLogWorker: flushIndex: setUnconditionally 0 -> -1
2020-12-29 02:32:37,938 [pool-269-thread-1] INFO  segmented.SegmentedRaftLogWorker (SegmentedRaftLogWorker.java:lambda$new$0(132)) - 9465357b-4c2a-4b31-9d0e-a8957ee25dd0@group-EDF47CB057C1-SegmentedRaftLogWorker: safeCacheEvictIndex: setUnconditionally 0 -> -1
2020-12-29 02:32:37,938 [pool-269-thread-1] INFO  server.RaftServerConfigKeys (ConfUtils.java:logGet(44)) - raft.server.snapshot.auto.trigger.enabled = true (custom)
2020-12-29 02:32:37,938 [pool-269-thread-1] INFO  server.RaftServerConfigKeys (ConfUtils.java:logGet(44)) - raft.server.snapshot.auto.trigger.threshold = 10000 (custom)
2020-12-29 02:32:37,938 [pool-269-thread-1] INFO  server.RaftServerConfigKeys (ConfUtils.java:logGet(44)) - raft.server.snapshot.retention.file.num = 5 (custom)
2020-12-29 02:32:37,938 [pool-269-thread-1] INFO  server.RaftServerConfigKeys (ConfUtils.java:logGet(44)) - raft.server.log.purge.upto.snapshot.index = false (default)
2020-12-29 02:32:37,938 [pool-269-thread-1] INFO  server.RaftServerConfigKeys (ConfUtils.java:logGet(44)) - raft.server.retrycache.expirytime = 600000ms (custom)
2020-12-29 02:32:37,938 [pool-269-thread-1] INFO  server.RaftServerConfigKeys (ConfUtils.java:logGet(44)) - raft.server.retrycache.statistics.expirytime = 100?s (default)
2020-12-29 02:32:37,938 [pool-269-thread-1] INFO  metrics.RatisMetrics (RatisMetrics.java:lambda$create$0(36)) - Creating Metrics Registry : ratis.leader_election.9465357b-4c2a-4b31-9d0e-a8957ee25dd0@group-EDF47CB057C1
2020-12-29 02:32:37,938 [pool-269-thread-1] INFO  metrics.RatisMetrics (RatisMetrics.java:lambda$create$0(36)) - Creating Metrics Registry : ratis.server.9465357b-4c2a-4b31-9d0e-a8957ee25dd0@group-EDF47CB057C1
2020-12-29 02:32:37,939 [pool-269-thread-1] INFO  server.RaftServer$Division (RaftServerImpl.java:start(286)) - 9465357b-4c2a-4b31-9d0e-a8957ee25dd0@group-EDF47CB057C1: start as a follower, conf=-1: [9465357b-4c2a-4b31-9d0e-a8957ee25dd0|rpc:172.17.0.2:44375], old=null
2020-12-29 02:32:37,939 [pool-269-thread-1] INFO  server.RaftServer$Division (RaftServerImpl.java:setRole(275)) - 9465357b-4c2a-4b31-9d0e-a8957ee25dd0@group-EDF47CB057C1: changes role from      null to FOLLOWER at term 0 for startAsFollower
2020-12-29 02:32:37,939 [pool-269-thread-1] INFO  impl.RoleInfo (RoleInfo.java:updateAndGet(130)) - 9465357b-4c2a-4b31-9d0e-a8957ee25dd0: start 9465357b-4c2a-4b31-9d0e-a8957ee25dd0@group-EDF47CB057C1-FollowerState
2020-12-29 02:32:37,940 [pool-269-thread-1] INFO  util.JmxRegister (JmxRegister.java:tryRegister(44)) - Successfully registered JMX Bean with object name Ratis:service=RaftServer,group=group-EDF47CB057C1,id=9465357b-4c2a-4b31-9d0e-a8957ee25dd0
2020-12-29 02:32:37,940 [pool-269-thread-1] INFO  metrics.RatisMetrics (RatisMetrics.java:lambda$create$0(36)) - Creating Metrics Registry : ratis.state_machine.9465357b-4c2a-4b31-9d0e-a8957ee25dd0@group-EDF47CB057C1
2020-12-29 02:32:37,945 [Command processor thread] INFO  commandhandler.CreatePipelineCommandHandler (CreatePipelineCommandHandler.java:handle(106)) - Created Pipeline RATIS ONE PipelineID=97180043-18a6-4989-8bda-edf47cb057c1.
2020-12-29 02:32:38,096 [Command processor thread] INFO  server.RaftServer (RaftServerProxy.java:addNew(93)) - f7145b68-714b-4a68-90a5-01bf6bfda3d1: addNew group-FF01339CF9A5:[f7145b68-714b-4a68-90a5-01bf6bfda3d1|rpc:172.17.0.2:35033] returns group-FF01339CF9A5:java.util.concurrent.CompletableFuture@203fe9d5[Not completed]
2020-12-29 02:32:38,097 [pool-285-thread-1] INFO  server.RaftServer$Division (RaftServerImpl.java:<init>(173)) - f7145b68-714b-4a68-90a5-01bf6bfda3d1: new RaftServerImpl for group-FF01339CF9A5:[f7145b68-714b-4a68-90a5-01bf6bfda3d1|rpc:172.17.0.2:35033] with ContainerStateMachine:uninitialized
2020-12-29 02:32:38,097 [pool-285-thread-1] INFO  server.RaftServerConfigKeys (ConfUtils.java:logGet(44)) - raft.server.rpc.timeout.min = 5s (custom)
2020-12-29 02:32:38,097 [pool-285-thread-1] INFO  server.RaftServerConfigKeys (ConfUtils.java:logGet(44)) - raft.server.rpc.timeout.max = 5200ms (custom)
2020-12-29 02:32:38,097 [pool-285-thread-1] INFO  server.RaftServerConfigKeys (ConfUtils.java:logGet(44)) - raft.server.rpc.sleep.time = 25ms (default)
2020-12-29 02:32:38,097 [pool-285-thread-1] INFO  server.RaftServerConfigKeys (ConfUtils.java:logGet(44)) - raft.server.rpc.slowness.timeout = 300s (custom)
2020-12-29 02:32:38,097 [pool-285-thread-1] INFO  server.RaftServerConfigKeys (ConfUtils.java:logGet(44)) - raft.server.leaderelection.leader.step-down.wait-time = 10s (default)
2020-12-29 02:32:38,097 [pool-285-thread-1] INFO  server.RaftServerConfigKeys (ConfUtils.java:logGet(44)) - raft.server.sleep.deviation.threshold = 300ms (default)
2020-12-29 02:32:38,097 [pool-285-thread-1] INFO  server.RaftServerConfigKeys (ConfUtils.java:logGet(44)) - raft.server.log.appender.install.snapshot.enabled = false (custom)
2020-12-29 02:32:38,097 [pool-285-thread-1] INFO  server.RaftServer$Division (ServerState.java:<init>(104)) - f7145b68-714b-4a68-90a5-01bf6bfda3d1@group-FF01339CF9A5: ConfigurationManager, init=-1: [f7145b68-714b-4a68-90a5-01bf6bfda3d1|rpc:172.17.0.2:35033], old=null, confs=<EMPTY_MAP>
2020-12-29 02:32:38,098 [pool-285-thread-1] INFO  server.RaftServerConfigKeys (ConfUtils.java:logGet(44)) - raft.server.storage.dir = [/github/workspace/mnt/ozone/hadoop-ozone/integration-test/target/test-dir/MiniOzoneClusterImpl-e6490a55-0da7-46e5-97f4-9b4e66d62915/datanode-3/data/ratis] (custom)
2020-12-29 02:32:38,098 [EventQueue-PipelineReportForOneReplicaPipelineSafeModeRule] INFO  safemode.SCMSafeModeManager (SCMSafeModeManager.java:validateSafeModeExitRules(214)) - AtleastOneDatanodeReportedRule rule is successfully validated
2020-12-29 02:32:38,098 [pool-285-thread-1] INFO  server.RaftServerConfigKeys (ConfUtils.java:logGet(44)) - raft.server.log.corruption.policy = EXCEPTION (default)
2020-12-29 02:32:38,099 [pool-285-thread-1] INFO  storage.RaftStorageDirectory (RaftStorageDirectory.java:analyzeStorage(260)) - The storage directory /github/workspace/mnt/ozone/hadoop-ozone/integration-test/target/test-dir/MiniOzoneClusterImpl-e6490a55-0da7-46e5-97f4-9b4e66d62915/datanode-3/data/ratis/9d55ff84-5a8f-41bf-8840-ff01339cf9a5 does not exist. Creating ...
2020-12-29 02:32:38,100 [pool-285-thread-1] INFO  storage.RaftStorageDirectory (RaftStorageDirectory.java:tryLock(342)) - Lock on /github/workspace/mnt/ozone/hadoop-ozone/integration-test/target/test-dir/MiniOzoneClusterImpl-e6490a55-0da7-46e5-97f4-9b4e66d62915/datanode-3/data/ratis/9d55ff84-5a8f-41bf-8840-ff01339cf9a5/in_use.lock acquired by nodename 16476@3099d1499688
2020-12-29 02:32:38,101 [pool-285-thread-1] INFO  storage.RaftStorage (RaftStorage.java:format(89)) - Storage directory /github/workspace/mnt/ozone/hadoop-ozone/integration-test/target/test-dir/MiniOzoneClusterImpl-e6490a55-0da7-46e5-97f4-9b4e66d62915/datanode-3/data/ratis/9d55ff84-5a8f-41bf-8840-ff01339cf9a5 has been successfully formatted.
2020-12-29 02:32:38,101 [pool-285-thread-1] INFO  ratis.ContainerStateMachine (ContainerStateMachine.java:loadSnapshot(223)) - group-FF01339CF9A5: The snapshot info is null. Setting the last applied indexto:(t:0, i:~)
2020-12-29 02:32:38,101 [pool-285-thread-1] ERROR storage.RaftStorage (RaftStorage.java:readRaftConfiguration(152)) - Failed reading configuration from file:/github/workspace/mnt/ozone/hadoop-ozone/integration-test/target/test-dir/MiniOzoneClusterImpl-e6490a55-0da7-46e5-97f4-9b4e66d62915/datanode-3/data/ratis/9d55ff84-5a8f-41bf-8840-ff01339cf9a5/current/raft-meta.conf
java.io.FileNotFoundException: /github/workspace/mnt/ozone/hadoop-ozone/integration-test/target/test-dir/MiniOzoneClusterImpl-e6490a55-0da7-46e5-97f4-9b4e66d62915/datanode-3/data/ratis/9d55ff84-5a8f-41bf-8840-ff01339cf9a5/current/raft-meta.conf (No such file or directory)
	at java.io.FileInputStream.open0(Native Method)
	at java.io.FileInputStream.open(FileInputStream.java:195)
	at java.io.FileInputStream.<init>(FileInputStream.java:138)
	at org.apache.ratis.server.storage.RaftStorage.readRaftConfiguration(RaftStorage.java:148)
	at org.apache.ratis.server.impl.ServerState.initStatemachine(ServerState.java:167)
	at org.apache.ratis.server.impl.ServerState.<init>(ServerState.java:112)
	at org.apache.ratis.server.impl.RaftServerImpl.<init>(RaftServerImpl.java:186)
	at org.apache.ratis.server.impl.RaftServerProxy.lambda$newRaftServerImpl$4(RaftServerProxy.java:264)
	at java.util.concurrent.CompletableFuture$AsyncSupply.run(CompletableFuture.java:1604)
	at java.util.concurrent.ThreadPoolExecutor.runWorker(ThreadPoolExecutor.java:1149)
	at java.util.concurrent.ThreadPoolExecutor$Worker.run(ThreadPoolExecutor.java:624)
	at java.lang.Thread.run(Thread.java:748)
2020-12-29 02:32:38,102 [pool-285-thread-1] INFO  server.RaftServerConfigKeys (ConfUtils.java:logGet(44)) - raft.server.notification.no-leader.timeout = 300s (custom)
2020-12-29 02:32:38,102 [pool-285-thread-1] INFO  server.RaftServerConfigKeys (ConfUtils.java:logGet(44)) - raft.server.log.use.memory = false (default)
2020-12-29 02:32:38,102 [pool-285-thread-1] INFO  server.RaftServerConfigKeys (ConfUtils.java:logGet(44)) - raft.server.log.purge.gap = 1000000 (custom)
2020-12-29 02:32:38,102 [pool-285-thread-1] INFO  metrics.RatisMetrics (RatisMetrics.java:lambda$create$0(36)) - Creating Metrics Registry : ratis.log_worker.f7145b68-714b-4a68-90a5-01bf6bfda3d1@group-FF01339CF9A5
2020-12-29 02:32:38,102 [pool-285-thread-1] INFO  server.RaftServerConfigKeys (ConfUtils.java:logGet(44)) - raft.server.log.appender.buffer.byte-limit = 33554432 (custom)
2020-12-29 02:32:38,102 [pool-285-thread-1] INFO  server.RaftServerConfigKeys (ConfUtils.java:logGet(44)) - raft.server.log.segment.size.max = 1048576 (custom)
2020-12-29 02:32:38,103 [pool-285-thread-1] INFO  server.RaftServerConfigKeys (ConfUtils.java:logGet(44)) - raft.server.log.segment.cache.num.max = 2 (custom)
2020-12-29 02:32:38,103 [pool-285-thread-1] INFO  server.RaftServerConfigKeys (ConfUtils.java:logGet(44)) - raft.server.log.segment.cache.size.max = 200MB (=209715200) (default)
2020-12-29 02:32:38,103 [pool-285-thread-1] INFO  segmented.SegmentedRaftLogWorker (SegmentedRaftLogWorker.java:<init>(181)) - new f7145b68-714b-4a68-90a5-01bf6bfda3d1@group-FF01339CF9A5-SegmentedRaftLogWorker for RaftStorage:Storage Directory /github/workspace/mnt/ozone/hadoop-ozone/integration-test/target/test-dir/MiniOzoneClusterImpl-e6490a55-0da7-46e5-97f4-9b4e66d62915/datanode-3/data/ratis/9d55ff84-5a8f-41bf-8840-ff01339cf9a5
2020-12-29 02:32:38,103 [pool-285-thread-1] INFO  server.RaftServerConfigKeys (ConfUtils.java:logGet(44)) - raft.server.log.queue.byte-limit = 2147483647 (custom)
2020-12-29 02:32:38,103 [pool-285-thread-1] INFO  server.RaftServerConfigKeys (ConfUtils.java:logGet(44)) - raft.server.log.queue.element-limit = 1024 (custom)
2020-12-29 02:32:38,103 [pool-285-thread-1] INFO  server.RaftServerConfigKeys (ConfUtils.java:logGet(44)) - raft.server.log.segment.size.max = 1048576 (custom)
2020-12-29 02:32:38,103 [pool-285-thread-1] INFO  server.RaftServerConfigKeys (ConfUtils.java:logGet(44)) - raft.server.log.preallocated.size = 16384 (custom)
2020-12-29 02:32:38,103 [pool-285-thread-1] INFO  server.RaftServerConfigKeys (ConfUtils.java:logGet(44)) - raft.server.log.force.sync.num = 128 (default)
2020-12-29 02:32:38,103 [pool-285-thread-1] INFO  server.RaftServerConfigKeys (ConfUtils.java:logGet(44)) - raft.server.log.statemachine.data.sync = true (default)
2020-12-29 02:32:38,103 [pool-285-thread-1] INFO  server.RaftServerConfigKeys (ConfUtils.java:logGet(44)) - raft.server.log.statemachine.data.sync.timeout = 10s (default)
2020-12-29 02:32:38,103 [pool-285-thread-1] INFO  server.RaftServerConfigKeys (ConfUtils.java:logGet(44)) - raft.server.log.statemachine.data.sync.timeout.retry = -1 (default)
2020-12-29 02:32:38,104 [EventQueue-PipelineReportForPipelineReportHandler] INFO  pipeline.PipelineStateManager (PipelineStateManager.java:openPipeline(132)) - Pipeline Pipeline[ Id: 9d55ff84-5a8f-41bf-8840-ff01339cf9a5, Nodes: f7145b68-714b-4a68-90a5-01bf6bfda3d1{ip: 172.17.0.2, host: 3099d1499688, networkLocation: /default-rack, certSerialId: null, persistedOpState: IN_SERVICE, persistedOpStateExpiryEpochSec: 0}, Type:RATIS, Factor:ONE, State:ALLOCATED, leaderId:f7145b68-714b-4a68-90a5-01bf6bfda3d1, CreationTimestamp2020-12-29T02:32:35.099Z] moved to OPEN state
2020-12-29 02:32:38,104 [EventQueue-OpenPipelineForHealthyPipelineSafeModeRule] INFO  safemode.SCMSafeModeManager (HealthyPipelineSafeModeRule.java:process(128)) - SCM in safe mode. Healthy pipelines reported count is 0, required healthy pipeline reported count is 1
2020-12-29 02:32:38,104 [pool-285-thread-1] INFO  server.RaftServerConfigKeys (ConfUtils.java:logGet(44)) - raft.server.log.write.buffer.size = 1048576 (custom)
2020-12-29 02:32:38,105 [EventQueue-PipelineReportForOneReplicaPipelineSafeModeRule] INFO  safemode.SCMSafeModeManager (SCMSafeModeManager.java:validateSafeModeExitRules(214)) - AtleastOneDatanodeReportedRule rule is successfully validated
2020-12-29 02:32:38,109 [pool-285-thread-1] INFO  server.RaftServerConfigKeys (ConfUtils.java:logGet(44)) - raft.server.log.statemachine.data.caching.enabled = true (custom)
2020-12-29 02:32:38,109 [pool-285-thread-1] INFO  segmented.SegmentedRaftLogWorker (SegmentedRaftLogWorker.java:lambda$new$0(132)) - f7145b68-714b-4a68-90a5-01bf6bfda3d1@group-FF01339CF9A5-SegmentedRaftLogWorker: flushIndex: setUnconditionally 0 -> -1
2020-12-29 02:32:38,109 [pool-285-thread-1] INFO  segmented.SegmentedRaftLogWorker (SegmentedRaftLogWorker.java:lambda$new$0(132)) - f7145b68-714b-4a68-90a5-01bf6bfda3d1@group-FF01339CF9A5-SegmentedRaftLogWorker: safeCacheEvictIndex: setUnconditionally 0 -> -1
2020-12-29 02:32:38,109 [pool-285-thread-1] INFO  server.RaftServerConfigKeys (ConfUtils.java:logGet(44)) - raft.server.snapshot.auto.trigger.enabled = true (custom)
2020-12-29 02:32:38,109 [pool-285-thread-1] INFO  server.RaftServerConfigKeys (ConfUtils.java:logGet(44)) - raft.server.snapshot.auto.trigger.threshold = 10000 (custom)
2020-12-29 02:32:38,109 [pool-285-thread-1] INFO  server.RaftServerConfigKeys (ConfUtils.java:logGet(44)) - raft.server.snapshot.retention.file.num = 5 (custom)
2020-12-29 02:32:38,109 [pool-285-thread-1] INFO  server.RaftServerConfigKeys (ConfUtils.java:logGet(44)) - raft.server.log.purge.upto.snapshot.index = false (default)
2020-12-29 02:32:38,109 [pool-285-thread-1] INFO  server.RaftServerConfigKeys (ConfUtils.java:logGet(44)) - raft.server.retrycache.expirytime = 600000ms (custom)
2020-12-29 02:32:38,109 [pool-285-thread-1] INFO  server.RaftServerConfigKeys (ConfUtils.java:logGet(44)) - raft.server.retrycache.statistics.expirytime = 100?s (default)
2020-12-29 02:32:38,110 [pool-285-thread-1] INFO  metrics.RatisMetrics (RatisMetrics.java:lambda$create$0(36)) - Creating Metrics Registry : ratis.leader_election.f7145b68-714b-4a68-90a5-01bf6bfda3d1@group-FF01339CF9A5
2020-12-29 02:32:38,110 [pool-285-thread-1] INFO  metrics.RatisMetrics (RatisMetrics.java:lambda$create$0(36)) - Creating Metrics Registry : ratis.server.f7145b68-714b-4a68-90a5-01bf6bfda3d1@group-FF01339CF9A5
2020-12-29 02:32:38,111 [pool-285-thread-1] INFO  server.RaftServer$Division (RaftServerImpl.java:start(286)) - f7145b68-714b-4a68-90a5-01bf6bfda3d1@group-FF01339CF9A5: start as a follower, conf=-1: [f7145b68-714b-4a68-90a5-01bf6bfda3d1|rpc:172.17.0.2:35033], old=null
2020-12-29 02:32:38,111 [pool-285-thread-1] INFO  server.RaftServer$Division (RaftServerImpl.java:setRole(275)) - f7145b68-714b-4a68-90a5-01bf6bfda3d1@group-FF01339CF9A5: changes role from      null to FOLLOWER at term 0 for startAsFollower
2020-12-29 02:32:38,111 [pool-285-thread-1] INFO  impl.RoleInfo (RoleInfo.java:updateAndGet(130)) - f7145b68-714b-4a68-90a5-01bf6bfda3d1: start f7145b68-714b-4a68-90a5-01bf6bfda3d1@group-FF01339CF9A5-FollowerState
2020-12-29 02:32:38,111 [pool-285-thread-1] INFO  util.JmxRegister (JmxRegister.java:tryRegister(44)) - Successfully registered JMX Bean with object name Ratis:service=RaftServer,group=group-FF01339CF9A5,id=f7145b68-714b-4a68-90a5-01bf6bfda3d1
2020-12-29 02:32:38,111 [pool-285-thread-1] INFO  metrics.RatisMetrics (RatisMetrics.java:lambda$create$0(36)) - Creating Metrics Registry : ratis.state_machine.f7145b68-714b-4a68-90a5-01bf6bfda3d1@group-FF01339CF9A5
2020-12-29 02:32:38,112 [Command processor thread] INFO  commandhandler.CreatePipelineCommandHandler (CreatePipelineCommandHandler.java:handle(106)) - Created Pipeline RATIS ONE PipelineID=9d55ff84-5a8f-41bf-8840-ff01339cf9a5.
2020-12-29 02:32:38,113 [Command processor thread] INFO  server.RaftServer (RaftServerProxy.java:addNew(93)) - f7145b68-714b-4a68-90a5-01bf6bfda3d1: addNew group-8D1F305CFD2A:[f7145b68-714b-4a68-90a5-01bf6bfda3d1|rpc:172.17.0.2:35033, 4cac4d95-f3be-45f6-9a5a-d8dab57b636d|rpc:172.17.0.2:42337, 1bcfb908-c5ae-427d-a09f-f15a855158d1|rpc:172.17.0.2:41037] returns group-8D1F305CFD2A:java.util.concurrent.CompletableFuture@2400790a[Not completed]
2020-12-29 02:32:38,113 [pool-285-thread-1] INFO  server.RaftServer$Division (RaftServerImpl.java:<init>(173)) - f7145b68-714b-4a68-90a5-01bf6bfda3d1: new RaftServerImpl for group-8D1F305CFD2A:[f7145b68-714b-4a68-90a5-01bf6bfda3d1|rpc:172.17.0.2:35033, 4cac4d95-f3be-45f6-9a5a-d8dab57b636d|rpc:172.17.0.2:42337, 1bcfb908-c5ae-427d-a09f-f15a855158d1|rpc:172.17.0.2:41037] with ContainerStateMachine:uninitialized
2020-12-29 02:32:38,113 [pool-285-thread-1] INFO  server.RaftServerConfigKeys (ConfUtils.java:logGet(44)) - raft.server.rpc.timeout.min = 5s (custom)
2020-12-29 02:32:38,114 [pool-285-thread-1] INFO  server.RaftServerConfigKeys (ConfUtils.java:logGet(44)) - raft.server.rpc.timeout.max = 5200ms (custom)
2020-12-29 02:32:38,114 [pool-285-thread-1] INFO  server.RaftServerConfigKeys (ConfUtils.java:logGet(44)) - raft.server.rpc.sleep.time = 25ms (default)
2020-12-29 02:32:38,114 [pool-285-thread-1] INFO  server.RaftServerConfigKeys (ConfUtils.java:logGet(44)) - raft.server.rpc.slowness.timeout = 300s (custom)
2020-12-29 02:32:38,114 [pool-285-thread-1] INFO  server.RaftServerConfigKeys (ConfUtils.java:logGet(44)) - raft.server.leaderelection.leader.step-down.wait-time = 10s (default)
2020-12-29 02:32:38,114 [pool-285-thread-1] INFO  server.RaftServerConfigKeys (ConfUtils.java:logGet(44)) - raft.server.sleep.deviation.threshold = 300ms (default)
2020-12-29 02:32:38,114 [pool-285-thread-1] INFO  server.RaftServerConfigKeys (ConfUtils.java:logGet(44)) - raft.server.log.appender.install.snapshot.enabled = false (custom)
2020-12-29 02:32:38,114 [pool-285-thread-1] INFO  server.RaftServer$Division (ServerState.java:<init>(104)) - f7145b68-714b-4a68-90a5-01bf6bfda3d1@group-8D1F305CFD2A: ConfigurationManager, init=-1: [f7145b68-714b-4a68-90a5-01bf6bfda3d1|rpc:172.17.0.2:35033, 4cac4d95-f3be-45f6-9a5a-d8dab57b636d|rpc:172.17.0.2:42337, 1bcfb908-c5ae-427d-a09f-f15a855158d1|rpc:172.17.0.2:41037], old=null, confs=<EMPTY_MAP>
2020-12-29 02:32:38,114 [pool-285-thread-1] INFO  server.RaftServerConfigKeys (ConfUtils.java:logGet(44)) - raft.server.storage.dir = [/github/workspace/mnt/ozone/hadoop-ozone/integration-test/target/test-dir/MiniOzoneClusterImpl-e6490a55-0da7-46e5-97f4-9b4e66d62915/datanode-3/data/ratis] (custom)
2020-12-29 02:32:38,114 [pool-285-thread-1] INFO  server.RaftServerConfigKeys (ConfUtils.java:logGet(44)) - raft.server.log.corruption.policy = EXCEPTION (default)
2020-12-29 02:32:38,114 [pool-285-thread-1] INFO  storage.RaftStorageDirectory (RaftStorageDirectory.java:analyzeStorage(260)) - The storage directory /github/workspace/mnt/ozone/hadoop-ozone/integration-test/target/test-dir/MiniOzoneClusterImpl-e6490a55-0da7-46e5-97f4-9b4e66d62915/datanode-3/data/ratis/387a164e-a32c-42bd-8665-8d1f305cfd2a does not exist. Creating ...
2020-12-29 02:32:38,115 [pool-285-thread-1] INFO  storage.RaftStorageDirectory (RaftStorageDirectory.java:tryLock(342)) - Lock on /github/workspace/mnt/ozone/hadoop-ozone/integration-test/target/test-dir/MiniOzoneClusterImpl-e6490a55-0da7-46e5-97f4-9b4e66d62915/datanode-3/data/ratis/387a164e-a32c-42bd-8665-8d1f305cfd2a/in_use.lock acquired by nodename 16476@3099d1499688
2020-12-29 02:32:38,116 [pool-285-thread-1] INFO  storage.RaftStorage (RaftStorage.java:format(89)) - Storage directory /github/workspace/mnt/ozone/hadoop-ozone/integration-test/target/test-dir/MiniOzoneClusterImpl-e6490a55-0da7-46e5-97f4-9b4e66d62915/datanode-3/data/ratis/387a164e-a32c-42bd-8665-8d1f305cfd2a has been successfully formatted.
2020-12-29 02:32:38,117 [pool-285-thread-1] INFO  ratis.ContainerStateMachine (ContainerStateMachine.java:loadSnapshot(223)) - group-8D1F305CFD2A: The snapshot info is null. Setting the last applied indexto:(t:0, i:~)
2020-12-29 02:32:38,117 [pool-285-thread-1] ERROR storage.RaftStorage (RaftStorage.java:readRaftConfiguration(152)) - Failed reading configuration from file:/github/workspace/mnt/ozone/hadoop-ozone/integration-test/target/test-dir/MiniOzoneClusterImpl-e6490a55-0da7-46e5-97f4-9b4e66d62915/datanode-3/data/ratis/387a164e-a32c-42bd-8665-8d1f305cfd2a/current/raft-meta.conf
java.io.FileNotFoundException: /github/workspace/mnt/ozone/hadoop-ozone/integration-test/target/test-dir/MiniOzoneClusterImpl-e6490a55-0da7-46e5-97f4-9b4e66d62915/datanode-3/data/ratis/387a164e-a32c-42bd-8665-8d1f305cfd2a/current/raft-meta.conf (No such file or directory)
	at java.io.FileInputStream.open0(Native Method)
	at java.io.FileInputStream.open(FileInputStream.java:195)
	at java.io.FileInputStream.<init>(FileInputStream.java:138)
	at org.apache.ratis.server.storage.RaftStorage.readRaftConfiguration(RaftStorage.java:148)
	at org.apache.ratis.server.impl.ServerState.initStatemachine(ServerState.java:167)
	at org.apache.ratis.server.impl.ServerState.<init>(ServerState.java:112)
	at org.apache.ratis.server.impl.RaftServerImpl.<init>(RaftServerImpl.java:186)
	at org.apache.ratis.server.impl.RaftServerProxy.lambda$newRaftServerImpl$4(RaftServerProxy.java:264)
	at java.util.concurrent.CompletableFuture$AsyncSupply.run(CompletableFuture.java:1604)
	at java.util.concurrent.ThreadPoolExecutor.runWorker(ThreadPoolExecutor.java:1149)
	at java.util.concurrent.ThreadPoolExecutor$Worker.run(ThreadPoolExecutor.java:624)
	at java.lang.Thread.run(Thread.java:748)
2020-12-29 02:32:38,117 [pool-285-thread-1] INFO  server.RaftServerConfigKeys (ConfUtils.java:logGet(44)) - raft.server.notification.no-leader.timeout = 300s (custom)
2020-12-29 02:32:38,117 [pool-285-thread-1] INFO  server.RaftServerConfigKeys (ConfUtils.java:logGet(44)) - raft.server.log.use.memory = false (default)
2020-12-29 02:32:38,117 [pool-285-thread-1] INFO  server.RaftServerConfigKeys (ConfUtils.java:logGet(44)) - raft.server.log.purge.gap = 1000000 (custom)
2020-12-29 02:32:38,118 [EventQueue-OpenPipelineForHealthyPipelineSafeModeRule] INFO  safemode.SCMSafeModeManager (HealthyPipelineSafeModeRule.java:process(128)) - SCM in safe mode. Healthy pipelines reported count is 0, required healthy pipeline reported count is 1
2020-12-29 02:32:38,117 [EventQueue-PipelineReportForOneReplicaPipelineSafeModeRule] INFO  safemode.SCMSafeModeManager (SCMSafeModeManager.java:validateSafeModeExitRules(214)) - AtleastOneDatanodeReportedRule rule is successfully validated
2020-12-29 02:32:38,118 [pool-285-thread-1] INFO  metrics.RatisMetrics (RatisMetrics.java:lambda$create$0(36)) - Creating Metrics Registry : ratis.log_worker.f7145b68-714b-4a68-90a5-01bf6bfda3d1@group-8D1F305CFD2A
2020-12-29 02:32:38,118 [pool-285-thread-1] INFO  server.RaftServerConfigKeys (ConfUtils.java:logGet(44)) - raft.server.log.appender.buffer.byte-limit = 33554432 (custom)
2020-12-29 02:32:38,118 [pool-285-thread-1] INFO  server.RaftServerConfigKeys (ConfUtils.java:logGet(44)) - raft.server.log.segment.size.max = 1048576 (custom)
2020-12-29 02:32:38,119 [pool-285-thread-1] INFO  server.RaftServerConfigKeys (ConfUtils.java:logGet(44)) - raft.server.log.segment.cache.num.max = 2 (custom)
2020-12-29 02:32:38,119 [pool-285-thread-1] INFO  server.RaftServerConfigKeys (ConfUtils.java:logGet(44)) - raft.server.log.segment.cache.size.max = 200MB (=209715200) (default)
2020-12-29 02:32:38,119 [pool-285-thread-1] INFO  segmented.SegmentedRaftLogWorker (SegmentedRaftLogWorker.java:<init>(181)) - new f7145b68-714b-4a68-90a5-01bf6bfda3d1@group-8D1F305CFD2A-SegmentedRaftLogWorker for RaftStorage:Storage Directory /github/workspace/mnt/ozone/hadoop-ozone/integration-test/target/test-dir/MiniOzoneClusterImpl-e6490a55-0da7-46e5-97f4-9b4e66d62915/datanode-3/data/ratis/387a164e-a32c-42bd-8665-8d1f305cfd2a
2020-12-29 02:32:38,119 [pool-285-thread-1] INFO  server.RaftServerConfigKeys (ConfUtils.java:logGet(44)) - raft.server.log.queue.byte-limit = 2147483647 (custom)
2020-12-29 02:32:38,119 [pool-285-thread-1] INFO  server.RaftServerConfigKeys (ConfUtils.java:logGet(44)) - raft.server.log.queue.element-limit = 1024 (custom)
2020-12-29 02:32:38,119 [pool-285-thread-1] INFO  server.RaftServerConfigKeys (ConfUtils.java:logGet(44)) - raft.server.log.segment.size.max = 1048576 (custom)
2020-12-29 02:32:38,119 [pool-285-thread-1] INFO  server.RaftServerConfigKeys (ConfUtils.java:logGet(44)) - raft.server.log.preallocated.size = 16384 (custom)
2020-12-29 02:32:38,119 [pool-285-thread-1] INFO  server.RaftServerConfigKeys (ConfUtils.java:logGet(44)) - raft.server.log.force.sync.num = 128 (default)
2020-12-29 02:32:38,119 [pool-285-thread-1] INFO  server.RaftServerConfigKeys (ConfUtils.java:logGet(44)) - raft.server.log.statemachine.data.sync = true (default)
2020-12-29 02:32:38,119 [pool-285-thread-1] INFO  server.RaftServerConfigKeys (ConfUtils.java:logGet(44)) - raft.server.log.statemachine.data.sync.timeout = 10s (default)
2020-12-29 02:32:38,120 [pool-285-thread-1] INFO  server.RaftServerConfigKeys (ConfUtils.java:logGet(44)) - raft.server.log.statemachine.data.sync.timeout.retry = -1 (default)
2020-12-29 02:32:38,122 [pool-285-thread-1] INFO  server.RaftServerConfigKeys (ConfUtils.java:logGet(44)) - raft.server.log.write.buffer.size = 1048576 (custom)
2020-12-29 02:32:38,123 [pool-285-thread-1] INFO  server.RaftServerConfigKeys (ConfUtils.java:logGet(44)) - raft.server.log.statemachine.data.caching.enabled = true (custom)
2020-12-29 02:32:38,123 [pool-285-thread-1] INFO  segmented.SegmentedRaftLogWorker (SegmentedRaftLogWorker.java:lambda$new$0(132)) - f7145b68-714b-4a68-90a5-01bf6bfda3d1@group-8D1F305CFD2A-SegmentedRaftLogWorker: flushIndex: setUnconditionally 0 -> -1
2020-12-29 02:32:38,123 [pool-285-thread-1] INFO  segmented.SegmentedRaftLogWorker (SegmentedRaftLogWorker.java:lambda$new$0(132)) - f7145b68-714b-4a68-90a5-01bf6bfda3d1@group-8D1F305CFD2A-SegmentedRaftLogWorker: safeCacheEvictIndex: setUnconditionally 0 -> -1
2020-12-29 02:32:38,132 [pool-285-thread-1] INFO  server.RaftServerConfigKeys (ConfUtils.java:logGet(44)) - raft.server.snapshot.auto.trigger.enabled = true (custom)
2020-12-29 02:32:38,132 [pool-285-thread-1] INFO  server.RaftServerConfigKeys (ConfUtils.java:logGet(44)) - raft.server.snapshot.auto.trigger.threshold = 10000 (custom)
2020-12-29 02:32:38,132 [pool-285-thread-1] INFO  server.RaftServerConfigKeys (ConfUtils.java:logGet(44)) - raft.server.snapshot.retention.file.num = 5 (custom)
2020-12-29 02:32:38,132 [pool-285-thread-1] INFO  server.RaftServerConfigKeys (ConfUtils.java:logGet(44)) - raft.server.log.purge.upto.snapshot.index = false (default)
2020-12-29 02:32:38,132 [pool-285-thread-1] INFO  server.RaftServerConfigKeys (ConfUtils.java:logGet(44)) - raft.server.retrycache.expirytime = 600000ms (custom)
2020-12-29 02:32:38,132 [pool-285-thread-1] INFO  server.RaftServerConfigKeys (ConfUtils.java:logGet(44)) - raft.server.retrycache.statistics.expirytime = 100?s (default)
2020-12-29 02:32:38,132 [pool-285-thread-1] INFO  metrics.RatisMetrics (RatisMetrics.java:lambda$create$0(36)) - Creating Metrics Registry : ratis.leader_election.f7145b68-714b-4a68-90a5-01bf6bfda3d1@group-8D1F305CFD2A
2020-12-29 02:32:38,133 [pool-285-thread-1] INFO  metrics.RatisMetrics (RatisMetrics.java:lambda$create$0(36)) - Creating Metrics Registry : ratis.server.f7145b68-714b-4a68-90a5-01bf6bfda3d1@group-8D1F305CFD2A
2020-12-29 02:32:38,134 [pool-285-thread-1] INFO  server.RaftServer$Division (RaftServerImpl.java:start(286)) - f7145b68-714b-4a68-90a5-01bf6bfda3d1@group-8D1F305CFD2A: start as a follower, conf=-1: [f7145b68-714b-4a68-90a5-01bf6bfda3d1|rpc:172.17.0.2:35033, 4cac4d95-f3be-45f6-9a5a-d8dab57b636d|rpc:172.17.0.2:42337, 1bcfb908-c5ae-427d-a09f-f15a855158d1|rpc:172.17.0.2:41037], old=null
2020-12-29 02:32:38,134 [pool-285-thread-1] INFO  server.RaftServer$Division (RaftServerImpl.java:setRole(275)) - f7145b68-714b-4a68-90a5-01bf6bfda3d1@group-8D1F305CFD2A: changes role from      null to FOLLOWER at term 0 for startAsFollower
2020-12-29 02:32:38,134 [pool-285-thread-1] INFO  impl.RoleInfo (RoleInfo.java:updateAndGet(130)) - f7145b68-714b-4a68-90a5-01bf6bfda3d1: start f7145b68-714b-4a68-90a5-01bf6bfda3d1@group-8D1F305CFD2A-FollowerState
2020-12-29 02:32:38,134 [pool-285-thread-1] INFO  util.JmxRegister (JmxRegister.java:tryRegister(44)) - Successfully registered JMX Bean with object name Ratis:service=RaftServer,group=group-8D1F305CFD2A,id=f7145b68-714b-4a68-90a5-01bf6bfda3d1
2020-12-29 02:32:38,134 [pool-285-thread-1] INFO  metrics.RatisMetrics (RatisMetrics.java:lambda$create$0(36)) - Creating Metrics Registry : ratis.state_machine.f7145b68-714b-4a68-90a5-01bf6bfda3d1@group-8D1F305CFD2A
2020-12-29 02:32:38,136 [Command processor thread] INFO  metrics.RatisMetrics (RatisMetrics.java:lambda$create$0(36)) - Creating Metrics Registry : ratis.client_message_metrics.client-9931848F6B30->1bcfb908-c5ae-427d-a09f-f15a855158d1
2020-12-29 02:32:38,141 [grpc-default-executor-2] INFO  metrics.RatisMetrics (RatisMetrics.java:lambda$create$0(36)) - Creating Metrics Registry : ratis.server_message_metrics.1bcfb908-c5ae-427d-a09f-f15a855158d1
2020-12-29 02:32:38,149 [grpc-default-executor-2] INFO  server.RaftServer (RaftServerProxy.java:addNew(93)) - 1bcfb908-c5ae-427d-a09f-f15a855158d1: addNew group-8D1F305CFD2A:[f7145b68-714b-4a68-90a5-01bf6bfda3d1|rpc:172.17.0.2:35033|dataStream:, 4cac4d95-f3be-45f6-9a5a-d8dab57b636d|rpc:172.17.0.2:42337|dataStream:, 1bcfb908-c5ae-427d-a09f-f15a855158d1|rpc:172.17.0.2:41037|dataStream:] returns group-8D1F305CFD2A:java.util.concurrent.CompletableFuture@252f5872[Not completed]
2020-12-29 02:32:38,160 [pool-317-thread-1] INFO  server.RaftServer$Division (RaftServerImpl.java:<init>(173)) - 1bcfb908-c5ae-427d-a09f-f15a855158d1: new RaftServerImpl for group-8D1F305CFD2A:[f7145b68-714b-4a68-90a5-01bf6bfda3d1|rpc:172.17.0.2:35033|dataStream:, 4cac4d95-f3be-45f6-9a5a-d8dab57b636d|rpc:172.17.0.2:42337|dataStream:, 1bcfb908-c5ae-427d-a09f-f15a855158d1|rpc:172.17.0.2:41037|dataStream:] with ContainerStateMachine:uninitialized
2020-12-29 02:32:38,161 [pool-317-thread-1] INFO  server.RaftServerConfigKeys (ConfUtils.java:logGet(44)) - raft.server.rpc.timeout.min = 5s (custom)
2020-12-29 02:32:38,161 [pool-317-thread-1] INFO  server.RaftServerConfigKeys (ConfUtils.java:logGet(44)) - raft.server.rpc.timeout.max = 5200ms (custom)
2020-12-29 02:32:38,161 [pool-317-thread-1] INFO  server.RaftServerConfigKeys (ConfUtils.java:logGet(44)) - raft.server.rpc.sleep.time = 25ms (default)
2020-12-29 02:32:38,161 [pool-317-thread-1] INFO  server.RaftServerConfigKeys (ConfUtils.java:logGet(44)) - raft.server.rpc.slowness.timeout = 300s (custom)
2020-12-29 02:32:38,161 [pool-317-thread-1] INFO  server.RaftServerConfigKeys (ConfUtils.java:logGet(44)) - raft.server.leaderelection.leader.step-down.wait-time = 10s (default)
2020-12-29 02:32:38,161 [pool-317-thread-1] INFO  server.RaftServerConfigKeys (ConfUtils.java:logGet(44)) - raft.server.sleep.deviation.threshold = 300ms (default)
2020-12-29 02:32:38,162 [pool-317-thread-1] INFO  server.RaftServerConfigKeys (ConfUtils.java:logGet(44)) - raft.server.log.appender.install.snapshot.enabled = false (custom)
2020-12-29 02:32:38,162 [pool-317-thread-1] INFO  server.RaftServer$Division (ServerState.java:<init>(104)) - 1bcfb908-c5ae-427d-a09f-f15a855158d1@group-8D1F305CFD2A: ConfigurationManager, init=-1: [f7145b68-714b-4a68-90a5-01bf6bfda3d1|rpc:172.17.0.2:35033|dataStream:, 4cac4d95-f3be-45f6-9a5a-d8dab57b636d|rpc:172.17.0.2:42337|dataStream:, 1bcfb908-c5ae-427d-a09f-f15a855158d1|rpc:172.17.0.2:41037|dataStream:], old=null, confs=<EMPTY_MAP>
2020-12-29 02:32:38,162 [pool-317-thread-1] INFO  server.RaftServerConfigKeys (ConfUtils.java:logGet(44)) - raft.server.storage.dir = [/github/workspace/mnt/ozone/hadoop-ozone/integration-test/target/test-dir/MiniOzoneClusterImpl-e6490a55-0da7-46e5-97f4-9b4e66d62915/datanode-5/data/ratis] (custom)
2020-12-29 02:32:38,162 [pool-317-thread-1] INFO  server.RaftServerConfigKeys (ConfUtils.java:logGet(44)) - raft.server.log.corruption.policy = EXCEPTION (default)
2020-12-29 02:32:38,162 [pool-317-thread-1] INFO  storage.RaftStorageDirectory (RaftStorageDirectory.java:analyzeStorage(260)) - The storage directory /github/workspace/mnt/ozone/hadoop-ozone/integration-test/target/test-dir/MiniOzoneClusterImpl-e6490a55-0da7-46e5-97f4-9b4e66d62915/datanode-5/data/ratis/387a164e-a32c-42bd-8665-8d1f305cfd2a does not exist. Creating ...
2020-12-29 02:32:38,163 [pool-317-thread-1] INFO  storage.RaftStorageDirectory (RaftStorageDirectory.java:tryLock(342)) - Lock on /github/workspace/mnt/ozone/hadoop-ozone/integration-test/target/test-dir/MiniOzoneClusterImpl-e6490a55-0da7-46e5-97f4-9b4e66d62915/datanode-5/data/ratis/387a164e-a32c-42bd-8665-8d1f305cfd2a/in_use.lock acquired by nodename 16476@3099d1499688
2020-12-29 02:32:38,164 [pool-317-thread-1] INFO  storage.RaftStorage (RaftStorage.java:format(89)) - Storage directory /github/workspace/mnt/ozone/hadoop-ozone/integration-test/target/test-dir/MiniOzoneClusterImpl-e6490a55-0da7-46e5-97f4-9b4e66d62915/datanode-5/data/ratis/387a164e-a32c-42bd-8665-8d1f305cfd2a has been successfully formatted.
2020-12-29 02:32:38,165 [pool-317-thread-1] INFO  ratis.ContainerStateMachine (ContainerStateMachine.java:loadSnapshot(223)) - group-8D1F305CFD2A: The snapshot info is null. Setting the last applied indexto:(t:0, i:~)
2020-12-29 02:32:38,165 [pool-317-thread-1] ERROR storage.RaftStorage (RaftStorage.java:readRaftConfiguration(152)) - Failed reading configuration from file:/github/workspace/mnt/ozone/hadoop-ozone/integration-test/target/test-dir/MiniOzoneClusterImpl-e6490a55-0da7-46e5-97f4-9b4e66d62915/datanode-5/data/ratis/387a164e-a32c-42bd-8665-8d1f305cfd2a/current/raft-meta.conf
java.io.FileNotFoundException: /github/workspace/mnt/ozone/hadoop-ozone/integration-test/target/test-dir/MiniOzoneClusterImpl-e6490a55-0da7-46e5-97f4-9b4e66d62915/datanode-5/data/ratis/387a164e-a32c-42bd-8665-8d1f305cfd2a/current/raft-meta.conf (No such file or directory)
	at java.io.FileInputStream.open0(Native Method)
	at java.io.FileInputStream.open(FileInputStream.java:195)
	at java.io.FileInputStream.<init>(FileInputStream.java:138)
	at org.apache.ratis.server.storage.RaftStorage.readRaftConfiguration(RaftStorage.java:148)
	at org.apache.ratis.server.impl.ServerState.initStatemachine(ServerState.java:167)
	at org.apache.ratis.server.impl.ServerState.<init>(ServerState.java:112)
	at org.apache.ratis.server.impl.RaftServerImpl.<init>(RaftServerImpl.java:186)
	at org.apache.ratis.server.impl.RaftServerProxy.lambda$newRaftServerImpl$4(RaftServerProxy.java:264)
	at java.util.concurrent.CompletableFuture$AsyncSupply.run(CompletableFuture.java:1604)
	at java.util.concurrent.ThreadPoolExecutor.runWorker(ThreadPoolExecutor.java:1149)
	at java.util.concurrent.ThreadPoolExecutor$Worker.run(ThreadPoolExecutor.java:624)
	at java.lang.Thread.run(Thread.java:748)
2020-12-29 02:32:38,165 [pool-317-thread-1] INFO  server.RaftServerConfigKeys (ConfUtils.java:logGet(44)) - raft.server.notification.no-leader.timeout = 300s (custom)
2020-12-29 02:32:38,166 [pool-317-thread-1] INFO  server.RaftServerConfigKeys (ConfUtils.java:logGet(44)) - raft.server.log.use.memory = false (default)
2020-12-29 02:32:38,166 [EventQueue-PipelineReportForOneReplicaPipelineSafeModeRule] INFO  safemode.SCMSafeModeManager (SCMSafeModeManager.java:validateSafeModeExitRules(214)) - AtleastOneDatanodeReportedRule rule is successfully validated
2020-12-29 02:32:38,167 [pool-317-thread-1] INFO  server.RaftServerConfigKeys (ConfUtils.java:logGet(44)) - raft.server.log.purge.gap = 1000000 (custom)
2020-12-29 02:32:38,167 [pool-317-thread-1] INFO  metrics.RatisMetrics (RatisMetrics.java:lambda$create$0(36)) - Creating Metrics Registry : ratis.log_worker.1bcfb908-c5ae-427d-a09f-f15a855158d1@group-8D1F305CFD2A
2020-12-29 02:32:38,168 [pool-317-thread-1] INFO  server.RaftServerConfigKeys (ConfUtils.java:logGet(44)) - raft.server.log.appender.buffer.byte-limit = 33554432 (custom)
2020-12-29 02:32:38,168 [pool-317-thread-1] INFO  server.RaftServerConfigKeys (ConfUtils.java:logGet(44)) - raft.server.log.segment.size.max = 1048576 (custom)
2020-12-29 02:32:38,168 [pool-317-thread-1] INFO  server.RaftServerConfigKeys (ConfUtils.java:logGet(44)) - raft.server.log.segment.cache.num.max = 2 (custom)
2020-12-29 02:32:38,168 [pool-317-thread-1] INFO  server.RaftServerConfigKeys (ConfUtils.java:logGet(44)) - raft.server.log.segment.cache.size.max = 200MB (=209715200) (default)
2020-12-29 02:32:38,168 [pool-317-thread-1] INFO  segmented.SegmentedRaftLogWorker (SegmentedRaftLogWorker.java:<init>(181)) - new 1bcfb908-c5ae-427d-a09f-f15a855158d1@group-8D1F305CFD2A-SegmentedRaftLogWorker for RaftStorage:Storage Directory /github/workspace/mnt/ozone/hadoop-ozone/integration-test/target/test-dir/MiniOzoneClusterImpl-e6490a55-0da7-46e5-97f4-9b4e66d62915/datanode-5/data/ratis/387a164e-a32c-42bd-8665-8d1f305cfd2a
2020-12-29 02:32:38,169 [pool-317-thread-1] INFO  server.RaftServerConfigKeys (ConfUtils.java:logGet(44)) - raft.server.log.queue.byte-limit = 2147483647 (custom)
2020-12-29 02:32:38,169 [pool-317-thread-1] INFO  server.RaftServerConfigKeys (ConfUtils.java:logGet(44)) - raft.server.log.queue.element-limit = 1024 (custom)
2020-12-29 02:32:38,169 [pool-317-thread-1] INFO  server.RaftServerConfigKeys (ConfUtils.java:logGet(44)) - raft.server.log.segment.size.max = 1048576 (custom)
2020-12-29 02:32:38,171 [pool-317-thread-1] INFO  server.RaftServerConfigKeys (ConfUtils.java:logGet(44)) - raft.server.log.preallocated.size = 16384 (custom)
2020-12-29 02:32:38,171 [pool-317-thread-1] INFO  server.RaftServerConfigKeys (ConfUtils.java:logGet(44)) - raft.server.log.force.sync.num = 128 (default)
2020-12-29 02:32:38,171 [pool-317-thread-1] INFO  server.RaftServerConfigKeys (ConfUtils.java:logGet(44)) - raft.server.log.statemachine.data.sync = true (default)
2020-12-29 02:32:38,171 [pool-317-thread-1] INFO  server.RaftServerConfigKeys (ConfUtils.java:logGet(44)) - raft.server.log.statemachine.data.sync.timeout = 10s (default)
2020-12-29 02:32:38,171 [pool-317-thread-1] INFO  server.RaftServerConfigKeys (ConfUtils.java:logGet(44)) - raft.server.log.statemachine.data.sync.timeout.retry = -1 (default)
2020-12-29 02:32:38,172 [pool-317-thread-1] INFO  server.RaftServerConfigKeys (ConfUtils.java:logGet(44)) - raft.server.log.write.buffer.size = 1048576 (custom)
2020-12-29 02:32:38,172 [pool-317-thread-1] INFO  server.RaftServerConfigKeys (ConfUtils.java:logGet(44)) - raft.server.log.statemachine.data.caching.enabled = true (custom)
2020-12-29 02:32:38,173 [pool-317-thread-1] INFO  segmented.SegmentedRaftLogWorker (SegmentedRaftLogWorker.java:lambda$new$0(132)) - 1bcfb908-c5ae-427d-a09f-f15a855158d1@group-8D1F305CFD2A-SegmentedRaftLogWorker: flushIndex: setUnconditionally 0 -> -1
2020-12-29 02:32:38,173 [pool-317-thread-1] INFO  segmented.SegmentedRaftLogWorker (SegmentedRaftLogWorker.java:lambda$new$0(132)) - 1bcfb908-c5ae-427d-a09f-f15a855158d1@group-8D1F305CFD2A-SegmentedRaftLogWorker: safeCacheEvictIndex: setUnconditionally 0 -> -1
2020-12-29 02:32:38,173 [pool-317-thread-1] INFO  server.RaftServerConfigKeys (ConfUtils.java:logGet(44)) - raft.server.snapshot.auto.trigger.enabled = true (custom)
2020-12-29 02:32:38,173 [pool-317-thread-1] INFO  server.RaftServerConfigKeys (ConfUtils.java:logGet(44)) - raft.server.snapshot.auto.trigger.threshold = 10000 (custom)
2020-12-29 02:32:38,173 [pool-317-thread-1] INFO  server.RaftServerConfigKeys (ConfUtils.java:logGet(44)) - raft.server.snapshot.retention.file.num = 5 (custom)
2020-12-29 02:32:38,173 [pool-317-thread-1] INFO  server.RaftServerConfigKeys (ConfUtils.java:logGet(44)) - raft.server.log.purge.upto.snapshot.index = false (default)
2020-12-29 02:32:38,173 [pool-317-thread-1] INFO  server.RaftServerConfigKeys (ConfUtils.java:logGet(44)) - raft.server.retrycache.expirytime = 600000ms (custom)
2020-12-29 02:32:38,173 [pool-317-thread-1] INFO  server.RaftServerConfigKeys (ConfUtils.java:logGet(44)) - raft.server.retrycache.statistics.expirytime = 100?s (default)
2020-12-29 02:32:38,174 [pool-317-thread-1] INFO  metrics.RatisMetrics (RatisMetrics.java:lambda$create$0(36)) - Creating Metrics Registry : ratis.leader_election.1bcfb908-c5ae-427d-a09f-f15a855158d1@group-8D1F305CFD2A
2020-12-29 02:32:38,174 [pool-317-thread-1] INFO  metrics.RatisMetrics (RatisMetrics.java:lambda$create$0(36)) - Creating Metrics Registry : ratis.server.1bcfb908-c5ae-427d-a09f-f15a855158d1@group-8D1F305CFD2A
2020-12-29 02:32:38,175 [pool-317-thread-1] INFO  server.RaftServer$Division (RaftServerImpl.java:start(286)) - 1bcfb908-c5ae-427d-a09f-f15a855158d1@group-8D1F305CFD2A: start as a follower, conf=-1: [f7145b68-714b-4a68-90a5-01bf6bfda3d1|rpc:172.17.0.2:35033|dataStream:, 4cac4d95-f3be-45f6-9a5a-d8dab57b636d|rpc:172.17.0.2:42337|dataStream:, 1bcfb908-c5ae-427d-a09f-f15a855158d1|rpc:172.17.0.2:41037|dataStream:], old=null
2020-12-29 02:32:38,175 [pool-317-thread-1] INFO  server.RaftServer$Division (RaftServerImpl.java:setRole(275)) - 1bcfb908-c5ae-427d-a09f-f15a855158d1@group-8D1F305CFD2A: changes role from      null to FOLLOWER at term 0 for startAsFollower
2020-12-29 02:32:38,175 [pool-317-thread-1] INFO  impl.RoleInfo (RoleInfo.java:updateAndGet(130)) - 1bcfb908-c5ae-427d-a09f-f15a855158d1: start 1bcfb908-c5ae-427d-a09f-f15a855158d1@group-8D1F305CFD2A-FollowerState
2020-12-29 02:32:38,175 [pool-317-thread-1] INFO  util.JmxRegister (JmxRegister.java:tryRegister(44)) - Successfully registered JMX Bean with object name Ratis:service=RaftServer,group=group-8D1F305CFD2A,id=1bcfb908-c5ae-427d-a09f-f15a855158d1
2020-12-29 02:32:38,175 [pool-317-thread-1] INFO  metrics.RatisMetrics (RatisMetrics.java:lambda$create$0(36)) - Creating Metrics Registry : ratis.state_machine.1bcfb908-c5ae-427d-a09f-f15a855158d1@group-8D1F305CFD2A
2020-12-29 02:32:38,181 [Command processor thread] INFO  metrics.RatisMetrics (RatisMetrics.java:lambda$create$0(36)) - Creating Metrics Registry : ratis.client_message_metrics.client-9AC2541FBA62->4cac4d95-f3be-45f6-9a5a-d8dab57b636d
2020-12-29 02:32:38,186 [grpc-default-executor-2] INFO  metrics.RatisMetrics (RatisMetrics.java:lambda$create$0(36)) - Creating Metrics Registry : ratis.server_message_metrics.4cac4d95-f3be-45f6-9a5a-d8dab57b636d
2020-12-29 02:32:38,190 [grpc-default-executor-2] INFO  server.RaftServer (RaftServerProxy.java:addNew(93)) - 4cac4d95-f3be-45f6-9a5a-d8dab57b636d: addNew group-8D1F305CFD2A:[f7145b68-714b-4a68-90a5-01bf6bfda3d1|rpc:172.17.0.2:35033|dataStream:, 4cac4d95-f3be-45f6-9a5a-d8dab57b636d|rpc:172.17.0.2:42337|dataStream:, 1bcfb908-c5ae-427d-a09f-f15a855158d1|rpc:172.17.0.2:41037|dataStream:] returns group-8D1F305CFD2A:java.util.concurrent.CompletableFuture@2b8d26b1[Not completed]
2020-12-29 02:32:38,191 [pool-301-thread-1] INFO  server.RaftServer$Division (RaftServerImpl.java:<init>(173)) - 4cac4d95-f3be-45f6-9a5a-d8dab57b636d: new RaftServerImpl for group-8D1F305CFD2A:[f7145b68-714b-4a68-90a5-01bf6bfda3d1|rpc:172.17.0.2:35033|dataStream:, 4cac4d95-f3be-45f6-9a5a-d8dab57b636d|rpc:172.17.0.2:42337|dataStream:, 1bcfb908-c5ae-427d-a09f-f15a855158d1|rpc:172.17.0.2:41037|dataStream:] with ContainerStateMachine:uninitialized
2020-12-29 02:32:38,191 [pool-301-thread-1] INFO  server.RaftServerConfigKeys (ConfUtils.java:logGet(44)) - raft.server.rpc.timeout.min = 5s (custom)
2020-12-29 02:32:38,191 [pool-301-thread-1] INFO  server.RaftServerConfigKeys (ConfUtils.java:logGet(44)) - raft.server.rpc.timeout.max = 5200ms (custom)
2020-12-29 02:32:38,191 [pool-301-thread-1] INFO  server.RaftServerConfigKeys (ConfUtils.java:logGet(44)) - raft.server.rpc.sleep.time = 25ms (default)
2020-12-29 02:32:38,191 [pool-301-thread-1] INFO  server.RaftServerConfigKeys (ConfUtils.java:logGet(44)) - raft.server.rpc.slowness.timeout = 300s (custom)
2020-12-29 02:32:38,191 [pool-301-thread-1] INFO  server.RaftServerConfigKeys (ConfUtils.java:logGet(44)) - raft.server.leaderelection.leader.step-down.wait-time = 10s (default)
2020-12-29 02:32:38,191 [pool-301-thread-1] INFO  server.RaftServerConfigKeys (ConfUtils.java:logGet(44)) - raft.server.sleep.deviation.threshold = 300ms (default)
2020-12-29 02:32:38,192 [pool-301-thread-1] INFO  server.RaftServerConfigKeys (ConfUtils.java:logGet(44)) - raft.server.log.appender.install.snapshot.enabled = false (custom)
2020-12-29 02:32:38,192 [pool-301-thread-1] INFO  server.RaftServer$Division (ServerState.java:<init>(104)) - 4cac4d95-f3be-45f6-9a5a-d8dab57b636d@group-8D1F305CFD2A: ConfigurationManager, init=-1: [f7145b68-714b-4a68-90a5-01bf6bfda3d1|rpc:172.17.0.2:35033|dataStream:, 4cac4d95-f3be-45f6-9a5a-d8dab57b636d|rpc:172.17.0.2:42337|dataStream:, 1bcfb908-c5ae-427d-a09f-f15a855158d1|rpc:172.17.0.2:41037|dataStream:], old=null, confs=<EMPTY_MAP>
2020-12-29 02:32:38,192 [pool-301-thread-1] INFO  server.RaftServerConfigKeys (ConfUtils.java:logGet(44)) - raft.server.storage.dir = [/github/workspace/mnt/ozone/hadoop-ozone/integration-test/target/test-dir/MiniOzoneClusterImpl-e6490a55-0da7-46e5-97f4-9b4e66d62915/datanode-4/data/ratis] (custom)
2020-12-29 02:32:38,192 [pool-301-thread-1] INFO  server.RaftServerConfigKeys (ConfUtils.java:logGet(44)) - raft.server.log.corruption.policy = EXCEPTION (default)
2020-12-29 02:32:38,192 [pool-301-thread-1] INFO  storage.RaftStorageDirectory (RaftStorageDirectory.java:analyzeStorage(260)) - The storage directory /github/workspace/mnt/ozone/hadoop-ozone/integration-test/target/test-dir/MiniOzoneClusterImpl-e6490a55-0da7-46e5-97f4-9b4e66d62915/datanode-4/data/ratis/387a164e-a32c-42bd-8665-8d1f305cfd2a does not exist. Creating ...
2020-12-29 02:32:38,193 [pool-301-thread-1] INFO  storage.RaftStorageDirectory (RaftStorageDirectory.java:tryLock(342)) - Lock on /github/workspace/mnt/ozone/hadoop-ozone/integration-test/target/test-dir/MiniOzoneClusterImpl-e6490a55-0da7-46e5-97f4-9b4e66d62915/datanode-4/data/ratis/387a164e-a32c-42bd-8665-8d1f305cfd2a/in_use.lock acquired by nodename 16476@3099d1499688
2020-12-29 02:32:38,194 [pool-301-thread-1] INFO  storage.RaftStorage (RaftStorage.java:format(89)) - Storage directory /github/workspace/mnt/ozone/hadoop-ozone/integration-test/target/test-dir/MiniOzoneClusterImpl-e6490a55-0da7-46e5-97f4-9b4e66d62915/datanode-4/data/ratis/387a164e-a32c-42bd-8665-8d1f305cfd2a has been successfully formatted.
2020-12-29 02:32:38,194 [pool-301-thread-1] INFO  ratis.ContainerStateMachine (ContainerStateMachine.java:loadSnapshot(223)) - group-8D1F305CFD2A: The snapshot info is null. Setting the last applied indexto:(t:0, i:~)
2020-12-29 02:32:38,194 [pool-301-thread-1] ERROR storage.RaftStorage (RaftStorage.java:readRaftConfiguration(152)) - Failed reading configuration from file:/github/workspace/mnt/ozone/hadoop-ozone/integration-test/target/test-dir/MiniOzoneClusterImpl-e6490a55-0da7-46e5-97f4-9b4e66d62915/datanode-4/data/ratis/387a164e-a32c-42bd-8665-8d1f305cfd2a/current/raft-meta.conf
java.io.FileNotFoundException: /github/workspace/mnt/ozone/hadoop-ozone/integration-test/target/test-dir/MiniOzoneClusterImpl-e6490a55-0da7-46e5-97f4-9b4e66d62915/datanode-4/data/ratis/387a164e-a32c-42bd-8665-8d1f305cfd2a/current/raft-meta.conf (No such file or directory)
	at java.io.FileInputStream.open0(Native Method)
	at java.io.FileInputStream.open(FileInputStream.java:195)
	at java.io.FileInputStream.<init>(FileInputStream.java:138)
	at org.apache.ratis.server.storage.RaftStorage.readRaftConfiguration(RaftStorage.java:148)
	at org.apache.ratis.server.impl.ServerState.initStatemachine(ServerState.java:167)
	at org.apache.ratis.server.impl.ServerState.<init>(ServerState.java:112)
	at org.apache.ratis.server.impl.RaftServerImpl.<init>(RaftServerImpl.java:186)
	at org.apache.ratis.server.impl.RaftServerProxy.lambda$newRaftServerImpl$4(RaftServerProxy.java:264)
	at java.util.concurrent.CompletableFuture$AsyncSupply.run(CompletableFuture.java:1604)
	at java.util.concurrent.ThreadPoolExecutor.runWorker(ThreadPoolExecutor.java:1149)
	at java.util.concurrent.ThreadPoolExecutor$Worker.run(ThreadPoolExecutor.java:624)
	at java.lang.Thread.run(Thread.java:748)
2020-12-29 02:32:38,195 [pool-301-thread-1] INFO  server.RaftServerConfigKeys (ConfUtils.java:logGet(44)) - raft.server.notification.no-leader.timeout = 300s (custom)
2020-12-29 02:32:38,195 [EventQueue-PipelineReportForOneReplicaPipelineSafeModeRule] INFO  safemode.SCMSafeModeManager (SCMSafeModeManager.java:validateSafeModeExitRules(214)) - AtleastOneDatanodeReportedRule rule is successfully validated
2020-12-29 02:32:38,196 [pool-301-thread-1] INFO  server.RaftServerConfigKeys (ConfUtils.java:logGet(44)) - raft.server.log.use.memory = false (default)
2020-12-29 02:32:38,196 [pool-301-thread-1] INFO  server.RaftServerConfigKeys (ConfUtils.java:logGet(44)) - raft.server.log.purge.gap = 1000000 (custom)
2020-12-29 02:32:38,196 [pool-301-thread-1] INFO  metrics.RatisMetrics (RatisMetrics.java:lambda$create$0(36)) - Creating Metrics Registry : ratis.log_worker.4cac4d95-f3be-45f6-9a5a-d8dab57b636d@group-8D1F305CFD2A
2020-12-29 02:32:38,196 [pool-301-thread-1] INFO  server.RaftServerConfigKeys (ConfUtils.java:logGet(44)) - raft.server.log.appender.buffer.byte-limit = 33554432 (custom)
2020-12-29 02:32:38,196 [pool-301-thread-1] INFO  server.RaftServerConfigKeys (ConfUtils.java:logGet(44)) - raft.server.log.segment.size.max = 1048576 (custom)
2020-12-29 02:32:38,197 [pool-301-thread-1] INFO  server.RaftServerConfigKeys (ConfUtils.java:logGet(44)) - raft.server.log.segment.cache.num.max = 2 (custom)
2020-12-29 02:32:38,197 [pool-301-thread-1] INFO  server.RaftServerConfigKeys (ConfUtils.java:logGet(44)) - raft.server.log.segment.cache.size.max = 200MB (=209715200) (default)
2020-12-29 02:32:38,197 [pool-301-thread-1] INFO  segmented.SegmentedRaftLogWorker (SegmentedRaftLogWorker.java:<init>(181)) - new 4cac4d95-f3be-45f6-9a5a-d8dab57b636d@group-8D1F305CFD2A-SegmentedRaftLogWorker for RaftStorage:Storage Directory /github/workspace/mnt/ozone/hadoop-ozone/integration-test/target/test-dir/MiniOzoneClusterImpl-e6490a55-0da7-46e5-97f4-9b4e66d62915/datanode-4/data/ratis/387a164e-a32c-42bd-8665-8d1f305cfd2a
2020-12-29 02:32:38,197 [pool-301-thread-1] INFO  server.RaftServerConfigKeys (ConfUtils.java:logGet(44)) - raft.server.log.queue.byte-limit = 2147483647 (custom)
2020-12-29 02:32:38,197 [pool-301-thread-1] INFO  server.RaftServerConfigKeys (ConfUtils.java:logGet(44)) - raft.server.log.queue.element-limit = 1024 (custom)
2020-12-29 02:32:38,197 [pool-301-thread-1] INFO  server.RaftServerConfigKeys (ConfUtils.java:logGet(44)) - raft.server.log.segment.size.max = 1048576 (custom)
2020-12-29 02:32:38,197 [pool-301-thread-1] INFO  server.RaftServerConfigKeys (ConfUtils.java:logGet(44)) - raft.server.log.preallocated.size = 16384 (custom)
2020-12-29 02:32:38,197 [pool-301-thread-1] INFO  server.RaftServerConfigKeys (ConfUtils.java:logGet(44)) - raft.server.log.force.sync.num = 128 (default)
2020-12-29 02:32:38,197 [pool-301-thread-1] INFO  server.RaftServerConfigKeys (ConfUtils.java:logGet(44)) - raft.server.log.statemachine.data.sync = true (default)
2020-12-29 02:32:38,197 [pool-301-thread-1] INFO  server.RaftServerConfigKeys (ConfUtils.java:logGet(44)) - raft.server.log.statemachine.data.sync.timeout = 10s (default)
2020-12-29 02:32:38,197 [pool-301-thread-1] INFO  server.RaftServerConfigKeys (ConfUtils.java:logGet(44)) - raft.server.log.statemachine.data.sync.timeout.retry = -1 (default)
2020-12-29 02:32:38,198 [pool-301-thread-1] INFO  server.RaftServerConfigKeys (ConfUtils.java:logGet(44)) - raft.server.log.write.buffer.size = 1048576 (custom)
2020-12-29 02:32:38,199 [pool-301-thread-1] INFO  server.RaftServerConfigKeys (ConfUtils.java:logGet(44)) - raft.server.log.statemachine.data.caching.enabled = true (custom)
2020-12-29 02:32:38,199 [pool-301-thread-1] INFO  segmented.SegmentedRaftLogWorker (SegmentedRaftLogWorker.java:lambda$new$0(132)) - 4cac4d95-f3be-45f6-9a5a-d8dab57b636d@group-8D1F305CFD2A-SegmentedRaftLogWorker: flushIndex: setUnconditionally 0 -> -1
2020-12-29 02:32:38,200 [pool-301-thread-1] INFO  segmented.SegmentedRaftLogWorker (SegmentedRaftLogWorker.java:lambda$new$0(132)) - 4cac4d95-f3be-45f6-9a5a-d8dab57b636d@group-8D1F305CFD2A-SegmentedRaftLogWorker: safeCacheEvictIndex: setUnconditionally 0 -> -1
2020-12-29 02:32:38,200 [pool-301-thread-1] INFO  server.RaftServerConfigKeys (ConfUtils.java:logGet(44)) - raft.server.snapshot.auto.trigger.enabled = true (custom)
2020-12-29 02:32:38,200 [pool-301-thread-1] INFO  server.RaftServerConfigKeys (ConfUtils.java:logGet(44)) - raft.server.snapshot.auto.trigger.threshold = 10000 (custom)
2020-12-29 02:32:38,200 [pool-301-thread-1] INFO  server.RaftServerConfigKeys (ConfUtils.java:logGet(44)) - raft.server.snapshot.retention.file.num = 5 (custom)
2020-12-29 02:32:38,200 [pool-301-thread-1] INFO  server.RaftServerConfigKeys (ConfUtils.java:logGet(44)) - raft.server.log.purge.upto.snapshot.index = false (default)
2020-12-29 02:32:38,200 [pool-301-thread-1] INFO  server.RaftServerConfigKeys (ConfUtils.java:logGet(44)) - raft.server.retrycache.expirytime = 600000ms (custom)
2020-12-29 02:32:38,200 [pool-301-thread-1] INFO  server.RaftServerConfigKeys (ConfUtils.java:logGet(44)) - raft.server.retrycache.statistics.expirytime = 100?s (default)
2020-12-29 02:32:38,200 [pool-301-thread-1] INFO  metrics.RatisMetrics (RatisMetrics.java:lambda$create$0(36)) - Creating Metrics Registry : ratis.leader_election.4cac4d95-f3be-45f6-9a5a-d8dab57b636d@group-8D1F305CFD2A
2020-12-29 02:32:38,200 [pool-301-thread-1] INFO  metrics.RatisMetrics (RatisMetrics.java:lambda$create$0(36)) - Creating Metrics Registry : ratis.server.4cac4d95-f3be-45f6-9a5a-d8dab57b636d@group-8D1F305CFD2A
2020-12-29 02:32:38,201 [pool-301-thread-1] INFO  server.RaftServer$Division (RaftServerImpl.java:start(286)) - 4cac4d95-f3be-45f6-9a5a-d8dab57b636d@group-8D1F305CFD2A: start as a follower, conf=-1: [f7145b68-714b-4a68-90a5-01bf6bfda3d1|rpc:172.17.0.2:35033|dataStream:, 4cac4d95-f3be-45f6-9a5a-d8dab57b636d|rpc:172.17.0.2:42337|dataStream:, 1bcfb908-c5ae-427d-a09f-f15a855158d1|rpc:172.17.0.2:41037|dataStream:], old=null
2020-12-29 02:32:38,201 [pool-301-thread-1] INFO  server.RaftServer$Division (RaftServerImpl.java:setRole(275)) - 4cac4d95-f3be-45f6-9a5a-d8dab57b636d@group-8D1F305CFD2A: changes role from      null to FOLLOWER at term 0 for startAsFollower
2020-12-29 02:32:38,201 [pool-301-thread-1] INFO  impl.RoleInfo (RoleInfo.java:updateAndGet(130)) - 4cac4d95-f3be-45f6-9a5a-d8dab57b636d: start 4cac4d95-f3be-45f6-9a5a-d8dab57b636d@group-8D1F305CFD2A-FollowerState
2020-12-29 02:32:38,202 [pool-301-thread-1] INFO  util.JmxRegister (JmxRegister.java:tryRegister(44)) - Successfully registered JMX Bean with object name Ratis:service=RaftServer,group=group-8D1F305CFD2A,id=4cac4d95-f3be-45f6-9a5a-d8dab57b636d
2020-12-29 02:32:38,202 [pool-301-thread-1] INFO  metrics.RatisMetrics (RatisMetrics.java:lambda$create$0(36)) - Creating Metrics Registry : ratis.state_machine.4cac4d95-f3be-45f6-9a5a-d8dab57b636d@group-8D1F305CFD2A
2020-12-29 02:32:38,213 [Command processor thread] INFO  commandhandler.CreatePipelineCommandHandler (CreatePipelineCommandHandler.java:handle(106)) - Created Pipeline RATIS THREE PipelineID=387a164e-a32c-42bd-8665-8d1f305cfd2a.
2020-12-29 02:32:38,284 [Command processor thread] INFO  server.RaftServer (RaftServerProxy.java:addNew(93)) - 4cac4d95-f3be-45f6-9a5a-d8dab57b636d: addNew group-05604499EE7C:[4cac4d95-f3be-45f6-9a5a-d8dab57b636d|rpc:172.17.0.2:42337] returns group-05604499EE7C:java.util.concurrent.CompletableFuture@2bc6ddcd[Not completed]
2020-12-29 02:32:38,285 [pool-301-thread-1] INFO  server.RaftServer$Division (RaftServerImpl.java:<init>(173)) - 4cac4d95-f3be-45f6-9a5a-d8dab57b636d: new RaftServerImpl for group-05604499EE7C:[4cac4d95-f3be-45f6-9a5a-d8dab57b636d|rpc:172.17.0.2:42337] with ContainerStateMachine:uninitialized
2020-12-29 02:32:38,285 [pool-301-thread-1] INFO  server.RaftServerConfigKeys (ConfUtils.java:logGet(44)) - raft.server.rpc.timeout.min = 5s (custom)
2020-12-29 02:32:38,285 [pool-301-thread-1] INFO  server.RaftServerConfigKeys (ConfUtils.java:logGet(44)) - raft.server.rpc.timeout.max = 5200ms (custom)
2020-12-29 02:32:38,285 [pool-301-thread-1] INFO  server.RaftServerConfigKeys (ConfUtils.java:logGet(44)) - raft.server.rpc.sleep.time = 25ms (default)
2020-12-29 02:32:38,285 [pool-301-thread-1] INFO  server.RaftServerConfigKeys (ConfUtils.java:logGet(44)) - raft.server.rpc.slowness.timeout = 300s (custom)
2020-12-29 02:32:38,285 [pool-301-thread-1] INFO  server.RaftServerConfigKeys (ConfUtils.java:logGet(44)) - raft.server.leaderelection.leader.step-down.wait-time = 10s (default)
2020-12-29 02:32:38,285 [pool-301-thread-1] INFO  server.RaftServerConfigKeys (ConfUtils.java:logGet(44)) - raft.server.sleep.deviation.threshold = 300ms (default)
2020-12-29 02:32:38,285 [pool-301-thread-1] INFO  server.RaftServerConfigKeys (ConfUtils.java:logGet(44)) - raft.server.log.appender.install.snapshot.enabled = false (custom)
2020-12-29 02:32:38,285 [pool-301-thread-1] INFO  server.RaftServer$Division (ServerState.java:<init>(104)) - 4cac4d95-f3be-45f6-9a5a-d8dab57b636d@group-05604499EE7C: ConfigurationManager, init=-1: [4cac4d95-f3be-45f6-9a5a-d8dab57b636d|rpc:172.17.0.2:42337], old=null, confs=<EMPTY_MAP>
2020-12-29 02:32:38,286 [pool-301-thread-1] INFO  server.RaftServerConfigKeys (ConfUtils.java:logGet(44)) - raft.server.storage.dir = [/github/workspace/mnt/ozone/hadoop-ozone/integration-test/target/test-dir/MiniOzoneClusterImpl-e6490a55-0da7-46e5-97f4-9b4e66d62915/datanode-4/data/ratis] (custom)
2020-12-29 02:32:38,286 [pool-301-thread-1] INFO  server.RaftServerConfigKeys (ConfUtils.java:logGet(44)) - raft.server.log.corruption.policy = EXCEPTION (default)
2020-12-29 02:32:38,286 [pool-301-thread-1] INFO  storage.RaftStorageDirectory (RaftStorageDirectory.java:analyzeStorage(260)) - The storage directory /github/workspace/mnt/ozone/hadoop-ozone/integration-test/target/test-dir/MiniOzoneClusterImpl-e6490a55-0da7-46e5-97f4-9b4e66d62915/datanode-4/data/ratis/634eff3f-792b-4a01-bf73-05604499ee7c does not exist. Creating ...
2020-12-29 02:32:38,287 [pool-301-thread-1] INFO  storage.RaftStorageDirectory (RaftStorageDirectory.java:tryLock(342)) - Lock on /github/workspace/mnt/ozone/hadoop-ozone/integration-test/target/test-dir/MiniOzoneClusterImpl-e6490a55-0da7-46e5-97f4-9b4e66d62915/datanode-4/data/ratis/634eff3f-792b-4a01-bf73-05604499ee7c/in_use.lock acquired by nodename 16476@3099d1499688
2020-12-29 02:32:38,289 [pool-301-thread-1] INFO  storage.RaftStorage (RaftStorage.java:format(89)) - Storage directory /github/workspace/mnt/ozone/hadoop-ozone/integration-test/target/test-dir/MiniOzoneClusterImpl-e6490a55-0da7-46e5-97f4-9b4e66d62915/datanode-4/data/ratis/634eff3f-792b-4a01-bf73-05604499ee7c has been successfully formatted.
2020-12-29 02:32:38,289 [pool-301-thread-1] INFO  ratis.ContainerStateMachine (ContainerStateMachine.java:loadSnapshot(223)) - group-05604499EE7C: The snapshot info is null. Setting the last applied indexto:(t:0, i:~)
2020-12-29 02:32:38,289 [pool-301-thread-1] ERROR storage.RaftStorage (RaftStorage.java:readRaftConfiguration(152)) - Failed reading configuration from file:/github/workspace/mnt/ozone/hadoop-ozone/integration-test/target/test-dir/MiniOzoneClusterImpl-e6490a55-0da7-46e5-97f4-9b4e66d62915/datanode-4/data/ratis/634eff3f-792b-4a01-bf73-05604499ee7c/current/raft-meta.conf
java.io.FileNotFoundException: /github/workspace/mnt/ozone/hadoop-ozone/integration-test/target/test-dir/MiniOzoneClusterImpl-e6490a55-0da7-46e5-97f4-9b4e66d62915/datanode-4/data/ratis/634eff3f-792b-4a01-bf73-05604499ee7c/current/raft-meta.conf (No such file or directory)
	at java.io.FileInputStream.open0(Native Method)
	at java.io.FileInputStream.open(FileInputStream.java:195)
	at java.io.FileInputStream.<init>(FileInputStream.java:138)
	at org.apache.ratis.server.storage.RaftStorage.readRaftConfiguration(RaftStorage.java:148)
	at org.apache.ratis.server.impl.ServerState.initStatemachine(ServerState.java:167)
	at org.apache.ratis.server.impl.ServerState.<init>(ServerState.java:112)
	at org.apache.ratis.server.impl.RaftServerImpl.<init>(RaftServerImpl.java:186)
	at org.apache.ratis.server.impl.RaftServerProxy.lambda$newRaftServerImpl$4(RaftServerProxy.java:264)
	at java.util.concurrent.CompletableFuture$AsyncSupply.run(CompletableFuture.java:1604)
	at java.util.concurrent.ThreadPoolExecutor.runWorker(ThreadPoolExecutor.java:1149)
	at java.util.concurrent.ThreadPoolExecutor$Worker.run(ThreadPoolExecutor.java:624)
	at java.lang.Thread.run(Thread.java:748)
2020-12-29 02:32:38,289 [pool-301-thread-1] INFO  server.RaftServerConfigKeys (ConfUtils.java:logGet(44)) - raft.server.notification.no-leader.timeout = 300s (custom)
2020-12-29 02:32:38,290 [pool-301-thread-1] INFO  server.RaftServerConfigKeys (ConfUtils.java:logGet(44)) - raft.server.log.use.memory = false (default)
2020-12-29 02:32:38,290 [pool-301-thread-1] INFO  server.RaftServerConfigKeys (ConfUtils.java:logGet(44)) - raft.server.log.purge.gap = 1000000 (custom)
2020-12-29 02:32:38,290 [pool-301-thread-1] INFO  metrics.RatisMetrics (RatisMetrics.java:lambda$create$0(36)) - Creating Metrics Registry : ratis.log_worker.4cac4d95-f3be-45f6-9a5a-d8dab57b636d@group-05604499EE7C
2020-12-29 02:32:38,290 [pool-301-thread-1] INFO  server.RaftServerConfigKeys (ConfUtils.java:logGet(44)) - raft.server.log.appender.buffer.byte-limit = 33554432 (custom)
2020-12-29 02:32:38,290 [pool-301-thread-1] INFO  server.RaftServerConfigKeys (ConfUtils.java:logGet(44)) - raft.server.log.segment.size.max = 1048576 (custom)
2020-12-29 02:32:38,290 [EventQueue-PipelineReportForOneReplicaPipelineSafeModeRule] INFO  safemode.SCMSafeModeManager (SCMSafeModeManager.java:validateSafeModeExitRules(214)) - AtleastOneDatanodeReportedRule rule is successfully validated
2020-12-29 02:32:38,291 [EventQueue-PipelineReportForPipelineReportHandler] INFO  pipeline.PipelineStateManager (PipelineStateManager.java:openPipeline(132)) - Pipeline Pipeline[ Id: 634eff3f-792b-4a01-bf73-05604499ee7c, Nodes: 4cac4d95-f3be-45f6-9a5a-d8dab57b636d{ip: 172.17.0.2, host: 3099d1499688, networkLocation: /default-rack, certSerialId: null, persistedOpState: IN_SERVICE, persistedOpStateExpiryEpochSec: 0}, Type:RATIS, Factor:ONE, State:ALLOCATED, leaderId:4cac4d95-f3be-45f6-9a5a-d8dab57b636d, CreationTimestamp2020-12-29T02:32:35.286Z] moved to OPEN state
2020-12-29 02:32:38,291 [pool-301-thread-1] INFO  server.RaftServerConfigKeys (ConfUtils.java:logGet(44)) - raft.server.log.segment.cache.num.max = 2 (custom)
2020-12-29 02:32:38,291 [pool-301-thread-1] INFO  server.RaftServerConfigKeys (ConfUtils.java:logGet(44)) - raft.server.log.segment.cache.size.max = 200MB (=209715200) (default)
2020-12-29 02:32:38,291 [pool-301-thread-1] INFO  segmented.SegmentedRaftLogWorker (SegmentedRaftLogWorker.java:<init>(181)) - new 4cac4d95-f3be-45f6-9a5a-d8dab57b636d@group-05604499EE7C-SegmentedRaftLogWorker for RaftStorage:Storage Directory /github/workspace/mnt/ozone/hadoop-ozone/integration-test/target/test-dir/MiniOzoneClusterImpl-e6490a55-0da7-46e5-97f4-9b4e66d62915/datanode-4/data/ratis/634eff3f-792b-4a01-bf73-05604499ee7c
2020-12-29 02:32:38,291 [EventQueue-OpenPipelineForHealthyPipelineSafeModeRule] INFO  safemode.SCMSafeModeManager (HealthyPipelineSafeModeRule.java:process(128)) - SCM in safe mode. Healthy pipelines reported count is 0, required healthy pipeline reported count is 1
2020-12-29 02:32:38,291 [pool-301-thread-1] INFO  server.RaftServerConfigKeys (ConfUtils.java:logGet(44)) - raft.server.log.queue.byte-limit = 2147483647 (custom)
2020-12-29 02:32:38,292 [pool-301-thread-1] INFO  server.RaftServerConfigKeys (ConfUtils.java:logGet(44)) - raft.server.log.queue.element-limit = 1024 (custom)
2020-12-29 02:32:38,292 [pool-301-thread-1] INFO  server.RaftServerConfigKeys (ConfUtils.java:logGet(44)) - raft.server.log.segment.size.max = 1048576 (custom)
2020-12-29 02:32:38,293 [pool-301-thread-1] INFO  server.RaftServerConfigKeys (ConfUtils.java:logGet(44)) - raft.server.log.preallocated.size = 16384 (custom)
2020-12-29 02:32:38,293 [pool-301-thread-1] INFO  server.RaftServerConfigKeys (ConfUtils.java:logGet(44)) - raft.server.log.force.sync.num = 128 (default)
2020-12-29 02:32:38,293 [pool-301-thread-1] INFO  server.RaftServerConfigKeys (ConfUtils.java:logGet(44)) - raft.server.log.statemachine.data.sync = true (default)
2020-12-29 02:32:38,293 [pool-301-thread-1] INFO  server.RaftServerConfigKeys (ConfUtils.java:logGet(44)) - raft.server.log.statemachine.data.sync.timeout = 10s (default)
2020-12-29 02:32:38,293 [pool-301-thread-1] INFO  server.RaftServerConfigKeys (ConfUtils.java:logGet(44)) - raft.server.log.statemachine.data.sync.timeout.retry = -1 (default)
2020-12-29 02:32:38,294 [pool-301-thread-1] INFO  server.RaftServerConfigKeys (ConfUtils.java:logGet(44)) - raft.server.log.write.buffer.size = 1048576 (custom)
2020-12-29 02:32:38,295 [pool-301-thread-1] INFO  server.RaftServerConfigKeys (ConfUtils.java:logGet(44)) - raft.server.log.statemachine.data.caching.enabled = true (custom)
2020-12-29 02:32:38,295 [pool-301-thread-1] INFO  segmented.SegmentedRaftLogWorker (SegmentedRaftLogWorker.java:lambda$new$0(132)) - 4cac4d95-f3be-45f6-9a5a-d8dab57b636d@group-05604499EE7C-SegmentedRaftLogWorker: flushIndex: setUnconditionally 0 -> -1
2020-12-29 02:32:38,295 [pool-301-thread-1] INFO  segmented.SegmentedRaftLogWorker (SegmentedRaftLogWorker.java:lambda$new$0(132)) - 4cac4d95-f3be-45f6-9a5a-d8dab57b636d@group-05604499EE7C-SegmentedRaftLogWorker: safeCacheEvictIndex: setUnconditionally 0 -> -1
2020-12-29 02:32:38,297 [pool-301-thread-1] INFO  server.RaftServerConfigKeys (ConfUtils.java:logGet(44)) - raft.server.snapshot.auto.trigger.enabled = true (custom)
2020-12-29 02:32:38,297 [pool-301-thread-1] INFO  server.RaftServerConfigKeys (ConfUtils.java:logGet(44)) - raft.server.snapshot.auto.trigger.threshold = 10000 (custom)
2020-12-29 02:32:38,297 [pool-301-thread-1] INFO  server.RaftServerConfigKeys (ConfUtils.java:logGet(44)) - raft.server.snapshot.retention.file.num = 5 (custom)
2020-12-29 02:32:38,297 [pool-301-thread-1] INFO  server.RaftServerConfigKeys (ConfUtils.java:logGet(44)) - raft.server.log.purge.upto.snapshot.index = false (default)
2020-12-29 02:32:38,297 [pool-301-thread-1] INFO  server.RaftServerConfigKeys (ConfUtils.java:logGet(44)) - raft.server.retrycache.expirytime = 600000ms (custom)
2020-12-29 02:32:38,297 [pool-301-thread-1] INFO  server.RaftServerConfigKeys (ConfUtils.java:logGet(44)) - raft.server.retrycache.statistics.expirytime = 100?s (default)
2020-12-29 02:32:38,297 [pool-301-thread-1] INFO  metrics.RatisMetrics (RatisMetrics.java:lambda$create$0(36)) - Creating Metrics Registry : ratis.leader_election.4cac4d95-f3be-45f6-9a5a-d8dab57b636d@group-05604499EE7C
2020-12-29 02:32:38,298 [pool-301-thread-1] INFO  metrics.RatisMetrics (RatisMetrics.java:lambda$create$0(36)) - Creating Metrics Registry : ratis.server.4cac4d95-f3be-45f6-9a5a-d8dab57b636d@group-05604499EE7C
2020-12-29 02:32:38,298 [pool-301-thread-1] INFO  server.RaftServer$Division (RaftServerImpl.java:start(286)) - 4cac4d95-f3be-45f6-9a5a-d8dab57b636d@group-05604499EE7C: start as a follower, conf=-1: [4cac4d95-f3be-45f6-9a5a-d8dab57b636d|rpc:172.17.0.2:42337], old=null
2020-12-29 02:32:38,299 [pool-301-thread-1] INFO  server.RaftServer$Division (RaftServerImpl.java:setRole(275)) - 4cac4d95-f3be-45f6-9a5a-d8dab57b636d@group-05604499EE7C: changes role from      null to FOLLOWER at term 0 for startAsFollower
2020-12-29 02:32:38,299 [pool-301-thread-1] INFO  impl.RoleInfo (RoleInfo.java:updateAndGet(130)) - 4cac4d95-f3be-45f6-9a5a-d8dab57b636d: start 4cac4d95-f3be-45f6-9a5a-d8dab57b636d@group-05604499EE7C-FollowerState
2020-12-29 02:32:38,299 [pool-301-thread-1] INFO  util.JmxRegister (JmxRegister.java:tryRegister(44)) - Successfully registered JMX Bean with object name Ratis:service=RaftServer,group=group-05604499EE7C,id=4cac4d95-f3be-45f6-9a5a-d8dab57b636d
2020-12-29 02:32:38,299 [pool-301-thread-1] INFO  metrics.RatisMetrics (RatisMetrics.java:lambda$create$0(36)) - Creating Metrics Registry : ratis.state_machine.4cac4d95-f3be-45f6-9a5a-d8dab57b636d@group-05604499EE7C
2020-12-29 02:32:38,300 [Command processor thread] INFO  commandhandler.CreatePipelineCommandHandler (CreatePipelineCommandHandler.java:handle(106)) - Created Pipeline RATIS ONE PipelineID=634eff3f-792b-4a01-bf73-05604499ee7c.
2020-12-29 02:32:38,500 [Command processor thread] INFO  server.RaftServer (RaftServerProxy.java:addNew(93)) - 1bcfb908-c5ae-427d-a09f-f15a855158d1: addNew group-EC3D5E7AB734:[1bcfb908-c5ae-427d-a09f-f15a855158d1|rpc:172.17.0.2:41037] returns group-EC3D5E7AB734:java.util.concurrent.CompletableFuture@8db7ba1[Not completed]
2020-12-29 02:32:38,501 [Listener at 127.0.0.1/43157] INFO  ozone.MiniOzoneClusterImpl (MiniOzoneClusterImpl.java:lambda$waitForClusterToBeReady$0(178)) - Nodes are ready. Got 6 of 6 DN Heartbeats.
2020-12-29 02:32:38,502 [Listener at 127.0.0.1/43157] INFO  ozone.MiniOzoneClusterImpl (MiniOzoneClusterImpl.java:lambda$waitForClusterToBeReady$0(181)) - Waiting for cluster to exit safe mode
2020-12-29 02:32:38,501 [pool-317-thread-1] INFO  server.RaftServer$Division (RaftServerImpl.java:<init>(173)) - 1bcfb908-c5ae-427d-a09f-f15a855158d1: new RaftServerImpl for group-EC3D5E7AB734:[1bcfb908-c5ae-427d-a09f-f15a855158d1|rpc:172.17.0.2:41037] with ContainerStateMachine:uninitialized
2020-12-29 02:32:38,502 [pool-317-thread-1] INFO  server.RaftServerConfigKeys (ConfUtils.java:logGet(44)) - raft.server.rpc.timeout.min = 5s (custom)
2020-12-29 02:32:38,502 [pool-317-thread-1] INFO  server.RaftServerConfigKeys (ConfUtils.java:logGet(44)) - raft.server.rpc.timeout.max = 5200ms (custom)
2020-12-29 02:32:38,502 [pool-317-thread-1] INFO  server.RaftServerConfigKeys (ConfUtils.java:logGet(44)) - raft.server.rpc.sleep.time = 25ms (default)
2020-12-29 02:32:38,502 [pool-317-thread-1] INFO  server.RaftServerConfigKeys (ConfUtils.java:logGet(44)) - raft.server.rpc.slowness.timeout = 300s (custom)
2020-12-29 02:32:38,502 [pool-317-thread-1] INFO  server.RaftServerConfigKeys (ConfUtils.java:logGet(44)) - raft.server.leaderelection.leader.step-down.wait-time = 10s (default)
2020-12-29 02:32:38,502 [pool-317-thread-1] INFO  server.RaftServerConfigKeys (ConfUtils.java:logGet(44)) - raft.server.sleep.deviation.threshold = 300ms (default)
2020-12-29 02:32:38,502 [pool-317-thread-1] INFO  server.RaftServerConfigKeys (ConfUtils.java:logGet(44)) - raft.server.log.appender.install.snapshot.enabled = false (custom)
2020-12-29 02:32:38,503 [pool-317-thread-1] INFO  server.RaftServer$Division (ServerState.java:<init>(104)) - 1bcfb908-c5ae-427d-a09f-f15a855158d1@group-EC3D5E7AB734: ConfigurationManager, init=-1: [1bcfb908-c5ae-427d-a09f-f15a855158d1|rpc:172.17.0.2:41037], old=null, confs=<EMPTY_MAP>
2020-12-29 02:32:38,503 [pool-317-thread-1] INFO  server.RaftServerConfigKeys (ConfUtils.java:logGet(44)) - raft.server.storage.dir = [/github/workspace/mnt/ozone/hadoop-ozone/integration-test/target/test-dir/MiniOzoneClusterImpl-e6490a55-0da7-46e5-97f4-9b4e66d62915/datanode-5/data/ratis] (custom)
2020-12-29 02:32:38,503 [pool-317-thread-1] INFO  server.RaftServerConfigKeys (ConfUtils.java:logGet(44)) - raft.server.log.corruption.policy = EXCEPTION (default)
2020-12-29 02:32:38,503 [pool-317-thread-1] INFO  storage.RaftStorageDirectory (RaftStorageDirectory.java:analyzeStorage(260)) - The storage directory /github/workspace/mnt/ozone/hadoop-ozone/integration-test/target/test-dir/MiniOzoneClusterImpl-e6490a55-0da7-46e5-97f4-9b4e66d62915/datanode-5/data/ratis/10a15a29-ce98-4fb3-a181-ec3d5e7ab734 does not exist. Creating ...
2020-12-29 02:32:38,505 [pool-317-thread-1] INFO  storage.RaftStorageDirectory (RaftStorageDirectory.java:tryLock(342)) - Lock on /github/workspace/mnt/ozone/hadoop-ozone/integration-test/target/test-dir/MiniOzoneClusterImpl-e6490a55-0da7-46e5-97f4-9b4e66d62915/datanode-5/data/ratis/10a15a29-ce98-4fb3-a181-ec3d5e7ab734/in_use.lock acquired by nodename 16476@3099d1499688
2020-12-29 02:32:38,506 [pool-317-thread-1] INFO  storage.RaftStorage (RaftStorage.java:format(89)) - Storage directory /github/workspace/mnt/ozone/hadoop-ozone/integration-test/target/test-dir/MiniOzoneClusterImpl-e6490a55-0da7-46e5-97f4-9b4e66d62915/datanode-5/data/ratis/10a15a29-ce98-4fb3-a181-ec3d5e7ab734 has been successfully formatted.
2020-12-29 02:32:38,506 [pool-317-thread-1] INFO  ratis.ContainerStateMachine (ContainerStateMachine.java:loadSnapshot(223)) - group-EC3D5E7AB734: The snapshot info is null. Setting the last applied indexto:(t:0, i:~)
2020-12-29 02:32:38,507 [pool-317-thread-1] ERROR storage.RaftStorage (RaftStorage.java:readRaftConfiguration(152)) - Failed reading configuration from file:/github/workspace/mnt/ozone/hadoop-ozone/integration-test/target/test-dir/MiniOzoneClusterImpl-e6490a55-0da7-46e5-97f4-9b4e66d62915/datanode-5/data/ratis/10a15a29-ce98-4fb3-a181-ec3d5e7ab734/current/raft-meta.conf
java.io.FileNotFoundException: /github/workspace/mnt/ozone/hadoop-ozone/integration-test/target/test-dir/MiniOzoneClusterImpl-e6490a55-0da7-46e5-97f4-9b4e66d62915/datanode-5/data/ratis/10a15a29-ce98-4fb3-a181-ec3d5e7ab734/current/raft-meta.conf (No such file or directory)
	at java.io.FileInputStream.open0(Native Method)
	at java.io.FileInputStream.open(FileInputStream.java:195)
	at java.io.FileInputStream.<init>(FileInputStream.java:138)
	at org.apache.ratis.server.storage.RaftStorage.readRaftConfiguration(RaftStorage.java:148)
	at org.apache.ratis.server.impl.ServerState.initStatemachine(ServerState.java:167)
	at org.apache.ratis.server.impl.ServerState.<init>(ServerState.java:112)
	at org.apache.ratis.server.impl.RaftServerImpl.<init>(RaftServerImpl.java:186)
	at org.apache.ratis.server.impl.RaftServerProxy.lambda$newRaftServerImpl$4(RaftServerProxy.java:264)
	at java.util.concurrent.CompletableFuture$AsyncSupply.run(CompletableFuture.java:1604)
	at java.util.concurrent.ThreadPoolExecutor.runWorker(ThreadPoolExecutor.java:1149)
	at java.util.concurrent.ThreadPoolExecutor$Worker.run(ThreadPoolExecutor.java:624)
	at java.lang.Thread.run(Thread.java:748)
2020-12-29 02:32:38,507 [pool-317-thread-1] INFO  server.RaftServerConfigKeys (ConfUtils.java:logGet(44)) - raft.server.notification.no-leader.timeout = 300s (custom)
2020-12-29 02:32:38,507 [pool-317-thread-1] INFO  server.RaftServerConfigKeys (ConfUtils.java:logGet(44)) - raft.server.log.use.memory = false (default)
2020-12-29 02:32:38,507 [pool-317-thread-1] INFO  server.RaftServerConfigKeys (ConfUtils.java:logGet(44)) - raft.server.log.purge.gap = 1000000 (custom)
2020-12-29 02:32:38,507 [pool-317-thread-1] INFO  metrics.RatisMetrics (RatisMetrics.java:lambda$create$0(36)) - Creating Metrics Registry : ratis.log_worker.1bcfb908-c5ae-427d-a09f-f15a855158d1@group-EC3D5E7AB734
2020-12-29 02:32:38,507 [pool-317-thread-1] INFO  server.RaftServerConfigKeys (ConfUtils.java:logGet(44)) - raft.server.log.appender.buffer.byte-limit = 33554432 (custom)
2020-12-29 02:32:38,507 [pool-317-thread-1] INFO  server.RaftServerConfigKeys (ConfUtils.java:logGet(44)) - raft.server.log.segment.size.max = 1048576 (custom)
2020-12-29 02:32:38,508 [EventQueue-PipelineReportForOneReplicaPipelineSafeModeRule] INFO  safemode.SCMSafeModeManager (SCMSafeModeManager.java:validateSafeModeExitRules(214)) - AtleastOneDatanodeReportedRule rule is successfully validated
2020-12-29 02:32:38,508 [pool-317-thread-1] INFO  server.RaftServerConfigKeys (ConfUtils.java:logGet(44)) - raft.server.log.segment.cache.num.max = 2 (custom)
2020-12-29 02:32:38,508 [pool-317-thread-1] INFO  server.RaftServerConfigKeys (ConfUtils.java:logGet(44)) - raft.server.log.segment.cache.size.max = 200MB (=209715200) (default)
2020-12-29 02:32:38,509 [pool-317-thread-1] INFO  segmented.SegmentedRaftLogWorker (SegmentedRaftLogWorker.java:<init>(181)) - new 1bcfb908-c5ae-427d-a09f-f15a855158d1@group-EC3D5E7AB734-SegmentedRaftLogWorker for RaftStorage:Storage Directory /github/workspace/mnt/ozone/hadoop-ozone/integration-test/target/test-dir/MiniOzoneClusterImpl-e6490a55-0da7-46e5-97f4-9b4e66d62915/datanode-5/data/ratis/10a15a29-ce98-4fb3-a181-ec3d5e7ab734
2020-12-29 02:32:38,509 [pool-317-thread-1] INFO  server.RaftServerConfigKeys (ConfUtils.java:logGet(44)) - raft.server.log.queue.byte-limit = 2147483647 (custom)
2020-12-29 02:32:38,509 [pool-317-thread-1] INFO  server.RaftServerConfigKeys (ConfUtils.java:logGet(44)) - raft.server.log.queue.element-limit = 1024 (custom)
2020-12-29 02:32:38,509 [pool-317-thread-1] INFO  server.RaftServerConfigKeys (ConfUtils.java:logGet(44)) - raft.server.log.segment.size.max = 1048576 (custom)
2020-12-29 02:32:38,509 [pool-317-thread-1] INFO  server.RaftServerConfigKeys (ConfUtils.java:logGet(44)) - raft.server.log.preallocated.size = 16384 (custom)
2020-12-29 02:32:38,509 [pool-317-thread-1] INFO  server.RaftServerConfigKeys (ConfUtils.java:logGet(44)) - raft.server.log.force.sync.num = 128 (default)
2020-12-29 02:32:38,509 [pool-317-thread-1] INFO  server.RaftServerConfigKeys (ConfUtils.java:logGet(44)) - raft.server.log.statemachine.data.sync = true (default)
2020-12-29 02:32:38,509 [pool-317-thread-1] INFO  server.RaftServerConfigKeys (ConfUtils.java:logGet(44)) - raft.server.log.statemachine.data.sync.timeout = 10s (default)
2020-12-29 02:32:38,509 [pool-317-thread-1] INFO  server.RaftServerConfigKeys (ConfUtils.java:logGet(44)) - raft.server.log.statemachine.data.sync.timeout.retry = -1 (default)
2020-12-29 02:32:38,508 [EventQueue-PipelineReportForPipelineReportHandler] INFO  pipeline.PipelineStateManager (PipelineStateManager.java:openPipeline(132)) - Pipeline Pipeline[ Id: 10a15a29-ce98-4fb3-a181-ec3d5e7ab734, Nodes: 1bcfb908-c5ae-427d-a09f-f15a855158d1{ip: 172.17.0.2, host: 3099d1499688, networkLocation: /default-rack, certSerialId: null, persistedOpState: IN_SERVICE, persistedOpStateExpiryEpochSec: 0}, Type:RATIS, Factor:ONE, State:ALLOCATED, leaderId:1bcfb908-c5ae-427d-a09f-f15a855158d1, CreationTimestamp2020-12-29T02:32:35.503Z] moved to OPEN state
2020-12-29 02:32:38,510 [EventQueue-OpenPipelineForHealthyPipelineSafeModeRule] INFO  safemode.SCMSafeModeManager (HealthyPipelineSafeModeRule.java:process(128)) - SCM in safe mode. Healthy pipelines reported count is 0, required healthy pipeline reported count is 1
2020-12-29 02:32:38,517 [pool-317-thread-1] INFO  server.RaftServerConfigKeys (ConfUtils.java:logGet(44)) - raft.server.log.write.buffer.size = 1048576 (custom)
2020-12-29 02:32:38,518 [pool-317-thread-1] INFO  server.RaftServerConfigKeys (ConfUtils.java:logGet(44)) - raft.server.log.statemachine.data.caching.enabled = true (custom)
2020-12-29 02:32:38,518 [pool-317-thread-1] INFO  segmented.SegmentedRaftLogWorker (SegmentedRaftLogWorker.java:lambda$new$0(132)) - 1bcfb908-c5ae-427d-a09f-f15a855158d1@group-EC3D5E7AB734-SegmentedRaftLogWorker: flushIndex: setUnconditionally 0 -> -1
2020-12-29 02:32:38,518 [pool-317-thread-1] INFO  segmented.SegmentedRaftLogWorker (SegmentedRaftLogWorker.java:lambda$new$0(132)) - 1bcfb908-c5ae-427d-a09f-f15a855158d1@group-EC3D5E7AB734-SegmentedRaftLogWorker: safeCacheEvictIndex: setUnconditionally 0 -> -1
2020-12-29 02:32:38,521 [pool-317-thread-1] INFO  server.RaftServerConfigKeys (ConfUtils.java:logGet(44)) - raft.server.snapshot.auto.trigger.enabled = true (custom)
2020-12-29 02:32:38,521 [pool-317-thread-1] INFO  server.RaftServerConfigKeys (ConfUtils.java:logGet(44)) - raft.server.snapshot.auto.trigger.threshold = 10000 (custom)
2020-12-29 02:32:38,521 [pool-317-thread-1] INFO  server.RaftServerConfigKeys (ConfUtils.java:logGet(44)) - raft.server.snapshot.retention.file.num = 5 (custom)
2020-12-29 02:32:38,521 [pool-317-thread-1] INFO  server.RaftServerConfigKeys (ConfUtils.java:logGet(44)) - raft.server.log.purge.upto.snapshot.index = false (default)
2020-12-29 02:32:38,521 [pool-317-thread-1] INFO  server.RaftServerConfigKeys (ConfUtils.java:logGet(44)) - raft.server.retrycache.expirytime = 600000ms (custom)
2020-12-29 02:32:38,521 [pool-317-thread-1] INFO  server.RaftServerConfigKeys (ConfUtils.java:logGet(44)) - raft.server.retrycache.statistics.expirytime = 100?s (default)
2020-12-29 02:32:38,522 [pool-317-thread-1] INFO  metrics.RatisMetrics (RatisMetrics.java:lambda$create$0(36)) - Creating Metrics Registry : ratis.leader_election.1bcfb908-c5ae-427d-a09f-f15a855158d1@group-EC3D5E7AB734
2020-12-29 02:32:38,522 [pool-317-thread-1] INFO  metrics.RatisMetrics (RatisMetrics.java:lambda$create$0(36)) - Creating Metrics Registry : ratis.server.1bcfb908-c5ae-427d-a09f-f15a855158d1@group-EC3D5E7AB734
2020-12-29 02:32:38,523 [pool-317-thread-1] INFO  server.RaftServer$Division (RaftServerImpl.java:start(286)) - 1bcfb908-c5ae-427d-a09f-f15a855158d1@group-EC3D5E7AB734: start as a follower, conf=-1: [1bcfb908-c5ae-427d-a09f-f15a855158d1|rpc:172.17.0.2:41037], old=null
2020-12-29 02:32:38,523 [pool-317-thread-1] INFO  server.RaftServer$Division (RaftServerImpl.java:setRole(275)) - 1bcfb908-c5ae-427d-a09f-f15a855158d1@group-EC3D5E7AB734: changes role from      null to FOLLOWER at term 0 for startAsFollower
2020-12-29 02:32:38,523 [pool-317-thread-1] INFO  impl.RoleInfo (RoleInfo.java:updateAndGet(130)) - 1bcfb908-c5ae-427d-a09f-f15a855158d1: start 1bcfb908-c5ae-427d-a09f-f15a855158d1@group-EC3D5E7AB734-FollowerState
2020-12-29 02:32:38,523 [pool-317-thread-1] INFO  util.JmxRegister (JmxRegister.java:tryRegister(44)) - Successfully registered JMX Bean with object name Ratis:service=RaftServer,group=group-EC3D5E7AB734,id=1bcfb908-c5ae-427d-a09f-f15a855158d1
2020-12-29 02:32:38,523 [pool-317-thread-1] INFO  metrics.RatisMetrics (RatisMetrics.java:lambda$create$0(36)) - Creating Metrics Registry : ratis.state_machine.1bcfb908-c5ae-427d-a09f-f15a855158d1@group-EC3D5E7AB734
2020-12-29 02:32:38,524 [Command processor thread] INFO  commandhandler.CreatePipelineCommandHandler (CreatePipelineCommandHandler.java:handle(106)) - Created Pipeline RATIS ONE PipelineID=10a15a29-ce98-4fb3-a181-ec3d5e7ab734.
2020-12-29 02:32:38,572 [EventQueue-PipelineReportForOneReplicaPipelineSafeModeRule] INFO  safemode.SCMSafeModeManager (SCMSafeModeManager.java:validateSafeModeExitRules(214)) - AtleastOneDatanodeReportedRule rule is successfully validated
2020-12-29 02:32:38,572 [EventQueue-OpenPipelineForHealthyPipelineSafeModeRule] INFO  safemode.SCMSafeModeManager (HealthyPipelineSafeModeRule.java:process(128)) - SCM in safe mode. Healthy pipelines reported count is 0, required healthy pipeline reported count is 1
2020-12-29 02:32:38,736 [EventQueue-OpenPipelineForHealthyPipelineSafeModeRule] INFO  safemode.SCMSafeModeManager (HealthyPipelineSafeModeRule.java:process(128)) - SCM in safe mode. Healthy pipelines reported count is 0, required healthy pipeline reported count is 1
2020-12-29 02:32:38,736 [EventQueue-PipelineReportForOneReplicaPipelineSafeModeRule] INFO  safemode.SCMSafeModeManager (SCMSafeModeManager.java:validateSafeModeExitRules(214)) - AtleastOneDatanodeReportedRule rule is successfully validated
2020-12-29 02:32:38,930 [EventQueue-PipelineReportForOneReplicaPipelineSafeModeRule] INFO  safemode.SCMSafeModeManager (SCMSafeModeManager.java:validateSafeModeExitRules(214)) - AtleastOneDatanodeReportedRule rule is successfully validated
2020-12-29 02:32:38,930 [EventQueue-OpenPipelineForHealthyPipelineSafeModeRule] INFO  safemode.SCMSafeModeManager (HealthyPipelineSafeModeRule.java:process(128)) - SCM in safe mode. Healthy pipelines reported count is 0, required healthy pipeline reported count is 1
2020-12-29 02:32:39,118 [EventQueue-PipelineReportForOneReplicaPipelineSafeModeRule] INFO  safemode.SCMSafeModeManager (SCMSafeModeManager.java:validateSafeModeExitRules(214)) - AtleastOneDatanodeReportedRule rule is successfully validated
2020-12-29 02:32:39,119 [EventQueue-OpenPipelineForHealthyPipelineSafeModeRule] INFO  safemode.SCMSafeModeManager (HealthyPipelineSafeModeRule.java:process(128)) - SCM in safe mode. Healthy pipelines reported count is 0, required healthy pipeline reported count is 1
2020-12-29 02:32:39,291 [EventQueue-PipelineReportForOneReplicaPipelineSafeModeRule] INFO  safemode.SCMSafeModeManager (SCMSafeModeManager.java:validateSafeModeExitRules(214)) - AtleastOneDatanodeReportedRule rule is successfully validated
2020-12-29 02:32:39,291 [EventQueue-OpenPipelineForHealthyPipelineSafeModeRule] INFO  safemode.SCMSafeModeManager (HealthyPipelineSafeModeRule.java:process(128)) - SCM in safe mode. Healthy pipelines reported count is 0, required healthy pipeline reported count is 1
2020-12-29 02:32:39,502 [Listener at 127.0.0.1/43157] INFO  ozone.MiniOzoneClusterImpl (MiniOzoneClusterImpl.java:lambda$waitForClusterToBeReady$0(178)) - Nodes are ready. Got 6 of 6 DN Heartbeats.
2020-12-29 02:32:39,502 [Listener at 127.0.0.1/43157] INFO  ozone.MiniOzoneClusterImpl (MiniOzoneClusterImpl.java:lambda$waitForClusterToBeReady$0(181)) - Waiting for cluster to exit safe mode
2020-12-29 02:32:39,509 [EventQueue-PipelineReportForOneReplicaPipelineSafeModeRule] INFO  safemode.SCMSafeModeManager (SCMSafeModeManager.java:validateSafeModeExitRules(214)) - AtleastOneDatanodeReportedRule rule is successfully validated
2020-12-29 02:32:39,509 [EventQueue-OpenPipelineForHealthyPipelineSafeModeRule] INFO  safemode.SCMSafeModeManager (HealthyPipelineSafeModeRule.java:process(128)) - SCM in safe mode. Healthy pipelines reported count is 0, required healthy pipeline reported count is 1
2020-12-29 02:32:39,572 [EventQueue-OpenPipelineForHealthyPipelineSafeModeRule] INFO  safemode.SCMSafeModeManager (HealthyPipelineSafeModeRule.java:process(128)) - SCM in safe mode. Healthy pipelines reported count is 0, required healthy pipeline reported count is 1
2020-12-29 02:32:39,572 [EventQueue-PipelineReportForOneReplicaPipelineSafeModeRule] INFO  safemode.SCMSafeModeManager (SCMSafeModeManager.java:validateSafeModeExitRules(214)) - AtleastOneDatanodeReportedRule rule is successfully validated
2020-12-29 02:32:39,735 [EventQueue-PipelineReportForOneReplicaPipelineSafeModeRule] INFO  safemode.SCMSafeModeManager (SCMSafeModeManager.java:validateSafeModeExitRules(214)) - AtleastOneDatanodeReportedRule rule is successfully validated
2020-12-29 02:32:39,736 [EventQueue-OpenPipelineForHealthyPipelineSafeModeRule] INFO  safemode.SCMSafeModeManager (HealthyPipelineSafeModeRule.java:process(128)) - SCM in safe mode. Healthy pipelines reported count is 0, required healthy pipeline reported count is 1
2020-12-29 02:32:39,930 [EventQueue-PipelineReportForOneReplicaPipelineSafeModeRule] INFO  safemode.SCMSafeModeManager (SCMSafeModeManager.java:validateSafeModeExitRules(214)) - AtleastOneDatanodeReportedRule rule is successfully validated
2020-12-29 02:32:39,930 [EventQueue-OpenPipelineForHealthyPipelineSafeModeRule] INFO  safemode.SCMSafeModeManager (HealthyPipelineSafeModeRule.java:process(128)) - SCM in safe mode. Healthy pipelines reported count is 0, required healthy pipeline reported count is 1
2020-12-29 02:32:40,119 [EventQueue-PipelineReportForOneReplicaPipelineSafeModeRule] INFO  safemode.SCMSafeModeManager (SCMSafeModeManager.java:validateSafeModeExitRules(214)) - AtleastOneDatanodeReportedRule rule is successfully validated
2020-12-29 02:32:40,120 [EventQueue-OpenPipelineForHealthyPipelineSafeModeRule] INFO  safemode.SCMSafeModeManager (HealthyPipelineSafeModeRule.java:process(128)) - SCM in safe mode. Healthy pipelines reported count is 0, required healthy pipeline reported count is 1
2020-12-29 02:32:40,291 [EventQueue-OpenPipelineForHealthyPipelineSafeModeRule] INFO  safemode.SCMSafeModeManager (HealthyPipelineSafeModeRule.java:process(128)) - SCM in safe mode. Healthy pipelines reported count is 0, required healthy pipeline reported count is 1
2020-12-29 02:32:40,291 [EventQueue-PipelineReportForOneReplicaPipelineSafeModeRule] INFO  safemode.SCMSafeModeManager (SCMSafeModeManager.java:validateSafeModeExitRules(214)) - AtleastOneDatanodeReportedRule rule is successfully validated
2020-12-29 02:32:40,503 [Listener at 127.0.0.1/43157] INFO  ozone.MiniOzoneClusterImpl (MiniOzoneClusterImpl.java:lambda$waitForClusterToBeReady$0(178)) - Nodes are ready. Got 6 of 6 DN Heartbeats.
2020-12-29 02:32:40,503 [Listener at 127.0.0.1/43157] INFO  ozone.MiniOzoneClusterImpl (MiniOzoneClusterImpl.java:lambda$waitForClusterToBeReady$0(181)) - Waiting for cluster to exit safe mode
2020-12-29 02:32:40,509 [EventQueue-OpenPipelineForHealthyPipelineSafeModeRule] INFO  safemode.SCMSafeModeManager (HealthyPipelineSafeModeRule.java:process(128)) - SCM in safe mode. Healthy pipelines reported count is 0, required healthy pipeline reported count is 1
2020-12-29 02:32:40,509 [EventQueue-PipelineReportForOneReplicaPipelineSafeModeRule] INFO  safemode.SCMSafeModeManager (SCMSafeModeManager.java:validateSafeModeExitRules(214)) - AtleastOneDatanodeReportedRule rule is successfully validated
2020-12-29 02:32:40,572 [EventQueue-PipelineReportForOneReplicaPipelineSafeModeRule] INFO  safemode.SCMSafeModeManager (SCMSafeModeManager.java:validateSafeModeExitRules(214)) - AtleastOneDatanodeReportedRule rule is successfully validated
2020-12-29 02:32:40,572 [EventQueue-OpenPipelineForHealthyPipelineSafeModeRule] INFO  safemode.SCMSafeModeManager (HealthyPipelineSafeModeRule.java:process(128)) - SCM in safe mode. Healthy pipelines reported count is 0, required healthy pipeline reported count is 1
2020-12-29 02:32:40,735 [EventQueue-OpenPipelineForHealthyPipelineSafeModeRule] INFO  safemode.SCMSafeModeManager (HealthyPipelineSafeModeRule.java:process(128)) - SCM in safe mode. Healthy pipelines reported count is 0, required healthy pipeline reported count is 1
2020-12-29 02:32:40,735 [EventQueue-PipelineReportForOneReplicaPipelineSafeModeRule] INFO  safemode.SCMSafeModeManager (SCMSafeModeManager.java:validateSafeModeExitRules(214)) - AtleastOneDatanodeReportedRule rule is successfully validated
2020-12-29 02:32:40,930 [EventQueue-PipelineReportForOneReplicaPipelineSafeModeRule] INFO  safemode.SCMSafeModeManager (SCMSafeModeManager.java:validateSafeModeExitRules(214)) - AtleastOneDatanodeReportedRule rule is successfully validated
2020-12-29 02:32:40,930 [EventQueue-OpenPipelineForHealthyPipelineSafeModeRule] INFO  safemode.SCMSafeModeManager (HealthyPipelineSafeModeRule.java:process(128)) - SCM in safe mode. Healthy pipelines reported count is 0, required healthy pipeline reported count is 1
2020-12-29 02:32:41,118 [EventQueue-PipelineReportForOneReplicaPipelineSafeModeRule] INFO  safemode.SCMSafeModeManager (SCMSafeModeManager.java:validateSafeModeExitRules(214)) - AtleastOneDatanodeReportedRule rule is successfully validated
2020-12-29 02:32:41,118 [EventQueue-OpenPipelineForHealthyPipelineSafeModeRule] INFO  safemode.SCMSafeModeManager (HealthyPipelineSafeModeRule.java:process(128)) - SCM in safe mode. Healthy pipelines reported count is 0, required healthy pipeline reported count is 1
2020-12-29 02:32:41,291 [EventQueue-PipelineReportForOneReplicaPipelineSafeModeRule] INFO  safemode.SCMSafeModeManager (SCMSafeModeManager.java:validateSafeModeExitRules(214)) - AtleastOneDatanodeReportedRule rule is successfully validated
2020-12-29 02:32:41,291 [EventQueue-OpenPipelineForHealthyPipelineSafeModeRule] INFO  safemode.SCMSafeModeManager (HealthyPipelineSafeModeRule.java:process(128)) - SCM in safe mode. Healthy pipelines reported count is 0, required healthy pipeline reported count is 1
2020-12-29 02:32:41,503 [Listener at 127.0.0.1/43157] INFO  ozone.MiniOzoneClusterImpl (MiniOzoneClusterImpl.java:lambda$waitForClusterToBeReady$0(178)) - Nodes are ready. Got 6 of 6 DN Heartbeats.
2020-12-29 02:32:41,504 [Listener at 127.0.0.1/43157] INFO  ozone.MiniOzoneClusterImpl (MiniOzoneClusterImpl.java:lambda$waitForClusterToBeReady$0(181)) - Waiting for cluster to exit safe mode
2020-12-29 02:32:41,510 [EventQueue-PipelineReportForOneReplicaPipelineSafeModeRule] INFO  safemode.SCMSafeModeManager (SCMSafeModeManager.java:validateSafeModeExitRules(214)) - AtleastOneDatanodeReportedRule rule is successfully validated
2020-12-29 02:32:41,510 [EventQueue-OpenPipelineForHealthyPipelineSafeModeRule] INFO  safemode.SCMSafeModeManager (HealthyPipelineSafeModeRule.java:process(128)) - SCM in safe mode. Healthy pipelines reported count is 0, required healthy pipeline reported count is 1
2020-12-29 02:32:41,572 [EventQueue-PipelineReportForOneReplicaPipelineSafeModeRule] INFO  safemode.SCMSafeModeManager (SCMSafeModeManager.java:validateSafeModeExitRules(214)) - AtleastOneDatanodeReportedRule rule is successfully validated
2020-12-29 02:32:41,572 [EventQueue-OpenPipelineForHealthyPipelineSafeModeRule] INFO  safemode.SCMSafeModeManager (HealthyPipelineSafeModeRule.java:process(128)) - SCM in safe mode. Healthy pipelines reported count is 0, required healthy pipeline reported count is 1
2020-12-29 02:32:41,735 [EventQueue-PipelineReportForOneReplicaPipelineSafeModeRule] INFO  safemode.SCMSafeModeManager (SCMSafeModeManager.java:validateSafeModeExitRules(214)) - AtleastOneDatanodeReportedRule rule is successfully validated
2020-12-29 02:32:41,736 [EventQueue-OpenPipelineForHealthyPipelineSafeModeRule] INFO  safemode.SCMSafeModeManager (HealthyPipelineSafeModeRule.java:process(128)) - SCM in safe mode. Healthy pipelines reported count is 0, required healthy pipeline reported count is 1
2020-12-29 02:32:41,930 [EventQueue-PipelineReportForOneReplicaPipelineSafeModeRule] INFO  safemode.SCMSafeModeManager (SCMSafeModeManager.java:validateSafeModeExitRules(214)) - AtleastOneDatanodeReportedRule rule is successfully validated
2020-12-29 02:32:41,930 [EventQueue-OpenPipelineForHealthyPipelineSafeModeRule] INFO  safemode.SCMSafeModeManager (HealthyPipelineSafeModeRule.java:process(128)) - SCM in safe mode. Healthy pipelines reported count is 0, required healthy pipeline reported count is 1
2020-12-29 02:32:42,119 [EventQueue-PipelineReportForOneReplicaPipelineSafeModeRule] INFO  safemode.SCMSafeModeManager (SCMSafeModeManager.java:validateSafeModeExitRules(214)) - AtleastOneDatanodeReportedRule rule is successfully validated
2020-12-29 02:32:42,120 [EventQueue-OpenPipelineForHealthyPipelineSafeModeRule] INFO  safemode.SCMSafeModeManager (HealthyPipelineSafeModeRule.java:process(128)) - SCM in safe mode. Healthy pipelines reported count is 0, required healthy pipeline reported count is 1
2020-12-29 02:32:42,291 [EventQueue-OpenPipelineForHealthyPipelineSafeModeRule] INFO  safemode.SCMSafeModeManager (HealthyPipelineSafeModeRule.java:process(128)) - SCM in safe mode. Healthy pipelines reported count is 0, required healthy pipeline reported count is 1
2020-12-29 02:32:42,291 [EventQueue-PipelineReportForOneReplicaPipelineSafeModeRule] INFO  safemode.SCMSafeModeManager (SCMSafeModeManager.java:validateSafeModeExitRules(214)) - AtleastOneDatanodeReportedRule rule is successfully validated
2020-12-29 02:32:42,504 [Listener at 127.0.0.1/43157] INFO  ozone.MiniOzoneClusterImpl (MiniOzoneClusterImpl.java:lambda$waitForClusterToBeReady$0(178)) - Nodes are ready. Got 6 of 6 DN Heartbeats.
2020-12-29 02:32:42,505 [Listener at 127.0.0.1/43157] INFO  ozone.MiniOzoneClusterImpl (MiniOzoneClusterImpl.java:lambda$waitForClusterToBeReady$0(181)) - Waiting for cluster to exit safe mode
2020-12-29 02:32:42,510 [EventQueue-OpenPipelineForHealthyPipelineSafeModeRule] INFO  safemode.SCMSafeModeManager (HealthyPipelineSafeModeRule.java:process(128)) - SCM in safe mode. Healthy pipelines reported count is 0, required healthy pipeline reported count is 1
2020-12-29 02:32:42,510 [EventQueue-PipelineReportForOneReplicaPipelineSafeModeRule] INFO  safemode.SCMSafeModeManager (SCMSafeModeManager.java:validateSafeModeExitRules(214)) - AtleastOneDatanodeReportedRule rule is successfully validated
2020-12-29 02:32:42,573 [EventQueue-OpenPipelineForHealthyPipelineSafeModeRule] INFO  safemode.SCMSafeModeManager (HealthyPipelineSafeModeRule.java:process(128)) - SCM in safe mode. Healthy pipelines reported count is 0, required healthy pipeline reported count is 1
2020-12-29 02:32:42,573 [EventQueue-PipelineReportForOneReplicaPipelineSafeModeRule] INFO  safemode.SCMSafeModeManager (SCMSafeModeManager.java:validateSafeModeExitRules(214)) - AtleastOneDatanodeReportedRule rule is successfully validated
2020-12-29 02:32:42,595 [Thread-818] INFO  impl.FollowerState (FollowerState.java:run(133)) - 711a5d62-dee4-49d0-b2b9-1fce1aa24acb@group-60098F217E50-FollowerState: change to CANDIDATE, lastRpcElapsedTime:5037899292ns, electionTimeout:5031ms
2020-12-29 02:32:42,595 [Thread-818] INFO  impl.RoleInfo (RoleInfo.java:shutdownFollowerState(108)) - 711a5d62-dee4-49d0-b2b9-1fce1aa24acb: shutdown 711a5d62-dee4-49d0-b2b9-1fce1aa24acb@group-60098F217E50-FollowerState
2020-12-29 02:32:42,596 [Thread-818] INFO  server.RaftServer$Division (RaftServerImpl.java:setRole(275)) - 711a5d62-dee4-49d0-b2b9-1fce1aa24acb@group-60098F217E50: changes role from  FOLLOWER to CANDIDATE at term 0 for changeToCandidate
2020-12-29 02:32:42,596 [Thread-818] INFO  impl.RoleInfo (RoleInfo.java:updateAndGet(130)) - 711a5d62-dee4-49d0-b2b9-1fce1aa24acb: start 711a5d62-dee4-49d0-b2b9-1fce1aa24acb@group-60098F217E50-LeaderElection10
2020-12-29 02:32:42,601 [711a5d62-dee4-49d0-b2b9-1fce1aa24acb@group-60098F217E50-LeaderElection10] INFO  impl.LeaderElection (LeaderElection.java:askForVotes(219)) - 711a5d62-dee4-49d0-b2b9-1fce1aa24acb@group-60098F217E50-LeaderElection10: begin an election at term 1 for -1: [711a5d62-dee4-49d0-b2b9-1fce1aa24acb|rpc:172.17.0.2:41697], old=null
2020-12-29 02:32:42,601 [711a5d62-dee4-49d0-b2b9-1fce1aa24acb@group-60098F217E50-LeaderElection10] INFO  impl.RoleInfo (RoleInfo.java:shutdownLeaderElection(121)) - 711a5d62-dee4-49d0-b2b9-1fce1aa24acb: shutdown 711a5d62-dee4-49d0-b2b9-1fce1aa24acb@group-60098F217E50-LeaderElection10
2020-12-29 02:32:42,601 [711a5d62-dee4-49d0-b2b9-1fce1aa24acb@group-60098F217E50-LeaderElection10] INFO  server.RaftServer$Division (RaftServerImpl.java:setRole(275)) - 711a5d62-dee4-49d0-b2b9-1fce1aa24acb@group-60098F217E50: changes role from CANDIDATE to LEADER at term 1 for changeToLeader
2020-12-29 02:32:42,601 [711a5d62-dee4-49d0-b2b9-1fce1aa24acb@group-60098F217E50-LeaderElection10] INFO  ratis.XceiverServerRatis (XceiverServerRatis.java:handleLeaderChangedNotification(862)) - Leader change notification received for group: group-60098F217E50 with new leaderId: 711a5d62-dee4-49d0-b2b9-1fce1aa24acb
2020-12-29 02:32:42,601 [711a5d62-dee4-49d0-b2b9-1fce1aa24acb@group-60098F217E50-LeaderElection10] INFO  server.RaftServer$Division (ServerState.java:setLeader(258)) - 711a5d62-dee4-49d0-b2b9-1fce1aa24acb@group-60098F217E50: change Leader from null to 711a5d62-dee4-49d0-b2b9-1fce1aa24acb at term 1 for becomeLeader, leader elected after 5057ms
2020-12-29 02:32:42,602 [711a5d62-dee4-49d0-b2b9-1fce1aa24acb@group-60098F217E50-LeaderElection10] INFO  server.RaftServerConfigKeys (ConfUtils.java:logGet(44)) - raft.server.staging.catchup.gap = 1000 (default)
2020-12-29 02:32:42,602 [711a5d62-dee4-49d0-b2b9-1fce1aa24acb@group-60098F217E50-LeaderElection10] INFO  metrics.RatisMetrics (RatisMetrics.java:lambda$create$0(36)) - Creating Metrics Registry : ratis.log_appender.711a5d62-dee4-49d0-b2b9-1fce1aa24acb@group-60098F217E50
2020-12-29 02:32:42,602 [711a5d62-dee4-49d0-b2b9-1fce1aa24acb@group-60098F217E50-LeaderElection10] INFO  server.RaftServerConfigKeys (ConfUtils.java:logGet(44)) - raft.server.write.element-limit = 1024 (custom)
2020-12-29 02:32:42,603 [711a5d62-dee4-49d0-b2b9-1fce1aa24acb@group-60098F217E50-LeaderElection10] INFO  server.RaftServerConfigKeys (ConfUtils.java:logGet(44)) - raft.server.write.byte-limit = 1073741824 (custom)
2020-12-29 02:32:42,603 [711a5d62-dee4-49d0-b2b9-1fce1aa24acb@group-60098F217E50-LeaderElection10] INFO  server.RaftServerConfigKeys (ConfUtils.java:logGet(44)) - raft.server.watch.timeout = 180s (custom)
2020-12-29 02:32:42,603 [711a5d62-dee4-49d0-b2b9-1fce1aa24acb@group-60098F217E50-LeaderElection10] INFO  server.RaftServerConfigKeys (ConfUtils.java:logGet(44)) - raft.server.watch.timeout.denomination = 1s (default)
2020-12-29 02:32:42,603 [711a5d62-dee4-49d0-b2b9-1fce1aa24acb@group-60098F217E50-LeaderElection10] INFO  server.RaftServerConfigKeys (ConfUtils.java:logGet(44)) - raft.server.watch.element-limit = 65536 (default)
2020-12-29 02:32:42,603 [711a5d62-dee4-49d0-b2b9-1fce1aa24acb@group-60098F217E50-LeaderElection10] INFO  impl.RoleInfo (RoleInfo.java:updateAndGet(130)) - 711a5d62-dee4-49d0-b2b9-1fce1aa24acb: start 711a5d62-dee4-49d0-b2b9-1fce1aa24acb@group-60098F217E50-LeaderStateImpl
2020-12-29 02:32:42,603 [711a5d62-dee4-49d0-b2b9-1fce1aa24acb@group-60098F217E50-LeaderElection10] INFO  segmented.SegmentedRaftLogWorker (SegmentedRaftLogWorker.java:startLogSegment(392)) - 711a5d62-dee4-49d0-b2b9-1fce1aa24acb@group-60098F217E50-SegmentedRaftLogWorker: Starting segment from index:0
2020-12-29 02:32:42,604 [EventQueue-PipelineReportForOneReplicaPipelineSafeModeRule] INFO  safemode.SCMSafeModeManager (SCMSafeModeManager.java:validateSafeModeExitRules(214)) - AtleastOneDatanodeReportedRule rule is successfully validated
2020-12-29 02:32:42,608 [711a5d62-dee4-49d0-b2b9-1fce1aa24acb@group-60098F217E50-LeaderElection10] INFO  server.RaftServer$Division (ServerState.java:setRaftConf(374)) - 711a5d62-dee4-49d0-b2b9-1fce1aa24acb@group-60098F217E50: set configuration 0: [711a5d62-dee4-49d0-b2b9-1fce1aa24acb|rpc:172.17.0.2:41697|dataStream:], old=null at 0
2020-12-29 02:32:42,611 [711a5d62-dee4-49d0-b2b9-1fce1aa24acb@group-60098F217E50-SegmentedRaftLogWorker] INFO  segmented.SegmentedRaftLogWorker (SegmentedRaftLogWorker.java:execute(599)) - 711a5d62-dee4-49d0-b2b9-1fce1aa24acb@group-60098F217E50-SegmentedRaftLogWorker: created new log segment /github/workspace/mnt/ozone/hadoop-ozone/integration-test/target/test-dir/MiniOzoneClusterImpl-e6490a55-0da7-46e5-97f4-9b4e66d62915/datanode-0/data/ratis/022782b4-27d9-49a2-a5ae-60098f217e50/current/log_inprogress_0
2020-12-29 02:32:42,612 [EventQueue-OpenPipelineForHealthyPipelineSafeModeRule] INFO  safemode.SCMSafeModeManager (HealthyPipelineSafeModeRule.java:process(128)) - SCM in safe mode. Healthy pipelines reported count is 0, required healthy pipeline reported count is 1
2020-12-29 02:32:42,712 [Thread-820] INFO  impl.FollowerState (FollowerState.java:run(133)) - 711a5d62-dee4-49d0-b2b9-1fce1aa24acb@group-9A41716FB576-FollowerState: change to CANDIDATE, lastRpcElapsedTime:5133723772ns, electionTimeout:5132ms
2020-12-29 02:32:42,712 [Thread-820] INFO  impl.RoleInfo (RoleInfo.java:shutdownFollowerState(108)) - 711a5d62-dee4-49d0-b2b9-1fce1aa24acb: shutdown 711a5d62-dee4-49d0-b2b9-1fce1aa24acb@group-9A41716FB576-FollowerState
2020-12-29 02:32:42,712 [Thread-820] INFO  server.RaftServer$Division (RaftServerImpl.java:setRole(275)) - 711a5d62-dee4-49d0-b2b9-1fce1aa24acb@group-9A41716FB576: changes role from  FOLLOWER to CANDIDATE at term 0 for changeToCandidate
2020-12-29 02:32:42,712 [Thread-820] INFO  impl.RoleInfo (RoleInfo.java:updateAndGet(130)) - 711a5d62-dee4-49d0-b2b9-1fce1aa24acb: start 711a5d62-dee4-49d0-b2b9-1fce1aa24acb@group-9A41716FB576-LeaderElection11
2020-12-29 02:32:42,714 [Thread-822] INFO  impl.FollowerState (FollowerState.java:run(133)) - acc45ab6-017e-46ef-a2cf-eb53f92e8ea7@group-9A41716FB576-FollowerState: change to CANDIDATE, lastRpcElapsedTime:5109048200ns, electionTimeout:5108ms
2020-12-29 02:32:42,715 [Thread-822] INFO  impl.RoleInfo (RoleInfo.java:shutdownFollowerState(108)) - acc45ab6-017e-46ef-a2cf-eb53f92e8ea7: shutdown acc45ab6-017e-46ef-a2cf-eb53f92e8ea7@group-9A41716FB576-FollowerState
2020-12-29 02:32:42,715 [Thread-822] INFO  server.RaftServer$Division (RaftServerImpl.java:setRole(275)) - acc45ab6-017e-46ef-a2cf-eb53f92e8ea7@group-9A41716FB576: changes role from  FOLLOWER to CANDIDATE at term 0 for changeToCandidate
2020-12-29 02:32:42,715 [Thread-822] INFO  impl.RoleInfo (RoleInfo.java:updateAndGet(130)) - acc45ab6-017e-46ef-a2cf-eb53f92e8ea7: start acc45ab6-017e-46ef-a2cf-eb53f92e8ea7@group-9A41716FB576-LeaderElection12
2020-12-29 02:32:42,718 [711a5d62-dee4-49d0-b2b9-1fce1aa24acb@group-9A41716FB576-LeaderElection11] INFO  impl.LeaderElection (LeaderElection.java:askForVotes(219)) - 711a5d62-dee4-49d0-b2b9-1fce1aa24acb@group-9A41716FB576-LeaderElection11: begin an election at term 1 for -1: [711a5d62-dee4-49d0-b2b9-1fce1aa24acb|rpc:172.17.0.2:41697, acc45ab6-017e-46ef-a2cf-eb53f92e8ea7|rpc:172.17.0.2:40641, 9465357b-4c2a-4b31-9d0e-a8957ee25dd0|rpc:172.17.0.2:44375], old=null
2020-12-29 02:32:42,718 [acc45ab6-017e-46ef-a2cf-eb53f92e8ea7@group-9A41716FB576-LeaderElection12] INFO  impl.LeaderElection (LeaderElection.java:askForVotes(219)) - acc45ab6-017e-46ef-a2cf-eb53f92e8ea7@group-9A41716FB576-LeaderElection12: begin an election at term 1 for -1: [711a5d62-dee4-49d0-b2b9-1fce1aa24acb|rpc:172.17.0.2:41697|dataStream:, acc45ab6-017e-46ef-a2cf-eb53f92e8ea7|rpc:172.17.0.2:40641|dataStream:, 9465357b-4c2a-4b31-9d0e-a8957ee25dd0|rpc:172.17.0.2:44375|dataStream:], old=null
2020-12-29 02:32:42,726 [grpc-default-executor-3] INFO  metrics.RatisMetrics (RatisMetrics.java:lambda$create$0(36)) - Creating Metrics Registry : ratis.server_message_metrics.711a5d62-dee4-49d0-b2b9-1fce1aa24acb
2020-12-29 02:32:42,737 [EventQueue-PipelineReportForOneReplicaPipelineSafeModeRule] INFO  safemode.SCMSafeModeManager (SCMSafeModeManager.java:validateSafeModeExitRules(214)) - AtleastOneDatanodeReportedRule rule is successfully validated
2020-12-29 02:32:42,737 [EventQueue-OpenPipelineForHealthyPipelineSafeModeRule] INFO  safemode.SCMSafeModeManager (HealthyPipelineSafeModeRule.java:process(128)) - SCM in safe mode. Healthy pipelines reported count is 0, required healthy pipeline reported count is 1
2020-12-29 02:32:42,743 [grpc-default-executor-2] INFO  server.RaftServer$Division (RaftServerImpl.java:setRole(275)) - 9465357b-4c2a-4b31-9d0e-a8957ee25dd0@group-9A41716FB576: changes role from  FOLLOWER to FOLLOWER at term 1 for recognizeCandidate:711a5d62-dee4-49d0-b2b9-1fce1aa24acb
2020-12-29 02:32:42,743 [grpc-default-executor-2] INFO  impl.RoleInfo (RoleInfo.java:shutdownFollowerState(108)) - 9465357b-4c2a-4b31-9d0e-a8957ee25dd0: shutdown 9465357b-4c2a-4b31-9d0e-a8957ee25dd0@group-9A41716FB576-FollowerState
2020-12-29 02:32:42,743 [grpc-default-executor-2] INFO  impl.RoleInfo (RoleInfo.java:updateAndGet(130)) - 9465357b-4c2a-4b31-9d0e-a8957ee25dd0: start 9465357b-4c2a-4b31-9d0e-a8957ee25dd0@group-9A41716FB576-FollowerState
2020-12-29 02:32:42,743 [Thread-825] INFO  impl.FollowerState (FollowerState.java:run(142)) - 9465357b-4c2a-4b31-9d0e-a8957ee25dd0@group-9A41716FB576-FollowerState was interrupted: {}
java.lang.InterruptedException: sleep interrupted
	at java.lang.Thread.sleep(Native Method)
	at java.lang.Thread.sleep(Thread.java:340)
	at java.util.concurrent.TimeUnit.sleep(TimeUnit.java:386)
	at org.apache.ratis.util.TimeDuration.sleep(TimeDuration.java:319)
	at org.apache.ratis.util.TimeDuration.sleep(TimeDuration.java:304)
	at org.apache.ratis.server.impl.FollowerState.run(FollowerState.java:117)
2020-12-29 02:32:42,743 [grpc-default-executor-2] INFO  server.RaftServer$Division (RaftServerImpl.java:requestVote(983)) -  FOLLOWER 9465357b-4c2a-4b31-9d0e-a8957ee25dd0@group-9A41716FB576:t1, leader=null, voted=null, raftlog=9465357b-4c2a-4b31-9d0e-a8957ee25dd0@group-9A41716FB576-SegmentedRaftLog:OPENED:c-1,f-1,i0, conf=-1: [711a5d62-dee4-49d0-b2b9-1fce1aa24acb|rpc:172.17.0.2:41697|dataStream:, acc45ab6-017e-46ef-a2cf-eb53f92e8ea7|rpc:172.17.0.2:40641|dataStream:, 9465357b-4c2a-4b31-9d0e-a8957ee25dd0|rpc:172.17.0.2:44375|dataStream:], old=null RUNNING priority:0 candidate:711a5d62-dee4-49d0-b2b9-1fce1aa24acb|rpc:172.17.0.2:41697|dataStream: candidatePriority:0 compare:0
2020-12-29 02:32:42,751 [711a5d62-dee4-49d0-b2b9-1fce1aa24acb@group-9A41716FB576-LeaderElection11] INFO  impl.LeaderElection (LeaderElection.java:logAndReturn(68)) - 711a5d62-dee4-49d0-b2b9-1fce1aa24acb@group-9A41716FB576-LeaderElection11: Election PASSED; received 2 response(s) [711a5d62-dee4-49d0-b2b9-1fce1aa24acb<-acc45ab6-017e-46ef-a2cf-eb53f92e8ea7#0:FAIL-t1, 711a5d62-dee4-49d0-b2b9-1fce1aa24acb<-9465357b-4c2a-4b31-9d0e-a8957ee25dd0#0:OK-t1] and 0 exception(s); 711a5d62-dee4-49d0-b2b9-1fce1aa24acb@group-9A41716FB576:t1, leader=null, voted=711a5d62-dee4-49d0-b2b9-1fce1aa24acb, raftlog=711a5d62-dee4-49d0-b2b9-1fce1aa24acb@group-9A41716FB576-SegmentedRaftLog:OPENED:c-1,f-1,i0, conf=-1: [711a5d62-dee4-49d0-b2b9-1fce1aa24acb|rpc:172.17.0.2:41697, acc45ab6-017e-46ef-a2cf-eb53f92e8ea7|rpc:172.17.0.2:40641, 9465357b-4c2a-4b31-9d0e-a8957ee25dd0|rpc:172.17.0.2:44375], old=null
2020-12-29 02:32:42,751 [711a5d62-dee4-49d0-b2b9-1fce1aa24acb@group-9A41716FB576-LeaderElection11] INFO  impl.RoleInfo (RoleInfo.java:shutdownLeaderElection(121)) - 711a5d62-dee4-49d0-b2b9-1fce1aa24acb: shutdown 711a5d62-dee4-49d0-b2b9-1fce1aa24acb@group-9A41716FB576-LeaderElection11
2020-12-29 02:32:42,751 [711a5d62-dee4-49d0-b2b9-1fce1aa24acb@group-9A41716FB576-LeaderElection11] INFO  server.RaftServer$Division (RaftServerImpl.java:setRole(275)) - 711a5d62-dee4-49d0-b2b9-1fce1aa24acb@group-9A41716FB576: changes role from CANDIDATE to LEADER at term 1 for changeToLeader
2020-12-29 02:32:42,751 [711a5d62-dee4-49d0-b2b9-1fce1aa24acb@group-9A41716FB576-LeaderElection11] INFO  ratis.XceiverServerRatis (XceiverServerRatis.java:handleLeaderChangedNotification(862)) - Leader change notification received for group: group-9A41716FB576 with new leaderId: 711a5d62-dee4-49d0-b2b9-1fce1aa24acb
2020-12-29 02:32:42,751 [711a5d62-dee4-49d0-b2b9-1fce1aa24acb@group-9A41716FB576-LeaderElection11] INFO  server.RaftServer$Division (ServerState.java:setLeader(258)) - 711a5d62-dee4-49d0-b2b9-1fce1aa24acb@group-9A41716FB576: change Leader from null to 711a5d62-dee4-49d0-b2b9-1fce1aa24acb at term 1 for becomeLeader, leader elected after 5180ms
2020-12-29 02:32:42,751 [711a5d62-dee4-49d0-b2b9-1fce1aa24acb@group-9A41716FB576-LeaderElection11] INFO  server.RaftServerConfigKeys (ConfUtils.java:logGet(44)) - raft.server.staging.catchup.gap = 1000 (default)
2020-12-29 02:32:42,752 [711a5d62-dee4-49d0-b2b9-1fce1aa24acb@group-9A41716FB576-LeaderElection11] INFO  metrics.RatisMetrics (RatisMetrics.java:lambda$create$0(36)) - Creating Metrics Registry : ratis.log_appender.711a5d62-dee4-49d0-b2b9-1fce1aa24acb@group-9A41716FB576
2020-12-29 02:32:42,752 [711a5d62-dee4-49d0-b2b9-1fce1aa24acb@group-9A41716FB576-LeaderElection11] INFO  server.RaftServerConfigKeys (ConfUtils.java:logGet(44)) - raft.server.write.element-limit = 1024 (custom)
2020-12-29 02:32:42,752 [711a5d62-dee4-49d0-b2b9-1fce1aa24acb@group-9A41716FB576-LeaderElection11] INFO  server.RaftServerConfigKeys (ConfUtils.java:logGet(44)) - raft.server.write.byte-limit = 1073741824 (custom)
2020-12-29 02:32:42,752 [acc45ab6-017e-46ef-a2cf-eb53f92e8ea7@group-9A41716FB576-LeaderElection12] INFO  impl.LeaderElection (LeaderElection.java:logAndReturn(68)) - acc45ab6-017e-46ef-a2cf-eb53f92e8ea7@group-9A41716FB576-LeaderElection12: Election REJECTED; received 2 response(s) [acc45ab6-017e-46ef-a2cf-eb53f92e8ea7<-711a5d62-dee4-49d0-b2b9-1fce1aa24acb#0:FAIL-t1, acc45ab6-017e-46ef-a2cf-eb53f92e8ea7<-9465357b-4c2a-4b31-9d0e-a8957ee25dd0#0:FAIL-t1] and 0 exception(s); acc45ab6-017e-46ef-a2cf-eb53f92e8ea7@group-9A41716FB576:t1, leader=null, voted=acc45ab6-017e-46ef-a2cf-eb53f92e8ea7, raftlog=acc45ab6-017e-46ef-a2cf-eb53f92e8ea7@group-9A41716FB576-SegmentedRaftLog:OPENED:c-1,f-1,i0, conf=-1: [711a5d62-dee4-49d0-b2b9-1fce1aa24acb|rpc:172.17.0.2:41697|dataStream:, acc45ab6-017e-46ef-a2cf-eb53f92e8ea7|rpc:172.17.0.2:40641|dataStream:, 9465357b-4c2a-4b31-9d0e-a8957ee25dd0|rpc:172.17.0.2:44375|dataStream:], old=null
2020-12-29 02:32:42,753 [acc45ab6-017e-46ef-a2cf-eb53f92e8ea7@group-9A41716FB576-LeaderElection12] INFO  server.RaftServer$Division (RaftServerImpl.java:setRole(275)) - acc45ab6-017e-46ef-a2cf-eb53f92e8ea7@group-9A41716FB576: changes role from CANDIDATE to FOLLOWER at term 1 for DISCOVERED_A_NEW_TERM
2020-12-29 02:32:42,753 [acc45ab6-017e-46ef-a2cf-eb53f92e8ea7@group-9A41716FB576-LeaderElection12] INFO  impl.RoleInfo (RoleInfo.java:shutdownLeaderElection(121)) - acc45ab6-017e-46ef-a2cf-eb53f92e8ea7: shutdown acc45ab6-017e-46ef-a2cf-eb53f92e8ea7@group-9A41716FB576-LeaderElection12
2020-12-29 02:32:42,753 [acc45ab6-017e-46ef-a2cf-eb53f92e8ea7@group-9A41716FB576-LeaderElection12] INFO  impl.RoleInfo (RoleInfo.java:updateAndGet(130)) - acc45ab6-017e-46ef-a2cf-eb53f92e8ea7: start acc45ab6-017e-46ef-a2cf-eb53f92e8ea7@group-9A41716FB576-FollowerState
2020-12-29 02:32:42,755 [EventQueue-PipelineReportForOneReplicaPipelineSafeModeRule] INFO  safemode.SCMSafeModeManager (SCMSafeModeManager.java:validateSafeModeExitRules(214)) - AtleastOneDatanodeReportedRule rule is successfully validated
2020-12-29 02:32:42,755 [EventQueue-PipelineReportForPipelineReportHandler] INFO  pipeline.PipelineStateManager (PipelineStateManager.java:openPipeline(132)) - Pipeline Pipeline[ Id: 47ec387c-32a6-4581-a9f6-9a41716fb576, Nodes: 711a5d62-dee4-49d0-b2b9-1fce1aa24acb{ip: 172.17.0.2, host: 3099d1499688, networkLocation: /default-rack, certSerialId: null, persistedOpState: IN_SERVICE, persistedOpStateExpiryEpochSec: 0}acc45ab6-017e-46ef-a2cf-eb53f92e8ea7{ip: 172.17.0.2, host: 3099d1499688, networkLocation: /default-rack, certSerialId: null, persistedOpState: IN_SERVICE, persistedOpStateExpiryEpochSec: 0}9465357b-4c2a-4b31-9d0e-a8957ee25dd0{ip: 172.17.0.2, host: 3099d1499688, networkLocation: /default-rack, certSerialId: null, persistedOpState: IN_SERVICE, persistedOpStateExpiryEpochSec: 0}, Type:RATIS, Factor:THREE, State:ALLOCATED, leaderId:711a5d62-dee4-49d0-b2b9-1fce1aa24acb, CreationTimestamp2020-12-29T02:32:34.926Z] moved to OPEN state
2020-12-29 02:32:42,756 [EventQueue-OpenPipelineForHealthyPipelineSafeModeRule] INFO  safemode.SCMSafeModeManager (HealthyPipelineSafeModeRule.java:process(128)) - SCM in safe mode. Healthy pipelines reported count is 1, required healthy pipeline reported count is 1
2020-12-29 02:32:42,756 [EventQueue-OpenPipelineForHealthyPipelineSafeModeRule] INFO  safemode.SCMSafeModeManager (SCMSafeModeManager.java:validateSafeModeExitRules(214)) - HealthyPipelineSafeModeRule rule is successfully validated
2020-12-29 02:32:42,756 [EventQueue-OpenPipelineForHealthyPipelineSafeModeRule] INFO  safemode.SCMSafeModeManager (SCMSafeModeManager.java:validateSafeModeExitRules(228)) - ScmSafeModeManager, all rules are successfully validated
2020-12-29 02:32:42,756 [EventQueue-OpenPipelineForHealthyPipelineSafeModeRule] INFO  safemode.SCMSafeModeManager (SCMSafeModeManager.java:exitSafeMode(257)) - SCM exiting safe mode.
2020-12-29 02:32:42,757 [711a5d62-dee4-49d0-b2b9-1fce1aa24acb@group-9A41716FB576-LeaderElection11] INFO  server.RaftServerConfigKeys (ConfUtils.java:logGet(44)) - raft.server.watch.timeout = 180s (custom)
2020-12-29 02:32:42,757 [711a5d62-dee4-49d0-b2b9-1fce1aa24acb@group-9A41716FB576-LeaderElection11] INFO  server.RaftServerConfigKeys (ConfUtils.java:logGet(44)) - raft.server.watch.timeout.denomination = 1s (default)
2020-12-29 02:32:42,757 [711a5d62-dee4-49d0-b2b9-1fce1aa24acb@group-9A41716FB576-LeaderElection11] INFO  server.RaftServerConfigKeys (ConfUtils.java:logGet(44)) - raft.server.watch.element-limit = 65536 (default)
2020-12-29 02:32:42,757 [711a5d62-dee4-49d0-b2b9-1fce1aa24acb@group-9A41716FB576-LeaderElection11] INFO  server.RaftServerConfigKeys (ConfUtils.java:logGet(44)) - raft.server.log.appender.snapshot.chunk.size.max = 16MB (=16777216) (default)
2020-12-29 02:32:42,757 [711a5d62-dee4-49d0-b2b9-1fce1aa24acb@group-9A41716FB576-LeaderElection11] INFO  server.RaftServerConfigKeys (ConfUtils.java:logGet(44)) - raft.server.log.appender.buffer.byte-limit = 33554432 (custom)
2020-12-29 02:32:42,758 [711a5d62-dee4-49d0-b2b9-1fce1aa24acb@group-9A41716FB576-LeaderElection11] INFO  server.RaftServerConfigKeys (ConfUtils.java:logGet(44)) - raft.server.log.appender.buffer.element-limit = 1 (custom)
2020-12-29 02:32:42,758 [711a5d62-dee4-49d0-b2b9-1fce1aa24acb@group-9A41716FB576-LeaderElection11] INFO  grpc.GrpcConfigKeys (ConfUtils.java:logGet(44)) - raft.grpc.server.leader.outstanding.appends.max = 128 (default)
2020-12-29 02:32:42,758 [711a5d62-dee4-49d0-b2b9-1fce1aa24acb@group-9A41716FB576-LeaderElection11] INFO  server.RaftServerConfigKeys (ConfUtils.java:logGet(44)) - raft.server.rpc.request.timeout = 60s (custom)
2020-12-29 02:32:42,758 [711a5d62-dee4-49d0-b2b9-1fce1aa24acb@group-9A41716FB576-LeaderElection11] INFO  server.RaftServerConfigKeys (ConfUtils.java:logGet(44)) - raft.server.log.appender.install.snapshot.enabled = false (custom)
2020-12-29 02:32:42,758 [711a5d62-dee4-49d0-b2b9-1fce1aa24acb@group-9A41716FB576-LeaderElection11] INFO  metrics.RatisMetrics (RatisMetrics.java:lambda$create$0(36)) - Creating Metrics Registry : ratis_grpc.log_appender.711a5d62-dee4-49d0-b2b9-1fce1aa24acb@group-9A41716FB576
2020-12-29 02:32:42,759 [711a5d62-dee4-49d0-b2b9-1fce1aa24acb@group-9A41716FB576-LeaderElection11] INFO  server.RaftServerConfigKeys (ConfUtils.java:logGet(44)) - raft.server.log.appender.snapshot.chunk.size.max = 16MB (=16777216) (default)
2020-12-29 02:32:42,759 [711a5d62-dee4-49d0-b2b9-1fce1aa24acb@group-9A41716FB576-LeaderElection11] INFO  server.RaftServerConfigKeys (ConfUtils.java:logGet(44)) - raft.server.log.appender.buffer.byte-limit = 33554432 (custom)
2020-12-29 02:32:42,759 [711a5d62-dee4-49d0-b2b9-1fce1aa24acb@group-9A41716FB576-LeaderElection11] INFO  server.RaftServerConfigKeys (ConfUtils.java:logGet(44)) - raft.server.log.appender.buffer.element-limit = 1 (custom)
2020-12-29 02:32:42,759 [711a5d62-dee4-49d0-b2b9-1fce1aa24acb@group-9A41716FB576-LeaderElection11] INFO  grpc.GrpcConfigKeys (ConfUtils.java:logGet(44)) - raft.grpc.server.leader.outstanding.appends.max = 128 (default)
2020-12-29 02:32:42,759 [711a5d62-dee4-49d0-b2b9-1fce1aa24acb@group-9A41716FB576-LeaderElection11] INFO  server.RaftServerConfigKeys (ConfUtils.java:logGet(44)) - raft.server.rpc.request.timeout = 60s (custom)
2020-12-29 02:32:42,759 [711a5d62-dee4-49d0-b2b9-1fce1aa24acb@group-9A41716FB576-LeaderElection11] INFO  server.RaftServerConfigKeys (ConfUtils.java:logGet(44)) - raft.server.log.appender.install.snapshot.enabled = false (custom)
2020-12-29 02:32:42,760 [711a5d62-dee4-49d0-b2b9-1fce1aa24acb@group-9A41716FB576-LeaderElection11] INFO  impl.RoleInfo (RoleInfo.java:updateAndGet(130)) - 711a5d62-dee4-49d0-b2b9-1fce1aa24acb: start 711a5d62-dee4-49d0-b2b9-1fce1aa24acb@group-9A41716FB576-LeaderStateImpl
2020-12-29 02:32:42,760 [711a5d62-dee4-49d0-b2b9-1fce1aa24acb@group-9A41716FB576-LeaderElection11] INFO  segmented.SegmentedRaftLogWorker (SegmentedRaftLogWorker.java:startLogSegment(392)) - 711a5d62-dee4-49d0-b2b9-1fce1aa24acb@group-9A41716FB576-SegmentedRaftLogWorker: Starting segment from index:0
2020-12-29 02:32:42,761 [711a5d62-dee4-49d0-b2b9-1fce1aa24acb@group-9A41716FB576-SegmentedRaftLogWorker] INFO  segmented.SegmentedRaftLogWorker (SegmentedRaftLogWorker.java:execute(599)) - 711a5d62-dee4-49d0-b2b9-1fce1aa24acb@group-9A41716FB576-SegmentedRaftLogWorker: created new log segment /github/workspace/mnt/ozone/hadoop-ozone/integration-test/target/test-dir/MiniOzoneClusterImpl-e6490a55-0da7-46e5-97f4-9b4e66d62915/datanode-0/data/ratis/47ec387c-32a6-4581-a9f6-9a41716fb576/current/log_inprogress_0
2020-12-29 02:32:42,763 [711a5d62-dee4-49d0-b2b9-1fce1aa24acb@group-9A41716FB576-LeaderElection11] INFO  server.RaftServer$Division (ServerState.java:setRaftConf(374)) - 711a5d62-dee4-49d0-b2b9-1fce1aa24acb@group-9A41716FB576: set configuration 0: [711a5d62-dee4-49d0-b2b9-1fce1aa24acb|rpc:172.17.0.2:41697|dataStream:, acc45ab6-017e-46ef-a2cf-eb53f92e8ea7|rpc:172.17.0.2:40641|dataStream:, 9465357b-4c2a-4b31-9d0e-a8957ee25dd0|rpc:172.17.0.2:44375|dataStream:], old=null at 0
2020-12-29 02:32:42,772 [grpc-default-executor-3] INFO  ratis.XceiverServerRatis (XceiverServerRatis.java:handleLeaderChangedNotification(862)) - Leader change notification received for group: group-9A41716FB576 with new leaderId: 711a5d62-dee4-49d0-b2b9-1fce1aa24acb
2020-12-29 02:32:42,772 [grpc-default-executor-3] INFO  server.RaftServer$Division (ServerState.java:setLeader(258)) - acc45ab6-017e-46ef-a2cf-eb53f92e8ea7@group-9A41716FB576: change Leader from null to 711a5d62-dee4-49d0-b2b9-1fce1aa24acb at term 1 for appendEntries, leader elected after 5171ms
2020-12-29 02:32:42,773 [grpc-default-executor-0] INFO  ratis.XceiverServerRatis (XceiverServerRatis.java:handleLeaderChangedNotification(862)) - Leader change notification received for group: group-9A41716FB576 with new leaderId: 711a5d62-dee4-49d0-b2b9-1fce1aa24acb
2020-12-29 02:32:42,773 [grpc-default-executor-0] INFO  server.RaftServer$Division (ServerState.java:setLeader(258)) - 9465357b-4c2a-4b31-9d0e-a8957ee25dd0@group-9A41716FB576: change Leader from null to 711a5d62-dee4-49d0-b2b9-1fce1aa24acb at term 1 for appendEntries, leader elected after 5143ms
2020-12-29 02:32:42,784 [grpc-default-executor-3] INFO  server.RaftServer$Division (ServerState.java:setRaftConf(374)) - acc45ab6-017e-46ef-a2cf-eb53f92e8ea7@group-9A41716FB576: set configuration 0: [711a5d62-dee4-49d0-b2b9-1fce1aa24acb|rpc:172.17.0.2:41697|dataStream:, acc45ab6-017e-46ef-a2cf-eb53f92e8ea7|rpc:172.17.0.2:40641|dataStream:, 9465357b-4c2a-4b31-9d0e-a8957ee25dd0|rpc:172.17.0.2:44375|dataStream:], old=null at 0
2020-12-29 02:32:42,785 [grpc-default-executor-3] INFO  segmented.SegmentedRaftLogWorker (SegmentedRaftLogWorker.java:startLogSegment(392)) - acc45ab6-017e-46ef-a2cf-eb53f92e8ea7@group-9A41716FB576-SegmentedRaftLogWorker: Starting segment from index:0
2020-12-29 02:32:42,787 [acc45ab6-017e-46ef-a2cf-eb53f92e8ea7@group-9A41716FB576-SegmentedRaftLogWorker] INFO  segmented.SegmentedRaftLogWorker (SegmentedRaftLogWorker.java:execute(599)) - acc45ab6-017e-46ef-a2cf-eb53f92e8ea7@group-9A41716FB576-SegmentedRaftLogWorker: created new log segment /github/workspace/mnt/ozone/hadoop-ozone/integration-test/target/test-dir/MiniOzoneClusterImpl-e6490a55-0da7-46e5-97f4-9b4e66d62915/datanode-1/data/ratis/47ec387c-32a6-4581-a9f6-9a41716fb576/current/log_inprogress_0
2020-12-29 02:32:42,794 [grpc-default-executor-0] INFO  server.RaftServer$Division (ServerState.java:setRaftConf(374)) - 9465357b-4c2a-4b31-9d0e-a8957ee25dd0@group-9A41716FB576: set configuration 0: [711a5d62-dee4-49d0-b2b9-1fce1aa24acb|rpc:172.17.0.2:41697|dataStream:, acc45ab6-017e-46ef-a2cf-eb53f92e8ea7|rpc:172.17.0.2:40641|dataStream:, 9465357b-4c2a-4b31-9d0e-a8957ee25dd0|rpc:172.17.0.2:44375|dataStream:], old=null at 0
2020-12-29 02:32:42,795 [grpc-default-executor-0] INFO  segmented.SegmentedRaftLogWorker (SegmentedRaftLogWorker.java:startLogSegment(392)) - 9465357b-4c2a-4b31-9d0e-a8957ee25dd0@group-9A41716FB576-SegmentedRaftLogWorker: Starting segment from index:0
2020-12-29 02:32:42,796 [9465357b-4c2a-4b31-9d0e-a8957ee25dd0@group-9A41716FB576-SegmentedRaftLogWorker] INFO  segmented.SegmentedRaftLogWorker (SegmentedRaftLogWorker.java:execute(599)) - 9465357b-4c2a-4b31-9d0e-a8957ee25dd0@group-9A41716FB576-SegmentedRaftLogWorker: created new log segment /github/workspace/mnt/ozone/hadoop-ozone/integration-test/target/test-dir/MiniOzoneClusterImpl-e6490a55-0da7-46e5-97f4-9b4e66d62915/datanode-2/data/ratis/47ec387c-32a6-4581-a9f6-9a41716fb576/current/log_inprogress_0
2020-12-29 02:32:42,944 [Thread-828] INFO  impl.FollowerState (FollowerState.java:run(133)) - acc45ab6-017e-46ef-a2cf-eb53f92e8ea7@group-7F8C1EEF2B2C-FollowerState: change to CANDIDATE, lastRpcElapsedTime:5198583261ns, electionTimeout:5189ms
2020-12-29 02:32:42,944 [Thread-828] INFO  impl.RoleInfo (RoleInfo.java:shutdownFollowerState(108)) - acc45ab6-017e-46ef-a2cf-eb53f92e8ea7: shutdown acc45ab6-017e-46ef-a2cf-eb53f92e8ea7@group-7F8C1EEF2B2C-FollowerState
2020-12-29 02:32:42,944 [Thread-828] INFO  server.RaftServer$Division (RaftServerImpl.java:setRole(275)) - acc45ab6-017e-46ef-a2cf-eb53f92e8ea7@group-7F8C1EEF2B2C: changes role from  FOLLOWER to CANDIDATE at term 0 for changeToCandidate
2020-12-29 02:32:42,944 [Thread-828] INFO  impl.RoleInfo (RoleInfo.java:updateAndGet(130)) - acc45ab6-017e-46ef-a2cf-eb53f92e8ea7: start acc45ab6-017e-46ef-a2cf-eb53f92e8ea7@group-7F8C1EEF2B2C-LeaderElection13
2020-12-29 02:32:42,947 [acc45ab6-017e-46ef-a2cf-eb53f92e8ea7@group-7F8C1EEF2B2C-LeaderElection13] INFO  impl.LeaderElection (LeaderElection.java:askForVotes(219)) - acc45ab6-017e-46ef-a2cf-eb53f92e8ea7@group-7F8C1EEF2B2C-LeaderElection13: begin an election at term 1 for -1: [acc45ab6-017e-46ef-a2cf-eb53f92e8ea7|rpc:172.17.0.2:40641], old=null
2020-12-29 02:32:42,947 [acc45ab6-017e-46ef-a2cf-eb53f92e8ea7@group-7F8C1EEF2B2C-LeaderElection13] INFO  impl.RoleInfo (RoleInfo.java:shutdownLeaderElection(121)) - acc45ab6-017e-46ef-a2cf-eb53f92e8ea7: shutdown acc45ab6-017e-46ef-a2cf-eb53f92e8ea7@group-7F8C1EEF2B2C-LeaderElection13
2020-12-29 02:32:42,947 [acc45ab6-017e-46ef-a2cf-eb53f92e8ea7@group-7F8C1EEF2B2C-LeaderElection13] INFO  server.RaftServer$Division (RaftServerImpl.java:setRole(275)) - acc45ab6-017e-46ef-a2cf-eb53f92e8ea7@group-7F8C1EEF2B2C: changes role from CANDIDATE to LEADER at term 1 for changeToLeader
2020-12-29 02:32:42,948 [acc45ab6-017e-46ef-a2cf-eb53f92e8ea7@group-7F8C1EEF2B2C-LeaderElection13] INFO  ratis.XceiverServerRatis (XceiverServerRatis.java:handleLeaderChangedNotification(862)) - Leader change notification received for group: group-7F8C1EEF2B2C with new leaderId: acc45ab6-017e-46ef-a2cf-eb53f92e8ea7
2020-12-29 02:32:42,948 [acc45ab6-017e-46ef-a2cf-eb53f92e8ea7@group-7F8C1EEF2B2C-LeaderElection13] INFO  server.RaftServer$Division (ServerState.java:setLeader(258)) - acc45ab6-017e-46ef-a2cf-eb53f92e8ea7@group-7F8C1EEF2B2C: change Leader from null to acc45ab6-017e-46ef-a2cf-eb53f92e8ea7 at term 1 for becomeLeader, leader elected after 5210ms
2020-12-29 02:32:42,950 [acc45ab6-017e-46ef-a2cf-eb53f92e8ea7@group-7F8C1EEF2B2C-LeaderElection13] INFO  server.RaftServerConfigKeys (ConfUtils.java:logGet(44)) - raft.server.staging.catchup.gap = 1000 (default)
2020-12-29 02:32:42,950 [acc45ab6-017e-46ef-a2cf-eb53f92e8ea7@group-7F8C1EEF2B2C-LeaderElection13] INFO  metrics.RatisMetrics (RatisMetrics.java:lambda$create$0(36)) - Creating Metrics Registry : ratis.log_appender.acc45ab6-017e-46ef-a2cf-eb53f92e8ea7@group-7F8C1EEF2B2C
2020-12-29 02:32:42,951 [acc45ab6-017e-46ef-a2cf-eb53f92e8ea7@group-7F8C1EEF2B2C-LeaderElection13] INFO  server.RaftServerConfigKeys (ConfUtils.java:logGet(44)) - raft.server.write.element-limit = 1024 (custom)
2020-12-29 02:32:42,951 [acc45ab6-017e-46ef-a2cf-eb53f92e8ea7@group-7F8C1EEF2B2C-LeaderElection13] INFO  server.RaftServerConfigKeys (ConfUtils.java:logGet(44)) - raft.server.write.byte-limit = 1073741824 (custom)
2020-12-29 02:32:42,951 [acc45ab6-017e-46ef-a2cf-eb53f92e8ea7@group-7F8C1EEF2B2C-LeaderElection13] INFO  server.RaftServerConfigKeys (ConfUtils.java:logGet(44)) - raft.server.watch.timeout = 180s (custom)
2020-12-29 02:32:42,951 [acc45ab6-017e-46ef-a2cf-eb53f92e8ea7@group-7F8C1EEF2B2C-LeaderElection13] INFO  server.RaftServerConfigKeys (ConfUtils.java:logGet(44)) - raft.server.watch.timeout.denomination = 1s (default)
2020-12-29 02:32:42,951 [acc45ab6-017e-46ef-a2cf-eb53f92e8ea7@group-7F8C1EEF2B2C-LeaderElection13] INFO  server.RaftServerConfigKeys (ConfUtils.java:logGet(44)) - raft.server.watch.element-limit = 65536 (default)
2020-12-29 02:32:42,952 [acc45ab6-017e-46ef-a2cf-eb53f92e8ea7@group-7F8C1EEF2B2C-LeaderElection13] INFO  impl.RoleInfo (RoleInfo.java:updateAndGet(130)) - acc45ab6-017e-46ef-a2cf-eb53f92e8ea7: start acc45ab6-017e-46ef-a2cf-eb53f92e8ea7@group-7F8C1EEF2B2C-LeaderStateImpl
2020-12-29 02:32:42,952 [acc45ab6-017e-46ef-a2cf-eb53f92e8ea7@group-7F8C1EEF2B2C-LeaderElection13] INFO  segmented.SegmentedRaftLogWorker (SegmentedRaftLogWorker.java:startLogSegment(392)) - acc45ab6-017e-46ef-a2cf-eb53f92e8ea7@group-7F8C1EEF2B2C-SegmentedRaftLogWorker: Starting segment from index:0
2020-12-29 02:32:42,953 [acc45ab6-017e-46ef-a2cf-eb53f92e8ea7@group-7F8C1EEF2B2C-SegmentedRaftLogWorker] INFO  segmented.SegmentedRaftLogWorker (SegmentedRaftLogWorker.java:execute(599)) - acc45ab6-017e-46ef-a2cf-eb53f92e8ea7@group-7F8C1EEF2B2C-SegmentedRaftLogWorker: created new log segment /github/workspace/mnt/ozone/hadoop-ozone/integration-test/target/test-dir/MiniOzoneClusterImpl-e6490a55-0da7-46e5-97f4-9b4e66d62915/datanode-1/data/ratis/dc72fea7-13da-4210-9746-7f8c1eef2b2c/current/log_inprogress_0
2020-12-29 02:32:42,954 [acc45ab6-017e-46ef-a2cf-eb53f92e8ea7@group-7F8C1EEF2B2C-LeaderElection13] INFO  server.RaftServer$Division (ServerState.java:setRaftConf(374)) - acc45ab6-017e-46ef-a2cf-eb53f92e8ea7@group-7F8C1EEF2B2C: set configuration 0: [acc45ab6-017e-46ef-a2cf-eb53f92e8ea7|rpc:172.17.0.2:40641|dataStream:], old=null at 0
2020-12-29 02:32:43,005 [Thread-830] INFO  impl.FollowerState (FollowerState.java:run(133)) - 9465357b-4c2a-4b31-9d0e-a8957ee25dd0@group-EDF47CB057C1-FollowerState: change to CANDIDATE, lastRpcElapsedTime:5065661874ns, electionTimeout:5064ms
2020-12-29 02:32:43,005 [Thread-830] INFO  impl.RoleInfo (RoleInfo.java:shutdownFollowerState(108)) - 9465357b-4c2a-4b31-9d0e-a8957ee25dd0: shutdown 9465357b-4c2a-4b31-9d0e-a8957ee25dd0@group-EDF47CB057C1-FollowerState
2020-12-29 02:32:43,005 [Thread-830] INFO  server.RaftServer$Division (RaftServerImpl.java:setRole(275)) - 9465357b-4c2a-4b31-9d0e-a8957ee25dd0@group-EDF47CB057C1: changes role from  FOLLOWER to CANDIDATE at term 0 for changeToCandidate
2020-12-29 02:32:43,005 [Thread-830] INFO  impl.RoleInfo (RoleInfo.java:updateAndGet(130)) - 9465357b-4c2a-4b31-9d0e-a8957ee25dd0: start 9465357b-4c2a-4b31-9d0e-a8957ee25dd0@group-EDF47CB057C1-LeaderElection14
2020-12-29 02:32:43,008 [9465357b-4c2a-4b31-9d0e-a8957ee25dd0@group-EDF47CB057C1-LeaderElection14] INFO  impl.LeaderElection (LeaderElection.java:askForVotes(219)) - 9465357b-4c2a-4b31-9d0e-a8957ee25dd0@group-EDF47CB057C1-LeaderElection14: begin an election at term 1 for -1: [9465357b-4c2a-4b31-9d0e-a8957ee25dd0|rpc:172.17.0.2:44375], old=null
2020-12-29 02:32:43,008 [9465357b-4c2a-4b31-9d0e-a8957ee25dd0@group-EDF47CB057C1-LeaderElection14] INFO  impl.RoleInfo (RoleInfo.java:shutdownLeaderElection(121)) - 9465357b-4c2a-4b31-9d0e-a8957ee25dd0: shutdown 9465357b-4c2a-4b31-9d0e-a8957ee25dd0@group-EDF47CB057C1-LeaderElection14
2020-12-29 02:32:43,008 [9465357b-4c2a-4b31-9d0e-a8957ee25dd0@group-EDF47CB057C1-LeaderElection14] INFO  server.RaftServer$Division (RaftServerImpl.java:setRole(275)) - 9465357b-4c2a-4b31-9d0e-a8957ee25dd0@group-EDF47CB057C1: changes role from CANDIDATE to LEADER at term 1 for changeToLeader
2020-12-29 02:32:43,008 [9465357b-4c2a-4b31-9d0e-a8957ee25dd0@group-EDF47CB057C1-LeaderElection14] INFO  ratis.XceiverServerRatis (XceiverServerRatis.java:handleLeaderChangedNotification(862)) - Leader change notification received for group: group-EDF47CB057C1 with new leaderId: 9465357b-4c2a-4b31-9d0e-a8957ee25dd0
2020-12-29 02:32:43,008 [9465357b-4c2a-4b31-9d0e-a8957ee25dd0@group-EDF47CB057C1-LeaderElection14] INFO  server.RaftServer$Division (ServerState.java:setLeader(258)) - 9465357b-4c2a-4b31-9d0e-a8957ee25dd0@group-EDF47CB057C1: change Leader from null to 9465357b-4c2a-4b31-9d0e-a8957ee25dd0 at term 1 for becomeLeader, leader elected after 5073ms
2020-12-29 02:32:43,009 [9465357b-4c2a-4b31-9d0e-a8957ee25dd0@group-EDF47CB057C1-LeaderElection14] INFO  server.RaftServerConfigKeys (ConfUtils.java:logGet(44)) - raft.server.staging.catchup.gap = 1000 (default)
2020-12-29 02:32:43,009 [9465357b-4c2a-4b31-9d0e-a8957ee25dd0@group-EDF47CB057C1-LeaderElection14] INFO  metrics.RatisMetrics (RatisMetrics.java:lambda$create$0(36)) - Creating Metrics Registry : ratis.log_appender.9465357b-4c2a-4b31-9d0e-a8957ee25dd0@group-EDF47CB057C1
2020-12-29 02:32:43,012 [9465357b-4c2a-4b31-9d0e-a8957ee25dd0@group-EDF47CB057C1-LeaderElection14] INFO  server.RaftServerConfigKeys (ConfUtils.java:logGet(44)) - raft.server.write.element-limit = 1024 (custom)
2020-12-29 02:32:43,013 [9465357b-4c2a-4b31-9d0e-a8957ee25dd0@group-EDF47CB057C1-LeaderElection14] INFO  server.RaftServerConfigKeys (ConfUtils.java:logGet(44)) - raft.server.write.byte-limit = 1073741824 (custom)
2020-12-29 02:32:43,013 [9465357b-4c2a-4b31-9d0e-a8957ee25dd0@group-EDF47CB057C1-LeaderElection14] INFO  server.RaftServerConfigKeys (ConfUtils.java:logGet(44)) - raft.server.watch.timeout = 180s (custom)
2020-12-29 02:32:43,013 [9465357b-4c2a-4b31-9d0e-a8957ee25dd0@group-EDF47CB057C1-LeaderElection14] INFO  server.RaftServerConfigKeys (ConfUtils.java:logGet(44)) - raft.server.watch.timeout.denomination = 1s (default)
2020-12-29 02:32:43,013 [9465357b-4c2a-4b31-9d0e-a8957ee25dd0@group-EDF47CB057C1-LeaderElection14] INFO  server.RaftServerConfigKeys (ConfUtils.java:logGet(44)) - raft.server.watch.element-limit = 65536 (default)
2020-12-29 02:32:43,013 [9465357b-4c2a-4b31-9d0e-a8957ee25dd0@group-EDF47CB057C1-LeaderElection14] INFO  impl.RoleInfo (RoleInfo.java:updateAndGet(130)) - 9465357b-4c2a-4b31-9d0e-a8957ee25dd0: start 9465357b-4c2a-4b31-9d0e-a8957ee25dd0@group-EDF47CB057C1-LeaderStateImpl
2020-12-29 02:32:43,013 [9465357b-4c2a-4b31-9d0e-a8957ee25dd0@group-EDF47CB057C1-LeaderElection14] INFO  segmented.SegmentedRaftLogWorker (SegmentedRaftLogWorker.java:startLogSegment(392)) - 9465357b-4c2a-4b31-9d0e-a8957ee25dd0@group-EDF47CB057C1-SegmentedRaftLogWorker: Starting segment from index:0
2020-12-29 02:32:43,016 [9465357b-4c2a-4b31-9d0e-a8957ee25dd0@group-EDF47CB057C1-LeaderElection14] INFO  server.RaftServer$Division (ServerState.java:setRaftConf(374)) - 9465357b-4c2a-4b31-9d0e-a8957ee25dd0@group-EDF47CB057C1: set configuration 0: [9465357b-4c2a-4b31-9d0e-a8957ee25dd0|rpc:172.17.0.2:44375|dataStream:], old=null at 0
2020-12-29 02:32:43,017 [9465357b-4c2a-4b31-9d0e-a8957ee25dd0@group-EDF47CB057C1-SegmentedRaftLogWorker] INFO  segmented.SegmentedRaftLogWorker (SegmentedRaftLogWorker.java:execute(599)) - 9465357b-4c2a-4b31-9d0e-a8957ee25dd0@group-EDF47CB057C1-SegmentedRaftLogWorker: created new log segment /github/workspace/mnt/ozone/hadoop-ozone/integration-test/target/test-dir/MiniOzoneClusterImpl-e6490a55-0da7-46e5-97f4-9b4e66d62915/datanode-2/data/ratis/97180043-18a6-4989-8bda-edf47cb057c1/current/log_inprogress_0
2020-12-29 02:32:43,117 [Thread-832] INFO  impl.FollowerState (FollowerState.java:run(133)) - f7145b68-714b-4a68-90a5-01bf6bfda3d1@group-FF01339CF9A5-FollowerState: change to CANDIDATE, lastRpcElapsedTime:5006126700ns, electionTimeout:5005ms
2020-12-29 02:32:43,117 [Thread-832] INFO  impl.RoleInfo (RoleInfo.java:shutdownFollowerState(108)) - f7145b68-714b-4a68-90a5-01bf6bfda3d1: shutdown f7145b68-714b-4a68-90a5-01bf6bfda3d1@group-FF01339CF9A5-FollowerState
2020-12-29 02:32:43,118 [Thread-832] INFO  server.RaftServer$Division (RaftServerImpl.java:setRole(275)) - f7145b68-714b-4a68-90a5-01bf6bfda3d1@group-FF01339CF9A5: changes role from  FOLLOWER to CANDIDATE at term 0 for changeToCandidate
2020-12-29 02:32:43,118 [Thread-832] INFO  impl.RoleInfo (RoleInfo.java:updateAndGet(130)) - f7145b68-714b-4a68-90a5-01bf6bfda3d1: start f7145b68-714b-4a68-90a5-01bf6bfda3d1@group-FF01339CF9A5-LeaderElection15
2020-12-29 02:32:43,121 [f7145b68-714b-4a68-90a5-01bf6bfda3d1@group-FF01339CF9A5-LeaderElection15] INFO  impl.LeaderElection (LeaderElection.java:askForVotes(219)) - f7145b68-714b-4a68-90a5-01bf6bfda3d1@group-FF01339CF9A5-LeaderElection15: begin an election at term 1 for -1: [f7145b68-714b-4a68-90a5-01bf6bfda3d1|rpc:172.17.0.2:35033], old=null
2020-12-29 02:32:43,121 [f7145b68-714b-4a68-90a5-01bf6bfda3d1@group-FF01339CF9A5-LeaderElection15] INFO  impl.RoleInfo (RoleInfo.java:shutdownLeaderElection(121)) - f7145b68-714b-4a68-90a5-01bf6bfda3d1: shutdown f7145b68-714b-4a68-90a5-01bf6bfda3d1@group-FF01339CF9A5-LeaderElection15
2020-12-29 02:32:43,121 [f7145b68-714b-4a68-90a5-01bf6bfda3d1@group-FF01339CF9A5-LeaderElection15] INFO  server.RaftServer$Division (RaftServerImpl.java:setRole(275)) - f7145b68-714b-4a68-90a5-01bf6bfda3d1@group-FF01339CF9A5: changes role from CANDIDATE to LEADER at term 1 for changeToLeader
2020-12-29 02:32:43,121 [f7145b68-714b-4a68-90a5-01bf6bfda3d1@group-FF01339CF9A5-LeaderElection15] INFO  ratis.XceiverServerRatis (XceiverServerRatis.java:handleLeaderChangedNotification(862)) - Leader change notification received for group: group-FF01339CF9A5 with new leaderId: f7145b68-714b-4a68-90a5-01bf6bfda3d1
2020-12-29 02:32:43,122 [f7145b68-714b-4a68-90a5-01bf6bfda3d1@group-FF01339CF9A5-LeaderElection15] INFO  server.RaftServer$Division (ServerState.java:setLeader(258)) - f7145b68-714b-4a68-90a5-01bf6bfda3d1@group-FF01339CF9A5: change Leader from null to f7145b68-714b-4a68-90a5-01bf6bfda3d1 at term 1 for becomeLeader, leader elected after 5019ms
2020-12-29 02:32:43,123 [f7145b68-714b-4a68-90a5-01bf6bfda3d1@group-FF01339CF9A5-LeaderElection15] INFO  server.RaftServerConfigKeys (ConfUtils.java:logGet(44)) - raft.server.staging.catchup.gap = 1000 (default)
2020-12-29 02:32:43,123 [f7145b68-714b-4a68-90a5-01bf6bfda3d1@group-FF01339CF9A5-LeaderElection15] INFO  metrics.RatisMetrics (RatisMetrics.java:lambda$create$0(36)) - Creating Metrics Registry : ratis.log_appender.f7145b68-714b-4a68-90a5-01bf6bfda3d1@group-FF01339CF9A5
2020-12-29 02:32:43,123 [f7145b68-714b-4a68-90a5-01bf6bfda3d1@group-FF01339CF9A5-LeaderElection15] INFO  server.RaftServerConfigKeys (ConfUtils.java:logGet(44)) - raft.server.write.element-limit = 1024 (custom)
2020-12-29 02:32:43,123 [f7145b68-714b-4a68-90a5-01bf6bfda3d1@group-FF01339CF9A5-LeaderElection15] INFO  server.RaftServerConfigKeys (ConfUtils.java:logGet(44)) - raft.server.write.byte-limit = 1073741824 (custom)
2020-12-29 02:32:43,124 [f7145b68-714b-4a68-90a5-01bf6bfda3d1@group-FF01339CF9A5-LeaderElection15] INFO  server.RaftServerConfigKeys (ConfUtils.java:logGet(44)) - raft.server.watch.timeout = 180s (custom)
2020-12-29 02:32:43,124 [f7145b68-714b-4a68-90a5-01bf6bfda3d1@group-FF01339CF9A5-LeaderElection15] INFO  server.RaftServerConfigKeys (ConfUtils.java:logGet(44)) - raft.server.watch.timeout.denomination = 1s (default)
2020-12-29 02:32:43,124 [f7145b68-714b-4a68-90a5-01bf6bfda3d1@group-FF01339CF9A5-LeaderElection15] INFO  server.RaftServerConfigKeys (ConfUtils.java:logGet(44)) - raft.server.watch.element-limit = 65536 (default)
2020-12-29 02:32:43,124 [f7145b68-714b-4a68-90a5-01bf6bfda3d1@group-FF01339CF9A5-LeaderElection15] INFO  impl.RoleInfo (RoleInfo.java:updateAndGet(130)) - f7145b68-714b-4a68-90a5-01bf6bfda3d1: start f7145b68-714b-4a68-90a5-01bf6bfda3d1@group-FF01339CF9A5-LeaderStateImpl
2020-12-29 02:32:43,124 [f7145b68-714b-4a68-90a5-01bf6bfda3d1@group-FF01339CF9A5-LeaderElection15] INFO  segmented.SegmentedRaftLogWorker (SegmentedRaftLogWorker.java:startLogSegment(392)) - f7145b68-714b-4a68-90a5-01bf6bfda3d1@group-FF01339CF9A5-SegmentedRaftLogWorker: Starting segment from index:0
2020-12-29 02:32:43,126 [f7145b68-714b-4a68-90a5-01bf6bfda3d1@group-FF01339CF9A5-SegmentedRaftLogWorker] INFO  segmented.SegmentedRaftLogWorker (SegmentedRaftLogWorker.java:execute(599)) - f7145b68-714b-4a68-90a5-01bf6bfda3d1@group-FF01339CF9A5-SegmentedRaftLogWorker: created new log segment /github/workspace/mnt/ozone/hadoop-ozone/integration-test/target/test-dir/MiniOzoneClusterImpl-e6490a55-0da7-46e5-97f4-9b4e66d62915/datanode-3/data/ratis/9d55ff84-5a8f-41bf-8840-ff01339cf9a5/current/log_inprogress_0
2020-12-29 02:32:43,132 [f7145b68-714b-4a68-90a5-01bf6bfda3d1@group-FF01339CF9A5-LeaderElection15] INFO  server.RaftServer$Division (ServerState.java:setRaftConf(374)) - f7145b68-714b-4a68-90a5-01bf6bfda3d1@group-FF01339CF9A5: set configuration 0: [f7145b68-714b-4a68-90a5-01bf6bfda3d1|rpc:172.17.0.2:35033|dataStream:], old=null at 0
2020-12-29 02:32:43,155 [Thread-834] INFO  impl.FollowerState (FollowerState.java:run(133)) - f7145b68-714b-4a68-90a5-01bf6bfda3d1@group-8D1F305CFD2A-FollowerState: change to CANDIDATE, lastRpcElapsedTime:5021019443ns, electionTimeout:5020ms
2020-12-29 02:32:43,155 [Thread-834] INFO  impl.RoleInfo (RoleInfo.java:shutdownFollowerState(108)) - f7145b68-714b-4a68-90a5-01bf6bfda3d1: shutdown f7145b68-714b-4a68-90a5-01bf6bfda3d1@group-8D1F305CFD2A-FollowerState
2020-12-29 02:32:43,155 [Thread-834] INFO  server.RaftServer$Division (RaftServerImpl.java:setRole(275)) - f7145b68-714b-4a68-90a5-01bf6bfda3d1@group-8D1F305CFD2A: changes role from  FOLLOWER to CANDIDATE at term 0 for changeToCandidate
2020-12-29 02:32:43,155 [Thread-834] INFO  impl.RoleInfo (RoleInfo.java:updateAndGet(130)) - f7145b68-714b-4a68-90a5-01bf6bfda3d1: start f7145b68-714b-4a68-90a5-01bf6bfda3d1@group-8D1F305CFD2A-LeaderElection16
2020-12-29 02:32:43,160 [f7145b68-714b-4a68-90a5-01bf6bfda3d1@group-8D1F305CFD2A-LeaderElection16] INFO  impl.LeaderElection (LeaderElection.java:askForVotes(219)) - f7145b68-714b-4a68-90a5-01bf6bfda3d1@group-8D1F305CFD2A-LeaderElection16: begin an election at term 1 for -1: [f7145b68-714b-4a68-90a5-01bf6bfda3d1|rpc:172.17.0.2:35033, 4cac4d95-f3be-45f6-9a5a-d8dab57b636d|rpc:172.17.0.2:42337, 1bcfb908-c5ae-427d-a09f-f15a855158d1|rpc:172.17.0.2:41037], old=null
2020-12-29 02:32:43,165 [grpc-default-executor-2] INFO  server.RaftServer$Division (RaftServerImpl.java:setRole(275)) - 4cac4d95-f3be-45f6-9a5a-d8dab57b636d@group-8D1F305CFD2A: changes role from  FOLLOWER to FOLLOWER at term 1 for recognizeCandidate:f7145b68-714b-4a68-90a5-01bf6bfda3d1
2020-12-29 02:32:43,165 [grpc-default-executor-2] INFO  impl.RoleInfo (RoleInfo.java:shutdownFollowerState(108)) - 4cac4d95-f3be-45f6-9a5a-d8dab57b636d: shutdown 4cac4d95-f3be-45f6-9a5a-d8dab57b636d@group-8D1F305CFD2A-FollowerState
2020-12-29 02:32:43,165 [grpc-default-executor-2] INFO  impl.RoleInfo (RoleInfo.java:updateAndGet(130)) - 4cac4d95-f3be-45f6-9a5a-d8dab57b636d: start 4cac4d95-f3be-45f6-9a5a-d8dab57b636d@group-8D1F305CFD2A-FollowerState
2020-12-29 02:32:43,165 [Thread-839] INFO  impl.FollowerState (FollowerState.java:run(142)) - 4cac4d95-f3be-45f6-9a5a-d8dab57b636d@group-8D1F305CFD2A-FollowerState was interrupted: {}
java.lang.InterruptedException: sleep interrupted
	at java.lang.Thread.sleep(Native Method)
	at java.lang.Thread.sleep(Thread.java:340)
	at java.util.concurrent.TimeUnit.sleep(TimeUnit.java:386)
	at org.apache.ratis.util.TimeDuration.sleep(TimeDuration.java:319)
	at org.apache.ratis.util.TimeDuration.sleep(TimeDuration.java:304)
	at org.apache.ratis.server.impl.FollowerState.run(FollowerState.java:117)
2020-12-29 02:32:43,166 [grpc-default-executor-2] INFO  server.RaftServer$Division (RaftServerImpl.java:requestVote(983)) -  FOLLOWER 4cac4d95-f3be-45f6-9a5a-d8dab57b636d@group-8D1F305CFD2A:t1, leader=null, voted=null, raftlog=4cac4d95-f3be-45f6-9a5a-d8dab57b636d@group-8D1F305CFD2A-SegmentedRaftLog:OPENED:c-1,f-1,i0, conf=-1: [f7145b68-714b-4a68-90a5-01bf6bfda3d1|rpc:172.17.0.2:35033|dataStream:, 4cac4d95-f3be-45f6-9a5a-d8dab57b636d|rpc:172.17.0.2:42337|dataStream:, 1bcfb908-c5ae-427d-a09f-f15a855158d1|rpc:172.17.0.2:41037|dataStream:], old=null RUNNING priority:0 candidate:f7145b68-714b-4a68-90a5-01bf6bfda3d1|rpc:172.17.0.2:35033|dataStream: candidatePriority:0 compare:0
2020-12-29 02:32:43,171 [grpc-default-executor-2] INFO  server.RaftServer$Division (RaftServerImpl.java:setRole(275)) - 1bcfb908-c5ae-427d-a09f-f15a855158d1@group-8D1F305CFD2A: changes role from  FOLLOWER to FOLLOWER at term 1 for recognizeCandidate:f7145b68-714b-4a68-90a5-01bf6bfda3d1
2020-12-29 02:32:43,171 [grpc-default-executor-2] INFO  impl.RoleInfo (RoleInfo.java:shutdownFollowerState(108)) - 1bcfb908-c5ae-427d-a09f-f15a855158d1: shutdown 1bcfb908-c5ae-427d-a09f-f15a855158d1@group-8D1F305CFD2A-FollowerState
2020-12-29 02:32:43,171 [grpc-default-executor-2] INFO  impl.RoleInfo (RoleInfo.java:updateAndGet(130)) - 1bcfb908-c5ae-427d-a09f-f15a855158d1: start 1bcfb908-c5ae-427d-a09f-f15a855158d1@group-8D1F305CFD2A-FollowerState
2020-12-29 02:32:43,171 [Thread-836] INFO  impl.FollowerState (FollowerState.java:run(142)) - 1bcfb908-c5ae-427d-a09f-f15a855158d1@group-8D1F305CFD2A-FollowerState was interrupted: {}
java.lang.InterruptedException: sleep interrupted
	at java.lang.Thread.sleep(Native Method)
	at java.lang.Thread.sleep(Thread.java:340)
	at java.util.concurrent.TimeUnit.sleep(TimeUnit.java:386)
	at org.apache.ratis.util.TimeDuration.sleep(TimeDuration.java:319)
	at org.apache.ratis.util.TimeDuration.sleep(TimeDuration.java:304)
	at org.apache.ratis.server.impl.FollowerState.run(FollowerState.java:117)
2020-12-29 02:32:43,171 [grpc-default-executor-2] INFO  server.RaftServer$Division (RaftServerImpl.java:requestVote(983)) -  FOLLOWER 1bcfb908-c5ae-427d-a09f-f15a855158d1@group-8D1F305CFD2A:t1, leader=null, voted=null, raftlog=1bcfb908-c5ae-427d-a09f-f15a855158d1@group-8D1F305CFD2A-SegmentedRaftLog:OPENED:c-1,f-1,i0, conf=-1: [f7145b68-714b-4a68-90a5-01bf6bfda3d1|rpc:172.17.0.2:35033|dataStream:, 4cac4d95-f3be-45f6-9a5a-d8dab57b636d|rpc:172.17.0.2:42337|dataStream:, 1bcfb908-c5ae-427d-a09f-f15a855158d1|rpc:172.17.0.2:41037|dataStream:], old=null RUNNING priority:0 candidate:f7145b68-714b-4a68-90a5-01bf6bfda3d1|rpc:172.17.0.2:35033|dataStream: candidatePriority:0 compare:0
2020-12-29 02:32:43,177 [f7145b68-714b-4a68-90a5-01bf6bfda3d1@group-8D1F305CFD2A-LeaderElection16] INFO  impl.LeaderElection (LeaderElection.java:logAndReturn(68)) - f7145b68-714b-4a68-90a5-01bf6bfda3d1@group-8D1F305CFD2A-LeaderElection16: Election PASSED; received 1 response(s) [f7145b68-714b-4a68-90a5-01bf6bfda3d1<-4cac4d95-f3be-45f6-9a5a-d8dab57b636d#0:OK-t1] and 0 exception(s); f7145b68-714b-4a68-90a5-01bf6bfda3d1@group-8D1F305CFD2A:t1, leader=null, voted=f7145b68-714b-4a68-90a5-01bf6bfda3d1, raftlog=f7145b68-714b-4a68-90a5-01bf6bfda3d1@group-8D1F305CFD2A-SegmentedRaftLog:OPENED:c-1,f-1,i0, conf=-1: [f7145b68-714b-4a68-90a5-01bf6bfda3d1|rpc:172.17.0.2:35033, 4cac4d95-f3be-45f6-9a5a-d8dab57b636d|rpc:172.17.0.2:42337, 1bcfb908-c5ae-427d-a09f-f15a855158d1|rpc:172.17.0.2:41037], old=null
2020-12-29 02:32:43,177 [f7145b68-714b-4a68-90a5-01bf6bfda3d1@group-8D1F305CFD2A-LeaderElection16] INFO  impl.RoleInfo (RoleInfo.java:shutdownLeaderElection(121)) - f7145b68-714b-4a68-90a5-01bf6bfda3d1: shutdown f7145b68-714b-4a68-90a5-01bf6bfda3d1@group-8D1F305CFD2A-LeaderElection16
2020-12-29 02:32:43,178 [f7145b68-714b-4a68-90a5-01bf6bfda3d1@group-8D1F305CFD2A-LeaderElection16] INFO  server.RaftServer$Division (RaftServerImpl.java:setRole(275)) - f7145b68-714b-4a68-90a5-01bf6bfda3d1@group-8D1F305CFD2A: changes role from CANDIDATE to LEADER at term 1 for changeToLeader
2020-12-29 02:32:43,179 [f7145b68-714b-4a68-90a5-01bf6bfda3d1@group-8D1F305CFD2A-LeaderElection16] INFO  ratis.XceiverServerRatis (XceiverServerRatis.java:handleLeaderChangedNotification(862)) - Leader change notification received for group: group-8D1F305CFD2A with new leaderId: f7145b68-714b-4a68-90a5-01bf6bfda3d1
2020-12-29 02:32:43,179 [f7145b68-714b-4a68-90a5-01bf6bfda3d1@group-8D1F305CFD2A-LeaderElection16] INFO  server.RaftServer$Division (ServerState.java:setLeader(258)) - f7145b68-714b-4a68-90a5-01bf6bfda3d1@group-8D1F305CFD2A: change Leader from null to f7145b68-714b-4a68-90a5-01bf6bfda3d1 at term 1 for becomeLeader, leader elected after 5061ms
2020-12-29 02:32:43,179 [f7145b68-714b-4a68-90a5-01bf6bfda3d1@group-8D1F305CFD2A-LeaderElection16] INFO  server.RaftServerConfigKeys (ConfUtils.java:logGet(44)) - raft.server.staging.catchup.gap = 1000 (default)
2020-12-29 02:32:43,180 [EventQueue-PipelineReportForPipelineReportHandler] INFO  pipeline.PipelineStateManager (PipelineStateManager.java:openPipeline(132)) - Pipeline Pipeline[ Id: 387a164e-a32c-42bd-8665-8d1f305cfd2a, Nodes: 1bcfb908-c5ae-427d-a09f-f15a855158d1{ip: 172.17.0.2, host: 3099d1499688, networkLocation: /default-rack, certSerialId: null, persistedOpState: IN_SERVICE, persistedOpStateExpiryEpochSec: 0}4cac4d95-f3be-45f6-9a5a-d8dab57b636d{ip: 172.17.0.2, host: 3099d1499688, networkLocation: /default-rack, certSerialId: null, persistedOpState: IN_SERVICE, persistedOpStateExpiryEpochSec: 0}f7145b68-714b-4a68-90a5-01bf6bfda3d1{ip: 172.17.0.2, host: 3099d1499688, networkLocation: /default-rack, certSerialId: null, persistedOpState: IN_SERVICE, persistedOpStateExpiryEpochSec: 0}, Type:RATIS, Factor:THREE, State:ALLOCATED, leaderId:f7145b68-714b-4a68-90a5-01bf6bfda3d1, CreationTimestamp2020-12-29T02:32:35.504Z] moved to OPEN state
2020-12-29 02:32:43,181 [f7145b68-714b-4a68-90a5-01bf6bfda3d1@group-8D1F305CFD2A-LeaderElection16] INFO  metrics.RatisMetrics (RatisMetrics.java:lambda$create$0(36)) - Creating Metrics Registry : ratis.log_appender.f7145b68-714b-4a68-90a5-01bf6bfda3d1@group-8D1F305CFD2A
2020-12-29 02:32:43,181 [f7145b68-714b-4a68-90a5-01bf6bfda3d1@group-8D1F305CFD2A-LeaderElection16] INFO  server.RaftServerConfigKeys (ConfUtils.java:logGet(44)) - raft.server.write.element-limit = 1024 (custom)
2020-12-29 02:32:43,181 [f7145b68-714b-4a68-90a5-01bf6bfda3d1@group-8D1F305CFD2A-LeaderElection16] INFO  server.RaftServerConfigKeys (ConfUtils.java:logGet(44)) - raft.server.write.byte-limit = 1073741824 (custom)
2020-12-29 02:32:43,181 [f7145b68-714b-4a68-90a5-01bf6bfda3d1@group-8D1F305CFD2A-LeaderElection16] INFO  server.RaftServerConfigKeys (ConfUtils.java:logGet(44)) - raft.server.watch.timeout = 180s (custom)
2020-12-29 02:32:43,181 [f7145b68-714b-4a68-90a5-01bf6bfda3d1@group-8D1F305CFD2A-LeaderElection16] INFO  server.RaftServerConfigKeys (ConfUtils.java:logGet(44)) - raft.server.watch.timeout.denomination = 1s (default)
2020-12-29 02:32:43,181 [f7145b68-714b-4a68-90a5-01bf6bfda3d1@group-8D1F305CFD2A-LeaderElection16] INFO  server.RaftServerConfigKeys (ConfUtils.java:logGet(44)) - raft.server.watch.element-limit = 65536 (default)
2020-12-29 02:32:43,182 [f7145b68-714b-4a68-90a5-01bf6bfda3d1@group-8D1F305CFD2A-LeaderElection16] INFO  server.RaftServerConfigKeys (ConfUtils.java:logGet(44)) - raft.server.log.appender.snapshot.chunk.size.max = 16MB (=16777216) (default)
2020-12-29 02:32:43,182 [f7145b68-714b-4a68-90a5-01bf6bfda3d1@group-8D1F305CFD2A-LeaderElection16] INFO  server.RaftServerConfigKeys (ConfUtils.java:logGet(44)) - raft.server.log.appender.buffer.byte-limit = 33554432 (custom)
2020-12-29 02:32:43,182 [f7145b68-714b-4a68-90a5-01bf6bfda3d1@group-8D1F305CFD2A-LeaderElection16] INFO  server.RaftServerConfigKeys (ConfUtils.java:logGet(44)) - raft.server.log.appender.buffer.element-limit = 1 (custom)
2020-12-29 02:32:43,182 [f7145b68-714b-4a68-90a5-01bf6bfda3d1@group-8D1F305CFD2A-LeaderElection16] INFO  grpc.GrpcConfigKeys (ConfUtils.java:logGet(44)) - raft.grpc.server.leader.outstanding.appends.max = 128 (default)
2020-12-29 02:32:43,182 [f7145b68-714b-4a68-90a5-01bf6bfda3d1@group-8D1F305CFD2A-LeaderElection16] INFO  server.RaftServerConfigKeys (ConfUtils.java:logGet(44)) - raft.server.rpc.request.timeout = 60s (custom)
2020-12-29 02:32:43,182 [f7145b68-714b-4a68-90a5-01bf6bfda3d1@group-8D1F305CFD2A-LeaderElection16] INFO  server.RaftServerConfigKeys (ConfUtils.java:logGet(44)) - raft.server.log.appender.install.snapshot.enabled = false (custom)
2020-12-29 02:32:43,182 [f7145b68-714b-4a68-90a5-01bf6bfda3d1@group-8D1F305CFD2A-LeaderElection16] INFO  metrics.RatisMetrics (RatisMetrics.java:lambda$create$0(36)) - Creating Metrics Registry : ratis_grpc.log_appender.f7145b68-714b-4a68-90a5-01bf6bfda3d1@group-8D1F305CFD2A
2020-12-29 02:32:43,183 [f7145b68-714b-4a68-90a5-01bf6bfda3d1@group-8D1F305CFD2A-LeaderElection16] INFO  server.RaftServerConfigKeys (ConfUtils.java:logGet(44)) - raft.server.log.appender.snapshot.chunk.size.max = 16MB (=16777216) (default)
2020-12-29 02:32:43,183 [f7145b68-714b-4a68-90a5-01bf6bfda3d1@group-8D1F305CFD2A-LeaderElection16] INFO  server.RaftServerConfigKeys (ConfUtils.java:logGet(44)) - raft.server.log.appender.buffer.byte-limit = 33554432 (custom)
2020-12-29 02:32:43,183 [f7145b68-714b-4a68-90a5-01bf6bfda3d1@group-8D1F305CFD2A-LeaderElection16] INFO  server.RaftServerConfigKeys (ConfUtils.java:logGet(44)) - raft.server.log.appender.buffer.element-limit = 1 (custom)
2020-12-29 02:32:43,183 [f7145b68-714b-4a68-90a5-01bf6bfda3d1@group-8D1F305CFD2A-LeaderElection16] INFO  grpc.GrpcConfigKeys (ConfUtils.java:logGet(44)) - raft.grpc.server.leader.outstanding.appends.max = 128 (default)
2020-12-29 02:32:43,183 [f7145b68-714b-4a68-90a5-01bf6bfda3d1@group-8D1F305CFD2A-LeaderElection16] INFO  server.RaftServerConfigKeys (ConfUtils.java:logGet(44)) - raft.server.rpc.request.timeout = 60s (custom)
2020-12-29 02:32:43,183 [f7145b68-714b-4a68-90a5-01bf6bfda3d1@group-8D1F305CFD2A-LeaderElection16] INFO  server.RaftServerConfigKeys (ConfUtils.java:logGet(44)) - raft.server.log.appender.install.snapshot.enabled = false (custom)
2020-12-29 02:32:43,184 [f7145b68-714b-4a68-90a5-01bf6bfda3d1@group-8D1F305CFD2A-LeaderElection16] INFO  impl.RoleInfo (RoleInfo.java:updateAndGet(130)) - f7145b68-714b-4a68-90a5-01bf6bfda3d1: start f7145b68-714b-4a68-90a5-01bf6bfda3d1@group-8D1F305CFD2A-LeaderStateImpl
2020-12-29 02:32:43,184 [f7145b68-714b-4a68-90a5-01bf6bfda3d1@group-8D1F305CFD2A-LeaderElection16] INFO  segmented.SegmentedRaftLogWorker (SegmentedRaftLogWorker.java:startLogSegment(392)) - f7145b68-714b-4a68-90a5-01bf6bfda3d1@group-8D1F305CFD2A-SegmentedRaftLogWorker: Starting segment from index:0
2020-12-29 02:32:43,186 [f7145b68-714b-4a68-90a5-01bf6bfda3d1@group-8D1F305CFD2A-SegmentedRaftLogWorker] INFO  segmented.SegmentedRaftLogWorker (SegmentedRaftLogWorker.java:execute(599)) - f7145b68-714b-4a68-90a5-01bf6bfda3d1@group-8D1F305CFD2A-SegmentedRaftLogWorker: created new log segment /github/workspace/mnt/ozone/hadoop-ozone/integration-test/target/test-dir/MiniOzoneClusterImpl-e6490a55-0da7-46e5-97f4-9b4e66d62915/datanode-3/data/ratis/387a164e-a32c-42bd-8665-8d1f305cfd2a/current/log_inprogress_0
2020-12-29 02:32:43,188 [f7145b68-714b-4a68-90a5-01bf6bfda3d1@group-8D1F305CFD2A-LeaderElection16] INFO  server.RaftServer$Division (ServerState.java:setRaftConf(374)) - f7145b68-714b-4a68-90a5-01bf6bfda3d1@group-8D1F305CFD2A: set configuration 0: [f7145b68-714b-4a68-90a5-01bf6bfda3d1|rpc:172.17.0.2:35033|dataStream:, 4cac4d95-f3be-45f6-9a5a-d8dab57b636d|rpc:172.17.0.2:42337|dataStream:, 1bcfb908-c5ae-427d-a09f-f15a855158d1|rpc:172.17.0.2:41037|dataStream:], old=null at 0
2020-12-29 02:32:43,199 [grpc-default-executor-0] INFO  ratis.XceiverServerRatis (XceiverServerRatis.java:handleLeaderChangedNotification(862)) - Leader change notification received for group: group-8D1F305CFD2A with new leaderId: f7145b68-714b-4a68-90a5-01bf6bfda3d1
2020-12-29 02:32:43,199 [grpc-default-executor-0] INFO  server.RaftServer$Division (ServerState.java:setLeader(258)) - 4cac4d95-f3be-45f6-9a5a-d8dab57b636d@group-8D1F305CFD2A: change Leader from null to f7145b68-714b-4a68-90a5-01bf6bfda3d1 at term 1 for appendEntries, leader elected after 5003ms
2020-12-29 02:32:43,202 [grpc-default-executor-2] INFO  ratis.XceiverServerRatis (XceiverServerRatis.java:handleLeaderChangedNotification(862)) - Leader change notification received for group: group-8D1F305CFD2A with new leaderId: f7145b68-714b-4a68-90a5-01bf6bfda3d1
2020-12-29 02:32:43,202 [grpc-default-executor-2] INFO  server.RaftServer$Division (ServerState.java:setLeader(258)) - 1bcfb908-c5ae-427d-a09f-f15a855158d1@group-8D1F305CFD2A: change Leader from null to f7145b68-714b-4a68-90a5-01bf6bfda3d1 at term 1 for appendEntries, leader elected after 5036ms
2020-12-29 02:32:43,203 [grpc-default-executor-0] INFO  server.RaftServer$Division (ServerState.java:setRaftConf(374)) - 4cac4d95-f3be-45f6-9a5a-d8dab57b636d@group-8D1F305CFD2A: set configuration 0: [f7145b68-714b-4a68-90a5-01bf6bfda3d1|rpc:172.17.0.2:35033|dataStream:, 4cac4d95-f3be-45f6-9a5a-d8dab57b636d|rpc:172.17.0.2:42337|dataStream:, 1bcfb908-c5ae-427d-a09f-f15a855158d1|rpc:172.17.0.2:41037|dataStream:], old=null at 0
2020-12-29 02:32:43,203 [grpc-default-executor-0] INFO  segmented.SegmentedRaftLogWorker (SegmentedRaftLogWorker.java:startLogSegment(392)) - 4cac4d95-f3be-45f6-9a5a-d8dab57b636d@group-8D1F305CFD2A-SegmentedRaftLogWorker: Starting segment from index:0
2020-12-29 02:32:43,204 [grpc-default-executor-2] INFO  server.RaftServer$Division (ServerState.java:setRaftConf(374)) - 1bcfb908-c5ae-427d-a09f-f15a855158d1@group-8D1F305CFD2A: set configuration 0: [f7145b68-714b-4a68-90a5-01bf6bfda3d1|rpc:172.17.0.2:35033|dataStream:, 4cac4d95-f3be-45f6-9a5a-d8dab57b636d|rpc:172.17.0.2:42337|dataStream:, 1bcfb908-c5ae-427d-a09f-f15a855158d1|rpc:172.17.0.2:41037|dataStream:], old=null at 0
2020-12-29 02:32:43,204 [grpc-default-executor-2] INFO  segmented.SegmentedRaftLogWorker (SegmentedRaftLogWorker.java:startLogSegment(392)) - 1bcfb908-c5ae-427d-a09f-f15a855158d1@group-8D1F305CFD2A-SegmentedRaftLogWorker: Starting segment from index:0
2020-12-29 02:32:43,205 [4cac4d95-f3be-45f6-9a5a-d8dab57b636d@group-8D1F305CFD2A-SegmentedRaftLogWorker] INFO  segmented.SegmentedRaftLogWorker (SegmentedRaftLogWorker.java:execute(599)) - 4cac4d95-f3be-45f6-9a5a-d8dab57b636d@group-8D1F305CFD2A-SegmentedRaftLogWorker: created new log segment /github/workspace/mnt/ozone/hadoop-ozone/integration-test/target/test-dir/MiniOzoneClusterImpl-e6490a55-0da7-46e5-97f4-9b4e66d62915/datanode-4/data/ratis/387a164e-a32c-42bd-8665-8d1f305cfd2a/current/log_inprogress_0
2020-12-29 02:32:43,206 [1bcfb908-c5ae-427d-a09f-f15a855158d1@group-8D1F305CFD2A-SegmentedRaftLogWorker] INFO  segmented.SegmentedRaftLogWorker (SegmentedRaftLogWorker.java:execute(599)) - 1bcfb908-c5ae-427d-a09f-f15a855158d1@group-8D1F305CFD2A-SegmentedRaftLogWorker: created new log segment /github/workspace/mnt/ozone/hadoop-ozone/integration-test/target/test-dir/MiniOzoneClusterImpl-e6490a55-0da7-46e5-97f4-9b4e66d62915/datanode-5/data/ratis/387a164e-a32c-42bd-8665-8d1f305cfd2a/current/log_inprogress_0
2020-12-29 02:32:43,310 [Thread-842] INFO  impl.FollowerState (FollowerState.java:run(133)) - 4cac4d95-f3be-45f6-9a5a-d8dab57b636d@group-05604499EE7C-FollowerState: change to CANDIDATE, lastRpcElapsedTime:5011861516ns, electionTimeout:5011ms
2020-12-29 02:32:43,311 [Thread-842] INFO  impl.RoleInfo (RoleInfo.java:shutdownFollowerState(108)) - 4cac4d95-f3be-45f6-9a5a-d8dab57b636d: shutdown 4cac4d95-f3be-45f6-9a5a-d8dab57b636d@group-05604499EE7C-FollowerState
2020-12-29 02:32:43,311 [Thread-842] INFO  server.RaftServer$Division (RaftServerImpl.java:setRole(275)) - 4cac4d95-f3be-45f6-9a5a-d8dab57b636d@group-05604499EE7C: changes role from  FOLLOWER to CANDIDATE at term 0 for changeToCandidate
2020-12-29 02:32:43,311 [Thread-842] INFO  impl.RoleInfo (RoleInfo.java:updateAndGet(130)) - 4cac4d95-f3be-45f6-9a5a-d8dab57b636d: start 4cac4d95-f3be-45f6-9a5a-d8dab57b636d@group-05604499EE7C-LeaderElection17
2020-12-29 02:32:43,313 [4cac4d95-f3be-45f6-9a5a-d8dab57b636d@group-05604499EE7C-LeaderElection17] INFO  impl.LeaderElection (LeaderElection.java:askForVotes(219)) - 4cac4d95-f3be-45f6-9a5a-d8dab57b636d@group-05604499EE7C-LeaderElection17: begin an election at term 1 for -1: [4cac4d95-f3be-45f6-9a5a-d8dab57b636d|rpc:172.17.0.2:42337], old=null
2020-12-29 02:32:43,313 [4cac4d95-f3be-45f6-9a5a-d8dab57b636d@group-05604499EE7C-LeaderElection17] INFO  impl.RoleInfo (RoleInfo.java:shutdownLeaderElection(121)) - 4cac4d95-f3be-45f6-9a5a-d8dab57b636d: shutdown 4cac4d95-f3be-45f6-9a5a-d8dab57b636d@group-05604499EE7C-LeaderElection17
2020-12-29 02:32:43,313 [4cac4d95-f3be-45f6-9a5a-d8dab57b636d@group-05604499EE7C-LeaderElection17] INFO  server.RaftServer$Division (RaftServerImpl.java:setRole(275)) - 4cac4d95-f3be-45f6-9a5a-d8dab57b636d@group-05604499EE7C: changes role from CANDIDATE to LEADER at term 1 for changeToLeader
2020-12-29 02:32:43,313 [4cac4d95-f3be-45f6-9a5a-d8dab57b636d@group-05604499EE7C-LeaderElection17] INFO  ratis.XceiverServerRatis (XceiverServerRatis.java:handleLeaderChangedNotification(862)) - Leader change notification received for group: group-05604499EE7C with new leaderId: 4cac4d95-f3be-45f6-9a5a-d8dab57b636d
2020-12-29 02:32:43,313 [4cac4d95-f3be-45f6-9a5a-d8dab57b636d@group-05604499EE7C-LeaderElection17] INFO  server.RaftServer$Division (ServerState.java:setLeader(258)) - 4cac4d95-f3be-45f6-9a5a-d8dab57b636d@group-05604499EE7C: change Leader from null to 4cac4d95-f3be-45f6-9a5a-d8dab57b636d at term 1 for becomeLeader, leader elected after 5023ms
2020-12-29 02:32:43,314 [4cac4d95-f3be-45f6-9a5a-d8dab57b636d@group-05604499EE7C-LeaderElection17] INFO  server.RaftServerConfigKeys (ConfUtils.java:logGet(44)) - raft.server.staging.catchup.gap = 1000 (default)
2020-12-29 02:32:43,314 [4cac4d95-f3be-45f6-9a5a-d8dab57b636d@group-05604499EE7C-LeaderElection17] INFO  metrics.RatisMetrics (RatisMetrics.java:lambda$create$0(36)) - Creating Metrics Registry : ratis.log_appender.4cac4d95-f3be-45f6-9a5a-d8dab57b636d@group-05604499EE7C
2020-12-29 02:32:43,314 [4cac4d95-f3be-45f6-9a5a-d8dab57b636d@group-05604499EE7C-LeaderElection17] INFO  server.RaftServerConfigKeys (ConfUtils.java:logGet(44)) - raft.server.write.element-limit = 1024 (custom)
2020-12-29 02:32:43,314 [4cac4d95-f3be-45f6-9a5a-d8dab57b636d@group-05604499EE7C-LeaderElection17] INFO  server.RaftServerConfigKeys (ConfUtils.java:logGet(44)) - raft.server.write.byte-limit = 1073741824 (custom)
2020-12-29 02:32:43,315 [4cac4d95-f3be-45f6-9a5a-d8dab57b636d@group-05604499EE7C-LeaderElection17] INFO  server.RaftServerConfigKeys (ConfUtils.java:logGet(44)) - raft.server.watch.timeout = 180s (custom)
2020-12-29 02:32:43,315 [4cac4d95-f3be-45f6-9a5a-d8dab57b636d@group-05604499EE7C-LeaderElection17] INFO  server.RaftServerConfigKeys (ConfUtils.java:logGet(44)) - raft.server.watch.timeout.denomination = 1s (default)
2020-12-29 02:32:43,315 [4cac4d95-f3be-45f6-9a5a-d8dab57b636d@group-05604499EE7C-LeaderElection17] INFO  server.RaftServerConfigKeys (ConfUtils.java:logGet(44)) - raft.server.watch.element-limit = 65536 (default)
2020-12-29 02:32:43,315 [4cac4d95-f3be-45f6-9a5a-d8dab57b636d@group-05604499EE7C-LeaderElection17] INFO  impl.RoleInfo (RoleInfo.java:updateAndGet(130)) - 4cac4d95-f3be-45f6-9a5a-d8dab57b636d: start 4cac4d95-f3be-45f6-9a5a-d8dab57b636d@group-05604499EE7C-LeaderStateImpl
2020-12-29 02:32:43,315 [4cac4d95-f3be-45f6-9a5a-d8dab57b636d@group-05604499EE7C-LeaderElection17] INFO  segmented.SegmentedRaftLogWorker (SegmentedRaftLogWorker.java:startLogSegment(392)) - 4cac4d95-f3be-45f6-9a5a-d8dab57b636d@group-05604499EE7C-SegmentedRaftLogWorker: Starting segment from index:0
2020-12-29 02:32:43,316 [4cac4d95-f3be-45f6-9a5a-d8dab57b636d@group-05604499EE7C-SegmentedRaftLogWorker] INFO  segmented.SegmentedRaftLogWorker (SegmentedRaftLogWorker.java:execute(599)) - 4cac4d95-f3be-45f6-9a5a-d8dab57b636d@group-05604499EE7C-SegmentedRaftLogWorker: created new log segment /github/workspace/mnt/ozone/hadoop-ozone/integration-test/target/test-dir/MiniOzoneClusterImpl-e6490a55-0da7-46e5-97f4-9b4e66d62915/datanode-4/data/ratis/634eff3f-792b-4a01-bf73-05604499ee7c/current/log_inprogress_0
2020-12-29 02:32:43,316 [4cac4d95-f3be-45f6-9a5a-d8dab57b636d@group-05604499EE7C-LeaderElection17] INFO  server.RaftServer$Division (ServerState.java:setRaftConf(374)) - 4cac4d95-f3be-45f6-9a5a-d8dab57b636d@group-05604499EE7C: set configuration 0: [4cac4d95-f3be-45f6-9a5a-d8dab57b636d|rpc:172.17.0.2:42337|dataStream:], old=null at 0
2020-12-29 02:32:43,505 [Listener at 127.0.0.1/43157] INFO  ozone.MiniOzoneClusterImpl (MiniOzoneClusterImpl.java:lambda$waitForClusterToBeReady$0(178)) - Nodes are ready. Got 6 of 6 DN Heartbeats.
2020-12-29 02:32:43,505 [Listener at 127.0.0.1/43157] INFO  ozone.MiniOzoneClusterImpl (MiniOzoneClusterImpl.java:lambda$waitForClusterToBeReady$0(181)) - Cluster exits safe mode
2020-12-29 02:32:43,524 [Listener at 127.0.0.1/43157] INFO  rpc.RpcClient (RpcClient.java:createVolume(273)) - Creating Volume: vol1, with user83828 as owner.
2020-12-29 02:32:43,526 [IPC Server handler 7 on default port 43157] INFO  volume.OMVolumeCreateRequest (OMVolumeCreateRequest.java:validateAndUpdateCache(196)) - created volume:vol1 for user:user83828
2020-12-29 02:32:43,531 [Listener at 127.0.0.1/43157] INFO  rpc.RpcClient (RpcClient.java:createBucket(429)) - Creating Bucket: vol1/bucket1, with Versioning false and Storage Type set to DISK and Encryption set to false 
2020-12-29 02:32:43,542 [Listener at 127.0.0.1/43157] INFO  metrics.RatisMetrics (RatisMetrics.java:lambda$create$0(36)) - Creating Metrics Registry : ratis.client_message_metrics.client-6F0ECC2A9D83->711a5d62-dee4-49d0-b2b9-1fce1aa24acb
2020-12-29 02:32:43,588 [Thread-844] INFO  impl.FollowerState (FollowerState.java:run(133)) - 1bcfb908-c5ae-427d-a09f-f15a855158d1@group-EC3D5E7AB734-FollowerState: change to CANDIDATE, lastRpcElapsedTime:5065016771ns, electionTimeout:5064ms
2020-12-29 02:32:43,588 [Thread-844] INFO  impl.RoleInfo (RoleInfo.java:shutdownFollowerState(108)) - 1bcfb908-c5ae-427d-a09f-f15a855158d1: shutdown 1bcfb908-c5ae-427d-a09f-f15a855158d1@group-EC3D5E7AB734-FollowerState
2020-12-29 02:32:43,588 [Thread-844] INFO  server.RaftServer$Division (RaftServerImpl.java:setRole(275)) - 1bcfb908-c5ae-427d-a09f-f15a855158d1@group-EC3D5E7AB734: changes role from  FOLLOWER to CANDIDATE at term 0 for changeToCandidate
2020-12-29 02:32:43,588 [Thread-844] INFO  impl.RoleInfo (RoleInfo.java:updateAndGet(130)) - 1bcfb908-c5ae-427d-a09f-f15a855158d1: start 1bcfb908-c5ae-427d-a09f-f15a855158d1@group-EC3D5E7AB734-LeaderElection18
2020-12-29 02:32:43,605 [1bcfb908-c5ae-427d-a09f-f15a855158d1@group-EC3D5E7AB734-LeaderElection18] INFO  impl.LeaderElection (LeaderElection.java:askForVotes(219)) - 1bcfb908-c5ae-427d-a09f-f15a855158d1@group-EC3D5E7AB734-LeaderElection18: begin an election at term 1 for -1: [1bcfb908-c5ae-427d-a09f-f15a855158d1|rpc:172.17.0.2:41037], old=null
2020-12-29 02:32:43,605 [1bcfb908-c5ae-427d-a09f-f15a855158d1@group-EC3D5E7AB734-LeaderElection18] INFO  impl.RoleInfo (RoleInfo.java:shutdownLeaderElection(121)) - 1bcfb908-c5ae-427d-a09f-f15a855158d1: shutdown 1bcfb908-c5ae-427d-a09f-f15a855158d1@group-EC3D5E7AB734-LeaderElection18
2020-12-29 02:32:43,606 [1bcfb908-c5ae-427d-a09f-f15a855158d1@group-EC3D5E7AB734-LeaderElection18] INFO  server.RaftServer$Division (RaftServerImpl.java:setRole(275)) - 1bcfb908-c5ae-427d-a09f-f15a855158d1@group-EC3D5E7AB734: changes role from CANDIDATE to LEADER at term 1 for changeToLeader
2020-12-29 02:32:43,606 [1bcfb908-c5ae-427d-a09f-f15a855158d1@group-EC3D5E7AB734-LeaderElection18] INFO  ratis.XceiverServerRatis (XceiverServerRatis.java:handleLeaderChangedNotification(862)) - Leader change notification received for group: group-EC3D5E7AB734 with new leaderId: 1bcfb908-c5ae-427d-a09f-f15a855158d1
2020-12-29 02:32:43,613 [1bcfb908-c5ae-427d-a09f-f15a855158d1@group-EC3D5E7AB734-LeaderElection18] INFO  server.RaftServer$Division (ServerState.java:setLeader(258)) - 1bcfb908-c5ae-427d-a09f-f15a855158d1@group-EC3D5E7AB734: change Leader from null to 1bcfb908-c5ae-427d-a09f-f15a855158d1 at term 1 for becomeLeader, leader elected after 5098ms
2020-12-29 02:32:43,613 [1bcfb908-c5ae-427d-a09f-f15a855158d1@group-EC3D5E7AB734-LeaderElection18] INFO  server.RaftServerConfigKeys (ConfUtils.java:logGet(44)) - raft.server.staging.catchup.gap = 1000 (default)
2020-12-29 02:32:43,633 [1bcfb908-c5ae-427d-a09f-f15a855158d1@group-EC3D5E7AB734-LeaderElection18] INFO  metrics.RatisMetrics (RatisMetrics.java:lambda$create$0(36)) - Creating Metrics Registry : ratis.log_appender.1bcfb908-c5ae-427d-a09f-f15a855158d1@group-EC3D5E7AB734
2020-12-29 02:32:43,633 [1bcfb908-c5ae-427d-a09f-f15a855158d1@group-EC3D5E7AB734-LeaderElection18] INFO  server.RaftServerConfigKeys (ConfUtils.java:logGet(44)) - raft.server.write.element-limit = 1024 (custom)
2020-12-29 02:32:43,633 [1bcfb908-c5ae-427d-a09f-f15a855158d1@group-EC3D5E7AB734-LeaderElection18] INFO  server.RaftServerConfigKeys (ConfUtils.java:logGet(44)) - raft.server.write.byte-limit = 1073741824 (custom)
2020-12-29 02:32:43,634 [1bcfb908-c5ae-427d-a09f-f15a855158d1@group-EC3D5E7AB734-LeaderElection18] INFO  server.RaftServerConfigKeys (ConfUtils.java:logGet(44)) - raft.server.watch.timeout = 180s (custom)
2020-12-29 02:32:43,634 [1bcfb908-c5ae-427d-a09f-f15a855158d1@group-EC3D5E7AB734-LeaderElection18] INFO  server.RaftServerConfigKeys (ConfUtils.java:logGet(44)) - raft.server.watch.timeout.denomination = 1s (default)
2020-12-29 02:32:43,634 [1bcfb908-c5ae-427d-a09f-f15a855158d1@group-EC3D5E7AB734-LeaderElection18] INFO  server.RaftServerConfigKeys (ConfUtils.java:logGet(44)) - raft.server.watch.element-limit = 65536 (default)
2020-12-29 02:32:43,634 [1bcfb908-c5ae-427d-a09f-f15a855158d1@group-EC3D5E7AB734-LeaderElection18] INFO  impl.RoleInfo (RoleInfo.java:updateAndGet(130)) - 1bcfb908-c5ae-427d-a09f-f15a855158d1: start 1bcfb908-c5ae-427d-a09f-f15a855158d1@group-EC3D5E7AB734-LeaderStateImpl
2020-12-29 02:32:43,634 [1bcfb908-c5ae-427d-a09f-f15a855158d1@group-EC3D5E7AB734-LeaderElection18] INFO  segmented.SegmentedRaftLogWorker (SegmentedRaftLogWorker.java:startLogSegment(392)) - 1bcfb908-c5ae-427d-a09f-f15a855158d1@group-EC3D5E7AB734-SegmentedRaftLogWorker: Starting segment from index:0
2020-12-29 02:32:43,635 [1bcfb908-c5ae-427d-a09f-f15a855158d1@group-EC3D5E7AB734-SegmentedRaftLogWorker] INFO  segmented.SegmentedRaftLogWorker (SegmentedRaftLogWorker.java:execute(599)) - 1bcfb908-c5ae-427d-a09f-f15a855158d1@group-EC3D5E7AB734-SegmentedRaftLogWorker: created new log segment /github/workspace/mnt/ozone/hadoop-ozone/integration-test/target/test-dir/MiniOzoneClusterImpl-e6490a55-0da7-46e5-97f4-9b4e66d62915/datanode-5/data/ratis/10a15a29-ce98-4fb3-a181-ec3d5e7ab734/current/log_inprogress_0
2020-12-29 02:32:43,637 [1bcfb908-c5ae-427d-a09f-f15a855158d1@group-EC3D5E7AB734-LeaderElection18] INFO  server.RaftServer$Division (ServerState.java:setRaftConf(374)) - 1bcfb908-c5ae-427d-a09f-f15a855158d1@group-EC3D5E7AB734: set configuration 0: [1bcfb908-c5ae-427d-a09f-f15a855158d1|rpc:172.17.0.2:41037|dataStream:], old=null at 0
2020-12-29 02:32:43,845 [Listener at 127.0.0.1/43157] INFO  metrics.RatisMetrics (RatisMetrics.java:lambda$create$0(36)) - Creating Metrics Registry : ratis.client_message_metrics.client-1217BD853E39->f7145b68-714b-4a68-90a5-01bf6bfda3d1
2020-12-29 02:32:43,852 [grpc-default-executor-3] INFO  metrics.RatisMetrics (RatisMetrics.java:lambda$create$0(36)) - Creating Metrics Registry : ratis.server_message_metrics.f7145b68-714b-4a68-90a5-01bf6bfda3d1
2020-12-29 02:32:45,769 [EventQueue-Delayed safe mode statusForReplicationManager] INFO  container.ReplicationManager (ReplicationManager.java:start(186)) - Starting Replication Monitor Thread.
2020-12-29 02:32:45,770 [ReplicationMonitor] INFO  container.ReplicationManager (ReplicationManager.java:run(250)) - Replication Monitor Thread took 0 milliseconds for processing 3 containers.
2020-12-29 02:32:46,770 [ReplicationMonitor] INFO  container.ReplicationManager (ReplicationManager.java:run(250)) - Replication Monitor Thread took 0 milliseconds for processing 3 containers.
2020-12-29 02:32:47,771 [ReplicationMonitor] INFO  container.ReplicationManager (ReplicationManager.java:run(250)) - Replication Monitor Thread took 0 milliseconds for processing 3 containers.
2020-12-29 02:32:48,773 [ReplicationMonitor] INFO  container.ReplicationManager (ReplicationManager.java:run(250)) - Replication Monitor Thread took 0 milliseconds for processing 3 containers.
2020-12-29 02:32:49,773 [ReplicationMonitor] INFO  container.ReplicationManager (ReplicationManager.java:run(250)) - Replication Monitor Thread took 1 milliseconds for processing 4 containers.
2020-12-29 02:32:50,774 [ReplicationMonitor] INFO  container.ReplicationManager (ReplicationManager.java:run(250)) - Replication Monitor Thread took 0 milliseconds for processing 4 containers.
2020-12-29 02:32:51,967 [ReplicationMonitor] INFO  container.ReplicationManager (ReplicationManager.java:run(250)) - Replication Monitor Thread took 0 milliseconds for processing 4 containers.
2020-12-29 02:32:51,967 [org.apache.ratis.util.JvmPauseMonitor$$Lambda$222/1079232678@5ac39e6a] WARN  util.JvmPauseMonitor (JvmPauseMonitor.java:detectPause(124)) - JvmPauseMonitor-acc45ab6-017e-46ef-a2cf-eb53f92e8ea7: Detected pause in JVM or host machine (eg GC): pause of approximately 214774584ns

GC pool 'PS MarkSweep' had collection(s): count=1 time=158ms
GC pool 'PS Scavenge' had collection(s): count=1 time=55ms
2020-12-29 02:32:51,973 [org.apache.ratis.util.JvmPauseMonitor$$Lambda$222/1079232678@3753f277] WARN  util.JvmPauseMonitor (JvmPauseMonitor.java:detectPause(124)) - JvmPauseMonitor-4cac4d95-f3be-45f6-9a5a-d8dab57b636d: Detected pause in JVM or host machine (eg GC): pause of approximately 176293072ns

GC pool 'PS MarkSweep' had collection(s): count=1 time=158ms
GC pool 'PS Scavenge' had collection(s): count=1 time=55ms
2020-12-29 02:32:52,202 [IPC Server handler 2 on default port 43839] INFO  node.NodeDecommissionManager (NodeDecommissionManager.java:startMaintenance(344)) - Starting Maintenance for node 711a5d62-dee4-49d0-b2b9-1fce1aa24acb{ip: 172.17.0.2, host: 3099d1499688, networkLocation: /default-rack, certSerialId: null, persistedOpState: IN_SERVICE, persistedOpStateExpiryEpochSec: 0}
2020-12-29 02:32:52,203 [IPC Server handler 2 on default port 43839] INFO  node.NodeDecommissionManager (NodeDecommissionManager.java:startMaintenance(344)) - Starting Maintenance for node acc45ab6-017e-46ef-a2cf-eb53f92e8ea7{ip: 172.17.0.2, host: 3099d1499688, networkLocation: /default-rack, certSerialId: null, persistedOpState: IN_SERVICE, persistedOpStateExpiryEpochSec: 0}
2020-12-29 02:32:52,203 [IPC Server handler 2 on default port 43839] INFO  node.NodeDecommissionManager (NodeDecommissionManager.java:startMaintenance(344)) - Starting Maintenance for node 9465357b-4c2a-4b31-9d0e-a8957ee25dd0{ip: 172.17.0.2, host: 3099d1499688, networkLocation: /default-rack, certSerialId: null, persistedOpState: IN_SERVICE, persistedOpStateExpiryEpochSec: 0}
2020-12-29 02:32:52,691 [IPC Server handler 12 on default port 45887] INFO  node.SCMNodeManager (SCMNodeManager.java:updateDatanodeOpState(419)) - Scheduling a command to update the operationalState persisted on the datanode as the reported value (IN_SERVICE, 0) does not match the value stored in SCM (ENTERING_MAINTENANCE, 0)
2020-12-29 02:32:52,701 [IPC Server handler 13 on default port 45887] INFO  node.SCMNodeManager (SCMNodeManager.java:updateDatanodeOpState(419)) - Scheduling a command to update the operationalState persisted on the datanode as the reported value (IN_SERVICE, 0) does not match the value stored in SCM (ENTERING_MAINTENANCE, 0)
2020-12-29 02:32:52,704 [IPC Server handler 15 on default port 45887] INFO  node.SCMNodeManager (SCMNodeManager.java:updateDatanodeOpState(419)) - Scheduling a command to update the operationalState persisted on the datanode as the reported value (IN_SERVICE, 0) does not match the value stored in SCM (ENTERING_MAINTENANCE, 0)
2020-12-29 02:32:52,967 [ReplicationMonitor] INFO  container.ReplicationManager (ReplicationManager.java:run(250)) - Replication Monitor Thread took 1 milliseconds for processing 4 containers.
2020-12-29 02:32:53,124 [DatanodeAdminManager-0] INFO  node.DatanodeAdminMonitorImpl (DatanodeAdminMonitorImpl.java:checkPipelinesClosedOnNode(267)) - Waiting for pipelines to close for 711a5d62-dee4-49d0-b2b9-1fce1aa24acb{ip: 172.17.0.2, host: 3099d1499688, networkLocation: /default-rack, certSerialId: null, persistedOpState: IN_SERVICE, persistedOpStateExpiryEpochSec: 0}. There are 2 pipelines
2020-12-29 02:32:53,124 [EventQueue-StartAdminOnNodeForStartDatanodeAdminHandler] INFO  node.StartDatanodeAdminHandler (StartDatanodeAdminHandler.java:onMessage(56)) - Admin start on datanode 711a5d62-dee4-49d0-b2b9-1fce1aa24acb{ip: 172.17.0.2, host: 3099d1499688, networkLocation: /default-rack, certSerialId: null, persistedOpState: IN_SERVICE, persistedOpStateExpiryEpochSec: 0}. Finalizing its pipelines [PipelineID=47ec387c-32a6-4581-a9f6-9a41716fb576, PipelineID=022782b4-27d9-49a2-a5ae-60098f217e50]
2020-12-29 02:32:53,124 [DatanodeAdminManager-0] INFO  node.DatanodeAdminMonitorImpl (DatanodeAdminMonitorImpl.java:checkPipelinesClosedOnNode(267)) - Waiting for pipelines to close for acc45ab6-017e-46ef-a2cf-eb53f92e8ea7{ip: 172.17.0.2, host: 3099d1499688, networkLocation: /default-rack, certSerialId: null, persistedOpState: IN_SERVICE, persistedOpStateExpiryEpochSec: 0}. There are 2 pipelines
2020-12-29 02:32:53,124 [EventQueue-StartAdminOnNodeForStartDatanodeAdminHandler] INFO  pipeline.SCMPipelineManager (SCMPipelineManager.java:finalizeAndDestroyPipeline(482)) - Destroying pipeline:Pipeline[ Id: 47ec387c-32a6-4581-a9f6-9a41716fb576, Nodes: 711a5d62-dee4-49d0-b2b9-1fce1aa24acb{ip: 172.17.0.2, host: 3099d1499688, networkLocation: /default-rack, certSerialId: null, persistedOpState: IN_SERVICE, persistedOpStateExpiryEpochSec: 0}acc45ab6-017e-46ef-a2cf-eb53f92e8ea7{ip: 172.17.0.2, host: 3099d1499688, networkLocation: /default-rack, certSerialId: null, persistedOpState: IN_SERVICE, persistedOpStateExpiryEpochSec: 0}9465357b-4c2a-4b31-9d0e-a8957ee25dd0{ip: 172.17.0.2, host: 3099d1499688, networkLocation: /default-rack, certSerialId: null, persistedOpState: IN_SERVICE, persistedOpStateExpiryEpochSec: 0}, Type:RATIS, Factor:THREE, State:OPEN, leaderId:711a5d62-dee4-49d0-b2b9-1fce1aa24acb, CreationTimestamp2020-12-29T02:32:34.926Z]
2020-12-29 02:32:53,124 [EventQueue-StartAdminOnNodeForStartDatanodeAdminHandler] INFO  pipeline.PipelineStateManager (PipelineStateManager.java:finalizePipeline(121)) - Pipeline Pipeline[ Id: 47ec387c-32a6-4581-a9f6-9a41716fb576, Nodes: 711a5d62-dee4-49d0-b2b9-1fce1aa24acb{ip: 172.17.0.2, host: 3099d1499688, networkLocation: /default-rack, certSerialId: null, persistedOpState: IN_SERVICE, persistedOpStateExpiryEpochSec: 0}acc45ab6-017e-46ef-a2cf-eb53f92e8ea7{ip: 172.17.0.2, host: 3099d1499688, networkLocation: /default-rack, certSerialId: null, persistedOpState: IN_SERVICE, persistedOpStateExpiryEpochSec: 0}9465357b-4c2a-4b31-9d0e-a8957ee25dd0{ip: 172.17.0.2, host: 3099d1499688, networkLocation: /default-rack, certSerialId: null, persistedOpState: IN_SERVICE, persistedOpStateExpiryEpochSec: 0}, Type:RATIS, Factor:THREE, State:CLOSED, leaderId:711a5d62-dee4-49d0-b2b9-1fce1aa24acb, CreationTimestamp2020-12-29T02:32:34.926Z] moved to CLOSED state
2020-12-29 02:32:53,124 [DatanodeAdminManager-0] INFO  node.DatanodeAdminMonitorImpl (DatanodeAdminMonitorImpl.java:checkPipelinesClosedOnNode(267)) - Waiting for pipelines to close for 9465357b-4c2a-4b31-9d0e-a8957ee25dd0{ip: 172.17.0.2, host: 3099d1499688, networkLocation: /default-rack, certSerialId: null, persistedOpState: IN_SERVICE, persistedOpStateExpiryEpochSec: 0}. There are 2 pipelines
2020-12-29 02:32:53,126 [DatanodeAdminManager-0] INFO  node.DatanodeAdminMonitorImpl (DatanodeAdminMonitorImpl.java:run(136)) - There are 3 nodes tracked for decommission and maintenance. 0 pending nodes.
2020-12-29 02:32:53,126 [EventQueue-StartAdminOnNodeForStartDatanodeAdminHandler] INFO  pipeline.RatisPipelineProvider (RatisPipelineProvider.java:lambda$close$1(199)) - Send pipeline:PipelineID=47ec387c-32a6-4581-a9f6-9a41716fb576 close command to datanode 711a5d62-dee4-49d0-b2b9-1fce1aa24acb
2020-12-29 02:32:53,127 [EventQueue-StartAdminOnNodeForStartDatanodeAdminHandler] INFO  pipeline.RatisPipelineProvider (RatisPipelineProvider.java:lambda$close$1(199)) - Send pipeline:PipelineID=47ec387c-32a6-4581-a9f6-9a41716fb576 close command to datanode acc45ab6-017e-46ef-a2cf-eb53f92e8ea7
2020-12-29 02:32:53,127 [EventQueue-StartAdminOnNodeForStartDatanodeAdminHandler] INFO  pipeline.RatisPipelineProvider (RatisPipelineProvider.java:lambda$close$1(199)) - Send pipeline:PipelineID=47ec387c-32a6-4581-a9f6-9a41716fb576 close command to datanode 9465357b-4c2a-4b31-9d0e-a8957ee25dd0
2020-12-29 02:32:53,127 [EventQueue-CloseContainerForCloseContainerEventHandler] INFO  container.CloseContainerEventHandler (CloseContainerEventHandler.java:onMessage(61)) - Close container Event triggered for container : #1
2020-12-29 02:32:53,127 [EventQueue-StartAdminOnNodeForStartDatanodeAdminHandler] INFO  pipeline.PipelineStateManager (PipelineStateManager.java:removePipeline(106)) - Pipeline Pipeline[ Id: 47ec387c-32a6-4581-a9f6-9a41716fb576, Nodes: 711a5d62-dee4-49d0-b2b9-1fce1aa24acb{ip: 172.17.0.2, host: 3099d1499688, networkLocation: /default-rack, certSerialId: null, persistedOpState: IN_SERVICE, persistedOpStateExpiryEpochSec: 0}acc45ab6-017e-46ef-a2cf-eb53f92e8ea7{ip: 172.17.0.2, host: 3099d1499688, networkLocation: /default-rack, certSerialId: null, persistedOpState: IN_SERVICE, persistedOpStateExpiryEpochSec: 0}9465357b-4c2a-4b31-9d0e-a8957ee25dd0{ip: 172.17.0.2, host: 3099d1499688, networkLocation: /default-rack, certSerialId: null, persistedOpState: IN_SERVICE, persistedOpStateExpiryEpochSec: 0}, Type:RATIS, Factor:THREE, State:CLOSED, leaderId:711a5d62-dee4-49d0-b2b9-1fce1aa24acb, CreationTimestamp2020-12-29T02:32:34.926Z] removed from db
2020-12-29 02:32:53,128 [EventQueue-StartAdminOnNodeForStartDatanodeAdminHandler] INFO  pipeline.SCMPipelineManager (SCMPipelineManager.java:finalizeAndDestroyPipeline(482)) - Destroying pipeline:Pipeline[ Id: 022782b4-27d9-49a2-a5ae-60098f217e50, Nodes: 711a5d62-dee4-49d0-b2b9-1fce1aa24acb{ip: 172.17.0.2, host: 3099d1499688, networkLocation: /default-rack, certSerialId: null, persistedOpState: IN_SERVICE, persistedOpStateExpiryEpochSec: 0}, Type:RATIS, Factor:ONE, State:OPEN, leaderId:711a5d62-dee4-49d0-b2b9-1fce1aa24acb, CreationTimestamp2020-12-29T02:32:34.537Z]
2020-12-29 02:32:53,129 [EventQueue-StartAdminOnNodeForStartDatanodeAdminHandler] INFO  pipeline.PipelineStateManager (PipelineStateManager.java:finalizePipeline(121)) - Pipeline Pipeline[ Id: 022782b4-27d9-49a2-a5ae-60098f217e50, Nodes: 711a5d62-dee4-49d0-b2b9-1fce1aa24acb{ip: 172.17.0.2, host: 3099d1499688, networkLocation: /default-rack, certSerialId: null, persistedOpState: IN_SERVICE, persistedOpStateExpiryEpochSec: 0}, Type:RATIS, Factor:ONE, State:CLOSED, leaderId:711a5d62-dee4-49d0-b2b9-1fce1aa24acb, CreationTimestamp2020-12-29T02:32:34.537Z] moved to CLOSED state
2020-12-29 02:32:53,129 [EventQueue-StartAdminOnNodeForStartDatanodeAdminHandler] INFO  pipeline.RatisPipelineProvider (RatisPipelineProvider.java:lambda$close$1(199)) - Send pipeline:PipelineID=022782b4-27d9-49a2-a5ae-60098f217e50 close command to datanode 711a5d62-dee4-49d0-b2b9-1fce1aa24acb
2020-12-29 02:32:53,129 [EventQueue-StartAdminOnNodeForStartDatanodeAdminHandler] INFO  pipeline.PipelineStateManager (PipelineStateManager.java:removePipeline(106)) - Pipeline Pipeline[ Id: 022782b4-27d9-49a2-a5ae-60098f217e50, Nodes: 711a5d62-dee4-49d0-b2b9-1fce1aa24acb{ip: 172.17.0.2, host: 3099d1499688, networkLocation: /default-rack, certSerialId: null, persistedOpState: IN_SERVICE, persistedOpStateExpiryEpochSec: 0}, Type:RATIS, Factor:ONE, State:CLOSED, leaderId:711a5d62-dee4-49d0-b2b9-1fce1aa24acb, CreationTimestamp2020-12-29T02:32:34.537Z] removed from db
2020-12-29 02:32:53,129 [EventQueue-StartAdminOnNodeForStartDatanodeAdminHandler] INFO  node.StartDatanodeAdminHandler (StartDatanodeAdminHandler.java:onMessage(56)) - Admin start on datanode acc45ab6-017e-46ef-a2cf-eb53f92e8ea7{ip: 172.17.0.2, host: 3099d1499688, networkLocation: /default-rack, certSerialId: null, persistedOpState: IN_SERVICE, persistedOpStateExpiryEpochSec: 0}. Finalizing its pipelines [PipelineID=dc72fea7-13da-4210-9746-7f8c1eef2b2c]
2020-12-29 02:32:53,129 [EventQueue-StartAdminOnNodeForStartDatanodeAdminHandler] INFO  pipeline.SCMPipelineManager (SCMPipelineManager.java:finalizeAndDestroyPipeline(482)) - Destroying pipeline:Pipeline[ Id: dc72fea7-13da-4210-9746-7f8c1eef2b2c, Nodes: acc45ab6-017e-46ef-a2cf-eb53f92e8ea7{ip: 172.17.0.2, host: 3099d1499688, networkLocation: /default-rack, certSerialId: null, persistedOpState: IN_SERVICE, persistedOpStateExpiryEpochSec: 0}, Type:RATIS, Factor:ONE, State:OPEN, leaderId:acc45ab6-017e-46ef-a2cf-eb53f92e8ea7, CreationTimestamp2020-12-29T02:32:34.731Z]
2020-12-29 02:32:53,129 [EventQueue-StartAdminOnNodeForStartDatanodeAdminHandler] INFO  pipeline.PipelineStateManager (PipelineStateManager.java:finalizePipeline(121)) - Pipeline Pipeline[ Id: dc72fea7-13da-4210-9746-7f8c1eef2b2c, Nodes: acc45ab6-017e-46ef-a2cf-eb53f92e8ea7{ip: 172.17.0.2, host: 3099d1499688, networkLocation: /default-rack, certSerialId: null, persistedOpState: IN_SERVICE, persistedOpStateExpiryEpochSec: 0}, Type:RATIS, Factor:ONE, State:CLOSED, leaderId:acc45ab6-017e-46ef-a2cf-eb53f92e8ea7, CreationTimestamp2020-12-29T02:32:34.731Z] moved to CLOSED state
2020-12-29 02:32:53,129 [EventQueue-StartAdminOnNodeForStartDatanodeAdminHandler] INFO  pipeline.RatisPipelineProvider (RatisPipelineProvider.java:lambda$close$1(199)) - Send pipeline:PipelineID=dc72fea7-13da-4210-9746-7f8c1eef2b2c close command to datanode acc45ab6-017e-46ef-a2cf-eb53f92e8ea7
2020-12-29 02:32:53,129 [EventQueue-StartAdminOnNodeForStartDatanodeAdminHandler] INFO  pipeline.PipelineStateManager (PipelineStateManager.java:removePipeline(106)) - Pipeline Pipeline[ Id: dc72fea7-13da-4210-9746-7f8c1eef2b2c, Nodes: acc45ab6-017e-46ef-a2cf-eb53f92e8ea7{ip: 172.17.0.2, host: 3099d1499688, networkLocation: /default-rack, certSerialId: null, persistedOpState: IN_SERVICE, persistedOpStateExpiryEpochSec: 0}, Type:RATIS, Factor:ONE, State:CLOSED, leaderId:acc45ab6-017e-46ef-a2cf-eb53f92e8ea7, CreationTimestamp2020-12-29T02:32:34.731Z] removed from db
2020-12-29 02:32:53,129 [EventQueue-StartAdminOnNodeForStartDatanodeAdminHandler] INFO  node.StartDatanodeAdminHandler (StartDatanodeAdminHandler.java:onMessage(56)) - Admin start on datanode 9465357b-4c2a-4b31-9d0e-a8957ee25dd0{ip: 172.17.0.2, host: 3099d1499688, networkLocation: /default-rack, certSerialId: null, persistedOpState: IN_SERVICE, persistedOpStateExpiryEpochSec: 0}. Finalizing its pipelines [PipelineID=97180043-18a6-4989-8bda-edf47cb057c1]
2020-12-29 02:32:53,129 [EventQueue-StartAdminOnNodeForStartDatanodeAdminHandler] INFO  pipeline.SCMPipelineManager (SCMPipelineManager.java:finalizeAndDestroyPipeline(482)) - Destroying pipeline:Pipeline[ Id: 97180043-18a6-4989-8bda-edf47cb057c1, Nodes: 9465357b-4c2a-4b31-9d0e-a8957ee25dd0{ip: 172.17.0.2, host: 3099d1499688, networkLocation: /default-rack, certSerialId: null, persistedOpState: IN_SERVICE, persistedOpStateExpiryEpochSec: 0}, Type:RATIS, Factor:ONE, State:OPEN, leaderId:9465357b-4c2a-4b31-9d0e-a8957ee25dd0, CreationTimestamp2020-12-29T02:32:34.925Z]
2020-12-29 02:32:53,130 [EventQueue-StartAdminOnNodeForStartDatanodeAdminHandler] INFO  pipeline.PipelineStateManager (PipelineStateManager.java:finalizePipeline(121)) - Pipeline Pipeline[ Id: 97180043-18a6-4989-8bda-edf47cb057c1, Nodes: 9465357b-4c2a-4b31-9d0e-a8957ee25dd0{ip: 172.17.0.2, host: 3099d1499688, networkLocation: /default-rack, certSerialId: null, persistedOpState: IN_SERVICE, persistedOpStateExpiryEpochSec: 0}, Type:RATIS, Factor:ONE, State:CLOSED, leaderId:9465357b-4c2a-4b31-9d0e-a8957ee25dd0, CreationTimestamp2020-12-29T02:32:34.925Z] moved to CLOSED state
2020-12-29 02:32:53,130 [EventQueue-StartAdminOnNodeForStartDatanodeAdminHandler] INFO  pipeline.RatisPipelineProvider (RatisPipelineProvider.java:lambda$close$1(199)) - Send pipeline:PipelineID=97180043-18a6-4989-8bda-edf47cb057c1 close command to datanode 9465357b-4c2a-4b31-9d0e-a8957ee25dd0
2020-12-29 02:32:53,130 [EventQueue-StartAdminOnNodeForStartDatanodeAdminHandler] INFO  pipeline.PipelineStateManager (PipelineStateManager.java:removePipeline(106)) - Pipeline Pipeline[ Id: 97180043-18a6-4989-8bda-edf47cb057c1, Nodes: 9465357b-4c2a-4b31-9d0e-a8957ee25dd0{ip: 172.17.0.2, host: 3099d1499688, networkLocation: /default-rack, certSerialId: null, persistedOpState: IN_SERVICE, persistedOpStateExpiryEpochSec: 0}, Type:RATIS, Factor:ONE, State:CLOSED, leaderId:9465357b-4c2a-4b31-9d0e-a8957ee25dd0, CreationTimestamp2020-12-29T02:32:34.925Z] removed from db
2020-12-29 02:32:53,130 [EventQueue-CloseContainerForCloseContainerEventHandler] WARN  container.SCMContainerManager (SCMContainerManager.java:updateContainerState(367)) - Unable to remove container #1 from pipeline PipelineID=47ec387c-32a6-4581-a9f6-9a41716fb576  as the pipeline no longer exists
2020-12-29 02:32:53,131 [EventQueue-CloseContainerForCloseContainerEventHandler] INFO  container.CloseContainerEventHandler (CloseContainerEventHandler.java:onMessage(61)) - Close container Event triggered for container : #2
2020-12-29 02:32:53,131 [EventQueue-CloseContainerForCloseContainerEventHandler] WARN  container.SCMContainerManager (SCMContainerManager.java:updateContainerState(367)) - Unable to remove container #2 from pipeline PipelineID=47ec387c-32a6-4581-a9f6-9a41716fb576  as the pipeline no longer exists
2020-12-29 02:32:53,692 [IPC Server handler 12 on default port 45887] INFO  node.SCMNodeManager (SCMNodeManager.java:updateDatanodeOpState(419)) - Scheduling a command to update the operationalState persisted on the datanode as the reported value (IN_SERVICE, 0) does not match the value stored in SCM (ENTERING_MAINTENANCE, 0)
2020-12-29 02:32:53,700 [IPC Server handler 16 on default port 45887] INFO  node.SCMNodeManager (SCMNodeManager.java:updateDatanodeOpState(419)) - Scheduling a command to update the operationalState persisted on the datanode as the reported value (IN_SERVICE, 0) does not match the value stored in SCM (ENTERING_MAINTENANCE, 0)
2020-12-29 02:32:53,704 [IPC Server handler 15 on default port 45887] INFO  node.SCMNodeManager (SCMNodeManager.java:updateDatanodeOpState(419)) - Scheduling a command to update the operationalState persisted on the datanode as the reported value (IN_SERVICE, 0) does not match the value stored in SCM (ENTERING_MAINTENANCE, 0)
2020-12-29 02:32:53,968 [ReplicationMonitor] INFO  container.ReplicationManager (ReplicationManager.java:sendCloseCommand(948)) - Sending close container command for container #1 to datanode 711a5d62-dee4-49d0-b2b9-1fce1aa24acb{ip: 172.17.0.2, host: 3099d1499688, networkLocation: /default-rack, certSerialId: null, persistedOpState: IN_SERVICE, persistedOpStateExpiryEpochSec: 0}.
2020-12-29 02:32:53,968 [ReplicationMonitor] INFO  container.ReplicationManager (ReplicationManager.java:sendCloseCommand(948)) - Sending close container command for container #1 to datanode acc45ab6-017e-46ef-a2cf-eb53f92e8ea7{ip: 172.17.0.2, host: 3099d1499688, networkLocation: /default-rack, certSerialId: null, persistedOpState: IN_SERVICE, persistedOpStateExpiryEpochSec: 0}.
2020-12-29 02:32:53,968 [ReplicationMonitor] INFO  container.ReplicationManager (ReplicationManager.java:sendCloseCommand(948)) - Sending close container command for container #1 to datanode 9465357b-4c2a-4b31-9d0e-a8957ee25dd0{ip: 172.17.0.2, host: 3099d1499688, networkLocation: /default-rack, certSerialId: null, persistedOpState: IN_SERVICE, persistedOpStateExpiryEpochSec: 0}.
2020-12-29 02:32:53,968 [ReplicationMonitor] INFO  container.ReplicationManager (ReplicationManager.java:sendCloseCommand(948)) - Sending close container command for container #2 to datanode acc45ab6-017e-46ef-a2cf-eb53f92e8ea7{ip: 172.17.0.2, host: 3099d1499688, networkLocation: /default-rack, certSerialId: null, persistedOpState: IN_SERVICE, persistedOpStateExpiryEpochSec: 0}.
2020-12-29 02:32:53,968 [ReplicationMonitor] INFO  container.ReplicationManager (ReplicationManager.java:sendCloseCommand(948)) - Sending close container command for container #2 to datanode 711a5d62-dee4-49d0-b2b9-1fce1aa24acb{ip: 172.17.0.2, host: 3099d1499688, networkLocation: /default-rack, certSerialId: null, persistedOpState: IN_SERVICE, persistedOpStateExpiryEpochSec: 0}.
2020-12-29 02:32:53,968 [ReplicationMonitor] INFO  container.ReplicationManager (ReplicationManager.java:sendCloseCommand(948)) - Sending close container command for container #2 to datanode 9465357b-4c2a-4b31-9d0e-a8957ee25dd0{ip: 172.17.0.2, host: 3099d1499688, networkLocation: /default-rack, certSerialId: null, persistedOpState: IN_SERVICE, persistedOpStateExpiryEpochSec: 0}.
2020-12-29 02:32:53,968 [ReplicationMonitor] INFO  container.ReplicationManager (ReplicationManager.java:run(250)) - Replication Monitor Thread took 1 milliseconds for processing 4 containers.
2020-12-29 02:32:54,123 [DatanodeAdminManager-0] INFO  node.DatanodeAdminMonitorImpl (DatanodeAdminMonitorImpl.java:run(136)) - There are 3 nodes tracked for decommission and maintenance. 0 pending nodes.
2020-12-29 02:32:54,694 [Command processor thread] INFO  server.RaftServer (RaftServerProxy.java:remove(104)) - acc45ab6-017e-46ef-a2cf-eb53f92e8ea7: remove  FOLLOWER acc45ab6-017e-46ef-a2cf-eb53f92e8ea7@group-9A41716FB576:t1, leader=711a5d62-dee4-49d0-b2b9-1fce1aa24acb, voted=acc45ab6-017e-46ef-a2cf-eb53f92e8ea7, raftlog=acc45ab6-017e-46ef-a2cf-eb53f92e8ea7@group-9A41716FB576-SegmentedRaftLog:OPENED:c42,f42,i42, conf=0: [711a5d62-dee4-49d0-b2b9-1fce1aa24acb|rpc:172.17.0.2:41697|dataStream:, acc45ab6-017e-46ef-a2cf-eb53f92e8ea7|rpc:172.17.0.2:40641|dataStream:, 9465357b-4c2a-4b31-9d0e-a8957ee25dd0|rpc:172.17.0.2:44375|dataStream:], old=null RUNNING
2020-12-29 02:32:54,694 [Command processor thread] INFO  server.RaftServer$Division (RaftServerImpl.java:lambda$close$4(397)) - acc45ab6-017e-46ef-a2cf-eb53f92e8ea7@group-9A41716FB576: shutdown
2020-12-29 02:32:54,694 [Command processor thread] INFO  util.JmxRegister (JmxRegister.java:unregister(73)) - Successfully un-registered JMX Bean with object name Ratis:service=RaftServer,group=group-9A41716FB576,id=acc45ab6-017e-46ef-a2cf-eb53f92e8ea7
2020-12-29 02:32:54,694 [Command processor thread] INFO  impl.RoleInfo (RoleInfo.java:shutdownFollowerState(108)) - acc45ab6-017e-46ef-a2cf-eb53f92e8ea7: shutdown acc45ab6-017e-46ef-a2cf-eb53f92e8ea7@group-9A41716FB576-FollowerState
2020-12-29 02:32:54,695 [Command processor thread] INFO  impl.StateMachineUpdater (StateMachineUpdater.java:stopAndJoin(148)) - acc45ab6-017e-46ef-a2cf-eb53f92e8ea7@group-9A41716FB576-StateMachineUpdater: set stopIndex = 42
2020-12-29 02:32:54,697 [acc45ab6-017e-46ef-a2cf-eb53f92e8ea7@group-9A41716FB576-StateMachineUpdater] INFO  ratis.ContainerStateMachine (ContainerStateMachine.java:takeSnapshot(291)) - group-9A41716FB576: Taking a snapshot at:(t:1, i:42) file /github/workspace/mnt/ozone/hadoop-ozone/integration-test/target/test-dir/MiniOzoneClusterImpl-e6490a55-0da7-46e5-97f4-9b4e66d62915/datanode-1/data/ratis/47ec387c-32a6-4581-a9f6-9a41716fb576/sm/snapshot.1_42
2020-12-29 02:32:54,697 [Thread-855] INFO  impl.FollowerState (FollowerState.java:run(142)) - acc45ab6-017e-46ef-a2cf-eb53f92e8ea7@group-9A41716FB576-FollowerState was interrupted: {}
java.lang.InterruptedException: sleep interrupted
	at java.lang.Thread.sleep(Native Method)
	at java.lang.Thread.sleep(Thread.java:340)
	at java.util.concurrent.TimeUnit.sleep(TimeUnit.java:386)
	at org.apache.ratis.util.TimeDuration.sleep(TimeDuration.java:319)
	at org.apache.ratis.util.TimeDuration.sleep(TimeDuration.java:304)
	at org.apache.ratis.server.impl.FollowerState.run(FollowerState.java:117)
2020-12-29 02:32:54,701 [Command processor thread] INFO  server.RaftServer (RaftServerProxy.java:remove(104)) - 711a5d62-dee4-49d0-b2b9-1fce1aa24acb: remove    LEADER 711a5d62-dee4-49d0-b2b9-1fce1aa24acb@group-9A41716FB576:t1, leader=711a5d62-dee4-49d0-b2b9-1fce1aa24acb, voted=711a5d62-dee4-49d0-b2b9-1fce1aa24acb, raftlog=711a5d62-dee4-49d0-b2b9-1fce1aa24acb@group-9A41716FB576-SegmentedRaftLog:OPENED:c42,f42,i42, conf=0: [711a5d62-dee4-49d0-b2b9-1fce1aa24acb|rpc:172.17.0.2:41697|dataStream:, acc45ab6-017e-46ef-a2cf-eb53f92e8ea7|rpc:172.17.0.2:40641|dataStream:, 9465357b-4c2a-4b31-9d0e-a8957ee25dd0|rpc:172.17.0.2:44375|dataStream:], old=null RUNNING
2020-12-29 02:32:54,702 [acc45ab6-017e-46ef-a2cf-eb53f92e8ea7@group-9A41716FB576-StateMachineUpdater] INFO  ratis.ContainerStateMachine (ContainerStateMachine.java:takeSnapshot(302)) - group-9A41716FB576: Finished taking a snapshot at:(t:1, i:42) file:/github/workspace/mnt/ozone/hadoop-ozone/integration-test/target/test-dir/MiniOzoneClusterImpl-e6490a55-0da7-46e5-97f4-9b4e66d62915/datanode-1/data/ratis/47ec387c-32a6-4581-a9f6-9a41716fb576/sm/snapshot.1_42 time:5
2020-12-29 02:32:54,705 [Command processor thread] INFO  server.RaftServer$Division (RaftServerImpl.java:lambda$close$4(397)) - 711a5d62-dee4-49d0-b2b9-1fce1aa24acb@group-9A41716FB576: shutdown
2020-12-29 02:32:54,705 [Command processor thread] INFO  util.JmxRegister (JmxRegister.java:unregister(73)) - Successfully un-registered JMX Bean with object name Ratis:service=RaftServer,group=group-9A41716FB576,id=711a5d62-dee4-49d0-b2b9-1fce1aa24acb
2020-12-29 02:32:54,705 [Command processor thread] INFO  impl.RoleInfo (RoleInfo.java:shutdownLeaderState(91)) - 711a5d62-dee4-49d0-b2b9-1fce1aa24acb: shutdown 711a5d62-dee4-49d0-b2b9-1fce1aa24acb@group-9A41716FB576-LeaderStateImpl
2020-12-29 02:32:54,705 [Command processor thread] INFO  metrics.RatisMetrics (RatisMetrics.java:unregister(43)) - Unregistering Metrics Registry : ratis_grpc.log_appender.711a5d62-dee4-49d0-b2b9-1fce1aa24acb@group-9A41716FB576
2020-12-29 02:32:54,705 [acc45ab6-017e-46ef-a2cf-eb53f92e8ea7@group-9A41716FB576-StateMachineUpdater] INFO  impl.StateMachineUpdater (StateMachineUpdater.java:takeSnapshot(279)) - acc45ab6-017e-46ef-a2cf-eb53f92e8ea7@group-9A41716FB576-StateMachineUpdater: Took a snapshot at index 42
2020-12-29 02:32:54,705 [Command processor thread] INFO  metrics.RatisMetrics (RatisMetrics.java:unregister(43)) - Unregistering Metrics Registry : ratis_grpc.log_appender.711a5d62-dee4-49d0-b2b9-1fce1aa24acb@group-9A41716FB576
2020-12-29 02:32:54,705 [acc45ab6-017e-46ef-a2cf-eb53f92e8ea7@group-9A41716FB576-StateMachineUpdater] INFO  impl.StateMachineUpdater (StateMachineUpdater.java:lambda$new$0(88)) - acc45ab6-017e-46ef-a2cf-eb53f92e8ea7@group-9A41716FB576-StateMachineUpdater: snapshotIndex: updateIncreasingly -1 -> 42
2020-12-29 02:32:54,706 [711a5d62-dee4-49d0-b2b9-1fce1aa24acb@group-9A41716FB576->9465357b-4c2a-4b31-9d0e-a8957ee25dd0-GrpcLogAppender-LogAppenderDaemon] WARN  server.GrpcLogAppender (GrpcLogAppender.java:mayWait(174)) - 711a5d62-dee4-49d0-b2b9-1fce1aa24acb@group-9A41716FB576->9465357b-4c2a-4b31-9d0e-a8957ee25dd0-GrpcLogAppender: Wait interrupted by java.lang.InterruptedException
2020-12-29 02:32:54,706 [acc45ab6-017e-46ef-a2cf-eb53f92e8ea7@group-9A41716FB576-StateMachineUpdater] INFO  metrics.RatisMetrics (RatisMetrics.java:unregister(43)) - Unregistering Metrics Registry : ratis.state_machine.acc45ab6-017e-46ef-a2cf-eb53f92e8ea7@group-9A41716FB576
2020-12-29 02:32:54,706 [711a5d62-dee4-49d0-b2b9-1fce1aa24acb@group-9A41716FB576->acc45ab6-017e-46ef-a2cf-eb53f92e8ea7-GrpcLogAppender-LogAppenderDaemon] WARN  server.GrpcLogAppender (GrpcLogAppender.java:mayWait(174)) - 711a5d62-dee4-49d0-b2b9-1fce1aa24acb@group-9A41716FB576->acc45ab6-017e-46ef-a2cf-eb53f92e8ea7-GrpcLogAppender: Wait interrupted by java.lang.InterruptedException
2020-12-29 02:32:54,706 [Command processor thread] INFO  server.RaftServer$Division (ServerState.java:close(406)) - acc45ab6-017e-46ef-a2cf-eb53f92e8ea7@group-9A41716FB576: closes. applyIndex: 42
2020-12-29 02:32:54,706 [acc45ab6-017e-46ef-a2cf-eb53f92e8ea7@group-9A41716FB576-SegmentedRaftLogWorker] INFO  segmented.SegmentedRaftLogWorker (SegmentedRaftLogWorker.java:run(326)) - acc45ab6-017e-46ef-a2cf-eb53f92e8ea7@group-9A41716FB576-SegmentedRaftLogWorker was interrupted, exiting. There are 0 tasks remaining in the queue.
2020-12-29 02:32:54,706 [grpc-default-executor-2] INFO  server.GrpcServerProtocolService (GrpcServerProtocolService.java:onCompleted(138)) - acc45ab6-017e-46ef-a2cf-eb53f92e8ea7: Completed APPEND_ENTRIES, lastRequest: 711a5d62-dee4-49d0-b2b9-1fce1aa24acb->acc45ab6-017e-46ef-a2cf-eb53f92e8ea7#645-t1,previous=(t:1, i:41),leaderCommit=40,initializing? true,entries: size=1, first=(t:1, i:42), METADATAENTRY(c:40)
2020-12-29 02:32:54,707 [grpc-default-executor-0] INFO  server.GrpcServerProtocolService (GrpcServerProtocolService.java:onCompleted(138)) - 9465357b-4c2a-4b31-9d0e-a8957ee25dd0: Completed APPEND_ENTRIES, lastRequest: 711a5d62-dee4-49d0-b2b9-1fce1aa24acb->9465357b-4c2a-4b31-9d0e-a8957ee25dd0#636-t1,previous=(t:1, i:41),leaderCommit=40,initializing? true,entries: size=1, first=(t:1, i:42), METADATAENTRY(c:40)
2020-12-29 02:32:54,707 [Command processor thread] INFO  segmented.SegmentedRaftLogWorker (SegmentedRaftLogWorker.java:close(236)) - acc45ab6-017e-46ef-a2cf-eb53f92e8ea7@group-9A41716FB576-SegmentedRaftLogWorker close()
2020-12-29 02:32:54,706 [Command processor thread] INFO  impl.PendingRequests (PendingRequests.java:sendNotLeaderResponses(249)) - 711a5d62-dee4-49d0-b2b9-1fce1aa24acb@group-9A41716FB576-PendingRequests: sendNotLeaderResponses
2020-12-29 02:32:54,708 [Command processor thread] INFO  metrics.RatisMetrics (RatisMetrics.java:unregister(43)) - Unregistering Metrics Registry : ratis.log_worker.acc45ab6-017e-46ef-a2cf-eb53f92e8ea7@group-9A41716FB576
2020-12-29 02:32:54,708 [Command processor thread] INFO  metrics.RatisMetrics (RatisMetrics.java:unregister(43)) - Unregistering Metrics Registry : ratis.leader_election.acc45ab6-017e-46ef-a2cf-eb53f92e8ea7@group-9A41716FB576
2020-12-29 02:32:54,708 [grpc-default-executor-0] INFO  server.GrpcLogAppender (GrpcLogAppender.java:onCompleted(343)) - 711a5d62-dee4-49d0-b2b9-1fce1aa24acb@group-9A41716FB576->9465357b-4c2a-4b31-9d0e-a8957ee25dd0-AppendLogResponseHandler: follower responses appendEntries COMPLETED
2020-12-29 02:32:54,709 [grpc-default-executor-0] INFO  leader.FollowerInfo (FollowerInfoImpl.java:lambda$new$0(46)) - 711a5d62-dee4-49d0-b2b9-1fce1aa24acb@group-9A41716FB576->9465357b-4c2a-4b31-9d0e-a8957ee25dd0: nextIndex: updateUnconditionally 43 -> 42
2020-12-29 02:32:54,709 [Command processor thread] INFO  metrics.RatisMetrics (RatisMetrics.java:unregister(43)) - Unregistering Metrics Registry : ratis.log_appender.711a5d62-dee4-49d0-b2b9-1fce1aa24acb@group-9A41716FB576
2020-12-29 02:32:54,710 [Command processor thread] INFO  metrics.RatisMetrics (RatisMetrics.java:unregister(43)) - Unregistering Metrics Registry : ratis.server.711a5d62-dee4-49d0-b2b9-1fce1aa24acb@group-9A41716FB576
2020-12-29 02:32:54,710 [Command processor thread] INFO  impl.StateMachineUpdater (StateMachineUpdater.java:stopAndJoin(148)) - 711a5d62-dee4-49d0-b2b9-1fce1aa24acb@group-9A41716FB576-StateMachineUpdater: set stopIndex = 42
2020-12-29 02:32:54,710 [711a5d62-dee4-49d0-b2b9-1fce1aa24acb@group-9A41716FB576-StateMachineUpdater] INFO  ratis.ContainerStateMachine (ContainerStateMachine.java:takeSnapshot(291)) - group-9A41716FB576: Taking a snapshot at:(t:1, i:42) file /github/workspace/mnt/ozone/hadoop-ozone/integration-test/target/test-dir/MiniOzoneClusterImpl-e6490a55-0da7-46e5-97f4-9b4e66d62915/datanode-0/data/ratis/47ec387c-32a6-4581-a9f6-9a41716fb576/sm/snapshot.1_42
2020-12-29 02:32:54,708 [Command processor thread] INFO  metrics.RatisMetrics (RatisMetrics.java:unregister(43)) - Unregistering Metrics Registry : ratis.server.acc45ab6-017e-46ef-a2cf-eb53f92e8ea7@group-9A41716FB576
2020-12-29 02:32:54,709 [grpc-default-executor-1] INFO  server.GrpcLogAppender (GrpcLogAppender.java:onCompleted(343)) - 711a5d62-dee4-49d0-b2b9-1fce1aa24acb@group-9A41716FB576->acc45ab6-017e-46ef-a2cf-eb53f92e8ea7-AppendLogResponseHandler: follower responses appendEntries COMPLETED
2020-12-29 02:32:54,711 [grpc-default-executor-1] INFO  leader.FollowerInfo (FollowerInfoImpl.java:lambda$new$0(46)) - 711a5d62-dee4-49d0-b2b9-1fce1aa24acb@group-9A41716FB576->acc45ab6-017e-46ef-a2cf-eb53f92e8ea7: nextIndex: updateUnconditionally 43 -> 42
2020-12-29 02:32:54,711 [711a5d62-dee4-49d0-b2b9-1fce1aa24acb@group-9A41716FB576-StateMachineUpdater] INFO  ratis.ContainerStateMachine (ContainerStateMachine.java:takeSnapshot(302)) - group-9A41716FB576: Finished taking a snapshot at:(t:1, i:42) file:/github/workspace/mnt/ozone/hadoop-ozone/integration-test/target/test-dir/MiniOzoneClusterImpl-e6490a55-0da7-46e5-97f4-9b4e66d62915/datanode-0/data/ratis/47ec387c-32a6-4581-a9f6-9a41716fb576/sm/snapshot.1_42 time:1
2020-12-29 02:32:54,711 [711a5d62-dee4-49d0-b2b9-1fce1aa24acb@group-9A41716FB576-StateMachineUpdater] INFO  impl.StateMachineUpdater (StateMachineUpdater.java:takeSnapshot(279)) - 711a5d62-dee4-49d0-b2b9-1fce1aa24acb@group-9A41716FB576-StateMachineUpdater: Took a snapshot at index 42
2020-12-29 02:32:54,711 [711a5d62-dee4-49d0-b2b9-1fce1aa24acb@group-9A41716FB576-StateMachineUpdater] INFO  impl.StateMachineUpdater (StateMachineUpdater.java:lambda$new$0(88)) - 711a5d62-dee4-49d0-b2b9-1fce1aa24acb@group-9A41716FB576-StateMachineUpdater: snapshotIndex: updateIncreasingly -1 -> 42
2020-12-29 02:32:54,712 [711a5d62-dee4-49d0-b2b9-1fce1aa24acb@group-9A41716FB576-StateMachineUpdater] INFO  metrics.RatisMetrics (RatisMetrics.java:unregister(43)) - Unregistering Metrics Registry : ratis.state_machine.711a5d62-dee4-49d0-b2b9-1fce1aa24acb@group-9A41716FB576
2020-12-29 02:32:54,712 [Command processor thread] INFO  server.RaftServer$Division (ServerState.java:close(406)) - 711a5d62-dee4-49d0-b2b9-1fce1aa24acb@group-9A41716FB576: closes. applyIndex: 42
2020-12-29 02:32:54,713 [711a5d62-dee4-49d0-b2b9-1fce1aa24acb@group-9A41716FB576-SegmentedRaftLogWorker] INFO  segmented.SegmentedRaftLogWorker (SegmentedRaftLogWorker.java:run(326)) - 711a5d62-dee4-49d0-b2b9-1fce1aa24acb@group-9A41716FB576-SegmentedRaftLogWorker was interrupted, exiting. There are 0 tasks remaining in the queue.
2020-12-29 02:32:54,713 [Command processor thread] INFO  segmented.SegmentedRaftLogWorker (SegmentedRaftLogWorker.java:close(236)) - 711a5d62-dee4-49d0-b2b9-1fce1aa24acb@group-9A41716FB576-SegmentedRaftLogWorker close()
2020-12-29 02:32:54,713 [Command processor thread] INFO  metrics.RatisMetrics (RatisMetrics.java:unregister(43)) - Unregistering Metrics Registry : ratis.log_worker.711a5d62-dee4-49d0-b2b9-1fce1aa24acb@group-9A41716FB576
2020-12-29 02:32:54,713 [Command processor thread] INFO  metrics.RatisMetrics (RatisMetrics.java:unregister(43)) - Unregistering Metrics Registry : ratis.leader_election.711a5d62-dee4-49d0-b2b9-1fce1aa24acb@group-9A41716FB576
2020-12-29 02:32:54,714 [Command processor thread] INFO  metrics.RatisMetrics (RatisMetrics.java:unregister(43)) - Unregistering Metrics Registry : ratis.server.711a5d62-dee4-49d0-b2b9-1fce1aa24acb@group-9A41716FB576
2020-12-29 02:32:54,715 [Command processor thread] INFO  keyvalue.KeyValueContainer (KeyValueContainer.java:flushAndSyncDB(388)) - Container 1 is synced with bcsId 40.
2020-12-29 02:32:54,715 [Command processor thread] INFO  keyvalue.KeyValueContainer (KeyValueContainer.java:flushAndSyncDB(388)) - Container 1 is synced with bcsId 40.
2020-12-29 02:32:54,717 [Command processor thread] INFO  keyvalue.KeyValueContainer (KeyValueContainer.java:flushAndSyncDB(388)) - Container 1 is synced with bcsId 40.
2020-12-29 02:32:54,717 [Command processor thread] INFO  keyvalue.KeyValueContainer (KeyValueContainer.java:flushAndSyncDB(388)) - Container 1 is synced with bcsId 40.
2020-12-29 02:32:54,721 [EventQueue-IncrementalContainerReportForIncrementalContainerReportHandler] INFO  container.IncrementalContainerReportHandler (AbstractContainerReportHandler.java:updateContainerState(208)) - Moving container #1 to QUASI_CLOSED state, datanode acc45ab6-017e-46ef-a2cf-eb53f92e8ea7{ip: 172.17.0.2, host: 3099d1499688, networkLocation: /default-rack, certSerialId: null, persistedOpState: ENTERING_MAINTENANCE, persistedOpStateExpiryEpochSec: 0} reported QUASI_CLOSED replica.
2020-12-29 02:32:54,723 [Command processor thread] INFO  keyvalue.KeyValueContainer (KeyValueContainer.java:flushAndSyncDB(388)) - Container 2 is synced with bcsId 36.
2020-12-29 02:32:54,723 [Command processor thread] INFO  keyvalue.KeyValueContainer (KeyValueContainer.java:flushAndSyncDB(388)) - Container 2 is synced with bcsId 36.
2020-12-29 02:32:54,726 [EventQueue-IncrementalContainerReportForIncrementalContainerReportHandler] INFO  container.IncrementalContainerReportHandler (AbstractContainerReportHandler.java:updateContainerState(208)) - Moving container #2 to QUASI_CLOSED state, datanode acc45ab6-017e-46ef-a2cf-eb53f92e8ea7{ip: 172.17.0.2, host: 3099d1499688, networkLocation: /default-rack, certSerialId: null, persistedOpState: ENTERING_MAINTENANCE, persistedOpStateExpiryEpochSec: 0} reported QUASI_CLOSED replica.
2020-12-29 02:32:54,727 [Command processor thread] INFO  server.RaftServer$Division (RaftServerImpl.java:groupRemove(367)) - acc45ab6-017e-46ef-a2cf-eb53f92e8ea7@group-9A41716FB576: Succeed to remove RaftStorageDirectory Storage Directory /github/workspace/mnt/ozone/hadoop-ozone/integration-test/target/test-dir/MiniOzoneClusterImpl-e6490a55-0da7-46e5-97f4-9b4e66d62915/datanode-1/data/ratis/47ec387c-32a6-4581-a9f6-9a41716fb576
2020-12-29 02:32:54,727 [Command processor thread] INFO  commandhandler.ClosePipelineCommandHandler (ClosePipelineCommandHandler.java:handle(75)) - Close Pipeline PipelineID=47ec387c-32a6-4581-a9f6-9a41716fb576 command on datanode acc45ab6-017e-46ef-a2cf-eb53f92e8ea7.
2020-12-29 02:32:54,728 [Command processor thread] INFO  keyvalue.KeyValueContainer (KeyValueContainer.java:flushAndSyncDB(388)) - Container 2 is synced with bcsId 36.
2020-12-29 02:32:54,728 [Command processor thread] INFO  server.RaftServer (RaftServerProxy.java:remove(104)) - acc45ab6-017e-46ef-a2cf-eb53f92e8ea7: remove    LEADER acc45ab6-017e-46ef-a2cf-eb53f92e8ea7@group-7F8C1EEF2B2C:t1, leader=acc45ab6-017e-46ef-a2cf-eb53f92e8ea7, voted=acc45ab6-017e-46ef-a2cf-eb53f92e8ea7, raftlog=acc45ab6-017e-46ef-a2cf-eb53f92e8ea7@group-7F8C1EEF2B2C-SegmentedRaftLog:OPENED:c0,f0,i0, conf=0: [acc45ab6-017e-46ef-a2cf-eb53f92e8ea7|rpc:172.17.0.2:40641|dataStream:], old=null RUNNING
2020-12-29 02:32:54,728 [Command processor thread] INFO  keyvalue.KeyValueContainer (KeyValueContainer.java:flushAndSyncDB(388)) - Container 2 is synced with bcsId 36.
2020-12-29 02:32:54,728 [Command processor thread] INFO  server.RaftServer$Division (RaftServerImpl.java:lambda$close$4(397)) - acc45ab6-017e-46ef-a2cf-eb53f92e8ea7@group-7F8C1EEF2B2C: shutdown
2020-12-29 02:32:54,728 [Command processor thread] INFO  util.JmxRegister (JmxRegister.java:unregister(73)) - Successfully un-registered JMX Bean with object name Ratis:service=RaftServer,group=group-7F8C1EEF2B2C,id=acc45ab6-017e-46ef-a2cf-eb53f92e8ea7
2020-12-29 02:32:54,728 [Command processor thread] INFO  impl.RoleInfo (RoleInfo.java:shutdownLeaderState(91)) - acc45ab6-017e-46ef-a2cf-eb53f92e8ea7: shutdown acc45ab6-017e-46ef-a2cf-eb53f92e8ea7@group-7F8C1EEF2B2C-LeaderStateImpl
2020-12-29 02:32:54,728 [Command processor thread] INFO  impl.PendingRequests (PendingRequests.java:sendNotLeaderResponses(249)) - acc45ab6-017e-46ef-a2cf-eb53f92e8ea7@group-7F8C1EEF2B2C-PendingRequests: sendNotLeaderResponses
2020-12-29 02:32:54,728 [Command processor thread] INFO  metrics.RatisMetrics (RatisMetrics.java:unregister(43)) - Unregistering Metrics Registry : ratis.log_appender.acc45ab6-017e-46ef-a2cf-eb53f92e8ea7@group-7F8C1EEF2B2C
2020-12-29 02:32:54,728 [Command processor thread] INFO  metrics.RatisMetrics (RatisMetrics.java:unregister(43)) - Unregistering Metrics Registry : ratis.server.acc45ab6-017e-46ef-a2cf-eb53f92e8ea7@group-7F8C1EEF2B2C
2020-12-29 02:32:54,729 [Command processor thread] INFO  impl.StateMachineUpdater (StateMachineUpdater.java:stopAndJoin(148)) - acc45ab6-017e-46ef-a2cf-eb53f92e8ea7@group-7F8C1EEF2B2C-StateMachineUpdater: set stopIndex = 0
2020-12-29 02:32:54,729 [acc45ab6-017e-46ef-a2cf-eb53f92e8ea7@group-7F8C1EEF2B2C-StateMachineUpdater] INFO  ratis.ContainerStateMachine (ContainerStateMachine.java:takeSnapshot(291)) - group-7F8C1EEF2B2C: Taking a snapshot at:(t:1, i:0) file /github/workspace/mnt/ozone/hadoop-ozone/integration-test/target/test-dir/MiniOzoneClusterImpl-e6490a55-0da7-46e5-97f4-9b4e66d62915/datanode-1/data/ratis/dc72fea7-13da-4210-9746-7f8c1eef2b2c/sm/snapshot.1_0
2020-12-29 02:32:54,730 [acc45ab6-017e-46ef-a2cf-eb53f92e8ea7@group-7F8C1EEF2B2C-StateMachineUpdater] INFO  ratis.ContainerStateMachine (ContainerStateMachine.java:takeSnapshot(302)) - group-7F8C1EEF2B2C: Finished taking a snapshot at:(t:1, i:0) file:/github/workspace/mnt/ozone/hadoop-ozone/integration-test/target/test-dir/MiniOzoneClusterImpl-e6490a55-0da7-46e5-97f4-9b4e66d62915/datanode-1/data/ratis/dc72fea7-13da-4210-9746-7f8c1eef2b2c/sm/snapshot.1_0 time:1
2020-12-29 02:32:54,730 [acc45ab6-017e-46ef-a2cf-eb53f92e8ea7@group-7F8C1EEF2B2C-StateMachineUpdater] INFO  impl.StateMachineUpdater (StateMachineUpdater.java:takeSnapshot(279)) - acc45ab6-017e-46ef-a2cf-eb53f92e8ea7@group-7F8C1EEF2B2C-StateMachineUpdater: Took a snapshot at index 0
2020-12-29 02:32:54,730 [acc45ab6-017e-46ef-a2cf-eb53f92e8ea7@group-7F8C1EEF2B2C-StateMachineUpdater] INFO  impl.StateMachineUpdater (StateMachineUpdater.java:lambda$new$0(88)) - acc45ab6-017e-46ef-a2cf-eb53f92e8ea7@group-7F8C1EEF2B2C-StateMachineUpdater: snapshotIndex: updateIncreasingly -1 -> 0
2020-12-29 02:32:54,730 [acc45ab6-017e-46ef-a2cf-eb53f92e8ea7@group-7F8C1EEF2B2C-StateMachineUpdater] INFO  metrics.RatisMetrics (RatisMetrics.java:unregister(43)) - Unregistering Metrics Registry : ratis.state_machine.acc45ab6-017e-46ef-a2cf-eb53f92e8ea7@group-7F8C1EEF2B2C
2020-12-29 02:32:54,730 [Command processor thread] INFO  server.RaftServer$Division (RaftServerImpl.java:groupRemove(367)) - 711a5d62-dee4-49d0-b2b9-1fce1aa24acb@group-9A41716FB576: Succeed to remove RaftStorageDirectory Storage Directory /github/workspace/mnt/ozone/hadoop-ozone/integration-test/target/test-dir/MiniOzoneClusterImpl-e6490a55-0da7-46e5-97f4-9b4e66d62915/datanode-0/data/ratis/47ec387c-32a6-4581-a9f6-9a41716fb576
2020-12-29 02:32:54,730 [Command processor thread] INFO  commandhandler.ClosePipelineCommandHandler (ClosePipelineCommandHandler.java:handle(75)) - Close Pipeline PipelineID=47ec387c-32a6-4581-a9f6-9a41716fb576 command on datanode 711a5d62-dee4-49d0-b2b9-1fce1aa24acb.
2020-12-29 02:32:54,731 [Command processor thread] INFO  server.RaftServer (RaftServerProxy.java:remove(104)) - 711a5d62-dee4-49d0-b2b9-1fce1aa24acb: remove    LEADER 711a5d62-dee4-49d0-b2b9-1fce1aa24acb@group-60098F217E50:t1, leader=711a5d62-dee4-49d0-b2b9-1fce1aa24acb, voted=711a5d62-dee4-49d0-b2b9-1fce1aa24acb, raftlog=711a5d62-dee4-49d0-b2b9-1fce1aa24acb@group-60098F217E50-SegmentedRaftLog:OPENED:c0,f0,i0, conf=0: [711a5d62-dee4-49d0-b2b9-1fce1aa24acb|rpc:172.17.0.2:41697|dataStream:], old=null RUNNING
2020-12-29 02:32:54,731 [Command processor thread] INFO  server.RaftServer$Division (RaftServerImpl.java:lambda$close$4(397)) - 711a5d62-dee4-49d0-b2b9-1fce1aa24acb@group-60098F217E50: shutdown
2020-12-29 02:32:54,731 [Command processor thread] INFO  util.JmxRegister (JmxRegister.java:unregister(73)) - Successfully un-registered JMX Bean with object name Ratis:service=RaftServer,group=group-60098F217E50,id=711a5d62-dee4-49d0-b2b9-1fce1aa24acb
2020-12-29 02:32:54,731 [Command processor thread] INFO  impl.RoleInfo (RoleInfo.java:shutdownLeaderState(91)) - 711a5d62-dee4-49d0-b2b9-1fce1aa24acb: shutdown 711a5d62-dee4-49d0-b2b9-1fce1aa24acb@group-60098F217E50-LeaderStateImpl
2020-12-29 02:32:54,731 [Command processor thread] INFO  impl.PendingRequests (PendingRequests.java:sendNotLeaderResponses(249)) - 711a5d62-dee4-49d0-b2b9-1fce1aa24acb@group-60098F217E50-PendingRequests: sendNotLeaderResponses
2020-12-29 02:32:54,732 [Command processor thread] INFO  metrics.RatisMetrics (RatisMetrics.java:unregister(43)) - Unregistering Metrics Registry : ratis.log_appender.711a5d62-dee4-49d0-b2b9-1fce1aa24acb@group-60098F217E50
2020-12-29 02:32:54,732 [Command processor thread] INFO  metrics.RatisMetrics (RatisMetrics.java:unregister(43)) - Unregistering Metrics Registry : ratis.server.711a5d62-dee4-49d0-b2b9-1fce1aa24acb@group-60098F217E50
2020-12-29 02:32:54,732 [Command processor thread] INFO  server.RaftServer$Division (ServerState.java:close(406)) - acc45ab6-017e-46ef-a2cf-eb53f92e8ea7@group-7F8C1EEF2B2C: closes. applyIndex: 0
2020-12-29 02:32:54,732 [acc45ab6-017e-46ef-a2cf-eb53f92e8ea7@group-7F8C1EEF2B2C-SegmentedRaftLogWorker] INFO  segmented.SegmentedRaftLogWorker (SegmentedRaftLogWorker.java:run(326)) - acc45ab6-017e-46ef-a2cf-eb53f92e8ea7@group-7F8C1EEF2B2C-SegmentedRaftLogWorker was interrupted, exiting. There are 0 tasks remaining in the queue.
2020-12-29 02:32:54,732 [Command processor thread] INFO  segmented.SegmentedRaftLogWorker (SegmentedRaftLogWorker.java:close(236)) - acc45ab6-017e-46ef-a2cf-eb53f92e8ea7@group-7F8C1EEF2B2C-SegmentedRaftLogWorker close()
2020-12-29 02:32:54,733 [Command processor thread] INFO  metrics.RatisMetrics (RatisMetrics.java:unregister(43)) - Unregistering Metrics Registry : ratis.log_worker.acc45ab6-017e-46ef-a2cf-eb53f92e8ea7@group-7F8C1EEF2B2C
2020-12-29 02:32:54,733 [Command processor thread] INFO  metrics.RatisMetrics (RatisMetrics.java:unregister(43)) - Unregistering Metrics Registry : ratis.leader_election.acc45ab6-017e-46ef-a2cf-eb53f92e8ea7@group-7F8C1EEF2B2C
2020-12-29 02:32:54,733 [Command processor thread] INFO  metrics.RatisMetrics (RatisMetrics.java:unregister(43)) - Unregistering Metrics Registry : ratis.server.acc45ab6-017e-46ef-a2cf-eb53f92e8ea7@group-7F8C1EEF2B2C
2020-12-29 02:32:54,734 [Command processor thread] INFO  server.RaftServer$Division (RaftServerImpl.java:groupRemove(367)) - acc45ab6-017e-46ef-a2cf-eb53f92e8ea7@group-7F8C1EEF2B2C: Succeed to remove RaftStorageDirectory Storage Directory /github/workspace/mnt/ozone/hadoop-ozone/integration-test/target/test-dir/MiniOzoneClusterImpl-e6490a55-0da7-46e5-97f4-9b4e66d62915/datanode-1/data/ratis/dc72fea7-13da-4210-9746-7f8c1eef2b2c
2020-12-29 02:32:54,734 [Command processor thread] INFO  commandhandler.ClosePipelineCommandHandler (ClosePipelineCommandHandler.java:handle(75)) - Close Pipeline PipelineID=dc72fea7-13da-4210-9746-7f8c1eef2b2c command on datanode acc45ab6-017e-46ef-a2cf-eb53f92e8ea7.
2020-12-29 02:32:54,735 [Command processor thread] WARN  server.RaftServer (RaftServerProxy.java:remove(99)) - acc45ab6-017e-46ef-a2cf-eb53f92e8ea7: does not contain group: group-7F8C1EEF2B2C
2020-12-29 02:32:54,735 [Command processor thread] ERROR commandhandler.ClosePipelineCommandHandler (ClosePipelineCommandHandler.java:handle(78)) - Can't close pipeline PipelineID=dc72fea7-13da-4210-9746-7f8c1eef2b2c
java.io.IOException: acc45ab6-017e-46ef-a2cf-eb53f92e8ea7: Group group-7F8C1EEF2B2C not found.
	at org.apache.hadoop.ozone.container.common.transport.server.ratis.XceiverServerRatis.removeGroup(XceiverServerRatis.java:782)
	at org.apache.hadoop.ozone.container.common.statemachine.commandhandler.ClosePipelineCommandHandler.handle(ClosePipelineCommandHandler.java:74)
	at org.apache.hadoop.ozone.container.common.statemachine.commandhandler.CommandDispatcher.handle(CommandDispatcher.java:99)
	at org.apache.hadoop.ozone.container.common.statemachine.DatanodeStateMachine.lambda$initCommandHandlerThread$2(DatanodeStateMachine.java:498)
	at java.lang.Thread.run(Thread.java:748)
Caused by: org.apache.ratis.protocol.exceptions.GroupMismatchException: acc45ab6-017e-46ef-a2cf-eb53f92e8ea7: Group group-7F8C1EEF2B2C not found.
	at org.apache.ratis.server.impl.RaftServerProxy.groupRemoveAsync(RaftServerProxy.java:494)
	at org.apache.ratis.server.impl.RaftServerProxy.groupManagementAsync(RaftServerProxy.java:450)
	at org.apache.ratis.server.impl.RaftServerProxy.groupManagement(RaftServerProxy.java:430)
	at org.apache.hadoop.ozone.container.common.transport.server.ratis.XceiverServerRatis.removeGroup(XceiverServerRatis.java:780)
	... 4 more
2020-12-29 02:32:54,733 [Command processor thread] INFO  impl.StateMachineUpdater (StateMachineUpdater.java:stopAndJoin(148)) - 711a5d62-dee4-49d0-b2b9-1fce1aa24acb@group-60098F217E50-StateMachineUpdater: set stopIndex = 0
2020-12-29 02:32:54,733 [711a5d62-dee4-49d0-b2b9-1fce1aa24acb@group-60098F217E50-StateMachineUpdater] INFO  ratis.ContainerStateMachine (ContainerStateMachine.java:takeSnapshot(291)) - group-60098F217E50: Taking a snapshot at:(t:1, i:0) file /github/workspace/mnt/ozone/hadoop-ozone/integration-test/target/test-dir/MiniOzoneClusterImpl-e6490a55-0da7-46e5-97f4-9b4e66d62915/datanode-0/data/ratis/022782b4-27d9-49a2-a5ae-60098f217e50/sm/snapshot.1_0
2020-12-29 02:32:54,744 [Command processor thread] WARN  server.RaftServer (RaftServerProxy.java:remove(99)) - acc45ab6-017e-46ef-a2cf-eb53f92e8ea7: does not contain group: group-9A41716FB576
2020-12-29 02:32:54,744 [Command processor thread] ERROR commandhandler.ClosePipelineCommandHandler (ClosePipelineCommandHandler.java:handle(78)) - Can't close pipeline PipelineID=47ec387c-32a6-4581-a9f6-9a41716fb576
java.io.IOException: acc45ab6-017e-46ef-a2cf-eb53f92e8ea7: Group group-9A41716FB576 not found.
	at org.apache.hadoop.ozone.container.common.transport.server.ratis.XceiverServerRatis.removeGroup(XceiverServerRatis.java:782)
	at org.apache.hadoop.ozone.container.common.statemachine.commandhandler.ClosePipelineCommandHandler.handle(ClosePipelineCommandHandler.java:74)
	at org.apache.hadoop.ozone.container.common.statemachine.commandhandler.CommandDispatcher.handle(CommandDispatcher.java:99)
	at org.apache.hadoop.ozone.container.common.statemachine.DatanodeStateMachine.lambda$initCommandHandlerThread$2(DatanodeStateMachine.java:498)
	at java.lang.Thread.run(Thread.java:748)
Caused by: org.apache.ratis.protocol.exceptions.GroupMismatchException: acc45ab6-017e-46ef-a2cf-eb53f92e8ea7: Group group-9A41716FB576 not found.
	at org.apache.ratis.server.impl.RaftServerProxy.groupRemoveAsync(RaftServerProxy.java:494)
	at org.apache.ratis.server.impl.RaftServerProxy.groupManagementAsync(RaftServerProxy.java:450)
	at org.apache.ratis.server.impl.RaftServerProxy.groupManagement(RaftServerProxy.java:430)
	at org.apache.hadoop.ozone.container.common.transport.server.ratis.XceiverServerRatis.removeGroup(XceiverServerRatis.java:780)
	... 4 more
2020-12-29 02:32:54,744 [711a5d62-dee4-49d0-b2b9-1fce1aa24acb@group-60098F217E50-StateMachineUpdater] INFO  ratis.ContainerStateMachine (ContainerStateMachine.java:takeSnapshot(302)) - group-60098F217E50: Finished taking a snapshot at:(t:1, i:0) file:/github/workspace/mnt/ozone/hadoop-ozone/integration-test/target/test-dir/MiniOzoneClusterImpl-e6490a55-0da7-46e5-97f4-9b4e66d62915/datanode-0/data/ratis/022782b4-27d9-49a2-a5ae-60098f217e50/sm/snapshot.1_0 time:11
2020-12-29 02:32:54,745 [Command processor thread] WARN  server.RaftServer (RaftServerProxy.java:remove(99)) - acc45ab6-017e-46ef-a2cf-eb53f92e8ea7: does not contain group: group-7F8C1EEF2B2C
2020-12-29 02:32:54,745 [711a5d62-dee4-49d0-b2b9-1fce1aa24acb@group-60098F217E50-StateMachineUpdater] INFO  impl.StateMachineUpdater (StateMachineUpdater.java:takeSnapshot(279)) - 711a5d62-dee4-49d0-b2b9-1fce1aa24acb@group-60098F217E50-StateMachineUpdater: Took a snapshot at index 0
2020-12-29 02:32:54,745 [711a5d62-dee4-49d0-b2b9-1fce1aa24acb@group-60098F217E50-StateMachineUpdater] INFO  impl.StateMachineUpdater (StateMachineUpdater.java:lambda$new$0(88)) - 711a5d62-dee4-49d0-b2b9-1fce1aa24acb@group-60098F217E50-StateMachineUpdater: snapshotIndex: updateIncreasingly -1 -> 0
2020-12-29 02:32:54,745 [Command processor thread] ERROR commandhandler.ClosePipelineCommandHandler (ClosePipelineCommandHandler.java:handle(78)) - Can't close pipeline PipelineID=dc72fea7-13da-4210-9746-7f8c1eef2b2c
java.io.IOException: acc45ab6-017e-46ef-a2cf-eb53f92e8ea7: Group group-7F8C1EEF2B2C not found.
	at org.apache.hadoop.ozone.container.common.transport.server.ratis.XceiverServerRatis.removeGroup(XceiverServerRatis.java:782)
	at org.apache.hadoop.ozone.container.common.statemachine.commandhandler.ClosePipelineCommandHandler.handle(ClosePipelineCommandHandler.java:74)
	at org.apache.hadoop.ozone.container.common.statemachine.commandhandler.CommandDispatcher.handle(CommandDispatcher.java:99)
	at org.apache.hadoop.ozone.container.common.statemachine.DatanodeStateMachine.lambda$initCommandHandlerThread$2(DatanodeStateMachine.java:498)
	at java.lang.Thread.run(Thread.java:748)
Caused by: org.apache.ratis.protocol.exceptions.GroupMismatchException: acc45ab6-017e-46ef-a2cf-eb53f92e8ea7: Group group-7F8C1EEF2B2C not found.
	at org.apache.ratis.server.impl.RaftServerProxy.groupRemoveAsync(RaftServerProxy.java:494)
	at org.apache.ratis.server.impl.RaftServerProxy.groupManagementAsync(RaftServerProxy.java:450)
	at org.apache.ratis.server.impl.RaftServerProxy.groupManagement(RaftServerProxy.java:430)
	at org.apache.hadoop.ozone.container.common.transport.server.ratis.XceiverServerRatis.removeGroup(XceiverServerRatis.java:780)
	... 4 more
2020-12-29 02:32:54,745 [711a5d62-dee4-49d0-b2b9-1fce1aa24acb@group-60098F217E50-StateMachineUpdater] INFO  metrics.RatisMetrics (RatisMetrics.java:unregister(43)) - Unregistering Metrics Registry : ratis.state_machine.711a5d62-dee4-49d0-b2b9-1fce1aa24acb@group-60098F217E50
2020-12-29 02:32:54,745 [Command processor thread] WARN  server.RaftServer (RaftServerProxy.java:remove(99)) - acc45ab6-017e-46ef-a2cf-eb53f92e8ea7: does not contain group: group-9A41716FB576
2020-12-29 02:32:54,745 [Command processor thread] INFO  server.RaftServer$Division (ServerState.java:close(406)) - 711a5d62-dee4-49d0-b2b9-1fce1aa24acb@group-60098F217E50: closes. applyIndex: 0
2020-12-29 02:32:54,745 [Command processor thread] ERROR commandhandler.ClosePipelineCommandHandler (ClosePipelineCommandHandler.java:handle(78)) - Can't close pipeline PipelineID=47ec387c-32a6-4581-a9f6-9a41716fb576
java.io.IOException: acc45ab6-017e-46ef-a2cf-eb53f92e8ea7: Group group-9A41716FB576 not found.
	at org.apache.hadoop.ozone.container.common.transport.server.ratis.XceiverServerRatis.removeGroup(XceiverServerRatis.java:782)
	at org.apache.hadoop.ozone.container.common.statemachine.commandhandler.ClosePipelineCommandHandler.handle(ClosePipelineCommandHandler.java:74)
	at org.apache.hadoop.ozone.container.common.statemachine.commandhandler.CommandDispatcher.handle(CommandDispatcher.java:99)
	at org.apache.hadoop.ozone.container.common.statemachine.DatanodeStateMachine.lambda$initCommandHandlerThread$2(DatanodeStateMachine.java:498)
	at java.lang.Thread.run(Thread.java:748)
Caused by: org.apache.ratis.protocol.exceptions.GroupMismatchException: acc45ab6-017e-46ef-a2cf-eb53f92e8ea7: Group group-9A41716FB576 not found.
	at org.apache.ratis.server.impl.RaftServerProxy.groupRemoveAsync(RaftServerProxy.java:494)
	at org.apache.ratis.server.impl.RaftServerProxy.groupManagementAsync(RaftServerProxy.java:450)
	at org.apache.ratis.server.impl.RaftServerProxy.groupManagement(RaftServerProxy.java:430)
	at org.apache.hadoop.ozone.container.common.transport.server.ratis.XceiverServerRatis.removeGroup(XceiverServerRatis.java:780)
	... 4 more
2020-12-29 02:32:54,746 [711a5d62-dee4-49d0-b2b9-1fce1aa24acb@group-60098F217E50-SegmentedRaftLogWorker] INFO  segmented.SegmentedRaftLogWorker (SegmentedRaftLogWorker.java:run(326)) - 711a5d62-dee4-49d0-b2b9-1fce1aa24acb@group-60098F217E50-SegmentedRaftLogWorker was interrupted, exiting. There are 0 tasks remaining in the queue.
2020-12-29 02:32:54,746 [Command processor thread] WARN  server.RaftServer (RaftServerProxy.java:remove(99)) - acc45ab6-017e-46ef-a2cf-eb53f92e8ea7: does not contain group: group-7F8C1EEF2B2C
2020-12-29 02:32:54,746 [Command processor thread] INFO  segmented.SegmentedRaftLogWorker (SegmentedRaftLogWorker.java:close(236)) - 711a5d62-dee4-49d0-b2b9-1fce1aa24acb@group-60098F217E50-SegmentedRaftLogWorker close()
2020-12-29 02:32:54,746 [Command processor thread] ERROR commandhandler.ClosePipelineCommandHandler (ClosePipelineCommandHandler.java:handle(78)) - Can't close pipeline PipelineID=dc72fea7-13da-4210-9746-7f8c1eef2b2c
java.io.IOException: acc45ab6-017e-46ef-a2cf-eb53f92e8ea7: Group group-7F8C1EEF2B2C not found.
	at org.apache.hadoop.ozone.container.common.transport.server.ratis.XceiverServerRatis.removeGroup(XceiverServerRatis.java:782)
	at org.apache.hadoop.ozone.container.common.statemachine.commandhandler.ClosePipelineCommandHandler.handle(ClosePipelineCommandHandler.java:74)
	at org.apache.hadoop.ozone.container.common.statemachine.commandhandler.CommandDispatcher.handle(CommandDispatcher.java:99)
	at org.apache.hadoop.ozone.container.common.statemachine.DatanodeStateMachine.lambda$initCommandHandlerThread$2(DatanodeStateMachine.java:498)
	at java.lang.Thread.run(Thread.java:748)
Caused by: org.apache.ratis.protocol.exceptions.GroupMismatchException: acc45ab6-017e-46ef-a2cf-eb53f92e8ea7: Group group-7F8C1EEF2B2C not found.
	at org.apache.ratis.server.impl.RaftServerProxy.groupRemoveAsync(RaftServerProxy.java:494)
	at org.apache.ratis.server.impl.RaftServerProxy.groupManagementAsync(RaftServerProxy.java:450)
	at org.apache.ratis.server.impl.RaftServerProxy.groupManagement(RaftServerProxy.java:430)
	at org.apache.hadoop.ozone.container.common.transport.server.ratis.XceiverServerRatis.removeGroup(XceiverServerRatis.java:780)
	... 4 more
2020-12-29 02:32:54,746 [Command processor thread] INFO  metrics.RatisMetrics (RatisMetrics.java:unregister(43)) - Unregistering Metrics Registry : ratis.log_worker.711a5d62-dee4-49d0-b2b9-1fce1aa24acb@group-60098F217E50
2020-12-29 02:32:54,747 [Command processor thread] WARN  server.RaftServer (RaftServerProxy.java:remove(99)) - acc45ab6-017e-46ef-a2cf-eb53f92e8ea7: does not contain group: group-9A41716FB576
2020-12-29 02:32:54,747 [Command processor thread] INFO  metrics.RatisMetrics (RatisMetrics.java:unregister(43)) - Unregistering Metrics Registry : ratis.leader_election.711a5d62-dee4-49d0-b2b9-1fce1aa24acb@group-60098F217E50
2020-12-29 02:32:54,747 [Command processor thread] INFO  metrics.RatisMetrics (RatisMetrics.java:unregister(43)) - Unregistering Metrics Registry : ratis.server.711a5d62-dee4-49d0-b2b9-1fce1aa24acb@group-60098F217E50
2020-12-29 02:32:54,747 [Command processor thread] ERROR commandhandler.ClosePipelineCommandHandler (ClosePipelineCommandHandler.java:handle(78)) - Can't close pipeline PipelineID=47ec387c-32a6-4581-a9f6-9a41716fb576
java.io.IOException: acc45ab6-017e-46ef-a2cf-eb53f92e8ea7: Group group-9A41716FB576 not found.
	at org.apache.hadoop.ozone.container.common.transport.server.ratis.XceiverServerRatis.removeGroup(XceiverServerRatis.java:782)
	at org.apache.hadoop.ozone.container.common.statemachine.commandhandler.ClosePipelineCommandHandler.handle(ClosePipelineCommandHandler.java:74)
	at org.apache.hadoop.ozone.container.common.statemachine.commandhandler.CommandDispatcher.handle(CommandDispatcher.java:99)
	at org.apache.hadoop.ozone.container.common.statemachine.DatanodeStateMachine.lambda$initCommandHandlerThread$2(DatanodeStateMachine.java:498)
	at java.lang.Thread.run(Thread.java:748)
Caused by: org.apache.ratis.protocol.exceptions.GroupMismatchException: acc45ab6-017e-46ef-a2cf-eb53f92e8ea7: Group group-9A41716FB576 not found.
	at org.apache.ratis.server.impl.RaftServerProxy.groupRemoveAsync(RaftServerProxy.java:494)
	at org.apache.ratis.server.impl.RaftServerProxy.groupManagementAsync(RaftServerProxy.java:450)
	at org.apache.ratis.server.impl.RaftServerProxy.groupManagement(RaftServerProxy.java:430)
	at org.apache.hadoop.ozone.container.common.transport.server.ratis.XceiverServerRatis.removeGroup(XceiverServerRatis.java:780)
	... 4 more
2020-12-29 02:32:54,747 [Command processor thread] WARN  server.RaftServer (RaftServerProxy.java:remove(99)) - acc45ab6-017e-46ef-a2cf-eb53f92e8ea7: does not contain group: group-7F8C1EEF2B2C
2020-12-29 02:32:54,747 [Command processor thread] ERROR commandhandler.ClosePipelineCommandHandler (ClosePipelineCommandHandler.java:handle(78)) - Can't close pipeline PipelineID=dc72fea7-13da-4210-9746-7f8c1eef2b2c
java.io.IOException: acc45ab6-017e-46ef-a2cf-eb53f92e8ea7: Group group-7F8C1EEF2B2C not found.
	at org.apache.hadoop.ozone.container.common.transport.server.ratis.XceiverServerRatis.removeGroup(XceiverServerRatis.java:782)
	at org.apache.hadoop.ozone.container.common.statemachine.commandhandler.ClosePipelineCommandHandler.handle(ClosePipelineCommandHandler.java:74)
	at org.apache.hadoop.ozone.container.common.statemachine.commandhandler.CommandDispatcher.handle(CommandDispatcher.java:99)
	at org.apache.hadoop.ozone.container.common.statemachine.DatanodeStateMachine.lambda$initCommandHandlerThread$2(DatanodeStateMachine.java:498)
	at java.lang.Thread.run(Thread.java:748)
Caused by: org.apache.ratis.protocol.exceptions.GroupMismatchException: acc45ab6-017e-46ef-a2cf-eb53f92e8ea7: Group group-7F8C1EEF2B2C not found.
	at org.apache.ratis.server.impl.RaftServerProxy.groupRemoveAsync(RaftServerProxy.java:494)
	at org.apache.ratis.server.impl.RaftServerProxy.groupManagementAsync(RaftServerProxy.java:450)
	at org.apache.ratis.server.impl.RaftServerProxy.groupManagement(RaftServerProxy.java:430)
	at org.apache.hadoop.ozone.container.common.transport.server.ratis.XceiverServerRatis.removeGroup(XceiverServerRatis.java:780)
	... 4 more
2020-12-29 02:32:54,747 [Command processor thread] INFO  server.RaftServer$Division (RaftServerImpl.java:groupRemove(367)) - 711a5d62-dee4-49d0-b2b9-1fce1aa24acb@group-60098F217E50: Succeed to remove RaftStorageDirectory Storage Directory /github/workspace/mnt/ozone/hadoop-ozone/integration-test/target/test-dir/MiniOzoneClusterImpl-e6490a55-0da7-46e5-97f4-9b4e66d62915/datanode-0/data/ratis/022782b4-27d9-49a2-a5ae-60098f217e50
2020-12-29 02:32:54,748 [Command processor thread] INFO  commandhandler.ClosePipelineCommandHandler (ClosePipelineCommandHandler.java:handle(75)) - Close Pipeline PipelineID=022782b4-27d9-49a2-a5ae-60098f217e50 command on datanode 711a5d62-dee4-49d0-b2b9-1fce1aa24acb.
2020-12-29 02:32:54,748 [Command processor thread] WARN  server.RaftServer (RaftServerProxy.java:remove(99)) - acc45ab6-017e-46ef-a2cf-eb53f92e8ea7: does not contain group: group-9A41716FB576
2020-12-29 02:32:54,748 [Command processor thread] ERROR commandhandler.ClosePipelineCommandHandler (ClosePipelineCommandHandler.java:handle(78)) - Can't close pipeline PipelineID=47ec387c-32a6-4581-a9f6-9a41716fb576
java.io.IOException: acc45ab6-017e-46ef-a2cf-eb53f92e8ea7: Group group-9A41716FB576 not found.
	at org.apache.hadoop.ozone.container.common.transport.server.ratis.XceiverServerRatis.removeGroup(XceiverServerRatis.java:782)
	at org.apache.hadoop.ozone.container.common.statemachine.commandhandler.ClosePipelineCommandHandler.handle(ClosePipelineCommandHandler.java:74)
	at org.apache.hadoop.ozone.container.common.statemachine.commandhandler.CommandDispatcher.handle(CommandDispatcher.java:99)
	at org.apache.hadoop.ozone.container.common.statemachine.DatanodeStateMachine.lambda$initCommandHandlerThread$2(DatanodeStateMachine.java:498)
	at java.lang.Thread.run(Thread.java:748)
Caused by: org.apache.ratis.protocol.exceptions.GroupMismatchException: acc45ab6-017e-46ef-a2cf-eb53f92e8ea7: Group group-9A41716FB576 not found.
	at org.apache.ratis.server.impl.RaftServerProxy.groupRemoveAsync(RaftServerProxy.java:494)
	at org.apache.ratis.server.impl.RaftServerProxy.groupManagementAsync(RaftServerProxy.java:450)
	at org.apache.ratis.server.impl.RaftServerProxy.groupManagement(RaftServerProxy.java:430)
	at org.apache.hadoop.ozone.container.common.transport.server.ratis.XceiverServerRatis.removeGroup(XceiverServerRatis.java:780)
	... 4 more
2020-12-29 02:32:54,748 [Command processor thread] WARN  server.RaftServer (RaftServerProxy.java:remove(99)) - acc45ab6-017e-46ef-a2cf-eb53f92e8ea7: does not contain group: group-7F8C1EEF2B2C
2020-12-29 02:32:54,756 [Command processor thread] ERROR commandhandler.ClosePipelineCommandHandler (ClosePipelineCommandHandler.java:handle(78)) - Can't close pipeline PipelineID=dc72fea7-13da-4210-9746-7f8c1eef2b2c
java.io.IOException: acc45ab6-017e-46ef-a2cf-eb53f92e8ea7: Group group-7F8C1EEF2B2C not found.
	at org.apache.hadoop.ozone.container.common.transport.server.ratis.XceiverServerRatis.removeGroup(XceiverServerRatis.java:782)
	at org.apache.hadoop.ozone.container.common.statemachine.commandhandler.ClosePipelineCommandHandler.handle(ClosePipelineCommandHandler.java:74)
	at org.apache.hadoop.ozone.container.common.statemachine.commandhandler.CommandDispatcher.handle(CommandDispatcher.java:99)
	at org.apache.hadoop.ozone.container.common.statemachine.DatanodeStateMachine.lambda$initCommandHandlerThread$2(DatanodeStateMachine.java:498)
	at java.lang.Thread.run(Thread.java:748)
Caused by: org.apache.ratis.protocol.exceptions.GroupMismatchException: acc45ab6-017e-46ef-a2cf-eb53f92e8ea7: Group group-7F8C1EEF2B2C not found.
	at org.apache.ratis.server.impl.RaftServerProxy.groupRemoveAsync(RaftServerProxy.java:494)
	at org.apache.ratis.server.impl.RaftServerProxy.groupManagementAsync(RaftServerProxy.java:450)
	at org.apache.ratis.server.impl.RaftServerProxy.groupManagement(RaftServerProxy.java:430)
	at org.apache.hadoop.ozone.container.common.transport.server.ratis.XceiverServerRatis.removeGroup(XceiverServerRatis.java:780)
	... 4 more
2020-12-29 02:32:54,748 [Command processor thread] WARN  server.RaftServer (RaftServerProxy.java:remove(99)) - 711a5d62-dee4-49d0-b2b9-1fce1aa24acb: does not contain group: group-9A41716FB576
2020-12-29 02:32:54,756 [Command processor thread] WARN  server.RaftServer (RaftServerProxy.java:remove(99)) - acc45ab6-017e-46ef-a2cf-eb53f92e8ea7: does not contain group: group-9A41716FB576
2020-12-29 02:32:54,756 [Command processor thread] ERROR commandhandler.ClosePipelineCommandHandler (ClosePipelineCommandHandler.java:handle(78)) - Can't close pipeline PipelineID=47ec387c-32a6-4581-a9f6-9a41716fb576
java.io.IOException: 711a5d62-dee4-49d0-b2b9-1fce1aa24acb: Group group-9A41716FB576 not found.
	at org.apache.hadoop.ozone.container.common.transport.server.ratis.XceiverServerRatis.removeGroup(XceiverServerRatis.java:782)
	at org.apache.hadoop.ozone.container.common.statemachine.commandhandler.ClosePipelineCommandHandler.handle(ClosePipelineCommandHandler.java:74)
	at org.apache.hadoop.ozone.container.common.statemachine.commandhandler.CommandDispatcher.handle(CommandDispatcher.java:99)
	at org.apache.hadoop.ozone.container.common.statemachine.DatanodeStateMachine.lambda$initCommandHandlerThread$2(DatanodeStateMachine.java:498)
	at java.lang.Thread.run(Thread.java:748)
Caused by: org.apache.ratis.protocol.exceptions.GroupMismatchException: 711a5d62-dee4-49d0-b2b9-1fce1aa24acb: Group group-9A41716FB576 not found.
	at org.apache.ratis.server.impl.RaftServerProxy.groupRemoveAsync(RaftServerProxy.java:494)
	at org.apache.ratis.server.impl.RaftServerProxy.groupManagementAsync(RaftServerProxy.java:450)
	at org.apache.ratis.server.impl.RaftServerProxy.groupManagement(RaftServerProxy.java:430)
	at org.apache.hadoop.ozone.container.common.transport.server.ratis.XceiverServerRatis.removeGroup(XceiverServerRatis.java:780)
	... 4 more
2020-12-29 02:32:54,756 [Command processor thread] ERROR commandhandler.ClosePipelineCommandHandler (ClosePipelineCommandHandler.java:handle(78)) - Can't close pipeline PipelineID=47ec387c-32a6-4581-a9f6-9a41716fb576
java.io.IOException: acc45ab6-017e-46ef-a2cf-eb53f92e8ea7: Group group-9A41716FB576 not found.
	at org.apache.hadoop.ozone.container.common.transport.server.ratis.XceiverServerRatis.removeGroup(XceiverServerRatis.java:782)
	at org.apache.hadoop.ozone.container.common.statemachine.commandhandler.ClosePipelineCommandHandler.handle(ClosePipelineCommandHandler.java:74)
	at org.apache.hadoop.ozone.container.common.statemachine.commandhandler.CommandDispatcher.handle(CommandDispatcher.java:99)
	at org.apache.hadoop.ozone.container.common.statemachine.DatanodeStateMachine.lambda$initCommandHandlerThread$2(DatanodeStateMachine.java:498)
	at java.lang.Thread.run(Thread.java:748)
Caused by: org.apache.ratis.protocol.exceptions.GroupMismatchException: acc45ab6-017e-46ef-a2cf-eb53f92e8ea7: Group group-9A41716FB576 not found.
	at org.apache.ratis.server.impl.RaftServerProxy.groupRemoveAsync(RaftServerProxy.java:494)
	at org.apache.ratis.server.impl.RaftServerProxy.groupManagementAsync(RaftServerProxy.java:450)
	at org.apache.ratis.server.impl.RaftServerProxy.groupManagement(RaftServerProxy.java:430)
	at org.apache.hadoop.ozone.container.common.transport.server.ratis.XceiverServerRatis.removeGroup(XceiverServerRatis.java:780)
	... 4 more
2020-12-29 02:32:54,756 [Command processor thread] WARN  server.RaftServer (RaftServerProxy.java:remove(99)) - 711a5d62-dee4-49d0-b2b9-1fce1aa24acb: does not contain group: group-60098F217E50
2020-12-29 02:32:54,756 [Command processor thread] ERROR commandhandler.ClosePipelineCommandHandler (ClosePipelineCommandHandler.java:handle(78)) - Can't close pipeline PipelineID=022782b4-27d9-49a2-a5ae-60098f217e50
java.io.IOException: 711a5d62-dee4-49d0-b2b9-1fce1aa24acb: Group group-60098F217E50 not found.
	at org.apache.hadoop.ozone.container.common.transport.server.ratis.XceiverServerRatis.removeGroup(XceiverServerRatis.java:782)
	at org.apache.hadoop.ozone.container.common.statemachine.commandhandler.ClosePipelineCommandHandler.handle(ClosePipelineCommandHandler.java:74)
	at org.apache.hadoop.ozone.container.common.statemachine.commandhandler.CommandDispatcher.handle(CommandDispatcher.java:99)
	at org.apache.hadoop.ozone.container.common.statemachine.DatanodeStateMachine.lambda$initCommandHandlerThread$2(DatanodeStateMachine.java:498)
	at java.lang.Thread.run(Thread.java:748)
Caused by: org.apache.ratis.protocol.exceptions.GroupMismatchException: 711a5d62-dee4-49d0-b2b9-1fce1aa24acb: Group group-60098F217E50 not found.
	at org.apache.ratis.server.impl.RaftServerProxy.groupRemoveAsync(RaftServerProxy.java:494)
	at org.apache.ratis.server.impl.RaftServerProxy.groupManagementAsync(RaftServerProxy.java:450)
	at org.apache.ratis.server.impl.RaftServerProxy.groupManagement(RaftServerProxy.java:430)
	at org.apache.hadoop.ozone.container.common.transport.server.ratis.XceiverServerRatis.removeGroup(XceiverServerRatis.java:780)
	... 4 more
2020-12-29 02:32:54,757 [Command processor thread] WARN  server.RaftServer (RaftServerProxy.java:remove(99)) - 711a5d62-dee4-49d0-b2b9-1fce1aa24acb: does not contain group: group-9A41716FB576
2020-12-29 02:32:54,757 [Command processor thread] ERROR commandhandler.ClosePipelineCommandHandler (ClosePipelineCommandHandler.java:handle(78)) - Can't close pipeline PipelineID=47ec387c-32a6-4581-a9f6-9a41716fb576
java.io.IOException: 711a5d62-dee4-49d0-b2b9-1fce1aa24acb: Group group-9A41716FB576 not found.
	at org.apache.hadoop.ozone.container.common.transport.server.ratis.XceiverServerRatis.removeGroup(XceiverServerRatis.java:782)
	at org.apache.hadoop.ozone.container.common.statemachine.commandhandler.ClosePipelineCommandHandler.handle(ClosePipelineCommandHandler.java:74)
	at org.apache.hadoop.ozone.container.common.statemachine.commandhandler.CommandDispatcher.handle(CommandDispatcher.java:99)
	at org.apache.hadoop.ozone.container.common.statemachine.DatanodeStateMachine.lambda$initCommandHandlerThread$2(DatanodeStateMachine.java:498)
	at java.lang.Thread.run(Thread.java:748)
Caused by: org.apache.ratis.protocol.exceptions.GroupMismatchException: 711a5d62-dee4-49d0-b2b9-1fce1aa24acb: Group group-9A41716FB576 not found.
	at org.apache.ratis.server.impl.RaftServerProxy.groupRemoveAsync(RaftServerProxy.java:494)
	at org.apache.ratis.server.impl.RaftServerProxy.groupManagementAsync(RaftServerProxy.java:450)
	at org.apache.ratis.server.impl.RaftServerProxy.groupManagement(RaftServerProxy.java:430)
	at org.apache.hadoop.ozone.container.common.transport.server.ratis.XceiverServerRatis.removeGroup(XceiverServerRatis.java:780)
	... 4 more
2020-12-29 02:32:54,757 [Command processor thread] WARN  server.RaftServer (RaftServerProxy.java:remove(99)) - 711a5d62-dee4-49d0-b2b9-1fce1aa24acb: does not contain group: group-60098F217E50
2020-12-29 02:32:54,757 [Command processor thread] ERROR commandhandler.ClosePipelineCommandHandler (ClosePipelineCommandHandler.java:handle(78)) - Can't close pipeline PipelineID=022782b4-27d9-49a2-a5ae-60098f217e50
java.io.IOException: 711a5d62-dee4-49d0-b2b9-1fce1aa24acb: Group group-60098F217E50 not found.
	at org.apache.hadoop.ozone.container.common.transport.server.ratis.XceiverServerRatis.removeGroup(XceiverServerRatis.java:782)
	at org.apache.hadoop.ozone.container.common.statemachine.commandhandler.ClosePipelineCommandHandler.handle(ClosePipelineCommandHandler.java:74)
	at org.apache.hadoop.ozone.container.common.statemachine.commandhandler.CommandDispatcher.handle(CommandDispatcher.java:99)
	at org.apache.hadoop.ozone.container.common.statemachine.DatanodeStateMachine.lambda$initCommandHandlerThread$2(DatanodeStateMachine.java:498)
	at java.lang.Thread.run(Thread.java:748)
Caused by: org.apache.ratis.protocol.exceptions.GroupMismatchException: 711a5d62-dee4-49d0-b2b9-1fce1aa24acb: Group group-60098F217E50 not found.
	at org.apache.ratis.server.impl.RaftServerProxy.groupRemoveAsync(RaftServerProxy.java:494)
	at org.apache.ratis.server.impl.RaftServerProxy.groupManagementAsync(RaftServerProxy.java:450)
	at org.apache.ratis.server.impl.RaftServerProxy.groupManagement(RaftServerProxy.java:430)
	at org.apache.hadoop.ozone.container.common.transport.server.ratis.XceiverServerRatis.removeGroup(XceiverServerRatis.java:780)
	... 4 more
2020-12-29 02:32:54,757 [Command processor thread] WARN  server.RaftServer (RaftServerProxy.java:remove(99)) - 711a5d62-dee4-49d0-b2b9-1fce1aa24acb: does not contain group: group-9A41716FB576
2020-12-29 02:32:54,757 [Command processor thread] ERROR commandhandler.ClosePipelineCommandHandler (ClosePipelineCommandHandler.java:handle(78)) - Can't close pipeline PipelineID=47ec387c-32a6-4581-a9f6-9a41716fb576
java.io.IOException: 711a5d62-dee4-49d0-b2b9-1fce1aa24acb: Group group-9A41716FB576 not found.
	at org.apache.hadoop.ozone.container.common.transport.server.ratis.XceiverServerRatis.removeGroup(XceiverServerRatis.java:782)
	at org.apache.hadoop.ozone.container.common.statemachine.commandhandler.ClosePipelineCommandHandler.handle(ClosePipelineCommandHandler.java:74)
	at org.apache.hadoop.ozone.container.common.statemachine.commandhandler.CommandDispatcher.handle(CommandDispatcher.java:99)
	at org.apache.hadoop.ozone.container.common.statemachine.DatanodeStateMachine.lambda$initCommandHandlerThread$2(DatanodeStateMachine.java:498)
	at java.lang.Thread.run(Thread.java:748)
Caused by: org.apache.ratis.protocol.exceptions.GroupMismatchException: 711a5d62-dee4-49d0-b2b9-1fce1aa24acb: Group group-9A41716FB576 not found.
	at org.apache.ratis.server.impl.RaftServerProxy.groupRemoveAsync(RaftServerProxy.java:494)
	at org.apache.ratis.server.impl.RaftServerProxy.groupManagementAsync(RaftServerProxy.java:450)
	at org.apache.ratis.server.impl.RaftServerProxy.groupManagement(RaftServerProxy.java:430)
	at org.apache.hadoop.ozone.container.common.transport.server.ratis.XceiverServerRatis.removeGroup(XceiverServerRatis.java:780)
	... 4 more
2020-12-29 02:32:54,757 [Command processor thread] WARN  server.RaftServer (RaftServerProxy.java:remove(99)) - 711a5d62-dee4-49d0-b2b9-1fce1aa24acb: does not contain group: group-60098F217E50
2020-12-29 02:32:54,757 [Command processor thread] ERROR commandhandler.ClosePipelineCommandHandler (ClosePipelineCommandHandler.java:handle(78)) - Can't close pipeline PipelineID=022782b4-27d9-49a2-a5ae-60098f217e50
java.io.IOException: 711a5d62-dee4-49d0-b2b9-1fce1aa24acb: Group group-60098F217E50 not found.
	at org.apache.hadoop.ozone.container.common.transport.server.ratis.XceiverServerRatis.removeGroup(XceiverServerRatis.java:782)
	at org.apache.hadoop.ozone.container.common.statemachine.commandhandler.ClosePipelineCommandHandler.handle(ClosePipelineCommandHandler.java:74)
	at org.apache.hadoop.ozone.container.common.statemachine.commandhandler.CommandDispatcher.handle(CommandDispatcher.java:99)
	at org.apache.hadoop.ozone.container.common.statemachine.DatanodeStateMachine.lambda$initCommandHandlerThread$2(DatanodeStateMachine.java:498)
	at java.lang.Thread.run(Thread.java:748)
Caused by: org.apache.ratis.protocol.exceptions.GroupMismatchException: 711a5d62-dee4-49d0-b2b9-1fce1aa24acb: Group group-60098F217E50 not found.
	at org.apache.ratis.server.impl.RaftServerProxy.groupRemoveAsync(RaftServerProxy.java:494)
	at org.apache.ratis.server.impl.RaftServerProxy.groupManagementAsync(RaftServerProxy.java:450)
	at org.apache.ratis.server.impl.RaftServerProxy.groupManagement(RaftServerProxy.java:430)
	at org.apache.hadoop.ozone.container.common.transport.server.ratis.XceiverServerRatis.removeGroup(XceiverServerRatis.java:780)
	... 4 more
2020-12-29 02:32:54,757 [Command processor thread] WARN  server.RaftServer (RaftServerProxy.java:remove(99)) - 711a5d62-dee4-49d0-b2b9-1fce1aa24acb: does not contain group: group-9A41716FB576
2020-12-29 02:32:54,757 [Command processor thread] ERROR commandhandler.ClosePipelineCommandHandler (ClosePipelineCommandHandler.java:handle(78)) - Can't close pipeline PipelineID=47ec387c-32a6-4581-a9f6-9a41716fb576
java.io.IOException: 711a5d62-dee4-49d0-b2b9-1fce1aa24acb: Group group-9A41716FB576 not found.
	at org.apache.hadoop.ozone.container.common.transport.server.ratis.XceiverServerRatis.removeGroup(XceiverServerRatis.java:782)
	at org.apache.hadoop.ozone.container.common.statemachine.commandhandler.ClosePipelineCommandHandler.handle(ClosePipelineCommandHandler.java:74)
	at org.apache.hadoop.ozone.container.common.statemachine.commandhandler.CommandDispatcher.handle(CommandDispatcher.java:99)
	at org.apache.hadoop.ozone.container.common.statemachine.DatanodeStateMachine.lambda$initCommandHandlerThread$2(DatanodeStateMachine.java:498)
	at java.lang.Thread.run(Thread.java:748)
Caused by: org.apache.ratis.protocol.exceptions.GroupMismatchException: 711a5d62-dee4-49d0-b2b9-1fce1aa24acb: Group group-9A41716FB576 not found.
	at org.apache.ratis.server.impl.RaftServerProxy.groupRemoveAsync(RaftServerProxy.java:494)
	at org.apache.ratis.server.impl.RaftServerProxy.groupManagementAsync(RaftServerProxy.java:450)
	at org.apache.ratis.server.impl.RaftServerProxy.groupManagement(RaftServerProxy.java:430)
	at org.apache.hadoop.ozone.container.common.transport.server.ratis.XceiverServerRatis.removeGroup(XceiverServerRatis.java:780)
	... 4 more
2020-12-29 02:32:54,757 [Command processor thread] WARN  server.RaftServer (RaftServerProxy.java:remove(99)) - 711a5d62-dee4-49d0-b2b9-1fce1aa24acb: does not contain group: group-60098F217E50
2020-12-29 02:32:54,757 [Command processor thread] ERROR commandhandler.ClosePipelineCommandHandler (ClosePipelineCommandHandler.java:handle(78)) - Can't close pipeline PipelineID=022782b4-27d9-49a2-a5ae-60098f217e50
java.io.IOException: 711a5d62-dee4-49d0-b2b9-1fce1aa24acb: Group group-60098F217E50 not found.
	at org.apache.hadoop.ozone.container.common.transport.server.ratis.XceiverServerRatis.removeGroup(XceiverServerRatis.java:782)
	at org.apache.hadoop.ozone.container.common.statemachine.commandhandler.ClosePipelineCommandHandler.handle(ClosePipelineCommandHandler.java:74)
	at org.apache.hadoop.ozone.container.common.statemachine.commandhandler.CommandDispatcher.handle(CommandDispatcher.java:99)
	at org.apache.hadoop.ozone.container.common.statemachine.DatanodeStateMachine.lambda$initCommandHandlerThread$2(DatanodeStateMachine.java:498)
	at java.lang.Thread.run(Thread.java:748)
Caused by: org.apache.ratis.protocol.exceptions.GroupMismatchException: 711a5d62-dee4-49d0-b2b9-1fce1aa24acb: Group group-60098F217E50 not found.
	at org.apache.ratis.server.impl.RaftServerProxy.groupRemoveAsync(RaftServerProxy.java:494)
	at org.apache.ratis.server.impl.RaftServerProxy.groupManagementAsync(RaftServerProxy.java:450)
	at org.apache.ratis.server.impl.RaftServerProxy.groupManagement(RaftServerProxy.java:430)
	at org.apache.hadoop.ozone.container.common.transport.server.ratis.XceiverServerRatis.removeGroup(XceiverServerRatis.java:780)
	... 4 more
2020-12-29 02:32:54,757 [Command processor thread] WARN  server.RaftServer (RaftServerProxy.java:remove(99)) - 711a5d62-dee4-49d0-b2b9-1fce1aa24acb: does not contain group: group-9A41716FB576
2020-12-29 02:32:54,757 [Command processor thread] ERROR commandhandler.ClosePipelineCommandHandler (ClosePipelineCommandHandler.java:handle(78)) - Can't close pipeline PipelineID=47ec387c-32a6-4581-a9f6-9a41716fb576
java.io.IOException: 711a5d62-dee4-49d0-b2b9-1fce1aa24acb: Group group-9A41716FB576 not found.
	at org.apache.hadoop.ozone.container.common.transport.server.ratis.XceiverServerRatis.removeGroup(XceiverServerRatis.java:782)
	at org.apache.hadoop.ozone.container.common.statemachine.commandhandler.ClosePipelineCommandHandler.handle(ClosePipelineCommandHandler.java:74)
	at org.apache.hadoop.ozone.container.common.statemachine.commandhandler.CommandDispatcher.handle(CommandDispatcher.java:99)
	at org.apache.hadoop.ozone.container.common.statemachine.DatanodeStateMachine.lambda$initCommandHandlerThread$2(DatanodeStateMachine.java:498)
	at java.lang.Thread.run(Thread.java:748)
Caused by: org.apache.ratis.protocol.exceptions.GroupMismatchException: 711a5d62-dee4-49d0-b2b9-1fce1aa24acb: Group group-9A41716FB576 not found.
	at org.apache.ratis.server.impl.RaftServerProxy.groupRemoveAsync(RaftServerProxy.java:494)
	at org.apache.ratis.server.impl.RaftServerProxy.groupManagementAsync(RaftServerProxy.java:450)
	at org.apache.ratis.server.impl.RaftServerProxy.groupManagement(RaftServerProxy.java:430)
	at org.apache.hadoop.ozone.container.common.transport.server.ratis.XceiverServerRatis.removeGroup(XceiverServerRatis.java:780)
	... 4 more
2020-12-29 02:32:54,758 [Command processor thread] WARN  server.RaftServer (RaftServerProxy.java:remove(99)) - 711a5d62-dee4-49d0-b2b9-1fce1aa24acb: does not contain group: group-60098F217E50
2020-12-29 02:32:54,758 [Command processor thread] ERROR commandhandler.ClosePipelineCommandHandler (ClosePipelineCommandHandler.java:handle(78)) - Can't close pipeline PipelineID=022782b4-27d9-49a2-a5ae-60098f217e50
java.io.IOException: 711a5d62-dee4-49d0-b2b9-1fce1aa24acb: Group group-60098F217E50 not found.
	at org.apache.hadoop.ozone.container.common.transport.server.ratis.XceiverServerRatis.removeGroup(XceiverServerRatis.java:782)
	at org.apache.hadoop.ozone.container.common.statemachine.commandhandler.ClosePipelineCommandHandler.handle(ClosePipelineCommandHandler.java:74)
	at org.apache.hadoop.ozone.container.common.statemachine.commandhandler.CommandDispatcher.handle(CommandDispatcher.java:99)
	at org.apache.hadoop.ozone.container.common.statemachine.DatanodeStateMachine.lambda$initCommandHandlerThread$2(DatanodeStateMachine.java:498)
	at java.lang.Thread.run(Thread.java:748)
Caused by: org.apache.ratis.protocol.exceptions.GroupMismatchException: 711a5d62-dee4-49d0-b2b9-1fce1aa24acb: Group group-60098F217E50 not found.
	at org.apache.ratis.server.impl.RaftServerProxy.groupRemoveAsync(RaftServerProxy.java:494)
	at org.apache.ratis.server.impl.RaftServerProxy.groupManagementAsync(RaftServerProxy.java:450)
	at org.apache.ratis.server.impl.RaftServerProxy.groupManagement(RaftServerProxy.java:430)
	at org.apache.hadoop.ozone.container.common.transport.server.ratis.XceiverServerRatis.removeGroup(XceiverServerRatis.java:780)
	... 4 more
2020-12-29 02:32:54,969 [ReplicationMonitor] WARN  container.ReplicationManager (ReplicationManager.java:handleUnderReplicatedContainer(751)) - Cannot replicate container #1, no healthy replica found.
2020-12-29 02:32:54,969 [ReplicationMonitor] INFO  container.ReplicationManager (ReplicationManager.java:forceCloseContainer(633)) - Force closing container #2 with BCSID 36, which is in QUASI_CLOSED state.
2020-12-29 02:32:54,969 [ReplicationMonitor] INFO  container.ReplicationManager (ReplicationManager.java:sendCloseCommand(948)) - Sending close container command for container #2 to datanode acc45ab6-017e-46ef-a2cf-eb53f92e8ea7{ip: 172.17.0.2, host: 3099d1499688, networkLocation: /default-rack, certSerialId: null, persistedOpState: ENTERING_MAINTENANCE, persistedOpStateExpiryEpochSec: 0}.
2020-12-29 02:32:54,969 [ReplicationMonitor] INFO  container.ReplicationManager (ReplicationManager.java:sendCloseCommand(948)) - Sending close container command for container #2 to datanode 711a5d62-dee4-49d0-b2b9-1fce1aa24acb{ip: 172.17.0.2, host: 3099d1499688, networkLocation: /default-rack, certSerialId: null, persistedOpState: ENTERING_MAINTENANCE, persistedOpStateExpiryEpochSec: 0}.
2020-12-29 02:32:54,969 [ReplicationMonitor] INFO  container.ReplicationManager (ReplicationManager.java:run(250)) - Replication Monitor Thread took 1 milliseconds for processing 4 containers.
2020-12-29 02:32:55,126 [DatanodeAdminManager-0] INFO  node.DatanodeAdminMonitorImpl (DatanodeAdminMonitorImpl.java:checkContainersReplicatedOnNode(297)) - 711a5d62-dee4-49d0-b2b9-1fce1aa24acb{ip: 172.17.0.2, host: 3099d1499688, networkLocation: /default-rack, certSerialId: null, persistedOpState: ENTERING_MAINTENANCE, persistedOpStateExpiryEpochSec: 0} has 0 sufficientlyReplicated, 2 underReplicated and 0 unhealthy containers
2020-12-29 02:32:55,126 [DatanodeAdminManager-0] INFO  node.DatanodeAdminMonitorImpl (DatanodeAdminMonitorImpl.java:checkContainersReplicatedOnNode(297)) - acc45ab6-017e-46ef-a2cf-eb53f92e8ea7{ip: 172.17.0.2, host: 3099d1499688, networkLocation: /default-rack, certSerialId: null, persistedOpState: ENTERING_MAINTENANCE, persistedOpStateExpiryEpochSec: 0} has 0 sufficientlyReplicated, 2 underReplicated and 0 unhealthy containers
2020-12-29 02:32:55,126 [DatanodeAdminManager-0] INFO  node.DatanodeAdminMonitorImpl (DatanodeAdminMonitorImpl.java:checkContainersReplicatedOnNode(297)) - 9465357b-4c2a-4b31-9d0e-a8957ee25dd0{ip: 172.17.0.2, host: 3099d1499688, networkLocation: /default-rack, certSerialId: null, persistedOpState: ENTERING_MAINTENANCE, persistedOpStateExpiryEpochSec: 0} has 0 sufficientlyReplicated, 2 underReplicated and 0 unhealthy containers
2020-12-29 02:32:55,126 [DatanodeAdminManager-0] INFO  node.DatanodeAdminMonitorImpl (DatanodeAdminMonitorImpl.java:run(136)) - There are 3 nodes tracked for decommission and maintenance. 0 pending nodes.
2020-12-29 02:32:55,704 [Command processor thread] INFO  server.RaftServer (RaftServerProxy.java:remove(104)) - 9465357b-4c2a-4b31-9d0e-a8957ee25dd0: remove  FOLLOWER 9465357b-4c2a-4b31-9d0e-a8957ee25dd0@group-9A41716FB576:t1, leader=711a5d62-dee4-49d0-b2b9-1fce1aa24acb, voted=711a5d62-dee4-49d0-b2b9-1fce1aa24acb, raftlog=9465357b-4c2a-4b31-9d0e-a8957ee25dd0@group-9A41716FB576-SegmentedRaftLog:OPENED:c42,f42,i42, conf=0: [711a5d62-dee4-49d0-b2b9-1fce1aa24acb|rpc:172.17.0.2:41697|dataStream:, acc45ab6-017e-46ef-a2cf-eb53f92e8ea7|rpc:172.17.0.2:40641|dataStream:, 9465357b-4c2a-4b31-9d0e-a8957ee25dd0|rpc:172.17.0.2:44375|dataStream:], old=null RUNNING
2020-12-29 02:32:55,704 [Command processor thread] INFO  server.RaftServer$Division (RaftServerImpl.java:lambda$close$4(397)) - 9465357b-4c2a-4b31-9d0e-a8957ee25dd0@group-9A41716FB576: shutdown
2020-12-29 02:32:55,704 [Command processor thread] INFO  util.JmxRegister (JmxRegister.java:unregister(73)) - Successfully un-registered JMX Bean with object name Ratis:service=RaftServer,group=group-9A41716FB576,id=9465357b-4c2a-4b31-9d0e-a8957ee25dd0
2020-12-29 02:32:55,704 [Command processor thread] INFO  impl.RoleInfo (RoleInfo.java:shutdownFollowerState(108)) - 9465357b-4c2a-4b31-9d0e-a8957ee25dd0: shutdown 9465357b-4c2a-4b31-9d0e-a8957ee25dd0@group-9A41716FB576-FollowerState
2020-12-29 02:32:55,704 [Command processor thread] INFO  impl.StateMachineUpdater (StateMachineUpdater.java:stopAndJoin(148)) - 9465357b-4c2a-4b31-9d0e-a8957ee25dd0@group-9A41716FB576-StateMachineUpdater: set stopIndex = 42
2020-12-29 02:32:55,705 [Thread-853] INFO  impl.FollowerState (FollowerState.java:run(142)) - 9465357b-4c2a-4b31-9d0e-a8957ee25dd0@group-9A41716FB576-FollowerState was interrupted: {}
java.lang.InterruptedException: sleep interrupted
	at java.lang.Thread.sleep(Native Method)
	at java.lang.Thread.sleep(Thread.java:340)
	at java.util.concurrent.TimeUnit.sleep(TimeUnit.java:386)
	at org.apache.ratis.util.TimeDuration.sleep(TimeDuration.java:319)
	at org.apache.ratis.util.TimeDuration.sleep(TimeDuration.java:304)
	at org.apache.ratis.server.impl.FollowerState.run(FollowerState.java:117)
2020-12-29 02:32:55,705 [9465357b-4c2a-4b31-9d0e-a8957ee25dd0@group-9A41716FB576-StateMachineUpdater] INFO  ratis.ContainerStateMachine (ContainerStateMachine.java:takeSnapshot(291)) - group-9A41716FB576: Taking a snapshot at:(t:1, i:42) file /github/workspace/mnt/ozone/hadoop-ozone/integration-test/target/test-dir/MiniOzoneClusterImpl-e6490a55-0da7-46e5-97f4-9b4e66d62915/datanode-2/data/ratis/47ec387c-32a6-4581-a9f6-9a41716fb576/sm/snapshot.1_42
2020-12-29 02:32:55,709 [9465357b-4c2a-4b31-9d0e-a8957ee25dd0@group-9A41716FB576-StateMachineUpdater] INFO  ratis.ContainerStateMachine (ContainerStateMachine.java:takeSnapshot(302)) - group-9A41716FB576: Finished taking a snapshot at:(t:1, i:42) file:/github/workspace/mnt/ozone/hadoop-ozone/integration-test/target/test-dir/MiniOzoneClusterImpl-e6490a55-0da7-46e5-97f4-9b4e66d62915/datanode-2/data/ratis/47ec387c-32a6-4581-a9f6-9a41716fb576/sm/snapshot.1_42 time:4
2020-12-29 02:32:55,709 [9465357b-4c2a-4b31-9d0e-a8957ee25dd0@group-9A41716FB576-StateMachineUpdater] INFO  impl.StateMachineUpdater (StateMachineUpdater.java:takeSnapshot(279)) - 9465357b-4c2a-4b31-9d0e-a8957ee25dd0@group-9A41716FB576-StateMachineUpdater: Took a snapshot at index 42
2020-12-29 02:32:55,709 [9465357b-4c2a-4b31-9d0e-a8957ee25dd0@group-9A41716FB576-StateMachineUpdater] INFO  impl.StateMachineUpdater (StateMachineUpdater.java:lambda$new$0(88)) - 9465357b-4c2a-4b31-9d0e-a8957ee25dd0@group-9A41716FB576-StateMachineUpdater: snapshotIndex: updateIncreasingly -1 -> 42
2020-12-29 02:32:55,710 [9465357b-4c2a-4b31-9d0e-a8957ee25dd0@group-9A41716FB576-StateMachineUpdater] INFO  metrics.RatisMetrics (RatisMetrics.java:unregister(43)) - Unregistering Metrics Registry : ratis.state_machine.9465357b-4c2a-4b31-9d0e-a8957ee25dd0@group-9A41716FB576
2020-12-29 02:32:55,710 [Command processor thread] INFO  server.RaftServer$Division (ServerState.java:close(406)) - 9465357b-4c2a-4b31-9d0e-a8957ee25dd0@group-9A41716FB576: closes. applyIndex: 42
2020-12-29 02:32:55,710 [9465357b-4c2a-4b31-9d0e-a8957ee25dd0@group-9A41716FB576-SegmentedRaftLogWorker] INFO  segmented.SegmentedRaftLogWorker (SegmentedRaftLogWorker.java:run(326)) - 9465357b-4c2a-4b31-9d0e-a8957ee25dd0@group-9A41716FB576-SegmentedRaftLogWorker was interrupted, exiting. There are 0 tasks remaining in the queue.
2020-12-29 02:32:55,710 [Command processor thread] INFO  segmented.SegmentedRaftLogWorker (SegmentedRaftLogWorker.java:close(236)) - 9465357b-4c2a-4b31-9d0e-a8957ee25dd0@group-9A41716FB576-SegmentedRaftLogWorker close()
2020-12-29 02:32:55,712 [Command processor thread] INFO  metrics.RatisMetrics (RatisMetrics.java:unregister(43)) - Unregistering Metrics Registry : ratis.log_worker.9465357b-4c2a-4b31-9d0e-a8957ee25dd0@group-9A41716FB576
2020-12-29 02:32:55,712 [Command processor thread] INFO  metrics.RatisMetrics (RatisMetrics.java:unregister(43)) - Unregistering Metrics Registry : ratis.leader_election.9465357b-4c2a-4b31-9d0e-a8957ee25dd0@group-9A41716FB576
2020-12-29 02:32:55,712 [Command processor thread] INFO  metrics.RatisMetrics (RatisMetrics.java:unregister(43)) - Unregistering Metrics Registry : ratis.server.9465357b-4c2a-4b31-9d0e-a8957ee25dd0@group-9A41716FB576
2020-12-29 02:32:55,716 [Command processor thread] INFO  keyvalue.KeyValueContainer (KeyValueContainer.java:flushAndSyncDB(388)) - Container 1 is synced with bcsId 40.
2020-12-29 02:32:55,716 [Command processor thread] INFO  keyvalue.KeyValueContainer (KeyValueContainer.java:flushAndSyncDB(388)) - Container 1 is synced with bcsId 40.
2020-12-29 02:32:55,722 [Command processor thread] INFO  keyvalue.KeyValueContainer (KeyValueContainer.java:flushAndSyncDB(388)) - Container 2 is synced with bcsId 36.
2020-12-29 02:32:55,722 [Command processor thread] INFO  keyvalue.KeyValueContainer (KeyValueContainer.java:flushAndSyncDB(388)) - Container 2 is synced with bcsId 36.
2020-12-29 02:32:55,724 [Command processor thread] INFO  server.RaftServer$Division (RaftServerImpl.java:groupRemove(367)) - 9465357b-4c2a-4b31-9d0e-a8957ee25dd0@group-9A41716FB576: Succeed to remove RaftStorageDirectory Storage Directory /github/workspace/mnt/ozone/hadoop-ozone/integration-test/target/test-dir/MiniOzoneClusterImpl-e6490a55-0da7-46e5-97f4-9b4e66d62915/datanode-2/data/ratis/47ec387c-32a6-4581-a9f6-9a41716fb576
2020-12-29 02:32:55,725 [Command processor thread] INFO  commandhandler.ClosePipelineCommandHandler (ClosePipelineCommandHandler.java:handle(75)) - Close Pipeline PipelineID=47ec387c-32a6-4581-a9f6-9a41716fb576 command on datanode 9465357b-4c2a-4b31-9d0e-a8957ee25dd0.
2020-12-29 02:32:55,725 [Command processor thread] INFO  server.RaftServer (RaftServerProxy.java:remove(104)) - 9465357b-4c2a-4b31-9d0e-a8957ee25dd0: remove    LEADER 9465357b-4c2a-4b31-9d0e-a8957ee25dd0@group-EDF47CB057C1:t1, leader=9465357b-4c2a-4b31-9d0e-a8957ee25dd0, voted=9465357b-4c2a-4b31-9d0e-a8957ee25dd0, raftlog=9465357b-4c2a-4b31-9d0e-a8957ee25dd0@group-EDF47CB057C1-SegmentedRaftLog:OPENED:c0,f0,i0, conf=0: [9465357b-4c2a-4b31-9d0e-a8957ee25dd0|rpc:172.17.0.2:44375|dataStream:], old=null RUNNING
2020-12-29 02:32:55,725 [Command processor thread] INFO  server.RaftServer$Division (RaftServerImpl.java:lambda$close$4(397)) - 9465357b-4c2a-4b31-9d0e-a8957ee25dd0@group-EDF47CB057C1: shutdown
2020-12-29 02:32:55,725 [Command processor thread] INFO  util.JmxRegister (JmxRegister.java:unregister(73)) - Successfully un-registered JMX Bean with object name Ratis:service=RaftServer,group=group-EDF47CB057C1,id=9465357b-4c2a-4b31-9d0e-a8957ee25dd0
2020-12-29 02:32:55,725 [Command processor thread] INFO  impl.RoleInfo (RoleInfo.java:shutdownLeaderState(91)) - 9465357b-4c2a-4b31-9d0e-a8957ee25dd0: shutdown 9465357b-4c2a-4b31-9d0e-a8957ee25dd0@group-EDF47CB057C1-LeaderStateImpl
2020-12-29 02:32:55,725 [Command processor thread] INFO  impl.PendingRequests (PendingRequests.java:sendNotLeaderResponses(249)) - 9465357b-4c2a-4b31-9d0e-a8957ee25dd0@group-EDF47CB057C1-PendingRequests: sendNotLeaderResponses
2020-12-29 02:32:55,725 [Command processor thread] INFO  metrics.RatisMetrics (RatisMetrics.java:unregister(43)) - Unregistering Metrics Registry : ratis.log_appender.9465357b-4c2a-4b31-9d0e-a8957ee25dd0@group-EDF47CB057C1
2020-12-29 02:32:55,725 [Command processor thread] INFO  metrics.RatisMetrics (RatisMetrics.java:unregister(43)) - Unregistering Metrics Registry : ratis.server.9465357b-4c2a-4b31-9d0e-a8957ee25dd0@group-EDF47CB057C1
2020-12-29 02:32:55,726 [Command processor thread] INFO  impl.StateMachineUpdater (StateMachineUpdater.java:stopAndJoin(148)) - 9465357b-4c2a-4b31-9d0e-a8957ee25dd0@group-EDF47CB057C1-StateMachineUpdater: set stopIndex = 0
2020-12-29 02:32:55,726 [9465357b-4c2a-4b31-9d0e-a8957ee25dd0@group-EDF47CB057C1-StateMachineUpdater] INFO  ratis.ContainerStateMachine (ContainerStateMachine.java:takeSnapshot(291)) - group-EDF47CB057C1: Taking a snapshot at:(t:1, i:0) file /github/workspace/mnt/ozone/hadoop-ozone/integration-test/target/test-dir/MiniOzoneClusterImpl-e6490a55-0da7-46e5-97f4-9b4e66d62915/datanode-2/data/ratis/97180043-18a6-4989-8bda-edf47cb057c1/sm/snapshot.1_0
2020-12-29 02:32:55,726 [9465357b-4c2a-4b31-9d0e-a8957ee25dd0@group-EDF47CB057C1-StateMachineUpdater] INFO  ratis.ContainerStateMachine (ContainerStateMachine.java:takeSnapshot(302)) - group-EDF47CB057C1: Finished taking a snapshot at:(t:1, i:0) file:/github/workspace/mnt/ozone/hadoop-ozone/integration-test/target/test-dir/MiniOzoneClusterImpl-e6490a55-0da7-46e5-97f4-9b4e66d62915/datanode-2/data/ratis/97180043-18a6-4989-8bda-edf47cb057c1/sm/snapshot.1_0 time:1
2020-12-29 02:32:55,727 [9465357b-4c2a-4b31-9d0e-a8957ee25dd0@group-EDF47CB057C1-StateMachineUpdater] INFO  impl.StateMachineUpdater (StateMachineUpdater.java:takeSnapshot(279)) - 9465357b-4c2a-4b31-9d0e-a8957ee25dd0@group-EDF47CB057C1-StateMachineUpdater: Took a snapshot at index 0
2020-12-29 02:32:55,727 [9465357b-4c2a-4b31-9d0e-a8957ee25dd0@group-EDF47CB057C1-StateMachineUpdater] INFO  impl.StateMachineUpdater (StateMachineUpdater.java:lambda$new$0(88)) - 9465357b-4c2a-4b31-9d0e-a8957ee25dd0@group-EDF47CB057C1-StateMachineUpdater: snapshotIndex: updateIncreasingly -1 -> 0
2020-12-29 02:32:55,727 [9465357b-4c2a-4b31-9d0e-a8957ee25dd0@group-EDF47CB057C1-StateMachineUpdater] INFO  metrics.RatisMetrics (RatisMetrics.java:unregister(43)) - Unregistering Metrics Registry : ratis.state_machine.9465357b-4c2a-4b31-9d0e-a8957ee25dd0@group-EDF47CB057C1
2020-12-29 02:32:55,727 [Command processor thread] INFO  server.RaftServer$Division (ServerState.java:close(406)) - 9465357b-4c2a-4b31-9d0e-a8957ee25dd0@group-EDF47CB057C1: closes. applyIndex: 0
2020-12-29 02:32:55,727 [9465357b-4c2a-4b31-9d0e-a8957ee25dd0@group-EDF47CB057C1-SegmentedRaftLogWorker] INFO  segmented.SegmentedRaftLogWorker (SegmentedRaftLogWorker.java:run(326)) - 9465357b-4c2a-4b31-9d0e-a8957ee25dd0@group-EDF47CB057C1-SegmentedRaftLogWorker was interrupted, exiting. There are 0 tasks remaining in the queue.
2020-12-29 02:32:55,727 [Command processor thread] INFO  segmented.SegmentedRaftLogWorker (SegmentedRaftLogWorker.java:close(236)) - 9465357b-4c2a-4b31-9d0e-a8957ee25dd0@group-EDF47CB057C1-SegmentedRaftLogWorker close()
2020-12-29 02:32:55,727 [Command processor thread] INFO  metrics.RatisMetrics (RatisMetrics.java:unregister(43)) - Unregistering Metrics Registry : ratis.log_worker.9465357b-4c2a-4b31-9d0e-a8957ee25dd0@group-EDF47CB057C1
2020-12-29 02:32:55,727 [Command processor thread] INFO  metrics.RatisMetrics (RatisMetrics.java:unregister(43)) - Unregistering Metrics Registry : ratis.leader_election.9465357b-4c2a-4b31-9d0e-a8957ee25dd0@group-EDF47CB057C1
2020-12-29 02:32:55,728 [Command processor thread] INFO  metrics.RatisMetrics (RatisMetrics.java:unregister(43)) - Unregistering Metrics Registry : ratis.server.9465357b-4c2a-4b31-9d0e-a8957ee25dd0@group-EDF47CB057C1
2020-12-29 02:32:55,728 [Command processor thread] INFO  server.RaftServer$Division (RaftServerImpl.java:groupRemove(367)) - 9465357b-4c2a-4b31-9d0e-a8957ee25dd0@group-EDF47CB057C1: Succeed to remove RaftStorageDirectory Storage Directory /github/workspace/mnt/ozone/hadoop-ozone/integration-test/target/test-dir/MiniOzoneClusterImpl-e6490a55-0da7-46e5-97f4-9b4e66d62915/datanode-2/data/ratis/97180043-18a6-4989-8bda-edf47cb057c1
2020-12-29 02:32:55,728 [Command processor thread] INFO  commandhandler.ClosePipelineCommandHandler (ClosePipelineCommandHandler.java:handle(75)) - Close Pipeline PipelineID=97180043-18a6-4989-8bda-edf47cb057c1 command on datanode 9465357b-4c2a-4b31-9d0e-a8957ee25dd0.
2020-12-29 02:32:55,729 [Command processor thread] WARN  server.RaftServer (RaftServerProxy.java:remove(99)) - 9465357b-4c2a-4b31-9d0e-a8957ee25dd0: does not contain group: group-9A41716FB576
2020-12-29 02:32:55,729 [Command processor thread] ERROR commandhandler.ClosePipelineCommandHandler (ClosePipelineCommandHandler.java:handle(78)) - Can't close pipeline PipelineID=47ec387c-32a6-4581-a9f6-9a41716fb576
java.io.IOException: 9465357b-4c2a-4b31-9d0e-a8957ee25dd0: Group group-9A41716FB576 not found.
	at org.apache.hadoop.ozone.container.common.transport.server.ratis.XceiverServerRatis.removeGroup(XceiverServerRatis.java:782)
	at org.apache.hadoop.ozone.container.common.statemachine.commandhandler.ClosePipelineCommandHandler.handle(ClosePipelineCommandHandler.java:74)
	at org.apache.hadoop.ozone.container.common.statemachine.commandhandler.CommandDispatcher.handle(CommandDispatcher.java:99)
	at org.apache.hadoop.ozone.container.common.statemachine.DatanodeStateMachine.lambda$initCommandHandlerThread$2(DatanodeStateMachine.java:498)
	at java.lang.Thread.run(Thread.java:748)
Caused by: org.apache.ratis.protocol.exceptions.GroupMismatchException: 9465357b-4c2a-4b31-9d0e-a8957ee25dd0: Group group-9A41716FB576 not found.
	at org.apache.ratis.server.impl.RaftServerProxy.groupRemoveAsync(RaftServerProxy.java:494)
	at org.apache.ratis.server.impl.RaftServerProxy.groupManagementAsync(RaftServerProxy.java:450)
	at org.apache.ratis.server.impl.RaftServerProxy.groupManagement(RaftServerProxy.java:430)
	at org.apache.hadoop.ozone.container.common.transport.server.ratis.XceiverServerRatis.removeGroup(XceiverServerRatis.java:780)
	... 4 more
2020-12-29 02:32:55,729 [Command processor thread] WARN  server.RaftServer (RaftServerProxy.java:remove(99)) - 9465357b-4c2a-4b31-9d0e-a8957ee25dd0: does not contain group: group-EDF47CB057C1
2020-12-29 02:32:55,729 [Command processor thread] ERROR commandhandler.ClosePipelineCommandHandler (ClosePipelineCommandHandler.java:handle(78)) - Can't close pipeline PipelineID=97180043-18a6-4989-8bda-edf47cb057c1
java.io.IOException: 9465357b-4c2a-4b31-9d0e-a8957ee25dd0: Group group-EDF47CB057C1 not found.
	at org.apache.hadoop.ozone.container.common.transport.server.ratis.XceiverServerRatis.removeGroup(XceiverServerRatis.java:782)
	at org.apache.hadoop.ozone.container.common.statemachine.commandhandler.ClosePipelineCommandHandler.handle(ClosePipelineCommandHandler.java:74)
	at org.apache.hadoop.ozone.container.common.statemachine.commandhandler.CommandDispatcher.handle(CommandDispatcher.java:99)
	at org.apache.hadoop.ozone.container.common.statemachine.DatanodeStateMachine.lambda$initCommandHandlerThread$2(DatanodeStateMachine.java:498)
	at java.lang.Thread.run(Thread.java:748)
Caused by: org.apache.ratis.protocol.exceptions.GroupMismatchException: 9465357b-4c2a-4b31-9d0e-a8957ee25dd0: Group group-EDF47CB057C1 not found.
	at org.apache.ratis.server.impl.RaftServerProxy.groupRemoveAsync(RaftServerProxy.java:494)
	at org.apache.ratis.server.impl.RaftServerProxy.groupManagementAsync(RaftServerProxy.java:450)
	at org.apache.ratis.server.impl.RaftServerProxy.groupManagement(RaftServerProxy.java:430)
	at org.apache.hadoop.ozone.container.common.transport.server.ratis.XceiverServerRatis.removeGroup(XceiverServerRatis.java:780)
	... 4 more
2020-12-29 02:32:55,729 [Command processor thread] WARN  server.RaftServer (RaftServerProxy.java:remove(99)) - 9465357b-4c2a-4b31-9d0e-a8957ee25dd0: does not contain group: group-9A41716FB576
2020-12-29 02:32:55,730 [Command processor thread] ERROR commandhandler.ClosePipelineCommandHandler (ClosePipelineCommandHandler.java:handle(78)) - Can't close pipeline PipelineID=47ec387c-32a6-4581-a9f6-9a41716fb576
java.io.IOException: 9465357b-4c2a-4b31-9d0e-a8957ee25dd0: Group group-9A41716FB576 not found.
	at org.apache.hadoop.ozone.container.common.transport.server.ratis.XceiverServerRatis.removeGroup(XceiverServerRatis.java:782)
	at org.apache.hadoop.ozone.container.common.statemachine.commandhandler.ClosePipelineCommandHandler.handle(ClosePipelineCommandHandler.java:74)
	at org.apache.hadoop.ozone.container.common.statemachine.commandhandler.CommandDispatcher.handle(CommandDispatcher.java:99)
	at org.apache.hadoop.ozone.container.common.statemachine.DatanodeStateMachine.lambda$initCommandHandlerThread$2(DatanodeStateMachine.java:498)
	at java.lang.Thread.run(Thread.java:748)
Caused by: org.apache.ratis.protocol.exceptions.GroupMismatchException: 9465357b-4c2a-4b31-9d0e-a8957ee25dd0: Group group-9A41716FB576 not found.
	at org.apache.ratis.server.impl.RaftServerProxy.groupRemoveAsync(RaftServerProxy.java:494)
	at org.apache.ratis.server.impl.RaftServerProxy.groupManagementAsync(RaftServerProxy.java:450)
	at org.apache.ratis.server.impl.RaftServerProxy.groupManagement(RaftServerProxy.java:430)
	at org.apache.hadoop.ozone.container.common.transport.server.ratis.XceiverServerRatis.removeGroup(XceiverServerRatis.java:780)
	... 4 more
2020-12-29 02:32:55,730 [Command processor thread] WARN  server.RaftServer (RaftServerProxy.java:remove(99)) - 9465357b-4c2a-4b31-9d0e-a8957ee25dd0: does not contain group: group-EDF47CB057C1
2020-12-29 02:32:55,730 [Command processor thread] ERROR commandhandler.ClosePipelineCommandHandler (ClosePipelineCommandHandler.java:handle(78)) - Can't close pipeline PipelineID=97180043-18a6-4989-8bda-edf47cb057c1
java.io.IOException: 9465357b-4c2a-4b31-9d0e-a8957ee25dd0: Group group-EDF47CB057C1 not found.
	at org.apache.hadoop.ozone.container.common.transport.server.ratis.XceiverServerRatis.removeGroup(XceiverServerRatis.java:782)
	at org.apache.hadoop.ozone.container.common.statemachine.commandhandler.ClosePipelineCommandHandler.handle(ClosePipelineCommandHandler.java:74)
	at org.apache.hadoop.ozone.container.common.statemachine.commandhandler.CommandDispatcher.handle(CommandDispatcher.java:99)
	at org.apache.hadoop.ozone.container.common.statemachine.DatanodeStateMachine.lambda$initCommandHandlerThread$2(DatanodeStateMachine.java:498)
	at java.lang.Thread.run(Thread.java:748)
Caused by: org.apache.ratis.protocol.exceptions.GroupMismatchException: 9465357b-4c2a-4b31-9d0e-a8957ee25dd0: Group group-EDF47CB057C1 not found.
	at org.apache.ratis.server.impl.RaftServerProxy.groupRemoveAsync(RaftServerProxy.java:494)
	at org.apache.ratis.server.impl.RaftServerProxy.groupManagementAsync(RaftServerProxy.java:450)
	at org.apache.ratis.server.impl.RaftServerProxy.groupManagement(RaftServerProxy.java:430)
	at org.apache.hadoop.ozone.container.common.transport.server.ratis.XceiverServerRatis.removeGroup(XceiverServerRatis.java:780)
	... 4 more
2020-12-29 02:32:55,730 [Command processor thread] WARN  server.RaftServer (RaftServerProxy.java:remove(99)) - 9465357b-4c2a-4b31-9d0e-a8957ee25dd0: does not contain group: group-9A41716FB576
2020-12-29 02:32:55,730 [Command processor thread] ERROR commandhandler.ClosePipelineCommandHandler (ClosePipelineCommandHandler.java:handle(78)) - Can't close pipeline PipelineID=47ec387c-32a6-4581-a9f6-9a41716fb576
java.io.IOException: 9465357b-4c2a-4b31-9d0e-a8957ee25dd0: Group group-9A41716FB576 not found.
	at org.apache.hadoop.ozone.container.common.transport.server.ratis.XceiverServerRatis.removeGroup(XceiverServerRatis.java:782)
	at org.apache.hadoop.ozone.container.common.statemachine.commandhandler.ClosePipelineCommandHandler.handle(ClosePipelineCommandHandler.java:74)
	at org.apache.hadoop.ozone.container.common.statemachine.commandhandler.CommandDispatcher.handle(CommandDispatcher.java:99)
	at org.apache.hadoop.ozone.container.common.statemachine.DatanodeStateMachine.lambda$initCommandHandlerThread$2(DatanodeStateMachine.java:498)
	at java.lang.Thread.run(Thread.java:748)
Caused by: org.apache.ratis.protocol.exceptions.GroupMismatchException: 9465357b-4c2a-4b31-9d0e-a8957ee25dd0: Group group-9A41716FB576 not found.
	at org.apache.ratis.server.impl.RaftServerProxy.groupRemoveAsync(RaftServerProxy.java:494)
	at org.apache.ratis.server.impl.RaftServerProxy.groupManagementAsync(RaftServerProxy.java:450)
	at org.apache.ratis.server.impl.RaftServerProxy.groupManagement(RaftServerProxy.java:430)
	at org.apache.hadoop.ozone.container.common.transport.server.ratis.XceiverServerRatis.removeGroup(XceiverServerRatis.java:780)
	... 4 more
2020-12-29 02:32:55,731 [Command processor thread] WARN  server.RaftServer (RaftServerProxy.java:remove(99)) - 9465357b-4c2a-4b31-9d0e-a8957ee25dd0: does not contain group: group-EDF47CB057C1
2020-12-29 02:32:55,731 [Command processor thread] ERROR commandhandler.ClosePipelineCommandHandler (ClosePipelineCommandHandler.java:handle(78)) - Can't close pipeline PipelineID=97180043-18a6-4989-8bda-edf47cb057c1
java.io.IOException: 9465357b-4c2a-4b31-9d0e-a8957ee25dd0: Group group-EDF47CB057C1 not found.
	at org.apache.hadoop.ozone.container.common.transport.server.ratis.XceiverServerRatis.removeGroup(XceiverServerRatis.java:782)
	at org.apache.hadoop.ozone.container.common.statemachine.commandhandler.ClosePipelineCommandHandler.handle(ClosePipelineCommandHandler.java:74)
	at org.apache.hadoop.ozone.container.common.statemachine.commandhandler.CommandDispatcher.handle(CommandDispatcher.java:99)
	at org.apache.hadoop.ozone.container.common.statemachine.DatanodeStateMachine.lambda$initCommandHandlerThread$2(DatanodeStateMachine.java:498)
	at java.lang.Thread.run(Thread.java:748)
Caused by: org.apache.ratis.protocol.exceptions.GroupMismatchException: 9465357b-4c2a-4b31-9d0e-a8957ee25dd0: Group group-EDF47CB057C1 not found.
	at org.apache.ratis.server.impl.RaftServerProxy.groupRemoveAsync(RaftServerProxy.java:494)
	at org.apache.ratis.server.impl.RaftServerProxy.groupManagementAsync(RaftServerProxy.java:450)
	at org.apache.ratis.server.impl.RaftServerProxy.groupManagement(RaftServerProxy.java:430)
	at org.apache.hadoop.ozone.container.common.transport.server.ratis.XceiverServerRatis.removeGroup(XceiverServerRatis.java:780)
	... 4 more
2020-12-29 02:32:55,731 [Command processor thread] WARN  server.RaftServer (RaftServerProxy.java:remove(99)) - 9465357b-4c2a-4b31-9d0e-a8957ee25dd0: does not contain group: group-9A41716FB576
2020-12-29 02:32:55,731 [Command processor thread] ERROR commandhandler.ClosePipelineCommandHandler (ClosePipelineCommandHandler.java:handle(78)) - Can't close pipeline PipelineID=47ec387c-32a6-4581-a9f6-9a41716fb576
java.io.IOException: 9465357b-4c2a-4b31-9d0e-a8957ee25dd0: Group group-9A41716FB576 not found.
	at org.apache.hadoop.ozone.container.common.transport.server.ratis.XceiverServerRatis.removeGroup(XceiverServerRatis.java:782)
	at org.apache.hadoop.ozone.container.common.statemachine.commandhandler.ClosePipelineCommandHandler.handle(ClosePipelineCommandHandler.java:74)
	at org.apache.hadoop.ozone.container.common.statemachine.commandhandler.CommandDispatcher.handle(CommandDispatcher.java:99)
	at org.apache.hadoop.ozone.container.common.statemachine.DatanodeStateMachine.lambda$initCommandHandlerThread$2(DatanodeStateMachine.java:498)
	at java.lang.Thread.run(Thread.java:748)
Caused by: org.apache.ratis.protocol.exceptions.GroupMismatchException: 9465357b-4c2a-4b31-9d0e-a8957ee25dd0: Group group-9A41716FB576 not found.
	at org.apache.ratis.server.impl.RaftServerProxy.groupRemoveAsync(RaftServerProxy.java:494)
	at org.apache.ratis.server.impl.RaftServerProxy.groupManagementAsync(RaftServerProxy.java:450)
	at org.apache.ratis.server.impl.RaftServerProxy.groupManagement(RaftServerProxy.java:430)
	at org.apache.hadoop.ozone.container.common.transport.server.ratis.XceiverServerRatis.removeGroup(XceiverServerRatis.java:780)
	... 4 more
2020-12-29 02:32:55,731 [Command processor thread] WARN  server.RaftServer (RaftServerProxy.java:remove(99)) - 9465357b-4c2a-4b31-9d0e-a8957ee25dd0: does not contain group: group-EDF47CB057C1
2020-12-29 02:32:55,731 [Command processor thread] ERROR commandhandler.ClosePipelineCommandHandler (ClosePipelineCommandHandler.java:handle(78)) - Can't close pipeline PipelineID=97180043-18a6-4989-8bda-edf47cb057c1
java.io.IOException: 9465357b-4c2a-4b31-9d0e-a8957ee25dd0: Group group-EDF47CB057C1 not found.
	at org.apache.hadoop.ozone.container.common.transport.server.ratis.XceiverServerRatis.removeGroup(XceiverServerRatis.java:782)
	at org.apache.hadoop.ozone.container.common.statemachine.commandhandler.ClosePipelineCommandHandler.handle(ClosePipelineCommandHandler.java:74)
	at org.apache.hadoop.ozone.container.common.statemachine.commandhandler.CommandDispatcher.handle(CommandDispatcher.java:99)
	at org.apache.hadoop.ozone.container.common.statemachine.DatanodeStateMachine.lambda$initCommandHandlerThread$2(DatanodeStateMachine.java:498)
	at java.lang.Thread.run(Thread.java:748)
Caused by: org.apache.ratis.protocol.exceptions.GroupMismatchException: 9465357b-4c2a-4b31-9d0e-a8957ee25dd0: Group group-EDF47CB057C1 not found.
	at org.apache.ratis.server.impl.RaftServerProxy.groupRemoveAsync(RaftServerProxy.java:494)
	at org.apache.ratis.server.impl.RaftServerProxy.groupManagementAsync(RaftServerProxy.java:450)
	at org.apache.ratis.server.impl.RaftServerProxy.groupManagement(RaftServerProxy.java:430)
	at org.apache.hadoop.ozone.container.common.transport.server.ratis.XceiverServerRatis.removeGroup(XceiverServerRatis.java:780)
	... 4 more
2020-12-29 02:32:55,731 [Command processor thread] WARN  server.RaftServer (RaftServerProxy.java:remove(99)) - 9465357b-4c2a-4b31-9d0e-a8957ee25dd0: does not contain group: group-9A41716FB576
2020-12-29 02:32:55,731 [Command processor thread] ERROR commandhandler.ClosePipelineCommandHandler (ClosePipelineCommandHandler.java:handle(78)) - Can't close pipeline PipelineID=47ec387c-32a6-4581-a9f6-9a41716fb576
java.io.IOException: 9465357b-4c2a-4b31-9d0e-a8957ee25dd0: Group group-9A41716FB576 not found.
	at org.apache.hadoop.ozone.container.common.transport.server.ratis.XceiverServerRatis.removeGroup(XceiverServerRatis.java:782)
	at org.apache.hadoop.ozone.container.common.statemachine.commandhandler.ClosePipelineCommandHandler.handle(ClosePipelineCommandHandler.java:74)
	at org.apache.hadoop.ozone.container.common.statemachine.commandhandler.CommandDispatcher.handle(CommandDispatcher.java:99)
	at org.apache.hadoop.ozone.container.common.statemachine.DatanodeStateMachine.lambda$initCommandHandlerThread$2(DatanodeStateMachine.java:498)
	at java.lang.Thread.run(Thread.java:748)
Caused by: org.apache.ratis.protocol.exceptions.GroupMismatchException: 9465357b-4c2a-4b31-9d0e-a8957ee25dd0: Group group-9A41716FB576 not found.
	at org.apache.ratis.server.impl.RaftServerProxy.groupRemoveAsync(RaftServerProxy.java:494)
	at org.apache.ratis.server.impl.RaftServerProxy.groupManagementAsync(RaftServerProxy.java:450)
	at org.apache.ratis.server.impl.RaftServerProxy.groupManagement(RaftServerProxy.java:430)
	at org.apache.hadoop.ozone.container.common.transport.server.ratis.XceiverServerRatis.removeGroup(XceiverServerRatis.java:780)
	... 4 more
2020-12-29 02:32:55,731 [Command processor thread] WARN  server.RaftServer (RaftServerProxy.java:remove(99)) - 9465357b-4c2a-4b31-9d0e-a8957ee25dd0: does not contain group: group-EDF47CB057C1
2020-12-29 02:32:55,732 [Command processor thread] ERROR commandhandler.ClosePipelineCommandHandler (ClosePipelineCommandHandler.java:handle(78)) - Can't close pipeline PipelineID=97180043-18a6-4989-8bda-edf47cb057c1
java.io.IOException: 9465357b-4c2a-4b31-9d0e-a8957ee25dd0: Group group-EDF47CB057C1 not found.
	at org.apache.hadoop.ozone.container.common.transport.server.ratis.XceiverServerRatis.removeGroup(XceiverServerRatis.java:782)
	at org.apache.hadoop.ozone.container.common.statemachine.commandhandler.ClosePipelineCommandHandler.handle(ClosePipelineCommandHandler.java:74)
	at org.apache.hadoop.ozone.container.common.statemachine.commandhandler.CommandDispatcher.handle(CommandDispatcher.java:99)
	at org.apache.hadoop.ozone.container.common.statemachine.DatanodeStateMachine.lambda$initCommandHandlerThread$2(DatanodeStateMachine.java:498)
	at java.lang.Thread.run(Thread.java:748)
Caused by: org.apache.ratis.protocol.exceptions.GroupMismatchException: 9465357b-4c2a-4b31-9d0e-a8957ee25dd0: Group group-EDF47CB057C1 not found.
	at org.apache.ratis.server.impl.RaftServerProxy.groupRemoveAsync(RaftServerProxy.java:494)
	at org.apache.ratis.server.impl.RaftServerProxy.groupManagementAsync(RaftServerProxy.java:450)
	at org.apache.ratis.server.impl.RaftServerProxy.groupManagement(RaftServerProxy.java:430)
	at org.apache.hadoop.ozone.container.common.transport.server.ratis.XceiverServerRatis.removeGroup(XceiverServerRatis.java:780)
	... 4 more
2020-12-29 02:32:55,732 [Command processor thread] WARN  server.RaftServer (RaftServerProxy.java:remove(99)) - 9465357b-4c2a-4b31-9d0e-a8957ee25dd0: does not contain group: group-9A41716FB576
2020-12-29 02:32:55,732 [Command processor thread] ERROR commandhandler.ClosePipelineCommandHandler (ClosePipelineCommandHandler.java:handle(78)) - Can't close pipeline PipelineID=47ec387c-32a6-4581-a9f6-9a41716fb576
java.io.IOException: 9465357b-4c2a-4b31-9d0e-a8957ee25dd0: Group group-9A41716FB576 not found.
	at org.apache.hadoop.ozone.container.common.transport.server.ratis.XceiverServerRatis.removeGroup(XceiverServerRatis.java:782)
	at org.apache.hadoop.ozone.container.common.statemachine.commandhandler.ClosePipelineCommandHandler.handle(ClosePipelineCommandHandler.java:74)
	at org.apache.hadoop.ozone.container.common.statemachine.commandhandler.CommandDispatcher.handle(CommandDispatcher.java:99)
	at org.apache.hadoop.ozone.container.common.statemachine.DatanodeStateMachine.lambda$initCommandHandlerThread$2(DatanodeStateMachine.java:498)
	at java.lang.Thread.run(Thread.java:748)
Caused by: org.apache.ratis.protocol.exceptions.GroupMismatchException: 9465357b-4c2a-4b31-9d0e-a8957ee25dd0: Group group-9A41716FB576 not found.
	at org.apache.ratis.server.impl.RaftServerProxy.groupRemoveAsync(RaftServerProxy.java:494)
	at org.apache.ratis.server.impl.RaftServerProxy.groupManagementAsync(RaftServerProxy.java:450)
	at org.apache.ratis.server.impl.RaftServerProxy.groupManagement(RaftServerProxy.java:430)
	at org.apache.hadoop.ozone.container.common.transport.server.ratis.XceiverServerRatis.removeGroup(XceiverServerRatis.java:780)
	... 4 more
2020-12-29 02:32:55,732 [Command processor thread] WARN  server.RaftServer (RaftServerProxy.java:remove(99)) - 9465357b-4c2a-4b31-9d0e-a8957ee25dd0: does not contain group: group-EDF47CB057C1
2020-12-29 02:32:55,732 [Command processor thread] ERROR commandhandler.ClosePipelineCommandHandler (ClosePipelineCommandHandler.java:handle(78)) - Can't close pipeline PipelineID=97180043-18a6-4989-8bda-edf47cb057c1
java.io.IOException: 9465357b-4c2a-4b31-9d0e-a8957ee25dd0: Group group-EDF47CB057C1 not found.
	at org.apache.hadoop.ozone.container.common.transport.server.ratis.XceiverServerRatis.removeGroup(XceiverServerRatis.java:782)
	at org.apache.hadoop.ozone.container.common.statemachine.commandhandler.ClosePipelineCommandHandler.handle(ClosePipelineCommandHandler.java:74)
	at org.apache.hadoop.ozone.container.common.statemachine.commandhandler.CommandDispatcher.handle(CommandDispatcher.java:99)
	at org.apache.hadoop.ozone.container.common.statemachine.DatanodeStateMachine.lambda$initCommandHandlerThread$2(DatanodeStateMachine.java:498)
	at java.lang.Thread.run(Thread.java:748)
Caused by: org.apache.ratis.protocol.exceptions.GroupMismatchException: 9465357b-4c2a-4b31-9d0e-a8957ee25dd0: Group group-EDF47CB057C1 not found.
	at org.apache.ratis.server.impl.RaftServerProxy.groupRemoveAsync(RaftServerProxy.java:494)
	at org.apache.ratis.server.impl.RaftServerProxy.groupManagementAsync(RaftServerProxy.java:450)
	at org.apache.ratis.server.impl.RaftServerProxy.groupManagement(RaftServerProxy.java:430)
	at org.apache.hadoop.ozone.container.common.transport.server.ratis.XceiverServerRatis.removeGroup(XceiverServerRatis.java:780)
	... 4 more
2020-12-29 02:32:55,970 [ReplicationMonitor] INFO  container.ReplicationManager (ReplicationManager.java:forceCloseContainer(633)) - Force closing container #1 with BCSID 40, which is in QUASI_CLOSED state.
2020-12-29 02:32:55,970 [ReplicationMonitor] INFO  container.ReplicationManager (ReplicationManager.java:sendCloseCommand(948)) - Sending close container command for container #1 to datanode 711a5d62-dee4-49d0-b2b9-1fce1aa24acb{ip: 172.17.0.2, host: 3099d1499688, networkLocation: /default-rack, certSerialId: null, persistedOpState: ENTERING_MAINTENANCE, persistedOpStateExpiryEpochSec: 0}.
2020-12-29 02:32:55,970 [ReplicationMonitor] INFO  container.ReplicationManager (ReplicationManager.java:sendCloseCommand(948)) - Sending close container command for container #1 to datanode acc45ab6-017e-46ef-a2cf-eb53f92e8ea7{ip: 172.17.0.2, host: 3099d1499688, networkLocation: /default-rack, certSerialId: null, persistedOpState: ENTERING_MAINTENANCE, persistedOpStateExpiryEpochSec: 0}.
2020-12-29 02:32:55,970 [ReplicationMonitor] INFO  container.ReplicationManager (ReplicationManager.java:forceCloseContainer(633)) - Force closing container #2 with BCSID 36, which is in QUASI_CLOSED state.
2020-12-29 02:32:55,970 [ReplicationMonitor] INFO  container.ReplicationManager (ReplicationManager.java:sendCloseCommand(948)) - Sending close container command for container #2 to datanode acc45ab6-017e-46ef-a2cf-eb53f92e8ea7{ip: 172.17.0.2, host: 3099d1499688, networkLocation: /default-rack, certSerialId: null, persistedOpState: ENTERING_MAINTENANCE, persistedOpStateExpiryEpochSec: 0}.
2020-12-29 02:32:55,971 [ReplicationMonitor] INFO  container.ReplicationManager (ReplicationManager.java:sendCloseCommand(948)) - Sending close container command for container #2 to datanode 711a5d62-dee4-49d0-b2b9-1fce1aa24acb{ip: 172.17.0.2, host: 3099d1499688, networkLocation: /default-rack, certSerialId: null, persistedOpState: ENTERING_MAINTENANCE, persistedOpStateExpiryEpochSec: 0}.
2020-12-29 02:32:55,971 [ReplicationMonitor] INFO  container.ReplicationManager (ReplicationManager.java:sendCloseCommand(948)) - Sending close container command for container #2 to datanode 9465357b-4c2a-4b31-9d0e-a8957ee25dd0{ip: 172.17.0.2, host: 3099d1499688, networkLocation: /default-rack, certSerialId: null, persistedOpState: ENTERING_MAINTENANCE, persistedOpStateExpiryEpochSec: 0}.
2020-12-29 02:32:55,971 [ReplicationMonitor] INFO  container.ReplicationManager (ReplicationManager.java:run(250)) - Replication Monitor Thread took 1 milliseconds for processing 4 containers.
2020-12-29 02:32:56,124 [DatanodeAdminManager-0] INFO  node.DatanodeAdminMonitorImpl (DatanodeAdminMonitorImpl.java:checkContainersReplicatedOnNode(297)) - 711a5d62-dee4-49d0-b2b9-1fce1aa24acb{ip: 172.17.0.2, host: 3099d1499688, networkLocation: /default-rack, certSerialId: null, persistedOpState: ENTERING_MAINTENANCE, persistedOpStateExpiryEpochSec: 0} has 0 sufficientlyReplicated, 2 underReplicated and 0 unhealthy containers
2020-12-29 02:32:56,124 [DatanodeAdminManager-0] INFO  node.DatanodeAdminMonitorImpl (DatanodeAdminMonitorImpl.java:checkContainersReplicatedOnNode(297)) - acc45ab6-017e-46ef-a2cf-eb53f92e8ea7{ip: 172.17.0.2, host: 3099d1499688, networkLocation: /default-rack, certSerialId: null, persistedOpState: ENTERING_MAINTENANCE, persistedOpStateExpiryEpochSec: 0} has 0 sufficientlyReplicated, 2 underReplicated and 0 unhealthy containers
2020-12-29 02:32:56,124 [DatanodeAdminManager-0] INFO  node.DatanodeAdminMonitorImpl (DatanodeAdminMonitorImpl.java:checkContainersReplicatedOnNode(297)) - 9465357b-4c2a-4b31-9d0e-a8957ee25dd0{ip: 172.17.0.2, host: 3099d1499688, networkLocation: /default-rack, certSerialId: null, persistedOpState: ENTERING_MAINTENANCE, persistedOpStateExpiryEpochSec: 0} has 0 sufficientlyReplicated, 2 underReplicated and 0 unhealthy containers
2020-12-29 02:32:56,124 [DatanodeAdminManager-0] INFO  node.DatanodeAdminMonitorImpl (DatanodeAdminMonitorImpl.java:run(136)) - There are 3 nodes tracked for decommission and maintenance. 0 pending nodes.
2020-12-29 02:32:56,726 [Command processor thread] WARN  server.RaftServer (RaftServerProxy.java:remove(99)) - acc45ab6-017e-46ef-a2cf-eb53f92e8ea7: does not contain group: group-7F8C1EEF2B2C
2020-12-29 02:32:56,726 [Command processor thread] ERROR commandhandler.ClosePipelineCommandHandler (ClosePipelineCommandHandler.java:handle(78)) - Can't close pipeline PipelineID=dc72fea7-13da-4210-9746-7f8c1eef2b2c
java.io.IOException: acc45ab6-017e-46ef-a2cf-eb53f92e8ea7: Group group-7F8C1EEF2B2C not found.
	at org.apache.hadoop.ozone.container.common.transport.server.ratis.XceiverServerRatis.removeGroup(XceiverServerRatis.java:782)
	at org.apache.hadoop.ozone.container.common.statemachine.commandhandler.ClosePipelineCommandHandler.handle(ClosePipelineCommandHandler.java:74)
	at org.apache.hadoop.ozone.container.common.statemachine.commandhandler.CommandDispatcher.handle(CommandDispatcher.java:99)
	at org.apache.hadoop.ozone.container.common.statemachine.DatanodeStateMachine.lambda$initCommandHandlerThread$2(DatanodeStateMachine.java:498)
	at java.lang.Thread.run(Thread.java:748)
Caused by: org.apache.ratis.protocol.exceptions.GroupMismatchException: acc45ab6-017e-46ef-a2cf-eb53f92e8ea7: Group group-7F8C1EEF2B2C not found.
	at org.apache.ratis.server.impl.RaftServerProxy.groupRemoveAsync(RaftServerProxy.java:494)
	at org.apache.ratis.server.impl.RaftServerProxy.groupManagementAsync(RaftServerProxy.java:450)
	at org.apache.ratis.server.impl.RaftServerProxy.groupManagement(RaftServerProxy.java:430)
	at org.apache.hadoop.ozone.container.common.transport.server.ratis.XceiverServerRatis.removeGroup(XceiverServerRatis.java:780)
	... 4 more
2020-12-29 02:32:56,726 [Command processor thread] WARN  server.RaftServer (RaftServerProxy.java:remove(99)) - acc45ab6-017e-46ef-a2cf-eb53f92e8ea7: does not contain group: group-9A41716FB576
2020-12-29 02:32:56,726 [Command processor thread] ERROR commandhandler.ClosePipelineCommandHandler (ClosePipelineCommandHandler.java:handle(78)) - Can't close pipeline PipelineID=47ec387c-32a6-4581-a9f6-9a41716fb576
java.io.IOException: acc45ab6-017e-46ef-a2cf-eb53f92e8ea7: Group group-9A41716FB576 not found.
	at org.apache.hadoop.ozone.container.common.transport.server.ratis.XceiverServerRatis.removeGroup(XceiverServerRatis.java:782)
	at org.apache.hadoop.ozone.container.common.statemachine.commandhandler.ClosePipelineCommandHandler.handle(ClosePipelineCommandHandler.java:74)
	at org.apache.hadoop.ozone.container.common.statemachine.commandhandler.CommandDispatcher.handle(CommandDispatcher.java:99)
	at org.apache.hadoop.ozone.container.common.statemachine.DatanodeStateMachine.lambda$initCommandHandlerThread$2(DatanodeStateMachine.java:498)
	at java.lang.Thread.run(Thread.java:748)
Caused by: org.apache.ratis.protocol.exceptions.GroupMismatchException: acc45ab6-017e-46ef-a2cf-eb53f92e8ea7: Group group-9A41716FB576 not found.
	at org.apache.ratis.server.impl.RaftServerProxy.groupRemoveAsync(RaftServerProxy.java:494)
	at org.apache.ratis.server.impl.RaftServerProxy.groupManagementAsync(RaftServerProxy.java:450)
	at org.apache.ratis.server.impl.RaftServerProxy.groupManagement(RaftServerProxy.java:430)
	at org.apache.hadoop.ozone.container.common.transport.server.ratis.XceiverServerRatis.removeGroup(XceiverServerRatis.java:780)
	... 4 more
2020-12-29 02:32:56,727 [Command processor thread] INFO  keyvalue.KeyValueContainer (KeyValueContainer.java:flushAndSyncDB(388)) - Container 2 is synced with bcsId 36.
2020-12-29 02:32:56,727 [Command processor thread] INFO  keyvalue.KeyValueContainer (KeyValueContainer.java:flushAndSyncDB(388)) - Container 2 is synced with bcsId 36.
2020-12-29 02:32:56,730 [Command processor thread] WARN  server.RaftServer (RaftServerProxy.java:remove(99)) - 711a5d62-dee4-49d0-b2b9-1fce1aa24acb: does not contain group: group-9A41716FB576
2020-12-29 02:32:56,730 [Command processor thread] ERROR commandhandler.ClosePipelineCommandHandler (ClosePipelineCommandHandler.java:handle(78)) - Can't close pipeline PipelineID=47ec387c-32a6-4581-a9f6-9a41716fb576
java.io.IOException: 711a5d62-dee4-49d0-b2b9-1fce1aa24acb: Group group-9A41716FB576 not found.
	at org.apache.hadoop.ozone.container.common.transport.server.ratis.XceiverServerRatis.removeGroup(XceiverServerRatis.java:782)
	at org.apache.hadoop.ozone.container.common.statemachine.commandhandler.ClosePipelineCommandHandler.handle(ClosePipelineCommandHandler.java:74)
	at org.apache.hadoop.ozone.container.common.statemachine.commandhandler.CommandDispatcher.handle(CommandDispatcher.java:99)
	at org.apache.hadoop.ozone.container.common.statemachine.DatanodeStateMachine.lambda$initCommandHandlerThread$2(DatanodeStateMachine.java:498)
	at java.lang.Thread.run(Thread.java:748)
Caused by: org.apache.ratis.protocol.exceptions.GroupMismatchException: 711a5d62-dee4-49d0-b2b9-1fce1aa24acb: Group group-9A41716FB576 not found.
	at org.apache.ratis.server.impl.RaftServerProxy.groupRemoveAsync(RaftServerProxy.java:494)
	at org.apache.ratis.server.impl.RaftServerProxy.groupManagementAsync(RaftServerProxy.java:450)
	at org.apache.ratis.server.impl.RaftServerProxy.groupManagement(RaftServerProxy.java:430)
	at org.apache.hadoop.ozone.container.common.transport.server.ratis.XceiverServerRatis.removeGroup(XceiverServerRatis.java:780)
	... 4 more
2020-12-29 02:32:56,730 [Command processor thread] WARN  server.RaftServer (RaftServerProxy.java:remove(99)) - 711a5d62-dee4-49d0-b2b9-1fce1aa24acb: does not contain group: group-60098F217E50
2020-12-29 02:32:56,730 [Command processor thread] ERROR commandhandler.ClosePipelineCommandHandler (ClosePipelineCommandHandler.java:handle(78)) - Can't close pipeline PipelineID=022782b4-27d9-49a2-a5ae-60098f217e50
java.io.IOException: 711a5d62-dee4-49d0-b2b9-1fce1aa24acb: Group group-60098F217E50 not found.
	at org.apache.hadoop.ozone.container.common.transport.server.ratis.XceiverServerRatis.removeGroup(XceiverServerRatis.java:782)
	at org.apache.hadoop.ozone.container.common.statemachine.commandhandler.ClosePipelineCommandHandler.handle(ClosePipelineCommandHandler.java:74)
	at org.apache.hadoop.ozone.container.common.statemachine.commandhandler.CommandDispatcher.handle(CommandDispatcher.java:99)
	at org.apache.hadoop.ozone.container.common.statemachine.DatanodeStateMachine.lambda$initCommandHandlerThread$2(DatanodeStateMachine.java:498)
	at java.lang.Thread.run(Thread.java:748)
Caused by: org.apache.ratis.protocol.exceptions.GroupMismatchException: 711a5d62-dee4-49d0-b2b9-1fce1aa24acb: Group group-60098F217E50 not found.
	at org.apache.ratis.server.impl.RaftServerProxy.groupRemoveAsync(RaftServerProxy.java:494)
	at org.apache.ratis.server.impl.RaftServerProxy.groupManagementAsync(RaftServerProxy.java:450)
	at org.apache.ratis.server.impl.RaftServerProxy.groupManagement(RaftServerProxy.java:430)
	at org.apache.hadoop.ozone.container.common.transport.server.ratis.XceiverServerRatis.removeGroup(XceiverServerRatis.java:780)
	... 4 more
2020-12-29 02:32:56,730 [Command processor thread] INFO  keyvalue.KeyValueContainer (KeyValueContainer.java:flushAndSyncDB(388)) - Container 2 is synced with bcsId 36.
2020-12-29 02:32:56,730 [Command processor thread] INFO  keyvalue.KeyValueContainer (KeyValueContainer.java:flushAndSyncDB(388)) - Container 2 is synced with bcsId 36.
2020-12-29 02:32:56,731 [Command processor thread] INFO  keyvalue.KeyValueContainer (KeyValueContainer.java:close(326)) - Container 2 is closed with bcsId 36.
2020-12-29 02:32:56,732 [Command processor thread] INFO  keyvalue.KeyValueContainer (KeyValueContainer.java:flushAndSyncDB(388)) - Container 1 is synced with bcsId 40.
2020-12-29 02:32:56,732 [Command processor thread] INFO  keyvalue.KeyValueContainer (KeyValueContainer.java:flushAndSyncDB(388)) - Container 1 is synced with bcsId 40.
2020-12-29 02:32:56,732 [EventQueue-IncrementalContainerReportForIncrementalContainerReportHandler] INFO  container.IncrementalContainerReportHandler (AbstractContainerReportHandler.java:updateContainerState(241)) - Moving container #2 to CLOSED state, datanode acc45ab6-017e-46ef-a2cf-eb53f92e8ea7{ip: 172.17.0.2, host: 3099d1499688, networkLocation: /default-rack, certSerialId: null, persistedOpState: ENTERING_MAINTENANCE, persistedOpStateExpiryEpochSec: 0} reported CLOSED replica.
2020-12-29 02:32:56,733 [Command processor thread] INFO  keyvalue.KeyValueContainer (KeyValueContainer.java:close(326)) - Container 2 is closed with bcsId 36.
2020-12-29 02:32:56,734 [Command processor thread] WARN  server.RaftServer (RaftServerProxy.java:remove(99)) - 711a5d62-dee4-49d0-b2b9-1fce1aa24acb: does not contain group: group-9A41716FB576
2020-12-29 02:32:56,734 [Command processor thread] ERROR commandhandler.ClosePipelineCommandHandler (ClosePipelineCommandHandler.java:handle(78)) - Can't close pipeline PipelineID=47ec387c-32a6-4581-a9f6-9a41716fb576
java.io.IOException: 711a5d62-dee4-49d0-b2b9-1fce1aa24acb: Group group-9A41716FB576 not found.
	at org.apache.hadoop.ozone.container.common.transport.server.ratis.XceiverServerRatis.removeGroup(XceiverServerRatis.java:782)
	at org.apache.hadoop.ozone.container.common.statemachine.commandhandler.ClosePipelineCommandHandler.handle(ClosePipelineCommandHandler.java:74)
	at org.apache.hadoop.ozone.container.common.statemachine.commandhandler.CommandDispatcher.handle(CommandDispatcher.java:99)
	at org.apache.hadoop.ozone.container.common.statemachine.DatanodeStateMachine.lambda$initCommandHandlerThread$2(DatanodeStateMachine.java:498)
	at java.lang.Thread.run(Thread.java:748)
Caused by: org.apache.ratis.protocol.exceptions.GroupMismatchException: 711a5d62-dee4-49d0-b2b9-1fce1aa24acb: Group group-9A41716FB576 not found.
	at org.apache.ratis.server.impl.RaftServerProxy.groupRemoveAsync(RaftServerProxy.java:494)
	at org.apache.ratis.server.impl.RaftServerProxy.groupManagementAsync(RaftServerProxy.java:450)
	at org.apache.ratis.server.impl.RaftServerProxy.groupManagement(RaftServerProxy.java:430)
	at org.apache.hadoop.ozone.container.common.transport.server.ratis.XceiverServerRatis.removeGroup(XceiverServerRatis.java:780)
	... 4 more
2020-12-29 02:32:56,734 [Command processor thread] WARN  server.RaftServer (RaftServerProxy.java:remove(99)) - 711a5d62-dee4-49d0-b2b9-1fce1aa24acb: does not contain group: group-60098F217E50
2020-12-29 02:32:56,734 [Command processor thread] ERROR commandhandler.ClosePipelineCommandHandler (ClosePipelineCommandHandler.java:handle(78)) - Can't close pipeline PipelineID=022782b4-27d9-49a2-a5ae-60098f217e50
java.io.IOException: 711a5d62-dee4-49d0-b2b9-1fce1aa24acb: Group group-60098F217E50 not found.
	at org.apache.hadoop.ozone.container.common.transport.server.ratis.XceiverServerRatis.removeGroup(XceiverServerRatis.java:782)
	at org.apache.hadoop.ozone.container.common.statemachine.commandhandler.ClosePipelineCommandHandler.handle(ClosePipelineCommandHandler.java:74)
	at org.apache.hadoop.ozone.container.common.statemachine.commandhandler.CommandDispatcher.handle(CommandDispatcher.java:99)
	at org.apache.hadoop.ozone.container.common.statemachine.DatanodeStateMachine.lambda$initCommandHandlerThread$2(DatanodeStateMachine.java:498)
	at java.lang.Thread.run(Thread.java:748)
Caused by: org.apache.ratis.protocol.exceptions.GroupMismatchException: 711a5d62-dee4-49d0-b2b9-1fce1aa24acb: Group group-60098F217E50 not found.
	at org.apache.ratis.server.impl.RaftServerProxy.groupRemoveAsync(RaftServerProxy.java:494)
	at org.apache.ratis.server.impl.RaftServerProxy.groupManagementAsync(RaftServerProxy.java:450)
	at org.apache.ratis.server.impl.RaftServerProxy.groupManagement(RaftServerProxy.java:430)
	at org.apache.hadoop.ozone.container.common.transport.server.ratis.XceiverServerRatis.removeGroup(XceiverServerRatis.java:780)
	... 4 more
2020-12-29 02:32:56,734 [Command processor thread] INFO  keyvalue.KeyValueContainer (KeyValueContainer.java:flushAndSyncDB(388)) - Container 1 is synced with bcsId 40.
2020-12-29 02:32:56,734 [Command processor thread] INFO  keyvalue.KeyValueContainer (KeyValueContainer.java:flushAndSyncDB(388)) - Container 1 is synced with bcsId 40.
2020-12-29 02:32:56,736 [Command processor thread] INFO  keyvalue.KeyValueContainer (KeyValueContainer.java:close(326)) - Container 1 is closed with bcsId 40.
2020-12-29 02:32:56,737 [Command processor thread] INFO  keyvalue.KeyValueContainer (KeyValueContainer.java:close(326)) - Container 1 is closed with bcsId 40.
2020-12-29 02:32:56,737 [EventQueue-IncrementalContainerReportForIncrementalContainerReportHandler] INFO  container.IncrementalContainerReportHandler (AbstractContainerReportHandler.java:updateContainerState(241)) - Moving container #1 to CLOSED state, datanode 711a5d62-dee4-49d0-b2b9-1fce1aa24acb{ip: 172.17.0.2, host: 3099d1499688, networkLocation: /default-rack, certSerialId: null, persistedOpState: ENTERING_MAINTENANCE, persistedOpStateExpiryEpochSec: 0} reported CLOSED replica.
2020-12-29 02:32:56,971 [ReplicationMonitor] INFO  container.ReplicationManager (ReplicationManager.java:handleUnderReplicatedContainer(722)) - Container #1 is under replicated. Expected replica count is 3, but found 1.
2020-12-29 02:32:56,972 [ReplicationMonitor] INFO  container.ReplicationManager (ReplicationManager.java:sendReplicateCommand(970)) - Sending replicate container command for container #1 to datanode 4cac4d95-f3be-45f6-9a5a-d8dab57b636d{ip: 172.17.0.2, host: 3099d1499688, networkLocation: /default-rack, certSerialId: null, persistedOpState: IN_SERVICE, persistedOpStateExpiryEpochSec: 0}
2020-12-29 02:32:56,972 [ReplicationMonitor] INFO  container.ReplicationManager (ReplicationManager.java:sendReplicateCommand(970)) - Sending replicate container command for container #1 to datanode 1bcfb908-c5ae-427d-a09f-f15a855158d1{ip: 172.17.0.2, host: 3099d1499688, networkLocation: /default-rack, certSerialId: null, persistedOpState: IN_SERVICE, persistedOpStateExpiryEpochSec: 0}
2020-12-29 02:32:56,972 [ReplicationMonitor] INFO  container.ReplicationManager (ReplicationManager.java:handleUnderReplicatedContainer(722)) - Container #2 is under replicated. Expected replica count is 3, but found 1.
2020-12-29 02:32:56,972 [ReplicationMonitor] INFO  container.ReplicationManager (ReplicationManager.java:sendReplicateCommand(970)) - Sending replicate container command for container #2 to datanode 4cac4d95-f3be-45f6-9a5a-d8dab57b636d{ip: 172.17.0.2, host: 3099d1499688, networkLocation: /default-rack, certSerialId: null, persistedOpState: IN_SERVICE, persistedOpStateExpiryEpochSec: 0}
2020-12-29 02:32:56,972 [ReplicationMonitor] INFO  container.ReplicationManager (ReplicationManager.java:sendReplicateCommand(970)) - Sending replicate container command for container #2 to datanode 1bcfb908-c5ae-427d-a09f-f15a855158d1{ip: 172.17.0.2, host: 3099d1499688, networkLocation: /default-rack, certSerialId: null, persistedOpState: IN_SERVICE, persistedOpStateExpiryEpochSec: 0}
2020-12-29 02:32:56,973 [ReplicationMonitor] INFO  container.ReplicationManager (ReplicationManager.java:run(250)) - Replication Monitor Thread took 2 milliseconds for processing 4 containers.
2020-12-29 02:32:57,124 [DatanodeAdminManager-0] INFO  node.DatanodeAdminMonitorImpl (DatanodeAdminMonitorImpl.java:checkContainersReplicatedOnNode(297)) - 711a5d62-dee4-49d0-b2b9-1fce1aa24acb{ip: 172.17.0.2, host: 3099d1499688, networkLocation: /default-rack, certSerialId: null, persistedOpState: ENTERING_MAINTENANCE, persistedOpStateExpiryEpochSec: 0} has 0 sufficientlyReplicated, 2 underReplicated and 0 unhealthy containers
2020-12-29 02:32:57,124 [DatanodeAdminManager-0] INFO  node.DatanodeAdminMonitorImpl (DatanodeAdminMonitorImpl.java:checkContainersReplicatedOnNode(297)) - acc45ab6-017e-46ef-a2cf-eb53f92e8ea7{ip: 172.17.0.2, host: 3099d1499688, networkLocation: /default-rack, certSerialId: null, persistedOpState: ENTERING_MAINTENANCE, persistedOpStateExpiryEpochSec: 0} has 0 sufficientlyReplicated, 2 underReplicated and 0 unhealthy containers
2020-12-29 02:32:57,124 [DatanodeAdminManager-0] INFO  node.DatanodeAdminMonitorImpl (DatanodeAdminMonitorImpl.java:checkContainersReplicatedOnNode(297)) - 9465357b-4c2a-4b31-9d0e-a8957ee25dd0{ip: 172.17.0.2, host: 3099d1499688, networkLocation: /default-rack, certSerialId: null, persistedOpState: ENTERING_MAINTENANCE, persistedOpStateExpiryEpochSec: 0} has 0 sufficientlyReplicated, 2 underReplicated and 0 unhealthy containers
2020-12-29 02:32:57,124 [DatanodeAdminManager-0] INFO  node.DatanodeAdminMonitorImpl (DatanodeAdminMonitorImpl.java:run(136)) - There are 3 nodes tracked for decommission and maintenance. 0 pending nodes.
2020-12-29 02:32:57,723 [Command processor thread] WARN  server.RaftServer (RaftServerProxy.java:remove(99)) - 9465357b-4c2a-4b31-9d0e-a8957ee25dd0: does not contain group: group-9A41716FB576
2020-12-29 02:32:57,724 [Command processor thread] ERROR commandhandler.ClosePipelineCommandHandler (ClosePipelineCommandHandler.java:handle(78)) - Can't close pipeline PipelineID=47ec387c-32a6-4581-a9f6-9a41716fb576
java.io.IOException: 9465357b-4c2a-4b31-9d0e-a8957ee25dd0: Group group-9A41716FB576 not found.
	at org.apache.hadoop.ozone.container.common.transport.server.ratis.XceiverServerRatis.removeGroup(XceiverServerRatis.java:782)
	at org.apache.hadoop.ozone.container.common.statemachine.commandhandler.ClosePipelineCommandHandler.handle(ClosePipelineCommandHandler.java:74)
	at org.apache.hadoop.ozone.container.common.statemachine.commandhandler.CommandDispatcher.handle(CommandDispatcher.java:99)
	at org.apache.hadoop.ozone.container.common.statemachine.DatanodeStateMachine.lambda$initCommandHandlerThread$2(DatanodeStateMachine.java:498)
	at java.lang.Thread.run(Thread.java:748)
Caused by: org.apache.ratis.protocol.exceptions.GroupMismatchException: 9465357b-4c2a-4b31-9d0e-a8957ee25dd0: Group group-9A41716FB576 not found.
	at org.apache.ratis.server.impl.RaftServerProxy.groupRemoveAsync(RaftServerProxy.java:494)
	at org.apache.ratis.server.impl.RaftServerProxy.groupManagementAsync(RaftServerProxy.java:450)
	at org.apache.ratis.server.impl.RaftServerProxy.groupManagement(RaftServerProxy.java:430)
	at org.apache.hadoop.ozone.container.common.transport.server.ratis.XceiverServerRatis.removeGroup(XceiverServerRatis.java:780)
	... 4 more
2020-12-29 02:32:57,724 [Command processor thread] WARN  server.RaftServer (RaftServerProxy.java:remove(99)) - 9465357b-4c2a-4b31-9d0e-a8957ee25dd0: does not contain group: group-EDF47CB057C1
2020-12-29 02:32:57,724 [Command processor thread] ERROR commandhandler.ClosePipelineCommandHandler (ClosePipelineCommandHandler.java:handle(78)) - Can't close pipeline PipelineID=97180043-18a6-4989-8bda-edf47cb057c1
java.io.IOException: 9465357b-4c2a-4b31-9d0e-a8957ee25dd0: Group group-EDF47CB057C1 not found.
	at org.apache.hadoop.ozone.container.common.transport.server.ratis.XceiverServerRatis.removeGroup(XceiverServerRatis.java:782)
	at org.apache.hadoop.ozone.container.common.statemachine.commandhandler.ClosePipelineCommandHandler.handle(ClosePipelineCommandHandler.java:74)
	at org.apache.hadoop.ozone.container.common.statemachine.commandhandler.CommandDispatcher.handle(CommandDispatcher.java:99)
	at org.apache.hadoop.ozone.container.common.statemachine.DatanodeStateMachine.lambda$initCommandHandlerThread$2(DatanodeStateMachine.java:498)
	at java.lang.Thread.run(Thread.java:748)
Caused by: org.apache.ratis.protocol.exceptions.GroupMismatchException: 9465357b-4c2a-4b31-9d0e-a8957ee25dd0: Group group-EDF47CB057C1 not found.
	at org.apache.ratis.server.impl.RaftServerProxy.groupRemoveAsync(RaftServerProxy.java:494)
	at org.apache.ratis.server.impl.RaftServerProxy.groupManagementAsync(RaftServerProxy.java:450)
	at org.apache.ratis.server.impl.RaftServerProxy.groupManagement(RaftServerProxy.java:430)
	at org.apache.hadoop.ozone.container.common.transport.server.ratis.XceiverServerRatis.removeGroup(XceiverServerRatis.java:780)
	... 4 more
2020-12-29 02:32:57,729 [Command processor thread] INFO  keyvalue.KeyValueContainer (KeyValueContainer.java:flushAndSyncDB(388)) - Container 2 is synced with bcsId 36.
2020-12-29 02:32:57,729 [Command processor thread] INFO  keyvalue.KeyValueContainer (KeyValueContainer.java:flushAndSyncDB(388)) - Container 2 is synced with bcsId 36.
2020-12-29 02:32:57,732 [Command processor thread] INFO  keyvalue.KeyValueContainer (KeyValueContainer.java:close(326)) - Container 2 is closed with bcsId 36.
2020-12-29 02:32:57,973 [ReplicationMonitor] INFO  container.ReplicationManager (ReplicationManager.java:run(250)) - Replication Monitor Thread took 1 milliseconds for processing 4 containers.
2020-12-29 02:32:58,066 [ContainerReplicationThread-0] INFO  replication.DownloadAndImportReplicator (DownloadAndImportReplicator.java:replicate(106)) - Starting replication of container 1 from [711a5d62-dee4-49d0-b2b9-1fce1aa24acb{ip: 172.17.0.2, host: 3099d1499688, networkLocation: /default-rack, certSerialId: null, persistedOpState: ENTERING_MAINTENANCE, persistedOpStateExpiryEpochSec: 0}, acc45ab6-017e-46ef-a2cf-eb53f92e8ea7{ip: 172.17.0.2, host: 3099d1499688, networkLocation: /default-rack, certSerialId: null, persistedOpState: ENTERING_MAINTENANCE, persistedOpStateExpiryEpochSec: 0}, 9465357b-4c2a-4b31-9d0e-a8957ee25dd0{ip: 172.17.0.2, host: 3099d1499688, networkLocation: /default-rack, certSerialId: null, persistedOpState: ENTERING_MAINTENANCE, persistedOpStateExpiryEpochSec: 0}]
2020-12-29 02:32:58,069 [ContainerReplicationThread-1] INFO  replication.DownloadAndImportReplicator (DownloadAndImportReplicator.java:replicate(106)) - Starting replication of container 2 from [711a5d62-dee4-49d0-b2b9-1fce1aa24acb{ip: 172.17.0.2, host: 3099d1499688, networkLocation: /default-rack, certSerialId: null, persistedOpState: ENTERING_MAINTENANCE, persistedOpStateExpiryEpochSec: 0}, acc45ab6-017e-46ef-a2cf-eb53f92e8ea7{ip: 172.17.0.2, host: 3099d1499688, networkLocation: /default-rack, certSerialId: null, persistedOpState: ENTERING_MAINTENANCE, persistedOpStateExpiryEpochSec: 0}, 9465357b-4c2a-4b31-9d0e-a8957ee25dd0{ip: 172.17.0.2, host: 3099d1499688, networkLocation: /default-rack, certSerialId: null, persistedOpState: ENTERING_MAINTENANCE, persistedOpStateExpiryEpochSec: 0}]
2020-12-29 02:32:58,072 [grpc-default-executor-4] INFO  replication.GrpcReplicationService (GrpcReplicationService.java:download(52)) - Streaming container data (1) to other datanode
2020-12-29 02:32:58,084 [grpc-default-executor-4] INFO  replication.GrpcOutputStream (GrpcOutputStream.java:close(104)) - Sent 9839 bytes for container 1
2020-12-29 02:32:58,085 [grpc-default-executor-2] INFO  replication.GrpcReplicationClient (GrpcReplicationClient.java:onCompleted(177)) - Container 1 is downloaded to /github/workspace/mnt/ozone/hadoop-ozone/integration-test/target/test-dir/MiniOzoneClusterImpl-e6490a55-0da7-46e5-97f4-9b4e66d62915/datanode-5/data/replication/work/container-1.tar.gz
2020-12-29 02:32:58,087 [ContainerReplicationThread-0] INFO  replication.DownloadAndImportReplicator (DownloadAndImportReplicator.java:replicate(117)) - Container 1 is downloaded, starting to import.
2020-12-29 02:32:58,087 [grpc-default-executor-2] INFO  replication.GrpcReplicationService (GrpcReplicationService.java:download(52)) - Streaming container data (2) to other datanode
2020-12-29 02:32:58,094 [grpc-default-executor-2] INFO  replication.GrpcOutputStream (GrpcOutputStream.java:close(104)) - Sent 9719 bytes for container 2
2020-12-29 02:32:58,095 [grpc-default-executor-4] INFO  replication.GrpcReplicationClient (GrpcReplicationClient.java:onCompleted(177)) - Container 2 is downloaded to /github/workspace/mnt/ozone/hadoop-ozone/integration-test/target/test-dir/MiniOzoneClusterImpl-e6490a55-0da7-46e5-97f4-9b4e66d62915/datanode-5/data/replication/work/container-2.tar.gz
2020-12-29 02:32:58,097 [ContainerReplicationThread-1] INFO  replication.DownloadAndImportReplicator (DownloadAndImportReplicator.java:replicate(117)) - Container 2 is downloaded, starting to import.
2020-12-29 02:32:58,117 [ContainerReplicationThread-0] INFO  replication.DownloadAndImportReplicator (DownloadAndImportReplicator.java:replicate(120)) - Container 1 is replicated successfully
2020-12-29 02:32:58,117 [ContainerReplicationThread-0] INFO  replication.ReplicationSupervisor (ReplicationSupervisor.java:run(146)) - Container 1 is replicated.
2020-12-29 02:32:58,123 [DatanodeAdminManager-0] INFO  node.DatanodeAdminMonitorImpl (DatanodeAdminMonitorImpl.java:checkContainersReplicatedOnNode(297)) - 711a5d62-dee4-49d0-b2b9-1fce1aa24acb{ip: 172.17.0.2, host: 3099d1499688, networkLocation: /default-rack, certSerialId: null, persistedOpState: ENTERING_MAINTENANCE, persistedOpStateExpiryEpochSec: 0} has 0 sufficientlyReplicated, 2 underReplicated and 0 unhealthy containers
2020-12-29 02:32:58,124 [DatanodeAdminManager-0] INFO  node.DatanodeAdminMonitorImpl (DatanodeAdminMonitorImpl.java:checkContainersReplicatedOnNode(297)) - acc45ab6-017e-46ef-a2cf-eb53f92e8ea7{ip: 172.17.0.2, host: 3099d1499688, networkLocation: /default-rack, certSerialId: null, persistedOpState: ENTERING_MAINTENANCE, persistedOpStateExpiryEpochSec: 0} has 0 sufficientlyReplicated, 2 underReplicated and 0 unhealthy containers
2020-12-29 02:32:58,124 [DatanodeAdminManager-0] INFO  node.DatanodeAdminMonitorImpl (DatanodeAdminMonitorImpl.java:checkContainersReplicatedOnNode(297)) - 9465357b-4c2a-4b31-9d0e-a8957ee25dd0{ip: 172.17.0.2, host: 3099d1499688, networkLocation: /default-rack, certSerialId: null, persistedOpState: ENTERING_MAINTENANCE, persistedOpStateExpiryEpochSec: 0} has 0 sufficientlyReplicated, 2 underReplicated and 0 unhealthy containers
2020-12-29 02:32:58,124 [DatanodeAdminManager-0] INFO  node.DatanodeAdminMonitorImpl (DatanodeAdminMonitorImpl.java:run(136)) - There are 3 nodes tracked for decommission and maintenance. 0 pending nodes.
2020-12-29 02:32:58,127 [ContainerReplicationThread-1] INFO  replication.DownloadAndImportReplicator (DownloadAndImportReplicator.java:replicate(120)) - Container 2 is replicated successfully
2020-12-29 02:32:58,127 [ContainerReplicationThread-1] INFO  replication.ReplicationSupervisor (ReplicationSupervisor.java:run(146)) - Container 2 is replicated.
2020-12-29 02:32:58,974 [ReplicationMonitor] INFO  container.ReplicationManager (ReplicationManager.java:run(250)) - Replication Monitor Thread took 0 milliseconds for processing 4 containers.
2020-12-29 02:32:59,063 [ContainerReplicationThread-1] INFO  replication.DownloadAndImportReplicator (DownloadAndImportReplicator.java:replicate(106)) - Starting replication of container 2 from [711a5d62-dee4-49d0-b2b9-1fce1aa24acb{ip: 172.17.0.2, host: 3099d1499688, networkLocation: /default-rack, certSerialId: null, persistedOpState: ENTERING_MAINTENANCE, persistedOpStateExpiryEpochSec: 0}, acc45ab6-017e-46ef-a2cf-eb53f92e8ea7{ip: 172.17.0.2, host: 3099d1499688, networkLocation: /default-rack, certSerialId: null, persistedOpState: ENTERING_MAINTENANCE, persistedOpStateExpiryEpochSec: 0}, 9465357b-4c2a-4b31-9d0e-a8957ee25dd0{ip: 172.17.0.2, host: 3099d1499688, networkLocation: /default-rack, certSerialId: null, persistedOpState: ENTERING_MAINTENANCE, persistedOpStateExpiryEpochSec: 0}]
2020-12-29 02:32:59,064 [ContainerReplicationThread-0] INFO  replication.DownloadAndImportReplicator (DownloadAndImportReplicator.java:replicate(106)) - Starting replication of container 1 from [711a5d62-dee4-49d0-b2b9-1fce1aa24acb{ip: 172.17.0.2, host: 3099d1499688, networkLocation: /default-rack, certSerialId: null, persistedOpState: ENTERING_MAINTENANCE, persistedOpStateExpiryEpochSec: 0}, acc45ab6-017e-46ef-a2cf-eb53f92e8ea7{ip: 172.17.0.2, host: 3099d1499688, networkLocation: /default-rack, certSerialId: null, persistedOpState: ENTERING_MAINTENANCE, persistedOpStateExpiryEpochSec: 0}, 9465357b-4c2a-4b31-9d0e-a8957ee25dd0{ip: 172.17.0.2, host: 3099d1499688, networkLocation: /default-rack, certSerialId: null, persistedOpState: ENTERING_MAINTENANCE, persistedOpStateExpiryEpochSec: 0}]
2020-12-29 02:32:59,069 [grpc-default-executor-2] INFO  replication.GrpcReplicationService (GrpcReplicationService.java:download(52)) - Streaming container data (2) to other datanode
2020-12-29 02:32:59,073 [grpc-default-executor-4] INFO  replication.GrpcReplicationService (GrpcReplicationService.java:download(52)) - Streaming container data (1) to other datanode
2020-12-29 02:32:59,079 [grpc-default-executor-4] INFO  replication.GrpcOutputStream (GrpcOutputStream.java:close(104)) - Sent 9837 bytes for container 1
2020-12-29 02:32:59,080 [grpc-default-executor-4] INFO  replication.GrpcReplicationClient (GrpcReplicationClient.java:onCompleted(177)) - Container 1 is downloaded to /github/workspace/mnt/ozone/hadoop-ozone/integration-test/target/test-dir/MiniOzoneClusterImpl-e6490a55-0da7-46e5-97f4-9b4e66d62915/datanode-4/data/replication/work/container-1.tar.gz
2020-12-29 02:32:59,082 [ContainerReplicationThread-0] INFO  replication.DownloadAndImportReplicator (DownloadAndImportReplicator.java:replicate(117)) - Container 1 is downloaded, starting to import.
2020-12-29 02:32:59,105 [grpc-default-executor-2] INFO  replication.GrpcOutputStream (GrpcOutputStream.java:close(104)) - Sent 17221 bytes for container 2
2020-12-29 02:32:59,107 [grpc-default-executor-2] INFO  replication.GrpcReplicationClient (GrpcReplicationClient.java:onCompleted(177)) - Container 2 is downloaded to /github/workspace/mnt/ozone/hadoop-ozone/integration-test/target/test-dir/MiniOzoneClusterImpl-e6490a55-0da7-46e5-97f4-9b4e66d62915/datanode-4/data/replication/work/container-2.tar.gz
2020-12-29 02:32:59,108 [ContainerReplicationThread-1] INFO  replication.DownloadAndImportReplicator (DownloadAndImportReplicator.java:replicate(117)) - Container 2 is downloaded, starting to import.
2020-12-29 02:32:59,121 [ContainerReplicationThread-1] INFO  replication.DownloadAndImportReplicator (DownloadAndImportReplicator.java:replicate(120)) - Container 2 is replicated successfully
2020-12-29 02:32:59,121 [ContainerReplicationThread-1] INFO  replication.ReplicationSupervisor (ReplicationSupervisor.java:run(146)) - Container 2 is replicated.
2020-12-29 02:32:59,123 [DatanodeAdminManager-0] INFO  node.DatanodeAdminMonitorImpl (DatanodeAdminMonitorImpl.java:checkContainersReplicatedOnNode(297)) - 711a5d62-dee4-49d0-b2b9-1fce1aa24acb{ip: 172.17.0.2, host: 3099d1499688, networkLocation: /default-rack, certSerialId: null, persistedOpState: ENTERING_MAINTENANCE, persistedOpStateExpiryEpochSec: 0} has 1 sufficientlyReplicated, 1 underReplicated and 0 unhealthy containers
2020-12-29 02:32:59,124 [DatanodeAdminManager-0] INFO  node.DatanodeAdminMonitorImpl (DatanodeAdminMonitorImpl.java:checkContainersReplicatedOnNode(297)) - acc45ab6-017e-46ef-a2cf-eb53f92e8ea7{ip: 172.17.0.2, host: 3099d1499688, networkLocation: /default-rack, certSerialId: null, persistedOpState: ENTERING_MAINTENANCE, persistedOpStateExpiryEpochSec: 0} has 1 sufficientlyReplicated, 1 underReplicated and 0 unhealthy containers
2020-12-29 02:32:59,124 [DatanodeAdminManager-0] INFO  node.DatanodeAdminMonitorImpl (DatanodeAdminMonitorImpl.java:checkContainersReplicatedOnNode(297)) - 9465357b-4c2a-4b31-9d0e-a8957ee25dd0{ip: 172.17.0.2, host: 3099d1499688, networkLocation: /default-rack, certSerialId: null, persistedOpState: ENTERING_MAINTENANCE, persistedOpStateExpiryEpochSec: 0} has 1 sufficientlyReplicated, 1 underReplicated and 0 unhealthy containers
2020-12-29 02:32:59,124 [DatanodeAdminManager-0] INFO  node.DatanodeAdminMonitorImpl (DatanodeAdminMonitorImpl.java:run(136)) - There are 3 nodes tracked for decommission and maintenance. 0 pending nodes.
2020-12-29 02:32:59,133 [ContainerReplicationThread-0] INFO  replication.DownloadAndImportReplicator (DownloadAndImportReplicator.java:replicate(120)) - Container 1 is replicated successfully
2020-12-29 02:32:59,133 [ContainerReplicationThread-0] INFO  replication.ReplicationSupervisor (ReplicationSupervisor.java:run(146)) - Container 1 is replicated.
2020-12-29 02:32:59,975 [ReplicationMonitor] INFO  container.ReplicationManager (ReplicationManager.java:run(250)) - Replication Monitor Thread took 1 milliseconds for processing 4 containers.
2020-12-29 02:33:00,124 [DatanodeAdminManager-0] INFO  node.DatanodeAdminMonitorImpl (DatanodeAdminMonitorImpl.java:checkContainersReplicatedOnNode(297)) - 711a5d62-dee4-49d0-b2b9-1fce1aa24acb{ip: 172.17.0.2, host: 3099d1499688, networkLocation: /default-rack, certSerialId: null, persistedOpState: ENTERING_MAINTENANCE, persistedOpStateExpiryEpochSec: 0} has 2 sufficientlyReplicated, 0 underReplicated and 0 unhealthy containers
2020-12-29 02:33:00,124 [DatanodeAdminManager-0] INFO  node.DatanodeAdminMonitorImpl (DatanodeAdminMonitorImpl.java:putIntoMaintenance(313)) - Datanode 711a5d62-dee4-49d0-b2b9-1fce1aa24acb{ip: 172.17.0.2, host: 3099d1499688, networkLocation: /default-rack, certSerialId: null, persistedOpState: ENTERING_MAINTENANCE, persistedOpStateExpiryEpochSec: 0} has entered maintenance
2020-12-29 02:33:00,124 [DatanodeAdminManager-0] INFO  node.DatanodeAdminMonitorImpl (DatanodeAdminMonitorImpl.java:checkContainersReplicatedOnNode(297)) - acc45ab6-017e-46ef-a2cf-eb53f92e8ea7{ip: 172.17.0.2, host: 3099d1499688, networkLocation: /default-rack, certSerialId: null, persistedOpState: ENTERING_MAINTENANCE, persistedOpStateExpiryEpochSec: 0} has 2 sufficientlyReplicated, 0 underReplicated and 0 unhealthy containers
2020-12-29 02:33:00,124 [DatanodeAdminManager-0] INFO  node.DatanodeAdminMonitorImpl (DatanodeAdminMonitorImpl.java:putIntoMaintenance(313)) - Datanode acc45ab6-017e-46ef-a2cf-eb53f92e8ea7{ip: 172.17.0.2, host: 3099d1499688, networkLocation: /default-rack, certSerialId: null, persistedOpState: ENTERING_MAINTENANCE, persistedOpStateExpiryEpochSec: 0} has entered maintenance
2020-12-29 02:33:00,124 [DatanodeAdminManager-0] INFO  node.DatanodeAdminMonitorImpl (DatanodeAdminMonitorImpl.java:checkContainersReplicatedOnNode(297)) - 9465357b-4c2a-4b31-9d0e-a8957ee25dd0{ip: 172.17.0.2, host: 3099d1499688, networkLocation: /default-rack, certSerialId: null, persistedOpState: ENTERING_MAINTENANCE, persistedOpStateExpiryEpochSec: 0} has 2 sufficientlyReplicated, 0 underReplicated and 0 unhealthy containers
2020-12-29 02:33:00,125 [DatanodeAdminManager-0] INFO  node.DatanodeAdminMonitorImpl (DatanodeAdminMonitorImpl.java:putIntoMaintenance(313)) - Datanode 9465357b-4c2a-4b31-9d0e-a8957ee25dd0{ip: 172.17.0.2, host: 3099d1499688, networkLocation: /default-rack, certSerialId: null, persistedOpState: ENTERING_MAINTENANCE, persistedOpStateExpiryEpochSec: 0} has entered maintenance
2020-12-29 02:33:00,125 [DatanodeAdminManager-0] INFO  node.DatanodeAdminMonitorImpl (DatanodeAdminMonitorImpl.java:run(136)) - There are 3 nodes tracked for decommission and maintenance. 0 pending nodes.
2020-12-29 02:33:00,735 [IPC Server handler 6 on default port 45887] INFO  node.SCMNodeManager (SCMNodeManager.java:updateDatanodeOpState(419)) - Scheduling a command to update the operationalState persisted on the datanode as the reported value (ENTERING_MAINTENANCE, 0) does not match the value stored in SCM (IN_MAINTENANCE, 0)
2020-12-29 02:33:00,737 [IPC Server handler 7 on default port 45887] INFO  node.SCMNodeManager (SCMNodeManager.java:updateDatanodeOpState(419)) - Scheduling a command to update the operationalState persisted on the datanode as the reported value (ENTERING_MAINTENANCE, 0) does not match the value stored in SCM (IN_MAINTENANCE, 0)
2020-12-29 02:33:00,739 [IPC Server handler 10 on default port 45887] INFO  node.SCMNodeManager (SCMNodeManager.java:updateDatanodeOpState(419)) - Scheduling a command to update the operationalState persisted on the datanode as the reported value (ENTERING_MAINTENANCE, 0) does not match the value stored in SCM (IN_MAINTENANCE, 0)
2020-12-29 02:33:00,975 [ReplicationMonitor] INFO  container.ReplicationManager (ReplicationManager.java:handleUnderReplicatedContainer(722)) - Container #1 is under replicated. Expected replica count is 3, but found 2.
2020-12-29 02:33:00,975 [ReplicationMonitor] INFO  container.ReplicationManager (ReplicationManager.java:sendReplicateCommand(970)) - Sending replicate container command for container #1 to datanode f7145b68-714b-4a68-90a5-01bf6bfda3d1{ip: 172.17.0.2, host: 3099d1499688, networkLocation: /default-rack, certSerialId: null, persistedOpState: IN_SERVICE, persistedOpStateExpiryEpochSec: 0}
2020-12-29 02:33:00,976 [ReplicationMonitor] INFO  container.ReplicationManager (ReplicationManager.java:run(250)) - Replication Monitor Thread took 1 milliseconds for processing 4 containers.
2020-12-29 02:33:01,123 [DatanodeAdminManager-0] INFO  node.DatanodeAdminMonitorImpl (DatanodeAdminMonitorImpl.java:run(136)) - There are 3 nodes tracked for decommission and maintenance. 0 pending nodes.
2020-12-29 02:33:01,737 [IPC Server handler 7 on default port 45887] INFO  node.SCMNodeManager (SCMNodeManager.java:updateDatanodeOpState(419)) - Scheduling a command to update the operationalState persisted on the datanode as the reported value (ENTERING_MAINTENANCE, 0) does not match the value stored in SCM (IN_MAINTENANCE, 0)
2020-12-29 02:33:01,740 [IPC Server handler 10 on default port 45887] INFO  node.SCMNodeManager (SCMNodeManager.java:updateDatanodeOpState(419)) - Scheduling a command to update the operationalState persisted on the datanode as the reported value (ENTERING_MAINTENANCE, 0) does not match the value stored in SCM (IN_MAINTENANCE, 0)
2020-12-29 02:33:01,977 [ReplicationMonitor] INFO  container.ReplicationManager (ReplicationManager.java:run(250)) - Replication Monitor Thread took 0 milliseconds for processing 4 containers.
2020-12-29 02:33:02,123 [DatanodeAdminManager-0] INFO  node.DatanodeAdminMonitorImpl (DatanodeAdminMonitorImpl.java:run(136)) - There are 3 nodes tracked for decommission and maintenance. 0 pending nodes.
2020-12-29 02:33:02,739 [IPC Server handler 10 on default port 45887] INFO  node.SCMNodeManager (SCMNodeManager.java:updateDatanodeOpState(419)) - Scheduling a command to update the operationalState persisted on the datanode as the reported value (ENTERING_MAINTENANCE, 0) does not match the value stored in SCM (IN_MAINTENANCE, 0)
2020-12-29 02:33:02,978 [ReplicationMonitor] INFO  container.ReplicationManager (ReplicationManager.java:run(250)) - Replication Monitor Thread took 0 milliseconds for processing 4 containers.
2020-12-29 02:33:03,058 [ContainerReplicationThread-0] INFO  replication.DownloadAndImportReplicator (DownloadAndImportReplicator.java:replicate(106)) - Starting replication of container 1 from [711a5d62-dee4-49d0-b2b9-1fce1aa24acb{ip: 172.17.0.2, host: 3099d1499688, networkLocation: /default-rack, certSerialId: null, persistedOpState: ENTERING_MAINTENANCE, persistedOpStateExpiryEpochSec: 0}, 1bcfb908-c5ae-427d-a09f-f15a855158d1{ip: 172.17.0.2, host: 3099d1499688, networkLocation: /default-rack, certSerialId: null, persistedOpState: IN_SERVICE, persistedOpStateExpiryEpochSec: 0}, acc45ab6-017e-46ef-a2cf-eb53f92e8ea7{ip: 172.17.0.2, host: 3099d1499688, networkLocation: /default-rack, certSerialId: null, persistedOpState: ENTERING_MAINTENANCE, persistedOpStateExpiryEpochSec: 0}, 9465357b-4c2a-4b31-9d0e-a8957ee25dd0{ip: 172.17.0.2, host: 3099d1499688, networkLocation: /default-rack, certSerialId: null, persistedOpState: ENTERING_MAINTENANCE, persistedOpStateExpiryEpochSec: 0}]
2020-12-29 02:33:03,064 [grpc-default-executor-2] INFO  replication.GrpcReplicationService (GrpcReplicationService.java:download(52)) - Streaming container data (1) to other datanode
2020-12-29 02:33:03,087 [grpc-default-executor-2] INFO  replication.GrpcOutputStream (GrpcOutputStream.java:close(104)) - Sent 17564 bytes for container 1
2020-12-29 02:33:03,089 [grpc-default-executor-4] INFO  replication.GrpcReplicationClient (GrpcReplicationClient.java:onCompleted(177)) - Container 1 is downloaded to /github/workspace/mnt/ozone/hadoop-ozone/integration-test/target/test-dir/MiniOzoneClusterImpl-e6490a55-0da7-46e5-97f4-9b4e66d62915/datanode-3/data/replication/work/container-1.tar.gz
2020-12-29 02:33:03,091 [ContainerReplicationThread-0] INFO  replication.DownloadAndImportReplicator (DownloadAndImportReplicator.java:replicate(117)) - Container 1 is downloaded, starting to import.
2020-12-29 02:33:03,108 [ContainerReplicationThread-0] INFO  replication.DownloadAndImportReplicator (DownloadAndImportReplicator.java:replicate(120)) - Container 1 is replicated successfully
2020-12-29 02:33:03,108 [ContainerReplicationThread-0] INFO  replication.ReplicationSupervisor (ReplicationSupervisor.java:run(146)) - Container 1 is replicated.
2020-12-29 02:33:03,123 [DatanodeAdminManager-0] INFO  node.DatanodeAdminMonitorImpl (DatanodeAdminMonitorImpl.java:run(136)) - There are 3 nodes tracked for decommission and maintenance. 0 pending nodes.
2020-12-29 02:33:03,814 [Listener at 127.0.0.1/43157] INFO  ozone.MiniOzoneClusterImpl (MiniOzoneClusterImpl.java:shutdown(388)) - Shutting down the Mini Ozone Cluster
2020-12-29 02:33:03,816 [Listener at 127.0.0.1/43157] INFO  ozone.MiniOzoneClusterImpl (MiniOzoneClusterImpl.java:stop(403)) - Stopping the Mini Ozone Cluster
2020-12-29 02:33:03,816 [Listener at 127.0.0.1/43157] INFO  ozone.MiniOzoneClusterImpl (MiniOzoneClusterImpl.java:stopOM(485)) - Stopping the OzoneManager
2020-12-29 02:33:03,818 [Listener at 127.0.0.1/43157] INFO  ipc.Server (Server.java:stop(3359)) - Stopping server on 43157
2020-12-29 02:33:03,821 [IPC Server listener on 0] INFO  ipc.Server (Server.java:run(1330)) - Stopping IPC Server listener on 0
2020-12-29 02:33:03,822 [IPC Server Responder] INFO  ipc.Server (Server.java:run(1465)) - Stopping IPC Server Responder
2020-12-29 02:33:03,823 [Listener at 127.0.0.1/43157] INFO  ratis.OzoneManagerDoubleBuffer (OzoneManagerDoubleBuffer.java:stop(457)) - Stopping OMDoubleBuffer flush thread
2020-12-29 02:33:03,823 [OMDoubleBufferFlushThread] INFO  ratis.OzoneManagerDoubleBuffer (OzoneManagerDoubleBuffer.java:flushTransactions(356)) - OMDoubleBuffer flush thread OMDoubleBufferFlushThread is interrupted and will exit. OMDoubleBufferFlushThread
2020-12-29 02:33:03,823 [Listener at 127.0.0.1/43157] INFO  utils.BackgroundService (BackgroundService.java:shutdown(132)) - Shutting down service KeyDeletingService
2020-12-29 02:33:03,824 [Listener at 127.0.0.1/43157] INFO  handler.ContextHandler (ContextHandler.java:doStop(1154)) - Stopped o.e.j.w.WebAppContext@6c4d3ccc{ozoneManager,/,null,STOPPED}{file:/github/workspace/mnt/ozone/hadoop-ozone/integration-test/target/test-classes/webapps/ozoneManager}
2020-12-29 02:33:03,825 [Listener at 127.0.0.1/43157] INFO  server.AbstractConnector (AbstractConnector.java:doStop(381)) - Stopped ServerConnector@389b2c60{HTTP/1.1, (http/1.1)}{0.0.0.0:0}
2020-12-29 02:33:03,825 [Listener at 127.0.0.1/43157] INFO  server.session (HouseKeeper.java:stopScavenging(149)) - node0 Stopped scavenging
2020-12-29 02:33:03,826 [Listener at 127.0.0.1/43157] INFO  handler.ContextHandler (ContextHandler.java:doStop(1154)) - Stopped o.e.j.s.ServletContextHandler@45ee48e7{static,/static,file:///github/workspace/mnt/ozone/hadoop-ozone/integration-test/target/test-classes/webapps/static,STOPPED}
2020-12-29 02:33:03,826 [Listener at 127.0.0.1/43157] INFO  handler.ContextHandler (ContextHandler.java:doStop(1154)) - Stopped o.e.j.s.ServletContextHandler@24fa43f8{logs,/logs,file:///github/workspace/mnt/ozone/hadoop-ozone/integration-test/target/log,STOPPED}
2020-12-29 02:33:03,828 [Listener at 127.0.0.1/43157] INFO  ozone.MiniOzoneClusterImpl (MiniOzoneClusterImpl.java:stopDatanodes(462)) - Stopping the HddsDatanodes
2020-12-29 02:33:03,978 [ReplicationMonitor] INFO  container.ReplicationManager (ReplicationManager.java:run(250)) - Replication Monitor Thread took 1 milliseconds for processing 4 containers.
2020-12-29 02:33:04,108 [Datanode State Machine Thread - 0] INFO  statemachine.DatanodeStateMachine (DatanodeStateMachine.java:lambda$startDaemon$0(408)) - Ozone container server started.
2020-12-29 02:33:04,123 [DatanodeAdminManager-0] INFO  node.DatanodeAdminMonitorImpl (DatanodeAdminMonitorImpl.java:run(136)) - There are 3 nodes tracked for decommission and maintenance. 0 pending nodes.
2020-12-29 02:33:04,739 [Datanode State Machine Thread - 0] INFO  statemachine.DatanodeStateMachine (DatanodeStateMachine.java:lambda$startDaemon$0(408)) - Ozone container server started.
2020-12-29 02:33:04,979 [ReplicationMonitor] INFO  container.ReplicationManager (ReplicationManager.java:run(250)) - Replication Monitor Thread took 0 milliseconds for processing 4 containers.
2020-12-29 02:33:05,123 [DatanodeAdminManager-0] INFO  node.DatanodeAdminMonitorImpl (DatanodeAdminMonitorImpl.java:run(136)) - There are 3 nodes tracked for decommission and maintenance. 0 pending nodes.
2020-12-29 02:33:05,128 [ForkJoinPool.commonPool-worker-0] INFO  ozoneimpl.OzoneContainer (OzoneContainer.java:stop(257)) - Attempting to stop container services.
2020-12-29 02:33:05,128 [ForkJoinPool.commonPool-worker-0] INFO  server.RaftServer (RaftServerProxy.java:lambda$close$6(387)) - acc45ab6-017e-46ef-a2cf-eb53f92e8ea7: close
2020-12-29 02:33:05,128 [ForkJoinPool.commonPool-worker-0] INFO  server.GrpcService (GrpcService.java:closeImpl(184)) - acc45ab6-017e-46ef-a2cf-eb53f92e8ea7: shutdown server with port 40641 now
2020-12-29 02:33:05,136 [ForkJoinPool.commonPool-worker-0] INFO  server.GrpcService (GrpcService.java:closeImpl(193)) - acc45ab6-017e-46ef-a2cf-eb53f92e8ea7: shutdown server with port 40641 successfully
2020-12-29 02:33:05,136 [org.apache.ratis.util.JvmPauseMonitor$$Lambda$222/1079232678@5ac39e6a] INFO  util.JvmPauseMonitor (JvmPauseMonitor.java:run(109)) - JvmPauseMonitor-acc45ab6-017e-46ef-a2cf-eb53f92e8ea7: Stopped
2020-12-29 02:33:05,139 [ForkJoinPool.commonPool-worker-0] INFO  utils.BackgroundService (BackgroundService.java:shutdown(132)) - Shutting down service BlockDeletingService
2020-12-29 02:33:05,141 [ForkJoinPool.commonPool-worker-0] INFO  statemachine.DatanodeStateMachine (DatanodeStateMachine.java:stopDaemon(461)) - Ozone container server stopped.
2020-12-29 02:33:05,147 [Listener at 127.0.0.1/43157] INFO  ozoneimpl.OzoneContainer (OzoneContainer.java:stop(257)) - Attempting to stop container services.
2020-12-29 02:33:05,147 [Listener at 127.0.0.1/43157] INFO  server.RaftServer (RaftServerProxy.java:lambda$close$6(387)) - f7145b68-714b-4a68-90a5-01bf6bfda3d1: close
2020-12-29 02:33:05,148 [Listener at 127.0.0.1/43157] INFO  server.RaftServer$Division (RaftServerImpl.java:lambda$close$4(397)) - f7145b68-714b-4a68-90a5-01bf6bfda3d1@group-FF01339CF9A5: shutdown
2020-12-29 02:33:05,148 [Listener at 127.0.0.1/43157] INFO  util.JmxRegister (JmxRegister.java:unregister(73)) - Successfully un-registered JMX Bean with object name Ratis:service=RaftServer,group=group-FF01339CF9A5,id=f7145b68-714b-4a68-90a5-01bf6bfda3d1
2020-12-29 02:33:05,148 [Listener at 127.0.0.1/43157] INFO  impl.RoleInfo (RoleInfo.java:shutdownLeaderState(91)) - f7145b68-714b-4a68-90a5-01bf6bfda3d1: shutdown f7145b68-714b-4a68-90a5-01bf6bfda3d1@group-FF01339CF9A5-LeaderStateImpl
2020-12-29 02:33:05,148 [Listener at 127.0.0.1/43157] INFO  impl.PendingRequests (PendingRequests.java:sendNotLeaderResponses(249)) - f7145b68-714b-4a68-90a5-01bf6bfda3d1@group-FF01339CF9A5-PendingRequests: sendNotLeaderResponses
2020-12-29 02:33:05,148 [Listener at 127.0.0.1/43157] INFO  metrics.RatisMetrics (RatisMetrics.java:unregister(43)) - Unregistering Metrics Registry : ratis.log_appender.f7145b68-714b-4a68-90a5-01bf6bfda3d1@group-FF01339CF9A5
2020-12-29 02:33:05,148 [Listener at 127.0.0.1/43157] INFO  metrics.RatisMetrics (RatisMetrics.java:unregister(43)) - Unregistering Metrics Registry : ratis.server.f7145b68-714b-4a68-90a5-01bf6bfda3d1@group-FF01339CF9A5
2020-12-29 02:33:05,149 [Listener at 127.0.0.1/43157] INFO  impl.StateMachineUpdater (StateMachineUpdater.java:stopAndJoin(148)) - f7145b68-714b-4a68-90a5-01bf6bfda3d1@group-FF01339CF9A5-StateMachineUpdater: set stopIndex = 0
2020-12-29 02:33:05,149 [f7145b68-714b-4a68-90a5-01bf6bfda3d1@group-FF01339CF9A5-StateMachineUpdater] INFO  ratis.ContainerStateMachine (ContainerStateMachine.java:takeSnapshot(291)) - group-FF01339CF9A5: Taking a snapshot at:(t:1, i:0) file /github/workspace/mnt/ozone/hadoop-ozone/integration-test/target/test-dir/MiniOzoneClusterImpl-e6490a55-0da7-46e5-97f4-9b4e66d62915/datanode-3/data/ratis/9d55ff84-5a8f-41bf-8840-ff01339cf9a5/sm/snapshot.1_0
2020-12-29 02:33:05,150 [f7145b68-714b-4a68-90a5-01bf6bfda3d1@group-FF01339CF9A5-StateMachineUpdater] INFO  ratis.ContainerStateMachine (ContainerStateMachine.java:takeSnapshot(302)) - group-FF01339CF9A5: Finished taking a snapshot at:(t:1, i:0) file:/github/workspace/mnt/ozone/hadoop-ozone/integration-test/target/test-dir/MiniOzoneClusterImpl-e6490a55-0da7-46e5-97f4-9b4e66d62915/datanode-3/data/ratis/9d55ff84-5a8f-41bf-8840-ff01339cf9a5/sm/snapshot.1_0 time:1
2020-12-29 02:33:05,151 [f7145b68-714b-4a68-90a5-01bf6bfda3d1@group-FF01339CF9A5-StateMachineUpdater] INFO  impl.StateMachineUpdater (StateMachineUpdater.java:takeSnapshot(279)) - f7145b68-714b-4a68-90a5-01bf6bfda3d1@group-FF01339CF9A5-StateMachineUpdater: Took a snapshot at index 0
2020-12-29 02:33:05,151 [f7145b68-714b-4a68-90a5-01bf6bfda3d1@group-FF01339CF9A5-StateMachineUpdater] INFO  impl.StateMachineUpdater (StateMachineUpdater.java:lambda$new$0(88)) - f7145b68-714b-4a68-90a5-01bf6bfda3d1@group-FF01339CF9A5-StateMachineUpdater: snapshotIndex: updateIncreasingly -1 -> 0
2020-12-29 02:33:05,151 [f7145b68-714b-4a68-90a5-01bf6bfda3d1@group-FF01339CF9A5-StateMachineUpdater] INFO  metrics.RatisMetrics (RatisMetrics.java:unregister(43)) - Unregistering Metrics Registry : ratis.state_machine.f7145b68-714b-4a68-90a5-01bf6bfda3d1@group-FF01339CF9A5
2020-12-29 02:33:05,151 [ForkJoinPool.commonPool-worker-0] INFO  handler.ContextHandler (ContextHandler.java:doStop(1154)) - Stopped o.e.j.w.WebAppContext@69a245d6{hddsDatanode,/,null,STOPPED}{jar:file:/home/user/.m2/repository/org/apache/hadoop/hadoop-hdds-container-service/1.1.0-SNAPSHOT/hadoop-hdds-container-service-1.1.0-SNAPSHOT.jar!/webapps/hddsDatanode}
2020-12-29 02:33:05,151 [Listener at 127.0.0.1/43157] INFO  server.RaftServer$Division (ServerState.java:close(406)) - f7145b68-714b-4a68-90a5-01bf6bfda3d1@group-FF01339CF9A5: closes. applyIndex: 0
2020-12-29 02:33:05,152 [f7145b68-714b-4a68-90a5-01bf6bfda3d1@group-FF01339CF9A5-SegmentedRaftLogWorker] INFO  segmented.SegmentedRaftLogWorker (SegmentedRaftLogWorker.java:run(326)) - f7145b68-714b-4a68-90a5-01bf6bfda3d1@group-FF01339CF9A5-SegmentedRaftLogWorker was interrupted, exiting. There are 0 tasks remaining in the queue.
2020-12-29 02:33:05,152 [Listener at 127.0.0.1/43157] INFO  segmented.SegmentedRaftLogWorker (SegmentedRaftLogWorker.java:close(236)) - f7145b68-714b-4a68-90a5-01bf6bfda3d1@group-FF01339CF9A5-SegmentedRaftLogWorker close()
2020-12-29 02:33:05,152 [Listener at 127.0.0.1/43157] INFO  metrics.RatisMetrics (RatisMetrics.java:unregister(43)) - Unregistering Metrics Registry : ratis.log_worker.f7145b68-714b-4a68-90a5-01bf6bfda3d1@group-FF01339CF9A5
2020-12-29 02:33:05,152 [Listener at 127.0.0.1/43157] INFO  metrics.RatisMetrics (RatisMetrics.java:unregister(43)) - Unregistering Metrics Registry : ratis.leader_election.f7145b68-714b-4a68-90a5-01bf6bfda3d1@group-FF01339CF9A5
2020-12-29 02:33:05,152 [Listener at 127.0.0.1/43157] INFO  metrics.RatisMetrics (RatisMetrics.java:unregister(43)) - Unregistering Metrics Registry : ratis.server.f7145b68-714b-4a68-90a5-01bf6bfda3d1@group-FF01339CF9A5
2020-12-29 02:33:05,153 [Listener at 127.0.0.1/43157] INFO  server.RaftServer$Division (RaftServerImpl.java:lambda$close$4(397)) - f7145b68-714b-4a68-90a5-01bf6bfda3d1@group-8D1F305CFD2A: shutdown
2020-12-29 02:33:05,153 [ForkJoinPool.commonPool-worker-0] INFO  server.AbstractConnector (AbstractConnector.java:doStop(381)) - Stopped ServerConnector@64d11323{HTTP/1.1, (http/1.1)}{0.0.0.0:0}
2020-12-29 02:33:05,153 [ForkJoinPool.commonPool-worker-0] INFO  server.session (HouseKeeper.java:stopScavenging(149)) - node0 Stopped scavenging
2020-12-29 02:33:05,153 [Listener at 127.0.0.1/43157] INFO  util.JmxRegister (JmxRegister.java:unregister(73)) - Successfully un-registered JMX Bean with object name Ratis:service=RaftServer,group=group-8D1F305CFD2A,id=f7145b68-714b-4a68-90a5-01bf6bfda3d1
2020-12-29 02:33:05,154 [Listener at 127.0.0.1/43157] INFO  impl.RoleInfo (RoleInfo.java:shutdownLeaderState(91)) - f7145b68-714b-4a68-90a5-01bf6bfda3d1: shutdown f7145b68-714b-4a68-90a5-01bf6bfda3d1@group-8D1F305CFD2A-LeaderStateImpl
2020-12-29 02:33:05,154 [Listener at 127.0.0.1/43157] INFO  metrics.RatisMetrics (RatisMetrics.java:unregister(43)) - Unregistering Metrics Registry : ratis_grpc.log_appender.f7145b68-714b-4a68-90a5-01bf6bfda3d1@group-8D1F305CFD2A
2020-12-29 02:33:05,154 [Listener at 127.0.0.1/43157] INFO  metrics.RatisMetrics (RatisMetrics.java:unregister(43)) - Unregistering Metrics Registry : ratis_grpc.log_appender.f7145b68-714b-4a68-90a5-01bf6bfda3d1@group-8D1F305CFD2A
2020-12-29 02:33:05,154 [f7145b68-714b-4a68-90a5-01bf6bfda3d1@group-8D1F305CFD2A->4cac4d95-f3be-45f6-9a5a-d8dab57b636d-GrpcLogAppender-LogAppenderDaemon] WARN  server.GrpcLogAppender (GrpcLogAppender.java:mayWait(174)) - f7145b68-714b-4a68-90a5-01bf6bfda3d1@group-8D1F305CFD2A->4cac4d95-f3be-45f6-9a5a-d8dab57b636d-GrpcLogAppender: Wait interrupted by java.lang.InterruptedException
2020-12-29 02:33:05,154 [Listener at 127.0.0.1/43157] INFO  impl.PendingRequests (PendingRequests.java:sendNotLeaderResponses(249)) - f7145b68-714b-4a68-90a5-01bf6bfda3d1@group-8D1F305CFD2A-PendingRequests: sendNotLeaderResponses
2020-12-29 02:33:05,155 [grpc-default-executor-2] INFO  server.GrpcServerProtocolService (GrpcServerProtocolService.java:onCompleted(138)) - 4cac4d95-f3be-45f6-9a5a-d8dab57b636d: Completed APPEND_ENTRIES, lastRequest: f7145b68-714b-4a68-90a5-01bf6bfda3d1->4cac4d95-f3be-45f6-9a5a-d8dab57b636d#606-t1,previous=(t:1, i:34),leaderCommit=33,initializing? true,entries: size=1, first=(t:1, i:35), METADATAENTRY(c:33)
2020-12-29 02:33:05,154 [f7145b68-714b-4a68-90a5-01bf6bfda3d1@group-8D1F305CFD2A->1bcfb908-c5ae-427d-a09f-f15a855158d1-GrpcLogAppender-LogAppenderDaemon] WARN  server.GrpcLogAppender (GrpcLogAppender.java:mayWait(174)) - f7145b68-714b-4a68-90a5-01bf6bfda3d1@group-8D1F305CFD2A->1bcfb908-c5ae-427d-a09f-f15a855158d1-GrpcLogAppender: Wait interrupted by java.lang.InterruptedException
2020-12-29 02:33:05,156 [grpc-default-executor-4] INFO  server.GrpcLogAppender (GrpcLogAppender.java:onCompleted(343)) - f7145b68-714b-4a68-90a5-01bf6bfda3d1@group-8D1F305CFD2A->4cac4d95-f3be-45f6-9a5a-d8dab57b636d-AppendLogResponseHandler: follower responses appendEntries COMPLETED
2020-12-29 02:33:05,156 [grpc-default-executor-4] INFO  leader.FollowerInfo (FollowerInfoImpl.java:lambda$new$0(46)) - f7145b68-714b-4a68-90a5-01bf6bfda3d1@group-8D1F305CFD2A->4cac4d95-f3be-45f6-9a5a-d8dab57b636d: nextIndex: updateUnconditionally 36 -> 35
2020-12-29 02:33:05,156 [ForkJoinPool.commonPool-worker-0] INFO  handler.ContextHandler (ContextHandler.java:doStop(1154)) - Stopped o.e.j.s.ServletContextHandler@50242325{static,/static,jar:file:/home/user/.m2/repository/org/apache/hadoop/hadoop-hdds-container-service/1.1.0-SNAPSHOT/hadoop-hdds-container-service-1.1.0-SNAPSHOT.jar!/webapps/static,STOPPED}
2020-12-29 02:33:05,156 [grpc-default-executor-3] INFO  server.GrpcServerProtocolService (GrpcServerProtocolService.java:onCompleted(138)) - 1bcfb908-c5ae-427d-a09f-f15a855158d1: Completed APPEND_ENTRIES, lastRequest: f7145b68-714b-4a68-90a5-01bf6bfda3d1->1bcfb908-c5ae-427d-a09f-f15a855158d1#594-t1,previous=(t:1, i:34),leaderCommit=33,initializing? true,entries: size=1, first=(t:1, i:35), METADATAENTRY(c:33)
2020-12-29 02:33:05,158 [ForkJoinPool.commonPool-worker-0] INFO  handler.ContextHandler (ContextHandler.java:doStop(1154)) - Stopped o.e.j.s.ServletContextHandler@3c7ac542{logs,/logs,file:///github/workspace/mnt/ozone/hadoop-ozone/integration-test/target/log,STOPPED}
2020-12-29 02:33:05,159 [Listener at 127.0.0.1/43157] INFO  metrics.RatisMetrics (RatisMetrics.java:unregister(43)) - Unregistering Metrics Registry : ratis.log_appender.f7145b68-714b-4a68-90a5-01bf6bfda3d1@group-8D1F305CFD2A
2020-12-29 02:33:05,159 [Listener at 127.0.0.1/43157] INFO  metrics.RatisMetrics (RatisMetrics.java:unregister(43)) - Unregistering Metrics Registry : ratis.server.f7145b68-714b-4a68-90a5-01bf6bfda3d1@group-8D1F305CFD2A
2020-12-29 02:33:05,159 [grpc-default-executor-2] INFO  server.GrpcLogAppender (GrpcLogAppender.java:onCompleted(343)) - f7145b68-714b-4a68-90a5-01bf6bfda3d1@group-8D1F305CFD2A->1bcfb908-c5ae-427d-a09f-f15a855158d1-AppendLogResponseHandler: follower responses appendEntries COMPLETED
2020-12-29 02:33:05,160 [grpc-default-executor-2] INFO  leader.FollowerInfo (FollowerInfoImpl.java:lambda$new$0(46)) - f7145b68-714b-4a68-90a5-01bf6bfda3d1@group-8D1F305CFD2A->1bcfb908-c5ae-427d-a09f-f15a855158d1: nextIndex: updateUnconditionally 36 -> 35
2020-12-29 02:33:05,160 [f7145b68-714b-4a68-90a5-01bf6bfda3d1@group-8D1F305CFD2A-StateMachineUpdater] INFO  ratis.ContainerStateMachine (ContainerStateMachine.java:takeSnapshot(291)) - group-8D1F305CFD2A: Taking a snapshot at:(t:1, i:35) file /github/workspace/mnt/ozone/hadoop-ozone/integration-test/target/test-dir/MiniOzoneClusterImpl-e6490a55-0da7-46e5-97f4-9b4e66d62915/datanode-3/data/ratis/387a164e-a32c-42bd-8665-8d1f305cfd2a/sm/snapshot.1_35
2020-12-29 02:33:05,161 [Listener at 127.0.0.1/43157] INFO  impl.StateMachineUpdater (StateMachineUpdater.java:stopAndJoin(148)) - f7145b68-714b-4a68-90a5-01bf6bfda3d1@group-8D1F305CFD2A-StateMachineUpdater: set stopIndex = 35
2020-12-29 02:33:05,162 [f7145b68-714b-4a68-90a5-01bf6bfda3d1@group-8D1F305CFD2A-StateMachineUpdater] INFO  ratis.ContainerStateMachine (ContainerStateMachine.java:takeSnapshot(302)) - group-8D1F305CFD2A: Finished taking a snapshot at:(t:1, i:35) file:/github/workspace/mnt/ozone/hadoop-ozone/integration-test/target/test-dir/MiniOzoneClusterImpl-e6490a55-0da7-46e5-97f4-9b4e66d62915/datanode-3/data/ratis/387a164e-a32c-42bd-8665-8d1f305cfd2a/sm/snapshot.1_35 time:1
2020-12-29 02:33:05,162 [f7145b68-714b-4a68-90a5-01bf6bfda3d1@group-8D1F305CFD2A-StateMachineUpdater] INFO  impl.StateMachineUpdater (StateMachineUpdater.java:takeSnapshot(279)) - f7145b68-714b-4a68-90a5-01bf6bfda3d1@group-8D1F305CFD2A-StateMachineUpdater: Took a snapshot at index 35
2020-12-29 02:33:05,162 [f7145b68-714b-4a68-90a5-01bf6bfda3d1@group-8D1F305CFD2A-StateMachineUpdater] INFO  impl.StateMachineUpdater (StateMachineUpdater.java:lambda$new$0(88)) - f7145b68-714b-4a68-90a5-01bf6bfda3d1@group-8D1F305CFD2A-StateMachineUpdater: snapshotIndex: updateIncreasingly -1 -> 35
2020-12-29 02:33:05,162 [f7145b68-714b-4a68-90a5-01bf6bfda3d1@group-8D1F305CFD2A-StateMachineUpdater] INFO  metrics.RatisMetrics (RatisMetrics.java:unregister(43)) - Unregistering Metrics Registry : ratis.state_machine.f7145b68-714b-4a68-90a5-01bf6bfda3d1@group-8D1F305CFD2A
2020-12-29 02:33:05,162 [Listener at 127.0.0.1/43157] INFO  server.RaftServer$Division (ServerState.java:close(406)) - f7145b68-714b-4a68-90a5-01bf6bfda3d1@group-8D1F305CFD2A: closes. applyIndex: 35
2020-12-29 02:33:05,163 [f7145b68-714b-4a68-90a5-01bf6bfda3d1@group-8D1F305CFD2A-SegmentedRaftLogWorker] INFO  segmented.SegmentedRaftLogWorker (SegmentedRaftLogWorker.java:run(326)) - f7145b68-714b-4a68-90a5-01bf6bfda3d1@group-8D1F305CFD2A-SegmentedRaftLogWorker was interrupted, exiting. There are 0 tasks remaining in the queue.
2020-12-29 02:33:05,163 [Listener at 127.0.0.1/43157] INFO  segmented.SegmentedRaftLogWorker (SegmentedRaftLogWorker.java:close(236)) - f7145b68-714b-4a68-90a5-01bf6bfda3d1@group-8D1F305CFD2A-SegmentedRaftLogWorker close()
2020-12-29 02:33:05,163 [Listener at 127.0.0.1/43157] INFO  metrics.RatisMetrics (RatisMetrics.java:unregister(43)) - Unregistering Metrics Registry : ratis.log_worker.f7145b68-714b-4a68-90a5-01bf6bfda3d1@group-8D1F305CFD2A
2020-12-29 02:33:05,163 [Listener at 127.0.0.1/43157] INFO  metrics.RatisMetrics (RatisMetrics.java:unregister(43)) - Unregistering Metrics Registry : ratis.leader_election.f7145b68-714b-4a68-90a5-01bf6bfda3d1@group-8D1F305CFD2A
2020-12-29 02:33:05,163 [Listener at 127.0.0.1/43157] INFO  metrics.RatisMetrics (RatisMetrics.java:unregister(43)) - Unregistering Metrics Registry : ratis.server.f7145b68-714b-4a68-90a5-01bf6bfda3d1@group-8D1F305CFD2A
2020-12-29 02:33:05,164 [Listener at 127.0.0.1/43157] INFO  server.GrpcService (GrpcService.java:closeImpl(184)) - f7145b68-714b-4a68-90a5-01bf6bfda3d1: shutdown server with port 35033 now
2020-12-29 02:33:05,168 [grpc-default-executor-4] WARN  client.GrpcClientProtocolService (LogUtils.java:warn(122)) - 1-UnorderedRequestStreamObserver1: onError: org.apache.ratis.thirdparty.io.grpc.StatusRuntimeException: CANCELLED: cancelled before receiving half close
2020-12-29 02:33:05,173 [Listener at 127.0.0.1/43157] INFO  server.GrpcService (GrpcService.java:closeImpl(193)) - f7145b68-714b-4a68-90a5-01bf6bfda3d1: shutdown server with port 35033 successfully
2020-12-29 02:33:05,173 [org.apache.ratis.util.JvmPauseMonitor$$Lambda$222/1079232678@3924fe52] INFO  util.JvmPauseMonitor (JvmPauseMonitor.java:run(109)) - JvmPauseMonitor-f7145b68-714b-4a68-90a5-01bf6bfda3d1: Stopped
2020-12-29 02:33:05,174 [Listener at 127.0.0.1/43157] INFO  utils.BackgroundService (BackgroundService.java:shutdown(132)) - Shutting down service BlockDeletingService
2020-12-29 02:33:05,182 [Listener at 127.0.0.1/43157] INFO  statemachine.DatanodeStateMachine (DatanodeStateMachine.java:stopDaemon(461)) - Ozone container server stopped.
2020-12-29 02:33:05,190 [Listener at 127.0.0.1/43157] INFO  handler.ContextHandler (ContextHandler.java:doStop(1154)) - Stopped o.e.j.w.WebAppContext@3dc86e03{hddsDatanode,/,null,STOPPED}{jar:file:/home/user/.m2/repository/org/apache/hadoop/hadoop-hdds-container-service/1.1.0-SNAPSHOT/hadoop-hdds-container-service-1.1.0-SNAPSHOT.jar!/webapps/hddsDatanode}
2020-12-29 02:33:05,191 [Listener at 127.0.0.1/43157] INFO  server.AbstractConnector (AbstractConnector.java:doStop(381)) - Stopped ServerConnector@f829512{HTTP/1.1, (http/1.1)}{0.0.0.0:0}
2020-12-29 02:33:05,191 [Listener at 127.0.0.1/43157] INFO  server.session (HouseKeeper.java:stopScavenging(149)) - node0 Stopped scavenging
2020-12-29 02:33:05,191 [Listener at 127.0.0.1/43157] INFO  handler.ContextHandler (ContextHandler.java:doStop(1154)) - Stopped o.e.j.s.ServletContextHandler@30d016c9{static,/static,jar:file:/home/user/.m2/repository/org/apache/hadoop/hadoop-hdds-container-service/1.1.0-SNAPSHOT/hadoop-hdds-container-service-1.1.0-SNAPSHOT.jar!/webapps/static,STOPPED}
2020-12-29 02:33:05,192 [Listener at 127.0.0.1/43157] INFO  handler.ContextHandler (ContextHandler.java:doStop(1154)) - Stopped o.e.j.s.ServletContextHandler@2d3f6e6{logs,/logs,file:///github/workspace/mnt/ozone/hadoop-ozone/integration-test/target/log,STOPPED}
2020-12-29 02:33:05,735 [Datanode State Machine Thread - 0] INFO  statemachine.DatanodeStateMachine (DatanodeStateMachine.java:lambda$startDaemon$0(408)) - Ozone container server started.
2020-12-29 02:33:05,980 [ReplicationMonitor] INFO  container.ReplicationManager (ReplicationManager.java:run(250)) - Replication Monitor Thread took 0 milliseconds for processing 4 containers.
2020-12-29 02:33:06,044 [ForkJoinPool.commonPool-worker-0] INFO  ozoneimpl.OzoneContainer (OzoneContainer.java:stop(257)) - Attempting to stop container services.
2020-12-29 02:33:06,044 [ForkJoinPool.commonPool-worker-0] INFO  server.RaftServer (RaftServerProxy.java:lambda$close$6(387)) - 9465357b-4c2a-4b31-9d0e-a8957ee25dd0: close
2020-12-29 02:33:06,045 [ForkJoinPool.commonPool-worker-0] INFO  server.GrpcService (GrpcService.java:closeImpl(184)) - 9465357b-4c2a-4b31-9d0e-a8957ee25dd0: shutdown server with port 44375 now
2020-12-29 02:33:06,045 [ForkJoinPool.commonPool-worker-0] INFO  server.GrpcService (GrpcService.java:closeImpl(193)) - 9465357b-4c2a-4b31-9d0e-a8957ee25dd0: shutdown server with port 44375 successfully
2020-12-29 02:33:06,046 [org.apache.ratis.util.JvmPauseMonitor$$Lambda$222/1079232678@2c0c3752] INFO  util.JvmPauseMonitor (JvmPauseMonitor.java:run(109)) - JvmPauseMonitor-9465357b-4c2a-4b31-9d0e-a8957ee25dd0: Stopped
2020-12-29 02:33:06,047 [ForkJoinPool.commonPool-worker-0] INFO  utils.BackgroundService (BackgroundService.java:shutdown(132)) - Shutting down service BlockDeletingService
2020-12-29 02:33:06,049 [ForkJoinPool.commonPool-worker-0] INFO  statemachine.DatanodeStateMachine (DatanodeStateMachine.java:stopDaemon(461)) - Ozone container server stopped.
2020-12-29 02:33:06,059 [ForkJoinPool.commonPool-worker-0] INFO  handler.ContextHandler (ContextHandler.java:doStop(1154)) - Stopped o.e.j.w.WebAppContext@4c775b94{hddsDatanode,/,null,STOPPED}{jar:file:/home/user/.m2/repository/org/apache/hadoop/hadoop-hdds-container-service/1.1.0-SNAPSHOT/hadoop-hdds-container-service-1.1.0-SNAPSHOT.jar!/webapps/hddsDatanode}
2020-12-29 02:33:06,059 [ForkJoinPool.commonPool-worker-0] INFO  server.AbstractConnector (AbstractConnector.java:doStop(381)) - Stopped ServerConnector@69bb8812{HTTP/1.1, (http/1.1)}{0.0.0.0:0}
2020-12-29 02:33:06,059 [ForkJoinPool.commonPool-worker-0] INFO  server.session (HouseKeeper.java:stopScavenging(149)) - node0 Stopped scavenging
2020-12-29 02:33:06,060 [ForkJoinPool.commonPool-worker-0] INFO  handler.ContextHandler (ContextHandler.java:doStop(1154)) - Stopped o.e.j.s.ServletContextHandler@59463bab{static,/static,jar:file:/home/user/.m2/repository/org/apache/hadoop/hadoop-hdds-container-service/1.1.0-SNAPSHOT/hadoop-hdds-container-service-1.1.0-SNAPSHOT.jar!/webapps/static,STOPPED}
2020-12-29 02:33:06,060 [ForkJoinPool.commonPool-worker-0] INFO  handler.ContextHandler (ContextHandler.java:doStop(1154)) - Stopped o.e.j.s.ServletContextHandler@682a00f8{logs,/logs,file:///github/workspace/mnt/ozone/hadoop-ozone/integration-test/target/log,STOPPED}
2020-12-29 02:33:06,123 [DatanodeAdminManager-0] INFO  node.DatanodeAdminMonitorImpl (DatanodeAdminMonitorImpl.java:run(136)) - There are 3 nodes tracked for decommission and maintenance. 0 pending nodes.
2020-12-29 02:33:06,128 [Datanode State Machine Thread - 0] INFO  statemachine.DatanodeStateMachine (DatanodeStateMachine.java:lambda$startDaemon$0(408)) - Ozone container server started.
2020-12-29 02:33:06,190 [EventQueue-StaleNodeForStaleNodeHandler] INFO  node.StaleNodeHandler (StaleNodeHandler.java:onMessage(58)) - Datanode f7145b68-714b-4a68-90a5-01bf6bfda3d1{ip: 172.17.0.2, host: 3099d1499688, networkLocation: /default-rack, certSerialId: null, persistedOpState: IN_SERVICE, persistedOpStateExpiryEpochSec: 0} moved to stale state. Finalizing its pipelines [PipelineID=9d55ff84-5a8f-41bf-8840-ff01339cf9a5, PipelineID=387a164e-a32c-42bd-8665-8d1f305cfd2a]
2020-12-29 02:33:06,190 [EventQueue-StaleNodeForStaleNodeHandler] INFO  pipeline.SCMPipelineManager (SCMPipelineManager.java:finalizeAndDestroyPipeline(482)) - Destroying pipeline:Pipeline[ Id: 9d55ff84-5a8f-41bf-8840-ff01339cf9a5, Nodes: f7145b68-714b-4a68-90a5-01bf6bfda3d1{ip: 172.17.0.2, host: 3099d1499688, networkLocation: /default-rack, certSerialId: null, persistedOpState: IN_SERVICE, persistedOpStateExpiryEpochSec: 0}, Type:RATIS, Factor:ONE, State:OPEN, leaderId:f7145b68-714b-4a68-90a5-01bf6bfda3d1, CreationTimestamp2020-12-29T02:32:35.099Z]
2020-12-29 02:33:06,190 [EventQueue-StaleNodeForStaleNodeHandler] INFO  pipeline.PipelineStateManager (PipelineStateManager.java:finalizePipeline(121)) - Pipeline Pipeline[ Id: 9d55ff84-5a8f-41bf-8840-ff01339cf9a5, Nodes: f7145b68-714b-4a68-90a5-01bf6bfda3d1{ip: 172.17.0.2, host: 3099d1499688, networkLocation: /default-rack, certSerialId: null, persistedOpState: IN_SERVICE, persistedOpStateExpiryEpochSec: 0}, Type:RATIS, Factor:ONE, State:CLOSED, leaderId:f7145b68-714b-4a68-90a5-01bf6bfda3d1, CreationTimestamp2020-12-29T02:32:35.099Z] moved to CLOSED state
2020-12-29 02:33:06,191 [EventQueue-StaleNodeForStaleNodeHandler] INFO  pipeline.SCMPipelineManager (SCMPipelineManager.java:finalizeAndDestroyPipeline(482)) - Destroying pipeline:Pipeline[ Id: 387a164e-a32c-42bd-8665-8d1f305cfd2a, Nodes: 1bcfb908-c5ae-427d-a09f-f15a855158d1{ip: 172.17.0.2, host: 3099d1499688, networkLocation: /default-rack, certSerialId: null, persistedOpState: IN_SERVICE, persistedOpStateExpiryEpochSec: 0}4cac4d95-f3be-45f6-9a5a-d8dab57b636d{ip: 172.17.0.2, host: 3099d1499688, networkLocation: /default-rack, certSerialId: null, persistedOpState: IN_SERVICE, persistedOpStateExpiryEpochSec: 0}f7145b68-714b-4a68-90a5-01bf6bfda3d1{ip: 172.17.0.2, host: 3099d1499688, networkLocation: /default-rack, certSerialId: null, persistedOpState: IN_SERVICE, persistedOpStateExpiryEpochSec: 0}, Type:RATIS, Factor:THREE, State:OPEN, leaderId:f7145b68-714b-4a68-90a5-01bf6bfda3d1, CreationTimestamp2020-12-29T02:32:35.504Z]
2020-12-29 02:33:06,191 [EventQueue-StaleNodeForStaleNodeHandler] INFO  pipeline.PipelineStateManager (PipelineStateManager.java:finalizePipeline(121)) - Pipeline Pipeline[ Id: 387a164e-a32c-42bd-8665-8d1f305cfd2a, Nodes: 1bcfb908-c5ae-427d-a09f-f15a855158d1{ip: 172.17.0.2, host: 3099d1499688, networkLocation: /default-rack, certSerialId: null, persistedOpState: IN_SERVICE, persistedOpStateExpiryEpochSec: 0}4cac4d95-f3be-45f6-9a5a-d8dab57b636d{ip: 172.17.0.2, host: 3099d1499688, networkLocation: /default-rack, certSerialId: null, persistedOpState: IN_SERVICE, persistedOpStateExpiryEpochSec: 0}f7145b68-714b-4a68-90a5-01bf6bfda3d1{ip: 172.17.0.2, host: 3099d1499688, networkLocation: /default-rack, certSerialId: null, persistedOpState: IN_SERVICE, persistedOpStateExpiryEpochSec: 0}, Type:RATIS, Factor:THREE, State:CLOSED, leaderId:f7145b68-714b-4a68-90a5-01bf6bfda3d1, CreationTimestamp2020-12-29T02:32:35.504Z] moved to CLOSED state
2020-12-29 02:33:06,191 [EventQueue-CloseContainerForCloseContainerEventHandler] INFO  container.CloseContainerEventHandler (CloseContainerEventHandler.java:onMessage(61)) - Close container Event triggered for container : #3
2020-12-29 02:33:06,192 [EventQueue-CloseContainerForCloseContainerEventHandler] INFO  container.CloseContainerEventHandler (CloseContainerEventHandler.java:onMessage(61)) - Close container Event triggered for container : #4
2020-12-29 02:33:06,196 [Listener at 127.0.0.1/43157] INFO  ozoneimpl.OzoneContainer (OzoneContainer.java:stop(257)) - Attempting to stop container services.
2020-12-29 02:33:06,197 [Listener at 127.0.0.1/43157] INFO  server.RaftServer (RaftServerProxy.java:lambda$close$6(387)) - 1bcfb908-c5ae-427d-a09f-f15a855158d1: close
2020-12-29 02:33:06,197 [Listener at 127.0.0.1/43157] INFO  server.RaftServer$Division (RaftServerImpl.java:lambda$close$4(397)) - 1bcfb908-c5ae-427d-a09f-f15a855158d1@group-EC3D5E7AB734: shutdown
2020-12-29 02:33:06,197 [Listener at 127.0.0.1/43157] INFO  util.JmxRegister (JmxRegister.java:unregister(73)) - Successfully un-registered JMX Bean with object name Ratis:service=RaftServer,group=group-EC3D5E7AB734,id=1bcfb908-c5ae-427d-a09f-f15a855158d1
2020-12-29 02:33:06,197 [Listener at 127.0.0.1/43157] INFO  impl.RoleInfo (RoleInfo.java:shutdownLeaderState(91)) - 1bcfb908-c5ae-427d-a09f-f15a855158d1: shutdown 1bcfb908-c5ae-427d-a09f-f15a855158d1@group-EC3D5E7AB734-LeaderStateImpl
2020-12-29 02:33:06,197 [Listener at 127.0.0.1/43157] INFO  impl.PendingRequests (PendingRequests.java:sendNotLeaderResponses(249)) - 1bcfb908-c5ae-427d-a09f-f15a855158d1@group-EC3D5E7AB734-PendingRequests: sendNotLeaderResponses
2020-12-29 02:33:06,197 [Listener at 127.0.0.1/43157] INFO  metrics.RatisMetrics (RatisMetrics.java:unregister(43)) - Unregistering Metrics Registry : ratis.log_appender.1bcfb908-c5ae-427d-a09f-f15a855158d1@group-EC3D5E7AB734
2020-12-29 02:33:06,198 [Listener at 127.0.0.1/43157] INFO  metrics.RatisMetrics (RatisMetrics.java:unregister(43)) - Unregistering Metrics Registry : ratis.server.1bcfb908-c5ae-427d-a09f-f15a855158d1@group-EC3D5E7AB734
2020-12-29 02:33:06,198 [Listener at 127.0.0.1/43157] INFO  impl.StateMachineUpdater (StateMachineUpdater.java:stopAndJoin(148)) - 1bcfb908-c5ae-427d-a09f-f15a855158d1@group-EC3D5E7AB734-StateMachineUpdater: set stopIndex = 0
2020-12-29 02:33:06,198 [1bcfb908-c5ae-427d-a09f-f15a855158d1@group-EC3D5E7AB734-StateMachineUpdater] INFO  ratis.ContainerStateMachine (ContainerStateMachine.java:takeSnapshot(291)) - group-EC3D5E7AB734: Taking a snapshot at:(t:1, i:0) file /github/workspace/mnt/ozone/hadoop-ozone/integration-test/target/test-dir/MiniOzoneClusterImpl-e6490a55-0da7-46e5-97f4-9b4e66d62915/datanode-5/data/ratis/10a15a29-ce98-4fb3-a181-ec3d5e7ab734/sm/snapshot.1_0
2020-12-29 02:33:06,199 [1bcfb908-c5ae-427d-a09f-f15a855158d1@group-EC3D5E7AB734-StateMachineUpdater] INFO  ratis.ContainerStateMachine (ContainerStateMachine.java:takeSnapshot(302)) - group-EC3D5E7AB734: Finished taking a snapshot at:(t:1, i:0) file:/github/workspace/mnt/ozone/hadoop-ozone/integration-test/target/test-dir/MiniOzoneClusterImpl-e6490a55-0da7-46e5-97f4-9b4e66d62915/datanode-5/data/ratis/10a15a29-ce98-4fb3-a181-ec3d5e7ab734/sm/snapshot.1_0 time:1
2020-12-29 02:33:06,199 [1bcfb908-c5ae-427d-a09f-f15a855158d1@group-EC3D5E7AB734-StateMachineUpdater] INFO  impl.StateMachineUpdater (StateMachineUpdater.java:takeSnapshot(279)) - 1bcfb908-c5ae-427d-a09f-f15a855158d1@group-EC3D5E7AB734-StateMachineUpdater: Took a snapshot at index 0
2020-12-29 02:33:06,199 [1bcfb908-c5ae-427d-a09f-f15a855158d1@group-EC3D5E7AB734-StateMachineUpdater] INFO  impl.StateMachineUpdater (StateMachineUpdater.java:lambda$new$0(88)) - 1bcfb908-c5ae-427d-a09f-f15a855158d1@group-EC3D5E7AB734-StateMachineUpdater: snapshotIndex: updateIncreasingly -1 -> 0
2020-12-29 02:33:06,200 [1bcfb908-c5ae-427d-a09f-f15a855158d1@group-EC3D5E7AB734-StateMachineUpdater] INFO  metrics.RatisMetrics (RatisMetrics.java:unregister(43)) - Unregistering Metrics Registry : ratis.state_machine.1bcfb908-c5ae-427d-a09f-f15a855158d1@group-EC3D5E7AB734
2020-12-29 02:33:06,200 [Listener at 127.0.0.1/43157] INFO  server.RaftServer$Division (ServerState.java:close(406)) - 1bcfb908-c5ae-427d-a09f-f15a855158d1@group-EC3D5E7AB734: closes. applyIndex: 0
2020-12-29 02:33:06,200 [1bcfb908-c5ae-427d-a09f-f15a855158d1@group-EC3D5E7AB734-SegmentedRaftLogWorker] INFO  segmented.SegmentedRaftLogWorker (SegmentedRaftLogWorker.java:run(326)) - 1bcfb908-c5ae-427d-a09f-f15a855158d1@group-EC3D5E7AB734-SegmentedRaftLogWorker was interrupted, exiting. There are 0 tasks remaining in the queue.
2020-12-29 02:33:06,201 [Listener at 127.0.0.1/43157] INFO  segmented.SegmentedRaftLogWorker (SegmentedRaftLogWorker.java:close(236)) - 1bcfb908-c5ae-427d-a09f-f15a855158d1@group-EC3D5E7AB734-SegmentedRaftLogWorker close()
2020-12-29 02:33:06,201 [Listener at 127.0.0.1/43157] INFO  metrics.RatisMetrics (RatisMetrics.java:unregister(43)) - Unregistering Metrics Registry : ratis.log_worker.1bcfb908-c5ae-427d-a09f-f15a855158d1@group-EC3D5E7AB734
2020-12-29 02:33:06,201 [Listener at 127.0.0.1/43157] INFO  metrics.RatisMetrics (RatisMetrics.java:unregister(43)) - Unregistering Metrics Registry : ratis.leader_election.1bcfb908-c5ae-427d-a09f-f15a855158d1@group-EC3D5E7AB734
2020-12-29 02:33:06,201 [Listener at 127.0.0.1/43157] INFO  metrics.RatisMetrics (RatisMetrics.java:unregister(43)) - Unregistering Metrics Registry : ratis.server.1bcfb908-c5ae-427d-a09f-f15a855158d1@group-EC3D5E7AB734
2020-12-29 02:33:06,201 [Listener at 127.0.0.1/43157] INFO  server.RaftServer$Division (RaftServerImpl.java:lambda$close$4(397)) - 1bcfb908-c5ae-427d-a09f-f15a855158d1@group-8D1F305CFD2A: shutdown
2020-12-29 02:33:06,202 [Listener at 127.0.0.1/43157] INFO  util.JmxRegister (JmxRegister.java:unregister(73)) - Successfully un-registered JMX Bean with object name Ratis:service=RaftServer,group=group-8D1F305CFD2A,id=1bcfb908-c5ae-427d-a09f-f15a855158d1
2020-12-29 02:33:06,202 [Listener at 127.0.0.1/43157] INFO  impl.RoleInfo (RoleInfo.java:shutdownFollowerState(108)) - 1bcfb908-c5ae-427d-a09f-f15a855158d1: shutdown 1bcfb908-c5ae-427d-a09f-f15a855158d1@group-8D1F305CFD2A-FollowerState
2020-12-29 02:33:06,202 [Thread-876] INFO  impl.FollowerState (FollowerState.java:run(142)) - 1bcfb908-c5ae-427d-a09f-f15a855158d1@group-8D1F305CFD2A-FollowerState was interrupted: {}
java.lang.InterruptedException: sleep interrupted
	at java.lang.Thread.sleep(Native Method)
	at java.lang.Thread.sleep(Thread.java:340)
	at java.util.concurrent.TimeUnit.sleep(TimeUnit.java:386)
	at org.apache.ratis.util.TimeDuration.sleep(TimeDuration.java:319)
	at org.apache.ratis.util.TimeDuration.sleep(TimeDuration.java:304)
	at org.apache.ratis.server.impl.FollowerState.run(FollowerState.java:117)
2020-12-29 02:33:06,203 [Listener at 127.0.0.1/43157] INFO  impl.StateMachineUpdater (StateMachineUpdater.java:stopAndJoin(148)) - 1bcfb908-c5ae-427d-a09f-f15a855158d1@group-8D1F305CFD2A-StateMachineUpdater: set stopIndex = 35
2020-12-29 02:33:06,203 [1bcfb908-c5ae-427d-a09f-f15a855158d1@group-8D1F305CFD2A-StateMachineUpdater] INFO  ratis.ContainerStateMachine (ContainerStateMachine.java:takeSnapshot(291)) - group-8D1F305CFD2A: Taking a snapshot at:(t:1, i:35) file /github/workspace/mnt/ozone/hadoop-ozone/integration-test/target/test-dir/MiniOzoneClusterImpl-e6490a55-0da7-46e5-97f4-9b4e66d62915/datanode-5/data/ratis/387a164e-a32c-42bd-8665-8d1f305cfd2a/sm/snapshot.1_35
2020-12-29 02:33:06,204 [1bcfb908-c5ae-427d-a09f-f15a855158d1@group-8D1F305CFD2A-StateMachineUpdater] INFO  ratis.ContainerStateMachine (ContainerStateMachine.java:takeSnapshot(302)) - group-8D1F305CFD2A: Finished taking a snapshot at:(t:1, i:35) file:/github/workspace/mnt/ozone/hadoop-ozone/integration-test/target/test-dir/MiniOzoneClusterImpl-e6490a55-0da7-46e5-97f4-9b4e66d62915/datanode-5/data/ratis/387a164e-a32c-42bd-8665-8d1f305cfd2a/sm/snapshot.1_35 time:1
2020-12-29 02:33:06,204 [1bcfb908-c5ae-427d-a09f-f15a855158d1@group-8D1F305CFD2A-StateMachineUpdater] INFO  impl.StateMachineUpdater (StateMachineUpdater.java:takeSnapshot(279)) - 1bcfb908-c5ae-427d-a09f-f15a855158d1@group-8D1F305CFD2A-StateMachineUpdater: Took a snapshot at index 35
2020-12-29 02:33:06,204 [1bcfb908-c5ae-427d-a09f-f15a855158d1@group-8D1F305CFD2A-StateMachineUpdater] INFO  impl.StateMachineUpdater (StateMachineUpdater.java:lambda$new$0(88)) - 1bcfb908-c5ae-427d-a09f-f15a855158d1@group-8D1F305CFD2A-StateMachineUpdater: snapshotIndex: updateIncreasingly -1 -> 35
2020-12-29 02:33:06,204 [1bcfb908-c5ae-427d-a09f-f15a855158d1@group-8D1F305CFD2A-StateMachineUpdater] INFO  metrics.RatisMetrics (RatisMetrics.java:unregister(43)) - Unregistering Metrics Registry : ratis.state_machine.1bcfb908-c5ae-427d-a09f-f15a855158d1@group-8D1F305CFD2A
2020-12-29 02:33:06,205 [Listener at 127.0.0.1/43157] INFO  server.RaftServer$Division (ServerState.java:close(406)) - 1bcfb908-c5ae-427d-a09f-f15a855158d1@group-8D1F305CFD2A: closes. applyIndex: 35
2020-12-29 02:33:06,205 [1bcfb908-c5ae-427d-a09f-f15a855158d1@group-8D1F305CFD2A-SegmentedRaftLogWorker] INFO  segmented.SegmentedRaftLogWorker (SegmentedRaftLogWorker.java:run(326)) - 1bcfb908-c5ae-427d-a09f-f15a855158d1@group-8D1F305CFD2A-SegmentedRaftLogWorker was interrupted, exiting. There are 0 tasks remaining in the queue.
2020-12-29 02:33:06,205 [Listener at 127.0.0.1/43157] INFO  segmented.SegmentedRaftLogWorker (SegmentedRaftLogWorker.java:close(236)) - 1bcfb908-c5ae-427d-a09f-f15a855158d1@group-8D1F305CFD2A-SegmentedRaftLogWorker close()
2020-12-29 02:33:06,206 [Listener at 127.0.0.1/43157] INFO  metrics.RatisMetrics (RatisMetrics.java:unregister(43)) - Unregistering Metrics Registry : ratis.log_worker.1bcfb908-c5ae-427d-a09f-f15a855158d1@group-8D1F305CFD2A
2020-12-29 02:33:06,206 [Listener at 127.0.0.1/43157] INFO  metrics.RatisMetrics (RatisMetrics.java:unregister(43)) - Unregistering Metrics Registry : ratis.leader_election.1bcfb908-c5ae-427d-a09f-f15a855158d1@group-8D1F305CFD2A
2020-12-29 02:33:06,206 [Listener at 127.0.0.1/43157] INFO  metrics.RatisMetrics (RatisMetrics.java:unregister(43)) - Unregistering Metrics Registry : ratis.server.1bcfb908-c5ae-427d-a09f-f15a855158d1@group-8D1F305CFD2A
2020-12-29 02:33:06,206 [Listener at 127.0.0.1/43157] INFO  server.GrpcService (GrpcService.java:closeImpl(184)) - 1bcfb908-c5ae-427d-a09f-f15a855158d1: shutdown server with port 41037 now
2020-12-29 02:33:06,212 [Listener at 127.0.0.1/43157] INFO  server.GrpcService (GrpcService.java:closeImpl(193)) - 1bcfb908-c5ae-427d-a09f-f15a855158d1: shutdown server with port 41037 successfully
2020-12-29 02:33:06,212 [org.apache.ratis.util.JvmPauseMonitor$$Lambda$222/1079232678@22c36d] INFO  util.JvmPauseMonitor (JvmPauseMonitor.java:run(109)) - JvmPauseMonitor-1bcfb908-c5ae-427d-a09f-f15a855158d1: Stopped
2020-12-29 02:33:06,213 [Listener at 127.0.0.1/43157] INFO  utils.BackgroundService (BackgroundService.java:shutdown(132)) - Shutting down service BlockDeletingService
2020-12-29 02:33:06,214 [Listener at 127.0.0.1/43157] INFO  statemachine.DatanodeStateMachine (DatanodeStateMachine.java:stopDaemon(461)) - Ozone container server stopped.
2020-12-29 02:33:06,222 [Listener at 127.0.0.1/43157] INFO  handler.ContextHandler (ContextHandler.java:doStop(1154)) - Stopped o.e.j.w.WebAppContext@2b34a1e0{hddsDatanode,/,null,STOPPED}{jar:file:/home/user/.m2/repository/org/apache/hadoop/hadoop-hdds-container-service/1.1.0-SNAPSHOT/hadoop-hdds-container-service-1.1.0-SNAPSHOT.jar!/webapps/hddsDatanode}
2020-12-29 02:33:06,223 [Listener at 127.0.0.1/43157] INFO  server.AbstractConnector (AbstractConnector.java:doStop(381)) - Stopped ServerConnector@32f3174d{HTTP/1.1, (http/1.1)}{0.0.0.0:0}
2020-12-29 02:33:06,223 [Listener at 127.0.0.1/43157] INFO  server.session (HouseKeeper.java:stopScavenging(149)) - node0 Stopped scavenging
2020-12-29 02:33:06,223 [Listener at 127.0.0.1/43157] INFO  handler.ContextHandler (ContextHandler.java:doStop(1154)) - Stopped o.e.j.s.ServletContextHandler@223a5a4b{static,/static,jar:file:/home/user/.m2/repository/org/apache/hadoop/hadoop-hdds-container-service/1.1.0-SNAPSHOT/hadoop-hdds-container-service-1.1.0-SNAPSHOT.jar!/webapps/static,STOPPED}
2020-12-29 02:33:06,223 [Listener at 127.0.0.1/43157] INFO  handler.ContextHandler (ContextHandler.java:doStop(1154)) - Stopped o.e.j.s.ServletContextHandler@5c4b4c4d{logs,/logs,file:///github/workspace/mnt/ozone/hadoop-ozone/integration-test/target/log,STOPPED}
2020-12-29 02:33:06,671 [Datanode State Machine Thread - 0] INFO  statemachine.DatanodeStateMachine (DatanodeStateMachine.java:lambda$startDaemon$0(408)) - Ozone container server started.
2020-12-29 02:33:06,671 [Listener at 127.0.0.1/43157] INFO  ozoneimpl.OzoneContainer (OzoneContainer.java:stop(257)) - Attempting to stop container services.
2020-12-29 02:33:06,671 [Listener at 127.0.0.1/43157] INFO  server.RaftServer (RaftServerProxy.java:lambda$close$6(387)) - 4cac4d95-f3be-45f6-9a5a-d8dab57b636d: close
2020-12-29 02:33:06,672 [Listener at 127.0.0.1/43157] INFO  server.RaftServer$Division (RaftServerImpl.java:lambda$close$4(397)) - 4cac4d95-f3be-45f6-9a5a-d8dab57b636d@group-8D1F305CFD2A: shutdown
2020-12-29 02:33:06,672 [Listener at 127.0.0.1/43157] INFO  util.JmxRegister (JmxRegister.java:unregister(73)) - Successfully un-registered JMX Bean with object name Ratis:service=RaftServer,group=group-8D1F305CFD2A,id=4cac4d95-f3be-45f6-9a5a-d8dab57b636d
2020-12-29 02:33:06,673 [Listener at 127.0.0.1/43157] INFO  impl.RoleInfo (RoleInfo.java:shutdownFollowerState(108)) - 4cac4d95-f3be-45f6-9a5a-d8dab57b636d: shutdown 4cac4d95-f3be-45f6-9a5a-d8dab57b636d@group-8D1F305CFD2A-FollowerState
2020-12-29 02:33:06,673 [Thread-875] INFO  impl.FollowerState (FollowerState.java:run(142)) - 4cac4d95-f3be-45f6-9a5a-d8dab57b636d@group-8D1F305CFD2A-FollowerState was interrupted: {}
java.lang.InterruptedException: sleep interrupted
	at java.lang.Thread.sleep(Native Method)
	at java.lang.Thread.sleep(Thread.java:340)
	at java.util.concurrent.TimeUnit.sleep(TimeUnit.java:386)
	at org.apache.ratis.util.TimeDuration.sleep(TimeDuration.java:319)
	at org.apache.ratis.util.TimeDuration.sleep(TimeDuration.java:304)
	at org.apache.ratis.server.impl.FollowerState.run(FollowerState.java:117)
2020-12-29 02:33:06,673 [4cac4d95-f3be-45f6-9a5a-d8dab57b636d@group-8D1F305CFD2A-StateMachineUpdater] INFO  ratis.ContainerStateMachine (ContainerStateMachine.java:takeSnapshot(291)) - group-8D1F305CFD2A: Taking a snapshot at:(t:1, i:35) file /github/workspace/mnt/ozone/hadoop-ozone/integration-test/target/test-dir/MiniOzoneClusterImpl-e6490a55-0da7-46e5-97f4-9b4e66d62915/datanode-4/data/ratis/387a164e-a32c-42bd-8665-8d1f305cfd2a/sm/snapshot.1_35
2020-12-29 02:33:06,674 [Listener at 127.0.0.1/43157] INFO  impl.StateMachineUpdater (StateMachineUpdater.java:stopAndJoin(148)) - 4cac4d95-f3be-45f6-9a5a-d8dab57b636d@group-8D1F305CFD2A-StateMachineUpdater: set stopIndex = 35
2020-12-29 02:33:06,675 [4cac4d95-f3be-45f6-9a5a-d8dab57b636d@group-8D1F305CFD2A-StateMachineUpdater] INFO  ratis.ContainerStateMachine (ContainerStateMachine.java:takeSnapshot(302)) - group-8D1F305CFD2A: Finished taking a snapshot at:(t:1, i:35) file:/github/workspace/mnt/ozone/hadoop-ozone/integration-test/target/test-dir/MiniOzoneClusterImpl-e6490a55-0da7-46e5-97f4-9b4e66d62915/datanode-4/data/ratis/387a164e-a32c-42bd-8665-8d1f305cfd2a/sm/snapshot.1_35 time:2
2020-12-29 02:33:06,675 [4cac4d95-f3be-45f6-9a5a-d8dab57b636d@group-8D1F305CFD2A-StateMachineUpdater] INFO  impl.StateMachineUpdater (StateMachineUpdater.java:takeSnapshot(279)) - 4cac4d95-f3be-45f6-9a5a-d8dab57b636d@group-8D1F305CFD2A-StateMachineUpdater: Took a snapshot at index 35
2020-12-29 02:33:06,675 [4cac4d95-f3be-45f6-9a5a-d8dab57b636d@group-8D1F305CFD2A-StateMachineUpdater] INFO  impl.StateMachineUpdater (StateMachineUpdater.java:lambda$new$0(88)) - 4cac4d95-f3be-45f6-9a5a-d8dab57b636d@group-8D1F305CFD2A-StateMachineUpdater: snapshotIndex: updateIncreasingly -1 -> 35
2020-12-29 02:33:06,676 [4cac4d95-f3be-45f6-9a5a-d8dab57b636d@group-8D1F305CFD2A-StateMachineUpdater] INFO  metrics.RatisMetrics (RatisMetrics.java:unregister(43)) - Unregistering Metrics Registry : ratis.state_machine.4cac4d95-f3be-45f6-9a5a-d8dab57b636d@group-8D1F305CFD2A
2020-12-29 02:33:06,676 [Listener at 127.0.0.1/43157] INFO  server.RaftServer$Division (ServerState.java:close(406)) - 4cac4d95-f3be-45f6-9a5a-d8dab57b636d@group-8D1F305CFD2A: closes. applyIndex: 35
2020-12-29 02:33:06,677 [4cac4d95-f3be-45f6-9a5a-d8dab57b636d@group-8D1F305CFD2A-SegmentedRaftLogWorker] INFO  segmented.SegmentedRaftLogWorker (SegmentedRaftLogWorker.java:run(326)) - 4cac4d95-f3be-45f6-9a5a-d8dab57b636d@group-8D1F305CFD2A-SegmentedRaftLogWorker was interrupted, exiting. There are 0 tasks remaining in the queue.
2020-12-29 02:33:06,677 [Listener at 127.0.0.1/43157] INFO  segmented.SegmentedRaftLogWorker (SegmentedRaftLogWorker.java:close(236)) - 4cac4d95-f3be-45f6-9a5a-d8dab57b636d@group-8D1F305CFD2A-SegmentedRaftLogWorker close()
2020-12-29 02:33:06,677 [Listener at 127.0.0.1/43157] INFO  metrics.RatisMetrics (RatisMetrics.java:unregister(43)) - Unregistering Metrics Registry : ratis.log_worker.4cac4d95-f3be-45f6-9a5a-d8dab57b636d@group-8D1F305CFD2A
2020-12-29 02:33:06,677 [Listener at 127.0.0.1/43157] INFO  metrics.RatisMetrics (RatisMetrics.java:unregister(43)) - Unregistering Metrics Registry : ratis.leader_election.4cac4d95-f3be-45f6-9a5a-d8dab57b636d@group-8D1F305CFD2A
2020-12-29 02:33:06,677 [Listener at 127.0.0.1/43157] INFO  metrics.RatisMetrics (RatisMetrics.java:unregister(43)) - Unregistering Metrics Registry : ratis.server.4cac4d95-f3be-45f6-9a5a-d8dab57b636d@group-8D1F305CFD2A
2020-12-29 02:33:06,677 [Listener at 127.0.0.1/43157] INFO  server.RaftServer$Division (RaftServerImpl.java:lambda$close$4(397)) - 4cac4d95-f3be-45f6-9a5a-d8dab57b636d@group-05604499EE7C: shutdown
2020-12-29 02:33:06,678 [Listener at 127.0.0.1/43157] INFO  util.JmxRegister (JmxRegister.java:unregister(73)) - Successfully un-registered JMX Bean with object name Ratis:service=RaftServer,group=group-05604499EE7C,id=4cac4d95-f3be-45f6-9a5a-d8dab57b636d
2020-12-29 02:33:06,678 [Listener at 127.0.0.1/43157] INFO  impl.RoleInfo (RoleInfo.java:shutdownLeaderState(91)) - 4cac4d95-f3be-45f6-9a5a-d8dab57b636d: shutdown 4cac4d95-f3be-45f6-9a5a-d8dab57b636d@group-05604499EE7C-LeaderStateImpl
2020-12-29 02:33:06,678 [Listener at 127.0.0.1/43157] INFO  impl.PendingRequests (PendingRequests.java:sendNotLeaderResponses(249)) - 4cac4d95-f3be-45f6-9a5a-d8dab57b636d@group-05604499EE7C-PendingRequests: sendNotLeaderResponses
2020-12-29 02:33:06,678 [Listener at 127.0.0.1/43157] INFO  metrics.RatisMetrics (RatisMetrics.java:unregister(43)) - Unregistering Metrics Registry : ratis.log_appender.4cac4d95-f3be-45f6-9a5a-d8dab57b636d@group-05604499EE7C
2020-12-29 02:33:06,678 [Listener at 127.0.0.1/43157] INFO  metrics.RatisMetrics (RatisMetrics.java:unregister(43)) - Unregistering Metrics Registry : ratis.server.4cac4d95-f3be-45f6-9a5a-d8dab57b636d@group-05604499EE7C
2020-12-29 02:33:06,679 [4cac4d95-f3be-45f6-9a5a-d8dab57b636d@group-05604499EE7C-StateMachineUpdater] INFO  ratis.ContainerStateMachine (ContainerStateMachine.java:takeSnapshot(291)) - group-05604499EE7C: Taking a snapshot at:(t:1, i:0) file /github/workspace/mnt/ozone/hadoop-ozone/integration-test/target/test-dir/MiniOzoneClusterImpl-e6490a55-0da7-46e5-97f4-9b4e66d62915/datanode-4/data/ratis/634eff3f-792b-4a01-bf73-05604499ee7c/sm/snapshot.1_0
2020-12-29 02:33:06,679 [Listener at 127.0.0.1/43157] INFO  impl.StateMachineUpdater (StateMachineUpdater.java:stopAndJoin(148)) - 4cac4d95-f3be-45f6-9a5a-d8dab57b636d@group-05604499EE7C-StateMachineUpdater: set stopIndex = 0
2020-12-29 02:33:06,679 [4cac4d95-f3be-45f6-9a5a-d8dab57b636d@group-05604499EE7C-StateMachineUpdater] INFO  ratis.ContainerStateMachine (ContainerStateMachine.java:takeSnapshot(302)) - group-05604499EE7C: Finished taking a snapshot at:(t:1, i:0) file:/github/workspace/mnt/ozone/hadoop-ozone/integration-test/target/test-dir/MiniOzoneClusterImpl-e6490a55-0da7-46e5-97f4-9b4e66d62915/datanode-4/data/ratis/634eff3f-792b-4a01-bf73-05604499ee7c/sm/snapshot.1_0 time:1
2020-12-29 02:33:06,679 [4cac4d95-f3be-45f6-9a5a-d8dab57b636d@group-05604499EE7C-StateMachineUpdater] INFO  impl.StateMachineUpdater (StateMachineUpdater.java:takeSnapshot(279)) - 4cac4d95-f3be-45f6-9a5a-d8dab57b636d@group-05604499EE7C-StateMachineUpdater: Took a snapshot at index 0
2020-12-29 02:33:06,679 [4cac4d95-f3be-45f6-9a5a-d8dab57b636d@group-05604499EE7C-StateMachineUpdater] INFO  impl.StateMachineUpdater (StateMachineUpdater.java:lambda$new$0(88)) - 4cac4d95-f3be-45f6-9a5a-d8dab57b636d@group-05604499EE7C-StateMachineUpdater: snapshotIndex: updateIncreasingly -1 -> 0
2020-12-29 02:33:06,679 [4cac4d95-f3be-45f6-9a5a-d8dab57b636d@group-05604499EE7C-StateMachineUpdater] INFO  metrics.RatisMetrics (RatisMetrics.java:unregister(43)) - Unregistering Metrics Registry : ratis.state_machine.4cac4d95-f3be-45f6-9a5a-d8dab57b636d@group-05604499EE7C
2020-12-29 02:33:06,680 [Listener at 127.0.0.1/43157] INFO  server.RaftServer$Division (ServerState.java:close(406)) - 4cac4d95-f3be-45f6-9a5a-d8dab57b636d@group-05604499EE7C: closes. applyIndex: 0
2020-12-29 02:33:06,680 [4cac4d95-f3be-45f6-9a5a-d8dab57b636d@group-05604499EE7C-SegmentedRaftLogWorker] INFO  segmented.SegmentedRaftLogWorker (SegmentedRaftLogWorker.java:run(326)) - 4cac4d95-f3be-45f6-9a5a-d8dab57b636d@group-05604499EE7C-SegmentedRaftLogWorker was interrupted, exiting. There are 0 tasks remaining in the queue.
2020-12-29 02:33:06,680 [Listener at 127.0.0.1/43157] INFO  segmented.SegmentedRaftLogWorker (SegmentedRaftLogWorker.java:close(236)) - 4cac4d95-f3be-45f6-9a5a-d8dab57b636d@group-05604499EE7C-SegmentedRaftLogWorker close()
2020-12-29 02:33:06,680 [Listener at 127.0.0.1/43157] INFO  metrics.RatisMetrics (RatisMetrics.java:unregister(43)) - Unregistering Metrics Registry : ratis.log_worker.4cac4d95-f3be-45f6-9a5a-d8dab57b636d@group-05604499EE7C
2020-12-29 02:33:06,680 [Listener at 127.0.0.1/43157] INFO  metrics.RatisMetrics (RatisMetrics.java:unregister(43)) - Unregistering Metrics Registry : ratis.leader_election.4cac4d95-f3be-45f6-9a5a-d8dab57b636d@group-05604499EE7C
2020-12-29 02:33:06,680 [Listener at 127.0.0.1/43157] INFO  metrics.RatisMetrics (RatisMetrics.java:unregister(43)) - Unregistering Metrics Registry : ratis.server.4cac4d95-f3be-45f6-9a5a-d8dab57b636d@group-05604499EE7C
2020-12-29 02:33:06,681 [Listener at 127.0.0.1/43157] INFO  server.GrpcService (GrpcService.java:closeImpl(184)) - 4cac4d95-f3be-45f6-9a5a-d8dab57b636d: shutdown server with port 42337 now
2020-12-29 02:33:06,684 [Listener at 127.0.0.1/43157] INFO  server.GrpcService (GrpcService.java:closeImpl(193)) - 4cac4d95-f3be-45f6-9a5a-d8dab57b636d: shutdown server with port 42337 successfully
2020-12-29 02:33:06,685 [org.apache.ratis.util.JvmPauseMonitor$$Lambda$222/1079232678@3753f277] INFO  util.JvmPauseMonitor (JvmPauseMonitor.java:run(109)) - JvmPauseMonitor-4cac4d95-f3be-45f6-9a5a-d8dab57b636d: Stopped
2020-12-29 02:33:06,686 [Listener at 127.0.0.1/43157] INFO  utils.BackgroundService (BackgroundService.java:shutdown(132)) - Shutting down service BlockDeletingService
2020-12-29 02:33:06,687 [Listener at 127.0.0.1/43157] INFO  statemachine.DatanodeStateMachine (DatanodeStateMachine.java:stopDaemon(461)) - Ozone container server stopped.
2020-12-29 02:33:06,695 [Listener at 127.0.0.1/43157] INFO  handler.ContextHandler (ContextHandler.java:doStop(1154)) - Stopped o.e.j.w.WebAppContext@1e1e77ed{hddsDatanode,/,null,STOPPED}{jar:file:/home/user/.m2/repository/org/apache/hadoop/hadoop-hdds-container-service/1.1.0-SNAPSHOT/hadoop-hdds-container-service-1.1.0-SNAPSHOT.jar!/webapps/hddsDatanode}
2020-12-29 02:33:06,696 [Listener at 127.0.0.1/43157] INFO  server.AbstractConnector (AbstractConnector.java:doStop(381)) - Stopped ServerConnector@5bf394be{HTTP/1.1, (http/1.1)}{0.0.0.0:0}
2020-12-29 02:33:06,696 [Listener at 127.0.0.1/43157] INFO  server.session (HouseKeeper.java:stopScavenging(149)) - node0 Stopped scavenging
2020-12-29 02:33:06,696 [Listener at 127.0.0.1/43157] INFO  handler.ContextHandler (ContextHandler.java:doStop(1154)) - Stopped o.e.j.s.ServletContextHandler@7215172a{static,/static,jar:file:/home/user/.m2/repository/org/apache/hadoop/hadoop-hdds-container-service/1.1.0-SNAPSHOT/hadoop-hdds-container-service-1.1.0-SNAPSHOT.jar!/webapps/static,STOPPED}
2020-12-29 02:33:06,697 [Listener at 127.0.0.1/43157] INFO  handler.ContextHandler (ContextHandler.java:doStop(1154)) - Stopped o.e.j.s.ServletContextHandler@294bb5f0{logs,/logs,file:///github/workspace/mnt/ozone/hadoop-ozone/integration-test/target/log,STOPPED}
2020-12-29 02:33:06,738 [Datanode State Machine Thread - 0] INFO  statemachine.DatanodeStateMachine (DatanodeStateMachine.java:lambda$startDaemon$0(408)) - Ozone container server started.
2020-12-29 02:33:06,791 [EventQueue-StaleNodeForStaleNodeHandler] INFO  node.StaleNodeHandler (StaleNodeHandler.java:onMessage(58)) - Datanode acc45ab6-017e-46ef-a2cf-eb53f92e8ea7{ip: 172.17.0.2, host: 3099d1499688, networkLocation: /default-rack, certSerialId: null, persistedOpState: IN_MAINTENANCE, persistedOpStateExpiryEpochSec: 0} moved to stale state. Finalizing its pipelines []
2020-12-29 02:33:06,980 [ReplicationMonitor] INFO  container.ReplicationManager (ReplicationManager.java:sendCloseCommand(948)) - Sending close container command for container #3 to datanode 1bcfb908-c5ae-427d-a09f-f15a855158d1{ip: 172.17.0.2, host: 3099d1499688, networkLocation: /default-rack, certSerialId: null, persistedOpState: IN_SERVICE, persistedOpStateExpiryEpochSec: 0}.
2020-12-29 02:33:06,980 [ReplicationMonitor] INFO  container.ReplicationManager (ReplicationManager.java:sendCloseCommand(948)) - Sending close container command for container #3 to datanode f7145b68-714b-4a68-90a5-01bf6bfda3d1{ip: 172.17.0.2, host: 3099d1499688, networkLocation: /default-rack, certSerialId: null, persistedOpState: IN_SERVICE, persistedOpStateExpiryEpochSec: 0}.
2020-12-29 02:33:06,980 [ReplicationMonitor] INFO  container.ReplicationManager (ReplicationManager.java:sendCloseCommand(948)) - Sending close container command for container #3 to datanode 4cac4d95-f3be-45f6-9a5a-d8dab57b636d{ip: 172.17.0.2, host: 3099d1499688, networkLocation: /default-rack, certSerialId: null, persistedOpState: IN_SERVICE, persistedOpStateExpiryEpochSec: 0}.
2020-12-29 02:33:06,981 [ReplicationMonitor] INFO  container.ReplicationManager (ReplicationManager.java:sendCloseCommand(948)) - Sending close container command for container #4 to datanode f7145b68-714b-4a68-90a5-01bf6bfda3d1{ip: 172.17.0.2, host: 3099d1499688, networkLocation: /default-rack, certSerialId: null, persistedOpState: IN_SERVICE, persistedOpStateExpiryEpochSec: 0}.
2020-12-29 02:33:06,981 [ReplicationMonitor] INFO  container.ReplicationManager (ReplicationManager.java:sendCloseCommand(948)) - Sending close container command for container #4 to datanode 4cac4d95-f3be-45f6-9a5a-d8dab57b636d{ip: 172.17.0.2, host: 3099d1499688, networkLocation: /default-rack, certSerialId: null, persistedOpState: IN_SERVICE, persistedOpStateExpiryEpochSec: 0}.
2020-12-29 02:33:06,981 [ReplicationMonitor] INFO  container.ReplicationManager (ReplicationManager.java:sendCloseCommand(948)) - Sending close container command for container #4 to datanode 1bcfb908-c5ae-427d-a09f-f15a855158d1{ip: 172.17.0.2, host: 3099d1499688, networkLocation: /default-rack, certSerialId: null, persistedOpState: IN_SERVICE, persistedOpStateExpiryEpochSec: 0}.
2020-12-29 02:33:06,981 [ReplicationMonitor] INFO  container.ReplicationManager (ReplicationManager.java:run(250)) - Replication Monitor Thread took 1 milliseconds for processing 4 containers.
2020-12-29 02:33:07,123 [DatanodeAdminManager-0] INFO  node.DatanodeAdminMonitorImpl (DatanodeAdminMonitorImpl.java:run(136)) - There are 3 nodes tracked for decommission and maintenance. 0 pending nodes.
2020-12-29 02:33:07,793 [EventQueue-StaleNodeForStaleNodeHandler] INFO  node.StaleNodeHandler (StaleNodeHandler.java:onMessage(58)) - Datanode 9465357b-4c2a-4b31-9d0e-a8957ee25dd0{ip: 172.17.0.2, host: 3099d1499688, networkLocation: /default-rack, certSerialId: null, persistedOpState: IN_MAINTENANCE, persistedOpStateExpiryEpochSec: 0} moved to stale state. Finalizing its pipelines []
2020-12-29 02:33:07,860 [ForkJoinPool.commonPool-worker-0] INFO  ozoneimpl.OzoneContainer (OzoneContainer.java:stop(257)) - Attempting to stop container services.
2020-12-29 02:33:07,860 [ForkJoinPool.commonPool-worker-0] INFO  server.RaftServer (RaftServerProxy.java:lambda$close$6(387)) - 711a5d62-dee4-49d0-b2b9-1fce1aa24acb: close
2020-12-29 02:33:07,861 [ForkJoinPool.commonPool-worker-0] INFO  server.GrpcService (GrpcService.java:closeImpl(184)) - 711a5d62-dee4-49d0-b2b9-1fce1aa24acb: shutdown server with port 41697 now
2020-12-29 02:33:07,863 [ForkJoinPool.commonPool-worker-0] INFO  server.GrpcService (GrpcService.java:closeImpl(193)) - 711a5d62-dee4-49d0-b2b9-1fce1aa24acb: shutdown server with port 41697 successfully
2020-12-29 02:33:07,863 [grpc-default-executor-4] WARN  client.GrpcClientProtocolService (LogUtils.java:warn(122)) - 1-UnorderedRequestStreamObserver1: onError: org.apache.ratis.thirdparty.io.grpc.StatusRuntimeException: CANCELLED: cancelled before receiving half close
2020-12-29 02:33:07,864 [org.apache.ratis.util.JvmPauseMonitor$$Lambda$222/1079232678@2b225719] INFO  util.JvmPauseMonitor (JvmPauseMonitor.java:run(109)) - JvmPauseMonitor-711a5d62-dee4-49d0-b2b9-1fce1aa24acb: Stopped
2020-12-29 02:33:07,865 [ForkJoinPool.commonPool-worker-0] INFO  utils.BackgroundService (BackgroundService.java:shutdown(132)) - Shutting down service BlockDeletingService
2020-12-29 02:33:07,866 [ForkJoinPool.commonPool-worker-0] INFO  statemachine.DatanodeStateMachine (DatanodeStateMachine.java:stopDaemon(461)) - Ozone container server stopped.
2020-12-29 02:33:07,874 [ForkJoinPool.commonPool-worker-0] INFO  handler.ContextHandler (ContextHandler.java:doStop(1154)) - Stopped o.e.j.w.WebAppContext@3ad32e52{hddsDatanode,/,null,STOPPED}{jar:file:/home/user/.m2/repository/org/apache/hadoop/hadoop-hdds-container-service/1.1.0-SNAPSHOT/hadoop-hdds-container-service-1.1.0-SNAPSHOT.jar!/webapps/hddsDatanode}
2020-12-29 02:33:07,874 [ForkJoinPool.commonPool-worker-0] INFO  server.AbstractConnector (AbstractConnector.java:doStop(381)) - Stopped ServerConnector@62b26bef{HTTP/1.1, (http/1.1)}{0.0.0.0:0}
2020-12-29 02:33:07,874 [ForkJoinPool.commonPool-worker-0] INFO  server.session (HouseKeeper.java:stopScavenging(149)) - node0 Stopped scavenging
2020-12-29 02:33:07,875 [ForkJoinPool.commonPool-worker-0] INFO  handler.ContextHandler (ContextHandler.java:doStop(1154)) - Stopped o.e.j.s.ServletContextHandler@1cbd2c1a{static,/static,jar:file:/home/user/.m2/repository/org/apache/hadoop/hadoop-hdds-container-service/1.1.0-SNAPSHOT/hadoop-hdds-container-service-1.1.0-SNAPSHOT.jar!/webapps/static,STOPPED}
2020-12-29 02:33:07,875 [ForkJoinPool.commonPool-worker-0] INFO  handler.ContextHandler (ContextHandler.java:doStop(1154)) - Stopped o.e.j.s.ServletContextHandler@6fcb2e2d{logs,/logs,file:///github/workspace/mnt/ozone/hadoop-ozone/integration-test/target/log,STOPPED}
2020-12-29 02:33:07,876 [Listener at 127.0.0.1/43157] INFO  ozone.MiniOzoneClusterImpl (MiniOzoneClusterImpl.java:stopSCM(477)) - Stopping the StorageContainerManager
2020-12-29 02:33:07,877 [Listener at 127.0.0.1/43157] INFO  server.StorageContainerManager (StorageContainerManager.java:stop(832)) - Stopping Replication Manager Service.
2020-12-29 02:33:07,877 [Listener at 127.0.0.1/43157] INFO  container.ReplicationManager (ReplicationManager.java:stop(227)) - Stopping Replication Monitor Thread.
2020-12-29 02:33:07,877 [Listener at 127.0.0.1/43157] INFO  server.StorageContainerManager (StorageContainerManager.java:stop(839)) - Stopping the Datanode Admin Monitor.
2020-12-29 02:33:07,877 [Listener at 127.0.0.1/43157] INFO  server.StorageContainerManager (StorageContainerManager.java:stop(846)) - Stopping Lease Manager of the command watchers
2020-12-29 02:33:07,877 [Listener at 127.0.0.1/43157] INFO  server.StorageContainerManager (StorageContainerManager.java:stop(853)) - Stopping datanode service RPC server
2020-12-29 02:33:07,877 [Listener at 127.0.0.1/43157] INFO  server.SCMDatanodeProtocolServer (SCMDatanodeProtocolServer.java:stop(369)) - Stopping the RPC server for DataNodes
2020-12-29 02:33:07,877 [Listener at 127.0.0.1/43157] INFO  ipc.Server (Server.java:stop(3359)) - Stopping server on 45887
2020-12-29 02:33:07,878 [IPC Server listener on 0] INFO  ipc.Server (Server.java:run(1330)) - Stopping IPC Server listener on 0
2020-12-29 02:33:07,879 [IPC Server Responder] INFO  ipc.Server (Server.java:run(1465)) - Stopping IPC Server Responder
2020-12-29 02:33:07,894 [SCM Heartbeat Processing Thread - 0] WARN  node.NodeStateManager (NodeStateManager.java:scheduleNextHealthCheck(688)) - Current Thread is interrupted, shutting down HB processing thread for Node Manager.
2020-12-29 02:33:07,894 [Listener at 127.0.0.1/43157] INFO  server.StorageContainerManager (StorageContainerManager.java:stop(861)) - Stopping block service RPC server
2020-12-29 02:33:07,894 [Listener at 127.0.0.1/43157] INFO  server.SCMBlockProtocolServer (SCMBlockProtocolServer.java:stop(159)) - Stopping the RPC server for Block Protocol
2020-12-29 02:33:07,894 [Listener at 127.0.0.1/43157] INFO  ipc.Server (Server.java:stop(3359)) - Stopping server on 46487
2020-12-29 02:33:07,895 [IPC Server listener on 0] INFO  ipc.Server (Server.java:run(1330)) - Stopping IPC Server listener on 0
2020-12-29 02:33:07,896 [IPC Server Responder] INFO  ipc.Server (Server.java:run(1465)) - Stopping IPC Server Responder
2020-12-29 02:33:07,897 [Listener at 127.0.0.1/43157] INFO  server.StorageContainerManager (StorageContainerManager.java:stop(868)) - Stopping the StorageContainerLocationProtocol RPC server
2020-12-29 02:33:07,898 [Listener at 127.0.0.1/43157] INFO  server.SCMClientProtocolServer (SCMClientProtocolServer.java:stop(168)) - Stopping the RPC server for Client Protocol
2020-12-29 02:33:07,898 [Listener at 127.0.0.1/43157] INFO  ipc.Server (Server.java:stop(3359)) - Stopping server on 43839
2020-12-29 02:33:07,899 [IPC Server listener on 0] INFO  ipc.Server (Server.java:run(1330)) - Stopping IPC Server listener on 0
2020-12-29 02:33:07,901 [IPC Server Responder] INFO  ipc.Server (Server.java:run(1465)) - Stopping IPC Server Responder
2020-12-29 02:33:07,901 [Listener at 127.0.0.1/43157] INFO  server.StorageContainerManager (StorageContainerManager.java:stop(875)) - Stopping Storage Container Manager HTTP server.
2020-12-29 02:33:07,901 [Listener at 127.0.0.1/43157] INFO  handler.ContextHandler (ContextHandler.java:doStop(1154)) - Stopped o.e.j.w.WebAppContext@194ff162{scm,/,null,STOPPED}{file:/github/workspace/mnt/ozone/hadoop-ozone/integration-test/target/test-classes/webapps/scm}
2020-12-29 02:33:07,902 [Listener at 127.0.0.1/43157] INFO  server.AbstractConnector (AbstractConnector.java:doStop(381)) - Stopped ServerConnector@64bcd98a{HTTP/1.1, (http/1.1)}{0.0.0.0:0}
2020-12-29 02:33:07,902 [Listener at 127.0.0.1/43157] INFO  server.session (HouseKeeper.java:stopScavenging(149)) - node0 Stopped scavenging
2020-12-29 02:33:07,903 [Listener at 127.0.0.1/43157] INFO  handler.ContextHandler (ContextHandler.java:doStop(1154)) - Stopped o.e.j.s.ServletContextHandler@6a82a388{static,/static,file:///github/workspace/mnt/ozone/hadoop-ozone/integration-test/target/test-classes/webapps/static,STOPPED}
2020-12-29 02:33:07,903 [Listener at 127.0.0.1/43157] INFO  handler.ContextHandler (ContextHandler.java:doStop(1154)) - Stopped o.e.j.s.ServletContextHandler@241410c5{logs,/logs,file:///github/workspace/mnt/ozone/hadoop-ozone/integration-test/target/log,STOPPED}
2020-12-29 02:33:07,904 [Listener at 127.0.0.1/43157] INFO  server.StorageContainerManager (StorageContainerManager.java:stop(886)) - Stopping Block Manager Service.
2020-12-29 02:33:07,904 [Listener at 127.0.0.1/43157] INFO  utils.BackgroundService (BackgroundService.java:shutdown(132)) - Shutting down service SCMBlockDeletingService
2020-12-29 02:33:07,904 [Listener at 127.0.0.1/43157] INFO  utils.BackgroundService (BackgroundService.java:shutdown(132)) - Shutting down service SCMBlockDeletingService
2020-12-29 02:33:07,904 [Listener at 127.0.0.1/43157] INFO  server.StorageContainerManager (StorageContainerManager.java:stop(911)) - Stopping SCM Event Queue.
2020-12-29 02:33:07,907 [Listener at 127.0.0.1/43157] INFO  impl.MetricsSystemImpl (MetricsSystemImpl.java:stop(210)) - Stopping HddsDatanode metrics system...
2020-12-29 02:33:07,917 [Listener at 127.0.0.1/43157] INFO  impl.MetricsSystemImpl (MetricsSystemImpl.java:stop(216)) - HddsDatanode metrics system stopped.
]]></system-out>
  </testcase>
  <testcase name="testDecommissionedStateReinstatedAfterSCMRestart" classname="org.apache.hadoop.ozone.scm.node.TestDecommissionAndMaintenance" time="34.887"/>
  <testcase name="testMaintenanceEndsAutomaticallyAtTimeout" classname="org.apache.hadoop.ozone.scm.node.TestDecommissionAndMaintenance" time="57.52"/>
  <testcase name="testDecommissionedNodeCanBeRecommissioned" classname="org.apache.hadoop.ozone.scm.node.TestDecommissionAndMaintenance" time="27.147"/>
  <testcase name="testNodeWithOpenPipelineCanBeDecommissioned" classname="org.apache.hadoop.ozone.scm.node.TestDecommissionAndMaintenance" time="32.468"/>
  <testcase name="testSingleNodeWithOpenPipelineCanGotoMaintenance" classname="org.apache.hadoop.ozone.scm.node.TestDecommissionAndMaintenance" time="39.018"/>
  <testcase name="testSCMHandlesRestartForMaintenanceNode" classname="org.apache.hadoop.ozone.scm.node.TestDecommissionAndMaintenance" time="42.685"/>
  <testcase name="testStoppedDecommissionedNodeTakesSCMStateOnRestart" classname="org.apache.hadoop.ozone.scm.node.TestDecommissionAndMaintenance" time="51.064"/>
  <testcase name="testEnteringMaintenanceNodeCompletesAfterSCMRestart" classname="org.apache.hadoop.ozone.scm.node.TestDecommissionAndMaintenance" time="36.641"/>
  <testcase name="testDecommissioningNodesCompleteDecommissionOnSCMRestart" classname="org.apache.hadoop.ozone.scm.node.TestDecommissionAndMaintenance" time="41.879"/>
</testsuite>