<?xml version="1.0" encoding="UTF-8"?>
<testsuite xmlns:xsi="http://www.w3.org/2001/XMLSchema-instance" xsi:noNamespaceSchemaLocation="https://maven.apache.org/surefire/maven-surefire-plugin/xsd/surefire-test-report-3.0.xsd" version="3.0" name="org.apache.hadoop.hdds.scm.pipeline.TestRatisPipelineCreateAndDestroy" time="238.328" tests="3" errors="1" skipped="0" failures="0">
  <properties>
    <property name="awt.toolkit" value="sun.awt.X11.XToolkit"/>
    <property name="file.encoding.pkg" value="sun.io"/>
    <property name="java.specification.version" value="1.8"/>
    <property name="sun.cpu.isalist" value=""/>
    <property name="sun.jnu.encoding" value="UTF-8"/>
    <property name="gradle.enterprise.listener.surefire.forkId" value="1"/>
    <property name="java.class.path" value="/home/runner/work/ozone/ozone/hadoop-ozone/integration-test/target/test-classes:/home/runner/work/ozone/ozone/hadoop-ozone/integration-test/target/classes:/home/runner/.m2/repository/org/apache/ozone/ozone-common/1.5.0-SNAPSHOT/ozone-common-1.5.0-SNAPSHOT.jar:/home/runner/.m2/repository/io/grpc/grpc-netty/1.58.0/grpc-netty-1.58.0.jar:/home/runner/.m2/repository/io/grpc/grpc-core/1.58.0/grpc-core-1.58.0.jar:/home/runner/.m2/repository/com/google/android/annotations/4.1.1.4/annotations-4.1.1.4.jar:/home/runner/.m2/repository/org/codehaus/mojo/animal-sniffer-annotations/1.23/animal-sniffer-annotations-1.23.jar:/home/runner/.m2/repository/io/grpc/grpc-context/1.58.0/grpc-context-1.58.0.jar:/home/runner/.m2/repository/io/grpc/grpc-util/1.58.0/grpc-util-1.58.0.jar:/home/runner/.m2/repository/com/google/errorprone/error_prone_annotations/2.2.0/error_prone_annotations-2.2.0.jar:/home/runner/.m2/repository/io/perfmark/perfmark-api/0.26.0/perfmark-api-0.26.0.jar:/home/runner/.m2/repository/io/netty/netty-codec-http2/4.1.100.Final/netty-codec-http2-4.1.100.Final.jar:/home/runner/.m2/repository/io/netty/netty-common/4.1.100.Final/netty-common-4.1.100.Final.jar:/home/runner/.m2/repository/io/netty/netty-buffer/4.1.100.Final/netty-buffer-4.1.100.Final.jar:/home/runner/.m2/repository/io/netty/netty-codec-http/4.1.100.Final/netty-codec-http-4.1.100.Final.jar:/home/runner/.m2/repository/io/netty/netty-handler-proxy/4.1.100.Final/netty-handler-proxy-4.1.100.Final.jar:/home/runner/.m2/repository/io/netty/netty-codec-socks/4.1.100.Final/netty-codec-socks-4.1.100.Final.jar:/home/runner/.m2/repository/io/netty/netty-tcnative-boringssl-static/2.0.61.Final/netty-tcnative-boringssl-static-2.0.61.Final.jar:/home/runner/.m2/repository/io/netty/netty-tcnative-classes/2.0.61.Final/netty-tcnative-classes-2.0.61.Final.jar:/home/runner/.m2/repository/io/netty/netty-tcnative-boringssl-static/2.0.61.Final/netty-tcnative-boringssl-static-2.0.61.Final-linux-x86_64.jar:/home/runner/.m2/repository/io/netty/netty-tcnative-boringssl-static/2.0.61.Final/netty-tcnative-boringssl-static-2.0.61.Final-linux-aarch_64.jar:/home/runner/.m2/repository/io/netty/netty-tcnative-boringssl-static/2.0.61.Final/netty-tcnative-boringssl-static-2.0.61.Final-osx-x86_64.jar:/home/runner/.m2/repository/io/netty/netty-tcnative-boringssl-static/2.0.61.Final/netty-tcnative-boringssl-static-2.0.61.Final-osx-aarch_64.jar:/home/runner/.m2/repository/io/netty/netty-tcnative-boringssl-static/2.0.61.Final/netty-tcnative-boringssl-static-2.0.61.Final-windows-x86_64.jar:/home/runner/.m2/repository/org/apache/commons/commons-compress/1.26.0/commons-compress-1.26.0.jar:/home/runner/.m2/repository/org/apache/ozone/hdds-common/1.5.0-SNAPSHOT/hdds-common-1.5.0-SNAPSHOT.jar:/home/runner/.m2/repository/org/apache/ozone/hdds-client/1.5.0-SNAPSHOT/hdds-client-1.5.0-SNAPSHOT.jar:/home/runner/.m2/repository/org/apache/ozone/ozone-interface-client/1.5.0-SNAPSHOT/ozone-interface-client-1.5.0-SNAPSHOT.jar:/home/runner/.m2/repository/org/apache/hadoop/hadoop-hdfs-client/3.3.6/hadoop-hdfs-client-3.3.6.jar:/home/runner/.m2/repository/com/squareup/okhttp3/okhttp/4.12.0/okhttp-4.12.0.jar:/home/runner/.m2/repository/com/squareup/okio/okio/3.6.0/okio-3.6.0.jar:/home/runner/.m2/repository/com/squareup/okio/okio-jvm/3.6.0/okio-jvm-3.6.0.jar:/home/runner/.m2/repository/org/jetbrains/kotlin/kotlin-stdlib-jdk8/1.9.22/kotlin-stdlib-jdk8-1.9.22.jar:/home/runner/.m2/repository/org/jetbrains/kotlin/kotlin-stdlib-jdk7/1.9.22/kotlin-stdlib-jdk7-1.9.22.jar:/home/runner/.m2/repository/org/jetbrains/kotlin/kotlin-stdlib-common/1.9.22/kotlin-stdlib-common-1.9.22.jar:/home/runner/.m2/repository/org/apache/ozone/hdds-test-utils/1.5.0-SNAPSHOT/hdds-test-utils-1.5.0-SNAPSHOT.jar:/home/runner/.m2/repository/org/assertj/assertj-core/3.12.2/assertj-core-3.12.2.jar:/home/runner/.m2/repository/com/google/guava/guava/32.0.0-jre/guava-32.0.0-jre.jar:/home/runner/.m2/repository/com/google/guava/failureaccess/1.0.1/failureaccess-1.0.1.jar:/home/runner/.m2/repository/com/google/guava/listenablefuture/9999.0-empty-to-avoid-conflict-with-guava/listenablefuture-9999.0-empty-to-avoid-conflict-with-guava.jar:/home/runner/.m2/repository/org/checkerframework/checker-qual/3.33.0/checker-qual-3.33.0.jar:/home/runner/.m2/repository/com/google/j2objc/j2objc-annotations/2.8/j2objc-annotations-2.8.jar:/home/runner/.m2/repository/commons-io/commons-io/2.15.1/commons-io-2.15.1.jar:/home/runner/.m2/repository/commons-logging/commons-logging/1.2/commons-logging-1.2.jar:/home/runner/.m2/repository/org/junit/jupiter/junit-jupiter-api/5.10.1/junit-jupiter-api-5.10.1.jar:/home/runner/.m2/repository/org/opentest4j/opentest4j/1.3.0/opentest4j-1.3.0.jar:/home/runner/.m2/repository/org/junit/platform/junit-platform-commons/1.10.1/junit-platform-commons-1.10.1.jar:/home/runner/.m2/repository/ch/qos/reload4j/reload4j/1.2.25/reload4j-1.2.25.jar:/home/runner/.m2/repository/jakarta/annotation/jakarta.annotation-api/2.1.1/jakarta.annotation-api-2.1.1.jar:/home/runner/.m2/repository/org/slf4j/slf4j-api/2.0.10/slf4j-api-2.0.10.jar:/home/runner/.m2/repository/org/apache/logging/log4j/log4j-api/2.17.1/log4j-api-2.17.1.jar:/home/runner/.m2/repository/org/apache/ozone/hdds-server-scm/1.5.0-SNAPSHOT/hdds-server-scm-1.5.0-SNAPSHOT.jar:/home/runner/.m2/repository/com/google/protobuf/protobuf-java/2.5.0/protobuf-java-2.5.0.jar:/home/runner/.m2/repository/org/apache/ozone/hdds-container-service/1.5.0-SNAPSHOT/hdds-container-service-1.5.0-SNAPSHOT.jar:/home/runner/.m2/repository/org/apache/ozone/hdds-hadoop-dependency-server/1.5.0-SNAPSHOT/hdds-hadoop-dependency-server-1.5.0-SNAPSHOT.jar:/home/runner/.m2/repository/org/apache/hadoop/hadoop-hdfs/3.3.6/hadoop-hdfs-3.3.6.jar:/home/runner/.m2/repository/commons-daemon/commons-daemon/1.0.13/commons-daemon-1.0.13.jar:/home/runner/.m2/repository/org/apache/ozone/hdds-server-framework/1.5.0-SNAPSHOT/hdds-server-framework-1.5.0-SNAPSHOT.jar:/home/runner/.m2/repository/org/bouncycastle/bcprov-jdk18on/1.77/bcprov-jdk18on-1.77.jar:/home/runner/.m2/repository/io/dropwizard/metrics/metrics-core/3.2.4/metrics-core-3.2.4.jar:/home/runner/.m2/repository/org/apache/commons/commons-text/1.11.0/commons-text-1.11.0.jar:/home/runner/.m2/repository/org/apache/ozone/hdds-server-framework/1.5.0-SNAPSHOT/hdds-server-framework-1.5.0-SNAPSHOT-tests.jar:/home/runner/.m2/repository/org/apache/ozone/hdds-interface-server/1.5.0-SNAPSHOT/hdds-interface-server-1.5.0-SNAPSHOT.jar:/home/runner/.m2/repository/org/apache/ozone/hdds-interface-admin/1.5.0-SNAPSHOT/hdds-interface-admin-1.5.0-SNAPSHOT.jar:/home/runner/.m2/repository/org/apache/ozone/hdds-managed-rocksdb/1.5.0-SNAPSHOT/hdds-managed-rocksdb-1.5.0-SNAPSHOT.jar:/home/runner/.m2/repository/org/rocksdb/rocksdbjni/7.7.3/rocksdbjni-7.7.3.jar:/home/runner/.m2/repository/org/slf4j/slf4j-reload4j/2.0.10/slf4j-reload4j-2.0.10.jar:/home/runner/.m2/repository/org/apache/commons/commons-configuration2/2.8.0/commons-configuration2-2.8.0.jar:/home/runner/.m2/repository/commons-fileupload/commons-fileupload/1.5/commons-fileupload-1.5.jar:/home/runner/.m2/repository/org/apache/logging/log4j/log4j-core/2.17.1/log4j-core-2.17.1.jar:/home/runner/.m2/repository/com/lmax/disruptor/3.4.2/disruptor-3.4.2.jar:/home/runner/.m2/repository/org/eclipse/jetty/jetty-util/9.4.53.v20231009/jetty-util-9.4.53.v20231009.jar:/home/runner/.m2/repository/org/eclipse/jetty/jetty-server/9.4.53.v20231009/jetty-server-9.4.53.v20231009.jar:/home/runner/.m2/repository/org/eclipse/jetty/jetty-http/9.4.53.v20231009/jetty-http-9.4.53.v20231009.jar:/home/runner/.m2/repository/org/eclipse/jetty/jetty-io/9.4.53.v20231009/jetty-io-9.4.53.v20231009.jar:/home/runner/.m2/repository/org/eclipse/jetty/jetty-servlet/9.4.53.v20231009/jetty-servlet-9.4.53.v20231009.jar:/home/runner/.m2/repository/org/eclipse/jetty/jetty-security/9.4.53.v20231009/jetty-security-9.4.53.v20231009.jar:/home/runner/.m2/repository/org/eclipse/jetty/jetty-util-ajax/9.4.53.v20231009/jetty-util-ajax-9.4.53.v20231009.jar:/home/runner/.m2/repository/org/eclipse/jetty/jetty-webapp/9.4.53.v20231009/jetty-webapp-9.4.53.v20231009.jar:/home/runner/.m2/repository/org/eclipse/jetty/jetty-xml/9.4.53.v20231009/jetty-xml-9.4.53.v20231009.jar:/home/runner/.m2/repository/org/apache/ratis/ratis-server/3.0.1/ratis-server-3.0.1.jar:/home/runner/.m2/repository/org/apache/ratis/ratis-thirdparty-misc/1.0.5/ratis-thirdparty-misc-1.0.5.jar:/home/runner/.m2/repository/org/apache/ratis/ratis-proto/3.0.1/ratis-proto-3.0.1.jar:/home/runner/.m2/repository/org/apache/ratis/ratis-common/3.0.1/ratis-common-3.0.1.jar:/home/runner/.m2/repository/org/apache/ratis/ratis-client/3.0.1/ratis-client-3.0.1.jar:/home/runner/.m2/repository/org/apache/ratis/ratis-server-api/3.0.1/ratis-server-api-3.0.1.jar:/home/runner/.m2/repository/org/apache/ratis/ratis-metrics-api/3.0.1/ratis-metrics-api-3.0.1.jar:/home/runner/.m2/repository/org/apache/ratis/ratis-metrics-dropwizard3/3.0.1/ratis-metrics-dropwizard3-3.0.1.jar:/home/runner/.m2/repository/io/prometheus/simpleclient_dropwizard/0.16.0/simpleclient_dropwizard-0.16.0.jar:/home/runner/.m2/repository/io/prometheus/simpleclient/0.16.0/simpleclient-0.16.0.jar:/home/runner/.m2/repository/io/prometheus/simpleclient_common/0.16.0/simpleclient_common-0.16.0.jar:/home/runner/.m2/repository/com/fasterxml/jackson/datatype/jackson-datatype-jsr310/2.13.4/jackson-datatype-jsr310-2.13.4.jar:/home/runner/.m2/repository/com/fasterxml/jackson/core/jackson-core/2.13.4/jackson-core-2.13.4.jar:/home/runner/.m2/repository/org/apache/ozone/rocksdb-checkpoint-differ/1.5.0-SNAPSHOT/rocksdb-checkpoint-differ-1.5.0-SNAPSHOT.jar:/home/runner/.m2/repository/org/jgrapht/jgrapht-core/1.0.1/jgrapht-core-1.0.1.jar:/home/runner/.m2/repository/org/jgrapht/jgrapht-ext/1.0.1/jgrapht-ext-1.0.1.jar:/home/runner/.m2/repository/org/tinyjee/jgraphx/jgraphx/2.0.0.1/jgraphx-2.0.0.1.jar:/home/runner/.m2/repository/jgraph/jgraph/5.13.0.0/jgraph-5.13.0.0.jar:/home/runner/.m2/repository/org/antlr/antlr4-runtime/4.5.3/antlr4-runtime-4.5.3.jar:/home/runner/.m2/repository/org/apache/ozone/ozone-manager/1.5.0-SNAPSHOT/ozone-manager-1.5.0-SNAPSHOT.jar:/home/runner/.m2/repository/org/aspectj/aspectjrt/1.9.7/aspectjrt-1.9.7.jar:/home/runner/.m2/repository/org/aspectj/aspectjweaver/1.9.7/aspectjweaver-1.9.7.jar:/home/runner/.m2/repository/org/apache/ozone/hdds-interface-client/1.5.0-SNAPSHOT/hdds-interface-client-1.5.0-SNAPSHOT.jar:/home/runner/.m2/repository/org/apache/hadoop/thirdparty/hadoop-shaded-protobuf_3_7/1.1.1/hadoop-shaded-protobuf_3_7-1.1.1.jar:/home/runner/.m2/repository/org/apache/ozone/ozone-interface-storage/1.5.0-SNAPSHOT/ozone-interface-storage-1.5.0-SNAPSHOT.jar:/home/runner/.m2/repository/org/reflections/reflections/0.9.11/reflections-0.9.11.jar:/home/runner/.m2/repository/com/sun/jersey/jersey-client/1.19.4/jersey-client-1.19.4.jar:/home/runner/.m2/repository/org/codehaus/jackson/jackson-core-asl/1.9.13/jackson-core-asl-1.9.13.jar:/home/runner/.m2/repository/org/codehaus/jackson/jackson-mapper-asl/1.9.13/jackson-mapper-asl-1.9.13.jar:/home/runner/.m2/repository/org/codehaus/jackson/jackson-jaxrs/1.9.13/jackson-jaxrs-1.9.13.jar:/home/runner/.m2/repository/org/apache/ranger/ranger-intg/2.3.0/ranger-intg-2.3.0.jar:/home/runner/.m2/repository/org/apache/ranger/ranger-plugins-common/2.3.0/ranger-plugins-common-2.3.0.jar:/home/runner/.m2/repository/commons-lang/commons-lang/2.6/commons-lang-2.6.jar:/home/runner/.m2/repository/org/apache/ranger/ranger-plugins-cred/2.3.0/ranger-plugins-cred-2.3.0.jar:/home/runner/.m2/repository/org/apache/ranger/ranger-plugins-audit/2.3.0/ranger-plugins-audit-2.3.0.jar:/home/runner/.m2/repository/org/eclipse/jetty/jetty-client/9.4.53.v20231009/jetty-client-9.4.53.v20231009.jar:/home/runner/.m2/repository/org/apache/httpcomponents/httpmime/4.5.6/httpmime-4.5.6.jar:/home/runner/.m2/repository/org/apache/httpcomponents/httpcore-nio/4.4.16/httpcore-nio-4.4.16.jar:/home/runner/.m2/repository/org/apache/httpcomponents/httpasyncclient/4.1.3/httpasyncclient-4.1.3.jar:/home/runner/.m2/repository/com/carrotsearch/hppc/0.8.0/hppc-0.8.0.jar:/home/runner/.m2/repository/org/apache/orc/orc-core/1.5.8/orc-core-1.5.8.jar:/home/runner/.m2/repository/net/java/dev/jna/jna/5.2.0/jna-5.2.0.jar:/home/runner/.m2/repository/net/java/dev/jna/jna-platform/5.2.0/jna-platform-5.2.0.jar:/home/runner/.m2/repository/com/kstruct/gethostname4j/0.0.2/gethostname4j-0.0.2.jar:/home/runner/.m2/repository/org/apache/ranger/ranger-plugin-classloader/2.3.0/ranger-plugin-classloader-2.3.0.jar:/home/runner/.m2/repository/org/apache/ozone/hdds-rocks-native/1.5.0-SNAPSHOT/hdds-rocks-native-1.5.0-SNAPSHOT.jar:/home/runner/.m2/repository/org/apache/hadoop/hadoop-minikdc/3.3.6/hadoop-minikdc-3.3.6.jar:/home/runner/.m2/repository/org/apache/kerby/kerb-simplekdc/1.0.1/kerb-simplekdc-1.0.1.jar:/home/runner/.m2/repository/org/apache/kerby/kerb-client/1.0.1/kerb-client-1.0.1.jar:/home/runner/.m2/repository/org/apache/kerby/kerby-config/1.0.1/kerby-config-1.0.1.jar:/home/runner/.m2/repository/org/apache/kerby/kerb-common/1.0.1/kerb-common-1.0.1.jar:/home/runner/.m2/repository/org/apache/kerby/kerb-crypto/1.0.1/kerb-crypto-1.0.1.jar:/home/runner/.m2/repository/org/apache/kerby/kerb-util/1.0.1/kerb-util-1.0.1.jar:/home/runner/.m2/repository/org/apache/kerby/token-provider/1.0.1/token-provider-1.0.1.jar:/home/runner/.m2/repository/org/apache/kerby/kerb-admin/1.0.1/kerb-admin-1.0.1.jar:/home/runner/.m2/repository/org/apache/kerby/kerb-server/1.0.1/kerb-server-1.0.1.jar:/home/runner/.m2/repository/org/apache/kerby/kerb-identity/1.0.1/kerb-identity-1.0.1.jar:/home/runner/.m2/repository/org/apache/kerby/kerby-xdr/1.0.1/kerby-xdr-1.0.1.jar:/home/runner/.m2/repository/junit/junit/4.13.2/junit-4.13.2.jar:/home/runner/.m2/repository/org/hamcrest/hamcrest-core/1.3/hamcrest-core-1.3.jar:/home/runner/.m2/repository/org/apache/ozone/ozone-s3gateway/1.5.0-SNAPSHOT/ozone-s3gateway-1.5.0-SNAPSHOT.jar:/home/runner/.m2/repository/org/javassist/javassist/3.21.0-GA/javassist-3.21.0-GA.jar:/home/runner/.m2/repository/org/jboss/weld/servlet/weld-servlet-shaded/3.1.9.Final/weld-servlet-shaded-3.1.9.Final.jar:/home/runner/.m2/repository/org/glassfish/jersey/containers/jersey-container-servlet-core/2.41/jersey-container-servlet-core-2.41.jar:/home/runner/.m2/repository/org/glassfish/hk2/external/jakarta.inject/2.6.1/jakarta.inject-2.6.1.jar:/home/runner/.m2/repository/org/glassfish/jersey/core/jersey-common/2.41/jersey-common-2.41.jar:/home/runner/.m2/repository/jakarta/ws/rs/jakarta.ws.rs-api/2.1.6/jakarta.ws.rs-api-2.1.6.jar:/home/runner/.m2/repository/org/glassfish/jersey/ext/cdi/jersey-cdi1x/2.41/jersey-cdi1x-2.41.jar:/home/runner/.m2/repository/org/glassfish/jersey/inject/jersey-hk2/2.41/jersey-hk2-2.41.jar:/home/runner/.m2/repository/org/glassfish/hk2/hk2-locator/2.6.1/hk2-locator-2.6.1.jar:/home/runner/.m2/repository/org/glassfish/jersey/media/jersey-media-jaxb/2.41/jersey-media-jaxb-2.41.jar:/home/runner/.m2/repository/org/glassfish/hk2/osgi-resource-locator/1.0.3/osgi-resource-locator-1.0.3.jar:/home/runner/.m2/repository/org/glassfish/hk2/hk2-api/2.6.1/hk2-api-2.6.1.jar:/home/runner/.m2/repository/org/glassfish/hk2/hk2-utils/2.6.1/hk2-utils-2.6.1.jar:/home/runner/.m2/repository/org/glassfish/hk2/external/aopalliance-repackaged/2.6.1/aopalliance-repackaged-2.6.1.jar:/home/runner/.m2/repository/com/fasterxml/jackson/dataformat/jackson-dataformat-xml/2.13.4/jackson-dataformat-xml-2.13.4.jar:/home/runner/.m2/repository/org/codehaus/woodstox/stax2-api/4.2.2/stax2-api-4.2.2.jar:/home/runner/.m2/repository/com/fasterxml/woodstox/woodstox-core/5.4.0/woodstox-core-5.4.0.jar:/home/runner/.m2/repository/com/fasterxml/jackson/module/jackson-module-jaxb-annotations/2.13.4/jackson-module-jaxb-annotations-2.13.4.jar:/home/runner/.m2/repository/javax/enterprise/cdi-api/2.0/cdi-api-2.0.jar:/home/runner/.m2/repository/javax/el/javax.el-api/3.0.0/javax.el-api-3.0.0.jar:/home/runner/.m2/repository/javax/interceptor/javax.interceptor-api/1.2/javax.interceptor-api-1.2.jar:/home/runner/.m2/repository/javax/inject/javax.inject/1/javax.inject-1.jar:/home/runner/.m2/repository/jakarta/xml/bind/jakarta.xml.bind-api/2.3.3/jakarta.xml.bind-api-2.3.3.jar:/home/runner/.m2/repository/org/glassfish/jaxb/jaxb-runtime/2.3.9/jaxb-runtime-2.3.9.jar:/home/runner/.m2/repository/org/glassfish/jaxb/txw2/2.3.9/txw2-2.3.9.jar:/home/runner/.m2/repository/com/sun/istack/istack-commons-runtime/3.0.12/istack-commons-runtime-3.0.12.jar:/home/runner/.m2/repository/com/sun/activation/jakarta.activation/1.2.2/jakarta.activation-1.2.2.jar:/home/runner/.m2/repository/jakarta/activation/jakarta.activation-api/1.2.2/jakarta.activation-api-1.2.2.jar:/home/runner/.m2/repository/io/grpc/grpc-protobuf/1.58.0/grpc-protobuf-1.58.0.jar:/home/runner/.m2/repository/com/google/api/grpc/proto-google-common-protos/2.22.0/proto-google-common-protos-2.22.0.jar:/home/runner/.m2/repository/io/grpc/grpc-protobuf-lite/1.58.0/grpc-protobuf-lite-1.58.0.jar:/home/runner/.m2/repository/io/grpc/grpc-stub/1.58.0/grpc-stub-1.58.0.jar:/home/runner/.m2/repository/io/netty/netty-transport/4.1.100.Final/netty-transport-4.1.100.Final.jar:/home/runner/.m2/repository/io/netty/netty-resolver/4.1.100.Final/netty-resolver-4.1.100.Final.jar:/home/runner/.m2/repository/org/apache/ozone/ozone-csi/1.5.0-SNAPSHOT/ozone-csi-1.5.0-SNAPSHOT.jar:/home/runner/.m2/repository/com/google/protobuf/protobuf-java-util/3.19.6/protobuf-java-util-3.19.6.jar:/home/runner/.m2/repository/com/google/code/gson/gson/2.9.0/gson-2.9.0.jar:/home/runner/.m2/repository/org/apache/ozone/hdds-config/1.5.0-SNAPSHOT/hdds-config-1.5.0-SNAPSHOT.jar:/home/runner/.m2/repository/io/netty/netty-transport-native-epoll/4.1.100.Final/netty-transport-native-epoll-4.1.100.Final-linux-x86_64.jar:/home/runner/.m2/repository/io/netty/netty-transport-classes-epoll/4.1.100.Final/netty-transport-classes-epoll-4.1.100.Final.jar:/home/runner/.m2/repository/io/netty/netty-transport-native-unix-common/4.1.100.Final/netty-transport-native-unix-common-4.1.100.Final.jar:/home/runner/.m2/repository/org/apache/ozone/ozone-recon/1.5.0-SNAPSHOT/ozone-recon-1.5.0-SNAPSHOT.jar:/home/runner/.m2/repository/org/apache/ozone/ozone-reconcodegen/1.5.0-SNAPSHOT/ozone-reconcodegen-1.5.0-SNAPSHOT.jar:/home/runner/.m2/repository/com/google/inject/guice/6.0.0/guice-6.0.0.jar:/home/runner/.m2/repository/jakarta/inject/jakarta.inject-api/2.0.1/jakarta.inject-api-2.0.1.jar:/home/runner/.m2/repository/aopalliance/aopalliance/1.0/aopalliance-1.0.jar:/home/runner/.m2/repository/com/google/inject/extensions/guice-assistedinject/6.0.0/guice-assistedinject-6.0.0.jar:/home/runner/.m2/repository/com/google/inject/extensions/guice-servlet/6.0.0/guice-servlet-6.0.0.jar:/home/runner/.m2/repository/org/glassfish/jersey/containers/jersey-container-servlet/2.41/jersey-container-servlet-2.41.jar:/home/runner/.m2/repository/org/glassfish/hk2/guice-bridge/2.6.1/guice-bridge-2.6.1.jar:/home/runner/.m2/repository/org/glassfish/jersey/core/jersey-server/2.41/jersey-server-2.41.jar:/home/runner/.m2/repository/org/glassfish/jersey/core/jersey-client/2.41/jersey-client-2.41.jar:/home/runner/.m2/repository/jakarta/validation/jakarta.validation-api/2.0.2/jakarta.validation-api-2.0.2.jar:/home/runner/.m2/repository/org/glassfish/jersey/media/jersey-media-json-jackson/2.41/jersey-media-json-jackson-2.41.jar:/home/runner/.m2/repository/org/glassfish/jersey/ext/jersey-entity-filtering/2.41/jersey-entity-filtering-2.41.jar:/home/runner/.m2/repository/org/jooq/jooq/3.11.10/jooq-3.11.10.jar:/home/runner/.m2/repository/org/jooq/jooq-meta/3.11.10/jooq-meta-3.11.10.jar:/home/runner/.m2/repository/org/jooq/jooq-codegen/3.11.10/jooq-codegen-3.11.10.jar:/home/runner/.m2/repository/com/jolbox/bonecp/0.8.0.RELEASE/bonecp-0.8.0.RELEASE.jar:/home/runner/.m2/repository/org/apache/derby/derby/10.14.2.0/derby-10.14.2.0.jar:/home/runner/.m2/repository/org/xerial/sqlite-jdbc/3.44.1.0/sqlite-jdbc-3.44.1.0.jar:/home/runner/.m2/repository/org/springframework/spring-jdbc/5.3.27/spring-jdbc-5.3.27.jar:/home/runner/.m2/repository/org/springframework/spring-beans/5.3.27/spring-beans-5.3.27.jar:/home/runner/.m2/repository/org/springframework/spring-core/5.3.27/spring-core-5.3.27.jar:/home/runner/.m2/repository/org/springframework/spring-tx/5.3.27/spring-tx-5.3.27.jar:/home/runner/.m2/repository/org/apache/ozone/ozone-client/1.5.0-SNAPSHOT/ozone-client-1.5.0-SNAPSHOT.jar:/home/runner/.m2/repository/org/apache/ozone/hdds-erasurecode/1.5.0-SNAPSHOT/hdds-erasurecode-1.5.0-SNAPSHOT.jar:/home/runner/.m2/repository/org/apache/ozone/ozone-filesystem/1.5.0-SNAPSHOT/ozone-filesystem-1.5.0-SNAPSHOT.jar:/home/runner/.m2/repository/org/apache/ozone/ozone-filesystem-common/1.5.0-SNAPSHOT/ozone-filesystem-common-1.5.0-SNAPSHOT.jar:/home/runner/.m2/repository/org/apache/ozone/ozone-tools/1.5.0-SNAPSHOT/ozone-tools-1.5.0-SNAPSHOT.jar:/home/runner/.m2/repository/com/amazonaws/aws-java-sdk-core/1.12.661/aws-java-sdk-core-1.12.661.jar:/home/runner/.m2/repository/org/apache/httpcomponents/httpclient/4.5.13/httpclient-4.5.13.jar:/home/runner/.m2/repository/org/apache/httpcomponents/httpcore/4.4.16/httpcore-4.4.16.jar:/home/runner/.m2/repository/com/fasterxml/jackson/dataformat/jackson-dataformat-cbor/2.13.4/jackson-dataformat-cbor-2.13.4.jar:/home/runner/.m2/repository/joda-time/joda-time/2.12.7/joda-time-2.12.7.jar:/home/runner/.m2/repository/com/amazonaws/aws-java-sdk-s3/1.12.661/aws-java-sdk-s3-1.12.661.jar:/home/runner/.m2/repository/com/amazonaws/aws-java-sdk-kms/1.12.661/aws-java-sdk-kms-1.12.661.jar:/home/runner/.m2/repository/com/amazonaws/jmespath-java/1.12.661/jmespath-java-1.12.661.jar:/home/runner/.m2/repository/org/kohsuke/metainf-services/metainf-services/1.8/metainf-services-1.8.jar:/home/runner/.m2/repository/org/apache/ozone/hdds-tools/1.5.0-SNAPSHOT/hdds-tools-1.5.0-SNAPSHOT.jar:/home/runner/.m2/repository/org/apache/ratis/ratis-tools/3.0.1/ratis-tools-3.0.1.jar:/home/runner/.m2/repository/commons-cli/commons-cli/1.6.0/commons-cli-1.6.0.jar:/home/runner/.m2/repository/org/apache/commons/commons-lang3/3.14.0/commons-lang3-3.14.0.jar:/home/runner/.m2/repository/org/apache/ozone/ozone-manager/1.5.0-SNAPSHOT/ozone-manager-1.5.0-SNAPSHOT-tests.jar:/home/runner/.m2/repository/org/apache/ozone/hdds-common/1.5.0-SNAPSHOT/hdds-common-1.5.0-SNAPSHOT-tests.jar:/home/runner/.m2/repository/org/apache/ozone/hdds-hadoop-dependency-client/1.5.0-SNAPSHOT/hdds-hadoop-dependency-client-1.5.0-SNAPSHOT.jar:/home/runner/.m2/repository/info/picocli/picocli/4.7.5/picocli-4.7.5.jar:/home/runner/.m2/repository/com/fasterxml/jackson/core/jackson-annotations/2.13.4/jackson-annotations-2.13.4.jar:/home/runner/.m2/repository/org/apache/ozone/hdds-annotation-processing/1.5.0-SNAPSHOT/hdds-annotation-processing-1.5.0-SNAPSHOT.jar:/home/runner/.m2/repository/javax/annotation/javax.annotation-api/1.3.2/javax.annotation-api-1.3.2.jar:/home/runner/.m2/repository/org/apache/ratis/ratis-netty/3.0.1/ratis-netty-3.0.1.jar:/home/runner/.m2/repository/org/apache/ratis/ratis-grpc/3.0.1/ratis-grpc-3.0.1.jar:/home/runner/.m2/repository/org/apache/commons/commons-pool2/2.6.0/commons-pool2-2.6.0.jar:/home/runner/.m2/repository/org/bouncycastle/bcpkix-jdk18on/1.77/bcpkix-jdk18on-1.77.jar:/home/runner/.m2/repository/org/bouncycastle/bcutil-jdk18on/1.77/bcutil-jdk18on-1.77.jar:/home/runner/.m2/repository/commons-validator/commons-validator/1.6/commons-validator-1.6.jar:/home/runner/.m2/repository/commons-beanutils/commons-beanutils/1.9.4/commons-beanutils-1.9.4.jar:/home/runner/.m2/repository/commons-digester/commons-digester/1.8.1/commons-digester-1.8.1.jar:/home/runner/.m2/repository/commons-collections/commons-collections/3.2.2/commons-collections-3.2.2.jar:/home/runner/.m2/repository/io/jaegertracing/jaeger-client/1.8.1/jaeger-client-1.8.1.jar:/home/runner/.m2/repository/io/jaegertracing/jaeger-thrift/1.8.1/jaeger-thrift-1.8.1.jar:/home/runner/.m2/repository/org/apache/thrift/libthrift/0.15.0/libthrift-0.15.0.jar:/home/runner/.m2/repository/io/jaegertracing/jaeger-core/1.8.1/jaeger-core-1.8.1.jar:/home/runner/.m2/repository/io/jaegertracing/jaeger-tracerresolver/1.8.1/jaeger-tracerresolver-1.8.1.jar:/home/runner/.m2/repository/io/opentracing/contrib/opentracing-tracerresolver/0.1.8/opentracing-tracerresolver-0.1.8.jar:/home/runner/.m2/repository/org/jetbrains/kotlin/kotlin-stdlib/1.9.22/kotlin-stdlib-1.9.22.jar:/home/runner/.m2/repository/org/jetbrains/annotations/13.0/annotations-13.0.jar:/home/runner/.m2/repository/io/opentracing/opentracing-util/0.33.0/opentracing-util-0.33.0.jar:/home/runner/.m2/repository/io/opentracing/opentracing-api/0.33.0/opentracing-api-0.33.0.jar:/home/runner/.m2/repository/io/opentracing/opentracing-noop/0.33.0/opentracing-noop-0.33.0.jar:/home/runner/.m2/repository/org/yaml/snakeyaml/2.0/snakeyaml-2.0.jar:/home/runner/.m2/repository/io/grpc/grpc-api/1.58.0/grpc-api-1.58.0.jar:/home/runner/.m2/repository/org/junit/jupiter/junit-jupiter-engine/5.10.1/junit-jupiter-engine-5.10.1.jar:/home/runner/.m2/repository/org/junit/platform/junit-platform-engine/1.10.1/junit-platform-engine-1.10.1.jar:/home/runner/.m2/repository/org/apiguardian/apiguardian-api/1.1.2/apiguardian-api-1.1.2.jar:/home/runner/.m2/repository/org/junit/platform/junit-platform-launcher/1.10.1/junit-platform-launcher-1.10.1.jar:/home/runner/.m2/repository/org/apache/hadoop/hadoop-kms/3.3.6/hadoop-kms-3.3.6.jar:/home/runner/.m2/repository/org/apache/hadoop/hadoop-auth/3.3.6/hadoop-auth-3.3.6.jar:/home/runner/.m2/repository/com/nimbusds/nimbus-jose-jwt/9.8.1/nimbus-jose-jwt-9.8.1.jar:/home/runner/.m2/repository/com/github/stephenc/jcip/jcip-annotations/1.0-1/jcip-annotations-1.0-1.jar:/home/runner/.m2/repository/org/apache/zookeeper/zookeeper/3.7.2/zookeeper-3.7.2.jar:/home/runner/.m2/repository/org/apache/zookeeper/zookeeper-jute/3.7.2/zookeeper-jute-3.7.2.jar:/home/runner/.m2/repository/org/apache/yetus/audience-annotations/0.12.0/audience-annotations-0.12.0.jar:/home/runner/.m2/repository/org/apache/curator/curator-framework/4.2.0/curator-framework-4.2.0.jar:/home/runner/.m2/repository/org/apache/hadoop/thirdparty/hadoop-shaded-guava/1.1.1/hadoop-shaded-guava-1.1.1.jar:/home/runner/.m2/repository/com/sun/jersey/jersey-core/1.19.4/jersey-core-1.19.4.jar:/home/runner/.m2/repository/javax/ws/rs/jsr311-api/1.1.1/jsr311-api-1.1.1.jar:/home/runner/.m2/repository/com/sun/jersey/jersey-server/1.19.4/jersey-server-1.19.4.jar:/home/runner/.m2/repository/javax/servlet/javax.servlet-api/3.1.0/javax.servlet-api-3.1.0.jar:/home/runner/.m2/repository/org/apache/hadoop/hadoop-common/3.3.6/hadoop-common-3.3.6.jar:/home/runner/.m2/repository/org/apache/commons/commons-math3/3.6.1/commons-math3-3.6.1.jar:/home/runner/.m2/repository/commons-net/commons-net/3.10.0/commons-net-3.10.0.jar:/home/runner/.m2/repository/com/sun/jersey/jersey-servlet/1.19.4/jersey-servlet-1.19.4.jar:/home/runner/.m2/repository/com/github/pjfanning/jersey-json/1.20/jersey-json-1.20.jar:/home/runner/.m2/repository/org/codehaus/jettison/jettison/1.1/jettison-1.1.jar:/home/runner/.m2/repository/com/sun/xml/bind/jaxb-impl/2.2.3-1/jaxb-impl-2.2.3-1.jar:/home/runner/.m2/repository/com/google/re2j/re2j/1.7/re2j-1.7.jar:/home/runner/.m2/repository/com/jcraft/jsch/0.1.54/jsch-0.1.54.jar:/home/runner/.m2/repository/org/apache/curator/curator-client/4.2.0/curator-client-4.2.0.jar:/home/runner/.m2/repository/org/apache/curator/curator-recipes/5.2.0/curator-recipes-5.2.0.jar:/home/runner/.m2/repository/com/google/code/findbugs/jsr305/3.0.2/jsr305-3.0.2.jar:/home/runner/.m2/repository/org/apache/kerby/kerb-core/1.0.1/kerb-core-1.0.1.jar:/home/runner/.m2/repository/org/apache/kerby/kerby-pkix/1.0.1/kerby-pkix-1.0.1.jar:/home/runner/.m2/repository/org/apache/kerby/kerby-asn1/1.0.1/kerby-asn1-1.0.1.jar:/home/runner/.m2/repository/org/apache/kerby/kerby-util/1.0.1/kerby-util-1.0.1.jar:/home/runner/.m2/repository/dnsjava/dnsjava/2.1.7/dnsjava-2.1.7.jar:/home/runner/.m2/repository/org/xerial/snappy/snappy-java/1.1.8.2/snappy-java-1.1.8.2.jar:/home/runner/.m2/repository/com/fasterxml/jackson/core/jackson-databind/2.13.4.2/jackson-databind-2.13.4.2.jar:/home/runner/.m2/repository/org/apache/hadoop/hadoop-kms/3.3.6/hadoop-kms-3.3.6-tests.jar:/home/runner/.m2/repository/org/apache/ozone/hdds-server-scm/1.5.0-SNAPSHOT/hdds-server-scm-1.5.0-SNAPSHOT-tests.jar:/home/runner/.m2/repository/org/apache/ozone/hdds-container-service/1.5.0-SNAPSHOT/hdds-container-service-1.5.0-SNAPSHOT-tests.jar:/home/runner/.m2/repository/com/github/luben/zstd-jni/1.5.2-5/zstd-jni-1.5.2-5.jar:/home/runner/.m2/repository/commons-codec/commons-codec/1.15/commons-codec-1.15.jar:/home/runner/.m2/repository/io/netty/netty-codec/4.1.100.Final/netty-codec-4.1.100.Final.jar:/home/runner/.m2/repository/io/netty/netty-handler/4.1.100.Final/netty-handler-4.1.100.Final.jar:/home/runner/.m2/repository/org/apache/ozone/hdds-hadoop-dependency-test/1.5.0-SNAPSHOT/hdds-hadoop-dependency-test-1.5.0-SNAPSHOT.jar:/home/runner/.m2/repository/org/apache/hadoop/hadoop-common/3.3.6/hadoop-common-3.3.6-tests.jar:/home/runner/.m2/repository/org/apache/hadoop/hadoop-hdfs/3.3.6/hadoop-hdfs-3.3.6-tests.jar:/home/runner/.m2/repository/org/junit/jupiter/junit-jupiter-params/5.10.1/junit-jupiter-params-5.10.1.jar:/home/runner/.m2/repository/org/mockito/mockito-core/4.11.0/mockito-core-4.11.0.jar:/home/runner/.m2/repository/net/bytebuddy/byte-buddy/1.12.19/byte-buddy-1.12.19.jar:/home/runner/.m2/repository/net/bytebuddy/byte-buddy-agent/1.12.19/byte-buddy-agent-1.12.19.jar:/home/runner/.m2/repository/org/objenesis/objenesis/1.0/objenesis-1.0.jar:/home/runner/.m2/repository/org/mockito/mockito-junit-jupiter/4.11.0/mockito-junit-jupiter-4.11.0.jar:/home/runner/.m2/repository/org/apache/hadoop/hadoop-distcp/3.3.6/hadoop-distcp-3.3.6.jar:/home/runner/.m2/repository/org/apache/hadoop/hadoop-mapreduce-client-jobclient/3.3.6/hadoop-mapreduce-client-jobclient-3.3.6.jar:/home/runner/.m2/repository/org/apache/hadoop/hadoop-mapreduce-client-common/3.3.6/hadoop-mapreduce-client-common-3.3.6.jar:/home/runner/.m2/repository/org/apache/hadoop/hadoop-yarn-common/3.3.6/hadoop-yarn-common-3.3.6.jar:/home/runner/.m2/repository/org/apache/hadoop/hadoop-yarn-api/3.3.6/hadoop-yarn-api-3.3.6.jar:/home/runner/.m2/repository/javax/xml/bind/jaxb-api/2.2.11/jaxb-api-2.2.11.jar:/home/runner/.m2/repository/com/sun/jersey/contribs/jersey-guice/1.19.4/jersey-guice-1.19.4.jar:/home/runner/.m2/repository/com/fasterxml/jackson/jaxrs/jackson-jaxrs-json-provider/2.13.4/jackson-jaxrs-json-provider-2.13.4.jar:/home/runner/.m2/repository/com/fasterxml/jackson/jaxrs/jackson-jaxrs-base/2.13.4/jackson-jaxrs-base-2.13.4.jar:/home/runner/.m2/repository/org/apache/hadoop/hadoop-yarn-client/3.3.6/hadoop-yarn-client-3.3.6.jar:/home/runner/.m2/repository/org/eclipse/jetty/websocket/websocket-client/9.4.51.v20230217/websocket-client-9.4.51.v20230217.jar:/home/runner/.m2/repository/org/eclipse/jetty/websocket/websocket-common/9.4.51.v20230217/websocket-common-9.4.51.v20230217.jar:/home/runner/.m2/repository/org/eclipse/jetty/websocket/websocket-api/9.4.51.v20230217/websocket-api-9.4.51.v20230217.jar:/home/runner/.m2/repository/org/jline/jline/3.9.0/jline-3.9.0.jar:/home/runner/.m2/repository/org/apache/hadoop/hadoop-mapreduce-client-core/3.3.6/hadoop-mapreduce-client-core-3.3.6.jar:/home/runner/.m2/repository/org/apache/avro/avro/1.7.7/avro-1.7.7.jar:/home/runner/.m2/repository/com/thoughtworks/paranamer/paranamer/2.3/paranamer-2.3.jar:/home/runner/.m2/repository/org/apache/hadoop/hadoop-annotations/3.3.6/hadoop-annotations-3.3.6.jar:/usr/lib/jvm/temurin-8-jdk-amd64/jre/../lib/tools.jar:/home/runner/.m2/repository/io/netty/netty/3.10.6.Final/netty-3.10.6.Final.jar:/home/runner/.m2/repository/org/apache/hadoop/hadoop-distcp/3.3.6/hadoop-distcp-3.3.6-tests.jar:/home/runner/.m2/repository/org/hamcrest/hamcrest/2.2/hamcrest-2.2.jar:/home/runner/.m2/repository/org/slf4j/jul-to-slf4j/2.0.10/jul-to-slf4j-2.0.10.jar:/home/runner/work/ozone/ozone/hadoop-ozone/integration-test/target/gradle-enterprise/test-listeners.jar:"/>
    <property name="java.vm.vendor" value="Temurin"/>
    <property name="sun.arch.data.model" value="64"/>
    <property name="test.build.dir" value="/home/runner/work/ozone/ozone/hadoop-ozone/integration-test/target/test-dir"/>
    <property name="test.cache.data" value=""/>
    <property name="java.vendor.url" value="https://adoptium.net/"/>
    <property name="user.timezone" value="Etc/UTC"/>
    <property name="maven-surefire-plugin.argLineAccessArgs" value=""/>
    <property name="os.name" value="Linux"/>
    <property name="java.vm.specification.version" value="1.8"/>
    <property name="test.build.data" value="/home/runner/work/ozone/ozone/hadoop-ozone/integration-test/target/test-dir"/>
    <property name="sun.java.launcher" value="SUN_STANDARD"/>
    <property name="sun.boot.library.path" value="/usr/lib/jvm/temurin-8-jdk-amd64/jre/lib/amd64"/>
    <property name="sun.java.command" value="/home/runner/work/ozone/ozone/hadoop-ozone/integration-test/target/surefire/surefirebooter7031499055219425090.jar /home/runner/work/ozone/ozone/hadoop-ozone/integration-test/target/surefire 2024-02-27T21-24-50_904-jvmRun1 surefire5893611517807531058tmp surefire_118953853844987391002tmp"/>
    <property name="native.lib.tmp.dir" value="/tmp"/>
    <property name="surefire.test.class.path" value="/home/runner/work/ozone/ozone/hadoop-ozone/integration-test/target/test-classes:/home/runner/work/ozone/ozone/hadoop-ozone/integration-test/target/classes:/home/runner/.m2/repository/org/apache/ozone/ozone-common/1.5.0-SNAPSHOT/ozone-common-1.5.0-SNAPSHOT.jar:/home/runner/.m2/repository/io/grpc/grpc-netty/1.58.0/grpc-netty-1.58.0.jar:/home/runner/.m2/repository/io/grpc/grpc-core/1.58.0/grpc-core-1.58.0.jar:/home/runner/.m2/repository/com/google/android/annotations/4.1.1.4/annotations-4.1.1.4.jar:/home/runner/.m2/repository/org/codehaus/mojo/animal-sniffer-annotations/1.23/animal-sniffer-annotations-1.23.jar:/home/runner/.m2/repository/io/grpc/grpc-context/1.58.0/grpc-context-1.58.0.jar:/home/runner/.m2/repository/io/grpc/grpc-util/1.58.0/grpc-util-1.58.0.jar:/home/runner/.m2/repository/com/google/errorprone/error_prone_annotations/2.2.0/error_prone_annotations-2.2.0.jar:/home/runner/.m2/repository/io/perfmark/perfmark-api/0.26.0/perfmark-api-0.26.0.jar:/home/runner/.m2/repository/io/netty/netty-codec-http2/4.1.100.Final/netty-codec-http2-4.1.100.Final.jar:/home/runner/.m2/repository/io/netty/netty-common/4.1.100.Final/netty-common-4.1.100.Final.jar:/home/runner/.m2/repository/io/netty/netty-buffer/4.1.100.Final/netty-buffer-4.1.100.Final.jar:/home/runner/.m2/repository/io/netty/netty-codec-http/4.1.100.Final/netty-codec-http-4.1.100.Final.jar:/home/runner/.m2/repository/io/netty/netty-handler-proxy/4.1.100.Final/netty-handler-proxy-4.1.100.Final.jar:/home/runner/.m2/repository/io/netty/netty-codec-socks/4.1.100.Final/netty-codec-socks-4.1.100.Final.jar:/home/runner/.m2/repository/io/netty/netty-tcnative-boringssl-static/2.0.61.Final/netty-tcnative-boringssl-static-2.0.61.Final.jar:/home/runner/.m2/repository/io/netty/netty-tcnative-classes/2.0.61.Final/netty-tcnative-classes-2.0.61.Final.jar:/home/runner/.m2/repository/io/netty/netty-tcnative-boringssl-static/2.0.61.Final/netty-tcnative-boringssl-static-2.0.61.Final-linux-x86_64.jar:/home/runner/.m2/repository/io/netty/netty-tcnative-boringssl-static/2.0.61.Final/netty-tcnative-boringssl-static-2.0.61.Final-linux-aarch_64.jar:/home/runner/.m2/repository/io/netty/netty-tcnative-boringssl-static/2.0.61.Final/netty-tcnative-boringssl-static-2.0.61.Final-osx-x86_64.jar:/home/runner/.m2/repository/io/netty/netty-tcnative-boringssl-static/2.0.61.Final/netty-tcnative-boringssl-static-2.0.61.Final-osx-aarch_64.jar:/home/runner/.m2/repository/io/netty/netty-tcnative-boringssl-static/2.0.61.Final/netty-tcnative-boringssl-static-2.0.61.Final-windows-x86_64.jar:/home/runner/.m2/repository/org/apache/commons/commons-compress/1.26.0/commons-compress-1.26.0.jar:/home/runner/.m2/repository/org/apache/ozone/hdds-common/1.5.0-SNAPSHOT/hdds-common-1.5.0-SNAPSHOT.jar:/home/runner/.m2/repository/org/apache/ozone/hdds-client/1.5.0-SNAPSHOT/hdds-client-1.5.0-SNAPSHOT.jar:/home/runner/.m2/repository/org/apache/ozone/ozone-interface-client/1.5.0-SNAPSHOT/ozone-interface-client-1.5.0-SNAPSHOT.jar:/home/runner/.m2/repository/org/apache/hadoop/hadoop-hdfs-client/3.3.6/hadoop-hdfs-client-3.3.6.jar:/home/runner/.m2/repository/com/squareup/okhttp3/okhttp/4.12.0/okhttp-4.12.0.jar:/home/runner/.m2/repository/com/squareup/okio/okio/3.6.0/okio-3.6.0.jar:/home/runner/.m2/repository/com/squareup/okio/okio-jvm/3.6.0/okio-jvm-3.6.0.jar:/home/runner/.m2/repository/org/jetbrains/kotlin/kotlin-stdlib-jdk8/1.9.22/kotlin-stdlib-jdk8-1.9.22.jar:/home/runner/.m2/repository/org/jetbrains/kotlin/kotlin-stdlib-jdk7/1.9.22/kotlin-stdlib-jdk7-1.9.22.jar:/home/runner/.m2/repository/org/jetbrains/kotlin/kotlin-stdlib-common/1.9.22/kotlin-stdlib-common-1.9.22.jar:/home/runner/.m2/repository/org/apache/ozone/hdds-test-utils/1.5.0-SNAPSHOT/hdds-test-utils-1.5.0-SNAPSHOT.jar:/home/runner/.m2/repository/org/assertj/assertj-core/3.12.2/assertj-core-3.12.2.jar:/home/runner/.m2/repository/com/google/guava/guava/32.0.0-jre/guava-32.0.0-jre.jar:/home/runner/.m2/repository/com/google/guava/failureaccess/1.0.1/failureaccess-1.0.1.jar:/home/runner/.m2/repository/com/google/guava/listenablefuture/9999.0-empty-to-avoid-conflict-with-guava/listenablefuture-9999.0-empty-to-avoid-conflict-with-guava.jar:/home/runner/.m2/repository/org/checkerframework/checker-qual/3.33.0/checker-qual-3.33.0.jar:/home/runner/.m2/repository/com/google/j2objc/j2objc-annotations/2.8/j2objc-annotations-2.8.jar:/home/runner/.m2/repository/commons-io/commons-io/2.15.1/commons-io-2.15.1.jar:/home/runner/.m2/repository/commons-logging/commons-logging/1.2/commons-logging-1.2.jar:/home/runner/.m2/repository/org/junit/jupiter/junit-jupiter-api/5.10.1/junit-jupiter-api-5.10.1.jar:/home/runner/.m2/repository/org/opentest4j/opentest4j/1.3.0/opentest4j-1.3.0.jar:/home/runner/.m2/repository/org/junit/platform/junit-platform-commons/1.10.1/junit-platform-commons-1.10.1.jar:/home/runner/.m2/repository/ch/qos/reload4j/reload4j/1.2.25/reload4j-1.2.25.jar:/home/runner/.m2/repository/jakarta/annotation/jakarta.annotation-api/2.1.1/jakarta.annotation-api-2.1.1.jar:/home/runner/.m2/repository/org/slf4j/slf4j-api/2.0.10/slf4j-api-2.0.10.jar:/home/runner/.m2/repository/org/apache/logging/log4j/log4j-api/2.17.1/log4j-api-2.17.1.jar:/home/runner/.m2/repository/org/apache/ozone/hdds-server-scm/1.5.0-SNAPSHOT/hdds-server-scm-1.5.0-SNAPSHOT.jar:/home/runner/.m2/repository/com/google/protobuf/protobuf-java/2.5.0/protobuf-java-2.5.0.jar:/home/runner/.m2/repository/org/apache/ozone/hdds-container-service/1.5.0-SNAPSHOT/hdds-container-service-1.5.0-SNAPSHOT.jar:/home/runner/.m2/repository/org/apache/ozone/hdds-hadoop-dependency-server/1.5.0-SNAPSHOT/hdds-hadoop-dependency-server-1.5.0-SNAPSHOT.jar:/home/runner/.m2/repository/org/apache/hadoop/hadoop-hdfs/3.3.6/hadoop-hdfs-3.3.6.jar:/home/runner/.m2/repository/commons-daemon/commons-daemon/1.0.13/commons-daemon-1.0.13.jar:/home/runner/.m2/repository/org/apache/ozone/hdds-server-framework/1.5.0-SNAPSHOT/hdds-server-framework-1.5.0-SNAPSHOT.jar:/home/runner/.m2/repository/org/bouncycastle/bcprov-jdk18on/1.77/bcprov-jdk18on-1.77.jar:/home/runner/.m2/repository/io/dropwizard/metrics/metrics-core/3.2.4/metrics-core-3.2.4.jar:/home/runner/.m2/repository/org/apache/commons/commons-text/1.11.0/commons-text-1.11.0.jar:/home/runner/.m2/repository/org/apache/ozone/hdds-server-framework/1.5.0-SNAPSHOT/hdds-server-framework-1.5.0-SNAPSHOT-tests.jar:/home/runner/.m2/repository/org/apache/ozone/hdds-interface-server/1.5.0-SNAPSHOT/hdds-interface-server-1.5.0-SNAPSHOT.jar:/home/runner/.m2/repository/org/apache/ozone/hdds-interface-admin/1.5.0-SNAPSHOT/hdds-interface-admin-1.5.0-SNAPSHOT.jar:/home/runner/.m2/repository/org/apache/ozone/hdds-managed-rocksdb/1.5.0-SNAPSHOT/hdds-managed-rocksdb-1.5.0-SNAPSHOT.jar:/home/runner/.m2/repository/org/rocksdb/rocksdbjni/7.7.3/rocksdbjni-7.7.3.jar:/home/runner/.m2/repository/org/slf4j/slf4j-reload4j/2.0.10/slf4j-reload4j-2.0.10.jar:/home/runner/.m2/repository/org/apache/commons/commons-configuration2/2.8.0/commons-configuration2-2.8.0.jar:/home/runner/.m2/repository/commons-fileupload/commons-fileupload/1.5/commons-fileupload-1.5.jar:/home/runner/.m2/repository/org/apache/logging/log4j/log4j-core/2.17.1/log4j-core-2.17.1.jar:/home/runner/.m2/repository/com/lmax/disruptor/3.4.2/disruptor-3.4.2.jar:/home/runner/.m2/repository/org/eclipse/jetty/jetty-util/9.4.53.v20231009/jetty-util-9.4.53.v20231009.jar:/home/runner/.m2/repository/org/eclipse/jetty/jetty-server/9.4.53.v20231009/jetty-server-9.4.53.v20231009.jar:/home/runner/.m2/repository/org/eclipse/jetty/jetty-http/9.4.53.v20231009/jetty-http-9.4.53.v20231009.jar:/home/runner/.m2/repository/org/eclipse/jetty/jetty-io/9.4.53.v20231009/jetty-io-9.4.53.v20231009.jar:/home/runner/.m2/repository/org/eclipse/jetty/jetty-servlet/9.4.53.v20231009/jetty-servlet-9.4.53.v20231009.jar:/home/runner/.m2/repository/org/eclipse/jetty/jetty-security/9.4.53.v20231009/jetty-security-9.4.53.v20231009.jar:/home/runner/.m2/repository/org/eclipse/jetty/jetty-util-ajax/9.4.53.v20231009/jetty-util-ajax-9.4.53.v20231009.jar:/home/runner/.m2/repository/org/eclipse/jetty/jetty-webapp/9.4.53.v20231009/jetty-webapp-9.4.53.v20231009.jar:/home/runner/.m2/repository/org/eclipse/jetty/jetty-xml/9.4.53.v20231009/jetty-xml-9.4.53.v20231009.jar:/home/runner/.m2/repository/org/apache/ratis/ratis-server/3.0.1/ratis-server-3.0.1.jar:/home/runner/.m2/repository/org/apache/ratis/ratis-thirdparty-misc/1.0.5/ratis-thirdparty-misc-1.0.5.jar:/home/runner/.m2/repository/org/apache/ratis/ratis-proto/3.0.1/ratis-proto-3.0.1.jar:/home/runner/.m2/repository/org/apache/ratis/ratis-common/3.0.1/ratis-common-3.0.1.jar:/home/runner/.m2/repository/org/apache/ratis/ratis-client/3.0.1/ratis-client-3.0.1.jar:/home/runner/.m2/repository/org/apache/ratis/ratis-server-api/3.0.1/ratis-server-api-3.0.1.jar:/home/runner/.m2/repository/org/apache/ratis/ratis-metrics-api/3.0.1/ratis-metrics-api-3.0.1.jar:/home/runner/.m2/repository/org/apache/ratis/ratis-metrics-dropwizard3/3.0.1/ratis-metrics-dropwizard3-3.0.1.jar:/home/runner/.m2/repository/io/prometheus/simpleclient_dropwizard/0.16.0/simpleclient_dropwizard-0.16.0.jar:/home/runner/.m2/repository/io/prometheus/simpleclient/0.16.0/simpleclient-0.16.0.jar:/home/runner/.m2/repository/io/prometheus/simpleclient_common/0.16.0/simpleclient_common-0.16.0.jar:/home/runner/.m2/repository/com/fasterxml/jackson/datatype/jackson-datatype-jsr310/2.13.4/jackson-datatype-jsr310-2.13.4.jar:/home/runner/.m2/repository/com/fasterxml/jackson/core/jackson-core/2.13.4/jackson-core-2.13.4.jar:/home/runner/.m2/repository/org/apache/ozone/rocksdb-checkpoint-differ/1.5.0-SNAPSHOT/rocksdb-checkpoint-differ-1.5.0-SNAPSHOT.jar:/home/runner/.m2/repository/org/jgrapht/jgrapht-core/1.0.1/jgrapht-core-1.0.1.jar:/home/runner/.m2/repository/org/jgrapht/jgrapht-ext/1.0.1/jgrapht-ext-1.0.1.jar:/home/runner/.m2/repository/org/tinyjee/jgraphx/jgraphx/2.0.0.1/jgraphx-2.0.0.1.jar:/home/runner/.m2/repository/jgraph/jgraph/5.13.0.0/jgraph-5.13.0.0.jar:/home/runner/.m2/repository/org/antlr/antlr4-runtime/4.5.3/antlr4-runtime-4.5.3.jar:/home/runner/.m2/repository/org/apache/ozone/ozone-manager/1.5.0-SNAPSHOT/ozone-manager-1.5.0-SNAPSHOT.jar:/home/runner/.m2/repository/org/aspectj/aspectjrt/1.9.7/aspectjrt-1.9.7.jar:/home/runner/.m2/repository/org/aspectj/aspectjweaver/1.9.7/aspectjweaver-1.9.7.jar:/home/runner/.m2/repository/org/apache/ozone/hdds-interface-client/1.5.0-SNAPSHOT/hdds-interface-client-1.5.0-SNAPSHOT.jar:/home/runner/.m2/repository/org/apache/hadoop/thirdparty/hadoop-shaded-protobuf_3_7/1.1.1/hadoop-shaded-protobuf_3_7-1.1.1.jar:/home/runner/.m2/repository/org/apache/ozone/ozone-interface-storage/1.5.0-SNAPSHOT/ozone-interface-storage-1.5.0-SNAPSHOT.jar:/home/runner/.m2/repository/org/reflections/reflections/0.9.11/reflections-0.9.11.jar:/home/runner/.m2/repository/com/sun/jersey/jersey-client/1.19.4/jersey-client-1.19.4.jar:/home/runner/.m2/repository/org/codehaus/jackson/jackson-core-asl/1.9.13/jackson-core-asl-1.9.13.jar:/home/runner/.m2/repository/org/codehaus/jackson/jackson-mapper-asl/1.9.13/jackson-mapper-asl-1.9.13.jar:/home/runner/.m2/repository/org/codehaus/jackson/jackson-jaxrs/1.9.13/jackson-jaxrs-1.9.13.jar:/home/runner/.m2/repository/org/apache/ranger/ranger-intg/2.3.0/ranger-intg-2.3.0.jar:/home/runner/.m2/repository/org/apache/ranger/ranger-plugins-common/2.3.0/ranger-plugins-common-2.3.0.jar:/home/runner/.m2/repository/commons-lang/commons-lang/2.6/commons-lang-2.6.jar:/home/runner/.m2/repository/org/apache/ranger/ranger-plugins-cred/2.3.0/ranger-plugins-cred-2.3.0.jar:/home/runner/.m2/repository/org/apache/ranger/ranger-plugins-audit/2.3.0/ranger-plugins-audit-2.3.0.jar:/home/runner/.m2/repository/org/eclipse/jetty/jetty-client/9.4.53.v20231009/jetty-client-9.4.53.v20231009.jar:/home/runner/.m2/repository/org/apache/httpcomponents/httpmime/4.5.6/httpmime-4.5.6.jar:/home/runner/.m2/repository/org/apache/httpcomponents/httpcore-nio/4.4.16/httpcore-nio-4.4.16.jar:/home/runner/.m2/repository/org/apache/httpcomponents/httpasyncclient/4.1.3/httpasyncclient-4.1.3.jar:/home/runner/.m2/repository/com/carrotsearch/hppc/0.8.0/hppc-0.8.0.jar:/home/runner/.m2/repository/org/apache/orc/orc-core/1.5.8/orc-core-1.5.8.jar:/home/runner/.m2/repository/net/java/dev/jna/jna/5.2.0/jna-5.2.0.jar:/home/runner/.m2/repository/net/java/dev/jna/jna-platform/5.2.0/jna-platform-5.2.0.jar:/home/runner/.m2/repository/com/kstruct/gethostname4j/0.0.2/gethostname4j-0.0.2.jar:/home/runner/.m2/repository/org/apache/ranger/ranger-plugin-classloader/2.3.0/ranger-plugin-classloader-2.3.0.jar:/home/runner/.m2/repository/org/apache/ozone/hdds-rocks-native/1.5.0-SNAPSHOT/hdds-rocks-native-1.5.0-SNAPSHOT.jar:/home/runner/.m2/repository/org/apache/hadoop/hadoop-minikdc/3.3.6/hadoop-minikdc-3.3.6.jar:/home/runner/.m2/repository/org/apache/kerby/kerb-simplekdc/1.0.1/kerb-simplekdc-1.0.1.jar:/home/runner/.m2/repository/org/apache/kerby/kerb-client/1.0.1/kerb-client-1.0.1.jar:/home/runner/.m2/repository/org/apache/kerby/kerby-config/1.0.1/kerby-config-1.0.1.jar:/home/runner/.m2/repository/org/apache/kerby/kerb-common/1.0.1/kerb-common-1.0.1.jar:/home/runner/.m2/repository/org/apache/kerby/kerb-crypto/1.0.1/kerb-crypto-1.0.1.jar:/home/runner/.m2/repository/org/apache/kerby/kerb-util/1.0.1/kerb-util-1.0.1.jar:/home/runner/.m2/repository/org/apache/kerby/token-provider/1.0.1/token-provider-1.0.1.jar:/home/runner/.m2/repository/org/apache/kerby/kerb-admin/1.0.1/kerb-admin-1.0.1.jar:/home/runner/.m2/repository/org/apache/kerby/kerb-server/1.0.1/kerb-server-1.0.1.jar:/home/runner/.m2/repository/org/apache/kerby/kerb-identity/1.0.1/kerb-identity-1.0.1.jar:/home/runner/.m2/repository/org/apache/kerby/kerby-xdr/1.0.1/kerby-xdr-1.0.1.jar:/home/runner/.m2/repository/junit/junit/4.13.2/junit-4.13.2.jar:/home/runner/.m2/repository/org/hamcrest/hamcrest-core/1.3/hamcrest-core-1.3.jar:/home/runner/.m2/repository/org/apache/ozone/ozone-s3gateway/1.5.0-SNAPSHOT/ozone-s3gateway-1.5.0-SNAPSHOT.jar:/home/runner/.m2/repository/org/javassist/javassist/3.21.0-GA/javassist-3.21.0-GA.jar:/home/runner/.m2/repository/org/jboss/weld/servlet/weld-servlet-shaded/3.1.9.Final/weld-servlet-shaded-3.1.9.Final.jar:/home/runner/.m2/repository/org/glassfish/jersey/containers/jersey-container-servlet-core/2.41/jersey-container-servlet-core-2.41.jar:/home/runner/.m2/repository/org/glassfish/hk2/external/jakarta.inject/2.6.1/jakarta.inject-2.6.1.jar:/home/runner/.m2/repository/org/glassfish/jersey/core/jersey-common/2.41/jersey-common-2.41.jar:/home/runner/.m2/repository/jakarta/ws/rs/jakarta.ws.rs-api/2.1.6/jakarta.ws.rs-api-2.1.6.jar:/home/runner/.m2/repository/org/glassfish/jersey/ext/cdi/jersey-cdi1x/2.41/jersey-cdi1x-2.41.jar:/home/runner/.m2/repository/org/glassfish/jersey/inject/jersey-hk2/2.41/jersey-hk2-2.41.jar:/home/runner/.m2/repository/org/glassfish/hk2/hk2-locator/2.6.1/hk2-locator-2.6.1.jar:/home/runner/.m2/repository/org/glassfish/jersey/media/jersey-media-jaxb/2.41/jersey-media-jaxb-2.41.jar:/home/runner/.m2/repository/org/glassfish/hk2/osgi-resource-locator/1.0.3/osgi-resource-locator-1.0.3.jar:/home/runner/.m2/repository/org/glassfish/hk2/hk2-api/2.6.1/hk2-api-2.6.1.jar:/home/runner/.m2/repository/org/glassfish/hk2/hk2-utils/2.6.1/hk2-utils-2.6.1.jar:/home/runner/.m2/repository/org/glassfish/hk2/external/aopalliance-repackaged/2.6.1/aopalliance-repackaged-2.6.1.jar:/home/runner/.m2/repository/com/fasterxml/jackson/dataformat/jackson-dataformat-xml/2.13.4/jackson-dataformat-xml-2.13.4.jar:/home/runner/.m2/repository/org/codehaus/woodstox/stax2-api/4.2.2/stax2-api-4.2.2.jar:/home/runner/.m2/repository/com/fasterxml/woodstox/woodstox-core/5.4.0/woodstox-core-5.4.0.jar:/home/runner/.m2/repository/com/fasterxml/jackson/module/jackson-module-jaxb-annotations/2.13.4/jackson-module-jaxb-annotations-2.13.4.jar:/home/runner/.m2/repository/javax/enterprise/cdi-api/2.0/cdi-api-2.0.jar:/home/runner/.m2/repository/javax/el/javax.el-api/3.0.0/javax.el-api-3.0.0.jar:/home/runner/.m2/repository/javax/interceptor/javax.interceptor-api/1.2/javax.interceptor-api-1.2.jar:/home/runner/.m2/repository/javax/inject/javax.inject/1/javax.inject-1.jar:/home/runner/.m2/repository/jakarta/xml/bind/jakarta.xml.bind-api/2.3.3/jakarta.xml.bind-api-2.3.3.jar:/home/runner/.m2/repository/org/glassfish/jaxb/jaxb-runtime/2.3.9/jaxb-runtime-2.3.9.jar:/home/runner/.m2/repository/org/glassfish/jaxb/txw2/2.3.9/txw2-2.3.9.jar:/home/runner/.m2/repository/com/sun/istack/istack-commons-runtime/3.0.12/istack-commons-runtime-3.0.12.jar:/home/runner/.m2/repository/com/sun/activation/jakarta.activation/1.2.2/jakarta.activation-1.2.2.jar:/home/runner/.m2/repository/jakarta/activation/jakarta.activation-api/1.2.2/jakarta.activation-api-1.2.2.jar:/home/runner/.m2/repository/io/grpc/grpc-protobuf/1.58.0/grpc-protobuf-1.58.0.jar:/home/runner/.m2/repository/com/google/api/grpc/proto-google-common-protos/2.22.0/proto-google-common-protos-2.22.0.jar:/home/runner/.m2/repository/io/grpc/grpc-protobuf-lite/1.58.0/grpc-protobuf-lite-1.58.0.jar:/home/runner/.m2/repository/io/grpc/grpc-stub/1.58.0/grpc-stub-1.58.0.jar:/home/runner/.m2/repository/io/netty/netty-transport/4.1.100.Final/netty-transport-4.1.100.Final.jar:/home/runner/.m2/repository/io/netty/netty-resolver/4.1.100.Final/netty-resolver-4.1.100.Final.jar:/home/runner/.m2/repository/org/apache/ozone/ozone-csi/1.5.0-SNAPSHOT/ozone-csi-1.5.0-SNAPSHOT.jar:/home/runner/.m2/repository/com/google/protobuf/protobuf-java-util/3.19.6/protobuf-java-util-3.19.6.jar:/home/runner/.m2/repository/com/google/code/gson/gson/2.9.0/gson-2.9.0.jar:/home/runner/.m2/repository/org/apache/ozone/hdds-config/1.5.0-SNAPSHOT/hdds-config-1.5.0-SNAPSHOT.jar:/home/runner/.m2/repository/io/netty/netty-transport-native-epoll/4.1.100.Final/netty-transport-native-epoll-4.1.100.Final-linux-x86_64.jar:/home/runner/.m2/repository/io/netty/netty-transport-classes-epoll/4.1.100.Final/netty-transport-classes-epoll-4.1.100.Final.jar:/home/runner/.m2/repository/io/netty/netty-transport-native-unix-common/4.1.100.Final/netty-transport-native-unix-common-4.1.100.Final.jar:/home/runner/.m2/repository/org/apache/ozone/ozone-recon/1.5.0-SNAPSHOT/ozone-recon-1.5.0-SNAPSHOT.jar:/home/runner/.m2/repository/org/apache/ozone/ozone-reconcodegen/1.5.0-SNAPSHOT/ozone-reconcodegen-1.5.0-SNAPSHOT.jar:/home/runner/.m2/repository/com/google/inject/guice/6.0.0/guice-6.0.0.jar:/home/runner/.m2/repository/jakarta/inject/jakarta.inject-api/2.0.1/jakarta.inject-api-2.0.1.jar:/home/runner/.m2/repository/aopalliance/aopalliance/1.0/aopalliance-1.0.jar:/home/runner/.m2/repository/com/google/inject/extensions/guice-assistedinject/6.0.0/guice-assistedinject-6.0.0.jar:/home/runner/.m2/repository/com/google/inject/extensions/guice-servlet/6.0.0/guice-servlet-6.0.0.jar:/home/runner/.m2/repository/org/glassfish/jersey/containers/jersey-container-servlet/2.41/jersey-container-servlet-2.41.jar:/home/runner/.m2/repository/org/glassfish/hk2/guice-bridge/2.6.1/guice-bridge-2.6.1.jar:/home/runner/.m2/repository/org/glassfish/jersey/core/jersey-server/2.41/jersey-server-2.41.jar:/home/runner/.m2/repository/org/glassfish/jersey/core/jersey-client/2.41/jersey-client-2.41.jar:/home/runner/.m2/repository/jakarta/validation/jakarta.validation-api/2.0.2/jakarta.validation-api-2.0.2.jar:/home/runner/.m2/repository/org/glassfish/jersey/media/jersey-media-json-jackson/2.41/jersey-media-json-jackson-2.41.jar:/home/runner/.m2/repository/org/glassfish/jersey/ext/jersey-entity-filtering/2.41/jersey-entity-filtering-2.41.jar:/home/runner/.m2/repository/org/jooq/jooq/3.11.10/jooq-3.11.10.jar:/home/runner/.m2/repository/org/jooq/jooq-meta/3.11.10/jooq-meta-3.11.10.jar:/home/runner/.m2/repository/org/jooq/jooq-codegen/3.11.10/jooq-codegen-3.11.10.jar:/home/runner/.m2/repository/com/jolbox/bonecp/0.8.0.RELEASE/bonecp-0.8.0.RELEASE.jar:/home/runner/.m2/repository/org/apache/derby/derby/10.14.2.0/derby-10.14.2.0.jar:/home/runner/.m2/repository/org/xerial/sqlite-jdbc/3.44.1.0/sqlite-jdbc-3.44.1.0.jar:/home/runner/.m2/repository/org/springframework/spring-jdbc/5.3.27/spring-jdbc-5.3.27.jar:/home/runner/.m2/repository/org/springframework/spring-beans/5.3.27/spring-beans-5.3.27.jar:/home/runner/.m2/repository/org/springframework/spring-core/5.3.27/spring-core-5.3.27.jar:/home/runner/.m2/repository/org/springframework/spring-tx/5.3.27/spring-tx-5.3.27.jar:/home/runner/.m2/repository/org/apache/ozone/ozone-client/1.5.0-SNAPSHOT/ozone-client-1.5.0-SNAPSHOT.jar:/home/runner/.m2/repository/org/apache/ozone/hdds-erasurecode/1.5.0-SNAPSHOT/hdds-erasurecode-1.5.0-SNAPSHOT.jar:/home/runner/.m2/repository/org/apache/ozone/ozone-filesystem/1.5.0-SNAPSHOT/ozone-filesystem-1.5.0-SNAPSHOT.jar:/home/runner/.m2/repository/org/apache/ozone/ozone-filesystem-common/1.5.0-SNAPSHOT/ozone-filesystem-common-1.5.0-SNAPSHOT.jar:/home/runner/.m2/repository/org/apache/ozone/ozone-tools/1.5.0-SNAPSHOT/ozone-tools-1.5.0-SNAPSHOT.jar:/home/runner/.m2/repository/com/amazonaws/aws-java-sdk-core/1.12.661/aws-java-sdk-core-1.12.661.jar:/home/runner/.m2/repository/org/apache/httpcomponents/httpclient/4.5.13/httpclient-4.5.13.jar:/home/runner/.m2/repository/org/apache/httpcomponents/httpcore/4.4.16/httpcore-4.4.16.jar:/home/runner/.m2/repository/com/fasterxml/jackson/dataformat/jackson-dataformat-cbor/2.13.4/jackson-dataformat-cbor-2.13.4.jar:/home/runner/.m2/repository/joda-time/joda-time/2.12.7/joda-time-2.12.7.jar:/home/runner/.m2/repository/com/amazonaws/aws-java-sdk-s3/1.12.661/aws-java-sdk-s3-1.12.661.jar:/home/runner/.m2/repository/com/amazonaws/aws-java-sdk-kms/1.12.661/aws-java-sdk-kms-1.12.661.jar:/home/runner/.m2/repository/com/amazonaws/jmespath-java/1.12.661/jmespath-java-1.12.661.jar:/home/runner/.m2/repository/org/kohsuke/metainf-services/metainf-services/1.8/metainf-services-1.8.jar:/home/runner/.m2/repository/org/apache/ozone/hdds-tools/1.5.0-SNAPSHOT/hdds-tools-1.5.0-SNAPSHOT.jar:/home/runner/.m2/repository/org/apache/ratis/ratis-tools/3.0.1/ratis-tools-3.0.1.jar:/home/runner/.m2/repository/commons-cli/commons-cli/1.6.0/commons-cli-1.6.0.jar:/home/runner/.m2/repository/org/apache/commons/commons-lang3/3.14.0/commons-lang3-3.14.0.jar:/home/runner/.m2/repository/org/apache/ozone/ozone-manager/1.5.0-SNAPSHOT/ozone-manager-1.5.0-SNAPSHOT-tests.jar:/home/runner/.m2/repository/org/apache/ozone/hdds-common/1.5.0-SNAPSHOT/hdds-common-1.5.0-SNAPSHOT-tests.jar:/home/runner/.m2/repository/org/apache/ozone/hdds-hadoop-dependency-client/1.5.0-SNAPSHOT/hdds-hadoop-dependency-client-1.5.0-SNAPSHOT.jar:/home/runner/.m2/repository/info/picocli/picocli/4.7.5/picocli-4.7.5.jar:/home/runner/.m2/repository/com/fasterxml/jackson/core/jackson-annotations/2.13.4/jackson-annotations-2.13.4.jar:/home/runner/.m2/repository/org/apache/ozone/hdds-annotation-processing/1.5.0-SNAPSHOT/hdds-annotation-processing-1.5.0-SNAPSHOT.jar:/home/runner/.m2/repository/javax/annotation/javax.annotation-api/1.3.2/javax.annotation-api-1.3.2.jar:/home/runner/.m2/repository/org/apache/ratis/ratis-netty/3.0.1/ratis-netty-3.0.1.jar:/home/runner/.m2/repository/org/apache/ratis/ratis-grpc/3.0.1/ratis-grpc-3.0.1.jar:/home/runner/.m2/repository/org/apache/commons/commons-pool2/2.6.0/commons-pool2-2.6.0.jar:/home/runner/.m2/repository/org/bouncycastle/bcpkix-jdk18on/1.77/bcpkix-jdk18on-1.77.jar:/home/runner/.m2/repository/org/bouncycastle/bcutil-jdk18on/1.77/bcutil-jdk18on-1.77.jar:/home/runner/.m2/repository/commons-validator/commons-validator/1.6/commons-validator-1.6.jar:/home/runner/.m2/repository/commons-beanutils/commons-beanutils/1.9.4/commons-beanutils-1.9.4.jar:/home/runner/.m2/repository/commons-digester/commons-digester/1.8.1/commons-digester-1.8.1.jar:/home/runner/.m2/repository/commons-collections/commons-collections/3.2.2/commons-collections-3.2.2.jar:/home/runner/.m2/repository/io/jaegertracing/jaeger-client/1.8.1/jaeger-client-1.8.1.jar:/home/runner/.m2/repository/io/jaegertracing/jaeger-thrift/1.8.1/jaeger-thrift-1.8.1.jar:/home/runner/.m2/repository/org/apache/thrift/libthrift/0.15.0/libthrift-0.15.0.jar:/home/runner/.m2/repository/io/jaegertracing/jaeger-core/1.8.1/jaeger-core-1.8.1.jar:/home/runner/.m2/repository/io/jaegertracing/jaeger-tracerresolver/1.8.1/jaeger-tracerresolver-1.8.1.jar:/home/runner/.m2/repository/io/opentracing/contrib/opentracing-tracerresolver/0.1.8/opentracing-tracerresolver-0.1.8.jar:/home/runner/.m2/repository/org/jetbrains/kotlin/kotlin-stdlib/1.9.22/kotlin-stdlib-1.9.22.jar:/home/runner/.m2/repository/org/jetbrains/annotations/13.0/annotations-13.0.jar:/home/runner/.m2/repository/io/opentracing/opentracing-util/0.33.0/opentracing-util-0.33.0.jar:/home/runner/.m2/repository/io/opentracing/opentracing-api/0.33.0/opentracing-api-0.33.0.jar:/home/runner/.m2/repository/io/opentracing/opentracing-noop/0.33.0/opentracing-noop-0.33.0.jar:/home/runner/.m2/repository/org/yaml/snakeyaml/2.0/snakeyaml-2.0.jar:/home/runner/.m2/repository/io/grpc/grpc-api/1.58.0/grpc-api-1.58.0.jar:/home/runner/.m2/repository/org/junit/jupiter/junit-jupiter-engine/5.10.1/junit-jupiter-engine-5.10.1.jar:/home/runner/.m2/repository/org/junit/platform/junit-platform-engine/1.10.1/junit-platform-engine-1.10.1.jar:/home/runner/.m2/repository/org/apiguardian/apiguardian-api/1.1.2/apiguardian-api-1.1.2.jar:/home/runner/.m2/repository/org/junit/platform/junit-platform-launcher/1.10.1/junit-platform-launcher-1.10.1.jar:/home/runner/.m2/repository/org/apache/hadoop/hadoop-kms/3.3.6/hadoop-kms-3.3.6.jar:/home/runner/.m2/repository/org/apache/hadoop/hadoop-auth/3.3.6/hadoop-auth-3.3.6.jar:/home/runner/.m2/repository/com/nimbusds/nimbus-jose-jwt/9.8.1/nimbus-jose-jwt-9.8.1.jar:/home/runner/.m2/repository/com/github/stephenc/jcip/jcip-annotations/1.0-1/jcip-annotations-1.0-1.jar:/home/runner/.m2/repository/org/apache/zookeeper/zookeeper/3.7.2/zookeeper-3.7.2.jar:/home/runner/.m2/repository/org/apache/zookeeper/zookeeper-jute/3.7.2/zookeeper-jute-3.7.2.jar:/home/runner/.m2/repository/org/apache/yetus/audience-annotations/0.12.0/audience-annotations-0.12.0.jar:/home/runner/.m2/repository/org/apache/curator/curator-framework/4.2.0/curator-framework-4.2.0.jar:/home/runner/.m2/repository/org/apache/hadoop/thirdparty/hadoop-shaded-guava/1.1.1/hadoop-shaded-guava-1.1.1.jar:/home/runner/.m2/repository/com/sun/jersey/jersey-core/1.19.4/jersey-core-1.19.4.jar:/home/runner/.m2/repository/javax/ws/rs/jsr311-api/1.1.1/jsr311-api-1.1.1.jar:/home/runner/.m2/repository/com/sun/jersey/jersey-server/1.19.4/jersey-server-1.19.4.jar:/home/runner/.m2/repository/javax/servlet/javax.servlet-api/3.1.0/javax.servlet-api-3.1.0.jar:/home/runner/.m2/repository/org/apache/hadoop/hadoop-common/3.3.6/hadoop-common-3.3.6.jar:/home/runner/.m2/repository/org/apache/commons/commons-math3/3.6.1/commons-math3-3.6.1.jar:/home/runner/.m2/repository/commons-net/commons-net/3.10.0/commons-net-3.10.0.jar:/home/runner/.m2/repository/com/sun/jersey/jersey-servlet/1.19.4/jersey-servlet-1.19.4.jar:/home/runner/.m2/repository/com/github/pjfanning/jersey-json/1.20/jersey-json-1.20.jar:/home/runner/.m2/repository/org/codehaus/jettison/jettison/1.1/jettison-1.1.jar:/home/runner/.m2/repository/com/sun/xml/bind/jaxb-impl/2.2.3-1/jaxb-impl-2.2.3-1.jar:/home/runner/.m2/repository/com/google/re2j/re2j/1.7/re2j-1.7.jar:/home/runner/.m2/repository/com/jcraft/jsch/0.1.54/jsch-0.1.54.jar:/home/runner/.m2/repository/org/apache/curator/curator-client/4.2.0/curator-client-4.2.0.jar:/home/runner/.m2/repository/org/apache/curator/curator-recipes/5.2.0/curator-recipes-5.2.0.jar:/home/runner/.m2/repository/com/google/code/findbugs/jsr305/3.0.2/jsr305-3.0.2.jar:/home/runner/.m2/repository/org/apache/kerby/kerb-core/1.0.1/kerb-core-1.0.1.jar:/home/runner/.m2/repository/org/apache/kerby/kerby-pkix/1.0.1/kerby-pkix-1.0.1.jar:/home/runner/.m2/repository/org/apache/kerby/kerby-asn1/1.0.1/kerby-asn1-1.0.1.jar:/home/runner/.m2/repository/org/apache/kerby/kerby-util/1.0.1/kerby-util-1.0.1.jar:/home/runner/.m2/repository/dnsjava/dnsjava/2.1.7/dnsjava-2.1.7.jar:/home/runner/.m2/repository/org/xerial/snappy/snappy-java/1.1.8.2/snappy-java-1.1.8.2.jar:/home/runner/.m2/repository/com/fasterxml/jackson/core/jackson-databind/2.13.4.2/jackson-databind-2.13.4.2.jar:/home/runner/.m2/repository/org/apache/hadoop/hadoop-kms/3.3.6/hadoop-kms-3.3.6-tests.jar:/home/runner/.m2/repository/org/apache/ozone/hdds-server-scm/1.5.0-SNAPSHOT/hdds-server-scm-1.5.0-SNAPSHOT-tests.jar:/home/runner/.m2/repository/org/apache/ozone/hdds-container-service/1.5.0-SNAPSHOT/hdds-container-service-1.5.0-SNAPSHOT-tests.jar:/home/runner/.m2/repository/com/github/luben/zstd-jni/1.5.2-5/zstd-jni-1.5.2-5.jar:/home/runner/.m2/repository/commons-codec/commons-codec/1.15/commons-codec-1.15.jar:/home/runner/.m2/repository/io/netty/netty-codec/4.1.100.Final/netty-codec-4.1.100.Final.jar:/home/runner/.m2/repository/io/netty/netty-handler/4.1.100.Final/netty-handler-4.1.100.Final.jar:/home/runner/.m2/repository/org/apache/ozone/hdds-hadoop-dependency-test/1.5.0-SNAPSHOT/hdds-hadoop-dependency-test-1.5.0-SNAPSHOT.jar:/home/runner/.m2/repository/org/apache/hadoop/hadoop-common/3.3.6/hadoop-common-3.3.6-tests.jar:/home/runner/.m2/repository/org/apache/hadoop/hadoop-hdfs/3.3.6/hadoop-hdfs-3.3.6-tests.jar:/home/runner/.m2/repository/org/junit/jupiter/junit-jupiter-params/5.10.1/junit-jupiter-params-5.10.1.jar:/home/runner/.m2/repository/org/mockito/mockito-core/4.11.0/mockito-core-4.11.0.jar:/home/runner/.m2/repository/net/bytebuddy/byte-buddy/1.12.19/byte-buddy-1.12.19.jar:/home/runner/.m2/repository/net/bytebuddy/byte-buddy-agent/1.12.19/byte-buddy-agent-1.12.19.jar:/home/runner/.m2/repository/org/objenesis/objenesis/1.0/objenesis-1.0.jar:/home/runner/.m2/repository/org/mockito/mockito-junit-jupiter/4.11.0/mockito-junit-jupiter-4.11.0.jar:/home/runner/.m2/repository/org/apache/hadoop/hadoop-distcp/3.3.6/hadoop-distcp-3.3.6.jar:/home/runner/.m2/repository/org/apache/hadoop/hadoop-mapreduce-client-jobclient/3.3.6/hadoop-mapreduce-client-jobclient-3.3.6.jar:/home/runner/.m2/repository/org/apache/hadoop/hadoop-mapreduce-client-common/3.3.6/hadoop-mapreduce-client-common-3.3.6.jar:/home/runner/.m2/repository/org/apache/hadoop/hadoop-yarn-common/3.3.6/hadoop-yarn-common-3.3.6.jar:/home/runner/.m2/repository/org/apache/hadoop/hadoop-yarn-api/3.3.6/hadoop-yarn-api-3.3.6.jar:/home/runner/.m2/repository/javax/xml/bind/jaxb-api/2.2.11/jaxb-api-2.2.11.jar:/home/runner/.m2/repository/com/sun/jersey/contribs/jersey-guice/1.19.4/jersey-guice-1.19.4.jar:/home/runner/.m2/repository/com/fasterxml/jackson/jaxrs/jackson-jaxrs-json-provider/2.13.4/jackson-jaxrs-json-provider-2.13.4.jar:/home/runner/.m2/repository/com/fasterxml/jackson/jaxrs/jackson-jaxrs-base/2.13.4/jackson-jaxrs-base-2.13.4.jar:/home/runner/.m2/repository/org/apache/hadoop/hadoop-yarn-client/3.3.6/hadoop-yarn-client-3.3.6.jar:/home/runner/.m2/repository/org/eclipse/jetty/websocket/websocket-client/9.4.51.v20230217/websocket-client-9.4.51.v20230217.jar:/home/runner/.m2/repository/org/eclipse/jetty/websocket/websocket-common/9.4.51.v20230217/websocket-common-9.4.51.v20230217.jar:/home/runner/.m2/repository/org/eclipse/jetty/websocket/websocket-api/9.4.51.v20230217/websocket-api-9.4.51.v20230217.jar:/home/runner/.m2/repository/org/jline/jline/3.9.0/jline-3.9.0.jar:/home/runner/.m2/repository/org/apache/hadoop/hadoop-mapreduce-client-core/3.3.6/hadoop-mapreduce-client-core-3.3.6.jar:/home/runner/.m2/repository/org/apache/avro/avro/1.7.7/avro-1.7.7.jar:/home/runner/.m2/repository/com/thoughtworks/paranamer/paranamer/2.3/paranamer-2.3.jar:/home/runner/.m2/repository/org/apache/hadoop/hadoop-annotations/3.3.6/hadoop-annotations-3.3.6.jar:/usr/lib/jvm/temurin-8-jdk-amd64/jre/../lib/tools.jar:/home/runner/.m2/repository/io/netty/netty/3.10.6.Final/netty-3.10.6.Final.jar:/home/runner/.m2/repository/org/apache/hadoop/hadoop-distcp/3.3.6/hadoop-distcp-3.3.6-tests.jar:/home/runner/.m2/repository/org/hamcrest/hamcrest/2.2/hamcrest-2.2.jar:/home/runner/.m2/repository/org/slf4j/jul-to-slf4j/2.0.10/jul-to-slf4j-2.0.10.jar:/home/runner/work/ozone/ozone/hadoop-ozone/integration-test/target/gradle-enterprise/test-listeners.jar:"/>
    <property name="sun.cpu.endian" value="little"/>
    <property name="user.home" value="/home/runner"/>
    <property name="user.language" value="en"/>
    <property name="java.specification.vendor" value="Oracle Corporation"/>
    <property name="java.home" value="/usr/lib/jvm/temurin-8-jdk-amd64/jre"/>
    <property name="java.security.krb5.conf" value="/home/runner/work/ozone/ozone/hadoop-ozone/integration-test/target/test-classes/krb5.conf"/>
    <property name="file.separator" value="/"/>
    <property name="basedir" value="/home/runner/work/ozone/ozone/hadoop-ozone/integration-test"/>
    <property name="line.separator" value="&#10;"/>
    <property name="java.vm.specification.vendor" value="Oracle Corporation"/>
    <property name="java.specification.name" value="Java Platform API Specification"/>
    <property name="skip.installnpx" value="true"/>
    <property name="java.awt.graphicsenv" value="sun.awt.X11GraphicsEnvironment"/>
    <property name="surefire.real.class.path" value="/home/runner/work/ozone/ozone/hadoop-ozone/integration-test/target/surefire/surefirebooter7031499055219425090.jar:/home/runner/.m2/repository/org/jacoco/org.jacoco.agent/0.8.11/org.jacoco.agent-0.8.11-runtime.jar"/>
    <property name="sun.boot.class.path" value="/usr/lib/jvm/temurin-8-jdk-amd64/jre/lib/resources.jar:/usr/lib/jvm/temurin-8-jdk-amd64/jre/lib/rt.jar:/usr/lib/jvm/temurin-8-jdk-amd64/jre/lib/sunrsasign.jar:/usr/lib/jvm/temurin-8-jdk-amd64/jre/lib/jsse.jar:/usr/lib/jvm/temurin-8-jdk-amd64/jre/lib/jce.jar:/usr/lib/jvm/temurin-8-jdk-amd64/jre/lib/charsets.jar:/usr/lib/jvm/temurin-8-jdk-amd64/jre/lib/jfr.jar:/usr/lib/jvm/temurin-8-jdk-amd64/jre/classes"/>
    <property name="hadoop.log.dir" value="/home/runner/work/ozone/ozone/hadoop-ozone/integration-test/target/log"/>
    <property name="sun.management.compiler" value="HotSpot 64-Bit Tiered Compilers"/>
    <property name="java.runtime.version" value="1.8.0_402-b06"/>
    <property name="skip.npx" value="true"/>
    <property name="user.name" value="runner"/>
    <property name="java.net.preferIPv4Stack" value="true"/>
    <property name="path.separator" value=":"/>
    <property name="java.security.egd" value="file:///dev/urandom"/>
    <property name="os.version" value="5.15.0-1056-azure"/>
    <property name="java.endorsed.dirs" value="/usr/lib/jvm/temurin-8-jdk-amd64/jre/lib/endorsed"/>
    <property name="java.runtime.name" value="OpenJDK Runtime Environment"/>
    <property name="com.gradle.maven.scan.extension.test.listener.junitplatform.NestedExecutionSafeDelegatingTestExecutionListener" value="dbf57b3"/>
    <property name="file.encoding" value="UTF-8"/>
    <property name="java.vm.name" value="OpenJDK 64-Bit Server VM"/>
    <property name="test.build.webapps" value=""/>
    <property name="localRepository" value="/home/runner/.m2/repository"/>
    <property name="gradle.enterprise.listener.port" value="42021"/>
    <property name="jetty.git.hash" value="27bde00a0b95a1d5bbee0eae7984f891d2d0f8c9"/>
    <property name="java.vendor.url.bug" value="https://github.com/adoptium/adoptium-support/issues"/>
    <property name="require.test.libhadoop" value=""/>
    <property name="java.io.tmpdir" value="/tmp"/>
    <property name="java.version" value="1.8.0_402"/>
    <property name="user.dir" value="/home/runner/work/ozone/ozone/hadoop-ozone/integration-test"/>
    <property name="os.arch" value="amd64"/>
    <property name="test.build.classes" value="/home/runner/work/ozone/ozone/hadoop-ozone/integration-test/target/test-classes"/>
    <property name="java.vm.specification.name" value="Java Virtual Machine Specification"/>
    <property name="java.awt.printerjob" value="sun.print.PSPrinterJob"/>
    <property name="sun.os.patch.level" value="unknown"/>
    <property name="org.apache.ratis.thirdparty.io.netty.allocator.useCacheForAllThreads" value="false"/>
    <property name="hadoop.tmp.dir" value="/home/runner/work/ozone/ozone/hadoop-ozone/integration-test/target/tmp"/>
    <property name="java.library.path" value="/usr/java/packages/lib/amd64:/usr/lib64:/lib64:/lib:/usr/lib"/>
    <property name="java.vendor" value="Temurin"/>
    <property name="java.vm.info" value="mixed mode"/>
    <property name="java.vm.version" value="25.402-b06"/>
    <property name="java.specification.maintenance.version" value="5"/>
    <property name="sun.io.unicode.encoding" value="UnicodeLittle"/>
    <property name="java.ext.dirs" value="/usr/lib/jvm/temurin-8-jdk-amd64/jre/lib/ext:/usr/java/packages/lib/ext"/>
    <property name="java.class.version" value="52.0"/>
  </properties>
  <testcase name="testAutomaticPipelineCreationOnPipelineDestroy" classname="org.apache.hadoop.hdds.scm.pipeline.TestRatisPipelineCreateAndDestroy" time="23.799">
    <system-out><![CDATA[2024-02-27 21:36:30,803 [main] WARN  server.ServerUtils (ServerUtils.java:getScmDbDir(143)) - ozone.scm.db.dirs is not configured. We recommend adding this setting. Falling back to ozone.metadata.dirs instead.
2024-02-27 21:36:31,114 [main] WARN  server.ServerUtils (ServerUtils.java:getScmDbDir(143)) - ozone.scm.db.dirs is not configured. We recommend adding this setting. Falling back to ozone.metadata.dirs instead.
2024-02-27 21:36:31,119 [main] INFO  ha.SCMHANodeDetails (SCMHANodeDetails.java:loadSCMHAConfig(207)) - ServiceID for StorageContainerManager is null
2024-02-27 21:36:31,129 [main] WARN  ha.SCMHANodeDetails (SCMHANodeDetails.java:validateSCMHAConfig(180)) - Default/Configured value of config ozone.scm.ratis.enable conflicts with the expected value. Default/Configured: true. Expected: false. Falling back to the expected value. Current State of SCM: SCM is running without Ratis. Ratis SCM -> Non Ratis SCM is not supported.
2024-02-27 21:36:31,129 [main] INFO  ha.SCMHANodeDetails (SCMHANodeDetails.java:loadSCMHAConfig(212)) - ozone.scm.default.service.id is not defined, falling back to ozone.scm.service.ids to find serviceID for StorageContainerManager if it is HA enabled cluster
2024-02-27 21:36:31,745 [main] WARN  utils.HAUtils (HAUtils.java:getMetaDir(339)) - ozone.scm.db.dirs is not configured. We recommend adding this setting. Falling back to ozone.metadata.dirs instead.
2024-02-27 21:36:31,851 [main] WARN  db.DBStoreBuilder (DBStoreBuilder.java:applyDBDefinition(171)) - ozone.scm.db.dirs is not configured. We recommend adding this setting. Falling back to ozone.metadata.dirs instead.
2024-02-27 21:36:31,859 [main] INFO  utils.LeakDetector (LeakDetector.java:start(73)) - Starting leak detector thread ManagedRocksObject0.
2024-02-27 21:36:32,051 [main] INFO  net.NodeSchemaLoader (NodeSchemaLoader.java:loadSchemaFromFile(129)) - Loading schema from [jar:file:/home/runner/.m2/repository/org/apache/ozone/hdds-common/1.5.0-SNAPSHOT/hdds-common-1.5.0-SNAPSHOT.jar!/network-topology-default.xml]
2024-02-27 21:36:32,053 [main] INFO  net.NodeSchemaLoader (NodeSchemaLoader.java:loadSchema(176)) - Loading network topology layer schema file
2024-02-27 21:36:32,085 [main] INFO  metrics.MetricRegistries (MetricRegistriesLoader.java:load(64)) - Loaded MetricRegistries class org.apache.ratis.metrics.dropwizard3.Dm3MetricRegistriesImpl
2024-02-27 21:36:32,113 [main] INFO  upgrade.AbstractLayoutVersionManager (AbstractLayoutVersionManager.java:init(83)) - Initializing Layout version manager with metadata layout = HADOOP_PRC_PORTS_IN_DATANODEDETAILS (version = 7), software layout = HADOOP_PRC_PORTS_IN_DATANODEDETAILS (version = 7)
2024-02-27 21:36:32,272 [main] INFO  ha.SequenceIdGenerator (SequenceIdGenerator.java:upgradeToSequenceId(370)) - upgrade localId to 113750153625600000
2024-02-27 21:36:32,276 [main] INFO  ha.SequenceIdGenerator (SequenceIdGenerator.java:upgradeToSequenceId(380)) - upgrade delTxnId to 0
2024-02-27 21:36:32,283 [main] INFO  ha.SequenceIdGenerator (SequenceIdGenerator.java:upgradeToSequenceId(397)) - upgrade containerId to 0
2024-02-27 21:36:32,287 [main] INFO  ha.SequenceIdGenerator (SequenceIdGenerator.java:upgradeToCertificateSequenceId(444)) - upgrade CertificateId to 2
2024-02-27 21:36:32,289 [main] INFO  ha.SequenceIdGenerator (SequenceIdGenerator.java:<init>(241)) - Init the HA SequenceIdGenerator.
2024-02-27 21:36:32,345 [main] INFO  node.SCMNodeManager (SCMNodeManager.java:<init>(177)) - Entering startup safe mode.
2024-02-27 21:36:32,357 [main] INFO  algorithms.ContainerPlacementPolicyFactory (ContainerPlacementPolicyFactory.java:getPolicyInternal(86)) - Create container placement policy of type org.apache.hadoop.hdds.scm.container.placement.algorithms.SCMContainerPlacementRackAware
2024-02-27 21:36:32,359 [main] INFO  algorithms.ContainerPlacementPolicyFactory (ContainerPlacementPolicyFactory.java:getPolicyInternal(86)) - Create container placement policy of type org.apache.hadoop.hdds.scm.container.placement.algorithms.SCMContainerPlacementRackScatter
2024-02-27 21:36:32,368 [main] INFO  pipeline.PipelineStateManagerImpl (PipelineStateManagerImpl.java:initialize(78)) - No pipeline exists in current db
2024-02-27 21:36:32,381 [main] INFO  algorithms.LeaderChoosePolicyFactory (LeaderChoosePolicyFactory.java:getPolicy(57)) - Create leader choose policy of type org.apache.hadoop.hdds.scm.pipeline.leader.choose.algorithms.MinLeaderCountChoosePolicy
2024-02-27 21:36:32,381 [main] INFO  algorithms.ContainerPlacementPolicyFactory (ContainerPlacementPolicyFactory.java:getPolicyInternal(86)) - Create container placement policy of type org.apache.hadoop.hdds.scm.container.placement.algorithms.SCMContainerPlacementRackScatter
2024-02-27 21:36:32,386 [main] INFO  ha.SCMServiceManager (SCMServiceManager.java:register(42)) - Registering service BackgroundPipelineCreator.
2024-02-27 21:36:32,387 [main] INFO  pipeline.BackgroundPipelineCreator (BackgroundPipelineCreator.java:start(127)) - Starting RatisPipelineUtilsThread.
2024-02-27 21:36:32,389 [main] INFO  BackgroundPipelineScrubber (BackgroundSCMService.java:start(65)) - Starting BackgroundPipelineScrubber Service.
2024-02-27 21:36:32,394 [main] INFO  ha.SCMServiceManager (SCMServiceManager.java:register(42)) - Registering service BackgroundPipelineScrubber.
2024-02-27 21:36:32,400 [main] INFO  ExpiredContainerReplicaOpScrubber (BackgroundSCMService.java:start(65)) - Starting ExpiredContainerReplicaOpScrubber Service.
2024-02-27 21:36:32,401 [main] INFO  ha.SCMServiceManager (SCMServiceManager.java:register(42)) - Registering service ExpiredContainerReplicaOpScrubber.
2024-02-27 21:36:32,424 [main] INFO  algorithms.PipelineChoosePolicyFactory (PipelineChoosePolicyFactory.java:createPipelineChoosePolicyFromClass(80)) - Create pipeline choose policy of type org.apache.hadoop.hdds.scm.pipeline.choose.algorithms.RandomPipelineChoosePolicy
2024-02-27 21:36:32,424 [main] INFO  algorithms.PipelineChoosePolicyFactory (PipelineChoosePolicyFactory.java:createPipelineChoosePolicyFromClass(80)) - Create pipeline choose policy of type org.apache.hadoop.hdds.scm.pipeline.choose.algorithms.RandomPipelineChoosePolicy
2024-02-27 21:36:32,449 [main] INFO  ha.SCMServiceManager (SCMServiceManager.java:register(42)) - Registering service SCMBlockDeletingService.
2024-02-27 21:36:32,509 [main] INFO  replication.ReplicationManager (ReplicationManager.java:start(295)) - Starting Replication Monitor Thread.
2024-02-27 21:36:32,511 [main] INFO  ha.SCMServiceManager (SCMServiceManager.java:register(42)) - Registering service ReplicationManager.
2024-02-27 21:36:32,515 [ReplicationMonitor] INFO  replication.ReplicationManager (ReplicationManager.java:processAll(370)) - Replication Manager is not ready to run until 3000ms after safemode exit
2024-02-27 21:36:32,524 [main] INFO  safemode.ContainerSafeModeRule (ContainerSafeModeRule.java:<init>(91)) - containers with one replica threshold count 0
2024-02-27 21:36:32,527 [main] INFO  safemode.HealthyPipelineSafeModeRule (HealthyPipelineSafeModeRule.java:initializeRule(176)) - Total pipeline count is 0, healthy pipeline threshold count is 1
2024-02-27 21:36:32,529 [main] INFO  safemode.OneReplicaPipelineSafeModeRule (OneReplicaPipelineSafeModeRule.java:initializeRule(193)) - Total pipeline count is 0, pipeline's with at least one datanode reported threshold count is 0
2024-02-27 21:36:32,571 [main] INFO  server.StorageContainerManager (StorageContainerManager.java:<init>(440)) - SCM start with adminUsers: [runner]
2024-02-27 21:36:32,858 [main] INFO  audit.AuditLogger (AuditLogger.java:refreshDebugCmdSet(135)) - Refresh DebugCmdSet for SCMAudit to [].
2024-02-27 21:36:32,888 [main] INFO  ipc.CallQueueManager (CallQueueManager.java:<init>(90)) - Using callQueue: class java.util.concurrent.LinkedBlockingQueue, queueCapacity: 10000, scheduler: class org.apache.hadoop.ipc.DefaultRpcScheduler, ipcBackoff: false.
2024-02-27 21:36:32,921 [main] INFO  ipc.Server (Server.java:<init>(1287)) - Listener at 0.0.0.0:15002
2024-02-27 21:36:32,924 [Socket Reader #1 for port 15002] INFO  ipc.Server (Server.java:run(1323)) - Starting Socket Reader #1 for port 15002
2024-02-27 21:36:32,970 [main] INFO  audit.AuditLogger (AuditLogger.java:refreshDebugCmdSet(135)) - Refresh DebugCmdSet for SCMAudit to [].
2024-02-27 21:36:32,974 [main] INFO  ipc.CallQueueManager (CallQueueManager.java:<init>(90)) - Using callQueue: class java.util.concurrent.LinkedBlockingQueue, queueCapacity: 10000, scheduler: class org.apache.hadoop.ipc.DefaultRpcScheduler, ipcBackoff: false.
2024-02-27 21:36:32,974 [main] INFO  ipc.Server (Server.java:<init>(1287)) - Listener at 0.0.0.0:15001
2024-02-27 21:36:32,975 [Socket Reader #1 for port 15001] INFO  ipc.Server (Server.java:run(1323)) - Starting Socket Reader #1 for port 15001
2024-02-27 21:36:33,004 [main] INFO  audit.AuditLogger (AuditLogger.java:refreshDebugCmdSet(135)) - Refresh DebugCmdSet for SCMAudit to [].
2024-02-27 21:36:33,011 [main] INFO  ipc.CallQueueManager (CallQueueManager.java:<init>(90)) - Using callQueue: class java.util.concurrent.LinkedBlockingQueue, queueCapacity: 10000, scheduler: class org.apache.hadoop.ipc.DefaultRpcScheduler, ipcBackoff: false.
2024-02-27 21:36:33,012 [main] INFO  ipc.Server (Server.java:<init>(1287)) - Listener at 0.0.0.0:15000
2024-02-27 21:36:33,012 [Socket Reader #1 for port 15000] INFO  ipc.Server (Server.java:run(1323)) - Starting Socket Reader #1 for port 15000
2024-02-27 21:36:33,047 [main] INFO  ha.SCMServiceManager (SCMServiceManager.java:register(42)) - Registering service ContainerBalancer.
2024-02-27 21:36:33,047 [main] INFO  ha.SCMContext (SCMContext.java:updateSafeModeStatus(225)) - Update SafeModeStatus from SafeModeStatus{safeModeStatus=true, preCheckPassed=false} to SafeModeStatus{safeModeStatus=true, preCheckPassed=false}.
2024-02-27 21:36:33,050 [main] INFO  server.StorageContainerManager (StorageContainerManager.java:start(1545)) - StorageContainerLocationProtocol RPC server is listening at /0.0.0.0:15000
2024-02-27 21:36:33,097 [main] WARN  impl.MetricsConfig (MetricsConfig.java:loadFirst(136)) - Cannot locate configuration: tried hadoop-metrics2-storagecontainermanager.properties,hadoop-metrics2.properties
2024-02-27 21:36:33,107 [main] INFO  impl.MetricsSystemImpl (MetricsSystemImpl.java:startTimer(378)) - Scheduled Metric snapshot period at 10 second(s).
2024-02-27 21:36:33,107 [main] INFO  impl.MetricsSystemImpl (MetricsSystemImpl.java:start(191)) - StorageContainerManager metrics system started
2024-02-27 21:36:33,283 [main] INFO  server.SCMClientProtocolServer (SCMClientProtocolServer.java:start(204)) - RPC server for Client  is listening at /0.0.0.0:15000
2024-02-27 21:36:33,283 [IPC Server Responder] INFO  ipc.Server (Server.java:run(1562)) - IPC Server Responder: starting
2024-02-27 21:36:33,284 [IPC Server listener on 15000] INFO  ipc.Server (Server.java:run(1402)) - IPC Server listener on 15000: starting
2024-02-27 21:36:33,306 [main] INFO  server.StorageContainerManager (StorageContainerManager.java:start(1558)) - ScmBlockLocationProtocol RPC server is listening at /0.0.0.0:15001
2024-02-27 21:36:33,308 [main] INFO  server.SCMBlockProtocolServer (SCMBlockProtocolServer.java:start(160)) - RPC server for Block Protocol is listening at /0.0.0.0:15001
2024-02-27 21:36:33,308 [IPC Server Responder] INFO  ipc.Server (Server.java:run(1562)) - IPC Server Responder: starting
2024-02-27 21:36:33,308 [IPC Server listener on 15001] INFO  ipc.Server (Server.java:run(1402)) - IPC Server listener on 15001: starting
2024-02-27 21:36:33,317 [main] INFO  server.SCMDatanodeProtocolServer (SCMDatanodeProtocolServer.java:start(194)) - ScmDatanodeProtocol RPC server for DataNodes is listening at /0.0.0.0:15002
2024-02-27 21:36:33,318 [IPC Server Responder] INFO  ipc.Server (Server.java:run(1562)) - IPC Server Responder: starting
2024-02-27 21:36:33,318 [IPC Server listener on 15002] INFO  ipc.Server (Server.java:run(1402)) - IPC Server listener on 15002: starting
2024-02-27 21:36:33,334 [JvmPauseMonitor0] INFO  util.JvmPauseMonitor (JvmPauseMonitor.java:run(146)) - JvmPauseMonitor-e39af6bb-8bb8-4a9d-bfdd-c3ec8e2ac14d: Started
2024-02-27 21:36:33,342 [main] INFO  http.BaseHttpServer (BaseHttpServer.java:newHttpServer2BuilderForOzone(223)) - Starting Web-server for scm at: http://0.0.0.0:15003
2024-02-27 21:36:33,342 [main] INFO  http.BaseHttpServer (BaseHttpServer.java:<init>(110)) - Hadoop Security Enabled: false Ozone Security Enabled: false Ozone HTTP Security Enabled: false 
2024-02-27 21:36:33,359 [main] INFO  util.log (Log.java:initialized(170)) - Logging initialized @3702ms to org.eclipse.jetty.util.log.Slf4jLog
2024-02-27 21:36:33,435 [main] WARN  server.AuthenticationFilter (AuthenticationFilter.java:constructSecretProvider(240)) - Unable to initialize FileSignerSecretProvider, falling back to use random secrets. Reason: Could not read signature secret file: /home/runner/hadoop-http-auth-signature-secret
2024-02-27 21:36:33,438 [main] INFO  http.HttpRequestLog (HttpRequestLog.java:getRequestLog(86)) - Http request log for http.requests.scm is not defined
2024-02-27 21:36:33,443 [main] INFO  http.HttpServer2 (HttpServer2.java:addGlobalFilter(1036)) - Added global filter 'safety' (class=org.apache.hadoop.hdds.server.http.HttpServer2$QuotingInputFilter)
2024-02-27 21:36:33,445 [main] INFO  http.HttpServer2 (HttpServer2.java:addFilter(1012)) - Added filter static_user_filter (class=org.apache.hadoop.http.lib.StaticUserWebFilter$StaticUserFilter) to context scm
2024-02-27 21:36:33,445 [main] INFO  http.HttpServer2 (HttpServer2.java:addFilter(1020)) - Added filter static_user_filter (class=org.apache.hadoop.http.lib.StaticUserWebFilter$StaticUserFilter) to context logs
2024-02-27 21:36:33,445 [main] INFO  http.HttpServer2 (HttpServer2.java:addFilter(1020)) - Added filter static_user_filter (class=org.apache.hadoop.http.lib.StaticUserWebFilter$StaticUserFilter) to context static
2024-02-27 21:36:33,468 [main] INFO  http.BaseHttpServer (BaseHttpServer.java:<init>(189)) - HTTP server of scm uses base directory /home/runner/work/ozone/ozone/hadoop-ozone/integration-test/target/test-dir/MiniOzoneClusterImpl-377bd28b-19ec-4c3d-8af6-29a7f1113b2b/ozone-meta/webserver
2024-02-27 21:36:33,469 [main] INFO  http.HttpServer2 (HttpServer2.java:bindListener(1236)) - Jetty bound to port 15003
2024-02-27 21:36:33,470 [main] INFO  server.Server (Server.java:doStart(375)) - jetty-9.4.53.v20231009; built: 2023-10-09T12:29:09.265Z; git: 27bde00a0b95a1d5bbee0eae7984f891d2d0f8c9; jvm 1.8.0_402-b06
2024-02-27 21:36:33,487 [main] INFO  server.session (DefaultSessionIdManager.java:doStart(334)) - DefaultSessionIdManager workerName=node0
2024-02-27 21:36:33,487 [main] INFO  server.session (DefaultSessionIdManager.java:doStart(339)) - No SessionScavenger set, using defaults
2024-02-27 21:36:33,488 [main] INFO  server.session (HouseKeeper.java:startScavenging(132)) - node0 Scavenging every 660000ms
2024-02-27 21:36:33,496 [main] INFO  handler.ContextHandler (ContextHandler.java:doStart(921)) - Started o.e.j.s.ServletContextHandler@31e3b882{logs,/logs,file:///home/runner/work/ozone/ozone/hadoop-ozone/integration-test/target/log,AVAILABLE}
2024-02-27 21:36:33,497 [main] INFO  handler.ContextHandler (ContextHandler.java:doStart(921)) - Started o.e.j.s.ServletContextHandler@17d606c9{static,/static,file:///home/runner/work/ozone/ozone/hadoop-ozone/integration-test/target/test-classes/webapps/static,AVAILABLE}
2024-02-27 21:36:33,524 [main] INFO  handler.ContextHandler (ContextHandler.java:doStart(921)) - Started o.e.j.w.WebAppContext@5016934{scm,/,file:///home/runner/work/ozone/ozone/hadoop-ozone/integration-test/target/test-classes/webapps/scm/,AVAILABLE}{file:/home/runner/work/ozone/ozone/hadoop-ozone/integration-test/target/test-classes/webapps/scm}
2024-02-27 21:36:33,529 [main] INFO  server.AbstractConnector (AbstractConnector.java:doStart(333)) - Started ServerConnector@996126b{HTTP/1.1, (http/1.1)}{0.0.0.0:15003}
2024-02-27 21:36:33,529 [main] INFO  server.Server (Server.java:doStart(415)) - Started @3873ms
2024-02-27 21:36:33,531 [main] INFO  impl.MetricsSinkAdapter (MetricsSinkAdapter.java:start(204)) - Sink prometheus started
2024-02-27 21:36:33,531 [main] INFO  impl.MetricsSystemImpl (MetricsSystemImpl.java:registerSink(305)) - Registered sink prometheus
2024-02-27 21:36:33,532 [main] INFO  http.BaseHttpServer (BaseHttpServer.java:updateConnectorAddress(354)) - HTTP server of scm listening at http://0.0.0.0:15003
2024-02-27 21:36:33,535 [main] WARN  server.ServerUtils (ServerUtils.java:getDBPath(299)) - ozone.om.db.dirs is not configured. We recommend adding this setting. Falling back to ozone.metadata.dirs instead.
2024-02-27 21:36:33,589 [main] INFO  audit.AuditLogger (AuditLogger.java:refreshDebugCmdSet(135)) - Refresh DebugCmdSet for OMAudit to [].
2024-02-27 21:36:33,659 [main] INFO  ha.OMHANodeDetails (OMHANodeDetails.java:loadOMHAConfig(115)) - ozone.om.internal.service.id is not defined, falling back to ozone.om.service.ids to find serviceID for OzoneManager if it is HA enabled cluster
2024-02-27 21:36:33,661 [main] INFO  ha.OMHANodeDetails (OMHANodeDetails.java:loadOMHAConfig(226)) - Configuration does not have ozone.om.address set. Falling back to the default OM address /127.0.0.1:15004
2024-02-27 21:36:33,662 [main] INFO  ha.OMHANodeDetails (OMHANodeDetails.java:getOMNodeDetailsForNonHA(254)) - OM Service ID is not set. Setting it to the default ID: omServiceIdDefault
2024-02-27 21:36:33,662 [main] INFO  ha.OMHANodeDetails (OMHANodeDetails.java:getOMNodeDetailsForNonHA(261)) - OM Node ID is not set. Setting it to the default ID: om1
2024-02-27 21:36:33,665 [main] WARN  server.ServerUtils (ServerUtils.java:getDBPath(299)) - ozone.om.db.dirs is not configured. We recommend adding this setting. Falling back to ozone.metadata.dirs instead.
2024-02-27 21:36:33,670 [main] INFO  upgrade.AbstractLayoutVersionManager (AbstractLayoutVersionManager.java:init(83)) - Initializing Layout version manager with metadata layout = QUOTA (version = 6), software layout = QUOTA (version = 6)
2024-02-27 21:36:33,736 [main] INFO  upgrade.OMLayoutVersionManager (OMLayoutVersionManager.java:lambda$0(113)) - Skipping Upgrade Action MockOmUpgradeAction since it has been finalized.
2024-02-27 21:36:33,736 [main] INFO  upgrade.OMLayoutVersionManager (OMLayoutVersionManager.java:lambda$0(113)) - Skipping Upgrade Action QuotaRepairUpgradeAction since it has been finalized.
2024-02-27 21:36:33,738 [main] WARN  server.ServerUtils (ServerUtils.java:getDBPath(299)) - ozone.om.db.dirs is not configured. We recommend adding this setting. Falling back to ozone.metadata.dirs instead.
2024-02-27 21:36:33,889 [main] INFO  proxy.SCMBlockLocationFailoverProxyProvider (SCMBlockLocationFailoverProxyProvider.java:<init>(115)) - Created block location fail-over proxy with 1 nodes: [nodeId=scmNodeId,nodeAddress=/0.0.0.0:15001]
2024-02-27 21:36:33,921 [main] INFO  proxy.SCMBlockLocationFailoverProxyProvider (SCMBlockLocationFailoverProxyProvider.java:<init>(115)) - Created block location fail-over proxy with 1 nodes: [nodeId=scmNodeId,nodeAddress=/0.0.0.0:15001]
2024-02-27 21:36:34,096 [main] INFO  om.OzoneManager (OzoneManager.java:<init>(672)) - OM start with adminUsers: [runner]
2024-02-27 21:36:34,129 [main] WARN  server.ServerUtils (ServerUtils.java:getDBPath(299)) - ozone.om.db.dirs is not configured. We recommend adding this setting. Falling back to ozone.metadata.dirs instead.
2024-02-27 21:36:34,157 [main] INFO  helpers.OmKeyInfo (OmKeyInfo.java:getCodec(71)) - OmKeyInfo.getCodec ignorePipeline = true
2024-02-27 21:36:34,389 [main] INFO  om.OzoneManager (OzoneManager.java:instantiateServices(804)) - S3 Multi-Tenancy is disabled
2024-02-27 21:36:34,411 [main] INFO  om.OmSnapshotManager (OmSnapshotManager.java:<init>(177)) - Ozone filesystem snapshot feature is enabled.
2024-02-27 21:36:34,417 [main] WARN  server.ServerUtils (ServerUtils.java:getDBPath(299)) - ozone.om.snapshot.diff.db.dir is not configured. We recommend adding this setting. Falling back to ozone.metadata.dirs instead.
2024-02-27 21:36:34,444 [main] INFO  utils.NativeLibraryLoader (NativeLibraryLoader.java:loadLibrary(108)) - Loading Library: ozone_rocksdb_tools
2024-02-27 21:36:34,445 [main] ERROR snapshot.SnapshotDiffManager (SnapshotDiffManager.java:initNativeLibraryForEfficientDiff(287)) - Native Library for raw sst file reading loading failed.
org.apache.hadoop.hdds.utils.NativeLibraryNotLoadedException: Unable to load library ozone_rocksdb_tools from both java.library.path & resource file libozone_rocksdb_tools.so from jar.
	at org.apache.hadoop.hdds.utils.db.managed.ManagedRawSSTFileReader.loadLibrary(ManagedRawSSTFileReader.java:38)
	at org.apache.hadoop.ozone.om.snapshot.SnapshotDiffManager.initNativeLibraryForEfficientDiff(SnapshotDiffManager.java:285)
	at org.apache.hadoop.ozone.om.snapshot.SnapshotDiffManager.<init>(SnapshotDiffManager.java:259)
	at org.apache.hadoop.ozone.om.OmSnapshotManager.<init>(OmSnapshotManager.java:279)
	at org.apache.hadoop.ozone.om.OzoneManager.instantiateServices(OzoneManager.java:856)
	at org.apache.hadoop.ozone.om.OzoneManager.<init>(OzoneManager.java:682)
	at org.apache.hadoop.ozone.om.OzoneManager.createOm(OzoneManager.java:767)
	at org.apache.hadoop.ozone.MiniOzoneClusterImpl$Builder.createOM(MiniOzoneClusterImpl.java:688)
	at org.apache.hadoop.ozone.MiniOzoneClusterImpl$Builder.createAndStartSingleOM(MiniOzoneClusterImpl.java:672)
	at org.apache.hadoop.ozone.MiniOzoneClusterImpl$Builder.build(MiniOzoneClusterImpl.java:536)
	at org.apache.hadoop.hdds.scm.pipeline.TestRatisPipelineCreateAndDestroy.init(TestRatisPipelineCreateAndDestroy.java:68)
	at org.apache.hadoop.hdds.scm.pipeline.TestRatisPipelineCreateAndDestroy.testAutomaticPipelineCreationOnPipelineDestroy(TestRatisPipelineCreateAndDestroy.java:83)
	at sun.reflect.NativeMethodAccessorImpl.invoke0(Native Method)
	at sun.reflect.NativeMethodAccessorImpl.invoke(NativeMethodAccessorImpl.java:62)
	at sun.reflect.DelegatingMethodAccessorImpl.invoke(DelegatingMethodAccessorImpl.java:43)
	at java.lang.reflect.Method.invoke(Method.java:498)
	at org.junit.platform.commons.util.ReflectionUtils.invokeMethod(ReflectionUtils.java:728)
	at org.junit.jupiter.engine.execution.MethodInvocation.proceed(MethodInvocation.java:60)
	at org.junit.jupiter.engine.execution.InvocationInterceptorChain$ValidatingInvocation.proceed(InvocationInterceptorChain.java:131)
	at org.junit.jupiter.engine.extension.SameThreadTimeoutInvocation.proceed(SameThreadTimeoutInvocation.java:45)
	at org.junit.jupiter.engine.extension.TimeoutExtension.intercept(TimeoutExtension.java:156)
	at org.junit.jupiter.engine.extension.TimeoutExtension.interceptTestableMethod(TimeoutExtension.java:147)
	at org.junit.jupiter.engine.extension.TimeoutExtension.interceptTestMethod(TimeoutExtension.java:86)
	at org.junit.jupiter.engine.execution.InterceptingExecutableInvoker$ReflectiveInterceptorCall.lambda$ofVoidMethod$0(InterceptingExecutableInvoker.java:103)
	at org.junit.jupiter.engine.execution.InterceptingExecutableInvoker.lambda$invoke$0(InterceptingExecutableInvoker.java:93)
	at org.junit.jupiter.engine.execution.InvocationInterceptorChain$InterceptedInvocation.proceed(InvocationInterceptorChain.java:106)
	at org.junit.jupiter.engine.execution.InvocationInterceptorChain.proceed(InvocationInterceptorChain.java:64)
	at org.junit.jupiter.engine.execution.InvocationInterceptorChain.chainAndInvoke(InvocationInterceptorChain.java:45)
	at org.junit.jupiter.engine.execution.InvocationInterceptorChain.invoke(InvocationInterceptorChain.java:37)
	at org.junit.jupiter.engine.execution.InterceptingExecutableInvoker.invoke(InterceptingExecutableInvoker.java:92)
	at org.junit.jupiter.engine.execution.InterceptingExecutableInvoker.invoke(InterceptingExecutableInvoker.java:86)
	at org.junit.jupiter.engine.descriptor.TestMethodTestDescriptor.lambda$invokeTestMethod$7(TestMethodTestDescriptor.java:218)
	at org.junit.platform.engine.support.hierarchical.ThrowableCollector.execute(ThrowableCollector.java:73)
	at org.junit.jupiter.engine.descriptor.TestMethodTestDescriptor.invokeTestMethod(TestMethodTestDescriptor.java:214)
	at org.junit.jupiter.engine.descriptor.TestMethodTestDescriptor.execute(TestMethodTestDescriptor.java:139)
	at org.junit.jupiter.engine.descriptor.TestMethodTestDescriptor.execute(TestMethodTestDescriptor.java:69)
	at org.junit.platform.engine.support.hierarchical.NodeTestTask.lambda$executeRecursively$6(NodeTestTask.java:151)
	at org.junit.platform.engine.support.hierarchical.ThrowableCollector.execute(ThrowableCollector.java:73)
	at org.junit.platform.engine.support.hierarchical.NodeTestTask.lambda$executeRecursively$8(NodeTestTask.java:141)
	at org.junit.platform.engine.support.hierarchical.Node.around(Node.java:137)
	at org.junit.platform.engine.support.hierarchical.NodeTestTask.lambda$executeRecursively$9(NodeTestTask.java:139)
	at org.junit.platform.engine.support.hierarchical.ThrowableCollector.execute(ThrowableCollector.java:73)
	at org.junit.platform.engine.support.hierarchical.NodeTestTask.executeRecursively(NodeTestTask.java:138)
	at org.junit.platform.engine.support.hierarchical.NodeTestTask.execute(NodeTestTask.java:95)
	at java.util.ArrayList.forEach(ArrayList.java:1259)
	at org.junit.platform.engine.support.hierarchical.SameThreadHierarchicalTestExecutorService.invokeAll(SameThreadHierarchicalTestExecutorService.java:41)
	at org.junit.platform.engine.support.hierarchical.NodeTestTask.lambda$executeRecursively$6(NodeTestTask.java:155)
	at org.junit.platform.engine.support.hierarchical.ThrowableCollector.execute(ThrowableCollector.java:73)
	at org.junit.platform.engine.support.hierarchical.NodeTestTask.lambda$executeRecursively$8(NodeTestTask.java:141)
	at org.junit.platform.engine.support.hierarchical.Node.around(Node.java:137)
	at org.junit.platform.engine.support.hierarchical.NodeTestTask.lambda$executeRecursively$9(NodeTestTask.java:139)
	at org.junit.platform.engine.support.hierarchical.ThrowableCollector.execute(ThrowableCollector.java:73)
	at org.junit.platform.engine.support.hierarchical.NodeTestTask.executeRecursively(NodeTestTask.java:138)
	at org.junit.platform.engine.support.hierarchical.NodeTestTask.execute(NodeTestTask.java:95)
	at java.util.ArrayList.forEach(ArrayList.java:1259)
	at org.junit.platform.engine.support.hierarchical.SameThreadHierarchicalTestExecutorService.invokeAll(SameThreadHierarchicalTestExecutorService.java:41)
	at org.junit.platform.engine.support.hierarchical.NodeTestTask.lambda$executeRecursively$6(NodeTestTask.java:155)
	at org.junit.platform.engine.support.hierarchical.ThrowableCollector.execute(ThrowableCollector.java:73)
	at org.junit.platform.engine.support.hierarchical.NodeTestTask.lambda$executeRecursively$8(NodeTestTask.java:141)
	at org.junit.platform.engine.support.hierarchical.Node.around(Node.java:137)
	at org.junit.platform.engine.support.hierarchical.NodeTestTask.lambda$executeRecursively$9(NodeTestTask.java:139)
	at org.junit.platform.engine.support.hierarchical.ThrowableCollector.execute(ThrowableCollector.java:73)
	at org.junit.platform.engine.support.hierarchical.NodeTestTask.executeRecursively(NodeTestTask.java:138)
	at org.junit.platform.engine.support.hierarchical.NodeTestTask.execute(NodeTestTask.java:95)
	at org.junit.platform.engine.support.hierarchical.SameThreadHierarchicalTestExecutorService.submit(SameThreadHierarchicalTestExecutorService.java:35)
	at org.junit.platform.engine.support.hierarchical.HierarchicalTestExecutor.execute(HierarchicalTestExecutor.java:57)
	at org.junit.platform.engine.support.hierarchical.HierarchicalTestEngine.execute(HierarchicalTestEngine.java:54)
	at org.junit.platform.launcher.core.EngineExecutionOrchestrator.execute(EngineExecutionOrchestrator.java:198)
	at org.junit.platform.launcher.core.EngineExecutionOrchestrator.execute(EngineExecutionOrchestrator.java:169)
	at org.junit.platform.launcher.core.EngineExecutionOrchestrator.execute(EngineExecutionOrchestrator.java:93)
	at org.junit.platform.launcher.core.EngineExecutionOrchestrator.lambda$execute$0(EngineExecutionOrchestrator.java:58)
	at org.junit.platform.launcher.core.EngineExecutionOrchestrator.withInterceptedStreams(EngineExecutionOrchestrator.java:141)
	at org.junit.platform.launcher.core.EngineExecutionOrchestrator.execute(EngineExecutionOrchestrator.java:57)
	at org.junit.platform.launcher.core.DefaultLauncher.execute(DefaultLauncher.java:103)
	at org.junit.platform.launcher.core.DefaultLauncher.execute(DefaultLauncher.java:85)
	at org.junit.platform.launcher.core.DelegatingLauncher.execute(DelegatingLauncher.java:47)
	at org.junit.platform.launcher.core.SessionPerRequestLauncher.execute(SessionPerRequestLauncher.java:63)
	at org.apache.maven.surefire.junitplatform.JUnitPlatformProvider.execute(JUnitPlatformProvider.java:188)
	at org.apache.maven.surefire.junitplatform.JUnitPlatformProvider.invokeAllTests(JUnitPlatformProvider.java:154)
	at org.apache.maven.surefire.junitplatform.JUnitPlatformProvider.invoke(JUnitPlatformProvider.java:124)
	at org.apache.maven.surefire.booter.ForkedBooter.runSuitesInProcess(ForkedBooter.java:428)
	at org.apache.maven.surefire.booter.ForkedBooter.execute(ForkedBooter.java:162)
	at org.apache.maven.surefire.booter.ForkedBooter.run(ForkedBooter.java:562)
	at org.apache.maven.surefire.booter.ForkedBooter.main(ForkedBooter.java:548)
2024-02-27 21:36:34,493 [main] INFO  om.OzoneManager (OzoneManager.java:addS3GVolumeToDB(4425)) - Created Volume s3v With Owner runner required for S3Gateway operations.
2024-02-27 21:36:34,541 [main] WARN  server.ServerUtils (ServerUtils.java:getDefaultRatisDirectory(311)) - Storage directory for Ratis is not configured. It is a good idea to map this to an SSD disk. Falling back to ozone.metadata.dirs
2024-02-27 21:36:34,542 [main] WARN  utils.OzoneManagerRatisUtils (OzoneManagerRatisUtils.java:getOMRatisSnapshotDirectory(476)) - ozone.om.ratis.snapshot.dir is not configured. Falling back to ozone.metadata.dirs config
2024-02-27 21:36:34,552 [main] WARN  server.ServerUtils (ServerUtils.java:getDefaultRatisDirectory(311)) - Storage directory for Ratis is not configured. It is a good idea to map this to an SSD disk. Falling back to ozone.metadata.dirs
2024-02-27 21:36:34,569 [main] INFO  ratis.OzoneManagerRatisServer (OzoneManagerRatisServer.java:<init>(167)) - Instantiating OM Ratis server with groupID: omServiceIdDefault and peers: localhost:15007
2024-02-27 21:36:34,575 [main] INFO  ratis.OzoneManagerStateMachine (OzoneManagerStateMachine.java:loadSnapshotInfoFromDB(576)) - TransactionInfo not found in OM DB.
2024-02-27 21:36:34,621 [main] INFO  server.RaftServer (ConfUtils.java:logGet(46)) - raft.rpc.type = GRPC (default)
2024-02-27 21:36:34,627 [main] INFO  grpc.GrpcConfigKeys (ConfUtils.java:logFallback(53)) - raft.grpc.admin.host = null (fallback to raft.grpc.server.host)
2024-02-27 21:36:34,628 [main] INFO  grpc.GrpcConfigKeys (ConfUtils.java:logFallback(53)) - raft.grpc.admin.port = 15007 (fallback to raft.grpc.server.port)
2024-02-27 21:36:34,628 [main] INFO  grpc.GrpcConfigKeys (ConfUtils.java:logFallback(53)) - raft.grpc.client.host = null (fallback to raft.grpc.server.host)
2024-02-27 21:36:34,628 [main] INFO  grpc.GrpcConfigKeys (ConfUtils.java:logFallback(53)) - raft.grpc.client.port = 15007 (fallback to raft.grpc.server.port)
2024-02-27 21:36:34,629 [main] INFO  grpc.GrpcConfigKeys (ConfUtils.java:logGet(46)) - raft.grpc.server.host = null (default)
2024-02-27 21:36:34,629 [main] INFO  grpc.GrpcConfigKeys (ConfUtils.java:logGet(46)) - raft.grpc.server.port = 15007 (custom)
2024-02-27 21:36:34,629 [main] INFO  server.GrpcService (ConfUtils.java:logGet(46)) - raft.grpc.message.size.max = 4194304 (custom)
2024-02-27 21:36:34,630 [main] INFO  server.RaftServerConfigKeys (ConfUtils.java:logGet(46)) - raft.server.log.appender.buffer.byte-limit = 4194304 (custom)
2024-02-27 21:36:34,631 [main] INFO  server.GrpcService (ConfUtils.java:logGet(46)) - raft.grpc.flow.control.window = 1MB (=1048576) (default)
2024-02-27 21:36:34,632 [main] INFO  server.RaftServerConfigKeys (ConfUtils.java:logGet(46)) - raft.server.rpc.request.timeout = 3000ms (default)
2024-02-27 21:36:34,638 [main] INFO  grpc.GrpcConfigKeys (ConfUtils.java:logGet(46)) - raft.grpc.server.heartbeat.channel = true (default)
2024-02-27 21:36:34,640 [main] INFO  grpc.GrpcConfigKeys (ConfUtils.java:logGet(46)) - raft.grpc.server.async.request.thread.pool.cached = true (default)
2024-02-27 21:36:34,640 [main] INFO  grpc.GrpcConfigKeys (ConfUtils.java:logGet(46)) - raft.grpc.server.async.request.thread.pool.size = 32 (default)
2024-02-27 21:36:34,868 [main] INFO  impl.DataStreamServerImpl (ConfUtils.java:logGet(46)) - raft.datastream.type = DISABLED (default)
2024-02-27 21:36:34,869 [main] INFO  server.RaftServerConfigKeys (ConfUtils.java:logGet(46)) - raft.server.sleep.deviation.threshold = 300ms (default)
2024-02-27 21:36:34,869 [main] INFO  server.RaftServerConfigKeys (ConfUtils.java:logGet(46)) - raft.server.close.threshold = 60s (default)
2024-02-27 21:36:34,870 [main] INFO  server.RaftServerConfigKeys (ConfUtils.java:logGet(46)) - raft.server.leaderelection.leader.step-down.wait-time = 10s (default)
2024-02-27 21:36:34,871 [main] INFO  server.RaftServerConfigKeys (ConfUtils.java:logGet(46)) - raft.server.storage.dir = [/home/runner/work/ozone/ozone/hadoop-ozone/integration-test/target/test-dir/MiniOzoneClusterImpl-377bd28b-19ec-4c3d-8af6-29a7f1113b2b/ozone-meta/ratis] (custom)
2024-02-27 21:36:34,872 [main] INFO  server.RaftServerConfigKeys (ConfUtils.java:logGet(46)) - raft.server.threadpool.proxy.cached = true (default)
2024-02-27 21:36:34,872 [main] INFO  server.RaftServerConfigKeys (ConfUtils.java:logGet(46)) - raft.server.threadpool.proxy.size = 0 (default)
2024-02-27 21:36:34,877 [main] INFO  server.RaftServer (RaftServerProxy.java:addNew(100)) - om1: addNew group-C5BA1605619E:[om1|localhost:15007] returns group-C5BA1605619E:java.util.concurrent.CompletableFuture@7856f5e7[Not completed]
2024-02-27 21:36:34,878 [main] INFO  om.OzoneManager (OzoneManager.java:initializeRatisServer(2140)) - OzoneManager Ratis server initialized at port 15007
2024-02-27 21:36:34,881 [main] INFO  om.OzoneManager (OzoneManager.java:getRpcServer(1206)) - Creating RPC Server
2024-02-27 21:36:34,885 [om1-groupManagement] INFO  server.RaftServer$Division (RaftServerImpl.java:<init>(256)) - om1: new RaftServerImpl for group-C5BA1605619E:[om1|localhost:15007] with OzoneManagerStateMachine:uninitialized
2024-02-27 21:36:34,887 [om1-groupManagement] INFO  server.RaftServerConfigKeys (ConfUtils.java:logGet(46)) - raft.server.rpc.timeout.min = 1s (custom)
2024-02-27 21:36:34,888 [om1-groupManagement] INFO  server.RaftServerConfigKeys (ConfUtils.java:logGet(46)) - raft.server.rpc.timeout.max = 1200ms (custom)
2024-02-27 21:36:34,888 [om1-groupManagement] INFO  server.RaftServerConfigKeys (ConfUtils.java:logGet(46)) - raft.server.rpc.sleep.time = 25ms (default)
2024-02-27 21:36:34,888 [om1-groupManagement] INFO  server.RaftServerConfigKeys (ConfUtils.java:logGet(46)) - raft.server.rpc.slowness.timeout = 120s (custom)
2024-02-27 21:36:34,888 [om1-groupManagement] INFO  server.RaftServerConfigKeys (ConfUtils.java:logGet(46)) - raft.server.leaderelection.leader.step-down.wait-time = 10s (default)
2024-02-27 21:36:34,889 [om1-groupManagement] INFO  server.RaftServerConfigKeys (ConfUtils.java:logGet(46)) - raft.server.leaderelection.member.majority-add = false (default)
2024-02-27 21:36:34,889 [om1-groupManagement] INFO  server.RaftServerConfigKeys (ConfUtils.java:logGet(46)) - raft.server.sleep.deviation.threshold = 300ms (default)
2024-02-27 21:36:34,898 [om1-groupManagement] INFO  server.RaftServer$Division (ServerState.java:<init>(113)) - om1@group-C5BA1605619E: ConfigurationManager, init=-1: peers:[om1|localhost:15007]|listeners:[], old=null, confs=<EMPTY_MAP>
2024-02-27 21:36:34,903 [om1-groupManagement] INFO  server.RaftServerConfigKeys (ConfUtils.java:logGet(46)) - raft.server.notification.no-leader.timeout = 120s (custom)
2024-02-27 21:36:34,905 [om1-groupManagement] INFO  server.RaftServerConfigKeys (ConfUtils.java:logGet(46)) - raft.server.read.timeout = 10s (default)
2024-02-27 21:36:34,908 [om1-groupManagement] INFO  server.RaftServerConfigKeys (ConfUtils.java:logGet(46)) - raft.server.retrycache.expirytime = 300s (custom)
2024-02-27 21:36:34,908 [om1-groupManagement] INFO  server.RaftServerConfigKeys (ConfUtils.java:logGet(46)) - raft.server.retrycache.statistics.expirytime = 100ms (default)
2024-02-27 21:36:34,911 [om1-groupManagement] INFO  server.RaftServerConfigKeys (ConfUtils.java:logGet(46)) - raft.server.read.option = DEFAULT (default)
2024-02-27 21:36:34,912 [om1-groupManagement] INFO  server.RaftServerConfigKeys (ConfUtils.java:logGet(46)) - raft.server.read.read-after-write-consistent.write-index-cache.expiry-time = 60s (default)
2024-02-27 21:36:34,962 [om1-groupManagement] INFO  server.RaftServerConfigKeys (ConfUtils.java:logGet(46)) - raft.server.rpc.request.timeout = 3000ms (default)
2024-02-27 21:36:34,965 [om1-groupManagement] INFO  server.RaftServerConfigKeys (ConfUtils.java:logGet(46)) - raft.server.log.appender.install.snapshot.enabled = false (custom)
2024-02-27 21:36:34,966 [om1-groupManagement] INFO  server.RaftServerConfigKeys (ConfUtils.java:logGet(46)) - raft.server.threadpool.server.cached = true (default)
2024-02-27 21:36:34,967 [om1-groupManagement] INFO  server.RaftServerConfigKeys (ConfUtils.java:logGet(46)) - raft.server.threadpool.server.size = 0 (default)
2024-02-27 21:36:34,967 [om1-groupManagement] INFO  server.RaftServerConfigKeys (ConfUtils.java:logGet(46)) - raft.server.threadpool.client.cached = true (default)
2024-02-27 21:36:34,967 [om1-groupManagement] INFO  server.RaftServerConfigKeys (ConfUtils.java:logGet(46)) - raft.server.threadpool.client.size = 0 (default)
2024-02-27 21:36:35,444 [main] INFO  ipc.CallQueueManager (CallQueueManager.java:<init>(90)) - Using callQueue: class java.util.concurrent.LinkedBlockingQueue, queueCapacity: 2000, scheduler: class org.apache.hadoop.ipc.DefaultRpcScheduler, ipcBackoff: false.
2024-02-27 21:36:35,444 [main] INFO  ipc.Server (Server.java:<init>(1287)) - Listener at 127.0.0.1:15004
2024-02-27 21:36:35,445 [Socket Reader #1 for port 15004] INFO  ipc.Server (Server.java:run(1323)) - Starting Socket Reader #1 for port 15004
2024-02-27 21:36:35,478 [main] INFO  impl.MetricsSystemImpl (MetricsSystemImpl.java:init(158)) - OzoneManager metrics system started (again)
2024-02-27 21:36:35,488 [main] INFO  om.OzoneManager (OzoneManager.java:start(1628)) - OzoneManager RPC server is listening at localhost/127.0.0.1:15004
2024-02-27 21:36:35,489 [main] INFO  ratis.OzoneManagerRatisServer (OzoneManagerRatisServer.java:start(588)) - Starting OzoneManagerRatisServer om1 at port 15007
2024-02-27 21:36:35,493 [om1-impl-thread1] INFO  server.RaftServerConfigKeys (ConfUtils.java:logGet(46)) - raft.server.storage.free-space.min = 0MB (=0) (default)
2024-02-27 21:36:35,493 [om1-impl-thread1] INFO  server.RaftServerConfigKeys (ConfUtils.java:logGet(46)) - raft.server.log.corruption.policy = EXCEPTION (default)
2024-02-27 21:36:35,493 [om1-impl-thread1] INFO  server.RaftServerConfigKeys (ConfUtils.java:logGet(46)) - raft.server.storage.dir = [/home/runner/work/ozone/ozone/hadoop-ozone/integration-test/target/test-dir/MiniOzoneClusterImpl-377bd28b-19ec-4c3d-8af6-29a7f1113b2b/ozone-meta/ratis] (custom)
2024-02-27 21:36:35,497 [om1-impl-thread1] INFO  storage.RaftStorageDirectory (RaftStorageDirectoryImpl.java:analyzeStorage(138)) - The storage directory /home/runner/work/ozone/ozone/hadoop-ozone/integration-test/target/test-dir/MiniOzoneClusterImpl-377bd28b-19ec-4c3d-8af6-29a7f1113b2b/ozone-meta/ratis/bf265839-605b-3f16-9796-c5ba1605619e does not exist. Creating ...
2024-02-27 21:36:35,500 [om1-impl-thread1] INFO  storage.RaftStorageDirectory (RaftStorageDirectoryImpl.java:tryLock(228)) - Lock on /home/runner/work/ozone/ozone/hadoop-ozone/integration-test/target/test-dir/MiniOzoneClusterImpl-377bd28b-19ec-4c3d-8af6-29a7f1113b2b/ozone-meta/ratis/bf265839-605b-3f16-9796-c5ba1605619e/in_use.lock acquired by nodename 32143@fv-az531-651
2024-02-27 21:36:35,505 [om1-impl-thread1] INFO  storage.RaftStorage (RaftStorageImpl.java:format(99)) - Storage directory /home/runner/work/ozone/ozone/hadoop-ozone/integration-test/target/test-dir/MiniOzoneClusterImpl-377bd28b-19ec-4c3d-8af6-29a7f1113b2b/ozone-meta/ratis/bf265839-605b-3f16-9796-c5ba1605619e has been successfully formatted.
2024-02-27 21:36:35,506 [om1-impl-thread1] WARN  util.FileUtils (LogUtils.java:supplyAndLog(63)) - Failed to Files.newInputStream /home/runner/work/ozone/ozone/hadoop-ozone/integration-test/target/test-dir/MiniOzoneClusterImpl-377bd28b-19ec-4c3d-8af6-29a7f1113b2b/ozone-meta/ratis/bf265839-605b-3f16-9796-c5ba1605619e/current/raft-meta.conf with options []: java.nio.file.NoSuchFileException: /home/runner/work/ozone/ozone/hadoop-ozone/integration-test/target/test-dir/MiniOzoneClusterImpl-377bd28b-19ec-4c3d-8af6-29a7f1113b2b/ozone-meta/ratis/bf265839-605b-3f16-9796-c5ba1605619e/current/raft-meta.conf
2024-02-27 21:36:35,508 [om1-impl-thread1] INFO  server.RaftServerConfigKeys (ConfUtils.java:logGet(46)) - raft.server.log.use.memory = false (default)
2024-02-27 21:36:35,514 [om1-impl-thread1] INFO  server.RaftServerConfigKeys (ConfUtils.java:logGet(46)) - raft.server.log.purge.gap = 1000000 (custom)
2024-02-27 21:36:35,515 [om1-impl-thread1] INFO  server.RaftServerConfigKeys (ConfUtils.java:logGet(46)) - raft.server.log.appender.buffer.byte-limit = 4194304 (custom)
2024-02-27 21:36:35,516 [om1-impl-thread1] INFO  server.RaftServerConfigKeys (ConfUtils.java:logGet(46)) - raft.server.log.statemachine.data.read.timeout = 1000ms (default)
2024-02-27 21:36:35,517 [om1-impl-thread1] INFO  server.RaftServerConfigKeys (ConfUtils.java:logGet(46)) - raft.server.log.purge.preservation.log.num = 0 (default)
2024-02-27 21:36:35,520 [om1-impl-thread1] INFO  server.RaftServerConfigKeys (ConfUtils.java:logGet(46)) - raft.server.log.segment.size.max = 4194304 (custom)
2024-02-27 21:36:35,525 [om1-impl-thread1] INFO  server.RaftServerConfigKeys (ConfUtils.java:logGet(46)) - raft.server.log.segment.cache.num.max = 2 (custom)
2024-02-27 21:36:35,526 [om1-impl-thread1] INFO  server.RaftServerConfigKeys (ConfUtils.java:logGet(46)) - raft.server.log.segment.cache.size.max = 200MB (=209715200) (default)
2024-02-27 21:36:35,526 [om1-impl-thread1] INFO  server.RaftServerConfigKeys (ConfUtils.java:logGet(46)) - raft.server.log.appender.buffer.byte-limit = 4194304 (custom)
2024-02-27 21:36:35,527 [om1-impl-thread1] INFO  util.AwaitToRun (AwaitToRun.java:start(81)) - Thread[om1@group-C5BA1605619E-cacheEviction-AwaitToRun,5,main] started
2024-02-27 21:36:35,531 [om1-impl-thread1] INFO  segmented.SegmentedRaftLogWorker (SegmentedRaftLogWorker.java:<init>(182)) - new om1@group-C5BA1605619E-SegmentedRaftLogWorker for RaftStorageImpl:Storage Directory /home/runner/work/ozone/ozone/hadoop-ozone/integration-test/target/test-dir/MiniOzoneClusterImpl-377bd28b-19ec-4c3d-8af6-29a7f1113b2b/ozone-meta/ratis/bf265839-605b-3f16-9796-c5ba1605619e
2024-02-27 21:36:35,532 [om1-impl-thread1] INFO  server.RaftServerConfigKeys (ConfUtils.java:logGet(46)) - raft.server.log.queue.byte-limit = 64MB (=67108864) (default)
2024-02-27 21:36:35,532 [om1-impl-thread1] INFO  server.RaftServerConfigKeys (ConfUtils.java:logGet(46)) - raft.server.log.queue.element-limit = 4096 (default)
2024-02-27 21:36:35,534 [om1-impl-thread1] INFO  server.RaftServerConfigKeys (ConfUtils.java:logGet(46)) - raft.server.log.segment.size.max = 4194304 (custom)
2024-02-27 21:36:35,534 [om1-impl-thread1] INFO  server.RaftServerConfigKeys (ConfUtils.java:logGet(46)) - raft.server.log.preallocated.size = 4194304 (custom)
2024-02-27 21:36:35,534 [om1-impl-thread1] INFO  server.RaftServerConfigKeys (ConfUtils.java:logGet(46)) - raft.server.log.force.sync.num = 128 (default)
2024-02-27 21:36:35,535 [om1-impl-thread1] INFO  server.RaftServerConfigKeys (ConfUtils.java:logGet(46)) - raft.server.log.statemachine.data.sync = true (default)
2024-02-27 21:36:35,536 [om1-impl-thread1] INFO  server.RaftServerConfigKeys (ConfUtils.java:logGet(46)) - raft.server.log.statemachine.data.sync.timeout = 10s (default)
2024-02-27 21:36:35,540 [om1-impl-thread1] INFO  server.RaftServerConfigKeys (ConfUtils.java:logGet(46)) - raft.server.log.statemachine.data.sync.timeout.retry = -1 (default)
2024-02-27 21:36:35,543 [om1-impl-thread1] INFO  server.RaftServerConfigKeys (ConfUtils.java:logGet(46)) - raft.server.log.write.buffer.size = 4194312 (custom)
2024-02-27 21:36:35,544 [om1-impl-thread1] INFO  server.RaftServerConfigKeys (ConfUtils.java:logGet(46)) - raft.server.log.appender.buffer.byte-limit = 4194304 (custom)
2024-02-27 21:36:35,545 [om1-impl-thread1] INFO  server.RaftServerConfigKeys (ConfUtils.java:logGet(46)) - raft.server.log.unsafe-flush.enabled = false (default)
2024-02-27 21:36:35,545 [om1-impl-thread1] INFO  server.RaftServerConfigKeys (ConfUtils.java:logGet(46)) - raft.server.log.async-flush.enabled = false (default)
2024-02-27 21:36:35,545 [om1-impl-thread1] INFO  server.RaftServerConfigKeys (ConfUtils.java:logGet(46)) - raft.server.log.statemachine.data.caching.enabled = false (default)
2024-02-27 21:36:35,550 [om1-impl-thread1] INFO  segmented.SegmentedRaftLogWorker (SegmentedRaftLogWorker.java:lambda$new$0(134)) - om1@group-C5BA1605619E-SegmentedRaftLogWorker: flushIndex: setUnconditionally 0 -> -1
2024-02-27 21:36:35,550 [om1-impl-thread1] INFO  segmented.SegmentedRaftLogWorker (SegmentedRaftLogWorker.java:lambda$new$0(134)) - om1@group-C5BA1605619E-SegmentedRaftLogWorker: safeCacheEvictIndex: setUnconditionally 0 -> -1
2024-02-27 21:36:35,551 [om1-impl-thread1] INFO  server.RaftServer$Division (RaftServerImpl.java:start(396)) - om1@group-C5BA1605619E: start as a follower, conf=-1: peers:[om1|localhost:15007]|listeners:[], old=null
2024-02-27 21:36:35,552 [om1-impl-thread1] INFO  server.RaftServer$Division (RaftServerImpl.java:setRole(383)) - om1@group-C5BA1605619E: changes role from      null to FOLLOWER at term 0 for startAsFollower
2024-02-27 21:36:35,553 [om1-impl-thread1] INFO  impl.RoleInfo (RoleInfo.java:updateAndGet(139)) - om1: start om1@group-C5BA1605619E-FollowerState
2024-02-27 21:36:35,554 [om1@group-C5BA1605619E-FollowerState] INFO  server.RaftServerConfigKeys (ConfUtils.java:logFallback(53)) - raft.server.rpc.first-election.timeout.min = 1s (fallback to raft.server.rpc.timeout.min)
2024-02-27 21:36:35,558 [om1@group-C5BA1605619E-FollowerState] INFO  server.RaftServerConfigKeys (ConfUtils.java:logFallback(53)) - raft.server.rpc.first-election.timeout.max = 1200ms (fallback to raft.server.rpc.timeout.max)
2024-02-27 21:36:35,559 [om1-impl-thread1] INFO  util.JmxRegister (JmxRegister.java:tryRegister(44)) - Successfully registered JMX Bean with object name Ratis:service=RaftServer,group=group-C5BA1605619E,id=om1
2024-02-27 21:36:35,561 [om1-impl-thread1] INFO  server.RaftServerConfigKeys (ConfUtils.java:logGet(46)) - raft.server.snapshot.trigger-when-stop.enabled = true (default)
2024-02-27 21:36:35,561 [om1-impl-thread1] INFO  server.RaftServerConfigKeys (ConfUtils.java:logGet(46)) - raft.server.snapshot.auto.trigger.enabled = true (custom)
2024-02-27 21:36:35,561 [om1-impl-thread1] INFO  server.RaftServerConfigKeys (ConfUtils.java:logGet(46)) - raft.server.snapshot.auto.trigger.threshold = 400000 (default)
2024-02-27 21:36:35,562 [om1-impl-thread1] INFO  server.RaftServerConfigKeys (ConfUtils.java:logGet(46)) - raft.server.snapshot.retention.file.num = -1 (default)
2024-02-27 21:36:35,562 [om1-impl-thread1] INFO  server.RaftServerConfigKeys (ConfUtils.java:logGet(46)) - raft.server.log.purge.upto.snapshot.index = true (custom)
2024-02-27 21:36:35,567 [main] INFO  server.RaftServer (RaftServerProxy.java:startImpl(406)) - om1: start RPC server
2024-02-27 21:36:35,614 [main] INFO  server.GrpcService (GrpcService.java:startImpl(302)) - om1: GrpcService started, listening on 15007
2024-02-27 21:36:35,615 [JvmPauseMonitor1] INFO  util.JvmPauseMonitor (JvmPauseMonitor.java:run(146)) - JvmPauseMonitor-om1: Started
2024-02-27 21:36:35,616 [main] INFO  om.OzoneManager (OzoneManager.java:start(1644)) - Version File has different layout version (6) than OM DB (null). That is expected if this OM has never been finalized to a newer layout version.
2024-02-27 21:36:35,644 [main] INFO  http.BaseHttpServer (BaseHttpServer.java:newHttpServer2BuilderForOzone(223)) - Starting Web-server for ozoneManager at: http://0.0.0.0:15005
2024-02-27 21:36:35,644 [main] INFO  http.BaseHttpServer (BaseHttpServer.java:<init>(110)) - Hadoop Security Enabled: false Ozone Security Enabled: false Ozone HTTP Security Enabled: false 
2024-02-27 21:36:35,646 [main] WARN  server.AuthenticationFilter (AuthenticationFilter.java:constructSecretProvider(240)) - Unable to initialize FileSignerSecretProvider, falling back to use random secrets. Reason: Could not read signature secret file: /home/runner/hadoop-http-auth-signature-secret
2024-02-27 21:36:35,648 [main] INFO  http.HttpRequestLog (HttpRequestLog.java:getRequestLog(86)) - Http request log for http.requests.ozoneManager is not defined
2024-02-27 21:36:35,652 [main] INFO  http.HttpServer2 (HttpServer2.java:addGlobalFilter(1036)) - Added global filter 'safety' (class=org.apache.hadoop.hdds.server.http.HttpServer2$QuotingInputFilter)
2024-02-27 21:36:35,653 [main] INFO  http.HttpServer2 (HttpServer2.java:addFilter(1012)) - Added filter static_user_filter (class=org.apache.hadoop.http.lib.StaticUserWebFilter$StaticUserFilter) to context ozoneManager
2024-02-27 21:36:35,655 [main] INFO  http.HttpServer2 (HttpServer2.java:addFilter(1020)) - Added filter static_user_filter (class=org.apache.hadoop.http.lib.StaticUserWebFilter$StaticUserFilter) to context logs
2024-02-27 21:36:35,655 [main] INFO  http.HttpServer2 (HttpServer2.java:addFilter(1020)) - Added filter static_user_filter (class=org.apache.hadoop.http.lib.StaticUserWebFilter$StaticUserFilter) to context static
2024-02-27 21:36:35,658 [main] INFO  http.BaseHttpServer (BaseHttpServer.java:<init>(189)) - HTTP server of ozoneManager uses base directory /home/runner/work/ozone/ozone/hadoop-ozone/integration-test/target/test-dir/MiniOzoneClusterImpl-377bd28b-19ec-4c3d-8af6-29a7f1113b2b/ozone-meta/webserver
2024-02-27 21:36:35,661 [main] INFO  http.HttpServer2 (HttpServer2.java:bindListener(1236)) - Jetty bound to port 15005
2024-02-27 21:36:35,661 [main] INFO  server.Server (Server.java:doStart(375)) - jetty-9.4.53.v20231009; built: 2023-10-09T12:29:09.265Z; git: 27bde00a0b95a1d5bbee0eae7984f891d2d0f8c9; jvm 1.8.0_402-b06
2024-02-27 21:36:35,667 [main] INFO  server.session (DefaultSessionIdManager.java:doStart(334)) - DefaultSessionIdManager workerName=node0
2024-02-27 21:36:35,667 [main] INFO  server.session (DefaultSessionIdManager.java:doStart(339)) - No SessionScavenger set, using defaults
2024-02-27 21:36:35,667 [main] INFO  server.session (HouseKeeper.java:startScavenging(132)) - node0 Scavenging every 600000ms
2024-02-27 21:36:35,668 [main] INFO  handler.ContextHandler (ContextHandler.java:doStart(921)) - Started o.e.j.s.ServletContextHandler@44bff65c{logs,/logs,file:///home/runner/work/ozone/ozone/hadoop-ozone/integration-test/target/log,AVAILABLE}
2024-02-27 21:36:35,669 [main] INFO  handler.ContextHandler (ContextHandler.java:doStart(921)) - Started o.e.j.s.ServletContextHandler@7c8c5798{static,/static,file:///home/runner/work/ozone/ozone/hadoop-ozone/integration-test/target/test-classes/webapps/static,AVAILABLE}
2024-02-27 21:36:35,674 [main] INFO  handler.ContextHandler (ContextHandler.java:doStart(921)) - Started o.e.j.w.WebAppContext@2f98755d{ozoneManager,/,file:///home/runner/work/ozone/ozone/hadoop-ozone/integration-test/target/test-classes/webapps/ozoneManager/,AVAILABLE}{file:/home/runner/work/ozone/ozone/hadoop-ozone/integration-test/target/test-classes/webapps/ozoneManager}
2024-02-27 21:36:35,679 [main] INFO  server.AbstractConnector (AbstractConnector.java:doStart(333)) - Started ServerConnector@2770db6d{HTTP/1.1, (http/1.1)}{0.0.0.0:15005}
2024-02-27 21:36:35,680 [main] INFO  server.Server (Server.java:doStart(415)) - Started @6023ms
2024-02-27 21:36:35,680 [main] WARN  impl.MetricsSystemImpl (MetricsSystemImpl.java:register(279)) - Sink prometheus already exists!
2024-02-27 21:36:35,681 [main] INFO  http.BaseHttpServer (BaseHttpServer.java:updateConnectorAddress(354)) - HTTP server of ozoneManager listening at http://0.0.0.0:15005
2024-02-27 21:36:35,682 [IPC Server listener on 15004] INFO  ipc.Server (Server.java:run(1402)) - IPC Server listener on 15004: starting
2024-02-27 21:36:35,682 [IPC Server Responder] INFO  ipc.Server (Server.java:run(1562)) - IPC Server Responder: starting
2024-02-27 21:36:35,705 [main] INFO  om.OzoneManager (OzoneManager.java:startTrashEmptier(2093)) - Trash Interval set to 0. Files deleted won't move to trash
2024-02-27 21:36:35,714 [main] INFO  db.CodecBuffer (CodecBuffer.java:set(63)) - Successfully set constructor to org.apache.hadoop.hdds.utils.db.CodecBuffer$$Lambda$968/361228710@51d9be0b
2024-02-27 21:36:35,821 [main] WARN  dropwizard3.Dm3MetricRegistriesImpl (Dm3MetricRegistriesImpl.java:addReporterRegistration(113)) - New reporters are added after registries were created. Some metrics will be missing from the reporter. Please add reporter before adding any new registry.
2024-02-27 21:36:35,822 [main] WARN  dropwizard3.Dm3MetricRegistriesImpl (Dm3MetricRegistriesImpl.java:addReporterRegistration(113)) - New reporters are added after registries were created. Some metrics will be missing from the reporter. Please add reporter before adding any new registry.
2024-02-27 21:36:35,822 [main] INFO  impl.MetricsSystemImpl (MetricsSystemImpl.java:init(158)) - HddsDatanode metrics system started (again)
2024-02-27 21:36:35,843 [main] INFO  ozone.HddsDatanodeService (HddsDatanodeService.java:start(240)) - HddsDatanodeService host:fv-az531-651.fb1yufaac5hu3gd5gtxiz42tfh.cx.internal.cloudapp.net ip:10.1.0.18
2024-02-27 21:36:35,869 [main] INFO  upgrade.AbstractLayoutVersionManager (AbstractLayoutVersionManager.java:init(83)) - Initializing Layout version manager with metadata layout = HADOOP_PRC_PORTS_IN_DATANODEDETAILS (version = 7), software layout = HADOOP_PRC_PORTS_IN_DATANODEDETAILS (version = 7)
2024-02-27 21:36:35,871 [main] INFO  statemachine.DatanodeStateMachine (DatanodeStateMachine.java:getEndPointTaskThreadPoolSize(299)) - Datanode State Machine Task Thread Pool size 2
2024-02-27 21:36:35,918 [main] INFO  volume.HddsVolume (HddsVolume.java:<init>(125)) - Creating HddsVolume: /home/runner/work/ozone/ozone/hadoop-ozone/integration-test/target/test-dir/MiniOzoneClusterImpl-377bd28b-19ec-4c3d-8af6-29a7f1113b2b/ozone-meta/datanode-1/data-0/hdds of storage type : DISK capacity : 9223372036854775807
2024-02-27 21:36:35,921 [main] INFO  volume.MutableVolumeSet (MutableVolumeSet.java:initializeVolumeSet(173)) - Added Volume : /home/runner/work/ozone/ozone/hadoop-ozone/integration-test/target/test-dir/MiniOzoneClusterImpl-377bd28b-19ec-4c3d-8af6-29a7f1113b2b/ozone-meta/datanode-1/data-0/hdds to VolumeSet
2024-02-27 21:36:35,924 [main] INFO  volume.MutableVolumeSet (MutableVolumeSet.java:initializeVolumeSet(173)) - Added Volume : /home/runner/work/ozone/ozone/hadoop-ozone/integration-test/target/test-dir/MiniOzoneClusterImpl-377bd28b-19ec-4c3d-8af6-29a7f1113b2b/ozone-meta/datanode-1/ratis to VolumeSet
2024-02-27 21:36:35,927 [main] INFO  ozoneimpl.OzoneContainer (HddsVolumeUtil.java:loadAllHddsVolumeDbStore(103)) - Load 1 volumes DbStore cost: 0ms
2024-02-27 21:36:35,970 [main] INFO  audit.AuditLogger (AuditLogger.java:refreshDebugCmdSet(135)) - Refresh DebugCmdSet for DNAudit to [].
2024-02-27 21:36:35,991 [main] INFO  server.RaftServer (ConfUtils.java:logGet(46)) - raft.rpc.type = GRPC (default)
2024-02-27 21:36:35,991 [main] INFO  grpc.GrpcConfigKeys (ConfUtils.java:logFallback(53)) - raft.grpc.admin.host = null (fallback to raft.grpc.server.host)
2024-02-27 21:36:35,991 [main] INFO  grpc.GrpcConfigKeys (ConfUtils.java:logGet(46)) - raft.grpc.admin.port = 15013 (custom)
2024-02-27 21:36:35,992 [main] INFO  grpc.GrpcConfigKeys (ConfUtils.java:logFallback(53)) - raft.grpc.client.host = null (fallback to raft.grpc.server.host)
2024-02-27 21:36:35,992 [main] INFO  grpc.GrpcConfigKeys (ConfUtils.java:logGet(46)) - raft.grpc.client.port = 15012 (custom)
2024-02-27 21:36:35,992 [main] INFO  grpc.GrpcConfigKeys (ConfUtils.java:logGet(46)) - raft.grpc.server.host = null (default)
2024-02-27 21:36:35,992 [main] INFO  grpc.GrpcConfigKeys (ConfUtils.java:logGet(46)) - raft.grpc.server.port = 15014 (custom)
2024-02-27 21:36:35,992 [main] INFO  server.GrpcService (ConfUtils.java:logGet(46)) - raft.grpc.message.size.max = 32MB (=33554432) (custom)
2024-02-27 21:36:35,993 [main] INFO  server.RaftServerConfigKeys (ConfUtils.java:logGet(46)) - raft.server.log.appender.buffer.byte-limit = 8388608 (custom)
2024-02-27 21:36:35,993 [main] INFO  server.GrpcService (ConfUtils.java:logGet(46)) - raft.grpc.flow.control.window = 5MB (=5242880) (custom)
2024-02-27 21:36:35,993 [main] INFO  server.RaftServerConfigKeys (ConfUtils.java:logGet(46)) - raft.server.rpc.request.timeout = 60s (custom)
2024-02-27 21:36:35,994 [main] INFO  grpc.GrpcConfigKeys (ConfUtils.java:logGet(46)) - raft.grpc.server.heartbeat.channel = true (default)
2024-02-27 21:36:35,994 [main] INFO  grpc.GrpcConfigKeys (ConfUtils.java:logGet(46)) - raft.grpc.server.async.request.thread.pool.cached = true (default)
2024-02-27 21:36:35,994 [main] INFO  grpc.GrpcConfigKeys (ConfUtils.java:logGet(46)) - raft.grpc.server.async.request.thread.pool.size = 32 (default)
2024-02-27 21:36:35,997 [main] INFO  impl.DataStreamServerImpl (ConfUtils.java:logGet(46)) - raft.datastream.type = NETTY (custom)
2024-02-27 21:36:36,008 [main] INFO  server.RaftServerConfigKeys (ConfUtils.java:logGet(46)) - raft.server.data-stream.async.request.thread.pool.cached = false (default)
2024-02-27 21:36:36,009 [main] INFO  server.RaftServerConfigKeys (ConfUtils.java:logGet(46)) - raft.server.data-stream.async.request.thread.pool.size = 20 (custom)
2024-02-27 21:36:36,009 [main] INFO  server.RaftServerConfigKeys (ConfUtils.java:logGet(46)) - raft.server.data-stream.async.write.thread.pool.size = 16 (default)
2024-02-27 21:36:36,010 [main] INFO  netty.NettyConfigKeys$DataStream (ConfUtils.java:logGet(46)) - raft.netty.dataStream.server.channel.inactive.grace-period = 10min (default)
2024-02-27 21:36:36,011 [main] INFO  server.RaftServerConfigKeys (ConfUtils.java:logGet(46)) - raft.server.data-stream.client.pool.size = 10 (default)
2024-02-27 21:36:36,013 [main] INFO  netty.NettyConfigKeys$DataStream (ConfUtils.java:logGet(46)) - raft.netty.dataStream.server.use-epoll = true (default)
2024-02-27 21:36:36,013 [main] INFO  netty.NettyConfigKeys$DataStream (ConfUtils.java:logGet(46)) - raft.netty.dataStream.server.boss-group.size = 0 (default)
2024-02-27 21:36:36,014 [main] INFO  netty.NettyUtils (NettyUtils.java:newEventLoopGroup(69)) - Create EpollEventLoopGroup for 46ce47ac-a134-4cce-ba10-4493b406f4b0-NettyServerStreamRpc-bossGroup; Thread size is 0.
2024-02-27 21:36:36,030 [main] INFO  netty.NettyConfigKeys$DataStream (ConfUtils.java:logGet(46)) - raft.netty.dataStream.server.worker-group.size = 0 (default)
2024-02-27 21:36:36,030 [main] INFO  netty.NettyUtils (NettyUtils.java:newEventLoopGroup(69)) - Create EpollEventLoopGroup for 46ce47ac-a134-4cce-ba10-4493b406f4b0-NettyServerStreamRpc-workerGroup; Thread size is 0.
2024-02-27 21:36:36,031 [main] INFO  netty.NettyConfigKeys$DataStream (ConfUtils.java:logGet(46)) - raft.netty.dataStream.server.tls.conf = null (default)
2024-02-27 21:36:36,032 [main] INFO  netty.NettyConfigKeys$DataStream (ConfUtils.java:logGet(46)) - raft.netty.dataStream.host = null (default)
2024-02-27 21:36:36,033 [main] INFO  netty.NettyConfigKeys$DataStream (ConfUtils.java:logGet(46)) - raft.netty.dataStream.port = 15015 (custom)
2024-02-27 21:36:36,038 [main] INFO  server.RaftServerConfigKeys (ConfUtils.java:logGet(46)) - raft.server.sleep.deviation.threshold = 300ms (default)
2024-02-27 21:36:36,038 [main] INFO  server.RaftServerConfigKeys (ConfUtils.java:logGet(46)) - raft.server.close.threshold = 60s (default)
2024-02-27 21:36:36,039 [main] INFO  server.RaftServerConfigKeys (ConfUtils.java:logGet(46)) - raft.server.leaderelection.leader.step-down.wait-time = 10s (default)
2024-02-27 21:36:36,039 [main] INFO  server.RaftServerConfigKeys (ConfUtils.java:logGet(46)) - raft.server.storage.dir = [/home/runner/work/ozone/ozone/hadoop-ozone/integration-test/target/test-dir/MiniOzoneClusterImpl-377bd28b-19ec-4c3d-8af6-29a7f1113b2b/ozone-meta/datanode-1/ratis] (custom)
2024-02-27 21:36:36,039 [main] INFO  server.RaftServerConfigKeys (ConfUtils.java:logGet(46)) - raft.server.threadpool.proxy.cached = true (default)
2024-02-27 21:36:36,040 [main] INFO  server.RaftServerConfigKeys (ConfUtils.java:logGet(46)) - raft.server.threadpool.proxy.size = 0 (default)
2024-02-27 21:36:36,040 [46ce47ac-a134-4cce-ba10-4493b406f4b0-impl-thread1] INFO  server.RaftServer (RaftServerProxy.java:initGroupDir(264)) - 46ce47ac-a134-4cce-ba10-4493b406f4b0: found a subdirectory /home/runner/work/ozone/ozone/hadoop-ozone/integration-test/target/test-dir/MiniOzoneClusterImpl-377bd28b-19ec-4c3d-8af6-29a7f1113b2b/ozone-meta/datanode-1/ratis/tmp
2024-02-27 21:36:36,042 [46ce47ac-a134-4cce-ba10-4493b406f4b0-impl-thread1] INFO  server.RaftServer (RaftServerProxy.java:initGroupDir(269)) - 46ce47ac-a134-4cce-ba10-4493b406f4b0: The directory /home/runner/work/ozone/ozone/hadoop-ozone/integration-test/target/test-dir/MiniOzoneClusterImpl-377bd28b-19ec-4c3d-8af6-29a7f1113b2b/ozone-meta/datanode-1/ratis/tmp is not a group directory; ignoring it. 
2024-02-27 21:36:36,044 [main] INFO  replication.ReplicationServer (ReplicationServer.java:<init>(86)) - Initializing replication server with thread count = 10 queue length = 4096
2024-02-27 21:36:36,047 [46ce47ac-a134-4cce-ba10-4493b406f4b0-NettyServerStreamRpc-bossGroup--thread1] INFO  logging.LoggingHandler (AbstractInternalLogger.java:log(148)) - [id: 0x6d73585f] REGISTERED
2024-02-27 21:36:36,047 [46ce47ac-a134-4cce-ba10-4493b406f4b0-NettyServerStreamRpc-bossGroup--thread1] INFO  logging.LoggingHandler (AbstractInternalLogger.java:log(148)) - [id: 0x6d73585f] BIND: 0.0.0.0/0.0.0.0:15015
2024-02-27 21:36:36,047 [46ce47ac-a134-4cce-ba10-4493b406f4b0-NettyServerStreamRpc-bossGroup--thread1] INFO  logging.LoggingHandler (AbstractInternalLogger.java:log(148)) - [id: 0x6d73585f, L:/0.0.0.0:15015] ACTIVE
2024-02-27 21:36:36,059 [main] INFO  server.XceiverServerGrpc (XceiverServerGrpc.java:<init>(141)) - GrpcServer channel type EpollServerSocketChannel
2024-02-27 21:36:36,122 [main] INFO  replication.ReplicationSupervisor (ReplicationSupervisor.java:build(163)) - Initializing replication supervisor with thread count = 10
2024-02-27 21:36:36,123 [main] INFO  replication.ReplicationSupervisor (ReplicationSupervisor.java:nodeStateUpdated(317)) - Node state updated to IN_SERVICE, scaling executor pool size to 10
2024-02-27 21:36:36,160 [main] INFO  http.BaseHttpServer (BaseHttpServer.java:newHttpServer2BuilderForOzone(223)) - Starting Web-server for hddsDatanode at: http://0.0.0.0:15009
2024-02-27 21:36:36,160 [main] INFO  http.BaseHttpServer (BaseHttpServer.java:<init>(110)) - Hadoop Security Enabled: false Ozone Security Enabled: false Ozone HTTP Security Enabled: false 
2024-02-27 21:36:36,162 [main] WARN  server.AuthenticationFilter (AuthenticationFilter.java:constructSecretProvider(240)) - Unable to initialize FileSignerSecretProvider, falling back to use random secrets. Reason: Could not read signature secret file: /home/runner/hadoop-http-auth-signature-secret
2024-02-27 21:36:36,163 [main] INFO  http.HttpRequestLog (HttpRequestLog.java:getRequestLog(86)) - Http request log for http.requests.hddsDatanode is not defined
2024-02-27 21:36:36,164 [main] INFO  http.HttpServer2 (HttpServer2.java:addGlobalFilter(1036)) - Added global filter 'safety' (class=org.apache.hadoop.hdds.server.http.HttpServer2$QuotingInputFilter)
2024-02-27 21:36:36,165 [main] INFO  http.HttpServer2 (HttpServer2.java:addFilter(1012)) - Added filter static_user_filter (class=org.apache.hadoop.http.lib.StaticUserWebFilter$StaticUserFilter) to context hddsDatanode
2024-02-27 21:36:36,165 [main] INFO  http.HttpServer2 (HttpServer2.java:addFilter(1020)) - Added filter static_user_filter (class=org.apache.hadoop.http.lib.StaticUserWebFilter$StaticUserFilter) to context static
2024-02-27 21:36:36,165 [main] INFO  http.HttpServer2 (HttpServer2.java:addFilter(1020)) - Added filter static_user_filter (class=org.apache.hadoop.http.lib.StaticUserWebFilter$StaticUserFilter) to context logs
2024-02-27 21:36:36,166 [main] INFO  http.BaseHttpServer (BaseHttpServer.java:<init>(189)) - HTTP server of hddsDatanode uses base directory /home/runner/work/ozone/ozone/hadoop-ozone/integration-test/target/test-dir/MiniOzoneClusterImpl-377bd28b-19ec-4c3d-8af6-29a7f1113b2b/ozone-meta/datanode-1/meta/webserver
2024-02-27 21:36:36,167 [main] INFO  http.HttpServer2 (HttpServer2.java:bindListener(1236)) - Jetty bound to port 15009
2024-02-27 21:36:36,167 [main] INFO  server.Server (Server.java:doStart(375)) - jetty-9.4.53.v20231009; built: 2023-10-09T12:29:09.265Z; git: 27bde00a0b95a1d5bbee0eae7984f891d2d0f8c9; jvm 1.8.0_402-b06
2024-02-27 21:36:36,172 [main] INFO  server.session (DefaultSessionIdManager.java:doStart(334)) - DefaultSessionIdManager workerName=node0
2024-02-27 21:36:36,172 [main] INFO  server.session (DefaultSessionIdManager.java:doStart(339)) - No SessionScavenger set, using defaults
2024-02-27 21:36:36,172 [main] INFO  server.session (HouseKeeper.java:startScavenging(132)) - node0 Scavenging every 660000ms
2024-02-27 21:36:36,173 [main] INFO  handler.ContextHandler (ContextHandler.java:doStart(921)) - Started o.e.j.s.ServletContextHandler@36ffee72{logs,/logs,file:///home/runner/work/ozone/ozone/hadoop-ozone/integration-test/target/log,AVAILABLE}
2024-02-27 21:36:36,174 [main] INFO  handler.ContextHandler (ContextHandler.java:doStart(921)) - Started o.e.j.s.ServletContextHandler@7c7b0f5d{static,/static,jar:file:/home/runner/.m2/repository/org/apache/ozone/hdds-container-service/1.5.0-SNAPSHOT/hdds-container-service-1.5.0-SNAPSHOT.jar!/webapps/static,AVAILABLE}
2024-02-27 21:36:36,218 [main] INFO  handler.ContextHandler (ContextHandler.java:doStart(921)) - Started o.e.j.w.WebAppContext@5b192531{hddsDatanode,/,file:///home/runner/work/ozone/ozone/hadoop-ozone/integration-test/target/test-dir/MiniOzoneClusterImpl-377bd28b-19ec-4c3d-8af6-29a7f1113b2b/ozone-meta/datanode-1/meta/webserver/jetty-0_0_0_0-15009-hdds-container-service-1_5_0-SNAPSHOT_jar-_-any-3553915887361530612/webapp/,AVAILABLE}{jar:file:/home/runner/.m2/repository/org/apache/ozone/hdds-container-service/1.5.0-SNAPSHOT/hdds-container-service-1.5.0-SNAPSHOT.jar!/webapps/hddsDatanode}
2024-02-27 21:36:36,220 [main] INFO  server.AbstractConnector (AbstractConnector.java:doStart(333)) - Started ServerConnector@334ae975{HTTP/1.1, (http/1.1)}{0.0.0.0:15009}
2024-02-27 21:36:36,221 [main] INFO  server.Server (Server.java:doStart(415)) - Started @6564ms
2024-02-27 21:36:36,221 [main] WARN  impl.MetricsSystemImpl (MetricsSystemImpl.java:register(279)) - Sink prometheus already exists!
2024-02-27 21:36:36,222 [main] INFO  http.BaseHttpServer (BaseHttpServer.java:updateConnectorAddress(354)) - HTTP server of hddsDatanode listening at http://0.0.0.0:15009
2024-02-27 21:36:36,224 [main] INFO  ipc.CallQueueManager (CallQueueManager.java:<init>(90)) - Using callQueue: class java.util.concurrent.LinkedBlockingQueue, queueCapacity: 100, scheduler: class org.apache.hadoop.ipc.DefaultRpcScheduler, ipcBackoff: false.
2024-02-27 21:36:36,225 [main] INFO  ipc.Server (Server.java:<init>(1287)) - Listener at 0.0.0.0:15010
2024-02-27 21:36:36,225 [Socket Reader #1 for port 15010] INFO  ipc.Server (Server.java:run(1323)) - Starting Socket Reader #1 for port 15010
2024-02-27 21:36:36,228 [main] INFO  ozone.HddsDatanodeService (HddsDatanodeService.java:start(327)) - Datanode start with admins: [runner]
2024-02-27 21:36:36,228 [main] INFO  ozone.HddsDatanodeClientProtocolServer (HddsDatanodeClientProtocolServer.java:start(77)) - RPC server for Client /0.0.0.0:15010
2024-02-27 21:36:36,229 [IPC Server Responder] INFO  ipc.Server (Server.java:run(1562)) - IPC Server Responder: starting
2024-02-27 21:36:36,229 [IPC Server listener on 15010] INFO  ipc.Server (Server.java:run(1402)) - IPC Server listener on 15010: starting
2024-02-27 21:36:36,231 [46ce47ac-a134-4cce-ba10-4493b406f4b0-DatanodeStateMachineDaemonThread] INFO  statemachine.DatanodeStateMachine (DatanodeStateMachine.java:lambda$startDaemon$1(555)) - Ozone container server started.
2024-02-27 21:36:36,233 [main] WARN  dropwizard3.Dm3MetricRegistriesImpl (Dm3MetricRegistriesImpl.java:addReporterRegistration(113)) - New reporters are added after registries were created. Some metrics will be missing from the reporter. Please add reporter before adding any new registry.
2024-02-27 21:36:36,233 [main] WARN  dropwizard3.Dm3MetricRegistriesImpl (Dm3MetricRegistriesImpl.java:addReporterRegistration(113)) - New reporters are added after registries were created. Some metrics will be missing from the reporter. Please add reporter before adding any new registry.
2024-02-27 21:36:36,233 [main] INFO  impl.MetricsSystemImpl (MetricsSystemImpl.java:init(158)) - HddsDatanode metrics system started (again)
2024-02-27 21:36:36,246 [main] INFO  ozone.HddsDatanodeService (HddsDatanodeService.java:start(240)) - HddsDatanodeService host:fv-az531-651.fb1yufaac5hu3gd5gtxiz42tfh.cx.internal.cloudapp.net ip:10.1.0.18
2024-02-27 21:36:36,280 [main] INFO  upgrade.AbstractLayoutVersionManager (AbstractLayoutVersionManager.java:init(83)) - Initializing Layout version manager with metadata layout = HADOOP_PRC_PORTS_IN_DATANODEDETAILS (version = 7), software layout = HADOOP_PRC_PORTS_IN_DATANODEDETAILS (version = 7)
2024-02-27 21:36:36,281 [main] INFO  statemachine.DatanodeStateMachine (DatanodeStateMachine.java:getEndPointTaskThreadPoolSize(299)) - Datanode State Machine Task Thread Pool size 2
2024-02-27 21:36:36,285 [main] INFO  volume.HddsVolume (HddsVolume.java:<init>(125)) - Creating HddsVolume: /home/runner/work/ozone/ozone/hadoop-ozone/integration-test/target/test-dir/MiniOzoneClusterImpl-377bd28b-19ec-4c3d-8af6-29a7f1113b2b/ozone-meta/datanode-2/data-0/hdds of storage type : DISK capacity : 9223372036854775807
2024-02-27 21:36:36,286 [main] INFO  volume.MutableVolumeSet (MutableVolumeSet.java:initializeVolumeSet(173)) - Added Volume : /home/runner/work/ozone/ozone/hadoop-ozone/integration-test/target/test-dir/MiniOzoneClusterImpl-377bd28b-19ec-4c3d-8af6-29a7f1113b2b/ozone-meta/datanode-2/data-0/hdds to VolumeSet
2024-02-27 21:36:36,287 [main] INFO  volume.MutableVolumeSet (MutableVolumeSet.java:initializeVolumeSet(173)) - Added Volume : /home/runner/work/ozone/ozone/hadoop-ozone/integration-test/target/test-dir/MiniOzoneClusterImpl-377bd28b-19ec-4c3d-8af6-29a7f1113b2b/ozone-meta/datanode-2/ratis to VolumeSet
2024-02-27 21:36:36,288 [main] INFO  ozoneimpl.OzoneContainer (HddsVolumeUtil.java:loadAllHddsVolumeDbStore(103)) - Load 1 volumes DbStore cost: 0ms
2024-02-27 21:36:36,292 [main] INFO  server.RaftServer (ConfUtils.java:logGet(46)) - raft.rpc.type = GRPC (default)
2024-02-27 21:36:36,292 [main] INFO  grpc.GrpcConfigKeys (ConfUtils.java:logFallback(53)) - raft.grpc.admin.host = null (fallback to raft.grpc.server.host)
2024-02-27 21:36:36,292 [main] INFO  grpc.GrpcConfigKeys (ConfUtils.java:logGet(46)) - raft.grpc.admin.port = 15022 (custom)
2024-02-27 21:36:36,293 [main] INFO  grpc.GrpcConfigKeys (ConfUtils.java:logFallback(53)) - raft.grpc.client.host = null (fallback to raft.grpc.server.host)
2024-02-27 21:36:36,293 [main] INFO  grpc.GrpcConfigKeys (ConfUtils.java:logGet(46)) - raft.grpc.client.port = 15021 (custom)
2024-02-27 21:36:36,293 [main] INFO  grpc.GrpcConfigKeys (ConfUtils.java:logGet(46)) - raft.grpc.server.host = null (default)
2024-02-27 21:36:36,294 [main] INFO  grpc.GrpcConfigKeys (ConfUtils.java:logGet(46)) - raft.grpc.server.port = 15023 (custom)
2024-02-27 21:36:36,294 [main] INFO  server.GrpcService (ConfUtils.java:logGet(46)) - raft.grpc.message.size.max = 32MB (=33554432) (custom)
2024-02-27 21:36:36,296 [main] INFO  server.RaftServerConfigKeys (ConfUtils.java:logGet(46)) - raft.server.log.appender.buffer.byte-limit = 8388608 (custom)
2024-02-27 21:36:36,296 [main] INFO  server.GrpcService (ConfUtils.java:logGet(46)) - raft.grpc.flow.control.window = 5MB (=5242880) (custom)
2024-02-27 21:36:36,296 [main] INFO  server.RaftServerConfigKeys (ConfUtils.java:logGet(46)) - raft.server.rpc.request.timeout = 60s (custom)
2024-02-27 21:36:36,297 [main] INFO  grpc.GrpcConfigKeys (ConfUtils.java:logGet(46)) - raft.grpc.server.heartbeat.channel = true (default)
2024-02-27 21:36:36,299 [main] INFO  grpc.GrpcConfigKeys (ConfUtils.java:logGet(46)) - raft.grpc.server.async.request.thread.pool.cached = true (default)
2024-02-27 21:36:36,299 [main] INFO  grpc.GrpcConfigKeys (ConfUtils.java:logGet(46)) - raft.grpc.server.async.request.thread.pool.size = 32 (default)
2024-02-27 21:36:36,303 [main] INFO  impl.DataStreamServerImpl (ConfUtils.java:logGet(46)) - raft.datastream.type = NETTY (custom)
2024-02-27 21:36:36,304 [main] INFO  server.RaftServerConfigKeys (ConfUtils.java:logGet(46)) - raft.server.data-stream.async.request.thread.pool.cached = false (default)
2024-02-27 21:36:36,304 [main] INFO  server.RaftServerConfigKeys (ConfUtils.java:logGet(46)) - raft.server.data-stream.async.request.thread.pool.size = 20 (custom)
2024-02-27 21:36:36,304 [main] INFO  server.RaftServerConfigKeys (ConfUtils.java:logGet(46)) - raft.server.data-stream.async.write.thread.pool.size = 16 (default)
2024-02-27 21:36:36,304 [main] INFO  netty.NettyConfigKeys$DataStream (ConfUtils.java:logGet(46)) - raft.netty.dataStream.server.channel.inactive.grace-period = 10min (default)
2024-02-27 21:36:36,305 [main] INFO  server.RaftServerConfigKeys (ConfUtils.java:logGet(46)) - raft.server.data-stream.client.pool.size = 10 (default)
2024-02-27 21:36:36,305 [main] INFO  netty.NettyConfigKeys$DataStream (ConfUtils.java:logGet(46)) - raft.netty.dataStream.server.use-epoll = true (default)
2024-02-27 21:36:36,305 [main] INFO  netty.NettyConfigKeys$DataStream (ConfUtils.java:logGet(46)) - raft.netty.dataStream.server.boss-group.size = 0 (default)
2024-02-27 21:36:36,305 [main] INFO  netty.NettyUtils (NettyUtils.java:newEventLoopGroup(69)) - Create EpollEventLoopGroup for c855f1da-1b31-46a5-a68b-5d36f1d30008-NettyServerStreamRpc-bossGroup; Thread size is 0.
2024-02-27 21:36:36,306 [main] INFO  netty.NettyConfigKeys$DataStream (ConfUtils.java:logGet(46)) - raft.netty.dataStream.server.worker-group.size = 0 (default)
2024-02-27 21:36:36,306 [main] INFO  netty.NettyUtils (NettyUtils.java:newEventLoopGroup(69)) - Create EpollEventLoopGroup for c855f1da-1b31-46a5-a68b-5d36f1d30008-NettyServerStreamRpc-workerGroup; Thread size is 0.
2024-02-27 21:36:36,308 [main] INFO  netty.NettyConfigKeys$DataStream (ConfUtils.java:logGet(46)) - raft.netty.dataStream.server.tls.conf = null (default)
2024-02-27 21:36:36,308 [main] INFO  netty.NettyConfigKeys$DataStream (ConfUtils.java:logGet(46)) - raft.netty.dataStream.host = null (default)
2024-02-27 21:36:36,308 [main] INFO  netty.NettyConfigKeys$DataStream (ConfUtils.java:logGet(46)) - raft.netty.dataStream.port = 15024 (custom)
2024-02-27 21:36:36,309 [main] INFO  server.RaftServerConfigKeys (ConfUtils.java:logGet(46)) - raft.server.sleep.deviation.threshold = 300ms (default)
2024-02-27 21:36:36,309 [main] INFO  server.RaftServerConfigKeys (ConfUtils.java:logGet(46)) - raft.server.close.threshold = 60s (default)
2024-02-27 21:36:36,309 [main] INFO  server.RaftServerConfigKeys (ConfUtils.java:logGet(46)) - raft.server.leaderelection.leader.step-down.wait-time = 10s (default)
2024-02-27 21:36:36,310 [main] INFO  server.RaftServerConfigKeys (ConfUtils.java:logGet(46)) - raft.server.storage.dir = [/home/runner/work/ozone/ozone/hadoop-ozone/integration-test/target/test-dir/MiniOzoneClusterImpl-377bd28b-19ec-4c3d-8af6-29a7f1113b2b/ozone-meta/datanode-2/ratis] (custom)
2024-02-27 21:36:36,310 [main] INFO  server.RaftServerConfigKeys (ConfUtils.java:logGet(46)) - raft.server.threadpool.proxy.cached = true (default)
2024-02-27 21:36:36,310 [main] INFO  server.RaftServerConfigKeys (ConfUtils.java:logGet(46)) - raft.server.threadpool.proxy.size = 0 (default)
2024-02-27 21:36:36,312 [c855f1da-1b31-46a5-a68b-5d36f1d30008-impl-thread1] INFO  server.RaftServer (RaftServerProxy.java:initGroupDir(264)) - c855f1da-1b31-46a5-a68b-5d36f1d30008: found a subdirectory /home/runner/work/ozone/ozone/hadoop-ozone/integration-test/target/test-dir/MiniOzoneClusterImpl-377bd28b-19ec-4c3d-8af6-29a7f1113b2b/ozone-meta/datanode-2/ratis/tmp
2024-02-27 21:36:36,312 [c855f1da-1b31-46a5-a68b-5d36f1d30008-impl-thread1] INFO  server.RaftServer (RaftServerProxy.java:initGroupDir(269)) - c855f1da-1b31-46a5-a68b-5d36f1d30008: The directory /home/runner/work/ozone/ozone/hadoop-ozone/integration-test/target/test-dir/MiniOzoneClusterImpl-377bd28b-19ec-4c3d-8af6-29a7f1113b2b/ozone-meta/datanode-2/ratis/tmp is not a group directory; ignoring it. 
2024-02-27 21:36:36,312 [c855f1da-1b31-46a5-a68b-5d36f1d30008-NettyServerStreamRpc-bossGroup--thread1] INFO  logging.LoggingHandler (AbstractInternalLogger.java:log(148)) - [id: 0x08df9afb] REGISTERED
2024-02-27 21:36:36,313 [main] INFO  replication.ReplicationServer (ReplicationServer.java:<init>(86)) - Initializing replication server with thread count = 10 queue length = 4096
2024-02-27 21:36:36,314 [main] INFO  server.XceiverServerGrpc (XceiverServerGrpc.java:<init>(141)) - GrpcServer channel type EpollServerSocketChannel
2024-02-27 21:36:36,318 [main] INFO  replication.ReplicationSupervisor (ReplicationSupervisor.java:build(163)) - Initializing replication supervisor with thread count = 10
2024-02-27 21:36:36,318 [main] INFO  replication.ReplicationSupervisor (ReplicationSupervisor.java:nodeStateUpdated(317)) - Node state updated to IN_SERVICE, scaling executor pool size to 10
2024-02-27 21:36:36,320 [c855f1da-1b31-46a5-a68b-5d36f1d30008-NettyServerStreamRpc-bossGroup--thread1] INFO  logging.LoggingHandler (AbstractInternalLogger.java:log(148)) - [id: 0x08df9afb] BIND: 0.0.0.0/0.0.0.0:15024
2024-02-27 21:36:36,320 [c855f1da-1b31-46a5-a68b-5d36f1d30008-NettyServerStreamRpc-bossGroup--thread1] INFO  logging.LoggingHandler (AbstractInternalLogger.java:log(148)) - [id: 0x08df9afb, L:/0.0.0.0:15024] ACTIVE
2024-02-27 21:36:36,329 [main] INFO  http.BaseHttpServer (BaseHttpServer.java:newHttpServer2BuilderForOzone(223)) - Starting Web-server for hddsDatanode at: http://0.0.0.0:15018
2024-02-27 21:36:36,330 [main] INFO  http.BaseHttpServer (BaseHttpServer.java:<init>(110)) - Hadoop Security Enabled: false Ozone Security Enabled: false Ozone HTTP Security Enabled: false 
2024-02-27 21:36:36,332 [main] WARN  server.AuthenticationFilter (AuthenticationFilter.java:constructSecretProvider(240)) - Unable to initialize FileSignerSecretProvider, falling back to use random secrets. Reason: Could not read signature secret file: /home/runner/hadoop-http-auth-signature-secret
2024-02-27 21:36:36,332 [main] INFO  http.HttpRequestLog (HttpRequestLog.java:getRequestLog(86)) - Http request log for http.requests.hddsDatanode is not defined
2024-02-27 21:36:36,334 [main] INFO  http.HttpServer2 (HttpServer2.java:addGlobalFilter(1036)) - Added global filter 'safety' (class=org.apache.hadoop.hdds.server.http.HttpServer2$QuotingInputFilter)
2024-02-27 21:36:36,334 [46ce47ac-a134-4cce-ba10-4493b406f4b0-DatanodeStateMachineTaskThread-0] INFO  datanode.InitDatanodeState (InitDatanodeState.java:persistContainerDatanodeDetails(139)) - DatanodeDetails is persisted to /home/runner/work/ozone/ozone/hadoop-ozone/integration-test/target/test-dir/MiniOzoneClusterImpl-377bd28b-19ec-4c3d-8af6-29a7f1113b2b/ozone-meta/datanode-1/meta/datanode.id
2024-02-27 21:36:36,335 [main] INFO  http.HttpServer2 (HttpServer2.java:addFilter(1012)) - Added filter static_user_filter (class=org.apache.hadoop.http.lib.StaticUserWebFilter$StaticUserFilter) to context hddsDatanode
2024-02-27 21:36:36,335 [main] INFO  http.HttpServer2 (HttpServer2.java:addFilter(1020)) - Added filter static_user_filter (class=org.apache.hadoop.http.lib.StaticUserWebFilter$StaticUserFilter) to context static
2024-02-27 21:36:36,335 [main] INFO  http.HttpServer2 (HttpServer2.java:addFilter(1020)) - Added filter static_user_filter (class=org.apache.hadoop.http.lib.StaticUserWebFilter$StaticUserFilter) to context logs
2024-02-27 21:36:36,336 [main] INFO  http.BaseHttpServer (BaseHttpServer.java:<init>(189)) - HTTP server of hddsDatanode uses base directory /home/runner/work/ozone/ozone/hadoop-ozone/integration-test/target/test-dir/MiniOzoneClusterImpl-377bd28b-19ec-4c3d-8af6-29a7f1113b2b/ozone-meta/datanode-2/meta/webserver
2024-02-27 21:36:36,336 [main] INFO  http.HttpServer2 (HttpServer2.java:bindListener(1236)) - Jetty bound to port 15018
2024-02-27 21:36:36,336 [main] INFO  server.Server (Server.java:doStart(375)) - jetty-9.4.53.v20231009; built: 2023-10-09T12:29:09.265Z; git: 27bde00a0b95a1d5bbee0eae7984f891d2d0f8c9; jvm 1.8.0_402-b06
2024-02-27 21:36:36,339 [main] INFO  server.session (DefaultSessionIdManager.java:doStart(334)) - DefaultSessionIdManager workerName=node0
2024-02-27 21:36:36,339 [main] INFO  server.session (DefaultSessionIdManager.java:doStart(339)) - No SessionScavenger set, using defaults
2024-02-27 21:36:36,339 [main] INFO  server.session (HouseKeeper.java:startScavenging(132)) - node0 Scavenging every 600000ms
2024-02-27 21:36:36,340 [main] INFO  handler.ContextHandler (ContextHandler.java:doStart(921)) - Started o.e.j.s.ServletContextHandler@31dc6210{logs,/logs,file:///home/runner/work/ozone/ozone/hadoop-ozone/integration-test/target/log,AVAILABLE}
2024-02-27 21:36:36,340 [main] INFO  handler.ContextHandler (ContextHandler.java:doStart(921)) - Started o.e.j.s.ServletContextHandler@4fb68460{static,/static,jar:file:/home/runner/.m2/repository/org/apache/ozone/hdds-container-service/1.5.0-SNAPSHOT/hdds-container-service-1.5.0-SNAPSHOT.jar!/webapps/static,AVAILABLE}
2024-02-27 21:36:36,381 [main] INFO  handler.ContextHandler (ContextHandler.java:doStart(921)) - Started o.e.j.w.WebAppContext@5f707a09{hddsDatanode,/,file:///home/runner/work/ozone/ozone/hadoop-ozone/integration-test/target/test-dir/MiniOzoneClusterImpl-377bd28b-19ec-4c3d-8af6-29a7f1113b2b/ozone-meta/datanode-2/meta/webserver/jetty-0_0_0_0-15018-hdds-container-service-1_5_0-SNAPSHOT_jar-_-any-4567897591432713265/webapp/,AVAILABLE}{jar:file:/home/runner/.m2/repository/org/apache/ozone/hdds-container-service/1.5.0-SNAPSHOT/hdds-container-service-1.5.0-SNAPSHOT.jar!/webapps/hddsDatanode}
2024-02-27 21:36:36,382 [main] INFO  server.AbstractConnector (AbstractConnector.java:doStart(333)) - Started ServerConnector@1179a963{HTTP/1.1, (http/1.1)}{0.0.0.0:15018}
2024-02-27 21:36:36,383 [main] INFO  server.Server (Server.java:doStart(415)) - Started @6726ms
2024-02-27 21:36:36,383 [main] WARN  impl.MetricsSystemImpl (MetricsSystemImpl.java:register(279)) - Sink prometheus already exists!
2024-02-27 21:36:36,384 [main] INFO  http.BaseHttpServer (BaseHttpServer.java:updateConnectorAddress(354)) - HTTP server of hddsDatanode listening at http://0.0.0.0:15018
2024-02-27 21:36:36,384 [main] INFO  ipc.CallQueueManager (CallQueueManager.java:<init>(90)) - Using callQueue: class java.util.concurrent.LinkedBlockingQueue, queueCapacity: 100, scheduler: class org.apache.hadoop.ipc.DefaultRpcScheduler, ipcBackoff: false.
2024-02-27 21:36:36,385 [main] INFO  ipc.Server (Server.java:<init>(1287)) - Listener at 0.0.0.0:15019
2024-02-27 21:36:36,385 [Socket Reader #1 for port 15019] INFO  ipc.Server (Server.java:run(1323)) - Starting Socket Reader #1 for port 15019
2024-02-27 21:36:36,387 [main] INFO  ozone.HddsDatanodeService (HddsDatanodeService.java:start(327)) - Datanode start with admins: [runner]
2024-02-27 21:36:36,388 [main] INFO  ozone.HddsDatanodeClientProtocolServer (HddsDatanodeClientProtocolServer.java:start(77)) - RPC server for Client /0.0.0.0:15019
2024-02-27 21:36:36,388 [IPC Server Responder] INFO  ipc.Server (Server.java:run(1562)) - IPC Server Responder: starting
2024-02-27 21:36:36,388 [IPC Server listener on 15019] INFO  ipc.Server (Server.java:run(1402)) - IPC Server listener on 15019: starting
2024-02-27 21:36:36,390 [c855f1da-1b31-46a5-a68b-5d36f1d30008-DatanodeStateMachineDaemonThread] INFO  statemachine.DatanodeStateMachine (DatanodeStateMachine.java:lambda$startDaemon$1(555)) - Ozone container server started.
2024-02-27 21:36:36,390 [main] WARN  dropwizard3.Dm3MetricRegistriesImpl (Dm3MetricRegistriesImpl.java:addReporterRegistration(113)) - New reporters are added after registries were created. Some metrics will be missing from the reporter. Please add reporter before adding any new registry.
2024-02-27 21:36:36,390 [main] WARN  dropwizard3.Dm3MetricRegistriesImpl (Dm3MetricRegistriesImpl.java:addReporterRegistration(113)) - New reporters are added after registries were created. Some metrics will be missing from the reporter. Please add reporter before adding any new registry.
2024-02-27 21:36:36,391 [main] INFO  impl.MetricsSystemImpl (MetricsSystemImpl.java:init(158)) - HddsDatanode metrics system started (again)
2024-02-27 21:36:36,405 [c855f1da-1b31-46a5-a68b-5d36f1d30008-DatanodeStateMachineTaskThread-0] INFO  datanode.InitDatanodeState (InitDatanodeState.java:persistContainerDatanodeDetails(139)) - DatanodeDetails is persisted to /home/runner/work/ozone/ozone/hadoop-ozone/integration-test/target/test-dir/MiniOzoneClusterImpl-377bd28b-19ec-4c3d-8af6-29a7f1113b2b/ozone-meta/datanode-2/meta/datanode.id
2024-02-27 21:36:36,406 [main] INFO  ozone.HddsDatanodeService (HddsDatanodeService.java:start(240)) - HddsDatanodeService host:fv-az531-651.fb1yufaac5hu3gd5gtxiz42tfh.cx.internal.cloudapp.net ip:10.1.0.18
2024-02-27 21:36:36,426 [main] INFO  upgrade.AbstractLayoutVersionManager (AbstractLayoutVersionManager.java:init(83)) - Initializing Layout version manager with metadata layout = HADOOP_PRC_PORTS_IN_DATANODEDETAILS (version = 7), software layout = HADOOP_PRC_PORTS_IN_DATANODEDETAILS (version = 7)
2024-02-27 21:36:36,427 [main] INFO  statemachine.DatanodeStateMachine (DatanodeStateMachine.java:getEndPointTaskThreadPoolSize(299)) - Datanode State Machine Task Thread Pool size 2
2024-02-27 21:36:36,430 [main] INFO  volume.HddsVolume (HddsVolume.java:<init>(125)) - Creating HddsVolume: /home/runner/work/ozone/ozone/hadoop-ozone/integration-test/target/test-dir/MiniOzoneClusterImpl-377bd28b-19ec-4c3d-8af6-29a7f1113b2b/ozone-meta/datanode-3/data-0/hdds of storage type : DISK capacity : 9223372036854775807
2024-02-27 21:36:36,430 [main] INFO  volume.MutableVolumeSet (MutableVolumeSet.java:initializeVolumeSet(173)) - Added Volume : /home/runner/work/ozone/ozone/hadoop-ozone/integration-test/target/test-dir/MiniOzoneClusterImpl-377bd28b-19ec-4c3d-8af6-29a7f1113b2b/ozone-meta/datanode-3/data-0/hdds to VolumeSet
2024-02-27 21:36:36,432 [main] INFO  volume.MutableVolumeSet (MutableVolumeSet.java:initializeVolumeSet(173)) - Added Volume : /home/runner/work/ozone/ozone/hadoop-ozone/integration-test/target/test-dir/MiniOzoneClusterImpl-377bd28b-19ec-4c3d-8af6-29a7f1113b2b/ozone-meta/datanode-3/ratis to VolumeSet
2024-02-27 21:36:36,432 [main] INFO  ozoneimpl.OzoneContainer (HddsVolumeUtil.java:loadAllHddsVolumeDbStore(103)) - Load 1 volumes DbStore cost: 0ms
2024-02-27 21:36:36,436 [main] INFO  server.RaftServer (ConfUtils.java:logGet(46)) - raft.rpc.type = GRPC (default)
2024-02-27 21:36:36,436 [main] INFO  grpc.GrpcConfigKeys (ConfUtils.java:logFallback(53)) - raft.grpc.admin.host = null (fallback to raft.grpc.server.host)
2024-02-27 21:36:36,437 [main] INFO  grpc.GrpcConfigKeys (ConfUtils.java:logGet(46)) - raft.grpc.admin.port = 15031 (custom)
2024-02-27 21:36:36,437 [main] INFO  grpc.GrpcConfigKeys (ConfUtils.java:logFallback(53)) - raft.grpc.client.host = null (fallback to raft.grpc.server.host)
2024-02-27 21:36:36,437 [main] INFO  grpc.GrpcConfigKeys (ConfUtils.java:logGet(46)) - raft.grpc.client.port = 15030 (custom)
2024-02-27 21:36:36,437 [main] INFO  grpc.GrpcConfigKeys (ConfUtils.java:logGet(46)) - raft.grpc.server.host = null (default)
2024-02-27 21:36:36,437 [main] INFO  grpc.GrpcConfigKeys (ConfUtils.java:logGet(46)) - raft.grpc.server.port = 15032 (custom)
2024-02-27 21:36:36,437 [main] INFO  server.GrpcService (ConfUtils.java:logGet(46)) - raft.grpc.message.size.max = 32MB (=33554432) (custom)
2024-02-27 21:36:36,438 [main] INFO  server.RaftServerConfigKeys (ConfUtils.java:logGet(46)) - raft.server.log.appender.buffer.byte-limit = 8388608 (custom)
2024-02-27 21:36:36,442 [main] INFO  server.GrpcService (ConfUtils.java:logGet(46)) - raft.grpc.flow.control.window = 5MB (=5242880) (custom)
2024-02-27 21:36:36,442 [main] INFO  server.RaftServerConfigKeys (ConfUtils.java:logGet(46)) - raft.server.rpc.request.timeout = 60s (custom)
2024-02-27 21:36:36,442 [main] INFO  grpc.GrpcConfigKeys (ConfUtils.java:logGet(46)) - raft.grpc.server.heartbeat.channel = true (default)
2024-02-27 21:36:36,442 [main] INFO  grpc.GrpcConfigKeys (ConfUtils.java:logGet(46)) - raft.grpc.server.async.request.thread.pool.cached = true (default)
2024-02-27 21:36:36,443 [main] INFO  grpc.GrpcConfigKeys (ConfUtils.java:logGet(46)) - raft.grpc.server.async.request.thread.pool.size = 32 (default)
2024-02-27 21:36:36,445 [main] INFO  impl.DataStreamServerImpl (ConfUtils.java:logGet(46)) - raft.datastream.type = NETTY (custom)
2024-02-27 21:36:36,446 [main] INFO  server.RaftServerConfigKeys (ConfUtils.java:logGet(46)) - raft.server.data-stream.async.request.thread.pool.cached = false (default)
2024-02-27 21:36:36,446 [main] INFO  server.RaftServerConfigKeys (ConfUtils.java:logGet(46)) - raft.server.data-stream.async.request.thread.pool.size = 20 (custom)
2024-02-27 21:36:36,446 [main] INFO  server.RaftServerConfigKeys (ConfUtils.java:logGet(46)) - raft.server.data-stream.async.write.thread.pool.size = 16 (default)
2024-02-27 21:36:36,447 [main] INFO  netty.NettyConfigKeys$DataStream (ConfUtils.java:logGet(46)) - raft.netty.dataStream.server.channel.inactive.grace-period = 10min (default)
2024-02-27 21:36:36,447 [main] INFO  server.RaftServerConfigKeys (ConfUtils.java:logGet(46)) - raft.server.data-stream.client.pool.size = 10 (default)
2024-02-27 21:36:36,447 [main] INFO  netty.NettyConfigKeys$DataStream (ConfUtils.java:logGet(46)) - raft.netty.dataStream.server.use-epoll = true (default)
2024-02-27 21:36:36,447 [main] INFO  netty.NettyConfigKeys$DataStream (ConfUtils.java:logGet(46)) - raft.netty.dataStream.server.boss-group.size = 0 (default)
2024-02-27 21:36:36,447 [main] INFO  netty.NettyUtils (NettyUtils.java:newEventLoopGroup(69)) - Create EpollEventLoopGroup for 9eee0c4a-241f-4a15-bff1-0522a907ac9b-NettyServerStreamRpc-bossGroup; Thread size is 0.
2024-02-27 21:36:36,448 [main] INFO  netty.NettyConfigKeys$DataStream (ConfUtils.java:logGet(46)) - raft.netty.dataStream.server.worker-group.size = 0 (default)
2024-02-27 21:36:36,448 [main] INFO  netty.NettyUtils (NettyUtils.java:newEventLoopGroup(69)) - Create EpollEventLoopGroup for 9eee0c4a-241f-4a15-bff1-0522a907ac9b-NettyServerStreamRpc-workerGroup; Thread size is 0.
2024-02-27 21:36:36,449 [main] INFO  netty.NettyConfigKeys$DataStream (ConfUtils.java:logGet(46)) - raft.netty.dataStream.server.tls.conf = null (default)
2024-02-27 21:36:36,449 [main] INFO  netty.NettyConfigKeys$DataStream (ConfUtils.java:logGet(46)) - raft.netty.dataStream.host = null (default)
2024-02-27 21:36:36,449 [main] INFO  netty.NettyConfigKeys$DataStream (ConfUtils.java:logGet(46)) - raft.netty.dataStream.port = 15033 (custom)
2024-02-27 21:36:36,449 [main] INFO  server.RaftServerConfigKeys (ConfUtils.java:logGet(46)) - raft.server.sleep.deviation.threshold = 300ms (default)
2024-02-27 21:36:36,450 [9eee0c4a-241f-4a15-bff1-0522a907ac9b-NettyServerStreamRpc-bossGroup--thread1] INFO  logging.LoggingHandler (AbstractInternalLogger.java:log(148)) - [id: 0x245f85ca] REGISTERED
2024-02-27 21:36:36,450 [main] INFO  server.RaftServerConfigKeys (ConfUtils.java:logGet(46)) - raft.server.close.threshold = 60s (default)
2024-02-27 21:36:36,451 [main] INFO  server.RaftServerConfigKeys (ConfUtils.java:logGet(46)) - raft.server.leaderelection.leader.step-down.wait-time = 10s (default)
2024-02-27 21:36:36,451 [9eee0c4a-241f-4a15-bff1-0522a907ac9b-NettyServerStreamRpc-bossGroup--thread1] INFO  logging.LoggingHandler (AbstractInternalLogger.java:log(148)) - [id: 0x245f85ca] BIND: 0.0.0.0/0.0.0.0:15033
2024-02-27 21:36:36,451 [main] INFO  server.RaftServerConfigKeys (ConfUtils.java:logGet(46)) - raft.server.storage.dir = [/home/runner/work/ozone/ozone/hadoop-ozone/integration-test/target/test-dir/MiniOzoneClusterImpl-377bd28b-19ec-4c3d-8af6-29a7f1113b2b/ozone-meta/datanode-3/ratis] (custom)
2024-02-27 21:36:36,451 [main] INFO  server.RaftServerConfigKeys (ConfUtils.java:logGet(46)) - raft.server.threadpool.proxy.cached = true (default)
2024-02-27 21:36:36,452 [main] INFO  server.RaftServerConfigKeys (ConfUtils.java:logGet(46)) - raft.server.threadpool.proxy.size = 0 (default)
2024-02-27 21:36:36,451 [9eee0c4a-241f-4a15-bff1-0522a907ac9b-NettyServerStreamRpc-bossGroup--thread1] INFO  logging.LoggingHandler (AbstractInternalLogger.java:log(148)) - [id: 0x245f85ca, L:/0.0.0.0:15033] ACTIVE
2024-02-27 21:36:36,452 [9eee0c4a-241f-4a15-bff1-0522a907ac9b-impl-thread1] INFO  server.RaftServer (RaftServerProxy.java:initGroupDir(264)) - 9eee0c4a-241f-4a15-bff1-0522a907ac9b: found a subdirectory /home/runner/work/ozone/ozone/hadoop-ozone/integration-test/target/test-dir/MiniOzoneClusterImpl-377bd28b-19ec-4c3d-8af6-29a7f1113b2b/ozone-meta/datanode-3/ratis/tmp
2024-02-27 21:36:36,453 [9eee0c4a-241f-4a15-bff1-0522a907ac9b-impl-thread1] INFO  server.RaftServer (RaftServerProxy.java:initGroupDir(269)) - 9eee0c4a-241f-4a15-bff1-0522a907ac9b: The directory /home/runner/work/ozone/ozone/hadoop-ozone/integration-test/target/test-dir/MiniOzoneClusterImpl-377bd28b-19ec-4c3d-8af6-29a7f1113b2b/ozone-meta/datanode-3/ratis/tmp is not a group directory; ignoring it. 
2024-02-27 21:36:36,453 [main] INFO  replication.ReplicationServer (ReplicationServer.java:<init>(86)) - Initializing replication server with thread count = 10 queue length = 4096
2024-02-27 21:36:36,454 [main] INFO  server.XceiverServerGrpc (XceiverServerGrpc.java:<init>(141)) - GrpcServer channel type EpollServerSocketChannel
2024-02-27 21:36:36,456 [main] INFO  replication.ReplicationSupervisor (ReplicationSupervisor.java:build(163)) - Initializing replication supervisor with thread count = 10
2024-02-27 21:36:36,456 [main] INFO  replication.ReplicationSupervisor (ReplicationSupervisor.java:nodeStateUpdated(317)) - Node state updated to IN_SERVICE, scaling executor pool size to 10
2024-02-27 21:36:36,459 [main] INFO  http.BaseHttpServer (BaseHttpServer.java:newHttpServer2BuilderForOzone(223)) - Starting Web-server for hddsDatanode at: http://0.0.0.0:15027
2024-02-27 21:36:36,459 [main] INFO  http.BaseHttpServer (BaseHttpServer.java:<init>(110)) - Hadoop Security Enabled: false Ozone Security Enabled: false Ozone HTTP Security Enabled: false 
2024-02-27 21:36:36,460 [main] WARN  server.AuthenticationFilter (AuthenticationFilter.java:constructSecretProvider(240)) - Unable to initialize FileSignerSecretProvider, falling back to use random secrets. Reason: Could not read signature secret file: /home/runner/hadoop-http-auth-signature-secret
2024-02-27 21:36:36,461 [main] INFO  http.HttpRequestLog (HttpRequestLog.java:getRequestLog(86)) - Http request log for http.requests.hddsDatanode is not defined
2024-02-27 21:36:36,462 [main] INFO  http.HttpServer2 (HttpServer2.java:addGlobalFilter(1036)) - Added global filter 'safety' (class=org.apache.hadoop.hdds.server.http.HttpServer2$QuotingInputFilter)
2024-02-27 21:36:36,463 [main] INFO  http.HttpServer2 (HttpServer2.java:addFilter(1012)) - Added filter static_user_filter (class=org.apache.hadoop.http.lib.StaticUserWebFilter$StaticUserFilter) to context hddsDatanode
2024-02-27 21:36:36,463 [main] INFO  http.HttpServer2 (HttpServer2.java:addFilter(1020)) - Added filter static_user_filter (class=org.apache.hadoop.http.lib.StaticUserWebFilter$StaticUserFilter) to context static
2024-02-27 21:36:36,463 [main] INFO  http.HttpServer2 (HttpServer2.java:addFilter(1020)) - Added filter static_user_filter (class=org.apache.hadoop.http.lib.StaticUserWebFilter$StaticUserFilter) to context logs
2024-02-27 21:36:36,464 [main] INFO  http.BaseHttpServer (BaseHttpServer.java:<init>(189)) - HTTP server of hddsDatanode uses base directory /home/runner/work/ozone/ozone/hadoop-ozone/integration-test/target/test-dir/MiniOzoneClusterImpl-377bd28b-19ec-4c3d-8af6-29a7f1113b2b/ozone-meta/datanode-3/meta/webserver
2024-02-27 21:36:36,464 [main] INFO  http.HttpServer2 (HttpServer2.java:bindListener(1236)) - Jetty bound to port 15027
2024-02-27 21:36:36,464 [main] INFO  server.Server (Server.java:doStart(375)) - jetty-9.4.53.v20231009; built: 2023-10-09T12:29:09.265Z; git: 27bde00a0b95a1d5bbee0eae7984f891d2d0f8c9; jvm 1.8.0_402-b06
2024-02-27 21:36:36,465 [main] INFO  server.session (DefaultSessionIdManager.java:doStart(334)) - DefaultSessionIdManager workerName=node0
2024-02-27 21:36:36,466 [main] INFO  server.session (DefaultSessionIdManager.java:doStart(339)) - No SessionScavenger set, using defaults
2024-02-27 21:36:36,466 [main] INFO  server.session (HouseKeeper.java:startScavenging(132)) - node0 Scavenging every 660000ms
2024-02-27 21:36:36,467 [main] INFO  handler.ContextHandler (ContextHandler.java:doStart(921)) - Started o.e.j.s.ServletContextHandler@9e6519c{logs,/logs,file:///home/runner/work/ozone/ozone/hadoop-ozone/integration-test/target/log,AVAILABLE}
2024-02-27 21:36:36,467 [main] INFO  handler.ContextHandler (ContextHandler.java:doStart(921)) - Started o.e.j.s.ServletContextHandler@55bc4134{static,/static,jar:file:/home/runner/.m2/repository/org/apache/ozone/hdds-container-service/1.5.0-SNAPSHOT/hdds-container-service-1.5.0-SNAPSHOT.jar!/webapps/static,AVAILABLE}
2024-02-27 21:36:36,503 [main] INFO  handler.ContextHandler (ContextHandler.java:doStart(921)) - Started o.e.j.w.WebAppContext@3b3a4f9c{hddsDatanode,/,file:///home/runner/work/ozone/ozone/hadoop-ozone/integration-test/target/test-dir/MiniOzoneClusterImpl-377bd28b-19ec-4c3d-8af6-29a7f1113b2b/ozone-meta/datanode-3/meta/webserver/jetty-0_0_0_0-15027-hdds-container-service-1_5_0-SNAPSHOT_jar-_-any-2084386390094941382/webapp/,AVAILABLE}{jar:file:/home/runner/.m2/repository/org/apache/ozone/hdds-container-service/1.5.0-SNAPSHOT/hdds-container-service-1.5.0-SNAPSHOT.jar!/webapps/hddsDatanode}
2024-02-27 21:36:36,504 [main] INFO  server.AbstractConnector (AbstractConnector.java:doStart(333)) - Started ServerConnector@5408c68d{HTTP/1.1, (http/1.1)}{0.0.0.0:15027}
2024-02-27 21:36:36,507 [main] INFO  server.Server (Server.java:doStart(415)) - Started @6850ms
2024-02-27 21:36:36,507 [main] WARN  impl.MetricsSystemImpl (MetricsSystemImpl.java:register(279)) - Sink prometheus already exists!
2024-02-27 21:36:36,507 [main] INFO  http.BaseHttpServer (BaseHttpServer.java:updateConnectorAddress(354)) - HTTP server of hddsDatanode listening at http://0.0.0.0:15027
2024-02-27 21:36:36,508 [main] INFO  ipc.CallQueueManager (CallQueueManager.java:<init>(90)) - Using callQueue: class java.util.concurrent.LinkedBlockingQueue, queueCapacity: 100, scheduler: class org.apache.hadoop.ipc.DefaultRpcScheduler, ipcBackoff: false.
2024-02-27 21:36:36,508 [main] INFO  ipc.Server (Server.java:<init>(1287)) - Listener at 0.0.0.0:15028
2024-02-27 21:36:36,508 [Socket Reader #1 for port 15028] INFO  ipc.Server (Server.java:run(1323)) - Starting Socket Reader #1 for port 15028
2024-02-27 21:36:36,513 [main] INFO  ozone.HddsDatanodeService (HddsDatanodeService.java:start(327)) - Datanode start with admins: [runner]
2024-02-27 21:36:36,514 [main] INFO  ozone.HddsDatanodeClientProtocolServer (HddsDatanodeClientProtocolServer.java:start(77)) - RPC server for Client /0.0.0.0:15028
2024-02-27 21:36:36,514 [IPC Server Responder] INFO  ipc.Server (Server.java:run(1562)) - IPC Server Responder: starting
2024-02-27 21:36:36,514 [IPC Server listener on 15028] INFO  ipc.Server (Server.java:run(1402)) - IPC Server listener on 15028: starting
2024-02-27 21:36:36,515 [9eee0c4a-241f-4a15-bff1-0522a907ac9b-DatanodeStateMachineDaemonThread] INFO  statemachine.DatanodeStateMachine (DatanodeStateMachine.java:lambda$startDaemon$1(555)) - Ozone container server started.
2024-02-27 21:36:36,515 [main] WARN  dropwizard3.Dm3MetricRegistriesImpl (Dm3MetricRegistriesImpl.java:addReporterRegistration(113)) - New reporters are added after registries were created. Some metrics will be missing from the reporter. Please add reporter before adding any new registry.
2024-02-27 21:36:36,516 [main] WARN  dropwizard3.Dm3MetricRegistriesImpl (Dm3MetricRegistriesImpl.java:addReporterRegistration(113)) - New reporters are added after registries were created. Some metrics will be missing from the reporter. Please add reporter before adding any new registry.
2024-02-27 21:36:36,517 [main] INFO  impl.MetricsSystemImpl (MetricsSystemImpl.java:init(158)) - HddsDatanode metrics system started (again)
2024-02-27 21:36:36,521 [9eee0c4a-241f-4a15-bff1-0522a907ac9b-DatanodeStateMachineTaskThread-0] INFO  datanode.InitDatanodeState (InitDatanodeState.java:persistContainerDatanodeDetails(139)) - DatanodeDetails is persisted to /home/runner/work/ozone/ozone/hadoop-ozone/integration-test/target/test-dir/MiniOzoneClusterImpl-377bd28b-19ec-4c3d-8af6-29a7f1113b2b/ozone-meta/datanode-3/meta/datanode.id
2024-02-27 21:36:36,526 [main] INFO  ozone.HddsDatanodeService (HddsDatanodeService.java:start(240)) - HddsDatanodeService host:fv-az531-651.fb1yufaac5hu3gd5gtxiz42tfh.cx.internal.cloudapp.net ip:10.1.0.18
2024-02-27 21:36:36,545 [main] INFO  upgrade.AbstractLayoutVersionManager (AbstractLayoutVersionManager.java:init(83)) - Initializing Layout version manager with metadata layout = HADOOP_PRC_PORTS_IN_DATANODEDETAILS (version = 7), software layout = HADOOP_PRC_PORTS_IN_DATANODEDETAILS (version = 7)
2024-02-27 21:36:36,545 [main] INFO  statemachine.DatanodeStateMachine (DatanodeStateMachine.java:getEndPointTaskThreadPoolSize(299)) - Datanode State Machine Task Thread Pool size 2
2024-02-27 21:36:36,550 [main] INFO  volume.HddsVolume (HddsVolume.java:<init>(125)) - Creating HddsVolume: /home/runner/work/ozone/ozone/hadoop-ozone/integration-test/target/test-dir/MiniOzoneClusterImpl-377bd28b-19ec-4c3d-8af6-29a7f1113b2b/ozone-meta/datanode-4/data-0/hdds of storage type : DISK capacity : 9223372036854775807
2024-02-27 21:36:36,550 [main] INFO  volume.MutableVolumeSet (MutableVolumeSet.java:initializeVolumeSet(173)) - Added Volume : /home/runner/work/ozone/ozone/hadoop-ozone/integration-test/target/test-dir/MiniOzoneClusterImpl-377bd28b-19ec-4c3d-8af6-29a7f1113b2b/ozone-meta/datanode-4/data-0/hdds to VolumeSet
2024-02-27 21:36:36,552 [main] INFO  volume.MutableVolumeSet (MutableVolumeSet.java:initializeVolumeSet(173)) - Added Volume : /home/runner/work/ozone/ozone/hadoop-ozone/integration-test/target/test-dir/MiniOzoneClusterImpl-377bd28b-19ec-4c3d-8af6-29a7f1113b2b/ozone-meta/datanode-4/ratis to VolumeSet
2024-02-27 21:36:36,552 [main] INFO  ozoneimpl.OzoneContainer (HddsVolumeUtil.java:loadAllHddsVolumeDbStore(103)) - Load 1 volumes DbStore cost: 0ms
2024-02-27 21:36:36,556 [main] INFO  server.RaftServer (ConfUtils.java:logGet(46)) - raft.rpc.type = GRPC (default)
2024-02-27 21:36:36,556 [main] INFO  grpc.GrpcConfigKeys (ConfUtils.java:logFallback(53)) - raft.grpc.admin.host = null (fallback to raft.grpc.server.host)
2024-02-27 21:36:36,556 [main] INFO  grpc.GrpcConfigKeys (ConfUtils.java:logGet(46)) - raft.grpc.admin.port = 15040 (custom)
2024-02-27 21:36:36,556 [main] INFO  grpc.GrpcConfigKeys (ConfUtils.java:logFallback(53)) - raft.grpc.client.host = null (fallback to raft.grpc.server.host)
2024-02-27 21:36:36,557 [main] INFO  grpc.GrpcConfigKeys (ConfUtils.java:logGet(46)) - raft.grpc.client.port = 15039 (custom)
2024-02-27 21:36:36,557 [main] INFO  grpc.GrpcConfigKeys (ConfUtils.java:logGet(46)) - raft.grpc.server.host = null (default)
2024-02-27 21:36:36,557 [main] INFO  grpc.GrpcConfigKeys (ConfUtils.java:logGet(46)) - raft.grpc.server.port = 15041 (custom)
2024-02-27 21:36:36,558 [main] INFO  server.GrpcService (ConfUtils.java:logGet(46)) - raft.grpc.message.size.max = 32MB (=33554432) (custom)
2024-02-27 21:36:36,558 [main] INFO  server.RaftServerConfigKeys (ConfUtils.java:logGet(46)) - raft.server.log.appender.buffer.byte-limit = 8388608 (custom)
2024-02-27 21:36:36,558 [main] INFO  server.GrpcService (ConfUtils.java:logGet(46)) - raft.grpc.flow.control.window = 5MB (=5242880) (custom)
2024-02-27 21:36:36,558 [main] INFO  server.RaftServerConfigKeys (ConfUtils.java:logGet(46)) - raft.server.rpc.request.timeout = 60s (custom)
2024-02-27 21:36:36,559 [main] INFO  grpc.GrpcConfigKeys (ConfUtils.java:logGet(46)) - raft.grpc.server.heartbeat.channel = true (default)
2024-02-27 21:36:36,559 [main] INFO  grpc.GrpcConfigKeys (ConfUtils.java:logGet(46)) - raft.grpc.server.async.request.thread.pool.cached = true (default)
2024-02-27 21:36:36,559 [main] INFO  grpc.GrpcConfigKeys (ConfUtils.java:logGet(46)) - raft.grpc.server.async.request.thread.pool.size = 32 (default)
2024-02-27 21:36:36,561 [main] INFO  impl.DataStreamServerImpl (ConfUtils.java:logGet(46)) - raft.datastream.type = NETTY (custom)
2024-02-27 21:36:36,562 [main] INFO  server.RaftServerConfigKeys (ConfUtils.java:logGet(46)) - raft.server.data-stream.async.request.thread.pool.cached = false (default)
2024-02-27 21:36:36,562 [main] INFO  server.RaftServerConfigKeys (ConfUtils.java:logGet(46)) - raft.server.data-stream.async.request.thread.pool.size = 20 (custom)
2024-02-27 21:36:36,562 [main] INFO  server.RaftServerConfigKeys (ConfUtils.java:logGet(46)) - raft.server.data-stream.async.write.thread.pool.size = 16 (default)
2024-02-27 21:36:36,562 [main] INFO  netty.NettyConfigKeys$DataStream (ConfUtils.java:logGet(46)) - raft.netty.dataStream.server.channel.inactive.grace-period = 10min (default)
2024-02-27 21:36:36,562 [main] INFO  server.RaftServerConfigKeys (ConfUtils.java:logGet(46)) - raft.server.data-stream.client.pool.size = 10 (default)
2024-02-27 21:36:36,563 [main] INFO  netty.NettyConfigKeys$DataStream (ConfUtils.java:logGet(46)) - raft.netty.dataStream.server.use-epoll = true (default)
2024-02-27 21:36:36,563 [main] INFO  netty.NettyConfigKeys$DataStream (ConfUtils.java:logGet(46)) - raft.netty.dataStream.server.boss-group.size = 0 (default)
2024-02-27 21:36:36,563 [main] INFO  netty.NettyUtils (NettyUtils.java:newEventLoopGroup(69)) - Create EpollEventLoopGroup for 33496502-95c3-4a2e-b72a-a08a7037350f-NettyServerStreamRpc-bossGroup; Thread size is 0.
2024-02-27 21:36:36,564 [main] INFO  netty.NettyConfigKeys$DataStream (ConfUtils.java:logGet(46)) - raft.netty.dataStream.server.worker-group.size = 0 (default)
2024-02-27 21:36:36,564 [main] INFO  netty.NettyUtils (NettyUtils.java:newEventLoopGroup(69)) - Create EpollEventLoopGroup for 33496502-95c3-4a2e-b72a-a08a7037350f-NettyServerStreamRpc-workerGroup; Thread size is 0.
2024-02-27 21:36:36,565 [main] INFO  netty.NettyConfigKeys$DataStream (ConfUtils.java:logGet(46)) - raft.netty.dataStream.server.tls.conf = null (default)
2024-02-27 21:36:36,565 [main] INFO  netty.NettyConfigKeys$DataStream (ConfUtils.java:logGet(46)) - raft.netty.dataStream.host = null (default)
2024-02-27 21:36:36,565 [main] INFO  netty.NettyConfigKeys$DataStream (ConfUtils.java:logGet(46)) - raft.netty.dataStream.port = 15042 (custom)
2024-02-27 21:36:36,565 [main] INFO  server.RaftServerConfigKeys (ConfUtils.java:logGet(46)) - raft.server.sleep.deviation.threshold = 300ms (default)
2024-02-27 21:36:36,566 [main] INFO  server.RaftServerConfigKeys (ConfUtils.java:logGet(46)) - raft.server.close.threshold = 60s (default)
2024-02-27 21:36:36,567 [33496502-95c3-4a2e-b72a-a08a7037350f-NettyServerStreamRpc-bossGroup--thread1] INFO  logging.LoggingHandler (AbstractInternalLogger.java:log(148)) - [id: 0x72633099] REGISTERED
2024-02-27 21:36:36,567 [main] INFO  server.RaftServerConfigKeys (ConfUtils.java:logGet(46)) - raft.server.leaderelection.leader.step-down.wait-time = 10s (default)
2024-02-27 21:36:36,567 [33496502-95c3-4a2e-b72a-a08a7037350f-NettyServerStreamRpc-bossGroup--thread1] INFO  logging.LoggingHandler (AbstractInternalLogger.java:log(148)) - [id: 0x72633099] BIND: 0.0.0.0/0.0.0.0:15042
2024-02-27 21:36:36,567 [33496502-95c3-4a2e-b72a-a08a7037350f-NettyServerStreamRpc-bossGroup--thread1] INFO  logging.LoggingHandler (AbstractInternalLogger.java:log(148)) - [id: 0x72633099, L:/0.0.0.0:15042] ACTIVE
2024-02-27 21:36:36,568 [main] INFO  server.RaftServerConfigKeys (ConfUtils.java:logGet(46)) - raft.server.storage.dir = [/home/runner/work/ozone/ozone/hadoop-ozone/integration-test/target/test-dir/MiniOzoneClusterImpl-377bd28b-19ec-4c3d-8af6-29a7f1113b2b/ozone-meta/datanode-4/ratis] (custom)
2024-02-27 21:36:36,568 [main] INFO  server.RaftServerConfigKeys (ConfUtils.java:logGet(46)) - raft.server.threadpool.proxy.cached = true (default)
2024-02-27 21:36:36,568 [main] INFO  server.RaftServerConfigKeys (ConfUtils.java:logGet(46)) - raft.server.threadpool.proxy.size = 0 (default)
2024-02-27 21:36:36,568 [33496502-95c3-4a2e-b72a-a08a7037350f-impl-thread1] INFO  server.RaftServer (RaftServerProxy.java:initGroupDir(264)) - 33496502-95c3-4a2e-b72a-a08a7037350f: found a subdirectory /home/runner/work/ozone/ozone/hadoop-ozone/integration-test/target/test-dir/MiniOzoneClusterImpl-377bd28b-19ec-4c3d-8af6-29a7f1113b2b/ozone-meta/datanode-4/ratis/tmp
2024-02-27 21:36:36,568 [33496502-95c3-4a2e-b72a-a08a7037350f-impl-thread1] INFO  server.RaftServer (RaftServerProxy.java:initGroupDir(269)) - 33496502-95c3-4a2e-b72a-a08a7037350f: The directory /home/runner/work/ozone/ozone/hadoop-ozone/integration-test/target/test-dir/MiniOzoneClusterImpl-377bd28b-19ec-4c3d-8af6-29a7f1113b2b/ozone-meta/datanode-4/ratis/tmp is not a group directory; ignoring it. 
2024-02-27 21:36:36,569 [main] INFO  replication.ReplicationServer (ReplicationServer.java:<init>(86)) - Initializing replication server with thread count = 10 queue length = 4096
2024-02-27 21:36:36,570 [main] INFO  server.XceiverServerGrpc (XceiverServerGrpc.java:<init>(141)) - GrpcServer channel type EpollServerSocketChannel
2024-02-27 21:36:36,572 [main] INFO  replication.ReplicationSupervisor (ReplicationSupervisor.java:build(163)) - Initializing replication supervisor with thread count = 10
2024-02-27 21:36:36,572 [main] INFO  replication.ReplicationSupervisor (ReplicationSupervisor.java:nodeStateUpdated(317)) - Node state updated to IN_SERVICE, scaling executor pool size to 10
2024-02-27 21:36:36,579 [main] INFO  http.BaseHttpServer (BaseHttpServer.java:newHttpServer2BuilderForOzone(223)) - Starting Web-server for hddsDatanode at: http://0.0.0.0:15036
2024-02-27 21:36:36,579 [main] INFO  http.BaseHttpServer (BaseHttpServer.java:<init>(110)) - Hadoop Security Enabled: false Ozone Security Enabled: false Ozone HTTP Security Enabled: false 
2024-02-27 21:36:36,580 [main] WARN  server.AuthenticationFilter (AuthenticationFilter.java:constructSecretProvider(240)) - Unable to initialize FileSignerSecretProvider, falling back to use random secrets. Reason: Could not read signature secret file: /home/runner/hadoop-http-auth-signature-secret
2024-02-27 21:36:36,581 [main] INFO  http.HttpRequestLog (HttpRequestLog.java:getRequestLog(86)) - Http request log for http.requests.hddsDatanode is not defined
2024-02-27 21:36:36,582 [main] INFO  http.HttpServer2 (HttpServer2.java:addGlobalFilter(1036)) - Added global filter 'safety' (class=org.apache.hadoop.hdds.server.http.HttpServer2$QuotingInputFilter)
2024-02-27 21:36:36,583 [main] INFO  http.HttpServer2 (HttpServer2.java:addFilter(1012)) - Added filter static_user_filter (class=org.apache.hadoop.http.lib.StaticUserWebFilter$StaticUserFilter) to context hddsDatanode
2024-02-27 21:36:36,583 [main] INFO  http.HttpServer2 (HttpServer2.java:addFilter(1020)) - Added filter static_user_filter (class=org.apache.hadoop.http.lib.StaticUserWebFilter$StaticUserFilter) to context static
2024-02-27 21:36:36,583 [main] INFO  http.HttpServer2 (HttpServer2.java:addFilter(1020)) - Added filter static_user_filter (class=org.apache.hadoop.http.lib.StaticUserWebFilter$StaticUserFilter) to context logs
2024-02-27 21:36:36,584 [main] INFO  http.BaseHttpServer (BaseHttpServer.java:<init>(189)) - HTTP server of hddsDatanode uses base directory /home/runner/work/ozone/ozone/hadoop-ozone/integration-test/target/test-dir/MiniOzoneClusterImpl-377bd28b-19ec-4c3d-8af6-29a7f1113b2b/ozone-meta/datanode-4/meta/webserver
2024-02-27 21:36:36,584 [main] INFO  http.HttpServer2 (HttpServer2.java:bindListener(1236)) - Jetty bound to port 15036
2024-02-27 21:36:36,584 [main] INFO  server.Server (Server.java:doStart(375)) - jetty-9.4.53.v20231009; built: 2023-10-09T12:29:09.265Z; git: 27bde00a0b95a1d5bbee0eae7984f891d2d0f8c9; jvm 1.8.0_402-b06
2024-02-27 21:36:36,587 [main] INFO  server.session (DefaultSessionIdManager.java:doStart(334)) - DefaultSessionIdManager workerName=node0
2024-02-27 21:36:36,587 [main] INFO  server.session (DefaultSessionIdManager.java:doStart(339)) - No SessionScavenger set, using defaults
2024-02-27 21:36:36,587 [main] INFO  server.session (HouseKeeper.java:startScavenging(132)) - node0 Scavenging every 600000ms
2024-02-27 21:36:36,590 [om1@group-C5BA1605619E-FollowerState] INFO  impl.FollowerState (FollowerState.java:run(143)) - om1@group-C5BA1605619E-FollowerState: change to CANDIDATE, lastRpcElapsedTime:1037246138ns, electionTimeout:1031ms
2024-02-27 21:36:36,591 [om1@group-C5BA1605619E-FollowerState] INFO  impl.RoleInfo (RoleInfo.java:shutdownFollowerState(110)) - om1: shutdown om1@group-C5BA1605619E-FollowerState
2024-02-27 21:36:36,594 [om1@group-C5BA1605619E-FollowerState] INFO  server.RaftServer$Division (RaftServerImpl.java:setRole(383)) - om1@group-C5BA1605619E: changes role from  FOLLOWER to CANDIDATE at term 0 for changeToCandidate
2024-02-27 21:36:36,594 [main] INFO  handler.ContextHandler (ContextHandler.java:doStart(921)) - Started o.e.j.s.ServletContextHandler@38ec12ef{logs,/logs,file:///home/runner/work/ozone/ozone/hadoop-ozone/integration-test/target/log,AVAILABLE}
2024-02-27 21:36:36,594 [main] INFO  handler.ContextHandler (ContextHandler.java:doStart(921)) - Started o.e.j.s.ServletContextHandler@2d624e92{static,/static,jar:file:/home/runner/.m2/repository/org/apache/ozone/hdds-container-service/1.5.0-SNAPSHOT/hdds-container-service-1.5.0-SNAPSHOT.jar!/webapps/static,AVAILABLE}
2024-02-27 21:36:36,596 [om1@group-C5BA1605619E-FollowerState] INFO  server.RaftServerConfigKeys (ConfUtils.java:logGet(46)) - raft.server.leaderelection.pre-vote = true (default)
2024-02-27 21:36:36,596 [om1@group-C5BA1605619E-FollowerState] INFO  impl.RoleInfo (RoleInfo.java:updateAndGet(139)) - om1: start om1@group-C5BA1605619E-LeaderElection1
2024-02-27 21:36:36,601 [om1@group-C5BA1605619E-LeaderElection1] INFO  impl.LeaderElection (LeaderElection.java:askForVotes(321)) - om1@group-C5BA1605619E-LeaderElection1 PRE_VOTE round 0: submit vote requests at term 0 for -1: peers:[om1|localhost:15007]|listeners:[], old=null
2024-02-27 21:36:36,601 [om1@group-C5BA1605619E-LeaderElection1] INFO  impl.LeaderElection (LeaderElection.java:askForVotes(323)) - om1@group-C5BA1605619E-LeaderElection1 PRE_VOTE round 0: result PASSED (term=0)
2024-02-27 21:36:36,603 [om1@group-C5BA1605619E-LeaderElection1] INFO  impl.LeaderElection (LeaderElection.java:askForVotes(321)) - om1@group-C5BA1605619E-LeaderElection1 ELECTION round 0: submit vote requests at term 1 for -1: peers:[om1|localhost:15007]|listeners:[], old=null
2024-02-27 21:36:36,603 [om1@group-C5BA1605619E-LeaderElection1] INFO  impl.LeaderElection (LeaderElection.java:askForVotes(323)) - om1@group-C5BA1605619E-LeaderElection1 ELECTION round 0: result PASSED (term=1)
2024-02-27 21:36:36,603 [om1@group-C5BA1605619E-LeaderElection1] INFO  impl.RoleInfo (RoleInfo.java:shutdownLeaderElection(130)) - om1: shutdown om1@group-C5BA1605619E-LeaderElection1
2024-02-27 21:36:36,604 [om1@group-C5BA1605619E-LeaderElection1] INFO  server.RaftServer$Division (RaftServerImpl.java:setRole(383)) - om1@group-C5BA1605619E: changes role from CANDIDATE to LEADER at term 1 for changeToLeader
2024-02-27 21:36:36,608 [om1@group-C5BA1605619E-LeaderElection1] INFO  server.RaftServerConfigKeys (ConfUtils.java:logGet(46)) - raft.server.staging.catchup.gap = 1000 (default)
2024-02-27 21:36:36,611 [om1@group-C5BA1605619E-LeaderElection1] INFO  server.RaftServerConfigKeys (ConfUtils.java:logGet(46)) - raft.server.write.element-limit = 4096 (default)
2024-02-27 21:36:36,612 [om1@group-C5BA1605619E-LeaderElection1] INFO  server.RaftServerConfigKeys (ConfUtils.java:logGet(46)) - raft.server.write.byte-limit = 64MB (=67108864) (default)
2024-02-27 21:36:36,618 [om1@group-C5BA1605619E-LeaderElection1] INFO  server.RaftServerConfigKeys (ConfUtils.java:logGet(46)) - raft.server.watch.timeout = 10s (default)
2024-02-27 21:36:36,618 [om1@group-C5BA1605619E-LeaderElection1] INFO  server.RaftServerConfigKeys (ConfUtils.java:logGet(46)) - raft.server.watch.timeout.denomination = 1s (default)
2024-02-27 21:36:36,619 [om1@group-C5BA1605619E-LeaderElection1] INFO  server.RaftServerConfigKeys (ConfUtils.java:logGet(46)) - raft.server.watch.element-limit = 65536 (default)
2024-02-27 21:36:36,626 [om1@group-C5BA1605619E-LeaderElection1] INFO  server.RaftServerConfigKeys (ConfUtils.java:logGet(46)) - raft.server.read.leader.lease.enabled = false (default)
2024-02-27 21:36:36,630 [om1@group-C5BA1605619E-LeaderElection1] INFO  server.RaftServerConfigKeys (ConfUtils.java:logGet(46)) - raft.server.read.leader.lease.timeout.ratio = 0.9 (default)
2024-02-27 21:36:36,631 [om1@group-C5BA1605619E-LeaderElection1] INFO  server.RaftServerConfigKeys (ConfUtils.java:logGet(46)) - raft.server.rpc.timeout.min = 1s (custom)
2024-02-27 21:36:36,631 [om1@group-C5BA1605619E-LeaderElection1] INFO  server.RaftServerConfigKeys (ConfUtils.java:logGet(46)) - raft.server.write.element-limit = 4096 (default)
2024-02-27 21:36:36,631 [om1@group-C5BA1605619E-LeaderElection1] INFO  server.RaftServerConfigKeys (ConfUtils.java:logGet(46)) - raft.server.write.follower.gap.ratio.max = -1.0 (default)
2024-02-27 21:36:36,633 [om1@group-C5BA1605619E-LeaderElection1] INFO  impl.RoleInfo (RoleInfo.java:updateAndGet(139)) - om1: start om1@group-C5BA1605619E-LeaderStateImpl
2024-02-27 21:36:36,634 [om1@group-C5BA1605619E-LeaderElection1] INFO  server.RaftServer$Division (RaftServerImpl.java:setFirstElection(574)) - om1@group-C5BA1605619E: set firstElectionSinceStartup to false for becomeLeader
2024-02-27 21:36:36,636 [om1@group-C5BA1605619E-LeaderElection1] INFO  server.RaftServer$Division (ServerState.java:setLeader(269)) - om1@group-C5BA1605619E: change Leader from null to om1 at term 1 for becomeLeader, leader elected after 1731ms
2024-02-27 21:36:36,642 [main] INFO  handler.ContextHandler (ContextHandler.java:doStart(921)) - Started o.e.j.w.WebAppContext@30ab9b0d{hddsDatanode,/,file:///home/runner/work/ozone/ozone/hadoop-ozone/integration-test/target/test-dir/MiniOzoneClusterImpl-377bd28b-19ec-4c3d-8af6-29a7f1113b2b/ozone-meta/datanode-4/meta/webserver/jetty-0_0_0_0-15036-hdds-container-service-1_5_0-SNAPSHOT_jar-_-any-5694290350077551992/webapp/,AVAILABLE}{jar:file:/home/runner/.m2/repository/org/apache/ozone/hdds-container-service/1.5.0-SNAPSHOT/hdds-container-service-1.5.0-SNAPSHOT.jar!/webapps/hddsDatanode}
2024-02-27 21:36:36,644 [main] INFO  server.AbstractConnector (AbstractConnector.java:doStart(333)) - Started ServerConnector@188015cf{HTTP/1.1, (http/1.1)}{0.0.0.0:15036}
2024-02-27 21:36:36,644 [main] INFO  server.Server (Server.java:doStart(415)) - Started @6988ms
2024-02-27 21:36:36,644 [main] WARN  impl.MetricsSystemImpl (MetricsSystemImpl.java:register(279)) - Sink prometheus already exists!
2024-02-27 21:36:36,645 [main] INFO  http.BaseHttpServer (BaseHttpServer.java:updateConnectorAddress(354)) - HTTP server of hddsDatanode listening at http://0.0.0.0:15036
2024-02-27 21:36:36,646 [main] INFO  ipc.CallQueueManager (CallQueueManager.java:<init>(90)) - Using callQueue: class java.util.concurrent.LinkedBlockingQueue, queueCapacity: 100, scheduler: class org.apache.hadoop.ipc.DefaultRpcScheduler, ipcBackoff: false.
2024-02-27 21:36:36,646 [main] INFO  ipc.Server (Server.java:<init>(1287)) - Listener at 0.0.0.0:15037
2024-02-27 21:36:36,647 [Socket Reader #1 for port 15037] INFO  ipc.Server (Server.java:run(1323)) - Starting Socket Reader #1 for port 15037
2024-02-27 21:36:36,650 [main] INFO  ozone.HddsDatanodeService (HddsDatanodeService.java:start(327)) - Datanode start with admins: [runner]
2024-02-27 21:36:36,650 [main] INFO  ozone.HddsDatanodeClientProtocolServer (HddsDatanodeClientProtocolServer.java:start(77)) - RPC server for Client /0.0.0.0:15037
2024-02-27 21:36:36,650 [IPC Server Responder] INFO  ipc.Server (Server.java:run(1562)) - IPC Server Responder: starting
2024-02-27 21:36:36,650 [IPC Server listener on 15037] INFO  ipc.Server (Server.java:run(1402)) - IPC Server listener on 15037: starting
2024-02-27 21:36:36,651 [main] WARN  dropwizard3.Dm3MetricRegistriesImpl (Dm3MetricRegistriesImpl.java:addReporterRegistration(113)) - New reporters are added after registries were created. Some metrics will be missing from the reporter. Please add reporter before adding any new registry.
2024-02-27 21:36:36,651 [main] WARN  dropwizard3.Dm3MetricRegistriesImpl (Dm3MetricRegistriesImpl.java:addReporterRegistration(113)) - New reporters are added after registries were created. Some metrics will be missing from the reporter. Please add reporter before adding any new registry.
2024-02-27 21:36:36,651 [main] INFO  impl.MetricsSystemImpl (MetricsSystemImpl.java:init(158)) - HddsDatanode metrics system started (again)
2024-02-27 21:36:36,658 [33496502-95c3-4a2e-b72a-a08a7037350f-DatanodeStateMachineDaemonThread] INFO  statemachine.DatanodeStateMachine (DatanodeStateMachine.java:lambda$startDaemon$1(555)) - Ozone container server started.
2024-02-27 21:36:36,668 [main] INFO  ozone.HddsDatanodeService (HddsDatanodeService.java:start(240)) - HddsDatanodeService host:fv-az531-651.fb1yufaac5hu3gd5gtxiz42tfh.cx.internal.cloudapp.net ip:10.1.0.18
2024-02-27 21:36:36,674 [om1@group-C5BA1605619E-LeaderElection1] INFO  segmented.SegmentedRaftLogWorker (SegmentedRaftLogWorker.java:startLogSegment(430)) - om1@group-C5BA1605619E-SegmentedRaftLogWorker: Starting segment from index:0
2024-02-27 21:36:36,691 [33496502-95c3-4a2e-b72a-a08a7037350f-DatanodeStateMachineTaskThread-0] INFO  datanode.InitDatanodeState (InitDatanodeState.java:persistContainerDatanodeDetails(139)) - DatanodeDetails is persisted to /home/runner/work/ozone/ozone/hadoop-ozone/integration-test/target/test-dir/MiniOzoneClusterImpl-377bd28b-19ec-4c3d-8af6-29a7f1113b2b/ozone-meta/datanode-4/meta/datanode.id
2024-02-27 21:36:36,697 [om1@group-C5BA1605619E-SegmentedRaftLogWorker] INFO  segmented.BufferedWriteChannel (BufferedWriteChannel.java:open(62)) - open log_inprogress_0 at position 0
2024-02-27 21:36:36,702 [om1@group-C5BA1605619E-LeaderElection1] INFO  server.RaftServer$Division (ServerState.java:setRaftConf(386)) - om1@group-C5BA1605619E: set configuration 0: peers:[om1|localhost:15007]|listeners:[], old=null
2024-02-27 21:36:36,706 [om1@group-C5BA1605619E-SegmentedRaftLogWorker] INFO  segmented.SegmentedRaftLogWorker (SegmentedRaftLogWorker.java:execute(634)) - om1@group-C5BA1605619E-SegmentedRaftLogWorker: created new log segment /home/runner/work/ozone/ozone/hadoop-ozone/integration-test/target/test-dir/MiniOzoneClusterImpl-377bd28b-19ec-4c3d-8af6-29a7f1113b2b/ozone-meta/ratis/bf265839-605b-3f16-9796-c5ba1605619e/current/log_inprogress_0
2024-02-27 21:36:36,711 [main] INFO  upgrade.AbstractLayoutVersionManager (AbstractLayoutVersionManager.java:init(83)) - Initializing Layout version manager with metadata layout = HADOOP_PRC_PORTS_IN_DATANODEDETAILS (version = 7), software layout = HADOOP_PRC_PORTS_IN_DATANODEDETAILS (version = 7)
2024-02-27 21:36:36,712 [main] INFO  statemachine.DatanodeStateMachine (DatanodeStateMachine.java:getEndPointTaskThreadPoolSize(299)) - Datanode State Machine Task Thread Pool size 2
2024-02-27 21:36:36,723 [main] INFO  volume.HddsVolume (HddsVolume.java:<init>(125)) - Creating HddsVolume: /home/runner/work/ozone/ozone/hadoop-ozone/integration-test/target/test-dir/MiniOzoneClusterImpl-377bd28b-19ec-4c3d-8af6-29a7f1113b2b/ozone-meta/datanode-5/data-0/hdds of storage type : DISK capacity : 9223372036854775807
2024-02-27 21:36:36,723 [main] INFO  volume.MutableVolumeSet (MutableVolumeSet.java:initializeVolumeSet(173)) - Added Volume : /home/runner/work/ozone/ozone/hadoop-ozone/integration-test/target/test-dir/MiniOzoneClusterImpl-377bd28b-19ec-4c3d-8af6-29a7f1113b2b/ozone-meta/datanode-5/data-0/hdds to VolumeSet
2024-02-27 21:36:36,724 [main] INFO  volume.MutableVolumeSet (MutableVolumeSet.java:initializeVolumeSet(173)) - Added Volume : /home/runner/work/ozone/ozone/hadoop-ozone/integration-test/target/test-dir/MiniOzoneClusterImpl-377bd28b-19ec-4c3d-8af6-29a7f1113b2b/ozone-meta/datanode-5/ratis to VolumeSet
2024-02-27 21:36:36,725 [main] INFO  ozoneimpl.OzoneContainer (HddsVolumeUtil.java:loadAllHddsVolumeDbStore(103)) - Load 1 volumes DbStore cost: 0ms
2024-02-27 21:36:36,729 [main] INFO  server.RaftServer (ConfUtils.java:logGet(46)) - raft.rpc.type = GRPC (default)
2024-02-27 21:36:36,729 [main] INFO  grpc.GrpcConfigKeys (ConfUtils.java:logFallback(53)) - raft.grpc.admin.host = null (fallback to raft.grpc.server.host)
2024-02-27 21:36:36,729 [main] INFO  grpc.GrpcConfigKeys (ConfUtils.java:logGet(46)) - raft.grpc.admin.port = 15049 (custom)
2024-02-27 21:36:36,729 [main] INFO  grpc.GrpcConfigKeys (ConfUtils.java:logFallback(53)) - raft.grpc.client.host = null (fallback to raft.grpc.server.host)
2024-02-27 21:36:36,730 [main] INFO  grpc.GrpcConfigKeys (ConfUtils.java:logGet(46)) - raft.grpc.client.port = 15048 (custom)
2024-02-27 21:36:36,730 [main] INFO  grpc.GrpcConfigKeys (ConfUtils.java:logGet(46)) - raft.grpc.server.host = null (default)
2024-02-27 21:36:36,730 [main] INFO  grpc.GrpcConfigKeys (ConfUtils.java:logGet(46)) - raft.grpc.server.port = 15050 (custom)
2024-02-27 21:36:36,731 [main] INFO  server.GrpcService (ConfUtils.java:logGet(46)) - raft.grpc.message.size.max = 32MB (=33554432) (custom)
2024-02-27 21:36:36,732 [main] INFO  server.RaftServerConfigKeys (ConfUtils.java:logGet(46)) - raft.server.log.appender.buffer.byte-limit = 8388608 (custom)
2024-02-27 21:36:36,732 [main] INFO  server.GrpcService (ConfUtils.java:logGet(46)) - raft.grpc.flow.control.window = 5MB (=5242880) (custom)
2024-02-27 21:36:36,734 [main] INFO  server.RaftServerConfigKeys (ConfUtils.java:logGet(46)) - raft.server.rpc.request.timeout = 60s (custom)
2024-02-27 21:36:36,734 [main] INFO  grpc.GrpcConfigKeys (ConfUtils.java:logGet(46)) - raft.grpc.server.heartbeat.channel = true (default)
2024-02-27 21:36:36,735 [main] INFO  grpc.GrpcConfigKeys (ConfUtils.java:logGet(46)) - raft.grpc.server.async.request.thread.pool.cached = true (default)
2024-02-27 21:36:36,735 [main] INFO  grpc.GrpcConfigKeys (ConfUtils.java:logGet(46)) - raft.grpc.server.async.request.thread.pool.size = 32 (default)
2024-02-27 21:36:36,737 [main] INFO  impl.DataStreamServerImpl (ConfUtils.java:logGet(46)) - raft.datastream.type = NETTY (custom)
2024-02-27 21:36:36,738 [main] INFO  server.RaftServerConfigKeys (ConfUtils.java:logGet(46)) - raft.server.data-stream.async.request.thread.pool.cached = false (default)
2024-02-27 21:36:36,738 [main] INFO  server.RaftServerConfigKeys (ConfUtils.java:logGet(46)) - raft.server.data-stream.async.request.thread.pool.size = 20 (custom)
2024-02-27 21:36:36,738 [main] INFO  server.RaftServerConfigKeys (ConfUtils.java:logGet(46)) - raft.server.data-stream.async.write.thread.pool.size = 16 (default)
2024-02-27 21:36:36,739 [main] INFO  netty.NettyConfigKeys$DataStream (ConfUtils.java:logGet(46)) - raft.netty.dataStream.server.channel.inactive.grace-period = 10min (default)
2024-02-27 21:36:36,739 [main] INFO  server.RaftServerConfigKeys (ConfUtils.java:logGet(46)) - raft.server.data-stream.client.pool.size = 10 (default)
2024-02-27 21:36:36,739 [main] INFO  netty.NettyConfigKeys$DataStream (ConfUtils.java:logGet(46)) - raft.netty.dataStream.server.use-epoll = true (default)
2024-02-27 21:36:36,739 [main] INFO  netty.NettyConfigKeys$DataStream (ConfUtils.java:logGet(46)) - raft.netty.dataStream.server.boss-group.size = 0 (default)
2024-02-27 21:36:36,740 [main] INFO  netty.NettyUtils (NettyUtils.java:newEventLoopGroup(69)) - Create EpollEventLoopGroup for 99aab7c0-d213-4f2c-9146-fe97bea2462a-NettyServerStreamRpc-bossGroup; Thread size is 0.
2024-02-27 21:36:36,740 [main] INFO  netty.NettyConfigKeys$DataStream (ConfUtils.java:logGet(46)) - raft.netty.dataStream.server.worker-group.size = 0 (default)
2024-02-27 21:36:36,740 [main] INFO  netty.NettyUtils (NettyUtils.java:newEventLoopGroup(69)) - Create EpollEventLoopGroup for 99aab7c0-d213-4f2c-9146-fe97bea2462a-NettyServerStreamRpc-workerGroup; Thread size is 0.
2024-02-27 21:36:36,741 [main] INFO  netty.NettyConfigKeys$DataStream (ConfUtils.java:logGet(46)) - raft.netty.dataStream.server.tls.conf = null (default)
2024-02-27 21:36:36,741 [main] INFO  netty.NettyConfigKeys$DataStream (ConfUtils.java:logGet(46)) - raft.netty.dataStream.host = null (default)
2024-02-27 21:36:36,742 [main] INFO  netty.NettyConfigKeys$DataStream (ConfUtils.java:logGet(46)) - raft.netty.dataStream.port = 15051 (custom)
2024-02-27 21:36:36,742 [main] INFO  server.RaftServerConfigKeys (ConfUtils.java:logGet(46)) - raft.server.sleep.deviation.threshold = 300ms (default)
2024-02-27 21:36:36,742 [main] INFO  server.RaftServerConfigKeys (ConfUtils.java:logGet(46)) - raft.server.close.threshold = 60s (default)
2024-02-27 21:36:36,742 [main] INFO  server.RaftServerConfigKeys (ConfUtils.java:logGet(46)) - raft.server.leaderelection.leader.step-down.wait-time = 10s (default)
2024-02-27 21:36:36,743 [main] INFO  server.RaftServerConfigKeys (ConfUtils.java:logGet(46)) - raft.server.storage.dir = [/home/runner/work/ozone/ozone/hadoop-ozone/integration-test/target/test-dir/MiniOzoneClusterImpl-377bd28b-19ec-4c3d-8af6-29a7f1113b2b/ozone-meta/datanode-5/ratis] (custom)
2024-02-27 21:36:36,743 [main] INFO  server.RaftServerConfigKeys (ConfUtils.java:logGet(46)) - raft.server.threadpool.proxy.cached = true (default)
2024-02-27 21:36:36,743 [main] INFO  server.RaftServerConfigKeys (ConfUtils.java:logGet(46)) - raft.server.threadpool.proxy.size = 0 (default)
2024-02-27 21:36:36,756 [99aab7c0-d213-4f2c-9146-fe97bea2462a-NettyServerStreamRpc-bossGroup--thread1] INFO  logging.LoggingHandler (AbstractInternalLogger.java:log(148)) - [id: 0xfede6bd0] REGISTERED
2024-02-27 21:36:36,757 [99aab7c0-d213-4f2c-9146-fe97bea2462a-NettyServerStreamRpc-bossGroup--thread1] INFO  logging.LoggingHandler (AbstractInternalLogger.java:log(148)) - [id: 0xfede6bd0] BIND: 0.0.0.0/0.0.0.0:15051
2024-02-27 21:36:36,757 [99aab7c0-d213-4f2c-9146-fe97bea2462a-NettyServerStreamRpc-bossGroup--thread1] INFO  logging.LoggingHandler (AbstractInternalLogger.java:log(148)) - [id: 0xfede6bd0, L:/0.0.0.0:15051] ACTIVE
2024-02-27 21:36:36,757 [99aab7c0-d213-4f2c-9146-fe97bea2462a-impl-thread1] INFO  server.RaftServer (RaftServerProxy.java:initGroupDir(264)) - 99aab7c0-d213-4f2c-9146-fe97bea2462a: found a subdirectory /home/runner/work/ozone/ozone/hadoop-ozone/integration-test/target/test-dir/MiniOzoneClusterImpl-377bd28b-19ec-4c3d-8af6-29a7f1113b2b/ozone-meta/datanode-5/ratis/tmp
2024-02-27 21:36:36,757 [99aab7c0-d213-4f2c-9146-fe97bea2462a-impl-thread1] INFO  server.RaftServer (RaftServerProxy.java:initGroupDir(269)) - 99aab7c0-d213-4f2c-9146-fe97bea2462a: The directory /home/runner/work/ozone/ozone/hadoop-ozone/integration-test/target/test-dir/MiniOzoneClusterImpl-377bd28b-19ec-4c3d-8af6-29a7f1113b2b/ozone-meta/datanode-5/ratis/tmp is not a group directory; ignoring it. 
2024-02-27 21:36:36,759 [main] INFO  replication.ReplicationServer (ReplicationServer.java:<init>(86)) - Initializing replication server with thread count = 10 queue length = 4096
2024-02-27 21:36:36,760 [main] INFO  server.XceiverServerGrpc (XceiverServerGrpc.java:<init>(141)) - GrpcServer channel type EpollServerSocketChannel
2024-02-27 21:36:36,762 [main] INFO  replication.ReplicationSupervisor (ReplicationSupervisor.java:build(163)) - Initializing replication supervisor with thread count = 10
2024-02-27 21:36:36,763 [main] INFO  replication.ReplicationSupervisor (ReplicationSupervisor.java:nodeStateUpdated(317)) - Node state updated to IN_SERVICE, scaling executor pool size to 10
2024-02-27 21:36:36,765 [main] INFO  http.BaseHttpServer (BaseHttpServer.java:newHttpServer2BuilderForOzone(223)) - Starting Web-server for hddsDatanode at: http://0.0.0.0:15045
2024-02-27 21:36:36,765 [main] INFO  http.BaseHttpServer (BaseHttpServer.java:<init>(110)) - Hadoop Security Enabled: false Ozone Security Enabled: false Ozone HTTP Security Enabled: false 
2024-02-27 21:36:36,767 [main] WARN  server.AuthenticationFilter (AuthenticationFilter.java:constructSecretProvider(240)) - Unable to initialize FileSignerSecretProvider, falling back to use random secrets. Reason: Could not read signature secret file: /home/runner/hadoop-http-auth-signature-secret
2024-02-27 21:36:36,768 [main] INFO  http.HttpRequestLog (HttpRequestLog.java:getRequestLog(86)) - Http request log for http.requests.hddsDatanode is not defined
2024-02-27 21:36:36,769 [main] INFO  http.HttpServer2 (HttpServer2.java:addGlobalFilter(1036)) - Added global filter 'safety' (class=org.apache.hadoop.hdds.server.http.HttpServer2$QuotingInputFilter)
2024-02-27 21:36:36,770 [main] INFO  http.HttpServer2 (HttpServer2.java:addFilter(1012)) - Added filter static_user_filter (class=org.apache.hadoop.http.lib.StaticUserWebFilter$StaticUserFilter) to context hddsDatanode
2024-02-27 21:36:36,771 [main] INFO  http.HttpServer2 (HttpServer2.java:addFilter(1020)) - Added filter static_user_filter (class=org.apache.hadoop.http.lib.StaticUserWebFilter$StaticUserFilter) to context logs
2024-02-27 21:36:36,771 [main] INFO  http.HttpServer2 (HttpServer2.java:addFilter(1020)) - Added filter static_user_filter (class=org.apache.hadoop.http.lib.StaticUserWebFilter$StaticUserFilter) to context static
2024-02-27 21:36:36,772 [main] INFO  http.BaseHttpServer (BaseHttpServer.java:<init>(189)) - HTTP server of hddsDatanode uses base directory /home/runner/work/ozone/ozone/hadoop-ozone/integration-test/target/test-dir/MiniOzoneClusterImpl-377bd28b-19ec-4c3d-8af6-29a7f1113b2b/ozone-meta/datanode-5/meta/webserver
2024-02-27 21:36:36,772 [main] INFO  http.HttpServer2 (HttpServer2.java:bindListener(1236)) - Jetty bound to port 15045
2024-02-27 21:36:36,772 [main] INFO  server.Server (Server.java:doStart(375)) - jetty-9.4.53.v20231009; built: 2023-10-09T12:29:09.265Z; git: 27bde00a0b95a1d5bbee0eae7984f891d2d0f8c9; jvm 1.8.0_402-b06
2024-02-27 21:36:36,775 [main] INFO  server.session (DefaultSessionIdManager.java:doStart(334)) - DefaultSessionIdManager workerName=node0
2024-02-27 21:36:36,775 [main] INFO  server.session (DefaultSessionIdManager.java:doStart(339)) - No SessionScavenger set, using defaults
2024-02-27 21:36:36,775 [main] INFO  server.session (HouseKeeper.java:startScavenging(132)) - node0 Scavenging every 600000ms
2024-02-27 21:36:36,776 [main] INFO  handler.ContextHandler (ContextHandler.java:doStart(921)) - Started o.e.j.s.ServletContextHandler@7264ae98{logs,/logs,file:///home/runner/work/ozone/ozone/hadoop-ozone/integration-test/target/log,AVAILABLE}
2024-02-27 21:36:36,777 [main] INFO  handler.ContextHandler (ContextHandler.java:doStart(921)) - Started o.e.j.s.ServletContextHandler@116c8532{static,/static,jar:file:/home/runner/.m2/repository/org/apache/ozone/hdds-container-service/1.5.0-SNAPSHOT/hdds-container-service-1.5.0-SNAPSHOT.jar!/webapps/static,AVAILABLE}
2024-02-27 21:36:36,819 [om1@group-C5BA1605619E-StateMachineUpdater] INFO  ratis.OzoneManagerStateMachine (OzoneManagerStateMachine.java:notifyConfigurationChanged(200)) - Received Configuration change notification from Ratis. New Peer list:
[id: "om1"
address: "localhost:15007"
startupRole: FOLLOWER
]
2024-02-27 21:36:36,820 [om1@group-C5BA1605619E-StateMachineUpdater] INFO  server.RaftServer$Division (LeaderStateImpl.java:isApplied(320)) - leader is ready since appliedIndex == 0 >= startIndex == 0
2024-02-27 21:36:36,831 [main] INFO  handler.ContextHandler (ContextHandler.java:doStart(921)) - Started o.e.j.w.WebAppContext@26c84c5d{hddsDatanode,/,file:///home/runner/work/ozone/ozone/hadoop-ozone/integration-test/target/test-dir/MiniOzoneClusterImpl-377bd28b-19ec-4c3d-8af6-29a7f1113b2b/ozone-meta/datanode-5/meta/webserver/jetty-0_0_0_0-15045-hdds-container-service-1_5_0-SNAPSHOT_jar-_-any-3556169533988091228/webapp/,AVAILABLE}{jar:file:/home/runner/.m2/repository/org/apache/ozone/hdds-container-service/1.5.0-SNAPSHOT/hdds-container-service-1.5.0-SNAPSHOT.jar!/webapps/hddsDatanode}
2024-02-27 21:36:36,834 [main] INFO  server.AbstractConnector (AbstractConnector.java:doStart(333)) - Started ServerConnector@52529090{HTTP/1.1, (http/1.1)}{0.0.0.0:15045}
2024-02-27 21:36:36,834 [main] INFO  server.Server (Server.java:doStart(415)) - Started @7178ms
2024-02-27 21:36:36,835 [main] WARN  impl.MetricsSystemImpl (MetricsSystemImpl.java:register(279)) - Sink prometheus already exists!
2024-02-27 21:36:36,835 [main] INFO  http.BaseHttpServer (BaseHttpServer.java:updateConnectorAddress(354)) - HTTP server of hddsDatanode listening at http://0.0.0.0:15045
2024-02-27 21:36:36,836 [main] INFO  ipc.CallQueueManager (CallQueueManager.java:<init>(90)) - Using callQueue: class java.util.concurrent.LinkedBlockingQueue, queueCapacity: 100, scheduler: class org.apache.hadoop.ipc.DefaultRpcScheduler, ipcBackoff: false.
2024-02-27 21:36:36,836 [main] INFO  ipc.Server (Server.java:<init>(1287)) - Listener at 0.0.0.0:15046
2024-02-27 21:36:36,837 [Socket Reader #1 for port 15046] INFO  ipc.Server (Server.java:run(1323)) - Starting Socket Reader #1 for port 15046
2024-02-27 21:36:36,840 [main] INFO  ozone.HddsDatanodeService (HddsDatanodeService.java:start(327)) - Datanode start with admins: [runner]
2024-02-27 21:36:36,840 [main] INFO  ozone.HddsDatanodeClientProtocolServer (HddsDatanodeClientProtocolServer.java:start(77)) - RPC server for Client /0.0.0.0:15046
2024-02-27 21:36:36,841 [IPC Server Responder] INFO  ipc.Server (Server.java:run(1562)) - IPC Server Responder: starting
2024-02-27 21:36:36,841 [IPC Server listener on 15046] INFO  ipc.Server (Server.java:run(1402)) - IPC Server listener on 15046: starting
2024-02-27 21:36:36,846 [99aab7c0-d213-4f2c-9146-fe97bea2462a-DatanodeStateMachineDaemonThread] INFO  statemachine.DatanodeStateMachine (DatanodeStateMachine.java:lambda$startDaemon$1(555)) - Ozone container server started.
2024-02-27 21:36:36,846 [main] WARN  dropwizard3.Dm3MetricRegistriesImpl (Dm3MetricRegistriesImpl.java:addReporterRegistration(113)) - New reporters are added after registries were created. Some metrics will be missing from the reporter. Please add reporter before adding any new registry.
2024-02-27 21:36:36,847 [main] WARN  dropwizard3.Dm3MetricRegistriesImpl (Dm3MetricRegistriesImpl.java:addReporterRegistration(113)) - New reporters are added after registries were created. Some metrics will be missing from the reporter. Please add reporter before adding any new registry.
2024-02-27 21:36:36,847 [main] INFO  impl.MetricsSystemImpl (MetricsSystemImpl.java:init(158)) - HddsDatanode metrics system started (again)
2024-02-27 21:36:36,860 [main] INFO  ozone.HddsDatanodeService (HddsDatanodeService.java:start(240)) - HddsDatanodeService host:fv-az531-651.fb1yufaac5hu3gd5gtxiz42tfh.cx.internal.cloudapp.net ip:10.1.0.18
2024-02-27 21:36:36,861 [99aab7c0-d213-4f2c-9146-fe97bea2462a-DatanodeStateMachineTaskThread-0] INFO  datanode.InitDatanodeState (InitDatanodeState.java:persistContainerDatanodeDetails(139)) - DatanodeDetails is persisted to /home/runner/work/ozone/ozone/hadoop-ozone/integration-test/target/test-dir/MiniOzoneClusterImpl-377bd28b-19ec-4c3d-8af6-29a7f1113b2b/ozone-meta/datanode-5/meta/datanode.id
2024-02-27 21:36:36,881 [main] INFO  upgrade.AbstractLayoutVersionManager (AbstractLayoutVersionManager.java:init(83)) - Initializing Layout version manager with metadata layout = HADOOP_PRC_PORTS_IN_DATANODEDETAILS (version = 7), software layout = HADOOP_PRC_PORTS_IN_DATANODEDETAILS (version = 7)
2024-02-27 21:36:36,882 [main] INFO  statemachine.DatanodeStateMachine (DatanodeStateMachine.java:getEndPointTaskThreadPoolSize(299)) - Datanode State Machine Task Thread Pool size 2
2024-02-27 21:36:36,884 [main] INFO  volume.HddsVolume (HddsVolume.java:<init>(125)) - Creating HddsVolume: /home/runner/work/ozone/ozone/hadoop-ozone/integration-test/target/test-dir/MiniOzoneClusterImpl-377bd28b-19ec-4c3d-8af6-29a7f1113b2b/ozone-meta/datanode-6/data-0/hdds of storage type : DISK capacity : 9223372036854775807
2024-02-27 21:36:36,884 [main] INFO  volume.MutableVolumeSet (MutableVolumeSet.java:initializeVolumeSet(173)) - Added Volume : /home/runner/work/ozone/ozone/hadoop-ozone/integration-test/target/test-dir/MiniOzoneClusterImpl-377bd28b-19ec-4c3d-8af6-29a7f1113b2b/ozone-meta/datanode-6/data-0/hdds to VolumeSet
2024-02-27 21:36:36,885 [main] INFO  volume.MutableVolumeSet (MutableVolumeSet.java:initializeVolumeSet(173)) - Added Volume : /home/runner/work/ozone/ozone/hadoop-ozone/integration-test/target/test-dir/MiniOzoneClusterImpl-377bd28b-19ec-4c3d-8af6-29a7f1113b2b/ozone-meta/datanode-6/ratis to VolumeSet
2024-02-27 21:36:36,886 [main] INFO  ozoneimpl.OzoneContainer (HddsVolumeUtil.java:loadAllHddsVolumeDbStore(103)) - Load 1 volumes DbStore cost: 0ms
2024-02-27 21:36:36,889 [main] INFO  server.RaftServer (ConfUtils.java:logGet(46)) - raft.rpc.type = GRPC (default)
2024-02-27 21:36:36,889 [main] INFO  grpc.GrpcConfigKeys (ConfUtils.java:logFallback(53)) - raft.grpc.admin.host = null (fallback to raft.grpc.server.host)
2024-02-27 21:36:36,889 [main] INFO  grpc.GrpcConfigKeys (ConfUtils.java:logGet(46)) - raft.grpc.admin.port = 15058 (custom)
2024-02-27 21:36:36,890 [main] INFO  grpc.GrpcConfigKeys (ConfUtils.java:logFallback(53)) - raft.grpc.client.host = null (fallback to raft.grpc.server.host)
2024-02-27 21:36:36,890 [main] INFO  grpc.GrpcConfigKeys (ConfUtils.java:logGet(46)) - raft.grpc.client.port = 15057 (custom)
2024-02-27 21:36:36,890 [main] INFO  grpc.GrpcConfigKeys (ConfUtils.java:logGet(46)) - raft.grpc.server.host = null (default)
2024-02-27 21:36:36,890 [main] INFO  grpc.GrpcConfigKeys (ConfUtils.java:logGet(46)) - raft.grpc.server.port = 15059 (custom)
2024-02-27 21:36:36,890 [main] INFO  server.GrpcService (ConfUtils.java:logGet(46)) - raft.grpc.message.size.max = 32MB (=33554432) (custom)
2024-02-27 21:36:36,891 [main] INFO  server.RaftServerConfigKeys (ConfUtils.java:logGet(46)) - raft.server.log.appender.buffer.byte-limit = 8388608 (custom)
2024-02-27 21:36:36,891 [main] INFO  server.GrpcService (ConfUtils.java:logGet(46)) - raft.grpc.flow.control.window = 5MB (=5242880) (custom)
2024-02-27 21:36:36,891 [main] INFO  server.RaftServerConfigKeys (ConfUtils.java:logGet(46)) - raft.server.rpc.request.timeout = 60s (custom)
2024-02-27 21:36:36,891 [main] INFO  grpc.GrpcConfigKeys (ConfUtils.java:logGet(46)) - raft.grpc.server.heartbeat.channel = true (default)
2024-02-27 21:36:36,891 [main] INFO  grpc.GrpcConfigKeys (ConfUtils.java:logGet(46)) - raft.grpc.server.async.request.thread.pool.cached = true (default)
2024-02-27 21:36:36,892 [main] INFO  grpc.GrpcConfigKeys (ConfUtils.java:logGet(46)) - raft.grpc.server.async.request.thread.pool.size = 32 (default)
2024-02-27 21:36:36,894 [main] INFO  impl.DataStreamServerImpl (ConfUtils.java:logGet(46)) - raft.datastream.type = NETTY (custom)
2024-02-27 21:36:36,896 [main] INFO  server.RaftServerConfigKeys (ConfUtils.java:logGet(46)) - raft.server.data-stream.async.request.thread.pool.cached = false (default)
2024-02-27 21:36:36,896 [main] INFO  server.RaftServerConfigKeys (ConfUtils.java:logGet(46)) - raft.server.data-stream.async.request.thread.pool.size = 20 (custom)
2024-02-27 21:36:36,896 [main] INFO  server.RaftServerConfigKeys (ConfUtils.java:logGet(46)) - raft.server.data-stream.async.write.thread.pool.size = 16 (default)
2024-02-27 21:36:36,897 [main] INFO  netty.NettyConfigKeys$DataStream (ConfUtils.java:logGet(46)) - raft.netty.dataStream.server.channel.inactive.grace-period = 10min (default)
2024-02-27 21:36:36,897 [main] INFO  server.RaftServerConfigKeys (ConfUtils.java:logGet(46)) - raft.server.data-stream.client.pool.size = 10 (default)
2024-02-27 21:36:36,897 [main] INFO  netty.NettyConfigKeys$DataStream (ConfUtils.java:logGet(46)) - raft.netty.dataStream.server.use-epoll = true (default)
2024-02-27 21:36:36,897 [main] INFO  netty.NettyConfigKeys$DataStream (ConfUtils.java:logGet(46)) - raft.netty.dataStream.server.boss-group.size = 0 (default)
2024-02-27 21:36:36,898 [main] INFO  netty.NettyUtils (NettyUtils.java:newEventLoopGroup(69)) - Create EpollEventLoopGroup for d3d377a3-85e1-46ad-98d9-a3196f7db815-NettyServerStreamRpc-bossGroup; Thread size is 0.
2024-02-27 21:36:36,898 [main] INFO  netty.NettyConfigKeys$DataStream (ConfUtils.java:logGet(46)) - raft.netty.dataStream.server.worker-group.size = 0 (default)
2024-02-27 21:36:36,898 [main] INFO  netty.NettyUtils (NettyUtils.java:newEventLoopGroup(69)) - Create EpollEventLoopGroup for d3d377a3-85e1-46ad-98d9-a3196f7db815-NettyServerStreamRpc-workerGroup; Thread size is 0.
2024-02-27 21:36:36,899 [main] INFO  netty.NettyConfigKeys$DataStream (ConfUtils.java:logGet(46)) - raft.netty.dataStream.server.tls.conf = null (default)
2024-02-27 21:36:36,899 [main] INFO  netty.NettyConfigKeys$DataStream (ConfUtils.java:logGet(46)) - raft.netty.dataStream.host = null (default)
2024-02-27 21:36:36,899 [main] INFO  netty.NettyConfigKeys$DataStream (ConfUtils.java:logGet(46)) - raft.netty.dataStream.port = 15060 (custom)
2024-02-27 21:36:36,900 [main] INFO  server.RaftServerConfigKeys (ConfUtils.java:logGet(46)) - raft.server.sleep.deviation.threshold = 300ms (default)
2024-02-27 21:36:36,901 [main] INFO  server.RaftServerConfigKeys (ConfUtils.java:logGet(46)) - raft.server.close.threshold = 60s (default)
2024-02-27 21:36:36,901 [main] INFO  server.RaftServerConfigKeys (ConfUtils.java:logGet(46)) - raft.server.leaderelection.leader.step-down.wait-time = 10s (default)
2024-02-27 21:36:36,901 [main] INFO  server.RaftServerConfigKeys (ConfUtils.java:logGet(46)) - raft.server.storage.dir = [/home/runner/work/ozone/ozone/hadoop-ozone/integration-test/target/test-dir/MiniOzoneClusterImpl-377bd28b-19ec-4c3d-8af6-29a7f1113b2b/ozone-meta/datanode-6/ratis] (custom)
2024-02-27 21:36:36,901 [main] INFO  server.RaftServerConfigKeys (ConfUtils.java:logGet(46)) - raft.server.threadpool.proxy.cached = true (default)
2024-02-27 21:36:36,902 [main] INFO  server.RaftServerConfigKeys (ConfUtils.java:logGet(46)) - raft.server.threadpool.proxy.size = 0 (default)
2024-02-27 21:36:36,910 [d3d377a3-85e1-46ad-98d9-a3196f7db815-NettyServerStreamRpc-bossGroup--thread1] INFO  logging.LoggingHandler (AbstractInternalLogger.java:log(148)) - [id: 0x6581c943] REGISTERED
2024-02-27 21:36:36,911 [d3d377a3-85e1-46ad-98d9-a3196f7db815-NettyServerStreamRpc-bossGroup--thread1] INFO  logging.LoggingHandler (AbstractInternalLogger.java:log(148)) - [id: 0x6581c943] BIND: 0.0.0.0/0.0.0.0:15060
2024-02-27 21:36:36,910 [d3d377a3-85e1-46ad-98d9-a3196f7db815-impl-thread1] INFO  server.RaftServer (RaftServerProxy.java:initGroupDir(264)) - d3d377a3-85e1-46ad-98d9-a3196f7db815: found a subdirectory /home/runner/work/ozone/ozone/hadoop-ozone/integration-test/target/test-dir/MiniOzoneClusterImpl-377bd28b-19ec-4c3d-8af6-29a7f1113b2b/ozone-meta/datanode-6/ratis/tmp
2024-02-27 21:36:36,911 [d3d377a3-85e1-46ad-98d9-a3196f7db815-impl-thread1] INFO  server.RaftServer (RaftServerProxy.java:initGroupDir(269)) - d3d377a3-85e1-46ad-98d9-a3196f7db815: The directory /home/runner/work/ozone/ozone/hadoop-ozone/integration-test/target/test-dir/MiniOzoneClusterImpl-377bd28b-19ec-4c3d-8af6-29a7f1113b2b/ozone-meta/datanode-6/ratis/tmp is not a group directory; ignoring it. 
2024-02-27 21:36:36,911 [main] INFO  replication.ReplicationServer (ReplicationServer.java:<init>(86)) - Initializing replication server with thread count = 10 queue length = 4096
2024-02-27 21:36:36,911 [d3d377a3-85e1-46ad-98d9-a3196f7db815-NettyServerStreamRpc-bossGroup--thread1] INFO  logging.LoggingHandler (AbstractInternalLogger.java:log(148)) - [id: 0x6581c943, L:/0.0.0.0:15060] ACTIVE
2024-02-27 21:36:36,913 [main] INFO  server.XceiverServerGrpc (XceiverServerGrpc.java:<init>(141)) - GrpcServer channel type EpollServerSocketChannel
2024-02-27 21:36:36,915 [main] INFO  replication.ReplicationSupervisor (ReplicationSupervisor.java:build(163)) - Initializing replication supervisor with thread count = 10
2024-02-27 21:36:36,915 [main] INFO  replication.ReplicationSupervisor (ReplicationSupervisor.java:nodeStateUpdated(317)) - Node state updated to IN_SERVICE, scaling executor pool size to 10
2024-02-27 21:36:36,918 [main] INFO  http.BaseHttpServer (BaseHttpServer.java:newHttpServer2BuilderForOzone(223)) - Starting Web-server for hddsDatanode at: http://0.0.0.0:15054
2024-02-27 21:36:36,919 [main] INFO  http.BaseHttpServer (BaseHttpServer.java:<init>(110)) - Hadoop Security Enabled: false Ozone Security Enabled: false Ozone HTTP Security Enabled: false 
2024-02-27 21:36:36,920 [main] WARN  server.AuthenticationFilter (AuthenticationFilter.java:constructSecretProvider(240)) - Unable to initialize FileSignerSecretProvider, falling back to use random secrets. Reason: Could not read signature secret file: /home/runner/hadoop-http-auth-signature-secret
2024-02-27 21:36:36,921 [main] INFO  http.HttpRequestLog (HttpRequestLog.java:getRequestLog(86)) - Http request log for http.requests.hddsDatanode is not defined
2024-02-27 21:36:36,922 [main] INFO  http.HttpServer2 (HttpServer2.java:addGlobalFilter(1036)) - Added global filter 'safety' (class=org.apache.hadoop.hdds.server.http.HttpServer2$QuotingInputFilter)
2024-02-27 21:36:36,923 [main] INFO  http.HttpServer2 (HttpServer2.java:addFilter(1012)) - Added filter static_user_filter (class=org.apache.hadoop.http.lib.StaticUserWebFilter$StaticUserFilter) to context hddsDatanode
2024-02-27 21:36:36,923 [main] INFO  http.HttpServer2 (HttpServer2.java:addFilter(1020)) - Added filter static_user_filter (class=org.apache.hadoop.http.lib.StaticUserWebFilter$StaticUserFilter) to context logs
2024-02-27 21:36:36,924 [main] INFO  http.HttpServer2 (HttpServer2.java:addFilter(1020)) - Added filter static_user_filter (class=org.apache.hadoop.http.lib.StaticUserWebFilter$StaticUserFilter) to context static
2024-02-27 21:36:36,924 [main] INFO  http.BaseHttpServer (BaseHttpServer.java:<init>(189)) - HTTP server of hddsDatanode uses base directory /home/runner/work/ozone/ozone/hadoop-ozone/integration-test/target/test-dir/MiniOzoneClusterImpl-377bd28b-19ec-4c3d-8af6-29a7f1113b2b/ozone-meta/datanode-6/meta/webserver
2024-02-27 21:36:36,925 [main] INFO  http.HttpServer2 (HttpServer2.java:bindListener(1236)) - Jetty bound to port 15054
2024-02-27 21:36:36,925 [main] INFO  server.Server (Server.java:doStart(375)) - jetty-9.4.53.v20231009; built: 2023-10-09T12:29:09.265Z; git: 27bde00a0b95a1d5bbee0eae7984f891d2d0f8c9; jvm 1.8.0_402-b06
2024-02-27 21:36:36,934 [main] INFO  server.session (DefaultSessionIdManager.java:doStart(334)) - DefaultSessionIdManager workerName=node0
2024-02-27 21:36:36,934 [main] INFO  server.session (DefaultSessionIdManager.java:doStart(339)) - No SessionScavenger set, using defaults
2024-02-27 21:36:36,935 [main] INFO  server.session (HouseKeeper.java:startScavenging(132)) - node0 Scavenging every 600000ms
2024-02-27 21:36:36,935 [main] INFO  handler.ContextHandler (ContextHandler.java:doStart(921)) - Started o.e.j.s.ServletContextHandler@5814caee{logs,/logs,file:///home/runner/work/ozone/ozone/hadoop-ozone/integration-test/target/log,AVAILABLE}
2024-02-27 21:36:36,936 [main] INFO  handler.ContextHandler (ContextHandler.java:doStart(921)) - Started o.e.j.s.ServletContextHandler@6f32f21e{static,/static,jar:file:/home/runner/.m2/repository/org/apache/ozone/hdds-container-service/1.5.0-SNAPSHOT/hdds-container-service-1.5.0-SNAPSHOT.jar!/webapps/static,AVAILABLE}
2024-02-27 21:36:36,983 [main] INFO  handler.ContextHandler (ContextHandler.java:doStart(921)) - Started o.e.j.w.WebAppContext@79c8d5c4{hddsDatanode,/,file:///home/runner/work/ozone/ozone/hadoop-ozone/integration-test/target/test-dir/MiniOzoneClusterImpl-377bd28b-19ec-4c3d-8af6-29a7f1113b2b/ozone-meta/datanode-6/meta/webserver/jetty-0_0_0_0-15054-hdds-container-service-1_5_0-SNAPSHOT_jar-_-any-6222305009898040813/webapp/,AVAILABLE}{jar:file:/home/runner/.m2/repository/org/apache/ozone/hdds-container-service/1.5.0-SNAPSHOT/hdds-container-service-1.5.0-SNAPSHOT.jar!/webapps/hddsDatanode}
2024-02-27 21:36:36,985 [main] INFO  server.AbstractConnector (AbstractConnector.java:doStart(333)) - Started ServerConnector@6a6ce193{HTTP/1.1, (http/1.1)}{0.0.0.0:15054}
2024-02-27 21:36:36,985 [main] INFO  server.Server (Server.java:doStart(415)) - Started @7329ms
2024-02-27 21:36:36,985 [main] WARN  impl.MetricsSystemImpl (MetricsSystemImpl.java:register(279)) - Sink prometheus already exists!
2024-02-27 21:36:36,986 [main] INFO  http.BaseHttpServer (BaseHttpServer.java:updateConnectorAddress(354)) - HTTP server of hddsDatanode listening at http://0.0.0.0:15054
2024-02-27 21:36:36,986 [main] INFO  ipc.CallQueueManager (CallQueueManager.java:<init>(90)) - Using callQueue: class java.util.concurrent.LinkedBlockingQueue, queueCapacity: 100, scheduler: class org.apache.hadoop.ipc.DefaultRpcScheduler, ipcBackoff: false.
2024-02-27 21:36:36,987 [main] INFO  ipc.Server (Server.java:<init>(1287)) - Listener at 0.0.0.0:15055
2024-02-27 21:36:36,988 [Socket Reader #1 for port 15055] INFO  ipc.Server (Server.java:run(1323)) - Starting Socket Reader #1 for port 15055
2024-02-27 21:36:36,990 [main] INFO  ozone.HddsDatanodeService (HddsDatanodeService.java:start(327)) - Datanode start with admins: [runner]
2024-02-27 21:36:36,990 [main] INFO  ozone.HddsDatanodeClientProtocolServer (HddsDatanodeClientProtocolServer.java:start(77)) - RPC server for Client /0.0.0.0:15055
2024-02-27 21:36:36,994 [IPC Server Responder] INFO  ipc.Server (Server.java:run(1562)) - IPC Server Responder: starting
2024-02-27 21:36:36,994 [IPC Server listener on 15055] INFO  ipc.Server (Server.java:run(1402)) - IPC Server listener on 15055: starting
2024-02-27 21:36:36,996 [d3d377a3-85e1-46ad-98d9-a3196f7db815-DatanodeStateMachineDaemonThread] INFO  statemachine.DatanodeStateMachine (DatanodeStateMachine.java:lambda$startDaemon$1(555)) - Ozone container server started.
2024-02-27 21:36:36,997 [main] INFO  ozone.MiniOzoneClusterImpl (MiniOzoneClusterImpl.java:lambda$waitForClusterToBeReady$0(195)) - Waiting for nodes to be ready. Got 0 of 6 DN Heartbeats.
2024-02-27 21:36:36,997 [main] INFO  ozone.MiniOzoneClusterImpl (MiniOzoneClusterImpl.java:lambda$waitForClusterToBeReady$0(198)) - Waiting for cluster to exit safe mode
2024-02-27 21:36:36,998 [main] INFO  ozone.MiniOzoneClusterImpl (MiniOzoneClusterImpl.java:lambda$waitForClusterToBeReady$0(200)) - SCM became leader
2024-02-27 21:36:37,003 [d3d377a3-85e1-46ad-98d9-a3196f7db815-DatanodeStateMachineTaskThread-0] INFO  datanode.InitDatanodeState (InitDatanodeState.java:persistContainerDatanodeDetails(139)) - DatanodeDetails is persisted to /home/runner/work/ozone/ozone/hadoop-ozone/integration-test/target/test-dir/MiniOzoneClusterImpl-377bd28b-19ec-4c3d-8af6-29a7f1113b2b/ozone-meta/datanode-6/meta/datanode.id
2024-02-27 21:36:37,998 [main] INFO  ozone.MiniOzoneClusterImpl (MiniOzoneClusterImpl.java:lambda$waitForClusterToBeReady$0(195)) - Waiting for nodes to be ready. Got 0 of 6 DN Heartbeats.
2024-02-27 21:36:37,998 [main] INFO  ozone.MiniOzoneClusterImpl (MiniOzoneClusterImpl.java:lambda$waitForClusterToBeReady$0(198)) - Waiting for cluster to exit safe mode
2024-02-27 21:36:37,998 [main] INFO  ozone.MiniOzoneClusterImpl (MiniOzoneClusterImpl.java:lambda$waitForClusterToBeReady$0(200)) - SCM became leader
2024-02-27 21:36:38,334 [46ce47ac-a134-4cce-ba10-4493b406f4b0-EndpointStateMachineTaskThread-/0.0.0.0:15002-0 ] INFO  utils.DatanodeStoreCache (DatanodeStoreCache.java:addDB(72)) - Added db /home/runner/work/ozone/ozone/hadoop-ozone/integration-test/target/test-dir/MiniOzoneClusterImpl-377bd28b-19ec-4c3d-8af6-29a7f1113b2b/ozone-meta/datanode-1/data-0/hdds/377bd28b-19ec-4c3d-8af6-29a7f1113b2b/DS-2f1199ec-4914-4af0-add2-684939faadf1/container.db to cache
2024-02-27 21:36:38,334 [46ce47ac-a134-4cce-ba10-4493b406f4b0-EndpointStateMachineTaskThread-/0.0.0.0:15002-0 ] INFO  volume.HddsVolume (HddsVolume.java:createDbStore(420)) - SchemaV3 db is created and loaded at /home/runner/work/ozone/ozone/hadoop-ozone/integration-test/target/test-dir/MiniOzoneClusterImpl-377bd28b-19ec-4c3d-8af6-29a7f1113b2b/ozone-meta/datanode-1/data-0/hdds/377bd28b-19ec-4c3d-8af6-29a7f1113b2b/DS-2f1199ec-4914-4af0-add2-684939faadf1/container.db for volume DS-2f1199ec-4914-4af0-add2-684939faadf1
2024-02-27 21:36:38,342 [46ce47ac-a134-4cce-ba10-4493b406f4b0-ContainerReader-0] INFO  ozoneimpl.ContainerReader (ContainerReader.java:readVolume(148)) - Start to verify containers on volume /home/runner/work/ozone/ozone/hadoop-ozone/integration-test/target/test-dir/MiniOzoneClusterImpl-377bd28b-19ec-4c3d-8af6-29a7f1113b2b/ozone-meta/datanode-1/data-0/hdds
2024-02-27 21:36:38,342 [46ce47ac-a134-4cce-ba10-4493b406f4b0-ContainerReader-0] INFO  ozoneimpl.ContainerReader (ContainerReader.java:readVolume(178)) - Finish verifying containers on volume /home/runner/work/ozone/ozone/hadoop-ozone/integration-test/target/test-dir/MiniOzoneClusterImpl-377bd28b-19ec-4c3d-8af6-29a7f1113b2b/ozone-meta/datanode-1/data-0/hdds
2024-02-27 21:36:38,342 [46ce47ac-a134-4cce-ba10-4493b406f4b0-EndpointStateMachineTaskThread-/0.0.0.0:15002-0 ] INFO  ozoneimpl.OzoneContainer (OzoneContainer.java:buildContainerSet(328)) - Build ContainerSet costs 0s
2024-02-27 21:36:38,344 [46ce47ac-a134-4cce-ba10-4493b406f4b0-EndpointStateMachineTaskThread-/0.0.0.0:15002-0 ] INFO  volume.ThrottledAsyncChecker (ThrottledAsyncChecker.java:schedule(141)) - Scheduling a check for /home/runner/work/ozone/ozone/hadoop-ozone/integration-test/target/test-dir/MiniOzoneClusterImpl-377bd28b-19ec-4c3d-8af6-29a7f1113b2b/ozone-meta/datanode-1/data-0/hdds
2024-02-27 21:36:38,356 [46ce47ac-a134-4cce-ba10-4493b406f4b0-EndpointStateMachineTaskThread-/0.0.0.0:15002-0 ] INFO  volume.StorageVolumeChecker (StorageVolumeChecker.java:checkAllVolumes(218)) - Scheduled health check for volume /home/runner/work/ozone/ozone/hadoop-ozone/integration-test/target/test-dir/MiniOzoneClusterImpl-377bd28b-19ec-4c3d-8af6-29a7f1113b2b/ozone-meta/datanode-1/data-0/hdds
2024-02-27 21:36:38,357 [46ce47ac-a134-4cce-ba10-4493b406f4b0-EndpointStateMachineTaskThread-/0.0.0.0:15002-0 ] INFO  volume.ThrottledAsyncChecker (ThrottledAsyncChecker.java:schedule(141)) - Scheduling a check for /home/runner/work/ozone/ozone/hadoop-ozone/integration-test/target/test-dir/MiniOzoneClusterImpl-377bd28b-19ec-4c3d-8af6-29a7f1113b2b/ozone-meta/datanode-1/ratis
2024-02-27 21:36:38,358 [46ce47ac-a134-4cce-ba10-4493b406f4b0-EndpointStateMachineTaskThread-/0.0.0.0:15002-0 ] INFO  volume.StorageVolumeChecker (StorageVolumeChecker.java:checkAllVolumes(218)) - Scheduled health check for volume /home/runner/work/ozone/ozone/hadoop-ozone/integration-test/target/test-dir/MiniOzoneClusterImpl-377bd28b-19ec-4c3d-8af6-29a7f1113b2b/ozone-meta/datanode-1/ratis
2024-02-27 21:36:38,359 [46ce47ac-a134-4cce-ba10-4493b406f4b0-EndpointStateMachineTaskThread-/0.0.0.0:15002-0 ] INFO  ozoneimpl.OzoneContainer (OzoneContainer.java:start(459)) - Attempting to start container services.
2024-02-27 21:36:38,360 [46ce47ac-a134-4cce-ba10-4493b406f4b0-EndpointStateMachineTaskThread-/0.0.0.0:15002-0 ] INFO  ozoneimpl.OzoneContainer (OzoneContainer.java:startContainerScrub(339)) - Scheduled background container scanners and the on-demand container scanner have been disabled.
2024-02-27 21:36:38,362 [46ce47ac-a134-4cce-ba10-4493b406f4b0-EndpointStateMachineTaskThread-/0.0.0.0:15002-0 ] INFO  replication.ReplicationServer (ReplicationServer.java:start(140)) - ReplicationServer is started using port 15016
2024-02-27 21:36:38,362 [46ce47ac-a134-4cce-ba10-4493b406f4b0-EndpointStateMachineTaskThread-/0.0.0.0:15002-0 ] INFO  ratis.XceiverServerRatis (XceiverServerRatis.java:start(566)) - Starting XceiverServerRatis 46ce47ac-a134-4cce-ba10-4493b406f4b0
2024-02-27 21:36:38,363 [46ce47ac-a134-4cce-ba10-4493b406f4b0-EndpointStateMachineTaskThread-/0.0.0.0:15002-0 ] INFO  server.RaftServer (RaftServerProxy.java:startImpl(406)) - 46ce47ac-a134-4cce-ba10-4493b406f4b0: start RPC server
2024-02-27 21:36:38,365 [46ce47ac-a134-4cce-ba10-4493b406f4b0-EndpointStateMachineTaskThread-/0.0.0.0:15002-0 ] INFO  server.GrpcService (GrpcService.java:startImpl(302)) - 46ce47ac-a134-4cce-ba10-4493b406f4b0: GrpcService started, listening on 15012
2024-02-27 21:36:38,366 [46ce47ac-a134-4cce-ba10-4493b406f4b0-EndpointStateMachineTaskThread-/0.0.0.0:15002-0 ] INFO  server.GrpcService (GrpcService.java:startImpl(302)) - 46ce47ac-a134-4cce-ba10-4493b406f4b0: GrpcService started, listening on 15014
2024-02-27 21:36:38,369 [46ce47ac-a134-4cce-ba10-4493b406f4b0-EndpointStateMachineTaskThread-/0.0.0.0:15002-0 ] INFO  server.GrpcService (GrpcService.java:startImpl(302)) - 46ce47ac-a134-4cce-ba10-4493b406f4b0: GrpcService started, listening on 15013
2024-02-27 21:36:38,369 [JvmPauseMonitor2] INFO  util.JvmPauseMonitor (JvmPauseMonitor.java:run(146)) - JvmPauseMonitor-46ce47ac-a134-4cce-ba10-4493b406f4b0: Started
2024-02-27 21:36:38,369 [46ce47ac-a134-4cce-ba10-4493b406f4b0-EndpointStateMachineTaskThread-/0.0.0.0:15002-0 ] INFO  ratis.XceiverServerRatis (XceiverServerRatis.java:getRealPort(592)) - XceiverServerRatis 46ce47ac-a134-4cce-ba10-4493b406f4b0 is started using port 15012 for RATIS
2024-02-27 21:36:38,369 [46ce47ac-a134-4cce-ba10-4493b406f4b0-EndpointStateMachineTaskThread-/0.0.0.0:15002-0 ] INFO  ratis.XceiverServerRatis (XceiverServerRatis.java:getRealPort(592)) - XceiverServerRatis 46ce47ac-a134-4cce-ba10-4493b406f4b0 is started using port 15013 for RATIS_ADMIN
2024-02-27 21:36:38,369 [46ce47ac-a134-4cce-ba10-4493b406f4b0-EndpointStateMachineTaskThread-/0.0.0.0:15002-0 ] INFO  ratis.XceiverServerRatis (XceiverServerRatis.java:getRealPort(592)) - XceiverServerRatis 46ce47ac-a134-4cce-ba10-4493b406f4b0 is started using port 15014 for RATIS_SERVER
2024-02-27 21:36:38,369 [46ce47ac-a134-4cce-ba10-4493b406f4b0-EndpointStateMachineTaskThread-/0.0.0.0:15002-0 ] INFO  ratis.XceiverServerRatis (XceiverServerRatis.java:getRealPort(592)) - XceiverServerRatis 46ce47ac-a134-4cce-ba10-4493b406f4b0 is started using port 15015 for RATIS_DATASTREAM
2024-02-27 21:36:38,378 [46ce47ac-a134-4cce-ba10-4493b406f4b0-BlockDeletingService#0] INFO  interfaces.ContainerDeletionChoosingPolicyTemplate (ContainerDeletionChoosingPolicyTemplate.java:chooseContainerForBlockDeletion(85)) - Chosen 0/5000 blocks from 0 candidate containers.
2024-02-27 21:36:38,417 [c855f1da-1b31-46a5-a68b-5d36f1d30008-EndpointStateMachineTaskThread-/0.0.0.0:15002-0 ] INFO  utils.DatanodeStoreCache (DatanodeStoreCache.java:addDB(72)) - Added db /home/runner/work/ozone/ozone/hadoop-ozone/integration-test/target/test-dir/MiniOzoneClusterImpl-377bd28b-19ec-4c3d-8af6-29a7f1113b2b/ozone-meta/datanode-2/data-0/hdds/377bd28b-19ec-4c3d-8af6-29a7f1113b2b/DS-5251d29a-6dea-418b-bbe6-8d789804d5c4/container.db to cache
2024-02-27 21:36:38,417 [c855f1da-1b31-46a5-a68b-5d36f1d30008-EndpointStateMachineTaskThread-/0.0.0.0:15002-0 ] INFO  volume.HddsVolume (HddsVolume.java:createDbStore(420)) - SchemaV3 db is created and loaded at /home/runner/work/ozone/ozone/hadoop-ozone/integration-test/target/test-dir/MiniOzoneClusterImpl-377bd28b-19ec-4c3d-8af6-29a7f1113b2b/ozone-meta/datanode-2/data-0/hdds/377bd28b-19ec-4c3d-8af6-29a7f1113b2b/DS-5251d29a-6dea-418b-bbe6-8d789804d5c4/container.db for volume DS-5251d29a-6dea-418b-bbe6-8d789804d5c4
2024-02-27 21:36:38,419 [c855f1da-1b31-46a5-a68b-5d36f1d30008-ContainerReader-0] INFO  ozoneimpl.ContainerReader (ContainerReader.java:readVolume(148)) - Start to verify containers on volume /home/runner/work/ozone/ozone/hadoop-ozone/integration-test/target/test-dir/MiniOzoneClusterImpl-377bd28b-19ec-4c3d-8af6-29a7f1113b2b/ozone-meta/datanode-2/data-0/hdds
2024-02-27 21:36:38,419 [c855f1da-1b31-46a5-a68b-5d36f1d30008-ContainerReader-0] INFO  ozoneimpl.ContainerReader (ContainerReader.java:readVolume(178)) - Finish verifying containers on volume /home/runner/work/ozone/ozone/hadoop-ozone/integration-test/target/test-dir/MiniOzoneClusterImpl-377bd28b-19ec-4c3d-8af6-29a7f1113b2b/ozone-meta/datanode-2/data-0/hdds
2024-02-27 21:36:38,419 [c855f1da-1b31-46a5-a68b-5d36f1d30008-EndpointStateMachineTaskThread-/0.0.0.0:15002-0 ] INFO  ozoneimpl.OzoneContainer (OzoneContainer.java:buildContainerSet(328)) - Build ContainerSet costs 0s
2024-02-27 21:36:38,420 [c855f1da-1b31-46a5-a68b-5d36f1d30008-EndpointStateMachineTaskThread-/0.0.0.0:15002-0 ] INFO  volume.ThrottledAsyncChecker (ThrottledAsyncChecker.java:schedule(141)) - Scheduling a check for /home/runner/work/ozone/ozone/hadoop-ozone/integration-test/target/test-dir/MiniOzoneClusterImpl-377bd28b-19ec-4c3d-8af6-29a7f1113b2b/ozone-meta/datanode-2/data-0/hdds
2024-02-27 21:36:38,421 [c855f1da-1b31-46a5-a68b-5d36f1d30008-EndpointStateMachineTaskThread-/0.0.0.0:15002-0 ] INFO  volume.StorageVolumeChecker (StorageVolumeChecker.java:checkAllVolumes(218)) - Scheduled health check for volume /home/runner/work/ozone/ozone/hadoop-ozone/integration-test/target/test-dir/MiniOzoneClusterImpl-377bd28b-19ec-4c3d-8af6-29a7f1113b2b/ozone-meta/datanode-2/data-0/hdds
2024-02-27 21:36:38,423 [c855f1da-1b31-46a5-a68b-5d36f1d30008-EndpointStateMachineTaskThread-/0.0.0.0:15002-0 ] INFO  volume.ThrottledAsyncChecker (ThrottledAsyncChecker.java:schedule(141)) - Scheduling a check for /home/runner/work/ozone/ozone/hadoop-ozone/integration-test/target/test-dir/MiniOzoneClusterImpl-377bd28b-19ec-4c3d-8af6-29a7f1113b2b/ozone-meta/datanode-2/ratis
2024-02-27 21:36:38,423 [c855f1da-1b31-46a5-a68b-5d36f1d30008-EndpointStateMachineTaskThread-/0.0.0.0:15002-0 ] INFO  volume.StorageVolumeChecker (StorageVolumeChecker.java:checkAllVolumes(218)) - Scheduled health check for volume /home/runner/work/ozone/ozone/hadoop-ozone/integration-test/target/test-dir/MiniOzoneClusterImpl-377bd28b-19ec-4c3d-8af6-29a7f1113b2b/ozone-meta/datanode-2/ratis
2024-02-27 21:36:38,424 [c855f1da-1b31-46a5-a68b-5d36f1d30008-EndpointStateMachineTaskThread-/0.0.0.0:15002-0 ] INFO  ozoneimpl.OzoneContainer (OzoneContainer.java:start(459)) - Attempting to start container services.
2024-02-27 21:36:38,424 [c855f1da-1b31-46a5-a68b-5d36f1d30008-EndpointStateMachineTaskThread-/0.0.0.0:15002-0 ] INFO  ozoneimpl.OzoneContainer (OzoneContainer.java:startContainerScrub(339)) - Scheduled background container scanners and the on-demand container scanner have been disabled.
2024-02-27 21:36:38,425 [c855f1da-1b31-46a5-a68b-5d36f1d30008-EndpointStateMachineTaskThread-/0.0.0.0:15002-0 ] INFO  replication.ReplicationServer (ReplicationServer.java:start(140)) - ReplicationServer is started using port 15025
2024-02-27 21:36:38,425 [c855f1da-1b31-46a5-a68b-5d36f1d30008-EndpointStateMachineTaskThread-/0.0.0.0:15002-0 ] INFO  ratis.XceiverServerRatis (XceiverServerRatis.java:start(566)) - Starting XceiverServerRatis c855f1da-1b31-46a5-a68b-5d36f1d30008
2024-02-27 21:36:38,426 [c855f1da-1b31-46a5-a68b-5d36f1d30008-EndpointStateMachineTaskThread-/0.0.0.0:15002-0 ] INFO  server.RaftServer (RaftServerProxy.java:startImpl(406)) - c855f1da-1b31-46a5-a68b-5d36f1d30008: start RPC server
2024-02-27 21:36:38,428 [c855f1da-1b31-46a5-a68b-5d36f1d30008-EndpointStateMachineTaskThread-/0.0.0.0:15002-0 ] INFO  server.GrpcService (GrpcService.java:startImpl(302)) - c855f1da-1b31-46a5-a68b-5d36f1d30008: GrpcService started, listening on 15021
2024-02-27 21:36:38,429 [c855f1da-1b31-46a5-a68b-5d36f1d30008-EndpointStateMachineTaskThread-/0.0.0.0:15002-0 ] INFO  server.GrpcService (GrpcService.java:startImpl(302)) - c855f1da-1b31-46a5-a68b-5d36f1d30008: GrpcService started, listening on 15023
2024-02-27 21:36:38,433 [c855f1da-1b31-46a5-a68b-5d36f1d30008-EndpointStateMachineTaskThread-/0.0.0.0:15002-0 ] INFO  server.GrpcService (GrpcService.java:startImpl(302)) - c855f1da-1b31-46a5-a68b-5d36f1d30008: GrpcService started, listening on 15022
2024-02-27 21:36:38,433 [c855f1da-1b31-46a5-a68b-5d36f1d30008-EndpointStateMachineTaskThread-/0.0.0.0:15002-0 ] INFO  ratis.XceiverServerRatis (XceiverServerRatis.java:getRealPort(592)) - XceiverServerRatis c855f1da-1b31-46a5-a68b-5d36f1d30008 is started using port 15021 for RATIS
2024-02-27 21:36:38,433 [JvmPauseMonitor3] INFO  util.JvmPauseMonitor (JvmPauseMonitor.java:run(146)) - JvmPauseMonitor-c855f1da-1b31-46a5-a68b-5d36f1d30008: Started
2024-02-27 21:36:38,433 [c855f1da-1b31-46a5-a68b-5d36f1d30008-EndpointStateMachineTaskThread-/0.0.0.0:15002-0 ] INFO  ratis.XceiverServerRatis (XceiverServerRatis.java:getRealPort(592)) - XceiverServerRatis c855f1da-1b31-46a5-a68b-5d36f1d30008 is started using port 15022 for RATIS_ADMIN
2024-02-27 21:36:38,434 [c855f1da-1b31-46a5-a68b-5d36f1d30008-EndpointStateMachineTaskThread-/0.0.0.0:15002-0 ] INFO  ratis.XceiverServerRatis (XceiverServerRatis.java:getRealPort(592)) - XceiverServerRatis c855f1da-1b31-46a5-a68b-5d36f1d30008 is started using port 15023 for RATIS_SERVER
2024-02-27 21:36:38,434 [c855f1da-1b31-46a5-a68b-5d36f1d30008-EndpointStateMachineTaskThread-/0.0.0.0:15002-0 ] INFO  ratis.XceiverServerRatis (XceiverServerRatis.java:getRealPort(592)) - XceiverServerRatis c855f1da-1b31-46a5-a68b-5d36f1d30008 is started using port 15024 for RATIS_DATASTREAM
2024-02-27 21:36:38,437 [c855f1da-1b31-46a5-a68b-5d36f1d30008-BlockDeletingService#0] INFO  interfaces.ContainerDeletionChoosingPolicyTemplate (ContainerDeletionChoosingPolicyTemplate.java:chooseContainerForBlockDeletion(85)) - Chosen 0/5000 blocks from 0 candidate containers.
2024-02-27 21:36:38,541 [9eee0c4a-241f-4a15-bff1-0522a907ac9b-EndpointStateMachineTaskThread-/0.0.0.0:15002-0 ] INFO  utils.DatanodeStoreCache (DatanodeStoreCache.java:addDB(72)) - Added db /home/runner/work/ozone/ozone/hadoop-ozone/integration-test/target/test-dir/MiniOzoneClusterImpl-377bd28b-19ec-4c3d-8af6-29a7f1113b2b/ozone-meta/datanode-3/data-0/hdds/377bd28b-19ec-4c3d-8af6-29a7f1113b2b/DS-5903abf7-4887-483b-9884-fbbdcab568cf/container.db to cache
2024-02-27 21:36:38,542 [9eee0c4a-241f-4a15-bff1-0522a907ac9b-EndpointStateMachineTaskThread-/0.0.0.0:15002-0 ] INFO  volume.HddsVolume (HddsVolume.java:createDbStore(420)) - SchemaV3 db is created and loaded at /home/runner/work/ozone/ozone/hadoop-ozone/integration-test/target/test-dir/MiniOzoneClusterImpl-377bd28b-19ec-4c3d-8af6-29a7f1113b2b/ozone-meta/datanode-3/data-0/hdds/377bd28b-19ec-4c3d-8af6-29a7f1113b2b/DS-5903abf7-4887-483b-9884-fbbdcab568cf/container.db for volume DS-5903abf7-4887-483b-9884-fbbdcab568cf
2024-02-27 21:36:38,544 [9eee0c4a-241f-4a15-bff1-0522a907ac9b-ContainerReader-0] INFO  ozoneimpl.ContainerReader (ContainerReader.java:readVolume(148)) - Start to verify containers on volume /home/runner/work/ozone/ozone/hadoop-ozone/integration-test/target/test-dir/MiniOzoneClusterImpl-377bd28b-19ec-4c3d-8af6-29a7f1113b2b/ozone-meta/datanode-3/data-0/hdds
2024-02-27 21:36:38,544 [9eee0c4a-241f-4a15-bff1-0522a907ac9b-ContainerReader-0] INFO  ozoneimpl.ContainerReader (ContainerReader.java:readVolume(178)) - Finish verifying containers on volume /home/runner/work/ozone/ozone/hadoop-ozone/integration-test/target/test-dir/MiniOzoneClusterImpl-377bd28b-19ec-4c3d-8af6-29a7f1113b2b/ozone-meta/datanode-3/data-0/hdds
2024-02-27 21:36:38,544 [9eee0c4a-241f-4a15-bff1-0522a907ac9b-EndpointStateMachineTaskThread-/0.0.0.0:15002-0 ] INFO  ozoneimpl.OzoneContainer (OzoneContainer.java:buildContainerSet(328)) - Build ContainerSet costs 0s
2024-02-27 21:36:38,545 [9eee0c4a-241f-4a15-bff1-0522a907ac9b-EndpointStateMachineTaskThread-/0.0.0.0:15002-0 ] INFO  volume.ThrottledAsyncChecker (ThrottledAsyncChecker.java:schedule(141)) - Scheduling a check for /home/runner/work/ozone/ozone/hadoop-ozone/integration-test/target/test-dir/MiniOzoneClusterImpl-377bd28b-19ec-4c3d-8af6-29a7f1113b2b/ozone-meta/datanode-3/data-0/hdds
2024-02-27 21:36:38,545 [9eee0c4a-241f-4a15-bff1-0522a907ac9b-EndpointStateMachineTaskThread-/0.0.0.0:15002-0 ] INFO  volume.StorageVolumeChecker (StorageVolumeChecker.java:checkAllVolumes(218)) - Scheduled health check for volume /home/runner/work/ozone/ozone/hadoop-ozone/integration-test/target/test-dir/MiniOzoneClusterImpl-377bd28b-19ec-4c3d-8af6-29a7f1113b2b/ozone-meta/datanode-3/data-0/hdds
2024-02-27 21:36:38,546 [9eee0c4a-241f-4a15-bff1-0522a907ac9b-EndpointStateMachineTaskThread-/0.0.0.0:15002-0 ] INFO  volume.ThrottledAsyncChecker (ThrottledAsyncChecker.java:schedule(141)) - Scheduling a check for /home/runner/work/ozone/ozone/hadoop-ozone/integration-test/target/test-dir/MiniOzoneClusterImpl-377bd28b-19ec-4c3d-8af6-29a7f1113b2b/ozone-meta/datanode-3/ratis
2024-02-27 21:36:38,547 [9eee0c4a-241f-4a15-bff1-0522a907ac9b-EndpointStateMachineTaskThread-/0.0.0.0:15002-0 ] INFO  volume.StorageVolumeChecker (StorageVolumeChecker.java:checkAllVolumes(218)) - Scheduled health check for volume /home/runner/work/ozone/ozone/hadoop-ozone/integration-test/target/test-dir/MiniOzoneClusterImpl-377bd28b-19ec-4c3d-8af6-29a7f1113b2b/ozone-meta/datanode-3/ratis
2024-02-27 21:36:38,547 [9eee0c4a-241f-4a15-bff1-0522a907ac9b-EndpointStateMachineTaskThread-/0.0.0.0:15002-0 ] INFO  ozoneimpl.OzoneContainer (OzoneContainer.java:start(459)) - Attempting to start container services.
2024-02-27 21:36:38,547 [9eee0c4a-241f-4a15-bff1-0522a907ac9b-EndpointStateMachineTaskThread-/0.0.0.0:15002-0 ] INFO  ozoneimpl.OzoneContainer (OzoneContainer.java:startContainerScrub(339)) - Scheduled background container scanners and the on-demand container scanner have been disabled.
2024-02-27 21:36:38,549 [9eee0c4a-241f-4a15-bff1-0522a907ac9b-EndpointStateMachineTaskThread-/0.0.0.0:15002-0 ] INFO  replication.ReplicationServer (ReplicationServer.java:start(140)) - ReplicationServer is started using port 15034
2024-02-27 21:36:38,549 [9eee0c4a-241f-4a15-bff1-0522a907ac9b-EndpointStateMachineTaskThread-/0.0.0.0:15002-0 ] INFO  ratis.XceiverServerRatis (XceiverServerRatis.java:start(566)) - Starting XceiverServerRatis 9eee0c4a-241f-4a15-bff1-0522a907ac9b
2024-02-27 21:36:38,550 [9eee0c4a-241f-4a15-bff1-0522a907ac9b-EndpointStateMachineTaskThread-/0.0.0.0:15002-0 ] INFO  server.RaftServer (RaftServerProxy.java:startImpl(406)) - 9eee0c4a-241f-4a15-bff1-0522a907ac9b: start RPC server
2024-02-27 21:36:38,552 [9eee0c4a-241f-4a15-bff1-0522a907ac9b-EndpointStateMachineTaskThread-/0.0.0.0:15002-0 ] INFO  server.GrpcService (GrpcService.java:startImpl(302)) - 9eee0c4a-241f-4a15-bff1-0522a907ac9b: GrpcService started, listening on 15030
2024-02-27 21:36:38,553 [9eee0c4a-241f-4a15-bff1-0522a907ac9b-EndpointStateMachineTaskThread-/0.0.0.0:15002-0 ] INFO  server.GrpcService (GrpcService.java:startImpl(302)) - 9eee0c4a-241f-4a15-bff1-0522a907ac9b: GrpcService started, listening on 15032
2024-02-27 21:36:38,555 [9eee0c4a-241f-4a15-bff1-0522a907ac9b-EndpointStateMachineTaskThread-/0.0.0.0:15002-0 ] INFO  server.GrpcService (GrpcService.java:startImpl(302)) - 9eee0c4a-241f-4a15-bff1-0522a907ac9b: GrpcService started, listening on 15031
2024-02-27 21:36:38,555 [9eee0c4a-241f-4a15-bff1-0522a907ac9b-EndpointStateMachineTaskThread-/0.0.0.0:15002-0 ] INFO  ratis.XceiverServerRatis (XceiverServerRatis.java:getRealPort(592)) - XceiverServerRatis 9eee0c4a-241f-4a15-bff1-0522a907ac9b is started using port 15030 for RATIS
2024-02-27 21:36:38,555 [JvmPauseMonitor4] INFO  util.JvmPauseMonitor (JvmPauseMonitor.java:run(146)) - JvmPauseMonitor-9eee0c4a-241f-4a15-bff1-0522a907ac9b: Started
2024-02-27 21:36:38,555 [9eee0c4a-241f-4a15-bff1-0522a907ac9b-EndpointStateMachineTaskThread-/0.0.0.0:15002-0 ] INFO  ratis.XceiverServerRatis (XceiverServerRatis.java:getRealPort(592)) - XceiverServerRatis 9eee0c4a-241f-4a15-bff1-0522a907ac9b is started using port 15031 for RATIS_ADMIN
2024-02-27 21:36:38,555 [9eee0c4a-241f-4a15-bff1-0522a907ac9b-EndpointStateMachineTaskThread-/0.0.0.0:15002-0 ] INFO  ratis.XceiverServerRatis (XceiverServerRatis.java:getRealPort(592)) - XceiverServerRatis 9eee0c4a-241f-4a15-bff1-0522a907ac9b is started using port 15032 for RATIS_SERVER
2024-02-27 21:36:38,555 [9eee0c4a-241f-4a15-bff1-0522a907ac9b-EndpointStateMachineTaskThread-/0.0.0.0:15002-0 ] INFO  ratis.XceiverServerRatis (XceiverServerRatis.java:getRealPort(592)) - XceiverServerRatis 9eee0c4a-241f-4a15-bff1-0522a907ac9b is started using port 15033 for RATIS_DATASTREAM
2024-02-27 21:36:38,559 [9eee0c4a-241f-4a15-bff1-0522a907ac9b-BlockDeletingService#0] INFO  interfaces.ContainerDeletionChoosingPolicyTemplate (ContainerDeletionChoosingPolicyTemplate.java:chooseContainerForBlockDeletion(85)) - Chosen 0/5000 blocks from 0 candidate containers.
2024-02-27 21:36:38,701 [33496502-95c3-4a2e-b72a-a08a7037350f-EndpointStateMachineTaskThread-/0.0.0.0:15002-0 ] INFO  utils.DatanodeStoreCache (DatanodeStoreCache.java:addDB(72)) - Added db /home/runner/work/ozone/ozone/hadoop-ozone/integration-test/target/test-dir/MiniOzoneClusterImpl-377bd28b-19ec-4c3d-8af6-29a7f1113b2b/ozone-meta/datanode-4/data-0/hdds/377bd28b-19ec-4c3d-8af6-29a7f1113b2b/DS-3031e80c-a504-4277-b8b3-24378912e3f0/container.db to cache
2024-02-27 21:36:38,701 [33496502-95c3-4a2e-b72a-a08a7037350f-EndpointStateMachineTaskThread-/0.0.0.0:15002-0 ] INFO  volume.HddsVolume (HddsVolume.java:createDbStore(420)) - SchemaV3 db is created and loaded at /home/runner/work/ozone/ozone/hadoop-ozone/integration-test/target/test-dir/MiniOzoneClusterImpl-377bd28b-19ec-4c3d-8af6-29a7f1113b2b/ozone-meta/datanode-4/data-0/hdds/377bd28b-19ec-4c3d-8af6-29a7f1113b2b/DS-3031e80c-a504-4277-b8b3-24378912e3f0/container.db for volume DS-3031e80c-a504-4277-b8b3-24378912e3f0
2024-02-27 21:36:38,703 [33496502-95c3-4a2e-b72a-a08a7037350f-ContainerReader-0] INFO  ozoneimpl.ContainerReader (ContainerReader.java:readVolume(148)) - Start to verify containers on volume /home/runner/work/ozone/ozone/hadoop-ozone/integration-test/target/test-dir/MiniOzoneClusterImpl-377bd28b-19ec-4c3d-8af6-29a7f1113b2b/ozone-meta/datanode-4/data-0/hdds
2024-02-27 21:36:38,704 [33496502-95c3-4a2e-b72a-a08a7037350f-ContainerReader-0] INFO  ozoneimpl.ContainerReader (ContainerReader.java:readVolume(178)) - Finish verifying containers on volume /home/runner/work/ozone/ozone/hadoop-ozone/integration-test/target/test-dir/MiniOzoneClusterImpl-377bd28b-19ec-4c3d-8af6-29a7f1113b2b/ozone-meta/datanode-4/data-0/hdds
2024-02-27 21:36:38,704 [33496502-95c3-4a2e-b72a-a08a7037350f-EndpointStateMachineTaskThread-/0.0.0.0:15002-0 ] INFO  ozoneimpl.OzoneContainer (OzoneContainer.java:buildContainerSet(328)) - Build ContainerSet costs 0s
2024-02-27 21:36:38,704 [33496502-95c3-4a2e-b72a-a08a7037350f-EndpointStateMachineTaskThread-/0.0.0.0:15002-0 ] INFO  volume.ThrottledAsyncChecker (ThrottledAsyncChecker.java:schedule(141)) - Scheduling a check for /home/runner/work/ozone/ozone/hadoop-ozone/integration-test/target/test-dir/MiniOzoneClusterImpl-377bd28b-19ec-4c3d-8af6-29a7f1113b2b/ozone-meta/datanode-4/data-0/hdds
2024-02-27 21:36:38,705 [33496502-95c3-4a2e-b72a-a08a7037350f-EndpointStateMachineTaskThread-/0.0.0.0:15002-0 ] INFO  volume.StorageVolumeChecker (StorageVolumeChecker.java:checkAllVolumes(218)) - Scheduled health check for volume /home/runner/work/ozone/ozone/hadoop-ozone/integration-test/target/test-dir/MiniOzoneClusterImpl-377bd28b-19ec-4c3d-8af6-29a7f1113b2b/ozone-meta/datanode-4/data-0/hdds
2024-02-27 21:36:38,706 [33496502-95c3-4a2e-b72a-a08a7037350f-EndpointStateMachineTaskThread-/0.0.0.0:15002-0 ] INFO  volume.ThrottledAsyncChecker (ThrottledAsyncChecker.java:schedule(141)) - Scheduling a check for /home/runner/work/ozone/ozone/hadoop-ozone/integration-test/target/test-dir/MiniOzoneClusterImpl-377bd28b-19ec-4c3d-8af6-29a7f1113b2b/ozone-meta/datanode-4/ratis
2024-02-27 21:36:38,706 [33496502-95c3-4a2e-b72a-a08a7037350f-EndpointStateMachineTaskThread-/0.0.0.0:15002-0 ] INFO  volume.StorageVolumeChecker (StorageVolumeChecker.java:checkAllVolumes(218)) - Scheduled health check for volume /home/runner/work/ozone/ozone/hadoop-ozone/integration-test/target/test-dir/MiniOzoneClusterImpl-377bd28b-19ec-4c3d-8af6-29a7f1113b2b/ozone-meta/datanode-4/ratis
2024-02-27 21:36:38,707 [33496502-95c3-4a2e-b72a-a08a7037350f-EndpointStateMachineTaskThread-/0.0.0.0:15002-0 ] INFO  ozoneimpl.OzoneContainer (OzoneContainer.java:start(459)) - Attempting to start container services.
2024-02-27 21:36:38,707 [33496502-95c3-4a2e-b72a-a08a7037350f-EndpointStateMachineTaskThread-/0.0.0.0:15002-0 ] INFO  ozoneimpl.OzoneContainer (OzoneContainer.java:startContainerScrub(339)) - Scheduled background container scanners and the on-demand container scanner have been disabled.
2024-02-27 21:36:38,709 [33496502-95c3-4a2e-b72a-a08a7037350f-EndpointStateMachineTaskThread-/0.0.0.0:15002-0 ] INFO  replication.ReplicationServer (ReplicationServer.java:start(140)) - ReplicationServer is started using port 15043
2024-02-27 21:36:38,709 [33496502-95c3-4a2e-b72a-a08a7037350f-EndpointStateMachineTaskThread-/0.0.0.0:15002-0 ] INFO  ratis.XceiverServerRatis (XceiverServerRatis.java:start(566)) - Starting XceiverServerRatis 33496502-95c3-4a2e-b72a-a08a7037350f
2024-02-27 21:36:38,710 [33496502-95c3-4a2e-b72a-a08a7037350f-EndpointStateMachineTaskThread-/0.0.0.0:15002-0 ] INFO  server.RaftServer (RaftServerProxy.java:startImpl(406)) - 33496502-95c3-4a2e-b72a-a08a7037350f: start RPC server
2024-02-27 21:36:38,711 [33496502-95c3-4a2e-b72a-a08a7037350f-EndpointStateMachineTaskThread-/0.0.0.0:15002-0 ] INFO  server.GrpcService (GrpcService.java:startImpl(302)) - 33496502-95c3-4a2e-b72a-a08a7037350f: GrpcService started, listening on 15039
2024-02-27 21:36:38,713 [33496502-95c3-4a2e-b72a-a08a7037350f-EndpointStateMachineTaskThread-/0.0.0.0:15002-0 ] INFO  server.GrpcService (GrpcService.java:startImpl(302)) - 33496502-95c3-4a2e-b72a-a08a7037350f: GrpcService started, listening on 15041
2024-02-27 21:36:38,718 [33496502-95c3-4a2e-b72a-a08a7037350f-EndpointStateMachineTaskThread-/0.0.0.0:15002-0 ] INFO  server.GrpcService (GrpcService.java:startImpl(302)) - 33496502-95c3-4a2e-b72a-a08a7037350f: GrpcService started, listening on 15040
2024-02-27 21:36:38,718 [33496502-95c3-4a2e-b72a-a08a7037350f-EndpointStateMachineTaskThread-/0.0.0.0:15002-0 ] INFO  ratis.XceiverServerRatis (XceiverServerRatis.java:getRealPort(592)) - XceiverServerRatis 33496502-95c3-4a2e-b72a-a08a7037350f is started using port 15039 for RATIS
2024-02-27 21:36:38,718 [JvmPauseMonitor5] INFO  util.JvmPauseMonitor (JvmPauseMonitor.java:run(146)) - JvmPauseMonitor-33496502-95c3-4a2e-b72a-a08a7037350f: Started
2024-02-27 21:36:38,718 [33496502-95c3-4a2e-b72a-a08a7037350f-EndpointStateMachineTaskThread-/0.0.0.0:15002-0 ] INFO  ratis.XceiverServerRatis (XceiverServerRatis.java:getRealPort(592)) - XceiverServerRatis 33496502-95c3-4a2e-b72a-a08a7037350f is started using port 15040 for RATIS_ADMIN
2024-02-27 21:36:38,722 [33496502-95c3-4a2e-b72a-a08a7037350f-EndpointStateMachineTaskThread-/0.0.0.0:15002-0 ] INFO  ratis.XceiverServerRatis (XceiverServerRatis.java:getRealPort(592)) - XceiverServerRatis 33496502-95c3-4a2e-b72a-a08a7037350f is started using port 15041 for RATIS_SERVER
2024-02-27 21:36:38,722 [33496502-95c3-4a2e-b72a-a08a7037350f-EndpointStateMachineTaskThread-/0.0.0.0:15002-0 ] INFO  ratis.XceiverServerRatis (XceiverServerRatis.java:getRealPort(592)) - XceiverServerRatis 33496502-95c3-4a2e-b72a-a08a7037350f is started using port 15042 for RATIS_DATASTREAM
2024-02-27 21:36:38,725 [33496502-95c3-4a2e-b72a-a08a7037350f-BlockDeletingService#0] INFO  interfaces.ContainerDeletionChoosingPolicyTemplate (ContainerDeletionChoosingPolicyTemplate.java:chooseContainerForBlockDeletion(85)) - Chosen 0/5000 blocks from 0 candidate containers.
2024-02-27 21:36:38,905 [99aab7c0-d213-4f2c-9146-fe97bea2462a-EndpointStateMachineTaskThread-/0.0.0.0:15002-0 ] INFO  utils.DatanodeStoreCache (DatanodeStoreCache.java:addDB(72)) - Added db /home/runner/work/ozone/ozone/hadoop-ozone/integration-test/target/test-dir/MiniOzoneClusterImpl-377bd28b-19ec-4c3d-8af6-29a7f1113b2b/ozone-meta/datanode-5/data-0/hdds/377bd28b-19ec-4c3d-8af6-29a7f1113b2b/DS-9affdf51-aedf-48e6-90bb-9935c99a70cc/container.db to cache
2024-02-27 21:36:38,905 [99aab7c0-d213-4f2c-9146-fe97bea2462a-EndpointStateMachineTaskThread-/0.0.0.0:15002-0 ] INFO  volume.HddsVolume (HddsVolume.java:createDbStore(420)) - SchemaV3 db is created and loaded at /home/runner/work/ozone/ozone/hadoop-ozone/integration-test/target/test-dir/MiniOzoneClusterImpl-377bd28b-19ec-4c3d-8af6-29a7f1113b2b/ozone-meta/datanode-5/data-0/hdds/377bd28b-19ec-4c3d-8af6-29a7f1113b2b/DS-9affdf51-aedf-48e6-90bb-9935c99a70cc/container.db for volume DS-9affdf51-aedf-48e6-90bb-9935c99a70cc
2024-02-27 21:36:38,907 [99aab7c0-d213-4f2c-9146-fe97bea2462a-ContainerReader-0] INFO  ozoneimpl.ContainerReader (ContainerReader.java:readVolume(148)) - Start to verify containers on volume /home/runner/work/ozone/ozone/hadoop-ozone/integration-test/target/test-dir/MiniOzoneClusterImpl-377bd28b-19ec-4c3d-8af6-29a7f1113b2b/ozone-meta/datanode-5/data-0/hdds
2024-02-27 21:36:38,907 [99aab7c0-d213-4f2c-9146-fe97bea2462a-ContainerReader-0] INFO  ozoneimpl.ContainerReader (ContainerReader.java:readVolume(178)) - Finish verifying containers on volume /home/runner/work/ozone/ozone/hadoop-ozone/integration-test/target/test-dir/MiniOzoneClusterImpl-377bd28b-19ec-4c3d-8af6-29a7f1113b2b/ozone-meta/datanode-5/data-0/hdds
2024-02-27 21:36:38,907 [99aab7c0-d213-4f2c-9146-fe97bea2462a-EndpointStateMachineTaskThread-/0.0.0.0:15002-0 ] INFO  ozoneimpl.OzoneContainer (OzoneContainer.java:buildContainerSet(328)) - Build ContainerSet costs 0s
2024-02-27 21:36:38,908 [99aab7c0-d213-4f2c-9146-fe97bea2462a-EndpointStateMachineTaskThread-/0.0.0.0:15002-0 ] INFO  volume.ThrottledAsyncChecker (ThrottledAsyncChecker.java:schedule(141)) - Scheduling a check for /home/runner/work/ozone/ozone/hadoop-ozone/integration-test/target/test-dir/MiniOzoneClusterImpl-377bd28b-19ec-4c3d-8af6-29a7f1113b2b/ozone-meta/datanode-5/data-0/hdds
2024-02-27 21:36:38,908 [99aab7c0-d213-4f2c-9146-fe97bea2462a-EndpointStateMachineTaskThread-/0.0.0.0:15002-0 ] INFO  volume.StorageVolumeChecker (StorageVolumeChecker.java:checkAllVolumes(218)) - Scheduled health check for volume /home/runner/work/ozone/ozone/hadoop-ozone/integration-test/target/test-dir/MiniOzoneClusterImpl-377bd28b-19ec-4c3d-8af6-29a7f1113b2b/ozone-meta/datanode-5/data-0/hdds
2024-02-27 21:36:38,910 [99aab7c0-d213-4f2c-9146-fe97bea2462a-EndpointStateMachineTaskThread-/0.0.0.0:15002-0 ] INFO  volume.ThrottledAsyncChecker (ThrottledAsyncChecker.java:schedule(141)) - Scheduling a check for /home/runner/work/ozone/ozone/hadoop-ozone/integration-test/target/test-dir/MiniOzoneClusterImpl-377bd28b-19ec-4c3d-8af6-29a7f1113b2b/ozone-meta/datanode-5/ratis
2024-02-27 21:36:38,910 [99aab7c0-d213-4f2c-9146-fe97bea2462a-EndpointStateMachineTaskThread-/0.0.0.0:15002-0 ] INFO  volume.StorageVolumeChecker (StorageVolumeChecker.java:checkAllVolumes(218)) - Scheduled health check for volume /home/runner/work/ozone/ozone/hadoop-ozone/integration-test/target/test-dir/MiniOzoneClusterImpl-377bd28b-19ec-4c3d-8af6-29a7f1113b2b/ozone-meta/datanode-5/ratis
2024-02-27 21:36:38,910 [99aab7c0-d213-4f2c-9146-fe97bea2462a-EndpointStateMachineTaskThread-/0.0.0.0:15002-0 ] INFO  ozoneimpl.OzoneContainer (OzoneContainer.java:start(459)) - Attempting to start container services.
2024-02-27 21:36:38,911 [99aab7c0-d213-4f2c-9146-fe97bea2462a-EndpointStateMachineTaskThread-/0.0.0.0:15002-0 ] INFO  ozoneimpl.OzoneContainer (OzoneContainer.java:startContainerScrub(339)) - Scheduled background container scanners and the on-demand container scanner have been disabled.
2024-02-27 21:36:38,911 [99aab7c0-d213-4f2c-9146-fe97bea2462a-EndpointStateMachineTaskThread-/0.0.0.0:15002-0 ] INFO  replication.ReplicationServer (ReplicationServer.java:start(140)) - ReplicationServer is started using port 15052
2024-02-27 21:36:38,912 [99aab7c0-d213-4f2c-9146-fe97bea2462a-EndpointStateMachineTaskThread-/0.0.0.0:15002-0 ] INFO  ratis.XceiverServerRatis (XceiverServerRatis.java:start(566)) - Starting XceiverServerRatis 99aab7c0-d213-4f2c-9146-fe97bea2462a
2024-02-27 21:36:38,912 [99aab7c0-d213-4f2c-9146-fe97bea2462a-EndpointStateMachineTaskThread-/0.0.0.0:15002-0 ] INFO  server.RaftServer (RaftServerProxy.java:startImpl(406)) - 99aab7c0-d213-4f2c-9146-fe97bea2462a: start RPC server
2024-02-27 21:36:38,913 [99aab7c0-d213-4f2c-9146-fe97bea2462a-EndpointStateMachineTaskThread-/0.0.0.0:15002-0 ] INFO  server.GrpcService (GrpcService.java:startImpl(302)) - 99aab7c0-d213-4f2c-9146-fe97bea2462a: GrpcService started, listening on 15048
2024-02-27 21:36:38,914 [99aab7c0-d213-4f2c-9146-fe97bea2462a-EndpointStateMachineTaskThread-/0.0.0.0:15002-0 ] INFO  server.GrpcService (GrpcService.java:startImpl(302)) - 99aab7c0-d213-4f2c-9146-fe97bea2462a: GrpcService started, listening on 15050
2024-02-27 21:36:38,915 [99aab7c0-d213-4f2c-9146-fe97bea2462a-EndpointStateMachineTaskThread-/0.0.0.0:15002-0 ] INFO  server.GrpcService (GrpcService.java:startImpl(302)) - 99aab7c0-d213-4f2c-9146-fe97bea2462a: GrpcService started, listening on 15049
2024-02-27 21:36:38,915 [99aab7c0-d213-4f2c-9146-fe97bea2462a-EndpointStateMachineTaskThread-/0.0.0.0:15002-0 ] INFO  ratis.XceiverServerRatis (XceiverServerRatis.java:getRealPort(592)) - XceiverServerRatis 99aab7c0-d213-4f2c-9146-fe97bea2462a is started using port 15048 for RATIS
2024-02-27 21:36:38,915 [JvmPauseMonitor6] INFO  util.JvmPauseMonitor (JvmPauseMonitor.java:run(146)) - JvmPauseMonitor-99aab7c0-d213-4f2c-9146-fe97bea2462a: Started
2024-02-27 21:36:38,915 [99aab7c0-d213-4f2c-9146-fe97bea2462a-EndpointStateMachineTaskThread-/0.0.0.0:15002-0 ] INFO  ratis.XceiverServerRatis (XceiverServerRatis.java:getRealPort(592)) - XceiverServerRatis 99aab7c0-d213-4f2c-9146-fe97bea2462a is started using port 15049 for RATIS_ADMIN
2024-02-27 21:36:38,915 [99aab7c0-d213-4f2c-9146-fe97bea2462a-EndpointStateMachineTaskThread-/0.0.0.0:15002-0 ] INFO  ratis.XceiverServerRatis (XceiverServerRatis.java:getRealPort(592)) - XceiverServerRatis 99aab7c0-d213-4f2c-9146-fe97bea2462a is started using port 15050 for RATIS_SERVER
2024-02-27 21:36:38,915 [99aab7c0-d213-4f2c-9146-fe97bea2462a-EndpointStateMachineTaskThread-/0.0.0.0:15002-0 ] INFO  ratis.XceiverServerRatis (XceiverServerRatis.java:getRealPort(592)) - XceiverServerRatis 99aab7c0-d213-4f2c-9146-fe97bea2462a is started using port 15051 for RATIS_DATASTREAM
2024-02-27 21:36:38,918 [99aab7c0-d213-4f2c-9146-fe97bea2462a-BlockDeletingService#0] INFO  interfaces.ContainerDeletionChoosingPolicyTemplate (ContainerDeletionChoosingPolicyTemplate.java:chooseContainerForBlockDeletion(85)) - Chosen 0/5000 blocks from 0 candidate containers.
2024-02-27 21:36:38,999 [main] INFO  ozone.MiniOzoneClusterImpl (MiniOzoneClusterImpl.java:lambda$waitForClusterToBeReady$0(195)) - Waiting for nodes to be ready. Got 0 of 6 DN Heartbeats.
2024-02-27 21:36:38,999 [main] INFO  ozone.MiniOzoneClusterImpl (MiniOzoneClusterImpl.java:lambda$waitForClusterToBeReady$0(198)) - Waiting for cluster to exit safe mode
2024-02-27 21:36:38,999 [main] INFO  ozone.MiniOzoneClusterImpl (MiniOzoneClusterImpl.java:lambda$waitForClusterToBeReady$0(200)) - SCM became leader
2024-02-27 21:36:39,020 [d3d377a3-85e1-46ad-98d9-a3196f7db815-EndpointStateMachineTaskThread-/0.0.0.0:15002-0 ] INFO  utils.DatanodeStoreCache (DatanodeStoreCache.java:addDB(72)) - Added db /home/runner/work/ozone/ozone/hadoop-ozone/integration-test/target/test-dir/MiniOzoneClusterImpl-377bd28b-19ec-4c3d-8af6-29a7f1113b2b/ozone-meta/datanode-6/data-0/hdds/377bd28b-19ec-4c3d-8af6-29a7f1113b2b/DS-8cc74370-db3a-4f52-915c-ed57d5e6b3cf/container.db to cache
2024-02-27 21:36:39,020 [d3d377a3-85e1-46ad-98d9-a3196f7db815-EndpointStateMachineTaskThread-/0.0.0.0:15002-0 ] INFO  volume.HddsVolume (HddsVolume.java:createDbStore(420)) - SchemaV3 db is created and loaded at /home/runner/work/ozone/ozone/hadoop-ozone/integration-test/target/test-dir/MiniOzoneClusterImpl-377bd28b-19ec-4c3d-8af6-29a7f1113b2b/ozone-meta/datanode-6/data-0/hdds/377bd28b-19ec-4c3d-8af6-29a7f1113b2b/DS-8cc74370-db3a-4f52-915c-ed57d5e6b3cf/container.db for volume DS-8cc74370-db3a-4f52-915c-ed57d5e6b3cf
2024-02-27 21:36:39,022 [d3d377a3-85e1-46ad-98d9-a3196f7db815-ContainerReader-0] INFO  ozoneimpl.ContainerReader (ContainerReader.java:readVolume(148)) - Start to verify containers on volume /home/runner/work/ozone/ozone/hadoop-ozone/integration-test/target/test-dir/MiniOzoneClusterImpl-377bd28b-19ec-4c3d-8af6-29a7f1113b2b/ozone-meta/datanode-6/data-0/hdds
2024-02-27 21:36:39,022 [d3d377a3-85e1-46ad-98d9-a3196f7db815-ContainerReader-0] INFO  ozoneimpl.ContainerReader (ContainerReader.java:readVolume(178)) - Finish verifying containers on volume /home/runner/work/ozone/ozone/hadoop-ozone/integration-test/target/test-dir/MiniOzoneClusterImpl-377bd28b-19ec-4c3d-8af6-29a7f1113b2b/ozone-meta/datanode-6/data-0/hdds
2024-02-27 21:36:39,022 [d3d377a3-85e1-46ad-98d9-a3196f7db815-EndpointStateMachineTaskThread-/0.0.0.0:15002-0 ] INFO  ozoneimpl.OzoneContainer (OzoneContainer.java:buildContainerSet(328)) - Build ContainerSet costs 0s
2024-02-27 21:36:39,022 [d3d377a3-85e1-46ad-98d9-a3196f7db815-EndpointStateMachineTaskThread-/0.0.0.0:15002-0 ] INFO  volume.ThrottledAsyncChecker (ThrottledAsyncChecker.java:schedule(141)) - Scheduling a check for /home/runner/work/ozone/ozone/hadoop-ozone/integration-test/target/test-dir/MiniOzoneClusterImpl-377bd28b-19ec-4c3d-8af6-29a7f1113b2b/ozone-meta/datanode-6/data-0/hdds
2024-02-27 21:36:39,023 [d3d377a3-85e1-46ad-98d9-a3196f7db815-EndpointStateMachineTaskThread-/0.0.0.0:15002-0 ] INFO  volume.StorageVolumeChecker (StorageVolumeChecker.java:checkAllVolumes(218)) - Scheduled health check for volume /home/runner/work/ozone/ozone/hadoop-ozone/integration-test/target/test-dir/MiniOzoneClusterImpl-377bd28b-19ec-4c3d-8af6-29a7f1113b2b/ozone-meta/datanode-6/data-0/hdds
2024-02-27 21:36:39,026 [d3d377a3-85e1-46ad-98d9-a3196f7db815-EndpointStateMachineTaskThread-/0.0.0.0:15002-0 ] INFO  volume.ThrottledAsyncChecker (ThrottledAsyncChecker.java:schedule(141)) - Scheduling a check for /home/runner/work/ozone/ozone/hadoop-ozone/integration-test/target/test-dir/MiniOzoneClusterImpl-377bd28b-19ec-4c3d-8af6-29a7f1113b2b/ozone-meta/datanode-6/ratis
2024-02-27 21:36:39,026 [d3d377a3-85e1-46ad-98d9-a3196f7db815-EndpointStateMachineTaskThread-/0.0.0.0:15002-0 ] INFO  volume.StorageVolumeChecker (StorageVolumeChecker.java:checkAllVolumes(218)) - Scheduled health check for volume /home/runner/work/ozone/ozone/hadoop-ozone/integration-test/target/test-dir/MiniOzoneClusterImpl-377bd28b-19ec-4c3d-8af6-29a7f1113b2b/ozone-meta/datanode-6/ratis
2024-02-27 21:36:39,027 [d3d377a3-85e1-46ad-98d9-a3196f7db815-EndpointStateMachineTaskThread-/0.0.0.0:15002-0 ] INFO  ozoneimpl.OzoneContainer (OzoneContainer.java:start(459)) - Attempting to start container services.
2024-02-27 21:36:39,027 [d3d377a3-85e1-46ad-98d9-a3196f7db815-EndpointStateMachineTaskThread-/0.0.0.0:15002-0 ] INFO  ozoneimpl.OzoneContainer (OzoneContainer.java:startContainerScrub(339)) - Scheduled background container scanners and the on-demand container scanner have been disabled.
2024-02-27 21:36:39,028 [d3d377a3-85e1-46ad-98d9-a3196f7db815-EndpointStateMachineTaskThread-/0.0.0.0:15002-0 ] INFO  replication.ReplicationServer (ReplicationServer.java:start(140)) - ReplicationServer is started using port 15061
2024-02-27 21:36:39,028 [d3d377a3-85e1-46ad-98d9-a3196f7db815-EndpointStateMachineTaskThread-/0.0.0.0:15002-0 ] INFO  ratis.XceiverServerRatis (XceiverServerRatis.java:start(566)) - Starting XceiverServerRatis d3d377a3-85e1-46ad-98d9-a3196f7db815
2024-02-27 21:36:39,029 [d3d377a3-85e1-46ad-98d9-a3196f7db815-EndpointStateMachineTaskThread-/0.0.0.0:15002-0 ] INFO  server.RaftServer (RaftServerProxy.java:startImpl(406)) - d3d377a3-85e1-46ad-98d9-a3196f7db815: start RPC server
2024-02-27 21:36:39,030 [d3d377a3-85e1-46ad-98d9-a3196f7db815-EndpointStateMachineTaskThread-/0.0.0.0:15002-0 ] INFO  server.GrpcService (GrpcService.java:startImpl(302)) - d3d377a3-85e1-46ad-98d9-a3196f7db815: GrpcService started, listening on 15057
2024-02-27 21:36:39,030 [d3d377a3-85e1-46ad-98d9-a3196f7db815-EndpointStateMachineTaskThread-/0.0.0.0:15002-0 ] INFO  server.GrpcService (GrpcService.java:startImpl(302)) - d3d377a3-85e1-46ad-98d9-a3196f7db815: GrpcService started, listening on 15059
2024-02-27 21:36:39,031 [d3d377a3-85e1-46ad-98d9-a3196f7db815-EndpointStateMachineTaskThread-/0.0.0.0:15002-0 ] INFO  server.GrpcService (GrpcService.java:startImpl(302)) - d3d377a3-85e1-46ad-98d9-a3196f7db815: GrpcService started, listening on 15058
2024-02-27 21:36:39,031 [d3d377a3-85e1-46ad-98d9-a3196f7db815-EndpointStateMachineTaskThread-/0.0.0.0:15002-0 ] INFO  ratis.XceiverServerRatis (XceiverServerRatis.java:getRealPort(592)) - XceiverServerRatis d3d377a3-85e1-46ad-98d9-a3196f7db815 is started using port 15057 for RATIS
2024-02-27 21:36:39,031 [JvmPauseMonitor7] INFO  util.JvmPauseMonitor (JvmPauseMonitor.java:run(146)) - JvmPauseMonitor-d3d377a3-85e1-46ad-98d9-a3196f7db815: Started
2024-02-27 21:36:39,031 [d3d377a3-85e1-46ad-98d9-a3196f7db815-EndpointStateMachineTaskThread-/0.0.0.0:15002-0 ] INFO  ratis.XceiverServerRatis (XceiverServerRatis.java:getRealPort(592)) - XceiverServerRatis d3d377a3-85e1-46ad-98d9-a3196f7db815 is started using port 15058 for RATIS_ADMIN
2024-02-27 21:36:39,031 [d3d377a3-85e1-46ad-98d9-a3196f7db815-EndpointStateMachineTaskThread-/0.0.0.0:15002-0 ] INFO  ratis.XceiverServerRatis (XceiverServerRatis.java:getRealPort(592)) - XceiverServerRatis d3d377a3-85e1-46ad-98d9-a3196f7db815 is started using port 15059 for RATIS_SERVER
2024-02-27 21:36:39,032 [d3d377a3-85e1-46ad-98d9-a3196f7db815-EndpointStateMachineTaskThread-/0.0.0.0:15002-0 ] INFO  ratis.XceiverServerRatis (XceiverServerRatis.java:getRealPort(592)) - XceiverServerRatis d3d377a3-85e1-46ad-98d9-a3196f7db815 is started using port 15060 for RATIS_DATASTREAM
2024-02-27 21:36:39,033 [d3d377a3-85e1-46ad-98d9-a3196f7db815-BlockDeletingService#0] INFO  interfaces.ContainerDeletionChoosingPolicyTemplate (ContainerDeletionChoosingPolicyTemplate.java:chooseContainerForBlockDeletion(85)) - Chosen 0/5000 blocks from 0 candidate containers.
2024-02-27 21:36:40,000 [main] INFO  ozone.MiniOzoneClusterImpl (MiniOzoneClusterImpl.java:lambda$waitForClusterToBeReady$0(195)) - Waiting for nodes to be ready. Got 0 of 6 DN Heartbeats.
2024-02-27 21:36:40,000 [main] INFO  ozone.MiniOzoneClusterImpl (MiniOzoneClusterImpl.java:lambda$waitForClusterToBeReady$0(198)) - Waiting for cluster to exit safe mode
2024-02-27 21:36:40,000 [main] INFO  ozone.MiniOzoneClusterImpl (MiniOzoneClusterImpl.java:lambda$waitForClusterToBeReady$0(200)) - SCM became leader
2024-02-27 21:36:40,261 [IPC Server handler 5 on default port 15002] INFO  net.NetworkTopologyImpl (NetworkTopologyImpl.java:add(124)) - Added a new node: /default-rack/46ce47ac-a134-4cce-ba10-4493b406f4b0
2024-02-27 21:36:40,264 [IPC Server handler 5 on default port 15002] INFO  node.SCMNodeManager (SCMNodeManager.java:register(421)) - Registered datanode: 46ce47ac-a134-4cce-ba10-4493b406f4b0{ip: 10.1.0.18, host: fv-az531-651.fb1yufaac5hu3gd5gtxiz42tfh.cx.internal.cloudapp.net, ports: [HTTP=15009, CLIENT_RPC=15010, REPLICATION=15016, RATIS=15012, RATIS_ADMIN=15013, RATIS_SERVER=15014, RATIS_DATASTREAM=15015, STANDALONE=15011], networkLocation: /default-rack, certSerialId: null, persistedOpState: null, persistedOpStateExpiryEpochSec: 0}
2024-02-27 21:36:40,268 [EventQueue-NewNodeForNewNodeHandler] INFO  pipeline.BackgroundPipelineCreator (BackgroundPipelineCreator.java:notifyEventTriggered(280)) - trigger a one-shot run on RatisPipelineUtilsThread.
2024-02-27 21:36:40,269 [EventQueue-NodeRegistrationContainerReportForDataNodeSafeModeRule] INFO  safemode.SCMSafeModeManager (DataNodeSafeModeRule.java:process(71)) - SCM in safe mode. 1 DataNodes registered, 3 required.
2024-02-27 21:36:40,270 [EventQueue-NodeRegistrationContainerReportForContainerSafeModeRule] INFO  safemode.SCMSafeModeManager (SCMSafeModeManager.java:validateSafeModeExitRules(200)) - ContainerSafeModeRule rule is successfully validated
2024-02-27 21:36:40,274 [EventQueue-PipelineReportForOneReplicaPipelineSafeModeRule] INFO  safemode.SCMSafeModeManager (SCMSafeModeManager.java:validateSafeModeExitRules(200)) - AtleastOneDatanodeReportedRule rule is successfully validated
2024-02-27 21:36:40,275 [RatisPipelineUtilsThread-0] INFO  pipeline.RatisPipelineProvider (RatisPipelineProvider.java:lambda$create$0(205)) - Sending CreatePipelineCommand for pipeline:PipelineID=baa3b67b-378d-4a44-a713-ec97e56ff824 to datanode:46ce47ac-a134-4cce-ba10-4493b406f4b0
2024-02-27 21:36:40,286 [RatisPipelineUtilsThread-0] INFO  pipeline.BackgroundPipelineCreator (BackgroundPipelineCreator.java:createPipelines(236)) - Created new pipeline Pipeline[ Id: baa3b67b-378d-4a44-a713-ec97e56ff824, Nodes: 46ce47ac-a134-4cce-ba10-4493b406f4b0(fv-az531-651.fb1yufaac5hu3gd5gtxiz42tfh.cx.internal.cloudapp.net/10.1.0.18), ReplicationConfig: RATIS/ONE, State:ALLOCATED, leaderId:, CreationTimestamp2024-02-27T21:36:40.275Z[Etc/UTC]]
2024-02-27 21:36:40,396 [IPC Server handler 0 on default port 15002] INFO  net.NetworkTopologyImpl (NetworkTopologyImpl.java:add(124)) - Added a new node: /default-rack/c855f1da-1b31-46a5-a68b-5d36f1d30008
2024-02-27 21:36:40,396 [IPC Server handler 0 on default port 15002] INFO  node.SCMNodeManager (SCMNodeManager.java:register(421)) - Registered datanode: c855f1da-1b31-46a5-a68b-5d36f1d30008{ip: 10.1.0.18, host: fv-az531-651.fb1yufaac5hu3gd5gtxiz42tfh.cx.internal.cloudapp.net, ports: [HTTP=15018, CLIENT_RPC=15019, REPLICATION=15025, RATIS=15021, RATIS_ADMIN=15022, RATIS_SERVER=15023, RATIS_DATASTREAM=15024, STANDALONE=15020], networkLocation: /default-rack, certSerialId: null, persistedOpState: null, persistedOpStateExpiryEpochSec: 0}
2024-02-27 21:36:40,397 [EventQueue-NodeRegistrationContainerReportForDataNodeSafeModeRule] INFO  safemode.SCMSafeModeManager (DataNodeSafeModeRule.java:process(71)) - SCM in safe mode. 2 DataNodes registered, 3 required.
2024-02-27 21:36:40,397 [EventQueue-NewNodeForNewNodeHandler] INFO  pipeline.BackgroundPipelineCreator (BackgroundPipelineCreator.java:notifyEventTriggered(280)) - trigger a one-shot run on RatisPipelineUtilsThread.
2024-02-27 21:36:40,398 [RatisPipelineUtilsThread-0] INFO  pipeline.RatisPipelineProvider (RatisPipelineProvider.java:lambda$create$0(205)) - Sending CreatePipelineCommand for pipeline:PipelineID=f90c3c57-0bcc-4d42-a5d0-51eab182817e to datanode:c855f1da-1b31-46a5-a68b-5d36f1d30008
2024-02-27 21:36:40,399 [RatisPipelineUtilsThread-0] INFO  pipeline.BackgroundPipelineCreator (BackgroundPipelineCreator.java:createPipelines(236)) - Created new pipeline Pipeline[ Id: f90c3c57-0bcc-4d42-a5d0-51eab182817e, Nodes: c855f1da-1b31-46a5-a68b-5d36f1d30008(fv-az531-651.fb1yufaac5hu3gd5gtxiz42tfh.cx.internal.cloudapp.net/10.1.0.18), ReplicationConfig: RATIS/ONE, State:ALLOCATED, leaderId:, CreationTimestamp2024-02-27T21:36:40.398Z[Etc/UTC]]
2024-02-27 21:36:40,520 [IPC Server handler 1 on default port 15002] INFO  net.NetworkTopologyImpl (NetworkTopologyImpl.java:add(124)) - Added a new node: /default-rack/9eee0c4a-241f-4a15-bff1-0522a907ac9b
2024-02-27 21:36:40,520 [IPC Server handler 1 on default port 15002] INFO  node.SCMNodeManager (SCMNodeManager.java:register(421)) - Registered datanode: 9eee0c4a-241f-4a15-bff1-0522a907ac9b{ip: 10.1.0.18, host: fv-az531-651.fb1yufaac5hu3gd5gtxiz42tfh.cx.internal.cloudapp.net, ports: [HTTP=15027, CLIENT_RPC=15028, REPLICATION=15034, RATIS=15030, RATIS_ADMIN=15031, RATIS_SERVER=15032, RATIS_DATASTREAM=15033, STANDALONE=15029], networkLocation: /default-rack, certSerialId: null, persistedOpState: null, persistedOpStateExpiryEpochSec: 0}
2024-02-27 21:36:40,520 [EventQueue-NewNodeForNewNodeHandler] INFO  pipeline.BackgroundPipelineCreator (BackgroundPipelineCreator.java:notifyEventTriggered(280)) - trigger a one-shot run on RatisPipelineUtilsThread.
2024-02-27 21:36:40,520 [EventQueue-NodeRegistrationContainerReportForDataNodeSafeModeRule] INFO  safemode.SCMSafeModeManager (DataNodeSafeModeRule.java:process(71)) - SCM in safe mode. 3 DataNodes registered, 3 required.
2024-02-27 21:36:40,521 [EventQueue-NodeRegistrationContainerReportForDataNodeSafeModeRule] INFO  safemode.SCMSafeModeManager (SCMSafeModeManager.java:validateSafeModeExitRules(200)) - DataNodeSafeModeRule rule is successfully validated
2024-02-27 21:36:40,521 [EventQueue-NodeRegistrationContainerReportForDataNodeSafeModeRule] INFO  safemode.SCMSafeModeManager (SCMSafeModeManager.java:completePreCheck(229)) - All SCM safe mode pre check rules have passed
2024-02-27 21:36:40,521 [EventQueue-NodeRegistrationContainerReportForDataNodeSafeModeRule] INFO  ha.SCMContext (SCMContext.java:updateSafeModeStatus(225)) - Update SafeModeStatus from SafeModeStatus{safeModeStatus=true, preCheckPassed=false} to SafeModeStatus{safeModeStatus=true, preCheckPassed=true}.
2024-02-27 21:36:40,521 [EventQueue-NodeRegistrationContainerReportForDataNodeSafeModeRule] INFO  pipeline.BackgroundPipelineCreator (BackgroundPipelineCreator.java:notifyEventTriggered(280)) - trigger a one-shot run on RatisPipelineUtilsThread.
2024-02-27 21:36:40,522 [RatisPipelineUtilsThread-0] INFO  pipeline.RatisPipelineProvider (RatisPipelineProvider.java:lambda$create$0(205)) - Sending CreatePipelineCommand for pipeline:PipelineID=e4b0a16e-ae84-4b17-85c1-902100b64c51 to datanode:9eee0c4a-241f-4a15-bff1-0522a907ac9b
2024-02-27 21:36:40,523 [RatisPipelineUtilsThread-0] INFO  pipeline.BackgroundPipelineCreator (BackgroundPipelineCreator.java:createPipelines(236)) - Created new pipeline Pipeline[ Id: e4b0a16e-ae84-4b17-85c1-902100b64c51, Nodes: 9eee0c4a-241f-4a15-bff1-0522a907ac9b(fv-az531-651.fb1yufaac5hu3gd5gtxiz42tfh.cx.internal.cloudapp.net/10.1.0.18), ReplicationConfig: RATIS/ONE, State:ALLOCATED, leaderId:, CreationTimestamp2024-02-27T21:36:40.522Z[Etc/UTC]]
2024-02-27 21:36:40,526 [RatisPipelineUtilsThread-0] INFO  pipeline.RatisPipelineProvider (RatisPipelineProvider.java:lambda$create$0(205)) - Sending CreatePipelineCommand for pipeline:PipelineID=35114e68-a185-4aa3-ba48-816bf9c79cc5 to datanode:c855f1da-1b31-46a5-a68b-5d36f1d30008
2024-02-27 21:36:40,526 [RatisPipelineUtilsThread-0] INFO  pipeline.RatisPipelineProvider (RatisPipelineProvider.java:lambda$create$0(205)) - Sending CreatePipelineCommand for pipeline:PipelineID=35114e68-a185-4aa3-ba48-816bf9c79cc5 to datanode:46ce47ac-a134-4cce-ba10-4493b406f4b0
2024-02-27 21:36:40,526 [RatisPipelineUtilsThread-0] INFO  pipeline.RatisPipelineProvider (RatisPipelineProvider.java:lambda$create$0(205)) - Sending CreatePipelineCommand for pipeline:PipelineID=35114e68-a185-4aa3-ba48-816bf9c79cc5 to datanode:9eee0c4a-241f-4a15-bff1-0522a907ac9b
2024-02-27 21:36:40,528 [RatisPipelineUtilsThread-0] INFO  pipeline.BackgroundPipelineCreator (BackgroundPipelineCreator.java:createPipelines(236)) - Created new pipeline Pipeline[ Id: 35114e68-a185-4aa3-ba48-816bf9c79cc5, Nodes: c855f1da-1b31-46a5-a68b-5d36f1d30008(fv-az531-651.fb1yufaac5hu3gd5gtxiz42tfh.cx.internal.cloudapp.net/10.1.0.18)46ce47ac-a134-4cce-ba10-4493b406f4b0(fv-az531-651.fb1yufaac5hu3gd5gtxiz42tfh.cx.internal.cloudapp.net/10.1.0.18)9eee0c4a-241f-4a15-bff1-0522a907ac9b(fv-az531-651.fb1yufaac5hu3gd5gtxiz42tfh.cx.internal.cloudapp.net/10.1.0.18), ReplicationConfig: RATIS/THREE, State:ALLOCATED, leaderId:, CreationTimestamp2024-02-27T21:36:40.526Z[Etc/UTC]]
2024-02-27 21:36:40,529 [RatisPipelineUtilsThread-0] INFO  pipeline.RatisPipelineProvider (RatisPipelineProvider.java:lambda$create$0(205)) - Sending CreatePipelineCommand for pipeline:PipelineID=a6c55939-43ae-4b67-aa53-5560cd5e8260 to datanode:46ce47ac-a134-4cce-ba10-4493b406f4b0
2024-02-27 21:36:40,529 [RatisPipelineUtilsThread-0] INFO  pipeline.RatisPipelineProvider (RatisPipelineProvider.java:lambda$create$0(205)) - Sending CreatePipelineCommand for pipeline:PipelineID=a6c55939-43ae-4b67-aa53-5560cd5e8260 to datanode:c855f1da-1b31-46a5-a68b-5d36f1d30008
2024-02-27 21:36:40,529 [RatisPipelineUtilsThread-0] INFO  pipeline.RatisPipelineProvider (RatisPipelineProvider.java:lambda$create$0(205)) - Sending CreatePipelineCommand for pipeline:PipelineID=a6c55939-43ae-4b67-aa53-5560cd5e8260 to datanode:9eee0c4a-241f-4a15-bff1-0522a907ac9b
2024-02-27 21:36:40,530 [RatisPipelineUtilsThread-0] INFO  pipeline.PipelineManagerImpl (PipelineManagerImpl.java:recordMetricsForPipeline(916)) - Pipeline: PipelineID=a6c55939-43ae-4b67-aa53-5560cd5e8260 contains same datanodes as previous pipelines: PipelineID=35114e68-a185-4aa3-ba48-816bf9c79cc5 nodeIds: 46ce47ac-a134-4cce-ba10-4493b406f4b0, c855f1da-1b31-46a5-a68b-5d36f1d30008, 9eee0c4a-241f-4a15-bff1-0522a907ac9b
2024-02-27 21:36:40,530 [RatisPipelineUtilsThread-0] INFO  pipeline.BackgroundPipelineCreator (BackgroundPipelineCreator.java:createPipelines(236)) - Created new pipeline Pipeline[ Id: a6c55939-43ae-4b67-aa53-5560cd5e8260, Nodes: 46ce47ac-a134-4cce-ba10-4493b406f4b0(fv-az531-651.fb1yufaac5hu3gd5gtxiz42tfh.cx.internal.cloudapp.net/10.1.0.18)c855f1da-1b31-46a5-a68b-5d36f1d30008(fv-az531-651.fb1yufaac5hu3gd5gtxiz42tfh.cx.internal.cloudapp.net/10.1.0.18)9eee0c4a-241f-4a15-bff1-0522a907ac9b(fv-az531-651.fb1yufaac5hu3gd5gtxiz42tfh.cx.internal.cloudapp.net/10.1.0.18), ReplicationConfig: RATIS/THREE, State:ALLOCATED, leaderId:, CreationTimestamp2024-02-27T21:36:40.528Z[Etc/UTC]]
2024-02-27 21:36:40,678 [IPC Server handler 2 on default port 15002] INFO  net.NetworkTopologyImpl (NetworkTopologyImpl.java:add(124)) - Added a new node: /default-rack/33496502-95c3-4a2e-b72a-a08a7037350f
2024-02-27 21:36:40,679 [IPC Server handler 2 on default port 15002] INFO  node.SCMNodeManager (SCMNodeManager.java:register(421)) - Registered datanode: 33496502-95c3-4a2e-b72a-a08a7037350f{ip: 10.1.0.18, host: fv-az531-651.fb1yufaac5hu3gd5gtxiz42tfh.cx.internal.cloudapp.net, ports: [HTTP=15036, CLIENT_RPC=15037, REPLICATION=15043, RATIS=15039, RATIS_ADMIN=15040, RATIS_SERVER=15041, RATIS_DATASTREAM=15042, STANDALONE=15038], networkLocation: /default-rack, certSerialId: null, persistedOpState: null, persistedOpStateExpiryEpochSec: 0}
2024-02-27 21:36:40,679 [EventQueue-NewNodeForNewNodeHandler] INFO  pipeline.BackgroundPipelineCreator (BackgroundPipelineCreator.java:notifyEventTriggered(280)) - trigger a one-shot run on RatisPipelineUtilsThread.
2024-02-27 21:36:40,680 [RatisPipelineUtilsThread-0] INFO  pipeline.RatisPipelineProvider (RatisPipelineProvider.java:lambda$create$0(205)) - Sending CreatePipelineCommand for pipeline:PipelineID=b33a1e73-18b2-4851-a719-0351f16ec234 to datanode:33496502-95c3-4a2e-b72a-a08a7037350f
2024-02-27 21:36:40,681 [RatisPipelineUtilsThread-0] INFO  pipeline.BackgroundPipelineCreator (BackgroundPipelineCreator.java:createPipelines(236)) - Created new pipeline Pipeline[ Id: b33a1e73-18b2-4851-a719-0351f16ec234, Nodes: 33496502-95c3-4a2e-b72a-a08a7037350f(fv-az531-651.fb1yufaac5hu3gd5gtxiz42tfh.cx.internal.cloudapp.net/10.1.0.18), ReplicationConfig: RATIS/ONE, State:ALLOCATED, leaderId:, CreationTimestamp2024-02-27T21:36:40.680Z[Etc/UTC]]
2024-02-27 21:36:40,860 [IPC Server handler 3 on default port 15002] INFO  net.NetworkTopologyImpl (NetworkTopologyImpl.java:add(124)) - Added a new node: /default-rack/99aab7c0-d213-4f2c-9146-fe97bea2462a
2024-02-27 21:36:40,860 [IPC Server handler 3 on default port 15002] INFO  node.SCMNodeManager (SCMNodeManager.java:register(421)) - Registered datanode: 99aab7c0-d213-4f2c-9146-fe97bea2462a{ip: 10.1.0.18, host: fv-az531-651.fb1yufaac5hu3gd5gtxiz42tfh.cx.internal.cloudapp.net, ports: [HTTP=15045, CLIENT_RPC=15046, REPLICATION=15052, RATIS=15048, RATIS_ADMIN=15049, RATIS_SERVER=15050, RATIS_DATASTREAM=15051, STANDALONE=15047], networkLocation: /default-rack, certSerialId: null, persistedOpState: null, persistedOpStateExpiryEpochSec: 0}
2024-02-27 21:36:40,861 [EventQueue-NewNodeForNewNodeHandler] INFO  pipeline.BackgroundPipelineCreator (BackgroundPipelineCreator.java:notifyEventTriggered(280)) - trigger a one-shot run on RatisPipelineUtilsThread.
2024-02-27 21:36:40,861 [RatisPipelineUtilsThread-0] INFO  pipeline.RatisPipelineProvider (RatisPipelineProvider.java:lambda$create$0(205)) - Sending CreatePipelineCommand for pipeline:PipelineID=60b12896-32bf-404d-9c65-26e798755c11 to datanode:99aab7c0-d213-4f2c-9146-fe97bea2462a
2024-02-27 21:36:40,864 [RatisPipelineUtilsThread-0] INFO  pipeline.BackgroundPipelineCreator (BackgroundPipelineCreator.java:createPipelines(236)) - Created new pipeline Pipeline[ Id: 60b12896-32bf-404d-9c65-26e798755c11, Nodes: 99aab7c0-d213-4f2c-9146-fe97bea2462a(fv-az531-651.fb1yufaac5hu3gd5gtxiz42tfh.cx.internal.cloudapp.net/10.1.0.18), ReplicationConfig: RATIS/ONE, State:ALLOCATED, leaderId:, CreationTimestamp2024-02-27T21:36:40.861Z[Etc/UTC]]
2024-02-27 21:36:40,999 [IPC Server handler 4 on default port 15002] INFO  net.NetworkTopologyImpl (NetworkTopologyImpl.java:add(124)) - Added a new node: /default-rack/d3d377a3-85e1-46ad-98d9-a3196f7db815
2024-02-27 21:36:41,000 [IPC Server handler 4 on default port 15002] INFO  node.SCMNodeManager (SCMNodeManager.java:register(421)) - Registered datanode: d3d377a3-85e1-46ad-98d9-a3196f7db815{ip: 10.1.0.18, host: fv-az531-651.fb1yufaac5hu3gd5gtxiz42tfh.cx.internal.cloudapp.net, ports: [HTTP=15054, CLIENT_RPC=15055, REPLICATION=15061, RATIS=15057, RATIS_ADMIN=15058, RATIS_SERVER=15059, RATIS_DATASTREAM=15060, STANDALONE=15056], networkLocation: /default-rack, certSerialId: null, persistedOpState: null, persistedOpStateExpiryEpochSec: 0}
2024-02-27 21:36:41,000 [EventQueue-NewNodeForNewNodeHandler] INFO  pipeline.BackgroundPipelineCreator (BackgroundPipelineCreator.java:notifyEventTriggered(280)) - trigger a one-shot run on RatisPipelineUtilsThread.
2024-02-27 21:36:41,001 [main] INFO  ozone.MiniOzoneClusterImpl (MiniOzoneClusterImpl.java:lambda$waitForClusterToBeReady$0(195)) - Nodes are ready. Got 6 of 6 DN Heartbeats.
2024-02-27 21:36:41,002 [main] INFO  ozone.MiniOzoneClusterImpl (MiniOzoneClusterImpl.java:lambda$waitForClusterToBeReady$0(198)) - Waiting for cluster to exit safe mode
2024-02-27 21:36:41,003 [main] INFO  ozone.MiniOzoneClusterImpl (MiniOzoneClusterImpl.java:lambda$waitForClusterToBeReady$0(200)) - SCM became leader
2024-02-27 21:36:41,002 [RatisPipelineUtilsThread-0] INFO  pipeline.RatisPipelineProvider (RatisPipelineProvider.java:lambda$create$0(205)) - Sending CreatePipelineCommand for pipeline:PipelineID=2d2e6ed8-d782-46de-ab75-6fa18942fc7a to datanode:d3d377a3-85e1-46ad-98d9-a3196f7db815
2024-02-27 21:36:41,004 [RatisPipelineUtilsThread-0] INFO  pipeline.BackgroundPipelineCreator (BackgroundPipelineCreator.java:createPipelines(236)) - Created new pipeline Pipeline[ Id: 2d2e6ed8-d782-46de-ab75-6fa18942fc7a, Nodes: d3d377a3-85e1-46ad-98d9-a3196f7db815(fv-az531-651.fb1yufaac5hu3gd5gtxiz42tfh.cx.internal.cloudapp.net/10.1.0.18), ReplicationConfig: RATIS/ONE, State:ALLOCATED, leaderId:, CreationTimestamp2024-02-27T21:36:41.001Z[Etc/UTC]]
2024-02-27 21:36:41,004 [RatisPipelineUtilsThread-0] INFO  pipeline.RatisPipelineProvider (RatisPipelineProvider.java:lambda$create$0(205)) - Sending CreatePipelineCommand for pipeline:PipelineID=05e9f429-bd2a-4387-ae0a-5e707275756c to datanode:d3d377a3-85e1-46ad-98d9-a3196f7db815
2024-02-27 21:36:41,004 [RatisPipelineUtilsThread-0] INFO  pipeline.RatisPipelineProvider (RatisPipelineProvider.java:lambda$create$0(205)) - Sending CreatePipelineCommand for pipeline:PipelineID=05e9f429-bd2a-4387-ae0a-5e707275756c to datanode:33496502-95c3-4a2e-b72a-a08a7037350f
2024-02-27 21:36:41,004 [RatisPipelineUtilsThread-0] INFO  pipeline.RatisPipelineProvider (RatisPipelineProvider.java:lambda$create$0(205)) - Sending CreatePipelineCommand for pipeline:PipelineID=05e9f429-bd2a-4387-ae0a-5e707275756c to datanode:99aab7c0-d213-4f2c-9146-fe97bea2462a
2024-02-27 21:36:41,006 [RatisPipelineUtilsThread-0] INFO  pipeline.BackgroundPipelineCreator (BackgroundPipelineCreator.java:createPipelines(236)) - Created new pipeline Pipeline[ Id: 05e9f429-bd2a-4387-ae0a-5e707275756c, Nodes: d3d377a3-85e1-46ad-98d9-a3196f7db815(fv-az531-651.fb1yufaac5hu3gd5gtxiz42tfh.cx.internal.cloudapp.net/10.1.0.18)33496502-95c3-4a2e-b72a-a08a7037350f(fv-az531-651.fb1yufaac5hu3gd5gtxiz42tfh.cx.internal.cloudapp.net/10.1.0.18)99aab7c0-d213-4f2c-9146-fe97bea2462a(fv-az531-651.fb1yufaac5hu3gd5gtxiz42tfh.cx.internal.cloudapp.net/10.1.0.18), ReplicationConfig: RATIS/THREE, State:ALLOCATED, leaderId:, CreationTimestamp2024-02-27T21:36:41.004Z[Etc/UTC]]
2024-02-27 21:36:41,007 [RatisPipelineUtilsThread-0] INFO  pipeline.RatisPipelineProvider (RatisPipelineProvider.java:lambda$create$0(205)) - Sending CreatePipelineCommand for pipeline:PipelineID=2b113725-d10a-49e1-8944-32c5d878ba64 to datanode:d3d377a3-85e1-46ad-98d9-a3196f7db815
2024-02-27 21:36:41,007 [RatisPipelineUtilsThread-0] INFO  pipeline.RatisPipelineProvider (RatisPipelineProvider.java:lambda$create$0(205)) - Sending CreatePipelineCommand for pipeline:PipelineID=2b113725-d10a-49e1-8944-32c5d878ba64 to datanode:33496502-95c3-4a2e-b72a-a08a7037350f
2024-02-27 21:36:41,007 [RatisPipelineUtilsThread-0] INFO  pipeline.RatisPipelineProvider (RatisPipelineProvider.java:lambda$create$0(205)) - Sending CreatePipelineCommand for pipeline:PipelineID=2b113725-d10a-49e1-8944-32c5d878ba64 to datanode:99aab7c0-d213-4f2c-9146-fe97bea2462a
2024-02-27 21:36:41,008 [RatisPipelineUtilsThread-0] INFO  pipeline.PipelineManagerImpl (PipelineManagerImpl.java:recordMetricsForPipeline(916)) - Pipeline: PipelineID=2b113725-d10a-49e1-8944-32c5d878ba64 contains same datanodes as previous pipelines: PipelineID=05e9f429-bd2a-4387-ae0a-5e707275756c nodeIds: d3d377a3-85e1-46ad-98d9-a3196f7db815, 33496502-95c3-4a2e-b72a-a08a7037350f, 99aab7c0-d213-4f2c-9146-fe97bea2462a
2024-02-27 21:36:41,008 [RatisPipelineUtilsThread-0] INFO  pipeline.BackgroundPipelineCreator (BackgroundPipelineCreator.java:createPipelines(236)) - Created new pipeline Pipeline[ Id: 2b113725-d10a-49e1-8944-32c5d878ba64, Nodes: d3d377a3-85e1-46ad-98d9-a3196f7db815(fv-az531-651.fb1yufaac5hu3gd5gtxiz42tfh.cx.internal.cloudapp.net/10.1.0.18)33496502-95c3-4a2e-b72a-a08a7037350f(fv-az531-651.fb1yufaac5hu3gd5gtxiz42tfh.cx.internal.cloudapp.net/10.1.0.18)99aab7c0-d213-4f2c-9146-fe97bea2462a(fv-az531-651.fb1yufaac5hu3gd5gtxiz42tfh.cx.internal.cloudapp.net/10.1.0.18), ReplicationConfig: RATIS/THREE, State:ALLOCATED, leaderId:, CreationTimestamp2024-02-27T21:36:41.007Z[Etc/UTC]]
2024-02-27 21:36:42,003 [main] INFO  ozone.MiniOzoneClusterImpl (MiniOzoneClusterImpl.java:lambda$waitForClusterToBeReady$0(195)) - Nodes are ready. Got 6 of 6 DN Heartbeats.
2024-02-27 21:36:42,004 [main] INFO  ozone.MiniOzoneClusterImpl (MiniOzoneClusterImpl.java:lambda$waitForClusterToBeReady$0(198)) - Waiting for cluster to exit safe mode
2024-02-27 21:36:42,004 [main] INFO  ozone.MiniOzoneClusterImpl (MiniOzoneClusterImpl.java:lambda$waitForClusterToBeReady$0(200)) - SCM became leader
2024-02-27 21:36:43,004 [main] INFO  ozone.MiniOzoneClusterImpl (MiniOzoneClusterImpl.java:lambda$waitForClusterToBeReady$0(195)) - Nodes are ready. Got 6 of 6 DN Heartbeats.
2024-02-27 21:36:43,004 [main] INFO  ozone.MiniOzoneClusterImpl (MiniOzoneClusterImpl.java:lambda$waitForClusterToBeReady$0(198)) - Waiting for cluster to exit safe mode
2024-02-27 21:36:43,005 [main] INFO  ozone.MiniOzoneClusterImpl (MiniOzoneClusterImpl.java:lambda$waitForClusterToBeReady$0(200)) - SCM became leader
2024-02-27 21:36:43,260 [46ce47ac-a134-4cce-ba10-4493b406f4b0-PipelineCommandHandlerThread-0] INFO  server.RaftServer (RaftServerProxy.java:addNew(100)) - 46ce47ac-a134-4cce-ba10-4493b406f4b0: addNew group-EC97E56FF824:[46ce47ac-a134-4cce-ba10-4493b406f4b0|10.1.0.18:15014] returns group-EC97E56FF824:java.util.concurrent.CompletableFuture@493d3fd4[Not completed]
2024-02-27 21:36:43,269 [46ce47ac-a134-4cce-ba10-4493b406f4b0-groupManagement] INFO  server.RaftServer$Division (RaftServerImpl.java:<init>(256)) - 46ce47ac-a134-4cce-ba10-4493b406f4b0: new RaftServerImpl for group-EC97E56FF824:[46ce47ac-a134-4cce-ba10-4493b406f4b0|10.1.0.18:15014] with ContainerStateMachine:uninitialized
2024-02-27 21:36:43,269 [46ce47ac-a134-4cce-ba10-4493b406f4b0-groupManagement] INFO  server.RaftServerConfigKeys (ConfUtils.java:logGet(46)) - raft.server.rpc.timeout.min = 5s (custom)
2024-02-27 21:36:43,269 [46ce47ac-a134-4cce-ba10-4493b406f4b0-groupManagement] INFO  server.RaftServerConfigKeys (ConfUtils.java:logGet(46)) - raft.server.rpc.timeout.max = 5200ms (custom)
2024-02-27 21:36:43,269 [46ce47ac-a134-4cce-ba10-4493b406f4b0-groupManagement] INFO  server.RaftServerConfigKeys (ConfUtils.java:logGet(46)) - raft.server.rpc.sleep.time = 25ms (default)
2024-02-27 21:36:43,269 [46ce47ac-a134-4cce-ba10-4493b406f4b0-groupManagement] INFO  server.RaftServerConfigKeys (ConfUtils.java:logGet(46)) - raft.server.rpc.slowness.timeout = 300s (custom)
2024-02-27 21:36:43,270 [46ce47ac-a134-4cce-ba10-4493b406f4b0-groupManagement] INFO  server.RaftServerConfigKeys (ConfUtils.java:logGet(46)) - raft.server.leaderelection.leader.step-down.wait-time = 10s (default)
2024-02-27 21:36:43,270 [46ce47ac-a134-4cce-ba10-4493b406f4b0-groupManagement] INFO  server.RaftServerConfigKeys (ConfUtils.java:logGet(46)) - raft.server.leaderelection.member.majority-add = false (default)
2024-02-27 21:36:43,270 [46ce47ac-a134-4cce-ba10-4493b406f4b0-groupManagement] INFO  server.RaftServerConfigKeys (ConfUtils.java:logGet(46)) - raft.server.sleep.deviation.threshold = 300ms (default)
2024-02-27 21:36:43,270 [46ce47ac-a134-4cce-ba10-4493b406f4b0-groupManagement] INFO  server.RaftServer$Division (ServerState.java:<init>(113)) - 46ce47ac-a134-4cce-ba10-4493b406f4b0@group-EC97E56FF824: ConfigurationManager, init=-1: peers:[46ce47ac-a134-4cce-ba10-4493b406f4b0|10.1.0.18:15014]|listeners:[], old=null, confs=<EMPTY_MAP>
2024-02-27 21:36:43,270 [46ce47ac-a134-4cce-ba10-4493b406f4b0-groupManagement] INFO  server.RaftServerConfigKeys (ConfUtils.java:logGet(46)) - raft.server.notification.no-leader.timeout = 300s (custom)
2024-02-27 21:36:43,270 [46ce47ac-a134-4cce-ba10-4493b406f4b0-groupManagement] INFO  server.RaftServerConfigKeys (ConfUtils.java:logGet(46)) - raft.server.read.timeout = 10s (default)
2024-02-27 21:36:43,270 [46ce47ac-a134-4cce-ba10-4493b406f4b0-groupManagement] INFO  server.RaftServerConfigKeys (ConfUtils.java:logGet(46)) - raft.server.retrycache.expirytime = 600000ms (custom)
2024-02-27 21:36:43,271 [46ce47ac-a134-4cce-ba10-4493b406f4b0-groupManagement] INFO  server.RaftServerConfigKeys (ConfUtils.java:logGet(46)) - raft.server.retrycache.statistics.expirytime = 100ms (default)
2024-02-27 21:36:43,271 [46ce47ac-a134-4cce-ba10-4493b406f4b0-groupManagement] INFO  server.RaftServerConfigKeys (ConfUtils.java:logGet(46)) - raft.server.read.option = DEFAULT (default)
2024-02-27 21:36:43,271 [46ce47ac-a134-4cce-ba10-4493b406f4b0-groupManagement] INFO  server.RaftServerConfigKeys (ConfUtils.java:logGet(46)) - raft.server.read.read-after-write-consistent.write-index-cache.expiry-time = 60s (default)
2024-02-27 21:36:43,281 [46ce47ac-a134-4cce-ba10-4493b406f4b0-groupManagement] INFO  server.RaftServerConfigKeys (ConfUtils.java:logGet(46)) - raft.server.rpc.request.timeout = 60s (custom)
2024-02-27 21:36:43,281 [46ce47ac-a134-4cce-ba10-4493b406f4b0-groupManagement] INFO  server.RaftServerConfigKeys (ConfUtils.java:logGet(46)) - raft.server.log.appender.install.snapshot.enabled = false (custom)
2024-02-27 21:36:43,281 [46ce47ac-a134-4cce-ba10-4493b406f4b0-groupManagement] INFO  server.RaftServerConfigKeys (ConfUtils.java:logGet(46)) - raft.server.threadpool.server.cached = true (default)
2024-02-27 21:36:43,282 [46ce47ac-a134-4cce-ba10-4493b406f4b0-groupManagement] INFO  server.RaftServerConfigKeys (ConfUtils.java:logGet(46)) - raft.server.threadpool.server.size = 0 (default)
2024-02-27 21:36:43,282 [46ce47ac-a134-4cce-ba10-4493b406f4b0-groupManagement] INFO  server.RaftServerConfigKeys (ConfUtils.java:logGet(46)) - raft.server.threadpool.client.cached = true (default)
2024-02-27 21:36:43,282 [46ce47ac-a134-4cce-ba10-4493b406f4b0-groupManagement] INFO  server.RaftServerConfigKeys (ConfUtils.java:logGet(46)) - raft.server.threadpool.client.size = 0 (default)
2024-02-27 21:36:43,282 [46ce47ac-a134-4cce-ba10-4493b406f4b0-groupManagement] INFO  server.RaftServerConfigKeys (ConfUtils.java:logGet(46)) - raft.server.storage.free-space.min = 0MB (=0) (default)
2024-02-27 21:36:43,282 [46ce47ac-a134-4cce-ba10-4493b406f4b0-groupManagement] INFO  server.RaftServerConfigKeys (ConfUtils.java:logGet(46)) - raft.server.log.corruption.policy = EXCEPTION (default)
2024-02-27 21:36:43,282 [46ce47ac-a134-4cce-ba10-4493b406f4b0-groupManagement] INFO  server.RaftServerConfigKeys (ConfUtils.java:logGet(46)) - raft.server.storage.dir = [/home/runner/work/ozone/ozone/hadoop-ozone/integration-test/target/test-dir/MiniOzoneClusterImpl-377bd28b-19ec-4c3d-8af6-29a7f1113b2b/ozone-meta/datanode-1/ratis] (custom)
2024-02-27 21:36:43,282 [46ce47ac-a134-4cce-ba10-4493b406f4b0-groupManagement] INFO  storage.RaftStorageDirectory (RaftStorageDirectoryImpl.java:analyzeStorage(138)) - The storage directory /home/runner/work/ozone/ozone/hadoop-ozone/integration-test/target/test-dir/MiniOzoneClusterImpl-377bd28b-19ec-4c3d-8af6-29a7f1113b2b/ozone-meta/datanode-1/ratis/baa3b67b-378d-4a44-a713-ec97e56ff824 does not exist. Creating ...
2024-02-27 21:36:43,284 [46ce47ac-a134-4cce-ba10-4493b406f4b0-groupManagement] INFO  storage.RaftStorageDirectory (RaftStorageDirectoryImpl.java:tryLock(228)) - Lock on /home/runner/work/ozone/ozone/hadoop-ozone/integration-test/target/test-dir/MiniOzoneClusterImpl-377bd28b-19ec-4c3d-8af6-29a7f1113b2b/ozone-meta/datanode-1/ratis/baa3b67b-378d-4a44-a713-ec97e56ff824/in_use.lock acquired by nodename 32143@fv-az531-651
2024-02-27 21:36:43,286 [46ce47ac-a134-4cce-ba10-4493b406f4b0-groupManagement] INFO  storage.RaftStorage (RaftStorageImpl.java:format(99)) - Storage directory /home/runner/work/ozone/ozone/hadoop-ozone/integration-test/target/test-dir/MiniOzoneClusterImpl-377bd28b-19ec-4c3d-8af6-29a7f1113b2b/ozone-meta/datanode-1/ratis/baa3b67b-378d-4a44-a713-ec97e56ff824 has been successfully formatted.
2024-02-27 21:36:43,288 [46ce47ac-a134-4cce-ba10-4493b406f4b0-groupManagement] WARN  util.FileUtils (LogUtils.java:supplyAndLog(63)) - Failed to Files.newInputStream /home/runner/work/ozone/ozone/hadoop-ozone/integration-test/target/test-dir/MiniOzoneClusterImpl-377bd28b-19ec-4c3d-8af6-29a7f1113b2b/ozone-meta/datanode-1/ratis/baa3b67b-378d-4a44-a713-ec97e56ff824/current/raft-meta.conf with options []: java.nio.file.NoSuchFileException: /home/runner/work/ozone/ozone/hadoop-ozone/integration-test/target/test-dir/MiniOzoneClusterImpl-377bd28b-19ec-4c3d-8af6-29a7f1113b2b/ozone-meta/datanode-1/ratis/baa3b67b-378d-4a44-a713-ec97e56ff824/current/raft-meta.conf
2024-02-27 21:36:43,292 [46ce47ac-a134-4cce-ba10-4493b406f4b0-groupManagement] INFO  ratis.ContainerStateMachine (ContainerStateMachine.java:loadSnapshot(287)) - group-EC97E56FF824: The snapshot info is null. Setting the last applied index to:(t:0, i:~)
2024-02-27 21:36:43,292 [46ce47ac-a134-4cce-ba10-4493b406f4b0-groupManagement] INFO  server.RaftServerConfigKeys (ConfUtils.java:logGet(46)) - raft.server.log.use.memory = false (default)
2024-02-27 21:36:43,292 [46ce47ac-a134-4cce-ba10-4493b406f4b0-groupManagement] INFO  server.RaftServerConfigKeys (ConfUtils.java:logGet(46)) - raft.server.log.purge.gap = 1000000 (custom)
2024-02-27 21:36:43,292 [46ce47ac-a134-4cce-ba10-4493b406f4b0-groupManagement] INFO  server.RaftServerConfigKeys (ConfUtils.java:logGet(46)) - raft.server.log.appender.buffer.byte-limit = 8388608 (custom)
2024-02-27 21:36:43,292 [46ce47ac-a134-4cce-ba10-4493b406f4b0-groupManagement] INFO  server.RaftServerConfigKeys (ConfUtils.java:logGet(46)) - raft.server.log.statemachine.data.read.timeout = 1000ms (default)
2024-02-27 21:36:43,293 [46ce47ac-a134-4cce-ba10-4493b406f4b0-groupManagement] INFO  server.RaftServerConfigKeys (ConfUtils.java:logGet(46)) - raft.server.log.purge.preservation.log.num = 0 (default)
2024-02-27 21:36:43,297 [46ce47ac-a134-4cce-ba10-4493b406f4b0-groupManagement] INFO  server.RaftServerConfigKeys (ConfUtils.java:logGet(46)) - raft.server.log.segment.size.max = 67108864 (custom)
2024-02-27 21:36:43,298 [46ce47ac-a134-4cce-ba10-4493b406f4b0-groupManagement] INFO  server.RaftServerConfigKeys (ConfUtils.java:logGet(46)) - raft.server.log.segment.cache.num.max = 2 (custom)
2024-02-27 21:36:43,298 [46ce47ac-a134-4cce-ba10-4493b406f4b0-groupManagement] INFO  server.RaftServerConfigKeys (ConfUtils.java:logGet(46)) - raft.server.log.segment.cache.size.max = 200MB (=209715200) (default)
2024-02-27 21:36:43,298 [46ce47ac-a134-4cce-ba10-4493b406f4b0-groupManagement] INFO  server.RaftServerConfigKeys (ConfUtils.java:logGet(46)) - raft.server.log.appender.buffer.byte-limit = 8388608 (custom)
2024-02-27 21:36:43,302 [46ce47ac-a134-4cce-ba10-4493b406f4b0-groupManagement] INFO  util.AwaitToRun (AwaitToRun.java:start(81)) - Thread[46ce47ac-a134-4cce-ba10-4493b406f4b0@group-EC97E56FF824-cacheEviction-AwaitToRun,5,main] started
2024-02-27 21:36:43,302 [46ce47ac-a134-4cce-ba10-4493b406f4b0-groupManagement] INFO  segmented.SegmentedRaftLogWorker (SegmentedRaftLogWorker.java:<init>(182)) - new 46ce47ac-a134-4cce-ba10-4493b406f4b0@group-EC97E56FF824-SegmentedRaftLogWorker for RaftStorageImpl:Storage Directory /home/runner/work/ozone/ozone/hadoop-ozone/integration-test/target/test-dir/MiniOzoneClusterImpl-377bd28b-19ec-4c3d-8af6-29a7f1113b2b/ozone-meta/datanode-1/ratis/baa3b67b-378d-4a44-a713-ec97e56ff824
2024-02-27 21:36:43,302 [46ce47ac-a134-4cce-ba10-4493b406f4b0-groupManagement] INFO  server.RaftServerConfigKeys (ConfUtils.java:logGet(46)) - raft.server.log.queue.byte-limit = 4294967296 (custom)
2024-02-27 21:36:43,302 [46ce47ac-a134-4cce-ba10-4493b406f4b0-groupManagement] INFO  server.RaftServerConfigKeys (ConfUtils.java:logGet(46)) - raft.server.log.queue.element-limit = 1024 (custom)
2024-02-27 21:36:43,302 [46ce47ac-a134-4cce-ba10-4493b406f4b0-groupManagement] INFO  server.RaftServerConfigKeys (ConfUtils.java:logGet(46)) - raft.server.log.segment.size.max = 67108864 (custom)
2024-02-27 21:36:43,302 [46ce47ac-a134-4cce-ba10-4493b406f4b0-groupManagement] INFO  server.RaftServerConfigKeys (ConfUtils.java:logGet(46)) - raft.server.log.preallocated.size = 4194304 (custom)
2024-02-27 21:36:43,302 [46ce47ac-a134-4cce-ba10-4493b406f4b0-groupManagement] INFO  server.RaftServerConfigKeys (ConfUtils.java:logGet(46)) - raft.server.log.force.sync.num = 128 (default)
2024-02-27 21:36:43,303 [46ce47ac-a134-4cce-ba10-4493b406f4b0-groupManagement] INFO  server.RaftServerConfigKeys (ConfUtils.java:logGet(46)) - raft.server.log.statemachine.data.sync = true (default)
2024-02-27 21:36:43,303 [46ce47ac-a134-4cce-ba10-4493b406f4b0-groupManagement] INFO  server.RaftServerConfigKeys (ConfUtils.java:logGet(46)) - raft.server.log.statemachine.data.sync.timeout = 10s (default)
2024-02-27 21:36:43,303 [46ce47ac-a134-4cce-ba10-4493b406f4b0-groupManagement] INFO  server.RaftServerConfigKeys (ConfUtils.java:logGet(46)) - raft.server.log.statemachine.data.sync.timeout.retry = 0 (custom)
2024-02-27 21:36:43,307 [46ce47ac-a134-4cce-ba10-4493b406f4b0-groupManagement] INFO  server.RaftServerConfigKeys (ConfUtils.java:logGet(46)) - raft.server.log.write.buffer.size = 8388616 (custom)
2024-02-27 21:36:43,310 [46ce47ac-a134-4cce-ba10-4493b406f4b0-groupManagement] INFO  server.RaftServerConfigKeys (ConfUtils.java:logGet(46)) - raft.server.log.appender.buffer.byte-limit = 8388608 (custom)
2024-02-27 21:36:43,310 [46ce47ac-a134-4cce-ba10-4493b406f4b0-groupManagement] INFO  server.RaftServerConfigKeys (ConfUtils.java:logGet(46)) - raft.server.log.unsafe-flush.enabled = false (default)
2024-02-27 21:36:43,310 [46ce47ac-a134-4cce-ba10-4493b406f4b0-groupManagement] INFO  server.RaftServerConfigKeys (ConfUtils.java:logGet(46)) - raft.server.log.async-flush.enabled = false (default)
2024-02-27 21:36:43,310 [46ce47ac-a134-4cce-ba10-4493b406f4b0-groupManagement] INFO  server.RaftServerConfigKeys (ConfUtils.java:logGet(46)) - raft.server.log.statemachine.data.caching.enabled = true (custom)
2024-02-27 21:36:43,311 [46ce47ac-a134-4cce-ba10-4493b406f4b0-groupManagement] INFO  segmented.SegmentedRaftLogWorker (SegmentedRaftLogWorker.java:lambda$new$0(134)) - 46ce47ac-a134-4cce-ba10-4493b406f4b0@group-EC97E56FF824-SegmentedRaftLogWorker: flushIndex: setUnconditionally 0 -> -1
2024-02-27 21:36:43,311 [46ce47ac-a134-4cce-ba10-4493b406f4b0-groupManagement] INFO  segmented.SegmentedRaftLogWorker (SegmentedRaftLogWorker.java:lambda$new$0(134)) - 46ce47ac-a134-4cce-ba10-4493b406f4b0@group-EC97E56FF824-SegmentedRaftLogWorker: safeCacheEvictIndex: setUnconditionally 0 -> -1
2024-02-27 21:36:43,311 [EventQueue-PipelineReportForPipelineReportHandler] INFO  pipeline.PipelineReportHandler (PipelineReportHandler.java:processPipelineReport(136)) - Opened pipeline PipelineID=baa3b67b-378d-4a44-a713-ec97e56ff824
2024-02-27 21:36:43,311 [46ce47ac-a134-4cce-ba10-4493b406f4b0-groupManagement] INFO  server.RaftServer$Division (RaftServerImpl.java:start(396)) - 46ce47ac-a134-4cce-ba10-4493b406f4b0@group-EC97E56FF824: start as a follower, conf=-1: peers:[46ce47ac-a134-4cce-ba10-4493b406f4b0|10.1.0.18:15014]|listeners:[], old=null
2024-02-27 21:36:43,312 [EventQueue-OpenPipelineForHealthyPipelineSafeModeRule] INFO  safemode.SCMSafeModeManager (HealthyPipelineSafeModeRule.java:process(140)) - SCM in safe mode. Healthy pipelines reported count is 0, required healthy pipeline reported count is 1
2024-02-27 21:36:43,312 [46ce47ac-a134-4cce-ba10-4493b406f4b0-groupManagement] INFO  server.RaftServer$Division (RaftServerImpl.java:setRole(383)) - 46ce47ac-a134-4cce-ba10-4493b406f4b0@group-EC97E56FF824: changes role from      null to FOLLOWER at term 0 for startAsFollower
2024-02-27 21:36:43,312 [46ce47ac-a134-4cce-ba10-4493b406f4b0-groupManagement] INFO  impl.RoleInfo (RoleInfo.java:updateAndGet(139)) - 46ce47ac-a134-4cce-ba10-4493b406f4b0: start 46ce47ac-a134-4cce-ba10-4493b406f4b0@group-EC97E56FF824-FollowerState
2024-02-27 21:36:43,313 [46ce47ac-a134-4cce-ba10-4493b406f4b0@group-EC97E56FF824-FollowerState] INFO  server.RaftServerConfigKeys (ConfUtils.java:logFallback(53)) - raft.server.rpc.first-election.timeout.min = 5s (fallback to raft.server.rpc.timeout.min)
2024-02-27 21:36:43,313 [46ce47ac-a134-4cce-ba10-4493b406f4b0@group-EC97E56FF824-FollowerState] INFO  server.RaftServerConfigKeys (ConfUtils.java:logFallback(53)) - raft.server.rpc.first-election.timeout.max = 5200ms (fallback to raft.server.rpc.timeout.max)
2024-02-27 21:36:43,313 [46ce47ac-a134-4cce-ba10-4493b406f4b0-groupManagement] INFO  util.JmxRegister (JmxRegister.java:tryRegister(44)) - Successfully registered JMX Bean with object name Ratis:service=RaftServer,group=group-EC97E56FF824,id=46ce47ac-a134-4cce-ba10-4493b406f4b0
2024-02-27 21:36:43,313 [46ce47ac-a134-4cce-ba10-4493b406f4b0-groupManagement] INFO  server.RaftServerConfigKeys (ConfUtils.java:logGet(46)) - raft.server.snapshot.trigger-when-stop.enabled = true (default)
2024-02-27 21:36:43,313 [46ce47ac-a134-4cce-ba10-4493b406f4b0-groupManagement] INFO  server.RaftServerConfigKeys (ConfUtils.java:logGet(46)) - raft.server.snapshot.auto.trigger.enabled = true (custom)
2024-02-27 21:36:43,313 [46ce47ac-a134-4cce-ba10-4493b406f4b0-groupManagement] INFO  server.RaftServerConfigKeys (ConfUtils.java:logGet(46)) - raft.server.snapshot.auto.trigger.threshold = 10000 (custom)
2024-02-27 21:36:43,313 [46ce47ac-a134-4cce-ba10-4493b406f4b0-groupManagement] INFO  server.RaftServerConfigKeys (ConfUtils.java:logGet(46)) - raft.server.snapshot.retention.file.num = 5 (custom)
2024-02-27 21:36:43,313 [46ce47ac-a134-4cce-ba10-4493b406f4b0-groupManagement] INFO  server.RaftServerConfigKeys (ConfUtils.java:logGet(46)) - raft.server.log.purge.upto.snapshot.index = false (default)
2024-02-27 21:36:43,319 [46ce47ac-a134-4cce-ba10-4493b406f4b0-PipelineCommandHandlerThread-0] INFO  ratis.XceiverServerRatis (XceiverServerRatis.java:addGroup(864)) - Created group PipelineID=baa3b67b-378d-4a44-a713-ec97e56ff824
2024-02-27 21:36:43,319 [46ce47ac-a134-4cce-ba10-4493b406f4b0-PipelineCommandHandlerThread-0] INFO  commandhandler.CreatePipelineCommandHandler (CreatePipelineCommandHandler.java:lambda$handle$2(124)) - Created Pipeline RATIS ONE PipelineID=baa3b67b-378d-4a44-a713-ec97e56ff824.
2024-02-27 21:36:43,320 [46ce47ac-a134-4cce-ba10-4493b406f4b0-PipelineCommandHandlerThread-0] INFO  server.RaftServer (RaftServerProxy.java:addNew(100)) - 46ce47ac-a134-4cce-ba10-4493b406f4b0: addNew group-816BF9C79CC5:[9eee0c4a-241f-4a15-bff1-0522a907ac9b|10.1.0.18:15032, 46ce47ac-a134-4cce-ba10-4493b406f4b0|10.1.0.18:15014, c855f1da-1b31-46a5-a68b-5d36f1d30008|10.1.0.18:15023] returns group-816BF9C79CC5:java.util.concurrent.CompletableFuture@716bf3f4[Not completed]
2024-02-27 21:36:43,321 [46ce47ac-a134-4cce-ba10-4493b406f4b0-groupManagement] INFO  server.RaftServer$Division (RaftServerImpl.java:<init>(256)) - 46ce47ac-a134-4cce-ba10-4493b406f4b0: new RaftServerImpl for group-816BF9C79CC5:[9eee0c4a-241f-4a15-bff1-0522a907ac9b|10.1.0.18:15032, 46ce47ac-a134-4cce-ba10-4493b406f4b0|10.1.0.18:15014, c855f1da-1b31-46a5-a68b-5d36f1d30008|10.1.0.18:15023] with ContainerStateMachine:uninitialized
2024-02-27 21:36:43,322 [46ce47ac-a134-4cce-ba10-4493b406f4b0-groupManagement] INFO  server.RaftServerConfigKeys (ConfUtils.java:logGet(46)) - raft.server.rpc.timeout.min = 5s (custom)
2024-02-27 21:36:43,322 [46ce47ac-a134-4cce-ba10-4493b406f4b0-groupManagement] INFO  server.RaftServerConfigKeys (ConfUtils.java:logGet(46)) - raft.server.rpc.timeout.max = 5200ms (custom)
2024-02-27 21:36:43,322 [46ce47ac-a134-4cce-ba10-4493b406f4b0-groupManagement] INFO  server.RaftServerConfigKeys (ConfUtils.java:logGet(46)) - raft.server.rpc.sleep.time = 25ms (default)
2024-02-27 21:36:43,322 [46ce47ac-a134-4cce-ba10-4493b406f4b0-groupManagement] INFO  server.RaftServerConfigKeys (ConfUtils.java:logGet(46)) - raft.server.rpc.slowness.timeout = 300s (custom)
2024-02-27 21:36:43,322 [46ce47ac-a134-4cce-ba10-4493b406f4b0-groupManagement] INFO  server.RaftServerConfigKeys (ConfUtils.java:logGet(46)) - raft.server.leaderelection.leader.step-down.wait-time = 10s (default)
2024-02-27 21:36:43,322 [46ce47ac-a134-4cce-ba10-4493b406f4b0-groupManagement] INFO  server.RaftServerConfigKeys (ConfUtils.java:logGet(46)) - raft.server.leaderelection.member.majority-add = false (default)
2024-02-27 21:36:43,323 [46ce47ac-a134-4cce-ba10-4493b406f4b0-groupManagement] INFO  server.RaftServerConfigKeys (ConfUtils.java:logGet(46)) - raft.server.sleep.deviation.threshold = 300ms (default)
2024-02-27 21:36:43,323 [46ce47ac-a134-4cce-ba10-4493b406f4b0-groupManagement] INFO  server.RaftServer$Division (ServerState.java:<init>(113)) - 46ce47ac-a134-4cce-ba10-4493b406f4b0@group-816BF9C79CC5: ConfigurationManager, init=-1: peers:[9eee0c4a-241f-4a15-bff1-0522a907ac9b|10.1.0.18:15032, 46ce47ac-a134-4cce-ba10-4493b406f4b0|10.1.0.18:15014, c855f1da-1b31-46a5-a68b-5d36f1d30008|10.1.0.18:15023]|listeners:[], old=null, confs=<EMPTY_MAP>
2024-02-27 21:36:43,323 [46ce47ac-a134-4cce-ba10-4493b406f4b0-groupManagement] INFO  server.RaftServerConfigKeys (ConfUtils.java:logGet(46)) - raft.server.notification.no-leader.timeout = 300s (custom)
2024-02-27 21:36:43,323 [46ce47ac-a134-4cce-ba10-4493b406f4b0-groupManagement] INFO  server.RaftServerConfigKeys (ConfUtils.java:logGet(46)) - raft.server.read.timeout = 10s (default)
2024-02-27 21:36:43,323 [46ce47ac-a134-4cce-ba10-4493b406f4b0-groupManagement] INFO  server.RaftServerConfigKeys (ConfUtils.java:logGet(46)) - raft.server.retrycache.expirytime = 600000ms (custom)
2024-02-27 21:36:43,323 [46ce47ac-a134-4cce-ba10-4493b406f4b0-groupManagement] INFO  server.RaftServerConfigKeys (ConfUtils.java:logGet(46)) - raft.server.retrycache.statistics.expirytime = 100ms (default)
2024-02-27 21:36:43,323 [46ce47ac-a134-4cce-ba10-4493b406f4b0-groupManagement] INFO  server.RaftServerConfigKeys (ConfUtils.java:logGet(46)) - raft.server.read.option = DEFAULT (default)
2024-02-27 21:36:43,323 [46ce47ac-a134-4cce-ba10-4493b406f4b0-groupManagement] INFO  server.RaftServerConfigKeys (ConfUtils.java:logGet(46)) - raft.server.read.read-after-write-consistent.write-index-cache.expiry-time = 60s (default)
2024-02-27 21:36:43,330 [46ce47ac-a134-4cce-ba10-4493b406f4b0-groupManagement] INFO  server.RaftServerConfigKeys (ConfUtils.java:logGet(46)) - raft.server.rpc.request.timeout = 60s (custom)
2024-02-27 21:36:43,330 [46ce47ac-a134-4cce-ba10-4493b406f4b0-groupManagement] INFO  server.RaftServerConfigKeys (ConfUtils.java:logGet(46)) - raft.server.log.appender.install.snapshot.enabled = false (custom)
2024-02-27 21:36:43,330 [46ce47ac-a134-4cce-ba10-4493b406f4b0-groupManagement] INFO  server.RaftServerConfigKeys (ConfUtils.java:logGet(46)) - raft.server.threadpool.server.cached = true (default)
2024-02-27 21:36:43,330 [46ce47ac-a134-4cce-ba10-4493b406f4b0-groupManagement] INFO  server.RaftServerConfigKeys (ConfUtils.java:logGet(46)) - raft.server.threadpool.server.size = 0 (default)
2024-02-27 21:36:43,330 [46ce47ac-a134-4cce-ba10-4493b406f4b0-groupManagement] INFO  server.RaftServerConfigKeys (ConfUtils.java:logGet(46)) - raft.server.threadpool.client.cached = true (default)
2024-02-27 21:36:43,330 [46ce47ac-a134-4cce-ba10-4493b406f4b0-groupManagement] INFO  server.RaftServerConfigKeys (ConfUtils.java:logGet(46)) - raft.server.threadpool.client.size = 0 (default)
2024-02-27 21:36:43,331 [46ce47ac-a134-4cce-ba10-4493b406f4b0-groupManagement] INFO  server.RaftServerConfigKeys (ConfUtils.java:logGet(46)) - raft.server.storage.free-space.min = 0MB (=0) (default)
2024-02-27 21:36:43,331 [46ce47ac-a134-4cce-ba10-4493b406f4b0-groupManagement] INFO  server.RaftServerConfigKeys (ConfUtils.java:logGet(46)) - raft.server.log.corruption.policy = EXCEPTION (default)
2024-02-27 21:36:43,331 [46ce47ac-a134-4cce-ba10-4493b406f4b0-groupManagement] INFO  server.RaftServerConfigKeys (ConfUtils.java:logGet(46)) - raft.server.storage.dir = [/home/runner/work/ozone/ozone/hadoop-ozone/integration-test/target/test-dir/MiniOzoneClusterImpl-377bd28b-19ec-4c3d-8af6-29a7f1113b2b/ozone-meta/datanode-1/ratis] (custom)
2024-02-27 21:36:43,331 [46ce47ac-a134-4cce-ba10-4493b406f4b0-groupManagement] INFO  storage.RaftStorageDirectory (RaftStorageDirectoryImpl.java:analyzeStorage(138)) - The storage directory /home/runner/work/ozone/ozone/hadoop-ozone/integration-test/target/test-dir/MiniOzoneClusterImpl-377bd28b-19ec-4c3d-8af6-29a7f1113b2b/ozone-meta/datanode-1/ratis/35114e68-a185-4aa3-ba48-816bf9c79cc5 does not exist. Creating ...
2024-02-27 21:36:43,332 [46ce47ac-a134-4cce-ba10-4493b406f4b0-groupManagement] INFO  storage.RaftStorageDirectory (RaftStorageDirectoryImpl.java:tryLock(228)) - Lock on /home/runner/work/ozone/ozone/hadoop-ozone/integration-test/target/test-dir/MiniOzoneClusterImpl-377bd28b-19ec-4c3d-8af6-29a7f1113b2b/ozone-meta/datanode-1/ratis/35114e68-a185-4aa3-ba48-816bf9c79cc5/in_use.lock acquired by nodename 32143@fv-az531-651
2024-02-27 21:36:43,334 [46ce47ac-a134-4cce-ba10-4493b406f4b0-groupManagement] INFO  storage.RaftStorage (RaftStorageImpl.java:format(99)) - Storage directory /home/runner/work/ozone/ozone/hadoop-ozone/integration-test/target/test-dir/MiniOzoneClusterImpl-377bd28b-19ec-4c3d-8af6-29a7f1113b2b/ozone-meta/datanode-1/ratis/35114e68-a185-4aa3-ba48-816bf9c79cc5 has been successfully formatted.
2024-02-27 21:36:43,334 [46ce47ac-a134-4cce-ba10-4493b406f4b0-groupManagement] WARN  util.FileUtils (LogUtils.java:supplyAndLog(63)) - Failed to Files.newInputStream /home/runner/work/ozone/ozone/hadoop-ozone/integration-test/target/test-dir/MiniOzoneClusterImpl-377bd28b-19ec-4c3d-8af6-29a7f1113b2b/ozone-meta/datanode-1/ratis/35114e68-a185-4aa3-ba48-816bf9c79cc5/current/raft-meta.conf with options []: java.nio.file.NoSuchFileException: /home/runner/work/ozone/ozone/hadoop-ozone/integration-test/target/test-dir/MiniOzoneClusterImpl-377bd28b-19ec-4c3d-8af6-29a7f1113b2b/ozone-meta/datanode-1/ratis/35114e68-a185-4aa3-ba48-816bf9c79cc5/current/raft-meta.conf
2024-02-27 21:36:43,334 [46ce47ac-a134-4cce-ba10-4493b406f4b0-groupManagement] INFO  ratis.ContainerStateMachine (ContainerStateMachine.java:loadSnapshot(287)) - group-816BF9C79CC5: The snapshot info is null. Setting the last applied index to:(t:0, i:~)
2024-02-27 21:36:43,335 [46ce47ac-a134-4cce-ba10-4493b406f4b0-groupManagement] INFO  server.RaftServerConfigKeys (ConfUtils.java:logGet(46)) - raft.server.log.use.memory = false (default)
2024-02-27 21:36:43,335 [46ce47ac-a134-4cce-ba10-4493b406f4b0-groupManagement] INFO  server.RaftServerConfigKeys (ConfUtils.java:logGet(46)) - raft.server.log.purge.gap = 1000000 (custom)
2024-02-27 21:36:43,335 [46ce47ac-a134-4cce-ba10-4493b406f4b0-groupManagement] INFO  server.RaftServerConfigKeys (ConfUtils.java:logGet(46)) - raft.server.log.appender.buffer.byte-limit = 8388608 (custom)
2024-02-27 21:36:43,335 [46ce47ac-a134-4cce-ba10-4493b406f4b0-groupManagement] INFO  server.RaftServerConfigKeys (ConfUtils.java:logGet(46)) - raft.server.log.statemachine.data.read.timeout = 1000ms (default)
2024-02-27 21:36:43,339 [EventQueue-OpenPipelineForHealthyPipelineSafeModeRule] INFO  safemode.SCMSafeModeManager (HealthyPipelineSafeModeRule.java:process(140)) - SCM in safe mode. Healthy pipelines reported count is 0, required healthy pipeline reported count is 1
2024-02-27 21:36:43,339 [46ce47ac-a134-4cce-ba10-4493b406f4b0-groupManagement] INFO  server.RaftServerConfigKeys (ConfUtils.java:logGet(46)) - raft.server.log.purge.preservation.log.num = 0 (default)
2024-02-27 21:36:43,342 [46ce47ac-a134-4cce-ba10-4493b406f4b0-groupManagement] INFO  server.RaftServerConfigKeys (ConfUtils.java:logGet(46)) - raft.server.log.segment.size.max = 67108864 (custom)
2024-02-27 21:36:43,343 [46ce47ac-a134-4cce-ba10-4493b406f4b0-groupManagement] INFO  server.RaftServerConfigKeys (ConfUtils.java:logGet(46)) - raft.server.log.segment.cache.num.max = 2 (custom)
2024-02-27 21:36:43,343 [46ce47ac-a134-4cce-ba10-4493b406f4b0-groupManagement] INFO  server.RaftServerConfigKeys (ConfUtils.java:logGet(46)) - raft.server.log.segment.cache.size.max = 200MB (=209715200) (default)
2024-02-27 21:36:43,343 [46ce47ac-a134-4cce-ba10-4493b406f4b0-groupManagement] INFO  server.RaftServerConfigKeys (ConfUtils.java:logGet(46)) - raft.server.log.appender.buffer.byte-limit = 8388608 (custom)
2024-02-27 21:36:43,343 [46ce47ac-a134-4cce-ba10-4493b406f4b0-groupManagement] INFO  util.AwaitToRun (AwaitToRun.java:start(81)) - Thread[46ce47ac-a134-4cce-ba10-4493b406f4b0@group-816BF9C79CC5-cacheEviction-AwaitToRun,5,main] started
2024-02-27 21:36:43,343 [46ce47ac-a134-4cce-ba10-4493b406f4b0-groupManagement] INFO  segmented.SegmentedRaftLogWorker (SegmentedRaftLogWorker.java:<init>(182)) - new 46ce47ac-a134-4cce-ba10-4493b406f4b0@group-816BF9C79CC5-SegmentedRaftLogWorker for RaftStorageImpl:Storage Directory /home/runner/work/ozone/ozone/hadoop-ozone/integration-test/target/test-dir/MiniOzoneClusterImpl-377bd28b-19ec-4c3d-8af6-29a7f1113b2b/ozone-meta/datanode-1/ratis/35114e68-a185-4aa3-ba48-816bf9c79cc5
2024-02-27 21:36:43,343 [46ce47ac-a134-4cce-ba10-4493b406f4b0-groupManagement] INFO  server.RaftServerConfigKeys (ConfUtils.java:logGet(46)) - raft.server.log.queue.byte-limit = 4294967296 (custom)
2024-02-27 21:36:43,343 [46ce47ac-a134-4cce-ba10-4493b406f4b0-groupManagement] INFO  server.RaftServerConfigKeys (ConfUtils.java:logGet(46)) - raft.server.log.queue.element-limit = 1024 (custom)
2024-02-27 21:36:43,343 [46ce47ac-a134-4cce-ba10-4493b406f4b0-groupManagement] INFO  server.RaftServerConfigKeys (ConfUtils.java:logGet(46)) - raft.server.log.segment.size.max = 67108864 (custom)
2024-02-27 21:36:43,344 [46ce47ac-a134-4cce-ba10-4493b406f4b0-groupManagement] INFO  server.RaftServerConfigKeys (ConfUtils.java:logGet(46)) - raft.server.log.preallocated.size = 4194304 (custom)
2024-02-27 21:36:43,344 [46ce47ac-a134-4cce-ba10-4493b406f4b0-groupManagement] INFO  server.RaftServerConfigKeys (ConfUtils.java:logGet(46)) - raft.server.log.force.sync.num = 128 (default)
2024-02-27 21:36:43,344 [46ce47ac-a134-4cce-ba10-4493b406f4b0-groupManagement] INFO  server.RaftServerConfigKeys (ConfUtils.java:logGet(46)) - raft.server.log.statemachine.data.sync = true (default)
2024-02-27 21:36:43,344 [46ce47ac-a134-4cce-ba10-4493b406f4b0-groupManagement] INFO  server.RaftServerConfigKeys (ConfUtils.java:logGet(46)) - raft.server.log.statemachine.data.sync.timeout = 10s (default)
2024-02-27 21:36:43,344 [46ce47ac-a134-4cce-ba10-4493b406f4b0-groupManagement] INFO  server.RaftServerConfigKeys (ConfUtils.java:logGet(46)) - raft.server.log.statemachine.data.sync.timeout.retry = 0 (custom)
2024-02-27 21:36:43,344 [46ce47ac-a134-4cce-ba10-4493b406f4b0-groupManagement] INFO  server.RaftServerConfigKeys (ConfUtils.java:logGet(46)) - raft.server.log.write.buffer.size = 8388616 (custom)
2024-02-27 21:36:43,348 [46ce47ac-a134-4cce-ba10-4493b406f4b0-groupManagement] INFO  server.RaftServerConfigKeys (ConfUtils.java:logGet(46)) - raft.server.log.appender.buffer.byte-limit = 8388608 (custom)
2024-02-27 21:36:43,348 [46ce47ac-a134-4cce-ba10-4493b406f4b0-groupManagement] INFO  server.RaftServerConfigKeys (ConfUtils.java:logGet(46)) - raft.server.log.unsafe-flush.enabled = false (default)
2024-02-27 21:36:43,348 [46ce47ac-a134-4cce-ba10-4493b406f4b0-groupManagement] INFO  server.RaftServerConfigKeys (ConfUtils.java:logGet(46)) - raft.server.log.async-flush.enabled = false (default)
2024-02-27 21:36:43,348 [46ce47ac-a134-4cce-ba10-4493b406f4b0-groupManagement] INFO  server.RaftServerConfigKeys (ConfUtils.java:logGet(46)) - raft.server.log.statemachine.data.caching.enabled = true (custom)
2024-02-27 21:36:43,348 [46ce47ac-a134-4cce-ba10-4493b406f4b0-groupManagement] INFO  segmented.SegmentedRaftLogWorker (SegmentedRaftLogWorker.java:lambda$new$0(134)) - 46ce47ac-a134-4cce-ba10-4493b406f4b0@group-816BF9C79CC5-SegmentedRaftLogWorker: flushIndex: setUnconditionally 0 -> -1
2024-02-27 21:36:43,348 [46ce47ac-a134-4cce-ba10-4493b406f4b0-groupManagement] INFO  segmented.SegmentedRaftLogWorker (SegmentedRaftLogWorker.java:lambda$new$0(134)) - 46ce47ac-a134-4cce-ba10-4493b406f4b0@group-816BF9C79CC5-SegmentedRaftLogWorker: safeCacheEvictIndex: setUnconditionally 0 -> -1
2024-02-27 21:36:43,349 [46ce47ac-a134-4cce-ba10-4493b406f4b0-groupManagement] INFO  server.RaftServer$Division (RaftServerImpl.java:start(396)) - 46ce47ac-a134-4cce-ba10-4493b406f4b0@group-816BF9C79CC5: start as a follower, conf=-1: peers:[9eee0c4a-241f-4a15-bff1-0522a907ac9b|10.1.0.18:15032, 46ce47ac-a134-4cce-ba10-4493b406f4b0|10.1.0.18:15014, c855f1da-1b31-46a5-a68b-5d36f1d30008|10.1.0.18:15023]|listeners:[], old=null
2024-02-27 21:36:43,349 [46ce47ac-a134-4cce-ba10-4493b406f4b0-groupManagement] INFO  server.RaftServer$Division (RaftServerImpl.java:setRole(383)) - 46ce47ac-a134-4cce-ba10-4493b406f4b0@group-816BF9C79CC5: changes role from      null to FOLLOWER at term 0 for startAsFollower
2024-02-27 21:36:43,349 [46ce47ac-a134-4cce-ba10-4493b406f4b0-groupManagement] INFO  impl.RoleInfo (RoleInfo.java:updateAndGet(139)) - 46ce47ac-a134-4cce-ba10-4493b406f4b0: start 46ce47ac-a134-4cce-ba10-4493b406f4b0@group-816BF9C79CC5-FollowerState
2024-02-27 21:36:43,349 [46ce47ac-a134-4cce-ba10-4493b406f4b0@group-816BF9C79CC5-FollowerState] INFO  server.RaftServerConfigKeys (ConfUtils.java:logFallback(53)) - raft.server.rpc.first-election.timeout.min = 5s (fallback to raft.server.rpc.timeout.min)
2024-02-27 21:36:43,349 [46ce47ac-a134-4cce-ba10-4493b406f4b0-groupManagement] INFO  util.JmxRegister (JmxRegister.java:tryRegister(44)) - Successfully registered JMX Bean with object name Ratis:service=RaftServer,group=group-816BF9C79CC5,id=46ce47ac-a134-4cce-ba10-4493b406f4b0
2024-02-27 21:36:43,349 [46ce47ac-a134-4cce-ba10-4493b406f4b0@group-816BF9C79CC5-FollowerState] INFO  server.RaftServerConfigKeys (ConfUtils.java:logFallback(53)) - raft.server.rpc.first-election.timeout.max = 5200ms (fallback to raft.server.rpc.timeout.max)
2024-02-27 21:36:43,349 [46ce47ac-a134-4cce-ba10-4493b406f4b0-groupManagement] INFO  server.RaftServerConfigKeys (ConfUtils.java:logGet(46)) - raft.server.snapshot.trigger-when-stop.enabled = true (default)
2024-02-27 21:36:43,349 [46ce47ac-a134-4cce-ba10-4493b406f4b0-groupManagement] INFO  server.RaftServerConfigKeys (ConfUtils.java:logGet(46)) - raft.server.snapshot.auto.trigger.enabled = true (custom)
2024-02-27 21:36:43,350 [46ce47ac-a134-4cce-ba10-4493b406f4b0-groupManagement] INFO  server.RaftServerConfigKeys (ConfUtils.java:logGet(46)) - raft.server.snapshot.auto.trigger.threshold = 10000 (custom)
2024-02-27 21:36:43,350 [46ce47ac-a134-4cce-ba10-4493b406f4b0-groupManagement] INFO  server.RaftServerConfigKeys (ConfUtils.java:logGet(46)) - raft.server.snapshot.retention.file.num = 5 (custom)
2024-02-27 21:36:43,350 [46ce47ac-a134-4cce-ba10-4493b406f4b0-groupManagement] INFO  server.RaftServerConfigKeys (ConfUtils.java:logGet(46)) - raft.server.log.purge.upto.snapshot.index = false (default)
2024-02-27 21:36:43,352 [46ce47ac-a134-4cce-ba10-4493b406f4b0-PipelineCommandHandlerThread-0] INFO  ratis.XceiverServerRatis (XceiverServerRatis.java:addGroup(864)) - Created group PipelineID=35114e68-a185-4aa3-ba48-816bf9c79cc5
2024-02-27 21:36:43,397 [c855f1da-1b31-46a5-a68b-5d36f1d30008-PipelineCommandHandlerThread-0] INFO  server.RaftServer (RaftServerProxy.java:addNew(100)) - c855f1da-1b31-46a5-a68b-5d36f1d30008: addNew group-51EAB182817E:[c855f1da-1b31-46a5-a68b-5d36f1d30008|10.1.0.18:15023] returns group-51EAB182817E:java.util.concurrent.CompletableFuture@3e57c459[Not completed]
2024-02-27 21:36:43,401 [c855f1da-1b31-46a5-a68b-5d36f1d30008-groupManagement] INFO  server.RaftServer$Division (RaftServerImpl.java:<init>(256)) - c855f1da-1b31-46a5-a68b-5d36f1d30008: new RaftServerImpl for group-51EAB182817E:[c855f1da-1b31-46a5-a68b-5d36f1d30008|10.1.0.18:15023] with ContainerStateMachine:uninitialized
2024-02-27 21:36:43,401 [c855f1da-1b31-46a5-a68b-5d36f1d30008-groupManagement] INFO  server.RaftServerConfigKeys (ConfUtils.java:logGet(46)) - raft.server.rpc.timeout.min = 5s (custom)
2024-02-27 21:36:43,402 [c855f1da-1b31-46a5-a68b-5d36f1d30008-groupManagement] INFO  server.RaftServerConfigKeys (ConfUtils.java:logGet(46)) - raft.server.rpc.timeout.max = 5200ms (custom)
2024-02-27 21:36:43,402 [c855f1da-1b31-46a5-a68b-5d36f1d30008-groupManagement] INFO  server.RaftServerConfigKeys (ConfUtils.java:logGet(46)) - raft.server.rpc.sleep.time = 25ms (default)
2024-02-27 21:36:43,402 [c855f1da-1b31-46a5-a68b-5d36f1d30008-groupManagement] INFO  server.RaftServerConfigKeys (ConfUtils.java:logGet(46)) - raft.server.rpc.slowness.timeout = 300s (custom)
2024-02-27 21:36:43,403 [c855f1da-1b31-46a5-a68b-5d36f1d30008-groupManagement] INFO  server.RaftServerConfigKeys (ConfUtils.java:logGet(46)) - raft.server.leaderelection.leader.step-down.wait-time = 10s (default)
2024-02-27 21:36:43,403 [c855f1da-1b31-46a5-a68b-5d36f1d30008-groupManagement] INFO  server.RaftServerConfigKeys (ConfUtils.java:logGet(46)) - raft.server.leaderelection.member.majority-add = false (default)
2024-02-27 21:36:43,403 [c855f1da-1b31-46a5-a68b-5d36f1d30008-groupManagement] INFO  server.RaftServerConfigKeys (ConfUtils.java:logGet(46)) - raft.server.sleep.deviation.threshold = 300ms (default)
2024-02-27 21:36:43,403 [c855f1da-1b31-46a5-a68b-5d36f1d30008-groupManagement] INFO  server.RaftServer$Division (ServerState.java:<init>(113)) - c855f1da-1b31-46a5-a68b-5d36f1d30008@group-51EAB182817E: ConfigurationManager, init=-1: peers:[c855f1da-1b31-46a5-a68b-5d36f1d30008|10.1.0.18:15023]|listeners:[], old=null, confs=<EMPTY_MAP>
2024-02-27 21:36:43,403 [c855f1da-1b31-46a5-a68b-5d36f1d30008-groupManagement] INFO  server.RaftServerConfigKeys (ConfUtils.java:logGet(46)) - raft.server.notification.no-leader.timeout = 300s (custom)
2024-02-27 21:36:43,403 [c855f1da-1b31-46a5-a68b-5d36f1d30008-groupManagement] INFO  server.RaftServerConfigKeys (ConfUtils.java:logGet(46)) - raft.server.read.timeout = 10s (default)
2024-02-27 21:36:43,403 [c855f1da-1b31-46a5-a68b-5d36f1d30008-groupManagement] INFO  server.RaftServerConfigKeys (ConfUtils.java:logGet(46)) - raft.server.retrycache.expirytime = 600000ms (custom)
2024-02-27 21:36:43,403 [c855f1da-1b31-46a5-a68b-5d36f1d30008-groupManagement] INFO  server.RaftServerConfigKeys (ConfUtils.java:logGet(46)) - raft.server.retrycache.statistics.expirytime = 100ms (default)
2024-02-27 21:36:43,403 [c855f1da-1b31-46a5-a68b-5d36f1d30008-groupManagement] INFO  server.RaftServerConfigKeys (ConfUtils.java:logGet(46)) - raft.server.read.option = DEFAULT (default)
2024-02-27 21:36:43,404 [c855f1da-1b31-46a5-a68b-5d36f1d30008-groupManagement] INFO  server.RaftServerConfigKeys (ConfUtils.java:logGet(46)) - raft.server.read.read-after-write-consistent.write-index-cache.expiry-time = 60s (default)
2024-02-27 21:36:43,414 [c855f1da-1b31-46a5-a68b-5d36f1d30008-groupManagement] INFO  server.RaftServerConfigKeys (ConfUtils.java:logGet(46)) - raft.server.rpc.request.timeout = 60s (custom)
2024-02-27 21:36:43,414 [c855f1da-1b31-46a5-a68b-5d36f1d30008-groupManagement] INFO  server.RaftServerConfigKeys (ConfUtils.java:logGet(46)) - raft.server.log.appender.install.snapshot.enabled = false (custom)
2024-02-27 21:36:43,415 [c855f1da-1b31-46a5-a68b-5d36f1d30008-groupManagement] INFO  server.RaftServerConfigKeys (ConfUtils.java:logGet(46)) - raft.server.threadpool.server.cached = true (default)
2024-02-27 21:36:43,415 [c855f1da-1b31-46a5-a68b-5d36f1d30008-groupManagement] INFO  server.RaftServerConfigKeys (ConfUtils.java:logGet(46)) - raft.server.threadpool.server.size = 0 (default)
2024-02-27 21:36:43,415 [c855f1da-1b31-46a5-a68b-5d36f1d30008-groupManagement] INFO  server.RaftServerConfigKeys (ConfUtils.java:logGet(46)) - raft.server.threadpool.client.cached = true (default)
2024-02-27 21:36:43,415 [c855f1da-1b31-46a5-a68b-5d36f1d30008-groupManagement] INFO  server.RaftServerConfigKeys (ConfUtils.java:logGet(46)) - raft.server.threadpool.client.size = 0 (default)
2024-02-27 21:36:43,415 [c855f1da-1b31-46a5-a68b-5d36f1d30008-groupManagement] INFO  server.RaftServerConfigKeys (ConfUtils.java:logGet(46)) - raft.server.storage.free-space.min = 0MB (=0) (default)
2024-02-27 21:36:43,415 [c855f1da-1b31-46a5-a68b-5d36f1d30008-groupManagement] INFO  server.RaftServerConfigKeys (ConfUtils.java:logGet(46)) - raft.server.log.corruption.policy = EXCEPTION (default)
2024-02-27 21:36:43,415 [c855f1da-1b31-46a5-a68b-5d36f1d30008-groupManagement] INFO  server.RaftServerConfigKeys (ConfUtils.java:logGet(46)) - raft.server.storage.dir = [/home/runner/work/ozone/ozone/hadoop-ozone/integration-test/target/test-dir/MiniOzoneClusterImpl-377bd28b-19ec-4c3d-8af6-29a7f1113b2b/ozone-meta/datanode-2/ratis] (custom)
2024-02-27 21:36:43,416 [c855f1da-1b31-46a5-a68b-5d36f1d30008-groupManagement] INFO  storage.RaftStorageDirectory (RaftStorageDirectoryImpl.java:analyzeStorage(138)) - The storage directory /home/runner/work/ozone/ozone/hadoop-ozone/integration-test/target/test-dir/MiniOzoneClusterImpl-377bd28b-19ec-4c3d-8af6-29a7f1113b2b/ozone-meta/datanode-2/ratis/f90c3c57-0bcc-4d42-a5d0-51eab182817e does not exist. Creating ...
2024-02-27 21:36:43,417 [c855f1da-1b31-46a5-a68b-5d36f1d30008-groupManagement] INFO  storage.RaftStorageDirectory (RaftStorageDirectoryImpl.java:tryLock(228)) - Lock on /home/runner/work/ozone/ozone/hadoop-ozone/integration-test/target/test-dir/MiniOzoneClusterImpl-377bd28b-19ec-4c3d-8af6-29a7f1113b2b/ozone-meta/datanode-2/ratis/f90c3c57-0bcc-4d42-a5d0-51eab182817e/in_use.lock acquired by nodename 32143@fv-az531-651
2024-02-27 21:36:43,419 [c855f1da-1b31-46a5-a68b-5d36f1d30008-groupManagement] INFO  storage.RaftStorage (RaftStorageImpl.java:format(99)) - Storage directory /home/runner/work/ozone/ozone/hadoop-ozone/integration-test/target/test-dir/MiniOzoneClusterImpl-377bd28b-19ec-4c3d-8af6-29a7f1113b2b/ozone-meta/datanode-2/ratis/f90c3c57-0bcc-4d42-a5d0-51eab182817e has been successfully formatted.
2024-02-27 21:36:43,420 [c855f1da-1b31-46a5-a68b-5d36f1d30008-groupManagement] WARN  util.FileUtils (LogUtils.java:supplyAndLog(63)) - Failed to Files.newInputStream /home/runner/work/ozone/ozone/hadoop-ozone/integration-test/target/test-dir/MiniOzoneClusterImpl-377bd28b-19ec-4c3d-8af6-29a7f1113b2b/ozone-meta/datanode-2/ratis/f90c3c57-0bcc-4d42-a5d0-51eab182817e/current/raft-meta.conf with options []: java.nio.file.NoSuchFileException: /home/runner/work/ozone/ozone/hadoop-ozone/integration-test/target/test-dir/MiniOzoneClusterImpl-377bd28b-19ec-4c3d-8af6-29a7f1113b2b/ozone-meta/datanode-2/ratis/f90c3c57-0bcc-4d42-a5d0-51eab182817e/current/raft-meta.conf
2024-02-27 21:36:43,421 [c855f1da-1b31-46a5-a68b-5d36f1d30008-groupManagement] INFO  ratis.ContainerStateMachine (ContainerStateMachine.java:loadSnapshot(287)) - group-51EAB182817E: The snapshot info is null. Setting the last applied index to:(t:0, i:~)
2024-02-27 21:36:43,422 [c855f1da-1b31-46a5-a68b-5d36f1d30008-groupManagement] INFO  server.RaftServerConfigKeys (ConfUtils.java:logGet(46)) - raft.server.log.use.memory = false (default)
2024-02-27 21:36:43,422 [c855f1da-1b31-46a5-a68b-5d36f1d30008-groupManagement] INFO  server.RaftServerConfigKeys (ConfUtils.java:logGet(46)) - raft.server.log.purge.gap = 1000000 (custom)
2024-02-27 21:36:43,422 [c855f1da-1b31-46a5-a68b-5d36f1d30008-groupManagement] INFO  server.RaftServerConfigKeys (ConfUtils.java:logGet(46)) - raft.server.log.appender.buffer.byte-limit = 8388608 (custom)
2024-02-27 21:36:43,422 [c855f1da-1b31-46a5-a68b-5d36f1d30008-groupManagement] INFO  server.RaftServerConfigKeys (ConfUtils.java:logGet(46)) - raft.server.log.statemachine.data.read.timeout = 1000ms (default)
2024-02-27 21:36:43,422 [c855f1da-1b31-46a5-a68b-5d36f1d30008-groupManagement] INFO  server.RaftServerConfigKeys (ConfUtils.java:logGet(46)) - raft.server.log.purge.preservation.log.num = 0 (default)
2024-02-27 21:36:43,425 [EventQueue-PipelineReportForPipelineReportHandler] INFO  pipeline.PipelineReportHandler (PipelineReportHandler.java:processPipelineReport(136)) - Opened pipeline PipelineID=f90c3c57-0bcc-4d42-a5d0-51eab182817e
2024-02-27 21:36:43,425 [EventQueue-OpenPipelineForHealthyPipelineSafeModeRule] INFO  safemode.SCMSafeModeManager (HealthyPipelineSafeModeRule.java:process(140)) - SCM in safe mode. Healthy pipelines reported count is 0, required healthy pipeline reported count is 1
2024-02-27 21:36:43,426 [c855f1da-1b31-46a5-a68b-5d36f1d30008-groupManagement] INFO  server.RaftServerConfigKeys (ConfUtils.java:logGet(46)) - raft.server.log.segment.size.max = 67108864 (custom)
2024-02-27 21:36:43,429 [c855f1da-1b31-46a5-a68b-5d36f1d30008-groupManagement] INFO  server.RaftServerConfigKeys (ConfUtils.java:logGet(46)) - raft.server.log.segment.cache.num.max = 2 (custom)
2024-02-27 21:36:43,429 [c855f1da-1b31-46a5-a68b-5d36f1d30008-groupManagement] INFO  server.RaftServerConfigKeys (ConfUtils.java:logGet(46)) - raft.server.log.segment.cache.size.max = 200MB (=209715200) (default)
2024-02-27 21:36:43,429 [c855f1da-1b31-46a5-a68b-5d36f1d30008-groupManagement] INFO  server.RaftServerConfigKeys (ConfUtils.java:logGet(46)) - raft.server.log.appender.buffer.byte-limit = 8388608 (custom)
2024-02-27 21:36:43,429 [c855f1da-1b31-46a5-a68b-5d36f1d30008-groupManagement] INFO  util.AwaitToRun (AwaitToRun.java:start(81)) - Thread[c855f1da-1b31-46a5-a68b-5d36f1d30008@group-51EAB182817E-cacheEviction-AwaitToRun,5,main] started
2024-02-27 21:36:43,430 [c855f1da-1b31-46a5-a68b-5d36f1d30008-groupManagement] INFO  segmented.SegmentedRaftLogWorker (SegmentedRaftLogWorker.java:<init>(182)) - new c855f1da-1b31-46a5-a68b-5d36f1d30008@group-51EAB182817E-SegmentedRaftLogWorker for RaftStorageImpl:Storage Directory /home/runner/work/ozone/ozone/hadoop-ozone/integration-test/target/test-dir/MiniOzoneClusterImpl-377bd28b-19ec-4c3d-8af6-29a7f1113b2b/ozone-meta/datanode-2/ratis/f90c3c57-0bcc-4d42-a5d0-51eab182817e
2024-02-27 21:36:43,430 [c855f1da-1b31-46a5-a68b-5d36f1d30008-groupManagement] INFO  server.RaftServerConfigKeys (ConfUtils.java:logGet(46)) - raft.server.log.queue.byte-limit = 4294967296 (custom)
2024-02-27 21:36:43,431 [c855f1da-1b31-46a5-a68b-5d36f1d30008-groupManagement] INFO  server.RaftServerConfigKeys (ConfUtils.java:logGet(46)) - raft.server.log.queue.element-limit = 1024 (custom)
2024-02-27 21:36:43,431 [c855f1da-1b31-46a5-a68b-5d36f1d30008-groupManagement] INFO  server.RaftServerConfigKeys (ConfUtils.java:logGet(46)) - raft.server.log.segment.size.max = 67108864 (custom)
2024-02-27 21:36:43,431 [c855f1da-1b31-46a5-a68b-5d36f1d30008-groupManagement] INFO  server.RaftServerConfigKeys (ConfUtils.java:logGet(46)) - raft.server.log.preallocated.size = 4194304 (custom)
2024-02-27 21:36:43,431 [c855f1da-1b31-46a5-a68b-5d36f1d30008-groupManagement] INFO  server.RaftServerConfigKeys (ConfUtils.java:logGet(46)) - raft.server.log.force.sync.num = 128 (default)
2024-02-27 21:36:43,431 [c855f1da-1b31-46a5-a68b-5d36f1d30008-groupManagement] INFO  server.RaftServerConfigKeys (ConfUtils.java:logGet(46)) - raft.server.log.statemachine.data.sync = true (default)
2024-02-27 21:36:43,431 [c855f1da-1b31-46a5-a68b-5d36f1d30008-groupManagement] INFO  server.RaftServerConfigKeys (ConfUtils.java:logGet(46)) - raft.server.log.statemachine.data.sync.timeout = 10s (default)
2024-02-27 21:36:43,431 [c855f1da-1b31-46a5-a68b-5d36f1d30008-groupManagement] INFO  server.RaftServerConfigKeys (ConfUtils.java:logGet(46)) - raft.server.log.statemachine.data.sync.timeout.retry = 0 (custom)
2024-02-27 21:36:43,432 [c855f1da-1b31-46a5-a68b-5d36f1d30008-groupManagement] INFO  server.RaftServerConfigKeys (ConfUtils.java:logGet(46)) - raft.server.log.write.buffer.size = 8388616 (custom)
2024-02-27 21:36:43,433 [c855f1da-1b31-46a5-a68b-5d36f1d30008-groupManagement] INFO  server.RaftServerConfigKeys (ConfUtils.java:logGet(46)) - raft.server.log.appender.buffer.byte-limit = 8388608 (custom)
2024-02-27 21:36:43,433 [c855f1da-1b31-46a5-a68b-5d36f1d30008-groupManagement] INFO  server.RaftServerConfigKeys (ConfUtils.java:logGet(46)) - raft.server.log.unsafe-flush.enabled = false (default)
2024-02-27 21:36:43,433 [c855f1da-1b31-46a5-a68b-5d36f1d30008-groupManagement] INFO  server.RaftServerConfigKeys (ConfUtils.java:logGet(46)) - raft.server.log.async-flush.enabled = false (default)
2024-02-27 21:36:43,433 [c855f1da-1b31-46a5-a68b-5d36f1d30008-groupManagement] INFO  server.RaftServerConfigKeys (ConfUtils.java:logGet(46)) - raft.server.log.statemachine.data.caching.enabled = true (custom)
2024-02-27 21:36:43,434 [c855f1da-1b31-46a5-a68b-5d36f1d30008-groupManagement] INFO  segmented.SegmentedRaftLogWorker (SegmentedRaftLogWorker.java:lambda$new$0(134)) - c855f1da-1b31-46a5-a68b-5d36f1d30008@group-51EAB182817E-SegmentedRaftLogWorker: flushIndex: setUnconditionally 0 -> -1
2024-02-27 21:36:43,434 [c855f1da-1b31-46a5-a68b-5d36f1d30008-groupManagement] INFO  segmented.SegmentedRaftLogWorker (SegmentedRaftLogWorker.java:lambda$new$0(134)) - c855f1da-1b31-46a5-a68b-5d36f1d30008@group-51EAB182817E-SegmentedRaftLogWorker: safeCacheEvictIndex: setUnconditionally 0 -> -1
2024-02-27 21:36:43,436 [c855f1da-1b31-46a5-a68b-5d36f1d30008-groupManagement] INFO  server.RaftServer$Division (RaftServerImpl.java:start(396)) - c855f1da-1b31-46a5-a68b-5d36f1d30008@group-51EAB182817E: start as a follower, conf=-1: peers:[c855f1da-1b31-46a5-a68b-5d36f1d30008|10.1.0.18:15023]|listeners:[], old=null
2024-02-27 21:36:43,436 [c855f1da-1b31-46a5-a68b-5d36f1d30008-groupManagement] INFO  server.RaftServer$Division (RaftServerImpl.java:setRole(383)) - c855f1da-1b31-46a5-a68b-5d36f1d30008@group-51EAB182817E: changes role from      null to FOLLOWER at term 0 for startAsFollower
2024-02-27 21:36:43,436 [c855f1da-1b31-46a5-a68b-5d36f1d30008-groupManagement] INFO  impl.RoleInfo (RoleInfo.java:updateAndGet(139)) - c855f1da-1b31-46a5-a68b-5d36f1d30008: start c855f1da-1b31-46a5-a68b-5d36f1d30008@group-51EAB182817E-FollowerState
2024-02-27 21:36:43,437 [c855f1da-1b31-46a5-a68b-5d36f1d30008-groupManagement] INFO  util.JmxRegister (JmxRegister.java:tryRegister(44)) - Successfully registered JMX Bean with object name Ratis:service=RaftServer,group=group-51EAB182817E,id=c855f1da-1b31-46a5-a68b-5d36f1d30008
2024-02-27 21:36:43,438 [c855f1da-1b31-46a5-a68b-5d36f1d30008-groupManagement] INFO  server.RaftServerConfigKeys (ConfUtils.java:logGet(46)) - raft.server.snapshot.trigger-when-stop.enabled = true (default)
2024-02-27 21:36:43,438 [c855f1da-1b31-46a5-a68b-5d36f1d30008@group-51EAB182817E-FollowerState] INFO  server.RaftServerConfigKeys (ConfUtils.java:logFallback(53)) - raft.server.rpc.first-election.timeout.min = 5s (fallback to raft.server.rpc.timeout.min)
2024-02-27 21:36:43,439 [c855f1da-1b31-46a5-a68b-5d36f1d30008-groupManagement] INFO  server.RaftServerConfigKeys (ConfUtils.java:logGet(46)) - raft.server.snapshot.auto.trigger.enabled = true (custom)
2024-02-27 21:36:43,439 [c855f1da-1b31-46a5-a68b-5d36f1d30008-groupManagement] INFO  server.RaftServerConfigKeys (ConfUtils.java:logGet(46)) - raft.server.snapshot.auto.trigger.threshold = 10000 (custom)
2024-02-27 21:36:43,439 [c855f1da-1b31-46a5-a68b-5d36f1d30008@group-51EAB182817E-FollowerState] INFO  server.RaftServerConfigKeys (ConfUtils.java:logFallback(53)) - raft.server.rpc.first-election.timeout.max = 5200ms (fallback to raft.server.rpc.timeout.max)
2024-02-27 21:36:43,439 [c855f1da-1b31-46a5-a68b-5d36f1d30008-groupManagement] INFO  server.RaftServerConfigKeys (ConfUtils.java:logGet(46)) - raft.server.snapshot.retention.file.num = 5 (custom)
2024-02-27 21:36:43,439 [c855f1da-1b31-46a5-a68b-5d36f1d30008-groupManagement] INFO  server.RaftServerConfigKeys (ConfUtils.java:logGet(46)) - raft.server.log.purge.upto.snapshot.index = false (default)
2024-02-27 21:36:43,442 [c855f1da-1b31-46a5-a68b-5d36f1d30008-PipelineCommandHandlerThread-0] INFO  ratis.XceiverServerRatis (XceiverServerRatis.java:addGroup(864)) - Created group PipelineID=f90c3c57-0bcc-4d42-a5d0-51eab182817e
2024-02-27 21:36:43,442 [c855f1da-1b31-46a5-a68b-5d36f1d30008-PipelineCommandHandlerThread-0] INFO  commandhandler.CreatePipelineCommandHandler (CreatePipelineCommandHandler.java:lambda$handle$2(124)) - Created Pipeline RATIS ONE PipelineID=f90c3c57-0bcc-4d42-a5d0-51eab182817e.
2024-02-27 21:36:43,447 [c855f1da-1b31-46a5-a68b-5d36f1d30008-PipelineCommandHandlerThread-0] INFO  server.RaftServer (RaftServerProxy.java:addNew(100)) - c855f1da-1b31-46a5-a68b-5d36f1d30008: addNew group-816BF9C79CC5:[9eee0c4a-241f-4a15-bff1-0522a907ac9b|10.1.0.18:15032, 46ce47ac-a134-4cce-ba10-4493b406f4b0|10.1.0.18:15014, c855f1da-1b31-46a5-a68b-5d36f1d30008|10.1.0.18:15023] returns group-816BF9C79CC5:java.util.concurrent.CompletableFuture@3a68474b[Not completed]
2024-02-27 21:36:43,448 [c855f1da-1b31-46a5-a68b-5d36f1d30008-groupManagement] INFO  server.RaftServer$Division (RaftServerImpl.java:<init>(256)) - c855f1da-1b31-46a5-a68b-5d36f1d30008: new RaftServerImpl for group-816BF9C79CC5:[9eee0c4a-241f-4a15-bff1-0522a907ac9b|10.1.0.18:15032, 46ce47ac-a134-4cce-ba10-4493b406f4b0|10.1.0.18:15014, c855f1da-1b31-46a5-a68b-5d36f1d30008|10.1.0.18:15023] with ContainerStateMachine:uninitialized
2024-02-27 21:36:43,449 [c855f1da-1b31-46a5-a68b-5d36f1d30008-groupManagement] INFO  server.RaftServerConfigKeys (ConfUtils.java:logGet(46)) - raft.server.rpc.timeout.min = 5s (custom)
2024-02-27 21:36:43,449 [c855f1da-1b31-46a5-a68b-5d36f1d30008-groupManagement] INFO  server.RaftServerConfigKeys (ConfUtils.java:logGet(46)) - raft.server.rpc.timeout.max = 5200ms (custom)
2024-02-27 21:36:43,449 [c855f1da-1b31-46a5-a68b-5d36f1d30008-groupManagement] INFO  server.RaftServerConfigKeys (ConfUtils.java:logGet(46)) - raft.server.rpc.sleep.time = 25ms (default)
2024-02-27 21:36:43,449 [c855f1da-1b31-46a5-a68b-5d36f1d30008-groupManagement] INFO  server.RaftServerConfigKeys (ConfUtils.java:logGet(46)) - raft.server.rpc.slowness.timeout = 300s (custom)
2024-02-27 21:36:43,449 [c855f1da-1b31-46a5-a68b-5d36f1d30008-groupManagement] INFO  server.RaftServerConfigKeys (ConfUtils.java:logGet(46)) - raft.server.leaderelection.leader.step-down.wait-time = 10s (default)
2024-02-27 21:36:43,449 [c855f1da-1b31-46a5-a68b-5d36f1d30008-groupManagement] INFO  server.RaftServerConfigKeys (ConfUtils.java:logGet(46)) - raft.server.leaderelection.member.majority-add = false (default)
2024-02-27 21:36:43,449 [c855f1da-1b31-46a5-a68b-5d36f1d30008-groupManagement] INFO  server.RaftServerConfigKeys (ConfUtils.java:logGet(46)) - raft.server.sleep.deviation.threshold = 300ms (default)
2024-02-27 21:36:43,449 [c855f1da-1b31-46a5-a68b-5d36f1d30008-groupManagement] INFO  server.RaftServer$Division (ServerState.java:<init>(113)) - c855f1da-1b31-46a5-a68b-5d36f1d30008@group-816BF9C79CC5: ConfigurationManager, init=-1: peers:[9eee0c4a-241f-4a15-bff1-0522a907ac9b|10.1.0.18:15032, 46ce47ac-a134-4cce-ba10-4493b406f4b0|10.1.0.18:15014, c855f1da-1b31-46a5-a68b-5d36f1d30008|10.1.0.18:15023]|listeners:[], old=null, confs=<EMPTY_MAP>
2024-02-27 21:36:43,449 [c855f1da-1b31-46a5-a68b-5d36f1d30008-groupManagement] INFO  server.RaftServerConfigKeys (ConfUtils.java:logGet(46)) - raft.server.notification.no-leader.timeout = 300s (custom)
2024-02-27 21:36:43,450 [c855f1da-1b31-46a5-a68b-5d36f1d30008-groupManagement] INFO  server.RaftServerConfigKeys (ConfUtils.java:logGet(46)) - raft.server.read.timeout = 10s (default)
2024-02-27 21:36:43,450 [c855f1da-1b31-46a5-a68b-5d36f1d30008-groupManagement] INFO  server.RaftServerConfigKeys (ConfUtils.java:logGet(46)) - raft.server.retrycache.expirytime = 600000ms (custom)
2024-02-27 21:36:43,450 [c855f1da-1b31-46a5-a68b-5d36f1d30008-groupManagement] INFO  server.RaftServerConfigKeys (ConfUtils.java:logGet(46)) - raft.server.retrycache.statistics.expirytime = 100ms (default)
2024-02-27 21:36:43,450 [c855f1da-1b31-46a5-a68b-5d36f1d30008-groupManagement] INFO  server.RaftServerConfigKeys (ConfUtils.java:logGet(46)) - raft.server.read.option = DEFAULT (default)
2024-02-27 21:36:43,450 [c855f1da-1b31-46a5-a68b-5d36f1d30008-groupManagement] INFO  server.RaftServerConfigKeys (ConfUtils.java:logGet(46)) - raft.server.read.read-after-write-consistent.write-index-cache.expiry-time = 60s (default)
2024-02-27 21:36:43,454 [c855f1da-1b31-46a5-a68b-5d36f1d30008-groupManagement] INFO  server.RaftServerConfigKeys (ConfUtils.java:logGet(46)) - raft.server.rpc.request.timeout = 60s (custom)
2024-02-27 21:36:43,454 [c855f1da-1b31-46a5-a68b-5d36f1d30008-groupManagement] INFO  server.RaftServerConfigKeys (ConfUtils.java:logGet(46)) - raft.server.log.appender.install.snapshot.enabled = false (custom)
2024-02-27 21:36:43,455 [c855f1da-1b31-46a5-a68b-5d36f1d30008-groupManagement] INFO  server.RaftServerConfigKeys (ConfUtils.java:logGet(46)) - raft.server.threadpool.server.cached = true (default)
2024-02-27 21:36:43,455 [c855f1da-1b31-46a5-a68b-5d36f1d30008-groupManagement] INFO  server.RaftServerConfigKeys (ConfUtils.java:logGet(46)) - raft.server.threadpool.server.size = 0 (default)
2024-02-27 21:36:43,455 [c855f1da-1b31-46a5-a68b-5d36f1d30008-groupManagement] INFO  server.RaftServerConfigKeys (ConfUtils.java:logGet(46)) - raft.server.threadpool.client.cached = true (default)
2024-02-27 21:36:43,455 [c855f1da-1b31-46a5-a68b-5d36f1d30008-groupManagement] INFO  server.RaftServerConfigKeys (ConfUtils.java:logGet(46)) - raft.server.threadpool.client.size = 0 (default)
2024-02-27 21:36:43,455 [c855f1da-1b31-46a5-a68b-5d36f1d30008-groupManagement] INFO  server.RaftServerConfigKeys (ConfUtils.java:logGet(46)) - raft.server.storage.free-space.min = 0MB (=0) (default)
2024-02-27 21:36:43,455 [c855f1da-1b31-46a5-a68b-5d36f1d30008-groupManagement] INFO  server.RaftServerConfigKeys (ConfUtils.java:logGet(46)) - raft.server.log.corruption.policy = EXCEPTION (default)
2024-02-27 21:36:43,455 [c855f1da-1b31-46a5-a68b-5d36f1d30008-groupManagement] INFO  server.RaftServerConfigKeys (ConfUtils.java:logGet(46)) - raft.server.storage.dir = [/home/runner/work/ozone/ozone/hadoop-ozone/integration-test/target/test-dir/MiniOzoneClusterImpl-377bd28b-19ec-4c3d-8af6-29a7f1113b2b/ozone-meta/datanode-2/ratis] (custom)
2024-02-27 21:36:43,456 [c855f1da-1b31-46a5-a68b-5d36f1d30008-groupManagement] INFO  storage.RaftStorageDirectory (RaftStorageDirectoryImpl.java:analyzeStorage(138)) - The storage directory /home/runner/work/ozone/ozone/hadoop-ozone/integration-test/target/test-dir/MiniOzoneClusterImpl-377bd28b-19ec-4c3d-8af6-29a7f1113b2b/ozone-meta/datanode-2/ratis/35114e68-a185-4aa3-ba48-816bf9c79cc5 does not exist. Creating ...
2024-02-27 21:36:43,456 [c855f1da-1b31-46a5-a68b-5d36f1d30008-groupManagement] INFO  storage.RaftStorageDirectory (RaftStorageDirectoryImpl.java:tryLock(228)) - Lock on /home/runner/work/ozone/ozone/hadoop-ozone/integration-test/target/test-dir/MiniOzoneClusterImpl-377bd28b-19ec-4c3d-8af6-29a7f1113b2b/ozone-meta/datanode-2/ratis/35114e68-a185-4aa3-ba48-816bf9c79cc5/in_use.lock acquired by nodename 32143@fv-az531-651
2024-02-27 21:36:43,458 [c855f1da-1b31-46a5-a68b-5d36f1d30008-groupManagement] INFO  storage.RaftStorage (RaftStorageImpl.java:format(99)) - Storage directory /home/runner/work/ozone/ozone/hadoop-ozone/integration-test/target/test-dir/MiniOzoneClusterImpl-377bd28b-19ec-4c3d-8af6-29a7f1113b2b/ozone-meta/datanode-2/ratis/35114e68-a185-4aa3-ba48-816bf9c79cc5 has been successfully formatted.
2024-02-27 21:36:43,458 [c855f1da-1b31-46a5-a68b-5d36f1d30008-groupManagement] WARN  util.FileUtils (LogUtils.java:supplyAndLog(63)) - Failed to Files.newInputStream /home/runner/work/ozone/ozone/hadoop-ozone/integration-test/target/test-dir/MiniOzoneClusterImpl-377bd28b-19ec-4c3d-8af6-29a7f1113b2b/ozone-meta/datanode-2/ratis/35114e68-a185-4aa3-ba48-816bf9c79cc5/current/raft-meta.conf with options []: java.nio.file.NoSuchFileException: /home/runner/work/ozone/ozone/hadoop-ozone/integration-test/target/test-dir/MiniOzoneClusterImpl-377bd28b-19ec-4c3d-8af6-29a7f1113b2b/ozone-meta/datanode-2/ratis/35114e68-a185-4aa3-ba48-816bf9c79cc5/current/raft-meta.conf
2024-02-27 21:36:43,458 [c855f1da-1b31-46a5-a68b-5d36f1d30008-groupManagement] INFO  ratis.ContainerStateMachine (ContainerStateMachine.java:loadSnapshot(287)) - group-816BF9C79CC5: The snapshot info is null. Setting the last applied index to:(t:0, i:~)
2024-02-27 21:36:43,458 [c855f1da-1b31-46a5-a68b-5d36f1d30008-groupManagement] INFO  server.RaftServerConfigKeys (ConfUtils.java:logGet(46)) - raft.server.log.use.memory = false (default)
2024-02-27 21:36:43,459 [c855f1da-1b31-46a5-a68b-5d36f1d30008-groupManagement] INFO  server.RaftServerConfigKeys (ConfUtils.java:logGet(46)) - raft.server.log.purge.gap = 1000000 (custom)
2024-02-27 21:36:43,459 [c855f1da-1b31-46a5-a68b-5d36f1d30008-groupManagement] INFO  server.RaftServerConfigKeys (ConfUtils.java:logGet(46)) - raft.server.log.appender.buffer.byte-limit = 8388608 (custom)
2024-02-27 21:36:43,459 [c855f1da-1b31-46a5-a68b-5d36f1d30008-groupManagement] INFO  server.RaftServerConfigKeys (ConfUtils.java:logGet(46)) - raft.server.log.statemachine.data.read.timeout = 1000ms (default)
2024-02-27 21:36:43,459 [c855f1da-1b31-46a5-a68b-5d36f1d30008-groupManagement] INFO  server.RaftServerConfigKeys (ConfUtils.java:logGet(46)) - raft.server.log.purge.preservation.log.num = 0 (default)
2024-02-27 21:36:43,461 [EventQueue-OpenPipelineForHealthyPipelineSafeModeRule] INFO  safemode.SCMSafeModeManager (HealthyPipelineSafeModeRule.java:process(140)) - SCM in safe mode. Healthy pipelines reported count is 0, required healthy pipeline reported count is 1
2024-02-27 21:36:43,463 [c855f1da-1b31-46a5-a68b-5d36f1d30008-groupManagement] INFO  server.RaftServerConfigKeys (ConfUtils.java:logGet(46)) - raft.server.log.segment.size.max = 67108864 (custom)
2024-02-27 21:36:43,463 [c855f1da-1b31-46a5-a68b-5d36f1d30008-groupManagement] INFO  server.RaftServerConfigKeys (ConfUtils.java:logGet(46)) - raft.server.log.segment.cache.num.max = 2 (custom)
2024-02-27 21:36:43,463 [c855f1da-1b31-46a5-a68b-5d36f1d30008-groupManagement] INFO  server.RaftServerConfigKeys (ConfUtils.java:logGet(46)) - raft.server.log.segment.cache.size.max = 200MB (=209715200) (default)
2024-02-27 21:36:43,464 [c855f1da-1b31-46a5-a68b-5d36f1d30008-groupManagement] INFO  server.RaftServerConfigKeys (ConfUtils.java:logGet(46)) - raft.server.log.appender.buffer.byte-limit = 8388608 (custom)
2024-02-27 21:36:43,464 [c855f1da-1b31-46a5-a68b-5d36f1d30008-groupManagement] INFO  util.AwaitToRun (AwaitToRun.java:start(81)) - Thread[c855f1da-1b31-46a5-a68b-5d36f1d30008@group-816BF9C79CC5-cacheEviction-AwaitToRun,5,main] started
2024-02-27 21:36:43,464 [c855f1da-1b31-46a5-a68b-5d36f1d30008-groupManagement] INFO  segmented.SegmentedRaftLogWorker (SegmentedRaftLogWorker.java:<init>(182)) - new c855f1da-1b31-46a5-a68b-5d36f1d30008@group-816BF9C79CC5-SegmentedRaftLogWorker for RaftStorageImpl:Storage Directory /home/runner/work/ozone/ozone/hadoop-ozone/integration-test/target/test-dir/MiniOzoneClusterImpl-377bd28b-19ec-4c3d-8af6-29a7f1113b2b/ozone-meta/datanode-2/ratis/35114e68-a185-4aa3-ba48-816bf9c79cc5
2024-02-27 21:36:43,464 [c855f1da-1b31-46a5-a68b-5d36f1d30008-groupManagement] INFO  server.RaftServerConfigKeys (ConfUtils.java:logGet(46)) - raft.server.log.queue.byte-limit = 4294967296 (custom)
2024-02-27 21:36:43,464 [c855f1da-1b31-46a5-a68b-5d36f1d30008-groupManagement] INFO  server.RaftServerConfigKeys (ConfUtils.java:logGet(46)) - raft.server.log.queue.element-limit = 1024 (custom)
2024-02-27 21:36:43,464 [c855f1da-1b31-46a5-a68b-5d36f1d30008-groupManagement] INFO  server.RaftServerConfigKeys (ConfUtils.java:logGet(46)) - raft.server.log.segment.size.max = 67108864 (custom)
2024-02-27 21:36:43,464 [c855f1da-1b31-46a5-a68b-5d36f1d30008-groupManagement] INFO  server.RaftServerConfigKeys (ConfUtils.java:logGet(46)) - raft.server.log.preallocated.size = 4194304 (custom)
2024-02-27 21:36:43,465 [c855f1da-1b31-46a5-a68b-5d36f1d30008-groupManagement] INFO  server.RaftServerConfigKeys (ConfUtils.java:logGet(46)) - raft.server.log.force.sync.num = 128 (default)
2024-02-27 21:36:43,465 [c855f1da-1b31-46a5-a68b-5d36f1d30008-groupManagement] INFO  server.RaftServerConfigKeys (ConfUtils.java:logGet(46)) - raft.server.log.statemachine.data.sync = true (default)
2024-02-27 21:36:43,465 [c855f1da-1b31-46a5-a68b-5d36f1d30008-groupManagement] INFO  server.RaftServerConfigKeys (ConfUtils.java:logGet(46)) - raft.server.log.statemachine.data.sync.timeout = 10s (default)
2024-02-27 21:36:43,465 [c855f1da-1b31-46a5-a68b-5d36f1d30008-groupManagement] INFO  server.RaftServerConfigKeys (ConfUtils.java:logGet(46)) - raft.server.log.statemachine.data.sync.timeout.retry = 0 (custom)
2024-02-27 21:36:43,465 [c855f1da-1b31-46a5-a68b-5d36f1d30008-groupManagement] INFO  server.RaftServerConfigKeys (ConfUtils.java:logGet(46)) - raft.server.log.write.buffer.size = 8388616 (custom)
2024-02-27 21:36:43,467 [c855f1da-1b31-46a5-a68b-5d36f1d30008-groupManagement] INFO  server.RaftServerConfigKeys (ConfUtils.java:logGet(46)) - raft.server.log.appender.buffer.byte-limit = 8388608 (custom)
2024-02-27 21:36:43,467 [c855f1da-1b31-46a5-a68b-5d36f1d30008-groupManagement] INFO  server.RaftServerConfigKeys (ConfUtils.java:logGet(46)) - raft.server.log.unsafe-flush.enabled = false (default)
2024-02-27 21:36:43,467 [c855f1da-1b31-46a5-a68b-5d36f1d30008-groupManagement] INFO  server.RaftServerConfigKeys (ConfUtils.java:logGet(46)) - raft.server.log.async-flush.enabled = false (default)
2024-02-27 21:36:43,467 [c855f1da-1b31-46a5-a68b-5d36f1d30008-groupManagement] INFO  server.RaftServerConfigKeys (ConfUtils.java:logGet(46)) - raft.server.log.statemachine.data.caching.enabled = true (custom)
2024-02-27 21:36:43,468 [c855f1da-1b31-46a5-a68b-5d36f1d30008-groupManagement] INFO  segmented.SegmentedRaftLogWorker (SegmentedRaftLogWorker.java:lambda$new$0(134)) - c855f1da-1b31-46a5-a68b-5d36f1d30008@group-816BF9C79CC5-SegmentedRaftLogWorker: flushIndex: setUnconditionally 0 -> -1
2024-02-27 21:36:43,468 [c855f1da-1b31-46a5-a68b-5d36f1d30008-groupManagement] INFO  segmented.SegmentedRaftLogWorker (SegmentedRaftLogWorker.java:lambda$new$0(134)) - c855f1da-1b31-46a5-a68b-5d36f1d30008@group-816BF9C79CC5-SegmentedRaftLogWorker: safeCacheEvictIndex: setUnconditionally 0 -> -1
2024-02-27 21:36:43,468 [c855f1da-1b31-46a5-a68b-5d36f1d30008-groupManagement] INFO  server.RaftServer$Division (RaftServerImpl.java:start(396)) - c855f1da-1b31-46a5-a68b-5d36f1d30008@group-816BF9C79CC5: start as a follower, conf=-1: peers:[9eee0c4a-241f-4a15-bff1-0522a907ac9b|10.1.0.18:15032, 46ce47ac-a134-4cce-ba10-4493b406f4b0|10.1.0.18:15014, c855f1da-1b31-46a5-a68b-5d36f1d30008|10.1.0.18:15023]|listeners:[], old=null
2024-02-27 21:36:43,468 [c855f1da-1b31-46a5-a68b-5d36f1d30008-groupManagement] INFO  server.RaftServer$Division (RaftServerImpl.java:setRole(383)) - c855f1da-1b31-46a5-a68b-5d36f1d30008@group-816BF9C79CC5: changes role from      null to FOLLOWER at term 0 for startAsFollower
2024-02-27 21:36:43,468 [c855f1da-1b31-46a5-a68b-5d36f1d30008-groupManagement] INFO  impl.RoleInfo (RoleInfo.java:updateAndGet(139)) - c855f1da-1b31-46a5-a68b-5d36f1d30008: start c855f1da-1b31-46a5-a68b-5d36f1d30008@group-816BF9C79CC5-FollowerState
2024-02-27 21:36:43,469 [c855f1da-1b31-46a5-a68b-5d36f1d30008@group-816BF9C79CC5-FollowerState] INFO  server.RaftServerConfigKeys (ConfUtils.java:logFallback(53)) - raft.server.rpc.first-election.timeout.min = 5s (fallback to raft.server.rpc.timeout.min)
2024-02-27 21:36:43,469 [c855f1da-1b31-46a5-a68b-5d36f1d30008-groupManagement] INFO  util.JmxRegister (JmxRegister.java:tryRegister(44)) - Successfully registered JMX Bean with object name Ratis:service=RaftServer,group=group-816BF9C79CC5,id=c855f1da-1b31-46a5-a68b-5d36f1d30008
2024-02-27 21:36:43,469 [c855f1da-1b31-46a5-a68b-5d36f1d30008@group-816BF9C79CC5-FollowerState] INFO  server.RaftServerConfigKeys (ConfUtils.java:logFallback(53)) - raft.server.rpc.first-election.timeout.max = 5200ms (fallback to raft.server.rpc.timeout.max)
2024-02-27 21:36:43,469 [c855f1da-1b31-46a5-a68b-5d36f1d30008-groupManagement] INFO  server.RaftServerConfigKeys (ConfUtils.java:logGet(46)) - raft.server.snapshot.trigger-when-stop.enabled = true (default)
2024-02-27 21:36:43,469 [c855f1da-1b31-46a5-a68b-5d36f1d30008-groupManagement] INFO  server.RaftServerConfigKeys (ConfUtils.java:logGet(46)) - raft.server.snapshot.auto.trigger.enabled = true (custom)
2024-02-27 21:36:43,469 [c855f1da-1b31-46a5-a68b-5d36f1d30008-groupManagement] INFO  server.RaftServerConfigKeys (ConfUtils.java:logGet(46)) - raft.server.snapshot.auto.trigger.threshold = 10000 (custom)
2024-02-27 21:36:43,469 [c855f1da-1b31-46a5-a68b-5d36f1d30008-groupManagement] INFO  server.RaftServerConfigKeys (ConfUtils.java:logGet(46)) - raft.server.snapshot.retention.file.num = 5 (custom)
2024-02-27 21:36:43,469 [c855f1da-1b31-46a5-a68b-5d36f1d30008-groupManagement] INFO  server.RaftServerConfigKeys (ConfUtils.java:logGet(46)) - raft.server.log.purge.upto.snapshot.index = false (default)
2024-02-27 21:36:43,470 [c855f1da-1b31-46a5-a68b-5d36f1d30008-PipelineCommandHandlerThread-0] INFO  ratis.XceiverServerRatis (XceiverServerRatis.java:addGroup(864)) - Created group PipelineID=35114e68-a185-4aa3-ba48-816bf9c79cc5
2024-02-27 21:36:43,519 [9eee0c4a-241f-4a15-bff1-0522a907ac9b-PipelineCommandHandlerThread-0] INFO  server.RaftServer (RaftServerProxy.java:addNew(100)) - 9eee0c4a-241f-4a15-bff1-0522a907ac9b: addNew group-902100B64C51:[9eee0c4a-241f-4a15-bff1-0522a907ac9b|10.1.0.18:15032] returns group-902100B64C51:java.util.concurrent.CompletableFuture@10b79b9c[Not completed]
2024-02-27 21:36:43,520 [9eee0c4a-241f-4a15-bff1-0522a907ac9b-groupManagement] INFO  server.RaftServer$Division (RaftServerImpl.java:<init>(256)) - 9eee0c4a-241f-4a15-bff1-0522a907ac9b: new RaftServerImpl for group-902100B64C51:[9eee0c4a-241f-4a15-bff1-0522a907ac9b|10.1.0.18:15032] with ContainerStateMachine:uninitialized
2024-02-27 21:36:43,520 [9eee0c4a-241f-4a15-bff1-0522a907ac9b-groupManagement] INFO  server.RaftServerConfigKeys (ConfUtils.java:logGet(46)) - raft.server.rpc.timeout.min = 5s (custom)
2024-02-27 21:36:43,520 [9eee0c4a-241f-4a15-bff1-0522a907ac9b-groupManagement] INFO  server.RaftServerConfigKeys (ConfUtils.java:logGet(46)) - raft.server.rpc.timeout.max = 5200ms (custom)
2024-02-27 21:36:43,520 [9eee0c4a-241f-4a15-bff1-0522a907ac9b-groupManagement] INFO  server.RaftServerConfigKeys (ConfUtils.java:logGet(46)) - raft.server.rpc.sleep.time = 25ms (default)
2024-02-27 21:36:43,520 [9eee0c4a-241f-4a15-bff1-0522a907ac9b-groupManagement] INFO  server.RaftServerConfigKeys (ConfUtils.java:logGet(46)) - raft.server.rpc.slowness.timeout = 300s (custom)
2024-02-27 21:36:43,520 [9eee0c4a-241f-4a15-bff1-0522a907ac9b-groupManagement] INFO  server.RaftServerConfigKeys (ConfUtils.java:logGet(46)) - raft.server.leaderelection.leader.step-down.wait-time = 10s (default)
2024-02-27 21:36:43,520 [9eee0c4a-241f-4a15-bff1-0522a907ac9b-groupManagement] INFO  server.RaftServerConfigKeys (ConfUtils.java:logGet(46)) - raft.server.leaderelection.member.majority-add = false (default)
2024-02-27 21:36:43,520 [9eee0c4a-241f-4a15-bff1-0522a907ac9b-groupManagement] INFO  server.RaftServerConfigKeys (ConfUtils.java:logGet(46)) - raft.server.sleep.deviation.threshold = 300ms (default)
2024-02-27 21:36:43,520 [9eee0c4a-241f-4a15-bff1-0522a907ac9b-groupManagement] INFO  server.RaftServer$Division (ServerState.java:<init>(113)) - 9eee0c4a-241f-4a15-bff1-0522a907ac9b@group-902100B64C51: ConfigurationManager, init=-1: peers:[9eee0c4a-241f-4a15-bff1-0522a907ac9b|10.1.0.18:15032]|listeners:[], old=null, confs=<EMPTY_MAP>
2024-02-27 21:36:43,521 [9eee0c4a-241f-4a15-bff1-0522a907ac9b-groupManagement] INFO  server.RaftServerConfigKeys (ConfUtils.java:logGet(46)) - raft.server.notification.no-leader.timeout = 300s (custom)
2024-02-27 21:36:43,521 [9eee0c4a-241f-4a15-bff1-0522a907ac9b-groupManagement] INFO  server.RaftServerConfigKeys (ConfUtils.java:logGet(46)) - raft.server.read.timeout = 10s (default)
2024-02-27 21:36:43,521 [9eee0c4a-241f-4a15-bff1-0522a907ac9b-groupManagement] INFO  server.RaftServerConfigKeys (ConfUtils.java:logGet(46)) - raft.server.retrycache.expirytime = 600000ms (custom)
2024-02-27 21:36:43,521 [9eee0c4a-241f-4a15-bff1-0522a907ac9b-groupManagement] INFO  server.RaftServerConfigKeys (ConfUtils.java:logGet(46)) - raft.server.retrycache.statistics.expirytime = 100ms (default)
2024-02-27 21:36:43,521 [9eee0c4a-241f-4a15-bff1-0522a907ac9b-groupManagement] INFO  server.RaftServerConfigKeys (ConfUtils.java:logGet(46)) - raft.server.read.option = DEFAULT (default)
2024-02-27 21:36:43,521 [9eee0c4a-241f-4a15-bff1-0522a907ac9b-groupManagement] INFO  server.RaftServerConfigKeys (ConfUtils.java:logGet(46)) - raft.server.read.read-after-write-consistent.write-index-cache.expiry-time = 60s (default)
2024-02-27 21:36:43,525 [9eee0c4a-241f-4a15-bff1-0522a907ac9b-groupManagement] INFO  server.RaftServerConfigKeys (ConfUtils.java:logGet(46)) - raft.server.rpc.request.timeout = 60s (custom)
2024-02-27 21:36:43,525 [9eee0c4a-241f-4a15-bff1-0522a907ac9b-groupManagement] INFO  server.RaftServerConfigKeys (ConfUtils.java:logGet(46)) - raft.server.log.appender.install.snapshot.enabled = false (custom)
2024-02-27 21:36:43,525 [9eee0c4a-241f-4a15-bff1-0522a907ac9b-groupManagement] INFO  server.RaftServerConfigKeys (ConfUtils.java:logGet(46)) - raft.server.threadpool.server.cached = true (default)
2024-02-27 21:36:43,525 [9eee0c4a-241f-4a15-bff1-0522a907ac9b-groupManagement] INFO  server.RaftServerConfigKeys (ConfUtils.java:logGet(46)) - raft.server.threadpool.server.size = 0 (default)
2024-02-27 21:36:43,525 [9eee0c4a-241f-4a15-bff1-0522a907ac9b-groupManagement] INFO  server.RaftServerConfigKeys (ConfUtils.java:logGet(46)) - raft.server.threadpool.client.cached = true (default)
2024-02-27 21:36:43,525 [9eee0c4a-241f-4a15-bff1-0522a907ac9b-groupManagement] INFO  server.RaftServerConfigKeys (ConfUtils.java:logGet(46)) - raft.server.threadpool.client.size = 0 (default)
2024-02-27 21:36:43,525 [9eee0c4a-241f-4a15-bff1-0522a907ac9b-groupManagement] INFO  server.RaftServerConfigKeys (ConfUtils.java:logGet(46)) - raft.server.storage.free-space.min = 0MB (=0) (default)
2024-02-27 21:36:43,525 [9eee0c4a-241f-4a15-bff1-0522a907ac9b-groupManagement] INFO  server.RaftServerConfigKeys (ConfUtils.java:logGet(46)) - raft.server.log.corruption.policy = EXCEPTION (default)
2024-02-27 21:36:43,526 [9eee0c4a-241f-4a15-bff1-0522a907ac9b-groupManagement] INFO  server.RaftServerConfigKeys (ConfUtils.java:logGet(46)) - raft.server.storage.dir = [/home/runner/work/ozone/ozone/hadoop-ozone/integration-test/target/test-dir/MiniOzoneClusterImpl-377bd28b-19ec-4c3d-8af6-29a7f1113b2b/ozone-meta/datanode-3/ratis] (custom)
2024-02-27 21:36:43,526 [9eee0c4a-241f-4a15-bff1-0522a907ac9b-groupManagement] INFO  storage.RaftStorageDirectory (RaftStorageDirectoryImpl.java:analyzeStorage(138)) - The storage directory /home/runner/work/ozone/ozone/hadoop-ozone/integration-test/target/test-dir/MiniOzoneClusterImpl-377bd28b-19ec-4c3d-8af6-29a7f1113b2b/ozone-meta/datanode-3/ratis/e4b0a16e-ae84-4b17-85c1-902100b64c51 does not exist. Creating ...
2024-02-27 21:36:43,527 [9eee0c4a-241f-4a15-bff1-0522a907ac9b-groupManagement] INFO  storage.RaftStorageDirectory (RaftStorageDirectoryImpl.java:tryLock(228)) - Lock on /home/runner/work/ozone/ozone/hadoop-ozone/integration-test/target/test-dir/MiniOzoneClusterImpl-377bd28b-19ec-4c3d-8af6-29a7f1113b2b/ozone-meta/datanode-3/ratis/e4b0a16e-ae84-4b17-85c1-902100b64c51/in_use.lock acquired by nodename 32143@fv-az531-651
2024-02-27 21:36:43,528 [9eee0c4a-241f-4a15-bff1-0522a907ac9b-groupManagement] INFO  storage.RaftStorage (RaftStorageImpl.java:format(99)) - Storage directory /home/runner/work/ozone/ozone/hadoop-ozone/integration-test/target/test-dir/MiniOzoneClusterImpl-377bd28b-19ec-4c3d-8af6-29a7f1113b2b/ozone-meta/datanode-3/ratis/e4b0a16e-ae84-4b17-85c1-902100b64c51 has been successfully formatted.
2024-02-27 21:36:43,528 [9eee0c4a-241f-4a15-bff1-0522a907ac9b-groupManagement] WARN  util.FileUtils (LogUtils.java:supplyAndLog(63)) - Failed to Files.newInputStream /home/runner/work/ozone/ozone/hadoop-ozone/integration-test/target/test-dir/MiniOzoneClusterImpl-377bd28b-19ec-4c3d-8af6-29a7f1113b2b/ozone-meta/datanode-3/ratis/e4b0a16e-ae84-4b17-85c1-902100b64c51/current/raft-meta.conf with options []: java.nio.file.NoSuchFileException: /home/runner/work/ozone/ozone/hadoop-ozone/integration-test/target/test-dir/MiniOzoneClusterImpl-377bd28b-19ec-4c3d-8af6-29a7f1113b2b/ozone-meta/datanode-3/ratis/e4b0a16e-ae84-4b17-85c1-902100b64c51/current/raft-meta.conf
2024-02-27 21:36:43,529 [9eee0c4a-241f-4a15-bff1-0522a907ac9b-groupManagement] INFO  ratis.ContainerStateMachine (ContainerStateMachine.java:loadSnapshot(287)) - group-902100B64C51: The snapshot info is null. Setting the last applied index to:(t:0, i:~)
2024-02-27 21:36:43,529 [9eee0c4a-241f-4a15-bff1-0522a907ac9b-groupManagement] INFO  server.RaftServerConfigKeys (ConfUtils.java:logGet(46)) - raft.server.log.use.memory = false (default)
2024-02-27 21:36:43,530 [9eee0c4a-241f-4a15-bff1-0522a907ac9b-groupManagement] INFO  server.RaftServerConfigKeys (ConfUtils.java:logGet(46)) - raft.server.log.purge.gap = 1000000 (custom)
2024-02-27 21:36:43,530 [9eee0c4a-241f-4a15-bff1-0522a907ac9b-groupManagement] INFO  server.RaftServerConfigKeys (ConfUtils.java:logGet(46)) - raft.server.log.appender.buffer.byte-limit = 8388608 (custom)
2024-02-27 21:36:43,530 [9eee0c4a-241f-4a15-bff1-0522a907ac9b-groupManagement] INFO  server.RaftServerConfigKeys (ConfUtils.java:logGet(46)) - raft.server.log.statemachine.data.read.timeout = 1000ms (default)
2024-02-27 21:36:43,530 [9eee0c4a-241f-4a15-bff1-0522a907ac9b-groupManagement] INFO  server.RaftServerConfigKeys (ConfUtils.java:logGet(46)) - raft.server.log.purge.preservation.log.num = 0 (default)
2024-02-27 21:36:43,532 [EventQueue-PipelineReportForPipelineReportHandler] INFO  pipeline.PipelineReportHandler (PipelineReportHandler.java:processPipelineReport(136)) - Opened pipeline PipelineID=e4b0a16e-ae84-4b17-85c1-902100b64c51
2024-02-27 21:36:43,533 [EventQueue-OpenPipelineForHealthyPipelineSafeModeRule] INFO  safemode.SCMSafeModeManager (HealthyPipelineSafeModeRule.java:process(140)) - SCM in safe mode. Healthy pipelines reported count is 0, required healthy pipeline reported count is 1
2024-02-27 21:36:43,534 [9eee0c4a-241f-4a15-bff1-0522a907ac9b-groupManagement] INFO  server.RaftServerConfigKeys (ConfUtils.java:logGet(46)) - raft.server.log.segment.size.max = 67108864 (custom)
2024-02-27 21:36:43,535 [9eee0c4a-241f-4a15-bff1-0522a907ac9b-groupManagement] INFO  server.RaftServerConfigKeys (ConfUtils.java:logGet(46)) - raft.server.log.segment.cache.num.max = 2 (custom)
2024-02-27 21:36:43,535 [9eee0c4a-241f-4a15-bff1-0522a907ac9b-groupManagement] INFO  server.RaftServerConfigKeys (ConfUtils.java:logGet(46)) - raft.server.log.segment.cache.size.max = 200MB (=209715200) (default)
2024-02-27 21:36:43,536 [9eee0c4a-241f-4a15-bff1-0522a907ac9b-groupManagement] INFO  server.RaftServerConfigKeys (ConfUtils.java:logGet(46)) - raft.server.log.appender.buffer.byte-limit = 8388608 (custom)
2024-02-27 21:36:43,546 [9eee0c4a-241f-4a15-bff1-0522a907ac9b-groupManagement] INFO  util.AwaitToRun (AwaitToRun.java:start(81)) - Thread[9eee0c4a-241f-4a15-bff1-0522a907ac9b@group-902100B64C51-cacheEviction-AwaitToRun,5,main] started
2024-02-27 21:36:43,546 [9eee0c4a-241f-4a15-bff1-0522a907ac9b-groupManagement] INFO  segmented.SegmentedRaftLogWorker (SegmentedRaftLogWorker.java:<init>(182)) - new 9eee0c4a-241f-4a15-bff1-0522a907ac9b@group-902100B64C51-SegmentedRaftLogWorker for RaftStorageImpl:Storage Directory /home/runner/work/ozone/ozone/hadoop-ozone/integration-test/target/test-dir/MiniOzoneClusterImpl-377bd28b-19ec-4c3d-8af6-29a7f1113b2b/ozone-meta/datanode-3/ratis/e4b0a16e-ae84-4b17-85c1-902100b64c51
2024-02-27 21:36:43,546 [9eee0c4a-241f-4a15-bff1-0522a907ac9b-groupManagement] INFO  server.RaftServerConfigKeys (ConfUtils.java:logGet(46)) - raft.server.log.queue.byte-limit = 4294967296 (custom)
2024-02-27 21:36:43,546 [9eee0c4a-241f-4a15-bff1-0522a907ac9b-groupManagement] INFO  server.RaftServerConfigKeys (ConfUtils.java:logGet(46)) - raft.server.log.queue.element-limit = 1024 (custom)
2024-02-27 21:36:43,546 [9eee0c4a-241f-4a15-bff1-0522a907ac9b-groupManagement] INFO  server.RaftServerConfigKeys (ConfUtils.java:logGet(46)) - raft.server.log.segment.size.max = 67108864 (custom)
2024-02-27 21:36:43,547 [9eee0c4a-241f-4a15-bff1-0522a907ac9b-groupManagement] INFO  server.RaftServerConfigKeys (ConfUtils.java:logGet(46)) - raft.server.log.preallocated.size = 4194304 (custom)
2024-02-27 21:36:43,547 [9eee0c4a-241f-4a15-bff1-0522a907ac9b-groupManagement] INFO  server.RaftServerConfigKeys (ConfUtils.java:logGet(46)) - raft.server.log.force.sync.num = 128 (default)
2024-02-27 21:36:43,547 [9eee0c4a-241f-4a15-bff1-0522a907ac9b-groupManagement] INFO  server.RaftServerConfigKeys (ConfUtils.java:logGet(46)) - raft.server.log.statemachine.data.sync = true (default)
2024-02-27 21:36:43,547 [9eee0c4a-241f-4a15-bff1-0522a907ac9b-groupManagement] INFO  server.RaftServerConfigKeys (ConfUtils.java:logGet(46)) - raft.server.log.statemachine.data.sync.timeout = 10s (default)
2024-02-27 21:36:43,547 [9eee0c4a-241f-4a15-bff1-0522a907ac9b-groupManagement] INFO  server.RaftServerConfigKeys (ConfUtils.java:logGet(46)) - raft.server.log.statemachine.data.sync.timeout.retry = 0 (custom)
2024-02-27 21:36:43,548 [9eee0c4a-241f-4a15-bff1-0522a907ac9b-groupManagement] INFO  server.RaftServerConfigKeys (ConfUtils.java:logGet(46)) - raft.server.log.write.buffer.size = 8388616 (custom)
2024-02-27 21:36:43,549 [9eee0c4a-241f-4a15-bff1-0522a907ac9b-groupManagement] INFO  server.RaftServerConfigKeys (ConfUtils.java:logGet(46)) - raft.server.log.appender.buffer.byte-limit = 8388608 (custom)
2024-02-27 21:36:43,549 [9eee0c4a-241f-4a15-bff1-0522a907ac9b-groupManagement] INFO  server.RaftServerConfigKeys (ConfUtils.java:logGet(46)) - raft.server.log.unsafe-flush.enabled = false (default)
2024-02-27 21:36:43,549 [9eee0c4a-241f-4a15-bff1-0522a907ac9b-groupManagement] INFO  server.RaftServerConfigKeys (ConfUtils.java:logGet(46)) - raft.server.log.async-flush.enabled = false (default)
2024-02-27 21:36:43,550 [9eee0c4a-241f-4a15-bff1-0522a907ac9b-groupManagement] INFO  server.RaftServerConfigKeys (ConfUtils.java:logGet(46)) - raft.server.log.statemachine.data.caching.enabled = true (custom)
2024-02-27 21:36:43,550 [9eee0c4a-241f-4a15-bff1-0522a907ac9b-groupManagement] INFO  segmented.SegmentedRaftLogWorker (SegmentedRaftLogWorker.java:lambda$new$0(134)) - 9eee0c4a-241f-4a15-bff1-0522a907ac9b@group-902100B64C51-SegmentedRaftLogWorker: flushIndex: setUnconditionally 0 -> -1
2024-02-27 21:36:43,550 [9eee0c4a-241f-4a15-bff1-0522a907ac9b-groupManagement] INFO  segmented.SegmentedRaftLogWorker (SegmentedRaftLogWorker.java:lambda$new$0(134)) - 9eee0c4a-241f-4a15-bff1-0522a907ac9b@group-902100B64C51-SegmentedRaftLogWorker: safeCacheEvictIndex: setUnconditionally 0 -> -1
2024-02-27 21:36:43,553 [9eee0c4a-241f-4a15-bff1-0522a907ac9b-groupManagement] INFO  server.RaftServer$Division (RaftServerImpl.java:start(396)) - 9eee0c4a-241f-4a15-bff1-0522a907ac9b@group-902100B64C51: start as a follower, conf=-1: peers:[9eee0c4a-241f-4a15-bff1-0522a907ac9b|10.1.0.18:15032]|listeners:[], old=null
2024-02-27 21:36:43,553 [9eee0c4a-241f-4a15-bff1-0522a907ac9b-groupManagement] INFO  server.RaftServer$Division (RaftServerImpl.java:setRole(383)) - 9eee0c4a-241f-4a15-bff1-0522a907ac9b@group-902100B64C51: changes role from      null to FOLLOWER at term 0 for startAsFollower
2024-02-27 21:36:43,553 [9eee0c4a-241f-4a15-bff1-0522a907ac9b-groupManagement] INFO  impl.RoleInfo (RoleInfo.java:updateAndGet(139)) - 9eee0c4a-241f-4a15-bff1-0522a907ac9b: start 9eee0c4a-241f-4a15-bff1-0522a907ac9b@group-902100B64C51-FollowerState
2024-02-27 21:36:43,554 [9eee0c4a-241f-4a15-bff1-0522a907ac9b-groupManagement] INFO  util.JmxRegister (JmxRegister.java:tryRegister(44)) - Successfully registered JMX Bean with object name Ratis:service=RaftServer,group=group-902100B64C51,id=9eee0c4a-241f-4a15-bff1-0522a907ac9b
2024-02-27 21:36:43,554 [9eee0c4a-241f-4a15-bff1-0522a907ac9b-groupManagement] INFO  server.RaftServerConfigKeys (ConfUtils.java:logGet(46)) - raft.server.snapshot.trigger-when-stop.enabled = true (default)
2024-02-27 21:36:43,554 [9eee0c4a-241f-4a15-bff1-0522a907ac9b-groupManagement] INFO  server.RaftServerConfigKeys (ConfUtils.java:logGet(46)) - raft.server.snapshot.auto.trigger.enabled = true (custom)
2024-02-27 21:36:43,554 [9eee0c4a-241f-4a15-bff1-0522a907ac9b-groupManagement] INFO  server.RaftServerConfigKeys (ConfUtils.java:logGet(46)) - raft.server.snapshot.auto.trigger.threshold = 10000 (custom)
2024-02-27 21:36:43,554 [9eee0c4a-241f-4a15-bff1-0522a907ac9b-groupManagement] INFO  server.RaftServerConfigKeys (ConfUtils.java:logGet(46)) - raft.server.snapshot.retention.file.num = 5 (custom)
2024-02-27 21:36:43,554 [9eee0c4a-241f-4a15-bff1-0522a907ac9b-groupManagement] INFO  server.RaftServerConfigKeys (ConfUtils.java:logGet(46)) - raft.server.log.purge.upto.snapshot.index = false (default)
2024-02-27 21:36:43,556 [9eee0c4a-241f-4a15-bff1-0522a907ac9b@group-902100B64C51-FollowerState] INFO  server.RaftServerConfigKeys (ConfUtils.java:logFallback(53)) - raft.server.rpc.first-election.timeout.min = 5s (fallback to raft.server.rpc.timeout.min)
2024-02-27 21:36:43,556 [9eee0c4a-241f-4a15-bff1-0522a907ac9b@group-902100B64C51-FollowerState] INFO  server.RaftServerConfigKeys (ConfUtils.java:logFallback(53)) - raft.server.rpc.first-election.timeout.max = 5200ms (fallback to raft.server.rpc.timeout.max)
2024-02-27 21:36:43,556 [9eee0c4a-241f-4a15-bff1-0522a907ac9b-PipelineCommandHandlerThread-0] INFO  ratis.XceiverServerRatis (XceiverServerRatis.java:addGroup(864)) - Created group PipelineID=e4b0a16e-ae84-4b17-85c1-902100b64c51
2024-02-27 21:36:43,556 [9eee0c4a-241f-4a15-bff1-0522a907ac9b-PipelineCommandHandlerThread-0] INFO  commandhandler.CreatePipelineCommandHandler (CreatePipelineCommandHandler.java:lambda$handle$2(124)) - Created Pipeline RATIS ONE PipelineID=e4b0a16e-ae84-4b17-85c1-902100b64c51.
2024-02-27 21:36:43,556 [9eee0c4a-241f-4a15-bff1-0522a907ac9b-PipelineCommandHandlerThread-0] INFO  server.RaftServer (RaftServerProxy.java:addNew(100)) - 9eee0c4a-241f-4a15-bff1-0522a907ac9b: addNew group-816BF9C79CC5:[9eee0c4a-241f-4a15-bff1-0522a907ac9b|10.1.0.18:15032, 46ce47ac-a134-4cce-ba10-4493b406f4b0|10.1.0.18:15014, c855f1da-1b31-46a5-a68b-5d36f1d30008|10.1.0.18:15023] returns group-816BF9C79CC5:java.util.concurrent.CompletableFuture@14881d52[Not completed]
2024-02-27 21:36:43,559 [9eee0c4a-241f-4a15-bff1-0522a907ac9b-groupManagement] INFO  server.RaftServer$Division (RaftServerImpl.java:<init>(256)) - 9eee0c4a-241f-4a15-bff1-0522a907ac9b: new RaftServerImpl for group-816BF9C79CC5:[9eee0c4a-241f-4a15-bff1-0522a907ac9b|10.1.0.18:15032, 46ce47ac-a134-4cce-ba10-4493b406f4b0|10.1.0.18:15014, c855f1da-1b31-46a5-a68b-5d36f1d30008|10.1.0.18:15023] with ContainerStateMachine:uninitialized
2024-02-27 21:36:43,559 [9eee0c4a-241f-4a15-bff1-0522a907ac9b-groupManagement] INFO  server.RaftServerConfigKeys (ConfUtils.java:logGet(46)) - raft.server.rpc.timeout.min = 5s (custom)
2024-02-27 21:36:43,559 [9eee0c4a-241f-4a15-bff1-0522a907ac9b-groupManagement] INFO  server.RaftServerConfigKeys (ConfUtils.java:logGet(46)) - raft.server.rpc.timeout.max = 5200ms (custom)
2024-02-27 21:36:43,559 [9eee0c4a-241f-4a15-bff1-0522a907ac9b-groupManagement] INFO  server.RaftServerConfigKeys (ConfUtils.java:logGet(46)) - raft.server.rpc.sleep.time = 25ms (default)
2024-02-27 21:36:43,559 [9eee0c4a-241f-4a15-bff1-0522a907ac9b-groupManagement] INFO  server.RaftServerConfigKeys (ConfUtils.java:logGet(46)) - raft.server.rpc.slowness.timeout = 300s (custom)
2024-02-27 21:36:43,559 [9eee0c4a-241f-4a15-bff1-0522a907ac9b-groupManagement] INFO  server.RaftServerConfigKeys (ConfUtils.java:logGet(46)) - raft.server.leaderelection.leader.step-down.wait-time = 10s (default)
2024-02-27 21:36:43,559 [9eee0c4a-241f-4a15-bff1-0522a907ac9b-groupManagement] INFO  server.RaftServerConfigKeys (ConfUtils.java:logGet(46)) - raft.server.leaderelection.member.majority-add = false (default)
2024-02-27 21:36:43,559 [9eee0c4a-241f-4a15-bff1-0522a907ac9b-groupManagement] INFO  server.RaftServerConfigKeys (ConfUtils.java:logGet(46)) - raft.server.sleep.deviation.threshold = 300ms (default)
2024-02-27 21:36:43,560 [9eee0c4a-241f-4a15-bff1-0522a907ac9b-groupManagement] INFO  server.RaftServer$Division (ServerState.java:<init>(113)) - 9eee0c4a-241f-4a15-bff1-0522a907ac9b@group-816BF9C79CC5: ConfigurationManager, init=-1: peers:[9eee0c4a-241f-4a15-bff1-0522a907ac9b|10.1.0.18:15032, 46ce47ac-a134-4cce-ba10-4493b406f4b0|10.1.0.18:15014, c855f1da-1b31-46a5-a68b-5d36f1d30008|10.1.0.18:15023]|listeners:[], old=null, confs=<EMPTY_MAP>
2024-02-27 21:36:43,560 [9eee0c4a-241f-4a15-bff1-0522a907ac9b-groupManagement] INFO  server.RaftServerConfigKeys (ConfUtils.java:logGet(46)) - raft.server.notification.no-leader.timeout = 300s (custom)
2024-02-27 21:36:43,560 [9eee0c4a-241f-4a15-bff1-0522a907ac9b-groupManagement] INFO  server.RaftServerConfigKeys (ConfUtils.java:logGet(46)) - raft.server.read.timeout = 10s (default)
2024-02-27 21:36:43,560 [9eee0c4a-241f-4a15-bff1-0522a907ac9b-groupManagement] INFO  server.RaftServerConfigKeys (ConfUtils.java:logGet(46)) - raft.server.retrycache.expirytime = 600000ms (custom)
2024-02-27 21:36:43,560 [9eee0c4a-241f-4a15-bff1-0522a907ac9b-groupManagement] INFO  server.RaftServerConfigKeys (ConfUtils.java:logGet(46)) - raft.server.retrycache.statistics.expirytime = 100ms (default)
2024-02-27 21:36:43,560 [9eee0c4a-241f-4a15-bff1-0522a907ac9b-groupManagement] INFO  server.RaftServerConfigKeys (ConfUtils.java:logGet(46)) - raft.server.read.option = DEFAULT (default)
2024-02-27 21:36:43,560 [9eee0c4a-241f-4a15-bff1-0522a907ac9b-groupManagement] INFO  server.RaftServerConfigKeys (ConfUtils.java:logGet(46)) - raft.server.read.read-after-write-consistent.write-index-cache.expiry-time = 60s (default)
2024-02-27 21:36:43,564 [9eee0c4a-241f-4a15-bff1-0522a907ac9b-groupManagement] INFO  server.RaftServerConfigKeys (ConfUtils.java:logGet(46)) - raft.server.rpc.request.timeout = 60s (custom)
2024-02-27 21:36:43,564 [9eee0c4a-241f-4a15-bff1-0522a907ac9b-groupManagement] INFO  server.RaftServerConfigKeys (ConfUtils.java:logGet(46)) - raft.server.log.appender.install.snapshot.enabled = false (custom)
2024-02-27 21:36:43,564 [9eee0c4a-241f-4a15-bff1-0522a907ac9b-groupManagement] INFO  server.RaftServerConfigKeys (ConfUtils.java:logGet(46)) - raft.server.threadpool.server.cached = true (default)
2024-02-27 21:36:43,564 [9eee0c4a-241f-4a15-bff1-0522a907ac9b-groupManagement] INFO  server.RaftServerConfigKeys (ConfUtils.java:logGet(46)) - raft.server.threadpool.server.size = 0 (default)
2024-02-27 21:36:43,564 [9eee0c4a-241f-4a15-bff1-0522a907ac9b-groupManagement] INFO  server.RaftServerConfigKeys (ConfUtils.java:logGet(46)) - raft.server.threadpool.client.cached = true (default)
2024-02-27 21:36:43,564 [9eee0c4a-241f-4a15-bff1-0522a907ac9b-groupManagement] INFO  server.RaftServerConfigKeys (ConfUtils.java:logGet(46)) - raft.server.threadpool.client.size = 0 (default)
2024-02-27 21:36:43,564 [9eee0c4a-241f-4a15-bff1-0522a907ac9b-groupManagement] INFO  server.RaftServerConfigKeys (ConfUtils.java:logGet(46)) - raft.server.storage.free-space.min = 0MB (=0) (default)
2024-02-27 21:36:43,564 [9eee0c4a-241f-4a15-bff1-0522a907ac9b-groupManagement] INFO  server.RaftServerConfigKeys (ConfUtils.java:logGet(46)) - raft.server.log.corruption.policy = EXCEPTION (default)
2024-02-27 21:36:43,564 [9eee0c4a-241f-4a15-bff1-0522a907ac9b-groupManagement] INFO  server.RaftServerConfigKeys (ConfUtils.java:logGet(46)) - raft.server.storage.dir = [/home/runner/work/ozone/ozone/hadoop-ozone/integration-test/target/test-dir/MiniOzoneClusterImpl-377bd28b-19ec-4c3d-8af6-29a7f1113b2b/ozone-meta/datanode-3/ratis] (custom)
2024-02-27 21:36:43,565 [9eee0c4a-241f-4a15-bff1-0522a907ac9b-groupManagement] INFO  storage.RaftStorageDirectory (RaftStorageDirectoryImpl.java:analyzeStorage(138)) - The storage directory /home/runner/work/ozone/ozone/hadoop-ozone/integration-test/target/test-dir/MiniOzoneClusterImpl-377bd28b-19ec-4c3d-8af6-29a7f1113b2b/ozone-meta/datanode-3/ratis/35114e68-a185-4aa3-ba48-816bf9c79cc5 does not exist. Creating ...
2024-02-27 21:36:43,566 [9eee0c4a-241f-4a15-bff1-0522a907ac9b-groupManagement] INFO  storage.RaftStorageDirectory (RaftStorageDirectoryImpl.java:tryLock(228)) - Lock on /home/runner/work/ozone/ozone/hadoop-ozone/integration-test/target/test-dir/MiniOzoneClusterImpl-377bd28b-19ec-4c3d-8af6-29a7f1113b2b/ozone-meta/datanode-3/ratis/35114e68-a185-4aa3-ba48-816bf9c79cc5/in_use.lock acquired by nodename 32143@fv-az531-651
2024-02-27 21:36:43,567 [9eee0c4a-241f-4a15-bff1-0522a907ac9b-groupManagement] INFO  storage.RaftStorage (RaftStorageImpl.java:format(99)) - Storage directory /home/runner/work/ozone/ozone/hadoop-ozone/integration-test/target/test-dir/MiniOzoneClusterImpl-377bd28b-19ec-4c3d-8af6-29a7f1113b2b/ozone-meta/datanode-3/ratis/35114e68-a185-4aa3-ba48-816bf9c79cc5 has been successfully formatted.
2024-02-27 21:36:43,567 [9eee0c4a-241f-4a15-bff1-0522a907ac9b-groupManagement] WARN  util.FileUtils (LogUtils.java:supplyAndLog(63)) - Failed to Files.newInputStream /home/runner/work/ozone/ozone/hadoop-ozone/integration-test/target/test-dir/MiniOzoneClusterImpl-377bd28b-19ec-4c3d-8af6-29a7f1113b2b/ozone-meta/datanode-3/ratis/35114e68-a185-4aa3-ba48-816bf9c79cc5/current/raft-meta.conf with options []: java.nio.file.NoSuchFileException: /home/runner/work/ozone/ozone/hadoop-ozone/integration-test/target/test-dir/MiniOzoneClusterImpl-377bd28b-19ec-4c3d-8af6-29a7f1113b2b/ozone-meta/datanode-3/ratis/35114e68-a185-4aa3-ba48-816bf9c79cc5/current/raft-meta.conf
2024-02-27 21:36:43,567 [9eee0c4a-241f-4a15-bff1-0522a907ac9b-groupManagement] INFO  ratis.ContainerStateMachine (ContainerStateMachine.java:loadSnapshot(287)) - group-816BF9C79CC5: The snapshot info is null. Setting the last applied index to:(t:0, i:~)
2024-02-27 21:36:43,568 [9eee0c4a-241f-4a15-bff1-0522a907ac9b-groupManagement] INFO  server.RaftServerConfigKeys (ConfUtils.java:logGet(46)) - raft.server.log.use.memory = false (default)
2024-02-27 21:36:43,568 [9eee0c4a-241f-4a15-bff1-0522a907ac9b-groupManagement] INFO  server.RaftServerConfigKeys (ConfUtils.java:logGet(46)) - raft.server.log.purge.gap = 1000000 (custom)
2024-02-27 21:36:43,568 [9eee0c4a-241f-4a15-bff1-0522a907ac9b-groupManagement] INFO  server.RaftServerConfigKeys (ConfUtils.java:logGet(46)) - raft.server.log.appender.buffer.byte-limit = 8388608 (custom)
2024-02-27 21:36:43,568 [9eee0c4a-241f-4a15-bff1-0522a907ac9b-groupManagement] INFO  server.RaftServerConfigKeys (ConfUtils.java:logGet(46)) - raft.server.log.statemachine.data.read.timeout = 1000ms (default)
2024-02-27 21:36:43,568 [9eee0c4a-241f-4a15-bff1-0522a907ac9b-groupManagement] INFO  server.RaftServerConfigKeys (ConfUtils.java:logGet(46)) - raft.server.log.purge.preservation.log.num = 0 (default)
2024-02-27 21:36:43,570 [EventQueue-OpenPipelineForHealthyPipelineSafeModeRule] INFO  safemode.SCMSafeModeManager (HealthyPipelineSafeModeRule.java:process(140)) - SCM in safe mode. Healthy pipelines reported count is 0, required healthy pipeline reported count is 1
2024-02-27 21:36:43,574 [9eee0c4a-241f-4a15-bff1-0522a907ac9b-groupManagement] INFO  server.RaftServerConfigKeys (ConfUtils.java:logGet(46)) - raft.server.log.segment.size.max = 67108864 (custom)
2024-02-27 21:36:43,577 [9eee0c4a-241f-4a15-bff1-0522a907ac9b-groupManagement] INFO  server.RaftServerConfigKeys (ConfUtils.java:logGet(46)) - raft.server.log.segment.cache.num.max = 2 (custom)
2024-02-27 21:36:43,578 [9eee0c4a-241f-4a15-bff1-0522a907ac9b-groupManagement] INFO  server.RaftServerConfigKeys (ConfUtils.java:logGet(46)) - raft.server.log.segment.cache.size.max = 200MB (=209715200) (default)
2024-02-27 21:36:43,578 [9eee0c4a-241f-4a15-bff1-0522a907ac9b-groupManagement] INFO  server.RaftServerConfigKeys (ConfUtils.java:logGet(46)) - raft.server.log.appender.buffer.byte-limit = 8388608 (custom)
2024-02-27 21:36:43,579 [9eee0c4a-241f-4a15-bff1-0522a907ac9b-groupManagement] INFO  util.AwaitToRun (AwaitToRun.java:start(81)) - Thread[9eee0c4a-241f-4a15-bff1-0522a907ac9b@group-816BF9C79CC5-cacheEviction-AwaitToRun,5,main] started
2024-02-27 21:36:43,579 [9eee0c4a-241f-4a15-bff1-0522a907ac9b-groupManagement] INFO  segmented.SegmentedRaftLogWorker (SegmentedRaftLogWorker.java:<init>(182)) - new 9eee0c4a-241f-4a15-bff1-0522a907ac9b@group-816BF9C79CC5-SegmentedRaftLogWorker for RaftStorageImpl:Storage Directory /home/runner/work/ozone/ozone/hadoop-ozone/integration-test/target/test-dir/MiniOzoneClusterImpl-377bd28b-19ec-4c3d-8af6-29a7f1113b2b/ozone-meta/datanode-3/ratis/35114e68-a185-4aa3-ba48-816bf9c79cc5
2024-02-27 21:36:43,579 [9eee0c4a-241f-4a15-bff1-0522a907ac9b-groupManagement] INFO  server.RaftServerConfigKeys (ConfUtils.java:logGet(46)) - raft.server.log.queue.byte-limit = 4294967296 (custom)
2024-02-27 21:36:43,579 [9eee0c4a-241f-4a15-bff1-0522a907ac9b-groupManagement] INFO  server.RaftServerConfigKeys (ConfUtils.java:logGet(46)) - raft.server.log.queue.element-limit = 1024 (custom)
2024-02-27 21:36:43,579 [9eee0c4a-241f-4a15-bff1-0522a907ac9b-groupManagement] INFO  server.RaftServerConfigKeys (ConfUtils.java:logGet(46)) - raft.server.log.segment.size.max = 67108864 (custom)
2024-02-27 21:36:43,579 [9eee0c4a-241f-4a15-bff1-0522a907ac9b-groupManagement] INFO  server.RaftServerConfigKeys (ConfUtils.java:logGet(46)) - raft.server.log.preallocated.size = 4194304 (custom)
2024-02-27 21:36:43,579 [9eee0c4a-241f-4a15-bff1-0522a907ac9b-groupManagement] INFO  server.RaftServerConfigKeys (ConfUtils.java:logGet(46)) - raft.server.log.force.sync.num = 128 (default)
2024-02-27 21:36:43,579 [9eee0c4a-241f-4a15-bff1-0522a907ac9b-groupManagement] INFO  server.RaftServerConfigKeys (ConfUtils.java:logGet(46)) - raft.server.log.statemachine.data.sync = true (default)
2024-02-27 21:36:43,579 [9eee0c4a-241f-4a15-bff1-0522a907ac9b-groupManagement] INFO  server.RaftServerConfigKeys (ConfUtils.java:logGet(46)) - raft.server.log.statemachine.data.sync.timeout = 10s (default)
2024-02-27 21:36:43,580 [9eee0c4a-241f-4a15-bff1-0522a907ac9b-groupManagement] INFO  server.RaftServerConfigKeys (ConfUtils.java:logGet(46)) - raft.server.log.statemachine.data.sync.timeout.retry = 0 (custom)
2024-02-27 21:36:43,580 [9eee0c4a-241f-4a15-bff1-0522a907ac9b-groupManagement] INFO  server.RaftServerConfigKeys (ConfUtils.java:logGet(46)) - raft.server.log.write.buffer.size = 8388616 (custom)
2024-02-27 21:36:43,581 [9eee0c4a-241f-4a15-bff1-0522a907ac9b-groupManagement] INFO  server.RaftServerConfigKeys (ConfUtils.java:logGet(46)) - raft.server.log.appender.buffer.byte-limit = 8388608 (custom)
2024-02-27 21:36:43,582 [9eee0c4a-241f-4a15-bff1-0522a907ac9b-groupManagement] INFO  server.RaftServerConfigKeys (ConfUtils.java:logGet(46)) - raft.server.log.unsafe-flush.enabled = false (default)
2024-02-27 21:36:43,582 [9eee0c4a-241f-4a15-bff1-0522a907ac9b-groupManagement] INFO  server.RaftServerConfigKeys (ConfUtils.java:logGet(46)) - raft.server.log.async-flush.enabled = false (default)
2024-02-27 21:36:43,582 [9eee0c4a-241f-4a15-bff1-0522a907ac9b-groupManagement] INFO  server.RaftServerConfigKeys (ConfUtils.java:logGet(46)) - raft.server.log.statemachine.data.caching.enabled = true (custom)
2024-02-27 21:36:43,583 [9eee0c4a-241f-4a15-bff1-0522a907ac9b-groupManagement] INFO  segmented.SegmentedRaftLogWorker (SegmentedRaftLogWorker.java:lambda$new$0(134)) - 9eee0c4a-241f-4a15-bff1-0522a907ac9b@group-816BF9C79CC5-SegmentedRaftLogWorker: flushIndex: setUnconditionally 0 -> -1
2024-02-27 21:36:43,583 [9eee0c4a-241f-4a15-bff1-0522a907ac9b-groupManagement] INFO  segmented.SegmentedRaftLogWorker (SegmentedRaftLogWorker.java:lambda$new$0(134)) - 9eee0c4a-241f-4a15-bff1-0522a907ac9b@group-816BF9C79CC5-SegmentedRaftLogWorker: safeCacheEvictIndex: setUnconditionally 0 -> -1
2024-02-27 21:36:43,589 [9eee0c4a-241f-4a15-bff1-0522a907ac9b-groupManagement] INFO  server.RaftServer$Division (RaftServerImpl.java:start(396)) - 9eee0c4a-241f-4a15-bff1-0522a907ac9b@group-816BF9C79CC5: start as a follower, conf=-1: peers:[9eee0c4a-241f-4a15-bff1-0522a907ac9b|10.1.0.18:15032, 46ce47ac-a134-4cce-ba10-4493b406f4b0|10.1.0.18:15014, c855f1da-1b31-46a5-a68b-5d36f1d30008|10.1.0.18:15023]|listeners:[], old=null
2024-02-27 21:36:43,589 [9eee0c4a-241f-4a15-bff1-0522a907ac9b-groupManagement] INFO  server.RaftServer$Division (RaftServerImpl.java:setRole(383)) - 9eee0c4a-241f-4a15-bff1-0522a907ac9b@group-816BF9C79CC5: changes role from      null to FOLLOWER at term 0 for startAsFollower
2024-02-27 21:36:43,590 [9eee0c4a-241f-4a15-bff1-0522a907ac9b-groupManagement] INFO  impl.RoleInfo (RoleInfo.java:updateAndGet(139)) - 9eee0c4a-241f-4a15-bff1-0522a907ac9b: start 9eee0c4a-241f-4a15-bff1-0522a907ac9b@group-816BF9C79CC5-FollowerState
2024-02-27 21:36:43,590 [9eee0c4a-241f-4a15-bff1-0522a907ac9b@group-816BF9C79CC5-FollowerState] INFO  server.RaftServerConfigKeys (ConfUtils.java:logFallback(53)) - raft.server.rpc.first-election.timeout.min = 5s (fallback to raft.server.rpc.timeout.min)
2024-02-27 21:36:43,590 [9eee0c4a-241f-4a15-bff1-0522a907ac9b-groupManagement] INFO  util.JmxRegister (JmxRegister.java:tryRegister(44)) - Successfully registered JMX Bean with object name Ratis:service=RaftServer,group=group-816BF9C79CC5,id=9eee0c4a-241f-4a15-bff1-0522a907ac9b
2024-02-27 21:36:43,590 [9eee0c4a-241f-4a15-bff1-0522a907ac9b@group-816BF9C79CC5-FollowerState] INFO  server.RaftServerConfigKeys (ConfUtils.java:logFallback(53)) - raft.server.rpc.first-election.timeout.max = 5200ms (fallback to raft.server.rpc.timeout.max)
2024-02-27 21:36:43,590 [9eee0c4a-241f-4a15-bff1-0522a907ac9b-groupManagement] INFO  server.RaftServerConfigKeys (ConfUtils.java:logGet(46)) - raft.server.snapshot.trigger-when-stop.enabled = true (default)
2024-02-27 21:36:43,590 [9eee0c4a-241f-4a15-bff1-0522a907ac9b-groupManagement] INFO  server.RaftServerConfigKeys (ConfUtils.java:logGet(46)) - raft.server.snapshot.auto.trigger.enabled = true (custom)
2024-02-27 21:36:43,590 [9eee0c4a-241f-4a15-bff1-0522a907ac9b-groupManagement] INFO  server.RaftServerConfigKeys (ConfUtils.java:logGet(46)) - raft.server.snapshot.auto.trigger.threshold = 10000 (custom)
2024-02-27 21:36:43,590 [9eee0c4a-241f-4a15-bff1-0522a907ac9b-groupManagement] INFO  server.RaftServerConfigKeys (ConfUtils.java:logGet(46)) - raft.server.snapshot.retention.file.num = 5 (custom)
2024-02-27 21:36:43,590 [9eee0c4a-241f-4a15-bff1-0522a907ac9b-groupManagement] INFO  server.RaftServerConfigKeys (ConfUtils.java:logGet(46)) - raft.server.log.purge.upto.snapshot.index = false (default)
2024-02-27 21:36:43,592 [9eee0c4a-241f-4a15-bff1-0522a907ac9b-PipelineCommandHandlerThread-0] INFO  ratis.XceiverServerRatis (XceiverServerRatis.java:addGroup(864)) - Created group PipelineID=35114e68-a185-4aa3-ba48-816bf9c79cc5
2024-02-27 21:36:43,677 [33496502-95c3-4a2e-b72a-a08a7037350f-PipelineCommandHandlerThread-0] INFO  server.RaftServer (RaftServerProxy.java:addNew(100)) - 33496502-95c3-4a2e-b72a-a08a7037350f: addNew group-0351F16EC234:[33496502-95c3-4a2e-b72a-a08a7037350f|10.1.0.18:15041] returns group-0351F16EC234:java.util.concurrent.CompletableFuture@36ca0457[Not completed]
2024-02-27 21:36:43,679 [33496502-95c3-4a2e-b72a-a08a7037350f-groupManagement] INFO  server.RaftServer$Division (RaftServerImpl.java:<init>(256)) - 33496502-95c3-4a2e-b72a-a08a7037350f: new RaftServerImpl for group-0351F16EC234:[33496502-95c3-4a2e-b72a-a08a7037350f|10.1.0.18:15041] with ContainerStateMachine:uninitialized
2024-02-27 21:36:43,680 [33496502-95c3-4a2e-b72a-a08a7037350f-groupManagement] INFO  server.RaftServerConfigKeys (ConfUtils.java:logGet(46)) - raft.server.rpc.timeout.min = 5s (custom)
2024-02-27 21:36:43,680 [33496502-95c3-4a2e-b72a-a08a7037350f-groupManagement] INFO  server.RaftServerConfigKeys (ConfUtils.java:logGet(46)) - raft.server.rpc.timeout.max = 5200ms (custom)
2024-02-27 21:36:43,680 [33496502-95c3-4a2e-b72a-a08a7037350f-groupManagement] INFO  server.RaftServerConfigKeys (ConfUtils.java:logGet(46)) - raft.server.rpc.sleep.time = 25ms (default)
2024-02-27 21:36:43,681 [33496502-95c3-4a2e-b72a-a08a7037350f-groupManagement] INFO  server.RaftServerConfigKeys (ConfUtils.java:logGet(46)) - raft.server.rpc.slowness.timeout = 300s (custom)
2024-02-27 21:36:43,681 [33496502-95c3-4a2e-b72a-a08a7037350f-groupManagement] INFO  server.RaftServerConfigKeys (ConfUtils.java:logGet(46)) - raft.server.leaderelection.leader.step-down.wait-time = 10s (default)
2024-02-27 21:36:43,681 [33496502-95c3-4a2e-b72a-a08a7037350f-groupManagement] INFO  server.RaftServerConfigKeys (ConfUtils.java:logGet(46)) - raft.server.leaderelection.member.majority-add = false (default)
2024-02-27 21:36:43,682 [33496502-95c3-4a2e-b72a-a08a7037350f-groupManagement] INFO  server.RaftServerConfigKeys (ConfUtils.java:logGet(46)) - raft.server.sleep.deviation.threshold = 300ms (default)
2024-02-27 21:36:43,682 [33496502-95c3-4a2e-b72a-a08a7037350f-groupManagement] INFO  server.RaftServer$Division (ServerState.java:<init>(113)) - 33496502-95c3-4a2e-b72a-a08a7037350f@group-0351F16EC234: ConfigurationManager, init=-1: peers:[33496502-95c3-4a2e-b72a-a08a7037350f|10.1.0.18:15041]|listeners:[], old=null, confs=<EMPTY_MAP>
2024-02-27 21:36:43,683 [33496502-95c3-4a2e-b72a-a08a7037350f-groupManagement] INFO  server.RaftServerConfigKeys (ConfUtils.java:logGet(46)) - raft.server.notification.no-leader.timeout = 300s (custom)
2024-02-27 21:36:43,683 [33496502-95c3-4a2e-b72a-a08a7037350f-groupManagement] INFO  server.RaftServerConfigKeys (ConfUtils.java:logGet(46)) - raft.server.read.timeout = 10s (default)
2024-02-27 21:36:43,683 [33496502-95c3-4a2e-b72a-a08a7037350f-groupManagement] INFO  server.RaftServerConfigKeys (ConfUtils.java:logGet(46)) - raft.server.retrycache.expirytime = 600000ms (custom)
2024-02-27 21:36:43,684 [33496502-95c3-4a2e-b72a-a08a7037350f-groupManagement] INFO  server.RaftServerConfigKeys (ConfUtils.java:logGet(46)) - raft.server.retrycache.statistics.expirytime = 100ms (default)
2024-02-27 21:36:43,684 [33496502-95c3-4a2e-b72a-a08a7037350f-groupManagement] INFO  server.RaftServerConfigKeys (ConfUtils.java:logGet(46)) - raft.server.read.option = DEFAULT (default)
2024-02-27 21:36:43,684 [33496502-95c3-4a2e-b72a-a08a7037350f-groupManagement] INFO  server.RaftServerConfigKeys (ConfUtils.java:logGet(46)) - raft.server.read.read-after-write-consistent.write-index-cache.expiry-time = 60s (default)
2024-02-27 21:36:43,690 [33496502-95c3-4a2e-b72a-a08a7037350f-groupManagement] INFO  server.RaftServerConfigKeys (ConfUtils.java:logGet(46)) - raft.server.rpc.request.timeout = 60s (custom)
2024-02-27 21:36:43,690 [33496502-95c3-4a2e-b72a-a08a7037350f-groupManagement] INFO  server.RaftServerConfigKeys (ConfUtils.java:logGet(46)) - raft.server.log.appender.install.snapshot.enabled = false (custom)
2024-02-27 21:36:43,690 [33496502-95c3-4a2e-b72a-a08a7037350f-groupManagement] INFO  server.RaftServerConfigKeys (ConfUtils.java:logGet(46)) - raft.server.threadpool.server.cached = true (default)
2024-02-27 21:36:43,690 [33496502-95c3-4a2e-b72a-a08a7037350f-groupManagement] INFO  server.RaftServerConfigKeys (ConfUtils.java:logGet(46)) - raft.server.threadpool.server.size = 0 (default)
2024-02-27 21:36:43,690 [33496502-95c3-4a2e-b72a-a08a7037350f-groupManagement] INFO  server.RaftServerConfigKeys (ConfUtils.java:logGet(46)) - raft.server.threadpool.client.cached = true (default)
2024-02-27 21:36:43,690 [33496502-95c3-4a2e-b72a-a08a7037350f-groupManagement] INFO  server.RaftServerConfigKeys (ConfUtils.java:logGet(46)) - raft.server.threadpool.client.size = 0 (default)
2024-02-27 21:36:43,690 [33496502-95c3-4a2e-b72a-a08a7037350f-groupManagement] INFO  server.RaftServerConfigKeys (ConfUtils.java:logGet(46)) - raft.server.storage.free-space.min = 0MB (=0) (default)
2024-02-27 21:36:43,690 [33496502-95c3-4a2e-b72a-a08a7037350f-groupManagement] INFO  server.RaftServerConfigKeys (ConfUtils.java:logGet(46)) - raft.server.log.corruption.policy = EXCEPTION (default)
2024-02-27 21:36:43,690 [33496502-95c3-4a2e-b72a-a08a7037350f-groupManagement] INFO  server.RaftServerConfigKeys (ConfUtils.java:logGet(46)) - raft.server.storage.dir = [/home/runner/work/ozone/ozone/hadoop-ozone/integration-test/target/test-dir/MiniOzoneClusterImpl-377bd28b-19ec-4c3d-8af6-29a7f1113b2b/ozone-meta/datanode-4/ratis] (custom)
2024-02-27 21:36:43,691 [33496502-95c3-4a2e-b72a-a08a7037350f-groupManagement] INFO  storage.RaftStorageDirectory (RaftStorageDirectoryImpl.java:analyzeStorage(138)) - The storage directory /home/runner/work/ozone/ozone/hadoop-ozone/integration-test/target/test-dir/MiniOzoneClusterImpl-377bd28b-19ec-4c3d-8af6-29a7f1113b2b/ozone-meta/datanode-4/ratis/b33a1e73-18b2-4851-a719-0351f16ec234 does not exist. Creating ...
2024-02-27 21:36:43,693 [33496502-95c3-4a2e-b72a-a08a7037350f-groupManagement] INFO  storage.RaftStorageDirectory (RaftStorageDirectoryImpl.java:tryLock(228)) - Lock on /home/runner/work/ozone/ozone/hadoop-ozone/integration-test/target/test-dir/MiniOzoneClusterImpl-377bd28b-19ec-4c3d-8af6-29a7f1113b2b/ozone-meta/datanode-4/ratis/b33a1e73-18b2-4851-a719-0351f16ec234/in_use.lock acquired by nodename 32143@fv-az531-651
2024-02-27 21:36:43,695 [33496502-95c3-4a2e-b72a-a08a7037350f-groupManagement] INFO  storage.RaftStorage (RaftStorageImpl.java:format(99)) - Storage directory /home/runner/work/ozone/ozone/hadoop-ozone/integration-test/target/test-dir/MiniOzoneClusterImpl-377bd28b-19ec-4c3d-8af6-29a7f1113b2b/ozone-meta/datanode-4/ratis/b33a1e73-18b2-4851-a719-0351f16ec234 has been successfully formatted.
2024-02-27 21:36:43,695 [33496502-95c3-4a2e-b72a-a08a7037350f-groupManagement] WARN  util.FileUtils (LogUtils.java:supplyAndLog(63)) - Failed to Files.newInputStream /home/runner/work/ozone/ozone/hadoop-ozone/integration-test/target/test-dir/MiniOzoneClusterImpl-377bd28b-19ec-4c3d-8af6-29a7f1113b2b/ozone-meta/datanode-4/ratis/b33a1e73-18b2-4851-a719-0351f16ec234/current/raft-meta.conf with options []: java.nio.file.NoSuchFileException: /home/runner/work/ozone/ozone/hadoop-ozone/integration-test/target/test-dir/MiniOzoneClusterImpl-377bd28b-19ec-4c3d-8af6-29a7f1113b2b/ozone-meta/datanode-4/ratis/b33a1e73-18b2-4851-a719-0351f16ec234/current/raft-meta.conf
2024-02-27 21:36:43,696 [33496502-95c3-4a2e-b72a-a08a7037350f-groupManagement] INFO  ratis.ContainerStateMachine (ContainerStateMachine.java:loadSnapshot(287)) - group-0351F16EC234: The snapshot info is null. Setting the last applied index to:(t:0, i:~)
2024-02-27 21:36:43,696 [33496502-95c3-4a2e-b72a-a08a7037350f-groupManagement] INFO  server.RaftServerConfigKeys (ConfUtils.java:logGet(46)) - raft.server.log.use.memory = false (default)
2024-02-27 21:36:43,696 [33496502-95c3-4a2e-b72a-a08a7037350f-groupManagement] INFO  server.RaftServerConfigKeys (ConfUtils.java:logGet(46)) - raft.server.log.purge.gap = 1000000 (custom)
2024-02-27 21:36:43,697 [33496502-95c3-4a2e-b72a-a08a7037350f-groupManagement] INFO  server.RaftServerConfigKeys (ConfUtils.java:logGet(46)) - raft.server.log.appender.buffer.byte-limit = 8388608 (custom)
2024-02-27 21:36:43,697 [33496502-95c3-4a2e-b72a-a08a7037350f-groupManagement] INFO  server.RaftServerConfigKeys (ConfUtils.java:logGet(46)) - raft.server.log.statemachine.data.read.timeout = 1000ms (default)
2024-02-27 21:36:43,697 [33496502-95c3-4a2e-b72a-a08a7037350f-groupManagement] INFO  server.RaftServerConfigKeys (ConfUtils.java:logGet(46)) - raft.server.log.purge.preservation.log.num = 0 (default)
2024-02-27 21:36:43,699 [33496502-95c3-4a2e-b72a-a08a7037350f-groupManagement] INFO  server.RaftServerConfigKeys (ConfUtils.java:logGet(46)) - raft.server.log.segment.size.max = 67108864 (custom)
2024-02-27 21:36:43,699 [33496502-95c3-4a2e-b72a-a08a7037350f-groupManagement] INFO  server.RaftServerConfigKeys (ConfUtils.java:logGet(46)) - raft.server.log.segment.cache.num.max = 2 (custom)
2024-02-27 21:36:43,700 [33496502-95c3-4a2e-b72a-a08a7037350f-groupManagement] INFO  server.RaftServerConfigKeys (ConfUtils.java:logGet(46)) - raft.server.log.segment.cache.size.max = 200MB (=209715200) (default)
2024-02-27 21:36:43,700 [33496502-95c3-4a2e-b72a-a08a7037350f-groupManagement] INFO  server.RaftServerConfigKeys (ConfUtils.java:logGet(46)) - raft.server.log.appender.buffer.byte-limit = 8388608 (custom)
2024-02-27 21:36:43,706 [33496502-95c3-4a2e-b72a-a08a7037350f-groupManagement] INFO  util.AwaitToRun (AwaitToRun.java:start(81)) - Thread[33496502-95c3-4a2e-b72a-a08a7037350f@group-0351F16EC234-cacheEviction-AwaitToRun,5,main] started
2024-02-27 21:36:43,709 [33496502-95c3-4a2e-b72a-a08a7037350f-groupManagement] INFO  segmented.SegmentedRaftLogWorker (SegmentedRaftLogWorker.java:<init>(182)) - new 33496502-95c3-4a2e-b72a-a08a7037350f@group-0351F16EC234-SegmentedRaftLogWorker for RaftStorageImpl:Storage Directory /home/runner/work/ozone/ozone/hadoop-ozone/integration-test/target/test-dir/MiniOzoneClusterImpl-377bd28b-19ec-4c3d-8af6-29a7f1113b2b/ozone-meta/datanode-4/ratis/b33a1e73-18b2-4851-a719-0351f16ec234
2024-02-27 21:36:43,709 [33496502-95c3-4a2e-b72a-a08a7037350f-groupManagement] INFO  server.RaftServerConfigKeys (ConfUtils.java:logGet(46)) - raft.server.log.queue.byte-limit = 4294967296 (custom)
2024-02-27 21:36:43,710 [33496502-95c3-4a2e-b72a-a08a7037350f-groupManagement] INFO  server.RaftServerConfigKeys (ConfUtils.java:logGet(46)) - raft.server.log.queue.element-limit = 1024 (custom)
2024-02-27 21:36:43,710 [33496502-95c3-4a2e-b72a-a08a7037350f-groupManagement] INFO  server.RaftServerConfigKeys (ConfUtils.java:logGet(46)) - raft.server.log.segment.size.max = 67108864 (custom)
2024-02-27 21:36:43,710 [33496502-95c3-4a2e-b72a-a08a7037350f-groupManagement] INFO  server.RaftServerConfigKeys (ConfUtils.java:logGet(46)) - raft.server.log.preallocated.size = 4194304 (custom)
2024-02-27 21:36:43,711 [33496502-95c3-4a2e-b72a-a08a7037350f-groupManagement] INFO  server.RaftServerConfigKeys (ConfUtils.java:logGet(46)) - raft.server.log.force.sync.num = 128 (default)
2024-02-27 21:36:43,711 [33496502-95c3-4a2e-b72a-a08a7037350f-groupManagement] INFO  server.RaftServerConfigKeys (ConfUtils.java:logGet(46)) - raft.server.log.statemachine.data.sync = true (default)
2024-02-27 21:36:43,711 [33496502-95c3-4a2e-b72a-a08a7037350f-groupManagement] INFO  server.RaftServerConfigKeys (ConfUtils.java:logGet(46)) - raft.server.log.statemachine.data.sync.timeout = 10s (default)
2024-02-27 21:36:43,712 [33496502-95c3-4a2e-b72a-a08a7037350f-groupManagement] INFO  server.RaftServerConfigKeys (ConfUtils.java:logGet(46)) - raft.server.log.statemachine.data.sync.timeout.retry = 0 (custom)
2024-02-27 21:36:43,714 [33496502-95c3-4a2e-b72a-a08a7037350f-groupManagement] INFO  server.RaftServerConfigKeys (ConfUtils.java:logGet(46)) - raft.server.log.write.buffer.size = 8388616 (custom)
2024-02-27 21:36:43,716 [33496502-95c3-4a2e-b72a-a08a7037350f-groupManagement] INFO  server.RaftServerConfigKeys (ConfUtils.java:logGet(46)) - raft.server.log.appender.buffer.byte-limit = 8388608 (custom)
2024-02-27 21:36:43,716 [33496502-95c3-4a2e-b72a-a08a7037350f-groupManagement] INFO  server.RaftServerConfigKeys (ConfUtils.java:logGet(46)) - raft.server.log.unsafe-flush.enabled = false (default)
2024-02-27 21:36:43,716 [33496502-95c3-4a2e-b72a-a08a7037350f-groupManagement] INFO  server.RaftServerConfigKeys (ConfUtils.java:logGet(46)) - raft.server.log.async-flush.enabled = false (default)
2024-02-27 21:36:43,716 [33496502-95c3-4a2e-b72a-a08a7037350f-groupManagement] INFO  server.RaftServerConfigKeys (ConfUtils.java:logGet(46)) - raft.server.log.statemachine.data.caching.enabled = true (custom)
2024-02-27 21:36:43,716 [EventQueue-PipelineReportForPipelineReportHandler] INFO  pipeline.PipelineReportHandler (PipelineReportHandler.java:processPipelineReport(136)) - Opened pipeline PipelineID=b33a1e73-18b2-4851-a719-0351f16ec234
2024-02-27 21:36:43,716 [33496502-95c3-4a2e-b72a-a08a7037350f-groupManagement] INFO  segmented.SegmentedRaftLogWorker (SegmentedRaftLogWorker.java:lambda$new$0(134)) - 33496502-95c3-4a2e-b72a-a08a7037350f@group-0351F16EC234-SegmentedRaftLogWorker: flushIndex: setUnconditionally 0 -> -1
2024-02-27 21:36:43,720 [EventQueue-OpenPipelineForHealthyPipelineSafeModeRule] INFO  safemode.SCMSafeModeManager (HealthyPipelineSafeModeRule.java:process(140)) - SCM in safe mode. Healthy pipelines reported count is 0, required healthy pipeline reported count is 1
2024-02-27 21:36:43,720 [33496502-95c3-4a2e-b72a-a08a7037350f-groupManagement] INFO  segmented.SegmentedRaftLogWorker (SegmentedRaftLogWorker.java:lambda$new$0(134)) - 33496502-95c3-4a2e-b72a-a08a7037350f@group-0351F16EC234-SegmentedRaftLogWorker: safeCacheEvictIndex: setUnconditionally 0 -> -1
2024-02-27 21:36:43,721 [33496502-95c3-4a2e-b72a-a08a7037350f-groupManagement] INFO  server.RaftServer$Division (RaftServerImpl.java:start(396)) - 33496502-95c3-4a2e-b72a-a08a7037350f@group-0351F16EC234: start as a follower, conf=-1: peers:[33496502-95c3-4a2e-b72a-a08a7037350f|10.1.0.18:15041]|listeners:[], old=null
2024-02-27 21:36:43,721 [33496502-95c3-4a2e-b72a-a08a7037350f-groupManagement] INFO  server.RaftServer$Division (RaftServerImpl.java:setRole(383)) - 33496502-95c3-4a2e-b72a-a08a7037350f@group-0351F16EC234: changes role from      null to FOLLOWER at term 0 for startAsFollower
2024-02-27 21:36:43,721 [33496502-95c3-4a2e-b72a-a08a7037350f-groupManagement] INFO  impl.RoleInfo (RoleInfo.java:updateAndGet(139)) - 33496502-95c3-4a2e-b72a-a08a7037350f: start 33496502-95c3-4a2e-b72a-a08a7037350f@group-0351F16EC234-FollowerState
2024-02-27 21:36:43,721 [33496502-95c3-4a2e-b72a-a08a7037350f@group-0351F16EC234-FollowerState] INFO  server.RaftServerConfigKeys (ConfUtils.java:logFallback(53)) - raft.server.rpc.first-election.timeout.min = 5s (fallback to raft.server.rpc.timeout.min)
2024-02-27 21:36:43,721 [33496502-95c3-4a2e-b72a-a08a7037350f-groupManagement] INFO  util.JmxRegister (JmxRegister.java:tryRegister(44)) - Successfully registered JMX Bean with object name Ratis:service=RaftServer,group=group-0351F16EC234,id=33496502-95c3-4a2e-b72a-a08a7037350f
2024-02-27 21:36:43,722 [33496502-95c3-4a2e-b72a-a08a7037350f@group-0351F16EC234-FollowerState] INFO  server.RaftServerConfigKeys (ConfUtils.java:logFallback(53)) - raft.server.rpc.first-election.timeout.max = 5200ms (fallback to raft.server.rpc.timeout.max)
2024-02-27 21:36:43,722 [33496502-95c3-4a2e-b72a-a08a7037350f-groupManagement] INFO  server.RaftServerConfigKeys (ConfUtils.java:logGet(46)) - raft.server.snapshot.trigger-when-stop.enabled = true (default)
2024-02-27 21:36:43,722 [33496502-95c3-4a2e-b72a-a08a7037350f-groupManagement] INFO  server.RaftServerConfigKeys (ConfUtils.java:logGet(46)) - raft.server.snapshot.auto.trigger.enabled = true (custom)
2024-02-27 21:36:43,722 [33496502-95c3-4a2e-b72a-a08a7037350f-groupManagement] INFO  server.RaftServerConfigKeys (ConfUtils.java:logGet(46)) - raft.server.snapshot.auto.trigger.threshold = 10000 (custom)
2024-02-27 21:36:43,722 [33496502-95c3-4a2e-b72a-a08a7037350f-groupManagement] INFO  server.RaftServerConfigKeys (ConfUtils.java:logGet(46)) - raft.server.snapshot.retention.file.num = 5 (custom)
2024-02-27 21:36:43,722 [33496502-95c3-4a2e-b72a-a08a7037350f-groupManagement] INFO  server.RaftServerConfigKeys (ConfUtils.java:logGet(46)) - raft.server.log.purge.upto.snapshot.index = false (default)
2024-02-27 21:36:43,723 [33496502-95c3-4a2e-b72a-a08a7037350f-PipelineCommandHandlerThread-0] INFO  ratis.XceiverServerRatis (XceiverServerRatis.java:addGroup(864)) - Created group PipelineID=b33a1e73-18b2-4851-a719-0351f16ec234
2024-02-27 21:36:43,723 [33496502-95c3-4a2e-b72a-a08a7037350f-PipelineCommandHandlerThread-0] INFO  commandhandler.CreatePipelineCommandHandler (CreatePipelineCommandHandler.java:lambda$handle$2(124)) - Created Pipeline RATIS ONE PipelineID=b33a1e73-18b2-4851-a719-0351f16ec234.
2024-02-27 21:36:43,723 [33496502-95c3-4a2e-b72a-a08a7037350f-PipelineCommandHandlerThread-0] INFO  server.RaftServer (RaftServerProxy.java:addNew(100)) - 33496502-95c3-4a2e-b72a-a08a7037350f: addNew group-5E707275756C:[99aab7c0-d213-4f2c-9146-fe97bea2462a|10.1.0.18:15050, d3d377a3-85e1-46ad-98d9-a3196f7db815|10.1.0.18:15059, 33496502-95c3-4a2e-b72a-a08a7037350f|10.1.0.18:15041] returns group-5E707275756C:java.util.concurrent.CompletableFuture@32f59656[Not completed]
2024-02-27 21:36:43,724 [33496502-95c3-4a2e-b72a-a08a7037350f-groupManagement] INFO  server.RaftServer$Division (RaftServerImpl.java:<init>(256)) - 33496502-95c3-4a2e-b72a-a08a7037350f: new RaftServerImpl for group-5E707275756C:[99aab7c0-d213-4f2c-9146-fe97bea2462a|10.1.0.18:15050, d3d377a3-85e1-46ad-98d9-a3196f7db815|10.1.0.18:15059, 33496502-95c3-4a2e-b72a-a08a7037350f|10.1.0.18:15041] with ContainerStateMachine:uninitialized
2024-02-27 21:36:43,724 [33496502-95c3-4a2e-b72a-a08a7037350f-groupManagement] INFO  server.RaftServerConfigKeys (ConfUtils.java:logGet(46)) - raft.server.rpc.timeout.min = 5s (custom)
2024-02-27 21:36:43,724 [33496502-95c3-4a2e-b72a-a08a7037350f-groupManagement] INFO  server.RaftServerConfigKeys (ConfUtils.java:logGet(46)) - raft.server.rpc.timeout.max = 5200ms (custom)
2024-02-27 21:36:43,724 [33496502-95c3-4a2e-b72a-a08a7037350f-groupManagement] INFO  server.RaftServerConfigKeys (ConfUtils.java:logGet(46)) - raft.server.rpc.sleep.time = 25ms (default)
2024-02-27 21:36:43,724 [33496502-95c3-4a2e-b72a-a08a7037350f-groupManagement] INFO  server.RaftServerConfigKeys (ConfUtils.java:logGet(46)) - raft.server.rpc.slowness.timeout = 300s (custom)
2024-02-27 21:36:43,724 [33496502-95c3-4a2e-b72a-a08a7037350f-groupManagement] INFO  server.RaftServerConfigKeys (ConfUtils.java:logGet(46)) - raft.server.leaderelection.leader.step-down.wait-time = 10s (default)
2024-02-27 21:36:43,724 [33496502-95c3-4a2e-b72a-a08a7037350f-groupManagement] INFO  server.RaftServerConfigKeys (ConfUtils.java:logGet(46)) - raft.server.leaderelection.member.majority-add = false (default)
2024-02-27 21:36:43,724 [33496502-95c3-4a2e-b72a-a08a7037350f-groupManagement] INFO  server.RaftServerConfigKeys (ConfUtils.java:logGet(46)) - raft.server.sleep.deviation.threshold = 300ms (default)
2024-02-27 21:36:43,724 [33496502-95c3-4a2e-b72a-a08a7037350f-groupManagement] INFO  server.RaftServer$Division (ServerState.java:<init>(113)) - 33496502-95c3-4a2e-b72a-a08a7037350f@group-5E707275756C: ConfigurationManager, init=-1: peers:[99aab7c0-d213-4f2c-9146-fe97bea2462a|10.1.0.18:15050, d3d377a3-85e1-46ad-98d9-a3196f7db815|10.1.0.18:15059, 33496502-95c3-4a2e-b72a-a08a7037350f|10.1.0.18:15041]|listeners:[], old=null, confs=<EMPTY_MAP>
2024-02-27 21:36:43,725 [33496502-95c3-4a2e-b72a-a08a7037350f-groupManagement] INFO  server.RaftServerConfigKeys (ConfUtils.java:logGet(46)) - raft.server.notification.no-leader.timeout = 300s (custom)
2024-02-27 21:36:43,725 [33496502-95c3-4a2e-b72a-a08a7037350f-groupManagement] INFO  server.RaftServerConfigKeys (ConfUtils.java:logGet(46)) - raft.server.read.timeout = 10s (default)
2024-02-27 21:36:43,725 [33496502-95c3-4a2e-b72a-a08a7037350f-groupManagement] INFO  server.RaftServerConfigKeys (ConfUtils.java:logGet(46)) - raft.server.retrycache.expirytime = 600000ms (custom)
2024-02-27 21:36:43,725 [33496502-95c3-4a2e-b72a-a08a7037350f-groupManagement] INFO  server.RaftServerConfigKeys (ConfUtils.java:logGet(46)) - raft.server.retrycache.statistics.expirytime = 100ms (default)
2024-02-27 21:36:43,725 [33496502-95c3-4a2e-b72a-a08a7037350f-groupManagement] INFO  server.RaftServerConfigKeys (ConfUtils.java:logGet(46)) - raft.server.read.option = DEFAULT (default)
2024-02-27 21:36:43,725 [33496502-95c3-4a2e-b72a-a08a7037350f-groupManagement] INFO  server.RaftServerConfigKeys (ConfUtils.java:logGet(46)) - raft.server.read.read-after-write-consistent.write-index-cache.expiry-time = 60s (default)
2024-02-27 21:36:43,728 [33496502-95c3-4a2e-b72a-a08a7037350f-groupManagement] INFO  server.RaftServerConfigKeys (ConfUtils.java:logGet(46)) - raft.server.rpc.request.timeout = 60s (custom)
2024-02-27 21:36:43,728 [33496502-95c3-4a2e-b72a-a08a7037350f-groupManagement] INFO  server.RaftServerConfigKeys (ConfUtils.java:logGet(46)) - raft.server.log.appender.install.snapshot.enabled = false (custom)
2024-02-27 21:36:43,729 [33496502-95c3-4a2e-b72a-a08a7037350f-groupManagement] INFO  server.RaftServerConfigKeys (ConfUtils.java:logGet(46)) - raft.server.threadpool.server.cached = true (default)
2024-02-27 21:36:43,729 [33496502-95c3-4a2e-b72a-a08a7037350f-groupManagement] INFO  server.RaftServerConfigKeys (ConfUtils.java:logGet(46)) - raft.server.threadpool.server.size = 0 (default)
2024-02-27 21:36:43,729 [33496502-95c3-4a2e-b72a-a08a7037350f-groupManagement] INFO  server.RaftServerConfigKeys (ConfUtils.java:logGet(46)) - raft.server.threadpool.client.cached = true (default)
2024-02-27 21:36:43,729 [33496502-95c3-4a2e-b72a-a08a7037350f-groupManagement] INFO  server.RaftServerConfigKeys (ConfUtils.java:logGet(46)) - raft.server.threadpool.client.size = 0 (default)
2024-02-27 21:36:43,729 [33496502-95c3-4a2e-b72a-a08a7037350f-groupManagement] INFO  server.RaftServerConfigKeys (ConfUtils.java:logGet(46)) - raft.server.storage.free-space.min = 0MB (=0) (default)
2024-02-27 21:36:43,729 [33496502-95c3-4a2e-b72a-a08a7037350f-groupManagement] INFO  server.RaftServerConfigKeys (ConfUtils.java:logGet(46)) - raft.server.log.corruption.policy = EXCEPTION (default)
2024-02-27 21:36:43,729 [33496502-95c3-4a2e-b72a-a08a7037350f-groupManagement] INFO  server.RaftServerConfigKeys (ConfUtils.java:logGet(46)) - raft.server.storage.dir = [/home/runner/work/ozone/ozone/hadoop-ozone/integration-test/target/test-dir/MiniOzoneClusterImpl-377bd28b-19ec-4c3d-8af6-29a7f1113b2b/ozone-meta/datanode-4/ratis] (custom)
2024-02-27 21:36:43,729 [33496502-95c3-4a2e-b72a-a08a7037350f-groupManagement] INFO  storage.RaftStorageDirectory (RaftStorageDirectoryImpl.java:analyzeStorage(138)) - The storage directory /home/runner/work/ozone/ozone/hadoop-ozone/integration-test/target/test-dir/MiniOzoneClusterImpl-377bd28b-19ec-4c3d-8af6-29a7f1113b2b/ozone-meta/datanode-4/ratis/05e9f429-bd2a-4387-ae0a-5e707275756c does not exist. Creating ...
2024-02-27 21:36:43,730 [33496502-95c3-4a2e-b72a-a08a7037350f-groupManagement] INFO  storage.RaftStorageDirectory (RaftStorageDirectoryImpl.java:tryLock(228)) - Lock on /home/runner/work/ozone/ozone/hadoop-ozone/integration-test/target/test-dir/MiniOzoneClusterImpl-377bd28b-19ec-4c3d-8af6-29a7f1113b2b/ozone-meta/datanode-4/ratis/05e9f429-bd2a-4387-ae0a-5e707275756c/in_use.lock acquired by nodename 32143@fv-az531-651
2024-02-27 21:36:43,731 [33496502-95c3-4a2e-b72a-a08a7037350f-groupManagement] INFO  storage.RaftStorage (RaftStorageImpl.java:format(99)) - Storage directory /home/runner/work/ozone/ozone/hadoop-ozone/integration-test/target/test-dir/MiniOzoneClusterImpl-377bd28b-19ec-4c3d-8af6-29a7f1113b2b/ozone-meta/datanode-4/ratis/05e9f429-bd2a-4387-ae0a-5e707275756c has been successfully formatted.
2024-02-27 21:36:43,732 [33496502-95c3-4a2e-b72a-a08a7037350f-groupManagement] WARN  util.FileUtils (LogUtils.java:supplyAndLog(63)) - Failed to Files.newInputStream /home/runner/work/ozone/ozone/hadoop-ozone/integration-test/target/test-dir/MiniOzoneClusterImpl-377bd28b-19ec-4c3d-8af6-29a7f1113b2b/ozone-meta/datanode-4/ratis/05e9f429-bd2a-4387-ae0a-5e707275756c/current/raft-meta.conf with options []: java.nio.file.NoSuchFileException: /home/runner/work/ozone/ozone/hadoop-ozone/integration-test/target/test-dir/MiniOzoneClusterImpl-377bd28b-19ec-4c3d-8af6-29a7f1113b2b/ozone-meta/datanode-4/ratis/05e9f429-bd2a-4387-ae0a-5e707275756c/current/raft-meta.conf
2024-02-27 21:36:43,732 [33496502-95c3-4a2e-b72a-a08a7037350f-groupManagement] INFO  ratis.ContainerStateMachine (ContainerStateMachine.java:loadSnapshot(287)) - group-5E707275756C: The snapshot info is null. Setting the last applied index to:(t:0, i:~)
2024-02-27 21:36:43,736 [EventQueue-OpenPipelineForHealthyPipelineSafeModeRule] INFO  safemode.SCMSafeModeManager (HealthyPipelineSafeModeRule.java:process(140)) - SCM in safe mode. Healthy pipelines reported count is 0, required healthy pipeline reported count is 1
2024-02-27 21:36:43,740 [33496502-95c3-4a2e-b72a-a08a7037350f-groupManagement] INFO  server.RaftServerConfigKeys (ConfUtils.java:logGet(46)) - raft.server.log.use.memory = false (default)
2024-02-27 21:36:43,740 [33496502-95c3-4a2e-b72a-a08a7037350f-groupManagement] INFO  server.RaftServerConfigKeys (ConfUtils.java:logGet(46)) - raft.server.log.purge.gap = 1000000 (custom)
2024-02-27 21:36:43,741 [33496502-95c3-4a2e-b72a-a08a7037350f-groupManagement] INFO  server.RaftServerConfigKeys (ConfUtils.java:logGet(46)) - raft.server.log.appender.buffer.byte-limit = 8388608 (custom)
2024-02-27 21:36:43,741 [33496502-95c3-4a2e-b72a-a08a7037350f-groupManagement] INFO  server.RaftServerConfigKeys (ConfUtils.java:logGet(46)) - raft.server.log.statemachine.data.read.timeout = 1000ms (default)
2024-02-27 21:36:43,741 [33496502-95c3-4a2e-b72a-a08a7037350f-groupManagement] INFO  server.RaftServerConfigKeys (ConfUtils.java:logGet(46)) - raft.server.log.purge.preservation.log.num = 0 (default)
2024-02-27 21:36:43,767 [33496502-95c3-4a2e-b72a-a08a7037350f-groupManagement] INFO  server.RaftServerConfigKeys (ConfUtils.java:logGet(46)) - raft.server.log.segment.size.max = 67108864 (custom)
2024-02-27 21:36:43,767 [33496502-95c3-4a2e-b72a-a08a7037350f-groupManagement] INFO  server.RaftServerConfigKeys (ConfUtils.java:logGet(46)) - raft.server.log.segment.cache.num.max = 2 (custom)
2024-02-27 21:36:43,767 [33496502-95c3-4a2e-b72a-a08a7037350f-groupManagement] INFO  server.RaftServerConfigKeys (ConfUtils.java:logGet(46)) - raft.server.log.segment.cache.size.max = 200MB (=209715200) (default)
2024-02-27 21:36:43,767 [33496502-95c3-4a2e-b72a-a08a7037350f-groupManagement] INFO  server.RaftServerConfigKeys (ConfUtils.java:logGet(46)) - raft.server.log.appender.buffer.byte-limit = 8388608 (custom)
2024-02-27 21:36:43,771 [33496502-95c3-4a2e-b72a-a08a7037350f-groupManagement] INFO  util.AwaitToRun (AwaitToRun.java:start(81)) - Thread[33496502-95c3-4a2e-b72a-a08a7037350f@group-5E707275756C-cacheEviction-AwaitToRun,5,main] started
2024-02-27 21:36:43,771 [33496502-95c3-4a2e-b72a-a08a7037350f-groupManagement] INFO  segmented.SegmentedRaftLogWorker (SegmentedRaftLogWorker.java:<init>(182)) - new 33496502-95c3-4a2e-b72a-a08a7037350f@group-5E707275756C-SegmentedRaftLogWorker for RaftStorageImpl:Storage Directory /home/runner/work/ozone/ozone/hadoop-ozone/integration-test/target/test-dir/MiniOzoneClusterImpl-377bd28b-19ec-4c3d-8af6-29a7f1113b2b/ozone-meta/datanode-4/ratis/05e9f429-bd2a-4387-ae0a-5e707275756c
2024-02-27 21:36:43,771 [33496502-95c3-4a2e-b72a-a08a7037350f-groupManagement] INFO  server.RaftServerConfigKeys (ConfUtils.java:logGet(46)) - raft.server.log.queue.byte-limit = 4294967296 (custom)
2024-02-27 21:36:43,771 [33496502-95c3-4a2e-b72a-a08a7037350f-groupManagement] INFO  server.RaftServerConfigKeys (ConfUtils.java:logGet(46)) - raft.server.log.queue.element-limit = 1024 (custom)
2024-02-27 21:36:43,771 [33496502-95c3-4a2e-b72a-a08a7037350f-groupManagement] INFO  server.RaftServerConfigKeys (ConfUtils.java:logGet(46)) - raft.server.log.segment.size.max = 67108864 (custom)
2024-02-27 21:36:43,771 [33496502-95c3-4a2e-b72a-a08a7037350f-groupManagement] INFO  server.RaftServerConfigKeys (ConfUtils.java:logGet(46)) - raft.server.log.preallocated.size = 4194304 (custom)
2024-02-27 21:36:43,772 [33496502-95c3-4a2e-b72a-a08a7037350f-groupManagement] INFO  server.RaftServerConfigKeys (ConfUtils.java:logGet(46)) - raft.server.log.force.sync.num = 128 (default)
2024-02-27 21:36:43,772 [33496502-95c3-4a2e-b72a-a08a7037350f-groupManagement] INFO  server.RaftServerConfigKeys (ConfUtils.java:logGet(46)) - raft.server.log.statemachine.data.sync = true (default)
2024-02-27 21:36:43,772 [33496502-95c3-4a2e-b72a-a08a7037350f-groupManagement] INFO  server.RaftServerConfigKeys (ConfUtils.java:logGet(46)) - raft.server.log.statemachine.data.sync.timeout = 10s (default)
2024-02-27 21:36:43,772 [33496502-95c3-4a2e-b72a-a08a7037350f-groupManagement] INFO  server.RaftServerConfigKeys (ConfUtils.java:logGet(46)) - raft.server.log.statemachine.data.sync.timeout.retry = 0 (custom)
2024-02-27 21:36:43,772 [33496502-95c3-4a2e-b72a-a08a7037350f-groupManagement] INFO  server.RaftServerConfigKeys (ConfUtils.java:logGet(46)) - raft.server.log.write.buffer.size = 8388616 (custom)
2024-02-27 21:36:43,774 [33496502-95c3-4a2e-b72a-a08a7037350f-groupManagement] INFO  server.RaftServerConfigKeys (ConfUtils.java:logGet(46)) - raft.server.log.appender.buffer.byte-limit = 8388608 (custom)
2024-02-27 21:36:43,775 [33496502-95c3-4a2e-b72a-a08a7037350f-groupManagement] INFO  server.RaftServerConfigKeys (ConfUtils.java:logGet(46)) - raft.server.log.unsafe-flush.enabled = false (default)
2024-02-27 21:36:43,775 [33496502-95c3-4a2e-b72a-a08a7037350f-groupManagement] INFO  server.RaftServerConfigKeys (ConfUtils.java:logGet(46)) - raft.server.log.async-flush.enabled = false (default)
2024-02-27 21:36:43,775 [33496502-95c3-4a2e-b72a-a08a7037350f-groupManagement] INFO  server.RaftServerConfigKeys (ConfUtils.java:logGet(46)) - raft.server.log.statemachine.data.caching.enabled = true (custom)
2024-02-27 21:36:43,776 [33496502-95c3-4a2e-b72a-a08a7037350f-groupManagement] INFO  segmented.SegmentedRaftLogWorker (SegmentedRaftLogWorker.java:lambda$new$0(134)) - 33496502-95c3-4a2e-b72a-a08a7037350f@group-5E707275756C-SegmentedRaftLogWorker: flushIndex: setUnconditionally 0 -> -1
2024-02-27 21:36:43,776 [33496502-95c3-4a2e-b72a-a08a7037350f-groupManagement] INFO  segmented.SegmentedRaftLogWorker (SegmentedRaftLogWorker.java:lambda$new$0(134)) - 33496502-95c3-4a2e-b72a-a08a7037350f@group-5E707275756C-SegmentedRaftLogWorker: safeCacheEvictIndex: setUnconditionally 0 -> -1
2024-02-27 21:36:43,779 [33496502-95c3-4a2e-b72a-a08a7037350f-groupManagement] INFO  server.RaftServer$Division (RaftServerImpl.java:start(396)) - 33496502-95c3-4a2e-b72a-a08a7037350f@group-5E707275756C: start as a follower, conf=-1: peers:[99aab7c0-d213-4f2c-9146-fe97bea2462a|10.1.0.18:15050, d3d377a3-85e1-46ad-98d9-a3196f7db815|10.1.0.18:15059, 33496502-95c3-4a2e-b72a-a08a7037350f|10.1.0.18:15041]|listeners:[], old=null
2024-02-27 21:36:43,779 [33496502-95c3-4a2e-b72a-a08a7037350f-groupManagement] INFO  server.RaftServer$Division (RaftServerImpl.java:setRole(383)) - 33496502-95c3-4a2e-b72a-a08a7037350f@group-5E707275756C: changes role from      null to FOLLOWER at term 0 for startAsFollower
2024-02-27 21:36:43,779 [33496502-95c3-4a2e-b72a-a08a7037350f-groupManagement] INFO  impl.RoleInfo (RoleInfo.java:updateAndGet(139)) - 33496502-95c3-4a2e-b72a-a08a7037350f: start 33496502-95c3-4a2e-b72a-a08a7037350f@group-5E707275756C-FollowerState
2024-02-27 21:36:43,782 [33496502-95c3-4a2e-b72a-a08a7037350f-groupManagement] INFO  util.JmxRegister (JmxRegister.java:tryRegister(44)) - Successfully registered JMX Bean with object name Ratis:service=RaftServer,group=group-5E707275756C,id=33496502-95c3-4a2e-b72a-a08a7037350f
2024-02-27 21:36:43,782 [33496502-95c3-4a2e-b72a-a08a7037350f-groupManagement] INFO  server.RaftServerConfigKeys (ConfUtils.java:logGet(46)) - raft.server.snapshot.trigger-when-stop.enabled = true (default)
2024-02-27 21:36:43,783 [33496502-95c3-4a2e-b72a-a08a7037350f-groupManagement] INFO  server.RaftServerConfigKeys (ConfUtils.java:logGet(46)) - raft.server.snapshot.auto.trigger.enabled = true (custom)
2024-02-27 21:36:43,783 [33496502-95c3-4a2e-b72a-a08a7037350f-groupManagement] INFO  server.RaftServerConfigKeys (ConfUtils.java:logGet(46)) - raft.server.snapshot.auto.trigger.threshold = 10000 (custom)
2024-02-27 21:36:43,783 [33496502-95c3-4a2e-b72a-a08a7037350f-groupManagement] INFO  server.RaftServerConfigKeys (ConfUtils.java:logGet(46)) - raft.server.snapshot.retention.file.num = 5 (custom)
2024-02-27 21:36:43,783 [33496502-95c3-4a2e-b72a-a08a7037350f-groupManagement] INFO  server.RaftServerConfigKeys (ConfUtils.java:logGet(46)) - raft.server.log.purge.upto.snapshot.index = false (default)
2024-02-27 21:36:43,787 [33496502-95c3-4a2e-b72a-a08a7037350f@group-5E707275756C-FollowerState] INFO  server.RaftServerConfigKeys (ConfUtils.java:logFallback(53)) - raft.server.rpc.first-election.timeout.min = 5s (fallback to raft.server.rpc.timeout.min)
2024-02-27 21:36:43,787 [33496502-95c3-4a2e-b72a-a08a7037350f@group-5E707275756C-FollowerState] INFO  server.RaftServerConfigKeys (ConfUtils.java:logFallback(53)) - raft.server.rpc.first-election.timeout.max = 5200ms (fallback to raft.server.rpc.timeout.max)
2024-02-27 21:36:43,790 [33496502-95c3-4a2e-b72a-a08a7037350f-PipelineCommandHandlerThread-0] INFO  ratis.XceiverServerRatis (XceiverServerRatis.java:addGroup(864)) - Created group PipelineID=05e9f429-bd2a-4387-ae0a-5e707275756c
2024-02-27 21:36:43,829 [9eee0c4a-241f-4a15-bff1-0522a907ac9b-PipelineCommandHandlerThread-0] INFO  commandhandler.CreatePipelineCommandHandler (CreatePipelineCommandHandler.java:lambda$handle$2(124)) - Created Pipeline RATIS THREE PipelineID=35114e68-a185-4aa3-ba48-816bf9c79cc5.
2024-02-27 21:36:43,829 [grpc-default-executor-1] INFO  server.RaftServer (RaftServerProxy.java:addNew(100)) - d3d377a3-85e1-46ad-98d9-a3196f7db815: addNew group-5E707275756C:[99aab7c0-d213-4f2c-9146-fe97bea2462a|10.1.0.18:15050, d3d377a3-85e1-46ad-98d9-a3196f7db815|10.1.0.18:15059, 33496502-95c3-4a2e-b72a-a08a7037350f|10.1.0.18:15041] returns group-5E707275756C:java.util.concurrent.CompletableFuture@a2e74a[Not completed]
2024-02-27 21:36:43,829 [9eee0c4a-241f-4a15-bff1-0522a907ac9b-PipelineCommandHandlerThread-0] INFO  server.RaftServer (RaftServerProxy.java:addNew(100)) - 9eee0c4a-241f-4a15-bff1-0522a907ac9b: addNew group-5560CD5E8260:[9eee0c4a-241f-4a15-bff1-0522a907ac9b|10.1.0.18:15032, 46ce47ac-a134-4cce-ba10-4493b406f4b0|10.1.0.18:15014, c855f1da-1b31-46a5-a68b-5d36f1d30008|10.1.0.18:15023] returns group-5560CD5E8260:java.util.concurrent.CompletableFuture@42eaaf74[Not completed]
2024-02-27 21:36:43,831 [46ce47ac-a134-4cce-ba10-4493b406f4b0-PipelineCommandHandlerThread-0] INFO  commandhandler.CreatePipelineCommandHandler (CreatePipelineCommandHandler.java:lambda$handle$2(124)) - Created Pipeline RATIS THREE PipelineID=35114e68-a185-4aa3-ba48-816bf9c79cc5.
2024-02-27 21:36:43,831 [c855f1da-1b31-46a5-a68b-5d36f1d30008-PipelineCommandHandlerThread-0] INFO  commandhandler.CreatePipelineCommandHandler (CreatePipelineCommandHandler.java:lambda$handle$2(124)) - Created Pipeline RATIS THREE PipelineID=35114e68-a185-4aa3-ba48-816bf9c79cc5.
2024-02-27 21:36:43,831 [46ce47ac-a134-4cce-ba10-4493b406f4b0-PipelineCommandHandlerThread-0] INFO  server.RaftServer (RaftServerProxy.java:addNew(100)) - 46ce47ac-a134-4cce-ba10-4493b406f4b0: addNew group-5560CD5E8260:[9eee0c4a-241f-4a15-bff1-0522a907ac9b|10.1.0.18:15032, 46ce47ac-a134-4cce-ba10-4493b406f4b0|10.1.0.18:15014, c855f1da-1b31-46a5-a68b-5d36f1d30008|10.1.0.18:15023] returns group-5560CD5E8260:java.util.concurrent.CompletableFuture@6bea1ec1[Not completed]
2024-02-27 21:36:43,831 [c855f1da-1b31-46a5-a68b-5d36f1d30008-PipelineCommandHandlerThread-0] INFO  server.RaftServer (RaftServerProxy.java:addNew(100)) - c855f1da-1b31-46a5-a68b-5d36f1d30008: addNew group-5560CD5E8260:[9eee0c4a-241f-4a15-bff1-0522a907ac9b|10.1.0.18:15032, 46ce47ac-a134-4cce-ba10-4493b406f4b0|10.1.0.18:15014, c855f1da-1b31-46a5-a68b-5d36f1d30008|10.1.0.18:15023] returns group-5560CD5E8260:java.util.concurrent.CompletableFuture@4ef143dd[Not completed]
2024-02-27 21:36:43,833 [d3d377a3-85e1-46ad-98d9-a3196f7db815-groupManagement] INFO  server.RaftServer$Division (RaftServerImpl.java:<init>(256)) - d3d377a3-85e1-46ad-98d9-a3196f7db815: new RaftServerImpl for group-5E707275756C:[99aab7c0-d213-4f2c-9146-fe97bea2462a|10.1.0.18:15050, d3d377a3-85e1-46ad-98d9-a3196f7db815|10.1.0.18:15059, 33496502-95c3-4a2e-b72a-a08a7037350f|10.1.0.18:15041] with ContainerStateMachine:uninitialized
2024-02-27 21:36:43,833 [c855f1da-1b31-46a5-a68b-5d36f1d30008-groupManagement] INFO  server.RaftServer$Division (RaftServerImpl.java:<init>(256)) - c855f1da-1b31-46a5-a68b-5d36f1d30008: new RaftServerImpl for group-5560CD5E8260:[9eee0c4a-241f-4a15-bff1-0522a907ac9b|10.1.0.18:15032, 46ce47ac-a134-4cce-ba10-4493b406f4b0|10.1.0.18:15014, c855f1da-1b31-46a5-a68b-5d36f1d30008|10.1.0.18:15023] with ContainerStateMachine:uninitialized
2024-02-27 21:36:43,833 [d3d377a3-85e1-46ad-98d9-a3196f7db815-groupManagement] INFO  server.RaftServerConfigKeys (ConfUtils.java:logGet(46)) - raft.server.rpc.timeout.min = 5s (custom)
2024-02-27 21:36:43,833 [c855f1da-1b31-46a5-a68b-5d36f1d30008-groupManagement] INFO  server.RaftServerConfigKeys (ConfUtils.java:logGet(46)) - raft.server.rpc.timeout.min = 5s (custom)
2024-02-27 21:36:43,833 [c855f1da-1b31-46a5-a68b-5d36f1d30008-groupManagement] INFO  server.RaftServerConfigKeys (ConfUtils.java:logGet(46)) - raft.server.rpc.timeout.max = 5200ms (custom)
2024-02-27 21:36:43,833 [c855f1da-1b31-46a5-a68b-5d36f1d30008-groupManagement] INFO  server.RaftServerConfigKeys (ConfUtils.java:logGet(46)) - raft.server.rpc.sleep.time = 25ms (default)
2024-02-27 21:36:43,833 [c855f1da-1b31-46a5-a68b-5d36f1d30008-groupManagement] INFO  server.RaftServerConfigKeys (ConfUtils.java:logGet(46)) - raft.server.rpc.slowness.timeout = 300s (custom)
2024-02-27 21:36:43,833 [c855f1da-1b31-46a5-a68b-5d36f1d30008-groupManagement] INFO  server.RaftServerConfigKeys (ConfUtils.java:logGet(46)) - raft.server.leaderelection.leader.step-down.wait-time = 10s (default)
2024-02-27 21:36:43,833 [c855f1da-1b31-46a5-a68b-5d36f1d30008-groupManagement] INFO  server.RaftServerConfigKeys (ConfUtils.java:logGet(46)) - raft.server.leaderelection.member.majority-add = false (default)
2024-02-27 21:36:43,833 [c855f1da-1b31-46a5-a68b-5d36f1d30008-groupManagement] INFO  server.RaftServerConfigKeys (ConfUtils.java:logGet(46)) - raft.server.sleep.deviation.threshold = 300ms (default)
2024-02-27 21:36:43,833 [c855f1da-1b31-46a5-a68b-5d36f1d30008-groupManagement] INFO  server.RaftServer$Division (ServerState.java:<init>(113)) - c855f1da-1b31-46a5-a68b-5d36f1d30008@group-5560CD5E8260: ConfigurationManager, init=-1: peers:[9eee0c4a-241f-4a15-bff1-0522a907ac9b|10.1.0.18:15032, 46ce47ac-a134-4cce-ba10-4493b406f4b0|10.1.0.18:15014, c855f1da-1b31-46a5-a68b-5d36f1d30008|10.1.0.18:15023]|listeners:[], old=null, confs=<EMPTY_MAP>
2024-02-27 21:36:43,833 [46ce47ac-a134-4cce-ba10-4493b406f4b0-groupManagement] INFO  server.RaftServer$Division (RaftServerImpl.java:<init>(256)) - 46ce47ac-a134-4cce-ba10-4493b406f4b0: new RaftServerImpl for group-5560CD5E8260:[9eee0c4a-241f-4a15-bff1-0522a907ac9b|10.1.0.18:15032, 46ce47ac-a134-4cce-ba10-4493b406f4b0|10.1.0.18:15014, c855f1da-1b31-46a5-a68b-5d36f1d30008|10.1.0.18:15023] with ContainerStateMachine:uninitialized
2024-02-27 21:36:43,834 [c855f1da-1b31-46a5-a68b-5d36f1d30008-groupManagement] INFO  server.RaftServerConfigKeys (ConfUtils.java:logGet(46)) - raft.server.notification.no-leader.timeout = 300s (custom)
2024-02-27 21:36:43,834 [46ce47ac-a134-4cce-ba10-4493b406f4b0-groupManagement] INFO  server.RaftServerConfigKeys (ConfUtils.java:logGet(46)) - raft.server.rpc.timeout.min = 5s (custom)
2024-02-27 21:36:43,834 [c855f1da-1b31-46a5-a68b-5d36f1d30008-groupManagement] INFO  server.RaftServerConfigKeys (ConfUtils.java:logGet(46)) - raft.server.read.timeout = 10s (default)
2024-02-27 21:36:43,834 [d3d377a3-85e1-46ad-98d9-a3196f7db815-groupManagement] INFO  server.RaftServerConfigKeys (ConfUtils.java:logGet(46)) - raft.server.rpc.timeout.max = 5200ms (custom)
2024-02-27 21:36:43,834 [c855f1da-1b31-46a5-a68b-5d36f1d30008-groupManagement] INFO  server.RaftServerConfigKeys (ConfUtils.java:logGet(46)) - raft.server.retrycache.expirytime = 600000ms (custom)
2024-02-27 21:36:43,834 [d3d377a3-85e1-46ad-98d9-a3196f7db815-groupManagement] INFO  server.RaftServerConfigKeys (ConfUtils.java:logGet(46)) - raft.server.rpc.sleep.time = 25ms (default)
2024-02-27 21:36:43,834 [46ce47ac-a134-4cce-ba10-4493b406f4b0-groupManagement] INFO  server.RaftServerConfigKeys (ConfUtils.java:logGet(46)) - raft.server.rpc.timeout.max = 5200ms (custom)
2024-02-27 21:36:43,834 [9eee0c4a-241f-4a15-bff1-0522a907ac9b-groupManagement] INFO  server.RaftServer$Division (RaftServerImpl.java:<init>(256)) - 9eee0c4a-241f-4a15-bff1-0522a907ac9b: new RaftServerImpl for group-5560CD5E8260:[9eee0c4a-241f-4a15-bff1-0522a907ac9b|10.1.0.18:15032, 46ce47ac-a134-4cce-ba10-4493b406f4b0|10.1.0.18:15014, c855f1da-1b31-46a5-a68b-5d36f1d30008|10.1.0.18:15023] with ContainerStateMachine:uninitialized
2024-02-27 21:36:43,834 [46ce47ac-a134-4cce-ba10-4493b406f4b0-groupManagement] INFO  server.RaftServerConfigKeys (ConfUtils.java:logGet(46)) - raft.server.rpc.sleep.time = 25ms (default)
2024-02-27 21:36:43,834 [9eee0c4a-241f-4a15-bff1-0522a907ac9b-groupManagement] INFO  server.RaftServerConfigKeys (ConfUtils.java:logGet(46)) - raft.server.rpc.timeout.min = 5s (custom)
2024-02-27 21:36:43,834 [9eee0c4a-241f-4a15-bff1-0522a907ac9b-groupManagement] INFO  server.RaftServerConfigKeys (ConfUtils.java:logGet(46)) - raft.server.rpc.timeout.max = 5200ms (custom)
2024-02-27 21:36:43,834 [d3d377a3-85e1-46ad-98d9-a3196f7db815-groupManagement] INFO  server.RaftServerConfigKeys (ConfUtils.java:logGet(46)) - raft.server.rpc.slowness.timeout = 300s (custom)
2024-02-27 21:36:43,834 [c855f1da-1b31-46a5-a68b-5d36f1d30008-groupManagement] INFO  server.RaftServerConfigKeys (ConfUtils.java:logGet(46)) - raft.server.retrycache.statistics.expirytime = 100ms (default)
2024-02-27 21:36:43,834 [d3d377a3-85e1-46ad-98d9-a3196f7db815-groupManagement] INFO  server.RaftServerConfigKeys (ConfUtils.java:logGet(46)) - raft.server.leaderelection.leader.step-down.wait-time = 10s (default)
2024-02-27 21:36:43,835 [d3d377a3-85e1-46ad-98d9-a3196f7db815-groupManagement] INFO  server.RaftServerConfigKeys (ConfUtils.java:logGet(46)) - raft.server.leaderelection.member.majority-add = false (default)
2024-02-27 21:36:43,834 [9eee0c4a-241f-4a15-bff1-0522a907ac9b-groupManagement] INFO  server.RaftServerConfigKeys (ConfUtils.java:logGet(46)) - raft.server.rpc.sleep.time = 25ms (default)
2024-02-27 21:36:43,834 [46ce47ac-a134-4cce-ba10-4493b406f4b0-groupManagement] INFO  server.RaftServerConfigKeys (ConfUtils.java:logGet(46)) - raft.server.rpc.slowness.timeout = 300s (custom)
2024-02-27 21:36:43,835 [9eee0c4a-241f-4a15-bff1-0522a907ac9b-groupManagement] INFO  server.RaftServerConfigKeys (ConfUtils.java:logGet(46)) - raft.server.rpc.slowness.timeout = 300s (custom)
2024-02-27 21:36:43,835 [9eee0c4a-241f-4a15-bff1-0522a907ac9b-groupManagement] INFO  server.RaftServerConfigKeys (ConfUtils.java:logGet(46)) - raft.server.leaderelection.leader.step-down.wait-time = 10s (default)
2024-02-27 21:36:43,835 [9eee0c4a-241f-4a15-bff1-0522a907ac9b-groupManagement] INFO  server.RaftServerConfigKeys (ConfUtils.java:logGet(46)) - raft.server.leaderelection.member.majority-add = false (default)
2024-02-27 21:36:43,835 [9eee0c4a-241f-4a15-bff1-0522a907ac9b-groupManagement] INFO  server.RaftServerConfigKeys (ConfUtils.java:logGet(46)) - raft.server.sleep.deviation.threshold = 300ms (default)
2024-02-27 21:36:43,835 [9eee0c4a-241f-4a15-bff1-0522a907ac9b-groupManagement] INFO  server.RaftServer$Division (ServerState.java:<init>(113)) - 9eee0c4a-241f-4a15-bff1-0522a907ac9b@group-5560CD5E8260: ConfigurationManager, init=-1: peers:[9eee0c4a-241f-4a15-bff1-0522a907ac9b|10.1.0.18:15032, 46ce47ac-a134-4cce-ba10-4493b406f4b0|10.1.0.18:15014, c855f1da-1b31-46a5-a68b-5d36f1d30008|10.1.0.18:15023]|listeners:[], old=null, confs=<EMPTY_MAP>
2024-02-27 21:36:43,835 [9eee0c4a-241f-4a15-bff1-0522a907ac9b-groupManagement] INFO  server.RaftServerConfigKeys (ConfUtils.java:logGet(46)) - raft.server.notification.no-leader.timeout = 300s (custom)
2024-02-27 21:36:43,835 [9eee0c4a-241f-4a15-bff1-0522a907ac9b-groupManagement] INFO  server.RaftServerConfigKeys (ConfUtils.java:logGet(46)) - raft.server.read.timeout = 10s (default)
2024-02-27 21:36:43,835 [9eee0c4a-241f-4a15-bff1-0522a907ac9b-groupManagement] INFO  server.RaftServerConfigKeys (ConfUtils.java:logGet(46)) - raft.server.retrycache.expirytime = 600000ms (custom)
2024-02-27 21:36:43,836 [9eee0c4a-241f-4a15-bff1-0522a907ac9b-groupManagement] INFO  server.RaftServerConfigKeys (ConfUtils.java:logGet(46)) - raft.server.retrycache.statistics.expirytime = 100ms (default)
2024-02-27 21:36:43,836 [9eee0c4a-241f-4a15-bff1-0522a907ac9b-groupManagement] INFO  server.RaftServerConfigKeys (ConfUtils.java:logGet(46)) - raft.server.read.option = DEFAULT (default)
2024-02-27 21:36:43,836 [9eee0c4a-241f-4a15-bff1-0522a907ac9b-groupManagement] INFO  server.RaftServerConfigKeys (ConfUtils.java:logGet(46)) - raft.server.read.read-after-write-consistent.write-index-cache.expiry-time = 60s (default)
2024-02-27 21:36:43,835 [d3d377a3-85e1-46ad-98d9-a3196f7db815-groupManagement] INFO  server.RaftServerConfigKeys (ConfUtils.java:logGet(46)) - raft.server.sleep.deviation.threshold = 300ms (default)
2024-02-27 21:36:43,838 [d3d377a3-85e1-46ad-98d9-a3196f7db815-groupManagement] INFO  server.RaftServer$Division (ServerState.java:<init>(113)) - d3d377a3-85e1-46ad-98d9-a3196f7db815@group-5E707275756C: ConfigurationManager, init=-1: peers:[99aab7c0-d213-4f2c-9146-fe97bea2462a|10.1.0.18:15050, d3d377a3-85e1-46ad-98d9-a3196f7db815|10.1.0.18:15059, 33496502-95c3-4a2e-b72a-a08a7037350f|10.1.0.18:15041]|listeners:[], old=null, confs=<EMPTY_MAP>
2024-02-27 21:36:43,838 [d3d377a3-85e1-46ad-98d9-a3196f7db815-groupManagement] INFO  server.RaftServerConfigKeys (ConfUtils.java:logGet(46)) - raft.server.notification.no-leader.timeout = 300s (custom)
2024-02-27 21:36:43,838 [d3d377a3-85e1-46ad-98d9-a3196f7db815-groupManagement] INFO  server.RaftServerConfigKeys (ConfUtils.java:logGet(46)) - raft.server.read.timeout = 10s (default)
2024-02-27 21:36:43,838 [d3d377a3-85e1-46ad-98d9-a3196f7db815-groupManagement] INFO  server.RaftServerConfigKeys (ConfUtils.java:logGet(46)) - raft.server.retrycache.expirytime = 600000ms (custom)
2024-02-27 21:36:43,838 [d3d377a3-85e1-46ad-98d9-a3196f7db815-groupManagement] INFO  server.RaftServerConfigKeys (ConfUtils.java:logGet(46)) - raft.server.retrycache.statistics.expirytime = 100ms (default)
2024-02-27 21:36:43,838 [d3d377a3-85e1-46ad-98d9-a3196f7db815-groupManagement] INFO  server.RaftServerConfigKeys (ConfUtils.java:logGet(46)) - raft.server.read.option = DEFAULT (default)
2024-02-27 21:36:43,838 [d3d377a3-85e1-46ad-98d9-a3196f7db815-groupManagement] INFO  server.RaftServerConfigKeys (ConfUtils.java:logGet(46)) - raft.server.read.read-after-write-consistent.write-index-cache.expiry-time = 60s (default)
2024-02-27 21:36:43,838 [9eee0c4a-241f-4a15-bff1-0522a907ac9b-groupManagement] INFO  server.RaftServerConfigKeys (ConfUtils.java:logGet(46)) - raft.server.rpc.request.timeout = 60s (custom)
2024-02-27 21:36:43,839 [9eee0c4a-241f-4a15-bff1-0522a907ac9b-groupManagement] INFO  server.RaftServerConfigKeys (ConfUtils.java:logGet(46)) - raft.server.log.appender.install.snapshot.enabled = false (custom)
2024-02-27 21:36:43,839 [9eee0c4a-241f-4a15-bff1-0522a907ac9b-groupManagement] INFO  server.RaftServerConfigKeys (ConfUtils.java:logGet(46)) - raft.server.threadpool.server.cached = true (default)
2024-02-27 21:36:43,839 [9eee0c4a-241f-4a15-bff1-0522a907ac9b-groupManagement] INFO  server.RaftServerConfigKeys (ConfUtils.java:logGet(46)) - raft.server.threadpool.server.size = 0 (default)
2024-02-27 21:36:43,839 [9eee0c4a-241f-4a15-bff1-0522a907ac9b-groupManagement] INFO  server.RaftServerConfigKeys (ConfUtils.java:logGet(46)) - raft.server.threadpool.client.cached = true (default)
2024-02-27 21:36:43,839 [9eee0c4a-241f-4a15-bff1-0522a907ac9b-groupManagement] INFO  server.RaftServerConfigKeys (ConfUtils.java:logGet(46)) - raft.server.threadpool.client.size = 0 (default)
2024-02-27 21:36:43,839 [9eee0c4a-241f-4a15-bff1-0522a907ac9b-groupManagement] INFO  server.RaftServerConfigKeys (ConfUtils.java:logGet(46)) - raft.server.storage.free-space.min = 0MB (=0) (default)
2024-02-27 21:36:43,839 [9eee0c4a-241f-4a15-bff1-0522a907ac9b-groupManagement] INFO  server.RaftServerConfigKeys (ConfUtils.java:logGet(46)) - raft.server.log.corruption.policy = EXCEPTION (default)
2024-02-27 21:36:43,839 [9eee0c4a-241f-4a15-bff1-0522a907ac9b-groupManagement] INFO  server.RaftServerConfigKeys (ConfUtils.java:logGet(46)) - raft.server.storage.dir = [/home/runner/work/ozone/ozone/hadoop-ozone/integration-test/target/test-dir/MiniOzoneClusterImpl-377bd28b-19ec-4c3d-8af6-29a7f1113b2b/ozone-meta/datanode-3/ratis] (custom)
2024-02-27 21:36:43,840 [9eee0c4a-241f-4a15-bff1-0522a907ac9b-groupManagement] INFO  storage.RaftStorageDirectory (RaftStorageDirectoryImpl.java:analyzeStorage(138)) - The storage directory /home/runner/work/ozone/ozone/hadoop-ozone/integration-test/target/test-dir/MiniOzoneClusterImpl-377bd28b-19ec-4c3d-8af6-29a7f1113b2b/ozone-meta/datanode-3/ratis/a6c55939-43ae-4b67-aa53-5560cd5e8260 does not exist. Creating ...
2024-02-27 21:36:43,835 [c855f1da-1b31-46a5-a68b-5d36f1d30008-groupManagement] INFO  server.RaftServerConfigKeys (ConfUtils.java:logGet(46)) - raft.server.read.option = DEFAULT (default)
2024-02-27 21:36:43,842 [c855f1da-1b31-46a5-a68b-5d36f1d30008-groupManagement] INFO  server.RaftServerConfigKeys (ConfUtils.java:logGet(46)) - raft.server.read.read-after-write-consistent.write-index-cache.expiry-time = 60s (default)
2024-02-27 21:36:43,845 [c855f1da-1b31-46a5-a68b-5d36f1d30008-groupManagement] INFO  server.RaftServerConfigKeys (ConfUtils.java:logGet(46)) - raft.server.rpc.request.timeout = 60s (custom)
2024-02-27 21:36:43,845 [c855f1da-1b31-46a5-a68b-5d36f1d30008-groupManagement] INFO  server.RaftServerConfigKeys (ConfUtils.java:logGet(46)) - raft.server.log.appender.install.snapshot.enabled = false (custom)
2024-02-27 21:36:43,845 [c855f1da-1b31-46a5-a68b-5d36f1d30008-groupManagement] INFO  server.RaftServerConfigKeys (ConfUtils.java:logGet(46)) - raft.server.threadpool.server.cached = true (default)
2024-02-27 21:36:43,845 [c855f1da-1b31-46a5-a68b-5d36f1d30008-groupManagement] INFO  server.RaftServerConfigKeys (ConfUtils.java:logGet(46)) - raft.server.threadpool.server.size = 0 (default)
2024-02-27 21:36:43,845 [c855f1da-1b31-46a5-a68b-5d36f1d30008-groupManagement] INFO  server.RaftServerConfigKeys (ConfUtils.java:logGet(46)) - raft.server.threadpool.client.cached = true (default)
2024-02-27 21:36:43,845 [c855f1da-1b31-46a5-a68b-5d36f1d30008-groupManagement] INFO  server.RaftServerConfigKeys (ConfUtils.java:logGet(46)) - raft.server.threadpool.client.size = 0 (default)
2024-02-27 21:36:43,845 [c855f1da-1b31-46a5-a68b-5d36f1d30008-groupManagement] INFO  server.RaftServerConfigKeys (ConfUtils.java:logGet(46)) - raft.server.storage.free-space.min = 0MB (=0) (default)
2024-02-27 21:36:43,845 [c855f1da-1b31-46a5-a68b-5d36f1d30008-groupManagement] INFO  server.RaftServerConfigKeys (ConfUtils.java:logGet(46)) - raft.server.log.corruption.policy = EXCEPTION (default)
2024-02-27 21:36:43,845 [c855f1da-1b31-46a5-a68b-5d36f1d30008-groupManagement] INFO  server.RaftServerConfigKeys (ConfUtils.java:logGet(46)) - raft.server.storage.dir = [/home/runner/work/ozone/ozone/hadoop-ozone/integration-test/target/test-dir/MiniOzoneClusterImpl-377bd28b-19ec-4c3d-8af6-29a7f1113b2b/ozone-meta/datanode-2/ratis] (custom)
2024-02-27 21:36:43,845 [c855f1da-1b31-46a5-a68b-5d36f1d30008-groupManagement] INFO  storage.RaftStorageDirectory (RaftStorageDirectoryImpl.java:analyzeStorage(138)) - The storage directory /home/runner/work/ozone/ozone/hadoop-ozone/integration-test/target/test-dir/MiniOzoneClusterImpl-377bd28b-19ec-4c3d-8af6-29a7f1113b2b/ozone-meta/datanode-2/ratis/a6c55939-43ae-4b67-aa53-5560cd5e8260 does not exist. Creating ...
2024-02-27 21:36:43,845 [9eee0c4a-241f-4a15-bff1-0522a907ac9b-groupManagement] INFO  storage.RaftStorageDirectory (RaftStorageDirectoryImpl.java:tryLock(228)) - Lock on /home/runner/work/ozone/ozone/hadoop-ozone/integration-test/target/test-dir/MiniOzoneClusterImpl-377bd28b-19ec-4c3d-8af6-29a7f1113b2b/ozone-meta/datanode-3/ratis/a6c55939-43ae-4b67-aa53-5560cd5e8260/in_use.lock acquired by nodename 32143@fv-az531-651
2024-02-27 21:36:43,842 [d3d377a3-85e1-46ad-98d9-a3196f7db815-groupManagement] INFO  server.RaftServerConfigKeys (ConfUtils.java:logGet(46)) - raft.server.rpc.request.timeout = 60s (custom)
2024-02-27 21:36:43,835 [46ce47ac-a134-4cce-ba10-4493b406f4b0-groupManagement] INFO  server.RaftServerConfigKeys (ConfUtils.java:logGet(46)) - raft.server.leaderelection.leader.step-down.wait-time = 10s (default)
2024-02-27 21:36:43,846 [d3d377a3-85e1-46ad-98d9-a3196f7db815-groupManagement] INFO  server.RaftServerConfigKeys (ConfUtils.java:logGet(46)) - raft.server.log.appender.install.snapshot.enabled = false (custom)
2024-02-27 21:36:43,846 [46ce47ac-a134-4cce-ba10-4493b406f4b0-groupManagement] INFO  server.RaftServerConfigKeys (ConfUtils.java:logGet(46)) - raft.server.leaderelection.member.majority-add = false (default)
2024-02-27 21:36:43,846 [d3d377a3-85e1-46ad-98d9-a3196f7db815-groupManagement] INFO  server.RaftServerConfigKeys (ConfUtils.java:logGet(46)) - raft.server.threadpool.server.cached = true (default)
2024-02-27 21:36:43,846 [46ce47ac-a134-4cce-ba10-4493b406f4b0-groupManagement] INFO  server.RaftServerConfigKeys (ConfUtils.java:logGet(46)) - raft.server.sleep.deviation.threshold = 300ms (default)
2024-02-27 21:36:43,846 [46ce47ac-a134-4cce-ba10-4493b406f4b0-groupManagement] INFO  server.RaftServer$Division (ServerState.java:<init>(113)) - 46ce47ac-a134-4cce-ba10-4493b406f4b0@group-5560CD5E8260: ConfigurationManager, init=-1: peers:[9eee0c4a-241f-4a15-bff1-0522a907ac9b|10.1.0.18:15032, 46ce47ac-a134-4cce-ba10-4493b406f4b0|10.1.0.18:15014, c855f1da-1b31-46a5-a68b-5d36f1d30008|10.1.0.18:15023]|listeners:[], old=null, confs=<EMPTY_MAP>
2024-02-27 21:36:43,846 [46ce47ac-a134-4cce-ba10-4493b406f4b0-groupManagement] INFO  server.RaftServerConfigKeys (ConfUtils.java:logGet(46)) - raft.server.notification.no-leader.timeout = 300s (custom)
2024-02-27 21:36:43,846 [46ce47ac-a134-4cce-ba10-4493b406f4b0-groupManagement] INFO  server.RaftServerConfigKeys (ConfUtils.java:logGet(46)) - raft.server.read.timeout = 10s (default)
2024-02-27 21:36:43,846 [46ce47ac-a134-4cce-ba10-4493b406f4b0-groupManagement] INFO  server.RaftServerConfigKeys (ConfUtils.java:logGet(46)) - raft.server.retrycache.expirytime = 600000ms (custom)
2024-02-27 21:36:43,846 [46ce47ac-a134-4cce-ba10-4493b406f4b0-groupManagement] INFO  server.RaftServerConfigKeys (ConfUtils.java:logGet(46)) - raft.server.retrycache.statistics.expirytime = 100ms (default)
2024-02-27 21:36:43,847 [46ce47ac-a134-4cce-ba10-4493b406f4b0-groupManagement] INFO  server.RaftServerConfigKeys (ConfUtils.java:logGet(46)) - raft.server.read.option = DEFAULT (default)
2024-02-27 21:36:43,847 [46ce47ac-a134-4cce-ba10-4493b406f4b0-groupManagement] INFO  server.RaftServerConfigKeys (ConfUtils.java:logGet(46)) - raft.server.read.read-after-write-consistent.write-index-cache.expiry-time = 60s (default)
2024-02-27 21:36:43,850 [46ce47ac-a134-4cce-ba10-4493b406f4b0-groupManagement] INFO  server.RaftServerConfigKeys (ConfUtils.java:logGet(46)) - raft.server.rpc.request.timeout = 60s (custom)
2024-02-27 21:36:43,850 [d3d377a3-85e1-46ad-98d9-a3196f7db815-groupManagement] INFO  server.RaftServerConfigKeys (ConfUtils.java:logGet(46)) - raft.server.threadpool.server.size = 0 (default)
2024-02-27 21:36:43,850 [c855f1da-1b31-46a5-a68b-5d36f1d30008-groupManagement] INFO  storage.RaftStorageDirectory (RaftStorageDirectoryImpl.java:tryLock(228)) - Lock on /home/runner/work/ozone/ozone/hadoop-ozone/integration-test/target/test-dir/MiniOzoneClusterImpl-377bd28b-19ec-4c3d-8af6-29a7f1113b2b/ozone-meta/datanode-2/ratis/a6c55939-43ae-4b67-aa53-5560cd5e8260/in_use.lock acquired by nodename 32143@fv-az531-651
2024-02-27 21:36:43,850 [d3d377a3-85e1-46ad-98d9-a3196f7db815-groupManagement] INFO  server.RaftServerConfigKeys (ConfUtils.java:logGet(46)) - raft.server.threadpool.client.cached = true (default)
2024-02-27 21:36:43,850 [d3d377a3-85e1-46ad-98d9-a3196f7db815-groupManagement] INFO  server.RaftServerConfigKeys (ConfUtils.java:logGet(46)) - raft.server.threadpool.client.size = 0 (default)
2024-02-27 21:36:43,850 [d3d377a3-85e1-46ad-98d9-a3196f7db815-groupManagement] INFO  server.RaftServerConfigKeys (ConfUtils.java:logGet(46)) - raft.server.storage.free-space.min = 0MB (=0) (default)
2024-02-27 21:36:43,850 [d3d377a3-85e1-46ad-98d9-a3196f7db815-groupManagement] INFO  server.RaftServerConfigKeys (ConfUtils.java:logGet(46)) - raft.server.log.corruption.policy = EXCEPTION (default)
2024-02-27 21:36:43,850 [d3d377a3-85e1-46ad-98d9-a3196f7db815-groupManagement] INFO  server.RaftServerConfigKeys (ConfUtils.java:logGet(46)) - raft.server.storage.dir = [/home/runner/work/ozone/ozone/hadoop-ozone/integration-test/target/test-dir/MiniOzoneClusterImpl-377bd28b-19ec-4c3d-8af6-29a7f1113b2b/ozone-meta/datanode-6/ratis] (custom)
2024-02-27 21:36:43,850 [46ce47ac-a134-4cce-ba10-4493b406f4b0-groupManagement] INFO  server.RaftServerConfigKeys (ConfUtils.java:logGet(46)) - raft.server.log.appender.install.snapshot.enabled = false (custom)
2024-02-27 21:36:43,851 [46ce47ac-a134-4cce-ba10-4493b406f4b0-groupManagement] INFO  server.RaftServerConfigKeys (ConfUtils.java:logGet(46)) - raft.server.threadpool.server.cached = true (default)
2024-02-27 21:36:43,851 [46ce47ac-a134-4cce-ba10-4493b406f4b0-groupManagement] INFO  server.RaftServerConfigKeys (ConfUtils.java:logGet(46)) - raft.server.threadpool.server.size = 0 (default)
2024-02-27 21:36:43,851 [d3d377a3-85e1-46ad-98d9-a3196f7db815-groupManagement] INFO  storage.RaftStorageDirectory (RaftStorageDirectoryImpl.java:analyzeStorage(138)) - The storage directory /home/runner/work/ozone/ozone/hadoop-ozone/integration-test/target/test-dir/MiniOzoneClusterImpl-377bd28b-19ec-4c3d-8af6-29a7f1113b2b/ozone-meta/datanode-6/ratis/05e9f429-bd2a-4387-ae0a-5e707275756c does not exist. Creating ...
2024-02-27 21:36:43,851 [46ce47ac-a134-4cce-ba10-4493b406f4b0-groupManagement] INFO  server.RaftServerConfigKeys (ConfUtils.java:logGet(46)) - raft.server.threadpool.client.cached = true (default)
2024-02-27 21:36:43,851 [46ce47ac-a134-4cce-ba10-4493b406f4b0-groupManagement] INFO  server.RaftServerConfigKeys (ConfUtils.java:logGet(46)) - raft.server.threadpool.client.size = 0 (default)
2024-02-27 21:36:43,851 [46ce47ac-a134-4cce-ba10-4493b406f4b0-groupManagement] INFO  server.RaftServerConfigKeys (ConfUtils.java:logGet(46)) - raft.server.storage.free-space.min = 0MB (=0) (default)
2024-02-27 21:36:43,851 [46ce47ac-a134-4cce-ba10-4493b406f4b0-groupManagement] INFO  server.RaftServerConfigKeys (ConfUtils.java:logGet(46)) - raft.server.log.corruption.policy = EXCEPTION (default)
2024-02-27 21:36:43,851 [46ce47ac-a134-4cce-ba10-4493b406f4b0-groupManagement] INFO  server.RaftServerConfigKeys (ConfUtils.java:logGet(46)) - raft.server.storage.dir = [/home/runner/work/ozone/ozone/hadoop-ozone/integration-test/target/test-dir/MiniOzoneClusterImpl-377bd28b-19ec-4c3d-8af6-29a7f1113b2b/ozone-meta/datanode-1/ratis] (custom)
2024-02-27 21:36:43,851 [46ce47ac-a134-4cce-ba10-4493b406f4b0-groupManagement] INFO  storage.RaftStorageDirectory (RaftStorageDirectoryImpl.java:analyzeStorage(138)) - The storage directory /home/runner/work/ozone/ozone/hadoop-ozone/integration-test/target/test-dir/MiniOzoneClusterImpl-377bd28b-19ec-4c3d-8af6-29a7f1113b2b/ozone-meta/datanode-1/ratis/a6c55939-43ae-4b67-aa53-5560cd5e8260 does not exist. Creating ...
2024-02-27 21:36:43,852 [c855f1da-1b31-46a5-a68b-5d36f1d30008-groupManagement] INFO  storage.RaftStorage (RaftStorageImpl.java:format(99)) - Storage directory /home/runner/work/ozone/ozone/hadoop-ozone/integration-test/target/test-dir/MiniOzoneClusterImpl-377bd28b-19ec-4c3d-8af6-29a7f1113b2b/ozone-meta/datanode-2/ratis/a6c55939-43ae-4b67-aa53-5560cd5e8260 has been successfully formatted.
2024-02-27 21:36:43,852 [c855f1da-1b31-46a5-a68b-5d36f1d30008-groupManagement] WARN  util.FileUtils (LogUtils.java:supplyAndLog(63)) - Failed to Files.newInputStream /home/runner/work/ozone/ozone/hadoop-ozone/integration-test/target/test-dir/MiniOzoneClusterImpl-377bd28b-19ec-4c3d-8af6-29a7f1113b2b/ozone-meta/datanode-2/ratis/a6c55939-43ae-4b67-aa53-5560cd5e8260/current/raft-meta.conf with options []: java.nio.file.NoSuchFileException: /home/runner/work/ozone/ozone/hadoop-ozone/integration-test/target/test-dir/MiniOzoneClusterImpl-377bd28b-19ec-4c3d-8af6-29a7f1113b2b/ozone-meta/datanode-2/ratis/a6c55939-43ae-4b67-aa53-5560cd5e8260/current/raft-meta.conf
2024-02-27 21:36:43,852 [d3d377a3-85e1-46ad-98d9-a3196f7db815-groupManagement] INFO  storage.RaftStorageDirectory (RaftStorageDirectoryImpl.java:tryLock(228)) - Lock on /home/runner/work/ozone/ozone/hadoop-ozone/integration-test/target/test-dir/MiniOzoneClusterImpl-377bd28b-19ec-4c3d-8af6-29a7f1113b2b/ozone-meta/datanode-6/ratis/05e9f429-bd2a-4387-ae0a-5e707275756c/in_use.lock acquired by nodename 32143@fv-az531-651
2024-02-27 21:36:43,852 [c855f1da-1b31-46a5-a68b-5d36f1d30008-groupManagement] INFO  ratis.ContainerStateMachine (ContainerStateMachine.java:loadSnapshot(287)) - group-5560CD5E8260: The snapshot info is null. Setting the last applied index to:(t:0, i:~)
2024-02-27 21:36:43,854 [c855f1da-1b31-46a5-a68b-5d36f1d30008-groupManagement] INFO  server.RaftServerConfigKeys (ConfUtils.java:logGet(46)) - raft.server.log.use.memory = false (default)
2024-02-27 21:36:43,854 [c855f1da-1b31-46a5-a68b-5d36f1d30008-groupManagement] INFO  server.RaftServerConfigKeys (ConfUtils.java:logGet(46)) - raft.server.log.purge.gap = 1000000 (custom)
2024-02-27 21:36:43,854 [c855f1da-1b31-46a5-a68b-5d36f1d30008-groupManagement] INFO  server.RaftServerConfigKeys (ConfUtils.java:logGet(46)) - raft.server.log.appender.buffer.byte-limit = 8388608 (custom)
2024-02-27 21:36:43,853 [9eee0c4a-241f-4a15-bff1-0522a907ac9b-groupManagement] INFO  storage.RaftStorage (RaftStorageImpl.java:format(99)) - Storage directory /home/runner/work/ozone/ozone/hadoop-ozone/integration-test/target/test-dir/MiniOzoneClusterImpl-377bd28b-19ec-4c3d-8af6-29a7f1113b2b/ozone-meta/datanode-3/ratis/a6c55939-43ae-4b67-aa53-5560cd5e8260 has been successfully formatted.
2024-02-27 21:36:43,863 [9eee0c4a-241f-4a15-bff1-0522a907ac9b-groupManagement] WARN  util.FileUtils (LogUtils.java:supplyAndLog(63)) - Failed to Files.newInputStream /home/runner/work/ozone/ozone/hadoop-ozone/integration-test/target/test-dir/MiniOzoneClusterImpl-377bd28b-19ec-4c3d-8af6-29a7f1113b2b/ozone-meta/datanode-3/ratis/a6c55939-43ae-4b67-aa53-5560cd5e8260/current/raft-meta.conf with options []: java.nio.file.NoSuchFileException: /home/runner/work/ozone/ozone/hadoop-ozone/integration-test/target/test-dir/MiniOzoneClusterImpl-377bd28b-19ec-4c3d-8af6-29a7f1113b2b/ozone-meta/datanode-3/ratis/a6c55939-43ae-4b67-aa53-5560cd5e8260/current/raft-meta.conf
2024-02-27 21:36:43,863 [9eee0c4a-241f-4a15-bff1-0522a907ac9b-groupManagement] INFO  ratis.ContainerStateMachine (ContainerStateMachine.java:loadSnapshot(287)) - group-5560CD5E8260: The snapshot info is null. Setting the last applied index to:(t:0, i:~)
2024-02-27 21:36:43,852 [46ce47ac-a134-4cce-ba10-4493b406f4b0-groupManagement] INFO  storage.RaftStorageDirectory (RaftStorageDirectoryImpl.java:tryLock(228)) - Lock on /home/runner/work/ozone/ozone/hadoop-ozone/integration-test/target/test-dir/MiniOzoneClusterImpl-377bd28b-19ec-4c3d-8af6-29a7f1113b2b/ozone-meta/datanode-1/ratis/a6c55939-43ae-4b67-aa53-5560cd5e8260/in_use.lock acquired by nodename 32143@fv-az531-651
2024-02-27 21:36:43,864 [d3d377a3-85e1-46ad-98d9-a3196f7db815-groupManagement] INFO  storage.RaftStorage (RaftStorageImpl.java:format(99)) - Storage directory /home/runner/work/ozone/ozone/hadoop-ozone/integration-test/target/test-dir/MiniOzoneClusterImpl-377bd28b-19ec-4c3d-8af6-29a7f1113b2b/ozone-meta/datanode-6/ratis/05e9f429-bd2a-4387-ae0a-5e707275756c has been successfully formatted.
2024-02-27 21:36:43,865 [d3d377a3-85e1-46ad-98d9-a3196f7db815-groupManagement] WARN  util.FileUtils (LogUtils.java:supplyAndLog(63)) - Failed to Files.newInputStream /home/runner/work/ozone/ozone/hadoop-ozone/integration-test/target/test-dir/MiniOzoneClusterImpl-377bd28b-19ec-4c3d-8af6-29a7f1113b2b/ozone-meta/datanode-6/ratis/05e9f429-bd2a-4387-ae0a-5e707275756c/current/raft-meta.conf with options []: java.nio.file.NoSuchFileException: /home/runner/work/ozone/ozone/hadoop-ozone/integration-test/target/test-dir/MiniOzoneClusterImpl-377bd28b-19ec-4c3d-8af6-29a7f1113b2b/ozone-meta/datanode-6/ratis/05e9f429-bd2a-4387-ae0a-5e707275756c/current/raft-meta.conf
2024-02-27 21:36:43,854 [c855f1da-1b31-46a5-a68b-5d36f1d30008-groupManagement] INFO  server.RaftServerConfigKeys (ConfUtils.java:logGet(46)) - raft.server.log.statemachine.data.read.timeout = 1000ms (default)
2024-02-27 21:36:43,866 [46ce47ac-a134-4cce-ba10-4493b406f4b0-groupManagement] INFO  storage.RaftStorage (RaftStorageImpl.java:format(99)) - Storage directory /home/runner/work/ozone/ozone/hadoop-ozone/integration-test/target/test-dir/MiniOzoneClusterImpl-377bd28b-19ec-4c3d-8af6-29a7f1113b2b/ozone-meta/datanode-1/ratis/a6c55939-43ae-4b67-aa53-5560cd5e8260 has been successfully formatted.
2024-02-27 21:36:43,867 [d3d377a3-85e1-46ad-98d9-a3196f7db815-groupManagement] INFO  ratis.ContainerStateMachine (ContainerStateMachine.java:loadSnapshot(287)) - group-5E707275756C: The snapshot info is null. Setting the last applied index to:(t:0, i:~)
2024-02-27 21:36:43,867 [d3d377a3-85e1-46ad-98d9-a3196f7db815-groupManagement] INFO  server.RaftServerConfigKeys (ConfUtils.java:logGet(46)) - raft.server.log.use.memory = false (default)
2024-02-27 21:36:43,867 [d3d377a3-85e1-46ad-98d9-a3196f7db815-groupManagement] INFO  server.RaftServerConfigKeys (ConfUtils.java:logGet(46)) - raft.server.log.purge.gap = 1000000 (custom)
2024-02-27 21:36:43,867 [d3d377a3-85e1-46ad-98d9-a3196f7db815-groupManagement] INFO  server.RaftServerConfigKeys (ConfUtils.java:logGet(46)) - raft.server.log.appender.buffer.byte-limit = 8388608 (custom)
2024-02-27 21:36:43,867 [d3d377a3-85e1-46ad-98d9-a3196f7db815-groupManagement] INFO  server.RaftServerConfigKeys (ConfUtils.java:logGet(46)) - raft.server.log.statemachine.data.read.timeout = 1000ms (default)
2024-02-27 21:36:43,867 [d3d377a3-85e1-46ad-98d9-a3196f7db815-groupManagement] INFO  server.RaftServerConfigKeys (ConfUtils.java:logGet(46)) - raft.server.log.purge.preservation.log.num = 0 (default)
2024-02-27 21:36:43,867 [EventQueue-OpenPipelineForHealthyPipelineSafeModeRule] INFO  safemode.SCMSafeModeManager (HealthyPipelineSafeModeRule.java:process(140)) - SCM in safe mode. Healthy pipelines reported count is 0, required healthy pipeline reported count is 1
2024-02-27 21:36:43,868 [EventQueue-OpenPipelineForHealthyPipelineSafeModeRule] INFO  safemode.SCMSafeModeManager (HealthyPipelineSafeModeRule.java:process(140)) - SCM in safe mode. Healthy pipelines reported count is 0, required healthy pipeline reported count is 1
2024-02-27 21:36:43,868 [9eee0c4a-241f-4a15-bff1-0522a907ac9b-groupManagement] INFO  server.RaftServerConfigKeys (ConfUtils.java:logGet(46)) - raft.server.log.use.memory = false (default)
2024-02-27 21:36:43,868 [9eee0c4a-241f-4a15-bff1-0522a907ac9b-groupManagement] INFO  server.RaftServerConfigKeys (ConfUtils.java:logGet(46)) - raft.server.log.purge.gap = 1000000 (custom)
2024-02-27 21:36:43,869 [9eee0c4a-241f-4a15-bff1-0522a907ac9b-groupManagement] INFO  server.RaftServerConfigKeys (ConfUtils.java:logGet(46)) - raft.server.log.appender.buffer.byte-limit = 8388608 (custom)
2024-02-27 21:36:43,869 [9eee0c4a-241f-4a15-bff1-0522a907ac9b-groupManagement] INFO  server.RaftServerConfigKeys (ConfUtils.java:logGet(46)) - raft.server.log.statemachine.data.read.timeout = 1000ms (default)
2024-02-27 21:36:43,869 [9eee0c4a-241f-4a15-bff1-0522a907ac9b-groupManagement] INFO  server.RaftServerConfigKeys (ConfUtils.java:logGet(46)) - raft.server.log.purge.preservation.log.num = 0 (default)
2024-02-27 21:36:43,866 [99aab7c0-d213-4f2c-9146-fe97bea2462a-PipelineCommandHandlerThread-0] INFO  server.RaftServer (RaftServerProxy.java:addNew(100)) - 99aab7c0-d213-4f2c-9146-fe97bea2462a: addNew group-26E798755C11:[99aab7c0-d213-4f2c-9146-fe97bea2462a|10.1.0.18:15050] returns group-26E798755C11:java.util.concurrent.CompletableFuture@1a35f00b[Not completed]
2024-02-27 21:36:43,866 [c855f1da-1b31-46a5-a68b-5d36f1d30008-groupManagement] INFO  server.RaftServerConfigKeys (ConfUtils.java:logGet(46)) - raft.server.log.purge.preservation.log.num = 0 (default)
2024-02-27 21:36:43,870 [99aab7c0-d213-4f2c-9146-fe97bea2462a-groupManagement] INFO  server.RaftServer$Division (RaftServerImpl.java:<init>(256)) - 99aab7c0-d213-4f2c-9146-fe97bea2462a: new RaftServerImpl for group-26E798755C11:[99aab7c0-d213-4f2c-9146-fe97bea2462a|10.1.0.18:15050] with ContainerStateMachine:uninitialized
2024-02-27 21:36:43,867 [46ce47ac-a134-4cce-ba10-4493b406f4b0-groupManagement] WARN  util.FileUtils (LogUtils.java:supplyAndLog(63)) - Failed to Files.newInputStream /home/runner/work/ozone/ozone/hadoop-ozone/integration-test/target/test-dir/MiniOzoneClusterImpl-377bd28b-19ec-4c3d-8af6-29a7f1113b2b/ozone-meta/datanode-1/ratis/a6c55939-43ae-4b67-aa53-5560cd5e8260/current/raft-meta.conf with options []: java.nio.file.NoSuchFileException: /home/runner/work/ozone/ozone/hadoop-ozone/integration-test/target/test-dir/MiniOzoneClusterImpl-377bd28b-19ec-4c3d-8af6-29a7f1113b2b/ozone-meta/datanode-1/ratis/a6c55939-43ae-4b67-aa53-5560cd5e8260/current/raft-meta.conf
2024-02-27 21:36:43,871 [46ce47ac-a134-4cce-ba10-4493b406f4b0-groupManagement] INFO  ratis.ContainerStateMachine (ContainerStateMachine.java:loadSnapshot(287)) - group-5560CD5E8260: The snapshot info is null. Setting the last applied index to:(t:0, i:~)
2024-02-27 21:36:43,872 [99aab7c0-d213-4f2c-9146-fe97bea2462a-groupManagement] INFO  server.RaftServerConfigKeys (ConfUtils.java:logGet(46)) - raft.server.rpc.timeout.min = 5s (custom)
2024-02-27 21:36:43,872 [46ce47ac-a134-4cce-ba10-4493b406f4b0-groupManagement] INFO  server.RaftServerConfigKeys (ConfUtils.java:logGet(46)) - raft.server.log.use.memory = false (default)
2024-02-27 21:36:43,872 [46ce47ac-a134-4cce-ba10-4493b406f4b0-groupManagement] INFO  server.RaftServerConfigKeys (ConfUtils.java:logGet(46)) - raft.server.log.purge.gap = 1000000 (custom)
2024-02-27 21:36:43,873 [46ce47ac-a134-4cce-ba10-4493b406f4b0-groupManagement] INFO  server.RaftServerConfigKeys (ConfUtils.java:logGet(46)) - raft.server.log.appender.buffer.byte-limit = 8388608 (custom)
2024-02-27 21:36:43,873 [46ce47ac-a134-4cce-ba10-4493b406f4b0-groupManagement] INFO  server.RaftServerConfigKeys (ConfUtils.java:logGet(46)) - raft.server.log.statemachine.data.read.timeout = 1000ms (default)
2024-02-27 21:36:43,873 [46ce47ac-a134-4cce-ba10-4493b406f4b0-groupManagement] INFO  server.RaftServerConfigKeys (ConfUtils.java:logGet(46)) - raft.server.log.purge.preservation.log.num = 0 (default)
2024-02-27 21:36:43,873 [99aab7c0-d213-4f2c-9146-fe97bea2462a-groupManagement] INFO  server.RaftServerConfigKeys (ConfUtils.java:logGet(46)) - raft.server.rpc.timeout.max = 5200ms (custom)
2024-02-27 21:36:43,873 [99aab7c0-d213-4f2c-9146-fe97bea2462a-groupManagement] INFO  server.RaftServerConfigKeys (ConfUtils.java:logGet(46)) - raft.server.rpc.sleep.time = 25ms (default)
2024-02-27 21:36:43,873 [99aab7c0-d213-4f2c-9146-fe97bea2462a-groupManagement] INFO  server.RaftServerConfigKeys (ConfUtils.java:logGet(46)) - raft.server.rpc.slowness.timeout = 300s (custom)
2024-02-27 21:36:43,873 [99aab7c0-d213-4f2c-9146-fe97bea2462a-groupManagement] INFO  server.RaftServerConfigKeys (ConfUtils.java:logGet(46)) - raft.server.leaderelection.leader.step-down.wait-time = 10s (default)
2024-02-27 21:36:43,873 [99aab7c0-d213-4f2c-9146-fe97bea2462a-groupManagement] INFO  server.RaftServerConfigKeys (ConfUtils.java:logGet(46)) - raft.server.leaderelection.member.majority-add = false (default)
2024-02-27 21:36:43,873 [99aab7c0-d213-4f2c-9146-fe97bea2462a-groupManagement] INFO  server.RaftServerConfigKeys (ConfUtils.java:logGet(46)) - raft.server.sleep.deviation.threshold = 300ms (default)
2024-02-27 21:36:43,873 [99aab7c0-d213-4f2c-9146-fe97bea2462a-groupManagement] INFO  server.RaftServer$Division (ServerState.java:<init>(113)) - 99aab7c0-d213-4f2c-9146-fe97bea2462a@group-26E798755C11: ConfigurationManager, init=-1: peers:[99aab7c0-d213-4f2c-9146-fe97bea2462a|10.1.0.18:15050]|listeners:[], old=null, confs=<EMPTY_MAP>
2024-02-27 21:36:43,873 [99aab7c0-d213-4f2c-9146-fe97bea2462a-groupManagement] INFO  server.RaftServerConfigKeys (ConfUtils.java:logGet(46)) - raft.server.notification.no-leader.timeout = 300s (custom)
2024-02-27 21:36:43,873 [99aab7c0-d213-4f2c-9146-fe97bea2462a-groupManagement] INFO  server.RaftServerConfigKeys (ConfUtils.java:logGet(46)) - raft.server.read.timeout = 10s (default)
2024-02-27 21:36:43,873 [99aab7c0-d213-4f2c-9146-fe97bea2462a-groupManagement] INFO  server.RaftServerConfigKeys (ConfUtils.java:logGet(46)) - raft.server.retrycache.expirytime = 600000ms (custom)
2024-02-27 21:36:43,873 [99aab7c0-d213-4f2c-9146-fe97bea2462a-groupManagement] INFO  server.RaftServerConfigKeys (ConfUtils.java:logGet(46)) - raft.server.retrycache.statistics.expirytime = 100ms (default)
2024-02-27 21:36:43,874 [99aab7c0-d213-4f2c-9146-fe97bea2462a-groupManagement] INFO  server.RaftServerConfigKeys (ConfUtils.java:logGet(46)) - raft.server.read.option = DEFAULT (default)
2024-02-27 21:36:43,874 [99aab7c0-d213-4f2c-9146-fe97bea2462a-groupManagement] INFO  server.RaftServerConfigKeys (ConfUtils.java:logGet(46)) - raft.server.read.read-after-write-consistent.write-index-cache.expiry-time = 60s (default)
2024-02-27 21:36:43,876 [EventQueue-OpenPipelineForHealthyPipelineSafeModeRule] INFO  safemode.SCMSafeModeManager (HealthyPipelineSafeModeRule.java:process(140)) - SCM in safe mode. Healthy pipelines reported count is 0, required healthy pipeline reported count is 1
2024-02-27 21:36:43,882 [d3d377a3-85e1-46ad-98d9-a3196f7db815-groupManagement] INFO  server.RaftServerConfigKeys (ConfUtils.java:logGet(46)) - raft.server.log.segment.size.max = 67108864 (custom)
2024-02-27 21:36:43,882 [9eee0c4a-241f-4a15-bff1-0522a907ac9b-groupManagement] INFO  server.RaftServerConfigKeys (ConfUtils.java:logGet(46)) - raft.server.log.segment.size.max = 67108864 (custom)
2024-02-27 21:36:43,883 [d3d377a3-85e1-46ad-98d9-a3196f7db815-groupManagement] INFO  server.RaftServerConfigKeys (ConfUtils.java:logGet(46)) - raft.server.log.segment.cache.num.max = 2 (custom)
2024-02-27 21:36:43,883 [d3d377a3-85e1-46ad-98d9-a3196f7db815-groupManagement] INFO  server.RaftServerConfigKeys (ConfUtils.java:logGet(46)) - raft.server.log.segment.cache.size.max = 200MB (=209715200) (default)
2024-02-27 21:36:43,883 [d3d377a3-85e1-46ad-98d9-a3196f7db815-groupManagement] INFO  server.RaftServerConfigKeys (ConfUtils.java:logGet(46)) - raft.server.log.appender.buffer.byte-limit = 8388608 (custom)
2024-02-27 21:36:43,884 [9eee0c4a-241f-4a15-bff1-0522a907ac9b-groupManagement] INFO  server.RaftServerConfigKeys (ConfUtils.java:logGet(46)) - raft.server.log.segment.cache.num.max = 2 (custom)
2024-02-27 21:36:43,884 [9eee0c4a-241f-4a15-bff1-0522a907ac9b-groupManagement] INFO  server.RaftServerConfigKeys (ConfUtils.java:logGet(46)) - raft.server.log.segment.cache.size.max = 200MB (=209715200) (default)
2024-02-27 21:36:43,884 [9eee0c4a-241f-4a15-bff1-0522a907ac9b-groupManagement] INFO  server.RaftServerConfigKeys (ConfUtils.java:logGet(46)) - raft.server.log.appender.buffer.byte-limit = 8388608 (custom)
2024-02-27 21:36:43,884 [c855f1da-1b31-46a5-a68b-5d36f1d30008-groupManagement] INFO  server.RaftServerConfigKeys (ConfUtils.java:logGet(46)) - raft.server.log.segment.size.max = 67108864 (custom)
2024-02-27 21:36:43,885 [46ce47ac-a134-4cce-ba10-4493b406f4b0-groupManagement] INFO  server.RaftServerConfigKeys (ConfUtils.java:logGet(46)) - raft.server.log.segment.size.max = 67108864 (custom)
2024-02-27 21:36:43,885 [c855f1da-1b31-46a5-a68b-5d36f1d30008-groupManagement] INFO  server.RaftServerConfigKeys (ConfUtils.java:logGet(46)) - raft.server.log.segment.cache.num.max = 2 (custom)
2024-02-27 21:36:43,885 [c855f1da-1b31-46a5-a68b-5d36f1d30008-groupManagement] INFO  server.RaftServerConfigKeys (ConfUtils.java:logGet(46)) - raft.server.log.segment.cache.size.max = 200MB (=209715200) (default)
2024-02-27 21:36:43,886 [c855f1da-1b31-46a5-a68b-5d36f1d30008-groupManagement] INFO  server.RaftServerConfigKeys (ConfUtils.java:logGet(46)) - raft.server.log.appender.buffer.byte-limit = 8388608 (custom)
2024-02-27 21:36:43,886 [46ce47ac-a134-4cce-ba10-4493b406f4b0-groupManagement] INFO  server.RaftServerConfigKeys (ConfUtils.java:logGet(46)) - raft.server.log.segment.cache.num.max = 2 (custom)
2024-02-27 21:36:43,886 [46ce47ac-a134-4cce-ba10-4493b406f4b0-groupManagement] INFO  server.RaftServerConfigKeys (ConfUtils.java:logGet(46)) - raft.server.log.segment.cache.size.max = 200MB (=209715200) (default)
2024-02-27 21:36:43,886 [46ce47ac-a134-4cce-ba10-4493b406f4b0-groupManagement] INFO  server.RaftServerConfigKeys (ConfUtils.java:logGet(46)) - raft.server.log.appender.buffer.byte-limit = 8388608 (custom)
2024-02-27 21:36:43,889 [99aab7c0-d213-4f2c-9146-fe97bea2462a-groupManagement] INFO  server.RaftServerConfigKeys (ConfUtils.java:logGet(46)) - raft.server.rpc.request.timeout = 60s (custom)
2024-02-27 21:36:43,890 [9eee0c4a-241f-4a15-bff1-0522a907ac9b-groupManagement] INFO  util.AwaitToRun (AwaitToRun.java:start(81)) - Thread[9eee0c4a-241f-4a15-bff1-0522a907ac9b@group-5560CD5E8260-cacheEviction-AwaitToRun,5,main] started
2024-02-27 21:36:43,890 [9eee0c4a-241f-4a15-bff1-0522a907ac9b-groupManagement] INFO  segmented.SegmentedRaftLogWorker (SegmentedRaftLogWorker.java:<init>(182)) - new 9eee0c4a-241f-4a15-bff1-0522a907ac9b@group-5560CD5E8260-SegmentedRaftLogWorker for RaftStorageImpl:Storage Directory /home/runner/work/ozone/ozone/hadoop-ozone/integration-test/target/test-dir/MiniOzoneClusterImpl-377bd28b-19ec-4c3d-8af6-29a7f1113b2b/ozone-meta/datanode-3/ratis/a6c55939-43ae-4b67-aa53-5560cd5e8260
2024-02-27 21:36:43,890 [9eee0c4a-241f-4a15-bff1-0522a907ac9b-groupManagement] INFO  server.RaftServerConfigKeys (ConfUtils.java:logGet(46)) - raft.server.log.queue.byte-limit = 4294967296 (custom)
2024-02-27 21:36:43,890 [9eee0c4a-241f-4a15-bff1-0522a907ac9b-groupManagement] INFO  server.RaftServerConfigKeys (ConfUtils.java:logGet(46)) - raft.server.log.queue.element-limit = 1024 (custom)
2024-02-27 21:36:43,890 [9eee0c4a-241f-4a15-bff1-0522a907ac9b-groupManagement] INFO  server.RaftServerConfigKeys (ConfUtils.java:logGet(46)) - raft.server.log.segment.size.max = 67108864 (custom)
2024-02-27 21:36:43,890 [9eee0c4a-241f-4a15-bff1-0522a907ac9b-groupManagement] INFO  server.RaftServerConfigKeys (ConfUtils.java:logGet(46)) - raft.server.log.preallocated.size = 4194304 (custom)
2024-02-27 21:36:43,890 [9eee0c4a-241f-4a15-bff1-0522a907ac9b-groupManagement] INFO  server.RaftServerConfigKeys (ConfUtils.java:logGet(46)) - raft.server.log.force.sync.num = 128 (default)
2024-02-27 21:36:43,890 [9eee0c4a-241f-4a15-bff1-0522a907ac9b-groupManagement] INFO  server.RaftServerConfigKeys (ConfUtils.java:logGet(46)) - raft.server.log.statemachine.data.sync = true (default)
2024-02-27 21:36:43,890 [9eee0c4a-241f-4a15-bff1-0522a907ac9b-groupManagement] INFO  server.RaftServerConfigKeys (ConfUtils.java:logGet(46)) - raft.server.log.statemachine.data.sync.timeout = 10s (default)
2024-02-27 21:36:43,891 [9eee0c4a-241f-4a15-bff1-0522a907ac9b-groupManagement] INFO  server.RaftServerConfigKeys (ConfUtils.java:logGet(46)) - raft.server.log.statemachine.data.sync.timeout.retry = 0 (custom)
2024-02-27 21:36:43,891 [9eee0c4a-241f-4a15-bff1-0522a907ac9b-groupManagement] INFO  server.RaftServerConfigKeys (ConfUtils.java:logGet(46)) - raft.server.log.write.buffer.size = 8388616 (custom)
2024-02-27 21:36:43,890 [99aab7c0-d213-4f2c-9146-fe97bea2462a-groupManagement] INFO  server.RaftServerConfigKeys (ConfUtils.java:logGet(46)) - raft.server.log.appender.install.snapshot.enabled = false (custom)
2024-02-27 21:36:43,892 [99aab7c0-d213-4f2c-9146-fe97bea2462a-groupManagement] INFO  server.RaftServerConfigKeys (ConfUtils.java:logGet(46)) - raft.server.threadpool.server.cached = true (default)
2024-02-27 21:36:43,892 [99aab7c0-d213-4f2c-9146-fe97bea2462a-groupManagement] INFO  server.RaftServerConfigKeys (ConfUtils.java:logGet(46)) - raft.server.threadpool.server.size = 0 (default)
2024-02-27 21:36:43,892 [99aab7c0-d213-4f2c-9146-fe97bea2462a-groupManagement] INFO  server.RaftServerConfigKeys (ConfUtils.java:logGet(46)) - raft.server.threadpool.client.cached = true (default)
2024-02-27 21:36:43,893 [d3d377a3-85e1-46ad-98d9-a3196f7db815-groupManagement] INFO  util.AwaitToRun (AwaitToRun.java:start(81)) - Thread[d3d377a3-85e1-46ad-98d9-a3196f7db815@group-5E707275756C-cacheEviction-AwaitToRun,5,main] started
2024-02-27 21:36:43,893 [d3d377a3-85e1-46ad-98d9-a3196f7db815-groupManagement] INFO  segmented.SegmentedRaftLogWorker (SegmentedRaftLogWorker.java:<init>(182)) - new d3d377a3-85e1-46ad-98d9-a3196f7db815@group-5E707275756C-SegmentedRaftLogWorker for RaftStorageImpl:Storage Directory /home/runner/work/ozone/ozone/hadoop-ozone/integration-test/target/test-dir/MiniOzoneClusterImpl-377bd28b-19ec-4c3d-8af6-29a7f1113b2b/ozone-meta/datanode-6/ratis/05e9f429-bd2a-4387-ae0a-5e707275756c
2024-02-27 21:36:43,893 [d3d377a3-85e1-46ad-98d9-a3196f7db815-groupManagement] INFO  server.RaftServerConfigKeys (ConfUtils.java:logGet(46)) - raft.server.log.queue.byte-limit = 4294967296 (custom)
2024-02-27 21:36:43,893 [d3d377a3-85e1-46ad-98d9-a3196f7db815-groupManagement] INFO  server.RaftServerConfigKeys (ConfUtils.java:logGet(46)) - raft.server.log.queue.element-limit = 1024 (custom)
2024-02-27 21:36:43,893 [d3d377a3-85e1-46ad-98d9-a3196f7db815-groupManagement] INFO  server.RaftServerConfigKeys (ConfUtils.java:logGet(46)) - raft.server.log.segment.size.max = 67108864 (custom)
2024-02-27 21:36:43,893 [d3d377a3-85e1-46ad-98d9-a3196f7db815-groupManagement] INFO  server.RaftServerConfigKeys (ConfUtils.java:logGet(46)) - raft.server.log.preallocated.size = 4194304 (custom)
2024-02-27 21:36:43,893 [d3d377a3-85e1-46ad-98d9-a3196f7db815-groupManagement] INFO  server.RaftServerConfigKeys (ConfUtils.java:logGet(46)) - raft.server.log.force.sync.num = 128 (default)
2024-02-27 21:36:43,893 [d3d377a3-85e1-46ad-98d9-a3196f7db815-groupManagement] INFO  server.RaftServerConfigKeys (ConfUtils.java:logGet(46)) - raft.server.log.statemachine.data.sync = true (default)
2024-02-27 21:36:43,894 [d3d377a3-85e1-46ad-98d9-a3196f7db815-groupManagement] INFO  server.RaftServerConfigKeys (ConfUtils.java:logGet(46)) - raft.server.log.statemachine.data.sync.timeout = 10s (default)
2024-02-27 21:36:43,894 [d3d377a3-85e1-46ad-98d9-a3196f7db815-groupManagement] INFO  server.RaftServerConfigKeys (ConfUtils.java:logGet(46)) - raft.server.log.statemachine.data.sync.timeout.retry = 0 (custom)
2024-02-27 21:36:43,894 [d3d377a3-85e1-46ad-98d9-a3196f7db815-groupManagement] INFO  server.RaftServerConfigKeys (ConfUtils.java:logGet(46)) - raft.server.log.write.buffer.size = 8388616 (custom)
2024-02-27 21:36:43,896 [d3d377a3-85e1-46ad-98d9-a3196f7db815-groupManagement] INFO  server.RaftServerConfigKeys (ConfUtils.java:logGet(46)) - raft.server.log.appender.buffer.byte-limit = 8388608 (custom)
2024-02-27 21:36:43,896 [d3d377a3-85e1-46ad-98d9-a3196f7db815-groupManagement] INFO  server.RaftServerConfigKeys (ConfUtils.java:logGet(46)) - raft.server.log.unsafe-flush.enabled = false (default)
2024-02-27 21:36:43,896 [d3d377a3-85e1-46ad-98d9-a3196f7db815-groupManagement] INFO  server.RaftServerConfigKeys (ConfUtils.java:logGet(46)) - raft.server.log.async-flush.enabled = false (default)
2024-02-27 21:36:43,896 [d3d377a3-85e1-46ad-98d9-a3196f7db815-groupManagement] INFO  server.RaftServerConfigKeys (ConfUtils.java:logGet(46)) - raft.server.log.statemachine.data.caching.enabled = true (custom)
2024-02-27 21:36:43,896 [d3d377a3-85e1-46ad-98d9-a3196f7db815-groupManagement] INFO  segmented.SegmentedRaftLogWorker (SegmentedRaftLogWorker.java:lambda$new$0(134)) - d3d377a3-85e1-46ad-98d9-a3196f7db815@group-5E707275756C-SegmentedRaftLogWorker: flushIndex: setUnconditionally 0 -> -1
2024-02-27 21:36:43,896 [d3d377a3-85e1-46ad-98d9-a3196f7db815-groupManagement] INFO  segmented.SegmentedRaftLogWorker (SegmentedRaftLogWorker.java:lambda$new$0(134)) - d3d377a3-85e1-46ad-98d9-a3196f7db815@group-5E707275756C-SegmentedRaftLogWorker: safeCacheEvictIndex: setUnconditionally 0 -> -1
2024-02-27 21:36:43,890 [c855f1da-1b31-46a5-a68b-5d36f1d30008-groupManagement] INFO  util.AwaitToRun (AwaitToRun.java:start(81)) - Thread[c855f1da-1b31-46a5-a68b-5d36f1d30008@group-5560CD5E8260-cacheEviction-AwaitToRun,5,main] started
2024-02-27 21:36:43,897 [c855f1da-1b31-46a5-a68b-5d36f1d30008-groupManagement] INFO  segmented.SegmentedRaftLogWorker (SegmentedRaftLogWorker.java:<init>(182)) - new c855f1da-1b31-46a5-a68b-5d36f1d30008@group-5560CD5E8260-SegmentedRaftLogWorker for RaftStorageImpl:Storage Directory /home/runner/work/ozone/ozone/hadoop-ozone/integration-test/target/test-dir/MiniOzoneClusterImpl-377bd28b-19ec-4c3d-8af6-29a7f1113b2b/ozone-meta/datanode-2/ratis/a6c55939-43ae-4b67-aa53-5560cd5e8260
2024-02-27 21:36:43,897 [c855f1da-1b31-46a5-a68b-5d36f1d30008-groupManagement] INFO  server.RaftServerConfigKeys (ConfUtils.java:logGet(46)) - raft.server.log.queue.byte-limit = 4294967296 (custom)
2024-02-27 21:36:43,897 [c855f1da-1b31-46a5-a68b-5d36f1d30008-groupManagement] INFO  server.RaftServerConfigKeys (ConfUtils.java:logGet(46)) - raft.server.log.queue.element-limit = 1024 (custom)
2024-02-27 21:36:43,897 [c855f1da-1b31-46a5-a68b-5d36f1d30008-groupManagement] INFO  server.RaftServerConfigKeys (ConfUtils.java:logGet(46)) - raft.server.log.segment.size.max = 67108864 (custom)
2024-02-27 21:36:43,897 [c855f1da-1b31-46a5-a68b-5d36f1d30008-groupManagement] INFO  server.RaftServerConfigKeys (ConfUtils.java:logGet(46)) - raft.server.log.preallocated.size = 4194304 (custom)
2024-02-27 21:36:43,897 [c855f1da-1b31-46a5-a68b-5d36f1d30008-groupManagement] INFO  server.RaftServerConfigKeys (ConfUtils.java:logGet(46)) - raft.server.log.force.sync.num = 128 (default)
2024-02-27 21:36:43,897 [c855f1da-1b31-46a5-a68b-5d36f1d30008-groupManagement] INFO  server.RaftServerConfigKeys (ConfUtils.java:logGet(46)) - raft.server.log.statemachine.data.sync = true (default)
2024-02-27 21:36:43,897 [c855f1da-1b31-46a5-a68b-5d36f1d30008-groupManagement] INFO  server.RaftServerConfigKeys (ConfUtils.java:logGet(46)) - raft.server.log.statemachine.data.sync.timeout = 10s (default)
2024-02-27 21:36:43,897 [c855f1da-1b31-46a5-a68b-5d36f1d30008-groupManagement] INFO  server.RaftServerConfigKeys (ConfUtils.java:logGet(46)) - raft.server.log.statemachine.data.sync.timeout.retry = 0 (custom)
2024-02-27 21:36:43,889 [46ce47ac-a134-4cce-ba10-4493b406f4b0-groupManagement] INFO  util.AwaitToRun (AwaitToRun.java:start(81)) - Thread[46ce47ac-a134-4cce-ba10-4493b406f4b0@group-5560CD5E8260-cacheEviction-AwaitToRun,5,main] started
2024-02-27 21:36:43,898 [46ce47ac-a134-4cce-ba10-4493b406f4b0-groupManagement] INFO  segmented.SegmentedRaftLogWorker (SegmentedRaftLogWorker.java:<init>(182)) - new 46ce47ac-a134-4cce-ba10-4493b406f4b0@group-5560CD5E8260-SegmentedRaftLogWorker for RaftStorageImpl:Storage Directory /home/runner/work/ozone/ozone/hadoop-ozone/integration-test/target/test-dir/MiniOzoneClusterImpl-377bd28b-19ec-4c3d-8af6-29a7f1113b2b/ozone-meta/datanode-1/ratis/a6c55939-43ae-4b67-aa53-5560cd5e8260
2024-02-27 21:36:43,898 [46ce47ac-a134-4cce-ba10-4493b406f4b0-groupManagement] INFO  server.RaftServerConfigKeys (ConfUtils.java:logGet(46)) - raft.server.log.queue.byte-limit = 4294967296 (custom)
2024-02-27 21:36:43,898 [46ce47ac-a134-4cce-ba10-4493b406f4b0-groupManagement] INFO  server.RaftServerConfigKeys (ConfUtils.java:logGet(46)) - raft.server.log.queue.element-limit = 1024 (custom)
2024-02-27 21:36:43,898 [46ce47ac-a134-4cce-ba10-4493b406f4b0-groupManagement] INFO  server.RaftServerConfigKeys (ConfUtils.java:logGet(46)) - raft.server.log.segment.size.max = 67108864 (custom)
2024-02-27 21:36:43,898 [46ce47ac-a134-4cce-ba10-4493b406f4b0-groupManagement] INFO  server.RaftServerConfigKeys (ConfUtils.java:logGet(46)) - raft.server.log.preallocated.size = 4194304 (custom)
2024-02-27 21:36:43,898 [46ce47ac-a134-4cce-ba10-4493b406f4b0-groupManagement] INFO  server.RaftServerConfigKeys (ConfUtils.java:logGet(46)) - raft.server.log.force.sync.num = 128 (default)
2024-02-27 21:36:43,899 [46ce47ac-a134-4cce-ba10-4493b406f4b0-groupManagement] INFO  server.RaftServerConfigKeys (ConfUtils.java:logGet(46)) - raft.server.log.statemachine.data.sync = true (default)
2024-02-27 21:36:43,899 [46ce47ac-a134-4cce-ba10-4493b406f4b0-groupManagement] INFO  server.RaftServerConfigKeys (ConfUtils.java:logGet(46)) - raft.server.log.statemachine.data.sync.timeout = 10s (default)
2024-02-27 21:36:43,899 [46ce47ac-a134-4cce-ba10-4493b406f4b0-groupManagement] INFO  server.RaftServerConfigKeys (ConfUtils.java:logGet(46)) - raft.server.log.statemachine.data.sync.timeout.retry = 0 (custom)
2024-02-27 21:36:43,900 [c855f1da-1b31-46a5-a68b-5d36f1d30008-groupManagement] INFO  server.RaftServerConfigKeys (ConfUtils.java:logGet(46)) - raft.server.log.write.buffer.size = 8388616 (custom)
2024-02-27 21:36:43,893 [99aab7c0-d213-4f2c-9146-fe97bea2462a-groupManagement] INFO  server.RaftServerConfigKeys (ConfUtils.java:logGet(46)) - raft.server.threadpool.client.size = 0 (default)
2024-02-27 21:36:43,902 [99aab7c0-d213-4f2c-9146-fe97bea2462a-groupManagement] INFO  server.RaftServerConfigKeys (ConfUtils.java:logGet(46)) - raft.server.storage.free-space.min = 0MB (=0) (default)
2024-02-27 21:36:43,902 [99aab7c0-d213-4f2c-9146-fe97bea2462a-groupManagement] INFO  server.RaftServerConfigKeys (ConfUtils.java:logGet(46)) - raft.server.log.corruption.policy = EXCEPTION (default)
2024-02-27 21:36:43,903 [99aab7c0-d213-4f2c-9146-fe97bea2462a-groupManagement] INFO  server.RaftServerConfigKeys (ConfUtils.java:logGet(46)) - raft.server.storage.dir = [/home/runner/work/ozone/ozone/hadoop-ozone/integration-test/target/test-dir/MiniOzoneClusterImpl-377bd28b-19ec-4c3d-8af6-29a7f1113b2b/ozone-meta/datanode-5/ratis] (custom)
2024-02-27 21:36:43,903 [46ce47ac-a134-4cce-ba10-4493b406f4b0-groupManagement] INFO  server.RaftServerConfigKeys (ConfUtils.java:logGet(46)) - raft.server.log.write.buffer.size = 8388616 (custom)
2024-02-27 21:36:43,903 [99aab7c0-d213-4f2c-9146-fe97bea2462a-groupManagement] INFO  storage.RaftStorageDirectory (RaftStorageDirectoryImpl.java:analyzeStorage(138)) - The storage directory /home/runner/work/ozone/ozone/hadoop-ozone/integration-test/target/test-dir/MiniOzoneClusterImpl-377bd28b-19ec-4c3d-8af6-29a7f1113b2b/ozone-meta/datanode-5/ratis/60b12896-32bf-404d-9c65-26e798755c11 does not exist. Creating ...
2024-02-27 21:36:43,905 [46ce47ac-a134-4cce-ba10-4493b406f4b0-groupManagement] INFO  server.RaftServerConfigKeys (ConfUtils.java:logGet(46)) - raft.server.log.appender.buffer.byte-limit = 8388608 (custom)
2024-02-27 21:36:43,905 [46ce47ac-a134-4cce-ba10-4493b406f4b0-groupManagement] INFO  server.RaftServerConfigKeys (ConfUtils.java:logGet(46)) - raft.server.log.unsafe-flush.enabled = false (default)
2024-02-27 21:36:43,905 [46ce47ac-a134-4cce-ba10-4493b406f4b0-groupManagement] INFO  server.RaftServerConfigKeys (ConfUtils.java:logGet(46)) - raft.server.log.async-flush.enabled = false (default)
2024-02-27 21:36:43,905 [46ce47ac-a134-4cce-ba10-4493b406f4b0-groupManagement] INFO  server.RaftServerConfigKeys (ConfUtils.java:logGet(46)) - raft.server.log.statemachine.data.caching.enabled = true (custom)
2024-02-27 21:36:43,905 [99aab7c0-d213-4f2c-9146-fe97bea2462a-groupManagement] INFO  storage.RaftStorageDirectory (RaftStorageDirectoryImpl.java:tryLock(228)) - Lock on /home/runner/work/ozone/ozone/hadoop-ozone/integration-test/target/test-dir/MiniOzoneClusterImpl-377bd28b-19ec-4c3d-8af6-29a7f1113b2b/ozone-meta/datanode-5/ratis/60b12896-32bf-404d-9c65-26e798755c11/in_use.lock acquired by nodename 32143@fv-az531-651
2024-02-27 21:36:43,905 [46ce47ac-a134-4cce-ba10-4493b406f4b0-groupManagement] INFO  segmented.SegmentedRaftLogWorker (SegmentedRaftLogWorker.java:lambda$new$0(134)) - 46ce47ac-a134-4cce-ba10-4493b406f4b0@group-5560CD5E8260-SegmentedRaftLogWorker: flushIndex: setUnconditionally 0 -> -1
2024-02-27 21:36:43,905 [46ce47ac-a134-4cce-ba10-4493b406f4b0-groupManagement] INFO  segmented.SegmentedRaftLogWorker (SegmentedRaftLogWorker.java:lambda$new$0(134)) - 46ce47ac-a134-4cce-ba10-4493b406f4b0@group-5560CD5E8260-SegmentedRaftLogWorker: safeCacheEvictIndex: setUnconditionally 0 -> -1
2024-02-27 21:36:43,907 [d3d377a3-85e1-46ad-98d9-a3196f7db815-groupManagement] INFO  server.RaftServer$Division (RaftServerImpl.java:start(396)) - d3d377a3-85e1-46ad-98d9-a3196f7db815@group-5E707275756C: start as a follower, conf=-1: peers:[99aab7c0-d213-4f2c-9146-fe97bea2462a|10.1.0.18:15050, d3d377a3-85e1-46ad-98d9-a3196f7db815|10.1.0.18:15059, 33496502-95c3-4a2e-b72a-a08a7037350f|10.1.0.18:15041]|listeners:[], old=null
2024-02-27 21:36:43,907 [d3d377a3-85e1-46ad-98d9-a3196f7db815-groupManagement] INFO  server.RaftServer$Division (RaftServerImpl.java:setRole(383)) - d3d377a3-85e1-46ad-98d9-a3196f7db815@group-5E707275756C: changes role from      null to FOLLOWER at term 0 for startAsFollower
2024-02-27 21:36:43,907 [d3d377a3-85e1-46ad-98d9-a3196f7db815-groupManagement] INFO  impl.RoleInfo (RoleInfo.java:updateAndGet(139)) - d3d377a3-85e1-46ad-98d9-a3196f7db815: start d3d377a3-85e1-46ad-98d9-a3196f7db815@group-5E707275756C-FollowerState
2024-02-27 21:36:43,907 [c855f1da-1b31-46a5-a68b-5d36f1d30008-groupManagement] INFO  server.RaftServerConfigKeys (ConfUtils.java:logGet(46)) - raft.server.log.appender.buffer.byte-limit = 8388608 (custom)
2024-02-27 21:36:43,907 [c855f1da-1b31-46a5-a68b-5d36f1d30008-groupManagement] INFO  server.RaftServerConfigKeys (ConfUtils.java:logGet(46)) - raft.server.log.unsafe-flush.enabled = false (default)
2024-02-27 21:36:43,907 [c855f1da-1b31-46a5-a68b-5d36f1d30008-groupManagement] INFO  server.RaftServerConfigKeys (ConfUtils.java:logGet(46)) - raft.server.log.async-flush.enabled = false (default)
2024-02-27 21:36:43,907 [c855f1da-1b31-46a5-a68b-5d36f1d30008-groupManagement] INFO  server.RaftServerConfigKeys (ConfUtils.java:logGet(46)) - raft.server.log.statemachine.data.caching.enabled = true (custom)
2024-02-27 21:36:43,907 [99aab7c0-d213-4f2c-9146-fe97bea2462a-groupManagement] INFO  storage.RaftStorage (RaftStorageImpl.java:format(99)) - Storage directory /home/runner/work/ozone/ozone/hadoop-ozone/integration-test/target/test-dir/MiniOzoneClusterImpl-377bd28b-19ec-4c3d-8af6-29a7f1113b2b/ozone-meta/datanode-5/ratis/60b12896-32bf-404d-9c65-26e798755c11 has been successfully formatted.
2024-02-27 21:36:43,893 [9eee0c4a-241f-4a15-bff1-0522a907ac9b-groupManagement] INFO  server.RaftServerConfigKeys (ConfUtils.java:logGet(46)) - raft.server.log.appender.buffer.byte-limit = 8388608 (custom)
2024-02-27 21:36:43,908 [9eee0c4a-241f-4a15-bff1-0522a907ac9b-groupManagement] INFO  server.RaftServerConfigKeys (ConfUtils.java:logGet(46)) - raft.server.log.unsafe-flush.enabled = false (default)
2024-02-27 21:36:43,908 [9eee0c4a-241f-4a15-bff1-0522a907ac9b-groupManagement] INFO  server.RaftServerConfigKeys (ConfUtils.java:logGet(46)) - raft.server.log.async-flush.enabled = false (default)
2024-02-27 21:36:43,908 [9eee0c4a-241f-4a15-bff1-0522a907ac9b-groupManagement] INFO  server.RaftServerConfigKeys (ConfUtils.java:logGet(46)) - raft.server.log.statemachine.data.caching.enabled = true (custom)
2024-02-27 21:36:43,908 [9eee0c4a-241f-4a15-bff1-0522a907ac9b-groupManagement] INFO  segmented.SegmentedRaftLogWorker (SegmentedRaftLogWorker.java:lambda$new$0(134)) - 9eee0c4a-241f-4a15-bff1-0522a907ac9b@group-5560CD5E8260-SegmentedRaftLogWorker: flushIndex: setUnconditionally 0 -> -1
2024-02-27 21:36:43,908 [9eee0c4a-241f-4a15-bff1-0522a907ac9b-groupManagement] INFO  segmented.SegmentedRaftLogWorker (SegmentedRaftLogWorker.java:lambda$new$0(134)) - 9eee0c4a-241f-4a15-bff1-0522a907ac9b@group-5560CD5E8260-SegmentedRaftLogWorker: safeCacheEvictIndex: setUnconditionally 0 -> -1
2024-02-27 21:36:43,908 [c855f1da-1b31-46a5-a68b-5d36f1d30008-groupManagement] INFO  segmented.SegmentedRaftLogWorker (SegmentedRaftLogWorker.java:lambda$new$0(134)) - c855f1da-1b31-46a5-a68b-5d36f1d30008@group-5560CD5E8260-SegmentedRaftLogWorker: flushIndex: setUnconditionally 0 -> -1
2024-02-27 21:36:43,908 [99aab7c0-d213-4f2c-9146-fe97bea2462a-groupManagement] WARN  util.FileUtils (LogUtils.java:supplyAndLog(63)) - Failed to Files.newInputStream /home/runner/work/ozone/ozone/hadoop-ozone/integration-test/target/test-dir/MiniOzoneClusterImpl-377bd28b-19ec-4c3d-8af6-29a7f1113b2b/ozone-meta/datanode-5/ratis/60b12896-32bf-404d-9c65-26e798755c11/current/raft-meta.conf with options []: java.nio.file.NoSuchFileException: /home/runner/work/ozone/ozone/hadoop-ozone/integration-test/target/test-dir/MiniOzoneClusterImpl-377bd28b-19ec-4c3d-8af6-29a7f1113b2b/ozone-meta/datanode-5/ratis/60b12896-32bf-404d-9c65-26e798755c11/current/raft-meta.conf
2024-02-27 21:36:43,908 [c855f1da-1b31-46a5-a68b-5d36f1d30008-groupManagement] INFO  segmented.SegmentedRaftLogWorker (SegmentedRaftLogWorker.java:lambda$new$0(134)) - c855f1da-1b31-46a5-a68b-5d36f1d30008@group-5560CD5E8260-SegmentedRaftLogWorker: safeCacheEvictIndex: setUnconditionally 0 -> -1
2024-02-27 21:36:43,910 [d3d377a3-85e1-46ad-98d9-a3196f7db815@group-5E707275756C-FollowerState] INFO  server.RaftServerConfigKeys (ConfUtils.java:logFallback(53)) - raft.server.rpc.first-election.timeout.min = 5s (fallback to raft.server.rpc.timeout.min)
2024-02-27 21:36:43,911 [d3d377a3-85e1-46ad-98d9-a3196f7db815@group-5E707275756C-FollowerState] INFO  server.RaftServerConfigKeys (ConfUtils.java:logFallback(53)) - raft.server.rpc.first-election.timeout.max = 5200ms (fallback to raft.server.rpc.timeout.max)
2024-02-27 21:36:43,912 [9eee0c4a-241f-4a15-bff1-0522a907ac9b-groupManagement] INFO  server.RaftServer$Division (RaftServerImpl.java:start(396)) - 9eee0c4a-241f-4a15-bff1-0522a907ac9b@group-5560CD5E8260: start as a follower, conf=-1: peers:[9eee0c4a-241f-4a15-bff1-0522a907ac9b|10.1.0.18:15032, 46ce47ac-a134-4cce-ba10-4493b406f4b0|10.1.0.18:15014, c855f1da-1b31-46a5-a68b-5d36f1d30008|10.1.0.18:15023]|listeners:[], old=null
2024-02-27 21:36:43,912 [c855f1da-1b31-46a5-a68b-5d36f1d30008-groupManagement] INFO  server.RaftServer$Division (RaftServerImpl.java:start(396)) - c855f1da-1b31-46a5-a68b-5d36f1d30008@group-5560CD5E8260: start as a follower, conf=-1: peers:[9eee0c4a-241f-4a15-bff1-0522a907ac9b|10.1.0.18:15032, 46ce47ac-a134-4cce-ba10-4493b406f4b0|10.1.0.18:15014, c855f1da-1b31-46a5-a68b-5d36f1d30008|10.1.0.18:15023]|listeners:[], old=null
2024-02-27 21:36:43,912 [99aab7c0-d213-4f2c-9146-fe97bea2462a-groupManagement] INFO  ratis.ContainerStateMachine (ContainerStateMachine.java:loadSnapshot(287)) - group-26E798755C11: The snapshot info is null. Setting the last applied index to:(t:0, i:~)
2024-02-27 21:36:43,910 [d3d377a3-85e1-46ad-98d9-a3196f7db815-groupManagement] INFO  util.JmxRegister (JmxRegister.java:tryRegister(44)) - Successfully registered JMX Bean with object name Ratis:service=RaftServer,group=group-5E707275756C,id=d3d377a3-85e1-46ad-98d9-a3196f7db815
2024-02-27 21:36:43,912 [99aab7c0-d213-4f2c-9146-fe97bea2462a-groupManagement] INFO  server.RaftServerConfigKeys (ConfUtils.java:logGet(46)) - raft.server.log.use.memory = false (default)
2024-02-27 21:36:43,913 [99aab7c0-d213-4f2c-9146-fe97bea2462a-groupManagement] INFO  server.RaftServerConfigKeys (ConfUtils.java:logGet(46)) - raft.server.log.purge.gap = 1000000 (custom)
2024-02-27 21:36:43,913 [99aab7c0-d213-4f2c-9146-fe97bea2462a-groupManagement] INFO  server.RaftServerConfigKeys (ConfUtils.java:logGet(46)) - raft.server.log.appender.buffer.byte-limit = 8388608 (custom)
2024-02-27 21:36:43,913 [99aab7c0-d213-4f2c-9146-fe97bea2462a-groupManagement] INFO  server.RaftServerConfigKeys (ConfUtils.java:logGet(46)) - raft.server.log.statemachine.data.read.timeout = 1000ms (default)
2024-02-27 21:36:43,913 [99aab7c0-d213-4f2c-9146-fe97bea2462a-groupManagement] INFO  server.RaftServerConfigKeys (ConfUtils.java:logGet(46)) - raft.server.log.purge.preservation.log.num = 0 (default)
2024-02-27 21:36:43,912 [c855f1da-1b31-46a5-a68b-5d36f1d30008-groupManagement] INFO  server.RaftServer$Division (RaftServerImpl.java:setRole(383)) - c855f1da-1b31-46a5-a68b-5d36f1d30008@group-5560CD5E8260: changes role from      null to FOLLOWER at term 0 for startAsFollower
2024-02-27 21:36:43,920 [c855f1da-1b31-46a5-a68b-5d36f1d30008-groupManagement] INFO  impl.RoleInfo (RoleInfo.java:updateAndGet(139)) - c855f1da-1b31-46a5-a68b-5d36f1d30008: start c855f1da-1b31-46a5-a68b-5d36f1d30008@group-5560CD5E8260-FollowerState
2024-02-27 21:36:43,912 [9eee0c4a-241f-4a15-bff1-0522a907ac9b-groupManagement] INFO  server.RaftServer$Division (RaftServerImpl.java:setRole(383)) - 9eee0c4a-241f-4a15-bff1-0522a907ac9b@group-5560CD5E8260: changes role from      null to FOLLOWER at term 0 for startAsFollower
2024-02-27 21:36:43,920 [EventQueue-PipelineReportForPipelineReportHandler] INFO  pipeline.PipelineReportHandler (PipelineReportHandler.java:processPipelineReport(136)) - Opened pipeline PipelineID=60b12896-32bf-404d-9c65-26e798755c11
2024-02-27 21:36:43,920 [d3d377a3-85e1-46ad-98d9-a3196f7db815-groupManagement] INFO  server.RaftServerConfigKeys (ConfUtils.java:logGet(46)) - raft.server.snapshot.trigger-when-stop.enabled = true (default)
2024-02-27 21:36:43,920 [99aab7c0-d213-4f2c-9146-fe97bea2462a-groupManagement] INFO  server.RaftServerConfigKeys (ConfUtils.java:logGet(46)) - raft.server.log.segment.size.max = 67108864 (custom)
2024-02-27 21:36:43,921 [99aab7c0-d213-4f2c-9146-fe97bea2462a-groupManagement] INFO  server.RaftServerConfigKeys (ConfUtils.java:logGet(46)) - raft.server.log.segment.cache.num.max = 2 (custom)
2024-02-27 21:36:43,921 [99aab7c0-d213-4f2c-9146-fe97bea2462a-groupManagement] INFO  server.RaftServerConfigKeys (ConfUtils.java:logGet(46)) - raft.server.log.segment.cache.size.max = 200MB (=209715200) (default)
2024-02-27 21:36:43,921 [99aab7c0-d213-4f2c-9146-fe97bea2462a-groupManagement] INFO  server.RaftServerConfigKeys (ConfUtils.java:logGet(46)) - raft.server.log.appender.buffer.byte-limit = 8388608 (custom)
2024-02-27 21:36:43,922 [d3d377a3-85e1-46ad-98d9-a3196f7db815-groupManagement] INFO  server.RaftServerConfigKeys (ConfUtils.java:logGet(46)) - raft.server.snapshot.auto.trigger.enabled = true (custom)
2024-02-27 21:36:43,922 [d3d377a3-85e1-46ad-98d9-a3196f7db815-groupManagement] INFO  server.RaftServerConfigKeys (ConfUtils.java:logGet(46)) - raft.server.snapshot.auto.trigger.threshold = 10000 (custom)
2024-02-27 21:36:43,922 [d3d377a3-85e1-46ad-98d9-a3196f7db815-groupManagement] INFO  server.RaftServerConfigKeys (ConfUtils.java:logGet(46)) - raft.server.snapshot.retention.file.num = 5 (custom)
2024-02-27 21:36:43,922 [d3d377a3-85e1-46ad-98d9-a3196f7db815-groupManagement] INFO  server.RaftServerConfigKeys (ConfUtils.java:logGet(46)) - raft.server.log.purge.upto.snapshot.index = false (default)
2024-02-27 21:36:43,919 [46ce47ac-a134-4cce-ba10-4493b406f4b0-groupManagement] INFO  server.RaftServer$Division (RaftServerImpl.java:start(396)) - 46ce47ac-a134-4cce-ba10-4493b406f4b0@group-5560CD5E8260: start as a follower, conf=-1: peers:[9eee0c4a-241f-4a15-bff1-0522a907ac9b|10.1.0.18:15032, 46ce47ac-a134-4cce-ba10-4493b406f4b0|10.1.0.18:15014, c855f1da-1b31-46a5-a68b-5d36f1d30008|10.1.0.18:15023]|listeners:[], old=null
2024-02-27 21:36:43,921 [EventQueue-OpenPipelineForHealthyPipelineSafeModeRule] INFO  safemode.SCMSafeModeManager (HealthyPipelineSafeModeRule.java:process(140)) - SCM in safe mode. Healthy pipelines reported count is 0, required healthy pipeline reported count is 1
2024-02-27 21:36:43,922 [46ce47ac-a134-4cce-ba10-4493b406f4b0-groupManagement] INFO  server.RaftServer$Division (RaftServerImpl.java:setRole(383)) - 46ce47ac-a134-4cce-ba10-4493b406f4b0@group-5560CD5E8260: changes role from      null to FOLLOWER at term 0 for startAsFollower
2024-02-27 21:36:43,926 [c855f1da-1b31-46a5-a68b-5d36f1d30008-groupManagement] INFO  util.JmxRegister (JmxRegister.java:tryRegister(44)) - Successfully registered JMX Bean with object name Ratis:service=RaftServer,group=group-5560CD5E8260,id=c855f1da-1b31-46a5-a68b-5d36f1d30008
2024-02-27 21:36:43,926 [c855f1da-1b31-46a5-a68b-5d36f1d30008-groupManagement] INFO  server.RaftServerConfigKeys (ConfUtils.java:logGet(46)) - raft.server.snapshot.trigger-when-stop.enabled = true (default)
2024-02-27 21:36:43,926 [c855f1da-1b31-46a5-a68b-5d36f1d30008-groupManagement] INFO  server.RaftServerConfigKeys (ConfUtils.java:logGet(46)) - raft.server.snapshot.auto.trigger.enabled = true (custom)
2024-02-27 21:36:43,926 [c855f1da-1b31-46a5-a68b-5d36f1d30008-groupManagement] INFO  server.RaftServerConfigKeys (ConfUtils.java:logGet(46)) - raft.server.snapshot.auto.trigger.threshold = 10000 (custom)
2024-02-27 21:36:43,926 [c855f1da-1b31-46a5-a68b-5d36f1d30008-groupManagement] INFO  server.RaftServerConfigKeys (ConfUtils.java:logGet(46)) - raft.server.snapshot.retention.file.num = 5 (custom)
2024-02-27 21:36:43,926 [c855f1da-1b31-46a5-a68b-5d36f1d30008-groupManagement] INFO  server.RaftServerConfigKeys (ConfUtils.java:logGet(46)) - raft.server.log.purge.upto.snapshot.index = false (default)
2024-02-27 21:36:43,927 [c855f1da-1b31-46a5-a68b-5d36f1d30008@group-5560CD5E8260-FollowerState] INFO  server.RaftServerConfigKeys (ConfUtils.java:logFallback(53)) - raft.server.rpc.first-election.timeout.min = 5s (fallback to raft.server.rpc.timeout.min)
2024-02-27 21:36:43,927 [c855f1da-1b31-46a5-a68b-5d36f1d30008@group-5560CD5E8260-FollowerState] INFO  server.RaftServerConfigKeys (ConfUtils.java:logFallback(53)) - raft.server.rpc.first-election.timeout.max = 5200ms (fallback to raft.server.rpc.timeout.max)
2024-02-27 21:36:43,929 [c855f1da-1b31-46a5-a68b-5d36f1d30008-PipelineCommandHandlerThread-0] INFO  ratis.XceiverServerRatis (XceiverServerRatis.java:addGroup(864)) - Created group PipelineID=a6c55939-43ae-4b67-aa53-5560cd5e8260
2024-02-27 21:36:43,930 [46ce47ac-a134-4cce-ba10-4493b406f4b0-groupManagement] INFO  impl.RoleInfo (RoleInfo.java:updateAndGet(139)) - 46ce47ac-a134-4cce-ba10-4493b406f4b0: start 46ce47ac-a134-4cce-ba10-4493b406f4b0@group-5560CD5E8260-FollowerState
2024-02-27 21:36:43,934 [99aab7c0-d213-4f2c-9146-fe97bea2462a-groupManagement] INFO  util.AwaitToRun (AwaitToRun.java:start(81)) - Thread[99aab7c0-d213-4f2c-9146-fe97bea2462a@group-26E798755C11-cacheEviction-AwaitToRun,5,main] started
2024-02-27 21:36:43,934 [9eee0c4a-241f-4a15-bff1-0522a907ac9b-groupManagement] INFO  impl.RoleInfo (RoleInfo.java:updateAndGet(139)) - 9eee0c4a-241f-4a15-bff1-0522a907ac9b: start 9eee0c4a-241f-4a15-bff1-0522a907ac9b@group-5560CD5E8260-FollowerState
2024-02-27 21:36:43,934 [99aab7c0-d213-4f2c-9146-fe97bea2462a-groupManagement] INFO  segmented.SegmentedRaftLogWorker (SegmentedRaftLogWorker.java:<init>(182)) - new 99aab7c0-d213-4f2c-9146-fe97bea2462a@group-26E798755C11-SegmentedRaftLogWorker for RaftStorageImpl:Storage Directory /home/runner/work/ozone/ozone/hadoop-ozone/integration-test/target/test-dir/MiniOzoneClusterImpl-377bd28b-19ec-4c3d-8af6-29a7f1113b2b/ozone-meta/datanode-5/ratis/60b12896-32bf-404d-9c65-26e798755c11
2024-02-27 21:36:43,934 [99aab7c0-d213-4f2c-9146-fe97bea2462a-groupManagement] INFO  server.RaftServerConfigKeys (ConfUtils.java:logGet(46)) - raft.server.log.queue.byte-limit = 4294967296 (custom)
2024-02-27 21:36:43,934 [99aab7c0-d213-4f2c-9146-fe97bea2462a-groupManagement] INFO  server.RaftServerConfigKeys (ConfUtils.java:logGet(46)) - raft.server.log.queue.element-limit = 1024 (custom)
2024-02-27 21:36:43,934 [99aab7c0-d213-4f2c-9146-fe97bea2462a-groupManagement] INFO  server.RaftServerConfigKeys (ConfUtils.java:logGet(46)) - raft.server.log.segment.size.max = 67108864 (custom)
2024-02-27 21:36:43,934 [99aab7c0-d213-4f2c-9146-fe97bea2462a-groupManagement] INFO  server.RaftServerConfigKeys (ConfUtils.java:logGet(46)) - raft.server.log.preallocated.size = 4194304 (custom)
2024-02-27 21:36:43,935 [99aab7c0-d213-4f2c-9146-fe97bea2462a-groupManagement] INFO  server.RaftServerConfigKeys (ConfUtils.java:logGet(46)) - raft.server.log.force.sync.num = 128 (default)
2024-02-27 21:36:43,935 [99aab7c0-d213-4f2c-9146-fe97bea2462a-groupManagement] INFO  server.RaftServerConfigKeys (ConfUtils.java:logGet(46)) - raft.server.log.statemachine.data.sync = true (default)
2024-02-27 21:36:43,935 [99aab7c0-d213-4f2c-9146-fe97bea2462a-groupManagement] INFO  server.RaftServerConfigKeys (ConfUtils.java:logGet(46)) - raft.server.log.statemachine.data.sync.timeout = 10s (default)
2024-02-27 21:36:43,935 [99aab7c0-d213-4f2c-9146-fe97bea2462a-groupManagement] INFO  server.RaftServerConfigKeys (ConfUtils.java:logGet(46)) - raft.server.log.statemachine.data.sync.timeout.retry = 0 (custom)
2024-02-27 21:36:43,935 [99aab7c0-d213-4f2c-9146-fe97bea2462a-groupManagement] INFO  server.RaftServerConfigKeys (ConfUtils.java:logGet(46)) - raft.server.log.write.buffer.size = 8388616 (custom)
2024-02-27 21:36:43,936 [99aab7c0-d213-4f2c-9146-fe97bea2462a-groupManagement] INFO  server.RaftServerConfigKeys (ConfUtils.java:logGet(46)) - raft.server.log.appender.buffer.byte-limit = 8388608 (custom)
2024-02-27 21:36:43,937 [99aab7c0-d213-4f2c-9146-fe97bea2462a-groupManagement] INFO  server.RaftServerConfigKeys (ConfUtils.java:logGet(46)) - raft.server.log.unsafe-flush.enabled = false (default)
2024-02-27 21:36:43,937 [99aab7c0-d213-4f2c-9146-fe97bea2462a-groupManagement] INFO  server.RaftServerConfigKeys (ConfUtils.java:logGet(46)) - raft.server.log.async-flush.enabled = false (default)
2024-02-27 21:36:43,937 [99aab7c0-d213-4f2c-9146-fe97bea2462a-groupManagement] INFO  server.RaftServerConfigKeys (ConfUtils.java:logGet(46)) - raft.server.log.statemachine.data.caching.enabled = true (custom)
2024-02-27 21:36:43,937 [99aab7c0-d213-4f2c-9146-fe97bea2462a-groupManagement] INFO  segmented.SegmentedRaftLogWorker (SegmentedRaftLogWorker.java:lambda$new$0(134)) - 99aab7c0-d213-4f2c-9146-fe97bea2462a@group-26E798755C11-SegmentedRaftLogWorker: flushIndex: setUnconditionally 0 -> -1
2024-02-27 21:36:43,937 [99aab7c0-d213-4f2c-9146-fe97bea2462a-groupManagement] INFO  segmented.SegmentedRaftLogWorker (SegmentedRaftLogWorker.java:lambda$new$0(134)) - 99aab7c0-d213-4f2c-9146-fe97bea2462a@group-26E798755C11-SegmentedRaftLogWorker: safeCacheEvictIndex: setUnconditionally 0 -> -1
2024-02-27 21:36:43,943 [9eee0c4a-241f-4a15-bff1-0522a907ac9b@group-5560CD5E8260-FollowerState] INFO  server.RaftServerConfigKeys (ConfUtils.java:logFallback(53)) - raft.server.rpc.first-election.timeout.min = 5s (fallback to raft.server.rpc.timeout.min)
2024-02-27 21:36:43,943 [46ce47ac-a134-4cce-ba10-4493b406f4b0-groupManagement] INFO  util.JmxRegister (JmxRegister.java:tryRegister(44)) - Successfully registered JMX Bean with object name Ratis:service=RaftServer,group=group-5560CD5E8260,id=46ce47ac-a134-4cce-ba10-4493b406f4b0
2024-02-27 21:36:43,943 [46ce47ac-a134-4cce-ba10-4493b406f4b0-groupManagement] INFO  server.RaftServerConfigKeys (ConfUtils.java:logGet(46)) - raft.server.snapshot.trigger-when-stop.enabled = true (default)
2024-02-27 21:36:43,944 [46ce47ac-a134-4cce-ba10-4493b406f4b0-groupManagement] INFO  server.RaftServerConfigKeys (ConfUtils.java:logGet(46)) - raft.server.snapshot.auto.trigger.enabled = true (custom)
2024-02-27 21:36:43,944 [46ce47ac-a134-4cce-ba10-4493b406f4b0-groupManagement] INFO  server.RaftServerConfigKeys (ConfUtils.java:logGet(46)) - raft.server.snapshot.auto.trigger.threshold = 10000 (custom)
2024-02-27 21:36:43,944 [46ce47ac-a134-4cce-ba10-4493b406f4b0-groupManagement] INFO  server.RaftServerConfigKeys (ConfUtils.java:logGet(46)) - raft.server.snapshot.retention.file.num = 5 (custom)
2024-02-27 21:36:43,944 [46ce47ac-a134-4cce-ba10-4493b406f4b0-groupManagement] INFO  server.RaftServerConfigKeys (ConfUtils.java:logGet(46)) - raft.server.log.purge.upto.snapshot.index = false (default)
2024-02-27 21:36:43,948 [46ce47ac-a134-4cce-ba10-4493b406f4b0-PipelineCommandHandlerThread-0] INFO  ratis.XceiverServerRatis (XceiverServerRatis.java:addGroup(864)) - Created group PipelineID=a6c55939-43ae-4b67-aa53-5560cd5e8260
2024-02-27 21:36:43,943 [9eee0c4a-241f-4a15-bff1-0522a907ac9b-groupManagement] INFO  util.JmxRegister (JmxRegister.java:tryRegister(44)) - Successfully registered JMX Bean with object name Ratis:service=RaftServer,group=group-5560CD5E8260,id=9eee0c4a-241f-4a15-bff1-0522a907ac9b
2024-02-27 21:36:43,952 [9eee0c4a-241f-4a15-bff1-0522a907ac9b-groupManagement] INFO  server.RaftServerConfigKeys (ConfUtils.java:logGet(46)) - raft.server.snapshot.trigger-when-stop.enabled = true (default)
2024-02-27 21:36:43,952 [9eee0c4a-241f-4a15-bff1-0522a907ac9b-groupManagement] INFO  server.RaftServerConfigKeys (ConfUtils.java:logGet(46)) - raft.server.snapshot.auto.trigger.enabled = true (custom)
2024-02-27 21:36:43,952 [9eee0c4a-241f-4a15-bff1-0522a907ac9b-groupManagement] INFO  server.RaftServerConfigKeys (ConfUtils.java:logGet(46)) - raft.server.snapshot.auto.trigger.threshold = 10000 (custom)
2024-02-27 21:36:43,952 [9eee0c4a-241f-4a15-bff1-0522a907ac9b-groupManagement] INFO  server.RaftServerConfigKeys (ConfUtils.java:logGet(46)) - raft.server.snapshot.retention.file.num = 5 (custom)
2024-02-27 21:36:43,952 [9eee0c4a-241f-4a15-bff1-0522a907ac9b-groupManagement] INFO  server.RaftServerConfigKeys (ConfUtils.java:logGet(46)) - raft.server.log.purge.upto.snapshot.index = false (default)
2024-02-27 21:36:43,944 [99aab7c0-d213-4f2c-9146-fe97bea2462a-groupManagement] INFO  server.RaftServer$Division (RaftServerImpl.java:start(396)) - 99aab7c0-d213-4f2c-9146-fe97bea2462a@group-26E798755C11: start as a follower, conf=-1: peers:[99aab7c0-d213-4f2c-9146-fe97bea2462a|10.1.0.18:15050]|listeners:[], old=null
2024-02-27 21:36:43,953 [99aab7c0-d213-4f2c-9146-fe97bea2462a-groupManagement] INFO  server.RaftServer$Division (RaftServerImpl.java:setRole(383)) - 99aab7c0-d213-4f2c-9146-fe97bea2462a@group-26E798755C11: changes role from      null to FOLLOWER at term 0 for startAsFollower
2024-02-27 21:36:43,953 [99aab7c0-d213-4f2c-9146-fe97bea2462a-groupManagement] INFO  impl.RoleInfo (RoleInfo.java:updateAndGet(139)) - 99aab7c0-d213-4f2c-9146-fe97bea2462a: start 99aab7c0-d213-4f2c-9146-fe97bea2462a@group-26E798755C11-FollowerState
2024-02-27 21:36:43,944 [46ce47ac-a134-4cce-ba10-4493b406f4b0@group-5560CD5E8260-FollowerState] INFO  server.RaftServerConfigKeys (ConfUtils.java:logFallback(53)) - raft.server.rpc.first-election.timeout.min = 5s (fallback to raft.server.rpc.timeout.min)
2024-02-27 21:36:43,953 [46ce47ac-a134-4cce-ba10-4493b406f4b0@group-5560CD5E8260-FollowerState] INFO  server.RaftServerConfigKeys (ConfUtils.java:logFallback(53)) - raft.server.rpc.first-election.timeout.max = 5200ms (fallback to raft.server.rpc.timeout.max)
2024-02-27 21:36:43,943 [9eee0c4a-241f-4a15-bff1-0522a907ac9b@group-5560CD5E8260-FollowerState] INFO  server.RaftServerConfigKeys (ConfUtils.java:logFallback(53)) - raft.server.rpc.first-election.timeout.max = 5200ms (fallback to raft.server.rpc.timeout.max)
2024-02-27 21:36:43,953 [9eee0c4a-241f-4a15-bff1-0522a907ac9b-PipelineCommandHandlerThread-0] INFO  ratis.XceiverServerRatis (XceiverServerRatis.java:addGroup(864)) - Created group PipelineID=a6c55939-43ae-4b67-aa53-5560cd5e8260
2024-02-27 21:36:43,956 [99aab7c0-d213-4f2c-9146-fe97bea2462a-groupManagement] INFO  util.JmxRegister (JmxRegister.java:tryRegister(44)) - Successfully registered JMX Bean with object name Ratis:service=RaftServer,group=group-26E798755C11,id=99aab7c0-d213-4f2c-9146-fe97bea2462a
2024-02-27 21:36:43,956 [99aab7c0-d213-4f2c-9146-fe97bea2462a-groupManagement] INFO  server.RaftServerConfigKeys (ConfUtils.java:logGet(46)) - raft.server.snapshot.trigger-when-stop.enabled = true (default)
2024-02-27 21:36:43,956 [99aab7c0-d213-4f2c-9146-fe97bea2462a-groupManagement] INFO  server.RaftServerConfigKeys (ConfUtils.java:logGet(46)) - raft.server.snapshot.auto.trigger.enabled = true (custom)
2024-02-27 21:36:43,956 [99aab7c0-d213-4f2c-9146-fe97bea2462a-groupManagement] INFO  server.RaftServerConfigKeys (ConfUtils.java:logGet(46)) - raft.server.snapshot.auto.trigger.threshold = 10000 (custom)
2024-02-27 21:36:43,956 [99aab7c0-d213-4f2c-9146-fe97bea2462a-groupManagement] INFO  server.RaftServerConfigKeys (ConfUtils.java:logGet(46)) - raft.server.snapshot.retention.file.num = 5 (custom)
2024-02-27 21:36:43,956 [99aab7c0-d213-4f2c-9146-fe97bea2462a-groupManagement] INFO  server.RaftServerConfigKeys (ConfUtils.java:logGet(46)) - raft.server.log.purge.upto.snapshot.index = false (default)
2024-02-27 21:36:43,957 [99aab7c0-d213-4f2c-9146-fe97bea2462a@group-26E798755C11-FollowerState] INFO  server.RaftServerConfigKeys (ConfUtils.java:logFallback(53)) - raft.server.rpc.first-election.timeout.min = 5s (fallback to raft.server.rpc.timeout.min)
2024-02-27 21:36:43,957 [99aab7c0-d213-4f2c-9146-fe97bea2462a@group-26E798755C11-FollowerState] INFO  server.RaftServerConfigKeys (ConfUtils.java:logFallback(53)) - raft.server.rpc.first-election.timeout.max = 5200ms (fallback to raft.server.rpc.timeout.max)
2024-02-27 21:36:43,958 [99aab7c0-d213-4f2c-9146-fe97bea2462a-PipelineCommandHandlerThread-0] INFO  ratis.XceiverServerRatis (XceiverServerRatis.java:addGroup(864)) - Created group PipelineID=60b12896-32bf-404d-9c65-26e798755c11
2024-02-27 21:36:43,958 [99aab7c0-d213-4f2c-9146-fe97bea2462a-PipelineCommandHandlerThread-0] INFO  commandhandler.CreatePipelineCommandHandler (CreatePipelineCommandHandler.java:lambda$handle$2(124)) - Created Pipeline RATIS ONE PipelineID=60b12896-32bf-404d-9c65-26e798755c11.
2024-02-27 21:36:43,958 [99aab7c0-d213-4f2c-9146-fe97bea2462a-PipelineCommandHandlerThread-0] INFO  server.RaftServer (RaftServerProxy.java:addNew(100)) - 99aab7c0-d213-4f2c-9146-fe97bea2462a: addNew group-5E707275756C:[99aab7c0-d213-4f2c-9146-fe97bea2462a|10.1.0.18:15050, d3d377a3-85e1-46ad-98d9-a3196f7db815|10.1.0.18:15059, 33496502-95c3-4a2e-b72a-a08a7037350f|10.1.0.18:15041] returns group-5E707275756C:java.util.concurrent.CompletableFuture@1e0a6795[Not completed]
2024-02-27 21:36:43,959 [99aab7c0-d213-4f2c-9146-fe97bea2462a-groupManagement] INFO  server.RaftServer$Division (RaftServerImpl.java:<init>(256)) - 99aab7c0-d213-4f2c-9146-fe97bea2462a: new RaftServerImpl for group-5E707275756C:[99aab7c0-d213-4f2c-9146-fe97bea2462a|10.1.0.18:15050, d3d377a3-85e1-46ad-98d9-a3196f7db815|10.1.0.18:15059, 33496502-95c3-4a2e-b72a-a08a7037350f|10.1.0.18:15041] with ContainerStateMachine:uninitialized
2024-02-27 21:36:43,959 [99aab7c0-d213-4f2c-9146-fe97bea2462a-groupManagement] INFO  server.RaftServerConfigKeys (ConfUtils.java:logGet(46)) - raft.server.rpc.timeout.min = 5s (custom)
2024-02-27 21:36:43,960 [99aab7c0-d213-4f2c-9146-fe97bea2462a-groupManagement] INFO  server.RaftServerConfigKeys (ConfUtils.java:logGet(46)) - raft.server.rpc.timeout.max = 5200ms (custom)
2024-02-27 21:36:43,960 [99aab7c0-d213-4f2c-9146-fe97bea2462a-groupManagement] INFO  server.RaftServerConfigKeys (ConfUtils.java:logGet(46)) - raft.server.rpc.sleep.time = 25ms (default)
2024-02-27 21:36:43,960 [99aab7c0-d213-4f2c-9146-fe97bea2462a-groupManagement] INFO  server.RaftServerConfigKeys (ConfUtils.java:logGet(46)) - raft.server.rpc.slowness.timeout = 300s (custom)
2024-02-27 21:36:43,960 [99aab7c0-d213-4f2c-9146-fe97bea2462a-groupManagement] INFO  server.RaftServerConfigKeys (ConfUtils.java:logGet(46)) - raft.server.leaderelection.leader.step-down.wait-time = 10s (default)
2024-02-27 21:36:43,960 [99aab7c0-d213-4f2c-9146-fe97bea2462a-groupManagement] INFO  server.RaftServerConfigKeys (ConfUtils.java:logGet(46)) - raft.server.leaderelection.member.majority-add = false (default)
2024-02-27 21:36:43,960 [99aab7c0-d213-4f2c-9146-fe97bea2462a-groupManagement] INFO  server.RaftServerConfigKeys (ConfUtils.java:logGet(46)) - raft.server.sleep.deviation.threshold = 300ms (default)
2024-02-27 21:36:43,960 [99aab7c0-d213-4f2c-9146-fe97bea2462a-groupManagement] INFO  server.RaftServer$Division (ServerState.java:<init>(113)) - 99aab7c0-d213-4f2c-9146-fe97bea2462a@group-5E707275756C: ConfigurationManager, init=-1: peers:[99aab7c0-d213-4f2c-9146-fe97bea2462a|10.1.0.18:15050, d3d377a3-85e1-46ad-98d9-a3196f7db815|10.1.0.18:15059, 33496502-95c3-4a2e-b72a-a08a7037350f|10.1.0.18:15041]|listeners:[], old=null, confs=<EMPTY_MAP>
2024-02-27 21:36:43,960 [99aab7c0-d213-4f2c-9146-fe97bea2462a-groupManagement] INFO  server.RaftServerConfigKeys (ConfUtils.java:logGet(46)) - raft.server.notification.no-leader.timeout = 300s (custom)
2024-02-27 21:36:43,960 [99aab7c0-d213-4f2c-9146-fe97bea2462a-groupManagement] INFO  server.RaftServerConfigKeys (ConfUtils.java:logGet(46)) - raft.server.read.timeout = 10s (default)
2024-02-27 21:36:43,960 [99aab7c0-d213-4f2c-9146-fe97bea2462a-groupManagement] INFO  server.RaftServerConfigKeys (ConfUtils.java:logGet(46)) - raft.server.retrycache.expirytime = 600000ms (custom)
2024-02-27 21:36:43,960 [99aab7c0-d213-4f2c-9146-fe97bea2462a-groupManagement] INFO  server.RaftServerConfigKeys (ConfUtils.java:logGet(46)) - raft.server.retrycache.statistics.expirytime = 100ms (default)
2024-02-27 21:36:43,961 [99aab7c0-d213-4f2c-9146-fe97bea2462a-groupManagement] INFO  server.RaftServerConfigKeys (ConfUtils.java:logGet(46)) - raft.server.read.option = DEFAULT (default)
2024-02-27 21:36:43,961 [99aab7c0-d213-4f2c-9146-fe97bea2462a-groupManagement] INFO  server.RaftServerConfigKeys (ConfUtils.java:logGet(46)) - raft.server.read.read-after-write-consistent.write-index-cache.expiry-time = 60s (default)
2024-02-27 21:36:43,972 [99aab7c0-d213-4f2c-9146-fe97bea2462a-groupManagement] INFO  server.RaftServerConfigKeys (ConfUtils.java:logGet(46)) - raft.server.rpc.request.timeout = 60s (custom)
2024-02-27 21:36:43,972 [99aab7c0-d213-4f2c-9146-fe97bea2462a-groupManagement] INFO  server.RaftServerConfigKeys (ConfUtils.java:logGet(46)) - raft.server.log.appender.install.snapshot.enabled = false (custom)
2024-02-27 21:36:43,972 [99aab7c0-d213-4f2c-9146-fe97bea2462a-groupManagement] INFO  server.RaftServerConfigKeys (ConfUtils.java:logGet(46)) - raft.server.threadpool.server.cached = true (default)
2024-02-27 21:36:43,972 [99aab7c0-d213-4f2c-9146-fe97bea2462a-groupManagement] INFO  server.RaftServerConfigKeys (ConfUtils.java:logGet(46)) - raft.server.threadpool.server.size = 0 (default)
2024-02-27 21:36:43,972 [99aab7c0-d213-4f2c-9146-fe97bea2462a-groupManagement] INFO  server.RaftServerConfigKeys (ConfUtils.java:logGet(46)) - raft.server.threadpool.client.cached = true (default)
2024-02-27 21:36:43,972 [99aab7c0-d213-4f2c-9146-fe97bea2462a-groupManagement] INFO  server.RaftServerConfigKeys (ConfUtils.java:logGet(46)) - raft.server.threadpool.client.size = 0 (default)
2024-02-27 21:36:43,972 [99aab7c0-d213-4f2c-9146-fe97bea2462a-groupManagement] INFO  server.RaftServerConfigKeys (ConfUtils.java:logGet(46)) - raft.server.storage.free-space.min = 0MB (=0) (default)
2024-02-27 21:36:43,972 [99aab7c0-d213-4f2c-9146-fe97bea2462a-groupManagement] INFO  server.RaftServerConfigKeys (ConfUtils.java:logGet(46)) - raft.server.log.corruption.policy = EXCEPTION (default)
2024-02-27 21:36:43,972 [99aab7c0-d213-4f2c-9146-fe97bea2462a-groupManagement] INFO  server.RaftServerConfigKeys (ConfUtils.java:logGet(46)) - raft.server.storage.dir = [/home/runner/work/ozone/ozone/hadoop-ozone/integration-test/target/test-dir/MiniOzoneClusterImpl-377bd28b-19ec-4c3d-8af6-29a7f1113b2b/ozone-meta/datanode-5/ratis] (custom)
2024-02-27 21:36:43,973 [99aab7c0-d213-4f2c-9146-fe97bea2462a-groupManagement] INFO  storage.RaftStorageDirectory (RaftStorageDirectoryImpl.java:analyzeStorage(138)) - The storage directory /home/runner/work/ozone/ozone/hadoop-ozone/integration-test/target/test-dir/MiniOzoneClusterImpl-377bd28b-19ec-4c3d-8af6-29a7f1113b2b/ozone-meta/datanode-5/ratis/05e9f429-bd2a-4387-ae0a-5e707275756c does not exist. Creating ...
2024-02-27 21:36:43,974 [99aab7c0-d213-4f2c-9146-fe97bea2462a-groupManagement] INFO  storage.RaftStorageDirectory (RaftStorageDirectoryImpl.java:tryLock(228)) - Lock on /home/runner/work/ozone/ozone/hadoop-ozone/integration-test/target/test-dir/MiniOzoneClusterImpl-377bd28b-19ec-4c3d-8af6-29a7f1113b2b/ozone-meta/datanode-5/ratis/05e9f429-bd2a-4387-ae0a-5e707275756c/in_use.lock acquired by nodename 32143@fv-az531-651
2024-02-27 21:36:43,979 [99aab7c0-d213-4f2c-9146-fe97bea2462a-groupManagement] INFO  storage.RaftStorage (RaftStorageImpl.java:format(99)) - Storage directory /home/runner/work/ozone/ozone/hadoop-ozone/integration-test/target/test-dir/MiniOzoneClusterImpl-377bd28b-19ec-4c3d-8af6-29a7f1113b2b/ozone-meta/datanode-5/ratis/05e9f429-bd2a-4387-ae0a-5e707275756c has been successfully formatted.
2024-02-27 21:36:43,980 [99aab7c0-d213-4f2c-9146-fe97bea2462a-groupManagement] WARN  util.FileUtils (LogUtils.java:supplyAndLog(63)) - Failed to Files.newInputStream /home/runner/work/ozone/ozone/hadoop-ozone/integration-test/target/test-dir/MiniOzoneClusterImpl-377bd28b-19ec-4c3d-8af6-29a7f1113b2b/ozone-meta/datanode-5/ratis/05e9f429-bd2a-4387-ae0a-5e707275756c/current/raft-meta.conf with options []: java.nio.file.NoSuchFileException: /home/runner/work/ozone/ozone/hadoop-ozone/integration-test/target/test-dir/MiniOzoneClusterImpl-377bd28b-19ec-4c3d-8af6-29a7f1113b2b/ozone-meta/datanode-5/ratis/05e9f429-bd2a-4387-ae0a-5e707275756c/current/raft-meta.conf
2024-02-27 21:36:43,980 [99aab7c0-d213-4f2c-9146-fe97bea2462a-groupManagement] INFO  ratis.ContainerStateMachine (ContainerStateMachine.java:loadSnapshot(287)) - group-5E707275756C: The snapshot info is null. Setting the last applied index to:(t:0, i:~)
2024-02-27 21:36:43,980 [99aab7c0-d213-4f2c-9146-fe97bea2462a-groupManagement] INFO  server.RaftServerConfigKeys (ConfUtils.java:logGet(46)) - raft.server.log.use.memory = false (default)
2024-02-27 21:36:43,980 [99aab7c0-d213-4f2c-9146-fe97bea2462a-groupManagement] INFO  server.RaftServerConfigKeys (ConfUtils.java:logGet(46)) - raft.server.log.purge.gap = 1000000 (custom)
2024-02-27 21:36:43,980 [99aab7c0-d213-4f2c-9146-fe97bea2462a-groupManagement] INFO  server.RaftServerConfigKeys (ConfUtils.java:logGet(46)) - raft.server.log.appender.buffer.byte-limit = 8388608 (custom)
2024-02-27 21:36:43,980 [99aab7c0-d213-4f2c-9146-fe97bea2462a-groupManagement] INFO  server.RaftServerConfigKeys (ConfUtils.java:logGet(46)) - raft.server.log.statemachine.data.read.timeout = 1000ms (default)
2024-02-27 21:36:43,980 [99aab7c0-d213-4f2c-9146-fe97bea2462a-groupManagement] INFO  server.RaftServerConfigKeys (ConfUtils.java:logGet(46)) - raft.server.log.purge.preservation.log.num = 0 (default)
2024-02-27 21:36:43,983 [99aab7c0-d213-4f2c-9146-fe97bea2462a-groupManagement] INFO  server.RaftServerConfigKeys (ConfUtils.java:logGet(46)) - raft.server.log.segment.size.max = 67108864 (custom)
2024-02-27 21:36:43,983 [99aab7c0-d213-4f2c-9146-fe97bea2462a-groupManagement] INFO  server.RaftServerConfigKeys (ConfUtils.java:logGet(46)) - raft.server.log.segment.cache.num.max = 2 (custom)
2024-02-27 21:36:43,983 [99aab7c0-d213-4f2c-9146-fe97bea2462a-groupManagement] INFO  server.RaftServerConfigKeys (ConfUtils.java:logGet(46)) - raft.server.log.segment.cache.size.max = 200MB (=209715200) (default)
2024-02-27 21:36:43,983 [99aab7c0-d213-4f2c-9146-fe97bea2462a-groupManagement] INFO  server.RaftServerConfigKeys (ConfUtils.java:logGet(46)) - raft.server.log.appender.buffer.byte-limit = 8388608 (custom)
2024-02-27 21:36:43,984 [99aab7c0-d213-4f2c-9146-fe97bea2462a-groupManagement] INFO  util.AwaitToRun (AwaitToRun.java:start(81)) - Thread[99aab7c0-d213-4f2c-9146-fe97bea2462a@group-5E707275756C-cacheEviction-AwaitToRun,5,main] started
2024-02-27 21:36:43,984 [99aab7c0-d213-4f2c-9146-fe97bea2462a-groupManagement] INFO  segmented.SegmentedRaftLogWorker (SegmentedRaftLogWorker.java:<init>(182)) - new 99aab7c0-d213-4f2c-9146-fe97bea2462a@group-5E707275756C-SegmentedRaftLogWorker for RaftStorageImpl:Storage Directory /home/runner/work/ozone/ozone/hadoop-ozone/integration-test/target/test-dir/MiniOzoneClusterImpl-377bd28b-19ec-4c3d-8af6-29a7f1113b2b/ozone-meta/datanode-5/ratis/05e9f429-bd2a-4387-ae0a-5e707275756c
2024-02-27 21:36:43,984 [99aab7c0-d213-4f2c-9146-fe97bea2462a-groupManagement] INFO  server.RaftServerConfigKeys (ConfUtils.java:logGet(46)) - raft.server.log.queue.byte-limit = 4294967296 (custom)
2024-02-27 21:36:43,984 [99aab7c0-d213-4f2c-9146-fe97bea2462a-groupManagement] INFO  server.RaftServerConfigKeys (ConfUtils.java:logGet(46)) - raft.server.log.queue.element-limit = 1024 (custom)
2024-02-27 21:36:43,984 [99aab7c0-d213-4f2c-9146-fe97bea2462a-groupManagement] INFO  server.RaftServerConfigKeys (ConfUtils.java:logGet(46)) - raft.server.log.segment.size.max = 67108864 (custom)
2024-02-27 21:36:43,984 [99aab7c0-d213-4f2c-9146-fe97bea2462a-groupManagement] INFO  server.RaftServerConfigKeys (ConfUtils.java:logGet(46)) - raft.server.log.preallocated.size = 4194304 (custom)
2024-02-27 21:36:43,984 [99aab7c0-d213-4f2c-9146-fe97bea2462a-groupManagement] INFO  server.RaftServerConfigKeys (ConfUtils.java:logGet(46)) - raft.server.log.force.sync.num = 128 (default)
2024-02-27 21:36:43,984 [99aab7c0-d213-4f2c-9146-fe97bea2462a-groupManagement] INFO  server.RaftServerConfigKeys (ConfUtils.java:logGet(46)) - raft.server.log.statemachine.data.sync = true (default)
2024-02-27 21:36:43,984 [99aab7c0-d213-4f2c-9146-fe97bea2462a-groupManagement] INFO  server.RaftServerConfigKeys (ConfUtils.java:logGet(46)) - raft.server.log.statemachine.data.sync.timeout = 10s (default)
2024-02-27 21:36:43,984 [99aab7c0-d213-4f2c-9146-fe97bea2462a-groupManagement] INFO  server.RaftServerConfigKeys (ConfUtils.java:logGet(46)) - raft.server.log.statemachine.data.sync.timeout.retry = 0 (custom)
2024-02-27 21:36:43,985 [99aab7c0-d213-4f2c-9146-fe97bea2462a-groupManagement] INFO  server.RaftServerConfigKeys (ConfUtils.java:logGet(46)) - raft.server.log.write.buffer.size = 8388616 (custom)
2024-02-27 21:36:43,986 [99aab7c0-d213-4f2c-9146-fe97bea2462a-groupManagement] INFO  server.RaftServerConfigKeys (ConfUtils.java:logGet(46)) - raft.server.log.appender.buffer.byte-limit = 8388608 (custom)
2024-02-27 21:36:43,986 [99aab7c0-d213-4f2c-9146-fe97bea2462a-groupManagement] INFO  server.RaftServerConfigKeys (ConfUtils.java:logGet(46)) - raft.server.log.unsafe-flush.enabled = false (default)
2024-02-27 21:36:43,986 [99aab7c0-d213-4f2c-9146-fe97bea2462a-groupManagement] INFO  server.RaftServerConfigKeys (ConfUtils.java:logGet(46)) - raft.server.log.async-flush.enabled = false (default)
2024-02-27 21:36:43,986 [99aab7c0-d213-4f2c-9146-fe97bea2462a-groupManagement] INFO  server.RaftServerConfigKeys (ConfUtils.java:logGet(46)) - raft.server.log.statemachine.data.caching.enabled = true (custom)
2024-02-27 21:36:43,987 [99aab7c0-d213-4f2c-9146-fe97bea2462a-groupManagement] INFO  segmented.SegmentedRaftLogWorker (SegmentedRaftLogWorker.java:lambda$new$0(134)) - 99aab7c0-d213-4f2c-9146-fe97bea2462a@group-5E707275756C-SegmentedRaftLogWorker: flushIndex: setUnconditionally 0 -> -1
2024-02-27 21:36:43,988 [99aab7c0-d213-4f2c-9146-fe97bea2462a-groupManagement] INFO  segmented.SegmentedRaftLogWorker (SegmentedRaftLogWorker.java:lambda$new$0(134)) - 99aab7c0-d213-4f2c-9146-fe97bea2462a@group-5E707275756C-SegmentedRaftLogWorker: safeCacheEvictIndex: setUnconditionally 0 -> -1
2024-02-27 21:36:43,998 [99aab7c0-d213-4f2c-9146-fe97bea2462a-groupManagement] INFO  server.RaftServer$Division (RaftServerImpl.java:start(396)) - 99aab7c0-d213-4f2c-9146-fe97bea2462a@group-5E707275756C: start as a follower, conf=-1: peers:[99aab7c0-d213-4f2c-9146-fe97bea2462a|10.1.0.18:15050, d3d377a3-85e1-46ad-98d9-a3196f7db815|10.1.0.18:15059, 33496502-95c3-4a2e-b72a-a08a7037350f|10.1.0.18:15041]|listeners:[], old=null
2024-02-27 21:36:43,998 [99aab7c0-d213-4f2c-9146-fe97bea2462a-groupManagement] INFO  server.RaftServer$Division (RaftServerImpl.java:setRole(383)) - 99aab7c0-d213-4f2c-9146-fe97bea2462a@group-5E707275756C: changes role from      null to FOLLOWER at term 0 for startAsFollower
2024-02-27 21:36:43,999 [99aab7c0-d213-4f2c-9146-fe97bea2462a-groupManagement] INFO  impl.RoleInfo (RoleInfo.java:updateAndGet(139)) - 99aab7c0-d213-4f2c-9146-fe97bea2462a: start 99aab7c0-d213-4f2c-9146-fe97bea2462a@group-5E707275756C-FollowerState
2024-02-27 21:36:43,999 [99aab7c0-d213-4f2c-9146-fe97bea2462a-groupManagement] INFO  util.JmxRegister (JmxRegister.java:tryRegister(44)) - Successfully registered JMX Bean with object name Ratis:service=RaftServer,group=group-5E707275756C,id=99aab7c0-d213-4f2c-9146-fe97bea2462a
2024-02-27 21:36:43,999 [99aab7c0-d213-4f2c-9146-fe97bea2462a-groupManagement] INFO  server.RaftServerConfigKeys (ConfUtils.java:logGet(46)) - raft.server.snapshot.trigger-when-stop.enabled = true (default)
2024-02-27 21:36:43,999 [99aab7c0-d213-4f2c-9146-fe97bea2462a-groupManagement] INFO  server.RaftServerConfigKeys (ConfUtils.java:logGet(46)) - raft.server.snapshot.auto.trigger.enabled = true (custom)
2024-02-27 21:36:43,999 [99aab7c0-d213-4f2c-9146-fe97bea2462a-groupManagement] INFO  server.RaftServerConfigKeys (ConfUtils.java:logGet(46)) - raft.server.snapshot.auto.trigger.threshold = 10000 (custom)
2024-02-27 21:36:43,999 [99aab7c0-d213-4f2c-9146-fe97bea2462a-groupManagement] INFO  server.RaftServerConfigKeys (ConfUtils.java:logGet(46)) - raft.server.snapshot.retention.file.num = 5 (custom)
2024-02-27 21:36:43,999 [99aab7c0-d213-4f2c-9146-fe97bea2462a-groupManagement] INFO  server.RaftServerConfigKeys (ConfUtils.java:logGet(46)) - raft.server.log.purge.upto.snapshot.index = false (default)
2024-02-27 21:36:44,000 [EventQueue-OpenPipelineForHealthyPipelineSafeModeRule] INFO  safemode.SCMSafeModeManager (HealthyPipelineSafeModeRule.java:process(140)) - SCM in safe mode. Healthy pipelines reported count is 0, required healthy pipeline reported count is 1
2024-02-27 21:36:44,005 [main] INFO  ozone.MiniOzoneClusterImpl (MiniOzoneClusterImpl.java:lambda$waitForClusterToBeReady$0(195)) - Nodes are ready. Got 6 of 6 DN Heartbeats.
2024-02-27 21:36:44,008 [main] INFO  ozone.MiniOzoneClusterImpl (MiniOzoneClusterImpl.java:lambda$waitForClusterToBeReady$0(198)) - Waiting for cluster to exit safe mode
2024-02-27 21:36:44,008 [main] INFO  ozone.MiniOzoneClusterImpl (MiniOzoneClusterImpl.java:lambda$waitForClusterToBeReady$0(200)) - SCM became leader
2024-02-27 21:36:44,002 [d3d377a3-85e1-46ad-98d9-a3196f7db815-PipelineCommandHandlerThread-0] INFO  server.RaftServer (RaftServerProxy.java:addNew(100)) - d3d377a3-85e1-46ad-98d9-a3196f7db815: addNew group-6FA18942FC7A:[d3d377a3-85e1-46ad-98d9-a3196f7db815|10.1.0.18:15059] returns group-6FA18942FC7A:java.util.concurrent.CompletableFuture@5997eea6[Not completed]
2024-02-27 21:36:44,002 [d3d377a3-85e1-46ad-98d9-a3196f7db815-groupManagement] INFO  server.RaftServer$Division (RaftServerImpl.java:<init>(256)) - d3d377a3-85e1-46ad-98d9-a3196f7db815: new RaftServerImpl for group-6FA18942FC7A:[d3d377a3-85e1-46ad-98d9-a3196f7db815|10.1.0.18:15059] with ContainerStateMachine:uninitialized
2024-02-27 21:36:44,000 [99aab7c0-d213-4f2c-9146-fe97bea2462a@group-5E707275756C-FollowerState] INFO  server.RaftServerConfigKeys (ConfUtils.java:logFallback(53)) - raft.server.rpc.first-election.timeout.min = 5s (fallback to raft.server.rpc.timeout.min)
2024-02-27 21:36:44,009 [99aab7c0-d213-4f2c-9146-fe97bea2462a@group-5E707275756C-FollowerState] INFO  server.RaftServerConfigKeys (ConfUtils.java:logFallback(53)) - raft.server.rpc.first-election.timeout.max = 5200ms (fallback to raft.server.rpc.timeout.max)
2024-02-27 21:36:44,009 [d3d377a3-85e1-46ad-98d9-a3196f7db815-groupManagement] INFO  server.RaftServerConfigKeys (ConfUtils.java:logGet(46)) - raft.server.rpc.timeout.min = 5s (custom)
2024-02-27 21:36:44,010 [d3d377a3-85e1-46ad-98d9-a3196f7db815-groupManagement] INFO  server.RaftServerConfigKeys (ConfUtils.java:logGet(46)) - raft.server.rpc.timeout.max = 5200ms (custom)
2024-02-27 21:36:44,010 [d3d377a3-85e1-46ad-98d9-a3196f7db815-groupManagement] INFO  server.RaftServerConfigKeys (ConfUtils.java:logGet(46)) - raft.server.rpc.sleep.time = 25ms (default)
2024-02-27 21:36:44,010 [d3d377a3-85e1-46ad-98d9-a3196f7db815-groupManagement] INFO  server.RaftServerConfigKeys (ConfUtils.java:logGet(46)) - raft.server.rpc.slowness.timeout = 300s (custom)
2024-02-27 21:36:44,010 [d3d377a3-85e1-46ad-98d9-a3196f7db815-groupManagement] INFO  server.RaftServerConfigKeys (ConfUtils.java:logGet(46)) - raft.server.leaderelection.leader.step-down.wait-time = 10s (default)
2024-02-27 21:36:44,010 [d3d377a3-85e1-46ad-98d9-a3196f7db815-groupManagement] INFO  server.RaftServerConfigKeys (ConfUtils.java:logGet(46)) - raft.server.leaderelection.member.majority-add = false (default)
2024-02-27 21:36:44,010 [d3d377a3-85e1-46ad-98d9-a3196f7db815-groupManagement] INFO  server.RaftServerConfigKeys (ConfUtils.java:logGet(46)) - raft.server.sleep.deviation.threshold = 300ms (default)
2024-02-27 21:36:44,010 [d3d377a3-85e1-46ad-98d9-a3196f7db815-groupManagement] INFO  server.RaftServer$Division (ServerState.java:<init>(113)) - d3d377a3-85e1-46ad-98d9-a3196f7db815@group-6FA18942FC7A: ConfigurationManager, init=-1: peers:[d3d377a3-85e1-46ad-98d9-a3196f7db815|10.1.0.18:15059]|listeners:[], old=null, confs=<EMPTY_MAP>
2024-02-27 21:36:44,010 [d3d377a3-85e1-46ad-98d9-a3196f7db815-groupManagement] INFO  server.RaftServerConfigKeys (ConfUtils.java:logGet(46)) - raft.server.notification.no-leader.timeout = 300s (custom)
2024-02-27 21:36:44,010 [d3d377a3-85e1-46ad-98d9-a3196f7db815-groupManagement] INFO  server.RaftServerConfigKeys (ConfUtils.java:logGet(46)) - raft.server.read.timeout = 10s (default)
2024-02-27 21:36:44,011 [d3d377a3-85e1-46ad-98d9-a3196f7db815-groupManagement] INFO  server.RaftServerConfigKeys (ConfUtils.java:logGet(46)) - raft.server.retrycache.expirytime = 600000ms (custom)
2024-02-27 21:36:44,011 [d3d377a3-85e1-46ad-98d9-a3196f7db815-groupManagement] INFO  server.RaftServerConfigKeys (ConfUtils.java:logGet(46)) - raft.server.retrycache.statistics.expirytime = 100ms (default)
2024-02-27 21:36:44,011 [d3d377a3-85e1-46ad-98d9-a3196f7db815-groupManagement] INFO  server.RaftServerConfigKeys (ConfUtils.java:logGet(46)) - raft.server.read.option = DEFAULT (default)
2024-02-27 21:36:44,011 [d3d377a3-85e1-46ad-98d9-a3196f7db815-groupManagement] INFO  server.RaftServerConfigKeys (ConfUtils.java:logGet(46)) - raft.server.read.read-after-write-consistent.write-index-cache.expiry-time = 60s (default)
2024-02-27 21:36:44,014 [d3d377a3-85e1-46ad-98d9-a3196f7db815-groupManagement] INFO  server.RaftServerConfigKeys (ConfUtils.java:logGet(46)) - raft.server.rpc.request.timeout = 60s (custom)
2024-02-27 21:36:44,016 [99aab7c0-d213-4f2c-9146-fe97bea2462a-PipelineCommandHandlerThread-0] INFO  ratis.XceiverServerRatis (XceiverServerRatis.java:addGroup(864)) - Created group PipelineID=05e9f429-bd2a-4387-ae0a-5e707275756c
2024-02-27 21:36:44,016 [d3d377a3-85e1-46ad-98d9-a3196f7db815-groupManagement] INFO  server.RaftServerConfigKeys (ConfUtils.java:logGet(46)) - raft.server.log.appender.install.snapshot.enabled = false (custom)
2024-02-27 21:36:44,029 [d3d377a3-85e1-46ad-98d9-a3196f7db815-groupManagement] INFO  server.RaftServerConfigKeys (ConfUtils.java:logGet(46)) - raft.server.threadpool.server.cached = true (default)
2024-02-27 21:36:44,029 [d3d377a3-85e1-46ad-98d9-a3196f7db815-groupManagement] INFO  server.RaftServerConfigKeys (ConfUtils.java:logGet(46)) - raft.server.threadpool.server.size = 0 (default)
2024-02-27 21:36:44,030 [d3d377a3-85e1-46ad-98d9-a3196f7db815-groupManagement] INFO  server.RaftServerConfigKeys (ConfUtils.java:logGet(46)) - raft.server.threadpool.client.cached = true (default)
2024-02-27 21:36:44,030 [d3d377a3-85e1-46ad-98d9-a3196f7db815-groupManagement] INFO  server.RaftServerConfigKeys (ConfUtils.java:logGet(46)) - raft.server.threadpool.client.size = 0 (default)
2024-02-27 21:36:44,030 [d3d377a3-85e1-46ad-98d9-a3196f7db815-groupManagement] INFO  server.RaftServerConfigKeys (ConfUtils.java:logGet(46)) - raft.server.storage.free-space.min = 0MB (=0) (default)
2024-02-27 21:36:44,032 [d3d377a3-85e1-46ad-98d9-a3196f7db815-groupManagement] INFO  server.RaftServerConfigKeys (ConfUtils.java:logGet(46)) - raft.server.log.corruption.policy = EXCEPTION (default)
2024-02-27 21:36:44,032 [d3d377a3-85e1-46ad-98d9-a3196f7db815-groupManagement] INFO  server.RaftServerConfigKeys (ConfUtils.java:logGet(46)) - raft.server.storage.dir = [/home/runner/work/ozone/ozone/hadoop-ozone/integration-test/target/test-dir/MiniOzoneClusterImpl-377bd28b-19ec-4c3d-8af6-29a7f1113b2b/ozone-meta/datanode-6/ratis] (custom)
2024-02-27 21:36:44,032 [d3d377a3-85e1-46ad-98d9-a3196f7db815-groupManagement] INFO  storage.RaftStorageDirectory (RaftStorageDirectoryImpl.java:analyzeStorage(138)) - The storage directory /home/runner/work/ozone/ozone/hadoop-ozone/integration-test/target/test-dir/MiniOzoneClusterImpl-377bd28b-19ec-4c3d-8af6-29a7f1113b2b/ozone-meta/datanode-6/ratis/2d2e6ed8-d782-46de-ab75-6fa18942fc7a does not exist. Creating ...
2024-02-27 21:36:44,051 [d3d377a3-85e1-46ad-98d9-a3196f7db815-groupManagement] INFO  storage.RaftStorageDirectory (RaftStorageDirectoryImpl.java:tryLock(228)) - Lock on /home/runner/work/ozone/ozone/hadoop-ozone/integration-test/target/test-dir/MiniOzoneClusterImpl-377bd28b-19ec-4c3d-8af6-29a7f1113b2b/ozone-meta/datanode-6/ratis/2d2e6ed8-d782-46de-ab75-6fa18942fc7a/in_use.lock acquired by nodename 32143@fv-az531-651
2024-02-27 21:36:44,053 [d3d377a3-85e1-46ad-98d9-a3196f7db815-groupManagement] INFO  storage.RaftStorage (RaftStorageImpl.java:format(99)) - Storage directory /home/runner/work/ozone/ozone/hadoop-ozone/integration-test/target/test-dir/MiniOzoneClusterImpl-377bd28b-19ec-4c3d-8af6-29a7f1113b2b/ozone-meta/datanode-6/ratis/2d2e6ed8-d782-46de-ab75-6fa18942fc7a has been successfully formatted.
2024-02-27 21:36:44,053 [d3d377a3-85e1-46ad-98d9-a3196f7db815-groupManagement] WARN  util.FileUtils (LogUtils.java:supplyAndLog(63)) - Failed to Files.newInputStream /home/runner/work/ozone/ozone/hadoop-ozone/integration-test/target/test-dir/MiniOzoneClusterImpl-377bd28b-19ec-4c3d-8af6-29a7f1113b2b/ozone-meta/datanode-6/ratis/2d2e6ed8-d782-46de-ab75-6fa18942fc7a/current/raft-meta.conf with options []: java.nio.file.NoSuchFileException: /home/runner/work/ozone/ozone/hadoop-ozone/integration-test/target/test-dir/MiniOzoneClusterImpl-377bd28b-19ec-4c3d-8af6-29a7f1113b2b/ozone-meta/datanode-6/ratis/2d2e6ed8-d782-46de-ab75-6fa18942fc7a/current/raft-meta.conf
2024-02-27 21:36:44,054 [d3d377a3-85e1-46ad-98d9-a3196f7db815-groupManagement] INFO  ratis.ContainerStateMachine (ContainerStateMachine.java:loadSnapshot(287)) - group-6FA18942FC7A: The snapshot info is null. Setting the last applied index to:(t:0, i:~)
2024-02-27 21:36:44,054 [d3d377a3-85e1-46ad-98d9-a3196f7db815-groupManagement] INFO  server.RaftServerConfigKeys (ConfUtils.java:logGet(46)) - raft.server.log.use.memory = false (default)
2024-02-27 21:36:44,054 [d3d377a3-85e1-46ad-98d9-a3196f7db815-groupManagement] INFO  server.RaftServerConfigKeys (ConfUtils.java:logGet(46)) - raft.server.log.purge.gap = 1000000 (custom)
2024-02-27 21:36:44,054 [d3d377a3-85e1-46ad-98d9-a3196f7db815-groupManagement] INFO  server.RaftServerConfigKeys (ConfUtils.java:logGet(46)) - raft.server.log.appender.buffer.byte-limit = 8388608 (custom)
2024-02-27 21:36:44,054 [d3d377a3-85e1-46ad-98d9-a3196f7db815-groupManagement] INFO  server.RaftServerConfigKeys (ConfUtils.java:logGet(46)) - raft.server.log.statemachine.data.read.timeout = 1000ms (default)
2024-02-27 21:36:44,054 [d3d377a3-85e1-46ad-98d9-a3196f7db815-groupManagement] INFO  server.RaftServerConfigKeys (ConfUtils.java:logGet(46)) - raft.server.log.purge.preservation.log.num = 0 (default)
2024-02-27 21:36:44,056 [d3d377a3-85e1-46ad-98d9-a3196f7db815-groupManagement] INFO  server.RaftServerConfigKeys (ConfUtils.java:logGet(46)) - raft.server.log.segment.size.max = 67108864 (custom)
2024-02-27 21:36:44,057 [d3d377a3-85e1-46ad-98d9-a3196f7db815-groupManagement] INFO  server.RaftServerConfigKeys (ConfUtils.java:logGet(46)) - raft.server.log.segment.cache.num.max = 2 (custom)
2024-02-27 21:36:44,057 [d3d377a3-85e1-46ad-98d9-a3196f7db815-groupManagement] INFO  server.RaftServerConfigKeys (ConfUtils.java:logGet(46)) - raft.server.log.segment.cache.size.max = 200MB (=209715200) (default)
2024-02-27 21:36:44,058 [d3d377a3-85e1-46ad-98d9-a3196f7db815-groupManagement] INFO  server.RaftServerConfigKeys (ConfUtils.java:logGet(46)) - raft.server.log.appender.buffer.byte-limit = 8388608 (custom)
2024-02-27 21:36:44,061 [d3d377a3-85e1-46ad-98d9-a3196f7db815-groupManagement] INFO  util.AwaitToRun (AwaitToRun.java:start(81)) - Thread[d3d377a3-85e1-46ad-98d9-a3196f7db815@group-6FA18942FC7A-cacheEviction-AwaitToRun,5,main] started
2024-02-27 21:36:44,062 [d3d377a3-85e1-46ad-98d9-a3196f7db815-groupManagement] INFO  segmented.SegmentedRaftLogWorker (SegmentedRaftLogWorker.java:<init>(182)) - new d3d377a3-85e1-46ad-98d9-a3196f7db815@group-6FA18942FC7A-SegmentedRaftLogWorker for RaftStorageImpl:Storage Directory /home/runner/work/ozone/ozone/hadoop-ozone/integration-test/target/test-dir/MiniOzoneClusterImpl-377bd28b-19ec-4c3d-8af6-29a7f1113b2b/ozone-meta/datanode-6/ratis/2d2e6ed8-d782-46de-ab75-6fa18942fc7a
2024-02-27 21:36:44,062 [d3d377a3-85e1-46ad-98d9-a3196f7db815-groupManagement] INFO  server.RaftServerConfigKeys (ConfUtils.java:logGet(46)) - raft.server.log.queue.byte-limit = 4294967296 (custom)
2024-02-27 21:36:44,062 [d3d377a3-85e1-46ad-98d9-a3196f7db815-groupManagement] INFO  server.RaftServerConfigKeys (ConfUtils.java:logGet(46)) - raft.server.log.queue.element-limit = 1024 (custom)
2024-02-27 21:36:44,063 [d3d377a3-85e1-46ad-98d9-a3196f7db815-groupManagement] INFO  server.RaftServerConfigKeys (ConfUtils.java:logGet(46)) - raft.server.log.segment.size.max = 67108864 (custom)
2024-02-27 21:36:44,063 [d3d377a3-85e1-46ad-98d9-a3196f7db815-groupManagement] INFO  server.RaftServerConfigKeys (ConfUtils.java:logGet(46)) - raft.server.log.preallocated.size = 4194304 (custom)
2024-02-27 21:36:44,063 [d3d377a3-85e1-46ad-98d9-a3196f7db815-groupManagement] INFO  server.RaftServerConfigKeys (ConfUtils.java:logGet(46)) - raft.server.log.force.sync.num = 128 (default)
2024-02-27 21:36:44,064 [d3d377a3-85e1-46ad-98d9-a3196f7db815-groupManagement] INFO  server.RaftServerConfigKeys (ConfUtils.java:logGet(46)) - raft.server.log.statemachine.data.sync = true (default)
2024-02-27 21:36:44,064 [d3d377a3-85e1-46ad-98d9-a3196f7db815-groupManagement] INFO  server.RaftServerConfigKeys (ConfUtils.java:logGet(46)) - raft.server.log.statemachine.data.sync.timeout = 10s (default)
2024-02-27 21:36:44,064 [d3d377a3-85e1-46ad-98d9-a3196f7db815-groupManagement] INFO  server.RaftServerConfigKeys (ConfUtils.java:logGet(46)) - raft.server.log.statemachine.data.sync.timeout.retry = 0 (custom)
2024-02-27 21:36:44,065 [d3d377a3-85e1-46ad-98d9-a3196f7db815-groupManagement] INFO  server.RaftServerConfigKeys (ConfUtils.java:logGet(46)) - raft.server.log.write.buffer.size = 8388616 (custom)
2024-02-27 21:36:44,071 [d3d377a3-85e1-46ad-98d9-a3196f7db815-groupManagement] INFO  server.RaftServerConfigKeys (ConfUtils.java:logGet(46)) - raft.server.log.appender.buffer.byte-limit = 8388608 (custom)
2024-02-27 21:36:44,071 [d3d377a3-85e1-46ad-98d9-a3196f7db815-groupManagement] INFO  server.RaftServerConfigKeys (ConfUtils.java:logGet(46)) - raft.server.log.unsafe-flush.enabled = false (default)
2024-02-27 21:36:44,072 [d3d377a3-85e1-46ad-98d9-a3196f7db815-groupManagement] INFO  server.RaftServerConfigKeys (ConfUtils.java:logGet(46)) - raft.server.log.async-flush.enabled = false (default)
2024-02-27 21:36:44,072 [d3d377a3-85e1-46ad-98d9-a3196f7db815-groupManagement] INFO  server.RaftServerConfigKeys (ConfUtils.java:logGet(46)) - raft.server.log.statemachine.data.caching.enabled = true (custom)
2024-02-27 21:36:44,072 [d3d377a3-85e1-46ad-98d9-a3196f7db815-groupManagement] INFO  segmented.SegmentedRaftLogWorker (SegmentedRaftLogWorker.java:lambda$new$0(134)) - d3d377a3-85e1-46ad-98d9-a3196f7db815@group-6FA18942FC7A-SegmentedRaftLogWorker: flushIndex: setUnconditionally 0 -> -1
2024-02-27 21:36:44,073 [d3d377a3-85e1-46ad-98d9-a3196f7db815-groupManagement] INFO  segmented.SegmentedRaftLogWorker (SegmentedRaftLogWorker.java:lambda$new$0(134)) - d3d377a3-85e1-46ad-98d9-a3196f7db815@group-6FA18942FC7A-SegmentedRaftLogWorker: safeCacheEvictIndex: setUnconditionally 0 -> -1
2024-02-27 21:36:44,075 [33496502-95c3-4a2e-b72a-a08a7037350f-PipelineCommandHandlerThread-0] INFO  commandhandler.CreatePipelineCommandHandler (CreatePipelineCommandHandler.java:lambda$handle$2(124)) - Created Pipeline RATIS THREE PipelineID=05e9f429-bd2a-4387-ae0a-5e707275756c.
2024-02-27 21:36:44,085 [33496502-95c3-4a2e-b72a-a08a7037350f-PipelineCommandHandlerThread-0] INFO  server.RaftServer (RaftServerProxy.java:addNew(100)) - 33496502-95c3-4a2e-b72a-a08a7037350f: addNew group-32C5D878BA64:[99aab7c0-d213-4f2c-9146-fe97bea2462a|10.1.0.18:15050, d3d377a3-85e1-46ad-98d9-a3196f7db815|10.1.0.18:15059, 33496502-95c3-4a2e-b72a-a08a7037350f|10.1.0.18:15041] returns group-32C5D878BA64:java.util.concurrent.CompletableFuture@2711c072[Not completed]
2024-02-27 21:36:44,084 [EventQueue-PipelineReportForPipelineReportHandler] INFO  pipeline.PipelineReportHandler (PipelineReportHandler.java:processPipelineReport(136)) - Opened pipeline PipelineID=2d2e6ed8-d782-46de-ab75-6fa18942fc7a
2024-02-27 21:36:44,086 [EventQueue-OpenPipelineForHealthyPipelineSafeModeRule] INFO  safemode.SCMSafeModeManager (HealthyPipelineSafeModeRule.java:process(140)) - SCM in safe mode. Healthy pipelines reported count is 0, required healthy pipeline reported count is 1
2024-02-27 21:36:44,081 [d3d377a3-85e1-46ad-98d9-a3196f7db815-groupManagement] INFO  server.RaftServer$Division (RaftServerImpl.java:start(396)) - d3d377a3-85e1-46ad-98d9-a3196f7db815@group-6FA18942FC7A: start as a follower, conf=-1: peers:[d3d377a3-85e1-46ad-98d9-a3196f7db815|10.1.0.18:15059]|listeners:[], old=null
2024-02-27 21:36:44,086 [33496502-95c3-4a2e-b72a-a08a7037350f-groupManagement] INFO  server.RaftServer$Division (RaftServerImpl.java:<init>(256)) - 33496502-95c3-4a2e-b72a-a08a7037350f: new RaftServerImpl for group-32C5D878BA64:[99aab7c0-d213-4f2c-9146-fe97bea2462a|10.1.0.18:15050, d3d377a3-85e1-46ad-98d9-a3196f7db815|10.1.0.18:15059, 33496502-95c3-4a2e-b72a-a08a7037350f|10.1.0.18:15041] with ContainerStateMachine:uninitialized
2024-02-27 21:36:44,086 [33496502-95c3-4a2e-b72a-a08a7037350f-groupManagement] INFO  server.RaftServerConfigKeys (ConfUtils.java:logGet(46)) - raft.server.rpc.timeout.min = 5s (custom)
2024-02-27 21:36:44,086 [33496502-95c3-4a2e-b72a-a08a7037350f-groupManagement] INFO  server.RaftServerConfigKeys (ConfUtils.java:logGet(46)) - raft.server.rpc.timeout.max = 5200ms (custom)
2024-02-27 21:36:44,086 [33496502-95c3-4a2e-b72a-a08a7037350f-groupManagement] INFO  server.RaftServerConfigKeys (ConfUtils.java:logGet(46)) - raft.server.rpc.sleep.time = 25ms (default)
2024-02-27 21:36:44,086 [33496502-95c3-4a2e-b72a-a08a7037350f-groupManagement] INFO  server.RaftServerConfigKeys (ConfUtils.java:logGet(46)) - raft.server.rpc.slowness.timeout = 300s (custom)
2024-02-27 21:36:44,087 [33496502-95c3-4a2e-b72a-a08a7037350f-groupManagement] INFO  server.RaftServerConfigKeys (ConfUtils.java:logGet(46)) - raft.server.leaderelection.leader.step-down.wait-time = 10s (default)
2024-02-27 21:36:44,087 [33496502-95c3-4a2e-b72a-a08a7037350f-groupManagement] INFO  server.RaftServerConfigKeys (ConfUtils.java:logGet(46)) - raft.server.leaderelection.member.majority-add = false (default)
2024-02-27 21:36:44,087 [33496502-95c3-4a2e-b72a-a08a7037350f-groupManagement] INFO  server.RaftServerConfigKeys (ConfUtils.java:logGet(46)) - raft.server.sleep.deviation.threshold = 300ms (default)
2024-02-27 21:36:44,087 [33496502-95c3-4a2e-b72a-a08a7037350f-groupManagement] INFO  server.RaftServer$Division (ServerState.java:<init>(113)) - 33496502-95c3-4a2e-b72a-a08a7037350f@group-32C5D878BA64: ConfigurationManager, init=-1: peers:[99aab7c0-d213-4f2c-9146-fe97bea2462a|10.1.0.18:15050, d3d377a3-85e1-46ad-98d9-a3196f7db815|10.1.0.18:15059, 33496502-95c3-4a2e-b72a-a08a7037350f|10.1.0.18:15041]|listeners:[], old=null, confs=<EMPTY_MAP>
2024-02-27 21:36:44,087 [33496502-95c3-4a2e-b72a-a08a7037350f-groupManagement] INFO  server.RaftServerConfigKeys (ConfUtils.java:logGet(46)) - raft.server.notification.no-leader.timeout = 300s (custom)
2024-02-27 21:36:44,087 [33496502-95c3-4a2e-b72a-a08a7037350f-groupManagement] INFO  server.RaftServerConfigKeys (ConfUtils.java:logGet(46)) - raft.server.read.timeout = 10s (default)
2024-02-27 21:36:44,087 [33496502-95c3-4a2e-b72a-a08a7037350f-groupManagement] INFO  server.RaftServerConfigKeys (ConfUtils.java:logGet(46)) - raft.server.retrycache.expirytime = 600000ms (custom)
2024-02-27 21:36:44,087 [33496502-95c3-4a2e-b72a-a08a7037350f-groupManagement] INFO  server.RaftServerConfigKeys (ConfUtils.java:logGet(46)) - raft.server.retrycache.statistics.expirytime = 100ms (default)
2024-02-27 21:36:44,087 [33496502-95c3-4a2e-b72a-a08a7037350f-groupManagement] INFO  server.RaftServerConfigKeys (ConfUtils.java:logGet(46)) - raft.server.read.option = DEFAULT (default)
2024-02-27 21:36:44,090 [33496502-95c3-4a2e-b72a-a08a7037350f-groupManagement] INFO  server.RaftServerConfigKeys (ConfUtils.java:logGet(46)) - raft.server.read.read-after-write-consistent.write-index-cache.expiry-time = 60s (default)
2024-02-27 21:36:44,093 [33496502-95c3-4a2e-b72a-a08a7037350f-groupManagement] INFO  server.RaftServerConfigKeys (ConfUtils.java:logGet(46)) - raft.server.rpc.request.timeout = 60s (custom)
2024-02-27 21:36:44,093 [33496502-95c3-4a2e-b72a-a08a7037350f-groupManagement] INFO  server.RaftServerConfigKeys (ConfUtils.java:logGet(46)) - raft.server.log.appender.install.snapshot.enabled = false (custom)
2024-02-27 21:36:44,093 [33496502-95c3-4a2e-b72a-a08a7037350f-groupManagement] INFO  server.RaftServerConfigKeys (ConfUtils.java:logGet(46)) - raft.server.threadpool.server.cached = true (default)
2024-02-27 21:36:44,093 [33496502-95c3-4a2e-b72a-a08a7037350f-groupManagement] INFO  server.RaftServerConfigKeys (ConfUtils.java:logGet(46)) - raft.server.threadpool.server.size = 0 (default)
2024-02-27 21:36:44,090 [d3d377a3-85e1-46ad-98d9-a3196f7db815-groupManagement] INFO  server.RaftServer$Division (RaftServerImpl.java:setRole(383)) - d3d377a3-85e1-46ad-98d9-a3196f7db815@group-6FA18942FC7A: changes role from      null to FOLLOWER at term 0 for startAsFollower
2024-02-27 21:36:44,096 [33496502-95c3-4a2e-b72a-a08a7037350f-groupManagement] INFO  server.RaftServerConfigKeys (ConfUtils.java:logGet(46)) - raft.server.threadpool.client.cached = true (default)
2024-02-27 21:36:44,096 [d3d377a3-85e1-46ad-98d9-a3196f7db815-groupManagement] INFO  impl.RoleInfo (RoleInfo.java:updateAndGet(139)) - d3d377a3-85e1-46ad-98d9-a3196f7db815: start d3d377a3-85e1-46ad-98d9-a3196f7db815@group-6FA18942FC7A-FollowerState
2024-02-27 21:36:44,096 [33496502-95c3-4a2e-b72a-a08a7037350f-groupManagement] INFO  server.RaftServerConfigKeys (ConfUtils.java:logGet(46)) - raft.server.threadpool.client.size = 0 (default)
2024-02-27 21:36:44,097 [33496502-95c3-4a2e-b72a-a08a7037350f-groupManagement] INFO  server.RaftServerConfigKeys (ConfUtils.java:logGet(46)) - raft.server.storage.free-space.min = 0MB (=0) (default)
2024-02-27 21:36:44,097 [33496502-95c3-4a2e-b72a-a08a7037350f-groupManagement] INFO  server.RaftServerConfigKeys (ConfUtils.java:logGet(46)) - raft.server.log.corruption.policy = EXCEPTION (default)
2024-02-27 21:36:44,097 [33496502-95c3-4a2e-b72a-a08a7037350f-groupManagement] INFO  server.RaftServerConfigKeys (ConfUtils.java:logGet(46)) - raft.server.storage.dir = [/home/runner/work/ozone/ozone/hadoop-ozone/integration-test/target/test-dir/MiniOzoneClusterImpl-377bd28b-19ec-4c3d-8af6-29a7f1113b2b/ozone-meta/datanode-4/ratis] (custom)
2024-02-27 21:36:44,097 [33496502-95c3-4a2e-b72a-a08a7037350f-groupManagement] INFO  storage.RaftStorageDirectory (RaftStorageDirectoryImpl.java:analyzeStorage(138)) - The storage directory /home/runner/work/ozone/ozone/hadoop-ozone/integration-test/target/test-dir/MiniOzoneClusterImpl-377bd28b-19ec-4c3d-8af6-29a7f1113b2b/ozone-meta/datanode-4/ratis/2b113725-d10a-49e1-8944-32c5d878ba64 does not exist. Creating ...
2024-02-27 21:36:44,099 [33496502-95c3-4a2e-b72a-a08a7037350f-groupManagement] INFO  storage.RaftStorageDirectory (RaftStorageDirectoryImpl.java:tryLock(228)) - Lock on /home/runner/work/ozone/ozone/hadoop-ozone/integration-test/target/test-dir/MiniOzoneClusterImpl-377bd28b-19ec-4c3d-8af6-29a7f1113b2b/ozone-meta/datanode-4/ratis/2b113725-d10a-49e1-8944-32c5d878ba64/in_use.lock acquired by nodename 32143@fv-az531-651
2024-02-27 21:36:44,100 [33496502-95c3-4a2e-b72a-a08a7037350f-groupManagement] INFO  storage.RaftStorage (RaftStorageImpl.java:format(99)) - Storage directory /home/runner/work/ozone/ozone/hadoop-ozone/integration-test/target/test-dir/MiniOzoneClusterImpl-377bd28b-19ec-4c3d-8af6-29a7f1113b2b/ozone-meta/datanode-4/ratis/2b113725-d10a-49e1-8944-32c5d878ba64 has been successfully formatted.
2024-02-27 21:36:44,101 [33496502-95c3-4a2e-b72a-a08a7037350f-groupManagement] WARN  util.FileUtils (LogUtils.java:supplyAndLog(63)) - Failed to Files.newInputStream /home/runner/work/ozone/ozone/hadoop-ozone/integration-test/target/test-dir/MiniOzoneClusterImpl-377bd28b-19ec-4c3d-8af6-29a7f1113b2b/ozone-meta/datanode-4/ratis/2b113725-d10a-49e1-8944-32c5d878ba64/current/raft-meta.conf with options []: java.nio.file.NoSuchFileException: /home/runner/work/ozone/ozone/hadoop-ozone/integration-test/target/test-dir/MiniOzoneClusterImpl-377bd28b-19ec-4c3d-8af6-29a7f1113b2b/ozone-meta/datanode-4/ratis/2b113725-d10a-49e1-8944-32c5d878ba64/current/raft-meta.conf
2024-02-27 21:36:44,102 [d3d377a3-85e1-46ad-98d9-a3196f7db815-groupManagement] INFO  util.JmxRegister (JmxRegister.java:tryRegister(44)) - Successfully registered JMX Bean with object name Ratis:service=RaftServer,group=group-6FA18942FC7A,id=d3d377a3-85e1-46ad-98d9-a3196f7db815
2024-02-27 21:36:44,102 [d3d377a3-85e1-46ad-98d9-a3196f7db815-groupManagement] INFO  server.RaftServerConfigKeys (ConfUtils.java:logGet(46)) - raft.server.snapshot.trigger-when-stop.enabled = true (default)
2024-02-27 21:36:44,102 [d3d377a3-85e1-46ad-98d9-a3196f7db815-groupManagement] INFO  server.RaftServerConfigKeys (ConfUtils.java:logGet(46)) - raft.server.snapshot.auto.trigger.enabled = true (custom)
2024-02-27 21:36:44,102 [d3d377a3-85e1-46ad-98d9-a3196f7db815-groupManagement] INFO  server.RaftServerConfigKeys (ConfUtils.java:logGet(46)) - raft.server.snapshot.auto.trigger.threshold = 10000 (custom)
2024-02-27 21:36:44,102 [d3d377a3-85e1-46ad-98d9-a3196f7db815-groupManagement] INFO  server.RaftServerConfigKeys (ConfUtils.java:logGet(46)) - raft.server.snapshot.retention.file.num = 5 (custom)
2024-02-27 21:36:44,102 [d3d377a3-85e1-46ad-98d9-a3196f7db815-groupManagement] INFO  server.RaftServerConfigKeys (ConfUtils.java:logGet(46)) - raft.server.log.purge.upto.snapshot.index = false (default)
2024-02-27 21:36:44,102 [d3d377a3-85e1-46ad-98d9-a3196f7db815@group-6FA18942FC7A-FollowerState] INFO  server.RaftServerConfigKeys (ConfUtils.java:logFallback(53)) - raft.server.rpc.first-election.timeout.min = 5s (fallback to raft.server.rpc.timeout.min)
2024-02-27 21:36:44,108 [9eee0c4a-241f-4a15-bff1-0522a907ac9b-PipelineCommandHandlerThread-0] INFO  commandhandler.CreatePipelineCommandHandler (CreatePipelineCommandHandler.java:lambda$handle$2(124)) - Created Pipeline RATIS THREE PipelineID=a6c55939-43ae-4b67-aa53-5560cd5e8260.
2024-02-27 21:36:44,103 [d3d377a3-85e1-46ad-98d9-a3196f7db815-PipelineCommandHandlerThread-0] INFO  ratis.XceiverServerRatis (XceiverServerRatis.java:addGroup(864)) - Created group PipelineID=2d2e6ed8-d782-46de-ab75-6fa18942fc7a
2024-02-27 21:36:44,108 [d3d377a3-85e1-46ad-98d9-a3196f7db815-PipelineCommandHandlerThread-0] INFO  commandhandler.CreatePipelineCommandHandler (CreatePipelineCommandHandler.java:lambda$handle$2(124)) - Created Pipeline RATIS ONE PipelineID=2d2e6ed8-d782-46de-ab75-6fa18942fc7a.
2024-02-27 21:36:44,108 [d3d377a3-85e1-46ad-98d9-a3196f7db815-PipelineCommandHandlerThread-0] INFO  server.RaftServer (RaftServerProxy.java:addNew(100)) - d3d377a3-85e1-46ad-98d9-a3196f7db815: addNew group-32C5D878BA64:[99aab7c0-d213-4f2c-9146-fe97bea2462a|10.1.0.18:15050, d3d377a3-85e1-46ad-98d9-a3196f7db815|10.1.0.18:15059, 33496502-95c3-4a2e-b72a-a08a7037350f|10.1.0.18:15041] returns group-32C5D878BA64:java.util.concurrent.CompletableFuture@57500be4[Not completed]
2024-02-27 21:36:44,108 [c855f1da-1b31-46a5-a68b-5d36f1d30008-PipelineCommandHandlerThread-0] INFO  commandhandler.CreatePipelineCommandHandler (CreatePipelineCommandHandler.java:lambda$handle$2(124)) - Created Pipeline RATIS THREE PipelineID=a6c55939-43ae-4b67-aa53-5560cd5e8260.
2024-02-27 21:36:44,108 [d3d377a3-85e1-46ad-98d9-a3196f7db815@group-6FA18942FC7A-FollowerState] INFO  server.RaftServerConfigKeys (ConfUtils.java:logFallback(53)) - raft.server.rpc.first-election.timeout.max = 5200ms (fallback to raft.server.rpc.timeout.max)
2024-02-27 21:36:44,109 [33496502-95c3-4a2e-b72a-a08a7037350f-groupManagement] INFO  ratis.ContainerStateMachine (ContainerStateMachine.java:loadSnapshot(287)) - group-32C5D878BA64: The snapshot info is null. Setting the last applied index to:(t:0, i:~)
2024-02-27 21:36:44,109 [d3d377a3-85e1-46ad-98d9-a3196f7db815-groupManagement] INFO  server.RaftServer$Division (RaftServerImpl.java:<init>(256)) - d3d377a3-85e1-46ad-98d9-a3196f7db815: new RaftServerImpl for group-32C5D878BA64:[99aab7c0-d213-4f2c-9146-fe97bea2462a|10.1.0.18:15050, d3d377a3-85e1-46ad-98d9-a3196f7db815|10.1.0.18:15059, 33496502-95c3-4a2e-b72a-a08a7037350f|10.1.0.18:15041] with ContainerStateMachine:uninitialized
2024-02-27 21:36:44,110 [d3d377a3-85e1-46ad-98d9-a3196f7db815-groupManagement] INFO  server.RaftServerConfigKeys (ConfUtils.java:logGet(46)) - raft.server.rpc.timeout.min = 5s (custom)
2024-02-27 21:36:44,110 [d3d377a3-85e1-46ad-98d9-a3196f7db815-groupManagement] INFO  server.RaftServerConfigKeys (ConfUtils.java:logGet(46)) - raft.server.rpc.timeout.max = 5200ms (custom)
2024-02-27 21:36:44,110 [d3d377a3-85e1-46ad-98d9-a3196f7db815-groupManagement] INFO  server.RaftServerConfigKeys (ConfUtils.java:logGet(46)) - raft.server.rpc.sleep.time = 25ms (default)
2024-02-27 21:36:44,110 [d3d377a3-85e1-46ad-98d9-a3196f7db815-groupManagement] INFO  server.RaftServerConfigKeys (ConfUtils.java:logGet(46)) - raft.server.rpc.slowness.timeout = 300s (custom)
2024-02-27 21:36:44,110 [d3d377a3-85e1-46ad-98d9-a3196f7db815-groupManagement] INFO  server.RaftServerConfigKeys (ConfUtils.java:logGet(46)) - raft.server.leaderelection.leader.step-down.wait-time = 10s (default)
2024-02-27 21:36:44,110 [d3d377a3-85e1-46ad-98d9-a3196f7db815-groupManagement] INFO  server.RaftServerConfigKeys (ConfUtils.java:logGet(46)) - raft.server.leaderelection.member.majority-add = false (default)
2024-02-27 21:36:44,110 [d3d377a3-85e1-46ad-98d9-a3196f7db815-groupManagement] INFO  server.RaftServerConfigKeys (ConfUtils.java:logGet(46)) - raft.server.sleep.deviation.threshold = 300ms (default)
2024-02-27 21:36:44,110 [d3d377a3-85e1-46ad-98d9-a3196f7db815-groupManagement] INFO  server.RaftServer$Division (ServerState.java:<init>(113)) - d3d377a3-85e1-46ad-98d9-a3196f7db815@group-32C5D878BA64: ConfigurationManager, init=-1: peers:[99aab7c0-d213-4f2c-9146-fe97bea2462a|10.1.0.18:15050, d3d377a3-85e1-46ad-98d9-a3196f7db815|10.1.0.18:15059, 33496502-95c3-4a2e-b72a-a08a7037350f|10.1.0.18:15041]|listeners:[], old=null, confs=<EMPTY_MAP>
2024-02-27 21:36:44,110 [d3d377a3-85e1-46ad-98d9-a3196f7db815-groupManagement] INFO  server.RaftServerConfigKeys (ConfUtils.java:logGet(46)) - raft.server.notification.no-leader.timeout = 300s (custom)
2024-02-27 21:36:44,110 [d3d377a3-85e1-46ad-98d9-a3196f7db815-groupManagement] INFO  server.RaftServerConfigKeys (ConfUtils.java:logGet(46)) - raft.server.read.timeout = 10s (default)
2024-02-27 21:36:44,110 [d3d377a3-85e1-46ad-98d9-a3196f7db815-groupManagement] INFO  server.RaftServerConfigKeys (ConfUtils.java:logGet(46)) - raft.server.retrycache.expirytime = 600000ms (custom)
2024-02-27 21:36:44,110 [d3d377a3-85e1-46ad-98d9-a3196f7db815-groupManagement] INFO  server.RaftServerConfigKeys (ConfUtils.java:logGet(46)) - raft.server.retrycache.statistics.expirytime = 100ms (default)
2024-02-27 21:36:44,111 [d3d377a3-85e1-46ad-98d9-a3196f7db815-groupManagement] INFO  server.RaftServerConfigKeys (ConfUtils.java:logGet(46)) - raft.server.read.option = DEFAULT (default)
2024-02-27 21:36:44,111 [d3d377a3-85e1-46ad-98d9-a3196f7db815-groupManagement] INFO  server.RaftServerConfigKeys (ConfUtils.java:logGet(46)) - raft.server.read.read-after-write-consistent.write-index-cache.expiry-time = 60s (default)
2024-02-27 21:36:44,109 [33496502-95c3-4a2e-b72a-a08a7037350f-groupManagement] INFO  server.RaftServerConfigKeys (ConfUtils.java:logGet(46)) - raft.server.log.use.memory = false (default)
2024-02-27 21:36:44,112 [33496502-95c3-4a2e-b72a-a08a7037350f-groupManagement] INFO  server.RaftServerConfigKeys (ConfUtils.java:logGet(46)) - raft.server.log.purge.gap = 1000000 (custom)
2024-02-27 21:36:44,112 [33496502-95c3-4a2e-b72a-a08a7037350f-groupManagement] INFO  server.RaftServerConfigKeys (ConfUtils.java:logGet(46)) - raft.server.log.appender.buffer.byte-limit = 8388608 (custom)
2024-02-27 21:36:44,112 [33496502-95c3-4a2e-b72a-a08a7037350f-groupManagement] INFO  server.RaftServerConfigKeys (ConfUtils.java:logGet(46)) - raft.server.log.statemachine.data.read.timeout = 1000ms (default)
2024-02-27 21:36:44,113 [33496502-95c3-4a2e-b72a-a08a7037350f-groupManagement] INFO  server.RaftServerConfigKeys (ConfUtils.java:logGet(46)) - raft.server.log.purge.preservation.log.num = 0 (default)
2024-02-27 21:36:44,114 [d3d377a3-85e1-46ad-98d9-a3196f7db815-groupManagement] INFO  server.RaftServerConfigKeys (ConfUtils.java:logGet(46)) - raft.server.rpc.request.timeout = 60s (custom)
2024-02-27 21:36:44,114 [d3d377a3-85e1-46ad-98d9-a3196f7db815-groupManagement] INFO  server.RaftServerConfigKeys (ConfUtils.java:logGet(46)) - raft.server.log.appender.install.snapshot.enabled = false (custom)
2024-02-27 21:36:44,114 [d3d377a3-85e1-46ad-98d9-a3196f7db815-groupManagement] INFO  server.RaftServerConfigKeys (ConfUtils.java:logGet(46)) - raft.server.threadpool.server.cached = true (default)
2024-02-27 21:36:44,114 [d3d377a3-85e1-46ad-98d9-a3196f7db815-groupManagement] INFO  server.RaftServerConfigKeys (ConfUtils.java:logGet(46)) - raft.server.threadpool.server.size = 0 (default)
2024-02-27 21:36:44,114 [d3d377a3-85e1-46ad-98d9-a3196f7db815-groupManagement] INFO  server.RaftServerConfigKeys (ConfUtils.java:logGet(46)) - raft.server.threadpool.client.cached = true (default)
2024-02-27 21:36:44,114 [d3d377a3-85e1-46ad-98d9-a3196f7db815-groupManagement] INFO  server.RaftServerConfigKeys (ConfUtils.java:logGet(46)) - raft.server.threadpool.client.size = 0 (default)
2024-02-27 21:36:44,115 [d3d377a3-85e1-46ad-98d9-a3196f7db815-groupManagement] INFO  server.RaftServerConfigKeys (ConfUtils.java:logGet(46)) - raft.server.storage.free-space.min = 0MB (=0) (default)
2024-02-27 21:36:44,115 [d3d377a3-85e1-46ad-98d9-a3196f7db815-groupManagement] INFO  server.RaftServerConfigKeys (ConfUtils.java:logGet(46)) - raft.server.log.corruption.policy = EXCEPTION (default)
2024-02-27 21:36:44,115 [d3d377a3-85e1-46ad-98d9-a3196f7db815-groupManagement] INFO  server.RaftServerConfigKeys (ConfUtils.java:logGet(46)) - raft.server.storage.dir = [/home/runner/work/ozone/ozone/hadoop-ozone/integration-test/target/test-dir/MiniOzoneClusterImpl-377bd28b-19ec-4c3d-8af6-29a7f1113b2b/ozone-meta/datanode-6/ratis] (custom)
2024-02-27 21:36:44,115 [d3d377a3-85e1-46ad-98d9-a3196f7db815-groupManagement] INFO  storage.RaftStorageDirectory (RaftStorageDirectoryImpl.java:analyzeStorage(138)) - The storage directory /home/runner/work/ozone/ozone/hadoop-ozone/integration-test/target/test-dir/MiniOzoneClusterImpl-377bd28b-19ec-4c3d-8af6-29a7f1113b2b/ozone-meta/datanode-6/ratis/2b113725-d10a-49e1-8944-32c5d878ba64 does not exist. Creating ...
2024-02-27 21:36:44,116 [d3d377a3-85e1-46ad-98d9-a3196f7db815-groupManagement] INFO  storage.RaftStorageDirectory (RaftStorageDirectoryImpl.java:tryLock(228)) - Lock on /home/runner/work/ozone/ozone/hadoop-ozone/integration-test/target/test-dir/MiniOzoneClusterImpl-377bd28b-19ec-4c3d-8af6-29a7f1113b2b/ozone-meta/datanode-6/ratis/2b113725-d10a-49e1-8944-32c5d878ba64/in_use.lock acquired by nodename 32143@fv-az531-651
2024-02-27 21:36:44,119 [d3d377a3-85e1-46ad-98d9-a3196f7db815-groupManagement] INFO  storage.RaftStorage (RaftStorageImpl.java:format(99)) - Storage directory /home/runner/work/ozone/ozone/hadoop-ozone/integration-test/target/test-dir/MiniOzoneClusterImpl-377bd28b-19ec-4c3d-8af6-29a7f1113b2b/ozone-meta/datanode-6/ratis/2b113725-d10a-49e1-8944-32c5d878ba64 has been successfully formatted.
2024-02-27 21:36:44,119 [d3d377a3-85e1-46ad-98d9-a3196f7db815-groupManagement] WARN  util.FileUtils (LogUtils.java:supplyAndLog(63)) - Failed to Files.newInputStream /home/runner/work/ozone/ozone/hadoop-ozone/integration-test/target/test-dir/MiniOzoneClusterImpl-377bd28b-19ec-4c3d-8af6-29a7f1113b2b/ozone-meta/datanode-6/ratis/2b113725-d10a-49e1-8944-32c5d878ba64/current/raft-meta.conf with options []: java.nio.file.NoSuchFileException: /home/runner/work/ozone/ozone/hadoop-ozone/integration-test/target/test-dir/MiniOzoneClusterImpl-377bd28b-19ec-4c3d-8af6-29a7f1113b2b/ozone-meta/datanode-6/ratis/2b113725-d10a-49e1-8944-32c5d878ba64/current/raft-meta.conf
2024-02-27 21:36:44,120 [d3d377a3-85e1-46ad-98d9-a3196f7db815-groupManagement] INFO  ratis.ContainerStateMachine (ContainerStateMachine.java:loadSnapshot(287)) - group-32C5D878BA64: The snapshot info is null. Setting the last applied index to:(t:0, i:~)
2024-02-27 21:36:44,120 [d3d377a3-85e1-46ad-98d9-a3196f7db815-groupManagement] INFO  server.RaftServerConfigKeys (ConfUtils.java:logGet(46)) - raft.server.log.use.memory = false (default)
2024-02-27 21:36:44,121 [EventQueue-OpenPipelineForHealthyPipelineSafeModeRule] INFO  safemode.SCMSafeModeManager (HealthyPipelineSafeModeRule.java:process(140)) - SCM in safe mode. Healthy pipelines reported count is 0, required healthy pipeline reported count is 1
2024-02-27 21:36:44,121 [33496502-95c3-4a2e-b72a-a08a7037350f-groupManagement] INFO  server.RaftServerConfigKeys (ConfUtils.java:logGet(46)) - raft.server.log.segment.size.max = 67108864 (custom)
2024-02-27 21:36:44,121 [33496502-95c3-4a2e-b72a-a08a7037350f-groupManagement] INFO  server.RaftServerConfigKeys (ConfUtils.java:logGet(46)) - raft.server.log.segment.cache.num.max = 2 (custom)
2024-02-27 21:36:44,122 [33496502-95c3-4a2e-b72a-a08a7037350f-groupManagement] INFO  server.RaftServerConfigKeys (ConfUtils.java:logGet(46)) - raft.server.log.segment.cache.size.max = 200MB (=209715200) (default)
2024-02-27 21:36:44,122 [33496502-95c3-4a2e-b72a-a08a7037350f-groupManagement] INFO  server.RaftServerConfigKeys (ConfUtils.java:logGet(46)) - raft.server.log.appender.buffer.byte-limit = 8388608 (custom)
2024-02-27 21:36:44,122 [d3d377a3-85e1-46ad-98d9-a3196f7db815-groupManagement] INFO  server.RaftServerConfigKeys (ConfUtils.java:logGet(46)) - raft.server.log.purge.gap = 1000000 (custom)
2024-02-27 21:36:44,123 [d3d377a3-85e1-46ad-98d9-a3196f7db815-groupManagement] INFO  server.RaftServerConfigKeys (ConfUtils.java:logGet(46)) - raft.server.log.appender.buffer.byte-limit = 8388608 (custom)
2024-02-27 21:36:44,123 [d3d377a3-85e1-46ad-98d9-a3196f7db815-groupManagement] INFO  server.RaftServerConfigKeys (ConfUtils.java:logGet(46)) - raft.server.log.statemachine.data.read.timeout = 1000ms (default)
2024-02-27 21:36:44,123 [d3d377a3-85e1-46ad-98d9-a3196f7db815-groupManagement] INFO  server.RaftServerConfigKeys (ConfUtils.java:logGet(46)) - raft.server.log.purge.preservation.log.num = 0 (default)
2024-02-27 21:36:44,125 [33496502-95c3-4a2e-b72a-a08a7037350f-groupManagement] INFO  util.AwaitToRun (AwaitToRun.java:start(81)) - Thread[33496502-95c3-4a2e-b72a-a08a7037350f@group-32C5D878BA64-cacheEviction-AwaitToRun,5,main] started
2024-02-27 21:36:44,127 [EventQueue-OpenPipelineForHealthyPipelineSafeModeRule] INFO  safemode.SCMSafeModeManager (HealthyPipelineSafeModeRule.java:process(140)) - SCM in safe mode. Healthy pipelines reported count is 0, required healthy pipeline reported count is 1
2024-02-27 21:36:44,127 [33496502-95c3-4a2e-b72a-a08a7037350f-groupManagement] INFO  segmented.SegmentedRaftLogWorker (SegmentedRaftLogWorker.java:<init>(182)) - new 33496502-95c3-4a2e-b72a-a08a7037350f@group-32C5D878BA64-SegmentedRaftLogWorker for RaftStorageImpl:Storage Directory /home/runner/work/ozone/ozone/hadoop-ozone/integration-test/target/test-dir/MiniOzoneClusterImpl-377bd28b-19ec-4c3d-8af6-29a7f1113b2b/ozone-meta/datanode-4/ratis/2b113725-d10a-49e1-8944-32c5d878ba64
2024-02-27 21:36:44,127 [33496502-95c3-4a2e-b72a-a08a7037350f-groupManagement] INFO  server.RaftServerConfigKeys (ConfUtils.java:logGet(46)) - raft.server.log.queue.byte-limit = 4294967296 (custom)
2024-02-27 21:36:44,127 [33496502-95c3-4a2e-b72a-a08a7037350f-groupManagement] INFO  server.RaftServerConfigKeys (ConfUtils.java:logGet(46)) - raft.server.log.queue.element-limit = 1024 (custom)
2024-02-27 21:36:44,128 [33496502-95c3-4a2e-b72a-a08a7037350f-groupManagement] INFO  server.RaftServerConfigKeys (ConfUtils.java:logGet(46)) - raft.server.log.segment.size.max = 67108864 (custom)
2024-02-27 21:36:44,128 [33496502-95c3-4a2e-b72a-a08a7037350f-groupManagement] INFO  server.RaftServerConfigKeys (ConfUtils.java:logGet(46)) - raft.server.log.preallocated.size = 4194304 (custom)
2024-02-27 21:36:44,128 [33496502-95c3-4a2e-b72a-a08a7037350f-groupManagement] INFO  server.RaftServerConfigKeys (ConfUtils.java:logGet(46)) - raft.server.log.force.sync.num = 128 (default)
2024-02-27 21:36:44,128 [33496502-95c3-4a2e-b72a-a08a7037350f-groupManagement] INFO  server.RaftServerConfigKeys (ConfUtils.java:logGet(46)) - raft.server.log.statemachine.data.sync = true (default)
2024-02-27 21:36:44,128 [33496502-95c3-4a2e-b72a-a08a7037350f-groupManagement] INFO  server.RaftServerConfigKeys (ConfUtils.java:logGet(46)) - raft.server.log.statemachine.data.sync.timeout = 10s (default)
2024-02-27 21:36:44,128 [33496502-95c3-4a2e-b72a-a08a7037350f-groupManagement] INFO  server.RaftServerConfigKeys (ConfUtils.java:logGet(46)) - raft.server.log.statemachine.data.sync.timeout.retry = 0 (custom)
2024-02-27 21:36:44,129 [33496502-95c3-4a2e-b72a-a08a7037350f-groupManagement] INFO  server.RaftServerConfigKeys (ConfUtils.java:logGet(46)) - raft.server.log.write.buffer.size = 8388616 (custom)
2024-02-27 21:36:44,130 [d3d377a3-85e1-46ad-98d9-a3196f7db815-groupManagement] INFO  server.RaftServerConfigKeys (ConfUtils.java:logGet(46)) - raft.server.log.segment.size.max = 67108864 (custom)
2024-02-27 21:36:44,130 [d3d377a3-85e1-46ad-98d9-a3196f7db815-groupManagement] INFO  server.RaftServerConfigKeys (ConfUtils.java:logGet(46)) - raft.server.log.segment.cache.num.max = 2 (custom)
2024-02-27 21:36:44,130 [d3d377a3-85e1-46ad-98d9-a3196f7db815-groupManagement] INFO  server.RaftServerConfigKeys (ConfUtils.java:logGet(46)) - raft.server.log.segment.cache.size.max = 200MB (=209715200) (default)
2024-02-27 21:36:44,130 [d3d377a3-85e1-46ad-98d9-a3196f7db815-groupManagement] INFO  server.RaftServerConfigKeys (ConfUtils.java:logGet(46)) - raft.server.log.appender.buffer.byte-limit = 8388608 (custom)
2024-02-27 21:36:44,130 [33496502-95c3-4a2e-b72a-a08a7037350f-groupManagement] INFO  server.RaftServerConfigKeys (ConfUtils.java:logGet(46)) - raft.server.log.appender.buffer.byte-limit = 8388608 (custom)
2024-02-27 21:36:44,131 [33496502-95c3-4a2e-b72a-a08a7037350f-groupManagement] INFO  server.RaftServerConfigKeys (ConfUtils.java:logGet(46)) - raft.server.log.unsafe-flush.enabled = false (default)
2024-02-27 21:36:44,131 [33496502-95c3-4a2e-b72a-a08a7037350f-groupManagement] INFO  server.RaftServerConfigKeys (ConfUtils.java:logGet(46)) - raft.server.log.async-flush.enabled = false (default)
2024-02-27 21:36:44,131 [33496502-95c3-4a2e-b72a-a08a7037350f-groupManagement] INFO  server.RaftServerConfigKeys (ConfUtils.java:logGet(46)) - raft.server.log.statemachine.data.caching.enabled = true (custom)
2024-02-27 21:36:44,131 [33496502-95c3-4a2e-b72a-a08a7037350f-groupManagement] INFO  segmented.SegmentedRaftLogWorker (SegmentedRaftLogWorker.java:lambda$new$0(134)) - 33496502-95c3-4a2e-b72a-a08a7037350f@group-32C5D878BA64-SegmentedRaftLogWorker: flushIndex: setUnconditionally 0 -> -1
2024-02-27 21:36:44,131 [33496502-95c3-4a2e-b72a-a08a7037350f-groupManagement] INFO  segmented.SegmentedRaftLogWorker (SegmentedRaftLogWorker.java:lambda$new$0(134)) - 33496502-95c3-4a2e-b72a-a08a7037350f@group-32C5D878BA64-SegmentedRaftLogWorker: safeCacheEvictIndex: setUnconditionally 0 -> -1
2024-02-27 21:36:44,133 [d3d377a3-85e1-46ad-98d9-a3196f7db815-groupManagement] INFO  util.AwaitToRun (AwaitToRun.java:start(81)) - Thread[d3d377a3-85e1-46ad-98d9-a3196f7db815@group-32C5D878BA64-cacheEviction-AwaitToRun,5,main] started
2024-02-27 21:36:44,133 [d3d377a3-85e1-46ad-98d9-a3196f7db815-groupManagement] INFO  segmented.SegmentedRaftLogWorker (SegmentedRaftLogWorker.java:<init>(182)) - new d3d377a3-85e1-46ad-98d9-a3196f7db815@group-32C5D878BA64-SegmentedRaftLogWorker for RaftStorageImpl:Storage Directory /home/runner/work/ozone/ozone/hadoop-ozone/integration-test/target/test-dir/MiniOzoneClusterImpl-377bd28b-19ec-4c3d-8af6-29a7f1113b2b/ozone-meta/datanode-6/ratis/2b113725-d10a-49e1-8944-32c5d878ba64
2024-02-27 21:36:44,133 [d3d377a3-85e1-46ad-98d9-a3196f7db815-groupManagement] INFO  server.RaftServerConfigKeys (ConfUtils.java:logGet(46)) - raft.server.log.queue.byte-limit = 4294967296 (custom)
2024-02-27 21:36:44,133 [d3d377a3-85e1-46ad-98d9-a3196f7db815-groupManagement] INFO  server.RaftServerConfigKeys (ConfUtils.java:logGet(46)) - raft.server.log.queue.element-limit = 1024 (custom)
2024-02-27 21:36:44,134 [d3d377a3-85e1-46ad-98d9-a3196f7db815-groupManagement] INFO  server.RaftServerConfigKeys (ConfUtils.java:logGet(46)) - raft.server.log.segment.size.max = 67108864 (custom)
2024-02-27 21:36:44,134 [d3d377a3-85e1-46ad-98d9-a3196f7db815-groupManagement] INFO  server.RaftServerConfigKeys (ConfUtils.java:logGet(46)) - raft.server.log.preallocated.size = 4194304 (custom)
2024-02-27 21:36:44,134 [d3d377a3-85e1-46ad-98d9-a3196f7db815-groupManagement] INFO  server.RaftServerConfigKeys (ConfUtils.java:logGet(46)) - raft.server.log.force.sync.num = 128 (default)
2024-02-27 21:36:44,134 [d3d377a3-85e1-46ad-98d9-a3196f7db815-groupManagement] INFO  server.RaftServerConfigKeys (ConfUtils.java:logGet(46)) - raft.server.log.statemachine.data.sync = true (default)
2024-02-27 21:36:44,134 [d3d377a3-85e1-46ad-98d9-a3196f7db815-groupManagement] INFO  server.RaftServerConfigKeys (ConfUtils.java:logGet(46)) - raft.server.log.statemachine.data.sync.timeout = 10s (default)
2024-02-27 21:36:44,134 [d3d377a3-85e1-46ad-98d9-a3196f7db815-groupManagement] INFO  server.RaftServerConfigKeys (ConfUtils.java:logGet(46)) - raft.server.log.statemachine.data.sync.timeout.retry = 0 (custom)
2024-02-27 21:36:44,135 [d3d377a3-85e1-46ad-98d9-a3196f7db815-groupManagement] INFO  server.RaftServerConfigKeys (ConfUtils.java:logGet(46)) - raft.server.log.write.buffer.size = 8388616 (custom)
2024-02-27 21:36:44,136 [d3d377a3-85e1-46ad-98d9-a3196f7db815-groupManagement] INFO  server.RaftServerConfigKeys (ConfUtils.java:logGet(46)) - raft.server.log.appender.buffer.byte-limit = 8388608 (custom)
2024-02-27 21:36:44,136 [d3d377a3-85e1-46ad-98d9-a3196f7db815-groupManagement] INFO  server.RaftServerConfigKeys (ConfUtils.java:logGet(46)) - raft.server.log.unsafe-flush.enabled = false (default)
2024-02-27 21:36:44,136 [d3d377a3-85e1-46ad-98d9-a3196f7db815-groupManagement] INFO  server.RaftServerConfigKeys (ConfUtils.java:logGet(46)) - raft.server.log.async-flush.enabled = false (default)
2024-02-27 21:36:44,136 [d3d377a3-85e1-46ad-98d9-a3196f7db815-groupManagement] INFO  server.RaftServerConfigKeys (ConfUtils.java:logGet(46)) - raft.server.log.statemachine.data.caching.enabled = true (custom)
2024-02-27 21:36:44,136 [d3d377a3-85e1-46ad-98d9-a3196f7db815-groupManagement] INFO  segmented.SegmentedRaftLogWorker (SegmentedRaftLogWorker.java:lambda$new$0(134)) - d3d377a3-85e1-46ad-98d9-a3196f7db815@group-32C5D878BA64-SegmentedRaftLogWorker: flushIndex: setUnconditionally 0 -> -1
2024-02-27 21:36:44,136 [d3d377a3-85e1-46ad-98d9-a3196f7db815-groupManagement] INFO  segmented.SegmentedRaftLogWorker (SegmentedRaftLogWorker.java:lambda$new$0(134)) - d3d377a3-85e1-46ad-98d9-a3196f7db815@group-32C5D878BA64-SegmentedRaftLogWorker: safeCacheEvictIndex: setUnconditionally 0 -> -1
2024-02-27 21:36:44,137 [d3d377a3-85e1-46ad-98d9-a3196f7db815-groupManagement] INFO  server.RaftServer$Division (RaftServerImpl.java:start(396)) - d3d377a3-85e1-46ad-98d9-a3196f7db815@group-32C5D878BA64: start as a follower, conf=-1: peers:[99aab7c0-d213-4f2c-9146-fe97bea2462a|10.1.0.18:15050, d3d377a3-85e1-46ad-98d9-a3196f7db815|10.1.0.18:15059, 33496502-95c3-4a2e-b72a-a08a7037350f|10.1.0.18:15041]|listeners:[], old=null
2024-02-27 21:36:44,137 [d3d377a3-85e1-46ad-98d9-a3196f7db815-groupManagement] INFO  server.RaftServer$Division (RaftServerImpl.java:setRole(383)) - d3d377a3-85e1-46ad-98d9-a3196f7db815@group-32C5D878BA64: changes role from      null to FOLLOWER at term 0 for startAsFollower
2024-02-27 21:36:44,137 [d3d377a3-85e1-46ad-98d9-a3196f7db815-groupManagement] INFO  impl.RoleInfo (RoleInfo.java:updateAndGet(139)) - d3d377a3-85e1-46ad-98d9-a3196f7db815: start d3d377a3-85e1-46ad-98d9-a3196f7db815@group-32C5D878BA64-FollowerState
2024-02-27 21:36:44,137 [d3d377a3-85e1-46ad-98d9-a3196f7db815-groupManagement] INFO  util.JmxRegister (JmxRegister.java:tryRegister(44)) - Successfully registered JMX Bean with object name Ratis:service=RaftServer,group=group-32C5D878BA64,id=d3d377a3-85e1-46ad-98d9-a3196f7db815
2024-02-27 21:36:44,138 [d3d377a3-85e1-46ad-98d9-a3196f7db815-groupManagement] INFO  server.RaftServerConfigKeys (ConfUtils.java:logGet(46)) - raft.server.snapshot.trigger-when-stop.enabled = true (default)
2024-02-27 21:36:44,138 [d3d377a3-85e1-46ad-98d9-a3196f7db815-groupManagement] INFO  server.RaftServerConfigKeys (ConfUtils.java:logGet(46)) - raft.server.snapshot.auto.trigger.enabled = true (custom)
2024-02-27 21:36:44,138 [d3d377a3-85e1-46ad-98d9-a3196f7db815-groupManagement] INFO  server.RaftServerConfigKeys (ConfUtils.java:logGet(46)) - raft.server.snapshot.auto.trigger.threshold = 10000 (custom)
2024-02-27 21:36:44,138 [d3d377a3-85e1-46ad-98d9-a3196f7db815-groupManagement] INFO  server.RaftServerConfigKeys (ConfUtils.java:logGet(46)) - raft.server.snapshot.retention.file.num = 5 (custom)
2024-02-27 21:36:44,138 [d3d377a3-85e1-46ad-98d9-a3196f7db815-groupManagement] INFO  server.RaftServerConfigKeys (ConfUtils.java:logGet(46)) - raft.server.log.purge.upto.snapshot.index = false (default)
2024-02-27 21:36:44,139 [d3d377a3-85e1-46ad-98d9-a3196f7db815@group-32C5D878BA64-FollowerState] INFO  server.RaftServerConfigKeys (ConfUtils.java:logFallback(53)) - raft.server.rpc.first-election.timeout.min = 5s (fallback to raft.server.rpc.timeout.min)
2024-02-27 21:36:44,139 [d3d377a3-85e1-46ad-98d9-a3196f7db815@group-32C5D878BA64-FollowerState] INFO  server.RaftServerConfigKeys (ConfUtils.java:logFallback(53)) - raft.server.rpc.first-election.timeout.max = 5200ms (fallback to raft.server.rpc.timeout.max)
2024-02-27 21:36:44,140 [d3d377a3-85e1-46ad-98d9-a3196f7db815-PipelineCommandHandlerThread-0] INFO  ratis.XceiverServerRatis (XceiverServerRatis.java:addGroup(864)) - Created group PipelineID=2b113725-d10a-49e1-8944-32c5d878ba64
2024-02-27 21:36:44,161 [33496502-95c3-4a2e-b72a-a08a7037350f-groupManagement] INFO  server.RaftServer$Division (RaftServerImpl.java:start(396)) - 33496502-95c3-4a2e-b72a-a08a7037350f@group-32C5D878BA64: start as a follower, conf=-1: peers:[99aab7c0-d213-4f2c-9146-fe97bea2462a|10.1.0.18:15050, d3d377a3-85e1-46ad-98d9-a3196f7db815|10.1.0.18:15059, 33496502-95c3-4a2e-b72a-a08a7037350f|10.1.0.18:15041]|listeners:[], old=null
2024-02-27 21:36:44,161 [33496502-95c3-4a2e-b72a-a08a7037350f-groupManagement] INFO  server.RaftServer$Division (RaftServerImpl.java:setRole(383)) - 33496502-95c3-4a2e-b72a-a08a7037350f@group-32C5D878BA64: changes role from      null to FOLLOWER at term 0 for startAsFollower
2024-02-27 21:36:44,161 [33496502-95c3-4a2e-b72a-a08a7037350f-groupManagement] INFO  impl.RoleInfo (RoleInfo.java:updateAndGet(139)) - 33496502-95c3-4a2e-b72a-a08a7037350f: start 33496502-95c3-4a2e-b72a-a08a7037350f@group-32C5D878BA64-FollowerState
2024-02-27 21:36:44,161 [46ce47ac-a134-4cce-ba10-4493b406f4b0-PipelineCommandHandlerThread-0] INFO  commandhandler.CreatePipelineCommandHandler (CreatePipelineCommandHandler.java:lambda$handle$2(124)) - Created Pipeline RATIS THREE PipelineID=a6c55939-43ae-4b67-aa53-5560cd5e8260.
2024-02-27 21:36:44,162 [33496502-95c3-4a2e-b72a-a08a7037350f-groupManagement] INFO  util.JmxRegister (JmxRegister.java:tryRegister(44)) - Successfully registered JMX Bean with object name Ratis:service=RaftServer,group=group-32C5D878BA64,id=33496502-95c3-4a2e-b72a-a08a7037350f
2024-02-27 21:36:44,162 [33496502-95c3-4a2e-b72a-a08a7037350f-groupManagement] INFO  server.RaftServerConfigKeys (ConfUtils.java:logGet(46)) - raft.server.snapshot.trigger-when-stop.enabled = true (default)
2024-02-27 21:36:44,162 [33496502-95c3-4a2e-b72a-a08a7037350f-groupManagement] INFO  server.RaftServerConfigKeys (ConfUtils.java:logGet(46)) - raft.server.snapshot.auto.trigger.enabled = true (custom)
2024-02-27 21:36:44,162 [33496502-95c3-4a2e-b72a-a08a7037350f-groupManagement] INFO  server.RaftServerConfigKeys (ConfUtils.java:logGet(46)) - raft.server.snapshot.auto.trigger.threshold = 10000 (custom)
2024-02-27 21:36:44,163 [33496502-95c3-4a2e-b72a-a08a7037350f-groupManagement] INFO  server.RaftServerConfigKeys (ConfUtils.java:logGet(46)) - raft.server.snapshot.retention.file.num = 5 (custom)
2024-02-27 21:36:44,163 [33496502-95c3-4a2e-b72a-a08a7037350f-groupManagement] INFO  server.RaftServerConfigKeys (ConfUtils.java:logGet(46)) - raft.server.log.purge.upto.snapshot.index = false (default)
2024-02-27 21:36:44,163 [33496502-95c3-4a2e-b72a-a08a7037350f@group-32C5D878BA64-FollowerState] INFO  server.RaftServerConfigKeys (ConfUtils.java:logFallback(53)) - raft.server.rpc.first-election.timeout.min = 5s (fallback to raft.server.rpc.timeout.min)
2024-02-27 21:36:44,164 [33496502-95c3-4a2e-b72a-a08a7037350f@group-32C5D878BA64-FollowerState] INFO  server.RaftServerConfigKeys (ConfUtils.java:logFallback(53)) - raft.server.rpc.first-election.timeout.max = 5200ms (fallback to raft.server.rpc.timeout.max)
2024-02-27 21:36:44,165 [33496502-95c3-4a2e-b72a-a08a7037350f-PipelineCommandHandlerThread-0] INFO  ratis.XceiverServerRatis (XceiverServerRatis.java:addGroup(864)) - Created group PipelineID=2b113725-d10a-49e1-8944-32c5d878ba64
2024-02-27 21:36:44,193 [grpc-default-executor-2] INFO  server.RaftServer (RaftServerProxy.java:addNew(100)) - 99aab7c0-d213-4f2c-9146-fe97bea2462a: addNew group-32C5D878BA64:[99aab7c0-d213-4f2c-9146-fe97bea2462a|10.1.0.18:15050, d3d377a3-85e1-46ad-98d9-a3196f7db815|10.1.0.18:15059, 33496502-95c3-4a2e-b72a-a08a7037350f|10.1.0.18:15041] returns group-32C5D878BA64:java.util.concurrent.CompletableFuture@4aba8590[Not completed]
2024-02-27 21:36:44,195 [99aab7c0-d213-4f2c-9146-fe97bea2462a-groupManagement] INFO  server.RaftServer$Division (RaftServerImpl.java:<init>(256)) - 99aab7c0-d213-4f2c-9146-fe97bea2462a: new RaftServerImpl for group-32C5D878BA64:[99aab7c0-d213-4f2c-9146-fe97bea2462a|10.1.0.18:15050, d3d377a3-85e1-46ad-98d9-a3196f7db815|10.1.0.18:15059, 33496502-95c3-4a2e-b72a-a08a7037350f|10.1.0.18:15041] with ContainerStateMachine:uninitialized
2024-02-27 21:36:44,195 [99aab7c0-d213-4f2c-9146-fe97bea2462a-groupManagement] INFO  server.RaftServerConfigKeys (ConfUtils.java:logGet(46)) - raft.server.rpc.timeout.min = 5s (custom)
2024-02-27 21:36:44,195 [99aab7c0-d213-4f2c-9146-fe97bea2462a-groupManagement] INFO  server.RaftServerConfigKeys (ConfUtils.java:logGet(46)) - raft.server.rpc.timeout.max = 5200ms (custom)
2024-02-27 21:36:44,195 [99aab7c0-d213-4f2c-9146-fe97bea2462a-groupManagement] INFO  server.RaftServerConfigKeys (ConfUtils.java:logGet(46)) - raft.server.rpc.sleep.time = 25ms (default)
2024-02-27 21:36:44,195 [99aab7c0-d213-4f2c-9146-fe97bea2462a-groupManagement] INFO  server.RaftServerConfigKeys (ConfUtils.java:logGet(46)) - raft.server.rpc.slowness.timeout = 300s (custom)
2024-02-27 21:36:44,195 [99aab7c0-d213-4f2c-9146-fe97bea2462a-groupManagement] INFO  server.RaftServerConfigKeys (ConfUtils.java:logGet(46)) - raft.server.leaderelection.leader.step-down.wait-time = 10s (default)
2024-02-27 21:36:44,195 [99aab7c0-d213-4f2c-9146-fe97bea2462a-groupManagement] INFO  server.RaftServerConfigKeys (ConfUtils.java:logGet(46)) - raft.server.leaderelection.member.majority-add = false (default)
2024-02-27 21:36:44,195 [99aab7c0-d213-4f2c-9146-fe97bea2462a-groupManagement] INFO  server.RaftServerConfigKeys (ConfUtils.java:logGet(46)) - raft.server.sleep.deviation.threshold = 300ms (default)
2024-02-27 21:36:44,195 [99aab7c0-d213-4f2c-9146-fe97bea2462a-groupManagement] INFO  server.RaftServer$Division (ServerState.java:<init>(113)) - 99aab7c0-d213-4f2c-9146-fe97bea2462a@group-32C5D878BA64: ConfigurationManager, init=-1: peers:[99aab7c0-d213-4f2c-9146-fe97bea2462a|10.1.0.18:15050, d3d377a3-85e1-46ad-98d9-a3196f7db815|10.1.0.18:15059, 33496502-95c3-4a2e-b72a-a08a7037350f|10.1.0.18:15041]|listeners:[], old=null, confs=<EMPTY_MAP>
2024-02-27 21:36:44,195 [99aab7c0-d213-4f2c-9146-fe97bea2462a-groupManagement] INFO  server.RaftServerConfigKeys (ConfUtils.java:logGet(46)) - raft.server.notification.no-leader.timeout = 300s (custom)
2024-02-27 21:36:44,195 [99aab7c0-d213-4f2c-9146-fe97bea2462a-groupManagement] INFO  server.RaftServerConfigKeys (ConfUtils.java:logGet(46)) - raft.server.read.timeout = 10s (default)
2024-02-27 21:36:44,195 [99aab7c0-d213-4f2c-9146-fe97bea2462a-groupManagement] INFO  server.RaftServerConfigKeys (ConfUtils.java:logGet(46)) - raft.server.retrycache.expirytime = 600000ms (custom)
2024-02-27 21:36:44,195 [99aab7c0-d213-4f2c-9146-fe97bea2462a-groupManagement] INFO  server.RaftServerConfigKeys (ConfUtils.java:logGet(46)) - raft.server.retrycache.statistics.expirytime = 100ms (default)
2024-02-27 21:36:44,196 [99aab7c0-d213-4f2c-9146-fe97bea2462a-groupManagement] INFO  server.RaftServerConfigKeys (ConfUtils.java:logGet(46)) - raft.server.read.option = DEFAULT (default)
2024-02-27 21:36:44,196 [99aab7c0-d213-4f2c-9146-fe97bea2462a-groupManagement] INFO  server.RaftServerConfigKeys (ConfUtils.java:logGet(46)) - raft.server.read.read-after-write-consistent.write-index-cache.expiry-time = 60s (default)
2024-02-27 21:36:44,200 [99aab7c0-d213-4f2c-9146-fe97bea2462a-groupManagement] INFO  server.RaftServerConfigKeys (ConfUtils.java:logGet(46)) - raft.server.rpc.request.timeout = 60s (custom)
2024-02-27 21:36:44,200 [99aab7c0-d213-4f2c-9146-fe97bea2462a-groupManagement] INFO  server.RaftServerConfigKeys (ConfUtils.java:logGet(46)) - raft.server.log.appender.install.snapshot.enabled = false (custom)
2024-02-27 21:36:44,200 [99aab7c0-d213-4f2c-9146-fe97bea2462a-groupManagement] INFO  server.RaftServerConfigKeys (ConfUtils.java:logGet(46)) - raft.server.threadpool.server.cached = true (default)
2024-02-27 21:36:44,200 [99aab7c0-d213-4f2c-9146-fe97bea2462a-groupManagement] INFO  server.RaftServerConfigKeys (ConfUtils.java:logGet(46)) - raft.server.threadpool.server.size = 0 (default)
2024-02-27 21:36:44,201 [99aab7c0-d213-4f2c-9146-fe97bea2462a-groupManagement] INFO  server.RaftServerConfigKeys (ConfUtils.java:logGet(46)) - raft.server.threadpool.client.cached = true (default)
2024-02-27 21:36:44,201 [99aab7c0-d213-4f2c-9146-fe97bea2462a-groupManagement] INFO  server.RaftServerConfigKeys (ConfUtils.java:logGet(46)) - raft.server.threadpool.client.size = 0 (default)
2024-02-27 21:36:44,201 [99aab7c0-d213-4f2c-9146-fe97bea2462a-groupManagement] INFO  server.RaftServerConfigKeys (ConfUtils.java:logGet(46)) - raft.server.storage.free-space.min = 0MB (=0) (default)
2024-02-27 21:36:44,201 [99aab7c0-d213-4f2c-9146-fe97bea2462a-groupManagement] INFO  server.RaftServerConfigKeys (ConfUtils.java:logGet(46)) - raft.server.log.corruption.policy = EXCEPTION (default)
2024-02-27 21:36:44,201 [99aab7c0-d213-4f2c-9146-fe97bea2462a-groupManagement] INFO  server.RaftServerConfigKeys (ConfUtils.java:logGet(46)) - raft.server.storage.dir = [/home/runner/work/ozone/ozone/hadoop-ozone/integration-test/target/test-dir/MiniOzoneClusterImpl-377bd28b-19ec-4c3d-8af6-29a7f1113b2b/ozone-meta/datanode-5/ratis] (custom)
2024-02-27 21:36:44,201 [99aab7c0-d213-4f2c-9146-fe97bea2462a-groupManagement] INFO  storage.RaftStorageDirectory (RaftStorageDirectoryImpl.java:analyzeStorage(138)) - The storage directory /home/runner/work/ozone/ozone/hadoop-ozone/integration-test/target/test-dir/MiniOzoneClusterImpl-377bd28b-19ec-4c3d-8af6-29a7f1113b2b/ozone-meta/datanode-5/ratis/2b113725-d10a-49e1-8944-32c5d878ba64 does not exist. Creating ...
2024-02-27 21:36:44,204 [99aab7c0-d213-4f2c-9146-fe97bea2462a-groupManagement] INFO  storage.RaftStorageDirectory (RaftStorageDirectoryImpl.java:tryLock(228)) - Lock on /home/runner/work/ozone/ozone/hadoop-ozone/integration-test/target/test-dir/MiniOzoneClusterImpl-377bd28b-19ec-4c3d-8af6-29a7f1113b2b/ozone-meta/datanode-5/ratis/2b113725-d10a-49e1-8944-32c5d878ba64/in_use.lock acquired by nodename 32143@fv-az531-651
2024-02-27 21:36:44,206 [99aab7c0-d213-4f2c-9146-fe97bea2462a-groupManagement] INFO  storage.RaftStorage (RaftStorageImpl.java:format(99)) - Storage directory /home/runner/work/ozone/ozone/hadoop-ozone/integration-test/target/test-dir/MiniOzoneClusterImpl-377bd28b-19ec-4c3d-8af6-29a7f1113b2b/ozone-meta/datanode-5/ratis/2b113725-d10a-49e1-8944-32c5d878ba64 has been successfully formatted.
2024-02-27 21:36:44,206 [99aab7c0-d213-4f2c-9146-fe97bea2462a-groupManagement] WARN  util.FileUtils (LogUtils.java:supplyAndLog(63)) - Failed to Files.newInputStream /home/runner/work/ozone/ozone/hadoop-ozone/integration-test/target/test-dir/MiniOzoneClusterImpl-377bd28b-19ec-4c3d-8af6-29a7f1113b2b/ozone-meta/datanode-5/ratis/2b113725-d10a-49e1-8944-32c5d878ba64/current/raft-meta.conf with options []: java.nio.file.NoSuchFileException: /home/runner/work/ozone/ozone/hadoop-ozone/integration-test/target/test-dir/MiniOzoneClusterImpl-377bd28b-19ec-4c3d-8af6-29a7f1113b2b/ozone-meta/datanode-5/ratis/2b113725-d10a-49e1-8944-32c5d878ba64/current/raft-meta.conf
2024-02-27 21:36:44,210 [99aab7c0-d213-4f2c-9146-fe97bea2462a-groupManagement] INFO  ratis.ContainerStateMachine (ContainerStateMachine.java:loadSnapshot(287)) - group-32C5D878BA64: The snapshot info is null. Setting the last applied index to:(t:0, i:~)
2024-02-27 21:36:44,210 [99aab7c0-d213-4f2c-9146-fe97bea2462a-groupManagement] INFO  server.RaftServerConfigKeys (ConfUtils.java:logGet(46)) - raft.server.log.use.memory = false (default)
2024-02-27 21:36:44,210 [99aab7c0-d213-4f2c-9146-fe97bea2462a-groupManagement] INFO  server.RaftServerConfigKeys (ConfUtils.java:logGet(46)) - raft.server.log.purge.gap = 1000000 (custom)
2024-02-27 21:36:44,210 [99aab7c0-d213-4f2c-9146-fe97bea2462a-groupManagement] INFO  server.RaftServerConfigKeys (ConfUtils.java:logGet(46)) - raft.server.log.appender.buffer.byte-limit = 8388608 (custom)
2024-02-27 21:36:44,211 [99aab7c0-d213-4f2c-9146-fe97bea2462a-groupManagement] INFO  server.RaftServerConfigKeys (ConfUtils.java:logGet(46)) - raft.server.log.statemachine.data.read.timeout = 1000ms (default)
2024-02-27 21:36:44,211 [99aab7c0-d213-4f2c-9146-fe97bea2462a-groupManagement] INFO  server.RaftServerConfigKeys (ConfUtils.java:logGet(46)) - raft.server.log.purge.preservation.log.num = 0 (default)
2024-02-27 21:36:44,212 [99aab7c0-d213-4f2c-9146-fe97bea2462a-groupManagement] INFO  server.RaftServerConfigKeys (ConfUtils.java:logGet(46)) - raft.server.log.segment.size.max = 67108864 (custom)
2024-02-27 21:36:44,213 [99aab7c0-d213-4f2c-9146-fe97bea2462a-groupManagement] INFO  server.RaftServerConfigKeys (ConfUtils.java:logGet(46)) - raft.server.log.segment.cache.num.max = 2 (custom)
2024-02-27 21:36:44,213 [99aab7c0-d213-4f2c-9146-fe97bea2462a-groupManagement] INFO  server.RaftServerConfigKeys (ConfUtils.java:logGet(46)) - raft.server.log.segment.cache.size.max = 200MB (=209715200) (default)
2024-02-27 21:36:44,213 [99aab7c0-d213-4f2c-9146-fe97bea2462a-groupManagement] INFO  server.RaftServerConfigKeys (ConfUtils.java:logGet(46)) - raft.server.log.appender.buffer.byte-limit = 8388608 (custom)
2024-02-27 21:36:44,218 [99aab7c0-d213-4f2c-9146-fe97bea2462a-groupManagement] INFO  util.AwaitToRun (AwaitToRun.java:start(81)) - Thread[99aab7c0-d213-4f2c-9146-fe97bea2462a@group-32C5D878BA64-cacheEviction-AwaitToRun,5,main] started
2024-02-27 21:36:44,221 [99aab7c0-d213-4f2c-9146-fe97bea2462a-groupManagement] INFO  segmented.SegmentedRaftLogWorker (SegmentedRaftLogWorker.java:<init>(182)) - new 99aab7c0-d213-4f2c-9146-fe97bea2462a@group-32C5D878BA64-SegmentedRaftLogWorker for RaftStorageImpl:Storage Directory /home/runner/work/ozone/ozone/hadoop-ozone/integration-test/target/test-dir/MiniOzoneClusterImpl-377bd28b-19ec-4c3d-8af6-29a7f1113b2b/ozone-meta/datanode-5/ratis/2b113725-d10a-49e1-8944-32c5d878ba64
2024-02-27 21:36:44,221 [99aab7c0-d213-4f2c-9146-fe97bea2462a-groupManagement] INFO  server.RaftServerConfigKeys (ConfUtils.java:logGet(46)) - raft.server.log.queue.byte-limit = 4294967296 (custom)
2024-02-27 21:36:44,221 [99aab7c0-d213-4f2c-9146-fe97bea2462a-groupManagement] INFO  server.RaftServerConfigKeys (ConfUtils.java:logGet(46)) - raft.server.log.queue.element-limit = 1024 (custom)
2024-02-27 21:36:44,221 [99aab7c0-d213-4f2c-9146-fe97bea2462a-groupManagement] INFO  server.RaftServerConfigKeys (ConfUtils.java:logGet(46)) - raft.server.log.segment.size.max = 67108864 (custom)
2024-02-27 21:36:44,221 [99aab7c0-d213-4f2c-9146-fe97bea2462a-groupManagement] INFO  server.RaftServerConfigKeys (ConfUtils.java:logGet(46)) - raft.server.log.preallocated.size = 4194304 (custom)
2024-02-27 21:36:44,221 [99aab7c0-d213-4f2c-9146-fe97bea2462a-groupManagement] INFO  server.RaftServerConfigKeys (ConfUtils.java:logGet(46)) - raft.server.log.force.sync.num = 128 (default)
2024-02-27 21:36:44,221 [99aab7c0-d213-4f2c-9146-fe97bea2462a-groupManagement] INFO  server.RaftServerConfigKeys (ConfUtils.java:logGet(46)) - raft.server.log.statemachine.data.sync = true (default)
2024-02-27 21:36:44,222 [99aab7c0-d213-4f2c-9146-fe97bea2462a-groupManagement] INFO  server.RaftServerConfigKeys (ConfUtils.java:logGet(46)) - raft.server.log.statemachine.data.sync.timeout = 10s (default)
2024-02-27 21:36:44,222 [99aab7c0-d213-4f2c-9146-fe97bea2462a-groupManagement] INFO  server.RaftServerConfigKeys (ConfUtils.java:logGet(46)) - raft.server.log.statemachine.data.sync.timeout.retry = 0 (custom)
2024-02-27 21:36:44,222 [99aab7c0-d213-4f2c-9146-fe97bea2462a-groupManagement] INFO  server.RaftServerConfigKeys (ConfUtils.java:logGet(46)) - raft.server.log.write.buffer.size = 8388616 (custom)
2024-02-27 21:36:44,222 [EventQueue-OpenPipelineForHealthyPipelineSafeModeRule] INFO  safemode.SCMSafeModeManager (HealthyPipelineSafeModeRule.java:process(140)) - SCM in safe mode. Healthy pipelines reported count is 0, required healthy pipeline reported count is 1
2024-02-27 21:36:44,224 [99aab7c0-d213-4f2c-9146-fe97bea2462a-groupManagement] INFO  server.RaftServerConfigKeys (ConfUtils.java:logGet(46)) - raft.server.log.appender.buffer.byte-limit = 8388608 (custom)
2024-02-27 21:36:44,224 [99aab7c0-d213-4f2c-9146-fe97bea2462a-groupManagement] INFO  server.RaftServerConfigKeys (ConfUtils.java:logGet(46)) - raft.server.log.unsafe-flush.enabled = false (default)
2024-02-27 21:36:44,224 [99aab7c0-d213-4f2c-9146-fe97bea2462a-groupManagement] INFO  server.RaftServerConfigKeys (ConfUtils.java:logGet(46)) - raft.server.log.async-flush.enabled = false (default)
2024-02-27 21:36:44,224 [99aab7c0-d213-4f2c-9146-fe97bea2462a-groupManagement] INFO  server.RaftServerConfigKeys (ConfUtils.java:logGet(46)) - raft.server.log.statemachine.data.caching.enabled = true (custom)
2024-02-27 21:36:44,224 [99aab7c0-d213-4f2c-9146-fe97bea2462a-groupManagement] INFO  segmented.SegmentedRaftLogWorker (SegmentedRaftLogWorker.java:lambda$new$0(134)) - 99aab7c0-d213-4f2c-9146-fe97bea2462a@group-32C5D878BA64-SegmentedRaftLogWorker: flushIndex: setUnconditionally 0 -> -1
2024-02-27 21:36:44,224 [99aab7c0-d213-4f2c-9146-fe97bea2462a-groupManagement] INFO  segmented.SegmentedRaftLogWorker (SegmentedRaftLogWorker.java:lambda$new$0(134)) - 99aab7c0-d213-4f2c-9146-fe97bea2462a@group-32C5D878BA64-SegmentedRaftLogWorker: safeCacheEvictIndex: setUnconditionally 0 -> -1
2024-02-27 21:36:44,226 [99aab7c0-d213-4f2c-9146-fe97bea2462a-groupManagement] INFO  server.RaftServer$Division (RaftServerImpl.java:start(396)) - 99aab7c0-d213-4f2c-9146-fe97bea2462a@group-32C5D878BA64: start as a follower, conf=-1: peers:[99aab7c0-d213-4f2c-9146-fe97bea2462a|10.1.0.18:15050, d3d377a3-85e1-46ad-98d9-a3196f7db815|10.1.0.18:15059, 33496502-95c3-4a2e-b72a-a08a7037350f|10.1.0.18:15041]|listeners:[], old=null
2024-02-27 21:36:44,226 [99aab7c0-d213-4f2c-9146-fe97bea2462a-groupManagement] INFO  server.RaftServer$Division (RaftServerImpl.java:setRole(383)) - 99aab7c0-d213-4f2c-9146-fe97bea2462a@group-32C5D878BA64: changes role from      null to FOLLOWER at term 0 for startAsFollower
2024-02-27 21:36:44,227 [99aab7c0-d213-4f2c-9146-fe97bea2462a-groupManagement] INFO  impl.RoleInfo (RoleInfo.java:updateAndGet(139)) - 99aab7c0-d213-4f2c-9146-fe97bea2462a: start 99aab7c0-d213-4f2c-9146-fe97bea2462a@group-32C5D878BA64-FollowerState
2024-02-27 21:36:44,227 [99aab7c0-d213-4f2c-9146-fe97bea2462a-groupManagement] INFO  util.JmxRegister (JmxRegister.java:tryRegister(44)) - Successfully registered JMX Bean with object name Ratis:service=RaftServer,group=group-32C5D878BA64,id=99aab7c0-d213-4f2c-9146-fe97bea2462a
2024-02-27 21:36:44,227 [99aab7c0-d213-4f2c-9146-fe97bea2462a-groupManagement] INFO  server.RaftServerConfigKeys (ConfUtils.java:logGet(46)) - raft.server.snapshot.trigger-when-stop.enabled = true (default)
2024-02-27 21:36:44,227 [99aab7c0-d213-4f2c-9146-fe97bea2462a-groupManagement] INFO  server.RaftServerConfigKeys (ConfUtils.java:logGet(46)) - raft.server.snapshot.auto.trigger.enabled = true (custom)
2024-02-27 21:36:44,227 [99aab7c0-d213-4f2c-9146-fe97bea2462a-groupManagement] INFO  server.RaftServerConfigKeys (ConfUtils.java:logGet(46)) - raft.server.snapshot.auto.trigger.threshold = 10000 (custom)
2024-02-27 21:36:44,227 [99aab7c0-d213-4f2c-9146-fe97bea2462a-groupManagement] INFO  server.RaftServerConfigKeys (ConfUtils.java:logGet(46)) - raft.server.snapshot.retention.file.num = 5 (custom)
2024-02-27 21:36:44,228 [99aab7c0-d213-4f2c-9146-fe97bea2462a-groupManagement] INFO  server.RaftServerConfigKeys (ConfUtils.java:logGet(46)) - raft.server.log.purge.upto.snapshot.index = false (default)
2024-02-27 21:36:44,228 [99aab7c0-d213-4f2c-9146-fe97bea2462a@group-32C5D878BA64-FollowerState] INFO  server.RaftServerConfigKeys (ConfUtils.java:logFallback(53)) - raft.server.rpc.first-election.timeout.min = 5s (fallback to raft.server.rpc.timeout.min)
2024-02-27 21:36:44,229 [99aab7c0-d213-4f2c-9146-fe97bea2462a@group-32C5D878BA64-FollowerState] INFO  server.RaftServerConfigKeys (ConfUtils.java:logFallback(53)) - raft.server.rpc.first-election.timeout.max = 5200ms (fallback to raft.server.rpc.timeout.max)
2024-02-27 21:36:44,240 [99aab7c0-d213-4f2c-9146-fe97bea2462a-PipelineCommandHandlerThread-0] INFO  commandhandler.CreatePipelineCommandHandler (CreatePipelineCommandHandler.java:lambda$handle$2(124)) - Created Pipeline RATIS THREE PipelineID=05e9f429-bd2a-4387-ae0a-5e707275756c.
2024-02-27 21:36:44,249 [d3d377a3-85e1-46ad-98d9-a3196f7db815-PipelineCommandHandlerThread-0] INFO  commandhandler.CreatePipelineCommandHandler (CreatePipelineCommandHandler.java:lambda$handle$2(124)) - Created Pipeline RATIS THREE PipelineID=2b113725-d10a-49e1-8944-32c5d878ba64.
2024-02-27 21:36:44,256 [33496502-95c3-4a2e-b72a-a08a7037350f-PipelineCommandHandlerThread-0] INFO  commandhandler.CreatePipelineCommandHandler (CreatePipelineCommandHandler.java:lambda$handle$2(124)) - Created Pipeline RATIS THREE PipelineID=2b113725-d10a-49e1-8944-32c5d878ba64.
2024-02-27 21:36:45,008 [main] INFO  ozone.MiniOzoneClusterImpl (MiniOzoneClusterImpl.java:lambda$waitForClusterToBeReady$0(195)) - Nodes are ready. Got 6 of 6 DN Heartbeats.
2024-02-27 21:36:45,009 [main] INFO  ozone.MiniOzoneClusterImpl (MiniOzoneClusterImpl.java:lambda$waitForClusterToBeReady$0(198)) - Waiting for cluster to exit safe mode
2024-02-27 21:36:45,009 [main] INFO  ozone.MiniOzoneClusterImpl (MiniOzoneClusterImpl.java:lambda$waitForClusterToBeReady$0(200)) - SCM became leader
2024-02-27 21:36:46,009 [main] INFO  ozone.MiniOzoneClusterImpl (MiniOzoneClusterImpl.java:lambda$waitForClusterToBeReady$0(195)) - Nodes are ready. Got 6 of 6 DN Heartbeats.
2024-02-27 21:36:46,009 [main] INFO  ozone.MiniOzoneClusterImpl (MiniOzoneClusterImpl.java:lambda$waitForClusterToBeReady$0(198)) - Waiting for cluster to exit safe mode
2024-02-27 21:36:46,009 [main] INFO  ozone.MiniOzoneClusterImpl (MiniOzoneClusterImpl.java:lambda$waitForClusterToBeReady$0(200)) - SCM became leader
2024-02-27 21:36:47,010 [main] INFO  ozone.MiniOzoneClusterImpl (MiniOzoneClusterImpl.java:lambda$waitForClusterToBeReady$0(195)) - Nodes are ready. Got 6 of 6 DN Heartbeats.
2024-02-27 21:36:47,010 [main] INFO  ozone.MiniOzoneClusterImpl (MiniOzoneClusterImpl.java:lambda$waitForClusterToBeReady$0(198)) - Waiting for cluster to exit safe mode
2024-02-27 21:36:47,010 [main] INFO  ozone.MiniOzoneClusterImpl (MiniOzoneClusterImpl.java:lambda$waitForClusterToBeReady$0(200)) - SCM became leader
2024-02-27 21:36:48,010 [main] INFO  ozone.MiniOzoneClusterImpl (MiniOzoneClusterImpl.java:lambda$waitForClusterToBeReady$0(195)) - Nodes are ready. Got 6 of 6 DN Heartbeats.
2024-02-27 21:36:48,010 [main] INFO  ozone.MiniOzoneClusterImpl (MiniOzoneClusterImpl.java:lambda$waitForClusterToBeReady$0(198)) - Waiting for cluster to exit safe mode
2024-02-27 21:36:48,011 [main] INFO  ozone.MiniOzoneClusterImpl (MiniOzoneClusterImpl.java:lambda$waitForClusterToBeReady$0(200)) - SCM became leader
2024-02-27 21:36:48,501 [46ce47ac-a134-4cce-ba10-4493b406f4b0@group-EC97E56FF824-FollowerState] INFO  impl.FollowerState (FollowerState.java:run(143)) - 46ce47ac-a134-4cce-ba10-4493b406f4b0@group-EC97E56FF824-FollowerState: change to CANDIDATE, lastRpcElapsedTime:5188583831ns, electionTimeout:5188ms
2024-02-27 21:36:48,501 [46ce47ac-a134-4cce-ba10-4493b406f4b0@group-EC97E56FF824-FollowerState] INFO  impl.RoleInfo (RoleInfo.java:shutdownFollowerState(110)) - 46ce47ac-a134-4cce-ba10-4493b406f4b0: shutdown 46ce47ac-a134-4cce-ba10-4493b406f4b0@group-EC97E56FF824-FollowerState
2024-02-27 21:36:48,501 [46ce47ac-a134-4cce-ba10-4493b406f4b0@group-EC97E56FF824-FollowerState] INFO  server.RaftServer$Division (RaftServerImpl.java:setRole(383)) - 46ce47ac-a134-4cce-ba10-4493b406f4b0@group-EC97E56FF824: changes role from  FOLLOWER to CANDIDATE at term 0 for changeToCandidate
2024-02-27 21:36:48,502 [46ce47ac-a134-4cce-ba10-4493b406f4b0@group-EC97E56FF824-FollowerState] INFO  server.RaftServerConfigKeys (ConfUtils.java:logGet(46)) - raft.server.leaderelection.pre-vote = true (default)
2024-02-27 21:36:48,502 [46ce47ac-a134-4cce-ba10-4493b406f4b0@group-EC97E56FF824-FollowerState] INFO  impl.RoleInfo (RoleInfo.java:updateAndGet(139)) - 46ce47ac-a134-4cce-ba10-4493b406f4b0: start 46ce47ac-a134-4cce-ba10-4493b406f4b0@group-EC97E56FF824-LeaderElection2
2024-02-27 21:36:48,503 [46ce47ac-a134-4cce-ba10-4493b406f4b0@group-816BF9C79CC5-FollowerState] INFO  impl.FollowerState (FollowerState.java:run(143)) - 46ce47ac-a134-4cce-ba10-4493b406f4b0@group-816BF9C79CC5-FollowerState: change to CANDIDATE, lastRpcElapsedTime:5153907797ns, electionTimeout:5153ms
2024-02-27 21:36:48,503 [46ce47ac-a134-4cce-ba10-4493b406f4b0@group-816BF9C79CC5-FollowerState] INFO  impl.RoleInfo (RoleInfo.java:shutdownFollowerState(110)) - 46ce47ac-a134-4cce-ba10-4493b406f4b0: shutdown 46ce47ac-a134-4cce-ba10-4493b406f4b0@group-816BF9C79CC5-FollowerState
2024-02-27 21:36:48,504 [46ce47ac-a134-4cce-ba10-4493b406f4b0@group-816BF9C79CC5-FollowerState] INFO  server.RaftServer$Division (RaftServerImpl.java:setRole(383)) - 46ce47ac-a134-4cce-ba10-4493b406f4b0@group-816BF9C79CC5: changes role from  FOLLOWER to CANDIDATE at term 0 for changeToCandidate
2024-02-27 21:36:48,504 [46ce47ac-a134-4cce-ba10-4493b406f4b0@group-EC97E56FF824-LeaderElection2] INFO  impl.LeaderElection (LeaderElection.java:askForVotes(321)) - 46ce47ac-a134-4cce-ba10-4493b406f4b0@group-EC97E56FF824-LeaderElection2 PRE_VOTE round 0: submit vote requests at term 0 for -1: peers:[46ce47ac-a134-4cce-ba10-4493b406f4b0|10.1.0.18:15014]|listeners:[], old=null
2024-02-27 21:36:48,505 [46ce47ac-a134-4cce-ba10-4493b406f4b0@group-816BF9C79CC5-FollowerState] INFO  server.RaftServerConfigKeys (ConfUtils.java:logGet(46)) - raft.server.leaderelection.pre-vote = true (default)
2024-02-27 21:36:48,505 [46ce47ac-a134-4cce-ba10-4493b406f4b0@group-816BF9C79CC5-FollowerState] INFO  impl.RoleInfo (RoleInfo.java:updateAndGet(139)) - 46ce47ac-a134-4cce-ba10-4493b406f4b0: start 46ce47ac-a134-4cce-ba10-4493b406f4b0@group-816BF9C79CC5-LeaderElection3
2024-02-27 21:36:48,505 [46ce47ac-a134-4cce-ba10-4493b406f4b0@group-EC97E56FF824-LeaderElection2] INFO  impl.LeaderElection (LeaderElection.java:askForVotes(323)) - 46ce47ac-a134-4cce-ba10-4493b406f4b0@group-EC97E56FF824-LeaderElection2 PRE_VOTE round 0: result PASSED (term=0)
2024-02-27 21:36:48,510 [46ce47ac-a134-4cce-ba10-4493b406f4b0@group-816BF9C79CC5-LeaderElection3] INFO  impl.LeaderElection (LeaderElection.java:askForVotes(321)) - 46ce47ac-a134-4cce-ba10-4493b406f4b0@group-816BF9C79CC5-LeaderElection3 PRE_VOTE round 0: submit vote requests at term 0 for -1: peers:[9eee0c4a-241f-4a15-bff1-0522a907ac9b|10.1.0.18:15032, 46ce47ac-a134-4cce-ba10-4493b406f4b0|10.1.0.18:15014, c855f1da-1b31-46a5-a68b-5d36f1d30008|10.1.0.18:15023]|listeners:[], old=null
2024-02-27 21:36:48,513 [46ce47ac-a134-4cce-ba10-4493b406f4b0@group-EC97E56FF824-LeaderElection2] INFO  impl.LeaderElection (LeaderElection.java:askForVotes(321)) - 46ce47ac-a134-4cce-ba10-4493b406f4b0@group-EC97E56FF824-LeaderElection2 ELECTION round 0: submit vote requests at term 1 for -1: peers:[46ce47ac-a134-4cce-ba10-4493b406f4b0|10.1.0.18:15014]|listeners:[], old=null
2024-02-27 21:36:48,514 [46ce47ac-a134-4cce-ba10-4493b406f4b0@group-EC97E56FF824-LeaderElection2] INFO  impl.LeaderElection (LeaderElection.java:askForVotes(323)) - 46ce47ac-a134-4cce-ba10-4493b406f4b0@group-EC97E56FF824-LeaderElection2 ELECTION round 0: result PASSED (term=1)
2024-02-27 21:36:48,514 [46ce47ac-a134-4cce-ba10-4493b406f4b0@group-EC97E56FF824-LeaderElection2] INFO  impl.RoleInfo (RoleInfo.java:shutdownLeaderElection(130)) - 46ce47ac-a134-4cce-ba10-4493b406f4b0: shutdown 46ce47ac-a134-4cce-ba10-4493b406f4b0@group-EC97E56FF824-LeaderElection2
2024-02-27 21:36:48,514 [46ce47ac-a134-4cce-ba10-4493b406f4b0@group-EC97E56FF824-LeaderElection2] INFO  server.RaftServer$Division (RaftServerImpl.java:setRole(383)) - 46ce47ac-a134-4cce-ba10-4493b406f4b0@group-EC97E56FF824: changes role from CANDIDATE to LEADER at term 1 for changeToLeader
2024-02-27 21:36:48,514 [46ce47ac-a134-4cce-ba10-4493b406f4b0@group-EC97E56FF824-LeaderElection2] INFO  server.RaftServerConfigKeys (ConfUtils.java:logGet(46)) - raft.server.staging.catchup.gap = 1000 (default)
2024-02-27 21:36:48,514 [46ce47ac-a134-4cce-ba10-4493b406f4b0@group-EC97E56FF824-LeaderElection2] INFO  server.RaftServerConfigKeys (ConfUtils.java:logGet(46)) - raft.server.write.element-limit = 1024 (custom)
2024-02-27 21:36:48,514 [46ce47ac-a134-4cce-ba10-4493b406f4b0@group-EC97E56FF824-LeaderElection2] INFO  server.RaftServerConfigKeys (ConfUtils.java:logGet(46)) - raft.server.write.byte-limit = 1024 M (=1073741824) (custom)
2024-02-27 21:36:48,515 [46ce47ac-a134-4cce-ba10-4493b406f4b0@group-EC97E56FF824-LeaderElection2] INFO  server.RaftServerConfigKeys (ConfUtils.java:logGet(46)) - raft.server.watch.timeout = 180s (custom)
2024-02-27 21:36:48,515 [46ce47ac-a134-4cce-ba10-4493b406f4b0@group-EC97E56FF824-LeaderElection2] INFO  server.RaftServerConfigKeys (ConfUtils.java:logGet(46)) - raft.server.watch.timeout.denomination = 1s (default)
2024-02-27 21:36:48,515 [46ce47ac-a134-4cce-ba10-4493b406f4b0@group-EC97E56FF824-LeaderElection2] INFO  server.RaftServerConfigKeys (ConfUtils.java:logGet(46)) - raft.server.watch.element-limit = 65536 (default)
2024-02-27 21:36:48,515 [c855f1da-1b31-46a5-a68b-5d36f1d30008@group-51EAB182817E-FollowerState] INFO  impl.FollowerState (FollowerState.java:run(143)) - c855f1da-1b31-46a5-a68b-5d36f1d30008@group-51EAB182817E-FollowerState: change to CANDIDATE, lastRpcElapsedTime:5078570450ns, electionTimeout:5076ms
2024-02-27 21:36:48,515 [46ce47ac-a134-4cce-ba10-4493b406f4b0@group-EC97E56FF824-LeaderElection2] INFO  server.RaftServerConfigKeys (ConfUtils.java:logGet(46)) - raft.server.read.leader.lease.enabled = false (default)
2024-02-27 21:36:48,515 [c855f1da-1b31-46a5-a68b-5d36f1d30008@group-51EAB182817E-FollowerState] INFO  impl.RoleInfo (RoleInfo.java:shutdownFollowerState(110)) - c855f1da-1b31-46a5-a68b-5d36f1d30008: shutdown c855f1da-1b31-46a5-a68b-5d36f1d30008@group-51EAB182817E-FollowerState
2024-02-27 21:36:48,515 [46ce47ac-a134-4cce-ba10-4493b406f4b0@group-EC97E56FF824-LeaderElection2] INFO  server.RaftServerConfigKeys (ConfUtils.java:logGet(46)) - raft.server.read.leader.lease.timeout.ratio = 0.9 (default)
2024-02-27 21:36:48,515 [c855f1da-1b31-46a5-a68b-5d36f1d30008@group-51EAB182817E-FollowerState] INFO  server.RaftServer$Division (RaftServerImpl.java:setRole(383)) - c855f1da-1b31-46a5-a68b-5d36f1d30008@group-51EAB182817E: changes role from  FOLLOWER to CANDIDATE at term 0 for changeToCandidate
2024-02-27 21:36:48,517 [46ce47ac-a134-4cce-ba10-4493b406f4b0@group-816BF9C79CC5-LeaderElection3] INFO  server.RaftServerConfigKeys (ConfUtils.java:logFallback(53)) - raft.server.rpc.first-election.timeout.min = 5s (fallback to raft.server.rpc.timeout.min)
2024-02-27 21:36:48,517 [46ce47ac-a134-4cce-ba10-4493b406f4b0@group-816BF9C79CC5-LeaderElection3] INFO  server.RaftServerConfigKeys (ConfUtils.java:logFallback(53)) - raft.server.rpc.first-election.timeout.max = 5200ms (fallback to raft.server.rpc.timeout.max)
2024-02-27 21:36:48,515 [46ce47ac-a134-4cce-ba10-4493b406f4b0@group-EC97E56FF824-LeaderElection2] INFO  server.RaftServerConfigKeys (ConfUtils.java:logGet(46)) - raft.server.rpc.timeout.min = 5s (custom)
2024-02-27 21:36:48,521 [46ce47ac-a134-4cce-ba10-4493b406f4b0@group-EC97E56FF824-LeaderElection2] INFO  server.RaftServerConfigKeys (ConfUtils.java:logGet(46)) - raft.server.write.element-limit = 1024 (custom)
2024-02-27 21:36:48,521 [46ce47ac-a134-4cce-ba10-4493b406f4b0@group-EC97E56FF824-LeaderElection2] INFO  server.RaftServerConfigKeys (ConfUtils.java:logGet(46)) - raft.server.write.follower.gap.ratio.max = -1.0 (default)
2024-02-27 21:36:48,521 [46ce47ac-a134-4cce-ba10-4493b406f4b0@group-816BF9C79CC5-LeaderElection3-1] INFO  server.GrpcServerProtocolClient (GrpcServerProtocolClient.java:<init>(65)) - Build channel for 9eee0c4a-241f-4a15-bff1-0522a907ac9b|10.1.0.18:15032
2024-02-27 21:36:48,521 [c855f1da-1b31-46a5-a68b-5d36f1d30008@group-51EAB182817E-FollowerState] INFO  server.RaftServerConfigKeys (ConfUtils.java:logGet(46)) - raft.server.leaderelection.pre-vote = true (default)
2024-02-27 21:36:48,522 [c855f1da-1b31-46a5-a68b-5d36f1d30008@group-51EAB182817E-FollowerState] INFO  impl.RoleInfo (RoleInfo.java:updateAndGet(139)) - c855f1da-1b31-46a5-a68b-5d36f1d30008: start c855f1da-1b31-46a5-a68b-5d36f1d30008@group-51EAB182817E-LeaderElection4
2024-02-27 21:36:48,521 [46ce47ac-a134-4cce-ba10-4493b406f4b0@group-816BF9C79CC5-LeaderElection3-2] INFO  server.GrpcServerProtocolClient (GrpcServerProtocolClient.java:<init>(65)) - Build channel for c855f1da-1b31-46a5-a68b-5d36f1d30008|10.1.0.18:15023
2024-02-27 21:36:48,521 [46ce47ac-a134-4cce-ba10-4493b406f4b0@group-EC97E56FF824-LeaderElection2] INFO  impl.RoleInfo (RoleInfo.java:updateAndGet(139)) - 46ce47ac-a134-4cce-ba10-4493b406f4b0: start 46ce47ac-a134-4cce-ba10-4493b406f4b0@group-EC97E56FF824-LeaderStateImpl
2024-02-27 21:36:48,522 [46ce47ac-a134-4cce-ba10-4493b406f4b0@group-EC97E56FF824-LeaderElection2] INFO  server.RaftServer$Division (RaftServerImpl.java:setFirstElection(574)) - 46ce47ac-a134-4cce-ba10-4493b406f4b0@group-EC97E56FF824: set firstElectionSinceStartup to false for becomeLeader
2024-02-27 21:36:48,522 [46ce47ac-a134-4cce-ba10-4493b406f4b0@group-EC97E56FF824-LeaderElection2] INFO  ratis.XceiverServerRatis (XceiverServerRatis.java:handleLeaderChangedNotification(966)) - Leader change notification received for group: group-EC97E56FF824 with new leaderId: 46ce47ac-a134-4cce-ba10-4493b406f4b0
2024-02-27 21:36:48,524 [46ce47ac-a134-4cce-ba10-4493b406f4b0@group-EC97E56FF824-LeaderElection2] INFO  server.RaftServer$Division (ServerState.java:setLeader(269)) - 46ce47ac-a134-4cce-ba10-4493b406f4b0@group-EC97E56FF824: change Leader from null to 46ce47ac-a134-4cce-ba10-4493b406f4b0 at term 1 for becomeLeader, leader elected after 5252ms
2024-02-27 21:36:48,524 [46ce47ac-a134-4cce-ba10-4493b406f4b0@group-EC97E56FF824-LeaderElection2] INFO  segmented.SegmentedRaftLogWorker (SegmentedRaftLogWorker.java:startLogSegment(430)) - 46ce47ac-a134-4cce-ba10-4493b406f4b0@group-EC97E56FF824-SegmentedRaftLogWorker: Starting segment from index:0
2024-02-27 21:36:48,524 [46ce47ac-a134-4cce-ba10-4493b406f4b0@group-EC97E56FF824-SegmentedRaftLogWorker] INFO  segmented.BufferedWriteChannel (BufferedWriteChannel.java:open(62)) - open log_inprogress_0 at position 0
2024-02-27 21:36:48,527 [EventQueue-OpenPipelineForHealthyPipelineSafeModeRule] INFO  safemode.SCMSafeModeManager (HealthyPipelineSafeModeRule.java:process(140)) - SCM in safe mode. Healthy pipelines reported count is 0, required healthy pipeline reported count is 1
2024-02-27 21:36:48,530 [46ce47ac-a134-4cce-ba10-4493b406f4b0@group-EC97E56FF824-LeaderElection2] INFO  server.RaftServer$Division (ServerState.java:setRaftConf(386)) - 46ce47ac-a134-4cce-ba10-4493b406f4b0@group-EC97E56FF824: set configuration 0: peers:[46ce47ac-a134-4cce-ba10-4493b406f4b0|10.1.0.18:15014]|listeners:[], old=null
2024-02-27 21:36:48,526 [c855f1da-1b31-46a5-a68b-5d36f1d30008@group-51EAB182817E-LeaderElection4] INFO  impl.LeaderElection (LeaderElection.java:askForVotes(321)) - c855f1da-1b31-46a5-a68b-5d36f1d30008@group-51EAB182817E-LeaderElection4 PRE_VOTE round 0: submit vote requests at term 0 for -1: peers:[c855f1da-1b31-46a5-a68b-5d36f1d30008|10.1.0.18:15023]|listeners:[], old=null
2024-02-27 21:36:48,532 [c855f1da-1b31-46a5-a68b-5d36f1d30008@group-51EAB182817E-LeaderElection4] INFO  impl.LeaderElection (LeaderElection.java:askForVotes(323)) - c855f1da-1b31-46a5-a68b-5d36f1d30008@group-51EAB182817E-LeaderElection4 PRE_VOTE round 0: result PASSED (term=0)
2024-02-27 21:36:48,537 [46ce47ac-a134-4cce-ba10-4493b406f4b0@group-EC97E56FF824-SegmentedRaftLogWorker] INFO  segmented.SegmentedRaftLogWorker (SegmentedRaftLogWorker.java:execute(634)) - 46ce47ac-a134-4cce-ba10-4493b406f4b0@group-EC97E56FF824-SegmentedRaftLogWorker: created new log segment /home/runner/work/ozone/ozone/hadoop-ozone/integration-test/target/test-dir/MiniOzoneClusterImpl-377bd28b-19ec-4c3d-8af6-29a7f1113b2b/ozone-meta/datanode-1/ratis/baa3b67b-378d-4a44-a713-ec97e56ff824/current/log_inprogress_0
2024-02-27 21:36:48,537 [c855f1da-1b31-46a5-a68b-5d36f1d30008@group-51EAB182817E-LeaderElection4] INFO  impl.LeaderElection (LeaderElection.java:askForVotes(321)) - c855f1da-1b31-46a5-a68b-5d36f1d30008@group-51EAB182817E-LeaderElection4 ELECTION round 0: submit vote requests at term 1 for -1: peers:[c855f1da-1b31-46a5-a68b-5d36f1d30008|10.1.0.18:15023]|listeners:[], old=null
2024-02-27 21:36:48,537 [c855f1da-1b31-46a5-a68b-5d36f1d30008@group-51EAB182817E-LeaderElection4] INFO  impl.LeaderElection (LeaderElection.java:askForVotes(323)) - c855f1da-1b31-46a5-a68b-5d36f1d30008@group-51EAB182817E-LeaderElection4 ELECTION round 0: result PASSED (term=1)
2024-02-27 21:36:48,537 [c855f1da-1b31-46a5-a68b-5d36f1d30008@group-51EAB182817E-LeaderElection4] INFO  impl.RoleInfo (RoleInfo.java:shutdownLeaderElection(130)) - c855f1da-1b31-46a5-a68b-5d36f1d30008: shutdown c855f1da-1b31-46a5-a68b-5d36f1d30008@group-51EAB182817E-LeaderElection4
2024-02-27 21:36:48,537 [c855f1da-1b31-46a5-a68b-5d36f1d30008@group-51EAB182817E-LeaderElection4] INFO  server.RaftServer$Division (RaftServerImpl.java:setRole(383)) - c855f1da-1b31-46a5-a68b-5d36f1d30008@group-51EAB182817E: changes role from CANDIDATE to LEADER at term 1 for changeToLeader
2024-02-27 21:36:48,538 [c855f1da-1b31-46a5-a68b-5d36f1d30008@group-51EAB182817E-LeaderElection4] INFO  server.RaftServerConfigKeys (ConfUtils.java:logGet(46)) - raft.server.staging.catchup.gap = 1000 (default)
2024-02-27 21:36:48,538 [c855f1da-1b31-46a5-a68b-5d36f1d30008@group-51EAB182817E-LeaderElection4] INFO  server.RaftServerConfigKeys (ConfUtils.java:logGet(46)) - raft.server.write.element-limit = 1024 (custom)
2024-02-27 21:36:48,538 [c855f1da-1b31-46a5-a68b-5d36f1d30008@group-51EAB182817E-LeaderElection4] INFO  server.RaftServerConfigKeys (ConfUtils.java:logGet(46)) - raft.server.write.byte-limit = 1024 M (=1073741824) (custom)
2024-02-27 21:36:48,538 [c855f1da-1b31-46a5-a68b-5d36f1d30008@group-51EAB182817E-LeaderElection4] INFO  server.RaftServerConfigKeys (ConfUtils.java:logGet(46)) - raft.server.watch.timeout = 180s (custom)
2024-02-27 21:36:48,538 [c855f1da-1b31-46a5-a68b-5d36f1d30008@group-51EAB182817E-LeaderElection4] INFO  server.RaftServerConfigKeys (ConfUtils.java:logGet(46)) - raft.server.watch.timeout.denomination = 1s (default)
2024-02-27 21:36:48,538 [c855f1da-1b31-46a5-a68b-5d36f1d30008@group-51EAB182817E-LeaderElection4] INFO  server.RaftServerConfigKeys (ConfUtils.java:logGet(46)) - raft.server.watch.element-limit = 65536 (default)
2024-02-27 21:36:48,539 [c855f1da-1b31-46a5-a68b-5d36f1d30008@group-51EAB182817E-LeaderElection4] INFO  server.RaftServerConfigKeys (ConfUtils.java:logGet(46)) - raft.server.read.leader.lease.enabled = false (default)
2024-02-27 21:36:48,539 [c855f1da-1b31-46a5-a68b-5d36f1d30008@group-51EAB182817E-LeaderElection4] INFO  server.RaftServerConfigKeys (ConfUtils.java:logGet(46)) - raft.server.read.leader.lease.timeout.ratio = 0.9 (default)
2024-02-27 21:36:48,539 [c855f1da-1b31-46a5-a68b-5d36f1d30008@group-51EAB182817E-LeaderElection4] INFO  server.RaftServerConfigKeys (ConfUtils.java:logGet(46)) - raft.server.rpc.timeout.min = 5s (custom)
2024-02-27 21:36:48,539 [c855f1da-1b31-46a5-a68b-5d36f1d30008@group-51EAB182817E-LeaderElection4] INFO  server.RaftServerConfigKeys (ConfUtils.java:logGet(46)) - raft.server.write.element-limit = 1024 (custom)
2024-02-27 21:36:48,539 [c855f1da-1b31-46a5-a68b-5d36f1d30008@group-51EAB182817E-LeaderElection4] INFO  server.RaftServerConfigKeys (ConfUtils.java:logGet(46)) - raft.server.write.follower.gap.ratio.max = -1.0 (default)
2024-02-27 21:36:48,539 [c855f1da-1b31-46a5-a68b-5d36f1d30008@group-51EAB182817E-LeaderElection4] INFO  impl.RoleInfo (RoleInfo.java:updateAndGet(139)) - c855f1da-1b31-46a5-a68b-5d36f1d30008: start c855f1da-1b31-46a5-a68b-5d36f1d30008@group-51EAB182817E-LeaderStateImpl
2024-02-27 21:36:48,539 [c855f1da-1b31-46a5-a68b-5d36f1d30008@group-51EAB182817E-LeaderElection4] INFO  server.RaftServer$Division (RaftServerImpl.java:setFirstElection(574)) - c855f1da-1b31-46a5-a68b-5d36f1d30008@group-51EAB182817E: set firstElectionSinceStartup to false for becomeLeader
2024-02-27 21:36:48,539 [c855f1da-1b31-46a5-a68b-5d36f1d30008@group-51EAB182817E-LeaderElection4] INFO  ratis.XceiverServerRatis (XceiverServerRatis.java:handleLeaderChangedNotification(966)) - Leader change notification received for group: group-51EAB182817E with new leaderId: c855f1da-1b31-46a5-a68b-5d36f1d30008
2024-02-27 21:36:48,541 [c855f1da-1b31-46a5-a68b-5d36f1d30008@group-51EAB182817E-LeaderElection4] INFO  server.RaftServer$Division (ServerState.java:setLeader(269)) - c855f1da-1b31-46a5-a68b-5d36f1d30008@group-51EAB182817E: change Leader from null to c855f1da-1b31-46a5-a68b-5d36f1d30008 at term 1 for becomeLeader, leader elected after 5136ms
2024-02-27 21:36:48,541 [c855f1da-1b31-46a5-a68b-5d36f1d30008@group-51EAB182817E-LeaderElection4] INFO  segmented.SegmentedRaftLogWorker (SegmentedRaftLogWorker.java:startLogSegment(430)) - c855f1da-1b31-46a5-a68b-5d36f1d30008@group-51EAB182817E-SegmentedRaftLogWorker: Starting segment from index:0
2024-02-27 21:36:48,541 [grpc-default-executor-2] INFO  server.RaftServer$Division (RaftServerImpl.java:requestVote(1389)) - c855f1da-1b31-46a5-a68b-5d36f1d30008@group-816BF9C79CC5: receive requestVote(PRE_VOTE, 46ce47ac-a134-4cce-ba10-4493b406f4b0, group-816BF9C79CC5, 0, (t:0, i:0))
2024-02-27 21:36:48,542 [grpc-default-executor-1] INFO  server.RaftServer$Division (RaftServerImpl.java:requestVote(1389)) - 9eee0c4a-241f-4a15-bff1-0522a907ac9b@group-816BF9C79CC5: receive requestVote(PRE_VOTE, 46ce47ac-a134-4cce-ba10-4493b406f4b0, group-816BF9C79CC5, 0, (t:0, i:0))
2024-02-27 21:36:48,542 [c855f1da-1b31-46a5-a68b-5d36f1d30008@group-51EAB182817E-SegmentedRaftLogWorker] INFO  segmented.BufferedWriteChannel (BufferedWriteChannel.java:open(62)) - open log_inprogress_0 at position 0
2024-02-27 21:36:48,544 [grpc-default-executor-2] INFO  impl.VoteContext (VoteContext.java:log(49)) - c855f1da-1b31-46a5-a68b-5d36f1d30008@group-816BF9C79CC5-FOLLOWER: accept PRE_VOTE from 46ce47ac-a134-4cce-ba10-4493b406f4b0: our priority 0 <= candidate's priority 0
2024-02-27 21:36:48,544 [46ce47ac-a134-4cce-ba10-4493b406f4b0@group-EC97E56FF824-StateMachineUpdater] INFO  server.RaftServer$Division (LeaderStateImpl.java:isApplied(320)) - leader is ready since appliedIndex == 0 >= startIndex == 0
2024-02-27 21:36:48,552 [grpc-default-executor-2] INFO  server.RaftServer$Division (RaftServerImpl.java:requestVote(1422)) - c855f1da-1b31-46a5-a68b-5d36f1d30008@group-816BF9C79CC5 replies to PRE_VOTE vote request: 46ce47ac-a134-4cce-ba10-4493b406f4b0<-c855f1da-1b31-46a5-a68b-5d36f1d30008#0:OK-t0. Peer's state: c855f1da-1b31-46a5-a68b-5d36f1d30008@group-816BF9C79CC5:t0, leader=null, voted=, raftlog=Memoized:c855f1da-1b31-46a5-a68b-5d36f1d30008@group-816BF9C79CC5-SegmentedRaftLog:OPENED:c-1, conf=-1: peers:[9eee0c4a-241f-4a15-bff1-0522a907ac9b|10.1.0.18:15032, 46ce47ac-a134-4cce-ba10-4493b406f4b0|10.1.0.18:15014, c855f1da-1b31-46a5-a68b-5d36f1d30008|10.1.0.18:15023]|listeners:[], old=null
2024-02-27 21:36:48,552 [c855f1da-1b31-46a5-a68b-5d36f1d30008@group-51EAB182817E-LeaderElection4] INFO  server.RaftServer$Division (ServerState.java:setRaftConf(386)) - c855f1da-1b31-46a5-a68b-5d36f1d30008@group-51EAB182817E: set configuration 0: peers:[c855f1da-1b31-46a5-a68b-5d36f1d30008|10.1.0.18:15023]|listeners:[], old=null
2024-02-27 21:36:48,547 [EventQueue-OpenPipelineForHealthyPipelineSafeModeRule] INFO  safemode.SCMSafeModeManager (HealthyPipelineSafeModeRule.java:process(140)) - SCM in safe mode. Healthy pipelines reported count is 0, required healthy pipeline reported count is 1
2024-02-27 21:36:48,546 [grpc-default-executor-1] INFO  impl.VoteContext (VoteContext.java:log(49)) - 9eee0c4a-241f-4a15-bff1-0522a907ac9b@group-816BF9C79CC5-FOLLOWER: reject PRE_VOTE from 46ce47ac-a134-4cce-ba10-4493b406f4b0: our priority 1 > candidate's priority 0
2024-02-27 21:36:48,555 [grpc-default-executor-1] INFO  server.RaftServer$Division (RaftServerImpl.java:requestVote(1422)) - 9eee0c4a-241f-4a15-bff1-0522a907ac9b@group-816BF9C79CC5 replies to PRE_VOTE vote request: 46ce47ac-a134-4cce-ba10-4493b406f4b0<-9eee0c4a-241f-4a15-bff1-0522a907ac9b#0:FAIL-t0. Peer's state: 9eee0c4a-241f-4a15-bff1-0522a907ac9b@group-816BF9C79CC5:t0, leader=null, voted=, raftlog=Memoized:9eee0c4a-241f-4a15-bff1-0522a907ac9b@group-816BF9C79CC5-SegmentedRaftLog:OPENED:c-1, conf=-1: peers:[9eee0c4a-241f-4a15-bff1-0522a907ac9b|10.1.0.18:15032, 46ce47ac-a134-4cce-ba10-4493b406f4b0|10.1.0.18:15014, c855f1da-1b31-46a5-a68b-5d36f1d30008|10.1.0.18:15023]|listeners:[], old=null
2024-02-27 21:36:48,556 [c855f1da-1b31-46a5-a68b-5d36f1d30008@group-51EAB182817E-SegmentedRaftLogWorker] INFO  segmented.SegmentedRaftLogWorker (SegmentedRaftLogWorker.java:execute(634)) - c855f1da-1b31-46a5-a68b-5d36f1d30008@group-51EAB182817E-SegmentedRaftLogWorker: created new log segment /home/runner/work/ozone/ozone/hadoop-ozone/integration-test/target/test-dir/MiniOzoneClusterImpl-377bd28b-19ec-4c3d-8af6-29a7f1113b2b/ozone-meta/datanode-2/ratis/f90c3c57-0bcc-4d42-a5d0-51eab182817e/current/log_inprogress_0
2024-02-27 21:36:48,559 [46ce47ac-a134-4cce-ba10-4493b406f4b0@group-816BF9C79CC5-LeaderElection3] INFO  impl.LeaderElection (LeaderElection.java:logAndReturn(89)) - 46ce47ac-a134-4cce-ba10-4493b406f4b0@group-816BF9C79CC5-LeaderElection3: PRE_VOTE REJECTED received 2 response(s) and 0 exception(s):
2024-02-27 21:36:48,560 [46ce47ac-a134-4cce-ba10-4493b406f4b0@group-816BF9C79CC5-LeaderElection3] INFO  impl.LeaderElection (LeaderElection.java:logAndReturn(93)) -   Response 0: 46ce47ac-a134-4cce-ba10-4493b406f4b0<-9eee0c4a-241f-4a15-bff1-0522a907ac9b#0:FAIL-t0
2024-02-27 21:36:48,560 [46ce47ac-a134-4cce-ba10-4493b406f4b0@group-816BF9C79CC5-LeaderElection3] INFO  impl.LeaderElection (LeaderElection.java:logAndReturn(93)) -   Response 1: 46ce47ac-a134-4cce-ba10-4493b406f4b0<-c855f1da-1b31-46a5-a68b-5d36f1d30008#0:OK-t0
2024-02-27 21:36:48,560 [46ce47ac-a134-4cce-ba10-4493b406f4b0@group-816BF9C79CC5-LeaderElection3] INFO  impl.LeaderElection (LeaderElection.java:askForVotes(323)) - 46ce47ac-a134-4cce-ba10-4493b406f4b0@group-816BF9C79CC5-LeaderElection3 PRE_VOTE round 0: result REJECTED
2024-02-27 21:36:48,561 [c855f1da-1b31-46a5-a68b-5d36f1d30008@group-51EAB182817E-StateMachineUpdater] INFO  server.RaftServer$Division (LeaderStateImpl.java:isApplied(320)) - leader is ready since appliedIndex == 0 >= startIndex == 0
2024-02-27 21:36:48,561 [46ce47ac-a134-4cce-ba10-4493b406f4b0@group-816BF9C79CC5-LeaderElection3] INFO  server.RaftServer$Division (RaftServerImpl.java:setRole(383)) - 46ce47ac-a134-4cce-ba10-4493b406f4b0@group-816BF9C79CC5: changes role from CANDIDATE to FOLLOWER at term 0 for REJECTED
2024-02-27 21:36:48,561 [46ce47ac-a134-4cce-ba10-4493b406f4b0@group-816BF9C79CC5-LeaderElection3] INFO  impl.RoleInfo (RoleInfo.java:shutdownLeaderElection(130)) - 46ce47ac-a134-4cce-ba10-4493b406f4b0: shutdown 46ce47ac-a134-4cce-ba10-4493b406f4b0@group-816BF9C79CC5-LeaderElection3
2024-02-27 21:36:48,561 [46ce47ac-a134-4cce-ba10-4493b406f4b0@group-816BF9C79CC5-LeaderElection3] INFO  impl.RoleInfo (RoleInfo.java:updateAndGet(139)) - 46ce47ac-a134-4cce-ba10-4493b406f4b0: start 46ce47ac-a134-4cce-ba10-4493b406f4b0@group-816BF9C79CC5-FollowerState
2024-02-27 21:36:48,561 [46ce47ac-a134-4cce-ba10-4493b406f4b0@group-816BF9C79CC5-LeaderElection3] INFO  server.RaftServer$Division (RaftServerImpl.java:setFirstElection(574)) - 46ce47ac-a134-4cce-ba10-4493b406f4b0@group-816BF9C79CC5: set firstElectionSinceStartup to false for REJECTED
2024-02-27 21:36:48,585 [c855f1da-1b31-46a5-a68b-5d36f1d30008@group-816BF9C79CC5-FollowerState] INFO  server.RaftServerConfigKeys (ConfUtils.java:logFallback(53)) - raft.server.rpc.first-election.timeout.min = 5s (fallback to raft.server.rpc.timeout.min)
2024-02-27 21:36:48,586 [c855f1da-1b31-46a5-a68b-5d36f1d30008@group-816BF9C79CC5-FollowerState] INFO  server.RaftServerConfigKeys (ConfUtils.java:logFallback(53)) - raft.server.rpc.first-election.timeout.max = 5200ms (fallback to raft.server.rpc.timeout.max)
2024-02-27 21:36:48,587 [9eee0c4a-241f-4a15-bff1-0522a907ac9b@group-902100B64C51-FollowerState] INFO  impl.FollowerState (FollowerState.java:run(143)) - 9eee0c4a-241f-4a15-bff1-0522a907ac9b@group-902100B64C51-FollowerState: change to CANDIDATE, lastRpcElapsedTime:5034154440ns, electionTimeout:5031ms
2024-02-27 21:36:48,587 [9eee0c4a-241f-4a15-bff1-0522a907ac9b@group-902100B64C51-FollowerState] INFO  impl.RoleInfo (RoleInfo.java:shutdownFollowerState(110)) - 9eee0c4a-241f-4a15-bff1-0522a907ac9b: shutdown 9eee0c4a-241f-4a15-bff1-0522a907ac9b@group-902100B64C51-FollowerState
2024-02-27 21:36:48,587 [9eee0c4a-241f-4a15-bff1-0522a907ac9b@group-902100B64C51-FollowerState] INFO  server.RaftServer$Division (RaftServerImpl.java:setRole(383)) - 9eee0c4a-241f-4a15-bff1-0522a907ac9b@group-902100B64C51: changes role from  FOLLOWER to CANDIDATE at term 0 for changeToCandidate
2024-02-27 21:36:48,588 [9eee0c4a-241f-4a15-bff1-0522a907ac9b@group-902100B64C51-FollowerState] INFO  server.RaftServerConfigKeys (ConfUtils.java:logGet(46)) - raft.server.leaderelection.pre-vote = true (default)
2024-02-27 21:36:48,588 [9eee0c4a-241f-4a15-bff1-0522a907ac9b@group-902100B64C51-FollowerState] INFO  impl.RoleInfo (RoleInfo.java:updateAndGet(139)) - 9eee0c4a-241f-4a15-bff1-0522a907ac9b: start 9eee0c4a-241f-4a15-bff1-0522a907ac9b@group-902100B64C51-LeaderElection5
2024-02-27 21:36:48,589 [9eee0c4a-241f-4a15-bff1-0522a907ac9b@group-902100B64C51-LeaderElection5] INFO  impl.LeaderElection (LeaderElection.java:askForVotes(321)) - 9eee0c4a-241f-4a15-bff1-0522a907ac9b@group-902100B64C51-LeaderElection5 PRE_VOTE round 0: submit vote requests at term 0 for -1: peers:[9eee0c4a-241f-4a15-bff1-0522a907ac9b|10.1.0.18:15032]|listeners:[], old=null
2024-02-27 21:36:48,589 [9eee0c4a-241f-4a15-bff1-0522a907ac9b@group-902100B64C51-LeaderElection5] INFO  impl.LeaderElection (LeaderElection.java:askForVotes(323)) - 9eee0c4a-241f-4a15-bff1-0522a907ac9b@group-902100B64C51-LeaderElection5 PRE_VOTE round 0: result PASSED (term=0)
2024-02-27 21:36:48,591 [9eee0c4a-241f-4a15-bff1-0522a907ac9b@group-902100B64C51-LeaderElection5] INFO  impl.LeaderElection (LeaderElection.java:askForVotes(321)) - 9eee0c4a-241f-4a15-bff1-0522a907ac9b@group-902100B64C51-LeaderElection5 ELECTION round 0: submit vote requests at term 1 for -1: peers:[9eee0c4a-241f-4a15-bff1-0522a907ac9b|10.1.0.18:15032]|listeners:[], old=null
2024-02-27 21:36:48,591 [9eee0c4a-241f-4a15-bff1-0522a907ac9b@group-902100B64C51-LeaderElection5] INFO  impl.LeaderElection (LeaderElection.java:askForVotes(323)) - 9eee0c4a-241f-4a15-bff1-0522a907ac9b@group-902100B64C51-LeaderElection5 ELECTION round 0: result PASSED (term=1)
2024-02-27 21:36:48,591 [9eee0c4a-241f-4a15-bff1-0522a907ac9b@group-902100B64C51-LeaderElection5] INFO  impl.RoleInfo (RoleInfo.java:shutdownLeaderElection(130)) - 9eee0c4a-241f-4a15-bff1-0522a907ac9b: shutdown 9eee0c4a-241f-4a15-bff1-0522a907ac9b@group-902100B64C51-LeaderElection5
2024-02-27 21:36:48,591 [9eee0c4a-241f-4a15-bff1-0522a907ac9b@group-902100B64C51-LeaderElection5] INFO  server.RaftServer$Division (RaftServerImpl.java:setRole(383)) - 9eee0c4a-241f-4a15-bff1-0522a907ac9b@group-902100B64C51: changes role from CANDIDATE to LEADER at term 1 for changeToLeader
2024-02-27 21:36:48,591 [9eee0c4a-241f-4a15-bff1-0522a907ac9b@group-902100B64C51-LeaderElection5] INFO  server.RaftServerConfigKeys (ConfUtils.java:logGet(46)) - raft.server.staging.catchup.gap = 1000 (default)
2024-02-27 21:36:48,591 [9eee0c4a-241f-4a15-bff1-0522a907ac9b@group-902100B64C51-LeaderElection5] INFO  server.RaftServerConfigKeys (ConfUtils.java:logGet(46)) - raft.server.write.element-limit = 1024 (custom)
2024-02-27 21:36:48,592 [9eee0c4a-241f-4a15-bff1-0522a907ac9b@group-902100B64C51-LeaderElection5] INFO  server.RaftServerConfigKeys (ConfUtils.java:logGet(46)) - raft.server.write.byte-limit = 1024 M (=1073741824) (custom)
2024-02-27 21:36:48,592 [9eee0c4a-241f-4a15-bff1-0522a907ac9b@group-902100B64C51-LeaderElection5] INFO  server.RaftServerConfigKeys (ConfUtils.java:logGet(46)) - raft.server.watch.timeout = 180s (custom)
2024-02-27 21:36:48,592 [9eee0c4a-241f-4a15-bff1-0522a907ac9b@group-902100B64C51-LeaderElection5] INFO  server.RaftServerConfigKeys (ConfUtils.java:logGet(46)) - raft.server.watch.timeout.denomination = 1s (default)
2024-02-27 21:36:48,592 [9eee0c4a-241f-4a15-bff1-0522a907ac9b@group-902100B64C51-LeaderElection5] INFO  server.RaftServerConfigKeys (ConfUtils.java:logGet(46)) - raft.server.watch.element-limit = 65536 (default)
2024-02-27 21:36:48,592 [9eee0c4a-241f-4a15-bff1-0522a907ac9b@group-902100B64C51-LeaderElection5] INFO  server.RaftServerConfigKeys (ConfUtils.java:logGet(46)) - raft.server.read.leader.lease.enabled = false (default)
2024-02-27 21:36:48,592 [9eee0c4a-241f-4a15-bff1-0522a907ac9b@group-902100B64C51-LeaderElection5] INFO  server.RaftServerConfigKeys (ConfUtils.java:logGet(46)) - raft.server.read.leader.lease.timeout.ratio = 0.9 (default)
2024-02-27 21:36:48,592 [9eee0c4a-241f-4a15-bff1-0522a907ac9b@group-902100B64C51-LeaderElection5] INFO  server.RaftServerConfigKeys (ConfUtils.java:logGet(46)) - raft.server.rpc.timeout.min = 5s (custom)
2024-02-27 21:36:48,593 [9eee0c4a-241f-4a15-bff1-0522a907ac9b@group-902100B64C51-LeaderElection5] INFO  server.RaftServerConfigKeys (ConfUtils.java:logGet(46)) - raft.server.write.element-limit = 1024 (custom)
2024-02-27 21:36:48,593 [9eee0c4a-241f-4a15-bff1-0522a907ac9b@group-902100B64C51-LeaderElection5] INFO  server.RaftServerConfigKeys (ConfUtils.java:logGet(46)) - raft.server.write.follower.gap.ratio.max = -1.0 (default)
2024-02-27 21:36:48,593 [9eee0c4a-241f-4a15-bff1-0522a907ac9b@group-902100B64C51-LeaderElection5] INFO  impl.RoleInfo (RoleInfo.java:updateAndGet(139)) - 9eee0c4a-241f-4a15-bff1-0522a907ac9b: start 9eee0c4a-241f-4a15-bff1-0522a907ac9b@group-902100B64C51-LeaderStateImpl
2024-02-27 21:36:48,593 [9eee0c4a-241f-4a15-bff1-0522a907ac9b@group-902100B64C51-LeaderElection5] INFO  server.RaftServer$Division (RaftServerImpl.java:setFirstElection(574)) - 9eee0c4a-241f-4a15-bff1-0522a907ac9b@group-902100B64C51: set firstElectionSinceStartup to false for becomeLeader
2024-02-27 21:36:48,593 [9eee0c4a-241f-4a15-bff1-0522a907ac9b@group-902100B64C51-LeaderElection5] INFO  ratis.XceiverServerRatis (XceiverServerRatis.java:handleLeaderChangedNotification(966)) - Leader change notification received for group: group-902100B64C51 with new leaderId: 9eee0c4a-241f-4a15-bff1-0522a907ac9b
2024-02-27 21:36:48,594 [9eee0c4a-241f-4a15-bff1-0522a907ac9b@group-902100B64C51-LeaderElection5] INFO  server.RaftServer$Division (ServerState.java:setLeader(269)) - 9eee0c4a-241f-4a15-bff1-0522a907ac9b@group-902100B64C51: change Leader from null to 9eee0c4a-241f-4a15-bff1-0522a907ac9b at term 1 for becomeLeader, leader elected after 5072ms
2024-02-27 21:36:48,594 [9eee0c4a-241f-4a15-bff1-0522a907ac9b@group-902100B64C51-LeaderElection5] INFO  segmented.SegmentedRaftLogWorker (SegmentedRaftLogWorker.java:startLogSegment(430)) - 9eee0c4a-241f-4a15-bff1-0522a907ac9b@group-902100B64C51-SegmentedRaftLogWorker: Starting segment from index:0
2024-02-27 21:36:48,594 [9eee0c4a-241f-4a15-bff1-0522a907ac9b@group-902100B64C51-SegmentedRaftLogWorker] INFO  segmented.BufferedWriteChannel (BufferedWriteChannel.java:open(62)) - open log_inprogress_0 at position 0
2024-02-27 21:36:48,595 [EventQueue-OpenPipelineForHealthyPipelineSafeModeRule] INFO  safemode.SCMSafeModeManager (HealthyPipelineSafeModeRule.java:process(140)) - SCM in safe mode. Healthy pipelines reported count is 0, required healthy pipeline reported count is 1
2024-02-27 21:36:48,600 [9eee0c4a-241f-4a15-bff1-0522a907ac9b@group-902100B64C51-LeaderElection5] INFO  server.RaftServer$Division (ServerState.java:setRaftConf(386)) - 9eee0c4a-241f-4a15-bff1-0522a907ac9b@group-902100B64C51: set configuration 0: peers:[9eee0c4a-241f-4a15-bff1-0522a907ac9b|10.1.0.18:15032]|listeners:[], old=null
2024-02-27 21:36:48,603 [9eee0c4a-241f-4a15-bff1-0522a907ac9b@group-902100B64C51-SegmentedRaftLogWorker] INFO  segmented.SegmentedRaftLogWorker (SegmentedRaftLogWorker.java:execute(634)) - 9eee0c4a-241f-4a15-bff1-0522a907ac9b@group-902100B64C51-SegmentedRaftLogWorker: created new log segment /home/runner/work/ozone/ozone/hadoop-ozone/integration-test/target/test-dir/MiniOzoneClusterImpl-377bd28b-19ec-4c3d-8af6-29a7f1113b2b/ozone-meta/datanode-3/ratis/e4b0a16e-ae84-4b17-85c1-902100b64c51/current/log_inprogress_0
2024-02-27 21:36:48,605 [9eee0c4a-241f-4a15-bff1-0522a907ac9b@group-902100B64C51-StateMachineUpdater] INFO  server.RaftServer$Division (LeaderStateImpl.java:isApplied(320)) - leader is ready since appliedIndex == 0 >= startIndex == 0
2024-02-27 21:36:48,782 [9eee0c4a-241f-4a15-bff1-0522a907ac9b@group-816BF9C79CC5-FollowerState] INFO  impl.FollowerState (FollowerState.java:run(143)) - 9eee0c4a-241f-4a15-bff1-0522a907ac9b@group-816BF9C79CC5-FollowerState: change to CANDIDATE, lastRpcElapsedTime:5192353327ns, electionTimeout:5191ms
2024-02-27 21:36:48,782 [9eee0c4a-241f-4a15-bff1-0522a907ac9b@group-816BF9C79CC5-FollowerState] INFO  impl.RoleInfo (RoleInfo.java:shutdownFollowerState(110)) - 9eee0c4a-241f-4a15-bff1-0522a907ac9b: shutdown 9eee0c4a-241f-4a15-bff1-0522a907ac9b@group-816BF9C79CC5-FollowerState
2024-02-27 21:36:48,782 [9eee0c4a-241f-4a15-bff1-0522a907ac9b@group-816BF9C79CC5-FollowerState] INFO  server.RaftServer$Division (RaftServerImpl.java:setRole(383)) - 9eee0c4a-241f-4a15-bff1-0522a907ac9b@group-816BF9C79CC5: changes role from  FOLLOWER to CANDIDATE at term 0 for changeToCandidate
2024-02-27 21:36:48,783 [9eee0c4a-241f-4a15-bff1-0522a907ac9b@group-816BF9C79CC5-FollowerState] INFO  server.RaftServerConfigKeys (ConfUtils.java:logGet(46)) - raft.server.leaderelection.pre-vote = true (default)
2024-02-27 21:36:48,783 [9eee0c4a-241f-4a15-bff1-0522a907ac9b@group-816BF9C79CC5-FollowerState] INFO  impl.RoleInfo (RoleInfo.java:updateAndGet(139)) - 9eee0c4a-241f-4a15-bff1-0522a907ac9b: start 9eee0c4a-241f-4a15-bff1-0522a907ac9b@group-816BF9C79CC5-LeaderElection6
2024-02-27 21:36:48,784 [9eee0c4a-241f-4a15-bff1-0522a907ac9b@group-816BF9C79CC5-LeaderElection6] INFO  impl.LeaderElection (LeaderElection.java:askForVotes(321)) - 9eee0c4a-241f-4a15-bff1-0522a907ac9b@group-816BF9C79CC5-LeaderElection6 PRE_VOTE round 0: submit vote requests at term 0 for -1: peers:[9eee0c4a-241f-4a15-bff1-0522a907ac9b|10.1.0.18:15032, 46ce47ac-a134-4cce-ba10-4493b406f4b0|10.1.0.18:15014, c855f1da-1b31-46a5-a68b-5d36f1d30008|10.1.0.18:15023]|listeners:[], old=null
2024-02-27 21:36:48,784 [9eee0c4a-241f-4a15-bff1-0522a907ac9b@group-816BF9C79CC5-LeaderElection6-1] INFO  server.GrpcServerProtocolClient (GrpcServerProtocolClient.java:<init>(65)) - Build channel for 46ce47ac-a134-4cce-ba10-4493b406f4b0|10.1.0.18:15014
2024-02-27 21:36:48,784 [9eee0c4a-241f-4a15-bff1-0522a907ac9b@group-816BF9C79CC5-LeaderElection6-2] INFO  server.GrpcServerProtocolClient (GrpcServerProtocolClient.java:<init>(65)) - Build channel for c855f1da-1b31-46a5-a68b-5d36f1d30008|10.1.0.18:15023
2024-02-27 21:36:48,786 [9eee0c4a-241f-4a15-bff1-0522a907ac9b@group-816BF9C79CC5-LeaderElection6] INFO  server.RaftServerConfigKeys (ConfUtils.java:logFallback(53)) - raft.server.rpc.first-election.timeout.min = 5s (fallback to raft.server.rpc.timeout.min)
2024-02-27 21:36:48,786 [9eee0c4a-241f-4a15-bff1-0522a907ac9b@group-816BF9C79CC5-LeaderElection6] INFO  server.RaftServerConfigKeys (ConfUtils.java:logFallback(53)) - raft.server.rpc.first-election.timeout.max = 5200ms (fallback to raft.server.rpc.timeout.max)
2024-02-27 21:36:48,791 [grpc-default-executor-1] INFO  server.RaftServer$Division (RaftServerImpl.java:requestVote(1389)) - 46ce47ac-a134-4cce-ba10-4493b406f4b0@group-816BF9C79CC5: receive requestVote(PRE_VOTE, 9eee0c4a-241f-4a15-bff1-0522a907ac9b, group-816BF9C79CC5, 0, (t:0, i:0))
2024-02-27 21:36:48,792 [grpc-default-executor-1] INFO  impl.VoteContext (VoteContext.java:log(49)) - 46ce47ac-a134-4cce-ba10-4493b406f4b0@group-816BF9C79CC5-FOLLOWER: accept PRE_VOTE from 9eee0c4a-241f-4a15-bff1-0522a907ac9b: our priority 0 <= candidate's priority 1
2024-02-27 21:36:48,792 [grpc-default-executor-1] INFO  server.RaftServer$Division (RaftServerImpl.java:requestVote(1422)) - 46ce47ac-a134-4cce-ba10-4493b406f4b0@group-816BF9C79CC5 replies to PRE_VOTE vote request: 9eee0c4a-241f-4a15-bff1-0522a907ac9b<-46ce47ac-a134-4cce-ba10-4493b406f4b0#0:OK-t0. Peer's state: 46ce47ac-a134-4cce-ba10-4493b406f4b0@group-816BF9C79CC5:t0, leader=null, voted=, raftlog=Memoized:46ce47ac-a134-4cce-ba10-4493b406f4b0@group-816BF9C79CC5-SegmentedRaftLog:OPENED:c-1, conf=-1: peers:[9eee0c4a-241f-4a15-bff1-0522a907ac9b|10.1.0.18:15032, 46ce47ac-a134-4cce-ba10-4493b406f4b0|10.1.0.18:15014, c855f1da-1b31-46a5-a68b-5d36f1d30008|10.1.0.18:15023]|listeners:[], old=null
2024-02-27 21:36:48,793 [grpc-default-executor-2] INFO  server.RaftServer$Division (RaftServerImpl.java:requestVote(1389)) - c855f1da-1b31-46a5-a68b-5d36f1d30008@group-816BF9C79CC5: receive requestVote(PRE_VOTE, 9eee0c4a-241f-4a15-bff1-0522a907ac9b, group-816BF9C79CC5, 0, (t:0, i:0))
2024-02-27 21:36:48,794 [grpc-default-executor-2] INFO  impl.VoteContext (VoteContext.java:log(49)) - c855f1da-1b31-46a5-a68b-5d36f1d30008@group-816BF9C79CC5-FOLLOWER: accept PRE_VOTE from 9eee0c4a-241f-4a15-bff1-0522a907ac9b: our priority 0 <= candidate's priority 1
2024-02-27 21:36:48,794 [grpc-default-executor-2] INFO  server.RaftServer$Division (RaftServerImpl.java:requestVote(1422)) - c855f1da-1b31-46a5-a68b-5d36f1d30008@group-816BF9C79CC5 replies to PRE_VOTE vote request: 9eee0c4a-241f-4a15-bff1-0522a907ac9b<-c855f1da-1b31-46a5-a68b-5d36f1d30008#0:OK-t0. Peer's state: c855f1da-1b31-46a5-a68b-5d36f1d30008@group-816BF9C79CC5:t0, leader=null, voted=, raftlog=Memoized:c855f1da-1b31-46a5-a68b-5d36f1d30008@group-816BF9C79CC5-SegmentedRaftLog:OPENED:c-1, conf=-1: peers:[9eee0c4a-241f-4a15-bff1-0522a907ac9b|10.1.0.18:15032, 46ce47ac-a134-4cce-ba10-4493b406f4b0|10.1.0.18:15014, c855f1da-1b31-46a5-a68b-5d36f1d30008|10.1.0.18:15023]|listeners:[], old=null
2024-02-27 21:36:48,798 [9eee0c4a-241f-4a15-bff1-0522a907ac9b@group-816BF9C79CC5-LeaderElection6] INFO  impl.LeaderElection (LeaderElection.java:logAndReturn(89)) - 9eee0c4a-241f-4a15-bff1-0522a907ac9b@group-816BF9C79CC5-LeaderElection6: PRE_VOTE PASSED received 1 response(s) and 0 exception(s):
2024-02-27 21:36:48,798 [9eee0c4a-241f-4a15-bff1-0522a907ac9b@group-816BF9C79CC5-LeaderElection6] INFO  impl.LeaderElection (LeaderElection.java:logAndReturn(93)) -   Response 0: 9eee0c4a-241f-4a15-bff1-0522a907ac9b<-46ce47ac-a134-4cce-ba10-4493b406f4b0#0:OK-t0
2024-02-27 21:36:48,798 [9eee0c4a-241f-4a15-bff1-0522a907ac9b@group-816BF9C79CC5-LeaderElection6] INFO  impl.LeaderElection (LeaderElection.java:askForVotes(323)) - 9eee0c4a-241f-4a15-bff1-0522a907ac9b@group-816BF9C79CC5-LeaderElection6 PRE_VOTE round 0: result PASSED
2024-02-27 21:36:48,801 [9eee0c4a-241f-4a15-bff1-0522a907ac9b@group-816BF9C79CC5-LeaderElection6] INFO  impl.LeaderElection (LeaderElection.java:askForVotes(321)) - 9eee0c4a-241f-4a15-bff1-0522a907ac9b@group-816BF9C79CC5-LeaderElection6 ELECTION round 0: submit vote requests at term 1 for -1: peers:[9eee0c4a-241f-4a15-bff1-0522a907ac9b|10.1.0.18:15032, 46ce47ac-a134-4cce-ba10-4493b406f4b0|10.1.0.18:15014, c855f1da-1b31-46a5-a68b-5d36f1d30008|10.1.0.18:15023]|listeners:[], old=null
2024-02-27 21:36:48,801 [9eee0c4a-241f-4a15-bff1-0522a907ac9b@group-816BF9C79CC5-LeaderElection6] INFO  server.RaftServerConfigKeys (ConfUtils.java:logFallback(53)) - raft.server.rpc.first-election.timeout.min = 5s (fallback to raft.server.rpc.timeout.min)
2024-02-27 21:36:48,801 [9eee0c4a-241f-4a15-bff1-0522a907ac9b@group-816BF9C79CC5-LeaderElection6] INFO  server.RaftServerConfigKeys (ConfUtils.java:logFallback(53)) - raft.server.rpc.first-election.timeout.max = 5200ms (fallback to raft.server.rpc.timeout.max)
2024-02-27 21:36:48,804 [grpc-default-executor-2] INFO  server.RaftServer$Division (RaftServerImpl.java:requestVote(1389)) - 46ce47ac-a134-4cce-ba10-4493b406f4b0@group-816BF9C79CC5: receive requestVote(ELECTION, 9eee0c4a-241f-4a15-bff1-0522a907ac9b, group-816BF9C79CC5, 1, (t:0, i:0))
2024-02-27 21:36:48,804 [grpc-default-executor-1] INFO  server.RaftServer$Division (RaftServerImpl.java:requestVote(1389)) - c855f1da-1b31-46a5-a68b-5d36f1d30008@group-816BF9C79CC5: receive requestVote(ELECTION, 9eee0c4a-241f-4a15-bff1-0522a907ac9b, group-816BF9C79CC5, 1, (t:0, i:0))
2024-02-27 21:36:48,804 [grpc-default-executor-2] INFO  impl.VoteContext (VoteContext.java:log(49)) - 46ce47ac-a134-4cce-ba10-4493b406f4b0@group-816BF9C79CC5-FOLLOWER: accept ELECTION from 9eee0c4a-241f-4a15-bff1-0522a907ac9b: our priority 0 <= candidate's priority 1
2024-02-27 21:36:48,804 [grpc-default-executor-1] INFO  impl.VoteContext (VoteContext.java:log(49)) - c855f1da-1b31-46a5-a68b-5d36f1d30008@group-816BF9C79CC5-FOLLOWER: accept ELECTION from 9eee0c4a-241f-4a15-bff1-0522a907ac9b: our priority 0 <= candidate's priority 1
2024-02-27 21:36:48,805 [grpc-default-executor-2] INFO  server.RaftServer$Division (RaftServerImpl.java:setRole(383)) - 46ce47ac-a134-4cce-ba10-4493b406f4b0@group-816BF9C79CC5: changes role from  FOLLOWER to FOLLOWER at term 1 for candidate:9eee0c4a-241f-4a15-bff1-0522a907ac9b
2024-02-27 21:36:48,805 [grpc-default-executor-2] INFO  impl.RoleInfo (RoleInfo.java:shutdownFollowerState(110)) - 46ce47ac-a134-4cce-ba10-4493b406f4b0: shutdown 46ce47ac-a134-4cce-ba10-4493b406f4b0@group-816BF9C79CC5-FollowerState
2024-02-27 21:36:48,805 [grpc-default-executor-1] INFO  server.RaftServer$Division (RaftServerImpl.java:setRole(383)) - c855f1da-1b31-46a5-a68b-5d36f1d30008@group-816BF9C79CC5: changes role from  FOLLOWER to FOLLOWER at term 1 for candidate:9eee0c4a-241f-4a15-bff1-0522a907ac9b
2024-02-27 21:36:48,805 [grpc-default-executor-2] INFO  impl.RoleInfo (RoleInfo.java:updateAndGet(139)) - 46ce47ac-a134-4cce-ba10-4493b406f4b0: start 46ce47ac-a134-4cce-ba10-4493b406f4b0@group-816BF9C79CC5-FollowerState
2024-02-27 21:36:48,805 [46ce47ac-a134-4cce-ba10-4493b406f4b0@group-816BF9C79CC5-FollowerState] INFO  impl.FollowerState (FollowerState.java:run(152)) - 46ce47ac-a134-4cce-ba10-4493b406f4b0@group-816BF9C79CC5-FollowerState was interrupted
2024-02-27 21:36:48,805 [grpc-default-executor-1] INFO  impl.RoleInfo (RoleInfo.java:shutdownFollowerState(110)) - c855f1da-1b31-46a5-a68b-5d36f1d30008: shutdown c855f1da-1b31-46a5-a68b-5d36f1d30008@group-816BF9C79CC5-FollowerState
2024-02-27 21:36:48,806 [c855f1da-1b31-46a5-a68b-5d36f1d30008@group-816BF9C79CC5-FollowerState] INFO  impl.FollowerState (FollowerState.java:run(152)) - c855f1da-1b31-46a5-a68b-5d36f1d30008@group-816BF9C79CC5-FollowerState was interrupted
2024-02-27 21:36:48,806 [grpc-default-executor-2] INFO  server.RaftServer$Division (RaftServerImpl.java:requestVote(1422)) - 46ce47ac-a134-4cce-ba10-4493b406f4b0@group-816BF9C79CC5 replies to ELECTION vote request: 9eee0c4a-241f-4a15-bff1-0522a907ac9b<-46ce47ac-a134-4cce-ba10-4493b406f4b0#0:OK-t1. Peer's state: 46ce47ac-a134-4cce-ba10-4493b406f4b0@group-816BF9C79CC5:t1, leader=null, voted=9eee0c4a-241f-4a15-bff1-0522a907ac9b, raftlog=Memoized:46ce47ac-a134-4cce-ba10-4493b406f4b0@group-816BF9C79CC5-SegmentedRaftLog:OPENED:c-1, conf=-1: peers:[9eee0c4a-241f-4a15-bff1-0522a907ac9b|10.1.0.18:15032, 46ce47ac-a134-4cce-ba10-4493b406f4b0|10.1.0.18:15014, c855f1da-1b31-46a5-a68b-5d36f1d30008|10.1.0.18:15023]|listeners:[], old=null
2024-02-27 21:36:48,807 [9eee0c4a-241f-4a15-bff1-0522a907ac9b@group-816BF9C79CC5-LeaderElection6] INFO  impl.LeaderElection (LeaderElection.java:logAndReturn(89)) - 9eee0c4a-241f-4a15-bff1-0522a907ac9b@group-816BF9C79CC5-LeaderElection6: ELECTION PASSED received 1 response(s) and 0 exception(s):
2024-02-27 21:36:48,807 [9eee0c4a-241f-4a15-bff1-0522a907ac9b@group-816BF9C79CC5-LeaderElection6] INFO  impl.LeaderElection (LeaderElection.java:logAndReturn(93)) -   Response 0: 9eee0c4a-241f-4a15-bff1-0522a907ac9b<-46ce47ac-a134-4cce-ba10-4493b406f4b0#0:OK-t1
2024-02-27 21:36:48,807 [9eee0c4a-241f-4a15-bff1-0522a907ac9b@group-816BF9C79CC5-LeaderElection6] INFO  impl.LeaderElection (LeaderElection.java:askForVotes(323)) - 9eee0c4a-241f-4a15-bff1-0522a907ac9b@group-816BF9C79CC5-LeaderElection6 ELECTION round 0: result PASSED
2024-02-27 21:36:48,807 [9eee0c4a-241f-4a15-bff1-0522a907ac9b@group-816BF9C79CC5-LeaderElection6] INFO  impl.RoleInfo (RoleInfo.java:shutdownLeaderElection(130)) - 9eee0c4a-241f-4a15-bff1-0522a907ac9b: shutdown 9eee0c4a-241f-4a15-bff1-0522a907ac9b@group-816BF9C79CC5-LeaderElection6
2024-02-27 21:36:48,808 [9eee0c4a-241f-4a15-bff1-0522a907ac9b@group-816BF9C79CC5-LeaderElection6] INFO  server.RaftServer$Division (RaftServerImpl.java:setRole(383)) - 9eee0c4a-241f-4a15-bff1-0522a907ac9b@group-816BF9C79CC5: changes role from CANDIDATE to LEADER at term 1 for changeToLeader
2024-02-27 21:36:48,808 [9eee0c4a-241f-4a15-bff1-0522a907ac9b@group-816BF9C79CC5-LeaderElection6] INFO  server.RaftServerConfigKeys (ConfUtils.java:logGet(46)) - raft.server.staging.catchup.gap = 1000 (default)
2024-02-27 21:36:48,808 [9eee0c4a-241f-4a15-bff1-0522a907ac9b@group-816BF9C79CC5-LeaderElection6] INFO  server.RaftServerConfigKeys (ConfUtils.java:logGet(46)) - raft.server.write.element-limit = 1024 (custom)
2024-02-27 21:36:48,808 [9eee0c4a-241f-4a15-bff1-0522a907ac9b@group-816BF9C79CC5-LeaderElection6] INFO  server.RaftServerConfigKeys (ConfUtils.java:logGet(46)) - raft.server.write.byte-limit = 1024 M (=1073741824) (custom)
2024-02-27 21:36:48,809 [9eee0c4a-241f-4a15-bff1-0522a907ac9b@group-816BF9C79CC5-LeaderElection6] INFO  server.RaftServerConfigKeys (ConfUtils.java:logGet(46)) - raft.server.watch.timeout = 180s (custom)
2024-02-27 21:36:48,809 [9eee0c4a-241f-4a15-bff1-0522a907ac9b@group-816BF9C79CC5-LeaderElection6] INFO  server.RaftServerConfigKeys (ConfUtils.java:logGet(46)) - raft.server.watch.timeout.denomination = 1s (default)
2024-02-27 21:36:48,809 [9eee0c4a-241f-4a15-bff1-0522a907ac9b@group-816BF9C79CC5-LeaderElection6] INFO  server.RaftServerConfigKeys (ConfUtils.java:logGet(46)) - raft.server.watch.element-limit = 65536 (default)
2024-02-27 21:36:48,809 [9eee0c4a-241f-4a15-bff1-0522a907ac9b@group-816BF9C79CC5-LeaderElection6] INFO  server.RaftServerConfigKeys (ConfUtils.java:logGet(46)) - raft.server.read.leader.lease.enabled = false (default)
2024-02-27 21:36:48,809 [9eee0c4a-241f-4a15-bff1-0522a907ac9b@group-816BF9C79CC5-LeaderElection6] INFO  server.RaftServerConfigKeys (ConfUtils.java:logGet(46)) - raft.server.read.leader.lease.timeout.ratio = 0.9 (default)
2024-02-27 21:36:48,809 [9eee0c4a-241f-4a15-bff1-0522a907ac9b@group-816BF9C79CC5-LeaderElection6] INFO  server.RaftServerConfigKeys (ConfUtils.java:logGet(46)) - raft.server.rpc.timeout.min = 5s (custom)
2024-02-27 21:36:48,809 [9eee0c4a-241f-4a15-bff1-0522a907ac9b@group-816BF9C79CC5-LeaderElection6] INFO  server.RaftServerConfigKeys (ConfUtils.java:logGet(46)) - raft.server.write.element-limit = 1024 (custom)
2024-02-27 21:36:48,809 [9eee0c4a-241f-4a15-bff1-0522a907ac9b@group-816BF9C79CC5-LeaderElection6] INFO  server.RaftServerConfigKeys (ConfUtils.java:logGet(46)) - raft.server.write.follower.gap.ratio.max = -1.0 (default)
2024-02-27 21:36:48,811 [grpc-default-executor-1] INFO  impl.RoleInfo (RoleInfo.java:updateAndGet(139)) - c855f1da-1b31-46a5-a68b-5d36f1d30008: start c855f1da-1b31-46a5-a68b-5d36f1d30008@group-816BF9C79CC5-FollowerState
2024-02-27 21:36:48,812 [grpc-default-executor-1] INFO  server.RaftServer$Division (RaftServerImpl.java:setFirstElection(574)) - c855f1da-1b31-46a5-a68b-5d36f1d30008@group-816BF9C79CC5: set firstElectionSinceStartup to false for candidate:9eee0c4a-241f-4a15-bff1-0522a907ac9b
2024-02-27 21:36:48,813 [grpc-default-executor-1] INFO  server.RaftServer$Division (RaftServerImpl.java:requestVote(1422)) - c855f1da-1b31-46a5-a68b-5d36f1d30008@group-816BF9C79CC5 replies to ELECTION vote request: 9eee0c4a-241f-4a15-bff1-0522a907ac9b<-c855f1da-1b31-46a5-a68b-5d36f1d30008#0:OK-t1. Peer's state: c855f1da-1b31-46a5-a68b-5d36f1d30008@group-816BF9C79CC5:t1, leader=null, voted=9eee0c4a-241f-4a15-bff1-0522a907ac9b, raftlog=Memoized:c855f1da-1b31-46a5-a68b-5d36f1d30008@group-816BF9C79CC5-SegmentedRaftLog:OPENED:c-1, conf=-1: peers:[9eee0c4a-241f-4a15-bff1-0522a907ac9b|10.1.0.18:15032, 46ce47ac-a134-4cce-ba10-4493b406f4b0|10.1.0.18:15014, c855f1da-1b31-46a5-a68b-5d36f1d30008|10.1.0.18:15023]|listeners:[], old=null
2024-02-27 21:36:48,820 [9eee0c4a-241f-4a15-bff1-0522a907ac9b@group-816BF9C79CC5-LeaderElection6] INFO  server.RaftServerConfigKeys (ConfUtils.java:logGet(46)) - raft.server.log.appender.snapshot.chunk.size.max = 16MB (=16777216) (default)
2024-02-27 21:36:48,820 [9eee0c4a-241f-4a15-bff1-0522a907ac9b@group-816BF9C79CC5-LeaderElection6] INFO  server.RaftServerConfigKeys (ConfUtils.java:logGet(46)) - raft.server.log.appender.buffer.byte-limit = 8388608 (custom)
2024-02-27 21:36:48,820 [9eee0c4a-241f-4a15-bff1-0522a907ac9b@group-816BF9C79CC5-LeaderElection6] INFO  server.RaftServerConfigKeys (ConfUtils.java:logGet(46)) - raft.server.log.appender.buffer.element-limit = 1 (custom)
2024-02-27 21:36:48,821 [9eee0c4a-241f-4a15-bff1-0522a907ac9b@group-816BF9C79CC5-LeaderElection6] INFO  server.RaftServerConfigKeys (ConfUtils.java:logGet(46)) - raft.server.log.appender.wait-time.min = 0μs (custom)
2024-02-27 21:36:48,824 [9eee0c4a-241f-4a15-bff1-0522a907ac9b@group-816BF9C79CC5-LeaderElection6] INFO  grpc.GrpcConfigKeys (ConfUtils.java:logGet(46)) - raft.grpc.server.leader.outstanding.appends.max = 8 (default)
2024-02-27 21:36:48,824 [9eee0c4a-241f-4a15-bff1-0522a907ac9b@group-816BF9C79CC5-LeaderElection6] INFO  server.RaftServerConfigKeys (ConfUtils.java:logGet(46)) - raft.server.rpc.request.timeout = 60s (custom)
2024-02-27 21:36:48,824 [9eee0c4a-241f-4a15-bff1-0522a907ac9b@group-816BF9C79CC5-LeaderElection6] INFO  grpc.GrpcConfigKeys (ConfUtils.java:logGet(46)) - raft.grpc.server.install_snapshot.request.element-limit = 8 (default)
2024-02-27 21:36:48,825 [9eee0c4a-241f-4a15-bff1-0522a907ac9b@group-816BF9C79CC5-LeaderElection6] INFO  grpc.GrpcConfigKeys (ConfUtils.java:logGet(46)) - raft.grpc.server.install_snapshot.request.timeout = 3000ms (default)
2024-02-27 21:36:48,825 [9eee0c4a-241f-4a15-bff1-0522a907ac9b@group-816BF9C79CC5-LeaderElection6] INFO  grpc.GrpcConfigKeys (ConfUtils.java:logGet(46)) - raft.grpc.server.log-message.batch.duration = 5s (default)
2024-02-27 21:36:48,825 [9eee0c4a-241f-4a15-bff1-0522a907ac9b@group-816BF9C79CC5-LeaderElection6] INFO  server.RaftServerConfigKeys (ConfUtils.java:logGet(46)) - raft.server.log.appender.install.snapshot.enabled = false (custom)
2024-02-27 21:36:48,825 [9eee0c4a-241f-4a15-bff1-0522a907ac9b@group-816BF9C79CC5-LeaderElection6] INFO  grpc.GrpcConfigKeys (ConfUtils.java:logGet(46)) - raft.grpc.server.heartbeat.channel = true (default)
2024-02-27 21:36:48,828 [9eee0c4a-241f-4a15-bff1-0522a907ac9b@group-816BF9C79CC5-LeaderElection6] INFO  server.RaftServerConfigKeys (ConfUtils.java:logGet(46)) - raft.server.log.appender.snapshot.chunk.size.max = 16MB (=16777216) (default)
2024-02-27 21:36:48,829 [9eee0c4a-241f-4a15-bff1-0522a907ac9b@group-816BF9C79CC5-LeaderElection6] INFO  server.RaftServerConfigKeys (ConfUtils.java:logGet(46)) - raft.server.log.appender.buffer.byte-limit = 8388608 (custom)
2024-02-27 21:36:48,829 [9eee0c4a-241f-4a15-bff1-0522a907ac9b@group-816BF9C79CC5-LeaderElection6] INFO  server.RaftServerConfigKeys (ConfUtils.java:logGet(46)) - raft.server.log.appender.buffer.element-limit = 1 (custom)
2024-02-27 21:36:48,829 [9eee0c4a-241f-4a15-bff1-0522a907ac9b@group-816BF9C79CC5-LeaderElection6] INFO  server.RaftServerConfigKeys (ConfUtils.java:logGet(46)) - raft.server.log.appender.wait-time.min = 0μs (custom)
2024-02-27 21:36:48,829 [9eee0c4a-241f-4a15-bff1-0522a907ac9b@group-816BF9C79CC5-LeaderElection6] INFO  grpc.GrpcConfigKeys (ConfUtils.java:logGet(46)) - raft.grpc.server.leader.outstanding.appends.max = 8 (default)
2024-02-27 21:36:48,829 [9eee0c4a-241f-4a15-bff1-0522a907ac9b@group-816BF9C79CC5-LeaderElection6] INFO  server.RaftServerConfigKeys (ConfUtils.java:logGet(46)) - raft.server.rpc.request.timeout = 60s (custom)
2024-02-27 21:36:48,829 [9eee0c4a-241f-4a15-bff1-0522a907ac9b@group-816BF9C79CC5-LeaderElection6] INFO  grpc.GrpcConfigKeys (ConfUtils.java:logGet(46)) - raft.grpc.server.install_snapshot.request.element-limit = 8 (default)
2024-02-27 21:36:48,829 [9eee0c4a-241f-4a15-bff1-0522a907ac9b@group-816BF9C79CC5-LeaderElection6] INFO  grpc.GrpcConfigKeys (ConfUtils.java:logGet(46)) - raft.grpc.server.install_snapshot.request.timeout = 3000ms (default)
2024-02-27 21:36:48,830 [9eee0c4a-241f-4a15-bff1-0522a907ac9b@group-816BF9C79CC5-LeaderElection6] INFO  grpc.GrpcConfigKeys (ConfUtils.java:logGet(46)) - raft.grpc.server.log-message.batch.duration = 5s (default)
2024-02-27 21:36:48,830 [9eee0c4a-241f-4a15-bff1-0522a907ac9b@group-816BF9C79CC5-LeaderElection6] INFO  server.RaftServerConfigKeys (ConfUtils.java:logGet(46)) - raft.server.log.appender.install.snapshot.enabled = false (custom)
2024-02-27 21:36:48,830 [9eee0c4a-241f-4a15-bff1-0522a907ac9b@group-816BF9C79CC5-LeaderElection6] INFO  grpc.GrpcConfigKeys (ConfUtils.java:logGet(46)) - raft.grpc.server.heartbeat.channel = true (default)
2024-02-27 21:36:48,831 [9eee0c4a-241f-4a15-bff1-0522a907ac9b@group-816BF9C79CC5-LeaderElection6] INFO  impl.RoleInfo (RoleInfo.java:updateAndGet(139)) - 9eee0c4a-241f-4a15-bff1-0522a907ac9b: start 9eee0c4a-241f-4a15-bff1-0522a907ac9b@group-816BF9C79CC5-LeaderStateImpl
2024-02-27 21:36:48,831 [9eee0c4a-241f-4a15-bff1-0522a907ac9b@group-816BF9C79CC5-LeaderElection6] INFO  server.RaftServer$Division (RaftServerImpl.java:setFirstElection(574)) - 9eee0c4a-241f-4a15-bff1-0522a907ac9b@group-816BF9C79CC5: set firstElectionSinceStartup to false for becomeLeader
2024-02-27 21:36:48,831 [9eee0c4a-241f-4a15-bff1-0522a907ac9b@group-816BF9C79CC5-LeaderElection6] INFO  ratis.XceiverServerRatis (XceiverServerRatis.java:handleLeaderChangedNotification(966)) - Leader change notification received for group: group-816BF9C79CC5 with new leaderId: 9eee0c4a-241f-4a15-bff1-0522a907ac9b
2024-02-27 21:36:48,831 [9eee0c4a-241f-4a15-bff1-0522a907ac9b@group-816BF9C79CC5-LeaderElection6] INFO  server.RaftServer$Division (ServerState.java:setLeader(269)) - 9eee0c4a-241f-4a15-bff1-0522a907ac9b@group-816BF9C79CC5: change Leader from null to 9eee0c4a-241f-4a15-bff1-0522a907ac9b at term 1 for becomeLeader, leader elected after 5271ms
2024-02-27 21:36:48,831 [9eee0c4a-241f-4a15-bff1-0522a907ac9b@group-816BF9C79CC5-LeaderElection6] INFO  segmented.SegmentedRaftLogWorker (SegmentedRaftLogWorker.java:startLogSegment(430)) - 9eee0c4a-241f-4a15-bff1-0522a907ac9b@group-816BF9C79CC5-SegmentedRaftLogWorker: Starting segment from index:0
2024-02-27 21:36:48,832 [9eee0c4a-241f-4a15-bff1-0522a907ac9b@group-816BF9C79CC5-SegmentedRaftLogWorker] INFO  segmented.BufferedWriteChannel (BufferedWriteChannel.java:open(62)) - open log_inprogress_0 at position 0
2024-02-27 21:36:48,833 [EventQueue-OpenPipelineForHealthyPipelineSafeModeRule] INFO  safemode.SCMSafeModeManager (HealthyPipelineSafeModeRule.java:process(140)) - SCM in safe mode. Healthy pipelines reported count is 0, required healthy pipeline reported count is 1
2024-02-27 21:36:48,834 [EventQueue-PipelineReportForPipelineReportHandler] INFO  pipeline.PipelineReportHandler (PipelineReportHandler.java:processPipelineReport(136)) - Opened pipeline PipelineID=35114e68-a185-4aa3-ba48-816bf9c79cc5
2024-02-27 21:36:48,834 [EventQueue-OpenPipelineForHealthyPipelineSafeModeRule] INFO  safemode.SCMSafeModeManager (HealthyPipelineSafeModeRule.java:process(140)) - SCM in safe mode. Healthy pipelines reported count is 1, required healthy pipeline reported count is 1
2024-02-27 21:36:48,834 [EventQueue-OpenPipelineForHealthyPipelineSafeModeRule] INFO  safemode.SCMSafeModeManager (SCMSafeModeManager.java:validateSafeModeExitRules(200)) - HealthyPipelineSafeModeRule rule is successfully validated
2024-02-27 21:36:48,834 [EventQueue-OpenPipelineForHealthyPipelineSafeModeRule] INFO  safemode.SCMSafeModeManager (SCMSafeModeManager.java:validateSafeModeExitRules(215)) - ScmSafeModeManager, all rules are successfully validated
2024-02-27 21:36:48,834 [EventQueue-OpenPipelineForHealthyPipelineSafeModeRule] INFO  safemode.SCMSafeModeManager (SCMSafeModeManager.java:exitSafeMode(244)) - SCM exiting safe mode.
2024-02-27 21:36:48,834 [EventQueue-OpenPipelineForHealthyPipelineSafeModeRule] INFO  ha.SCMContext (SCMContext.java:updateSafeModeStatus(225)) - Update SafeModeStatus from SafeModeStatus{safeModeStatus=true, preCheckPassed=true} to SafeModeStatus{safeModeStatus=false, preCheckPassed=true}.
2024-02-27 21:36:48,834 [EventQueue-OpenPipelineForHealthyPipelineSafeModeRule] INFO  pipeline.BackgroundPipelineCreator (BackgroundPipelineCreator.java:notifyStatusChanged(258)) - Service BackgroundPipelineCreator transitions to RUNNING.
2024-02-27 21:36:48,834 [EventQueue-OpenPipelineForHealthyPipelineSafeModeRule] INFO  BackgroundPipelineScrubber (BackgroundSCMService.java:notifyStatusChanged(79)) - Service BackgroundPipelineScrubber transitions to RUNNING.
2024-02-27 21:36:48,834 [EventQueue-OpenPipelineForHealthyPipelineSafeModeRule] INFO  ExpiredContainerReplicaOpScrubber (BackgroundSCMService.java:notifyStatusChanged(79)) - Service ExpiredContainerReplicaOpScrubber transitions to RUNNING.
2024-02-27 21:36:48,835 [EventQueue-OpenPipelineForHealthyPipelineSafeModeRule] INFO  block.SCMBlockDeletingService (SCMBlockDeletingService.java:notifyStatusChanged(247)) - notifyStatusChanged:RUNNING
2024-02-27 21:36:48,835 [EventQueue-OpenPipelineForHealthyPipelineSafeModeRule] INFO  replication.ReplicationManager (ReplicationManager.java:notifyStatusChanged(1402)) - Service ReplicationManager transitions to RUNNING.
2024-02-27 21:36:48,837 [9eee0c4a-241f-4a15-bff1-0522a907ac9b@group-816BF9C79CC5-LeaderElection6] INFO  server.RaftServer$Division (ServerState.java:setRaftConf(386)) - 9eee0c4a-241f-4a15-bff1-0522a907ac9b@group-816BF9C79CC5: set configuration 0: peers:[9eee0c4a-241f-4a15-bff1-0522a907ac9b|10.1.0.18:15032, 46ce47ac-a134-4cce-ba10-4493b406f4b0|10.1.0.18:15014, c855f1da-1b31-46a5-a68b-5d36f1d30008|10.1.0.18:15023]|listeners:[], old=null
2024-02-27 21:36:48,840 [33496502-95c3-4a2e-b72a-a08a7037350f@group-0351F16EC234-FollowerState] INFO  impl.FollowerState (FollowerState.java:run(143)) - 33496502-95c3-4a2e-b72a-a08a7037350f@group-0351F16EC234-FollowerState: change to CANDIDATE, lastRpcElapsedTime:5118561422ns, electionTimeout:5118ms
2024-02-27 21:36:48,840 [9eee0c4a-241f-4a15-bff1-0522a907ac9b@group-816BF9C79CC5-SegmentedRaftLogWorker] INFO  segmented.SegmentedRaftLogWorker (SegmentedRaftLogWorker.java:execute(634)) - 9eee0c4a-241f-4a15-bff1-0522a907ac9b@group-816BF9C79CC5-SegmentedRaftLogWorker: created new log segment /home/runner/work/ozone/ozone/hadoop-ozone/integration-test/target/test-dir/MiniOzoneClusterImpl-377bd28b-19ec-4c3d-8af6-29a7f1113b2b/ozone-meta/datanode-3/ratis/35114e68-a185-4aa3-ba48-816bf9c79cc5/current/log_inprogress_0
2024-02-27 21:36:48,840 [33496502-95c3-4a2e-b72a-a08a7037350f@group-0351F16EC234-FollowerState] INFO  impl.RoleInfo (RoleInfo.java:shutdownFollowerState(110)) - 33496502-95c3-4a2e-b72a-a08a7037350f: shutdown 33496502-95c3-4a2e-b72a-a08a7037350f@group-0351F16EC234-FollowerState
2024-02-27 21:36:48,840 [33496502-95c3-4a2e-b72a-a08a7037350f@group-0351F16EC234-FollowerState] INFO  server.RaftServer$Division (RaftServerImpl.java:setRole(383)) - 33496502-95c3-4a2e-b72a-a08a7037350f@group-0351F16EC234: changes role from  FOLLOWER to CANDIDATE at term 0 for changeToCandidate
2024-02-27 21:36:48,841 [33496502-95c3-4a2e-b72a-a08a7037350f@group-0351F16EC234-FollowerState] INFO  server.RaftServerConfigKeys (ConfUtils.java:logGet(46)) - raft.server.leaderelection.pre-vote = true (default)
2024-02-27 21:36:48,841 [33496502-95c3-4a2e-b72a-a08a7037350f@group-0351F16EC234-FollowerState] INFO  impl.RoleInfo (RoleInfo.java:updateAndGet(139)) - 33496502-95c3-4a2e-b72a-a08a7037350f: start 33496502-95c3-4a2e-b72a-a08a7037350f@group-0351F16EC234-LeaderElection7
2024-02-27 21:36:48,844 [EventQueue-OpenPipelineForHealthyPipelineSafeModeRule] WARN  balancer.ContainerBalancer (ContainerBalancer.java:shouldRun(134)) - Could not find persisted configuration for ContainerBalancer when checking if ContainerBalancer should run. ContainerBalancer should not run now.
2024-02-27 21:36:48,847 [33496502-95c3-4a2e-b72a-a08a7037350f@group-0351F16EC234-LeaderElection7] INFO  impl.LeaderElection (LeaderElection.java:askForVotes(321)) - 33496502-95c3-4a2e-b72a-a08a7037350f@group-0351F16EC234-LeaderElection7 PRE_VOTE round 0: submit vote requests at term 0 for -1: peers:[33496502-95c3-4a2e-b72a-a08a7037350f|10.1.0.18:15041]|listeners:[], old=null
2024-02-27 21:36:48,847 [33496502-95c3-4a2e-b72a-a08a7037350f@group-0351F16EC234-LeaderElection7] INFO  impl.LeaderElection (LeaderElection.java:askForVotes(323)) - 33496502-95c3-4a2e-b72a-a08a7037350f@group-0351F16EC234-LeaderElection7 PRE_VOTE round 0: result PASSED (term=0)
2024-02-27 21:36:48,848 [33496502-95c3-4a2e-b72a-a08a7037350f@group-0351F16EC234-LeaderElection7] INFO  impl.LeaderElection (LeaderElection.java:askForVotes(321)) - 33496502-95c3-4a2e-b72a-a08a7037350f@group-0351F16EC234-LeaderElection7 ELECTION round 0: submit vote requests at term 1 for -1: peers:[33496502-95c3-4a2e-b72a-a08a7037350f|10.1.0.18:15041]|listeners:[], old=null
2024-02-27 21:36:48,848 [33496502-95c3-4a2e-b72a-a08a7037350f@group-0351F16EC234-LeaderElection7] INFO  impl.LeaderElection (LeaderElection.java:askForVotes(323)) - 33496502-95c3-4a2e-b72a-a08a7037350f@group-0351F16EC234-LeaderElection7 ELECTION round 0: result PASSED (term=1)
2024-02-27 21:36:48,849 [33496502-95c3-4a2e-b72a-a08a7037350f@group-0351F16EC234-LeaderElection7] INFO  impl.RoleInfo (RoleInfo.java:shutdownLeaderElection(130)) - 33496502-95c3-4a2e-b72a-a08a7037350f: shutdown 33496502-95c3-4a2e-b72a-a08a7037350f@group-0351F16EC234-LeaderElection7
2024-02-27 21:36:48,849 [33496502-95c3-4a2e-b72a-a08a7037350f@group-0351F16EC234-LeaderElection7] INFO  server.RaftServer$Division (RaftServerImpl.java:setRole(383)) - 33496502-95c3-4a2e-b72a-a08a7037350f@group-0351F16EC234: changes role from CANDIDATE to LEADER at term 1 for changeToLeader
2024-02-27 21:36:48,849 [33496502-95c3-4a2e-b72a-a08a7037350f@group-0351F16EC234-LeaderElection7] INFO  server.RaftServerConfigKeys (ConfUtils.java:logGet(46)) - raft.server.staging.catchup.gap = 1000 (default)
2024-02-27 21:36:48,849 [33496502-95c3-4a2e-b72a-a08a7037350f@group-0351F16EC234-LeaderElection7] INFO  server.RaftServerConfigKeys (ConfUtils.java:logGet(46)) - raft.server.write.element-limit = 1024 (custom)
2024-02-27 21:36:48,849 [33496502-95c3-4a2e-b72a-a08a7037350f@group-0351F16EC234-LeaderElection7] INFO  server.RaftServerConfigKeys (ConfUtils.java:logGet(46)) - raft.server.write.byte-limit = 1024 M (=1073741824) (custom)
2024-02-27 21:36:48,849 [33496502-95c3-4a2e-b72a-a08a7037350f@group-0351F16EC234-LeaderElection7] INFO  server.RaftServerConfigKeys (ConfUtils.java:logGet(46)) - raft.server.watch.timeout = 180s (custom)
2024-02-27 21:36:48,849 [33496502-95c3-4a2e-b72a-a08a7037350f@group-0351F16EC234-LeaderElection7] INFO  server.RaftServerConfigKeys (ConfUtils.java:logGet(46)) - raft.server.watch.timeout.denomination = 1s (default)
2024-02-27 21:36:48,850 [33496502-95c3-4a2e-b72a-a08a7037350f@group-0351F16EC234-LeaderElection7] INFO  server.RaftServerConfigKeys (ConfUtils.java:logGet(46)) - raft.server.watch.element-limit = 65536 (default)
2024-02-27 21:36:48,850 [33496502-95c3-4a2e-b72a-a08a7037350f@group-0351F16EC234-LeaderElection7] INFO  server.RaftServerConfigKeys (ConfUtils.java:logGet(46)) - raft.server.read.leader.lease.enabled = false (default)
2024-02-27 21:36:48,850 [33496502-95c3-4a2e-b72a-a08a7037350f@group-0351F16EC234-LeaderElection7] INFO  server.RaftServerConfigKeys (ConfUtils.java:logGet(46)) - raft.server.read.leader.lease.timeout.ratio = 0.9 (default)
2024-02-27 21:36:48,850 [33496502-95c3-4a2e-b72a-a08a7037350f@group-0351F16EC234-LeaderElection7] INFO  server.RaftServerConfigKeys (ConfUtils.java:logGet(46)) - raft.server.rpc.timeout.min = 5s (custom)
2024-02-27 21:36:48,850 [33496502-95c3-4a2e-b72a-a08a7037350f@group-0351F16EC234-LeaderElection7] INFO  server.RaftServerConfigKeys (ConfUtils.java:logGet(46)) - raft.server.write.element-limit = 1024 (custom)
2024-02-27 21:36:48,850 [33496502-95c3-4a2e-b72a-a08a7037350f@group-0351F16EC234-LeaderElection7] INFO  server.RaftServerConfigKeys (ConfUtils.java:logGet(46)) - raft.server.write.follower.gap.ratio.max = -1.0 (default)
2024-02-27 21:36:48,850 [33496502-95c3-4a2e-b72a-a08a7037350f@group-0351F16EC234-LeaderElection7] INFO  impl.RoleInfo (RoleInfo.java:updateAndGet(139)) - 33496502-95c3-4a2e-b72a-a08a7037350f: start 33496502-95c3-4a2e-b72a-a08a7037350f@group-0351F16EC234-LeaderStateImpl
2024-02-27 21:36:48,850 [33496502-95c3-4a2e-b72a-a08a7037350f@group-0351F16EC234-LeaderElection7] INFO  server.RaftServer$Division (RaftServerImpl.java:setFirstElection(574)) - 33496502-95c3-4a2e-b72a-a08a7037350f@group-0351F16EC234: set firstElectionSinceStartup to false for becomeLeader
2024-02-27 21:36:48,850 [33496502-95c3-4a2e-b72a-a08a7037350f@group-0351F16EC234-LeaderElection7] INFO  ratis.XceiverServerRatis (XceiverServerRatis.java:handleLeaderChangedNotification(966)) - Leader change notification received for group: group-0351F16EC234 with new leaderId: 33496502-95c3-4a2e-b72a-a08a7037350f
2024-02-27 21:36:48,851 [33496502-95c3-4a2e-b72a-a08a7037350f@group-0351F16EC234-LeaderElection7] INFO  server.RaftServer$Division (ServerState.java:setLeader(269)) - 33496502-95c3-4a2e-b72a-a08a7037350f@group-0351F16EC234: change Leader from null to 33496502-95c3-4a2e-b72a-a08a7037350f at term 1 for becomeLeader, leader elected after 5167ms
2024-02-27 21:36:48,852 [33496502-95c3-4a2e-b72a-a08a7037350f@group-0351F16EC234-LeaderElection7] INFO  segmented.SegmentedRaftLogWorker (SegmentedRaftLogWorker.java:startLogSegment(430)) - 33496502-95c3-4a2e-b72a-a08a7037350f@group-0351F16EC234-SegmentedRaftLogWorker: Starting segment from index:0
2024-02-27 21:36:48,853 [33496502-95c3-4a2e-b72a-a08a7037350f@group-0351F16EC234-LeaderElection7] INFO  server.RaftServer$Division (ServerState.java:setRaftConf(386)) - 33496502-95c3-4a2e-b72a-a08a7037350f@group-0351F16EC234: set configuration 0: peers:[33496502-95c3-4a2e-b72a-a08a7037350f|10.1.0.18:15041]|listeners:[], old=null
2024-02-27 21:36:48,853 [33496502-95c3-4a2e-b72a-a08a7037350f@group-0351F16EC234-SegmentedRaftLogWorker] INFO  segmented.BufferedWriteChannel (BufferedWriteChannel.java:open(62)) - open log_inprogress_0 at position 0
2024-02-27 21:36:48,860 [33496502-95c3-4a2e-b72a-a08a7037350f@group-0351F16EC234-SegmentedRaftLogWorker] INFO  segmented.SegmentedRaftLogWorker (SegmentedRaftLogWorker.java:execute(634)) - 33496502-95c3-4a2e-b72a-a08a7037350f@group-0351F16EC234-SegmentedRaftLogWorker: created new log segment /home/runner/work/ozone/ozone/hadoop-ozone/integration-test/target/test-dir/MiniOzoneClusterImpl-377bd28b-19ec-4c3d-8af6-29a7f1113b2b/ozone-meta/datanode-4/ratis/b33a1e73-18b2-4851-a719-0351f16ec234/current/log_inprogress_0
2024-02-27 21:36:48,866 [46ce47ac-a134-4cce-ba10-4493b406f4b0-server-thread1] INFO  ratis.XceiverServerRatis (XceiverServerRatis.java:handleLeaderChangedNotification(966)) - Leader change notification received for group: group-816BF9C79CC5 with new leaderId: 9eee0c4a-241f-4a15-bff1-0522a907ac9b
2024-02-27 21:36:48,866 [46ce47ac-a134-4cce-ba10-4493b406f4b0-server-thread1] INFO  server.RaftServer$Division (ServerState.java:setLeader(269)) - 46ce47ac-a134-4cce-ba10-4493b406f4b0@group-816BF9C79CC5: change Leader from null to 9eee0c4a-241f-4a15-bff1-0522a907ac9b at term 1 for appendEntries, leader elected after 5542ms
2024-02-27 21:36:48,868 [c855f1da-1b31-46a5-a68b-5d36f1d30008-server-thread1] INFO  ratis.XceiverServerRatis (XceiverServerRatis.java:handleLeaderChangedNotification(966)) - Leader change notification received for group: group-816BF9C79CC5 with new leaderId: 9eee0c4a-241f-4a15-bff1-0522a907ac9b
2024-02-27 21:36:48,869 [33496502-95c3-4a2e-b72a-a08a7037350f@group-0351F16EC234-StateMachineUpdater] INFO  server.RaftServer$Division (LeaderStateImpl.java:isApplied(320)) - leader is ready since appliedIndex == 0 >= startIndex == 0
2024-02-27 21:36:48,871 [c855f1da-1b31-46a5-a68b-5d36f1d30008-server-thread1] INFO  server.RaftServer$Division (ServerState.java:setLeader(269)) - c855f1da-1b31-46a5-a68b-5d36f1d30008@group-816BF9C79CC5: change Leader from null to 9eee0c4a-241f-4a15-bff1-0522a907ac9b at term 1 for appendEntries, leader elected after 5419ms
2024-02-27 21:36:48,883 [c855f1da-1b31-46a5-a68b-5d36f1d30008-server-thread2] INFO  server.RaftServer$Division (ServerState.java:setRaftConf(386)) - c855f1da-1b31-46a5-a68b-5d36f1d30008@group-816BF9C79CC5: set configuration 0: peers:[9eee0c4a-241f-4a15-bff1-0522a907ac9b|10.1.0.18:15032, 46ce47ac-a134-4cce-ba10-4493b406f4b0|10.1.0.18:15014, c855f1da-1b31-46a5-a68b-5d36f1d30008|10.1.0.18:15023]|listeners:[], old=null
2024-02-27 21:36:48,884 [c855f1da-1b31-46a5-a68b-5d36f1d30008-server-thread2] INFO  segmented.SegmentedRaftLogWorker (SegmentedRaftLogWorker.java:startLogSegment(430)) - c855f1da-1b31-46a5-a68b-5d36f1d30008@group-816BF9C79CC5-SegmentedRaftLogWorker: Starting segment from index:0
2024-02-27 21:36:48,889 [c855f1da-1b31-46a5-a68b-5d36f1d30008@group-816BF9C79CC5-SegmentedRaftLogWorker] INFO  segmented.BufferedWriteChannel (BufferedWriteChannel.java:open(62)) - open log_inprogress_0 at position 0
2024-02-27 21:36:48,892 [46ce47ac-a134-4cce-ba10-4493b406f4b0-server-thread2] INFO  server.RaftServer$Division (ServerState.java:setRaftConf(386)) - 46ce47ac-a134-4cce-ba10-4493b406f4b0@group-816BF9C79CC5: set configuration 0: peers:[9eee0c4a-241f-4a15-bff1-0522a907ac9b|10.1.0.18:15032, 46ce47ac-a134-4cce-ba10-4493b406f4b0|10.1.0.18:15014, c855f1da-1b31-46a5-a68b-5d36f1d30008|10.1.0.18:15023]|listeners:[], old=null
2024-02-27 21:36:48,892 [46ce47ac-a134-4cce-ba10-4493b406f4b0-server-thread2] INFO  segmented.SegmentedRaftLogWorker (SegmentedRaftLogWorker.java:startLogSegment(430)) - 46ce47ac-a134-4cce-ba10-4493b406f4b0@group-816BF9C79CC5-SegmentedRaftLogWorker: Starting segment from index:0
2024-02-27 21:36:48,892 [46ce47ac-a134-4cce-ba10-4493b406f4b0@group-816BF9C79CC5-SegmentedRaftLogWorker] INFO  segmented.BufferedWriteChannel (BufferedWriteChannel.java:open(62)) - open log_inprogress_0 at position 0
2024-02-27 21:36:48,901 [c855f1da-1b31-46a5-a68b-5d36f1d30008@group-816BF9C79CC5-SegmentedRaftLogWorker] INFO  segmented.SegmentedRaftLogWorker (SegmentedRaftLogWorker.java:execute(634)) - c855f1da-1b31-46a5-a68b-5d36f1d30008@group-816BF9C79CC5-SegmentedRaftLogWorker: created new log segment /home/runner/work/ozone/ozone/hadoop-ozone/integration-test/target/test-dir/MiniOzoneClusterImpl-377bd28b-19ec-4c3d-8af6-29a7f1113b2b/ozone-meta/datanode-2/ratis/35114e68-a185-4aa3-ba48-816bf9c79cc5/current/log_inprogress_0
2024-02-27 21:36:48,901 [46ce47ac-a134-4cce-ba10-4493b406f4b0@group-816BF9C79CC5-SegmentedRaftLogWorker] INFO  segmented.SegmentedRaftLogWorker (SegmentedRaftLogWorker.java:execute(634)) - 46ce47ac-a134-4cce-ba10-4493b406f4b0@group-816BF9C79CC5-SegmentedRaftLogWorker: created new log segment /home/runner/work/ozone/ozone/hadoop-ozone/integration-test/target/test-dir/MiniOzoneClusterImpl-377bd28b-19ec-4c3d-8af6-29a7f1113b2b/ozone-meta/datanode-1/ratis/35114e68-a185-4aa3-ba48-816bf9c79cc5/current/log_inprogress_0
2024-02-27 21:36:48,908 [9eee0c4a-241f-4a15-bff1-0522a907ac9b@group-816BF9C79CC5-StateMachineUpdater] INFO  server.RaftServer$Division (LeaderStateImpl.java:isApplied(320)) - leader is ready since appliedIndex == 0 >= startIndex == 0
2024-02-27 21:36:48,948 [33496502-95c3-4a2e-b72a-a08a7037350f@group-5E707275756C-FollowerState] INFO  impl.FollowerState (FollowerState.java:run(143)) - 33496502-95c3-4a2e-b72a-a08a7037350f@group-5E707275756C-FollowerState: change to CANDIDATE, lastRpcElapsedTime:5168234265ns, electionTimeout:5160ms
2024-02-27 21:36:48,948 [33496502-95c3-4a2e-b72a-a08a7037350f@group-5E707275756C-FollowerState] INFO  impl.RoleInfo (RoleInfo.java:shutdownFollowerState(110)) - 33496502-95c3-4a2e-b72a-a08a7037350f: shutdown 33496502-95c3-4a2e-b72a-a08a7037350f@group-5E707275756C-FollowerState
2024-02-27 21:36:48,948 [33496502-95c3-4a2e-b72a-a08a7037350f@group-5E707275756C-FollowerState] INFO  server.RaftServer$Division (RaftServerImpl.java:setRole(383)) - 33496502-95c3-4a2e-b72a-a08a7037350f@group-5E707275756C: changes role from  FOLLOWER to CANDIDATE at term 0 for changeToCandidate
2024-02-27 21:36:48,949 [33496502-95c3-4a2e-b72a-a08a7037350f@group-5E707275756C-FollowerState] INFO  server.RaftServerConfigKeys (ConfUtils.java:logGet(46)) - raft.server.leaderelection.pre-vote = true (default)
2024-02-27 21:36:48,949 [33496502-95c3-4a2e-b72a-a08a7037350f@group-5E707275756C-FollowerState] INFO  impl.RoleInfo (RoleInfo.java:updateAndGet(139)) - 33496502-95c3-4a2e-b72a-a08a7037350f: start 33496502-95c3-4a2e-b72a-a08a7037350f@group-5E707275756C-LeaderElection8
2024-02-27 21:36:48,950 [33496502-95c3-4a2e-b72a-a08a7037350f@group-5E707275756C-LeaderElection8] INFO  impl.LeaderElection (LeaderElection.java:askForVotes(321)) - 33496502-95c3-4a2e-b72a-a08a7037350f@group-5E707275756C-LeaderElection8 PRE_VOTE round 0: submit vote requests at term 0 for -1: peers:[99aab7c0-d213-4f2c-9146-fe97bea2462a|10.1.0.18:15050, d3d377a3-85e1-46ad-98d9-a3196f7db815|10.1.0.18:15059, 33496502-95c3-4a2e-b72a-a08a7037350f|10.1.0.18:15041]|listeners:[], old=null
2024-02-27 21:36:48,950 [33496502-95c3-4a2e-b72a-a08a7037350f@group-5E707275756C-LeaderElection8-1] INFO  server.GrpcServerProtocolClient (GrpcServerProtocolClient.java:<init>(65)) - Build channel for 99aab7c0-d213-4f2c-9146-fe97bea2462a|10.1.0.18:15050
2024-02-27 21:36:48,952 [33496502-95c3-4a2e-b72a-a08a7037350f@group-5E707275756C-LeaderElection8] INFO  server.RaftServerConfigKeys (ConfUtils.java:logFallback(53)) - raft.server.rpc.first-election.timeout.min = 5s (fallback to raft.server.rpc.timeout.min)
2024-02-27 21:36:48,952 [33496502-95c3-4a2e-b72a-a08a7037350f@group-5E707275756C-LeaderElection8] INFO  server.RaftServerConfigKeys (ConfUtils.java:logFallback(53)) - raft.server.rpc.first-election.timeout.max = 5200ms (fallback to raft.server.rpc.timeout.max)
2024-02-27 21:36:48,952 [33496502-95c3-4a2e-b72a-a08a7037350f@group-5E707275756C-LeaderElection8-2] INFO  server.GrpcServerProtocolClient (GrpcServerProtocolClient.java:<init>(65)) - Build channel for d3d377a3-85e1-46ad-98d9-a3196f7db815|10.1.0.18:15059
2024-02-27 21:36:48,961 [grpc-default-executor-3] INFO  server.RaftServer$Division (RaftServerImpl.java:requestVote(1389)) - 99aab7c0-d213-4f2c-9146-fe97bea2462a@group-5E707275756C: receive requestVote(PRE_VOTE, 33496502-95c3-4a2e-b72a-a08a7037350f, group-5E707275756C, 0, (t:0, i:0))
2024-02-27 21:36:48,961 [grpc-default-executor-3] INFO  impl.VoteContext (VoteContext.java:log(49)) - 99aab7c0-d213-4f2c-9146-fe97bea2462a@group-5E707275756C-FOLLOWER: accept PRE_VOTE from 33496502-95c3-4a2e-b72a-a08a7037350f: our priority 0 <= candidate's priority 0
2024-02-27 21:36:48,961 [grpc-default-executor-3] INFO  server.RaftServer$Division (RaftServerImpl.java:requestVote(1422)) - 99aab7c0-d213-4f2c-9146-fe97bea2462a@group-5E707275756C replies to PRE_VOTE vote request: 33496502-95c3-4a2e-b72a-a08a7037350f<-99aab7c0-d213-4f2c-9146-fe97bea2462a#0:OK-t0. Peer's state: 99aab7c0-d213-4f2c-9146-fe97bea2462a@group-5E707275756C:t0, leader=null, voted=, raftlog=Memoized:99aab7c0-d213-4f2c-9146-fe97bea2462a@group-5E707275756C-SegmentedRaftLog:OPENED:c-1, conf=-1: peers:[99aab7c0-d213-4f2c-9146-fe97bea2462a|10.1.0.18:15050, d3d377a3-85e1-46ad-98d9-a3196f7db815|10.1.0.18:15059, 33496502-95c3-4a2e-b72a-a08a7037350f|10.1.0.18:15041]|listeners:[], old=null
2024-02-27 21:36:48,964 [grpc-default-executor-3] INFO  server.RaftServer$Division (RaftServerImpl.java:requestVote(1389)) - d3d377a3-85e1-46ad-98d9-a3196f7db815@group-5E707275756C: receive requestVote(PRE_VOTE, 33496502-95c3-4a2e-b72a-a08a7037350f, group-5E707275756C, 0, (t:0, i:0))
2024-02-27 21:36:48,964 [grpc-default-executor-3] INFO  impl.VoteContext (VoteContext.java:log(49)) - d3d377a3-85e1-46ad-98d9-a3196f7db815@group-5E707275756C-FOLLOWER: reject PRE_VOTE from 33496502-95c3-4a2e-b72a-a08a7037350f: our priority 1 > candidate's priority 0
2024-02-27 21:36:48,964 [grpc-default-executor-3] INFO  server.RaftServer$Division (RaftServerImpl.java:requestVote(1422)) - d3d377a3-85e1-46ad-98d9-a3196f7db815@group-5E707275756C replies to PRE_VOTE vote request: 33496502-95c3-4a2e-b72a-a08a7037350f<-d3d377a3-85e1-46ad-98d9-a3196f7db815#0:FAIL-t0. Peer's state: d3d377a3-85e1-46ad-98d9-a3196f7db815@group-5E707275756C:t0, leader=null, voted=, raftlog=Memoized:d3d377a3-85e1-46ad-98d9-a3196f7db815@group-5E707275756C-SegmentedRaftLog:OPENED:c-1, conf=-1: peers:[99aab7c0-d213-4f2c-9146-fe97bea2462a|10.1.0.18:15050, d3d377a3-85e1-46ad-98d9-a3196f7db815|10.1.0.18:15059, 33496502-95c3-4a2e-b72a-a08a7037350f|10.1.0.18:15041]|listeners:[], old=null
2024-02-27 21:36:48,967 [33496502-95c3-4a2e-b72a-a08a7037350f@group-5E707275756C-LeaderElection8] INFO  impl.LeaderElection (LeaderElection.java:logAndReturn(89)) - 33496502-95c3-4a2e-b72a-a08a7037350f@group-5E707275756C-LeaderElection8: PRE_VOTE REJECTED received 2 response(s) and 0 exception(s):
2024-02-27 21:36:48,967 [33496502-95c3-4a2e-b72a-a08a7037350f@group-5E707275756C-LeaderElection8] INFO  impl.LeaderElection (LeaderElection.java:logAndReturn(93)) -   Response 0: 33496502-95c3-4a2e-b72a-a08a7037350f<-99aab7c0-d213-4f2c-9146-fe97bea2462a#0:OK-t0
2024-02-27 21:36:48,967 [33496502-95c3-4a2e-b72a-a08a7037350f@group-5E707275756C-LeaderElection8] INFO  impl.LeaderElection (LeaderElection.java:logAndReturn(93)) -   Response 1: 33496502-95c3-4a2e-b72a-a08a7037350f<-d3d377a3-85e1-46ad-98d9-a3196f7db815#0:FAIL-t0
2024-02-27 21:36:48,967 [33496502-95c3-4a2e-b72a-a08a7037350f@group-5E707275756C-LeaderElection8] INFO  impl.LeaderElection (LeaderElection.java:askForVotes(323)) - 33496502-95c3-4a2e-b72a-a08a7037350f@group-5E707275756C-LeaderElection8 PRE_VOTE round 0: result REJECTED
2024-02-27 21:36:48,967 [33496502-95c3-4a2e-b72a-a08a7037350f@group-5E707275756C-LeaderElection8] INFO  server.RaftServer$Division (RaftServerImpl.java:setRole(383)) - 33496502-95c3-4a2e-b72a-a08a7037350f@group-5E707275756C: changes role from CANDIDATE to FOLLOWER at term 0 for REJECTED
2024-02-27 21:36:48,967 [33496502-95c3-4a2e-b72a-a08a7037350f@group-5E707275756C-LeaderElection8] INFO  impl.RoleInfo (RoleInfo.java:shutdownLeaderElection(130)) - 33496502-95c3-4a2e-b72a-a08a7037350f: shutdown 33496502-95c3-4a2e-b72a-a08a7037350f@group-5E707275756C-LeaderElection8
2024-02-27 21:36:48,967 [33496502-95c3-4a2e-b72a-a08a7037350f@group-5E707275756C-LeaderElection8] INFO  impl.RoleInfo (RoleInfo.java:updateAndGet(139)) - 33496502-95c3-4a2e-b72a-a08a7037350f: start 33496502-95c3-4a2e-b72a-a08a7037350f@group-5E707275756C-FollowerState
2024-02-27 21:36:48,968 [33496502-95c3-4a2e-b72a-a08a7037350f@group-5E707275756C-LeaderElection8] INFO  server.RaftServer$Division (RaftServerImpl.java:setFirstElection(574)) - 33496502-95c3-4a2e-b72a-a08a7037350f@group-5E707275756C: set firstElectionSinceStartup to false for REJECTED
2024-02-27 21:36:49,011 [main] INFO  ozone.MiniOzoneClusterImpl (MiniOzoneClusterImpl.java:lambda$waitForClusterToBeReady$0(195)) - Nodes are ready. Got 6 of 6 DN Heartbeats.
2024-02-27 21:36:49,011 [main] INFO  ozone.MiniOzoneClusterImpl (MiniOzoneClusterImpl.java:lambda$waitForClusterToBeReady$0(198)) - Cluster exits safe mode
2024-02-27 21:36:49,011 [main] INFO  ozone.MiniOzoneClusterImpl (MiniOzoneClusterImpl.java:lambda$waitForClusterToBeReady$0(200)) - SCM became leader
2024-02-27 21:36:49,027 [d3d377a3-85e1-46ad-98d9-a3196f7db815@group-5E707275756C-FollowerState] INFO  impl.FollowerState (FollowerState.java:run(143)) - d3d377a3-85e1-46ad-98d9-a3196f7db815@group-5E707275756C-FollowerState: change to CANDIDATE, lastRpcElapsedTime:5120292453ns, electionTimeout:5115ms
2024-02-27 21:36:49,027 [d3d377a3-85e1-46ad-98d9-a3196f7db815@group-5E707275756C-FollowerState] INFO  impl.RoleInfo (RoleInfo.java:shutdownFollowerState(110)) - d3d377a3-85e1-46ad-98d9-a3196f7db815: shutdown d3d377a3-85e1-46ad-98d9-a3196f7db815@group-5E707275756C-FollowerState
2024-02-27 21:36:49,027 [d3d377a3-85e1-46ad-98d9-a3196f7db815@group-5E707275756C-FollowerState] INFO  server.RaftServer$Division (RaftServerImpl.java:setRole(383)) - d3d377a3-85e1-46ad-98d9-a3196f7db815@group-5E707275756C: changes role from  FOLLOWER to CANDIDATE at term 0 for changeToCandidate
2024-02-27 21:36:49,028 [d3d377a3-85e1-46ad-98d9-a3196f7db815@group-5E707275756C-FollowerState] INFO  server.RaftServerConfigKeys (ConfUtils.java:logGet(46)) - raft.server.leaderelection.pre-vote = true (default)
2024-02-27 21:36:49,028 [d3d377a3-85e1-46ad-98d9-a3196f7db815@group-5E707275756C-FollowerState] INFO  impl.RoleInfo (RoleInfo.java:updateAndGet(139)) - d3d377a3-85e1-46ad-98d9-a3196f7db815: start d3d377a3-85e1-46ad-98d9-a3196f7db815@group-5E707275756C-LeaderElection9
2024-02-27 21:36:49,029 [d3d377a3-85e1-46ad-98d9-a3196f7db815@group-5E707275756C-LeaderElection9] INFO  impl.LeaderElection (LeaderElection.java:askForVotes(321)) - d3d377a3-85e1-46ad-98d9-a3196f7db815@group-5E707275756C-LeaderElection9 PRE_VOTE round 0: submit vote requests at term 0 for -1: peers:[99aab7c0-d213-4f2c-9146-fe97bea2462a|10.1.0.18:15050, d3d377a3-85e1-46ad-98d9-a3196f7db815|10.1.0.18:15059, 33496502-95c3-4a2e-b72a-a08a7037350f|10.1.0.18:15041]|listeners:[], old=null
2024-02-27 21:36:49,029 [d3d377a3-85e1-46ad-98d9-a3196f7db815@group-5E707275756C-LeaderElection9-1] INFO  server.GrpcServerProtocolClient (GrpcServerProtocolClient.java:<init>(65)) - Build channel for 99aab7c0-d213-4f2c-9146-fe97bea2462a|10.1.0.18:15050
2024-02-27 21:36:49,029 [d3d377a3-85e1-46ad-98d9-a3196f7db815@group-5E707275756C-LeaderElection9-2] INFO  server.GrpcServerProtocolClient (GrpcServerProtocolClient.java:<init>(65)) - Build channel for 33496502-95c3-4a2e-b72a-a08a7037350f|10.1.0.18:15041
2024-02-27 21:36:49,029 [d3d377a3-85e1-46ad-98d9-a3196f7db815@group-5E707275756C-LeaderElection9] INFO  server.RaftServerConfigKeys (ConfUtils.java:logFallback(53)) - raft.server.rpc.first-election.timeout.min = 5s (fallback to raft.server.rpc.timeout.min)
2024-02-27 21:36:49,034 [d3d377a3-85e1-46ad-98d9-a3196f7db815@group-5E707275756C-LeaderElection9] INFO  server.RaftServerConfigKeys (ConfUtils.java:logFallback(53)) - raft.server.rpc.first-election.timeout.max = 5200ms (fallback to raft.server.rpc.timeout.max)
2024-02-27 21:36:49,034 [9eee0c4a-241f-4a15-bff1-0522a907ac9b@group-5560CD5E8260-FollowerState] INFO  impl.FollowerState (FollowerState.java:run(143)) - 9eee0c4a-241f-4a15-bff1-0522a907ac9b@group-5560CD5E8260-FollowerState: change to CANDIDATE, lastRpcElapsedTime:5100638001ns, electionTimeout:5081ms
2024-02-27 21:36:49,035 [9eee0c4a-241f-4a15-bff1-0522a907ac9b@group-5560CD5E8260-FollowerState] INFO  impl.RoleInfo (RoleInfo.java:shutdownFollowerState(110)) - 9eee0c4a-241f-4a15-bff1-0522a907ac9b: shutdown 9eee0c4a-241f-4a15-bff1-0522a907ac9b@group-5560CD5E8260-FollowerState
2024-02-27 21:36:49,035 [9eee0c4a-241f-4a15-bff1-0522a907ac9b@group-5560CD5E8260-FollowerState] INFO  server.RaftServer$Division (RaftServerImpl.java:setRole(383)) - 9eee0c4a-241f-4a15-bff1-0522a907ac9b@group-5560CD5E8260: changes role from  FOLLOWER to CANDIDATE at term 0 for changeToCandidate
2024-02-27 21:36:49,035 [9eee0c4a-241f-4a15-bff1-0522a907ac9b@group-5560CD5E8260-FollowerState] INFO  server.RaftServerConfigKeys (ConfUtils.java:logGet(46)) - raft.server.leaderelection.pre-vote = true (default)
2024-02-27 21:36:49,036 [9eee0c4a-241f-4a15-bff1-0522a907ac9b@group-5560CD5E8260-FollowerState] INFO  impl.RoleInfo (RoleInfo.java:updateAndGet(139)) - 9eee0c4a-241f-4a15-bff1-0522a907ac9b: start 9eee0c4a-241f-4a15-bff1-0522a907ac9b@group-5560CD5E8260-LeaderElection10
2024-02-27 21:36:49,040 [grpc-default-executor-1] INFO  server.RaftServer$Division (RaftServerImpl.java:requestVote(1389)) - 99aab7c0-d213-4f2c-9146-fe97bea2462a@group-5E707275756C: receive requestVote(PRE_VOTE, d3d377a3-85e1-46ad-98d9-a3196f7db815, group-5E707275756C, 0, (t:0, i:0))
2024-02-27 21:36:49,042 [grpc-default-executor-1] INFO  impl.VoteContext (VoteContext.java:log(49)) - 99aab7c0-d213-4f2c-9146-fe97bea2462a@group-5E707275756C-FOLLOWER: accept PRE_VOTE from d3d377a3-85e1-46ad-98d9-a3196f7db815: our priority 0 <= candidate's priority 1
2024-02-27 21:36:49,043 [9eee0c4a-241f-4a15-bff1-0522a907ac9b@group-5560CD5E8260-LeaderElection10] INFO  impl.LeaderElection (LeaderElection.java:askForVotes(321)) - 9eee0c4a-241f-4a15-bff1-0522a907ac9b@group-5560CD5E8260-LeaderElection10 PRE_VOTE round 0: submit vote requests at term 0 for -1: peers:[9eee0c4a-241f-4a15-bff1-0522a907ac9b|10.1.0.18:15032, 46ce47ac-a134-4cce-ba10-4493b406f4b0|10.1.0.18:15014, c855f1da-1b31-46a5-a68b-5d36f1d30008|10.1.0.18:15023]|listeners:[], old=null
2024-02-27 21:36:49,043 [grpc-default-executor-1] INFO  server.RaftServer$Division (RaftServerImpl.java:requestVote(1422)) - 99aab7c0-d213-4f2c-9146-fe97bea2462a@group-5E707275756C replies to PRE_VOTE vote request: d3d377a3-85e1-46ad-98d9-a3196f7db815<-99aab7c0-d213-4f2c-9146-fe97bea2462a#0:OK-t0. Peer's state: 99aab7c0-d213-4f2c-9146-fe97bea2462a@group-5E707275756C:t0, leader=null, voted=, raftlog=Memoized:99aab7c0-d213-4f2c-9146-fe97bea2462a@group-5E707275756C-SegmentedRaftLog:OPENED:c-1, conf=-1: peers:[99aab7c0-d213-4f2c-9146-fe97bea2462a|10.1.0.18:15050, d3d377a3-85e1-46ad-98d9-a3196f7db815|10.1.0.18:15059, 33496502-95c3-4a2e-b72a-a08a7037350f|10.1.0.18:15041]|listeners:[], old=null
2024-02-27 21:36:49,045 [grpc-default-executor-3] INFO  server.RaftServer$Division (RaftServerImpl.java:requestVote(1389)) - 33496502-95c3-4a2e-b72a-a08a7037350f@group-5E707275756C: receive requestVote(PRE_VOTE, d3d377a3-85e1-46ad-98d9-a3196f7db815, group-5E707275756C, 0, (t:0, i:0))
2024-02-27 21:36:49,045 [grpc-default-executor-3] INFO  impl.VoteContext (VoteContext.java:log(49)) - 33496502-95c3-4a2e-b72a-a08a7037350f@group-5E707275756C-FOLLOWER: accept PRE_VOTE from d3d377a3-85e1-46ad-98d9-a3196f7db815: our priority 0 <= candidate's priority 1
2024-02-27 21:36:49,045 [grpc-default-executor-3] INFO  server.RaftServer$Division (RaftServerImpl.java:requestVote(1422)) - 33496502-95c3-4a2e-b72a-a08a7037350f@group-5E707275756C replies to PRE_VOTE vote request: d3d377a3-85e1-46ad-98d9-a3196f7db815<-33496502-95c3-4a2e-b72a-a08a7037350f#0:OK-t0. Peer's state: 33496502-95c3-4a2e-b72a-a08a7037350f@group-5E707275756C:t0, leader=null, voted=, raftlog=Memoized:33496502-95c3-4a2e-b72a-a08a7037350f@group-5E707275756C-SegmentedRaftLog:OPENED:c-1, conf=-1: peers:[99aab7c0-d213-4f2c-9146-fe97bea2462a|10.1.0.18:15050, d3d377a3-85e1-46ad-98d9-a3196f7db815|10.1.0.18:15059, 33496502-95c3-4a2e-b72a-a08a7037350f|10.1.0.18:15041]|listeners:[], old=null
2024-02-27 21:36:49,046 [d3d377a3-85e1-46ad-98d9-a3196f7db815@group-5E707275756C-LeaderElection9] INFO  impl.LeaderElection (LeaderElection.java:logAndReturn(89)) - d3d377a3-85e1-46ad-98d9-a3196f7db815@group-5E707275756C-LeaderElection9: PRE_VOTE PASSED received 1 response(s) and 0 exception(s):
2024-02-27 21:36:49,046 [d3d377a3-85e1-46ad-98d9-a3196f7db815@group-5E707275756C-LeaderElection9] INFO  impl.LeaderElection (LeaderElection.java:logAndReturn(93)) -   Response 0: d3d377a3-85e1-46ad-98d9-a3196f7db815<-99aab7c0-d213-4f2c-9146-fe97bea2462a#0:OK-t0
2024-02-27 21:36:49,046 [d3d377a3-85e1-46ad-98d9-a3196f7db815@group-5E707275756C-LeaderElection9] INFO  impl.LeaderElection (LeaderElection.java:askForVotes(323)) - d3d377a3-85e1-46ad-98d9-a3196f7db815@group-5E707275756C-LeaderElection9 PRE_VOTE round 0: result PASSED
2024-02-27 21:36:49,049 [d3d377a3-85e1-46ad-98d9-a3196f7db815@group-5E707275756C-LeaderElection9] INFO  impl.LeaderElection (LeaderElection.java:askForVotes(321)) - d3d377a3-85e1-46ad-98d9-a3196f7db815@group-5E707275756C-LeaderElection9 ELECTION round 0: submit vote requests at term 1 for -1: peers:[99aab7c0-d213-4f2c-9146-fe97bea2462a|10.1.0.18:15050, d3d377a3-85e1-46ad-98d9-a3196f7db815|10.1.0.18:15059, 33496502-95c3-4a2e-b72a-a08a7037350f|10.1.0.18:15041]|listeners:[], old=null
2024-02-27 21:36:49,050 [9eee0c4a-241f-4a15-bff1-0522a907ac9b@group-5560CD5E8260-LeaderElection10] INFO  server.RaftServerConfigKeys (ConfUtils.java:logFallback(53)) - raft.server.rpc.first-election.timeout.min = 5s (fallback to raft.server.rpc.timeout.min)
2024-02-27 21:36:49,051 [9eee0c4a-241f-4a15-bff1-0522a907ac9b@group-5560CD5E8260-LeaderElection10] INFO  server.RaftServerConfigKeys (ConfUtils.java:logFallback(53)) - raft.server.rpc.first-election.timeout.max = 5200ms (fallback to raft.server.rpc.timeout.max)
2024-02-27 21:36:49,053 [grpc-default-executor-3] INFO  server.RaftServer$Division (RaftServerImpl.java:requestVote(1389)) - c855f1da-1b31-46a5-a68b-5d36f1d30008@group-5560CD5E8260: receive requestVote(PRE_VOTE, 9eee0c4a-241f-4a15-bff1-0522a907ac9b, group-5560CD5E8260, 0, (t:0, i:0))
2024-02-27 21:36:49,054 [grpc-default-executor-3] INFO  impl.VoteContext (VoteContext.java:log(49)) - c855f1da-1b31-46a5-a68b-5d36f1d30008@group-5560CD5E8260-FOLLOWER: accept PRE_VOTE from 9eee0c4a-241f-4a15-bff1-0522a907ac9b: our priority 0 <= candidate's priority 0
2024-02-27 21:36:49,054 [grpc-default-executor-3] INFO  server.RaftServer$Division (RaftServerImpl.java:requestVote(1422)) - c855f1da-1b31-46a5-a68b-5d36f1d30008@group-5560CD5E8260 replies to PRE_VOTE vote request: 9eee0c4a-241f-4a15-bff1-0522a907ac9b<-c855f1da-1b31-46a5-a68b-5d36f1d30008#0:OK-t0. Peer's state: c855f1da-1b31-46a5-a68b-5d36f1d30008@group-5560CD5E8260:t0, leader=null, voted=, raftlog=Memoized:c855f1da-1b31-46a5-a68b-5d36f1d30008@group-5560CD5E8260-SegmentedRaftLog:OPENED:c-1, conf=-1: peers:[9eee0c4a-241f-4a15-bff1-0522a907ac9b|10.1.0.18:15032, 46ce47ac-a134-4cce-ba10-4493b406f4b0|10.1.0.18:15014, c855f1da-1b31-46a5-a68b-5d36f1d30008|10.1.0.18:15023]|listeners:[], old=null
2024-02-27 21:36:49,055 [d3d377a3-85e1-46ad-98d9-a3196f7db815@group-5E707275756C-LeaderElection9] INFO  server.RaftServerConfigKeys (ConfUtils.java:logFallback(53)) - raft.server.rpc.first-election.timeout.min = 5s (fallback to raft.server.rpc.timeout.min)
2024-02-27 21:36:49,055 [d3d377a3-85e1-46ad-98d9-a3196f7db815@group-5E707275756C-LeaderElection9] INFO  server.RaftServerConfigKeys (ConfUtils.java:logFallback(53)) - raft.server.rpc.first-election.timeout.max = 5200ms (fallback to raft.server.rpc.timeout.max)
2024-02-27 21:36:49,057 [grpc-default-executor-3] INFO  server.RaftServer$Division (RaftServerImpl.java:requestVote(1389)) - 46ce47ac-a134-4cce-ba10-4493b406f4b0@group-5560CD5E8260: receive requestVote(PRE_VOTE, 9eee0c4a-241f-4a15-bff1-0522a907ac9b, group-5560CD5E8260, 0, (t:0, i:0))
2024-02-27 21:36:49,057 [grpc-default-executor-3] INFO  impl.VoteContext (VoteContext.java:log(49)) - 46ce47ac-a134-4cce-ba10-4493b406f4b0@group-5560CD5E8260-FOLLOWER: reject PRE_VOTE from 9eee0c4a-241f-4a15-bff1-0522a907ac9b: our priority 1 > candidate's priority 0
2024-02-27 21:36:49,058 [grpc-default-executor-3] INFO  server.RaftServer$Division (RaftServerImpl.java:requestVote(1422)) - 46ce47ac-a134-4cce-ba10-4493b406f4b0@group-5560CD5E8260 replies to PRE_VOTE vote request: 9eee0c4a-241f-4a15-bff1-0522a907ac9b<-46ce47ac-a134-4cce-ba10-4493b406f4b0#0:FAIL-t0. Peer's state: 46ce47ac-a134-4cce-ba10-4493b406f4b0@group-5560CD5E8260:t0, leader=null, voted=, raftlog=Memoized:46ce47ac-a134-4cce-ba10-4493b406f4b0@group-5560CD5E8260-SegmentedRaftLog:OPENED:c-1, conf=-1: peers:[9eee0c4a-241f-4a15-bff1-0522a907ac9b|10.1.0.18:15032, 46ce47ac-a134-4cce-ba10-4493b406f4b0|10.1.0.18:15014, c855f1da-1b31-46a5-a68b-5d36f1d30008|10.1.0.18:15023]|listeners:[], old=null
2024-02-27 21:36:49,060 [grpc-default-executor-1] INFO  server.RaftServer$Division (RaftServerImpl.java:requestVote(1389)) - 33496502-95c3-4a2e-b72a-a08a7037350f@group-5E707275756C: receive requestVote(ELECTION, d3d377a3-85e1-46ad-98d9-a3196f7db815, group-5E707275756C, 1, (t:0, i:0))
2024-02-27 21:36:49,060 [grpc-default-executor-1] INFO  impl.VoteContext (VoteContext.java:log(49)) - 33496502-95c3-4a2e-b72a-a08a7037350f@group-5E707275756C-FOLLOWER: accept ELECTION from d3d377a3-85e1-46ad-98d9-a3196f7db815: our priority 0 <= candidate's priority 1
2024-02-27 21:36:49,060 [grpc-default-executor-1] INFO  server.RaftServer$Division (RaftServerImpl.java:setRole(383)) - 33496502-95c3-4a2e-b72a-a08a7037350f@group-5E707275756C: changes role from  FOLLOWER to FOLLOWER at term 1 for candidate:d3d377a3-85e1-46ad-98d9-a3196f7db815
2024-02-27 21:36:49,060 [grpc-default-executor-1] INFO  impl.RoleInfo (RoleInfo.java:shutdownFollowerState(110)) - 33496502-95c3-4a2e-b72a-a08a7037350f: shutdown 33496502-95c3-4a2e-b72a-a08a7037350f@group-5E707275756C-FollowerState
2024-02-27 21:36:49,060 [grpc-default-executor-1] INFO  impl.RoleInfo (RoleInfo.java:updateAndGet(139)) - 33496502-95c3-4a2e-b72a-a08a7037350f: start 33496502-95c3-4a2e-b72a-a08a7037350f@group-5E707275756C-FollowerState
2024-02-27 21:36:49,061 [33496502-95c3-4a2e-b72a-a08a7037350f@group-5E707275756C-FollowerState] INFO  impl.FollowerState (FollowerState.java:run(152)) - 33496502-95c3-4a2e-b72a-a08a7037350f@group-5E707275756C-FollowerState was interrupted
2024-02-27 21:36:49,061 [grpc-default-executor-3] INFO  server.RaftServer$Division (RaftServerImpl.java:requestVote(1389)) - 99aab7c0-d213-4f2c-9146-fe97bea2462a@group-5E707275756C: receive requestVote(ELECTION, d3d377a3-85e1-46ad-98d9-a3196f7db815, group-5E707275756C, 1, (t:0, i:0))
2024-02-27 21:36:49,061 [grpc-default-executor-3] INFO  impl.VoteContext (VoteContext.java:log(49)) - 99aab7c0-d213-4f2c-9146-fe97bea2462a@group-5E707275756C-FOLLOWER: accept ELECTION from d3d377a3-85e1-46ad-98d9-a3196f7db815: our priority 0 <= candidate's priority 1
2024-02-27 21:36:49,062 [grpc-default-executor-3] INFO  server.RaftServer$Division (RaftServerImpl.java:setRole(383)) - 99aab7c0-d213-4f2c-9146-fe97bea2462a@group-5E707275756C: changes role from  FOLLOWER to FOLLOWER at term 1 for candidate:d3d377a3-85e1-46ad-98d9-a3196f7db815
2024-02-27 21:36:49,062 [grpc-default-executor-3] INFO  impl.RoleInfo (RoleInfo.java:shutdownFollowerState(110)) - 99aab7c0-d213-4f2c-9146-fe97bea2462a: shutdown 99aab7c0-d213-4f2c-9146-fe97bea2462a@group-5E707275756C-FollowerState
2024-02-27 21:36:49,062 [99aab7c0-d213-4f2c-9146-fe97bea2462a@group-5E707275756C-FollowerState] INFO  impl.FollowerState (FollowerState.java:run(152)) - 99aab7c0-d213-4f2c-9146-fe97bea2462a@group-5E707275756C-FollowerState was interrupted
2024-02-27 21:36:49,062 [grpc-default-executor-3] INFO  impl.RoleInfo (RoleInfo.java:updateAndGet(139)) - 99aab7c0-d213-4f2c-9146-fe97bea2462a: start 99aab7c0-d213-4f2c-9146-fe97bea2462a@group-5E707275756C-FollowerState
2024-02-27 21:36:49,064 [grpc-default-executor-3] INFO  server.RaftServer$Division (RaftServerImpl.java:setFirstElection(574)) - 99aab7c0-d213-4f2c-9146-fe97bea2462a@group-5E707275756C: set firstElectionSinceStartup to false for candidate:d3d377a3-85e1-46ad-98d9-a3196f7db815
2024-02-27 21:36:49,064 [grpc-default-executor-1] INFO  server.RaftServer$Division (RaftServerImpl.java:requestVote(1422)) - 33496502-95c3-4a2e-b72a-a08a7037350f@group-5E707275756C replies to ELECTION vote request: d3d377a3-85e1-46ad-98d9-a3196f7db815<-33496502-95c3-4a2e-b72a-a08a7037350f#0:OK-t1. Peer's state: 33496502-95c3-4a2e-b72a-a08a7037350f@group-5E707275756C:t1, leader=null, voted=d3d377a3-85e1-46ad-98d9-a3196f7db815, raftlog=Memoized:33496502-95c3-4a2e-b72a-a08a7037350f@group-5E707275756C-SegmentedRaftLog:OPENED:c-1, conf=-1: peers:[99aab7c0-d213-4f2c-9146-fe97bea2462a|10.1.0.18:15050, d3d377a3-85e1-46ad-98d9-a3196f7db815|10.1.0.18:15059, 33496502-95c3-4a2e-b72a-a08a7037350f|10.1.0.18:15041]|listeners:[], old=null
2024-02-27 21:36:49,063 [9eee0c4a-241f-4a15-bff1-0522a907ac9b@group-5560CD5E8260-LeaderElection10] INFO  impl.LeaderElection (LeaderElection.java:logAndReturn(89)) - 9eee0c4a-241f-4a15-bff1-0522a907ac9b@group-5560CD5E8260-LeaderElection10: PRE_VOTE REJECTED received 2 response(s) and 0 exception(s):
2024-02-27 21:36:49,066 [9eee0c4a-241f-4a15-bff1-0522a907ac9b@group-5560CD5E8260-LeaderElection10] INFO  impl.LeaderElection (LeaderElection.java:logAndReturn(93)) -   Response 0: 9eee0c4a-241f-4a15-bff1-0522a907ac9b<-46ce47ac-a134-4cce-ba10-4493b406f4b0#0:FAIL-t0
2024-02-27 21:36:49,066 [9eee0c4a-241f-4a15-bff1-0522a907ac9b@group-5560CD5E8260-LeaderElection10] INFO  impl.LeaderElection (LeaderElection.java:logAndReturn(93)) -   Response 1: 9eee0c4a-241f-4a15-bff1-0522a907ac9b<-c855f1da-1b31-46a5-a68b-5d36f1d30008#0:OK-t0
2024-02-27 21:36:49,066 [9eee0c4a-241f-4a15-bff1-0522a907ac9b@group-5560CD5E8260-LeaderElection10] INFO  impl.LeaderElection (LeaderElection.java:askForVotes(323)) - 9eee0c4a-241f-4a15-bff1-0522a907ac9b@group-5560CD5E8260-LeaderElection10 PRE_VOTE round 0: result REJECTED
2024-02-27 21:36:49,067 [grpc-default-executor-3] INFO  server.RaftServer$Division (RaftServerImpl.java:requestVote(1422)) - 99aab7c0-d213-4f2c-9146-fe97bea2462a@group-5E707275756C replies to ELECTION vote request: d3d377a3-85e1-46ad-98d9-a3196f7db815<-99aab7c0-d213-4f2c-9146-fe97bea2462a#0:OK-t1. Peer's state: 99aab7c0-d213-4f2c-9146-fe97bea2462a@group-5E707275756C:t1, leader=null, voted=d3d377a3-85e1-46ad-98d9-a3196f7db815, raftlog=Memoized:99aab7c0-d213-4f2c-9146-fe97bea2462a@group-5E707275756C-SegmentedRaftLog:OPENED:c-1, conf=-1: peers:[99aab7c0-d213-4f2c-9146-fe97bea2462a|10.1.0.18:15050, d3d377a3-85e1-46ad-98d9-a3196f7db815|10.1.0.18:15059, 33496502-95c3-4a2e-b72a-a08a7037350f|10.1.0.18:15041]|listeners:[], old=null
2024-02-27 21:36:49,070 [9eee0c4a-241f-4a15-bff1-0522a907ac9b@group-5560CD5E8260-LeaderElection10] INFO  server.RaftServer$Division (RaftServerImpl.java:setRole(383)) - 9eee0c4a-241f-4a15-bff1-0522a907ac9b@group-5560CD5E8260: changes role from CANDIDATE to FOLLOWER at term 0 for REJECTED
2024-02-27 21:36:49,071 [9eee0c4a-241f-4a15-bff1-0522a907ac9b@group-5560CD5E8260-LeaderElection10] INFO  impl.RoleInfo (RoleInfo.java:shutdownLeaderElection(130)) - 9eee0c4a-241f-4a15-bff1-0522a907ac9b: shutdown 9eee0c4a-241f-4a15-bff1-0522a907ac9b@group-5560CD5E8260-LeaderElection10
2024-02-27 21:36:49,072 [c855f1da-1b31-46a5-a68b-5d36f1d30008@group-5560CD5E8260-FollowerState] INFO  server.RaftServerConfigKeys (ConfUtils.java:logFallback(53)) - raft.server.rpc.first-election.timeout.min = 5s (fallback to raft.server.rpc.timeout.min)
2024-02-27 21:36:49,072 [d3d377a3-85e1-46ad-98d9-a3196f7db815@group-5E707275756C-LeaderElection9] INFO  impl.LeaderElection (LeaderElection.java:logAndReturn(89)) - d3d377a3-85e1-46ad-98d9-a3196f7db815@group-5E707275756C-LeaderElection9: ELECTION PASSED received 1 response(s) and 0 exception(s):
2024-02-27 21:36:49,073 [d3d377a3-85e1-46ad-98d9-a3196f7db815@group-5E707275756C-LeaderElection9] INFO  impl.LeaderElection (LeaderElection.java:logAndReturn(93)) -   Response 0: d3d377a3-85e1-46ad-98d9-a3196f7db815<-99aab7c0-d213-4f2c-9146-fe97bea2462a#0:OK-t1
2024-02-27 21:36:49,073 [d3d377a3-85e1-46ad-98d9-a3196f7db815@group-5E707275756C-LeaderElection9] INFO  impl.LeaderElection (LeaderElection.java:askForVotes(323)) - d3d377a3-85e1-46ad-98d9-a3196f7db815@group-5E707275756C-LeaderElection9 ELECTION round 0: result PASSED
2024-02-27 21:36:49,073 [d3d377a3-85e1-46ad-98d9-a3196f7db815@group-5E707275756C-LeaderElection9] INFO  impl.RoleInfo (RoleInfo.java:shutdownLeaderElection(130)) - d3d377a3-85e1-46ad-98d9-a3196f7db815: shutdown d3d377a3-85e1-46ad-98d9-a3196f7db815@group-5E707275756C-LeaderElection9
2024-02-27 21:36:49,073 [d3d377a3-85e1-46ad-98d9-a3196f7db815@group-5E707275756C-LeaderElection9] INFO  server.RaftServer$Division (RaftServerImpl.java:setRole(383)) - d3d377a3-85e1-46ad-98d9-a3196f7db815@group-5E707275756C: changes role from CANDIDATE to LEADER at term 1 for changeToLeader
2024-02-27 21:36:49,073 [d3d377a3-85e1-46ad-98d9-a3196f7db815@group-5E707275756C-LeaderElection9] INFO  server.RaftServerConfigKeys (ConfUtils.java:logGet(46)) - raft.server.staging.catchup.gap = 1000 (default)
2024-02-27 21:36:49,073 [d3d377a3-85e1-46ad-98d9-a3196f7db815@group-5E707275756C-LeaderElection9] INFO  server.RaftServerConfigKeys (ConfUtils.java:logGet(46)) - raft.server.write.element-limit = 1024 (custom)
2024-02-27 21:36:49,073 [d3d377a3-85e1-46ad-98d9-a3196f7db815@group-5E707275756C-LeaderElection9] INFO  server.RaftServerConfigKeys (ConfUtils.java:logGet(46)) - raft.server.write.byte-limit = 1024 M (=1073741824) (custom)
2024-02-27 21:36:49,072 [9eee0c4a-241f-4a15-bff1-0522a907ac9b@group-5560CD5E8260-LeaderElection10] INFO  impl.RoleInfo (RoleInfo.java:updateAndGet(139)) - 9eee0c4a-241f-4a15-bff1-0522a907ac9b: start 9eee0c4a-241f-4a15-bff1-0522a907ac9b@group-5560CD5E8260-FollowerState
2024-02-27 21:36:49,073 [c855f1da-1b31-46a5-a68b-5d36f1d30008@group-5560CD5E8260-FollowerState] INFO  server.RaftServerConfigKeys (ConfUtils.java:logFallback(53)) - raft.server.rpc.first-election.timeout.max = 5200ms (fallback to raft.server.rpc.timeout.max)
2024-02-27 21:36:49,074 [d3d377a3-85e1-46ad-98d9-a3196f7db815@group-5E707275756C-LeaderElection9] INFO  server.RaftServerConfigKeys (ConfUtils.java:logGet(46)) - raft.server.watch.timeout = 180s (custom)
2024-02-27 21:36:49,074 [d3d377a3-85e1-46ad-98d9-a3196f7db815@group-5E707275756C-LeaderElection9] INFO  server.RaftServerConfigKeys (ConfUtils.java:logGet(46)) - raft.server.watch.timeout.denomination = 1s (default)
2024-02-27 21:36:49,074 [d3d377a3-85e1-46ad-98d9-a3196f7db815@group-5E707275756C-LeaderElection9] INFO  server.RaftServerConfigKeys (ConfUtils.java:logGet(46)) - raft.server.watch.element-limit = 65536 (default)
2024-02-27 21:36:49,074 [d3d377a3-85e1-46ad-98d9-a3196f7db815@group-5E707275756C-LeaderElection9] INFO  server.RaftServerConfigKeys (ConfUtils.java:logGet(46)) - raft.server.read.leader.lease.enabled = false (default)
2024-02-27 21:36:49,074 [d3d377a3-85e1-46ad-98d9-a3196f7db815@group-5E707275756C-LeaderElection9] INFO  server.RaftServerConfigKeys (ConfUtils.java:logGet(46)) - raft.server.read.leader.lease.timeout.ratio = 0.9 (default)
2024-02-27 21:36:49,074 [d3d377a3-85e1-46ad-98d9-a3196f7db815@group-5E707275756C-LeaderElection9] INFO  server.RaftServerConfigKeys (ConfUtils.java:logGet(46)) - raft.server.rpc.timeout.min = 5s (custom)
2024-02-27 21:36:49,074 [d3d377a3-85e1-46ad-98d9-a3196f7db815@group-5E707275756C-LeaderElection9] INFO  server.RaftServerConfigKeys (ConfUtils.java:logGet(46)) - raft.server.write.element-limit = 1024 (custom)
2024-02-27 21:36:49,074 [d3d377a3-85e1-46ad-98d9-a3196f7db815@group-5E707275756C-LeaderElection9] INFO  server.RaftServerConfigKeys (ConfUtils.java:logGet(46)) - raft.server.write.follower.gap.ratio.max = -1.0 (default)
2024-02-27 21:36:49,075 [d3d377a3-85e1-46ad-98d9-a3196f7db815@group-5E707275756C-LeaderElection9] INFO  server.RaftServerConfigKeys (ConfUtils.java:logGet(46)) - raft.server.log.appender.snapshot.chunk.size.max = 16MB (=16777216) (default)
2024-02-27 21:36:49,075 [d3d377a3-85e1-46ad-98d9-a3196f7db815@group-5E707275756C-LeaderElection9] INFO  server.RaftServerConfigKeys (ConfUtils.java:logGet(46)) - raft.server.log.appender.buffer.byte-limit = 8388608 (custom)
2024-02-27 21:36:49,075 [d3d377a3-85e1-46ad-98d9-a3196f7db815@group-5E707275756C-LeaderElection9] INFO  server.RaftServerConfigKeys (ConfUtils.java:logGet(46)) - raft.server.log.appender.buffer.element-limit = 1 (custom)
2024-02-27 21:36:49,076 [9eee0c4a-241f-4a15-bff1-0522a907ac9b@group-5560CD5E8260-LeaderElection10] INFO  server.RaftServer$Division (RaftServerImpl.java:setFirstElection(574)) - 9eee0c4a-241f-4a15-bff1-0522a907ac9b@group-5560CD5E8260: set firstElectionSinceStartup to false for REJECTED
2024-02-27 21:36:49,076 [d3d377a3-85e1-46ad-98d9-a3196f7db815@group-5E707275756C-LeaderElection9] INFO  server.RaftServerConfigKeys (ConfUtils.java:logGet(46)) - raft.server.log.appender.wait-time.min = 0μs (custom)
2024-02-27 21:36:49,076 [d3d377a3-85e1-46ad-98d9-a3196f7db815@group-5E707275756C-LeaderElection9] INFO  grpc.GrpcConfigKeys (ConfUtils.java:logGet(46)) - raft.grpc.server.leader.outstanding.appends.max = 8 (default)
2024-02-27 21:36:49,077 [d3d377a3-85e1-46ad-98d9-a3196f7db815@group-5E707275756C-LeaderElection9] INFO  server.RaftServerConfigKeys (ConfUtils.java:logGet(46)) - raft.server.rpc.request.timeout = 60s (custom)
2024-02-27 21:36:49,077 [d3d377a3-85e1-46ad-98d9-a3196f7db815@group-5E707275756C-LeaderElection9] INFO  grpc.GrpcConfigKeys (ConfUtils.java:logGet(46)) - raft.grpc.server.install_snapshot.request.element-limit = 8 (default)
2024-02-27 21:36:49,077 [d3d377a3-85e1-46ad-98d9-a3196f7db815@group-5E707275756C-LeaderElection9] INFO  grpc.GrpcConfigKeys (ConfUtils.java:logGet(46)) - raft.grpc.server.install_snapshot.request.timeout = 3000ms (default)
2024-02-27 21:36:49,077 [d3d377a3-85e1-46ad-98d9-a3196f7db815@group-5E707275756C-LeaderElection9] INFO  grpc.GrpcConfigKeys (ConfUtils.java:logGet(46)) - raft.grpc.server.log-message.batch.duration = 5s (default)
2024-02-27 21:36:49,077 [d3d377a3-85e1-46ad-98d9-a3196f7db815@group-5E707275756C-LeaderElection9] INFO  server.RaftServerConfigKeys (ConfUtils.java:logGet(46)) - raft.server.log.appender.install.snapshot.enabled = false (custom)
2024-02-27 21:36:49,078 [d3d377a3-85e1-46ad-98d9-a3196f7db815@group-5E707275756C-LeaderElection9] INFO  grpc.GrpcConfigKeys (ConfUtils.java:logGet(46)) - raft.grpc.server.heartbeat.channel = true (default)
2024-02-27 21:36:49,079 [d3d377a3-85e1-46ad-98d9-a3196f7db815@group-5E707275756C-LeaderElection9] INFO  server.RaftServerConfigKeys (ConfUtils.java:logGet(46)) - raft.server.log.appender.snapshot.chunk.size.max = 16MB (=16777216) (default)
2024-02-27 21:36:49,079 [d3d377a3-85e1-46ad-98d9-a3196f7db815@group-5E707275756C-LeaderElection9] INFO  server.RaftServerConfigKeys (ConfUtils.java:logGet(46)) - raft.server.log.appender.buffer.byte-limit = 8388608 (custom)
2024-02-27 21:36:49,079 [d3d377a3-85e1-46ad-98d9-a3196f7db815@group-5E707275756C-LeaderElection9] INFO  server.RaftServerConfigKeys (ConfUtils.java:logGet(46)) - raft.server.log.appender.buffer.element-limit = 1 (custom)
2024-02-27 21:36:49,079 [d3d377a3-85e1-46ad-98d9-a3196f7db815@group-5E707275756C-LeaderElection9] INFO  server.RaftServerConfigKeys (ConfUtils.java:logGet(46)) - raft.server.log.appender.wait-time.min = 0μs (custom)
2024-02-27 21:36:49,079 [d3d377a3-85e1-46ad-98d9-a3196f7db815@group-5E707275756C-LeaderElection9] INFO  grpc.GrpcConfigKeys (ConfUtils.java:logGet(46)) - raft.grpc.server.leader.outstanding.appends.max = 8 (default)
2024-02-27 21:36:49,079 [d3d377a3-85e1-46ad-98d9-a3196f7db815@group-5E707275756C-LeaderElection9] INFO  server.RaftServerConfigKeys (ConfUtils.java:logGet(46)) - raft.server.rpc.request.timeout = 60s (custom)
2024-02-27 21:36:49,079 [d3d377a3-85e1-46ad-98d9-a3196f7db815@group-5E707275756C-LeaderElection9] INFO  grpc.GrpcConfigKeys (ConfUtils.java:logGet(46)) - raft.grpc.server.install_snapshot.request.element-limit = 8 (default)
2024-02-27 21:36:49,079 [d3d377a3-85e1-46ad-98d9-a3196f7db815@group-5E707275756C-LeaderElection9] INFO  grpc.GrpcConfigKeys (ConfUtils.java:logGet(46)) - raft.grpc.server.install_snapshot.request.timeout = 3000ms (default)
2024-02-27 21:36:49,079 [d3d377a3-85e1-46ad-98d9-a3196f7db815@group-5E707275756C-LeaderElection9] INFO  grpc.GrpcConfigKeys (ConfUtils.java:logGet(46)) - raft.grpc.server.log-message.batch.duration = 5s (default)
2024-02-27 21:36:49,079 [d3d377a3-85e1-46ad-98d9-a3196f7db815@group-5E707275756C-LeaderElection9] INFO  server.RaftServerConfigKeys (ConfUtils.java:logGet(46)) - raft.server.log.appender.install.snapshot.enabled = false (custom)
2024-02-27 21:36:49,080 [d3d377a3-85e1-46ad-98d9-a3196f7db815@group-5E707275756C-LeaderElection9] INFO  grpc.GrpcConfigKeys (ConfUtils.java:logGet(46)) - raft.grpc.server.heartbeat.channel = true (default)
2024-02-27 21:36:49,080 [d3d377a3-85e1-46ad-98d9-a3196f7db815@group-5E707275756C-LeaderElection9] INFO  impl.RoleInfo (RoleInfo.java:updateAndGet(139)) - d3d377a3-85e1-46ad-98d9-a3196f7db815: start d3d377a3-85e1-46ad-98d9-a3196f7db815@group-5E707275756C-LeaderStateImpl
2024-02-27 21:36:49,080 [d3d377a3-85e1-46ad-98d9-a3196f7db815@group-5E707275756C-LeaderElection9] INFO  server.RaftServer$Division (RaftServerImpl.java:setFirstElection(574)) - d3d377a3-85e1-46ad-98d9-a3196f7db815@group-5E707275756C: set firstElectionSinceStartup to false for becomeLeader
2024-02-27 21:36:49,080 [d3d377a3-85e1-46ad-98d9-a3196f7db815@group-5E707275756C-LeaderElection9] INFO  ratis.XceiverServerRatis (XceiverServerRatis.java:handleLeaderChangedNotification(966)) - Leader change notification received for group: group-5E707275756C with new leaderId: d3d377a3-85e1-46ad-98d9-a3196f7db815
2024-02-27 21:36:49,081 [d3d377a3-85e1-46ad-98d9-a3196f7db815@group-5E707275756C-LeaderElection9] INFO  server.RaftServer$Division (ServerState.java:setLeader(269)) - d3d377a3-85e1-46ad-98d9-a3196f7db815@group-5E707275756C: change Leader from null to d3d377a3-85e1-46ad-98d9-a3196f7db815 at term 1 for becomeLeader, leader elected after 5241ms
2024-02-27 21:36:49,081 [d3d377a3-85e1-46ad-98d9-a3196f7db815@group-5E707275756C-LeaderElection9] INFO  segmented.SegmentedRaftLogWorker (SegmentedRaftLogWorker.java:startLogSegment(430)) - d3d377a3-85e1-46ad-98d9-a3196f7db815@group-5E707275756C-SegmentedRaftLogWorker: Starting segment from index:0
2024-02-27 21:36:49,083 [EventQueue-PipelineReportForPipelineReportHandler] INFO  pipeline.PipelineReportHandler (PipelineReportHandler.java:processPipelineReport(136)) - Opened pipeline PipelineID=05e9f429-bd2a-4387-ae0a-5e707275756c
2024-02-27 21:36:49,084 [d3d377a3-85e1-46ad-98d9-a3196f7db815@group-5E707275756C-LeaderElection9] INFO  server.RaftServer$Division (ServerState.java:setRaftConf(386)) - d3d377a3-85e1-46ad-98d9-a3196f7db815@group-5E707275756C: set configuration 0: peers:[99aab7c0-d213-4f2c-9146-fe97bea2462a|10.1.0.18:15050, d3d377a3-85e1-46ad-98d9-a3196f7db815|10.1.0.18:15059, 33496502-95c3-4a2e-b72a-a08a7037350f|10.1.0.18:15041]|listeners:[], old=null
2024-02-27 21:36:49,084 [d3d377a3-85e1-46ad-98d9-a3196f7db815@group-5E707275756C-SegmentedRaftLogWorker] INFO  segmented.BufferedWriteChannel (BufferedWriteChannel.java:open(62)) - open log_inprogress_0 at position 0
2024-02-27 21:36:49,092 [d3d377a3-85e1-46ad-98d9-a3196f7db815@group-5E707275756C-SegmentedRaftLogWorker] INFO  segmented.SegmentedRaftLogWorker (SegmentedRaftLogWorker.java:execute(634)) - d3d377a3-85e1-46ad-98d9-a3196f7db815@group-5E707275756C-SegmentedRaftLogWorker: created new log segment /home/runner/work/ozone/ozone/hadoop-ozone/integration-test/target/test-dir/MiniOzoneClusterImpl-377bd28b-19ec-4c3d-8af6-29a7f1113b2b/ozone-meta/datanode-6/ratis/05e9f429-bd2a-4387-ae0a-5e707275756c/current/log_inprogress_0
2024-02-27 21:36:49,102 [33496502-95c3-4a2e-b72a-a08a7037350f-server-thread1] INFO  ratis.XceiverServerRatis (XceiverServerRatis.java:handleLeaderChangedNotification(966)) - Leader change notification received for group: group-5E707275756C with new leaderId: d3d377a3-85e1-46ad-98d9-a3196f7db815
2024-02-27 21:36:49,102 [33496502-95c3-4a2e-b72a-a08a7037350f-server-thread1] INFO  server.RaftServer$Division (ServerState.java:setLeader(269)) - 33496502-95c3-4a2e-b72a-a08a7037350f@group-5E707275756C: change Leader from null to d3d377a3-85e1-46ad-98d9-a3196f7db815 at term 1 for appendEntries, leader elected after 5377ms
2024-02-27 21:36:49,105 [46ce47ac-a134-4cce-ba10-4493b406f4b0@group-5560CD5E8260-FollowerState] INFO  impl.FollowerState (FollowerState.java:run(143)) - 46ce47ac-a134-4cce-ba10-4493b406f4b0@group-5560CD5E8260-FollowerState: change to CANDIDATE, lastRpcElapsedTime:5176803218ns, electionTimeout:5148ms
2024-02-27 21:36:49,105 [46ce47ac-a134-4cce-ba10-4493b406f4b0@group-5560CD5E8260-FollowerState] INFO  impl.RoleInfo (RoleInfo.java:shutdownFollowerState(110)) - 46ce47ac-a134-4cce-ba10-4493b406f4b0: shutdown 46ce47ac-a134-4cce-ba10-4493b406f4b0@group-5560CD5E8260-FollowerState
2024-02-27 21:36:49,105 [46ce47ac-a134-4cce-ba10-4493b406f4b0@group-5560CD5E8260-FollowerState] INFO  server.RaftServer$Division (RaftServerImpl.java:setRole(383)) - 46ce47ac-a134-4cce-ba10-4493b406f4b0@group-5560CD5E8260: changes role from  FOLLOWER to CANDIDATE at term 0 for changeToCandidate
2024-02-27 21:36:49,106 [99aab7c0-d213-4f2c-9146-fe97bea2462a-server-thread1] INFO  ratis.XceiverServerRatis (XceiverServerRatis.java:handleLeaderChangedNotification(966)) - Leader change notification received for group: group-5E707275756C with new leaderId: d3d377a3-85e1-46ad-98d9-a3196f7db815
2024-02-27 21:36:49,106 [99aab7c0-d213-4f2c-9146-fe97bea2462a-server-thread1] INFO  server.RaftServer$Division (ServerState.java:setLeader(269)) - 99aab7c0-d213-4f2c-9146-fe97bea2462a@group-5E707275756C: change Leader from null to d3d377a3-85e1-46ad-98d9-a3196f7db815 at term 1 for appendEntries, leader elected after 5145ms
2024-02-27 21:36:49,116 [46ce47ac-a134-4cce-ba10-4493b406f4b0@group-5560CD5E8260-FollowerState] INFO  server.RaftServerConfigKeys (ConfUtils.java:logGet(46)) - raft.server.leaderelection.pre-vote = true (default)
2024-02-27 21:36:49,116 [46ce47ac-a134-4cce-ba10-4493b406f4b0@group-5560CD5E8260-FollowerState] INFO  impl.RoleInfo (RoleInfo.java:updateAndGet(139)) - 46ce47ac-a134-4cce-ba10-4493b406f4b0: start 46ce47ac-a134-4cce-ba10-4493b406f4b0@group-5560CD5E8260-LeaderElection11
2024-02-27 21:36:49,120 [99aab7c0-d213-4f2c-9146-fe97bea2462a-server-thread2] INFO  server.RaftServer$Division (ServerState.java:setRaftConf(386)) - 99aab7c0-d213-4f2c-9146-fe97bea2462a@group-5E707275756C: set configuration 0: peers:[99aab7c0-d213-4f2c-9146-fe97bea2462a|10.1.0.18:15050, d3d377a3-85e1-46ad-98d9-a3196f7db815|10.1.0.18:15059, 33496502-95c3-4a2e-b72a-a08a7037350f|10.1.0.18:15041]|listeners:[], old=null
2024-02-27 21:36:49,121 [99aab7c0-d213-4f2c-9146-fe97bea2462a-server-thread2] INFO  segmented.SegmentedRaftLogWorker (SegmentedRaftLogWorker.java:startLogSegment(430)) - 99aab7c0-d213-4f2c-9146-fe97bea2462a@group-5E707275756C-SegmentedRaftLogWorker: Starting segment from index:0
2024-02-27 21:36:49,121 [99aab7c0-d213-4f2c-9146-fe97bea2462a@group-5E707275756C-SegmentedRaftLogWorker] INFO  segmented.BufferedWriteChannel (BufferedWriteChannel.java:open(62)) - open log_inprogress_0 at position 0
2024-02-27 21:36:49,121 [46ce47ac-a134-4cce-ba10-4493b406f4b0@group-5560CD5E8260-LeaderElection11] INFO  impl.LeaderElection (LeaderElection.java:askForVotes(321)) - 46ce47ac-a134-4cce-ba10-4493b406f4b0@group-5560CD5E8260-LeaderElection11 PRE_VOTE round 0: submit vote requests at term 0 for -1: peers:[9eee0c4a-241f-4a15-bff1-0522a907ac9b|10.1.0.18:15032, 46ce47ac-a134-4cce-ba10-4493b406f4b0|10.1.0.18:15014, c855f1da-1b31-46a5-a68b-5d36f1d30008|10.1.0.18:15023]|listeners:[], old=null
2024-02-27 21:36:49,124 [main] INFO  pipeline.PipelineManagerImpl (PipelineManagerImpl.java:closePipeline(518)) - Pipeline PipelineID=35114e68-a185-4aa3-ba48-816bf9c79cc5 moved to CLOSED state
2024-02-27 21:36:49,125 [99aab7c0-d213-4f2c-9146-fe97bea2462a@group-26E798755C11-FollowerState] INFO  impl.FollowerState (FollowerState.java:run(143)) - 99aab7c0-d213-4f2c-9146-fe97bea2462a@group-26E798755C11-FollowerState: change to CANDIDATE, lastRpcElapsedTime:5171898686ns, electionTimeout:5167ms
2024-02-27 21:36:49,125 [99aab7c0-d213-4f2c-9146-fe97bea2462a@group-26E798755C11-FollowerState] INFO  impl.RoleInfo (RoleInfo.java:shutdownFollowerState(110)) - 99aab7c0-d213-4f2c-9146-fe97bea2462a: shutdown 99aab7c0-d213-4f2c-9146-fe97bea2462a@group-26E798755C11-FollowerState
2024-02-27 21:36:49,125 [99aab7c0-d213-4f2c-9146-fe97bea2462a@group-26E798755C11-FollowerState] INFO  server.RaftServer$Division (RaftServerImpl.java:setRole(383)) - 99aab7c0-d213-4f2c-9146-fe97bea2462a@group-26E798755C11: changes role from  FOLLOWER to CANDIDATE at term 0 for changeToCandidate
2024-02-27 21:36:49,125 [99aab7c0-d213-4f2c-9146-fe97bea2462a@group-26E798755C11-FollowerState] INFO  server.RaftServerConfigKeys (ConfUtils.java:logGet(46)) - raft.server.leaderelection.pre-vote = true (default)
2024-02-27 21:36:49,125 [99aab7c0-d213-4f2c-9146-fe97bea2462a@group-26E798755C11-FollowerState] INFO  impl.RoleInfo (RoleInfo.java:updateAndGet(139)) - 99aab7c0-d213-4f2c-9146-fe97bea2462a: start 99aab7c0-d213-4f2c-9146-fe97bea2462a@group-26E798755C11-LeaderElection12
2024-02-27 21:36:49,126 [main] INFO  pipeline.PipelineManagerImpl (PipelineManagerImpl.java:closePipeline(518)) - Pipeline PipelineID=05e9f429-bd2a-4387-ae0a-5e707275756c moved to CLOSED state
2024-02-27 21:36:49,128 [33496502-95c3-4a2e-b72a-a08a7037350f-server-thread3] INFO  server.RaftServer$Division (ServerState.java:setRaftConf(386)) - 33496502-95c3-4a2e-b72a-a08a7037350f@group-5E707275756C: set configuration 0: peers:[99aab7c0-d213-4f2c-9146-fe97bea2462a|10.1.0.18:15050, d3d377a3-85e1-46ad-98d9-a3196f7db815|10.1.0.18:15059, 33496502-95c3-4a2e-b72a-a08a7037350f|10.1.0.18:15041]|listeners:[], old=null
2024-02-27 21:36:49,128 [33496502-95c3-4a2e-b72a-a08a7037350f-server-thread3] INFO  segmented.SegmentedRaftLogWorker (SegmentedRaftLogWorker.java:startLogSegment(430)) - 33496502-95c3-4a2e-b72a-a08a7037350f@group-5E707275756C-SegmentedRaftLogWorker: Starting segment from index:0
2024-02-27 21:36:49,129 [33496502-95c3-4a2e-b72a-a08a7037350f@group-5E707275756C-SegmentedRaftLogWorker] INFO  segmented.BufferedWriteChannel (BufferedWriteChannel.java:open(62)) - open log_inprogress_0 at position 0
2024-02-27 21:36:49,130 [99aab7c0-d213-4f2c-9146-fe97bea2462a@group-5E707275756C-SegmentedRaftLogWorker] INFO  segmented.SegmentedRaftLogWorker (SegmentedRaftLogWorker.java:execute(634)) - 99aab7c0-d213-4f2c-9146-fe97bea2462a@group-5E707275756C-SegmentedRaftLogWorker: created new log segment /home/runner/work/ozone/ozone/hadoop-ozone/integration-test/target/test-dir/MiniOzoneClusterImpl-377bd28b-19ec-4c3d-8af6-29a7f1113b2b/ozone-meta/datanode-5/ratis/05e9f429-bd2a-4387-ae0a-5e707275756c/current/log_inprogress_0
2024-02-27 21:36:49,130 [46ce47ac-a134-4cce-ba10-4493b406f4b0@group-5560CD5E8260-LeaderElection11] INFO  server.RaftServerConfigKeys (ConfUtils.java:logFallback(53)) - raft.server.rpc.first-election.timeout.min = 5s (fallback to raft.server.rpc.timeout.min)
2024-02-27 21:36:49,130 [46ce47ac-a134-4cce-ba10-4493b406f4b0@group-5560CD5E8260-LeaderElection11] INFO  server.RaftServerConfigKeys (ConfUtils.java:logFallback(53)) - raft.server.rpc.first-election.timeout.max = 5200ms (fallback to raft.server.rpc.timeout.max)
2024-02-27 21:36:49,136 [grpc-default-executor-4] INFO  server.RaftServer$Division (RaftServerImpl.java:requestVote(1389)) - c855f1da-1b31-46a5-a68b-5d36f1d30008@group-5560CD5E8260: receive requestVote(PRE_VOTE, 46ce47ac-a134-4cce-ba10-4493b406f4b0, group-5560CD5E8260, 0, (t:0, i:0))
2024-02-27 21:36:49,136 [grpc-default-executor-1] INFO  server.RaftServer$Division (RaftServerImpl.java:requestVote(1389)) - 9eee0c4a-241f-4a15-bff1-0522a907ac9b@group-5560CD5E8260: receive requestVote(PRE_VOTE, 46ce47ac-a134-4cce-ba10-4493b406f4b0, group-5560CD5E8260, 0, (t:0, i:0))
2024-02-27 21:36:49,137 [grpc-default-executor-4] INFO  impl.VoteContext (VoteContext.java:log(49)) - c855f1da-1b31-46a5-a68b-5d36f1d30008@group-5560CD5E8260-FOLLOWER: accept PRE_VOTE from 46ce47ac-a134-4cce-ba10-4493b406f4b0: our priority 0 <= candidate's priority 1
2024-02-27 21:36:49,137 [grpc-default-executor-1] INFO  impl.VoteContext (VoteContext.java:log(49)) - 9eee0c4a-241f-4a15-bff1-0522a907ac9b@group-5560CD5E8260-FOLLOWER: accept PRE_VOTE from 46ce47ac-a134-4cce-ba10-4493b406f4b0: our priority 0 <= candidate's priority 1
2024-02-27 21:36:49,137 [grpc-default-executor-4] INFO  server.RaftServer$Division (RaftServerImpl.java:requestVote(1422)) - c855f1da-1b31-46a5-a68b-5d36f1d30008@group-5560CD5E8260 replies to PRE_VOTE vote request: 46ce47ac-a134-4cce-ba10-4493b406f4b0<-c855f1da-1b31-46a5-a68b-5d36f1d30008#0:OK-t0. Peer's state: c855f1da-1b31-46a5-a68b-5d36f1d30008@group-5560CD5E8260:t0, leader=null, voted=, raftlog=Memoized:c855f1da-1b31-46a5-a68b-5d36f1d30008@group-5560CD5E8260-SegmentedRaftLog:OPENED:c-1, conf=-1: peers:[9eee0c4a-241f-4a15-bff1-0522a907ac9b|10.1.0.18:15032, 46ce47ac-a134-4cce-ba10-4493b406f4b0|10.1.0.18:15014, c855f1da-1b31-46a5-a68b-5d36f1d30008|10.1.0.18:15023]|listeners:[], old=null
2024-02-27 21:36:49,137 [grpc-default-executor-1] INFO  server.RaftServer$Division (RaftServerImpl.java:requestVote(1422)) - 9eee0c4a-241f-4a15-bff1-0522a907ac9b@group-5560CD5E8260 replies to PRE_VOTE vote request: 46ce47ac-a134-4cce-ba10-4493b406f4b0<-9eee0c4a-241f-4a15-bff1-0522a907ac9b#0:OK-t0. Peer's state: 9eee0c4a-241f-4a15-bff1-0522a907ac9b@group-5560CD5E8260:t0, leader=null, voted=, raftlog=Memoized:9eee0c4a-241f-4a15-bff1-0522a907ac9b@group-5560CD5E8260-SegmentedRaftLog:OPENED:c-1, conf=-1: peers:[9eee0c4a-241f-4a15-bff1-0522a907ac9b|10.1.0.18:15032, 46ce47ac-a134-4cce-ba10-4493b406f4b0|10.1.0.18:15014, c855f1da-1b31-46a5-a68b-5d36f1d30008|10.1.0.18:15023]|listeners:[], old=null
2024-02-27 21:36:49,139 [46ce47ac-a134-4cce-ba10-4493b406f4b0@group-5560CD5E8260-LeaderElection11] INFO  impl.LeaderElection (LeaderElection.java:logAndReturn(89)) - 46ce47ac-a134-4cce-ba10-4493b406f4b0@group-5560CD5E8260-LeaderElection11: PRE_VOTE PASSED received 1 response(s) and 0 exception(s):
2024-02-27 21:36:49,140 [46ce47ac-a134-4cce-ba10-4493b406f4b0@group-5560CD5E8260-LeaderElection11] INFO  impl.LeaderElection (LeaderElection.java:logAndReturn(93)) -   Response 0: 46ce47ac-a134-4cce-ba10-4493b406f4b0<-c855f1da-1b31-46a5-a68b-5d36f1d30008#0:OK-t0
2024-02-27 21:36:49,140 [46ce47ac-a134-4cce-ba10-4493b406f4b0@group-5560CD5E8260-LeaderElection11] INFO  impl.LeaderElection (LeaderElection.java:askForVotes(323)) - 46ce47ac-a134-4cce-ba10-4493b406f4b0@group-5560CD5E8260-LeaderElection11 PRE_VOTE round 0: result PASSED
2024-02-27 21:36:49,141 [33496502-95c3-4a2e-b72a-a08a7037350f@group-5E707275756C-SegmentedRaftLogWorker] INFO  segmented.SegmentedRaftLogWorker (SegmentedRaftLogWorker.java:execute(634)) - 33496502-95c3-4a2e-b72a-a08a7037350f@group-5E707275756C-SegmentedRaftLogWorker: created new log segment /home/runner/work/ozone/ozone/hadoop-ozone/integration-test/target/test-dir/MiniOzoneClusterImpl-377bd28b-19ec-4c3d-8af6-29a7f1113b2b/ozone-meta/datanode-4/ratis/05e9f429-bd2a-4387-ae0a-5e707275756c/current/log_inprogress_0
2024-02-27 21:36:49,141 [d3d377a3-85e1-46ad-98d9-a3196f7db815@group-5E707275756C-StateMachineUpdater] INFO  server.RaftServer$Division (LeaderStateImpl.java:isApplied(320)) - leader is ready since appliedIndex == 0 >= startIndex == 0
2024-02-27 21:36:49,142 [46ce47ac-a134-4cce-ba10-4493b406f4b0@group-5560CD5E8260-LeaderElection11] INFO  impl.LeaderElection (LeaderElection.java:askForVotes(321)) - 46ce47ac-a134-4cce-ba10-4493b406f4b0@group-5560CD5E8260-LeaderElection11 ELECTION round 0: submit vote requests at term 1 for -1: peers:[9eee0c4a-241f-4a15-bff1-0522a907ac9b|10.1.0.18:15032, 46ce47ac-a134-4cce-ba10-4493b406f4b0|10.1.0.18:15014, c855f1da-1b31-46a5-a68b-5d36f1d30008|10.1.0.18:15023]|listeners:[], old=null
2024-02-27 21:36:49,143 [46ce47ac-a134-4cce-ba10-4493b406f4b0@group-5560CD5E8260-LeaderElection11] INFO  server.RaftServerConfigKeys (ConfUtils.java:logFallback(53)) - raft.server.rpc.first-election.timeout.min = 5s (fallback to raft.server.rpc.timeout.min)
2024-02-27 21:36:49,143 [46ce47ac-a134-4cce-ba10-4493b406f4b0@group-5560CD5E8260-LeaderElection11] INFO  server.RaftServerConfigKeys (ConfUtils.java:logFallback(53)) - raft.server.rpc.first-election.timeout.max = 5200ms (fallback to raft.server.rpc.timeout.max)
2024-02-27 21:36:49,147 [99aab7c0-d213-4f2c-9146-fe97bea2462a@group-26E798755C11-LeaderElection12] INFO  impl.LeaderElection (LeaderElection.java:askForVotes(321)) - 99aab7c0-d213-4f2c-9146-fe97bea2462a@group-26E798755C11-LeaderElection12 PRE_VOTE round 0: submit vote requests at term 0 for -1: peers:[99aab7c0-d213-4f2c-9146-fe97bea2462a|10.1.0.18:15050]|listeners:[], old=null
2024-02-27 21:36:49,148 [grpc-default-executor-1] INFO  server.RaftServer$Division (RaftServerImpl.java:requestVote(1389)) - c855f1da-1b31-46a5-a68b-5d36f1d30008@group-5560CD5E8260: receive requestVote(ELECTION, 46ce47ac-a134-4cce-ba10-4493b406f4b0, group-5560CD5E8260, 1, (t:0, i:0))
2024-02-27 21:36:49,149 [grpc-default-executor-1] INFO  impl.VoteContext (VoteContext.java:log(49)) - c855f1da-1b31-46a5-a68b-5d36f1d30008@group-5560CD5E8260-FOLLOWER: accept ELECTION from 46ce47ac-a134-4cce-ba10-4493b406f4b0: our priority 0 <= candidate's priority 1
2024-02-27 21:36:49,149 [grpc-default-executor-1] INFO  server.RaftServer$Division (RaftServerImpl.java:setRole(383)) - c855f1da-1b31-46a5-a68b-5d36f1d30008@group-5560CD5E8260: changes role from  FOLLOWER to FOLLOWER at term 1 for candidate:46ce47ac-a134-4cce-ba10-4493b406f4b0
2024-02-27 21:36:49,149 [grpc-default-executor-1] INFO  impl.RoleInfo (RoleInfo.java:shutdownFollowerState(110)) - c855f1da-1b31-46a5-a68b-5d36f1d30008: shutdown c855f1da-1b31-46a5-a68b-5d36f1d30008@group-5560CD5E8260-FollowerState
2024-02-27 21:36:49,149 [grpc-default-executor-1] INFO  impl.RoleInfo (RoleInfo.java:updateAndGet(139)) - c855f1da-1b31-46a5-a68b-5d36f1d30008: start c855f1da-1b31-46a5-a68b-5d36f1d30008@group-5560CD5E8260-FollowerState
2024-02-27 21:36:49,149 [c855f1da-1b31-46a5-a68b-5d36f1d30008@group-5560CD5E8260-FollowerState] INFO  impl.FollowerState (FollowerState.java:run(152)) - c855f1da-1b31-46a5-a68b-5d36f1d30008@group-5560CD5E8260-FollowerState was interrupted
2024-02-27 21:36:49,148 [99aab7c0-d213-4f2c-9146-fe97bea2462a@group-26E798755C11-LeaderElection12] INFO  impl.LeaderElection (LeaderElection.java:askForVotes(323)) - 99aab7c0-d213-4f2c-9146-fe97bea2462a@group-26E798755C11-LeaderElection12 PRE_VOTE round 0: result PASSED (term=0)
2024-02-27 21:36:49,150 [grpc-default-executor-1] INFO  server.RaftServer$Division (RaftServerImpl.java:setFirstElection(574)) - c855f1da-1b31-46a5-a68b-5d36f1d30008@group-5560CD5E8260: set firstElectionSinceStartup to false for candidate:46ce47ac-a134-4cce-ba10-4493b406f4b0
2024-02-27 21:36:49,152 [grpc-default-executor-1] INFO  server.RaftServer$Division (RaftServerImpl.java:requestVote(1422)) - c855f1da-1b31-46a5-a68b-5d36f1d30008@group-5560CD5E8260 replies to ELECTION vote request: 46ce47ac-a134-4cce-ba10-4493b406f4b0<-c855f1da-1b31-46a5-a68b-5d36f1d30008#0:OK-t1. Peer's state: c855f1da-1b31-46a5-a68b-5d36f1d30008@group-5560CD5E8260:t1, leader=null, voted=46ce47ac-a134-4cce-ba10-4493b406f4b0, raftlog=Memoized:c855f1da-1b31-46a5-a68b-5d36f1d30008@group-5560CD5E8260-SegmentedRaftLog:OPENED:c-1, conf=-1: peers:[9eee0c4a-241f-4a15-bff1-0522a907ac9b|10.1.0.18:15032, 46ce47ac-a134-4cce-ba10-4493b406f4b0|10.1.0.18:15014, c855f1da-1b31-46a5-a68b-5d36f1d30008|10.1.0.18:15023]|listeners:[], old=null
2024-02-27 21:36:49,152 [grpc-default-executor-4] INFO  server.RaftServer$Division (RaftServerImpl.java:requestVote(1389)) - 9eee0c4a-241f-4a15-bff1-0522a907ac9b@group-5560CD5E8260: receive requestVote(ELECTION, 46ce47ac-a134-4cce-ba10-4493b406f4b0, group-5560CD5E8260, 1, (t:0, i:0))
2024-02-27 21:36:49,152 [grpc-default-executor-4] INFO  impl.VoteContext (VoteContext.java:log(49)) - 9eee0c4a-241f-4a15-bff1-0522a907ac9b@group-5560CD5E8260-FOLLOWER: accept ELECTION from 46ce47ac-a134-4cce-ba10-4493b406f4b0: our priority 0 <= candidate's priority 1
2024-02-27 21:36:49,152 [grpc-default-executor-4] INFO  server.RaftServer$Division (RaftServerImpl.java:setRole(383)) - 9eee0c4a-241f-4a15-bff1-0522a907ac9b@group-5560CD5E8260: changes role from  FOLLOWER to FOLLOWER at term 1 for candidate:46ce47ac-a134-4cce-ba10-4493b406f4b0
2024-02-27 21:36:49,152 [grpc-default-executor-4] INFO  impl.RoleInfo (RoleInfo.java:shutdownFollowerState(110)) - 9eee0c4a-241f-4a15-bff1-0522a907ac9b: shutdown 9eee0c4a-241f-4a15-bff1-0522a907ac9b@group-5560CD5E8260-FollowerState
2024-02-27 21:36:49,152 [grpc-default-executor-4] INFO  impl.RoleInfo (RoleInfo.java:updateAndGet(139)) - 9eee0c4a-241f-4a15-bff1-0522a907ac9b: start 9eee0c4a-241f-4a15-bff1-0522a907ac9b@group-5560CD5E8260-FollowerState
2024-02-27 21:36:49,152 [9eee0c4a-241f-4a15-bff1-0522a907ac9b@group-5560CD5E8260-FollowerState] INFO  impl.FollowerState (FollowerState.java:run(152)) - 9eee0c4a-241f-4a15-bff1-0522a907ac9b@group-5560CD5E8260-FollowerState was interrupted
2024-02-27 21:36:49,152 [99aab7c0-d213-4f2c-9146-fe97bea2462a@group-26E798755C11-LeaderElection12] INFO  impl.LeaderElection (LeaderElection.java:askForVotes(321)) - 99aab7c0-d213-4f2c-9146-fe97bea2462a@group-26E798755C11-LeaderElection12 ELECTION round 0: submit vote requests at term 1 for -1: peers:[99aab7c0-d213-4f2c-9146-fe97bea2462a|10.1.0.18:15050]|listeners:[], old=null
2024-02-27 21:36:49,152 [99aab7c0-d213-4f2c-9146-fe97bea2462a@group-26E798755C11-LeaderElection12] INFO  impl.LeaderElection (LeaderElection.java:askForVotes(323)) - 99aab7c0-d213-4f2c-9146-fe97bea2462a@group-26E798755C11-LeaderElection12 ELECTION round 0: result PASSED (term=1)
2024-02-27 21:36:49,152 [99aab7c0-d213-4f2c-9146-fe97bea2462a@group-26E798755C11-LeaderElection12] INFO  impl.RoleInfo (RoleInfo.java:shutdownLeaderElection(130)) - 99aab7c0-d213-4f2c-9146-fe97bea2462a: shutdown 99aab7c0-d213-4f2c-9146-fe97bea2462a@group-26E798755C11-LeaderElection12
2024-02-27 21:36:49,153 [99aab7c0-d213-4f2c-9146-fe97bea2462a@group-26E798755C11-LeaderElection12] INFO  server.RaftServer$Division (RaftServerImpl.java:setRole(383)) - 99aab7c0-d213-4f2c-9146-fe97bea2462a@group-26E798755C11: changes role from CANDIDATE to LEADER at term 1 for changeToLeader
2024-02-27 21:36:49,153 [99aab7c0-d213-4f2c-9146-fe97bea2462a@group-26E798755C11-LeaderElection12] INFO  server.RaftServerConfigKeys (ConfUtils.java:logGet(46)) - raft.server.staging.catchup.gap = 1000 (default)
2024-02-27 21:36:49,155 [grpc-default-executor-4] INFO  server.RaftServer$Division (RaftServerImpl.java:requestVote(1422)) - 9eee0c4a-241f-4a15-bff1-0522a907ac9b@group-5560CD5E8260 replies to ELECTION vote request: 46ce47ac-a134-4cce-ba10-4493b406f4b0<-9eee0c4a-241f-4a15-bff1-0522a907ac9b#0:OK-t1. Peer's state: 9eee0c4a-241f-4a15-bff1-0522a907ac9b@group-5560CD5E8260:t1, leader=null, voted=46ce47ac-a134-4cce-ba10-4493b406f4b0, raftlog=Memoized:9eee0c4a-241f-4a15-bff1-0522a907ac9b@group-5560CD5E8260-SegmentedRaftLog:OPENED:c-1, conf=-1: peers:[9eee0c4a-241f-4a15-bff1-0522a907ac9b|10.1.0.18:15032, 46ce47ac-a134-4cce-ba10-4493b406f4b0|10.1.0.18:15014, c855f1da-1b31-46a5-a68b-5d36f1d30008|10.1.0.18:15023]|listeners:[], old=null
2024-02-27 21:36:49,155 [99aab7c0-d213-4f2c-9146-fe97bea2462a@group-26E798755C11-LeaderElection12] INFO  server.RaftServerConfigKeys (ConfUtils.java:logGet(46)) - raft.server.write.element-limit = 1024 (custom)
2024-02-27 21:36:49,156 [46ce47ac-a134-4cce-ba10-4493b406f4b0@group-5560CD5E8260-LeaderElection11] INFO  impl.LeaderElection (LeaderElection.java:logAndReturn(89)) - 46ce47ac-a134-4cce-ba10-4493b406f4b0@group-5560CD5E8260-LeaderElection11: ELECTION PASSED received 1 response(s) and 0 exception(s):
2024-02-27 21:36:49,156 [46ce47ac-a134-4cce-ba10-4493b406f4b0@group-5560CD5E8260-LeaderElection11] INFO  impl.LeaderElection (LeaderElection.java:logAndReturn(93)) -   Response 0: 46ce47ac-a134-4cce-ba10-4493b406f4b0<-c855f1da-1b31-46a5-a68b-5d36f1d30008#0:OK-t1
2024-02-27 21:36:49,156 [46ce47ac-a134-4cce-ba10-4493b406f4b0@group-5560CD5E8260-LeaderElection11] INFO  impl.LeaderElection (LeaderElection.java:askForVotes(323)) - 46ce47ac-a134-4cce-ba10-4493b406f4b0@group-5560CD5E8260-LeaderElection11 ELECTION round 0: result PASSED
2024-02-27 21:36:49,156 [46ce47ac-a134-4cce-ba10-4493b406f4b0@group-5560CD5E8260-LeaderElection11] INFO  impl.RoleInfo (RoleInfo.java:shutdownLeaderElection(130)) - 46ce47ac-a134-4cce-ba10-4493b406f4b0: shutdown 46ce47ac-a134-4cce-ba10-4493b406f4b0@group-5560CD5E8260-LeaderElection11
2024-02-27 21:36:49,156 [46ce47ac-a134-4cce-ba10-4493b406f4b0@group-5560CD5E8260-LeaderElection11] INFO  server.RaftServer$Division (RaftServerImpl.java:setRole(383)) - 46ce47ac-a134-4cce-ba10-4493b406f4b0@group-5560CD5E8260: changes role from CANDIDATE to LEADER at term 1 for changeToLeader
2024-02-27 21:36:49,156 [46ce47ac-a134-4cce-ba10-4493b406f4b0@group-5560CD5E8260-LeaderElection11] INFO  server.RaftServerConfigKeys (ConfUtils.java:logGet(46)) - raft.server.staging.catchup.gap = 1000 (default)
2024-02-27 21:36:49,156 [46ce47ac-a134-4cce-ba10-4493b406f4b0@group-5560CD5E8260-LeaderElection11] INFO  server.RaftServerConfigKeys (ConfUtils.java:logGet(46)) - raft.server.write.element-limit = 1024 (custom)
2024-02-27 21:36:49,156 [46ce47ac-a134-4cce-ba10-4493b406f4b0@group-5560CD5E8260-LeaderElection11] INFO  server.RaftServerConfigKeys (ConfUtils.java:logGet(46)) - raft.server.write.byte-limit = 1024 M (=1073741824) (custom)
2024-02-27 21:36:49,157 [46ce47ac-a134-4cce-ba10-4493b406f4b0@group-5560CD5E8260-LeaderElection11] INFO  server.RaftServerConfigKeys (ConfUtils.java:logGet(46)) - raft.server.watch.timeout = 180s (custom)
2024-02-27 21:36:49,157 [46ce47ac-a134-4cce-ba10-4493b406f4b0@group-5560CD5E8260-LeaderElection11] INFO  server.RaftServerConfigKeys (ConfUtils.java:logGet(46)) - raft.server.watch.timeout.denomination = 1s (default)
2024-02-27 21:36:49,157 [46ce47ac-a134-4cce-ba10-4493b406f4b0@group-5560CD5E8260-LeaderElection11] INFO  server.RaftServerConfigKeys (ConfUtils.java:logGet(46)) - raft.server.watch.element-limit = 65536 (default)
2024-02-27 21:36:49,157 [46ce47ac-a134-4cce-ba10-4493b406f4b0@group-5560CD5E8260-LeaderElection11] INFO  server.RaftServerConfigKeys (ConfUtils.java:logGet(46)) - raft.server.read.leader.lease.enabled = false (default)
2024-02-27 21:36:49,157 [46ce47ac-a134-4cce-ba10-4493b406f4b0@group-5560CD5E8260-LeaderElection11] INFO  server.RaftServerConfigKeys (ConfUtils.java:logGet(46)) - raft.server.read.leader.lease.timeout.ratio = 0.9 (default)
2024-02-27 21:36:49,157 [46ce47ac-a134-4cce-ba10-4493b406f4b0@group-5560CD5E8260-LeaderElection11] INFO  server.RaftServerConfigKeys (ConfUtils.java:logGet(46)) - raft.server.rpc.timeout.min = 5s (custom)
2024-02-27 21:36:49,157 [46ce47ac-a134-4cce-ba10-4493b406f4b0@group-5560CD5E8260-LeaderElection11] INFO  server.RaftServerConfigKeys (ConfUtils.java:logGet(46)) - raft.server.write.element-limit = 1024 (custom)
2024-02-27 21:36:49,157 [46ce47ac-a134-4cce-ba10-4493b406f4b0@group-5560CD5E8260-LeaderElection11] INFO  server.RaftServerConfigKeys (ConfUtils.java:logGet(46)) - raft.server.write.follower.gap.ratio.max = -1.0 (default)
2024-02-27 21:36:49,158 [46ce47ac-a134-4cce-ba10-4493b406f4b0@group-5560CD5E8260-LeaderElection11] INFO  server.RaftServerConfigKeys (ConfUtils.java:logGet(46)) - raft.server.log.appender.snapshot.chunk.size.max = 16MB (=16777216) (default)
2024-02-27 21:36:49,158 [46ce47ac-a134-4cce-ba10-4493b406f4b0@group-5560CD5E8260-LeaderElection11] INFO  server.RaftServerConfigKeys (ConfUtils.java:logGet(46)) - raft.server.log.appender.buffer.byte-limit = 8388608 (custom)
2024-02-27 21:36:49,158 [46ce47ac-a134-4cce-ba10-4493b406f4b0@group-5560CD5E8260-LeaderElection11] INFO  server.RaftServerConfigKeys (ConfUtils.java:logGet(46)) - raft.server.log.appender.buffer.element-limit = 1 (custom)
2024-02-27 21:36:49,159 [46ce47ac-a134-4cce-ba10-4493b406f4b0@group-5560CD5E8260-LeaderElection11] INFO  server.RaftServerConfigKeys (ConfUtils.java:logGet(46)) - raft.server.log.appender.wait-time.min = 0μs (custom)
2024-02-27 21:36:49,159 [46ce47ac-a134-4cce-ba10-4493b406f4b0@group-5560CD5E8260-LeaderElection11] INFO  grpc.GrpcConfigKeys (ConfUtils.java:logGet(46)) - raft.grpc.server.leader.outstanding.appends.max = 8 (default)
2024-02-27 21:36:49,159 [46ce47ac-a134-4cce-ba10-4493b406f4b0@group-5560CD5E8260-LeaderElection11] INFO  server.RaftServerConfigKeys (ConfUtils.java:logGet(46)) - raft.server.rpc.request.timeout = 60s (custom)
2024-02-27 21:36:49,159 [46ce47ac-a134-4cce-ba10-4493b406f4b0@group-5560CD5E8260-LeaderElection11] INFO  grpc.GrpcConfigKeys (ConfUtils.java:logGet(46)) - raft.grpc.server.install_snapshot.request.element-limit = 8 (default)
2024-02-27 21:36:49,159 [46ce47ac-a134-4cce-ba10-4493b406f4b0@group-5560CD5E8260-LeaderElection11] INFO  grpc.GrpcConfigKeys (ConfUtils.java:logGet(46)) - raft.grpc.server.install_snapshot.request.timeout = 3000ms (default)
2024-02-27 21:36:49,159 [46ce47ac-a134-4cce-ba10-4493b406f4b0@group-5560CD5E8260-LeaderElection11] INFO  grpc.GrpcConfigKeys (ConfUtils.java:logGet(46)) - raft.grpc.server.log-message.batch.duration = 5s (default)
2024-02-27 21:36:49,159 [46ce47ac-a134-4cce-ba10-4493b406f4b0@group-5560CD5E8260-LeaderElection11] INFO  server.RaftServerConfigKeys (ConfUtils.java:logGet(46)) - raft.server.log.appender.install.snapshot.enabled = false (custom)
2024-02-27 21:36:49,159 [46ce47ac-a134-4cce-ba10-4493b406f4b0@group-5560CD5E8260-LeaderElection11] INFO  grpc.GrpcConfigKeys (ConfUtils.java:logGet(46)) - raft.grpc.server.heartbeat.channel = true (default)
2024-02-27 21:36:49,161 [46ce47ac-a134-4cce-ba10-4493b406f4b0@group-5560CD5E8260-LeaderElection11] INFO  server.RaftServerConfigKeys (ConfUtils.java:logGet(46)) - raft.server.log.appender.snapshot.chunk.size.max = 16MB (=16777216) (default)
2024-02-27 21:36:49,161 [46ce47ac-a134-4cce-ba10-4493b406f4b0@group-5560CD5E8260-LeaderElection11] INFO  server.RaftServerConfigKeys (ConfUtils.java:logGet(46)) - raft.server.log.appender.buffer.byte-limit = 8388608 (custom)
2024-02-27 21:36:49,161 [46ce47ac-a134-4cce-ba10-4493b406f4b0@group-5560CD5E8260-LeaderElection11] INFO  server.RaftServerConfigKeys (ConfUtils.java:logGet(46)) - raft.server.log.appender.buffer.element-limit = 1 (custom)
2024-02-27 21:36:49,161 [46ce47ac-a134-4cce-ba10-4493b406f4b0@group-5560CD5E8260-LeaderElection11] INFO  server.RaftServerConfigKeys (ConfUtils.java:logGet(46)) - raft.server.log.appender.wait-time.min = 0μs (custom)
2024-02-27 21:36:49,162 [46ce47ac-a134-4cce-ba10-4493b406f4b0@group-5560CD5E8260-LeaderElection11] INFO  grpc.GrpcConfigKeys (ConfUtils.java:logGet(46)) - raft.grpc.server.leader.outstanding.appends.max = 8 (default)
2024-02-27 21:36:49,162 [46ce47ac-a134-4cce-ba10-4493b406f4b0@group-5560CD5E8260-LeaderElection11] INFO  server.RaftServerConfigKeys (ConfUtils.java:logGet(46)) - raft.server.rpc.request.timeout = 60s (custom)
2024-02-27 21:36:49,162 [46ce47ac-a134-4cce-ba10-4493b406f4b0@group-5560CD5E8260-LeaderElection11] INFO  grpc.GrpcConfigKeys (ConfUtils.java:logGet(46)) - raft.grpc.server.install_snapshot.request.element-limit = 8 (default)
2024-02-27 21:36:49,162 [46ce47ac-a134-4cce-ba10-4493b406f4b0@group-5560CD5E8260-LeaderElection11] INFO  grpc.GrpcConfigKeys (ConfUtils.java:logGet(46)) - raft.grpc.server.install_snapshot.request.timeout = 3000ms (default)
2024-02-27 21:36:49,162 [46ce47ac-a134-4cce-ba10-4493b406f4b0@group-5560CD5E8260-LeaderElection11] INFO  grpc.GrpcConfigKeys (ConfUtils.java:logGet(46)) - raft.grpc.server.log-message.batch.duration = 5s (default)
2024-02-27 21:36:49,163 [46ce47ac-a134-4cce-ba10-4493b406f4b0@group-5560CD5E8260-LeaderElection11] INFO  server.RaftServerConfigKeys (ConfUtils.java:logGet(46)) - raft.server.log.appender.install.snapshot.enabled = false (custom)
2024-02-27 21:36:49,163 [46ce47ac-a134-4cce-ba10-4493b406f4b0@group-5560CD5E8260-LeaderElection11] INFO  grpc.GrpcConfigKeys (ConfUtils.java:logGet(46)) - raft.grpc.server.heartbeat.channel = true (default)
2024-02-27 21:36:49,163 [46ce47ac-a134-4cce-ba10-4493b406f4b0@group-5560CD5E8260-LeaderElection11] INFO  impl.RoleInfo (RoleInfo.java:updateAndGet(139)) - 46ce47ac-a134-4cce-ba10-4493b406f4b0: start 46ce47ac-a134-4cce-ba10-4493b406f4b0@group-5560CD5E8260-LeaderStateImpl
2024-02-27 21:36:49,163 [46ce47ac-a134-4cce-ba10-4493b406f4b0@group-5560CD5E8260-LeaderElection11] INFO  server.RaftServer$Division (RaftServerImpl.java:setFirstElection(574)) - 46ce47ac-a134-4cce-ba10-4493b406f4b0@group-5560CD5E8260: set firstElectionSinceStartup to false for becomeLeader
2024-02-27 21:36:49,163 [46ce47ac-a134-4cce-ba10-4493b406f4b0@group-5560CD5E8260-LeaderElection11] INFO  ratis.XceiverServerRatis (XceiverServerRatis.java:handleLeaderChangedNotification(966)) - Leader change notification received for group: group-5560CD5E8260 with new leaderId: 46ce47ac-a134-4cce-ba10-4493b406f4b0
2024-02-27 21:36:49,161 [99aab7c0-d213-4f2c-9146-fe97bea2462a@group-26E798755C11-LeaderElection12] INFO  server.RaftServerConfigKeys (ConfUtils.java:logGet(46)) - raft.server.write.byte-limit = 1024 M (=1073741824) (custom)
2024-02-27 21:36:49,164 [99aab7c0-d213-4f2c-9146-fe97bea2462a@group-26E798755C11-LeaderElection12] INFO  server.RaftServerConfigKeys (ConfUtils.java:logGet(46)) - raft.server.watch.timeout = 180s (custom)
2024-02-27 21:36:49,164 [99aab7c0-d213-4f2c-9146-fe97bea2462a@group-26E798755C11-LeaderElection12] INFO  server.RaftServerConfigKeys (ConfUtils.java:logGet(46)) - raft.server.watch.timeout.denomination = 1s (default)
2024-02-27 21:36:49,164 [99aab7c0-d213-4f2c-9146-fe97bea2462a@group-26E798755C11-LeaderElection12] INFO  server.RaftServerConfigKeys (ConfUtils.java:logGet(46)) - raft.server.watch.element-limit = 65536 (default)
2024-02-27 21:36:49,164 [99aab7c0-d213-4f2c-9146-fe97bea2462a@group-26E798755C11-LeaderElection12] INFO  server.RaftServerConfigKeys (ConfUtils.java:logGet(46)) - raft.server.read.leader.lease.enabled = false (default)
2024-02-27 21:36:49,165 [99aab7c0-d213-4f2c-9146-fe97bea2462a@group-26E798755C11-LeaderElection12] INFO  server.RaftServerConfigKeys (ConfUtils.java:logGet(46)) - raft.server.read.leader.lease.timeout.ratio = 0.9 (default)
2024-02-27 21:36:49,165 [99aab7c0-d213-4f2c-9146-fe97bea2462a@group-26E798755C11-LeaderElection12] INFO  server.RaftServerConfigKeys (ConfUtils.java:logGet(46)) - raft.server.rpc.timeout.min = 5s (custom)
2024-02-27 21:36:49,165 [99aab7c0-d213-4f2c-9146-fe97bea2462a@group-26E798755C11-LeaderElection12] INFO  server.RaftServerConfigKeys (ConfUtils.java:logGet(46)) - raft.server.write.element-limit = 1024 (custom)
2024-02-27 21:36:49,165 [99aab7c0-d213-4f2c-9146-fe97bea2462a@group-26E798755C11-LeaderElection12] INFO  server.RaftServerConfigKeys (ConfUtils.java:logGet(46)) - raft.server.write.follower.gap.ratio.max = -1.0 (default)
2024-02-27 21:36:49,165 [99aab7c0-d213-4f2c-9146-fe97bea2462a@group-26E798755C11-LeaderElection12] INFO  impl.RoleInfo (RoleInfo.java:updateAndGet(139)) - 99aab7c0-d213-4f2c-9146-fe97bea2462a: start 99aab7c0-d213-4f2c-9146-fe97bea2462a@group-26E798755C11-LeaderStateImpl
2024-02-27 21:36:49,165 [99aab7c0-d213-4f2c-9146-fe97bea2462a@group-26E798755C11-LeaderElection12] INFO  server.RaftServer$Division (RaftServerImpl.java:setFirstElection(574)) - 99aab7c0-d213-4f2c-9146-fe97bea2462a@group-26E798755C11: set firstElectionSinceStartup to false for becomeLeader
2024-02-27 21:36:49,165 [99aab7c0-d213-4f2c-9146-fe97bea2462a@group-26E798755C11-LeaderElection12] INFO  ratis.XceiverServerRatis (XceiverServerRatis.java:handleLeaderChangedNotification(966)) - Leader change notification received for group: group-26E798755C11 with new leaderId: 99aab7c0-d213-4f2c-9146-fe97bea2462a
2024-02-27 21:36:49,166 [46ce47ac-a134-4cce-ba10-4493b406f4b0@group-5560CD5E8260-LeaderElection11] INFO  server.RaftServer$Division (ServerState.java:setLeader(269)) - 46ce47ac-a134-4cce-ba10-4493b406f4b0@group-5560CD5E8260: change Leader from null to 46ce47ac-a134-4cce-ba10-4493b406f4b0 at term 1 for becomeLeader, leader elected after 5317ms
2024-02-27 21:36:49,166 [46ce47ac-a134-4cce-ba10-4493b406f4b0@group-5560CD5E8260-LeaderElection11] INFO  segmented.SegmentedRaftLogWorker (SegmentedRaftLogWorker.java:startLogSegment(430)) - 46ce47ac-a134-4cce-ba10-4493b406f4b0@group-5560CD5E8260-SegmentedRaftLogWorker: Starting segment from index:0
2024-02-27 21:36:49,166 [99aab7c0-d213-4f2c-9146-fe97bea2462a@group-26E798755C11-LeaderElection12] INFO  server.RaftServer$Division (ServerState.java:setLeader(269)) - 99aab7c0-d213-4f2c-9146-fe97bea2462a@group-26E798755C11: change Leader from null to 99aab7c0-d213-4f2c-9146-fe97bea2462a at term 1 for becomeLeader, leader elected after 5291ms
2024-02-27 21:36:49,166 [46ce47ac-a134-4cce-ba10-4493b406f4b0@group-5560CD5E8260-SegmentedRaftLogWorker] INFO  segmented.BufferedWriteChannel (BufferedWriteChannel.java:open(62)) - open log_inprogress_0 at position 0
2024-02-27 21:36:49,167 [99aab7c0-d213-4f2c-9146-fe97bea2462a@group-26E798755C11-LeaderElection12] INFO  segmented.SegmentedRaftLogWorker (SegmentedRaftLogWorker.java:startLogSegment(430)) - 99aab7c0-d213-4f2c-9146-fe97bea2462a@group-26E798755C11-SegmentedRaftLogWorker: Starting segment from index:0
2024-02-27 21:36:49,167 [99aab7c0-d213-4f2c-9146-fe97bea2462a@group-26E798755C11-SegmentedRaftLogWorker] INFO  segmented.BufferedWriteChannel (BufferedWriteChannel.java:open(62)) - open log_inprogress_0 at position 0
2024-02-27 21:36:49,170 [EventQueue-PipelineReportForPipelineReportHandler] INFO  pipeline.PipelineReportHandler (PipelineReportHandler.java:processPipelineReport(136)) - Opened pipeline PipelineID=a6c55939-43ae-4b67-aa53-5560cd5e8260
2024-02-27 21:36:49,172 [46ce47ac-a134-4cce-ba10-4493b406f4b0@group-5560CD5E8260-LeaderElection11] INFO  server.RaftServer$Division (ServerState.java:setRaftConf(386)) - 46ce47ac-a134-4cce-ba10-4493b406f4b0@group-5560CD5E8260: set configuration 0: peers:[9eee0c4a-241f-4a15-bff1-0522a907ac9b|10.1.0.18:15032, 46ce47ac-a134-4cce-ba10-4493b406f4b0|10.1.0.18:15014, c855f1da-1b31-46a5-a68b-5d36f1d30008|10.1.0.18:15023]|listeners:[], old=null
2024-02-27 21:36:49,172 [99aab7c0-d213-4f2c-9146-fe97bea2462a@group-26E798755C11-LeaderElection12] INFO  server.RaftServer$Division (ServerState.java:setRaftConf(386)) - 99aab7c0-d213-4f2c-9146-fe97bea2462a@group-26E798755C11: set configuration 0: peers:[99aab7c0-d213-4f2c-9146-fe97bea2462a|10.1.0.18:15050]|listeners:[], old=null
2024-02-27 21:36:49,179 [99aab7c0-d213-4f2c-9146-fe97bea2462a@group-26E798755C11-SegmentedRaftLogWorker] INFO  segmented.SegmentedRaftLogWorker (SegmentedRaftLogWorker.java:execute(634)) - 99aab7c0-d213-4f2c-9146-fe97bea2462a@group-26E798755C11-SegmentedRaftLogWorker: created new log segment /home/runner/work/ozone/ozone/hadoop-ozone/integration-test/target/test-dir/MiniOzoneClusterImpl-377bd28b-19ec-4c3d-8af6-29a7f1113b2b/ozone-meta/datanode-5/ratis/60b12896-32bf-404d-9c65-26e798755c11/current/log_inprogress_0
2024-02-27 21:36:49,179 [46ce47ac-a134-4cce-ba10-4493b406f4b0@group-5560CD5E8260-SegmentedRaftLogWorker] INFO  segmented.SegmentedRaftLogWorker (SegmentedRaftLogWorker.java:execute(634)) - 46ce47ac-a134-4cce-ba10-4493b406f4b0@group-5560CD5E8260-SegmentedRaftLogWorker: created new log segment /home/runner/work/ozone/ozone/hadoop-ozone/integration-test/target/test-dir/MiniOzoneClusterImpl-377bd28b-19ec-4c3d-8af6-29a7f1113b2b/ozone-meta/datanode-1/ratis/a6c55939-43ae-4b67-aa53-5560cd5e8260/current/log_inprogress_0
2024-02-27 21:36:49,193 [9eee0c4a-241f-4a15-bff1-0522a907ac9b-server-thread1] INFO  ratis.XceiverServerRatis (XceiverServerRatis.java:handleLeaderChangedNotification(966)) - Leader change notification received for group: group-5560CD5E8260 with new leaderId: 46ce47ac-a134-4cce-ba10-4493b406f4b0
2024-02-27 21:36:49,194 [9eee0c4a-241f-4a15-bff1-0522a907ac9b-server-thread1] INFO  server.RaftServer$Division (ServerState.java:setLeader(269)) - 9eee0c4a-241f-4a15-bff1-0522a907ac9b@group-5560CD5E8260: change Leader from null to 46ce47ac-a134-4cce-ba10-4493b406f4b0 at term 1 for appendEntries, leader elected after 5358ms
2024-02-27 21:36:49,203 [99aab7c0-d213-4f2c-9146-fe97bea2462a@group-26E798755C11-StateMachineUpdater] INFO  server.RaftServer$Division (LeaderStateImpl.java:isApplied(320)) - leader is ready since appliedIndex == 0 >= startIndex == 0
2024-02-27 21:36:49,204 [c855f1da-1b31-46a5-a68b-5d36f1d30008-server-thread1] INFO  ratis.XceiverServerRatis (XceiverServerRatis.java:handleLeaderChangedNotification(966)) - Leader change notification received for group: group-5560CD5E8260 with new leaderId: 46ce47ac-a134-4cce-ba10-4493b406f4b0
2024-02-27 21:36:49,204 [c855f1da-1b31-46a5-a68b-5d36f1d30008-server-thread1] INFO  server.RaftServer$Division (ServerState.java:setLeader(269)) - c855f1da-1b31-46a5-a68b-5d36f1d30008@group-5560CD5E8260: change Leader from null to 46ce47ac-a134-4cce-ba10-4493b406f4b0 at term 1 for appendEntries, leader elected after 5370ms
2024-02-27 21:36:49,206 [c855f1da-1b31-46a5-a68b-5d36f1d30008-server-thread1] INFO  server.RaftServer$Division (ServerState.java:setRaftConf(386)) - c855f1da-1b31-46a5-a68b-5d36f1d30008@group-5560CD5E8260: set configuration 0: peers:[9eee0c4a-241f-4a15-bff1-0522a907ac9b|10.1.0.18:15032, 46ce47ac-a134-4cce-ba10-4493b406f4b0|10.1.0.18:15014, c855f1da-1b31-46a5-a68b-5d36f1d30008|10.1.0.18:15023]|listeners:[], old=null
2024-02-27 21:36:49,206 [c855f1da-1b31-46a5-a68b-5d36f1d30008-server-thread1] INFO  segmented.SegmentedRaftLogWorker (SegmentedRaftLogWorker.java:startLogSegment(430)) - c855f1da-1b31-46a5-a68b-5d36f1d30008@group-5560CD5E8260-SegmentedRaftLogWorker: Starting segment from index:0
2024-02-27 21:36:49,207 [c855f1da-1b31-46a5-a68b-5d36f1d30008@group-5560CD5E8260-SegmentedRaftLogWorker] INFO  segmented.BufferedWriteChannel (BufferedWriteChannel.java:open(62)) - open log_inprogress_0 at position 0
2024-02-27 21:36:49,206 [9eee0c4a-241f-4a15-bff1-0522a907ac9b-server-thread2] INFO  server.RaftServer$Division (ServerState.java:setRaftConf(386)) - 9eee0c4a-241f-4a15-bff1-0522a907ac9b@group-5560CD5E8260: set configuration 0: peers:[9eee0c4a-241f-4a15-bff1-0522a907ac9b|10.1.0.18:15032, 46ce47ac-a134-4cce-ba10-4493b406f4b0|10.1.0.18:15014, c855f1da-1b31-46a5-a68b-5d36f1d30008|10.1.0.18:15023]|listeners:[], old=null
2024-02-27 21:36:49,209 [9eee0c4a-241f-4a15-bff1-0522a907ac9b-server-thread2] INFO  segmented.SegmentedRaftLogWorker (SegmentedRaftLogWorker.java:startLogSegment(430)) - 9eee0c4a-241f-4a15-bff1-0522a907ac9b@group-5560CD5E8260-SegmentedRaftLogWorker: Starting segment from index:0
2024-02-27 21:36:49,210 [9eee0c4a-241f-4a15-bff1-0522a907ac9b@group-5560CD5E8260-SegmentedRaftLogWorker] INFO  segmented.BufferedWriteChannel (BufferedWriteChannel.java:open(62)) - open log_inprogress_0 at position 0
2024-02-27 21:36:49,219 [c855f1da-1b31-46a5-a68b-5d36f1d30008@group-5560CD5E8260-SegmentedRaftLogWorker] INFO  segmented.SegmentedRaftLogWorker (SegmentedRaftLogWorker.java:execute(634)) - c855f1da-1b31-46a5-a68b-5d36f1d30008@group-5560CD5E8260-SegmentedRaftLogWorker: created new log segment /home/runner/work/ozone/ozone/hadoop-ozone/integration-test/target/test-dir/MiniOzoneClusterImpl-377bd28b-19ec-4c3d-8af6-29a7f1113b2b/ozone-meta/datanode-2/ratis/a6c55939-43ae-4b67-aa53-5560cd5e8260/current/log_inprogress_0
2024-02-27 21:36:49,219 [9eee0c4a-241f-4a15-bff1-0522a907ac9b@group-5560CD5E8260-SegmentedRaftLogWorker] INFO  segmented.SegmentedRaftLogWorker (SegmentedRaftLogWorker.java:execute(634)) - 9eee0c4a-241f-4a15-bff1-0522a907ac9b@group-5560CD5E8260-SegmentedRaftLogWorker: created new log segment /home/runner/work/ozone/ozone/hadoop-ozone/integration-test/target/test-dir/MiniOzoneClusterImpl-377bd28b-19ec-4c3d-8af6-29a7f1113b2b/ozone-meta/datanode-3/ratis/a6c55939-43ae-4b67-aa53-5560cd5e8260/current/log_inprogress_0
2024-02-27 21:36:49,222 [46ce47ac-a134-4cce-ba10-4493b406f4b0@group-5560CD5E8260-StateMachineUpdater] INFO  server.RaftServer$Division (LeaderStateImpl.java:isApplied(320)) - leader is ready since appliedIndex == 0 >= startIndex == 0
2024-02-27 21:36:49,234 [d3d377a3-85e1-46ad-98d9-a3196f7db815@group-32C5D878BA64-FollowerState] INFO  impl.FollowerState (FollowerState.java:run(143)) - d3d377a3-85e1-46ad-98d9-a3196f7db815@group-32C5D878BA64-FollowerState: change to CANDIDATE, lastRpcElapsedTime:5096963403ns, electionTimeout:5095ms
2024-02-27 21:36:49,234 [d3d377a3-85e1-46ad-98d9-a3196f7db815@group-32C5D878BA64-FollowerState] INFO  impl.RoleInfo (RoleInfo.java:shutdownFollowerState(110)) - d3d377a3-85e1-46ad-98d9-a3196f7db815: shutdown d3d377a3-85e1-46ad-98d9-a3196f7db815@group-32C5D878BA64-FollowerState
2024-02-27 21:36:49,234 [d3d377a3-85e1-46ad-98d9-a3196f7db815@group-32C5D878BA64-FollowerState] INFO  server.RaftServer$Division (RaftServerImpl.java:setRole(383)) - d3d377a3-85e1-46ad-98d9-a3196f7db815@group-32C5D878BA64: changes role from  FOLLOWER to CANDIDATE at term 0 for changeToCandidate
2024-02-27 21:36:49,234 [d3d377a3-85e1-46ad-98d9-a3196f7db815@group-32C5D878BA64-FollowerState] INFO  server.RaftServerConfigKeys (ConfUtils.java:logGet(46)) - raft.server.leaderelection.pre-vote = true (default)
2024-02-27 21:36:49,234 [d3d377a3-85e1-46ad-98d9-a3196f7db815@group-32C5D878BA64-FollowerState] INFO  impl.RoleInfo (RoleInfo.java:updateAndGet(139)) - d3d377a3-85e1-46ad-98d9-a3196f7db815: start d3d377a3-85e1-46ad-98d9-a3196f7db815@group-32C5D878BA64-LeaderElection13
2024-02-27 21:36:49,236 [d3d377a3-85e1-46ad-98d9-a3196f7db815@group-32C5D878BA64-LeaderElection13] INFO  impl.LeaderElection (LeaderElection.java:askForVotes(321)) - d3d377a3-85e1-46ad-98d9-a3196f7db815@group-32C5D878BA64-LeaderElection13 PRE_VOTE round 0: submit vote requests at term 0 for -1: peers:[99aab7c0-d213-4f2c-9146-fe97bea2462a|10.1.0.18:15050, d3d377a3-85e1-46ad-98d9-a3196f7db815|10.1.0.18:15059, 33496502-95c3-4a2e-b72a-a08a7037350f|10.1.0.18:15041]|listeners:[], old=null
2024-02-27 21:36:49,237 [d3d377a3-85e1-46ad-98d9-a3196f7db815@group-32C5D878BA64-LeaderElection13] INFO  server.RaftServerConfigKeys (ConfUtils.java:logFallback(53)) - raft.server.rpc.first-election.timeout.min = 5s (fallback to raft.server.rpc.timeout.min)
2024-02-27 21:36:49,238 [d3d377a3-85e1-46ad-98d9-a3196f7db815@group-32C5D878BA64-LeaderElection13] INFO  server.RaftServerConfigKeys (ConfUtils.java:logFallback(53)) - raft.server.rpc.first-election.timeout.max = 5200ms (fallback to raft.server.rpc.timeout.max)
2024-02-27 21:36:49,239 [grpc-default-executor-3] INFO  server.RaftServer$Division (RaftServerImpl.java:requestVote(1389)) - 99aab7c0-d213-4f2c-9146-fe97bea2462a@group-32C5D878BA64: receive requestVote(PRE_VOTE, d3d377a3-85e1-46ad-98d9-a3196f7db815, group-32C5D878BA64, 0, (t:0, i:0))
2024-02-27 21:36:49,239 [grpc-default-executor-3] INFO  impl.VoteContext (VoteContext.java:log(49)) - 99aab7c0-d213-4f2c-9146-fe97bea2462a@group-32C5D878BA64-FOLLOWER: reject PRE_VOTE from d3d377a3-85e1-46ad-98d9-a3196f7db815: our priority 1 > candidate's priority 0
2024-02-27 21:36:49,239 [grpc-default-executor-3] INFO  server.RaftServer$Division (RaftServerImpl.java:requestVote(1422)) - 99aab7c0-d213-4f2c-9146-fe97bea2462a@group-32C5D878BA64 replies to PRE_VOTE vote request: d3d377a3-85e1-46ad-98d9-a3196f7db815<-99aab7c0-d213-4f2c-9146-fe97bea2462a#0:FAIL-t0. Peer's state: 99aab7c0-d213-4f2c-9146-fe97bea2462a@group-32C5D878BA64:t0, leader=null, voted=, raftlog=Memoized:99aab7c0-d213-4f2c-9146-fe97bea2462a@group-32C5D878BA64-SegmentedRaftLog:OPENED:c-1, conf=-1: peers:[99aab7c0-d213-4f2c-9146-fe97bea2462a|10.1.0.18:15050, d3d377a3-85e1-46ad-98d9-a3196f7db815|10.1.0.18:15059, 33496502-95c3-4a2e-b72a-a08a7037350f|10.1.0.18:15041]|listeners:[], old=null
2024-02-27 21:36:49,241 [d3d377a3-85e1-46ad-98d9-a3196f7db815@group-32C5D878BA64-LeaderElection13] INFO  impl.LeaderElection (LeaderElection.java:logAndReturn(89)) - d3d377a3-85e1-46ad-98d9-a3196f7db815@group-32C5D878BA64-LeaderElection13: PRE_VOTE REJECTED received 1 response(s) and 0 exception(s):
2024-02-27 21:36:49,241 [d3d377a3-85e1-46ad-98d9-a3196f7db815@group-32C5D878BA64-LeaderElection13] INFO  impl.LeaderElection (LeaderElection.java:logAndReturn(93)) -   Response 0: d3d377a3-85e1-46ad-98d9-a3196f7db815<-99aab7c0-d213-4f2c-9146-fe97bea2462a#0:FAIL-t0
2024-02-27 21:36:49,241 [d3d377a3-85e1-46ad-98d9-a3196f7db815@group-32C5D878BA64-LeaderElection13] INFO  impl.LeaderElection (LeaderElection.java:askForVotes(323)) - d3d377a3-85e1-46ad-98d9-a3196f7db815@group-32C5D878BA64-LeaderElection13 PRE_VOTE round 0: result REJECTED
2024-02-27 21:36:49,241 [d3d377a3-85e1-46ad-98d9-a3196f7db815@group-32C5D878BA64-LeaderElection13] INFO  server.RaftServer$Division (RaftServerImpl.java:setRole(383)) - d3d377a3-85e1-46ad-98d9-a3196f7db815@group-32C5D878BA64: changes role from CANDIDATE to FOLLOWER at term 0 for REJECTED
2024-02-27 21:36:49,241 [d3d377a3-85e1-46ad-98d9-a3196f7db815@group-32C5D878BA64-LeaderElection13] INFO  impl.RoleInfo (RoleInfo.java:shutdownLeaderElection(130)) - d3d377a3-85e1-46ad-98d9-a3196f7db815: shutdown d3d377a3-85e1-46ad-98d9-a3196f7db815@group-32C5D878BA64-LeaderElection13
2024-02-27 21:36:49,241 [d3d377a3-85e1-46ad-98d9-a3196f7db815@group-32C5D878BA64-LeaderElection13] INFO  impl.RoleInfo (RoleInfo.java:updateAndGet(139)) - d3d377a3-85e1-46ad-98d9-a3196f7db815: start d3d377a3-85e1-46ad-98d9-a3196f7db815@group-32C5D878BA64-FollowerState
2024-02-27 21:36:49,242 [d3d377a3-85e1-46ad-98d9-a3196f7db815@group-32C5D878BA64-LeaderElection13] INFO  server.RaftServer$Division (RaftServerImpl.java:setFirstElection(574)) - d3d377a3-85e1-46ad-98d9-a3196f7db815@group-32C5D878BA64: set firstElectionSinceStartup to false for REJECTED
2024-02-27 21:36:49,249 [grpc-default-executor-3] INFO  server.RaftServer$Division (RaftServerImpl.java:requestVote(1389)) - 33496502-95c3-4a2e-b72a-a08a7037350f@group-32C5D878BA64: receive requestVote(PRE_VOTE, d3d377a3-85e1-46ad-98d9-a3196f7db815, group-32C5D878BA64, 0, (t:0, i:0))
2024-02-27 21:36:49,249 [grpc-default-executor-3] INFO  impl.VoteContext (VoteContext.java:log(49)) - 33496502-95c3-4a2e-b72a-a08a7037350f@group-32C5D878BA64-FOLLOWER: accept PRE_VOTE from d3d377a3-85e1-46ad-98d9-a3196f7db815: our priority 0 <= candidate's priority 0
2024-02-27 21:36:49,249 [grpc-default-executor-3] INFO  server.RaftServer$Division (RaftServerImpl.java:requestVote(1422)) - 33496502-95c3-4a2e-b72a-a08a7037350f@group-32C5D878BA64 replies to PRE_VOTE vote request: d3d377a3-85e1-46ad-98d9-a3196f7db815<-33496502-95c3-4a2e-b72a-a08a7037350f#0:OK-t0. Peer's state: 33496502-95c3-4a2e-b72a-a08a7037350f@group-32C5D878BA64:t0, leader=null, voted=, raftlog=Memoized:33496502-95c3-4a2e-b72a-a08a7037350f@group-32C5D878BA64-SegmentedRaftLog:OPENED:c-1, conf=-1: peers:[99aab7c0-d213-4f2c-9146-fe97bea2462a|10.1.0.18:15050, d3d377a3-85e1-46ad-98d9-a3196f7db815|10.1.0.18:15059, 33496502-95c3-4a2e-b72a-a08a7037350f|10.1.0.18:15041]|listeners:[], old=null
2024-02-27 21:36:49,309 [d3d377a3-85e1-46ad-98d9-a3196f7db815@group-6FA18942FC7A-FollowerState] INFO  impl.FollowerState (FollowerState.java:run(143)) - d3d377a3-85e1-46ad-98d9-a3196f7db815@group-6FA18942FC7A-FollowerState: change to CANDIDATE, lastRpcElapsedTime:5212401323ns, electionTimeout:5200ms
2024-02-27 21:36:49,309 [d3d377a3-85e1-46ad-98d9-a3196f7db815@group-6FA18942FC7A-FollowerState] INFO  impl.RoleInfo (RoleInfo.java:shutdownFollowerState(110)) - d3d377a3-85e1-46ad-98d9-a3196f7db815: shutdown d3d377a3-85e1-46ad-98d9-a3196f7db815@group-6FA18942FC7A-FollowerState
2024-02-27 21:36:49,309 [d3d377a3-85e1-46ad-98d9-a3196f7db815@group-6FA18942FC7A-FollowerState] INFO  server.RaftServer$Division (RaftServerImpl.java:setRole(383)) - d3d377a3-85e1-46ad-98d9-a3196f7db815@group-6FA18942FC7A: changes role from  FOLLOWER to CANDIDATE at term 0 for changeToCandidate
2024-02-27 21:36:49,309 [d3d377a3-85e1-46ad-98d9-a3196f7db815@group-6FA18942FC7A-FollowerState] INFO  server.RaftServerConfigKeys (ConfUtils.java:logGet(46)) - raft.server.leaderelection.pre-vote = true (default)
2024-02-27 21:36:49,309 [d3d377a3-85e1-46ad-98d9-a3196f7db815@group-6FA18942FC7A-FollowerState] INFO  impl.RoleInfo (RoleInfo.java:updateAndGet(139)) - d3d377a3-85e1-46ad-98d9-a3196f7db815: start d3d377a3-85e1-46ad-98d9-a3196f7db815@group-6FA18942FC7A-LeaderElection14
2024-02-27 21:36:49,312 [d3d377a3-85e1-46ad-98d9-a3196f7db815@group-6FA18942FC7A-LeaderElection14] INFO  impl.LeaderElection (LeaderElection.java:askForVotes(321)) - d3d377a3-85e1-46ad-98d9-a3196f7db815@group-6FA18942FC7A-LeaderElection14 PRE_VOTE round 0: submit vote requests at term 0 for -1: peers:[d3d377a3-85e1-46ad-98d9-a3196f7db815|10.1.0.18:15059]|listeners:[], old=null
2024-02-27 21:36:49,312 [d3d377a3-85e1-46ad-98d9-a3196f7db815@group-6FA18942FC7A-LeaderElection14] INFO  impl.LeaderElection (LeaderElection.java:askForVotes(323)) - d3d377a3-85e1-46ad-98d9-a3196f7db815@group-6FA18942FC7A-LeaderElection14 PRE_VOTE round 0: result PASSED (term=0)
2024-02-27 21:36:49,313 [d3d377a3-85e1-46ad-98d9-a3196f7db815@group-6FA18942FC7A-LeaderElection14] INFO  impl.LeaderElection (LeaderElection.java:askForVotes(321)) - d3d377a3-85e1-46ad-98d9-a3196f7db815@group-6FA18942FC7A-LeaderElection14 ELECTION round 0: submit vote requests at term 1 for -1: peers:[d3d377a3-85e1-46ad-98d9-a3196f7db815|10.1.0.18:15059]|listeners:[], old=null
2024-02-27 21:36:49,313 [d3d377a3-85e1-46ad-98d9-a3196f7db815@group-6FA18942FC7A-LeaderElection14] INFO  impl.LeaderElection (LeaderElection.java:askForVotes(323)) - d3d377a3-85e1-46ad-98d9-a3196f7db815@group-6FA18942FC7A-LeaderElection14 ELECTION round 0: result PASSED (term=1)
2024-02-27 21:36:49,313 [d3d377a3-85e1-46ad-98d9-a3196f7db815@group-6FA18942FC7A-LeaderElection14] INFO  impl.RoleInfo (RoleInfo.java:shutdownLeaderElection(130)) - d3d377a3-85e1-46ad-98d9-a3196f7db815: shutdown d3d377a3-85e1-46ad-98d9-a3196f7db815@group-6FA18942FC7A-LeaderElection14
2024-02-27 21:36:49,314 [d3d377a3-85e1-46ad-98d9-a3196f7db815@group-6FA18942FC7A-LeaderElection14] INFO  server.RaftServer$Division (RaftServerImpl.java:setRole(383)) - d3d377a3-85e1-46ad-98d9-a3196f7db815@group-6FA18942FC7A: changes role from CANDIDATE to LEADER at term 1 for changeToLeader
2024-02-27 21:36:49,314 [d3d377a3-85e1-46ad-98d9-a3196f7db815@group-6FA18942FC7A-LeaderElection14] INFO  server.RaftServerConfigKeys (ConfUtils.java:logGet(46)) - raft.server.staging.catchup.gap = 1000 (default)
2024-02-27 21:36:49,314 [d3d377a3-85e1-46ad-98d9-a3196f7db815@group-6FA18942FC7A-LeaderElection14] INFO  server.RaftServerConfigKeys (ConfUtils.java:logGet(46)) - raft.server.write.element-limit = 1024 (custom)
2024-02-27 21:36:49,314 [d3d377a3-85e1-46ad-98d9-a3196f7db815@group-6FA18942FC7A-LeaderElection14] INFO  server.RaftServerConfigKeys (ConfUtils.java:logGet(46)) - raft.server.write.byte-limit = 1024 M (=1073741824) (custom)
2024-02-27 21:36:49,314 [d3d377a3-85e1-46ad-98d9-a3196f7db815@group-6FA18942FC7A-LeaderElection14] INFO  server.RaftServerConfigKeys (ConfUtils.java:logGet(46)) - raft.server.watch.timeout = 180s (custom)
2024-02-27 21:36:49,314 [d3d377a3-85e1-46ad-98d9-a3196f7db815@group-6FA18942FC7A-LeaderElection14] INFO  server.RaftServerConfigKeys (ConfUtils.java:logGet(46)) - raft.server.watch.timeout.denomination = 1s (default)
2024-02-27 21:36:49,314 [d3d377a3-85e1-46ad-98d9-a3196f7db815@group-6FA18942FC7A-LeaderElection14] INFO  server.RaftServerConfigKeys (ConfUtils.java:logGet(46)) - raft.server.watch.element-limit = 65536 (default)
2024-02-27 21:36:49,314 [d3d377a3-85e1-46ad-98d9-a3196f7db815@group-6FA18942FC7A-LeaderElection14] INFO  server.RaftServerConfigKeys (ConfUtils.java:logGet(46)) - raft.server.read.leader.lease.enabled = false (default)
2024-02-27 21:36:49,315 [d3d377a3-85e1-46ad-98d9-a3196f7db815@group-6FA18942FC7A-LeaderElection14] INFO  server.RaftServerConfigKeys (ConfUtils.java:logGet(46)) - raft.server.read.leader.lease.timeout.ratio = 0.9 (default)
2024-02-27 21:36:49,315 [d3d377a3-85e1-46ad-98d9-a3196f7db815@group-6FA18942FC7A-LeaderElection14] INFO  server.RaftServerConfigKeys (ConfUtils.java:logGet(46)) - raft.server.rpc.timeout.min = 5s (custom)
2024-02-27 21:36:49,315 [d3d377a3-85e1-46ad-98d9-a3196f7db815@group-6FA18942FC7A-LeaderElection14] INFO  server.RaftServerConfigKeys (ConfUtils.java:logGet(46)) - raft.server.write.element-limit = 1024 (custom)
2024-02-27 21:36:49,315 [d3d377a3-85e1-46ad-98d9-a3196f7db815@group-6FA18942FC7A-LeaderElection14] INFO  server.RaftServerConfigKeys (ConfUtils.java:logGet(46)) - raft.server.write.follower.gap.ratio.max = -1.0 (default)
2024-02-27 21:36:49,315 [d3d377a3-85e1-46ad-98d9-a3196f7db815@group-6FA18942FC7A-LeaderElection14] INFO  impl.RoleInfo (RoleInfo.java:updateAndGet(139)) - d3d377a3-85e1-46ad-98d9-a3196f7db815: start d3d377a3-85e1-46ad-98d9-a3196f7db815@group-6FA18942FC7A-LeaderStateImpl
2024-02-27 21:36:49,315 [d3d377a3-85e1-46ad-98d9-a3196f7db815@group-6FA18942FC7A-LeaderElection14] INFO  server.RaftServer$Division (RaftServerImpl.java:setFirstElection(574)) - d3d377a3-85e1-46ad-98d9-a3196f7db815@group-6FA18942FC7A: set firstElectionSinceStartup to false for becomeLeader
2024-02-27 21:36:49,315 [d3d377a3-85e1-46ad-98d9-a3196f7db815@group-6FA18942FC7A-LeaderElection14] INFO  ratis.XceiverServerRatis (XceiverServerRatis.java:handleLeaderChangedNotification(966)) - Leader change notification received for group: group-6FA18942FC7A with new leaderId: d3d377a3-85e1-46ad-98d9-a3196f7db815
2024-02-27 21:36:49,315 [d3d377a3-85e1-46ad-98d9-a3196f7db815@group-6FA18942FC7A-LeaderElection14] INFO  server.RaftServer$Division (ServerState.java:setLeader(269)) - d3d377a3-85e1-46ad-98d9-a3196f7db815@group-6FA18942FC7A: change Leader from null to d3d377a3-85e1-46ad-98d9-a3196f7db815 at term 1 for becomeLeader, leader elected after 5304ms
2024-02-27 21:36:49,315 [d3d377a3-85e1-46ad-98d9-a3196f7db815@group-6FA18942FC7A-LeaderElection14] INFO  segmented.SegmentedRaftLogWorker (SegmentedRaftLogWorker.java:startLogSegment(430)) - d3d377a3-85e1-46ad-98d9-a3196f7db815@group-6FA18942FC7A-SegmentedRaftLogWorker: Starting segment from index:0
2024-02-27 21:36:49,316 [d3d377a3-85e1-46ad-98d9-a3196f7db815@group-6FA18942FC7A-LeaderElection14] INFO  server.RaftServer$Division (ServerState.java:setRaftConf(386)) - d3d377a3-85e1-46ad-98d9-a3196f7db815@group-6FA18942FC7A: set configuration 0: peers:[d3d377a3-85e1-46ad-98d9-a3196f7db815|10.1.0.18:15059]|listeners:[], old=null
2024-02-27 21:36:49,316 [d3d377a3-85e1-46ad-98d9-a3196f7db815@group-6FA18942FC7A-SegmentedRaftLogWorker] INFO  segmented.BufferedWriteChannel (BufferedWriteChannel.java:open(62)) - open log_inprogress_0 at position 0
2024-02-27 21:36:49,327 [d3d377a3-85e1-46ad-98d9-a3196f7db815@group-6FA18942FC7A-SegmentedRaftLogWorker] INFO  segmented.SegmentedRaftLogWorker (SegmentedRaftLogWorker.java:execute(634)) - d3d377a3-85e1-46ad-98d9-a3196f7db815@group-6FA18942FC7A-SegmentedRaftLogWorker: created new log segment /home/runner/work/ozone/ozone/hadoop-ozone/integration-test/target/test-dir/MiniOzoneClusterImpl-377bd28b-19ec-4c3d-8af6-29a7f1113b2b/ozone-meta/datanode-6/ratis/2d2e6ed8-d782-46de-ab75-6fa18942fc7a/current/log_inprogress_0
2024-02-27 21:36:49,327 [33496502-95c3-4a2e-b72a-a08a7037350f@group-32C5D878BA64-FollowerState] INFO  server.RaftServerConfigKeys (ConfUtils.java:logFallback(53)) - raft.server.rpc.first-election.timeout.min = 5s (fallback to raft.server.rpc.timeout.min)
2024-02-27 21:36:49,328 [33496502-95c3-4a2e-b72a-a08a7037350f@group-32C5D878BA64-FollowerState] INFO  server.RaftServerConfigKeys (ConfUtils.java:logFallback(53)) - raft.server.rpc.first-election.timeout.max = 5200ms (fallback to raft.server.rpc.timeout.max)
2024-02-27 21:36:49,329 [d3d377a3-85e1-46ad-98d9-a3196f7db815@group-6FA18942FC7A-StateMachineUpdater] INFO  server.RaftServer$Division (LeaderStateImpl.java:isApplied(320)) - leader is ready since appliedIndex == 0 >= startIndex == 0
2024-02-27 21:36:49,334 [99aab7c0-d213-4f2c-9146-fe97bea2462a@group-32C5D878BA64-FollowerState] INFO  impl.FollowerState (FollowerState.java:run(143)) - 99aab7c0-d213-4f2c-9146-fe97bea2462a@group-32C5D878BA64-FollowerState: change to CANDIDATE, lastRpcElapsedTime:5107130405ns, electionTimeout:5104ms
2024-02-27 21:36:49,334 [99aab7c0-d213-4f2c-9146-fe97bea2462a@group-32C5D878BA64-FollowerState] INFO  impl.RoleInfo (RoleInfo.java:shutdownFollowerState(110)) - 99aab7c0-d213-4f2c-9146-fe97bea2462a: shutdown 99aab7c0-d213-4f2c-9146-fe97bea2462a@group-32C5D878BA64-FollowerState
2024-02-27 21:36:49,334 [99aab7c0-d213-4f2c-9146-fe97bea2462a@group-32C5D878BA64-FollowerState] INFO  server.RaftServer$Division (RaftServerImpl.java:setRole(383)) - 99aab7c0-d213-4f2c-9146-fe97bea2462a@group-32C5D878BA64: changes role from  FOLLOWER to CANDIDATE at term 0 for changeToCandidate
2024-02-27 21:36:49,334 [99aab7c0-d213-4f2c-9146-fe97bea2462a@group-32C5D878BA64-FollowerState] INFO  server.RaftServerConfigKeys (ConfUtils.java:logGet(46)) - raft.server.leaderelection.pre-vote = true (default)
2024-02-27 21:36:49,334 [99aab7c0-d213-4f2c-9146-fe97bea2462a@group-32C5D878BA64-FollowerState] INFO  impl.RoleInfo (RoleInfo.java:updateAndGet(139)) - 99aab7c0-d213-4f2c-9146-fe97bea2462a: start 99aab7c0-d213-4f2c-9146-fe97bea2462a@group-32C5D878BA64-LeaderElection15
2024-02-27 21:36:49,334 [99aab7c0-d213-4f2c-9146-fe97bea2462a@group-32C5D878BA64-LeaderElection15] INFO  impl.LeaderElection (LeaderElection.java:askForVotes(321)) - 99aab7c0-d213-4f2c-9146-fe97bea2462a@group-32C5D878BA64-LeaderElection15 PRE_VOTE round 0: submit vote requests at term 0 for -1: peers:[99aab7c0-d213-4f2c-9146-fe97bea2462a|10.1.0.18:15050, d3d377a3-85e1-46ad-98d9-a3196f7db815|10.1.0.18:15059, 33496502-95c3-4a2e-b72a-a08a7037350f|10.1.0.18:15041]|listeners:[], old=null
2024-02-27 21:36:49,335 [99aab7c0-d213-4f2c-9146-fe97bea2462a@group-32C5D878BA64-LeaderElection15-1] INFO  server.GrpcServerProtocolClient (GrpcServerProtocolClient.java:<init>(65)) - Build channel for d3d377a3-85e1-46ad-98d9-a3196f7db815|10.1.0.18:15059
2024-02-27 21:36:49,335 [99aab7c0-d213-4f2c-9146-fe97bea2462a@group-32C5D878BA64-LeaderElection15-2] INFO  server.GrpcServerProtocolClient (GrpcServerProtocolClient.java:<init>(65)) - Build channel for 33496502-95c3-4a2e-b72a-a08a7037350f|10.1.0.18:15041
2024-02-27 21:36:49,335 [99aab7c0-d213-4f2c-9146-fe97bea2462a@group-32C5D878BA64-LeaderElection15] INFO  server.RaftServerConfigKeys (ConfUtils.java:logFallback(53)) - raft.server.rpc.first-election.timeout.min = 5s (fallback to raft.server.rpc.timeout.min)
2024-02-27 21:36:49,335 [99aab7c0-d213-4f2c-9146-fe97bea2462a@group-32C5D878BA64-LeaderElection15] INFO  server.RaftServerConfigKeys (ConfUtils.java:logFallback(53)) - raft.server.rpc.first-election.timeout.max = 5200ms (fallback to raft.server.rpc.timeout.max)
2024-02-27 21:36:49,342 [grpc-default-executor-3] INFO  server.RaftServer$Division (RaftServerImpl.java:requestVote(1389)) - d3d377a3-85e1-46ad-98d9-a3196f7db815@group-32C5D878BA64: receive requestVote(PRE_VOTE, 99aab7c0-d213-4f2c-9146-fe97bea2462a, group-32C5D878BA64, 0, (t:0, i:0))
2024-02-27 21:36:49,342 [grpc-default-executor-3] INFO  impl.VoteContext (VoteContext.java:log(49)) - d3d377a3-85e1-46ad-98d9-a3196f7db815@group-32C5D878BA64-FOLLOWER: accept PRE_VOTE from 99aab7c0-d213-4f2c-9146-fe97bea2462a: our priority 0 <= candidate's priority 1
2024-02-27 21:36:49,342 [grpc-default-executor-3] INFO  server.RaftServer$Division (RaftServerImpl.java:requestVote(1422)) - d3d377a3-85e1-46ad-98d9-a3196f7db815@group-32C5D878BA64 replies to PRE_VOTE vote request: 99aab7c0-d213-4f2c-9146-fe97bea2462a<-d3d377a3-85e1-46ad-98d9-a3196f7db815#0:OK-t0. Peer's state: d3d377a3-85e1-46ad-98d9-a3196f7db815@group-32C5D878BA64:t0, leader=null, voted=, raftlog=Memoized:d3d377a3-85e1-46ad-98d9-a3196f7db815@group-32C5D878BA64-SegmentedRaftLog:OPENED:c-1, conf=-1: peers:[99aab7c0-d213-4f2c-9146-fe97bea2462a|10.1.0.18:15050, d3d377a3-85e1-46ad-98d9-a3196f7db815|10.1.0.18:15059, 33496502-95c3-4a2e-b72a-a08a7037350f|10.1.0.18:15041]|listeners:[], old=null
2024-02-27 21:36:49,343 [99aab7c0-d213-4f2c-9146-fe97bea2462a@group-32C5D878BA64-LeaderElection15] INFO  impl.LeaderElection (LeaderElection.java:logAndReturn(89)) - 99aab7c0-d213-4f2c-9146-fe97bea2462a@group-32C5D878BA64-LeaderElection15: PRE_VOTE PASSED received 1 response(s) and 0 exception(s):
2024-02-27 21:36:49,343 [99aab7c0-d213-4f2c-9146-fe97bea2462a@group-32C5D878BA64-LeaderElection15] INFO  impl.LeaderElection (LeaderElection.java:logAndReturn(93)) -   Response 0: 99aab7c0-d213-4f2c-9146-fe97bea2462a<-d3d377a3-85e1-46ad-98d9-a3196f7db815#0:OK-t0
2024-02-27 21:36:49,344 [99aab7c0-d213-4f2c-9146-fe97bea2462a@group-32C5D878BA64-LeaderElection15] INFO  impl.LeaderElection (LeaderElection.java:askForVotes(323)) - 99aab7c0-d213-4f2c-9146-fe97bea2462a@group-32C5D878BA64-LeaderElection15 PRE_VOTE round 0: result PASSED
2024-02-27 21:36:49,344 [grpc-default-executor-3] INFO  server.RaftServer$Division (RaftServerImpl.java:requestVote(1389)) - 33496502-95c3-4a2e-b72a-a08a7037350f@group-32C5D878BA64: receive requestVote(PRE_VOTE, 99aab7c0-d213-4f2c-9146-fe97bea2462a, group-32C5D878BA64, 0, (t:0, i:0))
2024-02-27 21:36:49,344 [grpc-default-executor-3] INFO  impl.VoteContext (VoteContext.java:log(49)) - 33496502-95c3-4a2e-b72a-a08a7037350f@group-32C5D878BA64-FOLLOWER: accept PRE_VOTE from 99aab7c0-d213-4f2c-9146-fe97bea2462a: our priority 0 <= candidate's priority 1
2024-02-27 21:36:49,344 [grpc-default-executor-3] INFO  server.RaftServer$Division (RaftServerImpl.java:requestVote(1422)) - 33496502-95c3-4a2e-b72a-a08a7037350f@group-32C5D878BA64 replies to PRE_VOTE vote request: 99aab7c0-d213-4f2c-9146-fe97bea2462a<-33496502-95c3-4a2e-b72a-a08a7037350f#0:OK-t0. Peer's state: 33496502-95c3-4a2e-b72a-a08a7037350f@group-32C5D878BA64:t0, leader=null, voted=, raftlog=Memoized:33496502-95c3-4a2e-b72a-a08a7037350f@group-32C5D878BA64-SegmentedRaftLog:OPENED:c-1, conf=-1: peers:[99aab7c0-d213-4f2c-9146-fe97bea2462a|10.1.0.18:15050, d3d377a3-85e1-46ad-98d9-a3196f7db815|10.1.0.18:15059, 33496502-95c3-4a2e-b72a-a08a7037350f|10.1.0.18:15041]|listeners:[], old=null
2024-02-27 21:36:49,345 [99aab7c0-d213-4f2c-9146-fe97bea2462a@group-32C5D878BA64-LeaderElection15] INFO  impl.LeaderElection (LeaderElection.java:askForVotes(321)) - 99aab7c0-d213-4f2c-9146-fe97bea2462a@group-32C5D878BA64-LeaderElection15 ELECTION round 0: submit vote requests at term 1 for -1: peers:[99aab7c0-d213-4f2c-9146-fe97bea2462a|10.1.0.18:15050, d3d377a3-85e1-46ad-98d9-a3196f7db815|10.1.0.18:15059, 33496502-95c3-4a2e-b72a-a08a7037350f|10.1.0.18:15041]|listeners:[], old=null
2024-02-27 21:36:49,346 [99aab7c0-d213-4f2c-9146-fe97bea2462a@group-32C5D878BA64-LeaderElection15] INFO  server.RaftServerConfigKeys (ConfUtils.java:logFallback(53)) - raft.server.rpc.first-election.timeout.min = 5s (fallback to raft.server.rpc.timeout.min)
2024-02-27 21:36:49,346 [99aab7c0-d213-4f2c-9146-fe97bea2462a@group-32C5D878BA64-LeaderElection15] INFO  server.RaftServerConfigKeys (ConfUtils.java:logFallback(53)) - raft.server.rpc.first-election.timeout.max = 5200ms (fallback to raft.server.rpc.timeout.max)
2024-02-27 21:36:49,347 [grpc-default-executor-3] INFO  server.RaftServer$Division (RaftServerImpl.java:requestVote(1389)) - 33496502-95c3-4a2e-b72a-a08a7037350f@group-32C5D878BA64: receive requestVote(ELECTION, 99aab7c0-d213-4f2c-9146-fe97bea2462a, group-32C5D878BA64, 1, (t:0, i:0))
2024-02-27 21:36:49,347 [grpc-default-executor-4] INFO  server.RaftServer$Division (RaftServerImpl.java:requestVote(1389)) - d3d377a3-85e1-46ad-98d9-a3196f7db815@group-32C5D878BA64: receive requestVote(ELECTION, 99aab7c0-d213-4f2c-9146-fe97bea2462a, group-32C5D878BA64, 1, (t:0, i:0))
2024-02-27 21:36:49,348 [grpc-default-executor-3] INFO  impl.VoteContext (VoteContext.java:log(49)) - 33496502-95c3-4a2e-b72a-a08a7037350f@group-32C5D878BA64-FOLLOWER: accept ELECTION from 99aab7c0-d213-4f2c-9146-fe97bea2462a: our priority 0 <= candidate's priority 1
2024-02-27 21:36:49,348 [grpc-default-executor-4] INFO  impl.VoteContext (VoteContext.java:log(49)) - d3d377a3-85e1-46ad-98d9-a3196f7db815@group-32C5D878BA64-FOLLOWER: accept ELECTION from 99aab7c0-d213-4f2c-9146-fe97bea2462a: our priority 0 <= candidate's priority 1
2024-02-27 21:36:49,348 [grpc-default-executor-3] INFO  server.RaftServer$Division (RaftServerImpl.java:setRole(383)) - 33496502-95c3-4a2e-b72a-a08a7037350f@group-32C5D878BA64: changes role from  FOLLOWER to FOLLOWER at term 1 for candidate:99aab7c0-d213-4f2c-9146-fe97bea2462a
2024-02-27 21:36:49,348 [grpc-default-executor-4] INFO  server.RaftServer$Division (RaftServerImpl.java:setRole(383)) - d3d377a3-85e1-46ad-98d9-a3196f7db815@group-32C5D878BA64: changes role from  FOLLOWER to FOLLOWER at term 1 for candidate:99aab7c0-d213-4f2c-9146-fe97bea2462a
2024-02-27 21:36:49,348 [grpc-default-executor-3] INFO  impl.RoleInfo (RoleInfo.java:shutdownFollowerState(110)) - 33496502-95c3-4a2e-b72a-a08a7037350f: shutdown 33496502-95c3-4a2e-b72a-a08a7037350f@group-32C5D878BA64-FollowerState
2024-02-27 21:36:49,348 [grpc-default-executor-4] INFO  impl.RoleInfo (RoleInfo.java:shutdownFollowerState(110)) - d3d377a3-85e1-46ad-98d9-a3196f7db815: shutdown d3d377a3-85e1-46ad-98d9-a3196f7db815@group-32C5D878BA64-FollowerState
2024-02-27 21:36:49,349 [grpc-default-executor-4] INFO  impl.RoleInfo (RoleInfo.java:updateAndGet(139)) - d3d377a3-85e1-46ad-98d9-a3196f7db815: start d3d377a3-85e1-46ad-98d9-a3196f7db815@group-32C5D878BA64-FollowerState
2024-02-27 21:36:49,348 [grpc-default-executor-3] INFO  impl.RoleInfo (RoleInfo.java:updateAndGet(139)) - 33496502-95c3-4a2e-b72a-a08a7037350f: start 33496502-95c3-4a2e-b72a-a08a7037350f@group-32C5D878BA64-FollowerState
2024-02-27 21:36:49,348 [33496502-95c3-4a2e-b72a-a08a7037350f@group-32C5D878BA64-FollowerState] INFO  impl.FollowerState (FollowerState.java:run(152)) - 33496502-95c3-4a2e-b72a-a08a7037350f@group-32C5D878BA64-FollowerState was interrupted
2024-02-27 21:36:49,349 [d3d377a3-85e1-46ad-98d9-a3196f7db815@group-32C5D878BA64-FollowerState] INFO  impl.FollowerState (FollowerState.java:run(152)) - d3d377a3-85e1-46ad-98d9-a3196f7db815@group-32C5D878BA64-FollowerState was interrupted
2024-02-27 21:36:49,350 [grpc-default-executor-3] INFO  server.RaftServer$Division (RaftServerImpl.java:setFirstElection(574)) - 33496502-95c3-4a2e-b72a-a08a7037350f@group-32C5D878BA64: set firstElectionSinceStartup to false for candidate:99aab7c0-d213-4f2c-9146-fe97bea2462a
2024-02-27 21:36:49,351 [grpc-default-executor-4] INFO  server.RaftServer$Division (RaftServerImpl.java:requestVote(1422)) - d3d377a3-85e1-46ad-98d9-a3196f7db815@group-32C5D878BA64 replies to ELECTION vote request: 99aab7c0-d213-4f2c-9146-fe97bea2462a<-d3d377a3-85e1-46ad-98d9-a3196f7db815#0:OK-t1. Peer's state: d3d377a3-85e1-46ad-98d9-a3196f7db815@group-32C5D878BA64:t1, leader=null, voted=99aab7c0-d213-4f2c-9146-fe97bea2462a, raftlog=Memoized:d3d377a3-85e1-46ad-98d9-a3196f7db815@group-32C5D878BA64-SegmentedRaftLog:OPENED:c-1, conf=-1: peers:[99aab7c0-d213-4f2c-9146-fe97bea2462a|10.1.0.18:15050, d3d377a3-85e1-46ad-98d9-a3196f7db815|10.1.0.18:15059, 33496502-95c3-4a2e-b72a-a08a7037350f|10.1.0.18:15041]|listeners:[], old=null
2024-02-27 21:36:49,351 [grpc-default-executor-3] INFO  server.RaftServer$Division (RaftServerImpl.java:requestVote(1422)) - 33496502-95c3-4a2e-b72a-a08a7037350f@group-32C5D878BA64 replies to ELECTION vote request: 99aab7c0-d213-4f2c-9146-fe97bea2462a<-33496502-95c3-4a2e-b72a-a08a7037350f#0:OK-t1. Peer's state: 33496502-95c3-4a2e-b72a-a08a7037350f@group-32C5D878BA64:t1, leader=null, voted=99aab7c0-d213-4f2c-9146-fe97bea2462a, raftlog=Memoized:33496502-95c3-4a2e-b72a-a08a7037350f@group-32C5D878BA64-SegmentedRaftLog:OPENED:c-1, conf=-1: peers:[99aab7c0-d213-4f2c-9146-fe97bea2462a|10.1.0.18:15050, d3d377a3-85e1-46ad-98d9-a3196f7db815|10.1.0.18:15059, 33496502-95c3-4a2e-b72a-a08a7037350f|10.1.0.18:15041]|listeners:[], old=null
2024-02-27 21:36:49,352 [99aab7c0-d213-4f2c-9146-fe97bea2462a@group-32C5D878BA64-LeaderElection15] INFO  impl.LeaderElection (LeaderElection.java:logAndReturn(89)) - 99aab7c0-d213-4f2c-9146-fe97bea2462a@group-32C5D878BA64-LeaderElection15: ELECTION PASSED received 1 response(s) and 0 exception(s):
2024-02-27 21:36:49,352 [99aab7c0-d213-4f2c-9146-fe97bea2462a@group-32C5D878BA64-LeaderElection15] INFO  impl.LeaderElection (LeaderElection.java:logAndReturn(93)) -   Response 0: 99aab7c0-d213-4f2c-9146-fe97bea2462a<-33496502-95c3-4a2e-b72a-a08a7037350f#0:OK-t1
2024-02-27 21:36:49,353 [99aab7c0-d213-4f2c-9146-fe97bea2462a@group-32C5D878BA64-LeaderElection15] INFO  impl.LeaderElection (LeaderElection.java:askForVotes(323)) - 99aab7c0-d213-4f2c-9146-fe97bea2462a@group-32C5D878BA64-LeaderElection15 ELECTION round 0: result PASSED
2024-02-27 21:36:49,353 [99aab7c0-d213-4f2c-9146-fe97bea2462a@group-32C5D878BA64-LeaderElection15] INFO  impl.RoleInfo (RoleInfo.java:shutdownLeaderElection(130)) - 99aab7c0-d213-4f2c-9146-fe97bea2462a: shutdown 99aab7c0-d213-4f2c-9146-fe97bea2462a@group-32C5D878BA64-LeaderElection15
2024-02-27 21:36:49,353 [99aab7c0-d213-4f2c-9146-fe97bea2462a@group-32C5D878BA64-LeaderElection15] INFO  server.RaftServer$Division (RaftServerImpl.java:setRole(383)) - 99aab7c0-d213-4f2c-9146-fe97bea2462a@group-32C5D878BA64: changes role from CANDIDATE to LEADER at term 1 for changeToLeader
2024-02-27 21:36:49,353 [99aab7c0-d213-4f2c-9146-fe97bea2462a@group-32C5D878BA64-LeaderElection15] INFO  server.RaftServerConfigKeys (ConfUtils.java:logGet(46)) - raft.server.staging.catchup.gap = 1000 (default)
2024-02-27 21:36:49,354 [99aab7c0-d213-4f2c-9146-fe97bea2462a@group-32C5D878BA64-LeaderElection15] INFO  server.RaftServerConfigKeys (ConfUtils.java:logGet(46)) - raft.server.write.element-limit = 1024 (custom)
2024-02-27 21:36:49,354 [99aab7c0-d213-4f2c-9146-fe97bea2462a@group-32C5D878BA64-LeaderElection15] INFO  server.RaftServerConfigKeys (ConfUtils.java:logGet(46)) - raft.server.write.byte-limit = 1024 M (=1073741824) (custom)
2024-02-27 21:36:49,354 [99aab7c0-d213-4f2c-9146-fe97bea2462a@group-32C5D878BA64-LeaderElection15] INFO  server.RaftServerConfigKeys (ConfUtils.java:logGet(46)) - raft.server.watch.timeout = 180s (custom)
2024-02-27 21:36:49,354 [99aab7c0-d213-4f2c-9146-fe97bea2462a@group-32C5D878BA64-LeaderElection15] INFO  server.RaftServerConfigKeys (ConfUtils.java:logGet(46)) - raft.server.watch.timeout.denomination = 1s (default)
2024-02-27 21:36:49,354 [99aab7c0-d213-4f2c-9146-fe97bea2462a@group-32C5D878BA64-LeaderElection15] INFO  server.RaftServerConfigKeys (ConfUtils.java:logGet(46)) - raft.server.watch.element-limit = 65536 (default)
2024-02-27 21:36:49,354 [99aab7c0-d213-4f2c-9146-fe97bea2462a@group-32C5D878BA64-LeaderElection15] INFO  server.RaftServerConfigKeys (ConfUtils.java:logGet(46)) - raft.server.read.leader.lease.enabled = false (default)
2024-02-27 21:36:49,354 [99aab7c0-d213-4f2c-9146-fe97bea2462a@group-32C5D878BA64-LeaderElection15] INFO  server.RaftServerConfigKeys (ConfUtils.java:logGet(46)) - raft.server.read.leader.lease.timeout.ratio = 0.9 (default)
2024-02-27 21:36:49,354 [99aab7c0-d213-4f2c-9146-fe97bea2462a@group-32C5D878BA64-LeaderElection15] INFO  server.RaftServerConfigKeys (ConfUtils.java:logGet(46)) - raft.server.rpc.timeout.min = 5s (custom)
2024-02-27 21:36:49,355 [99aab7c0-d213-4f2c-9146-fe97bea2462a@group-32C5D878BA64-LeaderElection15] INFO  server.RaftServerConfigKeys (ConfUtils.java:logGet(46)) - raft.server.write.element-limit = 1024 (custom)
2024-02-27 21:36:49,355 [99aab7c0-d213-4f2c-9146-fe97bea2462a@group-32C5D878BA64-LeaderElection15] INFO  server.RaftServerConfigKeys (ConfUtils.java:logGet(46)) - raft.server.write.follower.gap.ratio.max = -1.0 (default)
2024-02-27 21:36:49,355 [99aab7c0-d213-4f2c-9146-fe97bea2462a@group-32C5D878BA64-LeaderElection15] INFO  server.RaftServerConfigKeys (ConfUtils.java:logGet(46)) - raft.server.log.appender.snapshot.chunk.size.max = 16MB (=16777216) (default)
2024-02-27 21:36:49,355 [99aab7c0-d213-4f2c-9146-fe97bea2462a@group-32C5D878BA64-LeaderElection15] INFO  server.RaftServerConfigKeys (ConfUtils.java:logGet(46)) - raft.server.log.appender.buffer.byte-limit = 8388608 (custom)
2024-02-27 21:36:49,355 [99aab7c0-d213-4f2c-9146-fe97bea2462a@group-32C5D878BA64-LeaderElection15] INFO  server.RaftServerConfigKeys (ConfUtils.java:logGet(46)) - raft.server.log.appender.buffer.element-limit = 1 (custom)
2024-02-27 21:36:49,355 [99aab7c0-d213-4f2c-9146-fe97bea2462a@group-32C5D878BA64-LeaderElection15] INFO  server.RaftServerConfigKeys (ConfUtils.java:logGet(46)) - raft.server.log.appender.wait-time.min = 0μs (custom)
2024-02-27 21:36:49,356 [99aab7c0-d213-4f2c-9146-fe97bea2462a@group-32C5D878BA64-LeaderElection15] INFO  grpc.GrpcConfigKeys (ConfUtils.java:logGet(46)) - raft.grpc.server.leader.outstanding.appends.max = 8 (default)
2024-02-27 21:36:49,356 [99aab7c0-d213-4f2c-9146-fe97bea2462a@group-32C5D878BA64-LeaderElection15] INFO  server.RaftServerConfigKeys (ConfUtils.java:logGet(46)) - raft.server.rpc.request.timeout = 60s (custom)
2024-02-27 21:36:49,356 [99aab7c0-d213-4f2c-9146-fe97bea2462a@group-32C5D878BA64-LeaderElection15] INFO  grpc.GrpcConfigKeys (ConfUtils.java:logGet(46)) - raft.grpc.server.install_snapshot.request.element-limit = 8 (default)
2024-02-27 21:36:49,356 [99aab7c0-d213-4f2c-9146-fe97bea2462a@group-32C5D878BA64-LeaderElection15] INFO  grpc.GrpcConfigKeys (ConfUtils.java:logGet(46)) - raft.grpc.server.install_snapshot.request.timeout = 3000ms (default)
2024-02-27 21:36:49,356 [99aab7c0-d213-4f2c-9146-fe97bea2462a@group-32C5D878BA64-LeaderElection15] INFO  grpc.GrpcConfigKeys (ConfUtils.java:logGet(46)) - raft.grpc.server.log-message.batch.duration = 5s (default)
2024-02-27 21:36:49,356 [99aab7c0-d213-4f2c-9146-fe97bea2462a@group-32C5D878BA64-LeaderElection15] INFO  server.RaftServerConfigKeys (ConfUtils.java:logGet(46)) - raft.server.log.appender.install.snapshot.enabled = false (custom)
2024-02-27 21:36:49,356 [99aab7c0-d213-4f2c-9146-fe97bea2462a@group-32C5D878BA64-LeaderElection15] INFO  grpc.GrpcConfigKeys (ConfUtils.java:logGet(46)) - raft.grpc.server.heartbeat.channel = true (default)
2024-02-27 21:36:49,357 [99aab7c0-d213-4f2c-9146-fe97bea2462a@group-32C5D878BA64-LeaderElection15] INFO  server.RaftServerConfigKeys (ConfUtils.java:logGet(46)) - raft.server.log.appender.snapshot.chunk.size.max = 16MB (=16777216) (default)
2024-02-27 21:36:49,357 [99aab7c0-d213-4f2c-9146-fe97bea2462a@group-32C5D878BA64-LeaderElection15] INFO  server.RaftServerConfigKeys (ConfUtils.java:logGet(46)) - raft.server.log.appender.buffer.byte-limit = 8388608 (custom)
2024-02-27 21:36:49,357 [99aab7c0-d213-4f2c-9146-fe97bea2462a@group-32C5D878BA64-LeaderElection15] INFO  server.RaftServerConfigKeys (ConfUtils.java:logGet(46)) - raft.server.log.appender.buffer.element-limit = 1 (custom)
2024-02-27 21:36:49,357 [99aab7c0-d213-4f2c-9146-fe97bea2462a@group-32C5D878BA64-LeaderElection15] INFO  server.RaftServerConfigKeys (ConfUtils.java:logGet(46)) - raft.server.log.appender.wait-time.min = 0μs (custom)
2024-02-27 21:36:49,357 [99aab7c0-d213-4f2c-9146-fe97bea2462a@group-32C5D878BA64-LeaderElection15] INFO  grpc.GrpcConfigKeys (ConfUtils.java:logGet(46)) - raft.grpc.server.leader.outstanding.appends.max = 8 (default)
2024-02-27 21:36:49,357 [99aab7c0-d213-4f2c-9146-fe97bea2462a@group-32C5D878BA64-LeaderElection15] INFO  server.RaftServerConfigKeys (ConfUtils.java:logGet(46)) - raft.server.rpc.request.timeout = 60s (custom)
2024-02-27 21:36:49,357 [99aab7c0-d213-4f2c-9146-fe97bea2462a@group-32C5D878BA64-LeaderElection15] INFO  grpc.GrpcConfigKeys (ConfUtils.java:logGet(46)) - raft.grpc.server.install_snapshot.request.element-limit = 8 (default)
2024-02-27 21:36:49,358 [99aab7c0-d213-4f2c-9146-fe97bea2462a@group-32C5D878BA64-LeaderElection15] INFO  grpc.GrpcConfigKeys (ConfUtils.java:logGet(46)) - raft.grpc.server.install_snapshot.request.timeout = 3000ms (default)
2024-02-27 21:36:49,358 [99aab7c0-d213-4f2c-9146-fe97bea2462a@group-32C5D878BA64-LeaderElection15] INFO  grpc.GrpcConfigKeys (ConfUtils.java:logGet(46)) - raft.grpc.server.log-message.batch.duration = 5s (default)
2024-02-27 21:36:49,358 [99aab7c0-d213-4f2c-9146-fe97bea2462a@group-32C5D878BA64-LeaderElection15] INFO  server.RaftServerConfigKeys (ConfUtils.java:logGet(46)) - raft.server.log.appender.install.snapshot.enabled = false (custom)
2024-02-27 21:36:49,359 [99aab7c0-d213-4f2c-9146-fe97bea2462a@group-32C5D878BA64-LeaderElection15] INFO  grpc.GrpcConfigKeys (ConfUtils.java:logGet(46)) - raft.grpc.server.heartbeat.channel = true (default)
2024-02-27 21:36:49,359 [99aab7c0-d213-4f2c-9146-fe97bea2462a@group-32C5D878BA64-LeaderElection15] INFO  impl.RoleInfo (RoleInfo.java:updateAndGet(139)) - 99aab7c0-d213-4f2c-9146-fe97bea2462a: start 99aab7c0-d213-4f2c-9146-fe97bea2462a@group-32C5D878BA64-LeaderStateImpl
2024-02-27 21:36:49,359 [99aab7c0-d213-4f2c-9146-fe97bea2462a@group-32C5D878BA64-LeaderElection15] INFO  server.RaftServer$Division (RaftServerImpl.java:setFirstElection(574)) - 99aab7c0-d213-4f2c-9146-fe97bea2462a@group-32C5D878BA64: set firstElectionSinceStartup to false for becomeLeader
2024-02-27 21:36:49,359 [99aab7c0-d213-4f2c-9146-fe97bea2462a@group-32C5D878BA64-LeaderElection15] INFO  ratis.XceiverServerRatis (XceiverServerRatis.java:handleLeaderChangedNotification(966)) - Leader change notification received for group: group-32C5D878BA64 with new leaderId: 99aab7c0-d213-4f2c-9146-fe97bea2462a
2024-02-27 21:36:49,359 [99aab7c0-d213-4f2c-9146-fe97bea2462a@group-32C5D878BA64-LeaderElection15] INFO  server.RaftServer$Division (ServerState.java:setLeader(269)) - 99aab7c0-d213-4f2c-9146-fe97bea2462a@group-32C5D878BA64: change Leader from null to 99aab7c0-d213-4f2c-9146-fe97bea2462a at term 1 for becomeLeader, leader elected after 5163ms
2024-02-27 21:36:49,359 [99aab7c0-d213-4f2c-9146-fe97bea2462a@group-32C5D878BA64-LeaderElection15] INFO  segmented.SegmentedRaftLogWorker (SegmentedRaftLogWorker.java:startLogSegment(430)) - 99aab7c0-d213-4f2c-9146-fe97bea2462a@group-32C5D878BA64-SegmentedRaftLogWorker: Starting segment from index:0
2024-02-27 21:36:49,360 [99aab7c0-d213-4f2c-9146-fe97bea2462a@group-32C5D878BA64-LeaderElection15] INFO  server.RaftServer$Division (ServerState.java:setRaftConf(386)) - 99aab7c0-d213-4f2c-9146-fe97bea2462a@group-32C5D878BA64: set configuration 0: peers:[99aab7c0-d213-4f2c-9146-fe97bea2462a|10.1.0.18:15050, d3d377a3-85e1-46ad-98d9-a3196f7db815|10.1.0.18:15059, 33496502-95c3-4a2e-b72a-a08a7037350f|10.1.0.18:15041]|listeners:[], old=null
2024-02-27 21:36:49,363 [EventQueue-PipelineReportForPipelineReportHandler] INFO  pipeline.PipelineReportHandler (PipelineReportHandler.java:processPipelineReport(136)) - Opened pipeline PipelineID=2b113725-d10a-49e1-8944-32c5d878ba64
2024-02-27 21:36:49,363 [99aab7c0-d213-4f2c-9146-fe97bea2462a@group-32C5D878BA64-SegmentedRaftLogWorker] INFO  segmented.BufferedWriteChannel (BufferedWriteChannel.java:open(62)) - open log_inprogress_0 at position 0
2024-02-27 21:36:49,370 [99aab7c0-d213-4f2c-9146-fe97bea2462a@group-32C5D878BA64-SegmentedRaftLogWorker] INFO  segmented.SegmentedRaftLogWorker (SegmentedRaftLogWorker.java:execute(634)) - 99aab7c0-d213-4f2c-9146-fe97bea2462a@group-32C5D878BA64-SegmentedRaftLogWorker: created new log segment /home/runner/work/ozone/ozone/hadoop-ozone/integration-test/target/test-dir/MiniOzoneClusterImpl-377bd28b-19ec-4c3d-8af6-29a7f1113b2b/ozone-meta/datanode-5/ratis/2b113725-d10a-49e1-8944-32c5d878ba64/current/log_inprogress_0
2024-02-27 21:36:49,374 [d3d377a3-85e1-46ad-98d9-a3196f7db815-server-thread1] INFO  ratis.XceiverServerRatis (XceiverServerRatis.java:handleLeaderChangedNotification(966)) - Leader change notification received for group: group-32C5D878BA64 with new leaderId: 99aab7c0-d213-4f2c-9146-fe97bea2462a
2024-02-27 21:36:49,374 [d3d377a3-85e1-46ad-98d9-a3196f7db815-server-thread1] INFO  server.RaftServer$Division (ServerState.java:setLeader(269)) - d3d377a3-85e1-46ad-98d9-a3196f7db815@group-32C5D878BA64: change Leader from null to 99aab7c0-d213-4f2c-9146-fe97bea2462a at term 1 for appendEntries, leader elected after 5263ms
2024-02-27 21:36:49,376 [d3d377a3-85e1-46ad-98d9-a3196f7db815-server-thread2] INFO  server.RaftServer$Division (ServerState.java:setRaftConf(386)) - d3d377a3-85e1-46ad-98d9-a3196f7db815@group-32C5D878BA64: set configuration 0: peers:[99aab7c0-d213-4f2c-9146-fe97bea2462a|10.1.0.18:15050, d3d377a3-85e1-46ad-98d9-a3196f7db815|10.1.0.18:15059, 33496502-95c3-4a2e-b72a-a08a7037350f|10.1.0.18:15041]|listeners:[], old=null
2024-02-27 21:36:49,378 [d3d377a3-85e1-46ad-98d9-a3196f7db815-server-thread2] INFO  segmented.SegmentedRaftLogWorker (SegmentedRaftLogWorker.java:startLogSegment(430)) - d3d377a3-85e1-46ad-98d9-a3196f7db815@group-32C5D878BA64-SegmentedRaftLogWorker: Starting segment from index:0
2024-02-27 21:36:49,379 [d3d377a3-85e1-46ad-98d9-a3196f7db815@group-32C5D878BA64-SegmentedRaftLogWorker] INFO  segmented.BufferedWriteChannel (BufferedWriteChannel.java:open(62)) - open log_inprogress_0 at position 0
2024-02-27 21:36:49,380 [33496502-95c3-4a2e-b72a-a08a7037350f-server-thread1] INFO  ratis.XceiverServerRatis (XceiverServerRatis.java:handleLeaderChangedNotification(966)) - Leader change notification received for group: group-32C5D878BA64 with new leaderId: 99aab7c0-d213-4f2c-9146-fe97bea2462a
2024-02-27 21:36:49,380 [33496502-95c3-4a2e-b72a-a08a7037350f-server-thread1] INFO  server.RaftServer$Division (ServerState.java:setLeader(269)) - 33496502-95c3-4a2e-b72a-a08a7037350f@group-32C5D878BA64: change Leader from null to 99aab7c0-d213-4f2c-9146-fe97bea2462a at term 1 for appendEntries, leader elected after 5293ms
2024-02-27 21:36:49,387 [33496502-95c3-4a2e-b72a-a08a7037350f-server-thread3] INFO  server.RaftServer$Division (ServerState.java:setRaftConf(386)) - 33496502-95c3-4a2e-b72a-a08a7037350f@group-32C5D878BA64: set configuration 0: peers:[99aab7c0-d213-4f2c-9146-fe97bea2462a|10.1.0.18:15050, d3d377a3-85e1-46ad-98d9-a3196f7db815|10.1.0.18:15059, 33496502-95c3-4a2e-b72a-a08a7037350f|10.1.0.18:15041]|listeners:[], old=null
2024-02-27 21:36:49,388 [33496502-95c3-4a2e-b72a-a08a7037350f-server-thread3] INFO  segmented.SegmentedRaftLogWorker (SegmentedRaftLogWorker.java:startLogSegment(430)) - 33496502-95c3-4a2e-b72a-a08a7037350f@group-32C5D878BA64-SegmentedRaftLogWorker: Starting segment from index:0
2024-02-27 21:36:49,388 [d3d377a3-85e1-46ad-98d9-a3196f7db815@group-32C5D878BA64-SegmentedRaftLogWorker] INFO  segmented.SegmentedRaftLogWorker (SegmentedRaftLogWorker.java:execute(634)) - d3d377a3-85e1-46ad-98d9-a3196f7db815@group-32C5D878BA64-SegmentedRaftLogWorker: created new log segment /home/runner/work/ozone/ozone/hadoop-ozone/integration-test/target/test-dir/MiniOzoneClusterImpl-377bd28b-19ec-4c3d-8af6-29a7f1113b2b/ozone-meta/datanode-6/ratis/2b113725-d10a-49e1-8944-32c5d878ba64/current/log_inprogress_0
2024-02-27 21:36:49,388 [33496502-95c3-4a2e-b72a-a08a7037350f@group-32C5D878BA64-SegmentedRaftLogWorker] INFO  segmented.BufferedWriteChannel (BufferedWriteChannel.java:open(62)) - open log_inprogress_0 at position 0
2024-02-27 21:36:49,393 [99aab7c0-d213-4f2c-9146-fe97bea2462a@group-32C5D878BA64-StateMachineUpdater] INFO  server.RaftServer$Division (LeaderStateImpl.java:isApplied(320)) - leader is ready since appliedIndex == 0 >= startIndex == 0
2024-02-27 21:36:49,399 [33496502-95c3-4a2e-b72a-a08a7037350f@group-32C5D878BA64-SegmentedRaftLogWorker] INFO  segmented.SegmentedRaftLogWorker (SegmentedRaftLogWorker.java:execute(634)) - 33496502-95c3-4a2e-b72a-a08a7037350f@group-32C5D878BA64-SegmentedRaftLogWorker: created new log segment /home/runner/work/ozone/ozone/hadoop-ozone/integration-test/target/test-dir/MiniOzoneClusterImpl-377bd28b-19ec-4c3d-8af6-29a7f1113b2b/ozone-meta/datanode-4/ratis/2b113725-d10a-49e1-8944-32c5d878ba64/current/log_inprogress_0
2024-02-27 21:36:49,430 [main] INFO  ozone.MiniOzoneClusterImpl (MiniOzoneClusterImpl.java:shutdown(397)) - Shutting down the Mini Ozone Cluster
2024-02-27 21:36:49,431 [main] INFO  db.CodecTestUtil (CodecTestUtil.java:gc(50)) - gc 0
2024-02-27 21:36:49,613 [RatisPipelineUtilsThread-0] INFO  pipeline.RatisPipelineProvider (RatisPipelineProvider.java:lambda$create$0(205)) - Sending CreatePipelineCommand for pipeline:PipelineID=f9d57101-8f74-4af8-ab8c-bff529ff1544 to datanode:99aab7c0-d213-4f2c-9146-fe97bea2462a
2024-02-27 21:36:49,613 [RatisPipelineUtilsThread-0] INFO  pipeline.RatisPipelineProvider (RatisPipelineProvider.java:lambda$create$0(205)) - Sending CreatePipelineCommand for pipeline:PipelineID=f9d57101-8f74-4af8-ab8c-bff529ff1544 to datanode:33496502-95c3-4a2e-b72a-a08a7037350f
2024-02-27 21:36:49,613 [RatisPipelineUtilsThread-0] INFO  pipeline.RatisPipelineProvider (RatisPipelineProvider.java:lambda$create$0(205)) - Sending CreatePipelineCommand for pipeline:PipelineID=f9d57101-8f74-4af8-ab8c-bff529ff1544 to datanode:46ce47ac-a134-4cce-ba10-4493b406f4b0
2024-02-27 21:36:49,614 [RatisPipelineUtilsThread-0] INFO  pipeline.BackgroundPipelineCreator (BackgroundPipelineCreator.java:createPipelines(236)) - Created new pipeline Pipeline[ Id: f9d57101-8f74-4af8-ab8c-bff529ff1544, Nodes: 99aab7c0-d213-4f2c-9146-fe97bea2462a(fv-az531-651.fb1yufaac5hu3gd5gtxiz42tfh.cx.internal.cloudapp.net/10.1.0.18)33496502-95c3-4a2e-b72a-a08a7037350f(fv-az531-651.fb1yufaac5hu3gd5gtxiz42tfh.cx.internal.cloudapp.net/10.1.0.18)46ce47ac-a134-4cce-ba10-4493b406f4b0(fv-az531-651.fb1yufaac5hu3gd5gtxiz42tfh.cx.internal.cloudapp.net/10.1.0.18), ReplicationConfig: RATIS/THREE, State:ALLOCATED, leaderId:, CreationTimestamp2024-02-27T21:36:49.613Z[Etc/UTC]]
2024-02-27 21:36:49,615 [RatisPipelineUtilsThread-0] INFO  pipeline.RatisPipelineProvider (RatisPipelineProvider.java:lambda$create$0(205)) - Sending CreatePipelineCommand for pipeline:PipelineID=c8d683fd-adf1-42fd-bb8d-91e32b6686c2 to datanode:c855f1da-1b31-46a5-a68b-5d36f1d30008
2024-02-27 21:36:49,615 [RatisPipelineUtilsThread-0] INFO  pipeline.RatisPipelineProvider (RatisPipelineProvider.java:lambda$create$0(205)) - Sending CreatePipelineCommand for pipeline:PipelineID=c8d683fd-adf1-42fd-bb8d-91e32b6686c2 to datanode:9eee0c4a-241f-4a15-bff1-0522a907ac9b
2024-02-27 21:36:49,615 [RatisPipelineUtilsThread-0] INFO  pipeline.RatisPipelineProvider (RatisPipelineProvider.java:lambda$create$0(205)) - Sending CreatePipelineCommand for pipeline:PipelineID=c8d683fd-adf1-42fd-bb8d-91e32b6686c2 to datanode:d3d377a3-85e1-46ad-98d9-a3196f7db815
2024-02-27 21:36:49,616 [RatisPipelineUtilsThread-0] INFO  pipeline.BackgroundPipelineCreator (BackgroundPipelineCreator.java:createPipelines(236)) - Created new pipeline Pipeline[ Id: c8d683fd-adf1-42fd-bb8d-91e32b6686c2, Nodes: c855f1da-1b31-46a5-a68b-5d36f1d30008(fv-az531-651.fb1yufaac5hu3gd5gtxiz42tfh.cx.internal.cloudapp.net/10.1.0.18)9eee0c4a-241f-4a15-bff1-0522a907ac9b(fv-az531-651.fb1yufaac5hu3gd5gtxiz42tfh.cx.internal.cloudapp.net/10.1.0.18)d3d377a3-85e1-46ad-98d9-a3196f7db815(fv-az531-651.fb1yufaac5hu3gd5gtxiz42tfh.cx.internal.cloudapp.net/10.1.0.18), ReplicationConfig: RATIS/THREE, State:ALLOCATED, leaderId:, CreationTimestamp2024-02-27T21:36:49.615Z[Etc/UTC]]
2024-02-27 21:36:49,705 [main] INFO  ozone.MiniOzoneClusterImpl (MiniOzoneClusterImpl.java:stop(413)) - Stopping the Mini Ozone Cluster
2024-02-27 21:36:49,705 [main] INFO  om.OzoneManager (OzoneManager.java:stop(2203)) - om1[localhost:15004]: Stopping Ozone Manager
2024-02-27 21:36:49,705 [main] INFO  ipc.Server (Server.java:stop(3523)) - Stopping server on 15004
2024-02-27 21:36:49,712 [IPC Server listener on 15004] INFO  ipc.Server (Server.java:run(1434)) - Stopping IPC Server listener on 15004
2024-02-27 21:36:49,712 [main] INFO  ratis.OzoneManagerRatisServer (OzoneManagerRatisServer.java:stop(594)) - Stopping org.apache.hadoop.ozone.om.ratis.OzoneManagerRatisServer@18333e9a at port 15007
2024-02-27 21:36:49,713 [main] INFO  server.RaftServer (RaftServerProxy.java:lambda$close$9(416)) - om1: close
2024-02-27 21:36:49,713 [om1-impl-thread1] INFO  server.RaftServer$Division (RaftServerImpl.java:lambda$close$3(526)) - om1@group-C5BA1605619E: shutdown
2024-02-27 21:36:49,713 [main] INFO  server.GrpcService (GrpcService.java:closeImpl(311)) - om1: shutdown server GrpcServerProtocolService now
2024-02-27 21:36:49,713 [om1-impl-thread1] INFO  util.JmxRegister (JmxRegister.java:unregister(73)) - Successfully un-registered JMX Bean with object name Ratis:service=RaftServer,group=group-C5BA1605619E,id=om1
2024-02-27 21:36:49,714 [om1-impl-thread1] INFO  impl.RoleInfo (RoleInfo.java:shutdownLeaderState(94)) - om1: shutdown om1@group-C5BA1605619E-LeaderStateImpl
2024-02-27 21:36:49,714 [IPC Server Responder] INFO  ipc.Server (Server.java:run(1567)) - Stopping IPC Server Responder
2024-02-27 21:36:49,714 [om1-impl-thread1] INFO  impl.PendingRequests (PendingRequests.java:sendNotLeaderResponses(289)) - om1@group-C5BA1605619E-PendingRequests: sendNotLeaderResponses
2024-02-27 21:36:49,715 [om1-impl-thread1] INFO  impl.StateMachineUpdater (StateMachineUpdater.java:stopAndJoin(157)) - om1@group-C5BA1605619E-StateMachineUpdater: set stopIndex = 0
2024-02-27 21:36:49,715 [om1@group-C5BA1605619E-StateMachineUpdater] INFO  ratis.OzoneManagerStateMachine (OzoneManagerStateMachine.java:takeSnapshotImpl(469)) -  applied = (t:0, i:~)
2024-02-27 21:36:49,715 [om1@group-C5BA1605619E-StateMachineUpdater] INFO  ratis.OzoneManagerStateMachine (OzoneManagerStateMachine.java:takeSnapshotImpl(470)) -  skipped = -1
2024-02-27 21:36:49,715 [om1@group-C5BA1605619E-StateMachineUpdater] INFO  ratis.OzoneManagerStateMachine (OzoneManagerStateMachine.java:takeSnapshotImpl(471)) - notified = (t:1, i:0)
2024-02-27 21:36:49,715 [om1@group-C5BA1605619E-StateMachineUpdater] INFO  ratis.OzoneManagerStateMachine (OzoneManagerStateMachine.java:takeSnapshotImpl(472)) - snapshot = (t:1, i:0)
2024-02-27 21:36:49,719 [main] INFO  server.GrpcService (GrpcService.java:closeImpl(320)) - om1: shutdown server GrpcServerProtocolService successfully
2024-02-27 21:36:49,732 [om1@group-C5BA1605619E-StateMachineUpdater] INFO  impl.StateMachineUpdater (StateMachineUpdater.java:takeSnapshot(295)) - om1@group-C5BA1605619E-StateMachineUpdater: Took a snapshot at index 0
2024-02-27 21:36:49,733 [om1@group-C5BA1605619E-StateMachineUpdater] INFO  impl.StateMachineUpdater (StateMachineUpdater.java:lambda$new$0(98)) - om1@group-C5BA1605619E-StateMachineUpdater: snapshotIndex: updateIncreasingly -1 -> 0
2024-02-27 21:36:49,733 [om1@group-C5BA1605619E-StateMachineUpdater] INFO  ratis.OzoneManagerStateMachine (OzoneManagerStateMachine.java:close(515)) - Stopping OzoneManagerStateMachine:om1:group-C5BA1605619E.
2024-02-27 21:36:49,733 [om1@group-C5BA1605619E-StateMachineUpdater] INFO  ratis.OzoneManagerDoubleBuffer (OzoneManagerDoubleBuffer.java:stopDaemon(514)) - Stopping OMDoubleBuffer flush thread
2024-02-27 21:36:49,733 [om1-OMDoubleBufferFlushThread] INFO  ratis.OzoneManagerDoubleBuffer (OzoneManagerDoubleBuffer.java:canFlush(578)) - OMDoubleBuffer flush thread om1-OMDoubleBufferFlushThread is interrupted and will exit.
2024-02-27 21:36:49,735 [om1-impl-thread1] INFO  server.RaftServer$Division (ServerState.java:close(427)) - om1@group-C5BA1605619E: applyIndex: -1
2024-02-27 21:36:49,736 [om1@group-C5BA1605619E-cacheEviction-AwaitToRun] INFO  util.AwaitToRun (AwaitToRun.java:run(49)) - om1@group-C5BA1605619E-cacheEviction-AwaitToRun-AwaitForSignal is interrupted
2024-02-27 21:36:50,713 [om1-impl-thread1] INFO  segmented.SegmentedRaftLogWorker (SegmentedRaftLogWorker.java:close(245)) - om1@group-C5BA1605619E-SegmentedRaftLogWorker close()
2024-02-27 21:36:50,714 [JvmPauseMonitor1] INFO  util.JvmPauseMonitor (JvmPauseMonitor.java:run(152)) - JvmPauseMonitor-om1: Stopped
2024-02-27 21:36:50,714 [main] INFO  utils.BackgroundService (BackgroundService.java:shutdown(160)) - Shutting down service KeyDeletingService
2024-02-27 21:36:50,715 [main] INFO  utils.BackgroundService (BackgroundService.java:shutdown(160)) - Shutting down service DirectoryDeletingService
2024-02-27 21:36:50,715 [main] INFO  utils.BackgroundService (BackgroundService.java:shutdown(160)) - Shutting down service OpenKeyCleanupService
2024-02-27 21:36:50,715 [main] INFO  utils.BackgroundService (BackgroundService.java:shutdown(160)) - Shutting down service SstFilteringService
2024-02-27 21:36:50,715 [main] INFO  utils.BackgroundService (BackgroundService.java:shutdown(160)) - Shutting down service SnapshotDeletingService
2024-02-27 21:36:50,716 [main] INFO  utils.BackgroundService (BackgroundService.java:shutdown(160)) - Shutting down service MultipartUploadCleanupService
2024-02-27 21:36:50,716 [main] INFO  utils.BackgroundService (BackgroundService.java:shutdown(160)) - Shutting down service SnapshotDirectoryCleaningService
2024-02-27 21:36:50,717 [main] INFO  handler.ContextHandler (ContextHandler.java:doStop(1159)) - Stopped o.e.j.w.WebAppContext@2f98755d{ozoneManager,/,null,STOPPED}{file:/home/runner/work/ozone/ozone/hadoop-ozone/integration-test/target/test-classes/webapps/ozoneManager}
2024-02-27 21:36:50,720 [main] INFO  server.AbstractConnector (AbstractConnector.java:doStop(383)) - Stopped ServerConnector@2770db6d{HTTP/1.1, (http/1.1)}{0.0.0.0:15005}
2024-02-27 21:36:50,720 [main] INFO  server.session (HouseKeeper.java:stopScavenging(149)) - node0 Stopped scavenging
2024-02-27 21:36:50,720 [main] INFO  handler.ContextHandler (ContextHandler.java:doStop(1159)) - Stopped o.e.j.s.ServletContextHandler@7c8c5798{static,/static,file:///home/runner/work/ozone/ozone/hadoop-ozone/integration-test/target/test-classes/webapps/static,STOPPED}
2024-02-27 21:36:50,720 [main] INFO  handler.ContextHandler (ContextHandler.java:doStop(1159)) - Stopped o.e.j.s.ServletContextHandler@44bff65c{logs,/logs,file:///home/runner/work/ozone/ozone/hadoop-ozone/integration-test/target/log,STOPPED}
2024-02-27 21:36:50,722 [main] INFO  rocksdiff.RocksDBCheckpointDiffer (RocksDBCheckpointDiffer.java:close(310)) - Shutting down CompactionDagPruningService.
2024-02-27 21:36:50,725 [main] INFO  snapshot.SnapshotDiffManager (SnapshotDiffManager.java:closeExecutorService(1657)) - Shutting down executorService: 'SnapDiffExecutor'
2024-02-27 21:36:50,725 [main] INFO  utils.BackgroundService (BackgroundService.java:shutdown(160)) - Shutting down service SnapshotDiffCleanupService
2024-02-27 21:36:50,727 [main] INFO  ozone.MiniOzoneClusterImpl (MiniOzoneClusterImpl.java:stopDatanodes(472)) - Stopping the HddsDatanodes
2024-02-27 21:36:50,733 [ForkJoinPool.commonPool-worker-3] INFO  ozoneimpl.OzoneContainer (OzoneContainer.java:stop(481)) - Attempting to stop container services.
2024-02-27 21:36:50,736 [ForkJoinPool.commonPool-worker-1] INFO  ozoneimpl.OzoneContainer (OzoneContainer.java:stop(481)) - Attempting to stop container services.
2024-02-27 21:36:50,736 [ForkJoinPool.commonPool-worker-0] INFO  ozoneimpl.OzoneContainer (OzoneContainer.java:stop(481)) - Attempting to stop container services.
2024-02-27 21:36:50,739 [ForkJoinPool.commonPool-worker-3] INFO  server.RaftServer (RaftServerProxy.java:lambda$close$9(416)) - d3d377a3-85e1-46ad-98d9-a3196f7db815: close
2024-02-27 21:36:50,739 [ForkJoinPool.commonPool-worker-1] INFO  server.RaftServer (RaftServerProxy.java:lambda$close$9(416)) - c855f1da-1b31-46a5-a68b-5d36f1d30008: close
2024-02-27 21:36:50,740 [d3d377a3-85e1-46ad-98d9-a3196f7db815-impl-thread1] INFO  server.RaftServer$Division (RaftServerImpl.java:lambda$close$3(526)) - d3d377a3-85e1-46ad-98d9-a3196f7db815@group-32C5D878BA64: shutdown
2024-02-27 21:36:50,740 [d3d377a3-85e1-46ad-98d9-a3196f7db815-impl-thread1] INFO  util.JmxRegister (JmxRegister.java:unregister(73)) - Successfully un-registered JMX Bean with object name Ratis:service=RaftServer,group=group-32C5D878BA64,id=d3d377a3-85e1-46ad-98d9-a3196f7db815
2024-02-27 21:36:50,740 [d3d377a3-85e1-46ad-98d9-a3196f7db815-impl-thread1] INFO  impl.RoleInfo (RoleInfo.java:shutdownFollowerState(110)) - d3d377a3-85e1-46ad-98d9-a3196f7db815: shutdown d3d377a3-85e1-46ad-98d9-a3196f7db815@group-32C5D878BA64-FollowerState
2024-02-27 21:36:50,740 [ForkJoinPool.commonPool-worker-0] INFO  server.RaftServer (RaftServerProxy.java:lambda$close$9(416)) - 46ce47ac-a134-4cce-ba10-4493b406f4b0: close
2024-02-27 21:36:50,740 [ForkJoinPool.commonPool-worker-3] INFO  server.GrpcService (GrpcService.java:closeImpl(311)) - d3d377a3-85e1-46ad-98d9-a3196f7db815: shutdown server org.apache.ratis.grpc.server.GrpcClientProtocolService now
2024-02-27 21:36:50,740 [d3d377a3-85e1-46ad-98d9-a3196f7db815-impl-thread2] INFO  server.RaftServer$Division (RaftServerImpl.java:lambda$close$3(526)) - d3d377a3-85e1-46ad-98d9-a3196f7db815@group-6FA18942FC7A: shutdown
2024-02-27 21:36:50,740 [d3d377a3-85e1-46ad-98d9-a3196f7db815-impl-thread2] INFO  util.JmxRegister (JmxRegister.java:unregister(73)) - Successfully un-registered JMX Bean with object name Ratis:service=RaftServer,group=group-6FA18942FC7A,id=d3d377a3-85e1-46ad-98d9-a3196f7db815
2024-02-27 21:36:50,740 [d3d377a3-85e1-46ad-98d9-a3196f7db815-impl-thread2] INFO  impl.RoleInfo (RoleInfo.java:shutdownLeaderState(94)) - d3d377a3-85e1-46ad-98d9-a3196f7db815: shutdown d3d377a3-85e1-46ad-98d9-a3196f7db815@group-6FA18942FC7A-LeaderStateImpl
2024-02-27 21:36:50,740 [d3d377a3-85e1-46ad-98d9-a3196f7db815-impl-thread3] INFO  server.RaftServer$Division (RaftServerImpl.java:lambda$close$3(526)) - d3d377a3-85e1-46ad-98d9-a3196f7db815@group-5E707275756C: shutdown
2024-02-27 21:36:50,741 [d3d377a3-85e1-46ad-98d9-a3196f7db815-impl-thread3] INFO  util.JmxRegister (JmxRegister.java:unregister(73)) - Successfully un-registered JMX Bean with object name Ratis:service=RaftServer,group=group-5E707275756C,id=d3d377a3-85e1-46ad-98d9-a3196f7db815
2024-02-27 21:36:50,741 [d3d377a3-85e1-46ad-98d9-a3196f7db815-impl-thread3] INFO  impl.RoleInfo (RoleInfo.java:shutdownLeaderState(94)) - d3d377a3-85e1-46ad-98d9-a3196f7db815: shutdown d3d377a3-85e1-46ad-98d9-a3196f7db815@group-5E707275756C-LeaderStateImpl
2024-02-27 21:36:50,741 [46ce47ac-a134-4cce-ba10-4493b406f4b0-impl-thread1] INFO  server.RaftServer$Division (RaftServerImpl.java:lambda$close$3(526)) - 46ce47ac-a134-4cce-ba10-4493b406f4b0@group-5560CD5E8260: shutdown
2024-02-27 21:36:50,741 [46ce47ac-a134-4cce-ba10-4493b406f4b0-impl-thread1] INFO  util.JmxRegister (JmxRegister.java:unregister(73)) - Successfully un-registered JMX Bean with object name Ratis:service=RaftServer,group=group-5560CD5E8260,id=46ce47ac-a134-4cce-ba10-4493b406f4b0
2024-02-27 21:36:50,741 [46ce47ac-a134-4cce-ba10-4493b406f4b0-impl-thread1] INFO  impl.RoleInfo (RoleInfo.java:shutdownLeaderState(94)) - 46ce47ac-a134-4cce-ba10-4493b406f4b0: shutdown 46ce47ac-a134-4cce-ba10-4493b406f4b0@group-5560CD5E8260-LeaderStateImpl
2024-02-27 21:36:50,741 [d3d377a3-85e1-46ad-98d9-a3196f7db815@group-32C5D878BA64-FollowerState] INFO  impl.FollowerState (FollowerState.java:run(152)) - d3d377a3-85e1-46ad-98d9-a3196f7db815@group-32C5D878BA64-FollowerState was interrupted
2024-02-27 21:36:50,741 [46ce47ac-a134-4cce-ba10-4493b406f4b0@group-5560CD5E8260->9eee0c4a-241f-4a15-bff1-0522a907ac9b-GrpcLogAppender-LogAppenderDaemon] WARN  server.GrpcLogAppender (GrpcLogAppender.java:mayWait(289)) - 46ce47ac-a134-4cce-ba10-4493b406f4b0@group-5560CD5E8260->9eee0c4a-241f-4a15-bff1-0522a907ac9b-GrpcLogAppender: Wait interrupted by java.lang.InterruptedException
2024-02-27 21:36:50,742 [main] INFO  ozoneimpl.OzoneContainer (OzoneContainer.java:stop(481)) - Attempting to stop container services.
2024-02-27 21:36:50,742 [d3d377a3-85e1-46ad-98d9-a3196f7db815-impl-thread1] INFO  impl.StateMachineUpdater (StateMachineUpdater.java:stopAndJoin(157)) - d3d377a3-85e1-46ad-98d9-a3196f7db815@group-32C5D878BA64-StateMachineUpdater: set stopIndex = -1
2024-02-27 21:36:50,743 [d3d377a3-85e1-46ad-98d9-a3196f7db815-impl-thread1] INFO  server.RaftServer$Division (ServerState.java:close(427)) - d3d377a3-85e1-46ad-98d9-a3196f7db815@group-32C5D878BA64: applyIndex: -1
2024-02-27 21:36:50,743 [46ce47ac-a134-4cce-ba10-4493b406f4b0-impl-thread2] INFO  server.RaftServer$Division (RaftServerImpl.java:lambda$close$3(526)) - 46ce47ac-a134-4cce-ba10-4493b406f4b0@group-EC97E56FF824: shutdown
2024-02-27 21:36:50,743 [46ce47ac-a134-4cce-ba10-4493b406f4b0-impl-thread2] INFO  util.JmxRegister (JmxRegister.java:unregister(73)) - Successfully un-registered JMX Bean with object name Ratis:service=RaftServer,group=group-EC97E56FF824,id=46ce47ac-a134-4cce-ba10-4493b406f4b0
2024-02-27 21:36:50,743 [d3d377a3-85e1-46ad-98d9-a3196f7db815@group-32C5D878BA64-cacheEviction-AwaitToRun] INFO  util.AwaitToRun (AwaitToRun.java:run(49)) - d3d377a3-85e1-46ad-98d9-a3196f7db815@group-32C5D878BA64-cacheEviction-AwaitToRun-AwaitForSignal is interrupted
2024-02-27 21:36:50,743 [ForkJoinPool.commonPool-worker-0] INFO  server.GrpcService (GrpcService.java:closeImpl(311)) - 46ce47ac-a134-4cce-ba10-4493b406f4b0: shutdown server org.apache.ratis.grpc.server.GrpcClientProtocolService now
2024-02-27 21:36:50,744 [grpc-default-executor-4] INFO  server.GrpcServerProtocolService (GrpcServerProtocolService.java:onCompleted(157)) - 9eee0c4a-241f-4a15-bff1-0522a907ac9b: Completed APPEND_ENTRIES, lastRequest: null
2024-02-27 21:36:50,745 [c855f1da-1b31-46a5-a68b-5d36f1d30008-impl-thread1] INFO  server.RaftServer$Division (RaftServerImpl.java:lambda$close$3(526)) - c855f1da-1b31-46a5-a68b-5d36f1d30008@group-51EAB182817E: shutdown
2024-02-27 21:36:50,745 [c855f1da-1b31-46a5-a68b-5d36f1d30008-impl-thread1] INFO  util.JmxRegister (JmxRegister.java:unregister(73)) - Successfully un-registered JMX Bean with object name Ratis:service=RaftServer,group=group-51EAB182817E,id=c855f1da-1b31-46a5-a68b-5d36f1d30008
2024-02-27 21:36:50,745 [c855f1da-1b31-46a5-a68b-5d36f1d30008-impl-thread1] INFO  impl.RoleInfo (RoleInfo.java:shutdownLeaderState(94)) - c855f1da-1b31-46a5-a68b-5d36f1d30008: shutdown c855f1da-1b31-46a5-a68b-5d36f1d30008@group-51EAB182817E-LeaderStateImpl
2024-02-27 21:36:50,746 [grpc-default-executor-4] INFO  server.GrpcServerProtocolService (GrpcServerProtocolService.java:lambda$onCompleted$5(159)) - 9eee0c4a-241f-4a15-bff1-0522a907ac9b: Completed APPEND_ENTRIES, lastReply: serverReply {
  requestorId: "46ce47ac-a134-4cce-ba10-4493b406f4b0"
  replyId: "9eee0c4a-241f-4a15-bff1-0522a907ac9b"
  raftGroupId {
    id: "\246\305Y9C\256Kg\252SU`\315^\202`"
  }
  success: true
}
term: 1
followerCommit: 18446744073709551615
matchIndex: 18446744073709551615
isHearbeat: true

2024-02-27 21:36:50,743 [46ce47ac-a134-4cce-ba10-4493b406f4b0-impl-thread2] INFO  impl.RoleInfo (RoleInfo.java:shutdownLeaderState(94)) - 46ce47ac-a134-4cce-ba10-4493b406f4b0: shutdown 46ce47ac-a134-4cce-ba10-4493b406f4b0@group-EC97E56FF824-LeaderStateImpl
2024-02-27 21:36:50,746 [46ce47ac-a134-4cce-ba10-4493b406f4b0-impl-thread3] INFO  server.RaftServer$Division (RaftServerImpl.java:lambda$close$3(526)) - 46ce47ac-a134-4cce-ba10-4493b406f4b0@group-816BF9C79CC5: shutdown
2024-02-27 21:36:50,747 [46ce47ac-a134-4cce-ba10-4493b406f4b0-impl-thread3] INFO  util.JmxRegister (JmxRegister.java:unregister(73)) - Successfully un-registered JMX Bean with object name Ratis:service=RaftServer,group=group-816BF9C79CC5,id=46ce47ac-a134-4cce-ba10-4493b406f4b0
2024-02-27 21:36:50,747 [46ce47ac-a134-4cce-ba10-4493b406f4b0-impl-thread3] INFO  impl.RoleInfo (RoleInfo.java:shutdownFollowerState(110)) - 46ce47ac-a134-4cce-ba10-4493b406f4b0: shutdown 46ce47ac-a134-4cce-ba10-4493b406f4b0@group-816BF9C79CC5-FollowerState
2024-02-27 21:36:50,740 [d3d377a3-85e1-46ad-98d9-a3196f7db815-impl-thread2] INFO  impl.PendingRequests (PendingRequests.java:sendNotLeaderResponses(289)) - d3d377a3-85e1-46ad-98d9-a3196f7db815@group-6FA18942FC7A-PendingRequests: sendNotLeaderResponses
2024-02-27 21:36:50,754 [46ce47ac-a134-4cce-ba10-4493b406f4b0@group-816BF9C79CC5-FollowerState] INFO  impl.FollowerState (FollowerState.java:run(152)) - 46ce47ac-a134-4cce-ba10-4493b406f4b0@group-816BF9C79CC5-FollowerState was interrupted
2024-02-27 21:36:50,754 [d3d377a3-85e1-46ad-98d9-a3196f7db815-impl-thread2] INFO  impl.StateMachineUpdater (StateMachineUpdater.java:stopAndJoin(157)) - d3d377a3-85e1-46ad-98d9-a3196f7db815@group-6FA18942FC7A-StateMachineUpdater: set stopIndex = 0
2024-02-27 21:36:50,754 [d3d377a3-85e1-46ad-98d9-a3196f7db815@group-6FA18942FC7A-StateMachineUpdater] INFO  ratis.ContainerStateMachine (ContainerStateMachine.java:takeSnapshot(355)) - group-6FA18942FC7A: Taking a snapshot at:(t:1, i:0) file /home/runner/work/ozone/ozone/hadoop-ozone/integration-test/target/test-dir/MiniOzoneClusterImpl-377bd28b-19ec-4c3d-8af6-29a7f1113b2b/ozone-meta/datanode-6/ratis/2d2e6ed8-d782-46de-ab75-6fa18942fc7a/sm/snapshot.1_0
2024-02-27 21:36:50,754 [Thread-798] INFO  server.GrpcServerProtocolClient (GrpcServerProtocolClient.java:close(103)) - 33496502-95c3-4a2e-b72a-a08a7037350f Close channels
2024-02-27 21:36:50,742 [46ce47ac-a134-4cce-ba10-4493b406f4b0@group-5560CD5E8260->c855f1da-1b31-46a5-a68b-5d36f1d30008-GrpcLogAppender-LogAppenderDaemon] WARN  server.GrpcLogAppender (GrpcLogAppender.java:mayWait(289)) - 46ce47ac-a134-4cce-ba10-4493b406f4b0@group-5560CD5E8260->c855f1da-1b31-46a5-a68b-5d36f1d30008-GrpcLogAppender: Wait interrupted by java.lang.InterruptedException
2024-02-27 21:36:50,741 [46ce47ac-a134-4cce-ba10-4493b406f4b0-impl-thread1] INFO  impl.PendingRequests (PendingRequests.java:sendNotLeaderResponses(289)) - 46ce47ac-a134-4cce-ba10-4493b406f4b0@group-5560CD5E8260-PendingRequests: sendNotLeaderResponses
2024-02-27 21:36:50,743 [d3d377a3-85e1-46ad-98d9-a3196f7db815-impl-thread3] INFO  impl.PendingRequests (PendingRequests.java:sendNotLeaderResponses(289)) - d3d377a3-85e1-46ad-98d9-a3196f7db815@group-5E707275756C-PendingRequests: sendNotLeaderResponses
2024-02-27 21:36:50,755 [46ce47ac-a134-4cce-ba10-4493b406f4b0-impl-thread1] INFO  impl.StateMachineUpdater (StateMachineUpdater.java:stopAndJoin(157)) - 46ce47ac-a134-4cce-ba10-4493b406f4b0@group-5560CD5E8260-StateMachineUpdater: set stopIndex = 0
2024-02-27 21:36:50,754 [Thread-795] INFO  server.GrpcServerProtocolClient (GrpcServerProtocolClient.java:close(103)) - 99aab7c0-d213-4f2c-9146-fe97bea2462a Close channels
2024-02-27 21:36:50,755 [46ce47ac-a134-4cce-ba10-4493b406f4b0@group-5560CD5E8260-StateMachineUpdater] INFO  ratis.ContainerStateMachine (ContainerStateMachine.java:takeSnapshot(355)) - group-5560CD5E8260: Taking a snapshot at:(t:1, i:0) file /home/runner/work/ozone/ozone/hadoop-ozone/integration-test/target/test-dir/MiniOzoneClusterImpl-377bd28b-19ec-4c3d-8af6-29a7f1113b2b/ozone-meta/datanode-1/ratis/a6c55939-43ae-4b67-aa53-5560cd5e8260/sm/snapshot.1_0
2024-02-27 21:36:50,743 [d3d377a3-85e1-46ad-98d9-a3196f7db815@group-5E707275756C->99aab7c0-d213-4f2c-9146-fe97bea2462a-GrpcLogAppender-LogAppenderDaemon] WARN  server.GrpcLogAppender (GrpcLogAppender.java:mayWait(289)) - d3d377a3-85e1-46ad-98d9-a3196f7db815@group-5E707275756C->99aab7c0-d213-4f2c-9146-fe97bea2462a-GrpcLogAppender: Wait interrupted by java.lang.InterruptedException
2024-02-27 21:36:50,745 [grpc-default-executor-3] INFO  server.GrpcServerProtocolService (GrpcServerProtocolService.java:onCompleted(157)) - 9eee0c4a-241f-4a15-bff1-0522a907ac9b: Completed APPEND_ENTRIES, lastRequest: 46ce47ac-a134-4cce-ba10-4493b406f4b0->9eee0c4a-241f-4a15-bff1-0522a907ac9b#1-t1,previous=(t:0, i:0),leaderCommit=-1,initializing? false,entries: size=1, first=(t:1, i:0), CONFIGURATIONENTRY(current:id: "9eee0c4a-241f-4a15-bff1-0522a907ac9b"
address: "10.1.0.18:15032"
dataStreamAddress: "10.1.0.18:15033"
clientAddress: "10.1.0.18:15030"
adminAddress: "10.1.0.18:15031"
startupRole: FOLLOWER
,id: "46ce47ac-a134-4cce-ba10-4493b406f4b0"
address: "10.1.0.18:15014"
priority: 1
dataStreamAddress: "10.1.0.18:15015"
clientAddress: "10.1.0.18:15012"
adminAddress: "10.1.0.18:15013"
startupRole: FOLLOWER
,id: "c855f1da-1b31-46a5-a68b-5d36f1d30008"
address: "10.1.0.18:15023"
dataStreamAddress: "10.1.0.18:15024"
clientAddress: "10.1.0.18:15021"
adminAddress: "10.1.0.18:15022"
startupRole: FOLLOWER
, old:)
2024-02-27 21:36:50,756 [grpc-default-executor-2] INFO  server.GrpcServerProtocolService (GrpcServerProtocolService.java:onCompleted(157)) - c855f1da-1b31-46a5-a68b-5d36f1d30008: Completed APPEND_ENTRIES, lastRequest: 46ce47ac-a134-4cce-ba10-4493b406f4b0->c855f1da-1b31-46a5-a68b-5d36f1d30008#1-t1,previous=(t:0, i:0),leaderCommit=-1,initializing? false,entries: size=1, first=(t:1, i:0), CONFIGURATIONENTRY(current:id: "9eee0c4a-241f-4a15-bff1-0522a907ac9b"
address: "10.1.0.18:15032"
dataStreamAddress: "10.1.0.18:15033"
clientAddress: "10.1.0.18:15030"
adminAddress: "10.1.0.18:15031"
startupRole: FOLLOWER
,id: "46ce47ac-a134-4cce-ba10-4493b406f4b0"
address: "10.1.0.18:15014"
priority: 1
dataStreamAddress: "10.1.0.18:15015"
clientAddress: "10.1.0.18:15012"
adminAddress: "10.1.0.18:15013"
startupRole: FOLLOWER
,id: "c855f1da-1b31-46a5-a68b-5d36f1d30008"
address: "10.1.0.18:15023"
dataStreamAddress: "10.1.0.18:15024"
clientAddress: "10.1.0.18:15021"
adminAddress: "10.1.0.18:15022"
startupRole: FOLLOWER
, old:)
2024-02-27 21:36:50,756 [grpc-default-executor-2] INFO  server.GrpcServerProtocolService (GrpcServerProtocolService.java:lambda$onCompleted$5(159)) - c855f1da-1b31-46a5-a68b-5d36f1d30008: Completed APPEND_ENTRIES, lastReply: null
2024-02-27 21:36:50,745 [c855f1da-1b31-46a5-a68b-5d36f1d30008-impl-thread1] INFO  impl.PendingRequests (PendingRequests.java:sendNotLeaderResponses(289)) - c855f1da-1b31-46a5-a68b-5d36f1d30008@group-51EAB182817E-PendingRequests: sendNotLeaderResponses
2024-02-27 21:36:50,756 [c855f1da-1b31-46a5-a68b-5d36f1d30008-impl-thread1] INFO  impl.StateMachineUpdater (StateMachineUpdater.java:stopAndJoin(157)) - c855f1da-1b31-46a5-a68b-5d36f1d30008@group-51EAB182817E-StateMachineUpdater: set stopIndex = 0
2024-02-27 21:36:50,756 [grpc-default-executor-3] INFO  server.GrpcServerProtocolService (GrpcServerProtocolService.java:lambda$onCompleted$5(159)) - 9eee0c4a-241f-4a15-bff1-0522a907ac9b: Completed APPEND_ENTRIES, lastReply: null
2024-02-27 21:36:50,756 [c855f1da-1b31-46a5-a68b-5d36f1d30008@group-51EAB182817E-StateMachineUpdater] INFO  ratis.ContainerStateMachine (ContainerStateMachine.java:takeSnapshot(355)) - group-51EAB182817E: Taking a snapshot at:(t:1, i:0) file /home/runner/work/ozone/ozone/hadoop-ozone/integration-test/target/test-dir/MiniOzoneClusterImpl-377bd28b-19ec-4c3d-8af6-29a7f1113b2b/ozone-meta/datanode-2/ratis/f90c3c57-0bcc-4d42-a5d0-51eab182817e/sm/snapshot.1_0
2024-02-27 21:36:50,745 [d3d377a3-85e1-46ad-98d9-a3196f7db815@group-5E707275756C->33496502-95c3-4a2e-b72a-a08a7037350f-GrpcLogAppender-LogAppenderDaemon] WARN  server.GrpcLogAppender (GrpcLogAppender.java:mayWait(289)) - d3d377a3-85e1-46ad-98d9-a3196f7db815@group-5E707275756C->33496502-95c3-4a2e-b72a-a08a7037350f-GrpcLogAppender: Wait interrupted by java.lang.InterruptedException
2024-02-27 21:36:50,757 [d3d377a3-85e1-46ad-98d9-a3196f7db815-impl-thread3] INFO  impl.StateMachineUpdater (StateMachineUpdater.java:stopAndJoin(157)) - d3d377a3-85e1-46ad-98d9-a3196f7db815@group-5E707275756C-StateMachineUpdater: set stopIndex = 0
2024-02-27 21:36:50,757 [d3d377a3-85e1-46ad-98d9-a3196f7db815@group-5E707275756C-StateMachineUpdater] INFO  ratis.ContainerStateMachine (ContainerStateMachine.java:takeSnapshot(355)) - group-5E707275756C: Taking a snapshot at:(t:1, i:0) file /home/runner/work/ozone/ozone/hadoop-ozone/integration-test/target/test-dir/MiniOzoneClusterImpl-377bd28b-19ec-4c3d-8af6-29a7f1113b2b/ozone-meta/datanode-6/ratis/05e9f429-bd2a-4387-ae0a-5e707275756c/sm/snapshot.1_0
2024-02-27 21:36:50,757 [grpc-default-executor-1] INFO  server.GrpcServerProtocolService (GrpcServerProtocolService.java:onCompleted(157)) - c855f1da-1b31-46a5-a68b-5d36f1d30008: Completed APPEND_ENTRIES, lastRequest: null
2024-02-27 21:36:50,757 [ForkJoinPool.commonPool-worker-2] INFO  ozoneimpl.OzoneContainer (OzoneContainer.java:stop(481)) - Attempting to stop container services.
2024-02-27 21:36:50,757 [grpc-default-executor-1] INFO  server.GrpcServerProtocolService (GrpcServerProtocolService.java:lambda$onCompleted$5(159)) - c855f1da-1b31-46a5-a68b-5d36f1d30008: Completed APPEND_ENTRIES, lastReply: serverReply {
  requestorId: "46ce47ac-a134-4cce-ba10-4493b406f4b0"
  replyId: "c855f1da-1b31-46a5-a68b-5d36f1d30008"
  raftGroupId {
    id: "\246\305Y9C\256Kg\252SU`\315^\202`"
  }
  success: true
}
term: 1
nextIndex: 1
followerCommit: 18446744073709551615
matchIndex: 18446744073709551615
isHearbeat: true

2024-02-27 21:36:50,746 [46ce47ac-a134-4cce-ba10-4493b406f4b0-impl-thread2] INFO  impl.PendingRequests (PendingRequests.java:sendNotLeaderResponses(289)) - 46ce47ac-a134-4cce-ba10-4493b406f4b0@group-EC97E56FF824-PendingRequests: sendNotLeaderResponses
2024-02-27 21:36:50,758 [main] INFO  server.RaftServer (RaftServerProxy.java:lambda$close$9(416)) - 33496502-95c3-4a2e-b72a-a08a7037350f: close
2024-02-27 21:36:50,747 [grpc-default-executor-4] INFO  server.GrpcLogAppender (GrpcLogAppender.java:onCompleted(546)) - 46ce47ac-a134-4cce-ba10-4493b406f4b0@group-5560CD5E8260->9eee0c4a-241f-4a15-bff1-0522a907ac9b-AppendLogResponseHandler: follower responses appendEntries COMPLETED
2024-02-27 21:36:50,758 [46ce47ac-a134-4cce-ba10-4493b406f4b0@group-EC97E56FF824-StateMachineUpdater] INFO  ratis.ContainerStateMachine (ContainerStateMachine.java:takeSnapshot(355)) - group-EC97E56FF824: Taking a snapshot at:(t:1, i:0) file /home/runner/work/ozone/ozone/hadoop-ozone/integration-test/target/test-dir/MiniOzoneClusterImpl-377bd28b-19ec-4c3d-8af6-29a7f1113b2b/ozone-meta/datanode-1/ratis/baa3b67b-378d-4a44-a713-ec97e56ff824/sm/snapshot.1_0
2024-02-27 21:36:50,758 [grpc-default-executor-1] INFO  server.GrpcLogAppender (GrpcLogAppender.java:onCompleted(546)) - 46ce47ac-a134-4cce-ba10-4493b406f4b0@group-5560CD5E8260->9eee0c4a-241f-4a15-bff1-0522a907ac9b-AppendLogResponseHandler: follower responses appendEntries COMPLETED
2024-02-27 21:36:50,758 [46ce47ac-a134-4cce-ba10-4493b406f4b0-impl-thread2] INFO  impl.StateMachineUpdater (StateMachineUpdater.java:stopAndJoin(157)) - 46ce47ac-a134-4cce-ba10-4493b406f4b0@group-EC97E56FF824-StateMachineUpdater: set stopIndex = 0
2024-02-27 21:36:50,759 [grpc-default-executor-3] INFO  server.GrpcServerProtocolService (GrpcServerProtocolService.java:onCompleted(157)) - 99aab7c0-d213-4f2c-9146-fe97bea2462a: Completed APPEND_ENTRIES, lastRequest: d3d377a3-85e1-46ad-98d9-a3196f7db815->99aab7c0-d213-4f2c-9146-fe97bea2462a#1-t1,previous=(t:0, i:0),leaderCommit=-1,initializing? false,entries: size=1, first=(t:1, i:0), CONFIGURATIONENTRY(current:id: "99aab7c0-d213-4f2c-9146-fe97bea2462a"
address: "10.1.0.18:15050"
dataStreamAddress: "10.1.0.18:15051"
clientAddress: "10.1.0.18:15048"
adminAddress: "10.1.0.18:15049"
startupRole: FOLLOWER
,id: "d3d377a3-85e1-46ad-98d9-a3196f7db815"
address: "10.1.0.18:15059"
priority: 1
dataStreamAddress: "10.1.0.18:15060"
clientAddress: "10.1.0.18:15057"
adminAddress: "10.1.0.18:15058"
startupRole: FOLLOWER
,id: "33496502-95c3-4a2e-b72a-a08a7037350f"
address: "10.1.0.18:15041"
dataStreamAddress: "10.1.0.18:15042"
clientAddress: "10.1.0.18:15039"
adminAddress: "10.1.0.18:15040"
startupRole: FOLLOWER
, old:)
2024-02-27 21:36:50,759 [grpc-default-executor-3] INFO  server.GrpcServerProtocolService (GrpcServerProtocolService.java:lambda$onCompleted$5(159)) - 99aab7c0-d213-4f2c-9146-fe97bea2462a: Completed APPEND_ENTRIES, lastReply: null
2024-02-27 21:36:50,759 [grpc-default-executor-3] INFO  server.GrpcLogAppender (GrpcLogAppender.java:onCompleted(546)) - 46ce47ac-a134-4cce-ba10-4493b406f4b0@group-5560CD5E8260->c855f1da-1b31-46a5-a68b-5d36f1d30008-AppendLogResponseHandler: follower responses appendEntries COMPLETED
2024-02-27 21:36:50,766 [grpc-default-executor-4] INFO  server.GrpcLogAppender (GrpcLogAppender.java:onCompleted(546)) - d3d377a3-85e1-46ad-98d9-a3196f7db815@group-5E707275756C->99aab7c0-d213-4f2c-9146-fe97bea2462a-AppendLogResponseHandler: follower responses appendEntries COMPLETED
2024-02-27 21:36:50,766 [grpc-default-executor-4] WARN  server.GrpcLogAppender (GrpcLogAppender.java:resetClient(226)) - d3d377a3-85e1-46ad-98d9-a3196f7db815@group-5E707275756C->99aab7c0-d213-4f2c-9146-fe97bea2462a-GrpcLogAppender: Failed to getClient for 99aab7c0-d213-4f2c-9146-fe97bea2462a
org.apache.ratis.protocol.exceptions.AlreadyClosedException: d3d377a3-85e1-46ad-98d9-a3196f7db815 is already CLOSED
	at org.apache.ratis.util.PeerProxyMap$PeerAndProxy.getProxy(PeerProxyMap.java:65)
	at org.apache.ratis.util.PeerProxyMap.getProxy(PeerProxyMap.java:114)
	at org.apache.ratis.grpc.server.GrpcLogAppender.getClient(GrpcLogAppender.java:196)
	at org.apache.ratis.grpc.server.GrpcLogAppender.resetClient(GrpcLogAppender.java:201)
	at org.apache.ratis.grpc.server.GrpcLogAppender.access$800(GrpcLogAppender.java:62)
	at org.apache.ratis.grpc.server.GrpcLogAppender$AppendLogResponseHandler.onCompleted(GrpcLogAppender.java:547)
	at org.apache.ratis.thirdparty.io.grpc.stub.ClientCalls$StreamObserverToCallListenerAdapter.onClose(ClientCalls.java:479)
	at org.apache.ratis.thirdparty.io.grpc.internal.ClientCallImpl.closeObserver(ClientCallImpl.java:567)
	at org.apache.ratis.thirdparty.io.grpc.internal.ClientCallImpl.access$300(ClientCallImpl.java:71)
	at org.apache.ratis.thirdparty.io.grpc.internal.ClientCallImpl$ClientStreamListenerImpl$1StreamClosed.runInternal(ClientCallImpl.java:735)
	at org.apache.ratis.thirdparty.io.grpc.internal.ClientCallImpl$ClientStreamListenerImpl$1StreamClosed.runInContext(ClientCallImpl.java:716)
	at org.apache.ratis.thirdparty.io.grpc.internal.ContextRunnable.run(ContextRunnable.java:37)
	at org.apache.ratis.thirdparty.io.grpc.internal.SerializingExecutor.run(SerializingExecutor.java:133)
	at java.util.concurrent.ThreadPoolExecutor.runWorker(ThreadPoolExecutor.java:1149)
	at java.util.concurrent.ThreadPoolExecutor$Worker.run(ThreadPoolExecutor.java:624)
	at java.lang.Thread.run(Thread.java:750)
2024-02-27 21:36:50,766 [grpc-default-executor-0] INFO  server.GrpcServerProtocolService (GrpcServerProtocolService.java:onCompleted(157)) - 33496502-95c3-4a2e-b72a-a08a7037350f: Completed APPEND_ENTRIES, lastRequest: d3d377a3-85e1-46ad-98d9-a3196f7db815->33496502-95c3-4a2e-b72a-a08a7037350f#1-t1,previous=(t:0, i:0),leaderCommit=-1,initializing? false,entries: size=1, first=(t:1, i:0), CONFIGURATIONENTRY(current:id: "99aab7c0-d213-4f2c-9146-fe97bea2462a"
address: "10.1.0.18:15050"
dataStreamAddress: "10.1.0.18:15051"
clientAddress: "10.1.0.18:15048"
adminAddress: "10.1.0.18:15049"
startupRole: FOLLOWER
,id: "d3d377a3-85e1-46ad-98d9-a3196f7db815"
address: "10.1.0.18:15059"
priority: 1
dataStreamAddress: "10.1.0.18:15060"
clientAddress: "10.1.0.18:15057"
adminAddress: "10.1.0.18:15058"
startupRole: FOLLOWER
,id: "33496502-95c3-4a2e-b72a-a08a7037350f"
address: "10.1.0.18:15041"
dataStreamAddress: "10.1.0.18:15042"
clientAddress: "10.1.0.18:15039"
adminAddress: "10.1.0.18:15040"
startupRole: FOLLOWER
, old:)
2024-02-27 21:36:50,767 [grpc-default-executor-0] INFO  server.GrpcServerProtocolService (GrpcServerProtocolService.java:lambda$onCompleted$5(159)) - 33496502-95c3-4a2e-b72a-a08a7037350f: Completed APPEND_ENTRIES, lastReply: null
2024-02-27 21:36:50,768 [c855f1da-1b31-46a5-a68b-5d36f1d30008-impl-thread2] INFO  server.RaftServer$Division (RaftServerImpl.java:lambda$close$3(526)) - c855f1da-1b31-46a5-a68b-5d36f1d30008@group-5560CD5E8260: shutdown
2024-02-27 21:36:50,768 [grpc-default-executor-3] INFO  server.GrpcServerProtocolService (GrpcServerProtocolService.java:onCompleted(157)) - 33496502-95c3-4a2e-b72a-a08a7037350f: Completed APPEND_ENTRIES, lastRequest: null
2024-02-27 21:36:50,770 [grpc-default-executor-3] INFO  server.GrpcServerProtocolService (GrpcServerProtocolService.java:lambda$onCompleted$5(159)) - 33496502-95c3-4a2e-b72a-a08a7037350f: Completed APPEND_ENTRIES, lastReply: serverReply {
  requestorId: "d3d377a3-85e1-46ad-98d9-a3196f7db815"
  replyId: "33496502-95c3-4a2e-b72a-a08a7037350f"
  raftGroupId {
    id: "\005\351\364)\275*C\207\256\n^pruul"
  }
  success: true
}
term: 1
followerCommit: 18446744073709551615
matchIndex: 18446744073709551615
isHearbeat: true

2024-02-27 21:36:50,770 [ForkJoinPool.commonPool-worker-1] INFO  server.GrpcService (GrpcService.java:closeImpl(311)) - c855f1da-1b31-46a5-a68b-5d36f1d30008: shutdown server org.apache.ratis.grpc.server.GrpcClientProtocolService now
2024-02-27 21:36:50,770 [c855f1da-1b31-46a5-a68b-5d36f1d30008-impl-thread3] INFO  server.RaftServer$Division (RaftServerImpl.java:lambda$close$3(526)) - c855f1da-1b31-46a5-a68b-5d36f1d30008@group-816BF9C79CC5: shutdown
2024-02-27 21:36:50,771 [c855f1da-1b31-46a5-a68b-5d36f1d30008-impl-thread3] INFO  util.JmxRegister (JmxRegister.java:unregister(73)) - Successfully un-registered JMX Bean with object name Ratis:service=RaftServer,group=group-816BF9C79CC5,id=c855f1da-1b31-46a5-a68b-5d36f1d30008
2024-02-27 21:36:50,771 [c855f1da-1b31-46a5-a68b-5d36f1d30008-impl-thread3] INFO  impl.RoleInfo (RoleInfo.java:shutdownFollowerState(110)) - c855f1da-1b31-46a5-a68b-5d36f1d30008: shutdown c855f1da-1b31-46a5-a68b-5d36f1d30008@group-816BF9C79CC5-FollowerState
2024-02-27 21:36:50,770 [c855f1da-1b31-46a5-a68b-5d36f1d30008-impl-thread2] INFO  util.JmxRegister (JmxRegister.java:unregister(73)) - Successfully un-registered JMX Bean with object name Ratis:service=RaftServer,group=group-5560CD5E8260,id=c855f1da-1b31-46a5-a68b-5d36f1d30008
2024-02-27 21:36:50,771 [c855f1da-1b31-46a5-a68b-5d36f1d30008-impl-thread2] INFO  impl.RoleInfo (RoleInfo.java:shutdownFollowerState(110)) - c855f1da-1b31-46a5-a68b-5d36f1d30008: shutdown c855f1da-1b31-46a5-a68b-5d36f1d30008@group-5560CD5E8260-FollowerState
2024-02-27 21:36:50,773 [ForkJoinPool.commonPool-worker-1] INFO  server.GrpcService (GrpcService.java:closeImpl(320)) - c855f1da-1b31-46a5-a68b-5d36f1d30008: shutdown server org.apache.ratis.grpc.server.GrpcClientProtocolService successfully
2024-02-27 21:36:50,773 [ForkJoinPool.commonPool-worker-1] INFO  server.GrpcService (GrpcService.java:closeImpl(311)) - c855f1da-1b31-46a5-a68b-5d36f1d30008: shutdown server GrpcServerProtocolService now
2024-02-27 21:36:50,773 [c855f1da-1b31-46a5-a68b-5d36f1d30008@group-5560CD5E8260-FollowerState] INFO  impl.FollowerState (FollowerState.java:run(152)) - c855f1da-1b31-46a5-a68b-5d36f1d30008@group-5560CD5E8260-FollowerState was interrupted
2024-02-27 21:36:50,773 [grpc-default-executor-5] INFO  server.GrpcLogAppender (GrpcLogAppender.java:onCompleted(546)) - d3d377a3-85e1-46ad-98d9-a3196f7db815@group-5E707275756C->33496502-95c3-4a2e-b72a-a08a7037350f-AppendLogResponseHandler: follower responses appendEntries COMPLETED
2024-02-27 21:36:50,774 [c855f1da-1b31-46a5-a68b-5d36f1d30008@group-816BF9C79CC5-FollowerState] INFO  impl.FollowerState (FollowerState.java:run(152)) - c855f1da-1b31-46a5-a68b-5d36f1d30008@group-816BF9C79CC5-FollowerState was interrupted
2024-02-27 21:36:50,773 [c855f1da-1b31-46a5-a68b-5d36f1d30008-impl-thread2] INFO  impl.StateMachineUpdater (StateMachineUpdater.java:stopAndJoin(157)) - c855f1da-1b31-46a5-a68b-5d36f1d30008@group-5560CD5E8260-StateMachineUpdater: set stopIndex = -1
2024-02-27 21:36:50,774 [c855f1da-1b31-46a5-a68b-5d36f1d30008-impl-thread2] INFO  server.RaftServer$Division (ServerState.java:close(427)) - c855f1da-1b31-46a5-a68b-5d36f1d30008@group-5560CD5E8260: applyIndex: -1
2024-02-27 21:36:50,774 [grpc-default-executor-5] WARN  server.GrpcLogAppender (GrpcLogAppender.java:resetClient(226)) - d3d377a3-85e1-46ad-98d9-a3196f7db815@group-5E707275756C->33496502-95c3-4a2e-b72a-a08a7037350f-GrpcLogAppender: Failed to getClient for 33496502-95c3-4a2e-b72a-a08a7037350f
org.apache.ratis.protocol.exceptions.AlreadyClosedException: d3d377a3-85e1-46ad-98d9-a3196f7db815 is already CLOSED
	at org.apache.ratis.util.PeerProxyMap$PeerAndProxy.getProxy(PeerProxyMap.java:65)
	at org.apache.ratis.util.PeerProxyMap.getProxy(PeerProxyMap.java:114)
	at org.apache.ratis.grpc.server.GrpcLogAppender.getClient(GrpcLogAppender.java:196)
	at org.apache.ratis.grpc.server.GrpcLogAppender.resetClient(GrpcLogAppender.java:201)
	at org.apache.ratis.grpc.server.GrpcLogAppender.access$800(GrpcLogAppender.java:62)
	at org.apache.ratis.grpc.server.GrpcLogAppender$AppendLogResponseHandler.onCompleted(GrpcLogAppender.java:547)
	at org.apache.ratis.thirdparty.io.grpc.stub.ClientCalls$StreamObserverToCallListenerAdapter.onClose(ClientCalls.java:479)
	at org.apache.ratis.thirdparty.io.grpc.internal.ClientCallImpl.closeObserver(ClientCallImpl.java:567)
	at org.apache.ratis.thirdparty.io.grpc.internal.ClientCallImpl.access$300(ClientCallImpl.java:71)
	at org.apache.ratis.thirdparty.io.grpc.internal.ClientCallImpl$ClientStreamListenerImpl$1StreamClosed.runInternal(ClientCallImpl.java:735)
	at org.apache.ratis.thirdparty.io.grpc.internal.ClientCallImpl$ClientStreamListenerImpl$1StreamClosed.runInContext(ClientCallImpl.java:716)
	at org.apache.ratis.thirdparty.io.grpc.internal.ContextRunnable.run(ContextRunnable.java:37)
	at org.apache.ratis.thirdparty.io.grpc.internal.SerializingExecutor.run(SerializingExecutor.java:133)
	at java.util.concurrent.ThreadPoolExecutor.runWorker(ThreadPoolExecutor.java:1149)
	at java.util.concurrent.ThreadPoolExecutor$Worker.run(ThreadPoolExecutor.java:624)
	at java.lang.Thread.run(Thread.java:750)
2024-02-27 21:36:50,774 [c855f1da-1b31-46a5-a68b-5d36f1d30008-impl-thread3] INFO  impl.StateMachineUpdater (StateMachineUpdater.java:stopAndJoin(157)) - c855f1da-1b31-46a5-a68b-5d36f1d30008@group-816BF9C79CC5-StateMachineUpdater: set stopIndex = -1
2024-02-27 21:36:50,774 [c855f1da-1b31-46a5-a68b-5d36f1d30008-impl-thread3] INFO  server.RaftServer$Division (ServerState.java:close(427)) - c855f1da-1b31-46a5-a68b-5d36f1d30008@group-816BF9C79CC5: applyIndex: -1
2024-02-27 21:36:50,783 [grpc-default-executor-6] INFO  server.GrpcServerProtocolService (GrpcServerProtocolService.java:onCompleted(157)) - 99aab7c0-d213-4f2c-9146-fe97bea2462a: Completed APPEND_ENTRIES, lastRequest: null
2024-02-27 21:36:50,784 [grpc-default-executor-6] INFO  server.GrpcServerProtocolService (GrpcServerProtocolService.java:lambda$onCompleted$5(159)) - 99aab7c0-d213-4f2c-9146-fe97bea2462a: Completed APPEND_ENTRIES, lastReply: serverReply {
  requestorId: "d3d377a3-85e1-46ad-98d9-a3196f7db815"
  replyId: "99aab7c0-d213-4f2c-9146-fe97bea2462a"
  raftGroupId {
    id: "\005\351\364)\275*C\207\256\n^pruul"
  }
  success: true
}
term: 1
followerCommit: 18446744073709551615
matchIndex: 18446744073709551615
isHearbeat: true

2024-02-27 21:36:50,786 [d3d377a3-85e1-46ad-98d9-a3196f7db815@group-5E707275756C-StateMachineUpdater] INFO  ratis.ContainerStateMachine (ContainerStateMachine.java:takeSnapshot(366)) - group-5E707275756C: Finished taking a snapshot at:(t:1, i:0) file:/home/runner/work/ozone/ozone/hadoop-ozone/integration-test/target/test-dir/MiniOzoneClusterImpl-377bd28b-19ec-4c3d-8af6-29a7f1113b2b/ozone-meta/datanode-6/ratis/05e9f429-bd2a-4387-ae0a-5e707275756c/sm/snapshot.1_0 took: 28 ms
2024-02-27 21:36:50,786 [d3d377a3-85e1-46ad-98d9-a3196f7db815@group-6FA18942FC7A-StateMachineUpdater] INFO  ratis.ContainerStateMachine (ContainerStateMachine.java:takeSnapshot(366)) - group-6FA18942FC7A: Finished taking a snapshot at:(t:1, i:0) file:/home/runner/work/ozone/ozone/hadoop-ozone/integration-test/target/test-dir/MiniOzoneClusterImpl-377bd28b-19ec-4c3d-8af6-29a7f1113b2b/ozone-meta/datanode-6/ratis/2d2e6ed8-d782-46de-ab75-6fa18942fc7a/sm/snapshot.1_0 took: 32 ms
2024-02-27 21:36:50,786 [c855f1da-1b31-46a5-a68b-5d36f1d30008@group-51EAB182817E-StateMachineUpdater] INFO  ratis.ContainerStateMachine (ContainerStateMachine.java:takeSnapshot(366)) - group-51EAB182817E: Finished taking a snapshot at:(t:1, i:0) file:/home/runner/work/ozone/ozone/hadoop-ozone/integration-test/target/test-dir/MiniOzoneClusterImpl-377bd28b-19ec-4c3d-8af6-29a7f1113b2b/ozone-meta/datanode-2/ratis/f90c3c57-0bcc-4d42-a5d0-51eab182817e/sm/snapshot.1_0 took: 30 ms
2024-02-27 21:36:50,787 [c855f1da-1b31-46a5-a68b-5d36f1d30008@group-51EAB182817E-StateMachineUpdater] INFO  impl.StateMachineUpdater (StateMachineUpdater.java:takeSnapshot(295)) - c855f1da-1b31-46a5-a68b-5d36f1d30008@group-51EAB182817E-StateMachineUpdater: Took a snapshot at index 0
2024-02-27 21:36:50,787 [c855f1da-1b31-46a5-a68b-5d36f1d30008@group-51EAB182817E-StateMachineUpdater] INFO  impl.StateMachineUpdater (StateMachineUpdater.java:lambda$new$0(98)) - c855f1da-1b31-46a5-a68b-5d36f1d30008@group-51EAB182817E-StateMachineUpdater: snapshotIndex: updateIncreasingly -1 -> 0
2024-02-27 21:36:50,787 [grpc-default-executor-5] WARN  server.GrpcServerProtocolService (LogUtils.java:warn(121)) - c855f1da-1b31-46a5-a68b-5d36f1d30008: APPEND_ENTRIES onError, lastRequest: 9eee0c4a-241f-4a15-bff1-0522a907ac9b->c855f1da-1b31-46a5-a68b-5d36f1d30008#1-t1,previous=(t:0, i:0),leaderCommit=-1,initializing? false,entries: size=1, first=(t:1, i:0), CONFIGURATIONENTRY(current:id: "9eee0c4a-241f-4a15-bff1-0522a907ac9b"
address: "10.1.0.18:15032"
priority: 1
dataStreamAddress: "10.1.0.18:15033"
clientAddress: "10.1.0.18:15030"
adminAddress: "10.1.0.18:15031"
startupRole: FOLLOWER
,id: "46ce47ac-a134-4cce-ba10-4493b406f4b0"
address: "10.1.0.18:15014"
dataStreamAddress: "10.1.0.18:15015"
clientAddress: "10.1.0.18:15012"
adminAddress: "10.1.0.18:15013"
startupRole: FOLLOWER
,id: "c855f1da-1b31-46a5-a68b-5d36f1d30008"
address: "10.1.0.18:15023"
dataStreamAddress: "10.1.0.18:15024"
clientAddress: "10.1.0.18:15021"
adminAddress: "10.1.0.18:15022"
startupRole: FOLLOWER
, old:): org.apache.ratis.thirdparty.io.grpc.StatusRuntimeException: CANCELLED: client cancelled
2024-02-27 21:36:50,787 [grpc-default-executor-1] INFO  server.GrpcLogAppender (GrpcLogAppender.java:onCompleted(546)) - d3d377a3-85e1-46ad-98d9-a3196f7db815@group-5E707275756C->33496502-95c3-4a2e-b72a-a08a7037350f-AppendLogResponseHandler: follower responses appendEntries COMPLETED
2024-02-27 21:36:50,788 [46ce47ac-a134-4cce-ba10-4493b406f4b0@group-5560CD5E8260-StateMachineUpdater] INFO  ratis.ContainerStateMachine (ContainerStateMachine.java:takeSnapshot(366)) - group-5560CD5E8260: Finished taking a snapshot at:(t:1, i:0) file:/home/runner/work/ozone/ozone/hadoop-ozone/integration-test/target/test-dir/MiniOzoneClusterImpl-377bd28b-19ec-4c3d-8af6-29a7f1113b2b/ozone-meta/datanode-1/ratis/a6c55939-43ae-4b67-aa53-5560cd5e8260/sm/snapshot.1_0 took: 32 ms
2024-02-27 21:36:50,788 [grpc-default-executor-1] WARN  server.GrpcLogAppender (GrpcLogAppender.java:resetClient(226)) - d3d377a3-85e1-46ad-98d9-a3196f7db815@group-5E707275756C->33496502-95c3-4a2e-b72a-a08a7037350f-GrpcLogAppender: Failed to getClient for 33496502-95c3-4a2e-b72a-a08a7037350f
org.apache.ratis.protocol.exceptions.AlreadyClosedException: d3d377a3-85e1-46ad-98d9-a3196f7db815 is already CLOSED
	at org.apache.ratis.util.PeerProxyMap$PeerAndProxy.getProxy(PeerProxyMap.java:65)
	at org.apache.ratis.util.PeerProxyMap.getProxy(PeerProxyMap.java:114)
	at org.apache.ratis.grpc.server.GrpcLogAppender.getClient(GrpcLogAppender.java:196)
	at org.apache.ratis.grpc.server.GrpcLogAppender.resetClient(GrpcLogAppender.java:201)
	at org.apache.ratis.grpc.server.GrpcLogAppender.access$800(GrpcLogAppender.java:62)
	at org.apache.ratis.grpc.server.GrpcLogAppender$AppendLogResponseHandler.onCompleted(GrpcLogAppender.java:547)
	at org.apache.ratis.thirdparty.io.grpc.stub.ClientCalls$StreamObserverToCallListenerAdapter.onClose(ClientCalls.java:479)
	at org.apache.ratis.thirdparty.io.grpc.internal.ClientCallImpl.closeObserver(ClientCallImpl.java:567)
	at org.apache.ratis.thirdparty.io.grpc.internal.ClientCallImpl.access$300(ClientCallImpl.java:71)
	at org.apache.ratis.thirdparty.io.grpc.internal.ClientCallImpl$ClientStreamListenerImpl$1StreamClosed.runInternal(ClientCallImpl.java:735)
	at org.apache.ratis.thirdparty.io.grpc.internal.ClientCallImpl$ClientStreamListenerImpl$1StreamClosed.runInContext(ClientCallImpl.java:716)
	at org.apache.ratis.thirdparty.io.grpc.internal.ContextRunnable.run(ContextRunnable.java:37)
	at org.apache.ratis.thirdparty.io.grpc.internal.SerializingExecutor.run(SerializingExecutor.java:133)
	at java.util.concurrent.ThreadPoolExecutor.runWorker(ThreadPoolExecutor.java:1149)
	at java.util.concurrent.ThreadPoolExecutor$Worker.run(ThreadPoolExecutor.java:624)
	at java.lang.Thread.run(Thread.java:750)
2024-02-27 21:36:50,788 [33496502-95c3-4a2e-b72a-a08a7037350f-impl-thread1] INFO  server.RaftServer$Division (RaftServerImpl.java:lambda$close$3(526)) - 33496502-95c3-4a2e-b72a-a08a7037350f@group-32C5D878BA64: shutdown
2024-02-27 21:36:50,788 [33496502-95c3-4a2e-b72a-a08a7037350f-impl-thread1] INFO  util.JmxRegister (JmxRegister.java:unregister(73)) - Successfully un-registered JMX Bean with object name Ratis:service=RaftServer,group=group-32C5D878BA64,id=33496502-95c3-4a2e-b72a-a08a7037350f
2024-02-27 21:36:50,788 [33496502-95c3-4a2e-b72a-a08a7037350f-impl-thread1] INFO  impl.RoleInfo (RoleInfo.java:shutdownFollowerState(110)) - 33496502-95c3-4a2e-b72a-a08a7037350f: shutdown 33496502-95c3-4a2e-b72a-a08a7037350f@group-32C5D878BA64-FollowerState
2024-02-27 21:36:50,788 [d3d377a3-85e1-46ad-98d9-a3196f7db815@group-6FA18942FC7A-StateMachineUpdater] INFO  impl.StateMachineUpdater (StateMachineUpdater.java:takeSnapshot(295)) - d3d377a3-85e1-46ad-98d9-a3196f7db815@group-6FA18942FC7A-StateMachineUpdater: Took a snapshot at index 0
2024-02-27 21:36:50,788 [d3d377a3-85e1-46ad-98d9-a3196f7db815@group-6FA18942FC7A-StateMachineUpdater] INFO  impl.StateMachineUpdater (StateMachineUpdater.java:lambda$new$0(98)) - d3d377a3-85e1-46ad-98d9-a3196f7db815@group-6FA18942FC7A-StateMachineUpdater: snapshotIndex: updateIncreasingly -1 -> 0
2024-02-27 21:36:50,788 [d3d377a3-85e1-46ad-98d9-a3196f7db815@group-5E707275756C-StateMachineUpdater] INFO  impl.StateMachineUpdater (StateMachineUpdater.java:takeSnapshot(295)) - d3d377a3-85e1-46ad-98d9-a3196f7db815@group-5E707275756C-StateMachineUpdater: Took a snapshot at index 0
2024-02-27 21:36:50,788 [d3d377a3-85e1-46ad-98d9-a3196f7db815@group-5E707275756C-StateMachineUpdater] INFO  impl.StateMachineUpdater (StateMachineUpdater.java:lambda$new$0(98)) - d3d377a3-85e1-46ad-98d9-a3196f7db815@group-5E707275756C-StateMachineUpdater: snapshotIndex: updateIncreasingly -1 -> 0
2024-02-27 21:36:50,789 [46ce47ac-a134-4cce-ba10-4493b406f4b0@group-EC97E56FF824-StateMachineUpdater] INFO  ratis.ContainerStateMachine (ContainerStateMachine.java:takeSnapshot(366)) - group-EC97E56FF824: Finished taking a snapshot at:(t:1, i:0) file:/home/runner/work/ozone/ozone/hadoop-ozone/integration-test/target/test-dir/MiniOzoneClusterImpl-377bd28b-19ec-4c3d-8af6-29a7f1113b2b/ozone-meta/datanode-1/ratis/baa3b67b-378d-4a44-a713-ec97e56ff824/sm/snapshot.1_0 took: 30 ms
2024-02-27 21:36:50,789 [46ce47ac-a134-4cce-ba10-4493b406f4b0@group-EC97E56FF824-StateMachineUpdater] INFO  impl.StateMachineUpdater (StateMachineUpdater.java:takeSnapshot(295)) - 46ce47ac-a134-4cce-ba10-4493b406f4b0@group-EC97E56FF824-StateMachineUpdater: Took a snapshot at index 0
2024-02-27 21:36:50,789 [46ce47ac-a134-4cce-ba10-4493b406f4b0@group-EC97E56FF824-StateMachineUpdater] INFO  impl.StateMachineUpdater (StateMachineUpdater.java:lambda$new$0(98)) - 46ce47ac-a134-4cce-ba10-4493b406f4b0@group-EC97E56FF824-StateMachineUpdater: snapshotIndex: updateIncreasingly -1 -> 0
2024-02-27 21:36:50,788 [46ce47ac-a134-4cce-ba10-4493b406f4b0@group-5560CD5E8260-StateMachineUpdater] INFO  impl.StateMachineUpdater (StateMachineUpdater.java:takeSnapshot(295)) - 46ce47ac-a134-4cce-ba10-4493b406f4b0@group-5560CD5E8260-StateMachineUpdater: Took a snapshot at index 0
2024-02-27 21:36:50,790 [46ce47ac-a134-4cce-ba10-4493b406f4b0@group-5560CD5E8260-StateMachineUpdater] INFO  impl.StateMachineUpdater (StateMachineUpdater.java:lambda$new$0(98)) - 46ce47ac-a134-4cce-ba10-4493b406f4b0@group-5560CD5E8260-StateMachineUpdater: snapshotIndex: updateIncreasingly -1 -> 0
2024-02-27 21:36:50,791 [33496502-95c3-4a2e-b72a-a08a7037350f-impl-thread2] INFO  server.RaftServer$Division (RaftServerImpl.java:lambda$close$3(526)) - 33496502-95c3-4a2e-b72a-a08a7037350f@group-0351F16EC234: shutdown
2024-02-27 21:36:50,791 [main] INFO  server.GrpcService (GrpcService.java:closeImpl(311)) - 33496502-95c3-4a2e-b72a-a08a7037350f: shutdown server org.apache.ratis.grpc.server.GrpcClientProtocolService now
2024-02-27 21:36:50,795 [grpc-default-executor-5] WARN  server.GrpcServerProtocolService (LogUtils.java:warn(121)) - c855f1da-1b31-46a5-a68b-5d36f1d30008: APPEND_ENTRIES onError, lastRequest: null: org.apache.ratis.thirdparty.io.grpc.StatusRuntimeException: CANCELLED: client cancelled
2024-02-27 21:36:50,795 [46ce47ac-a134-4cce-ba10-4493b406f4b0-impl-thread3] INFO  impl.StateMachineUpdater (StateMachineUpdater.java:stopAndJoin(157)) - 46ce47ac-a134-4cce-ba10-4493b406f4b0@group-816BF9C79CC5-StateMachineUpdater: set stopIndex = -1
2024-02-27 21:36:50,795 [46ce47ac-a134-4cce-ba10-4493b406f4b0-impl-thread3] INFO  server.RaftServer$Division (ServerState.java:close(427)) - 46ce47ac-a134-4cce-ba10-4493b406f4b0@group-816BF9C79CC5: applyIndex: -1
2024-02-27 21:36:50,795 [grpc-default-executor-0] INFO  server.GrpcLogAppender (GrpcLogAppender.java:onCompleted(546)) - 46ce47ac-a134-4cce-ba10-4493b406f4b0@group-5560CD5E8260->c855f1da-1b31-46a5-a68b-5d36f1d30008-AppendLogResponseHandler: follower responses appendEntries COMPLETED
2024-02-27 21:36:50,795 [Thread-804] INFO  server.GrpcServerProtocolClient (GrpcServerProtocolClient.java:close(103)) - c855f1da-1b31-46a5-a68b-5d36f1d30008 Close channels
2024-02-27 21:36:50,795 [Thread-801] INFO  server.GrpcServerProtocolClient (GrpcServerProtocolClient.java:close(103)) - 9eee0c4a-241f-4a15-bff1-0522a907ac9b Close channels
2024-02-27 21:36:50,796 [33496502-95c3-4a2e-b72a-a08a7037350f-impl-thread3] INFO  server.RaftServer$Division (RaftServerImpl.java:lambda$close$3(526)) - 33496502-95c3-4a2e-b72a-a08a7037350f@group-5E707275756C: shutdown
2024-02-27 21:36:50,796 [33496502-95c3-4a2e-b72a-a08a7037350f-impl-thread3] INFO  util.JmxRegister (JmxRegister.java:unregister(73)) - Successfully un-registered JMX Bean with object name Ratis:service=RaftServer,group=group-5E707275756C,id=33496502-95c3-4a2e-b72a-a08a7037350f
2024-02-27 21:36:50,796 [33496502-95c3-4a2e-b72a-a08a7037350f-impl-thread3] INFO  impl.RoleInfo (RoleInfo.java:shutdownFollowerState(110)) - 33496502-95c3-4a2e-b72a-a08a7037350f: shutdown 33496502-95c3-4a2e-b72a-a08a7037350f@group-5E707275756C-FollowerState
2024-02-27 21:36:50,795 [33496502-95c3-4a2e-b72a-a08a7037350f-impl-thread2] INFO  util.JmxRegister (JmxRegister.java:unregister(73)) - Successfully un-registered JMX Bean with object name Ratis:service=RaftServer,group=group-0351F16EC234,id=33496502-95c3-4a2e-b72a-a08a7037350f
2024-02-27 21:36:50,795 [grpc-default-executor-0] WARN  server.GrpcLogAppender (GrpcLogAppender.java:resetClient(226)) - 46ce47ac-a134-4cce-ba10-4493b406f4b0@group-5560CD5E8260->c855f1da-1b31-46a5-a68b-5d36f1d30008-GrpcLogAppender: Failed to getClient for c855f1da-1b31-46a5-a68b-5d36f1d30008
org.apache.ratis.protocol.exceptions.AlreadyClosedException: 46ce47ac-a134-4cce-ba10-4493b406f4b0 is already CLOSED
	at org.apache.ratis.util.PeerProxyMap$PeerAndProxy.getProxy(PeerProxyMap.java:65)
	at org.apache.ratis.util.PeerProxyMap.getProxy(PeerProxyMap.java:114)
	at org.apache.ratis.grpc.server.GrpcLogAppender.getClient(GrpcLogAppender.java:196)
	at org.apache.ratis.grpc.server.GrpcLogAppender.resetClient(GrpcLogAppender.java:201)
	at org.apache.ratis.grpc.server.GrpcLogAppender.access$800(GrpcLogAppender.java:62)
	at org.apache.ratis.grpc.server.GrpcLogAppender$AppendLogResponseHandler.onCompleted(GrpcLogAppender.java:547)
	at org.apache.ratis.thirdparty.io.grpc.stub.ClientCalls$StreamObserverToCallListenerAdapter.onClose(ClientCalls.java:479)
	at org.apache.ratis.thirdparty.io.grpc.internal.DelayedClientCall$DelayedListener$3.run(DelayedClientCall.java:489)
	at org.apache.ratis.thirdparty.io.grpc.internal.DelayedClientCall$DelayedListener.delayOrExecute(DelayedClientCall.java:453)
	at org.apache.ratis.thirdparty.io.grpc.internal.DelayedClientCall$DelayedListener.onClose(DelayedClientCall.java:486)
	at org.apache.ratis.thirdparty.io.grpc.internal.ClientCallImpl.closeObserver(ClientCallImpl.java:567)
	at org.apache.ratis.thirdparty.io.grpc.internal.ClientCallImpl.access$300(ClientCallImpl.java:71)
	at org.apache.ratis.thirdparty.io.grpc.internal.ClientCallImpl$ClientStreamListenerImpl$1StreamClosed.runInternal(ClientCallImpl.java:735)
	at org.apache.ratis.thirdparty.io.grpc.internal.ClientCallImpl$ClientStreamListenerImpl$1StreamClosed.runInContext(ClientCallImpl.java:716)
	at org.apache.ratis.thirdparty.io.grpc.internal.ContextRunnable.run(ContextRunnable.java:37)
	at org.apache.ratis.thirdparty.io.grpc.internal.SerializingExecutor.run(SerializingExecutor.java:133)
	at java.util.concurrent.ThreadPoolExecutor.runWorker(ThreadPoolExecutor.java:1149)
	at java.util.concurrent.ThreadPoolExecutor$Worker.run(ThreadPoolExecutor.java:624)
	at java.lang.Thread.run(Thread.java:750)
2024-02-27 21:36:50,795 [46ce47ac-a134-4cce-ba10-4493b406f4b0@group-816BF9C79CC5-cacheEviction-AwaitToRun] INFO  util.AwaitToRun (AwaitToRun.java:run(49)) - 46ce47ac-a134-4cce-ba10-4493b406f4b0@group-816BF9C79CC5-cacheEviction-AwaitToRun-AwaitForSignal is interrupted
2024-02-27 21:36:50,795 [ForkJoinPool.commonPool-worker-2] INFO  server.RaftServer (RaftServerProxy.java:lambda$close$9(416)) - 99aab7c0-d213-4f2c-9146-fe97bea2462a: close
2024-02-27 21:36:50,795 [grpc-default-executor-4] INFO  server.GrpcLogAppender (GrpcLogAppender.java:onCompleted(546)) - d3d377a3-85e1-46ad-98d9-a3196f7db815@group-5E707275756C->99aab7c0-d213-4f2c-9146-fe97bea2462a-AppendLogResponseHandler: follower responses appendEntries COMPLETED
2024-02-27 21:36:50,796 [33496502-95c3-4a2e-b72a-a08a7037350f-impl-thread2] INFO  impl.RoleInfo (RoleInfo.java:shutdownLeaderState(94)) - 33496502-95c3-4a2e-b72a-a08a7037350f: shutdown 33496502-95c3-4a2e-b72a-a08a7037350f@group-0351F16EC234-LeaderStateImpl
2024-02-27 21:36:50,802 [33496502-95c3-4a2e-b72a-a08a7037350f-impl-thread2] INFO  impl.PendingRequests (PendingRequests.java:sendNotLeaderResponses(289)) - 33496502-95c3-4a2e-b72a-a08a7037350f@group-0351F16EC234-PendingRequests: sendNotLeaderResponses
2024-02-27 21:36:50,801 [c855f1da-1b31-46a5-a68b-5d36f1d30008-impl-thread1] INFO  server.RaftServer$Division (ServerState.java:close(427)) - c855f1da-1b31-46a5-a68b-5d36f1d30008@group-51EAB182817E: applyIndex: 0
2024-02-27 21:36:50,801 [grpc-default-executor-3] WARN  server.GrpcLogAppender (LogUtils.java:warn(121)) - 9eee0c4a-241f-4a15-bff1-0522a907ac9b@group-816BF9C79CC5->c855f1da-1b31-46a5-a68b-5d36f1d30008-AppendLogResponseHandler: Failed appendEntries: org.apache.ratis.thirdparty.io.grpc.StatusRuntimeException: CANCELLED: RST_STREAM closed stream. HTTP/2 error code: CANCEL
2024-02-27 21:36:50,802 [ForkJoinPool.commonPool-worker-2] INFO  server.GrpcService (GrpcService.java:closeImpl(311)) - 99aab7c0-d213-4f2c-9146-fe97bea2462a: shutdown server org.apache.ratis.grpc.server.GrpcClientProtocolService now
2024-02-27 21:36:50,802 [33496502-95c3-4a2e-b72a-a08a7037350f-impl-thread2] INFO  impl.StateMachineUpdater (StateMachineUpdater.java:stopAndJoin(157)) - 33496502-95c3-4a2e-b72a-a08a7037350f@group-0351F16EC234-StateMachineUpdater: set stopIndex = 0
2024-02-27 21:36:50,801 [d3d377a3-85e1-46ad-98d9-a3196f7db815-impl-thread2] INFO  server.RaftServer$Division (ServerState.java:close(427)) - d3d377a3-85e1-46ad-98d9-a3196f7db815@group-6FA18942FC7A: applyIndex: 0
2024-02-27 21:36:50,802 [33496502-95c3-4a2e-b72a-a08a7037350f@group-0351F16EC234-StateMachineUpdater] INFO  ratis.ContainerStateMachine (ContainerStateMachine.java:takeSnapshot(355)) - group-0351F16EC234: Taking a snapshot at:(t:1, i:0) file /home/runner/work/ozone/ozone/hadoop-ozone/integration-test/target/test-dir/MiniOzoneClusterImpl-377bd28b-19ec-4c3d-8af6-29a7f1113b2b/ozone-meta/datanode-4/ratis/b33a1e73-18b2-4851-a719-0351f16ec234/sm/snapshot.1_0
2024-02-27 21:36:50,803 [99aab7c0-d213-4f2c-9146-fe97bea2462a-impl-thread3] INFO  server.RaftServer$Division (RaftServerImpl.java:lambda$close$3(526)) - 99aab7c0-d213-4f2c-9146-fe97bea2462a@group-5E707275756C: shutdown
2024-02-27 21:36:50,803 [99aab7c0-d213-4f2c-9146-fe97bea2462a-impl-thread3] INFO  util.JmxRegister (JmxRegister.java:unregister(73)) - Successfully un-registered JMX Bean with object name Ratis:service=RaftServer,group=group-5E707275756C,id=99aab7c0-d213-4f2c-9146-fe97bea2462a
2024-02-27 21:36:50,803 [99aab7c0-d213-4f2c-9146-fe97bea2462a-impl-thread3] INFO  impl.RoleInfo (RoleInfo.java:shutdownFollowerState(110)) - 99aab7c0-d213-4f2c-9146-fe97bea2462a: shutdown 99aab7c0-d213-4f2c-9146-fe97bea2462a@group-5E707275756C-FollowerState
2024-02-27 21:36:50,803 [ForkJoinPool.commonPool-worker-6] INFO  ozoneimpl.OzoneContainer (OzoneContainer.java:stop(481)) - Attempting to stop container services.
2024-02-27 21:36:50,803 [99aab7c0-d213-4f2c-9146-fe97bea2462a-impl-thread3] INFO  impl.StateMachineUpdater (StateMachineUpdater.java:stopAndJoin(157)) - 99aab7c0-d213-4f2c-9146-fe97bea2462a@group-5E707275756C-StateMachineUpdater: set stopIndex = -1
2024-02-27 21:36:50,804 [99aab7c0-d213-4f2c-9146-fe97bea2462a-impl-thread3] INFO  server.RaftServer$Division (ServerState.java:close(427)) - 99aab7c0-d213-4f2c-9146-fe97bea2462a@group-5E707275756C: applyIndex: -1
2024-02-27 21:36:50,804 [99aab7c0-d213-4f2c-9146-fe97bea2462a@group-5E707275756C-cacheEviction-AwaitToRun] INFO  util.AwaitToRun (AwaitToRun.java:run(49)) - 99aab7c0-d213-4f2c-9146-fe97bea2462a@group-5E707275756C-cacheEviction-AwaitToRun-AwaitForSignal is interrupted
2024-02-27 21:36:50,799 [ForkJoinPool.commonPool-worker-1] INFO  server.GrpcService (GrpcService.java:closeImpl(320)) - c855f1da-1b31-46a5-a68b-5d36f1d30008: shutdown server GrpcServerProtocolService successfully
2024-02-27 21:36:50,799 [46ce47ac-a134-4cce-ba10-4493b406f4b0-impl-thread1] INFO  server.RaftServer$Division (ServerState.java:close(427)) - 46ce47ac-a134-4cce-ba10-4493b406f4b0@group-5560CD5E8260: applyIndex: 0
2024-02-27 21:36:50,798 [d3d377a3-85e1-46ad-98d9-a3196f7db815-impl-thread3] INFO  server.RaftServer$Division (ServerState.java:close(427)) - d3d377a3-85e1-46ad-98d9-a3196f7db815@group-5E707275756C: applyIndex: 0
2024-02-27 21:36:50,798 [Thread-814] INFO  server.GrpcServerProtocolClient (GrpcServerProtocolClient.java:close(103)) - d3d377a3-85e1-46ad-98d9-a3196f7db815 Close channels
2024-02-27 21:36:50,807 [c855f1da-1b31-46a5-a68b-5d36f1d30008@group-51EAB182817E-cacheEviction-AwaitToRun] INFO  util.AwaitToRun (AwaitToRun.java:run(49)) - c855f1da-1b31-46a5-a68b-5d36f1d30008@group-51EAB182817E-cacheEviction-AwaitToRun-AwaitForSignal is interrupted
2024-02-27 21:36:50,808 [Thread-819] INFO  server.GrpcServerProtocolClient (GrpcServerProtocolClient.java:close(103)) - d3d377a3-85e1-46ad-98d9-a3196f7db815 Close channels
2024-02-27 21:36:50,808 [ForkJoinPool.commonPool-worker-0] INFO  server.GrpcService (GrpcService.java:closeImpl(320)) - 46ce47ac-a134-4cce-ba10-4493b406f4b0: shutdown server org.apache.ratis.grpc.server.GrpcClientProtocolService successfully
2024-02-27 21:36:50,808 [ForkJoinPool.commonPool-worker-0] INFO  server.GrpcService (GrpcService.java:closeImpl(311)) - 46ce47ac-a134-4cce-ba10-4493b406f4b0: shutdown server GrpcServerProtocolService now
2024-02-27 21:36:50,810 [grpc-default-executor-5] WARN  server.GrpcServerProtocolService (LogUtils.java:warn(121)) - 46ce47ac-a134-4cce-ba10-4493b406f4b0: APPEND_ENTRIES onError, lastRequest: null: org.apache.ratis.thirdparty.io.grpc.StatusRuntimeException: CANCELLED: client cancelled
2024-02-27 21:36:50,810 [grpc-default-executor-0] WARN  server.GrpcLogAppender (LogUtils.java:warn(121)) - 9eee0c4a-241f-4a15-bff1-0522a907ac9b@group-816BF9C79CC5->46ce47ac-a134-4cce-ba10-4493b406f4b0-AppendLogResponseHandler: Failed appendEntries: org.apache.ratis.thirdparty.io.grpc.StatusRuntimeException: CANCELLED: RST_STREAM closed stream. HTTP/2 error code: CANCEL
2024-02-27 21:36:50,810 [grpc-default-executor-0] WARN  server.GrpcLogAppender (GrpcLogAppender.java:lambda$resetClient$1(217)) - 9eee0c4a-241f-4a15-bff1-0522a907ac9b@group-816BF9C79CC5->46ce47ac-a134-4cce-ba10-4493b406f4b0-GrpcLogAppender: Follower failed (request=null, errorCount=1); keep nextIndex (1) unchanged and retry.
2024-02-27 21:36:50,811 [grpc-default-executor-5] WARN  server.GrpcServerProtocolService (LogUtils.java:warn(121)) - 46ce47ac-a134-4cce-ba10-4493b406f4b0: APPEND_ENTRIES onError, lastRequest: 9eee0c4a-241f-4a15-bff1-0522a907ac9b->46ce47ac-a134-4cce-ba10-4493b406f4b0#1-t1,previous=(t:0, i:0),leaderCommit=-1,initializing? false,entries: size=1, first=(t:1, i:0), CONFIGURATIONENTRY(current:id: "9eee0c4a-241f-4a15-bff1-0522a907ac9b"
address: "10.1.0.18:15032"
priority: 1
dataStreamAddress: "10.1.0.18:15033"
clientAddress: "10.1.0.18:15030"
adminAddress: "10.1.0.18:15031"
startupRole: FOLLOWER
,id: "46ce47ac-a134-4cce-ba10-4493b406f4b0"
address: "10.1.0.18:15014"
dataStreamAddress: "10.1.0.18:15015"
clientAddress: "10.1.0.18:15012"
adminAddress: "10.1.0.18:15013"
startupRole: FOLLOWER
,id: "c855f1da-1b31-46a5-a68b-5d36f1d30008"
address: "10.1.0.18:15023"
dataStreamAddress: "10.1.0.18:15024"
clientAddress: "10.1.0.18:15021"
adminAddress: "10.1.0.18:15022"
startupRole: FOLLOWER
, old:): org.apache.ratis.thirdparty.io.grpc.StatusRuntimeException: CANCELLED: client cancelled
2024-02-27 21:36:50,798 [46ce47ac-a134-4cce-ba10-4493b406f4b0-impl-thread2] INFO  server.RaftServer$Division (ServerState.java:close(427)) - 46ce47ac-a134-4cce-ba10-4493b406f4b0@group-EC97E56FF824: applyIndex: 0
2024-02-27 21:36:50,798 [c855f1da-1b31-46a5-a68b-5d36f1d30008@group-5560CD5E8260-cacheEviction-AwaitToRun] INFO  util.AwaitToRun (AwaitToRun.java:run(49)) - c855f1da-1b31-46a5-a68b-5d36f1d30008@group-5560CD5E8260-cacheEviction-AwaitToRun-AwaitForSignal is interrupted
2024-02-27 21:36:50,798 [c855f1da-1b31-46a5-a68b-5d36f1d30008@group-816BF9C79CC5-cacheEviction-AwaitToRun] INFO  util.AwaitToRun (AwaitToRun.java:run(49)) - c855f1da-1b31-46a5-a68b-5d36f1d30008@group-816BF9C79CC5-cacheEviction-AwaitToRun-AwaitForSignal is interrupted
2024-02-27 21:36:50,798 [33496502-95c3-4a2e-b72a-a08a7037350f@group-32C5D878BA64-FollowerState] INFO  impl.FollowerState (FollowerState.java:run(152)) - 33496502-95c3-4a2e-b72a-a08a7037350f@group-32C5D878BA64-FollowerState was interrupted
2024-02-27 21:36:50,798 [33496502-95c3-4a2e-b72a-a08a7037350f-impl-thread1] INFO  impl.StateMachineUpdater (StateMachineUpdater.java:stopAndJoin(157)) - 33496502-95c3-4a2e-b72a-a08a7037350f@group-32C5D878BA64-StateMachineUpdater: set stopIndex = -1
2024-02-27 21:36:50,811 [33496502-95c3-4a2e-b72a-a08a7037350f-impl-thread1] INFO  server.RaftServer$Division (ServerState.java:close(427)) - 33496502-95c3-4a2e-b72a-a08a7037350f@group-32C5D878BA64: applyIndex: -1
2024-02-27 21:36:50,797 [Thread-813] INFO  server.GrpcServerProtocolClient (GrpcServerProtocolClient.java:close(103)) - 99aab7c0-d213-4f2c-9146-fe97bea2462a Close channels
2024-02-27 21:36:50,797 [grpc-default-executor-4] WARN  server.GrpcLogAppender (GrpcLogAppender.java:resetClient(226)) - d3d377a3-85e1-46ad-98d9-a3196f7db815@group-5E707275756C->99aab7c0-d213-4f2c-9146-fe97bea2462a-GrpcLogAppender: Failed to getClient for 99aab7c0-d213-4f2c-9146-fe97bea2462a
org.apache.ratis.protocol.exceptions.AlreadyClosedException: d3d377a3-85e1-46ad-98d9-a3196f7db815 is already CLOSED
	at org.apache.ratis.util.PeerProxyMap$PeerAndProxy.getProxy(PeerProxyMap.java:65)
	at org.apache.ratis.util.PeerProxyMap.getProxy(PeerProxyMap.java:114)
	at org.apache.ratis.grpc.server.GrpcLogAppender.getClient(GrpcLogAppender.java:196)
	at org.apache.ratis.grpc.server.GrpcLogAppender.resetClient(GrpcLogAppender.java:201)
	at org.apache.ratis.grpc.server.GrpcLogAppender.access$800(GrpcLogAppender.java:62)
	at org.apache.ratis.grpc.server.GrpcLogAppender$AppendLogResponseHandler.onCompleted(GrpcLogAppender.java:547)
	at org.apache.ratis.thirdparty.io.grpc.stub.ClientCalls$StreamObserverToCallListenerAdapter.onClose(ClientCalls.java:479)
	at org.apache.ratis.thirdparty.io.grpc.internal.DelayedClientCall$DelayedListener$3.run(DelayedClientCall.java:489)
	at org.apache.ratis.thirdparty.io.grpc.internal.DelayedClientCall$DelayedListener.delayOrExecute(DelayedClientCall.java:453)
	at org.apache.ratis.thirdparty.io.grpc.internal.DelayedClientCall$DelayedListener.onClose(DelayedClientCall.java:486)
	at org.apache.ratis.thirdparty.io.grpc.internal.ClientCallImpl.closeObserver(ClientCallImpl.java:567)
	at org.apache.ratis.thirdparty.io.grpc.internal.ClientCallImpl.access$300(ClientCallImpl.java:71)
	at org.apache.ratis.thirdparty.io.grpc.internal.ClientCallImpl$ClientStreamListenerImpl$1StreamClosed.runInternal(ClientCallImpl.java:735)
	at org.apache.ratis.thirdparty.io.grpc.internal.ClientCallImpl$ClientStreamListenerImpl$1StreamClosed.runInContext(ClientCallImpl.java:716)
	at org.apache.ratis.thirdparty.io.grpc.internal.ContextRunnable.run(ContextRunnable.java:37)
	at org.apache.ratis.thirdparty.io.grpc.internal.SerializingExecutor.run(SerializingExecutor.java:133)
	at java.util.concurrent.ThreadPoolExecutor.runWorker(ThreadPoolExecutor.java:1149)
	at java.util.concurrent.ThreadPoolExecutor$Worker.run(ThreadPoolExecutor.java:624)
	at java.lang.Thread.run(Thread.java:750)
2024-02-27 21:36:50,819 [46ce47ac-a134-4cce-ba10-4493b406f4b0@group-EC97E56FF824-cacheEviction-AwaitToRun] INFO  util.AwaitToRun (AwaitToRun.java:run(49)) - 46ce47ac-a134-4cce-ba10-4493b406f4b0@group-EC97E56FF824-cacheEviction-AwaitToRun-AwaitForSignal is interrupted
2024-02-27 21:36:50,819 [33496502-95c3-4a2e-b72a-a08a7037350f@group-32C5D878BA64-cacheEviction-AwaitToRun] INFO  util.AwaitToRun (AwaitToRun.java:run(49)) - 33496502-95c3-4a2e-b72a-a08a7037350f@group-32C5D878BA64-cacheEviction-AwaitToRun-AwaitForSignal is interrupted
2024-02-27 21:36:50,808 [grpc-default-executor-3] WARN  server.GrpcLogAppender (GrpcLogAppender.java:lambda$resetClient$1(217)) - 9eee0c4a-241f-4a15-bff1-0522a907ac9b@group-816BF9C79CC5->c855f1da-1b31-46a5-a68b-5d36f1d30008-GrpcLogAppender: Follower failed (request=null, errorCount=1); keep nextIndex (1) unchanged and retry.
2024-02-27 21:36:50,808 [Thread-820] INFO  server.GrpcServerProtocolClient (GrpcServerProtocolClient.java:close(103)) - 33496502-95c3-4a2e-b72a-a08a7037350f Close channels
2024-02-27 21:36:50,806 [ForkJoinPool.commonPool-worker-3] INFO  server.GrpcService (GrpcService.java:closeImpl(320)) - d3d377a3-85e1-46ad-98d9-a3196f7db815: shutdown server org.apache.ratis.grpc.server.GrpcClientProtocolService successfully
2024-02-27 21:36:50,822 [ForkJoinPool.commonPool-worker-3] INFO  server.GrpcService (GrpcService.java:closeImpl(311)) - d3d377a3-85e1-46ad-98d9-a3196f7db815: shutdown server GrpcServerProtocolService now
2024-02-27 21:36:50,805 [ForkJoinPool.commonPool-worker-6] INFO  server.RaftServer (RaftServerProxy.java:lambda$close$9(416)) - 9eee0c4a-241f-4a15-bff1-0522a907ac9b: close
2024-02-27 21:36:50,822 [9eee0c4a-241f-4a15-bff1-0522a907ac9b-impl-thread1] INFO  server.RaftServer$Division (RaftServerImpl.java:lambda$close$3(526)) - 9eee0c4a-241f-4a15-bff1-0522a907ac9b@group-5560CD5E8260: shutdown
2024-02-27 21:36:50,823 [9eee0c4a-241f-4a15-bff1-0522a907ac9b-impl-thread1] INFO  util.JmxRegister (JmxRegister.java:unregister(73)) - Successfully un-registered JMX Bean with object name Ratis:service=RaftServer,group=group-5560CD5E8260,id=9eee0c4a-241f-4a15-bff1-0522a907ac9b
2024-02-27 21:36:50,823 [9eee0c4a-241f-4a15-bff1-0522a907ac9b-impl-thread1] INFO  impl.RoleInfo (RoleInfo.java:shutdownFollowerState(110)) - 9eee0c4a-241f-4a15-bff1-0522a907ac9b: shutdown 9eee0c4a-241f-4a15-bff1-0522a907ac9b@group-5560CD5E8260-FollowerState
2024-02-27 21:36:50,804 [33496502-95c3-4a2e-b72a-a08a7037350f@group-5E707275756C-FollowerState] INFO  impl.FollowerState (FollowerState.java:run(152)) - 33496502-95c3-4a2e-b72a-a08a7037350f@group-5E707275756C-FollowerState was interrupted
2024-02-27 21:36:50,804 [33496502-95c3-4a2e-b72a-a08a7037350f-impl-thread3] INFO  impl.StateMachineUpdater (StateMachineUpdater.java:stopAndJoin(157)) - 33496502-95c3-4a2e-b72a-a08a7037350f@group-5E707275756C-StateMachineUpdater: set stopIndex = -1
2024-02-27 21:36:50,823 [33496502-95c3-4a2e-b72a-a08a7037350f-impl-thread3] INFO  server.RaftServer$Division (ServerState.java:close(427)) - 33496502-95c3-4a2e-b72a-a08a7037350f@group-5E707275756C: applyIndex: -1
2024-02-27 21:36:50,804 [d3d377a3-85e1-46ad-98d9-a3196f7db815@group-5E707275756C-cacheEviction-AwaitToRun] INFO  util.AwaitToRun (AwaitToRun.java:run(49)) - d3d377a3-85e1-46ad-98d9-a3196f7db815@group-5E707275756C-cacheEviction-AwaitToRun-AwaitForSignal is interrupted
2024-02-27 21:36:50,823 [ForkJoinPool.commonPool-worker-6] INFO  server.GrpcService (GrpcService.java:closeImpl(311)) - 9eee0c4a-241f-4a15-bff1-0522a907ac9b: shutdown server org.apache.ratis.grpc.server.GrpcClientProtocolService now
2024-02-27 21:36:50,804 [46ce47ac-a134-4cce-ba10-4493b406f4b0@group-5560CD5E8260-cacheEviction-AwaitToRun] INFO  util.AwaitToRun (AwaitToRun.java:run(49)) - 46ce47ac-a134-4cce-ba10-4493b406f4b0@group-5560CD5E8260-cacheEviction-AwaitToRun-AwaitForSignal is interrupted
2024-02-27 21:36:50,804 [ForkJoinPool.commonPool-worker-1] INFO  server.GrpcService (GrpcService.java:closeImpl(311)) - c855f1da-1b31-46a5-a68b-5d36f1d30008: shutdown server org.apache.ratis.grpc.server.GrpcAdminProtocolService now
2024-02-27 21:36:50,804 [99aab7c0-d213-4f2c-9146-fe97bea2462a@group-5E707275756C-FollowerState] INFO  impl.FollowerState (FollowerState.java:run(152)) - 99aab7c0-d213-4f2c-9146-fe97bea2462a@group-5E707275756C-FollowerState was interrupted
2024-02-27 21:36:50,804 [99aab7c0-d213-4f2c-9146-fe97bea2462a-impl-thread1] INFO  server.RaftServer$Division (RaftServerImpl.java:lambda$close$3(526)) - 99aab7c0-d213-4f2c-9146-fe97bea2462a@group-32C5D878BA64: shutdown
2024-02-27 21:36:50,803 [33496502-95c3-4a2e-b72a-a08a7037350f@group-0351F16EC234-StateMachineUpdater] INFO  ratis.ContainerStateMachine (ContainerStateMachine.java:takeSnapshot(366)) - group-0351F16EC234: Finished taking a snapshot at:(t:1, i:0) file:/home/runner/work/ozone/ozone/hadoop-ozone/integration-test/target/test-dir/MiniOzoneClusterImpl-377bd28b-19ec-4c3d-8af6-29a7f1113b2b/ozone-meta/datanode-4/ratis/b33a1e73-18b2-4851-a719-0351f16ec234/sm/snapshot.1_0 took: 1 ms
2024-02-27 21:36:50,824 [grpc-default-executor-0] WARN  server.GrpcServerProtocolService (LogUtils.java:warn(121)) - d3d377a3-85e1-46ad-98d9-a3196f7db815: APPEND_ENTRIES onError, lastRequest: 99aab7c0-d213-4f2c-9146-fe97bea2462a->d3d377a3-85e1-46ad-98d9-a3196f7db815#1-t1,previous=(t:0, i:0),leaderCommit=-1,initializing? false,entries: size=1, first=(t:1, i:0), CONFIGURATIONENTRY(current:id: "99aab7c0-d213-4f2c-9146-fe97bea2462a"
address: "10.1.0.18:15050"
priority: 1
dataStreamAddress: "10.1.0.18:15051"
clientAddress: "10.1.0.18:15048"
adminAddress: "10.1.0.18:15049"
startupRole: FOLLOWER
,id: "d3d377a3-85e1-46ad-98d9-a3196f7db815"
address: "10.1.0.18:15059"
dataStreamAddress: "10.1.0.18:15060"
clientAddress: "10.1.0.18:15057"
adminAddress: "10.1.0.18:15058"
startupRole: FOLLOWER
,id: "33496502-95c3-4a2e-b72a-a08a7037350f"
address: "10.1.0.18:15041"
dataStreamAddress: "10.1.0.18:15042"
clientAddress: "10.1.0.18:15039"
adminAddress: "10.1.0.18:15040"
startupRole: FOLLOWER
, old:): org.apache.ratis.thirdparty.io.grpc.StatusRuntimeException: CANCELLED: client cancelled
2024-02-27 21:36:50,825 [33496502-95c3-4a2e-b72a-a08a7037350f@group-0351F16EC234-StateMachineUpdater] INFO  impl.StateMachineUpdater (StateMachineUpdater.java:takeSnapshot(295)) - 33496502-95c3-4a2e-b72a-a08a7037350f@group-0351F16EC234-StateMachineUpdater: Took a snapshot at index 0
2024-02-27 21:36:50,825 [33496502-95c3-4a2e-b72a-a08a7037350f@group-0351F16EC234-StateMachineUpdater] INFO  impl.StateMachineUpdater (StateMachineUpdater.java:lambda$new$0(98)) - 33496502-95c3-4a2e-b72a-a08a7037350f@group-0351F16EC234-StateMachineUpdater: snapshotIndex: updateIncreasingly -1 -> 0
2024-02-27 21:36:50,825 [grpc-default-executor-0] WARN  server.GrpcLogAppender (LogUtils.java:warn(121)) - 99aab7c0-d213-4f2c-9146-fe97bea2462a@group-32C5D878BA64->d3d377a3-85e1-46ad-98d9-a3196f7db815-AppendLogResponseHandler: Failed appendEntries: org.apache.ratis.thirdparty.io.grpc.StatusRuntimeException: CANCELLED: RST_STREAM closed stream. HTTP/2 error code: CANCEL
2024-02-27 21:36:50,825 [33496502-95c3-4a2e-b72a-a08a7037350f-impl-thread2] INFO  server.RaftServer$Division (ServerState.java:close(427)) - 33496502-95c3-4a2e-b72a-a08a7037350f@group-0351F16EC234: applyIndex: 0
2024-02-27 21:36:50,825 [grpc-default-executor-0] WARN  server.GrpcLogAppender (GrpcLogAppender.java:resetClient(226)) - 99aab7c0-d213-4f2c-9146-fe97bea2462a@group-32C5D878BA64->d3d377a3-85e1-46ad-98d9-a3196f7db815-GrpcLogAppender: Failed to getClient for d3d377a3-85e1-46ad-98d9-a3196f7db815
org.apache.ratis.protocol.exceptions.AlreadyClosedException: 99aab7c0-d213-4f2c-9146-fe97bea2462a is already CLOSED
	at org.apache.ratis.util.PeerProxyMap$PeerAndProxy.getProxy(PeerProxyMap.java:65)
	at org.apache.ratis.util.PeerProxyMap.getProxy(PeerProxyMap.java:114)
	at org.apache.ratis.grpc.server.GrpcLogAppender.getClient(GrpcLogAppender.java:196)
	at org.apache.ratis.grpc.server.GrpcLogAppender.resetClient(GrpcLogAppender.java:201)
	at org.apache.ratis.grpc.server.GrpcLogAppender.access$800(GrpcLogAppender.java:62)
	at org.apache.ratis.grpc.server.GrpcLogAppender$AppendLogResponseHandler.onError(GrpcLogAppender.java:541)
	at org.apache.ratis.thirdparty.io.grpc.stub.ClientCalls$StreamObserverToCallListenerAdapter.onClose(ClientCalls.java:481)
	at org.apache.ratis.thirdparty.io.grpc.internal.ClientCallImpl.closeObserver(ClientCallImpl.java:567)
	at org.apache.ratis.thirdparty.io.grpc.internal.ClientCallImpl.access$300(ClientCallImpl.java:71)
	at org.apache.ratis.thirdparty.io.grpc.internal.ClientCallImpl$ClientStreamListenerImpl$1StreamClosed.runInternal(ClientCallImpl.java:735)
	at org.apache.ratis.thirdparty.io.grpc.internal.ClientCallImpl$ClientStreamListenerImpl$1StreamClosed.runInContext(ClientCallImpl.java:716)
	at org.apache.ratis.thirdparty.io.grpc.internal.ContextRunnable.run(ContextRunnable.java:37)
	at org.apache.ratis.thirdparty.io.grpc.internal.SerializingExecutor.run(SerializingExecutor.java:133)
	at java.util.concurrent.ThreadPoolExecutor.runWorker(ThreadPoolExecutor.java:1149)
	at java.util.concurrent.ThreadPoolExecutor$Worker.run(ThreadPoolExecutor.java:624)
	at java.lang.Thread.run(Thread.java:750)
2024-02-27 21:36:50,803 [d3d377a3-85e1-46ad-98d9-a3196f7db815@group-6FA18942FC7A-cacheEviction-AwaitToRun] INFO  util.AwaitToRun (AwaitToRun.java:run(49)) - d3d377a3-85e1-46ad-98d9-a3196f7db815@group-6FA18942FC7A-cacheEviction-AwaitToRun-AwaitForSignal is interrupted
2024-02-27 21:36:50,802 [99aab7c0-d213-4f2c-9146-fe97bea2462a-impl-thread2] INFO  server.RaftServer$Division (RaftServerImpl.java:lambda$close$3(526)) - 99aab7c0-d213-4f2c-9146-fe97bea2462a@group-26E798755C11: shutdown
2024-02-27 21:36:50,826 [99aab7c0-d213-4f2c-9146-fe97bea2462a-impl-thread2] INFO  util.JmxRegister (JmxRegister.java:unregister(73)) - Successfully un-registered JMX Bean with object name Ratis:service=RaftServer,group=group-26E798755C11,id=99aab7c0-d213-4f2c-9146-fe97bea2462a
2024-02-27 21:36:50,826 [99aab7c0-d213-4f2c-9146-fe97bea2462a-impl-thread2] INFO  impl.RoleInfo (RoleInfo.java:shutdownLeaderState(94)) - 99aab7c0-d213-4f2c-9146-fe97bea2462a: shutdown 99aab7c0-d213-4f2c-9146-fe97bea2462a@group-26E798755C11-LeaderStateImpl
2024-02-27 21:36:50,826 [99aab7c0-d213-4f2c-9146-fe97bea2462a-impl-thread2] INFO  impl.PendingRequests (PendingRequests.java:sendNotLeaderResponses(289)) - 99aab7c0-d213-4f2c-9146-fe97bea2462a@group-26E798755C11-PendingRequests: sendNotLeaderResponses
2024-02-27 21:36:50,826 [99aab7c0-d213-4f2c-9146-fe97bea2462a-impl-thread2] INFO  impl.StateMachineUpdater (StateMachineUpdater.java:stopAndJoin(157)) - 99aab7c0-d213-4f2c-9146-fe97bea2462a@group-26E798755C11-StateMachineUpdater: set stopIndex = 0
2024-02-27 21:36:50,827 [99aab7c0-d213-4f2c-9146-fe97bea2462a@group-26E798755C11-StateMachineUpdater] INFO  ratis.ContainerStateMachine (ContainerStateMachine.java:takeSnapshot(355)) - group-26E798755C11: Taking a snapshot at:(t:1, i:0) file /home/runner/work/ozone/ozone/hadoop-ozone/integration-test/target/test-dir/MiniOzoneClusterImpl-377bd28b-19ec-4c3d-8af6-29a7f1113b2b/ozone-meta/datanode-5/ratis/60b12896-32bf-404d-9c65-26e798755c11/sm/snapshot.1_0
2024-02-27 21:36:50,824 [99aab7c0-d213-4f2c-9146-fe97bea2462a-impl-thread1] INFO  util.JmxRegister (JmxRegister.java:unregister(73)) - Successfully un-registered JMX Bean with object name Ratis:service=RaftServer,group=group-32C5D878BA64,id=99aab7c0-d213-4f2c-9146-fe97bea2462a
2024-02-27 21:36:50,827 [99aab7c0-d213-4f2c-9146-fe97bea2462a-impl-thread1] INFO  impl.RoleInfo (RoleInfo.java:shutdownLeaderState(94)) - 99aab7c0-d213-4f2c-9146-fe97bea2462a: shutdown 99aab7c0-d213-4f2c-9146-fe97bea2462a@group-32C5D878BA64-LeaderStateImpl
2024-02-27 21:36:50,824 [grpc-default-executor-4] WARN  server.GrpcServerProtocolService (LogUtils.java:warn(121)) - d3d377a3-85e1-46ad-98d9-a3196f7db815: APPEND_ENTRIES onError, lastRequest: null: org.apache.ratis.thirdparty.io.grpc.StatusRuntimeException: CANCELLED: client cancelled
2024-02-27 21:36:50,827 [99aab7c0-d213-4f2c-9146-fe97bea2462a@group-26E798755C11-StateMachineUpdater] INFO  ratis.ContainerStateMachine (ContainerStateMachine.java:takeSnapshot(366)) - group-26E798755C11: Finished taking a snapshot at:(t:1, i:0) file:/home/runner/work/ozone/ozone/hadoop-ozone/integration-test/target/test-dir/MiniOzoneClusterImpl-377bd28b-19ec-4c3d-8af6-29a7f1113b2b/ozone-meta/datanode-5/ratis/60b12896-32bf-404d-9c65-26e798755c11/sm/snapshot.1_0 took: 1 ms
2024-02-27 21:36:50,827 [99aab7c0-d213-4f2c-9146-fe97bea2462a@group-26E798755C11-StateMachineUpdater] INFO  impl.StateMachineUpdater (StateMachineUpdater.java:takeSnapshot(295)) - 99aab7c0-d213-4f2c-9146-fe97bea2462a@group-26E798755C11-StateMachineUpdater: Took a snapshot at index 0
2024-02-27 21:36:50,827 [99aab7c0-d213-4f2c-9146-fe97bea2462a@group-26E798755C11-StateMachineUpdater] INFO  impl.StateMachineUpdater (StateMachineUpdater.java:lambda$new$0(98)) - 99aab7c0-d213-4f2c-9146-fe97bea2462a@group-26E798755C11-StateMachineUpdater: snapshotIndex: updateIncreasingly -1 -> 0
2024-02-27 21:36:50,828 [99aab7c0-d213-4f2c-9146-fe97bea2462a-impl-thread2] INFO  server.RaftServer$Division (ServerState.java:close(427)) - 99aab7c0-d213-4f2c-9146-fe97bea2462a@group-26E798755C11: applyIndex: 0
2024-02-27 21:36:50,828 [9eee0c4a-241f-4a15-bff1-0522a907ac9b-impl-thread3] INFO  server.RaftServer$Division (RaftServerImpl.java:lambda$close$3(526)) - 9eee0c4a-241f-4a15-bff1-0522a907ac9b@group-816BF9C79CC5: shutdown
2024-02-27 21:36:50,829 [9eee0c4a-241f-4a15-bff1-0522a907ac9b-impl-thread3] INFO  util.JmxRegister (JmxRegister.java:unregister(73)) - Successfully un-registered JMX Bean with object name Ratis:service=RaftServer,group=group-816BF9C79CC5,id=9eee0c4a-241f-4a15-bff1-0522a907ac9b
2024-02-27 21:36:50,829 [9eee0c4a-241f-4a15-bff1-0522a907ac9b-impl-thread3] INFO  impl.RoleInfo (RoleInfo.java:shutdownLeaderState(94)) - 9eee0c4a-241f-4a15-bff1-0522a907ac9b: shutdown 9eee0c4a-241f-4a15-bff1-0522a907ac9b@group-816BF9C79CC5-LeaderStateImpl
2024-02-27 21:36:50,822 [ForkJoinPool.commonPool-worker-0] INFO  server.GrpcService (GrpcService.java:closeImpl(320)) - 46ce47ac-a134-4cce-ba10-4493b406f4b0: shutdown server GrpcServerProtocolService successfully
2024-02-27 21:36:50,832 [ForkJoinPool.commonPool-worker-0] INFO  server.GrpcService (GrpcService.java:closeImpl(311)) - 46ce47ac-a134-4cce-ba10-4493b406f4b0: shutdown server org.apache.ratis.grpc.server.GrpcAdminProtocolService now
2024-02-27 21:36:50,832 [99aab7c0-d213-4f2c-9146-fe97bea2462a@group-32C5D878BA64->d3d377a3-85e1-46ad-98d9-a3196f7db815-GrpcLogAppender-LogAppenderDaemon] WARN  server.GrpcLogAppender (GrpcLogAppender.java:mayWait(289)) - 99aab7c0-d213-4f2c-9146-fe97bea2462a@group-32C5D878BA64->d3d377a3-85e1-46ad-98d9-a3196f7db815-GrpcLogAppender: Wait interrupted by java.lang.InterruptedException
2024-02-27 21:36:50,832 [9eee0c4a-241f-4a15-bff1-0522a907ac9b-impl-thread2] INFO  server.RaftServer$Division (RaftServerImpl.java:lambda$close$3(526)) - 9eee0c4a-241f-4a15-bff1-0522a907ac9b@group-902100B64C51: shutdown
2024-02-27 21:36:50,832 [9eee0c4a-241f-4a15-bff1-0522a907ac9b-impl-thread2] INFO  util.JmxRegister (JmxRegister.java:unregister(73)) - Successfully un-registered JMX Bean with object name Ratis:service=RaftServer,group=group-902100B64C51,id=9eee0c4a-241f-4a15-bff1-0522a907ac9b
2024-02-27 21:36:50,833 [9eee0c4a-241f-4a15-bff1-0522a907ac9b-impl-thread2] INFO  impl.RoleInfo (RoleInfo.java:shutdownLeaderState(94)) - 9eee0c4a-241f-4a15-bff1-0522a907ac9b: shutdown 9eee0c4a-241f-4a15-bff1-0522a907ac9b@group-902100B64C51-LeaderStateImpl
2024-02-27 21:36:50,833 [9eee0c4a-241f-4a15-bff1-0522a907ac9b-impl-thread2] INFO  impl.PendingRequests (PendingRequests.java:sendNotLeaderResponses(289)) - 9eee0c4a-241f-4a15-bff1-0522a907ac9b@group-902100B64C51-PendingRequests: sendNotLeaderResponses
2024-02-27 21:36:50,833 [9eee0c4a-241f-4a15-bff1-0522a907ac9b@group-902100B64C51-StateMachineUpdater] INFO  ratis.ContainerStateMachine (ContainerStateMachine.java:takeSnapshot(355)) - group-902100B64C51: Taking a snapshot at:(t:1, i:0) file /home/runner/work/ozone/ozone/hadoop-ozone/integration-test/target/test-dir/MiniOzoneClusterImpl-377bd28b-19ec-4c3d-8af6-29a7f1113b2b/ozone-meta/datanode-3/ratis/e4b0a16e-ae84-4b17-85c1-902100b64c51/sm/snapshot.1_0
2024-02-27 21:36:50,833 [9eee0c4a-241f-4a15-bff1-0522a907ac9b-impl-thread2] INFO  impl.StateMachineUpdater (StateMachineUpdater.java:stopAndJoin(157)) - 9eee0c4a-241f-4a15-bff1-0522a907ac9b@group-902100B64C51-StateMachineUpdater: set stopIndex = 0
2024-02-27 21:36:50,822 [main] INFO  server.GrpcService (GrpcService.java:closeImpl(320)) - 33496502-95c3-4a2e-b72a-a08a7037350f: shutdown server org.apache.ratis.grpc.server.GrpcClientProtocolService successfully
2024-02-27 21:36:50,834 [main] INFO  server.GrpcService (GrpcService.java:closeImpl(311)) - 33496502-95c3-4a2e-b72a-a08a7037350f: shutdown server GrpcServerProtocolService now
2024-02-27 21:36:50,834 [9eee0c4a-241f-4a15-bff1-0522a907ac9b@group-902100B64C51-StateMachineUpdater] INFO  ratis.ContainerStateMachine (ContainerStateMachine.java:takeSnapshot(366)) - group-902100B64C51: Finished taking a snapshot at:(t:1, i:0) file:/home/runner/work/ozone/ozone/hadoop-ozone/integration-test/target/test-dir/MiniOzoneClusterImpl-377bd28b-19ec-4c3d-8af6-29a7f1113b2b/ozone-meta/datanode-3/ratis/e4b0a16e-ae84-4b17-85c1-902100b64c51/sm/snapshot.1_0 took: 1 ms
2024-02-27 21:36:50,834 [9eee0c4a-241f-4a15-bff1-0522a907ac9b@group-902100B64C51-StateMachineUpdater] INFO  impl.StateMachineUpdater (StateMachineUpdater.java:takeSnapshot(295)) - 9eee0c4a-241f-4a15-bff1-0522a907ac9b@group-902100B64C51-StateMachineUpdater: Took a snapshot at index 0
2024-02-27 21:36:50,834 [9eee0c4a-241f-4a15-bff1-0522a907ac9b@group-902100B64C51-StateMachineUpdater] INFO  impl.StateMachineUpdater (StateMachineUpdater.java:lambda$new$0(98)) - 9eee0c4a-241f-4a15-bff1-0522a907ac9b@group-902100B64C51-StateMachineUpdater: snapshotIndex: updateIncreasingly -1 -> 0
2024-02-27 21:36:50,834 [ForkJoinPool.commonPool-worker-3] INFO  server.GrpcService (GrpcService.java:closeImpl(320)) - d3d377a3-85e1-46ad-98d9-a3196f7db815: shutdown server GrpcServerProtocolService successfully
2024-02-27 21:36:50,835 [ForkJoinPool.commonPool-worker-3] INFO  server.GrpcService (GrpcService.java:closeImpl(311)) - d3d377a3-85e1-46ad-98d9-a3196f7db815: shutdown server org.apache.ratis.grpc.server.GrpcAdminProtocolService now
2024-02-27 21:36:50,832 [99aab7c0-d213-4f2c-9146-fe97bea2462a@group-32C5D878BA64->33496502-95c3-4a2e-b72a-a08a7037350f-GrpcLogAppender-LogAppenderDaemon] WARN  server.GrpcLogAppender (GrpcLogAppender.java:mayWait(289)) - 99aab7c0-d213-4f2c-9146-fe97bea2462a@group-32C5D878BA64->33496502-95c3-4a2e-b72a-a08a7037350f-GrpcLogAppender: Wait interrupted by java.lang.InterruptedException
2024-02-27 21:36:50,832 [33496502-95c3-4a2e-b72a-a08a7037350f@group-0351F16EC234-cacheEviction-AwaitToRun] INFO  util.AwaitToRun (AwaitToRun.java:run(49)) - 33496502-95c3-4a2e-b72a-a08a7037350f@group-0351F16EC234-cacheEviction-AwaitToRun-AwaitForSignal is interrupted
2024-02-27 21:36:50,832 [9eee0c4a-241f-4a15-bff1-0522a907ac9b@group-816BF9C79CC5->46ce47ac-a134-4cce-ba10-4493b406f4b0-GrpcLogAppender-LogAppenderDaemon] WARN  server.GrpcLogAppender (GrpcLogAppender.java:mayWait(289)) - 9eee0c4a-241f-4a15-bff1-0522a907ac9b@group-816BF9C79CC5->46ce47ac-a134-4cce-ba10-4493b406f4b0-GrpcLogAppender: Wait interrupted by java.lang.InterruptedException
2024-02-27 21:36:50,832 [99aab7c0-d213-4f2c-9146-fe97bea2462a-impl-thread1] INFO  impl.PendingRequests (PendingRequests.java:sendNotLeaderResponses(289)) - 99aab7c0-d213-4f2c-9146-fe97bea2462a@group-32C5D878BA64-PendingRequests: sendNotLeaderResponses
2024-02-27 21:36:50,835 [99aab7c0-d213-4f2c-9146-fe97bea2462a-impl-thread1] INFO  impl.StateMachineUpdater (StateMachineUpdater.java:stopAndJoin(157)) - 99aab7c0-d213-4f2c-9146-fe97bea2462a@group-32C5D878BA64-StateMachineUpdater: set stopIndex = 0
2024-02-27 21:36:50,832 [99aab7c0-d213-4f2c-9146-fe97bea2462a@group-26E798755C11-cacheEviction-AwaitToRun] INFO  util.AwaitToRun (AwaitToRun.java:run(49)) - 99aab7c0-d213-4f2c-9146-fe97bea2462a@group-26E798755C11-cacheEviction-AwaitToRun-AwaitForSignal is interrupted
2024-02-27 21:36:50,832 [9eee0c4a-241f-4a15-bff1-0522a907ac9b-impl-thread3] INFO  impl.PendingRequests (PendingRequests.java:sendNotLeaderResponses(289)) - 9eee0c4a-241f-4a15-bff1-0522a907ac9b@group-816BF9C79CC5-PendingRequests: sendNotLeaderResponses
2024-02-27 21:36:50,836 [grpc-default-executor-6] INFO  server.GrpcServerProtocolService (GrpcServerProtocolService.java:onCompleted(157)) - 33496502-95c3-4a2e-b72a-a08a7037350f: Completed APPEND_ENTRIES, lastRequest: null
2024-02-27 21:36:50,832 [9eee0c4a-241f-4a15-bff1-0522a907ac9b@group-816BF9C79CC5->c855f1da-1b31-46a5-a68b-5d36f1d30008-GrpcLogAppender-LogAppenderDaemon] WARN  server.GrpcLogAppender (GrpcLogAppender.java:mayWait(289)) - 9eee0c4a-241f-4a15-bff1-0522a907ac9b@group-816BF9C79CC5->c855f1da-1b31-46a5-a68b-5d36f1d30008-GrpcLogAppender: Wait interrupted by java.lang.InterruptedException
2024-02-27 21:36:50,832 [Thread-830] INFO  server.GrpcServerProtocolClient (GrpcServerProtocolClient.java:close(103)) - c855f1da-1b31-46a5-a68b-5d36f1d30008 Close channels
2024-02-27 21:36:50,832 [grpc-default-executor-3] INFO  server.GrpcLogAppender (GrpcLogAppender.java:onError(533)) - 99aab7c0-d213-4f2c-9146-fe97bea2462a@group-32C5D878BA64->d3d377a3-85e1-46ad-98d9-a3196f7db815-GrpcLogAppender is already stopped
2024-02-27 21:36:50,831 [9eee0c4a-241f-4a15-bff1-0522a907ac9b@group-5560CD5E8260-FollowerState] INFO  impl.FollowerState (FollowerState.java:run(152)) - 9eee0c4a-241f-4a15-bff1-0522a907ac9b@group-5560CD5E8260-FollowerState was interrupted
2024-02-27 21:36:50,831 [9eee0c4a-241f-4a15-bff1-0522a907ac9b-impl-thread1] INFO  impl.StateMachineUpdater (StateMachineUpdater.java:stopAndJoin(157)) - 9eee0c4a-241f-4a15-bff1-0522a907ac9b@group-5560CD5E8260-StateMachineUpdater: set stopIndex = -1
2024-02-27 21:36:50,836 [9eee0c4a-241f-4a15-bff1-0522a907ac9b-impl-thread1] INFO  server.RaftServer$Division (ServerState.java:close(427)) - 9eee0c4a-241f-4a15-bff1-0522a907ac9b@group-5560CD5E8260: applyIndex: -1
2024-02-27 21:36:50,830 [33496502-95c3-4a2e-b72a-a08a7037350f@group-5E707275756C-cacheEviction-AwaitToRun] INFO  util.AwaitToRun (AwaitToRun.java:run(49)) - 33496502-95c3-4a2e-b72a-a08a7037350f@group-5E707275756C-cacheEviction-AwaitToRun-AwaitForSignal is interrupted
2024-02-27 21:36:50,836 [grpc-default-executor-6] INFO  server.GrpcServerProtocolService (GrpcServerProtocolService.java:lambda$onCompleted$5(159)) - 33496502-95c3-4a2e-b72a-a08a7037350f: Completed APPEND_ENTRIES, lastReply: serverReply {
  requestorId: "99aab7c0-d213-4f2c-9146-fe97bea2462a"
  replyId: "33496502-95c3-4a2e-b72a-a08a7037350f"
  raftGroupId {
    id: "+\0217%\321\nI\341\211D2\305\330x\272d"
  }
  success: true
}
term: 1
followerCommit: 18446744073709551615
matchIndex: 18446744073709551615
isHearbeat: true

2024-02-27 21:36:50,836 [grpc-default-executor-4] INFO  server.GrpcServerProtocolService (GrpcServerProtocolService.java:onCompleted(157)) - 33496502-95c3-4a2e-b72a-a08a7037350f: Completed APPEND_ENTRIES, lastRequest: 99aab7c0-d213-4f2c-9146-fe97bea2462a->33496502-95c3-4a2e-b72a-a08a7037350f#1-t1,previous=(t:0, i:0),leaderCommit=-1,initializing? false,entries: size=1, first=(t:1, i:0), CONFIGURATIONENTRY(current:id: "99aab7c0-d213-4f2c-9146-fe97bea2462a"
address: "10.1.0.18:15050"
priority: 1
dataStreamAddress: "10.1.0.18:15051"
clientAddress: "10.1.0.18:15048"
adminAddress: "10.1.0.18:15049"
startupRole: FOLLOWER
,id: "d3d377a3-85e1-46ad-98d9-a3196f7db815"
address: "10.1.0.18:15059"
dataStreamAddress: "10.1.0.18:15060"
clientAddress: "10.1.0.18:15057"
adminAddress: "10.1.0.18:15058"
startupRole: FOLLOWER
,id: "33496502-95c3-4a2e-b72a-a08a7037350f"
address: "10.1.0.18:15041"
dataStreamAddress: "10.1.0.18:15042"
clientAddress: "10.1.0.18:15039"
adminAddress: "10.1.0.18:15040"
startupRole: FOLLOWER
, old:)
2024-02-27 21:36:50,837 [grpc-default-executor-4] INFO  server.GrpcServerProtocolService (GrpcServerProtocolService.java:lambda$onCompleted$5(159)) - 33496502-95c3-4a2e-b72a-a08a7037350f: Completed APPEND_ENTRIES, lastReply: null
2024-02-27 21:36:50,835 [99aab7c0-d213-4f2c-9146-fe97bea2462a@group-32C5D878BA64-StateMachineUpdater] INFO  ratis.ContainerStateMachine (ContainerStateMachine.java:takeSnapshot(355)) - group-32C5D878BA64: Taking a snapshot at:(t:1, i:0) file /home/runner/work/ozone/ozone/hadoop-ozone/integration-test/target/test-dir/MiniOzoneClusterImpl-377bd28b-19ec-4c3d-8af6-29a7f1113b2b/ozone-meta/datanode-5/ratis/2b113725-d10a-49e1-8944-32c5d878ba64/sm/snapshot.1_0
2024-02-27 21:36:50,835 [9eee0c4a-241f-4a15-bff1-0522a907ac9b-impl-thread2] INFO  server.RaftServer$Division (ServerState.java:close(427)) - 9eee0c4a-241f-4a15-bff1-0522a907ac9b@group-902100B64C51: applyIndex: 0
2024-02-27 21:36:50,838 [grpc-default-executor-3] INFO  server.GrpcLogAppender (GrpcLogAppender.java:onCompleted(546)) - 99aab7c0-d213-4f2c-9146-fe97bea2462a@group-32C5D878BA64->33496502-95c3-4a2e-b72a-a08a7037350f-AppendLogResponseHandler: follower responses appendEntries COMPLETED
2024-02-27 21:36:50,838 [99aab7c0-d213-4f2c-9146-fe97bea2462a@group-32C5D878BA64-StateMachineUpdater] INFO  ratis.ContainerStateMachine (ContainerStateMachine.java:takeSnapshot(366)) - group-32C5D878BA64: Finished taking a snapshot at:(t:1, i:0) file:/home/runner/work/ozone/ozone/hadoop-ozone/integration-test/target/test-dir/MiniOzoneClusterImpl-377bd28b-19ec-4c3d-8af6-29a7f1113b2b/ozone-meta/datanode-5/ratis/2b113725-d10a-49e1-8944-32c5d878ba64/sm/snapshot.1_0 took: 2 ms
2024-02-27 21:36:50,838 [grpc-default-executor-3] WARN  server.GrpcLogAppender (GrpcLogAppender.java:resetClient(226)) - 99aab7c0-d213-4f2c-9146-fe97bea2462a@group-32C5D878BA64->33496502-95c3-4a2e-b72a-a08a7037350f-GrpcLogAppender: Failed to getClient for 33496502-95c3-4a2e-b72a-a08a7037350f
org.apache.ratis.protocol.exceptions.AlreadyClosedException: 99aab7c0-d213-4f2c-9146-fe97bea2462a is already CLOSED
	at org.apache.ratis.util.PeerProxyMap$PeerAndProxy.getProxy(PeerProxyMap.java:65)
	at org.apache.ratis.util.PeerProxyMap.getProxy(PeerProxyMap.java:114)
	at org.apache.ratis.grpc.server.GrpcLogAppender.getClient(GrpcLogAppender.java:196)
	at org.apache.ratis.grpc.server.GrpcLogAppender.resetClient(GrpcLogAppender.java:201)
	at org.apache.ratis.grpc.server.GrpcLogAppender.access$800(GrpcLogAppender.java:62)
	at org.apache.ratis.grpc.server.GrpcLogAppender$AppendLogResponseHandler.onCompleted(GrpcLogAppender.java:547)
	at org.apache.ratis.thirdparty.io.grpc.stub.ClientCalls$StreamObserverToCallListenerAdapter.onClose(ClientCalls.java:479)
	at org.apache.ratis.thirdparty.io.grpc.internal.ClientCallImpl.closeObserver(ClientCallImpl.java:567)
	at org.apache.ratis.thirdparty.io.grpc.internal.ClientCallImpl.access$300(ClientCallImpl.java:71)
	at org.apache.ratis.thirdparty.io.grpc.internal.ClientCallImpl$ClientStreamListenerImpl$1StreamClosed.runInternal(ClientCallImpl.java:735)
	at org.apache.ratis.thirdparty.io.grpc.internal.ClientCallImpl$ClientStreamListenerImpl$1StreamClosed.runInContext(ClientCallImpl.java:716)
	at org.apache.ratis.thirdparty.io.grpc.internal.ContextRunnable.run(ContextRunnable.java:37)
	at org.apache.ratis.thirdparty.io.grpc.internal.SerializingExecutor.run(SerializingExecutor.java:133)
	at java.util.concurrent.ThreadPoolExecutor.runWorker(ThreadPoolExecutor.java:1149)
	at java.util.concurrent.ThreadPoolExecutor$Worker.run(ThreadPoolExecutor.java:624)
	at java.lang.Thread.run(Thread.java:750)
2024-02-27 21:36:50,838 [grpc-default-executor-0] INFO  server.GrpcLogAppender (GrpcLogAppender.java:onError(533)) - 99aab7c0-d213-4f2c-9146-fe97bea2462a@group-32C5D878BA64->33496502-95c3-4a2e-b72a-a08a7037350f-GrpcLogAppender is already stopped
2024-02-27 21:36:50,838 [99aab7c0-d213-4f2c-9146-fe97bea2462a@group-32C5D878BA64-StateMachineUpdater] INFO  impl.StateMachineUpdater (StateMachineUpdater.java:takeSnapshot(295)) - 99aab7c0-d213-4f2c-9146-fe97bea2462a@group-32C5D878BA64-StateMachineUpdater: Took a snapshot at index 0
2024-02-27 21:36:50,838 [99aab7c0-d213-4f2c-9146-fe97bea2462a@group-32C5D878BA64-StateMachineUpdater] INFO  impl.StateMachineUpdater (StateMachineUpdater.java:lambda$new$0(98)) - 99aab7c0-d213-4f2c-9146-fe97bea2462a@group-32C5D878BA64-StateMachineUpdater: snapshotIndex: updateIncreasingly -1 -> 0
2024-02-27 21:36:50,838 [99aab7c0-d213-4f2c-9146-fe97bea2462a-impl-thread1] INFO  server.RaftServer$Division (ServerState.java:close(427)) - 99aab7c0-d213-4f2c-9146-fe97bea2462a@group-32C5D878BA64: applyIndex: 0
2024-02-27 21:36:50,841 [ForkJoinPool.commonPool-worker-1] INFO  server.GrpcService (GrpcService.java:closeImpl(320)) - c855f1da-1b31-46a5-a68b-5d36f1d30008: shutdown server org.apache.ratis.grpc.server.GrpcAdminProtocolService successfully
2024-02-27 21:36:50,841 [9eee0c4a-241f-4a15-bff1-0522a907ac9b@group-902100B64C51-cacheEviction-AwaitToRun] INFO  util.AwaitToRun (AwaitToRun.java:run(49)) - 9eee0c4a-241f-4a15-bff1-0522a907ac9b@group-902100B64C51-cacheEviction-AwaitToRun-AwaitForSignal is interrupted
2024-02-27 21:36:50,842 [99aab7c0-d213-4f2c-9146-fe97bea2462a@group-32C5D878BA64-cacheEviction-AwaitToRun] INFO  util.AwaitToRun (AwaitToRun.java:run(49)) - 99aab7c0-d213-4f2c-9146-fe97bea2462a@group-32C5D878BA64-cacheEviction-AwaitToRun-AwaitForSignal is interrupted
2024-02-27 21:36:50,842 [9eee0c4a-241f-4a15-bff1-0522a907ac9b@group-5560CD5E8260-cacheEviction-AwaitToRun] INFO  util.AwaitToRun (AwaitToRun.java:run(49)) - 9eee0c4a-241f-4a15-bff1-0522a907ac9b@group-5560CD5E8260-cacheEviction-AwaitToRun-AwaitForSignal is interrupted
2024-02-27 21:36:50,842 [9eee0c4a-241f-4a15-bff1-0522a907ac9b@group-816BF9C79CC5-StateMachineUpdater] INFO  ratis.ContainerStateMachine (ContainerStateMachine.java:takeSnapshot(355)) - group-816BF9C79CC5: Taking a snapshot at:(t:1, i:0) file /home/runner/work/ozone/ozone/hadoop-ozone/integration-test/target/test-dir/MiniOzoneClusterImpl-377bd28b-19ec-4c3d-8af6-29a7f1113b2b/ozone-meta/datanode-3/ratis/35114e68-a185-4aa3-ba48-816bf9c79cc5/sm/snapshot.1_0
2024-02-27 21:36:50,842 [9eee0c4a-241f-4a15-bff1-0522a907ac9b-impl-thread3] INFO  impl.StateMachineUpdater (StateMachineUpdater.java:stopAndJoin(157)) - 9eee0c4a-241f-4a15-bff1-0522a907ac9b@group-816BF9C79CC5-StateMachineUpdater: set stopIndex = 0
2024-02-27 21:36:50,847 [ForkJoinPool.commonPool-worker-3] INFO  server.GrpcService (GrpcService.java:closeImpl(320)) - d3d377a3-85e1-46ad-98d9-a3196f7db815: shutdown server org.apache.ratis.grpc.server.GrpcAdminProtocolService successfully
2024-02-27 21:36:50,846 [9eee0c4a-241f-4a15-bff1-0522a907ac9b@group-816BF9C79CC5-StateMachineUpdater] INFO  ratis.ContainerStateMachine (ContainerStateMachine.java:takeSnapshot(366)) - group-816BF9C79CC5: Finished taking a snapshot at:(t:1, i:0) file:/home/runner/work/ozone/ozone/hadoop-ozone/integration-test/target/test-dir/MiniOzoneClusterImpl-377bd28b-19ec-4c3d-8af6-29a7f1113b2b/ozone-meta/datanode-3/ratis/35114e68-a185-4aa3-ba48-816bf9c79cc5/sm/snapshot.1_0 took: 4 ms
2024-02-27 21:36:50,844 [Thread-828] INFO  server.GrpcServerProtocolClient (GrpcServerProtocolClient.java:close(103)) - 46ce47ac-a134-4cce-ba10-4493b406f4b0 Close channels
2024-02-27 21:36:50,847 [9eee0c4a-241f-4a15-bff1-0522a907ac9b@group-816BF9C79CC5-StateMachineUpdater] INFO  impl.StateMachineUpdater (StateMachineUpdater.java:takeSnapshot(295)) - 9eee0c4a-241f-4a15-bff1-0522a907ac9b@group-816BF9C79CC5-StateMachineUpdater: Took a snapshot at index 0
2024-02-27 21:36:50,847 [9eee0c4a-241f-4a15-bff1-0522a907ac9b@group-816BF9C79CC5-StateMachineUpdater] INFO  impl.StateMachineUpdater (StateMachineUpdater.java:lambda$new$0(98)) - 9eee0c4a-241f-4a15-bff1-0522a907ac9b@group-816BF9C79CC5-StateMachineUpdater: snapshotIndex: updateIncreasingly -1 -> 0
2024-02-27 21:36:50,847 [9eee0c4a-241f-4a15-bff1-0522a907ac9b-impl-thread3] INFO  server.RaftServer$Division (ServerState.java:close(427)) - 9eee0c4a-241f-4a15-bff1-0522a907ac9b@group-816BF9C79CC5: applyIndex: 0
2024-02-27 21:36:50,850 [d3d377a3-85e1-46ad-98d9-a3196f7db815-NettyServerStreamRpc-bossGroup--thread1] INFO  logging.LoggingHandler (AbstractInternalLogger.java:log(148)) - [id: 0x6581c943, L:/0.0.0.0:15060] CLOSE
2024-02-27 21:36:50,850 [d3d377a3-85e1-46ad-98d9-a3196f7db815-NettyServerStreamRpc-bossGroup--thread1] INFO  logging.LoggingHandler (AbstractInternalLogger.java:log(148)) - [id: 0x6581c943, L:/0.0.0.0:15060] INACTIVE
2024-02-27 21:36:50,850 [d3d377a3-85e1-46ad-98d9-a3196f7db815-NettyServerStreamRpc-bossGroup--thread1] INFO  logging.LoggingHandler (AbstractInternalLogger.java:log(148)) - [id: 0x6581c943, L:/0.0.0.0:15060] UNREGISTERED
2024-02-27 21:36:50,854 [9eee0c4a-241f-4a15-bff1-0522a907ac9b@group-816BF9C79CC5-cacheEviction-AwaitToRun] INFO  util.AwaitToRun (AwaitToRun.java:run(49)) - 9eee0c4a-241f-4a15-bff1-0522a907ac9b@group-816BF9C79CC5-cacheEviction-AwaitToRun-AwaitForSignal is interrupted
2024-02-27 21:36:50,856 [main] INFO  server.GrpcService (GrpcService.java:closeImpl(320)) - 33496502-95c3-4a2e-b72a-a08a7037350f: shutdown server GrpcServerProtocolService successfully
2024-02-27 21:36:50,856 [main] INFO  server.GrpcService (GrpcService.java:closeImpl(311)) - 33496502-95c3-4a2e-b72a-a08a7037350f: shutdown server org.apache.ratis.grpc.server.GrpcAdminProtocolService now
2024-02-27 21:36:50,856 [ForkJoinPool.commonPool-worker-0] INFO  server.GrpcService (GrpcService.java:closeImpl(320)) - 46ce47ac-a134-4cce-ba10-4493b406f4b0: shutdown server org.apache.ratis.grpc.server.GrpcAdminProtocolService successfully
2024-02-27 21:36:50,857 [ForkJoinPool.commonPool-worker-2] INFO  server.GrpcService (GrpcService.java:closeImpl(320)) - 99aab7c0-d213-4f2c-9146-fe97bea2462a: shutdown server org.apache.ratis.grpc.server.GrpcClientProtocolService successfully
2024-02-27 21:36:50,857 [ForkJoinPool.commonPool-worker-2] INFO  server.GrpcService (GrpcService.java:closeImpl(311)) - 99aab7c0-d213-4f2c-9146-fe97bea2462a: shutdown server GrpcServerProtocolService now
2024-02-27 21:36:50,857 [main] INFO  server.GrpcService (GrpcService.java:closeImpl(320)) - 33496502-95c3-4a2e-b72a-a08a7037350f: shutdown server org.apache.ratis.grpc.server.GrpcAdminProtocolService successfully
2024-02-27 21:36:50,862 [ForkJoinPool.commonPool-worker-6] INFO  server.GrpcService (GrpcService.java:closeImpl(320)) - 9eee0c4a-241f-4a15-bff1-0522a907ac9b: shutdown server org.apache.ratis.grpc.server.GrpcClientProtocolService successfully
2024-02-27 21:36:50,862 [ForkJoinPool.commonPool-worker-6] INFO  server.GrpcService (GrpcService.java:closeImpl(311)) - 9eee0c4a-241f-4a15-bff1-0522a907ac9b: shutdown server GrpcServerProtocolService now
2024-02-27 21:36:50,866 [ForkJoinPool.commonPool-worker-2] INFO  server.GrpcService (GrpcService.java:closeImpl(320)) - 99aab7c0-d213-4f2c-9146-fe97bea2462a: shutdown server GrpcServerProtocolService successfully
2024-02-27 21:36:50,867 [ForkJoinPool.commonPool-worker-2] INFO  server.GrpcService (GrpcService.java:closeImpl(311)) - 99aab7c0-d213-4f2c-9146-fe97bea2462a: shutdown server org.apache.ratis.grpc.server.GrpcAdminProtocolService now
2024-02-27 21:36:50,867 [ForkJoinPool.commonPool-worker-6] INFO  server.GrpcService (GrpcService.java:closeImpl(320)) - 9eee0c4a-241f-4a15-bff1-0522a907ac9b: shutdown server GrpcServerProtocolService successfully
2024-02-27 21:36:50,867 [ForkJoinPool.commonPool-worker-6] INFO  server.GrpcService (GrpcService.java:closeImpl(311)) - 9eee0c4a-241f-4a15-bff1-0522a907ac9b: shutdown server org.apache.ratis.grpc.server.GrpcAdminProtocolService now
2024-02-27 21:36:50,868 [33496502-95c3-4a2e-b72a-a08a7037350f-impl-thread2] INFO  segmented.SegmentedRaftLogWorker (SegmentedRaftLogWorker.java:close(245)) - 33496502-95c3-4a2e-b72a-a08a7037350f@group-0351F16EC234-SegmentedRaftLogWorker close()
2024-02-27 21:36:50,868 [ForkJoinPool.commonPool-worker-2] INFO  server.GrpcService (GrpcService.java:closeImpl(320)) - 99aab7c0-d213-4f2c-9146-fe97bea2462a: shutdown server org.apache.ratis.grpc.server.GrpcAdminProtocolService successfully
2024-02-27 21:36:50,875 [ForkJoinPool.commonPool-worker-6] INFO  server.GrpcService (GrpcService.java:closeImpl(320)) - 9eee0c4a-241f-4a15-bff1-0522a907ac9b: shutdown server org.apache.ratis.grpc.server.GrpcAdminProtocolService successfully
2024-02-27 21:36:50,889 [46ce47ac-a134-4cce-ba10-4493b406f4b0-NettyServerStreamRpc-bossGroup--thread1] INFO  logging.LoggingHandler (AbstractInternalLogger.java:log(148)) - [id: 0x6d73585f, L:/0.0.0.0:15015] CLOSE
2024-02-27 21:36:50,889 [46ce47ac-a134-4cce-ba10-4493b406f4b0-NettyServerStreamRpc-bossGroup--thread1] INFO  logging.LoggingHandler (AbstractInternalLogger.java:log(148)) - [id: 0x6d73585f, L:/0.0.0.0:15015] INACTIVE
2024-02-27 21:36:50,889 [46ce47ac-a134-4cce-ba10-4493b406f4b0-NettyServerStreamRpc-bossGroup--thread1] INFO  logging.LoggingHandler (AbstractInternalLogger.java:log(148)) - [id: 0x6d73585f, L:/0.0.0.0:15015] UNREGISTERED
2024-02-27 21:36:50,912 [46ce47ac-a134-4cce-ba10-4493b406f4b0-impl-thread3] INFO  segmented.SegmentedRaftLogWorker (SegmentedRaftLogWorker.java:close(245)) - 46ce47ac-a134-4cce-ba10-4493b406f4b0@group-816BF9C79CC5-SegmentedRaftLogWorker close()
2024-02-27 21:36:50,912 [c855f1da-1b31-46a5-a68b-5d36f1d30008-impl-thread3] INFO  segmented.SegmentedRaftLogWorker (SegmentedRaftLogWorker.java:close(245)) - c855f1da-1b31-46a5-a68b-5d36f1d30008@group-816BF9C79CC5-SegmentedRaftLogWorker close()
2024-02-27 21:36:50,918 [99aab7c0-d213-4f2c-9146-fe97bea2462a-NettyServerStreamRpc-bossGroup--thread1] INFO  logging.LoggingHandler (AbstractInternalLogger.java:log(148)) - [id: 0xfede6bd0, L:/0.0.0.0:15051] CLOSE
2024-02-27 21:36:50,918 [99aab7c0-d213-4f2c-9146-fe97bea2462a-NettyServerStreamRpc-bossGroup--thread1] INFO  logging.LoggingHandler (AbstractInternalLogger.java:log(148)) - [id: 0xfede6bd0, L:/0.0.0.0:15051] INACTIVE
2024-02-27 21:36:50,918 [99aab7c0-d213-4f2c-9146-fe97bea2462a-NettyServerStreamRpc-bossGroup--thread1] INFO  logging.LoggingHandler (AbstractInternalLogger.java:log(148)) - [id: 0xfede6bd0, L:/0.0.0.0:15051] UNREGISTERED
2024-02-27 21:36:50,919 [33496502-95c3-4a2e-b72a-a08a7037350f-NettyServerStreamRpc-bossGroup--thread1] INFO  logging.LoggingHandler (AbstractInternalLogger.java:log(148)) - [id: 0x72633099, L:/0.0.0.0:15042] CLOSE
2024-02-27 21:36:50,922 [9eee0c4a-241f-4a15-bff1-0522a907ac9b-NettyServerStreamRpc-bossGroup--thread1] INFO  logging.LoggingHandler (AbstractInternalLogger.java:log(148)) - [id: 0x245f85ca, L:/0.0.0.0:15033] CLOSE
2024-02-27 21:36:50,922 [9eee0c4a-241f-4a15-bff1-0522a907ac9b-NettyServerStreamRpc-bossGroup--thread1] INFO  logging.LoggingHandler (AbstractInternalLogger.java:log(148)) - [id: 0x245f85ca, L:/0.0.0.0:15033] INACTIVE
2024-02-27 21:36:50,922 [9eee0c4a-241f-4a15-bff1-0522a907ac9b-NettyServerStreamRpc-bossGroup--thread1] INFO  logging.LoggingHandler (AbstractInternalLogger.java:log(148)) - [id: 0x245f85ca, L:/0.0.0.0:15033] UNREGISTERED
2024-02-27 21:36:50,923 [c855f1da-1b31-46a5-a68b-5d36f1d30008-NettyServerStreamRpc-bossGroup--thread1] INFO  logging.LoggingHandler (AbstractInternalLogger.java:log(148)) - [id: 0x08df9afb, L:/0.0.0.0:15024] CLOSE
2024-02-27 21:36:50,923 [c855f1da-1b31-46a5-a68b-5d36f1d30008-NettyServerStreamRpc-bossGroup--thread1] INFO  logging.LoggingHandler (AbstractInternalLogger.java:log(148)) - [id: 0x08df9afb, L:/0.0.0.0:15024] INACTIVE
2024-02-27 21:36:50,923 [c855f1da-1b31-46a5-a68b-5d36f1d30008-NettyServerStreamRpc-bossGroup--thread1] INFO  logging.LoggingHandler (AbstractInternalLogger.java:log(148)) - [id: 0x08df9afb, L:/0.0.0.0:15024] UNREGISTERED
2024-02-27 21:36:50,926 [33496502-95c3-4a2e-b72a-a08a7037350f-NettyServerStreamRpc-bossGroup--thread1] INFO  logging.LoggingHandler (AbstractInternalLogger.java:log(148)) - [id: 0x72633099, L:/0.0.0.0:15042] INACTIVE
2024-02-27 21:36:50,926 [33496502-95c3-4a2e-b72a-a08a7037350f-NettyServerStreamRpc-bossGroup--thread1] INFO  logging.LoggingHandler (AbstractInternalLogger.java:log(148)) - [id: 0x72633099, L:/0.0.0.0:15042] UNREGISTERED
2024-02-27 21:36:51,096 [d3d377a3-85e1-46ad-98d9-a3196f7db815-impl-thread3] INFO  segmented.SegmentedRaftLogWorker (SegmentedRaftLogWorker.java:close(245)) - d3d377a3-85e1-46ad-98d9-a3196f7db815@group-5E707275756C-SegmentedRaftLogWorker close()
2024-02-27 21:36:51,138 [99aab7c0-d213-4f2c-9146-fe97bea2462a-impl-thread3] INFO  segmented.SegmentedRaftLogWorker (SegmentedRaftLogWorker.java:close(245)) - 99aab7c0-d213-4f2c-9146-fe97bea2462a@group-5E707275756C-SegmentedRaftLogWorker close()
2024-02-27 21:36:51,143 [33496502-95c3-4a2e-b72a-a08a7037350f-impl-thread3] INFO  segmented.SegmentedRaftLogWorker (SegmentedRaftLogWorker.java:close(245)) - 33496502-95c3-4a2e-b72a-a08a7037350f@group-5E707275756C-SegmentedRaftLogWorker close()
2024-02-27 21:36:51,181 [46ce47ac-a134-4cce-ba10-4493b406f4b0-impl-thread1] INFO  segmented.SegmentedRaftLogWorker (SegmentedRaftLogWorker.java:close(245)) - 46ce47ac-a134-4cce-ba10-4493b406f4b0@group-5560CD5E8260-SegmentedRaftLogWorker close()
2024-02-27 21:36:51,192 [99aab7c0-d213-4f2c-9146-fe97bea2462a-impl-thread2] INFO  segmented.SegmentedRaftLogWorker (SegmentedRaftLogWorker.java:close(245)) - 99aab7c0-d213-4f2c-9146-fe97bea2462a@group-26E798755C11-SegmentedRaftLogWorker close()
2024-02-27 21:36:51,220 [c855f1da-1b31-46a5-a68b-5d36f1d30008-impl-thread2] INFO  segmented.SegmentedRaftLogWorker (SegmentedRaftLogWorker.java:close(245)) - c855f1da-1b31-46a5-a68b-5d36f1d30008@group-5560CD5E8260-SegmentedRaftLogWorker close()
2024-02-27 21:36:51,222 [9eee0c4a-241f-4a15-bff1-0522a907ac9b-impl-thread1] INFO  segmented.SegmentedRaftLogWorker (SegmentedRaftLogWorker.java:close(245)) - 9eee0c4a-241f-4a15-bff1-0522a907ac9b@group-5560CD5E8260-SegmentedRaftLogWorker close()
2024-02-27 21:36:51,329 [d3d377a3-85e1-46ad-98d9-a3196f7db815-impl-thread2] INFO  segmented.SegmentedRaftLogWorker (SegmentedRaftLogWorker.java:close(245)) - d3d377a3-85e1-46ad-98d9-a3196f7db815@group-6FA18942FC7A-SegmentedRaftLogWorker close()
2024-02-27 21:36:51,373 [99aab7c0-d213-4f2c-9146-fe97bea2462a-impl-thread1] INFO  segmented.SegmentedRaftLogWorker (SegmentedRaftLogWorker.java:close(245)) - 99aab7c0-d213-4f2c-9146-fe97bea2462a@group-32C5D878BA64-SegmentedRaftLogWorker close()
2024-02-27 21:36:51,374 [JvmPauseMonitor6] INFO  util.JvmPauseMonitor (JvmPauseMonitor.java:run(152)) - JvmPauseMonitor-99aab7c0-d213-4f2c-9146-fe97bea2462a: Stopped
2024-02-27 21:36:51,390 [d3d377a3-85e1-46ad-98d9-a3196f7db815-impl-thread1] INFO  segmented.SegmentedRaftLogWorker (SegmentedRaftLogWorker.java:close(245)) - d3d377a3-85e1-46ad-98d9-a3196f7db815@group-32C5D878BA64-SegmentedRaftLogWorker close()
2024-02-27 21:36:51,390 [JvmPauseMonitor7] INFO  util.JvmPauseMonitor (JvmPauseMonitor.java:run(152)) - JvmPauseMonitor-d3d377a3-85e1-46ad-98d9-a3196f7db815: Stopped
2024-02-27 21:36:51,400 [33496502-95c3-4a2e-b72a-a08a7037350f-impl-thread1] INFO  segmented.SegmentedRaftLogWorker (SegmentedRaftLogWorker.java:close(245)) - 33496502-95c3-4a2e-b72a-a08a7037350f@group-32C5D878BA64-SegmentedRaftLogWorker close()
2024-02-27 21:36:51,400 [JvmPauseMonitor5] INFO  util.JvmPauseMonitor (JvmPauseMonitor.java:run(152)) - JvmPauseMonitor-33496502-95c3-4a2e-b72a-a08a7037350f: Stopped
2024-02-27 21:36:51,604 [c855f1da-1b31-46a5-a68b-5d36f1d30008-impl-thread1] INFO  segmented.SegmentedRaftLogWorker (SegmentedRaftLogWorker.java:close(245)) - c855f1da-1b31-46a5-a68b-5d36f1d30008@group-51EAB182817E-SegmentedRaftLogWorker close()
2024-02-27 21:36:51,604 [9eee0c4a-241f-4a15-bff1-0522a907ac9b-impl-thread2] INFO  segmented.SegmentedRaftLogWorker (SegmentedRaftLogWorker.java:close(245)) - 9eee0c4a-241f-4a15-bff1-0522a907ac9b@group-902100B64C51-SegmentedRaftLogWorker close()
2024-02-27 21:36:51,605 [46ce47ac-a134-4cce-ba10-4493b406f4b0-impl-thread2] INFO  segmented.SegmentedRaftLogWorker (SegmentedRaftLogWorker.java:close(245)) - 46ce47ac-a134-4cce-ba10-4493b406f4b0@group-EC97E56FF824-SegmentedRaftLogWorker close()
2024-02-27 21:36:51,605 [JvmPauseMonitor3] INFO  util.JvmPauseMonitor (JvmPauseMonitor.java:run(152)) - JvmPauseMonitor-c855f1da-1b31-46a5-a68b-5d36f1d30008: Stopped
2024-02-27 21:36:51,606 [JvmPauseMonitor2] INFO  util.JvmPauseMonitor (JvmPauseMonitor.java:run(152)) - JvmPauseMonitor-46ce47ac-a134-4cce-ba10-4493b406f4b0: Stopped
2024-02-27 21:36:51,847 [9eee0c4a-241f-4a15-bff1-0522a907ac9b-impl-thread3] INFO  segmented.SegmentedRaftLogWorker (SegmentedRaftLogWorker.java:close(245)) - 9eee0c4a-241f-4a15-bff1-0522a907ac9b@group-816BF9C79CC5-SegmentedRaftLogWorker close()
2024-02-27 21:36:51,848 [JvmPauseMonitor4] INFO  util.JvmPauseMonitor (JvmPauseMonitor.java:run(152)) - JvmPauseMonitor-9eee0c4a-241f-4a15-bff1-0522a907ac9b: Stopped
2024-02-27 21:36:53,386 [ForkJoinPool.commonPool-worker-2] INFO  utils.DatanodeStoreCache (DatanodeStoreCache.java:shutdownCache(116)) - Skip clearing cache in mini cluster mode. Entries left: [/home/runner/work/ozone/ozone/hadoop-ozone/integration-test/target/test-dir/MiniOzoneClusterImpl-377bd28b-19ec-4c3d-8af6-29a7f1113b2b/ozone-meta/datanode-1/data-0/hdds/377bd28b-19ec-4c3d-8af6-29a7f1113b2b/DS-2f1199ec-4914-4af0-add2-684939faadf1/container.db, /home/runner/work/ozone/ozone/hadoop-ozone/integration-test/target/test-dir/MiniOzoneClusterImpl-377bd28b-19ec-4c3d-8af6-29a7f1113b2b/ozone-meta/datanode-2/data-0/hdds/377bd28b-19ec-4c3d-8af6-29a7f1113b2b/DS-5251d29a-6dea-418b-bbe6-8d789804d5c4/container.db, /home/runner/work/ozone/ozone/hadoop-ozone/integration-test/target/test-dir/MiniOzoneClusterImpl-377bd28b-19ec-4c3d-8af6-29a7f1113b2b/ozone-meta/datanode-3/data-0/hdds/377bd28b-19ec-4c3d-8af6-29a7f1113b2b/DS-5903abf7-4887-483b-9884-fbbdcab568cf/container.db, /home/runner/work/ozone/ozone/hadoop-ozone/integration-test/target/test-dir/MiniOzoneClusterImpl-377bd28b-19ec-4c3d-8af6-29a7f1113b2b/ozone-meta/datanode-4/data-0/hdds/377bd28b-19ec-4c3d-8af6-29a7f1113b2b/DS-3031e80c-a504-4277-b8b3-24378912e3f0/container.db, /home/runner/work/ozone/ozone/hadoop-ozone/integration-test/target/test-dir/MiniOzoneClusterImpl-377bd28b-19ec-4c3d-8af6-29a7f1113b2b/ozone-meta/datanode-5/data-0/hdds/377bd28b-19ec-4c3d-8af6-29a7f1113b2b/DS-9affdf51-aedf-48e6-90bb-9935c99a70cc/container.db, /home/runner/work/ozone/ozone/hadoop-ozone/integration-test/target/test-dir/MiniOzoneClusterImpl-377bd28b-19ec-4c3d-8af6-29a7f1113b2b/ozone-meta/datanode-6/data-0/hdds/377bd28b-19ec-4c3d-8af6-29a7f1113b2b/DS-8cc74370-db3a-4f52-915c-ed57d5e6b3cf/container.db]
2024-02-27 21:36:53,389 [ForkJoinPool.commonPool-worker-2] INFO  utils.DatanodeStoreCache (DatanodeStoreCache.java:removeDB(110)) - Removed db /home/runner/work/ozone/ozone/hadoop-ozone/integration-test/target/test-dir/MiniOzoneClusterImpl-377bd28b-19ec-4c3d-8af6-29a7f1113b2b/ozone-meta/datanode-5/data-0/hdds/377bd28b-19ec-4c3d-8af6-29a7f1113b2b/DS-9affdf51-aedf-48e6-90bb-9935c99a70cc/container.db from cache
2024-02-27 21:36:53,389 [ForkJoinPool.commonPool-worker-2] INFO  volume.HddsVolume (HddsVolume.java:closeDbStore(451)) - SchemaV3 db is stopped at /home/runner/work/ozone/ozone/hadoop-ozone/integration-test/target/test-dir/MiniOzoneClusterImpl-377bd28b-19ec-4c3d-8af6-29a7f1113b2b/ozone-meta/datanode-5/data-0/hdds/377bd28b-19ec-4c3d-8af6-29a7f1113b2b/DS-9affdf51-aedf-48e6-90bb-9935c99a70cc/container.db for volume DS-9affdf51-aedf-48e6-90bb-9935c99a70cc
2024-02-27 21:36:53,390 [ForkJoinPool.commonPool-worker-2] INFO  utils.BackgroundService (BackgroundService.java:shutdown(160)) - Shutting down service BlockDeletingService
2024-02-27 21:36:53,391 [ForkJoinPool.commonPool-worker-2] INFO  utils.BackgroundService (BackgroundService.java:shutdown(160)) - Shutting down service StaleRecoveringContainerScrubbingService
2024-02-27 21:36:53,393 [ForkJoinPool.commonPool-worker-3] INFO  utils.DatanodeStoreCache (DatanodeStoreCache.java:shutdownCache(116)) - Skip clearing cache in mini cluster mode. Entries left: [/home/runner/work/ozone/ozone/hadoop-ozone/integration-test/target/test-dir/MiniOzoneClusterImpl-377bd28b-19ec-4c3d-8af6-29a7f1113b2b/ozone-meta/datanode-1/data-0/hdds/377bd28b-19ec-4c3d-8af6-29a7f1113b2b/DS-2f1199ec-4914-4af0-add2-684939faadf1/container.db, /home/runner/work/ozone/ozone/hadoop-ozone/integration-test/target/test-dir/MiniOzoneClusterImpl-377bd28b-19ec-4c3d-8af6-29a7f1113b2b/ozone-meta/datanode-2/data-0/hdds/377bd28b-19ec-4c3d-8af6-29a7f1113b2b/DS-5251d29a-6dea-418b-bbe6-8d789804d5c4/container.db, /home/runner/work/ozone/ozone/hadoop-ozone/integration-test/target/test-dir/MiniOzoneClusterImpl-377bd28b-19ec-4c3d-8af6-29a7f1113b2b/ozone-meta/datanode-3/data-0/hdds/377bd28b-19ec-4c3d-8af6-29a7f1113b2b/DS-5903abf7-4887-483b-9884-fbbdcab568cf/container.db, /home/runner/work/ozone/ozone/hadoop-ozone/integration-test/target/test-dir/MiniOzoneClusterImpl-377bd28b-19ec-4c3d-8af6-29a7f1113b2b/ozone-meta/datanode-4/data-0/hdds/377bd28b-19ec-4c3d-8af6-29a7f1113b2b/DS-3031e80c-a504-4277-b8b3-24378912e3f0/container.db, /home/runner/work/ozone/ozone/hadoop-ozone/integration-test/target/test-dir/MiniOzoneClusterImpl-377bd28b-19ec-4c3d-8af6-29a7f1113b2b/ozone-meta/datanode-6/data-0/hdds/377bd28b-19ec-4c3d-8af6-29a7f1113b2b/DS-8cc74370-db3a-4f52-915c-ed57d5e6b3cf/container.db]
2024-02-27 21:36:53,394 [ForkJoinPool.commonPool-worker-2] INFO  statemachine.DatanodeStateMachine (DatanodeStateMachine.java:stopDaemon(638)) - Ozone container server stopped.
2024-02-27 21:36:53,399 [ForkJoinPool.commonPool-worker-3] INFO  utils.DatanodeStoreCache (DatanodeStoreCache.java:removeDB(110)) - Removed db /home/runner/work/ozone/ozone/hadoop-ozone/integration-test/target/test-dir/MiniOzoneClusterImpl-377bd28b-19ec-4c3d-8af6-29a7f1113b2b/ozone-meta/datanode-6/data-0/hdds/377bd28b-19ec-4c3d-8af6-29a7f1113b2b/DS-8cc74370-db3a-4f52-915c-ed57d5e6b3cf/container.db from cache
2024-02-27 21:36:53,399 [ForkJoinPool.commonPool-worker-3] INFO  volume.HddsVolume (HddsVolume.java:closeDbStore(451)) - SchemaV3 db is stopped at /home/runner/work/ozone/ozone/hadoop-ozone/integration-test/target/test-dir/MiniOzoneClusterImpl-377bd28b-19ec-4c3d-8af6-29a7f1113b2b/ozone-meta/datanode-6/data-0/hdds/377bd28b-19ec-4c3d-8af6-29a7f1113b2b/DS-8cc74370-db3a-4f52-915c-ed57d5e6b3cf/container.db for volume DS-8cc74370-db3a-4f52-915c-ed57d5e6b3cf
2024-02-27 21:36:53,400 [ForkJoinPool.commonPool-worker-2] INFO  handler.ContextHandler (ContextHandler.java:doStop(1159)) - Stopped o.e.j.w.WebAppContext@26c84c5d{hddsDatanode,/,null,STOPPED}{jar:file:/home/runner/.m2/repository/org/apache/ozone/hdds-container-service/1.5.0-SNAPSHOT/hdds-container-service-1.5.0-SNAPSHOT.jar!/webapps/hddsDatanode}
2024-02-27 21:36:53,400 [ForkJoinPool.commonPool-worker-3] INFO  utils.BackgroundService (BackgroundService.java:shutdown(160)) - Shutting down service BlockDeletingService
2024-02-27 21:36:53,401 [ForkJoinPool.commonPool-worker-3] INFO  utils.BackgroundService (BackgroundService.java:shutdown(160)) - Shutting down service StaleRecoveringContainerScrubbingService
2024-02-27 21:36:53,402 [ForkJoinPool.commonPool-worker-3] INFO  statemachine.DatanodeStateMachine (DatanodeStateMachine.java:stopDaemon(638)) - Ozone container server stopped.
2024-02-27 21:36:53,402 [ForkJoinPool.commonPool-worker-2] INFO  server.AbstractConnector (AbstractConnector.java:doStop(383)) - Stopped ServerConnector@52529090{HTTP/1.1, (http/1.1)}{0.0.0.0:15045}
2024-02-27 21:36:53,402 [ForkJoinPool.commonPool-worker-2] INFO  server.session (HouseKeeper.java:stopScavenging(149)) - node0 Stopped scavenging
2024-02-27 21:36:53,404 [main] INFO  utils.DatanodeStoreCache (DatanodeStoreCache.java:shutdownCache(116)) - Skip clearing cache in mini cluster mode. Entries left: [/home/runner/work/ozone/ozone/hadoop-ozone/integration-test/target/test-dir/MiniOzoneClusterImpl-377bd28b-19ec-4c3d-8af6-29a7f1113b2b/ozone-meta/datanode-1/data-0/hdds/377bd28b-19ec-4c3d-8af6-29a7f1113b2b/DS-2f1199ec-4914-4af0-add2-684939faadf1/container.db, /home/runner/work/ozone/ozone/hadoop-ozone/integration-test/target/test-dir/MiniOzoneClusterImpl-377bd28b-19ec-4c3d-8af6-29a7f1113b2b/ozone-meta/datanode-2/data-0/hdds/377bd28b-19ec-4c3d-8af6-29a7f1113b2b/DS-5251d29a-6dea-418b-bbe6-8d789804d5c4/container.db, /home/runner/work/ozone/ozone/hadoop-ozone/integration-test/target/test-dir/MiniOzoneClusterImpl-377bd28b-19ec-4c3d-8af6-29a7f1113b2b/ozone-meta/datanode-3/data-0/hdds/377bd28b-19ec-4c3d-8af6-29a7f1113b2b/DS-5903abf7-4887-483b-9884-fbbdcab568cf/container.db, /home/runner/work/ozone/ozone/hadoop-ozone/integration-test/target/test-dir/MiniOzoneClusterImpl-377bd28b-19ec-4c3d-8af6-29a7f1113b2b/ozone-meta/datanode-4/data-0/hdds/377bd28b-19ec-4c3d-8af6-29a7f1113b2b/DS-3031e80c-a504-4277-b8b3-24378912e3f0/container.db]
2024-02-27 21:36:53,404 [ForkJoinPool.commonPool-worker-2] INFO  handler.ContextHandler (ContextHandler.java:doStop(1159)) - Stopped o.e.j.s.ServletContextHandler@116c8532{static,/static,jar:file:/home/runner/.m2/repository/org/apache/ozone/hdds-container-service/1.5.0-SNAPSHOT/hdds-container-service-1.5.0-SNAPSHOT.jar!/webapps/static,STOPPED}
2024-02-27 21:36:53,404 [ForkJoinPool.commonPool-worker-3] INFO  handler.ContextHandler (ContextHandler.java:doStop(1159)) - Stopped o.e.j.w.WebAppContext@79c8d5c4{hddsDatanode,/,null,STOPPED}{jar:file:/home/runner/.m2/repository/org/apache/ozone/hdds-container-service/1.5.0-SNAPSHOT/hdds-container-service-1.5.0-SNAPSHOT.jar!/webapps/hddsDatanode}
2024-02-27 21:36:53,404 [main] INFO  utils.DatanodeStoreCache (DatanodeStoreCache.java:removeDB(110)) - Removed db /home/runner/work/ozone/ozone/hadoop-ozone/integration-test/target/test-dir/MiniOzoneClusterImpl-377bd28b-19ec-4c3d-8af6-29a7f1113b2b/ozone-meta/datanode-4/data-0/hdds/377bd28b-19ec-4c3d-8af6-29a7f1113b2b/DS-3031e80c-a504-4277-b8b3-24378912e3f0/container.db from cache
2024-02-27 21:36:53,405 [main] INFO  volume.HddsVolume (HddsVolume.java:closeDbStore(451)) - SchemaV3 db is stopped at /home/runner/work/ozone/ozone/hadoop-ozone/integration-test/target/test-dir/MiniOzoneClusterImpl-377bd28b-19ec-4c3d-8af6-29a7f1113b2b/ozone-meta/datanode-4/data-0/hdds/377bd28b-19ec-4c3d-8af6-29a7f1113b2b/DS-3031e80c-a504-4277-b8b3-24378912e3f0/container.db for volume DS-3031e80c-a504-4277-b8b3-24378912e3f0
2024-02-27 21:36:53,405 [ForkJoinPool.commonPool-worker-2] INFO  handler.ContextHandler (ContextHandler.java:doStop(1159)) - Stopped o.e.j.s.ServletContextHandler@7264ae98{logs,/logs,file:///home/runner/work/ozone/ozone/hadoop-ozone/integration-test/target/log,STOPPED}
2024-02-27 21:36:53,405 [main] INFO  utils.BackgroundService (BackgroundService.java:shutdown(160)) - Shutting down service BlockDeletingService
2024-02-27 21:36:53,406 [main] INFO  utils.BackgroundService (BackgroundService.java:shutdown(160)) - Shutting down service StaleRecoveringContainerScrubbingService
2024-02-27 21:36:53,405 [ForkJoinPool.commonPool-worker-3] INFO  server.AbstractConnector (AbstractConnector.java:doStop(383)) - Stopped ServerConnector@6a6ce193{HTTP/1.1, (http/1.1)}{0.0.0.0:15054}
2024-02-27 21:36:53,406 [ForkJoinPool.commonPool-worker-3] INFO  server.session (HouseKeeper.java:stopScavenging(149)) - node0 Stopped scavenging
2024-02-27 21:36:53,406 [ForkJoinPool.commonPool-worker-2] INFO  ozone.HddsDatanodeClientProtocolServer (HddsDatanodeClientProtocolServer.java:stop(83)) - Stopping the RPC server for Client Protocol
2024-02-27 21:36:53,407 [ForkJoinPool.commonPool-worker-3] INFO  handler.ContextHandler (ContextHandler.java:doStop(1159)) - Stopped o.e.j.s.ServletContextHandler@6f32f21e{static,/static,jar:file:/home/runner/.m2/repository/org/apache/ozone/hdds-container-service/1.5.0-SNAPSHOT/hdds-container-service-1.5.0-SNAPSHOT.jar!/webapps/static,STOPPED}
2024-02-27 21:36:53,408 [main] INFO  statemachine.DatanodeStateMachine (DatanodeStateMachine.java:stopDaemon(638)) - Ozone container server stopped.
2024-02-27 21:36:53,409 [main] INFO  handler.ContextHandler (ContextHandler.java:doStop(1159)) - Stopped o.e.j.w.WebAppContext@30ab9b0d{hddsDatanode,/,null,STOPPED}{jar:file:/home/runner/.m2/repository/org/apache/ozone/hdds-container-service/1.5.0-SNAPSHOT/hdds-container-service-1.5.0-SNAPSHOT.jar!/webapps/hddsDatanode}
2024-02-27 21:36:53,410 [ForkJoinPool.commonPool-worker-2] INFO  ipc.Server (Server.java:stop(3523)) - Stopping server on 15046
2024-02-27 21:36:53,410 [IPC Server listener on 15046] INFO  ipc.Server (Server.java:run(1434)) - Stopping IPC Server listener on 15046
2024-02-27 21:36:53,410 [ForkJoinPool.commonPool-worker-3] INFO  handler.ContextHandler (ContextHandler.java:doStop(1159)) - Stopped o.e.j.s.ServletContextHandler@5814caee{logs,/logs,file:///home/runner/work/ozone/ozone/hadoop-ozone/integration-test/target/log,STOPPED}
2024-02-27 21:36:53,411 [ForkJoinPool.commonPool-worker-3] INFO  ozone.HddsDatanodeClientProtocolServer (HddsDatanodeClientProtocolServer.java:stop(83)) - Stopping the RPC server for Client Protocol
2024-02-27 21:36:53,411 [IPC Server Responder] INFO  ipc.Server (Server.java:run(1567)) - Stopping IPC Server Responder
2024-02-27 21:36:53,412 [main] INFO  server.AbstractConnector (AbstractConnector.java:doStop(383)) - Stopped ServerConnector@188015cf{HTTP/1.1, (http/1.1)}{0.0.0.0:15036}
2024-02-27 21:36:53,412 [main] INFO  server.session (HouseKeeper.java:stopScavenging(149)) - node0 Stopped scavenging
2024-02-27 21:36:53,412 [main] INFO  handler.ContextHandler (ContextHandler.java:doStop(1159)) - Stopped o.e.j.s.ServletContextHandler@2d624e92{static,/static,jar:file:/home/runner/.m2/repository/org/apache/ozone/hdds-container-service/1.5.0-SNAPSHOT/hdds-container-service-1.5.0-SNAPSHOT.jar!/webapps/static,STOPPED}
2024-02-27 21:36:53,413 [main] INFO  handler.ContextHandler (ContextHandler.java:doStop(1159)) - Stopped o.e.j.s.ServletContextHandler@38ec12ef{logs,/logs,file:///home/runner/work/ozone/ozone/hadoop-ozone/integration-test/target/log,STOPPED}
2024-02-27 21:36:53,413 [ForkJoinPool.commonPool-worker-3] INFO  ipc.Server (Server.java:stop(3523)) - Stopping server on 15055
2024-02-27 21:36:53,418 [IPC Server listener on 15055] INFO  ipc.Server (Server.java:run(1434)) - Stopping IPC Server listener on 15055
2024-02-27 21:36:53,418 [IPC Server Responder] INFO  ipc.Server (Server.java:run(1567)) - Stopping IPC Server Responder
2024-02-27 21:36:53,418 [main] INFO  ozone.HddsDatanodeClientProtocolServer (HddsDatanodeClientProtocolServer.java:stop(83)) - Stopping the RPC server for Client Protocol
2024-02-27 21:36:53,419 [main] INFO  ipc.Server (Server.java:stop(3523)) - Stopping server on 15037
2024-02-27 21:36:53,419 [IPC Server listener on 15037] INFO  ipc.Server (Server.java:run(1434)) - Stopping IPC Server listener on 15037
2024-02-27 21:36:53,420 [IPC Server Responder] INFO  ipc.Server (Server.java:run(1567)) - Stopping IPC Server Responder
2024-02-27 21:36:53,608 [ForkJoinPool.commonPool-worker-1] INFO  utils.DatanodeStoreCache (DatanodeStoreCache.java:shutdownCache(116)) - Skip clearing cache in mini cluster mode. Entries left: [/home/runner/work/ozone/ozone/hadoop-ozone/integration-test/target/test-dir/MiniOzoneClusterImpl-377bd28b-19ec-4c3d-8af6-29a7f1113b2b/ozone-meta/datanode-1/data-0/hdds/377bd28b-19ec-4c3d-8af6-29a7f1113b2b/DS-2f1199ec-4914-4af0-add2-684939faadf1/container.db, /home/runner/work/ozone/ozone/hadoop-ozone/integration-test/target/test-dir/MiniOzoneClusterImpl-377bd28b-19ec-4c3d-8af6-29a7f1113b2b/ozone-meta/datanode-2/data-0/hdds/377bd28b-19ec-4c3d-8af6-29a7f1113b2b/DS-5251d29a-6dea-418b-bbe6-8d789804d5c4/container.db, /home/runner/work/ozone/ozone/hadoop-ozone/integration-test/target/test-dir/MiniOzoneClusterImpl-377bd28b-19ec-4c3d-8af6-29a7f1113b2b/ozone-meta/datanode-3/data-0/hdds/377bd28b-19ec-4c3d-8af6-29a7f1113b2b/DS-5903abf7-4887-483b-9884-fbbdcab568cf/container.db]
2024-02-27 21:36:53,609 [ForkJoinPool.commonPool-worker-1] INFO  utils.DatanodeStoreCache (DatanodeStoreCache.java:removeDB(110)) - Removed db /home/runner/work/ozone/ozone/hadoop-ozone/integration-test/target/test-dir/MiniOzoneClusterImpl-377bd28b-19ec-4c3d-8af6-29a7f1113b2b/ozone-meta/datanode-2/data-0/hdds/377bd28b-19ec-4c3d-8af6-29a7f1113b2b/DS-5251d29a-6dea-418b-bbe6-8d789804d5c4/container.db from cache
2024-02-27 21:36:53,609 [ForkJoinPool.commonPool-worker-1] INFO  volume.HddsVolume (HddsVolume.java:closeDbStore(451)) - SchemaV3 db is stopped at /home/runner/work/ozone/ozone/hadoop-ozone/integration-test/target/test-dir/MiniOzoneClusterImpl-377bd28b-19ec-4c3d-8af6-29a7f1113b2b/ozone-meta/datanode-2/data-0/hdds/377bd28b-19ec-4c3d-8af6-29a7f1113b2b/DS-5251d29a-6dea-418b-bbe6-8d789804d5c4/container.db for volume DS-5251d29a-6dea-418b-bbe6-8d789804d5c4
2024-02-27 21:36:53,609 [ForkJoinPool.commonPool-worker-1] INFO  utils.BackgroundService (BackgroundService.java:shutdown(160)) - Shutting down service BlockDeletingService
2024-02-27 21:36:53,610 [ForkJoinPool.commonPool-worker-1] INFO  utils.BackgroundService (BackgroundService.java:shutdown(160)) - Shutting down service StaleRecoveringContainerScrubbingService
2024-02-27 21:36:53,610 [ForkJoinPool.commonPool-worker-1] INFO  statemachine.DatanodeStateMachine (DatanodeStateMachine.java:stopDaemon(638)) - Ozone container server stopped.
2024-02-27 21:36:53,611 [ForkJoinPool.commonPool-worker-0] INFO  utils.DatanodeStoreCache (DatanodeStoreCache.java:shutdownCache(116)) - Skip clearing cache in mini cluster mode. Entries left: [/home/runner/work/ozone/ozone/hadoop-ozone/integration-test/target/test-dir/MiniOzoneClusterImpl-377bd28b-19ec-4c3d-8af6-29a7f1113b2b/ozone-meta/datanode-1/data-0/hdds/377bd28b-19ec-4c3d-8af6-29a7f1113b2b/DS-2f1199ec-4914-4af0-add2-684939faadf1/container.db, /home/runner/work/ozone/ozone/hadoop-ozone/integration-test/target/test-dir/MiniOzoneClusterImpl-377bd28b-19ec-4c3d-8af6-29a7f1113b2b/ozone-meta/datanode-3/data-0/hdds/377bd28b-19ec-4c3d-8af6-29a7f1113b2b/DS-5903abf7-4887-483b-9884-fbbdcab568cf/container.db]
2024-02-27 21:36:53,612 [ForkJoinPool.commonPool-worker-0] INFO  utils.DatanodeStoreCache (DatanodeStoreCache.java:removeDB(110)) - Removed db /home/runner/work/ozone/ozone/hadoop-ozone/integration-test/target/test-dir/MiniOzoneClusterImpl-377bd28b-19ec-4c3d-8af6-29a7f1113b2b/ozone-meta/datanode-1/data-0/hdds/377bd28b-19ec-4c3d-8af6-29a7f1113b2b/DS-2f1199ec-4914-4af0-add2-684939faadf1/container.db from cache
2024-02-27 21:36:53,612 [ForkJoinPool.commonPool-worker-0] INFO  volume.HddsVolume (HddsVolume.java:closeDbStore(451)) - SchemaV3 db is stopped at /home/runner/work/ozone/ozone/hadoop-ozone/integration-test/target/test-dir/MiniOzoneClusterImpl-377bd28b-19ec-4c3d-8af6-29a7f1113b2b/ozone-meta/datanode-1/data-0/hdds/377bd28b-19ec-4c3d-8af6-29a7f1113b2b/DS-2f1199ec-4914-4af0-add2-684939faadf1/container.db for volume DS-2f1199ec-4914-4af0-add2-684939faadf1
2024-02-27 21:36:53,613 [ForkJoinPool.commonPool-worker-0] INFO  utils.BackgroundService (BackgroundService.java:shutdown(160)) - Shutting down service BlockDeletingService
2024-02-27 21:36:53,614 [ForkJoinPool.commonPool-worker-1] INFO  handler.ContextHandler (ContextHandler.java:doStop(1159)) - Stopped o.e.j.w.WebAppContext@5f707a09{hddsDatanode,/,null,STOPPED}{jar:file:/home/runner/.m2/repository/org/apache/ozone/hdds-container-service/1.5.0-SNAPSHOT/hdds-container-service-1.5.0-SNAPSHOT.jar!/webapps/hddsDatanode}
2024-02-27 21:36:53,614 [ForkJoinPool.commonPool-worker-0] INFO  utils.BackgroundService (BackgroundService.java:shutdown(160)) - Shutting down service StaleRecoveringContainerScrubbingService
2024-02-27 21:36:53,615 [ForkJoinPool.commonPool-worker-0] INFO  statemachine.DatanodeStateMachine (DatanodeStateMachine.java:stopDaemon(638)) - Ozone container server stopped.
2024-02-27 21:36:53,615 [ForkJoinPool.commonPool-worker-1] INFO  server.AbstractConnector (AbstractConnector.java:doStop(383)) - Stopped ServerConnector@1179a963{HTTP/1.1, (http/1.1)}{0.0.0.0:15018}
2024-02-27 21:36:53,615 [ForkJoinPool.commonPool-worker-1] INFO  server.session (HouseKeeper.java:stopScavenging(149)) - node0 Stopped scavenging
2024-02-27 21:36:53,615 [ForkJoinPool.commonPool-worker-1] INFO  handler.ContextHandler (ContextHandler.java:doStop(1159)) - Stopped o.e.j.s.ServletContextHandler@4fb68460{static,/static,jar:file:/home/runner/.m2/repository/org/apache/ozone/hdds-container-service/1.5.0-SNAPSHOT/hdds-container-service-1.5.0-SNAPSHOT.jar!/webapps/static,STOPPED}
2024-02-27 21:36:53,616 [ForkJoinPool.commonPool-worker-1] INFO  handler.ContextHandler (ContextHandler.java:doStop(1159)) - Stopped o.e.j.s.ServletContextHandler@31dc6210{logs,/logs,file:///home/runner/work/ozone/ozone/hadoop-ozone/integration-test/target/log,STOPPED}
2024-02-27 21:36:53,617 [ForkJoinPool.commonPool-worker-0] INFO  handler.ContextHandler (ContextHandler.java:doStop(1159)) - Stopped o.e.j.w.WebAppContext@5b192531{hddsDatanode,/,null,STOPPED}{jar:file:/home/runner/.m2/repository/org/apache/ozone/hdds-container-service/1.5.0-SNAPSHOT/hdds-container-service-1.5.0-SNAPSHOT.jar!/webapps/hddsDatanode}
2024-02-27 21:36:53,617 [ForkJoinPool.commonPool-worker-1] INFO  ozone.HddsDatanodeClientProtocolServer (HddsDatanodeClientProtocolServer.java:stop(83)) - Stopping the RPC server for Client Protocol
2024-02-27 21:36:53,617 [ForkJoinPool.commonPool-worker-1] INFO  ipc.Server (Server.java:stop(3523)) - Stopping server on 15019
2024-02-27 21:36:53,618 [ForkJoinPool.commonPool-worker-0] INFO  server.AbstractConnector (AbstractConnector.java:doStop(383)) - Stopped ServerConnector@334ae975{HTTP/1.1, (http/1.1)}{0.0.0.0:15009}
2024-02-27 21:36:53,618 [ForkJoinPool.commonPool-worker-0] INFO  server.session (HouseKeeper.java:stopScavenging(149)) - node0 Stopped scavenging
2024-02-27 21:36:53,619 [IPC Server listener on 15019] INFO  ipc.Server (Server.java:run(1434)) - Stopping IPC Server listener on 15019
2024-02-27 21:36:53,619 [ForkJoinPool.commonPool-worker-0] INFO  handler.ContextHandler (ContextHandler.java:doStop(1159)) - Stopped o.e.j.s.ServletContextHandler@7c7b0f5d{static,/static,jar:file:/home/runner/.m2/repository/org/apache/ozone/hdds-container-service/1.5.0-SNAPSHOT/hdds-container-service-1.5.0-SNAPSHOT.jar!/webapps/static,STOPPED}
2024-02-27 21:36:53,619 [IPC Server Responder] INFO  ipc.Server (Server.java:run(1567)) - Stopping IPC Server Responder
2024-02-27 21:36:53,620 [ForkJoinPool.commonPool-worker-0] INFO  handler.ContextHandler (ContextHandler.java:doStop(1159)) - Stopped o.e.j.s.ServletContextHandler@36ffee72{logs,/logs,file:///home/runner/work/ozone/ozone/hadoop-ozone/integration-test/target/log,STOPPED}
2024-02-27 21:36:53,621 [ForkJoinPool.commonPool-worker-0] INFO  ozone.HddsDatanodeClientProtocolServer (HddsDatanodeClientProtocolServer.java:stop(83)) - Stopping the RPC server for Client Protocol
2024-02-27 21:36:53,621 [ForkJoinPool.commonPool-worker-0] INFO  ipc.Server (Server.java:stop(3523)) - Stopping server on 15010
2024-02-27 21:36:53,622 [IPC Server listener on 15010] INFO  ipc.Server (Server.java:run(1434)) - Stopping IPC Server listener on 15010
2024-02-27 21:36:53,622 [IPC Server Responder] INFO  ipc.Server (Server.java:run(1567)) - Stopping IPC Server Responder
2024-02-27 21:36:53,850 [ForkJoinPool.commonPool-worker-6] INFO  utils.DatanodeStoreCache (DatanodeStoreCache.java:shutdownCache(116)) - Skip clearing cache in mini cluster mode. Entries left: [/home/runner/work/ozone/ozone/hadoop-ozone/integration-test/target/test-dir/MiniOzoneClusterImpl-377bd28b-19ec-4c3d-8af6-29a7f1113b2b/ozone-meta/datanode-3/data-0/hdds/377bd28b-19ec-4c3d-8af6-29a7f1113b2b/DS-5903abf7-4887-483b-9884-fbbdcab568cf/container.db]
2024-02-27 21:36:53,851 [ForkJoinPool.commonPool-worker-6] INFO  utils.DatanodeStoreCache (DatanodeStoreCache.java:removeDB(110)) - Removed db /home/runner/work/ozone/ozone/hadoop-ozone/integration-test/target/test-dir/MiniOzoneClusterImpl-377bd28b-19ec-4c3d-8af6-29a7f1113b2b/ozone-meta/datanode-3/data-0/hdds/377bd28b-19ec-4c3d-8af6-29a7f1113b2b/DS-5903abf7-4887-483b-9884-fbbdcab568cf/container.db from cache
2024-02-27 21:36:53,851 [ForkJoinPool.commonPool-worker-6] INFO  volume.HddsVolume (HddsVolume.java:closeDbStore(451)) - SchemaV3 db is stopped at /home/runner/work/ozone/ozone/hadoop-ozone/integration-test/target/test-dir/MiniOzoneClusterImpl-377bd28b-19ec-4c3d-8af6-29a7f1113b2b/ozone-meta/datanode-3/data-0/hdds/377bd28b-19ec-4c3d-8af6-29a7f1113b2b/DS-5903abf7-4887-483b-9884-fbbdcab568cf/container.db for volume DS-5903abf7-4887-483b-9884-fbbdcab568cf
2024-02-27 21:36:53,852 [ForkJoinPool.commonPool-worker-6] INFO  utils.BackgroundService (BackgroundService.java:shutdown(160)) - Shutting down service BlockDeletingService
2024-02-27 21:36:53,852 [ForkJoinPool.commonPool-worker-6] INFO  utils.BackgroundService (BackgroundService.java:shutdown(160)) - Shutting down service StaleRecoveringContainerScrubbingService
2024-02-27 21:36:53,852 [ForkJoinPool.commonPool-worker-6] INFO  statemachine.DatanodeStateMachine (DatanodeStateMachine.java:stopDaemon(638)) - Ozone container server stopped.
2024-02-27 21:36:53,854 [ForkJoinPool.commonPool-worker-6] INFO  handler.ContextHandler (ContextHandler.java:doStop(1159)) - Stopped o.e.j.w.WebAppContext@3b3a4f9c{hddsDatanode,/,null,STOPPED}{jar:file:/home/runner/.m2/repository/org/apache/ozone/hdds-container-service/1.5.0-SNAPSHOT/hdds-container-service-1.5.0-SNAPSHOT.jar!/webapps/hddsDatanode}
2024-02-27 21:36:53,854 [ForkJoinPool.commonPool-worker-6] INFO  server.AbstractConnector (AbstractConnector.java:doStop(383)) - Stopped ServerConnector@5408c68d{HTTP/1.1, (http/1.1)}{0.0.0.0:15027}
2024-02-27 21:36:53,855 [ForkJoinPool.commonPool-worker-6] INFO  server.session (HouseKeeper.java:stopScavenging(149)) - node0 Stopped scavenging
2024-02-27 21:36:53,856 [ForkJoinPool.commonPool-worker-6] INFO  handler.ContextHandler (ContextHandler.java:doStop(1159)) - Stopped o.e.j.s.ServletContextHandler@55bc4134{static,/static,jar:file:/home/runner/.m2/repository/org/apache/ozone/hdds-container-service/1.5.0-SNAPSHOT/hdds-container-service-1.5.0-SNAPSHOT.jar!/webapps/static,STOPPED}
2024-02-27 21:36:53,857 [ForkJoinPool.commonPool-worker-6] INFO  handler.ContextHandler (ContextHandler.java:doStop(1159)) - Stopped o.e.j.s.ServletContextHandler@9e6519c{logs,/logs,file:///home/runner/work/ozone/ozone/hadoop-ozone/integration-test/target/log,STOPPED}
2024-02-27 21:36:53,858 [ForkJoinPool.commonPool-worker-6] INFO  ozone.HddsDatanodeClientProtocolServer (HddsDatanodeClientProtocolServer.java:stop(83)) - Stopping the RPC server for Client Protocol
2024-02-27 21:36:53,858 [ForkJoinPool.commonPool-worker-6] INFO  ipc.Server (Server.java:stop(3523)) - Stopping server on 15028
2024-02-27 21:36:53,859 [IPC Server listener on 15028] INFO  ipc.Server (Server.java:run(1434)) - Stopping IPC Server listener on 15028
2024-02-27 21:36:53,859 [IPC Server Responder] INFO  ipc.Server (Server.java:run(1567)) - Stopping IPC Server Responder
2024-02-27 21:36:53,860 [main] INFO  ozone.MiniOzoneClusterImpl (MiniOzoneClusterImpl.java:stopSCM(487)) - Stopping the StorageContainerManager
2024-02-27 21:36:53,860 [main] INFO  server.StorageContainerManager (StorageContainerManager.java:stop(1653)) - Container Balancer is not running.
2024-02-27 21:36:53,860 [main] INFO  server.StorageContainerManager (StorageContainerManager.java:stopReplicationManager(1786)) - Stopping Replication Manager Service.
2024-02-27 21:36:53,860 [main] INFO  replication.ReplicationManager (ReplicationManager.java:stop(327)) - Stopping Replication Monitor Thread.
2024-02-27 21:36:53,860 [main] INFO  server.StorageContainerManager (StorageContainerManager.java:stop(1662)) - Stopping the Datanode Admin Monitor.
2024-02-27 21:36:53,860 [ReplicationMonitor] INFO  replication.ReplicationManager (ReplicationManager.java:run(934)) - Replication Monitor Thread is stopped
2024-02-27 21:36:53,860 [main] INFO  server.StorageContainerManager (StorageContainerManager.java:stop(1669)) - Stopping datanode service RPC server
2024-02-27 21:36:53,860 [OverReplicatedProcessor] WARN  replication.UnhealthyReplicationProcessor (UnhealthyReplicationProcessor.java:run(180)) - OverReplicatedProcessor interrupted. Exiting...
2024-02-27 21:36:53,860 [UnderReplicatedProcessor] WARN  replication.UnhealthyReplicationProcessor (UnhealthyReplicationProcessor.java:run(180)) - UnderReplicatedProcessor interrupted. Exiting...
2024-02-27 21:36:53,860 [main] INFO  server.SCMDatanodeProtocolServer (SCMDatanodeProtocolServer.java:stop(425)) - Stopping the RPC server for DataNodes
2024-02-27 21:36:53,861 [main] INFO  ipc.Server (Server.java:stop(3523)) - Stopping server on 15002
2024-02-27 21:36:53,862 [IPC Server listener on 15002] INFO  ipc.Server (Server.java:run(1434)) - Stopping IPC Server listener on 15002
2024-02-27 21:36:53,862 [IPC Server Responder] INFO  ipc.Server (Server.java:run(1567)) - Stopping IPC Server Responder
2024-02-27 21:36:54,347 [SCMHeartbeatProcessor-0] WARN  node.NodeStateManager (NodeStateManager.java:scheduleNextHealthCheck(878)) - Current Thread is interrupted, shutting down HB processing thread for Node Manager.
2024-02-27 21:36:54,348 [main] INFO  server.StorageContainerManager (StorageContainerManager.java:stop(1677)) - Stopping block service RPC server
2024-02-27 21:36:54,348 [main] INFO  server.SCMBlockProtocolServer (SCMBlockProtocolServer.java:stop(169)) - Stopping the RPC server for Block Protocol
2024-02-27 21:36:54,348 [main] INFO  ipc.Server (Server.java:stop(3523)) - Stopping server on 15001
2024-02-27 21:36:54,349 [IPC Server listener on 15001] INFO  ipc.Server (Server.java:run(1434)) - Stopping IPC Server listener on 15001
2024-02-27 21:36:54,349 [main] INFO  server.StorageContainerManager (StorageContainerManager.java:stop(1684)) - Stopping the StorageContainerLocationProtocol RPC server
2024-02-27 21:36:54,349 [IPC Server Responder] INFO  ipc.Server (Server.java:run(1567)) - Stopping IPC Server Responder
2024-02-27 21:36:54,349 [main] INFO  server.SCMClientProtocolServer (SCMClientProtocolServer.java:stop(213)) - Stopping the RPC server for Client Protocol
2024-02-27 21:36:54,349 [main] INFO  ipc.Server (Server.java:stop(3523)) - Stopping server on 15000
2024-02-27 21:36:54,351 [IPC Server listener on 15000] INFO  ipc.Server (Server.java:run(1434)) - Stopping IPC Server listener on 15000
2024-02-27 21:36:54,351 [main] INFO  server.StorageContainerManager (StorageContainerManager.java:stop(1691)) - Stopping Storage Container Manager HTTP server.
2024-02-27 21:36:54,351 [IPC Server Responder] INFO  ipc.Server (Server.java:run(1567)) - Stopping IPC Server Responder
2024-02-27 21:36:54,352 [main] INFO  handler.ContextHandler (ContextHandler.java:doStop(1159)) - Stopped o.e.j.w.WebAppContext@5016934{scm,/,null,STOPPED}{file:/home/runner/work/ozone/ozone/hadoop-ozone/integration-test/target/test-classes/webapps/scm}
2024-02-27 21:36:54,353 [main] INFO  server.AbstractConnector (AbstractConnector.java:doStop(383)) - Stopped ServerConnector@996126b{HTTP/1.1, (http/1.1)}{0.0.0.0:15003}
2024-02-27 21:36:54,354 [main] INFO  server.session (HouseKeeper.java:stopScavenging(149)) - node0 Stopped scavenging
2024-02-27 21:36:54,354 [main] INFO  handler.ContextHandler (ContextHandler.java:doStop(1159)) - Stopped o.e.j.s.ServletContextHandler@17d606c9{static,/static,file:///home/runner/work/ozone/ozone/hadoop-ozone/integration-test/target/test-classes/webapps/static,STOPPED}
2024-02-27 21:36:54,355 [main] INFO  handler.ContextHandler (ContextHandler.java:doStop(1159)) - Stopped o.e.j.s.ServletContextHandler@31e3b882{logs,/logs,file:///home/runner/work/ozone/ozone/hadoop-ozone/integration-test/target/log,STOPPED}
2024-02-27 21:36:54,356 [main] INFO  server.StorageContainerManager (StorageContainerManager.java:stop(1699)) - Stopping SCM LayoutVersionManager Service.
2024-02-27 21:36:54,356 [main] INFO  server.StorageContainerManager (StorageContainerManager.java:stop(1711)) - Stopping Block Manager Service.
2024-02-27 21:36:54,356 [main] INFO  utils.BackgroundService (BackgroundService.java:shutdown(160)) - Shutting down service SCMBlockDeletingService
2024-02-27 21:36:54,356 [main] INFO  utils.BackgroundService (BackgroundService.java:shutdown(160)) - Shutting down service SCMBlockDeletingService
2024-02-27 21:36:54,357 [main] INFO  server.StorageContainerManager (StorageContainerManager.java:stop(1731)) - Stopping SCM Event Queue.
2024-02-27 21:36:54,358 [JvmPauseMonitor0] INFO  util.JvmPauseMonitor (JvmPauseMonitor.java:run(152)) - JvmPauseMonitor-e39af6bb-8bb8-4a9d-bfdd-c3ec8e2ac14d: Stopped
2024-02-27 21:36:54,358 [main] INFO  server.StorageContainerManager (StorageContainerManager.java:stop(1742)) - Stopping SCM HA services.
2024-02-27 21:36:54,359 [main] INFO  pipeline.BackgroundPipelineCreator (BackgroundPipelineCreator.java:stop(152)) - Stopping RatisPipelineUtilsThread.
2024-02-27 21:36:54,359 [RatisPipelineUtilsThread-0] WARN  pipeline.BackgroundPipelineCreator (BackgroundPipelineCreator.java:run(183)) - RatisPipelineUtilsThread is interrupted.
2024-02-27 21:36:54,359 [main] INFO  BackgroundPipelineScrubber (BackgroundSCMService.java:stop(128)) - Stopping BackgroundPipelineScrubber Service.
2024-02-27 21:36:54,359 [BackgroundPipelineScrubber] WARN  BackgroundPipelineScrubber (BackgroundSCMService.java:run(112)) - BackgroundPipelineScrubber is interrupted, exit
2024-02-27 21:36:54,361 [main] INFO  impl.MetricsSystemImpl (MetricsSystemImpl.java:stop(210)) - Stopping HddsDatanode metrics system...
2024-02-27 21:36:54,364 [prometheus] INFO  impl.MetricsSinkAdapter (MetricsSinkAdapter.java:publishMetricsFromQueue(141)) - prometheus thread interrupted.
2024-02-27 21:36:54,365 [main] INFO  impl.MetricsSystemImpl (MetricsSystemImpl.java:stop(216)) - HddsDatanode metrics system stopped.
2024-02-27 21:36:54,365 [main] WARN  pipeline.BackgroundPipelineCreator (BackgroundPipelineCreator.java:stop(148)) - RatisPipelineUtilsThread is not running, just ignore.
2024-02-27 21:36:54,365 [main] INFO  BackgroundPipelineScrubber (BackgroundSCMService.java:stop(123)) - BackgroundPipelineScrubber Service is not running, skip stop.
2024-02-27 21:36:54,366 [main] INFO  ExpiredContainerReplicaOpScrubber (BackgroundSCMService.java:stop(128)) - Stopping ExpiredContainerReplicaOpScrubber Service.
2024-02-27 21:36:54,366 [ExpiredContainerReplicaOpScrubber] WARN  ExpiredContainerReplicaOpScrubber (BackgroundSCMService.java:run(112)) - ExpiredContainerReplicaOpScrubber is interrupted, exit
2024-02-27 21:36:54,366 [main] INFO  utils.BackgroundService (BackgroundService.java:shutdown(160)) - Shutting down service SCMBlockDeletingService
2024-02-27 21:36:54,366 [main] INFO  replication.ReplicationManager (ReplicationManager.java:stop(337)) - Replication Monitor Thread is not running.
2024-02-27 21:36:54,367 [main] WARN  balancer.ContainerBalancer (ContainerBalancer.java:stop(327)) - Cannot stop Container Balancer because it's not running or stopping
2024-02-27 21:36:54,367 [LeaseManager#LeaseMonitor] WARN  lease.LeaseManager (LeaseManager.java:run(287)) - Lease manager is interrupted. Shutting down...
java.lang.InterruptedException
	at java.util.concurrent.locks.AbstractQueuedSynchronizer.doAcquireSharedNanos(AbstractQueuedSynchronizer.java:1039)
	at java.util.concurrent.locks.AbstractQueuedSynchronizer.tryAcquireSharedNanos(AbstractQueuedSynchronizer.java:1328)
	at java.util.concurrent.Semaphore.tryAcquire(Semaphore.java:409)
	at org.apache.hadoop.ozone.lease.LeaseManager$LeaseMonitor.run(LeaseManager.java:285)
	at java.lang.Thread.run(Thread.java:750)
2024-02-27 21:36:54,367 [main] INFO  server.StorageContainerManager (StorageContainerManager.java:stop(1777)) - Stopping SCM MetadataStore.
]]></system-out>
  </testcase>
  <testcase name="testPipelineCreationOnNodeRestart" classname="org.apache.hadoop.hdds.scm.pipeline.TestRatisPipelineCreateAndDestroy" time="190.21">
    <error type="java.util.concurrent.TimeoutException"><![CDATA[java.util.concurrent.TimeoutException: testPipelineCreationOnNodeRestart() timed out after 180000 milliseconds
	at java.util.ArrayList.forEach(ArrayList.java:1259)
	at java.util.ArrayList.forEach(ArrayList.java:1259)
]]></error>
    <system-out><![CDATA[2024-02-27 21:36:54,448 [main] WARN  server.ServerUtils (ServerUtils.java:getScmDbDir(143)) - ozone.scm.db.dirs is not configured. We recommend adding this setting. Falling back to ozone.metadata.dirs instead.
2024-02-27 21:36:54,450 [main] WARN  server.ServerUtils (ServerUtils.java:getScmDbDir(143)) - ozone.scm.db.dirs is not configured. We recommend adding this setting. Falling back to ozone.metadata.dirs instead.
2024-02-27 21:36:54,450 [main] INFO  ha.SCMHANodeDetails (SCMHANodeDetails.java:loadSCMHAConfig(207)) - ServiceID for StorageContainerManager is null
2024-02-27 21:36:54,451 [main] INFO  ha.SCMHANodeDetails (SCMHANodeDetails.java:loadSCMHAConfig(212)) - ozone.scm.default.service.id is not defined, falling back to ozone.scm.service.ids to find serviceID for StorageContainerManager if it is HA enabled cluster
2024-02-27 21:36:54,451 [main] WARN  utils.HAUtils (HAUtils.java:getMetaDir(339)) - ozone.scm.db.dirs is not configured. We recommend adding this setting. Falling back to ozone.metadata.dirs instead.
2024-02-27 21:36:54,452 [main] WARN  db.DBStoreBuilder (DBStoreBuilder.java:applyDBDefinition(171)) - ozone.scm.db.dirs is not configured. We recommend adding this setting. Falling back to ozone.metadata.dirs instead.
2024-02-27 21:36:54,538 [main] INFO  net.NodeSchemaLoader (NodeSchemaLoader.java:loadSchemaFromFile(129)) - Loading schema from [jar:file:/home/runner/.m2/repository/org/apache/ozone/hdds-common/1.5.0-SNAPSHOT/hdds-common-1.5.0-SNAPSHOT.jar!/network-topology-default.xml]
2024-02-27 21:36:54,538 [main] INFO  net.NodeSchemaLoader (NodeSchemaLoader.java:loadSchema(176)) - Loading network topology layer schema file
2024-02-27 21:36:54,541 [main] INFO  upgrade.AbstractLayoutVersionManager (AbstractLayoutVersionManager.java:init(83)) - Initializing Layout version manager with metadata layout = HADOOP_PRC_PORTS_IN_DATANODEDETAILS (version = 7), software layout = HADOOP_PRC_PORTS_IN_DATANODEDETAILS (version = 7)
2024-02-27 21:36:54,542 [main] INFO  ha.SequenceIdGenerator (SequenceIdGenerator.java:upgradeToSequenceId(370)) - upgrade localId to 113750153625600000
2024-02-27 21:36:54,543 [main] INFO  ha.SequenceIdGenerator (SequenceIdGenerator.java:upgradeToSequenceId(380)) - upgrade delTxnId to 0
2024-02-27 21:36:54,544 [main] INFO  ha.SequenceIdGenerator (SequenceIdGenerator.java:upgradeToSequenceId(397)) - upgrade containerId to 0
2024-02-27 21:36:54,546 [main] INFO  ha.SequenceIdGenerator (SequenceIdGenerator.java:upgradeToCertificateSequenceId(444)) - upgrade CertificateId to 2
2024-02-27 21:36:54,546 [main] INFO  ha.SequenceIdGenerator (SequenceIdGenerator.java:<init>(241)) - Init the HA SequenceIdGenerator.
2024-02-27 21:36:54,547 [main] WARN  server.ServerUtils (ServerUtils.java:sanitizeUserArgs(73)) - ozone.scm.stale.node.interval value = 5000 is smaller than min = 6000 based on the key value of hdds.heartbeat.interval, reset to the min value 6000.
2024-02-27 21:36:54,547 [main] WARN  server.ServerUtils (ServerUtils.java:sanitizeUserArgs(73)) - ozone.scm.stale.node.interval value = 5000 is smaller than min = 6000 based on the key value of hdds.heartbeat.interval, reset to the min value 6000.
2024-02-27 21:36:54,547 [main] INFO  node.SCMNodeManager (SCMNodeManager.java:<init>(177)) - Entering startup safe mode.
2024-02-27 21:36:54,547 [main] INFO  algorithms.ContainerPlacementPolicyFactory (ContainerPlacementPolicyFactory.java:getPolicyInternal(86)) - Create container placement policy of type org.apache.hadoop.hdds.scm.container.placement.algorithms.SCMContainerPlacementRackAware
2024-02-27 21:36:54,548 [main] INFO  algorithms.ContainerPlacementPolicyFactory (ContainerPlacementPolicyFactory.java:getPolicyInternal(86)) - Create container placement policy of type org.apache.hadoop.hdds.scm.container.placement.algorithms.SCMContainerPlacementRackScatter
2024-02-27 21:36:54,548 [main] INFO  pipeline.PipelineStateManagerImpl (PipelineStateManagerImpl.java:initialize(78)) - No pipeline exists in current db
2024-02-27 21:36:54,548 [main] INFO  algorithms.LeaderChoosePolicyFactory (LeaderChoosePolicyFactory.java:getPolicy(57)) - Create leader choose policy of type org.apache.hadoop.hdds.scm.pipeline.leader.choose.algorithms.MinLeaderCountChoosePolicy
2024-02-27 21:36:54,549 [main] INFO  algorithms.ContainerPlacementPolicyFactory (ContainerPlacementPolicyFactory.java:getPolicyInternal(86)) - Create container placement policy of type org.apache.hadoop.hdds.scm.container.placement.algorithms.SCMContainerPlacementRackScatter
2024-02-27 21:36:54,549 [main] INFO  ha.SCMServiceManager (SCMServiceManager.java:register(42)) - Registering service BackgroundPipelineCreator.
2024-02-27 21:36:54,549 [main] INFO  pipeline.BackgroundPipelineCreator (BackgroundPipelineCreator.java:start(127)) - Starting RatisPipelineUtilsThread.
2024-02-27 21:36:54,549 [main] INFO  BackgroundPipelineScrubber (BackgroundSCMService.java:start(65)) - Starting BackgroundPipelineScrubber Service.
2024-02-27 21:36:54,550 [main] INFO  ha.SCMServiceManager (SCMServiceManager.java:register(42)) - Registering service BackgroundPipelineScrubber.
2024-02-27 21:36:54,550 [main] INFO  ExpiredContainerReplicaOpScrubber (BackgroundSCMService.java:start(65)) - Starting ExpiredContainerReplicaOpScrubber Service.
2024-02-27 21:36:54,550 [main] INFO  ha.SCMServiceManager (SCMServiceManager.java:register(42)) - Registering service ExpiredContainerReplicaOpScrubber.
2024-02-27 21:36:54,551 [main] INFO  algorithms.PipelineChoosePolicyFactory (PipelineChoosePolicyFactory.java:createPipelineChoosePolicyFromClass(80)) - Create pipeline choose policy of type org.apache.hadoop.hdds.scm.pipeline.choose.algorithms.RandomPipelineChoosePolicy
2024-02-27 21:36:54,551 [main] INFO  algorithms.PipelineChoosePolicyFactory (PipelineChoosePolicyFactory.java:createPipelineChoosePolicyFromClass(80)) - Create pipeline choose policy of type org.apache.hadoop.hdds.scm.pipeline.choose.algorithms.RandomPipelineChoosePolicy
2024-02-27 21:36:54,552 [main] INFO  ha.SCMServiceManager (SCMServiceManager.java:register(42)) - Registering service SCMBlockDeletingService.
2024-02-27 21:36:54,553 [main] INFO  replication.ReplicationManager (ReplicationManager.java:start(295)) - Starting Replication Monitor Thread.
2024-02-27 21:36:54,553 [ReplicationMonitor] INFO  replication.ReplicationManager (ReplicationManager.java:processAll(370)) - Replication Manager is not ready to run until 3000ms after safemode exit
2024-02-27 21:36:54,553 [main] INFO  ha.SCMServiceManager (SCMServiceManager.java:register(42)) - Registering service ReplicationManager.
2024-02-27 21:36:54,554 [main] INFO  safemode.ContainerSafeModeRule (ContainerSafeModeRule.java:<init>(91)) - containers with one replica threshold count 0
2024-02-27 21:36:54,554 [main] INFO  safemode.HealthyPipelineSafeModeRule (HealthyPipelineSafeModeRule.java:initializeRule(176)) - Total pipeline count is 0, healthy pipeline threshold count is 1
2024-02-27 21:36:54,555 [main] INFO  safemode.OneReplicaPipelineSafeModeRule (OneReplicaPipelineSafeModeRule.java:initializeRule(193)) - Total pipeline count is 0, pipeline's with at least one datanode reported threshold count is 0
2024-02-27 21:36:54,555 [main] INFO  server.StorageContainerManager (StorageContainerManager.java:<init>(440)) - SCM start with adminUsers: [runner]
2024-02-27 21:36:54,556 [main] INFO  ipc.CallQueueManager (CallQueueManager.java:<init>(90)) - Using callQueue: class java.util.concurrent.LinkedBlockingQueue, queueCapacity: 10000, scheduler: class org.apache.hadoop.ipc.DefaultRpcScheduler, ipcBackoff: false.
2024-02-27 21:36:54,556 [main] INFO  ipc.Server (Server.java:<init>(1287)) - Listener at 0.0.0.0:15064
2024-02-27 21:36:54,556 [Socket Reader #1 for port 15064] INFO  ipc.Server (Server.java:run(1323)) - Starting Socket Reader #1 for port 15064
2024-02-27 21:36:54,557 [main] INFO  ipc.CallQueueManager (CallQueueManager.java:<init>(90)) - Using callQueue: class java.util.concurrent.LinkedBlockingQueue, queueCapacity: 10000, scheduler: class org.apache.hadoop.ipc.DefaultRpcScheduler, ipcBackoff: false.
2024-02-27 21:36:54,557 [main] INFO  ipc.Server (Server.java:<init>(1287)) - Listener at 0.0.0.0:15063
2024-02-27 21:36:54,558 [Socket Reader #1 for port 15063] INFO  ipc.Server (Server.java:run(1323)) - Starting Socket Reader #1 for port 15063
2024-02-27 21:36:54,558 [main] INFO  ipc.CallQueueManager (CallQueueManager.java:<init>(90)) - Using callQueue: class java.util.concurrent.LinkedBlockingQueue, queueCapacity: 10000, scheduler: class org.apache.hadoop.ipc.DefaultRpcScheduler, ipcBackoff: false.
2024-02-27 21:36:54,559 [main] INFO  ipc.Server (Server.java:<init>(1287)) - Listener at 0.0.0.0:15062
2024-02-27 21:36:54,559 [Socket Reader #1 for port 15062] INFO  ipc.Server (Server.java:run(1323)) - Starting Socket Reader #1 for port 15062
2024-02-27 21:36:54,562 [main] INFO  ha.SCMServiceManager (SCMServiceManager.java:register(42)) - Registering service ContainerBalancer.
2024-02-27 21:36:54,562 [main] INFO  ha.SCMContext (SCMContext.java:updateSafeModeStatus(225)) - Update SafeModeStatus from SafeModeStatus{safeModeStatus=true, preCheckPassed=false} to SafeModeStatus{safeModeStatus=true, preCheckPassed=false}.
2024-02-27 21:36:54,562 [main] INFO  server.StorageContainerManager (StorageContainerManager.java:start(1545)) - StorageContainerLocationProtocol RPC server is listening at /0.0.0.0:15062
2024-02-27 21:36:54,563 [main] WARN  impl.MetricsConfig (MetricsConfig.java:loadFirst(136)) - Cannot locate configuration: tried hadoop-metrics2-storagecontainermanager.properties,hadoop-metrics2.properties
2024-02-27 21:36:54,564 [main] INFO  impl.MetricsSystemImpl (MetricsSystemImpl.java:startTimer(378)) - Scheduled Metric snapshot period at 10 second(s).
2024-02-27 21:36:54,564 [main] INFO  impl.MetricsSystemImpl (MetricsSystemImpl.java:start(191)) - StorageContainerManager metrics system started
2024-02-27 21:36:54,569 [main] INFO  impl.MetricsSinkAdapter (MetricsSinkAdapter.java:start(204)) - Sink prometheus started
2024-02-27 21:36:54,569 [main] INFO  impl.MetricsSystemImpl (MetricsSystemImpl.java:registerSink(305)) - Registered sink prometheus
2024-02-27 21:36:54,583 [main] INFO  server.SCMClientProtocolServer (SCMClientProtocolServer.java:start(204)) - RPC server for Client  is listening at /0.0.0.0:15062
2024-02-27 21:36:54,586 [IPC Server Responder] INFO  ipc.Server (Server.java:run(1562)) - IPC Server Responder: starting
2024-02-27 21:36:54,586 [IPC Server listener on 15062] INFO  ipc.Server (Server.java:run(1402)) - IPC Server listener on 15062: starting
2024-02-27 21:36:54,608 [main] INFO  server.StorageContainerManager (StorageContainerManager.java:start(1558)) - ScmBlockLocationProtocol RPC server is listening at /0.0.0.0:15063
2024-02-27 21:36:54,609 [main] INFO  server.SCMBlockProtocolServer (SCMBlockProtocolServer.java:start(160)) - RPC server for Block Protocol is listening at /0.0.0.0:15063
2024-02-27 21:36:54,609 [IPC Server Responder] INFO  ipc.Server (Server.java:run(1562)) - IPC Server Responder: starting
2024-02-27 21:36:54,609 [IPC Server listener on 15063] INFO  ipc.Server (Server.java:run(1402)) - IPC Server listener on 15063: starting
2024-02-27 21:36:54,617 [main] INFO  server.SCMDatanodeProtocolServer (SCMDatanodeProtocolServer.java:start(194)) - ScmDatanodeProtocol RPC server for DataNodes is listening at /0.0.0.0:15064
2024-02-27 21:36:54,618 [IPC Server Responder] INFO  ipc.Server (Server.java:run(1562)) - IPC Server Responder: starting
2024-02-27 21:36:54,618 [IPC Server listener on 15064] INFO  ipc.Server (Server.java:run(1402)) - IPC Server listener on 15064: starting
2024-02-27 21:36:54,623 [JvmPauseMonitor8] INFO  util.JvmPauseMonitor (JvmPauseMonitor.java:run(146)) - JvmPauseMonitor-dafaabb2-6c37-47f3-b373-f4480f203cfc: Started
2024-02-27 21:36:54,624 [main] INFO  http.BaseHttpServer (BaseHttpServer.java:newHttpServer2BuilderForOzone(223)) - Starting Web-server for scm at: http://0.0.0.0:15065
2024-02-27 21:36:54,624 [main] INFO  http.BaseHttpServer (BaseHttpServer.java:<init>(110)) - Hadoop Security Enabled: false Ozone Security Enabled: false Ozone HTTP Security Enabled: false 
2024-02-27 21:36:54,626 [main] WARN  server.AuthenticationFilter (AuthenticationFilter.java:constructSecretProvider(240)) - Unable to initialize FileSignerSecretProvider, falling back to use random secrets. Reason: Could not read signature secret file: /home/runner/hadoop-http-auth-signature-secret
2024-02-27 21:36:54,626 [main] INFO  http.HttpRequestLog (HttpRequestLog.java:getRequestLog(86)) - Http request log for http.requests.scm is not defined
2024-02-27 21:36:54,628 [main] INFO  http.HttpServer2 (HttpServer2.java:addGlobalFilter(1036)) - Added global filter 'safety' (class=org.apache.hadoop.hdds.server.http.HttpServer2$QuotingInputFilter)
2024-02-27 21:36:54,629 [main] INFO  http.HttpServer2 (HttpServer2.java:addFilter(1012)) - Added filter static_user_filter (class=org.apache.hadoop.http.lib.StaticUserWebFilter$StaticUserFilter) to context scm
2024-02-27 21:36:54,629 [main] INFO  http.HttpServer2 (HttpServer2.java:addFilter(1020)) - Added filter static_user_filter (class=org.apache.hadoop.http.lib.StaticUserWebFilter$StaticUserFilter) to context logs
2024-02-27 21:36:54,629 [main] INFO  http.HttpServer2 (HttpServer2.java:addFilter(1020)) - Added filter static_user_filter (class=org.apache.hadoop.http.lib.StaticUserWebFilter$StaticUserFilter) to context static
2024-02-27 21:36:54,630 [main] INFO  http.BaseHttpServer (BaseHttpServer.java:<init>(189)) - HTTP server of scm uses base directory /home/runner/work/ozone/ozone/hadoop-ozone/integration-test/target/test-dir/MiniOzoneClusterImpl-075da85a-61fc-4f3b-aaa6-f3afee0da340/ozone-meta/webserver
2024-02-27 21:36:54,630 [main] INFO  http.HttpServer2 (HttpServer2.java:bindListener(1236)) - Jetty bound to port 15065
2024-02-27 21:36:54,630 [main] INFO  server.Server (Server.java:doStart(375)) - jetty-9.4.53.v20231009; built: 2023-10-09T12:29:09.265Z; git: 27bde00a0b95a1d5bbee0eae7984f891d2d0f8c9; jvm 1.8.0_402-b06
2024-02-27 21:36:54,631 [main] INFO  server.session (DefaultSessionIdManager.java:doStart(334)) - DefaultSessionIdManager workerName=node0
2024-02-27 21:36:54,631 [main] INFO  server.session (DefaultSessionIdManager.java:doStart(339)) - No SessionScavenger set, using defaults
2024-02-27 21:36:54,632 [main] INFO  server.session (HouseKeeper.java:startScavenging(132)) - node0 Scavenging every 600000ms
2024-02-27 21:36:54,632 [main] INFO  handler.ContextHandler (ContextHandler.java:doStart(921)) - Started o.e.j.s.ServletContextHandler@3d87b409{logs,/logs,file:///home/runner/work/ozone/ozone/hadoop-ozone/integration-test/target/log,AVAILABLE}
2024-02-27 21:36:54,633 [main] INFO  handler.ContextHandler (ContextHandler.java:doStart(921)) - Started o.e.j.s.ServletContextHandler@70f5e10b{static,/static,file:///home/runner/work/ozone/ozone/hadoop-ozone/integration-test/target/test-classes/webapps/static,AVAILABLE}
2024-02-27 21:36:54,635 [main] INFO  handler.ContextHandler (ContextHandler.java:doStart(921)) - Started o.e.j.w.WebAppContext@1f08913d{scm,/,file:///home/runner/work/ozone/ozone/hadoop-ozone/integration-test/target/test-classes/webapps/scm/,AVAILABLE}{file:/home/runner/work/ozone/ozone/hadoop-ozone/integration-test/target/test-classes/webapps/scm}
2024-02-27 21:36:54,638 [main] INFO  server.AbstractConnector (AbstractConnector.java:doStart(333)) - Started ServerConnector@787a0dcf{HTTP/1.1, (http/1.1)}{0.0.0.0:15065}
2024-02-27 21:36:54,638 [main] INFO  server.Server (Server.java:doStart(415)) - Started @24981ms
2024-02-27 21:36:54,638 [main] WARN  impl.MetricsSystemImpl (MetricsSystemImpl.java:register(279)) - Sink prometheus already exists!
2024-02-27 21:36:54,639 [main] INFO  http.BaseHttpServer (BaseHttpServer.java:updateConnectorAddress(354)) - HTTP server of scm listening at http://0.0.0.0:15065
2024-02-27 21:36:54,639 [main] WARN  server.ServerUtils (ServerUtils.java:getDBPath(299)) - ozone.om.db.dirs is not configured. We recommend adding this setting. Falling back to ozone.metadata.dirs instead.
2024-02-27 21:36:54,641 [main] INFO  ha.OMHANodeDetails (OMHANodeDetails.java:loadOMHAConfig(115)) - ozone.om.internal.service.id is not defined, falling back to ozone.om.service.ids to find serviceID for OzoneManager if it is HA enabled cluster
2024-02-27 21:36:54,641 [main] INFO  ha.OMHANodeDetails (OMHANodeDetails.java:loadOMHAConfig(226)) - Configuration does not have ozone.om.address set. Falling back to the default OM address /127.0.0.1:15066
2024-02-27 21:36:54,641 [main] INFO  ha.OMHANodeDetails (OMHANodeDetails.java:getOMNodeDetailsForNonHA(254)) - OM Service ID is not set. Setting it to the default ID: omServiceIdDefault
2024-02-27 21:36:54,641 [main] INFO  ha.OMHANodeDetails (OMHANodeDetails.java:getOMNodeDetailsForNonHA(261)) - OM Node ID is not set. Setting it to the default ID: om1
2024-02-27 21:36:54,641 [main] WARN  server.ServerUtils (ServerUtils.java:getDBPath(299)) - ozone.om.db.dirs is not configured. We recommend adding this setting. Falling back to ozone.metadata.dirs instead.
2024-02-27 21:36:54,643 [main] INFO  upgrade.AbstractLayoutVersionManager (AbstractLayoutVersionManager.java:init(83)) - Initializing Layout version manager with metadata layout = QUOTA (version = 6), software layout = QUOTA (version = 6)
2024-02-27 21:36:54,686 [main] INFO  upgrade.OMLayoutVersionManager (OMLayoutVersionManager.java:lambda$0(113)) - Skipping Upgrade Action MockOmUpgradeAction since it has been finalized.
2024-02-27 21:36:54,686 [main] INFO  upgrade.OMLayoutVersionManager (OMLayoutVersionManager.java:lambda$0(113)) - Skipping Upgrade Action QuotaRepairUpgradeAction since it has been finalized.
2024-02-27 21:36:54,686 [main] WARN  server.ServerUtils (ServerUtils.java:getDBPath(299)) - ozone.om.db.dirs is not configured. We recommend adding this setting. Falling back to ozone.metadata.dirs instead.
2024-02-27 21:36:54,687 [main] INFO  proxy.SCMBlockLocationFailoverProxyProvider (SCMBlockLocationFailoverProxyProvider.java:<init>(115)) - Created block location fail-over proxy with 1 nodes: [nodeId=scmNodeId,nodeAddress=/0.0.0.0:15063]
2024-02-27 21:36:54,688 [main] INFO  proxy.SCMBlockLocationFailoverProxyProvider (SCMBlockLocationFailoverProxyProvider.java:<init>(115)) - Created block location fail-over proxy with 1 nodes: [nodeId=scmNodeId,nodeAddress=/0.0.0.0:15063]
2024-02-27 21:36:54,698 [main] INFO  om.OzoneManager (OzoneManager.java:<init>(672)) - OM start with adminUsers: [runner]
2024-02-27 21:36:54,699 [main] WARN  server.ServerUtils (ServerUtils.java:getDBPath(299)) - ozone.om.db.dirs is not configured. We recommend adding this setting. Falling back to ozone.metadata.dirs instead.
2024-02-27 21:36:54,700 [main] INFO  helpers.OmKeyInfo (OmKeyInfo.java:getCodec(71)) - OmKeyInfo.getCodec ignorePipeline = true
2024-02-27 21:36:54,853 [main] INFO  om.OzoneManager (OzoneManager.java:instantiateServices(804)) - S3 Multi-Tenancy is disabled
2024-02-27 21:36:54,854 [main] INFO  om.OmSnapshotManager (OmSnapshotManager.java:<init>(177)) - Ozone filesystem snapshot feature is enabled.
2024-02-27 21:36:54,855 [main] WARN  server.ServerUtils (ServerUtils.java:getDBPath(299)) - ozone.om.snapshot.diff.db.dir is not configured. We recommend adding this setting. Falling back to ozone.metadata.dirs instead.
2024-02-27 21:36:54,873 [main] INFO  utils.NativeLibraryLoader (NativeLibraryLoader.java:loadLibrary(108)) - Loading Library: ozone_rocksdb_tools
2024-02-27 21:36:54,873 [main] ERROR snapshot.SnapshotDiffManager (SnapshotDiffManager.java:initNativeLibraryForEfficientDiff(287)) - Native Library for raw sst file reading loading failed.
org.apache.hadoop.hdds.utils.NativeLibraryNotLoadedException: Unable to load library ozone_rocksdb_tools from both java.library.path & resource file libozone_rocksdb_tools.so from jar.
	at org.apache.hadoop.hdds.utils.db.managed.ManagedRawSSTFileReader.loadLibrary(ManagedRawSSTFileReader.java:38)
	at org.apache.hadoop.ozone.om.snapshot.SnapshotDiffManager.initNativeLibraryForEfficientDiff(SnapshotDiffManager.java:285)
	at org.apache.hadoop.ozone.om.snapshot.SnapshotDiffManager.<init>(SnapshotDiffManager.java:259)
	at org.apache.hadoop.ozone.om.OmSnapshotManager.<init>(OmSnapshotManager.java:279)
	at org.apache.hadoop.ozone.om.OzoneManager.instantiateServices(OzoneManager.java:856)
	at org.apache.hadoop.ozone.om.OzoneManager.<init>(OzoneManager.java:682)
	at org.apache.hadoop.ozone.om.OzoneManager.createOm(OzoneManager.java:767)
	at org.apache.hadoop.ozone.MiniOzoneClusterImpl$Builder.createOM(MiniOzoneClusterImpl.java:688)
	at org.apache.hadoop.ozone.MiniOzoneClusterImpl$Builder.createAndStartSingleOM(MiniOzoneClusterImpl.java:672)
	at org.apache.hadoop.ozone.MiniOzoneClusterImpl$Builder.build(MiniOzoneClusterImpl.java:536)
	at org.apache.hadoop.hdds.scm.pipeline.TestRatisPipelineCreateAndDestroy.init(TestRatisPipelineCreateAndDestroy.java:68)
	at org.apache.hadoop.hdds.scm.pipeline.TestRatisPipelineCreateAndDestroy.testPipelineCreationOnNodeRestart(TestRatisPipelineCreateAndDestroy.java:127)
	at sun.reflect.NativeMethodAccessorImpl.invoke0(Native Method)
	at sun.reflect.NativeMethodAccessorImpl.invoke(NativeMethodAccessorImpl.java:62)
	at sun.reflect.DelegatingMethodAccessorImpl.invoke(DelegatingMethodAccessorImpl.java:43)
	at java.lang.reflect.Method.invoke(Method.java:498)
	at org.junit.platform.commons.util.ReflectionUtils.invokeMethod(ReflectionUtils.java:728)
	at org.junit.jupiter.engine.execution.MethodInvocation.proceed(MethodInvocation.java:60)
	at org.junit.jupiter.engine.execution.InvocationInterceptorChain$ValidatingInvocation.proceed(InvocationInterceptorChain.java:131)
	at org.junit.jupiter.engine.extension.SameThreadTimeoutInvocation.proceed(SameThreadTimeoutInvocation.java:45)
	at org.junit.jupiter.engine.extension.TimeoutExtension.intercept(TimeoutExtension.java:156)
	at org.junit.jupiter.engine.extension.TimeoutExtension.interceptTestableMethod(TimeoutExtension.java:147)
	at org.junit.jupiter.engine.extension.TimeoutExtension.interceptTestMethod(TimeoutExtension.java:86)
	at org.junit.jupiter.engine.execution.InterceptingExecutableInvoker$ReflectiveInterceptorCall.lambda$ofVoidMethod$0(InterceptingExecutableInvoker.java:103)
	at org.junit.jupiter.engine.execution.InterceptingExecutableInvoker.lambda$invoke$0(InterceptingExecutableInvoker.java:93)
	at org.junit.jupiter.engine.execution.InvocationInterceptorChain$InterceptedInvocation.proceed(InvocationInterceptorChain.java:106)
	at org.junit.jupiter.engine.execution.InvocationInterceptorChain.proceed(InvocationInterceptorChain.java:64)
	at org.junit.jupiter.engine.execution.InvocationInterceptorChain.chainAndInvoke(InvocationInterceptorChain.java:45)
	at org.junit.jupiter.engine.execution.InvocationInterceptorChain.invoke(InvocationInterceptorChain.java:37)
	at org.junit.jupiter.engine.execution.InterceptingExecutableInvoker.invoke(InterceptingExecutableInvoker.java:92)
	at org.junit.jupiter.engine.execution.InterceptingExecutableInvoker.invoke(InterceptingExecutableInvoker.java:86)
	at org.junit.jupiter.engine.descriptor.TestMethodTestDescriptor.lambda$invokeTestMethod$7(TestMethodTestDescriptor.java:218)
	at org.junit.platform.engine.support.hierarchical.ThrowableCollector.execute(ThrowableCollector.java:73)
	at org.junit.jupiter.engine.descriptor.TestMethodTestDescriptor.invokeTestMethod(TestMethodTestDescriptor.java:214)
	at org.junit.jupiter.engine.descriptor.TestMethodTestDescriptor.execute(TestMethodTestDescriptor.java:139)
	at org.junit.jupiter.engine.descriptor.TestMethodTestDescriptor.execute(TestMethodTestDescriptor.java:69)
	at org.junit.platform.engine.support.hierarchical.NodeTestTask.lambda$executeRecursively$6(NodeTestTask.java:151)
	at org.junit.platform.engine.support.hierarchical.ThrowableCollector.execute(ThrowableCollector.java:73)
	at org.junit.platform.engine.support.hierarchical.NodeTestTask.lambda$executeRecursively$8(NodeTestTask.java:141)
	at org.junit.platform.engine.support.hierarchical.Node.around(Node.java:137)
	at org.junit.platform.engine.support.hierarchical.NodeTestTask.lambda$executeRecursively$9(NodeTestTask.java:139)
	at org.junit.platform.engine.support.hierarchical.ThrowableCollector.execute(ThrowableCollector.java:73)
	at org.junit.platform.engine.support.hierarchical.NodeTestTask.executeRecursively(NodeTestTask.java:138)
	at org.junit.platform.engine.support.hierarchical.NodeTestTask.execute(NodeTestTask.java:95)
	at java.util.ArrayList.forEach(ArrayList.java:1259)
	at org.junit.platform.engine.support.hierarchical.SameThreadHierarchicalTestExecutorService.invokeAll(SameThreadHierarchicalTestExecutorService.java:41)
	at org.junit.platform.engine.support.hierarchical.NodeTestTask.lambda$executeRecursively$6(NodeTestTask.java:155)
	at org.junit.platform.engine.support.hierarchical.ThrowableCollector.execute(ThrowableCollector.java:73)
	at org.junit.platform.engine.support.hierarchical.NodeTestTask.lambda$executeRecursively$8(NodeTestTask.java:141)
	at org.junit.platform.engine.support.hierarchical.Node.around(Node.java:137)
	at org.junit.platform.engine.support.hierarchical.NodeTestTask.lambda$executeRecursively$9(NodeTestTask.java:139)
	at org.junit.platform.engine.support.hierarchical.ThrowableCollector.execute(ThrowableCollector.java:73)
	at org.junit.platform.engine.support.hierarchical.NodeTestTask.executeRecursively(NodeTestTask.java:138)
	at org.junit.platform.engine.support.hierarchical.NodeTestTask.execute(NodeTestTask.java:95)
	at java.util.ArrayList.forEach(ArrayList.java:1259)
	at org.junit.platform.engine.support.hierarchical.SameThreadHierarchicalTestExecutorService.invokeAll(SameThreadHierarchicalTestExecutorService.java:41)
	at org.junit.platform.engine.support.hierarchical.NodeTestTask.lambda$executeRecursively$6(NodeTestTask.java:155)
	at org.junit.platform.engine.support.hierarchical.ThrowableCollector.execute(ThrowableCollector.java:73)
	at org.junit.platform.engine.support.hierarchical.NodeTestTask.lambda$executeRecursively$8(NodeTestTask.java:141)
	at org.junit.platform.engine.support.hierarchical.Node.around(Node.java:137)
	at org.junit.platform.engine.support.hierarchical.NodeTestTask.lambda$executeRecursively$9(NodeTestTask.java:139)
	at org.junit.platform.engine.support.hierarchical.ThrowableCollector.execute(ThrowableCollector.java:73)
	at org.junit.platform.engine.support.hierarchical.NodeTestTask.executeRecursively(NodeTestTask.java:138)
	at org.junit.platform.engine.support.hierarchical.NodeTestTask.execute(NodeTestTask.java:95)
	at org.junit.platform.engine.support.hierarchical.SameThreadHierarchicalTestExecutorService.submit(SameThreadHierarchicalTestExecutorService.java:35)
	at org.junit.platform.engine.support.hierarchical.HierarchicalTestExecutor.execute(HierarchicalTestExecutor.java:57)
	at org.junit.platform.engine.support.hierarchical.HierarchicalTestEngine.execute(HierarchicalTestEngine.java:54)
	at org.junit.platform.launcher.core.EngineExecutionOrchestrator.execute(EngineExecutionOrchestrator.java:198)
	at org.junit.platform.launcher.core.EngineExecutionOrchestrator.execute(EngineExecutionOrchestrator.java:169)
	at org.junit.platform.launcher.core.EngineExecutionOrchestrator.execute(EngineExecutionOrchestrator.java:93)
	at org.junit.platform.launcher.core.EngineExecutionOrchestrator.lambda$execute$0(EngineExecutionOrchestrator.java:58)
	at org.junit.platform.launcher.core.EngineExecutionOrchestrator.withInterceptedStreams(EngineExecutionOrchestrator.java:141)
	at org.junit.platform.launcher.core.EngineExecutionOrchestrator.execute(EngineExecutionOrchestrator.java:57)
	at org.junit.platform.launcher.core.DefaultLauncher.execute(DefaultLauncher.java:103)
	at org.junit.platform.launcher.core.DefaultLauncher.execute(DefaultLauncher.java:85)
	at org.junit.platform.launcher.core.DelegatingLauncher.execute(DelegatingLauncher.java:47)
	at org.junit.platform.launcher.core.SessionPerRequestLauncher.execute(SessionPerRequestLauncher.java:63)
	at org.apache.maven.surefire.junitplatform.JUnitPlatformProvider.execute(JUnitPlatformProvider.java:188)
	at org.apache.maven.surefire.junitplatform.JUnitPlatformProvider.invokeAllTests(JUnitPlatformProvider.java:154)
	at org.apache.maven.surefire.junitplatform.JUnitPlatformProvider.invoke(JUnitPlatformProvider.java:124)
	at org.apache.maven.surefire.booter.ForkedBooter.runSuitesInProcess(ForkedBooter.java:428)
	at org.apache.maven.surefire.booter.ForkedBooter.execute(ForkedBooter.java:162)
	at org.apache.maven.surefire.booter.ForkedBooter.run(ForkedBooter.java:562)
	at org.apache.maven.surefire.booter.ForkedBooter.main(ForkedBooter.java:548)
2024-02-27 21:36:54,876 [main] INFO  om.OzoneManager (OzoneManager.java:addS3GVolumeToDB(4425)) - Created Volume s3v With Owner runner required for S3Gateway operations.
2024-02-27 21:36:54,876 [main] WARN  server.ServerUtils (ServerUtils.java:getDefaultRatisDirectory(311)) - Storage directory for Ratis is not configured. It is a good idea to map this to an SSD disk. Falling back to ozone.metadata.dirs
2024-02-27 21:36:54,876 [main] WARN  utils.OzoneManagerRatisUtils (OzoneManagerRatisUtils.java:getOMRatisSnapshotDirectory(476)) - ozone.om.ratis.snapshot.dir is not configured. Falling back to ozone.metadata.dirs config
2024-02-27 21:36:54,882 [main] WARN  server.ServerUtils (ServerUtils.java:getDefaultRatisDirectory(311)) - Storage directory for Ratis is not configured. It is a good idea to map this to an SSD disk. Falling back to ozone.metadata.dirs
2024-02-27 21:36:54,884 [main] INFO  ratis.OzoneManagerRatisServer (OzoneManagerRatisServer.java:<init>(167)) - Instantiating OM Ratis server with groupID: omServiceIdDefault and peers: localhost:15069
2024-02-27 21:36:54,884 [main] INFO  ratis.OzoneManagerStateMachine (OzoneManagerStateMachine.java:loadSnapshotInfoFromDB(576)) - TransactionInfo not found in OM DB.
2024-02-27 21:36:54,884 [main] INFO  server.RaftServer (ConfUtils.java:logGet(46)) - raft.rpc.type = GRPC (default)
2024-02-27 21:36:54,885 [main] INFO  grpc.GrpcConfigKeys (ConfUtils.java:logFallback(53)) - raft.grpc.admin.host = null (fallback to raft.grpc.server.host)
2024-02-27 21:36:54,885 [main] INFO  grpc.GrpcConfigKeys (ConfUtils.java:logFallback(53)) - raft.grpc.admin.port = 15069 (fallback to raft.grpc.server.port)
2024-02-27 21:36:54,885 [main] INFO  grpc.GrpcConfigKeys (ConfUtils.java:logFallback(53)) - raft.grpc.client.host = null (fallback to raft.grpc.server.host)
2024-02-27 21:36:54,885 [main] INFO  grpc.GrpcConfigKeys (ConfUtils.java:logFallback(53)) - raft.grpc.client.port = 15069 (fallback to raft.grpc.server.port)
2024-02-27 21:36:54,885 [main] INFO  grpc.GrpcConfigKeys (ConfUtils.java:logGet(46)) - raft.grpc.server.host = null (default)
2024-02-27 21:36:54,885 [main] INFO  grpc.GrpcConfigKeys (ConfUtils.java:logGet(46)) - raft.grpc.server.port = 15069 (custom)
2024-02-27 21:36:54,886 [main] INFO  server.GrpcService (ConfUtils.java:logGet(46)) - raft.grpc.message.size.max = 4194304 (custom)
2024-02-27 21:36:54,886 [main] INFO  server.RaftServerConfigKeys (ConfUtils.java:logGet(46)) - raft.server.log.appender.buffer.byte-limit = 4194304 (custom)
2024-02-27 21:36:54,886 [main] INFO  server.GrpcService (ConfUtils.java:logGet(46)) - raft.grpc.flow.control.window = 1MB (=1048576) (default)
2024-02-27 21:36:54,886 [main] INFO  server.RaftServerConfigKeys (ConfUtils.java:logGet(46)) - raft.server.rpc.request.timeout = 3000ms (default)
2024-02-27 21:36:54,887 [main] INFO  grpc.GrpcConfigKeys (ConfUtils.java:logGet(46)) - raft.grpc.server.heartbeat.channel = true (default)
2024-02-27 21:36:54,887 [main] INFO  grpc.GrpcConfigKeys (ConfUtils.java:logGet(46)) - raft.grpc.server.async.request.thread.pool.cached = true (default)
2024-02-27 21:36:54,887 [main] INFO  grpc.GrpcConfigKeys (ConfUtils.java:logGet(46)) - raft.grpc.server.async.request.thread.pool.size = 32 (default)
2024-02-27 21:36:54,888 [main] INFO  impl.DataStreamServerImpl (ConfUtils.java:logGet(46)) - raft.datastream.type = DISABLED (default)
2024-02-27 21:36:54,889 [main] INFO  server.RaftServerConfigKeys (ConfUtils.java:logGet(46)) - raft.server.sleep.deviation.threshold = 300ms (default)
2024-02-27 21:36:54,889 [main] INFO  server.RaftServerConfigKeys (ConfUtils.java:logGet(46)) - raft.server.close.threshold = 60s (default)
2024-02-27 21:36:54,889 [main] INFO  server.RaftServerConfigKeys (ConfUtils.java:logGet(46)) - raft.server.leaderelection.leader.step-down.wait-time = 10s (default)
2024-02-27 21:36:54,889 [main] INFO  server.RaftServerConfigKeys (ConfUtils.java:logGet(46)) - raft.server.storage.dir = [/home/runner/work/ozone/ozone/hadoop-ozone/integration-test/target/test-dir/MiniOzoneClusterImpl-075da85a-61fc-4f3b-aaa6-f3afee0da340/ozone-meta/ratis] (custom)
2024-02-27 21:36:54,889 [main] INFO  server.RaftServerConfigKeys (ConfUtils.java:logGet(46)) - raft.server.threadpool.proxy.cached = true (default)
2024-02-27 21:36:54,890 [main] INFO  server.RaftServerConfigKeys (ConfUtils.java:logGet(46)) - raft.server.threadpool.proxy.size = 0 (default)
2024-02-27 21:36:54,891 [main] INFO  server.RaftServer (RaftServerProxy.java:addNew(100)) - om1: addNew group-C5BA1605619E:[om1|localhost:15069] returns group-C5BA1605619E:java.util.concurrent.CompletableFuture@2485f214[Not completed]
2024-02-27 21:36:54,891 [om1-groupManagement] INFO  server.RaftServer$Division (RaftServerImpl.java:<init>(256)) - om1: new RaftServerImpl for group-C5BA1605619E:[om1|localhost:15069] with OzoneManagerStateMachine:uninitialized
2024-02-27 21:36:54,892 [main] INFO  om.OzoneManager (OzoneManager.java:initializeRatisServer(2140)) - OzoneManager Ratis server initialized at port 15069
2024-02-27 21:36:54,892 [om1-groupManagement] INFO  server.RaftServerConfigKeys (ConfUtils.java:logGet(46)) - raft.server.rpc.timeout.min = 1s (custom)
2024-02-27 21:36:54,892 [main] INFO  om.OzoneManager (OzoneManager.java:getRpcServer(1206)) - Creating RPC Server
2024-02-27 21:36:54,892 [om1-groupManagement] INFO  server.RaftServerConfigKeys (ConfUtils.java:logGet(46)) - raft.server.rpc.timeout.max = 1200ms (custom)
2024-02-27 21:36:54,892 [om1-groupManagement] INFO  server.RaftServerConfigKeys (ConfUtils.java:logGet(46)) - raft.server.rpc.sleep.time = 25ms (default)
2024-02-27 21:36:54,892 [om1-groupManagement] INFO  server.RaftServerConfigKeys (ConfUtils.java:logGet(46)) - raft.server.rpc.slowness.timeout = 120s (custom)
2024-02-27 21:36:54,892 [om1-groupManagement] INFO  server.RaftServerConfigKeys (ConfUtils.java:logGet(46)) - raft.server.leaderelection.leader.step-down.wait-time = 10s (default)
2024-02-27 21:36:54,892 [om1-groupManagement] INFO  server.RaftServerConfigKeys (ConfUtils.java:logGet(46)) - raft.server.leaderelection.member.majority-add = false (default)
2024-02-27 21:36:54,892 [om1-groupManagement] INFO  server.RaftServerConfigKeys (ConfUtils.java:logGet(46)) - raft.server.sleep.deviation.threshold = 300ms (default)
2024-02-27 21:36:54,892 [om1-groupManagement] INFO  server.RaftServer$Division (ServerState.java:<init>(113)) - om1@group-C5BA1605619E: ConfigurationManager, init=-1: peers:[om1|localhost:15069]|listeners:[], old=null, confs=<EMPTY_MAP>
2024-02-27 21:36:54,893 [om1-groupManagement] INFO  server.RaftServerConfigKeys (ConfUtils.java:logGet(46)) - raft.server.notification.no-leader.timeout = 120s (custom)
2024-02-27 21:36:54,893 [om1-groupManagement] INFO  server.RaftServerConfigKeys (ConfUtils.java:logGet(46)) - raft.server.read.timeout = 10s (default)
2024-02-27 21:36:54,893 [om1-groupManagement] INFO  server.RaftServerConfigKeys (ConfUtils.java:logGet(46)) - raft.server.retrycache.expirytime = 300s (custom)
2024-02-27 21:36:54,893 [om1-groupManagement] INFO  server.RaftServerConfigKeys (ConfUtils.java:logGet(46)) - raft.server.retrycache.statistics.expirytime = 100ms (default)
2024-02-27 21:36:54,893 [om1-groupManagement] INFO  server.RaftServerConfigKeys (ConfUtils.java:logGet(46)) - raft.server.read.option = DEFAULT (default)
2024-02-27 21:36:54,893 [om1-groupManagement] INFO  server.RaftServerConfigKeys (ConfUtils.java:logGet(46)) - raft.server.read.read-after-write-consistent.write-index-cache.expiry-time = 60s (default)
2024-02-27 21:36:54,894 [om1-groupManagement] INFO  server.RaftServerConfigKeys (ConfUtils.java:logGet(46)) - raft.server.rpc.request.timeout = 3000ms (default)
2024-02-27 21:36:54,894 [om1-groupManagement] INFO  server.RaftServerConfigKeys (ConfUtils.java:logGet(46)) - raft.server.log.appender.install.snapshot.enabled = false (custom)
2024-02-27 21:36:54,894 [om1-groupManagement] INFO  server.RaftServerConfigKeys (ConfUtils.java:logGet(46)) - raft.server.threadpool.server.cached = true (default)
2024-02-27 21:36:54,894 [om1-groupManagement] INFO  server.RaftServerConfigKeys (ConfUtils.java:logGet(46)) - raft.server.threadpool.server.size = 0 (default)
2024-02-27 21:36:54,894 [om1-groupManagement] INFO  server.RaftServerConfigKeys (ConfUtils.java:logGet(46)) - raft.server.threadpool.client.cached = true (default)
2024-02-27 21:36:54,894 [om1-groupManagement] INFO  server.RaftServerConfigKeys (ConfUtils.java:logGet(46)) - raft.server.threadpool.client.size = 0 (default)
2024-02-27 21:36:55,122 [main] INFO  ipc.CallQueueManager (CallQueueManager.java:<init>(90)) - Using callQueue: class java.util.concurrent.LinkedBlockingQueue, queueCapacity: 2000, scheduler: class org.apache.hadoop.ipc.DefaultRpcScheduler, ipcBackoff: false.
2024-02-27 21:36:55,122 [main] INFO  ipc.Server (Server.java:<init>(1287)) - Listener at 127.0.0.1:15066
2024-02-27 21:36:55,122 [Socket Reader #1 for port 15066] INFO  ipc.Server (Server.java:run(1323)) - Starting Socket Reader #1 for port 15066
2024-02-27 21:36:55,137 [main] INFO  impl.MetricsSystemImpl (MetricsSystemImpl.java:init(158)) - OzoneManager metrics system started (again)
2024-02-27 21:36:55,144 [main] INFO  om.OzoneManager (OzoneManager.java:start(1628)) - OzoneManager RPC server is listening at localhost/127.0.0.1:15066
2024-02-27 21:36:55,144 [main] INFO  ratis.OzoneManagerRatisServer (OzoneManagerRatisServer.java:start(588)) - Starting OzoneManagerRatisServer om1 at port 15069
2024-02-27 21:36:55,145 [om1-impl-thread1] INFO  server.RaftServerConfigKeys (ConfUtils.java:logGet(46)) - raft.server.storage.free-space.min = 0MB (=0) (default)
2024-02-27 21:36:55,145 [om1-impl-thread1] INFO  server.RaftServerConfigKeys (ConfUtils.java:logGet(46)) - raft.server.log.corruption.policy = EXCEPTION (default)
2024-02-27 21:36:55,145 [om1-impl-thread1] INFO  server.RaftServerConfigKeys (ConfUtils.java:logGet(46)) - raft.server.storage.dir = [/home/runner/work/ozone/ozone/hadoop-ozone/integration-test/target/test-dir/MiniOzoneClusterImpl-075da85a-61fc-4f3b-aaa6-f3afee0da340/ozone-meta/ratis] (custom)
2024-02-27 21:36:55,145 [om1-impl-thread1] INFO  storage.RaftStorageDirectory (RaftStorageDirectoryImpl.java:analyzeStorage(138)) - The storage directory /home/runner/work/ozone/ozone/hadoop-ozone/integration-test/target/test-dir/MiniOzoneClusterImpl-075da85a-61fc-4f3b-aaa6-f3afee0da340/ozone-meta/ratis/bf265839-605b-3f16-9796-c5ba1605619e does not exist. Creating ...
2024-02-27 21:36:55,146 [om1-impl-thread1] INFO  storage.RaftStorageDirectory (RaftStorageDirectoryImpl.java:tryLock(228)) - Lock on /home/runner/work/ozone/ozone/hadoop-ozone/integration-test/target/test-dir/MiniOzoneClusterImpl-075da85a-61fc-4f3b-aaa6-f3afee0da340/ozone-meta/ratis/bf265839-605b-3f16-9796-c5ba1605619e/in_use.lock acquired by nodename 32143@fv-az531-651
2024-02-27 21:36:55,147 [om1-impl-thread1] INFO  storage.RaftStorage (RaftStorageImpl.java:format(99)) - Storage directory /home/runner/work/ozone/ozone/hadoop-ozone/integration-test/target/test-dir/MiniOzoneClusterImpl-075da85a-61fc-4f3b-aaa6-f3afee0da340/ozone-meta/ratis/bf265839-605b-3f16-9796-c5ba1605619e has been successfully formatted.
2024-02-27 21:36:55,148 [om1-impl-thread1] WARN  util.FileUtils (LogUtils.java:supplyAndLog(63)) - Failed to Files.newInputStream /home/runner/work/ozone/ozone/hadoop-ozone/integration-test/target/test-dir/MiniOzoneClusterImpl-075da85a-61fc-4f3b-aaa6-f3afee0da340/ozone-meta/ratis/bf265839-605b-3f16-9796-c5ba1605619e/current/raft-meta.conf with options []: java.nio.file.NoSuchFileException: /home/runner/work/ozone/ozone/hadoop-ozone/integration-test/target/test-dir/MiniOzoneClusterImpl-075da85a-61fc-4f3b-aaa6-f3afee0da340/ozone-meta/ratis/bf265839-605b-3f16-9796-c5ba1605619e/current/raft-meta.conf
2024-02-27 21:36:55,148 [om1-impl-thread1] INFO  server.RaftServerConfigKeys (ConfUtils.java:logGet(46)) - raft.server.log.use.memory = false (default)
2024-02-27 21:36:55,148 [om1-impl-thread1] INFO  server.RaftServerConfigKeys (ConfUtils.java:logGet(46)) - raft.server.log.purge.gap = 1000000 (custom)
2024-02-27 21:36:55,148 [om1-impl-thread1] INFO  server.RaftServerConfigKeys (ConfUtils.java:logGet(46)) - raft.server.log.appender.buffer.byte-limit = 4194304 (custom)
2024-02-27 21:36:55,148 [om1-impl-thread1] INFO  server.RaftServerConfigKeys (ConfUtils.java:logGet(46)) - raft.server.log.statemachine.data.read.timeout = 1000ms (default)
2024-02-27 21:36:55,148 [om1-impl-thread1] INFO  server.RaftServerConfigKeys (ConfUtils.java:logGet(46)) - raft.server.log.purge.preservation.log.num = 0 (default)
2024-02-27 21:36:55,149 [om1-impl-thread1] INFO  server.RaftServerConfigKeys (ConfUtils.java:logGet(46)) - raft.server.log.segment.size.max = 4194304 (custom)
2024-02-27 21:36:55,149 [om1-impl-thread1] INFO  server.RaftServerConfigKeys (ConfUtils.java:logGet(46)) - raft.server.log.segment.cache.num.max = 2 (custom)
2024-02-27 21:36:55,149 [om1-impl-thread1] INFO  server.RaftServerConfigKeys (ConfUtils.java:logGet(46)) - raft.server.log.segment.cache.size.max = 200MB (=209715200) (default)
2024-02-27 21:36:55,149 [om1-impl-thread1] INFO  server.RaftServerConfigKeys (ConfUtils.java:logGet(46)) - raft.server.log.appender.buffer.byte-limit = 4194304 (custom)
2024-02-27 21:36:55,150 [om1-impl-thread1] INFO  util.AwaitToRun (AwaitToRun.java:start(81)) - Thread[om1@group-C5BA1605619E-cacheEviction-AwaitToRun,5,main] started
2024-02-27 21:36:55,150 [om1-impl-thread1] INFO  segmented.SegmentedRaftLogWorker (SegmentedRaftLogWorker.java:<init>(182)) - new om1@group-C5BA1605619E-SegmentedRaftLogWorker for RaftStorageImpl:Storage Directory /home/runner/work/ozone/ozone/hadoop-ozone/integration-test/target/test-dir/MiniOzoneClusterImpl-075da85a-61fc-4f3b-aaa6-f3afee0da340/ozone-meta/ratis/bf265839-605b-3f16-9796-c5ba1605619e
2024-02-27 21:36:55,150 [om1-impl-thread1] INFO  server.RaftServerConfigKeys (ConfUtils.java:logGet(46)) - raft.server.log.queue.byte-limit = 64MB (=67108864) (default)
2024-02-27 21:36:55,150 [om1-impl-thread1] INFO  server.RaftServerConfigKeys (ConfUtils.java:logGet(46)) - raft.server.log.queue.element-limit = 4096 (default)
2024-02-27 21:36:55,150 [om1-impl-thread1] INFO  server.RaftServerConfigKeys (ConfUtils.java:logGet(46)) - raft.server.log.segment.size.max = 4194304 (custom)
2024-02-27 21:36:55,150 [om1-impl-thread1] INFO  server.RaftServerConfigKeys (ConfUtils.java:logGet(46)) - raft.server.log.preallocated.size = 4194304 (custom)
2024-02-27 21:36:55,150 [om1-impl-thread1] INFO  server.RaftServerConfigKeys (ConfUtils.java:logGet(46)) - raft.server.log.force.sync.num = 128 (default)
2024-02-27 21:36:55,150 [om1-impl-thread1] INFO  server.RaftServerConfigKeys (ConfUtils.java:logGet(46)) - raft.server.log.statemachine.data.sync = true (default)
2024-02-27 21:36:55,150 [om1-impl-thread1] INFO  server.RaftServerConfigKeys (ConfUtils.java:logGet(46)) - raft.server.log.statemachine.data.sync.timeout = 10s (default)
2024-02-27 21:36:55,151 [om1-impl-thread1] INFO  server.RaftServerConfigKeys (ConfUtils.java:logGet(46)) - raft.server.log.statemachine.data.sync.timeout.retry = -1 (default)
2024-02-27 21:36:55,151 [om1-impl-thread1] INFO  server.RaftServerConfigKeys (ConfUtils.java:logGet(46)) - raft.server.log.write.buffer.size = 4194312 (custom)
2024-02-27 21:36:55,152 [om1-impl-thread1] INFO  server.RaftServerConfigKeys (ConfUtils.java:logGet(46)) - raft.server.log.appender.buffer.byte-limit = 4194304 (custom)
2024-02-27 21:36:55,152 [om1-impl-thread1] INFO  server.RaftServerConfigKeys (ConfUtils.java:logGet(46)) - raft.server.log.unsafe-flush.enabled = false (default)
2024-02-27 21:36:55,152 [om1-impl-thread1] INFO  server.RaftServerConfigKeys (ConfUtils.java:logGet(46)) - raft.server.log.async-flush.enabled = false (default)
2024-02-27 21:36:55,152 [om1-impl-thread1] INFO  server.RaftServerConfigKeys (ConfUtils.java:logGet(46)) - raft.server.log.statemachine.data.caching.enabled = false (default)
2024-02-27 21:36:55,152 [om1-impl-thread1] INFO  segmented.SegmentedRaftLogWorker (SegmentedRaftLogWorker.java:lambda$new$0(134)) - om1@group-C5BA1605619E-SegmentedRaftLogWorker: flushIndex: setUnconditionally 0 -> -1
2024-02-27 21:36:55,152 [om1-impl-thread1] INFO  segmented.SegmentedRaftLogWorker (SegmentedRaftLogWorker.java:lambda$new$0(134)) - om1@group-C5BA1605619E-SegmentedRaftLogWorker: safeCacheEvictIndex: setUnconditionally 0 -> -1
2024-02-27 21:36:55,158 [om1-impl-thread1] INFO  server.RaftServer$Division (RaftServerImpl.java:start(396)) - om1@group-C5BA1605619E: start as a follower, conf=-1: peers:[om1|localhost:15069]|listeners:[], old=null
2024-02-27 21:36:55,158 [om1-impl-thread1] INFO  server.RaftServer$Division (RaftServerImpl.java:setRole(383)) - om1@group-C5BA1605619E: changes role from      null to FOLLOWER at term 0 for startAsFollower
2024-02-27 21:36:55,158 [om1-impl-thread1] INFO  impl.RoleInfo (RoleInfo.java:updateAndGet(139)) - om1: start om1@group-C5BA1605619E-FollowerState
2024-02-27 21:36:55,161 [om1-impl-thread1] INFO  util.JmxRegister (JmxRegister.java:tryRegister(44)) - Successfully registered JMX Bean with object name Ratis:service=RaftServer,group=group-C5BA1605619E,id=om1
2024-02-27 21:36:55,161 [om1@group-C5BA1605619E-FollowerState] INFO  server.RaftServerConfigKeys (ConfUtils.java:logFallback(53)) - raft.server.rpc.first-election.timeout.min = 1s (fallback to raft.server.rpc.timeout.min)
2024-02-27 21:36:55,161 [om1@group-C5BA1605619E-FollowerState] INFO  server.RaftServerConfigKeys (ConfUtils.java:logFallback(53)) - raft.server.rpc.first-election.timeout.max = 1200ms (fallback to raft.server.rpc.timeout.max)
2024-02-27 21:36:55,161 [om1-impl-thread1] INFO  server.RaftServerConfigKeys (ConfUtils.java:logGet(46)) - raft.server.snapshot.trigger-when-stop.enabled = true (default)
2024-02-27 21:36:55,161 [om1-impl-thread1] INFO  server.RaftServerConfigKeys (ConfUtils.java:logGet(46)) - raft.server.snapshot.auto.trigger.enabled = true (custom)
2024-02-27 21:36:55,161 [om1-impl-thread1] INFO  server.RaftServerConfigKeys (ConfUtils.java:logGet(46)) - raft.server.snapshot.auto.trigger.threshold = 400000 (default)
2024-02-27 21:36:55,161 [om1-impl-thread1] INFO  server.RaftServerConfigKeys (ConfUtils.java:logGet(46)) - raft.server.snapshot.retention.file.num = -1 (default)
2024-02-27 21:36:55,161 [om1-impl-thread1] INFO  server.RaftServerConfigKeys (ConfUtils.java:logGet(46)) - raft.server.log.purge.upto.snapshot.index = true (custom)
2024-02-27 21:36:55,162 [main] INFO  server.RaftServer (RaftServerProxy.java:startImpl(406)) - om1: start RPC server
2024-02-27 21:36:55,163 [main] INFO  server.GrpcService (GrpcService.java:startImpl(302)) - om1: GrpcService started, listening on 15069
2024-02-27 21:36:55,164 [JvmPauseMonitor9] INFO  util.JvmPauseMonitor (JvmPauseMonitor.java:run(146)) - JvmPauseMonitor-om1: Started
2024-02-27 21:36:55,164 [main] INFO  om.OzoneManager (OzoneManager.java:start(1644)) - Version File has different layout version (6) than OM DB (null). That is expected if this OM has never been finalized to a newer layout version.
2024-02-27 21:36:55,176 [main] INFO  http.BaseHttpServer (BaseHttpServer.java:newHttpServer2BuilderForOzone(223)) - Starting Web-server for ozoneManager at: http://0.0.0.0:15067
2024-02-27 21:36:55,176 [main] INFO  http.BaseHttpServer (BaseHttpServer.java:<init>(110)) - Hadoop Security Enabled: false Ozone Security Enabled: false Ozone HTTP Security Enabled: false 
2024-02-27 21:36:55,177 [main] WARN  server.AuthenticationFilter (AuthenticationFilter.java:constructSecretProvider(240)) - Unable to initialize FileSignerSecretProvider, falling back to use random secrets. Reason: Could not read signature secret file: /home/runner/hadoop-http-auth-signature-secret
2024-02-27 21:36:55,178 [main] INFO  http.HttpRequestLog (HttpRequestLog.java:getRequestLog(86)) - Http request log for http.requests.ozoneManager is not defined
2024-02-27 21:36:55,180 [main] INFO  http.HttpServer2 (HttpServer2.java:addGlobalFilter(1036)) - Added global filter 'safety' (class=org.apache.hadoop.hdds.server.http.HttpServer2$QuotingInputFilter)
2024-02-27 21:36:55,180 [main] INFO  http.HttpServer2 (HttpServer2.java:addFilter(1012)) - Added filter static_user_filter (class=org.apache.hadoop.http.lib.StaticUserWebFilter$StaticUserFilter) to context ozoneManager
2024-02-27 21:36:55,181 [main] INFO  http.HttpServer2 (HttpServer2.java:addFilter(1020)) - Added filter static_user_filter (class=org.apache.hadoop.http.lib.StaticUserWebFilter$StaticUserFilter) to context logs
2024-02-27 21:36:55,181 [main] INFO  http.HttpServer2 (HttpServer2.java:addFilter(1020)) - Added filter static_user_filter (class=org.apache.hadoop.http.lib.StaticUserWebFilter$StaticUserFilter) to context static
2024-02-27 21:36:55,181 [main] INFO  http.BaseHttpServer (BaseHttpServer.java:<init>(189)) - HTTP server of ozoneManager uses base directory /home/runner/work/ozone/ozone/hadoop-ozone/integration-test/target/test-dir/MiniOzoneClusterImpl-075da85a-61fc-4f3b-aaa6-f3afee0da340/ozone-meta/webserver
2024-02-27 21:36:55,182 [main] INFO  http.HttpServer2 (HttpServer2.java:bindListener(1236)) - Jetty bound to port 15067
2024-02-27 21:36:55,182 [main] INFO  server.Server (Server.java:doStart(375)) - jetty-9.4.53.v20231009; built: 2023-10-09T12:29:09.265Z; git: 27bde00a0b95a1d5bbee0eae7984f891d2d0f8c9; jvm 1.8.0_402-b06
2024-02-27 21:36:55,187 [main] INFO  server.session (DefaultSessionIdManager.java:doStart(334)) - DefaultSessionIdManager workerName=node0
2024-02-27 21:36:55,187 [main] INFO  server.session (DefaultSessionIdManager.java:doStart(339)) - No SessionScavenger set, using defaults
2024-02-27 21:36:55,187 [main] INFO  server.session (HouseKeeper.java:startScavenging(132)) - node0 Scavenging every 600000ms
2024-02-27 21:36:55,190 [main] INFO  handler.ContextHandler (ContextHandler.java:doStart(921)) - Started o.e.j.s.ServletContextHandler@1968bd52{logs,/logs,file:///home/runner/work/ozone/ozone/hadoop-ozone/integration-test/target/log,AVAILABLE}
2024-02-27 21:36:55,190 [main] INFO  handler.ContextHandler (ContextHandler.java:doStart(921)) - Started o.e.j.s.ServletContextHandler@16fc5b23{static,/static,file:///home/runner/work/ozone/ozone/hadoop-ozone/integration-test/target/test-classes/webapps/static,AVAILABLE}
2024-02-27 21:36:55,194 [main] INFO  handler.ContextHandler (ContextHandler.java:doStart(921)) - Started o.e.j.w.WebAppContext@71fbfa85{ozoneManager,/,file:///home/runner/work/ozone/ozone/hadoop-ozone/integration-test/target/test-classes/webapps/ozoneManager/,AVAILABLE}{file:/home/runner/work/ozone/ozone/hadoop-ozone/integration-test/target/test-classes/webapps/ozoneManager}
2024-02-27 21:36:55,196 [main] INFO  server.AbstractConnector (AbstractConnector.java:doStart(333)) - Started ServerConnector@332abea0{HTTP/1.1, (http/1.1)}{0.0.0.0:15067}
2024-02-27 21:36:55,196 [main] INFO  server.Server (Server.java:doStart(415)) - Started @25539ms
2024-02-27 21:36:55,196 [main] WARN  impl.MetricsSystemImpl (MetricsSystemImpl.java:register(279)) - Sink prometheus already exists!
2024-02-27 21:36:55,196 [main] INFO  http.BaseHttpServer (BaseHttpServer.java:updateConnectorAddress(354)) - HTTP server of ozoneManager listening at http://0.0.0.0:15067
2024-02-27 21:36:55,197 [IPC Server Responder] INFO  ipc.Server (Server.java:run(1562)) - IPC Server Responder: starting
2024-02-27 21:36:55,202 [main] INFO  om.OzoneManager (OzoneManager.java:startTrashEmptier(2093)) - Trash Interval set to 0. Files deleted won't move to trash
2024-02-27 21:36:55,206 [IPC Server listener on 15066] INFO  ipc.Server (Server.java:run(1402)) - IPC Server listener on 15066: starting
2024-02-27 21:36:55,215 [main] WARN  dropwizard3.Dm3MetricRegistriesImpl (Dm3MetricRegistriesImpl.java:addReporterRegistration(113)) - New reporters are added after registries were created. Some metrics will be missing from the reporter. Please add reporter before adding any new registry.
2024-02-27 21:36:55,215 [main] WARN  dropwizard3.Dm3MetricRegistriesImpl (Dm3MetricRegistriesImpl.java:addReporterRegistration(113)) - New reporters are added after registries were created. Some metrics will be missing from the reporter. Please add reporter before adding any new registry.
2024-02-27 21:36:55,215 [main] INFO  impl.MetricsSystemImpl (MetricsSystemImpl.java:init(158)) - HddsDatanode metrics system started (again)
2024-02-27 21:36:55,224 [main] INFO  ozone.HddsDatanodeService (HddsDatanodeService.java:start(240)) - HddsDatanodeService host:fv-az531-651.fb1yufaac5hu3gd5gtxiz42tfh.cx.internal.cloudapp.net ip:10.1.0.18
2024-02-27 21:36:55,239 [main] INFO  upgrade.AbstractLayoutVersionManager (AbstractLayoutVersionManager.java:init(83)) - Initializing Layout version manager with metadata layout = HADOOP_PRC_PORTS_IN_DATANODEDETAILS (version = 7), software layout = HADOOP_PRC_PORTS_IN_DATANODEDETAILS (version = 7)
2024-02-27 21:36:55,239 [main] INFO  statemachine.DatanodeStateMachine (DatanodeStateMachine.java:getEndPointTaskThreadPoolSize(299)) - Datanode State Machine Task Thread Pool size 2
2024-02-27 21:36:55,240 [main] INFO  volume.HddsVolume (HddsVolume.java:<init>(125)) - Creating HddsVolume: /home/runner/work/ozone/ozone/hadoop-ozone/integration-test/target/test-dir/MiniOzoneClusterImpl-075da85a-61fc-4f3b-aaa6-f3afee0da340/ozone-meta/datanode-1/data-0/hdds of storage type : DISK capacity : 9223372036854775807
2024-02-27 21:36:55,241 [main] INFO  volume.MutableVolumeSet (MutableVolumeSet.java:initializeVolumeSet(173)) - Added Volume : /home/runner/work/ozone/ozone/hadoop-ozone/integration-test/target/test-dir/MiniOzoneClusterImpl-075da85a-61fc-4f3b-aaa6-f3afee0da340/ozone-meta/datanode-1/data-0/hdds to VolumeSet
2024-02-27 21:36:55,241 [main] INFO  volume.MutableVolumeSet (MutableVolumeSet.java:initializeVolumeSet(173)) - Added Volume : /home/runner/work/ozone/ozone/hadoop-ozone/integration-test/target/test-dir/MiniOzoneClusterImpl-075da85a-61fc-4f3b-aaa6-f3afee0da340/ozone-meta/datanode-1/ratis to VolumeSet
2024-02-27 21:36:55,242 [main] INFO  ozoneimpl.OzoneContainer (HddsVolumeUtil.java:loadAllHddsVolumeDbStore(103)) - Load 1 volumes DbStore cost: 0ms
2024-02-27 21:36:55,245 [main] INFO  server.RaftServer (ConfUtils.java:logGet(46)) - raft.rpc.type = GRPC (default)
2024-02-27 21:36:55,245 [main] INFO  grpc.GrpcConfigKeys (ConfUtils.java:logFallback(53)) - raft.grpc.admin.host = null (fallback to raft.grpc.server.host)
2024-02-27 21:36:55,245 [main] INFO  grpc.GrpcConfigKeys (ConfUtils.java:logGet(46)) - raft.grpc.admin.port = 15075 (custom)
2024-02-27 21:36:55,246 [main] INFO  grpc.GrpcConfigKeys (ConfUtils.java:logFallback(53)) - raft.grpc.client.host = null (fallback to raft.grpc.server.host)
2024-02-27 21:36:55,246 [main] INFO  grpc.GrpcConfigKeys (ConfUtils.java:logGet(46)) - raft.grpc.client.port = 15074 (custom)
2024-02-27 21:36:55,246 [main] INFO  grpc.GrpcConfigKeys (ConfUtils.java:logGet(46)) - raft.grpc.server.host = null (default)
2024-02-27 21:36:55,246 [main] INFO  grpc.GrpcConfigKeys (ConfUtils.java:logGet(46)) - raft.grpc.server.port = 15076 (custom)
2024-02-27 21:36:55,246 [main] INFO  server.GrpcService (ConfUtils.java:logGet(46)) - raft.grpc.message.size.max = 32MB (=33554432) (custom)
2024-02-27 21:36:55,247 [main] INFO  server.RaftServerConfigKeys (ConfUtils.java:logGet(46)) - raft.server.log.appender.buffer.byte-limit = 8388608 (custom)
2024-02-27 21:36:55,247 [main] INFO  server.GrpcService (ConfUtils.java:logGet(46)) - raft.grpc.flow.control.window = 5MB (=5242880) (custom)
2024-02-27 21:36:55,247 [main] INFO  server.RaftServerConfigKeys (ConfUtils.java:logGet(46)) - raft.server.rpc.request.timeout = 60s (custom)
2024-02-27 21:36:55,247 [main] INFO  grpc.GrpcConfigKeys (ConfUtils.java:logGet(46)) - raft.grpc.server.heartbeat.channel = true (default)
2024-02-27 21:36:55,247 [main] INFO  grpc.GrpcConfigKeys (ConfUtils.java:logGet(46)) - raft.grpc.server.async.request.thread.pool.cached = true (default)
2024-02-27 21:36:55,248 [main] INFO  grpc.GrpcConfigKeys (ConfUtils.java:logGet(46)) - raft.grpc.server.async.request.thread.pool.size = 32 (default)
2024-02-27 21:36:55,249 [main] INFO  impl.DataStreamServerImpl (ConfUtils.java:logGet(46)) - raft.datastream.type = NETTY (custom)
2024-02-27 21:36:55,250 [main] INFO  server.RaftServerConfigKeys (ConfUtils.java:logGet(46)) - raft.server.data-stream.async.request.thread.pool.cached = false (default)
2024-02-27 21:36:55,250 [main] INFO  server.RaftServerConfigKeys (ConfUtils.java:logGet(46)) - raft.server.data-stream.async.request.thread.pool.size = 20 (custom)
2024-02-27 21:36:55,250 [main] INFO  server.RaftServerConfigKeys (ConfUtils.java:logGet(46)) - raft.server.data-stream.async.write.thread.pool.size = 16 (default)
2024-02-27 21:36:55,250 [main] INFO  netty.NettyConfigKeys$DataStream (ConfUtils.java:logGet(46)) - raft.netty.dataStream.server.channel.inactive.grace-period = 10min (default)
2024-02-27 21:36:55,250 [main] INFO  server.RaftServerConfigKeys (ConfUtils.java:logGet(46)) - raft.server.data-stream.client.pool.size = 10 (default)
2024-02-27 21:36:55,250 [main] INFO  netty.NettyConfigKeys$DataStream (ConfUtils.java:logGet(46)) - raft.netty.dataStream.server.use-epoll = true (default)
2024-02-27 21:36:55,251 [main] INFO  netty.NettyConfigKeys$DataStream (ConfUtils.java:logGet(46)) - raft.netty.dataStream.server.boss-group.size = 0 (default)
2024-02-27 21:36:55,251 [main] INFO  netty.NettyUtils (NettyUtils.java:newEventLoopGroup(69)) - Create EpollEventLoopGroup for 71df5106-29e4-46d2-b533-d1616e11bc16-NettyServerStreamRpc-bossGroup; Thread size is 0.
2024-02-27 21:36:55,251 [main] INFO  netty.NettyConfigKeys$DataStream (ConfUtils.java:logGet(46)) - raft.netty.dataStream.server.worker-group.size = 0 (default)
2024-02-27 21:36:55,251 [main] INFO  netty.NettyUtils (NettyUtils.java:newEventLoopGroup(69)) - Create EpollEventLoopGroup for 71df5106-29e4-46d2-b533-d1616e11bc16-NettyServerStreamRpc-workerGroup; Thread size is 0.
2024-02-27 21:36:55,251 [main] INFO  netty.NettyConfigKeys$DataStream (ConfUtils.java:logGet(46)) - raft.netty.dataStream.server.tls.conf = null (default)
2024-02-27 21:36:55,252 [main] INFO  netty.NettyConfigKeys$DataStream (ConfUtils.java:logGet(46)) - raft.netty.dataStream.host = null (default)
2024-02-27 21:36:55,252 [main] INFO  netty.NettyConfigKeys$DataStream (ConfUtils.java:logGet(46)) - raft.netty.dataStream.port = 15077 (custom)
2024-02-27 21:36:55,252 [main] INFO  server.RaftServerConfigKeys (ConfUtils.java:logGet(46)) - raft.server.sleep.deviation.threshold = 300ms (default)
2024-02-27 21:36:55,252 [71df5106-29e4-46d2-b533-d1616e11bc16-NettyServerStreamRpc-bossGroup--thread1] INFO  logging.LoggingHandler (AbstractInternalLogger.java:log(148)) - [id: 0xfdd59ae9] REGISTERED
2024-02-27 21:36:55,252 [main] INFO  server.RaftServerConfigKeys (ConfUtils.java:logGet(46)) - raft.server.close.threshold = 60s (default)
2024-02-27 21:36:55,252 [main] INFO  server.RaftServerConfigKeys (ConfUtils.java:logGet(46)) - raft.server.leaderelection.leader.step-down.wait-time = 10s (default)
2024-02-27 21:36:55,253 [main] INFO  server.RaftServerConfigKeys (ConfUtils.java:logGet(46)) - raft.server.storage.dir = [/home/runner/work/ozone/ozone/hadoop-ozone/integration-test/target/test-dir/MiniOzoneClusterImpl-075da85a-61fc-4f3b-aaa6-f3afee0da340/ozone-meta/datanode-1/ratis] (custom)
2024-02-27 21:36:55,253 [main] INFO  server.RaftServerConfigKeys (ConfUtils.java:logGet(46)) - raft.server.threadpool.proxy.cached = true (default)
2024-02-27 21:36:55,253 [main] INFO  server.RaftServerConfigKeys (ConfUtils.java:logGet(46)) - raft.server.threadpool.proxy.size = 0 (default)
2024-02-27 21:36:55,252 [71df5106-29e4-46d2-b533-d1616e11bc16-NettyServerStreamRpc-bossGroup--thread1] INFO  logging.LoggingHandler (AbstractInternalLogger.java:log(148)) - [id: 0xfdd59ae9] BIND: 0.0.0.0/0.0.0.0:15077
2024-02-27 21:36:55,253 [71df5106-29e4-46d2-b533-d1616e11bc16-NettyServerStreamRpc-bossGroup--thread1] INFO  logging.LoggingHandler (AbstractInternalLogger.java:log(148)) - [id: 0xfdd59ae9, L:/0.0.0.0:15077] ACTIVE
2024-02-27 21:36:55,253 [71df5106-29e4-46d2-b533-d1616e11bc16-impl-thread1] INFO  server.RaftServer (RaftServerProxy.java:initGroupDir(264)) - 71df5106-29e4-46d2-b533-d1616e11bc16: found a subdirectory /home/runner/work/ozone/ozone/hadoop-ozone/integration-test/target/test-dir/MiniOzoneClusterImpl-075da85a-61fc-4f3b-aaa6-f3afee0da340/ozone-meta/datanode-1/ratis/tmp
2024-02-27 21:36:55,253 [71df5106-29e4-46d2-b533-d1616e11bc16-impl-thread1] INFO  server.RaftServer (RaftServerProxy.java:initGroupDir(269)) - 71df5106-29e4-46d2-b533-d1616e11bc16: The directory /home/runner/work/ozone/ozone/hadoop-ozone/integration-test/target/test-dir/MiniOzoneClusterImpl-075da85a-61fc-4f3b-aaa6-f3afee0da340/ozone-meta/datanode-1/ratis/tmp is not a group directory; ignoring it. 
2024-02-27 21:36:55,254 [main] INFO  replication.ReplicationServer (ReplicationServer.java:<init>(86)) - Initializing replication server with thread count = 10 queue length = 4096
2024-02-27 21:36:55,254 [main] INFO  server.XceiverServerGrpc (XceiverServerGrpc.java:<init>(141)) - GrpcServer channel type EpollServerSocketChannel
2024-02-27 21:36:55,256 [main] INFO  replication.ReplicationSupervisor (ReplicationSupervisor.java:build(163)) - Initializing replication supervisor with thread count = 10
2024-02-27 21:36:55,256 [main] INFO  replication.ReplicationSupervisor (ReplicationSupervisor.java:nodeStateUpdated(317)) - Node state updated to IN_SERVICE, scaling executor pool size to 10
2024-02-27 21:36:55,258 [main] INFO  http.BaseHttpServer (BaseHttpServer.java:newHttpServer2BuilderForOzone(223)) - Starting Web-server for hddsDatanode at: http://0.0.0.0:15071
2024-02-27 21:36:55,259 [main] INFO  http.BaseHttpServer (BaseHttpServer.java:<init>(110)) - Hadoop Security Enabled: false Ozone Security Enabled: false Ozone HTTP Security Enabled: false 
2024-02-27 21:36:55,260 [main] WARN  server.AuthenticationFilter (AuthenticationFilter.java:constructSecretProvider(240)) - Unable to initialize FileSignerSecretProvider, falling back to use random secrets. Reason: Could not read signature secret file: /home/runner/hadoop-http-auth-signature-secret
2024-02-27 21:36:55,261 [main] INFO  http.HttpRequestLog (HttpRequestLog.java:getRequestLog(86)) - Http request log for http.requests.hddsDatanode is not defined
2024-02-27 21:36:55,262 [main] INFO  http.HttpServer2 (HttpServer2.java:addGlobalFilter(1036)) - Added global filter 'safety' (class=org.apache.hadoop.hdds.server.http.HttpServer2$QuotingInputFilter)
2024-02-27 21:36:55,263 [main] INFO  http.HttpServer2 (HttpServer2.java:addFilter(1012)) - Added filter static_user_filter (class=org.apache.hadoop.http.lib.StaticUserWebFilter$StaticUserFilter) to context hddsDatanode
2024-02-27 21:36:55,263 [main] INFO  http.HttpServer2 (HttpServer2.java:addFilter(1020)) - Added filter static_user_filter (class=org.apache.hadoop.http.lib.StaticUserWebFilter$StaticUserFilter) to context static
2024-02-27 21:36:55,263 [main] INFO  http.HttpServer2 (HttpServer2.java:addFilter(1020)) - Added filter static_user_filter (class=org.apache.hadoop.http.lib.StaticUserWebFilter$StaticUserFilter) to context logs
2024-02-27 21:36:55,264 [main] INFO  http.BaseHttpServer (BaseHttpServer.java:<init>(189)) - HTTP server of hddsDatanode uses base directory /home/runner/work/ozone/ozone/hadoop-ozone/integration-test/target/test-dir/MiniOzoneClusterImpl-075da85a-61fc-4f3b-aaa6-f3afee0da340/ozone-meta/datanode-1/meta/webserver
2024-02-27 21:36:55,264 [main] INFO  http.HttpServer2 (HttpServer2.java:bindListener(1236)) - Jetty bound to port 15071
2024-02-27 21:36:55,265 [main] INFO  server.Server (Server.java:doStart(375)) - jetty-9.4.53.v20231009; built: 2023-10-09T12:29:09.265Z; git: 27bde00a0b95a1d5bbee0eae7984f891d2d0f8c9; jvm 1.8.0_402-b06
2024-02-27 21:36:55,269 [main] INFO  server.session (DefaultSessionIdManager.java:doStart(334)) - DefaultSessionIdManager workerName=node0
2024-02-27 21:36:55,269 [main] INFO  server.session (DefaultSessionIdManager.java:doStart(339)) - No SessionScavenger set, using defaults
2024-02-27 21:36:55,269 [main] INFO  server.session (HouseKeeper.java:startScavenging(132)) - node0 Scavenging every 600000ms
2024-02-27 21:36:55,270 [main] INFO  handler.ContextHandler (ContextHandler.java:doStart(921)) - Started o.e.j.s.ServletContextHandler@4f24edf9{logs,/logs,file:///home/runner/work/ozone/ozone/hadoop-ozone/integration-test/target/log,AVAILABLE}
2024-02-27 21:36:55,270 [main] INFO  handler.ContextHandler (ContextHandler.java:doStart(921)) - Started o.e.j.s.ServletContextHandler@1526cb86{static,/static,jar:file:/home/runner/.m2/repository/org/apache/ozone/hdds-container-service/1.5.0-SNAPSHOT/hdds-container-service-1.5.0-SNAPSHOT.jar!/webapps/static,AVAILABLE}
2024-02-27 21:36:55,303 [main] INFO  handler.ContextHandler (ContextHandler.java:doStart(921)) - Started o.e.j.w.WebAppContext@4ccd6{hddsDatanode,/,file:///home/runner/work/ozone/ozone/hadoop-ozone/integration-test/target/test-dir/MiniOzoneClusterImpl-075da85a-61fc-4f3b-aaa6-f3afee0da340/ozone-meta/datanode-1/meta/webserver/jetty-0_0_0_0-15071-hdds-container-service-1_5_0-SNAPSHOT_jar-_-any-4501189786203099007/webapp/,AVAILABLE}{jar:file:/home/runner/.m2/repository/org/apache/ozone/hdds-container-service/1.5.0-SNAPSHOT/hdds-container-service-1.5.0-SNAPSHOT.jar!/webapps/hddsDatanode}
2024-02-27 21:36:55,305 [main] INFO  server.AbstractConnector (AbstractConnector.java:doStart(333)) - Started ServerConnector@2e0fd059{HTTP/1.1, (http/1.1)}{0.0.0.0:15071}
2024-02-27 21:36:55,305 [main] INFO  server.Server (Server.java:doStart(415)) - Started @25649ms
2024-02-27 21:36:55,306 [main] WARN  impl.MetricsSystemImpl (MetricsSystemImpl.java:register(279)) - Sink prometheus already exists!
2024-02-27 21:36:55,306 [main] INFO  http.BaseHttpServer (BaseHttpServer.java:updateConnectorAddress(354)) - HTTP server of hddsDatanode listening at http://0.0.0.0:15071
2024-02-27 21:36:55,306 [main] INFO  ipc.CallQueueManager (CallQueueManager.java:<init>(90)) - Using callQueue: class java.util.concurrent.LinkedBlockingQueue, queueCapacity: 100, scheduler: class org.apache.hadoop.ipc.DefaultRpcScheduler, ipcBackoff: false.
2024-02-27 21:36:55,307 [main] INFO  ipc.Server (Server.java:<init>(1287)) - Listener at 0.0.0.0:15072
2024-02-27 21:36:55,307 [Socket Reader #1 for port 15072] INFO  ipc.Server (Server.java:run(1323)) - Starting Socket Reader #1 for port 15072
2024-02-27 21:36:55,311 [main] INFO  ozone.HddsDatanodeService (HddsDatanodeService.java:start(327)) - Datanode start with admins: [runner]
2024-02-27 21:36:55,311 [main] INFO  ozone.HddsDatanodeClientProtocolServer (HddsDatanodeClientProtocolServer.java:start(77)) - RPC server for Client /0.0.0.0:15072
2024-02-27 21:36:55,312 [IPC Server Responder] INFO  ipc.Server (Server.java:run(1562)) - IPC Server Responder: starting
2024-02-27 21:36:55,312 [IPC Server listener on 15072] INFO  ipc.Server (Server.java:run(1402)) - IPC Server listener on 15072: starting
2024-02-27 21:36:55,313 [71df5106-29e4-46d2-b533-d1616e11bc16-DatanodeStateMachineDaemonThread] INFO  statemachine.DatanodeStateMachine (DatanodeStateMachine.java:lambda$startDaemon$1(555)) - Ozone container server started.
2024-02-27 21:36:55,313 [main] WARN  dropwizard3.Dm3MetricRegistriesImpl (Dm3MetricRegistriesImpl.java:addReporterRegistration(113)) - New reporters are added after registries were created. Some metrics will be missing from the reporter. Please add reporter before adding any new registry.
2024-02-27 21:36:55,313 [main] WARN  dropwizard3.Dm3MetricRegistriesImpl (Dm3MetricRegistriesImpl.java:addReporterRegistration(113)) - New reporters are added after registries were created. Some metrics will be missing from the reporter. Please add reporter before adding any new registry.
2024-02-27 21:36:55,313 [main] INFO  impl.MetricsSystemImpl (MetricsSystemImpl.java:init(158)) - HddsDatanode metrics system started (again)
2024-02-27 21:36:55,318 [71df5106-29e4-46d2-b533-d1616e11bc16-DatanodeStateMachineTaskThread-0] INFO  datanode.InitDatanodeState (InitDatanodeState.java:persistContainerDatanodeDetails(139)) - DatanodeDetails is persisted to /home/runner/work/ozone/ozone/hadoop-ozone/integration-test/target/test-dir/MiniOzoneClusterImpl-075da85a-61fc-4f3b-aaa6-f3afee0da340/ozone-meta/datanode-1/meta/datanode.id
2024-02-27 21:36:55,324 [main] INFO  ozone.HddsDatanodeService (HddsDatanodeService.java:start(240)) - HddsDatanodeService host:fv-az531-651.fb1yufaac5hu3gd5gtxiz42tfh.cx.internal.cloudapp.net ip:10.1.0.18
2024-02-27 21:36:55,341 [main] INFO  upgrade.AbstractLayoutVersionManager (AbstractLayoutVersionManager.java:init(83)) - Initializing Layout version manager with metadata layout = HADOOP_PRC_PORTS_IN_DATANODEDETAILS (version = 7), software layout = HADOOP_PRC_PORTS_IN_DATANODEDETAILS (version = 7)
2024-02-27 21:36:55,342 [main] INFO  statemachine.DatanodeStateMachine (DatanodeStateMachine.java:getEndPointTaskThreadPoolSize(299)) - Datanode State Machine Task Thread Pool size 2
2024-02-27 21:36:55,343 [main] INFO  volume.HddsVolume (HddsVolume.java:<init>(125)) - Creating HddsVolume: /home/runner/work/ozone/ozone/hadoop-ozone/integration-test/target/test-dir/MiniOzoneClusterImpl-075da85a-61fc-4f3b-aaa6-f3afee0da340/ozone-meta/datanode-2/data-0/hdds of storage type : DISK capacity : 9223372036854775807
2024-02-27 21:36:55,343 [main] INFO  volume.MutableVolumeSet (MutableVolumeSet.java:initializeVolumeSet(173)) - Added Volume : /home/runner/work/ozone/ozone/hadoop-ozone/integration-test/target/test-dir/MiniOzoneClusterImpl-075da85a-61fc-4f3b-aaa6-f3afee0da340/ozone-meta/datanode-2/data-0/hdds to VolumeSet
2024-02-27 21:36:55,345 [main] INFO  volume.MutableVolumeSet (MutableVolumeSet.java:initializeVolumeSet(173)) - Added Volume : /home/runner/work/ozone/ozone/hadoop-ozone/integration-test/target/test-dir/MiniOzoneClusterImpl-075da85a-61fc-4f3b-aaa6-f3afee0da340/ozone-meta/datanode-2/ratis to VolumeSet
2024-02-27 21:36:55,345 [main] INFO  ozoneimpl.OzoneContainer (HddsVolumeUtil.java:loadAllHddsVolumeDbStore(103)) - Load 1 volumes DbStore cost: 0ms
2024-02-27 21:36:55,347 [main] INFO  server.RaftServer (ConfUtils.java:logGet(46)) - raft.rpc.type = GRPC (default)
2024-02-27 21:36:55,347 [main] INFO  grpc.GrpcConfigKeys (ConfUtils.java:logFallback(53)) - raft.grpc.admin.host = null (fallback to raft.grpc.server.host)
2024-02-27 21:36:55,347 [main] INFO  grpc.GrpcConfigKeys (ConfUtils.java:logGet(46)) - raft.grpc.admin.port = 15084 (custom)
2024-02-27 21:36:55,347 [main] INFO  grpc.GrpcConfigKeys (ConfUtils.java:logFallback(53)) - raft.grpc.client.host = null (fallback to raft.grpc.server.host)
2024-02-27 21:36:55,348 [main] INFO  grpc.GrpcConfigKeys (ConfUtils.java:logGet(46)) - raft.grpc.client.port = 15083 (custom)
2024-02-27 21:36:55,348 [main] INFO  grpc.GrpcConfigKeys (ConfUtils.java:logGet(46)) - raft.grpc.server.host = null (default)
2024-02-27 21:36:55,348 [main] INFO  grpc.GrpcConfigKeys (ConfUtils.java:logGet(46)) - raft.grpc.server.port = 15085 (custom)
2024-02-27 21:36:55,348 [main] INFO  server.GrpcService (ConfUtils.java:logGet(46)) - raft.grpc.message.size.max = 32MB (=33554432) (custom)
2024-02-27 21:36:55,348 [main] INFO  server.RaftServerConfigKeys (ConfUtils.java:logGet(46)) - raft.server.log.appender.buffer.byte-limit = 8388608 (custom)
2024-02-27 21:36:55,348 [main] INFO  server.GrpcService (ConfUtils.java:logGet(46)) - raft.grpc.flow.control.window = 5MB (=5242880) (custom)
2024-02-27 21:36:55,348 [main] INFO  server.RaftServerConfigKeys (ConfUtils.java:logGet(46)) - raft.server.rpc.request.timeout = 60s (custom)
2024-02-27 21:36:55,349 [main] INFO  grpc.GrpcConfigKeys (ConfUtils.java:logGet(46)) - raft.grpc.server.heartbeat.channel = true (default)
2024-02-27 21:36:55,349 [main] INFO  grpc.GrpcConfigKeys (ConfUtils.java:logGet(46)) - raft.grpc.server.async.request.thread.pool.cached = true (default)
2024-02-27 21:36:55,349 [main] INFO  grpc.GrpcConfigKeys (ConfUtils.java:logGet(46)) - raft.grpc.server.async.request.thread.pool.size = 32 (default)
2024-02-27 21:36:55,351 [main] INFO  impl.DataStreamServerImpl (ConfUtils.java:logGet(46)) - raft.datastream.type = NETTY (custom)
2024-02-27 21:36:55,351 [main] INFO  server.RaftServerConfigKeys (ConfUtils.java:logGet(46)) - raft.server.data-stream.async.request.thread.pool.cached = false (default)
2024-02-27 21:36:55,351 [main] INFO  server.RaftServerConfigKeys (ConfUtils.java:logGet(46)) - raft.server.data-stream.async.request.thread.pool.size = 20 (custom)
2024-02-27 21:36:55,351 [main] INFO  server.RaftServerConfigKeys (ConfUtils.java:logGet(46)) - raft.server.data-stream.async.write.thread.pool.size = 16 (default)
2024-02-27 21:36:55,351 [main] INFO  netty.NettyConfigKeys$DataStream (ConfUtils.java:logGet(46)) - raft.netty.dataStream.server.channel.inactive.grace-period = 10min (default)
2024-02-27 21:36:55,351 [main] INFO  server.RaftServerConfigKeys (ConfUtils.java:logGet(46)) - raft.server.data-stream.client.pool.size = 10 (default)
2024-02-27 21:36:55,351 [main] INFO  netty.NettyConfigKeys$DataStream (ConfUtils.java:logGet(46)) - raft.netty.dataStream.server.use-epoll = true (default)
2024-02-27 21:36:55,352 [main] INFO  netty.NettyConfigKeys$DataStream (ConfUtils.java:logGet(46)) - raft.netty.dataStream.server.boss-group.size = 0 (default)
2024-02-27 21:36:55,352 [main] INFO  netty.NettyUtils (NettyUtils.java:newEventLoopGroup(69)) - Create EpollEventLoopGroup for e13e7e3b-b387-4fac-9683-3ea92427a7e8-NettyServerStreamRpc-bossGroup; Thread size is 0.
2024-02-27 21:36:55,352 [main] INFO  netty.NettyConfigKeys$DataStream (ConfUtils.java:logGet(46)) - raft.netty.dataStream.server.worker-group.size = 0 (default)
2024-02-27 21:36:55,352 [main] INFO  netty.NettyUtils (NettyUtils.java:newEventLoopGroup(69)) - Create EpollEventLoopGroup for e13e7e3b-b387-4fac-9683-3ea92427a7e8-NettyServerStreamRpc-workerGroup; Thread size is 0.
2024-02-27 21:36:55,353 [main] INFO  netty.NettyConfigKeys$DataStream (ConfUtils.java:logGet(46)) - raft.netty.dataStream.server.tls.conf = null (default)
2024-02-27 21:36:55,353 [main] INFO  netty.NettyConfigKeys$DataStream (ConfUtils.java:logGet(46)) - raft.netty.dataStream.host = null (default)
2024-02-27 21:36:55,353 [main] INFO  netty.NettyConfigKeys$DataStream (ConfUtils.java:logGet(46)) - raft.netty.dataStream.port = 15086 (custom)
2024-02-27 21:36:55,353 [main] INFO  server.RaftServerConfigKeys (ConfUtils.java:logGet(46)) - raft.server.sleep.deviation.threshold = 300ms (default)
2024-02-27 21:36:55,354 [e13e7e3b-b387-4fac-9683-3ea92427a7e8-NettyServerStreamRpc-bossGroup--thread1] INFO  logging.LoggingHandler (AbstractInternalLogger.java:log(148)) - [id: 0xea9747ce] REGISTERED
2024-02-27 21:36:55,354 [main] INFO  server.RaftServerConfigKeys (ConfUtils.java:logGet(46)) - raft.server.close.threshold = 60s (default)
2024-02-27 21:36:55,354 [e13e7e3b-b387-4fac-9683-3ea92427a7e8-NettyServerStreamRpc-bossGroup--thread1] INFO  logging.LoggingHandler (AbstractInternalLogger.java:log(148)) - [id: 0xea9747ce] BIND: 0.0.0.0/0.0.0.0:15086
2024-02-27 21:36:55,354 [main] INFO  server.RaftServerConfigKeys (ConfUtils.java:logGet(46)) - raft.server.leaderelection.leader.step-down.wait-time = 10s (default)
2024-02-27 21:36:55,354 [e13e7e3b-b387-4fac-9683-3ea92427a7e8-NettyServerStreamRpc-bossGroup--thread1] INFO  logging.LoggingHandler (AbstractInternalLogger.java:log(148)) - [id: 0xea9747ce, L:/0.0.0.0:15086] ACTIVE
2024-02-27 21:36:55,354 [main] INFO  server.RaftServerConfigKeys (ConfUtils.java:logGet(46)) - raft.server.storage.dir = [/home/runner/work/ozone/ozone/hadoop-ozone/integration-test/target/test-dir/MiniOzoneClusterImpl-075da85a-61fc-4f3b-aaa6-f3afee0da340/ozone-meta/datanode-2/ratis] (custom)
2024-02-27 21:36:55,354 [main] INFO  server.RaftServerConfigKeys (ConfUtils.java:logGet(46)) - raft.server.threadpool.proxy.cached = true (default)
2024-02-27 21:36:55,354 [main] INFO  server.RaftServerConfigKeys (ConfUtils.java:logGet(46)) - raft.server.threadpool.proxy.size = 0 (default)
2024-02-27 21:36:55,355 [e13e7e3b-b387-4fac-9683-3ea92427a7e8-impl-thread1] INFO  server.RaftServer (RaftServerProxy.java:initGroupDir(264)) - e13e7e3b-b387-4fac-9683-3ea92427a7e8: found a subdirectory /home/runner/work/ozone/ozone/hadoop-ozone/integration-test/target/test-dir/MiniOzoneClusterImpl-075da85a-61fc-4f3b-aaa6-f3afee0da340/ozone-meta/datanode-2/ratis/tmp
2024-02-27 21:36:55,355 [e13e7e3b-b387-4fac-9683-3ea92427a7e8-impl-thread1] INFO  server.RaftServer (RaftServerProxy.java:initGroupDir(269)) - e13e7e3b-b387-4fac-9683-3ea92427a7e8: The directory /home/runner/work/ozone/ozone/hadoop-ozone/integration-test/target/test-dir/MiniOzoneClusterImpl-075da85a-61fc-4f3b-aaa6-f3afee0da340/ozone-meta/datanode-2/ratis/tmp is not a group directory; ignoring it. 
2024-02-27 21:36:55,355 [main] INFO  replication.ReplicationServer (ReplicationServer.java:<init>(86)) - Initializing replication server with thread count = 10 queue length = 4096
2024-02-27 21:36:55,356 [main] INFO  server.XceiverServerGrpc (XceiverServerGrpc.java:<init>(141)) - GrpcServer channel type EpollServerSocketChannel
2024-02-27 21:36:55,357 [main] INFO  replication.ReplicationSupervisor (ReplicationSupervisor.java:build(163)) - Initializing replication supervisor with thread count = 10
2024-02-27 21:36:55,357 [main] INFO  replication.ReplicationSupervisor (ReplicationSupervisor.java:nodeStateUpdated(317)) - Node state updated to IN_SERVICE, scaling executor pool size to 10
2024-02-27 21:36:55,359 [main] INFO  http.BaseHttpServer (BaseHttpServer.java:newHttpServer2BuilderForOzone(223)) - Starting Web-server for hddsDatanode at: http://0.0.0.0:15080
2024-02-27 21:36:55,359 [main] INFO  http.BaseHttpServer (BaseHttpServer.java:<init>(110)) - Hadoop Security Enabled: false Ozone Security Enabled: false Ozone HTTP Security Enabled: false 
2024-02-27 21:36:55,360 [main] WARN  server.AuthenticationFilter (AuthenticationFilter.java:constructSecretProvider(240)) - Unable to initialize FileSignerSecretProvider, falling back to use random secrets. Reason: Could not read signature secret file: /home/runner/hadoop-http-auth-signature-secret
2024-02-27 21:36:55,360 [main] INFO  http.HttpRequestLog (HttpRequestLog.java:getRequestLog(86)) - Http request log for http.requests.hddsDatanode is not defined
2024-02-27 21:36:55,361 [main] INFO  http.HttpServer2 (HttpServer2.java:addGlobalFilter(1036)) - Added global filter 'safety' (class=org.apache.hadoop.hdds.server.http.HttpServer2$QuotingInputFilter)
2024-02-27 21:36:55,362 [main] INFO  http.HttpServer2 (HttpServer2.java:addFilter(1012)) - Added filter static_user_filter (class=org.apache.hadoop.http.lib.StaticUserWebFilter$StaticUserFilter) to context hddsDatanode
2024-02-27 21:36:55,362 [main] INFO  http.HttpServer2 (HttpServer2.java:addFilter(1020)) - Added filter static_user_filter (class=org.apache.hadoop.http.lib.StaticUserWebFilter$StaticUserFilter) to context static
2024-02-27 21:36:55,362 [main] INFO  http.HttpServer2 (HttpServer2.java:addFilter(1020)) - Added filter static_user_filter (class=org.apache.hadoop.http.lib.StaticUserWebFilter$StaticUserFilter) to context logs
2024-02-27 21:36:55,363 [main] INFO  http.BaseHttpServer (BaseHttpServer.java:<init>(189)) - HTTP server of hddsDatanode uses base directory /home/runner/work/ozone/ozone/hadoop-ozone/integration-test/target/test-dir/MiniOzoneClusterImpl-075da85a-61fc-4f3b-aaa6-f3afee0da340/ozone-meta/datanode-2/meta/webserver
2024-02-27 21:36:55,363 [main] INFO  http.HttpServer2 (HttpServer2.java:bindListener(1236)) - Jetty bound to port 15080
2024-02-27 21:36:55,363 [main] INFO  server.Server (Server.java:doStart(375)) - jetty-9.4.53.v20231009; built: 2023-10-09T12:29:09.265Z; git: 27bde00a0b95a1d5bbee0eae7984f891d2d0f8c9; jvm 1.8.0_402-b06
2024-02-27 21:36:55,364 [main] INFO  server.session (DefaultSessionIdManager.java:doStart(334)) - DefaultSessionIdManager workerName=node0
2024-02-27 21:36:55,364 [main] INFO  server.session (DefaultSessionIdManager.java:doStart(339)) - No SessionScavenger set, using defaults
2024-02-27 21:36:55,364 [main] INFO  server.session (HouseKeeper.java:startScavenging(132)) - node0 Scavenging every 660000ms
2024-02-27 21:36:55,365 [main] INFO  handler.ContextHandler (ContextHandler.java:doStart(921)) - Started o.e.j.s.ServletContextHandler@94e72e6{logs,/logs,file:///home/runner/work/ozone/ozone/hadoop-ozone/integration-test/target/log,AVAILABLE}
2024-02-27 21:36:55,365 [main] INFO  handler.ContextHandler (ContextHandler.java:doStart(921)) - Started o.e.j.s.ServletContextHandler@4069f369{static,/static,jar:file:/home/runner/.m2/repository/org/apache/ozone/hdds-container-service/1.5.0-SNAPSHOT/hdds-container-service-1.5.0-SNAPSHOT.jar!/webapps/static,AVAILABLE}
2024-02-27 21:36:55,398 [main] INFO  handler.ContextHandler (ContextHandler.java:doStart(921)) - Started o.e.j.w.WebAppContext@73538e82{hddsDatanode,/,file:///home/runner/work/ozone/ozone/hadoop-ozone/integration-test/target/test-dir/MiniOzoneClusterImpl-075da85a-61fc-4f3b-aaa6-f3afee0da340/ozone-meta/datanode-2/meta/webserver/jetty-0_0_0_0-15080-hdds-container-service-1_5_0-SNAPSHOT_jar-_-any-508461100642534187/webapp/,AVAILABLE}{jar:file:/home/runner/.m2/repository/org/apache/ozone/hdds-container-service/1.5.0-SNAPSHOT/hdds-container-service-1.5.0-SNAPSHOT.jar!/webapps/hddsDatanode}
2024-02-27 21:36:55,401 [main] INFO  server.AbstractConnector (AbstractConnector.java:doStart(333)) - Started ServerConnector@23e3f9d4{HTTP/1.1, (http/1.1)}{0.0.0.0:15080}
2024-02-27 21:36:55,401 [main] INFO  server.Server (Server.java:doStart(415)) - Started @25745ms
2024-02-27 21:36:55,402 [main] WARN  impl.MetricsSystemImpl (MetricsSystemImpl.java:register(279)) - Sink prometheus already exists!
2024-02-27 21:36:55,402 [main] INFO  http.BaseHttpServer (BaseHttpServer.java:updateConnectorAddress(354)) - HTTP server of hddsDatanode listening at http://0.0.0.0:15080
2024-02-27 21:36:55,403 [main] INFO  ipc.CallQueueManager (CallQueueManager.java:<init>(90)) - Using callQueue: class java.util.concurrent.LinkedBlockingQueue, queueCapacity: 100, scheduler: class org.apache.hadoop.ipc.DefaultRpcScheduler, ipcBackoff: false.
2024-02-27 21:36:55,403 [main] INFO  ipc.Server (Server.java:<init>(1287)) - Listener at 0.0.0.0:15081
2024-02-27 21:36:55,405 [Socket Reader #1 for port 15081] INFO  ipc.Server (Server.java:run(1323)) - Starting Socket Reader #1 for port 15081
2024-02-27 21:36:55,415 [main] INFO  ozone.HddsDatanodeService (HddsDatanodeService.java:start(327)) - Datanode start with admins: [runner]
2024-02-27 21:36:55,415 [main] INFO  ozone.HddsDatanodeClientProtocolServer (HddsDatanodeClientProtocolServer.java:start(77)) - RPC server for Client /0.0.0.0:15081
2024-02-27 21:36:55,415 [IPC Server Responder] INFO  ipc.Server (Server.java:run(1562)) - IPC Server Responder: starting
2024-02-27 21:36:55,416 [IPC Server listener on 15081] INFO  ipc.Server (Server.java:run(1402)) - IPC Server listener on 15081: starting
2024-02-27 21:36:55,417 [e13e7e3b-b387-4fac-9683-3ea92427a7e8-DatanodeStateMachineDaemonThread] INFO  statemachine.DatanodeStateMachine (DatanodeStateMachine.java:lambda$startDaemon$1(555)) - Ozone container server started.
2024-02-27 21:36:55,417 [main] WARN  dropwizard3.Dm3MetricRegistriesImpl (Dm3MetricRegistriesImpl.java:addReporterRegistration(113)) - New reporters are added after registries were created. Some metrics will be missing from the reporter. Please add reporter before adding any new registry.
2024-02-27 21:36:55,418 [main] WARN  dropwizard3.Dm3MetricRegistriesImpl (Dm3MetricRegistriesImpl.java:addReporterRegistration(113)) - New reporters are added after registries were created. Some metrics will be missing from the reporter. Please add reporter before adding any new registry.
2024-02-27 21:36:55,418 [main] INFO  impl.MetricsSystemImpl (MetricsSystemImpl.java:init(158)) - HddsDatanode metrics system started (again)
2024-02-27 21:36:55,426 [e13e7e3b-b387-4fac-9683-3ea92427a7e8-DatanodeStateMachineTaskThread-0] INFO  datanode.InitDatanodeState (InitDatanodeState.java:persistContainerDatanodeDetails(139)) - DatanodeDetails is persisted to /home/runner/work/ozone/ozone/hadoop-ozone/integration-test/target/test-dir/MiniOzoneClusterImpl-075da85a-61fc-4f3b-aaa6-f3afee0da340/ozone-meta/datanode-2/meta/datanode.id
2024-02-27 21:36:55,429 [main] INFO  ozone.HddsDatanodeService (HddsDatanodeService.java:start(240)) - HddsDatanodeService host:fv-az531-651.fb1yufaac5hu3gd5gtxiz42tfh.cx.internal.cloudapp.net ip:10.1.0.18
2024-02-27 21:36:55,450 [main] INFO  upgrade.AbstractLayoutVersionManager (AbstractLayoutVersionManager.java:init(83)) - Initializing Layout version manager with metadata layout = HADOOP_PRC_PORTS_IN_DATANODEDETAILS (version = 7), software layout = HADOOP_PRC_PORTS_IN_DATANODEDETAILS (version = 7)
2024-02-27 21:36:55,451 [main] INFO  statemachine.DatanodeStateMachine (DatanodeStateMachine.java:getEndPointTaskThreadPoolSize(299)) - Datanode State Machine Task Thread Pool size 2
2024-02-27 21:36:55,452 [main] INFO  volume.HddsVolume (HddsVolume.java:<init>(125)) - Creating HddsVolume: /home/runner/work/ozone/ozone/hadoop-ozone/integration-test/target/test-dir/MiniOzoneClusterImpl-075da85a-61fc-4f3b-aaa6-f3afee0da340/ozone-meta/datanode-3/data-0/hdds of storage type : DISK capacity : 9223372036854775807
2024-02-27 21:36:55,452 [main] INFO  volume.MutableVolumeSet (MutableVolumeSet.java:initializeVolumeSet(173)) - Added Volume : /home/runner/work/ozone/ozone/hadoop-ozone/integration-test/target/test-dir/MiniOzoneClusterImpl-075da85a-61fc-4f3b-aaa6-f3afee0da340/ozone-meta/datanode-3/data-0/hdds to VolumeSet
2024-02-27 21:36:55,453 [main] INFO  volume.MutableVolumeSet (MutableVolumeSet.java:initializeVolumeSet(173)) - Added Volume : /home/runner/work/ozone/ozone/hadoop-ozone/integration-test/target/test-dir/MiniOzoneClusterImpl-075da85a-61fc-4f3b-aaa6-f3afee0da340/ozone-meta/datanode-3/ratis to VolumeSet
2024-02-27 21:36:55,453 [main] INFO  ozoneimpl.OzoneContainer (HddsVolumeUtil.java:loadAllHddsVolumeDbStore(103)) - Load 1 volumes DbStore cost: 0ms
2024-02-27 21:36:55,455 [main] INFO  server.RaftServer (ConfUtils.java:logGet(46)) - raft.rpc.type = GRPC (default)
2024-02-27 21:36:55,455 [main] INFO  grpc.GrpcConfigKeys (ConfUtils.java:logFallback(53)) - raft.grpc.admin.host = null (fallback to raft.grpc.server.host)
2024-02-27 21:36:55,455 [main] INFO  grpc.GrpcConfigKeys (ConfUtils.java:logGet(46)) - raft.grpc.admin.port = 15093 (custom)
2024-02-27 21:36:55,455 [main] INFO  grpc.GrpcConfigKeys (ConfUtils.java:logFallback(53)) - raft.grpc.client.host = null (fallback to raft.grpc.server.host)
2024-02-27 21:36:55,456 [main] INFO  grpc.GrpcConfigKeys (ConfUtils.java:logGet(46)) - raft.grpc.client.port = 15092 (custom)
2024-02-27 21:36:55,456 [main] INFO  grpc.GrpcConfigKeys (ConfUtils.java:logGet(46)) - raft.grpc.server.host = null (default)
2024-02-27 21:36:55,456 [main] INFO  grpc.GrpcConfigKeys (ConfUtils.java:logGet(46)) - raft.grpc.server.port = 15094 (custom)
2024-02-27 21:36:55,456 [main] INFO  server.GrpcService (ConfUtils.java:logGet(46)) - raft.grpc.message.size.max = 32MB (=33554432) (custom)
2024-02-27 21:36:55,457 [main] INFO  server.RaftServerConfigKeys (ConfUtils.java:logGet(46)) - raft.server.log.appender.buffer.byte-limit = 8388608 (custom)
2024-02-27 21:36:55,457 [main] INFO  server.GrpcService (ConfUtils.java:logGet(46)) - raft.grpc.flow.control.window = 5MB (=5242880) (custom)
2024-02-27 21:36:55,457 [main] INFO  server.RaftServerConfigKeys (ConfUtils.java:logGet(46)) - raft.server.rpc.request.timeout = 60s (custom)
2024-02-27 21:36:55,457 [main] INFO  grpc.GrpcConfigKeys (ConfUtils.java:logGet(46)) - raft.grpc.server.heartbeat.channel = true (default)
2024-02-27 21:36:55,457 [main] INFO  grpc.GrpcConfigKeys (ConfUtils.java:logGet(46)) - raft.grpc.server.async.request.thread.pool.cached = true (default)
2024-02-27 21:36:55,458 [main] INFO  grpc.GrpcConfigKeys (ConfUtils.java:logGet(46)) - raft.grpc.server.async.request.thread.pool.size = 32 (default)
2024-02-27 21:36:55,459 [main] INFO  impl.DataStreamServerImpl (ConfUtils.java:logGet(46)) - raft.datastream.type = NETTY (custom)
2024-02-27 21:36:55,460 [main] INFO  server.RaftServerConfigKeys (ConfUtils.java:logGet(46)) - raft.server.data-stream.async.request.thread.pool.cached = false (default)
2024-02-27 21:36:55,460 [main] INFO  server.RaftServerConfigKeys (ConfUtils.java:logGet(46)) - raft.server.data-stream.async.request.thread.pool.size = 20 (custom)
2024-02-27 21:36:55,460 [main] INFO  server.RaftServerConfigKeys (ConfUtils.java:logGet(46)) - raft.server.data-stream.async.write.thread.pool.size = 16 (default)
2024-02-27 21:36:55,460 [main] INFO  netty.NettyConfigKeys$DataStream (ConfUtils.java:logGet(46)) - raft.netty.dataStream.server.channel.inactive.grace-period = 10min (default)
2024-02-27 21:36:55,461 [main] INFO  server.RaftServerConfigKeys (ConfUtils.java:logGet(46)) - raft.server.data-stream.client.pool.size = 10 (default)
2024-02-27 21:36:55,461 [main] INFO  netty.NettyConfigKeys$DataStream (ConfUtils.java:logGet(46)) - raft.netty.dataStream.server.use-epoll = true (default)
2024-02-27 21:36:55,461 [main] INFO  netty.NettyConfigKeys$DataStream (ConfUtils.java:logGet(46)) - raft.netty.dataStream.server.boss-group.size = 0 (default)
2024-02-27 21:36:55,461 [main] INFO  netty.NettyUtils (NettyUtils.java:newEventLoopGroup(69)) - Create EpollEventLoopGroup for 6d1988e6-d732-42b7-a0ee-62d3ca1ef2f1-NettyServerStreamRpc-bossGroup; Thread size is 0.
2024-02-27 21:36:55,462 [main] INFO  netty.NettyConfigKeys$DataStream (ConfUtils.java:logGet(46)) - raft.netty.dataStream.server.worker-group.size = 0 (default)
2024-02-27 21:36:55,462 [main] INFO  netty.NettyUtils (NettyUtils.java:newEventLoopGroup(69)) - Create EpollEventLoopGroup for 6d1988e6-d732-42b7-a0ee-62d3ca1ef2f1-NettyServerStreamRpc-workerGroup; Thread size is 0.
2024-02-27 21:36:55,462 [main] INFO  netty.NettyConfigKeys$DataStream (ConfUtils.java:logGet(46)) - raft.netty.dataStream.server.tls.conf = null (default)
2024-02-27 21:36:55,462 [main] INFO  netty.NettyConfigKeys$DataStream (ConfUtils.java:logGet(46)) - raft.netty.dataStream.host = null (default)
2024-02-27 21:36:55,463 [main] INFO  netty.NettyConfigKeys$DataStream (ConfUtils.java:logGet(46)) - raft.netty.dataStream.port = 15095 (custom)
2024-02-27 21:36:55,463 [main] INFO  server.RaftServerConfigKeys (ConfUtils.java:logGet(46)) - raft.server.sleep.deviation.threshold = 300ms (default)
2024-02-27 21:36:55,463 [main] INFO  server.RaftServerConfigKeys (ConfUtils.java:logGet(46)) - raft.server.close.threshold = 60s (default)
2024-02-27 21:36:55,463 [main] INFO  server.RaftServerConfigKeys (ConfUtils.java:logGet(46)) - raft.server.leaderelection.leader.step-down.wait-time = 10s (default)
2024-02-27 21:36:55,463 [6d1988e6-d732-42b7-a0ee-62d3ca1ef2f1-NettyServerStreamRpc-bossGroup--thread1] INFO  logging.LoggingHandler (AbstractInternalLogger.java:log(148)) - [id: 0x04866601] REGISTERED
2024-02-27 21:36:55,464 [main] INFO  server.RaftServerConfigKeys (ConfUtils.java:logGet(46)) - raft.server.storage.dir = [/home/runner/work/ozone/ozone/hadoop-ozone/integration-test/target/test-dir/MiniOzoneClusterImpl-075da85a-61fc-4f3b-aaa6-f3afee0da340/ozone-meta/datanode-3/ratis] (custom)
2024-02-27 21:36:55,464 [main] INFO  server.RaftServerConfigKeys (ConfUtils.java:logGet(46)) - raft.server.threadpool.proxy.cached = true (default)
2024-02-27 21:36:55,464 [main] INFO  server.RaftServerConfigKeys (ConfUtils.java:logGet(46)) - raft.server.threadpool.proxy.size = 0 (default)
2024-02-27 21:36:55,464 [6d1988e6-d732-42b7-a0ee-62d3ca1ef2f1-NettyServerStreamRpc-bossGroup--thread1] INFO  logging.LoggingHandler (AbstractInternalLogger.java:log(148)) - [id: 0x04866601] BIND: 0.0.0.0/0.0.0.0:15095
2024-02-27 21:36:55,464 [6d1988e6-d732-42b7-a0ee-62d3ca1ef2f1-impl-thread1] INFO  server.RaftServer (RaftServerProxy.java:initGroupDir(264)) - 6d1988e6-d732-42b7-a0ee-62d3ca1ef2f1: found a subdirectory /home/runner/work/ozone/ozone/hadoop-ozone/integration-test/target/test-dir/MiniOzoneClusterImpl-075da85a-61fc-4f3b-aaa6-f3afee0da340/ozone-meta/datanode-3/ratis/tmp
2024-02-27 21:36:55,465 [6d1988e6-d732-42b7-a0ee-62d3ca1ef2f1-impl-thread1] INFO  server.RaftServer (RaftServerProxy.java:initGroupDir(269)) - 6d1988e6-d732-42b7-a0ee-62d3ca1ef2f1: The directory /home/runner/work/ozone/ozone/hadoop-ozone/integration-test/target/test-dir/MiniOzoneClusterImpl-075da85a-61fc-4f3b-aaa6-f3afee0da340/ozone-meta/datanode-3/ratis/tmp is not a group directory; ignoring it. 
2024-02-27 21:36:55,464 [6d1988e6-d732-42b7-a0ee-62d3ca1ef2f1-NettyServerStreamRpc-bossGroup--thread1] INFO  logging.LoggingHandler (AbstractInternalLogger.java:log(148)) - [id: 0x04866601, L:/0.0.0.0:15095] ACTIVE
2024-02-27 21:36:55,465 [main] INFO  replication.ReplicationServer (ReplicationServer.java:<init>(86)) - Initializing replication server with thread count = 10 queue length = 4096
2024-02-27 21:36:55,466 [main] INFO  server.XceiverServerGrpc (XceiverServerGrpc.java:<init>(141)) - GrpcServer channel type EpollServerSocketChannel
2024-02-27 21:36:55,468 [main] INFO  replication.ReplicationSupervisor (ReplicationSupervisor.java:build(163)) - Initializing replication supervisor with thread count = 10
2024-02-27 21:36:55,468 [main] INFO  replication.ReplicationSupervisor (ReplicationSupervisor.java:nodeStateUpdated(317)) - Node state updated to IN_SERVICE, scaling executor pool size to 10
2024-02-27 21:36:55,470 [main] INFO  http.BaseHttpServer (BaseHttpServer.java:newHttpServer2BuilderForOzone(223)) - Starting Web-server for hddsDatanode at: http://0.0.0.0:15089
2024-02-27 21:36:55,470 [main] INFO  http.BaseHttpServer (BaseHttpServer.java:<init>(110)) - Hadoop Security Enabled: false Ozone Security Enabled: false Ozone HTTP Security Enabled: false 
2024-02-27 21:36:55,471 [main] WARN  server.AuthenticationFilter (AuthenticationFilter.java:constructSecretProvider(240)) - Unable to initialize FileSignerSecretProvider, falling back to use random secrets. Reason: Could not read signature secret file: /home/runner/hadoop-http-auth-signature-secret
2024-02-27 21:36:55,472 [main] INFO  http.HttpRequestLog (HttpRequestLog.java:getRequestLog(86)) - Http request log for http.requests.hddsDatanode is not defined
2024-02-27 21:36:55,473 [main] INFO  http.HttpServer2 (HttpServer2.java:addGlobalFilter(1036)) - Added global filter 'safety' (class=org.apache.hadoop.hdds.server.http.HttpServer2$QuotingInputFilter)
2024-02-27 21:36:55,474 [main] INFO  http.HttpServer2 (HttpServer2.java:addFilter(1012)) - Added filter static_user_filter (class=org.apache.hadoop.http.lib.StaticUserWebFilter$StaticUserFilter) to context hddsDatanode
2024-02-27 21:36:55,474 [main] INFO  http.HttpServer2 (HttpServer2.java:addFilter(1020)) - Added filter static_user_filter (class=org.apache.hadoop.http.lib.StaticUserWebFilter$StaticUserFilter) to context static
2024-02-27 21:36:55,474 [main] INFO  http.HttpServer2 (HttpServer2.java:addFilter(1020)) - Added filter static_user_filter (class=org.apache.hadoop.http.lib.StaticUserWebFilter$StaticUserFilter) to context logs
2024-02-27 21:36:55,475 [main] INFO  http.BaseHttpServer (BaseHttpServer.java:<init>(189)) - HTTP server of hddsDatanode uses base directory /home/runner/work/ozone/ozone/hadoop-ozone/integration-test/target/test-dir/MiniOzoneClusterImpl-075da85a-61fc-4f3b-aaa6-f3afee0da340/ozone-meta/datanode-3/meta/webserver
2024-02-27 21:36:55,475 [main] INFO  http.HttpServer2 (HttpServer2.java:bindListener(1236)) - Jetty bound to port 15089
2024-02-27 21:36:55,475 [main] INFO  server.Server (Server.java:doStart(375)) - jetty-9.4.53.v20231009; built: 2023-10-09T12:29:09.265Z; git: 27bde00a0b95a1d5bbee0eae7984f891d2d0f8c9; jvm 1.8.0_402-b06
2024-02-27 21:36:55,476 [main] INFO  server.session (DefaultSessionIdManager.java:doStart(334)) - DefaultSessionIdManager workerName=node0
2024-02-27 21:36:55,476 [main] INFO  server.session (DefaultSessionIdManager.java:doStart(339)) - No SessionScavenger set, using defaults
2024-02-27 21:36:55,476 [main] INFO  server.session (HouseKeeper.java:startScavenging(132)) - node0 Scavenging every 660000ms
2024-02-27 21:36:55,477 [main] INFO  handler.ContextHandler (ContextHandler.java:doStart(921)) - Started o.e.j.s.ServletContextHandler@364b57f1{logs,/logs,file:///home/runner/work/ozone/ozone/hadoop-ozone/integration-test/target/log,AVAILABLE}
2024-02-27 21:36:55,477 [main] INFO  handler.ContextHandler (ContextHandler.java:doStart(921)) - Started o.e.j.s.ServletContextHandler@2122eab4{static,/static,jar:file:/home/runner/.m2/repository/org/apache/ozone/hdds-container-service/1.5.0-SNAPSHOT/hdds-container-service-1.5.0-SNAPSHOT.jar!/webapps/static,AVAILABLE}
2024-02-27 21:36:55,524 [main] INFO  handler.ContextHandler (ContextHandler.java:doStart(921)) - Started o.e.j.w.WebAppContext@647d40ce{hddsDatanode,/,file:///home/runner/work/ozone/ozone/hadoop-ozone/integration-test/target/test-dir/MiniOzoneClusterImpl-075da85a-61fc-4f3b-aaa6-f3afee0da340/ozone-meta/datanode-3/meta/webserver/jetty-0_0_0_0-15089-hdds-container-service-1_5_0-SNAPSHOT_jar-_-any-4620831562916903284/webapp/,AVAILABLE}{jar:file:/home/runner/.m2/repository/org/apache/ozone/hdds-container-service/1.5.0-SNAPSHOT/hdds-container-service-1.5.0-SNAPSHOT.jar!/webapps/hddsDatanode}
2024-02-27 21:36:55,526 [main] INFO  server.AbstractConnector (AbstractConnector.java:doStart(333)) - Started ServerConnector@4ff8ae11{HTTP/1.1, (http/1.1)}{0.0.0.0:15089}
2024-02-27 21:36:55,526 [main] INFO  server.Server (Server.java:doStart(415)) - Started @25869ms
2024-02-27 21:36:55,526 [main] WARN  impl.MetricsSystemImpl (MetricsSystemImpl.java:register(279)) - Sink prometheus already exists!
2024-02-27 21:36:55,526 [main] INFO  http.BaseHttpServer (BaseHttpServer.java:updateConnectorAddress(354)) - HTTP server of hddsDatanode listening at http://0.0.0.0:15089
2024-02-27 21:36:55,527 [main] INFO  ipc.CallQueueManager (CallQueueManager.java:<init>(90)) - Using callQueue: class java.util.concurrent.LinkedBlockingQueue, queueCapacity: 100, scheduler: class org.apache.hadoop.ipc.DefaultRpcScheduler, ipcBackoff: false.
2024-02-27 21:36:55,527 [main] INFO  ipc.Server (Server.java:<init>(1287)) - Listener at 0.0.0.0:15090
2024-02-27 21:36:55,527 [Socket Reader #1 for port 15090] INFO  ipc.Server (Server.java:run(1323)) - Starting Socket Reader #1 for port 15090
2024-02-27 21:36:55,529 [main] INFO  ozone.HddsDatanodeService (HddsDatanodeService.java:start(327)) - Datanode start with admins: [runner]
2024-02-27 21:36:55,529 [main] INFO  ozone.HddsDatanodeClientProtocolServer (HddsDatanodeClientProtocolServer.java:start(77)) - RPC server for Client /0.0.0.0:15090
2024-02-27 21:36:55,530 [IPC Server Responder] INFO  ipc.Server (Server.java:run(1562)) - IPC Server Responder: starting
2024-02-27 21:36:55,530 [IPC Server listener on 15090] INFO  ipc.Server (Server.java:run(1402)) - IPC Server listener on 15090: starting
2024-02-27 21:36:55,535 [6d1988e6-d732-42b7-a0ee-62d3ca1ef2f1-DatanodeStateMachineDaemonThread] INFO  statemachine.DatanodeStateMachine (DatanodeStateMachine.java:lambda$startDaemon$1(555)) - Ozone container server started.
2024-02-27 21:36:55,535 [main] INFO  ozone.MiniOzoneClusterImpl (MiniOzoneClusterImpl.java:lambda$waitForClusterToBeReady$0(195)) - Waiting for nodes to be ready. Got 0 of 3 DN Heartbeats.
2024-02-27 21:36:55,536 [main] INFO  ozone.MiniOzoneClusterImpl (MiniOzoneClusterImpl.java:lambda$waitForClusterToBeReady$0(198)) - Waiting for cluster to exit safe mode
2024-02-27 21:36:55,536 [main] INFO  ozone.MiniOzoneClusterImpl (MiniOzoneClusterImpl.java:lambda$waitForClusterToBeReady$0(200)) - SCM became leader
2024-02-27 21:36:55,540 [6d1988e6-d732-42b7-a0ee-62d3ca1ef2f1-DatanodeStateMachineTaskThread-0] INFO  datanode.InitDatanodeState (InitDatanodeState.java:persistContainerDatanodeDetails(139)) - DatanodeDetails is persisted to /home/runner/work/ozone/ozone/hadoop-ozone/integration-test/target/test-dir/MiniOzoneClusterImpl-075da85a-61fc-4f3b-aaa6-f3afee0da340/ozone-meta/datanode-3/meta/datanode.id
2024-02-27 21:36:55,804 [timer1] WARN  server.GrpcLogAppender (LogUtils.java:warn(121)) - 9eee0c4a-241f-4a15-bff1-0522a907ac9b@group-816BF9C79CC5->c855f1da-1b31-46a5-a68b-5d36f1d30008-AppendLogResponseHandler: Failed appendEntries (Repeated 2 times in the last 5.003s): org.apache.ratis.thirdparty.io.grpc.StatusRuntimeException: CANCELLED: RST_STREAM closed stream. HTTP/2 error code: CANCEL
2024-02-27 21:36:55,810 [timer2] WARN  server.GrpcLogAppender (LogUtils.java:warn(121)) - 9eee0c4a-241f-4a15-bff1-0522a907ac9b@group-816BF9C79CC5->46ce47ac-a134-4cce-ba10-4493b406f4b0-AppendLogResponseHandler: Failed appendEntries (Repeated 2 times in the last 5.000s): org.apache.ratis.thirdparty.io.grpc.StatusRuntimeException: CANCELLED: RST_STREAM closed stream. HTTP/2 error code: CANCEL
2024-02-27 21:36:55,810 [timer3] WARN  server.GrpcLogAppender (GrpcLogAppender.java:lambda$resetClient$1(217)) - 9eee0c4a-241f-4a15-bff1-0522a907ac9b@group-816BF9C79CC5->46ce47ac-a134-4cce-ba10-4493b406f4b0-GrpcLogAppender: Follower failed (request=null, errorCount=2); keep nextIndex (1) unchanged and retry. (Repeated 2 times in the last 5.000s)
2024-02-27 21:36:55,822 [timer4] WARN  server.GrpcLogAppender (GrpcLogAppender.java:lambda$resetClient$1(217)) - 9eee0c4a-241f-4a15-bff1-0522a907ac9b@group-816BF9C79CC5->c855f1da-1b31-46a5-a68b-5d36f1d30008-GrpcLogAppender: Follower failed (request=null, errorCount=2); keep nextIndex (1) unchanged and retry. (Repeated 2 times in the last 5.014s)
2024-02-27 21:36:56,253 [om1@group-C5BA1605619E-FollowerState] INFO  impl.FollowerState (FollowerState.java:run(143)) - om1@group-C5BA1605619E-FollowerState: change to CANDIDATE, lastRpcElapsedTime:1094978011ns, electionTimeout:1092ms
2024-02-27 21:36:56,253 [om1@group-C5BA1605619E-FollowerState] INFO  impl.RoleInfo (RoleInfo.java:shutdownFollowerState(110)) - om1: shutdown om1@group-C5BA1605619E-FollowerState
2024-02-27 21:36:56,253 [om1@group-C5BA1605619E-FollowerState] INFO  server.RaftServer$Division (RaftServerImpl.java:setRole(383)) - om1@group-C5BA1605619E: changes role from  FOLLOWER to CANDIDATE at term 0 for changeToCandidate
2024-02-27 21:36:56,253 [om1@group-C5BA1605619E-FollowerState] INFO  server.RaftServerConfigKeys (ConfUtils.java:logGet(46)) - raft.server.leaderelection.pre-vote = true (default)
2024-02-27 21:36:56,253 [om1@group-C5BA1605619E-FollowerState] INFO  impl.RoleInfo (RoleInfo.java:updateAndGet(139)) - om1: start om1@group-C5BA1605619E-LeaderElection16
2024-02-27 21:36:56,255 [om1@group-C5BA1605619E-LeaderElection16] INFO  impl.LeaderElection (LeaderElection.java:askForVotes(321)) - om1@group-C5BA1605619E-LeaderElection16 PRE_VOTE round 0: submit vote requests at term 0 for -1: peers:[om1|localhost:15069]|listeners:[], old=null
2024-02-27 21:36:56,256 [om1@group-C5BA1605619E-LeaderElection16] INFO  impl.LeaderElection (LeaderElection.java:askForVotes(323)) - om1@group-C5BA1605619E-LeaderElection16 PRE_VOTE round 0: result PASSED (term=0)
2024-02-27 21:36:56,257 [om1@group-C5BA1605619E-LeaderElection16] INFO  impl.LeaderElection (LeaderElection.java:askForVotes(321)) - om1@group-C5BA1605619E-LeaderElection16 ELECTION round 0: submit vote requests at term 1 for -1: peers:[om1|localhost:15069]|listeners:[], old=null
2024-02-27 21:36:56,257 [om1@group-C5BA1605619E-LeaderElection16] INFO  impl.LeaderElection (LeaderElection.java:askForVotes(323)) - om1@group-C5BA1605619E-LeaderElection16 ELECTION round 0: result PASSED (term=1)
2024-02-27 21:36:56,257 [om1@group-C5BA1605619E-LeaderElection16] INFO  impl.RoleInfo (RoleInfo.java:shutdownLeaderElection(130)) - om1: shutdown om1@group-C5BA1605619E-LeaderElection16
2024-02-27 21:36:56,257 [om1@group-C5BA1605619E-LeaderElection16] INFO  server.RaftServer$Division (RaftServerImpl.java:setRole(383)) - om1@group-C5BA1605619E: changes role from CANDIDATE to LEADER at term 1 for changeToLeader
2024-02-27 21:36:56,258 [om1@group-C5BA1605619E-LeaderElection16] INFO  server.RaftServerConfigKeys (ConfUtils.java:logGet(46)) - raft.server.staging.catchup.gap = 1000 (default)
2024-02-27 21:36:56,258 [om1@group-C5BA1605619E-LeaderElection16] INFO  server.RaftServerConfigKeys (ConfUtils.java:logGet(46)) - raft.server.write.element-limit = 4096 (default)
2024-02-27 21:36:56,258 [om1@group-C5BA1605619E-LeaderElection16] INFO  server.RaftServerConfigKeys (ConfUtils.java:logGet(46)) - raft.server.write.byte-limit = 64MB (=67108864) (default)
2024-02-27 21:36:56,258 [om1@group-C5BA1605619E-LeaderElection16] INFO  server.RaftServerConfigKeys (ConfUtils.java:logGet(46)) - raft.server.watch.timeout = 10s (default)
2024-02-27 21:36:56,258 [om1@group-C5BA1605619E-LeaderElection16] INFO  server.RaftServerConfigKeys (ConfUtils.java:logGet(46)) - raft.server.watch.timeout.denomination = 1s (default)
2024-02-27 21:36:56,258 [om1@group-C5BA1605619E-LeaderElection16] INFO  server.RaftServerConfigKeys (ConfUtils.java:logGet(46)) - raft.server.watch.element-limit = 65536 (default)
2024-02-27 21:36:56,258 [om1@group-C5BA1605619E-LeaderElection16] INFO  server.RaftServerConfigKeys (ConfUtils.java:logGet(46)) - raft.server.read.leader.lease.enabled = false (default)
2024-02-27 21:36:56,258 [om1@group-C5BA1605619E-LeaderElection16] INFO  server.RaftServerConfigKeys (ConfUtils.java:logGet(46)) - raft.server.read.leader.lease.timeout.ratio = 0.9 (default)
2024-02-27 21:36:56,258 [om1@group-C5BA1605619E-LeaderElection16] INFO  server.RaftServerConfigKeys (ConfUtils.java:logGet(46)) - raft.server.rpc.timeout.min = 1s (custom)
2024-02-27 21:36:56,259 [om1@group-C5BA1605619E-LeaderElection16] INFO  server.RaftServerConfigKeys (ConfUtils.java:logGet(46)) - raft.server.write.element-limit = 4096 (default)
2024-02-27 21:36:56,259 [om1@group-C5BA1605619E-LeaderElection16] INFO  server.RaftServerConfigKeys (ConfUtils.java:logGet(46)) - raft.server.write.follower.gap.ratio.max = -1.0 (default)
2024-02-27 21:36:56,259 [om1@group-C5BA1605619E-LeaderElection16] INFO  impl.RoleInfo (RoleInfo.java:updateAndGet(139)) - om1: start om1@group-C5BA1605619E-LeaderStateImpl
2024-02-27 21:36:56,259 [om1@group-C5BA1605619E-LeaderElection16] INFO  server.RaftServer$Division (RaftServerImpl.java:setFirstElection(574)) - om1@group-C5BA1605619E: set firstElectionSinceStartup to false for becomeLeader
2024-02-27 21:36:56,259 [om1@group-C5BA1605619E-LeaderElection16] INFO  server.RaftServer$Division (ServerState.java:setLeader(269)) - om1@group-C5BA1605619E: change Leader from null to om1 at term 1 for becomeLeader, leader elected after 1366ms
2024-02-27 21:36:56,259 [om1@group-C5BA1605619E-LeaderElection16] INFO  segmented.SegmentedRaftLogWorker (SegmentedRaftLogWorker.java:startLogSegment(430)) - om1@group-C5BA1605619E-SegmentedRaftLogWorker: Starting segment from index:0
2024-02-27 21:36:56,261 [om1@group-C5BA1605619E-LeaderElection16] INFO  server.RaftServer$Division (ServerState.java:setRaftConf(386)) - om1@group-C5BA1605619E: set configuration 0: peers:[om1|localhost:15069]|listeners:[], old=null
2024-02-27 21:36:56,262 [om1@group-C5BA1605619E-SegmentedRaftLogWorker] INFO  segmented.BufferedWriteChannel (BufferedWriteChannel.java:open(62)) - open log_inprogress_0 at position 0
2024-02-27 21:36:56,269 [om1@group-C5BA1605619E-SegmentedRaftLogWorker] INFO  segmented.SegmentedRaftLogWorker (SegmentedRaftLogWorker.java:execute(634)) - om1@group-C5BA1605619E-SegmentedRaftLogWorker: created new log segment /home/runner/work/ozone/ozone/hadoop-ozone/integration-test/target/test-dir/MiniOzoneClusterImpl-075da85a-61fc-4f3b-aaa6-f3afee0da340/ozone-meta/ratis/bf265839-605b-3f16-9796-c5ba1605619e/current/log_inprogress_0
2024-02-27 21:36:56,271 [om1@group-C5BA1605619E-StateMachineUpdater] INFO  ratis.OzoneManagerStateMachine (OzoneManagerStateMachine.java:notifyConfigurationChanged(200)) - Received Configuration change notification from Ratis. New Peer list:
[id: "om1"
address: "localhost:15069"
startupRole: FOLLOWER
]
2024-02-27 21:36:56,271 [om1@group-C5BA1605619E-StateMachineUpdater] INFO  server.RaftServer$Division (LeaderStateImpl.java:isApplied(320)) - leader is ready since appliedIndex == 0 >= startIndex == 0
2024-02-27 21:36:56,536 [main] INFO  ozone.MiniOzoneClusterImpl (MiniOzoneClusterImpl.java:lambda$waitForClusterToBeReady$0(195)) - Waiting for nodes to be ready. Got 0 of 3 DN Heartbeats.
2024-02-27 21:36:56,537 [main] INFO  ozone.MiniOzoneClusterImpl (MiniOzoneClusterImpl.java:lambda$waitForClusterToBeReady$0(198)) - Waiting for cluster to exit safe mode
2024-02-27 21:36:56,537 [main] INFO  ozone.MiniOzoneClusterImpl (MiniOzoneClusterImpl.java:lambda$waitForClusterToBeReady$0(200)) - SCM became leader
2024-02-27 21:36:57,343 [71df5106-29e4-46d2-b533-d1616e11bc16-EndpointStateMachineTaskThread-/0.0.0.0:15064-0 ] INFO  utils.DatanodeStoreCache (DatanodeStoreCache.java:addDB(72)) - Added db /home/runner/work/ozone/ozone/hadoop-ozone/integration-test/target/test-dir/MiniOzoneClusterImpl-075da85a-61fc-4f3b-aaa6-f3afee0da340/ozone-meta/datanode-1/data-0/hdds/075da85a-61fc-4f3b-aaa6-f3afee0da340/DS-be1b7d41-66c9-4cd6-bb70-1a0b9b827bd9/container.db to cache
2024-02-27 21:36:57,343 [71df5106-29e4-46d2-b533-d1616e11bc16-EndpointStateMachineTaskThread-/0.0.0.0:15064-0 ] INFO  volume.HddsVolume (HddsVolume.java:createDbStore(420)) - SchemaV3 db is created and loaded at /home/runner/work/ozone/ozone/hadoop-ozone/integration-test/target/test-dir/MiniOzoneClusterImpl-075da85a-61fc-4f3b-aaa6-f3afee0da340/ozone-meta/datanode-1/data-0/hdds/075da85a-61fc-4f3b-aaa6-f3afee0da340/DS-be1b7d41-66c9-4cd6-bb70-1a0b9b827bd9/container.db for volume DS-be1b7d41-66c9-4cd6-bb70-1a0b9b827bd9
2024-02-27 21:36:57,345 [71df5106-29e4-46d2-b533-d1616e11bc16-ContainerReader-0] INFO  ozoneimpl.ContainerReader (ContainerReader.java:readVolume(148)) - Start to verify containers on volume /home/runner/work/ozone/ozone/hadoop-ozone/integration-test/target/test-dir/MiniOzoneClusterImpl-075da85a-61fc-4f3b-aaa6-f3afee0da340/ozone-meta/datanode-1/data-0/hdds
2024-02-27 21:36:57,345 [71df5106-29e4-46d2-b533-d1616e11bc16-ContainerReader-0] INFO  ozoneimpl.ContainerReader (ContainerReader.java:readVolume(178)) - Finish verifying containers on volume /home/runner/work/ozone/ozone/hadoop-ozone/integration-test/target/test-dir/MiniOzoneClusterImpl-075da85a-61fc-4f3b-aaa6-f3afee0da340/ozone-meta/datanode-1/data-0/hdds
2024-02-27 21:36:57,345 [71df5106-29e4-46d2-b533-d1616e11bc16-EndpointStateMachineTaskThread-/0.0.0.0:15064-0 ] INFO  ozoneimpl.OzoneContainer (OzoneContainer.java:buildContainerSet(328)) - Build ContainerSet costs 0s
2024-02-27 21:36:57,345 [71df5106-29e4-46d2-b533-d1616e11bc16-EndpointStateMachineTaskThread-/0.0.0.0:15064-0 ] INFO  volume.ThrottledAsyncChecker (ThrottledAsyncChecker.java:schedule(141)) - Scheduling a check for /home/runner/work/ozone/ozone/hadoop-ozone/integration-test/target/test-dir/MiniOzoneClusterImpl-075da85a-61fc-4f3b-aaa6-f3afee0da340/ozone-meta/datanode-1/data-0/hdds
2024-02-27 21:36:57,346 [71df5106-29e4-46d2-b533-d1616e11bc16-EndpointStateMachineTaskThread-/0.0.0.0:15064-0 ] INFO  volume.StorageVolumeChecker (StorageVolumeChecker.java:checkAllVolumes(218)) - Scheduled health check for volume /home/runner/work/ozone/ozone/hadoop-ozone/integration-test/target/test-dir/MiniOzoneClusterImpl-075da85a-61fc-4f3b-aaa6-f3afee0da340/ozone-meta/datanode-1/data-0/hdds
2024-02-27 21:36:57,347 [71df5106-29e4-46d2-b533-d1616e11bc16-EndpointStateMachineTaskThread-/0.0.0.0:15064-0 ] INFO  volume.ThrottledAsyncChecker (ThrottledAsyncChecker.java:schedule(141)) - Scheduling a check for /home/runner/work/ozone/ozone/hadoop-ozone/integration-test/target/test-dir/MiniOzoneClusterImpl-075da85a-61fc-4f3b-aaa6-f3afee0da340/ozone-meta/datanode-1/ratis
2024-02-27 21:36:57,347 [71df5106-29e4-46d2-b533-d1616e11bc16-EndpointStateMachineTaskThread-/0.0.0.0:15064-0 ] INFO  volume.StorageVolumeChecker (StorageVolumeChecker.java:checkAllVolumes(218)) - Scheduled health check for volume /home/runner/work/ozone/ozone/hadoop-ozone/integration-test/target/test-dir/MiniOzoneClusterImpl-075da85a-61fc-4f3b-aaa6-f3afee0da340/ozone-meta/datanode-1/ratis
2024-02-27 21:36:57,348 [71df5106-29e4-46d2-b533-d1616e11bc16-EndpointStateMachineTaskThread-/0.0.0.0:15064-0 ] INFO  ozoneimpl.OzoneContainer (OzoneContainer.java:start(459)) - Attempting to start container services.
2024-02-27 21:36:57,348 [71df5106-29e4-46d2-b533-d1616e11bc16-EndpointStateMachineTaskThread-/0.0.0.0:15064-0 ] INFO  ozoneimpl.OzoneContainer (OzoneContainer.java:startContainerScrub(339)) - Scheduled background container scanners and the on-demand container scanner have been disabled.
2024-02-27 21:36:57,349 [71df5106-29e4-46d2-b533-d1616e11bc16-EndpointStateMachineTaskThread-/0.0.0.0:15064-0 ] INFO  replication.ReplicationServer (ReplicationServer.java:start(140)) - ReplicationServer is started using port 15078
2024-02-27 21:36:57,349 [71df5106-29e4-46d2-b533-d1616e11bc16-EndpointStateMachineTaskThread-/0.0.0.0:15064-0 ] INFO  ratis.XceiverServerRatis (XceiverServerRatis.java:start(566)) - Starting XceiverServerRatis 71df5106-29e4-46d2-b533-d1616e11bc16
2024-02-27 21:36:57,350 [71df5106-29e4-46d2-b533-d1616e11bc16-EndpointStateMachineTaskThread-/0.0.0.0:15064-0 ] INFO  server.RaftServer (RaftServerProxy.java:startImpl(406)) - 71df5106-29e4-46d2-b533-d1616e11bc16: start RPC server
2024-02-27 21:36:57,350 [71df5106-29e4-46d2-b533-d1616e11bc16-EndpointStateMachineTaskThread-/0.0.0.0:15064-0 ] INFO  server.GrpcService (GrpcService.java:startImpl(302)) - 71df5106-29e4-46d2-b533-d1616e11bc16: GrpcService started, listening on 15074
2024-02-27 21:36:57,351 [71df5106-29e4-46d2-b533-d1616e11bc16-EndpointStateMachineTaskThread-/0.0.0.0:15064-0 ] INFO  server.GrpcService (GrpcService.java:startImpl(302)) - 71df5106-29e4-46d2-b533-d1616e11bc16: GrpcService started, listening on 15076
2024-02-27 21:36:57,352 [71df5106-29e4-46d2-b533-d1616e11bc16-EndpointStateMachineTaskThread-/0.0.0.0:15064-0 ] INFO  server.GrpcService (GrpcService.java:startImpl(302)) - 71df5106-29e4-46d2-b533-d1616e11bc16: GrpcService started, listening on 15075
2024-02-27 21:36:57,352 [71df5106-29e4-46d2-b533-d1616e11bc16-EndpointStateMachineTaskThread-/0.0.0.0:15064-0 ] INFO  ratis.XceiverServerRatis (XceiverServerRatis.java:getRealPort(592)) - XceiverServerRatis 71df5106-29e4-46d2-b533-d1616e11bc16 is started using port 15074 for RATIS
2024-02-27 21:36:57,352 [71df5106-29e4-46d2-b533-d1616e11bc16-EndpointStateMachineTaskThread-/0.0.0.0:15064-0 ] INFO  ratis.XceiverServerRatis (XceiverServerRatis.java:getRealPort(592)) - XceiverServerRatis 71df5106-29e4-46d2-b533-d1616e11bc16 is started using port 15075 for RATIS_ADMIN
2024-02-27 21:36:57,352 [71df5106-29e4-46d2-b533-d1616e11bc16-EndpointStateMachineTaskThread-/0.0.0.0:15064-0 ] INFO  ratis.XceiverServerRatis (XceiverServerRatis.java:getRealPort(592)) - XceiverServerRatis 71df5106-29e4-46d2-b533-d1616e11bc16 is started using port 15076 for RATIS_SERVER
2024-02-27 21:36:57,352 [71df5106-29e4-46d2-b533-d1616e11bc16-EndpointStateMachineTaskThread-/0.0.0.0:15064-0 ] INFO  ratis.XceiverServerRatis (XceiverServerRatis.java:getRealPort(592)) - XceiverServerRatis 71df5106-29e4-46d2-b533-d1616e11bc16 is started using port 15077 for RATIS_DATASTREAM
2024-02-27 21:36:57,352 [JvmPauseMonitor10] INFO  util.JvmPauseMonitor (JvmPauseMonitor.java:run(146)) - JvmPauseMonitor-71df5106-29e4-46d2-b533-d1616e11bc16: Started
2024-02-27 21:36:57,354 [71df5106-29e4-46d2-b533-d1616e11bc16-BlockDeletingService#0] INFO  interfaces.ContainerDeletionChoosingPolicyTemplate (ContainerDeletionChoosingPolicyTemplate.java:chooseContainerForBlockDeletion(85)) - Chosen 0/5000 blocks from 0 candidate containers.
2024-02-27 21:36:57,444 [e13e7e3b-b387-4fac-9683-3ea92427a7e8-EndpointStateMachineTaskThread-/0.0.0.0:15064-0 ] INFO  utils.DatanodeStoreCache (DatanodeStoreCache.java:addDB(72)) - Added db /home/runner/work/ozone/ozone/hadoop-ozone/integration-test/target/test-dir/MiniOzoneClusterImpl-075da85a-61fc-4f3b-aaa6-f3afee0da340/ozone-meta/datanode-2/data-0/hdds/075da85a-61fc-4f3b-aaa6-f3afee0da340/DS-1b4858d1-6d5f-47c3-8f44-4058ea9a21ce/container.db to cache
2024-02-27 21:36:57,444 [e13e7e3b-b387-4fac-9683-3ea92427a7e8-EndpointStateMachineTaskThread-/0.0.0.0:15064-0 ] INFO  volume.HddsVolume (HddsVolume.java:createDbStore(420)) - SchemaV3 db is created and loaded at /home/runner/work/ozone/ozone/hadoop-ozone/integration-test/target/test-dir/MiniOzoneClusterImpl-075da85a-61fc-4f3b-aaa6-f3afee0da340/ozone-meta/datanode-2/data-0/hdds/075da85a-61fc-4f3b-aaa6-f3afee0da340/DS-1b4858d1-6d5f-47c3-8f44-4058ea9a21ce/container.db for volume DS-1b4858d1-6d5f-47c3-8f44-4058ea9a21ce
2024-02-27 21:36:57,446 [e13e7e3b-b387-4fac-9683-3ea92427a7e8-ContainerReader-0] INFO  ozoneimpl.ContainerReader (ContainerReader.java:readVolume(148)) - Start to verify containers on volume /home/runner/work/ozone/ozone/hadoop-ozone/integration-test/target/test-dir/MiniOzoneClusterImpl-075da85a-61fc-4f3b-aaa6-f3afee0da340/ozone-meta/datanode-2/data-0/hdds
2024-02-27 21:36:57,446 [e13e7e3b-b387-4fac-9683-3ea92427a7e8-ContainerReader-0] INFO  ozoneimpl.ContainerReader (ContainerReader.java:readVolume(178)) - Finish verifying containers on volume /home/runner/work/ozone/ozone/hadoop-ozone/integration-test/target/test-dir/MiniOzoneClusterImpl-075da85a-61fc-4f3b-aaa6-f3afee0da340/ozone-meta/datanode-2/data-0/hdds
2024-02-27 21:36:57,446 [e13e7e3b-b387-4fac-9683-3ea92427a7e8-EndpointStateMachineTaskThread-/0.0.0.0:15064-0 ] INFO  ozoneimpl.OzoneContainer (OzoneContainer.java:buildContainerSet(328)) - Build ContainerSet costs 0s
2024-02-27 21:36:57,446 [e13e7e3b-b387-4fac-9683-3ea92427a7e8-EndpointStateMachineTaskThread-/0.0.0.0:15064-0 ] INFO  volume.ThrottledAsyncChecker (ThrottledAsyncChecker.java:schedule(141)) - Scheduling a check for /home/runner/work/ozone/ozone/hadoop-ozone/integration-test/target/test-dir/MiniOzoneClusterImpl-075da85a-61fc-4f3b-aaa6-f3afee0da340/ozone-meta/datanode-2/data-0/hdds
2024-02-27 21:36:57,447 [e13e7e3b-b387-4fac-9683-3ea92427a7e8-EndpointStateMachineTaskThread-/0.0.0.0:15064-0 ] INFO  volume.StorageVolumeChecker (StorageVolumeChecker.java:checkAllVolumes(218)) - Scheduled health check for volume /home/runner/work/ozone/ozone/hadoop-ozone/integration-test/target/test-dir/MiniOzoneClusterImpl-075da85a-61fc-4f3b-aaa6-f3afee0da340/ozone-meta/datanode-2/data-0/hdds
2024-02-27 21:36:57,448 [e13e7e3b-b387-4fac-9683-3ea92427a7e8-EndpointStateMachineTaskThread-/0.0.0.0:15064-0 ] INFO  volume.ThrottledAsyncChecker (ThrottledAsyncChecker.java:schedule(141)) - Scheduling a check for /home/runner/work/ozone/ozone/hadoop-ozone/integration-test/target/test-dir/MiniOzoneClusterImpl-075da85a-61fc-4f3b-aaa6-f3afee0da340/ozone-meta/datanode-2/ratis
2024-02-27 21:36:57,448 [e13e7e3b-b387-4fac-9683-3ea92427a7e8-EndpointStateMachineTaskThread-/0.0.0.0:15064-0 ] INFO  volume.StorageVolumeChecker (StorageVolumeChecker.java:checkAllVolumes(218)) - Scheduled health check for volume /home/runner/work/ozone/ozone/hadoop-ozone/integration-test/target/test-dir/MiniOzoneClusterImpl-075da85a-61fc-4f3b-aaa6-f3afee0da340/ozone-meta/datanode-2/ratis
2024-02-27 21:36:57,449 [e13e7e3b-b387-4fac-9683-3ea92427a7e8-EndpointStateMachineTaskThread-/0.0.0.0:15064-0 ] INFO  ozoneimpl.OzoneContainer (OzoneContainer.java:start(459)) - Attempting to start container services.
2024-02-27 21:36:57,449 [e13e7e3b-b387-4fac-9683-3ea92427a7e8-EndpointStateMachineTaskThread-/0.0.0.0:15064-0 ] INFO  ozoneimpl.OzoneContainer (OzoneContainer.java:startContainerScrub(339)) - Scheduled background container scanners and the on-demand container scanner have been disabled.
2024-02-27 21:36:57,450 [e13e7e3b-b387-4fac-9683-3ea92427a7e8-EndpointStateMachineTaskThread-/0.0.0.0:15064-0 ] INFO  replication.ReplicationServer (ReplicationServer.java:start(140)) - ReplicationServer is started using port 15087
2024-02-27 21:36:57,450 [e13e7e3b-b387-4fac-9683-3ea92427a7e8-EndpointStateMachineTaskThread-/0.0.0.0:15064-0 ] INFO  ratis.XceiverServerRatis (XceiverServerRatis.java:start(566)) - Starting XceiverServerRatis e13e7e3b-b387-4fac-9683-3ea92427a7e8
2024-02-27 21:36:57,450 [e13e7e3b-b387-4fac-9683-3ea92427a7e8-EndpointStateMachineTaskThread-/0.0.0.0:15064-0 ] INFO  server.RaftServer (RaftServerProxy.java:startImpl(406)) - e13e7e3b-b387-4fac-9683-3ea92427a7e8: start RPC server
2024-02-27 21:36:57,452 [e13e7e3b-b387-4fac-9683-3ea92427a7e8-EndpointStateMachineTaskThread-/0.0.0.0:15064-0 ] INFO  server.GrpcService (GrpcService.java:startImpl(302)) - e13e7e3b-b387-4fac-9683-3ea92427a7e8: GrpcService started, listening on 15083
2024-02-27 21:36:57,452 [e13e7e3b-b387-4fac-9683-3ea92427a7e8-EndpointStateMachineTaskThread-/0.0.0.0:15064-0 ] INFO  server.GrpcService (GrpcService.java:startImpl(302)) - e13e7e3b-b387-4fac-9683-3ea92427a7e8: GrpcService started, listening on 15085
2024-02-27 21:36:57,453 [e13e7e3b-b387-4fac-9683-3ea92427a7e8-EndpointStateMachineTaskThread-/0.0.0.0:15064-0 ] INFO  server.GrpcService (GrpcService.java:startImpl(302)) - e13e7e3b-b387-4fac-9683-3ea92427a7e8: GrpcService started, listening on 15084
2024-02-27 21:36:57,453 [e13e7e3b-b387-4fac-9683-3ea92427a7e8-EndpointStateMachineTaskThread-/0.0.0.0:15064-0 ] INFO  ratis.XceiverServerRatis (XceiverServerRatis.java:getRealPort(592)) - XceiverServerRatis e13e7e3b-b387-4fac-9683-3ea92427a7e8 is started using port 15083 for RATIS
2024-02-27 21:36:57,453 [JvmPauseMonitor11] INFO  util.JvmPauseMonitor (JvmPauseMonitor.java:run(146)) - JvmPauseMonitor-e13e7e3b-b387-4fac-9683-3ea92427a7e8: Started
2024-02-27 21:36:57,453 [e13e7e3b-b387-4fac-9683-3ea92427a7e8-EndpointStateMachineTaskThread-/0.0.0.0:15064-0 ] INFO  ratis.XceiverServerRatis (XceiverServerRatis.java:getRealPort(592)) - XceiverServerRatis e13e7e3b-b387-4fac-9683-3ea92427a7e8 is started using port 15084 for RATIS_ADMIN
2024-02-27 21:36:57,453 [e13e7e3b-b387-4fac-9683-3ea92427a7e8-EndpointStateMachineTaskThread-/0.0.0.0:15064-0 ] INFO  ratis.XceiverServerRatis (XceiverServerRatis.java:getRealPort(592)) - XceiverServerRatis e13e7e3b-b387-4fac-9683-3ea92427a7e8 is started using port 15085 for RATIS_SERVER
2024-02-27 21:36:57,453 [e13e7e3b-b387-4fac-9683-3ea92427a7e8-EndpointStateMachineTaskThread-/0.0.0.0:15064-0 ] INFO  ratis.XceiverServerRatis (XceiverServerRatis.java:getRealPort(592)) - XceiverServerRatis e13e7e3b-b387-4fac-9683-3ea92427a7e8 is started using port 15086 for RATIS_DATASTREAM
2024-02-27 21:36:57,460 [e13e7e3b-b387-4fac-9683-3ea92427a7e8-BlockDeletingService#0] INFO  interfaces.ContainerDeletionChoosingPolicyTemplate (ContainerDeletionChoosingPolicyTemplate.java:chooseContainerForBlockDeletion(85)) - Chosen 0/5000 blocks from 0 candidate containers.
2024-02-27 21:36:57,537 [main] INFO  ozone.MiniOzoneClusterImpl (MiniOzoneClusterImpl.java:lambda$waitForClusterToBeReady$0(195)) - Waiting for nodes to be ready. Got 0 of 3 DN Heartbeats.
2024-02-27 21:36:57,537 [main] INFO  ozone.MiniOzoneClusterImpl (MiniOzoneClusterImpl.java:lambda$waitForClusterToBeReady$0(198)) - Waiting for cluster to exit safe mode
2024-02-27 21:36:57,537 [main] INFO  ozone.MiniOzoneClusterImpl (MiniOzoneClusterImpl.java:lambda$waitForClusterToBeReady$0(200)) - SCM became leader
2024-02-27 21:36:57,560 [6d1988e6-d732-42b7-a0ee-62d3ca1ef2f1-EndpointStateMachineTaskThread-/0.0.0.0:15064-0 ] INFO  utils.DatanodeStoreCache (DatanodeStoreCache.java:addDB(72)) - Added db /home/runner/work/ozone/ozone/hadoop-ozone/integration-test/target/test-dir/MiniOzoneClusterImpl-075da85a-61fc-4f3b-aaa6-f3afee0da340/ozone-meta/datanode-3/data-0/hdds/075da85a-61fc-4f3b-aaa6-f3afee0da340/DS-cfa68d1b-8c71-412d-ad37-74cac7a788d2/container.db to cache
2024-02-27 21:36:57,561 [6d1988e6-d732-42b7-a0ee-62d3ca1ef2f1-EndpointStateMachineTaskThread-/0.0.0.0:15064-0 ] INFO  volume.HddsVolume (HddsVolume.java:createDbStore(420)) - SchemaV3 db is created and loaded at /home/runner/work/ozone/ozone/hadoop-ozone/integration-test/target/test-dir/MiniOzoneClusterImpl-075da85a-61fc-4f3b-aaa6-f3afee0da340/ozone-meta/datanode-3/data-0/hdds/075da85a-61fc-4f3b-aaa6-f3afee0da340/DS-cfa68d1b-8c71-412d-ad37-74cac7a788d2/container.db for volume DS-cfa68d1b-8c71-412d-ad37-74cac7a788d2
2024-02-27 21:36:57,562 [6d1988e6-d732-42b7-a0ee-62d3ca1ef2f1-ContainerReader-0] INFO  ozoneimpl.ContainerReader (ContainerReader.java:readVolume(148)) - Start to verify containers on volume /home/runner/work/ozone/ozone/hadoop-ozone/integration-test/target/test-dir/MiniOzoneClusterImpl-075da85a-61fc-4f3b-aaa6-f3afee0da340/ozone-meta/datanode-3/data-0/hdds
2024-02-27 21:36:57,562 [6d1988e6-d732-42b7-a0ee-62d3ca1ef2f1-ContainerReader-0] INFO  ozoneimpl.ContainerReader (ContainerReader.java:readVolume(178)) - Finish verifying containers on volume /home/runner/work/ozone/ozone/hadoop-ozone/integration-test/target/test-dir/MiniOzoneClusterImpl-075da85a-61fc-4f3b-aaa6-f3afee0da340/ozone-meta/datanode-3/data-0/hdds
2024-02-27 21:36:57,562 [6d1988e6-d732-42b7-a0ee-62d3ca1ef2f1-EndpointStateMachineTaskThread-/0.0.0.0:15064-0 ] INFO  ozoneimpl.OzoneContainer (OzoneContainer.java:buildContainerSet(328)) - Build ContainerSet costs 0s
2024-02-27 21:36:57,563 [6d1988e6-d732-42b7-a0ee-62d3ca1ef2f1-EndpointStateMachineTaskThread-/0.0.0.0:15064-0 ] INFO  volume.ThrottledAsyncChecker (ThrottledAsyncChecker.java:schedule(141)) - Scheduling a check for /home/runner/work/ozone/ozone/hadoop-ozone/integration-test/target/test-dir/MiniOzoneClusterImpl-075da85a-61fc-4f3b-aaa6-f3afee0da340/ozone-meta/datanode-3/data-0/hdds
2024-02-27 21:36:57,563 [6d1988e6-d732-42b7-a0ee-62d3ca1ef2f1-EndpointStateMachineTaskThread-/0.0.0.0:15064-0 ] INFO  volume.StorageVolumeChecker (StorageVolumeChecker.java:checkAllVolumes(218)) - Scheduled health check for volume /home/runner/work/ozone/ozone/hadoop-ozone/integration-test/target/test-dir/MiniOzoneClusterImpl-075da85a-61fc-4f3b-aaa6-f3afee0da340/ozone-meta/datanode-3/data-0/hdds
2024-02-27 21:36:57,564 [6d1988e6-d732-42b7-a0ee-62d3ca1ef2f1-EndpointStateMachineTaskThread-/0.0.0.0:15064-0 ] INFO  volume.ThrottledAsyncChecker (ThrottledAsyncChecker.java:schedule(141)) - Scheduling a check for /home/runner/work/ozone/ozone/hadoop-ozone/integration-test/target/test-dir/MiniOzoneClusterImpl-075da85a-61fc-4f3b-aaa6-f3afee0da340/ozone-meta/datanode-3/ratis
2024-02-27 21:36:57,565 [6d1988e6-d732-42b7-a0ee-62d3ca1ef2f1-EndpointStateMachineTaskThread-/0.0.0.0:15064-0 ] INFO  volume.StorageVolumeChecker (StorageVolumeChecker.java:checkAllVolumes(218)) - Scheduled health check for volume /home/runner/work/ozone/ozone/hadoop-ozone/integration-test/target/test-dir/MiniOzoneClusterImpl-075da85a-61fc-4f3b-aaa6-f3afee0da340/ozone-meta/datanode-3/ratis
2024-02-27 21:36:57,566 [6d1988e6-d732-42b7-a0ee-62d3ca1ef2f1-EndpointStateMachineTaskThread-/0.0.0.0:15064-0 ] INFO  ozoneimpl.OzoneContainer (OzoneContainer.java:start(459)) - Attempting to start container services.
2024-02-27 21:36:57,566 [6d1988e6-d732-42b7-a0ee-62d3ca1ef2f1-EndpointStateMachineTaskThread-/0.0.0.0:15064-0 ] INFO  ozoneimpl.OzoneContainer (OzoneContainer.java:startContainerScrub(339)) - Scheduled background container scanners and the on-demand container scanner have been disabled.
2024-02-27 21:36:57,566 [6d1988e6-d732-42b7-a0ee-62d3ca1ef2f1-EndpointStateMachineTaskThread-/0.0.0.0:15064-0 ] INFO  replication.ReplicationServer (ReplicationServer.java:start(140)) - ReplicationServer is started using port 15096
2024-02-27 21:36:57,566 [6d1988e6-d732-42b7-a0ee-62d3ca1ef2f1-EndpointStateMachineTaskThread-/0.0.0.0:15064-0 ] INFO  ratis.XceiverServerRatis (XceiverServerRatis.java:start(566)) - Starting XceiverServerRatis 6d1988e6-d732-42b7-a0ee-62d3ca1ef2f1
2024-02-27 21:36:57,567 [6d1988e6-d732-42b7-a0ee-62d3ca1ef2f1-EndpointStateMachineTaskThread-/0.0.0.0:15064-0 ] INFO  server.RaftServer (RaftServerProxy.java:startImpl(406)) - 6d1988e6-d732-42b7-a0ee-62d3ca1ef2f1: start RPC server
2024-02-27 21:36:57,567 [6d1988e6-d732-42b7-a0ee-62d3ca1ef2f1-EndpointStateMachineTaskThread-/0.0.0.0:15064-0 ] INFO  server.GrpcService (GrpcService.java:startImpl(302)) - 6d1988e6-d732-42b7-a0ee-62d3ca1ef2f1: GrpcService started, listening on 15092
2024-02-27 21:36:57,567 [6d1988e6-d732-42b7-a0ee-62d3ca1ef2f1-EndpointStateMachineTaskThread-/0.0.0.0:15064-0 ] INFO  server.GrpcService (GrpcService.java:startImpl(302)) - 6d1988e6-d732-42b7-a0ee-62d3ca1ef2f1: GrpcService started, listening on 15094
2024-02-27 21:36:57,568 [6d1988e6-d732-42b7-a0ee-62d3ca1ef2f1-EndpointStateMachineTaskThread-/0.0.0.0:15064-0 ] INFO  server.GrpcService (GrpcService.java:startImpl(302)) - 6d1988e6-d732-42b7-a0ee-62d3ca1ef2f1: GrpcService started, listening on 15093
2024-02-27 21:36:57,569 [6d1988e6-d732-42b7-a0ee-62d3ca1ef2f1-EndpointStateMachineTaskThread-/0.0.0.0:15064-0 ] INFO  ratis.XceiverServerRatis (XceiverServerRatis.java:getRealPort(592)) - XceiverServerRatis 6d1988e6-d732-42b7-a0ee-62d3ca1ef2f1 is started using port 15092 for RATIS
2024-02-27 21:36:57,569 [6d1988e6-d732-42b7-a0ee-62d3ca1ef2f1-EndpointStateMachineTaskThread-/0.0.0.0:15064-0 ] INFO  ratis.XceiverServerRatis (XceiverServerRatis.java:getRealPort(592)) - XceiverServerRatis 6d1988e6-d732-42b7-a0ee-62d3ca1ef2f1 is started using port 15093 for RATIS_ADMIN
2024-02-27 21:36:57,569 [6d1988e6-d732-42b7-a0ee-62d3ca1ef2f1-EndpointStateMachineTaskThread-/0.0.0.0:15064-0 ] INFO  ratis.XceiverServerRatis (XceiverServerRatis.java:getRealPort(592)) - XceiverServerRatis 6d1988e6-d732-42b7-a0ee-62d3ca1ef2f1 is started using port 15094 for RATIS_SERVER
2024-02-27 21:36:57,569 [6d1988e6-d732-42b7-a0ee-62d3ca1ef2f1-EndpointStateMachineTaskThread-/0.0.0.0:15064-0 ] INFO  ratis.XceiverServerRatis (XceiverServerRatis.java:getRealPort(592)) - XceiverServerRatis 6d1988e6-d732-42b7-a0ee-62d3ca1ef2f1 is started using port 15095 for RATIS_DATASTREAM
2024-02-27 21:36:57,569 [JvmPauseMonitor12] INFO  util.JvmPauseMonitor (JvmPauseMonitor.java:run(146)) - JvmPauseMonitor-6d1988e6-d732-42b7-a0ee-62d3ca1ef2f1: Started
2024-02-27 21:36:57,570 [6d1988e6-d732-42b7-a0ee-62d3ca1ef2f1-BlockDeletingService#0] INFO  interfaces.ContainerDeletionChoosingPolicyTemplate (ContainerDeletionChoosingPolicyTemplate.java:chooseContainerForBlockDeletion(85)) - Chosen 0/5000 blocks from 0 candidate containers.
2024-02-27 21:36:58,538 [main] INFO  ozone.MiniOzoneClusterImpl (MiniOzoneClusterImpl.java:lambda$waitForClusterToBeReady$0(195)) - Waiting for nodes to be ready. Got 0 of 3 DN Heartbeats.
2024-02-27 21:36:58,538 [main] INFO  ozone.MiniOzoneClusterImpl (MiniOzoneClusterImpl.java:lambda$waitForClusterToBeReady$0(198)) - Waiting for cluster to exit safe mode
2024-02-27 21:36:58,538 [main] INFO  ozone.MiniOzoneClusterImpl (MiniOzoneClusterImpl.java:lambda$waitForClusterToBeReady$0(200)) - SCM became leader
2024-02-27 21:36:59,317 [IPC Server handler 0 on default port 15064] INFO  net.NetworkTopologyImpl (NetworkTopologyImpl.java:add(124)) - Added a new node: /default-rack/71df5106-29e4-46d2-b533-d1616e11bc16
2024-02-27 21:36:59,317 [IPC Server handler 0 on default port 15064] INFO  node.SCMNodeManager (SCMNodeManager.java:register(421)) - Registered datanode: 71df5106-29e4-46d2-b533-d1616e11bc16{ip: 10.1.0.18, host: fv-az531-651.fb1yufaac5hu3gd5gtxiz42tfh.cx.internal.cloudapp.net, ports: [HTTP=15071, CLIENT_RPC=15072, REPLICATION=15078, RATIS=15074, RATIS_ADMIN=15075, RATIS_SERVER=15076, RATIS_DATASTREAM=15077, STANDALONE=15073], networkLocation: /default-rack, certSerialId: null, persistedOpState: null, persistedOpStateExpiryEpochSec: 0}
2024-02-27 21:36:59,319 [EventQueue-NewNodeForNewNodeHandler] INFO  pipeline.BackgroundPipelineCreator (BackgroundPipelineCreator.java:notifyEventTriggered(280)) - trigger a one-shot run on RatisPipelineUtilsThread.
2024-02-27 21:36:59,319 [EventQueue-NodeRegistrationContainerReportForDataNodeSafeModeRule] INFO  safemode.SCMSafeModeManager (DataNodeSafeModeRule.java:process(71)) - SCM in safe mode. 1 DataNodes registered, 3 required.
2024-02-27 21:36:59,319 [EventQueue-NodeRegistrationContainerReportForContainerSafeModeRule] INFO  safemode.SCMSafeModeManager (SCMSafeModeManager.java:validateSafeModeExitRules(200)) - ContainerSafeModeRule rule is successfully validated
2024-02-27 21:36:59,320 [RatisPipelineUtilsThread-0] INFO  pipeline.RatisPipelineProvider (RatisPipelineProvider.java:lambda$create$0(205)) - Sending CreatePipelineCommand for pipeline:PipelineID=700f6e37-451b-4f16-9988-9e197e4f483b to datanode:71df5106-29e4-46d2-b533-d1616e11bc16
2024-02-27 21:36:59,321 [EventQueue-PipelineReportForOneReplicaPipelineSafeModeRule] INFO  safemode.SCMSafeModeManager (SCMSafeModeManager.java:validateSafeModeExitRules(200)) - AtleastOneDatanodeReportedRule rule is successfully validated
2024-02-27 21:36:59,321 [RatisPipelineUtilsThread-0] INFO  pipeline.BackgroundPipelineCreator (BackgroundPipelineCreator.java:createPipelines(236)) - Created new pipeline Pipeline[ Id: 700f6e37-451b-4f16-9988-9e197e4f483b, Nodes: 71df5106-29e4-46d2-b533-d1616e11bc16(fv-az531-651.fb1yufaac5hu3gd5gtxiz42tfh.cx.internal.cloudapp.net/10.1.0.18), ReplicationConfig: RATIS/ONE, State:ALLOCATED, leaderId:, CreationTimestamp2024-02-27T21:36:59.320Z[Etc/UTC]]
2024-02-27 21:36:59,424 [IPC Server handler 2 on default port 15064] INFO  net.NetworkTopologyImpl (NetworkTopologyImpl.java:add(124)) - Added a new node: /default-rack/e13e7e3b-b387-4fac-9683-3ea92427a7e8
2024-02-27 21:36:59,424 [IPC Server handler 2 on default port 15064] INFO  node.SCMNodeManager (SCMNodeManager.java:register(421)) - Registered datanode: e13e7e3b-b387-4fac-9683-3ea92427a7e8{ip: 10.1.0.18, host: fv-az531-651.fb1yufaac5hu3gd5gtxiz42tfh.cx.internal.cloudapp.net, ports: [HTTP=15080, CLIENT_RPC=15081, REPLICATION=15087, RATIS=15083, RATIS_ADMIN=15084, RATIS_SERVER=15085, RATIS_DATASTREAM=15086, STANDALONE=15082], networkLocation: /default-rack, certSerialId: null, persistedOpState: null, persistedOpStateExpiryEpochSec: 0}
2024-02-27 21:36:59,425 [EventQueue-NodeRegistrationContainerReportForDataNodeSafeModeRule] INFO  safemode.SCMSafeModeManager (DataNodeSafeModeRule.java:process(71)) - SCM in safe mode. 2 DataNodes registered, 3 required.
2024-02-27 21:36:59,425 [EventQueue-NewNodeForNewNodeHandler] INFO  pipeline.BackgroundPipelineCreator (BackgroundPipelineCreator.java:notifyEventTriggered(280)) - trigger a one-shot run on RatisPipelineUtilsThread.
2024-02-27 21:36:59,426 [RatisPipelineUtilsThread-0] INFO  pipeline.RatisPipelineProvider (RatisPipelineProvider.java:lambda$create$0(205)) - Sending CreatePipelineCommand for pipeline:PipelineID=579db771-9598-4b39-84fa-7c3cb0869e93 to datanode:e13e7e3b-b387-4fac-9683-3ea92427a7e8
2024-02-27 21:36:59,427 [RatisPipelineUtilsThread-0] INFO  pipeline.BackgroundPipelineCreator (BackgroundPipelineCreator.java:createPipelines(236)) - Created new pipeline Pipeline[ Id: 579db771-9598-4b39-84fa-7c3cb0869e93, Nodes: e13e7e3b-b387-4fac-9683-3ea92427a7e8(fv-az531-651.fb1yufaac5hu3gd5gtxiz42tfh.cx.internal.cloudapp.net/10.1.0.18), ReplicationConfig: RATIS/ONE, State:ALLOCATED, leaderId:, CreationTimestamp2024-02-27T21:36:59.426Z[Etc/UTC]]
2024-02-27 21:36:59,538 [main] INFO  ozone.MiniOzoneClusterImpl (MiniOzoneClusterImpl.java:lambda$waitForClusterToBeReady$0(195)) - Waiting for nodes to be ready. Got 2 of 3 DN Heartbeats.
2024-02-27 21:36:59,538 [main] INFO  ozone.MiniOzoneClusterImpl (MiniOzoneClusterImpl.java:lambda$waitForClusterToBeReady$0(198)) - Waiting for cluster to exit safe mode
2024-02-27 21:36:59,538 [main] INFO  ozone.MiniOzoneClusterImpl (MiniOzoneClusterImpl.java:lambda$waitForClusterToBeReady$0(200)) - SCM became leader
2024-02-27 21:36:59,540 [IPC Server handler 3 on default port 15064] INFO  net.NetworkTopologyImpl (NetworkTopologyImpl.java:add(124)) - Added a new node: /default-rack/6d1988e6-d732-42b7-a0ee-62d3ca1ef2f1
2024-02-27 21:36:59,540 [IPC Server handler 3 on default port 15064] INFO  node.SCMNodeManager (SCMNodeManager.java:register(421)) - Registered datanode: 6d1988e6-d732-42b7-a0ee-62d3ca1ef2f1{ip: 10.1.0.18, host: fv-az531-651.fb1yufaac5hu3gd5gtxiz42tfh.cx.internal.cloudapp.net, ports: [HTTP=15089, CLIENT_RPC=15090, REPLICATION=15096, RATIS=15092, RATIS_ADMIN=15093, RATIS_SERVER=15094, RATIS_DATASTREAM=15095, STANDALONE=15091], networkLocation: /default-rack, certSerialId: null, persistedOpState: null, persistedOpStateExpiryEpochSec: 0}
2024-02-27 21:36:59,540 [EventQueue-NewNodeForNewNodeHandler] INFO  pipeline.BackgroundPipelineCreator (BackgroundPipelineCreator.java:notifyEventTriggered(280)) - trigger a one-shot run on RatisPipelineUtilsThread.
2024-02-27 21:36:59,541 [EventQueue-NodeRegistrationContainerReportForDataNodeSafeModeRule] INFO  safemode.SCMSafeModeManager (DataNodeSafeModeRule.java:process(71)) - SCM in safe mode. 3 DataNodes registered, 3 required.
2024-02-27 21:36:59,541 [EventQueue-NodeRegistrationContainerReportForDataNodeSafeModeRule] INFO  safemode.SCMSafeModeManager (SCMSafeModeManager.java:validateSafeModeExitRules(200)) - DataNodeSafeModeRule rule is successfully validated
2024-02-27 21:36:59,541 [EventQueue-NodeRegistrationContainerReportForDataNodeSafeModeRule] INFO  safemode.SCMSafeModeManager (SCMSafeModeManager.java:completePreCheck(229)) - All SCM safe mode pre check rules have passed
2024-02-27 21:36:59,541 [RatisPipelineUtilsThread-0] INFO  pipeline.RatisPipelineProvider (RatisPipelineProvider.java:lambda$create$0(205)) - Sending CreatePipelineCommand for pipeline:PipelineID=971eb6a1-a86e-412f-b85a-28b75bc60a14 to datanode:6d1988e6-d732-42b7-a0ee-62d3ca1ef2f1
2024-02-27 21:36:59,541 [EventQueue-NodeRegistrationContainerReportForDataNodeSafeModeRule] INFO  ha.SCMContext (SCMContext.java:updateSafeModeStatus(225)) - Update SafeModeStatus from SafeModeStatus{safeModeStatus=true, preCheckPassed=false} to SafeModeStatus{safeModeStatus=true, preCheckPassed=true}.
2024-02-27 21:36:59,541 [EventQueue-NodeRegistrationContainerReportForDataNodeSafeModeRule] INFO  pipeline.BackgroundPipelineCreator (BackgroundPipelineCreator.java:notifyEventTriggered(280)) - trigger a one-shot run on RatisPipelineUtilsThread.
2024-02-27 21:36:59,542 [RatisPipelineUtilsThread-0] INFO  pipeline.BackgroundPipelineCreator (BackgroundPipelineCreator.java:createPipelines(236)) - Created new pipeline Pipeline[ Id: 971eb6a1-a86e-412f-b85a-28b75bc60a14, Nodes: 6d1988e6-d732-42b7-a0ee-62d3ca1ef2f1(fv-az531-651.fb1yufaac5hu3gd5gtxiz42tfh.cx.internal.cloudapp.net/10.1.0.18), ReplicationConfig: RATIS/ONE, State:ALLOCATED, leaderId:, CreationTimestamp2024-02-27T21:36:59.541Z[Etc/UTC]]
2024-02-27 21:36:59,542 [RatisPipelineUtilsThread-0] INFO  pipeline.RatisPipelineProvider (RatisPipelineProvider.java:lambda$create$0(205)) - Sending CreatePipelineCommand for pipeline:PipelineID=65c74a8d-5a7c-4552-b886-ee311a528b4f to datanode:e13e7e3b-b387-4fac-9683-3ea92427a7e8
2024-02-27 21:36:59,542 [RatisPipelineUtilsThread-0] INFO  pipeline.RatisPipelineProvider (RatisPipelineProvider.java:lambda$create$0(205)) - Sending CreatePipelineCommand for pipeline:PipelineID=65c74a8d-5a7c-4552-b886-ee311a528b4f to datanode:71df5106-29e4-46d2-b533-d1616e11bc16
2024-02-27 21:36:59,542 [RatisPipelineUtilsThread-0] INFO  pipeline.RatisPipelineProvider (RatisPipelineProvider.java:lambda$create$0(205)) - Sending CreatePipelineCommand for pipeline:PipelineID=65c74a8d-5a7c-4552-b886-ee311a528b4f to datanode:6d1988e6-d732-42b7-a0ee-62d3ca1ef2f1
2024-02-27 21:36:59,543 [RatisPipelineUtilsThread-0] INFO  pipeline.BackgroundPipelineCreator (BackgroundPipelineCreator.java:createPipelines(236)) - Created new pipeline Pipeline[ Id: 65c74a8d-5a7c-4552-b886-ee311a528b4f, Nodes: e13e7e3b-b387-4fac-9683-3ea92427a7e8(fv-az531-651.fb1yufaac5hu3gd5gtxiz42tfh.cx.internal.cloudapp.net/10.1.0.18)71df5106-29e4-46d2-b533-d1616e11bc16(fv-az531-651.fb1yufaac5hu3gd5gtxiz42tfh.cx.internal.cloudapp.net/10.1.0.18)6d1988e6-d732-42b7-a0ee-62d3ca1ef2f1(fv-az531-651.fb1yufaac5hu3gd5gtxiz42tfh.cx.internal.cloudapp.net/10.1.0.18), ReplicationConfig: RATIS/THREE, State:ALLOCATED, leaderId:, CreationTimestamp2024-02-27T21:36:59.542Z[Etc/UTC]]
2024-02-27 21:36:59,544 [RatisPipelineUtilsThread-0] INFO  pipeline.RatisPipelineProvider (RatisPipelineProvider.java:lambda$create$0(205)) - Sending CreatePipelineCommand for pipeline:PipelineID=20419fbb-d945-4096-ad99-59e1f7e51cdf to datanode:e13e7e3b-b387-4fac-9683-3ea92427a7e8
2024-02-27 21:36:59,544 [RatisPipelineUtilsThread-0] INFO  pipeline.RatisPipelineProvider (RatisPipelineProvider.java:lambda$create$0(205)) - Sending CreatePipelineCommand for pipeline:PipelineID=20419fbb-d945-4096-ad99-59e1f7e51cdf to datanode:71df5106-29e4-46d2-b533-d1616e11bc16
2024-02-27 21:36:59,544 [RatisPipelineUtilsThread-0] INFO  pipeline.RatisPipelineProvider (RatisPipelineProvider.java:lambda$create$0(205)) - Sending CreatePipelineCommand for pipeline:PipelineID=20419fbb-d945-4096-ad99-59e1f7e51cdf to datanode:6d1988e6-d732-42b7-a0ee-62d3ca1ef2f1
2024-02-27 21:36:59,544 [RatisPipelineUtilsThread-0] INFO  pipeline.PipelineManagerImpl (PipelineManagerImpl.java:recordMetricsForPipeline(916)) - Pipeline: PipelineID=20419fbb-d945-4096-ad99-59e1f7e51cdf contains same datanodes as previous pipelines: PipelineID=65c74a8d-5a7c-4552-b886-ee311a528b4f nodeIds: e13e7e3b-b387-4fac-9683-3ea92427a7e8, 71df5106-29e4-46d2-b533-d1616e11bc16, 6d1988e6-d732-42b7-a0ee-62d3ca1ef2f1
2024-02-27 21:36:59,544 [RatisPipelineUtilsThread-0] INFO  pipeline.BackgroundPipelineCreator (BackgroundPipelineCreator.java:createPipelines(236)) - Created new pipeline Pipeline[ Id: 20419fbb-d945-4096-ad99-59e1f7e51cdf, Nodes: e13e7e3b-b387-4fac-9683-3ea92427a7e8(fv-az531-651.fb1yufaac5hu3gd5gtxiz42tfh.cx.internal.cloudapp.net/10.1.0.18)71df5106-29e4-46d2-b533-d1616e11bc16(fv-az531-651.fb1yufaac5hu3gd5gtxiz42tfh.cx.internal.cloudapp.net/10.1.0.18)6d1988e6-d732-42b7-a0ee-62d3ca1ef2f1(fv-az531-651.fb1yufaac5hu3gd5gtxiz42tfh.cx.internal.cloudapp.net/10.1.0.18), ReplicationConfig: RATIS/THREE, State:ALLOCATED, leaderId:, CreationTimestamp2024-02-27T21:36:59.544Z[Etc/UTC]]
2024-02-27 21:37:00,539 [main] INFO  ozone.MiniOzoneClusterImpl (MiniOzoneClusterImpl.java:lambda$waitForClusterToBeReady$0(195)) - Nodes are ready. Got 3 of 3 DN Heartbeats.
2024-02-27 21:37:00,539 [main] INFO  ozone.MiniOzoneClusterImpl (MiniOzoneClusterImpl.java:lambda$waitForClusterToBeReady$0(198)) - Waiting for cluster to exit safe mode
2024-02-27 21:37:00,539 [main] INFO  ozone.MiniOzoneClusterImpl (MiniOzoneClusterImpl.java:lambda$waitForClusterToBeReady$0(200)) - SCM became leader
2024-02-27 21:37:01,539 [main] INFO  ozone.MiniOzoneClusterImpl (MiniOzoneClusterImpl.java:lambda$waitForClusterToBeReady$0(195)) - Nodes are ready. Got 3 of 3 DN Heartbeats.
2024-02-27 21:37:01,540 [main] INFO  ozone.MiniOzoneClusterImpl (MiniOzoneClusterImpl.java:lambda$waitForClusterToBeReady$0(198)) - Waiting for cluster to exit safe mode
2024-02-27 21:37:01,540 [main] INFO  ozone.MiniOzoneClusterImpl (MiniOzoneClusterImpl.java:lambda$waitForClusterToBeReady$0(200)) - SCM became leader
2024-02-27 21:37:02,317 [71df5106-29e4-46d2-b533-d1616e11bc16-PipelineCommandHandlerThread-0] INFO  server.RaftServer (RaftServerProxy.java:addNew(100)) - 71df5106-29e4-46d2-b533-d1616e11bc16: addNew group-9E197E4F483B:[71df5106-29e4-46d2-b533-d1616e11bc16|10.1.0.18:15076] returns group-9E197E4F483B:java.util.concurrent.CompletableFuture@2a60e9ea[Not completed]
2024-02-27 21:37:02,318 [71df5106-29e4-46d2-b533-d1616e11bc16-groupManagement] INFO  server.RaftServer$Division (RaftServerImpl.java:<init>(256)) - 71df5106-29e4-46d2-b533-d1616e11bc16: new RaftServerImpl for group-9E197E4F483B:[71df5106-29e4-46d2-b533-d1616e11bc16|10.1.0.18:15076] with ContainerStateMachine:uninitialized
2024-02-27 21:37:02,318 [71df5106-29e4-46d2-b533-d1616e11bc16-groupManagement] INFO  server.RaftServerConfigKeys (ConfUtils.java:logGet(46)) - raft.server.rpc.timeout.min = 5s (custom)
2024-02-27 21:37:02,318 [71df5106-29e4-46d2-b533-d1616e11bc16-groupManagement] INFO  server.RaftServerConfigKeys (ConfUtils.java:logGet(46)) - raft.server.rpc.timeout.max = 5200ms (custom)
2024-02-27 21:37:02,318 [71df5106-29e4-46d2-b533-d1616e11bc16-groupManagement] INFO  server.RaftServerConfigKeys (ConfUtils.java:logGet(46)) - raft.server.rpc.sleep.time = 25ms (default)
2024-02-27 21:37:02,318 [71df5106-29e4-46d2-b533-d1616e11bc16-groupManagement] INFO  server.RaftServerConfigKeys (ConfUtils.java:logGet(46)) - raft.server.rpc.slowness.timeout = 300s (custom)
2024-02-27 21:37:02,318 [71df5106-29e4-46d2-b533-d1616e11bc16-groupManagement] INFO  server.RaftServerConfigKeys (ConfUtils.java:logGet(46)) - raft.server.leaderelection.leader.step-down.wait-time = 10s (default)
2024-02-27 21:37:02,318 [71df5106-29e4-46d2-b533-d1616e11bc16-groupManagement] INFO  server.RaftServerConfigKeys (ConfUtils.java:logGet(46)) - raft.server.leaderelection.member.majority-add = false (default)
2024-02-27 21:37:02,318 [71df5106-29e4-46d2-b533-d1616e11bc16-groupManagement] INFO  server.RaftServerConfigKeys (ConfUtils.java:logGet(46)) - raft.server.sleep.deviation.threshold = 300ms (default)
2024-02-27 21:37:02,318 [71df5106-29e4-46d2-b533-d1616e11bc16-groupManagement] INFO  server.RaftServer$Division (ServerState.java:<init>(113)) - 71df5106-29e4-46d2-b533-d1616e11bc16@group-9E197E4F483B: ConfigurationManager, init=-1: peers:[71df5106-29e4-46d2-b533-d1616e11bc16|10.1.0.18:15076]|listeners:[], old=null, confs=<EMPTY_MAP>
2024-02-27 21:37:02,318 [71df5106-29e4-46d2-b533-d1616e11bc16-groupManagement] INFO  server.RaftServerConfigKeys (ConfUtils.java:logGet(46)) - raft.server.notification.no-leader.timeout = 300s (custom)
2024-02-27 21:37:02,318 [71df5106-29e4-46d2-b533-d1616e11bc16-groupManagement] INFO  server.RaftServerConfigKeys (ConfUtils.java:logGet(46)) - raft.server.read.timeout = 10s (default)
2024-02-27 21:37:02,318 [71df5106-29e4-46d2-b533-d1616e11bc16-groupManagement] INFO  server.RaftServerConfigKeys (ConfUtils.java:logGet(46)) - raft.server.retrycache.expirytime = 600000ms (custom)
2024-02-27 21:37:02,318 [71df5106-29e4-46d2-b533-d1616e11bc16-groupManagement] INFO  server.RaftServerConfigKeys (ConfUtils.java:logGet(46)) - raft.server.retrycache.statistics.expirytime = 100ms (default)
2024-02-27 21:37:02,318 [71df5106-29e4-46d2-b533-d1616e11bc16-groupManagement] INFO  server.RaftServerConfigKeys (ConfUtils.java:logGet(46)) - raft.server.read.option = DEFAULT (default)
2024-02-27 21:37:02,318 [71df5106-29e4-46d2-b533-d1616e11bc16-groupManagement] INFO  server.RaftServerConfigKeys (ConfUtils.java:logGet(46)) - raft.server.read.read-after-write-consistent.write-index-cache.expiry-time = 60s (default)
2024-02-27 21:37:02,319 [71df5106-29e4-46d2-b533-d1616e11bc16-groupManagement] INFO  server.RaftServerConfigKeys (ConfUtils.java:logGet(46)) - raft.server.rpc.request.timeout = 60s (custom)
2024-02-27 21:37:02,319 [71df5106-29e4-46d2-b533-d1616e11bc16-groupManagement] INFO  server.RaftServerConfigKeys (ConfUtils.java:logGet(46)) - raft.server.log.appender.install.snapshot.enabled = false (custom)
2024-02-27 21:37:02,320 [71df5106-29e4-46d2-b533-d1616e11bc16-groupManagement] INFO  server.RaftServerConfigKeys (ConfUtils.java:logGet(46)) - raft.server.threadpool.server.cached = true (default)
2024-02-27 21:37:02,320 [71df5106-29e4-46d2-b533-d1616e11bc16-groupManagement] INFO  server.RaftServerConfigKeys (ConfUtils.java:logGet(46)) - raft.server.threadpool.server.size = 0 (default)
2024-02-27 21:37:02,320 [71df5106-29e4-46d2-b533-d1616e11bc16-groupManagement] INFO  server.RaftServerConfigKeys (ConfUtils.java:logGet(46)) - raft.server.threadpool.client.cached = true (default)
2024-02-27 21:37:02,320 [71df5106-29e4-46d2-b533-d1616e11bc16-groupManagement] INFO  server.RaftServerConfigKeys (ConfUtils.java:logGet(46)) - raft.server.threadpool.client.size = 0 (default)
2024-02-27 21:37:02,320 [71df5106-29e4-46d2-b533-d1616e11bc16-groupManagement] INFO  server.RaftServerConfigKeys (ConfUtils.java:logGet(46)) - raft.server.storage.free-space.min = 0MB (=0) (default)
2024-02-27 21:37:02,320 [71df5106-29e4-46d2-b533-d1616e11bc16-groupManagement] INFO  server.RaftServerConfigKeys (ConfUtils.java:logGet(46)) - raft.server.log.corruption.policy = EXCEPTION (default)
2024-02-27 21:37:02,320 [71df5106-29e4-46d2-b533-d1616e11bc16-groupManagement] INFO  server.RaftServerConfigKeys (ConfUtils.java:logGet(46)) - raft.server.storage.dir = [/home/runner/work/ozone/ozone/hadoop-ozone/integration-test/target/test-dir/MiniOzoneClusterImpl-075da85a-61fc-4f3b-aaa6-f3afee0da340/ozone-meta/datanode-1/ratis] (custom)
2024-02-27 21:37:02,320 [71df5106-29e4-46d2-b533-d1616e11bc16-groupManagement] INFO  storage.RaftStorageDirectory (RaftStorageDirectoryImpl.java:analyzeStorage(138)) - The storage directory /home/runner/work/ozone/ozone/hadoop-ozone/integration-test/target/test-dir/MiniOzoneClusterImpl-075da85a-61fc-4f3b-aaa6-f3afee0da340/ozone-meta/datanode-1/ratis/700f6e37-451b-4f16-9988-9e197e4f483b does not exist. Creating ...
2024-02-27 21:37:02,321 [71df5106-29e4-46d2-b533-d1616e11bc16-groupManagement] INFO  storage.RaftStorageDirectory (RaftStorageDirectoryImpl.java:tryLock(228)) - Lock on /home/runner/work/ozone/ozone/hadoop-ozone/integration-test/target/test-dir/MiniOzoneClusterImpl-075da85a-61fc-4f3b-aaa6-f3afee0da340/ozone-meta/datanode-1/ratis/700f6e37-451b-4f16-9988-9e197e4f483b/in_use.lock acquired by nodename 32143@fv-az531-651
2024-02-27 21:37:02,322 [71df5106-29e4-46d2-b533-d1616e11bc16-groupManagement] INFO  storage.RaftStorage (RaftStorageImpl.java:format(99)) - Storage directory /home/runner/work/ozone/ozone/hadoop-ozone/integration-test/target/test-dir/MiniOzoneClusterImpl-075da85a-61fc-4f3b-aaa6-f3afee0da340/ozone-meta/datanode-1/ratis/700f6e37-451b-4f16-9988-9e197e4f483b has been successfully formatted.
2024-02-27 21:37:02,322 [71df5106-29e4-46d2-b533-d1616e11bc16-groupManagement] WARN  util.FileUtils (LogUtils.java:supplyAndLog(63)) - Failed to Files.newInputStream /home/runner/work/ozone/ozone/hadoop-ozone/integration-test/target/test-dir/MiniOzoneClusterImpl-075da85a-61fc-4f3b-aaa6-f3afee0da340/ozone-meta/datanode-1/ratis/700f6e37-451b-4f16-9988-9e197e4f483b/current/raft-meta.conf with options []: java.nio.file.NoSuchFileException: /home/runner/work/ozone/ozone/hadoop-ozone/integration-test/target/test-dir/MiniOzoneClusterImpl-075da85a-61fc-4f3b-aaa6-f3afee0da340/ozone-meta/datanode-1/ratis/700f6e37-451b-4f16-9988-9e197e4f483b/current/raft-meta.conf
2024-02-27 21:37:02,323 [71df5106-29e4-46d2-b533-d1616e11bc16-groupManagement] INFO  ratis.ContainerStateMachine (ContainerStateMachine.java:loadSnapshot(287)) - group-9E197E4F483B: The snapshot info is null. Setting the last applied index to:(t:0, i:~)
2024-02-27 21:37:02,323 [71df5106-29e4-46d2-b533-d1616e11bc16-groupManagement] INFO  server.RaftServerConfigKeys (ConfUtils.java:logGet(46)) - raft.server.log.use.memory = false (default)
2024-02-27 21:37:02,323 [71df5106-29e4-46d2-b533-d1616e11bc16-groupManagement] INFO  server.RaftServerConfigKeys (ConfUtils.java:logGet(46)) - raft.server.log.purge.gap = 1000000 (custom)
2024-02-27 21:37:02,323 [71df5106-29e4-46d2-b533-d1616e11bc16-groupManagement] INFO  server.RaftServerConfigKeys (ConfUtils.java:logGet(46)) - raft.server.log.appender.buffer.byte-limit = 8388608 (custom)
2024-02-27 21:37:02,323 [71df5106-29e4-46d2-b533-d1616e11bc16-groupManagement] INFO  server.RaftServerConfigKeys (ConfUtils.java:logGet(46)) - raft.server.log.statemachine.data.read.timeout = 1000ms (default)
2024-02-27 21:37:02,323 [71df5106-29e4-46d2-b533-d1616e11bc16-groupManagement] INFO  server.RaftServerConfigKeys (ConfUtils.java:logGet(46)) - raft.server.log.purge.preservation.log.num = 0 (default)
2024-02-27 21:37:02,324 [71df5106-29e4-46d2-b533-d1616e11bc16-groupManagement] INFO  server.RaftServerConfigKeys (ConfUtils.java:logGet(46)) - raft.server.log.segment.size.max = 67108864 (custom)
2024-02-27 21:37:02,324 [71df5106-29e4-46d2-b533-d1616e11bc16-groupManagement] INFO  server.RaftServerConfigKeys (ConfUtils.java:logGet(46)) - raft.server.log.segment.cache.num.max = 2 (custom)
2024-02-27 21:37:02,324 [71df5106-29e4-46d2-b533-d1616e11bc16-groupManagement] INFO  server.RaftServerConfigKeys (ConfUtils.java:logGet(46)) - raft.server.log.segment.cache.size.max = 200MB (=209715200) (default)
2024-02-27 21:37:02,325 [71df5106-29e4-46d2-b533-d1616e11bc16-groupManagement] INFO  server.RaftServerConfigKeys (ConfUtils.java:logGet(46)) - raft.server.log.appender.buffer.byte-limit = 8388608 (custom)
2024-02-27 21:37:02,325 [71df5106-29e4-46d2-b533-d1616e11bc16-groupManagement] INFO  util.AwaitToRun (AwaitToRun.java:start(81)) - Thread[71df5106-29e4-46d2-b533-d1616e11bc16@group-9E197E4F483B-cacheEviction-AwaitToRun,5,main] started
2024-02-27 21:37:02,325 [71df5106-29e4-46d2-b533-d1616e11bc16-groupManagement] INFO  segmented.SegmentedRaftLogWorker (SegmentedRaftLogWorker.java:<init>(182)) - new 71df5106-29e4-46d2-b533-d1616e11bc16@group-9E197E4F483B-SegmentedRaftLogWorker for RaftStorageImpl:Storage Directory /home/runner/work/ozone/ozone/hadoop-ozone/integration-test/target/test-dir/MiniOzoneClusterImpl-075da85a-61fc-4f3b-aaa6-f3afee0da340/ozone-meta/datanode-1/ratis/700f6e37-451b-4f16-9988-9e197e4f483b
2024-02-27 21:37:02,325 [71df5106-29e4-46d2-b533-d1616e11bc16-groupManagement] INFO  server.RaftServerConfigKeys (ConfUtils.java:logGet(46)) - raft.server.log.queue.byte-limit = 4294967296 (custom)
2024-02-27 21:37:02,325 [71df5106-29e4-46d2-b533-d1616e11bc16-groupManagement] INFO  server.RaftServerConfigKeys (ConfUtils.java:logGet(46)) - raft.server.log.queue.element-limit = 1024 (custom)
2024-02-27 21:37:02,325 [71df5106-29e4-46d2-b533-d1616e11bc16-groupManagement] INFO  server.RaftServerConfigKeys (ConfUtils.java:logGet(46)) - raft.server.log.segment.size.max = 67108864 (custom)
2024-02-27 21:37:02,325 [71df5106-29e4-46d2-b533-d1616e11bc16-groupManagement] INFO  server.RaftServerConfigKeys (ConfUtils.java:logGet(46)) - raft.server.log.preallocated.size = 4194304 (custom)
2024-02-27 21:37:02,325 [EventQueue-PipelineReportForPipelineReportHandler] INFO  pipeline.PipelineReportHandler (PipelineReportHandler.java:processPipelineReport(136)) - Opened pipeline PipelineID=700f6e37-451b-4f16-9988-9e197e4f483b
2024-02-27 21:37:02,325 [71df5106-29e4-46d2-b533-d1616e11bc16-groupManagement] INFO  server.RaftServerConfigKeys (ConfUtils.java:logGet(46)) - raft.server.log.force.sync.num = 128 (default)
2024-02-27 21:37:02,326 [71df5106-29e4-46d2-b533-d1616e11bc16-groupManagement] INFO  server.RaftServerConfigKeys (ConfUtils.java:logGet(46)) - raft.server.log.statemachine.data.sync = true (default)
2024-02-27 21:37:02,326 [71df5106-29e4-46d2-b533-d1616e11bc16-groupManagement] INFO  server.RaftServerConfigKeys (ConfUtils.java:logGet(46)) - raft.server.log.statemachine.data.sync.timeout = 10s (default)
2024-02-27 21:37:02,326 [EventQueue-OpenPipelineForHealthyPipelineSafeModeRule] INFO  safemode.SCMSafeModeManager (HealthyPipelineSafeModeRule.java:process(140)) - SCM in safe mode. Healthy pipelines reported count is 0, required healthy pipeline reported count is 1
2024-02-27 21:37:02,327 [71df5106-29e4-46d2-b533-d1616e11bc16-groupManagement] INFO  server.RaftServerConfigKeys (ConfUtils.java:logGet(46)) - raft.server.log.statemachine.data.sync.timeout.retry = 0 (custom)
2024-02-27 21:37:02,327 [71df5106-29e4-46d2-b533-d1616e11bc16-groupManagement] INFO  server.RaftServerConfigKeys (ConfUtils.java:logGet(46)) - raft.server.log.write.buffer.size = 8388616 (custom)
2024-02-27 21:37:02,328 [71df5106-29e4-46d2-b533-d1616e11bc16-groupManagement] INFO  server.RaftServerConfigKeys (ConfUtils.java:logGet(46)) - raft.server.log.appender.buffer.byte-limit = 8388608 (custom)
2024-02-27 21:37:02,328 [71df5106-29e4-46d2-b533-d1616e11bc16-groupManagement] INFO  server.RaftServerConfigKeys (ConfUtils.java:logGet(46)) - raft.server.log.unsafe-flush.enabled = false (default)
2024-02-27 21:37:02,328 [71df5106-29e4-46d2-b533-d1616e11bc16-groupManagement] INFO  server.RaftServerConfigKeys (ConfUtils.java:logGet(46)) - raft.server.log.async-flush.enabled = false (default)
2024-02-27 21:37:02,328 [71df5106-29e4-46d2-b533-d1616e11bc16-groupManagement] INFO  server.RaftServerConfigKeys (ConfUtils.java:logGet(46)) - raft.server.log.statemachine.data.caching.enabled = true (custom)
2024-02-27 21:37:02,328 [71df5106-29e4-46d2-b533-d1616e11bc16-groupManagement] INFO  segmented.SegmentedRaftLogWorker (SegmentedRaftLogWorker.java:lambda$new$0(134)) - 71df5106-29e4-46d2-b533-d1616e11bc16@group-9E197E4F483B-SegmentedRaftLogWorker: flushIndex: setUnconditionally 0 -> -1
2024-02-27 21:37:02,329 [71df5106-29e4-46d2-b533-d1616e11bc16-groupManagement] INFO  segmented.SegmentedRaftLogWorker (SegmentedRaftLogWorker.java:lambda$new$0(134)) - 71df5106-29e4-46d2-b533-d1616e11bc16@group-9E197E4F483B-SegmentedRaftLogWorker: safeCacheEvictIndex: setUnconditionally 0 -> -1
2024-02-27 21:37:02,329 [71df5106-29e4-46d2-b533-d1616e11bc16-groupManagement] INFO  server.RaftServer$Division (RaftServerImpl.java:start(396)) - 71df5106-29e4-46d2-b533-d1616e11bc16@group-9E197E4F483B: start as a follower, conf=-1: peers:[71df5106-29e4-46d2-b533-d1616e11bc16|10.1.0.18:15076]|listeners:[], old=null
2024-02-27 21:37:02,329 [71df5106-29e4-46d2-b533-d1616e11bc16-groupManagement] INFO  server.RaftServer$Division (RaftServerImpl.java:setRole(383)) - 71df5106-29e4-46d2-b533-d1616e11bc16@group-9E197E4F483B: changes role from      null to FOLLOWER at term 0 for startAsFollower
2024-02-27 21:37:02,329 [71df5106-29e4-46d2-b533-d1616e11bc16-groupManagement] INFO  impl.RoleInfo (RoleInfo.java:updateAndGet(139)) - 71df5106-29e4-46d2-b533-d1616e11bc16: start 71df5106-29e4-46d2-b533-d1616e11bc16@group-9E197E4F483B-FollowerState
2024-02-27 21:37:02,329 [71df5106-29e4-46d2-b533-d1616e11bc16-groupManagement] INFO  util.JmxRegister (JmxRegister.java:tryRegister(44)) - Successfully registered JMX Bean with object name Ratis:service=RaftServer,group=group-9E197E4F483B,id=71df5106-29e4-46d2-b533-d1616e11bc16
2024-02-27 21:37:02,329 [71df5106-29e4-46d2-b533-d1616e11bc16@group-9E197E4F483B-FollowerState] INFO  server.RaftServerConfigKeys (ConfUtils.java:logFallback(53)) - raft.server.rpc.first-election.timeout.min = 5s (fallback to raft.server.rpc.timeout.min)
2024-02-27 21:37:02,329 [71df5106-29e4-46d2-b533-d1616e11bc16-groupManagement] INFO  server.RaftServerConfigKeys (ConfUtils.java:logGet(46)) - raft.server.snapshot.trigger-when-stop.enabled = true (default)
2024-02-27 21:37:02,329 [71df5106-29e4-46d2-b533-d1616e11bc16@group-9E197E4F483B-FollowerState] INFO  server.RaftServerConfigKeys (ConfUtils.java:logFallback(53)) - raft.server.rpc.first-election.timeout.max = 5200ms (fallback to raft.server.rpc.timeout.max)
2024-02-27 21:37:02,329 [71df5106-29e4-46d2-b533-d1616e11bc16-groupManagement] INFO  server.RaftServerConfigKeys (ConfUtils.java:logGet(46)) - raft.server.snapshot.auto.trigger.enabled = true (custom)
2024-02-27 21:37:02,329 [71df5106-29e4-46d2-b533-d1616e11bc16-groupManagement] INFO  server.RaftServerConfigKeys (ConfUtils.java:logGet(46)) - raft.server.snapshot.auto.trigger.threshold = 10000 (custom)
2024-02-27 21:37:02,329 [71df5106-29e4-46d2-b533-d1616e11bc16-groupManagement] INFO  server.RaftServerConfigKeys (ConfUtils.java:logGet(46)) - raft.server.snapshot.retention.file.num = 5 (custom)
2024-02-27 21:37:02,329 [71df5106-29e4-46d2-b533-d1616e11bc16-groupManagement] INFO  server.RaftServerConfigKeys (ConfUtils.java:logGet(46)) - raft.server.log.purge.upto.snapshot.index = false (default)
2024-02-27 21:37:02,330 [71df5106-29e4-46d2-b533-d1616e11bc16-PipelineCommandHandlerThread-0] INFO  ratis.XceiverServerRatis (XceiverServerRatis.java:addGroup(864)) - Created group PipelineID=700f6e37-451b-4f16-9988-9e197e4f483b
2024-02-27 21:37:02,330 [71df5106-29e4-46d2-b533-d1616e11bc16-PipelineCommandHandlerThread-0] INFO  commandhandler.CreatePipelineCommandHandler (CreatePipelineCommandHandler.java:lambda$handle$2(124)) - Created Pipeline RATIS ONE PipelineID=700f6e37-451b-4f16-9988-9e197e4f483b.
2024-02-27 21:37:02,330 [71df5106-29e4-46d2-b533-d1616e11bc16-PipelineCommandHandlerThread-0] INFO  server.RaftServer (RaftServerProxy.java:addNew(100)) - 71df5106-29e4-46d2-b533-d1616e11bc16: addNew group-EE311A528B4F:[71df5106-29e4-46d2-b533-d1616e11bc16|10.1.0.18:15076, e13e7e3b-b387-4fac-9683-3ea92427a7e8|10.1.0.18:15085, 6d1988e6-d732-42b7-a0ee-62d3ca1ef2f1|10.1.0.18:15094] returns group-EE311A528B4F:java.util.concurrent.CompletableFuture@2e5f687e[Not completed]
2024-02-27 21:37:02,331 [71df5106-29e4-46d2-b533-d1616e11bc16-groupManagement] INFO  server.RaftServer$Division (RaftServerImpl.java:<init>(256)) - 71df5106-29e4-46d2-b533-d1616e11bc16: new RaftServerImpl for group-EE311A528B4F:[71df5106-29e4-46d2-b533-d1616e11bc16|10.1.0.18:15076, e13e7e3b-b387-4fac-9683-3ea92427a7e8|10.1.0.18:15085, 6d1988e6-d732-42b7-a0ee-62d3ca1ef2f1|10.1.0.18:15094] with ContainerStateMachine:uninitialized
2024-02-27 21:37:02,331 [71df5106-29e4-46d2-b533-d1616e11bc16-groupManagement] INFO  server.RaftServerConfigKeys (ConfUtils.java:logGet(46)) - raft.server.rpc.timeout.min = 5s (custom)
2024-02-27 21:37:02,332 [71df5106-29e4-46d2-b533-d1616e11bc16-groupManagement] INFO  server.RaftServerConfigKeys (ConfUtils.java:logGet(46)) - raft.server.rpc.timeout.max = 5200ms (custom)
2024-02-27 21:37:02,332 [71df5106-29e4-46d2-b533-d1616e11bc16-groupManagement] INFO  server.RaftServerConfigKeys (ConfUtils.java:logGet(46)) - raft.server.rpc.sleep.time = 25ms (default)
2024-02-27 21:37:02,332 [71df5106-29e4-46d2-b533-d1616e11bc16-groupManagement] INFO  server.RaftServerConfigKeys (ConfUtils.java:logGet(46)) - raft.server.rpc.slowness.timeout = 300s (custom)
2024-02-27 21:37:02,332 [71df5106-29e4-46d2-b533-d1616e11bc16-groupManagement] INFO  server.RaftServerConfigKeys (ConfUtils.java:logGet(46)) - raft.server.leaderelection.leader.step-down.wait-time = 10s (default)
2024-02-27 21:37:02,332 [71df5106-29e4-46d2-b533-d1616e11bc16-groupManagement] INFO  server.RaftServerConfigKeys (ConfUtils.java:logGet(46)) - raft.server.leaderelection.member.majority-add = false (default)
2024-02-27 21:37:02,332 [71df5106-29e4-46d2-b533-d1616e11bc16-groupManagement] INFO  server.RaftServerConfigKeys (ConfUtils.java:logGet(46)) - raft.server.sleep.deviation.threshold = 300ms (default)
2024-02-27 21:37:02,332 [71df5106-29e4-46d2-b533-d1616e11bc16-groupManagement] INFO  server.RaftServer$Division (ServerState.java:<init>(113)) - 71df5106-29e4-46d2-b533-d1616e11bc16@group-EE311A528B4F: ConfigurationManager, init=-1: peers:[71df5106-29e4-46d2-b533-d1616e11bc16|10.1.0.18:15076, e13e7e3b-b387-4fac-9683-3ea92427a7e8|10.1.0.18:15085, 6d1988e6-d732-42b7-a0ee-62d3ca1ef2f1|10.1.0.18:15094]|listeners:[], old=null, confs=<EMPTY_MAP>
2024-02-27 21:37:02,332 [71df5106-29e4-46d2-b533-d1616e11bc16-groupManagement] INFO  server.RaftServerConfigKeys (ConfUtils.java:logGet(46)) - raft.server.notification.no-leader.timeout = 300s (custom)
2024-02-27 21:37:02,332 [71df5106-29e4-46d2-b533-d1616e11bc16-groupManagement] INFO  server.RaftServerConfigKeys (ConfUtils.java:logGet(46)) - raft.server.read.timeout = 10s (default)
2024-02-27 21:37:02,332 [71df5106-29e4-46d2-b533-d1616e11bc16-groupManagement] INFO  server.RaftServerConfigKeys (ConfUtils.java:logGet(46)) - raft.server.retrycache.expirytime = 600000ms (custom)
2024-02-27 21:37:02,332 [71df5106-29e4-46d2-b533-d1616e11bc16-groupManagement] INFO  server.RaftServerConfigKeys (ConfUtils.java:logGet(46)) - raft.server.retrycache.statistics.expirytime = 100ms (default)
2024-02-27 21:37:02,333 [71df5106-29e4-46d2-b533-d1616e11bc16-groupManagement] INFO  server.RaftServerConfigKeys (ConfUtils.java:logGet(46)) - raft.server.read.option = DEFAULT (default)
2024-02-27 21:37:02,333 [71df5106-29e4-46d2-b533-d1616e11bc16-groupManagement] INFO  server.RaftServerConfigKeys (ConfUtils.java:logGet(46)) - raft.server.read.read-after-write-consistent.write-index-cache.expiry-time = 60s (default)
2024-02-27 21:37:02,334 [71df5106-29e4-46d2-b533-d1616e11bc16-groupManagement] INFO  server.RaftServerConfigKeys (ConfUtils.java:logGet(46)) - raft.server.rpc.request.timeout = 60s (custom)
2024-02-27 21:37:02,334 [71df5106-29e4-46d2-b533-d1616e11bc16-groupManagement] INFO  server.RaftServerConfigKeys (ConfUtils.java:logGet(46)) - raft.server.log.appender.install.snapshot.enabled = false (custom)
2024-02-27 21:37:02,334 [71df5106-29e4-46d2-b533-d1616e11bc16-groupManagement] INFO  server.RaftServerConfigKeys (ConfUtils.java:logGet(46)) - raft.server.threadpool.server.cached = true (default)
2024-02-27 21:37:02,334 [71df5106-29e4-46d2-b533-d1616e11bc16-groupManagement] INFO  server.RaftServerConfigKeys (ConfUtils.java:logGet(46)) - raft.server.threadpool.server.size = 0 (default)
2024-02-27 21:37:02,334 [71df5106-29e4-46d2-b533-d1616e11bc16-groupManagement] INFO  server.RaftServerConfigKeys (ConfUtils.java:logGet(46)) - raft.server.threadpool.client.cached = true (default)
2024-02-27 21:37:02,334 [71df5106-29e4-46d2-b533-d1616e11bc16-groupManagement] INFO  server.RaftServerConfigKeys (ConfUtils.java:logGet(46)) - raft.server.threadpool.client.size = 0 (default)
2024-02-27 21:37:02,334 [71df5106-29e4-46d2-b533-d1616e11bc16-groupManagement] INFO  server.RaftServerConfigKeys (ConfUtils.java:logGet(46)) - raft.server.storage.free-space.min = 0MB (=0) (default)
2024-02-27 21:37:02,334 [71df5106-29e4-46d2-b533-d1616e11bc16-groupManagement] INFO  server.RaftServerConfigKeys (ConfUtils.java:logGet(46)) - raft.server.log.corruption.policy = EXCEPTION (default)
2024-02-27 21:37:02,335 [71df5106-29e4-46d2-b533-d1616e11bc16-groupManagement] INFO  server.RaftServerConfigKeys (ConfUtils.java:logGet(46)) - raft.server.storage.dir = [/home/runner/work/ozone/ozone/hadoop-ozone/integration-test/target/test-dir/MiniOzoneClusterImpl-075da85a-61fc-4f3b-aaa6-f3afee0da340/ozone-meta/datanode-1/ratis] (custom)
2024-02-27 21:37:02,335 [71df5106-29e4-46d2-b533-d1616e11bc16-groupManagement] INFO  storage.RaftStorageDirectory (RaftStorageDirectoryImpl.java:analyzeStorage(138)) - The storage directory /home/runner/work/ozone/ozone/hadoop-ozone/integration-test/target/test-dir/MiniOzoneClusterImpl-075da85a-61fc-4f3b-aaa6-f3afee0da340/ozone-meta/datanode-1/ratis/65c74a8d-5a7c-4552-b886-ee311a528b4f does not exist. Creating ...
2024-02-27 21:37:02,336 [71df5106-29e4-46d2-b533-d1616e11bc16-groupManagement] INFO  storage.RaftStorageDirectory (RaftStorageDirectoryImpl.java:tryLock(228)) - Lock on /home/runner/work/ozone/ozone/hadoop-ozone/integration-test/target/test-dir/MiniOzoneClusterImpl-075da85a-61fc-4f3b-aaa6-f3afee0da340/ozone-meta/datanode-1/ratis/65c74a8d-5a7c-4552-b886-ee311a528b4f/in_use.lock acquired by nodename 32143@fv-az531-651
2024-02-27 21:37:02,337 [71df5106-29e4-46d2-b533-d1616e11bc16-groupManagement] INFO  storage.RaftStorage (RaftStorageImpl.java:format(99)) - Storage directory /home/runner/work/ozone/ozone/hadoop-ozone/integration-test/target/test-dir/MiniOzoneClusterImpl-075da85a-61fc-4f3b-aaa6-f3afee0da340/ozone-meta/datanode-1/ratis/65c74a8d-5a7c-4552-b886-ee311a528b4f has been successfully formatted.
2024-02-27 21:37:02,338 [71df5106-29e4-46d2-b533-d1616e11bc16-groupManagement] WARN  util.FileUtils (LogUtils.java:supplyAndLog(63)) - Failed to Files.newInputStream /home/runner/work/ozone/ozone/hadoop-ozone/integration-test/target/test-dir/MiniOzoneClusterImpl-075da85a-61fc-4f3b-aaa6-f3afee0da340/ozone-meta/datanode-1/ratis/65c74a8d-5a7c-4552-b886-ee311a528b4f/current/raft-meta.conf with options []: java.nio.file.NoSuchFileException: /home/runner/work/ozone/ozone/hadoop-ozone/integration-test/target/test-dir/MiniOzoneClusterImpl-075da85a-61fc-4f3b-aaa6-f3afee0da340/ozone-meta/datanode-1/ratis/65c74a8d-5a7c-4552-b886-ee311a528b4f/current/raft-meta.conf
2024-02-27 21:37:02,338 [71df5106-29e4-46d2-b533-d1616e11bc16-groupManagement] INFO  ratis.ContainerStateMachine (ContainerStateMachine.java:loadSnapshot(287)) - group-EE311A528B4F: The snapshot info is null. Setting the last applied index to:(t:0, i:~)
2024-02-27 21:37:02,338 [71df5106-29e4-46d2-b533-d1616e11bc16-groupManagement] INFO  server.RaftServerConfigKeys (ConfUtils.java:logGet(46)) - raft.server.log.use.memory = false (default)
2024-02-27 21:37:02,338 [71df5106-29e4-46d2-b533-d1616e11bc16-groupManagement] INFO  server.RaftServerConfigKeys (ConfUtils.java:logGet(46)) - raft.server.log.purge.gap = 1000000 (custom)
2024-02-27 21:37:02,338 [71df5106-29e4-46d2-b533-d1616e11bc16-groupManagement] INFO  server.RaftServerConfigKeys (ConfUtils.java:logGet(46)) - raft.server.log.appender.buffer.byte-limit = 8388608 (custom)
2024-02-27 21:37:02,338 [71df5106-29e4-46d2-b533-d1616e11bc16-groupManagement] INFO  server.RaftServerConfigKeys (ConfUtils.java:logGet(46)) - raft.server.log.statemachine.data.read.timeout = 1000ms (default)
2024-02-27 21:37:02,338 [71df5106-29e4-46d2-b533-d1616e11bc16-groupManagement] INFO  server.RaftServerConfigKeys (ConfUtils.java:logGet(46)) - raft.server.log.purge.preservation.log.num = 0 (default)
2024-02-27 21:37:02,339 [71df5106-29e4-46d2-b533-d1616e11bc16-groupManagement] INFO  server.RaftServerConfigKeys (ConfUtils.java:logGet(46)) - raft.server.log.segment.size.max = 67108864 (custom)
2024-02-27 21:37:02,339 [EventQueue-OpenPipelineForHealthyPipelineSafeModeRule] INFO  safemode.SCMSafeModeManager (HealthyPipelineSafeModeRule.java:process(140)) - SCM in safe mode. Healthy pipelines reported count is 0, required healthy pipeline reported count is 1
2024-02-27 21:37:02,339 [71df5106-29e4-46d2-b533-d1616e11bc16-groupManagement] INFO  server.RaftServerConfigKeys (ConfUtils.java:logGet(46)) - raft.server.log.segment.cache.num.max = 2 (custom)
2024-02-27 21:37:02,340 [71df5106-29e4-46d2-b533-d1616e11bc16-groupManagement] INFO  server.RaftServerConfigKeys (ConfUtils.java:logGet(46)) - raft.server.log.segment.cache.size.max = 200MB (=209715200) (default)
2024-02-27 21:37:02,340 [71df5106-29e4-46d2-b533-d1616e11bc16-groupManagement] INFO  server.RaftServerConfigKeys (ConfUtils.java:logGet(46)) - raft.server.log.appender.buffer.byte-limit = 8388608 (custom)
2024-02-27 21:37:02,340 [71df5106-29e4-46d2-b533-d1616e11bc16-groupManagement] INFO  util.AwaitToRun (AwaitToRun.java:start(81)) - Thread[71df5106-29e4-46d2-b533-d1616e11bc16@group-EE311A528B4F-cacheEviction-AwaitToRun,5,main] started
2024-02-27 21:37:02,340 [71df5106-29e4-46d2-b533-d1616e11bc16-groupManagement] INFO  segmented.SegmentedRaftLogWorker (SegmentedRaftLogWorker.java:<init>(182)) - new 71df5106-29e4-46d2-b533-d1616e11bc16@group-EE311A528B4F-SegmentedRaftLogWorker for RaftStorageImpl:Storage Directory /home/runner/work/ozone/ozone/hadoop-ozone/integration-test/target/test-dir/MiniOzoneClusterImpl-075da85a-61fc-4f3b-aaa6-f3afee0da340/ozone-meta/datanode-1/ratis/65c74a8d-5a7c-4552-b886-ee311a528b4f
2024-02-27 21:37:02,340 [71df5106-29e4-46d2-b533-d1616e11bc16-groupManagement] INFO  server.RaftServerConfigKeys (ConfUtils.java:logGet(46)) - raft.server.log.queue.byte-limit = 4294967296 (custom)
2024-02-27 21:37:02,340 [71df5106-29e4-46d2-b533-d1616e11bc16-groupManagement] INFO  server.RaftServerConfigKeys (ConfUtils.java:logGet(46)) - raft.server.log.queue.element-limit = 1024 (custom)
2024-02-27 21:37:02,340 [71df5106-29e4-46d2-b533-d1616e11bc16-groupManagement] INFO  server.RaftServerConfigKeys (ConfUtils.java:logGet(46)) - raft.server.log.segment.size.max = 67108864 (custom)
2024-02-27 21:37:02,340 [71df5106-29e4-46d2-b533-d1616e11bc16-groupManagement] INFO  server.RaftServerConfigKeys (ConfUtils.java:logGet(46)) - raft.server.log.preallocated.size = 4194304 (custom)
2024-02-27 21:37:02,340 [71df5106-29e4-46d2-b533-d1616e11bc16-groupManagement] INFO  server.RaftServerConfigKeys (ConfUtils.java:logGet(46)) - raft.server.log.force.sync.num = 128 (default)
2024-02-27 21:37:02,340 [71df5106-29e4-46d2-b533-d1616e11bc16-groupManagement] INFO  server.RaftServerConfigKeys (ConfUtils.java:logGet(46)) - raft.server.log.statemachine.data.sync = true (default)
2024-02-27 21:37:02,340 [71df5106-29e4-46d2-b533-d1616e11bc16-groupManagement] INFO  server.RaftServerConfigKeys (ConfUtils.java:logGet(46)) - raft.server.log.statemachine.data.sync.timeout = 10s (default)
2024-02-27 21:37:02,341 [71df5106-29e4-46d2-b533-d1616e11bc16-groupManagement] INFO  server.RaftServerConfigKeys (ConfUtils.java:logGet(46)) - raft.server.log.statemachine.data.sync.timeout.retry = 0 (custom)
2024-02-27 21:37:02,341 [71df5106-29e4-46d2-b533-d1616e11bc16-groupManagement] INFO  server.RaftServerConfigKeys (ConfUtils.java:logGet(46)) - raft.server.log.write.buffer.size = 8388616 (custom)
2024-02-27 21:37:02,342 [71df5106-29e4-46d2-b533-d1616e11bc16-groupManagement] INFO  server.RaftServerConfigKeys (ConfUtils.java:logGet(46)) - raft.server.log.appender.buffer.byte-limit = 8388608 (custom)
2024-02-27 21:37:02,342 [71df5106-29e4-46d2-b533-d1616e11bc16-groupManagement] INFO  server.RaftServerConfigKeys (ConfUtils.java:logGet(46)) - raft.server.log.unsafe-flush.enabled = false (default)
2024-02-27 21:37:02,342 [71df5106-29e4-46d2-b533-d1616e11bc16-groupManagement] INFO  server.RaftServerConfigKeys (ConfUtils.java:logGet(46)) - raft.server.log.async-flush.enabled = false (default)
2024-02-27 21:37:02,342 [71df5106-29e4-46d2-b533-d1616e11bc16-groupManagement] INFO  server.RaftServerConfigKeys (ConfUtils.java:logGet(46)) - raft.server.log.statemachine.data.caching.enabled = true (custom)
2024-02-27 21:37:02,342 [71df5106-29e4-46d2-b533-d1616e11bc16-groupManagement] INFO  segmented.SegmentedRaftLogWorker (SegmentedRaftLogWorker.java:lambda$new$0(134)) - 71df5106-29e4-46d2-b533-d1616e11bc16@group-EE311A528B4F-SegmentedRaftLogWorker: flushIndex: setUnconditionally 0 -> -1
2024-02-27 21:37:02,342 [71df5106-29e4-46d2-b533-d1616e11bc16-groupManagement] INFO  segmented.SegmentedRaftLogWorker (SegmentedRaftLogWorker.java:lambda$new$0(134)) - 71df5106-29e4-46d2-b533-d1616e11bc16@group-EE311A528B4F-SegmentedRaftLogWorker: safeCacheEvictIndex: setUnconditionally 0 -> -1
2024-02-27 21:37:02,343 [71df5106-29e4-46d2-b533-d1616e11bc16-groupManagement] INFO  server.RaftServer$Division (RaftServerImpl.java:start(396)) - 71df5106-29e4-46d2-b533-d1616e11bc16@group-EE311A528B4F: start as a follower, conf=-1: peers:[71df5106-29e4-46d2-b533-d1616e11bc16|10.1.0.18:15076, e13e7e3b-b387-4fac-9683-3ea92427a7e8|10.1.0.18:15085, 6d1988e6-d732-42b7-a0ee-62d3ca1ef2f1|10.1.0.18:15094]|listeners:[], old=null
2024-02-27 21:37:02,343 [71df5106-29e4-46d2-b533-d1616e11bc16-groupManagement] INFO  server.RaftServer$Division (RaftServerImpl.java:setRole(383)) - 71df5106-29e4-46d2-b533-d1616e11bc16@group-EE311A528B4F: changes role from      null to FOLLOWER at term 0 for startAsFollower
2024-02-27 21:37:02,343 [71df5106-29e4-46d2-b533-d1616e11bc16-groupManagement] INFO  impl.RoleInfo (RoleInfo.java:updateAndGet(139)) - 71df5106-29e4-46d2-b533-d1616e11bc16: start 71df5106-29e4-46d2-b533-d1616e11bc16@group-EE311A528B4F-FollowerState
2024-02-27 21:37:02,344 [71df5106-29e4-46d2-b533-d1616e11bc16@group-EE311A528B4F-FollowerState] INFO  server.RaftServerConfigKeys (ConfUtils.java:logFallback(53)) - raft.server.rpc.first-election.timeout.min = 5s (fallback to raft.server.rpc.timeout.min)
2024-02-27 21:37:02,344 [71df5106-29e4-46d2-b533-d1616e11bc16-groupManagement] INFO  util.JmxRegister (JmxRegister.java:tryRegister(44)) - Successfully registered JMX Bean with object name Ratis:service=RaftServer,group=group-EE311A528B4F,id=71df5106-29e4-46d2-b533-d1616e11bc16
2024-02-27 21:37:02,344 [71df5106-29e4-46d2-b533-d1616e11bc16@group-EE311A528B4F-FollowerState] INFO  server.RaftServerConfigKeys (ConfUtils.java:logFallback(53)) - raft.server.rpc.first-election.timeout.max = 5200ms (fallback to raft.server.rpc.timeout.max)
2024-02-27 21:37:02,345 [71df5106-29e4-46d2-b533-d1616e11bc16-groupManagement] INFO  server.RaftServerConfigKeys (ConfUtils.java:logGet(46)) - raft.server.snapshot.trigger-when-stop.enabled = true (default)
2024-02-27 21:37:02,345 [71df5106-29e4-46d2-b533-d1616e11bc16-groupManagement] INFO  server.RaftServerConfigKeys (ConfUtils.java:logGet(46)) - raft.server.snapshot.auto.trigger.enabled = true (custom)
2024-02-27 21:37:02,345 [71df5106-29e4-46d2-b533-d1616e11bc16-groupManagement] INFO  server.RaftServerConfigKeys (ConfUtils.java:logGet(46)) - raft.server.snapshot.auto.trigger.threshold = 10000 (custom)
2024-02-27 21:37:02,345 [71df5106-29e4-46d2-b533-d1616e11bc16-groupManagement] INFO  server.RaftServerConfigKeys (ConfUtils.java:logGet(46)) - raft.server.snapshot.retention.file.num = 5 (custom)
2024-02-27 21:37:02,345 [71df5106-29e4-46d2-b533-d1616e11bc16-groupManagement] INFO  server.RaftServerConfigKeys (ConfUtils.java:logGet(46)) - raft.server.log.purge.upto.snapshot.index = false (default)
2024-02-27 21:37:02,345 [71df5106-29e4-46d2-b533-d1616e11bc16-PipelineCommandHandlerThread-0] INFO  ratis.XceiverServerRatis (XceiverServerRatis.java:addGroup(864)) - Created group PipelineID=65c74a8d-5a7c-4552-b886-ee311a528b4f
2024-02-27 21:37:02,356 [grpc-default-executor-0] INFO  server.RaftServer (RaftServerProxy.java:addNew(100)) - e13e7e3b-b387-4fac-9683-3ea92427a7e8: addNew group-EE311A528B4F:[71df5106-29e4-46d2-b533-d1616e11bc16|10.1.0.18:15076, e13e7e3b-b387-4fac-9683-3ea92427a7e8|10.1.0.18:15085, 6d1988e6-d732-42b7-a0ee-62d3ca1ef2f1|10.1.0.18:15094] returns group-EE311A528B4F:java.util.concurrent.CompletableFuture@a90c0e0[Not completed]
2024-02-27 21:37:02,357 [e13e7e3b-b387-4fac-9683-3ea92427a7e8-groupManagement] INFO  server.RaftServer$Division (RaftServerImpl.java:<init>(256)) - e13e7e3b-b387-4fac-9683-3ea92427a7e8: new RaftServerImpl for group-EE311A528B4F:[71df5106-29e4-46d2-b533-d1616e11bc16|10.1.0.18:15076, e13e7e3b-b387-4fac-9683-3ea92427a7e8|10.1.0.18:15085, 6d1988e6-d732-42b7-a0ee-62d3ca1ef2f1|10.1.0.18:15094] with ContainerStateMachine:uninitialized
2024-02-27 21:37:02,357 [e13e7e3b-b387-4fac-9683-3ea92427a7e8-groupManagement] INFO  server.RaftServerConfigKeys (ConfUtils.java:logGet(46)) - raft.server.rpc.timeout.min = 5s (custom)
2024-02-27 21:37:02,357 [e13e7e3b-b387-4fac-9683-3ea92427a7e8-groupManagement] INFO  server.RaftServerConfigKeys (ConfUtils.java:logGet(46)) - raft.server.rpc.timeout.max = 5200ms (custom)
2024-02-27 21:37:02,357 [e13e7e3b-b387-4fac-9683-3ea92427a7e8-groupManagement] INFO  server.RaftServerConfigKeys (ConfUtils.java:logGet(46)) - raft.server.rpc.sleep.time = 25ms (default)
2024-02-27 21:37:02,357 [e13e7e3b-b387-4fac-9683-3ea92427a7e8-groupManagement] INFO  server.RaftServerConfigKeys (ConfUtils.java:logGet(46)) - raft.server.rpc.slowness.timeout = 300s (custom)
2024-02-27 21:37:02,357 [e13e7e3b-b387-4fac-9683-3ea92427a7e8-groupManagement] INFO  server.RaftServerConfigKeys (ConfUtils.java:logGet(46)) - raft.server.leaderelection.leader.step-down.wait-time = 10s (default)
2024-02-27 21:37:02,357 [e13e7e3b-b387-4fac-9683-3ea92427a7e8-groupManagement] INFO  server.RaftServerConfigKeys (ConfUtils.java:logGet(46)) - raft.server.leaderelection.member.majority-add = false (default)
2024-02-27 21:37:02,357 [e13e7e3b-b387-4fac-9683-3ea92427a7e8-groupManagement] INFO  server.RaftServerConfigKeys (ConfUtils.java:logGet(46)) - raft.server.sleep.deviation.threshold = 300ms (default)
2024-02-27 21:37:02,357 [e13e7e3b-b387-4fac-9683-3ea92427a7e8-groupManagement] INFO  server.RaftServer$Division (ServerState.java:<init>(113)) - e13e7e3b-b387-4fac-9683-3ea92427a7e8@group-EE311A528B4F: ConfigurationManager, init=-1: peers:[71df5106-29e4-46d2-b533-d1616e11bc16|10.1.0.18:15076, e13e7e3b-b387-4fac-9683-3ea92427a7e8|10.1.0.18:15085, 6d1988e6-d732-42b7-a0ee-62d3ca1ef2f1|10.1.0.18:15094]|listeners:[], old=null, confs=<EMPTY_MAP>
2024-02-27 21:37:02,358 [e13e7e3b-b387-4fac-9683-3ea92427a7e8-groupManagement] INFO  server.RaftServerConfigKeys (ConfUtils.java:logGet(46)) - raft.server.notification.no-leader.timeout = 300s (custom)
2024-02-27 21:37:02,358 [e13e7e3b-b387-4fac-9683-3ea92427a7e8-groupManagement] INFO  server.RaftServerConfigKeys (ConfUtils.java:logGet(46)) - raft.server.read.timeout = 10s (default)
2024-02-27 21:37:02,358 [e13e7e3b-b387-4fac-9683-3ea92427a7e8-groupManagement] INFO  server.RaftServerConfigKeys (ConfUtils.java:logGet(46)) - raft.server.retrycache.expirytime = 600000ms (custom)
2024-02-27 21:37:02,358 [e13e7e3b-b387-4fac-9683-3ea92427a7e8-groupManagement] INFO  server.RaftServerConfigKeys (ConfUtils.java:logGet(46)) - raft.server.retrycache.statistics.expirytime = 100ms (default)
2024-02-27 21:37:02,358 [e13e7e3b-b387-4fac-9683-3ea92427a7e8-groupManagement] INFO  server.RaftServerConfigKeys (ConfUtils.java:logGet(46)) - raft.server.read.option = DEFAULT (default)
2024-02-27 21:37:02,358 [e13e7e3b-b387-4fac-9683-3ea92427a7e8-groupManagement] INFO  server.RaftServerConfigKeys (ConfUtils.java:logGet(46)) - raft.server.read.read-after-write-consistent.write-index-cache.expiry-time = 60s (default)
2024-02-27 21:37:02,359 [e13e7e3b-b387-4fac-9683-3ea92427a7e8-groupManagement] INFO  server.RaftServerConfigKeys (ConfUtils.java:logGet(46)) - raft.server.rpc.request.timeout = 60s (custom)
2024-02-27 21:37:02,359 [e13e7e3b-b387-4fac-9683-3ea92427a7e8-groupManagement] INFO  server.RaftServerConfigKeys (ConfUtils.java:logGet(46)) - raft.server.log.appender.install.snapshot.enabled = false (custom)
2024-02-27 21:37:02,360 [e13e7e3b-b387-4fac-9683-3ea92427a7e8-groupManagement] INFO  server.RaftServerConfigKeys (ConfUtils.java:logGet(46)) - raft.server.threadpool.server.cached = true (default)
2024-02-27 21:37:02,360 [e13e7e3b-b387-4fac-9683-3ea92427a7e8-groupManagement] INFO  server.RaftServerConfigKeys (ConfUtils.java:logGet(46)) - raft.server.threadpool.server.size = 0 (default)
2024-02-27 21:37:02,360 [e13e7e3b-b387-4fac-9683-3ea92427a7e8-groupManagement] INFO  server.RaftServerConfigKeys (ConfUtils.java:logGet(46)) - raft.server.threadpool.client.cached = true (default)
2024-02-27 21:37:02,360 [e13e7e3b-b387-4fac-9683-3ea92427a7e8-groupManagement] INFO  server.RaftServerConfigKeys (ConfUtils.java:logGet(46)) - raft.server.threadpool.client.size = 0 (default)
2024-02-27 21:37:02,360 [e13e7e3b-b387-4fac-9683-3ea92427a7e8-groupManagement] INFO  server.RaftServerConfigKeys (ConfUtils.java:logGet(46)) - raft.server.storage.free-space.min = 0MB (=0) (default)
2024-02-27 21:37:02,360 [e13e7e3b-b387-4fac-9683-3ea92427a7e8-groupManagement] INFO  server.RaftServerConfigKeys (ConfUtils.java:logGet(46)) - raft.server.log.corruption.policy = EXCEPTION (default)
2024-02-27 21:37:02,360 [e13e7e3b-b387-4fac-9683-3ea92427a7e8-groupManagement] INFO  server.RaftServerConfigKeys (ConfUtils.java:logGet(46)) - raft.server.storage.dir = [/home/runner/work/ozone/ozone/hadoop-ozone/integration-test/target/test-dir/MiniOzoneClusterImpl-075da85a-61fc-4f3b-aaa6-f3afee0da340/ozone-meta/datanode-2/ratis] (custom)
2024-02-27 21:37:02,360 [e13e7e3b-b387-4fac-9683-3ea92427a7e8-groupManagement] INFO  storage.RaftStorageDirectory (RaftStorageDirectoryImpl.java:analyzeStorage(138)) - The storage directory /home/runner/work/ozone/ozone/hadoop-ozone/integration-test/target/test-dir/MiniOzoneClusterImpl-075da85a-61fc-4f3b-aaa6-f3afee0da340/ozone-meta/datanode-2/ratis/65c74a8d-5a7c-4552-b886-ee311a528b4f does not exist. Creating ...
2024-02-27 21:37:02,361 [e13e7e3b-b387-4fac-9683-3ea92427a7e8-groupManagement] INFO  storage.RaftStorageDirectory (RaftStorageDirectoryImpl.java:tryLock(228)) - Lock on /home/runner/work/ozone/ozone/hadoop-ozone/integration-test/target/test-dir/MiniOzoneClusterImpl-075da85a-61fc-4f3b-aaa6-f3afee0da340/ozone-meta/datanode-2/ratis/65c74a8d-5a7c-4552-b886-ee311a528b4f/in_use.lock acquired by nodename 32143@fv-az531-651
2024-02-27 21:37:02,363 [e13e7e3b-b387-4fac-9683-3ea92427a7e8-groupManagement] INFO  storage.RaftStorage (RaftStorageImpl.java:format(99)) - Storage directory /home/runner/work/ozone/ozone/hadoop-ozone/integration-test/target/test-dir/MiniOzoneClusterImpl-075da85a-61fc-4f3b-aaa6-f3afee0da340/ozone-meta/datanode-2/ratis/65c74a8d-5a7c-4552-b886-ee311a528b4f has been successfully formatted.
2024-02-27 21:37:02,363 [e13e7e3b-b387-4fac-9683-3ea92427a7e8-groupManagement] WARN  util.FileUtils (LogUtils.java:supplyAndLog(63)) - Failed to Files.newInputStream /home/runner/work/ozone/ozone/hadoop-ozone/integration-test/target/test-dir/MiniOzoneClusterImpl-075da85a-61fc-4f3b-aaa6-f3afee0da340/ozone-meta/datanode-2/ratis/65c74a8d-5a7c-4552-b886-ee311a528b4f/current/raft-meta.conf with options []: java.nio.file.NoSuchFileException: /home/runner/work/ozone/ozone/hadoop-ozone/integration-test/target/test-dir/MiniOzoneClusterImpl-075da85a-61fc-4f3b-aaa6-f3afee0da340/ozone-meta/datanode-2/ratis/65c74a8d-5a7c-4552-b886-ee311a528b4f/current/raft-meta.conf
2024-02-27 21:37:02,364 [e13e7e3b-b387-4fac-9683-3ea92427a7e8-groupManagement] INFO  ratis.ContainerStateMachine (ContainerStateMachine.java:loadSnapshot(287)) - group-EE311A528B4F: The snapshot info is null. Setting the last applied index to:(t:0, i:~)
2024-02-27 21:37:02,364 [e13e7e3b-b387-4fac-9683-3ea92427a7e8-groupManagement] INFO  server.RaftServerConfigKeys (ConfUtils.java:logGet(46)) - raft.server.log.use.memory = false (default)
2024-02-27 21:37:02,364 [e13e7e3b-b387-4fac-9683-3ea92427a7e8-groupManagement] INFO  server.RaftServerConfigKeys (ConfUtils.java:logGet(46)) - raft.server.log.purge.gap = 1000000 (custom)
2024-02-27 21:37:02,364 [e13e7e3b-b387-4fac-9683-3ea92427a7e8-groupManagement] INFO  server.RaftServerConfigKeys (ConfUtils.java:logGet(46)) - raft.server.log.appender.buffer.byte-limit = 8388608 (custom)
2024-02-27 21:37:02,364 [e13e7e3b-b387-4fac-9683-3ea92427a7e8-groupManagement] INFO  server.RaftServerConfigKeys (ConfUtils.java:logGet(46)) - raft.server.log.statemachine.data.read.timeout = 1000ms (default)
2024-02-27 21:37:02,364 [e13e7e3b-b387-4fac-9683-3ea92427a7e8-groupManagement] INFO  server.RaftServerConfigKeys (ConfUtils.java:logGet(46)) - raft.server.log.purge.preservation.log.num = 0 (default)
2024-02-27 21:37:02,365 [e13e7e3b-b387-4fac-9683-3ea92427a7e8-groupManagement] INFO  server.RaftServerConfigKeys (ConfUtils.java:logGet(46)) - raft.server.log.segment.size.max = 67108864 (custom)
2024-02-27 21:37:02,365 [e13e7e3b-b387-4fac-9683-3ea92427a7e8-groupManagement] INFO  server.RaftServerConfigKeys (ConfUtils.java:logGet(46)) - raft.server.log.segment.cache.num.max = 2 (custom)
2024-02-27 21:37:02,365 [e13e7e3b-b387-4fac-9683-3ea92427a7e8-groupManagement] INFO  server.RaftServerConfigKeys (ConfUtils.java:logGet(46)) - raft.server.log.segment.cache.size.max = 200MB (=209715200) (default)
2024-02-27 21:37:02,365 [e13e7e3b-b387-4fac-9683-3ea92427a7e8-groupManagement] INFO  server.RaftServerConfigKeys (ConfUtils.java:logGet(46)) - raft.server.log.appender.buffer.byte-limit = 8388608 (custom)
2024-02-27 21:37:02,365 [e13e7e3b-b387-4fac-9683-3ea92427a7e8-groupManagement] INFO  util.AwaitToRun (AwaitToRun.java:start(81)) - Thread[e13e7e3b-b387-4fac-9683-3ea92427a7e8@group-EE311A528B4F-cacheEviction-AwaitToRun,5,main] started
2024-02-27 21:37:02,365 [e13e7e3b-b387-4fac-9683-3ea92427a7e8-groupManagement] INFO  segmented.SegmentedRaftLogWorker (SegmentedRaftLogWorker.java:<init>(182)) - new e13e7e3b-b387-4fac-9683-3ea92427a7e8@group-EE311A528B4F-SegmentedRaftLogWorker for RaftStorageImpl:Storage Directory /home/runner/work/ozone/ozone/hadoop-ozone/integration-test/target/test-dir/MiniOzoneClusterImpl-075da85a-61fc-4f3b-aaa6-f3afee0da340/ozone-meta/datanode-2/ratis/65c74a8d-5a7c-4552-b886-ee311a528b4f
2024-02-27 21:37:02,365 [e13e7e3b-b387-4fac-9683-3ea92427a7e8-groupManagement] INFO  server.RaftServerConfigKeys (ConfUtils.java:logGet(46)) - raft.server.log.queue.byte-limit = 4294967296 (custom)
2024-02-27 21:37:02,365 [e13e7e3b-b387-4fac-9683-3ea92427a7e8-groupManagement] INFO  server.RaftServerConfigKeys (ConfUtils.java:logGet(46)) - raft.server.log.queue.element-limit = 1024 (custom)
2024-02-27 21:37:02,365 [e13e7e3b-b387-4fac-9683-3ea92427a7e8-groupManagement] INFO  server.RaftServerConfigKeys (ConfUtils.java:logGet(46)) - raft.server.log.segment.size.max = 67108864 (custom)
2024-02-27 21:37:02,365 [e13e7e3b-b387-4fac-9683-3ea92427a7e8-groupManagement] INFO  server.RaftServerConfigKeys (ConfUtils.java:logGet(46)) - raft.server.log.preallocated.size = 4194304 (custom)
2024-02-27 21:37:02,365 [e13e7e3b-b387-4fac-9683-3ea92427a7e8-groupManagement] INFO  server.RaftServerConfigKeys (ConfUtils.java:logGet(46)) - raft.server.log.force.sync.num = 128 (default)
2024-02-27 21:37:02,365 [e13e7e3b-b387-4fac-9683-3ea92427a7e8-groupManagement] INFO  server.RaftServerConfigKeys (ConfUtils.java:logGet(46)) - raft.server.log.statemachine.data.sync = true (default)
2024-02-27 21:37:02,365 [e13e7e3b-b387-4fac-9683-3ea92427a7e8-groupManagement] INFO  server.RaftServerConfigKeys (ConfUtils.java:logGet(46)) - raft.server.log.statemachine.data.sync.timeout = 10s (default)
2024-02-27 21:37:02,365 [e13e7e3b-b387-4fac-9683-3ea92427a7e8-groupManagement] INFO  server.RaftServerConfigKeys (ConfUtils.java:logGet(46)) - raft.server.log.statemachine.data.sync.timeout.retry = 0 (custom)
2024-02-27 21:37:02,366 [e13e7e3b-b387-4fac-9683-3ea92427a7e8-groupManagement] INFO  server.RaftServerConfigKeys (ConfUtils.java:logGet(46)) - raft.server.log.write.buffer.size = 8388616 (custom)
2024-02-27 21:37:02,367 [e13e7e3b-b387-4fac-9683-3ea92427a7e8-groupManagement] INFO  server.RaftServerConfigKeys (ConfUtils.java:logGet(46)) - raft.server.log.appender.buffer.byte-limit = 8388608 (custom)
2024-02-27 21:37:02,367 [e13e7e3b-b387-4fac-9683-3ea92427a7e8-groupManagement] INFO  server.RaftServerConfigKeys (ConfUtils.java:logGet(46)) - raft.server.log.unsafe-flush.enabled = false (default)
2024-02-27 21:37:02,367 [e13e7e3b-b387-4fac-9683-3ea92427a7e8-groupManagement] INFO  server.RaftServerConfigKeys (ConfUtils.java:logGet(46)) - raft.server.log.async-flush.enabled = false (default)
2024-02-27 21:37:02,367 [e13e7e3b-b387-4fac-9683-3ea92427a7e8-groupManagement] INFO  server.RaftServerConfigKeys (ConfUtils.java:logGet(46)) - raft.server.log.statemachine.data.caching.enabled = true (custom)
2024-02-27 21:37:02,368 [e13e7e3b-b387-4fac-9683-3ea92427a7e8-groupManagement] INFO  segmented.SegmentedRaftLogWorker (SegmentedRaftLogWorker.java:lambda$new$0(134)) - e13e7e3b-b387-4fac-9683-3ea92427a7e8@group-EE311A528B4F-SegmentedRaftLogWorker: flushIndex: setUnconditionally 0 -> -1
2024-02-27 21:37:02,368 [e13e7e3b-b387-4fac-9683-3ea92427a7e8-groupManagement] INFO  segmented.SegmentedRaftLogWorker (SegmentedRaftLogWorker.java:lambda$new$0(134)) - e13e7e3b-b387-4fac-9683-3ea92427a7e8@group-EE311A528B4F-SegmentedRaftLogWorker: safeCacheEvictIndex: setUnconditionally 0 -> -1
2024-02-27 21:37:02,371 [e13e7e3b-b387-4fac-9683-3ea92427a7e8-groupManagement] INFO  server.RaftServer$Division (RaftServerImpl.java:start(396)) - e13e7e3b-b387-4fac-9683-3ea92427a7e8@group-EE311A528B4F: start as a follower, conf=-1: peers:[71df5106-29e4-46d2-b533-d1616e11bc16|10.1.0.18:15076, e13e7e3b-b387-4fac-9683-3ea92427a7e8|10.1.0.18:15085, 6d1988e6-d732-42b7-a0ee-62d3ca1ef2f1|10.1.0.18:15094]|listeners:[], old=null
2024-02-27 21:37:02,371 [e13e7e3b-b387-4fac-9683-3ea92427a7e8-groupManagement] INFO  server.RaftServer$Division (RaftServerImpl.java:setRole(383)) - e13e7e3b-b387-4fac-9683-3ea92427a7e8@group-EE311A528B4F: changes role from      null to FOLLOWER at term 0 for startAsFollower
2024-02-27 21:37:02,371 [e13e7e3b-b387-4fac-9683-3ea92427a7e8-groupManagement] INFO  impl.RoleInfo (RoleInfo.java:updateAndGet(139)) - e13e7e3b-b387-4fac-9683-3ea92427a7e8: start e13e7e3b-b387-4fac-9683-3ea92427a7e8@group-EE311A528B4F-FollowerState
2024-02-27 21:37:02,371 [e13e7e3b-b387-4fac-9683-3ea92427a7e8@group-EE311A528B4F-FollowerState] INFO  server.RaftServerConfigKeys (ConfUtils.java:logFallback(53)) - raft.server.rpc.first-election.timeout.min = 5s (fallback to raft.server.rpc.timeout.min)
2024-02-27 21:37:02,371 [e13e7e3b-b387-4fac-9683-3ea92427a7e8-groupManagement] INFO  util.JmxRegister (JmxRegister.java:tryRegister(44)) - Successfully registered JMX Bean with object name Ratis:service=RaftServer,group=group-EE311A528B4F,id=e13e7e3b-b387-4fac-9683-3ea92427a7e8
2024-02-27 21:37:02,371 [e13e7e3b-b387-4fac-9683-3ea92427a7e8@group-EE311A528B4F-FollowerState] INFO  server.RaftServerConfigKeys (ConfUtils.java:logFallback(53)) - raft.server.rpc.first-election.timeout.max = 5200ms (fallback to raft.server.rpc.timeout.max)
2024-02-27 21:37:02,372 [e13e7e3b-b387-4fac-9683-3ea92427a7e8-groupManagement] INFO  server.RaftServerConfigKeys (ConfUtils.java:logGet(46)) - raft.server.snapshot.trigger-when-stop.enabled = true (default)
2024-02-27 21:37:02,372 [e13e7e3b-b387-4fac-9683-3ea92427a7e8-groupManagement] INFO  server.RaftServerConfigKeys (ConfUtils.java:logGet(46)) - raft.server.snapshot.auto.trigger.enabled = true (custom)
2024-02-27 21:37:02,372 [e13e7e3b-b387-4fac-9683-3ea92427a7e8-groupManagement] INFO  server.RaftServerConfigKeys (ConfUtils.java:logGet(46)) - raft.server.snapshot.auto.trigger.threshold = 10000 (custom)
2024-02-27 21:37:02,372 [e13e7e3b-b387-4fac-9683-3ea92427a7e8-groupManagement] INFO  server.RaftServerConfigKeys (ConfUtils.java:logGet(46)) - raft.server.snapshot.retention.file.num = 5 (custom)
2024-02-27 21:37:02,372 [e13e7e3b-b387-4fac-9683-3ea92427a7e8-groupManagement] INFO  server.RaftServerConfigKeys (ConfUtils.java:logGet(46)) - raft.server.log.purge.upto.snapshot.index = false (default)
2024-02-27 21:37:02,385 [grpc-default-executor-0] INFO  server.RaftServer (RaftServerProxy.java:addNew(100)) - 6d1988e6-d732-42b7-a0ee-62d3ca1ef2f1: addNew group-EE311A528B4F:[71df5106-29e4-46d2-b533-d1616e11bc16|10.1.0.18:15076, e13e7e3b-b387-4fac-9683-3ea92427a7e8|10.1.0.18:15085, 6d1988e6-d732-42b7-a0ee-62d3ca1ef2f1|10.1.0.18:15094] returns group-EE311A528B4F:java.util.concurrent.CompletableFuture@607362c8[Not completed]
2024-02-27 21:37:02,386 [6d1988e6-d732-42b7-a0ee-62d3ca1ef2f1-groupManagement] INFO  server.RaftServer$Division (RaftServerImpl.java:<init>(256)) - 6d1988e6-d732-42b7-a0ee-62d3ca1ef2f1: new RaftServerImpl for group-EE311A528B4F:[71df5106-29e4-46d2-b533-d1616e11bc16|10.1.0.18:15076, e13e7e3b-b387-4fac-9683-3ea92427a7e8|10.1.0.18:15085, 6d1988e6-d732-42b7-a0ee-62d3ca1ef2f1|10.1.0.18:15094] with ContainerStateMachine:uninitialized
2024-02-27 21:37:02,386 [6d1988e6-d732-42b7-a0ee-62d3ca1ef2f1-groupManagement] INFO  server.RaftServerConfigKeys (ConfUtils.java:logGet(46)) - raft.server.rpc.timeout.min = 5s (custom)
2024-02-27 21:37:02,386 [6d1988e6-d732-42b7-a0ee-62d3ca1ef2f1-groupManagement] INFO  server.RaftServerConfigKeys (ConfUtils.java:logGet(46)) - raft.server.rpc.timeout.max = 5200ms (custom)
2024-02-27 21:37:02,386 [6d1988e6-d732-42b7-a0ee-62d3ca1ef2f1-groupManagement] INFO  server.RaftServerConfigKeys (ConfUtils.java:logGet(46)) - raft.server.rpc.sleep.time = 25ms (default)
2024-02-27 21:37:02,386 [6d1988e6-d732-42b7-a0ee-62d3ca1ef2f1-groupManagement] INFO  server.RaftServerConfigKeys (ConfUtils.java:logGet(46)) - raft.server.rpc.slowness.timeout = 300s (custom)
2024-02-27 21:37:02,386 [6d1988e6-d732-42b7-a0ee-62d3ca1ef2f1-groupManagement] INFO  server.RaftServerConfigKeys (ConfUtils.java:logGet(46)) - raft.server.leaderelection.leader.step-down.wait-time = 10s (default)
2024-02-27 21:37:02,386 [6d1988e6-d732-42b7-a0ee-62d3ca1ef2f1-groupManagement] INFO  server.RaftServerConfigKeys (ConfUtils.java:logGet(46)) - raft.server.leaderelection.member.majority-add = false (default)
2024-02-27 21:37:02,386 [6d1988e6-d732-42b7-a0ee-62d3ca1ef2f1-groupManagement] INFO  server.RaftServerConfigKeys (ConfUtils.java:logGet(46)) - raft.server.sleep.deviation.threshold = 300ms (default)
2024-02-27 21:37:02,387 [6d1988e6-d732-42b7-a0ee-62d3ca1ef2f1-groupManagement] INFO  server.RaftServer$Division (ServerState.java:<init>(113)) - 6d1988e6-d732-42b7-a0ee-62d3ca1ef2f1@group-EE311A528B4F: ConfigurationManager, init=-1: peers:[71df5106-29e4-46d2-b533-d1616e11bc16|10.1.0.18:15076, e13e7e3b-b387-4fac-9683-3ea92427a7e8|10.1.0.18:15085, 6d1988e6-d732-42b7-a0ee-62d3ca1ef2f1|10.1.0.18:15094]|listeners:[], old=null, confs=<EMPTY_MAP>
2024-02-27 21:37:02,387 [6d1988e6-d732-42b7-a0ee-62d3ca1ef2f1-groupManagement] INFO  server.RaftServerConfigKeys (ConfUtils.java:logGet(46)) - raft.server.notification.no-leader.timeout = 300s (custom)
2024-02-27 21:37:02,387 [6d1988e6-d732-42b7-a0ee-62d3ca1ef2f1-groupManagement] INFO  server.RaftServerConfigKeys (ConfUtils.java:logGet(46)) - raft.server.read.timeout = 10s (default)
2024-02-27 21:37:02,388 [6d1988e6-d732-42b7-a0ee-62d3ca1ef2f1-groupManagement] INFO  server.RaftServerConfigKeys (ConfUtils.java:logGet(46)) - raft.server.retrycache.expirytime = 600000ms (custom)
2024-02-27 21:37:02,388 [6d1988e6-d732-42b7-a0ee-62d3ca1ef2f1-groupManagement] INFO  server.RaftServerConfigKeys (ConfUtils.java:logGet(46)) - raft.server.retrycache.statistics.expirytime = 100ms (default)
2024-02-27 21:37:02,388 [6d1988e6-d732-42b7-a0ee-62d3ca1ef2f1-groupManagement] INFO  server.RaftServerConfigKeys (ConfUtils.java:logGet(46)) - raft.server.read.option = DEFAULT (default)
2024-02-27 21:37:02,388 [6d1988e6-d732-42b7-a0ee-62d3ca1ef2f1-groupManagement] INFO  server.RaftServerConfigKeys (ConfUtils.java:logGet(46)) - raft.server.read.read-after-write-consistent.write-index-cache.expiry-time = 60s (default)
2024-02-27 21:37:02,389 [6d1988e6-d732-42b7-a0ee-62d3ca1ef2f1-groupManagement] INFO  server.RaftServerConfigKeys (ConfUtils.java:logGet(46)) - raft.server.rpc.request.timeout = 60s (custom)
2024-02-27 21:37:02,389 [6d1988e6-d732-42b7-a0ee-62d3ca1ef2f1-groupManagement] INFO  server.RaftServerConfigKeys (ConfUtils.java:logGet(46)) - raft.server.log.appender.install.snapshot.enabled = false (custom)
2024-02-27 21:37:02,389 [6d1988e6-d732-42b7-a0ee-62d3ca1ef2f1-groupManagement] INFO  server.RaftServerConfigKeys (ConfUtils.java:logGet(46)) - raft.server.threadpool.server.cached = true (default)
2024-02-27 21:37:02,389 [6d1988e6-d732-42b7-a0ee-62d3ca1ef2f1-groupManagement] INFO  server.RaftServerConfigKeys (ConfUtils.java:logGet(46)) - raft.server.threadpool.server.size = 0 (default)
2024-02-27 21:37:02,390 [6d1988e6-d732-42b7-a0ee-62d3ca1ef2f1-groupManagement] INFO  server.RaftServerConfigKeys (ConfUtils.java:logGet(46)) - raft.server.threadpool.client.cached = true (default)
2024-02-27 21:37:02,390 [6d1988e6-d732-42b7-a0ee-62d3ca1ef2f1-groupManagement] INFO  server.RaftServerConfigKeys (ConfUtils.java:logGet(46)) - raft.server.threadpool.client.size = 0 (default)
2024-02-27 21:37:02,390 [6d1988e6-d732-42b7-a0ee-62d3ca1ef2f1-groupManagement] INFO  server.RaftServerConfigKeys (ConfUtils.java:logGet(46)) - raft.server.storage.free-space.min = 0MB (=0) (default)
2024-02-27 21:37:02,390 [6d1988e6-d732-42b7-a0ee-62d3ca1ef2f1-groupManagement] INFO  server.RaftServerConfigKeys (ConfUtils.java:logGet(46)) - raft.server.log.corruption.policy = EXCEPTION (default)
2024-02-27 21:37:02,390 [6d1988e6-d732-42b7-a0ee-62d3ca1ef2f1-groupManagement] INFO  server.RaftServerConfigKeys (ConfUtils.java:logGet(46)) - raft.server.storage.dir = [/home/runner/work/ozone/ozone/hadoop-ozone/integration-test/target/test-dir/MiniOzoneClusterImpl-075da85a-61fc-4f3b-aaa6-f3afee0da340/ozone-meta/datanode-3/ratis] (custom)
2024-02-27 21:37:02,390 [6d1988e6-d732-42b7-a0ee-62d3ca1ef2f1-groupManagement] INFO  storage.RaftStorageDirectory (RaftStorageDirectoryImpl.java:analyzeStorage(138)) - The storage directory /home/runner/work/ozone/ozone/hadoop-ozone/integration-test/target/test-dir/MiniOzoneClusterImpl-075da85a-61fc-4f3b-aaa6-f3afee0da340/ozone-meta/datanode-3/ratis/65c74a8d-5a7c-4552-b886-ee311a528b4f does not exist. Creating ...
2024-02-27 21:37:02,391 [6d1988e6-d732-42b7-a0ee-62d3ca1ef2f1-groupManagement] INFO  storage.RaftStorageDirectory (RaftStorageDirectoryImpl.java:tryLock(228)) - Lock on /home/runner/work/ozone/ozone/hadoop-ozone/integration-test/target/test-dir/MiniOzoneClusterImpl-075da85a-61fc-4f3b-aaa6-f3afee0da340/ozone-meta/datanode-3/ratis/65c74a8d-5a7c-4552-b886-ee311a528b4f/in_use.lock acquired by nodename 32143@fv-az531-651
2024-02-27 21:37:02,392 [6d1988e6-d732-42b7-a0ee-62d3ca1ef2f1-groupManagement] INFO  storage.RaftStorage (RaftStorageImpl.java:format(99)) - Storage directory /home/runner/work/ozone/ozone/hadoop-ozone/integration-test/target/test-dir/MiniOzoneClusterImpl-075da85a-61fc-4f3b-aaa6-f3afee0da340/ozone-meta/datanode-3/ratis/65c74a8d-5a7c-4552-b886-ee311a528b4f has been successfully formatted.
2024-02-27 21:37:02,393 [6d1988e6-d732-42b7-a0ee-62d3ca1ef2f1-groupManagement] WARN  util.FileUtils (LogUtils.java:supplyAndLog(63)) - Failed to Files.newInputStream /home/runner/work/ozone/ozone/hadoop-ozone/integration-test/target/test-dir/MiniOzoneClusterImpl-075da85a-61fc-4f3b-aaa6-f3afee0da340/ozone-meta/datanode-3/ratis/65c74a8d-5a7c-4552-b886-ee311a528b4f/current/raft-meta.conf with options []: java.nio.file.NoSuchFileException: /home/runner/work/ozone/ozone/hadoop-ozone/integration-test/target/test-dir/MiniOzoneClusterImpl-075da85a-61fc-4f3b-aaa6-f3afee0da340/ozone-meta/datanode-3/ratis/65c74a8d-5a7c-4552-b886-ee311a528b4f/current/raft-meta.conf
2024-02-27 21:37:02,393 [6d1988e6-d732-42b7-a0ee-62d3ca1ef2f1-groupManagement] INFO  ratis.ContainerStateMachine (ContainerStateMachine.java:loadSnapshot(287)) - group-EE311A528B4F: The snapshot info is null. Setting the last applied index to:(t:0, i:~)
2024-02-27 21:37:02,393 [6d1988e6-d732-42b7-a0ee-62d3ca1ef2f1-groupManagement] INFO  server.RaftServerConfigKeys (ConfUtils.java:logGet(46)) - raft.server.log.use.memory = false (default)
2024-02-27 21:37:02,394 [6d1988e6-d732-42b7-a0ee-62d3ca1ef2f1-groupManagement] INFO  server.RaftServerConfigKeys (ConfUtils.java:logGet(46)) - raft.server.log.purge.gap = 1000000 (custom)
2024-02-27 21:37:02,394 [6d1988e6-d732-42b7-a0ee-62d3ca1ef2f1-groupManagement] INFO  server.RaftServerConfigKeys (ConfUtils.java:logGet(46)) - raft.server.log.appender.buffer.byte-limit = 8388608 (custom)
2024-02-27 21:37:02,394 [6d1988e6-d732-42b7-a0ee-62d3ca1ef2f1-groupManagement] INFO  server.RaftServerConfigKeys (ConfUtils.java:logGet(46)) - raft.server.log.statemachine.data.read.timeout = 1000ms (default)
2024-02-27 21:37:02,395 [6d1988e6-d732-42b7-a0ee-62d3ca1ef2f1-groupManagement] INFO  server.RaftServerConfigKeys (ConfUtils.java:logGet(46)) - raft.server.log.purge.preservation.log.num = 0 (default)
2024-02-27 21:37:02,396 [6d1988e6-d732-42b7-a0ee-62d3ca1ef2f1-groupManagement] INFO  server.RaftServerConfigKeys (ConfUtils.java:logGet(46)) - raft.server.log.segment.size.max = 67108864 (custom)
2024-02-27 21:37:02,396 [6d1988e6-d732-42b7-a0ee-62d3ca1ef2f1-groupManagement] INFO  server.RaftServerConfigKeys (ConfUtils.java:logGet(46)) - raft.server.log.segment.cache.num.max = 2 (custom)
2024-02-27 21:37:02,396 [6d1988e6-d732-42b7-a0ee-62d3ca1ef2f1-groupManagement] INFO  server.RaftServerConfigKeys (ConfUtils.java:logGet(46)) - raft.server.log.segment.cache.size.max = 200MB (=209715200) (default)
2024-02-27 21:37:02,396 [6d1988e6-d732-42b7-a0ee-62d3ca1ef2f1-groupManagement] INFO  server.RaftServerConfigKeys (ConfUtils.java:logGet(46)) - raft.server.log.appender.buffer.byte-limit = 8388608 (custom)
2024-02-27 21:37:02,398 [6d1988e6-d732-42b7-a0ee-62d3ca1ef2f1-groupManagement] INFO  util.AwaitToRun (AwaitToRun.java:start(81)) - Thread[6d1988e6-d732-42b7-a0ee-62d3ca1ef2f1@group-EE311A528B4F-cacheEviction-AwaitToRun,5,main] started
2024-02-27 21:37:02,398 [6d1988e6-d732-42b7-a0ee-62d3ca1ef2f1-groupManagement] INFO  segmented.SegmentedRaftLogWorker (SegmentedRaftLogWorker.java:<init>(182)) - new 6d1988e6-d732-42b7-a0ee-62d3ca1ef2f1@group-EE311A528B4F-SegmentedRaftLogWorker for RaftStorageImpl:Storage Directory /home/runner/work/ozone/ozone/hadoop-ozone/integration-test/target/test-dir/MiniOzoneClusterImpl-075da85a-61fc-4f3b-aaa6-f3afee0da340/ozone-meta/datanode-3/ratis/65c74a8d-5a7c-4552-b886-ee311a528b4f
2024-02-27 21:37:02,398 [6d1988e6-d732-42b7-a0ee-62d3ca1ef2f1-groupManagement] INFO  server.RaftServerConfigKeys (ConfUtils.java:logGet(46)) - raft.server.log.queue.byte-limit = 4294967296 (custom)
2024-02-27 21:37:02,398 [6d1988e6-d732-42b7-a0ee-62d3ca1ef2f1-groupManagement] INFO  server.RaftServerConfigKeys (ConfUtils.java:logGet(46)) - raft.server.log.queue.element-limit = 1024 (custom)
2024-02-27 21:37:02,398 [6d1988e6-d732-42b7-a0ee-62d3ca1ef2f1-groupManagement] INFO  server.RaftServerConfigKeys (ConfUtils.java:logGet(46)) - raft.server.log.segment.size.max = 67108864 (custom)
2024-02-27 21:37:02,398 [6d1988e6-d732-42b7-a0ee-62d3ca1ef2f1-groupManagement] INFO  server.RaftServerConfigKeys (ConfUtils.java:logGet(46)) - raft.server.log.preallocated.size = 4194304 (custom)
2024-02-27 21:37:02,398 [6d1988e6-d732-42b7-a0ee-62d3ca1ef2f1-groupManagement] INFO  server.RaftServerConfigKeys (ConfUtils.java:logGet(46)) - raft.server.log.force.sync.num = 128 (default)
2024-02-27 21:37:02,398 [6d1988e6-d732-42b7-a0ee-62d3ca1ef2f1-groupManagement] INFO  server.RaftServerConfigKeys (ConfUtils.java:logGet(46)) - raft.server.log.statemachine.data.sync = true (default)
2024-02-27 21:37:02,398 [6d1988e6-d732-42b7-a0ee-62d3ca1ef2f1-groupManagement] INFO  server.RaftServerConfigKeys (ConfUtils.java:logGet(46)) - raft.server.log.statemachine.data.sync.timeout = 10s (default)
2024-02-27 21:37:02,399 [6d1988e6-d732-42b7-a0ee-62d3ca1ef2f1-groupManagement] INFO  server.RaftServerConfigKeys (ConfUtils.java:logGet(46)) - raft.server.log.statemachine.data.sync.timeout.retry = 0 (custom)
2024-02-27 21:37:02,399 [6d1988e6-d732-42b7-a0ee-62d3ca1ef2f1-groupManagement] INFO  server.RaftServerConfigKeys (ConfUtils.java:logGet(46)) - raft.server.log.write.buffer.size = 8388616 (custom)
2024-02-27 21:37:02,400 [6d1988e6-d732-42b7-a0ee-62d3ca1ef2f1-groupManagement] INFO  server.RaftServerConfigKeys (ConfUtils.java:logGet(46)) - raft.server.log.appender.buffer.byte-limit = 8388608 (custom)
2024-02-27 21:37:02,400 [6d1988e6-d732-42b7-a0ee-62d3ca1ef2f1-groupManagement] INFO  server.RaftServerConfigKeys (ConfUtils.java:logGet(46)) - raft.server.log.unsafe-flush.enabled = false (default)
2024-02-27 21:37:02,400 [6d1988e6-d732-42b7-a0ee-62d3ca1ef2f1-groupManagement] INFO  server.RaftServerConfigKeys (ConfUtils.java:logGet(46)) - raft.server.log.async-flush.enabled = false (default)
2024-02-27 21:37:02,400 [6d1988e6-d732-42b7-a0ee-62d3ca1ef2f1-groupManagement] INFO  server.RaftServerConfigKeys (ConfUtils.java:logGet(46)) - raft.server.log.statemachine.data.caching.enabled = true (custom)
2024-02-27 21:37:02,401 [6d1988e6-d732-42b7-a0ee-62d3ca1ef2f1-groupManagement] INFO  segmented.SegmentedRaftLogWorker (SegmentedRaftLogWorker.java:lambda$new$0(134)) - 6d1988e6-d732-42b7-a0ee-62d3ca1ef2f1@group-EE311A528B4F-SegmentedRaftLogWorker: flushIndex: setUnconditionally 0 -> -1
2024-02-27 21:37:02,401 [6d1988e6-d732-42b7-a0ee-62d3ca1ef2f1-groupManagement] INFO  segmented.SegmentedRaftLogWorker (SegmentedRaftLogWorker.java:lambda$new$0(134)) - 6d1988e6-d732-42b7-a0ee-62d3ca1ef2f1@group-EE311A528B4F-SegmentedRaftLogWorker: safeCacheEvictIndex: setUnconditionally 0 -> -1
2024-02-27 21:37:02,401 [6d1988e6-d732-42b7-a0ee-62d3ca1ef2f1-groupManagement] INFO  server.RaftServer$Division (RaftServerImpl.java:start(396)) - 6d1988e6-d732-42b7-a0ee-62d3ca1ef2f1@group-EE311A528B4F: start as a follower, conf=-1: peers:[71df5106-29e4-46d2-b533-d1616e11bc16|10.1.0.18:15076, e13e7e3b-b387-4fac-9683-3ea92427a7e8|10.1.0.18:15085, 6d1988e6-d732-42b7-a0ee-62d3ca1ef2f1|10.1.0.18:15094]|listeners:[], old=null
2024-02-27 21:37:02,401 [6d1988e6-d732-42b7-a0ee-62d3ca1ef2f1-groupManagement] INFO  server.RaftServer$Division (RaftServerImpl.java:setRole(383)) - 6d1988e6-d732-42b7-a0ee-62d3ca1ef2f1@group-EE311A528B4F: changes role from      null to FOLLOWER at term 0 for startAsFollower
2024-02-27 21:37:02,401 [6d1988e6-d732-42b7-a0ee-62d3ca1ef2f1-groupManagement] INFO  impl.RoleInfo (RoleInfo.java:updateAndGet(139)) - 6d1988e6-d732-42b7-a0ee-62d3ca1ef2f1: start 6d1988e6-d732-42b7-a0ee-62d3ca1ef2f1@group-EE311A528B4F-FollowerState
2024-02-27 21:37:02,401 [6d1988e6-d732-42b7-a0ee-62d3ca1ef2f1@group-EE311A528B4F-FollowerState] INFO  server.RaftServerConfigKeys (ConfUtils.java:logFallback(53)) - raft.server.rpc.first-election.timeout.min = 5s (fallback to raft.server.rpc.timeout.min)
2024-02-27 21:37:02,401 [6d1988e6-d732-42b7-a0ee-62d3ca1ef2f1-groupManagement] INFO  util.JmxRegister (JmxRegister.java:tryRegister(44)) - Successfully registered JMX Bean with object name Ratis:service=RaftServer,group=group-EE311A528B4F,id=6d1988e6-d732-42b7-a0ee-62d3ca1ef2f1
2024-02-27 21:37:02,401 [6d1988e6-d732-42b7-a0ee-62d3ca1ef2f1@group-EE311A528B4F-FollowerState] INFO  server.RaftServerConfigKeys (ConfUtils.java:logFallback(53)) - raft.server.rpc.first-election.timeout.max = 5200ms (fallback to raft.server.rpc.timeout.max)
2024-02-27 21:37:02,401 [6d1988e6-d732-42b7-a0ee-62d3ca1ef2f1-groupManagement] INFO  server.RaftServerConfigKeys (ConfUtils.java:logGet(46)) - raft.server.snapshot.trigger-when-stop.enabled = true (default)
2024-02-27 21:37:02,401 [6d1988e6-d732-42b7-a0ee-62d3ca1ef2f1-groupManagement] INFO  server.RaftServerConfigKeys (ConfUtils.java:logGet(46)) - raft.server.snapshot.auto.trigger.enabled = true (custom)
2024-02-27 21:37:02,402 [6d1988e6-d732-42b7-a0ee-62d3ca1ef2f1-groupManagement] INFO  server.RaftServerConfigKeys (ConfUtils.java:logGet(46)) - raft.server.snapshot.auto.trigger.threshold = 10000 (custom)
2024-02-27 21:37:02,402 [6d1988e6-d732-42b7-a0ee-62d3ca1ef2f1-groupManagement] INFO  server.RaftServerConfigKeys (ConfUtils.java:logGet(46)) - raft.server.snapshot.retention.file.num = 5 (custom)
2024-02-27 21:37:02,402 [6d1988e6-d732-42b7-a0ee-62d3ca1ef2f1-groupManagement] INFO  server.RaftServerConfigKeys (ConfUtils.java:logGet(46)) - raft.server.log.purge.upto.snapshot.index = false (default)
2024-02-27 21:37:02,409 [71df5106-29e4-46d2-b533-d1616e11bc16-PipelineCommandHandlerThread-0] INFO  commandhandler.CreatePipelineCommandHandler (CreatePipelineCommandHandler.java:lambda$handle$2(124)) - Created Pipeline RATIS THREE PipelineID=65c74a8d-5a7c-4552-b886-ee311a528b4f.
2024-02-27 21:37:02,409 [71df5106-29e4-46d2-b533-d1616e11bc16-PipelineCommandHandlerThread-0] INFO  server.RaftServer (RaftServerProxy.java:addNew(100)) - 71df5106-29e4-46d2-b533-d1616e11bc16: addNew group-59E1F7E51CDF:[71df5106-29e4-46d2-b533-d1616e11bc16|10.1.0.18:15076, e13e7e3b-b387-4fac-9683-3ea92427a7e8|10.1.0.18:15085, 6d1988e6-d732-42b7-a0ee-62d3ca1ef2f1|10.1.0.18:15094] returns group-59E1F7E51CDF:java.util.concurrent.CompletableFuture@309b0733[Not completed]
2024-02-27 21:37:02,410 [71df5106-29e4-46d2-b533-d1616e11bc16-groupManagement] INFO  server.RaftServer$Division (RaftServerImpl.java:<init>(256)) - 71df5106-29e4-46d2-b533-d1616e11bc16: new RaftServerImpl for group-59E1F7E51CDF:[71df5106-29e4-46d2-b533-d1616e11bc16|10.1.0.18:15076, e13e7e3b-b387-4fac-9683-3ea92427a7e8|10.1.0.18:15085, 6d1988e6-d732-42b7-a0ee-62d3ca1ef2f1|10.1.0.18:15094] with ContainerStateMachine:uninitialized
2024-02-27 21:37:02,410 [71df5106-29e4-46d2-b533-d1616e11bc16-groupManagement] INFO  server.RaftServerConfigKeys (ConfUtils.java:logGet(46)) - raft.server.rpc.timeout.min = 5s (custom)
2024-02-27 21:37:02,410 [71df5106-29e4-46d2-b533-d1616e11bc16-groupManagement] INFO  server.RaftServerConfigKeys (ConfUtils.java:logGet(46)) - raft.server.rpc.timeout.max = 5200ms (custom)
2024-02-27 21:37:02,410 [71df5106-29e4-46d2-b533-d1616e11bc16-groupManagement] INFO  server.RaftServerConfigKeys (ConfUtils.java:logGet(46)) - raft.server.rpc.sleep.time = 25ms (default)
2024-02-27 21:37:02,410 [71df5106-29e4-46d2-b533-d1616e11bc16-groupManagement] INFO  server.RaftServerConfigKeys (ConfUtils.java:logGet(46)) - raft.server.rpc.slowness.timeout = 300s (custom)
2024-02-27 21:37:02,410 [71df5106-29e4-46d2-b533-d1616e11bc16-groupManagement] INFO  server.RaftServerConfigKeys (ConfUtils.java:logGet(46)) - raft.server.leaderelection.leader.step-down.wait-time = 10s (default)
2024-02-27 21:37:02,410 [71df5106-29e4-46d2-b533-d1616e11bc16-groupManagement] INFO  server.RaftServerConfigKeys (ConfUtils.java:logGet(46)) - raft.server.leaderelection.member.majority-add = false (default)
2024-02-27 21:37:02,411 [71df5106-29e4-46d2-b533-d1616e11bc16-groupManagement] INFO  server.RaftServerConfigKeys (ConfUtils.java:logGet(46)) - raft.server.sleep.deviation.threshold = 300ms (default)
2024-02-27 21:37:02,411 [71df5106-29e4-46d2-b533-d1616e11bc16-groupManagement] INFO  server.RaftServer$Division (ServerState.java:<init>(113)) - 71df5106-29e4-46d2-b533-d1616e11bc16@group-59E1F7E51CDF: ConfigurationManager, init=-1: peers:[71df5106-29e4-46d2-b533-d1616e11bc16|10.1.0.18:15076, e13e7e3b-b387-4fac-9683-3ea92427a7e8|10.1.0.18:15085, 6d1988e6-d732-42b7-a0ee-62d3ca1ef2f1|10.1.0.18:15094]|listeners:[], old=null, confs=<EMPTY_MAP>
2024-02-27 21:37:02,411 [71df5106-29e4-46d2-b533-d1616e11bc16-groupManagement] INFO  server.RaftServerConfigKeys (ConfUtils.java:logGet(46)) - raft.server.notification.no-leader.timeout = 300s (custom)
2024-02-27 21:37:02,411 [71df5106-29e4-46d2-b533-d1616e11bc16-groupManagement] INFO  server.RaftServerConfigKeys (ConfUtils.java:logGet(46)) - raft.server.read.timeout = 10s (default)
2024-02-27 21:37:02,411 [71df5106-29e4-46d2-b533-d1616e11bc16-groupManagement] INFO  server.RaftServerConfigKeys (ConfUtils.java:logGet(46)) - raft.server.retrycache.expirytime = 600000ms (custom)
2024-02-27 21:37:02,411 [71df5106-29e4-46d2-b533-d1616e11bc16-groupManagement] INFO  server.RaftServerConfigKeys (ConfUtils.java:logGet(46)) - raft.server.retrycache.statistics.expirytime = 100ms (default)
2024-02-27 21:37:02,411 [71df5106-29e4-46d2-b533-d1616e11bc16-groupManagement] INFO  server.RaftServerConfigKeys (ConfUtils.java:logGet(46)) - raft.server.read.option = DEFAULT (default)
2024-02-27 21:37:02,411 [71df5106-29e4-46d2-b533-d1616e11bc16-groupManagement] INFO  server.RaftServerConfigKeys (ConfUtils.java:logGet(46)) - raft.server.read.read-after-write-consistent.write-index-cache.expiry-time = 60s (default)
2024-02-27 21:37:02,413 [71df5106-29e4-46d2-b533-d1616e11bc16-groupManagement] INFO  server.RaftServerConfigKeys (ConfUtils.java:logGet(46)) - raft.server.rpc.request.timeout = 60s (custom)
2024-02-27 21:37:02,413 [71df5106-29e4-46d2-b533-d1616e11bc16-groupManagement] INFO  server.RaftServerConfigKeys (ConfUtils.java:logGet(46)) - raft.server.log.appender.install.snapshot.enabled = false (custom)
2024-02-27 21:37:02,413 [71df5106-29e4-46d2-b533-d1616e11bc16-groupManagement] INFO  server.RaftServerConfigKeys (ConfUtils.java:logGet(46)) - raft.server.threadpool.server.cached = true (default)
2024-02-27 21:37:02,413 [71df5106-29e4-46d2-b533-d1616e11bc16-groupManagement] INFO  server.RaftServerConfigKeys (ConfUtils.java:logGet(46)) - raft.server.threadpool.server.size = 0 (default)
2024-02-27 21:37:02,413 [71df5106-29e4-46d2-b533-d1616e11bc16-groupManagement] INFO  server.RaftServerConfigKeys (ConfUtils.java:logGet(46)) - raft.server.threadpool.client.cached = true (default)
2024-02-27 21:37:02,413 [71df5106-29e4-46d2-b533-d1616e11bc16-groupManagement] INFO  server.RaftServerConfigKeys (ConfUtils.java:logGet(46)) - raft.server.threadpool.client.size = 0 (default)
2024-02-27 21:37:02,413 [71df5106-29e4-46d2-b533-d1616e11bc16-groupManagement] INFO  server.RaftServerConfigKeys (ConfUtils.java:logGet(46)) - raft.server.storage.free-space.min = 0MB (=0) (default)
2024-02-27 21:37:02,413 [71df5106-29e4-46d2-b533-d1616e11bc16-groupManagement] INFO  server.RaftServerConfigKeys (ConfUtils.java:logGet(46)) - raft.server.log.corruption.policy = EXCEPTION (default)
2024-02-27 21:37:02,413 [71df5106-29e4-46d2-b533-d1616e11bc16-groupManagement] INFO  server.RaftServerConfigKeys (ConfUtils.java:logGet(46)) - raft.server.storage.dir = [/home/runner/work/ozone/ozone/hadoop-ozone/integration-test/target/test-dir/MiniOzoneClusterImpl-075da85a-61fc-4f3b-aaa6-f3afee0da340/ozone-meta/datanode-1/ratis] (custom)
2024-02-27 21:37:02,413 [71df5106-29e4-46d2-b533-d1616e11bc16-groupManagement] INFO  storage.RaftStorageDirectory (RaftStorageDirectoryImpl.java:analyzeStorage(138)) - The storage directory /home/runner/work/ozone/ozone/hadoop-ozone/integration-test/target/test-dir/MiniOzoneClusterImpl-075da85a-61fc-4f3b-aaa6-f3afee0da340/ozone-meta/datanode-1/ratis/20419fbb-d945-4096-ad99-59e1f7e51cdf does not exist. Creating ...
2024-02-27 21:37:02,415 [71df5106-29e4-46d2-b533-d1616e11bc16-groupManagement] INFO  storage.RaftStorageDirectory (RaftStorageDirectoryImpl.java:tryLock(228)) - Lock on /home/runner/work/ozone/ozone/hadoop-ozone/integration-test/target/test-dir/MiniOzoneClusterImpl-075da85a-61fc-4f3b-aaa6-f3afee0da340/ozone-meta/datanode-1/ratis/20419fbb-d945-4096-ad99-59e1f7e51cdf/in_use.lock acquired by nodename 32143@fv-az531-651
2024-02-27 21:37:02,416 [71df5106-29e4-46d2-b533-d1616e11bc16-groupManagement] INFO  storage.RaftStorage (RaftStorageImpl.java:format(99)) - Storage directory /home/runner/work/ozone/ozone/hadoop-ozone/integration-test/target/test-dir/MiniOzoneClusterImpl-075da85a-61fc-4f3b-aaa6-f3afee0da340/ozone-meta/datanode-1/ratis/20419fbb-d945-4096-ad99-59e1f7e51cdf has been successfully formatted.
2024-02-27 21:37:02,416 [71df5106-29e4-46d2-b533-d1616e11bc16-groupManagement] WARN  util.FileUtils (LogUtils.java:supplyAndLog(63)) - Failed to Files.newInputStream /home/runner/work/ozone/ozone/hadoop-ozone/integration-test/target/test-dir/MiniOzoneClusterImpl-075da85a-61fc-4f3b-aaa6-f3afee0da340/ozone-meta/datanode-1/ratis/20419fbb-d945-4096-ad99-59e1f7e51cdf/current/raft-meta.conf with options []: java.nio.file.NoSuchFileException: /home/runner/work/ozone/ozone/hadoop-ozone/integration-test/target/test-dir/MiniOzoneClusterImpl-075da85a-61fc-4f3b-aaa6-f3afee0da340/ozone-meta/datanode-1/ratis/20419fbb-d945-4096-ad99-59e1f7e51cdf/current/raft-meta.conf
2024-02-27 21:37:02,416 [71df5106-29e4-46d2-b533-d1616e11bc16-groupManagement] INFO  ratis.ContainerStateMachine (ContainerStateMachine.java:loadSnapshot(287)) - group-59E1F7E51CDF: The snapshot info is null. Setting the last applied index to:(t:0, i:~)
2024-02-27 21:37:02,416 [71df5106-29e4-46d2-b533-d1616e11bc16-groupManagement] INFO  server.RaftServerConfigKeys (ConfUtils.java:logGet(46)) - raft.server.log.use.memory = false (default)
2024-02-27 21:37:02,417 [71df5106-29e4-46d2-b533-d1616e11bc16-groupManagement] INFO  server.RaftServerConfigKeys (ConfUtils.java:logGet(46)) - raft.server.log.purge.gap = 1000000 (custom)
2024-02-27 21:37:02,417 [71df5106-29e4-46d2-b533-d1616e11bc16-groupManagement] INFO  server.RaftServerConfigKeys (ConfUtils.java:logGet(46)) - raft.server.log.appender.buffer.byte-limit = 8388608 (custom)
2024-02-27 21:37:02,417 [71df5106-29e4-46d2-b533-d1616e11bc16-groupManagement] INFO  server.RaftServerConfigKeys (ConfUtils.java:logGet(46)) - raft.server.log.statemachine.data.read.timeout = 1000ms (default)
2024-02-27 21:37:02,417 [71df5106-29e4-46d2-b533-d1616e11bc16-groupManagement] INFO  server.RaftServerConfigKeys (ConfUtils.java:logGet(46)) - raft.server.log.purge.preservation.log.num = 0 (default)
2024-02-27 21:37:02,418 [EventQueue-OpenPipelineForHealthyPipelineSafeModeRule] INFO  safemode.SCMSafeModeManager (HealthyPipelineSafeModeRule.java:process(140)) - SCM in safe mode. Healthy pipelines reported count is 0, required healthy pipeline reported count is 1
2024-02-27 21:37:02,418 [71df5106-29e4-46d2-b533-d1616e11bc16-groupManagement] INFO  server.RaftServerConfigKeys (ConfUtils.java:logGet(46)) - raft.server.log.segment.size.max = 67108864 (custom)
2024-02-27 21:37:02,419 [71df5106-29e4-46d2-b533-d1616e11bc16-groupManagement] INFO  server.RaftServerConfigKeys (ConfUtils.java:logGet(46)) - raft.server.log.segment.cache.num.max = 2 (custom)
2024-02-27 21:37:02,419 [71df5106-29e4-46d2-b533-d1616e11bc16-groupManagement] INFO  server.RaftServerConfigKeys (ConfUtils.java:logGet(46)) - raft.server.log.segment.cache.size.max = 200MB (=209715200) (default)
2024-02-27 21:37:02,419 [71df5106-29e4-46d2-b533-d1616e11bc16-groupManagement] INFO  server.RaftServerConfigKeys (ConfUtils.java:logGet(46)) - raft.server.log.appender.buffer.byte-limit = 8388608 (custom)
2024-02-27 21:37:02,419 [71df5106-29e4-46d2-b533-d1616e11bc16-groupManagement] INFO  util.AwaitToRun (AwaitToRun.java:start(81)) - Thread[71df5106-29e4-46d2-b533-d1616e11bc16@group-59E1F7E51CDF-cacheEviction-AwaitToRun,5,main] started
2024-02-27 21:37:02,419 [71df5106-29e4-46d2-b533-d1616e11bc16-groupManagement] INFO  segmented.SegmentedRaftLogWorker (SegmentedRaftLogWorker.java:<init>(182)) - new 71df5106-29e4-46d2-b533-d1616e11bc16@group-59E1F7E51CDF-SegmentedRaftLogWorker for RaftStorageImpl:Storage Directory /home/runner/work/ozone/ozone/hadoop-ozone/integration-test/target/test-dir/MiniOzoneClusterImpl-075da85a-61fc-4f3b-aaa6-f3afee0da340/ozone-meta/datanode-1/ratis/20419fbb-d945-4096-ad99-59e1f7e51cdf
2024-02-27 21:37:02,419 [71df5106-29e4-46d2-b533-d1616e11bc16-groupManagement] INFO  server.RaftServerConfigKeys (ConfUtils.java:logGet(46)) - raft.server.log.queue.byte-limit = 4294967296 (custom)
2024-02-27 21:37:02,419 [71df5106-29e4-46d2-b533-d1616e11bc16-groupManagement] INFO  server.RaftServerConfigKeys (ConfUtils.java:logGet(46)) - raft.server.log.queue.element-limit = 1024 (custom)
2024-02-27 21:37:02,419 [71df5106-29e4-46d2-b533-d1616e11bc16-groupManagement] INFO  server.RaftServerConfigKeys (ConfUtils.java:logGet(46)) - raft.server.log.segment.size.max = 67108864 (custom)
2024-02-27 21:37:02,419 [71df5106-29e4-46d2-b533-d1616e11bc16-groupManagement] INFO  server.RaftServerConfigKeys (ConfUtils.java:logGet(46)) - raft.server.log.preallocated.size = 4194304 (custom)
2024-02-27 21:37:02,419 [71df5106-29e4-46d2-b533-d1616e11bc16-groupManagement] INFO  server.RaftServerConfigKeys (ConfUtils.java:logGet(46)) - raft.server.log.force.sync.num = 128 (default)
2024-02-27 21:37:02,419 [71df5106-29e4-46d2-b533-d1616e11bc16-groupManagement] INFO  server.RaftServerConfigKeys (ConfUtils.java:logGet(46)) - raft.server.log.statemachine.data.sync = true (default)
2024-02-27 21:37:02,420 [71df5106-29e4-46d2-b533-d1616e11bc16-groupManagement] INFO  server.RaftServerConfigKeys (ConfUtils.java:logGet(46)) - raft.server.log.statemachine.data.sync.timeout = 10s (default)
2024-02-27 21:37:02,420 [71df5106-29e4-46d2-b533-d1616e11bc16-groupManagement] INFO  server.RaftServerConfigKeys (ConfUtils.java:logGet(46)) - raft.server.log.statemachine.data.sync.timeout.retry = 0 (custom)
2024-02-27 21:37:02,420 [71df5106-29e4-46d2-b533-d1616e11bc16-groupManagement] INFO  server.RaftServerConfigKeys (ConfUtils.java:logGet(46)) - raft.server.log.write.buffer.size = 8388616 (custom)
2024-02-27 21:37:02,421 [71df5106-29e4-46d2-b533-d1616e11bc16-groupManagement] INFO  server.RaftServerConfigKeys (ConfUtils.java:logGet(46)) - raft.server.log.appender.buffer.byte-limit = 8388608 (custom)
2024-02-27 21:37:02,421 [71df5106-29e4-46d2-b533-d1616e11bc16-groupManagement] INFO  server.RaftServerConfigKeys (ConfUtils.java:logGet(46)) - raft.server.log.unsafe-flush.enabled = false (default)
2024-02-27 21:37:02,422 [71df5106-29e4-46d2-b533-d1616e11bc16-groupManagement] INFO  server.RaftServerConfigKeys (ConfUtils.java:logGet(46)) - raft.server.log.async-flush.enabled = false (default)
2024-02-27 21:37:02,422 [71df5106-29e4-46d2-b533-d1616e11bc16-groupManagement] INFO  server.RaftServerConfigKeys (ConfUtils.java:logGet(46)) - raft.server.log.statemachine.data.caching.enabled = true (custom)
2024-02-27 21:37:02,422 [71df5106-29e4-46d2-b533-d1616e11bc16-groupManagement] INFO  segmented.SegmentedRaftLogWorker (SegmentedRaftLogWorker.java:lambda$new$0(134)) - 71df5106-29e4-46d2-b533-d1616e11bc16@group-59E1F7E51CDF-SegmentedRaftLogWorker: flushIndex: setUnconditionally 0 -> -1
2024-02-27 21:37:02,422 [71df5106-29e4-46d2-b533-d1616e11bc16-groupManagement] INFO  segmented.SegmentedRaftLogWorker (SegmentedRaftLogWorker.java:lambda$new$0(134)) - 71df5106-29e4-46d2-b533-d1616e11bc16@group-59E1F7E51CDF-SegmentedRaftLogWorker: safeCacheEvictIndex: setUnconditionally 0 -> -1
2024-02-27 21:37:02,422 [71df5106-29e4-46d2-b533-d1616e11bc16-groupManagement] INFO  server.RaftServer$Division (RaftServerImpl.java:start(396)) - 71df5106-29e4-46d2-b533-d1616e11bc16@group-59E1F7E51CDF: start as a follower, conf=-1: peers:[71df5106-29e4-46d2-b533-d1616e11bc16|10.1.0.18:15076, e13e7e3b-b387-4fac-9683-3ea92427a7e8|10.1.0.18:15085, 6d1988e6-d732-42b7-a0ee-62d3ca1ef2f1|10.1.0.18:15094]|listeners:[], old=null
2024-02-27 21:37:02,422 [71df5106-29e4-46d2-b533-d1616e11bc16-groupManagement] INFO  server.RaftServer$Division (RaftServerImpl.java:setRole(383)) - 71df5106-29e4-46d2-b533-d1616e11bc16@group-59E1F7E51CDF: changes role from      null to FOLLOWER at term 0 for startAsFollower
2024-02-27 21:37:02,422 [71df5106-29e4-46d2-b533-d1616e11bc16-groupManagement] INFO  impl.RoleInfo (RoleInfo.java:updateAndGet(139)) - 71df5106-29e4-46d2-b533-d1616e11bc16: start 71df5106-29e4-46d2-b533-d1616e11bc16@group-59E1F7E51CDF-FollowerState
2024-02-27 21:37:02,422 [71df5106-29e4-46d2-b533-d1616e11bc16@group-59E1F7E51CDF-FollowerState] INFO  server.RaftServerConfigKeys (ConfUtils.java:logFallback(53)) - raft.server.rpc.first-election.timeout.min = 5s (fallback to raft.server.rpc.timeout.min)
2024-02-27 21:37:02,422 [71df5106-29e4-46d2-b533-d1616e11bc16-groupManagement] INFO  util.JmxRegister (JmxRegister.java:tryRegister(44)) - Successfully registered JMX Bean with object name Ratis:service=RaftServer,group=group-59E1F7E51CDF,id=71df5106-29e4-46d2-b533-d1616e11bc16
2024-02-27 21:37:02,423 [71df5106-29e4-46d2-b533-d1616e11bc16@group-59E1F7E51CDF-FollowerState] INFO  server.RaftServerConfigKeys (ConfUtils.java:logFallback(53)) - raft.server.rpc.first-election.timeout.max = 5200ms (fallback to raft.server.rpc.timeout.max)
2024-02-27 21:37:02,423 [71df5106-29e4-46d2-b533-d1616e11bc16-groupManagement] INFO  server.RaftServerConfigKeys (ConfUtils.java:logGet(46)) - raft.server.snapshot.trigger-when-stop.enabled = true (default)
2024-02-27 21:37:02,423 [71df5106-29e4-46d2-b533-d1616e11bc16-groupManagement] INFO  server.RaftServerConfigKeys (ConfUtils.java:logGet(46)) - raft.server.snapshot.auto.trigger.enabled = true (custom)
2024-02-27 21:37:02,423 [71df5106-29e4-46d2-b533-d1616e11bc16-groupManagement] INFO  server.RaftServerConfigKeys (ConfUtils.java:logGet(46)) - raft.server.snapshot.auto.trigger.threshold = 10000 (custom)
2024-02-27 21:37:02,423 [71df5106-29e4-46d2-b533-d1616e11bc16-groupManagement] INFO  server.RaftServerConfigKeys (ConfUtils.java:logGet(46)) - raft.server.snapshot.retention.file.num = 5 (custom)
2024-02-27 21:37:02,423 [71df5106-29e4-46d2-b533-d1616e11bc16-groupManagement] INFO  server.RaftServerConfigKeys (ConfUtils.java:logGet(46)) - raft.server.log.purge.upto.snapshot.index = false (default)
2024-02-27 21:37:02,423 [71df5106-29e4-46d2-b533-d1616e11bc16-PipelineCommandHandlerThread-0] INFO  ratis.XceiverServerRatis (XceiverServerRatis.java:addGroup(864)) - Created group PipelineID=20419fbb-d945-4096-ad99-59e1f7e51cdf
2024-02-27 21:37:02,425 [e13e7e3b-b387-4fac-9683-3ea92427a7e8-PipelineCommandHandlerThread-0] INFO  server.RaftServer (RaftServerProxy.java:addNew(100)) - e13e7e3b-b387-4fac-9683-3ea92427a7e8: addNew group-7C3CB0869E93:[e13e7e3b-b387-4fac-9683-3ea92427a7e8|10.1.0.18:15085] returns group-7C3CB0869E93:java.util.concurrent.CompletableFuture@6ac3d3d8[Not completed]
2024-02-27 21:37:02,425 [e13e7e3b-b387-4fac-9683-3ea92427a7e8-groupManagement] INFO  server.RaftServer$Division (RaftServerImpl.java:<init>(256)) - e13e7e3b-b387-4fac-9683-3ea92427a7e8: new RaftServerImpl for group-7C3CB0869E93:[e13e7e3b-b387-4fac-9683-3ea92427a7e8|10.1.0.18:15085] with ContainerStateMachine:uninitialized
2024-02-27 21:37:02,425 [e13e7e3b-b387-4fac-9683-3ea92427a7e8-groupManagement] INFO  server.RaftServerConfigKeys (ConfUtils.java:logGet(46)) - raft.server.rpc.timeout.min = 5s (custom)
2024-02-27 21:37:02,425 [e13e7e3b-b387-4fac-9683-3ea92427a7e8-groupManagement] INFO  server.RaftServerConfigKeys (ConfUtils.java:logGet(46)) - raft.server.rpc.timeout.max = 5200ms (custom)
2024-02-27 21:37:02,425 [e13e7e3b-b387-4fac-9683-3ea92427a7e8-groupManagement] INFO  server.RaftServerConfigKeys (ConfUtils.java:logGet(46)) - raft.server.rpc.sleep.time = 25ms (default)
2024-02-27 21:37:02,425 [e13e7e3b-b387-4fac-9683-3ea92427a7e8-groupManagement] INFO  server.RaftServerConfigKeys (ConfUtils.java:logGet(46)) - raft.server.rpc.slowness.timeout = 300s (custom)
2024-02-27 21:37:02,425 [e13e7e3b-b387-4fac-9683-3ea92427a7e8-groupManagement] INFO  server.RaftServerConfigKeys (ConfUtils.java:logGet(46)) - raft.server.leaderelection.leader.step-down.wait-time = 10s (default)
2024-02-27 21:37:02,425 [e13e7e3b-b387-4fac-9683-3ea92427a7e8-groupManagement] INFO  server.RaftServerConfigKeys (ConfUtils.java:logGet(46)) - raft.server.leaderelection.member.majority-add = false (default)
2024-02-27 21:37:02,426 [e13e7e3b-b387-4fac-9683-3ea92427a7e8-groupManagement] INFO  server.RaftServerConfigKeys (ConfUtils.java:logGet(46)) - raft.server.sleep.deviation.threshold = 300ms (default)
2024-02-27 21:37:02,426 [e13e7e3b-b387-4fac-9683-3ea92427a7e8-groupManagement] INFO  server.RaftServer$Division (ServerState.java:<init>(113)) - e13e7e3b-b387-4fac-9683-3ea92427a7e8@group-7C3CB0869E93: ConfigurationManager, init=-1: peers:[e13e7e3b-b387-4fac-9683-3ea92427a7e8|10.1.0.18:15085]|listeners:[], old=null, confs=<EMPTY_MAP>
2024-02-27 21:37:02,426 [e13e7e3b-b387-4fac-9683-3ea92427a7e8-groupManagement] INFO  server.RaftServerConfigKeys (ConfUtils.java:logGet(46)) - raft.server.notification.no-leader.timeout = 300s (custom)
2024-02-27 21:37:02,426 [e13e7e3b-b387-4fac-9683-3ea92427a7e8-groupManagement] INFO  server.RaftServerConfigKeys (ConfUtils.java:logGet(46)) - raft.server.read.timeout = 10s (default)
2024-02-27 21:37:02,426 [e13e7e3b-b387-4fac-9683-3ea92427a7e8-groupManagement] INFO  server.RaftServerConfigKeys (ConfUtils.java:logGet(46)) - raft.server.retrycache.expirytime = 600000ms (custom)
2024-02-27 21:37:02,426 [e13e7e3b-b387-4fac-9683-3ea92427a7e8-groupManagement] INFO  server.RaftServerConfigKeys (ConfUtils.java:logGet(46)) - raft.server.retrycache.statistics.expirytime = 100ms (default)
2024-02-27 21:37:02,426 [e13e7e3b-b387-4fac-9683-3ea92427a7e8-groupManagement] INFO  server.RaftServerConfigKeys (ConfUtils.java:logGet(46)) - raft.server.read.option = DEFAULT (default)
2024-02-27 21:37:02,426 [e13e7e3b-b387-4fac-9683-3ea92427a7e8-groupManagement] INFO  server.RaftServerConfigKeys (ConfUtils.java:logGet(46)) - raft.server.read.read-after-write-consistent.write-index-cache.expiry-time = 60s (default)
2024-02-27 21:37:02,429 [e13e7e3b-b387-4fac-9683-3ea92427a7e8-groupManagement] INFO  server.RaftServerConfigKeys (ConfUtils.java:logGet(46)) - raft.server.rpc.request.timeout = 60s (custom)
2024-02-27 21:37:02,429 [e13e7e3b-b387-4fac-9683-3ea92427a7e8-groupManagement] INFO  server.RaftServerConfigKeys (ConfUtils.java:logGet(46)) - raft.server.log.appender.install.snapshot.enabled = false (custom)
2024-02-27 21:37:02,429 [e13e7e3b-b387-4fac-9683-3ea92427a7e8-groupManagement] INFO  server.RaftServerConfigKeys (ConfUtils.java:logGet(46)) - raft.server.threadpool.server.cached = true (default)
2024-02-27 21:37:02,429 [e13e7e3b-b387-4fac-9683-3ea92427a7e8-groupManagement] INFO  server.RaftServerConfigKeys (ConfUtils.java:logGet(46)) - raft.server.threadpool.server.size = 0 (default)
2024-02-27 21:37:02,429 [e13e7e3b-b387-4fac-9683-3ea92427a7e8-groupManagement] INFO  server.RaftServerConfigKeys (ConfUtils.java:logGet(46)) - raft.server.threadpool.client.cached = true (default)
2024-02-27 21:37:02,429 [e13e7e3b-b387-4fac-9683-3ea92427a7e8-groupManagement] INFO  server.RaftServerConfigKeys (ConfUtils.java:logGet(46)) - raft.server.threadpool.client.size = 0 (default)
2024-02-27 21:37:02,429 [e13e7e3b-b387-4fac-9683-3ea92427a7e8-groupManagement] INFO  server.RaftServerConfigKeys (ConfUtils.java:logGet(46)) - raft.server.storage.free-space.min = 0MB (=0) (default)
2024-02-27 21:37:02,429 [e13e7e3b-b387-4fac-9683-3ea92427a7e8-groupManagement] INFO  server.RaftServerConfigKeys (ConfUtils.java:logGet(46)) - raft.server.log.corruption.policy = EXCEPTION (default)
2024-02-27 21:37:02,430 [e13e7e3b-b387-4fac-9683-3ea92427a7e8-groupManagement] INFO  server.RaftServerConfigKeys (ConfUtils.java:logGet(46)) - raft.server.storage.dir = [/home/runner/work/ozone/ozone/hadoop-ozone/integration-test/target/test-dir/MiniOzoneClusterImpl-075da85a-61fc-4f3b-aaa6-f3afee0da340/ozone-meta/datanode-2/ratis] (custom)
2024-02-27 21:37:02,430 [e13e7e3b-b387-4fac-9683-3ea92427a7e8-groupManagement] INFO  storage.RaftStorageDirectory (RaftStorageDirectoryImpl.java:analyzeStorage(138)) - The storage directory /home/runner/work/ozone/ozone/hadoop-ozone/integration-test/target/test-dir/MiniOzoneClusterImpl-075da85a-61fc-4f3b-aaa6-f3afee0da340/ozone-meta/datanode-2/ratis/579db771-9598-4b39-84fa-7c3cb0869e93 does not exist. Creating ...
2024-02-27 21:37:02,431 [grpc-default-executor-0] INFO  server.RaftServer (RaftServerProxy.java:addNew(100)) - e13e7e3b-b387-4fac-9683-3ea92427a7e8: addNew group-59E1F7E51CDF:[71df5106-29e4-46d2-b533-d1616e11bc16|10.1.0.18:15076, e13e7e3b-b387-4fac-9683-3ea92427a7e8|10.1.0.18:15085, 6d1988e6-d732-42b7-a0ee-62d3ca1ef2f1|10.1.0.18:15094] returns group-59E1F7E51CDF:java.util.concurrent.CompletableFuture@1f185798[Not completed]
2024-02-27 21:37:02,432 [e13e7e3b-b387-4fac-9683-3ea92427a7e8-groupManagement] INFO  storage.RaftStorageDirectory (RaftStorageDirectoryImpl.java:tryLock(228)) - Lock on /home/runner/work/ozone/ozone/hadoop-ozone/integration-test/target/test-dir/MiniOzoneClusterImpl-075da85a-61fc-4f3b-aaa6-f3afee0da340/ozone-meta/datanode-2/ratis/579db771-9598-4b39-84fa-7c3cb0869e93/in_use.lock acquired by nodename 32143@fv-az531-651
2024-02-27 21:37:02,433 [e13e7e3b-b387-4fac-9683-3ea92427a7e8-groupManagement] INFO  storage.RaftStorage (RaftStorageImpl.java:format(99)) - Storage directory /home/runner/work/ozone/ozone/hadoop-ozone/integration-test/target/test-dir/MiniOzoneClusterImpl-075da85a-61fc-4f3b-aaa6-f3afee0da340/ozone-meta/datanode-2/ratis/579db771-9598-4b39-84fa-7c3cb0869e93 has been successfully formatted.
2024-02-27 21:37:02,433 [e13e7e3b-b387-4fac-9683-3ea92427a7e8-groupManagement] WARN  util.FileUtils (LogUtils.java:supplyAndLog(63)) - Failed to Files.newInputStream /home/runner/work/ozone/ozone/hadoop-ozone/integration-test/target/test-dir/MiniOzoneClusterImpl-075da85a-61fc-4f3b-aaa6-f3afee0da340/ozone-meta/datanode-2/ratis/579db771-9598-4b39-84fa-7c3cb0869e93/current/raft-meta.conf with options []: java.nio.file.NoSuchFileException: /home/runner/work/ozone/ozone/hadoop-ozone/integration-test/target/test-dir/MiniOzoneClusterImpl-075da85a-61fc-4f3b-aaa6-f3afee0da340/ozone-meta/datanode-2/ratis/579db771-9598-4b39-84fa-7c3cb0869e93/current/raft-meta.conf
2024-02-27 21:37:02,433 [e13e7e3b-b387-4fac-9683-3ea92427a7e8-groupManagement] INFO  ratis.ContainerStateMachine (ContainerStateMachine.java:loadSnapshot(287)) - group-7C3CB0869E93: The snapshot info is null. Setting the last applied index to:(t:0, i:~)
2024-02-27 21:37:02,434 [e13e7e3b-b387-4fac-9683-3ea92427a7e8-groupManagement] INFO  server.RaftServerConfigKeys (ConfUtils.java:logGet(46)) - raft.server.log.use.memory = false (default)
2024-02-27 21:37:02,434 [e13e7e3b-b387-4fac-9683-3ea92427a7e8-groupManagement] INFO  server.RaftServerConfigKeys (ConfUtils.java:logGet(46)) - raft.server.log.purge.gap = 1000000 (custom)
2024-02-27 21:37:02,434 [e13e7e3b-b387-4fac-9683-3ea92427a7e8-groupManagement] INFO  server.RaftServerConfigKeys (ConfUtils.java:logGet(46)) - raft.server.log.appender.buffer.byte-limit = 8388608 (custom)
2024-02-27 21:37:02,434 [e13e7e3b-b387-4fac-9683-3ea92427a7e8-groupManagement] INFO  server.RaftServerConfigKeys (ConfUtils.java:logGet(46)) - raft.server.log.statemachine.data.read.timeout = 1000ms (default)
2024-02-27 21:37:02,434 [e13e7e3b-b387-4fac-9683-3ea92427a7e8-groupManagement] INFO  server.RaftServerConfigKeys (ConfUtils.java:logGet(46)) - raft.server.log.purge.preservation.log.num = 0 (default)
2024-02-27 21:37:02,435 [e13e7e3b-b387-4fac-9683-3ea92427a7e8-groupManagement] INFO  server.RaftServerConfigKeys (ConfUtils.java:logGet(46)) - raft.server.log.segment.size.max = 67108864 (custom)
2024-02-27 21:37:02,435 [EventQueue-PipelineReportForPipelineReportHandler] INFO  pipeline.PipelineReportHandler (PipelineReportHandler.java:processPipelineReport(136)) - Opened pipeline PipelineID=579db771-9598-4b39-84fa-7c3cb0869e93
2024-02-27 21:37:02,435 [e13e7e3b-b387-4fac-9683-3ea92427a7e8-groupManagement] INFO  server.RaftServerConfigKeys (ConfUtils.java:logGet(46)) - raft.server.log.segment.cache.num.max = 2 (custom)
2024-02-27 21:37:02,435 [EventQueue-OpenPipelineForHealthyPipelineSafeModeRule] INFO  safemode.SCMSafeModeManager (HealthyPipelineSafeModeRule.java:process(140)) - SCM in safe mode. Healthy pipelines reported count is 0, required healthy pipeline reported count is 1
2024-02-27 21:37:02,435 [e13e7e3b-b387-4fac-9683-3ea92427a7e8-groupManagement] INFO  server.RaftServerConfigKeys (ConfUtils.java:logGet(46)) - raft.server.log.segment.cache.size.max = 200MB (=209715200) (default)
2024-02-27 21:37:02,436 [e13e7e3b-b387-4fac-9683-3ea92427a7e8-groupManagement] INFO  server.RaftServerConfigKeys (ConfUtils.java:logGet(46)) - raft.server.log.appender.buffer.byte-limit = 8388608 (custom)
2024-02-27 21:37:02,436 [e13e7e3b-b387-4fac-9683-3ea92427a7e8-groupManagement] INFO  util.AwaitToRun (AwaitToRun.java:start(81)) - Thread[e13e7e3b-b387-4fac-9683-3ea92427a7e8@group-7C3CB0869E93-cacheEviction-AwaitToRun,5,main] started
2024-02-27 21:37:02,436 [e13e7e3b-b387-4fac-9683-3ea92427a7e8-groupManagement] INFO  segmented.SegmentedRaftLogWorker (SegmentedRaftLogWorker.java:<init>(182)) - new e13e7e3b-b387-4fac-9683-3ea92427a7e8@group-7C3CB0869E93-SegmentedRaftLogWorker for RaftStorageImpl:Storage Directory /home/runner/work/ozone/ozone/hadoop-ozone/integration-test/target/test-dir/MiniOzoneClusterImpl-075da85a-61fc-4f3b-aaa6-f3afee0da340/ozone-meta/datanode-2/ratis/579db771-9598-4b39-84fa-7c3cb0869e93
2024-02-27 21:37:02,436 [e13e7e3b-b387-4fac-9683-3ea92427a7e8-groupManagement] INFO  server.RaftServerConfigKeys (ConfUtils.java:logGet(46)) - raft.server.log.queue.byte-limit = 4294967296 (custom)
2024-02-27 21:37:02,436 [e13e7e3b-b387-4fac-9683-3ea92427a7e8-groupManagement] INFO  server.RaftServerConfigKeys (ConfUtils.java:logGet(46)) - raft.server.log.queue.element-limit = 1024 (custom)
2024-02-27 21:37:02,436 [e13e7e3b-b387-4fac-9683-3ea92427a7e8-groupManagement] INFO  server.RaftServerConfigKeys (ConfUtils.java:logGet(46)) - raft.server.log.segment.size.max = 67108864 (custom)
2024-02-27 21:37:02,436 [e13e7e3b-b387-4fac-9683-3ea92427a7e8-groupManagement] INFO  server.RaftServerConfigKeys (ConfUtils.java:logGet(46)) - raft.server.log.preallocated.size = 4194304 (custom)
2024-02-27 21:37:02,436 [e13e7e3b-b387-4fac-9683-3ea92427a7e8-groupManagement] INFO  server.RaftServerConfigKeys (ConfUtils.java:logGet(46)) - raft.server.log.force.sync.num = 128 (default)
2024-02-27 21:37:02,436 [e13e7e3b-b387-4fac-9683-3ea92427a7e8-groupManagement] INFO  server.RaftServerConfigKeys (ConfUtils.java:logGet(46)) - raft.server.log.statemachine.data.sync = true (default)
2024-02-27 21:37:02,436 [e13e7e3b-b387-4fac-9683-3ea92427a7e8-groupManagement] INFO  server.RaftServerConfigKeys (ConfUtils.java:logGet(46)) - raft.server.log.statemachine.data.sync.timeout = 10s (default)
2024-02-27 21:37:02,437 [e13e7e3b-b387-4fac-9683-3ea92427a7e8-groupManagement] INFO  server.RaftServerConfigKeys (ConfUtils.java:logGet(46)) - raft.server.log.statemachine.data.sync.timeout.retry = 0 (custom)
2024-02-27 21:37:02,437 [e13e7e3b-b387-4fac-9683-3ea92427a7e8-groupManagement] INFO  server.RaftServerConfigKeys (ConfUtils.java:logGet(46)) - raft.server.log.write.buffer.size = 8388616 (custom)
2024-02-27 21:37:02,438 [e13e7e3b-b387-4fac-9683-3ea92427a7e8-groupManagement] INFO  server.RaftServerConfigKeys (ConfUtils.java:logGet(46)) - raft.server.log.appender.buffer.byte-limit = 8388608 (custom)
2024-02-27 21:37:02,438 [e13e7e3b-b387-4fac-9683-3ea92427a7e8-groupManagement] INFO  server.RaftServerConfigKeys (ConfUtils.java:logGet(46)) - raft.server.log.unsafe-flush.enabled = false (default)
2024-02-27 21:37:02,439 [e13e7e3b-b387-4fac-9683-3ea92427a7e8-groupManagement] INFO  server.RaftServerConfigKeys (ConfUtils.java:logGet(46)) - raft.server.log.async-flush.enabled = false (default)
2024-02-27 21:37:02,439 [e13e7e3b-b387-4fac-9683-3ea92427a7e8-groupManagement] INFO  server.RaftServerConfigKeys (ConfUtils.java:logGet(46)) - raft.server.log.statemachine.data.caching.enabled = true (custom)
2024-02-27 21:37:02,439 [e13e7e3b-b387-4fac-9683-3ea92427a7e8-groupManagement] INFO  segmented.SegmentedRaftLogWorker (SegmentedRaftLogWorker.java:lambda$new$0(134)) - e13e7e3b-b387-4fac-9683-3ea92427a7e8@group-7C3CB0869E93-SegmentedRaftLogWorker: flushIndex: setUnconditionally 0 -> -1
2024-02-27 21:37:02,439 [e13e7e3b-b387-4fac-9683-3ea92427a7e8-groupManagement] INFO  segmented.SegmentedRaftLogWorker (SegmentedRaftLogWorker.java:lambda$new$0(134)) - e13e7e3b-b387-4fac-9683-3ea92427a7e8@group-7C3CB0869E93-SegmentedRaftLogWorker: safeCacheEvictIndex: setUnconditionally 0 -> -1
2024-02-27 21:37:02,439 [e13e7e3b-b387-4fac-9683-3ea92427a7e8-groupManagement] INFO  server.RaftServer$Division (RaftServerImpl.java:start(396)) - e13e7e3b-b387-4fac-9683-3ea92427a7e8@group-7C3CB0869E93: start as a follower, conf=-1: peers:[e13e7e3b-b387-4fac-9683-3ea92427a7e8|10.1.0.18:15085]|listeners:[], old=null
2024-02-27 21:37:02,439 [e13e7e3b-b387-4fac-9683-3ea92427a7e8-groupManagement] INFO  server.RaftServer$Division (RaftServerImpl.java:setRole(383)) - e13e7e3b-b387-4fac-9683-3ea92427a7e8@group-7C3CB0869E93: changes role from      null to FOLLOWER at term 0 for startAsFollower
2024-02-27 21:37:02,439 [e13e7e3b-b387-4fac-9683-3ea92427a7e8-groupManagement] INFO  impl.RoleInfo (RoleInfo.java:updateAndGet(139)) - e13e7e3b-b387-4fac-9683-3ea92427a7e8: start e13e7e3b-b387-4fac-9683-3ea92427a7e8@group-7C3CB0869E93-FollowerState
2024-02-27 21:37:02,439 [e13e7e3b-b387-4fac-9683-3ea92427a7e8@group-7C3CB0869E93-FollowerState] INFO  server.RaftServerConfigKeys (ConfUtils.java:logFallback(53)) - raft.server.rpc.first-election.timeout.min = 5s (fallback to raft.server.rpc.timeout.min)
2024-02-27 21:37:02,439 [e13e7e3b-b387-4fac-9683-3ea92427a7e8-groupManagement] INFO  util.JmxRegister (JmxRegister.java:tryRegister(44)) - Successfully registered JMX Bean with object name Ratis:service=RaftServer,group=group-7C3CB0869E93,id=e13e7e3b-b387-4fac-9683-3ea92427a7e8
2024-02-27 21:37:02,440 [e13e7e3b-b387-4fac-9683-3ea92427a7e8@group-7C3CB0869E93-FollowerState] INFO  server.RaftServerConfigKeys (ConfUtils.java:logFallback(53)) - raft.server.rpc.first-election.timeout.max = 5200ms (fallback to raft.server.rpc.timeout.max)
2024-02-27 21:37:02,440 [e13e7e3b-b387-4fac-9683-3ea92427a7e8-groupManagement] INFO  server.RaftServerConfigKeys (ConfUtils.java:logGet(46)) - raft.server.snapshot.trigger-when-stop.enabled = true (default)
2024-02-27 21:37:02,440 [e13e7e3b-b387-4fac-9683-3ea92427a7e8-groupManagement] INFO  server.RaftServerConfigKeys (ConfUtils.java:logGet(46)) - raft.server.snapshot.auto.trigger.enabled = true (custom)
2024-02-27 21:37:02,440 [e13e7e3b-b387-4fac-9683-3ea92427a7e8-groupManagement] INFO  server.RaftServerConfigKeys (ConfUtils.java:logGet(46)) - raft.server.snapshot.auto.trigger.threshold = 10000 (custom)
2024-02-27 21:37:02,440 [e13e7e3b-b387-4fac-9683-3ea92427a7e8-groupManagement] INFO  server.RaftServerConfigKeys (ConfUtils.java:logGet(46)) - raft.server.snapshot.retention.file.num = 5 (custom)
2024-02-27 21:37:02,440 [e13e7e3b-b387-4fac-9683-3ea92427a7e8-groupManagement] INFO  server.RaftServerConfigKeys (ConfUtils.java:logGet(46)) - raft.server.log.purge.upto.snapshot.index = false (default)
2024-02-27 21:37:02,440 [e13e7e3b-b387-4fac-9683-3ea92427a7e8-PipelineCommandHandlerThread-0] INFO  ratis.XceiverServerRatis (XceiverServerRatis.java:addGroup(864)) - Created group PipelineID=579db771-9598-4b39-84fa-7c3cb0869e93
2024-02-27 21:37:02,440 [e13e7e3b-b387-4fac-9683-3ea92427a7e8-PipelineCommandHandlerThread-0] INFO  commandhandler.CreatePipelineCommandHandler (CreatePipelineCommandHandler.java:lambda$handle$2(124)) - Created Pipeline RATIS ONE PipelineID=579db771-9598-4b39-84fa-7c3cb0869e93.
2024-02-27 21:37:02,441 [e13e7e3b-b387-4fac-9683-3ea92427a7e8-groupManagement] INFO  server.RaftServer$Division (RaftServerImpl.java:<init>(256)) - e13e7e3b-b387-4fac-9683-3ea92427a7e8: new RaftServerImpl for group-59E1F7E51CDF:[71df5106-29e4-46d2-b533-d1616e11bc16|10.1.0.18:15076, e13e7e3b-b387-4fac-9683-3ea92427a7e8|10.1.0.18:15085, 6d1988e6-d732-42b7-a0ee-62d3ca1ef2f1|10.1.0.18:15094] with ContainerStateMachine:uninitialized
2024-02-27 21:37:02,441 [e13e7e3b-b387-4fac-9683-3ea92427a7e8-groupManagement] INFO  server.RaftServerConfigKeys (ConfUtils.java:logGet(46)) - raft.server.rpc.timeout.min = 5s (custom)
2024-02-27 21:37:02,441 [e13e7e3b-b387-4fac-9683-3ea92427a7e8-groupManagement] INFO  server.RaftServerConfigKeys (ConfUtils.java:logGet(46)) - raft.server.rpc.timeout.max = 5200ms (custom)
2024-02-27 21:37:02,442 [e13e7e3b-b387-4fac-9683-3ea92427a7e8-groupManagement] INFO  server.RaftServerConfigKeys (ConfUtils.java:logGet(46)) - raft.server.rpc.sleep.time = 25ms (default)
2024-02-27 21:37:02,442 [e13e7e3b-b387-4fac-9683-3ea92427a7e8-groupManagement] INFO  server.RaftServerConfigKeys (ConfUtils.java:logGet(46)) - raft.server.rpc.slowness.timeout = 300s (custom)
2024-02-27 21:37:02,442 [e13e7e3b-b387-4fac-9683-3ea92427a7e8-groupManagement] INFO  server.RaftServerConfigKeys (ConfUtils.java:logGet(46)) - raft.server.leaderelection.leader.step-down.wait-time = 10s (default)
2024-02-27 21:37:02,442 [e13e7e3b-b387-4fac-9683-3ea92427a7e8-groupManagement] INFO  server.RaftServerConfigKeys (ConfUtils.java:logGet(46)) - raft.server.leaderelection.member.majority-add = false (default)
2024-02-27 21:37:02,442 [e13e7e3b-b387-4fac-9683-3ea92427a7e8-groupManagement] INFO  server.RaftServerConfigKeys (ConfUtils.java:logGet(46)) - raft.server.sleep.deviation.threshold = 300ms (default)
2024-02-27 21:37:02,442 [e13e7e3b-b387-4fac-9683-3ea92427a7e8-groupManagement] INFO  server.RaftServer$Division (ServerState.java:<init>(113)) - e13e7e3b-b387-4fac-9683-3ea92427a7e8@group-59E1F7E51CDF: ConfigurationManager, init=-1: peers:[71df5106-29e4-46d2-b533-d1616e11bc16|10.1.0.18:15076, e13e7e3b-b387-4fac-9683-3ea92427a7e8|10.1.0.18:15085, 6d1988e6-d732-42b7-a0ee-62d3ca1ef2f1|10.1.0.18:15094]|listeners:[], old=null, confs=<EMPTY_MAP>
2024-02-27 21:37:02,442 [e13e7e3b-b387-4fac-9683-3ea92427a7e8-groupManagement] INFO  server.RaftServerConfigKeys (ConfUtils.java:logGet(46)) - raft.server.notification.no-leader.timeout = 300s (custom)
2024-02-27 21:37:02,442 [e13e7e3b-b387-4fac-9683-3ea92427a7e8-groupManagement] INFO  server.RaftServerConfigKeys (ConfUtils.java:logGet(46)) - raft.server.read.timeout = 10s (default)
2024-02-27 21:37:02,442 [e13e7e3b-b387-4fac-9683-3ea92427a7e8-groupManagement] INFO  server.RaftServerConfigKeys (ConfUtils.java:logGet(46)) - raft.server.retrycache.expirytime = 600000ms (custom)
2024-02-27 21:37:02,442 [e13e7e3b-b387-4fac-9683-3ea92427a7e8-groupManagement] INFO  server.RaftServerConfigKeys (ConfUtils.java:logGet(46)) - raft.server.retrycache.statistics.expirytime = 100ms (default)
2024-02-27 21:37:02,442 [e13e7e3b-b387-4fac-9683-3ea92427a7e8-groupManagement] INFO  server.RaftServerConfigKeys (ConfUtils.java:logGet(46)) - raft.server.read.option = DEFAULT (default)
2024-02-27 21:37:02,442 [e13e7e3b-b387-4fac-9683-3ea92427a7e8-groupManagement] INFO  server.RaftServerConfigKeys (ConfUtils.java:logGet(46)) - raft.server.read.read-after-write-consistent.write-index-cache.expiry-time = 60s (default)
2024-02-27 21:37:02,444 [e13e7e3b-b387-4fac-9683-3ea92427a7e8-groupManagement] INFO  server.RaftServerConfigKeys (ConfUtils.java:logGet(46)) - raft.server.rpc.request.timeout = 60s (custom)
2024-02-27 21:37:02,444 [e13e7e3b-b387-4fac-9683-3ea92427a7e8-groupManagement] INFO  server.RaftServerConfigKeys (ConfUtils.java:logGet(46)) - raft.server.log.appender.install.snapshot.enabled = false (custom)
2024-02-27 21:37:02,444 [e13e7e3b-b387-4fac-9683-3ea92427a7e8-groupManagement] INFO  server.RaftServerConfigKeys (ConfUtils.java:logGet(46)) - raft.server.threadpool.server.cached = true (default)
2024-02-27 21:37:02,444 [e13e7e3b-b387-4fac-9683-3ea92427a7e8-groupManagement] INFO  server.RaftServerConfigKeys (ConfUtils.java:logGet(46)) - raft.server.threadpool.server.size = 0 (default)
2024-02-27 21:37:02,444 [e13e7e3b-b387-4fac-9683-3ea92427a7e8-groupManagement] INFO  server.RaftServerConfigKeys (ConfUtils.java:logGet(46)) - raft.server.threadpool.client.cached = true (default)
2024-02-27 21:37:02,444 [e13e7e3b-b387-4fac-9683-3ea92427a7e8-groupManagement] INFO  server.RaftServerConfigKeys (ConfUtils.java:logGet(46)) - raft.server.threadpool.client.size = 0 (default)
2024-02-27 21:37:02,444 [e13e7e3b-b387-4fac-9683-3ea92427a7e8-groupManagement] INFO  server.RaftServerConfigKeys (ConfUtils.java:logGet(46)) - raft.server.storage.free-space.min = 0MB (=0) (default)
2024-02-27 21:37:02,444 [e13e7e3b-b387-4fac-9683-3ea92427a7e8-groupManagement] INFO  server.RaftServerConfigKeys (ConfUtils.java:logGet(46)) - raft.server.log.corruption.policy = EXCEPTION (default)
2024-02-27 21:37:02,444 [e13e7e3b-b387-4fac-9683-3ea92427a7e8-groupManagement] INFO  server.RaftServerConfigKeys (ConfUtils.java:logGet(46)) - raft.server.storage.dir = [/home/runner/work/ozone/ozone/hadoop-ozone/integration-test/target/test-dir/MiniOzoneClusterImpl-075da85a-61fc-4f3b-aaa6-f3afee0da340/ozone-meta/datanode-2/ratis] (custom)
2024-02-27 21:37:02,445 [e13e7e3b-b387-4fac-9683-3ea92427a7e8-groupManagement] INFO  storage.RaftStorageDirectory (RaftStorageDirectoryImpl.java:analyzeStorage(138)) - The storage directory /home/runner/work/ozone/ozone/hadoop-ozone/integration-test/target/test-dir/MiniOzoneClusterImpl-075da85a-61fc-4f3b-aaa6-f3afee0da340/ozone-meta/datanode-2/ratis/20419fbb-d945-4096-ad99-59e1f7e51cdf does not exist. Creating ...
2024-02-27 21:37:02,446 [e13e7e3b-b387-4fac-9683-3ea92427a7e8-groupManagement] INFO  storage.RaftStorageDirectory (RaftStorageDirectoryImpl.java:tryLock(228)) - Lock on /home/runner/work/ozone/ozone/hadoop-ozone/integration-test/target/test-dir/MiniOzoneClusterImpl-075da85a-61fc-4f3b-aaa6-f3afee0da340/ozone-meta/datanode-2/ratis/20419fbb-d945-4096-ad99-59e1f7e51cdf/in_use.lock acquired by nodename 32143@fv-az531-651
2024-02-27 21:37:02,447 [e13e7e3b-b387-4fac-9683-3ea92427a7e8-groupManagement] INFO  storage.RaftStorage (RaftStorageImpl.java:format(99)) - Storage directory /home/runner/work/ozone/ozone/hadoop-ozone/integration-test/target/test-dir/MiniOzoneClusterImpl-075da85a-61fc-4f3b-aaa6-f3afee0da340/ozone-meta/datanode-2/ratis/20419fbb-d945-4096-ad99-59e1f7e51cdf has been successfully formatted.
2024-02-27 21:37:02,447 [e13e7e3b-b387-4fac-9683-3ea92427a7e8-groupManagement] WARN  util.FileUtils (LogUtils.java:supplyAndLog(63)) - Failed to Files.newInputStream /home/runner/work/ozone/ozone/hadoop-ozone/integration-test/target/test-dir/MiniOzoneClusterImpl-075da85a-61fc-4f3b-aaa6-f3afee0da340/ozone-meta/datanode-2/ratis/20419fbb-d945-4096-ad99-59e1f7e51cdf/current/raft-meta.conf with options []: java.nio.file.NoSuchFileException: /home/runner/work/ozone/ozone/hadoop-ozone/integration-test/target/test-dir/MiniOzoneClusterImpl-075da85a-61fc-4f3b-aaa6-f3afee0da340/ozone-meta/datanode-2/ratis/20419fbb-d945-4096-ad99-59e1f7e51cdf/current/raft-meta.conf
2024-02-27 21:37:02,447 [e13e7e3b-b387-4fac-9683-3ea92427a7e8-groupManagement] INFO  ratis.ContainerStateMachine (ContainerStateMachine.java:loadSnapshot(287)) - group-59E1F7E51CDF: The snapshot info is null. Setting the last applied index to:(t:0, i:~)
2024-02-27 21:37:02,447 [e13e7e3b-b387-4fac-9683-3ea92427a7e8-groupManagement] INFO  server.RaftServerConfigKeys (ConfUtils.java:logGet(46)) - raft.server.log.use.memory = false (default)
2024-02-27 21:37:02,448 [e13e7e3b-b387-4fac-9683-3ea92427a7e8-groupManagement] INFO  server.RaftServerConfigKeys (ConfUtils.java:logGet(46)) - raft.server.log.purge.gap = 1000000 (custom)
2024-02-27 21:37:02,448 [e13e7e3b-b387-4fac-9683-3ea92427a7e8-groupManagement] INFO  server.RaftServerConfigKeys (ConfUtils.java:logGet(46)) - raft.server.log.appender.buffer.byte-limit = 8388608 (custom)
2024-02-27 21:37:02,448 [e13e7e3b-b387-4fac-9683-3ea92427a7e8-groupManagement] INFO  server.RaftServerConfigKeys (ConfUtils.java:logGet(46)) - raft.server.log.statemachine.data.read.timeout = 1000ms (default)
2024-02-27 21:37:02,449 [e13e7e3b-b387-4fac-9683-3ea92427a7e8-groupManagement] INFO  server.RaftServerConfigKeys (ConfUtils.java:logGet(46)) - raft.server.log.purge.preservation.log.num = 0 (default)
2024-02-27 21:37:02,449 [EventQueue-OpenPipelineForHealthyPipelineSafeModeRule] INFO  safemode.SCMSafeModeManager (HealthyPipelineSafeModeRule.java:process(140)) - SCM in safe mode. Healthy pipelines reported count is 0, required healthy pipeline reported count is 1
2024-02-27 21:37:02,449 [e13e7e3b-b387-4fac-9683-3ea92427a7e8-groupManagement] INFO  server.RaftServerConfigKeys (ConfUtils.java:logGet(46)) - raft.server.log.segment.size.max = 67108864 (custom)
2024-02-27 21:37:02,450 [e13e7e3b-b387-4fac-9683-3ea92427a7e8-groupManagement] INFO  server.RaftServerConfigKeys (ConfUtils.java:logGet(46)) - raft.server.log.segment.cache.num.max = 2 (custom)
2024-02-27 21:37:02,450 [e13e7e3b-b387-4fac-9683-3ea92427a7e8-groupManagement] INFO  server.RaftServerConfigKeys (ConfUtils.java:logGet(46)) - raft.server.log.segment.cache.size.max = 200MB (=209715200) (default)
2024-02-27 21:37:02,450 [e13e7e3b-b387-4fac-9683-3ea92427a7e8-groupManagement] INFO  server.RaftServerConfigKeys (ConfUtils.java:logGet(46)) - raft.server.log.appender.buffer.byte-limit = 8388608 (custom)
2024-02-27 21:37:02,451 [e13e7e3b-b387-4fac-9683-3ea92427a7e8-groupManagement] INFO  util.AwaitToRun (AwaitToRun.java:start(81)) - Thread[e13e7e3b-b387-4fac-9683-3ea92427a7e8@group-59E1F7E51CDF-cacheEviction-AwaitToRun,5,main] started
2024-02-27 21:37:02,451 [e13e7e3b-b387-4fac-9683-3ea92427a7e8-groupManagement] INFO  segmented.SegmentedRaftLogWorker (SegmentedRaftLogWorker.java:<init>(182)) - new e13e7e3b-b387-4fac-9683-3ea92427a7e8@group-59E1F7E51CDF-SegmentedRaftLogWorker for RaftStorageImpl:Storage Directory /home/runner/work/ozone/ozone/hadoop-ozone/integration-test/target/test-dir/MiniOzoneClusterImpl-075da85a-61fc-4f3b-aaa6-f3afee0da340/ozone-meta/datanode-2/ratis/20419fbb-d945-4096-ad99-59e1f7e51cdf
2024-02-27 21:37:02,451 [e13e7e3b-b387-4fac-9683-3ea92427a7e8-groupManagement] INFO  server.RaftServerConfigKeys (ConfUtils.java:logGet(46)) - raft.server.log.queue.byte-limit = 4294967296 (custom)
2024-02-27 21:37:02,451 [e13e7e3b-b387-4fac-9683-3ea92427a7e8-groupManagement] INFO  server.RaftServerConfigKeys (ConfUtils.java:logGet(46)) - raft.server.log.queue.element-limit = 1024 (custom)
2024-02-27 21:37:02,451 [e13e7e3b-b387-4fac-9683-3ea92427a7e8-groupManagement] INFO  server.RaftServerConfigKeys (ConfUtils.java:logGet(46)) - raft.server.log.segment.size.max = 67108864 (custom)
2024-02-27 21:37:02,451 [e13e7e3b-b387-4fac-9683-3ea92427a7e8-groupManagement] INFO  server.RaftServerConfigKeys (ConfUtils.java:logGet(46)) - raft.server.log.preallocated.size = 4194304 (custom)
2024-02-27 21:37:02,451 [e13e7e3b-b387-4fac-9683-3ea92427a7e8-groupManagement] INFO  server.RaftServerConfigKeys (ConfUtils.java:logGet(46)) - raft.server.log.force.sync.num = 128 (default)
2024-02-27 21:37:02,451 [e13e7e3b-b387-4fac-9683-3ea92427a7e8-groupManagement] INFO  server.RaftServerConfigKeys (ConfUtils.java:logGet(46)) - raft.server.log.statemachine.data.sync = true (default)
2024-02-27 21:37:02,451 [e13e7e3b-b387-4fac-9683-3ea92427a7e8-groupManagement] INFO  server.RaftServerConfigKeys (ConfUtils.java:logGet(46)) - raft.server.log.statemachine.data.sync.timeout = 10s (default)
2024-02-27 21:37:02,451 [e13e7e3b-b387-4fac-9683-3ea92427a7e8-groupManagement] INFO  server.RaftServerConfigKeys (ConfUtils.java:logGet(46)) - raft.server.log.statemachine.data.sync.timeout.retry = 0 (custom)
2024-02-27 21:37:02,452 [e13e7e3b-b387-4fac-9683-3ea92427a7e8-groupManagement] INFO  server.RaftServerConfigKeys (ConfUtils.java:logGet(46)) - raft.server.log.write.buffer.size = 8388616 (custom)
2024-02-27 21:37:02,453 [e13e7e3b-b387-4fac-9683-3ea92427a7e8-groupManagement] INFO  server.RaftServerConfigKeys (ConfUtils.java:logGet(46)) - raft.server.log.appender.buffer.byte-limit = 8388608 (custom)
2024-02-27 21:37:02,453 [e13e7e3b-b387-4fac-9683-3ea92427a7e8-groupManagement] INFO  server.RaftServerConfigKeys (ConfUtils.java:logGet(46)) - raft.server.log.unsafe-flush.enabled = false (default)
2024-02-27 21:37:02,453 [e13e7e3b-b387-4fac-9683-3ea92427a7e8-groupManagement] INFO  server.RaftServerConfigKeys (ConfUtils.java:logGet(46)) - raft.server.log.async-flush.enabled = false (default)
2024-02-27 21:37:02,453 [e13e7e3b-b387-4fac-9683-3ea92427a7e8-groupManagement] INFO  server.RaftServerConfigKeys (ConfUtils.java:logGet(46)) - raft.server.log.statemachine.data.caching.enabled = true (custom)
2024-02-27 21:37:02,454 [e13e7e3b-b387-4fac-9683-3ea92427a7e8-groupManagement] INFO  segmented.SegmentedRaftLogWorker (SegmentedRaftLogWorker.java:lambda$new$0(134)) - e13e7e3b-b387-4fac-9683-3ea92427a7e8@group-59E1F7E51CDF-SegmentedRaftLogWorker: flushIndex: setUnconditionally 0 -> -1
2024-02-27 21:37:02,454 [e13e7e3b-b387-4fac-9683-3ea92427a7e8-groupManagement] INFO  segmented.SegmentedRaftLogWorker (SegmentedRaftLogWorker.java:lambda$new$0(134)) - e13e7e3b-b387-4fac-9683-3ea92427a7e8@group-59E1F7E51CDF-SegmentedRaftLogWorker: safeCacheEvictIndex: setUnconditionally 0 -> -1
2024-02-27 21:37:02,454 [e13e7e3b-b387-4fac-9683-3ea92427a7e8-groupManagement] INFO  server.RaftServer$Division (RaftServerImpl.java:start(396)) - e13e7e3b-b387-4fac-9683-3ea92427a7e8@group-59E1F7E51CDF: start as a follower, conf=-1: peers:[71df5106-29e4-46d2-b533-d1616e11bc16|10.1.0.18:15076, e13e7e3b-b387-4fac-9683-3ea92427a7e8|10.1.0.18:15085, 6d1988e6-d732-42b7-a0ee-62d3ca1ef2f1|10.1.0.18:15094]|listeners:[], old=null
2024-02-27 21:37:02,454 [e13e7e3b-b387-4fac-9683-3ea92427a7e8-groupManagement] INFO  server.RaftServer$Division (RaftServerImpl.java:setRole(383)) - e13e7e3b-b387-4fac-9683-3ea92427a7e8@group-59E1F7E51CDF: changes role from      null to FOLLOWER at term 0 for startAsFollower
2024-02-27 21:37:02,454 [e13e7e3b-b387-4fac-9683-3ea92427a7e8-groupManagement] INFO  impl.RoleInfo (RoleInfo.java:updateAndGet(139)) - e13e7e3b-b387-4fac-9683-3ea92427a7e8: start e13e7e3b-b387-4fac-9683-3ea92427a7e8@group-59E1F7E51CDF-FollowerState
2024-02-27 21:37:02,454 [e13e7e3b-b387-4fac-9683-3ea92427a7e8-groupManagement] INFO  util.JmxRegister (JmxRegister.java:tryRegister(44)) - Successfully registered JMX Bean with object name Ratis:service=RaftServer,group=group-59E1F7E51CDF,id=e13e7e3b-b387-4fac-9683-3ea92427a7e8
2024-02-27 21:37:02,454 [e13e7e3b-b387-4fac-9683-3ea92427a7e8@group-59E1F7E51CDF-FollowerState] INFO  server.RaftServerConfigKeys (ConfUtils.java:logFallback(53)) - raft.server.rpc.first-election.timeout.min = 5s (fallback to raft.server.rpc.timeout.min)
2024-02-27 21:37:02,454 [e13e7e3b-b387-4fac-9683-3ea92427a7e8-groupManagement] INFO  server.RaftServerConfigKeys (ConfUtils.java:logGet(46)) - raft.server.snapshot.trigger-when-stop.enabled = true (default)
2024-02-27 21:37:02,454 [e13e7e3b-b387-4fac-9683-3ea92427a7e8@group-59E1F7E51CDF-FollowerState] INFO  server.RaftServerConfigKeys (ConfUtils.java:logFallback(53)) - raft.server.rpc.first-election.timeout.max = 5200ms (fallback to raft.server.rpc.timeout.max)
2024-02-27 21:37:02,454 [e13e7e3b-b387-4fac-9683-3ea92427a7e8-groupManagement] INFO  server.RaftServerConfigKeys (ConfUtils.java:logGet(46)) - raft.server.snapshot.auto.trigger.enabled = true (custom)
2024-02-27 21:37:02,455 [e13e7e3b-b387-4fac-9683-3ea92427a7e8-groupManagement] INFO  server.RaftServerConfigKeys (ConfUtils.java:logGet(46)) - raft.server.snapshot.auto.trigger.threshold = 10000 (custom)
2024-02-27 21:37:02,455 [e13e7e3b-b387-4fac-9683-3ea92427a7e8-groupManagement] INFO  server.RaftServerConfigKeys (ConfUtils.java:logGet(46)) - raft.server.snapshot.retention.file.num = 5 (custom)
2024-02-27 21:37:02,455 [e13e7e3b-b387-4fac-9683-3ea92427a7e8-groupManagement] INFO  server.RaftServerConfigKeys (ConfUtils.java:logGet(46)) - raft.server.log.purge.upto.snapshot.index = false (default)
2024-02-27 21:37:02,470 [grpc-default-executor-0] INFO  server.RaftServer (RaftServerProxy.java:addNew(100)) - 6d1988e6-d732-42b7-a0ee-62d3ca1ef2f1: addNew group-59E1F7E51CDF:[71df5106-29e4-46d2-b533-d1616e11bc16|10.1.0.18:15076, e13e7e3b-b387-4fac-9683-3ea92427a7e8|10.1.0.18:15085, 6d1988e6-d732-42b7-a0ee-62d3ca1ef2f1|10.1.0.18:15094] returns group-59E1F7E51CDF:java.util.concurrent.CompletableFuture@64861391[Not completed]
2024-02-27 21:37:02,471 [6d1988e6-d732-42b7-a0ee-62d3ca1ef2f1-groupManagement] INFO  server.RaftServer$Division (RaftServerImpl.java:<init>(256)) - 6d1988e6-d732-42b7-a0ee-62d3ca1ef2f1: new RaftServerImpl for group-59E1F7E51CDF:[71df5106-29e4-46d2-b533-d1616e11bc16|10.1.0.18:15076, e13e7e3b-b387-4fac-9683-3ea92427a7e8|10.1.0.18:15085, 6d1988e6-d732-42b7-a0ee-62d3ca1ef2f1|10.1.0.18:15094] with ContainerStateMachine:uninitialized
2024-02-27 21:37:02,471 [6d1988e6-d732-42b7-a0ee-62d3ca1ef2f1-groupManagement] INFO  server.RaftServerConfigKeys (ConfUtils.java:logGet(46)) - raft.server.rpc.timeout.min = 5s (custom)
2024-02-27 21:37:02,471 [6d1988e6-d732-42b7-a0ee-62d3ca1ef2f1-groupManagement] INFO  server.RaftServerConfigKeys (ConfUtils.java:logGet(46)) - raft.server.rpc.timeout.max = 5200ms (custom)
2024-02-27 21:37:02,471 [6d1988e6-d732-42b7-a0ee-62d3ca1ef2f1-groupManagement] INFO  server.RaftServerConfigKeys (ConfUtils.java:logGet(46)) - raft.server.rpc.sleep.time = 25ms (default)
2024-02-27 21:37:02,471 [6d1988e6-d732-42b7-a0ee-62d3ca1ef2f1-groupManagement] INFO  server.RaftServerConfigKeys (ConfUtils.java:logGet(46)) - raft.server.rpc.slowness.timeout = 300s (custom)
2024-02-27 21:37:02,471 [6d1988e6-d732-42b7-a0ee-62d3ca1ef2f1-groupManagement] INFO  server.RaftServerConfigKeys (ConfUtils.java:logGet(46)) - raft.server.leaderelection.leader.step-down.wait-time = 10s (default)
2024-02-27 21:37:02,471 [6d1988e6-d732-42b7-a0ee-62d3ca1ef2f1-groupManagement] INFO  server.RaftServerConfigKeys (ConfUtils.java:logGet(46)) - raft.server.leaderelection.member.majority-add = false (default)
2024-02-27 21:37:02,471 [6d1988e6-d732-42b7-a0ee-62d3ca1ef2f1-groupManagement] INFO  server.RaftServerConfigKeys (ConfUtils.java:logGet(46)) - raft.server.sleep.deviation.threshold = 300ms (default)
2024-02-27 21:37:02,471 [6d1988e6-d732-42b7-a0ee-62d3ca1ef2f1-groupManagement] INFO  server.RaftServer$Division (ServerState.java:<init>(113)) - 6d1988e6-d732-42b7-a0ee-62d3ca1ef2f1@group-59E1F7E51CDF: ConfigurationManager, init=-1: peers:[71df5106-29e4-46d2-b533-d1616e11bc16|10.1.0.18:15076, e13e7e3b-b387-4fac-9683-3ea92427a7e8|10.1.0.18:15085, 6d1988e6-d732-42b7-a0ee-62d3ca1ef2f1|10.1.0.18:15094]|listeners:[], old=null, confs=<EMPTY_MAP>
2024-02-27 21:37:02,471 [6d1988e6-d732-42b7-a0ee-62d3ca1ef2f1-groupManagement] INFO  server.RaftServerConfigKeys (ConfUtils.java:logGet(46)) - raft.server.notification.no-leader.timeout = 300s (custom)
2024-02-27 21:37:02,471 [6d1988e6-d732-42b7-a0ee-62d3ca1ef2f1-groupManagement] INFO  server.RaftServerConfigKeys (ConfUtils.java:logGet(46)) - raft.server.read.timeout = 10s (default)
2024-02-27 21:37:02,471 [6d1988e6-d732-42b7-a0ee-62d3ca1ef2f1-groupManagement] INFO  server.RaftServerConfigKeys (ConfUtils.java:logGet(46)) - raft.server.retrycache.expirytime = 600000ms (custom)
2024-02-27 21:37:02,472 [6d1988e6-d732-42b7-a0ee-62d3ca1ef2f1-groupManagement] INFO  server.RaftServerConfigKeys (ConfUtils.java:logGet(46)) - raft.server.retrycache.statistics.expirytime = 100ms (default)
2024-02-27 21:37:02,472 [6d1988e6-d732-42b7-a0ee-62d3ca1ef2f1-groupManagement] INFO  server.RaftServerConfigKeys (ConfUtils.java:logGet(46)) - raft.server.read.option = DEFAULT (default)
2024-02-27 21:37:02,472 [6d1988e6-d732-42b7-a0ee-62d3ca1ef2f1-groupManagement] INFO  server.RaftServerConfigKeys (ConfUtils.java:logGet(46)) - raft.server.read.read-after-write-consistent.write-index-cache.expiry-time = 60s (default)
2024-02-27 21:37:02,473 [6d1988e6-d732-42b7-a0ee-62d3ca1ef2f1-groupManagement] INFO  server.RaftServerConfigKeys (ConfUtils.java:logGet(46)) - raft.server.rpc.request.timeout = 60s (custom)
2024-02-27 21:37:02,473 [6d1988e6-d732-42b7-a0ee-62d3ca1ef2f1-groupManagement] INFO  server.RaftServerConfigKeys (ConfUtils.java:logGet(46)) - raft.server.log.appender.install.snapshot.enabled = false (custom)
2024-02-27 21:37:02,473 [6d1988e6-d732-42b7-a0ee-62d3ca1ef2f1-groupManagement] INFO  server.RaftServerConfigKeys (ConfUtils.java:logGet(46)) - raft.server.threadpool.server.cached = true (default)
2024-02-27 21:37:02,473 [6d1988e6-d732-42b7-a0ee-62d3ca1ef2f1-groupManagement] INFO  server.RaftServerConfigKeys (ConfUtils.java:logGet(46)) - raft.server.threadpool.server.size = 0 (default)
2024-02-27 21:37:02,473 [6d1988e6-d732-42b7-a0ee-62d3ca1ef2f1-groupManagement] INFO  server.RaftServerConfigKeys (ConfUtils.java:logGet(46)) - raft.server.threadpool.client.cached = true (default)
2024-02-27 21:37:02,473 [6d1988e6-d732-42b7-a0ee-62d3ca1ef2f1-groupManagement] INFO  server.RaftServerConfigKeys (ConfUtils.java:logGet(46)) - raft.server.threadpool.client.size = 0 (default)
2024-02-27 21:37:02,473 [6d1988e6-d732-42b7-a0ee-62d3ca1ef2f1-groupManagement] INFO  server.RaftServerConfigKeys (ConfUtils.java:logGet(46)) - raft.server.storage.free-space.min = 0MB (=0) (default)
2024-02-27 21:37:02,473 [6d1988e6-d732-42b7-a0ee-62d3ca1ef2f1-groupManagement] INFO  server.RaftServerConfigKeys (ConfUtils.java:logGet(46)) - raft.server.log.corruption.policy = EXCEPTION (default)
2024-02-27 21:37:02,474 [6d1988e6-d732-42b7-a0ee-62d3ca1ef2f1-groupManagement] INFO  server.RaftServerConfigKeys (ConfUtils.java:logGet(46)) - raft.server.storage.dir = [/home/runner/work/ozone/ozone/hadoop-ozone/integration-test/target/test-dir/MiniOzoneClusterImpl-075da85a-61fc-4f3b-aaa6-f3afee0da340/ozone-meta/datanode-3/ratis] (custom)
2024-02-27 21:37:02,474 [6d1988e6-d732-42b7-a0ee-62d3ca1ef2f1-groupManagement] INFO  storage.RaftStorageDirectory (RaftStorageDirectoryImpl.java:analyzeStorage(138)) - The storage directory /home/runner/work/ozone/ozone/hadoop-ozone/integration-test/target/test-dir/MiniOzoneClusterImpl-075da85a-61fc-4f3b-aaa6-f3afee0da340/ozone-meta/datanode-3/ratis/20419fbb-d945-4096-ad99-59e1f7e51cdf does not exist. Creating ...
2024-02-27 21:37:02,475 [6d1988e6-d732-42b7-a0ee-62d3ca1ef2f1-groupManagement] INFO  storage.RaftStorageDirectory (RaftStorageDirectoryImpl.java:tryLock(228)) - Lock on /home/runner/work/ozone/ozone/hadoop-ozone/integration-test/target/test-dir/MiniOzoneClusterImpl-075da85a-61fc-4f3b-aaa6-f3afee0da340/ozone-meta/datanode-3/ratis/20419fbb-d945-4096-ad99-59e1f7e51cdf/in_use.lock acquired by nodename 32143@fv-az531-651
2024-02-27 21:37:02,476 [6d1988e6-d732-42b7-a0ee-62d3ca1ef2f1-groupManagement] INFO  storage.RaftStorage (RaftStorageImpl.java:format(99)) - Storage directory /home/runner/work/ozone/ozone/hadoop-ozone/integration-test/target/test-dir/MiniOzoneClusterImpl-075da85a-61fc-4f3b-aaa6-f3afee0da340/ozone-meta/datanode-3/ratis/20419fbb-d945-4096-ad99-59e1f7e51cdf has been successfully formatted.
2024-02-27 21:37:02,476 [6d1988e6-d732-42b7-a0ee-62d3ca1ef2f1-groupManagement] WARN  util.FileUtils (LogUtils.java:supplyAndLog(63)) - Failed to Files.newInputStream /home/runner/work/ozone/ozone/hadoop-ozone/integration-test/target/test-dir/MiniOzoneClusterImpl-075da85a-61fc-4f3b-aaa6-f3afee0da340/ozone-meta/datanode-3/ratis/20419fbb-d945-4096-ad99-59e1f7e51cdf/current/raft-meta.conf with options []: java.nio.file.NoSuchFileException: /home/runner/work/ozone/ozone/hadoop-ozone/integration-test/target/test-dir/MiniOzoneClusterImpl-075da85a-61fc-4f3b-aaa6-f3afee0da340/ozone-meta/datanode-3/ratis/20419fbb-d945-4096-ad99-59e1f7e51cdf/current/raft-meta.conf
2024-02-27 21:37:02,477 [6d1988e6-d732-42b7-a0ee-62d3ca1ef2f1-groupManagement] INFO  ratis.ContainerStateMachine (ContainerStateMachine.java:loadSnapshot(287)) - group-59E1F7E51CDF: The snapshot info is null. Setting the last applied index to:(t:0, i:~)
2024-02-27 21:37:02,477 [6d1988e6-d732-42b7-a0ee-62d3ca1ef2f1-groupManagement] INFO  server.RaftServerConfigKeys (ConfUtils.java:logGet(46)) - raft.server.log.use.memory = false (default)
2024-02-27 21:37:02,477 [6d1988e6-d732-42b7-a0ee-62d3ca1ef2f1-groupManagement] INFO  server.RaftServerConfigKeys (ConfUtils.java:logGet(46)) - raft.server.log.purge.gap = 1000000 (custom)
2024-02-27 21:37:02,477 [6d1988e6-d732-42b7-a0ee-62d3ca1ef2f1-groupManagement] INFO  server.RaftServerConfigKeys (ConfUtils.java:logGet(46)) - raft.server.log.appender.buffer.byte-limit = 8388608 (custom)
2024-02-27 21:37:02,477 [6d1988e6-d732-42b7-a0ee-62d3ca1ef2f1-groupManagement] INFO  server.RaftServerConfigKeys (ConfUtils.java:logGet(46)) - raft.server.log.statemachine.data.read.timeout = 1000ms (default)
2024-02-27 21:37:02,477 [6d1988e6-d732-42b7-a0ee-62d3ca1ef2f1-groupManagement] INFO  server.RaftServerConfigKeys (ConfUtils.java:logGet(46)) - raft.server.log.purge.preservation.log.num = 0 (default)
2024-02-27 21:37:02,478 [6d1988e6-d732-42b7-a0ee-62d3ca1ef2f1-groupManagement] INFO  server.RaftServerConfigKeys (ConfUtils.java:logGet(46)) - raft.server.log.segment.size.max = 67108864 (custom)
2024-02-27 21:37:02,478 [6d1988e6-d732-42b7-a0ee-62d3ca1ef2f1-groupManagement] INFO  server.RaftServerConfigKeys (ConfUtils.java:logGet(46)) - raft.server.log.segment.cache.num.max = 2 (custom)
2024-02-27 21:37:02,478 [6d1988e6-d732-42b7-a0ee-62d3ca1ef2f1-groupManagement] INFO  server.RaftServerConfigKeys (ConfUtils.java:logGet(46)) - raft.server.log.segment.cache.size.max = 200MB (=209715200) (default)
2024-02-27 21:37:02,478 [6d1988e6-d732-42b7-a0ee-62d3ca1ef2f1-groupManagement] INFO  server.RaftServerConfigKeys (ConfUtils.java:logGet(46)) - raft.server.log.appender.buffer.byte-limit = 8388608 (custom)
2024-02-27 21:37:02,478 [6d1988e6-d732-42b7-a0ee-62d3ca1ef2f1-groupManagement] INFO  util.AwaitToRun (AwaitToRun.java:start(81)) - Thread[6d1988e6-d732-42b7-a0ee-62d3ca1ef2f1@group-59E1F7E51CDF-cacheEviction-AwaitToRun,5,main] started
2024-02-27 21:37:02,478 [6d1988e6-d732-42b7-a0ee-62d3ca1ef2f1-groupManagement] INFO  segmented.SegmentedRaftLogWorker (SegmentedRaftLogWorker.java:<init>(182)) - new 6d1988e6-d732-42b7-a0ee-62d3ca1ef2f1@group-59E1F7E51CDF-SegmentedRaftLogWorker for RaftStorageImpl:Storage Directory /home/runner/work/ozone/ozone/hadoop-ozone/integration-test/target/test-dir/MiniOzoneClusterImpl-075da85a-61fc-4f3b-aaa6-f3afee0da340/ozone-meta/datanode-3/ratis/20419fbb-d945-4096-ad99-59e1f7e51cdf
2024-02-27 21:37:02,478 [6d1988e6-d732-42b7-a0ee-62d3ca1ef2f1-groupManagement] INFO  server.RaftServerConfigKeys (ConfUtils.java:logGet(46)) - raft.server.log.queue.byte-limit = 4294967296 (custom)
2024-02-27 21:37:02,478 [6d1988e6-d732-42b7-a0ee-62d3ca1ef2f1-groupManagement] INFO  server.RaftServerConfigKeys (ConfUtils.java:logGet(46)) - raft.server.log.queue.element-limit = 1024 (custom)
2024-02-27 21:37:02,478 [6d1988e6-d732-42b7-a0ee-62d3ca1ef2f1-groupManagement] INFO  server.RaftServerConfigKeys (ConfUtils.java:logGet(46)) - raft.server.log.segment.size.max = 67108864 (custom)
2024-02-27 21:37:02,478 [6d1988e6-d732-42b7-a0ee-62d3ca1ef2f1-groupManagement] INFO  server.RaftServerConfigKeys (ConfUtils.java:logGet(46)) - raft.server.log.preallocated.size = 4194304 (custom)
2024-02-27 21:37:02,479 [6d1988e6-d732-42b7-a0ee-62d3ca1ef2f1-groupManagement] INFO  server.RaftServerConfigKeys (ConfUtils.java:logGet(46)) - raft.server.log.force.sync.num = 128 (default)
2024-02-27 21:37:02,479 [6d1988e6-d732-42b7-a0ee-62d3ca1ef2f1-groupManagement] INFO  server.RaftServerConfigKeys (ConfUtils.java:logGet(46)) - raft.server.log.statemachine.data.sync = true (default)
2024-02-27 21:37:02,479 [6d1988e6-d732-42b7-a0ee-62d3ca1ef2f1-groupManagement] INFO  server.RaftServerConfigKeys (ConfUtils.java:logGet(46)) - raft.server.log.statemachine.data.sync.timeout = 10s (default)
2024-02-27 21:37:02,479 [6d1988e6-d732-42b7-a0ee-62d3ca1ef2f1-groupManagement] INFO  server.RaftServerConfigKeys (ConfUtils.java:logGet(46)) - raft.server.log.statemachine.data.sync.timeout.retry = 0 (custom)
2024-02-27 21:37:02,479 [6d1988e6-d732-42b7-a0ee-62d3ca1ef2f1-groupManagement] INFO  server.RaftServerConfigKeys (ConfUtils.java:logGet(46)) - raft.server.log.write.buffer.size = 8388616 (custom)
2024-02-27 21:37:02,480 [6d1988e6-d732-42b7-a0ee-62d3ca1ef2f1-groupManagement] INFO  server.RaftServerConfigKeys (ConfUtils.java:logGet(46)) - raft.server.log.appender.buffer.byte-limit = 8388608 (custom)
2024-02-27 21:37:02,480 [6d1988e6-d732-42b7-a0ee-62d3ca1ef2f1-groupManagement] INFO  server.RaftServerConfigKeys (ConfUtils.java:logGet(46)) - raft.server.log.unsafe-flush.enabled = false (default)
2024-02-27 21:37:02,480 [6d1988e6-d732-42b7-a0ee-62d3ca1ef2f1-groupManagement] INFO  server.RaftServerConfigKeys (ConfUtils.java:logGet(46)) - raft.server.log.async-flush.enabled = false (default)
2024-02-27 21:37:02,480 [6d1988e6-d732-42b7-a0ee-62d3ca1ef2f1-groupManagement] INFO  server.RaftServerConfigKeys (ConfUtils.java:logGet(46)) - raft.server.log.statemachine.data.caching.enabled = true (custom)
2024-02-27 21:37:02,480 [6d1988e6-d732-42b7-a0ee-62d3ca1ef2f1-groupManagement] INFO  segmented.SegmentedRaftLogWorker (SegmentedRaftLogWorker.java:lambda$new$0(134)) - 6d1988e6-d732-42b7-a0ee-62d3ca1ef2f1@group-59E1F7E51CDF-SegmentedRaftLogWorker: flushIndex: setUnconditionally 0 -> -1
2024-02-27 21:37:02,480 [6d1988e6-d732-42b7-a0ee-62d3ca1ef2f1-groupManagement] INFO  segmented.SegmentedRaftLogWorker (SegmentedRaftLogWorker.java:lambda$new$0(134)) - 6d1988e6-d732-42b7-a0ee-62d3ca1ef2f1@group-59E1F7E51CDF-SegmentedRaftLogWorker: safeCacheEvictIndex: setUnconditionally 0 -> -1
2024-02-27 21:37:02,481 [6d1988e6-d732-42b7-a0ee-62d3ca1ef2f1-groupManagement] INFO  server.RaftServer$Division (RaftServerImpl.java:start(396)) - 6d1988e6-d732-42b7-a0ee-62d3ca1ef2f1@group-59E1F7E51CDF: start as a follower, conf=-1: peers:[71df5106-29e4-46d2-b533-d1616e11bc16|10.1.0.18:15076, e13e7e3b-b387-4fac-9683-3ea92427a7e8|10.1.0.18:15085, 6d1988e6-d732-42b7-a0ee-62d3ca1ef2f1|10.1.0.18:15094]|listeners:[], old=null
2024-02-27 21:37:02,481 [6d1988e6-d732-42b7-a0ee-62d3ca1ef2f1-groupManagement] INFO  server.RaftServer$Division (RaftServerImpl.java:setRole(383)) - 6d1988e6-d732-42b7-a0ee-62d3ca1ef2f1@group-59E1F7E51CDF: changes role from      null to FOLLOWER at term 0 for startAsFollower
2024-02-27 21:37:02,481 [6d1988e6-d732-42b7-a0ee-62d3ca1ef2f1-groupManagement] INFO  impl.RoleInfo (RoleInfo.java:updateAndGet(139)) - 6d1988e6-d732-42b7-a0ee-62d3ca1ef2f1: start 6d1988e6-d732-42b7-a0ee-62d3ca1ef2f1@group-59E1F7E51CDF-FollowerState
2024-02-27 21:37:02,481 [6d1988e6-d732-42b7-a0ee-62d3ca1ef2f1@group-59E1F7E51CDF-FollowerState] INFO  server.RaftServerConfigKeys (ConfUtils.java:logFallback(53)) - raft.server.rpc.first-election.timeout.min = 5s (fallback to raft.server.rpc.timeout.min)
2024-02-27 21:37:02,481 [6d1988e6-d732-42b7-a0ee-62d3ca1ef2f1-groupManagement] INFO  util.JmxRegister (JmxRegister.java:tryRegister(44)) - Successfully registered JMX Bean with object name Ratis:service=RaftServer,group=group-59E1F7E51CDF,id=6d1988e6-d732-42b7-a0ee-62d3ca1ef2f1
2024-02-27 21:37:02,481 [6d1988e6-d732-42b7-a0ee-62d3ca1ef2f1@group-59E1F7E51CDF-FollowerState] INFO  server.RaftServerConfigKeys (ConfUtils.java:logFallback(53)) - raft.server.rpc.first-election.timeout.max = 5200ms (fallback to raft.server.rpc.timeout.max)
2024-02-27 21:37:02,481 [6d1988e6-d732-42b7-a0ee-62d3ca1ef2f1-groupManagement] INFO  server.RaftServerConfigKeys (ConfUtils.java:logGet(46)) - raft.server.snapshot.trigger-when-stop.enabled = true (default)
2024-02-27 21:37:02,481 [6d1988e6-d732-42b7-a0ee-62d3ca1ef2f1-groupManagement] INFO  server.RaftServerConfigKeys (ConfUtils.java:logGet(46)) - raft.server.snapshot.auto.trigger.enabled = true (custom)
2024-02-27 21:37:02,481 [6d1988e6-d732-42b7-a0ee-62d3ca1ef2f1-groupManagement] INFO  server.RaftServerConfigKeys (ConfUtils.java:logGet(46)) - raft.server.snapshot.auto.trigger.threshold = 10000 (custom)
2024-02-27 21:37:02,481 [6d1988e6-d732-42b7-a0ee-62d3ca1ef2f1-groupManagement] INFO  server.RaftServerConfigKeys (ConfUtils.java:logGet(46)) - raft.server.snapshot.retention.file.num = 5 (custom)
2024-02-27 21:37:02,482 [6d1988e6-d732-42b7-a0ee-62d3ca1ef2f1-groupManagement] INFO  server.RaftServerConfigKeys (ConfUtils.java:logGet(46)) - raft.server.log.purge.upto.snapshot.index = false (default)
2024-02-27 21:37:02,484 [71df5106-29e4-46d2-b533-d1616e11bc16-PipelineCommandHandlerThread-0] INFO  commandhandler.CreatePipelineCommandHandler (CreatePipelineCommandHandler.java:lambda$handle$2(124)) - Created Pipeline RATIS THREE PipelineID=20419fbb-d945-4096-ad99-59e1f7e51cdf.
2024-02-27 21:37:02,539 [6d1988e6-d732-42b7-a0ee-62d3ca1ef2f1-PipelineCommandHandlerThread-0] INFO  server.RaftServer (RaftServerProxy.java:addNew(100)) - 6d1988e6-d732-42b7-a0ee-62d3ca1ef2f1: addNew group-28B75BC60A14:[6d1988e6-d732-42b7-a0ee-62d3ca1ef2f1|10.1.0.18:15094] returns group-28B75BC60A14:java.util.concurrent.CompletableFuture@6a3a2d4b[Not completed]
2024-02-27 21:37:02,539 [6d1988e6-d732-42b7-a0ee-62d3ca1ef2f1-groupManagement] INFO  server.RaftServer$Division (RaftServerImpl.java:<init>(256)) - 6d1988e6-d732-42b7-a0ee-62d3ca1ef2f1: new RaftServerImpl for group-28B75BC60A14:[6d1988e6-d732-42b7-a0ee-62d3ca1ef2f1|10.1.0.18:15094] with ContainerStateMachine:uninitialized
2024-02-27 21:37:02,539 [6d1988e6-d732-42b7-a0ee-62d3ca1ef2f1-groupManagement] INFO  server.RaftServerConfigKeys (ConfUtils.java:logGet(46)) - raft.server.rpc.timeout.min = 5s (custom)
2024-02-27 21:37:02,540 [6d1988e6-d732-42b7-a0ee-62d3ca1ef2f1-groupManagement] INFO  server.RaftServerConfigKeys (ConfUtils.java:logGet(46)) - raft.server.rpc.timeout.max = 5200ms (custom)
2024-02-27 21:37:02,540 [6d1988e6-d732-42b7-a0ee-62d3ca1ef2f1-groupManagement] INFO  server.RaftServerConfigKeys (ConfUtils.java:logGet(46)) - raft.server.rpc.sleep.time = 25ms (default)
2024-02-27 21:37:02,540 [6d1988e6-d732-42b7-a0ee-62d3ca1ef2f1-groupManagement] INFO  server.RaftServerConfigKeys (ConfUtils.java:logGet(46)) - raft.server.rpc.slowness.timeout = 300s (custom)
2024-02-27 21:37:02,540 [6d1988e6-d732-42b7-a0ee-62d3ca1ef2f1-groupManagement] INFO  server.RaftServerConfigKeys (ConfUtils.java:logGet(46)) - raft.server.leaderelection.leader.step-down.wait-time = 10s (default)
2024-02-27 21:37:02,540 [6d1988e6-d732-42b7-a0ee-62d3ca1ef2f1-groupManagement] INFO  server.RaftServerConfigKeys (ConfUtils.java:logGet(46)) - raft.server.leaderelection.member.majority-add = false (default)
2024-02-27 21:37:02,540 [6d1988e6-d732-42b7-a0ee-62d3ca1ef2f1-groupManagement] INFO  server.RaftServerConfigKeys (ConfUtils.java:logGet(46)) - raft.server.sleep.deviation.threshold = 300ms (default)
2024-02-27 21:37:02,540 [6d1988e6-d732-42b7-a0ee-62d3ca1ef2f1-groupManagement] INFO  server.RaftServer$Division (ServerState.java:<init>(113)) - 6d1988e6-d732-42b7-a0ee-62d3ca1ef2f1@group-28B75BC60A14: ConfigurationManager, init=-1: peers:[6d1988e6-d732-42b7-a0ee-62d3ca1ef2f1|10.1.0.18:15094]|listeners:[], old=null, confs=<EMPTY_MAP>
2024-02-27 21:37:02,540 [6d1988e6-d732-42b7-a0ee-62d3ca1ef2f1-groupManagement] INFO  server.RaftServerConfigKeys (ConfUtils.java:logGet(46)) - raft.server.notification.no-leader.timeout = 300s (custom)
2024-02-27 21:37:02,540 [6d1988e6-d732-42b7-a0ee-62d3ca1ef2f1-groupManagement] INFO  server.RaftServerConfigKeys (ConfUtils.java:logGet(46)) - raft.server.read.timeout = 10s (default)
2024-02-27 21:37:02,540 [6d1988e6-d732-42b7-a0ee-62d3ca1ef2f1-groupManagement] INFO  server.RaftServerConfigKeys (ConfUtils.java:logGet(46)) - raft.server.retrycache.expirytime = 600000ms (custom)
2024-02-27 21:37:02,540 [6d1988e6-d732-42b7-a0ee-62d3ca1ef2f1-groupManagement] INFO  server.RaftServerConfigKeys (ConfUtils.java:logGet(46)) - raft.server.retrycache.statistics.expirytime = 100ms (default)
2024-02-27 21:37:02,540 [6d1988e6-d732-42b7-a0ee-62d3ca1ef2f1-groupManagement] INFO  server.RaftServerConfigKeys (ConfUtils.java:logGet(46)) - raft.server.read.option = DEFAULT (default)
2024-02-27 21:37:02,540 [6d1988e6-d732-42b7-a0ee-62d3ca1ef2f1-groupManagement] INFO  server.RaftServerConfigKeys (ConfUtils.java:logGet(46)) - raft.server.read.read-after-write-consistent.write-index-cache.expiry-time = 60s (default)
2024-02-27 21:37:02,541 [6d1988e6-d732-42b7-a0ee-62d3ca1ef2f1-groupManagement] INFO  server.RaftServerConfigKeys (ConfUtils.java:logGet(46)) - raft.server.rpc.request.timeout = 60s (custom)
2024-02-27 21:37:02,541 [6d1988e6-d732-42b7-a0ee-62d3ca1ef2f1-groupManagement] INFO  server.RaftServerConfigKeys (ConfUtils.java:logGet(46)) - raft.server.log.appender.install.snapshot.enabled = false (custom)
2024-02-27 21:37:02,541 [6d1988e6-d732-42b7-a0ee-62d3ca1ef2f1-groupManagement] INFO  server.RaftServerConfigKeys (ConfUtils.java:logGet(46)) - raft.server.threadpool.server.cached = true (default)
2024-02-27 21:37:02,542 [6d1988e6-d732-42b7-a0ee-62d3ca1ef2f1-groupManagement] INFO  server.RaftServerConfigKeys (ConfUtils.java:logGet(46)) - raft.server.threadpool.server.size = 0 (default)
2024-02-27 21:37:02,542 [6d1988e6-d732-42b7-a0ee-62d3ca1ef2f1-groupManagement] INFO  server.RaftServerConfigKeys (ConfUtils.java:logGet(46)) - raft.server.threadpool.client.cached = true (default)
2024-02-27 21:37:02,542 [6d1988e6-d732-42b7-a0ee-62d3ca1ef2f1-groupManagement] INFO  server.RaftServerConfigKeys (ConfUtils.java:logGet(46)) - raft.server.threadpool.client.size = 0 (default)
2024-02-27 21:37:02,542 [6d1988e6-d732-42b7-a0ee-62d3ca1ef2f1-groupManagement] INFO  server.RaftServerConfigKeys (ConfUtils.java:logGet(46)) - raft.server.storage.free-space.min = 0MB (=0) (default)
2024-02-27 21:37:02,542 [6d1988e6-d732-42b7-a0ee-62d3ca1ef2f1-groupManagement] INFO  server.RaftServerConfigKeys (ConfUtils.java:logGet(46)) - raft.server.log.corruption.policy = EXCEPTION (default)
2024-02-27 21:37:02,542 [6d1988e6-d732-42b7-a0ee-62d3ca1ef2f1-groupManagement] INFO  server.RaftServerConfigKeys (ConfUtils.java:logGet(46)) - raft.server.storage.dir = [/home/runner/work/ozone/ozone/hadoop-ozone/integration-test/target/test-dir/MiniOzoneClusterImpl-075da85a-61fc-4f3b-aaa6-f3afee0da340/ozone-meta/datanode-3/ratis] (custom)
2024-02-27 21:37:02,542 [6d1988e6-d732-42b7-a0ee-62d3ca1ef2f1-groupManagement] INFO  storage.RaftStorageDirectory (RaftStorageDirectoryImpl.java:analyzeStorage(138)) - The storage directory /home/runner/work/ozone/ozone/hadoop-ozone/integration-test/target/test-dir/MiniOzoneClusterImpl-075da85a-61fc-4f3b-aaa6-f3afee0da340/ozone-meta/datanode-3/ratis/971eb6a1-a86e-412f-b85a-28b75bc60a14 does not exist. Creating ...
2024-02-27 21:37:02,542 [main] INFO  ozone.MiniOzoneClusterImpl (MiniOzoneClusterImpl.java:lambda$waitForClusterToBeReady$0(195)) - Nodes are ready. Got 3 of 3 DN Heartbeats.
2024-02-27 21:37:02,542 [main] INFO  ozone.MiniOzoneClusterImpl (MiniOzoneClusterImpl.java:lambda$waitForClusterToBeReady$0(198)) - Waiting for cluster to exit safe mode
2024-02-27 21:37:02,543 [main] INFO  ozone.MiniOzoneClusterImpl (MiniOzoneClusterImpl.java:lambda$waitForClusterToBeReady$0(200)) - SCM became leader
2024-02-27 21:37:02,543 [6d1988e6-d732-42b7-a0ee-62d3ca1ef2f1-groupManagement] INFO  storage.RaftStorageDirectory (RaftStorageDirectoryImpl.java:tryLock(228)) - Lock on /home/runner/work/ozone/ozone/hadoop-ozone/integration-test/target/test-dir/MiniOzoneClusterImpl-075da85a-61fc-4f3b-aaa6-f3afee0da340/ozone-meta/datanode-3/ratis/971eb6a1-a86e-412f-b85a-28b75bc60a14/in_use.lock acquired by nodename 32143@fv-az531-651
2024-02-27 21:37:02,544 [6d1988e6-d732-42b7-a0ee-62d3ca1ef2f1-groupManagement] INFO  storage.RaftStorage (RaftStorageImpl.java:format(99)) - Storage directory /home/runner/work/ozone/ozone/hadoop-ozone/integration-test/target/test-dir/MiniOzoneClusterImpl-075da85a-61fc-4f3b-aaa6-f3afee0da340/ozone-meta/datanode-3/ratis/971eb6a1-a86e-412f-b85a-28b75bc60a14 has been successfully formatted.
2024-02-27 21:37:02,544 [6d1988e6-d732-42b7-a0ee-62d3ca1ef2f1-groupManagement] WARN  util.FileUtils (LogUtils.java:supplyAndLog(63)) - Failed to Files.newInputStream /home/runner/work/ozone/ozone/hadoop-ozone/integration-test/target/test-dir/MiniOzoneClusterImpl-075da85a-61fc-4f3b-aaa6-f3afee0da340/ozone-meta/datanode-3/ratis/971eb6a1-a86e-412f-b85a-28b75bc60a14/current/raft-meta.conf with options []: java.nio.file.NoSuchFileException: /home/runner/work/ozone/ozone/hadoop-ozone/integration-test/target/test-dir/MiniOzoneClusterImpl-075da85a-61fc-4f3b-aaa6-f3afee0da340/ozone-meta/datanode-3/ratis/971eb6a1-a86e-412f-b85a-28b75bc60a14/current/raft-meta.conf
2024-02-27 21:37:02,545 [6d1988e6-d732-42b7-a0ee-62d3ca1ef2f1-groupManagement] INFO  ratis.ContainerStateMachine (ContainerStateMachine.java:loadSnapshot(287)) - group-28B75BC60A14: The snapshot info is null. Setting the last applied index to:(t:0, i:~)
2024-02-27 21:37:02,545 [6d1988e6-d732-42b7-a0ee-62d3ca1ef2f1-groupManagement] INFO  server.RaftServerConfigKeys (ConfUtils.java:logGet(46)) - raft.server.log.use.memory = false (default)
2024-02-27 21:37:02,545 [6d1988e6-d732-42b7-a0ee-62d3ca1ef2f1-groupManagement] INFO  server.RaftServerConfigKeys (ConfUtils.java:logGet(46)) - raft.server.log.purge.gap = 1000000 (custom)
2024-02-27 21:37:02,545 [6d1988e6-d732-42b7-a0ee-62d3ca1ef2f1-groupManagement] INFO  server.RaftServerConfigKeys (ConfUtils.java:logGet(46)) - raft.server.log.appender.buffer.byte-limit = 8388608 (custom)
2024-02-27 21:37:02,545 [6d1988e6-d732-42b7-a0ee-62d3ca1ef2f1-groupManagement] INFO  server.RaftServerConfigKeys (ConfUtils.java:logGet(46)) - raft.server.log.statemachine.data.read.timeout = 1000ms (default)
2024-02-27 21:37:02,546 [6d1988e6-d732-42b7-a0ee-62d3ca1ef2f1-groupManagement] INFO  server.RaftServerConfigKeys (ConfUtils.java:logGet(46)) - raft.server.log.purge.preservation.log.num = 0 (default)
2024-02-27 21:37:02,546 [EventQueue-PipelineReportForPipelineReportHandler] INFO  pipeline.PipelineReportHandler (PipelineReportHandler.java:processPipelineReport(136)) - Opened pipeline PipelineID=971eb6a1-a86e-412f-b85a-28b75bc60a14
2024-02-27 21:37:02,546 [6d1988e6-d732-42b7-a0ee-62d3ca1ef2f1-groupManagement] INFO  server.RaftServerConfigKeys (ConfUtils.java:logGet(46)) - raft.server.log.segment.size.max = 67108864 (custom)
2024-02-27 21:37:02,546 [EventQueue-OpenPipelineForHealthyPipelineSafeModeRule] INFO  safemode.SCMSafeModeManager (HealthyPipelineSafeModeRule.java:process(140)) - SCM in safe mode. Healthy pipelines reported count is 0, required healthy pipeline reported count is 1
2024-02-27 21:37:02,547 [6d1988e6-d732-42b7-a0ee-62d3ca1ef2f1-groupManagement] INFO  server.RaftServerConfigKeys (ConfUtils.java:logGet(46)) - raft.server.log.segment.cache.num.max = 2 (custom)
2024-02-27 21:37:02,547 [6d1988e6-d732-42b7-a0ee-62d3ca1ef2f1-groupManagement] INFO  server.RaftServerConfigKeys (ConfUtils.java:logGet(46)) - raft.server.log.segment.cache.size.max = 200MB (=209715200) (default)
2024-02-27 21:37:02,547 [6d1988e6-d732-42b7-a0ee-62d3ca1ef2f1-groupManagement] INFO  server.RaftServerConfigKeys (ConfUtils.java:logGet(46)) - raft.server.log.appender.buffer.byte-limit = 8388608 (custom)
2024-02-27 21:37:02,547 [6d1988e6-d732-42b7-a0ee-62d3ca1ef2f1-groupManagement] INFO  util.AwaitToRun (AwaitToRun.java:start(81)) - Thread[6d1988e6-d732-42b7-a0ee-62d3ca1ef2f1@group-28B75BC60A14-cacheEviction-AwaitToRun,5,main] started
2024-02-27 21:37:02,547 [6d1988e6-d732-42b7-a0ee-62d3ca1ef2f1-groupManagement] INFO  segmented.SegmentedRaftLogWorker (SegmentedRaftLogWorker.java:<init>(182)) - new 6d1988e6-d732-42b7-a0ee-62d3ca1ef2f1@group-28B75BC60A14-SegmentedRaftLogWorker for RaftStorageImpl:Storage Directory /home/runner/work/ozone/ozone/hadoop-ozone/integration-test/target/test-dir/MiniOzoneClusterImpl-075da85a-61fc-4f3b-aaa6-f3afee0da340/ozone-meta/datanode-3/ratis/971eb6a1-a86e-412f-b85a-28b75bc60a14
2024-02-27 21:37:02,547 [6d1988e6-d732-42b7-a0ee-62d3ca1ef2f1-groupManagement] INFO  server.RaftServerConfigKeys (ConfUtils.java:logGet(46)) - raft.server.log.queue.byte-limit = 4294967296 (custom)
2024-02-27 21:37:02,547 [6d1988e6-d732-42b7-a0ee-62d3ca1ef2f1-groupManagement] INFO  server.RaftServerConfigKeys (ConfUtils.java:logGet(46)) - raft.server.log.queue.element-limit = 1024 (custom)
2024-02-27 21:37:02,547 [6d1988e6-d732-42b7-a0ee-62d3ca1ef2f1-groupManagement] INFO  server.RaftServerConfigKeys (ConfUtils.java:logGet(46)) - raft.server.log.segment.size.max = 67108864 (custom)
2024-02-27 21:37:02,547 [6d1988e6-d732-42b7-a0ee-62d3ca1ef2f1-groupManagement] INFO  server.RaftServerConfigKeys (ConfUtils.java:logGet(46)) - raft.server.log.preallocated.size = 4194304 (custom)
2024-02-27 21:37:02,547 [6d1988e6-d732-42b7-a0ee-62d3ca1ef2f1-groupManagement] INFO  server.RaftServerConfigKeys (ConfUtils.java:logGet(46)) - raft.server.log.force.sync.num = 128 (default)
2024-02-27 21:37:02,548 [6d1988e6-d732-42b7-a0ee-62d3ca1ef2f1-groupManagement] INFO  server.RaftServerConfigKeys (ConfUtils.java:logGet(46)) - raft.server.log.statemachine.data.sync = true (default)
2024-02-27 21:37:02,548 [6d1988e6-d732-42b7-a0ee-62d3ca1ef2f1-groupManagement] INFO  server.RaftServerConfigKeys (ConfUtils.java:logGet(46)) - raft.server.log.statemachine.data.sync.timeout = 10s (default)
2024-02-27 21:37:02,548 [6d1988e6-d732-42b7-a0ee-62d3ca1ef2f1-groupManagement] INFO  server.RaftServerConfigKeys (ConfUtils.java:logGet(46)) - raft.server.log.statemachine.data.sync.timeout.retry = 0 (custom)
2024-02-27 21:37:02,548 [6d1988e6-d732-42b7-a0ee-62d3ca1ef2f1-groupManagement] INFO  server.RaftServerConfigKeys (ConfUtils.java:logGet(46)) - raft.server.log.write.buffer.size = 8388616 (custom)
2024-02-27 21:37:02,549 [6d1988e6-d732-42b7-a0ee-62d3ca1ef2f1-groupManagement] INFO  server.RaftServerConfigKeys (ConfUtils.java:logGet(46)) - raft.server.log.appender.buffer.byte-limit = 8388608 (custom)
2024-02-27 21:37:02,549 [6d1988e6-d732-42b7-a0ee-62d3ca1ef2f1-groupManagement] INFO  server.RaftServerConfigKeys (ConfUtils.java:logGet(46)) - raft.server.log.unsafe-flush.enabled = false (default)
2024-02-27 21:37:02,549 [6d1988e6-d732-42b7-a0ee-62d3ca1ef2f1-groupManagement] INFO  server.RaftServerConfigKeys (ConfUtils.java:logGet(46)) - raft.server.log.async-flush.enabled = false (default)
2024-02-27 21:37:02,549 [6d1988e6-d732-42b7-a0ee-62d3ca1ef2f1-groupManagement] INFO  server.RaftServerConfigKeys (ConfUtils.java:logGet(46)) - raft.server.log.statemachine.data.caching.enabled = true (custom)
2024-02-27 21:37:02,549 [6d1988e6-d732-42b7-a0ee-62d3ca1ef2f1-groupManagement] INFO  segmented.SegmentedRaftLogWorker (SegmentedRaftLogWorker.java:lambda$new$0(134)) - 6d1988e6-d732-42b7-a0ee-62d3ca1ef2f1@group-28B75BC60A14-SegmentedRaftLogWorker: flushIndex: setUnconditionally 0 -> -1
2024-02-27 21:37:02,549 [6d1988e6-d732-42b7-a0ee-62d3ca1ef2f1-groupManagement] INFO  segmented.SegmentedRaftLogWorker (SegmentedRaftLogWorker.java:lambda$new$0(134)) - 6d1988e6-d732-42b7-a0ee-62d3ca1ef2f1@group-28B75BC60A14-SegmentedRaftLogWorker: safeCacheEvictIndex: setUnconditionally 0 -> -1
2024-02-27 21:37:02,550 [6d1988e6-d732-42b7-a0ee-62d3ca1ef2f1-groupManagement] INFO  server.RaftServer$Division (RaftServerImpl.java:start(396)) - 6d1988e6-d732-42b7-a0ee-62d3ca1ef2f1@group-28B75BC60A14: start as a follower, conf=-1: peers:[6d1988e6-d732-42b7-a0ee-62d3ca1ef2f1|10.1.0.18:15094]|listeners:[], old=null
2024-02-27 21:37:02,550 [6d1988e6-d732-42b7-a0ee-62d3ca1ef2f1-groupManagement] INFO  server.RaftServer$Division (RaftServerImpl.java:setRole(383)) - 6d1988e6-d732-42b7-a0ee-62d3ca1ef2f1@group-28B75BC60A14: changes role from      null to FOLLOWER at term 0 for startAsFollower
2024-02-27 21:37:02,550 [6d1988e6-d732-42b7-a0ee-62d3ca1ef2f1-groupManagement] INFO  impl.RoleInfo (RoleInfo.java:updateAndGet(139)) - 6d1988e6-d732-42b7-a0ee-62d3ca1ef2f1: start 6d1988e6-d732-42b7-a0ee-62d3ca1ef2f1@group-28B75BC60A14-FollowerState
2024-02-27 21:37:02,550 [6d1988e6-d732-42b7-a0ee-62d3ca1ef2f1@group-28B75BC60A14-FollowerState] INFO  server.RaftServerConfigKeys (ConfUtils.java:logFallback(53)) - raft.server.rpc.first-election.timeout.min = 5s (fallback to raft.server.rpc.timeout.min)
2024-02-27 21:37:02,550 [6d1988e6-d732-42b7-a0ee-62d3ca1ef2f1-groupManagement] INFO  util.JmxRegister (JmxRegister.java:tryRegister(44)) - Successfully registered JMX Bean with object name Ratis:service=RaftServer,group=group-28B75BC60A14,id=6d1988e6-d732-42b7-a0ee-62d3ca1ef2f1
2024-02-27 21:37:02,550 [6d1988e6-d732-42b7-a0ee-62d3ca1ef2f1-groupManagement] INFO  server.RaftServerConfigKeys (ConfUtils.java:logGet(46)) - raft.server.snapshot.trigger-when-stop.enabled = true (default)
2024-02-27 21:37:02,550 [6d1988e6-d732-42b7-a0ee-62d3ca1ef2f1-groupManagement] INFO  server.RaftServerConfigKeys (ConfUtils.java:logGet(46)) - raft.server.snapshot.auto.trigger.enabled = true (custom)
2024-02-27 21:37:02,550 [6d1988e6-d732-42b7-a0ee-62d3ca1ef2f1-groupManagement] INFO  server.RaftServerConfigKeys (ConfUtils.java:logGet(46)) - raft.server.snapshot.auto.trigger.threshold = 10000 (custom)
2024-02-27 21:37:02,550 [6d1988e6-d732-42b7-a0ee-62d3ca1ef2f1-groupManagement] INFO  server.RaftServerConfigKeys (ConfUtils.java:logGet(46)) - raft.server.snapshot.retention.file.num = 5 (custom)
2024-02-27 21:37:02,551 [6d1988e6-d732-42b7-a0ee-62d3ca1ef2f1-groupManagement] INFO  server.RaftServerConfigKeys (ConfUtils.java:logGet(46)) - raft.server.log.purge.upto.snapshot.index = false (default)
2024-02-27 21:37:02,550 [6d1988e6-d732-42b7-a0ee-62d3ca1ef2f1@group-28B75BC60A14-FollowerState] INFO  server.RaftServerConfigKeys (ConfUtils.java:logFallback(53)) - raft.server.rpc.first-election.timeout.max = 5200ms (fallback to raft.server.rpc.timeout.max)
2024-02-27 21:37:02,551 [6d1988e6-d732-42b7-a0ee-62d3ca1ef2f1-PipelineCommandHandlerThread-0] INFO  ratis.XceiverServerRatis (XceiverServerRatis.java:addGroup(864)) - Created group PipelineID=971eb6a1-a86e-412f-b85a-28b75bc60a14
2024-02-27 21:37:02,551 [6d1988e6-d732-42b7-a0ee-62d3ca1ef2f1-PipelineCommandHandlerThread-0] INFO  commandhandler.CreatePipelineCommandHandler (CreatePipelineCommandHandler.java:lambda$handle$2(124)) - Created Pipeline RATIS ONE PipelineID=971eb6a1-a86e-412f-b85a-28b75bc60a14.
2024-02-27 21:37:03,543 [main] INFO  ozone.MiniOzoneClusterImpl (MiniOzoneClusterImpl.java:lambda$waitForClusterToBeReady$0(195)) - Nodes are ready. Got 3 of 3 DN Heartbeats.
2024-02-27 21:37:03,543 [main] INFO  ozone.MiniOzoneClusterImpl (MiniOzoneClusterImpl.java:lambda$waitForClusterToBeReady$0(198)) - Waiting for cluster to exit safe mode
2024-02-27 21:37:03,543 [main] INFO  ozone.MiniOzoneClusterImpl (MiniOzoneClusterImpl.java:lambda$waitForClusterToBeReady$0(200)) - SCM became leader
2024-02-27 21:37:04,543 [main] INFO  ozone.MiniOzoneClusterImpl (MiniOzoneClusterImpl.java:lambda$waitForClusterToBeReady$0(195)) - Nodes are ready. Got 3 of 3 DN Heartbeats.
2024-02-27 21:37:04,544 [main] INFO  ozone.MiniOzoneClusterImpl (MiniOzoneClusterImpl.java:lambda$waitForClusterToBeReady$0(198)) - Waiting for cluster to exit safe mode
2024-02-27 21:37:04,544 [main] INFO  ozone.MiniOzoneClusterImpl (MiniOzoneClusterImpl.java:lambda$waitForClusterToBeReady$0(200)) - SCM became leader
2024-02-27 21:37:05,544 [main] INFO  ozone.MiniOzoneClusterImpl (MiniOzoneClusterImpl.java:lambda$waitForClusterToBeReady$0(195)) - Nodes are ready. Got 3 of 3 DN Heartbeats.
2024-02-27 21:37:05,544 [main] INFO  ozone.MiniOzoneClusterImpl (MiniOzoneClusterImpl.java:lambda$waitForClusterToBeReady$0(198)) - Waiting for cluster to exit safe mode
2024-02-27 21:37:05,544 [main] INFO  ozone.MiniOzoneClusterImpl (MiniOzoneClusterImpl.java:lambda$waitForClusterToBeReady$0(200)) - SCM became leader
2024-02-27 21:37:06,545 [main] INFO  ozone.MiniOzoneClusterImpl (MiniOzoneClusterImpl.java:lambda$waitForClusterToBeReady$0(195)) - Nodes are ready. Got 3 of 3 DN Heartbeats.
2024-02-27 21:37:06,545 [main] INFO  ozone.MiniOzoneClusterImpl (MiniOzoneClusterImpl.java:lambda$waitForClusterToBeReady$0(198)) - Waiting for cluster to exit safe mode
2024-02-27 21:37:06,545 [main] INFO  ozone.MiniOzoneClusterImpl (MiniOzoneClusterImpl.java:lambda$waitForClusterToBeReady$0(200)) - SCM became leader
2024-02-27 21:37:07,407 [e13e7e3b-b387-4fac-9683-3ea92427a7e8@group-EE311A528B4F-FollowerState] INFO  impl.FollowerState (FollowerState.java:run(143)) - e13e7e3b-b387-4fac-9683-3ea92427a7e8@group-EE311A528B4F-FollowerState: change to CANDIDATE, lastRpcElapsedTime:5035557625ns, electionTimeout:5035ms
2024-02-27 21:37:07,407 [e13e7e3b-b387-4fac-9683-3ea92427a7e8@group-EE311A528B4F-FollowerState] INFO  impl.RoleInfo (RoleInfo.java:shutdownFollowerState(110)) - e13e7e3b-b387-4fac-9683-3ea92427a7e8: shutdown e13e7e3b-b387-4fac-9683-3ea92427a7e8@group-EE311A528B4F-FollowerState
2024-02-27 21:37:07,407 [e13e7e3b-b387-4fac-9683-3ea92427a7e8@group-EE311A528B4F-FollowerState] INFO  server.RaftServer$Division (RaftServerImpl.java:setRole(383)) - e13e7e3b-b387-4fac-9683-3ea92427a7e8@group-EE311A528B4F: changes role from  FOLLOWER to CANDIDATE at term 0 for changeToCandidate
2024-02-27 21:37:07,407 [e13e7e3b-b387-4fac-9683-3ea92427a7e8@group-EE311A528B4F-FollowerState] INFO  server.RaftServerConfigKeys (ConfUtils.java:logGet(46)) - raft.server.leaderelection.pre-vote = true (default)
2024-02-27 21:37:07,407 [e13e7e3b-b387-4fac-9683-3ea92427a7e8@group-EE311A528B4F-FollowerState] INFO  impl.RoleInfo (RoleInfo.java:updateAndGet(139)) - e13e7e3b-b387-4fac-9683-3ea92427a7e8: start e13e7e3b-b387-4fac-9683-3ea92427a7e8@group-EE311A528B4F-LeaderElection17
2024-02-27 21:37:07,408 [e13e7e3b-b387-4fac-9683-3ea92427a7e8@group-EE311A528B4F-LeaderElection17] INFO  impl.LeaderElection (LeaderElection.java:askForVotes(321)) - e13e7e3b-b387-4fac-9683-3ea92427a7e8@group-EE311A528B4F-LeaderElection17 PRE_VOTE round 0: submit vote requests at term 0 for -1: peers:[71df5106-29e4-46d2-b533-d1616e11bc16|10.1.0.18:15076, e13e7e3b-b387-4fac-9683-3ea92427a7e8|10.1.0.18:15085, 6d1988e6-d732-42b7-a0ee-62d3ca1ef2f1|10.1.0.18:15094]|listeners:[], old=null
2024-02-27 21:37:07,409 [e13e7e3b-b387-4fac-9683-3ea92427a7e8@group-EE311A528B4F-LeaderElection17] INFO  server.RaftServerConfigKeys (ConfUtils.java:logFallback(53)) - raft.server.rpc.first-election.timeout.min = 5s (fallback to raft.server.rpc.timeout.min)
2024-02-27 21:37:07,409 [e13e7e3b-b387-4fac-9683-3ea92427a7e8@group-EE311A528B4F-LeaderElection17-2] INFO  server.GrpcServerProtocolClient (GrpcServerProtocolClient.java:<init>(65)) - Build channel for 6d1988e6-d732-42b7-a0ee-62d3ca1ef2f1|10.1.0.18:15094
2024-02-27 21:37:07,409 [e13e7e3b-b387-4fac-9683-3ea92427a7e8@group-EE311A528B4F-LeaderElection17-1] INFO  server.GrpcServerProtocolClient (GrpcServerProtocolClient.java:<init>(65)) - Build channel for 71df5106-29e4-46d2-b533-d1616e11bc16|10.1.0.18:15076
2024-02-27 21:37:07,409 [e13e7e3b-b387-4fac-9683-3ea92427a7e8@group-EE311A528B4F-LeaderElection17] INFO  server.RaftServerConfigKeys (ConfUtils.java:logFallback(53)) - raft.server.rpc.first-election.timeout.max = 5200ms (fallback to raft.server.rpc.timeout.max)
2024-02-27 21:37:07,415 [grpc-default-executor-0] INFO  server.RaftServer$Division (RaftServerImpl.java:requestVote(1389)) - 6d1988e6-d732-42b7-a0ee-62d3ca1ef2f1@group-EE311A528B4F: receive requestVote(PRE_VOTE, e13e7e3b-b387-4fac-9683-3ea92427a7e8, group-EE311A528B4F, 0, (t:0, i:0))
2024-02-27 21:37:07,415 [grpc-default-executor-1] INFO  server.RaftServer$Division (RaftServerImpl.java:requestVote(1389)) - 71df5106-29e4-46d2-b533-d1616e11bc16@group-EE311A528B4F: receive requestVote(PRE_VOTE, e13e7e3b-b387-4fac-9683-3ea92427a7e8, group-EE311A528B4F, 0, (t:0, i:0))
2024-02-27 21:37:07,415 [grpc-default-executor-0] INFO  impl.VoteContext (VoteContext.java:log(49)) - 6d1988e6-d732-42b7-a0ee-62d3ca1ef2f1@group-EE311A528B4F-FOLLOWER: reject PRE_VOTE from e13e7e3b-b387-4fac-9683-3ea92427a7e8: our priority 1 > candidate's priority 0
2024-02-27 21:37:07,416 [grpc-default-executor-0] INFO  server.RaftServer$Division (RaftServerImpl.java:requestVote(1422)) - 6d1988e6-d732-42b7-a0ee-62d3ca1ef2f1@group-EE311A528B4F replies to PRE_VOTE vote request: e13e7e3b-b387-4fac-9683-3ea92427a7e8<-6d1988e6-d732-42b7-a0ee-62d3ca1ef2f1#0:FAIL-t0. Peer's state: 6d1988e6-d732-42b7-a0ee-62d3ca1ef2f1@group-EE311A528B4F:t0, leader=null, voted=, raftlog=Memoized:6d1988e6-d732-42b7-a0ee-62d3ca1ef2f1@group-EE311A528B4F-SegmentedRaftLog:OPENED:c-1, conf=-1: peers:[71df5106-29e4-46d2-b533-d1616e11bc16|10.1.0.18:15076, e13e7e3b-b387-4fac-9683-3ea92427a7e8|10.1.0.18:15085, 6d1988e6-d732-42b7-a0ee-62d3ca1ef2f1|10.1.0.18:15094]|listeners:[], old=null
2024-02-27 21:37:07,416 [grpc-default-executor-1] INFO  impl.VoteContext (VoteContext.java:log(49)) - 71df5106-29e4-46d2-b533-d1616e11bc16@group-EE311A528B4F-FOLLOWER: accept PRE_VOTE from e13e7e3b-b387-4fac-9683-3ea92427a7e8: our priority 0 <= candidate's priority 0
2024-02-27 21:37:07,418 [grpc-default-executor-1] INFO  server.RaftServer$Division (RaftServerImpl.java:requestVote(1422)) - 71df5106-29e4-46d2-b533-d1616e11bc16@group-EE311A528B4F replies to PRE_VOTE vote request: e13e7e3b-b387-4fac-9683-3ea92427a7e8<-71df5106-29e4-46d2-b533-d1616e11bc16#0:OK-t0. Peer's state: 71df5106-29e4-46d2-b533-d1616e11bc16@group-EE311A528B4F:t0, leader=null, voted=, raftlog=Memoized:71df5106-29e4-46d2-b533-d1616e11bc16@group-EE311A528B4F-SegmentedRaftLog:OPENED:c-1, conf=-1: peers:[71df5106-29e4-46d2-b533-d1616e11bc16|10.1.0.18:15076, e13e7e3b-b387-4fac-9683-3ea92427a7e8|10.1.0.18:15085, 6d1988e6-d732-42b7-a0ee-62d3ca1ef2f1|10.1.0.18:15094]|listeners:[], old=null
2024-02-27 21:37:07,419 [e13e7e3b-b387-4fac-9683-3ea92427a7e8@group-EE311A528B4F-LeaderElection17] INFO  impl.LeaderElection (LeaderElection.java:logAndReturn(89)) - e13e7e3b-b387-4fac-9683-3ea92427a7e8@group-EE311A528B4F-LeaderElection17: PRE_VOTE REJECTED received 1 response(s) and 0 exception(s):
2024-02-27 21:37:07,419 [e13e7e3b-b387-4fac-9683-3ea92427a7e8@group-EE311A528B4F-LeaderElection17] INFO  impl.LeaderElection (LeaderElection.java:logAndReturn(93)) -   Response 0: e13e7e3b-b387-4fac-9683-3ea92427a7e8<-6d1988e6-d732-42b7-a0ee-62d3ca1ef2f1#0:FAIL-t0
2024-02-27 21:37:07,419 [e13e7e3b-b387-4fac-9683-3ea92427a7e8@group-EE311A528B4F-LeaderElection17] INFO  impl.LeaderElection (LeaderElection.java:askForVotes(323)) - e13e7e3b-b387-4fac-9683-3ea92427a7e8@group-EE311A528B4F-LeaderElection17 PRE_VOTE round 0: result REJECTED
2024-02-27 21:37:07,419 [e13e7e3b-b387-4fac-9683-3ea92427a7e8@group-EE311A528B4F-LeaderElection17] INFO  server.RaftServer$Division (RaftServerImpl.java:setRole(383)) - e13e7e3b-b387-4fac-9683-3ea92427a7e8@group-EE311A528B4F: changes role from CANDIDATE to FOLLOWER at term 0 for REJECTED
2024-02-27 21:37:07,419 [e13e7e3b-b387-4fac-9683-3ea92427a7e8@group-EE311A528B4F-LeaderElection17] INFO  impl.RoleInfo (RoleInfo.java:shutdownLeaderElection(130)) - e13e7e3b-b387-4fac-9683-3ea92427a7e8: shutdown e13e7e3b-b387-4fac-9683-3ea92427a7e8@group-EE311A528B4F-LeaderElection17
2024-02-27 21:37:07,419 [e13e7e3b-b387-4fac-9683-3ea92427a7e8@group-EE311A528B4F-LeaderElection17] INFO  impl.RoleInfo (RoleInfo.java:updateAndGet(139)) - e13e7e3b-b387-4fac-9683-3ea92427a7e8: start e13e7e3b-b387-4fac-9683-3ea92427a7e8@group-EE311A528B4F-FollowerState
2024-02-27 21:37:07,422 [e13e7e3b-b387-4fac-9683-3ea92427a7e8@group-EE311A528B4F-LeaderElection17] INFO  server.RaftServer$Division (RaftServerImpl.java:setFirstElection(574)) - e13e7e3b-b387-4fac-9683-3ea92427a7e8@group-EE311A528B4F: set firstElectionSinceStartup to false for REJECTED
2024-02-27 21:37:07,422 [71df5106-29e4-46d2-b533-d1616e11bc16@group-EE311A528B4F-FollowerState] INFO  server.RaftServerConfigKeys (ConfUtils.java:logFallback(53)) - raft.server.rpc.first-election.timeout.min = 5s (fallback to raft.server.rpc.timeout.min)
2024-02-27 21:37:07,422 [71df5106-29e4-46d2-b533-d1616e11bc16@group-EE311A528B4F-FollowerState] INFO  server.RaftServerConfigKeys (ConfUtils.java:logFallback(53)) - raft.server.rpc.first-election.timeout.max = 5200ms (fallback to raft.server.rpc.timeout.max)
2024-02-27 21:37:07,435 [6d1988e6-d732-42b7-a0ee-62d3ca1ef2f1@group-EE311A528B4F-FollowerState] INFO  impl.FollowerState (FollowerState.java:run(143)) - 6d1988e6-d732-42b7-a0ee-62d3ca1ef2f1@group-EE311A528B4F-FollowerState: change to CANDIDATE, lastRpcElapsedTime:5033842706ns, electionTimeout:5033ms
2024-02-27 21:37:07,435 [6d1988e6-d732-42b7-a0ee-62d3ca1ef2f1@group-EE311A528B4F-FollowerState] INFO  impl.RoleInfo (RoleInfo.java:shutdownFollowerState(110)) - 6d1988e6-d732-42b7-a0ee-62d3ca1ef2f1: shutdown 6d1988e6-d732-42b7-a0ee-62d3ca1ef2f1@group-EE311A528B4F-FollowerState
2024-02-27 21:37:07,435 [6d1988e6-d732-42b7-a0ee-62d3ca1ef2f1@group-EE311A528B4F-FollowerState] INFO  server.RaftServer$Division (RaftServerImpl.java:setRole(383)) - 6d1988e6-d732-42b7-a0ee-62d3ca1ef2f1@group-EE311A528B4F: changes role from  FOLLOWER to CANDIDATE at term 0 for changeToCandidate
2024-02-27 21:37:07,435 [6d1988e6-d732-42b7-a0ee-62d3ca1ef2f1@group-EE311A528B4F-FollowerState] INFO  server.RaftServerConfigKeys (ConfUtils.java:logGet(46)) - raft.server.leaderelection.pre-vote = true (default)
2024-02-27 21:37:07,435 [6d1988e6-d732-42b7-a0ee-62d3ca1ef2f1@group-EE311A528B4F-FollowerState] INFO  impl.RoleInfo (RoleInfo.java:updateAndGet(139)) - 6d1988e6-d732-42b7-a0ee-62d3ca1ef2f1: start 6d1988e6-d732-42b7-a0ee-62d3ca1ef2f1@group-EE311A528B4F-LeaderElection18
2024-02-27 21:37:07,436 [6d1988e6-d732-42b7-a0ee-62d3ca1ef2f1@group-EE311A528B4F-LeaderElection18] INFO  impl.LeaderElection (LeaderElection.java:askForVotes(321)) - 6d1988e6-d732-42b7-a0ee-62d3ca1ef2f1@group-EE311A528B4F-LeaderElection18 PRE_VOTE round 0: submit vote requests at term 0 for -1: peers:[71df5106-29e4-46d2-b533-d1616e11bc16|10.1.0.18:15076, e13e7e3b-b387-4fac-9683-3ea92427a7e8|10.1.0.18:15085, 6d1988e6-d732-42b7-a0ee-62d3ca1ef2f1|10.1.0.18:15094]|listeners:[], old=null
2024-02-27 21:37:07,436 [6d1988e6-d732-42b7-a0ee-62d3ca1ef2f1@group-EE311A528B4F-LeaderElection18-1] INFO  server.GrpcServerProtocolClient (GrpcServerProtocolClient.java:<init>(65)) - Build channel for 71df5106-29e4-46d2-b533-d1616e11bc16|10.1.0.18:15076
2024-02-27 21:37:07,436 [6d1988e6-d732-42b7-a0ee-62d3ca1ef2f1@group-EE311A528B4F-LeaderElection18-2] INFO  server.GrpcServerProtocolClient (GrpcServerProtocolClient.java:<init>(65)) - Build channel for e13e7e3b-b387-4fac-9683-3ea92427a7e8|10.1.0.18:15085
2024-02-27 21:37:07,436 [6d1988e6-d732-42b7-a0ee-62d3ca1ef2f1@group-EE311A528B4F-LeaderElection18] INFO  server.RaftServerConfigKeys (ConfUtils.java:logFallback(53)) - raft.server.rpc.first-election.timeout.min = 5s (fallback to raft.server.rpc.timeout.min)
2024-02-27 21:37:07,436 [6d1988e6-d732-42b7-a0ee-62d3ca1ef2f1@group-EE311A528B4F-LeaderElection18] INFO  server.RaftServerConfigKeys (ConfUtils.java:logFallback(53)) - raft.server.rpc.first-election.timeout.max = 5200ms (fallback to raft.server.rpc.timeout.max)
2024-02-27 21:37:07,442 [grpc-default-executor-1] INFO  server.RaftServer$Division (RaftServerImpl.java:requestVote(1389)) - e13e7e3b-b387-4fac-9683-3ea92427a7e8@group-EE311A528B4F: receive requestVote(PRE_VOTE, 6d1988e6-d732-42b7-a0ee-62d3ca1ef2f1, group-EE311A528B4F, 0, (t:0, i:0))
2024-02-27 21:37:07,442 [grpc-default-executor-0] INFO  server.RaftServer$Division (RaftServerImpl.java:requestVote(1389)) - 71df5106-29e4-46d2-b533-d1616e11bc16@group-EE311A528B4F: receive requestVote(PRE_VOTE, 6d1988e6-d732-42b7-a0ee-62d3ca1ef2f1, group-EE311A528B4F, 0, (t:0, i:0))
2024-02-27 21:37:07,442 [grpc-default-executor-1] INFO  impl.VoteContext (VoteContext.java:log(49)) - e13e7e3b-b387-4fac-9683-3ea92427a7e8@group-EE311A528B4F-FOLLOWER: accept PRE_VOTE from 6d1988e6-d732-42b7-a0ee-62d3ca1ef2f1: our priority 0 <= candidate's priority 1
2024-02-27 21:37:07,442 [grpc-default-executor-0] INFO  impl.VoteContext (VoteContext.java:log(49)) - 71df5106-29e4-46d2-b533-d1616e11bc16@group-EE311A528B4F-FOLLOWER: accept PRE_VOTE from 6d1988e6-d732-42b7-a0ee-62d3ca1ef2f1: our priority 0 <= candidate's priority 1
2024-02-27 21:37:07,442 [grpc-default-executor-1] INFO  server.RaftServer$Division (RaftServerImpl.java:requestVote(1422)) - e13e7e3b-b387-4fac-9683-3ea92427a7e8@group-EE311A528B4F replies to PRE_VOTE vote request: 6d1988e6-d732-42b7-a0ee-62d3ca1ef2f1<-e13e7e3b-b387-4fac-9683-3ea92427a7e8#0:OK-t0. Peer's state: e13e7e3b-b387-4fac-9683-3ea92427a7e8@group-EE311A528B4F:t0, leader=null, voted=, raftlog=Memoized:e13e7e3b-b387-4fac-9683-3ea92427a7e8@group-EE311A528B4F-SegmentedRaftLog:OPENED:c-1, conf=-1: peers:[71df5106-29e4-46d2-b533-d1616e11bc16|10.1.0.18:15076, e13e7e3b-b387-4fac-9683-3ea92427a7e8|10.1.0.18:15085, 6d1988e6-d732-42b7-a0ee-62d3ca1ef2f1|10.1.0.18:15094]|listeners:[], old=null
2024-02-27 21:37:07,442 [grpc-default-executor-0] INFO  server.RaftServer$Division (RaftServerImpl.java:requestVote(1422)) - 71df5106-29e4-46d2-b533-d1616e11bc16@group-EE311A528B4F replies to PRE_VOTE vote request: 6d1988e6-d732-42b7-a0ee-62d3ca1ef2f1<-71df5106-29e4-46d2-b533-d1616e11bc16#0:OK-t0. Peer's state: 71df5106-29e4-46d2-b533-d1616e11bc16@group-EE311A528B4F:t0, leader=null, voted=, raftlog=Memoized:71df5106-29e4-46d2-b533-d1616e11bc16@group-EE311A528B4F-SegmentedRaftLog:OPENED:c-1, conf=-1: peers:[71df5106-29e4-46d2-b533-d1616e11bc16|10.1.0.18:15076, e13e7e3b-b387-4fac-9683-3ea92427a7e8|10.1.0.18:15085, 6d1988e6-d732-42b7-a0ee-62d3ca1ef2f1|10.1.0.18:15094]|listeners:[], old=null
2024-02-27 21:37:07,443 [6d1988e6-d732-42b7-a0ee-62d3ca1ef2f1@group-EE311A528B4F-LeaderElection18] INFO  impl.LeaderElection (LeaderElection.java:logAndReturn(89)) - 6d1988e6-d732-42b7-a0ee-62d3ca1ef2f1@group-EE311A528B4F-LeaderElection18: PRE_VOTE PASSED received 1 response(s) and 0 exception(s):
2024-02-27 21:37:07,443 [6d1988e6-d732-42b7-a0ee-62d3ca1ef2f1@group-EE311A528B4F-LeaderElection18] INFO  impl.LeaderElection (LeaderElection.java:logAndReturn(93)) -   Response 0: 6d1988e6-d732-42b7-a0ee-62d3ca1ef2f1<-71df5106-29e4-46d2-b533-d1616e11bc16#0:OK-t0
2024-02-27 21:37:07,443 [6d1988e6-d732-42b7-a0ee-62d3ca1ef2f1@group-EE311A528B4F-LeaderElection18] INFO  impl.LeaderElection (LeaderElection.java:askForVotes(323)) - 6d1988e6-d732-42b7-a0ee-62d3ca1ef2f1@group-EE311A528B4F-LeaderElection18 PRE_VOTE round 0: result PASSED
2024-02-27 21:37:07,446 [6d1988e6-d732-42b7-a0ee-62d3ca1ef2f1@group-EE311A528B4F-LeaderElection18] INFO  impl.LeaderElection (LeaderElection.java:askForVotes(321)) - 6d1988e6-d732-42b7-a0ee-62d3ca1ef2f1@group-EE311A528B4F-LeaderElection18 ELECTION round 0: submit vote requests at term 1 for -1: peers:[71df5106-29e4-46d2-b533-d1616e11bc16|10.1.0.18:15076, e13e7e3b-b387-4fac-9683-3ea92427a7e8|10.1.0.18:15085, 6d1988e6-d732-42b7-a0ee-62d3ca1ef2f1|10.1.0.18:15094]|listeners:[], old=null
2024-02-27 21:37:07,447 [6d1988e6-d732-42b7-a0ee-62d3ca1ef2f1@group-EE311A528B4F-LeaderElection18] INFO  server.RaftServerConfigKeys (ConfUtils.java:logFallback(53)) - raft.server.rpc.first-election.timeout.min = 5s (fallback to raft.server.rpc.timeout.min)
2024-02-27 21:37:07,447 [6d1988e6-d732-42b7-a0ee-62d3ca1ef2f1@group-EE311A528B4F-LeaderElection18] INFO  server.RaftServerConfigKeys (ConfUtils.java:logFallback(53)) - raft.server.rpc.first-election.timeout.max = 5200ms (fallback to raft.server.rpc.timeout.max)
2024-02-27 21:37:07,447 [grpc-default-executor-1] INFO  server.RaftServer$Division (RaftServerImpl.java:requestVote(1389)) - 71df5106-29e4-46d2-b533-d1616e11bc16@group-EE311A528B4F: receive requestVote(ELECTION, 6d1988e6-d732-42b7-a0ee-62d3ca1ef2f1, group-EE311A528B4F, 1, (t:0, i:0))
2024-02-27 21:37:07,447 [grpc-default-executor-1] INFO  impl.VoteContext (VoteContext.java:log(49)) - 71df5106-29e4-46d2-b533-d1616e11bc16@group-EE311A528B4F-FOLLOWER: accept ELECTION from 6d1988e6-d732-42b7-a0ee-62d3ca1ef2f1: our priority 0 <= candidate's priority 1
2024-02-27 21:37:07,447 [grpc-default-executor-1] INFO  server.RaftServer$Division (RaftServerImpl.java:setRole(383)) - 71df5106-29e4-46d2-b533-d1616e11bc16@group-EE311A528B4F: changes role from  FOLLOWER to FOLLOWER at term 1 for candidate:6d1988e6-d732-42b7-a0ee-62d3ca1ef2f1
2024-02-27 21:37:07,447 [grpc-default-executor-1] INFO  impl.RoleInfo (RoleInfo.java:shutdownFollowerState(110)) - 71df5106-29e4-46d2-b533-d1616e11bc16: shutdown 71df5106-29e4-46d2-b533-d1616e11bc16@group-EE311A528B4F-FollowerState
2024-02-27 21:37:07,448 [71df5106-29e4-46d2-b533-d1616e11bc16@group-EE311A528B4F-FollowerState] INFO  impl.FollowerState (FollowerState.java:run(152)) - 71df5106-29e4-46d2-b533-d1616e11bc16@group-EE311A528B4F-FollowerState was interrupted
2024-02-27 21:37:07,448 [grpc-default-executor-1] INFO  impl.RoleInfo (RoleInfo.java:updateAndGet(139)) - 71df5106-29e4-46d2-b533-d1616e11bc16: start 71df5106-29e4-46d2-b533-d1616e11bc16@group-EE311A528B4F-FollowerState
2024-02-27 21:37:07,448 [grpc-default-executor-1] INFO  server.RaftServer$Division (RaftServerImpl.java:setFirstElection(574)) - 71df5106-29e4-46d2-b533-d1616e11bc16@group-EE311A528B4F: set firstElectionSinceStartup to false for candidate:6d1988e6-d732-42b7-a0ee-62d3ca1ef2f1
2024-02-27 21:37:07,449 [grpc-default-executor-0] INFO  server.RaftServer$Division (RaftServerImpl.java:requestVote(1389)) - e13e7e3b-b387-4fac-9683-3ea92427a7e8@group-EE311A528B4F: receive requestVote(ELECTION, 6d1988e6-d732-42b7-a0ee-62d3ca1ef2f1, group-EE311A528B4F, 1, (t:0, i:0))
2024-02-27 21:37:07,449 [grpc-default-executor-0] INFO  impl.VoteContext (VoteContext.java:log(49)) - e13e7e3b-b387-4fac-9683-3ea92427a7e8@group-EE311A528B4F-FOLLOWER: accept ELECTION from 6d1988e6-d732-42b7-a0ee-62d3ca1ef2f1: our priority 0 <= candidate's priority 1
2024-02-27 21:37:07,449 [grpc-default-executor-0] INFO  server.RaftServer$Division (RaftServerImpl.java:setRole(383)) - e13e7e3b-b387-4fac-9683-3ea92427a7e8@group-EE311A528B4F: changes role from  FOLLOWER to FOLLOWER at term 1 for candidate:6d1988e6-d732-42b7-a0ee-62d3ca1ef2f1
2024-02-27 21:37:07,449 [grpc-default-executor-0] INFO  impl.RoleInfo (RoleInfo.java:shutdownFollowerState(110)) - e13e7e3b-b387-4fac-9683-3ea92427a7e8: shutdown e13e7e3b-b387-4fac-9683-3ea92427a7e8@group-EE311A528B4F-FollowerState
2024-02-27 21:37:07,449 [grpc-default-executor-0] INFO  impl.RoleInfo (RoleInfo.java:updateAndGet(139)) - e13e7e3b-b387-4fac-9683-3ea92427a7e8: start e13e7e3b-b387-4fac-9683-3ea92427a7e8@group-EE311A528B4F-FollowerState
2024-02-27 21:37:07,449 [e13e7e3b-b387-4fac-9683-3ea92427a7e8@group-EE311A528B4F-FollowerState] INFO  impl.FollowerState (FollowerState.java:run(152)) - e13e7e3b-b387-4fac-9683-3ea92427a7e8@group-EE311A528B4F-FollowerState was interrupted
2024-02-27 21:37:07,454 [71df5106-29e4-46d2-b533-d1616e11bc16@group-9E197E4F483B-FollowerState] INFO  impl.FollowerState (FollowerState.java:run(143)) - 71df5106-29e4-46d2-b533-d1616e11bc16@group-9E197E4F483B-FollowerState: change to CANDIDATE, lastRpcElapsedTime:5125659957ns, electionTimeout:5122ms
2024-02-27 21:37:07,455 [71df5106-29e4-46d2-b533-d1616e11bc16@group-9E197E4F483B-FollowerState] INFO  impl.RoleInfo (RoleInfo.java:shutdownFollowerState(110)) - 71df5106-29e4-46d2-b533-d1616e11bc16: shutdown 71df5106-29e4-46d2-b533-d1616e11bc16@group-9E197E4F483B-FollowerState
2024-02-27 21:37:07,455 [grpc-default-executor-1] INFO  server.RaftServer$Division (RaftServerImpl.java:requestVote(1422)) - 71df5106-29e4-46d2-b533-d1616e11bc16@group-EE311A528B4F replies to ELECTION vote request: 6d1988e6-d732-42b7-a0ee-62d3ca1ef2f1<-71df5106-29e4-46d2-b533-d1616e11bc16#0:OK-t1. Peer's state: 71df5106-29e4-46d2-b533-d1616e11bc16@group-EE311A528B4F:t1, leader=null, voted=6d1988e6-d732-42b7-a0ee-62d3ca1ef2f1, raftlog=Memoized:71df5106-29e4-46d2-b533-d1616e11bc16@group-EE311A528B4F-SegmentedRaftLog:OPENED:c-1, conf=-1: peers:[71df5106-29e4-46d2-b533-d1616e11bc16|10.1.0.18:15076, e13e7e3b-b387-4fac-9683-3ea92427a7e8|10.1.0.18:15085, 6d1988e6-d732-42b7-a0ee-62d3ca1ef2f1|10.1.0.18:15094]|listeners:[], old=null
2024-02-27 21:37:07,455 [71df5106-29e4-46d2-b533-d1616e11bc16@group-9E197E4F483B-FollowerState] INFO  server.RaftServer$Division (RaftServerImpl.java:setRole(383)) - 71df5106-29e4-46d2-b533-d1616e11bc16@group-9E197E4F483B: changes role from  FOLLOWER to CANDIDATE at term 0 for changeToCandidate
2024-02-27 21:37:07,455 [71df5106-29e4-46d2-b533-d1616e11bc16@group-9E197E4F483B-FollowerState] INFO  server.RaftServerConfigKeys (ConfUtils.java:logGet(46)) - raft.server.leaderelection.pre-vote = true (default)
2024-02-27 21:37:07,455 [71df5106-29e4-46d2-b533-d1616e11bc16@group-9E197E4F483B-FollowerState] INFO  impl.RoleInfo (RoleInfo.java:updateAndGet(139)) - 71df5106-29e4-46d2-b533-d1616e11bc16: start 71df5106-29e4-46d2-b533-d1616e11bc16@group-9E197E4F483B-LeaderElection19
2024-02-27 21:37:07,456 [grpc-default-executor-0] INFO  server.RaftServer$Division (RaftServerImpl.java:requestVote(1422)) - e13e7e3b-b387-4fac-9683-3ea92427a7e8@group-EE311A528B4F replies to ELECTION vote request: 6d1988e6-d732-42b7-a0ee-62d3ca1ef2f1<-e13e7e3b-b387-4fac-9683-3ea92427a7e8#0:OK-t1. Peer's state: e13e7e3b-b387-4fac-9683-3ea92427a7e8@group-EE311A528B4F:t1, leader=null, voted=6d1988e6-d732-42b7-a0ee-62d3ca1ef2f1, raftlog=Memoized:e13e7e3b-b387-4fac-9683-3ea92427a7e8@group-EE311A528B4F-SegmentedRaftLog:OPENED:c-1, conf=-1: peers:[71df5106-29e4-46d2-b533-d1616e11bc16|10.1.0.18:15076, e13e7e3b-b387-4fac-9683-3ea92427a7e8|10.1.0.18:15085, 6d1988e6-d732-42b7-a0ee-62d3ca1ef2f1|10.1.0.18:15094]|listeners:[], old=null
2024-02-27 21:37:07,456 [6d1988e6-d732-42b7-a0ee-62d3ca1ef2f1@group-EE311A528B4F-LeaderElection18] INFO  impl.LeaderElection (LeaderElection.java:logAndReturn(89)) - 6d1988e6-d732-42b7-a0ee-62d3ca1ef2f1@group-EE311A528B4F-LeaderElection18: ELECTION PASSED received 1 response(s) and 0 exception(s):
2024-02-27 21:37:07,456 [6d1988e6-d732-42b7-a0ee-62d3ca1ef2f1@group-EE311A528B4F-LeaderElection18] INFO  impl.LeaderElection (LeaderElection.java:logAndReturn(93)) -   Response 0: 6d1988e6-d732-42b7-a0ee-62d3ca1ef2f1<-71df5106-29e4-46d2-b533-d1616e11bc16#0:OK-t1
2024-02-27 21:37:07,456 [6d1988e6-d732-42b7-a0ee-62d3ca1ef2f1@group-EE311A528B4F-LeaderElection18] INFO  impl.LeaderElection (LeaderElection.java:askForVotes(323)) - 6d1988e6-d732-42b7-a0ee-62d3ca1ef2f1@group-EE311A528B4F-LeaderElection18 ELECTION round 0: result PASSED
2024-02-27 21:37:07,456 [6d1988e6-d732-42b7-a0ee-62d3ca1ef2f1@group-EE311A528B4F-LeaderElection18] INFO  impl.RoleInfo (RoleInfo.java:shutdownLeaderElection(130)) - 6d1988e6-d732-42b7-a0ee-62d3ca1ef2f1: shutdown 6d1988e6-d732-42b7-a0ee-62d3ca1ef2f1@group-EE311A528B4F-LeaderElection18
2024-02-27 21:37:07,456 [6d1988e6-d732-42b7-a0ee-62d3ca1ef2f1@group-EE311A528B4F-LeaderElection18] INFO  server.RaftServer$Division (RaftServerImpl.java:setRole(383)) - 6d1988e6-d732-42b7-a0ee-62d3ca1ef2f1@group-EE311A528B4F: changes role from CANDIDATE to LEADER at term 1 for changeToLeader
2024-02-27 21:37:07,456 [6d1988e6-d732-42b7-a0ee-62d3ca1ef2f1@group-EE311A528B4F-LeaderElection18] INFO  server.RaftServerConfigKeys (ConfUtils.java:logGet(46)) - raft.server.staging.catchup.gap = 1000 (default)
2024-02-27 21:37:07,457 [6d1988e6-d732-42b7-a0ee-62d3ca1ef2f1@group-EE311A528B4F-LeaderElection18] INFO  server.RaftServerConfigKeys (ConfUtils.java:logGet(46)) - raft.server.write.element-limit = 1024 (custom)
2024-02-27 21:37:07,457 [6d1988e6-d732-42b7-a0ee-62d3ca1ef2f1@group-EE311A528B4F-LeaderElection18] INFO  server.RaftServerConfigKeys (ConfUtils.java:logGet(46)) - raft.server.write.byte-limit = 1024 M (=1073741824) (custom)
2024-02-27 21:37:07,457 [6d1988e6-d732-42b7-a0ee-62d3ca1ef2f1@group-EE311A528B4F-LeaderElection18] INFO  server.RaftServerConfigKeys (ConfUtils.java:logGet(46)) - raft.server.watch.timeout = 180s (custom)
2024-02-27 21:37:07,457 [6d1988e6-d732-42b7-a0ee-62d3ca1ef2f1@group-EE311A528B4F-LeaderElection18] INFO  server.RaftServerConfigKeys (ConfUtils.java:logGet(46)) - raft.server.watch.timeout.denomination = 1s (default)
2024-02-27 21:37:07,457 [6d1988e6-d732-42b7-a0ee-62d3ca1ef2f1@group-EE311A528B4F-LeaderElection18] INFO  server.RaftServerConfigKeys (ConfUtils.java:logGet(46)) - raft.server.watch.element-limit = 65536 (default)
2024-02-27 21:37:07,457 [6d1988e6-d732-42b7-a0ee-62d3ca1ef2f1@group-EE311A528B4F-LeaderElection18] INFO  server.RaftServerConfigKeys (ConfUtils.java:logGet(46)) - raft.server.read.leader.lease.enabled = false (default)
2024-02-27 21:37:07,457 [6d1988e6-d732-42b7-a0ee-62d3ca1ef2f1@group-EE311A528B4F-LeaderElection18] INFO  server.RaftServerConfigKeys (ConfUtils.java:logGet(46)) - raft.server.read.leader.lease.timeout.ratio = 0.9 (default)
2024-02-27 21:37:07,457 [6d1988e6-d732-42b7-a0ee-62d3ca1ef2f1@group-EE311A528B4F-LeaderElection18] INFO  server.RaftServerConfigKeys (ConfUtils.java:logGet(46)) - raft.server.rpc.timeout.min = 5s (custom)
2024-02-27 21:37:07,457 [6d1988e6-d732-42b7-a0ee-62d3ca1ef2f1@group-EE311A528B4F-LeaderElection18] INFO  server.RaftServerConfigKeys (ConfUtils.java:logGet(46)) - raft.server.write.element-limit = 1024 (custom)
2024-02-27 21:37:07,457 [6d1988e6-d732-42b7-a0ee-62d3ca1ef2f1@group-EE311A528B4F-LeaderElection18] INFO  server.RaftServerConfigKeys (ConfUtils.java:logGet(46)) - raft.server.write.follower.gap.ratio.max = -1.0 (default)
2024-02-27 21:37:07,458 [6d1988e6-d732-42b7-a0ee-62d3ca1ef2f1@group-EE311A528B4F-LeaderElection18] INFO  server.RaftServerConfigKeys (ConfUtils.java:logGet(46)) - raft.server.log.appender.snapshot.chunk.size.max = 16MB (=16777216) (default)
2024-02-27 21:37:07,458 [6d1988e6-d732-42b7-a0ee-62d3ca1ef2f1@group-EE311A528B4F-LeaderElection18] INFO  server.RaftServerConfigKeys (ConfUtils.java:logGet(46)) - raft.server.log.appender.buffer.byte-limit = 8388608 (custom)
2024-02-27 21:37:07,458 [6d1988e6-d732-42b7-a0ee-62d3ca1ef2f1@group-EE311A528B4F-LeaderElection18] INFO  server.RaftServerConfigKeys (ConfUtils.java:logGet(46)) - raft.server.log.appender.buffer.element-limit = 1 (custom)
2024-02-27 21:37:07,458 [6d1988e6-d732-42b7-a0ee-62d3ca1ef2f1@group-EE311A528B4F-LeaderElection18] INFO  server.RaftServerConfigKeys (ConfUtils.java:logGet(46)) - raft.server.log.appender.wait-time.min = 0μs (custom)
2024-02-27 21:37:07,458 [6d1988e6-d732-42b7-a0ee-62d3ca1ef2f1@group-EE311A528B4F-LeaderElection18] INFO  grpc.GrpcConfigKeys (ConfUtils.java:logGet(46)) - raft.grpc.server.leader.outstanding.appends.max = 8 (default)
2024-02-27 21:37:07,458 [6d1988e6-d732-42b7-a0ee-62d3ca1ef2f1@group-EE311A528B4F-LeaderElection18] INFO  server.RaftServerConfigKeys (ConfUtils.java:logGet(46)) - raft.server.rpc.request.timeout = 60s (custom)
2024-02-27 21:37:07,458 [6d1988e6-d732-42b7-a0ee-62d3ca1ef2f1@group-EE311A528B4F-LeaderElection18] INFO  grpc.GrpcConfigKeys (ConfUtils.java:logGet(46)) - raft.grpc.server.install_snapshot.request.element-limit = 8 (default)
2024-02-27 21:37:07,458 [6d1988e6-d732-42b7-a0ee-62d3ca1ef2f1@group-EE311A528B4F-LeaderElection18] INFO  grpc.GrpcConfigKeys (ConfUtils.java:logGet(46)) - raft.grpc.server.install_snapshot.request.timeout = 3000ms (default)
2024-02-27 21:37:07,459 [6d1988e6-d732-42b7-a0ee-62d3ca1ef2f1@group-EE311A528B4F-LeaderElection18] INFO  grpc.GrpcConfigKeys (ConfUtils.java:logGet(46)) - raft.grpc.server.log-message.batch.duration = 5s (default)
2024-02-27 21:37:07,459 [6d1988e6-d732-42b7-a0ee-62d3ca1ef2f1@group-EE311A528B4F-LeaderElection18] INFO  server.RaftServerConfigKeys (ConfUtils.java:logGet(46)) - raft.server.log.appender.install.snapshot.enabled = false (custom)
2024-02-27 21:37:07,459 [6d1988e6-d732-42b7-a0ee-62d3ca1ef2f1@group-EE311A528B4F-LeaderElection18] INFO  grpc.GrpcConfigKeys (ConfUtils.java:logGet(46)) - raft.grpc.server.heartbeat.channel = true (default)
2024-02-27 21:37:07,459 [6d1988e6-d732-42b7-a0ee-62d3ca1ef2f1@group-EE311A528B4F-LeaderElection18] INFO  server.RaftServerConfigKeys (ConfUtils.java:logGet(46)) - raft.server.log.appender.snapshot.chunk.size.max = 16MB (=16777216) (default)
2024-02-27 21:37:07,459 [6d1988e6-d732-42b7-a0ee-62d3ca1ef2f1@group-EE311A528B4F-LeaderElection18] INFO  server.RaftServerConfigKeys (ConfUtils.java:logGet(46)) - raft.server.log.appender.buffer.byte-limit = 8388608 (custom)
2024-02-27 21:37:07,459 [6d1988e6-d732-42b7-a0ee-62d3ca1ef2f1@group-EE311A528B4F-LeaderElection18] INFO  server.RaftServerConfigKeys (ConfUtils.java:logGet(46)) - raft.server.log.appender.buffer.element-limit = 1 (custom)
2024-02-27 21:37:07,460 [6d1988e6-d732-42b7-a0ee-62d3ca1ef2f1@group-EE311A528B4F-LeaderElection18] INFO  server.RaftServerConfigKeys (ConfUtils.java:logGet(46)) - raft.server.log.appender.wait-time.min = 0μs (custom)
2024-02-27 21:37:07,460 [6d1988e6-d732-42b7-a0ee-62d3ca1ef2f1@group-EE311A528B4F-LeaderElection18] INFO  grpc.GrpcConfigKeys (ConfUtils.java:logGet(46)) - raft.grpc.server.leader.outstanding.appends.max = 8 (default)
2024-02-27 21:37:07,460 [6d1988e6-d732-42b7-a0ee-62d3ca1ef2f1@group-EE311A528B4F-LeaderElection18] INFO  server.RaftServerConfigKeys (ConfUtils.java:logGet(46)) - raft.server.rpc.request.timeout = 60s (custom)
2024-02-27 21:37:07,460 [6d1988e6-d732-42b7-a0ee-62d3ca1ef2f1@group-EE311A528B4F-LeaderElection18] INFO  grpc.GrpcConfigKeys (ConfUtils.java:logGet(46)) - raft.grpc.server.install_snapshot.request.element-limit = 8 (default)
2024-02-27 21:37:07,460 [6d1988e6-d732-42b7-a0ee-62d3ca1ef2f1@group-EE311A528B4F-LeaderElection18] INFO  grpc.GrpcConfigKeys (ConfUtils.java:logGet(46)) - raft.grpc.server.install_snapshot.request.timeout = 3000ms (default)
2024-02-27 21:37:07,460 [6d1988e6-d732-42b7-a0ee-62d3ca1ef2f1@group-EE311A528B4F-LeaderElection18] INFO  grpc.GrpcConfigKeys (ConfUtils.java:logGet(46)) - raft.grpc.server.log-message.batch.duration = 5s (default)
2024-02-27 21:37:07,460 [6d1988e6-d732-42b7-a0ee-62d3ca1ef2f1@group-EE311A528B4F-LeaderElection18] INFO  server.RaftServerConfigKeys (ConfUtils.java:logGet(46)) - raft.server.log.appender.install.snapshot.enabled = false (custom)
2024-02-27 21:37:07,460 [6d1988e6-d732-42b7-a0ee-62d3ca1ef2f1@group-EE311A528B4F-LeaderElection18] INFO  grpc.GrpcConfigKeys (ConfUtils.java:logGet(46)) - raft.grpc.server.heartbeat.channel = true (default)
2024-02-27 21:37:07,460 [6d1988e6-d732-42b7-a0ee-62d3ca1ef2f1@group-EE311A528B4F-LeaderElection18] INFO  impl.RoleInfo (RoleInfo.java:updateAndGet(139)) - 6d1988e6-d732-42b7-a0ee-62d3ca1ef2f1: start 6d1988e6-d732-42b7-a0ee-62d3ca1ef2f1@group-EE311A528B4F-LeaderStateImpl
2024-02-27 21:37:07,460 [6d1988e6-d732-42b7-a0ee-62d3ca1ef2f1@group-EE311A528B4F-LeaderElection18] INFO  server.RaftServer$Division (RaftServerImpl.java:setFirstElection(574)) - 6d1988e6-d732-42b7-a0ee-62d3ca1ef2f1@group-EE311A528B4F: set firstElectionSinceStartup to false for becomeLeader
2024-02-27 21:37:07,460 [6d1988e6-d732-42b7-a0ee-62d3ca1ef2f1@group-EE311A528B4F-LeaderElection18] INFO  ratis.XceiverServerRatis (XceiverServerRatis.java:handleLeaderChangedNotification(966)) - Leader change notification received for group: group-EE311A528B4F with new leaderId: 6d1988e6-d732-42b7-a0ee-62d3ca1ef2f1
2024-02-27 21:37:07,461 [6d1988e6-d732-42b7-a0ee-62d3ca1ef2f1@group-EE311A528B4F-LeaderElection18] INFO  server.RaftServer$Division (ServerState.java:setLeader(269)) - 6d1988e6-d732-42b7-a0ee-62d3ca1ef2f1@group-EE311A528B4F: change Leader from null to 6d1988e6-d732-42b7-a0ee-62d3ca1ef2f1 at term 1 for becomeLeader, leader elected after 5073ms
2024-02-27 21:37:07,461 [6d1988e6-d732-42b7-a0ee-62d3ca1ef2f1@group-EE311A528B4F-LeaderElection18] INFO  segmented.SegmentedRaftLogWorker (SegmentedRaftLogWorker.java:startLogSegment(430)) - 6d1988e6-d732-42b7-a0ee-62d3ca1ef2f1@group-EE311A528B4F-SegmentedRaftLogWorker: Starting segment from index:0
2024-02-27 21:37:07,462 [71df5106-29e4-46d2-b533-d1616e11bc16@group-9E197E4F483B-LeaderElection19] INFO  impl.LeaderElection (LeaderElection.java:askForVotes(321)) - 71df5106-29e4-46d2-b533-d1616e11bc16@group-9E197E4F483B-LeaderElection19 PRE_VOTE round 0: submit vote requests at term 0 for -1: peers:[71df5106-29e4-46d2-b533-d1616e11bc16|10.1.0.18:15076]|listeners:[], old=null
2024-02-27 21:37:07,462 [71df5106-29e4-46d2-b533-d1616e11bc16@group-9E197E4F483B-LeaderElection19] INFO  impl.LeaderElection (LeaderElection.java:askForVotes(323)) - 71df5106-29e4-46d2-b533-d1616e11bc16@group-9E197E4F483B-LeaderElection19 PRE_VOTE round 0: result PASSED (term=0)
2024-02-27 21:37:07,462 [6d1988e6-d732-42b7-a0ee-62d3ca1ef2f1@group-EE311A528B4F-SegmentedRaftLogWorker] INFO  segmented.BufferedWriteChannel (BufferedWriteChannel.java:open(62)) - open log_inprogress_0 at position 0
2024-02-27 21:37:07,463 [6d1988e6-d732-42b7-a0ee-62d3ca1ef2f1@group-EE311A528B4F-LeaderElection18] INFO  server.RaftServer$Division (ServerState.java:setRaftConf(386)) - 6d1988e6-d732-42b7-a0ee-62d3ca1ef2f1@group-EE311A528B4F: set configuration 0: peers:[71df5106-29e4-46d2-b533-d1616e11bc16|10.1.0.18:15076, e13e7e3b-b387-4fac-9683-3ea92427a7e8|10.1.0.18:15085, 6d1988e6-d732-42b7-a0ee-62d3ca1ef2f1|10.1.0.18:15094]|listeners:[], old=null
2024-02-27 21:37:07,467 [71df5106-29e4-46d2-b533-d1616e11bc16@group-9E197E4F483B-LeaderElection19] INFO  impl.LeaderElection (LeaderElection.java:askForVotes(321)) - 71df5106-29e4-46d2-b533-d1616e11bc16@group-9E197E4F483B-LeaderElection19 ELECTION round 0: submit vote requests at term 1 for -1: peers:[71df5106-29e4-46d2-b533-d1616e11bc16|10.1.0.18:15076]|listeners:[], old=null
2024-02-27 21:37:07,467 [71df5106-29e4-46d2-b533-d1616e11bc16@group-9E197E4F483B-LeaderElection19] INFO  impl.LeaderElection (LeaderElection.java:askForVotes(323)) - 71df5106-29e4-46d2-b533-d1616e11bc16@group-9E197E4F483B-LeaderElection19 ELECTION round 0: result PASSED (term=1)
2024-02-27 21:37:07,467 [71df5106-29e4-46d2-b533-d1616e11bc16@group-9E197E4F483B-LeaderElection19] INFO  impl.RoleInfo (RoleInfo.java:shutdownLeaderElection(130)) - 71df5106-29e4-46d2-b533-d1616e11bc16: shutdown 71df5106-29e4-46d2-b533-d1616e11bc16@group-9E197E4F483B-LeaderElection19
2024-02-27 21:37:07,467 [71df5106-29e4-46d2-b533-d1616e11bc16@group-9E197E4F483B-LeaderElection19] INFO  server.RaftServer$Division (RaftServerImpl.java:setRole(383)) - 71df5106-29e4-46d2-b533-d1616e11bc16@group-9E197E4F483B: changes role from CANDIDATE to LEADER at term 1 for changeToLeader
2024-02-27 21:37:07,468 [EventQueue-OpenPipelineForHealthyPipelineSafeModeRule] INFO  safemode.SCMSafeModeManager (HealthyPipelineSafeModeRule.java:process(140)) - SCM in safe mode. Healthy pipelines reported count is 0, required healthy pipeline reported count is 1
2024-02-27 21:37:07,471 [EventQueue-PipelineReportForPipelineReportHandler] INFO  pipeline.PipelineReportHandler (PipelineReportHandler.java:processPipelineReport(136)) - Opened pipeline PipelineID=65c74a8d-5a7c-4552-b886-ee311a528b4f
2024-02-27 21:37:07,471 [71df5106-29e4-46d2-b533-d1616e11bc16@group-9E197E4F483B-LeaderElection19] INFO  server.RaftServerConfigKeys (ConfUtils.java:logGet(46)) - raft.server.staging.catchup.gap = 1000 (default)
2024-02-27 21:37:07,471 [71df5106-29e4-46d2-b533-d1616e11bc16-server-thread1] INFO  ratis.XceiverServerRatis (XceiverServerRatis.java:handleLeaderChangedNotification(966)) - Leader change notification received for group: group-EE311A528B4F with new leaderId: 6d1988e6-d732-42b7-a0ee-62d3ca1ef2f1
2024-02-27 21:37:07,471 [71df5106-29e4-46d2-b533-d1616e11bc16@group-9E197E4F483B-LeaderElection19] INFO  server.RaftServerConfigKeys (ConfUtils.java:logGet(46)) - raft.server.write.element-limit = 1024 (custom)
2024-02-27 21:37:07,471 [71df5106-29e4-46d2-b533-d1616e11bc16-server-thread1] INFO  server.RaftServer$Division (ServerState.java:setLeader(269)) - 71df5106-29e4-46d2-b533-d1616e11bc16@group-EE311A528B4F: change Leader from null to 6d1988e6-d732-42b7-a0ee-62d3ca1ef2f1 at term 1 for appendEntries, leader elected after 5138ms
2024-02-27 21:37:07,471 [6d1988e6-d732-42b7-a0ee-62d3ca1ef2f1@group-EE311A528B4F-SegmentedRaftLogWorker] INFO  segmented.SegmentedRaftLogWorker (SegmentedRaftLogWorker.java:execute(634)) - 6d1988e6-d732-42b7-a0ee-62d3ca1ef2f1@group-EE311A528B4F-SegmentedRaftLogWorker: created new log segment /home/runner/work/ozone/ozone/hadoop-ozone/integration-test/target/test-dir/MiniOzoneClusterImpl-075da85a-61fc-4f3b-aaa6-f3afee0da340/ozone-meta/datanode-3/ratis/65c74a8d-5a7c-4552-b886-ee311a528b4f/current/log_inprogress_0
2024-02-27 21:37:07,471 [71df5106-29e4-46d2-b533-d1616e11bc16@group-9E197E4F483B-LeaderElection19] INFO  server.RaftServerConfigKeys (ConfUtils.java:logGet(46)) - raft.server.write.byte-limit = 1024 M (=1073741824) (custom)
2024-02-27 21:37:07,472 [71df5106-29e4-46d2-b533-d1616e11bc16@group-9E197E4F483B-LeaderElection19] INFO  server.RaftServerConfigKeys (ConfUtils.java:logGet(46)) - raft.server.watch.timeout = 180s (custom)
2024-02-27 21:37:07,472 [71df5106-29e4-46d2-b533-d1616e11bc16@group-9E197E4F483B-LeaderElection19] INFO  server.RaftServerConfigKeys (ConfUtils.java:logGet(46)) - raft.server.watch.timeout.denomination = 1s (default)
2024-02-27 21:37:07,472 [71df5106-29e4-46d2-b533-d1616e11bc16@group-9E197E4F483B-LeaderElection19] INFO  server.RaftServerConfigKeys (ConfUtils.java:logGet(46)) - raft.server.watch.element-limit = 65536 (default)
2024-02-27 21:37:07,472 [71df5106-29e4-46d2-b533-d1616e11bc16@group-9E197E4F483B-LeaderElection19] INFO  server.RaftServerConfigKeys (ConfUtils.java:logGet(46)) - raft.server.read.leader.lease.enabled = false (default)
2024-02-27 21:37:07,472 [71df5106-29e4-46d2-b533-d1616e11bc16@group-9E197E4F483B-LeaderElection19] INFO  server.RaftServerConfigKeys (ConfUtils.java:logGet(46)) - raft.server.read.leader.lease.timeout.ratio = 0.9 (default)
2024-02-27 21:37:07,472 [71df5106-29e4-46d2-b533-d1616e11bc16@group-9E197E4F483B-LeaderElection19] INFO  server.RaftServerConfigKeys (ConfUtils.java:logGet(46)) - raft.server.rpc.timeout.min = 5s (custom)
2024-02-27 21:37:07,472 [71df5106-29e4-46d2-b533-d1616e11bc16@group-9E197E4F483B-LeaderElection19] INFO  server.RaftServerConfigKeys (ConfUtils.java:logGet(46)) - raft.server.write.element-limit = 1024 (custom)
2024-02-27 21:37:07,472 [71df5106-29e4-46d2-b533-d1616e11bc16@group-9E197E4F483B-LeaderElection19] INFO  server.RaftServerConfigKeys (ConfUtils.java:logGet(46)) - raft.server.write.follower.gap.ratio.max = -1.0 (default)
2024-02-27 21:37:07,472 [71df5106-29e4-46d2-b533-d1616e11bc16@group-9E197E4F483B-LeaderElection19] INFO  impl.RoleInfo (RoleInfo.java:updateAndGet(139)) - 71df5106-29e4-46d2-b533-d1616e11bc16: start 71df5106-29e4-46d2-b533-d1616e11bc16@group-9E197E4F483B-LeaderStateImpl
2024-02-27 21:37:07,473 [71df5106-29e4-46d2-b533-d1616e11bc16@group-9E197E4F483B-LeaderElection19] INFO  server.RaftServer$Division (RaftServerImpl.java:setFirstElection(574)) - 71df5106-29e4-46d2-b533-d1616e11bc16@group-9E197E4F483B: set firstElectionSinceStartup to false for becomeLeader
2024-02-27 21:37:07,473 [71df5106-29e4-46d2-b533-d1616e11bc16@group-9E197E4F483B-LeaderElection19] INFO  ratis.XceiverServerRatis (XceiverServerRatis.java:handleLeaderChangedNotification(966)) - Leader change notification received for group: group-9E197E4F483B with new leaderId: 71df5106-29e4-46d2-b533-d1616e11bc16
2024-02-27 21:37:07,472 [EventQueue-OpenPipelineForHealthyPipelineSafeModeRule] INFO  safemode.SCMSafeModeManager (HealthyPipelineSafeModeRule.java:process(140)) - SCM in safe mode. Healthy pipelines reported count is 1, required healthy pipeline reported count is 1
2024-02-27 21:37:07,473 [EventQueue-OpenPipelineForHealthyPipelineSafeModeRule] INFO  safemode.SCMSafeModeManager (SCMSafeModeManager.java:validateSafeModeExitRules(200)) - HealthyPipelineSafeModeRule rule is successfully validated
2024-02-27 21:37:07,473 [EventQueue-OpenPipelineForHealthyPipelineSafeModeRule] INFO  safemode.SCMSafeModeManager (SCMSafeModeManager.java:validateSafeModeExitRules(215)) - ScmSafeModeManager, all rules are successfully validated
2024-02-27 21:37:07,473 [EventQueue-OpenPipelineForHealthyPipelineSafeModeRule] INFO  safemode.SCMSafeModeManager (SCMSafeModeManager.java:exitSafeMode(244)) - SCM exiting safe mode.
2024-02-27 21:37:07,473 [EventQueue-OpenPipelineForHealthyPipelineSafeModeRule] INFO  ha.SCMContext (SCMContext.java:updateSafeModeStatus(225)) - Update SafeModeStatus from SafeModeStatus{safeModeStatus=true, preCheckPassed=true} to SafeModeStatus{safeModeStatus=false, preCheckPassed=true}.
2024-02-27 21:37:07,473 [EventQueue-OpenPipelineForHealthyPipelineSafeModeRule] INFO  pipeline.BackgroundPipelineCreator (BackgroundPipelineCreator.java:notifyStatusChanged(258)) - Service BackgroundPipelineCreator transitions to RUNNING.
2024-02-27 21:37:07,474 [EventQueue-OpenPipelineForHealthyPipelineSafeModeRule] INFO  BackgroundPipelineScrubber (BackgroundSCMService.java:notifyStatusChanged(79)) - Service BackgroundPipelineScrubber transitions to RUNNING.
2024-02-27 21:37:07,474 [EventQueue-OpenPipelineForHealthyPipelineSafeModeRule] INFO  ExpiredContainerReplicaOpScrubber (BackgroundSCMService.java:notifyStatusChanged(79)) - Service ExpiredContainerReplicaOpScrubber transitions to RUNNING.
2024-02-27 21:37:07,474 [EventQueue-OpenPipelineForHealthyPipelineSafeModeRule] INFO  block.SCMBlockDeletingService (SCMBlockDeletingService.java:notifyStatusChanged(247)) - notifyStatusChanged:RUNNING
2024-02-27 21:37:07,474 [EventQueue-OpenPipelineForHealthyPipelineSafeModeRule] INFO  replication.ReplicationManager (ReplicationManager.java:notifyStatusChanged(1402)) - Service ReplicationManager transitions to RUNNING.
2024-02-27 21:37:07,474 [EventQueue-OpenPipelineForHealthyPipelineSafeModeRule] WARN  balancer.ContainerBalancer (ContainerBalancer.java:shouldRun(134)) - Could not find persisted configuration for ContainerBalancer when checking if ContainerBalancer should run. ContainerBalancer should not run now.
2024-02-27 21:37:07,475 [71df5106-29e4-46d2-b533-d1616e11bc16@group-9E197E4F483B-LeaderElection19] INFO  server.RaftServer$Division (ServerState.java:setLeader(269)) - 71df5106-29e4-46d2-b533-d1616e11bc16@group-9E197E4F483B: change Leader from null to 71df5106-29e4-46d2-b533-d1616e11bc16 at term 1 for becomeLeader, leader elected after 5154ms
2024-02-27 21:37:07,478 [e13e7e3b-b387-4fac-9683-3ea92427a7e8@group-7C3CB0869E93-FollowerState] INFO  impl.FollowerState (FollowerState.java:run(143)) - e13e7e3b-b387-4fac-9683-3ea92427a7e8@group-7C3CB0869E93-FollowerState: change to CANDIDATE, lastRpcElapsedTime:5038481396ns, electionTimeout:5038ms
2024-02-27 21:37:07,478 [e13e7e3b-b387-4fac-9683-3ea92427a7e8@group-7C3CB0869E93-FollowerState] INFO  impl.RoleInfo (RoleInfo.java:shutdownFollowerState(110)) - e13e7e3b-b387-4fac-9683-3ea92427a7e8: shutdown e13e7e3b-b387-4fac-9683-3ea92427a7e8@group-7C3CB0869E93-FollowerState
2024-02-27 21:37:07,476 [71df5106-29e4-46d2-b533-d1616e11bc16-server-thread1] INFO  server.RaftServer$Division (ServerState.java:setRaftConf(386)) - 71df5106-29e4-46d2-b533-d1616e11bc16@group-EE311A528B4F: set configuration 0: peers:[71df5106-29e4-46d2-b533-d1616e11bc16|10.1.0.18:15076, e13e7e3b-b387-4fac-9683-3ea92427a7e8|10.1.0.18:15085, 6d1988e6-d732-42b7-a0ee-62d3ca1ef2f1|10.1.0.18:15094]|listeners:[], old=null
2024-02-27 21:37:07,478 [e13e7e3b-b387-4fac-9683-3ea92427a7e8@group-7C3CB0869E93-FollowerState] INFO  server.RaftServer$Division (RaftServerImpl.java:setRole(383)) - e13e7e3b-b387-4fac-9683-3ea92427a7e8@group-7C3CB0869E93: changes role from  FOLLOWER to CANDIDATE at term 0 for changeToCandidate
2024-02-27 21:37:07,478 [71df5106-29e4-46d2-b533-d1616e11bc16-server-thread1] INFO  segmented.SegmentedRaftLogWorker (SegmentedRaftLogWorker.java:startLogSegment(430)) - 71df5106-29e4-46d2-b533-d1616e11bc16@group-EE311A528B4F-SegmentedRaftLogWorker: Starting segment from index:0
2024-02-27 21:37:07,478 [e13e7e3b-b387-4fac-9683-3ea92427a7e8@group-7C3CB0869E93-FollowerState] INFO  server.RaftServerConfigKeys (ConfUtils.java:logGet(46)) - raft.server.leaderelection.pre-vote = true (default)
2024-02-27 21:37:07,478 [e13e7e3b-b387-4fac-9683-3ea92427a7e8@group-7C3CB0869E93-FollowerState] INFO  impl.RoleInfo (RoleInfo.java:updateAndGet(139)) - e13e7e3b-b387-4fac-9683-3ea92427a7e8: start e13e7e3b-b387-4fac-9683-3ea92427a7e8@group-7C3CB0869E93-LeaderElection20
2024-02-27 21:37:07,478 [71df5106-29e4-46d2-b533-d1616e11bc16@group-EE311A528B4F-SegmentedRaftLogWorker] INFO  segmented.BufferedWriteChannel (BufferedWriteChannel.java:open(62)) - open log_inprogress_0 at position 0
2024-02-27 21:37:07,482 [71df5106-29e4-46d2-b533-d1616e11bc16@group-9E197E4F483B-LeaderElection19] INFO  segmented.SegmentedRaftLogWorker (SegmentedRaftLogWorker.java:startLogSegment(430)) - 71df5106-29e4-46d2-b533-d1616e11bc16@group-9E197E4F483B-SegmentedRaftLogWorker: Starting segment from index:0
2024-02-27 21:37:07,486 [71df5106-29e4-46d2-b533-d1616e11bc16@group-EE311A528B4F-SegmentedRaftLogWorker] INFO  segmented.SegmentedRaftLogWorker (SegmentedRaftLogWorker.java:execute(634)) - 71df5106-29e4-46d2-b533-d1616e11bc16@group-EE311A528B4F-SegmentedRaftLogWorker: created new log segment /home/runner/work/ozone/ozone/hadoop-ozone/integration-test/target/test-dir/MiniOzoneClusterImpl-075da85a-61fc-4f3b-aaa6-f3afee0da340/ozone-meta/datanode-1/ratis/65c74a8d-5a7c-4552-b886-ee311a528b4f/current/log_inprogress_0
2024-02-27 21:37:07,487 [e13e7e3b-b387-4fac-9683-3ea92427a7e8@group-7C3CB0869E93-LeaderElection20] INFO  impl.LeaderElection (LeaderElection.java:askForVotes(321)) - e13e7e3b-b387-4fac-9683-3ea92427a7e8@group-7C3CB0869E93-LeaderElection20 PRE_VOTE round 0: submit vote requests at term 0 for -1: peers:[e13e7e3b-b387-4fac-9683-3ea92427a7e8|10.1.0.18:15085]|listeners:[], old=null
2024-02-27 21:37:07,487 [e13e7e3b-b387-4fac-9683-3ea92427a7e8@group-7C3CB0869E93-LeaderElection20] INFO  impl.LeaderElection (LeaderElection.java:askForVotes(323)) - e13e7e3b-b387-4fac-9683-3ea92427a7e8@group-7C3CB0869E93-LeaderElection20 PRE_VOTE round 0: result PASSED (term=0)
2024-02-27 21:37:07,487 [71df5106-29e4-46d2-b533-d1616e11bc16@group-9E197E4F483B-SegmentedRaftLogWorker] INFO  segmented.BufferedWriteChannel (BufferedWriteChannel.java:open(62)) - open log_inprogress_0 at position 0
2024-02-27 21:37:07,489 [e13e7e3b-b387-4fac-9683-3ea92427a7e8@group-7C3CB0869E93-LeaderElection20] INFO  impl.LeaderElection (LeaderElection.java:askForVotes(321)) - e13e7e3b-b387-4fac-9683-3ea92427a7e8@group-7C3CB0869E93-LeaderElection20 ELECTION round 0: submit vote requests at term 1 for -1: peers:[e13e7e3b-b387-4fac-9683-3ea92427a7e8|10.1.0.18:15085]|listeners:[], old=null
2024-02-27 21:37:07,489 [e13e7e3b-b387-4fac-9683-3ea92427a7e8@group-7C3CB0869E93-LeaderElection20] INFO  impl.LeaderElection (LeaderElection.java:askForVotes(323)) - e13e7e3b-b387-4fac-9683-3ea92427a7e8@group-7C3CB0869E93-LeaderElection20 ELECTION round 0: result PASSED (term=1)
2024-02-27 21:37:07,489 [e13e7e3b-b387-4fac-9683-3ea92427a7e8@group-7C3CB0869E93-LeaderElection20] INFO  impl.RoleInfo (RoleInfo.java:shutdownLeaderElection(130)) - e13e7e3b-b387-4fac-9683-3ea92427a7e8: shutdown e13e7e3b-b387-4fac-9683-3ea92427a7e8@group-7C3CB0869E93-LeaderElection20
2024-02-27 21:37:07,489 [e13e7e3b-b387-4fac-9683-3ea92427a7e8@group-7C3CB0869E93-LeaderElection20] INFO  server.RaftServer$Division (RaftServerImpl.java:setRole(383)) - e13e7e3b-b387-4fac-9683-3ea92427a7e8@group-7C3CB0869E93: changes role from CANDIDATE to LEADER at term 1 for changeToLeader
2024-02-27 21:37:07,489 [e13e7e3b-b387-4fac-9683-3ea92427a7e8@group-7C3CB0869E93-LeaderElection20] INFO  server.RaftServerConfigKeys (ConfUtils.java:logGet(46)) - raft.server.staging.catchup.gap = 1000 (default)
2024-02-27 21:37:07,494 [e13e7e3b-b387-4fac-9683-3ea92427a7e8@group-7C3CB0869E93-LeaderElection20] INFO  server.RaftServerConfigKeys (ConfUtils.java:logGet(46)) - raft.server.write.element-limit = 1024 (custom)
2024-02-27 21:37:07,494 [e13e7e3b-b387-4fac-9683-3ea92427a7e8@group-7C3CB0869E93-LeaderElection20] INFO  server.RaftServerConfigKeys (ConfUtils.java:logGet(46)) - raft.server.write.byte-limit = 1024 M (=1073741824) (custom)
2024-02-27 21:37:07,494 [71df5106-29e4-46d2-b533-d1616e11bc16@group-9E197E4F483B-LeaderElection19] INFO  server.RaftServer$Division (ServerState.java:setRaftConf(386)) - 71df5106-29e4-46d2-b533-d1616e11bc16@group-9E197E4F483B: set configuration 0: peers:[71df5106-29e4-46d2-b533-d1616e11bc16|10.1.0.18:15076]|listeners:[], old=null
2024-02-27 21:37:07,494 [e13e7e3b-b387-4fac-9683-3ea92427a7e8@group-7C3CB0869E93-LeaderElection20] INFO  server.RaftServerConfigKeys (ConfUtils.java:logGet(46)) - raft.server.watch.timeout = 180s (custom)
2024-02-27 21:37:07,495 [e13e7e3b-b387-4fac-9683-3ea92427a7e8@group-7C3CB0869E93-LeaderElection20] INFO  server.RaftServerConfigKeys (ConfUtils.java:logGet(46)) - raft.server.watch.timeout.denomination = 1s (default)
2024-02-27 21:37:07,495 [e13e7e3b-b387-4fac-9683-3ea92427a7e8@group-7C3CB0869E93-LeaderElection20] INFO  server.RaftServerConfigKeys (ConfUtils.java:logGet(46)) - raft.server.watch.element-limit = 65536 (default)
2024-02-27 21:37:07,495 [e13e7e3b-b387-4fac-9683-3ea92427a7e8@group-7C3CB0869E93-LeaderElection20] INFO  server.RaftServerConfigKeys (ConfUtils.java:logGet(46)) - raft.server.read.leader.lease.enabled = false (default)
2024-02-27 21:37:07,495 [e13e7e3b-b387-4fac-9683-3ea92427a7e8@group-7C3CB0869E93-LeaderElection20] INFO  server.RaftServerConfigKeys (ConfUtils.java:logGet(46)) - raft.server.read.leader.lease.timeout.ratio = 0.9 (default)
2024-02-27 21:37:07,495 [e13e7e3b-b387-4fac-9683-3ea92427a7e8@group-7C3CB0869E93-LeaderElection20] INFO  server.RaftServerConfigKeys (ConfUtils.java:logGet(46)) - raft.server.rpc.timeout.min = 5s (custom)
2024-02-27 21:37:07,495 [e13e7e3b-b387-4fac-9683-3ea92427a7e8@group-7C3CB0869E93-LeaderElection20] INFO  server.RaftServerConfigKeys (ConfUtils.java:logGet(46)) - raft.server.write.element-limit = 1024 (custom)
2024-02-27 21:37:07,495 [e13e7e3b-b387-4fac-9683-3ea92427a7e8@group-7C3CB0869E93-LeaderElection20] INFO  server.RaftServerConfigKeys (ConfUtils.java:logGet(46)) - raft.server.write.follower.gap.ratio.max = -1.0 (default)
2024-02-27 21:37:07,495 [e13e7e3b-b387-4fac-9683-3ea92427a7e8@group-7C3CB0869E93-LeaderElection20] INFO  impl.RoleInfo (RoleInfo.java:updateAndGet(139)) - e13e7e3b-b387-4fac-9683-3ea92427a7e8: start e13e7e3b-b387-4fac-9683-3ea92427a7e8@group-7C3CB0869E93-LeaderStateImpl
2024-02-27 21:37:07,495 [e13e7e3b-b387-4fac-9683-3ea92427a7e8@group-7C3CB0869E93-LeaderElection20] INFO  server.RaftServer$Division (RaftServerImpl.java:setFirstElection(574)) - e13e7e3b-b387-4fac-9683-3ea92427a7e8@group-7C3CB0869E93: set firstElectionSinceStartup to false for becomeLeader
2024-02-27 21:37:07,495 [e13e7e3b-b387-4fac-9683-3ea92427a7e8@group-7C3CB0869E93-LeaderElection20] INFO  ratis.XceiverServerRatis (XceiverServerRatis.java:handleLeaderChangedNotification(966)) - Leader change notification received for group: group-7C3CB0869E93 with new leaderId: e13e7e3b-b387-4fac-9683-3ea92427a7e8
2024-02-27 21:37:07,497 [71df5106-29e4-46d2-b533-d1616e11bc16@group-9E197E4F483B-SegmentedRaftLogWorker] INFO  segmented.SegmentedRaftLogWorker (SegmentedRaftLogWorker.java:execute(634)) - 71df5106-29e4-46d2-b533-d1616e11bc16@group-9E197E4F483B-SegmentedRaftLogWorker: created new log segment /home/runner/work/ozone/ozone/hadoop-ozone/integration-test/target/test-dir/MiniOzoneClusterImpl-075da85a-61fc-4f3b-aaa6-f3afee0da340/ozone-meta/datanode-1/ratis/700f6e37-451b-4f16-9988-9e197e4f483b/current/log_inprogress_0
2024-02-27 21:37:07,497 [6d1988e6-d732-42b7-a0ee-62d3ca1ef2f1@group-EE311A528B4F-StateMachineUpdater] INFO  server.RaftServer$Division (LeaderStateImpl.java:isApplied(320)) - leader is ready since appliedIndex == 0 >= startIndex == 0
2024-02-27 21:37:07,500 [e13e7e3b-b387-4fac-9683-3ea92427a7e8-server-thread2] INFO  ratis.XceiverServerRatis (XceiverServerRatis.java:handleLeaderChangedNotification(966)) - Leader change notification received for group: group-EE311A528B4F with new leaderId: 6d1988e6-d732-42b7-a0ee-62d3ca1ef2f1
2024-02-27 21:37:07,502 [e13e7e3b-b387-4fac-9683-3ea92427a7e8@group-7C3CB0869E93-LeaderElection20] INFO  server.RaftServer$Division (ServerState.java:setLeader(269)) - e13e7e3b-b387-4fac-9683-3ea92427a7e8@group-7C3CB0869E93: change Leader from null to e13e7e3b-b387-4fac-9683-3ea92427a7e8 at term 1 for becomeLeader, leader elected after 5069ms
2024-02-27 21:37:07,503 [e13e7e3b-b387-4fac-9683-3ea92427a7e8@group-7C3CB0869E93-LeaderElection20] INFO  segmented.SegmentedRaftLogWorker (SegmentedRaftLogWorker.java:startLogSegment(430)) - e13e7e3b-b387-4fac-9683-3ea92427a7e8@group-7C3CB0869E93-SegmentedRaftLogWorker: Starting segment from index:0
2024-02-27 21:37:07,503 [e13e7e3b-b387-4fac-9683-3ea92427a7e8-server-thread2] INFO  server.RaftServer$Division (ServerState.java:setLeader(269)) - e13e7e3b-b387-4fac-9683-3ea92427a7e8@group-EE311A528B4F: change Leader from null to 6d1988e6-d732-42b7-a0ee-62d3ca1ef2f1 at term 1 for appendEntries, leader elected after 5142ms
2024-02-27 21:37:07,504 [71df5106-29e4-46d2-b533-d1616e11bc16@group-9E197E4F483B-StateMachineUpdater] INFO  server.RaftServer$Division (LeaderStateImpl.java:isApplied(320)) - leader is ready since appliedIndex == 0 >= startIndex == 0
2024-02-27 21:37:07,504 [e13e7e3b-b387-4fac-9683-3ea92427a7e8@group-7C3CB0869E93-SegmentedRaftLogWorker] INFO  segmented.BufferedWriteChannel (BufferedWriteChannel.java:open(62)) - open log_inprogress_0 at position 0
2024-02-27 21:37:07,507 [e13e7e3b-b387-4fac-9683-3ea92427a7e8@group-7C3CB0869E93-LeaderElection20] INFO  server.RaftServer$Division (ServerState.java:setRaftConf(386)) - e13e7e3b-b387-4fac-9683-3ea92427a7e8@group-7C3CB0869E93: set configuration 0: peers:[e13e7e3b-b387-4fac-9683-3ea92427a7e8|10.1.0.18:15085]|listeners:[], old=null
2024-02-27 21:37:07,511 [71df5106-29e4-46d2-b533-d1616e11bc16@group-59E1F7E51CDF-FollowerState] INFO  impl.FollowerState (FollowerState.java:run(143)) - 71df5106-29e4-46d2-b533-d1616e11bc16@group-59E1F7E51CDF-FollowerState: change to CANDIDATE, lastRpcElapsedTime:5088461124ns, electionTimeout:5088ms
2024-02-27 21:37:07,515 [71df5106-29e4-46d2-b533-d1616e11bc16@group-59E1F7E51CDF-FollowerState] INFO  impl.RoleInfo (RoleInfo.java:shutdownFollowerState(110)) - 71df5106-29e4-46d2-b533-d1616e11bc16: shutdown 71df5106-29e4-46d2-b533-d1616e11bc16@group-59E1F7E51CDF-FollowerState
2024-02-27 21:37:07,515 [71df5106-29e4-46d2-b533-d1616e11bc16@group-59E1F7E51CDF-FollowerState] INFO  server.RaftServer$Division (RaftServerImpl.java:setRole(383)) - 71df5106-29e4-46d2-b533-d1616e11bc16@group-59E1F7E51CDF: changes role from  FOLLOWER to CANDIDATE at term 0 for changeToCandidate
2024-02-27 21:37:07,515 [71df5106-29e4-46d2-b533-d1616e11bc16@group-59E1F7E51CDF-FollowerState] INFO  server.RaftServerConfigKeys (ConfUtils.java:logGet(46)) - raft.server.leaderelection.pre-vote = true (default)
2024-02-27 21:37:07,515 [71df5106-29e4-46d2-b533-d1616e11bc16@group-59E1F7E51CDF-FollowerState] INFO  impl.RoleInfo (RoleInfo.java:updateAndGet(139)) - 71df5106-29e4-46d2-b533-d1616e11bc16: start 71df5106-29e4-46d2-b533-d1616e11bc16@group-59E1F7E51CDF-LeaderElection21
2024-02-27 21:37:07,516 [e13e7e3b-b387-4fac-9683-3ea92427a7e8-server-thread1] INFO  server.RaftServer$Division (ServerState.java:setRaftConf(386)) - e13e7e3b-b387-4fac-9683-3ea92427a7e8@group-EE311A528B4F: set configuration 0: peers:[71df5106-29e4-46d2-b533-d1616e11bc16|10.1.0.18:15076, e13e7e3b-b387-4fac-9683-3ea92427a7e8|10.1.0.18:15085, 6d1988e6-d732-42b7-a0ee-62d3ca1ef2f1|10.1.0.18:15094]|listeners:[], old=null
2024-02-27 21:37:07,517 [71df5106-29e4-46d2-b533-d1616e11bc16@group-59E1F7E51CDF-LeaderElection21] INFO  impl.LeaderElection (LeaderElection.java:askForVotes(321)) - 71df5106-29e4-46d2-b533-d1616e11bc16@group-59E1F7E51CDF-LeaderElection21 PRE_VOTE round 0: submit vote requests at term 0 for -1: peers:[71df5106-29e4-46d2-b533-d1616e11bc16|10.1.0.18:15076, e13e7e3b-b387-4fac-9683-3ea92427a7e8|10.1.0.18:15085, 6d1988e6-d732-42b7-a0ee-62d3ca1ef2f1|10.1.0.18:15094]|listeners:[], old=null
2024-02-27 21:37:07,517 [e13e7e3b-b387-4fac-9683-3ea92427a7e8-server-thread1] INFO  segmented.SegmentedRaftLogWorker (SegmentedRaftLogWorker.java:startLogSegment(430)) - e13e7e3b-b387-4fac-9683-3ea92427a7e8@group-EE311A528B4F-SegmentedRaftLogWorker: Starting segment from index:0
2024-02-27 21:37:07,517 [e13e7e3b-b387-4fac-9683-3ea92427a7e8@group-EE311A528B4F-SegmentedRaftLogWorker] INFO  segmented.BufferedWriteChannel (BufferedWriteChannel.java:open(62)) - open log_inprogress_0 at position 0
2024-02-27 21:37:07,517 [71df5106-29e4-46d2-b533-d1616e11bc16@group-59E1F7E51CDF-LeaderElection21-1] INFO  server.GrpcServerProtocolClient (GrpcServerProtocolClient.java:<init>(65)) - Build channel for e13e7e3b-b387-4fac-9683-3ea92427a7e8|10.1.0.18:15085
2024-02-27 21:37:07,519 [e13e7e3b-b387-4fac-9683-3ea92427a7e8@group-7C3CB0869E93-SegmentedRaftLogWorker] INFO  segmented.SegmentedRaftLogWorker (SegmentedRaftLogWorker.java:execute(634)) - e13e7e3b-b387-4fac-9683-3ea92427a7e8@group-7C3CB0869E93-SegmentedRaftLogWorker: created new log segment /home/runner/work/ozone/ozone/hadoop-ozone/integration-test/target/test-dir/MiniOzoneClusterImpl-075da85a-61fc-4f3b-aaa6-f3afee0da340/ozone-meta/datanode-2/ratis/579db771-9598-4b39-84fa-7c3cb0869e93/current/log_inprogress_0
2024-02-27 21:37:07,522 [71df5106-29e4-46d2-b533-d1616e11bc16@group-59E1F7E51CDF-LeaderElection21] INFO  server.RaftServerConfigKeys (ConfUtils.java:logFallback(53)) - raft.server.rpc.first-election.timeout.min = 5s (fallback to raft.server.rpc.timeout.min)
2024-02-27 21:37:07,522 [71df5106-29e4-46d2-b533-d1616e11bc16@group-59E1F7E51CDF-LeaderElection21] INFO  server.RaftServerConfigKeys (ConfUtils.java:logFallback(53)) - raft.server.rpc.first-election.timeout.max = 5200ms (fallback to raft.server.rpc.timeout.max)
2024-02-27 21:37:07,523 [71df5106-29e4-46d2-b533-d1616e11bc16@group-59E1F7E51CDF-LeaderElection21-2] INFO  server.GrpcServerProtocolClient (GrpcServerProtocolClient.java:<init>(65)) - Build channel for 6d1988e6-d732-42b7-a0ee-62d3ca1ef2f1|10.1.0.18:15094
2024-02-27 21:37:07,524 [grpc-default-executor-2] INFO  server.RaftServer$Division (RaftServerImpl.java:requestVote(1389)) - e13e7e3b-b387-4fac-9683-3ea92427a7e8@group-59E1F7E51CDF: receive requestVote(PRE_VOTE, 71df5106-29e4-46d2-b533-d1616e11bc16, group-59E1F7E51CDF, 0, (t:0, i:0))
2024-02-27 21:37:07,524 [grpc-default-executor-2] INFO  impl.VoteContext (VoteContext.java:log(49)) - e13e7e3b-b387-4fac-9683-3ea92427a7e8@group-59E1F7E51CDF-FOLLOWER: accept PRE_VOTE from 71df5106-29e4-46d2-b533-d1616e11bc16: our priority 0 <= candidate's priority 1
2024-02-27 21:37:07,524 [grpc-default-executor-2] INFO  server.RaftServer$Division (RaftServerImpl.java:requestVote(1422)) - e13e7e3b-b387-4fac-9683-3ea92427a7e8@group-59E1F7E51CDF replies to PRE_VOTE vote request: 71df5106-29e4-46d2-b533-d1616e11bc16<-e13e7e3b-b387-4fac-9683-3ea92427a7e8#0:OK-t0. Peer's state: e13e7e3b-b387-4fac-9683-3ea92427a7e8@group-59E1F7E51CDF:t0, leader=null, voted=, raftlog=Memoized:e13e7e3b-b387-4fac-9683-3ea92427a7e8@group-59E1F7E51CDF-SegmentedRaftLog:OPENED:c-1, conf=-1: peers:[71df5106-29e4-46d2-b533-d1616e11bc16|10.1.0.18:15076, e13e7e3b-b387-4fac-9683-3ea92427a7e8|10.1.0.18:15085, 6d1988e6-d732-42b7-a0ee-62d3ca1ef2f1|10.1.0.18:15094]|listeners:[], old=null
2024-02-27 21:37:07,526 [e13e7e3b-b387-4fac-9683-3ea92427a7e8@group-7C3CB0869E93-StateMachineUpdater] INFO  server.RaftServer$Division (LeaderStateImpl.java:isApplied(320)) - leader is ready since appliedIndex == 0 >= startIndex == 0
2024-02-27 21:37:07,527 [e13e7e3b-b387-4fac-9683-3ea92427a7e8@group-EE311A528B4F-SegmentedRaftLogWorker] INFO  segmented.SegmentedRaftLogWorker (SegmentedRaftLogWorker.java:execute(634)) - e13e7e3b-b387-4fac-9683-3ea92427a7e8@group-EE311A528B4F-SegmentedRaftLogWorker: created new log segment /home/runner/work/ozone/ozone/hadoop-ozone/integration-test/target/test-dir/MiniOzoneClusterImpl-075da85a-61fc-4f3b-aaa6-f3afee0da340/ozone-meta/datanode-2/ratis/65c74a8d-5a7c-4552-b886-ee311a528b4f/current/log_inprogress_0
2024-02-27 21:37:07,528 [71df5106-29e4-46d2-b533-d1616e11bc16@group-59E1F7E51CDF-LeaderElection21] INFO  impl.LeaderElection (LeaderElection.java:logAndReturn(89)) - 71df5106-29e4-46d2-b533-d1616e11bc16@group-59E1F7E51CDF-LeaderElection21: PRE_VOTE PASSED received 1 response(s) and 0 exception(s):
2024-02-27 21:37:07,528 [71df5106-29e4-46d2-b533-d1616e11bc16@group-59E1F7E51CDF-LeaderElection21] INFO  impl.LeaderElection (LeaderElection.java:logAndReturn(93)) -   Response 0: 71df5106-29e4-46d2-b533-d1616e11bc16<-e13e7e3b-b387-4fac-9683-3ea92427a7e8#0:OK-t0
2024-02-27 21:37:07,528 [71df5106-29e4-46d2-b533-d1616e11bc16@group-59E1F7E51CDF-LeaderElection21] INFO  impl.LeaderElection (LeaderElection.java:askForVotes(323)) - 71df5106-29e4-46d2-b533-d1616e11bc16@group-59E1F7E51CDF-LeaderElection21 PRE_VOTE round 0: result PASSED
2024-02-27 21:37:07,530 [grpc-default-executor-3] INFO  server.RaftServer$Division (RaftServerImpl.java:requestVote(1389)) - 6d1988e6-d732-42b7-a0ee-62d3ca1ef2f1@group-59E1F7E51CDF: receive requestVote(PRE_VOTE, 71df5106-29e4-46d2-b533-d1616e11bc16, group-59E1F7E51CDF, 0, (t:0, i:0))
2024-02-27 21:37:07,530 [grpc-default-executor-3] INFO  impl.VoteContext (VoteContext.java:log(49)) - 6d1988e6-d732-42b7-a0ee-62d3ca1ef2f1@group-59E1F7E51CDF-FOLLOWER: accept PRE_VOTE from 71df5106-29e4-46d2-b533-d1616e11bc16: our priority 0 <= candidate's priority 1
2024-02-27 21:37:07,530 [grpc-default-executor-3] INFO  server.RaftServer$Division (RaftServerImpl.java:requestVote(1422)) - 6d1988e6-d732-42b7-a0ee-62d3ca1ef2f1@group-59E1F7E51CDF replies to PRE_VOTE vote request: 71df5106-29e4-46d2-b533-d1616e11bc16<-6d1988e6-d732-42b7-a0ee-62d3ca1ef2f1#0:OK-t0. Peer's state: 6d1988e6-d732-42b7-a0ee-62d3ca1ef2f1@group-59E1F7E51CDF:t0, leader=null, voted=, raftlog=Memoized:6d1988e6-d732-42b7-a0ee-62d3ca1ef2f1@group-59E1F7E51CDF-SegmentedRaftLog:OPENED:c-1, conf=-1: peers:[71df5106-29e4-46d2-b533-d1616e11bc16|10.1.0.18:15076, e13e7e3b-b387-4fac-9683-3ea92427a7e8|10.1.0.18:15085, 6d1988e6-d732-42b7-a0ee-62d3ca1ef2f1|10.1.0.18:15094]|listeners:[], old=null
2024-02-27 21:37:07,532 [71df5106-29e4-46d2-b533-d1616e11bc16@group-59E1F7E51CDF-LeaderElection21] INFO  impl.LeaderElection (LeaderElection.java:askForVotes(321)) - 71df5106-29e4-46d2-b533-d1616e11bc16@group-59E1F7E51CDF-LeaderElection21 ELECTION round 0: submit vote requests at term 1 for -1: peers:[71df5106-29e4-46d2-b533-d1616e11bc16|10.1.0.18:15076, e13e7e3b-b387-4fac-9683-3ea92427a7e8|10.1.0.18:15085, 6d1988e6-d732-42b7-a0ee-62d3ca1ef2f1|10.1.0.18:15094]|listeners:[], old=null
2024-02-27 21:37:07,535 [71df5106-29e4-46d2-b533-d1616e11bc16@group-59E1F7E51CDF-LeaderElection21] INFO  server.RaftServerConfigKeys (ConfUtils.java:logFallback(53)) - raft.server.rpc.first-election.timeout.min = 5s (fallback to raft.server.rpc.timeout.min)
2024-02-27 21:37:07,536 [71df5106-29e4-46d2-b533-d1616e11bc16@group-59E1F7E51CDF-LeaderElection21] INFO  server.RaftServerConfigKeys (ConfUtils.java:logFallback(53)) - raft.server.rpc.first-election.timeout.max = 5200ms (fallback to raft.server.rpc.timeout.max)
2024-02-27 21:37:07,536 [grpc-default-executor-3] INFO  server.RaftServer$Division (RaftServerImpl.java:requestVote(1389)) - 6d1988e6-d732-42b7-a0ee-62d3ca1ef2f1@group-59E1F7E51CDF: receive requestVote(ELECTION, 71df5106-29e4-46d2-b533-d1616e11bc16, group-59E1F7E51CDF, 1, (t:0, i:0))
2024-02-27 21:37:07,537 [grpc-default-executor-3] INFO  impl.VoteContext (VoteContext.java:log(49)) - 6d1988e6-d732-42b7-a0ee-62d3ca1ef2f1@group-59E1F7E51CDF-FOLLOWER: accept ELECTION from 71df5106-29e4-46d2-b533-d1616e11bc16: our priority 0 <= candidate's priority 1
2024-02-27 21:37:07,537 [grpc-default-executor-3] INFO  server.RaftServer$Division (RaftServerImpl.java:setRole(383)) - 6d1988e6-d732-42b7-a0ee-62d3ca1ef2f1@group-59E1F7E51CDF: changes role from  FOLLOWER to FOLLOWER at term 1 for candidate:71df5106-29e4-46d2-b533-d1616e11bc16
2024-02-27 21:37:07,537 [grpc-default-executor-3] INFO  impl.RoleInfo (RoleInfo.java:shutdownFollowerState(110)) - 6d1988e6-d732-42b7-a0ee-62d3ca1ef2f1: shutdown 6d1988e6-d732-42b7-a0ee-62d3ca1ef2f1@group-59E1F7E51CDF-FollowerState
2024-02-27 21:37:07,537 [grpc-default-executor-3] INFO  impl.RoleInfo (RoleInfo.java:updateAndGet(139)) - 6d1988e6-d732-42b7-a0ee-62d3ca1ef2f1: start 6d1988e6-d732-42b7-a0ee-62d3ca1ef2f1@group-59E1F7E51CDF-FollowerState
2024-02-27 21:37:07,537 [6d1988e6-d732-42b7-a0ee-62d3ca1ef2f1@group-59E1F7E51CDF-FollowerState] INFO  impl.FollowerState (FollowerState.java:run(152)) - 6d1988e6-d732-42b7-a0ee-62d3ca1ef2f1@group-59E1F7E51CDF-FollowerState was interrupted
2024-02-27 21:37:07,537 [grpc-default-executor-3] INFO  server.RaftServer$Division (RaftServerImpl.java:setFirstElection(574)) - 6d1988e6-d732-42b7-a0ee-62d3ca1ef2f1@group-59E1F7E51CDF: set firstElectionSinceStartup to false for candidate:71df5106-29e4-46d2-b533-d1616e11bc16
2024-02-27 21:37:07,543 [grpc-default-executor-2] INFO  server.RaftServer$Division (RaftServerImpl.java:requestVote(1389)) - e13e7e3b-b387-4fac-9683-3ea92427a7e8@group-59E1F7E51CDF: receive requestVote(ELECTION, 71df5106-29e4-46d2-b533-d1616e11bc16, group-59E1F7E51CDF, 1, (t:0, i:0))
2024-02-27 21:37:07,543 [grpc-default-executor-2] INFO  impl.VoteContext (VoteContext.java:log(49)) - e13e7e3b-b387-4fac-9683-3ea92427a7e8@group-59E1F7E51CDF-FOLLOWER: accept ELECTION from 71df5106-29e4-46d2-b533-d1616e11bc16: our priority 0 <= candidate's priority 1
2024-02-27 21:37:07,543 [grpc-default-executor-2] INFO  server.RaftServer$Division (RaftServerImpl.java:setRole(383)) - e13e7e3b-b387-4fac-9683-3ea92427a7e8@group-59E1F7E51CDF: changes role from  FOLLOWER to FOLLOWER at term 1 for candidate:71df5106-29e4-46d2-b533-d1616e11bc16
2024-02-27 21:37:07,543 [grpc-default-executor-2] INFO  impl.RoleInfo (RoleInfo.java:shutdownFollowerState(110)) - e13e7e3b-b387-4fac-9683-3ea92427a7e8: shutdown e13e7e3b-b387-4fac-9683-3ea92427a7e8@group-59E1F7E51CDF-FollowerState
2024-02-27 21:37:07,543 [grpc-default-executor-2] INFO  impl.RoleInfo (RoleInfo.java:updateAndGet(139)) - e13e7e3b-b387-4fac-9683-3ea92427a7e8: start e13e7e3b-b387-4fac-9683-3ea92427a7e8@group-59E1F7E51CDF-FollowerState
2024-02-27 21:37:07,543 [e13e7e3b-b387-4fac-9683-3ea92427a7e8@group-59E1F7E51CDF-FollowerState] INFO  impl.FollowerState (FollowerState.java:run(152)) - e13e7e3b-b387-4fac-9683-3ea92427a7e8@group-59E1F7E51CDF-FollowerState was interrupted
2024-02-27 21:37:07,544 [grpc-default-executor-3] INFO  server.RaftServer$Division (RaftServerImpl.java:requestVote(1422)) - 6d1988e6-d732-42b7-a0ee-62d3ca1ef2f1@group-59E1F7E51CDF replies to ELECTION vote request: 71df5106-29e4-46d2-b533-d1616e11bc16<-6d1988e6-d732-42b7-a0ee-62d3ca1ef2f1#0:OK-t1. Peer's state: 6d1988e6-d732-42b7-a0ee-62d3ca1ef2f1@group-59E1F7E51CDF:t1, leader=null, voted=71df5106-29e4-46d2-b533-d1616e11bc16, raftlog=Memoized:6d1988e6-d732-42b7-a0ee-62d3ca1ef2f1@group-59E1F7E51CDF-SegmentedRaftLog:OPENED:c-1, conf=-1: peers:[71df5106-29e4-46d2-b533-d1616e11bc16|10.1.0.18:15076, e13e7e3b-b387-4fac-9683-3ea92427a7e8|10.1.0.18:15085, 6d1988e6-d732-42b7-a0ee-62d3ca1ef2f1|10.1.0.18:15094]|listeners:[], old=null
2024-02-27 21:37:07,545 [grpc-default-executor-2] INFO  server.RaftServer$Division (RaftServerImpl.java:setFirstElection(574)) - e13e7e3b-b387-4fac-9683-3ea92427a7e8@group-59E1F7E51CDF: set firstElectionSinceStartup to false for candidate:71df5106-29e4-46d2-b533-d1616e11bc16
2024-02-27 21:37:07,546 [main] INFO  ozone.MiniOzoneClusterImpl (MiniOzoneClusterImpl.java:lambda$waitForClusterToBeReady$0(195)) - Nodes are ready. Got 3 of 3 DN Heartbeats.
2024-02-27 21:37:07,546 [main] INFO  ozone.MiniOzoneClusterImpl (MiniOzoneClusterImpl.java:lambda$waitForClusterToBeReady$0(198)) - Cluster exits safe mode
2024-02-27 21:37:07,547 [main] INFO  ozone.MiniOzoneClusterImpl (MiniOzoneClusterImpl.java:lambda$waitForClusterToBeReady$0(200)) - SCM became leader
2024-02-27 21:37:07,547 [71df5106-29e4-46d2-b533-d1616e11bc16@group-59E1F7E51CDF-LeaderElection21] INFO  impl.LeaderElection (LeaderElection.java:logAndReturn(89)) - 71df5106-29e4-46d2-b533-d1616e11bc16@group-59E1F7E51CDF-LeaderElection21: ELECTION PASSED received 1 response(s) and 0 exception(s):
2024-02-27 21:37:07,547 [71df5106-29e4-46d2-b533-d1616e11bc16@group-59E1F7E51CDF-LeaderElection21] INFO  impl.LeaderElection (LeaderElection.java:logAndReturn(93)) -   Response 0: 71df5106-29e4-46d2-b533-d1616e11bc16<-6d1988e6-d732-42b7-a0ee-62d3ca1ef2f1#0:OK-t1
2024-02-27 21:37:07,547 [71df5106-29e4-46d2-b533-d1616e11bc16@group-59E1F7E51CDF-LeaderElection21] INFO  impl.LeaderElection (LeaderElection.java:askForVotes(323)) - 71df5106-29e4-46d2-b533-d1616e11bc16@group-59E1F7E51CDF-LeaderElection21 ELECTION round 0: result PASSED
2024-02-27 21:37:07,547 [71df5106-29e4-46d2-b533-d1616e11bc16@group-59E1F7E51CDF-LeaderElection21] INFO  impl.RoleInfo (RoleInfo.java:shutdownLeaderElection(130)) - 71df5106-29e4-46d2-b533-d1616e11bc16: shutdown 71df5106-29e4-46d2-b533-d1616e11bc16@group-59E1F7E51CDF-LeaderElection21
2024-02-27 21:37:07,547 [71df5106-29e4-46d2-b533-d1616e11bc16@group-59E1F7E51CDF-LeaderElection21] INFO  server.RaftServer$Division (RaftServerImpl.java:setRole(383)) - 71df5106-29e4-46d2-b533-d1616e11bc16@group-59E1F7E51CDF: changes role from CANDIDATE to LEADER at term 1 for changeToLeader
2024-02-27 21:37:07,547 [71df5106-29e4-46d2-b533-d1616e11bc16@group-59E1F7E51CDF-LeaderElection21] INFO  server.RaftServerConfigKeys (ConfUtils.java:logGet(46)) - raft.server.staging.catchup.gap = 1000 (default)
2024-02-27 21:37:07,548 [71df5106-29e4-46d2-b533-d1616e11bc16@group-59E1F7E51CDF-LeaderElection21] INFO  server.RaftServerConfigKeys (ConfUtils.java:logGet(46)) - raft.server.write.element-limit = 1024 (custom)
2024-02-27 21:37:07,548 [71df5106-29e4-46d2-b533-d1616e11bc16@group-59E1F7E51CDF-LeaderElection21] INFO  server.RaftServerConfigKeys (ConfUtils.java:logGet(46)) - raft.server.write.byte-limit = 1024 M (=1073741824) (custom)
2024-02-27 21:37:07,548 [71df5106-29e4-46d2-b533-d1616e11bc16@group-59E1F7E51CDF-LeaderElection21] INFO  server.RaftServerConfigKeys (ConfUtils.java:logGet(46)) - raft.server.watch.timeout = 180s (custom)
2024-02-27 21:37:07,548 [main] INFO  ozoneimpl.OzoneContainer (OzoneContainer.java:stop(481)) - Attempting to stop container services.
2024-02-27 21:37:07,549 [main] INFO  server.RaftServer (RaftServerProxy.java:lambda$close$9(416)) - 71df5106-29e4-46d2-b533-d1616e11bc16: close
2024-02-27 21:37:07,548 [71df5106-29e4-46d2-b533-d1616e11bc16@group-59E1F7E51CDF-LeaderElection21] INFO  server.RaftServerConfigKeys (ConfUtils.java:logGet(46)) - raft.server.watch.timeout.denomination = 1s (default)
2024-02-27 21:37:07,550 [71df5106-29e4-46d2-b533-d1616e11bc16@group-59E1F7E51CDF-LeaderElection21] INFO  server.RaftServerConfigKeys (ConfUtils.java:logGet(46)) - raft.server.watch.element-limit = 65536 (default)
2024-02-27 21:37:07,550 [71df5106-29e4-46d2-b533-d1616e11bc16@group-59E1F7E51CDF-LeaderElection21] INFO  server.RaftServerConfigKeys (ConfUtils.java:logGet(46)) - raft.server.read.leader.lease.enabled = false (default)
2024-02-27 21:37:07,550 [71df5106-29e4-46d2-b533-d1616e11bc16@group-59E1F7E51CDF-LeaderElection21] INFO  server.RaftServerConfigKeys (ConfUtils.java:logGet(46)) - raft.server.read.leader.lease.timeout.ratio = 0.9 (default)
2024-02-27 21:37:07,550 [71df5106-29e4-46d2-b533-d1616e11bc16@group-59E1F7E51CDF-LeaderElection21] INFO  server.RaftServerConfigKeys (ConfUtils.java:logGet(46)) - raft.server.rpc.timeout.min = 5s (custom)
2024-02-27 21:37:07,550 [71df5106-29e4-46d2-b533-d1616e11bc16@group-59E1F7E51CDF-LeaderElection21] INFO  server.RaftServerConfigKeys (ConfUtils.java:logGet(46)) - raft.server.write.element-limit = 1024 (custom)
2024-02-27 21:37:07,550 [71df5106-29e4-46d2-b533-d1616e11bc16@group-59E1F7E51CDF-LeaderElection21] INFO  server.RaftServerConfigKeys (ConfUtils.java:logGet(46)) - raft.server.write.follower.gap.ratio.max = -1.0 (default)
2024-02-27 21:37:07,550 [71df5106-29e4-46d2-b533-d1616e11bc16@group-59E1F7E51CDF-LeaderElection21] INFO  server.RaftServerConfigKeys (ConfUtils.java:logGet(46)) - raft.server.log.appender.snapshot.chunk.size.max = 16MB (=16777216) (default)
2024-02-27 21:37:07,551 [71df5106-29e4-46d2-b533-d1616e11bc16@group-59E1F7E51CDF-LeaderElection21] INFO  server.RaftServerConfigKeys (ConfUtils.java:logGet(46)) - raft.server.log.appender.buffer.byte-limit = 8388608 (custom)
2024-02-27 21:37:07,551 [71df5106-29e4-46d2-b533-d1616e11bc16@group-59E1F7E51CDF-LeaderElection21] INFO  server.RaftServerConfigKeys (ConfUtils.java:logGet(46)) - raft.server.log.appender.buffer.element-limit = 1 (custom)
2024-02-27 21:37:07,551 [71df5106-29e4-46d2-b533-d1616e11bc16@group-59E1F7E51CDF-LeaderElection21] INFO  server.RaftServerConfigKeys (ConfUtils.java:logGet(46)) - raft.server.log.appender.wait-time.min = 0μs (custom)
2024-02-27 21:37:07,551 [71df5106-29e4-46d2-b533-d1616e11bc16@group-59E1F7E51CDF-LeaderElection21] INFO  grpc.GrpcConfigKeys (ConfUtils.java:logGet(46)) - raft.grpc.server.leader.outstanding.appends.max = 8 (default)
2024-02-27 21:37:07,551 [71df5106-29e4-46d2-b533-d1616e11bc16@group-59E1F7E51CDF-LeaderElection21] INFO  server.RaftServerConfigKeys (ConfUtils.java:logGet(46)) - raft.server.rpc.request.timeout = 60s (custom)
2024-02-27 21:37:07,551 [71df5106-29e4-46d2-b533-d1616e11bc16@group-59E1F7E51CDF-LeaderElection21] INFO  grpc.GrpcConfigKeys (ConfUtils.java:logGet(46)) - raft.grpc.server.install_snapshot.request.element-limit = 8 (default)
2024-02-27 21:37:07,551 [71df5106-29e4-46d2-b533-d1616e11bc16@group-59E1F7E51CDF-LeaderElection21] INFO  grpc.GrpcConfigKeys (ConfUtils.java:logGet(46)) - raft.grpc.server.install_snapshot.request.timeout = 3000ms (default)
2024-02-27 21:37:07,551 [71df5106-29e4-46d2-b533-d1616e11bc16@group-59E1F7E51CDF-LeaderElection21] INFO  grpc.GrpcConfigKeys (ConfUtils.java:logGet(46)) - raft.grpc.server.log-message.batch.duration = 5s (default)
2024-02-27 21:37:07,551 [71df5106-29e4-46d2-b533-d1616e11bc16@group-59E1F7E51CDF-LeaderElection21] INFO  server.RaftServerConfigKeys (ConfUtils.java:logGet(46)) - raft.server.log.appender.install.snapshot.enabled = false (custom)
2024-02-27 21:37:07,551 [71df5106-29e4-46d2-b533-d1616e11bc16@group-59E1F7E51CDF-LeaderElection21] INFO  grpc.GrpcConfigKeys (ConfUtils.java:logGet(46)) - raft.grpc.server.heartbeat.channel = true (default)
2024-02-27 21:37:07,552 [71df5106-29e4-46d2-b533-d1616e11bc16@group-59E1F7E51CDF-LeaderElection21] INFO  server.RaftServerConfigKeys (ConfUtils.java:logGet(46)) - raft.server.log.appender.snapshot.chunk.size.max = 16MB (=16777216) (default)
2024-02-27 21:37:07,552 [71df5106-29e4-46d2-b533-d1616e11bc16@group-59E1F7E51CDF-LeaderElection21] INFO  server.RaftServerConfigKeys (ConfUtils.java:logGet(46)) - raft.server.log.appender.buffer.byte-limit = 8388608 (custom)
2024-02-27 21:37:07,552 [71df5106-29e4-46d2-b533-d1616e11bc16@group-59E1F7E51CDF-LeaderElection21] INFO  server.RaftServerConfigKeys (ConfUtils.java:logGet(46)) - raft.server.log.appender.buffer.element-limit = 1 (custom)
2024-02-27 21:37:07,552 [71df5106-29e4-46d2-b533-d1616e11bc16@group-59E1F7E51CDF-LeaderElection21] INFO  server.RaftServerConfigKeys (ConfUtils.java:logGet(46)) - raft.server.log.appender.wait-time.min = 0μs (custom)
2024-02-27 21:37:07,552 [71df5106-29e4-46d2-b533-d1616e11bc16@group-59E1F7E51CDF-LeaderElection21] INFO  grpc.GrpcConfigKeys (ConfUtils.java:logGet(46)) - raft.grpc.server.leader.outstanding.appends.max = 8 (default)
2024-02-27 21:37:07,552 [71df5106-29e4-46d2-b533-d1616e11bc16@group-59E1F7E51CDF-LeaderElection21] INFO  server.RaftServerConfigKeys (ConfUtils.java:logGet(46)) - raft.server.rpc.request.timeout = 60s (custom)
2024-02-27 21:37:07,552 [71df5106-29e4-46d2-b533-d1616e11bc16@group-59E1F7E51CDF-LeaderElection21] INFO  grpc.GrpcConfigKeys (ConfUtils.java:logGet(46)) - raft.grpc.server.install_snapshot.request.element-limit = 8 (default)
2024-02-27 21:37:07,552 [71df5106-29e4-46d2-b533-d1616e11bc16@group-59E1F7E51CDF-LeaderElection21] INFO  grpc.GrpcConfigKeys (ConfUtils.java:logGet(46)) - raft.grpc.server.install_snapshot.request.timeout = 3000ms (default)
2024-02-27 21:37:07,552 [71df5106-29e4-46d2-b533-d1616e11bc16@group-59E1F7E51CDF-LeaderElection21] INFO  grpc.GrpcConfigKeys (ConfUtils.java:logGet(46)) - raft.grpc.server.log-message.batch.duration = 5s (default)
2024-02-27 21:37:07,552 [71df5106-29e4-46d2-b533-d1616e11bc16@group-59E1F7E51CDF-LeaderElection21] INFO  server.RaftServerConfigKeys (ConfUtils.java:logGet(46)) - raft.server.log.appender.install.snapshot.enabled = false (custom)
2024-02-27 21:37:07,552 [71df5106-29e4-46d2-b533-d1616e11bc16@group-59E1F7E51CDF-LeaderElection21] INFO  grpc.GrpcConfigKeys (ConfUtils.java:logGet(46)) - raft.grpc.server.heartbeat.channel = true (default)
2024-02-27 21:37:07,553 [71df5106-29e4-46d2-b533-d1616e11bc16@group-59E1F7E51CDF-LeaderElection21] INFO  impl.RoleInfo (RoleInfo.java:updateAndGet(139)) - 71df5106-29e4-46d2-b533-d1616e11bc16: start 71df5106-29e4-46d2-b533-d1616e11bc16@group-59E1F7E51CDF-LeaderStateImpl
2024-02-27 21:37:07,553 [71df5106-29e4-46d2-b533-d1616e11bc16@group-59E1F7E51CDF-LeaderElection21] INFO  server.RaftServer$Division (RaftServerImpl.java:setFirstElection(574)) - 71df5106-29e4-46d2-b533-d1616e11bc16@group-59E1F7E51CDF: set firstElectionSinceStartup to false for becomeLeader
2024-02-27 21:37:07,553 [71df5106-29e4-46d2-b533-d1616e11bc16@group-59E1F7E51CDF-LeaderElection21] INFO  ratis.XceiverServerRatis (XceiverServerRatis.java:handleLeaderChangedNotification(966)) - Leader change notification received for group: group-59E1F7E51CDF with new leaderId: 71df5106-29e4-46d2-b533-d1616e11bc16
2024-02-27 21:37:07,553 [grpc-default-executor-2] INFO  server.RaftServer$Division (RaftServerImpl.java:requestVote(1422)) - e13e7e3b-b387-4fac-9683-3ea92427a7e8@group-59E1F7E51CDF replies to ELECTION vote request: 71df5106-29e4-46d2-b533-d1616e11bc16<-e13e7e3b-b387-4fac-9683-3ea92427a7e8#0:OK-t1. Peer's state: e13e7e3b-b387-4fac-9683-3ea92427a7e8@group-59E1F7E51CDF:t1, leader=null, voted=71df5106-29e4-46d2-b533-d1616e11bc16, raftlog=Memoized:e13e7e3b-b387-4fac-9683-3ea92427a7e8@group-59E1F7E51CDF-SegmentedRaftLog:OPENED:c-1, conf=-1: peers:[71df5106-29e4-46d2-b533-d1616e11bc16|10.1.0.18:15076, e13e7e3b-b387-4fac-9683-3ea92427a7e8|10.1.0.18:15085, 6d1988e6-d732-42b7-a0ee-62d3ca1ef2f1|10.1.0.18:15094]|listeners:[], old=null
2024-02-27 21:37:07,554 [71df5106-29e4-46d2-b533-d1616e11bc16-impl-thread2] INFO  server.RaftServer$Division (RaftServerImpl.java:lambda$close$3(526)) - 71df5106-29e4-46d2-b533-d1616e11bc16@group-59E1F7E51CDF: shutdown
2024-02-27 21:37:07,554 [71df5106-29e4-46d2-b533-d1616e11bc16-impl-thread2] INFO  util.JmxRegister (JmxRegister.java:unregister(73)) - Successfully un-registered JMX Bean with object name Ratis:service=RaftServer,group=group-59E1F7E51CDF,id=71df5106-29e4-46d2-b533-d1616e11bc16
2024-02-27 21:37:07,554 [71df5106-29e4-46d2-b533-d1616e11bc16-impl-thread2] INFO  impl.RoleInfo (RoleInfo.java:shutdownLeaderState(94)) - 71df5106-29e4-46d2-b533-d1616e11bc16: shutdown 71df5106-29e4-46d2-b533-d1616e11bc16@group-59E1F7E51CDF-LeaderStateImpl
2024-02-27 21:37:07,554 [71df5106-29e4-46d2-b533-d1616e11bc16-impl-thread2] INFO  impl.PendingRequests (PendingRequests.java:sendNotLeaderResponses(289)) - 71df5106-29e4-46d2-b533-d1616e11bc16@group-59E1F7E51CDF-PendingRequests: sendNotLeaderResponses
2024-02-27 21:37:07,555 [71df5106-29e4-46d2-b533-d1616e11bc16-impl-thread2] INFO  segmented.SegmentedRaftLogWorker (SegmentedRaftLogWorker.java:startLogSegment(430)) - 71df5106-29e4-46d2-b533-d1616e11bc16@group-59E1F7E51CDF-SegmentedRaftLogWorker: Starting segment from index:0
2024-02-27 21:37:07,554 [71df5106-29e4-46d2-b533-d1616e11bc16-impl-thread1] INFO  server.RaftServer$Division (RaftServerImpl.java:lambda$close$3(526)) - 71df5106-29e4-46d2-b533-d1616e11bc16@group-9E197E4F483B: shutdown
2024-02-27 21:37:07,555 [71df5106-29e4-46d2-b533-d1616e11bc16-impl-thread1] INFO  util.JmxRegister (JmxRegister.java:unregister(73)) - Successfully un-registered JMX Bean with object name Ratis:service=RaftServer,group=group-9E197E4F483B,id=71df5106-29e4-46d2-b533-d1616e11bc16
2024-02-27 21:37:07,556 [71df5106-29e4-46d2-b533-d1616e11bc16-impl-thread1] INFO  impl.RoleInfo (RoleInfo.java:shutdownLeaderState(94)) - 71df5106-29e4-46d2-b533-d1616e11bc16: shutdown 71df5106-29e4-46d2-b533-d1616e11bc16@group-9E197E4F483B-LeaderStateImpl
2024-02-27 21:37:07,556 [71df5106-29e4-46d2-b533-d1616e11bc16-impl-thread1] INFO  impl.PendingRequests (PendingRequests.java:sendNotLeaderResponses(289)) - 71df5106-29e4-46d2-b533-d1616e11bc16@group-9E197E4F483B-PendingRequests: sendNotLeaderResponses
2024-02-27 21:37:07,556 [71df5106-29e4-46d2-b533-d1616e11bc16-impl-thread1] INFO  impl.StateMachineUpdater (StateMachineUpdater.java:stopAndJoin(157)) - 71df5106-29e4-46d2-b533-d1616e11bc16@group-9E197E4F483B-StateMachineUpdater: set stopIndex = 0
2024-02-27 21:37:07,556 [71df5106-29e4-46d2-b533-d1616e11bc16@group-9E197E4F483B-StateMachineUpdater] INFO  ratis.ContainerStateMachine (ContainerStateMachine.java:takeSnapshot(355)) - group-9E197E4F483B: Taking a snapshot at:(t:1, i:0) file /home/runner/work/ozone/ozone/hadoop-ozone/integration-test/target/test-dir/MiniOzoneClusterImpl-075da85a-61fc-4f3b-aaa6-f3afee0da340/ozone-meta/datanode-1/ratis/700f6e37-451b-4f16-9988-9e197e4f483b/sm/snapshot.1_0
2024-02-27 21:37:07,556 [main] INFO  server.GrpcService (GrpcService.java:closeImpl(311)) - 71df5106-29e4-46d2-b533-d1616e11bc16: shutdown server org.apache.ratis.grpc.server.GrpcClientProtocolService now
2024-02-27 21:37:07,557 [71df5106-29e4-46d2-b533-d1616e11bc16-impl-thread2] INFO  server.RaftServer$Division (ServerState.java:setRaftConf(386)) - 71df5106-29e4-46d2-b533-d1616e11bc16@group-59E1F7E51CDF: set configuration 0: peers:[71df5106-29e4-46d2-b533-d1616e11bc16|10.1.0.18:15076, e13e7e3b-b387-4fac-9683-3ea92427a7e8|10.1.0.18:15085, 6d1988e6-d732-42b7-a0ee-62d3ca1ef2f1|10.1.0.18:15094]|listeners:[], old=null
2024-02-27 21:37:07,556 [71df5106-29e4-46d2-b533-d1616e11bc16-impl-thread3] INFO  server.RaftServer$Division (RaftServerImpl.java:lambda$close$3(526)) - 71df5106-29e4-46d2-b533-d1616e11bc16@group-EE311A528B4F: shutdown
2024-02-27 21:37:07,557 [71df5106-29e4-46d2-b533-d1616e11bc16-impl-thread3] INFO  util.JmxRegister (JmxRegister.java:unregister(73)) - Successfully un-registered JMX Bean with object name Ratis:service=RaftServer,group=group-EE311A528B4F,id=71df5106-29e4-46d2-b533-d1616e11bc16
2024-02-27 21:37:07,557 [71df5106-29e4-46d2-b533-d1616e11bc16-impl-thread3] INFO  impl.RoleInfo (RoleInfo.java:shutdownFollowerState(110)) - 71df5106-29e4-46d2-b533-d1616e11bc16: shutdown 71df5106-29e4-46d2-b533-d1616e11bc16@group-EE311A528B4F-FollowerState
2024-02-27 21:37:07,558 [71df5106-29e4-46d2-b533-d1616e11bc16@group-EE311A528B4F-FollowerState] INFO  impl.FollowerState (FollowerState.java:run(152)) - 71df5106-29e4-46d2-b533-d1616e11bc16@group-EE311A528B4F-FollowerState was interrupted
2024-02-27 21:37:07,558 [71df5106-29e4-46d2-b533-d1616e11bc16-impl-thread3] INFO  impl.StateMachineUpdater (StateMachineUpdater.java:stopAndJoin(157)) - 71df5106-29e4-46d2-b533-d1616e11bc16@group-EE311A528B4F-StateMachineUpdater: set stopIndex = -1
2024-02-27 21:37:07,558 [71df5106-29e4-46d2-b533-d1616e11bc16@group-9E197E4F483B-StateMachineUpdater] INFO  ratis.ContainerStateMachine (ContainerStateMachine.java:takeSnapshot(366)) - group-9E197E4F483B: Finished taking a snapshot at:(t:1, i:0) file:/home/runner/work/ozone/ozone/hadoop-ozone/integration-test/target/test-dir/MiniOzoneClusterImpl-075da85a-61fc-4f3b-aaa6-f3afee0da340/ozone-meta/datanode-1/ratis/700f6e37-451b-4f16-9988-9e197e4f483b/sm/snapshot.1_0 took: 1 ms
2024-02-27 21:37:07,558 [71df5106-29e4-46d2-b533-d1616e11bc16@group-59E1F7E51CDF-SegmentedRaftLogWorker] INFO  segmented.BufferedWriteChannel (BufferedWriteChannel.java:open(62)) - open log_inprogress_0 at position 0
2024-02-27 21:37:07,558 [71df5106-29e4-46d2-b533-d1616e11bc16@group-9E197E4F483B-StateMachineUpdater] INFO  impl.StateMachineUpdater (StateMachineUpdater.java:takeSnapshot(295)) - 71df5106-29e4-46d2-b533-d1616e11bc16@group-9E197E4F483B-StateMachineUpdater: Took a snapshot at index 0
2024-02-27 21:37:07,558 [71df5106-29e4-46d2-b533-d1616e11bc16@group-9E197E4F483B-StateMachineUpdater] INFO  impl.StateMachineUpdater (StateMachineUpdater.java:lambda$new$0(98)) - 71df5106-29e4-46d2-b533-d1616e11bc16@group-9E197E4F483B-StateMachineUpdater: snapshotIndex: updateIncreasingly -1 -> 0
2024-02-27 21:37:07,558 [71df5106-29e4-46d2-b533-d1616e11bc16-impl-thread3] INFO  server.RaftServer$Division (ServerState.java:close(427)) - 71df5106-29e4-46d2-b533-d1616e11bc16@group-EE311A528B4F: applyIndex: -1
2024-02-27 21:37:07,559 [71df5106-29e4-46d2-b533-d1616e11bc16-impl-thread1] INFO  server.RaftServer$Division (ServerState.java:close(427)) - 71df5106-29e4-46d2-b533-d1616e11bc16@group-9E197E4F483B: applyIndex: 0
2024-02-27 21:37:07,559 [71df5106-29e4-46d2-b533-d1616e11bc16@group-9E197E4F483B-cacheEviction-AwaitToRun] INFO  util.AwaitToRun (AwaitToRun.java:run(49)) - 71df5106-29e4-46d2-b533-d1616e11bc16@group-9E197E4F483B-cacheEviction-AwaitToRun-AwaitForSignal is interrupted
2024-02-27 21:37:07,559 [Thread-1608] INFO  server.GrpcServerProtocolClient (GrpcServerProtocolClient.java:close(103)) - 6d1988e6-d732-42b7-a0ee-62d3ca1ef2f1 Close channels
2024-02-27 21:37:07,560 [71df5106-29e4-46d2-b533-d1616e11bc16@group-EE311A528B4F-cacheEviction-AwaitToRun] INFO  util.AwaitToRun (AwaitToRun.java:run(49)) - 71df5106-29e4-46d2-b533-d1616e11bc16@group-EE311A528B4F-cacheEviction-AwaitToRun-AwaitForSignal is interrupted
2024-02-27 21:37:07,559 [Thread-1607] INFO  server.GrpcServerProtocolClient (GrpcServerProtocolClient.java:close(103)) - e13e7e3b-b387-4fac-9683-3ea92427a7e8 Close channels
2024-02-27 21:37:07,561 [main] INFO  server.GrpcService (GrpcService.java:closeImpl(320)) - 71df5106-29e4-46d2-b533-d1616e11bc16: shutdown server org.apache.ratis.grpc.server.GrpcClientProtocolService successfully
2024-02-27 21:37:07,562 [main] INFO  server.GrpcService (GrpcService.java:closeImpl(311)) - 71df5106-29e4-46d2-b533-d1616e11bc16: shutdown server GrpcServerProtocolService now
2024-02-27 21:37:07,560 [71df5106-29e4-46d2-b533-d1616e11bc16@group-59E1F7E51CDF-LeaderElection21] INFO  server.RaftServer$Division (ServerState.java:setLeader(269)) - 71df5106-29e4-46d2-b533-d1616e11bc16@group-59E1F7E51CDF: change Leader from null to 71df5106-29e4-46d2-b533-d1616e11bc16 at term 1 for becomeLeader, leader elected after 5141ms
2024-02-27 21:37:07,564 [grpc-default-executor-0] WARN  server.GrpcServerProtocolService (LogUtils.java:warn(121)) - 71df5106-29e4-46d2-b533-d1616e11bc16: APPEND_ENTRIES onError, lastRequest: null: org.apache.ratis.thirdparty.io.grpc.StatusRuntimeException: CANCELLED: client cancelled
2024-02-27 21:37:07,564 [grpc-default-executor-3] WARN  server.GrpcLogAppender (LogUtils.java:warn(121)) - 6d1988e6-d732-42b7-a0ee-62d3ca1ef2f1@group-EE311A528B4F->71df5106-29e4-46d2-b533-d1616e11bc16-AppendLogResponseHandler: Failed appendEntries: org.apache.ratis.thirdparty.io.grpc.StatusRuntimeException: CANCELLED: RST_STREAM closed stream. HTTP/2 error code: CANCEL
2024-02-27 21:37:07,564 [grpc-default-executor-3] WARN  server.GrpcLogAppender (GrpcLogAppender.java:lambda$resetClient$1(217)) - 6d1988e6-d732-42b7-a0ee-62d3ca1ef2f1@group-EE311A528B4F->71df5106-29e4-46d2-b533-d1616e11bc16-GrpcLogAppender: Follower failed (request=null, errorCount=1); keep nextIndex (1) unchanged and retry.
2024-02-27 21:37:07,564 [main] INFO  server.GrpcService (GrpcService.java:closeImpl(320)) - 71df5106-29e4-46d2-b533-d1616e11bc16: shutdown server GrpcServerProtocolService successfully
2024-02-27 21:37:07,564 [grpc-default-executor-4] WARN  server.GrpcServerProtocolService (LogUtils.java:warn(121)) - 71df5106-29e4-46d2-b533-d1616e11bc16: APPEND_ENTRIES onError, lastRequest: 6d1988e6-d732-42b7-a0ee-62d3ca1ef2f1->71df5106-29e4-46d2-b533-d1616e11bc16#1-t1,previous=(t:0, i:0),leaderCommit=-1,initializing? false,entries: size=1, first=(t:1, i:0), CONFIGURATIONENTRY(current:id: "71df5106-29e4-46d2-b533-d1616e11bc16"
address: "10.1.0.18:15076"
dataStreamAddress: "10.1.0.18:15077"
clientAddress: "10.1.0.18:15074"
adminAddress: "10.1.0.18:15075"
startupRole: FOLLOWER
,id: "e13e7e3b-b387-4fac-9683-3ea92427a7e8"
address: "10.1.0.18:15085"
dataStreamAddress: "10.1.0.18:15086"
clientAddress: "10.1.0.18:15083"
adminAddress: "10.1.0.18:15084"
startupRole: FOLLOWER
,id: "6d1988e6-d732-42b7-a0ee-62d3ca1ef2f1"
address: "10.1.0.18:15094"
priority: 1
dataStreamAddress: "10.1.0.18:15095"
clientAddress: "10.1.0.18:15092"
adminAddress: "10.1.0.18:15093"
startupRole: FOLLOWER
, old:): org.apache.ratis.thirdparty.io.grpc.StatusRuntimeException: CANCELLED: client cancelled
2024-02-27 21:37:07,566 [main] INFO  server.GrpcService (GrpcService.java:closeImpl(311)) - 71df5106-29e4-46d2-b533-d1616e11bc16: shutdown server org.apache.ratis.grpc.server.GrpcAdminProtocolService now
2024-02-27 21:37:07,567 [main] INFO  server.GrpcService (GrpcService.java:closeImpl(320)) - 71df5106-29e4-46d2-b533-d1616e11bc16: shutdown server org.apache.ratis.grpc.server.GrpcAdminProtocolService successfully
2024-02-27 21:37:07,568 [71df5106-29e4-46d2-b533-d1616e11bc16@group-59E1F7E51CDF-SegmentedRaftLogWorker] INFO  segmented.SegmentedRaftLogWorker (SegmentedRaftLogWorker.java:execute(634)) - 71df5106-29e4-46d2-b533-d1616e11bc16@group-59E1F7E51CDF-SegmentedRaftLogWorker: created new log segment /home/runner/work/ozone/ozone/hadoop-ozone/integration-test/target/test-dir/MiniOzoneClusterImpl-075da85a-61fc-4f3b-aaa6-f3afee0da340/ozone-meta/datanode-1/ratis/20419fbb-d945-4096-ad99-59e1f7e51cdf/current/log_inprogress_0
2024-02-27 21:37:07,571 [71df5106-29e4-46d2-b533-d1616e11bc16-NettyServerStreamRpc-bossGroup--thread1] INFO  logging.LoggingHandler (AbstractInternalLogger.java:log(148)) - [id: 0xfdd59ae9, L:/0.0.0.0:15077] CLOSE
2024-02-27 21:37:07,571 [71df5106-29e4-46d2-b533-d1616e11bc16-NettyServerStreamRpc-bossGroup--thread1] INFO  logging.LoggingHandler (AbstractInternalLogger.java:log(148)) - [id: 0xfdd59ae9, L:/0.0.0.0:15077] INACTIVE
2024-02-27 21:37:07,571 [71df5106-29e4-46d2-b533-d1616e11bc16-NettyServerStreamRpc-bossGroup--thread1] INFO  logging.LoggingHandler (AbstractInternalLogger.java:log(148)) - [id: 0xfdd59ae9, L:/0.0.0.0:15077] UNREGISTERED
2024-02-27 21:37:07,637 [6d1988e6-d732-42b7-a0ee-62d3ca1ef2f1@group-28B75BC60A14-FollowerState] INFO  impl.FollowerState (FollowerState.java:run(143)) - 6d1988e6-d732-42b7-a0ee-62d3ca1ef2f1@group-28B75BC60A14-FollowerState: change to CANDIDATE, lastRpcElapsedTime:5086903918ns, electionTimeout:5086ms
2024-02-27 21:37:07,637 [6d1988e6-d732-42b7-a0ee-62d3ca1ef2f1@group-28B75BC60A14-FollowerState] INFO  impl.RoleInfo (RoleInfo.java:shutdownFollowerState(110)) - 6d1988e6-d732-42b7-a0ee-62d3ca1ef2f1: shutdown 6d1988e6-d732-42b7-a0ee-62d3ca1ef2f1@group-28B75BC60A14-FollowerState
2024-02-27 21:37:07,637 [6d1988e6-d732-42b7-a0ee-62d3ca1ef2f1@group-28B75BC60A14-FollowerState] INFO  server.RaftServer$Division (RaftServerImpl.java:setRole(383)) - 6d1988e6-d732-42b7-a0ee-62d3ca1ef2f1@group-28B75BC60A14: changes role from  FOLLOWER to CANDIDATE at term 0 for changeToCandidate
2024-02-27 21:37:07,637 [6d1988e6-d732-42b7-a0ee-62d3ca1ef2f1@group-28B75BC60A14-FollowerState] INFO  server.RaftServerConfigKeys (ConfUtils.java:logGet(46)) - raft.server.leaderelection.pre-vote = true (default)
2024-02-27 21:37:07,637 [6d1988e6-d732-42b7-a0ee-62d3ca1ef2f1@group-28B75BC60A14-FollowerState] INFO  impl.RoleInfo (RoleInfo.java:updateAndGet(139)) - 6d1988e6-d732-42b7-a0ee-62d3ca1ef2f1: start 6d1988e6-d732-42b7-a0ee-62d3ca1ef2f1@group-28B75BC60A14-LeaderElection22
2024-02-27 21:37:07,638 [6d1988e6-d732-42b7-a0ee-62d3ca1ef2f1@group-28B75BC60A14-LeaderElection22] INFO  impl.LeaderElection (LeaderElection.java:askForVotes(321)) - 6d1988e6-d732-42b7-a0ee-62d3ca1ef2f1@group-28B75BC60A14-LeaderElection22 PRE_VOTE round 0: submit vote requests at term 0 for -1: peers:[6d1988e6-d732-42b7-a0ee-62d3ca1ef2f1|10.1.0.18:15094]|listeners:[], old=null
2024-02-27 21:37:07,638 [6d1988e6-d732-42b7-a0ee-62d3ca1ef2f1@group-28B75BC60A14-LeaderElection22] INFO  impl.LeaderElection (LeaderElection.java:askForVotes(323)) - 6d1988e6-d732-42b7-a0ee-62d3ca1ef2f1@group-28B75BC60A14-LeaderElection22 PRE_VOTE round 0: result PASSED (term=0)
2024-02-27 21:37:07,639 [6d1988e6-d732-42b7-a0ee-62d3ca1ef2f1@group-28B75BC60A14-LeaderElection22] INFO  impl.LeaderElection (LeaderElection.java:askForVotes(321)) - 6d1988e6-d732-42b7-a0ee-62d3ca1ef2f1@group-28B75BC60A14-LeaderElection22 ELECTION round 0: submit vote requests at term 1 for -1: peers:[6d1988e6-d732-42b7-a0ee-62d3ca1ef2f1|10.1.0.18:15094]|listeners:[], old=null
2024-02-27 21:37:07,639 [6d1988e6-d732-42b7-a0ee-62d3ca1ef2f1@group-28B75BC60A14-LeaderElection22] INFO  impl.LeaderElection (LeaderElection.java:askForVotes(323)) - 6d1988e6-d732-42b7-a0ee-62d3ca1ef2f1@group-28B75BC60A14-LeaderElection22 ELECTION round 0: result PASSED (term=1)
2024-02-27 21:37:07,639 [6d1988e6-d732-42b7-a0ee-62d3ca1ef2f1@group-28B75BC60A14-LeaderElection22] INFO  impl.RoleInfo (RoleInfo.java:shutdownLeaderElection(130)) - 6d1988e6-d732-42b7-a0ee-62d3ca1ef2f1: shutdown 6d1988e6-d732-42b7-a0ee-62d3ca1ef2f1@group-28B75BC60A14-LeaderElection22
2024-02-27 21:37:07,639 [6d1988e6-d732-42b7-a0ee-62d3ca1ef2f1@group-28B75BC60A14-LeaderElection22] INFO  server.RaftServer$Division (RaftServerImpl.java:setRole(383)) - 6d1988e6-d732-42b7-a0ee-62d3ca1ef2f1@group-28B75BC60A14: changes role from CANDIDATE to LEADER at term 1 for changeToLeader
2024-02-27 21:37:07,639 [6d1988e6-d732-42b7-a0ee-62d3ca1ef2f1@group-28B75BC60A14-LeaderElection22] INFO  server.RaftServerConfigKeys (ConfUtils.java:logGet(46)) - raft.server.staging.catchup.gap = 1000 (default)
2024-02-27 21:37:07,640 [6d1988e6-d732-42b7-a0ee-62d3ca1ef2f1@group-28B75BC60A14-LeaderElection22] INFO  server.RaftServerConfigKeys (ConfUtils.java:logGet(46)) - raft.server.write.element-limit = 1024 (custom)
2024-02-27 21:37:07,640 [6d1988e6-d732-42b7-a0ee-62d3ca1ef2f1@group-28B75BC60A14-LeaderElection22] INFO  server.RaftServerConfigKeys (ConfUtils.java:logGet(46)) - raft.server.write.byte-limit = 1024 M (=1073741824) (custom)
2024-02-27 21:37:07,640 [6d1988e6-d732-42b7-a0ee-62d3ca1ef2f1@group-28B75BC60A14-LeaderElection22] INFO  server.RaftServerConfigKeys (ConfUtils.java:logGet(46)) - raft.server.watch.timeout = 180s (custom)
2024-02-27 21:37:07,640 [6d1988e6-d732-42b7-a0ee-62d3ca1ef2f1@group-28B75BC60A14-LeaderElection22] INFO  server.RaftServerConfigKeys (ConfUtils.java:logGet(46)) - raft.server.watch.timeout.denomination = 1s (default)
2024-02-27 21:37:07,640 [6d1988e6-d732-42b7-a0ee-62d3ca1ef2f1@group-28B75BC60A14-LeaderElection22] INFO  server.RaftServerConfigKeys (ConfUtils.java:logGet(46)) - raft.server.watch.element-limit = 65536 (default)
2024-02-27 21:37:07,640 [6d1988e6-d732-42b7-a0ee-62d3ca1ef2f1@group-28B75BC60A14-LeaderElection22] INFO  server.RaftServerConfigKeys (ConfUtils.java:logGet(46)) - raft.server.read.leader.lease.enabled = false (default)
2024-02-27 21:37:07,640 [6d1988e6-d732-42b7-a0ee-62d3ca1ef2f1@group-28B75BC60A14-LeaderElection22] INFO  server.RaftServerConfigKeys (ConfUtils.java:logGet(46)) - raft.server.read.leader.lease.timeout.ratio = 0.9 (default)
2024-02-27 21:37:07,640 [6d1988e6-d732-42b7-a0ee-62d3ca1ef2f1@group-28B75BC60A14-LeaderElection22] INFO  server.RaftServerConfigKeys (ConfUtils.java:logGet(46)) - raft.server.rpc.timeout.min = 5s (custom)
2024-02-27 21:37:07,640 [6d1988e6-d732-42b7-a0ee-62d3ca1ef2f1@group-28B75BC60A14-LeaderElection22] INFO  server.RaftServerConfigKeys (ConfUtils.java:logGet(46)) - raft.server.write.element-limit = 1024 (custom)
2024-02-27 21:37:07,640 [6d1988e6-d732-42b7-a0ee-62d3ca1ef2f1@group-28B75BC60A14-LeaderElection22] INFO  server.RaftServerConfigKeys (ConfUtils.java:logGet(46)) - raft.server.write.follower.gap.ratio.max = -1.0 (default)
2024-02-27 21:37:07,641 [6d1988e6-d732-42b7-a0ee-62d3ca1ef2f1@group-28B75BC60A14-LeaderElection22] INFO  impl.RoleInfo (RoleInfo.java:updateAndGet(139)) - 6d1988e6-d732-42b7-a0ee-62d3ca1ef2f1: start 6d1988e6-d732-42b7-a0ee-62d3ca1ef2f1@group-28B75BC60A14-LeaderStateImpl
2024-02-27 21:37:07,641 [6d1988e6-d732-42b7-a0ee-62d3ca1ef2f1@group-28B75BC60A14-LeaderElection22] INFO  server.RaftServer$Division (RaftServerImpl.java:setFirstElection(574)) - 6d1988e6-d732-42b7-a0ee-62d3ca1ef2f1@group-28B75BC60A14: set firstElectionSinceStartup to false for becomeLeader
2024-02-27 21:37:07,641 [6d1988e6-d732-42b7-a0ee-62d3ca1ef2f1@group-28B75BC60A14-LeaderElection22] INFO  ratis.XceiverServerRatis (XceiverServerRatis.java:handleLeaderChangedNotification(966)) - Leader change notification received for group: group-28B75BC60A14 with new leaderId: 6d1988e6-d732-42b7-a0ee-62d3ca1ef2f1
2024-02-27 21:37:07,641 [6d1988e6-d732-42b7-a0ee-62d3ca1ef2f1@group-28B75BC60A14-LeaderElection22] INFO  server.RaftServer$Division (ServerState.java:setLeader(269)) - 6d1988e6-d732-42b7-a0ee-62d3ca1ef2f1@group-28B75BC60A14: change Leader from null to 6d1988e6-d732-42b7-a0ee-62d3ca1ef2f1 at term 1 for becomeLeader, leader elected after 5100ms
2024-02-27 21:37:07,641 [6d1988e6-d732-42b7-a0ee-62d3ca1ef2f1@group-28B75BC60A14-LeaderElection22] INFO  segmented.SegmentedRaftLogWorker (SegmentedRaftLogWorker.java:startLogSegment(430)) - 6d1988e6-d732-42b7-a0ee-62d3ca1ef2f1@group-28B75BC60A14-SegmentedRaftLogWorker: Starting segment from index:0
2024-02-27 21:37:07,641 [6d1988e6-d732-42b7-a0ee-62d3ca1ef2f1@group-28B75BC60A14-SegmentedRaftLogWorker] INFO  segmented.BufferedWriteChannel (BufferedWriteChannel.java:open(62)) - open log_inprogress_0 at position 0
2024-02-27 21:37:07,646 [6d1988e6-d732-42b7-a0ee-62d3ca1ef2f1@group-28B75BC60A14-LeaderElection22] INFO  server.RaftServer$Division (ServerState.java:setRaftConf(386)) - 6d1988e6-d732-42b7-a0ee-62d3ca1ef2f1@group-28B75BC60A14: set configuration 0: peers:[6d1988e6-d732-42b7-a0ee-62d3ca1ef2f1|10.1.0.18:15094]|listeners:[], old=null
2024-02-27 21:37:07,650 [6d1988e6-d732-42b7-a0ee-62d3ca1ef2f1@group-28B75BC60A14-SegmentedRaftLogWorker] INFO  segmented.SegmentedRaftLogWorker (SegmentedRaftLogWorker.java:execute(634)) - 6d1988e6-d732-42b7-a0ee-62d3ca1ef2f1@group-28B75BC60A14-SegmentedRaftLogWorker: created new log segment /home/runner/work/ozone/ozone/hadoop-ozone/integration-test/target/test-dir/MiniOzoneClusterImpl-075da85a-61fc-4f3b-aaa6-f3afee0da340/ozone-meta/datanode-3/ratis/971eb6a1-a86e-412f-b85a-28b75bc60a14/current/log_inprogress_0
2024-02-27 21:37:07,652 [6d1988e6-d732-42b7-a0ee-62d3ca1ef2f1@group-28B75BC60A14-StateMachineUpdater] INFO  server.RaftServer$Division (LeaderStateImpl.java:isApplied(320)) - leader is ready since appliedIndex == 0 >= startIndex == 0
2024-02-27 21:37:08,489 [71df5106-29e4-46d2-b533-d1616e11bc16-impl-thread3] INFO  segmented.SegmentedRaftLogWorker (SegmentedRaftLogWorker.java:close(245)) - 71df5106-29e4-46d2-b533-d1616e11bc16@group-EE311A528B4F-SegmentedRaftLogWorker close()
2024-02-27 21:37:08,499 [71df5106-29e4-46d2-b533-d1616e11bc16-impl-thread1] INFO  segmented.SegmentedRaftLogWorker (SegmentedRaftLogWorker.java:close(245)) - 71df5106-29e4-46d2-b533-d1616e11bc16@group-9E197E4F483B-SegmentedRaftLogWorker close()
2024-02-27 21:37:12,564 [timer6] WARN  server.GrpcLogAppender (LogUtils.java:warn(121)) - 6d1988e6-d732-42b7-a0ee-62d3ca1ef2f1@group-EE311A528B4F->71df5106-29e4-46d2-b533-d1616e11bc16-AppendLogResponseHandler: Failed appendEntries (Repeated 8 times in the last 5.000s): org.apache.ratis.thirdparty.io.grpc.StatusRuntimeException: UNAVAILABLE: io exception
2024-02-27 21:37:12,564 [timer7] WARN  server.GrpcLogAppender (GrpcLogAppender.java:lambda$resetClient$1(217)) - 6d1988e6-d732-42b7-a0ee-62d3ca1ef2f1@group-EE311A528B4F->71df5106-29e4-46d2-b533-d1616e11bc16-GrpcLogAppender: Follower failed (request=null, errorCount=8); keep nextIndex (1) unchanged and retry. (Repeated 8 times in the last 5.000s)
2024-02-27 21:37:13,549 [EventQueue-StaleNodeForStaleNodeHandler] INFO  node.StaleNodeHandler (StaleNodeHandler.java:onMessage(57)) - Datanode 71df5106-29e4-46d2-b533-d1616e11bc16(fv-az531-651.fb1yufaac5hu3gd5gtxiz42tfh.cx.internal.cloudapp.net/10.1.0.18) moved to stale state. Finalizing its pipelines [PipelineID=700f6e37-451b-4f16-9988-9e197e4f483b, PipelineID=20419fbb-d945-4096-ad99-59e1f7e51cdf, PipelineID=65c74a8d-5a7c-4552-b886-ee311a528b4f]
2024-02-27 21:37:13,551 [EventQueue-StaleNodeForStaleNodeHandler] INFO  pipeline.PipelineManagerImpl (PipelineManagerImpl.java:closePipeline(518)) - Pipeline PipelineID=700f6e37-451b-4f16-9988-9e197e4f483b moved to CLOSED state
2024-02-27 21:37:13,551 [EventQueue-StaleNodeForStaleNodeHandler] INFO  pipeline.PipelineManagerImpl (PipelineManagerImpl.java:closePipeline(518)) - Pipeline PipelineID=20419fbb-d945-4096-ad99-59e1f7e51cdf moved to CLOSED state
2024-02-27 21:37:13,551 [EventQueue-StaleNodeForStaleNodeHandler] INFO  pipeline.PipelineManagerImpl (PipelineManagerImpl.java:closePipeline(518)) - Pipeline PipelineID=65c74a8d-5a7c-4552-b886-ee311a528b4f moved to CLOSED state
2024-02-27 21:37:13,561 [RatisPipelineUtilsThread-0] WARN  scm.SCMCommonPlacementPolicy (SCMCommonPlacementPolicy.java:filterNodesWithSpace(287)) - Unable to find enough nodes that meet the space requirement of 1073741824 bytes for metadata and 5368709120 bytes for data in healthy node set. Required 3. Found 2.
2024-02-27 21:37:13,754 [grpc-default-executor-3] WARN  server.GrpcLogAppender (LogUtils.java:warn(121)) - 6d1988e6-d732-42b7-a0ee-62d3ca1ef2f1@group-EE311A528B4F->71df5106-29e4-46d2-b533-d1616e11bc16-AppendLogResponseHandler: Failed appendEntries: org.apache.ratis.thirdparty.io.grpc.StatusRuntimeException: UNAVAILABLE: io exception
2024-02-27 21:37:13,755 [grpc-default-executor-0] WARN  server.GrpcLogAppender (GrpcLogAppender.java:lambda$resetClient$1(217)) - 6d1988e6-d732-42b7-a0ee-62d3ca1ef2f1@group-EE311A528B4F->71df5106-29e4-46d2-b533-d1616e11bc16-GrpcLogAppender: Follower failed (request=null, errorCount=9); keep nextIndex (1) unchanged and retry.
2024-02-27 21:37:14,062 [RatisPipelineUtilsThread-0] WARN  scm.SCMCommonPlacementPolicy (SCMCommonPlacementPolicy.java:filterNodesWithSpace(287)) - Unable to find enough nodes that meet the space requirement of 1073741824 bytes for metadata and 5368709120 bytes for data in healthy node set. Required 3. Found 2.
2024-02-27 21:37:14,563 [RatisPipelineUtilsThread-0] WARN  scm.SCMCommonPlacementPolicy (SCMCommonPlacementPolicy.java:filterNodesWithSpace(287)) - Unable to find enough nodes that meet the space requirement of 1073741824 bytes for metadata and 5368709120 bytes for data in healthy node set. Required 3. Found 2.
2024-02-27 21:37:15,065 [RatisPipelineUtilsThread-0] WARN  scm.SCMCommonPlacementPolicy (SCMCommonPlacementPolicy.java:filterNodesWithSpace(287)) - Unable to find enough nodes that meet the space requirement of 1073741824 bytes for metadata and 5368709120 bytes for data in healthy node set. Required 3. Found 2.
2024-02-27 21:37:15,566 [RatisPipelineUtilsThread-0] WARN  scm.SCMCommonPlacementPolicy (SCMCommonPlacementPolicy.java:filterNodesWithSpace(287)) - Unable to find enough nodes that meet the space requirement of 1073741824 bytes for metadata and 5368709120 bytes for data in healthy node set. Required 3. Found 2.
2024-02-27 21:37:16,068 [RatisPipelineUtilsThread-0] WARN  scm.SCMCommonPlacementPolicy (SCMCommonPlacementPolicy.java:filterNodesWithSpace(287)) - Unable to find enough nodes that meet the space requirement of 1073741824 bytes for metadata and 5368709120 bytes for data in healthy node set. Required 3. Found 2.
2024-02-27 21:37:16,571 [RatisPipelineUtilsThread-0] WARN  scm.SCMCommonPlacementPolicy (SCMCommonPlacementPolicy.java:filterNodesWithSpace(287)) - Unable to find enough nodes that meet the space requirement of 1073741824 bytes for metadata and 5368709120 bytes for data in healthy node set. Required 3. Found 2.
2024-02-27 21:37:17,071 [RatisPipelineUtilsThread-0] WARN  scm.SCMCommonPlacementPolicy (SCMCommonPlacementPolicy.java:filterNodesWithSpace(287)) - Unable to find enough nodes that meet the space requirement of 1073741824 bytes for metadata and 5368709120 bytes for data in healthy node set. Required 3. Found 2.
2024-02-27 21:37:17,572 [RatisPipelineUtilsThread-0] WARN  scm.SCMCommonPlacementPolicy (SCMCommonPlacementPolicy.java:filterNodesWithSpace(287)) - Unable to find enough nodes that meet the space requirement of 1073741824 bytes for metadata and 5368709120 bytes for data in healthy node set. Required 3. Found 2.
2024-02-27 21:37:17,743 [6d1988e6-d732-42b7-a0ee-62d3ca1ef2f1@group-59E1F7E51CDF-FollowerState] INFO  impl.FollowerState (FollowerState.java:run(143)) - 6d1988e6-d732-42b7-a0ee-62d3ca1ef2f1@group-59E1F7E51CDF-FollowerState: change to CANDIDATE, lastRpcElapsedTime:10198929365ns, electionTimeout:5123ms
2024-02-27 21:37:17,743 [6d1988e6-d732-42b7-a0ee-62d3ca1ef2f1@group-59E1F7E51CDF-FollowerState] INFO  impl.RoleInfo (RoleInfo.java:shutdownFollowerState(110)) - 6d1988e6-d732-42b7-a0ee-62d3ca1ef2f1: shutdown 6d1988e6-d732-42b7-a0ee-62d3ca1ef2f1@group-59E1F7E51CDF-FollowerState
2024-02-27 21:37:17,743 [6d1988e6-d732-42b7-a0ee-62d3ca1ef2f1@group-59E1F7E51CDF-FollowerState] INFO  server.RaftServer$Division (RaftServerImpl.java:setRole(383)) - 6d1988e6-d732-42b7-a0ee-62d3ca1ef2f1@group-59E1F7E51CDF: changes role from  FOLLOWER to CANDIDATE at term 1 for changeToCandidate
2024-02-27 21:37:17,743 [6d1988e6-d732-42b7-a0ee-62d3ca1ef2f1@group-59E1F7E51CDF-FollowerState] INFO  server.RaftServerConfigKeys (ConfUtils.java:logGet(46)) - raft.server.leaderelection.pre-vote = true (default)
2024-02-27 21:37:17,743 [6d1988e6-d732-42b7-a0ee-62d3ca1ef2f1@group-59E1F7E51CDF-FollowerState] INFO  impl.RoleInfo (RoleInfo.java:updateAndGet(139)) - 6d1988e6-d732-42b7-a0ee-62d3ca1ef2f1: start 6d1988e6-d732-42b7-a0ee-62d3ca1ef2f1@group-59E1F7E51CDF-LeaderElection23
2024-02-27 21:37:17,744 [6d1988e6-d732-42b7-a0ee-62d3ca1ef2f1@group-59E1F7E51CDF-LeaderElection23] INFO  impl.LeaderElection (LeaderElection.java:askForVotes(321)) - 6d1988e6-d732-42b7-a0ee-62d3ca1ef2f1@group-59E1F7E51CDF-LeaderElection23 PRE_VOTE round 0: submit vote requests at term 1 for -1: peers:[71df5106-29e4-46d2-b533-d1616e11bc16|10.1.0.18:15076, e13e7e3b-b387-4fac-9683-3ea92427a7e8|10.1.0.18:15085, 6d1988e6-d732-42b7-a0ee-62d3ca1ef2f1|10.1.0.18:15094]|listeners:[], old=null
2024-02-27 21:37:17,745 [6d1988e6-d732-42b7-a0ee-62d3ca1ef2f1@group-59E1F7E51CDF-LeaderElection23] INFO  impl.LeaderElection (LogUtils.java:infoOrTrace(136)) - 6d1988e6-d732-42b7-a0ee-62d3ca1ef2f1@group-59E1F7E51CDF-LeaderElection23 got exception when requesting votes: java.util.concurrent.ExecutionException: org.apache.ratis.thirdparty.io.grpc.StatusRuntimeException: UNAVAILABLE: io exception
2024-02-27 21:37:17,745 [grpc-default-executor-3] INFO  server.RaftServer$Division (RaftServerImpl.java:requestVote(1389)) - e13e7e3b-b387-4fac-9683-3ea92427a7e8@group-59E1F7E51CDF: receive requestVote(PRE_VOTE, 6d1988e6-d732-42b7-a0ee-62d3ca1ef2f1, group-59E1F7E51CDF, 1, (t:0, i:0))
2024-02-27 21:37:17,746 [grpc-default-executor-3] INFO  impl.VoteContext (VoteContext.java:log(49)) - e13e7e3b-b387-4fac-9683-3ea92427a7e8@group-59E1F7E51CDF-FOLLOWER: accept PRE_VOTE from 6d1988e6-d732-42b7-a0ee-62d3ca1ef2f1: our priority 0 <= candidate's priority 0
2024-02-27 21:37:17,746 [grpc-default-executor-3] INFO  server.RaftServer$Division (RaftServerImpl.java:requestVote(1422)) - e13e7e3b-b387-4fac-9683-3ea92427a7e8@group-59E1F7E51CDF replies to PRE_VOTE vote request: 6d1988e6-d732-42b7-a0ee-62d3ca1ef2f1<-e13e7e3b-b387-4fac-9683-3ea92427a7e8#0:OK-t1. Peer's state: e13e7e3b-b387-4fac-9683-3ea92427a7e8@group-59E1F7E51CDF:t1, leader=null, voted=71df5106-29e4-46d2-b533-d1616e11bc16, raftlog=Memoized:e13e7e3b-b387-4fac-9683-3ea92427a7e8@group-59E1F7E51CDF-SegmentedRaftLog:OPENED:c-1, conf=-1: peers:[71df5106-29e4-46d2-b533-d1616e11bc16|10.1.0.18:15076, e13e7e3b-b387-4fac-9683-3ea92427a7e8|10.1.0.18:15085, 6d1988e6-d732-42b7-a0ee-62d3ca1ef2f1|10.1.0.18:15094]|listeners:[], old=null
2024-02-27 21:37:17,746 [6d1988e6-d732-42b7-a0ee-62d3ca1ef2f1@group-59E1F7E51CDF-LeaderElection23] INFO  impl.LeaderElection (LeaderElection.java:logAndReturn(89)) - 6d1988e6-d732-42b7-a0ee-62d3ca1ef2f1@group-59E1F7E51CDF-LeaderElection23: PRE_VOTE PASSED received 1 response(s) and 1 exception(s):
2024-02-27 21:37:17,746 [6d1988e6-d732-42b7-a0ee-62d3ca1ef2f1@group-59E1F7E51CDF-LeaderElection23] INFO  impl.LeaderElection (LeaderElection.java:logAndReturn(93)) -   Response 0: 6d1988e6-d732-42b7-a0ee-62d3ca1ef2f1<-e13e7e3b-b387-4fac-9683-3ea92427a7e8#0:OK-t1
2024-02-27 21:37:17,747 [6d1988e6-d732-42b7-a0ee-62d3ca1ef2f1@group-59E1F7E51CDF-LeaderElection23] INFO  impl.LeaderElection (LogUtils.java:infoOrTrace(136)) -   Exception 1: java.util.concurrent.ExecutionException: org.apache.ratis.thirdparty.io.grpc.StatusRuntimeException: UNAVAILABLE: io exception
2024-02-27 21:37:17,747 [6d1988e6-d732-42b7-a0ee-62d3ca1ef2f1@group-59E1F7E51CDF-LeaderElection23] INFO  impl.LeaderElection (LeaderElection.java:askForVotes(323)) - 6d1988e6-d732-42b7-a0ee-62d3ca1ef2f1@group-59E1F7E51CDF-LeaderElection23 PRE_VOTE round 0: result PASSED
2024-02-27 21:37:17,748 [6d1988e6-d732-42b7-a0ee-62d3ca1ef2f1@group-59E1F7E51CDF-LeaderElection23] INFO  impl.LeaderElection (LeaderElection.java:askForVotes(321)) - 6d1988e6-d732-42b7-a0ee-62d3ca1ef2f1@group-59E1F7E51CDF-LeaderElection23 ELECTION round 0: submit vote requests at term 2 for -1: peers:[71df5106-29e4-46d2-b533-d1616e11bc16|10.1.0.18:15076, e13e7e3b-b387-4fac-9683-3ea92427a7e8|10.1.0.18:15085, 6d1988e6-d732-42b7-a0ee-62d3ca1ef2f1|10.1.0.18:15094]|listeners:[], old=null
2024-02-27 21:37:17,748 [6d1988e6-d732-42b7-a0ee-62d3ca1ef2f1@group-59E1F7E51CDF-LeaderElection23] INFO  impl.LeaderElection (LogUtils.java:infoOrTrace(136)) - 6d1988e6-d732-42b7-a0ee-62d3ca1ef2f1@group-59E1F7E51CDF-LeaderElection23 got exception when requesting votes: java.util.concurrent.ExecutionException: org.apache.ratis.thirdparty.io.grpc.StatusRuntimeException: UNAVAILABLE: io exception
2024-02-27 21:37:17,749 [grpc-default-executor-3] INFO  server.RaftServer$Division (RaftServerImpl.java:requestVote(1389)) - e13e7e3b-b387-4fac-9683-3ea92427a7e8@group-59E1F7E51CDF: receive requestVote(ELECTION, 6d1988e6-d732-42b7-a0ee-62d3ca1ef2f1, group-59E1F7E51CDF, 2, (t:0, i:0))
2024-02-27 21:37:17,749 [grpc-default-executor-3] INFO  impl.VoteContext (VoteContext.java:log(49)) - e13e7e3b-b387-4fac-9683-3ea92427a7e8@group-59E1F7E51CDF-FOLLOWER: accept ELECTION from 6d1988e6-d732-42b7-a0ee-62d3ca1ef2f1: our priority 0 <= candidate's priority 0
2024-02-27 21:37:17,749 [grpc-default-executor-3] INFO  server.RaftServer$Division (RaftServerImpl.java:setRole(383)) - e13e7e3b-b387-4fac-9683-3ea92427a7e8@group-59E1F7E51CDF: changes role from  FOLLOWER to FOLLOWER at term 2 for candidate:6d1988e6-d732-42b7-a0ee-62d3ca1ef2f1
2024-02-27 21:37:17,749 [grpc-default-executor-3] INFO  impl.RoleInfo (RoleInfo.java:shutdownFollowerState(110)) - e13e7e3b-b387-4fac-9683-3ea92427a7e8: shutdown e13e7e3b-b387-4fac-9683-3ea92427a7e8@group-59E1F7E51CDF-FollowerState
2024-02-27 21:37:17,749 [grpc-default-executor-3] INFO  impl.RoleInfo (RoleInfo.java:updateAndGet(139)) - e13e7e3b-b387-4fac-9683-3ea92427a7e8: start e13e7e3b-b387-4fac-9683-3ea92427a7e8@group-59E1F7E51CDF-FollowerState
2024-02-27 21:37:17,749 [e13e7e3b-b387-4fac-9683-3ea92427a7e8@group-59E1F7E51CDF-FollowerState] INFO  impl.FollowerState (FollowerState.java:run(152)) - e13e7e3b-b387-4fac-9683-3ea92427a7e8@group-59E1F7E51CDF-FollowerState was interrupted
2024-02-27 21:37:17,751 [grpc-default-executor-3] INFO  server.RaftServer$Division (RaftServerImpl.java:requestVote(1422)) - e13e7e3b-b387-4fac-9683-3ea92427a7e8@group-59E1F7E51CDF replies to ELECTION vote request: 6d1988e6-d732-42b7-a0ee-62d3ca1ef2f1<-e13e7e3b-b387-4fac-9683-3ea92427a7e8#0:OK-t2. Peer's state: e13e7e3b-b387-4fac-9683-3ea92427a7e8@group-59E1F7E51CDF:t2, leader=null, voted=6d1988e6-d732-42b7-a0ee-62d3ca1ef2f1, raftlog=Memoized:e13e7e3b-b387-4fac-9683-3ea92427a7e8@group-59E1F7E51CDF-SegmentedRaftLog:OPENED:c-1, conf=-1: peers:[71df5106-29e4-46d2-b533-d1616e11bc16|10.1.0.18:15076, e13e7e3b-b387-4fac-9683-3ea92427a7e8|10.1.0.18:15085, 6d1988e6-d732-42b7-a0ee-62d3ca1ef2f1|10.1.0.18:15094]|listeners:[], old=null
2024-02-27 21:37:17,751 [6d1988e6-d732-42b7-a0ee-62d3ca1ef2f1@group-59E1F7E51CDF-LeaderElection23] INFO  impl.LeaderElection (LeaderElection.java:logAndReturn(89)) - 6d1988e6-d732-42b7-a0ee-62d3ca1ef2f1@group-59E1F7E51CDF-LeaderElection23: ELECTION PASSED received 1 response(s) and 1 exception(s):
2024-02-27 21:37:17,751 [6d1988e6-d732-42b7-a0ee-62d3ca1ef2f1@group-59E1F7E51CDF-LeaderElection23] INFO  impl.LeaderElection (LeaderElection.java:logAndReturn(93)) -   Response 0: 6d1988e6-d732-42b7-a0ee-62d3ca1ef2f1<-e13e7e3b-b387-4fac-9683-3ea92427a7e8#0:OK-t2
2024-02-27 21:37:17,751 [6d1988e6-d732-42b7-a0ee-62d3ca1ef2f1@group-59E1F7E51CDF-LeaderElection23] INFO  impl.LeaderElection (LogUtils.java:infoOrTrace(136)) -   Exception 1: java.util.concurrent.ExecutionException: org.apache.ratis.thirdparty.io.grpc.StatusRuntimeException: UNAVAILABLE: io exception
2024-02-27 21:37:17,751 [6d1988e6-d732-42b7-a0ee-62d3ca1ef2f1@group-59E1F7E51CDF-LeaderElection23] INFO  impl.LeaderElection (LeaderElection.java:askForVotes(323)) - 6d1988e6-d732-42b7-a0ee-62d3ca1ef2f1@group-59E1F7E51CDF-LeaderElection23 ELECTION round 0: result PASSED
2024-02-27 21:37:17,751 [6d1988e6-d732-42b7-a0ee-62d3ca1ef2f1@group-59E1F7E51CDF-LeaderElection23] INFO  impl.RoleInfo (RoleInfo.java:shutdownLeaderElection(130)) - 6d1988e6-d732-42b7-a0ee-62d3ca1ef2f1: shutdown 6d1988e6-d732-42b7-a0ee-62d3ca1ef2f1@group-59E1F7E51CDF-LeaderElection23
2024-02-27 21:37:17,752 [6d1988e6-d732-42b7-a0ee-62d3ca1ef2f1@group-59E1F7E51CDF-LeaderElection23] INFO  server.RaftServer$Division (RaftServerImpl.java:setRole(383)) - 6d1988e6-d732-42b7-a0ee-62d3ca1ef2f1@group-59E1F7E51CDF: changes role from CANDIDATE to LEADER at term 2 for changeToLeader
2024-02-27 21:37:17,752 [6d1988e6-d732-42b7-a0ee-62d3ca1ef2f1@group-59E1F7E51CDF-LeaderElection23] INFO  server.RaftServerConfigKeys (ConfUtils.java:logGet(46)) - raft.server.staging.catchup.gap = 1000 (default)
2024-02-27 21:37:17,752 [6d1988e6-d732-42b7-a0ee-62d3ca1ef2f1@group-59E1F7E51CDF-LeaderElection23] INFO  server.RaftServerConfigKeys (ConfUtils.java:logGet(46)) - raft.server.write.element-limit = 1024 (custom)
2024-02-27 21:37:17,752 [6d1988e6-d732-42b7-a0ee-62d3ca1ef2f1@group-59E1F7E51CDF-LeaderElection23] INFO  server.RaftServerConfigKeys (ConfUtils.java:logGet(46)) - raft.server.write.byte-limit = 1024 M (=1073741824) (custom)
2024-02-27 21:37:17,752 [6d1988e6-d732-42b7-a0ee-62d3ca1ef2f1@group-59E1F7E51CDF-LeaderElection23] INFO  server.RaftServerConfigKeys (ConfUtils.java:logGet(46)) - raft.server.watch.timeout = 180s (custom)
2024-02-27 21:37:17,752 [6d1988e6-d732-42b7-a0ee-62d3ca1ef2f1@group-59E1F7E51CDF-LeaderElection23] INFO  server.RaftServerConfigKeys (ConfUtils.java:logGet(46)) - raft.server.watch.timeout.denomination = 1s (default)
2024-02-27 21:37:17,752 [6d1988e6-d732-42b7-a0ee-62d3ca1ef2f1@group-59E1F7E51CDF-LeaderElection23] INFO  server.RaftServerConfigKeys (ConfUtils.java:logGet(46)) - raft.server.watch.element-limit = 65536 (default)
2024-02-27 21:37:17,752 [6d1988e6-d732-42b7-a0ee-62d3ca1ef2f1@group-59E1F7E51CDF-LeaderElection23] INFO  server.RaftServerConfigKeys (ConfUtils.java:logGet(46)) - raft.server.read.leader.lease.enabled = false (default)
2024-02-27 21:37:17,752 [6d1988e6-d732-42b7-a0ee-62d3ca1ef2f1@group-59E1F7E51CDF-LeaderElection23] INFO  server.RaftServerConfigKeys (ConfUtils.java:logGet(46)) - raft.server.read.leader.lease.timeout.ratio = 0.9 (default)
2024-02-27 21:37:17,752 [6d1988e6-d732-42b7-a0ee-62d3ca1ef2f1@group-59E1F7E51CDF-LeaderElection23] INFO  server.RaftServerConfigKeys (ConfUtils.java:logGet(46)) - raft.server.rpc.timeout.min = 5s (custom)
2024-02-27 21:37:17,753 [6d1988e6-d732-42b7-a0ee-62d3ca1ef2f1@group-59E1F7E51CDF-LeaderElection23] INFO  server.RaftServerConfigKeys (ConfUtils.java:logGet(46)) - raft.server.write.element-limit = 1024 (custom)
2024-02-27 21:37:17,753 [6d1988e6-d732-42b7-a0ee-62d3ca1ef2f1@group-59E1F7E51CDF-LeaderElection23] INFO  server.RaftServerConfigKeys (ConfUtils.java:logGet(46)) - raft.server.write.follower.gap.ratio.max = -1.0 (default)
2024-02-27 21:37:17,753 [6d1988e6-d732-42b7-a0ee-62d3ca1ef2f1@group-59E1F7E51CDF-LeaderElection23] INFO  server.RaftServerConfigKeys (ConfUtils.java:logGet(46)) - raft.server.log.appender.snapshot.chunk.size.max = 16MB (=16777216) (default)
2024-02-27 21:37:17,753 [6d1988e6-d732-42b7-a0ee-62d3ca1ef2f1@group-59E1F7E51CDF-LeaderElection23] INFO  server.RaftServerConfigKeys (ConfUtils.java:logGet(46)) - raft.server.log.appender.buffer.byte-limit = 8388608 (custom)
2024-02-27 21:37:17,753 [6d1988e6-d732-42b7-a0ee-62d3ca1ef2f1@group-59E1F7E51CDF-LeaderElection23] INFO  server.RaftServerConfigKeys (ConfUtils.java:logGet(46)) - raft.server.log.appender.buffer.element-limit = 1 (custom)
2024-02-27 21:37:17,753 [6d1988e6-d732-42b7-a0ee-62d3ca1ef2f1@group-59E1F7E51CDF-LeaderElection23] INFO  server.RaftServerConfigKeys (ConfUtils.java:logGet(46)) - raft.server.log.appender.wait-time.min = 0μs (custom)
2024-02-27 21:37:17,754 [6d1988e6-d732-42b7-a0ee-62d3ca1ef2f1@group-59E1F7E51CDF-LeaderElection23] INFO  grpc.GrpcConfigKeys (ConfUtils.java:logGet(46)) - raft.grpc.server.leader.outstanding.appends.max = 8 (default)
2024-02-27 21:37:17,754 [6d1988e6-d732-42b7-a0ee-62d3ca1ef2f1@group-59E1F7E51CDF-LeaderElection23] INFO  server.RaftServerConfigKeys (ConfUtils.java:logGet(46)) - raft.server.rpc.request.timeout = 60s (custom)
2024-02-27 21:37:17,754 [6d1988e6-d732-42b7-a0ee-62d3ca1ef2f1@group-59E1F7E51CDF-LeaderElection23] INFO  grpc.GrpcConfigKeys (ConfUtils.java:logGet(46)) - raft.grpc.server.install_snapshot.request.element-limit = 8 (default)
2024-02-27 21:37:17,754 [6d1988e6-d732-42b7-a0ee-62d3ca1ef2f1@group-59E1F7E51CDF-LeaderElection23] INFO  grpc.GrpcConfigKeys (ConfUtils.java:logGet(46)) - raft.grpc.server.install_snapshot.request.timeout = 3000ms (default)
2024-02-27 21:37:17,754 [6d1988e6-d732-42b7-a0ee-62d3ca1ef2f1@group-59E1F7E51CDF-LeaderElection23] INFO  grpc.GrpcConfigKeys (ConfUtils.java:logGet(46)) - raft.grpc.server.log-message.batch.duration = 5s (default)
2024-02-27 21:37:17,754 [6d1988e6-d732-42b7-a0ee-62d3ca1ef2f1@group-59E1F7E51CDF-LeaderElection23] INFO  server.RaftServerConfigKeys (ConfUtils.java:logGet(46)) - raft.server.log.appender.install.snapshot.enabled = false (custom)
2024-02-27 21:37:17,754 [6d1988e6-d732-42b7-a0ee-62d3ca1ef2f1@group-59E1F7E51CDF-LeaderElection23] INFO  grpc.GrpcConfigKeys (ConfUtils.java:logGet(46)) - raft.grpc.server.heartbeat.channel = true (default)
2024-02-27 21:37:17,755 [6d1988e6-d732-42b7-a0ee-62d3ca1ef2f1@group-59E1F7E51CDF-LeaderElection23] INFO  server.RaftServerConfigKeys (ConfUtils.java:logGet(46)) - raft.server.log.appender.snapshot.chunk.size.max = 16MB (=16777216) (default)
2024-02-27 21:37:17,755 [6d1988e6-d732-42b7-a0ee-62d3ca1ef2f1@group-59E1F7E51CDF-LeaderElection23] INFO  server.RaftServerConfigKeys (ConfUtils.java:logGet(46)) - raft.server.log.appender.buffer.byte-limit = 8388608 (custom)
2024-02-27 21:37:17,755 [6d1988e6-d732-42b7-a0ee-62d3ca1ef2f1@group-59E1F7E51CDF-LeaderElection23] INFO  server.RaftServerConfigKeys (ConfUtils.java:logGet(46)) - raft.server.log.appender.buffer.element-limit = 1 (custom)
2024-02-27 21:37:17,755 [6d1988e6-d732-42b7-a0ee-62d3ca1ef2f1@group-59E1F7E51CDF-LeaderElection23] INFO  server.RaftServerConfigKeys (ConfUtils.java:logGet(46)) - raft.server.log.appender.wait-time.min = 0μs (custom)
2024-02-27 21:37:17,755 [6d1988e6-d732-42b7-a0ee-62d3ca1ef2f1@group-59E1F7E51CDF-LeaderElection23] INFO  grpc.GrpcConfigKeys (ConfUtils.java:logGet(46)) - raft.grpc.server.leader.outstanding.appends.max = 8 (default)
2024-02-27 21:37:17,755 [6d1988e6-d732-42b7-a0ee-62d3ca1ef2f1@group-59E1F7E51CDF-LeaderElection23] INFO  server.RaftServerConfigKeys (ConfUtils.java:logGet(46)) - raft.server.rpc.request.timeout = 60s (custom)
2024-02-27 21:37:17,755 [6d1988e6-d732-42b7-a0ee-62d3ca1ef2f1@group-59E1F7E51CDF-LeaderElection23] INFO  grpc.GrpcConfigKeys (ConfUtils.java:logGet(46)) - raft.grpc.server.install_snapshot.request.element-limit = 8 (default)
2024-02-27 21:37:17,755 [6d1988e6-d732-42b7-a0ee-62d3ca1ef2f1@group-59E1F7E51CDF-LeaderElection23] INFO  grpc.GrpcConfigKeys (ConfUtils.java:logGet(46)) - raft.grpc.server.install_snapshot.request.timeout = 3000ms (default)
2024-02-27 21:37:17,755 [6d1988e6-d732-42b7-a0ee-62d3ca1ef2f1@group-59E1F7E51CDF-LeaderElection23] INFO  grpc.GrpcConfigKeys (ConfUtils.java:logGet(46)) - raft.grpc.server.log-message.batch.duration = 5s (default)
2024-02-27 21:37:17,755 [6d1988e6-d732-42b7-a0ee-62d3ca1ef2f1@group-59E1F7E51CDF-LeaderElection23] INFO  server.RaftServerConfigKeys (ConfUtils.java:logGet(46)) - raft.server.log.appender.install.snapshot.enabled = false (custom)
2024-02-27 21:37:17,755 [6d1988e6-d732-42b7-a0ee-62d3ca1ef2f1@group-59E1F7E51CDF-LeaderElection23] INFO  grpc.GrpcConfigKeys (ConfUtils.java:logGet(46)) - raft.grpc.server.heartbeat.channel = true (default)
2024-02-27 21:37:17,756 [6d1988e6-d732-42b7-a0ee-62d3ca1ef2f1@group-59E1F7E51CDF-LeaderElection23] INFO  impl.RoleInfo (RoleInfo.java:updateAndGet(139)) - 6d1988e6-d732-42b7-a0ee-62d3ca1ef2f1: start 6d1988e6-d732-42b7-a0ee-62d3ca1ef2f1@group-59E1F7E51CDF-LeaderStateImpl
2024-02-27 21:37:17,756 [6d1988e6-d732-42b7-a0ee-62d3ca1ef2f1@group-59E1F7E51CDF-LeaderElection23] INFO  ratis.XceiverServerRatis (XceiverServerRatis.java:handleLeaderChangedNotification(966)) - Leader change notification received for group: group-59E1F7E51CDF with new leaderId: 6d1988e6-d732-42b7-a0ee-62d3ca1ef2f1
2024-02-27 21:37:17,756 [6d1988e6-d732-42b7-a0ee-62d3ca1ef2f1@group-59E1F7E51CDF-LeaderElection23] INFO  server.RaftServer$Division (ServerState.java:setLeader(269)) - 6d1988e6-d732-42b7-a0ee-62d3ca1ef2f1@group-59E1F7E51CDF: change Leader from null to 6d1988e6-d732-42b7-a0ee-62d3ca1ef2f1 at term 2 for becomeLeader, leader elected after 15284ms
2024-02-27 21:37:17,756 [6d1988e6-d732-42b7-a0ee-62d3ca1ef2f1@group-59E1F7E51CDF-LeaderElection23] INFO  segmented.SegmentedRaftLogWorker (SegmentedRaftLogWorker.java:startLogSegment(430)) - 6d1988e6-d732-42b7-a0ee-62d3ca1ef2f1@group-59E1F7E51CDF-SegmentedRaftLogWorker: Starting segment from index:0
2024-02-27 21:37:17,757 [6d1988e6-d732-42b7-a0ee-62d3ca1ef2f1@group-59E1F7E51CDF-SegmentedRaftLogWorker] INFO  segmented.BufferedWriteChannel (BufferedWriteChannel.java:open(62)) - open log_inprogress_0 at position 0
2024-02-27 21:37:17,758 [6d1988e6-d732-42b7-a0ee-62d3ca1ef2f1@group-59E1F7E51CDF-LeaderElection23] INFO  server.RaftServer$Division (ServerState.java:setRaftConf(386)) - 6d1988e6-d732-42b7-a0ee-62d3ca1ef2f1@group-59E1F7E51CDF: set configuration 0: peers:[71df5106-29e4-46d2-b533-d1616e11bc16|10.1.0.18:15076, e13e7e3b-b387-4fac-9683-3ea92427a7e8|10.1.0.18:15085, 6d1988e6-d732-42b7-a0ee-62d3ca1ef2f1|10.1.0.18:15094]|listeners:[], old=null
2024-02-27 21:37:17,762 [grpc-default-executor-3] WARN  server.GrpcLogAppender (LogUtils.java:warn(121)) - 6d1988e6-d732-42b7-a0ee-62d3ca1ef2f1@group-59E1F7E51CDF->71df5106-29e4-46d2-b533-d1616e11bc16-AppendLogResponseHandler: Failed appendEntries: org.apache.ratis.thirdparty.io.grpc.StatusRuntimeException: UNAVAILABLE: io exception
2024-02-27 21:37:17,763 [grpc-default-executor-0] WARN  server.GrpcLogAppender (GrpcLogAppender.java:lambda$resetClient$1(217)) - 6d1988e6-d732-42b7-a0ee-62d3ca1ef2f1@group-59E1F7E51CDF->71df5106-29e4-46d2-b533-d1616e11bc16-GrpcLogAppender: Follower failed (request=null, errorCount=1); keep nextIndex (0) unchanged and retry.
2024-02-27 21:37:17,766 [e13e7e3b-b387-4fac-9683-3ea92427a7e8-server-thread1] INFO  ratis.XceiverServerRatis (XceiverServerRatis.java:handleLeaderChangedNotification(966)) - Leader change notification received for group: group-59E1F7E51CDF with new leaderId: 6d1988e6-d732-42b7-a0ee-62d3ca1ef2f1
2024-02-27 21:37:17,766 [e13e7e3b-b387-4fac-9683-3ea92427a7e8-server-thread1] INFO  server.RaftServer$Division (ServerState.java:setLeader(269)) - e13e7e3b-b387-4fac-9683-3ea92427a7e8@group-59E1F7E51CDF: change Leader from null to 6d1988e6-d732-42b7-a0ee-62d3ca1ef2f1 at term 2 for appendEntries, leader elected after 15323ms
2024-02-27 21:37:17,768 [6d1988e6-d732-42b7-a0ee-62d3ca1ef2f1@group-59E1F7E51CDF-SegmentedRaftLogWorker] INFO  segmented.SegmentedRaftLogWorker (SegmentedRaftLogWorker.java:execute(634)) - 6d1988e6-d732-42b7-a0ee-62d3ca1ef2f1@group-59E1F7E51CDF-SegmentedRaftLogWorker: created new log segment /home/runner/work/ozone/ozone/hadoop-ozone/integration-test/target/test-dir/MiniOzoneClusterImpl-075da85a-61fc-4f3b-aaa6-f3afee0da340/ozone-meta/datanode-3/ratis/20419fbb-d945-4096-ad99-59e1f7e51cdf/current/log_inprogress_0
2024-02-27 21:37:17,769 [e13e7e3b-b387-4fac-9683-3ea92427a7e8-server-thread1] INFO  server.RaftServer$Division (ServerState.java:setRaftConf(386)) - e13e7e3b-b387-4fac-9683-3ea92427a7e8@group-59E1F7E51CDF: set configuration 0: peers:[71df5106-29e4-46d2-b533-d1616e11bc16|10.1.0.18:15076, e13e7e3b-b387-4fac-9683-3ea92427a7e8|10.1.0.18:15085, 6d1988e6-d732-42b7-a0ee-62d3ca1ef2f1|10.1.0.18:15094]|listeners:[], old=null
2024-02-27 21:37:17,769 [e13e7e3b-b387-4fac-9683-3ea92427a7e8-server-thread1] INFO  segmented.SegmentedRaftLogWorker (SegmentedRaftLogWorker.java:startLogSegment(430)) - e13e7e3b-b387-4fac-9683-3ea92427a7e8@group-59E1F7E51CDF-SegmentedRaftLogWorker: Starting segment from index:0
2024-02-27 21:37:17,769 [e13e7e3b-b387-4fac-9683-3ea92427a7e8@group-59E1F7E51CDF-SegmentedRaftLogWorker] INFO  segmented.BufferedWriteChannel (BufferedWriteChannel.java:open(62)) - open log_inprogress_0 at position 0
2024-02-27 21:37:17,776 [e13e7e3b-b387-4fac-9683-3ea92427a7e8@group-59E1F7E51CDF-SegmentedRaftLogWorker] INFO  segmented.SegmentedRaftLogWorker (SegmentedRaftLogWorker.java:execute(634)) - e13e7e3b-b387-4fac-9683-3ea92427a7e8@group-59E1F7E51CDF-SegmentedRaftLogWorker: created new log segment /home/runner/work/ozone/ozone/hadoop-ozone/integration-test/target/test-dir/MiniOzoneClusterImpl-075da85a-61fc-4f3b-aaa6-f3afee0da340/ozone-meta/datanode-2/ratis/20419fbb-d945-4096-ad99-59e1f7e51cdf/current/log_inprogress_0
2024-02-27 21:37:17,778 [6d1988e6-d732-42b7-a0ee-62d3ca1ef2f1@group-59E1F7E51CDF-StateMachineUpdater] INFO  server.RaftServer$Division (LeaderStateImpl.java:isApplied(320)) - leader is ready since appliedIndex == 0 >= startIndex == 0
2024-02-27 21:37:18,075 [RatisPipelineUtilsThread-0] WARN  scm.SCMCommonPlacementPolicy (SCMCommonPlacementPolicy.java:filterNodesWithSpace(287)) - Unable to find enough nodes that meet the space requirement of 1073741824 bytes for metadata and 5368709120 bytes for data in healthy node set. Required 3. Found 2.
2024-02-27 21:37:18,576 [RatisPipelineUtilsThread-0] WARN  scm.SCMCommonPlacementPolicy (SCMCommonPlacementPolicy.java:filterNodesWithSpace(287)) - Unable to find enough nodes that meet the space requirement of 1073741824 bytes for metadata and 5368709120 bytes for data in healthy node set. Required 3. Found 2.
2024-02-27 21:37:18,755 [timer3] WARN  server.GrpcLogAppender (LogUtils.java:warn(121)) - 6d1988e6-d732-42b7-a0ee-62d3ca1ef2f1@group-EE311A528B4F->71df5106-29e4-46d2-b533-d1616e11bc16-AppendLogResponseHandler: Failed appendEntries (Repeated 8 times in the last 5.001s): org.apache.ratis.thirdparty.io.grpc.StatusRuntimeException: UNAVAILABLE: io exception
2024-02-27 21:37:18,756 [timer4] WARN  server.GrpcLogAppender (GrpcLogAppender.java:lambda$resetClient$1(217)) - 6d1988e6-d732-42b7-a0ee-62d3ca1ef2f1@group-EE311A528B4F->71df5106-29e4-46d2-b533-d1616e11bc16-GrpcLogAppender: Follower failed (request=null, errorCount=16); keep nextIndex (1) unchanged and retry. (Repeated 10 times in the last 5.000s)
2024-02-27 21:37:19,015 [grpc-default-executor-3] WARN  server.GrpcLogAppender (GrpcLogAppender.java:lambda$resetClient$1(217)) - 6d1988e6-d732-42b7-a0ee-62d3ca1ef2f1@group-59E1F7E51CDF->71df5106-29e4-46d2-b533-d1616e11bc16-GrpcLogAppender: Follower failed (request=null, errorCount=5); keep nextIndex (1) unchanged and retry.
2024-02-27 21:37:19,077 [RatisPipelineUtilsThread-0] WARN  scm.SCMCommonPlacementPolicy (SCMCommonPlacementPolicy.java:filterNodesWithSpace(287)) - Unable to find enough nodes that meet the space requirement of 1073741824 bytes for metadata and 5368709120 bytes for data in healthy node set. Required 3. Found 2.
2024-02-27 21:37:19,442 [grpc-default-executor-2] WARN  server.GrpcLogAppender (LogUtils.java:warn(121)) - 6d1988e6-d732-42b7-a0ee-62d3ca1ef2f1@group-EE311A528B4F->71df5106-29e4-46d2-b533-d1616e11bc16-AppendLogResponseHandler: Failed appendEntries: org.apache.ratis.thirdparty.io.grpc.StatusRuntimeException: UNAVAILABLE: io exception
2024-02-27 21:37:19,577 [RatisPipelineUtilsThread-0] WARN  scm.SCMCommonPlacementPolicy (SCMCommonPlacementPolicy.java:filterNodesWithSpace(287)) - Unable to find enough nodes that meet the space requirement of 1073741824 bytes for metadata and 5368709120 bytes for data in healthy node set. Required 3. Found 2.
2024-02-27 21:37:20,078 [RatisPipelineUtilsThread-0] WARN  scm.SCMCommonPlacementPolicy (SCMCommonPlacementPolicy.java:filterNodesWithSpace(287)) - Unable to find enough nodes that meet the space requirement of 1073741824 bytes for metadata and 5368709120 bytes for data in healthy node set. Required 3. Found 2.
2024-02-27 21:37:20,579 [RatisPipelineUtilsThread-0] WARN  scm.SCMCommonPlacementPolicy (SCMCommonPlacementPolicy.java:filterNodesWithSpace(287)) - Unable to find enough nodes that meet the space requirement of 1073741824 bytes for metadata and 5368709120 bytes for data in healthy node set. Required 3. Found 2.
2024-02-27 21:37:21,079 [RatisPipelineUtilsThread-0] WARN  scm.SCMCommonPlacementPolicy (SCMCommonPlacementPolicy.java:filterNodesWithSpace(287)) - Unable to find enough nodes that meet the space requirement of 1073741824 bytes for metadata and 5368709120 bytes for data in healthy node set. Required 3. Found 2.
2024-02-27 21:37:21,580 [RatisPipelineUtilsThread-0] WARN  scm.SCMCommonPlacementPolicy (SCMCommonPlacementPolicy.java:filterNodesWithSpace(287)) - Unable to find enough nodes that meet the space requirement of 1073741824 bytes for metadata and 5368709120 bytes for data in healthy node set. Required 3. Found 2.
2024-02-27 21:37:22,080 [RatisPipelineUtilsThread-0] WARN  scm.SCMCommonPlacementPolicy (SCMCommonPlacementPolicy.java:filterNodesWithSpace(287)) - Unable to find enough nodes that meet the space requirement of 1073741824 bytes for metadata and 5368709120 bytes for data in healthy node set. Required 3. Found 2.
2024-02-27 21:37:22,581 [RatisPipelineUtilsThread-0] WARN  scm.SCMCommonPlacementPolicy (SCMCommonPlacementPolicy.java:filterNodesWithSpace(287)) - Unable to find enough nodes that meet the space requirement of 1073741824 bytes for metadata and 5368709120 bytes for data in healthy node set. Required 3. Found 2.
2024-02-27 21:37:22,763 [timer2] WARN  server.GrpcLogAppender (LogUtils.java:warn(121)) - 6d1988e6-d732-42b7-a0ee-62d3ca1ef2f1@group-59E1F7E51CDF->71df5106-29e4-46d2-b533-d1616e11bc16-AppendLogResponseHandler: Failed appendEntries (Repeated 10 times in the last 5.001s): org.apache.ratis.thirdparty.io.grpc.StatusRuntimeException: UNAVAILABLE: io exception
2024-02-27 21:37:22,764 [timer5] WARN  server.GrpcLogAppender (GrpcLogAppender.java:lambda$resetClient$1(217)) - 6d1988e6-d732-42b7-a0ee-62d3ca1ef2f1@group-59E1F7E51CDF->71df5106-29e4-46d2-b533-d1616e11bc16-GrpcLogAppender: Follower failed (request=null, errorCount=2); keep nextIndex (0) unchanged and retry. (Repeated 2 times in the last 5.000s)
2024-02-27 21:37:22,771 [grpc-default-executor-3] WARN  server.GrpcLogAppender (LogUtils.java:warn(121)) - 6d1988e6-d732-42b7-a0ee-62d3ca1ef2f1@group-59E1F7E51CDF->71df5106-29e4-46d2-b533-d1616e11bc16-AppendLogResponseHandler: Failed appendEntries: org.apache.ratis.thirdparty.io.grpc.StatusRuntimeException: UNAVAILABLE: io exception
2024-02-27 21:37:23,082 [RatisPipelineUtilsThread-0] WARN  scm.SCMCommonPlacementPolicy (SCMCommonPlacementPolicy.java:filterNodesWithSpace(287)) - Unable to find enough nodes that meet the space requirement of 1073741824 bytes for metadata and 5368709120 bytes for data in healthy node set. Required 3. Found 2.
2024-02-27 21:37:23,582 [RatisPipelineUtilsThread-0] WARN  scm.SCMCommonPlacementPolicy (SCMCommonPlacementPolicy.java:filterNodesWithSpace(287)) - Unable to find enough nodes that meet the space requirement of 1073741824 bytes for metadata and 5368709120 bytes for data in healthy node set. Required 3. Found 2.
2024-02-27 21:37:24,016 [timer7] WARN  server.GrpcLogAppender (GrpcLogAppender.java:lambda$resetClient$1(217)) - 6d1988e6-d732-42b7-a0ee-62d3ca1ef2f1@group-EE311A528B4F->71df5106-29e4-46d2-b533-d1616e11bc16-GrpcLogAppender: Follower failed (request=null, errorCount=22); keep nextIndex (1) unchanged and retry. (Repeated 14 times in the last 5.001s)
2024-02-27 21:37:24,083 [RatisPipelineUtilsThread-0] WARN  scm.SCMCommonPlacementPolicy (SCMCommonPlacementPolicy.java:filterNodesWithSpace(287)) - Unable to find enough nodes that meet the space requirement of 1073741824 bytes for metadata and 5368709120 bytes for data in healthy node set. Required 3. Found 2.
2024-02-27 21:37:24,271 [grpc-default-executor-2] WARN  server.GrpcLogAppender (GrpcLogAppender.java:lambda$resetClient$1(217)) - 6d1988e6-d732-42b7-a0ee-62d3ca1ef2f1@group-59E1F7E51CDF->71df5106-29e4-46d2-b533-d1616e11bc16-GrpcLogAppender: Follower failed (request=null, errorCount=13); keep nextIndex (1) unchanged and retry.
2024-02-27 21:37:24,444 [timer1] WARN  server.GrpcLogAppender (LogUtils.java:warn(121)) - 6d1988e6-d732-42b7-a0ee-62d3ca1ef2f1@group-EE311A528B4F->71df5106-29e4-46d2-b533-d1616e11bc16-AppendLogResponseHandler: Failed appendEntries (Repeated 6 times in the last 5.002s): org.apache.ratis.thirdparty.io.grpc.StatusRuntimeException: UNAVAILABLE: io exception
2024-02-27 21:37:24,584 [RatisPipelineUtilsThread-0] WARN  scm.SCMCommonPlacementPolicy (SCMCommonPlacementPolicy.java:filterNodesWithSpace(287)) - Unable to find enough nodes that meet the space requirement of 1073741824 bytes for metadata and 5368709120 bytes for data in healthy node set. Required 3. Found 2.
2024-02-27 21:37:24,834 [grpc-default-executor-3] WARN  server.GrpcLogAppender (LogUtils.java:warn(121)) - 6d1988e6-d732-42b7-a0ee-62d3ca1ef2f1@group-EE311A528B4F->71df5106-29e4-46d2-b533-d1616e11bc16-AppendLogResponseHandler: Failed appendEntries: org.apache.ratis.thirdparty.io.grpc.StatusRuntimeException: UNAVAILABLE: io exception
2024-02-27 21:37:25,084 [RatisPipelineUtilsThread-0] WARN  scm.SCMCommonPlacementPolicy (SCMCommonPlacementPolicy.java:filterNodesWithSpace(287)) - Unable to find enough nodes that meet the space requirement of 1073741824 bytes for metadata and 5368709120 bytes for data in healthy node set. Required 3. Found 2.
2024-02-27 21:37:25,585 [RatisPipelineUtilsThread-0] WARN  scm.SCMCommonPlacementPolicy (SCMCommonPlacementPolicy.java:filterNodesWithSpace(287)) - Unable to find enough nodes that meet the space requirement of 1073741824 bytes for metadata and 5368709120 bytes for data in healthy node set. Required 3. Found 2.
2024-02-27 21:37:26,085 [RatisPipelineUtilsThread-0] WARN  scm.SCMCommonPlacementPolicy (SCMCommonPlacementPolicy.java:filterNodesWithSpace(287)) - Unable to find enough nodes that meet the space requirement of 1073741824 bytes for metadata and 5368709120 bytes for data in healthy node set. Required 3. Found 2.
2024-02-27 21:37:26,586 [RatisPipelineUtilsThread-0] WARN  scm.SCMCommonPlacementPolicy (SCMCommonPlacementPolicy.java:filterNodesWithSpace(287)) - Unable to find enough nodes that meet the space requirement of 1073741824 bytes for metadata and 5368709120 bytes for data in healthy node set. Required 3. Found 2.
2024-02-27 21:37:27,087 [RatisPipelineUtilsThread-0] WARN  scm.SCMCommonPlacementPolicy (SCMCommonPlacementPolicy.java:filterNodesWithSpace(287)) - Unable to find enough nodes that meet the space requirement of 1073741824 bytes for metadata and 5368709120 bytes for data in healthy node set. Required 3. Found 2.
2024-02-27 21:37:27,587 [RatisPipelineUtilsThread-0] WARN  scm.SCMCommonPlacementPolicy (SCMCommonPlacementPolicy.java:filterNodesWithSpace(287)) - Unable to find enough nodes that meet the space requirement of 1073741824 bytes for metadata and 5368709120 bytes for data in healthy node set. Required 3. Found 2.
2024-02-27 21:37:27,772 [timer7] WARN  server.GrpcLogAppender (LogUtils.java:warn(121)) - 6d1988e6-d732-42b7-a0ee-62d3ca1ef2f1@group-59E1F7E51CDF->71df5106-29e4-46d2-b533-d1616e11bc16-AppendLogResponseHandler: Failed appendEntries (Repeated 8 times in the last 5.001s): org.apache.ratis.thirdparty.io.grpc.StatusRuntimeException: UNAVAILABLE: io exception
2024-02-27 21:37:28,088 [RatisPipelineUtilsThread-0] WARN  scm.SCMCommonPlacementPolicy (SCMCommonPlacementPolicy.java:filterNodesWithSpace(287)) - Unable to find enough nodes that meet the space requirement of 1073741824 bytes for metadata and 5368709120 bytes for data in healthy node set. Required 3. Found 2.
2024-02-27 21:37:28,588 [RatisPipelineUtilsThread-0] WARN  scm.SCMCommonPlacementPolicy (SCMCommonPlacementPolicy.java:filterNodesWithSpace(287)) - Unable to find enough nodes that meet the space requirement of 1073741824 bytes for metadata and 5368709120 bytes for data in healthy node set. Required 3. Found 2.
2024-02-27 21:37:28,748 [grpc-default-executor-2] WARN  server.GrpcLogAppender (LogUtils.java:warn(121)) - 6d1988e6-d732-42b7-a0ee-62d3ca1ef2f1@group-59E1F7E51CDF->71df5106-29e4-46d2-b533-d1616e11bc16-AppendLogResponseHandler: Failed appendEntries: org.apache.ratis.thirdparty.io.grpc.StatusRuntimeException: UNAVAILABLE: io exception
2024-02-27 21:37:29,089 [RatisPipelineUtilsThread-0] WARN  scm.SCMCommonPlacementPolicy (SCMCommonPlacementPolicy.java:filterNodesWithSpace(287)) - Unable to find enough nodes that meet the space requirement of 1073741824 bytes for metadata and 5368709120 bytes for data in healthy node set. Required 3. Found 2.
2024-02-27 21:37:29,271 [timer2] WARN  server.GrpcLogAppender (GrpcLogAppender.java:lambda$resetClient$1(217)) - 6d1988e6-d732-42b7-a0ee-62d3ca1ef2f1@group-EE311A528B4F->71df5106-29e4-46d2-b533-d1616e11bc16-GrpcLogAppender: Follower failed (request=null, errorCount=28); keep nextIndex (1) unchanged and retry. (Repeated 14 times in the last 5.000s)
2024-02-27 21:37:29,590 [RatisPipelineUtilsThread-0] WARN  scm.SCMCommonPlacementPolicy (SCMCommonPlacementPolicy.java:filterNodesWithSpace(287)) - Unable to find enough nodes that meet the space requirement of 1073741824 bytes for metadata and 5368709120 bytes for data in healthy node set. Required 3. Found 2.
2024-02-27 21:37:29,836 [timer3] WARN  server.GrpcLogAppender (LogUtils.java:warn(121)) - 6d1988e6-d732-42b7-a0ee-62d3ca1ef2f1@group-EE311A528B4F->71df5106-29e4-46d2-b533-d1616e11bc16-AppendLogResponseHandler: Failed appendEntries (Repeated 6 times in the last 5.001s): org.apache.ratis.thirdparty.io.grpc.StatusRuntimeException: UNAVAILABLE: io exception
2024-02-27 21:37:30,024 [grpc-default-executor-2] WARN  server.GrpcLogAppender (GrpcLogAppender.java:lambda$resetClient$1(217)) - 6d1988e6-d732-42b7-a0ee-62d3ca1ef2f1@group-59E1F7E51CDF->71df5106-29e4-46d2-b533-d1616e11bc16-GrpcLogAppender: Follower failed (request=null, errorCount=21); keep nextIndex (1) unchanged and retry.
2024-02-27 21:37:30,090 [RatisPipelineUtilsThread-0] WARN  scm.SCMCommonPlacementPolicy (SCMCommonPlacementPolicy.java:filterNodesWithSpace(287)) - Unable to find enough nodes that meet the space requirement of 1073741824 bytes for metadata and 5368709120 bytes for data in healthy node set. Required 3. Found 2.
2024-02-27 21:37:30,591 [RatisPipelineUtilsThread-0] WARN  scm.SCMCommonPlacementPolicy (SCMCommonPlacementPolicy.java:filterNodesWithSpace(287)) - Unable to find enough nodes that meet the space requirement of 1073741824 bytes for metadata and 5368709120 bytes for data in healthy node set. Required 3. Found 2.
2024-02-27 21:37:30,669 [grpc-default-executor-3] WARN  server.GrpcLogAppender (LogUtils.java:warn(121)) - 6d1988e6-d732-42b7-a0ee-62d3ca1ef2f1@group-EE311A528B4F->71df5106-29e4-46d2-b533-d1616e11bc16-AppendLogResponseHandler: Failed appendEntries: org.apache.ratis.thirdparty.io.grpc.StatusRuntimeException: UNAVAILABLE: io exception
2024-02-27 21:37:31,091 [RatisPipelineUtilsThread-0] WARN  scm.SCMCommonPlacementPolicy (SCMCommonPlacementPolicy.java:filterNodesWithSpace(287)) - Unable to find enough nodes that meet the space requirement of 1073741824 bytes for metadata and 5368709120 bytes for data in healthy node set. Required 3. Found 2.
2024-02-27 21:37:31,592 [RatisPipelineUtilsThread-0] WARN  scm.SCMCommonPlacementPolicy (SCMCommonPlacementPolicy.java:filterNodesWithSpace(287)) - Unable to find enough nodes that meet the space requirement of 1073741824 bytes for metadata and 5368709120 bytes for data in healthy node set. Required 3. Found 2.
2024-02-27 21:37:32,092 [RatisPipelineUtilsThread-0] WARN  scm.SCMCommonPlacementPolicy (SCMCommonPlacementPolicy.java:filterNodesWithSpace(287)) - Unable to find enough nodes that meet the space requirement of 1073741824 bytes for metadata and 5368709120 bytes for data in healthy node set. Required 3. Found 2.
2024-02-27 21:37:32,593 [RatisPipelineUtilsThread-0] WARN  scm.SCMCommonPlacementPolicy (SCMCommonPlacementPolicy.java:filterNodesWithSpace(287)) - Unable to find enough nodes that meet the space requirement of 1073741824 bytes for metadata and 5368709120 bytes for data in healthy node set. Required 3. Found 2.
2024-02-27 21:37:33,093 [RatisPipelineUtilsThread-0] WARN  scm.SCMCommonPlacementPolicy (SCMCommonPlacementPolicy.java:filterNodesWithSpace(287)) - Unable to find enough nodes that meet the space requirement of 1073741824 bytes for metadata and 5368709120 bytes for data in healthy node set. Required 3. Found 2.
2024-02-27 21:37:33,594 [RatisPipelineUtilsThread-0] WARN  scm.SCMCommonPlacementPolicy (SCMCommonPlacementPolicy.java:filterNodesWithSpace(287)) - Unable to find enough nodes that meet the space requirement of 1073741824 bytes for metadata and 5368709120 bytes for data in healthy node set. Required 3. Found 2.
2024-02-27 21:37:33,749 [timer3] WARN  server.GrpcLogAppender (LogUtils.java:warn(121)) - 6d1988e6-d732-42b7-a0ee-62d3ca1ef2f1@group-59E1F7E51CDF->71df5106-29e4-46d2-b533-d1616e11bc16-AppendLogResponseHandler: Failed appendEntries (Repeated 8 times in the last 5.001s): org.apache.ratis.thirdparty.io.grpc.StatusRuntimeException: UNAVAILABLE: io exception
2024-02-27 21:37:33,954 [grpc-default-executor-2] WARN  server.GrpcLogAppender (LogUtils.java:warn(121)) - 6d1988e6-d732-42b7-a0ee-62d3ca1ef2f1@group-59E1F7E51CDF->71df5106-29e4-46d2-b533-d1616e11bc16-AppendLogResponseHandler: Failed appendEntries: org.apache.ratis.thirdparty.io.grpc.StatusRuntimeException: UNAVAILABLE: io exception
2024-02-27 21:37:34,094 [RatisPipelineUtilsThread-0] WARN  scm.SCMCommonPlacementPolicy (SCMCommonPlacementPolicy.java:filterNodesWithSpace(287)) - Unable to find enough nodes that meet the space requirement of 1073741824 bytes for metadata and 5368709120 bytes for data in healthy node set. Required 3. Found 2.
2024-02-27 21:37:34,595 [RatisPipelineUtilsThread-0] WARN  scm.SCMCommonPlacementPolicy (SCMCommonPlacementPolicy.java:filterNodesWithSpace(287)) - Unable to find enough nodes that meet the space requirement of 1073741824 bytes for metadata and 5368709120 bytes for data in healthy node set. Required 3. Found 2.
2024-02-27 21:37:35,024 [timer4] WARN  server.GrpcLogAppender (GrpcLogAppender.java:lambda$resetClient$1(217)) - 6d1988e6-d732-42b7-a0ee-62d3ca1ef2f1@group-59E1F7E51CDF->71df5106-29e4-46d2-b533-d1616e11bc16-GrpcLogAppender: Follower failed (request=null, errorCount=28); keep nextIndex (1) unchanged and retry. (Repeated 12 times in the last 5.000s)
2024-02-27 21:37:35,095 [RatisPipelineUtilsThread-0] WARN  scm.SCMCommonPlacementPolicy (SCMCommonPlacementPolicy.java:filterNodesWithSpace(287)) - Unable to find enough nodes that meet the space requirement of 1073741824 bytes for metadata and 5368709120 bytes for data in healthy node set. Required 3. Found 2.
2024-02-27 21:37:35,596 [RatisPipelineUtilsThread-0] WARN  scm.SCMCommonPlacementPolicy (SCMCommonPlacementPolicy.java:filterNodesWithSpace(287)) - Unable to find enough nodes that meet the space requirement of 1073741824 bytes for metadata and 5368709120 bytes for data in healthy node set. Required 3. Found 2.
2024-02-27 21:37:35,670 [timer0] WARN  server.GrpcLogAppender (LogUtils.java:warn(121)) - 6d1988e6-d732-42b7-a0ee-62d3ca1ef2f1@group-EE311A528B4F->71df5106-29e4-46d2-b533-d1616e11bc16-AppendLogResponseHandler: Failed appendEntries (Repeated 4 times in the last 5.001s): org.apache.ratis.thirdparty.io.grpc.StatusRuntimeException: UNAVAILABLE: io exception
2024-02-27 21:37:35,922 [grpc-default-executor-3] WARN  server.GrpcLogAppender (GrpcLogAppender.java:lambda$resetClient$1(217)) - 6d1988e6-d732-42b7-a0ee-62d3ca1ef2f1@group-59E1F7E51CDF->71df5106-29e4-46d2-b533-d1616e11bc16-GrpcLogAppender: Follower failed (request=null, errorCount=29); keep nextIndex (1) unchanged and retry.
2024-02-27 21:37:36,096 [RatisPipelineUtilsThread-0] WARN  scm.SCMCommonPlacementPolicy (SCMCommonPlacementPolicy.java:filterNodesWithSpace(287)) - Unable to find enough nodes that meet the space requirement of 1073741824 bytes for metadata and 5368709120 bytes for data in healthy node set. Required 3. Found 2.
2024-02-27 21:37:36,597 [RatisPipelineUtilsThread-0] WARN  scm.SCMCommonPlacementPolicy (SCMCommonPlacementPolicy.java:filterNodesWithSpace(287)) - Unable to find enough nodes that meet the space requirement of 1073741824 bytes for metadata and 5368709120 bytes for data in healthy node set. Required 3. Found 2.
2024-02-27 21:37:37,097 [RatisPipelineUtilsThread-0] WARN  scm.SCMCommonPlacementPolicy (SCMCommonPlacementPolicy.java:filterNodesWithSpace(287)) - Unable to find enough nodes that meet the space requirement of 1073741824 bytes for metadata and 5368709120 bytes for data in healthy node set. Required 3. Found 2.
2024-02-27 21:37:37,598 [RatisPipelineUtilsThread-0] WARN  scm.SCMCommonPlacementPolicy (SCMCommonPlacementPolicy.java:filterNodesWithSpace(287)) - Unable to find enough nodes that meet the space requirement of 1073741824 bytes for metadata and 5368709120 bytes for data in healthy node set. Required 3. Found 2.
2024-02-27 21:37:37,943 [grpc-default-executor-3] WARN  server.GrpcLogAppender (LogUtils.java:warn(121)) - 6d1988e6-d732-42b7-a0ee-62d3ca1ef2f1@group-EE311A528B4F->71df5106-29e4-46d2-b533-d1616e11bc16-AppendLogResponseHandler: Failed appendEntries: org.apache.ratis.thirdparty.io.grpc.StatusRuntimeException: UNAVAILABLE: io exception
2024-02-27 21:37:38,098 [RatisPipelineUtilsThread-0] WARN  scm.SCMCommonPlacementPolicy (SCMCommonPlacementPolicy.java:filterNodesWithSpace(287)) - Unable to find enough nodes that meet the space requirement of 1073741824 bytes for metadata and 5368709120 bytes for data in healthy node set. Required 3. Found 2.
2024-02-27 21:37:38,599 [RatisPipelineUtilsThread-0] WARN  scm.SCMCommonPlacementPolicy (SCMCommonPlacementPolicy.java:filterNodesWithSpace(287)) - Unable to find enough nodes that meet the space requirement of 1073741824 bytes for metadata and 5368709120 bytes for data in healthy node set. Required 3. Found 2.
2024-02-27 21:37:38,957 [timer6] WARN  server.GrpcLogAppender (LogUtils.java:warn(121)) - 6d1988e6-d732-42b7-a0ee-62d3ca1ef2f1@group-59E1F7E51CDF->71df5106-29e4-46d2-b533-d1616e11bc16-AppendLogResponseHandler: Failed appendEntries (Repeated 6 times in the last 5.002s): org.apache.ratis.thirdparty.io.grpc.StatusRuntimeException: UNAVAILABLE: io exception
2024-02-27 21:37:39,099 [RatisPipelineUtilsThread-0] WARN  scm.SCMCommonPlacementPolicy (SCMCommonPlacementPolicy.java:filterNodesWithSpace(287)) - Unable to find enough nodes that meet the space requirement of 1073741824 bytes for metadata and 5368709120 bytes for data in healthy node set. Required 3. Found 2.
2024-02-27 21:37:39,600 [RatisPipelineUtilsThread-0] WARN  scm.SCMCommonPlacementPolicy (SCMCommonPlacementPolicy.java:filterNodesWithSpace(287)) - Unable to find enough nodes that meet the space requirement of 1073741824 bytes for metadata and 5368709120 bytes for data in healthy node set. Required 3. Found 2.
2024-02-27 21:37:40,100 [RatisPipelineUtilsThread-0] WARN  scm.SCMCommonPlacementPolicy (SCMCommonPlacementPolicy.java:filterNodesWithSpace(287)) - Unable to find enough nodes that meet the space requirement of 1073741824 bytes for metadata and 5368709120 bytes for data in healthy node set. Required 3. Found 2.
2024-02-27 21:37:40,255 [grpc-default-executor-3] WARN  server.GrpcLogAppender (LogUtils.java:warn(121)) - 6d1988e6-d732-42b7-a0ee-62d3ca1ef2f1@group-59E1F7E51CDF->71df5106-29e4-46d2-b533-d1616e11bc16-AppendLogResponseHandler: Failed appendEntries: org.apache.ratis.thirdparty.io.grpc.StatusRuntimeException: UNAVAILABLE: io exception
2024-02-27 21:37:40,601 [RatisPipelineUtilsThread-0] WARN  scm.SCMCommonPlacementPolicy (SCMCommonPlacementPolicy.java:filterNodesWithSpace(287)) - Unable to find enough nodes that meet the space requirement of 1073741824 bytes for metadata and 5368709120 bytes for data in healthy node set. Required 3. Found 2.
2024-02-27 21:37:40,922 [timer0] WARN  server.GrpcLogAppender (GrpcLogAppender.java:lambda$resetClient$1(217)) - 6d1988e6-d732-42b7-a0ee-62d3ca1ef2f1@group-59E1F7E51CDF->71df5106-29e4-46d2-b533-d1616e11bc16-GrpcLogAppender: Follower failed (request=null, errorCount=34); keep nextIndex (1) unchanged and retry. (Repeated 8 times in the last 5.000s)
2024-02-27 21:37:40,991 [grpc-default-executor-3] WARN  server.GrpcLogAppender (GrpcLogAppender.java:lambda$resetClient$1(217)) - 6d1988e6-d732-42b7-a0ee-62d3ca1ef2f1@group-EE311A528B4F->71df5106-29e4-46d2-b533-d1616e11bc16-GrpcLogAppender: Follower failed (request=null, errorCount=35); keep nextIndex (1) unchanged and retry.
2024-02-27 21:37:41,101 [RatisPipelineUtilsThread-0] WARN  scm.SCMCommonPlacementPolicy (SCMCommonPlacementPolicy.java:filterNodesWithSpace(287)) - Unable to find enough nodes that meet the space requirement of 1073741824 bytes for metadata and 5368709120 bytes for data in healthy node set. Required 3. Found 2.
2024-02-27 21:37:41,602 [RatisPipelineUtilsThread-0] WARN  scm.SCMCommonPlacementPolicy (SCMCommonPlacementPolicy.java:filterNodesWithSpace(287)) - Unable to find enough nodes that meet the space requirement of 1073741824 bytes for metadata and 5368709120 bytes for data in healthy node set. Required 3. Found 2.
2024-02-27 21:37:42,102 [RatisPipelineUtilsThread-0] WARN  scm.SCMCommonPlacementPolicy (SCMCommonPlacementPolicy.java:filterNodesWithSpace(287)) - Unable to find enough nodes that meet the space requirement of 1073741824 bytes for metadata and 5368709120 bytes for data in healthy node set. Required 3. Found 2.
2024-02-27 21:37:42,603 [RatisPipelineUtilsThread-0] WARN  scm.SCMCommonPlacementPolicy (SCMCommonPlacementPolicy.java:filterNodesWithSpace(287)) - Unable to find enough nodes that meet the space requirement of 1073741824 bytes for metadata and 5368709120 bytes for data in healthy node set. Required 3. Found 2.
2024-02-27 21:37:42,945 [timer5] WARN  server.GrpcLogAppender (LogUtils.java:warn(121)) - 6d1988e6-d732-42b7-a0ee-62d3ca1ef2f1@group-EE311A528B4F->71df5106-29e4-46d2-b533-d1616e11bc16-AppendLogResponseHandler: Failed appendEntries (Repeated 4 times in the last 5.002s): org.apache.ratis.thirdparty.io.grpc.StatusRuntimeException: UNAVAILABLE: io exception
2024-02-27 21:37:43,103 [RatisPipelineUtilsThread-0] WARN  scm.SCMCommonPlacementPolicy (SCMCommonPlacementPolicy.java:filterNodesWithSpace(287)) - Unable to find enough nodes that meet the space requirement of 1073741824 bytes for metadata and 5368709120 bytes for data in healthy node set. Required 3. Found 2.
2024-02-27 21:37:43,603 [RatisPipelineUtilsThread-0] WARN  scm.SCMCommonPlacementPolicy (SCMCommonPlacementPolicy.java:filterNodesWithSpace(287)) - Unable to find enough nodes that meet the space requirement of 1073741824 bytes for metadata and 5368709120 bytes for data in healthy node set. Required 3. Found 2.
2024-02-27 21:37:43,641 [grpc-default-executor-2] WARN  server.GrpcLogAppender (LogUtils.java:warn(121)) - 6d1988e6-d732-42b7-a0ee-62d3ca1ef2f1@group-EE311A528B4F->71df5106-29e4-46d2-b533-d1616e11bc16-AppendLogResponseHandler: Failed appendEntries: org.apache.ratis.thirdparty.io.grpc.StatusRuntimeException: UNAVAILABLE: io exception
2024-02-27 21:37:44,104 [RatisPipelineUtilsThread-0] WARN  scm.SCMCommonPlacementPolicy (SCMCommonPlacementPolicy.java:filterNodesWithSpace(287)) - Unable to find enough nodes that meet the space requirement of 1073741824 bytes for metadata and 5368709120 bytes for data in healthy node set. Required 3. Found 2.
2024-02-27 21:37:44,604 [RatisPipelineUtilsThread-0] WARN  scm.SCMCommonPlacementPolicy (SCMCommonPlacementPolicy.java:filterNodesWithSpace(287)) - Unable to find enough nodes that meet the space requirement of 1073741824 bytes for metadata and 5368709120 bytes for data in healthy node set. Required 3. Found 2.
2024-02-27 21:37:45,105 [RatisPipelineUtilsThread-0] WARN  scm.SCMCommonPlacementPolicy (SCMCommonPlacementPolicy.java:filterNodesWithSpace(287)) - Unable to find enough nodes that meet the space requirement of 1073741824 bytes for metadata and 5368709120 bytes for data in healthy node set. Required 3. Found 2.
2024-02-27 21:37:45,256 [timer7] WARN  server.GrpcLogAppender (LogUtils.java:warn(121)) - 6d1988e6-d732-42b7-a0ee-62d3ca1ef2f1@group-59E1F7E51CDF->71df5106-29e4-46d2-b533-d1616e11bc16-AppendLogResponseHandler: Failed appendEntries (Repeated 2 times in the last 5.001s): org.apache.ratis.thirdparty.io.grpc.StatusRuntimeException: UNAVAILABLE: io exception
2024-02-27 21:37:45,605 [RatisPipelineUtilsThread-0] WARN  scm.SCMCommonPlacementPolicy (SCMCommonPlacementPolicy.java:filterNodesWithSpace(287)) - Unable to find enough nodes that meet the space requirement of 1073741824 bytes for metadata and 5368709120 bytes for data in healthy node set. Required 3. Found 2.
2024-02-27 21:37:45,991 [timer1] WARN  server.GrpcLogAppender (GrpcLogAppender.java:lambda$resetClient$1(217)) - 6d1988e6-d732-42b7-a0ee-62d3ca1ef2f1@group-EE311A528B4F->71df5106-29e4-46d2-b533-d1616e11bc16-GrpcLogAppender: Follower failed (request=null, errorCount=38); keep nextIndex (1) unchanged and retry. (Repeated 4 times in the last 5.000s)
2024-02-27 21:37:46,106 [RatisPipelineUtilsThread-0] WARN  scm.SCMCommonPlacementPolicy (SCMCommonPlacementPolicy.java:filterNodesWithSpace(287)) - Unable to find enough nodes that meet the space requirement of 1073741824 bytes for metadata and 5368709120 bytes for data in healthy node set. Required 3. Found 2.
2024-02-27 21:37:46,170 [grpc-default-executor-2] WARN  server.GrpcLogAppender (GrpcLogAppender.java:lambda$resetClient$1(217)) - 6d1988e6-d732-42b7-a0ee-62d3ca1ef2f1@group-EE311A528B4F->71df5106-29e4-46d2-b533-d1616e11bc16-GrpcLogAppender: Follower failed (request=null, errorCount=39); keep nextIndex (1) unchanged and retry.
2024-02-27 21:37:46,182 [grpc-default-executor-3] WARN  server.GrpcLogAppender (LogUtils.java:warn(121)) - 6d1988e6-d732-42b7-a0ee-62d3ca1ef2f1@group-59E1F7E51CDF->71df5106-29e4-46d2-b533-d1616e11bc16-AppendLogResponseHandler: Failed appendEntries: org.apache.ratis.thirdparty.io.grpc.StatusRuntimeException: UNAVAILABLE: io exception
2024-02-27 21:37:46,606 [RatisPipelineUtilsThread-0] WARN  scm.SCMCommonPlacementPolicy (SCMCommonPlacementPolicy.java:filterNodesWithSpace(287)) - Unable to find enough nodes that meet the space requirement of 1073741824 bytes for metadata and 5368709120 bytes for data in healthy node set. Required 3. Found 2.
2024-02-27 21:37:47,107 [RatisPipelineUtilsThread-0] WARN  scm.SCMCommonPlacementPolicy (SCMCommonPlacementPolicy.java:filterNodesWithSpace(287)) - Unable to find enough nodes that meet the space requirement of 1073741824 bytes for metadata and 5368709120 bytes for data in healthy node set. Required 3. Found 2.
2024-02-27 21:37:47,607 [RatisPipelineUtilsThread-0] WARN  scm.SCMCommonPlacementPolicy (SCMCommonPlacementPolicy.java:filterNodesWithSpace(287)) - Unable to find enough nodes that meet the space requirement of 1073741824 bytes for metadata and 5368709120 bytes for data in healthy node set. Required 3. Found 2.
2024-02-27 21:37:48,108 [RatisPipelineUtilsThread-0] WARN  scm.SCMCommonPlacementPolicy (SCMCommonPlacementPolicy.java:filterNodesWithSpace(287)) - Unable to find enough nodes that meet the space requirement of 1073741824 bytes for metadata and 5368709120 bytes for data in healthy node set. Required 3. Found 2.
2024-02-27 21:37:48,608 [RatisPipelineUtilsThread-0] WARN  scm.SCMCommonPlacementPolicy (SCMCommonPlacementPolicy.java:filterNodesWithSpace(287)) - Unable to find enough nodes that meet the space requirement of 1073741824 bytes for metadata and 5368709120 bytes for data in healthy node set. Required 3. Found 2.
2024-02-27 21:37:48,642 [timer4] WARN  server.GrpcLogAppender (LogUtils.java:warn(121)) - 6d1988e6-d732-42b7-a0ee-62d3ca1ef2f1@group-EE311A528B4F->71df5106-29e4-46d2-b533-d1616e11bc16-AppendLogResponseHandler: Failed appendEntries (Repeated 4 times in the last 5.001s): org.apache.ratis.thirdparty.io.grpc.StatusRuntimeException: UNAVAILABLE: io exception
2024-02-27 21:37:49,109 [RatisPipelineUtilsThread-0] WARN  scm.SCMCommonPlacementPolicy (SCMCommonPlacementPolicy.java:filterNodesWithSpace(287)) - Unable to find enough nodes that meet the space requirement of 1073741824 bytes for metadata and 5368709120 bytes for data in healthy node set. Required 3. Found 2.
2024-02-27 21:37:49,609 [RatisPipelineUtilsThread-0] WARN  scm.SCMCommonPlacementPolicy (SCMCommonPlacementPolicy.java:filterNodesWithSpace(287)) - Unable to find enough nodes that meet the space requirement of 1073741824 bytes for metadata and 5368709120 bytes for data in healthy node set. Required 3. Found 2.
2024-02-27 21:37:50,110 [RatisPipelineUtilsThread-0] WARN  scm.SCMCommonPlacementPolicy (SCMCommonPlacementPolicy.java:filterNodesWithSpace(287)) - Unable to find enough nodes that meet the space requirement of 1073741824 bytes for metadata and 5368709120 bytes for data in healthy node set. Required 3. Found 2.
2024-02-27 21:37:50,610 [RatisPipelineUtilsThread-0] WARN  scm.SCMCommonPlacementPolicy (SCMCommonPlacementPolicy.java:filterNodesWithSpace(287)) - Unable to find enough nodes that meet the space requirement of 1073741824 bytes for metadata and 5368709120 bytes for data in healthy node set. Required 3. Found 2.
2024-02-27 21:37:51,111 [RatisPipelineUtilsThread-0] WARN  scm.SCMCommonPlacementPolicy (SCMCommonPlacementPolicy.java:filterNodesWithSpace(287)) - Unable to find enough nodes that meet the space requirement of 1073741824 bytes for metadata and 5368709120 bytes for data in healthy node set. Required 3. Found 2.
2024-02-27 21:37:51,170 [timer6] WARN  server.GrpcLogAppender (GrpcLogAppender.java:lambda$resetClient$1(217)) - 6d1988e6-d732-42b7-a0ee-62d3ca1ef2f1@group-59E1F7E51CDF->71df5106-29e4-46d2-b533-d1616e11bc16-GrpcLogAppender: Follower failed (request=null, errorCount=36); keep nextIndex (1) unchanged and retry. (Repeated 4 times in the last 5.000s)
2024-02-27 21:37:51,185 [timer0] WARN  server.GrpcLogAppender (LogUtils.java:warn(121)) - 6d1988e6-d732-42b7-a0ee-62d3ca1ef2f1@group-59E1F7E51CDF->71df5106-29e4-46d2-b533-d1616e11bc16-AppendLogResponseHandler: Failed appendEntries (Repeated 2 times in the last 5.002s): org.apache.ratis.thirdparty.io.grpc.StatusRuntimeException: UNAVAILABLE: io exception
2024-02-27 21:37:51,611 [RatisPipelineUtilsThread-0] WARN  scm.SCMCommonPlacementPolicy (SCMCommonPlacementPolicy.java:filterNodesWithSpace(287)) - Unable to find enough nodes that meet the space requirement of 1073741824 bytes for metadata and 5368709120 bytes for data in healthy node set. Required 3. Found 2.
2024-02-27 21:37:51,663 [grpc-default-executor-3] WARN  server.GrpcLogAppender (LogUtils.java:warn(121)) - 6d1988e6-d732-42b7-a0ee-62d3ca1ef2f1@group-59E1F7E51CDF->71df5106-29e4-46d2-b533-d1616e11bc16-AppendLogResponseHandler: Failed appendEntries: org.apache.ratis.thirdparty.io.grpc.StatusRuntimeException: UNAVAILABLE: io exception
2024-02-27 21:37:51,664 [grpc-default-executor-2] WARN  server.GrpcLogAppender (GrpcLogAppender.java:lambda$resetClient$1(217)) - 6d1988e6-d732-42b7-a0ee-62d3ca1ef2f1@group-59E1F7E51CDF->71df5106-29e4-46d2-b533-d1616e11bc16-GrpcLogAppender: Follower failed (request=null, errorCount=37); keep nextIndex (1) unchanged and retry.
2024-02-27 21:37:52,112 [RatisPipelineUtilsThread-0] WARN  scm.SCMCommonPlacementPolicy (SCMCommonPlacementPolicy.java:filterNodesWithSpace(287)) - Unable to find enough nodes that meet the space requirement of 1073741824 bytes for metadata and 5368709120 bytes for data in healthy node set. Required 3. Found 2.
2024-02-27 21:37:52,612 [RatisPipelineUtilsThread-0] WARN  scm.SCMCommonPlacementPolicy (SCMCommonPlacementPolicy.java:filterNodesWithSpace(287)) - Unable to find enough nodes that meet the space requirement of 1073741824 bytes for metadata and 5368709120 bytes for data in healthy node set. Required 3. Found 2.
2024-02-27 21:37:53,113 [RatisPipelineUtilsThread-0] WARN  scm.SCMCommonPlacementPolicy (SCMCommonPlacementPolicy.java:filterNodesWithSpace(287)) - Unable to find enough nodes that meet the space requirement of 1073741824 bytes for metadata and 5368709120 bytes for data in healthy node set. Required 3. Found 2.
2024-02-27 21:37:53,455 [grpc-default-executor-3] WARN  server.GrpcLogAppender (LogUtils.java:warn(121)) - 6d1988e6-d732-42b7-a0ee-62d3ca1ef2f1@group-EE311A528B4F->71df5106-29e4-46d2-b533-d1616e11bc16-AppendLogResponseHandler: Failed appendEntries: org.apache.ratis.thirdparty.io.grpc.StatusRuntimeException: UNAVAILABLE: io exception
2024-02-27 21:37:53,613 [RatisPipelineUtilsThread-0] WARN  scm.SCMCommonPlacementPolicy (SCMCommonPlacementPolicy.java:filterNodesWithSpace(287)) - Unable to find enough nodes that meet the space requirement of 1073741824 bytes for metadata and 5368709120 bytes for data in healthy node set. Required 3. Found 2.
2024-02-27 21:37:54,113 [RatisPipelineUtilsThread-0] WARN  scm.SCMCommonPlacementPolicy (SCMCommonPlacementPolicy.java:filterNodesWithSpace(287)) - Unable to find enough nodes that meet the space requirement of 1073741824 bytes for metadata and 5368709120 bytes for data in healthy node set. Required 3. Found 2.
2024-02-27 21:37:54,614 [RatisPipelineUtilsThread-0] WARN  scm.SCMCommonPlacementPolicy (SCMCommonPlacementPolicy.java:filterNodesWithSpace(287)) - Unable to find enough nodes that meet the space requirement of 1073741824 bytes for metadata and 5368709120 bytes for data in healthy node set. Required 3. Found 2.
2024-02-27 21:37:55,115 [RatisPipelineUtilsThread-0] WARN  scm.SCMCommonPlacementPolicy (SCMCommonPlacementPolicy.java:filterNodesWithSpace(287)) - Unable to find enough nodes that meet the space requirement of 1073741824 bytes for metadata and 5368709120 bytes for data in healthy node set. Required 3. Found 2.
2024-02-27 21:37:55,615 [RatisPipelineUtilsThread-0] WARN  scm.SCMCommonPlacementPolicy (SCMCommonPlacementPolicy.java:filterNodesWithSpace(287)) - Unable to find enough nodes that meet the space requirement of 1073741824 bytes for metadata and 5368709120 bytes for data in healthy node set. Required 3. Found 2.
2024-02-27 21:37:56,116 [RatisPipelineUtilsThread-0] WARN  scm.SCMCommonPlacementPolicy (SCMCommonPlacementPolicy.java:filterNodesWithSpace(287)) - Unable to find enough nodes that meet the space requirement of 1073741824 bytes for metadata and 5368709120 bytes for data in healthy node set. Required 3. Found 2.
2024-02-27 21:37:56,616 [RatisPipelineUtilsThread-0] WARN  scm.SCMCommonPlacementPolicy (SCMCommonPlacementPolicy.java:filterNodesWithSpace(287)) - Unable to find enough nodes that meet the space requirement of 1073741824 bytes for metadata and 5368709120 bytes for data in healthy node set. Required 3. Found 2.
2024-02-27 21:37:56,664 [timer3] WARN  server.GrpcLogAppender (LogUtils.java:warn(121)) - 6d1988e6-d732-42b7-a0ee-62d3ca1ef2f1@group-59E1F7E51CDF->71df5106-29e4-46d2-b533-d1616e11bc16-AppendLogResponseHandler: Failed appendEntries (Repeated 2 times in the last 5.001s): org.apache.ratis.thirdparty.io.grpc.StatusRuntimeException: UNAVAILABLE: io exception
2024-02-27 21:37:56,664 [timer4] WARN  server.GrpcLogAppender (GrpcLogAppender.java:lambda$resetClient$1(217)) - 6d1988e6-d732-42b7-a0ee-62d3ca1ef2f1@group-EE311A528B4F->71df5106-29e4-46d2-b533-d1616e11bc16-GrpcLogAppender: Follower failed (request=null, errorCount=42); keep nextIndex (1) unchanged and retry. (Repeated 4 times in the last 5.000s)
2024-02-27 21:37:57,117 [RatisPipelineUtilsThread-0] WARN  scm.SCMCommonPlacementPolicy (SCMCommonPlacementPolicy.java:filterNodesWithSpace(287)) - Unable to find enough nodes that meet the space requirement of 1073741824 bytes for metadata and 5368709120 bytes for data in healthy node set. Required 3. Found 2.
2024-02-27 21:37:57,354 [71df5106-29e4-46d2-b533-d1616e11bc16-BlockDeletingService#0] INFO  interfaces.ContainerDeletionChoosingPolicyTemplate (ContainerDeletionChoosingPolicyTemplate.java:chooseContainerForBlockDeletion(85)) - Chosen 0/5000 blocks from 0 candidate containers.
2024-02-27 21:37:57,460 [e13e7e3b-b387-4fac-9683-3ea92427a7e8-BlockDeletingService#0] INFO  interfaces.ContainerDeletionChoosingPolicyTemplate (ContainerDeletionChoosingPolicyTemplate.java:chooseContainerForBlockDeletion(85)) - Chosen 0/5000 blocks from 0 candidate containers.
2024-02-27 21:37:57,473 [grpc-default-executor-3] WARN  server.GrpcLogAppender (LogUtils.java:warn(121)) - 6d1988e6-d732-42b7-a0ee-62d3ca1ef2f1@group-59E1F7E51CDF->71df5106-29e4-46d2-b533-d1616e11bc16-AppendLogResponseHandler: Failed appendEntries: org.apache.ratis.thirdparty.io.grpc.StatusRuntimeException: UNAVAILABLE: io exception
2024-02-27 21:37:57,474 [grpc-default-executor-2] WARN  server.GrpcLogAppender (GrpcLogAppender.java:lambda$resetClient$1(217)) - 6d1988e6-d732-42b7-a0ee-62d3ca1ef2f1@group-59E1F7E51CDF->71df5106-29e4-46d2-b533-d1616e11bc16-GrpcLogAppender: Follower failed (request=null, errorCount=39); keep nextIndex (1) unchanged and retry.
2024-02-27 21:37:57,571 [6d1988e6-d732-42b7-a0ee-62d3ca1ef2f1-BlockDeletingService#0] INFO  interfaces.ContainerDeletionChoosingPolicyTemplate (ContainerDeletionChoosingPolicyTemplate.java:chooseContainerForBlockDeletion(85)) - Chosen 0/5000 blocks from 0 candidate containers.
2024-02-27 21:37:57,617 [RatisPipelineUtilsThread-0] WARN  scm.SCMCommonPlacementPolicy (SCMCommonPlacementPolicy.java:filterNodesWithSpace(287)) - Unable to find enough nodes that meet the space requirement of 1073741824 bytes for metadata and 5368709120 bytes for data in healthy node set. Required 3. Found 2.
2024-02-27 21:37:58,118 [RatisPipelineUtilsThread-0] WARN  scm.SCMCommonPlacementPolicy (SCMCommonPlacementPolicy.java:filterNodesWithSpace(287)) - Unable to find enough nodes that meet the space requirement of 1073741824 bytes for metadata and 5368709120 bytes for data in healthy node set. Required 3. Found 2.
2024-02-27 21:37:58,456 [timer0] WARN  server.GrpcLogAppender (LogUtils.java:warn(121)) - 6d1988e6-d732-42b7-a0ee-62d3ca1ef2f1@group-EE311A528B4F->71df5106-29e4-46d2-b533-d1616e11bc16-AppendLogResponseHandler: Failed appendEntries (Repeated 2 times in the last 5.001s): org.apache.ratis.thirdparty.io.grpc.StatusRuntimeException: UNAVAILABLE: io exception
2024-02-27 21:37:58,618 [RatisPipelineUtilsThread-0] WARN  scm.SCMCommonPlacementPolicy (SCMCommonPlacementPolicy.java:filterNodesWithSpace(287)) - Unable to find enough nodes that meet the space requirement of 1073741824 bytes for metadata and 5368709120 bytes for data in healthy node set. Required 3. Found 2.
2024-02-27 21:37:59,118 [RatisPipelineUtilsThread-0] WARN  scm.SCMCommonPlacementPolicy (SCMCommonPlacementPolicy.java:filterNodesWithSpace(287)) - Unable to find enough nodes that meet the space requirement of 1073741824 bytes for metadata and 5368709120 bytes for data in healthy node set. Required 3. Found 2.
2024-02-27 21:37:59,619 [RatisPipelineUtilsThread-0] WARN  scm.SCMCommonPlacementPolicy (SCMCommonPlacementPolicy.java:filterNodesWithSpace(287)) - Unable to find enough nodes that meet the space requirement of 1073741824 bytes for metadata and 5368709120 bytes for data in healthy node set. Required 3. Found 2.
2024-02-27 21:38:00,056 [grpc-default-executor-3] WARN  server.GrpcLogAppender (LogUtils.java:warn(121)) - 6d1988e6-d732-42b7-a0ee-62d3ca1ef2f1@group-EE311A528B4F->71df5106-29e4-46d2-b533-d1616e11bc16-AppendLogResponseHandler: Failed appendEntries: org.apache.ratis.thirdparty.io.grpc.StatusRuntimeException: UNAVAILABLE: io exception
2024-02-27 21:38:00,119 [RatisPipelineUtilsThread-0] WARN  scm.SCMCommonPlacementPolicy (SCMCommonPlacementPolicy.java:filterNodesWithSpace(287)) - Unable to find enough nodes that meet the space requirement of 1073741824 bytes for metadata and 5368709120 bytes for data in healthy node set. Required 3. Found 2.
2024-02-27 21:38:00,620 [RatisPipelineUtilsThread-0] WARN  scm.SCMCommonPlacementPolicy (SCMCommonPlacementPolicy.java:filterNodesWithSpace(287)) - Unable to find enough nodes that meet the space requirement of 1073741824 bytes for metadata and 5368709120 bytes for data in healthy node set. Required 3. Found 2.
2024-02-27 21:38:01,120 [RatisPipelineUtilsThread-0] WARN  scm.SCMCommonPlacementPolicy (SCMCommonPlacementPolicy.java:filterNodesWithSpace(287)) - Unable to find enough nodes that meet the space requirement of 1073741824 bytes for metadata and 5368709120 bytes for data in healthy node set. Required 3. Found 2.
2024-02-27 21:38:01,621 [RatisPipelineUtilsThread-0] WARN  scm.SCMCommonPlacementPolicy (SCMCommonPlacementPolicy.java:filterNodesWithSpace(287)) - Unable to find enough nodes that meet the space requirement of 1073741824 bytes for metadata and 5368709120 bytes for data in healthy node set. Required 3. Found 2.
2024-02-27 21:38:02,121 [RatisPipelineUtilsThread-0] WARN  scm.SCMCommonPlacementPolicy (SCMCommonPlacementPolicy.java:filterNodesWithSpace(287)) - Unable to find enough nodes that meet the space requirement of 1073741824 bytes for metadata and 5368709120 bytes for data in healthy node set. Required 3. Found 2.
2024-02-27 21:38:02,474 [timer2] WARN  server.GrpcLogAppender (LogUtils.java:warn(121)) - 6d1988e6-d732-42b7-a0ee-62d3ca1ef2f1@group-59E1F7E51CDF->71df5106-29e4-46d2-b533-d1616e11bc16-AppendLogResponseHandler: Failed appendEntries (Repeated 4 times in the last 5.001s): org.apache.ratis.thirdparty.io.grpc.StatusRuntimeException: UNAVAILABLE: io exception
2024-02-27 21:38:02,474 [timer3] WARN  server.GrpcLogAppender (GrpcLogAppender.java:lambda$resetClient$1(217)) - 6d1988e6-d732-42b7-a0ee-62d3ca1ef2f1@group-59E1F7E51CDF->71df5106-29e4-46d2-b533-d1616e11bc16-GrpcLogAppender: Follower failed (request=null, errorCount=42); keep nextIndex (1) unchanged and retry. (Repeated 6 times in the last 5.000s)
2024-02-27 21:38:02,622 [RatisPipelineUtilsThread-0] WARN  scm.SCMCommonPlacementPolicy (SCMCommonPlacementPolicy.java:filterNodesWithSpace(287)) - Unable to find enough nodes that meet the space requirement of 1073741824 bytes for metadata and 5368709120 bytes for data in healthy node set. Required 3. Found 2.
2024-02-27 21:38:02,936 [grpc-default-executor-2] WARN  server.GrpcLogAppender (LogUtils.java:warn(121)) - 6d1988e6-d732-42b7-a0ee-62d3ca1ef2f1@group-59E1F7E51CDF->71df5106-29e4-46d2-b533-d1616e11bc16-AppendLogResponseHandler: Failed appendEntries: org.apache.ratis.thirdparty.io.grpc.StatusRuntimeException: UNAVAILABLE: io exception
2024-02-27 21:38:02,937 [grpc-default-executor-3] WARN  server.GrpcLogAppender (GrpcLogAppender.java:lambda$resetClient$1(217)) - 6d1988e6-d732-42b7-a0ee-62d3ca1ef2f1@group-59E1F7E51CDF->71df5106-29e4-46d2-b533-d1616e11bc16-GrpcLogAppender: Follower failed (request=null, errorCount=43); keep nextIndex (1) unchanged and retry.
2024-02-27 21:38:03,122 [RatisPipelineUtilsThread-0] WARN  scm.SCMCommonPlacementPolicy (SCMCommonPlacementPolicy.java:filterNodesWithSpace(287)) - Unable to find enough nodes that meet the space requirement of 1073741824 bytes for metadata and 5368709120 bytes for data in healthy node set. Required 3. Found 2.
2024-02-27 21:38:03,623 [RatisPipelineUtilsThread-0] WARN  scm.SCMCommonPlacementPolicy (SCMCommonPlacementPolicy.java:filterNodesWithSpace(287)) - Unable to find enough nodes that meet the space requirement of 1073741824 bytes for metadata and 5368709120 bytes for data in healthy node set. Required 3. Found 2.
2024-02-27 21:38:04,123 [RatisPipelineUtilsThread-0] WARN  scm.SCMCommonPlacementPolicy (SCMCommonPlacementPolicy.java:filterNodesWithSpace(287)) - Unable to find enough nodes that meet the space requirement of 1073741824 bytes for metadata and 5368709120 bytes for data in healthy node set. Required 3. Found 2.
2024-02-27 21:38:04,624 [RatisPipelineUtilsThread-0] WARN  scm.SCMCommonPlacementPolicy (SCMCommonPlacementPolicy.java:filterNodesWithSpace(287)) - Unable to find enough nodes that meet the space requirement of 1073741824 bytes for metadata and 5368709120 bytes for data in healthy node set. Required 3. Found 2.
2024-02-27 21:38:05,057 [timer6] WARN  server.GrpcLogAppender (LogUtils.java:warn(121)) - 6d1988e6-d732-42b7-a0ee-62d3ca1ef2f1@group-EE311A528B4F->71df5106-29e4-46d2-b533-d1616e11bc16-AppendLogResponseHandler: Failed appendEntries (Repeated 4 times in the last 5.001s): org.apache.ratis.thirdparty.io.grpc.StatusRuntimeException: UNAVAILABLE: io exception
2024-02-27 21:38:05,124 [RatisPipelineUtilsThread-0] WARN  scm.SCMCommonPlacementPolicy (SCMCommonPlacementPolicy.java:filterNodesWithSpace(287)) - Unable to find enough nodes that meet the space requirement of 1073741824 bytes for metadata and 5368709120 bytes for data in healthy node set. Required 3. Found 2.
2024-02-27 21:38:05,625 [RatisPipelineUtilsThread-0] WARN  scm.SCMCommonPlacementPolicy (SCMCommonPlacementPolicy.java:filterNodesWithSpace(287)) - Unable to find enough nodes that meet the space requirement of 1073741824 bytes for metadata and 5368709120 bytes for data in healthy node set. Required 3. Found 2.
2024-02-27 21:38:06,125 [RatisPipelineUtilsThread-0] WARN  scm.SCMCommonPlacementPolicy (SCMCommonPlacementPolicy.java:filterNodesWithSpace(287)) - Unable to find enough nodes that meet the space requirement of 1073741824 bytes for metadata and 5368709120 bytes for data in healthy node set. Required 3. Found 2.
2024-02-27 21:38:06,626 [RatisPipelineUtilsThread-0] WARN  scm.SCMCommonPlacementPolicy (SCMCommonPlacementPolicy.java:filterNodesWithSpace(287)) - Unable to find enough nodes that meet the space requirement of 1073741824 bytes for metadata and 5368709120 bytes for data in healthy node set. Required 3. Found 2.
2024-02-27 21:38:07,126 [RatisPipelineUtilsThread-0] WARN  scm.SCMCommonPlacementPolicy (SCMCommonPlacementPolicy.java:filterNodesWithSpace(287)) - Unable to find enough nodes that meet the space requirement of 1073741824 bytes for metadata and 5368709120 bytes for data in healthy node set. Required 3. Found 2.
2024-02-27 21:38:07,535 [grpc-default-executor-2] WARN  server.GrpcLogAppender (LogUtils.java:warn(121)) - 6d1988e6-d732-42b7-a0ee-62d3ca1ef2f1@group-EE311A528B4F->71df5106-29e4-46d2-b533-d1616e11bc16-AppendLogResponseHandler: Failed appendEntries: org.apache.ratis.thirdparty.io.grpc.StatusRuntimeException: UNAVAILABLE: io exception
2024-02-27 21:38:07,627 [RatisPipelineUtilsThread-0] WARN  scm.SCMCommonPlacementPolicy (SCMCommonPlacementPolicy.java:filterNodesWithSpace(287)) - Unable to find enough nodes that meet the space requirement of 1073741824 bytes for metadata and 5368709120 bytes for data in healthy node set. Required 3. Found 2.
2024-02-27 21:38:07,937 [timer4] WARN  server.GrpcLogAppender (GrpcLogAppender.java:lambda$resetClient$1(217)) - 6d1988e6-d732-42b7-a0ee-62d3ca1ef2f1@group-EE311A528B4F->71df5106-29e4-46d2-b533-d1616e11bc16-GrpcLogAppender: Follower failed (request=null, errorCount=48); keep nextIndex (1) unchanged and retry. (Repeated 8 times in the last 5.000s)
2024-02-27 21:38:07,938 [timer3] WARN  server.GrpcLogAppender (LogUtils.java:warn(121)) - 6d1988e6-d732-42b7-a0ee-62d3ca1ef2f1@group-59E1F7E51CDF->71df5106-29e4-46d2-b533-d1616e11bc16-AppendLogResponseHandler: Failed appendEntries (Repeated 4 times in the last 5.002s): org.apache.ratis.thirdparty.io.grpc.StatusRuntimeException: UNAVAILABLE: io exception
2024-02-27 21:38:08,127 [RatisPipelineUtilsThread-0] WARN  scm.SCMCommonPlacementPolicy (SCMCommonPlacementPolicy.java:filterNodesWithSpace(287)) - Unable to find enough nodes that meet the space requirement of 1073741824 bytes for metadata and 5368709120 bytes for data in healthy node set. Required 3. Found 2.
2024-02-27 21:38:08,628 [RatisPipelineUtilsThread-0] WARN  scm.SCMCommonPlacementPolicy (SCMCommonPlacementPolicy.java:filterNodesWithSpace(287)) - Unable to find enough nodes that meet the space requirement of 1073741824 bytes for metadata and 5368709120 bytes for data in healthy node set. Required 3. Found 2.
2024-02-27 21:38:09,129 [RatisPipelineUtilsThread-0] WARN  scm.SCMCommonPlacementPolicy (SCMCommonPlacementPolicy.java:filterNodesWithSpace(287)) - Unable to find enough nodes that meet the space requirement of 1073741824 bytes for metadata and 5368709120 bytes for data in healthy node set. Required 3. Found 2.
2024-02-27 21:38:09,629 [RatisPipelineUtilsThread-0] WARN  scm.SCMCommonPlacementPolicy (SCMCommonPlacementPolicy.java:filterNodesWithSpace(287)) - Unable to find enough nodes that meet the space requirement of 1073741824 bytes for metadata and 5368709120 bytes for data in healthy node set. Required 3. Found 2.
2024-02-27 21:38:09,814 [grpc-default-executor-2] WARN  server.GrpcLogAppender (LogUtils.java:warn(121)) - 6d1988e6-d732-42b7-a0ee-62d3ca1ef2f1@group-59E1F7E51CDF->71df5106-29e4-46d2-b533-d1616e11bc16-AppendLogResponseHandler: Failed appendEntries: org.apache.ratis.thirdparty.io.grpc.StatusRuntimeException: UNAVAILABLE: io exception
2024-02-27 21:38:09,815 [grpc-default-executor-3] WARN  server.GrpcLogAppender (GrpcLogAppender.java:lambda$resetClient$1(217)) - 6d1988e6-d732-42b7-a0ee-62d3ca1ef2f1@group-59E1F7E51CDF->71df5106-29e4-46d2-b533-d1616e11bc16-GrpcLogAppender: Follower failed (request=null, errorCount=47); keep nextIndex (1) unchanged and retry.
2024-02-27 21:38:10,130 [RatisPipelineUtilsThread-0] WARN  scm.SCMCommonPlacementPolicy (SCMCommonPlacementPolicy.java:filterNodesWithSpace(287)) - Unable to find enough nodes that meet the space requirement of 1073741824 bytes for metadata and 5368709120 bytes for data in healthy node set. Required 3. Found 2.
2024-02-27 21:38:10,630 [RatisPipelineUtilsThread-0] WARN  scm.SCMCommonPlacementPolicy (SCMCommonPlacementPolicy.java:filterNodesWithSpace(287)) - Unable to find enough nodes that meet the space requirement of 1073741824 bytes for metadata and 5368709120 bytes for data in healthy node set. Required 3. Found 2.
2024-02-27 21:38:11,131 [RatisPipelineUtilsThread-0] WARN  scm.SCMCommonPlacementPolicy (SCMCommonPlacementPolicy.java:filterNodesWithSpace(287)) - Unable to find enough nodes that meet the space requirement of 1073741824 bytes for metadata and 5368709120 bytes for data in healthy node set. Required 3. Found 2.
2024-02-27 21:38:11,631 [RatisPipelineUtilsThread-0] WARN  scm.SCMCommonPlacementPolicy (SCMCommonPlacementPolicy.java:filterNodesWithSpace(287)) - Unable to find enough nodes that meet the space requirement of 1073741824 bytes for metadata and 5368709120 bytes for data in healthy node set. Required 3. Found 2.
2024-02-27 21:38:12,132 [RatisPipelineUtilsThread-0] WARN  scm.SCMCommonPlacementPolicy (SCMCommonPlacementPolicy.java:filterNodesWithSpace(287)) - Unable to find enough nodes that meet the space requirement of 1073741824 bytes for metadata and 5368709120 bytes for data in healthy node set. Required 3. Found 2.
2024-02-27 21:38:12,536 [timer4] WARN  server.GrpcLogAppender (LogUtils.java:warn(121)) - 6d1988e6-d732-42b7-a0ee-62d3ca1ef2f1@group-EE311A528B4F->71df5106-29e4-46d2-b533-d1616e11bc16-AppendLogResponseHandler: Failed appendEntries (Repeated 4 times in the last 5.001s): org.apache.ratis.thirdparty.io.grpc.StatusRuntimeException: UNAVAILABLE: io exception
2024-02-27 21:38:12,632 [RatisPipelineUtilsThread-0] WARN  scm.SCMCommonPlacementPolicy (SCMCommonPlacementPolicy.java:filterNodesWithSpace(287)) - Unable to find enough nodes that meet the space requirement of 1073741824 bytes for metadata and 5368709120 bytes for data in healthy node set. Required 3. Found 2.
2024-02-27 21:38:13,133 [RatisPipelineUtilsThread-0] WARN  scm.SCMCommonPlacementPolicy (SCMCommonPlacementPolicy.java:filterNodesWithSpace(287)) - Unable to find enough nodes that meet the space requirement of 1073741824 bytes for metadata and 5368709120 bytes for data in healthy node set. Required 3. Found 2.
2024-02-27 21:38:13,633 [RatisPipelineUtilsThread-0] WARN  scm.SCMCommonPlacementPolicy (SCMCommonPlacementPolicy.java:filterNodesWithSpace(287)) - Unable to find enough nodes that meet the space requirement of 1073741824 bytes for metadata and 5368709120 bytes for data in healthy node set. Required 3. Found 2.
2024-02-27 21:38:14,134 [RatisPipelineUtilsThread-0] WARN  scm.SCMCommonPlacementPolicy (SCMCommonPlacementPolicy.java:filterNodesWithSpace(287)) - Unable to find enough nodes that meet the space requirement of 1073741824 bytes for metadata and 5368709120 bytes for data in healthy node set. Required 3. Found 2.
2024-02-27 21:38:14,634 [RatisPipelineUtilsThread-0] WARN  scm.SCMCommonPlacementPolicy (SCMCommonPlacementPolicy.java:filterNodesWithSpace(287)) - Unable to find enough nodes that meet the space requirement of 1073741824 bytes for metadata and 5368709120 bytes for data in healthy node set. Required 3. Found 2.
2024-02-27 21:38:14,815 [timer6] WARN  server.GrpcLogAppender (LogUtils.java:warn(121)) - 6d1988e6-d732-42b7-a0ee-62d3ca1ef2f1@group-59E1F7E51CDF->71df5106-29e4-46d2-b533-d1616e11bc16-AppendLogResponseHandler: Failed appendEntries (Repeated 4 times in the last 5.001s): org.apache.ratis.thirdparty.io.grpc.StatusRuntimeException: UNAVAILABLE: io exception
2024-02-27 21:38:14,815 [timer7] WARN  server.GrpcLogAppender (GrpcLogAppender.java:lambda$resetClient$1(217)) - 6d1988e6-d732-42b7-a0ee-62d3ca1ef2f1@group-59E1F7E51CDF->71df5106-29e4-46d2-b533-d1616e11bc16-GrpcLogAppender: Follower failed (request=null, errorCount=50); keep nextIndex (1) unchanged and retry. (Repeated 6 times in the last 5.000s)
2024-02-27 21:38:15,135 [RatisPipelineUtilsThread-0] WARN  scm.SCMCommonPlacementPolicy (SCMCommonPlacementPolicy.java:filterNodesWithSpace(287)) - Unable to find enough nodes that meet the space requirement of 1073741824 bytes for metadata and 5368709120 bytes for data in healthy node set. Required 3. Found 2.
2024-02-27 21:38:15,635 [RatisPipelineUtilsThread-0] WARN  scm.SCMCommonPlacementPolicy (SCMCommonPlacementPolicy.java:filterNodesWithSpace(287)) - Unable to find enough nodes that meet the space requirement of 1073741824 bytes for metadata and 5368709120 bytes for data in healthy node set. Required 3. Found 2.
2024-02-27 21:38:16,136 [RatisPipelineUtilsThread-0] WARN  scm.SCMCommonPlacementPolicy (SCMCommonPlacementPolicy.java:filterNodesWithSpace(287)) - Unable to find enough nodes that meet the space requirement of 1073741824 bytes for metadata and 5368709120 bytes for data in healthy node set. Required 3. Found 2.
2024-02-27 21:38:16,636 [RatisPipelineUtilsThread-0] WARN  scm.SCMCommonPlacementPolicy (SCMCommonPlacementPolicy.java:filterNodesWithSpace(287)) - Unable to find enough nodes that meet the space requirement of 1073741824 bytes for metadata and 5368709120 bytes for data in healthy node set. Required 3. Found 2.
2024-02-27 21:38:17,137 [RatisPipelineUtilsThread-0] WARN  scm.SCMCommonPlacementPolicy (SCMCommonPlacementPolicy.java:filterNodesWithSpace(287)) - Unable to find enough nodes that meet the space requirement of 1073741824 bytes for metadata and 5368709120 bytes for data in healthy node set. Required 3. Found 2.
2024-02-27 21:38:17,637 [RatisPipelineUtilsThread-0] WARN  scm.SCMCommonPlacementPolicy (SCMCommonPlacementPolicy.java:filterNodesWithSpace(287)) - Unable to find enough nodes that meet the space requirement of 1073741824 bytes for metadata and 5368709120 bytes for data in healthy node set. Required 3. Found 2.
2024-02-27 21:38:18,138 [RatisPipelineUtilsThread-0] WARN  scm.SCMCommonPlacementPolicy (SCMCommonPlacementPolicy.java:filterNodesWithSpace(287)) - Unable to find enough nodes that meet the space requirement of 1073741824 bytes for metadata and 5368709120 bytes for data in healthy node set. Required 3. Found 2.
2024-02-27 21:38:18,592 [grpc-default-executor-2] WARN  server.GrpcLogAppender (LogUtils.java:warn(121)) - 6d1988e6-d732-42b7-a0ee-62d3ca1ef2f1@group-EE311A528B4F->71df5106-29e4-46d2-b533-d1616e11bc16-AppendLogResponseHandler: Failed appendEntries: org.apache.ratis.thirdparty.io.grpc.StatusRuntimeException: UNAVAILABLE: io exception
2024-02-27 21:38:18,593 [grpc-default-executor-3] WARN  server.GrpcLogAppender (GrpcLogAppender.java:lambda$resetClient$1(217)) - 6d1988e6-d732-42b7-a0ee-62d3ca1ef2f1@group-EE311A528B4F->71df5106-29e4-46d2-b533-d1616e11bc16-GrpcLogAppender: Follower failed (request=null, errorCount=51); keep nextIndex (1) unchanged and retry.
2024-02-27 21:38:18,638 [RatisPipelineUtilsThread-0] WARN  scm.SCMCommonPlacementPolicy (SCMCommonPlacementPolicy.java:filterNodesWithSpace(287)) - Unable to find enough nodes that meet the space requirement of 1073741824 bytes for metadata and 5368709120 bytes for data in healthy node set. Required 3. Found 2.
2024-02-27 21:38:18,740 [grpc-default-executor-2] WARN  server.GrpcLogAppender (LogUtils.java:warn(121)) - 6d1988e6-d732-42b7-a0ee-62d3ca1ef2f1@group-59E1F7E51CDF->71df5106-29e4-46d2-b533-d1616e11bc16-AppendLogResponseHandler: Failed appendEntries: org.apache.ratis.thirdparty.io.grpc.StatusRuntimeException: UNAVAILABLE: io exception
2024-02-27 21:38:19,139 [RatisPipelineUtilsThread-0] WARN  scm.SCMCommonPlacementPolicy (SCMCommonPlacementPolicy.java:filterNodesWithSpace(287)) - Unable to find enough nodes that meet the space requirement of 1073741824 bytes for metadata and 5368709120 bytes for data in healthy node set. Required 3. Found 2.
2024-02-27 21:38:19,639 [RatisPipelineUtilsThread-0] WARN  scm.SCMCommonPlacementPolicy (SCMCommonPlacementPolicy.java:filterNodesWithSpace(287)) - Unable to find enough nodes that meet the space requirement of 1073741824 bytes for metadata and 5368709120 bytes for data in healthy node set. Required 3. Found 2.
2024-02-27 21:38:20,139 [RatisPipelineUtilsThread-0] WARN  scm.SCMCommonPlacementPolicy (SCMCommonPlacementPolicy.java:filterNodesWithSpace(287)) - Unable to find enough nodes that meet the space requirement of 1073741824 bytes for metadata and 5368709120 bytes for data in healthy node set. Required 3. Found 2.
2024-02-27 21:38:20,640 [RatisPipelineUtilsThread-0] WARN  scm.SCMCommonPlacementPolicy (SCMCommonPlacementPolicy.java:filterNodesWithSpace(287)) - Unable to find enough nodes that meet the space requirement of 1073741824 bytes for metadata and 5368709120 bytes for data in healthy node set. Required 3. Found 2.
2024-02-27 21:38:21,140 [RatisPipelineUtilsThread-0] WARN  scm.SCMCommonPlacementPolicy (SCMCommonPlacementPolicy.java:filterNodesWithSpace(287)) - Unable to find enough nodes that meet the space requirement of 1073741824 bytes for metadata and 5368709120 bytes for data in healthy node set. Required 3. Found 2.
2024-02-27 21:38:21,641 [RatisPipelineUtilsThread-0] WARN  scm.SCMCommonPlacementPolicy (SCMCommonPlacementPolicy.java:filterNodesWithSpace(287)) - Unable to find enough nodes that meet the space requirement of 1073741824 bytes for metadata and 5368709120 bytes for data in healthy node set. Required 3. Found 2.
2024-02-27 21:38:22,141 [RatisPipelineUtilsThread-0] WARN  scm.SCMCommonPlacementPolicy (SCMCommonPlacementPolicy.java:filterNodesWithSpace(287)) - Unable to find enough nodes that meet the space requirement of 1073741824 bytes for metadata and 5368709120 bytes for data in healthy node set. Required 3. Found 2.
2024-02-27 21:38:22,642 [RatisPipelineUtilsThread-0] WARN  scm.SCMCommonPlacementPolicy (SCMCommonPlacementPolicy.java:filterNodesWithSpace(287)) - Unable to find enough nodes that meet the space requirement of 1073741824 bytes for metadata and 5368709120 bytes for data in healthy node set. Required 3. Found 2.
2024-02-27 21:38:23,142 [RatisPipelineUtilsThread-0] WARN  scm.SCMCommonPlacementPolicy (SCMCommonPlacementPolicy.java:filterNodesWithSpace(287)) - Unable to find enough nodes that meet the space requirement of 1073741824 bytes for metadata and 5368709120 bytes for data in healthy node set. Required 3. Found 2.
2024-02-27 21:38:23,593 [timer1] WARN  server.GrpcLogAppender (LogUtils.java:warn(121)) - 6d1988e6-d732-42b7-a0ee-62d3ca1ef2f1@group-EE311A528B4F->71df5106-29e4-46d2-b533-d1616e11bc16-AppendLogResponseHandler: Failed appendEntries (Repeated 4 times in the last 5.001s): org.apache.ratis.thirdparty.io.grpc.StatusRuntimeException: UNAVAILABLE: io exception
2024-02-27 21:38:23,593 [timer2] WARN  server.GrpcLogAppender (GrpcLogAppender.java:lambda$resetClient$1(217)) - 6d1988e6-d732-42b7-a0ee-62d3ca1ef2f1@group-EE311A528B4F->71df5106-29e4-46d2-b533-d1616e11bc16-GrpcLogAppender: Follower failed (request=null, errorCount=54); keep nextIndex (1) unchanged and retry. (Repeated 6 times in the last 5.000s)
2024-02-27 21:38:23,642 [RatisPipelineUtilsThread-0] WARN  scm.SCMCommonPlacementPolicy (SCMCommonPlacementPolicy.java:filterNodesWithSpace(287)) - Unable to find enough nodes that meet the space requirement of 1073741824 bytes for metadata and 5368709120 bytes for data in healthy node set. Required 3. Found 2.
2024-02-27 21:38:23,740 [timer4] WARN  server.GrpcLogAppender (LogUtils.java:warn(121)) - 6d1988e6-d732-42b7-a0ee-62d3ca1ef2f1@group-59E1F7E51CDF->71df5106-29e4-46d2-b533-d1616e11bc16-AppendLogResponseHandler: Failed appendEntries (Repeated 2 times in the last 5.000s): org.apache.ratis.thirdparty.io.grpc.StatusRuntimeException: UNAVAILABLE: io exception
2024-02-27 21:38:23,946 [grpc-default-executor-3] WARN  server.GrpcLogAppender (LogUtils.java:warn(121)) - 6d1988e6-d732-42b7-a0ee-62d3ca1ef2f1@group-59E1F7E51CDF->71df5106-29e4-46d2-b533-d1616e11bc16-AppendLogResponseHandler: Failed appendEntries: org.apache.ratis.thirdparty.io.grpc.StatusRuntimeException: UNAVAILABLE: io exception
2024-02-27 21:38:23,947 [grpc-default-executor-2] WARN  server.GrpcLogAppender (GrpcLogAppender.java:lambda$resetClient$1(217)) - 6d1988e6-d732-42b7-a0ee-62d3ca1ef2f1@group-59E1F7E51CDF->71df5106-29e4-46d2-b533-d1616e11bc16-GrpcLogAppender: Follower failed (request=null, errorCount=53); keep nextIndex (1) unchanged and retry.
2024-02-27 21:38:24,143 [RatisPipelineUtilsThread-0] WARN  scm.SCMCommonPlacementPolicy (SCMCommonPlacementPolicy.java:filterNodesWithSpace(287)) - Unable to find enough nodes that meet the space requirement of 1073741824 bytes for metadata and 5368709120 bytes for data in healthy node set. Required 3. Found 2.
2024-02-27 21:38:24,643 [RatisPipelineUtilsThread-0] WARN  scm.SCMCommonPlacementPolicy (SCMCommonPlacementPolicy.java:filterNodesWithSpace(287)) - Unable to find enough nodes that meet the space requirement of 1073741824 bytes for metadata and 5368709120 bytes for data in healthy node set. Required 3. Found 2.
2024-02-27 21:38:25,144 [RatisPipelineUtilsThread-0] WARN  scm.SCMCommonPlacementPolicy (SCMCommonPlacementPolicy.java:filterNodesWithSpace(287)) - Unable to find enough nodes that meet the space requirement of 1073741824 bytes for metadata and 5368709120 bytes for data in healthy node set. Required 3. Found 2.
2024-02-27 21:38:25,644 [RatisPipelineUtilsThread-0] WARN  scm.SCMCommonPlacementPolicy (SCMCommonPlacementPolicy.java:filterNodesWithSpace(287)) - Unable to find enough nodes that meet the space requirement of 1073741824 bytes for metadata and 5368709120 bytes for data in healthy node set. Required 3. Found 2.
2024-02-27 21:38:25,828 [grpc-default-executor-3] WARN  server.GrpcLogAppender (LogUtils.java:warn(121)) - 6d1988e6-d732-42b7-a0ee-62d3ca1ef2f1@group-EE311A528B4F->71df5106-29e4-46d2-b533-d1616e11bc16-AppendLogResponseHandler: Failed appendEntries: org.apache.ratis.thirdparty.io.grpc.StatusRuntimeException: UNAVAILABLE: io exception
2024-02-27 21:38:26,145 [RatisPipelineUtilsThread-0] WARN  scm.SCMCommonPlacementPolicy (SCMCommonPlacementPolicy.java:filterNodesWithSpace(287)) - Unable to find enough nodes that meet the space requirement of 1073741824 bytes for metadata and 5368709120 bytes for data in healthy node set. Required 3. Found 2.
2024-02-27 21:38:26,645 [RatisPipelineUtilsThread-0] WARN  scm.SCMCommonPlacementPolicy (SCMCommonPlacementPolicy.java:filterNodesWithSpace(287)) - Unable to find enough nodes that meet the space requirement of 1073741824 bytes for metadata and 5368709120 bytes for data in healthy node set. Required 3. Found 2.
2024-02-27 21:38:27,146 [RatisPipelineUtilsThread-0] WARN  scm.SCMCommonPlacementPolicy (SCMCommonPlacementPolicy.java:filterNodesWithSpace(287)) - Unable to find enough nodes that meet the space requirement of 1073741824 bytes for metadata and 5368709120 bytes for data in healthy node set. Required 3. Found 2.
2024-02-27 21:38:27,646 [RatisPipelineUtilsThread-0] WARN  scm.SCMCommonPlacementPolicy (SCMCommonPlacementPolicy.java:filterNodesWithSpace(287)) - Unable to find enough nodes that meet the space requirement of 1073741824 bytes for metadata and 5368709120 bytes for data in healthy node set. Required 3. Found 2.
2024-02-27 21:38:28,147 [RatisPipelineUtilsThread-0] WARN  scm.SCMCommonPlacementPolicy (SCMCommonPlacementPolicy.java:filterNodesWithSpace(287)) - Unable to find enough nodes that meet the space requirement of 1073741824 bytes for metadata and 5368709120 bytes for data in healthy node set. Required 3. Found 2.
2024-02-27 21:38:28,647 [RatisPipelineUtilsThread-0] WARN  scm.SCMCommonPlacementPolicy (SCMCommonPlacementPolicy.java:filterNodesWithSpace(287)) - Unable to find enough nodes that meet the space requirement of 1073741824 bytes for metadata and 5368709120 bytes for data in healthy node set. Required 3. Found 2.
2024-02-27 21:38:28,947 [timer6] WARN  server.GrpcLogAppender (GrpcLogAppender.java:lambda$resetClient$1(217)) - 6d1988e6-d732-42b7-a0ee-62d3ca1ef2f1@group-EE311A528B4F->71df5106-29e4-46d2-b533-d1616e11bc16-GrpcLogAppender: Follower failed (request=null, errorCount=56); keep nextIndex (1) unchanged and retry. (Repeated 4 times in the last 5.000s)
2024-02-27 21:38:28,947 [timer5] WARN  server.GrpcLogAppender (LogUtils.java:warn(121)) - 6d1988e6-d732-42b7-a0ee-62d3ca1ef2f1@group-59E1F7E51CDF->71df5106-29e4-46d2-b533-d1616e11bc16-AppendLogResponseHandler: Failed appendEntries (Repeated 2 times in the last 5.001s): org.apache.ratis.thirdparty.io.grpc.StatusRuntimeException: UNAVAILABLE: io exception
2024-02-27 21:38:29,148 [RatisPipelineUtilsThread-0] WARN  scm.SCMCommonPlacementPolicy (SCMCommonPlacementPolicy.java:filterNodesWithSpace(287)) - Unable to find enough nodes that meet the space requirement of 1073741824 bytes for metadata and 5368709120 bytes for data in healthy node set. Required 3. Found 2.
2024-02-27 21:38:29,365 [grpc-default-executor-3] WARN  server.GrpcLogAppender (LogUtils.java:warn(121)) - 6d1988e6-d732-42b7-a0ee-62d3ca1ef2f1@group-59E1F7E51CDF->71df5106-29e4-46d2-b533-d1616e11bc16-AppendLogResponseHandler: Failed appendEntries: org.apache.ratis.thirdparty.io.grpc.StatusRuntimeException: UNAVAILABLE: io exception
2024-02-27 21:38:29,366 [grpc-default-executor-2] WARN  server.GrpcLogAppender (GrpcLogAppender.java:lambda$resetClient$1(217)) - 6d1988e6-d732-42b7-a0ee-62d3ca1ef2f1@group-59E1F7E51CDF->71df5106-29e4-46d2-b533-d1616e11bc16-GrpcLogAppender: Follower failed (request=null, errorCount=55); keep nextIndex (1) unchanged and retry.
2024-02-27 21:38:29,648 [RatisPipelineUtilsThread-0] WARN  scm.SCMCommonPlacementPolicy (SCMCommonPlacementPolicy.java:filterNodesWithSpace(287)) - Unable to find enough nodes that meet the space requirement of 1073741824 bytes for metadata and 5368709120 bytes for data in healthy node set. Required 3. Found 2.
2024-02-27 21:38:30,149 [RatisPipelineUtilsThread-0] WARN  scm.SCMCommonPlacementPolicy (SCMCommonPlacementPolicy.java:filterNodesWithSpace(287)) - Unable to find enough nodes that meet the space requirement of 1073741824 bytes for metadata and 5368709120 bytes for data in healthy node set. Required 3. Found 2.
2024-02-27 21:38:30,649 [RatisPipelineUtilsThread-0] WARN  scm.SCMCommonPlacementPolicy (SCMCommonPlacementPolicy.java:filterNodesWithSpace(287)) - Unable to find enough nodes that meet the space requirement of 1073741824 bytes for metadata and 5368709120 bytes for data in healthy node set. Required 3. Found 2.
2024-02-27 21:38:30,829 [timer6] WARN  server.GrpcLogAppender (LogUtils.java:warn(121)) - 6d1988e6-d732-42b7-a0ee-62d3ca1ef2f1@group-EE311A528B4F->71df5106-29e4-46d2-b533-d1616e11bc16-AppendLogResponseHandler: Failed appendEntries (Repeated 2 times in the last 5.001s): org.apache.ratis.thirdparty.io.grpc.StatusRuntimeException: UNAVAILABLE: io exception
2024-02-27 21:38:31,149 [RatisPipelineUtilsThread-0] WARN  scm.SCMCommonPlacementPolicy (SCMCommonPlacementPolicy.java:filterNodesWithSpace(287)) - Unable to find enough nodes that meet the space requirement of 1073741824 bytes for metadata and 5368709120 bytes for data in healthy node set. Required 3. Found 2.
2024-02-27 21:38:31,519 [grpc-default-executor-3] WARN  server.GrpcLogAppender (LogUtils.java:warn(121)) - 6d1988e6-d732-42b7-a0ee-62d3ca1ef2f1@group-EE311A528B4F->71df5106-29e4-46d2-b533-d1616e11bc16-AppendLogResponseHandler: Failed appendEntries: org.apache.ratis.thirdparty.io.grpc.StatusRuntimeException: UNAVAILABLE: io exception
2024-02-27 21:38:31,650 [RatisPipelineUtilsThread-0] WARN  scm.SCMCommonPlacementPolicy (SCMCommonPlacementPolicy.java:filterNodesWithSpace(287)) - Unable to find enough nodes that meet the space requirement of 1073741824 bytes for metadata and 5368709120 bytes for data in healthy node set. Required 3. Found 2.
2024-02-27 21:38:32,150 [RatisPipelineUtilsThread-0] WARN  scm.SCMCommonPlacementPolicy (SCMCommonPlacementPolicy.java:filterNodesWithSpace(287)) - Unable to find enough nodes that meet the space requirement of 1073741824 bytes for metadata and 5368709120 bytes for data in healthy node set. Required 3. Found 2.
2024-02-27 21:38:32,650 [RatisPipelineUtilsThread-0] WARN  scm.SCMCommonPlacementPolicy (SCMCommonPlacementPolicy.java:filterNodesWithSpace(287)) - Unable to find enough nodes that meet the space requirement of 1073741824 bytes for metadata and 5368709120 bytes for data in healthy node set. Required 3. Found 2.
2024-02-27 21:38:33,151 [RatisPipelineUtilsThread-0] WARN  scm.SCMCommonPlacementPolicy (SCMCommonPlacementPolicy.java:filterNodesWithSpace(287)) - Unable to find enough nodes that meet the space requirement of 1073741824 bytes for metadata and 5368709120 bytes for data in healthy node set. Required 3. Found 2.
2024-02-27 21:38:33,651 [RatisPipelineUtilsThread-0] WARN  scm.SCMCommonPlacementPolicy (SCMCommonPlacementPolicy.java:filterNodesWithSpace(287)) - Unable to find enough nodes that meet the space requirement of 1073741824 bytes for metadata and 5368709120 bytes for data in healthy node set. Required 3. Found 2.
2024-02-27 21:38:34,152 [RatisPipelineUtilsThread-0] WARN  scm.SCMCommonPlacementPolicy (SCMCommonPlacementPolicy.java:filterNodesWithSpace(287)) - Unable to find enough nodes that meet the space requirement of 1073741824 bytes for metadata and 5368709120 bytes for data in healthy node set. Required 3. Found 2.
2024-02-27 21:38:34,365 [timer1] WARN  server.GrpcLogAppender (LogUtils.java:warn(121)) - 6d1988e6-d732-42b7-a0ee-62d3ca1ef2f1@group-59E1F7E51CDF->71df5106-29e4-46d2-b533-d1616e11bc16-AppendLogResponseHandler: Failed appendEntries (Repeated 4 times in the last 5.001s): org.apache.ratis.thirdparty.io.grpc.StatusRuntimeException: UNAVAILABLE: io exception
2024-02-27 21:38:34,366 [timer2] WARN  server.GrpcLogAppender (GrpcLogAppender.java:lambda$resetClient$1(217)) - 6d1988e6-d732-42b7-a0ee-62d3ca1ef2f1@group-EE311A528B4F->71df5106-29e4-46d2-b533-d1616e11bc16-GrpcLogAppender: Follower failed (request=null, errorCount=60); keep nextIndex (1) unchanged and retry. (Repeated 8 times in the last 5.000s)
2024-02-27 21:38:34,652 [RatisPipelineUtilsThread-0] WARN  scm.SCMCommonPlacementPolicy (SCMCommonPlacementPolicy.java:filterNodesWithSpace(287)) - Unable to find enough nodes that meet the space requirement of 1073741824 bytes for metadata and 5368709120 bytes for data in healthy node set. Required 3. Found 2.
2024-02-27 21:38:35,153 [RatisPipelineUtilsThread-0] WARN  scm.SCMCommonPlacementPolicy (SCMCommonPlacementPolicy.java:filterNodesWithSpace(287)) - Unable to find enough nodes that meet the space requirement of 1073741824 bytes for metadata and 5368709120 bytes for data in healthy node set. Required 3. Found 2.
2024-02-27 21:38:35,653 [RatisPipelineUtilsThread-0] WARN  scm.SCMCommonPlacementPolicy (SCMCommonPlacementPolicy.java:filterNodesWithSpace(287)) - Unable to find enough nodes that meet the space requirement of 1073741824 bytes for metadata and 5368709120 bytes for data in healthy node set. Required 3. Found 2.
2024-02-27 21:38:36,153 [RatisPipelineUtilsThread-0] WARN  scm.SCMCommonPlacementPolicy (SCMCommonPlacementPolicy.java:filterNodesWithSpace(287)) - Unable to find enough nodes that meet the space requirement of 1073741824 bytes for metadata and 5368709120 bytes for data in healthy node set. Required 3. Found 2.
2024-02-27 21:38:36,520 [timer0] WARN  server.GrpcLogAppender (LogUtils.java:warn(121)) - 6d1988e6-d732-42b7-a0ee-62d3ca1ef2f1@group-EE311A528B4F->71df5106-29e4-46d2-b533-d1616e11bc16-AppendLogResponseHandler: Failed appendEntries (Repeated 4 times in the last 5.001s): org.apache.ratis.thirdparty.io.grpc.StatusRuntimeException: UNAVAILABLE: io exception
2024-02-27 21:38:36,654 [RatisPipelineUtilsThread-0] WARN  scm.SCMCommonPlacementPolicy (SCMCommonPlacementPolicy.java:filterNodesWithSpace(287)) - Unable to find enough nodes that meet the space requirement of 1073741824 bytes for metadata and 5368709120 bytes for data in healthy node set. Required 3. Found 2.
2024-02-27 21:38:36,698 [grpc-default-executor-3] WARN  server.GrpcLogAppender (LogUtils.java:warn(121)) - 6d1988e6-d732-42b7-a0ee-62d3ca1ef2f1@group-EE311A528B4F->71df5106-29e4-46d2-b533-d1616e11bc16-AppendLogResponseHandler: Failed appendEntries: org.apache.ratis.thirdparty.io.grpc.StatusRuntimeException: UNAVAILABLE: io exception
2024-02-27 21:38:36,699 [grpc-default-executor-2] WARN  server.GrpcLogAppender (GrpcLogAppender.java:lambda$resetClient$1(217)) - 6d1988e6-d732-42b7-a0ee-62d3ca1ef2f1@group-EE311A528B4F->71df5106-29e4-46d2-b533-d1616e11bc16-GrpcLogAppender: Follower failed (request=null, errorCount=61); keep nextIndex (1) unchanged and retry.
2024-02-27 21:38:37,154 [RatisPipelineUtilsThread-0] WARN  scm.SCMCommonPlacementPolicy (SCMCommonPlacementPolicy.java:filterNodesWithSpace(287)) - Unable to find enough nodes that meet the space requirement of 1073741824 bytes for metadata and 5368709120 bytes for data in healthy node set. Required 3. Found 2.
2024-02-27 21:38:37,655 [RatisPipelineUtilsThread-0] WARN  scm.SCMCommonPlacementPolicy (SCMCommonPlacementPolicy.java:filterNodesWithSpace(287)) - Unable to find enough nodes that meet the space requirement of 1073741824 bytes for metadata and 5368709120 bytes for data in healthy node set. Required 3. Found 2.
2024-02-27 21:38:38,155 [RatisPipelineUtilsThread-0] WARN  scm.SCMCommonPlacementPolicy (SCMCommonPlacementPolicy.java:filterNodesWithSpace(287)) - Unable to find enough nodes that meet the space requirement of 1073741824 bytes for metadata and 5368709120 bytes for data in healthy node set. Required 3. Found 2.
2024-02-27 21:38:38,656 [RatisPipelineUtilsThread-0] WARN  scm.SCMCommonPlacementPolicy (SCMCommonPlacementPolicy.java:filterNodesWithSpace(287)) - Unable to find enough nodes that meet the space requirement of 1073741824 bytes for metadata and 5368709120 bytes for data in healthy node set. Required 3. Found 2.
2024-02-27 21:38:39,156 [RatisPipelineUtilsThread-0] WARN  scm.SCMCommonPlacementPolicy (SCMCommonPlacementPolicy.java:filterNodesWithSpace(287)) - Unable to find enough nodes that meet the space requirement of 1073741824 bytes for metadata and 5368709120 bytes for data in healthy node set. Required 3. Found 2.
2024-02-27 21:38:39,656 [RatisPipelineUtilsThread-0] WARN  scm.SCMCommonPlacementPolicy (SCMCommonPlacementPolicy.java:filterNodesWithSpace(287)) - Unable to find enough nodes that meet the space requirement of 1073741824 bytes for metadata and 5368709120 bytes for data in healthy node set. Required 3. Found 2.
2024-02-27 21:38:40,157 [RatisPipelineUtilsThread-0] WARN  scm.SCMCommonPlacementPolicy (SCMCommonPlacementPolicy.java:filterNodesWithSpace(287)) - Unable to find enough nodes that meet the space requirement of 1073741824 bytes for metadata and 5368709120 bytes for data in healthy node set. Required 3. Found 2.
2024-02-27 21:38:40,469 [grpc-default-executor-3] WARN  server.GrpcLogAppender (LogUtils.java:warn(121)) - 6d1988e6-d732-42b7-a0ee-62d3ca1ef2f1@group-59E1F7E51CDF->71df5106-29e4-46d2-b533-d1616e11bc16-AppendLogResponseHandler: Failed appendEntries: org.apache.ratis.thirdparty.io.grpc.StatusRuntimeException: UNAVAILABLE: io exception
2024-02-27 21:38:40,657 [RatisPipelineUtilsThread-0] WARN  scm.SCMCommonPlacementPolicy (SCMCommonPlacementPolicy.java:filterNodesWithSpace(287)) - Unable to find enough nodes that meet the space requirement of 1073741824 bytes for metadata and 5368709120 bytes for data in healthy node set. Required 3. Found 2.
2024-02-27 21:38:41,158 [RatisPipelineUtilsThread-0] WARN  scm.SCMCommonPlacementPolicy (SCMCommonPlacementPolicy.java:filterNodesWithSpace(287)) - Unable to find enough nodes that meet the space requirement of 1073741824 bytes for metadata and 5368709120 bytes for data in healthy node set. Required 3. Found 2.
2024-02-27 21:38:41,658 [RatisPipelineUtilsThread-0] WARN  scm.SCMCommonPlacementPolicy (SCMCommonPlacementPolicy.java:filterNodesWithSpace(287)) - Unable to find enough nodes that meet the space requirement of 1073741824 bytes for metadata and 5368709120 bytes for data in healthy node set. Required 3. Found 2.
2024-02-27 21:38:41,700 [timer5] WARN  server.GrpcLogAppender (LogUtils.java:warn(121)) - 6d1988e6-d732-42b7-a0ee-62d3ca1ef2f1@group-EE311A528B4F->71df5106-29e4-46d2-b533-d1616e11bc16-AppendLogResponseHandler: Failed appendEntries (Repeated 2 times in the last 5.002s): org.apache.ratis.thirdparty.io.grpc.StatusRuntimeException: UNAVAILABLE: io exception
2024-02-27 21:38:41,700 [timer6] WARN  server.GrpcLogAppender (GrpcLogAppender.java:lambda$resetClient$1(217)) - 6d1988e6-d732-42b7-a0ee-62d3ca1ef2f1@group-59E1F7E51CDF->71df5106-29e4-46d2-b533-d1616e11bc16-GrpcLogAppender: Follower failed (request=null, errorCount=60); keep nextIndex (1) unchanged and retry. (Repeated 4 times in the last 5.001s)
2024-02-27 21:38:42,158 [RatisPipelineUtilsThread-0] WARN  scm.SCMCommonPlacementPolicy (SCMCommonPlacementPolicy.java:filterNodesWithSpace(287)) - Unable to find enough nodes that meet the space requirement of 1073741824 bytes for metadata and 5368709120 bytes for data in healthy node set. Required 3. Found 2.
2024-02-27 21:38:42,659 [RatisPipelineUtilsThread-0] WARN  scm.SCMCommonPlacementPolicy (SCMCommonPlacementPolicy.java:filterNodesWithSpace(287)) - Unable to find enough nodes that meet the space requirement of 1073741824 bytes for metadata and 5368709120 bytes for data in healthy node set. Required 3. Found 2.
2024-02-27 21:38:43,159 [RatisPipelineUtilsThread-0] WARN  scm.SCMCommonPlacementPolicy (SCMCommonPlacementPolicy.java:filterNodesWithSpace(287)) - Unable to find enough nodes that meet the space requirement of 1073741824 bytes for metadata and 5368709120 bytes for data in healthy node set. Required 3. Found 2.
2024-02-27 21:38:43,336 [grpc-default-executor-3] WARN  server.GrpcLogAppender (LogUtils.java:warn(121)) - 6d1988e6-d732-42b7-a0ee-62d3ca1ef2f1@group-EE311A528B4F->71df5106-29e4-46d2-b533-d1616e11bc16-AppendLogResponseHandler: Failed appendEntries: org.apache.ratis.thirdparty.io.grpc.StatusRuntimeException: UNAVAILABLE: io exception
2024-02-27 21:38:43,338 [grpc-default-executor-2] WARN  server.GrpcLogAppender (GrpcLogAppender.java:lambda$resetClient$1(217)) - 6d1988e6-d732-42b7-a0ee-62d3ca1ef2f1@group-EE311A528B4F->71df5106-29e4-46d2-b533-d1616e11bc16-GrpcLogAppender: Follower failed (request=null, errorCount=63); keep nextIndex (1) unchanged and retry.
2024-02-27 21:38:43,659 [RatisPipelineUtilsThread-0] WARN  scm.SCMCommonPlacementPolicy (SCMCommonPlacementPolicy.java:filterNodesWithSpace(287)) - Unable to find enough nodes that meet the space requirement of 1073741824 bytes for metadata and 5368709120 bytes for data in healthy node set. Required 3. Found 2.
2024-02-27 21:38:44,160 [RatisPipelineUtilsThread-0] WARN  scm.SCMCommonPlacementPolicy (SCMCommonPlacementPolicy.java:filterNodesWithSpace(287)) - Unable to find enough nodes that meet the space requirement of 1073741824 bytes for metadata and 5368709120 bytes for data in healthy node set. Required 3. Found 2.
2024-02-27 21:38:44,660 [RatisPipelineUtilsThread-0] WARN  scm.SCMCommonPlacementPolicy (SCMCommonPlacementPolicy.java:filterNodesWithSpace(287)) - Unable to find enough nodes that meet the space requirement of 1073741824 bytes for metadata and 5368709120 bytes for data in healthy node set. Required 3. Found 2.
2024-02-27 21:38:45,161 [RatisPipelineUtilsThread-0] WARN  scm.SCMCommonPlacementPolicy (SCMCommonPlacementPolicy.java:filterNodesWithSpace(287)) - Unable to find enough nodes that meet the space requirement of 1073741824 bytes for metadata and 5368709120 bytes for data in healthy node set. Required 3. Found 2.
2024-02-27 21:38:45,470 [timer5] WARN  server.GrpcLogAppender (LogUtils.java:warn(121)) - 6d1988e6-d732-42b7-a0ee-62d3ca1ef2f1@group-59E1F7E51CDF->71df5106-29e4-46d2-b533-d1616e11bc16-AppendLogResponseHandler: Failed appendEntries (Repeated 2 times in the last 5.001s): org.apache.ratis.thirdparty.io.grpc.StatusRuntimeException: UNAVAILABLE: io exception
2024-02-27 21:38:45,661 [RatisPipelineUtilsThread-0] WARN  scm.SCMCommonPlacementPolicy (SCMCommonPlacementPolicy.java:filterNodesWithSpace(287)) - Unable to find enough nodes that meet the space requirement of 1073741824 bytes for metadata and 5368709120 bytes for data in healthy node set. Required 3. Found 2.
2024-02-27 21:38:46,162 [RatisPipelineUtilsThread-0] WARN  scm.SCMCommonPlacementPolicy (SCMCommonPlacementPolicy.java:filterNodesWithSpace(287)) - Unable to find enough nodes that meet the space requirement of 1073741824 bytes for metadata and 5368709120 bytes for data in healthy node set. Required 3. Found 2.
2024-02-27 21:38:46,662 [RatisPipelineUtilsThread-0] WARN  scm.SCMCommonPlacementPolicy (SCMCommonPlacementPolicy.java:filterNodesWithSpace(287)) - Unable to find enough nodes that meet the space requirement of 1073741824 bytes for metadata and 5368709120 bytes for data in healthy node set. Required 3. Found 2.
2024-02-27 21:38:46,995 [grpc-default-executor-3] WARN  server.GrpcLogAppender (LogUtils.java:warn(121)) - 6d1988e6-d732-42b7-a0ee-62d3ca1ef2f1@group-59E1F7E51CDF->71df5106-29e4-46d2-b533-d1616e11bc16-AppendLogResponseHandler: Failed appendEntries: org.apache.ratis.thirdparty.io.grpc.StatusRuntimeException: UNAVAILABLE: io exception
2024-02-27 21:38:47,163 [RatisPipelineUtilsThread-0] WARN  scm.SCMCommonPlacementPolicy (SCMCommonPlacementPolicy.java:filterNodesWithSpace(287)) - Unable to find enough nodes that meet the space requirement of 1073741824 bytes for metadata and 5368709120 bytes for data in healthy node set. Required 3. Found 2.
2024-02-27 21:38:47,663 [RatisPipelineUtilsThread-0] WARN  scm.SCMCommonPlacementPolicy (SCMCommonPlacementPolicy.java:filterNodesWithSpace(287)) - Unable to find enough nodes that meet the space requirement of 1073741824 bytes for metadata and 5368709120 bytes for data in healthy node set. Required 3. Found 2.
2024-02-27 21:38:48,164 [RatisPipelineUtilsThread-0] WARN  scm.SCMCommonPlacementPolicy (SCMCommonPlacementPolicy.java:filterNodesWithSpace(287)) - Unable to find enough nodes that meet the space requirement of 1073741824 bytes for metadata and 5368709120 bytes for data in healthy node set. Required 3. Found 2.
2024-02-27 21:38:48,338 [timer4] WARN  server.GrpcLogAppender (LogUtils.java:warn(121)) - 6d1988e6-d732-42b7-a0ee-62d3ca1ef2f1@group-EE311A528B4F->71df5106-29e4-46d2-b533-d1616e11bc16-AppendLogResponseHandler: Failed appendEntries (Repeated 4 times in the last 5.001s): org.apache.ratis.thirdparty.io.grpc.StatusRuntimeException: UNAVAILABLE: io exception
2024-02-27 21:38:48,338 [timer5] WARN  server.GrpcLogAppender (GrpcLogAppender.java:lambda$resetClient$1(217)) - 6d1988e6-d732-42b7-a0ee-62d3ca1ef2f1@group-EE311A528B4F->71df5106-29e4-46d2-b533-d1616e11bc16-GrpcLogAppender: Follower failed (request=null, errorCount=66); keep nextIndex (1) unchanged and retry. (Repeated 6 times in the last 5.001s)
2024-02-27 21:38:48,664 [RatisPipelineUtilsThread-0] WARN  scm.SCMCommonPlacementPolicy (SCMCommonPlacementPolicy.java:filterNodesWithSpace(287)) - Unable to find enough nodes that meet the space requirement of 1073741824 bytes for metadata and 5368709120 bytes for data in healthy node set. Required 3. Found 2.
2024-02-27 21:38:49,165 [RatisPipelineUtilsThread-0] WARN  scm.SCMCommonPlacementPolicy (SCMCommonPlacementPolicy.java:filterNodesWithSpace(287)) - Unable to find enough nodes that meet the space requirement of 1073741824 bytes for metadata and 5368709120 bytes for data in healthy node set. Required 3. Found 2.
2024-02-27 21:38:49,639 [grpc-default-executor-3] WARN  server.GrpcLogAppender (GrpcLogAppender.java:lambda$resetClient$1(217)) - 6d1988e6-d732-42b7-a0ee-62d3ca1ef2f1@group-59E1F7E51CDF->71df5106-29e4-46d2-b533-d1616e11bc16-GrpcLogAppender: Follower failed (request=null, errorCount=63); keep nextIndex (1) unchanged and retry.
2024-02-27 21:38:49,665 [RatisPipelineUtilsThread-0] WARN  scm.SCMCommonPlacementPolicy (SCMCommonPlacementPolicy.java:filterNodesWithSpace(287)) - Unable to find enough nodes that meet the space requirement of 1073741824 bytes for metadata and 5368709120 bytes for data in healthy node set. Required 3. Found 2.
2024-02-27 21:38:50,166 [RatisPipelineUtilsThread-0] WARN  scm.SCMCommonPlacementPolicy (SCMCommonPlacementPolicy.java:filterNodesWithSpace(287)) - Unable to find enough nodes that meet the space requirement of 1073741824 bytes for metadata and 5368709120 bytes for data in healthy node set. Required 3. Found 2.
2024-02-27 21:38:50,440 [grpc-default-executor-2] WARN  server.GrpcLogAppender (LogUtils.java:warn(121)) - 6d1988e6-d732-42b7-a0ee-62d3ca1ef2f1@group-EE311A528B4F->71df5106-29e4-46d2-b533-d1616e11bc16-AppendLogResponseHandler: Failed appendEntries: org.apache.ratis.thirdparty.io.grpc.StatusRuntimeException: UNAVAILABLE: io exception
2024-02-27 21:38:50,666 [RatisPipelineUtilsThread-0] WARN  scm.SCMCommonPlacementPolicy (SCMCommonPlacementPolicy.java:filterNodesWithSpace(287)) - Unable to find enough nodes that meet the space requirement of 1073741824 bytes for metadata and 5368709120 bytes for data in healthy node set. Required 3. Found 2.
2024-02-27 21:38:51,167 [RatisPipelineUtilsThread-0] WARN  scm.SCMCommonPlacementPolicy (SCMCommonPlacementPolicy.java:filterNodesWithSpace(287)) - Unable to find enough nodes that meet the space requirement of 1073741824 bytes for metadata and 5368709120 bytes for data in healthy node set. Required 3. Found 2.
2024-02-27 21:38:51,667 [RatisPipelineUtilsThread-0] WARN  scm.SCMCommonPlacementPolicy (SCMCommonPlacementPolicy.java:filterNodesWithSpace(287)) - Unable to find enough nodes that meet the space requirement of 1073741824 bytes for metadata and 5368709120 bytes for data in healthy node set. Required 3. Found 2.
2024-02-27 21:38:51,997 [timer3] WARN  server.GrpcLogAppender (LogUtils.java:warn(121)) - 6d1988e6-d732-42b7-a0ee-62d3ca1ef2f1@group-59E1F7E51CDF->71df5106-29e4-46d2-b533-d1616e11bc16-AppendLogResponseHandler: Failed appendEntries (Repeated 4 times in the last 5.001s): org.apache.ratis.thirdparty.io.grpc.StatusRuntimeException: UNAVAILABLE: io exception
2024-02-27 21:38:52,167 [RatisPipelineUtilsThread-0] WARN  scm.SCMCommonPlacementPolicy (SCMCommonPlacementPolicy.java:filterNodesWithSpace(287)) - Unable to find enough nodes that meet the space requirement of 1073741824 bytes for metadata and 5368709120 bytes for data in healthy node set. Required 3. Found 2.
2024-02-27 21:38:52,668 [RatisPipelineUtilsThread-0] WARN  scm.SCMCommonPlacementPolicy (SCMCommonPlacementPolicy.java:filterNodesWithSpace(287)) - Unable to find enough nodes that meet the space requirement of 1073741824 bytes for metadata and 5368709120 bytes for data in healthy node set. Required 3. Found 2.
2024-02-27 21:38:53,168 [RatisPipelineUtilsThread-0] WARN  scm.SCMCommonPlacementPolicy (SCMCommonPlacementPolicy.java:filterNodesWithSpace(287)) - Unable to find enough nodes that meet the space requirement of 1073741824 bytes for metadata and 5368709120 bytes for data in healthy node set. Required 3. Found 2.
2024-02-27 21:38:53,669 [RatisPipelineUtilsThread-0] WARN  scm.SCMCommonPlacementPolicy (SCMCommonPlacementPolicy.java:filterNodesWithSpace(287)) - Unable to find enough nodes that meet the space requirement of 1073741824 bytes for metadata and 5368709120 bytes for data in healthy node set. Required 3. Found 2.
2024-02-27 21:38:54,169 [RatisPipelineUtilsThread-0] WARN  scm.SCMCommonPlacementPolicy (SCMCommonPlacementPolicy.java:filterNodesWithSpace(287)) - Unable to find enough nodes that meet the space requirement of 1073741824 bytes for metadata and 5368709120 bytes for data in healthy node set. Required 3. Found 2.
2024-02-27 21:38:54,640 [timer4] WARN  server.GrpcLogAppender (GrpcLogAppender.java:lambda$resetClient$1(217)) - 6d1988e6-d732-42b7-a0ee-62d3ca1ef2f1@group-EE311A528B4F->71df5106-29e4-46d2-b533-d1616e11bc16-GrpcLogAppender: Follower failed (request=null, errorCount=68); keep nextIndex (1) unchanged and retry. (Repeated 4 times in the last 5.000s)
2024-02-27 21:38:54,670 [RatisPipelineUtilsThread-0] WARN  scm.SCMCommonPlacementPolicy (SCMCommonPlacementPolicy.java:filterNodesWithSpace(287)) - Unable to find enough nodes that meet the space requirement of 1073741824 bytes for metadata and 5368709120 bytes for data in healthy node set. Required 3. Found 2.
2024-02-27 21:38:55,170 [RatisPipelineUtilsThread-0] WARN  scm.SCMCommonPlacementPolicy (SCMCommonPlacementPolicy.java:filterNodesWithSpace(287)) - Unable to find enough nodes that meet the space requirement of 1073741824 bytes for metadata and 5368709120 bytes for data in healthy node set. Required 3. Found 2.
2024-02-27 21:38:55,357 [grpc-default-executor-2] WARN  server.GrpcLogAppender (LogUtils.java:warn(121)) - 6d1988e6-d732-42b7-a0ee-62d3ca1ef2f1@group-59E1F7E51CDF->71df5106-29e4-46d2-b533-d1616e11bc16-AppendLogResponseHandler: Failed appendEntries: org.apache.ratis.thirdparty.io.grpc.StatusRuntimeException: UNAVAILABLE: io exception
2024-02-27 21:38:55,359 [grpc-default-executor-3] WARN  server.GrpcLogAppender (GrpcLogAppender.java:lambda$resetClient$1(217)) - 6d1988e6-d732-42b7-a0ee-62d3ca1ef2f1@group-59E1F7E51CDF->71df5106-29e4-46d2-b533-d1616e11bc16-GrpcLogAppender: Follower failed (request=null, errorCount=65); keep nextIndex (1) unchanged and retry.
2024-02-27 21:38:55,442 [timer6] WARN  server.GrpcLogAppender (LogUtils.java:warn(121)) - 6d1988e6-d732-42b7-a0ee-62d3ca1ef2f1@group-EE311A528B4F->71df5106-29e4-46d2-b533-d1616e11bc16-AppendLogResponseHandler: Failed appendEntries (Repeated 2 times in the last 5.001s): org.apache.ratis.thirdparty.io.grpc.StatusRuntimeException: UNAVAILABLE: io exception
2024-02-27 21:38:55,671 [RatisPipelineUtilsThread-0] WARN  scm.SCMCommonPlacementPolicy (SCMCommonPlacementPolicy.java:filterNodesWithSpace(287)) - Unable to find enough nodes that meet the space requirement of 1073741824 bytes for metadata and 5368709120 bytes for data in healthy node set. Required 3. Found 2.
2024-02-27 21:38:55,877 [grpc-default-executor-3] WARN  server.GrpcLogAppender (LogUtils.java:warn(121)) - 6d1988e6-d732-42b7-a0ee-62d3ca1ef2f1@group-EE311A528B4F->71df5106-29e4-46d2-b533-d1616e11bc16-AppendLogResponseHandler: Failed appendEntries: org.apache.ratis.thirdparty.io.grpc.StatusRuntimeException: UNAVAILABLE: io exception
2024-02-27 21:38:56,171 [RatisPipelineUtilsThread-0] WARN  scm.SCMCommonPlacementPolicy (SCMCommonPlacementPolicy.java:filterNodesWithSpace(287)) - Unable to find enough nodes that meet the space requirement of 1073741824 bytes for metadata and 5368709120 bytes for data in healthy node set. Required 3. Found 2.
2024-02-27 21:38:56,672 [RatisPipelineUtilsThread-0] WARN  scm.SCMCommonPlacementPolicy (SCMCommonPlacementPolicy.java:filterNodesWithSpace(287)) - Unable to find enough nodes that meet the space requirement of 1073741824 bytes for metadata and 5368709120 bytes for data in healthy node set. Required 3. Found 2.
2024-02-27 21:38:57,172 [RatisPipelineUtilsThread-0] WARN  scm.SCMCommonPlacementPolicy (SCMCommonPlacementPolicy.java:filterNodesWithSpace(287)) - Unable to find enough nodes that meet the space requirement of 1073741824 bytes for metadata and 5368709120 bytes for data in healthy node set. Required 3. Found 2.
2024-02-27 21:38:57,355 [71df5106-29e4-46d2-b533-d1616e11bc16-BlockDeletingService#1] INFO  interfaces.ContainerDeletionChoosingPolicyTemplate (ContainerDeletionChoosingPolicyTemplate.java:chooseContainerForBlockDeletion(85)) - Chosen 0/5000 blocks from 0 candidate containers.
2024-02-27 21:38:57,462 [e13e7e3b-b387-4fac-9683-3ea92427a7e8-BlockDeletingService#1] INFO  interfaces.ContainerDeletionChoosingPolicyTemplate (ContainerDeletionChoosingPolicyTemplate.java:chooseContainerForBlockDeletion(85)) - Chosen 0/5000 blocks from 0 candidate containers.
2024-02-27 21:38:57,572 [6d1988e6-d732-42b7-a0ee-62d3ca1ef2f1-BlockDeletingService#1] INFO  interfaces.ContainerDeletionChoosingPolicyTemplate (ContainerDeletionChoosingPolicyTemplate.java:chooseContainerForBlockDeletion(85)) - Chosen 0/5000 blocks from 0 candidate containers.
2024-02-27 21:38:57,673 [RatisPipelineUtilsThread-0] WARN  scm.SCMCommonPlacementPolicy (SCMCommonPlacementPolicy.java:filterNodesWithSpace(287)) - Unable to find enough nodes that meet the space requirement of 1073741824 bytes for metadata and 5368709120 bytes for data in healthy node set. Required 3. Found 2.
2024-02-27 21:38:58,173 [RatisPipelineUtilsThread-0] WARN  scm.SCMCommonPlacementPolicy (SCMCommonPlacementPolicy.java:filterNodesWithSpace(287)) - Unable to find enough nodes that meet the space requirement of 1073741824 bytes for metadata and 5368709120 bytes for data in healthy node set. Required 3. Found 2.
2024-02-27 21:38:58,674 [RatisPipelineUtilsThread-0] WARN  scm.SCMCommonPlacementPolicy (SCMCommonPlacementPolicy.java:filterNodesWithSpace(287)) - Unable to find enough nodes that meet the space requirement of 1073741824 bytes for metadata and 5368709120 bytes for data in healthy node set. Required 3. Found 2.
2024-02-27 21:38:59,174 [RatisPipelineUtilsThread-0] WARN  scm.SCMCommonPlacementPolicy (SCMCommonPlacementPolicy.java:filterNodesWithSpace(287)) - Unable to find enough nodes that meet the space requirement of 1073741824 bytes for metadata and 5368709120 bytes for data in healthy node set. Required 3. Found 2.
2024-02-27 21:38:59,675 [RatisPipelineUtilsThread-0] WARN  scm.SCMCommonPlacementPolicy (SCMCommonPlacementPolicy.java:filterNodesWithSpace(287)) - Unable to find enough nodes that meet the space requirement of 1073741824 bytes for metadata and 5368709120 bytes for data in healthy node set. Required 3. Found 2.
2024-02-27 21:39:00,175 [RatisPipelineUtilsThread-0] WARN  scm.SCMCommonPlacementPolicy (SCMCommonPlacementPolicy.java:filterNodesWithSpace(287)) - Unable to find enough nodes that meet the space requirement of 1073741824 bytes for metadata and 5368709120 bytes for data in healthy node set. Required 3. Found 2.
2024-02-27 21:39:00,358 [timer4] WARN  server.GrpcLogAppender (LogUtils.java:warn(121)) - 6d1988e6-d732-42b7-a0ee-62d3ca1ef2f1@group-59E1F7E51CDF->71df5106-29e4-46d2-b533-d1616e11bc16-AppendLogResponseHandler: Failed appendEntries (Repeated 4 times in the last 5.001s): org.apache.ratis.thirdparty.io.grpc.StatusRuntimeException: UNAVAILABLE: io exception
2024-02-27 21:39:00,359 [timer5] WARN  server.GrpcLogAppender (GrpcLogAppender.java:lambda$resetClient$1(217)) - 6d1988e6-d732-42b7-a0ee-62d3ca1ef2f1@group-EE311A528B4F->71df5106-29e4-46d2-b533-d1616e11bc16-GrpcLogAppender: Follower failed (request=null, errorCount=72); keep nextIndex (1) unchanged and retry. (Repeated 8 times in the last 5.000s)
2024-02-27 21:39:00,676 [RatisPipelineUtilsThread-0] WARN  scm.SCMCommonPlacementPolicy (SCMCommonPlacementPolicy.java:filterNodesWithSpace(287)) - Unable to find enough nodes that meet the space requirement of 1073741824 bytes for metadata and 5368709120 bytes for data in healthy node set. Required 3. Found 2.
2024-02-27 21:39:00,878 [timer6] WARN  server.GrpcLogAppender (LogUtils.java:warn(121)) - 6d1988e6-d732-42b7-a0ee-62d3ca1ef2f1@group-EE311A528B4F->71df5106-29e4-46d2-b533-d1616e11bc16-AppendLogResponseHandler: Failed appendEntries (Repeated 4 times in the last 5.001s): org.apache.ratis.thirdparty.io.grpc.StatusRuntimeException: UNAVAILABLE: io exception
2024-02-27 21:39:01,177 [RatisPipelineUtilsThread-0] WARN  scm.SCMCommonPlacementPolicy (SCMCommonPlacementPolicy.java:filterNodesWithSpace(287)) - Unable to find enough nodes that meet the space requirement of 1073741824 bytes for metadata and 5368709120 bytes for data in healthy node set. Required 3. Found 2.
2024-02-27 21:39:01,677 [RatisPipelineUtilsThread-0] WARN  scm.SCMCommonPlacementPolicy (SCMCommonPlacementPolicy.java:filterNodesWithSpace(287)) - Unable to find enough nodes that meet the space requirement of 1073741824 bytes for metadata and 5368709120 bytes for data in healthy node set. Required 3. Found 2.
2024-02-27 21:39:02,177 [RatisPipelineUtilsThread-0] WARN  scm.SCMCommonPlacementPolicy (SCMCommonPlacementPolicy.java:filterNodesWithSpace(287)) - Unable to find enough nodes that meet the space requirement of 1073741824 bytes for metadata and 5368709120 bytes for data in healthy node set. Required 3. Found 2.
2024-02-27 21:39:02,678 [RatisPipelineUtilsThread-0] WARN  scm.SCMCommonPlacementPolicy (SCMCommonPlacementPolicy.java:filterNodesWithSpace(287)) - Unable to find enough nodes that meet the space requirement of 1073741824 bytes for metadata and 5368709120 bytes for data in healthy node set. Required 3. Found 2.
2024-02-27 21:39:03,178 [RatisPipelineUtilsThread-0] WARN  scm.SCMCommonPlacementPolicy (SCMCommonPlacementPolicy.java:filterNodesWithSpace(287)) - Unable to find enough nodes that meet the space requirement of 1073741824 bytes for metadata and 5368709120 bytes for data in healthy node set. Required 3. Found 2.
2024-02-27 21:39:03,221 [grpc-default-executor-3] WARN  server.GrpcLogAppender (LogUtils.java:warn(121)) - 6d1988e6-d732-42b7-a0ee-62d3ca1ef2f1@group-59E1F7E51CDF->71df5106-29e4-46d2-b533-d1616e11bc16-AppendLogResponseHandler: Failed appendEntries: org.apache.ratis.thirdparty.io.grpc.StatusRuntimeException: UNAVAILABLE: io exception
2024-02-27 21:39:03,222 [grpc-default-executor-2] WARN  server.GrpcLogAppender (GrpcLogAppender.java:lambda$resetClient$1(217)) - 6d1988e6-d732-42b7-a0ee-62d3ca1ef2f1@group-59E1F7E51CDF->71df5106-29e4-46d2-b533-d1616e11bc16-GrpcLogAppender: Follower failed (request=null, errorCount=69); keep nextIndex (1) unchanged and retry.
2024-02-27 21:39:03,679 [RatisPipelineUtilsThread-0] WARN  scm.SCMCommonPlacementPolicy (SCMCommonPlacementPolicy.java:filterNodesWithSpace(287)) - Unable to find enough nodes that meet the space requirement of 1073741824 bytes for metadata and 5368709120 bytes for data in healthy node set. Required 3. Found 2.
2024-02-27 21:39:04,179 [RatisPipelineUtilsThread-0] WARN  scm.SCMCommonPlacementPolicy (SCMCommonPlacementPolicy.java:filterNodesWithSpace(287)) - Unable to find enough nodes that meet the space requirement of 1073741824 bytes for metadata and 5368709120 bytes for data in healthy node set. Required 3. Found 2.
2024-02-27 21:39:04,680 [RatisPipelineUtilsThread-0] WARN  scm.SCMCommonPlacementPolicy (SCMCommonPlacementPolicy.java:filterNodesWithSpace(287)) - Unable to find enough nodes that meet the space requirement of 1073741824 bytes for metadata and 5368709120 bytes for data in healthy node set. Required 3. Found 2.
2024-02-27 21:39:05,180 [RatisPipelineUtilsThread-0] WARN  scm.SCMCommonPlacementPolicy (SCMCommonPlacementPolicy.java:filterNodesWithSpace(287)) - Unable to find enough nodes that meet the space requirement of 1073741824 bytes for metadata and 5368709120 bytes for data in healthy node set. Required 3. Found 2.
2024-02-27 21:39:05,680 [RatisPipelineUtilsThread-0] WARN  scm.SCMCommonPlacementPolicy (SCMCommonPlacementPolicy.java:filterNodesWithSpace(287)) - Unable to find enough nodes that meet the space requirement of 1073741824 bytes for metadata and 5368709120 bytes for data in healthy node set. Required 3. Found 2.
2024-02-27 21:39:06,181 [RatisPipelineUtilsThread-0] WARN  scm.SCMCommonPlacementPolicy (SCMCommonPlacementPolicy.java:filterNodesWithSpace(287)) - Unable to find enough nodes that meet the space requirement of 1073741824 bytes for metadata and 5368709120 bytes for data in healthy node set. Required 3. Found 2.
2024-02-27 21:39:06,681 [RatisPipelineUtilsThread-0] WARN  scm.SCMCommonPlacementPolicy (SCMCommonPlacementPolicy.java:filterNodesWithSpace(287)) - Unable to find enough nodes that meet the space requirement of 1073741824 bytes for metadata and 5368709120 bytes for data in healthy node set. Required 3. Found 2.
2024-02-27 21:39:07,105 [grpc-default-executor-3] WARN  server.GrpcLogAppender (LogUtils.java:warn(121)) - 6d1988e6-d732-42b7-a0ee-62d3ca1ef2f1@group-EE311A528B4F->71df5106-29e4-46d2-b533-d1616e11bc16-AppendLogResponseHandler: Failed appendEntries: org.apache.ratis.thirdparty.io.grpc.StatusRuntimeException: UNAVAILABLE: io exception
2024-02-27 21:39:07,182 [RatisPipelineUtilsThread-0] WARN  scm.SCMCommonPlacementPolicy (SCMCommonPlacementPolicy.java:filterNodesWithSpace(287)) - Unable to find enough nodes that meet the space requirement of 1073741824 bytes for metadata and 5368709120 bytes for data in healthy node set. Required 3. Found 2.
2024-02-27 21:39:07,682 [RatisPipelineUtilsThread-0] WARN  scm.SCMCommonPlacementPolicy (SCMCommonPlacementPolicy.java:filterNodesWithSpace(287)) - Unable to find enough nodes that meet the space requirement of 1073741824 bytes for metadata and 5368709120 bytes for data in healthy node set. Required 3. Found 2.
2024-02-27 21:39:08,183 [RatisPipelineUtilsThread-0] WARN  scm.SCMCommonPlacementPolicy (SCMCommonPlacementPolicy.java:filterNodesWithSpace(287)) - Unable to find enough nodes that meet the space requirement of 1073741824 bytes for metadata and 5368709120 bytes for data in healthy node set. Required 3. Found 2.
2024-02-27 21:39:08,222 [timer3] WARN  server.GrpcLogAppender (LogUtils.java:warn(121)) - 6d1988e6-d732-42b7-a0ee-62d3ca1ef2f1@group-59E1F7E51CDF->71df5106-29e4-46d2-b533-d1616e11bc16-AppendLogResponseHandler: Failed appendEntries (Repeated 2 times in the last 5.001s): org.apache.ratis.thirdparty.io.grpc.StatusRuntimeException: UNAVAILABLE: io exception
2024-02-27 21:39:08,223 [timer4] WARN  server.GrpcLogAppender (GrpcLogAppender.java:lambda$resetClient$1(217)) - 6d1988e6-d732-42b7-a0ee-62d3ca1ef2f1@group-EE311A528B4F->71df5106-29e4-46d2-b533-d1616e11bc16-GrpcLogAppender: Follower failed (request=null, errorCount=74); keep nextIndex (1) unchanged and retry. (Repeated 4 times in the last 5.000s)
2024-02-27 21:39:08,683 [RatisPipelineUtilsThread-0] WARN  scm.SCMCommonPlacementPolicy (SCMCommonPlacementPolicy.java:filterNodesWithSpace(287)) - Unable to find enough nodes that meet the space requirement of 1073741824 bytes for metadata and 5368709120 bytes for data in healthy node set. Required 3. Found 2.
2024-02-27 21:39:09,184 [RatisPipelineUtilsThread-0] WARN  scm.SCMCommonPlacementPolicy (SCMCommonPlacementPolicy.java:filterNodesWithSpace(287)) - Unable to find enough nodes that meet the space requirement of 1073741824 bytes for metadata and 5368709120 bytes for data in healthy node set. Required 3. Found 2.
2024-02-27 21:39:09,684 [RatisPipelineUtilsThread-0] WARN  scm.SCMCommonPlacementPolicy (SCMCommonPlacementPolicy.java:filterNodesWithSpace(287)) - Unable to find enough nodes that meet the space requirement of 1073741824 bytes for metadata and 5368709120 bytes for data in healthy node set. Required 3. Found 2.
2024-02-27 21:39:09,817 [grpc-default-executor-3] WARN  server.GrpcLogAppender (LogUtils.java:warn(121)) - 6d1988e6-d732-42b7-a0ee-62d3ca1ef2f1@group-59E1F7E51CDF->71df5106-29e4-46d2-b533-d1616e11bc16-AppendLogResponseHandler: Failed appendEntries: org.apache.ratis.thirdparty.io.grpc.StatusRuntimeException: UNAVAILABLE: io exception
2024-02-27 21:39:09,818 [grpc-default-executor-2] WARN  server.GrpcLogAppender (GrpcLogAppender.java:lambda$resetClient$1(217)) - 6d1988e6-d732-42b7-a0ee-62d3ca1ef2f1@group-59E1F7E51CDF->71df5106-29e4-46d2-b533-d1616e11bc16-GrpcLogAppender: Follower failed (request=null, errorCount=71); keep nextIndex (1) unchanged and retry.
2024-02-27 21:39:10,185 [RatisPipelineUtilsThread-0] WARN  scm.SCMCommonPlacementPolicy (SCMCommonPlacementPolicy.java:filterNodesWithSpace(287)) - Unable to find enough nodes that meet the space requirement of 1073741824 bytes for metadata and 5368709120 bytes for data in healthy node set. Required 3. Found 2.
2024-02-27 21:39:10,686 [RatisPipelineUtilsThread-0] WARN  scm.SCMCommonPlacementPolicy (SCMCommonPlacementPolicy.java:filterNodesWithSpace(287)) - Unable to find enough nodes that meet the space requirement of 1073741824 bytes for metadata and 5368709120 bytes for data in healthy node set. Required 3. Found 2.
2024-02-27 21:39:11,186 [RatisPipelineUtilsThread-0] WARN  scm.SCMCommonPlacementPolicy (SCMCommonPlacementPolicy.java:filterNodesWithSpace(287)) - Unable to find enough nodes that meet the space requirement of 1073741824 bytes for metadata and 5368709120 bytes for data in healthy node set. Required 3. Found 2.
2024-02-27 21:39:11,687 [RatisPipelineUtilsThread-0] WARN  scm.SCMCommonPlacementPolicy (SCMCommonPlacementPolicy.java:filterNodesWithSpace(287)) - Unable to find enough nodes that meet the space requirement of 1073741824 bytes for metadata and 5368709120 bytes for data in healthy node set. Required 3. Found 2.
2024-02-27 21:39:12,106 [timer4] WARN  server.GrpcLogAppender (LogUtils.java:warn(121)) - 6d1988e6-d732-42b7-a0ee-62d3ca1ef2f1@group-EE311A528B4F->71df5106-29e4-46d2-b533-d1616e11bc16-AppendLogResponseHandler: Failed appendEntries (Repeated 2 times in the last 5.001s): org.apache.ratis.thirdparty.io.grpc.StatusRuntimeException: UNAVAILABLE: io exception
2024-02-27 21:39:12,187 [RatisPipelineUtilsThread-0] WARN  scm.SCMCommonPlacementPolicy (SCMCommonPlacementPolicy.java:filterNodesWithSpace(287)) - Unable to find enough nodes that meet the space requirement of 1073741824 bytes for metadata and 5368709120 bytes for data in healthy node set. Required 3. Found 2.
2024-02-27 21:39:12,687 [RatisPipelineUtilsThread-0] WARN  scm.SCMCommonPlacementPolicy (SCMCommonPlacementPolicy.java:filterNodesWithSpace(287)) - Unable to find enough nodes that meet the space requirement of 1073741824 bytes for metadata and 5368709120 bytes for data in healthy node set. Required 3. Found 2.
2024-02-27 21:39:13,188 [RatisPipelineUtilsThread-0] WARN  scm.SCMCommonPlacementPolicy (SCMCommonPlacementPolicy.java:filterNodesWithSpace(287)) - Unable to find enough nodes that meet the space requirement of 1073741824 bytes for metadata and 5368709120 bytes for data in healthy node set. Required 3. Found 2.
2024-02-27 21:39:13,688 [RatisPipelineUtilsThread-0] WARN  scm.SCMCommonPlacementPolicy (SCMCommonPlacementPolicy.java:filterNodesWithSpace(287)) - Unable to find enough nodes that meet the space requirement of 1073741824 bytes for metadata and 5368709120 bytes for data in healthy node set. Required 3. Found 2.
2024-02-27 21:39:14,189 [RatisPipelineUtilsThread-0] WARN  scm.SCMCommonPlacementPolicy (SCMCommonPlacementPolicy.java:filterNodesWithSpace(287)) - Unable to find enough nodes that meet the space requirement of 1073741824 bytes for metadata and 5368709120 bytes for data in healthy node set. Required 3. Found 2.
2024-02-27 21:39:14,441 [grpc-default-executor-3] WARN  server.GrpcLogAppender (LogUtils.java:warn(121)) - 6d1988e6-d732-42b7-a0ee-62d3ca1ef2f1@group-EE311A528B4F->71df5106-29e4-46d2-b533-d1616e11bc16-AppendLogResponseHandler: Failed appendEntries: org.apache.ratis.thirdparty.io.grpc.StatusRuntimeException: UNAVAILABLE: io exception
2024-02-27 21:39:14,689 [RatisPipelineUtilsThread-0] WARN  scm.SCMCommonPlacementPolicy (SCMCommonPlacementPolicy.java:filterNodesWithSpace(287)) - Unable to find enough nodes that meet the space requirement of 1073741824 bytes for metadata and 5368709120 bytes for data in healthy node set. Required 3. Found 2.
2024-02-27 21:39:14,818 [timer2] WARN  server.GrpcLogAppender (LogUtils.java:warn(121)) - 6d1988e6-d732-42b7-a0ee-62d3ca1ef2f1@group-59E1F7E51CDF->71df5106-29e4-46d2-b533-d1616e11bc16-AppendLogResponseHandler: Failed appendEntries (Repeated 4 times in the last 5.001s): org.apache.ratis.thirdparty.io.grpc.StatusRuntimeException: UNAVAILABLE: io exception
2024-02-27 21:39:14,818 [timer3] WARN  server.GrpcLogAppender (GrpcLogAppender.java:lambda$resetClient$1(217)) - 6d1988e6-d732-42b7-a0ee-62d3ca1ef2f1@group-EE311A528B4F->71df5106-29e4-46d2-b533-d1616e11bc16-GrpcLogAppender: Follower failed (request=null, errorCount=76); keep nextIndex (1) unchanged and retry. (Repeated 6 times in the last 5.000s)
2024-02-27 21:39:15,190 [RatisPipelineUtilsThread-0] WARN  scm.SCMCommonPlacementPolicy (SCMCommonPlacementPolicy.java:filterNodesWithSpace(287)) - Unable to find enough nodes that meet the space requirement of 1073741824 bytes for metadata and 5368709120 bytes for data in healthy node set. Required 3. Found 2.
2024-02-27 21:39:15,690 [RatisPipelineUtilsThread-0] WARN  scm.SCMCommonPlacementPolicy (SCMCommonPlacementPolicy.java:filterNodesWithSpace(287)) - Unable to find enough nodes that meet the space requirement of 1073741824 bytes for metadata and 5368709120 bytes for data in healthy node set. Required 3. Found 2.
2024-02-27 21:39:16,191 [RatisPipelineUtilsThread-0] WARN  scm.SCMCommonPlacementPolicy (SCMCommonPlacementPolicy.java:filterNodesWithSpace(287)) - Unable to find enough nodes that meet the space requirement of 1073741824 bytes for metadata and 5368709120 bytes for data in healthy node set. Required 3. Found 2.
2024-02-27 21:39:16,691 [RatisPipelineUtilsThread-0] WARN  scm.SCMCommonPlacementPolicy (SCMCommonPlacementPolicy.java:filterNodesWithSpace(287)) - Unable to find enough nodes that meet the space requirement of 1073741824 bytes for metadata and 5368709120 bytes for data in healthy node set. Required 3. Found 2.
2024-02-27 21:39:17,192 [RatisPipelineUtilsThread-0] WARN  scm.SCMCommonPlacementPolicy (SCMCommonPlacementPolicy.java:filterNodesWithSpace(287)) - Unable to find enough nodes that meet the space requirement of 1073741824 bytes for metadata and 5368709120 bytes for data in healthy node set. Required 3. Found 2.
2024-02-27 21:39:17,692 [RatisPipelineUtilsThread-0] WARN  scm.SCMCommonPlacementPolicy (SCMCommonPlacementPolicy.java:filterNodesWithSpace(287)) - Unable to find enough nodes that meet the space requirement of 1073741824 bytes for metadata and 5368709120 bytes for data in healthy node set. Required 3. Found 2.
2024-02-27 21:39:17,792 [grpc-default-executor-3] WARN  server.GrpcLogAppender (GrpcLogAppender.java:lambda$resetClient$1(217)) - 6d1988e6-d732-42b7-a0ee-62d3ca1ef2f1@group-EE311A528B4F->71df5106-29e4-46d2-b533-d1616e11bc16-GrpcLogAppender: Follower failed (request=null, errorCount=77); keep nextIndex (1) unchanged and retry.
2024-02-27 21:39:18,193 [RatisPipelineUtilsThread-0] WARN  scm.SCMCommonPlacementPolicy (SCMCommonPlacementPolicy.java:filterNodesWithSpace(287)) - Unable to find enough nodes that meet the space requirement of 1073741824 bytes for metadata and 5368709120 bytes for data in healthy node set. Required 3. Found 2.
2024-02-27 21:39:18,693 [RatisPipelineUtilsThread-0] WARN  scm.SCMCommonPlacementPolicy (SCMCommonPlacementPolicy.java:filterNodesWithSpace(287)) - Unable to find enough nodes that meet the space requirement of 1073741824 bytes for metadata and 5368709120 bytes for data in healthy node set. Required 3. Found 2.
2024-02-27 21:39:18,931 [grpc-default-executor-2] WARN  server.GrpcLogAppender (LogUtils.java:warn(121)) - 6d1988e6-d732-42b7-a0ee-62d3ca1ef2f1@group-59E1F7E51CDF->71df5106-29e4-46d2-b533-d1616e11bc16-AppendLogResponseHandler: Failed appendEntries: org.apache.ratis.thirdparty.io.grpc.StatusRuntimeException: UNAVAILABLE: io exception
2024-02-27 21:39:19,194 [RatisPipelineUtilsThread-0] WARN  scm.SCMCommonPlacementPolicy (SCMCommonPlacementPolicy.java:filterNodesWithSpace(287)) - Unable to find enough nodes that meet the space requirement of 1073741824 bytes for metadata and 5368709120 bytes for data in healthy node set. Required 3. Found 2.
2024-02-27 21:39:19,442 [timer3] WARN  server.GrpcLogAppender (LogUtils.java:warn(121)) - 6d1988e6-d732-42b7-a0ee-62d3ca1ef2f1@group-EE311A528B4F->71df5106-29e4-46d2-b533-d1616e11bc16-AppendLogResponseHandler: Failed appendEntries (Repeated 4 times in the last 5.000s): org.apache.ratis.thirdparty.io.grpc.StatusRuntimeException: UNAVAILABLE: io exception
2024-02-27 21:39:19,694 [RatisPipelineUtilsThread-0] WARN  scm.SCMCommonPlacementPolicy (SCMCommonPlacementPolicy.java:filterNodesWithSpace(287)) - Unable to find enough nodes that meet the space requirement of 1073741824 bytes for metadata and 5368709120 bytes for data in healthy node set. Required 3. Found 2.
2024-02-27 21:39:20,194 [RatisPipelineUtilsThread-0] WARN  scm.SCMCommonPlacementPolicy (SCMCommonPlacementPolicy.java:filterNodesWithSpace(287)) - Unable to find enough nodes that meet the space requirement of 1073741824 bytes for metadata and 5368709120 bytes for data in healthy node set. Required 3. Found 2.
2024-02-27 21:39:20,695 [RatisPipelineUtilsThread-0] WARN  scm.SCMCommonPlacementPolicy (SCMCommonPlacementPolicy.java:filterNodesWithSpace(287)) - Unable to find enough nodes that meet the space requirement of 1073741824 bytes for metadata and 5368709120 bytes for data in healthy node set. Required 3. Found 2.
2024-02-27 21:39:21,195 [RatisPipelineUtilsThread-0] WARN  scm.SCMCommonPlacementPolicy (SCMCommonPlacementPolicy.java:filterNodesWithSpace(287)) - Unable to find enough nodes that meet the space requirement of 1073741824 bytes for metadata and 5368709120 bytes for data in healthy node set. Required 3. Found 2.
2024-02-27 21:39:21,696 [RatisPipelineUtilsThread-0] WARN  scm.SCMCommonPlacementPolicy (SCMCommonPlacementPolicy.java:filterNodesWithSpace(287)) - Unable to find enough nodes that meet the space requirement of 1073741824 bytes for metadata and 5368709120 bytes for data in healthy node set. Required 3. Found 2.
2024-02-27 21:39:22,196 [RatisPipelineUtilsThread-0] WARN  scm.SCMCommonPlacementPolicy (SCMCommonPlacementPolicy.java:filterNodesWithSpace(287)) - Unable to find enough nodes that meet the space requirement of 1073741824 bytes for metadata and 5368709120 bytes for data in healthy node set. Required 3. Found 2.
2024-02-27 21:39:22,696 [RatisPipelineUtilsThread-0] WARN  scm.SCMCommonPlacementPolicy (SCMCommonPlacementPolicy.java:filterNodesWithSpace(287)) - Unable to find enough nodes that meet the space requirement of 1073741824 bytes for metadata and 5368709120 bytes for data in healthy node set. Required 3. Found 2.
2024-02-27 21:39:22,792 [timer3] WARN  server.GrpcLogAppender (GrpcLogAppender.java:lambda$resetClient$1(217)) - 6d1988e6-d732-42b7-a0ee-62d3ca1ef2f1@group-59E1F7E51CDF->71df5106-29e4-46d2-b533-d1616e11bc16-GrpcLogAppender: Follower failed (request=null, errorCount=76); keep nextIndex (1) unchanged and retry. (Repeated 4 times in the last 5.000s)
2024-02-27 21:39:22,980 [grpc-default-executor-2] WARN  server.GrpcLogAppender (GrpcLogAppender.java:lambda$resetClient$1(217)) - 6d1988e6-d732-42b7-a0ee-62d3ca1ef2f1@group-59E1F7E51CDF->71df5106-29e4-46d2-b533-d1616e11bc16-GrpcLogAppender: Follower failed (request=null, errorCount=77); keep nextIndex (1) unchanged and retry.
2024-02-27 21:39:23,197 [RatisPipelineUtilsThread-0] WARN  scm.SCMCommonPlacementPolicy (SCMCommonPlacementPolicy.java:filterNodesWithSpace(287)) - Unable to find enough nodes that meet the space requirement of 1073741824 bytes for metadata and 5368709120 bytes for data in healthy node set. Required 3. Found 2.
2024-02-27 21:39:23,697 [RatisPipelineUtilsThread-0] WARN  scm.SCMCommonPlacementPolicy (SCMCommonPlacementPolicy.java:filterNodesWithSpace(287)) - Unable to find enough nodes that meet the space requirement of 1073741824 bytes for metadata and 5368709120 bytes for data in healthy node set. Required 3. Found 2.
2024-02-27 21:39:23,932 [timer3] WARN  server.GrpcLogAppender (LogUtils.java:warn(121)) - 6d1988e6-d732-42b7-a0ee-62d3ca1ef2f1@group-59E1F7E51CDF->71df5106-29e4-46d2-b533-d1616e11bc16-AppendLogResponseHandler: Failed appendEntries (Repeated 4 times in the last 5.001s): org.apache.ratis.thirdparty.io.grpc.StatusRuntimeException: UNAVAILABLE: io exception
2024-02-27 21:39:24,180 [grpc-default-executor-3] WARN  server.GrpcLogAppender (LogUtils.java:warn(121)) - 6d1988e6-d732-42b7-a0ee-62d3ca1ef2f1@group-EE311A528B4F->71df5106-29e4-46d2-b533-d1616e11bc16-AppendLogResponseHandler: Failed appendEntries: org.apache.ratis.thirdparty.io.grpc.StatusRuntimeException: UNAVAILABLE: io exception
2024-02-27 21:39:24,198 [RatisPipelineUtilsThread-0] WARN  scm.SCMCommonPlacementPolicy (SCMCommonPlacementPolicy.java:filterNodesWithSpace(287)) - Unable to find enough nodes that meet the space requirement of 1073741824 bytes for metadata and 5368709120 bytes for data in healthy node set. Required 3. Found 2.
2024-02-27 21:39:24,698 [RatisPipelineUtilsThread-0] WARN  scm.SCMCommonPlacementPolicy (SCMCommonPlacementPolicy.java:filterNodesWithSpace(287)) - Unable to find enough nodes that meet the space requirement of 1073741824 bytes for metadata and 5368709120 bytes for data in healthy node set. Required 3. Found 2.
2024-02-27 21:39:25,198 [RatisPipelineUtilsThread-0] WARN  scm.SCMCommonPlacementPolicy (SCMCommonPlacementPolicy.java:filterNodesWithSpace(287)) - Unable to find enough nodes that meet the space requirement of 1073741824 bytes for metadata and 5368709120 bytes for data in healthy node set. Required 3. Found 2.
2024-02-27 21:39:25,699 [RatisPipelineUtilsThread-0] WARN  scm.SCMCommonPlacementPolicy (SCMCommonPlacementPolicy.java:filterNodesWithSpace(287)) - Unable to find enough nodes that meet the space requirement of 1073741824 bytes for metadata and 5368709120 bytes for data in healthy node set. Required 3. Found 2.
2024-02-27 21:39:26,199 [RatisPipelineUtilsThread-0] WARN  scm.SCMCommonPlacementPolicy (SCMCommonPlacementPolicy.java:filterNodesWithSpace(287)) - Unable to find enough nodes that meet the space requirement of 1073741824 bytes for metadata and 5368709120 bytes for data in healthy node set. Required 3. Found 2.
2024-02-27 21:39:26,700 [RatisPipelineUtilsThread-0] WARN  scm.SCMCommonPlacementPolicy (SCMCommonPlacementPolicy.java:filterNodesWithSpace(287)) - Unable to find enough nodes that meet the space requirement of 1073741824 bytes for metadata and 5368709120 bytes for data in healthy node set. Required 3. Found 2.
2024-02-27 21:39:27,200 [RatisPipelineUtilsThread-0] WARN  scm.SCMCommonPlacementPolicy (SCMCommonPlacementPolicy.java:filterNodesWithSpace(287)) - Unable to find enough nodes that meet the space requirement of 1073741824 bytes for metadata and 5368709120 bytes for data in healthy node set. Required 3. Found 2.
2024-02-27 21:39:27,701 [RatisPipelineUtilsThread-0] WARN  scm.SCMCommonPlacementPolicy (SCMCommonPlacementPolicy.java:filterNodesWithSpace(287)) - Unable to find enough nodes that meet the space requirement of 1073741824 bytes for metadata and 5368709120 bytes for data in healthy node set. Required 3. Found 2.
2024-02-27 21:39:27,980 [timer2] WARN  server.GrpcLogAppender (GrpcLogAppender.java:lambda$resetClient$1(217)) - 6d1988e6-d732-42b7-a0ee-62d3ca1ef2f1@group-EE311A528B4F->71df5106-29e4-46d2-b533-d1616e11bc16-GrpcLogAppender: Follower failed (request=null, errorCount=82); keep nextIndex (1) unchanged and retry. (Repeated 6 times in the last 5.000s)
2024-02-27 21:39:28,201 [RatisPipelineUtilsThread-0] WARN  scm.SCMCommonPlacementPolicy (SCMCommonPlacementPolicy.java:filterNodesWithSpace(287)) - Unable to find enough nodes that meet the space requirement of 1073741824 bytes for metadata and 5368709120 bytes for data in healthy node set. Required 3. Found 2.
2024-02-27 21:39:28,406 [grpc-default-executor-2] WARN  server.GrpcLogAppender (LogUtils.java:warn(121)) - 6d1988e6-d732-42b7-a0ee-62d3ca1ef2f1@group-59E1F7E51CDF->71df5106-29e4-46d2-b533-d1616e11bc16-AppendLogResponseHandler: Failed appendEntries: org.apache.ratis.thirdparty.io.grpc.StatusRuntimeException: UNAVAILABLE: io exception
2024-02-27 21:39:28,407 [grpc-default-executor-3] WARN  server.GrpcLogAppender (GrpcLogAppender.java:lambda$resetClient$1(217)) - 6d1988e6-d732-42b7-a0ee-62d3ca1ef2f1@group-59E1F7E51CDF->71df5106-29e4-46d2-b533-d1616e11bc16-GrpcLogAppender: Follower failed (request=null, errorCount=79); keep nextIndex (1) unchanged and retry.
2024-02-27 21:39:28,702 [RatisPipelineUtilsThread-0] WARN  scm.SCMCommonPlacementPolicy (SCMCommonPlacementPolicy.java:filterNodesWithSpace(287)) - Unable to find enough nodes that meet the space requirement of 1073741824 bytes for metadata and 5368709120 bytes for data in healthy node set. Required 3. Found 2.
2024-02-27 21:39:29,181 [timer2] WARN  server.GrpcLogAppender (LogUtils.java:warn(121)) - 6d1988e6-d732-42b7-a0ee-62d3ca1ef2f1@group-EE311A528B4F->71df5106-29e4-46d2-b533-d1616e11bc16-AppendLogResponseHandler: Failed appendEntries (Repeated 4 times in the last 5.001s): org.apache.ratis.thirdparty.io.grpc.StatusRuntimeException: UNAVAILABLE: io exception
2024-02-27 21:39:29,202 [RatisPipelineUtilsThread-0] WARN  scm.SCMCommonPlacementPolicy (SCMCommonPlacementPolicy.java:filterNodesWithSpace(287)) - Unable to find enough nodes that meet the space requirement of 1073741824 bytes for metadata and 5368709120 bytes for data in healthy node set. Required 3. Found 2.
2024-02-27 21:39:29,703 [RatisPipelineUtilsThread-0] WARN  scm.SCMCommonPlacementPolicy (SCMCommonPlacementPolicy.java:filterNodesWithSpace(287)) - Unable to find enough nodes that meet the space requirement of 1073741824 bytes for metadata and 5368709120 bytes for data in healthy node set. Required 3. Found 2.
2024-02-27 21:39:30,203 [RatisPipelineUtilsThread-0] WARN  scm.SCMCommonPlacementPolicy (SCMCommonPlacementPolicy.java:filterNodesWithSpace(287)) - Unable to find enough nodes that meet the space requirement of 1073741824 bytes for metadata and 5368709120 bytes for data in healthy node set. Required 3. Found 2.
2024-02-27 21:39:30,704 [RatisPipelineUtilsThread-0] WARN  scm.SCMCommonPlacementPolicy (SCMCommonPlacementPolicy.java:filterNodesWithSpace(287)) - Unable to find enough nodes that meet the space requirement of 1073741824 bytes for metadata and 5368709120 bytes for data in healthy node set. Required 3. Found 2.
2024-02-27 21:39:31,204 [RatisPipelineUtilsThread-0] WARN  scm.SCMCommonPlacementPolicy (SCMCommonPlacementPolicy.java:filterNodesWithSpace(287)) - Unable to find enough nodes that meet the space requirement of 1073741824 bytes for metadata and 5368709120 bytes for data in healthy node set. Required 3. Found 2.
2024-02-27 21:39:31,705 [RatisPipelineUtilsThread-0] WARN  scm.SCMCommonPlacementPolicy (SCMCommonPlacementPolicy.java:filterNodesWithSpace(287)) - Unable to find enough nodes that meet the space requirement of 1073741824 bytes for metadata and 5368709120 bytes for data in healthy node set. Required 3. Found 2.
2024-02-27 21:39:32,205 [RatisPipelineUtilsThread-0] WARN  scm.SCMCommonPlacementPolicy (SCMCommonPlacementPolicy.java:filterNodesWithSpace(287)) - Unable to find enough nodes that meet the space requirement of 1073741824 bytes for metadata and 5368709120 bytes for data in healthy node set. Required 3. Found 2.
2024-02-27 21:39:32,706 [RatisPipelineUtilsThread-0] WARN  scm.SCMCommonPlacementPolicy (SCMCommonPlacementPolicy.java:filterNodesWithSpace(287)) - Unable to find enough nodes that meet the space requirement of 1073741824 bytes for metadata and 5368709120 bytes for data in healthy node set. Required 3. Found 2.
2024-02-27 21:39:32,789 [grpc-default-executor-3] WARN  server.GrpcLogAppender (LogUtils.java:warn(121)) - 6d1988e6-d732-42b7-a0ee-62d3ca1ef2f1@group-EE311A528B4F->71df5106-29e4-46d2-b533-d1616e11bc16-AppendLogResponseHandler: Failed appendEntries: org.apache.ratis.thirdparty.io.grpc.StatusRuntimeException: UNAVAILABLE: io exception
2024-02-27 21:39:33,206 [RatisPipelineUtilsThread-0] WARN  scm.SCMCommonPlacementPolicy (SCMCommonPlacementPolicy.java:filterNodesWithSpace(287)) - Unable to find enough nodes that meet the space requirement of 1073741824 bytes for metadata and 5368709120 bytes for data in healthy node set. Required 3. Found 2.
2024-02-27 21:39:33,407 [timer3] WARN  server.GrpcLogAppender (LogUtils.java:warn(121)) - 6d1988e6-d732-42b7-a0ee-62d3ca1ef2f1@group-59E1F7E51CDF->71df5106-29e4-46d2-b533-d1616e11bc16-AppendLogResponseHandler: Failed appendEntries (Repeated 4 times in the last 5.001s): org.apache.ratis.thirdparty.io.grpc.StatusRuntimeException: UNAVAILABLE: io exception
2024-02-27 21:39:33,407 [timer4] WARN  server.GrpcLogAppender (GrpcLogAppender.java:lambda$resetClient$1(217)) - 6d1988e6-d732-42b7-a0ee-62d3ca1ef2f1@group-EE311A528B4F->71df5106-29e4-46d2-b533-d1616e11bc16-GrpcLogAppender: Follower failed (request=null, errorCount=84); keep nextIndex (1) unchanged and retry. (Repeated 6 times in the last 5.000s)
2024-02-27 21:39:33,707 [RatisPipelineUtilsThread-0] WARN  scm.SCMCommonPlacementPolicy (SCMCommonPlacementPolicy.java:filterNodesWithSpace(287)) - Unable to find enough nodes that meet the space requirement of 1073741824 bytes for metadata and 5368709120 bytes for data in healthy node set. Required 3. Found 2.
2024-02-27 21:39:34,207 [RatisPipelineUtilsThread-0] WARN  scm.SCMCommonPlacementPolicy (SCMCommonPlacementPolicy.java:filterNodesWithSpace(287)) - Unable to find enough nodes that meet the space requirement of 1073741824 bytes for metadata and 5368709120 bytes for data in healthy node set. Required 3. Found 2.
2024-02-27 21:39:34,708 [RatisPipelineUtilsThread-0] WARN  scm.SCMCommonPlacementPolicy (SCMCommonPlacementPolicy.java:filterNodesWithSpace(287)) - Unable to find enough nodes that meet the space requirement of 1073741824 bytes for metadata and 5368709120 bytes for data in healthy node set. Required 3. Found 2.
2024-02-27 21:39:35,208 [RatisPipelineUtilsThread-0] WARN  scm.SCMCommonPlacementPolicy (SCMCommonPlacementPolicy.java:filterNodesWithSpace(287)) - Unable to find enough nodes that meet the space requirement of 1073741824 bytes for metadata and 5368709120 bytes for data in healthy node set. Required 3. Found 2.
2024-02-27 21:39:35,602 [grpc-default-executor-3] WARN  server.GrpcLogAppender (GrpcLogAppender.java:lambda$resetClient$1(217)) - 6d1988e6-d732-42b7-a0ee-62d3ca1ef2f1@group-EE311A528B4F->71df5106-29e4-46d2-b533-d1616e11bc16-GrpcLogAppender: Follower failed (request=null, errorCount=85); keep nextIndex (1) unchanged and retry.
2024-02-27 21:39:35,709 [RatisPipelineUtilsThread-0] WARN  scm.SCMCommonPlacementPolicy (SCMCommonPlacementPolicy.java:filterNodesWithSpace(287)) - Unable to find enough nodes that meet the space requirement of 1073741824 bytes for metadata and 5368709120 bytes for data in healthy node set. Required 3. Found 2.
2024-02-27 21:39:36,209 [RatisPipelineUtilsThread-0] WARN  scm.SCMCommonPlacementPolicy (SCMCommonPlacementPolicy.java:filterNodesWithSpace(287)) - Unable to find enough nodes that meet the space requirement of 1073741824 bytes for metadata and 5368709120 bytes for data in healthy node set. Required 3. Found 2.
2024-02-27 21:39:36,709 [RatisPipelineUtilsThread-0] WARN  scm.SCMCommonPlacementPolicy (SCMCommonPlacementPolicy.java:filterNodesWithSpace(287)) - Unable to find enough nodes that meet the space requirement of 1073741824 bytes for metadata and 5368709120 bytes for data in healthy node set. Required 3. Found 2.
2024-02-27 21:39:37,210 [RatisPipelineUtilsThread-0] WARN  scm.SCMCommonPlacementPolicy (SCMCommonPlacementPolicy.java:filterNodesWithSpace(287)) - Unable to find enough nodes that meet the space requirement of 1073741824 bytes for metadata and 5368709120 bytes for data in healthy node set. Required 3. Found 2.
2024-02-27 21:39:37,710 [RatisPipelineUtilsThread-0] WARN  scm.SCMCommonPlacementPolicy (SCMCommonPlacementPolicy.java:filterNodesWithSpace(287)) - Unable to find enough nodes that meet the space requirement of 1073741824 bytes for metadata and 5368709120 bytes for data in healthy node set. Required 3. Found 2.
2024-02-27 21:39:37,790 [timer4] WARN  server.GrpcLogAppender (LogUtils.java:warn(121)) - 6d1988e6-d732-42b7-a0ee-62d3ca1ef2f1@group-EE311A528B4F->71df5106-29e4-46d2-b533-d1616e11bc16-AppendLogResponseHandler: Failed appendEntries (Repeated 4 times in the last 5.001s): org.apache.ratis.thirdparty.io.grpc.StatusRuntimeException: UNAVAILABLE: io exception
2024-02-27 21:39:38,211 [RatisPipelineUtilsThread-0] WARN  scm.SCMCommonPlacementPolicy (SCMCommonPlacementPolicy.java:filterNodesWithSpace(287)) - Unable to find enough nodes that meet the space requirement of 1073741824 bytes for metadata and 5368709120 bytes for data in healthy node set. Required 3. Found 2.
2024-02-27 21:39:38,653 [grpc-default-executor-2] WARN  server.GrpcLogAppender (LogUtils.java:warn(121)) - 6d1988e6-d732-42b7-a0ee-62d3ca1ef2f1@group-59E1F7E51CDF->71df5106-29e4-46d2-b533-d1616e11bc16-AppendLogResponseHandler: Failed appendEntries: org.apache.ratis.thirdparty.io.grpc.StatusRuntimeException: UNAVAILABLE: io exception
2024-02-27 21:39:38,711 [RatisPipelineUtilsThread-0] WARN  scm.SCMCommonPlacementPolicy (SCMCommonPlacementPolicy.java:filterNodesWithSpace(287)) - Unable to find enough nodes that meet the space requirement of 1073741824 bytes for metadata and 5368709120 bytes for data in healthy node set. Required 3. Found 2.
2024-02-27 21:39:39,211 [RatisPipelineUtilsThread-0] WARN  scm.SCMCommonPlacementPolicy (SCMCommonPlacementPolicy.java:filterNodesWithSpace(287)) - Unable to find enough nodes that meet the space requirement of 1073741824 bytes for metadata and 5368709120 bytes for data in healthy node set. Required 3. Found 2.
2024-02-27 21:39:39,712 [RatisPipelineUtilsThread-0] WARN  scm.SCMCommonPlacementPolicy (SCMCommonPlacementPolicy.java:filterNodesWithSpace(287)) - Unable to find enough nodes that meet the space requirement of 1073741824 bytes for metadata and 5368709120 bytes for data in healthy node set. Required 3. Found 2.
2024-02-27 21:39:40,212 [RatisPipelineUtilsThread-0] WARN  scm.SCMCommonPlacementPolicy (SCMCommonPlacementPolicy.java:filterNodesWithSpace(287)) - Unable to find enough nodes that meet the space requirement of 1073741824 bytes for metadata and 5368709120 bytes for data in healthy node set. Required 3. Found 2.
2024-02-27 21:39:40,602 [timer2] WARN  server.GrpcLogAppender (GrpcLogAppender.java:lambda$resetClient$1(217)) - 6d1988e6-d732-42b7-a0ee-62d3ca1ef2f1@group-59E1F7E51CDF->71df5106-29e4-46d2-b533-d1616e11bc16-GrpcLogAppender: Follower failed (request=null, errorCount=84); keep nextIndex (1) unchanged and retry. (Repeated 4 times in the last 4.999s)
2024-02-27 21:39:40,712 [RatisPipelineUtilsThread-0] WARN  scm.SCMCommonPlacementPolicy (SCMCommonPlacementPolicy.java:filterNodesWithSpace(287)) - Unable to find enough nodes that meet the space requirement of 1073741824 bytes for metadata and 5368709120 bytes for data in healthy node set. Required 3. Found 2.
2024-02-27 21:39:41,213 [RatisPipelineUtilsThread-0] WARN  scm.SCMCommonPlacementPolicy (SCMCommonPlacementPolicy.java:filterNodesWithSpace(287)) - Unable to find enough nodes that meet the space requirement of 1073741824 bytes for metadata and 5368709120 bytes for data in healthy node set. Required 3. Found 2.
2024-02-27 21:39:41,713 [RatisPipelineUtilsThread-0] WARN  scm.SCMCommonPlacementPolicy (SCMCommonPlacementPolicy.java:filterNodesWithSpace(287)) - Unable to find enough nodes that meet the space requirement of 1073741824 bytes for metadata and 5368709120 bytes for data in healthy node set. Required 3. Found 2.
2024-02-27 21:39:41,809 [grpc-default-executor-2] WARN  server.GrpcLogAppender (LogUtils.java:warn(121)) - 6d1988e6-d732-42b7-a0ee-62d3ca1ef2f1@group-EE311A528B4F->71df5106-29e4-46d2-b533-d1616e11bc16-AppendLogResponseHandler: Failed appendEntries: org.apache.ratis.thirdparty.io.grpc.StatusRuntimeException: UNAVAILABLE: io exception
2024-02-27 21:39:41,810 [grpc-default-executor-3] WARN  server.GrpcLogAppender (GrpcLogAppender.java:lambda$resetClient$1(217)) - 6d1988e6-d732-42b7-a0ee-62d3ca1ef2f1@group-EE311A528B4F->71df5106-29e4-46d2-b533-d1616e11bc16-GrpcLogAppender: Follower failed (request=null, errorCount=87); keep nextIndex (1) unchanged and retry.
2024-02-27 21:39:42,213 [RatisPipelineUtilsThread-0] WARN  scm.SCMCommonPlacementPolicy (SCMCommonPlacementPolicy.java:filterNodesWithSpace(287)) - Unable to find enough nodes that meet the space requirement of 1073741824 bytes for metadata and 5368709120 bytes for data in healthy node set. Required 3. Found 2.
2024-02-27 21:39:42,714 [RatisPipelineUtilsThread-0] WARN  scm.SCMCommonPlacementPolicy (SCMCommonPlacementPolicy.java:filterNodesWithSpace(287)) - Unable to find enough nodes that meet the space requirement of 1073741824 bytes for metadata and 5368709120 bytes for data in healthy node set. Required 3. Found 2.
2024-02-27 21:39:43,214 [RatisPipelineUtilsThread-0] WARN  scm.SCMCommonPlacementPolicy (SCMCommonPlacementPolicy.java:filterNodesWithSpace(287)) - Unable to find enough nodes that meet the space requirement of 1073741824 bytes for metadata and 5368709120 bytes for data in healthy node set. Required 3. Found 2.
2024-02-27 21:39:43,654 [timer2] WARN  server.GrpcLogAppender (LogUtils.java:warn(121)) - 6d1988e6-d732-42b7-a0ee-62d3ca1ef2f1@group-59E1F7E51CDF->71df5106-29e4-46d2-b533-d1616e11bc16-AppendLogResponseHandler: Failed appendEntries (Repeated 2 times in the last 5.001s): org.apache.ratis.thirdparty.io.grpc.StatusRuntimeException: UNAVAILABLE: io exception
2024-02-27 21:39:43,714 [RatisPipelineUtilsThread-0] WARN  scm.SCMCommonPlacementPolicy (SCMCommonPlacementPolicy.java:filterNodesWithSpace(287)) - Unable to find enough nodes that meet the space requirement of 1073741824 bytes for metadata and 5368709120 bytes for data in healthy node set. Required 3. Found 2.
2024-02-27 21:39:44,215 [RatisPipelineUtilsThread-0] WARN  scm.SCMCommonPlacementPolicy (SCMCommonPlacementPolicy.java:filterNodesWithSpace(287)) - Unable to find enough nodes that meet the space requirement of 1073741824 bytes for metadata and 5368709120 bytes for data in healthy node set. Required 3. Found 2.
2024-02-27 21:39:44,249 [grpc-default-executor-2] WARN  server.GrpcLogAppender (LogUtils.java:warn(121)) - 6d1988e6-d732-42b7-a0ee-62d3ca1ef2f1@group-59E1F7E51CDF->71df5106-29e4-46d2-b533-d1616e11bc16-AppendLogResponseHandler: Failed appendEntries: org.apache.ratis.thirdparty.io.grpc.StatusRuntimeException: UNAVAILABLE: io exception
2024-02-27 21:39:44,715 [RatisPipelineUtilsThread-0] WARN  scm.SCMCommonPlacementPolicy (SCMCommonPlacementPolicy.java:filterNodesWithSpace(287)) - Unable to find enough nodes that meet the space requirement of 1073741824 bytes for metadata and 5368709120 bytes for data in healthy node set. Required 3. Found 2.
2024-02-27 21:39:45,215 [RatisPipelineUtilsThread-0] WARN  scm.SCMCommonPlacementPolicy (SCMCommonPlacementPolicy.java:filterNodesWithSpace(287)) - Unable to find enough nodes that meet the space requirement of 1073741824 bytes for metadata and 5368709120 bytes for data in healthy node set. Required 3. Found 2.
2024-02-27 21:39:45,716 [RatisPipelineUtilsThread-0] WARN  scm.SCMCommonPlacementPolicy (SCMCommonPlacementPolicy.java:filterNodesWithSpace(287)) - Unable to find enough nodes that meet the space requirement of 1073741824 bytes for metadata and 5368709120 bytes for data in healthy node set. Required 3. Found 2.
2024-02-27 21:39:46,216 [RatisPipelineUtilsThread-0] WARN  scm.SCMCommonPlacementPolicy (SCMCommonPlacementPolicy.java:filterNodesWithSpace(287)) - Unable to find enough nodes that meet the space requirement of 1073741824 bytes for metadata and 5368709120 bytes for data in healthy node set. Required 3. Found 2.
2024-02-27 21:39:46,716 [RatisPipelineUtilsThread-0] WARN  scm.SCMCommonPlacementPolicy (SCMCommonPlacementPolicy.java:filterNodesWithSpace(287)) - Unable to find enough nodes that meet the space requirement of 1073741824 bytes for metadata and 5368709120 bytes for data in healthy node set. Required 3. Found 2.
2024-02-27 21:39:46,810 [timer2] WARN  server.GrpcLogAppender (LogUtils.java:warn(121)) - 6d1988e6-d732-42b7-a0ee-62d3ca1ef2f1@group-EE311A528B4F->71df5106-29e4-46d2-b533-d1616e11bc16-AppendLogResponseHandler: Failed appendEntries (Repeated 4 times in the last 5.001s): org.apache.ratis.thirdparty.io.grpc.StatusRuntimeException: UNAVAILABLE: io exception
2024-02-27 21:39:46,810 [timer3] WARN  server.GrpcLogAppender (GrpcLogAppender.java:lambda$resetClient$1(217)) - 6d1988e6-d732-42b7-a0ee-62d3ca1ef2f1@group-EE311A528B4F->71df5106-29e4-46d2-b533-d1616e11bc16-GrpcLogAppender: Follower failed (request=null, errorCount=90); keep nextIndex (1) unchanged and retry. (Repeated 6 times in the last 5.000s)
2024-02-27 21:39:47,217 [RatisPipelineUtilsThread-0] WARN  scm.SCMCommonPlacementPolicy (SCMCommonPlacementPolicy.java:filterNodesWithSpace(287)) - Unable to find enough nodes that meet the space requirement of 1073741824 bytes for metadata and 5368709120 bytes for data in healthy node set. Required 3. Found 2.
2024-02-27 21:39:47,717 [RatisPipelineUtilsThread-0] WARN  scm.SCMCommonPlacementPolicy (SCMCommonPlacementPolicy.java:filterNodesWithSpace(287)) - Unable to find enough nodes that meet the space requirement of 1073741824 bytes for metadata and 5368709120 bytes for data in healthy node set. Required 3. Found 2.
2024-02-27 21:39:48,217 [RatisPipelineUtilsThread-0] WARN  scm.SCMCommonPlacementPolicy (SCMCommonPlacementPolicy.java:filterNodesWithSpace(287)) - Unable to find enough nodes that meet the space requirement of 1073741824 bytes for metadata and 5368709120 bytes for data in healthy node set. Required 3. Found 2.
2024-02-27 21:39:48,718 [RatisPipelineUtilsThread-0] WARN  scm.SCMCommonPlacementPolicy (SCMCommonPlacementPolicy.java:filterNodesWithSpace(287)) - Unable to find enough nodes that meet the space requirement of 1073741824 bytes for metadata and 5368709120 bytes for data in healthy node set. Required 3. Found 2.
2024-02-27 21:39:49,218 [RatisPipelineUtilsThread-0] WARN  scm.SCMCommonPlacementPolicy (SCMCommonPlacementPolicy.java:filterNodesWithSpace(287)) - Unable to find enough nodes that meet the space requirement of 1073741824 bytes for metadata and 5368709120 bytes for data in healthy node set. Required 3. Found 2.
2024-02-27 21:39:49,251 [timer3] WARN  server.GrpcLogAppender (LogUtils.java:warn(121)) - 6d1988e6-d732-42b7-a0ee-62d3ca1ef2f1@group-59E1F7E51CDF->71df5106-29e4-46d2-b533-d1616e11bc16-AppendLogResponseHandler: Failed appendEntries (Repeated 2 times in the last 5.001s): org.apache.ratis.thirdparty.io.grpc.StatusRuntimeException: UNAVAILABLE: io exception
2024-02-27 21:39:49,718 [RatisPipelineUtilsThread-0] WARN  scm.SCMCommonPlacementPolicy (SCMCommonPlacementPolicy.java:filterNodesWithSpace(287)) - Unable to find enough nodes that meet the space requirement of 1073741824 bytes for metadata and 5368709120 bytes for data in healthy node set. Required 3. Found 2.
2024-02-27 21:39:50,219 [RatisPipelineUtilsThread-0] WARN  scm.SCMCommonPlacementPolicy (SCMCommonPlacementPolicy.java:filterNodesWithSpace(287)) - Unable to find enough nodes that meet the space requirement of 1073741824 bytes for metadata and 5368709120 bytes for data in healthy node set. Required 3. Found 2.
2024-02-27 21:39:50,719 [RatisPipelineUtilsThread-0] WARN  scm.SCMCommonPlacementPolicy (SCMCommonPlacementPolicy.java:filterNodesWithSpace(287)) - Unable to find enough nodes that meet the space requirement of 1073741824 bytes for metadata and 5368709120 bytes for data in healthy node set. Required 3. Found 2.
2024-02-27 21:39:51,179 [grpc-default-executor-3] WARN  server.GrpcLogAppender (LogUtils.java:warn(121)) - 6d1988e6-d732-42b7-a0ee-62d3ca1ef2f1@group-59E1F7E51CDF->71df5106-29e4-46d2-b533-d1616e11bc16-AppendLogResponseHandler: Failed appendEntries: org.apache.ratis.thirdparty.io.grpc.StatusRuntimeException: UNAVAILABLE: io exception
2024-02-27 21:39:51,180 [grpc-default-executor-2] WARN  server.GrpcLogAppender (GrpcLogAppender.java:lambda$resetClient$1(217)) - 6d1988e6-d732-42b7-a0ee-62d3ca1ef2f1@group-59E1F7E51CDF->71df5106-29e4-46d2-b533-d1616e11bc16-GrpcLogAppender: Follower failed (request=null, errorCount=87); keep nextIndex (1) unchanged and retry.
2024-02-27 21:39:51,220 [RatisPipelineUtilsThread-0] WARN  scm.SCMCommonPlacementPolicy (SCMCommonPlacementPolicy.java:filterNodesWithSpace(287)) - Unable to find enough nodes that meet the space requirement of 1073741824 bytes for metadata and 5368709120 bytes for data in healthy node set. Required 3. Found 2.
2024-02-27 21:39:51,720 [RatisPipelineUtilsThread-0] WARN  scm.SCMCommonPlacementPolicy (SCMCommonPlacementPolicy.java:filterNodesWithSpace(287)) - Unable to find enough nodes that meet the space requirement of 1073741824 bytes for metadata and 5368709120 bytes for data in healthy node set. Required 3. Found 2.
2024-02-27 21:39:52,220 [RatisPipelineUtilsThread-0] WARN  scm.SCMCommonPlacementPolicy (SCMCommonPlacementPolicy.java:filterNodesWithSpace(287)) - Unable to find enough nodes that meet the space requirement of 1073741824 bytes for metadata and 5368709120 bytes for data in healthy node set. Required 3. Found 2.
2024-02-27 21:39:52,341 [grpc-default-executor-3] WARN  server.GrpcLogAppender (LogUtils.java:warn(121)) - 6d1988e6-d732-42b7-a0ee-62d3ca1ef2f1@group-EE311A528B4F->71df5106-29e4-46d2-b533-d1616e11bc16-AppendLogResponseHandler: Failed appendEntries: org.apache.ratis.thirdparty.io.grpc.StatusRuntimeException: UNAVAILABLE: io exception
2024-02-27 21:39:52,721 [RatisPipelineUtilsThread-0] WARN  scm.SCMCommonPlacementPolicy (SCMCommonPlacementPolicy.java:filterNodesWithSpace(287)) - Unable to find enough nodes that meet the space requirement of 1073741824 bytes for metadata and 5368709120 bytes for data in healthy node set. Required 3. Found 2.
2024-02-27 21:39:53,221 [RatisPipelineUtilsThread-0] WARN  scm.SCMCommonPlacementPolicy (SCMCommonPlacementPolicy.java:filterNodesWithSpace(287)) - Unable to find enough nodes that meet the space requirement of 1073741824 bytes for metadata and 5368709120 bytes for data in healthy node set. Required 3. Found 2.
2024-02-27 21:39:53,721 [RatisPipelineUtilsThread-0] WARN  scm.SCMCommonPlacementPolicy (SCMCommonPlacementPolicy.java:filterNodesWithSpace(287)) - Unable to find enough nodes that meet the space requirement of 1073741824 bytes for metadata and 5368709120 bytes for data in healthy node set. Required 3. Found 2.
2024-02-27 21:39:54,222 [RatisPipelineUtilsThread-0] WARN  scm.SCMCommonPlacementPolicy (SCMCommonPlacementPolicy.java:filterNodesWithSpace(287)) - Unable to find enough nodes that meet the space requirement of 1073741824 bytes for metadata and 5368709120 bytes for data in healthy node set. Required 3. Found 2.
2024-02-27 21:39:54,436 [JvmPauseMonitor10] INFO  util.JvmPauseMonitor (JvmPauseMonitor.java:run(152)) - JvmPauseMonitor-71df5106-29e4-46d2-b533-d1616e11bc16: Stopped
2024-02-27 21:39:54,436 [main] ERROR server.XceiverServerGrpc (XceiverServerGrpc.java:stop(216)) - failed to shutdown XceiverServerGrpc
java.lang.InterruptedException: DefaultPromise@7d30f905(incomplete)
	at org.apache.ratis.thirdparty.io.netty.util.concurrent.DefaultPromise.await(DefaultPromise.java:245)
	at org.apache.ratis.thirdparty.io.netty.util.concurrent.DefaultPromise.sync(DefaultPromise.java:405)
	at org.apache.ratis.thirdparty.io.netty.util.concurrent.DefaultPromise.sync(DefaultPromise.java:35)
	at org.apache.hadoop.ozone.container.common.transport.server.XceiverServerGrpc.stop(XceiverServerGrpc.java:214)
	at org.apache.hadoop.ozone.container.ozoneimpl.OzoneContainer.stop(OzoneContainer.java:485)
	at org.apache.hadoop.ozone.container.common.statemachine.DatanodeStateMachine.close(DatanodeStateMachine.java:447)
	at org.apache.hadoop.ozone.container.common.statemachine.DatanodeStateMachine.stopDaemon(DatanodeStateMachine.java:637)
	at org.apache.hadoop.ozone.HddsDatanodeService.stop(HddsDatanodeService.java:550)
	at org.apache.hadoop.ozone.MiniOzoneClusterImpl.stopDatanode(MiniOzoneClusterImpl.java:480)
	at org.apache.hadoop.ozone.MiniOzoneClusterImpl.shutdownHddsDatanode(MiniOzoneClusterImpl.java:382)
	at org.apache.hadoop.ozone.MiniOzoneClusterImpl.shutdownHddsDatanode(MiniOzoneClusterImpl.java:387)
	at org.apache.hadoop.hdds.scm.pipeline.TestRatisPipelineCreateAndDestroy.testPipelineCreationOnNodeRestart(TestRatisPipelineCreateAndDestroy.java:136)
	at sun.reflect.NativeMethodAccessorImpl.invoke0(Native Method)
	at sun.reflect.NativeMethodAccessorImpl.invoke(NativeMethodAccessorImpl.java:62)
	at sun.reflect.DelegatingMethodAccessorImpl.invoke(DelegatingMethodAccessorImpl.java:43)
	at java.lang.reflect.Method.invoke(Method.java:498)
	at org.junit.platform.commons.util.ReflectionUtils.invokeMethod(ReflectionUtils.java:728)
	at org.junit.jupiter.engine.execution.MethodInvocation.proceed(MethodInvocation.java:60)
	at org.junit.jupiter.engine.execution.InvocationInterceptorChain$ValidatingInvocation.proceed(InvocationInterceptorChain.java:131)
	at org.junit.jupiter.engine.extension.SameThreadTimeoutInvocation.proceed(SameThreadTimeoutInvocation.java:45)
	at org.junit.jupiter.engine.extension.TimeoutExtension.intercept(TimeoutExtension.java:156)
	at org.junit.jupiter.engine.extension.TimeoutExtension.interceptTestableMethod(TimeoutExtension.java:147)
	at org.junit.jupiter.engine.extension.TimeoutExtension.interceptTestMethod(TimeoutExtension.java:86)
	at org.junit.jupiter.engine.execution.InterceptingExecutableInvoker$ReflectiveInterceptorCall.lambda$ofVoidMethod$0(InterceptingExecutableInvoker.java:103)
	at org.junit.jupiter.engine.execution.InterceptingExecutableInvoker.lambda$invoke$0(InterceptingExecutableInvoker.java:93)
	at org.junit.jupiter.engine.execution.InvocationInterceptorChain$InterceptedInvocation.proceed(InvocationInterceptorChain.java:106)
	at org.junit.jupiter.engine.execution.InvocationInterceptorChain.proceed(InvocationInterceptorChain.java:64)
	at org.junit.jupiter.engine.execution.InvocationInterceptorChain.chainAndInvoke(InvocationInterceptorChain.java:45)
	at org.junit.jupiter.engine.execution.InvocationInterceptorChain.invoke(InvocationInterceptorChain.java:37)
	at org.junit.jupiter.engine.execution.InterceptingExecutableInvoker.invoke(InterceptingExecutableInvoker.java:92)
	at org.junit.jupiter.engine.execution.InterceptingExecutableInvoker.invoke(InterceptingExecutableInvoker.java:86)
	at org.junit.jupiter.engine.descriptor.TestMethodTestDescriptor.lambda$invokeTestMethod$7(TestMethodTestDescriptor.java:218)
	at org.junit.platform.engine.support.hierarchical.ThrowableCollector.execute(ThrowableCollector.java:73)
	at org.junit.jupiter.engine.descriptor.TestMethodTestDescriptor.invokeTestMethod(TestMethodTestDescriptor.java:214)
	at org.junit.jupiter.engine.descriptor.TestMethodTestDescriptor.execute(TestMethodTestDescriptor.java:139)
	at org.junit.jupiter.engine.descriptor.TestMethodTestDescriptor.execute(TestMethodTestDescriptor.java:69)
	at org.junit.platform.engine.support.hierarchical.NodeTestTask.lambda$executeRecursively$6(NodeTestTask.java:151)
	at org.junit.platform.engine.support.hierarchical.ThrowableCollector.execute(ThrowableCollector.java:73)
	at org.junit.platform.engine.support.hierarchical.NodeTestTask.lambda$executeRecursively$8(NodeTestTask.java:141)
	at org.junit.platform.engine.support.hierarchical.Node.around(Node.java:137)
	at org.junit.platform.engine.support.hierarchical.NodeTestTask.lambda$executeRecursively$9(NodeTestTask.java:139)
	at org.junit.platform.engine.support.hierarchical.ThrowableCollector.execute(ThrowableCollector.java:73)
	at org.junit.platform.engine.support.hierarchical.NodeTestTask.executeRecursively(NodeTestTask.java:138)
	at org.junit.platform.engine.support.hierarchical.NodeTestTask.execute(NodeTestTask.java:95)
	at java.util.ArrayList.forEach(ArrayList.java:1259)
	at org.junit.platform.engine.support.hierarchical.SameThreadHierarchicalTestExecutorService.invokeAll(SameThreadHierarchicalTestExecutorService.java:41)
	at org.junit.platform.engine.support.hierarchical.NodeTestTask.lambda$executeRecursively$6(NodeTestTask.java:155)
	at org.junit.platform.engine.support.hierarchical.ThrowableCollector.execute(ThrowableCollector.java:73)
	at org.junit.platform.engine.support.hierarchical.NodeTestTask.lambda$executeRecursively$8(NodeTestTask.java:141)
	at org.junit.platform.engine.support.hierarchical.Node.around(Node.java:137)
	at org.junit.platform.engine.support.hierarchical.NodeTestTask.lambda$executeRecursively$9(NodeTestTask.java:139)
	at org.junit.platform.engine.support.hierarchical.ThrowableCollector.execute(ThrowableCollector.java:73)
	at org.junit.platform.engine.support.hierarchical.NodeTestTask.executeRecursively(NodeTestTask.java:138)
	at org.junit.platform.engine.support.hierarchical.NodeTestTask.execute(NodeTestTask.java:95)
	at java.util.ArrayList.forEach(ArrayList.java:1259)
	at org.junit.platform.engine.support.hierarchical.SameThreadHierarchicalTestExecutorService.invokeAll(SameThreadHierarchicalTestExecutorService.java:41)
	at org.junit.platform.engine.support.hierarchical.NodeTestTask.lambda$executeRecursively$6(NodeTestTask.java:155)
	at org.junit.platform.engine.support.hierarchical.ThrowableCollector.execute(ThrowableCollector.java:73)
	at org.junit.platform.engine.support.hierarchical.NodeTestTask.lambda$executeRecursively$8(NodeTestTask.java:141)
	at org.junit.platform.engine.support.hierarchical.Node.around(Node.java:137)
	at org.junit.platform.engine.support.hierarchical.NodeTestTask.lambda$executeRecursively$9(NodeTestTask.java:139)
	at org.junit.platform.engine.support.hierarchical.ThrowableCollector.execute(ThrowableCollector.java:73)
	at org.junit.platform.engine.support.hierarchical.NodeTestTask.executeRecursively(NodeTestTask.java:138)
	at org.junit.platform.engine.support.hierarchical.NodeTestTask.execute(NodeTestTask.java:95)
	at org.junit.platform.engine.support.hierarchical.SameThreadHierarchicalTestExecutorService.submit(SameThreadHierarchicalTestExecutorService.java:35)
	at org.junit.platform.engine.support.hierarchical.HierarchicalTestExecutor.execute(HierarchicalTestExecutor.java:57)
	at org.junit.platform.engine.support.hierarchical.HierarchicalTestEngine.execute(HierarchicalTestEngine.java:54)
	at org.junit.platform.launcher.core.EngineExecutionOrchestrator.execute(EngineExecutionOrchestrator.java:198)
	at org.junit.platform.launcher.core.EngineExecutionOrchestrator.execute(EngineExecutionOrchestrator.java:169)
	at org.junit.platform.launcher.core.EngineExecutionOrchestrator.execute(EngineExecutionOrchestrator.java:93)
	at org.junit.platform.launcher.core.EngineExecutionOrchestrator.lambda$execute$0(EngineExecutionOrchestrator.java:58)
	at org.junit.platform.launcher.core.EngineExecutionOrchestrator.withInterceptedStreams(EngineExecutionOrchestrator.java:141)
	at org.junit.platform.launcher.core.EngineExecutionOrchestrator.execute(EngineExecutionOrchestrator.java:57)
	at org.junit.platform.launcher.core.DefaultLauncher.execute(DefaultLauncher.java:103)
	at org.junit.platform.launcher.core.DefaultLauncher.execute(DefaultLauncher.java:85)
	at org.junit.platform.launcher.core.DelegatingLauncher.execute(DelegatingLauncher.java:47)
	at org.junit.platform.launcher.core.SessionPerRequestLauncher.execute(SessionPerRequestLauncher.java:63)
	at org.apache.maven.surefire.junitplatform.JUnitPlatformProvider.execute(JUnitPlatformProvider.java:188)
	at org.apache.maven.surefire.junitplatform.JUnitPlatformProvider.invokeAllTests(JUnitPlatformProvider.java:154)
	at org.apache.maven.surefire.junitplatform.JUnitPlatformProvider.invoke(JUnitPlatformProvider.java:124)
	at org.apache.maven.surefire.booter.ForkedBooter.runSuitesInProcess(ForkedBooter.java:428)
	at org.apache.maven.surefire.booter.ForkedBooter.execute(ForkedBooter.java:162)
	at org.apache.maven.surefire.booter.ForkedBooter.run(ForkedBooter.java:562)
	at org.apache.maven.surefire.booter.ForkedBooter.main(ForkedBooter.java:548)
2024-02-27 21:39:54,437 [main] INFO  utils.DatanodeStoreCache (DatanodeStoreCache.java:shutdownCache(116)) - Skip clearing cache in mini cluster mode. Entries left: [/home/runner/work/ozone/ozone/hadoop-ozone/integration-test/target/test-dir/MiniOzoneClusterImpl-075da85a-61fc-4f3b-aaa6-f3afee0da340/ozone-meta/datanode-1/data-0/hdds/075da85a-61fc-4f3b-aaa6-f3afee0da340/DS-be1b7d41-66c9-4cd6-bb70-1a0b9b827bd9/container.db, /home/runner/work/ozone/ozone/hadoop-ozone/integration-test/target/test-dir/MiniOzoneClusterImpl-075da85a-61fc-4f3b-aaa6-f3afee0da340/ozone-meta/datanode-2/data-0/hdds/075da85a-61fc-4f3b-aaa6-f3afee0da340/DS-1b4858d1-6d5f-47c3-8f44-4058ea9a21ce/container.db, /home/runner/work/ozone/ozone/hadoop-ozone/integration-test/target/test-dir/MiniOzoneClusterImpl-075da85a-61fc-4f3b-aaa6-f3afee0da340/ozone-meta/datanode-3/data-0/hdds/075da85a-61fc-4f3b-aaa6-f3afee0da340/DS-cfa68d1b-8c71-412d-ad37-74cac7a788d2/container.db]
2024-02-27 21:39:54,439 [main] INFO  utils.DatanodeStoreCache (DatanodeStoreCache.java:removeDB(110)) - Removed db /home/runner/work/ozone/ozone/hadoop-ozone/integration-test/target/test-dir/MiniOzoneClusterImpl-075da85a-61fc-4f3b-aaa6-f3afee0da340/ozone-meta/datanode-1/data-0/hdds/075da85a-61fc-4f3b-aaa6-f3afee0da340/DS-be1b7d41-66c9-4cd6-bb70-1a0b9b827bd9/container.db from cache
2024-02-27 21:39:54,439 [main] INFO  volume.HddsVolume (HddsVolume.java:closeDbStore(451)) - SchemaV3 db is stopped at /home/runner/work/ozone/ozone/hadoop-ozone/integration-test/target/test-dir/MiniOzoneClusterImpl-075da85a-61fc-4f3b-aaa6-f3afee0da340/ozone-meta/datanode-1/data-0/hdds/075da85a-61fc-4f3b-aaa6-f3afee0da340/DS-be1b7d41-66c9-4cd6-bb70-1a0b9b827bd9/container.db for volume DS-be1b7d41-66c9-4cd6-bb70-1a0b9b827bd9
2024-02-27 21:39:54,439 [main] INFO  utils.BackgroundService (BackgroundService.java:shutdown(160)) - Shutting down service BlockDeletingService
2024-02-27 21:39:54,440 [main] INFO  utils.BackgroundService (BackgroundService.java:shutdown(160)) - Shutting down service StaleRecoveringContainerScrubbingService
2024-02-27 21:39:54,442 [main] INFO  statemachine.DatanodeStateMachine (DatanodeStateMachine.java:stopDaemon(638)) - Ozone container server stopped.
2024-02-27 21:39:54,443 [main] INFO  handler.ContextHandler (ContextHandler.java:doStop(1159)) - Stopped o.e.j.w.WebAppContext@4ccd6{hddsDatanode,/,null,STOPPED}{jar:file:/home/runner/.m2/repository/org/apache/ozone/hdds-container-service/1.5.0-SNAPSHOT/hdds-container-service-1.5.0-SNAPSHOT.jar!/webapps/hddsDatanode}
2024-02-27 21:39:54,444 [main] INFO  server.AbstractConnector (AbstractConnector.java:doStop(383)) - Stopped ServerConnector@2e0fd059{HTTP/1.1, (http/1.1)}{0.0.0.0:15071}
2024-02-27 21:39:54,444 [main] INFO  server.session (HouseKeeper.java:stopScavenging(149)) - node0 Stopped scavenging
2024-02-27 21:39:54,444 [main] INFO  handler.ContextHandler (ContextHandler.java:doStop(1159)) - Stopped o.e.j.s.ServletContextHandler@1526cb86{static,/static,jar:file:/home/runner/.m2/repository/org/apache/ozone/hdds-container-service/1.5.0-SNAPSHOT/hdds-container-service-1.5.0-SNAPSHOT.jar!/webapps/static,STOPPED}
2024-02-27 21:39:54,444 [main] INFO  handler.ContextHandler (ContextHandler.java:doStop(1159)) - Stopped o.e.j.s.ServletContextHandler@4f24edf9{logs,/logs,file:///home/runner/work/ozone/ozone/hadoop-ozone/integration-test/target/log,STOPPED}
2024-02-27 21:39:54,445 [main] INFO  ozone.HddsDatanodeClientProtocolServer (HddsDatanodeClientProtocolServer.java:stop(83)) - Stopping the RPC server for Client Protocol
2024-02-27 21:39:54,445 [main] INFO  ipc.Server (Server.java:stop(3523)) - Stopping server on 15072
2024-02-27 21:39:54,446 [IPC Server listener on 15072] INFO  ipc.Server (Server.java:run(1434)) - Stopping IPC Server listener on 15072
2024-02-27 21:39:54,446 [IPC Server Responder] INFO  ipc.Server (Server.java:run(1567)) - Stopping IPC Server Responder
2024-02-27 21:39:54,448 [main] INFO  ozoneimpl.OzoneContainer (OzoneContainer.java:stop(481)) - Attempting to stop container services.
2024-02-27 21:39:54,449 [main] INFO  server.RaftServer (RaftServerProxy.java:lambda$close$9(416)) - e13e7e3b-b387-4fac-9683-3ea92427a7e8: close
2024-02-27 21:39:54,449 [e13e7e3b-b387-4fac-9683-3ea92427a7e8-impl-thread2] INFO  server.RaftServer$Division (RaftServerImpl.java:lambda$close$3(526)) - e13e7e3b-b387-4fac-9683-3ea92427a7e8@group-59E1F7E51CDF: shutdown
2024-02-27 21:39:54,449 [e13e7e3b-b387-4fac-9683-3ea92427a7e8-impl-thread2] INFO  util.JmxRegister (JmxRegister.java:unregister(73)) - Successfully un-registered JMX Bean with object name Ratis:service=RaftServer,group=group-59E1F7E51CDF,id=e13e7e3b-b387-4fac-9683-3ea92427a7e8
2024-02-27 21:39:54,449 [e13e7e3b-b387-4fac-9683-3ea92427a7e8-impl-thread2] INFO  impl.RoleInfo (RoleInfo.java:shutdownFollowerState(110)) - e13e7e3b-b387-4fac-9683-3ea92427a7e8: shutdown e13e7e3b-b387-4fac-9683-3ea92427a7e8@group-59E1F7E51CDF-FollowerState
2024-02-27 21:39:54,449 [e13e7e3b-b387-4fac-9683-3ea92427a7e8-impl-thread3] INFO  server.RaftServer$Division (RaftServerImpl.java:lambda$close$3(526)) - e13e7e3b-b387-4fac-9683-3ea92427a7e8@group-EE311A528B4F: shutdown
2024-02-27 21:39:54,450 [e13e7e3b-b387-4fac-9683-3ea92427a7e8-impl-thread3] INFO  util.JmxRegister (JmxRegister.java:unregister(73)) - Successfully un-registered JMX Bean with object name Ratis:service=RaftServer,group=group-EE311A528B4F,id=e13e7e3b-b387-4fac-9683-3ea92427a7e8
2024-02-27 21:39:54,450 [e13e7e3b-b387-4fac-9683-3ea92427a7e8-impl-thread3] INFO  impl.RoleInfo (RoleInfo.java:shutdownFollowerState(110)) - e13e7e3b-b387-4fac-9683-3ea92427a7e8: shutdown e13e7e3b-b387-4fac-9683-3ea92427a7e8@group-EE311A528B4F-FollowerState
2024-02-27 21:39:54,450 [main] INFO  server.GrpcService (GrpcService.java:closeImpl(311)) - e13e7e3b-b387-4fac-9683-3ea92427a7e8: shutdown server org.apache.ratis.grpc.server.GrpcClientProtocolService now
2024-02-27 21:39:54,450 [e13e7e3b-b387-4fac-9683-3ea92427a7e8-impl-thread3] INFO  impl.StateMachineUpdater (StateMachineUpdater.java:stopAndJoin(157)) - e13e7e3b-b387-4fac-9683-3ea92427a7e8@group-EE311A528B4F-StateMachineUpdater: set stopIndex = 0
2024-02-27 21:39:54,451 [e13e7e3b-b387-4fac-9683-3ea92427a7e8@group-EE311A528B4F-FollowerState] INFO  impl.FollowerState (FollowerState.java:run(152)) - e13e7e3b-b387-4fac-9683-3ea92427a7e8@group-EE311A528B4F-FollowerState was interrupted
2024-02-27 21:39:54,451 [e13e7e3b-b387-4fac-9683-3ea92427a7e8@group-EE311A528B4F-StateMachineUpdater] INFO  ratis.ContainerStateMachine (ContainerStateMachine.java:takeSnapshot(355)) - group-EE311A528B4F: Taking a snapshot at:(t:1, i:0) file /home/runner/work/ozone/ozone/hadoop-ozone/integration-test/target/test-dir/MiniOzoneClusterImpl-075da85a-61fc-4f3b-aaa6-f3afee0da340/ozone-meta/datanode-2/ratis/65c74a8d-5a7c-4552-b886-ee311a528b4f/sm/snapshot.1_0
2024-02-27 21:39:54,451 [e13e7e3b-b387-4fac-9683-3ea92427a7e8-impl-thread4] INFO  server.RaftServer$Division (RaftServerImpl.java:lambda$close$3(526)) - e13e7e3b-b387-4fac-9683-3ea92427a7e8@group-7C3CB0869E93: shutdown
2024-02-27 21:39:54,451 [e13e7e3b-b387-4fac-9683-3ea92427a7e8@group-59E1F7E51CDF-FollowerState] INFO  impl.FollowerState (FollowerState.java:run(152)) - e13e7e3b-b387-4fac-9683-3ea92427a7e8@group-59E1F7E51CDF-FollowerState was interrupted
2024-02-27 21:39:54,451 [e13e7e3b-b387-4fac-9683-3ea92427a7e8@group-59E1F7E51CDF-StateMachineUpdater] INFO  ratis.ContainerStateMachine (ContainerStateMachine.java:takeSnapshot(355)) - group-59E1F7E51CDF: Taking a snapshot at:(t:2, i:0) file /home/runner/work/ozone/ozone/hadoop-ozone/integration-test/target/test-dir/MiniOzoneClusterImpl-075da85a-61fc-4f3b-aaa6-f3afee0da340/ozone-meta/datanode-2/ratis/20419fbb-d945-4096-ad99-59e1f7e51cdf/sm/snapshot.2_0
2024-02-27 21:39:54,452 [Thread-1680] INFO  server.GrpcServerProtocolClient (GrpcServerProtocolClient.java:close(103)) - 71df5106-29e4-46d2-b533-d1616e11bc16 Close channels
2024-02-27 21:39:54,451 [e13e7e3b-b387-4fac-9683-3ea92427a7e8-impl-thread2] INFO  impl.StateMachineUpdater (StateMachineUpdater.java:stopAndJoin(157)) - e13e7e3b-b387-4fac-9683-3ea92427a7e8@group-59E1F7E51CDF-StateMachineUpdater: set stopIndex = 0
2024-02-27 21:39:54,452 [e13e7e3b-b387-4fac-9683-3ea92427a7e8@group-EE311A528B4F-StateMachineUpdater] INFO  ratis.ContainerStateMachine (ContainerStateMachine.java:takeSnapshot(366)) - group-EE311A528B4F: Finished taking a snapshot at:(t:1, i:0) file:/home/runner/work/ozone/ozone/hadoop-ozone/integration-test/target/test-dir/MiniOzoneClusterImpl-075da85a-61fc-4f3b-aaa6-f3afee0da340/ozone-meta/datanode-2/ratis/65c74a8d-5a7c-4552-b886-ee311a528b4f/sm/snapshot.1_0 took: 2 ms
2024-02-27 21:39:54,453 [e13e7e3b-b387-4fac-9683-3ea92427a7e8@group-EE311A528B4F-StateMachineUpdater] INFO  impl.StateMachineUpdater (StateMachineUpdater.java:takeSnapshot(295)) - e13e7e3b-b387-4fac-9683-3ea92427a7e8@group-EE311A528B4F-StateMachineUpdater: Took a snapshot at index 0
2024-02-27 21:39:54,453 [e13e7e3b-b387-4fac-9683-3ea92427a7e8@group-EE311A528B4F-StateMachineUpdater] INFO  impl.StateMachineUpdater (StateMachineUpdater.java:lambda$new$0(98)) - e13e7e3b-b387-4fac-9683-3ea92427a7e8@group-EE311A528B4F-StateMachineUpdater: snapshotIndex: updateIncreasingly -1 -> 0
2024-02-27 21:39:54,452 [Thread-1682] INFO  server.GrpcServerProtocolClient (GrpcServerProtocolClient.java:close(103)) - 6d1988e6-d732-42b7-a0ee-62d3ca1ef2f1 Close channels
2024-02-27 21:39:54,453 [e13e7e3b-b387-4fac-9683-3ea92427a7e8-impl-thread3] INFO  server.RaftServer$Division (ServerState.java:close(427)) - e13e7e3b-b387-4fac-9683-3ea92427a7e8@group-EE311A528B4F: applyIndex: 0
2024-02-27 21:39:54,453 [e13e7e3b-b387-4fac-9683-3ea92427a7e8@group-59E1F7E51CDF-StateMachineUpdater] INFO  ratis.ContainerStateMachine (ContainerStateMachine.java:takeSnapshot(366)) - group-59E1F7E51CDF: Finished taking a snapshot at:(t:2, i:0) file:/home/runner/work/ozone/ozone/hadoop-ozone/integration-test/target/test-dir/MiniOzoneClusterImpl-075da85a-61fc-4f3b-aaa6-f3afee0da340/ozone-meta/datanode-2/ratis/20419fbb-d945-4096-ad99-59e1f7e51cdf/sm/snapshot.2_0 took: 2 ms
2024-02-27 21:39:54,454 [e13e7e3b-b387-4fac-9683-3ea92427a7e8@group-59E1F7E51CDF-StateMachineUpdater] INFO  impl.StateMachineUpdater (StateMachineUpdater.java:takeSnapshot(295)) - e13e7e3b-b387-4fac-9683-3ea92427a7e8@group-59E1F7E51CDF-StateMachineUpdater: Took a snapshot at index 0
2024-02-27 21:39:54,454 [e13e7e3b-b387-4fac-9683-3ea92427a7e8@group-59E1F7E51CDF-StateMachineUpdater] INFO  impl.StateMachineUpdater (StateMachineUpdater.java:lambda$new$0(98)) - e13e7e3b-b387-4fac-9683-3ea92427a7e8@group-59E1F7E51CDF-StateMachineUpdater: snapshotIndex: updateIncreasingly -1 -> 0
2024-02-27 21:39:54,454 [e13e7e3b-b387-4fac-9683-3ea92427a7e8@group-EE311A528B4F-cacheEviction-AwaitToRun] INFO  util.AwaitToRun (AwaitToRun.java:run(49)) - e13e7e3b-b387-4fac-9683-3ea92427a7e8@group-EE311A528B4F-cacheEviction-AwaitToRun-AwaitForSignal is interrupted
2024-02-27 21:39:54,452 [e13e7e3b-b387-4fac-9683-3ea92427a7e8-impl-thread4] INFO  util.JmxRegister (JmxRegister.java:unregister(73)) - Successfully un-registered JMX Bean with object name Ratis:service=RaftServer,group=group-7C3CB0869E93,id=e13e7e3b-b387-4fac-9683-3ea92427a7e8
2024-02-27 21:39:54,454 [e13e7e3b-b387-4fac-9683-3ea92427a7e8-impl-thread4] INFO  impl.RoleInfo (RoleInfo.java:shutdownLeaderState(94)) - e13e7e3b-b387-4fac-9683-3ea92427a7e8: shutdown e13e7e3b-b387-4fac-9683-3ea92427a7e8@group-7C3CB0869E93-LeaderStateImpl
2024-02-27 21:39:54,454 [e13e7e3b-b387-4fac-9683-3ea92427a7e8-impl-thread4] INFO  impl.PendingRequests (PendingRequests.java:sendNotLeaderResponses(289)) - e13e7e3b-b387-4fac-9683-3ea92427a7e8@group-7C3CB0869E93-PendingRequests: sendNotLeaderResponses
2024-02-27 21:39:54,454 [main] INFO  server.GrpcService (GrpcService.java:closeImpl(320)) - e13e7e3b-b387-4fac-9683-3ea92427a7e8: shutdown server org.apache.ratis.grpc.server.GrpcClientProtocolService successfully
2024-02-27 21:39:54,455 [main] INFO  server.GrpcService (GrpcService.java:closeImpl(311)) - e13e7e3b-b387-4fac-9683-3ea92427a7e8: shutdown server GrpcServerProtocolService now
2024-02-27 21:39:54,455 [e13e7e3b-b387-4fac-9683-3ea92427a7e8@group-7C3CB0869E93-StateMachineUpdater] INFO  ratis.ContainerStateMachine (ContainerStateMachine.java:takeSnapshot(355)) - group-7C3CB0869E93: Taking a snapshot at:(t:1, i:0) file /home/runner/work/ozone/ozone/hadoop-ozone/integration-test/target/test-dir/MiniOzoneClusterImpl-075da85a-61fc-4f3b-aaa6-f3afee0da340/ozone-meta/datanode-2/ratis/579db771-9598-4b39-84fa-7c3cb0869e93/sm/snapshot.1_0
2024-02-27 21:39:54,455 [e13e7e3b-b387-4fac-9683-3ea92427a7e8-impl-thread4] INFO  impl.StateMachineUpdater (StateMachineUpdater.java:stopAndJoin(157)) - e13e7e3b-b387-4fac-9683-3ea92427a7e8@group-7C3CB0869E93-StateMachineUpdater: set stopIndex = 0
2024-02-27 21:39:54,455 [e13e7e3b-b387-4fac-9683-3ea92427a7e8@group-7C3CB0869E93-StateMachineUpdater] INFO  ratis.ContainerStateMachine (ContainerStateMachine.java:takeSnapshot(366)) - group-7C3CB0869E93: Finished taking a snapshot at:(t:1, i:0) file:/home/runner/work/ozone/ozone/hadoop-ozone/integration-test/target/test-dir/MiniOzoneClusterImpl-075da85a-61fc-4f3b-aaa6-f3afee0da340/ozone-meta/datanode-2/ratis/579db771-9598-4b39-84fa-7c3cb0869e93/sm/snapshot.1_0 took: 1 ms
2024-02-27 21:39:54,455 [e13e7e3b-b387-4fac-9683-3ea92427a7e8-impl-thread2] INFO  server.RaftServer$Division (ServerState.java:close(427)) - e13e7e3b-b387-4fac-9683-3ea92427a7e8@group-59E1F7E51CDF: applyIndex: 0
2024-02-27 21:39:54,456 [e13e7e3b-b387-4fac-9683-3ea92427a7e8@group-7C3CB0869E93-StateMachineUpdater] INFO  impl.StateMachineUpdater (StateMachineUpdater.java:takeSnapshot(295)) - e13e7e3b-b387-4fac-9683-3ea92427a7e8@group-7C3CB0869E93-StateMachineUpdater: Took a snapshot at index 0
2024-02-27 21:39:54,456 [e13e7e3b-b387-4fac-9683-3ea92427a7e8@group-7C3CB0869E93-StateMachineUpdater] INFO  impl.StateMachineUpdater (StateMachineUpdater.java:lambda$new$0(98)) - e13e7e3b-b387-4fac-9683-3ea92427a7e8@group-7C3CB0869E93-StateMachineUpdater: snapshotIndex: updateIncreasingly -1 -> 0
2024-02-27 21:39:54,456 [e13e7e3b-b387-4fac-9683-3ea92427a7e8-impl-thread4] INFO  server.RaftServer$Division (ServerState.java:close(427)) - e13e7e3b-b387-4fac-9683-3ea92427a7e8@group-7C3CB0869E93: applyIndex: 0
2024-02-27 21:39:54,456 [e13e7e3b-b387-4fac-9683-3ea92427a7e8@group-7C3CB0869E93-cacheEviction-AwaitToRun] INFO  util.AwaitToRun (AwaitToRun.java:run(49)) - e13e7e3b-b387-4fac-9683-3ea92427a7e8@group-7C3CB0869E93-cacheEviction-AwaitToRun-AwaitForSignal is interrupted
2024-02-27 21:39:54,456 [grpc-default-executor-3] WARN  server.GrpcServerProtocolService (LogUtils.java:warn(121)) - e13e7e3b-b387-4fac-9683-3ea92427a7e8: APPEND_ENTRIES onError, lastRequest: null: org.apache.ratis.thirdparty.io.grpc.StatusRuntimeException: CANCELLED: client cancelled
2024-02-27 21:39:54,456 [grpc-default-executor-6] WARN  server.GrpcLogAppender (LogUtils.java:warn(121)) - 6d1988e6-d732-42b7-a0ee-62d3ca1ef2f1@group-EE311A528B4F->e13e7e3b-b387-4fac-9683-3ea92427a7e8-AppendLogResponseHandler: Failed appendEntries: org.apache.ratis.thirdparty.io.grpc.StatusRuntimeException: CANCELLED: RST_STREAM closed stream. HTTP/2 error code: CANCEL
2024-02-27 21:39:54,456 [grpc-default-executor-6] WARN  server.GrpcLogAppender (GrpcLogAppender.java:lambda$resetClient$1(217)) - 6d1988e6-d732-42b7-a0ee-62d3ca1ef2f1@group-EE311A528B4F->e13e7e3b-b387-4fac-9683-3ea92427a7e8-GrpcLogAppender: Follower failed (request=null, errorCount=1); keep nextIndex (1) unchanged and retry.
2024-02-27 21:39:54,457 [grpc-default-executor-3] WARN  server.GrpcLogAppender (LogUtils.java:warn(121)) - 6d1988e6-d732-42b7-a0ee-62d3ca1ef2f1@group-59E1F7E51CDF->e13e7e3b-b387-4fac-9683-3ea92427a7e8-AppendLogResponseHandler: Failed appendEntries: org.apache.ratis.thirdparty.io.grpc.StatusRuntimeException: CANCELLED: RST_STREAM closed stream. HTTP/2 error code: CANCEL
2024-02-27 21:39:54,457 [grpc-default-executor-2] WARN  server.GrpcServerProtocolService (LogUtils.java:warn(121)) - e13e7e3b-b387-4fac-9683-3ea92427a7e8: APPEND_ENTRIES onError, lastRequest: 6d1988e6-d732-42b7-a0ee-62d3ca1ef2f1->e13e7e3b-b387-4fac-9683-3ea92427a7e8#1-t1,previous=(t:0, i:0),leaderCommit=-1,initializing? false,entries: size=1, first=(t:1, i:0), CONFIGURATIONENTRY(current:id: "71df5106-29e4-46d2-b533-d1616e11bc16"
address: "10.1.0.18:15076"
dataStreamAddress: "10.1.0.18:15077"
clientAddress: "10.1.0.18:15074"
adminAddress: "10.1.0.18:15075"
startupRole: FOLLOWER
,id: "e13e7e3b-b387-4fac-9683-3ea92427a7e8"
address: "10.1.0.18:15085"
dataStreamAddress: "10.1.0.18:15086"
clientAddress: "10.1.0.18:15083"
adminAddress: "10.1.0.18:15084"
startupRole: FOLLOWER
,id: "6d1988e6-d732-42b7-a0ee-62d3ca1ef2f1"
address: "10.1.0.18:15094"
priority: 1
dataStreamAddress: "10.1.0.18:15095"
clientAddress: "10.1.0.18:15092"
adminAddress: "10.1.0.18:15093"
startupRole: FOLLOWER
, old:): org.apache.ratis.thirdparty.io.grpc.StatusRuntimeException: CANCELLED: client cancelled
2024-02-27 21:39:54,457 [grpc-default-executor-7] WARN  server.GrpcServerProtocolService (LogUtils.java:warn(121)) - e13e7e3b-b387-4fac-9683-3ea92427a7e8: APPEND_ENTRIES onError, lastRequest: null: org.apache.ratis.thirdparty.io.grpc.StatusRuntimeException: CANCELLED: client cancelled
2024-02-27 21:39:54,457 [grpc-default-executor-8] WARN  server.GrpcServerProtocolService (LogUtils.java:warn(121)) - e13e7e3b-b387-4fac-9683-3ea92427a7e8: APPEND_ENTRIES onError, lastRequest: 6d1988e6-d732-42b7-a0ee-62d3ca1ef2f1->e13e7e3b-b387-4fac-9683-3ea92427a7e8#1-t2,previous=(t:0, i:0),leaderCommit=-1,initializing? false,entries: size=1, first=(t:2, i:0), CONFIGURATIONENTRY(current:id: "71df5106-29e4-46d2-b533-d1616e11bc16"
address: "10.1.0.18:15076"
priority: 1
dataStreamAddress: "10.1.0.18:15077"
clientAddress: "10.1.0.18:15074"
adminAddress: "10.1.0.18:15075"
startupRole: FOLLOWER
,id: "e13e7e3b-b387-4fac-9683-3ea92427a7e8"
address: "10.1.0.18:15085"
dataStreamAddress: "10.1.0.18:15086"
clientAddress: "10.1.0.18:15083"
adminAddress: "10.1.0.18:15084"
startupRole: FOLLOWER
,id: "6d1988e6-d732-42b7-a0ee-62d3ca1ef2f1"
address: "10.1.0.18:15094"
dataStreamAddress: "10.1.0.18:15095"
clientAddress: "10.1.0.18:15092"
adminAddress: "10.1.0.18:15093"
startupRole: FOLLOWER
, old:): org.apache.ratis.thirdparty.io.grpc.StatusRuntimeException: CANCELLED: client cancelled
2024-02-27 21:39:54,458 [main] INFO  server.GrpcService (GrpcService.java:closeImpl(320)) - e13e7e3b-b387-4fac-9683-3ea92427a7e8: shutdown server GrpcServerProtocolService successfully
2024-02-27 21:39:54,458 [main] INFO  server.GrpcService (GrpcService.java:closeImpl(311)) - e13e7e3b-b387-4fac-9683-3ea92427a7e8: shutdown server org.apache.ratis.grpc.server.GrpcAdminProtocolService now
2024-02-27 21:39:54,458 [e13e7e3b-b387-4fac-9683-3ea92427a7e8@group-59E1F7E51CDF-cacheEviction-AwaitToRun] INFO  util.AwaitToRun (AwaitToRun.java:run(49)) - e13e7e3b-b387-4fac-9683-3ea92427a7e8@group-59E1F7E51CDF-cacheEviction-AwaitToRun-AwaitForSignal is interrupted
2024-02-27 21:39:54,461 [main] INFO  server.GrpcService (GrpcService.java:closeImpl(320)) - e13e7e3b-b387-4fac-9683-3ea92427a7e8: shutdown server org.apache.ratis.grpc.server.GrpcAdminProtocolService successfully
2024-02-27 21:39:54,464 [e13e7e3b-b387-4fac-9683-3ea92427a7e8-NettyServerStreamRpc-bossGroup--thread1] INFO  logging.LoggingHandler (AbstractInternalLogger.java:log(148)) - [id: 0xea9747ce, L:/0.0.0.0:15086] CLOSE
2024-02-27 21:39:54,464 [e13e7e3b-b387-4fac-9683-3ea92427a7e8-NettyServerStreamRpc-bossGroup--thread1] INFO  logging.LoggingHandler (AbstractInternalLogger.java:log(148)) - [id: 0xea9747ce, L:/0.0.0.0:15086] INACTIVE
2024-02-27 21:39:54,464 [e13e7e3b-b387-4fac-9683-3ea92427a7e8-NettyServerStreamRpc-bossGroup--thread1] INFO  logging.LoggingHandler (AbstractInternalLogger.java:log(148)) - [id: 0xea9747ce, L:/0.0.0.0:15086] UNREGISTERED
2024-02-27 21:39:54,533 [e13e7e3b-b387-4fac-9683-3ea92427a7e8-impl-thread4] INFO  segmented.SegmentedRaftLogWorker (SegmentedRaftLogWorker.java:close(245)) - e13e7e3b-b387-4fac-9683-3ea92427a7e8@group-7C3CB0869E93-SegmentedRaftLogWorker close()
2024-02-27 21:39:54,540 [e13e7e3b-b387-4fac-9683-3ea92427a7e8-impl-thread3] INFO  segmented.SegmentedRaftLogWorker (SegmentedRaftLogWorker.java:close(245)) - e13e7e3b-b387-4fac-9683-3ea92427a7e8@group-EE311A528B4F-SegmentedRaftLogWorker close()
2024-02-27 21:39:54,722 [RatisPipelineUtilsThread-0] WARN  scm.SCMCommonPlacementPolicy (SCMCommonPlacementPolicy.java:filterNodesWithSpace(287)) - Unable to find enough nodes that meet the space requirement of 1073741824 bytes for metadata and 5368709120 bytes for data in healthy node set. Required 3. Found 2.
2024-02-27 21:39:54,787 [e13e7e3b-b387-4fac-9683-3ea92427a7e8-impl-thread2] INFO  segmented.SegmentedRaftLogWorker (SegmentedRaftLogWorker.java:close(245)) - e13e7e3b-b387-4fac-9683-3ea92427a7e8@group-59E1F7E51CDF-SegmentedRaftLogWorker close()
2024-02-27 21:39:54,788 [JvmPauseMonitor11] INFO  util.JvmPauseMonitor (JvmPauseMonitor.java:run(152)) - JvmPauseMonitor-e13e7e3b-b387-4fac-9683-3ea92427a7e8: Stopped
2024-02-27 21:39:55,222 [RatisPipelineUtilsThread-0] WARN  scm.SCMCommonPlacementPolicy (SCMCommonPlacementPolicy.java:filterNodesWithSpace(287)) - Unable to find enough nodes that meet the space requirement of 1073741824 bytes for metadata and 5368709120 bytes for data in healthy node set. Required 3. Found 2.
2024-02-27 21:39:55,723 [RatisPipelineUtilsThread-0] WARN  scm.SCMCommonPlacementPolicy (SCMCommonPlacementPolicy.java:filterNodesWithSpace(287)) - Unable to find enough nodes that meet the space requirement of 1073741824 bytes for metadata and 5368709120 bytes for data in healthy node set. Required 3. Found 2.
2024-02-27 21:39:56,180 [timer7] WARN  server.GrpcLogAppender (LogUtils.java:warn(121)) - 6d1988e6-d732-42b7-a0ee-62d3ca1ef2f1@group-59E1F7E51CDF->71df5106-29e4-46d2-b533-d1616e11bc16-AppendLogResponseHandler: Failed appendEntries (Repeated 4 times in the last 5.001s): org.apache.ratis.thirdparty.io.grpc.StatusRuntimeException: UNAVAILABLE: io exception
2024-02-27 21:39:56,180 [timer0] WARN  server.GrpcLogAppender (GrpcLogAppender.java:lambda$resetClient$1(217)) - 6d1988e6-d732-42b7-a0ee-62d3ca1ef2f1@group-EE311A528B4F->71df5106-29e4-46d2-b533-d1616e11bc16-GrpcLogAppender: Follower failed (request=null, errorCount=94); keep nextIndex (1) unchanged and retry. (Repeated 8 times in the last 5.000s)
2024-02-27 21:39:56,223 [RatisPipelineUtilsThread-0] WARN  scm.SCMCommonPlacementPolicy (SCMCommonPlacementPolicy.java:filterNodesWithSpace(287)) - Unable to find enough nodes that meet the space requirement of 1073741824 bytes for metadata and 5368709120 bytes for data in healthy node set. Required 3. Found 2.
2024-02-27 21:39:56,723 [RatisPipelineUtilsThread-0] WARN  scm.SCMCommonPlacementPolicy (SCMCommonPlacementPolicy.java:filterNodesWithSpace(287)) - Unable to find enough nodes that meet the space requirement of 1073741824 bytes for metadata and 5368709120 bytes for data in healthy node set. Required 3. Found 2.
2024-02-27 21:39:56,790 [main] INFO  utils.DatanodeStoreCache (DatanodeStoreCache.java:shutdownCache(116)) - Skip clearing cache in mini cluster mode. Entries left: [/home/runner/work/ozone/ozone/hadoop-ozone/integration-test/target/test-dir/MiniOzoneClusterImpl-075da85a-61fc-4f3b-aaa6-f3afee0da340/ozone-meta/datanode-2/data-0/hdds/075da85a-61fc-4f3b-aaa6-f3afee0da340/DS-1b4858d1-6d5f-47c3-8f44-4058ea9a21ce/container.db, /home/runner/work/ozone/ozone/hadoop-ozone/integration-test/target/test-dir/MiniOzoneClusterImpl-075da85a-61fc-4f3b-aaa6-f3afee0da340/ozone-meta/datanode-3/data-0/hdds/075da85a-61fc-4f3b-aaa6-f3afee0da340/DS-cfa68d1b-8c71-412d-ad37-74cac7a788d2/container.db]
2024-02-27 21:39:56,792 [main] INFO  utils.DatanodeStoreCache (DatanodeStoreCache.java:removeDB(110)) - Removed db /home/runner/work/ozone/ozone/hadoop-ozone/integration-test/target/test-dir/MiniOzoneClusterImpl-075da85a-61fc-4f3b-aaa6-f3afee0da340/ozone-meta/datanode-2/data-0/hdds/075da85a-61fc-4f3b-aaa6-f3afee0da340/DS-1b4858d1-6d5f-47c3-8f44-4058ea9a21ce/container.db from cache
2024-02-27 21:39:56,792 [main] INFO  volume.HddsVolume (HddsVolume.java:closeDbStore(451)) - SchemaV3 db is stopped at /home/runner/work/ozone/ozone/hadoop-ozone/integration-test/target/test-dir/MiniOzoneClusterImpl-075da85a-61fc-4f3b-aaa6-f3afee0da340/ozone-meta/datanode-2/data-0/hdds/075da85a-61fc-4f3b-aaa6-f3afee0da340/DS-1b4858d1-6d5f-47c3-8f44-4058ea9a21ce/container.db for volume DS-1b4858d1-6d5f-47c3-8f44-4058ea9a21ce
2024-02-27 21:39:56,792 [main] INFO  utils.BackgroundService (BackgroundService.java:shutdown(160)) - Shutting down service BlockDeletingService
2024-02-27 21:39:56,793 [main] INFO  utils.BackgroundService (BackgroundService.java:shutdown(160)) - Shutting down service StaleRecoveringContainerScrubbingService
2024-02-27 21:39:56,793 [main] INFO  statemachine.DatanodeStateMachine (DatanodeStateMachine.java:stopDaemon(638)) - Ozone container server stopped.
2024-02-27 21:39:56,794 [main] INFO  handler.ContextHandler (ContextHandler.java:doStop(1159)) - Stopped o.e.j.w.WebAppContext@73538e82{hddsDatanode,/,null,STOPPED}{jar:file:/home/runner/.m2/repository/org/apache/ozone/hdds-container-service/1.5.0-SNAPSHOT/hdds-container-service-1.5.0-SNAPSHOT.jar!/webapps/hddsDatanode}
2024-02-27 21:39:56,794 [main] INFO  server.AbstractConnector (AbstractConnector.java:doStop(383)) - Stopped ServerConnector@23e3f9d4{HTTP/1.1, (http/1.1)}{0.0.0.0:15080}
2024-02-27 21:39:56,795 [main] INFO  server.session (HouseKeeper.java:stopScavenging(149)) - node0 Stopped scavenging
2024-02-27 21:39:56,795 [main] INFO  handler.ContextHandler (ContextHandler.java:doStop(1159)) - Stopped o.e.j.s.ServletContextHandler@4069f369{static,/static,jar:file:/home/runner/.m2/repository/org/apache/ozone/hdds-container-service/1.5.0-SNAPSHOT/hdds-container-service-1.5.0-SNAPSHOT.jar!/webapps/static,STOPPED}
2024-02-27 21:39:56,795 [main] INFO  handler.ContextHandler (ContextHandler.java:doStop(1159)) - Stopped o.e.j.s.ServletContextHandler@94e72e6{logs,/logs,file:///home/runner/work/ozone/ozone/hadoop-ozone/integration-test/target/log,STOPPED}
2024-02-27 21:39:56,795 [main] INFO  ozone.HddsDatanodeClientProtocolServer (HddsDatanodeClientProtocolServer.java:stop(83)) - Stopping the RPC server for Client Protocol
2024-02-27 21:39:56,796 [main] INFO  ipc.Server (Server.java:stop(3523)) - Stopping server on 15081
2024-02-27 21:39:56,801 [IPC Server listener on 15081] INFO  ipc.Server (Server.java:run(1434)) - Stopping IPC Server listener on 15081
2024-02-27 21:39:56,801 [IPC Server Responder] INFO  ipc.Server (Server.java:run(1567)) - Stopping IPC Server Responder
2024-02-27 21:39:56,802 [main] INFO  ozoneimpl.OzoneContainer (OzoneContainer.java:stop(481)) - Attempting to stop container services.
2024-02-27 21:39:56,802 [main] INFO  server.RaftServer (RaftServerProxy.java:lambda$close$9(416)) - 6d1988e6-d732-42b7-a0ee-62d3ca1ef2f1: close
2024-02-27 21:39:56,803 [6d1988e6-d732-42b7-a0ee-62d3ca1ef2f1-impl-thread2] INFO  server.RaftServer$Division (RaftServerImpl.java:lambda$close$3(526)) - 6d1988e6-d732-42b7-a0ee-62d3ca1ef2f1@group-28B75BC60A14: shutdown
2024-02-27 21:39:56,803 [main] INFO  server.GrpcService (GrpcService.java:closeImpl(311)) - 6d1988e6-d732-42b7-a0ee-62d3ca1ef2f1: shutdown server org.apache.ratis.grpc.server.GrpcClientProtocolService now
2024-02-27 21:39:56,803 [6d1988e6-d732-42b7-a0ee-62d3ca1ef2f1-impl-thread2] INFO  util.JmxRegister (JmxRegister.java:unregister(73)) - Successfully un-registered JMX Bean with object name Ratis:service=RaftServer,group=group-28B75BC60A14,id=6d1988e6-d732-42b7-a0ee-62d3ca1ef2f1
2024-02-27 21:39:56,804 [6d1988e6-d732-42b7-a0ee-62d3ca1ef2f1-impl-thread2] INFO  impl.RoleInfo (RoleInfo.java:shutdownLeaderState(94)) - 6d1988e6-d732-42b7-a0ee-62d3ca1ef2f1: shutdown 6d1988e6-d732-42b7-a0ee-62d3ca1ef2f1@group-28B75BC60A14-LeaderStateImpl
2024-02-27 21:39:56,803 [6d1988e6-d732-42b7-a0ee-62d3ca1ef2f1-impl-thread3] INFO  server.RaftServer$Division (RaftServerImpl.java:lambda$close$3(526)) - 6d1988e6-d732-42b7-a0ee-62d3ca1ef2f1@group-59E1F7E51CDF: shutdown
2024-02-27 21:39:56,804 [6d1988e6-d732-42b7-a0ee-62d3ca1ef2f1-impl-thread2] INFO  impl.PendingRequests (PendingRequests.java:sendNotLeaderResponses(289)) - 6d1988e6-d732-42b7-a0ee-62d3ca1ef2f1@group-28B75BC60A14-PendingRequests: sendNotLeaderResponses
2024-02-27 21:39:56,804 [Thread-1728] INFO  server.GrpcServerProtocolClient (GrpcServerProtocolClient.java:close(103)) - e13e7e3b-b387-4fac-9683-3ea92427a7e8 Close channels
2024-02-27 21:39:56,804 [6d1988e6-d732-42b7-a0ee-62d3ca1ef2f1-impl-thread2] INFO  impl.StateMachineUpdater (StateMachineUpdater.java:stopAndJoin(157)) - 6d1988e6-d732-42b7-a0ee-62d3ca1ef2f1@group-28B75BC60A14-StateMachineUpdater: set stopIndex = 0
2024-02-27 21:39:56,804 [6d1988e6-d732-42b7-a0ee-62d3ca1ef2f1@group-28B75BC60A14-StateMachineUpdater] INFO  ratis.ContainerStateMachine (ContainerStateMachine.java:takeSnapshot(355)) - group-28B75BC60A14: Taking a snapshot at:(t:1, i:0) file /home/runner/work/ozone/ozone/hadoop-ozone/integration-test/target/test-dir/MiniOzoneClusterImpl-075da85a-61fc-4f3b-aaa6-f3afee0da340/ozone-meta/datanode-3/ratis/971eb6a1-a86e-412f-b85a-28b75bc60a14/sm/snapshot.1_0
2024-02-27 21:39:56,804 [Thread-1727] INFO  server.GrpcServerProtocolClient (GrpcServerProtocolClient.java:close(103)) - 71df5106-29e4-46d2-b533-d1616e11bc16 Close channels
2024-02-27 21:39:56,804 [6d1988e6-d732-42b7-a0ee-62d3ca1ef2f1-impl-thread3] INFO  util.JmxRegister (JmxRegister.java:unregister(73)) - Successfully un-registered JMX Bean with object name Ratis:service=RaftServer,group=group-59E1F7E51CDF,id=6d1988e6-d732-42b7-a0ee-62d3ca1ef2f1
2024-02-27 21:39:56,805 [6d1988e6-d732-42b7-a0ee-62d3ca1ef2f1-impl-thread3] INFO  impl.RoleInfo (RoleInfo.java:shutdownLeaderState(94)) - 6d1988e6-d732-42b7-a0ee-62d3ca1ef2f1: shutdown 6d1988e6-d732-42b7-a0ee-62d3ca1ef2f1@group-59E1F7E51CDF-LeaderStateImpl
2024-02-27 21:39:56,805 [6d1988e6-d732-42b7-a0ee-62d3ca1ef2f1-impl-thread3] INFO  impl.PendingRequests (PendingRequests.java:sendNotLeaderResponses(289)) - 6d1988e6-d732-42b7-a0ee-62d3ca1ef2f1@group-59E1F7E51CDF-PendingRequests: sendNotLeaderResponses
2024-02-27 21:39:56,805 [6d1988e6-d732-42b7-a0ee-62d3ca1ef2f1@group-59E1F7E51CDF->71df5106-29e4-46d2-b533-d1616e11bc16-GrpcLogAppender-LogAppenderDaemon] WARN  server.GrpcLogAppender (GrpcLogAppender.java:mayWait(289)) - 6d1988e6-d732-42b7-a0ee-62d3ca1ef2f1@group-59E1F7E51CDF->71df5106-29e4-46d2-b533-d1616e11bc16-GrpcLogAppender: Wait interrupted by java.lang.InterruptedException
2024-02-27 21:39:56,805 [6d1988e6-d732-42b7-a0ee-62d3ca1ef2f1@group-59E1F7E51CDF->e13e7e3b-b387-4fac-9683-3ea92427a7e8-GrpcLogAppender-LogAppenderDaemon] WARN  server.GrpcLogAppender (GrpcLogAppender.java:mayWait(289)) - 6d1988e6-d732-42b7-a0ee-62d3ca1ef2f1@group-59E1F7E51CDF->e13e7e3b-b387-4fac-9683-3ea92427a7e8-GrpcLogAppender: Wait interrupted by java.lang.InterruptedException
2024-02-27 21:39:56,804 [6d1988e6-d732-42b7-a0ee-62d3ca1ef2f1-impl-thread4] INFO  server.RaftServer$Division (RaftServerImpl.java:lambda$close$3(526)) - 6d1988e6-d732-42b7-a0ee-62d3ca1ef2f1@group-EE311A528B4F: shutdown
2024-02-27 21:39:56,805 [6d1988e6-d732-42b7-a0ee-62d3ca1ef2f1@group-28B75BC60A14-StateMachineUpdater] INFO  ratis.ContainerStateMachine (ContainerStateMachine.java:takeSnapshot(366)) - group-28B75BC60A14: Finished taking a snapshot at:(t:1, i:0) file:/home/runner/work/ozone/ozone/hadoop-ozone/integration-test/target/test-dir/MiniOzoneClusterImpl-075da85a-61fc-4f3b-aaa6-f3afee0da340/ozone-meta/datanode-3/ratis/971eb6a1-a86e-412f-b85a-28b75bc60a14/sm/snapshot.1_0 took: 1 ms
2024-02-27 21:39:56,805 [6d1988e6-d732-42b7-a0ee-62d3ca1ef2f1-impl-thread3] INFO  impl.StateMachineUpdater (StateMachineUpdater.java:stopAndJoin(157)) - 6d1988e6-d732-42b7-a0ee-62d3ca1ef2f1@group-59E1F7E51CDF-StateMachineUpdater: set stopIndex = 0
2024-02-27 21:39:56,805 [6d1988e6-d732-42b7-a0ee-62d3ca1ef2f1@group-59E1F7E51CDF-StateMachineUpdater] INFO  ratis.ContainerStateMachine (ContainerStateMachine.java:takeSnapshot(355)) - group-59E1F7E51CDF: Taking a snapshot at:(t:2, i:0) file /home/runner/work/ozone/ozone/hadoop-ozone/integration-test/target/test-dir/MiniOzoneClusterImpl-075da85a-61fc-4f3b-aaa6-f3afee0da340/ozone-meta/datanode-3/ratis/20419fbb-d945-4096-ad99-59e1f7e51cdf/sm/snapshot.2_0
2024-02-27 21:39:56,805 [6d1988e6-d732-42b7-a0ee-62d3ca1ef2f1@group-28B75BC60A14-StateMachineUpdater] INFO  impl.StateMachineUpdater (StateMachineUpdater.java:takeSnapshot(295)) - 6d1988e6-d732-42b7-a0ee-62d3ca1ef2f1@group-28B75BC60A14-StateMachineUpdater: Took a snapshot at index 0
2024-02-27 21:39:56,806 [main] INFO  server.GrpcService (GrpcService.java:closeImpl(320)) - 6d1988e6-d732-42b7-a0ee-62d3ca1ef2f1: shutdown server org.apache.ratis.grpc.server.GrpcClientProtocolService successfully
2024-02-27 21:39:56,806 [main] INFO  server.GrpcService (GrpcService.java:closeImpl(311)) - 6d1988e6-d732-42b7-a0ee-62d3ca1ef2f1: shutdown server GrpcServerProtocolService now
2024-02-27 21:39:56,806 [6d1988e6-d732-42b7-a0ee-62d3ca1ef2f1@group-28B75BC60A14-StateMachineUpdater] INFO  impl.StateMachineUpdater (StateMachineUpdater.java:lambda$new$0(98)) - 6d1988e6-d732-42b7-a0ee-62d3ca1ef2f1@group-28B75BC60A14-StateMachineUpdater: snapshotIndex: updateIncreasingly -1 -> 0
2024-02-27 21:39:56,805 [6d1988e6-d732-42b7-a0ee-62d3ca1ef2f1-impl-thread4] INFO  util.JmxRegister (JmxRegister.java:unregister(73)) - Successfully un-registered JMX Bean with object name Ratis:service=RaftServer,group=group-EE311A528B4F,id=6d1988e6-d732-42b7-a0ee-62d3ca1ef2f1
2024-02-27 21:39:56,806 [6d1988e6-d732-42b7-a0ee-62d3ca1ef2f1-impl-thread4] INFO  impl.RoleInfo (RoleInfo.java:shutdownLeaderState(94)) - 6d1988e6-d732-42b7-a0ee-62d3ca1ef2f1: shutdown 6d1988e6-d732-42b7-a0ee-62d3ca1ef2f1@group-EE311A528B4F-LeaderStateImpl
2024-02-27 21:39:56,806 [6d1988e6-d732-42b7-a0ee-62d3ca1ef2f1@group-59E1F7E51CDF-StateMachineUpdater] INFO  ratis.ContainerStateMachine (ContainerStateMachine.java:takeSnapshot(366)) - group-59E1F7E51CDF: Finished taking a snapshot at:(t:2, i:0) file:/home/runner/work/ozone/ozone/hadoop-ozone/integration-test/target/test-dir/MiniOzoneClusterImpl-075da85a-61fc-4f3b-aaa6-f3afee0da340/ozone-meta/datanode-3/ratis/20419fbb-d945-4096-ad99-59e1f7e51cdf/sm/snapshot.2_0 took: 1 ms
2024-02-27 21:39:56,806 [6d1988e6-d732-42b7-a0ee-62d3ca1ef2f1@group-EE311A528B4F->71df5106-29e4-46d2-b533-d1616e11bc16-GrpcLogAppender-LogAppenderDaemon] WARN  server.GrpcLogAppender (GrpcLogAppender.java:mayWait(289)) - 6d1988e6-d732-42b7-a0ee-62d3ca1ef2f1@group-EE311A528B4F->71df5106-29e4-46d2-b533-d1616e11bc16-GrpcLogAppender: Wait interrupted by java.lang.InterruptedException
2024-02-27 21:39:56,806 [6d1988e6-d732-42b7-a0ee-62d3ca1ef2f1@group-59E1F7E51CDF-StateMachineUpdater] INFO  impl.StateMachineUpdater (StateMachineUpdater.java:takeSnapshot(295)) - 6d1988e6-d732-42b7-a0ee-62d3ca1ef2f1@group-59E1F7E51CDF-StateMachineUpdater: Took a snapshot at index 0
2024-02-27 21:39:56,806 [6d1988e6-d732-42b7-a0ee-62d3ca1ef2f1@group-59E1F7E51CDF-StateMachineUpdater] INFO  impl.StateMachineUpdater (StateMachineUpdater.java:lambda$new$0(98)) - 6d1988e6-d732-42b7-a0ee-62d3ca1ef2f1@group-59E1F7E51CDF-StateMachineUpdater: snapshotIndex: updateIncreasingly -1 -> 0
2024-02-27 21:39:56,806 [6d1988e6-d732-42b7-a0ee-62d3ca1ef2f1@group-EE311A528B4F->e13e7e3b-b387-4fac-9683-3ea92427a7e8-GrpcLogAppender-LogAppenderDaemon] WARN  server.GrpcLogAppender (GrpcLogAppender.java:mayWait(289)) - 6d1988e6-d732-42b7-a0ee-62d3ca1ef2f1@group-EE311A528B4F->e13e7e3b-b387-4fac-9683-3ea92427a7e8-GrpcLogAppender: Wait interrupted by java.lang.InterruptedException
2024-02-27 21:39:56,807 [6d1988e6-d732-42b7-a0ee-62d3ca1ef2f1-impl-thread3] INFO  server.RaftServer$Division (ServerState.java:close(427)) - 6d1988e6-d732-42b7-a0ee-62d3ca1ef2f1@group-59E1F7E51CDF: applyIndex: 0
2024-02-27 21:39:56,807 [6d1988e6-d732-42b7-a0ee-62d3ca1ef2f1@group-59E1F7E51CDF-cacheEviction-AwaitToRun] INFO  util.AwaitToRun (AwaitToRun.java:run(49)) - 6d1988e6-d732-42b7-a0ee-62d3ca1ef2f1@group-59E1F7E51CDF-cacheEviction-AwaitToRun-AwaitForSignal is interrupted
2024-02-27 21:39:56,806 [6d1988e6-d732-42b7-a0ee-62d3ca1ef2f1-impl-thread4] INFO  impl.PendingRequests (PendingRequests.java:sendNotLeaderResponses(289)) - 6d1988e6-d732-42b7-a0ee-62d3ca1ef2f1@group-EE311A528B4F-PendingRequests: sendNotLeaderResponses
2024-02-27 21:39:56,808 [6d1988e6-d732-42b7-a0ee-62d3ca1ef2f1-impl-thread4] INFO  impl.StateMachineUpdater (StateMachineUpdater.java:stopAndJoin(157)) - 6d1988e6-d732-42b7-a0ee-62d3ca1ef2f1@group-EE311A528B4F-StateMachineUpdater: set stopIndex = 0
2024-02-27 21:39:56,808 [6d1988e6-d732-42b7-a0ee-62d3ca1ef2f1@group-EE311A528B4F-StateMachineUpdater] INFO  ratis.ContainerStateMachine (ContainerStateMachine.java:takeSnapshot(355)) - group-EE311A528B4F: Taking a snapshot at:(t:1, i:0) file /home/runner/work/ozone/ozone/hadoop-ozone/integration-test/target/test-dir/MiniOzoneClusterImpl-075da85a-61fc-4f3b-aaa6-f3afee0da340/ozone-meta/datanode-3/ratis/65c74a8d-5a7c-4552-b886-ee311a528b4f/sm/snapshot.1_0
2024-02-27 21:39:56,808 [6d1988e6-d732-42b7-a0ee-62d3ca1ef2f1-impl-thread2] INFO  server.RaftServer$Division (ServerState.java:close(427)) - 6d1988e6-d732-42b7-a0ee-62d3ca1ef2f1@group-28B75BC60A14: applyIndex: 0
2024-02-27 21:39:56,808 [6d1988e6-d732-42b7-a0ee-62d3ca1ef2f1@group-28B75BC60A14-cacheEviction-AwaitToRun] INFO  util.AwaitToRun (AwaitToRun.java:run(49)) - 6d1988e6-d732-42b7-a0ee-62d3ca1ef2f1@group-28B75BC60A14-cacheEviction-AwaitToRun-AwaitForSignal is interrupted
2024-02-27 21:39:56,808 [6d1988e6-d732-42b7-a0ee-62d3ca1ef2f1@group-EE311A528B4F-StateMachineUpdater] INFO  ratis.ContainerStateMachine (ContainerStateMachine.java:takeSnapshot(366)) - group-EE311A528B4F: Finished taking a snapshot at:(t:1, i:0) file:/home/runner/work/ozone/ozone/hadoop-ozone/integration-test/target/test-dir/MiniOzoneClusterImpl-075da85a-61fc-4f3b-aaa6-f3afee0da340/ozone-meta/datanode-3/ratis/65c74a8d-5a7c-4552-b886-ee311a528b4f/sm/snapshot.1_0 took: 1 ms
2024-02-27 21:39:56,808 [6d1988e6-d732-42b7-a0ee-62d3ca1ef2f1@group-EE311A528B4F-StateMachineUpdater] INFO  impl.StateMachineUpdater (StateMachineUpdater.java:takeSnapshot(295)) - 6d1988e6-d732-42b7-a0ee-62d3ca1ef2f1@group-EE311A528B4F-StateMachineUpdater: Took a snapshot at index 0
2024-02-27 21:39:56,809 [6d1988e6-d732-42b7-a0ee-62d3ca1ef2f1@group-EE311A528B4F-StateMachineUpdater] INFO  impl.StateMachineUpdater (StateMachineUpdater.java:lambda$new$0(98)) - 6d1988e6-d732-42b7-a0ee-62d3ca1ef2f1@group-EE311A528B4F-StateMachineUpdater: snapshotIndex: updateIncreasingly -1 -> 0
2024-02-27 21:39:56,809 [main] INFO  server.GrpcService (GrpcService.java:closeImpl(320)) - 6d1988e6-d732-42b7-a0ee-62d3ca1ef2f1: shutdown server GrpcServerProtocolService successfully
2024-02-27 21:39:56,809 [6d1988e6-d732-42b7-a0ee-62d3ca1ef2f1-impl-thread4] INFO  server.RaftServer$Division (ServerState.java:close(427)) - 6d1988e6-d732-42b7-a0ee-62d3ca1ef2f1@group-EE311A528B4F: applyIndex: 0
2024-02-27 21:39:56,809 [6d1988e6-d732-42b7-a0ee-62d3ca1ef2f1@group-EE311A528B4F-cacheEviction-AwaitToRun] INFO  util.AwaitToRun (AwaitToRun.java:run(49)) - 6d1988e6-d732-42b7-a0ee-62d3ca1ef2f1@group-EE311A528B4F-cacheEviction-AwaitToRun-AwaitForSignal is interrupted
2024-02-27 21:39:56,809 [main] INFO  server.GrpcService (GrpcService.java:closeImpl(311)) - 6d1988e6-d732-42b7-a0ee-62d3ca1ef2f1: shutdown server org.apache.ratis.grpc.server.GrpcAdminProtocolService now
2024-02-27 21:39:56,810 [main] INFO  server.GrpcService (GrpcService.java:closeImpl(320)) - 6d1988e6-d732-42b7-a0ee-62d3ca1ef2f1: shutdown server org.apache.ratis.grpc.server.GrpcAdminProtocolService successfully
2024-02-27 21:39:56,813 [6d1988e6-d732-42b7-a0ee-62d3ca1ef2f1-NettyServerStreamRpc-bossGroup--thread1] INFO  logging.LoggingHandler (AbstractInternalLogger.java:log(148)) - [id: 0x04866601, L:/0.0.0.0:15095] CLOSE
2024-02-27 21:39:56,813 [6d1988e6-d732-42b7-a0ee-62d3ca1ef2f1-NettyServerStreamRpc-bossGroup--thread1] INFO  logging.LoggingHandler (AbstractInternalLogger.java:log(148)) - [id: 0x04866601, L:/0.0.0.0:15095] INACTIVE
2024-02-27 21:39:56,813 [6d1988e6-d732-42b7-a0ee-62d3ca1ef2f1-NettyServerStreamRpc-bossGroup--thread1] INFO  logging.LoggingHandler (AbstractInternalLogger.java:log(148)) - [id: 0x04866601, L:/0.0.0.0:15095] UNREGISTERED
2024-02-27 21:39:57,224 [RatisPipelineUtilsThread-0] WARN  scm.SCMCommonPlacementPolicy (SCMCommonPlacementPolicy.java:filterNodesWithSpace(287)) - Unable to find enough nodes that meet the space requirement of 1073741824 bytes for metadata and 5368709120 bytes for data in healthy node set. Required 3. Found 2.
2024-02-27 21:39:57,342 [timer2] WARN  server.GrpcLogAppender (LogUtils.java:warn(121)) - 6d1988e6-d732-42b7-a0ee-62d3ca1ef2f1@group-EE311A528B4F->71df5106-29e4-46d2-b533-d1616e11bc16-AppendLogResponseHandler: Failed appendEntries (Repeated 4 times in the last 5.001s): org.apache.ratis.thirdparty.io.grpc.StatusRuntimeException: UNAVAILABLE: io exception
2024-02-27 21:39:57,487 [6d1988e6-d732-42b7-a0ee-62d3ca1ef2f1-impl-thread4] INFO  segmented.SegmentedRaftLogWorker (SegmentedRaftLogWorker.java:close(245)) - 6d1988e6-d732-42b7-a0ee-62d3ca1ef2f1@group-EE311A528B4F-SegmentedRaftLogWorker close()
2024-02-27 21:39:57,572 [6d1988e6-d732-42b7-a0ee-62d3ca1ef2f1-BlockDeletingService#0] INFO  interfaces.ContainerDeletionChoosingPolicyTemplate (ContainerDeletionChoosingPolicyTemplate.java:chooseContainerForBlockDeletion(85)) - Chosen 0/5000 blocks from 0 candidate containers.
2024-02-27 21:39:57,661 [6d1988e6-d732-42b7-a0ee-62d3ca1ef2f1-impl-thread2] INFO  segmented.SegmentedRaftLogWorker (SegmentedRaftLogWorker.java:close(245)) - 6d1988e6-d732-42b7-a0ee-62d3ca1ef2f1@group-28B75BC60A14-SegmentedRaftLogWorker close()
2024-02-27 21:39:57,724 [RatisPipelineUtilsThread-0] WARN  scm.SCMCommonPlacementPolicy (SCMCommonPlacementPolicy.java:filterNodesWithSpace(287)) - Unable to find enough nodes that meet the space requirement of 1073741824 bytes for metadata and 5368709120 bytes for data in healthy node set. Required 3. Found 2.
2024-02-27 21:39:57,779 [6d1988e6-d732-42b7-a0ee-62d3ca1ef2f1-impl-thread3] INFO  segmented.SegmentedRaftLogWorker (SegmentedRaftLogWorker.java:close(245)) - 6d1988e6-d732-42b7-a0ee-62d3ca1ef2f1@group-59E1F7E51CDF-SegmentedRaftLogWorker close()
2024-02-27 21:39:57,780 [JvmPauseMonitor12] INFO  util.JvmPauseMonitor (JvmPauseMonitor.java:run(152)) - JvmPauseMonitor-6d1988e6-d732-42b7-a0ee-62d3ca1ef2f1: Stopped
2024-02-27 21:39:58,224 [RatisPipelineUtilsThread-0] WARN  scm.SCMCommonPlacementPolicy (SCMCommonPlacementPolicy.java:filterNodesWithSpace(287)) - Unable to find enough nodes that meet the space requirement of 1073741824 bytes for metadata and 5368709120 bytes for data in healthy node set. Required 3. Found 2.
2024-02-27 21:39:58,725 [RatisPipelineUtilsThread-0] WARN  scm.SCMCommonPlacementPolicy (SCMCommonPlacementPolicy.java:filterNodesWithSpace(287)) - Unable to find enough nodes that meet the space requirement of 1073741824 bytes for metadata and 5368709120 bytes for data in healthy node set. Required 3. Found 2.
2024-02-27 21:39:59,225 [RatisPipelineUtilsThread-0] WARN  scm.SCMCommonPlacementPolicy (SCMCommonPlacementPolicy.java:filterNodesWithSpace(287)) - Unable to find enough nodes that meet the space requirement of 1073741824 bytes for metadata and 5368709120 bytes for data in healthy node set. Required 3. Found 2.
2024-02-27 21:39:59,456 [timer4] WARN  server.GrpcLogAppender (LogUtils.java:warn(121)) - 6d1988e6-d732-42b7-a0ee-62d3ca1ef2f1@group-EE311A528B4F->e13e7e3b-b387-4fac-9683-3ea92427a7e8-AppendLogResponseHandler: Failed appendEntries (Repeated 6 times in the last 4.999s): org.apache.ratis.thirdparty.io.grpc.StatusRuntimeException: UNAVAILABLE: io exception
2024-02-27 21:39:59,457 [timer5] WARN  server.GrpcLogAppender (GrpcLogAppender.java:lambda$resetClient$1(217)) - 6d1988e6-d732-42b7-a0ee-62d3ca1ef2f1@group-59E1F7E51CDF->e13e7e3b-b387-4fac-9683-3ea92427a7e8-GrpcLogAppender: Follower failed (request=null, errorCount=6); keep nextIndex (1) unchanged and retry. (Repeated 12 times in the last 5.000s)
2024-02-27 21:39:59,457 [timer6] WARN  server.GrpcLogAppender (LogUtils.java:warn(121)) - 6d1988e6-d732-42b7-a0ee-62d3ca1ef2f1@group-59E1F7E51CDF->e13e7e3b-b387-4fac-9683-3ea92427a7e8-AppendLogResponseHandler: Failed appendEntries (Repeated 6 times in the last 5.001s): org.apache.ratis.thirdparty.io.grpc.StatusRuntimeException: UNAVAILABLE: io exception
2024-02-27 21:39:59,568 [EventQueue-StaleNodeForStaleNodeHandler] INFO  node.StaleNodeHandler (StaleNodeHandler.java:onMessage(57)) - Datanode e13e7e3b-b387-4fac-9683-3ea92427a7e8(fv-az531-651.fb1yufaac5hu3gd5gtxiz42tfh.cx.internal.cloudapp.net/10.1.0.18) moved to stale state. Finalizing its pipelines [PipelineID=20419fbb-d945-4096-ad99-59e1f7e51cdf, PipelineID=579db771-9598-4b39-84fa-7c3cb0869e93, PipelineID=65c74a8d-5a7c-4552-b886-ee311a528b4f]
2024-02-27 21:39:59,569 [EventQueue-StaleNodeForStaleNodeHandler] INFO  pipeline.PipelineManagerImpl (PipelineManagerImpl.java:closePipeline(518)) - Pipeline PipelineID=579db771-9598-4b39-84fa-7c3cb0869e93 moved to CLOSED state
2024-02-27 21:39:59,725 [RatisPipelineUtilsThread-0] WARN  scm.SCMCommonPlacementPolicy (SCMCommonPlacementPolicy.java:filterNodesWithSpace(287)) - Unable to find enough nodes that meet the space requirement of 1073741824 bytes for metadata and 5368709120 bytes for data in healthy node set. Required 3. Found 1.
2024-02-27 21:39:59,783 [main] INFO  utils.DatanodeStoreCache (DatanodeStoreCache.java:shutdownCache(116)) - Skip clearing cache in mini cluster mode. Entries left: [/home/runner/work/ozone/ozone/hadoop-ozone/integration-test/target/test-dir/MiniOzoneClusterImpl-075da85a-61fc-4f3b-aaa6-f3afee0da340/ozone-meta/datanode-3/data-0/hdds/075da85a-61fc-4f3b-aaa6-f3afee0da340/DS-cfa68d1b-8c71-412d-ad37-74cac7a788d2/container.db]
2024-02-27 21:39:59,784 [main] INFO  utils.DatanodeStoreCache (DatanodeStoreCache.java:removeDB(110)) - Removed db /home/runner/work/ozone/ozone/hadoop-ozone/integration-test/target/test-dir/MiniOzoneClusterImpl-075da85a-61fc-4f3b-aaa6-f3afee0da340/ozone-meta/datanode-3/data-0/hdds/075da85a-61fc-4f3b-aaa6-f3afee0da340/DS-cfa68d1b-8c71-412d-ad37-74cac7a788d2/container.db from cache
2024-02-27 21:39:59,784 [main] INFO  volume.HddsVolume (HddsVolume.java:closeDbStore(451)) - SchemaV3 db is stopped at /home/runner/work/ozone/ozone/hadoop-ozone/integration-test/target/test-dir/MiniOzoneClusterImpl-075da85a-61fc-4f3b-aaa6-f3afee0da340/ozone-meta/datanode-3/data-0/hdds/075da85a-61fc-4f3b-aaa6-f3afee0da340/DS-cfa68d1b-8c71-412d-ad37-74cac7a788d2/container.db for volume DS-cfa68d1b-8c71-412d-ad37-74cac7a788d2
2024-02-27 21:39:59,784 [main] INFO  utils.BackgroundService (BackgroundService.java:shutdown(160)) - Shutting down service BlockDeletingService
2024-02-27 21:39:59,785 [main] INFO  utils.BackgroundService (BackgroundService.java:shutdown(160)) - Shutting down service StaleRecoveringContainerScrubbingService
2024-02-27 21:39:59,785 [main] INFO  statemachine.DatanodeStateMachine (DatanodeStateMachine.java:stopDaemon(638)) - Ozone container server stopped.
2024-02-27 21:39:59,786 [main] INFO  handler.ContextHandler (ContextHandler.java:doStop(1159)) - Stopped o.e.j.w.WebAppContext@647d40ce{hddsDatanode,/,null,STOPPED}{jar:file:/home/runner/.m2/repository/org/apache/ozone/hdds-container-service/1.5.0-SNAPSHOT/hdds-container-service-1.5.0-SNAPSHOT.jar!/webapps/hddsDatanode}
2024-02-27 21:39:59,786 [main] INFO  server.AbstractConnector (AbstractConnector.java:doStop(383)) - Stopped ServerConnector@4ff8ae11{HTTP/1.1, (http/1.1)}{0.0.0.0:15089}
2024-02-27 21:39:59,787 [main] INFO  server.session (HouseKeeper.java:stopScavenging(149)) - node0 Stopped scavenging
2024-02-27 21:39:59,787 [main] INFO  handler.ContextHandler (ContextHandler.java:doStop(1159)) - Stopped o.e.j.s.ServletContextHandler@2122eab4{static,/static,jar:file:/home/runner/.m2/repository/org/apache/ozone/hdds-container-service/1.5.0-SNAPSHOT/hdds-container-service-1.5.0-SNAPSHOT.jar!/webapps/static,STOPPED}
2024-02-27 21:39:59,787 [main] INFO  handler.ContextHandler (ContextHandler.java:doStop(1159)) - Stopped o.e.j.s.ServletContextHandler@364b57f1{logs,/logs,file:///home/runner/work/ozone/ozone/hadoop-ozone/integration-test/target/log,STOPPED}
2024-02-27 21:39:59,787 [main] INFO  ozone.HddsDatanodeClientProtocolServer (HddsDatanodeClientProtocolServer.java:stop(83)) - Stopping the RPC server for Client Protocol
2024-02-27 21:39:59,788 [main] INFO  ipc.Server (Server.java:stop(3523)) - Stopping server on 15090
2024-02-27 21:39:59,788 [IPC Server listener on 15090] INFO  ipc.Server (Server.java:run(1434)) - Stopping IPC Server listener on 15090
2024-02-27 21:39:59,788 [IPC Server Responder] INFO  ipc.Server (Server.java:run(1567)) - Stopping IPC Server Responder
2024-02-27 21:40:00,226 [RatisPipelineUtilsThread-0] WARN  scm.SCMCommonPlacementPolicy (SCMCommonPlacementPolicy.java:filterNodesWithSpace(287)) - Unable to find enough nodes that meet the space requirement of 1073741824 bytes for metadata and 5368709120 bytes for data in healthy node set. Required 3. Found 1.
2024-02-27 21:40:00,726 [RatisPipelineUtilsThread-0] WARN  scm.SCMCommonPlacementPolicy (SCMCommonPlacementPolicy.java:filterNodesWithSpace(287)) - Unable to find enough nodes that meet the space requirement of 1073741824 bytes for metadata and 5368709120 bytes for data in healthy node set. Required 3. Found 1.
2024-02-27 21:40:01,226 [RatisPipelineUtilsThread-0] WARN  scm.SCMCommonPlacementPolicy (SCMCommonPlacementPolicy.java:filterNodesWithSpace(287)) - Unable to find enough nodes that meet the space requirement of 1073741824 bytes for metadata and 5368709120 bytes for data in healthy node set. Required 3. Found 1.
2024-02-27 21:40:01,726 [RatisPipelineUtilsThread-0] WARN  scm.SCMCommonPlacementPolicy (SCMCommonPlacementPolicy.java:filterNodesWithSpace(287)) - Unable to find enough nodes that meet the space requirement of 1073741824 bytes for metadata and 5368709120 bytes for data in healthy node set. Required 3. Found 1.
2024-02-27 21:40:02,227 [RatisPipelineUtilsThread-0] WARN  scm.SCMCommonPlacementPolicy (SCMCommonPlacementPolicy.java:filterNodesWithSpace(287)) - Unable to find enough nodes that meet the space requirement of 1073741824 bytes for metadata and 5368709120 bytes for data in healthy node set. Required 3. Found 1.
2024-02-27 21:40:02,569 [EventQueue-StaleNodeForStaleNodeHandler] INFO  node.StaleNodeHandler (StaleNodeHandler.java:onMessage(57)) - Datanode 6d1988e6-d732-42b7-a0ee-62d3ca1ef2f1(fv-az531-651.fb1yufaac5hu3gd5gtxiz42tfh.cx.internal.cloudapp.net/10.1.0.18) moved to stale state. Finalizing its pipelines [PipelineID=971eb6a1-a86e-412f-b85a-28b75bc60a14, PipelineID=20419fbb-d945-4096-ad99-59e1f7e51cdf, PipelineID=65c74a8d-5a7c-4552-b886-ee311a528b4f]
2024-02-27 21:40:02,569 [EventQueue-StaleNodeForStaleNodeHandler] INFO  pipeline.PipelineManagerImpl (PipelineManagerImpl.java:closePipeline(518)) - Pipeline PipelineID=971eb6a1-a86e-412f-b85a-28b75bc60a14 moved to CLOSED state
2024-02-27 21:40:02,599 [main] ERROR pipeline.PipelinePlacementPolicy (PipelinePlacementPolicy.java:filterViableNodes(143)) - No healthy node found to allocate container.
2024-02-27 21:40:02,601 [main] INFO  impl.MetricsSystemImpl (MetricsSystemImpl.java:init(158)) - HddsDatanode metrics system started (again)
2024-02-27 21:40:02,634 [main] INFO  ozone.HddsDatanodeService (HddsDatanodeService.java:start(240)) - HddsDatanodeService host:fv-az531-651.fb1yufaac5hu3gd5gtxiz42tfh.cx.internal.cloudapp.net ip:10.1.0.18
2024-02-27 21:40:02,644 [main] INFO  upgrade.AbstractLayoutVersionManager (AbstractLayoutVersionManager.java:init(83)) - Initializing Layout version manager with metadata layout = HADOOP_PRC_PORTS_IN_DATANODEDETAILS (version = 7), software layout = HADOOP_PRC_PORTS_IN_DATANODEDETAILS (version = 7)
2024-02-27 21:40:02,645 [main] INFO  statemachine.DatanodeStateMachine (DatanodeStateMachine.java:getEndPointTaskThreadPoolSize(299)) - Datanode State Machine Task Thread Pool size 2
2024-02-27 21:40:02,647 [main] INFO  volume.HddsVolume (HddsVolume.java:<init>(125)) - Creating HddsVolume: /home/runner/work/ozone/ozone/hadoop-ozone/integration-test/target/test-dir/MiniOzoneClusterImpl-075da85a-61fc-4f3b-aaa6-f3afee0da340/ozone-meta/datanode-1/data-0/hdds of storage type : DISK capacity : 9223372036854775807
2024-02-27 21:40:02,647 [main] INFO  volume.MutableVolumeSet (MutableVolumeSet.java:initializeVolumeSet(173)) - Added Volume : /home/runner/work/ozone/ozone/hadoop-ozone/integration-test/target/test-dir/MiniOzoneClusterImpl-075da85a-61fc-4f3b-aaa6-f3afee0da340/ozone-meta/datanode-1/data-0/hdds to VolumeSet
2024-02-27 21:40:02,648 [main] INFO  volume.MutableVolumeSet (MutableVolumeSet.java:initializeVolumeSet(173)) - Added Volume : /home/runner/work/ozone/ozone/hadoop-ozone/integration-test/target/test-dir/MiniOzoneClusterImpl-075da85a-61fc-4f3b-aaa6-f3afee0da340/ozone-meta/datanode-1/ratis to VolumeSet
2024-02-27 21:40:02,658 [ForkJoinPool.commonPool-worker-0] INFO  utils.DatanodeStoreCache (DatanodeStoreCache.java:addDB(72)) - Added db /home/runner/work/ozone/ozone/hadoop-ozone/integration-test/target/test-dir/MiniOzoneClusterImpl-075da85a-61fc-4f3b-aaa6-f3afee0da340/ozone-meta/datanode-1/data-0/hdds/075da85a-61fc-4f3b-aaa6-f3afee0da340/DS-be1b7d41-66c9-4cd6-bb70-1a0b9b827bd9/container.db to cache
2024-02-27 21:40:02,658 [ForkJoinPool.commonPool-worker-0] INFO  volume.HddsVolume (HddsVolume.java:loadDbStore(373)) - SchemaV3 db is loaded at /home/runner/work/ozone/ozone/hadoop-ozone/integration-test/target/test-dir/MiniOzoneClusterImpl-075da85a-61fc-4f3b-aaa6-f3afee0da340/ozone-meta/datanode-1/data-0/hdds/075da85a-61fc-4f3b-aaa6-f3afee0da340/DS-be1b7d41-66c9-4cd6-bb70-1a0b9b827bd9/container.db for volume DS-be1b7d41-66c9-4cd6-bb70-1a0b9b827bd9
2024-02-27 21:40:02,659 [main] INFO  ozoneimpl.OzoneContainer (HddsVolumeUtil.java:loadAllHddsVolumeDbStore(103)) - Load 1 volumes DbStore cost: 10ms
2024-02-27 21:40:02,661 [main] INFO  server.RaftServer (ConfUtils.java:logGet(46)) - raft.rpc.type = GRPC (default)
2024-02-27 21:40:02,661 [main] INFO  grpc.GrpcConfigKeys (ConfUtils.java:logFallback(53)) - raft.grpc.admin.host = null (fallback to raft.grpc.server.host)
2024-02-27 21:40:02,661 [main] INFO  grpc.GrpcConfigKeys (ConfUtils.java:logGet(46)) - raft.grpc.admin.port = 15075 (custom)
2024-02-27 21:40:02,661 [main] INFO  grpc.GrpcConfigKeys (ConfUtils.java:logFallback(53)) - raft.grpc.client.host = null (fallback to raft.grpc.server.host)
2024-02-27 21:40:02,662 [main] INFO  grpc.GrpcConfigKeys (ConfUtils.java:logGet(46)) - raft.grpc.client.port = 15074 (custom)
2024-02-27 21:40:02,662 [main] INFO  grpc.GrpcConfigKeys (ConfUtils.java:logGet(46)) - raft.grpc.server.host = null (default)
2024-02-27 21:40:02,662 [main] INFO  grpc.GrpcConfigKeys (ConfUtils.java:logGet(46)) - raft.grpc.server.port = 15076 (custom)
2024-02-27 21:40:02,662 [main] INFO  server.GrpcService (ConfUtils.java:logGet(46)) - raft.grpc.message.size.max = 32MB (=33554432) (custom)
2024-02-27 21:40:02,662 [main] INFO  server.RaftServerConfigKeys (ConfUtils.java:logGet(46)) - raft.server.log.appender.buffer.byte-limit = 8388608 (custom)
2024-02-27 21:40:02,663 [main] INFO  server.GrpcService (ConfUtils.java:logGet(46)) - raft.grpc.flow.control.window = 5MB (=5242880) (custom)
2024-02-27 21:40:02,663 [main] INFO  server.RaftServerConfigKeys (ConfUtils.java:logGet(46)) - raft.server.rpc.request.timeout = 60s (custom)
2024-02-27 21:40:02,663 [main] INFO  grpc.GrpcConfigKeys (ConfUtils.java:logGet(46)) - raft.grpc.server.heartbeat.channel = true (default)
2024-02-27 21:40:02,663 [main] INFO  grpc.GrpcConfigKeys (ConfUtils.java:logGet(46)) - raft.grpc.server.async.request.thread.pool.cached = true (default)
2024-02-27 21:40:02,663 [main] INFO  grpc.GrpcConfigKeys (ConfUtils.java:logGet(46)) - raft.grpc.server.async.request.thread.pool.size = 32 (default)
2024-02-27 21:40:02,665 [main] INFO  impl.DataStreamServerImpl (ConfUtils.java:logGet(46)) - raft.datastream.type = NETTY (custom)
2024-02-27 21:40:02,666 [main] INFO  server.RaftServerConfigKeys (ConfUtils.java:logGet(46)) - raft.server.data-stream.async.request.thread.pool.cached = false (default)
2024-02-27 21:40:02,666 [main] INFO  server.RaftServerConfigKeys (ConfUtils.java:logGet(46)) - raft.server.data-stream.async.request.thread.pool.size = 20 (custom)
2024-02-27 21:40:02,666 [main] INFO  server.RaftServerConfigKeys (ConfUtils.java:logGet(46)) - raft.server.data-stream.async.write.thread.pool.size = 16 (default)
2024-02-27 21:40:02,666 [main] INFO  netty.NettyConfigKeys$DataStream (ConfUtils.java:logGet(46)) - raft.netty.dataStream.server.channel.inactive.grace-period = 10min (default)
2024-02-27 21:40:02,667 [main] INFO  server.RaftServerConfigKeys (ConfUtils.java:logGet(46)) - raft.server.data-stream.client.pool.size = 10 (default)
2024-02-27 21:40:02,667 [main] INFO  netty.NettyConfigKeys$DataStream (ConfUtils.java:logGet(46)) - raft.netty.dataStream.server.use-epoll = true (default)
2024-02-27 21:40:02,667 [main] INFO  netty.NettyConfigKeys$DataStream (ConfUtils.java:logGet(46)) - raft.netty.dataStream.server.boss-group.size = 0 (default)
2024-02-27 21:40:02,667 [main] INFO  netty.NettyUtils (NettyUtils.java:newEventLoopGroup(69)) - Create EpollEventLoopGroup for 71df5106-29e4-46d2-b533-d1616e11bc16-NettyServerStreamRpc-bossGroup; Thread size is 0.
2024-02-27 21:40:02,667 [main] INFO  netty.NettyConfigKeys$DataStream (ConfUtils.java:logGet(46)) - raft.netty.dataStream.server.worker-group.size = 0 (default)
2024-02-27 21:40:02,668 [main] INFO  netty.NettyUtils (NettyUtils.java:newEventLoopGroup(69)) - Create EpollEventLoopGroup for 71df5106-29e4-46d2-b533-d1616e11bc16-NettyServerStreamRpc-workerGroup; Thread size is 0.
2024-02-27 21:40:02,668 [main] INFO  netty.NettyConfigKeys$DataStream (ConfUtils.java:logGet(46)) - raft.netty.dataStream.server.tls.conf = null (default)
2024-02-27 21:40:02,668 [main] INFO  netty.NettyConfigKeys$DataStream (ConfUtils.java:logGet(46)) - raft.netty.dataStream.host = null (default)
2024-02-27 21:40:02,668 [main] INFO  netty.NettyConfigKeys$DataStream (ConfUtils.java:logGet(46)) - raft.netty.dataStream.port = 15077 (custom)
2024-02-27 21:40:02,670 [main] INFO  server.RaftServerConfigKeys (ConfUtils.java:logGet(46)) - raft.server.sleep.deviation.threshold = 300ms (default)
2024-02-27 21:40:02,670 [main] INFO  server.RaftServerConfigKeys (ConfUtils.java:logGet(46)) - raft.server.close.threshold = 60s (default)
2024-02-27 21:40:02,670 [main] INFO  server.RaftServerConfigKeys (ConfUtils.java:logGet(46)) - raft.server.leaderelection.leader.step-down.wait-time = 10s (default)
2024-02-27 21:40:02,670 [71df5106-29e4-46d2-b533-d1616e11bc16-NettyServerStreamRpc-bossGroup--thread1] INFO  logging.LoggingHandler (AbstractInternalLogger.java:log(148)) - [id: 0xfd40399e] REGISTERED
2024-02-27 21:40:02,670 [main] INFO  server.RaftServerConfigKeys (ConfUtils.java:logGet(46)) - raft.server.storage.dir = [/home/runner/work/ozone/ozone/hadoop-ozone/integration-test/target/test-dir/MiniOzoneClusterImpl-075da85a-61fc-4f3b-aaa6-f3afee0da340/ozone-meta/datanode-1/ratis] (custom)
2024-02-27 21:40:02,671 [main] INFO  server.RaftServerConfigKeys (ConfUtils.java:logGet(46)) - raft.server.threadpool.proxy.cached = true (default)
2024-02-27 21:40:02,671 [71df5106-29e4-46d2-b533-d1616e11bc16-NettyServerStreamRpc-bossGroup--thread1] INFO  logging.LoggingHandler (AbstractInternalLogger.java:log(148)) - [id: 0xfd40399e] BIND: 0.0.0.0/0.0.0.0:15077
2024-02-27 21:40:02,671 [main] INFO  server.RaftServerConfigKeys (ConfUtils.java:logGet(46)) - raft.server.threadpool.proxy.size = 0 (default)
2024-02-27 21:40:02,671 [71df5106-29e4-46d2-b533-d1616e11bc16-NettyServerStreamRpc-bossGroup--thread1] INFO  logging.LoggingHandler (AbstractInternalLogger.java:log(148)) - [id: 0xfd40399e, L:/0.0.0.0:15077] ACTIVE
2024-02-27 21:40:02,671 [71df5106-29e4-46d2-b533-d1616e11bc16-impl-thread1] INFO  server.RaftServer (RaftServerProxy.java:initGroupDir(264)) - 71df5106-29e4-46d2-b533-d1616e11bc16: found a subdirectory /home/runner/work/ozone/ozone/hadoop-ozone/integration-test/target/test-dir/MiniOzoneClusterImpl-075da85a-61fc-4f3b-aaa6-f3afee0da340/ozone-meta/datanode-1/ratis/tmp
2024-02-27 21:40:02,672 [71df5106-29e4-46d2-b533-d1616e11bc16-impl-thread1] INFO  server.RaftServer (RaftServerProxy.java:initGroupDir(269)) - 71df5106-29e4-46d2-b533-d1616e11bc16: The directory /home/runner/work/ozone/ozone/hadoop-ozone/integration-test/target/test-dir/MiniOzoneClusterImpl-075da85a-61fc-4f3b-aaa6-f3afee0da340/ozone-meta/datanode-1/ratis/tmp is not a group directory; ignoring it. 
2024-02-27 21:40:02,672 [71df5106-29e4-46d2-b533-d1616e11bc16-impl-thread1] INFO  server.RaftServer (RaftServerProxy.java:initGroupDir(264)) - 71df5106-29e4-46d2-b533-d1616e11bc16: found a subdirectory /home/runner/work/ozone/ozone/hadoop-ozone/integration-test/target/test-dir/MiniOzoneClusterImpl-075da85a-61fc-4f3b-aaa6-f3afee0da340/ozone-meta/datanode-1/ratis/65c74a8d-5a7c-4552-b886-ee311a528b4f
2024-02-27 21:40:02,672 [71df5106-29e4-46d2-b533-d1616e11bc16-impl-thread1] INFO  server.RaftServer (RaftServerProxy.java:addNew(100)) - 71df5106-29e4-46d2-b533-d1616e11bc16: addNew group-EE311A528B4F:[] returns group-EE311A528B4F:java.util.concurrent.CompletableFuture@7013c7f9[Not completed]
2024-02-27 21:40:02,672 [71df5106-29e4-46d2-b533-d1616e11bc16-impl-thread1] INFO  server.RaftServer (RaftServerProxy.java:initGroupDir(264)) - 71df5106-29e4-46d2-b533-d1616e11bc16: found a subdirectory /home/runner/work/ozone/ozone/hadoop-ozone/integration-test/target/test-dir/MiniOzoneClusterImpl-075da85a-61fc-4f3b-aaa6-f3afee0da340/ozone-meta/datanode-1/ratis/700f6e37-451b-4f16-9988-9e197e4f483b
2024-02-27 21:40:02,672 [71df5106-29e4-46d2-b533-d1616e11bc16-impl-thread1] INFO  server.RaftServer (RaftServerProxy.java:addNew(100)) - 71df5106-29e4-46d2-b533-d1616e11bc16: addNew group-9E197E4F483B:[] returns group-9E197E4F483B:java.util.concurrent.CompletableFuture@742c4d23[Not completed]
2024-02-27 21:40:02,672 [71df5106-29e4-46d2-b533-d1616e11bc16-impl-thread1] INFO  server.RaftServer (RaftServerProxy.java:initGroupDir(264)) - 71df5106-29e4-46d2-b533-d1616e11bc16: found a subdirectory /home/runner/work/ozone/ozone/hadoop-ozone/integration-test/target/test-dir/MiniOzoneClusterImpl-075da85a-61fc-4f3b-aaa6-f3afee0da340/ozone-meta/datanode-1/ratis/20419fbb-d945-4096-ad99-59e1f7e51cdf
2024-02-27 21:40:02,672 [71df5106-29e4-46d2-b533-d1616e11bc16-impl-thread1] INFO  server.RaftServer (RaftServerProxy.java:addNew(100)) - 71df5106-29e4-46d2-b533-d1616e11bc16: addNew group-59E1F7E51CDF:[] returns group-59E1F7E51CDF:java.util.concurrent.CompletableFuture@312ecdc2[Not completed]
2024-02-27 21:40:02,672 [main] INFO  replication.ReplicationServer (ReplicationServer.java:<init>(86)) - Initializing replication server with thread count = 10 queue length = 4096
2024-02-27 21:40:02,673 [71df5106-29e4-46d2-b533-d1616e11bc16-groupManagement] INFO  server.RaftServer$Division (RaftServerImpl.java:<init>(256)) - 71df5106-29e4-46d2-b533-d1616e11bc16: new RaftServerImpl for group-EE311A528B4F:[] with ContainerStateMachine:uninitialized
2024-02-27 21:40:02,673 [71df5106-29e4-46d2-b533-d1616e11bc16-groupManagement] INFO  server.RaftServerConfigKeys (ConfUtils.java:logGet(46)) - raft.server.rpc.timeout.min = 5s (custom)
2024-02-27 21:40:02,673 [71df5106-29e4-46d2-b533-d1616e11bc16-groupManagement] INFO  server.RaftServerConfigKeys (ConfUtils.java:logGet(46)) - raft.server.rpc.timeout.max = 5200ms (custom)
2024-02-27 21:40:02,673 [71df5106-29e4-46d2-b533-d1616e11bc16-groupManagement] INFO  server.RaftServerConfigKeys (ConfUtils.java:logGet(46)) - raft.server.rpc.sleep.time = 25ms (default)
2024-02-27 21:40:02,674 [71df5106-29e4-46d2-b533-d1616e11bc16-groupManagement] INFO  server.RaftServerConfigKeys (ConfUtils.java:logGet(46)) - raft.server.rpc.slowness.timeout = 300s (custom)
2024-02-27 21:40:02,674 [71df5106-29e4-46d2-b533-d1616e11bc16-groupManagement] INFO  server.RaftServerConfigKeys (ConfUtils.java:logGet(46)) - raft.server.leaderelection.leader.step-down.wait-time = 10s (default)
2024-02-27 21:40:02,674 [71df5106-29e4-46d2-b533-d1616e11bc16-groupManagement] INFO  server.RaftServerConfigKeys (ConfUtils.java:logGet(46)) - raft.server.leaderelection.member.majority-add = false (default)
2024-02-27 21:40:02,673 [main] INFO  server.XceiverServerGrpc (XceiverServerGrpc.java:<init>(141)) - GrpcServer channel type EpollServerSocketChannel
2024-02-27 21:40:02,674 [71df5106-29e4-46d2-b533-d1616e11bc16-groupManagement] INFO  server.RaftServerConfigKeys (ConfUtils.java:logGet(46)) - raft.server.sleep.deviation.threshold = 300ms (default)
2024-02-27 21:40:02,674 [71df5106-29e4-46d2-b533-d1616e11bc16-groupManagement] INFO  server.RaftServer$Division (ServerState.java:<init>(113)) - 71df5106-29e4-46d2-b533-d1616e11bc16@group-EE311A528B4F: ConfigurationManager, init=-1: peers:[]|listeners:[], old=null, confs=<EMPTY_MAP>
2024-02-27 21:40:02,674 [71df5106-29e4-46d2-b533-d1616e11bc16-groupManagement] INFO  server.RaftServerConfigKeys (ConfUtils.java:logGet(46)) - raft.server.notification.no-leader.timeout = 300s (custom)
2024-02-27 21:40:02,674 [71df5106-29e4-46d2-b533-d1616e11bc16-groupManagement] INFO  server.RaftServerConfigKeys (ConfUtils.java:logGet(46)) - raft.server.read.timeout = 10s (default)
2024-02-27 21:40:02,675 [71df5106-29e4-46d2-b533-d1616e11bc16-groupManagement] INFO  server.RaftServerConfigKeys (ConfUtils.java:logGet(46)) - raft.server.retrycache.expirytime = 600000ms (custom)
2024-02-27 21:40:02,675 [71df5106-29e4-46d2-b533-d1616e11bc16-groupManagement] INFO  server.RaftServerConfigKeys (ConfUtils.java:logGet(46)) - raft.server.retrycache.statistics.expirytime = 100ms (default)
2024-02-27 21:40:02,675 [71df5106-29e4-46d2-b533-d1616e11bc16-groupManagement] INFO  server.RaftServerConfigKeys (ConfUtils.java:logGet(46)) - raft.server.read.option = DEFAULT (default)
2024-02-27 21:40:02,675 [71df5106-29e4-46d2-b533-d1616e11bc16-groupManagement] INFO  server.RaftServerConfigKeys (ConfUtils.java:logGet(46)) - raft.server.read.read-after-write-consistent.write-index-cache.expiry-time = 60s (default)
2024-02-27 21:40:02,675 [main] INFO  replication.ReplicationSupervisor (ReplicationSupervisor.java:build(163)) - Initializing replication supervisor with thread count = 10
2024-02-27 21:40:02,676 [main] INFO  replication.ReplicationSupervisor (ReplicationSupervisor.java:nodeStateUpdated(317)) - Node state updated to IN_SERVICE, scaling executor pool size to 10
2024-02-27 21:40:02,676 [71df5106-29e4-46d2-b533-d1616e11bc16-groupManagement] INFO  server.RaftServerConfigKeys (ConfUtils.java:logGet(46)) - raft.server.rpc.request.timeout = 60s (custom)
2024-02-27 21:40:02,677 [71df5106-29e4-46d2-b533-d1616e11bc16-groupManagement] INFO  server.RaftServerConfigKeys (ConfUtils.java:logGet(46)) - raft.server.log.appender.install.snapshot.enabled = false (custom)
2024-02-27 21:40:02,677 [71df5106-29e4-46d2-b533-d1616e11bc16-groupManagement] INFO  server.RaftServerConfigKeys (ConfUtils.java:logGet(46)) - raft.server.threadpool.server.cached = true (default)
2024-02-27 21:40:02,677 [71df5106-29e4-46d2-b533-d1616e11bc16-groupManagement] INFO  server.RaftServerConfigKeys (ConfUtils.java:logGet(46)) - raft.server.threadpool.server.size = 0 (default)
2024-02-27 21:40:02,677 [71df5106-29e4-46d2-b533-d1616e11bc16-groupManagement] INFO  server.RaftServerConfigKeys (ConfUtils.java:logGet(46)) - raft.server.threadpool.client.cached = true (default)
2024-02-27 21:40:02,677 [71df5106-29e4-46d2-b533-d1616e11bc16-groupManagement] INFO  server.RaftServerConfigKeys (ConfUtils.java:logGet(46)) - raft.server.threadpool.client.size = 0 (default)
2024-02-27 21:40:02,678 [71df5106-29e4-46d2-b533-d1616e11bc16-groupManagement] INFO  server.RaftServer$Division (RaftServerImpl.java:<init>(256)) - 71df5106-29e4-46d2-b533-d1616e11bc16: new RaftServerImpl for group-9E197E4F483B:[] with ContainerStateMachine:uninitialized
2024-02-27 21:40:02,678 [71df5106-29e4-46d2-b533-d1616e11bc16-groupManagement] INFO  server.RaftServerConfigKeys (ConfUtils.java:logGet(46)) - raft.server.rpc.timeout.min = 5s (custom)
2024-02-27 21:40:02,678 [71df5106-29e4-46d2-b533-d1616e11bc16-groupManagement] INFO  server.RaftServerConfigKeys (ConfUtils.java:logGet(46)) - raft.server.rpc.timeout.max = 5200ms (custom)
2024-02-27 21:40:02,678 [71df5106-29e4-46d2-b533-d1616e11bc16-groupManagement] INFO  server.RaftServerConfigKeys (ConfUtils.java:logGet(46)) - raft.server.rpc.sleep.time = 25ms (default)
2024-02-27 21:40:02,678 [main] INFO  http.BaseHttpServer (BaseHttpServer.java:newHttpServer2BuilderForOzone(223)) - Starting Web-server for hddsDatanode at: http://0.0.0.0:15071
2024-02-27 21:40:02,678 [71df5106-29e4-46d2-b533-d1616e11bc16-groupManagement] INFO  server.RaftServerConfigKeys (ConfUtils.java:logGet(46)) - raft.server.rpc.slowness.timeout = 300s (custom)
2024-02-27 21:40:02,678 [main] INFO  http.BaseHttpServer (BaseHttpServer.java:<init>(110)) - Hadoop Security Enabled: false Ozone Security Enabled: false Ozone HTTP Security Enabled: false 
2024-02-27 21:40:02,678 [71df5106-29e4-46d2-b533-d1616e11bc16-groupManagement] INFO  server.RaftServerConfigKeys (ConfUtils.java:logGet(46)) - raft.server.leaderelection.leader.step-down.wait-time = 10s (default)
2024-02-27 21:40:02,678 [71df5106-29e4-46d2-b533-d1616e11bc16-groupManagement] INFO  server.RaftServerConfigKeys (ConfUtils.java:logGet(46)) - raft.server.leaderelection.member.majority-add = false (default)
2024-02-27 21:40:02,678 [71df5106-29e4-46d2-b533-d1616e11bc16-groupManagement] INFO  server.RaftServerConfigKeys (ConfUtils.java:logGet(46)) - raft.server.sleep.deviation.threshold = 300ms (default)
2024-02-27 21:40:02,679 [71df5106-29e4-46d2-b533-d1616e11bc16-groupManagement] INFO  server.RaftServer$Division (ServerState.java:<init>(113)) - 71df5106-29e4-46d2-b533-d1616e11bc16@group-9E197E4F483B: ConfigurationManager, init=-1: peers:[]|listeners:[], old=null, confs=<EMPTY_MAP>
2024-02-27 21:40:02,679 [71df5106-29e4-46d2-b533-d1616e11bc16-groupManagement] INFO  server.RaftServerConfigKeys (ConfUtils.java:logGet(46)) - raft.server.notification.no-leader.timeout = 300s (custom)
2024-02-27 21:40:02,679 [71df5106-29e4-46d2-b533-d1616e11bc16-groupManagement] INFO  server.RaftServerConfigKeys (ConfUtils.java:logGet(46)) - raft.server.read.timeout = 10s (default)
2024-02-27 21:40:02,679 [71df5106-29e4-46d2-b533-d1616e11bc16-groupManagement] INFO  server.RaftServerConfigKeys (ConfUtils.java:logGet(46)) - raft.server.retrycache.expirytime = 600000ms (custom)
2024-02-27 21:40:02,679 [71df5106-29e4-46d2-b533-d1616e11bc16-groupManagement] INFO  server.RaftServerConfigKeys (ConfUtils.java:logGet(46)) - raft.server.retrycache.statistics.expirytime = 100ms (default)
2024-02-27 21:40:02,679 [71df5106-29e4-46d2-b533-d1616e11bc16-groupManagement] INFO  server.RaftServerConfigKeys (ConfUtils.java:logGet(46)) - raft.server.read.option = DEFAULT (default)
2024-02-27 21:40:02,679 [71df5106-29e4-46d2-b533-d1616e11bc16-groupManagement] INFO  server.RaftServerConfigKeys (ConfUtils.java:logGet(46)) - raft.server.read.read-after-write-consistent.write-index-cache.expiry-time = 60s (default)
2024-02-27 21:40:02,680 [main] WARN  server.AuthenticationFilter (AuthenticationFilter.java:constructSecretProvider(240)) - Unable to initialize FileSignerSecretProvider, falling back to use random secrets. Reason: Could not read signature secret file: /home/runner/hadoop-http-auth-signature-secret
2024-02-27 21:40:02,680 [71df5106-29e4-46d2-b533-d1616e11bc16-groupManagement] INFO  server.RaftServerConfigKeys (ConfUtils.java:logGet(46)) - raft.server.rpc.request.timeout = 60s (custom)
2024-02-27 21:40:02,680 [71df5106-29e4-46d2-b533-d1616e11bc16-groupManagement] INFO  server.RaftServerConfigKeys (ConfUtils.java:logGet(46)) - raft.server.log.appender.install.snapshot.enabled = false (custom)
2024-02-27 21:40:02,680 [71df5106-29e4-46d2-b533-d1616e11bc16-groupManagement] INFO  server.RaftServerConfigKeys (ConfUtils.java:logGet(46)) - raft.server.threadpool.server.cached = true (default)
2024-02-27 21:40:02,680 [71df5106-29e4-46d2-b533-d1616e11bc16-groupManagement] INFO  server.RaftServerConfigKeys (ConfUtils.java:logGet(46)) - raft.server.threadpool.server.size = 0 (default)
2024-02-27 21:40:02,680 [71df5106-29e4-46d2-b533-d1616e11bc16-groupManagement] INFO  server.RaftServerConfigKeys (ConfUtils.java:logGet(46)) - raft.server.threadpool.client.cached = true (default)
2024-02-27 21:40:02,680 [71df5106-29e4-46d2-b533-d1616e11bc16-groupManagement] INFO  server.RaftServerConfigKeys (ConfUtils.java:logGet(46)) - raft.server.threadpool.client.size = 0 (default)
2024-02-27 21:40:02,681 [71df5106-29e4-46d2-b533-d1616e11bc16-groupManagement] INFO  server.RaftServer$Division (RaftServerImpl.java:<init>(256)) - 71df5106-29e4-46d2-b533-d1616e11bc16: new RaftServerImpl for group-59E1F7E51CDF:[] with ContainerStateMachine:uninitialized
2024-02-27 21:40:02,681 [71df5106-29e4-46d2-b533-d1616e11bc16-groupManagement] INFO  server.RaftServerConfigKeys (ConfUtils.java:logGet(46)) - raft.server.rpc.timeout.min = 5s (custom)
2024-02-27 21:40:02,681 [71df5106-29e4-46d2-b533-d1616e11bc16-groupManagement] INFO  server.RaftServerConfigKeys (ConfUtils.java:logGet(46)) - raft.server.rpc.timeout.max = 5200ms (custom)
2024-02-27 21:40:02,681 [71df5106-29e4-46d2-b533-d1616e11bc16-groupManagement] INFO  server.RaftServerConfigKeys (ConfUtils.java:logGet(46)) - raft.server.rpc.sleep.time = 25ms (default)
2024-02-27 21:40:02,681 [71df5106-29e4-46d2-b533-d1616e11bc16-groupManagement] INFO  server.RaftServerConfigKeys (ConfUtils.java:logGet(46)) - raft.server.rpc.slowness.timeout = 300s (custom)
2024-02-27 21:40:02,681 [71df5106-29e4-46d2-b533-d1616e11bc16-groupManagement] INFO  server.RaftServerConfigKeys (ConfUtils.java:logGet(46)) - raft.server.leaderelection.leader.step-down.wait-time = 10s (default)
2024-02-27 21:40:02,682 [71df5106-29e4-46d2-b533-d1616e11bc16-groupManagement] INFO  server.RaftServerConfigKeys (ConfUtils.java:logGet(46)) - raft.server.leaderelection.member.majority-add = false (default)
2024-02-27 21:40:02,682 [71df5106-29e4-46d2-b533-d1616e11bc16-groupManagement] INFO  server.RaftServerConfigKeys (ConfUtils.java:logGet(46)) - raft.server.sleep.deviation.threshold = 300ms (default)
2024-02-27 21:40:02,682 [71df5106-29e4-46d2-b533-d1616e11bc16-groupManagement] INFO  server.RaftServer$Division (ServerState.java:<init>(113)) - 71df5106-29e4-46d2-b533-d1616e11bc16@group-59E1F7E51CDF: ConfigurationManager, init=-1: peers:[]|listeners:[], old=null, confs=<EMPTY_MAP>
2024-02-27 21:40:02,682 [71df5106-29e4-46d2-b533-d1616e11bc16-groupManagement] INFO  server.RaftServerConfigKeys (ConfUtils.java:logGet(46)) - raft.server.notification.no-leader.timeout = 300s (custom)
2024-02-27 21:40:02,682 [71df5106-29e4-46d2-b533-d1616e11bc16-groupManagement] INFO  server.RaftServerConfigKeys (ConfUtils.java:logGet(46)) - raft.server.read.timeout = 10s (default)
2024-02-27 21:40:02,682 [71df5106-29e4-46d2-b533-d1616e11bc16-groupManagement] INFO  server.RaftServerConfigKeys (ConfUtils.java:logGet(46)) - raft.server.retrycache.expirytime = 600000ms (custom)
2024-02-27 21:40:02,682 [71df5106-29e4-46d2-b533-d1616e11bc16-groupManagement] INFO  server.RaftServerConfigKeys (ConfUtils.java:logGet(46)) - raft.server.retrycache.statistics.expirytime = 100ms (default)
2024-02-27 21:40:02,682 [main] INFO  http.HttpRequestLog (HttpRequestLog.java:getRequestLog(86)) - Http request log for http.requests.hddsDatanode is not defined
2024-02-27 21:40:02,683 [main] INFO  http.HttpServer2 (HttpServer2.java:addGlobalFilter(1036)) - Added global filter 'safety' (class=org.apache.hadoop.hdds.server.http.HttpServer2$QuotingInputFilter)
2024-02-27 21:40:02,684 [main] INFO  http.HttpServer2 (HttpServer2.java:addFilter(1012)) - Added filter static_user_filter (class=org.apache.hadoop.http.lib.StaticUserWebFilter$StaticUserFilter) to context hddsDatanode
2024-02-27 21:40:02,684 [main] INFO  http.HttpServer2 (HttpServer2.java:addFilter(1020)) - Added filter static_user_filter (class=org.apache.hadoop.http.lib.StaticUserWebFilter$StaticUserFilter) to context static
2024-02-27 21:40:02,684 [main] INFO  http.HttpServer2 (HttpServer2.java:addFilter(1020)) - Added filter static_user_filter (class=org.apache.hadoop.http.lib.StaticUserWebFilter$StaticUserFilter) to context logs
2024-02-27 21:40:02,685 [main] INFO  http.BaseHttpServer (BaseHttpServer.java:<init>(189)) - HTTP server of hddsDatanode uses base directory /home/runner/work/ozone/ozone/hadoop-ozone/integration-test/target/test-dir/MiniOzoneClusterImpl-075da85a-61fc-4f3b-aaa6-f3afee0da340/ozone-meta/datanode-1/meta/webserver
2024-02-27 21:40:02,685 [main] INFO  http.HttpServer2 (HttpServer2.java:bindListener(1236)) - Jetty bound to port 15071
2024-02-27 21:40:02,685 [main] INFO  server.Server (Server.java:doStart(375)) - jetty-9.4.53.v20231009; built: 2023-10-09T12:29:09.265Z; git: 27bde00a0b95a1d5bbee0eae7984f891d2d0f8c9; jvm 1.8.0_402-b06
2024-02-27 21:40:02,686 [71df5106-29e4-46d2-b533-d1616e11bc16-groupManagement] INFO  server.RaftServerConfigKeys (ConfUtils.java:logGet(46)) - raft.server.read.option = DEFAULT (default)
2024-02-27 21:40:02,686 [71df5106-29e4-46d2-b533-d1616e11bc16-groupManagement] INFO  server.RaftServerConfigKeys (ConfUtils.java:logGet(46)) - raft.server.read.read-after-write-consistent.write-index-cache.expiry-time = 60s (default)
2024-02-27 21:40:02,686 [71df5106-29e4-46d2-b533-d1616e11bc16-groupManagement] INFO  server.RaftServerConfigKeys (ConfUtils.java:logGet(46)) - raft.server.rpc.request.timeout = 60s (custom)
2024-02-27 21:40:02,686 [71df5106-29e4-46d2-b533-d1616e11bc16-groupManagement] INFO  server.RaftServerConfigKeys (ConfUtils.java:logGet(46)) - raft.server.log.appender.install.snapshot.enabled = false (custom)
2024-02-27 21:40:02,686 [71df5106-29e4-46d2-b533-d1616e11bc16-groupManagement] INFO  server.RaftServerConfigKeys (ConfUtils.java:logGet(46)) - raft.server.threadpool.server.cached = true (default)
2024-02-27 21:40:02,686 [71df5106-29e4-46d2-b533-d1616e11bc16-groupManagement] INFO  server.RaftServerConfigKeys (ConfUtils.java:logGet(46)) - raft.server.threadpool.server.size = 0 (default)
2024-02-27 21:40:02,686 [71df5106-29e4-46d2-b533-d1616e11bc16-groupManagement] INFO  server.RaftServerConfigKeys (ConfUtils.java:logGet(46)) - raft.server.threadpool.client.cached = true (default)
2024-02-27 21:40:02,686 [71df5106-29e4-46d2-b533-d1616e11bc16-groupManagement] INFO  server.RaftServerConfigKeys (ConfUtils.java:logGet(46)) - raft.server.threadpool.client.size = 0 (default)
2024-02-27 21:40:02,705 [main] INFO  server.session (DefaultSessionIdManager.java:doStart(334)) - DefaultSessionIdManager workerName=node0
2024-02-27 21:40:02,705 [main] INFO  server.session (DefaultSessionIdManager.java:doStart(339)) - No SessionScavenger set, using defaults
2024-02-27 21:40:02,706 [main] INFO  server.session (HouseKeeper.java:startScavenging(132)) - node0 Scavenging every 660000ms
2024-02-27 21:40:02,706 [main] INFO  handler.ContextHandler (ContextHandler.java:doStart(921)) - Started o.e.j.s.ServletContextHandler@78567c2c{logs,/logs,file:///home/runner/work/ozone/ozone/hadoop-ozone/integration-test/target/log,AVAILABLE}
2024-02-27 21:40:02,707 [main] INFO  handler.ContextHandler (ContextHandler.java:doStart(921)) - Started o.e.j.s.ServletContextHandler@52b47892{static,/static,jar:file:/home/runner/.m2/repository/org/apache/ozone/hdds-container-service/1.5.0-SNAPSHOT/hdds-container-service-1.5.0-SNAPSHOT.jar!/webapps/static,AVAILABLE}
2024-02-27 21:40:02,727 [RatisPipelineUtilsThread-0] ERROR pipeline.PipelinePlacementPolicy (PipelinePlacementPolicy.java:filterViableNodes(143)) - No healthy node found to allocate container.
2024-02-27 21:40:02,740 [main] INFO  handler.ContextHandler (ContextHandler.java:doStart(921)) - Started o.e.j.w.WebAppContext@55107f4b{hddsDatanode,/,file:///home/runner/work/ozone/ozone/hadoop-ozone/integration-test/target/test-dir/MiniOzoneClusterImpl-075da85a-61fc-4f3b-aaa6-f3afee0da340/ozone-meta/datanode-1/meta/webserver/jetty-0_0_0_0-15071-hdds-container-service-1_5_0-SNAPSHOT_jar-_-any-1356778047067806218/webapp/,AVAILABLE}{jar:file:/home/runner/.m2/repository/org/apache/ozone/hdds-container-service/1.5.0-SNAPSHOT/hdds-container-service-1.5.0-SNAPSHOT.jar!/webapps/hddsDatanode}
2024-02-27 21:40:02,742 [main] INFO  server.AbstractConnector (AbstractConnector.java:doStart(333)) - Started ServerConnector@4704680c{HTTP/1.1, (http/1.1)}{0.0.0.0:15071}
2024-02-27 21:40:02,742 [main] INFO  server.Server (Server.java:doStart(415)) - Started @213085ms
2024-02-27 21:40:02,742 [main] WARN  impl.MetricsSystemImpl (MetricsSystemImpl.java:register(279)) - Sink prometheus already exists!
2024-02-27 21:40:02,742 [main] INFO  http.BaseHttpServer (BaseHttpServer.java:updateConnectorAddress(354)) - HTTP server of hddsDatanode listening at http://0.0.0.0:15071
2024-02-27 21:40:02,743 [main] INFO  ipc.CallQueueManager (CallQueueManager.java:<init>(90)) - Using callQueue: class java.util.concurrent.LinkedBlockingQueue, queueCapacity: 100, scheduler: class org.apache.hadoop.ipc.DefaultRpcScheduler, ipcBackoff: false.
2024-02-27 21:40:02,743 [main] INFO  ipc.Server (Server.java:<init>(1287)) - Listener at 0.0.0.0:15072
2024-02-27 21:40:02,743 [Socket Reader #1 for port 15072] INFO  ipc.Server (Server.java:run(1323)) - Starting Socket Reader #1 for port 15072
2024-02-27 21:40:02,745 [main] INFO  ozone.HddsDatanodeService (HddsDatanodeService.java:start(327)) - Datanode start with admins: [runner]
2024-02-27 21:40:02,745 [main] INFO  ozone.HddsDatanodeClientProtocolServer (HddsDatanodeClientProtocolServer.java:start(77)) - RPC server for Client /0.0.0.0:15072
2024-02-27 21:40:02,745 [IPC Server Responder] INFO  ipc.Server (Server.java:run(1562)) - IPC Server Responder: starting
2024-02-27 21:40:02,745 [IPC Server listener on 15072] INFO  ipc.Server (Server.java:run(1402)) - IPC Server listener on 15072: starting
2024-02-27 21:40:02,746 [71df5106-29e4-46d2-b533-d1616e11bc16-DatanodeStateMachineDaemonThread] INFO  statemachine.DatanodeStateMachine (DatanodeStateMachine.java:lambda$startDaemon$1(555)) - Ozone container server started.
2024-02-27 21:40:02,748 [main] WARN  dropwizard3.Dm3MetricRegistriesImpl (Dm3MetricRegistriesImpl.java:addReporterRegistration(113)) - New reporters are added after registries were created. Some metrics will be missing from the reporter. Please add reporter before adding any new registry.
2024-02-27 21:40:02,748 [main] WARN  dropwizard3.Dm3MetricRegistriesImpl (Dm3MetricRegistriesImpl.java:addReporterRegistration(113)) - New reporters are added after registries were created. Some metrics will be missing from the reporter. Please add reporter before adding any new registry.
2024-02-27 21:40:02,748 [main] INFO  impl.MetricsSystemImpl (MetricsSystemImpl.java:init(158)) - HddsDatanode metrics system started (again)
2024-02-27 21:40:02,753 [71df5106-29e4-46d2-b533-d1616e11bc16-DatanodeStateMachineTaskThread-0] INFO  datanode.InitDatanodeState (InitDatanodeState.java:persistContainerDatanodeDetails(139)) - DatanodeDetails is persisted to /home/runner/work/ozone/ozone/hadoop-ozone/integration-test/target/test-dir/MiniOzoneClusterImpl-075da85a-61fc-4f3b-aaa6-f3afee0da340/ozone-meta/datanode-1/meta/datanode.id
2024-02-27 21:40:02,761 [main] INFO  ozone.HddsDatanodeService (HddsDatanodeService.java:start(240)) - HddsDatanodeService host:fv-az531-651.fb1yufaac5hu3gd5gtxiz42tfh.cx.internal.cloudapp.net ip:10.1.0.18
2024-02-27 21:40:02,776 [main] INFO  upgrade.AbstractLayoutVersionManager (AbstractLayoutVersionManager.java:init(83)) - Initializing Layout version manager with metadata layout = HADOOP_PRC_PORTS_IN_DATANODEDETAILS (version = 7), software layout = HADOOP_PRC_PORTS_IN_DATANODEDETAILS (version = 7)
2024-02-27 21:40:02,777 [main] INFO  statemachine.DatanodeStateMachine (DatanodeStateMachine.java:getEndPointTaskThreadPoolSize(299)) - Datanode State Machine Task Thread Pool size 2
2024-02-27 21:40:02,779 [main] INFO  volume.HddsVolume (HddsVolume.java:<init>(125)) - Creating HddsVolume: /home/runner/work/ozone/ozone/hadoop-ozone/integration-test/target/test-dir/MiniOzoneClusterImpl-075da85a-61fc-4f3b-aaa6-f3afee0da340/ozone-meta/datanode-2/data-0/hdds of storage type : DISK capacity : 9223372036854775807
2024-02-27 21:40:02,779 [main] INFO  volume.MutableVolumeSet (MutableVolumeSet.java:initializeVolumeSet(173)) - Added Volume : /home/runner/work/ozone/ozone/hadoop-ozone/integration-test/target/test-dir/MiniOzoneClusterImpl-075da85a-61fc-4f3b-aaa6-f3afee0da340/ozone-meta/datanode-2/data-0/hdds to VolumeSet
2024-02-27 21:40:02,780 [main] INFO  volume.MutableVolumeSet (MutableVolumeSet.java:initializeVolumeSet(173)) - Added Volume : /home/runner/work/ozone/ozone/hadoop-ozone/integration-test/target/test-dir/MiniOzoneClusterImpl-075da85a-61fc-4f3b-aaa6-f3afee0da340/ozone-meta/datanode-2/ratis to VolumeSet
2024-02-27 21:40:02,792 [ForkJoinPool.commonPool-worker-0] INFO  utils.DatanodeStoreCache (DatanodeStoreCache.java:addDB(72)) - Added db /home/runner/work/ozone/ozone/hadoop-ozone/integration-test/target/test-dir/MiniOzoneClusterImpl-075da85a-61fc-4f3b-aaa6-f3afee0da340/ozone-meta/datanode-2/data-0/hdds/075da85a-61fc-4f3b-aaa6-f3afee0da340/DS-1b4858d1-6d5f-47c3-8f44-4058ea9a21ce/container.db to cache
2024-02-27 21:40:02,792 [ForkJoinPool.commonPool-worker-0] INFO  volume.HddsVolume (HddsVolume.java:loadDbStore(373)) - SchemaV3 db is loaded at /home/runner/work/ozone/ozone/hadoop-ozone/integration-test/target/test-dir/MiniOzoneClusterImpl-075da85a-61fc-4f3b-aaa6-f3afee0da340/ozone-meta/datanode-2/data-0/hdds/075da85a-61fc-4f3b-aaa6-f3afee0da340/DS-1b4858d1-6d5f-47c3-8f44-4058ea9a21ce/container.db for volume DS-1b4858d1-6d5f-47c3-8f44-4058ea9a21ce
2024-02-27 21:40:02,792 [main] INFO  ozoneimpl.OzoneContainer (HddsVolumeUtil.java:loadAllHddsVolumeDbStore(103)) - Load 1 volumes DbStore cost: 11ms
2024-02-27 21:40:02,794 [main] INFO  server.RaftServer (ConfUtils.java:logGet(46)) - raft.rpc.type = GRPC (default)
2024-02-27 21:40:02,794 [main] INFO  grpc.GrpcConfigKeys (ConfUtils.java:logFallback(53)) - raft.grpc.admin.host = null (fallback to raft.grpc.server.host)
2024-02-27 21:40:02,795 [main] INFO  grpc.GrpcConfigKeys (ConfUtils.java:logGet(46)) - raft.grpc.admin.port = 15084 (custom)
2024-02-27 21:40:02,795 [main] INFO  grpc.GrpcConfigKeys (ConfUtils.java:logFallback(53)) - raft.grpc.client.host = null (fallback to raft.grpc.server.host)
2024-02-27 21:40:02,795 [main] INFO  grpc.GrpcConfigKeys (ConfUtils.java:logGet(46)) - raft.grpc.client.port = 15083 (custom)
2024-02-27 21:40:02,795 [main] INFO  grpc.GrpcConfigKeys (ConfUtils.java:logGet(46)) - raft.grpc.server.host = null (default)
2024-02-27 21:40:02,795 [main] INFO  grpc.GrpcConfigKeys (ConfUtils.java:logGet(46)) - raft.grpc.server.port = 15085 (custom)
2024-02-27 21:40:02,795 [main] INFO  server.GrpcService (ConfUtils.java:logGet(46)) - raft.grpc.message.size.max = 32MB (=33554432) (custom)
2024-02-27 21:40:02,795 [main] INFO  server.RaftServerConfigKeys (ConfUtils.java:logGet(46)) - raft.server.log.appender.buffer.byte-limit = 8388608 (custom)
2024-02-27 21:40:02,796 [main] INFO  server.GrpcService (ConfUtils.java:logGet(46)) - raft.grpc.flow.control.window = 5MB (=5242880) (custom)
2024-02-27 21:40:02,796 [main] INFO  server.RaftServerConfigKeys (ConfUtils.java:logGet(46)) - raft.server.rpc.request.timeout = 60s (custom)
2024-02-27 21:40:02,796 [main] INFO  grpc.GrpcConfigKeys (ConfUtils.java:logGet(46)) - raft.grpc.server.heartbeat.channel = true (default)
2024-02-27 21:40:02,796 [main] INFO  grpc.GrpcConfigKeys (ConfUtils.java:logGet(46)) - raft.grpc.server.async.request.thread.pool.cached = true (default)
2024-02-27 21:40:02,796 [main] INFO  grpc.GrpcConfigKeys (ConfUtils.java:logGet(46)) - raft.grpc.server.async.request.thread.pool.size = 32 (default)
2024-02-27 21:40:02,798 [main] INFO  impl.DataStreamServerImpl (ConfUtils.java:logGet(46)) - raft.datastream.type = NETTY (custom)
2024-02-27 21:40:02,798 [main] INFO  server.RaftServerConfigKeys (ConfUtils.java:logGet(46)) - raft.server.data-stream.async.request.thread.pool.cached = false (default)
2024-02-27 21:40:02,798 [main] INFO  server.RaftServerConfigKeys (ConfUtils.java:logGet(46)) - raft.server.data-stream.async.request.thread.pool.size = 20 (custom)
2024-02-27 21:40:02,798 [main] INFO  server.RaftServerConfigKeys (ConfUtils.java:logGet(46)) - raft.server.data-stream.async.write.thread.pool.size = 16 (default)
2024-02-27 21:40:02,799 [main] INFO  netty.NettyConfigKeys$DataStream (ConfUtils.java:logGet(46)) - raft.netty.dataStream.server.channel.inactive.grace-period = 10min (default)
2024-02-27 21:40:02,799 [main] INFO  server.RaftServerConfigKeys (ConfUtils.java:logGet(46)) - raft.server.data-stream.client.pool.size = 10 (default)
2024-02-27 21:40:02,799 [main] INFO  netty.NettyConfigKeys$DataStream (ConfUtils.java:logGet(46)) - raft.netty.dataStream.server.use-epoll = true (default)
2024-02-27 21:40:02,799 [main] INFO  netty.NettyConfigKeys$DataStream (ConfUtils.java:logGet(46)) - raft.netty.dataStream.server.boss-group.size = 0 (default)
2024-02-27 21:40:02,799 [main] INFO  netty.NettyUtils (NettyUtils.java:newEventLoopGroup(69)) - Create EpollEventLoopGroup for e13e7e3b-b387-4fac-9683-3ea92427a7e8-NettyServerStreamRpc-bossGroup; Thread size is 0.
2024-02-27 21:40:02,799 [main] INFO  netty.NettyConfigKeys$DataStream (ConfUtils.java:logGet(46)) - raft.netty.dataStream.server.worker-group.size = 0 (default)
2024-02-27 21:40:02,800 [main] INFO  netty.NettyUtils (NettyUtils.java:newEventLoopGroup(69)) - Create EpollEventLoopGroup for e13e7e3b-b387-4fac-9683-3ea92427a7e8-NettyServerStreamRpc-workerGroup; Thread size is 0.
2024-02-27 21:40:02,800 [main] INFO  netty.NettyConfigKeys$DataStream (ConfUtils.java:logGet(46)) - raft.netty.dataStream.server.tls.conf = null (default)
2024-02-27 21:40:02,800 [main] INFO  netty.NettyConfigKeys$DataStream (ConfUtils.java:logGet(46)) - raft.netty.dataStream.host = null (default)
2024-02-27 21:40:02,800 [main] INFO  netty.NettyConfigKeys$DataStream (ConfUtils.java:logGet(46)) - raft.netty.dataStream.port = 15086 (custom)
2024-02-27 21:40:02,801 [main] INFO  server.RaftServerConfigKeys (ConfUtils.java:logGet(46)) - raft.server.sleep.deviation.threshold = 300ms (default)
2024-02-27 21:40:02,801 [main] INFO  server.RaftServerConfigKeys (ConfUtils.java:logGet(46)) - raft.server.close.threshold = 60s (default)
2024-02-27 21:40:02,801 [e13e7e3b-b387-4fac-9683-3ea92427a7e8-NettyServerStreamRpc-bossGroup--thread1] INFO  logging.LoggingHandler (AbstractInternalLogger.java:log(148)) - [id: 0x841062ef] REGISTERED
2024-02-27 21:40:02,801 [main] INFO  server.RaftServerConfigKeys (ConfUtils.java:logGet(46)) - raft.server.leaderelection.leader.step-down.wait-time = 10s (default)
2024-02-27 21:40:02,801 [e13e7e3b-b387-4fac-9683-3ea92427a7e8-NettyServerStreamRpc-bossGroup--thread1] INFO  logging.LoggingHandler (AbstractInternalLogger.java:log(148)) - [id: 0x841062ef] BIND: 0.0.0.0/0.0.0.0:15086
2024-02-27 21:40:02,801 [main] INFO  server.RaftServerConfigKeys (ConfUtils.java:logGet(46)) - raft.server.storage.dir = [/home/runner/work/ozone/ozone/hadoop-ozone/integration-test/target/test-dir/MiniOzoneClusterImpl-075da85a-61fc-4f3b-aaa6-f3afee0da340/ozone-meta/datanode-2/ratis] (custom)
2024-02-27 21:40:02,802 [main] INFO  server.RaftServerConfigKeys (ConfUtils.java:logGet(46)) - raft.server.threadpool.proxy.cached = true (default)
2024-02-27 21:40:02,802 [main] INFO  server.RaftServerConfigKeys (ConfUtils.java:logGet(46)) - raft.server.threadpool.proxy.size = 0 (default)
2024-02-27 21:40:02,802 [e13e7e3b-b387-4fac-9683-3ea92427a7e8-impl-thread1] INFO  server.RaftServer (RaftServerProxy.java:initGroupDir(264)) - e13e7e3b-b387-4fac-9683-3ea92427a7e8: found a subdirectory /home/runner/work/ozone/ozone/hadoop-ozone/integration-test/target/test-dir/MiniOzoneClusterImpl-075da85a-61fc-4f3b-aaa6-f3afee0da340/ozone-meta/datanode-2/ratis/tmp
2024-02-27 21:40:02,802 [e13e7e3b-b387-4fac-9683-3ea92427a7e8-impl-thread1] INFO  server.RaftServer (RaftServerProxy.java:initGroupDir(269)) - e13e7e3b-b387-4fac-9683-3ea92427a7e8: The directory /home/runner/work/ozone/ozone/hadoop-ozone/integration-test/target/test-dir/MiniOzoneClusterImpl-075da85a-61fc-4f3b-aaa6-f3afee0da340/ozone-meta/datanode-2/ratis/tmp is not a group directory; ignoring it. 
2024-02-27 21:40:02,802 [e13e7e3b-b387-4fac-9683-3ea92427a7e8-impl-thread1] INFO  server.RaftServer (RaftServerProxy.java:initGroupDir(264)) - e13e7e3b-b387-4fac-9683-3ea92427a7e8: found a subdirectory /home/runner/work/ozone/ozone/hadoop-ozone/integration-test/target/test-dir/MiniOzoneClusterImpl-075da85a-61fc-4f3b-aaa6-f3afee0da340/ozone-meta/datanode-2/ratis/65c74a8d-5a7c-4552-b886-ee311a528b4f
2024-02-27 21:40:02,802 [e13e7e3b-b387-4fac-9683-3ea92427a7e8-impl-thread1] INFO  server.RaftServer (RaftServerProxy.java:addNew(100)) - e13e7e3b-b387-4fac-9683-3ea92427a7e8: addNew group-EE311A528B4F:[] returns group-EE311A528B4F:java.util.concurrent.CompletableFuture@267f8f23[Not completed]
2024-02-27 21:40:02,802 [e13e7e3b-b387-4fac-9683-3ea92427a7e8-impl-thread1] INFO  server.RaftServer (RaftServerProxy.java:initGroupDir(264)) - e13e7e3b-b387-4fac-9683-3ea92427a7e8: found a subdirectory /home/runner/work/ozone/ozone/hadoop-ozone/integration-test/target/test-dir/MiniOzoneClusterImpl-075da85a-61fc-4f3b-aaa6-f3afee0da340/ozone-meta/datanode-2/ratis/20419fbb-d945-4096-ad99-59e1f7e51cdf
2024-02-27 21:40:02,801 [e13e7e3b-b387-4fac-9683-3ea92427a7e8-NettyServerStreamRpc-bossGroup--thread1] INFO  logging.LoggingHandler (AbstractInternalLogger.java:log(148)) - [id: 0x841062ef, L:/0.0.0.0:15086] ACTIVE
2024-02-27 21:40:02,803 [e13e7e3b-b387-4fac-9683-3ea92427a7e8-impl-thread1] INFO  server.RaftServer (RaftServerProxy.java:addNew(100)) - e13e7e3b-b387-4fac-9683-3ea92427a7e8: addNew group-59E1F7E51CDF:[] returns group-59E1F7E51CDF:java.util.concurrent.CompletableFuture@22401f34[Not completed]
2024-02-27 21:40:02,803 [e13e7e3b-b387-4fac-9683-3ea92427a7e8-impl-thread1] INFO  server.RaftServer (RaftServerProxy.java:initGroupDir(264)) - e13e7e3b-b387-4fac-9683-3ea92427a7e8: found a subdirectory /home/runner/work/ozone/ozone/hadoop-ozone/integration-test/target/test-dir/MiniOzoneClusterImpl-075da85a-61fc-4f3b-aaa6-f3afee0da340/ozone-meta/datanode-2/ratis/579db771-9598-4b39-84fa-7c3cb0869e93
2024-02-27 21:40:02,803 [e13e7e3b-b387-4fac-9683-3ea92427a7e8-impl-thread1] INFO  server.RaftServer (RaftServerProxy.java:addNew(100)) - e13e7e3b-b387-4fac-9683-3ea92427a7e8: addNew group-7C3CB0869E93:[] returns group-7C3CB0869E93:java.util.concurrent.CompletableFuture@67428518[Not completed]
2024-02-27 21:40:02,803 [e13e7e3b-b387-4fac-9683-3ea92427a7e8-groupManagement] INFO  server.RaftServer$Division (RaftServerImpl.java:<init>(256)) - e13e7e3b-b387-4fac-9683-3ea92427a7e8: new RaftServerImpl for group-EE311A528B4F:[] with ContainerStateMachine:uninitialized
2024-02-27 21:40:02,803 [main] INFO  replication.ReplicationServer (ReplicationServer.java:<init>(86)) - Initializing replication server with thread count = 10 queue length = 4096
2024-02-27 21:40:02,803 [e13e7e3b-b387-4fac-9683-3ea92427a7e8-groupManagement] INFO  server.RaftServerConfigKeys (ConfUtils.java:logGet(46)) - raft.server.rpc.timeout.min = 5s (custom)
2024-02-27 21:40:02,803 [e13e7e3b-b387-4fac-9683-3ea92427a7e8-groupManagement] INFO  server.RaftServerConfigKeys (ConfUtils.java:logGet(46)) - raft.server.rpc.timeout.max = 5200ms (custom)
2024-02-27 21:40:02,803 [e13e7e3b-b387-4fac-9683-3ea92427a7e8-groupManagement] INFO  server.RaftServerConfigKeys (ConfUtils.java:logGet(46)) - raft.server.rpc.sleep.time = 25ms (default)
2024-02-27 21:40:02,803 [e13e7e3b-b387-4fac-9683-3ea92427a7e8-groupManagement] INFO  server.RaftServerConfigKeys (ConfUtils.java:logGet(46)) - raft.server.rpc.slowness.timeout = 300s (custom)
2024-02-27 21:40:02,804 [e13e7e3b-b387-4fac-9683-3ea92427a7e8-groupManagement] INFO  server.RaftServerConfigKeys (ConfUtils.java:logGet(46)) - raft.server.leaderelection.leader.step-down.wait-time = 10s (default)
2024-02-27 21:40:02,804 [e13e7e3b-b387-4fac-9683-3ea92427a7e8-groupManagement] INFO  server.RaftServerConfigKeys (ConfUtils.java:logGet(46)) - raft.server.leaderelection.member.majority-add = false (default)
2024-02-27 21:40:02,804 [e13e7e3b-b387-4fac-9683-3ea92427a7e8-groupManagement] INFO  server.RaftServerConfigKeys (ConfUtils.java:logGet(46)) - raft.server.sleep.deviation.threshold = 300ms (default)
2024-02-27 21:40:02,804 [e13e7e3b-b387-4fac-9683-3ea92427a7e8-groupManagement] INFO  server.RaftServer$Division (ServerState.java:<init>(113)) - e13e7e3b-b387-4fac-9683-3ea92427a7e8@group-EE311A528B4F: ConfigurationManager, init=-1: peers:[]|listeners:[], old=null, confs=<EMPTY_MAP>
2024-02-27 21:40:02,804 [e13e7e3b-b387-4fac-9683-3ea92427a7e8-groupManagement] INFO  server.RaftServerConfigKeys (ConfUtils.java:logGet(46)) - raft.server.notification.no-leader.timeout = 300s (custom)
2024-02-27 21:40:02,804 [e13e7e3b-b387-4fac-9683-3ea92427a7e8-groupManagement] INFO  server.RaftServerConfigKeys (ConfUtils.java:logGet(46)) - raft.server.read.timeout = 10s (default)
2024-02-27 21:40:02,804 [e13e7e3b-b387-4fac-9683-3ea92427a7e8-groupManagement] INFO  server.RaftServerConfigKeys (ConfUtils.java:logGet(46)) - raft.server.retrycache.expirytime = 600000ms (custom)
2024-02-27 21:40:02,804 [e13e7e3b-b387-4fac-9683-3ea92427a7e8-groupManagement] INFO  server.RaftServerConfigKeys (ConfUtils.java:logGet(46)) - raft.server.retrycache.statistics.expirytime = 100ms (default)
2024-02-27 21:40:02,804 [e13e7e3b-b387-4fac-9683-3ea92427a7e8-groupManagement] INFO  server.RaftServerConfigKeys (ConfUtils.java:logGet(46)) - raft.server.read.option = DEFAULT (default)
2024-02-27 21:40:02,804 [main] INFO  server.XceiverServerGrpc (XceiverServerGrpc.java:<init>(141)) - GrpcServer channel type EpollServerSocketChannel
2024-02-27 21:40:02,804 [e13e7e3b-b387-4fac-9683-3ea92427a7e8-groupManagement] INFO  server.RaftServerConfigKeys (ConfUtils.java:logGet(46)) - raft.server.read.read-after-write-consistent.write-index-cache.expiry-time = 60s (default)
2024-02-27 21:40:02,806 [e13e7e3b-b387-4fac-9683-3ea92427a7e8-groupManagement] INFO  server.RaftServerConfigKeys (ConfUtils.java:logGet(46)) - raft.server.rpc.request.timeout = 60s (custom)
2024-02-27 21:40:02,806 [e13e7e3b-b387-4fac-9683-3ea92427a7e8-groupManagement] INFO  server.RaftServerConfigKeys (ConfUtils.java:logGet(46)) - raft.server.log.appender.install.snapshot.enabled = false (custom)
2024-02-27 21:40:02,806 [main] INFO  replication.ReplicationSupervisor (ReplicationSupervisor.java:build(163)) - Initializing replication supervisor with thread count = 10
2024-02-27 21:40:02,806 [e13e7e3b-b387-4fac-9683-3ea92427a7e8-groupManagement] INFO  server.RaftServerConfigKeys (ConfUtils.java:logGet(46)) - raft.server.threadpool.server.cached = true (default)
2024-02-27 21:40:02,806 [e13e7e3b-b387-4fac-9683-3ea92427a7e8-groupManagement] INFO  server.RaftServerConfigKeys (ConfUtils.java:logGet(46)) - raft.server.threadpool.server.size = 0 (default)
2024-02-27 21:40:02,806 [e13e7e3b-b387-4fac-9683-3ea92427a7e8-groupManagement] INFO  server.RaftServerConfigKeys (ConfUtils.java:logGet(46)) - raft.server.threadpool.client.cached = true (default)
2024-02-27 21:40:02,806 [main] INFO  replication.ReplicationSupervisor (ReplicationSupervisor.java:nodeStateUpdated(317)) - Node state updated to IN_SERVICE, scaling executor pool size to 10
2024-02-27 21:40:02,806 [e13e7e3b-b387-4fac-9683-3ea92427a7e8-groupManagement] INFO  server.RaftServerConfigKeys (ConfUtils.java:logGet(46)) - raft.server.threadpool.client.size = 0 (default)
2024-02-27 21:40:02,807 [e13e7e3b-b387-4fac-9683-3ea92427a7e8-groupManagement] INFO  server.RaftServer$Division (RaftServerImpl.java:<init>(256)) - e13e7e3b-b387-4fac-9683-3ea92427a7e8: new RaftServerImpl for group-59E1F7E51CDF:[] with ContainerStateMachine:uninitialized
2024-02-27 21:40:02,807 [e13e7e3b-b387-4fac-9683-3ea92427a7e8-groupManagement] INFO  server.RaftServerConfigKeys (ConfUtils.java:logGet(46)) - raft.server.rpc.timeout.min = 5s (custom)
2024-02-27 21:40:02,807 [e13e7e3b-b387-4fac-9683-3ea92427a7e8-groupManagement] INFO  server.RaftServerConfigKeys (ConfUtils.java:logGet(46)) - raft.server.rpc.timeout.max = 5200ms (custom)
2024-02-27 21:40:02,807 [e13e7e3b-b387-4fac-9683-3ea92427a7e8-groupManagement] INFO  server.RaftServerConfigKeys (ConfUtils.java:logGet(46)) - raft.server.rpc.sleep.time = 25ms (default)
2024-02-27 21:40:02,807 [e13e7e3b-b387-4fac-9683-3ea92427a7e8-groupManagement] INFO  server.RaftServerConfigKeys (ConfUtils.java:logGet(46)) - raft.server.rpc.slowness.timeout = 300s (custom)
2024-02-27 21:40:02,807 [e13e7e3b-b387-4fac-9683-3ea92427a7e8-groupManagement] INFO  server.RaftServerConfigKeys (ConfUtils.java:logGet(46)) - raft.server.leaderelection.leader.step-down.wait-time = 10s (default)
2024-02-27 21:40:02,807 [e13e7e3b-b387-4fac-9683-3ea92427a7e8-groupManagement] INFO  server.RaftServerConfigKeys (ConfUtils.java:logGet(46)) - raft.server.leaderelection.member.majority-add = false (default)
2024-02-27 21:40:02,807 [e13e7e3b-b387-4fac-9683-3ea92427a7e8-groupManagement] INFO  server.RaftServerConfigKeys (ConfUtils.java:logGet(46)) - raft.server.sleep.deviation.threshold = 300ms (default)
2024-02-27 21:40:02,807 [e13e7e3b-b387-4fac-9683-3ea92427a7e8-groupManagement] INFO  server.RaftServer$Division (ServerState.java:<init>(113)) - e13e7e3b-b387-4fac-9683-3ea92427a7e8@group-59E1F7E51CDF: ConfigurationManager, init=-1: peers:[]|listeners:[], old=null, confs=<EMPTY_MAP>
2024-02-27 21:40:02,808 [e13e7e3b-b387-4fac-9683-3ea92427a7e8-groupManagement] INFO  server.RaftServerConfigKeys (ConfUtils.java:logGet(46)) - raft.server.notification.no-leader.timeout = 300s (custom)
2024-02-27 21:40:02,808 [e13e7e3b-b387-4fac-9683-3ea92427a7e8-groupManagement] INFO  server.RaftServerConfigKeys (ConfUtils.java:logGet(46)) - raft.server.read.timeout = 10s (default)
2024-02-27 21:40:02,808 [e13e7e3b-b387-4fac-9683-3ea92427a7e8-groupManagement] INFO  server.RaftServerConfigKeys (ConfUtils.java:logGet(46)) - raft.server.retrycache.expirytime = 600000ms (custom)
2024-02-27 21:40:02,808 [e13e7e3b-b387-4fac-9683-3ea92427a7e8-groupManagement] INFO  server.RaftServerConfigKeys (ConfUtils.java:logGet(46)) - raft.server.retrycache.statistics.expirytime = 100ms (default)
2024-02-27 21:40:02,808 [e13e7e3b-b387-4fac-9683-3ea92427a7e8-groupManagement] INFO  server.RaftServerConfigKeys (ConfUtils.java:logGet(46)) - raft.server.read.option = DEFAULT (default)
2024-02-27 21:40:02,808 [e13e7e3b-b387-4fac-9683-3ea92427a7e8-groupManagement] INFO  server.RaftServerConfigKeys (ConfUtils.java:logGet(46)) - raft.server.read.read-after-write-consistent.write-index-cache.expiry-time = 60s (default)
2024-02-27 21:40:02,808 [e13e7e3b-b387-4fac-9683-3ea92427a7e8-groupManagement] INFO  server.RaftServerConfigKeys (ConfUtils.java:logGet(46)) - raft.server.rpc.request.timeout = 60s (custom)
2024-02-27 21:40:02,809 [e13e7e3b-b387-4fac-9683-3ea92427a7e8-groupManagement] INFO  server.RaftServerConfigKeys (ConfUtils.java:logGet(46)) - raft.server.log.appender.install.snapshot.enabled = false (custom)
2024-02-27 21:40:02,809 [e13e7e3b-b387-4fac-9683-3ea92427a7e8-groupManagement] INFO  server.RaftServerConfigKeys (ConfUtils.java:logGet(46)) - raft.server.threadpool.server.cached = true (default)
2024-02-27 21:40:02,809 [e13e7e3b-b387-4fac-9683-3ea92427a7e8-groupManagement] INFO  server.RaftServerConfigKeys (ConfUtils.java:logGet(46)) - raft.server.threadpool.server.size = 0 (default)
2024-02-27 21:40:02,809 [e13e7e3b-b387-4fac-9683-3ea92427a7e8-groupManagement] INFO  server.RaftServerConfigKeys (ConfUtils.java:logGet(46)) - raft.server.threadpool.client.cached = true (default)
2024-02-27 21:40:02,809 [e13e7e3b-b387-4fac-9683-3ea92427a7e8-groupManagement] INFO  server.RaftServerConfigKeys (ConfUtils.java:logGet(46)) - raft.server.threadpool.client.size = 0 (default)
2024-02-27 21:40:02,809 [e13e7e3b-b387-4fac-9683-3ea92427a7e8-groupManagement] INFO  server.RaftServer$Division (RaftServerImpl.java:<init>(256)) - e13e7e3b-b387-4fac-9683-3ea92427a7e8: new RaftServerImpl for group-7C3CB0869E93:[] with ContainerStateMachine:uninitialized
2024-02-27 21:40:02,809 [e13e7e3b-b387-4fac-9683-3ea92427a7e8-groupManagement] INFO  server.RaftServerConfigKeys (ConfUtils.java:logGet(46)) - raft.server.rpc.timeout.min = 5s (custom)
2024-02-27 21:40:02,809 [e13e7e3b-b387-4fac-9683-3ea92427a7e8-groupManagement] INFO  server.RaftServerConfigKeys (ConfUtils.java:logGet(46)) - raft.server.rpc.timeout.max = 5200ms (custom)
2024-02-27 21:40:02,809 [e13e7e3b-b387-4fac-9683-3ea92427a7e8-groupManagement] INFO  server.RaftServerConfigKeys (ConfUtils.java:logGet(46)) - raft.server.rpc.sleep.time = 25ms (default)
2024-02-27 21:40:02,809 [e13e7e3b-b387-4fac-9683-3ea92427a7e8-groupManagement] INFO  server.RaftServerConfigKeys (ConfUtils.java:logGet(46)) - raft.server.rpc.slowness.timeout = 300s (custom)
2024-02-27 21:40:02,809 [e13e7e3b-b387-4fac-9683-3ea92427a7e8-groupManagement] INFO  server.RaftServerConfigKeys (ConfUtils.java:logGet(46)) - raft.server.leaderelection.leader.step-down.wait-time = 10s (default)
2024-02-27 21:40:02,809 [e13e7e3b-b387-4fac-9683-3ea92427a7e8-groupManagement] INFO  server.RaftServerConfigKeys (ConfUtils.java:logGet(46)) - raft.server.leaderelection.member.majority-add = false (default)
2024-02-27 21:40:02,809 [e13e7e3b-b387-4fac-9683-3ea92427a7e8-groupManagement] INFO  server.RaftServerConfigKeys (ConfUtils.java:logGet(46)) - raft.server.sleep.deviation.threshold = 300ms (default)
2024-02-27 21:40:02,809 [e13e7e3b-b387-4fac-9683-3ea92427a7e8-groupManagement] INFO  server.RaftServer$Division (ServerState.java:<init>(113)) - e13e7e3b-b387-4fac-9683-3ea92427a7e8@group-7C3CB0869E93: ConfigurationManager, init=-1: peers:[]|listeners:[], old=null, confs=<EMPTY_MAP>
2024-02-27 21:40:02,809 [e13e7e3b-b387-4fac-9683-3ea92427a7e8-groupManagement] INFO  server.RaftServerConfigKeys (ConfUtils.java:logGet(46)) - raft.server.notification.no-leader.timeout = 300s (custom)
2024-02-27 21:40:02,809 [e13e7e3b-b387-4fac-9683-3ea92427a7e8-groupManagement] INFO  server.RaftServerConfigKeys (ConfUtils.java:logGet(46)) - raft.server.read.timeout = 10s (default)
2024-02-27 21:40:02,809 [e13e7e3b-b387-4fac-9683-3ea92427a7e8-groupManagement] INFO  server.RaftServerConfigKeys (ConfUtils.java:logGet(46)) - raft.server.retrycache.expirytime = 600000ms (custom)
2024-02-27 21:40:02,809 [e13e7e3b-b387-4fac-9683-3ea92427a7e8-groupManagement] INFO  server.RaftServerConfigKeys (ConfUtils.java:logGet(46)) - raft.server.retrycache.statistics.expirytime = 100ms (default)
2024-02-27 21:40:02,810 [e13e7e3b-b387-4fac-9683-3ea92427a7e8-groupManagement] INFO  server.RaftServerConfigKeys (ConfUtils.java:logGet(46)) - raft.server.read.option = DEFAULT (default)
2024-02-27 21:40:02,810 [e13e7e3b-b387-4fac-9683-3ea92427a7e8-groupManagement] INFO  server.RaftServerConfigKeys (ConfUtils.java:logGet(46)) - raft.server.read.read-after-write-consistent.write-index-cache.expiry-time = 60s (default)
2024-02-27 21:40:02,810 [e13e7e3b-b387-4fac-9683-3ea92427a7e8-groupManagement] INFO  server.RaftServerConfigKeys (ConfUtils.java:logGet(46)) - raft.server.rpc.request.timeout = 60s (custom)
2024-02-27 21:40:02,810 [e13e7e3b-b387-4fac-9683-3ea92427a7e8-groupManagement] INFO  server.RaftServerConfigKeys (ConfUtils.java:logGet(46)) - raft.server.log.appender.install.snapshot.enabled = false (custom)
2024-02-27 21:40:02,810 [e13e7e3b-b387-4fac-9683-3ea92427a7e8-groupManagement] INFO  server.RaftServerConfigKeys (ConfUtils.java:logGet(46)) - raft.server.threadpool.server.cached = true (default)
2024-02-27 21:40:02,810 [e13e7e3b-b387-4fac-9683-3ea92427a7e8-groupManagement] INFO  server.RaftServerConfigKeys (ConfUtils.java:logGet(46)) - raft.server.threadpool.server.size = 0 (default)
2024-02-27 21:40:02,810 [e13e7e3b-b387-4fac-9683-3ea92427a7e8-groupManagement] INFO  server.RaftServerConfigKeys (ConfUtils.java:logGet(46)) - raft.server.threadpool.client.cached = true (default)
2024-02-27 21:40:02,811 [e13e7e3b-b387-4fac-9683-3ea92427a7e8-groupManagement] INFO  server.RaftServerConfigKeys (ConfUtils.java:logGet(46)) - raft.server.threadpool.client.size = 0 (default)
2024-02-27 21:40:02,812 [main] INFO  http.BaseHttpServer (BaseHttpServer.java:newHttpServer2BuilderForOzone(223)) - Starting Web-server for hddsDatanode at: http://0.0.0.0:15080
2024-02-27 21:40:02,812 [main] INFO  http.BaseHttpServer (BaseHttpServer.java:<init>(110)) - Hadoop Security Enabled: false Ozone Security Enabled: false Ozone HTTP Security Enabled: false 
2024-02-27 21:40:02,813 [main] WARN  server.AuthenticationFilter (AuthenticationFilter.java:constructSecretProvider(240)) - Unable to initialize FileSignerSecretProvider, falling back to use random secrets. Reason: Could not read signature secret file: /home/runner/hadoop-http-auth-signature-secret
2024-02-27 21:40:02,813 [main] INFO  http.HttpRequestLog (HttpRequestLog.java:getRequestLog(86)) - Http request log for http.requests.hddsDatanode is not defined
2024-02-27 21:40:02,815 [main] INFO  http.HttpServer2 (HttpServer2.java:addGlobalFilter(1036)) - Added global filter 'safety' (class=org.apache.hadoop.hdds.server.http.HttpServer2$QuotingInputFilter)
2024-02-27 21:40:02,815 [main] INFO  http.HttpServer2 (HttpServer2.java:addFilter(1012)) - Added filter static_user_filter (class=org.apache.hadoop.http.lib.StaticUserWebFilter$StaticUserFilter) to context hddsDatanode
2024-02-27 21:40:02,815 [main] INFO  http.HttpServer2 (HttpServer2.java:addFilter(1020)) - Added filter static_user_filter (class=org.apache.hadoop.http.lib.StaticUserWebFilter$StaticUserFilter) to context logs
2024-02-27 21:40:02,816 [main] INFO  http.HttpServer2 (HttpServer2.java:addFilter(1020)) - Added filter static_user_filter (class=org.apache.hadoop.http.lib.StaticUserWebFilter$StaticUserFilter) to context static
2024-02-27 21:40:02,816 [main] INFO  http.BaseHttpServer (BaseHttpServer.java:<init>(189)) - HTTP server of hddsDatanode uses base directory /home/runner/work/ozone/ozone/hadoop-ozone/integration-test/target/test-dir/MiniOzoneClusterImpl-075da85a-61fc-4f3b-aaa6-f3afee0da340/ozone-meta/datanode-2/meta/webserver
2024-02-27 21:40:02,816 [main] INFO  http.HttpServer2 (HttpServer2.java:bindListener(1236)) - Jetty bound to port 15080
2024-02-27 21:40:02,816 [main] INFO  server.Server (Server.java:doStart(375)) - jetty-9.4.53.v20231009; built: 2023-10-09T12:29:09.265Z; git: 27bde00a0b95a1d5bbee0eae7984f891d2d0f8c9; jvm 1.8.0_402-b06
2024-02-27 21:40:02,817 [main] INFO  server.session (DefaultSessionIdManager.java:doStart(334)) - DefaultSessionIdManager workerName=node0
2024-02-27 21:40:02,817 [main] INFO  server.session (DefaultSessionIdManager.java:doStart(339)) - No SessionScavenger set, using defaults
2024-02-27 21:40:02,818 [main] INFO  server.session (HouseKeeper.java:startScavenging(132)) - node0 Scavenging every 600000ms
2024-02-27 21:40:02,818 [main] INFO  handler.ContextHandler (ContextHandler.java:doStart(921)) - Started o.e.j.s.ServletContextHandler@446df579{logs,/logs,file:///home/runner/work/ozone/ozone/hadoop-ozone/integration-test/target/log,AVAILABLE}
2024-02-27 21:40:02,818 [main] INFO  handler.ContextHandler (ContextHandler.java:doStart(921)) - Started o.e.j.s.ServletContextHandler@4355a192{static,/static,jar:file:/home/runner/.m2/repository/org/apache/ozone/hdds-container-service/1.5.0-SNAPSHOT/hdds-container-service-1.5.0-SNAPSHOT.jar!/webapps/static,AVAILABLE}
2024-02-27 21:40:02,851 [main] INFO  handler.ContextHandler (ContextHandler.java:doStart(921)) - Started o.e.j.w.WebAppContext@442abccd{hddsDatanode,/,file:///home/runner/work/ozone/ozone/hadoop-ozone/integration-test/target/test-dir/MiniOzoneClusterImpl-075da85a-61fc-4f3b-aaa6-f3afee0da340/ozone-meta/datanode-2/meta/webserver/jetty-0_0_0_0-15080-hdds-container-service-1_5_0-SNAPSHOT_jar-_-any-3161824423931910905/webapp/,AVAILABLE}{jar:file:/home/runner/.m2/repository/org/apache/ozone/hdds-container-service/1.5.0-SNAPSHOT/hdds-container-service-1.5.0-SNAPSHOT.jar!/webapps/hddsDatanode}
2024-02-27 21:40:02,852 [main] INFO  server.AbstractConnector (AbstractConnector.java:doStart(333)) - Started ServerConnector@53c4af1f{HTTP/1.1, (http/1.1)}{0.0.0.0:15080}
2024-02-27 21:40:02,853 [main] INFO  server.Server (Server.java:doStart(415)) - Started @213196ms
2024-02-27 21:40:02,853 [main] WARN  impl.MetricsSystemImpl (MetricsSystemImpl.java:register(279)) - Sink prometheus already exists!
2024-02-27 21:40:02,853 [main] INFO  http.BaseHttpServer (BaseHttpServer.java:updateConnectorAddress(354)) - HTTP server of hddsDatanode listening at http://0.0.0.0:15080
2024-02-27 21:40:02,854 [main] INFO  ipc.CallQueueManager (CallQueueManager.java:<init>(90)) - Using callQueue: class java.util.concurrent.LinkedBlockingQueue, queueCapacity: 100, scheduler: class org.apache.hadoop.ipc.DefaultRpcScheduler, ipcBackoff: false.
2024-02-27 21:40:02,854 [main] INFO  ipc.Server (Server.java:<init>(1287)) - Listener at 0.0.0.0:15081
2024-02-27 21:40:02,854 [Socket Reader #1 for port 15081] INFO  ipc.Server (Server.java:run(1323)) - Starting Socket Reader #1 for port 15081
2024-02-27 21:40:02,863 [main] INFO  ozone.HddsDatanodeService (HddsDatanodeService.java:start(327)) - Datanode start with admins: [runner]
2024-02-27 21:40:02,863 [main] INFO  ozone.HddsDatanodeClientProtocolServer (HddsDatanodeClientProtocolServer.java:start(77)) - RPC server for Client /0.0.0.0:15081
2024-02-27 21:40:02,863 [IPC Server Responder] INFO  ipc.Server (Server.java:run(1562)) - IPC Server Responder: starting
2024-02-27 21:40:02,864 [IPC Server listener on 15081] INFO  ipc.Server (Server.java:run(1402)) - IPC Server listener on 15081: starting
2024-02-27 21:40:02,865 [e13e7e3b-b387-4fac-9683-3ea92427a7e8-DatanodeStateMachineDaemonThread] INFO  statemachine.DatanodeStateMachine (DatanodeStateMachine.java:lambda$startDaemon$1(555)) - Ozone container server started.
2024-02-27 21:40:02,867 [main] WARN  dropwizard3.Dm3MetricRegistriesImpl (Dm3MetricRegistriesImpl.java:addReporterRegistration(113)) - New reporters are added after registries were created. Some metrics will be missing from the reporter. Please add reporter before adding any new registry.
2024-02-27 21:40:02,867 [main] WARN  dropwizard3.Dm3MetricRegistriesImpl (Dm3MetricRegistriesImpl.java:addReporterRegistration(113)) - New reporters are added after registries were created. Some metrics will be missing from the reporter. Please add reporter before adding any new registry.
2024-02-27 21:40:02,867 [main] INFO  impl.MetricsSystemImpl (MetricsSystemImpl.java:init(158)) - HddsDatanode metrics system started (again)
2024-02-27 21:40:02,871 [e13e7e3b-b387-4fac-9683-3ea92427a7e8-DatanodeStateMachineTaskThread-0] INFO  datanode.InitDatanodeState (InitDatanodeState.java:persistContainerDatanodeDetails(139)) - DatanodeDetails is persisted to /home/runner/work/ozone/ozone/hadoop-ozone/integration-test/target/test-dir/MiniOzoneClusterImpl-075da85a-61fc-4f3b-aaa6-f3afee0da340/ozone-meta/datanode-2/meta/datanode.id
2024-02-27 21:40:02,877 [main] INFO  ozone.HddsDatanodeService (HddsDatanodeService.java:start(240)) - HddsDatanodeService host:fv-az531-651.fb1yufaac5hu3gd5gtxiz42tfh.cx.internal.cloudapp.net ip:10.1.0.18
2024-02-27 21:40:02,887 [main] INFO  upgrade.AbstractLayoutVersionManager (AbstractLayoutVersionManager.java:init(83)) - Initializing Layout version manager with metadata layout = HADOOP_PRC_PORTS_IN_DATANODEDETAILS (version = 7), software layout = HADOOP_PRC_PORTS_IN_DATANODEDETAILS (version = 7)
2024-02-27 21:40:02,888 [main] INFO  statemachine.DatanodeStateMachine (DatanodeStateMachine.java:getEndPointTaskThreadPoolSize(299)) - Datanode State Machine Task Thread Pool size 2
2024-02-27 21:40:02,889 [main] INFO  volume.HddsVolume (HddsVolume.java:<init>(125)) - Creating HddsVolume: /home/runner/work/ozone/ozone/hadoop-ozone/integration-test/target/test-dir/MiniOzoneClusterImpl-075da85a-61fc-4f3b-aaa6-f3afee0da340/ozone-meta/datanode-3/data-0/hdds of storage type : DISK capacity : 9223372036854775807
2024-02-27 21:40:02,889 [main] INFO  volume.MutableVolumeSet (MutableVolumeSet.java:initializeVolumeSet(173)) - Added Volume : /home/runner/work/ozone/ozone/hadoop-ozone/integration-test/target/test-dir/MiniOzoneClusterImpl-075da85a-61fc-4f3b-aaa6-f3afee0da340/ozone-meta/datanode-3/data-0/hdds to VolumeSet
2024-02-27 21:40:02,890 [main] INFO  volume.MutableVolumeSet (MutableVolumeSet.java:initializeVolumeSet(173)) - Added Volume : /home/runner/work/ozone/ozone/hadoop-ozone/integration-test/target/test-dir/MiniOzoneClusterImpl-075da85a-61fc-4f3b-aaa6-f3afee0da340/ozone-meta/datanode-3/ratis to VolumeSet
2024-02-27 21:40:02,900 [ForkJoinPool.commonPool-worker-0] INFO  utils.DatanodeStoreCache (DatanodeStoreCache.java:addDB(72)) - Added db /home/runner/work/ozone/ozone/hadoop-ozone/integration-test/target/test-dir/MiniOzoneClusterImpl-075da85a-61fc-4f3b-aaa6-f3afee0da340/ozone-meta/datanode-3/data-0/hdds/075da85a-61fc-4f3b-aaa6-f3afee0da340/DS-cfa68d1b-8c71-412d-ad37-74cac7a788d2/container.db to cache
2024-02-27 21:40:02,900 [ForkJoinPool.commonPool-worker-0] INFO  volume.HddsVolume (HddsVolume.java:loadDbStore(373)) - SchemaV3 db is loaded at /home/runner/work/ozone/ozone/hadoop-ozone/integration-test/target/test-dir/MiniOzoneClusterImpl-075da85a-61fc-4f3b-aaa6-f3afee0da340/ozone-meta/datanode-3/data-0/hdds/075da85a-61fc-4f3b-aaa6-f3afee0da340/DS-cfa68d1b-8c71-412d-ad37-74cac7a788d2/container.db for volume DS-cfa68d1b-8c71-412d-ad37-74cac7a788d2
2024-02-27 21:40:02,900 [main] INFO  ozoneimpl.OzoneContainer (HddsVolumeUtil.java:loadAllHddsVolumeDbStore(103)) - Load 1 volumes DbStore cost: 10ms
2024-02-27 21:40:02,902 [main] INFO  server.RaftServer (ConfUtils.java:logGet(46)) - raft.rpc.type = GRPC (default)
2024-02-27 21:40:02,902 [main] INFO  grpc.GrpcConfigKeys (ConfUtils.java:logFallback(53)) - raft.grpc.admin.host = null (fallback to raft.grpc.server.host)
2024-02-27 21:40:02,902 [main] INFO  grpc.GrpcConfigKeys (ConfUtils.java:logGet(46)) - raft.grpc.admin.port = 15093 (custom)
2024-02-27 21:40:02,902 [main] INFO  grpc.GrpcConfigKeys (ConfUtils.java:logFallback(53)) - raft.grpc.client.host = null (fallback to raft.grpc.server.host)
2024-02-27 21:40:02,902 [main] INFO  grpc.GrpcConfigKeys (ConfUtils.java:logGet(46)) - raft.grpc.client.port = 15092 (custom)
2024-02-27 21:40:02,903 [main] INFO  grpc.GrpcConfigKeys (ConfUtils.java:logGet(46)) - raft.grpc.server.host = null (default)
2024-02-27 21:40:02,903 [main] INFO  grpc.GrpcConfigKeys (ConfUtils.java:logGet(46)) - raft.grpc.server.port = 15094 (custom)
2024-02-27 21:40:02,903 [main] INFO  server.GrpcService (ConfUtils.java:logGet(46)) - raft.grpc.message.size.max = 32MB (=33554432) (custom)
2024-02-27 21:40:02,903 [main] INFO  server.RaftServerConfigKeys (ConfUtils.java:logGet(46)) - raft.server.log.appender.buffer.byte-limit = 8388608 (custom)
2024-02-27 21:40:02,903 [main] INFO  server.GrpcService (ConfUtils.java:logGet(46)) - raft.grpc.flow.control.window = 5MB (=5242880) (custom)
2024-02-27 21:40:02,904 [main] INFO  server.RaftServerConfigKeys (ConfUtils.java:logGet(46)) - raft.server.rpc.request.timeout = 60s (custom)
2024-02-27 21:40:02,904 [main] INFO  grpc.GrpcConfigKeys (ConfUtils.java:logGet(46)) - raft.grpc.server.heartbeat.channel = true (default)
2024-02-27 21:40:02,904 [main] INFO  grpc.GrpcConfigKeys (ConfUtils.java:logGet(46)) - raft.grpc.server.async.request.thread.pool.cached = true (default)
2024-02-27 21:40:02,904 [main] INFO  grpc.GrpcConfigKeys (ConfUtils.java:logGet(46)) - raft.grpc.server.async.request.thread.pool.size = 32 (default)
2024-02-27 21:40:02,906 [main] INFO  impl.DataStreamServerImpl (ConfUtils.java:logGet(46)) - raft.datastream.type = NETTY (custom)
2024-02-27 21:40:02,906 [main] INFO  server.RaftServerConfigKeys (ConfUtils.java:logGet(46)) - raft.server.data-stream.async.request.thread.pool.cached = false (default)
2024-02-27 21:40:02,906 [main] INFO  server.RaftServerConfigKeys (ConfUtils.java:logGet(46)) - raft.server.data-stream.async.request.thread.pool.size = 20 (custom)
2024-02-27 21:40:02,907 [main] INFO  server.RaftServerConfigKeys (ConfUtils.java:logGet(46)) - raft.server.data-stream.async.write.thread.pool.size = 16 (default)
2024-02-27 21:40:02,907 [main] INFO  netty.NettyConfigKeys$DataStream (ConfUtils.java:logGet(46)) - raft.netty.dataStream.server.channel.inactive.grace-period = 10min (default)
2024-02-27 21:40:02,907 [main] INFO  server.RaftServerConfigKeys (ConfUtils.java:logGet(46)) - raft.server.data-stream.client.pool.size = 10 (default)
2024-02-27 21:40:02,907 [main] INFO  netty.NettyConfigKeys$DataStream (ConfUtils.java:logGet(46)) - raft.netty.dataStream.server.use-epoll = true (default)
2024-02-27 21:40:02,907 [main] INFO  netty.NettyConfigKeys$DataStream (ConfUtils.java:logGet(46)) - raft.netty.dataStream.server.boss-group.size = 0 (default)
2024-02-27 21:40:02,907 [main] INFO  netty.NettyUtils (NettyUtils.java:newEventLoopGroup(69)) - Create EpollEventLoopGroup for 6d1988e6-d732-42b7-a0ee-62d3ca1ef2f1-NettyServerStreamRpc-bossGroup; Thread size is 0.
2024-02-27 21:40:02,908 [main] INFO  netty.NettyConfigKeys$DataStream (ConfUtils.java:logGet(46)) - raft.netty.dataStream.server.worker-group.size = 0 (default)
2024-02-27 21:40:02,908 [main] INFO  netty.NettyUtils (NettyUtils.java:newEventLoopGroup(69)) - Create EpollEventLoopGroup for 6d1988e6-d732-42b7-a0ee-62d3ca1ef2f1-NettyServerStreamRpc-workerGroup; Thread size is 0.
2024-02-27 21:40:02,908 [main] INFO  netty.NettyConfigKeys$DataStream (ConfUtils.java:logGet(46)) - raft.netty.dataStream.server.tls.conf = null (default)
2024-02-27 21:40:02,909 [main] INFO  netty.NettyConfigKeys$DataStream (ConfUtils.java:logGet(46)) - raft.netty.dataStream.host = null (default)
2024-02-27 21:40:02,909 [main] INFO  netty.NettyConfigKeys$DataStream (ConfUtils.java:logGet(46)) - raft.netty.dataStream.port = 15095 (custom)
2024-02-27 21:40:02,909 [main] INFO  server.RaftServerConfigKeys (ConfUtils.java:logGet(46)) - raft.server.sleep.deviation.threshold = 300ms (default)
2024-02-27 21:40:02,909 [6d1988e6-d732-42b7-a0ee-62d3ca1ef2f1-NettyServerStreamRpc-bossGroup--thread1] INFO  logging.LoggingHandler (AbstractInternalLogger.java:log(148)) - [id: 0x05732fba] REGISTERED
2024-02-27 21:40:02,909 [main] INFO  server.RaftServerConfigKeys (ConfUtils.java:logGet(46)) - raft.server.close.threshold = 60s (default)
2024-02-27 21:40:02,909 [6d1988e6-d732-42b7-a0ee-62d3ca1ef2f1-NettyServerStreamRpc-bossGroup--thread1] INFO  logging.LoggingHandler (AbstractInternalLogger.java:log(148)) - [id: 0x05732fba] BIND: 0.0.0.0/0.0.0.0:15095
2024-02-27 21:40:02,909 [main] INFO  server.RaftServerConfigKeys (ConfUtils.java:logGet(46)) - raft.server.leaderelection.leader.step-down.wait-time = 10s (default)
2024-02-27 21:40:02,909 [6d1988e6-d732-42b7-a0ee-62d3ca1ef2f1-NettyServerStreamRpc-bossGroup--thread1] INFO  logging.LoggingHandler (AbstractInternalLogger.java:log(148)) - [id: 0x05732fba, L:/0.0.0.0:15095] ACTIVE
2024-02-27 21:40:02,910 [main] INFO  server.RaftServerConfigKeys (ConfUtils.java:logGet(46)) - raft.server.storage.dir = [/home/runner/work/ozone/ozone/hadoop-ozone/integration-test/target/test-dir/MiniOzoneClusterImpl-075da85a-61fc-4f3b-aaa6-f3afee0da340/ozone-meta/datanode-3/ratis] (custom)
2024-02-27 21:40:02,910 [main] INFO  server.RaftServerConfigKeys (ConfUtils.java:logGet(46)) - raft.server.threadpool.proxy.cached = true (default)
2024-02-27 21:40:02,910 [main] INFO  server.RaftServerConfigKeys (ConfUtils.java:logGet(46)) - raft.server.threadpool.proxy.size = 0 (default)
2024-02-27 21:40:02,910 [6d1988e6-d732-42b7-a0ee-62d3ca1ef2f1-impl-thread1] INFO  server.RaftServer (RaftServerProxy.java:initGroupDir(264)) - 6d1988e6-d732-42b7-a0ee-62d3ca1ef2f1: found a subdirectory /home/runner/work/ozone/ozone/hadoop-ozone/integration-test/target/test-dir/MiniOzoneClusterImpl-075da85a-61fc-4f3b-aaa6-f3afee0da340/ozone-meta/datanode-3/ratis/tmp
2024-02-27 21:40:02,911 [6d1988e6-d732-42b7-a0ee-62d3ca1ef2f1-impl-thread1] INFO  server.RaftServer (RaftServerProxy.java:initGroupDir(269)) - 6d1988e6-d732-42b7-a0ee-62d3ca1ef2f1: The directory /home/runner/work/ozone/ozone/hadoop-ozone/integration-test/target/test-dir/MiniOzoneClusterImpl-075da85a-61fc-4f3b-aaa6-f3afee0da340/ozone-meta/datanode-3/ratis/tmp is not a group directory; ignoring it. 
2024-02-27 21:40:02,911 [6d1988e6-d732-42b7-a0ee-62d3ca1ef2f1-impl-thread1] INFO  server.RaftServer (RaftServerProxy.java:initGroupDir(264)) - 6d1988e6-d732-42b7-a0ee-62d3ca1ef2f1: found a subdirectory /home/runner/work/ozone/ozone/hadoop-ozone/integration-test/target/test-dir/MiniOzoneClusterImpl-075da85a-61fc-4f3b-aaa6-f3afee0da340/ozone-meta/datanode-3/ratis/65c74a8d-5a7c-4552-b886-ee311a528b4f
2024-02-27 21:40:02,911 [6d1988e6-d732-42b7-a0ee-62d3ca1ef2f1-impl-thread1] INFO  server.RaftServer (RaftServerProxy.java:addNew(100)) - 6d1988e6-d732-42b7-a0ee-62d3ca1ef2f1: addNew group-EE311A528B4F:[] returns group-EE311A528B4F:java.util.concurrent.CompletableFuture@317d96b[Not completed]
2024-02-27 21:40:02,911 [6d1988e6-d732-42b7-a0ee-62d3ca1ef2f1-impl-thread1] INFO  server.RaftServer (RaftServerProxy.java:initGroupDir(264)) - 6d1988e6-d732-42b7-a0ee-62d3ca1ef2f1: found a subdirectory /home/runner/work/ozone/ozone/hadoop-ozone/integration-test/target/test-dir/MiniOzoneClusterImpl-075da85a-61fc-4f3b-aaa6-f3afee0da340/ozone-meta/datanode-3/ratis/971eb6a1-a86e-412f-b85a-28b75bc60a14
2024-02-27 21:40:02,911 [6d1988e6-d732-42b7-a0ee-62d3ca1ef2f1-impl-thread1] INFO  server.RaftServer (RaftServerProxy.java:addNew(100)) - 6d1988e6-d732-42b7-a0ee-62d3ca1ef2f1: addNew group-28B75BC60A14:[] returns group-28B75BC60A14:java.util.concurrent.CompletableFuture@7285dd1[Not completed]
2024-02-27 21:40:02,911 [6d1988e6-d732-42b7-a0ee-62d3ca1ef2f1-impl-thread1] INFO  server.RaftServer (RaftServerProxy.java:initGroupDir(264)) - 6d1988e6-d732-42b7-a0ee-62d3ca1ef2f1: found a subdirectory /home/runner/work/ozone/ozone/hadoop-ozone/integration-test/target/test-dir/MiniOzoneClusterImpl-075da85a-61fc-4f3b-aaa6-f3afee0da340/ozone-meta/datanode-3/ratis/20419fbb-d945-4096-ad99-59e1f7e51cdf
2024-02-27 21:40:02,911 [6d1988e6-d732-42b7-a0ee-62d3ca1ef2f1-impl-thread1] INFO  server.RaftServer (RaftServerProxy.java:addNew(100)) - 6d1988e6-d732-42b7-a0ee-62d3ca1ef2f1: addNew group-59E1F7E51CDF:[] returns group-59E1F7E51CDF:java.util.concurrent.CompletableFuture@422ad350[Not completed]
2024-02-27 21:40:02,912 [6d1988e6-d732-42b7-a0ee-62d3ca1ef2f1-groupManagement] INFO  server.RaftServer$Division (RaftServerImpl.java:<init>(256)) - 6d1988e6-d732-42b7-a0ee-62d3ca1ef2f1: new RaftServerImpl for group-EE311A528B4F:[] with ContainerStateMachine:uninitialized
2024-02-27 21:40:02,912 [6d1988e6-d732-42b7-a0ee-62d3ca1ef2f1-groupManagement] INFO  server.RaftServerConfigKeys (ConfUtils.java:logGet(46)) - raft.server.rpc.timeout.min = 5s (custom)
2024-02-27 21:40:02,912 [6d1988e6-d732-42b7-a0ee-62d3ca1ef2f1-groupManagement] INFO  server.RaftServerConfigKeys (ConfUtils.java:logGet(46)) - raft.server.rpc.timeout.max = 5200ms (custom)
2024-02-27 21:40:02,912 [6d1988e6-d732-42b7-a0ee-62d3ca1ef2f1-groupManagement] INFO  server.RaftServerConfigKeys (ConfUtils.java:logGet(46)) - raft.server.rpc.sleep.time = 25ms (default)
2024-02-27 21:40:02,912 [6d1988e6-d732-42b7-a0ee-62d3ca1ef2f1-groupManagement] INFO  server.RaftServerConfigKeys (ConfUtils.java:logGet(46)) - raft.server.rpc.slowness.timeout = 300s (custom)
2024-02-27 21:40:02,912 [6d1988e6-d732-42b7-a0ee-62d3ca1ef2f1-groupManagement] INFO  server.RaftServerConfigKeys (ConfUtils.java:logGet(46)) - raft.server.leaderelection.leader.step-down.wait-time = 10s (default)
2024-02-27 21:40:02,912 [6d1988e6-d732-42b7-a0ee-62d3ca1ef2f1-groupManagement] INFO  server.RaftServerConfigKeys (ConfUtils.java:logGet(46)) - raft.server.leaderelection.member.majority-add = false (default)
2024-02-27 21:40:02,912 [6d1988e6-d732-42b7-a0ee-62d3ca1ef2f1-groupManagement] INFO  server.RaftServerConfigKeys (ConfUtils.java:logGet(46)) - raft.server.sleep.deviation.threshold = 300ms (default)
2024-02-27 21:40:02,912 [6d1988e6-d732-42b7-a0ee-62d3ca1ef2f1-groupManagement] INFO  server.RaftServer$Division (ServerState.java:<init>(113)) - 6d1988e6-d732-42b7-a0ee-62d3ca1ef2f1@group-EE311A528B4F: ConfigurationManager, init=-1: peers:[]|listeners:[], old=null, confs=<EMPTY_MAP>
2024-02-27 21:40:02,912 [6d1988e6-d732-42b7-a0ee-62d3ca1ef2f1-groupManagement] INFO  server.RaftServerConfigKeys (ConfUtils.java:logGet(46)) - raft.server.notification.no-leader.timeout = 300s (custom)
2024-02-27 21:40:02,912 [6d1988e6-d732-42b7-a0ee-62d3ca1ef2f1-groupManagement] INFO  server.RaftServerConfigKeys (ConfUtils.java:logGet(46)) - raft.server.read.timeout = 10s (default)
2024-02-27 21:40:02,912 [6d1988e6-d732-42b7-a0ee-62d3ca1ef2f1-groupManagement] INFO  server.RaftServerConfigKeys (ConfUtils.java:logGet(46)) - raft.server.retrycache.expirytime = 600000ms (custom)
2024-02-27 21:40:02,912 [6d1988e6-d732-42b7-a0ee-62d3ca1ef2f1-groupManagement] INFO  server.RaftServerConfigKeys (ConfUtils.java:logGet(46)) - raft.server.retrycache.statistics.expirytime = 100ms (default)
2024-02-27 21:40:02,913 [6d1988e6-d732-42b7-a0ee-62d3ca1ef2f1-groupManagement] INFO  server.RaftServerConfigKeys (ConfUtils.java:logGet(46)) - raft.server.read.option = DEFAULT (default)
2024-02-27 21:40:02,913 [6d1988e6-d732-42b7-a0ee-62d3ca1ef2f1-groupManagement] INFO  server.RaftServerConfigKeys (ConfUtils.java:logGet(46)) - raft.server.read.read-after-write-consistent.write-index-cache.expiry-time = 60s (default)
2024-02-27 21:40:02,913 [main] INFO  replication.ReplicationServer (ReplicationServer.java:<init>(86)) - Initializing replication server with thread count = 10 queue length = 4096
2024-02-27 21:40:02,914 [6d1988e6-d732-42b7-a0ee-62d3ca1ef2f1-groupManagement] INFO  server.RaftServerConfigKeys (ConfUtils.java:logGet(46)) - raft.server.rpc.request.timeout = 60s (custom)
2024-02-27 21:40:02,914 [6d1988e6-d732-42b7-a0ee-62d3ca1ef2f1-groupManagement] INFO  server.RaftServerConfigKeys (ConfUtils.java:logGet(46)) - raft.server.log.appender.install.snapshot.enabled = false (custom)
2024-02-27 21:40:02,914 [6d1988e6-d732-42b7-a0ee-62d3ca1ef2f1-groupManagement] INFO  server.RaftServerConfigKeys (ConfUtils.java:logGet(46)) - raft.server.threadpool.server.cached = true (default)
2024-02-27 21:40:02,914 [6d1988e6-d732-42b7-a0ee-62d3ca1ef2f1-groupManagement] INFO  server.RaftServerConfigKeys (ConfUtils.java:logGet(46)) - raft.server.threadpool.server.size = 0 (default)
2024-02-27 21:40:02,914 [6d1988e6-d732-42b7-a0ee-62d3ca1ef2f1-groupManagement] INFO  server.RaftServerConfigKeys (ConfUtils.java:logGet(46)) - raft.server.threadpool.client.cached = true (default)
2024-02-27 21:40:02,914 [6d1988e6-d732-42b7-a0ee-62d3ca1ef2f1-groupManagement] INFO  server.RaftServerConfigKeys (ConfUtils.java:logGet(46)) - raft.server.threadpool.client.size = 0 (default)
2024-02-27 21:40:02,915 [6d1988e6-d732-42b7-a0ee-62d3ca1ef2f1-groupManagement] INFO  server.RaftServer$Division (RaftServerImpl.java:<init>(256)) - 6d1988e6-d732-42b7-a0ee-62d3ca1ef2f1: new RaftServerImpl for group-28B75BC60A14:[] with ContainerStateMachine:uninitialized
2024-02-27 21:40:02,915 [6d1988e6-d732-42b7-a0ee-62d3ca1ef2f1-groupManagement] INFO  server.RaftServerConfigKeys (ConfUtils.java:logGet(46)) - raft.server.rpc.timeout.min = 5s (custom)
2024-02-27 21:40:02,915 [6d1988e6-d732-42b7-a0ee-62d3ca1ef2f1-groupManagement] INFO  server.RaftServerConfigKeys (ConfUtils.java:logGet(46)) - raft.server.rpc.timeout.max = 5200ms (custom)
2024-02-27 21:40:02,915 [6d1988e6-d732-42b7-a0ee-62d3ca1ef2f1-groupManagement] INFO  server.RaftServerConfigKeys (ConfUtils.java:logGet(46)) - raft.server.rpc.sleep.time = 25ms (default)
2024-02-27 21:40:02,915 [6d1988e6-d732-42b7-a0ee-62d3ca1ef2f1-groupManagement] INFO  server.RaftServerConfigKeys (ConfUtils.java:logGet(46)) - raft.server.rpc.slowness.timeout = 300s (custom)
2024-02-27 21:40:02,915 [6d1988e6-d732-42b7-a0ee-62d3ca1ef2f1-groupManagement] INFO  server.RaftServerConfigKeys (ConfUtils.java:logGet(46)) - raft.server.leaderelection.leader.step-down.wait-time = 10s (default)
2024-02-27 21:40:02,915 [6d1988e6-d732-42b7-a0ee-62d3ca1ef2f1-groupManagement] INFO  server.RaftServerConfigKeys (ConfUtils.java:logGet(46)) - raft.server.leaderelection.member.majority-add = false (default)
2024-02-27 21:40:02,915 [6d1988e6-d732-42b7-a0ee-62d3ca1ef2f1-groupManagement] INFO  server.RaftServerConfigKeys (ConfUtils.java:logGet(46)) - raft.server.sleep.deviation.threshold = 300ms (default)
2024-02-27 21:40:02,916 [6d1988e6-d732-42b7-a0ee-62d3ca1ef2f1-groupManagement] INFO  server.RaftServer$Division (ServerState.java:<init>(113)) - 6d1988e6-d732-42b7-a0ee-62d3ca1ef2f1@group-28B75BC60A14: ConfigurationManager, init=-1: peers:[]|listeners:[], old=null, confs=<EMPTY_MAP>
2024-02-27 21:40:02,916 [6d1988e6-d732-42b7-a0ee-62d3ca1ef2f1-groupManagement] INFO  server.RaftServerConfigKeys (ConfUtils.java:logGet(46)) - raft.server.notification.no-leader.timeout = 300s (custom)
2024-02-27 21:40:02,916 [6d1988e6-d732-42b7-a0ee-62d3ca1ef2f1-groupManagement] INFO  server.RaftServerConfigKeys (ConfUtils.java:logGet(46)) - raft.server.read.timeout = 10s (default)
2024-02-27 21:40:02,916 [6d1988e6-d732-42b7-a0ee-62d3ca1ef2f1-groupManagement] INFO  server.RaftServerConfigKeys (ConfUtils.java:logGet(46)) - raft.server.retrycache.expirytime = 600000ms (custom)
2024-02-27 21:40:02,916 [6d1988e6-d732-42b7-a0ee-62d3ca1ef2f1-groupManagement] INFO  server.RaftServerConfigKeys (ConfUtils.java:logGet(46)) - raft.server.retrycache.statistics.expirytime = 100ms (default)
2024-02-27 21:40:02,916 [6d1988e6-d732-42b7-a0ee-62d3ca1ef2f1-groupManagement] INFO  server.RaftServerConfigKeys (ConfUtils.java:logGet(46)) - raft.server.read.option = DEFAULT (default)
2024-02-27 21:40:02,916 [6d1988e6-d732-42b7-a0ee-62d3ca1ef2f1-groupManagement] INFO  server.RaftServerConfigKeys (ConfUtils.java:logGet(46)) - raft.server.read.read-after-write-consistent.write-index-cache.expiry-time = 60s (default)
2024-02-27 21:40:02,915 [main] INFO  server.XceiverServerGrpc (XceiverServerGrpc.java:<init>(141)) - GrpcServer channel type EpollServerSocketChannel
2024-02-27 21:40:02,917 [6d1988e6-d732-42b7-a0ee-62d3ca1ef2f1-groupManagement] INFO  server.RaftServerConfigKeys (ConfUtils.java:logGet(46)) - raft.server.rpc.request.timeout = 60s (custom)
2024-02-27 21:40:02,917 [6d1988e6-d732-42b7-a0ee-62d3ca1ef2f1-groupManagement] INFO  server.RaftServerConfigKeys (ConfUtils.java:logGet(46)) - raft.server.log.appender.install.snapshot.enabled = false (custom)
2024-02-27 21:40:02,917 [6d1988e6-d732-42b7-a0ee-62d3ca1ef2f1-groupManagement] INFO  server.RaftServerConfigKeys (ConfUtils.java:logGet(46)) - raft.server.threadpool.server.cached = true (default)
2024-02-27 21:40:02,918 [6d1988e6-d732-42b7-a0ee-62d3ca1ef2f1-groupManagement] INFO  server.RaftServerConfigKeys (ConfUtils.java:logGet(46)) - raft.server.threadpool.server.size = 0 (default)
2024-02-27 21:40:02,918 [6d1988e6-d732-42b7-a0ee-62d3ca1ef2f1-groupManagement] INFO  server.RaftServerConfigKeys (ConfUtils.java:logGet(46)) - raft.server.threadpool.client.cached = true (default)
2024-02-27 21:40:02,918 [6d1988e6-d732-42b7-a0ee-62d3ca1ef2f1-groupManagement] INFO  server.RaftServerConfigKeys (ConfUtils.java:logGet(46)) - raft.server.threadpool.client.size = 0 (default)
2024-02-27 21:40:02,918 [6d1988e6-d732-42b7-a0ee-62d3ca1ef2f1-groupManagement] INFO  server.RaftServer$Division (RaftServerImpl.java:<init>(256)) - 6d1988e6-d732-42b7-a0ee-62d3ca1ef2f1: new RaftServerImpl for group-59E1F7E51CDF:[] with ContainerStateMachine:uninitialized
2024-02-27 21:40:02,918 [6d1988e6-d732-42b7-a0ee-62d3ca1ef2f1-groupManagement] INFO  server.RaftServerConfigKeys (ConfUtils.java:logGet(46)) - raft.server.rpc.timeout.min = 5s (custom)
2024-02-27 21:40:02,918 [6d1988e6-d732-42b7-a0ee-62d3ca1ef2f1-groupManagement] INFO  server.RaftServerConfigKeys (ConfUtils.java:logGet(46)) - raft.server.rpc.timeout.max = 5200ms (custom)
2024-02-27 21:40:02,918 [6d1988e6-d732-42b7-a0ee-62d3ca1ef2f1-groupManagement] INFO  server.RaftServerConfigKeys (ConfUtils.java:logGet(46)) - raft.server.rpc.sleep.time = 25ms (default)
2024-02-27 21:40:02,918 [6d1988e6-d732-42b7-a0ee-62d3ca1ef2f1-groupManagement] INFO  server.RaftServerConfigKeys (ConfUtils.java:logGet(46)) - raft.server.rpc.slowness.timeout = 300s (custom)
2024-02-27 21:40:02,919 [6d1988e6-d732-42b7-a0ee-62d3ca1ef2f1-groupManagement] INFO  server.RaftServerConfigKeys (ConfUtils.java:logGet(46)) - raft.server.leaderelection.leader.step-down.wait-time = 10s (default)
2024-02-27 21:40:02,919 [6d1988e6-d732-42b7-a0ee-62d3ca1ef2f1-groupManagement] INFO  server.RaftServerConfigKeys (ConfUtils.java:logGet(46)) - raft.server.leaderelection.member.majority-add = false (default)
2024-02-27 21:40:02,919 [6d1988e6-d732-42b7-a0ee-62d3ca1ef2f1-groupManagement] INFO  server.RaftServerConfigKeys (ConfUtils.java:logGet(46)) - raft.server.sleep.deviation.threshold = 300ms (default)
2024-02-27 21:40:02,919 [6d1988e6-d732-42b7-a0ee-62d3ca1ef2f1-groupManagement] INFO  server.RaftServer$Division (ServerState.java:<init>(113)) - 6d1988e6-d732-42b7-a0ee-62d3ca1ef2f1@group-59E1F7E51CDF: ConfigurationManager, init=-1: peers:[]|listeners:[], old=null, confs=<EMPTY_MAP>
2024-02-27 21:40:02,919 [6d1988e6-d732-42b7-a0ee-62d3ca1ef2f1-groupManagement] INFO  server.RaftServerConfigKeys (ConfUtils.java:logGet(46)) - raft.server.notification.no-leader.timeout = 300s (custom)
2024-02-27 21:40:02,919 [6d1988e6-d732-42b7-a0ee-62d3ca1ef2f1-groupManagement] INFO  server.RaftServerConfigKeys (ConfUtils.java:logGet(46)) - raft.server.read.timeout = 10s (default)
2024-02-27 21:40:02,919 [6d1988e6-d732-42b7-a0ee-62d3ca1ef2f1-groupManagement] INFO  server.RaftServerConfigKeys (ConfUtils.java:logGet(46)) - raft.server.retrycache.expirytime = 600000ms (custom)
2024-02-27 21:40:02,919 [6d1988e6-d732-42b7-a0ee-62d3ca1ef2f1-groupManagement] INFO  server.RaftServerConfigKeys (ConfUtils.java:logGet(46)) - raft.server.retrycache.statistics.expirytime = 100ms (default)
2024-02-27 21:40:02,919 [6d1988e6-d732-42b7-a0ee-62d3ca1ef2f1-groupManagement] INFO  server.RaftServerConfigKeys (ConfUtils.java:logGet(46)) - raft.server.read.option = DEFAULT (default)
2024-02-27 21:40:02,919 [6d1988e6-d732-42b7-a0ee-62d3ca1ef2f1-groupManagement] INFO  server.RaftServerConfigKeys (ConfUtils.java:logGet(46)) - raft.server.read.read-after-write-consistent.write-index-cache.expiry-time = 60s (default)
2024-02-27 21:40:02,920 [6d1988e6-d732-42b7-a0ee-62d3ca1ef2f1-groupManagement] INFO  server.RaftServerConfigKeys (ConfUtils.java:logGet(46)) - raft.server.rpc.request.timeout = 60s (custom)
2024-02-27 21:40:02,921 [6d1988e6-d732-42b7-a0ee-62d3ca1ef2f1-groupManagement] INFO  server.RaftServerConfigKeys (ConfUtils.java:logGet(46)) - raft.server.log.appender.install.snapshot.enabled = false (custom)
2024-02-27 21:40:02,921 [6d1988e6-d732-42b7-a0ee-62d3ca1ef2f1-groupManagement] INFO  server.RaftServerConfigKeys (ConfUtils.java:logGet(46)) - raft.server.threadpool.server.cached = true (default)
2024-02-27 21:40:02,921 [6d1988e6-d732-42b7-a0ee-62d3ca1ef2f1-groupManagement] INFO  server.RaftServerConfigKeys (ConfUtils.java:logGet(46)) - raft.server.threadpool.server.size = 0 (default)
2024-02-27 21:40:02,921 [6d1988e6-d732-42b7-a0ee-62d3ca1ef2f1-groupManagement] INFO  server.RaftServerConfigKeys (ConfUtils.java:logGet(46)) - raft.server.threadpool.client.cached = true (default)
2024-02-27 21:40:02,921 [6d1988e6-d732-42b7-a0ee-62d3ca1ef2f1-groupManagement] INFO  server.RaftServerConfigKeys (ConfUtils.java:logGet(46)) - raft.server.threadpool.client.size = 0 (default)
2024-02-27 21:40:02,922 [main] INFO  replication.ReplicationSupervisor (ReplicationSupervisor.java:build(163)) - Initializing replication supervisor with thread count = 10
2024-02-27 21:40:02,922 [main] INFO  replication.ReplicationSupervisor (ReplicationSupervisor.java:nodeStateUpdated(317)) - Node state updated to IN_SERVICE, scaling executor pool size to 10
2024-02-27 21:40:02,923 [main] INFO  http.BaseHttpServer (BaseHttpServer.java:newHttpServer2BuilderForOzone(223)) - Starting Web-server for hddsDatanode at: http://0.0.0.0:15089
2024-02-27 21:40:02,924 [main] INFO  http.BaseHttpServer (BaseHttpServer.java:<init>(110)) - Hadoop Security Enabled: false Ozone Security Enabled: false Ozone HTTP Security Enabled: false 
2024-02-27 21:40:02,925 [main] WARN  server.AuthenticationFilter (AuthenticationFilter.java:constructSecretProvider(240)) - Unable to initialize FileSignerSecretProvider, falling back to use random secrets. Reason: Could not read signature secret file: /home/runner/hadoop-http-auth-signature-secret
2024-02-27 21:40:02,926 [main] INFO  http.HttpRequestLog (HttpRequestLog.java:getRequestLog(86)) - Http request log for http.requests.hddsDatanode is not defined
2024-02-27 21:40:02,927 [main] INFO  http.HttpServer2 (HttpServer2.java:addGlobalFilter(1036)) - Added global filter 'safety' (class=org.apache.hadoop.hdds.server.http.HttpServer2$QuotingInputFilter)
2024-02-27 21:40:02,927 [main] INFO  http.HttpServer2 (HttpServer2.java:addFilter(1012)) - Added filter static_user_filter (class=org.apache.hadoop.http.lib.StaticUserWebFilter$StaticUserFilter) to context hddsDatanode
2024-02-27 21:40:02,928 [main] INFO  http.HttpServer2 (HttpServer2.java:addFilter(1020)) - Added filter static_user_filter (class=org.apache.hadoop.http.lib.StaticUserWebFilter$StaticUserFilter) to context static
2024-02-27 21:40:02,928 [main] INFO  http.HttpServer2 (HttpServer2.java:addFilter(1020)) - Added filter static_user_filter (class=org.apache.hadoop.http.lib.StaticUserWebFilter$StaticUserFilter) to context logs
2024-02-27 21:40:02,929 [main] INFO  http.BaseHttpServer (BaseHttpServer.java:<init>(189)) - HTTP server of hddsDatanode uses base directory /home/runner/work/ozone/ozone/hadoop-ozone/integration-test/target/test-dir/MiniOzoneClusterImpl-075da85a-61fc-4f3b-aaa6-f3afee0da340/ozone-meta/datanode-3/meta/webserver
2024-02-27 21:40:02,929 [main] INFO  http.HttpServer2 (HttpServer2.java:bindListener(1236)) - Jetty bound to port 15089
2024-02-27 21:40:02,929 [main] INFO  server.Server (Server.java:doStart(375)) - jetty-9.4.53.v20231009; built: 2023-10-09T12:29:09.265Z; git: 27bde00a0b95a1d5bbee0eae7984f891d2d0f8c9; jvm 1.8.0_402-b06
2024-02-27 21:40:02,934 [main] INFO  server.session (DefaultSessionIdManager.java:doStart(334)) - DefaultSessionIdManager workerName=node0
2024-02-27 21:40:02,934 [main] INFO  server.session (DefaultSessionIdManager.java:doStart(339)) - No SessionScavenger set, using defaults
2024-02-27 21:40:02,934 [main] INFO  server.session (HouseKeeper.java:startScavenging(132)) - node0 Scavenging every 660000ms
2024-02-27 21:40:02,935 [main] INFO  handler.ContextHandler (ContextHandler.java:doStart(921)) - Started o.e.j.s.ServletContextHandler@4e1e8e61{logs,/logs,file:///home/runner/work/ozone/ozone/hadoop-ozone/integration-test/target/log,AVAILABLE}
2024-02-27 21:40:02,936 [main] INFO  handler.ContextHandler (ContextHandler.java:doStart(921)) - Started o.e.j.s.ServletContextHandler@61f57ce1{static,/static,jar:file:/home/runner/.m2/repository/org/apache/ozone/hdds-container-service/1.5.0-SNAPSHOT/hdds-container-service-1.5.0-SNAPSHOT.jar!/webapps/static,AVAILABLE}
2024-02-27 21:40:02,970 [main] INFO  handler.ContextHandler (ContextHandler.java:doStart(921)) - Started o.e.j.w.WebAppContext@5b7437a8{hddsDatanode,/,file:///home/runner/work/ozone/ozone/hadoop-ozone/integration-test/target/test-dir/MiniOzoneClusterImpl-075da85a-61fc-4f3b-aaa6-f3afee0da340/ozone-meta/datanode-3/meta/webserver/jetty-0_0_0_0-15089-hdds-container-service-1_5_0-SNAPSHOT_jar-_-any-4616250133702397700/webapp/,AVAILABLE}{jar:file:/home/runner/.m2/repository/org/apache/ozone/hdds-container-service/1.5.0-SNAPSHOT/hdds-container-service-1.5.0-SNAPSHOT.jar!/webapps/hddsDatanode}
2024-02-27 21:40:02,974 [main] INFO  server.AbstractConnector (AbstractConnector.java:doStart(333)) - Started ServerConnector@6b1c1211{HTTP/1.1, (http/1.1)}{0.0.0.0:15089}
2024-02-27 21:40:02,974 [main] INFO  server.Server (Server.java:doStart(415)) - Started @213318ms
2024-02-27 21:40:02,974 [main] WARN  impl.MetricsSystemImpl (MetricsSystemImpl.java:register(279)) - Sink prometheus already exists!
2024-02-27 21:40:02,975 [main] INFO  http.BaseHttpServer (BaseHttpServer.java:updateConnectorAddress(354)) - HTTP server of hddsDatanode listening at http://0.0.0.0:15089
2024-02-27 21:40:02,975 [main] INFO  ipc.CallQueueManager (CallQueueManager.java:<init>(90)) - Using callQueue: class java.util.concurrent.LinkedBlockingQueue, queueCapacity: 100, scheduler: class org.apache.hadoop.ipc.DefaultRpcScheduler, ipcBackoff: false.
2024-02-27 21:40:02,976 [main] INFO  ipc.Server (Server.java:<init>(1287)) - Listener at 0.0.0.0:15090
2024-02-27 21:40:02,978 [Socket Reader #1 for port 15090] INFO  ipc.Server (Server.java:run(1323)) - Starting Socket Reader #1 for port 15090
2024-02-27 21:40:02,983 [main] INFO  ozone.HddsDatanodeService (HddsDatanodeService.java:start(327)) - Datanode start with admins: [runner]
2024-02-27 21:40:02,983 [main] INFO  ozone.HddsDatanodeClientProtocolServer (HddsDatanodeClientProtocolServer.java:start(77)) - RPC server for Client /0.0.0.0:15090
2024-02-27 21:40:02,986 [IPC Server Responder] INFO  ipc.Server (Server.java:run(1562)) - IPC Server Responder: starting
2024-02-27 21:40:02,993 [6d1988e6-d732-42b7-a0ee-62d3ca1ef2f1-DatanodeStateMachineDaemonThread] INFO  statemachine.DatanodeStateMachine (DatanodeStateMachine.java:lambda$startDaemon$1(555)) - Ozone container server started.
2024-02-27 21:40:02,999 [6d1988e6-d732-42b7-a0ee-62d3ca1ef2f1-DatanodeStateMachineTaskThread-0] INFO  datanode.InitDatanodeState (InitDatanodeState.java:persistContainerDatanodeDetails(139)) - DatanodeDetails is persisted to /home/runner/work/ozone/ozone/hadoop-ozone/integration-test/target/test-dir/MiniOzoneClusterImpl-075da85a-61fc-4f3b-aaa6-f3afee0da340/ozone-meta/datanode-3/meta/datanode.id
2024-02-27 21:40:03,000 [IPC Server listener on 15090] INFO  ipc.Server (Server.java:run(1402)) - IPC Server listener on 15090: starting
2024-02-27 21:40:03,002 [main] INFO  ozone.MiniOzoneClusterImpl (MiniOzoneClusterImpl.java:shutdown(397)) - Shutting down the Mini Ozone Cluster
2024-02-27 21:40:03,002 [main] INFO  db.CodecTestUtil (CodecTestUtil.java:gc(50)) - gc 0
2024-02-27 21:40:03,227 [RatisPipelineUtilsThread-0] ERROR pipeline.PipelinePlacementPolicy (PipelinePlacementPolicy.java:filterViableNodes(143)) - No healthy node found to allocate container.
2024-02-27 21:40:03,302 [main] INFO  ozone.MiniOzoneClusterImpl (MiniOzoneClusterImpl.java:stop(413)) - Stopping the Mini Ozone Cluster
2024-02-27 21:40:03,302 [main] INFO  om.OzoneManager (OzoneManager.java:stop(2203)) - om1[localhost:15066]: Stopping Ozone Manager
2024-02-27 21:40:03,303 [main] INFO  ipc.Server (Server.java:stop(3523)) - Stopping server on 15066
2024-02-27 21:40:03,306 [IPC Server Responder] INFO  ipc.Server (Server.java:run(1567)) - Stopping IPC Server Responder
2024-02-27 21:40:03,306 [IPC Server listener on 15066] INFO  ipc.Server (Server.java:run(1434)) - Stopping IPC Server listener on 15066
2024-02-27 21:40:03,306 [main] INFO  ratis.OzoneManagerRatisServer (OzoneManagerRatisServer.java:stop(594)) - Stopping org.apache.hadoop.ozone.om.ratis.OzoneManagerRatisServer@75bf619c at port 15069
2024-02-27 21:40:03,306 [main] INFO  server.RaftServer (RaftServerProxy.java:lambda$close$9(416)) - om1: close
2024-02-27 21:40:03,308 [main] INFO  server.GrpcService (GrpcService.java:closeImpl(311)) - om1: shutdown server GrpcServerProtocolService now
2024-02-27 21:40:03,308 [om1-impl-thread2] INFO  server.RaftServer$Division (RaftServerImpl.java:lambda$close$3(526)) - om1@group-C5BA1605619E: shutdown
2024-02-27 21:40:03,309 [main] INFO  server.GrpcService (GrpcService.java:closeImpl(320)) - om1: shutdown server GrpcServerProtocolService successfully
2024-02-27 21:40:03,309 [om1-impl-thread2] INFO  util.JmxRegister (JmxRegister.java:unregister(73)) - Successfully un-registered JMX Bean with object name Ratis:service=RaftServer,group=group-C5BA1605619E,id=om1
2024-02-27 21:40:03,309 [om1-impl-thread2] INFO  impl.RoleInfo (RoleInfo.java:shutdownLeaderState(94)) - om1: shutdown om1@group-C5BA1605619E-LeaderStateImpl
2024-02-27 21:40:03,309 [om1-impl-thread2] INFO  impl.PendingRequests (PendingRequests.java:sendNotLeaderResponses(289)) - om1@group-C5BA1605619E-PendingRequests: sendNotLeaderResponses
2024-02-27 21:40:03,309 [om1-impl-thread2] INFO  impl.StateMachineUpdater (StateMachineUpdater.java:stopAndJoin(157)) - om1@group-C5BA1605619E-StateMachineUpdater: set stopIndex = 0
2024-02-27 21:40:03,309 [om1@group-C5BA1605619E-StateMachineUpdater] INFO  ratis.OzoneManagerStateMachine (OzoneManagerStateMachine.java:takeSnapshotImpl(469)) -  applied = (t:0, i:~)
2024-02-27 21:40:03,310 [om1@group-C5BA1605619E-StateMachineUpdater] INFO  ratis.OzoneManagerStateMachine (OzoneManagerStateMachine.java:takeSnapshotImpl(470)) -  skipped = -1
2024-02-27 21:40:03,310 [om1@group-C5BA1605619E-StateMachineUpdater] INFO  ratis.OzoneManagerStateMachine (OzoneManagerStateMachine.java:takeSnapshotImpl(471)) - notified = (t:1, i:0)
2024-02-27 21:40:03,310 [om1@group-C5BA1605619E-StateMachineUpdater] INFO  ratis.OzoneManagerStateMachine (OzoneManagerStateMachine.java:takeSnapshotImpl(472)) - snapshot = (t:1, i:0)
2024-02-27 21:40:03,318 [om1@group-C5BA1605619E-StateMachineUpdater] INFO  impl.StateMachineUpdater (StateMachineUpdater.java:takeSnapshot(295)) - om1@group-C5BA1605619E-StateMachineUpdater: Took a snapshot at index 0
2024-02-27 21:40:03,318 [om1@group-C5BA1605619E-StateMachineUpdater] INFO  impl.StateMachineUpdater (StateMachineUpdater.java:lambda$new$0(98)) - om1@group-C5BA1605619E-StateMachineUpdater: snapshotIndex: updateIncreasingly -1 -> 0
2024-02-27 21:40:03,318 [om1@group-C5BA1605619E-StateMachineUpdater] INFO  ratis.OzoneManagerStateMachine (OzoneManagerStateMachine.java:close(515)) - Stopping OzoneManagerStateMachine:om1:group-C5BA1605619E.
2024-02-27 21:40:03,318 [om1@group-C5BA1605619E-StateMachineUpdater] INFO  ratis.OzoneManagerDoubleBuffer (OzoneManagerDoubleBuffer.java:stopDaemon(514)) - Stopping OMDoubleBuffer flush thread
2024-02-27 21:40:03,318 [om1-OMDoubleBufferFlushThread] INFO  ratis.OzoneManagerDoubleBuffer (OzoneManagerDoubleBuffer.java:canFlush(578)) - OMDoubleBuffer flush thread om1-OMDoubleBufferFlushThread is interrupted and will exit.
2024-02-27 21:40:03,319 [om1-impl-thread2] INFO  server.RaftServer$Division (ServerState.java:close(427)) - om1@group-C5BA1605619E: applyIndex: -1
2024-02-27 21:40:03,319 [om1@group-C5BA1605619E-cacheEviction-AwaitToRun] INFO  util.AwaitToRun (AwaitToRun.java:run(49)) - om1@group-C5BA1605619E-cacheEviction-AwaitToRun-AwaitForSignal is interrupted
2024-02-27 21:40:03,728 [RatisPipelineUtilsThread-0] ERROR pipeline.PipelinePlacementPolicy (PipelinePlacementPolicy.java:filterViableNodes(143)) - No healthy node found to allocate container.
2024-02-27 21:40:04,228 [RatisPipelineUtilsThread-0] ERROR pipeline.PipelinePlacementPolicy (PipelinePlacementPolicy.java:filterViableNodes(143)) - No healthy node found to allocate container.
2024-02-27 21:40:04,283 [om1-impl-thread2] INFO  segmented.SegmentedRaftLogWorker (SegmentedRaftLogWorker.java:close(245)) - om1@group-C5BA1605619E-SegmentedRaftLogWorker close()
2024-02-27 21:40:04,283 [JvmPauseMonitor9] INFO  util.JvmPauseMonitor (JvmPauseMonitor.java:run(152)) - JvmPauseMonitor-om1: Stopped
2024-02-27 21:40:04,284 [main] INFO  utils.BackgroundService (BackgroundService.java:shutdown(160)) - Shutting down service KeyDeletingService
2024-02-27 21:40:04,284 [main] INFO  utils.BackgroundService (BackgroundService.java:shutdown(160)) - Shutting down service DirectoryDeletingService
2024-02-27 21:40:04,284 [main] INFO  utils.BackgroundService (BackgroundService.java:shutdown(160)) - Shutting down service OpenKeyCleanupService
2024-02-27 21:40:04,284 [main] INFO  utils.BackgroundService (BackgroundService.java:shutdown(160)) - Shutting down service SstFilteringService
2024-02-27 21:40:04,285 [main] INFO  utils.BackgroundService (BackgroundService.java:shutdown(160)) - Shutting down service SnapshotDeletingService
2024-02-27 21:40:04,285 [main] INFO  utils.BackgroundService (BackgroundService.java:shutdown(160)) - Shutting down service MultipartUploadCleanupService
2024-02-27 21:40:04,285 [main] INFO  utils.BackgroundService (BackgroundService.java:shutdown(160)) - Shutting down service SnapshotDirectoryCleaningService
2024-02-27 21:40:04,286 [main] INFO  handler.ContextHandler (ContextHandler.java:doStop(1159)) - Stopped o.e.j.w.WebAppContext@71fbfa85{ozoneManager,/,null,STOPPED}{file:/home/runner/work/ozone/ozone/hadoop-ozone/integration-test/target/test-classes/webapps/ozoneManager}
2024-02-27 21:40:04,286 [main] INFO  server.AbstractConnector (AbstractConnector.java:doStop(383)) - Stopped ServerConnector@332abea0{HTTP/1.1, (http/1.1)}{0.0.0.0:15067}
2024-02-27 21:40:04,286 [main] INFO  server.session (HouseKeeper.java:stopScavenging(149)) - node0 Stopped scavenging
2024-02-27 21:40:04,287 [main] INFO  handler.ContextHandler (ContextHandler.java:doStop(1159)) - Stopped o.e.j.s.ServletContextHandler@16fc5b23{static,/static,file:///home/runner/work/ozone/ozone/hadoop-ozone/integration-test/target/test-classes/webapps/static,STOPPED}
2024-02-27 21:40:04,287 [main] INFO  handler.ContextHandler (ContextHandler.java:doStop(1159)) - Stopped o.e.j.s.ServletContextHandler@1968bd52{logs,/logs,file:///home/runner/work/ozone/ozone/hadoop-ozone/integration-test/target/log,STOPPED}
2024-02-27 21:40:04,288 [main] INFO  rocksdiff.RocksDBCheckpointDiffer (RocksDBCheckpointDiffer.java:close(310)) - Shutting down CompactionDagPruningService.
2024-02-27 21:40:04,289 [main] INFO  snapshot.SnapshotDiffManager (SnapshotDiffManager.java:closeExecutorService(1657)) - Shutting down executorService: 'SnapDiffExecutor'
2024-02-27 21:40:04,289 [main] INFO  utils.BackgroundService (BackgroundService.java:shutdown(160)) - Shutting down service SnapshotDiffCleanupService
2024-02-27 21:40:04,290 [main] INFO  ozone.MiniOzoneClusterImpl (MiniOzoneClusterImpl.java:stopDatanodes(472)) - Stopping the HddsDatanodes
2024-02-27 21:40:04,292 [ForkJoinPool.commonPool-worker-0] INFO  ozoneimpl.OzoneContainer (OzoneContainer.java:stop(481)) - Attempting to stop container services.
2024-02-27 21:40:04,292 [ForkJoinPool.commonPool-worker-0] INFO  utils.DatanodeStoreCache (DatanodeStoreCache.java:shutdownCache(116)) - Skip clearing cache in mini cluster mode. Entries left: [/home/runner/work/ozone/ozone/hadoop-ozone/integration-test/target/test-dir/MiniOzoneClusterImpl-075da85a-61fc-4f3b-aaa6-f3afee0da340/ozone-meta/datanode-1/data-0/hdds/075da85a-61fc-4f3b-aaa6-f3afee0da340/DS-be1b7d41-66c9-4cd6-bb70-1a0b9b827bd9/container.db, /home/runner/work/ozone/ozone/hadoop-ozone/integration-test/target/test-dir/MiniOzoneClusterImpl-075da85a-61fc-4f3b-aaa6-f3afee0da340/ozone-meta/datanode-2/data-0/hdds/075da85a-61fc-4f3b-aaa6-f3afee0da340/DS-1b4858d1-6d5f-47c3-8f44-4058ea9a21ce/container.db, /home/runner/work/ozone/ozone/hadoop-ozone/integration-test/target/test-dir/MiniOzoneClusterImpl-075da85a-61fc-4f3b-aaa6-f3afee0da340/ozone-meta/datanode-3/data-0/hdds/075da85a-61fc-4f3b-aaa6-f3afee0da340/DS-cfa68d1b-8c71-412d-ad37-74cac7a788d2/container.db]
2024-02-27 21:40:04,294 [ForkJoinPool.commonPool-worker-1] INFO  ozoneimpl.OzoneContainer (OzoneContainer.java:stop(481)) - Attempting to stop container services.
2024-02-27 21:40:04,295 [ForkJoinPool.commonPool-worker-1] INFO  utils.DatanodeStoreCache (DatanodeStoreCache.java:shutdownCache(116)) - Skip clearing cache in mini cluster mode. Entries left: [/home/runner/work/ozone/ozone/hadoop-ozone/integration-test/target/test-dir/MiniOzoneClusterImpl-075da85a-61fc-4f3b-aaa6-f3afee0da340/ozone-meta/datanode-2/data-0/hdds/075da85a-61fc-4f3b-aaa6-f3afee0da340/DS-1b4858d1-6d5f-47c3-8f44-4058ea9a21ce/container.db, /home/runner/work/ozone/ozone/hadoop-ozone/integration-test/target/test-dir/MiniOzoneClusterImpl-075da85a-61fc-4f3b-aaa6-f3afee0da340/ozone-meta/datanode-3/data-0/hdds/075da85a-61fc-4f3b-aaa6-f3afee0da340/DS-cfa68d1b-8c71-412d-ad37-74cac7a788d2/container.db]
2024-02-27 21:40:04,295 [ForkJoinPool.commonPool-worker-0] INFO  utils.DatanodeStoreCache (DatanodeStoreCache.java:removeDB(110)) - Removed db /home/runner/work/ozone/ozone/hadoop-ozone/integration-test/target/test-dir/MiniOzoneClusterImpl-075da85a-61fc-4f3b-aaa6-f3afee0da340/ozone-meta/datanode-1/data-0/hdds/075da85a-61fc-4f3b-aaa6-f3afee0da340/DS-be1b7d41-66c9-4cd6-bb70-1a0b9b827bd9/container.db from cache
2024-02-27 21:40:04,295 [ForkJoinPool.commonPool-worker-0] INFO  volume.HddsVolume (HddsVolume.java:closeDbStore(451)) - SchemaV3 db is stopped at /home/runner/work/ozone/ozone/hadoop-ozone/integration-test/target/test-dir/MiniOzoneClusterImpl-075da85a-61fc-4f3b-aaa6-f3afee0da340/ozone-meta/datanode-1/data-0/hdds/075da85a-61fc-4f3b-aaa6-f3afee0da340/DS-be1b7d41-66c9-4cd6-bb70-1a0b9b827bd9/container.db for volume DS-be1b7d41-66c9-4cd6-bb70-1a0b9b827bd9
2024-02-27 21:40:04,295 [main] INFO  ozoneimpl.OzoneContainer (OzoneContainer.java:stop(481)) - Attempting to stop container services.
2024-02-27 21:40:04,297 [main] INFO  utils.DatanodeStoreCache (DatanodeStoreCache.java:shutdownCache(116)) - Skip clearing cache in mini cluster mode. Entries left: [/home/runner/work/ozone/ozone/hadoop-ozone/integration-test/target/test-dir/MiniOzoneClusterImpl-075da85a-61fc-4f3b-aaa6-f3afee0da340/ozone-meta/datanode-2/data-0/hdds/075da85a-61fc-4f3b-aaa6-f3afee0da340/DS-1b4858d1-6d5f-47c3-8f44-4058ea9a21ce/container.db]
2024-02-27 21:40:04,296 [ForkJoinPool.commonPool-worker-0] INFO  utils.BackgroundService (BackgroundService.java:shutdown(160)) - Shutting down service BlockDeletingService
2024-02-27 21:40:04,297 [ForkJoinPool.commonPool-worker-1] INFO  utils.DatanodeStoreCache (DatanodeStoreCache.java:removeDB(110)) - Removed db /home/runner/work/ozone/ozone/hadoop-ozone/integration-test/target/test-dir/MiniOzoneClusterImpl-075da85a-61fc-4f3b-aaa6-f3afee0da340/ozone-meta/datanode-3/data-0/hdds/075da85a-61fc-4f3b-aaa6-f3afee0da340/DS-cfa68d1b-8c71-412d-ad37-74cac7a788d2/container.db from cache
2024-02-27 21:40:04,297 [ForkJoinPool.commonPool-worker-1] INFO  volume.HddsVolume (HddsVolume.java:closeDbStore(451)) - SchemaV3 db is stopped at /home/runner/work/ozone/ozone/hadoop-ozone/integration-test/target/test-dir/MiniOzoneClusterImpl-075da85a-61fc-4f3b-aaa6-f3afee0da340/ozone-meta/datanode-3/data-0/hdds/075da85a-61fc-4f3b-aaa6-f3afee0da340/DS-cfa68d1b-8c71-412d-ad37-74cac7a788d2/container.db for volume DS-cfa68d1b-8c71-412d-ad37-74cac7a788d2
2024-02-27 21:40:04,297 [ForkJoinPool.commonPool-worker-0] INFO  utils.BackgroundService (BackgroundService.java:shutdown(160)) - Shutting down service StaleRecoveringContainerScrubbingService
2024-02-27 21:40:04,301 [ForkJoinPool.commonPool-worker-1] INFO  utils.BackgroundService (BackgroundService.java:shutdown(160)) - Shutting down service BlockDeletingService
2024-02-27 21:40:04,301 [ForkJoinPool.commonPool-worker-1] INFO  utils.BackgroundService (BackgroundService.java:shutdown(160)) - Shutting down service StaleRecoveringContainerScrubbingService
2024-02-27 21:40:04,302 [main] INFO  utils.DatanodeStoreCache (DatanodeStoreCache.java:removeDB(110)) - Removed db /home/runner/work/ozone/ozone/hadoop-ozone/integration-test/target/test-dir/MiniOzoneClusterImpl-075da85a-61fc-4f3b-aaa6-f3afee0da340/ozone-meta/datanode-2/data-0/hdds/075da85a-61fc-4f3b-aaa6-f3afee0da340/DS-1b4858d1-6d5f-47c3-8f44-4058ea9a21ce/container.db from cache
2024-02-27 21:40:04,303 [main] INFO  volume.HddsVolume (HddsVolume.java:closeDbStore(451)) - SchemaV3 db is stopped at /home/runner/work/ozone/ozone/hadoop-ozone/integration-test/target/test-dir/MiniOzoneClusterImpl-075da85a-61fc-4f3b-aaa6-f3afee0da340/ozone-meta/datanode-2/data-0/hdds/075da85a-61fc-4f3b-aaa6-f3afee0da340/DS-1b4858d1-6d5f-47c3-8f44-4058ea9a21ce/container.db for volume DS-1b4858d1-6d5f-47c3-8f44-4058ea9a21ce
2024-02-27 21:40:04,303 [ForkJoinPool.commonPool-worker-1] INFO  statemachine.DatanodeStateMachine (DatanodeStateMachine.java:stopDaemon(638)) - Ozone container server stopped.
2024-02-27 21:40:04,303 [main] INFO  utils.BackgroundService (BackgroundService.java:shutdown(160)) - Shutting down service BlockDeletingService
2024-02-27 21:40:04,302 [ForkJoinPool.commonPool-worker-0] INFO  statemachine.DatanodeStateMachine (DatanodeStateMachine.java:stopDaemon(638)) - Ozone container server stopped.
2024-02-27 21:40:04,304 [main] INFO  utils.BackgroundService (BackgroundService.java:shutdown(160)) - Shutting down service StaleRecoveringContainerScrubbingService
2024-02-27 21:40:04,305 [ForkJoinPool.commonPool-worker-1] INFO  handler.ContextHandler (ContextHandler.java:doStop(1159)) - Stopped o.e.j.w.WebAppContext@5b7437a8{hddsDatanode,/,null,STOPPED}{jar:file:/home/runner/.m2/repository/org/apache/ozone/hdds-container-service/1.5.0-SNAPSHOT/hdds-container-service-1.5.0-SNAPSHOT.jar!/webapps/hddsDatanode}
2024-02-27 21:40:04,306 [main] INFO  statemachine.DatanodeStateMachine (DatanodeStateMachine.java:stopDaemon(638)) - Ozone container server stopped.
2024-02-27 21:40:04,306 [ForkJoinPool.commonPool-worker-0] INFO  handler.ContextHandler (ContextHandler.java:doStop(1159)) - Stopped o.e.j.w.WebAppContext@55107f4b{hddsDatanode,/,null,STOPPED}{jar:file:/home/runner/.m2/repository/org/apache/ozone/hdds-container-service/1.5.0-SNAPSHOT/hdds-container-service-1.5.0-SNAPSHOT.jar!/webapps/hddsDatanode}
2024-02-27 21:40:04,307 [main] INFO  handler.ContextHandler (ContextHandler.java:doStop(1159)) - Stopped o.e.j.w.WebAppContext@442abccd{hddsDatanode,/,null,STOPPED}{jar:file:/home/runner/.m2/repository/org/apache/ozone/hdds-container-service/1.5.0-SNAPSHOT/hdds-container-service-1.5.0-SNAPSHOT.jar!/webapps/hddsDatanode}
2024-02-27 21:40:04,307 [ForkJoinPool.commonPool-worker-1] INFO  server.AbstractConnector (AbstractConnector.java:doStop(383)) - Stopped ServerConnector@6b1c1211{HTTP/1.1, (http/1.1)}{0.0.0.0:15089}
2024-02-27 21:40:04,307 [main] INFO  server.AbstractConnector (AbstractConnector.java:doStop(383)) - Stopped ServerConnector@53c4af1f{HTTP/1.1, (http/1.1)}{0.0.0.0:15080}
2024-02-27 21:40:04,307 [ForkJoinPool.commonPool-worker-1] INFO  server.session (HouseKeeper.java:stopScavenging(149)) - node0 Stopped scavenging
2024-02-27 21:40:04,307 [main] INFO  server.session (HouseKeeper.java:stopScavenging(149)) - node0 Stopped scavenging
2024-02-27 21:40:04,308 [ForkJoinPool.commonPool-worker-0] INFO  server.AbstractConnector (AbstractConnector.java:doStop(383)) - Stopped ServerConnector@4704680c{HTTP/1.1, (http/1.1)}{0.0.0.0:15071}
2024-02-27 21:40:04,308 [main] INFO  handler.ContextHandler (ContextHandler.java:doStop(1159)) - Stopped o.e.j.s.ServletContextHandler@4355a192{static,/static,jar:file:/home/runner/.m2/repository/org/apache/ozone/hdds-container-service/1.5.0-SNAPSHOT/hdds-container-service-1.5.0-SNAPSHOT.jar!/webapps/static,STOPPED}
2024-02-27 21:40:04,308 [ForkJoinPool.commonPool-worker-0] INFO  server.session (HouseKeeper.java:stopScavenging(149)) - node0 Stopped scavenging
2024-02-27 21:40:04,308 [main] INFO  handler.ContextHandler (ContextHandler.java:doStop(1159)) - Stopped o.e.j.s.ServletContextHandler@446df579{logs,/logs,file:///home/runner/work/ozone/ozone/hadoop-ozone/integration-test/target/log,STOPPED}
2024-02-27 21:40:04,308 [ForkJoinPool.commonPool-worker-1] INFO  handler.ContextHandler (ContextHandler.java:doStop(1159)) - Stopped o.e.j.s.ServletContextHandler@61f57ce1{static,/static,jar:file:/home/runner/.m2/repository/org/apache/ozone/hdds-container-service/1.5.0-SNAPSHOT/hdds-container-service-1.5.0-SNAPSHOT.jar!/webapps/static,STOPPED}
2024-02-27 21:40:04,309 [ForkJoinPool.commonPool-worker-0] INFO  handler.ContextHandler (ContextHandler.java:doStop(1159)) - Stopped o.e.j.s.ServletContextHandler@52b47892{static,/static,jar:file:/home/runner/.m2/repository/org/apache/ozone/hdds-container-service/1.5.0-SNAPSHOT/hdds-container-service-1.5.0-SNAPSHOT.jar!/webapps/static,STOPPED}
2024-02-27 21:40:04,310 [main] INFO  ozone.HddsDatanodeClientProtocolServer (HddsDatanodeClientProtocolServer.java:stop(83)) - Stopping the RPC server for Client Protocol
2024-02-27 21:40:04,311 [main] INFO  ipc.Server (Server.java:stop(3523)) - Stopping server on 15081
2024-02-27 21:40:04,311 [ForkJoinPool.commonPool-worker-1] INFO  handler.ContextHandler (ContextHandler.java:doStop(1159)) - Stopped o.e.j.s.ServletContextHandler@4e1e8e61{logs,/logs,file:///home/runner/work/ozone/ozone/hadoop-ozone/integration-test/target/log,STOPPED}
2024-02-27 21:40:04,311 [ForkJoinPool.commonPool-worker-0] INFO  handler.ContextHandler (ContextHandler.java:doStop(1159)) - Stopped o.e.j.s.ServletContextHandler@78567c2c{logs,/logs,file:///home/runner/work/ozone/ozone/hadoop-ozone/integration-test/target/log,STOPPED}
2024-02-27 21:40:04,312 [IPC Server Responder] INFO  ipc.Server (Server.java:run(1567)) - Stopping IPC Server Responder
2024-02-27 21:40:04,312 [IPC Server listener on 15081] INFO  ipc.Server (Server.java:run(1434)) - Stopping IPC Server listener on 15081
2024-02-27 21:40:04,312 [ForkJoinPool.commonPool-worker-1] INFO  ozone.HddsDatanodeClientProtocolServer (HddsDatanodeClientProtocolServer.java:stop(83)) - Stopping the RPC server for Client Protocol
2024-02-27 21:40:04,313 [ForkJoinPool.commonPool-worker-0] INFO  ozone.HddsDatanodeClientProtocolServer (HddsDatanodeClientProtocolServer.java:stop(83)) - Stopping the RPC server for Client Protocol
2024-02-27 21:40:04,315 [ForkJoinPool.commonPool-worker-1] INFO  ipc.Server (Server.java:stop(3523)) - Stopping server on 15090
2024-02-27 21:40:04,315 [ForkJoinPool.commonPool-worker-0] INFO  ipc.Server (Server.java:stop(3523)) - Stopping server on 15072
2024-02-27 21:40:04,315 [IPC Server listener on 15090] INFO  ipc.Server (Server.java:run(1434)) - Stopping IPC Server listener on 15090
2024-02-27 21:40:04,316 [IPC Server Responder] INFO  ipc.Server (Server.java:run(1567)) - Stopping IPC Server Responder
2024-02-27 21:40:04,316 [IPC Server listener on 15072] INFO  ipc.Server (Server.java:run(1434)) - Stopping IPC Server listener on 15072
2024-02-27 21:40:04,317 [IPC Server Responder] INFO  ipc.Server (Server.java:run(1567)) - Stopping IPC Server Responder
2024-02-27 21:40:04,318 [main] INFO  ozone.MiniOzoneClusterImpl (MiniOzoneClusterImpl.java:stopSCM(487)) - Stopping the StorageContainerManager
2024-02-27 21:40:04,318 [main] INFO  server.StorageContainerManager (StorageContainerManager.java:stop(1653)) - Container Balancer is not running.
2024-02-27 21:40:04,318 [main] INFO  server.StorageContainerManager (StorageContainerManager.java:stopReplicationManager(1786)) - Stopping Replication Manager Service.
2024-02-27 21:40:04,318 [main] INFO  replication.ReplicationManager (ReplicationManager.java:stop(327)) - Stopping Replication Monitor Thread.
2024-02-27 21:40:04,318 [main] INFO  server.StorageContainerManager (StorageContainerManager.java:stop(1662)) - Stopping the Datanode Admin Monitor.
2024-02-27 21:40:04,318 [ReplicationMonitor] INFO  replication.ReplicationManager (ReplicationManager.java:run(934)) - Replication Monitor Thread is stopped
2024-02-27 21:40:04,318 [main] INFO  server.StorageContainerManager (StorageContainerManager.java:stop(1669)) - Stopping datanode service RPC server
2024-02-27 21:40:04,319 [main] INFO  server.SCMDatanodeProtocolServer (SCMDatanodeProtocolServer.java:stop(425)) - Stopping the RPC server for DataNodes
2024-02-27 21:40:04,319 [main] INFO  ipc.Server (Server.java:stop(3523)) - Stopping server on 15064
2024-02-27 21:40:04,318 [OverReplicatedProcessor] WARN  replication.UnhealthyReplicationProcessor (UnhealthyReplicationProcessor.java:run(180)) - OverReplicatedProcessor interrupted. Exiting...
2024-02-27 21:40:04,318 [UnderReplicatedProcessor] WARN  replication.UnhealthyReplicationProcessor (UnhealthyReplicationProcessor.java:run(180)) - UnderReplicatedProcessor interrupted. Exiting...
2024-02-27 21:40:04,322 [IPC Server listener on 15064] INFO  ipc.Server (Server.java:run(1434)) - Stopping IPC Server listener on 15064
2024-02-27 21:40:04,322 [IPC Server Responder] INFO  ipc.Server (Server.java:run(1567)) - Stopping IPC Server Responder
2024-02-27 21:40:04,569 [SCMHeartbeatProcessor-0] WARN  node.NodeStateManager (NodeStateManager.java:scheduleNextHealthCheck(878)) - Current Thread is interrupted, shutting down HB processing thread for Node Manager.
2024-02-27 21:40:04,578 [main] INFO  server.StorageContainerManager (StorageContainerManager.java:stop(1677)) - Stopping block service RPC server
2024-02-27 21:40:04,578 [main] INFO  server.SCMBlockProtocolServer (SCMBlockProtocolServer.java:stop(169)) - Stopping the RPC server for Block Protocol
2024-02-27 21:40:04,578 [main] INFO  ipc.Server (Server.java:stop(3523)) - Stopping server on 15063
2024-02-27 21:40:04,584 [IPC Server listener on 15063] INFO  ipc.Server (Server.java:run(1434)) - Stopping IPC Server listener on 15063
2024-02-27 21:40:04,585 [IPC Server Responder] INFO  ipc.Server (Server.java:run(1567)) - Stopping IPC Server Responder
2024-02-27 21:40:04,585 [main] INFO  server.StorageContainerManager (StorageContainerManager.java:stop(1684)) - Stopping the StorageContainerLocationProtocol RPC server
2024-02-27 21:40:04,585 [main] INFO  server.SCMClientProtocolServer (SCMClientProtocolServer.java:stop(213)) - Stopping the RPC server for Client Protocol
2024-02-27 21:40:04,586 [main] INFO  ipc.Server (Server.java:stop(3523)) - Stopping server on 15062
2024-02-27 21:40:04,589 [IPC Server listener on 15062] INFO  ipc.Server (Server.java:run(1434)) - Stopping IPC Server listener on 15062
2024-02-27 21:40:04,589 [IPC Server Responder] INFO  ipc.Server (Server.java:run(1567)) - Stopping IPC Server Responder
2024-02-27 21:40:04,594 [main] INFO  server.StorageContainerManager (StorageContainerManager.java:stop(1691)) - Stopping Storage Container Manager HTTP server.
2024-02-27 21:40:04,595 [main] INFO  handler.ContextHandler (ContextHandler.java:doStop(1159)) - Stopped o.e.j.w.WebAppContext@1f08913d{scm,/,null,STOPPED}{file:/home/runner/work/ozone/ozone/hadoop-ozone/integration-test/target/test-classes/webapps/scm}
2024-02-27 21:40:04,597 [main] INFO  server.AbstractConnector (AbstractConnector.java:doStop(383)) - Stopped ServerConnector@787a0dcf{HTTP/1.1, (http/1.1)}{0.0.0.0:15065}
2024-02-27 21:40:04,597 [main] INFO  server.session (HouseKeeper.java:stopScavenging(149)) - node0 Stopped scavenging
2024-02-27 21:40:04,598 [main] INFO  handler.ContextHandler (ContextHandler.java:doStop(1159)) - Stopped o.e.j.s.ServletContextHandler@70f5e10b{static,/static,file:///home/runner/work/ozone/ozone/hadoop-ozone/integration-test/target/test-classes/webapps/static,STOPPED}
2024-02-27 21:40:04,598 [main] INFO  handler.ContextHandler (ContextHandler.java:doStop(1159)) - Stopped o.e.j.s.ServletContextHandler@3d87b409{logs,/logs,file:///home/runner/work/ozone/ozone/hadoop-ozone/integration-test/target/log,STOPPED}
2024-02-27 21:40:04,599 [main] INFO  server.StorageContainerManager (StorageContainerManager.java:stop(1699)) - Stopping SCM LayoutVersionManager Service.
2024-02-27 21:40:04,599 [main] INFO  server.StorageContainerManager (StorageContainerManager.java:stop(1711)) - Stopping Block Manager Service.
2024-02-27 21:40:04,599 [main] INFO  utils.BackgroundService (BackgroundService.java:shutdown(160)) - Shutting down service SCMBlockDeletingService
2024-02-27 21:40:04,599 [main] INFO  utils.BackgroundService (BackgroundService.java:shutdown(160)) - Shutting down service SCMBlockDeletingService
2024-02-27 21:40:04,599 [main] INFO  server.StorageContainerManager (StorageContainerManager.java:stop(1731)) - Stopping SCM Event Queue.
2024-02-27 21:40:04,600 [JvmPauseMonitor8] INFO  util.JvmPauseMonitor (JvmPauseMonitor.java:run(152)) - JvmPauseMonitor-dafaabb2-6c37-47f3-b373-f4480f203cfc: Stopped
2024-02-27 21:40:04,601 [main] INFO  server.StorageContainerManager (StorageContainerManager.java:stop(1742)) - Stopping SCM HA services.
2024-02-27 21:40:04,601 [main] INFO  pipeline.BackgroundPipelineCreator (BackgroundPipelineCreator.java:stop(152)) - Stopping RatisPipelineUtilsThread.
2024-02-27 21:40:04,601 [RatisPipelineUtilsThread-0] WARN  pipeline.BackgroundPipelineCreator (BackgroundPipelineCreator.java:run(183)) - RatisPipelineUtilsThread is interrupted.
2024-02-27 21:40:04,601 [BackgroundPipelineScrubber] WARN  BackgroundPipelineScrubber (BackgroundSCMService.java:run(112)) - BackgroundPipelineScrubber is interrupted, exit
2024-02-27 21:40:04,601 [main] INFO  BackgroundPipelineScrubber (BackgroundSCMService.java:stop(128)) - Stopping BackgroundPipelineScrubber Service.
2024-02-27 21:40:04,602 [main] INFO  impl.MetricsSystemImpl (MetricsSystemImpl.java:stop(210)) - Stopping HddsDatanode metrics system...
2024-02-27 21:40:04,621 [main] INFO  impl.MetricsSystemImpl (MetricsSystemImpl.java:stop(216)) - HddsDatanode metrics system stopped.
2024-02-27 21:40:04,621 [main] WARN  pipeline.BackgroundPipelineCreator (BackgroundPipelineCreator.java:stop(148)) - RatisPipelineUtilsThread is not running, just ignore.
2024-02-27 21:40:04,621 [main] INFO  BackgroundPipelineScrubber (BackgroundSCMService.java:stop(123)) - BackgroundPipelineScrubber Service is not running, skip stop.
2024-02-27 21:40:04,621 [main] INFO  ExpiredContainerReplicaOpScrubber (BackgroundSCMService.java:stop(128)) - Stopping ExpiredContainerReplicaOpScrubber Service.
2024-02-27 21:40:04,621 [main] INFO  utils.BackgroundService (BackgroundService.java:shutdown(160)) - Shutting down service SCMBlockDeletingService
2024-02-27 21:40:04,621 [ExpiredContainerReplicaOpScrubber] WARN  ExpiredContainerReplicaOpScrubber (BackgroundSCMService.java:run(112)) - ExpiredContainerReplicaOpScrubber is interrupted, exit
2024-02-27 21:40:04,621 [main] INFO  replication.ReplicationManager (ReplicationManager.java:stop(337)) - Replication Monitor Thread is not running.
2024-02-27 21:40:04,622 [main] WARN  balancer.ContainerBalancer (ContainerBalancer.java:stop(327)) - Cannot stop Container Balancer because it's not running or stopping
2024-02-27 21:40:04,622 [LeaseManager#LeaseMonitor] WARN  lease.LeaseManager (LeaseManager.java:run(287)) - Lease manager is interrupted. Shutting down...
java.lang.InterruptedException
	at java.util.concurrent.locks.AbstractQueuedSynchronizer.doAcquireSharedNanos(AbstractQueuedSynchronizer.java:1039)
	at java.util.concurrent.locks.AbstractQueuedSynchronizer.tryAcquireSharedNanos(AbstractQueuedSynchronizer.java:1328)
	at java.util.concurrent.Semaphore.tryAcquire(Semaphore.java:409)
	at org.apache.hadoop.ozone.lease.LeaseManager$LeaseMonitor.run(LeaseManager.java:285)
	at java.lang.Thread.run(Thread.java:750)
2024-02-27 21:40:04,622 [main] INFO  server.StorageContainerManager (StorageContainerManager.java:stop(1777)) - Stopping SCM MetadataStore.
]]></system-out>
  </testcase>
  <testcase name="testAutomaticPipelineCreationDisablingFactorONE" classname="org.apache.hadoop.hdds.scm.pipeline.TestRatisPipelineCreateAndDestroy" time="24.181">
    <system-out><![CDATA[2024-02-27 21:40:04,672 [main] WARN  server.ServerUtils (ServerUtils.java:getScmDbDir(143)) - ozone.scm.db.dirs is not configured. We recommend adding this setting. Falling back to ozone.metadata.dirs instead.
2024-02-27 21:40:04,675 [main] WARN  server.ServerUtils (ServerUtils.java:getScmDbDir(143)) - ozone.scm.db.dirs is not configured. We recommend adding this setting. Falling back to ozone.metadata.dirs instead.
2024-02-27 21:40:04,675 [main] INFO  ha.SCMHANodeDetails (SCMHANodeDetails.java:loadSCMHAConfig(207)) - ServiceID for StorageContainerManager is null
2024-02-27 21:40:04,675 [main] INFO  ha.SCMHANodeDetails (SCMHANodeDetails.java:loadSCMHAConfig(212)) - ozone.scm.default.service.id is not defined, falling back to ozone.scm.service.ids to find serviceID for StorageContainerManager if it is HA enabled cluster
2024-02-27 21:40:04,678 [main] WARN  utils.HAUtils (HAUtils.java:getMetaDir(339)) - ozone.scm.db.dirs is not configured. We recommend adding this setting. Falling back to ozone.metadata.dirs instead.
2024-02-27 21:40:04,679 [main] WARN  db.DBStoreBuilder (DBStoreBuilder.java:applyDBDefinition(171)) - ozone.scm.db.dirs is not configured. We recommend adding this setting. Falling back to ozone.metadata.dirs instead.
2024-02-27 21:40:04,768 [main] INFO  net.NodeSchemaLoader (NodeSchemaLoader.java:loadSchemaFromFile(129)) - Loading schema from [jar:file:/home/runner/.m2/repository/org/apache/ozone/hdds-common/1.5.0-SNAPSHOT/hdds-common-1.5.0-SNAPSHOT.jar!/network-topology-default.xml]
2024-02-27 21:40:04,768 [main] INFO  net.NodeSchemaLoader (NodeSchemaLoader.java:loadSchema(176)) - Loading network topology layer schema file
2024-02-27 21:40:04,771 [main] INFO  upgrade.AbstractLayoutVersionManager (AbstractLayoutVersionManager.java:init(83)) - Initializing Layout version manager with metadata layout = HADOOP_PRC_PORTS_IN_DATANODEDETAILS (version = 7), software layout = HADOOP_PRC_PORTS_IN_DATANODEDETAILS (version = 7)
2024-02-27 21:40:04,772 [main] INFO  ha.SequenceIdGenerator (SequenceIdGenerator.java:upgradeToSequenceId(370)) - upgrade localId to 113750153625600000
2024-02-27 21:40:04,773 [main] INFO  ha.SequenceIdGenerator (SequenceIdGenerator.java:upgradeToSequenceId(380)) - upgrade delTxnId to 0
2024-02-27 21:40:04,774 [main] INFO  ha.SequenceIdGenerator (SequenceIdGenerator.java:upgradeToSequenceId(397)) - upgrade containerId to 0
2024-02-27 21:40:04,775 [main] INFO  ha.SequenceIdGenerator (SequenceIdGenerator.java:upgradeToCertificateSequenceId(444)) - upgrade CertificateId to 2
2024-02-27 21:40:04,776 [main] INFO  ha.SequenceIdGenerator (SequenceIdGenerator.java:<init>(241)) - Init the HA SequenceIdGenerator.
2024-02-27 21:40:04,776 [main] INFO  node.SCMNodeManager (SCMNodeManager.java:<init>(177)) - Entering startup safe mode.
2024-02-27 21:40:04,777 [main] INFO  algorithms.ContainerPlacementPolicyFactory (ContainerPlacementPolicyFactory.java:getPolicyInternal(86)) - Create container placement policy of type org.apache.hadoop.hdds.scm.container.placement.algorithms.SCMContainerPlacementRackAware
2024-02-27 21:40:04,777 [main] INFO  algorithms.ContainerPlacementPolicyFactory (ContainerPlacementPolicyFactory.java:getPolicyInternal(86)) - Create container placement policy of type org.apache.hadoop.hdds.scm.container.placement.algorithms.SCMContainerPlacementRackScatter
2024-02-27 21:40:04,777 [main] INFO  pipeline.PipelineStateManagerImpl (PipelineStateManagerImpl.java:initialize(78)) - No pipeline exists in current db
2024-02-27 21:40:04,778 [main] INFO  algorithms.LeaderChoosePolicyFactory (LeaderChoosePolicyFactory.java:getPolicy(57)) - Create leader choose policy of type org.apache.hadoop.hdds.scm.pipeline.leader.choose.algorithms.MinLeaderCountChoosePolicy
2024-02-27 21:40:04,778 [main] INFO  algorithms.ContainerPlacementPolicyFactory (ContainerPlacementPolicyFactory.java:getPolicyInternal(86)) - Create container placement policy of type org.apache.hadoop.hdds.scm.container.placement.algorithms.SCMContainerPlacementRackScatter
2024-02-27 21:40:04,778 [main] INFO  ha.SCMServiceManager (SCMServiceManager.java:register(42)) - Registering service BackgroundPipelineCreator.
2024-02-27 21:40:04,778 [main] INFO  pipeline.BackgroundPipelineCreator (BackgroundPipelineCreator.java:start(127)) - Starting RatisPipelineUtilsThread.
2024-02-27 21:40:04,779 [main] INFO  BackgroundPipelineScrubber (BackgroundSCMService.java:start(65)) - Starting BackgroundPipelineScrubber Service.
2024-02-27 21:40:04,779 [main] INFO  ha.SCMServiceManager (SCMServiceManager.java:register(42)) - Registering service BackgroundPipelineScrubber.
2024-02-27 21:40:04,779 [main] INFO  ExpiredContainerReplicaOpScrubber (BackgroundSCMService.java:start(65)) - Starting ExpiredContainerReplicaOpScrubber Service.
2024-02-27 21:40:04,780 [main] INFO  ha.SCMServiceManager (SCMServiceManager.java:register(42)) - Registering service ExpiredContainerReplicaOpScrubber.
2024-02-27 21:40:04,780 [main] INFO  algorithms.PipelineChoosePolicyFactory (PipelineChoosePolicyFactory.java:createPipelineChoosePolicyFromClass(80)) - Create pipeline choose policy of type org.apache.hadoop.hdds.scm.pipeline.choose.algorithms.RandomPipelineChoosePolicy
2024-02-27 21:40:04,781 [main] INFO  algorithms.PipelineChoosePolicyFactory (PipelineChoosePolicyFactory.java:createPipelineChoosePolicyFromClass(80)) - Create pipeline choose policy of type org.apache.hadoop.hdds.scm.pipeline.choose.algorithms.RandomPipelineChoosePolicy
2024-02-27 21:40:04,781 [main] INFO  ha.SCMServiceManager (SCMServiceManager.java:register(42)) - Registering service SCMBlockDeletingService.
2024-02-27 21:40:04,782 [main] INFO  replication.ReplicationManager (ReplicationManager.java:start(295)) - Starting Replication Monitor Thread.
2024-02-27 21:40:04,784 [ReplicationMonitor] INFO  replication.ReplicationManager (ReplicationManager.java:processAll(370)) - Replication Manager is not ready to run until 3000ms after safemode exit
2024-02-27 21:40:04,784 [main] INFO  ha.SCMServiceManager (SCMServiceManager.java:register(42)) - Registering service ReplicationManager.
2024-02-27 21:40:04,785 [main] INFO  safemode.ContainerSafeModeRule (ContainerSafeModeRule.java:<init>(91)) - containers with one replica threshold count 0
2024-02-27 21:40:04,785 [main] INFO  safemode.HealthyPipelineSafeModeRule (HealthyPipelineSafeModeRule.java:initializeRule(176)) - Total pipeline count is 0, healthy pipeline threshold count is 1
2024-02-27 21:40:04,785 [main] INFO  safemode.OneReplicaPipelineSafeModeRule (OneReplicaPipelineSafeModeRule.java:initializeRule(193)) - Total pipeline count is 0, pipeline's with at least one datanode reported threshold count is 0
2024-02-27 21:40:04,786 [main] INFO  server.StorageContainerManager (StorageContainerManager.java:<init>(440)) - SCM start with adminUsers: [runner]
2024-02-27 21:40:04,786 [main] INFO  ipc.CallQueueManager (CallQueueManager.java:<init>(90)) - Using callQueue: class java.util.concurrent.LinkedBlockingQueue, queueCapacity: 10000, scheduler: class org.apache.hadoop.ipc.DefaultRpcScheduler, ipcBackoff: false.
2024-02-27 21:40:04,786 [main] INFO  ipc.Server (Server.java:<init>(1287)) - Listener at 0.0.0.0:15099
2024-02-27 21:40:04,787 [Socket Reader #1 for port 15099] INFO  ipc.Server (Server.java:run(1323)) - Starting Socket Reader #1 for port 15099
2024-02-27 21:40:04,793 [main] INFO  ipc.CallQueueManager (CallQueueManager.java:<init>(90)) - Using callQueue: class java.util.concurrent.LinkedBlockingQueue, queueCapacity: 10000, scheduler: class org.apache.hadoop.ipc.DefaultRpcScheduler, ipcBackoff: false.
2024-02-27 21:40:04,793 [main] INFO  ipc.Server (Server.java:<init>(1287)) - Listener at 0.0.0.0:15098
2024-02-27 21:40:04,793 [Socket Reader #1 for port 15098] INFO  ipc.Server (Server.java:run(1323)) - Starting Socket Reader #1 for port 15098
2024-02-27 21:40:04,794 [main] INFO  ipc.CallQueueManager (CallQueueManager.java:<init>(90)) - Using callQueue: class java.util.concurrent.LinkedBlockingQueue, queueCapacity: 10000, scheduler: class org.apache.hadoop.ipc.DefaultRpcScheduler, ipcBackoff: false.
2024-02-27 21:40:04,794 [main] INFO  ipc.Server (Server.java:<init>(1287)) - Listener at 0.0.0.0:15097
2024-02-27 21:40:04,795 [Socket Reader #1 for port 15097] INFO  ipc.Server (Server.java:run(1323)) - Starting Socket Reader #1 for port 15097
2024-02-27 21:40:04,798 [main] INFO  ha.SCMServiceManager (SCMServiceManager.java:register(42)) - Registering service ContainerBalancer.
2024-02-27 21:40:04,799 [main] INFO  ha.SCMContext (SCMContext.java:updateSafeModeStatus(225)) - Update SafeModeStatus from SafeModeStatus{safeModeStatus=true, preCheckPassed=false} to SafeModeStatus{safeModeStatus=true, preCheckPassed=false}.
2024-02-27 21:40:04,799 [main] INFO  server.StorageContainerManager (StorageContainerManager.java:start(1545)) - StorageContainerLocationProtocol RPC server is listening at /0.0.0.0:15097
2024-02-27 21:40:04,800 [main] WARN  impl.MetricsConfig (MetricsConfig.java:loadFirst(136)) - Cannot locate configuration: tried hadoop-metrics2-storagecontainermanager.properties,hadoop-metrics2.properties
2024-02-27 21:40:04,801 [main] INFO  impl.MetricsSystemImpl (MetricsSystemImpl.java:startTimer(378)) - Scheduled Metric snapshot period at 10 second(s).
2024-02-27 21:40:04,801 [main] INFO  impl.MetricsSystemImpl (MetricsSystemImpl.java:start(191)) - StorageContainerManager metrics system started
2024-02-27 21:40:04,804 [main] INFO  impl.MetricsSinkAdapter (MetricsSinkAdapter.java:start(204)) - Sink prometheus started
2024-02-27 21:40:04,804 [main] INFO  impl.MetricsSystemImpl (MetricsSystemImpl.java:registerSink(305)) - Registered sink prometheus
2024-02-27 21:40:04,822 [main] INFO  server.SCMClientProtocolServer (SCMClientProtocolServer.java:start(204)) - RPC server for Client  is listening at /0.0.0.0:15097
2024-02-27 21:40:04,822 [IPC Server Responder] INFO  ipc.Server (Server.java:run(1562)) - IPC Server Responder: starting
2024-02-27 21:40:04,823 [IPC Server listener on 15097] INFO  ipc.Server (Server.java:run(1402)) - IPC Server listener on 15097: starting
2024-02-27 21:40:04,854 [main] INFO  server.StorageContainerManager (StorageContainerManager.java:start(1558)) - ScmBlockLocationProtocol RPC server is listening at /0.0.0.0:15098
2024-02-27 21:40:04,855 [main] INFO  server.SCMBlockProtocolServer (SCMBlockProtocolServer.java:start(160)) - RPC server for Block Protocol is listening at /0.0.0.0:15098
2024-02-27 21:40:04,855 [IPC Server Responder] INFO  ipc.Server (Server.java:run(1562)) - IPC Server Responder: starting
2024-02-27 21:40:04,858 [IPC Server listener on 15098] INFO  ipc.Server (Server.java:run(1402)) - IPC Server listener on 15098: starting
2024-02-27 21:40:04,869 [main] INFO  server.SCMDatanodeProtocolServer (SCMDatanodeProtocolServer.java:start(194)) - ScmDatanodeProtocol RPC server for DataNodes is listening at /0.0.0.0:15099
2024-02-27 21:40:04,869 [IPC Server Responder] INFO  ipc.Server (Server.java:run(1562)) - IPC Server Responder: starting
2024-02-27 21:40:04,869 [IPC Server listener on 15099] INFO  ipc.Server (Server.java:run(1402)) - IPC Server listener on 15099: starting
2024-02-27 21:40:04,899 [main] INFO  http.BaseHttpServer (BaseHttpServer.java:newHttpServer2BuilderForOzone(223)) - Starting Web-server for scm at: http://0.0.0.0:15100
2024-02-27 21:40:04,899 [main] INFO  http.BaseHttpServer (BaseHttpServer.java:<init>(110)) - Hadoop Security Enabled: false Ozone Security Enabled: false Ozone HTTP Security Enabled: false 
2024-02-27 21:40:04,901 [main] WARN  server.AuthenticationFilter (AuthenticationFilter.java:constructSecretProvider(240)) - Unable to initialize FileSignerSecretProvider, falling back to use random secrets. Reason: Could not read signature secret file: /home/runner/hadoop-http-auth-signature-secret
2024-02-27 21:40:04,901 [JvmPauseMonitor13] INFO  util.JvmPauseMonitor (JvmPauseMonitor.java:run(146)) - JvmPauseMonitor-8dd4ef04-0c0c-4492-80fb-1a513bb7d026: Started
2024-02-27 21:40:04,902 [main] INFO  http.HttpRequestLog (HttpRequestLog.java:getRequestLog(86)) - Http request log for http.requests.scm is not defined
2024-02-27 21:40:04,903 [main] INFO  http.HttpServer2 (HttpServer2.java:addGlobalFilter(1036)) - Added global filter 'safety' (class=org.apache.hadoop.hdds.server.http.HttpServer2$QuotingInputFilter)
2024-02-27 21:40:04,904 [main] INFO  http.HttpServer2 (HttpServer2.java:addFilter(1012)) - Added filter static_user_filter (class=org.apache.hadoop.http.lib.StaticUserWebFilter$StaticUserFilter) to context scm
2024-02-27 21:40:04,904 [main] INFO  http.HttpServer2 (HttpServer2.java:addFilter(1020)) - Added filter static_user_filter (class=org.apache.hadoop.http.lib.StaticUserWebFilter$StaticUserFilter) to context static
2024-02-27 21:40:04,904 [main] INFO  http.HttpServer2 (HttpServer2.java:addFilter(1020)) - Added filter static_user_filter (class=org.apache.hadoop.http.lib.StaticUserWebFilter$StaticUserFilter) to context logs
2024-02-27 21:40:04,905 [main] INFO  http.BaseHttpServer (BaseHttpServer.java:<init>(189)) - HTTP server of scm uses base directory /home/runner/work/ozone/ozone/hadoop-ozone/integration-test/target/test-dir/MiniOzoneClusterImpl-6e3a073c-9bdc-4deb-8550-ef77f821b5e4/ozone-meta/webserver
2024-02-27 21:40:04,905 [main] INFO  http.HttpServer2 (HttpServer2.java:bindListener(1236)) - Jetty bound to port 15100
2024-02-27 21:40:04,905 [main] INFO  server.Server (Server.java:doStart(375)) - jetty-9.4.53.v20231009; built: 2023-10-09T12:29:09.265Z; git: 27bde00a0b95a1d5bbee0eae7984f891d2d0f8c9; jvm 1.8.0_402-b06
2024-02-27 21:40:04,911 [main] INFO  server.session (DefaultSessionIdManager.java:doStart(334)) - DefaultSessionIdManager workerName=node0
2024-02-27 21:40:04,911 [main] INFO  server.session (DefaultSessionIdManager.java:doStart(339)) - No SessionScavenger set, using defaults
2024-02-27 21:40:04,911 [main] INFO  server.session (HouseKeeper.java:startScavenging(132)) - node0 Scavenging every 600000ms
2024-02-27 21:40:04,914 [main] INFO  handler.ContextHandler (ContextHandler.java:doStart(921)) - Started o.e.j.s.ServletContextHandler@1b0f0875{logs,/logs,file:///home/runner/work/ozone/ozone/hadoop-ozone/integration-test/target/log,AVAILABLE}
2024-02-27 21:40:04,915 [main] INFO  handler.ContextHandler (ContextHandler.java:doStart(921)) - Started o.e.j.s.ServletContextHandler@7a7a385b{static,/static,file:///home/runner/work/ozone/ozone/hadoop-ozone/integration-test/target/test-classes/webapps/static,AVAILABLE}
2024-02-27 21:40:04,918 [main] INFO  handler.ContextHandler (ContextHandler.java:doStart(921)) - Started o.e.j.w.WebAppContext@3643ac9d{scm,/,file:///home/runner/work/ozone/ozone/hadoop-ozone/integration-test/target/test-classes/webapps/scm/,AVAILABLE}{file:/home/runner/work/ozone/ozone/hadoop-ozone/integration-test/target/test-classes/webapps/scm}
2024-02-27 21:40:04,920 [main] INFO  server.AbstractConnector (AbstractConnector.java:doStart(333)) - Started ServerConnector@7e933c26{HTTP/1.1, (http/1.1)}{0.0.0.0:15100}
2024-02-27 21:40:04,921 [main] INFO  server.Server (Server.java:doStart(415)) - Started @215264ms
2024-02-27 21:40:04,921 [main] WARN  impl.MetricsSystemImpl (MetricsSystemImpl.java:register(279)) - Sink prometheus already exists!
2024-02-27 21:40:04,922 [main] INFO  http.BaseHttpServer (BaseHttpServer.java:updateConnectorAddress(354)) - HTTP server of scm listening at http://0.0.0.0:15100
2024-02-27 21:40:04,923 [main] WARN  server.ServerUtils (ServerUtils.java:getDBPath(299)) - ozone.om.db.dirs is not configured. We recommend adding this setting. Falling back to ozone.metadata.dirs instead.
2024-02-27 21:40:04,924 [main] INFO  ha.OMHANodeDetails (OMHANodeDetails.java:loadOMHAConfig(115)) - ozone.om.internal.service.id is not defined, falling back to ozone.om.service.ids to find serviceID for OzoneManager if it is HA enabled cluster
2024-02-27 21:40:04,925 [main] INFO  ha.OMHANodeDetails (OMHANodeDetails.java:loadOMHAConfig(226)) - Configuration does not have ozone.om.address set. Falling back to the default OM address /127.0.0.1:15101
2024-02-27 21:40:04,925 [main] INFO  ha.OMHANodeDetails (OMHANodeDetails.java:getOMNodeDetailsForNonHA(254)) - OM Service ID is not set. Setting it to the default ID: omServiceIdDefault
2024-02-27 21:40:04,926 [main] INFO  ha.OMHANodeDetails (OMHANodeDetails.java:getOMNodeDetailsForNonHA(261)) - OM Node ID is not set. Setting it to the default ID: om1
2024-02-27 21:40:04,926 [main] WARN  server.ServerUtils (ServerUtils.java:getDBPath(299)) - ozone.om.db.dirs is not configured. We recommend adding this setting. Falling back to ozone.metadata.dirs instead.
2024-02-27 21:40:04,928 [main] INFO  upgrade.AbstractLayoutVersionManager (AbstractLayoutVersionManager.java:init(83)) - Initializing Layout version manager with metadata layout = QUOTA (version = 6), software layout = QUOTA (version = 6)
2024-02-27 21:40:04,975 [main] INFO  upgrade.OMLayoutVersionManager (OMLayoutVersionManager.java:lambda$0(113)) - Skipping Upgrade Action MockOmUpgradeAction since it has been finalized.
2024-02-27 21:40:04,975 [main] INFO  upgrade.OMLayoutVersionManager (OMLayoutVersionManager.java:lambda$0(113)) - Skipping Upgrade Action QuotaRepairUpgradeAction since it has been finalized.
2024-02-27 21:40:04,976 [main] WARN  server.ServerUtils (ServerUtils.java:getDBPath(299)) - ozone.om.db.dirs is not configured. We recommend adding this setting. Falling back to ozone.metadata.dirs instead.
2024-02-27 21:40:04,976 [main] INFO  proxy.SCMBlockLocationFailoverProxyProvider (SCMBlockLocationFailoverProxyProvider.java:<init>(115)) - Created block location fail-over proxy with 1 nodes: [nodeId=scmNodeId,nodeAddress=/0.0.0.0:15098]
2024-02-27 21:40:04,977 [main] INFO  proxy.SCMBlockLocationFailoverProxyProvider (SCMBlockLocationFailoverProxyProvider.java:<init>(115)) - Created block location fail-over proxy with 1 nodes: [nodeId=scmNodeId,nodeAddress=/0.0.0.0:15098]
2024-02-27 21:40:04,984 [main] INFO  om.OzoneManager (OzoneManager.java:<init>(672)) - OM start with adminUsers: [runner]
2024-02-27 21:40:04,985 [main] WARN  server.ServerUtils (ServerUtils.java:getDBPath(299)) - ozone.om.db.dirs is not configured. We recommend adding this setting. Falling back to ozone.metadata.dirs instead.
2024-02-27 21:40:04,985 [main] INFO  helpers.OmKeyInfo (OmKeyInfo.java:getCodec(71)) - OmKeyInfo.getCodec ignorePipeline = true
2024-02-27 21:40:05,144 [main] INFO  om.OzoneManager (OzoneManager.java:instantiateServices(804)) - S3 Multi-Tenancy is disabled
2024-02-27 21:40:05,145 [main] INFO  om.OmSnapshotManager (OmSnapshotManager.java:<init>(177)) - Ozone filesystem snapshot feature is enabled.
2024-02-27 21:40:05,145 [main] WARN  server.ServerUtils (ServerUtils.java:getDBPath(299)) - ozone.om.snapshot.diff.db.dir is not configured. We recommend adding this setting. Falling back to ozone.metadata.dirs instead.
2024-02-27 21:40:05,162 [main] INFO  utils.NativeLibraryLoader (NativeLibraryLoader.java:loadLibrary(108)) - Loading Library: ozone_rocksdb_tools
2024-02-27 21:40:05,163 [main] ERROR snapshot.SnapshotDiffManager (SnapshotDiffManager.java:initNativeLibraryForEfficientDiff(287)) - Native Library for raw sst file reading loading failed.
org.apache.hadoop.hdds.utils.NativeLibraryNotLoadedException: Unable to load library ozone_rocksdb_tools from both java.library.path & resource file libozone_rocksdb_tools.so from jar.
	at org.apache.hadoop.hdds.utils.db.managed.ManagedRawSSTFileReader.loadLibrary(ManagedRawSSTFileReader.java:38)
	at org.apache.hadoop.ozone.om.snapshot.SnapshotDiffManager.initNativeLibraryForEfficientDiff(SnapshotDiffManager.java:285)
	at org.apache.hadoop.ozone.om.snapshot.SnapshotDiffManager.<init>(SnapshotDiffManager.java:259)
	at org.apache.hadoop.ozone.om.OmSnapshotManager.<init>(OmSnapshotManager.java:279)
	at org.apache.hadoop.ozone.om.OzoneManager.instantiateServices(OzoneManager.java:856)
	at org.apache.hadoop.ozone.om.OzoneManager.<init>(OzoneManager.java:682)
	at org.apache.hadoop.ozone.om.OzoneManager.createOm(OzoneManager.java:767)
	at org.apache.hadoop.ozone.MiniOzoneClusterImpl$Builder.createOM(MiniOzoneClusterImpl.java:688)
	at org.apache.hadoop.ozone.MiniOzoneClusterImpl$Builder.createAndStartSingleOM(MiniOzoneClusterImpl.java:672)
	at org.apache.hadoop.ozone.MiniOzoneClusterImpl$Builder.build(MiniOzoneClusterImpl.java:536)
	at org.apache.hadoop.hdds.scm.pipeline.TestRatisPipelineCreateAndDestroy.init(TestRatisPipelineCreateAndDestroy.java:68)
	at org.apache.hadoop.hdds.scm.pipeline.TestRatisPipelineCreateAndDestroy.testAutomaticPipelineCreationDisablingFactorONE(TestRatisPipelineCreateAndDestroy.java:104)
	at sun.reflect.NativeMethodAccessorImpl.invoke0(Native Method)
	at sun.reflect.NativeMethodAccessorImpl.invoke(NativeMethodAccessorImpl.java:62)
	at sun.reflect.DelegatingMethodAccessorImpl.invoke(DelegatingMethodAccessorImpl.java:43)
	at java.lang.reflect.Method.invoke(Method.java:498)
	at org.junit.platform.commons.util.ReflectionUtils.invokeMethod(ReflectionUtils.java:728)
	at org.junit.jupiter.engine.execution.MethodInvocation.proceed(MethodInvocation.java:60)
	at org.junit.jupiter.engine.execution.InvocationInterceptorChain$ValidatingInvocation.proceed(InvocationInterceptorChain.java:131)
	at org.junit.jupiter.engine.extension.SameThreadTimeoutInvocation.proceed(SameThreadTimeoutInvocation.java:45)
	at org.junit.jupiter.engine.extension.TimeoutExtension.intercept(TimeoutExtension.java:156)
	at org.junit.jupiter.engine.extension.TimeoutExtension.interceptTestableMethod(TimeoutExtension.java:147)
	at org.junit.jupiter.engine.extension.TimeoutExtension.interceptTestMethod(TimeoutExtension.java:86)
	at org.junit.jupiter.engine.execution.InterceptingExecutableInvoker$ReflectiveInterceptorCall.lambda$ofVoidMethod$0(InterceptingExecutableInvoker.java:103)
	at org.junit.jupiter.engine.execution.InterceptingExecutableInvoker.lambda$invoke$0(InterceptingExecutableInvoker.java:93)
	at org.junit.jupiter.engine.execution.InvocationInterceptorChain$InterceptedInvocation.proceed(InvocationInterceptorChain.java:106)
	at org.junit.jupiter.engine.execution.InvocationInterceptorChain.proceed(InvocationInterceptorChain.java:64)
	at org.junit.jupiter.engine.execution.InvocationInterceptorChain.chainAndInvoke(InvocationInterceptorChain.java:45)
	at org.junit.jupiter.engine.execution.InvocationInterceptorChain.invoke(InvocationInterceptorChain.java:37)
	at org.junit.jupiter.engine.execution.InterceptingExecutableInvoker.invoke(InterceptingExecutableInvoker.java:92)
	at org.junit.jupiter.engine.execution.InterceptingExecutableInvoker.invoke(InterceptingExecutableInvoker.java:86)
	at org.junit.jupiter.engine.descriptor.TestMethodTestDescriptor.lambda$invokeTestMethod$7(TestMethodTestDescriptor.java:218)
	at org.junit.platform.engine.support.hierarchical.ThrowableCollector.execute(ThrowableCollector.java:73)
	at org.junit.jupiter.engine.descriptor.TestMethodTestDescriptor.invokeTestMethod(TestMethodTestDescriptor.java:214)
	at org.junit.jupiter.engine.descriptor.TestMethodTestDescriptor.execute(TestMethodTestDescriptor.java:139)
	at org.junit.jupiter.engine.descriptor.TestMethodTestDescriptor.execute(TestMethodTestDescriptor.java:69)
	at org.junit.platform.engine.support.hierarchical.NodeTestTask.lambda$executeRecursively$6(NodeTestTask.java:151)
	at org.junit.platform.engine.support.hierarchical.ThrowableCollector.execute(ThrowableCollector.java:73)
	at org.junit.platform.engine.support.hierarchical.NodeTestTask.lambda$executeRecursively$8(NodeTestTask.java:141)
	at org.junit.platform.engine.support.hierarchical.Node.around(Node.java:137)
	at org.junit.platform.engine.support.hierarchical.NodeTestTask.lambda$executeRecursively$9(NodeTestTask.java:139)
	at org.junit.platform.engine.support.hierarchical.ThrowableCollector.execute(ThrowableCollector.java:73)
	at org.junit.platform.engine.support.hierarchical.NodeTestTask.executeRecursively(NodeTestTask.java:138)
	at org.junit.platform.engine.support.hierarchical.NodeTestTask.execute(NodeTestTask.java:95)
	at java.util.ArrayList.forEach(ArrayList.java:1259)
	at org.junit.platform.engine.support.hierarchical.SameThreadHierarchicalTestExecutorService.invokeAll(SameThreadHierarchicalTestExecutorService.java:41)
	at org.junit.platform.engine.support.hierarchical.NodeTestTask.lambda$executeRecursively$6(NodeTestTask.java:155)
	at org.junit.platform.engine.support.hierarchical.ThrowableCollector.execute(ThrowableCollector.java:73)
	at org.junit.platform.engine.support.hierarchical.NodeTestTask.lambda$executeRecursively$8(NodeTestTask.java:141)
	at org.junit.platform.engine.support.hierarchical.Node.around(Node.java:137)
	at org.junit.platform.engine.support.hierarchical.NodeTestTask.lambda$executeRecursively$9(NodeTestTask.java:139)
	at org.junit.platform.engine.support.hierarchical.ThrowableCollector.execute(ThrowableCollector.java:73)
	at org.junit.platform.engine.support.hierarchical.NodeTestTask.executeRecursively(NodeTestTask.java:138)
	at org.junit.platform.engine.support.hierarchical.NodeTestTask.execute(NodeTestTask.java:95)
	at java.util.ArrayList.forEach(ArrayList.java:1259)
	at org.junit.platform.engine.support.hierarchical.SameThreadHierarchicalTestExecutorService.invokeAll(SameThreadHierarchicalTestExecutorService.java:41)
	at org.junit.platform.engine.support.hierarchical.NodeTestTask.lambda$executeRecursively$6(NodeTestTask.java:155)
	at org.junit.platform.engine.support.hierarchical.ThrowableCollector.execute(ThrowableCollector.java:73)
	at org.junit.platform.engine.support.hierarchical.NodeTestTask.lambda$executeRecursively$8(NodeTestTask.java:141)
	at org.junit.platform.engine.support.hierarchical.Node.around(Node.java:137)
	at org.junit.platform.engine.support.hierarchical.NodeTestTask.lambda$executeRecursively$9(NodeTestTask.java:139)
	at org.junit.platform.engine.support.hierarchical.ThrowableCollector.execute(ThrowableCollector.java:73)
	at org.junit.platform.engine.support.hierarchical.NodeTestTask.executeRecursively(NodeTestTask.java:138)
	at org.junit.platform.engine.support.hierarchical.NodeTestTask.execute(NodeTestTask.java:95)
	at org.junit.platform.engine.support.hierarchical.SameThreadHierarchicalTestExecutorService.submit(SameThreadHierarchicalTestExecutorService.java:35)
	at org.junit.platform.engine.support.hierarchical.HierarchicalTestExecutor.execute(HierarchicalTestExecutor.java:57)
	at org.junit.platform.engine.support.hierarchical.HierarchicalTestEngine.execute(HierarchicalTestEngine.java:54)
	at org.junit.platform.launcher.core.EngineExecutionOrchestrator.execute(EngineExecutionOrchestrator.java:198)
	at org.junit.platform.launcher.core.EngineExecutionOrchestrator.execute(EngineExecutionOrchestrator.java:169)
	at org.junit.platform.launcher.core.EngineExecutionOrchestrator.execute(EngineExecutionOrchestrator.java:93)
	at org.junit.platform.launcher.core.EngineExecutionOrchestrator.lambda$execute$0(EngineExecutionOrchestrator.java:58)
	at org.junit.platform.launcher.core.EngineExecutionOrchestrator.withInterceptedStreams(EngineExecutionOrchestrator.java:141)
	at org.junit.platform.launcher.core.EngineExecutionOrchestrator.execute(EngineExecutionOrchestrator.java:57)
	at org.junit.platform.launcher.core.DefaultLauncher.execute(DefaultLauncher.java:103)
	at org.junit.platform.launcher.core.DefaultLauncher.execute(DefaultLauncher.java:85)
	at org.junit.platform.launcher.core.DelegatingLauncher.execute(DelegatingLauncher.java:47)
	at org.junit.platform.launcher.core.SessionPerRequestLauncher.execute(SessionPerRequestLauncher.java:63)
	at org.apache.maven.surefire.junitplatform.JUnitPlatformProvider.execute(JUnitPlatformProvider.java:188)
	at org.apache.maven.surefire.junitplatform.JUnitPlatformProvider.invokeAllTests(JUnitPlatformProvider.java:154)
	at org.apache.maven.surefire.junitplatform.JUnitPlatformProvider.invoke(JUnitPlatformProvider.java:124)
	at org.apache.maven.surefire.booter.ForkedBooter.runSuitesInProcess(ForkedBooter.java:428)
	at org.apache.maven.surefire.booter.ForkedBooter.execute(ForkedBooter.java:162)
	at org.apache.maven.surefire.booter.ForkedBooter.run(ForkedBooter.java:562)
	at org.apache.maven.surefire.booter.ForkedBooter.main(ForkedBooter.java:548)
2024-02-27 21:40:05,166 [main] INFO  om.OzoneManager (OzoneManager.java:addS3GVolumeToDB(4425)) - Created Volume s3v With Owner runner required for S3Gateway operations.
2024-02-27 21:40:05,166 [main] WARN  server.ServerUtils (ServerUtils.java:getDefaultRatisDirectory(311)) - Storage directory for Ratis is not configured. It is a good idea to map this to an SSD disk. Falling back to ozone.metadata.dirs
2024-02-27 21:40:05,166 [main] WARN  utils.OzoneManagerRatisUtils (OzoneManagerRatisUtils.java:getOMRatisSnapshotDirectory(476)) - ozone.om.ratis.snapshot.dir is not configured. Falling back to ozone.metadata.dirs config
2024-02-27 21:40:05,167 [main] WARN  server.ServerUtils (ServerUtils.java:getDefaultRatisDirectory(311)) - Storage directory for Ratis is not configured. It is a good idea to map this to an SSD disk. Falling back to ozone.metadata.dirs
2024-02-27 21:40:05,167 [main] INFO  ratis.OzoneManagerRatisServer (OzoneManagerRatisServer.java:<init>(167)) - Instantiating OM Ratis server with groupID: omServiceIdDefault and peers: localhost:15104
2024-02-27 21:40:05,168 [main] INFO  ratis.OzoneManagerStateMachine (OzoneManagerStateMachine.java:loadSnapshotInfoFromDB(576)) - TransactionInfo not found in OM DB.
2024-02-27 21:40:05,168 [main] INFO  server.RaftServer (ConfUtils.java:logGet(46)) - raft.rpc.type = GRPC (default)
2024-02-27 21:40:05,168 [main] INFO  grpc.GrpcConfigKeys (ConfUtils.java:logFallback(53)) - raft.grpc.admin.host = null (fallback to raft.grpc.server.host)
2024-02-27 21:40:05,168 [main] INFO  grpc.GrpcConfigKeys (ConfUtils.java:logFallback(53)) - raft.grpc.admin.port = 15104 (fallback to raft.grpc.server.port)
2024-02-27 21:40:05,169 [main] INFO  grpc.GrpcConfigKeys (ConfUtils.java:logFallback(53)) - raft.grpc.client.host = null (fallback to raft.grpc.server.host)
2024-02-27 21:40:05,169 [main] INFO  grpc.GrpcConfigKeys (ConfUtils.java:logFallback(53)) - raft.grpc.client.port = 15104 (fallback to raft.grpc.server.port)
2024-02-27 21:40:05,169 [main] INFO  grpc.GrpcConfigKeys (ConfUtils.java:logGet(46)) - raft.grpc.server.host = null (default)
2024-02-27 21:40:05,169 [main] INFO  grpc.GrpcConfigKeys (ConfUtils.java:logGet(46)) - raft.grpc.server.port = 15104 (custom)
2024-02-27 21:40:05,169 [main] INFO  server.GrpcService (ConfUtils.java:logGet(46)) - raft.grpc.message.size.max = 4194304 (custom)
2024-02-27 21:40:05,169 [main] INFO  server.RaftServerConfigKeys (ConfUtils.java:logGet(46)) - raft.server.log.appender.buffer.byte-limit = 4194304 (custom)
2024-02-27 21:40:05,169 [main] INFO  server.GrpcService (ConfUtils.java:logGet(46)) - raft.grpc.flow.control.window = 1MB (=1048576) (default)
2024-02-27 21:40:05,170 [main] INFO  server.RaftServerConfigKeys (ConfUtils.java:logGet(46)) - raft.server.rpc.request.timeout = 3000ms (default)
2024-02-27 21:40:05,170 [main] INFO  grpc.GrpcConfigKeys (ConfUtils.java:logGet(46)) - raft.grpc.server.heartbeat.channel = true (default)
2024-02-27 21:40:05,170 [main] INFO  grpc.GrpcConfigKeys (ConfUtils.java:logGet(46)) - raft.grpc.server.async.request.thread.pool.cached = true (default)
2024-02-27 21:40:05,170 [main] INFO  grpc.GrpcConfigKeys (ConfUtils.java:logGet(46)) - raft.grpc.server.async.request.thread.pool.size = 32 (default)
2024-02-27 21:40:05,171 [main] INFO  impl.DataStreamServerImpl (ConfUtils.java:logGet(46)) - raft.datastream.type = DISABLED (default)
2024-02-27 21:40:05,171 [main] INFO  server.RaftServerConfigKeys (ConfUtils.java:logGet(46)) - raft.server.sleep.deviation.threshold = 300ms (default)
2024-02-27 21:40:05,171 [main] INFO  server.RaftServerConfigKeys (ConfUtils.java:logGet(46)) - raft.server.close.threshold = 60s (default)
2024-02-27 21:40:05,171 [main] INFO  server.RaftServerConfigKeys (ConfUtils.java:logGet(46)) - raft.server.leaderelection.leader.step-down.wait-time = 10s (default)
2024-02-27 21:40:05,172 [main] INFO  server.RaftServerConfigKeys (ConfUtils.java:logGet(46)) - raft.server.storage.dir = [/home/runner/work/ozone/ozone/hadoop-ozone/integration-test/target/test-dir/MiniOzoneClusterImpl-6e3a073c-9bdc-4deb-8550-ef77f821b5e4/ozone-meta/ratis] (custom)
2024-02-27 21:40:05,172 [main] INFO  server.RaftServerConfigKeys (ConfUtils.java:logGet(46)) - raft.server.threadpool.proxy.cached = true (default)
2024-02-27 21:40:05,172 [main] INFO  server.RaftServerConfigKeys (ConfUtils.java:logGet(46)) - raft.server.threadpool.proxy.size = 0 (default)
2024-02-27 21:40:05,172 [main] INFO  server.RaftServer (RaftServerProxy.java:addNew(100)) - om1: addNew group-C5BA1605619E:[om1|localhost:15104] returns group-C5BA1605619E:java.util.concurrent.CompletableFuture@221586cc[Not completed]
2024-02-27 21:40:05,173 [main] INFO  om.OzoneManager (OzoneManager.java:initializeRatisServer(2140)) - OzoneManager Ratis server initialized at port 15104
2024-02-27 21:40:05,173 [main] INFO  om.OzoneManager (OzoneManager.java:getRpcServer(1206)) - Creating RPC Server
2024-02-27 21:40:05,172 [om1-groupManagement] INFO  server.RaftServer$Division (RaftServerImpl.java:<init>(256)) - om1: new RaftServerImpl for group-C5BA1605619E:[om1|localhost:15104] with OzoneManagerStateMachine:uninitialized
2024-02-27 21:40:05,174 [om1-groupManagement] INFO  server.RaftServerConfigKeys (ConfUtils.java:logGet(46)) - raft.server.rpc.timeout.min = 1s (custom)
2024-02-27 21:40:05,174 [om1-groupManagement] INFO  server.RaftServerConfigKeys (ConfUtils.java:logGet(46)) - raft.server.rpc.timeout.max = 1200ms (custom)
2024-02-27 21:40:05,174 [om1-groupManagement] INFO  server.RaftServerConfigKeys (ConfUtils.java:logGet(46)) - raft.server.rpc.sleep.time = 25ms (default)
2024-02-27 21:40:05,174 [om1-groupManagement] INFO  server.RaftServerConfigKeys (ConfUtils.java:logGet(46)) - raft.server.rpc.slowness.timeout = 120s (custom)
2024-02-27 21:40:05,174 [om1-groupManagement] INFO  server.RaftServerConfigKeys (ConfUtils.java:logGet(46)) - raft.server.leaderelection.leader.step-down.wait-time = 10s (default)
2024-02-27 21:40:05,174 [om1-groupManagement] INFO  server.RaftServerConfigKeys (ConfUtils.java:logGet(46)) - raft.server.leaderelection.member.majority-add = false (default)
2024-02-27 21:40:05,174 [om1-groupManagement] INFO  server.RaftServerConfigKeys (ConfUtils.java:logGet(46)) - raft.server.sleep.deviation.threshold = 300ms (default)
2024-02-27 21:40:05,174 [om1-groupManagement] INFO  server.RaftServer$Division (ServerState.java:<init>(113)) - om1@group-C5BA1605619E: ConfigurationManager, init=-1: peers:[om1|localhost:15104]|listeners:[], old=null, confs=<EMPTY_MAP>
2024-02-27 21:40:05,174 [om1-groupManagement] INFO  server.RaftServerConfigKeys (ConfUtils.java:logGet(46)) - raft.server.notification.no-leader.timeout = 120s (custom)
2024-02-27 21:40:05,174 [om1-groupManagement] INFO  server.RaftServerConfigKeys (ConfUtils.java:logGet(46)) - raft.server.read.timeout = 10s (default)
2024-02-27 21:40:05,174 [om1-groupManagement] INFO  server.RaftServerConfigKeys (ConfUtils.java:logGet(46)) - raft.server.retrycache.expirytime = 300s (custom)
2024-02-27 21:40:05,174 [om1-groupManagement] INFO  server.RaftServerConfigKeys (ConfUtils.java:logGet(46)) - raft.server.retrycache.statistics.expirytime = 100ms (default)
2024-02-27 21:40:05,175 [om1-groupManagement] INFO  server.RaftServerConfigKeys (ConfUtils.java:logGet(46)) - raft.server.read.option = DEFAULT (default)
2024-02-27 21:40:05,175 [om1-groupManagement] INFO  server.RaftServerConfigKeys (ConfUtils.java:logGet(46)) - raft.server.read.read-after-write-consistent.write-index-cache.expiry-time = 60s (default)
2024-02-27 21:40:05,175 [om1-groupManagement] INFO  server.RaftServerConfigKeys (ConfUtils.java:logGet(46)) - raft.server.rpc.request.timeout = 3000ms (default)
2024-02-27 21:40:05,176 [om1-groupManagement] INFO  server.RaftServerConfigKeys (ConfUtils.java:logGet(46)) - raft.server.log.appender.install.snapshot.enabled = false (custom)
2024-02-27 21:40:05,176 [om1-groupManagement] INFO  server.RaftServerConfigKeys (ConfUtils.java:logGet(46)) - raft.server.threadpool.server.cached = true (default)
2024-02-27 21:40:05,176 [om1-groupManagement] INFO  server.RaftServerConfigKeys (ConfUtils.java:logGet(46)) - raft.server.threadpool.server.size = 0 (default)
2024-02-27 21:40:05,176 [om1-groupManagement] INFO  server.RaftServerConfigKeys (ConfUtils.java:logGet(46)) - raft.server.threadpool.client.cached = true (default)
2024-02-27 21:40:05,176 [om1-groupManagement] INFO  server.RaftServerConfigKeys (ConfUtils.java:logGet(46)) - raft.server.threadpool.client.size = 0 (default)
2024-02-27 21:40:05,366 [main] INFO  ipc.CallQueueManager (CallQueueManager.java:<init>(90)) - Using callQueue: class java.util.concurrent.LinkedBlockingQueue, queueCapacity: 2000, scheduler: class org.apache.hadoop.ipc.DefaultRpcScheduler, ipcBackoff: false.
2024-02-27 21:40:05,366 [main] INFO  ipc.Server (Server.java:<init>(1287)) - Listener at 127.0.0.1:15101
2024-02-27 21:40:05,366 [Socket Reader #1 for port 15101] INFO  ipc.Server (Server.java:run(1323)) - Starting Socket Reader #1 for port 15101
2024-02-27 21:40:05,380 [main] INFO  impl.MetricsSystemImpl (MetricsSystemImpl.java:init(158)) - OzoneManager metrics system started (again)
2024-02-27 21:40:05,387 [main] INFO  om.OzoneManager (OzoneManager.java:start(1628)) - OzoneManager RPC server is listening at localhost/127.0.0.1:15101
2024-02-27 21:40:05,387 [main] INFO  ratis.OzoneManagerRatisServer (OzoneManagerRatisServer.java:start(588)) - Starting OzoneManagerRatisServer om1 at port 15104
2024-02-27 21:40:05,387 [om1-impl-thread1] INFO  server.RaftServerConfigKeys (ConfUtils.java:logGet(46)) - raft.server.storage.free-space.min = 0MB (=0) (default)
2024-02-27 21:40:05,387 [om1-impl-thread1] INFO  server.RaftServerConfigKeys (ConfUtils.java:logGet(46)) - raft.server.log.corruption.policy = EXCEPTION (default)
2024-02-27 21:40:05,388 [om1-impl-thread1] INFO  server.RaftServerConfigKeys (ConfUtils.java:logGet(46)) - raft.server.storage.dir = [/home/runner/work/ozone/ozone/hadoop-ozone/integration-test/target/test-dir/MiniOzoneClusterImpl-6e3a073c-9bdc-4deb-8550-ef77f821b5e4/ozone-meta/ratis] (custom)
2024-02-27 21:40:05,388 [om1-impl-thread1] INFO  storage.RaftStorageDirectory (RaftStorageDirectoryImpl.java:analyzeStorage(138)) - The storage directory /home/runner/work/ozone/ozone/hadoop-ozone/integration-test/target/test-dir/MiniOzoneClusterImpl-6e3a073c-9bdc-4deb-8550-ef77f821b5e4/ozone-meta/ratis/bf265839-605b-3f16-9796-c5ba1605619e does not exist. Creating ...
2024-02-27 21:40:05,389 [om1-impl-thread1] INFO  storage.RaftStorageDirectory (RaftStorageDirectoryImpl.java:tryLock(228)) - Lock on /home/runner/work/ozone/ozone/hadoop-ozone/integration-test/target/test-dir/MiniOzoneClusterImpl-6e3a073c-9bdc-4deb-8550-ef77f821b5e4/ozone-meta/ratis/bf265839-605b-3f16-9796-c5ba1605619e/in_use.lock acquired by nodename 32143@fv-az531-651
2024-02-27 21:40:05,390 [om1-impl-thread1] INFO  storage.RaftStorage (RaftStorageImpl.java:format(99)) - Storage directory /home/runner/work/ozone/ozone/hadoop-ozone/integration-test/target/test-dir/MiniOzoneClusterImpl-6e3a073c-9bdc-4deb-8550-ef77f821b5e4/ozone-meta/ratis/bf265839-605b-3f16-9796-c5ba1605619e has been successfully formatted.
2024-02-27 21:40:05,390 [om1-impl-thread1] WARN  util.FileUtils (LogUtils.java:supplyAndLog(63)) - Failed to Files.newInputStream /home/runner/work/ozone/ozone/hadoop-ozone/integration-test/target/test-dir/MiniOzoneClusterImpl-6e3a073c-9bdc-4deb-8550-ef77f821b5e4/ozone-meta/ratis/bf265839-605b-3f16-9796-c5ba1605619e/current/raft-meta.conf with options []: java.nio.file.NoSuchFileException: /home/runner/work/ozone/ozone/hadoop-ozone/integration-test/target/test-dir/MiniOzoneClusterImpl-6e3a073c-9bdc-4deb-8550-ef77f821b5e4/ozone-meta/ratis/bf265839-605b-3f16-9796-c5ba1605619e/current/raft-meta.conf
2024-02-27 21:40:05,391 [om1-impl-thread1] INFO  server.RaftServerConfigKeys (ConfUtils.java:logGet(46)) - raft.server.log.use.memory = false (default)
2024-02-27 21:40:05,391 [om1-impl-thread1] INFO  server.RaftServerConfigKeys (ConfUtils.java:logGet(46)) - raft.server.log.purge.gap = 1000000 (custom)
2024-02-27 21:40:05,391 [om1-impl-thread1] INFO  server.RaftServerConfigKeys (ConfUtils.java:logGet(46)) - raft.server.log.appender.buffer.byte-limit = 4194304 (custom)
2024-02-27 21:40:05,391 [om1-impl-thread1] INFO  server.RaftServerConfigKeys (ConfUtils.java:logGet(46)) - raft.server.log.statemachine.data.read.timeout = 1000ms (default)
2024-02-27 21:40:05,391 [om1-impl-thread1] INFO  server.RaftServerConfigKeys (ConfUtils.java:logGet(46)) - raft.server.log.purge.preservation.log.num = 0 (default)
2024-02-27 21:40:05,392 [om1-impl-thread1] INFO  server.RaftServerConfigKeys (ConfUtils.java:logGet(46)) - raft.server.log.segment.size.max = 4194304 (custom)
2024-02-27 21:40:05,392 [om1-impl-thread1] INFO  server.RaftServerConfigKeys (ConfUtils.java:logGet(46)) - raft.server.log.segment.cache.num.max = 2 (custom)
2024-02-27 21:40:05,392 [om1-impl-thread1] INFO  server.RaftServerConfigKeys (ConfUtils.java:logGet(46)) - raft.server.log.segment.cache.size.max = 200MB (=209715200) (default)
2024-02-27 21:40:05,392 [om1-impl-thread1] INFO  server.RaftServerConfigKeys (ConfUtils.java:logGet(46)) - raft.server.log.appender.buffer.byte-limit = 4194304 (custom)
2024-02-27 21:40:05,392 [om1-impl-thread1] INFO  util.AwaitToRun (AwaitToRun.java:start(81)) - Thread[om1@group-C5BA1605619E-cacheEviction-AwaitToRun,5,main] started
2024-02-27 21:40:05,392 [om1-impl-thread1] INFO  segmented.SegmentedRaftLogWorker (SegmentedRaftLogWorker.java:<init>(182)) - new om1@group-C5BA1605619E-SegmentedRaftLogWorker for RaftStorageImpl:Storage Directory /home/runner/work/ozone/ozone/hadoop-ozone/integration-test/target/test-dir/MiniOzoneClusterImpl-6e3a073c-9bdc-4deb-8550-ef77f821b5e4/ozone-meta/ratis/bf265839-605b-3f16-9796-c5ba1605619e
2024-02-27 21:40:05,392 [om1-impl-thread1] INFO  server.RaftServerConfigKeys (ConfUtils.java:logGet(46)) - raft.server.log.queue.byte-limit = 64MB (=67108864) (default)
2024-02-27 21:40:05,392 [om1-impl-thread1] INFO  server.RaftServerConfigKeys (ConfUtils.java:logGet(46)) - raft.server.log.queue.element-limit = 4096 (default)
2024-02-27 21:40:05,392 [om1-impl-thread1] INFO  server.RaftServerConfigKeys (ConfUtils.java:logGet(46)) - raft.server.log.segment.size.max = 4194304 (custom)
2024-02-27 21:40:05,392 [om1-impl-thread1] INFO  server.RaftServerConfigKeys (ConfUtils.java:logGet(46)) - raft.server.log.preallocated.size = 4194304 (custom)
2024-02-27 21:40:05,392 [om1-impl-thread1] INFO  server.RaftServerConfigKeys (ConfUtils.java:logGet(46)) - raft.server.log.force.sync.num = 128 (default)
2024-02-27 21:40:05,393 [om1-impl-thread1] INFO  server.RaftServerConfigKeys (ConfUtils.java:logGet(46)) - raft.server.log.statemachine.data.sync = true (default)
2024-02-27 21:40:05,393 [om1-impl-thread1] INFO  server.RaftServerConfigKeys (ConfUtils.java:logGet(46)) - raft.server.log.statemachine.data.sync.timeout = 10s (default)
2024-02-27 21:40:05,393 [om1-impl-thread1] INFO  server.RaftServerConfigKeys (ConfUtils.java:logGet(46)) - raft.server.log.statemachine.data.sync.timeout.retry = -1 (default)
2024-02-27 21:40:05,393 [om1-impl-thread1] INFO  server.RaftServerConfigKeys (ConfUtils.java:logGet(46)) - raft.server.log.write.buffer.size = 4194312 (custom)
2024-02-27 21:40:05,394 [om1-impl-thread1] INFO  server.RaftServerConfigKeys (ConfUtils.java:logGet(46)) - raft.server.log.appender.buffer.byte-limit = 4194304 (custom)
2024-02-27 21:40:05,394 [om1-impl-thread1] INFO  server.RaftServerConfigKeys (ConfUtils.java:logGet(46)) - raft.server.log.unsafe-flush.enabled = false (default)
2024-02-27 21:40:05,394 [om1-impl-thread1] INFO  server.RaftServerConfigKeys (ConfUtils.java:logGet(46)) - raft.server.log.async-flush.enabled = false (default)
2024-02-27 21:40:05,394 [om1-impl-thread1] INFO  server.RaftServerConfigKeys (ConfUtils.java:logGet(46)) - raft.server.log.statemachine.data.caching.enabled = false (default)
2024-02-27 21:40:05,394 [om1-impl-thread1] INFO  segmented.SegmentedRaftLogWorker (SegmentedRaftLogWorker.java:lambda$new$0(134)) - om1@group-C5BA1605619E-SegmentedRaftLogWorker: flushIndex: setUnconditionally 0 -> -1
2024-02-27 21:40:05,394 [om1-impl-thread1] INFO  segmented.SegmentedRaftLogWorker (SegmentedRaftLogWorker.java:lambda$new$0(134)) - om1@group-C5BA1605619E-SegmentedRaftLogWorker: safeCacheEvictIndex: setUnconditionally 0 -> -1
2024-02-27 21:40:05,394 [om1-impl-thread1] INFO  server.RaftServer$Division (RaftServerImpl.java:start(396)) - om1@group-C5BA1605619E: start as a follower, conf=-1: peers:[om1|localhost:15104]|listeners:[], old=null
2024-02-27 21:40:05,395 [om1-impl-thread1] INFO  server.RaftServer$Division (RaftServerImpl.java:setRole(383)) - om1@group-C5BA1605619E: changes role from      null to FOLLOWER at term 0 for startAsFollower
2024-02-27 21:40:05,395 [om1-impl-thread1] INFO  impl.RoleInfo (RoleInfo.java:updateAndGet(139)) - om1: start om1@group-C5BA1605619E-FollowerState
2024-02-27 21:40:05,395 [om1-impl-thread1] INFO  util.JmxRegister (JmxRegister.java:tryRegister(44)) - Successfully registered JMX Bean with object name Ratis:service=RaftServer,group=group-C5BA1605619E,id=om1
2024-02-27 21:40:05,395 [om1-impl-thread1] INFO  server.RaftServerConfigKeys (ConfUtils.java:logGet(46)) - raft.server.snapshot.trigger-when-stop.enabled = true (default)
2024-02-27 21:40:05,395 [om1-impl-thread1] INFO  server.RaftServerConfigKeys (ConfUtils.java:logGet(46)) - raft.server.snapshot.auto.trigger.enabled = true (custom)
2024-02-27 21:40:05,395 [om1-impl-thread1] INFO  server.RaftServerConfigKeys (ConfUtils.java:logGet(46)) - raft.server.snapshot.auto.trigger.threshold = 400000 (default)
2024-02-27 21:40:05,395 [om1-impl-thread1] INFO  server.RaftServerConfigKeys (ConfUtils.java:logGet(46)) - raft.server.snapshot.retention.file.num = -1 (default)
2024-02-27 21:40:05,395 [om1-impl-thread1] INFO  server.RaftServerConfigKeys (ConfUtils.java:logGet(46)) - raft.server.log.purge.upto.snapshot.index = true (custom)
2024-02-27 21:40:05,395 [om1@group-C5BA1605619E-FollowerState] INFO  server.RaftServerConfigKeys (ConfUtils.java:logFallback(53)) - raft.server.rpc.first-election.timeout.min = 1s (fallback to raft.server.rpc.timeout.min)
2024-02-27 21:40:05,396 [om1@group-C5BA1605619E-FollowerState] INFO  server.RaftServerConfigKeys (ConfUtils.java:logFallback(53)) - raft.server.rpc.first-election.timeout.max = 1200ms (fallback to raft.server.rpc.timeout.max)
2024-02-27 21:40:05,398 [main] INFO  server.RaftServer (RaftServerProxy.java:startImpl(406)) - om1: start RPC server
2024-02-27 21:40:05,402 [main] INFO  server.GrpcService (GrpcService.java:startImpl(302)) - om1: GrpcService started, listening on 15104
2024-02-27 21:40:05,403 [main] INFO  om.OzoneManager (OzoneManager.java:start(1644)) - Version File has different layout version (6) than OM DB (null). That is expected if this OM has never been finalized to a newer layout version.
2024-02-27 21:40:05,406 [JvmPauseMonitor14] INFO  util.JvmPauseMonitor (JvmPauseMonitor.java:run(146)) - JvmPauseMonitor-om1: Started
2024-02-27 21:40:05,435 [main] INFO  http.BaseHttpServer (BaseHttpServer.java:newHttpServer2BuilderForOzone(223)) - Starting Web-server for ozoneManager at: http://0.0.0.0:15102
2024-02-27 21:40:05,435 [main] INFO  http.BaseHttpServer (BaseHttpServer.java:<init>(110)) - Hadoop Security Enabled: false Ozone Security Enabled: false Ozone HTTP Security Enabled: false 
2024-02-27 21:40:05,436 [main] WARN  server.AuthenticationFilter (AuthenticationFilter.java:constructSecretProvider(240)) - Unable to initialize FileSignerSecretProvider, falling back to use random secrets. Reason: Could not read signature secret file: /home/runner/hadoop-http-auth-signature-secret
2024-02-27 21:40:05,438 [main] INFO  http.HttpRequestLog (HttpRequestLog.java:getRequestLog(86)) - Http request log for http.requests.ozoneManager is not defined
2024-02-27 21:40:05,439 [main] INFO  http.HttpServer2 (HttpServer2.java:addGlobalFilter(1036)) - Added global filter 'safety' (class=org.apache.hadoop.hdds.server.http.HttpServer2$QuotingInputFilter)
2024-02-27 21:40:05,440 [main] INFO  http.HttpServer2 (HttpServer2.java:addFilter(1012)) - Added filter static_user_filter (class=org.apache.hadoop.http.lib.StaticUserWebFilter$StaticUserFilter) to context ozoneManager
2024-02-27 21:40:05,440 [main] INFO  http.HttpServer2 (HttpServer2.java:addFilter(1020)) - Added filter static_user_filter (class=org.apache.hadoop.http.lib.StaticUserWebFilter$StaticUserFilter) to context logs
2024-02-27 21:40:05,440 [main] INFO  http.HttpServer2 (HttpServer2.java:addFilter(1020)) - Added filter static_user_filter (class=org.apache.hadoop.http.lib.StaticUserWebFilter$StaticUserFilter) to context static
2024-02-27 21:40:05,441 [main] INFO  http.BaseHttpServer (BaseHttpServer.java:<init>(189)) - HTTP server of ozoneManager uses base directory /home/runner/work/ozone/ozone/hadoop-ozone/integration-test/target/test-dir/MiniOzoneClusterImpl-6e3a073c-9bdc-4deb-8550-ef77f821b5e4/ozone-meta/webserver
2024-02-27 21:40:05,441 [main] INFO  http.HttpServer2 (HttpServer2.java:bindListener(1236)) - Jetty bound to port 15102
2024-02-27 21:40:05,441 [main] INFO  server.Server (Server.java:doStart(375)) - jetty-9.4.53.v20231009; built: 2023-10-09T12:29:09.265Z; git: 27bde00a0b95a1d5bbee0eae7984f891d2d0f8c9; jvm 1.8.0_402-b06
2024-02-27 21:40:05,448 [main] INFO  server.session (DefaultSessionIdManager.java:doStart(334)) - DefaultSessionIdManager workerName=node0
2024-02-27 21:40:05,448 [main] INFO  server.session (DefaultSessionIdManager.java:doStart(339)) - No SessionScavenger set, using defaults
2024-02-27 21:40:05,448 [main] INFO  server.session (HouseKeeper.java:startScavenging(132)) - node0 Scavenging every 660000ms
2024-02-27 21:40:05,449 [main] INFO  handler.ContextHandler (ContextHandler.java:doStart(921)) - Started o.e.j.s.ServletContextHandler@5d643e39{logs,/logs,file:///home/runner/work/ozone/ozone/hadoop-ozone/integration-test/target/log,AVAILABLE}
2024-02-27 21:40:05,449 [main] INFO  handler.ContextHandler (ContextHandler.java:doStart(921)) - Started o.e.j.s.ServletContextHandler@7c7a1f75{static,/static,file:///home/runner/work/ozone/ozone/hadoop-ozone/integration-test/target/test-classes/webapps/static,AVAILABLE}
2024-02-27 21:40:05,451 [main] INFO  handler.ContextHandler (ContextHandler.java:doStart(921)) - Started o.e.j.w.WebAppContext@66619114{ozoneManager,/,file:///home/runner/work/ozone/ozone/hadoop-ozone/integration-test/target/test-classes/webapps/ozoneManager/,AVAILABLE}{file:/home/runner/work/ozone/ozone/hadoop-ozone/integration-test/target/test-classes/webapps/ozoneManager}
2024-02-27 21:40:05,453 [main] INFO  server.AbstractConnector (AbstractConnector.java:doStart(333)) - Started ServerConnector@1f05158e{HTTP/1.1, (http/1.1)}{0.0.0.0:15102}
2024-02-27 21:40:05,453 [main] INFO  server.Server (Server.java:doStart(415)) - Started @215797ms
2024-02-27 21:40:05,454 [main] WARN  impl.MetricsSystemImpl (MetricsSystemImpl.java:register(279)) - Sink prometheus already exists!
2024-02-27 21:40:05,454 [main] INFO  http.BaseHttpServer (BaseHttpServer.java:updateConnectorAddress(354)) - HTTP server of ozoneManager listening at http://0.0.0.0:15102
2024-02-27 21:40:05,454 [IPC Server Responder] INFO  ipc.Server (Server.java:run(1562)) - IPC Server Responder: starting
2024-02-27 21:40:05,455 [IPC Server listener on 15101] INFO  ipc.Server (Server.java:run(1402)) - IPC Server listener on 15101: starting
2024-02-27 21:40:05,460 [main] INFO  om.OzoneManager (OzoneManager.java:startTrashEmptier(2093)) - Trash Interval set to 0. Files deleted won't move to trash
2024-02-27 21:40:05,472 [main] WARN  dropwizard3.Dm3MetricRegistriesImpl (Dm3MetricRegistriesImpl.java:addReporterRegistration(113)) - New reporters are added after registries were created. Some metrics will be missing from the reporter. Please add reporter before adding any new registry.
2024-02-27 21:40:05,472 [main] WARN  dropwizard3.Dm3MetricRegistriesImpl (Dm3MetricRegistriesImpl.java:addReporterRegistration(113)) - New reporters are added after registries were created. Some metrics will be missing from the reporter. Please add reporter before adding any new registry.
2024-02-27 21:40:05,472 [main] INFO  impl.MetricsSystemImpl (MetricsSystemImpl.java:init(158)) - HddsDatanode metrics system started (again)
2024-02-27 21:40:05,480 [main] INFO  ozone.HddsDatanodeService (HddsDatanodeService.java:start(240)) - HddsDatanodeService host:fv-az531-651.fb1yufaac5hu3gd5gtxiz42tfh.cx.internal.cloudapp.net ip:10.1.0.18
2024-02-27 21:40:05,500 [main] INFO  upgrade.AbstractLayoutVersionManager (AbstractLayoutVersionManager.java:init(83)) - Initializing Layout version manager with metadata layout = HADOOP_PRC_PORTS_IN_DATANODEDETAILS (version = 7), software layout = HADOOP_PRC_PORTS_IN_DATANODEDETAILS (version = 7)
2024-02-27 21:40:05,501 [main] INFO  statemachine.DatanodeStateMachine (DatanodeStateMachine.java:getEndPointTaskThreadPoolSize(299)) - Datanode State Machine Task Thread Pool size 2
2024-02-27 21:40:05,503 [main] INFO  volume.HddsVolume (HddsVolume.java:<init>(125)) - Creating HddsVolume: /home/runner/work/ozone/ozone/hadoop-ozone/integration-test/target/test-dir/MiniOzoneClusterImpl-6e3a073c-9bdc-4deb-8550-ef77f821b5e4/ozone-meta/datanode-1/data-0/hdds of storage type : DISK capacity : 9223372036854775807
2024-02-27 21:40:05,504 [main] INFO  volume.MutableVolumeSet (MutableVolumeSet.java:initializeVolumeSet(173)) - Added Volume : /home/runner/work/ozone/ozone/hadoop-ozone/integration-test/target/test-dir/MiniOzoneClusterImpl-6e3a073c-9bdc-4deb-8550-ef77f821b5e4/ozone-meta/datanode-1/data-0/hdds to VolumeSet
2024-02-27 21:40:05,505 [main] INFO  volume.MutableVolumeSet (MutableVolumeSet.java:initializeVolumeSet(173)) - Added Volume : /home/runner/work/ozone/ozone/hadoop-ozone/integration-test/target/test-dir/MiniOzoneClusterImpl-6e3a073c-9bdc-4deb-8550-ef77f821b5e4/ozone-meta/datanode-1/ratis to VolumeSet
2024-02-27 21:40:05,507 [main] INFO  ozoneimpl.OzoneContainer (HddsVolumeUtil.java:loadAllHddsVolumeDbStore(103)) - Load 1 volumes DbStore cost: 2ms
2024-02-27 21:40:05,509 [main] INFO  server.RaftServer (ConfUtils.java:logGet(46)) - raft.rpc.type = GRPC (default)
2024-02-27 21:40:05,510 [main] INFO  grpc.GrpcConfigKeys (ConfUtils.java:logFallback(53)) - raft.grpc.admin.host = null (fallback to raft.grpc.server.host)
2024-02-27 21:40:05,510 [main] INFO  grpc.GrpcConfigKeys (ConfUtils.java:logGet(46)) - raft.grpc.admin.port = 15110 (custom)
2024-02-27 21:40:05,510 [main] INFO  grpc.GrpcConfigKeys (ConfUtils.java:logFallback(53)) - raft.grpc.client.host = null (fallback to raft.grpc.server.host)
2024-02-27 21:40:05,510 [main] INFO  grpc.GrpcConfigKeys (ConfUtils.java:logGet(46)) - raft.grpc.client.port = 15109 (custom)
2024-02-27 21:40:05,510 [main] INFO  grpc.GrpcConfigKeys (ConfUtils.java:logGet(46)) - raft.grpc.server.host = null (default)
2024-02-27 21:40:05,511 [main] INFO  grpc.GrpcConfigKeys (ConfUtils.java:logGet(46)) - raft.grpc.server.port = 15111 (custom)
2024-02-27 21:40:05,511 [main] INFO  server.GrpcService (ConfUtils.java:logGet(46)) - raft.grpc.message.size.max = 32MB (=33554432) (custom)
2024-02-27 21:40:05,511 [main] INFO  server.RaftServerConfigKeys (ConfUtils.java:logGet(46)) - raft.server.log.appender.buffer.byte-limit = 8388608 (custom)
2024-02-27 21:40:05,511 [main] INFO  server.GrpcService (ConfUtils.java:logGet(46)) - raft.grpc.flow.control.window = 5MB (=5242880) (custom)
2024-02-27 21:40:05,511 [main] INFO  server.RaftServerConfigKeys (ConfUtils.java:logGet(46)) - raft.server.rpc.request.timeout = 60s (custom)
2024-02-27 21:40:05,512 [main] INFO  grpc.GrpcConfigKeys (ConfUtils.java:logGet(46)) - raft.grpc.server.heartbeat.channel = true (default)
2024-02-27 21:40:05,512 [main] INFO  grpc.GrpcConfigKeys (ConfUtils.java:logGet(46)) - raft.grpc.server.async.request.thread.pool.cached = true (default)
2024-02-27 21:40:05,512 [main] INFO  grpc.GrpcConfigKeys (ConfUtils.java:logGet(46)) - raft.grpc.server.async.request.thread.pool.size = 32 (default)
2024-02-27 21:40:05,514 [main] INFO  impl.DataStreamServerImpl (ConfUtils.java:logGet(46)) - raft.datastream.type = NETTY (custom)
2024-02-27 21:40:05,514 [main] INFO  server.RaftServerConfigKeys (ConfUtils.java:logGet(46)) - raft.server.data-stream.async.request.thread.pool.cached = false (default)
2024-02-27 21:40:05,515 [main] INFO  server.RaftServerConfigKeys (ConfUtils.java:logGet(46)) - raft.server.data-stream.async.request.thread.pool.size = 20 (custom)
2024-02-27 21:40:05,515 [main] INFO  server.RaftServerConfigKeys (ConfUtils.java:logGet(46)) - raft.server.data-stream.async.write.thread.pool.size = 16 (default)
2024-02-27 21:40:05,515 [main] INFO  netty.NettyConfigKeys$DataStream (ConfUtils.java:logGet(46)) - raft.netty.dataStream.server.channel.inactive.grace-period = 10min (default)
2024-02-27 21:40:05,515 [main] INFO  server.RaftServerConfigKeys (ConfUtils.java:logGet(46)) - raft.server.data-stream.client.pool.size = 10 (default)
2024-02-27 21:40:05,516 [main] INFO  netty.NettyConfigKeys$DataStream (ConfUtils.java:logGet(46)) - raft.netty.dataStream.server.use-epoll = true (default)
2024-02-27 21:40:05,516 [main] INFO  netty.NettyConfigKeys$DataStream (ConfUtils.java:logGet(46)) - raft.netty.dataStream.server.boss-group.size = 0 (default)
2024-02-27 21:40:05,516 [main] INFO  netty.NettyUtils (NettyUtils.java:newEventLoopGroup(69)) - Create EpollEventLoopGroup for e0fc16c3-8785-492f-95e3-5d2aafd0cf3f-NettyServerStreamRpc-bossGroup; Thread size is 0.
2024-02-27 21:40:05,516 [main] INFO  netty.NettyConfigKeys$DataStream (ConfUtils.java:logGet(46)) - raft.netty.dataStream.server.worker-group.size = 0 (default)
2024-02-27 21:40:05,517 [main] INFO  netty.NettyUtils (NettyUtils.java:newEventLoopGroup(69)) - Create EpollEventLoopGroup for e0fc16c3-8785-492f-95e3-5d2aafd0cf3f-NettyServerStreamRpc-workerGroup; Thread size is 0.
2024-02-27 21:40:05,517 [main] INFO  netty.NettyConfigKeys$DataStream (ConfUtils.java:logGet(46)) - raft.netty.dataStream.server.tls.conf = null (default)
2024-02-27 21:40:05,517 [main] INFO  netty.NettyConfigKeys$DataStream (ConfUtils.java:logGet(46)) - raft.netty.dataStream.host = null (default)
2024-02-27 21:40:05,517 [main] INFO  netty.NettyConfigKeys$DataStream (ConfUtils.java:logGet(46)) - raft.netty.dataStream.port = 15112 (custom)
2024-02-27 21:40:05,518 [main] INFO  server.RaftServerConfigKeys (ConfUtils.java:logGet(46)) - raft.server.sleep.deviation.threshold = 300ms (default)
2024-02-27 21:40:05,518 [main] INFO  server.RaftServerConfigKeys (ConfUtils.java:logGet(46)) - raft.server.close.threshold = 60s (default)
2024-02-27 21:40:05,518 [main] INFO  server.RaftServerConfigKeys (ConfUtils.java:logGet(46)) - raft.server.leaderelection.leader.step-down.wait-time = 10s (default)
2024-02-27 21:40:05,518 [main] INFO  server.RaftServerConfigKeys (ConfUtils.java:logGet(46)) - raft.server.storage.dir = [/home/runner/work/ozone/ozone/hadoop-ozone/integration-test/target/test-dir/MiniOzoneClusterImpl-6e3a073c-9bdc-4deb-8550-ef77f821b5e4/ozone-meta/datanode-1/ratis] (custom)
2024-02-27 21:40:05,519 [main] INFO  server.RaftServerConfigKeys (ConfUtils.java:logGet(46)) - raft.server.threadpool.proxy.cached = true (default)
2024-02-27 21:40:05,519 [main] INFO  server.RaftServerConfigKeys (ConfUtils.java:logGet(46)) - raft.server.threadpool.proxy.size = 0 (default)
2024-02-27 21:40:05,519 [e0fc16c3-8785-492f-95e3-5d2aafd0cf3f-NettyServerStreamRpc-bossGroup--thread1] INFO  logging.LoggingHandler (AbstractInternalLogger.java:log(148)) - [id: 0x84bc69db] REGISTERED
2024-02-27 21:40:05,519 [e0fc16c3-8785-492f-95e3-5d2aafd0cf3f-NettyServerStreamRpc-bossGroup--thread1] INFO  logging.LoggingHandler (AbstractInternalLogger.java:log(148)) - [id: 0x84bc69db] BIND: 0.0.0.0/0.0.0.0:15112
2024-02-27 21:40:05,520 [e0fc16c3-8785-492f-95e3-5d2aafd0cf3f-NettyServerStreamRpc-bossGroup--thread1] INFO  logging.LoggingHandler (AbstractInternalLogger.java:log(148)) - [id: 0x84bc69db, L:/0.0.0.0:15112] ACTIVE
2024-02-27 21:40:05,522 [e0fc16c3-8785-492f-95e3-5d2aafd0cf3f-impl-thread1] INFO  server.RaftServer (RaftServerProxy.java:initGroupDir(264)) - e0fc16c3-8785-492f-95e3-5d2aafd0cf3f: found a subdirectory /home/runner/work/ozone/ozone/hadoop-ozone/integration-test/target/test-dir/MiniOzoneClusterImpl-6e3a073c-9bdc-4deb-8550-ef77f821b5e4/ozone-meta/datanode-1/ratis/tmp
2024-02-27 21:40:05,522 [e0fc16c3-8785-492f-95e3-5d2aafd0cf3f-impl-thread1] INFO  server.RaftServer (RaftServerProxy.java:initGroupDir(269)) - e0fc16c3-8785-492f-95e3-5d2aafd0cf3f: The directory /home/runner/work/ozone/ozone/hadoop-ozone/integration-test/target/test-dir/MiniOzoneClusterImpl-6e3a073c-9bdc-4deb-8550-ef77f821b5e4/ozone-meta/datanode-1/ratis/tmp is not a group directory; ignoring it. 
2024-02-27 21:40:05,522 [main] INFO  replication.ReplicationServer (ReplicationServer.java:<init>(86)) - Initializing replication server with thread count = 10 queue length = 4096
2024-02-27 21:40:05,523 [main] INFO  server.XceiverServerGrpc (XceiverServerGrpc.java:<init>(141)) - GrpcServer channel type EpollServerSocketChannel
2024-02-27 21:40:05,525 [main] INFO  replication.ReplicationSupervisor (ReplicationSupervisor.java:build(163)) - Initializing replication supervisor with thread count = 10
2024-02-27 21:40:05,525 [main] INFO  replication.ReplicationSupervisor (ReplicationSupervisor.java:nodeStateUpdated(317)) - Node state updated to IN_SERVICE, scaling executor pool size to 10
2024-02-27 21:40:05,535 [main] INFO  http.BaseHttpServer (BaseHttpServer.java:newHttpServer2BuilderForOzone(223)) - Starting Web-server for hddsDatanode at: http://0.0.0.0:15106
2024-02-27 21:40:05,535 [main] INFO  http.BaseHttpServer (BaseHttpServer.java:<init>(110)) - Hadoop Security Enabled: false Ozone Security Enabled: false Ozone HTTP Security Enabled: false 
2024-02-27 21:40:05,536 [main] WARN  server.AuthenticationFilter (AuthenticationFilter.java:constructSecretProvider(240)) - Unable to initialize FileSignerSecretProvider, falling back to use random secrets. Reason: Could not read signature secret file: /home/runner/hadoop-http-auth-signature-secret
2024-02-27 21:40:05,537 [main] INFO  http.HttpRequestLog (HttpRequestLog.java:getRequestLog(86)) - Http request log for http.requests.hddsDatanode is not defined
2024-02-27 21:40:05,538 [main] INFO  http.HttpServer2 (HttpServer2.java:addGlobalFilter(1036)) - Added global filter 'safety' (class=org.apache.hadoop.hdds.server.http.HttpServer2$QuotingInputFilter)
2024-02-27 21:40:05,538 [main] INFO  http.HttpServer2 (HttpServer2.java:addFilter(1012)) - Added filter static_user_filter (class=org.apache.hadoop.http.lib.StaticUserWebFilter$StaticUserFilter) to context hddsDatanode
2024-02-27 21:40:05,538 [main] INFO  http.HttpServer2 (HttpServer2.java:addFilter(1020)) - Added filter static_user_filter (class=org.apache.hadoop.http.lib.StaticUserWebFilter$StaticUserFilter) to context static
2024-02-27 21:40:05,538 [main] INFO  http.HttpServer2 (HttpServer2.java:addFilter(1020)) - Added filter static_user_filter (class=org.apache.hadoop.http.lib.StaticUserWebFilter$StaticUserFilter) to context logs
2024-02-27 21:40:05,539 [main] INFO  http.BaseHttpServer (BaseHttpServer.java:<init>(189)) - HTTP server of hddsDatanode uses base directory /home/runner/work/ozone/ozone/hadoop-ozone/integration-test/target/test-dir/MiniOzoneClusterImpl-6e3a073c-9bdc-4deb-8550-ef77f821b5e4/ozone-meta/datanode-1/meta/webserver
2024-02-27 21:40:05,539 [main] INFO  http.HttpServer2 (HttpServer2.java:bindListener(1236)) - Jetty bound to port 15106
2024-02-27 21:40:05,539 [main] INFO  server.Server (Server.java:doStart(375)) - jetty-9.4.53.v20231009; built: 2023-10-09T12:29:09.265Z; git: 27bde00a0b95a1d5bbee0eae7984f891d2d0f8c9; jvm 1.8.0_402-b06
2024-02-27 21:40:05,540 [main] INFO  server.session (DefaultSessionIdManager.java:doStart(334)) - DefaultSessionIdManager workerName=node0
2024-02-27 21:40:05,540 [main] INFO  server.session (DefaultSessionIdManager.java:doStart(339)) - No SessionScavenger set, using defaults
2024-02-27 21:40:05,540 [main] INFO  server.session (HouseKeeper.java:startScavenging(132)) - node0 Scavenging every 660000ms
2024-02-27 21:40:05,541 [main] INFO  handler.ContextHandler (ContextHandler.java:doStart(921)) - Started o.e.j.s.ServletContextHandler@510fcab6{logs,/logs,file:///home/runner/work/ozone/ozone/hadoop-ozone/integration-test/target/log,AVAILABLE}
2024-02-27 21:40:05,541 [main] INFO  handler.ContextHandler (ContextHandler.java:doStart(921)) - Started o.e.j.s.ServletContextHandler@4179173d{static,/static,jar:file:/home/runner/.m2/repository/org/apache/ozone/hdds-container-service/1.5.0-SNAPSHOT/hdds-container-service-1.5.0-SNAPSHOT.jar!/webapps/static,AVAILABLE}
2024-02-27 21:40:05,575 [main] INFO  handler.ContextHandler (ContextHandler.java:doStart(921)) - Started o.e.j.w.WebAppContext@79994ef0{hddsDatanode,/,file:///home/runner/work/ozone/ozone/hadoop-ozone/integration-test/target/test-dir/MiniOzoneClusterImpl-6e3a073c-9bdc-4deb-8550-ef77f821b5e4/ozone-meta/datanode-1/meta/webserver/jetty-0_0_0_0-15106-hdds-container-service-1_5_0-SNAPSHOT_jar-_-any-5820573590935576404/webapp/,AVAILABLE}{jar:file:/home/runner/.m2/repository/org/apache/ozone/hdds-container-service/1.5.0-SNAPSHOT/hdds-container-service-1.5.0-SNAPSHOT.jar!/webapps/hddsDatanode}
2024-02-27 21:40:05,577 [main] INFO  server.AbstractConnector (AbstractConnector.java:doStart(333)) - Started ServerConnector@5f133735{HTTP/1.1, (http/1.1)}{0.0.0.0:15106}
2024-02-27 21:40:05,577 [main] INFO  server.Server (Server.java:doStart(415)) - Started @215920ms
2024-02-27 21:40:05,577 [main] WARN  impl.MetricsSystemImpl (MetricsSystemImpl.java:register(279)) - Sink prometheus already exists!
2024-02-27 21:40:05,577 [main] INFO  http.BaseHttpServer (BaseHttpServer.java:updateConnectorAddress(354)) - HTTP server of hddsDatanode listening at http://0.0.0.0:15106
2024-02-27 21:40:05,578 [main] INFO  ipc.CallQueueManager (CallQueueManager.java:<init>(90)) - Using callQueue: class java.util.concurrent.LinkedBlockingQueue, queueCapacity: 100, scheduler: class org.apache.hadoop.ipc.DefaultRpcScheduler, ipcBackoff: false.
2024-02-27 21:40:05,578 [main] INFO  ipc.Server (Server.java:<init>(1287)) - Listener at 0.0.0.0:15107
2024-02-27 21:40:05,578 [Socket Reader #1 for port 15107] INFO  ipc.Server (Server.java:run(1323)) - Starting Socket Reader #1 for port 15107
2024-02-27 21:40:05,579 [main] INFO  ozone.HddsDatanodeService (HddsDatanodeService.java:start(327)) - Datanode start with admins: [runner]
2024-02-27 21:40:05,580 [main] INFO  ozone.HddsDatanodeClientProtocolServer (HddsDatanodeClientProtocolServer.java:start(77)) - RPC server for Client /0.0.0.0:15107
2024-02-27 21:40:05,580 [IPC Server Responder] INFO  ipc.Server (Server.java:run(1562)) - IPC Server Responder: starting
2024-02-27 21:40:05,580 [IPC Server listener on 15107] INFO  ipc.Server (Server.java:run(1402)) - IPC Server listener on 15107: starting
2024-02-27 21:40:05,583 [e0fc16c3-8785-492f-95e3-5d2aafd0cf3f-DatanodeStateMachineDaemonThread] INFO  statemachine.DatanodeStateMachine (DatanodeStateMachine.java:lambda$startDaemon$1(555)) - Ozone container server started.
2024-02-27 21:40:05,583 [main] WARN  dropwizard3.Dm3MetricRegistriesImpl (Dm3MetricRegistriesImpl.java:addReporterRegistration(113)) - New reporters are added after registries were created. Some metrics will be missing from the reporter. Please add reporter before adding any new registry.
2024-02-27 21:40:05,583 [main] WARN  dropwizard3.Dm3MetricRegistriesImpl (Dm3MetricRegistriesImpl.java:addReporterRegistration(113)) - New reporters are added after registries were created. Some metrics will be missing from the reporter. Please add reporter before adding any new registry.
2024-02-27 21:40:05,583 [main] INFO  impl.MetricsSystemImpl (MetricsSystemImpl.java:init(158)) - HddsDatanode metrics system started (again)
2024-02-27 21:40:05,588 [e0fc16c3-8785-492f-95e3-5d2aafd0cf3f-DatanodeStateMachineTaskThread-0] INFO  datanode.InitDatanodeState (InitDatanodeState.java:persistContainerDatanodeDetails(139)) - DatanodeDetails is persisted to /home/runner/work/ozone/ozone/hadoop-ozone/integration-test/target/test-dir/MiniOzoneClusterImpl-6e3a073c-9bdc-4deb-8550-ef77f821b5e4/ozone-meta/datanode-1/meta/datanode.id
2024-02-27 21:40:05,599 [main] INFO  ozone.HddsDatanodeService (HddsDatanodeService.java:start(240)) - HddsDatanodeService host:fv-az531-651.fb1yufaac5hu3gd5gtxiz42tfh.cx.internal.cloudapp.net ip:10.1.0.18
2024-02-27 21:40:05,617 [main] INFO  upgrade.AbstractLayoutVersionManager (AbstractLayoutVersionManager.java:init(83)) - Initializing Layout version manager with metadata layout = HADOOP_PRC_PORTS_IN_DATANODEDETAILS (version = 7), software layout = HADOOP_PRC_PORTS_IN_DATANODEDETAILS (version = 7)
2024-02-27 21:40:05,617 [main] INFO  statemachine.DatanodeStateMachine (DatanodeStateMachine.java:getEndPointTaskThreadPoolSize(299)) - Datanode State Machine Task Thread Pool size 2
2024-02-27 21:40:05,618 [main] INFO  volume.HddsVolume (HddsVolume.java:<init>(125)) - Creating HddsVolume: /home/runner/work/ozone/ozone/hadoop-ozone/integration-test/target/test-dir/MiniOzoneClusterImpl-6e3a073c-9bdc-4deb-8550-ef77f821b5e4/ozone-meta/datanode-2/data-0/hdds of storage type : DISK capacity : 9223372036854775807
2024-02-27 21:40:05,619 [main] INFO  volume.MutableVolumeSet (MutableVolumeSet.java:initializeVolumeSet(173)) - Added Volume : /home/runner/work/ozone/ozone/hadoop-ozone/integration-test/target/test-dir/MiniOzoneClusterImpl-6e3a073c-9bdc-4deb-8550-ef77f821b5e4/ozone-meta/datanode-2/data-0/hdds to VolumeSet
2024-02-27 21:40:05,619 [main] INFO  volume.MutableVolumeSet (MutableVolumeSet.java:initializeVolumeSet(173)) - Added Volume : /home/runner/work/ozone/ozone/hadoop-ozone/integration-test/target/test-dir/MiniOzoneClusterImpl-6e3a073c-9bdc-4deb-8550-ef77f821b5e4/ozone-meta/datanode-2/ratis to VolumeSet
2024-02-27 21:40:05,619 [main] INFO  ozoneimpl.OzoneContainer (HddsVolumeUtil.java:loadAllHddsVolumeDbStore(103)) - Load 1 volumes DbStore cost: 0ms
2024-02-27 21:40:05,621 [main] INFO  server.RaftServer (ConfUtils.java:logGet(46)) - raft.rpc.type = GRPC (default)
2024-02-27 21:40:05,621 [main] INFO  grpc.GrpcConfigKeys (ConfUtils.java:logFallback(53)) - raft.grpc.admin.host = null (fallback to raft.grpc.server.host)
2024-02-27 21:40:05,621 [main] INFO  grpc.GrpcConfigKeys (ConfUtils.java:logGet(46)) - raft.grpc.admin.port = 15119 (custom)
2024-02-27 21:40:05,621 [main] INFO  grpc.GrpcConfigKeys (ConfUtils.java:logFallback(53)) - raft.grpc.client.host = null (fallback to raft.grpc.server.host)
2024-02-27 21:40:05,621 [main] INFO  grpc.GrpcConfigKeys (ConfUtils.java:logGet(46)) - raft.grpc.client.port = 15118 (custom)
2024-02-27 21:40:05,621 [main] INFO  grpc.GrpcConfigKeys (ConfUtils.java:logGet(46)) - raft.grpc.server.host = null (default)
2024-02-27 21:40:05,622 [main] INFO  grpc.GrpcConfigKeys (ConfUtils.java:logGet(46)) - raft.grpc.server.port = 15120 (custom)
2024-02-27 21:40:05,622 [main] INFO  server.GrpcService (ConfUtils.java:logGet(46)) - raft.grpc.message.size.max = 32MB (=33554432) (custom)
2024-02-27 21:40:05,622 [main] INFO  server.RaftServerConfigKeys (ConfUtils.java:logGet(46)) - raft.server.log.appender.buffer.byte-limit = 8388608 (custom)
2024-02-27 21:40:05,622 [main] INFO  server.GrpcService (ConfUtils.java:logGet(46)) - raft.grpc.flow.control.window = 5MB (=5242880) (custom)
2024-02-27 21:40:05,622 [main] INFO  server.RaftServerConfigKeys (ConfUtils.java:logGet(46)) - raft.server.rpc.request.timeout = 60s (custom)
2024-02-27 21:40:05,622 [main] INFO  grpc.GrpcConfigKeys (ConfUtils.java:logGet(46)) - raft.grpc.server.heartbeat.channel = true (default)
2024-02-27 21:40:05,622 [main] INFO  grpc.GrpcConfigKeys (ConfUtils.java:logGet(46)) - raft.grpc.server.async.request.thread.pool.cached = true (default)
2024-02-27 21:40:05,622 [main] INFO  grpc.GrpcConfigKeys (ConfUtils.java:logGet(46)) - raft.grpc.server.async.request.thread.pool.size = 32 (default)
2024-02-27 21:40:05,624 [main] INFO  impl.DataStreamServerImpl (ConfUtils.java:logGet(46)) - raft.datastream.type = NETTY (custom)
2024-02-27 21:40:05,624 [main] INFO  server.RaftServerConfigKeys (ConfUtils.java:logGet(46)) - raft.server.data-stream.async.request.thread.pool.cached = false (default)
2024-02-27 21:40:05,624 [main] INFO  server.RaftServerConfigKeys (ConfUtils.java:logGet(46)) - raft.server.data-stream.async.request.thread.pool.size = 20 (custom)
2024-02-27 21:40:05,624 [main] INFO  server.RaftServerConfigKeys (ConfUtils.java:logGet(46)) - raft.server.data-stream.async.write.thread.pool.size = 16 (default)
2024-02-27 21:40:05,625 [main] INFO  netty.NettyConfigKeys$DataStream (ConfUtils.java:logGet(46)) - raft.netty.dataStream.server.channel.inactive.grace-period = 10min (default)
2024-02-27 21:40:05,625 [main] INFO  server.RaftServerConfigKeys (ConfUtils.java:logGet(46)) - raft.server.data-stream.client.pool.size = 10 (default)
2024-02-27 21:40:05,625 [main] INFO  netty.NettyConfigKeys$DataStream (ConfUtils.java:logGet(46)) - raft.netty.dataStream.server.use-epoll = true (default)
2024-02-27 21:40:05,625 [main] INFO  netty.NettyConfigKeys$DataStream (ConfUtils.java:logGet(46)) - raft.netty.dataStream.server.boss-group.size = 0 (default)
2024-02-27 21:40:05,625 [main] INFO  netty.NettyUtils (NettyUtils.java:newEventLoopGroup(69)) - Create EpollEventLoopGroup for a4a9caa5-f98a-4b6d-87b4-17f7eca85f0e-NettyServerStreamRpc-bossGroup; Thread size is 0.
2024-02-27 21:40:05,626 [main] INFO  netty.NettyConfigKeys$DataStream (ConfUtils.java:logGet(46)) - raft.netty.dataStream.server.worker-group.size = 0 (default)
2024-02-27 21:40:05,626 [main] INFO  netty.NettyUtils (NettyUtils.java:newEventLoopGroup(69)) - Create EpollEventLoopGroup for a4a9caa5-f98a-4b6d-87b4-17f7eca85f0e-NettyServerStreamRpc-workerGroup; Thread size is 0.
2024-02-27 21:40:05,626 [main] INFO  netty.NettyConfigKeys$DataStream (ConfUtils.java:logGet(46)) - raft.netty.dataStream.server.tls.conf = null (default)
2024-02-27 21:40:05,627 [main] INFO  netty.NettyConfigKeys$DataStream (ConfUtils.java:logGet(46)) - raft.netty.dataStream.host = null (default)
2024-02-27 21:40:05,627 [main] INFO  netty.NettyConfigKeys$DataStream (ConfUtils.java:logGet(46)) - raft.netty.dataStream.port = 15121 (custom)
2024-02-27 21:40:05,627 [main] INFO  server.RaftServerConfigKeys (ConfUtils.java:logGet(46)) - raft.server.sleep.deviation.threshold = 300ms (default)
2024-02-27 21:40:05,627 [main] INFO  server.RaftServerConfigKeys (ConfUtils.java:logGet(46)) - raft.server.close.threshold = 60s (default)
2024-02-27 21:40:05,628 [main] INFO  server.RaftServerConfigKeys (ConfUtils.java:logGet(46)) - raft.server.leaderelection.leader.step-down.wait-time = 10s (default)
2024-02-27 21:40:05,628 [a4a9caa5-f98a-4b6d-87b4-17f7eca85f0e-NettyServerStreamRpc-bossGroup--thread1] INFO  logging.LoggingHandler (AbstractInternalLogger.java:log(148)) - [id: 0xff1822e9] REGISTERED
2024-02-27 21:40:05,628 [main] INFO  server.RaftServerConfigKeys (ConfUtils.java:logGet(46)) - raft.server.storage.dir = [/home/runner/work/ozone/ozone/hadoop-ozone/integration-test/target/test-dir/MiniOzoneClusterImpl-6e3a073c-9bdc-4deb-8550-ef77f821b5e4/ozone-meta/datanode-2/ratis] (custom)
2024-02-27 21:40:05,628 [a4a9caa5-f98a-4b6d-87b4-17f7eca85f0e-NettyServerStreamRpc-bossGroup--thread1] INFO  logging.LoggingHandler (AbstractInternalLogger.java:log(148)) - [id: 0xff1822e9] BIND: 0.0.0.0/0.0.0.0:15121
2024-02-27 21:40:05,628 [main] INFO  server.RaftServerConfigKeys (ConfUtils.java:logGet(46)) - raft.server.threadpool.proxy.cached = true (default)
2024-02-27 21:40:05,628 [a4a9caa5-f98a-4b6d-87b4-17f7eca85f0e-NettyServerStreamRpc-bossGroup--thread1] INFO  logging.LoggingHandler (AbstractInternalLogger.java:log(148)) - [id: 0xff1822e9, L:/0.0.0.0:15121] ACTIVE
2024-02-27 21:40:05,628 [main] INFO  server.RaftServerConfigKeys (ConfUtils.java:logGet(46)) - raft.server.threadpool.proxy.size = 0 (default)
2024-02-27 21:40:05,630 [a4a9caa5-f98a-4b6d-87b4-17f7eca85f0e-impl-thread1] INFO  server.RaftServer (RaftServerProxy.java:initGroupDir(264)) - a4a9caa5-f98a-4b6d-87b4-17f7eca85f0e: found a subdirectory /home/runner/work/ozone/ozone/hadoop-ozone/integration-test/target/test-dir/MiniOzoneClusterImpl-6e3a073c-9bdc-4deb-8550-ef77f821b5e4/ozone-meta/datanode-2/ratis/tmp
2024-02-27 21:40:05,630 [a4a9caa5-f98a-4b6d-87b4-17f7eca85f0e-impl-thread1] INFO  server.RaftServer (RaftServerProxy.java:initGroupDir(269)) - a4a9caa5-f98a-4b6d-87b4-17f7eca85f0e: The directory /home/runner/work/ozone/ozone/hadoop-ozone/integration-test/target/test-dir/MiniOzoneClusterImpl-6e3a073c-9bdc-4deb-8550-ef77f821b5e4/ozone-meta/datanode-2/ratis/tmp is not a group directory; ignoring it. 
2024-02-27 21:40:05,630 [main] INFO  replication.ReplicationServer (ReplicationServer.java:<init>(86)) - Initializing replication server with thread count = 10 queue length = 4096
2024-02-27 21:40:05,631 [main] INFO  server.XceiverServerGrpc (XceiverServerGrpc.java:<init>(141)) - GrpcServer channel type EpollServerSocketChannel
2024-02-27 21:40:05,633 [main] INFO  replication.ReplicationSupervisor (ReplicationSupervisor.java:build(163)) - Initializing replication supervisor with thread count = 10
2024-02-27 21:40:05,633 [main] INFO  replication.ReplicationSupervisor (ReplicationSupervisor.java:nodeStateUpdated(317)) - Node state updated to IN_SERVICE, scaling executor pool size to 10
2024-02-27 21:40:05,635 [main] INFO  http.BaseHttpServer (BaseHttpServer.java:newHttpServer2BuilderForOzone(223)) - Starting Web-server for hddsDatanode at: http://0.0.0.0:15115
2024-02-27 21:40:05,635 [main] INFO  http.BaseHttpServer (BaseHttpServer.java:<init>(110)) - Hadoop Security Enabled: false Ozone Security Enabled: false Ozone HTTP Security Enabled: false 
2024-02-27 21:40:05,636 [main] WARN  server.AuthenticationFilter (AuthenticationFilter.java:constructSecretProvider(240)) - Unable to initialize FileSignerSecretProvider, falling back to use random secrets. Reason: Could not read signature secret file: /home/runner/hadoop-http-auth-signature-secret
2024-02-27 21:40:05,638 [main] INFO  http.HttpRequestLog (HttpRequestLog.java:getRequestLog(86)) - Http request log for http.requests.hddsDatanode is not defined
2024-02-27 21:40:05,639 [main] INFO  http.HttpServer2 (HttpServer2.java:addGlobalFilter(1036)) - Added global filter 'safety' (class=org.apache.hadoop.hdds.server.http.HttpServer2$QuotingInputFilter)
2024-02-27 21:40:05,640 [main] INFO  http.HttpServer2 (HttpServer2.java:addFilter(1012)) - Added filter static_user_filter (class=org.apache.hadoop.http.lib.StaticUserWebFilter$StaticUserFilter) to context hddsDatanode
2024-02-27 21:40:05,640 [main] INFO  http.HttpServer2 (HttpServer2.java:addFilter(1020)) - Added filter static_user_filter (class=org.apache.hadoop.http.lib.StaticUserWebFilter$StaticUserFilter) to context logs
2024-02-27 21:40:05,640 [main] INFO  http.HttpServer2 (HttpServer2.java:addFilter(1020)) - Added filter static_user_filter (class=org.apache.hadoop.http.lib.StaticUserWebFilter$StaticUserFilter) to context static
2024-02-27 21:40:05,640 [main] INFO  http.BaseHttpServer (BaseHttpServer.java:<init>(189)) - HTTP server of hddsDatanode uses base directory /home/runner/work/ozone/ozone/hadoop-ozone/integration-test/target/test-dir/MiniOzoneClusterImpl-6e3a073c-9bdc-4deb-8550-ef77f821b5e4/ozone-meta/datanode-2/meta/webserver
2024-02-27 21:40:05,641 [main] INFO  http.HttpServer2 (HttpServer2.java:bindListener(1236)) - Jetty bound to port 15115
2024-02-27 21:40:05,641 [main] INFO  server.Server (Server.java:doStart(375)) - jetty-9.4.53.v20231009; built: 2023-10-09T12:29:09.265Z; git: 27bde00a0b95a1d5bbee0eae7984f891d2d0f8c9; jvm 1.8.0_402-b06
2024-02-27 21:40:05,646 [main] INFO  server.session (DefaultSessionIdManager.java:doStart(334)) - DefaultSessionIdManager workerName=node0
2024-02-27 21:40:05,646 [main] INFO  server.session (DefaultSessionIdManager.java:doStart(339)) - No SessionScavenger set, using defaults
2024-02-27 21:40:05,646 [main] INFO  server.session (HouseKeeper.java:startScavenging(132)) - node0 Scavenging every 660000ms
2024-02-27 21:40:05,647 [main] INFO  handler.ContextHandler (ContextHandler.java:doStart(921)) - Started o.e.j.s.ServletContextHandler@f43bd72{logs,/logs,file:///home/runner/work/ozone/ozone/hadoop-ozone/integration-test/target/log,AVAILABLE}
2024-02-27 21:40:05,647 [main] INFO  handler.ContextHandler (ContextHandler.java:doStart(921)) - Started o.e.j.s.ServletContextHandler@74d9fd6c{static,/static,jar:file:/home/runner/.m2/repository/org/apache/ozone/hdds-container-service/1.5.0-SNAPSHOT/hdds-container-service-1.5.0-SNAPSHOT.jar!/webapps/static,AVAILABLE}
2024-02-27 21:40:05,692 [main] INFO  handler.ContextHandler (ContextHandler.java:doStart(921)) - Started o.e.j.w.WebAppContext@12a44b61{hddsDatanode,/,file:///home/runner/work/ozone/ozone/hadoop-ozone/integration-test/target/test-dir/MiniOzoneClusterImpl-6e3a073c-9bdc-4deb-8550-ef77f821b5e4/ozone-meta/datanode-2/meta/webserver/jetty-0_0_0_0-15115-hdds-container-service-1_5_0-SNAPSHOT_jar-_-any-3203010007773881337/webapp/,AVAILABLE}{jar:file:/home/runner/.m2/repository/org/apache/ozone/hdds-container-service/1.5.0-SNAPSHOT/hdds-container-service-1.5.0-SNAPSHOT.jar!/webapps/hddsDatanode}
2024-02-27 21:40:05,696 [main] INFO  server.AbstractConnector (AbstractConnector.java:doStart(333)) - Started ServerConnector@5fe71743{HTTP/1.1, (http/1.1)}{0.0.0.0:15115}
2024-02-27 21:40:05,696 [main] INFO  server.Server (Server.java:doStart(415)) - Started @216040ms
2024-02-27 21:40:05,697 [main] WARN  impl.MetricsSystemImpl (MetricsSystemImpl.java:register(279)) - Sink prometheus already exists!
2024-02-27 21:40:05,697 [main] INFO  http.BaseHttpServer (BaseHttpServer.java:updateConnectorAddress(354)) - HTTP server of hddsDatanode listening at http://0.0.0.0:15115
2024-02-27 21:40:05,698 [main] INFO  ipc.CallQueueManager (CallQueueManager.java:<init>(90)) - Using callQueue: class java.util.concurrent.LinkedBlockingQueue, queueCapacity: 100, scheduler: class org.apache.hadoop.ipc.DefaultRpcScheduler, ipcBackoff: false.
2024-02-27 21:40:05,698 [main] INFO  ipc.Server (Server.java:<init>(1287)) - Listener at 0.0.0.0:15116
2024-02-27 21:40:05,699 [Socket Reader #1 for port 15116] INFO  ipc.Server (Server.java:run(1323)) - Starting Socket Reader #1 for port 15116
2024-02-27 21:40:05,703 [main] INFO  ozone.HddsDatanodeService (HddsDatanodeService.java:start(327)) - Datanode start with admins: [runner]
2024-02-27 21:40:05,703 [main] INFO  ozone.HddsDatanodeClientProtocolServer (HddsDatanodeClientProtocolServer.java:start(77)) - RPC server for Client /0.0.0.0:15116
2024-02-27 21:40:05,704 [IPC Server Responder] INFO  ipc.Server (Server.java:run(1562)) - IPC Server Responder: starting
2024-02-27 21:40:05,704 [IPC Server listener on 15116] INFO  ipc.Server (Server.java:run(1402)) - IPC Server listener on 15116: starting
2024-02-27 21:40:05,707 [a4a9caa5-f98a-4b6d-87b4-17f7eca85f0e-DatanodeStateMachineDaemonThread] INFO  statemachine.DatanodeStateMachine (DatanodeStateMachine.java:lambda$startDaemon$1(555)) - Ozone container server started.
2024-02-27 21:40:05,707 [main] WARN  dropwizard3.Dm3MetricRegistriesImpl (Dm3MetricRegistriesImpl.java:addReporterRegistration(113)) - New reporters are added after registries were created. Some metrics will be missing from the reporter. Please add reporter before adding any new registry.
2024-02-27 21:40:05,708 [main] WARN  dropwizard3.Dm3MetricRegistriesImpl (Dm3MetricRegistriesImpl.java:addReporterRegistration(113)) - New reporters are added after registries were created. Some metrics will be missing from the reporter. Please add reporter before adding any new registry.
2024-02-27 21:40:05,708 [main] INFO  impl.MetricsSystemImpl (MetricsSystemImpl.java:init(158)) - HddsDatanode metrics system started (again)
2024-02-27 21:40:05,712 [a4a9caa5-f98a-4b6d-87b4-17f7eca85f0e-DatanodeStateMachineTaskThread-0] INFO  datanode.InitDatanodeState (InitDatanodeState.java:persistContainerDatanodeDetails(139)) - DatanodeDetails is persisted to /home/runner/work/ozone/ozone/hadoop-ozone/integration-test/target/test-dir/MiniOzoneClusterImpl-6e3a073c-9bdc-4deb-8550-ef77f821b5e4/ozone-meta/datanode-2/meta/datanode.id
2024-02-27 21:40:05,719 [main] INFO  ozone.HddsDatanodeService (HddsDatanodeService.java:start(240)) - HddsDatanodeService host:fv-az531-651.fb1yufaac5hu3gd5gtxiz42tfh.cx.internal.cloudapp.net ip:10.1.0.18
2024-02-27 21:40:05,738 [main] INFO  upgrade.AbstractLayoutVersionManager (AbstractLayoutVersionManager.java:init(83)) - Initializing Layout version manager with metadata layout = HADOOP_PRC_PORTS_IN_DATANODEDETAILS (version = 7), software layout = HADOOP_PRC_PORTS_IN_DATANODEDETAILS (version = 7)
2024-02-27 21:40:05,738 [main] INFO  statemachine.DatanodeStateMachine (DatanodeStateMachine.java:getEndPointTaskThreadPoolSize(299)) - Datanode State Machine Task Thread Pool size 2
2024-02-27 21:40:05,739 [main] INFO  volume.HddsVolume (HddsVolume.java:<init>(125)) - Creating HddsVolume: /home/runner/work/ozone/ozone/hadoop-ozone/integration-test/target/test-dir/MiniOzoneClusterImpl-6e3a073c-9bdc-4deb-8550-ef77f821b5e4/ozone-meta/datanode-3/data-0/hdds of storage type : DISK capacity : 9223372036854775807
2024-02-27 21:40:05,740 [main] INFO  volume.MutableVolumeSet (MutableVolumeSet.java:initializeVolumeSet(173)) - Added Volume : /home/runner/work/ozone/ozone/hadoop-ozone/integration-test/target/test-dir/MiniOzoneClusterImpl-6e3a073c-9bdc-4deb-8550-ef77f821b5e4/ozone-meta/datanode-3/data-0/hdds to VolumeSet
2024-02-27 21:40:05,741 [main] INFO  volume.MutableVolumeSet (MutableVolumeSet.java:initializeVolumeSet(173)) - Added Volume : /home/runner/work/ozone/ozone/hadoop-ozone/integration-test/target/test-dir/MiniOzoneClusterImpl-6e3a073c-9bdc-4deb-8550-ef77f821b5e4/ozone-meta/datanode-3/ratis to VolumeSet
2024-02-27 21:40:05,741 [main] INFO  ozoneimpl.OzoneContainer (HddsVolumeUtil.java:loadAllHddsVolumeDbStore(103)) - Load 1 volumes DbStore cost: 0ms
2024-02-27 21:40:05,743 [main] INFO  server.RaftServer (ConfUtils.java:logGet(46)) - raft.rpc.type = GRPC (default)
2024-02-27 21:40:05,744 [main] INFO  grpc.GrpcConfigKeys (ConfUtils.java:logFallback(53)) - raft.grpc.admin.host = null (fallback to raft.grpc.server.host)
2024-02-27 21:40:05,744 [main] INFO  grpc.GrpcConfigKeys (ConfUtils.java:logGet(46)) - raft.grpc.admin.port = 15128 (custom)
2024-02-27 21:40:05,744 [main] INFO  grpc.GrpcConfigKeys (ConfUtils.java:logFallback(53)) - raft.grpc.client.host = null (fallback to raft.grpc.server.host)
2024-02-27 21:40:05,744 [main] INFO  grpc.GrpcConfigKeys (ConfUtils.java:logGet(46)) - raft.grpc.client.port = 15127 (custom)
2024-02-27 21:40:05,745 [main] INFO  grpc.GrpcConfigKeys (ConfUtils.java:logGet(46)) - raft.grpc.server.host = null (default)
2024-02-27 21:40:05,745 [main] INFO  grpc.GrpcConfigKeys (ConfUtils.java:logGet(46)) - raft.grpc.server.port = 15129 (custom)
2024-02-27 21:40:05,745 [main] INFO  server.GrpcService (ConfUtils.java:logGet(46)) - raft.grpc.message.size.max = 32MB (=33554432) (custom)
2024-02-27 21:40:05,745 [main] INFO  server.RaftServerConfigKeys (ConfUtils.java:logGet(46)) - raft.server.log.appender.buffer.byte-limit = 8388608 (custom)
2024-02-27 21:40:05,746 [main] INFO  server.GrpcService (ConfUtils.java:logGet(46)) - raft.grpc.flow.control.window = 5MB (=5242880) (custom)
2024-02-27 21:40:05,746 [main] INFO  server.RaftServerConfigKeys (ConfUtils.java:logGet(46)) - raft.server.rpc.request.timeout = 60s (custom)
2024-02-27 21:40:05,746 [main] INFO  grpc.GrpcConfigKeys (ConfUtils.java:logGet(46)) - raft.grpc.server.heartbeat.channel = true (default)
2024-02-27 21:40:05,746 [main] INFO  grpc.GrpcConfigKeys (ConfUtils.java:logGet(46)) - raft.grpc.server.async.request.thread.pool.cached = true (default)
2024-02-27 21:40:05,746 [main] INFO  grpc.GrpcConfigKeys (ConfUtils.java:logGet(46)) - raft.grpc.server.async.request.thread.pool.size = 32 (default)
2024-02-27 21:40:05,748 [main] INFO  impl.DataStreamServerImpl (ConfUtils.java:logGet(46)) - raft.datastream.type = NETTY (custom)
2024-02-27 21:40:05,748 [main] INFO  server.RaftServerConfigKeys (ConfUtils.java:logGet(46)) - raft.server.data-stream.async.request.thread.pool.cached = false (default)
2024-02-27 21:40:05,748 [main] INFO  server.RaftServerConfigKeys (ConfUtils.java:logGet(46)) - raft.server.data-stream.async.request.thread.pool.size = 20 (custom)
2024-02-27 21:40:05,748 [main] INFO  server.RaftServerConfigKeys (ConfUtils.java:logGet(46)) - raft.server.data-stream.async.write.thread.pool.size = 16 (default)
2024-02-27 21:40:05,749 [main] INFO  netty.NettyConfigKeys$DataStream (ConfUtils.java:logGet(46)) - raft.netty.dataStream.server.channel.inactive.grace-period = 10min (default)
2024-02-27 21:40:05,749 [main] INFO  server.RaftServerConfigKeys (ConfUtils.java:logGet(46)) - raft.server.data-stream.client.pool.size = 10 (default)
2024-02-27 21:40:05,749 [main] INFO  netty.NettyConfigKeys$DataStream (ConfUtils.java:logGet(46)) - raft.netty.dataStream.server.use-epoll = true (default)
2024-02-27 21:40:05,749 [main] INFO  netty.NettyConfigKeys$DataStream (ConfUtils.java:logGet(46)) - raft.netty.dataStream.server.boss-group.size = 0 (default)
2024-02-27 21:40:05,749 [main] INFO  netty.NettyUtils (NettyUtils.java:newEventLoopGroup(69)) - Create EpollEventLoopGroup for 7299b60a-1361-4038-9b5b-8cb416051416-NettyServerStreamRpc-bossGroup; Thread size is 0.
2024-02-27 21:40:05,750 [main] INFO  netty.NettyConfigKeys$DataStream (ConfUtils.java:logGet(46)) - raft.netty.dataStream.server.worker-group.size = 0 (default)
2024-02-27 21:40:05,750 [main] INFO  netty.NettyUtils (NettyUtils.java:newEventLoopGroup(69)) - Create EpollEventLoopGroup for 7299b60a-1361-4038-9b5b-8cb416051416-NettyServerStreamRpc-workerGroup; Thread size is 0.
2024-02-27 21:40:05,751 [main] INFO  netty.NettyConfigKeys$DataStream (ConfUtils.java:logGet(46)) - raft.netty.dataStream.server.tls.conf = null (default)
2024-02-27 21:40:05,751 [main] INFO  netty.NettyConfigKeys$DataStream (ConfUtils.java:logGet(46)) - raft.netty.dataStream.host = null (default)
2024-02-27 21:40:05,751 [main] INFO  netty.NettyConfigKeys$DataStream (ConfUtils.java:logGet(46)) - raft.netty.dataStream.port = 15130 (custom)
2024-02-27 21:40:05,754 [main] INFO  server.RaftServerConfigKeys (ConfUtils.java:logGet(46)) - raft.server.sleep.deviation.threshold = 300ms (default)
2024-02-27 21:40:05,754 [main] INFO  server.RaftServerConfigKeys (ConfUtils.java:logGet(46)) - raft.server.close.threshold = 60s (default)
2024-02-27 21:40:05,754 [main] INFO  server.RaftServerConfigKeys (ConfUtils.java:logGet(46)) - raft.server.leaderelection.leader.step-down.wait-time = 10s (default)
2024-02-27 21:40:05,754 [main] INFO  server.RaftServerConfigKeys (ConfUtils.java:logGet(46)) - raft.server.storage.dir = [/home/runner/work/ozone/ozone/hadoop-ozone/integration-test/target/test-dir/MiniOzoneClusterImpl-6e3a073c-9bdc-4deb-8550-ef77f821b5e4/ozone-meta/datanode-3/ratis] (custom)
2024-02-27 21:40:05,755 [main] INFO  server.RaftServerConfigKeys (ConfUtils.java:logGet(46)) - raft.server.threadpool.proxy.cached = true (default)
2024-02-27 21:40:05,755 [main] INFO  server.RaftServerConfigKeys (ConfUtils.java:logGet(46)) - raft.server.threadpool.proxy.size = 0 (default)
2024-02-27 21:40:05,755 [7299b60a-1361-4038-9b5b-8cb416051416-NettyServerStreamRpc-bossGroup--thread1] INFO  logging.LoggingHandler (AbstractInternalLogger.java:log(148)) - [id: 0x1121c9ac] REGISTERED
2024-02-27 21:40:05,757 [7299b60a-1361-4038-9b5b-8cb416051416-NettyServerStreamRpc-bossGroup--thread1] INFO  logging.LoggingHandler (AbstractInternalLogger.java:log(148)) - [id: 0x1121c9ac] BIND: 0.0.0.0/0.0.0.0:15130
2024-02-27 21:40:05,757 [7299b60a-1361-4038-9b5b-8cb416051416-NettyServerStreamRpc-bossGroup--thread1] INFO  logging.LoggingHandler (AbstractInternalLogger.java:log(148)) - [id: 0x1121c9ac, L:/0.0.0.0:15130] ACTIVE
2024-02-27 21:40:05,756 [7299b60a-1361-4038-9b5b-8cb416051416-impl-thread1] INFO  server.RaftServer (RaftServerProxy.java:initGroupDir(264)) - 7299b60a-1361-4038-9b5b-8cb416051416: found a subdirectory /home/runner/work/ozone/ozone/hadoop-ozone/integration-test/target/test-dir/MiniOzoneClusterImpl-6e3a073c-9bdc-4deb-8550-ef77f821b5e4/ozone-meta/datanode-3/ratis/tmp
2024-02-27 21:40:05,758 [7299b60a-1361-4038-9b5b-8cb416051416-impl-thread1] INFO  server.RaftServer (RaftServerProxy.java:initGroupDir(269)) - 7299b60a-1361-4038-9b5b-8cb416051416: The directory /home/runner/work/ozone/ozone/hadoop-ozone/integration-test/target/test-dir/MiniOzoneClusterImpl-6e3a073c-9bdc-4deb-8550-ef77f821b5e4/ozone-meta/datanode-3/ratis/tmp is not a group directory; ignoring it. 
2024-02-27 21:40:05,758 [main] INFO  replication.ReplicationServer (ReplicationServer.java:<init>(86)) - Initializing replication server with thread count = 10 queue length = 4096
2024-02-27 21:40:05,760 [main] INFO  server.XceiverServerGrpc (XceiverServerGrpc.java:<init>(141)) - GrpcServer channel type EpollServerSocketChannel
2024-02-27 21:40:05,761 [main] INFO  replication.ReplicationSupervisor (ReplicationSupervisor.java:build(163)) - Initializing replication supervisor with thread count = 10
2024-02-27 21:40:05,761 [main] INFO  replication.ReplicationSupervisor (ReplicationSupervisor.java:nodeStateUpdated(317)) - Node state updated to IN_SERVICE, scaling executor pool size to 10
2024-02-27 21:40:05,766 [main] INFO  http.BaseHttpServer (BaseHttpServer.java:newHttpServer2BuilderForOzone(223)) - Starting Web-server for hddsDatanode at: http://0.0.0.0:15124
2024-02-27 21:40:05,767 [main] INFO  http.BaseHttpServer (BaseHttpServer.java:<init>(110)) - Hadoop Security Enabled: false Ozone Security Enabled: false Ozone HTTP Security Enabled: false 
2024-02-27 21:40:05,769 [main] WARN  server.AuthenticationFilter (AuthenticationFilter.java:constructSecretProvider(240)) - Unable to initialize FileSignerSecretProvider, falling back to use random secrets. Reason: Could not read signature secret file: /home/runner/hadoop-http-auth-signature-secret
2024-02-27 21:40:05,769 [main] INFO  http.HttpRequestLog (HttpRequestLog.java:getRequestLog(86)) - Http request log for http.requests.hddsDatanode is not defined
2024-02-27 21:40:05,770 [main] INFO  http.HttpServer2 (HttpServer2.java:addGlobalFilter(1036)) - Added global filter 'safety' (class=org.apache.hadoop.hdds.server.http.HttpServer2$QuotingInputFilter)
2024-02-27 21:40:05,770 [main] INFO  http.HttpServer2 (HttpServer2.java:addFilter(1012)) - Added filter static_user_filter (class=org.apache.hadoop.http.lib.StaticUserWebFilter$StaticUserFilter) to context hddsDatanode
2024-02-27 21:40:05,770 [main] INFO  http.HttpServer2 (HttpServer2.java:addFilter(1020)) - Added filter static_user_filter (class=org.apache.hadoop.http.lib.StaticUserWebFilter$StaticUserFilter) to context logs
2024-02-27 21:40:05,771 [main] INFO  http.HttpServer2 (HttpServer2.java:addFilter(1020)) - Added filter static_user_filter (class=org.apache.hadoop.http.lib.StaticUserWebFilter$StaticUserFilter) to context static
2024-02-27 21:40:05,771 [main] INFO  http.BaseHttpServer (BaseHttpServer.java:<init>(189)) - HTTP server of hddsDatanode uses base directory /home/runner/work/ozone/ozone/hadoop-ozone/integration-test/target/test-dir/MiniOzoneClusterImpl-6e3a073c-9bdc-4deb-8550-ef77f821b5e4/ozone-meta/datanode-3/meta/webserver
2024-02-27 21:40:05,771 [main] INFO  http.HttpServer2 (HttpServer2.java:bindListener(1236)) - Jetty bound to port 15124
2024-02-27 21:40:05,771 [main] INFO  server.Server (Server.java:doStart(375)) - jetty-9.4.53.v20231009; built: 2023-10-09T12:29:09.265Z; git: 27bde00a0b95a1d5bbee0eae7984f891d2d0f8c9; jvm 1.8.0_402-b06
2024-02-27 21:40:05,772 [main] INFO  server.session (DefaultSessionIdManager.java:doStart(334)) - DefaultSessionIdManager workerName=node0
2024-02-27 21:40:05,772 [main] INFO  server.session (DefaultSessionIdManager.java:doStart(339)) - No SessionScavenger set, using defaults
2024-02-27 21:40:05,774 [main] INFO  server.session (HouseKeeper.java:startScavenging(132)) - node0 Scavenging every 660000ms
2024-02-27 21:40:05,774 [main] INFO  handler.ContextHandler (ContextHandler.java:doStart(921)) - Started o.e.j.s.ServletContextHandler@7cb84ed8{logs,/logs,file:///home/runner/work/ozone/ozone/hadoop-ozone/integration-test/target/log,AVAILABLE}
2024-02-27 21:40:05,775 [main] INFO  handler.ContextHandler (ContextHandler.java:doStart(921)) - Started o.e.j.s.ServletContextHandler@71b5ab8c{static,/static,jar:file:/home/runner/.m2/repository/org/apache/ozone/hdds-container-service/1.5.0-SNAPSHOT/hdds-container-service-1.5.0-SNAPSHOT.jar!/webapps/static,AVAILABLE}
2024-02-27 21:40:05,806 [main] INFO  handler.ContextHandler (ContextHandler.java:doStart(921)) - Started o.e.j.w.WebAppContext@635fd09{hddsDatanode,/,file:///home/runner/work/ozone/ozone/hadoop-ozone/integration-test/target/test-dir/MiniOzoneClusterImpl-6e3a073c-9bdc-4deb-8550-ef77f821b5e4/ozone-meta/datanode-3/meta/webserver/jetty-0_0_0_0-15124-hdds-container-service-1_5_0-SNAPSHOT_jar-_-any-822950728083793594/webapp/,AVAILABLE}{jar:file:/home/runner/.m2/repository/org/apache/ozone/hdds-container-service/1.5.0-SNAPSHOT/hdds-container-service-1.5.0-SNAPSHOT.jar!/webapps/hddsDatanode}
2024-02-27 21:40:05,807 [main] INFO  server.AbstractConnector (AbstractConnector.java:doStart(333)) - Started ServerConnector@518bab1a{HTTP/1.1, (http/1.1)}{0.0.0.0:15124}
2024-02-27 21:40:05,807 [main] INFO  server.Server (Server.java:doStart(415)) - Started @216151ms
2024-02-27 21:40:05,807 [main] WARN  impl.MetricsSystemImpl (MetricsSystemImpl.java:register(279)) - Sink prometheus already exists!
2024-02-27 21:40:05,808 [main] INFO  http.BaseHttpServer (BaseHttpServer.java:updateConnectorAddress(354)) - HTTP server of hddsDatanode listening at http://0.0.0.0:15124
2024-02-27 21:40:05,808 [main] INFO  ipc.CallQueueManager (CallQueueManager.java:<init>(90)) - Using callQueue: class java.util.concurrent.LinkedBlockingQueue, queueCapacity: 100, scheduler: class org.apache.hadoop.ipc.DefaultRpcScheduler, ipcBackoff: false.
2024-02-27 21:40:05,808 [main] INFO  ipc.Server (Server.java:<init>(1287)) - Listener at 0.0.0.0:15125
2024-02-27 21:40:05,809 [Socket Reader #1 for port 15125] INFO  ipc.Server (Server.java:run(1323)) - Starting Socket Reader #1 for port 15125
2024-02-27 21:40:05,815 [main] INFO  ozone.HddsDatanodeService (HddsDatanodeService.java:start(327)) - Datanode start with admins: [runner]
2024-02-27 21:40:05,815 [main] INFO  ozone.HddsDatanodeClientProtocolServer (HddsDatanodeClientProtocolServer.java:start(77)) - RPC server for Client /0.0.0.0:15125
2024-02-27 21:40:05,816 [IPC Server Responder] INFO  ipc.Server (Server.java:run(1562)) - IPC Server Responder: starting
2024-02-27 21:40:05,818 [IPC Server listener on 15125] INFO  ipc.Server (Server.java:run(1402)) - IPC Server listener on 15125: starting
2024-02-27 21:40:05,819 [main] WARN  dropwizard3.Dm3MetricRegistriesImpl (Dm3MetricRegistriesImpl.java:addReporterRegistration(113)) - New reporters are added after registries were created. Some metrics will be missing from the reporter. Please add reporter before adding any new registry.
2024-02-27 21:40:05,819 [main] WARN  dropwizard3.Dm3MetricRegistriesImpl (Dm3MetricRegistriesImpl.java:addReporterRegistration(113)) - New reporters are added after registries were created. Some metrics will be missing from the reporter. Please add reporter before adding any new registry.
2024-02-27 21:40:05,820 [main] INFO  impl.MetricsSystemImpl (MetricsSystemImpl.java:init(158)) - HddsDatanode metrics system started (again)
2024-02-27 21:40:05,819 [7299b60a-1361-4038-9b5b-8cb416051416-DatanodeStateMachineDaemonThread] INFO  statemachine.DatanodeStateMachine (DatanodeStateMachine.java:lambda$startDaemon$1(555)) - Ozone container server started.
2024-02-27 21:40:05,823 [7299b60a-1361-4038-9b5b-8cb416051416-DatanodeStateMachineTaskThread-0] INFO  datanode.InitDatanodeState (InitDatanodeState.java:persistContainerDatanodeDetails(139)) - DatanodeDetails is persisted to /home/runner/work/ozone/ozone/hadoop-ozone/integration-test/target/test-dir/MiniOzoneClusterImpl-6e3a073c-9bdc-4deb-8550-ef77f821b5e4/ozone-meta/datanode-3/meta/datanode.id
2024-02-27 21:40:05,829 [main] INFO  ozone.HddsDatanodeService (HddsDatanodeService.java:start(240)) - HddsDatanodeService host:fv-az531-651.fb1yufaac5hu3gd5gtxiz42tfh.cx.internal.cloudapp.net ip:10.1.0.18
2024-02-27 21:40:05,846 [main] INFO  upgrade.AbstractLayoutVersionManager (AbstractLayoutVersionManager.java:init(83)) - Initializing Layout version manager with metadata layout = HADOOP_PRC_PORTS_IN_DATANODEDETAILS (version = 7), software layout = HADOOP_PRC_PORTS_IN_DATANODEDETAILS (version = 7)
2024-02-27 21:40:05,847 [main] INFO  statemachine.DatanodeStateMachine (DatanodeStateMachine.java:getEndPointTaskThreadPoolSize(299)) - Datanode State Machine Task Thread Pool size 2
2024-02-27 21:40:05,848 [main] INFO  volume.HddsVolume (HddsVolume.java:<init>(125)) - Creating HddsVolume: /home/runner/work/ozone/ozone/hadoop-ozone/integration-test/target/test-dir/MiniOzoneClusterImpl-6e3a073c-9bdc-4deb-8550-ef77f821b5e4/ozone-meta/datanode-4/data-0/hdds of storage type : DISK capacity : 9223372036854775807
2024-02-27 21:40:05,848 [main] INFO  volume.MutableVolumeSet (MutableVolumeSet.java:initializeVolumeSet(173)) - Added Volume : /home/runner/work/ozone/ozone/hadoop-ozone/integration-test/target/test-dir/MiniOzoneClusterImpl-6e3a073c-9bdc-4deb-8550-ef77f821b5e4/ozone-meta/datanode-4/data-0/hdds to VolumeSet
2024-02-27 21:40:05,848 [main] INFO  volume.MutableVolumeSet (MutableVolumeSet.java:initializeVolumeSet(173)) - Added Volume : /home/runner/work/ozone/ozone/hadoop-ozone/integration-test/target/test-dir/MiniOzoneClusterImpl-6e3a073c-9bdc-4deb-8550-ef77f821b5e4/ozone-meta/datanode-4/ratis to VolumeSet
2024-02-27 21:40:05,849 [main] INFO  ozoneimpl.OzoneContainer (HddsVolumeUtil.java:loadAllHddsVolumeDbStore(103)) - Load 1 volumes DbStore cost: 0ms
2024-02-27 21:40:05,850 [main] INFO  server.RaftServer (ConfUtils.java:logGet(46)) - raft.rpc.type = GRPC (default)
2024-02-27 21:40:05,851 [main] INFO  grpc.GrpcConfigKeys (ConfUtils.java:logFallback(53)) - raft.grpc.admin.host = null (fallback to raft.grpc.server.host)
2024-02-27 21:40:05,851 [main] INFO  grpc.GrpcConfigKeys (ConfUtils.java:logGet(46)) - raft.grpc.admin.port = 15137 (custom)
2024-02-27 21:40:05,851 [main] INFO  grpc.GrpcConfigKeys (ConfUtils.java:logFallback(53)) - raft.grpc.client.host = null (fallback to raft.grpc.server.host)
2024-02-27 21:40:05,851 [main] INFO  grpc.GrpcConfigKeys (ConfUtils.java:logGet(46)) - raft.grpc.client.port = 15136 (custom)
2024-02-27 21:40:05,851 [main] INFO  grpc.GrpcConfigKeys (ConfUtils.java:logGet(46)) - raft.grpc.server.host = null (default)
2024-02-27 21:40:05,851 [main] INFO  grpc.GrpcConfigKeys (ConfUtils.java:logGet(46)) - raft.grpc.server.port = 15138 (custom)
2024-02-27 21:40:05,851 [main] INFO  server.GrpcService (ConfUtils.java:logGet(46)) - raft.grpc.message.size.max = 32MB (=33554432) (custom)
2024-02-27 21:40:05,852 [main] INFO  server.RaftServerConfigKeys (ConfUtils.java:logGet(46)) - raft.server.log.appender.buffer.byte-limit = 8388608 (custom)
2024-02-27 21:40:05,852 [main] INFO  server.GrpcService (ConfUtils.java:logGet(46)) - raft.grpc.flow.control.window = 5MB (=5242880) (custom)
2024-02-27 21:40:05,852 [main] INFO  server.RaftServerConfigKeys (ConfUtils.java:logGet(46)) - raft.server.rpc.request.timeout = 60s (custom)
2024-02-27 21:40:05,852 [main] INFO  grpc.GrpcConfigKeys (ConfUtils.java:logGet(46)) - raft.grpc.server.heartbeat.channel = true (default)
2024-02-27 21:40:05,852 [main] INFO  grpc.GrpcConfigKeys (ConfUtils.java:logGet(46)) - raft.grpc.server.async.request.thread.pool.cached = true (default)
2024-02-27 21:40:05,852 [main] INFO  grpc.GrpcConfigKeys (ConfUtils.java:logGet(46)) - raft.grpc.server.async.request.thread.pool.size = 32 (default)
2024-02-27 21:40:05,854 [main] INFO  impl.DataStreamServerImpl (ConfUtils.java:logGet(46)) - raft.datastream.type = NETTY (custom)
2024-02-27 21:40:05,854 [main] INFO  server.RaftServerConfigKeys (ConfUtils.java:logGet(46)) - raft.server.data-stream.async.request.thread.pool.cached = false (default)
2024-02-27 21:40:05,855 [main] INFO  server.RaftServerConfigKeys (ConfUtils.java:logGet(46)) - raft.server.data-stream.async.request.thread.pool.size = 20 (custom)
2024-02-27 21:40:05,855 [main] INFO  server.RaftServerConfigKeys (ConfUtils.java:logGet(46)) - raft.server.data-stream.async.write.thread.pool.size = 16 (default)
2024-02-27 21:40:05,855 [main] INFO  netty.NettyConfigKeys$DataStream (ConfUtils.java:logGet(46)) - raft.netty.dataStream.server.channel.inactive.grace-period = 10min (default)
2024-02-27 21:40:05,855 [main] INFO  server.RaftServerConfigKeys (ConfUtils.java:logGet(46)) - raft.server.data-stream.client.pool.size = 10 (default)
2024-02-27 21:40:05,855 [main] INFO  netty.NettyConfigKeys$DataStream (ConfUtils.java:logGet(46)) - raft.netty.dataStream.server.use-epoll = true (default)
2024-02-27 21:40:05,855 [main] INFO  netty.NettyConfigKeys$DataStream (ConfUtils.java:logGet(46)) - raft.netty.dataStream.server.boss-group.size = 0 (default)
2024-02-27 21:40:05,855 [main] INFO  netty.NettyUtils (NettyUtils.java:newEventLoopGroup(69)) - Create EpollEventLoopGroup for 2818fa5f-cc14-4867-ab22-981a54c2b243-NettyServerStreamRpc-bossGroup; Thread size is 0.
2024-02-27 21:40:05,856 [main] INFO  netty.NettyConfigKeys$DataStream (ConfUtils.java:logGet(46)) - raft.netty.dataStream.server.worker-group.size = 0 (default)
2024-02-27 21:40:05,856 [main] INFO  netty.NettyUtils (NettyUtils.java:newEventLoopGroup(69)) - Create EpollEventLoopGroup for 2818fa5f-cc14-4867-ab22-981a54c2b243-NettyServerStreamRpc-workerGroup; Thread size is 0.
2024-02-27 21:40:05,856 [main] INFO  netty.NettyConfigKeys$DataStream (ConfUtils.java:logGet(46)) - raft.netty.dataStream.server.tls.conf = null (default)
2024-02-27 21:40:05,856 [main] INFO  netty.NettyConfigKeys$DataStream (ConfUtils.java:logGet(46)) - raft.netty.dataStream.host = null (default)
2024-02-27 21:40:05,856 [main] INFO  netty.NettyConfigKeys$DataStream (ConfUtils.java:logGet(46)) - raft.netty.dataStream.port = 15139 (custom)
2024-02-27 21:40:05,857 [main] INFO  server.RaftServerConfigKeys (ConfUtils.java:logGet(46)) - raft.server.sleep.deviation.threshold = 300ms (default)
2024-02-27 21:40:05,857 [main] INFO  server.RaftServerConfigKeys (ConfUtils.java:logGet(46)) - raft.server.close.threshold = 60s (default)
2024-02-27 21:40:05,857 [2818fa5f-cc14-4867-ab22-981a54c2b243-NettyServerStreamRpc-bossGroup--thread1] INFO  logging.LoggingHandler (AbstractInternalLogger.java:log(148)) - [id: 0xe529234a] REGISTERED
2024-02-27 21:40:05,857 [main] INFO  server.RaftServerConfigKeys (ConfUtils.java:logGet(46)) - raft.server.leaderelection.leader.step-down.wait-time = 10s (default)
2024-02-27 21:40:05,857 [2818fa5f-cc14-4867-ab22-981a54c2b243-NettyServerStreamRpc-bossGroup--thread1] INFO  logging.LoggingHandler (AbstractInternalLogger.java:log(148)) - [id: 0xe529234a] BIND: 0.0.0.0/0.0.0.0:15139
2024-02-27 21:40:05,857 [main] INFO  server.RaftServerConfigKeys (ConfUtils.java:logGet(46)) - raft.server.storage.dir = [/home/runner/work/ozone/ozone/hadoop-ozone/integration-test/target/test-dir/MiniOzoneClusterImpl-6e3a073c-9bdc-4deb-8550-ef77f821b5e4/ozone-meta/datanode-4/ratis] (custom)
2024-02-27 21:40:05,857 [2818fa5f-cc14-4867-ab22-981a54c2b243-NettyServerStreamRpc-bossGroup--thread1] INFO  logging.LoggingHandler (AbstractInternalLogger.java:log(148)) - [id: 0xe529234a, L:/0.0.0.0:15139] ACTIVE
2024-02-27 21:40:05,857 [main] INFO  server.RaftServerConfigKeys (ConfUtils.java:logGet(46)) - raft.server.threadpool.proxy.cached = true (default)
2024-02-27 21:40:05,858 [main] INFO  server.RaftServerConfigKeys (ConfUtils.java:logGet(46)) - raft.server.threadpool.proxy.size = 0 (default)
2024-02-27 21:40:05,858 [2818fa5f-cc14-4867-ab22-981a54c2b243-impl-thread1] INFO  server.RaftServer (RaftServerProxy.java:initGroupDir(264)) - 2818fa5f-cc14-4867-ab22-981a54c2b243: found a subdirectory /home/runner/work/ozone/ozone/hadoop-ozone/integration-test/target/test-dir/MiniOzoneClusterImpl-6e3a073c-9bdc-4deb-8550-ef77f821b5e4/ozone-meta/datanode-4/ratis/tmp
2024-02-27 21:40:05,858 [2818fa5f-cc14-4867-ab22-981a54c2b243-impl-thread1] INFO  server.RaftServer (RaftServerProxy.java:initGroupDir(269)) - 2818fa5f-cc14-4867-ab22-981a54c2b243: The directory /home/runner/work/ozone/ozone/hadoop-ozone/integration-test/target/test-dir/MiniOzoneClusterImpl-6e3a073c-9bdc-4deb-8550-ef77f821b5e4/ozone-meta/datanode-4/ratis/tmp is not a group directory; ignoring it. 
2024-02-27 21:40:05,858 [main] INFO  replication.ReplicationServer (ReplicationServer.java:<init>(86)) - Initializing replication server with thread count = 10 queue length = 4096
2024-02-27 21:40:05,859 [main] INFO  server.XceiverServerGrpc (XceiverServerGrpc.java:<init>(141)) - GrpcServer channel type EpollServerSocketChannel
2024-02-27 21:40:05,860 [main] INFO  replication.ReplicationSupervisor (ReplicationSupervisor.java:build(163)) - Initializing replication supervisor with thread count = 10
2024-02-27 21:40:05,861 [main] INFO  replication.ReplicationSupervisor (ReplicationSupervisor.java:nodeStateUpdated(317)) - Node state updated to IN_SERVICE, scaling executor pool size to 10
2024-02-27 21:40:05,864 [main] INFO  http.BaseHttpServer (BaseHttpServer.java:newHttpServer2BuilderForOzone(223)) - Starting Web-server for hddsDatanode at: http://0.0.0.0:15133
2024-02-27 21:40:05,864 [main] INFO  http.BaseHttpServer (BaseHttpServer.java:<init>(110)) - Hadoop Security Enabled: false Ozone Security Enabled: false Ozone HTTP Security Enabled: false 
2024-02-27 21:40:05,865 [main] WARN  server.AuthenticationFilter (AuthenticationFilter.java:constructSecretProvider(240)) - Unable to initialize FileSignerSecretProvider, falling back to use random secrets. Reason: Could not read signature secret file: /home/runner/hadoop-http-auth-signature-secret
2024-02-27 21:40:05,877 [main] INFO  http.HttpRequestLog (HttpRequestLog.java:getRequestLog(86)) - Http request log for http.requests.hddsDatanode is not defined
2024-02-27 21:40:05,878 [main] INFO  http.HttpServer2 (HttpServer2.java:addGlobalFilter(1036)) - Added global filter 'safety' (class=org.apache.hadoop.hdds.server.http.HttpServer2$QuotingInputFilter)
2024-02-27 21:40:05,879 [main] INFO  http.HttpServer2 (HttpServer2.java:addFilter(1012)) - Added filter static_user_filter (class=org.apache.hadoop.http.lib.StaticUserWebFilter$StaticUserFilter) to context hddsDatanode
2024-02-27 21:40:05,879 [main] INFO  http.HttpServer2 (HttpServer2.java:addFilter(1020)) - Added filter static_user_filter (class=org.apache.hadoop.http.lib.StaticUserWebFilter$StaticUserFilter) to context static
2024-02-27 21:40:05,879 [main] INFO  http.HttpServer2 (HttpServer2.java:addFilter(1020)) - Added filter static_user_filter (class=org.apache.hadoop.http.lib.StaticUserWebFilter$StaticUserFilter) to context logs
2024-02-27 21:40:05,880 [main] INFO  http.BaseHttpServer (BaseHttpServer.java:<init>(189)) - HTTP server of hddsDatanode uses base directory /home/runner/work/ozone/ozone/hadoop-ozone/integration-test/target/test-dir/MiniOzoneClusterImpl-6e3a073c-9bdc-4deb-8550-ef77f821b5e4/ozone-meta/datanode-4/meta/webserver
2024-02-27 21:40:05,880 [main] INFO  http.HttpServer2 (HttpServer2.java:bindListener(1236)) - Jetty bound to port 15133
2024-02-27 21:40:05,880 [main] INFO  server.Server (Server.java:doStart(375)) - jetty-9.4.53.v20231009; built: 2023-10-09T12:29:09.265Z; git: 27bde00a0b95a1d5bbee0eae7984f891d2d0f8c9; jvm 1.8.0_402-b06
2024-02-27 21:40:05,881 [main] INFO  server.session (DefaultSessionIdManager.java:doStart(334)) - DefaultSessionIdManager workerName=node0
2024-02-27 21:40:05,881 [main] INFO  server.session (DefaultSessionIdManager.java:doStart(339)) - No SessionScavenger set, using defaults
2024-02-27 21:40:05,882 [main] INFO  server.session (HouseKeeper.java:startScavenging(132)) - node0 Scavenging every 660000ms
2024-02-27 21:40:05,883 [main] INFO  handler.ContextHandler (ContextHandler.java:doStart(921)) - Started o.e.j.s.ServletContextHandler@66f7cc6{logs,/logs,file:///home/runner/work/ozone/ozone/hadoop-ozone/integration-test/target/log,AVAILABLE}
2024-02-27 21:40:05,883 [main] INFO  handler.ContextHandler (ContextHandler.java:doStart(921)) - Started o.e.j.s.ServletContextHandler@111eae09{static,/static,jar:file:/home/runner/.m2/repository/org/apache/ozone/hdds-container-service/1.5.0-SNAPSHOT/hdds-container-service-1.5.0-SNAPSHOT.jar!/webapps/static,AVAILABLE}
2024-02-27 21:40:05,915 [main] INFO  handler.ContextHandler (ContextHandler.java:doStart(921)) - Started o.e.j.w.WebAppContext@3d09f24f{hddsDatanode,/,file:///home/runner/work/ozone/ozone/hadoop-ozone/integration-test/target/test-dir/MiniOzoneClusterImpl-6e3a073c-9bdc-4deb-8550-ef77f821b5e4/ozone-meta/datanode-4/meta/webserver/jetty-0_0_0_0-15133-hdds-container-service-1_5_0-SNAPSHOT_jar-_-any-7851103468855977521/webapp/,AVAILABLE}{jar:file:/home/runner/.m2/repository/org/apache/ozone/hdds-container-service/1.5.0-SNAPSHOT/hdds-container-service-1.5.0-SNAPSHOT.jar!/webapps/hddsDatanode}
2024-02-27 21:40:05,917 [main] INFO  server.AbstractConnector (AbstractConnector.java:doStart(333)) - Started ServerConnector@1a4451cb{HTTP/1.1, (http/1.1)}{0.0.0.0:15133}
2024-02-27 21:40:05,917 [main] INFO  server.Server (Server.java:doStart(415)) - Started @216260ms
2024-02-27 21:40:05,917 [main] WARN  impl.MetricsSystemImpl (MetricsSystemImpl.java:register(279)) - Sink prometheus already exists!
2024-02-27 21:40:05,918 [main] INFO  http.BaseHttpServer (BaseHttpServer.java:updateConnectorAddress(354)) - HTTP server of hddsDatanode listening at http://0.0.0.0:15133
2024-02-27 21:40:05,918 [main] INFO  ipc.CallQueueManager (CallQueueManager.java:<init>(90)) - Using callQueue: class java.util.concurrent.LinkedBlockingQueue, queueCapacity: 100, scheduler: class org.apache.hadoop.ipc.DefaultRpcScheduler, ipcBackoff: false.
2024-02-27 21:40:05,918 [main] INFO  ipc.Server (Server.java:<init>(1287)) - Listener at 0.0.0.0:15134
2024-02-27 21:40:05,919 [Socket Reader #1 for port 15134] INFO  ipc.Server (Server.java:run(1323)) - Starting Socket Reader #1 for port 15134
2024-02-27 21:40:05,920 [main] INFO  ozone.HddsDatanodeService (HddsDatanodeService.java:start(327)) - Datanode start with admins: [runner]
2024-02-27 21:40:05,920 [main] INFO  ozone.HddsDatanodeClientProtocolServer (HddsDatanodeClientProtocolServer.java:start(77)) - RPC server for Client /0.0.0.0:15134
2024-02-27 21:40:05,920 [IPC Server Responder] INFO  ipc.Server (Server.java:run(1562)) - IPC Server Responder: starting
2024-02-27 21:40:05,920 [IPC Server listener on 15134] INFO  ipc.Server (Server.java:run(1402)) - IPC Server listener on 15134: starting
2024-02-27 21:40:05,922 [2818fa5f-cc14-4867-ab22-981a54c2b243-DatanodeStateMachineDaemonThread] INFO  statemachine.DatanodeStateMachine (DatanodeStateMachine.java:lambda$startDaemon$1(555)) - Ozone container server started.
2024-02-27 21:40:05,922 [main] WARN  dropwizard3.Dm3MetricRegistriesImpl (Dm3MetricRegistriesImpl.java:addReporterRegistration(113)) - New reporters are added after registries were created. Some metrics will be missing from the reporter. Please add reporter before adding any new registry.
2024-02-27 21:40:05,923 [main] WARN  dropwizard3.Dm3MetricRegistriesImpl (Dm3MetricRegistriesImpl.java:addReporterRegistration(113)) - New reporters are added after registries were created. Some metrics will be missing from the reporter. Please add reporter before adding any new registry.
2024-02-27 21:40:05,923 [main] INFO  impl.MetricsSystemImpl (MetricsSystemImpl.java:init(158)) - HddsDatanode metrics system started (again)
2024-02-27 21:40:05,926 [2818fa5f-cc14-4867-ab22-981a54c2b243-DatanodeStateMachineTaskThread-0] INFO  datanode.InitDatanodeState (InitDatanodeState.java:persistContainerDatanodeDetails(139)) - DatanodeDetails is persisted to /home/runner/work/ozone/ozone/hadoop-ozone/integration-test/target/test-dir/MiniOzoneClusterImpl-6e3a073c-9bdc-4deb-8550-ef77f821b5e4/ozone-meta/datanode-4/meta/datanode.id
2024-02-27 21:40:05,934 [main] INFO  ozone.HddsDatanodeService (HddsDatanodeService.java:start(240)) - HddsDatanodeService host:fv-az531-651.fb1yufaac5hu3gd5gtxiz42tfh.cx.internal.cloudapp.net ip:10.1.0.18
2024-02-27 21:40:05,952 [main] INFO  upgrade.AbstractLayoutVersionManager (AbstractLayoutVersionManager.java:init(83)) - Initializing Layout version manager with metadata layout = HADOOP_PRC_PORTS_IN_DATANODEDETAILS (version = 7), software layout = HADOOP_PRC_PORTS_IN_DATANODEDETAILS (version = 7)
2024-02-27 21:40:05,953 [main] INFO  statemachine.DatanodeStateMachine (DatanodeStateMachine.java:getEndPointTaskThreadPoolSize(299)) - Datanode State Machine Task Thread Pool size 2
2024-02-27 21:40:05,954 [main] INFO  volume.HddsVolume (HddsVolume.java:<init>(125)) - Creating HddsVolume: /home/runner/work/ozone/ozone/hadoop-ozone/integration-test/target/test-dir/MiniOzoneClusterImpl-6e3a073c-9bdc-4deb-8550-ef77f821b5e4/ozone-meta/datanode-5/data-0/hdds of storage type : DISK capacity : 9223372036854775807
2024-02-27 21:40:05,954 [main] INFO  volume.MutableVolumeSet (MutableVolumeSet.java:initializeVolumeSet(173)) - Added Volume : /home/runner/work/ozone/ozone/hadoop-ozone/integration-test/target/test-dir/MiniOzoneClusterImpl-6e3a073c-9bdc-4deb-8550-ef77f821b5e4/ozone-meta/datanode-5/data-0/hdds to VolumeSet
2024-02-27 21:40:05,954 [main] INFO  volume.MutableVolumeSet (MutableVolumeSet.java:initializeVolumeSet(173)) - Added Volume : /home/runner/work/ozone/ozone/hadoop-ozone/integration-test/target/test-dir/MiniOzoneClusterImpl-6e3a073c-9bdc-4deb-8550-ef77f821b5e4/ozone-meta/datanode-5/ratis to VolumeSet
2024-02-27 21:40:05,955 [main] INFO  ozoneimpl.OzoneContainer (HddsVolumeUtil.java:loadAllHddsVolumeDbStore(103)) - Load 1 volumes DbStore cost: 0ms
2024-02-27 21:40:05,956 [main] INFO  server.RaftServer (ConfUtils.java:logGet(46)) - raft.rpc.type = GRPC (default)
2024-02-27 21:40:05,956 [main] INFO  grpc.GrpcConfigKeys (ConfUtils.java:logFallback(53)) - raft.grpc.admin.host = null (fallback to raft.grpc.server.host)
2024-02-27 21:40:05,956 [main] INFO  grpc.GrpcConfigKeys (ConfUtils.java:logGet(46)) - raft.grpc.admin.port = 15146 (custom)
2024-02-27 21:40:05,957 [main] INFO  grpc.GrpcConfigKeys (ConfUtils.java:logFallback(53)) - raft.grpc.client.host = null (fallback to raft.grpc.server.host)
2024-02-27 21:40:05,957 [main] INFO  grpc.GrpcConfigKeys (ConfUtils.java:logGet(46)) - raft.grpc.client.port = 15145 (custom)
2024-02-27 21:40:05,957 [main] INFO  grpc.GrpcConfigKeys (ConfUtils.java:logGet(46)) - raft.grpc.server.host = null (default)
2024-02-27 21:40:05,957 [main] INFO  grpc.GrpcConfigKeys (ConfUtils.java:logGet(46)) - raft.grpc.server.port = 15147 (custom)
2024-02-27 21:40:05,957 [main] INFO  server.GrpcService (ConfUtils.java:logGet(46)) - raft.grpc.message.size.max = 32MB (=33554432) (custom)
2024-02-27 21:40:05,958 [main] INFO  server.RaftServerConfigKeys (ConfUtils.java:logGet(46)) - raft.server.log.appender.buffer.byte-limit = 8388608 (custom)
2024-02-27 21:40:05,958 [main] INFO  server.GrpcService (ConfUtils.java:logGet(46)) - raft.grpc.flow.control.window = 5MB (=5242880) (custom)
2024-02-27 21:40:05,958 [main] INFO  server.RaftServerConfigKeys (ConfUtils.java:logGet(46)) - raft.server.rpc.request.timeout = 60s (custom)
2024-02-27 21:40:05,958 [main] INFO  grpc.GrpcConfigKeys (ConfUtils.java:logGet(46)) - raft.grpc.server.heartbeat.channel = true (default)
2024-02-27 21:40:05,958 [main] INFO  grpc.GrpcConfigKeys (ConfUtils.java:logGet(46)) - raft.grpc.server.async.request.thread.pool.cached = true (default)
2024-02-27 21:40:05,958 [main] INFO  grpc.GrpcConfigKeys (ConfUtils.java:logGet(46)) - raft.grpc.server.async.request.thread.pool.size = 32 (default)
2024-02-27 21:40:05,960 [main] INFO  impl.DataStreamServerImpl (ConfUtils.java:logGet(46)) - raft.datastream.type = NETTY (custom)
2024-02-27 21:40:05,960 [main] INFO  server.RaftServerConfigKeys (ConfUtils.java:logGet(46)) - raft.server.data-stream.async.request.thread.pool.cached = false (default)
2024-02-27 21:40:05,961 [main] INFO  server.RaftServerConfigKeys (ConfUtils.java:logGet(46)) - raft.server.data-stream.async.request.thread.pool.size = 20 (custom)
2024-02-27 21:40:05,961 [main] INFO  server.RaftServerConfigKeys (ConfUtils.java:logGet(46)) - raft.server.data-stream.async.write.thread.pool.size = 16 (default)
2024-02-27 21:40:05,961 [main] INFO  netty.NettyConfigKeys$DataStream (ConfUtils.java:logGet(46)) - raft.netty.dataStream.server.channel.inactive.grace-period = 10min (default)
2024-02-27 21:40:05,961 [main] INFO  server.RaftServerConfigKeys (ConfUtils.java:logGet(46)) - raft.server.data-stream.client.pool.size = 10 (default)
2024-02-27 21:40:05,961 [main] INFO  netty.NettyConfigKeys$DataStream (ConfUtils.java:logGet(46)) - raft.netty.dataStream.server.use-epoll = true (default)
2024-02-27 21:40:05,962 [main] INFO  netty.NettyConfigKeys$DataStream (ConfUtils.java:logGet(46)) - raft.netty.dataStream.server.boss-group.size = 0 (default)
2024-02-27 21:40:05,962 [main] INFO  netty.NettyUtils (NettyUtils.java:newEventLoopGroup(69)) - Create EpollEventLoopGroup for acd5b146-ec22-4575-ab5b-633d0d82c7a3-NettyServerStreamRpc-bossGroup; Thread size is 0.
2024-02-27 21:40:05,962 [main] INFO  netty.NettyConfigKeys$DataStream (ConfUtils.java:logGet(46)) - raft.netty.dataStream.server.worker-group.size = 0 (default)
2024-02-27 21:40:05,962 [main] INFO  netty.NettyUtils (NettyUtils.java:newEventLoopGroup(69)) - Create EpollEventLoopGroup for acd5b146-ec22-4575-ab5b-633d0d82c7a3-NettyServerStreamRpc-workerGroup; Thread size is 0.
2024-02-27 21:40:05,963 [main] INFO  netty.NettyConfigKeys$DataStream (ConfUtils.java:logGet(46)) - raft.netty.dataStream.server.tls.conf = null (default)
2024-02-27 21:40:05,963 [main] INFO  netty.NettyConfigKeys$DataStream (ConfUtils.java:logGet(46)) - raft.netty.dataStream.host = null (default)
2024-02-27 21:40:05,963 [main] INFO  netty.NettyConfigKeys$DataStream (ConfUtils.java:logGet(46)) - raft.netty.dataStream.port = 15148 (custom)
2024-02-27 21:40:05,964 [main] INFO  server.RaftServerConfigKeys (ConfUtils.java:logGet(46)) - raft.server.sleep.deviation.threshold = 300ms (default)
2024-02-27 21:40:05,964 [acd5b146-ec22-4575-ab5b-633d0d82c7a3-NettyServerStreamRpc-bossGroup--thread1] INFO  logging.LoggingHandler (AbstractInternalLogger.java:log(148)) - [id: 0x5d4146fa] REGISTERED
2024-02-27 21:40:05,964 [main] INFO  server.RaftServerConfigKeys (ConfUtils.java:logGet(46)) - raft.server.close.threshold = 60s (default)
2024-02-27 21:40:05,964 [acd5b146-ec22-4575-ab5b-633d0d82c7a3-NettyServerStreamRpc-bossGroup--thread1] INFO  logging.LoggingHandler (AbstractInternalLogger.java:log(148)) - [id: 0x5d4146fa] BIND: 0.0.0.0/0.0.0.0:15148
2024-02-27 21:40:05,964 [main] INFO  server.RaftServerConfigKeys (ConfUtils.java:logGet(46)) - raft.server.leaderelection.leader.step-down.wait-time = 10s (default)
2024-02-27 21:40:05,964 [acd5b146-ec22-4575-ab5b-633d0d82c7a3-NettyServerStreamRpc-bossGroup--thread1] INFO  logging.LoggingHandler (AbstractInternalLogger.java:log(148)) - [id: 0x5d4146fa, L:/0.0.0.0:15148] ACTIVE
2024-02-27 21:40:05,964 [main] INFO  server.RaftServerConfigKeys (ConfUtils.java:logGet(46)) - raft.server.storage.dir = [/home/runner/work/ozone/ozone/hadoop-ozone/integration-test/target/test-dir/MiniOzoneClusterImpl-6e3a073c-9bdc-4deb-8550-ef77f821b5e4/ozone-meta/datanode-5/ratis] (custom)
2024-02-27 21:40:05,965 [main] INFO  server.RaftServerConfigKeys (ConfUtils.java:logGet(46)) - raft.server.threadpool.proxy.cached = true (default)
2024-02-27 21:40:05,965 [main] INFO  server.RaftServerConfigKeys (ConfUtils.java:logGet(46)) - raft.server.threadpool.proxy.size = 0 (default)
2024-02-27 21:40:05,965 [acd5b146-ec22-4575-ab5b-633d0d82c7a3-impl-thread1] INFO  server.RaftServer (RaftServerProxy.java:initGroupDir(264)) - acd5b146-ec22-4575-ab5b-633d0d82c7a3: found a subdirectory /home/runner/work/ozone/ozone/hadoop-ozone/integration-test/target/test-dir/MiniOzoneClusterImpl-6e3a073c-9bdc-4deb-8550-ef77f821b5e4/ozone-meta/datanode-5/ratis/tmp
2024-02-27 21:40:05,965 [acd5b146-ec22-4575-ab5b-633d0d82c7a3-impl-thread1] INFO  server.RaftServer (RaftServerProxy.java:initGroupDir(269)) - acd5b146-ec22-4575-ab5b-633d0d82c7a3: The directory /home/runner/work/ozone/ozone/hadoop-ozone/integration-test/target/test-dir/MiniOzoneClusterImpl-6e3a073c-9bdc-4deb-8550-ef77f821b5e4/ozone-meta/datanode-5/ratis/tmp is not a group directory; ignoring it. 
2024-02-27 21:40:05,965 [main] INFO  replication.ReplicationServer (ReplicationServer.java:<init>(86)) - Initializing replication server with thread count = 10 queue length = 4096
2024-02-27 21:40:05,966 [main] INFO  server.XceiverServerGrpc (XceiverServerGrpc.java:<init>(141)) - GrpcServer channel type EpollServerSocketChannel
2024-02-27 21:40:05,967 [main] INFO  replication.ReplicationSupervisor (ReplicationSupervisor.java:build(163)) - Initializing replication supervisor with thread count = 10
2024-02-27 21:40:05,968 [main] INFO  replication.ReplicationSupervisor (ReplicationSupervisor.java:nodeStateUpdated(317)) - Node state updated to IN_SERVICE, scaling executor pool size to 10
2024-02-27 21:40:05,969 [main] INFO  http.BaseHttpServer (BaseHttpServer.java:newHttpServer2BuilderForOzone(223)) - Starting Web-server for hddsDatanode at: http://0.0.0.0:15142
2024-02-27 21:40:05,969 [main] INFO  http.BaseHttpServer (BaseHttpServer.java:<init>(110)) - Hadoop Security Enabled: false Ozone Security Enabled: false Ozone HTTP Security Enabled: false 
2024-02-27 21:40:05,970 [main] WARN  server.AuthenticationFilter (AuthenticationFilter.java:constructSecretProvider(240)) - Unable to initialize FileSignerSecretProvider, falling back to use random secrets. Reason: Could not read signature secret file: /home/runner/hadoop-http-auth-signature-secret
2024-02-27 21:40:05,970 [main] INFO  http.HttpRequestLog (HttpRequestLog.java:getRequestLog(86)) - Http request log for http.requests.hddsDatanode is not defined
2024-02-27 21:40:05,971 [main] INFO  http.HttpServer2 (HttpServer2.java:addGlobalFilter(1036)) - Added global filter 'safety' (class=org.apache.hadoop.hdds.server.http.HttpServer2$QuotingInputFilter)
2024-02-27 21:40:05,972 [main] INFO  http.HttpServer2 (HttpServer2.java:addFilter(1012)) - Added filter static_user_filter (class=org.apache.hadoop.http.lib.StaticUserWebFilter$StaticUserFilter) to context hddsDatanode
2024-02-27 21:40:05,972 [main] INFO  http.HttpServer2 (HttpServer2.java:addFilter(1020)) - Added filter static_user_filter (class=org.apache.hadoop.http.lib.StaticUserWebFilter$StaticUserFilter) to context static
2024-02-27 21:40:05,972 [main] INFO  http.HttpServer2 (HttpServer2.java:addFilter(1020)) - Added filter static_user_filter (class=org.apache.hadoop.http.lib.StaticUserWebFilter$StaticUserFilter) to context logs
2024-02-27 21:40:05,973 [main] INFO  http.BaseHttpServer (BaseHttpServer.java:<init>(189)) - HTTP server of hddsDatanode uses base directory /home/runner/work/ozone/ozone/hadoop-ozone/integration-test/target/test-dir/MiniOzoneClusterImpl-6e3a073c-9bdc-4deb-8550-ef77f821b5e4/ozone-meta/datanode-5/meta/webserver
2024-02-27 21:40:05,973 [main] INFO  http.HttpServer2 (HttpServer2.java:bindListener(1236)) - Jetty bound to port 15142
2024-02-27 21:40:05,973 [main] INFO  server.Server (Server.java:doStart(375)) - jetty-9.4.53.v20231009; built: 2023-10-09T12:29:09.265Z; git: 27bde00a0b95a1d5bbee0eae7984f891d2d0f8c9; jvm 1.8.0_402-b06
2024-02-27 21:40:05,976 [main] INFO  server.session (DefaultSessionIdManager.java:doStart(334)) - DefaultSessionIdManager workerName=node0
2024-02-27 21:40:05,976 [main] INFO  server.session (DefaultSessionIdManager.java:doStart(339)) - No SessionScavenger set, using defaults
2024-02-27 21:40:05,976 [main] INFO  server.session (HouseKeeper.java:startScavenging(132)) - node0 Scavenging every 660000ms
2024-02-27 21:40:05,977 [main] INFO  handler.ContextHandler (ContextHandler.java:doStart(921)) - Started o.e.j.s.ServletContextHandler@4986983e{logs,/logs,file:///home/runner/work/ozone/ozone/hadoop-ozone/integration-test/target/log,AVAILABLE}
2024-02-27 21:40:05,977 [main] INFO  handler.ContextHandler (ContextHandler.java:doStart(921)) - Started o.e.j.s.ServletContextHandler@14278bb5{static,/static,jar:file:/home/runner/.m2/repository/org/apache/ozone/hdds-container-service/1.5.0-SNAPSHOT/hdds-container-service-1.5.0-SNAPSHOT.jar!/webapps/static,AVAILABLE}
2024-02-27 21:40:06,009 [main] INFO  handler.ContextHandler (ContextHandler.java:doStart(921)) - Started o.e.j.w.WebAppContext@51e10d61{hddsDatanode,/,file:///home/runner/work/ozone/ozone/hadoop-ozone/integration-test/target/test-dir/MiniOzoneClusterImpl-6e3a073c-9bdc-4deb-8550-ef77f821b5e4/ozone-meta/datanode-5/meta/webserver/jetty-0_0_0_0-15142-hdds-container-service-1_5_0-SNAPSHOT_jar-_-any-3395873917440013467/webapp/,AVAILABLE}{jar:file:/home/runner/.m2/repository/org/apache/ozone/hdds-container-service/1.5.0-SNAPSHOT/hdds-container-service-1.5.0-SNAPSHOT.jar!/webapps/hddsDatanode}
2024-02-27 21:40:06,012 [main] INFO  server.AbstractConnector (AbstractConnector.java:doStart(333)) - Started ServerConnector@3da9e33c{HTTP/1.1, (http/1.1)}{0.0.0.0:15142}
2024-02-27 21:40:06,012 [main] INFO  server.Server (Server.java:doStart(415)) - Started @216355ms
2024-02-27 21:40:06,012 [main] WARN  impl.MetricsSystemImpl (MetricsSystemImpl.java:register(279)) - Sink prometheus already exists!
2024-02-27 21:40:06,012 [main] INFO  http.BaseHttpServer (BaseHttpServer.java:updateConnectorAddress(354)) - HTTP server of hddsDatanode listening at http://0.0.0.0:15142
2024-02-27 21:40:06,013 [main] INFO  ipc.CallQueueManager (CallQueueManager.java:<init>(90)) - Using callQueue: class java.util.concurrent.LinkedBlockingQueue, queueCapacity: 100, scheduler: class org.apache.hadoop.ipc.DefaultRpcScheduler, ipcBackoff: false.
2024-02-27 21:40:06,013 [main] INFO  ipc.Server (Server.java:<init>(1287)) - Listener at 0.0.0.0:15143
2024-02-27 21:40:06,013 [Socket Reader #1 for port 15143] INFO  ipc.Server (Server.java:run(1323)) - Starting Socket Reader #1 for port 15143
2024-02-27 21:40:06,014 [main] INFO  ozone.HddsDatanodeService (HddsDatanodeService.java:start(327)) - Datanode start with admins: [runner]
2024-02-27 21:40:06,015 [main] INFO  ozone.HddsDatanodeClientProtocolServer (HddsDatanodeClientProtocolServer.java:start(77)) - RPC server for Client /0.0.0.0:15143
2024-02-27 21:40:06,015 [IPC Server Responder] INFO  ipc.Server (Server.java:run(1562)) - IPC Server Responder: starting
2024-02-27 21:40:06,015 [IPC Server listener on 15143] INFO  ipc.Server (Server.java:run(1402)) - IPC Server listener on 15143: starting
2024-02-27 21:40:06,018 [acd5b146-ec22-4575-ab5b-633d0d82c7a3-DatanodeStateMachineDaemonThread] INFO  statemachine.DatanodeStateMachine (DatanodeStateMachine.java:lambda$startDaemon$1(555)) - Ozone container server started.
2024-02-27 21:40:06,018 [main] WARN  dropwizard3.Dm3MetricRegistriesImpl (Dm3MetricRegistriesImpl.java:addReporterRegistration(113)) - New reporters are added after registries were created. Some metrics will be missing from the reporter. Please add reporter before adding any new registry.
2024-02-27 21:40:06,020 [main] WARN  dropwizard3.Dm3MetricRegistriesImpl (Dm3MetricRegistriesImpl.java:addReporterRegistration(113)) - New reporters are added after registries were created. Some metrics will be missing from the reporter. Please add reporter before adding any new registry.
2024-02-27 21:40:06,020 [main] INFO  impl.MetricsSystemImpl (MetricsSystemImpl.java:init(158)) - HddsDatanode metrics system started (again)
2024-02-27 21:40:06,022 [acd5b146-ec22-4575-ab5b-633d0d82c7a3-DatanodeStateMachineTaskThread-0] INFO  datanode.InitDatanodeState (InitDatanodeState.java:persistContainerDatanodeDetails(139)) - DatanodeDetails is persisted to /home/runner/work/ozone/ozone/hadoop-ozone/integration-test/target/test-dir/MiniOzoneClusterImpl-6e3a073c-9bdc-4deb-8550-ef77f821b5e4/ozone-meta/datanode-5/meta/datanode.id
2024-02-27 21:40:06,028 [main] INFO  ozone.HddsDatanodeService (HddsDatanodeService.java:start(240)) - HddsDatanodeService host:fv-az531-651.fb1yufaac5hu3gd5gtxiz42tfh.cx.internal.cloudapp.net ip:10.1.0.18
2024-02-27 21:40:06,050 [main] INFO  upgrade.AbstractLayoutVersionManager (AbstractLayoutVersionManager.java:init(83)) - Initializing Layout version manager with metadata layout = HADOOP_PRC_PORTS_IN_DATANODEDETAILS (version = 7), software layout = HADOOP_PRC_PORTS_IN_DATANODEDETAILS (version = 7)
2024-02-27 21:40:06,050 [main] INFO  statemachine.DatanodeStateMachine (DatanodeStateMachine.java:getEndPointTaskThreadPoolSize(299)) - Datanode State Machine Task Thread Pool size 2
2024-02-27 21:40:06,051 [main] INFO  volume.HddsVolume (HddsVolume.java:<init>(125)) - Creating HddsVolume: /home/runner/work/ozone/ozone/hadoop-ozone/integration-test/target/test-dir/MiniOzoneClusterImpl-6e3a073c-9bdc-4deb-8550-ef77f821b5e4/ozone-meta/datanode-6/data-0/hdds of storage type : DISK capacity : 9223372036854775807
2024-02-27 21:40:06,051 [main] INFO  volume.MutableVolumeSet (MutableVolumeSet.java:initializeVolumeSet(173)) - Added Volume : /home/runner/work/ozone/ozone/hadoop-ozone/integration-test/target/test-dir/MiniOzoneClusterImpl-6e3a073c-9bdc-4deb-8550-ef77f821b5e4/ozone-meta/datanode-6/data-0/hdds to VolumeSet
2024-02-27 21:40:06,052 [main] INFO  volume.MutableVolumeSet (MutableVolumeSet.java:initializeVolumeSet(173)) - Added Volume : /home/runner/work/ozone/ozone/hadoop-ozone/integration-test/target/test-dir/MiniOzoneClusterImpl-6e3a073c-9bdc-4deb-8550-ef77f821b5e4/ozone-meta/datanode-6/ratis to VolumeSet
2024-02-27 21:40:06,052 [main] INFO  ozoneimpl.OzoneContainer (HddsVolumeUtil.java:loadAllHddsVolumeDbStore(103)) - Load 1 volumes DbStore cost: 0ms
2024-02-27 21:40:06,053 [main] INFO  server.RaftServer (ConfUtils.java:logGet(46)) - raft.rpc.type = GRPC (default)
2024-02-27 21:40:06,054 [main] INFO  grpc.GrpcConfigKeys (ConfUtils.java:logFallback(53)) - raft.grpc.admin.host = null (fallback to raft.grpc.server.host)
2024-02-27 21:40:06,054 [main] INFO  grpc.GrpcConfigKeys (ConfUtils.java:logGet(46)) - raft.grpc.admin.port = 15155 (custom)
2024-02-27 21:40:06,054 [main] INFO  grpc.GrpcConfigKeys (ConfUtils.java:logFallback(53)) - raft.grpc.client.host = null (fallback to raft.grpc.server.host)
2024-02-27 21:40:06,054 [main] INFO  grpc.GrpcConfigKeys (ConfUtils.java:logGet(46)) - raft.grpc.client.port = 15154 (custom)
2024-02-27 21:40:06,054 [main] INFO  grpc.GrpcConfigKeys (ConfUtils.java:logGet(46)) - raft.grpc.server.host = null (default)
2024-02-27 21:40:06,054 [main] INFO  grpc.GrpcConfigKeys (ConfUtils.java:logGet(46)) - raft.grpc.server.port = 15156 (custom)
2024-02-27 21:40:06,055 [main] INFO  server.GrpcService (ConfUtils.java:logGet(46)) - raft.grpc.message.size.max = 32MB (=33554432) (custom)
2024-02-27 21:40:06,055 [main] INFO  server.RaftServerConfigKeys (ConfUtils.java:logGet(46)) - raft.server.log.appender.buffer.byte-limit = 8388608 (custom)
2024-02-27 21:40:06,055 [main] INFO  server.GrpcService (ConfUtils.java:logGet(46)) - raft.grpc.flow.control.window = 5MB (=5242880) (custom)
2024-02-27 21:40:06,055 [main] INFO  server.RaftServerConfigKeys (ConfUtils.java:logGet(46)) - raft.server.rpc.request.timeout = 60s (custom)
2024-02-27 21:40:06,055 [main] INFO  grpc.GrpcConfigKeys (ConfUtils.java:logGet(46)) - raft.grpc.server.heartbeat.channel = true (default)
2024-02-27 21:40:06,056 [main] INFO  grpc.GrpcConfigKeys (ConfUtils.java:logGet(46)) - raft.grpc.server.async.request.thread.pool.cached = true (default)
2024-02-27 21:40:06,056 [main] INFO  grpc.GrpcConfigKeys (ConfUtils.java:logGet(46)) - raft.grpc.server.async.request.thread.pool.size = 32 (default)
2024-02-27 21:40:06,058 [main] INFO  impl.DataStreamServerImpl (ConfUtils.java:logGet(46)) - raft.datastream.type = NETTY (custom)
2024-02-27 21:40:06,058 [main] INFO  server.RaftServerConfigKeys (ConfUtils.java:logGet(46)) - raft.server.data-stream.async.request.thread.pool.cached = false (default)
2024-02-27 21:40:06,058 [main] INFO  server.RaftServerConfigKeys (ConfUtils.java:logGet(46)) - raft.server.data-stream.async.request.thread.pool.size = 20 (custom)
2024-02-27 21:40:06,058 [main] INFO  server.RaftServerConfigKeys (ConfUtils.java:logGet(46)) - raft.server.data-stream.async.write.thread.pool.size = 16 (default)
2024-02-27 21:40:06,058 [main] INFO  netty.NettyConfigKeys$DataStream (ConfUtils.java:logGet(46)) - raft.netty.dataStream.server.channel.inactive.grace-period = 10min (default)
2024-02-27 21:40:06,059 [main] INFO  server.RaftServerConfigKeys (ConfUtils.java:logGet(46)) - raft.server.data-stream.client.pool.size = 10 (default)
2024-02-27 21:40:06,059 [main] INFO  netty.NettyConfigKeys$DataStream (ConfUtils.java:logGet(46)) - raft.netty.dataStream.server.use-epoll = true (default)
2024-02-27 21:40:06,059 [main] INFO  netty.NettyConfigKeys$DataStream (ConfUtils.java:logGet(46)) - raft.netty.dataStream.server.boss-group.size = 0 (default)
2024-02-27 21:40:06,059 [main] INFO  netty.NettyUtils (NettyUtils.java:newEventLoopGroup(69)) - Create EpollEventLoopGroup for 2da9303e-6724-4504-a4a5-d250e7d22259-NettyServerStreamRpc-bossGroup; Thread size is 0.
2024-02-27 21:40:06,059 [main] INFO  netty.NettyConfigKeys$DataStream (ConfUtils.java:logGet(46)) - raft.netty.dataStream.server.worker-group.size = 0 (default)
2024-02-27 21:40:06,059 [main] INFO  netty.NettyUtils (NettyUtils.java:newEventLoopGroup(69)) - Create EpollEventLoopGroup for 2da9303e-6724-4504-a4a5-d250e7d22259-NettyServerStreamRpc-workerGroup; Thread size is 0.
2024-02-27 21:40:06,060 [main] INFO  netty.NettyConfigKeys$DataStream (ConfUtils.java:logGet(46)) - raft.netty.dataStream.server.tls.conf = null (default)
2024-02-27 21:40:06,060 [main] INFO  netty.NettyConfigKeys$DataStream (ConfUtils.java:logGet(46)) - raft.netty.dataStream.host = null (default)
2024-02-27 21:40:06,060 [main] INFO  netty.NettyConfigKeys$DataStream (ConfUtils.java:logGet(46)) - raft.netty.dataStream.port = 15157 (custom)
2024-02-27 21:40:06,060 [main] INFO  server.RaftServerConfigKeys (ConfUtils.java:logGet(46)) - raft.server.sleep.deviation.threshold = 300ms (default)
2024-02-27 21:40:06,060 [main] INFO  server.RaftServerConfigKeys (ConfUtils.java:logGet(46)) - raft.server.close.threshold = 60s (default)
2024-02-27 21:40:06,060 [2da9303e-6724-4504-a4a5-d250e7d22259-NettyServerStreamRpc-bossGroup--thread1] INFO  logging.LoggingHandler (AbstractInternalLogger.java:log(148)) - [id: 0x999c7c26] REGISTERED
2024-02-27 21:40:06,061 [main] INFO  server.RaftServerConfigKeys (ConfUtils.java:logGet(46)) - raft.server.leaderelection.leader.step-down.wait-time = 10s (default)
2024-02-27 21:40:06,061 [2da9303e-6724-4504-a4a5-d250e7d22259-NettyServerStreamRpc-bossGroup--thread1] INFO  logging.LoggingHandler (AbstractInternalLogger.java:log(148)) - [id: 0x999c7c26] BIND: 0.0.0.0/0.0.0.0:15157
2024-02-27 21:40:06,061 [main] INFO  server.RaftServerConfigKeys (ConfUtils.java:logGet(46)) - raft.server.storage.dir = [/home/runner/work/ozone/ozone/hadoop-ozone/integration-test/target/test-dir/MiniOzoneClusterImpl-6e3a073c-9bdc-4deb-8550-ef77f821b5e4/ozone-meta/datanode-6/ratis] (custom)
2024-02-27 21:40:06,061 [2da9303e-6724-4504-a4a5-d250e7d22259-NettyServerStreamRpc-bossGroup--thread1] INFO  logging.LoggingHandler (AbstractInternalLogger.java:log(148)) - [id: 0x999c7c26, L:/0.0.0.0:15157] ACTIVE
2024-02-27 21:40:06,061 [main] INFO  server.RaftServerConfigKeys (ConfUtils.java:logGet(46)) - raft.server.threadpool.proxy.cached = true (default)
2024-02-27 21:40:06,061 [main] INFO  server.RaftServerConfigKeys (ConfUtils.java:logGet(46)) - raft.server.threadpool.proxy.size = 0 (default)
2024-02-27 21:40:06,062 [2da9303e-6724-4504-a4a5-d250e7d22259-impl-thread1] INFO  server.RaftServer (RaftServerProxy.java:initGroupDir(264)) - 2da9303e-6724-4504-a4a5-d250e7d22259: found a subdirectory /home/runner/work/ozone/ozone/hadoop-ozone/integration-test/target/test-dir/MiniOzoneClusterImpl-6e3a073c-9bdc-4deb-8550-ef77f821b5e4/ozone-meta/datanode-6/ratis/tmp
2024-02-27 21:40:06,062 [2da9303e-6724-4504-a4a5-d250e7d22259-impl-thread1] INFO  server.RaftServer (RaftServerProxy.java:initGroupDir(269)) - 2da9303e-6724-4504-a4a5-d250e7d22259: The directory /home/runner/work/ozone/ozone/hadoop-ozone/integration-test/target/test-dir/MiniOzoneClusterImpl-6e3a073c-9bdc-4deb-8550-ef77f821b5e4/ozone-meta/datanode-6/ratis/tmp is not a group directory; ignoring it. 
2024-02-27 21:40:06,062 [main] INFO  replication.ReplicationServer (ReplicationServer.java:<init>(86)) - Initializing replication server with thread count = 10 queue length = 4096
2024-02-27 21:40:06,062 [main] INFO  server.XceiverServerGrpc (XceiverServerGrpc.java:<init>(141)) - GrpcServer channel type EpollServerSocketChannel
2024-02-27 21:40:06,063 [main] INFO  replication.ReplicationSupervisor (ReplicationSupervisor.java:build(163)) - Initializing replication supervisor with thread count = 10
2024-02-27 21:40:06,064 [main] INFO  replication.ReplicationSupervisor (ReplicationSupervisor.java:nodeStateUpdated(317)) - Node state updated to IN_SERVICE, scaling executor pool size to 10
2024-02-27 21:40:06,066 [main] INFO  http.BaseHttpServer (BaseHttpServer.java:newHttpServer2BuilderForOzone(223)) - Starting Web-server for hddsDatanode at: http://0.0.0.0:15151
2024-02-27 21:40:06,066 [main] INFO  http.BaseHttpServer (BaseHttpServer.java:<init>(110)) - Hadoop Security Enabled: false Ozone Security Enabled: false Ozone HTTP Security Enabled: false 
2024-02-27 21:40:06,067 [main] WARN  server.AuthenticationFilter (AuthenticationFilter.java:constructSecretProvider(240)) - Unable to initialize FileSignerSecretProvider, falling back to use random secrets. Reason: Could not read signature secret file: /home/runner/hadoop-http-auth-signature-secret
2024-02-27 21:40:06,067 [main] INFO  http.HttpRequestLog (HttpRequestLog.java:getRequestLog(86)) - Http request log for http.requests.hddsDatanode is not defined
2024-02-27 21:40:06,068 [main] INFO  http.HttpServer2 (HttpServer2.java:addGlobalFilter(1036)) - Added global filter 'safety' (class=org.apache.hadoop.hdds.server.http.HttpServer2$QuotingInputFilter)
2024-02-27 21:40:06,068 [main] INFO  http.HttpServer2 (HttpServer2.java:addFilter(1012)) - Added filter static_user_filter (class=org.apache.hadoop.http.lib.StaticUserWebFilter$StaticUserFilter) to context hddsDatanode
2024-02-27 21:40:06,069 [main] INFO  http.HttpServer2 (HttpServer2.java:addFilter(1020)) - Added filter static_user_filter (class=org.apache.hadoop.http.lib.StaticUserWebFilter$StaticUserFilter) to context static
2024-02-27 21:40:06,069 [main] INFO  http.HttpServer2 (HttpServer2.java:addFilter(1020)) - Added filter static_user_filter (class=org.apache.hadoop.http.lib.StaticUserWebFilter$StaticUserFilter) to context logs
2024-02-27 21:40:06,069 [main] INFO  http.BaseHttpServer (BaseHttpServer.java:<init>(189)) - HTTP server of hddsDatanode uses base directory /home/runner/work/ozone/ozone/hadoop-ozone/integration-test/target/test-dir/MiniOzoneClusterImpl-6e3a073c-9bdc-4deb-8550-ef77f821b5e4/ozone-meta/datanode-6/meta/webserver
2024-02-27 21:40:06,069 [main] INFO  http.HttpServer2 (HttpServer2.java:bindListener(1236)) - Jetty bound to port 15151
2024-02-27 21:40:06,070 [main] INFO  server.Server (Server.java:doStart(375)) - jetty-9.4.53.v20231009; built: 2023-10-09T12:29:09.265Z; git: 27bde00a0b95a1d5bbee0eae7984f891d2d0f8c9; jvm 1.8.0_402-b06
2024-02-27 21:40:06,070 [main] INFO  server.session (DefaultSessionIdManager.java:doStart(334)) - DefaultSessionIdManager workerName=node0
2024-02-27 21:40:06,071 [main] INFO  server.session (DefaultSessionIdManager.java:doStart(339)) - No SessionScavenger set, using defaults
2024-02-27 21:40:06,071 [main] INFO  server.session (HouseKeeper.java:startScavenging(132)) - node0 Scavenging every 600000ms
2024-02-27 21:40:06,071 [main] INFO  handler.ContextHandler (ContextHandler.java:doStart(921)) - Started o.e.j.s.ServletContextHandler@1a867a4{logs,/logs,file:///home/runner/work/ozone/ozone/hadoop-ozone/integration-test/target/log,AVAILABLE}
2024-02-27 21:40:06,072 [main] INFO  handler.ContextHandler (ContextHandler.java:doStart(921)) - Started o.e.j.s.ServletContextHandler@23df6ad8{static,/static,jar:file:/home/runner/.m2/repository/org/apache/ozone/hdds-container-service/1.5.0-SNAPSHOT/hdds-container-service-1.5.0-SNAPSHOT.jar!/webapps/static,AVAILABLE}
2024-02-27 21:40:06,103 [main] INFO  handler.ContextHandler (ContextHandler.java:doStart(921)) - Started o.e.j.w.WebAppContext@69764b66{hddsDatanode,/,file:///home/runner/work/ozone/ozone/hadoop-ozone/integration-test/target/test-dir/MiniOzoneClusterImpl-6e3a073c-9bdc-4deb-8550-ef77f821b5e4/ozone-meta/datanode-6/meta/webserver/jetty-0_0_0_0-15151-hdds-container-service-1_5_0-SNAPSHOT_jar-_-any-8894754896914850635/webapp/,AVAILABLE}{jar:file:/home/runner/.m2/repository/org/apache/ozone/hdds-container-service/1.5.0-SNAPSHOT/hdds-container-service-1.5.0-SNAPSHOT.jar!/webapps/hddsDatanode}
2024-02-27 21:40:06,104 [main] INFO  server.AbstractConnector (AbstractConnector.java:doStart(333)) - Started ServerConnector@2e221340{HTTP/1.1, (http/1.1)}{0.0.0.0:15151}
2024-02-27 21:40:06,104 [main] INFO  server.Server (Server.java:doStart(415)) - Started @216448ms
2024-02-27 21:40:06,105 [main] WARN  impl.MetricsSystemImpl (MetricsSystemImpl.java:register(279)) - Sink prometheus already exists!
2024-02-27 21:40:06,105 [main] INFO  http.BaseHttpServer (BaseHttpServer.java:updateConnectorAddress(354)) - HTTP server of hddsDatanode listening at http://0.0.0.0:15151
2024-02-27 21:40:06,105 [main] INFO  ipc.CallQueueManager (CallQueueManager.java:<init>(90)) - Using callQueue: class java.util.concurrent.LinkedBlockingQueue, queueCapacity: 100, scheduler: class org.apache.hadoop.ipc.DefaultRpcScheduler, ipcBackoff: false.
2024-02-27 21:40:06,105 [main] INFO  ipc.Server (Server.java:<init>(1287)) - Listener at 0.0.0.0:15152
2024-02-27 21:40:06,106 [Socket Reader #1 for port 15152] INFO  ipc.Server (Server.java:run(1323)) - Starting Socket Reader #1 for port 15152
2024-02-27 21:40:06,107 [main] INFO  ozone.HddsDatanodeService (HddsDatanodeService.java:start(327)) - Datanode start with admins: [runner]
2024-02-27 21:40:06,107 [main] INFO  ozone.HddsDatanodeClientProtocolServer (HddsDatanodeClientProtocolServer.java:start(77)) - RPC server for Client /0.0.0.0:15152
2024-02-27 21:40:06,107 [IPC Server Responder] INFO  ipc.Server (Server.java:run(1562)) - IPC Server Responder: starting
2024-02-27 21:40:06,107 [IPC Server listener on 15152] INFO  ipc.Server (Server.java:run(1402)) - IPC Server listener on 15152: starting
2024-02-27 21:40:06,108 [2da9303e-6724-4504-a4a5-d250e7d22259-DatanodeStateMachineDaemonThread] INFO  statemachine.DatanodeStateMachine (DatanodeStateMachine.java:lambda$startDaemon$1(555)) - Ozone container server started.
2024-02-27 21:40:06,108 [main] INFO  ozone.MiniOzoneClusterImpl (MiniOzoneClusterImpl.java:lambda$waitForClusterToBeReady$0(195)) - Waiting for nodes to be ready. Got 0 of 6 DN Heartbeats.
2024-02-27 21:40:06,108 [main] INFO  ozone.MiniOzoneClusterImpl (MiniOzoneClusterImpl.java:lambda$waitForClusterToBeReady$0(198)) - Waiting for cluster to exit safe mode
2024-02-27 21:40:06,109 [main] INFO  ozone.MiniOzoneClusterImpl (MiniOzoneClusterImpl.java:lambda$waitForClusterToBeReady$0(200)) - SCM became leader
2024-02-27 21:40:06,112 [2da9303e-6724-4504-a4a5-d250e7d22259-DatanodeStateMachineTaskThread-0] INFO  datanode.InitDatanodeState (InitDatanodeState.java:persistContainerDatanodeDetails(139)) - DatanodeDetails is persisted to /home/runner/work/ozone/ozone/hadoop-ozone/integration-test/target/test-dir/MiniOzoneClusterImpl-6e3a073c-9bdc-4deb-8550-ef77f821b5e4/ozone-meta/datanode-6/meta/datanode.id
2024-02-27 21:40:06,456 [om1@group-C5BA1605619E-FollowerState] INFO  impl.FollowerState (FollowerState.java:run(143)) - om1@group-C5BA1605619E-FollowerState: change to CANDIDATE, lastRpcElapsedTime:1061069042ns, electionTimeout:1060ms
2024-02-27 21:40:06,456 [om1@group-C5BA1605619E-FollowerState] INFO  impl.RoleInfo (RoleInfo.java:shutdownFollowerState(110)) - om1: shutdown om1@group-C5BA1605619E-FollowerState
2024-02-27 21:40:06,456 [om1@group-C5BA1605619E-FollowerState] INFO  server.RaftServer$Division (RaftServerImpl.java:setRole(383)) - om1@group-C5BA1605619E: changes role from  FOLLOWER to CANDIDATE at term 0 for changeToCandidate
2024-02-27 21:40:06,456 [om1@group-C5BA1605619E-FollowerState] INFO  server.RaftServerConfigKeys (ConfUtils.java:logGet(46)) - raft.server.leaderelection.pre-vote = true (default)
2024-02-27 21:40:06,456 [om1@group-C5BA1605619E-FollowerState] INFO  impl.RoleInfo (RoleInfo.java:updateAndGet(139)) - om1: start om1@group-C5BA1605619E-LeaderElection24
2024-02-27 21:40:06,457 [om1@group-C5BA1605619E-LeaderElection24] INFO  impl.LeaderElection (LeaderElection.java:askForVotes(321)) - om1@group-C5BA1605619E-LeaderElection24 PRE_VOTE round 0: submit vote requests at term 0 for -1: peers:[om1|localhost:15104]|listeners:[], old=null
2024-02-27 21:40:06,457 [om1@group-C5BA1605619E-LeaderElection24] INFO  impl.LeaderElection (LeaderElection.java:askForVotes(323)) - om1@group-C5BA1605619E-LeaderElection24 PRE_VOTE round 0: result PASSED (term=0)
2024-02-27 21:40:06,458 [om1@group-C5BA1605619E-LeaderElection24] INFO  impl.LeaderElection (LeaderElection.java:askForVotes(321)) - om1@group-C5BA1605619E-LeaderElection24 ELECTION round 0: submit vote requests at term 1 for -1: peers:[om1|localhost:15104]|listeners:[], old=null
2024-02-27 21:40:06,458 [om1@group-C5BA1605619E-LeaderElection24] INFO  impl.LeaderElection (LeaderElection.java:askForVotes(323)) - om1@group-C5BA1605619E-LeaderElection24 ELECTION round 0: result PASSED (term=1)
2024-02-27 21:40:06,458 [om1@group-C5BA1605619E-LeaderElection24] INFO  impl.RoleInfo (RoleInfo.java:shutdownLeaderElection(130)) - om1: shutdown om1@group-C5BA1605619E-LeaderElection24
2024-02-27 21:40:06,459 [om1@group-C5BA1605619E-LeaderElection24] INFO  server.RaftServer$Division (RaftServerImpl.java:setRole(383)) - om1@group-C5BA1605619E: changes role from CANDIDATE to LEADER at term 1 for changeToLeader
2024-02-27 21:40:06,459 [om1@group-C5BA1605619E-LeaderElection24] INFO  server.RaftServerConfigKeys (ConfUtils.java:logGet(46)) - raft.server.staging.catchup.gap = 1000 (default)
2024-02-27 21:40:06,459 [om1@group-C5BA1605619E-LeaderElection24] INFO  server.RaftServerConfigKeys (ConfUtils.java:logGet(46)) - raft.server.write.element-limit = 4096 (default)
2024-02-27 21:40:06,459 [om1@group-C5BA1605619E-LeaderElection24] INFO  server.RaftServerConfigKeys (ConfUtils.java:logGet(46)) - raft.server.write.byte-limit = 64MB (=67108864) (default)
2024-02-27 21:40:06,459 [om1@group-C5BA1605619E-LeaderElection24] INFO  server.RaftServerConfigKeys (ConfUtils.java:logGet(46)) - raft.server.watch.timeout = 10s (default)
2024-02-27 21:40:06,459 [om1@group-C5BA1605619E-LeaderElection24] INFO  server.RaftServerConfigKeys (ConfUtils.java:logGet(46)) - raft.server.watch.timeout.denomination = 1s (default)
2024-02-27 21:40:06,459 [om1@group-C5BA1605619E-LeaderElection24] INFO  server.RaftServerConfigKeys (ConfUtils.java:logGet(46)) - raft.server.watch.element-limit = 65536 (default)
2024-02-27 21:40:06,459 [om1@group-C5BA1605619E-LeaderElection24] INFO  server.RaftServerConfigKeys (ConfUtils.java:logGet(46)) - raft.server.read.leader.lease.enabled = false (default)
2024-02-27 21:40:06,459 [om1@group-C5BA1605619E-LeaderElection24] INFO  server.RaftServerConfigKeys (ConfUtils.java:logGet(46)) - raft.server.read.leader.lease.timeout.ratio = 0.9 (default)
2024-02-27 21:40:06,459 [om1@group-C5BA1605619E-LeaderElection24] INFO  server.RaftServerConfigKeys (ConfUtils.java:logGet(46)) - raft.server.rpc.timeout.min = 1s (custom)
2024-02-27 21:40:06,459 [om1@group-C5BA1605619E-LeaderElection24] INFO  server.RaftServerConfigKeys (ConfUtils.java:logGet(46)) - raft.server.write.element-limit = 4096 (default)
2024-02-27 21:40:06,459 [om1@group-C5BA1605619E-LeaderElection24] INFO  server.RaftServerConfigKeys (ConfUtils.java:logGet(46)) - raft.server.write.follower.gap.ratio.max = -1.0 (default)
2024-02-27 21:40:06,460 [om1@group-C5BA1605619E-LeaderElection24] INFO  impl.RoleInfo (RoleInfo.java:updateAndGet(139)) - om1: start om1@group-C5BA1605619E-LeaderStateImpl
2024-02-27 21:40:06,460 [om1@group-C5BA1605619E-LeaderElection24] INFO  server.RaftServer$Division (RaftServerImpl.java:setFirstElection(574)) - om1@group-C5BA1605619E: set firstElectionSinceStartup to false for becomeLeader
2024-02-27 21:40:06,460 [om1@group-C5BA1605619E-LeaderElection24] INFO  server.RaftServer$Division (ServerState.java:setLeader(269)) - om1@group-C5BA1605619E: change Leader from null to om1 at term 1 for becomeLeader, leader elected after 1285ms
2024-02-27 21:40:06,460 [om1@group-C5BA1605619E-LeaderElection24] INFO  segmented.SegmentedRaftLogWorker (SegmentedRaftLogWorker.java:startLogSegment(430)) - om1@group-C5BA1605619E-SegmentedRaftLogWorker: Starting segment from index:0
2024-02-27 21:40:06,461 [om1@group-C5BA1605619E-LeaderElection24] INFO  server.RaftServer$Division (ServerState.java:setRaftConf(386)) - om1@group-C5BA1605619E: set configuration 0: peers:[om1|localhost:15104]|listeners:[], old=null
2024-02-27 21:40:06,461 [om1@group-C5BA1605619E-SegmentedRaftLogWorker] INFO  segmented.BufferedWriteChannel (BufferedWriteChannel.java:open(62)) - open log_inprogress_0 at position 0
2024-02-27 21:40:06,468 [om1@group-C5BA1605619E-SegmentedRaftLogWorker] INFO  segmented.SegmentedRaftLogWorker (SegmentedRaftLogWorker.java:execute(634)) - om1@group-C5BA1605619E-SegmentedRaftLogWorker: created new log segment /home/runner/work/ozone/ozone/hadoop-ozone/integration-test/target/test-dir/MiniOzoneClusterImpl-6e3a073c-9bdc-4deb-8550-ef77f821b5e4/ozone-meta/ratis/bf265839-605b-3f16-9796-c5ba1605619e/current/log_inprogress_0
2024-02-27 21:40:06,469 [om1@group-C5BA1605619E-StateMachineUpdater] INFO  ratis.OzoneManagerStateMachine (OzoneManagerStateMachine.java:notifyConfigurationChanged(200)) - Received Configuration change notification from Ratis. New Peer list:
[id: "om1"
address: "localhost:15104"
startupRole: FOLLOWER
]
2024-02-27 21:40:06,470 [om1@group-C5BA1605619E-StateMachineUpdater] INFO  server.RaftServer$Division (LeaderStateImpl.java:isApplied(320)) - leader is ready since appliedIndex == 0 >= startIndex == 0
2024-02-27 21:40:07,110 [main] INFO  ozone.MiniOzoneClusterImpl (MiniOzoneClusterImpl.java:lambda$waitForClusterToBeReady$0(195)) - Waiting for nodes to be ready. Got 0 of 6 DN Heartbeats.
2024-02-27 21:40:07,110 [main] INFO  ozone.MiniOzoneClusterImpl (MiniOzoneClusterImpl.java:lambda$waitForClusterToBeReady$0(198)) - Waiting for cluster to exit safe mode
2024-02-27 21:40:07,110 [main] INFO  ozone.MiniOzoneClusterImpl (MiniOzoneClusterImpl.java:lambda$waitForClusterToBeReady$0(200)) - SCM became leader
2024-02-27 21:40:07,614 [e0fc16c3-8785-492f-95e3-5d2aafd0cf3f-EndpointStateMachineTaskThread-/0.0.0.0:15099-0 ] INFO  utils.DatanodeStoreCache (DatanodeStoreCache.java:addDB(72)) - Added db /home/runner/work/ozone/ozone/hadoop-ozone/integration-test/target/test-dir/MiniOzoneClusterImpl-6e3a073c-9bdc-4deb-8550-ef77f821b5e4/ozone-meta/datanode-1/data-0/hdds/6e3a073c-9bdc-4deb-8550-ef77f821b5e4/DS-4f164865-5a16-48fc-ae2e-4104d1098a93/container.db to cache
2024-02-27 21:40:07,614 [e0fc16c3-8785-492f-95e3-5d2aafd0cf3f-EndpointStateMachineTaskThread-/0.0.0.0:15099-0 ] INFO  volume.HddsVolume (HddsVolume.java:createDbStore(420)) - SchemaV3 db is created and loaded at /home/runner/work/ozone/ozone/hadoop-ozone/integration-test/target/test-dir/MiniOzoneClusterImpl-6e3a073c-9bdc-4deb-8550-ef77f821b5e4/ozone-meta/datanode-1/data-0/hdds/6e3a073c-9bdc-4deb-8550-ef77f821b5e4/DS-4f164865-5a16-48fc-ae2e-4104d1098a93/container.db for volume DS-4f164865-5a16-48fc-ae2e-4104d1098a93
2024-02-27 21:40:07,617 [e0fc16c3-8785-492f-95e3-5d2aafd0cf3f-ContainerReader-0] INFO  ozoneimpl.ContainerReader (ContainerReader.java:readVolume(148)) - Start to verify containers on volume /home/runner/work/ozone/ozone/hadoop-ozone/integration-test/target/test-dir/MiniOzoneClusterImpl-6e3a073c-9bdc-4deb-8550-ef77f821b5e4/ozone-meta/datanode-1/data-0/hdds
2024-02-27 21:40:07,617 [e0fc16c3-8785-492f-95e3-5d2aafd0cf3f-ContainerReader-0] INFO  ozoneimpl.ContainerReader (ContainerReader.java:readVolume(178)) - Finish verifying containers on volume /home/runner/work/ozone/ozone/hadoop-ozone/integration-test/target/test-dir/MiniOzoneClusterImpl-6e3a073c-9bdc-4deb-8550-ef77f821b5e4/ozone-meta/datanode-1/data-0/hdds
2024-02-27 21:40:07,617 [e0fc16c3-8785-492f-95e3-5d2aafd0cf3f-EndpointStateMachineTaskThread-/0.0.0.0:15099-0 ] INFO  ozoneimpl.OzoneContainer (OzoneContainer.java:buildContainerSet(328)) - Build ContainerSet costs 0s
2024-02-27 21:40:07,617 [e0fc16c3-8785-492f-95e3-5d2aafd0cf3f-EndpointStateMachineTaskThread-/0.0.0.0:15099-0 ] INFO  volume.ThrottledAsyncChecker (ThrottledAsyncChecker.java:schedule(141)) - Scheduling a check for /home/runner/work/ozone/ozone/hadoop-ozone/integration-test/target/test-dir/MiniOzoneClusterImpl-6e3a073c-9bdc-4deb-8550-ef77f821b5e4/ozone-meta/datanode-1/data-0/hdds
2024-02-27 21:40:07,618 [e0fc16c3-8785-492f-95e3-5d2aafd0cf3f-EndpointStateMachineTaskThread-/0.0.0.0:15099-0 ] INFO  volume.StorageVolumeChecker (StorageVolumeChecker.java:checkAllVolumes(218)) - Scheduled health check for volume /home/runner/work/ozone/ozone/hadoop-ozone/integration-test/target/test-dir/MiniOzoneClusterImpl-6e3a073c-9bdc-4deb-8550-ef77f821b5e4/ozone-meta/datanode-1/data-0/hdds
2024-02-27 21:40:07,619 [e0fc16c3-8785-492f-95e3-5d2aafd0cf3f-EndpointStateMachineTaskThread-/0.0.0.0:15099-0 ] INFO  volume.ThrottledAsyncChecker (ThrottledAsyncChecker.java:schedule(141)) - Scheduling a check for /home/runner/work/ozone/ozone/hadoop-ozone/integration-test/target/test-dir/MiniOzoneClusterImpl-6e3a073c-9bdc-4deb-8550-ef77f821b5e4/ozone-meta/datanode-1/ratis
2024-02-27 21:40:07,619 [e0fc16c3-8785-492f-95e3-5d2aafd0cf3f-EndpointStateMachineTaskThread-/0.0.0.0:15099-0 ] INFO  volume.StorageVolumeChecker (StorageVolumeChecker.java:checkAllVolumes(218)) - Scheduled health check for volume /home/runner/work/ozone/ozone/hadoop-ozone/integration-test/target/test-dir/MiniOzoneClusterImpl-6e3a073c-9bdc-4deb-8550-ef77f821b5e4/ozone-meta/datanode-1/ratis
2024-02-27 21:40:07,620 [e0fc16c3-8785-492f-95e3-5d2aafd0cf3f-EndpointStateMachineTaskThread-/0.0.0.0:15099-0 ] INFO  ozoneimpl.OzoneContainer (OzoneContainer.java:start(459)) - Attempting to start container services.
2024-02-27 21:40:07,620 [e0fc16c3-8785-492f-95e3-5d2aafd0cf3f-EndpointStateMachineTaskThread-/0.0.0.0:15099-0 ] INFO  ozoneimpl.OzoneContainer (OzoneContainer.java:startContainerScrub(339)) - Scheduled background container scanners and the on-demand container scanner have been disabled.
2024-02-27 21:40:07,620 [e0fc16c3-8785-492f-95e3-5d2aafd0cf3f-EndpointStateMachineTaskThread-/0.0.0.0:15099-0 ] INFO  replication.ReplicationServer (ReplicationServer.java:start(140)) - ReplicationServer is started using port 15113
2024-02-27 21:40:07,620 [e0fc16c3-8785-492f-95e3-5d2aafd0cf3f-EndpointStateMachineTaskThread-/0.0.0.0:15099-0 ] INFO  ratis.XceiverServerRatis (XceiverServerRatis.java:start(566)) - Starting XceiverServerRatis e0fc16c3-8785-492f-95e3-5d2aafd0cf3f
2024-02-27 21:40:07,621 [e0fc16c3-8785-492f-95e3-5d2aafd0cf3f-EndpointStateMachineTaskThread-/0.0.0.0:15099-0 ] INFO  server.RaftServer (RaftServerProxy.java:startImpl(406)) - e0fc16c3-8785-492f-95e3-5d2aafd0cf3f: start RPC server
2024-02-27 21:40:07,622 [e0fc16c3-8785-492f-95e3-5d2aafd0cf3f-EndpointStateMachineTaskThread-/0.0.0.0:15099-0 ] INFO  server.GrpcService (GrpcService.java:startImpl(302)) - e0fc16c3-8785-492f-95e3-5d2aafd0cf3f: GrpcService started, listening on 15109
2024-02-27 21:40:07,622 [e0fc16c3-8785-492f-95e3-5d2aafd0cf3f-EndpointStateMachineTaskThread-/0.0.0.0:15099-0 ] INFO  server.GrpcService (GrpcService.java:startImpl(302)) - e0fc16c3-8785-492f-95e3-5d2aafd0cf3f: GrpcService started, listening on 15111
2024-02-27 21:40:07,622 [e0fc16c3-8785-492f-95e3-5d2aafd0cf3f-EndpointStateMachineTaskThread-/0.0.0.0:15099-0 ] INFO  server.GrpcService (GrpcService.java:startImpl(302)) - e0fc16c3-8785-492f-95e3-5d2aafd0cf3f: GrpcService started, listening on 15110
2024-02-27 21:40:07,623 [e0fc16c3-8785-492f-95e3-5d2aafd0cf3f-EndpointStateMachineTaskThread-/0.0.0.0:15099-0 ] INFO  ratis.XceiverServerRatis (XceiverServerRatis.java:getRealPort(592)) - XceiverServerRatis e0fc16c3-8785-492f-95e3-5d2aafd0cf3f is started using port 15109 for RATIS
2024-02-27 21:40:07,623 [JvmPauseMonitor15] INFO  util.JvmPauseMonitor (JvmPauseMonitor.java:run(146)) - JvmPauseMonitor-e0fc16c3-8785-492f-95e3-5d2aafd0cf3f: Started
2024-02-27 21:40:07,623 [e0fc16c3-8785-492f-95e3-5d2aafd0cf3f-EndpointStateMachineTaskThread-/0.0.0.0:15099-0 ] INFO  ratis.XceiverServerRatis (XceiverServerRatis.java:getRealPort(592)) - XceiverServerRatis e0fc16c3-8785-492f-95e3-5d2aafd0cf3f is started using port 15110 for RATIS_ADMIN
2024-02-27 21:40:07,623 [e0fc16c3-8785-492f-95e3-5d2aafd0cf3f-EndpointStateMachineTaskThread-/0.0.0.0:15099-0 ] INFO  ratis.XceiverServerRatis (XceiverServerRatis.java:getRealPort(592)) - XceiverServerRatis e0fc16c3-8785-492f-95e3-5d2aafd0cf3f is started using port 15111 for RATIS_SERVER
2024-02-27 21:40:07,623 [e0fc16c3-8785-492f-95e3-5d2aafd0cf3f-EndpointStateMachineTaskThread-/0.0.0.0:15099-0 ] INFO  ratis.XceiverServerRatis (XceiverServerRatis.java:getRealPort(592)) - XceiverServerRatis e0fc16c3-8785-492f-95e3-5d2aafd0cf3f is started using port 15112 for RATIS_DATASTREAM
2024-02-27 21:40:07,625 [e0fc16c3-8785-492f-95e3-5d2aafd0cf3f-BlockDeletingService#0] INFO  interfaces.ContainerDeletionChoosingPolicyTemplate (ContainerDeletionChoosingPolicyTemplate.java:chooseContainerForBlockDeletion(85)) - Chosen 0/5000 blocks from 0 candidate containers.
2024-02-27 21:40:07,734 [a4a9caa5-f98a-4b6d-87b4-17f7eca85f0e-EndpointStateMachineTaskThread-/0.0.0.0:15099-0 ] INFO  utils.DatanodeStoreCache (DatanodeStoreCache.java:addDB(72)) - Added db /home/runner/work/ozone/ozone/hadoop-ozone/integration-test/target/test-dir/MiniOzoneClusterImpl-6e3a073c-9bdc-4deb-8550-ef77f821b5e4/ozone-meta/datanode-2/data-0/hdds/6e3a073c-9bdc-4deb-8550-ef77f821b5e4/DS-79c24f36-237c-474b-ad17-05f293d4c45c/container.db to cache
2024-02-27 21:40:07,734 [a4a9caa5-f98a-4b6d-87b4-17f7eca85f0e-EndpointStateMachineTaskThread-/0.0.0.0:15099-0 ] INFO  volume.HddsVolume (HddsVolume.java:createDbStore(420)) - SchemaV3 db is created and loaded at /home/runner/work/ozone/ozone/hadoop-ozone/integration-test/target/test-dir/MiniOzoneClusterImpl-6e3a073c-9bdc-4deb-8550-ef77f821b5e4/ozone-meta/datanode-2/data-0/hdds/6e3a073c-9bdc-4deb-8550-ef77f821b5e4/DS-79c24f36-237c-474b-ad17-05f293d4c45c/container.db for volume DS-79c24f36-237c-474b-ad17-05f293d4c45c
2024-02-27 21:40:07,735 [a4a9caa5-f98a-4b6d-87b4-17f7eca85f0e-ContainerReader-0] INFO  ozoneimpl.ContainerReader (ContainerReader.java:readVolume(148)) - Start to verify containers on volume /home/runner/work/ozone/ozone/hadoop-ozone/integration-test/target/test-dir/MiniOzoneClusterImpl-6e3a073c-9bdc-4deb-8550-ef77f821b5e4/ozone-meta/datanode-2/data-0/hdds
2024-02-27 21:40:07,735 [a4a9caa5-f98a-4b6d-87b4-17f7eca85f0e-ContainerReader-0] INFO  ozoneimpl.ContainerReader (ContainerReader.java:readVolume(178)) - Finish verifying containers on volume /home/runner/work/ozone/ozone/hadoop-ozone/integration-test/target/test-dir/MiniOzoneClusterImpl-6e3a073c-9bdc-4deb-8550-ef77f821b5e4/ozone-meta/datanode-2/data-0/hdds
2024-02-27 21:40:07,735 [a4a9caa5-f98a-4b6d-87b4-17f7eca85f0e-EndpointStateMachineTaskThread-/0.0.0.0:15099-0 ] INFO  ozoneimpl.OzoneContainer (OzoneContainer.java:buildContainerSet(328)) - Build ContainerSet costs 0s
2024-02-27 21:40:07,735 [a4a9caa5-f98a-4b6d-87b4-17f7eca85f0e-EndpointStateMachineTaskThread-/0.0.0.0:15099-0 ] INFO  volume.ThrottledAsyncChecker (ThrottledAsyncChecker.java:schedule(141)) - Scheduling a check for /home/runner/work/ozone/ozone/hadoop-ozone/integration-test/target/test-dir/MiniOzoneClusterImpl-6e3a073c-9bdc-4deb-8550-ef77f821b5e4/ozone-meta/datanode-2/data-0/hdds
2024-02-27 21:40:07,736 [a4a9caa5-f98a-4b6d-87b4-17f7eca85f0e-EndpointStateMachineTaskThread-/0.0.0.0:15099-0 ] INFO  volume.StorageVolumeChecker (StorageVolumeChecker.java:checkAllVolumes(218)) - Scheduled health check for volume /home/runner/work/ozone/ozone/hadoop-ozone/integration-test/target/test-dir/MiniOzoneClusterImpl-6e3a073c-9bdc-4deb-8550-ef77f821b5e4/ozone-meta/datanode-2/data-0/hdds
2024-02-27 21:40:07,737 [a4a9caa5-f98a-4b6d-87b4-17f7eca85f0e-EndpointStateMachineTaskThread-/0.0.0.0:15099-0 ] INFO  volume.ThrottledAsyncChecker (ThrottledAsyncChecker.java:schedule(141)) - Scheduling a check for /home/runner/work/ozone/ozone/hadoop-ozone/integration-test/target/test-dir/MiniOzoneClusterImpl-6e3a073c-9bdc-4deb-8550-ef77f821b5e4/ozone-meta/datanode-2/ratis
2024-02-27 21:40:07,737 [a4a9caa5-f98a-4b6d-87b4-17f7eca85f0e-EndpointStateMachineTaskThread-/0.0.0.0:15099-0 ] INFO  volume.StorageVolumeChecker (StorageVolumeChecker.java:checkAllVolumes(218)) - Scheduled health check for volume /home/runner/work/ozone/ozone/hadoop-ozone/integration-test/target/test-dir/MiniOzoneClusterImpl-6e3a073c-9bdc-4deb-8550-ef77f821b5e4/ozone-meta/datanode-2/ratis
2024-02-27 21:40:07,738 [a4a9caa5-f98a-4b6d-87b4-17f7eca85f0e-EndpointStateMachineTaskThread-/0.0.0.0:15099-0 ] INFO  ozoneimpl.OzoneContainer (OzoneContainer.java:start(459)) - Attempting to start container services.
2024-02-27 21:40:07,738 [a4a9caa5-f98a-4b6d-87b4-17f7eca85f0e-EndpointStateMachineTaskThread-/0.0.0.0:15099-0 ] INFO  ozoneimpl.OzoneContainer (OzoneContainer.java:startContainerScrub(339)) - Scheduled background container scanners and the on-demand container scanner have been disabled.
2024-02-27 21:40:07,738 [a4a9caa5-f98a-4b6d-87b4-17f7eca85f0e-EndpointStateMachineTaskThread-/0.0.0.0:15099-0 ] INFO  replication.ReplicationServer (ReplicationServer.java:start(140)) - ReplicationServer is started using port 15122
2024-02-27 21:40:07,738 [a4a9caa5-f98a-4b6d-87b4-17f7eca85f0e-EndpointStateMachineTaskThread-/0.0.0.0:15099-0 ] INFO  ratis.XceiverServerRatis (XceiverServerRatis.java:start(566)) - Starting XceiverServerRatis a4a9caa5-f98a-4b6d-87b4-17f7eca85f0e
2024-02-27 21:40:07,739 [a4a9caa5-f98a-4b6d-87b4-17f7eca85f0e-EndpointStateMachineTaskThread-/0.0.0.0:15099-0 ] INFO  server.RaftServer (RaftServerProxy.java:startImpl(406)) - a4a9caa5-f98a-4b6d-87b4-17f7eca85f0e: start RPC server
2024-02-27 21:40:07,739 [a4a9caa5-f98a-4b6d-87b4-17f7eca85f0e-EndpointStateMachineTaskThread-/0.0.0.0:15099-0 ] INFO  server.GrpcService (GrpcService.java:startImpl(302)) - a4a9caa5-f98a-4b6d-87b4-17f7eca85f0e: GrpcService started, listening on 15118
2024-02-27 21:40:07,739 [a4a9caa5-f98a-4b6d-87b4-17f7eca85f0e-EndpointStateMachineTaskThread-/0.0.0.0:15099-0 ] INFO  server.GrpcService (GrpcService.java:startImpl(302)) - a4a9caa5-f98a-4b6d-87b4-17f7eca85f0e: GrpcService started, listening on 15120
2024-02-27 21:40:07,739 [a4a9caa5-f98a-4b6d-87b4-17f7eca85f0e-EndpointStateMachineTaskThread-/0.0.0.0:15099-0 ] INFO  server.GrpcService (GrpcService.java:startImpl(302)) - a4a9caa5-f98a-4b6d-87b4-17f7eca85f0e: GrpcService started, listening on 15119
2024-02-27 21:40:07,739 [a4a9caa5-f98a-4b6d-87b4-17f7eca85f0e-EndpointStateMachineTaskThread-/0.0.0.0:15099-0 ] INFO  ratis.XceiverServerRatis (XceiverServerRatis.java:getRealPort(592)) - XceiverServerRatis a4a9caa5-f98a-4b6d-87b4-17f7eca85f0e is started using port 15118 for RATIS
2024-02-27 21:40:07,740 [JvmPauseMonitor16] INFO  util.JvmPauseMonitor (JvmPauseMonitor.java:run(146)) - JvmPauseMonitor-a4a9caa5-f98a-4b6d-87b4-17f7eca85f0e: Started
2024-02-27 21:40:07,740 [a4a9caa5-f98a-4b6d-87b4-17f7eca85f0e-EndpointStateMachineTaskThread-/0.0.0.0:15099-0 ] INFO  ratis.XceiverServerRatis (XceiverServerRatis.java:getRealPort(592)) - XceiverServerRatis a4a9caa5-f98a-4b6d-87b4-17f7eca85f0e is started using port 15119 for RATIS_ADMIN
2024-02-27 21:40:07,740 [a4a9caa5-f98a-4b6d-87b4-17f7eca85f0e-EndpointStateMachineTaskThread-/0.0.0.0:15099-0 ] INFO  ratis.XceiverServerRatis (XceiverServerRatis.java:getRealPort(592)) - XceiverServerRatis a4a9caa5-f98a-4b6d-87b4-17f7eca85f0e is started using port 15120 for RATIS_SERVER
2024-02-27 21:40:07,740 [a4a9caa5-f98a-4b6d-87b4-17f7eca85f0e-EndpointStateMachineTaskThread-/0.0.0.0:15099-0 ] INFO  ratis.XceiverServerRatis (XceiverServerRatis.java:getRealPort(592)) - XceiverServerRatis a4a9caa5-f98a-4b6d-87b4-17f7eca85f0e is started using port 15121 for RATIS_DATASTREAM
2024-02-27 21:40:07,740 [a4a9caa5-f98a-4b6d-87b4-17f7eca85f0e-BlockDeletingService#0] INFO  interfaces.ContainerDeletionChoosingPolicyTemplate (ContainerDeletionChoosingPolicyTemplate.java:chooseContainerForBlockDeletion(85)) - Chosen 0/5000 blocks from 0 candidate containers.
2024-02-27 21:40:07,845 [7299b60a-1361-4038-9b5b-8cb416051416-EndpointStateMachineTaskThread-/0.0.0.0:15099-0 ] INFO  utils.DatanodeStoreCache (DatanodeStoreCache.java:addDB(72)) - Added db /home/runner/work/ozone/ozone/hadoop-ozone/integration-test/target/test-dir/MiniOzoneClusterImpl-6e3a073c-9bdc-4deb-8550-ef77f821b5e4/ozone-meta/datanode-3/data-0/hdds/6e3a073c-9bdc-4deb-8550-ef77f821b5e4/DS-856da601-e734-4f72-9eca-8af59e9d3086/container.db to cache
2024-02-27 21:40:07,846 [7299b60a-1361-4038-9b5b-8cb416051416-EndpointStateMachineTaskThread-/0.0.0.0:15099-0 ] INFO  volume.HddsVolume (HddsVolume.java:createDbStore(420)) - SchemaV3 db is created and loaded at /home/runner/work/ozone/ozone/hadoop-ozone/integration-test/target/test-dir/MiniOzoneClusterImpl-6e3a073c-9bdc-4deb-8550-ef77f821b5e4/ozone-meta/datanode-3/data-0/hdds/6e3a073c-9bdc-4deb-8550-ef77f821b5e4/DS-856da601-e734-4f72-9eca-8af59e9d3086/container.db for volume DS-856da601-e734-4f72-9eca-8af59e9d3086
2024-02-27 21:40:07,847 [7299b60a-1361-4038-9b5b-8cb416051416-ContainerReader-0] INFO  ozoneimpl.ContainerReader (ContainerReader.java:readVolume(148)) - Start to verify containers on volume /home/runner/work/ozone/ozone/hadoop-ozone/integration-test/target/test-dir/MiniOzoneClusterImpl-6e3a073c-9bdc-4deb-8550-ef77f821b5e4/ozone-meta/datanode-3/data-0/hdds
2024-02-27 21:40:07,847 [7299b60a-1361-4038-9b5b-8cb416051416-ContainerReader-0] INFO  ozoneimpl.ContainerReader (ContainerReader.java:readVolume(178)) - Finish verifying containers on volume /home/runner/work/ozone/ozone/hadoop-ozone/integration-test/target/test-dir/MiniOzoneClusterImpl-6e3a073c-9bdc-4deb-8550-ef77f821b5e4/ozone-meta/datanode-3/data-0/hdds
2024-02-27 21:40:07,848 [7299b60a-1361-4038-9b5b-8cb416051416-EndpointStateMachineTaskThread-/0.0.0.0:15099-0 ] INFO  ozoneimpl.OzoneContainer (OzoneContainer.java:buildContainerSet(328)) - Build ContainerSet costs 0s
2024-02-27 21:40:07,848 [7299b60a-1361-4038-9b5b-8cb416051416-EndpointStateMachineTaskThread-/0.0.0.0:15099-0 ] INFO  volume.ThrottledAsyncChecker (ThrottledAsyncChecker.java:schedule(141)) - Scheduling a check for /home/runner/work/ozone/ozone/hadoop-ozone/integration-test/target/test-dir/MiniOzoneClusterImpl-6e3a073c-9bdc-4deb-8550-ef77f821b5e4/ozone-meta/datanode-3/data-0/hdds
2024-02-27 21:40:07,848 [7299b60a-1361-4038-9b5b-8cb416051416-EndpointStateMachineTaskThread-/0.0.0.0:15099-0 ] INFO  volume.StorageVolumeChecker (StorageVolumeChecker.java:checkAllVolumes(218)) - Scheduled health check for volume /home/runner/work/ozone/ozone/hadoop-ozone/integration-test/target/test-dir/MiniOzoneClusterImpl-6e3a073c-9bdc-4deb-8550-ef77f821b5e4/ozone-meta/datanode-3/data-0/hdds
2024-02-27 21:40:07,850 [7299b60a-1361-4038-9b5b-8cb416051416-EndpointStateMachineTaskThread-/0.0.0.0:15099-0 ] INFO  volume.ThrottledAsyncChecker (ThrottledAsyncChecker.java:schedule(141)) - Scheduling a check for /home/runner/work/ozone/ozone/hadoop-ozone/integration-test/target/test-dir/MiniOzoneClusterImpl-6e3a073c-9bdc-4deb-8550-ef77f821b5e4/ozone-meta/datanode-3/ratis
2024-02-27 21:40:07,850 [7299b60a-1361-4038-9b5b-8cb416051416-EndpointStateMachineTaskThread-/0.0.0.0:15099-0 ] INFO  volume.StorageVolumeChecker (StorageVolumeChecker.java:checkAllVolumes(218)) - Scheduled health check for volume /home/runner/work/ozone/ozone/hadoop-ozone/integration-test/target/test-dir/MiniOzoneClusterImpl-6e3a073c-9bdc-4deb-8550-ef77f821b5e4/ozone-meta/datanode-3/ratis
2024-02-27 21:40:07,851 [7299b60a-1361-4038-9b5b-8cb416051416-EndpointStateMachineTaskThread-/0.0.0.0:15099-0 ] INFO  ozoneimpl.OzoneContainer (OzoneContainer.java:start(459)) - Attempting to start container services.
2024-02-27 21:40:07,851 [7299b60a-1361-4038-9b5b-8cb416051416-EndpointStateMachineTaskThread-/0.0.0.0:15099-0 ] INFO  ozoneimpl.OzoneContainer (OzoneContainer.java:startContainerScrub(339)) - Scheduled background container scanners and the on-demand container scanner have been disabled.
2024-02-27 21:40:07,852 [7299b60a-1361-4038-9b5b-8cb416051416-EndpointStateMachineTaskThread-/0.0.0.0:15099-0 ] INFO  replication.ReplicationServer (ReplicationServer.java:start(140)) - ReplicationServer is started using port 15131
2024-02-27 21:40:07,852 [7299b60a-1361-4038-9b5b-8cb416051416-EndpointStateMachineTaskThread-/0.0.0.0:15099-0 ] INFO  ratis.XceiverServerRatis (XceiverServerRatis.java:start(566)) - Starting XceiverServerRatis 7299b60a-1361-4038-9b5b-8cb416051416
2024-02-27 21:40:07,852 [7299b60a-1361-4038-9b5b-8cb416051416-EndpointStateMachineTaskThread-/0.0.0.0:15099-0 ] INFO  server.RaftServer (RaftServerProxy.java:startImpl(406)) - 7299b60a-1361-4038-9b5b-8cb416051416: start RPC server
2024-02-27 21:40:07,852 [7299b60a-1361-4038-9b5b-8cb416051416-EndpointStateMachineTaskThread-/0.0.0.0:15099-0 ] INFO  server.GrpcService (GrpcService.java:startImpl(302)) - 7299b60a-1361-4038-9b5b-8cb416051416: GrpcService started, listening on 15127
2024-02-27 21:40:07,853 [7299b60a-1361-4038-9b5b-8cb416051416-EndpointStateMachineTaskThread-/0.0.0.0:15099-0 ] INFO  server.GrpcService (GrpcService.java:startImpl(302)) - 7299b60a-1361-4038-9b5b-8cb416051416: GrpcService started, listening on 15129
2024-02-27 21:40:07,853 [7299b60a-1361-4038-9b5b-8cb416051416-EndpointStateMachineTaskThread-/0.0.0.0:15099-0 ] INFO  server.GrpcService (GrpcService.java:startImpl(302)) - 7299b60a-1361-4038-9b5b-8cb416051416: GrpcService started, listening on 15128
2024-02-27 21:40:07,853 [7299b60a-1361-4038-9b5b-8cb416051416-EndpointStateMachineTaskThread-/0.0.0.0:15099-0 ] INFO  ratis.XceiverServerRatis (XceiverServerRatis.java:getRealPort(592)) - XceiverServerRatis 7299b60a-1361-4038-9b5b-8cb416051416 is started using port 15127 for RATIS
2024-02-27 21:40:07,853 [JvmPauseMonitor17] INFO  util.JvmPauseMonitor (JvmPauseMonitor.java:run(146)) - JvmPauseMonitor-7299b60a-1361-4038-9b5b-8cb416051416: Started
2024-02-27 21:40:07,853 [7299b60a-1361-4038-9b5b-8cb416051416-EndpointStateMachineTaskThread-/0.0.0.0:15099-0 ] INFO  ratis.XceiverServerRatis (XceiverServerRatis.java:getRealPort(592)) - XceiverServerRatis 7299b60a-1361-4038-9b5b-8cb416051416 is started using port 15128 for RATIS_ADMIN
2024-02-27 21:40:07,853 [7299b60a-1361-4038-9b5b-8cb416051416-EndpointStateMachineTaskThread-/0.0.0.0:15099-0 ] INFO  ratis.XceiverServerRatis (XceiverServerRatis.java:getRealPort(592)) - XceiverServerRatis 7299b60a-1361-4038-9b5b-8cb416051416 is started using port 15129 for RATIS_SERVER
2024-02-27 21:40:07,853 [7299b60a-1361-4038-9b5b-8cb416051416-EndpointStateMachineTaskThread-/0.0.0.0:15099-0 ] INFO  ratis.XceiverServerRatis (XceiverServerRatis.java:getRealPort(592)) - XceiverServerRatis 7299b60a-1361-4038-9b5b-8cb416051416 is started using port 15130 for RATIS_DATASTREAM
2024-02-27 21:40:07,854 [7299b60a-1361-4038-9b5b-8cb416051416-BlockDeletingService#0] INFO  interfaces.ContainerDeletionChoosingPolicyTemplate (ContainerDeletionChoosingPolicyTemplate.java:chooseContainerForBlockDeletion(85)) - Chosen 0/5000 blocks from 0 candidate containers.
2024-02-27 21:40:07,947 [2818fa5f-cc14-4867-ab22-981a54c2b243-EndpointStateMachineTaskThread-/0.0.0.0:15099-0 ] INFO  utils.DatanodeStoreCache (DatanodeStoreCache.java:addDB(72)) - Added db /home/runner/work/ozone/ozone/hadoop-ozone/integration-test/target/test-dir/MiniOzoneClusterImpl-6e3a073c-9bdc-4deb-8550-ef77f821b5e4/ozone-meta/datanode-4/data-0/hdds/6e3a073c-9bdc-4deb-8550-ef77f821b5e4/DS-5e130d01-979f-456e-a501-d3ac1bad5d55/container.db to cache
2024-02-27 21:40:07,947 [2818fa5f-cc14-4867-ab22-981a54c2b243-EndpointStateMachineTaskThread-/0.0.0.0:15099-0 ] INFO  volume.HddsVolume (HddsVolume.java:createDbStore(420)) - SchemaV3 db is created and loaded at /home/runner/work/ozone/ozone/hadoop-ozone/integration-test/target/test-dir/MiniOzoneClusterImpl-6e3a073c-9bdc-4deb-8550-ef77f821b5e4/ozone-meta/datanode-4/data-0/hdds/6e3a073c-9bdc-4deb-8550-ef77f821b5e4/DS-5e130d01-979f-456e-a501-d3ac1bad5d55/container.db for volume DS-5e130d01-979f-456e-a501-d3ac1bad5d55
2024-02-27 21:40:07,949 [2818fa5f-cc14-4867-ab22-981a54c2b243-ContainerReader-0] INFO  ozoneimpl.ContainerReader (ContainerReader.java:readVolume(148)) - Start to verify containers on volume /home/runner/work/ozone/ozone/hadoop-ozone/integration-test/target/test-dir/MiniOzoneClusterImpl-6e3a073c-9bdc-4deb-8550-ef77f821b5e4/ozone-meta/datanode-4/data-0/hdds
2024-02-27 21:40:07,949 [2818fa5f-cc14-4867-ab22-981a54c2b243-ContainerReader-0] INFO  ozoneimpl.ContainerReader (ContainerReader.java:readVolume(178)) - Finish verifying containers on volume /home/runner/work/ozone/ozone/hadoop-ozone/integration-test/target/test-dir/MiniOzoneClusterImpl-6e3a073c-9bdc-4deb-8550-ef77f821b5e4/ozone-meta/datanode-4/data-0/hdds
2024-02-27 21:40:07,949 [2818fa5f-cc14-4867-ab22-981a54c2b243-EndpointStateMachineTaskThread-/0.0.0.0:15099-0 ] INFO  ozoneimpl.OzoneContainer (OzoneContainer.java:buildContainerSet(328)) - Build ContainerSet costs 0s
2024-02-27 21:40:07,949 [2818fa5f-cc14-4867-ab22-981a54c2b243-EndpointStateMachineTaskThread-/0.0.0.0:15099-0 ] INFO  volume.ThrottledAsyncChecker (ThrottledAsyncChecker.java:schedule(141)) - Scheduling a check for /home/runner/work/ozone/ozone/hadoop-ozone/integration-test/target/test-dir/MiniOzoneClusterImpl-6e3a073c-9bdc-4deb-8550-ef77f821b5e4/ozone-meta/datanode-4/data-0/hdds
2024-02-27 21:40:07,949 [2818fa5f-cc14-4867-ab22-981a54c2b243-EndpointStateMachineTaskThread-/0.0.0.0:15099-0 ] INFO  volume.StorageVolumeChecker (StorageVolumeChecker.java:checkAllVolumes(218)) - Scheduled health check for volume /home/runner/work/ozone/ozone/hadoop-ozone/integration-test/target/test-dir/MiniOzoneClusterImpl-6e3a073c-9bdc-4deb-8550-ef77f821b5e4/ozone-meta/datanode-4/data-0/hdds
2024-02-27 21:40:07,951 [2818fa5f-cc14-4867-ab22-981a54c2b243-EndpointStateMachineTaskThread-/0.0.0.0:15099-0 ] INFO  volume.ThrottledAsyncChecker (ThrottledAsyncChecker.java:schedule(141)) - Scheduling a check for /home/runner/work/ozone/ozone/hadoop-ozone/integration-test/target/test-dir/MiniOzoneClusterImpl-6e3a073c-9bdc-4deb-8550-ef77f821b5e4/ozone-meta/datanode-4/ratis
2024-02-27 21:40:07,951 [2818fa5f-cc14-4867-ab22-981a54c2b243-EndpointStateMachineTaskThread-/0.0.0.0:15099-0 ] INFO  volume.StorageVolumeChecker (StorageVolumeChecker.java:checkAllVolumes(218)) - Scheduled health check for volume /home/runner/work/ozone/ozone/hadoop-ozone/integration-test/target/test-dir/MiniOzoneClusterImpl-6e3a073c-9bdc-4deb-8550-ef77f821b5e4/ozone-meta/datanode-4/ratis
2024-02-27 21:40:07,952 [2818fa5f-cc14-4867-ab22-981a54c2b243-EndpointStateMachineTaskThread-/0.0.0.0:15099-0 ] INFO  ozoneimpl.OzoneContainer (OzoneContainer.java:start(459)) - Attempting to start container services.
2024-02-27 21:40:07,952 [2818fa5f-cc14-4867-ab22-981a54c2b243-EndpointStateMachineTaskThread-/0.0.0.0:15099-0 ] INFO  ozoneimpl.OzoneContainer (OzoneContainer.java:startContainerScrub(339)) - Scheduled background container scanners and the on-demand container scanner have been disabled.
2024-02-27 21:40:07,953 [2818fa5f-cc14-4867-ab22-981a54c2b243-EndpointStateMachineTaskThread-/0.0.0.0:15099-0 ] INFO  replication.ReplicationServer (ReplicationServer.java:start(140)) - ReplicationServer is started using port 15140
2024-02-27 21:40:07,953 [2818fa5f-cc14-4867-ab22-981a54c2b243-EndpointStateMachineTaskThread-/0.0.0.0:15099-0 ] INFO  ratis.XceiverServerRatis (XceiverServerRatis.java:start(566)) - Starting XceiverServerRatis 2818fa5f-cc14-4867-ab22-981a54c2b243
2024-02-27 21:40:07,953 [2818fa5f-cc14-4867-ab22-981a54c2b243-EndpointStateMachineTaskThread-/0.0.0.0:15099-0 ] INFO  server.RaftServer (RaftServerProxy.java:startImpl(406)) - 2818fa5f-cc14-4867-ab22-981a54c2b243: start RPC server
2024-02-27 21:40:07,953 [2818fa5f-cc14-4867-ab22-981a54c2b243-EndpointStateMachineTaskThread-/0.0.0.0:15099-0 ] INFO  server.GrpcService (GrpcService.java:startImpl(302)) - 2818fa5f-cc14-4867-ab22-981a54c2b243: GrpcService started, listening on 15136
2024-02-27 21:40:07,954 [2818fa5f-cc14-4867-ab22-981a54c2b243-EndpointStateMachineTaskThread-/0.0.0.0:15099-0 ] INFO  server.GrpcService (GrpcService.java:startImpl(302)) - 2818fa5f-cc14-4867-ab22-981a54c2b243: GrpcService started, listening on 15138
2024-02-27 21:40:07,954 [2818fa5f-cc14-4867-ab22-981a54c2b243-EndpointStateMachineTaskThread-/0.0.0.0:15099-0 ] INFO  server.GrpcService (GrpcService.java:startImpl(302)) - 2818fa5f-cc14-4867-ab22-981a54c2b243: GrpcService started, listening on 15137
2024-02-27 21:40:07,954 [2818fa5f-cc14-4867-ab22-981a54c2b243-EndpointStateMachineTaskThread-/0.0.0.0:15099-0 ] INFO  ratis.XceiverServerRatis (XceiverServerRatis.java:getRealPort(592)) - XceiverServerRatis 2818fa5f-cc14-4867-ab22-981a54c2b243 is started using port 15136 for RATIS
2024-02-27 21:40:07,954 [2818fa5f-cc14-4867-ab22-981a54c2b243-EndpointStateMachineTaskThread-/0.0.0.0:15099-0 ] INFO  ratis.XceiverServerRatis (XceiverServerRatis.java:getRealPort(592)) - XceiverServerRatis 2818fa5f-cc14-4867-ab22-981a54c2b243 is started using port 15137 for RATIS_ADMIN
2024-02-27 21:40:07,954 [2818fa5f-cc14-4867-ab22-981a54c2b243-EndpointStateMachineTaskThread-/0.0.0.0:15099-0 ] INFO  ratis.XceiverServerRatis (XceiverServerRatis.java:getRealPort(592)) - XceiverServerRatis 2818fa5f-cc14-4867-ab22-981a54c2b243 is started using port 15138 for RATIS_SERVER
2024-02-27 21:40:07,954 [2818fa5f-cc14-4867-ab22-981a54c2b243-EndpointStateMachineTaskThread-/0.0.0.0:15099-0 ] INFO  ratis.XceiverServerRatis (XceiverServerRatis.java:getRealPort(592)) - XceiverServerRatis 2818fa5f-cc14-4867-ab22-981a54c2b243 is started using port 15139 for RATIS_DATASTREAM
2024-02-27 21:40:07,954 [JvmPauseMonitor18] INFO  util.JvmPauseMonitor (JvmPauseMonitor.java:run(146)) - JvmPauseMonitor-2818fa5f-cc14-4867-ab22-981a54c2b243: Started
2024-02-27 21:40:07,958 [2818fa5f-cc14-4867-ab22-981a54c2b243-BlockDeletingService#0] INFO  interfaces.ContainerDeletionChoosingPolicyTemplate (ContainerDeletionChoosingPolicyTemplate.java:chooseContainerForBlockDeletion(85)) - Chosen 0/5000 blocks from 0 candidate containers.
2024-02-27 21:40:08,043 [acd5b146-ec22-4575-ab5b-633d0d82c7a3-EndpointStateMachineTaskThread-/0.0.0.0:15099-0 ] INFO  utils.DatanodeStoreCache (DatanodeStoreCache.java:addDB(72)) - Added db /home/runner/work/ozone/ozone/hadoop-ozone/integration-test/target/test-dir/MiniOzoneClusterImpl-6e3a073c-9bdc-4deb-8550-ef77f821b5e4/ozone-meta/datanode-5/data-0/hdds/6e3a073c-9bdc-4deb-8550-ef77f821b5e4/DS-c60f7a3c-a2ca-4bfc-8719-b7d58c2619a2/container.db to cache
2024-02-27 21:40:08,043 [acd5b146-ec22-4575-ab5b-633d0d82c7a3-EndpointStateMachineTaskThread-/0.0.0.0:15099-0 ] INFO  volume.HddsVolume (HddsVolume.java:createDbStore(420)) - SchemaV3 db is created and loaded at /home/runner/work/ozone/ozone/hadoop-ozone/integration-test/target/test-dir/MiniOzoneClusterImpl-6e3a073c-9bdc-4deb-8550-ef77f821b5e4/ozone-meta/datanode-5/data-0/hdds/6e3a073c-9bdc-4deb-8550-ef77f821b5e4/DS-c60f7a3c-a2ca-4bfc-8719-b7d58c2619a2/container.db for volume DS-c60f7a3c-a2ca-4bfc-8719-b7d58c2619a2
2024-02-27 21:40:08,045 [acd5b146-ec22-4575-ab5b-633d0d82c7a3-ContainerReader-0] INFO  ozoneimpl.ContainerReader (ContainerReader.java:readVolume(148)) - Start to verify containers on volume /home/runner/work/ozone/ozone/hadoop-ozone/integration-test/target/test-dir/MiniOzoneClusterImpl-6e3a073c-9bdc-4deb-8550-ef77f821b5e4/ozone-meta/datanode-5/data-0/hdds
2024-02-27 21:40:08,045 [acd5b146-ec22-4575-ab5b-633d0d82c7a3-ContainerReader-0] INFO  ozoneimpl.ContainerReader (ContainerReader.java:readVolume(178)) - Finish verifying containers on volume /home/runner/work/ozone/ozone/hadoop-ozone/integration-test/target/test-dir/MiniOzoneClusterImpl-6e3a073c-9bdc-4deb-8550-ef77f821b5e4/ozone-meta/datanode-5/data-0/hdds
2024-02-27 21:40:08,045 [acd5b146-ec22-4575-ab5b-633d0d82c7a3-EndpointStateMachineTaskThread-/0.0.0.0:15099-0 ] INFO  ozoneimpl.OzoneContainer (OzoneContainer.java:buildContainerSet(328)) - Build ContainerSet costs 0s
2024-02-27 21:40:08,045 [acd5b146-ec22-4575-ab5b-633d0d82c7a3-EndpointStateMachineTaskThread-/0.0.0.0:15099-0 ] INFO  volume.ThrottledAsyncChecker (ThrottledAsyncChecker.java:schedule(141)) - Scheduling a check for /home/runner/work/ozone/ozone/hadoop-ozone/integration-test/target/test-dir/MiniOzoneClusterImpl-6e3a073c-9bdc-4deb-8550-ef77f821b5e4/ozone-meta/datanode-5/data-0/hdds
2024-02-27 21:40:08,046 [acd5b146-ec22-4575-ab5b-633d0d82c7a3-EndpointStateMachineTaskThread-/0.0.0.0:15099-0 ] INFO  volume.StorageVolumeChecker (StorageVolumeChecker.java:checkAllVolumes(218)) - Scheduled health check for volume /home/runner/work/ozone/ozone/hadoop-ozone/integration-test/target/test-dir/MiniOzoneClusterImpl-6e3a073c-9bdc-4deb-8550-ef77f821b5e4/ozone-meta/datanode-5/data-0/hdds
2024-02-27 21:40:08,048 [acd5b146-ec22-4575-ab5b-633d0d82c7a3-EndpointStateMachineTaskThread-/0.0.0.0:15099-0 ] INFO  volume.ThrottledAsyncChecker (ThrottledAsyncChecker.java:schedule(141)) - Scheduling a check for /home/runner/work/ozone/ozone/hadoop-ozone/integration-test/target/test-dir/MiniOzoneClusterImpl-6e3a073c-9bdc-4deb-8550-ef77f821b5e4/ozone-meta/datanode-5/ratis
2024-02-27 21:40:08,048 [acd5b146-ec22-4575-ab5b-633d0d82c7a3-EndpointStateMachineTaskThread-/0.0.0.0:15099-0 ] INFO  volume.StorageVolumeChecker (StorageVolumeChecker.java:checkAllVolumes(218)) - Scheduled health check for volume /home/runner/work/ozone/ozone/hadoop-ozone/integration-test/target/test-dir/MiniOzoneClusterImpl-6e3a073c-9bdc-4deb-8550-ef77f821b5e4/ozone-meta/datanode-5/ratis
2024-02-27 21:40:08,053 [acd5b146-ec22-4575-ab5b-633d0d82c7a3-EndpointStateMachineTaskThread-/0.0.0.0:15099-0 ] INFO  ozoneimpl.OzoneContainer (OzoneContainer.java:start(459)) - Attempting to start container services.
2024-02-27 21:40:08,053 [acd5b146-ec22-4575-ab5b-633d0d82c7a3-EndpointStateMachineTaskThread-/0.0.0.0:15099-0 ] INFO  ozoneimpl.OzoneContainer (OzoneContainer.java:startContainerScrub(339)) - Scheduled background container scanners and the on-demand container scanner have been disabled.
2024-02-27 21:40:08,053 [acd5b146-ec22-4575-ab5b-633d0d82c7a3-EndpointStateMachineTaskThread-/0.0.0.0:15099-0 ] INFO  replication.ReplicationServer (ReplicationServer.java:start(140)) - ReplicationServer is started using port 15149
2024-02-27 21:40:08,053 [acd5b146-ec22-4575-ab5b-633d0d82c7a3-EndpointStateMachineTaskThread-/0.0.0.0:15099-0 ] INFO  ratis.XceiverServerRatis (XceiverServerRatis.java:start(566)) - Starting XceiverServerRatis acd5b146-ec22-4575-ab5b-633d0d82c7a3
2024-02-27 21:40:08,054 [acd5b146-ec22-4575-ab5b-633d0d82c7a3-EndpointStateMachineTaskThread-/0.0.0.0:15099-0 ] INFO  server.RaftServer (RaftServerProxy.java:startImpl(406)) - acd5b146-ec22-4575-ab5b-633d0d82c7a3: start RPC server
2024-02-27 21:40:08,054 [acd5b146-ec22-4575-ab5b-633d0d82c7a3-EndpointStateMachineTaskThread-/0.0.0.0:15099-0 ] INFO  server.GrpcService (GrpcService.java:startImpl(302)) - acd5b146-ec22-4575-ab5b-633d0d82c7a3: GrpcService started, listening on 15145
2024-02-27 21:40:08,054 [acd5b146-ec22-4575-ab5b-633d0d82c7a3-EndpointStateMachineTaskThread-/0.0.0.0:15099-0 ] INFO  server.GrpcService (GrpcService.java:startImpl(302)) - acd5b146-ec22-4575-ab5b-633d0d82c7a3: GrpcService started, listening on 15147
2024-02-27 21:40:08,054 [acd5b146-ec22-4575-ab5b-633d0d82c7a3-EndpointStateMachineTaskThread-/0.0.0.0:15099-0 ] INFO  server.GrpcService (GrpcService.java:startImpl(302)) - acd5b146-ec22-4575-ab5b-633d0d82c7a3: GrpcService started, listening on 15146
2024-02-27 21:40:08,055 [acd5b146-ec22-4575-ab5b-633d0d82c7a3-EndpointStateMachineTaskThread-/0.0.0.0:15099-0 ] INFO  ratis.XceiverServerRatis (XceiverServerRatis.java:getRealPort(592)) - XceiverServerRatis acd5b146-ec22-4575-ab5b-633d0d82c7a3 is started using port 15145 for RATIS
2024-02-27 21:40:08,055 [JvmPauseMonitor19] INFO  util.JvmPauseMonitor (JvmPauseMonitor.java:run(146)) - JvmPauseMonitor-acd5b146-ec22-4575-ab5b-633d0d82c7a3: Started
2024-02-27 21:40:08,055 [acd5b146-ec22-4575-ab5b-633d0d82c7a3-EndpointStateMachineTaskThread-/0.0.0.0:15099-0 ] INFO  ratis.XceiverServerRatis (XceiverServerRatis.java:getRealPort(592)) - XceiverServerRatis acd5b146-ec22-4575-ab5b-633d0d82c7a3 is started using port 15146 for RATIS_ADMIN
2024-02-27 21:40:08,055 [acd5b146-ec22-4575-ab5b-633d0d82c7a3-EndpointStateMachineTaskThread-/0.0.0.0:15099-0 ] INFO  ratis.XceiverServerRatis (XceiverServerRatis.java:getRealPort(592)) - XceiverServerRatis acd5b146-ec22-4575-ab5b-633d0d82c7a3 is started using port 15147 for RATIS_SERVER
2024-02-27 21:40:08,055 [acd5b146-ec22-4575-ab5b-633d0d82c7a3-EndpointStateMachineTaskThread-/0.0.0.0:15099-0 ] INFO  ratis.XceiverServerRatis (XceiverServerRatis.java:getRealPort(592)) - XceiverServerRatis acd5b146-ec22-4575-ab5b-633d0d82c7a3 is started using port 15148 for RATIS_DATASTREAM
2024-02-27 21:40:08,056 [acd5b146-ec22-4575-ab5b-633d0d82c7a3-BlockDeletingService#0] INFO  interfaces.ContainerDeletionChoosingPolicyTemplate (ContainerDeletionChoosingPolicyTemplate.java:chooseContainerForBlockDeletion(85)) - Chosen 0/5000 blocks from 0 candidate containers.
2024-02-27 21:40:08,110 [main] INFO  ozone.MiniOzoneClusterImpl (MiniOzoneClusterImpl.java:lambda$waitForClusterToBeReady$0(195)) - Waiting for nodes to be ready. Got 0 of 6 DN Heartbeats.
2024-02-27 21:40:08,110 [main] INFO  ozone.MiniOzoneClusterImpl (MiniOzoneClusterImpl.java:lambda$waitForClusterToBeReady$0(198)) - Waiting for cluster to exit safe mode
2024-02-27 21:40:08,111 [main] INFO  ozone.MiniOzoneClusterImpl (MiniOzoneClusterImpl.java:lambda$waitForClusterToBeReady$0(200)) - SCM became leader
2024-02-27 21:40:08,132 [2da9303e-6724-4504-a4a5-d250e7d22259-EndpointStateMachineTaskThread-/0.0.0.0:15099-0 ] INFO  utils.DatanodeStoreCache (DatanodeStoreCache.java:addDB(72)) - Added db /home/runner/work/ozone/ozone/hadoop-ozone/integration-test/target/test-dir/MiniOzoneClusterImpl-6e3a073c-9bdc-4deb-8550-ef77f821b5e4/ozone-meta/datanode-6/data-0/hdds/6e3a073c-9bdc-4deb-8550-ef77f821b5e4/DS-fb3a5f82-678f-4c72-8992-e1096b5bf472/container.db to cache
2024-02-27 21:40:08,132 [2da9303e-6724-4504-a4a5-d250e7d22259-EndpointStateMachineTaskThread-/0.0.0.0:15099-0 ] INFO  volume.HddsVolume (HddsVolume.java:createDbStore(420)) - SchemaV3 db is created and loaded at /home/runner/work/ozone/ozone/hadoop-ozone/integration-test/target/test-dir/MiniOzoneClusterImpl-6e3a073c-9bdc-4deb-8550-ef77f821b5e4/ozone-meta/datanode-6/data-0/hdds/6e3a073c-9bdc-4deb-8550-ef77f821b5e4/DS-fb3a5f82-678f-4c72-8992-e1096b5bf472/container.db for volume DS-fb3a5f82-678f-4c72-8992-e1096b5bf472
2024-02-27 21:40:08,133 [2da9303e-6724-4504-a4a5-d250e7d22259-ContainerReader-0] INFO  ozoneimpl.ContainerReader (ContainerReader.java:readVolume(148)) - Start to verify containers on volume /home/runner/work/ozone/ozone/hadoop-ozone/integration-test/target/test-dir/MiniOzoneClusterImpl-6e3a073c-9bdc-4deb-8550-ef77f821b5e4/ozone-meta/datanode-6/data-0/hdds
2024-02-27 21:40:08,133 [2da9303e-6724-4504-a4a5-d250e7d22259-ContainerReader-0] INFO  ozoneimpl.ContainerReader (ContainerReader.java:readVolume(178)) - Finish verifying containers on volume /home/runner/work/ozone/ozone/hadoop-ozone/integration-test/target/test-dir/MiniOzoneClusterImpl-6e3a073c-9bdc-4deb-8550-ef77f821b5e4/ozone-meta/datanode-6/data-0/hdds
2024-02-27 21:40:08,133 [2da9303e-6724-4504-a4a5-d250e7d22259-EndpointStateMachineTaskThread-/0.0.0.0:15099-0 ] INFO  ozoneimpl.OzoneContainer (OzoneContainer.java:buildContainerSet(328)) - Build ContainerSet costs 0s
2024-02-27 21:40:08,133 [2da9303e-6724-4504-a4a5-d250e7d22259-EndpointStateMachineTaskThread-/0.0.0.0:15099-0 ] INFO  volume.ThrottledAsyncChecker (ThrottledAsyncChecker.java:schedule(141)) - Scheduling a check for /home/runner/work/ozone/ozone/hadoop-ozone/integration-test/target/test-dir/MiniOzoneClusterImpl-6e3a073c-9bdc-4deb-8550-ef77f821b5e4/ozone-meta/datanode-6/data-0/hdds
2024-02-27 21:40:08,134 [2da9303e-6724-4504-a4a5-d250e7d22259-EndpointStateMachineTaskThread-/0.0.0.0:15099-0 ] INFO  volume.StorageVolumeChecker (StorageVolumeChecker.java:checkAllVolumes(218)) - Scheduled health check for volume /home/runner/work/ozone/ozone/hadoop-ozone/integration-test/target/test-dir/MiniOzoneClusterImpl-6e3a073c-9bdc-4deb-8550-ef77f821b5e4/ozone-meta/datanode-6/data-0/hdds
2024-02-27 21:40:08,135 [2da9303e-6724-4504-a4a5-d250e7d22259-EndpointStateMachineTaskThread-/0.0.0.0:15099-0 ] INFO  volume.ThrottledAsyncChecker (ThrottledAsyncChecker.java:schedule(141)) - Scheduling a check for /home/runner/work/ozone/ozone/hadoop-ozone/integration-test/target/test-dir/MiniOzoneClusterImpl-6e3a073c-9bdc-4deb-8550-ef77f821b5e4/ozone-meta/datanode-6/ratis
2024-02-27 21:40:08,135 [2da9303e-6724-4504-a4a5-d250e7d22259-EndpointStateMachineTaskThread-/0.0.0.0:15099-0 ] INFO  volume.StorageVolumeChecker (StorageVolumeChecker.java:checkAllVolumes(218)) - Scheduled health check for volume /home/runner/work/ozone/ozone/hadoop-ozone/integration-test/target/test-dir/MiniOzoneClusterImpl-6e3a073c-9bdc-4deb-8550-ef77f821b5e4/ozone-meta/datanode-6/ratis
2024-02-27 21:40:08,136 [2da9303e-6724-4504-a4a5-d250e7d22259-EndpointStateMachineTaskThread-/0.0.0.0:15099-0 ] INFO  ozoneimpl.OzoneContainer (OzoneContainer.java:start(459)) - Attempting to start container services.
2024-02-27 21:40:08,136 [2da9303e-6724-4504-a4a5-d250e7d22259-EndpointStateMachineTaskThread-/0.0.0.0:15099-0 ] INFO  ozoneimpl.OzoneContainer (OzoneContainer.java:startContainerScrub(339)) - Scheduled background container scanners and the on-demand container scanner have been disabled.
2024-02-27 21:40:08,136 [2da9303e-6724-4504-a4a5-d250e7d22259-EndpointStateMachineTaskThread-/0.0.0.0:15099-0 ] INFO  replication.ReplicationServer (ReplicationServer.java:start(140)) - ReplicationServer is started using port 15158
2024-02-27 21:40:08,137 [2da9303e-6724-4504-a4a5-d250e7d22259-EndpointStateMachineTaskThread-/0.0.0.0:15099-0 ] INFO  ratis.XceiverServerRatis (XceiverServerRatis.java:start(566)) - Starting XceiverServerRatis 2da9303e-6724-4504-a4a5-d250e7d22259
2024-02-27 21:40:08,137 [2da9303e-6724-4504-a4a5-d250e7d22259-EndpointStateMachineTaskThread-/0.0.0.0:15099-0 ] INFO  server.RaftServer (RaftServerProxy.java:startImpl(406)) - 2da9303e-6724-4504-a4a5-d250e7d22259: start RPC server
2024-02-27 21:40:08,137 [2da9303e-6724-4504-a4a5-d250e7d22259-EndpointStateMachineTaskThread-/0.0.0.0:15099-0 ] INFO  server.GrpcService (GrpcService.java:startImpl(302)) - 2da9303e-6724-4504-a4a5-d250e7d22259: GrpcService started, listening on 15154
2024-02-27 21:40:08,137 [2da9303e-6724-4504-a4a5-d250e7d22259-EndpointStateMachineTaskThread-/0.0.0.0:15099-0 ] INFO  server.GrpcService (GrpcService.java:startImpl(302)) - 2da9303e-6724-4504-a4a5-d250e7d22259: GrpcService started, listening on 15156
2024-02-27 21:40:08,138 [2da9303e-6724-4504-a4a5-d250e7d22259-EndpointStateMachineTaskThread-/0.0.0.0:15099-0 ] INFO  server.GrpcService (GrpcService.java:startImpl(302)) - 2da9303e-6724-4504-a4a5-d250e7d22259: GrpcService started, listening on 15155
2024-02-27 21:40:08,138 [2da9303e-6724-4504-a4a5-d250e7d22259-EndpointStateMachineTaskThread-/0.0.0.0:15099-0 ] INFO  ratis.XceiverServerRatis (XceiverServerRatis.java:getRealPort(592)) - XceiverServerRatis 2da9303e-6724-4504-a4a5-d250e7d22259 is started using port 15154 for RATIS
2024-02-27 21:40:08,138 [JvmPauseMonitor20] INFO  util.JvmPauseMonitor (JvmPauseMonitor.java:run(146)) - JvmPauseMonitor-2da9303e-6724-4504-a4a5-d250e7d22259: Started
2024-02-27 21:40:08,138 [2da9303e-6724-4504-a4a5-d250e7d22259-EndpointStateMachineTaskThread-/0.0.0.0:15099-0 ] INFO  ratis.XceiverServerRatis (XceiverServerRatis.java:getRealPort(592)) - XceiverServerRatis 2da9303e-6724-4504-a4a5-d250e7d22259 is started using port 15155 for RATIS_ADMIN
2024-02-27 21:40:08,138 [2da9303e-6724-4504-a4a5-d250e7d22259-EndpointStateMachineTaskThread-/0.0.0.0:15099-0 ] INFO  ratis.XceiverServerRatis (XceiverServerRatis.java:getRealPort(592)) - XceiverServerRatis 2da9303e-6724-4504-a4a5-d250e7d22259 is started using port 15156 for RATIS_SERVER
2024-02-27 21:40:08,138 [2da9303e-6724-4504-a4a5-d250e7d22259-EndpointStateMachineTaskThread-/0.0.0.0:15099-0 ] INFO  ratis.XceiverServerRatis (XceiverServerRatis.java:getRealPort(592)) - XceiverServerRatis 2da9303e-6724-4504-a4a5-d250e7d22259 is started using port 15157 for RATIS_DATASTREAM
2024-02-27 21:40:08,139 [2da9303e-6724-4504-a4a5-d250e7d22259-BlockDeletingService#0] INFO  interfaces.ContainerDeletionChoosingPolicyTemplate (ContainerDeletionChoosingPolicyTemplate.java:chooseContainerForBlockDeletion(85)) - Chosen 0/5000 blocks from 0 candidate containers.
2024-02-27 21:40:09,111 [main] INFO  ozone.MiniOzoneClusterImpl (MiniOzoneClusterImpl.java:lambda$waitForClusterToBeReady$0(195)) - Waiting for nodes to be ready. Got 0 of 6 DN Heartbeats.
2024-02-27 21:40:09,111 [main] INFO  ozone.MiniOzoneClusterImpl (MiniOzoneClusterImpl.java:lambda$waitForClusterToBeReady$0(198)) - Waiting for cluster to exit safe mode
2024-02-27 21:40:09,111 [main] INFO  ozone.MiniOzoneClusterImpl (MiniOzoneClusterImpl.java:lambda$waitForClusterToBeReady$0(200)) - SCM became leader
2024-02-27 21:40:09,587 [IPC Server handler 3 on default port 15099] INFO  net.NetworkTopologyImpl (NetworkTopologyImpl.java:add(124)) - Added a new node: /default-rack/e0fc16c3-8785-492f-95e3-5d2aafd0cf3f
2024-02-27 21:40:09,587 [IPC Server handler 3 on default port 15099] INFO  node.SCMNodeManager (SCMNodeManager.java:register(421)) - Registered datanode: e0fc16c3-8785-492f-95e3-5d2aafd0cf3f{ip: 10.1.0.18, host: fv-az531-651.fb1yufaac5hu3gd5gtxiz42tfh.cx.internal.cloudapp.net, ports: [HTTP=15106, CLIENT_RPC=15107, REPLICATION=15113, RATIS=15109, RATIS_ADMIN=15110, RATIS_SERVER=15111, RATIS_DATASTREAM=15112, STANDALONE=15108], networkLocation: /default-rack, certSerialId: null, persistedOpState: null, persistedOpStateExpiryEpochSec: 0}
2024-02-27 21:40:09,589 [EventQueue-NewNodeForNewNodeHandler] INFO  pipeline.BackgroundPipelineCreator (BackgroundPipelineCreator.java:notifyEventTriggered(280)) - trigger a one-shot run on RatisPipelineUtilsThread.
2024-02-27 21:40:09,590 [EventQueue-NodeRegistrationContainerReportForContainerSafeModeRule] INFO  safemode.SCMSafeModeManager (SCMSafeModeManager.java:validateSafeModeExitRules(200)) - ContainerSafeModeRule rule is successfully validated
2024-02-27 21:40:09,590 [EventQueue-NodeRegistrationContainerReportForDataNodeSafeModeRule] INFO  safemode.SCMSafeModeManager (DataNodeSafeModeRule.java:process(71)) - SCM in safe mode. 1 DataNodes registered, 3 required.
2024-02-27 21:40:09,594 [EventQueue-PipelineReportForOneReplicaPipelineSafeModeRule] INFO  safemode.SCMSafeModeManager (SCMSafeModeManager.java:validateSafeModeExitRules(200)) - AtleastOneDatanodeReportedRule rule is successfully validated
2024-02-27 21:40:09,711 [IPC Server handler 4 on default port 15099] INFO  net.NetworkTopologyImpl (NetworkTopologyImpl.java:add(124)) - Added a new node: /default-rack/a4a9caa5-f98a-4b6d-87b4-17f7eca85f0e
2024-02-27 21:40:09,711 [IPC Server handler 4 on default port 15099] INFO  node.SCMNodeManager (SCMNodeManager.java:register(421)) - Registered datanode: a4a9caa5-f98a-4b6d-87b4-17f7eca85f0e{ip: 10.1.0.18, host: fv-az531-651.fb1yufaac5hu3gd5gtxiz42tfh.cx.internal.cloudapp.net, ports: [HTTP=15115, CLIENT_RPC=15116, REPLICATION=15122, RATIS=15118, RATIS_ADMIN=15119, RATIS_SERVER=15120, RATIS_DATASTREAM=15121, STANDALONE=15117], networkLocation: /default-rack, certSerialId: null, persistedOpState: null, persistedOpStateExpiryEpochSec: 0}
2024-02-27 21:40:09,712 [EventQueue-NodeRegistrationContainerReportForDataNodeSafeModeRule] INFO  safemode.SCMSafeModeManager (DataNodeSafeModeRule.java:process(71)) - SCM in safe mode. 2 DataNodes registered, 3 required.
2024-02-27 21:40:09,712 [EventQueue-NewNodeForNewNodeHandler] INFO  pipeline.BackgroundPipelineCreator (BackgroundPipelineCreator.java:notifyEventTriggered(280)) - trigger a one-shot run on RatisPipelineUtilsThread.
2024-02-27 21:40:09,822 [IPC Server handler 5 on default port 15099] INFO  net.NetworkTopologyImpl (NetworkTopologyImpl.java:add(124)) - Added a new node: /default-rack/7299b60a-1361-4038-9b5b-8cb416051416
2024-02-27 21:40:09,822 [IPC Server handler 5 on default port 15099] INFO  node.SCMNodeManager (SCMNodeManager.java:register(421)) - Registered datanode: 7299b60a-1361-4038-9b5b-8cb416051416{ip: 10.1.0.18, host: fv-az531-651.fb1yufaac5hu3gd5gtxiz42tfh.cx.internal.cloudapp.net, ports: [HTTP=15124, CLIENT_RPC=15125, REPLICATION=15131, RATIS=15127, RATIS_ADMIN=15128, RATIS_SERVER=15129, RATIS_DATASTREAM=15130, STANDALONE=15126], networkLocation: /default-rack, certSerialId: null, persistedOpState: null, persistedOpStateExpiryEpochSec: 0}
2024-02-27 21:40:09,822 [EventQueue-NodeRegistrationContainerReportForDataNodeSafeModeRule] INFO  safemode.SCMSafeModeManager (DataNodeSafeModeRule.java:process(71)) - SCM in safe mode. 3 DataNodes registered, 3 required.
2024-02-27 21:40:09,823 [EventQueue-NodeRegistrationContainerReportForDataNodeSafeModeRule] INFO  safemode.SCMSafeModeManager (SCMSafeModeManager.java:validateSafeModeExitRules(200)) - DataNodeSafeModeRule rule is successfully validated
2024-02-27 21:40:09,823 [EventQueue-NodeRegistrationContainerReportForDataNodeSafeModeRule] INFO  safemode.SCMSafeModeManager (SCMSafeModeManager.java:completePreCheck(229)) - All SCM safe mode pre check rules have passed
2024-02-27 21:40:09,823 [EventQueue-NodeRegistrationContainerReportForDataNodeSafeModeRule] INFO  ha.SCMContext (SCMContext.java:updateSafeModeStatus(225)) - Update SafeModeStatus from SafeModeStatus{safeModeStatus=true, preCheckPassed=false} to SafeModeStatus{safeModeStatus=true, preCheckPassed=true}.
2024-02-27 21:40:09,823 [EventQueue-NodeRegistrationContainerReportForDataNodeSafeModeRule] INFO  pipeline.BackgroundPipelineCreator (BackgroundPipelineCreator.java:notifyEventTriggered(280)) - trigger a one-shot run on RatisPipelineUtilsThread.
2024-02-27 21:40:09,823 [EventQueue-NewNodeForNewNodeHandler] INFO  pipeline.BackgroundPipelineCreator (BackgroundPipelineCreator.java:notifyEventTriggered(280)) - trigger a one-shot run on RatisPipelineUtilsThread.
2024-02-27 21:40:09,823 [RatisPipelineUtilsThread-0] INFO  pipeline.RatisPipelineProvider (RatisPipelineProvider.java:lambda$create$0(205)) - Sending CreatePipelineCommand for pipeline:PipelineID=18c9c50d-3d92-403f-8086-804b6b9c10bf to datanode:a4a9caa5-f98a-4b6d-87b4-17f7eca85f0e
2024-02-27 21:40:09,823 [RatisPipelineUtilsThread-0] INFO  pipeline.RatisPipelineProvider (RatisPipelineProvider.java:lambda$create$0(205)) - Sending CreatePipelineCommand for pipeline:PipelineID=18c9c50d-3d92-403f-8086-804b6b9c10bf to datanode:e0fc16c3-8785-492f-95e3-5d2aafd0cf3f
2024-02-27 21:40:09,823 [RatisPipelineUtilsThread-0] INFO  pipeline.RatisPipelineProvider (RatisPipelineProvider.java:lambda$create$0(205)) - Sending CreatePipelineCommand for pipeline:PipelineID=18c9c50d-3d92-403f-8086-804b6b9c10bf to datanode:7299b60a-1361-4038-9b5b-8cb416051416
2024-02-27 21:40:09,824 [RatisPipelineUtilsThread-0] INFO  pipeline.BackgroundPipelineCreator (BackgroundPipelineCreator.java:createPipelines(236)) - Created new pipeline Pipeline[ Id: 18c9c50d-3d92-403f-8086-804b6b9c10bf, Nodes: a4a9caa5-f98a-4b6d-87b4-17f7eca85f0e(fv-az531-651.fb1yufaac5hu3gd5gtxiz42tfh.cx.internal.cloudapp.net/10.1.0.18)e0fc16c3-8785-492f-95e3-5d2aafd0cf3f(fv-az531-651.fb1yufaac5hu3gd5gtxiz42tfh.cx.internal.cloudapp.net/10.1.0.18)7299b60a-1361-4038-9b5b-8cb416051416(fv-az531-651.fb1yufaac5hu3gd5gtxiz42tfh.cx.internal.cloudapp.net/10.1.0.18), ReplicationConfig: RATIS/THREE, State:ALLOCATED, leaderId:, CreationTimestamp2024-02-27T21:40:09.823Z[Etc/UTC]]
2024-02-27 21:40:09,824 [RatisPipelineUtilsThread-0] INFO  pipeline.RatisPipelineProvider (RatisPipelineProvider.java:lambda$create$0(205)) - Sending CreatePipelineCommand for pipeline:PipelineID=c6a2c24f-5c82-40cd-a726-e6bbe2641b90 to datanode:e0fc16c3-8785-492f-95e3-5d2aafd0cf3f
2024-02-27 21:40:09,824 [RatisPipelineUtilsThread-0] INFO  pipeline.RatisPipelineProvider (RatisPipelineProvider.java:lambda$create$0(205)) - Sending CreatePipelineCommand for pipeline:PipelineID=c6a2c24f-5c82-40cd-a726-e6bbe2641b90 to datanode:7299b60a-1361-4038-9b5b-8cb416051416
2024-02-27 21:40:09,825 [RatisPipelineUtilsThread-0] INFO  pipeline.RatisPipelineProvider (RatisPipelineProvider.java:lambda$create$0(205)) - Sending CreatePipelineCommand for pipeline:PipelineID=c6a2c24f-5c82-40cd-a726-e6bbe2641b90 to datanode:a4a9caa5-f98a-4b6d-87b4-17f7eca85f0e
2024-02-27 21:40:09,825 [RatisPipelineUtilsThread-0] INFO  pipeline.PipelineManagerImpl (PipelineManagerImpl.java:recordMetricsForPipeline(916)) - Pipeline: PipelineID=c6a2c24f-5c82-40cd-a726-e6bbe2641b90 contains same datanodes as previous pipelines: PipelineID=18c9c50d-3d92-403f-8086-804b6b9c10bf nodeIds: e0fc16c3-8785-492f-95e3-5d2aafd0cf3f, 7299b60a-1361-4038-9b5b-8cb416051416, a4a9caa5-f98a-4b6d-87b4-17f7eca85f0e
2024-02-27 21:40:09,825 [RatisPipelineUtilsThread-0] INFO  pipeline.BackgroundPipelineCreator (BackgroundPipelineCreator.java:createPipelines(236)) - Created new pipeline Pipeline[ Id: c6a2c24f-5c82-40cd-a726-e6bbe2641b90, Nodes: e0fc16c3-8785-492f-95e3-5d2aafd0cf3f(fv-az531-651.fb1yufaac5hu3gd5gtxiz42tfh.cx.internal.cloudapp.net/10.1.0.18)7299b60a-1361-4038-9b5b-8cb416051416(fv-az531-651.fb1yufaac5hu3gd5gtxiz42tfh.cx.internal.cloudapp.net/10.1.0.18)a4a9caa5-f98a-4b6d-87b4-17f7eca85f0e(fv-az531-651.fb1yufaac5hu3gd5gtxiz42tfh.cx.internal.cloudapp.net/10.1.0.18), ReplicationConfig: RATIS/THREE, State:ALLOCATED, leaderId:, CreationTimestamp2024-02-27T21:40:09.824Z[Etc/UTC]]
2024-02-27 21:40:09,924 [IPC Server handler 0 on default port 15099] INFO  net.NetworkTopologyImpl (NetworkTopologyImpl.java:add(124)) - Added a new node: /default-rack/2818fa5f-cc14-4867-ab22-981a54c2b243
2024-02-27 21:40:09,924 [IPC Server handler 0 on default port 15099] INFO  node.SCMNodeManager (SCMNodeManager.java:register(421)) - Registered datanode: 2818fa5f-cc14-4867-ab22-981a54c2b243{ip: 10.1.0.18, host: fv-az531-651.fb1yufaac5hu3gd5gtxiz42tfh.cx.internal.cloudapp.net, ports: [HTTP=15133, CLIENT_RPC=15134, REPLICATION=15140, RATIS=15136, RATIS_ADMIN=15137, RATIS_SERVER=15138, RATIS_DATASTREAM=15139, STANDALONE=15135], networkLocation: /default-rack, certSerialId: null, persistedOpState: null, persistedOpStateExpiryEpochSec: 0}
2024-02-27 21:40:09,924 [EventQueue-NewNodeForNewNodeHandler] INFO  pipeline.BackgroundPipelineCreator (BackgroundPipelineCreator.java:notifyEventTriggered(280)) - trigger a one-shot run on RatisPipelineUtilsThread.
2024-02-27 21:40:10,022 [IPC Server handler 1 on default port 15099] INFO  net.NetworkTopologyImpl (NetworkTopologyImpl.java:add(124)) - Added a new node: /default-rack/acd5b146-ec22-4575-ab5b-633d0d82c7a3
2024-02-27 21:40:10,022 [IPC Server handler 1 on default port 15099] INFO  node.SCMNodeManager (SCMNodeManager.java:register(421)) - Registered datanode: acd5b146-ec22-4575-ab5b-633d0d82c7a3{ip: 10.1.0.18, host: fv-az531-651.fb1yufaac5hu3gd5gtxiz42tfh.cx.internal.cloudapp.net, ports: [HTTP=15142, CLIENT_RPC=15143, REPLICATION=15149, RATIS=15145, RATIS_ADMIN=15146, RATIS_SERVER=15147, RATIS_DATASTREAM=15148, STANDALONE=15144], networkLocation: /default-rack, certSerialId: null, persistedOpState: null, persistedOpStateExpiryEpochSec: 0}
2024-02-27 21:40:10,022 [EventQueue-NewNodeForNewNodeHandler] INFO  pipeline.BackgroundPipelineCreator (BackgroundPipelineCreator.java:notifyEventTriggered(280)) - trigger a one-shot run on RatisPipelineUtilsThread.
2024-02-27 21:40:10,111 [IPC Server handler 2 on default port 15099] INFO  net.NetworkTopologyImpl (NetworkTopologyImpl.java:add(124)) - Added a new node: /default-rack/2da9303e-6724-4504-a4a5-d250e7d22259
2024-02-27 21:40:10,111 [IPC Server handler 2 on default port 15099] INFO  node.SCMNodeManager (SCMNodeManager.java:register(421)) - Registered datanode: 2da9303e-6724-4504-a4a5-d250e7d22259{ip: 10.1.0.18, host: fv-az531-651.fb1yufaac5hu3gd5gtxiz42tfh.cx.internal.cloudapp.net, ports: [HTTP=15151, CLIENT_RPC=15152, REPLICATION=15158, RATIS=15154, RATIS_ADMIN=15155, RATIS_SERVER=15156, RATIS_DATASTREAM=15157, STANDALONE=15153], networkLocation: /default-rack, certSerialId: null, persistedOpState: null, persistedOpStateExpiryEpochSec: 0}
2024-02-27 21:40:10,111 [main] INFO  ozone.MiniOzoneClusterImpl (MiniOzoneClusterImpl.java:lambda$waitForClusterToBeReady$0(195)) - Nodes are ready. Got 6 of 6 DN Heartbeats.
2024-02-27 21:40:10,112 [main] INFO  ozone.MiniOzoneClusterImpl (MiniOzoneClusterImpl.java:lambda$waitForClusterToBeReady$0(198)) - Waiting for cluster to exit safe mode
2024-02-27 21:40:10,112 [main] INFO  ozone.MiniOzoneClusterImpl (MiniOzoneClusterImpl.java:lambda$waitForClusterToBeReady$0(200)) - SCM became leader
2024-02-27 21:40:10,112 [EventQueue-NewNodeForNewNodeHandler] INFO  pipeline.BackgroundPipelineCreator (BackgroundPipelineCreator.java:notifyEventTriggered(280)) - trigger a one-shot run on RatisPipelineUtilsThread.
2024-02-27 21:40:10,112 [RatisPipelineUtilsThread-0] INFO  pipeline.RatisPipelineProvider (RatisPipelineProvider.java:lambda$create$0(205)) - Sending CreatePipelineCommand for pipeline:PipelineID=3b9a94bc-9df7-479a-ab76-a218e7daa433 to datanode:2da9303e-6724-4504-a4a5-d250e7d22259
2024-02-27 21:40:10,112 [RatisPipelineUtilsThread-0] INFO  pipeline.RatisPipelineProvider (RatisPipelineProvider.java:lambda$create$0(205)) - Sending CreatePipelineCommand for pipeline:PipelineID=3b9a94bc-9df7-479a-ab76-a218e7daa433 to datanode:acd5b146-ec22-4575-ab5b-633d0d82c7a3
2024-02-27 21:40:10,112 [RatisPipelineUtilsThread-0] INFO  pipeline.RatisPipelineProvider (RatisPipelineProvider.java:lambda$create$0(205)) - Sending CreatePipelineCommand for pipeline:PipelineID=3b9a94bc-9df7-479a-ab76-a218e7daa433 to datanode:2818fa5f-cc14-4867-ab22-981a54c2b243
2024-02-27 21:40:10,113 [RatisPipelineUtilsThread-0] INFO  pipeline.BackgroundPipelineCreator (BackgroundPipelineCreator.java:createPipelines(236)) - Created new pipeline Pipeline[ Id: 3b9a94bc-9df7-479a-ab76-a218e7daa433, Nodes: 2da9303e-6724-4504-a4a5-d250e7d22259(fv-az531-651.fb1yufaac5hu3gd5gtxiz42tfh.cx.internal.cloudapp.net/10.1.0.18)acd5b146-ec22-4575-ab5b-633d0d82c7a3(fv-az531-651.fb1yufaac5hu3gd5gtxiz42tfh.cx.internal.cloudapp.net/10.1.0.18)2818fa5f-cc14-4867-ab22-981a54c2b243(fv-az531-651.fb1yufaac5hu3gd5gtxiz42tfh.cx.internal.cloudapp.net/10.1.0.18), ReplicationConfig: RATIS/THREE, State:ALLOCATED, leaderId:, CreationTimestamp2024-02-27T21:40:10.112Z[Etc/UTC]]
2024-02-27 21:40:10,113 [RatisPipelineUtilsThread-0] INFO  pipeline.RatisPipelineProvider (RatisPipelineProvider.java:lambda$create$0(205)) - Sending CreatePipelineCommand for pipeline:PipelineID=016ca135-2be0-4d01-9c46-c2392ba6b23c to datanode:2da9303e-6724-4504-a4a5-d250e7d22259
2024-02-27 21:40:10,113 [RatisPipelineUtilsThread-0] INFO  pipeline.RatisPipelineProvider (RatisPipelineProvider.java:lambda$create$0(205)) - Sending CreatePipelineCommand for pipeline:PipelineID=016ca135-2be0-4d01-9c46-c2392ba6b23c to datanode:acd5b146-ec22-4575-ab5b-633d0d82c7a3
2024-02-27 21:40:10,113 [RatisPipelineUtilsThread-0] INFO  pipeline.RatisPipelineProvider (RatisPipelineProvider.java:lambda$create$0(205)) - Sending CreatePipelineCommand for pipeline:PipelineID=016ca135-2be0-4d01-9c46-c2392ba6b23c to datanode:2818fa5f-cc14-4867-ab22-981a54c2b243
2024-02-27 21:40:10,114 [RatisPipelineUtilsThread-0] INFO  pipeline.PipelineManagerImpl (PipelineManagerImpl.java:recordMetricsForPipeline(916)) - Pipeline: PipelineID=016ca135-2be0-4d01-9c46-c2392ba6b23c contains same datanodes as previous pipelines: PipelineID=3b9a94bc-9df7-479a-ab76-a218e7daa433 nodeIds: 2da9303e-6724-4504-a4a5-d250e7d22259, acd5b146-ec22-4575-ab5b-633d0d82c7a3, 2818fa5f-cc14-4867-ab22-981a54c2b243
2024-02-27 21:40:10,114 [RatisPipelineUtilsThread-0] INFO  pipeline.BackgroundPipelineCreator (BackgroundPipelineCreator.java:createPipelines(236)) - Created new pipeline Pipeline[ Id: 016ca135-2be0-4d01-9c46-c2392ba6b23c, Nodes: 2da9303e-6724-4504-a4a5-d250e7d22259(fv-az531-651.fb1yufaac5hu3gd5gtxiz42tfh.cx.internal.cloudapp.net/10.1.0.18)acd5b146-ec22-4575-ab5b-633d0d82c7a3(fv-az531-651.fb1yufaac5hu3gd5gtxiz42tfh.cx.internal.cloudapp.net/10.1.0.18)2818fa5f-cc14-4867-ab22-981a54c2b243(fv-az531-651.fb1yufaac5hu3gd5gtxiz42tfh.cx.internal.cloudapp.net/10.1.0.18), ReplicationConfig: RATIS/THREE, State:ALLOCATED, leaderId:, CreationTimestamp2024-02-27T21:40:10.113Z[Etc/UTC]]
2024-02-27 21:40:11,112 [main] INFO  ozone.MiniOzoneClusterImpl (MiniOzoneClusterImpl.java:lambda$waitForClusterToBeReady$0(195)) - Nodes are ready. Got 6 of 6 DN Heartbeats.
2024-02-27 21:40:11,112 [main] INFO  ozone.MiniOzoneClusterImpl (MiniOzoneClusterImpl.java:lambda$waitForClusterToBeReady$0(198)) - Waiting for cluster to exit safe mode
2024-02-27 21:40:11,112 [main] INFO  ozone.MiniOzoneClusterImpl (MiniOzoneClusterImpl.java:lambda$waitForClusterToBeReady$0(200)) - SCM became leader
2024-02-27 21:40:12,113 [main] INFO  ozone.MiniOzoneClusterImpl (MiniOzoneClusterImpl.java:lambda$waitForClusterToBeReady$0(195)) - Nodes are ready. Got 6 of 6 DN Heartbeats.
2024-02-27 21:40:12,113 [main] INFO  ozone.MiniOzoneClusterImpl (MiniOzoneClusterImpl.java:lambda$waitForClusterToBeReady$0(198)) - Waiting for cluster to exit safe mode
2024-02-27 21:40:12,113 [main] INFO  ozone.MiniOzoneClusterImpl (MiniOzoneClusterImpl.java:lambda$waitForClusterToBeReady$0(200)) - SCM became leader
2024-02-27 21:40:12,586 [e0fc16c3-8785-492f-95e3-5d2aafd0cf3f-PipelineCommandHandlerThread-0] INFO  server.RaftServer (RaftServerProxy.java:addNew(100)) - e0fc16c3-8785-492f-95e3-5d2aafd0cf3f: addNew group-804B6B9C10BF:[a4a9caa5-f98a-4b6d-87b4-17f7eca85f0e|10.1.0.18:15120, 7299b60a-1361-4038-9b5b-8cb416051416|10.1.0.18:15129, e0fc16c3-8785-492f-95e3-5d2aafd0cf3f|10.1.0.18:15111] returns group-804B6B9C10BF:java.util.concurrent.CompletableFuture@79d20e39[Not completed]
2024-02-27 21:40:12,587 [e0fc16c3-8785-492f-95e3-5d2aafd0cf3f-groupManagement] INFO  server.RaftServer$Division (RaftServerImpl.java:<init>(256)) - e0fc16c3-8785-492f-95e3-5d2aafd0cf3f: new RaftServerImpl for group-804B6B9C10BF:[a4a9caa5-f98a-4b6d-87b4-17f7eca85f0e|10.1.0.18:15120, 7299b60a-1361-4038-9b5b-8cb416051416|10.1.0.18:15129, e0fc16c3-8785-492f-95e3-5d2aafd0cf3f|10.1.0.18:15111] with ContainerStateMachine:uninitialized
2024-02-27 21:40:12,587 [e0fc16c3-8785-492f-95e3-5d2aafd0cf3f-groupManagement] INFO  server.RaftServerConfigKeys (ConfUtils.java:logGet(46)) - raft.server.rpc.timeout.min = 5s (custom)
2024-02-27 21:40:12,587 [e0fc16c3-8785-492f-95e3-5d2aafd0cf3f-groupManagement] INFO  server.RaftServerConfigKeys (ConfUtils.java:logGet(46)) - raft.server.rpc.timeout.max = 5200ms (custom)
2024-02-27 21:40:12,587 [e0fc16c3-8785-492f-95e3-5d2aafd0cf3f-groupManagement] INFO  server.RaftServerConfigKeys (ConfUtils.java:logGet(46)) - raft.server.rpc.sleep.time = 25ms (default)
2024-02-27 21:40:12,587 [e0fc16c3-8785-492f-95e3-5d2aafd0cf3f-groupManagement] INFO  server.RaftServerConfigKeys (ConfUtils.java:logGet(46)) - raft.server.rpc.slowness.timeout = 300s (custom)
2024-02-27 21:40:12,588 [e0fc16c3-8785-492f-95e3-5d2aafd0cf3f-groupManagement] INFO  server.RaftServerConfigKeys (ConfUtils.java:logGet(46)) - raft.server.leaderelection.leader.step-down.wait-time = 10s (default)
2024-02-27 21:40:12,588 [e0fc16c3-8785-492f-95e3-5d2aafd0cf3f-groupManagement] INFO  server.RaftServerConfigKeys (ConfUtils.java:logGet(46)) - raft.server.leaderelection.member.majority-add = false (default)
2024-02-27 21:40:12,588 [e0fc16c3-8785-492f-95e3-5d2aafd0cf3f-groupManagement] INFO  server.RaftServerConfigKeys (ConfUtils.java:logGet(46)) - raft.server.sleep.deviation.threshold = 300ms (default)
2024-02-27 21:40:12,588 [e0fc16c3-8785-492f-95e3-5d2aafd0cf3f-groupManagement] INFO  server.RaftServer$Division (ServerState.java:<init>(113)) - e0fc16c3-8785-492f-95e3-5d2aafd0cf3f@group-804B6B9C10BF: ConfigurationManager, init=-1: peers:[a4a9caa5-f98a-4b6d-87b4-17f7eca85f0e|10.1.0.18:15120, 7299b60a-1361-4038-9b5b-8cb416051416|10.1.0.18:15129, e0fc16c3-8785-492f-95e3-5d2aafd0cf3f|10.1.0.18:15111]|listeners:[], old=null, confs=<EMPTY_MAP>
2024-02-27 21:40:12,588 [e0fc16c3-8785-492f-95e3-5d2aafd0cf3f-groupManagement] INFO  server.RaftServerConfigKeys (ConfUtils.java:logGet(46)) - raft.server.notification.no-leader.timeout = 300s (custom)
2024-02-27 21:40:12,588 [e0fc16c3-8785-492f-95e3-5d2aafd0cf3f-groupManagement] INFO  server.RaftServerConfigKeys (ConfUtils.java:logGet(46)) - raft.server.read.timeout = 10s (default)
2024-02-27 21:40:12,588 [e0fc16c3-8785-492f-95e3-5d2aafd0cf3f-groupManagement] INFO  server.RaftServerConfigKeys (ConfUtils.java:logGet(46)) - raft.server.retrycache.expirytime = 600000ms (custom)
2024-02-27 21:40:12,588 [e0fc16c3-8785-492f-95e3-5d2aafd0cf3f-groupManagement] INFO  server.RaftServerConfigKeys (ConfUtils.java:logGet(46)) - raft.server.retrycache.statistics.expirytime = 100ms (default)
2024-02-27 21:40:12,588 [e0fc16c3-8785-492f-95e3-5d2aafd0cf3f-groupManagement] INFO  server.RaftServerConfigKeys (ConfUtils.java:logGet(46)) - raft.server.read.option = DEFAULT (default)
2024-02-27 21:40:12,588 [e0fc16c3-8785-492f-95e3-5d2aafd0cf3f-groupManagement] INFO  server.RaftServerConfigKeys (ConfUtils.java:logGet(46)) - raft.server.read.read-after-write-consistent.write-index-cache.expiry-time = 60s (default)
2024-02-27 21:40:12,589 [e0fc16c3-8785-492f-95e3-5d2aafd0cf3f-groupManagement] INFO  server.RaftServerConfigKeys (ConfUtils.java:logGet(46)) - raft.server.rpc.request.timeout = 60s (custom)
2024-02-27 21:40:12,589 [e0fc16c3-8785-492f-95e3-5d2aafd0cf3f-groupManagement] INFO  server.RaftServerConfigKeys (ConfUtils.java:logGet(46)) - raft.server.log.appender.install.snapshot.enabled = false (custom)
2024-02-27 21:40:12,589 [e0fc16c3-8785-492f-95e3-5d2aafd0cf3f-groupManagement] INFO  server.RaftServerConfigKeys (ConfUtils.java:logGet(46)) - raft.server.threadpool.server.cached = true (default)
2024-02-27 21:40:12,589 [e0fc16c3-8785-492f-95e3-5d2aafd0cf3f-groupManagement] INFO  server.RaftServerConfigKeys (ConfUtils.java:logGet(46)) - raft.server.threadpool.server.size = 0 (default)
2024-02-27 21:40:12,589 [e0fc16c3-8785-492f-95e3-5d2aafd0cf3f-groupManagement] INFO  server.RaftServerConfigKeys (ConfUtils.java:logGet(46)) - raft.server.threadpool.client.cached = true (default)
2024-02-27 21:40:12,589 [e0fc16c3-8785-492f-95e3-5d2aafd0cf3f-groupManagement] INFO  server.RaftServerConfigKeys (ConfUtils.java:logGet(46)) - raft.server.threadpool.client.size = 0 (default)
2024-02-27 21:40:12,589 [e0fc16c3-8785-492f-95e3-5d2aafd0cf3f-groupManagement] INFO  server.RaftServerConfigKeys (ConfUtils.java:logGet(46)) - raft.server.storage.free-space.min = 0MB (=0) (default)
2024-02-27 21:40:12,590 [e0fc16c3-8785-492f-95e3-5d2aafd0cf3f-groupManagement] INFO  server.RaftServerConfigKeys (ConfUtils.java:logGet(46)) - raft.server.log.corruption.policy = EXCEPTION (default)
2024-02-27 21:40:12,590 [e0fc16c3-8785-492f-95e3-5d2aafd0cf3f-groupManagement] INFO  server.RaftServerConfigKeys (ConfUtils.java:logGet(46)) - raft.server.storage.dir = [/home/runner/work/ozone/ozone/hadoop-ozone/integration-test/target/test-dir/MiniOzoneClusterImpl-6e3a073c-9bdc-4deb-8550-ef77f821b5e4/ozone-meta/datanode-1/ratis] (custom)
2024-02-27 21:40:12,590 [e0fc16c3-8785-492f-95e3-5d2aafd0cf3f-groupManagement] INFO  storage.RaftStorageDirectory (RaftStorageDirectoryImpl.java:analyzeStorage(138)) - The storage directory /home/runner/work/ozone/ozone/hadoop-ozone/integration-test/target/test-dir/MiniOzoneClusterImpl-6e3a073c-9bdc-4deb-8550-ef77f821b5e4/ozone-meta/datanode-1/ratis/18c9c50d-3d92-403f-8086-804b6b9c10bf does not exist. Creating ...
2024-02-27 21:40:12,591 [e0fc16c3-8785-492f-95e3-5d2aafd0cf3f-groupManagement] INFO  storage.RaftStorageDirectory (RaftStorageDirectoryImpl.java:tryLock(228)) - Lock on /home/runner/work/ozone/ozone/hadoop-ozone/integration-test/target/test-dir/MiniOzoneClusterImpl-6e3a073c-9bdc-4deb-8550-ef77f821b5e4/ozone-meta/datanode-1/ratis/18c9c50d-3d92-403f-8086-804b6b9c10bf/in_use.lock acquired by nodename 32143@fv-az531-651
2024-02-27 21:40:12,592 [e0fc16c3-8785-492f-95e3-5d2aafd0cf3f-groupManagement] INFO  storage.RaftStorage (RaftStorageImpl.java:format(99)) - Storage directory /home/runner/work/ozone/ozone/hadoop-ozone/integration-test/target/test-dir/MiniOzoneClusterImpl-6e3a073c-9bdc-4deb-8550-ef77f821b5e4/ozone-meta/datanode-1/ratis/18c9c50d-3d92-403f-8086-804b6b9c10bf has been successfully formatted.
2024-02-27 21:40:12,592 [e0fc16c3-8785-492f-95e3-5d2aafd0cf3f-groupManagement] WARN  util.FileUtils (LogUtils.java:supplyAndLog(63)) - Failed to Files.newInputStream /home/runner/work/ozone/ozone/hadoop-ozone/integration-test/target/test-dir/MiniOzoneClusterImpl-6e3a073c-9bdc-4deb-8550-ef77f821b5e4/ozone-meta/datanode-1/ratis/18c9c50d-3d92-403f-8086-804b6b9c10bf/current/raft-meta.conf with options []: java.nio.file.NoSuchFileException: /home/runner/work/ozone/ozone/hadoop-ozone/integration-test/target/test-dir/MiniOzoneClusterImpl-6e3a073c-9bdc-4deb-8550-ef77f821b5e4/ozone-meta/datanode-1/ratis/18c9c50d-3d92-403f-8086-804b6b9c10bf/current/raft-meta.conf
2024-02-27 21:40:12,593 [e0fc16c3-8785-492f-95e3-5d2aafd0cf3f-groupManagement] INFO  ratis.ContainerStateMachine (ContainerStateMachine.java:loadSnapshot(287)) - group-804B6B9C10BF: The snapshot info is null. Setting the last applied index to:(t:0, i:~)
2024-02-27 21:40:12,593 [e0fc16c3-8785-492f-95e3-5d2aafd0cf3f-groupManagement] INFO  server.RaftServerConfigKeys (ConfUtils.java:logGet(46)) - raft.server.log.use.memory = false (default)
2024-02-27 21:40:12,593 [e0fc16c3-8785-492f-95e3-5d2aafd0cf3f-groupManagement] INFO  server.RaftServerConfigKeys (ConfUtils.java:logGet(46)) - raft.server.log.purge.gap = 1000000 (custom)
2024-02-27 21:40:12,593 [e0fc16c3-8785-492f-95e3-5d2aafd0cf3f-groupManagement] INFO  server.RaftServerConfigKeys (ConfUtils.java:logGet(46)) - raft.server.log.appender.buffer.byte-limit = 8388608 (custom)
2024-02-27 21:40:12,593 [e0fc16c3-8785-492f-95e3-5d2aafd0cf3f-groupManagement] INFO  server.RaftServerConfigKeys (ConfUtils.java:logGet(46)) - raft.server.log.statemachine.data.read.timeout = 1000ms (default)
2024-02-27 21:40:12,593 [e0fc16c3-8785-492f-95e3-5d2aafd0cf3f-groupManagement] INFO  server.RaftServerConfigKeys (ConfUtils.java:logGet(46)) - raft.server.log.purge.preservation.log.num = 0 (default)
2024-02-27 21:40:12,594 [e0fc16c3-8785-492f-95e3-5d2aafd0cf3f-groupManagement] INFO  server.RaftServerConfigKeys (ConfUtils.java:logGet(46)) - raft.server.log.segment.size.max = 67108864 (custom)
2024-02-27 21:40:12,594 [e0fc16c3-8785-492f-95e3-5d2aafd0cf3f-groupManagement] INFO  server.RaftServerConfigKeys (ConfUtils.java:logGet(46)) - raft.server.log.segment.cache.num.max = 2 (custom)
2024-02-27 21:40:12,595 [e0fc16c3-8785-492f-95e3-5d2aafd0cf3f-groupManagement] INFO  server.RaftServerConfigKeys (ConfUtils.java:logGet(46)) - raft.server.log.segment.cache.size.max = 200MB (=209715200) (default)
2024-02-27 21:40:12,595 [e0fc16c3-8785-492f-95e3-5d2aafd0cf3f-groupManagement] INFO  server.RaftServerConfigKeys (ConfUtils.java:logGet(46)) - raft.server.log.appender.buffer.byte-limit = 8388608 (custom)
2024-02-27 21:40:12,595 [e0fc16c3-8785-492f-95e3-5d2aafd0cf3f-groupManagement] INFO  util.AwaitToRun (AwaitToRun.java:start(81)) - Thread[e0fc16c3-8785-492f-95e3-5d2aafd0cf3f@group-804B6B9C10BF-cacheEviction-AwaitToRun,5,main] started
2024-02-27 21:40:12,595 [e0fc16c3-8785-492f-95e3-5d2aafd0cf3f-groupManagement] INFO  segmented.SegmentedRaftLogWorker (SegmentedRaftLogWorker.java:<init>(182)) - new e0fc16c3-8785-492f-95e3-5d2aafd0cf3f@group-804B6B9C10BF-SegmentedRaftLogWorker for RaftStorageImpl:Storage Directory /home/runner/work/ozone/ozone/hadoop-ozone/integration-test/target/test-dir/MiniOzoneClusterImpl-6e3a073c-9bdc-4deb-8550-ef77f821b5e4/ozone-meta/datanode-1/ratis/18c9c50d-3d92-403f-8086-804b6b9c10bf
2024-02-27 21:40:12,595 [e0fc16c3-8785-492f-95e3-5d2aafd0cf3f-groupManagement] INFO  server.RaftServerConfigKeys (ConfUtils.java:logGet(46)) - raft.server.log.queue.byte-limit = 4294967296 (custom)
2024-02-27 21:40:12,595 [e0fc16c3-8785-492f-95e3-5d2aafd0cf3f-groupManagement] INFO  server.RaftServerConfigKeys (ConfUtils.java:logGet(46)) - raft.server.log.queue.element-limit = 1024 (custom)
2024-02-27 21:40:12,595 [e0fc16c3-8785-492f-95e3-5d2aafd0cf3f-groupManagement] INFO  server.RaftServerConfigKeys (ConfUtils.java:logGet(46)) - raft.server.log.segment.size.max = 67108864 (custom)
2024-02-27 21:40:12,595 [e0fc16c3-8785-492f-95e3-5d2aafd0cf3f-groupManagement] INFO  server.RaftServerConfigKeys (ConfUtils.java:logGet(46)) - raft.server.log.preallocated.size = 4194304 (custom)
2024-02-27 21:40:12,595 [e0fc16c3-8785-492f-95e3-5d2aafd0cf3f-groupManagement] INFO  server.RaftServerConfigKeys (ConfUtils.java:logGet(46)) - raft.server.log.force.sync.num = 128 (default)
2024-02-27 21:40:12,595 [e0fc16c3-8785-492f-95e3-5d2aafd0cf3f-groupManagement] INFO  server.RaftServerConfigKeys (ConfUtils.java:logGet(46)) - raft.server.log.statemachine.data.sync = true (default)
2024-02-27 21:40:12,595 [e0fc16c3-8785-492f-95e3-5d2aafd0cf3f-groupManagement] INFO  server.RaftServerConfigKeys (ConfUtils.java:logGet(46)) - raft.server.log.statemachine.data.sync.timeout = 10s (default)
2024-02-27 21:40:12,596 [e0fc16c3-8785-492f-95e3-5d2aafd0cf3f-groupManagement] INFO  server.RaftServerConfigKeys (ConfUtils.java:logGet(46)) - raft.server.log.statemachine.data.sync.timeout.retry = 0 (custom)
2024-02-27 21:40:12,596 [e0fc16c3-8785-492f-95e3-5d2aafd0cf3f-groupManagement] INFO  server.RaftServerConfigKeys (ConfUtils.java:logGet(46)) - raft.server.log.write.buffer.size = 8388616 (custom)
2024-02-27 21:40:12,597 [e0fc16c3-8785-492f-95e3-5d2aafd0cf3f-groupManagement] INFO  server.RaftServerConfigKeys (ConfUtils.java:logGet(46)) - raft.server.log.appender.buffer.byte-limit = 8388608 (custom)
2024-02-27 21:40:12,597 [e0fc16c3-8785-492f-95e3-5d2aafd0cf3f-groupManagement] INFO  server.RaftServerConfigKeys (ConfUtils.java:logGet(46)) - raft.server.log.unsafe-flush.enabled = false (default)
2024-02-27 21:40:12,597 [e0fc16c3-8785-492f-95e3-5d2aafd0cf3f-groupManagement] INFO  server.RaftServerConfigKeys (ConfUtils.java:logGet(46)) - raft.server.log.async-flush.enabled = false (default)
2024-02-27 21:40:12,598 [e0fc16c3-8785-492f-95e3-5d2aafd0cf3f-groupManagement] INFO  server.RaftServerConfigKeys (ConfUtils.java:logGet(46)) - raft.server.log.statemachine.data.caching.enabled = true (custom)
2024-02-27 21:40:12,598 [e0fc16c3-8785-492f-95e3-5d2aafd0cf3f-groupManagement] INFO  segmented.SegmentedRaftLogWorker (SegmentedRaftLogWorker.java:lambda$new$0(134)) - e0fc16c3-8785-492f-95e3-5d2aafd0cf3f@group-804B6B9C10BF-SegmentedRaftLogWorker: flushIndex: setUnconditionally 0 -> -1
2024-02-27 21:40:12,598 [e0fc16c3-8785-492f-95e3-5d2aafd0cf3f-groupManagement] INFO  segmented.SegmentedRaftLogWorker (SegmentedRaftLogWorker.java:lambda$new$0(134)) - e0fc16c3-8785-492f-95e3-5d2aafd0cf3f@group-804B6B9C10BF-SegmentedRaftLogWorker: safeCacheEvictIndex: setUnconditionally 0 -> -1
2024-02-27 21:40:12,598 [e0fc16c3-8785-492f-95e3-5d2aafd0cf3f-groupManagement] INFO  server.RaftServer$Division (RaftServerImpl.java:start(396)) - e0fc16c3-8785-492f-95e3-5d2aafd0cf3f@group-804B6B9C10BF: start as a follower, conf=-1: peers:[a4a9caa5-f98a-4b6d-87b4-17f7eca85f0e|10.1.0.18:15120, 7299b60a-1361-4038-9b5b-8cb416051416|10.1.0.18:15129, e0fc16c3-8785-492f-95e3-5d2aafd0cf3f|10.1.0.18:15111]|listeners:[], old=null
2024-02-27 21:40:12,598 [e0fc16c3-8785-492f-95e3-5d2aafd0cf3f-groupManagement] INFO  server.RaftServer$Division (RaftServerImpl.java:setRole(383)) - e0fc16c3-8785-492f-95e3-5d2aafd0cf3f@group-804B6B9C10BF: changes role from      null to FOLLOWER at term 0 for startAsFollower
2024-02-27 21:40:12,598 [e0fc16c3-8785-492f-95e3-5d2aafd0cf3f-groupManagement] INFO  impl.RoleInfo (RoleInfo.java:updateAndGet(139)) - e0fc16c3-8785-492f-95e3-5d2aafd0cf3f: start e0fc16c3-8785-492f-95e3-5d2aafd0cf3f@group-804B6B9C10BF-FollowerState
2024-02-27 21:40:12,598 [e0fc16c3-8785-492f-95e3-5d2aafd0cf3f-groupManagement] INFO  util.JmxRegister (JmxRegister.java:tryRegister(44)) - Successfully registered JMX Bean with object name Ratis:service=RaftServer,group=group-804B6B9C10BF,id=e0fc16c3-8785-492f-95e3-5d2aafd0cf3f
2024-02-27 21:40:12,598 [e0fc16c3-8785-492f-95e3-5d2aafd0cf3f-groupManagement] INFO  server.RaftServerConfigKeys (ConfUtils.java:logGet(46)) - raft.server.snapshot.trigger-when-stop.enabled = true (default)
2024-02-27 21:40:12,598 [e0fc16c3-8785-492f-95e3-5d2aafd0cf3f-groupManagement] INFO  server.RaftServerConfigKeys (ConfUtils.java:logGet(46)) - raft.server.snapshot.auto.trigger.enabled = true (custom)
2024-02-27 21:40:12,599 [e0fc16c3-8785-492f-95e3-5d2aafd0cf3f-groupManagement] INFO  server.RaftServerConfigKeys (ConfUtils.java:logGet(46)) - raft.server.snapshot.auto.trigger.threshold = 10000 (custom)
2024-02-27 21:40:12,599 [e0fc16c3-8785-492f-95e3-5d2aafd0cf3f-groupManagement] INFO  server.RaftServerConfigKeys (ConfUtils.java:logGet(46)) - raft.server.snapshot.retention.file.num = 5 (custom)
2024-02-27 21:40:12,599 [e0fc16c3-8785-492f-95e3-5d2aafd0cf3f-groupManagement] INFO  server.RaftServerConfigKeys (ConfUtils.java:logGet(46)) - raft.server.log.purge.upto.snapshot.index = false (default)
2024-02-27 21:40:12,599 [e0fc16c3-8785-492f-95e3-5d2aafd0cf3f@group-804B6B9C10BF-FollowerState] INFO  server.RaftServerConfigKeys (ConfUtils.java:logFallback(53)) - raft.server.rpc.first-election.timeout.min = 5s (fallback to raft.server.rpc.timeout.min)
2024-02-27 21:40:12,599 [e0fc16c3-8785-492f-95e3-5d2aafd0cf3f@group-804B6B9C10BF-FollowerState] INFO  server.RaftServerConfigKeys (ConfUtils.java:logFallback(53)) - raft.server.rpc.first-election.timeout.max = 5200ms (fallback to raft.server.rpc.timeout.max)
2024-02-27 21:40:12,599 [e0fc16c3-8785-492f-95e3-5d2aafd0cf3f-PipelineCommandHandlerThread-0] INFO  ratis.XceiverServerRatis (XceiverServerRatis.java:addGroup(864)) - Created group PipelineID=18c9c50d-3d92-403f-8086-804b6b9c10bf
2024-02-27 21:40:12,606 [grpc-default-executor-0] INFO  server.RaftServer (RaftServerProxy.java:addNew(100)) - a4a9caa5-f98a-4b6d-87b4-17f7eca85f0e: addNew group-804B6B9C10BF:[a4a9caa5-f98a-4b6d-87b4-17f7eca85f0e|10.1.0.18:15120, 7299b60a-1361-4038-9b5b-8cb416051416|10.1.0.18:15129, e0fc16c3-8785-492f-95e3-5d2aafd0cf3f|10.1.0.18:15111] returns group-804B6B9C10BF:java.util.concurrent.CompletableFuture@2ba0abd[Not completed]
2024-02-27 21:40:12,606 [a4a9caa5-f98a-4b6d-87b4-17f7eca85f0e-groupManagement] INFO  server.RaftServer$Division (RaftServerImpl.java:<init>(256)) - a4a9caa5-f98a-4b6d-87b4-17f7eca85f0e: new RaftServerImpl for group-804B6B9C10BF:[a4a9caa5-f98a-4b6d-87b4-17f7eca85f0e|10.1.0.18:15120, 7299b60a-1361-4038-9b5b-8cb416051416|10.1.0.18:15129, e0fc16c3-8785-492f-95e3-5d2aafd0cf3f|10.1.0.18:15111] with ContainerStateMachine:uninitialized
2024-02-27 21:40:12,607 [a4a9caa5-f98a-4b6d-87b4-17f7eca85f0e-groupManagement] INFO  server.RaftServerConfigKeys (ConfUtils.java:logGet(46)) - raft.server.rpc.timeout.min = 5s (custom)
2024-02-27 21:40:12,607 [a4a9caa5-f98a-4b6d-87b4-17f7eca85f0e-groupManagement] INFO  server.RaftServerConfigKeys (ConfUtils.java:logGet(46)) - raft.server.rpc.timeout.max = 5200ms (custom)
2024-02-27 21:40:12,607 [a4a9caa5-f98a-4b6d-87b4-17f7eca85f0e-groupManagement] INFO  server.RaftServerConfigKeys (ConfUtils.java:logGet(46)) - raft.server.rpc.sleep.time = 25ms (default)
2024-02-27 21:40:12,607 [a4a9caa5-f98a-4b6d-87b4-17f7eca85f0e-groupManagement] INFO  server.RaftServerConfigKeys (ConfUtils.java:logGet(46)) - raft.server.rpc.slowness.timeout = 300s (custom)
2024-02-27 21:40:12,607 [a4a9caa5-f98a-4b6d-87b4-17f7eca85f0e-groupManagement] INFO  server.RaftServerConfigKeys (ConfUtils.java:logGet(46)) - raft.server.leaderelection.leader.step-down.wait-time = 10s (default)
2024-02-27 21:40:12,607 [a4a9caa5-f98a-4b6d-87b4-17f7eca85f0e-groupManagement] INFO  server.RaftServerConfigKeys (ConfUtils.java:logGet(46)) - raft.server.leaderelection.member.majority-add = false (default)
2024-02-27 21:40:12,607 [a4a9caa5-f98a-4b6d-87b4-17f7eca85f0e-groupManagement] INFO  server.RaftServerConfigKeys (ConfUtils.java:logGet(46)) - raft.server.sleep.deviation.threshold = 300ms (default)
2024-02-27 21:40:12,607 [a4a9caa5-f98a-4b6d-87b4-17f7eca85f0e-groupManagement] INFO  server.RaftServer$Division (ServerState.java:<init>(113)) - a4a9caa5-f98a-4b6d-87b4-17f7eca85f0e@group-804B6B9C10BF: ConfigurationManager, init=-1: peers:[a4a9caa5-f98a-4b6d-87b4-17f7eca85f0e|10.1.0.18:15120, 7299b60a-1361-4038-9b5b-8cb416051416|10.1.0.18:15129, e0fc16c3-8785-492f-95e3-5d2aafd0cf3f|10.1.0.18:15111]|listeners:[], old=null, confs=<EMPTY_MAP>
2024-02-27 21:40:12,607 [a4a9caa5-f98a-4b6d-87b4-17f7eca85f0e-groupManagement] INFO  server.RaftServerConfigKeys (ConfUtils.java:logGet(46)) - raft.server.notification.no-leader.timeout = 300s (custom)
2024-02-27 21:40:12,607 [a4a9caa5-f98a-4b6d-87b4-17f7eca85f0e-groupManagement] INFO  server.RaftServerConfigKeys (ConfUtils.java:logGet(46)) - raft.server.read.timeout = 10s (default)
2024-02-27 21:40:12,607 [a4a9caa5-f98a-4b6d-87b4-17f7eca85f0e-groupManagement] INFO  server.RaftServerConfigKeys (ConfUtils.java:logGet(46)) - raft.server.retrycache.expirytime = 600000ms (custom)
2024-02-27 21:40:12,607 [a4a9caa5-f98a-4b6d-87b4-17f7eca85f0e-groupManagement] INFO  server.RaftServerConfigKeys (ConfUtils.java:logGet(46)) - raft.server.retrycache.statistics.expirytime = 100ms (default)
2024-02-27 21:40:12,607 [a4a9caa5-f98a-4b6d-87b4-17f7eca85f0e-groupManagement] INFO  server.RaftServerConfigKeys (ConfUtils.java:logGet(46)) - raft.server.read.option = DEFAULT (default)
2024-02-27 21:40:12,607 [a4a9caa5-f98a-4b6d-87b4-17f7eca85f0e-groupManagement] INFO  server.RaftServerConfigKeys (ConfUtils.java:logGet(46)) - raft.server.read.read-after-write-consistent.write-index-cache.expiry-time = 60s (default)
2024-02-27 21:40:12,609 [a4a9caa5-f98a-4b6d-87b4-17f7eca85f0e-groupManagement] INFO  server.RaftServerConfigKeys (ConfUtils.java:logGet(46)) - raft.server.rpc.request.timeout = 60s (custom)
2024-02-27 21:40:12,609 [a4a9caa5-f98a-4b6d-87b4-17f7eca85f0e-groupManagement] INFO  server.RaftServerConfigKeys (ConfUtils.java:logGet(46)) - raft.server.log.appender.install.snapshot.enabled = false (custom)
2024-02-27 21:40:12,609 [a4a9caa5-f98a-4b6d-87b4-17f7eca85f0e-groupManagement] INFO  server.RaftServerConfigKeys (ConfUtils.java:logGet(46)) - raft.server.threadpool.server.cached = true (default)
2024-02-27 21:40:12,609 [a4a9caa5-f98a-4b6d-87b4-17f7eca85f0e-groupManagement] INFO  server.RaftServerConfigKeys (ConfUtils.java:logGet(46)) - raft.server.threadpool.server.size = 0 (default)
2024-02-27 21:40:12,609 [a4a9caa5-f98a-4b6d-87b4-17f7eca85f0e-groupManagement] INFO  server.RaftServerConfigKeys (ConfUtils.java:logGet(46)) - raft.server.threadpool.client.cached = true (default)
2024-02-27 21:40:12,609 [a4a9caa5-f98a-4b6d-87b4-17f7eca85f0e-groupManagement] INFO  server.RaftServerConfigKeys (ConfUtils.java:logGet(46)) - raft.server.threadpool.client.size = 0 (default)
2024-02-27 21:40:12,609 [a4a9caa5-f98a-4b6d-87b4-17f7eca85f0e-groupManagement] INFO  server.RaftServerConfigKeys (ConfUtils.java:logGet(46)) - raft.server.storage.free-space.min = 0MB (=0) (default)
2024-02-27 21:40:12,609 [a4a9caa5-f98a-4b6d-87b4-17f7eca85f0e-groupManagement] INFO  server.RaftServerConfigKeys (ConfUtils.java:logGet(46)) - raft.server.log.corruption.policy = EXCEPTION (default)
2024-02-27 21:40:12,609 [a4a9caa5-f98a-4b6d-87b4-17f7eca85f0e-groupManagement] INFO  server.RaftServerConfigKeys (ConfUtils.java:logGet(46)) - raft.server.storage.dir = [/home/runner/work/ozone/ozone/hadoop-ozone/integration-test/target/test-dir/MiniOzoneClusterImpl-6e3a073c-9bdc-4deb-8550-ef77f821b5e4/ozone-meta/datanode-2/ratis] (custom)
2024-02-27 21:40:12,609 [a4a9caa5-f98a-4b6d-87b4-17f7eca85f0e-groupManagement] INFO  storage.RaftStorageDirectory (RaftStorageDirectoryImpl.java:analyzeStorage(138)) - The storage directory /home/runner/work/ozone/ozone/hadoop-ozone/integration-test/target/test-dir/MiniOzoneClusterImpl-6e3a073c-9bdc-4deb-8550-ef77f821b5e4/ozone-meta/datanode-2/ratis/18c9c50d-3d92-403f-8086-804b6b9c10bf does not exist. Creating ...
2024-02-27 21:40:12,610 [a4a9caa5-f98a-4b6d-87b4-17f7eca85f0e-groupManagement] INFO  storage.RaftStorageDirectory (RaftStorageDirectoryImpl.java:tryLock(228)) - Lock on /home/runner/work/ozone/ozone/hadoop-ozone/integration-test/target/test-dir/MiniOzoneClusterImpl-6e3a073c-9bdc-4deb-8550-ef77f821b5e4/ozone-meta/datanode-2/ratis/18c9c50d-3d92-403f-8086-804b6b9c10bf/in_use.lock acquired by nodename 32143@fv-az531-651
2024-02-27 21:40:12,612 [a4a9caa5-f98a-4b6d-87b4-17f7eca85f0e-groupManagement] INFO  storage.RaftStorage (RaftStorageImpl.java:format(99)) - Storage directory /home/runner/work/ozone/ozone/hadoop-ozone/integration-test/target/test-dir/MiniOzoneClusterImpl-6e3a073c-9bdc-4deb-8550-ef77f821b5e4/ozone-meta/datanode-2/ratis/18c9c50d-3d92-403f-8086-804b6b9c10bf has been successfully formatted.
2024-02-27 21:40:12,612 [a4a9caa5-f98a-4b6d-87b4-17f7eca85f0e-groupManagement] WARN  util.FileUtils (LogUtils.java:supplyAndLog(63)) - Failed to Files.newInputStream /home/runner/work/ozone/ozone/hadoop-ozone/integration-test/target/test-dir/MiniOzoneClusterImpl-6e3a073c-9bdc-4deb-8550-ef77f821b5e4/ozone-meta/datanode-2/ratis/18c9c50d-3d92-403f-8086-804b6b9c10bf/current/raft-meta.conf with options []: java.nio.file.NoSuchFileException: /home/runner/work/ozone/ozone/hadoop-ozone/integration-test/target/test-dir/MiniOzoneClusterImpl-6e3a073c-9bdc-4deb-8550-ef77f821b5e4/ozone-meta/datanode-2/ratis/18c9c50d-3d92-403f-8086-804b6b9c10bf/current/raft-meta.conf
2024-02-27 21:40:12,613 [a4a9caa5-f98a-4b6d-87b4-17f7eca85f0e-groupManagement] INFO  ratis.ContainerStateMachine (ContainerStateMachine.java:loadSnapshot(287)) - group-804B6B9C10BF: The snapshot info is null. Setting the last applied index to:(t:0, i:~)
2024-02-27 21:40:12,613 [a4a9caa5-f98a-4b6d-87b4-17f7eca85f0e-groupManagement] INFO  server.RaftServerConfigKeys (ConfUtils.java:logGet(46)) - raft.server.log.use.memory = false (default)
2024-02-27 21:40:12,613 [a4a9caa5-f98a-4b6d-87b4-17f7eca85f0e-groupManagement] INFO  server.RaftServerConfigKeys (ConfUtils.java:logGet(46)) - raft.server.log.purge.gap = 1000000 (custom)
2024-02-27 21:40:12,613 [a4a9caa5-f98a-4b6d-87b4-17f7eca85f0e-groupManagement] INFO  server.RaftServerConfigKeys (ConfUtils.java:logGet(46)) - raft.server.log.appender.buffer.byte-limit = 8388608 (custom)
2024-02-27 21:40:12,613 [a4a9caa5-f98a-4b6d-87b4-17f7eca85f0e-groupManagement] INFO  server.RaftServerConfigKeys (ConfUtils.java:logGet(46)) - raft.server.log.statemachine.data.read.timeout = 1000ms (default)
2024-02-27 21:40:12,613 [a4a9caa5-f98a-4b6d-87b4-17f7eca85f0e-groupManagement] INFO  server.RaftServerConfigKeys (ConfUtils.java:logGet(46)) - raft.server.log.purge.preservation.log.num = 0 (default)
2024-02-27 21:40:12,614 [a4a9caa5-f98a-4b6d-87b4-17f7eca85f0e-groupManagement] INFO  server.RaftServerConfigKeys (ConfUtils.java:logGet(46)) - raft.server.log.segment.size.max = 67108864 (custom)
2024-02-27 21:40:12,614 [a4a9caa5-f98a-4b6d-87b4-17f7eca85f0e-groupManagement] INFO  server.RaftServerConfigKeys (ConfUtils.java:logGet(46)) - raft.server.log.segment.cache.num.max = 2 (custom)
2024-02-27 21:40:12,614 [a4a9caa5-f98a-4b6d-87b4-17f7eca85f0e-groupManagement] INFO  server.RaftServerConfigKeys (ConfUtils.java:logGet(46)) - raft.server.log.segment.cache.size.max = 200MB (=209715200) (default)
2024-02-27 21:40:12,614 [a4a9caa5-f98a-4b6d-87b4-17f7eca85f0e-groupManagement] INFO  server.RaftServerConfigKeys (ConfUtils.java:logGet(46)) - raft.server.log.appender.buffer.byte-limit = 8388608 (custom)
2024-02-27 21:40:12,615 [a4a9caa5-f98a-4b6d-87b4-17f7eca85f0e-groupManagement] INFO  util.AwaitToRun (AwaitToRun.java:start(81)) - Thread[a4a9caa5-f98a-4b6d-87b4-17f7eca85f0e@group-804B6B9C10BF-cacheEviction-AwaitToRun,5,main] started
2024-02-27 21:40:12,615 [a4a9caa5-f98a-4b6d-87b4-17f7eca85f0e-groupManagement] INFO  segmented.SegmentedRaftLogWorker (SegmentedRaftLogWorker.java:<init>(182)) - new a4a9caa5-f98a-4b6d-87b4-17f7eca85f0e@group-804B6B9C10BF-SegmentedRaftLogWorker for RaftStorageImpl:Storage Directory /home/runner/work/ozone/ozone/hadoop-ozone/integration-test/target/test-dir/MiniOzoneClusterImpl-6e3a073c-9bdc-4deb-8550-ef77f821b5e4/ozone-meta/datanode-2/ratis/18c9c50d-3d92-403f-8086-804b6b9c10bf
2024-02-27 21:40:12,615 [a4a9caa5-f98a-4b6d-87b4-17f7eca85f0e-groupManagement] INFO  server.RaftServerConfigKeys (ConfUtils.java:logGet(46)) - raft.server.log.queue.byte-limit = 4294967296 (custom)
2024-02-27 21:40:12,615 [a4a9caa5-f98a-4b6d-87b4-17f7eca85f0e-groupManagement] INFO  server.RaftServerConfigKeys (ConfUtils.java:logGet(46)) - raft.server.log.queue.element-limit = 1024 (custom)
2024-02-27 21:40:12,615 [a4a9caa5-f98a-4b6d-87b4-17f7eca85f0e-groupManagement] INFO  server.RaftServerConfigKeys (ConfUtils.java:logGet(46)) - raft.server.log.segment.size.max = 67108864 (custom)
2024-02-27 21:40:12,615 [a4a9caa5-f98a-4b6d-87b4-17f7eca85f0e-groupManagement] INFO  server.RaftServerConfigKeys (ConfUtils.java:logGet(46)) - raft.server.log.preallocated.size = 4194304 (custom)
2024-02-27 21:40:12,615 [a4a9caa5-f98a-4b6d-87b4-17f7eca85f0e-groupManagement] INFO  server.RaftServerConfigKeys (ConfUtils.java:logGet(46)) - raft.server.log.force.sync.num = 128 (default)
2024-02-27 21:40:12,615 [a4a9caa5-f98a-4b6d-87b4-17f7eca85f0e-groupManagement] INFO  server.RaftServerConfigKeys (ConfUtils.java:logGet(46)) - raft.server.log.statemachine.data.sync = true (default)
2024-02-27 21:40:12,615 [a4a9caa5-f98a-4b6d-87b4-17f7eca85f0e-groupManagement] INFO  server.RaftServerConfigKeys (ConfUtils.java:logGet(46)) - raft.server.log.statemachine.data.sync.timeout = 10s (default)
2024-02-27 21:40:12,615 [a4a9caa5-f98a-4b6d-87b4-17f7eca85f0e-groupManagement] INFO  server.RaftServerConfigKeys (ConfUtils.java:logGet(46)) - raft.server.log.statemachine.data.sync.timeout.retry = 0 (custom)
2024-02-27 21:40:12,615 [a4a9caa5-f98a-4b6d-87b4-17f7eca85f0e-groupManagement] INFO  server.RaftServerConfigKeys (ConfUtils.java:logGet(46)) - raft.server.log.write.buffer.size = 8388616 (custom)
2024-02-27 21:40:12,616 [a4a9caa5-f98a-4b6d-87b4-17f7eca85f0e-groupManagement] INFO  server.RaftServerConfigKeys (ConfUtils.java:logGet(46)) - raft.server.log.appender.buffer.byte-limit = 8388608 (custom)
2024-02-27 21:40:12,616 [a4a9caa5-f98a-4b6d-87b4-17f7eca85f0e-groupManagement] INFO  server.RaftServerConfigKeys (ConfUtils.java:logGet(46)) - raft.server.log.unsafe-flush.enabled = false (default)
2024-02-27 21:40:12,617 [a4a9caa5-f98a-4b6d-87b4-17f7eca85f0e-groupManagement] INFO  server.RaftServerConfigKeys (ConfUtils.java:logGet(46)) - raft.server.log.async-flush.enabled = false (default)
2024-02-27 21:40:12,617 [a4a9caa5-f98a-4b6d-87b4-17f7eca85f0e-groupManagement] INFO  server.RaftServerConfigKeys (ConfUtils.java:logGet(46)) - raft.server.log.statemachine.data.caching.enabled = true (custom)
2024-02-27 21:40:12,617 [a4a9caa5-f98a-4b6d-87b4-17f7eca85f0e-groupManagement] INFO  segmented.SegmentedRaftLogWorker (SegmentedRaftLogWorker.java:lambda$new$0(134)) - a4a9caa5-f98a-4b6d-87b4-17f7eca85f0e@group-804B6B9C10BF-SegmentedRaftLogWorker: flushIndex: setUnconditionally 0 -> -1
2024-02-27 21:40:12,617 [a4a9caa5-f98a-4b6d-87b4-17f7eca85f0e-groupManagement] INFO  segmented.SegmentedRaftLogWorker (SegmentedRaftLogWorker.java:lambda$new$0(134)) - a4a9caa5-f98a-4b6d-87b4-17f7eca85f0e@group-804B6B9C10BF-SegmentedRaftLogWorker: safeCacheEvictIndex: setUnconditionally 0 -> -1
2024-02-27 21:40:12,617 [a4a9caa5-f98a-4b6d-87b4-17f7eca85f0e-groupManagement] INFO  server.RaftServer$Division (RaftServerImpl.java:start(396)) - a4a9caa5-f98a-4b6d-87b4-17f7eca85f0e@group-804B6B9C10BF: start as a follower, conf=-1: peers:[a4a9caa5-f98a-4b6d-87b4-17f7eca85f0e|10.1.0.18:15120, 7299b60a-1361-4038-9b5b-8cb416051416|10.1.0.18:15129, e0fc16c3-8785-492f-95e3-5d2aafd0cf3f|10.1.0.18:15111]|listeners:[], old=null
2024-02-27 21:40:12,617 [a4a9caa5-f98a-4b6d-87b4-17f7eca85f0e-groupManagement] INFO  server.RaftServer$Division (RaftServerImpl.java:setRole(383)) - a4a9caa5-f98a-4b6d-87b4-17f7eca85f0e@group-804B6B9C10BF: changes role from      null to FOLLOWER at term 0 for startAsFollower
2024-02-27 21:40:12,617 [a4a9caa5-f98a-4b6d-87b4-17f7eca85f0e-groupManagement] INFO  impl.RoleInfo (RoleInfo.java:updateAndGet(139)) - a4a9caa5-f98a-4b6d-87b4-17f7eca85f0e: start a4a9caa5-f98a-4b6d-87b4-17f7eca85f0e@group-804B6B9C10BF-FollowerState
2024-02-27 21:40:12,617 [a4a9caa5-f98a-4b6d-87b4-17f7eca85f0e@group-804B6B9C10BF-FollowerState] INFO  server.RaftServerConfigKeys (ConfUtils.java:logFallback(53)) - raft.server.rpc.first-election.timeout.min = 5s (fallback to raft.server.rpc.timeout.min)
2024-02-27 21:40:12,617 [a4a9caa5-f98a-4b6d-87b4-17f7eca85f0e-groupManagement] INFO  util.JmxRegister (JmxRegister.java:tryRegister(44)) - Successfully registered JMX Bean with object name Ratis:service=RaftServer,group=group-804B6B9C10BF,id=a4a9caa5-f98a-4b6d-87b4-17f7eca85f0e
2024-02-27 21:40:12,617 [a4a9caa5-f98a-4b6d-87b4-17f7eca85f0e-groupManagement] INFO  server.RaftServerConfigKeys (ConfUtils.java:logGet(46)) - raft.server.snapshot.trigger-when-stop.enabled = true (default)
2024-02-27 21:40:12,618 [a4a9caa5-f98a-4b6d-87b4-17f7eca85f0e-groupManagement] INFO  server.RaftServerConfigKeys (ConfUtils.java:logGet(46)) - raft.server.snapshot.auto.trigger.enabled = true (custom)
2024-02-27 21:40:12,618 [a4a9caa5-f98a-4b6d-87b4-17f7eca85f0e-groupManagement] INFO  server.RaftServerConfigKeys (ConfUtils.java:logGet(46)) - raft.server.snapshot.auto.trigger.threshold = 10000 (custom)
2024-02-27 21:40:12,618 [a4a9caa5-f98a-4b6d-87b4-17f7eca85f0e-groupManagement] INFO  server.RaftServerConfigKeys (ConfUtils.java:logGet(46)) - raft.server.snapshot.retention.file.num = 5 (custom)
2024-02-27 21:40:12,618 [a4a9caa5-f98a-4b6d-87b4-17f7eca85f0e-groupManagement] INFO  server.RaftServerConfigKeys (ConfUtils.java:logGet(46)) - raft.server.log.purge.upto.snapshot.index = false (default)
2024-02-27 21:40:12,617 [a4a9caa5-f98a-4b6d-87b4-17f7eca85f0e@group-804B6B9C10BF-FollowerState] INFO  server.RaftServerConfigKeys (ConfUtils.java:logFallback(53)) - raft.server.rpc.first-election.timeout.max = 5200ms (fallback to raft.server.rpc.timeout.max)
2024-02-27 21:40:12,626 [grpc-default-executor-0] INFO  server.RaftServer (RaftServerProxy.java:addNew(100)) - 7299b60a-1361-4038-9b5b-8cb416051416: addNew group-804B6B9C10BF:[a4a9caa5-f98a-4b6d-87b4-17f7eca85f0e|10.1.0.18:15120, 7299b60a-1361-4038-9b5b-8cb416051416|10.1.0.18:15129, e0fc16c3-8785-492f-95e3-5d2aafd0cf3f|10.1.0.18:15111] returns group-804B6B9C10BF:java.util.concurrent.CompletableFuture@4ba465e3[Not completed]
2024-02-27 21:40:12,627 [7299b60a-1361-4038-9b5b-8cb416051416-groupManagement] INFO  server.RaftServer$Division (RaftServerImpl.java:<init>(256)) - 7299b60a-1361-4038-9b5b-8cb416051416: new RaftServerImpl for group-804B6B9C10BF:[a4a9caa5-f98a-4b6d-87b4-17f7eca85f0e|10.1.0.18:15120, 7299b60a-1361-4038-9b5b-8cb416051416|10.1.0.18:15129, e0fc16c3-8785-492f-95e3-5d2aafd0cf3f|10.1.0.18:15111] with ContainerStateMachine:uninitialized
2024-02-27 21:40:12,627 [7299b60a-1361-4038-9b5b-8cb416051416-groupManagement] INFO  server.RaftServerConfigKeys (ConfUtils.java:logGet(46)) - raft.server.rpc.timeout.min = 5s (custom)
2024-02-27 21:40:12,627 [7299b60a-1361-4038-9b5b-8cb416051416-groupManagement] INFO  server.RaftServerConfigKeys (ConfUtils.java:logGet(46)) - raft.server.rpc.timeout.max = 5200ms (custom)
2024-02-27 21:40:12,627 [7299b60a-1361-4038-9b5b-8cb416051416-groupManagement] INFO  server.RaftServerConfigKeys (ConfUtils.java:logGet(46)) - raft.server.rpc.sleep.time = 25ms (default)
2024-02-27 21:40:12,627 [7299b60a-1361-4038-9b5b-8cb416051416-groupManagement] INFO  server.RaftServerConfigKeys (ConfUtils.java:logGet(46)) - raft.server.rpc.slowness.timeout = 300s (custom)
2024-02-27 21:40:12,627 [7299b60a-1361-4038-9b5b-8cb416051416-groupManagement] INFO  server.RaftServerConfigKeys (ConfUtils.java:logGet(46)) - raft.server.leaderelection.leader.step-down.wait-time = 10s (default)
2024-02-27 21:40:12,627 [7299b60a-1361-4038-9b5b-8cb416051416-groupManagement] INFO  server.RaftServerConfigKeys (ConfUtils.java:logGet(46)) - raft.server.leaderelection.member.majority-add = false (default)
2024-02-27 21:40:12,627 [7299b60a-1361-4038-9b5b-8cb416051416-groupManagement] INFO  server.RaftServerConfigKeys (ConfUtils.java:logGet(46)) - raft.server.sleep.deviation.threshold = 300ms (default)
2024-02-27 21:40:12,627 [7299b60a-1361-4038-9b5b-8cb416051416-groupManagement] INFO  server.RaftServer$Division (ServerState.java:<init>(113)) - 7299b60a-1361-4038-9b5b-8cb416051416@group-804B6B9C10BF: ConfigurationManager, init=-1: peers:[a4a9caa5-f98a-4b6d-87b4-17f7eca85f0e|10.1.0.18:15120, 7299b60a-1361-4038-9b5b-8cb416051416|10.1.0.18:15129, e0fc16c3-8785-492f-95e3-5d2aafd0cf3f|10.1.0.18:15111]|listeners:[], old=null, confs=<EMPTY_MAP>
2024-02-27 21:40:12,627 [7299b60a-1361-4038-9b5b-8cb416051416-groupManagement] INFO  server.RaftServerConfigKeys (ConfUtils.java:logGet(46)) - raft.server.notification.no-leader.timeout = 300s (custom)
2024-02-27 21:40:12,627 [7299b60a-1361-4038-9b5b-8cb416051416-groupManagement] INFO  server.RaftServerConfigKeys (ConfUtils.java:logGet(46)) - raft.server.read.timeout = 10s (default)
2024-02-27 21:40:12,627 [7299b60a-1361-4038-9b5b-8cb416051416-groupManagement] INFO  server.RaftServerConfigKeys (ConfUtils.java:logGet(46)) - raft.server.retrycache.expirytime = 600000ms (custom)
2024-02-27 21:40:12,627 [7299b60a-1361-4038-9b5b-8cb416051416-groupManagement] INFO  server.RaftServerConfigKeys (ConfUtils.java:logGet(46)) - raft.server.retrycache.statistics.expirytime = 100ms (default)
2024-02-27 21:40:12,628 [7299b60a-1361-4038-9b5b-8cb416051416-groupManagement] INFO  server.RaftServerConfigKeys (ConfUtils.java:logGet(46)) - raft.server.read.option = DEFAULT (default)
2024-02-27 21:40:12,628 [7299b60a-1361-4038-9b5b-8cb416051416-groupManagement] INFO  server.RaftServerConfigKeys (ConfUtils.java:logGet(46)) - raft.server.read.read-after-write-consistent.write-index-cache.expiry-time = 60s (default)
2024-02-27 21:40:12,629 [7299b60a-1361-4038-9b5b-8cb416051416-groupManagement] INFO  server.RaftServerConfigKeys (ConfUtils.java:logGet(46)) - raft.server.rpc.request.timeout = 60s (custom)
2024-02-27 21:40:12,629 [7299b60a-1361-4038-9b5b-8cb416051416-groupManagement] INFO  server.RaftServerConfigKeys (ConfUtils.java:logGet(46)) - raft.server.log.appender.install.snapshot.enabled = false (custom)
2024-02-27 21:40:12,629 [7299b60a-1361-4038-9b5b-8cb416051416-groupManagement] INFO  server.RaftServerConfigKeys (ConfUtils.java:logGet(46)) - raft.server.threadpool.server.cached = true (default)
2024-02-27 21:40:12,629 [7299b60a-1361-4038-9b5b-8cb416051416-groupManagement] INFO  server.RaftServerConfigKeys (ConfUtils.java:logGet(46)) - raft.server.threadpool.server.size = 0 (default)
2024-02-27 21:40:12,629 [7299b60a-1361-4038-9b5b-8cb416051416-groupManagement] INFO  server.RaftServerConfigKeys (ConfUtils.java:logGet(46)) - raft.server.threadpool.client.cached = true (default)
2024-02-27 21:40:12,629 [7299b60a-1361-4038-9b5b-8cb416051416-groupManagement] INFO  server.RaftServerConfigKeys (ConfUtils.java:logGet(46)) - raft.server.threadpool.client.size = 0 (default)
2024-02-27 21:40:12,629 [7299b60a-1361-4038-9b5b-8cb416051416-groupManagement] INFO  server.RaftServerConfigKeys (ConfUtils.java:logGet(46)) - raft.server.storage.free-space.min = 0MB (=0) (default)
2024-02-27 21:40:12,629 [7299b60a-1361-4038-9b5b-8cb416051416-groupManagement] INFO  server.RaftServerConfigKeys (ConfUtils.java:logGet(46)) - raft.server.log.corruption.policy = EXCEPTION (default)
2024-02-27 21:40:12,629 [7299b60a-1361-4038-9b5b-8cb416051416-groupManagement] INFO  server.RaftServerConfigKeys (ConfUtils.java:logGet(46)) - raft.server.storage.dir = [/home/runner/work/ozone/ozone/hadoop-ozone/integration-test/target/test-dir/MiniOzoneClusterImpl-6e3a073c-9bdc-4deb-8550-ef77f821b5e4/ozone-meta/datanode-3/ratis] (custom)
2024-02-27 21:40:12,630 [7299b60a-1361-4038-9b5b-8cb416051416-groupManagement] INFO  storage.RaftStorageDirectory (RaftStorageDirectoryImpl.java:analyzeStorage(138)) - The storage directory /home/runner/work/ozone/ozone/hadoop-ozone/integration-test/target/test-dir/MiniOzoneClusterImpl-6e3a073c-9bdc-4deb-8550-ef77f821b5e4/ozone-meta/datanode-3/ratis/18c9c50d-3d92-403f-8086-804b6b9c10bf does not exist. Creating ...
2024-02-27 21:40:12,631 [7299b60a-1361-4038-9b5b-8cb416051416-groupManagement] INFO  storage.RaftStorageDirectory (RaftStorageDirectoryImpl.java:tryLock(228)) - Lock on /home/runner/work/ozone/ozone/hadoop-ozone/integration-test/target/test-dir/MiniOzoneClusterImpl-6e3a073c-9bdc-4deb-8550-ef77f821b5e4/ozone-meta/datanode-3/ratis/18c9c50d-3d92-403f-8086-804b6b9c10bf/in_use.lock acquired by nodename 32143@fv-az531-651
2024-02-27 21:40:12,632 [7299b60a-1361-4038-9b5b-8cb416051416-groupManagement] INFO  storage.RaftStorage (RaftStorageImpl.java:format(99)) - Storage directory /home/runner/work/ozone/ozone/hadoop-ozone/integration-test/target/test-dir/MiniOzoneClusterImpl-6e3a073c-9bdc-4deb-8550-ef77f821b5e4/ozone-meta/datanode-3/ratis/18c9c50d-3d92-403f-8086-804b6b9c10bf has been successfully formatted.
2024-02-27 21:40:12,632 [7299b60a-1361-4038-9b5b-8cb416051416-groupManagement] WARN  util.FileUtils (LogUtils.java:supplyAndLog(63)) - Failed to Files.newInputStream /home/runner/work/ozone/ozone/hadoop-ozone/integration-test/target/test-dir/MiniOzoneClusterImpl-6e3a073c-9bdc-4deb-8550-ef77f821b5e4/ozone-meta/datanode-3/ratis/18c9c50d-3d92-403f-8086-804b6b9c10bf/current/raft-meta.conf with options []: java.nio.file.NoSuchFileException: /home/runner/work/ozone/ozone/hadoop-ozone/integration-test/target/test-dir/MiniOzoneClusterImpl-6e3a073c-9bdc-4deb-8550-ef77f821b5e4/ozone-meta/datanode-3/ratis/18c9c50d-3d92-403f-8086-804b6b9c10bf/current/raft-meta.conf
2024-02-27 21:40:12,633 [7299b60a-1361-4038-9b5b-8cb416051416-groupManagement] INFO  ratis.ContainerStateMachine (ContainerStateMachine.java:loadSnapshot(287)) - group-804B6B9C10BF: The snapshot info is null. Setting the last applied index to:(t:0, i:~)
2024-02-27 21:40:12,633 [7299b60a-1361-4038-9b5b-8cb416051416-groupManagement] INFO  server.RaftServerConfigKeys (ConfUtils.java:logGet(46)) - raft.server.log.use.memory = false (default)
2024-02-27 21:40:12,633 [7299b60a-1361-4038-9b5b-8cb416051416-groupManagement] INFO  server.RaftServerConfigKeys (ConfUtils.java:logGet(46)) - raft.server.log.purge.gap = 1000000 (custom)
2024-02-27 21:40:12,633 [7299b60a-1361-4038-9b5b-8cb416051416-groupManagement] INFO  server.RaftServerConfigKeys (ConfUtils.java:logGet(46)) - raft.server.log.appender.buffer.byte-limit = 8388608 (custom)
2024-02-27 21:40:12,633 [7299b60a-1361-4038-9b5b-8cb416051416-groupManagement] INFO  server.RaftServerConfigKeys (ConfUtils.java:logGet(46)) - raft.server.log.statemachine.data.read.timeout = 1000ms (default)
2024-02-27 21:40:12,633 [7299b60a-1361-4038-9b5b-8cb416051416-groupManagement] INFO  server.RaftServerConfigKeys (ConfUtils.java:logGet(46)) - raft.server.log.purge.preservation.log.num = 0 (default)
2024-02-27 21:40:12,634 [7299b60a-1361-4038-9b5b-8cb416051416-groupManagement] INFO  server.RaftServerConfigKeys (ConfUtils.java:logGet(46)) - raft.server.log.segment.size.max = 67108864 (custom)
2024-02-27 21:40:12,635 [7299b60a-1361-4038-9b5b-8cb416051416-groupManagement] INFO  server.RaftServerConfigKeys (ConfUtils.java:logGet(46)) - raft.server.log.segment.cache.num.max = 2 (custom)
2024-02-27 21:40:12,635 [7299b60a-1361-4038-9b5b-8cb416051416-groupManagement] INFO  server.RaftServerConfigKeys (ConfUtils.java:logGet(46)) - raft.server.log.segment.cache.size.max = 200MB (=209715200) (default)
2024-02-27 21:40:12,635 [7299b60a-1361-4038-9b5b-8cb416051416-groupManagement] INFO  server.RaftServerConfigKeys (ConfUtils.java:logGet(46)) - raft.server.log.appender.buffer.byte-limit = 8388608 (custom)
2024-02-27 21:40:12,635 [7299b60a-1361-4038-9b5b-8cb416051416-groupManagement] INFO  util.AwaitToRun (AwaitToRun.java:start(81)) - Thread[7299b60a-1361-4038-9b5b-8cb416051416@group-804B6B9C10BF-cacheEviction-AwaitToRun,5,main] started
2024-02-27 21:40:12,635 [7299b60a-1361-4038-9b5b-8cb416051416-groupManagement] INFO  segmented.SegmentedRaftLogWorker (SegmentedRaftLogWorker.java:<init>(182)) - new 7299b60a-1361-4038-9b5b-8cb416051416@group-804B6B9C10BF-SegmentedRaftLogWorker for RaftStorageImpl:Storage Directory /home/runner/work/ozone/ozone/hadoop-ozone/integration-test/target/test-dir/MiniOzoneClusterImpl-6e3a073c-9bdc-4deb-8550-ef77f821b5e4/ozone-meta/datanode-3/ratis/18c9c50d-3d92-403f-8086-804b6b9c10bf
2024-02-27 21:40:12,635 [7299b60a-1361-4038-9b5b-8cb416051416-groupManagement] INFO  server.RaftServerConfigKeys (ConfUtils.java:logGet(46)) - raft.server.log.queue.byte-limit = 4294967296 (custom)
2024-02-27 21:40:12,635 [7299b60a-1361-4038-9b5b-8cb416051416-groupManagement] INFO  server.RaftServerConfigKeys (ConfUtils.java:logGet(46)) - raft.server.log.queue.element-limit = 1024 (custom)
2024-02-27 21:40:12,635 [7299b60a-1361-4038-9b5b-8cb416051416-groupManagement] INFO  server.RaftServerConfigKeys (ConfUtils.java:logGet(46)) - raft.server.log.segment.size.max = 67108864 (custom)
2024-02-27 21:40:12,635 [7299b60a-1361-4038-9b5b-8cb416051416-groupManagement] INFO  server.RaftServerConfigKeys (ConfUtils.java:logGet(46)) - raft.server.log.preallocated.size = 4194304 (custom)
2024-02-27 21:40:12,635 [7299b60a-1361-4038-9b5b-8cb416051416-groupManagement] INFO  server.RaftServerConfigKeys (ConfUtils.java:logGet(46)) - raft.server.log.force.sync.num = 128 (default)
2024-02-27 21:40:12,635 [7299b60a-1361-4038-9b5b-8cb416051416-groupManagement] INFO  server.RaftServerConfigKeys (ConfUtils.java:logGet(46)) - raft.server.log.statemachine.data.sync = true (default)
2024-02-27 21:40:12,636 [7299b60a-1361-4038-9b5b-8cb416051416-groupManagement] INFO  server.RaftServerConfigKeys (ConfUtils.java:logGet(46)) - raft.server.log.statemachine.data.sync.timeout = 10s (default)
2024-02-27 21:40:12,636 [7299b60a-1361-4038-9b5b-8cb416051416-groupManagement] INFO  server.RaftServerConfigKeys (ConfUtils.java:logGet(46)) - raft.server.log.statemachine.data.sync.timeout.retry = 0 (custom)
2024-02-27 21:40:12,636 [7299b60a-1361-4038-9b5b-8cb416051416-groupManagement] INFO  server.RaftServerConfigKeys (ConfUtils.java:logGet(46)) - raft.server.log.write.buffer.size = 8388616 (custom)
2024-02-27 21:40:12,637 [7299b60a-1361-4038-9b5b-8cb416051416-groupManagement] INFO  server.RaftServerConfigKeys (ConfUtils.java:logGet(46)) - raft.server.log.appender.buffer.byte-limit = 8388608 (custom)
2024-02-27 21:40:12,637 [7299b60a-1361-4038-9b5b-8cb416051416-groupManagement] INFO  server.RaftServerConfigKeys (ConfUtils.java:logGet(46)) - raft.server.log.unsafe-flush.enabled = false (default)
2024-02-27 21:40:12,637 [7299b60a-1361-4038-9b5b-8cb416051416-groupManagement] INFO  server.RaftServerConfigKeys (ConfUtils.java:logGet(46)) - raft.server.log.async-flush.enabled = false (default)
2024-02-27 21:40:12,638 [7299b60a-1361-4038-9b5b-8cb416051416-groupManagement] INFO  server.RaftServerConfigKeys (ConfUtils.java:logGet(46)) - raft.server.log.statemachine.data.caching.enabled = true (custom)
2024-02-27 21:40:12,638 [7299b60a-1361-4038-9b5b-8cb416051416-groupManagement] INFO  segmented.SegmentedRaftLogWorker (SegmentedRaftLogWorker.java:lambda$new$0(134)) - 7299b60a-1361-4038-9b5b-8cb416051416@group-804B6B9C10BF-SegmentedRaftLogWorker: flushIndex: setUnconditionally 0 -> -1
2024-02-27 21:40:12,638 [7299b60a-1361-4038-9b5b-8cb416051416-groupManagement] INFO  segmented.SegmentedRaftLogWorker (SegmentedRaftLogWorker.java:lambda$new$0(134)) - 7299b60a-1361-4038-9b5b-8cb416051416@group-804B6B9C10BF-SegmentedRaftLogWorker: safeCacheEvictIndex: setUnconditionally 0 -> -1
2024-02-27 21:40:12,638 [7299b60a-1361-4038-9b5b-8cb416051416-groupManagement] INFO  server.RaftServer$Division (RaftServerImpl.java:start(396)) - 7299b60a-1361-4038-9b5b-8cb416051416@group-804B6B9C10BF: start as a follower, conf=-1: peers:[a4a9caa5-f98a-4b6d-87b4-17f7eca85f0e|10.1.0.18:15120, 7299b60a-1361-4038-9b5b-8cb416051416|10.1.0.18:15129, e0fc16c3-8785-492f-95e3-5d2aafd0cf3f|10.1.0.18:15111]|listeners:[], old=null
2024-02-27 21:40:12,638 [7299b60a-1361-4038-9b5b-8cb416051416-groupManagement] INFO  server.RaftServer$Division (RaftServerImpl.java:setRole(383)) - 7299b60a-1361-4038-9b5b-8cb416051416@group-804B6B9C10BF: changes role from      null to FOLLOWER at term 0 for startAsFollower
2024-02-27 21:40:12,638 [7299b60a-1361-4038-9b5b-8cb416051416-groupManagement] INFO  impl.RoleInfo (RoleInfo.java:updateAndGet(139)) - 7299b60a-1361-4038-9b5b-8cb416051416: start 7299b60a-1361-4038-9b5b-8cb416051416@group-804B6B9C10BF-FollowerState
2024-02-27 21:40:12,638 [7299b60a-1361-4038-9b5b-8cb416051416@group-804B6B9C10BF-FollowerState] INFO  server.RaftServerConfigKeys (ConfUtils.java:logFallback(53)) - raft.server.rpc.first-election.timeout.min = 5s (fallback to raft.server.rpc.timeout.min)
2024-02-27 21:40:12,638 [7299b60a-1361-4038-9b5b-8cb416051416-groupManagement] INFO  util.JmxRegister (JmxRegister.java:tryRegister(44)) - Successfully registered JMX Bean with object name Ratis:service=RaftServer,group=group-804B6B9C10BF,id=7299b60a-1361-4038-9b5b-8cb416051416
2024-02-27 21:40:12,638 [7299b60a-1361-4038-9b5b-8cb416051416@group-804B6B9C10BF-FollowerState] INFO  server.RaftServerConfigKeys (ConfUtils.java:logFallback(53)) - raft.server.rpc.first-election.timeout.max = 5200ms (fallback to raft.server.rpc.timeout.max)
2024-02-27 21:40:12,638 [7299b60a-1361-4038-9b5b-8cb416051416-groupManagement] INFO  server.RaftServerConfigKeys (ConfUtils.java:logGet(46)) - raft.server.snapshot.trigger-when-stop.enabled = true (default)
2024-02-27 21:40:12,638 [7299b60a-1361-4038-9b5b-8cb416051416-groupManagement] INFO  server.RaftServerConfigKeys (ConfUtils.java:logGet(46)) - raft.server.snapshot.auto.trigger.enabled = true (custom)
2024-02-27 21:40:12,639 [7299b60a-1361-4038-9b5b-8cb416051416-groupManagement] INFO  server.RaftServerConfigKeys (ConfUtils.java:logGet(46)) - raft.server.snapshot.auto.trigger.threshold = 10000 (custom)
2024-02-27 21:40:12,639 [7299b60a-1361-4038-9b5b-8cb416051416-groupManagement] INFO  server.RaftServerConfigKeys (ConfUtils.java:logGet(46)) - raft.server.snapshot.retention.file.num = 5 (custom)
2024-02-27 21:40:12,639 [7299b60a-1361-4038-9b5b-8cb416051416-groupManagement] INFO  server.RaftServerConfigKeys (ConfUtils.java:logGet(46)) - raft.server.log.purge.upto.snapshot.index = false (default)
2024-02-27 21:40:12,641 [e0fc16c3-8785-492f-95e3-5d2aafd0cf3f-PipelineCommandHandlerThread-0] INFO  commandhandler.CreatePipelineCommandHandler (CreatePipelineCommandHandler.java:lambda$handle$2(124)) - Created Pipeline RATIS THREE PipelineID=18c9c50d-3d92-403f-8086-804b6b9c10bf.
2024-02-27 21:40:12,641 [e0fc16c3-8785-492f-95e3-5d2aafd0cf3f-PipelineCommandHandlerThread-0] INFO  server.RaftServer (RaftServerProxy.java:addNew(100)) - e0fc16c3-8785-492f-95e3-5d2aafd0cf3f: addNew group-E6BBE2641B90:[7299b60a-1361-4038-9b5b-8cb416051416|10.1.0.18:15129, a4a9caa5-f98a-4b6d-87b4-17f7eca85f0e|10.1.0.18:15120, e0fc16c3-8785-492f-95e3-5d2aafd0cf3f|10.1.0.18:15111] returns group-E6BBE2641B90:java.util.concurrent.CompletableFuture@70a0ec4d[Not completed]
2024-02-27 21:40:12,642 [e0fc16c3-8785-492f-95e3-5d2aafd0cf3f-groupManagement] INFO  server.RaftServer$Division (RaftServerImpl.java:<init>(256)) - e0fc16c3-8785-492f-95e3-5d2aafd0cf3f: new RaftServerImpl for group-E6BBE2641B90:[7299b60a-1361-4038-9b5b-8cb416051416|10.1.0.18:15129, a4a9caa5-f98a-4b6d-87b4-17f7eca85f0e|10.1.0.18:15120, e0fc16c3-8785-492f-95e3-5d2aafd0cf3f|10.1.0.18:15111] with ContainerStateMachine:uninitialized
2024-02-27 21:40:12,642 [e0fc16c3-8785-492f-95e3-5d2aafd0cf3f-groupManagement] INFO  server.RaftServerConfigKeys (ConfUtils.java:logGet(46)) - raft.server.rpc.timeout.min = 5s (custom)
2024-02-27 21:40:12,642 [e0fc16c3-8785-492f-95e3-5d2aafd0cf3f-groupManagement] INFO  server.RaftServerConfigKeys (ConfUtils.java:logGet(46)) - raft.server.rpc.timeout.max = 5200ms (custom)
2024-02-27 21:40:12,642 [e0fc16c3-8785-492f-95e3-5d2aafd0cf3f-groupManagement] INFO  server.RaftServerConfigKeys (ConfUtils.java:logGet(46)) - raft.server.rpc.sleep.time = 25ms (default)
2024-02-27 21:40:12,642 [e0fc16c3-8785-492f-95e3-5d2aafd0cf3f-groupManagement] INFO  server.RaftServerConfigKeys (ConfUtils.java:logGet(46)) - raft.server.rpc.slowness.timeout = 300s (custom)
2024-02-27 21:40:12,642 [e0fc16c3-8785-492f-95e3-5d2aafd0cf3f-groupManagement] INFO  server.RaftServerConfigKeys (ConfUtils.java:logGet(46)) - raft.server.leaderelection.leader.step-down.wait-time = 10s (default)
2024-02-27 21:40:12,642 [e0fc16c3-8785-492f-95e3-5d2aafd0cf3f-groupManagement] INFO  server.RaftServerConfigKeys (ConfUtils.java:logGet(46)) - raft.server.leaderelection.member.majority-add = false (default)
2024-02-27 21:40:12,642 [e0fc16c3-8785-492f-95e3-5d2aafd0cf3f-groupManagement] INFO  server.RaftServerConfigKeys (ConfUtils.java:logGet(46)) - raft.server.sleep.deviation.threshold = 300ms (default)
2024-02-27 21:40:12,642 [e0fc16c3-8785-492f-95e3-5d2aafd0cf3f-groupManagement] INFO  server.RaftServer$Division (ServerState.java:<init>(113)) - e0fc16c3-8785-492f-95e3-5d2aafd0cf3f@group-E6BBE2641B90: ConfigurationManager, init=-1: peers:[7299b60a-1361-4038-9b5b-8cb416051416|10.1.0.18:15129, a4a9caa5-f98a-4b6d-87b4-17f7eca85f0e|10.1.0.18:15120, e0fc16c3-8785-492f-95e3-5d2aafd0cf3f|10.1.0.18:15111]|listeners:[], old=null, confs=<EMPTY_MAP>
2024-02-27 21:40:12,642 [e0fc16c3-8785-492f-95e3-5d2aafd0cf3f-groupManagement] INFO  server.RaftServerConfigKeys (ConfUtils.java:logGet(46)) - raft.server.notification.no-leader.timeout = 300s (custom)
2024-02-27 21:40:12,642 [e0fc16c3-8785-492f-95e3-5d2aafd0cf3f-groupManagement] INFO  server.RaftServerConfigKeys (ConfUtils.java:logGet(46)) - raft.server.read.timeout = 10s (default)
2024-02-27 21:40:12,642 [e0fc16c3-8785-492f-95e3-5d2aafd0cf3f-groupManagement] INFO  server.RaftServerConfigKeys (ConfUtils.java:logGet(46)) - raft.server.retrycache.expirytime = 600000ms (custom)
2024-02-27 21:40:12,642 [e0fc16c3-8785-492f-95e3-5d2aafd0cf3f-groupManagement] INFO  server.RaftServerConfigKeys (ConfUtils.java:logGet(46)) - raft.server.retrycache.statistics.expirytime = 100ms (default)
2024-02-27 21:40:12,642 [e0fc16c3-8785-492f-95e3-5d2aafd0cf3f-groupManagement] INFO  server.RaftServerConfigKeys (ConfUtils.java:logGet(46)) - raft.server.read.option = DEFAULT (default)
2024-02-27 21:40:12,642 [e0fc16c3-8785-492f-95e3-5d2aafd0cf3f-groupManagement] INFO  server.RaftServerConfigKeys (ConfUtils.java:logGet(46)) - raft.server.read.read-after-write-consistent.write-index-cache.expiry-time = 60s (default)
2024-02-27 21:40:12,643 [e0fc16c3-8785-492f-95e3-5d2aafd0cf3f-groupManagement] INFO  server.RaftServerConfigKeys (ConfUtils.java:logGet(46)) - raft.server.rpc.request.timeout = 60s (custom)
2024-02-27 21:40:12,644 [e0fc16c3-8785-492f-95e3-5d2aafd0cf3f-groupManagement] INFO  server.RaftServerConfigKeys (ConfUtils.java:logGet(46)) - raft.server.log.appender.install.snapshot.enabled = false (custom)
2024-02-27 21:40:12,644 [e0fc16c3-8785-492f-95e3-5d2aafd0cf3f-groupManagement] INFO  server.RaftServerConfigKeys (ConfUtils.java:logGet(46)) - raft.server.threadpool.server.cached = true (default)
2024-02-27 21:40:12,644 [e0fc16c3-8785-492f-95e3-5d2aafd0cf3f-groupManagement] INFO  server.RaftServerConfigKeys (ConfUtils.java:logGet(46)) - raft.server.threadpool.server.size = 0 (default)
2024-02-27 21:40:12,644 [e0fc16c3-8785-492f-95e3-5d2aafd0cf3f-groupManagement] INFO  server.RaftServerConfigKeys (ConfUtils.java:logGet(46)) - raft.server.threadpool.client.cached = true (default)
2024-02-27 21:40:12,644 [e0fc16c3-8785-492f-95e3-5d2aafd0cf3f-groupManagement] INFO  server.RaftServerConfigKeys (ConfUtils.java:logGet(46)) - raft.server.threadpool.client.size = 0 (default)
2024-02-27 21:40:12,644 [e0fc16c3-8785-492f-95e3-5d2aafd0cf3f-groupManagement] INFO  server.RaftServerConfigKeys (ConfUtils.java:logGet(46)) - raft.server.storage.free-space.min = 0MB (=0) (default)
2024-02-27 21:40:12,644 [e0fc16c3-8785-492f-95e3-5d2aafd0cf3f-groupManagement] INFO  server.RaftServerConfigKeys (ConfUtils.java:logGet(46)) - raft.server.log.corruption.policy = EXCEPTION (default)
2024-02-27 21:40:12,644 [e0fc16c3-8785-492f-95e3-5d2aafd0cf3f-groupManagement] INFO  server.RaftServerConfigKeys (ConfUtils.java:logGet(46)) - raft.server.storage.dir = [/home/runner/work/ozone/ozone/hadoop-ozone/integration-test/target/test-dir/MiniOzoneClusterImpl-6e3a073c-9bdc-4deb-8550-ef77f821b5e4/ozone-meta/datanode-1/ratis] (custom)
2024-02-27 21:40:12,644 [e0fc16c3-8785-492f-95e3-5d2aafd0cf3f-groupManagement] INFO  storage.RaftStorageDirectory (RaftStorageDirectoryImpl.java:analyzeStorage(138)) - The storage directory /home/runner/work/ozone/ozone/hadoop-ozone/integration-test/target/test-dir/MiniOzoneClusterImpl-6e3a073c-9bdc-4deb-8550-ef77f821b5e4/ozone-meta/datanode-1/ratis/c6a2c24f-5c82-40cd-a726-e6bbe2641b90 does not exist. Creating ...
2024-02-27 21:40:12,645 [e0fc16c3-8785-492f-95e3-5d2aafd0cf3f-groupManagement] INFO  storage.RaftStorageDirectory (RaftStorageDirectoryImpl.java:tryLock(228)) - Lock on /home/runner/work/ozone/ozone/hadoop-ozone/integration-test/target/test-dir/MiniOzoneClusterImpl-6e3a073c-9bdc-4deb-8550-ef77f821b5e4/ozone-meta/datanode-1/ratis/c6a2c24f-5c82-40cd-a726-e6bbe2641b90/in_use.lock acquired by nodename 32143@fv-az531-651
2024-02-27 21:40:12,646 [e0fc16c3-8785-492f-95e3-5d2aafd0cf3f-groupManagement] INFO  storage.RaftStorage (RaftStorageImpl.java:format(99)) - Storage directory /home/runner/work/ozone/ozone/hadoop-ozone/integration-test/target/test-dir/MiniOzoneClusterImpl-6e3a073c-9bdc-4deb-8550-ef77f821b5e4/ozone-meta/datanode-1/ratis/c6a2c24f-5c82-40cd-a726-e6bbe2641b90 has been successfully formatted.
2024-02-27 21:40:12,646 [e0fc16c3-8785-492f-95e3-5d2aafd0cf3f-groupManagement] WARN  util.FileUtils (LogUtils.java:supplyAndLog(63)) - Failed to Files.newInputStream /home/runner/work/ozone/ozone/hadoop-ozone/integration-test/target/test-dir/MiniOzoneClusterImpl-6e3a073c-9bdc-4deb-8550-ef77f821b5e4/ozone-meta/datanode-1/ratis/c6a2c24f-5c82-40cd-a726-e6bbe2641b90/current/raft-meta.conf with options []: java.nio.file.NoSuchFileException: /home/runner/work/ozone/ozone/hadoop-ozone/integration-test/target/test-dir/MiniOzoneClusterImpl-6e3a073c-9bdc-4deb-8550-ef77f821b5e4/ozone-meta/datanode-1/ratis/c6a2c24f-5c82-40cd-a726-e6bbe2641b90/current/raft-meta.conf
2024-02-27 21:40:12,646 [e0fc16c3-8785-492f-95e3-5d2aafd0cf3f-groupManagement] INFO  ratis.ContainerStateMachine (ContainerStateMachine.java:loadSnapshot(287)) - group-E6BBE2641B90: The snapshot info is null. Setting the last applied index to:(t:0, i:~)
2024-02-27 21:40:12,646 [e0fc16c3-8785-492f-95e3-5d2aafd0cf3f-groupManagement] INFO  server.RaftServerConfigKeys (ConfUtils.java:logGet(46)) - raft.server.log.use.memory = false (default)
2024-02-27 21:40:12,646 [e0fc16c3-8785-492f-95e3-5d2aafd0cf3f-groupManagement] INFO  server.RaftServerConfigKeys (ConfUtils.java:logGet(46)) - raft.server.log.purge.gap = 1000000 (custom)
2024-02-27 21:40:12,646 [e0fc16c3-8785-492f-95e3-5d2aafd0cf3f-groupManagement] INFO  server.RaftServerConfigKeys (ConfUtils.java:logGet(46)) - raft.server.log.appender.buffer.byte-limit = 8388608 (custom)
2024-02-27 21:40:12,647 [e0fc16c3-8785-492f-95e3-5d2aafd0cf3f-groupManagement] INFO  server.RaftServerConfigKeys (ConfUtils.java:logGet(46)) - raft.server.log.statemachine.data.read.timeout = 1000ms (default)
2024-02-27 21:40:12,647 [e0fc16c3-8785-492f-95e3-5d2aafd0cf3f-groupManagement] INFO  server.RaftServerConfigKeys (ConfUtils.java:logGet(46)) - raft.server.log.purge.preservation.log.num = 0 (default)
2024-02-27 21:40:12,648 [e0fc16c3-8785-492f-95e3-5d2aafd0cf3f-groupManagement] INFO  server.RaftServerConfigKeys (ConfUtils.java:logGet(46)) - raft.server.log.segment.size.max = 67108864 (custom)
2024-02-27 21:40:12,648 [e0fc16c3-8785-492f-95e3-5d2aafd0cf3f-groupManagement] INFO  server.RaftServerConfigKeys (ConfUtils.java:logGet(46)) - raft.server.log.segment.cache.num.max = 2 (custom)
2024-02-27 21:40:12,648 [e0fc16c3-8785-492f-95e3-5d2aafd0cf3f-groupManagement] INFO  server.RaftServerConfigKeys (ConfUtils.java:logGet(46)) - raft.server.log.segment.cache.size.max = 200MB (=209715200) (default)
2024-02-27 21:40:12,648 [e0fc16c3-8785-492f-95e3-5d2aafd0cf3f-groupManagement] INFO  server.RaftServerConfigKeys (ConfUtils.java:logGet(46)) - raft.server.log.appender.buffer.byte-limit = 8388608 (custom)
2024-02-27 21:40:12,648 [e0fc16c3-8785-492f-95e3-5d2aafd0cf3f-groupManagement] INFO  util.AwaitToRun (AwaitToRun.java:start(81)) - Thread[e0fc16c3-8785-492f-95e3-5d2aafd0cf3f@group-E6BBE2641B90-cacheEviction-AwaitToRun,5,main] started
2024-02-27 21:40:12,648 [e0fc16c3-8785-492f-95e3-5d2aafd0cf3f-groupManagement] INFO  segmented.SegmentedRaftLogWorker (SegmentedRaftLogWorker.java:<init>(182)) - new e0fc16c3-8785-492f-95e3-5d2aafd0cf3f@group-E6BBE2641B90-SegmentedRaftLogWorker for RaftStorageImpl:Storage Directory /home/runner/work/ozone/ozone/hadoop-ozone/integration-test/target/test-dir/MiniOzoneClusterImpl-6e3a073c-9bdc-4deb-8550-ef77f821b5e4/ozone-meta/datanode-1/ratis/c6a2c24f-5c82-40cd-a726-e6bbe2641b90
2024-02-27 21:40:12,648 [e0fc16c3-8785-492f-95e3-5d2aafd0cf3f-groupManagement] INFO  server.RaftServerConfigKeys (ConfUtils.java:logGet(46)) - raft.server.log.queue.byte-limit = 4294967296 (custom)
2024-02-27 21:40:12,648 [e0fc16c3-8785-492f-95e3-5d2aafd0cf3f-groupManagement] INFO  server.RaftServerConfigKeys (ConfUtils.java:logGet(46)) - raft.server.log.queue.element-limit = 1024 (custom)
2024-02-27 21:40:12,648 [e0fc16c3-8785-492f-95e3-5d2aafd0cf3f-groupManagement] INFO  server.RaftServerConfigKeys (ConfUtils.java:logGet(46)) - raft.server.log.segment.size.max = 67108864 (custom)
2024-02-27 21:40:12,648 [e0fc16c3-8785-492f-95e3-5d2aafd0cf3f-groupManagement] INFO  server.RaftServerConfigKeys (ConfUtils.java:logGet(46)) - raft.server.log.preallocated.size = 4194304 (custom)
2024-02-27 21:40:12,648 [e0fc16c3-8785-492f-95e3-5d2aafd0cf3f-groupManagement] INFO  server.RaftServerConfigKeys (ConfUtils.java:logGet(46)) - raft.server.log.force.sync.num = 128 (default)
2024-02-27 21:40:12,648 [e0fc16c3-8785-492f-95e3-5d2aafd0cf3f-groupManagement] INFO  server.RaftServerConfigKeys (ConfUtils.java:logGet(46)) - raft.server.log.statemachine.data.sync = true (default)
2024-02-27 21:40:12,648 [e0fc16c3-8785-492f-95e3-5d2aafd0cf3f-groupManagement] INFO  server.RaftServerConfigKeys (ConfUtils.java:logGet(46)) - raft.server.log.statemachine.data.sync.timeout = 10s (default)
2024-02-27 21:40:12,648 [e0fc16c3-8785-492f-95e3-5d2aafd0cf3f-groupManagement] INFO  server.RaftServerConfigKeys (ConfUtils.java:logGet(46)) - raft.server.log.statemachine.data.sync.timeout.retry = 0 (custom)
2024-02-27 21:40:12,649 [e0fc16c3-8785-492f-95e3-5d2aafd0cf3f-groupManagement] INFO  server.RaftServerConfigKeys (ConfUtils.java:logGet(46)) - raft.server.log.write.buffer.size = 8388616 (custom)
2024-02-27 21:40:12,650 [e0fc16c3-8785-492f-95e3-5d2aafd0cf3f-groupManagement] INFO  server.RaftServerConfigKeys (ConfUtils.java:logGet(46)) - raft.server.log.appender.buffer.byte-limit = 8388608 (custom)
2024-02-27 21:40:12,650 [e0fc16c3-8785-492f-95e3-5d2aafd0cf3f-groupManagement] INFO  server.RaftServerConfigKeys (ConfUtils.java:logGet(46)) - raft.server.log.unsafe-flush.enabled = false (default)
2024-02-27 21:40:12,650 [e0fc16c3-8785-492f-95e3-5d2aafd0cf3f-groupManagement] INFO  server.RaftServerConfigKeys (ConfUtils.java:logGet(46)) - raft.server.log.async-flush.enabled = false (default)
2024-02-27 21:40:12,650 [e0fc16c3-8785-492f-95e3-5d2aafd0cf3f-groupManagement] INFO  server.RaftServerConfigKeys (ConfUtils.java:logGet(46)) - raft.server.log.statemachine.data.caching.enabled = true (custom)
2024-02-27 21:40:12,650 [e0fc16c3-8785-492f-95e3-5d2aafd0cf3f-groupManagement] INFO  segmented.SegmentedRaftLogWorker (SegmentedRaftLogWorker.java:lambda$new$0(134)) - e0fc16c3-8785-492f-95e3-5d2aafd0cf3f@group-E6BBE2641B90-SegmentedRaftLogWorker: flushIndex: setUnconditionally 0 -> -1
2024-02-27 21:40:12,650 [e0fc16c3-8785-492f-95e3-5d2aafd0cf3f-groupManagement] INFO  segmented.SegmentedRaftLogWorker (SegmentedRaftLogWorker.java:lambda$new$0(134)) - e0fc16c3-8785-492f-95e3-5d2aafd0cf3f@group-E6BBE2641B90-SegmentedRaftLogWorker: safeCacheEvictIndex: setUnconditionally 0 -> -1
2024-02-27 21:40:12,650 [e0fc16c3-8785-492f-95e3-5d2aafd0cf3f-groupManagement] INFO  server.RaftServer$Division (RaftServerImpl.java:start(396)) - e0fc16c3-8785-492f-95e3-5d2aafd0cf3f@group-E6BBE2641B90: start as a follower, conf=-1: peers:[7299b60a-1361-4038-9b5b-8cb416051416|10.1.0.18:15129, a4a9caa5-f98a-4b6d-87b4-17f7eca85f0e|10.1.0.18:15120, e0fc16c3-8785-492f-95e3-5d2aafd0cf3f|10.1.0.18:15111]|listeners:[], old=null
2024-02-27 21:40:12,650 [e0fc16c3-8785-492f-95e3-5d2aafd0cf3f-groupManagement] INFO  server.RaftServer$Division (RaftServerImpl.java:setRole(383)) - e0fc16c3-8785-492f-95e3-5d2aafd0cf3f@group-E6BBE2641B90: changes role from      null to FOLLOWER at term 0 for startAsFollower
2024-02-27 21:40:12,650 [e0fc16c3-8785-492f-95e3-5d2aafd0cf3f-groupManagement] INFO  impl.RoleInfo (RoleInfo.java:updateAndGet(139)) - e0fc16c3-8785-492f-95e3-5d2aafd0cf3f: start e0fc16c3-8785-492f-95e3-5d2aafd0cf3f@group-E6BBE2641B90-FollowerState
2024-02-27 21:40:12,651 [e0fc16c3-8785-492f-95e3-5d2aafd0cf3f@group-E6BBE2641B90-FollowerState] INFO  server.RaftServerConfigKeys (ConfUtils.java:logFallback(53)) - raft.server.rpc.first-election.timeout.min = 5s (fallback to raft.server.rpc.timeout.min)
2024-02-27 21:40:12,651 [e0fc16c3-8785-492f-95e3-5d2aafd0cf3f-groupManagement] INFO  util.JmxRegister (JmxRegister.java:tryRegister(44)) - Successfully registered JMX Bean with object name Ratis:service=RaftServer,group=group-E6BBE2641B90,id=e0fc16c3-8785-492f-95e3-5d2aafd0cf3f
2024-02-27 21:40:12,651 [e0fc16c3-8785-492f-95e3-5d2aafd0cf3f@group-E6BBE2641B90-FollowerState] INFO  server.RaftServerConfigKeys (ConfUtils.java:logFallback(53)) - raft.server.rpc.first-election.timeout.max = 5200ms (fallback to raft.server.rpc.timeout.max)
2024-02-27 21:40:12,651 [e0fc16c3-8785-492f-95e3-5d2aafd0cf3f-groupManagement] INFO  server.RaftServerConfigKeys (ConfUtils.java:logGet(46)) - raft.server.snapshot.trigger-when-stop.enabled = true (default)
2024-02-27 21:40:12,651 [e0fc16c3-8785-492f-95e3-5d2aafd0cf3f-groupManagement] INFO  server.RaftServerConfigKeys (ConfUtils.java:logGet(46)) - raft.server.snapshot.auto.trigger.enabled = true (custom)
2024-02-27 21:40:12,651 [e0fc16c3-8785-492f-95e3-5d2aafd0cf3f-groupManagement] INFO  server.RaftServerConfigKeys (ConfUtils.java:logGet(46)) - raft.server.snapshot.auto.trigger.threshold = 10000 (custom)
2024-02-27 21:40:12,651 [e0fc16c3-8785-492f-95e3-5d2aafd0cf3f-groupManagement] INFO  server.RaftServerConfigKeys (ConfUtils.java:logGet(46)) - raft.server.snapshot.retention.file.num = 5 (custom)
2024-02-27 21:40:12,651 [e0fc16c3-8785-492f-95e3-5d2aafd0cf3f-groupManagement] INFO  server.RaftServerConfigKeys (ConfUtils.java:logGet(46)) - raft.server.log.purge.upto.snapshot.index = false (default)
2024-02-27 21:40:12,652 [e0fc16c3-8785-492f-95e3-5d2aafd0cf3f-PipelineCommandHandlerThread-0] INFO  ratis.XceiverServerRatis (XceiverServerRatis.java:addGroup(864)) - Created group PipelineID=c6a2c24f-5c82-40cd-a726-e6bbe2641b90
2024-02-27 21:40:12,657 [grpc-default-executor-0] INFO  server.RaftServer (RaftServerProxy.java:addNew(100)) - 7299b60a-1361-4038-9b5b-8cb416051416: addNew group-E6BBE2641B90:[7299b60a-1361-4038-9b5b-8cb416051416|10.1.0.18:15129, a4a9caa5-f98a-4b6d-87b4-17f7eca85f0e|10.1.0.18:15120, e0fc16c3-8785-492f-95e3-5d2aafd0cf3f|10.1.0.18:15111] returns group-E6BBE2641B90:java.util.concurrent.CompletableFuture@a2ececf[Not completed]
2024-02-27 21:40:12,658 [7299b60a-1361-4038-9b5b-8cb416051416-groupManagement] INFO  server.RaftServer$Division (RaftServerImpl.java:<init>(256)) - 7299b60a-1361-4038-9b5b-8cb416051416: new RaftServerImpl for group-E6BBE2641B90:[7299b60a-1361-4038-9b5b-8cb416051416|10.1.0.18:15129, a4a9caa5-f98a-4b6d-87b4-17f7eca85f0e|10.1.0.18:15120, e0fc16c3-8785-492f-95e3-5d2aafd0cf3f|10.1.0.18:15111] with ContainerStateMachine:uninitialized
2024-02-27 21:40:12,658 [7299b60a-1361-4038-9b5b-8cb416051416-groupManagement] INFO  server.RaftServerConfigKeys (ConfUtils.java:logGet(46)) - raft.server.rpc.timeout.min = 5s (custom)
2024-02-27 21:40:12,658 [7299b60a-1361-4038-9b5b-8cb416051416-groupManagement] INFO  server.RaftServerConfigKeys (ConfUtils.java:logGet(46)) - raft.server.rpc.timeout.max = 5200ms (custom)
2024-02-27 21:40:12,658 [7299b60a-1361-4038-9b5b-8cb416051416-groupManagement] INFO  server.RaftServerConfigKeys (ConfUtils.java:logGet(46)) - raft.server.rpc.sleep.time = 25ms (default)
2024-02-27 21:40:12,658 [7299b60a-1361-4038-9b5b-8cb416051416-groupManagement] INFO  server.RaftServerConfigKeys (ConfUtils.java:logGet(46)) - raft.server.rpc.slowness.timeout = 300s (custom)
2024-02-27 21:40:12,658 [7299b60a-1361-4038-9b5b-8cb416051416-groupManagement] INFO  server.RaftServerConfigKeys (ConfUtils.java:logGet(46)) - raft.server.leaderelection.leader.step-down.wait-time = 10s (default)
2024-02-27 21:40:12,658 [7299b60a-1361-4038-9b5b-8cb416051416-groupManagement] INFO  server.RaftServerConfigKeys (ConfUtils.java:logGet(46)) - raft.server.leaderelection.member.majority-add = false (default)
2024-02-27 21:40:12,658 [7299b60a-1361-4038-9b5b-8cb416051416-groupManagement] INFO  server.RaftServerConfigKeys (ConfUtils.java:logGet(46)) - raft.server.sleep.deviation.threshold = 300ms (default)
2024-02-27 21:40:12,658 [7299b60a-1361-4038-9b5b-8cb416051416-groupManagement] INFO  server.RaftServer$Division (ServerState.java:<init>(113)) - 7299b60a-1361-4038-9b5b-8cb416051416@group-E6BBE2641B90: ConfigurationManager, init=-1: peers:[7299b60a-1361-4038-9b5b-8cb416051416|10.1.0.18:15129, a4a9caa5-f98a-4b6d-87b4-17f7eca85f0e|10.1.0.18:15120, e0fc16c3-8785-492f-95e3-5d2aafd0cf3f|10.1.0.18:15111]|listeners:[], old=null, confs=<EMPTY_MAP>
2024-02-27 21:40:12,659 [7299b60a-1361-4038-9b5b-8cb416051416-groupManagement] INFO  server.RaftServerConfigKeys (ConfUtils.java:logGet(46)) - raft.server.notification.no-leader.timeout = 300s (custom)
2024-02-27 21:40:12,659 [7299b60a-1361-4038-9b5b-8cb416051416-groupManagement] INFO  server.RaftServerConfigKeys (ConfUtils.java:logGet(46)) - raft.server.read.timeout = 10s (default)
2024-02-27 21:40:12,659 [7299b60a-1361-4038-9b5b-8cb416051416-groupManagement] INFO  server.RaftServerConfigKeys (ConfUtils.java:logGet(46)) - raft.server.retrycache.expirytime = 600000ms (custom)
2024-02-27 21:40:12,659 [7299b60a-1361-4038-9b5b-8cb416051416-groupManagement] INFO  server.RaftServerConfigKeys (ConfUtils.java:logGet(46)) - raft.server.retrycache.statistics.expirytime = 100ms (default)
2024-02-27 21:40:12,659 [7299b60a-1361-4038-9b5b-8cb416051416-groupManagement] INFO  server.RaftServerConfigKeys (ConfUtils.java:logGet(46)) - raft.server.read.option = DEFAULT (default)
2024-02-27 21:40:12,659 [7299b60a-1361-4038-9b5b-8cb416051416-groupManagement] INFO  server.RaftServerConfigKeys (ConfUtils.java:logGet(46)) - raft.server.read.read-after-write-consistent.write-index-cache.expiry-time = 60s (default)
2024-02-27 21:40:12,660 [7299b60a-1361-4038-9b5b-8cb416051416-groupManagement] INFO  server.RaftServerConfigKeys (ConfUtils.java:logGet(46)) - raft.server.rpc.request.timeout = 60s (custom)
2024-02-27 21:40:12,660 [7299b60a-1361-4038-9b5b-8cb416051416-groupManagement] INFO  server.RaftServerConfigKeys (ConfUtils.java:logGet(46)) - raft.server.log.appender.install.snapshot.enabled = false (custom)
2024-02-27 21:40:12,660 [7299b60a-1361-4038-9b5b-8cb416051416-groupManagement] INFO  server.RaftServerConfigKeys (ConfUtils.java:logGet(46)) - raft.server.threadpool.server.cached = true (default)
2024-02-27 21:40:12,660 [7299b60a-1361-4038-9b5b-8cb416051416-groupManagement] INFO  server.RaftServerConfigKeys (ConfUtils.java:logGet(46)) - raft.server.threadpool.server.size = 0 (default)
2024-02-27 21:40:12,660 [7299b60a-1361-4038-9b5b-8cb416051416-groupManagement] INFO  server.RaftServerConfigKeys (ConfUtils.java:logGet(46)) - raft.server.threadpool.client.cached = true (default)
2024-02-27 21:40:12,661 [7299b60a-1361-4038-9b5b-8cb416051416-groupManagement] INFO  server.RaftServerConfigKeys (ConfUtils.java:logGet(46)) - raft.server.threadpool.client.size = 0 (default)
2024-02-27 21:40:12,661 [7299b60a-1361-4038-9b5b-8cb416051416-groupManagement] INFO  server.RaftServerConfigKeys (ConfUtils.java:logGet(46)) - raft.server.storage.free-space.min = 0MB (=0) (default)
2024-02-27 21:40:12,661 [7299b60a-1361-4038-9b5b-8cb416051416-groupManagement] INFO  server.RaftServerConfigKeys (ConfUtils.java:logGet(46)) - raft.server.log.corruption.policy = EXCEPTION (default)
2024-02-27 21:40:12,661 [7299b60a-1361-4038-9b5b-8cb416051416-groupManagement] INFO  server.RaftServerConfigKeys (ConfUtils.java:logGet(46)) - raft.server.storage.dir = [/home/runner/work/ozone/ozone/hadoop-ozone/integration-test/target/test-dir/MiniOzoneClusterImpl-6e3a073c-9bdc-4deb-8550-ef77f821b5e4/ozone-meta/datanode-3/ratis] (custom)
2024-02-27 21:40:12,661 [7299b60a-1361-4038-9b5b-8cb416051416-groupManagement] INFO  storage.RaftStorageDirectory (RaftStorageDirectoryImpl.java:analyzeStorage(138)) - The storage directory /home/runner/work/ozone/ozone/hadoop-ozone/integration-test/target/test-dir/MiniOzoneClusterImpl-6e3a073c-9bdc-4deb-8550-ef77f821b5e4/ozone-meta/datanode-3/ratis/c6a2c24f-5c82-40cd-a726-e6bbe2641b90 does not exist. Creating ...
2024-02-27 21:40:12,662 [7299b60a-1361-4038-9b5b-8cb416051416-groupManagement] INFO  storage.RaftStorageDirectory (RaftStorageDirectoryImpl.java:tryLock(228)) - Lock on /home/runner/work/ozone/ozone/hadoop-ozone/integration-test/target/test-dir/MiniOzoneClusterImpl-6e3a073c-9bdc-4deb-8550-ef77f821b5e4/ozone-meta/datanode-3/ratis/c6a2c24f-5c82-40cd-a726-e6bbe2641b90/in_use.lock acquired by nodename 32143@fv-az531-651
2024-02-27 21:40:12,663 [7299b60a-1361-4038-9b5b-8cb416051416-groupManagement] INFO  storage.RaftStorage (RaftStorageImpl.java:format(99)) - Storage directory /home/runner/work/ozone/ozone/hadoop-ozone/integration-test/target/test-dir/MiniOzoneClusterImpl-6e3a073c-9bdc-4deb-8550-ef77f821b5e4/ozone-meta/datanode-3/ratis/c6a2c24f-5c82-40cd-a726-e6bbe2641b90 has been successfully formatted.
2024-02-27 21:40:12,663 [7299b60a-1361-4038-9b5b-8cb416051416-groupManagement] WARN  util.FileUtils (LogUtils.java:supplyAndLog(63)) - Failed to Files.newInputStream /home/runner/work/ozone/ozone/hadoop-ozone/integration-test/target/test-dir/MiniOzoneClusterImpl-6e3a073c-9bdc-4deb-8550-ef77f821b5e4/ozone-meta/datanode-3/ratis/c6a2c24f-5c82-40cd-a726-e6bbe2641b90/current/raft-meta.conf with options []: java.nio.file.NoSuchFileException: /home/runner/work/ozone/ozone/hadoop-ozone/integration-test/target/test-dir/MiniOzoneClusterImpl-6e3a073c-9bdc-4deb-8550-ef77f821b5e4/ozone-meta/datanode-3/ratis/c6a2c24f-5c82-40cd-a726-e6bbe2641b90/current/raft-meta.conf
2024-02-27 21:40:12,664 [7299b60a-1361-4038-9b5b-8cb416051416-groupManagement] INFO  ratis.ContainerStateMachine (ContainerStateMachine.java:loadSnapshot(287)) - group-E6BBE2641B90: The snapshot info is null. Setting the last applied index to:(t:0, i:~)
2024-02-27 21:40:12,664 [7299b60a-1361-4038-9b5b-8cb416051416-groupManagement] INFO  server.RaftServerConfigKeys (ConfUtils.java:logGet(46)) - raft.server.log.use.memory = false (default)
2024-02-27 21:40:12,664 [7299b60a-1361-4038-9b5b-8cb416051416-groupManagement] INFO  server.RaftServerConfigKeys (ConfUtils.java:logGet(46)) - raft.server.log.purge.gap = 1000000 (custom)
2024-02-27 21:40:12,664 [7299b60a-1361-4038-9b5b-8cb416051416-groupManagement] INFO  server.RaftServerConfigKeys (ConfUtils.java:logGet(46)) - raft.server.log.appender.buffer.byte-limit = 8388608 (custom)
2024-02-27 21:40:12,664 [7299b60a-1361-4038-9b5b-8cb416051416-groupManagement] INFO  server.RaftServerConfigKeys (ConfUtils.java:logGet(46)) - raft.server.log.statemachine.data.read.timeout = 1000ms (default)
2024-02-27 21:40:12,664 [7299b60a-1361-4038-9b5b-8cb416051416-groupManagement] INFO  server.RaftServerConfigKeys (ConfUtils.java:logGet(46)) - raft.server.log.purge.preservation.log.num = 0 (default)
2024-02-27 21:40:12,665 [7299b60a-1361-4038-9b5b-8cb416051416-groupManagement] INFO  server.RaftServerConfigKeys (ConfUtils.java:logGet(46)) - raft.server.log.segment.size.max = 67108864 (custom)
2024-02-27 21:40:12,665 [7299b60a-1361-4038-9b5b-8cb416051416-groupManagement] INFO  server.RaftServerConfigKeys (ConfUtils.java:logGet(46)) - raft.server.log.segment.cache.num.max = 2 (custom)
2024-02-27 21:40:12,665 [7299b60a-1361-4038-9b5b-8cb416051416-groupManagement] INFO  server.RaftServerConfigKeys (ConfUtils.java:logGet(46)) - raft.server.log.segment.cache.size.max = 200MB (=209715200) (default)
2024-02-27 21:40:12,665 [7299b60a-1361-4038-9b5b-8cb416051416-groupManagement] INFO  server.RaftServerConfigKeys (ConfUtils.java:logGet(46)) - raft.server.log.appender.buffer.byte-limit = 8388608 (custom)
2024-02-27 21:40:12,665 [7299b60a-1361-4038-9b5b-8cb416051416-groupManagement] INFO  util.AwaitToRun (AwaitToRun.java:start(81)) - Thread[7299b60a-1361-4038-9b5b-8cb416051416@group-E6BBE2641B90-cacheEviction-AwaitToRun,5,main] started
2024-02-27 21:40:12,666 [7299b60a-1361-4038-9b5b-8cb416051416-groupManagement] INFO  segmented.SegmentedRaftLogWorker (SegmentedRaftLogWorker.java:<init>(182)) - new 7299b60a-1361-4038-9b5b-8cb416051416@group-E6BBE2641B90-SegmentedRaftLogWorker for RaftStorageImpl:Storage Directory /home/runner/work/ozone/ozone/hadoop-ozone/integration-test/target/test-dir/MiniOzoneClusterImpl-6e3a073c-9bdc-4deb-8550-ef77f821b5e4/ozone-meta/datanode-3/ratis/c6a2c24f-5c82-40cd-a726-e6bbe2641b90
2024-02-27 21:40:12,666 [7299b60a-1361-4038-9b5b-8cb416051416-groupManagement] INFO  server.RaftServerConfigKeys (ConfUtils.java:logGet(46)) - raft.server.log.queue.byte-limit = 4294967296 (custom)
2024-02-27 21:40:12,666 [7299b60a-1361-4038-9b5b-8cb416051416-groupManagement] INFO  server.RaftServerConfigKeys (ConfUtils.java:logGet(46)) - raft.server.log.queue.element-limit = 1024 (custom)
2024-02-27 21:40:12,666 [7299b60a-1361-4038-9b5b-8cb416051416-groupManagement] INFO  server.RaftServerConfigKeys (ConfUtils.java:logGet(46)) - raft.server.log.segment.size.max = 67108864 (custom)
2024-02-27 21:40:12,666 [7299b60a-1361-4038-9b5b-8cb416051416-groupManagement] INFO  server.RaftServerConfigKeys (ConfUtils.java:logGet(46)) - raft.server.log.preallocated.size = 4194304 (custom)
2024-02-27 21:40:12,666 [7299b60a-1361-4038-9b5b-8cb416051416-groupManagement] INFO  server.RaftServerConfigKeys (ConfUtils.java:logGet(46)) - raft.server.log.force.sync.num = 128 (default)
2024-02-27 21:40:12,666 [7299b60a-1361-4038-9b5b-8cb416051416-groupManagement] INFO  server.RaftServerConfigKeys (ConfUtils.java:logGet(46)) - raft.server.log.statemachine.data.sync = true (default)
2024-02-27 21:40:12,666 [7299b60a-1361-4038-9b5b-8cb416051416-groupManagement] INFO  server.RaftServerConfigKeys (ConfUtils.java:logGet(46)) - raft.server.log.statemachine.data.sync.timeout = 10s (default)
2024-02-27 21:40:12,666 [7299b60a-1361-4038-9b5b-8cb416051416-groupManagement] INFO  server.RaftServerConfigKeys (ConfUtils.java:logGet(46)) - raft.server.log.statemachine.data.sync.timeout.retry = 0 (custom)
2024-02-27 21:40:12,666 [7299b60a-1361-4038-9b5b-8cb416051416-groupManagement] INFO  server.RaftServerConfigKeys (ConfUtils.java:logGet(46)) - raft.server.log.write.buffer.size = 8388616 (custom)
2024-02-27 21:40:12,667 [7299b60a-1361-4038-9b5b-8cb416051416-groupManagement] INFO  server.RaftServerConfigKeys (ConfUtils.java:logGet(46)) - raft.server.log.appender.buffer.byte-limit = 8388608 (custom)
2024-02-27 21:40:12,667 [7299b60a-1361-4038-9b5b-8cb416051416-groupManagement] INFO  server.RaftServerConfigKeys (ConfUtils.java:logGet(46)) - raft.server.log.unsafe-flush.enabled = false (default)
2024-02-27 21:40:12,667 [7299b60a-1361-4038-9b5b-8cb416051416-groupManagement] INFO  server.RaftServerConfigKeys (ConfUtils.java:logGet(46)) - raft.server.log.async-flush.enabled = false (default)
2024-02-27 21:40:12,667 [7299b60a-1361-4038-9b5b-8cb416051416-groupManagement] INFO  server.RaftServerConfigKeys (ConfUtils.java:logGet(46)) - raft.server.log.statemachine.data.caching.enabled = true (custom)
2024-02-27 21:40:12,667 [7299b60a-1361-4038-9b5b-8cb416051416-groupManagement] INFO  segmented.SegmentedRaftLogWorker (SegmentedRaftLogWorker.java:lambda$new$0(134)) - 7299b60a-1361-4038-9b5b-8cb416051416@group-E6BBE2641B90-SegmentedRaftLogWorker: flushIndex: setUnconditionally 0 -> -1
2024-02-27 21:40:12,667 [7299b60a-1361-4038-9b5b-8cb416051416-groupManagement] INFO  segmented.SegmentedRaftLogWorker (SegmentedRaftLogWorker.java:lambda$new$0(134)) - 7299b60a-1361-4038-9b5b-8cb416051416@group-E6BBE2641B90-SegmentedRaftLogWorker: safeCacheEvictIndex: setUnconditionally 0 -> -1
2024-02-27 21:40:12,668 [7299b60a-1361-4038-9b5b-8cb416051416-groupManagement] INFO  server.RaftServer$Division (RaftServerImpl.java:start(396)) - 7299b60a-1361-4038-9b5b-8cb416051416@group-E6BBE2641B90: start as a follower, conf=-1: peers:[7299b60a-1361-4038-9b5b-8cb416051416|10.1.0.18:15129, a4a9caa5-f98a-4b6d-87b4-17f7eca85f0e|10.1.0.18:15120, e0fc16c3-8785-492f-95e3-5d2aafd0cf3f|10.1.0.18:15111]|listeners:[], old=null
2024-02-27 21:40:12,668 [7299b60a-1361-4038-9b5b-8cb416051416-groupManagement] INFO  server.RaftServer$Division (RaftServerImpl.java:setRole(383)) - 7299b60a-1361-4038-9b5b-8cb416051416@group-E6BBE2641B90: changes role from      null to FOLLOWER at term 0 for startAsFollower
2024-02-27 21:40:12,668 [7299b60a-1361-4038-9b5b-8cb416051416-groupManagement] INFO  impl.RoleInfo (RoleInfo.java:updateAndGet(139)) - 7299b60a-1361-4038-9b5b-8cb416051416: start 7299b60a-1361-4038-9b5b-8cb416051416@group-E6BBE2641B90-FollowerState
2024-02-27 21:40:12,668 [7299b60a-1361-4038-9b5b-8cb416051416@group-E6BBE2641B90-FollowerState] INFO  server.RaftServerConfigKeys (ConfUtils.java:logFallback(53)) - raft.server.rpc.first-election.timeout.min = 5s (fallback to raft.server.rpc.timeout.min)
2024-02-27 21:40:12,668 [7299b60a-1361-4038-9b5b-8cb416051416-groupManagement] INFO  util.JmxRegister (JmxRegister.java:tryRegister(44)) - Successfully registered JMX Bean with object name Ratis:service=RaftServer,group=group-E6BBE2641B90,id=7299b60a-1361-4038-9b5b-8cb416051416
2024-02-27 21:40:12,668 [7299b60a-1361-4038-9b5b-8cb416051416@group-E6BBE2641B90-FollowerState] INFO  server.RaftServerConfigKeys (ConfUtils.java:logFallback(53)) - raft.server.rpc.first-election.timeout.max = 5200ms (fallback to raft.server.rpc.timeout.max)
2024-02-27 21:40:12,668 [7299b60a-1361-4038-9b5b-8cb416051416-groupManagement] INFO  server.RaftServerConfigKeys (ConfUtils.java:logGet(46)) - raft.server.snapshot.trigger-when-stop.enabled = true (default)
2024-02-27 21:40:12,668 [7299b60a-1361-4038-9b5b-8cb416051416-groupManagement] INFO  server.RaftServerConfigKeys (ConfUtils.java:logGet(46)) - raft.server.snapshot.auto.trigger.enabled = true (custom)
2024-02-27 21:40:12,668 [7299b60a-1361-4038-9b5b-8cb416051416-groupManagement] INFO  server.RaftServerConfigKeys (ConfUtils.java:logGet(46)) - raft.server.snapshot.auto.trigger.threshold = 10000 (custom)
2024-02-27 21:40:12,668 [7299b60a-1361-4038-9b5b-8cb416051416-groupManagement] INFO  server.RaftServerConfigKeys (ConfUtils.java:logGet(46)) - raft.server.snapshot.retention.file.num = 5 (custom)
2024-02-27 21:40:12,668 [7299b60a-1361-4038-9b5b-8cb416051416-groupManagement] INFO  server.RaftServerConfigKeys (ConfUtils.java:logGet(46)) - raft.server.log.purge.upto.snapshot.index = false (default)
2024-02-27 21:40:12,675 [grpc-default-executor-0] INFO  server.RaftServer (RaftServerProxy.java:addNew(100)) - a4a9caa5-f98a-4b6d-87b4-17f7eca85f0e: addNew group-E6BBE2641B90:[7299b60a-1361-4038-9b5b-8cb416051416|10.1.0.18:15129, a4a9caa5-f98a-4b6d-87b4-17f7eca85f0e|10.1.0.18:15120, e0fc16c3-8785-492f-95e3-5d2aafd0cf3f|10.1.0.18:15111] returns group-E6BBE2641B90:java.util.concurrent.CompletableFuture@5f5f2ac7[Not completed]
2024-02-27 21:40:12,676 [a4a9caa5-f98a-4b6d-87b4-17f7eca85f0e-groupManagement] INFO  server.RaftServer$Division (RaftServerImpl.java:<init>(256)) - a4a9caa5-f98a-4b6d-87b4-17f7eca85f0e: new RaftServerImpl for group-E6BBE2641B90:[7299b60a-1361-4038-9b5b-8cb416051416|10.1.0.18:15129, a4a9caa5-f98a-4b6d-87b4-17f7eca85f0e|10.1.0.18:15120, e0fc16c3-8785-492f-95e3-5d2aafd0cf3f|10.1.0.18:15111] with ContainerStateMachine:uninitialized
2024-02-27 21:40:12,676 [a4a9caa5-f98a-4b6d-87b4-17f7eca85f0e-groupManagement] INFO  server.RaftServerConfigKeys (ConfUtils.java:logGet(46)) - raft.server.rpc.timeout.min = 5s (custom)
2024-02-27 21:40:12,676 [a4a9caa5-f98a-4b6d-87b4-17f7eca85f0e-groupManagement] INFO  server.RaftServerConfigKeys (ConfUtils.java:logGet(46)) - raft.server.rpc.timeout.max = 5200ms (custom)
2024-02-27 21:40:12,676 [a4a9caa5-f98a-4b6d-87b4-17f7eca85f0e-groupManagement] INFO  server.RaftServerConfigKeys (ConfUtils.java:logGet(46)) - raft.server.rpc.sleep.time = 25ms (default)
2024-02-27 21:40:12,676 [a4a9caa5-f98a-4b6d-87b4-17f7eca85f0e-groupManagement] INFO  server.RaftServerConfigKeys (ConfUtils.java:logGet(46)) - raft.server.rpc.slowness.timeout = 300s (custom)
2024-02-27 21:40:12,676 [a4a9caa5-f98a-4b6d-87b4-17f7eca85f0e-groupManagement] INFO  server.RaftServerConfigKeys (ConfUtils.java:logGet(46)) - raft.server.leaderelection.leader.step-down.wait-time = 10s (default)
2024-02-27 21:40:12,676 [a4a9caa5-f98a-4b6d-87b4-17f7eca85f0e-groupManagement] INFO  server.RaftServerConfigKeys (ConfUtils.java:logGet(46)) - raft.server.leaderelection.member.majority-add = false (default)
2024-02-27 21:40:12,676 [a4a9caa5-f98a-4b6d-87b4-17f7eca85f0e-groupManagement] INFO  server.RaftServerConfigKeys (ConfUtils.java:logGet(46)) - raft.server.sleep.deviation.threshold = 300ms (default)
2024-02-27 21:40:12,676 [a4a9caa5-f98a-4b6d-87b4-17f7eca85f0e-groupManagement] INFO  server.RaftServer$Division (ServerState.java:<init>(113)) - a4a9caa5-f98a-4b6d-87b4-17f7eca85f0e@group-E6BBE2641B90: ConfigurationManager, init=-1: peers:[7299b60a-1361-4038-9b5b-8cb416051416|10.1.0.18:15129, a4a9caa5-f98a-4b6d-87b4-17f7eca85f0e|10.1.0.18:15120, e0fc16c3-8785-492f-95e3-5d2aafd0cf3f|10.1.0.18:15111]|listeners:[], old=null, confs=<EMPTY_MAP>
2024-02-27 21:40:12,676 [a4a9caa5-f98a-4b6d-87b4-17f7eca85f0e-groupManagement] INFO  server.RaftServerConfigKeys (ConfUtils.java:logGet(46)) - raft.server.notification.no-leader.timeout = 300s (custom)
2024-02-27 21:40:12,676 [a4a9caa5-f98a-4b6d-87b4-17f7eca85f0e-groupManagement] INFO  server.RaftServerConfigKeys (ConfUtils.java:logGet(46)) - raft.server.read.timeout = 10s (default)
2024-02-27 21:40:12,676 [a4a9caa5-f98a-4b6d-87b4-17f7eca85f0e-groupManagement] INFO  server.RaftServerConfigKeys (ConfUtils.java:logGet(46)) - raft.server.retrycache.expirytime = 600000ms (custom)
2024-02-27 21:40:12,677 [a4a9caa5-f98a-4b6d-87b4-17f7eca85f0e-groupManagement] INFO  server.RaftServerConfigKeys (ConfUtils.java:logGet(46)) - raft.server.retrycache.statistics.expirytime = 100ms (default)
2024-02-27 21:40:12,677 [a4a9caa5-f98a-4b6d-87b4-17f7eca85f0e-groupManagement] INFO  server.RaftServerConfigKeys (ConfUtils.java:logGet(46)) - raft.server.read.option = DEFAULT (default)
2024-02-27 21:40:12,677 [a4a9caa5-f98a-4b6d-87b4-17f7eca85f0e-groupManagement] INFO  server.RaftServerConfigKeys (ConfUtils.java:logGet(46)) - raft.server.read.read-after-write-consistent.write-index-cache.expiry-time = 60s (default)
2024-02-27 21:40:12,678 [a4a9caa5-f98a-4b6d-87b4-17f7eca85f0e-groupManagement] INFO  server.RaftServerConfigKeys (ConfUtils.java:logGet(46)) - raft.server.rpc.request.timeout = 60s (custom)
2024-02-27 21:40:12,679 [a4a9caa5-f98a-4b6d-87b4-17f7eca85f0e-groupManagement] INFO  server.RaftServerConfigKeys (ConfUtils.java:logGet(46)) - raft.server.log.appender.install.snapshot.enabled = false (custom)
2024-02-27 21:40:12,679 [a4a9caa5-f98a-4b6d-87b4-17f7eca85f0e-groupManagement] INFO  server.RaftServerConfigKeys (ConfUtils.java:logGet(46)) - raft.server.threadpool.server.cached = true (default)
2024-02-27 21:40:12,679 [a4a9caa5-f98a-4b6d-87b4-17f7eca85f0e-groupManagement] INFO  server.RaftServerConfigKeys (ConfUtils.java:logGet(46)) - raft.server.threadpool.server.size = 0 (default)
2024-02-27 21:40:12,679 [a4a9caa5-f98a-4b6d-87b4-17f7eca85f0e-groupManagement] INFO  server.RaftServerConfigKeys (ConfUtils.java:logGet(46)) - raft.server.threadpool.client.cached = true (default)
2024-02-27 21:40:12,679 [a4a9caa5-f98a-4b6d-87b4-17f7eca85f0e-groupManagement] INFO  server.RaftServerConfigKeys (ConfUtils.java:logGet(46)) - raft.server.threadpool.client.size = 0 (default)
2024-02-27 21:40:12,679 [a4a9caa5-f98a-4b6d-87b4-17f7eca85f0e-groupManagement] INFO  server.RaftServerConfigKeys (ConfUtils.java:logGet(46)) - raft.server.storage.free-space.min = 0MB (=0) (default)
2024-02-27 21:40:12,679 [a4a9caa5-f98a-4b6d-87b4-17f7eca85f0e-groupManagement] INFO  server.RaftServerConfigKeys (ConfUtils.java:logGet(46)) - raft.server.log.corruption.policy = EXCEPTION (default)
2024-02-27 21:40:12,679 [a4a9caa5-f98a-4b6d-87b4-17f7eca85f0e-groupManagement] INFO  server.RaftServerConfigKeys (ConfUtils.java:logGet(46)) - raft.server.storage.dir = [/home/runner/work/ozone/ozone/hadoop-ozone/integration-test/target/test-dir/MiniOzoneClusterImpl-6e3a073c-9bdc-4deb-8550-ef77f821b5e4/ozone-meta/datanode-2/ratis] (custom)
2024-02-27 21:40:12,679 [a4a9caa5-f98a-4b6d-87b4-17f7eca85f0e-groupManagement] INFO  storage.RaftStorageDirectory (RaftStorageDirectoryImpl.java:analyzeStorage(138)) - The storage directory /home/runner/work/ozone/ozone/hadoop-ozone/integration-test/target/test-dir/MiniOzoneClusterImpl-6e3a073c-9bdc-4deb-8550-ef77f821b5e4/ozone-meta/datanode-2/ratis/c6a2c24f-5c82-40cd-a726-e6bbe2641b90 does not exist. Creating ...
2024-02-27 21:40:12,680 [a4a9caa5-f98a-4b6d-87b4-17f7eca85f0e-groupManagement] INFO  storage.RaftStorageDirectory (RaftStorageDirectoryImpl.java:tryLock(228)) - Lock on /home/runner/work/ozone/ozone/hadoop-ozone/integration-test/target/test-dir/MiniOzoneClusterImpl-6e3a073c-9bdc-4deb-8550-ef77f821b5e4/ozone-meta/datanode-2/ratis/c6a2c24f-5c82-40cd-a726-e6bbe2641b90/in_use.lock acquired by nodename 32143@fv-az531-651
2024-02-27 21:40:12,681 [a4a9caa5-f98a-4b6d-87b4-17f7eca85f0e-groupManagement] INFO  storage.RaftStorage (RaftStorageImpl.java:format(99)) - Storage directory /home/runner/work/ozone/ozone/hadoop-ozone/integration-test/target/test-dir/MiniOzoneClusterImpl-6e3a073c-9bdc-4deb-8550-ef77f821b5e4/ozone-meta/datanode-2/ratis/c6a2c24f-5c82-40cd-a726-e6bbe2641b90 has been successfully formatted.
2024-02-27 21:40:12,682 [a4a9caa5-f98a-4b6d-87b4-17f7eca85f0e-groupManagement] WARN  util.FileUtils (LogUtils.java:supplyAndLog(63)) - Failed to Files.newInputStream /home/runner/work/ozone/ozone/hadoop-ozone/integration-test/target/test-dir/MiniOzoneClusterImpl-6e3a073c-9bdc-4deb-8550-ef77f821b5e4/ozone-meta/datanode-2/ratis/c6a2c24f-5c82-40cd-a726-e6bbe2641b90/current/raft-meta.conf with options []: java.nio.file.NoSuchFileException: /home/runner/work/ozone/ozone/hadoop-ozone/integration-test/target/test-dir/MiniOzoneClusterImpl-6e3a073c-9bdc-4deb-8550-ef77f821b5e4/ozone-meta/datanode-2/ratis/c6a2c24f-5c82-40cd-a726-e6bbe2641b90/current/raft-meta.conf
2024-02-27 21:40:12,682 [a4a9caa5-f98a-4b6d-87b4-17f7eca85f0e-groupManagement] INFO  ratis.ContainerStateMachine (ContainerStateMachine.java:loadSnapshot(287)) - group-E6BBE2641B90: The snapshot info is null. Setting the last applied index to:(t:0, i:~)
2024-02-27 21:40:12,682 [a4a9caa5-f98a-4b6d-87b4-17f7eca85f0e-groupManagement] INFO  server.RaftServerConfigKeys (ConfUtils.java:logGet(46)) - raft.server.log.use.memory = false (default)
2024-02-27 21:40:12,682 [a4a9caa5-f98a-4b6d-87b4-17f7eca85f0e-groupManagement] INFO  server.RaftServerConfigKeys (ConfUtils.java:logGet(46)) - raft.server.log.purge.gap = 1000000 (custom)
2024-02-27 21:40:12,682 [a4a9caa5-f98a-4b6d-87b4-17f7eca85f0e-groupManagement] INFO  server.RaftServerConfigKeys (ConfUtils.java:logGet(46)) - raft.server.log.appender.buffer.byte-limit = 8388608 (custom)
2024-02-27 21:40:12,682 [a4a9caa5-f98a-4b6d-87b4-17f7eca85f0e-groupManagement] INFO  server.RaftServerConfigKeys (ConfUtils.java:logGet(46)) - raft.server.log.statemachine.data.read.timeout = 1000ms (default)
2024-02-27 21:40:12,682 [a4a9caa5-f98a-4b6d-87b4-17f7eca85f0e-groupManagement] INFO  server.RaftServerConfigKeys (ConfUtils.java:logGet(46)) - raft.server.log.purge.preservation.log.num = 0 (default)
2024-02-27 21:40:12,684 [a4a9caa5-f98a-4b6d-87b4-17f7eca85f0e-groupManagement] INFO  server.RaftServerConfigKeys (ConfUtils.java:logGet(46)) - raft.server.log.segment.size.max = 67108864 (custom)
2024-02-27 21:40:12,684 [a4a9caa5-f98a-4b6d-87b4-17f7eca85f0e-groupManagement] INFO  server.RaftServerConfigKeys (ConfUtils.java:logGet(46)) - raft.server.log.segment.cache.num.max = 2 (custom)
2024-02-27 21:40:12,684 [a4a9caa5-f98a-4b6d-87b4-17f7eca85f0e-groupManagement] INFO  server.RaftServerConfigKeys (ConfUtils.java:logGet(46)) - raft.server.log.segment.cache.size.max = 200MB (=209715200) (default)
2024-02-27 21:40:12,684 [a4a9caa5-f98a-4b6d-87b4-17f7eca85f0e-groupManagement] INFO  server.RaftServerConfigKeys (ConfUtils.java:logGet(46)) - raft.server.log.appender.buffer.byte-limit = 8388608 (custom)
2024-02-27 21:40:12,684 [a4a9caa5-f98a-4b6d-87b4-17f7eca85f0e-groupManagement] INFO  util.AwaitToRun (AwaitToRun.java:start(81)) - Thread[a4a9caa5-f98a-4b6d-87b4-17f7eca85f0e@group-E6BBE2641B90-cacheEviction-AwaitToRun,5,main] started
2024-02-27 21:40:12,684 [a4a9caa5-f98a-4b6d-87b4-17f7eca85f0e-groupManagement] INFO  segmented.SegmentedRaftLogWorker (SegmentedRaftLogWorker.java:<init>(182)) - new a4a9caa5-f98a-4b6d-87b4-17f7eca85f0e@group-E6BBE2641B90-SegmentedRaftLogWorker for RaftStorageImpl:Storage Directory /home/runner/work/ozone/ozone/hadoop-ozone/integration-test/target/test-dir/MiniOzoneClusterImpl-6e3a073c-9bdc-4deb-8550-ef77f821b5e4/ozone-meta/datanode-2/ratis/c6a2c24f-5c82-40cd-a726-e6bbe2641b90
2024-02-27 21:40:12,684 [a4a9caa5-f98a-4b6d-87b4-17f7eca85f0e-groupManagement] INFO  server.RaftServerConfigKeys (ConfUtils.java:logGet(46)) - raft.server.log.queue.byte-limit = 4294967296 (custom)
2024-02-27 21:40:12,685 [a4a9caa5-f98a-4b6d-87b4-17f7eca85f0e-groupManagement] INFO  server.RaftServerConfigKeys (ConfUtils.java:logGet(46)) - raft.server.log.queue.element-limit = 1024 (custom)
2024-02-27 21:40:12,685 [a4a9caa5-f98a-4b6d-87b4-17f7eca85f0e-groupManagement] INFO  server.RaftServerConfigKeys (ConfUtils.java:logGet(46)) - raft.server.log.segment.size.max = 67108864 (custom)
2024-02-27 21:40:12,685 [a4a9caa5-f98a-4b6d-87b4-17f7eca85f0e-groupManagement] INFO  server.RaftServerConfigKeys (ConfUtils.java:logGet(46)) - raft.server.log.preallocated.size = 4194304 (custom)
2024-02-27 21:40:12,685 [a4a9caa5-f98a-4b6d-87b4-17f7eca85f0e-groupManagement] INFO  server.RaftServerConfigKeys (ConfUtils.java:logGet(46)) - raft.server.log.force.sync.num = 128 (default)
2024-02-27 21:40:12,685 [a4a9caa5-f98a-4b6d-87b4-17f7eca85f0e-groupManagement] INFO  server.RaftServerConfigKeys (ConfUtils.java:logGet(46)) - raft.server.log.statemachine.data.sync = true (default)
2024-02-27 21:40:12,685 [a4a9caa5-f98a-4b6d-87b4-17f7eca85f0e-groupManagement] INFO  server.RaftServerConfigKeys (ConfUtils.java:logGet(46)) - raft.server.log.statemachine.data.sync.timeout = 10s (default)
2024-02-27 21:40:12,685 [a4a9caa5-f98a-4b6d-87b4-17f7eca85f0e-groupManagement] INFO  server.RaftServerConfigKeys (ConfUtils.java:logGet(46)) - raft.server.log.statemachine.data.sync.timeout.retry = 0 (custom)
2024-02-27 21:40:12,685 [a4a9caa5-f98a-4b6d-87b4-17f7eca85f0e-groupManagement] INFO  server.RaftServerConfigKeys (ConfUtils.java:logGet(46)) - raft.server.log.write.buffer.size = 8388616 (custom)
2024-02-27 21:40:12,686 [a4a9caa5-f98a-4b6d-87b4-17f7eca85f0e-groupManagement] INFO  server.RaftServerConfigKeys (ConfUtils.java:logGet(46)) - raft.server.log.appender.buffer.byte-limit = 8388608 (custom)
2024-02-27 21:40:12,686 [a4a9caa5-f98a-4b6d-87b4-17f7eca85f0e-groupManagement] INFO  server.RaftServerConfigKeys (ConfUtils.java:logGet(46)) - raft.server.log.unsafe-flush.enabled = false (default)
2024-02-27 21:40:12,686 [a4a9caa5-f98a-4b6d-87b4-17f7eca85f0e-groupManagement] INFO  server.RaftServerConfigKeys (ConfUtils.java:logGet(46)) - raft.server.log.async-flush.enabled = false (default)
2024-02-27 21:40:12,686 [a4a9caa5-f98a-4b6d-87b4-17f7eca85f0e-groupManagement] INFO  server.RaftServerConfigKeys (ConfUtils.java:logGet(46)) - raft.server.log.statemachine.data.caching.enabled = true (custom)
2024-02-27 21:40:12,686 [a4a9caa5-f98a-4b6d-87b4-17f7eca85f0e-groupManagement] INFO  segmented.SegmentedRaftLogWorker (SegmentedRaftLogWorker.java:lambda$new$0(134)) - a4a9caa5-f98a-4b6d-87b4-17f7eca85f0e@group-E6BBE2641B90-SegmentedRaftLogWorker: flushIndex: setUnconditionally 0 -> -1
2024-02-27 21:40:12,686 [a4a9caa5-f98a-4b6d-87b4-17f7eca85f0e-groupManagement] INFO  segmented.SegmentedRaftLogWorker (SegmentedRaftLogWorker.java:lambda$new$0(134)) - a4a9caa5-f98a-4b6d-87b4-17f7eca85f0e@group-E6BBE2641B90-SegmentedRaftLogWorker: safeCacheEvictIndex: setUnconditionally 0 -> -1
2024-02-27 21:40:12,687 [a4a9caa5-f98a-4b6d-87b4-17f7eca85f0e-groupManagement] INFO  server.RaftServer$Division (RaftServerImpl.java:start(396)) - a4a9caa5-f98a-4b6d-87b4-17f7eca85f0e@group-E6BBE2641B90: start as a follower, conf=-1: peers:[7299b60a-1361-4038-9b5b-8cb416051416|10.1.0.18:15129, a4a9caa5-f98a-4b6d-87b4-17f7eca85f0e|10.1.0.18:15120, e0fc16c3-8785-492f-95e3-5d2aafd0cf3f|10.1.0.18:15111]|listeners:[], old=null
2024-02-27 21:40:12,687 [a4a9caa5-f98a-4b6d-87b4-17f7eca85f0e-groupManagement] INFO  server.RaftServer$Division (RaftServerImpl.java:setRole(383)) - a4a9caa5-f98a-4b6d-87b4-17f7eca85f0e@group-E6BBE2641B90: changes role from      null to FOLLOWER at term 0 for startAsFollower
2024-02-27 21:40:12,687 [a4a9caa5-f98a-4b6d-87b4-17f7eca85f0e-groupManagement] INFO  impl.RoleInfo (RoleInfo.java:updateAndGet(139)) - a4a9caa5-f98a-4b6d-87b4-17f7eca85f0e: start a4a9caa5-f98a-4b6d-87b4-17f7eca85f0e@group-E6BBE2641B90-FollowerState
2024-02-27 21:40:12,687 [a4a9caa5-f98a-4b6d-87b4-17f7eca85f0e@group-E6BBE2641B90-FollowerState] INFO  server.RaftServerConfigKeys (ConfUtils.java:logFallback(53)) - raft.server.rpc.first-election.timeout.min = 5s (fallback to raft.server.rpc.timeout.min)
2024-02-27 21:40:12,687 [a4a9caa5-f98a-4b6d-87b4-17f7eca85f0e-groupManagement] INFO  util.JmxRegister (JmxRegister.java:tryRegister(44)) - Successfully registered JMX Bean with object name Ratis:service=RaftServer,group=group-E6BBE2641B90,id=a4a9caa5-f98a-4b6d-87b4-17f7eca85f0e
2024-02-27 21:40:12,687 [a4a9caa5-f98a-4b6d-87b4-17f7eca85f0e@group-E6BBE2641B90-FollowerState] INFO  server.RaftServerConfigKeys (ConfUtils.java:logFallback(53)) - raft.server.rpc.first-election.timeout.max = 5200ms (fallback to raft.server.rpc.timeout.max)
2024-02-27 21:40:12,687 [a4a9caa5-f98a-4b6d-87b4-17f7eca85f0e-groupManagement] INFO  server.RaftServerConfigKeys (ConfUtils.java:logGet(46)) - raft.server.snapshot.trigger-when-stop.enabled = true (default)
2024-02-27 21:40:12,687 [a4a9caa5-f98a-4b6d-87b4-17f7eca85f0e-groupManagement] INFO  server.RaftServerConfigKeys (ConfUtils.java:logGet(46)) - raft.server.snapshot.auto.trigger.enabled = true (custom)
2024-02-27 21:40:12,687 [a4a9caa5-f98a-4b6d-87b4-17f7eca85f0e-groupManagement] INFO  server.RaftServerConfigKeys (ConfUtils.java:logGet(46)) - raft.server.snapshot.auto.trigger.threshold = 10000 (custom)
2024-02-27 21:40:12,687 [a4a9caa5-f98a-4b6d-87b4-17f7eca85f0e-groupManagement] INFO  server.RaftServerConfigKeys (ConfUtils.java:logGet(46)) - raft.server.snapshot.retention.file.num = 5 (custom)
2024-02-27 21:40:12,687 [a4a9caa5-f98a-4b6d-87b4-17f7eca85f0e-groupManagement] INFO  server.RaftServerConfigKeys (ConfUtils.java:logGet(46)) - raft.server.log.purge.upto.snapshot.index = false (default)
2024-02-27 21:40:12,689 [e0fc16c3-8785-492f-95e3-5d2aafd0cf3f-PipelineCommandHandlerThread-0] INFO  commandhandler.CreatePipelineCommandHandler (CreatePipelineCommandHandler.java:lambda$handle$2(124)) - Created Pipeline RATIS THREE PipelineID=c6a2c24f-5c82-40cd-a726-e6bbe2641b90.
2024-02-27 21:40:12,925 [2818fa5f-cc14-4867-ab22-981a54c2b243-PipelineCommandHandlerThread-0] INFO  server.RaftServer (RaftServerProxy.java:addNew(100)) - 2818fa5f-cc14-4867-ab22-981a54c2b243: addNew group-A218E7DAA433:[2818fa5f-cc14-4867-ab22-981a54c2b243|10.1.0.18:15138, 2da9303e-6724-4504-a4a5-d250e7d22259|10.1.0.18:15156, acd5b146-ec22-4575-ab5b-633d0d82c7a3|10.1.0.18:15147] returns group-A218E7DAA433:java.util.concurrent.CompletableFuture@bcc0981[Not completed]
2024-02-27 21:40:12,925 [2818fa5f-cc14-4867-ab22-981a54c2b243-groupManagement] INFO  server.RaftServer$Division (RaftServerImpl.java:<init>(256)) - 2818fa5f-cc14-4867-ab22-981a54c2b243: new RaftServerImpl for group-A218E7DAA433:[2818fa5f-cc14-4867-ab22-981a54c2b243|10.1.0.18:15138, 2da9303e-6724-4504-a4a5-d250e7d22259|10.1.0.18:15156, acd5b146-ec22-4575-ab5b-633d0d82c7a3|10.1.0.18:15147] with ContainerStateMachine:uninitialized
2024-02-27 21:40:12,925 [2818fa5f-cc14-4867-ab22-981a54c2b243-groupManagement] INFO  server.RaftServerConfigKeys (ConfUtils.java:logGet(46)) - raft.server.rpc.timeout.min = 5s (custom)
2024-02-27 21:40:12,925 [2818fa5f-cc14-4867-ab22-981a54c2b243-groupManagement] INFO  server.RaftServerConfigKeys (ConfUtils.java:logGet(46)) - raft.server.rpc.timeout.max = 5200ms (custom)
2024-02-27 21:40:12,925 [2818fa5f-cc14-4867-ab22-981a54c2b243-groupManagement] INFO  server.RaftServerConfigKeys (ConfUtils.java:logGet(46)) - raft.server.rpc.sleep.time = 25ms (default)
2024-02-27 21:40:12,926 [2818fa5f-cc14-4867-ab22-981a54c2b243-groupManagement] INFO  server.RaftServerConfigKeys (ConfUtils.java:logGet(46)) - raft.server.rpc.slowness.timeout = 300s (custom)
2024-02-27 21:40:12,926 [2818fa5f-cc14-4867-ab22-981a54c2b243-groupManagement] INFO  server.RaftServerConfigKeys (ConfUtils.java:logGet(46)) - raft.server.leaderelection.leader.step-down.wait-time = 10s (default)
2024-02-27 21:40:12,926 [2818fa5f-cc14-4867-ab22-981a54c2b243-groupManagement] INFO  server.RaftServerConfigKeys (ConfUtils.java:logGet(46)) - raft.server.leaderelection.member.majority-add = false (default)
2024-02-27 21:40:12,926 [2818fa5f-cc14-4867-ab22-981a54c2b243-groupManagement] INFO  server.RaftServerConfigKeys (ConfUtils.java:logGet(46)) - raft.server.sleep.deviation.threshold = 300ms (default)
2024-02-27 21:40:12,926 [2818fa5f-cc14-4867-ab22-981a54c2b243-groupManagement] INFO  server.RaftServer$Division (ServerState.java:<init>(113)) - 2818fa5f-cc14-4867-ab22-981a54c2b243@group-A218E7DAA433: ConfigurationManager, init=-1: peers:[2818fa5f-cc14-4867-ab22-981a54c2b243|10.1.0.18:15138, 2da9303e-6724-4504-a4a5-d250e7d22259|10.1.0.18:15156, acd5b146-ec22-4575-ab5b-633d0d82c7a3|10.1.0.18:15147]|listeners:[], old=null, confs=<EMPTY_MAP>
2024-02-27 21:40:12,926 [2818fa5f-cc14-4867-ab22-981a54c2b243-groupManagement] INFO  server.RaftServerConfigKeys (ConfUtils.java:logGet(46)) - raft.server.notification.no-leader.timeout = 300s (custom)
2024-02-27 21:40:12,926 [2818fa5f-cc14-4867-ab22-981a54c2b243-groupManagement] INFO  server.RaftServerConfigKeys (ConfUtils.java:logGet(46)) - raft.server.read.timeout = 10s (default)
2024-02-27 21:40:12,926 [2818fa5f-cc14-4867-ab22-981a54c2b243-groupManagement] INFO  server.RaftServerConfigKeys (ConfUtils.java:logGet(46)) - raft.server.retrycache.expirytime = 600000ms (custom)
2024-02-27 21:40:12,926 [2818fa5f-cc14-4867-ab22-981a54c2b243-groupManagement] INFO  server.RaftServerConfigKeys (ConfUtils.java:logGet(46)) - raft.server.retrycache.statistics.expirytime = 100ms (default)
2024-02-27 21:40:12,926 [2818fa5f-cc14-4867-ab22-981a54c2b243-groupManagement] INFO  server.RaftServerConfigKeys (ConfUtils.java:logGet(46)) - raft.server.read.option = DEFAULT (default)
2024-02-27 21:40:12,926 [2818fa5f-cc14-4867-ab22-981a54c2b243-groupManagement] INFO  server.RaftServerConfigKeys (ConfUtils.java:logGet(46)) - raft.server.read.read-after-write-consistent.write-index-cache.expiry-time = 60s (default)
2024-02-27 21:40:12,928 [2818fa5f-cc14-4867-ab22-981a54c2b243-groupManagement] INFO  server.RaftServerConfigKeys (ConfUtils.java:logGet(46)) - raft.server.rpc.request.timeout = 60s (custom)
2024-02-27 21:40:12,928 [2818fa5f-cc14-4867-ab22-981a54c2b243-groupManagement] INFO  server.RaftServerConfigKeys (ConfUtils.java:logGet(46)) - raft.server.log.appender.install.snapshot.enabled = false (custom)
2024-02-27 21:40:12,928 [2818fa5f-cc14-4867-ab22-981a54c2b243-groupManagement] INFO  server.RaftServerConfigKeys (ConfUtils.java:logGet(46)) - raft.server.threadpool.server.cached = true (default)
2024-02-27 21:40:12,928 [2818fa5f-cc14-4867-ab22-981a54c2b243-groupManagement] INFO  server.RaftServerConfigKeys (ConfUtils.java:logGet(46)) - raft.server.threadpool.server.size = 0 (default)
2024-02-27 21:40:12,928 [2818fa5f-cc14-4867-ab22-981a54c2b243-groupManagement] INFO  server.RaftServerConfigKeys (ConfUtils.java:logGet(46)) - raft.server.threadpool.client.cached = true (default)
2024-02-27 21:40:12,928 [2818fa5f-cc14-4867-ab22-981a54c2b243-groupManagement] INFO  server.RaftServerConfigKeys (ConfUtils.java:logGet(46)) - raft.server.threadpool.client.size = 0 (default)
2024-02-27 21:40:12,928 [2818fa5f-cc14-4867-ab22-981a54c2b243-groupManagement] INFO  server.RaftServerConfigKeys (ConfUtils.java:logGet(46)) - raft.server.storage.free-space.min = 0MB (=0) (default)
2024-02-27 21:40:12,928 [2818fa5f-cc14-4867-ab22-981a54c2b243-groupManagement] INFO  server.RaftServerConfigKeys (ConfUtils.java:logGet(46)) - raft.server.log.corruption.policy = EXCEPTION (default)
2024-02-27 21:40:12,928 [2818fa5f-cc14-4867-ab22-981a54c2b243-groupManagement] INFO  server.RaftServerConfigKeys (ConfUtils.java:logGet(46)) - raft.server.storage.dir = [/home/runner/work/ozone/ozone/hadoop-ozone/integration-test/target/test-dir/MiniOzoneClusterImpl-6e3a073c-9bdc-4deb-8550-ef77f821b5e4/ozone-meta/datanode-4/ratis] (custom)
2024-02-27 21:40:12,929 [2818fa5f-cc14-4867-ab22-981a54c2b243-groupManagement] INFO  storage.RaftStorageDirectory (RaftStorageDirectoryImpl.java:analyzeStorage(138)) - The storage directory /home/runner/work/ozone/ozone/hadoop-ozone/integration-test/target/test-dir/MiniOzoneClusterImpl-6e3a073c-9bdc-4deb-8550-ef77f821b5e4/ozone-meta/datanode-4/ratis/3b9a94bc-9df7-479a-ab76-a218e7daa433 does not exist. Creating ...
2024-02-27 21:40:12,930 [2818fa5f-cc14-4867-ab22-981a54c2b243-groupManagement] INFO  storage.RaftStorageDirectory (RaftStorageDirectoryImpl.java:tryLock(228)) - Lock on /home/runner/work/ozone/ozone/hadoop-ozone/integration-test/target/test-dir/MiniOzoneClusterImpl-6e3a073c-9bdc-4deb-8550-ef77f821b5e4/ozone-meta/datanode-4/ratis/3b9a94bc-9df7-479a-ab76-a218e7daa433/in_use.lock acquired by nodename 32143@fv-az531-651
2024-02-27 21:40:12,930 [2818fa5f-cc14-4867-ab22-981a54c2b243-groupManagement] INFO  storage.RaftStorage (RaftStorageImpl.java:format(99)) - Storage directory /home/runner/work/ozone/ozone/hadoop-ozone/integration-test/target/test-dir/MiniOzoneClusterImpl-6e3a073c-9bdc-4deb-8550-ef77f821b5e4/ozone-meta/datanode-4/ratis/3b9a94bc-9df7-479a-ab76-a218e7daa433 has been successfully formatted.
2024-02-27 21:40:12,931 [2818fa5f-cc14-4867-ab22-981a54c2b243-groupManagement] WARN  util.FileUtils (LogUtils.java:supplyAndLog(63)) - Failed to Files.newInputStream /home/runner/work/ozone/ozone/hadoop-ozone/integration-test/target/test-dir/MiniOzoneClusterImpl-6e3a073c-9bdc-4deb-8550-ef77f821b5e4/ozone-meta/datanode-4/ratis/3b9a94bc-9df7-479a-ab76-a218e7daa433/current/raft-meta.conf with options []: java.nio.file.NoSuchFileException: /home/runner/work/ozone/ozone/hadoop-ozone/integration-test/target/test-dir/MiniOzoneClusterImpl-6e3a073c-9bdc-4deb-8550-ef77f821b5e4/ozone-meta/datanode-4/ratis/3b9a94bc-9df7-479a-ab76-a218e7daa433/current/raft-meta.conf
2024-02-27 21:40:12,931 [2818fa5f-cc14-4867-ab22-981a54c2b243-groupManagement] INFO  ratis.ContainerStateMachine (ContainerStateMachine.java:loadSnapshot(287)) - group-A218E7DAA433: The snapshot info is null. Setting the last applied index to:(t:0, i:~)
2024-02-27 21:40:12,932 [2818fa5f-cc14-4867-ab22-981a54c2b243-groupManagement] INFO  server.RaftServerConfigKeys (ConfUtils.java:logGet(46)) - raft.server.log.use.memory = false (default)
2024-02-27 21:40:12,932 [2818fa5f-cc14-4867-ab22-981a54c2b243-groupManagement] INFO  server.RaftServerConfigKeys (ConfUtils.java:logGet(46)) - raft.server.log.purge.gap = 1000000 (custom)
2024-02-27 21:40:12,932 [2818fa5f-cc14-4867-ab22-981a54c2b243-groupManagement] INFO  server.RaftServerConfigKeys (ConfUtils.java:logGet(46)) - raft.server.log.appender.buffer.byte-limit = 8388608 (custom)
2024-02-27 21:40:12,932 [2818fa5f-cc14-4867-ab22-981a54c2b243-groupManagement] INFO  server.RaftServerConfigKeys (ConfUtils.java:logGet(46)) - raft.server.log.statemachine.data.read.timeout = 1000ms (default)
2024-02-27 21:40:12,932 [2818fa5f-cc14-4867-ab22-981a54c2b243-groupManagement] INFO  server.RaftServerConfigKeys (ConfUtils.java:logGet(46)) - raft.server.log.purge.preservation.log.num = 0 (default)
2024-02-27 21:40:12,933 [2818fa5f-cc14-4867-ab22-981a54c2b243-groupManagement] INFO  server.RaftServerConfigKeys (ConfUtils.java:logGet(46)) - raft.server.log.segment.size.max = 67108864 (custom)
2024-02-27 21:40:12,933 [2818fa5f-cc14-4867-ab22-981a54c2b243-groupManagement] INFO  server.RaftServerConfigKeys (ConfUtils.java:logGet(46)) - raft.server.log.segment.cache.num.max = 2 (custom)
2024-02-27 21:40:12,933 [2818fa5f-cc14-4867-ab22-981a54c2b243-groupManagement] INFO  server.RaftServerConfigKeys (ConfUtils.java:logGet(46)) - raft.server.log.segment.cache.size.max = 200MB (=209715200) (default)
2024-02-27 21:40:12,933 [2818fa5f-cc14-4867-ab22-981a54c2b243-groupManagement] INFO  server.RaftServerConfigKeys (ConfUtils.java:logGet(46)) - raft.server.log.appender.buffer.byte-limit = 8388608 (custom)
2024-02-27 21:40:12,933 [2818fa5f-cc14-4867-ab22-981a54c2b243-groupManagement] INFO  util.AwaitToRun (AwaitToRun.java:start(81)) - Thread[2818fa5f-cc14-4867-ab22-981a54c2b243@group-A218E7DAA433-cacheEviction-AwaitToRun,5,main] started
2024-02-27 21:40:12,934 [2818fa5f-cc14-4867-ab22-981a54c2b243-groupManagement] INFO  segmented.SegmentedRaftLogWorker (SegmentedRaftLogWorker.java:<init>(182)) - new 2818fa5f-cc14-4867-ab22-981a54c2b243@group-A218E7DAA433-SegmentedRaftLogWorker for RaftStorageImpl:Storage Directory /home/runner/work/ozone/ozone/hadoop-ozone/integration-test/target/test-dir/MiniOzoneClusterImpl-6e3a073c-9bdc-4deb-8550-ef77f821b5e4/ozone-meta/datanode-4/ratis/3b9a94bc-9df7-479a-ab76-a218e7daa433
2024-02-27 21:40:12,934 [2818fa5f-cc14-4867-ab22-981a54c2b243-groupManagement] INFO  server.RaftServerConfigKeys (ConfUtils.java:logGet(46)) - raft.server.log.queue.byte-limit = 4294967296 (custom)
2024-02-27 21:40:12,934 [2818fa5f-cc14-4867-ab22-981a54c2b243-groupManagement] INFO  server.RaftServerConfigKeys (ConfUtils.java:logGet(46)) - raft.server.log.queue.element-limit = 1024 (custom)
2024-02-27 21:40:12,934 [2818fa5f-cc14-4867-ab22-981a54c2b243-groupManagement] INFO  server.RaftServerConfigKeys (ConfUtils.java:logGet(46)) - raft.server.log.segment.size.max = 67108864 (custom)
2024-02-27 21:40:12,934 [2818fa5f-cc14-4867-ab22-981a54c2b243-groupManagement] INFO  server.RaftServerConfigKeys (ConfUtils.java:logGet(46)) - raft.server.log.preallocated.size = 4194304 (custom)
2024-02-27 21:40:12,934 [2818fa5f-cc14-4867-ab22-981a54c2b243-groupManagement] INFO  server.RaftServerConfigKeys (ConfUtils.java:logGet(46)) - raft.server.log.force.sync.num = 128 (default)
2024-02-27 21:40:12,934 [2818fa5f-cc14-4867-ab22-981a54c2b243-groupManagement] INFO  server.RaftServerConfigKeys (ConfUtils.java:logGet(46)) - raft.server.log.statemachine.data.sync = true (default)
2024-02-27 21:40:12,934 [2818fa5f-cc14-4867-ab22-981a54c2b243-groupManagement] INFO  server.RaftServerConfigKeys (ConfUtils.java:logGet(46)) - raft.server.log.statemachine.data.sync.timeout = 10s (default)
2024-02-27 21:40:12,934 [2818fa5f-cc14-4867-ab22-981a54c2b243-groupManagement] INFO  server.RaftServerConfigKeys (ConfUtils.java:logGet(46)) - raft.server.log.statemachine.data.sync.timeout.retry = 0 (custom)
2024-02-27 21:40:12,934 [2818fa5f-cc14-4867-ab22-981a54c2b243-groupManagement] INFO  server.RaftServerConfigKeys (ConfUtils.java:logGet(46)) - raft.server.log.write.buffer.size = 8388616 (custom)
2024-02-27 21:40:12,936 [2818fa5f-cc14-4867-ab22-981a54c2b243-groupManagement] INFO  server.RaftServerConfigKeys (ConfUtils.java:logGet(46)) - raft.server.log.appender.buffer.byte-limit = 8388608 (custom)
2024-02-27 21:40:12,936 [2818fa5f-cc14-4867-ab22-981a54c2b243-groupManagement] INFO  server.RaftServerConfigKeys (ConfUtils.java:logGet(46)) - raft.server.log.unsafe-flush.enabled = false (default)
2024-02-27 21:40:12,936 [2818fa5f-cc14-4867-ab22-981a54c2b243-groupManagement] INFO  server.RaftServerConfigKeys (ConfUtils.java:logGet(46)) - raft.server.log.async-flush.enabled = false (default)
2024-02-27 21:40:12,936 [2818fa5f-cc14-4867-ab22-981a54c2b243-groupManagement] INFO  server.RaftServerConfigKeys (ConfUtils.java:logGet(46)) - raft.server.log.statemachine.data.caching.enabled = true (custom)
2024-02-27 21:40:12,936 [2818fa5f-cc14-4867-ab22-981a54c2b243-groupManagement] INFO  segmented.SegmentedRaftLogWorker (SegmentedRaftLogWorker.java:lambda$new$0(134)) - 2818fa5f-cc14-4867-ab22-981a54c2b243@group-A218E7DAA433-SegmentedRaftLogWorker: flushIndex: setUnconditionally 0 -> -1
2024-02-27 21:40:12,936 [2818fa5f-cc14-4867-ab22-981a54c2b243-groupManagement] INFO  segmented.SegmentedRaftLogWorker (SegmentedRaftLogWorker.java:lambda$new$0(134)) - 2818fa5f-cc14-4867-ab22-981a54c2b243@group-A218E7DAA433-SegmentedRaftLogWorker: safeCacheEvictIndex: setUnconditionally 0 -> -1
2024-02-27 21:40:12,937 [2818fa5f-cc14-4867-ab22-981a54c2b243-groupManagement] INFO  server.RaftServer$Division (RaftServerImpl.java:start(396)) - 2818fa5f-cc14-4867-ab22-981a54c2b243@group-A218E7DAA433: start as a follower, conf=-1: peers:[2818fa5f-cc14-4867-ab22-981a54c2b243|10.1.0.18:15138, 2da9303e-6724-4504-a4a5-d250e7d22259|10.1.0.18:15156, acd5b146-ec22-4575-ab5b-633d0d82c7a3|10.1.0.18:15147]|listeners:[], old=null
2024-02-27 21:40:12,937 [2818fa5f-cc14-4867-ab22-981a54c2b243-groupManagement] INFO  server.RaftServer$Division (RaftServerImpl.java:setRole(383)) - 2818fa5f-cc14-4867-ab22-981a54c2b243@group-A218E7DAA433: changes role from      null to FOLLOWER at term 0 for startAsFollower
2024-02-27 21:40:12,937 [2818fa5f-cc14-4867-ab22-981a54c2b243-groupManagement] INFO  impl.RoleInfo (RoleInfo.java:updateAndGet(139)) - 2818fa5f-cc14-4867-ab22-981a54c2b243: start 2818fa5f-cc14-4867-ab22-981a54c2b243@group-A218E7DAA433-FollowerState
2024-02-27 21:40:12,937 [2818fa5f-cc14-4867-ab22-981a54c2b243-groupManagement] INFO  util.JmxRegister (JmxRegister.java:tryRegister(44)) - Successfully registered JMX Bean with object name Ratis:service=RaftServer,group=group-A218E7DAA433,id=2818fa5f-cc14-4867-ab22-981a54c2b243
2024-02-27 21:40:12,937 [2818fa5f-cc14-4867-ab22-981a54c2b243@group-A218E7DAA433-FollowerState] INFO  server.RaftServerConfigKeys (ConfUtils.java:logFallback(53)) - raft.server.rpc.first-election.timeout.min = 5s (fallback to raft.server.rpc.timeout.min)
2024-02-27 21:40:12,937 [2818fa5f-cc14-4867-ab22-981a54c2b243-groupManagement] INFO  server.RaftServerConfigKeys (ConfUtils.java:logGet(46)) - raft.server.snapshot.trigger-when-stop.enabled = true (default)
2024-02-27 21:40:12,937 [2818fa5f-cc14-4867-ab22-981a54c2b243-groupManagement] INFO  server.RaftServerConfigKeys (ConfUtils.java:logGet(46)) - raft.server.snapshot.auto.trigger.enabled = true (custom)
2024-02-27 21:40:12,937 [2818fa5f-cc14-4867-ab22-981a54c2b243-groupManagement] INFO  server.RaftServerConfigKeys (ConfUtils.java:logGet(46)) - raft.server.snapshot.auto.trigger.threshold = 10000 (custom)
2024-02-27 21:40:12,937 [2818fa5f-cc14-4867-ab22-981a54c2b243-groupManagement] INFO  server.RaftServerConfigKeys (ConfUtils.java:logGet(46)) - raft.server.snapshot.retention.file.num = 5 (custom)
2024-02-27 21:40:12,937 [2818fa5f-cc14-4867-ab22-981a54c2b243-groupManagement] INFO  server.RaftServerConfigKeys (ConfUtils.java:logGet(46)) - raft.server.log.purge.upto.snapshot.index = false (default)
2024-02-27 21:40:12,938 [2818fa5f-cc14-4867-ab22-981a54c2b243-PipelineCommandHandlerThread-0] INFO  ratis.XceiverServerRatis (XceiverServerRatis.java:addGroup(864)) - Created group PipelineID=3b9a94bc-9df7-479a-ab76-a218e7daa433
2024-02-27 21:40:12,938 [2818fa5f-cc14-4867-ab22-981a54c2b243@group-A218E7DAA433-FollowerState] INFO  server.RaftServerConfigKeys (ConfUtils.java:logFallback(53)) - raft.server.rpc.first-election.timeout.max = 5200ms (fallback to raft.server.rpc.timeout.max)
2024-02-27 21:40:12,945 [grpc-default-executor-0] INFO  server.RaftServer (RaftServerProxy.java:addNew(100)) - 2da9303e-6724-4504-a4a5-d250e7d22259: addNew group-A218E7DAA433:[2818fa5f-cc14-4867-ab22-981a54c2b243|10.1.0.18:15138, 2da9303e-6724-4504-a4a5-d250e7d22259|10.1.0.18:15156, acd5b146-ec22-4575-ab5b-633d0d82c7a3|10.1.0.18:15147] returns group-A218E7DAA433:java.util.concurrent.CompletableFuture@75824a07[Not completed]
2024-02-27 21:40:12,946 [2da9303e-6724-4504-a4a5-d250e7d22259-groupManagement] INFO  server.RaftServer$Division (RaftServerImpl.java:<init>(256)) - 2da9303e-6724-4504-a4a5-d250e7d22259: new RaftServerImpl for group-A218E7DAA433:[2818fa5f-cc14-4867-ab22-981a54c2b243|10.1.0.18:15138, 2da9303e-6724-4504-a4a5-d250e7d22259|10.1.0.18:15156, acd5b146-ec22-4575-ab5b-633d0d82c7a3|10.1.0.18:15147] with ContainerStateMachine:uninitialized
2024-02-27 21:40:12,946 [2da9303e-6724-4504-a4a5-d250e7d22259-groupManagement] INFO  server.RaftServerConfigKeys (ConfUtils.java:logGet(46)) - raft.server.rpc.timeout.min = 5s (custom)
2024-02-27 21:40:12,946 [2da9303e-6724-4504-a4a5-d250e7d22259-groupManagement] INFO  server.RaftServerConfigKeys (ConfUtils.java:logGet(46)) - raft.server.rpc.timeout.max = 5200ms (custom)
2024-02-27 21:40:12,946 [2da9303e-6724-4504-a4a5-d250e7d22259-groupManagement] INFO  server.RaftServerConfigKeys (ConfUtils.java:logGet(46)) - raft.server.rpc.sleep.time = 25ms (default)
2024-02-27 21:40:12,946 [2da9303e-6724-4504-a4a5-d250e7d22259-groupManagement] INFO  server.RaftServerConfigKeys (ConfUtils.java:logGet(46)) - raft.server.rpc.slowness.timeout = 300s (custom)
2024-02-27 21:40:12,946 [2da9303e-6724-4504-a4a5-d250e7d22259-groupManagement] INFO  server.RaftServerConfigKeys (ConfUtils.java:logGet(46)) - raft.server.leaderelection.leader.step-down.wait-time = 10s (default)
2024-02-27 21:40:12,946 [2da9303e-6724-4504-a4a5-d250e7d22259-groupManagement] INFO  server.RaftServerConfigKeys (ConfUtils.java:logGet(46)) - raft.server.leaderelection.member.majority-add = false (default)
2024-02-27 21:40:12,946 [2da9303e-6724-4504-a4a5-d250e7d22259-groupManagement] INFO  server.RaftServerConfigKeys (ConfUtils.java:logGet(46)) - raft.server.sleep.deviation.threshold = 300ms (default)
2024-02-27 21:40:12,946 [2da9303e-6724-4504-a4a5-d250e7d22259-groupManagement] INFO  server.RaftServer$Division (ServerState.java:<init>(113)) - 2da9303e-6724-4504-a4a5-d250e7d22259@group-A218E7DAA433: ConfigurationManager, init=-1: peers:[2818fa5f-cc14-4867-ab22-981a54c2b243|10.1.0.18:15138, 2da9303e-6724-4504-a4a5-d250e7d22259|10.1.0.18:15156, acd5b146-ec22-4575-ab5b-633d0d82c7a3|10.1.0.18:15147]|listeners:[], old=null, confs=<EMPTY_MAP>
2024-02-27 21:40:12,946 [2da9303e-6724-4504-a4a5-d250e7d22259-groupManagement] INFO  server.RaftServerConfigKeys (ConfUtils.java:logGet(46)) - raft.server.notification.no-leader.timeout = 300s (custom)
2024-02-27 21:40:12,946 [2da9303e-6724-4504-a4a5-d250e7d22259-groupManagement] INFO  server.RaftServerConfigKeys (ConfUtils.java:logGet(46)) - raft.server.read.timeout = 10s (default)
2024-02-27 21:40:12,946 [2da9303e-6724-4504-a4a5-d250e7d22259-groupManagement] INFO  server.RaftServerConfigKeys (ConfUtils.java:logGet(46)) - raft.server.retrycache.expirytime = 600000ms (custom)
2024-02-27 21:40:12,946 [2da9303e-6724-4504-a4a5-d250e7d22259-groupManagement] INFO  server.RaftServerConfigKeys (ConfUtils.java:logGet(46)) - raft.server.retrycache.statistics.expirytime = 100ms (default)
2024-02-27 21:40:12,947 [2da9303e-6724-4504-a4a5-d250e7d22259-groupManagement] INFO  server.RaftServerConfigKeys (ConfUtils.java:logGet(46)) - raft.server.read.option = DEFAULT (default)
2024-02-27 21:40:12,947 [2da9303e-6724-4504-a4a5-d250e7d22259-groupManagement] INFO  server.RaftServerConfigKeys (ConfUtils.java:logGet(46)) - raft.server.read.read-after-write-consistent.write-index-cache.expiry-time = 60s (default)
2024-02-27 21:40:12,949 [2da9303e-6724-4504-a4a5-d250e7d22259-groupManagement] INFO  server.RaftServerConfigKeys (ConfUtils.java:logGet(46)) - raft.server.rpc.request.timeout = 60s (custom)
2024-02-27 21:40:12,949 [2da9303e-6724-4504-a4a5-d250e7d22259-groupManagement] INFO  server.RaftServerConfigKeys (ConfUtils.java:logGet(46)) - raft.server.log.appender.install.snapshot.enabled = false (custom)
2024-02-27 21:40:12,949 [2da9303e-6724-4504-a4a5-d250e7d22259-groupManagement] INFO  server.RaftServerConfigKeys (ConfUtils.java:logGet(46)) - raft.server.threadpool.server.cached = true (default)
2024-02-27 21:40:12,949 [2da9303e-6724-4504-a4a5-d250e7d22259-groupManagement] INFO  server.RaftServerConfigKeys (ConfUtils.java:logGet(46)) - raft.server.threadpool.server.size = 0 (default)
2024-02-27 21:40:12,949 [2da9303e-6724-4504-a4a5-d250e7d22259-groupManagement] INFO  server.RaftServerConfigKeys (ConfUtils.java:logGet(46)) - raft.server.threadpool.client.cached = true (default)
2024-02-27 21:40:12,949 [2da9303e-6724-4504-a4a5-d250e7d22259-groupManagement] INFO  server.RaftServerConfigKeys (ConfUtils.java:logGet(46)) - raft.server.threadpool.client.size = 0 (default)
2024-02-27 21:40:12,949 [2da9303e-6724-4504-a4a5-d250e7d22259-groupManagement] INFO  server.RaftServerConfigKeys (ConfUtils.java:logGet(46)) - raft.server.storage.free-space.min = 0MB (=0) (default)
2024-02-27 21:40:12,949 [2da9303e-6724-4504-a4a5-d250e7d22259-groupManagement] INFO  server.RaftServerConfigKeys (ConfUtils.java:logGet(46)) - raft.server.log.corruption.policy = EXCEPTION (default)
2024-02-27 21:40:12,949 [2da9303e-6724-4504-a4a5-d250e7d22259-groupManagement] INFO  server.RaftServerConfigKeys (ConfUtils.java:logGet(46)) - raft.server.storage.dir = [/home/runner/work/ozone/ozone/hadoop-ozone/integration-test/target/test-dir/MiniOzoneClusterImpl-6e3a073c-9bdc-4deb-8550-ef77f821b5e4/ozone-meta/datanode-6/ratis] (custom)
2024-02-27 21:40:12,950 [2da9303e-6724-4504-a4a5-d250e7d22259-groupManagement] INFO  storage.RaftStorageDirectory (RaftStorageDirectoryImpl.java:analyzeStorage(138)) - The storage directory /home/runner/work/ozone/ozone/hadoop-ozone/integration-test/target/test-dir/MiniOzoneClusterImpl-6e3a073c-9bdc-4deb-8550-ef77f821b5e4/ozone-meta/datanode-6/ratis/3b9a94bc-9df7-479a-ab76-a218e7daa433 does not exist. Creating ...
2024-02-27 21:40:12,950 [2da9303e-6724-4504-a4a5-d250e7d22259-groupManagement] INFO  storage.RaftStorageDirectory (RaftStorageDirectoryImpl.java:tryLock(228)) - Lock on /home/runner/work/ozone/ozone/hadoop-ozone/integration-test/target/test-dir/MiniOzoneClusterImpl-6e3a073c-9bdc-4deb-8550-ef77f821b5e4/ozone-meta/datanode-6/ratis/3b9a94bc-9df7-479a-ab76-a218e7daa433/in_use.lock acquired by nodename 32143@fv-az531-651
2024-02-27 21:40:12,951 [2da9303e-6724-4504-a4a5-d250e7d22259-groupManagement] INFO  storage.RaftStorage (RaftStorageImpl.java:format(99)) - Storage directory /home/runner/work/ozone/ozone/hadoop-ozone/integration-test/target/test-dir/MiniOzoneClusterImpl-6e3a073c-9bdc-4deb-8550-ef77f821b5e4/ozone-meta/datanode-6/ratis/3b9a94bc-9df7-479a-ab76-a218e7daa433 has been successfully formatted.
2024-02-27 21:40:12,951 [2da9303e-6724-4504-a4a5-d250e7d22259-groupManagement] WARN  util.FileUtils (LogUtils.java:supplyAndLog(63)) - Failed to Files.newInputStream /home/runner/work/ozone/ozone/hadoop-ozone/integration-test/target/test-dir/MiniOzoneClusterImpl-6e3a073c-9bdc-4deb-8550-ef77f821b5e4/ozone-meta/datanode-6/ratis/3b9a94bc-9df7-479a-ab76-a218e7daa433/current/raft-meta.conf with options []: java.nio.file.NoSuchFileException: /home/runner/work/ozone/ozone/hadoop-ozone/integration-test/target/test-dir/MiniOzoneClusterImpl-6e3a073c-9bdc-4deb-8550-ef77f821b5e4/ozone-meta/datanode-6/ratis/3b9a94bc-9df7-479a-ab76-a218e7daa433/current/raft-meta.conf
2024-02-27 21:40:12,952 [2da9303e-6724-4504-a4a5-d250e7d22259-groupManagement] INFO  ratis.ContainerStateMachine (ContainerStateMachine.java:loadSnapshot(287)) - group-A218E7DAA433: The snapshot info is null. Setting the last applied index to:(t:0, i:~)
2024-02-27 21:40:12,953 [2da9303e-6724-4504-a4a5-d250e7d22259-groupManagement] INFO  server.RaftServerConfigKeys (ConfUtils.java:logGet(46)) - raft.server.log.use.memory = false (default)
2024-02-27 21:40:12,953 [2da9303e-6724-4504-a4a5-d250e7d22259-groupManagement] INFO  server.RaftServerConfigKeys (ConfUtils.java:logGet(46)) - raft.server.log.purge.gap = 1000000 (custom)
2024-02-27 21:40:12,953 [2da9303e-6724-4504-a4a5-d250e7d22259-groupManagement] INFO  server.RaftServerConfigKeys (ConfUtils.java:logGet(46)) - raft.server.log.appender.buffer.byte-limit = 8388608 (custom)
2024-02-27 21:40:12,953 [2da9303e-6724-4504-a4a5-d250e7d22259-groupManagement] INFO  server.RaftServerConfigKeys (ConfUtils.java:logGet(46)) - raft.server.log.statemachine.data.read.timeout = 1000ms (default)
2024-02-27 21:40:12,953 [2da9303e-6724-4504-a4a5-d250e7d22259-groupManagement] INFO  server.RaftServerConfigKeys (ConfUtils.java:logGet(46)) - raft.server.log.purge.preservation.log.num = 0 (default)
2024-02-27 21:40:12,954 [2da9303e-6724-4504-a4a5-d250e7d22259-groupManagement] INFO  server.RaftServerConfigKeys (ConfUtils.java:logGet(46)) - raft.server.log.segment.size.max = 67108864 (custom)
2024-02-27 21:40:12,954 [2da9303e-6724-4504-a4a5-d250e7d22259-groupManagement] INFO  server.RaftServerConfigKeys (ConfUtils.java:logGet(46)) - raft.server.log.segment.cache.num.max = 2 (custom)
2024-02-27 21:40:12,955 [2da9303e-6724-4504-a4a5-d250e7d22259-groupManagement] INFO  server.RaftServerConfigKeys (ConfUtils.java:logGet(46)) - raft.server.log.segment.cache.size.max = 200MB (=209715200) (default)
2024-02-27 21:40:12,955 [2da9303e-6724-4504-a4a5-d250e7d22259-groupManagement] INFO  server.RaftServerConfigKeys (ConfUtils.java:logGet(46)) - raft.server.log.appender.buffer.byte-limit = 8388608 (custom)
2024-02-27 21:40:12,955 [2da9303e-6724-4504-a4a5-d250e7d22259-groupManagement] INFO  util.AwaitToRun (AwaitToRun.java:start(81)) - Thread[2da9303e-6724-4504-a4a5-d250e7d22259@group-A218E7DAA433-cacheEviction-AwaitToRun,5,main] started
2024-02-27 21:40:12,955 [2da9303e-6724-4504-a4a5-d250e7d22259-groupManagement] INFO  segmented.SegmentedRaftLogWorker (SegmentedRaftLogWorker.java:<init>(182)) - new 2da9303e-6724-4504-a4a5-d250e7d22259@group-A218E7DAA433-SegmentedRaftLogWorker for RaftStorageImpl:Storage Directory /home/runner/work/ozone/ozone/hadoop-ozone/integration-test/target/test-dir/MiniOzoneClusterImpl-6e3a073c-9bdc-4deb-8550-ef77f821b5e4/ozone-meta/datanode-6/ratis/3b9a94bc-9df7-479a-ab76-a218e7daa433
2024-02-27 21:40:12,955 [2da9303e-6724-4504-a4a5-d250e7d22259-groupManagement] INFO  server.RaftServerConfigKeys (ConfUtils.java:logGet(46)) - raft.server.log.queue.byte-limit = 4294967296 (custom)
2024-02-27 21:40:12,955 [2da9303e-6724-4504-a4a5-d250e7d22259-groupManagement] INFO  server.RaftServerConfigKeys (ConfUtils.java:logGet(46)) - raft.server.log.queue.element-limit = 1024 (custom)
2024-02-27 21:40:12,955 [2da9303e-6724-4504-a4a5-d250e7d22259-groupManagement] INFO  server.RaftServerConfigKeys (ConfUtils.java:logGet(46)) - raft.server.log.segment.size.max = 67108864 (custom)
2024-02-27 21:40:12,955 [2da9303e-6724-4504-a4a5-d250e7d22259-groupManagement] INFO  server.RaftServerConfigKeys (ConfUtils.java:logGet(46)) - raft.server.log.preallocated.size = 4194304 (custom)
2024-02-27 21:40:12,955 [2da9303e-6724-4504-a4a5-d250e7d22259-groupManagement] INFO  server.RaftServerConfigKeys (ConfUtils.java:logGet(46)) - raft.server.log.force.sync.num = 128 (default)
2024-02-27 21:40:12,955 [2da9303e-6724-4504-a4a5-d250e7d22259-groupManagement] INFO  server.RaftServerConfigKeys (ConfUtils.java:logGet(46)) - raft.server.log.statemachine.data.sync = true (default)
2024-02-27 21:40:12,955 [2da9303e-6724-4504-a4a5-d250e7d22259-groupManagement] INFO  server.RaftServerConfigKeys (ConfUtils.java:logGet(46)) - raft.server.log.statemachine.data.sync.timeout = 10s (default)
2024-02-27 21:40:12,955 [2da9303e-6724-4504-a4a5-d250e7d22259-groupManagement] INFO  server.RaftServerConfigKeys (ConfUtils.java:logGet(46)) - raft.server.log.statemachine.data.sync.timeout.retry = 0 (custom)
2024-02-27 21:40:12,956 [2da9303e-6724-4504-a4a5-d250e7d22259-groupManagement] INFO  server.RaftServerConfigKeys (ConfUtils.java:logGet(46)) - raft.server.log.write.buffer.size = 8388616 (custom)
2024-02-27 21:40:12,957 [2da9303e-6724-4504-a4a5-d250e7d22259-groupManagement] INFO  server.RaftServerConfigKeys (ConfUtils.java:logGet(46)) - raft.server.log.appender.buffer.byte-limit = 8388608 (custom)
2024-02-27 21:40:12,957 [2da9303e-6724-4504-a4a5-d250e7d22259-groupManagement] INFO  server.RaftServerConfigKeys (ConfUtils.java:logGet(46)) - raft.server.log.unsafe-flush.enabled = false (default)
2024-02-27 21:40:12,957 [2da9303e-6724-4504-a4a5-d250e7d22259-groupManagement] INFO  server.RaftServerConfigKeys (ConfUtils.java:logGet(46)) - raft.server.log.async-flush.enabled = false (default)
2024-02-27 21:40:12,957 [2da9303e-6724-4504-a4a5-d250e7d22259-groupManagement] INFO  server.RaftServerConfigKeys (ConfUtils.java:logGet(46)) - raft.server.log.statemachine.data.caching.enabled = true (custom)
2024-02-27 21:40:12,957 [2da9303e-6724-4504-a4a5-d250e7d22259-groupManagement] INFO  segmented.SegmentedRaftLogWorker (SegmentedRaftLogWorker.java:lambda$new$0(134)) - 2da9303e-6724-4504-a4a5-d250e7d22259@group-A218E7DAA433-SegmentedRaftLogWorker: flushIndex: setUnconditionally 0 -> -1
2024-02-27 21:40:12,957 [2da9303e-6724-4504-a4a5-d250e7d22259-groupManagement] INFO  segmented.SegmentedRaftLogWorker (SegmentedRaftLogWorker.java:lambda$new$0(134)) - 2da9303e-6724-4504-a4a5-d250e7d22259@group-A218E7DAA433-SegmentedRaftLogWorker: safeCacheEvictIndex: setUnconditionally 0 -> -1
2024-02-27 21:40:12,958 [2da9303e-6724-4504-a4a5-d250e7d22259-groupManagement] INFO  server.RaftServer$Division (RaftServerImpl.java:start(396)) - 2da9303e-6724-4504-a4a5-d250e7d22259@group-A218E7DAA433: start as a follower, conf=-1: peers:[2818fa5f-cc14-4867-ab22-981a54c2b243|10.1.0.18:15138, 2da9303e-6724-4504-a4a5-d250e7d22259|10.1.0.18:15156, acd5b146-ec22-4575-ab5b-633d0d82c7a3|10.1.0.18:15147]|listeners:[], old=null
2024-02-27 21:40:12,958 [2da9303e-6724-4504-a4a5-d250e7d22259-groupManagement] INFO  server.RaftServer$Division (RaftServerImpl.java:setRole(383)) - 2da9303e-6724-4504-a4a5-d250e7d22259@group-A218E7DAA433: changes role from      null to FOLLOWER at term 0 for startAsFollower
2024-02-27 21:40:12,958 [2da9303e-6724-4504-a4a5-d250e7d22259-groupManagement] INFO  impl.RoleInfo (RoleInfo.java:updateAndGet(139)) - 2da9303e-6724-4504-a4a5-d250e7d22259: start 2da9303e-6724-4504-a4a5-d250e7d22259@group-A218E7DAA433-FollowerState
2024-02-27 21:40:12,958 [2da9303e-6724-4504-a4a5-d250e7d22259-groupManagement] INFO  util.JmxRegister (JmxRegister.java:tryRegister(44)) - Successfully registered JMX Bean with object name Ratis:service=RaftServer,group=group-A218E7DAA433,id=2da9303e-6724-4504-a4a5-d250e7d22259
2024-02-27 21:40:12,958 [2da9303e-6724-4504-a4a5-d250e7d22259-groupManagement] INFO  server.RaftServerConfigKeys (ConfUtils.java:logGet(46)) - raft.server.snapshot.trigger-when-stop.enabled = true (default)
2024-02-27 21:40:12,958 [2da9303e-6724-4504-a4a5-d250e7d22259-groupManagement] INFO  server.RaftServerConfigKeys (ConfUtils.java:logGet(46)) - raft.server.snapshot.auto.trigger.enabled = true (custom)
2024-02-27 21:40:12,958 [2da9303e-6724-4504-a4a5-d250e7d22259-groupManagement] INFO  server.RaftServerConfigKeys (ConfUtils.java:logGet(46)) - raft.server.snapshot.auto.trigger.threshold = 10000 (custom)
2024-02-27 21:40:12,958 [2da9303e-6724-4504-a4a5-d250e7d22259-groupManagement] INFO  server.RaftServerConfigKeys (ConfUtils.java:logGet(46)) - raft.server.snapshot.retention.file.num = 5 (custom)
2024-02-27 21:40:12,958 [2da9303e-6724-4504-a4a5-d250e7d22259-groupManagement] INFO  server.RaftServerConfigKeys (ConfUtils.java:logGet(46)) - raft.server.log.purge.upto.snapshot.index = false (default)
2024-02-27 21:40:12,958 [2da9303e-6724-4504-a4a5-d250e7d22259@group-A218E7DAA433-FollowerState] INFO  server.RaftServerConfigKeys (ConfUtils.java:logFallback(53)) - raft.server.rpc.first-election.timeout.min = 5s (fallback to raft.server.rpc.timeout.min)
2024-02-27 21:40:12,959 [2da9303e-6724-4504-a4a5-d250e7d22259@group-A218E7DAA433-FollowerState] INFO  server.RaftServerConfigKeys (ConfUtils.java:logFallback(53)) - raft.server.rpc.first-election.timeout.max = 5200ms (fallback to raft.server.rpc.timeout.max)
2024-02-27 21:40:12,971 [grpc-default-executor-0] INFO  server.RaftServer (RaftServerProxy.java:addNew(100)) - acd5b146-ec22-4575-ab5b-633d0d82c7a3: addNew group-A218E7DAA433:[2818fa5f-cc14-4867-ab22-981a54c2b243|10.1.0.18:15138, 2da9303e-6724-4504-a4a5-d250e7d22259|10.1.0.18:15156, acd5b146-ec22-4575-ab5b-633d0d82c7a3|10.1.0.18:15147] returns group-A218E7DAA433:java.util.concurrent.CompletableFuture@48f9966e[Not completed]
2024-02-27 21:40:12,972 [acd5b146-ec22-4575-ab5b-633d0d82c7a3-groupManagement] INFO  server.RaftServer$Division (RaftServerImpl.java:<init>(256)) - acd5b146-ec22-4575-ab5b-633d0d82c7a3: new RaftServerImpl for group-A218E7DAA433:[2818fa5f-cc14-4867-ab22-981a54c2b243|10.1.0.18:15138, 2da9303e-6724-4504-a4a5-d250e7d22259|10.1.0.18:15156, acd5b146-ec22-4575-ab5b-633d0d82c7a3|10.1.0.18:15147] with ContainerStateMachine:uninitialized
2024-02-27 21:40:12,972 [acd5b146-ec22-4575-ab5b-633d0d82c7a3-groupManagement] INFO  server.RaftServerConfigKeys (ConfUtils.java:logGet(46)) - raft.server.rpc.timeout.min = 5s (custom)
2024-02-27 21:40:12,972 [acd5b146-ec22-4575-ab5b-633d0d82c7a3-groupManagement] INFO  server.RaftServerConfigKeys (ConfUtils.java:logGet(46)) - raft.server.rpc.timeout.max = 5200ms (custom)
2024-02-27 21:40:12,972 [acd5b146-ec22-4575-ab5b-633d0d82c7a3-groupManagement] INFO  server.RaftServerConfigKeys (ConfUtils.java:logGet(46)) - raft.server.rpc.sleep.time = 25ms (default)
2024-02-27 21:40:12,972 [acd5b146-ec22-4575-ab5b-633d0d82c7a3-groupManagement] INFO  server.RaftServerConfigKeys (ConfUtils.java:logGet(46)) - raft.server.rpc.slowness.timeout = 300s (custom)
2024-02-27 21:40:12,972 [acd5b146-ec22-4575-ab5b-633d0d82c7a3-groupManagement] INFO  server.RaftServerConfigKeys (ConfUtils.java:logGet(46)) - raft.server.leaderelection.leader.step-down.wait-time = 10s (default)
2024-02-27 21:40:12,973 [acd5b146-ec22-4575-ab5b-633d0d82c7a3-groupManagement] INFO  server.RaftServerConfigKeys (ConfUtils.java:logGet(46)) - raft.server.leaderelection.member.majority-add = false (default)
2024-02-27 21:40:12,973 [acd5b146-ec22-4575-ab5b-633d0d82c7a3-groupManagement] INFO  server.RaftServerConfigKeys (ConfUtils.java:logGet(46)) - raft.server.sleep.deviation.threshold = 300ms (default)
2024-02-27 21:40:12,973 [acd5b146-ec22-4575-ab5b-633d0d82c7a3-groupManagement] INFO  server.RaftServer$Division (ServerState.java:<init>(113)) - acd5b146-ec22-4575-ab5b-633d0d82c7a3@group-A218E7DAA433: ConfigurationManager, init=-1: peers:[2818fa5f-cc14-4867-ab22-981a54c2b243|10.1.0.18:15138, 2da9303e-6724-4504-a4a5-d250e7d22259|10.1.0.18:15156, acd5b146-ec22-4575-ab5b-633d0d82c7a3|10.1.0.18:15147]|listeners:[], old=null, confs=<EMPTY_MAP>
2024-02-27 21:40:12,973 [acd5b146-ec22-4575-ab5b-633d0d82c7a3-groupManagement] INFO  server.RaftServerConfigKeys (ConfUtils.java:logGet(46)) - raft.server.notification.no-leader.timeout = 300s (custom)
2024-02-27 21:40:12,973 [acd5b146-ec22-4575-ab5b-633d0d82c7a3-groupManagement] INFO  server.RaftServerConfigKeys (ConfUtils.java:logGet(46)) - raft.server.read.timeout = 10s (default)
2024-02-27 21:40:12,973 [acd5b146-ec22-4575-ab5b-633d0d82c7a3-groupManagement] INFO  server.RaftServerConfigKeys (ConfUtils.java:logGet(46)) - raft.server.retrycache.expirytime = 600000ms (custom)
2024-02-27 21:40:12,973 [acd5b146-ec22-4575-ab5b-633d0d82c7a3-groupManagement] INFO  server.RaftServerConfigKeys (ConfUtils.java:logGet(46)) - raft.server.retrycache.statistics.expirytime = 100ms (default)
2024-02-27 21:40:12,973 [acd5b146-ec22-4575-ab5b-633d0d82c7a3-groupManagement] INFO  server.RaftServerConfigKeys (ConfUtils.java:logGet(46)) - raft.server.read.option = DEFAULT (default)
2024-02-27 21:40:12,973 [acd5b146-ec22-4575-ab5b-633d0d82c7a3-groupManagement] INFO  server.RaftServerConfigKeys (ConfUtils.java:logGet(46)) - raft.server.read.read-after-write-consistent.write-index-cache.expiry-time = 60s (default)
2024-02-27 21:40:12,975 [acd5b146-ec22-4575-ab5b-633d0d82c7a3-groupManagement] INFO  server.RaftServerConfigKeys (ConfUtils.java:logGet(46)) - raft.server.rpc.request.timeout = 60s (custom)
2024-02-27 21:40:12,975 [acd5b146-ec22-4575-ab5b-633d0d82c7a3-groupManagement] INFO  server.RaftServerConfigKeys (ConfUtils.java:logGet(46)) - raft.server.log.appender.install.snapshot.enabled = false (custom)
2024-02-27 21:40:12,975 [acd5b146-ec22-4575-ab5b-633d0d82c7a3-groupManagement] INFO  server.RaftServerConfigKeys (ConfUtils.java:logGet(46)) - raft.server.threadpool.server.cached = true (default)
2024-02-27 21:40:12,975 [acd5b146-ec22-4575-ab5b-633d0d82c7a3-groupManagement] INFO  server.RaftServerConfigKeys (ConfUtils.java:logGet(46)) - raft.server.threadpool.server.size = 0 (default)
2024-02-27 21:40:12,975 [acd5b146-ec22-4575-ab5b-633d0d82c7a3-groupManagement] INFO  server.RaftServerConfigKeys (ConfUtils.java:logGet(46)) - raft.server.threadpool.client.cached = true (default)
2024-02-27 21:40:12,975 [acd5b146-ec22-4575-ab5b-633d0d82c7a3-groupManagement] INFO  server.RaftServerConfigKeys (ConfUtils.java:logGet(46)) - raft.server.threadpool.client.size = 0 (default)
2024-02-27 21:40:12,975 [acd5b146-ec22-4575-ab5b-633d0d82c7a3-groupManagement] INFO  server.RaftServerConfigKeys (ConfUtils.java:logGet(46)) - raft.server.storage.free-space.min = 0MB (=0) (default)
2024-02-27 21:40:12,975 [acd5b146-ec22-4575-ab5b-633d0d82c7a3-groupManagement] INFO  server.RaftServerConfigKeys (ConfUtils.java:logGet(46)) - raft.server.log.corruption.policy = EXCEPTION (default)
2024-02-27 21:40:12,975 [acd5b146-ec22-4575-ab5b-633d0d82c7a3-groupManagement] INFO  server.RaftServerConfigKeys (ConfUtils.java:logGet(46)) - raft.server.storage.dir = [/home/runner/work/ozone/ozone/hadoop-ozone/integration-test/target/test-dir/MiniOzoneClusterImpl-6e3a073c-9bdc-4deb-8550-ef77f821b5e4/ozone-meta/datanode-5/ratis] (custom)
2024-02-27 21:40:12,975 [acd5b146-ec22-4575-ab5b-633d0d82c7a3-groupManagement] INFO  storage.RaftStorageDirectory (RaftStorageDirectoryImpl.java:analyzeStorage(138)) - The storage directory /home/runner/work/ozone/ozone/hadoop-ozone/integration-test/target/test-dir/MiniOzoneClusterImpl-6e3a073c-9bdc-4deb-8550-ef77f821b5e4/ozone-meta/datanode-5/ratis/3b9a94bc-9df7-479a-ab76-a218e7daa433 does not exist. Creating ...
2024-02-27 21:40:12,976 [acd5b146-ec22-4575-ab5b-633d0d82c7a3-groupManagement] INFO  storage.RaftStorageDirectory (RaftStorageDirectoryImpl.java:tryLock(228)) - Lock on /home/runner/work/ozone/ozone/hadoop-ozone/integration-test/target/test-dir/MiniOzoneClusterImpl-6e3a073c-9bdc-4deb-8550-ef77f821b5e4/ozone-meta/datanode-5/ratis/3b9a94bc-9df7-479a-ab76-a218e7daa433/in_use.lock acquired by nodename 32143@fv-az531-651
2024-02-27 21:40:12,977 [acd5b146-ec22-4575-ab5b-633d0d82c7a3-groupManagement] INFO  storage.RaftStorage (RaftStorageImpl.java:format(99)) - Storage directory /home/runner/work/ozone/ozone/hadoop-ozone/integration-test/target/test-dir/MiniOzoneClusterImpl-6e3a073c-9bdc-4deb-8550-ef77f821b5e4/ozone-meta/datanode-5/ratis/3b9a94bc-9df7-479a-ab76-a218e7daa433 has been successfully formatted.
2024-02-27 21:40:12,977 [acd5b146-ec22-4575-ab5b-633d0d82c7a3-groupManagement] WARN  util.FileUtils (LogUtils.java:supplyAndLog(63)) - Failed to Files.newInputStream /home/runner/work/ozone/ozone/hadoop-ozone/integration-test/target/test-dir/MiniOzoneClusterImpl-6e3a073c-9bdc-4deb-8550-ef77f821b5e4/ozone-meta/datanode-5/ratis/3b9a94bc-9df7-479a-ab76-a218e7daa433/current/raft-meta.conf with options []: java.nio.file.NoSuchFileException: /home/runner/work/ozone/ozone/hadoop-ozone/integration-test/target/test-dir/MiniOzoneClusterImpl-6e3a073c-9bdc-4deb-8550-ef77f821b5e4/ozone-meta/datanode-5/ratis/3b9a94bc-9df7-479a-ab76-a218e7daa433/current/raft-meta.conf
2024-02-27 21:40:12,978 [acd5b146-ec22-4575-ab5b-633d0d82c7a3-groupManagement] INFO  ratis.ContainerStateMachine (ContainerStateMachine.java:loadSnapshot(287)) - group-A218E7DAA433: The snapshot info is null. Setting the last applied index to:(t:0, i:~)
2024-02-27 21:40:12,978 [acd5b146-ec22-4575-ab5b-633d0d82c7a3-groupManagement] INFO  server.RaftServerConfigKeys (ConfUtils.java:logGet(46)) - raft.server.log.use.memory = false (default)
2024-02-27 21:40:12,978 [acd5b146-ec22-4575-ab5b-633d0d82c7a3-groupManagement] INFO  server.RaftServerConfigKeys (ConfUtils.java:logGet(46)) - raft.server.log.purge.gap = 1000000 (custom)
2024-02-27 21:40:12,978 [acd5b146-ec22-4575-ab5b-633d0d82c7a3-groupManagement] INFO  server.RaftServerConfigKeys (ConfUtils.java:logGet(46)) - raft.server.log.appender.buffer.byte-limit = 8388608 (custom)
2024-02-27 21:40:12,979 [acd5b146-ec22-4575-ab5b-633d0d82c7a3-groupManagement] INFO  server.RaftServerConfigKeys (ConfUtils.java:logGet(46)) - raft.server.log.statemachine.data.read.timeout = 1000ms (default)
2024-02-27 21:40:12,979 [acd5b146-ec22-4575-ab5b-633d0d82c7a3-groupManagement] INFO  server.RaftServerConfigKeys (ConfUtils.java:logGet(46)) - raft.server.log.purge.preservation.log.num = 0 (default)
2024-02-27 21:40:12,980 [acd5b146-ec22-4575-ab5b-633d0d82c7a3-groupManagement] INFO  server.RaftServerConfigKeys (ConfUtils.java:logGet(46)) - raft.server.log.segment.size.max = 67108864 (custom)
2024-02-27 21:40:12,980 [acd5b146-ec22-4575-ab5b-633d0d82c7a3-groupManagement] INFO  server.RaftServerConfigKeys (ConfUtils.java:logGet(46)) - raft.server.log.segment.cache.num.max = 2 (custom)
2024-02-27 21:40:12,980 [acd5b146-ec22-4575-ab5b-633d0d82c7a3-groupManagement] INFO  server.RaftServerConfigKeys (ConfUtils.java:logGet(46)) - raft.server.log.segment.cache.size.max = 200MB (=209715200) (default)
2024-02-27 21:40:12,980 [acd5b146-ec22-4575-ab5b-633d0d82c7a3-groupManagement] INFO  server.RaftServerConfigKeys (ConfUtils.java:logGet(46)) - raft.server.log.appender.buffer.byte-limit = 8388608 (custom)
2024-02-27 21:40:12,980 [acd5b146-ec22-4575-ab5b-633d0d82c7a3-groupManagement] INFO  util.AwaitToRun (AwaitToRun.java:start(81)) - Thread[acd5b146-ec22-4575-ab5b-633d0d82c7a3@group-A218E7DAA433-cacheEviction-AwaitToRun,5,main] started
2024-02-27 21:40:12,980 [acd5b146-ec22-4575-ab5b-633d0d82c7a3-groupManagement] INFO  segmented.SegmentedRaftLogWorker (SegmentedRaftLogWorker.java:<init>(182)) - new acd5b146-ec22-4575-ab5b-633d0d82c7a3@group-A218E7DAA433-SegmentedRaftLogWorker for RaftStorageImpl:Storage Directory /home/runner/work/ozone/ozone/hadoop-ozone/integration-test/target/test-dir/MiniOzoneClusterImpl-6e3a073c-9bdc-4deb-8550-ef77f821b5e4/ozone-meta/datanode-5/ratis/3b9a94bc-9df7-479a-ab76-a218e7daa433
2024-02-27 21:40:12,980 [acd5b146-ec22-4575-ab5b-633d0d82c7a3-groupManagement] INFO  server.RaftServerConfigKeys (ConfUtils.java:logGet(46)) - raft.server.log.queue.byte-limit = 4294967296 (custom)
2024-02-27 21:40:12,980 [acd5b146-ec22-4575-ab5b-633d0d82c7a3-groupManagement] INFO  server.RaftServerConfigKeys (ConfUtils.java:logGet(46)) - raft.server.log.queue.element-limit = 1024 (custom)
2024-02-27 21:40:12,980 [acd5b146-ec22-4575-ab5b-633d0d82c7a3-groupManagement] INFO  server.RaftServerConfigKeys (ConfUtils.java:logGet(46)) - raft.server.log.segment.size.max = 67108864 (custom)
2024-02-27 21:40:12,980 [acd5b146-ec22-4575-ab5b-633d0d82c7a3-groupManagement] INFO  server.RaftServerConfigKeys (ConfUtils.java:logGet(46)) - raft.server.log.preallocated.size = 4194304 (custom)
2024-02-27 21:40:12,980 [acd5b146-ec22-4575-ab5b-633d0d82c7a3-groupManagement] INFO  server.RaftServerConfigKeys (ConfUtils.java:logGet(46)) - raft.server.log.force.sync.num = 128 (default)
2024-02-27 21:40:12,980 [acd5b146-ec22-4575-ab5b-633d0d82c7a3-groupManagement] INFO  server.RaftServerConfigKeys (ConfUtils.java:logGet(46)) - raft.server.log.statemachine.data.sync = true (default)
2024-02-27 21:40:12,980 [acd5b146-ec22-4575-ab5b-633d0d82c7a3-groupManagement] INFO  server.RaftServerConfigKeys (ConfUtils.java:logGet(46)) - raft.server.log.statemachine.data.sync.timeout = 10s (default)
2024-02-27 21:40:12,980 [acd5b146-ec22-4575-ab5b-633d0d82c7a3-groupManagement] INFO  server.RaftServerConfigKeys (ConfUtils.java:logGet(46)) - raft.server.log.statemachine.data.sync.timeout.retry = 0 (custom)
2024-02-27 21:40:12,981 [acd5b146-ec22-4575-ab5b-633d0d82c7a3-groupManagement] INFO  server.RaftServerConfigKeys (ConfUtils.java:logGet(46)) - raft.server.log.write.buffer.size = 8388616 (custom)
2024-02-27 21:40:12,982 [acd5b146-ec22-4575-ab5b-633d0d82c7a3-groupManagement] INFO  server.RaftServerConfigKeys (ConfUtils.java:logGet(46)) - raft.server.log.appender.buffer.byte-limit = 8388608 (custom)
2024-02-27 21:40:12,982 [acd5b146-ec22-4575-ab5b-633d0d82c7a3-groupManagement] INFO  server.RaftServerConfigKeys (ConfUtils.java:logGet(46)) - raft.server.log.unsafe-flush.enabled = false (default)
2024-02-27 21:40:12,982 [acd5b146-ec22-4575-ab5b-633d0d82c7a3-groupManagement] INFO  server.RaftServerConfigKeys (ConfUtils.java:logGet(46)) - raft.server.log.async-flush.enabled = false (default)
2024-02-27 21:40:12,982 [acd5b146-ec22-4575-ab5b-633d0d82c7a3-groupManagement] INFO  server.RaftServerConfigKeys (ConfUtils.java:logGet(46)) - raft.server.log.statemachine.data.caching.enabled = true (custom)
2024-02-27 21:40:12,982 [acd5b146-ec22-4575-ab5b-633d0d82c7a3-groupManagement] INFO  segmented.SegmentedRaftLogWorker (SegmentedRaftLogWorker.java:lambda$new$0(134)) - acd5b146-ec22-4575-ab5b-633d0d82c7a3@group-A218E7DAA433-SegmentedRaftLogWorker: flushIndex: setUnconditionally 0 -> -1
2024-02-27 21:40:12,982 [acd5b146-ec22-4575-ab5b-633d0d82c7a3-groupManagement] INFO  segmented.SegmentedRaftLogWorker (SegmentedRaftLogWorker.java:lambda$new$0(134)) - acd5b146-ec22-4575-ab5b-633d0d82c7a3@group-A218E7DAA433-SegmentedRaftLogWorker: safeCacheEvictIndex: setUnconditionally 0 -> -1
2024-02-27 21:40:12,982 [acd5b146-ec22-4575-ab5b-633d0d82c7a3-groupManagement] INFO  server.RaftServer$Division (RaftServerImpl.java:start(396)) - acd5b146-ec22-4575-ab5b-633d0d82c7a3@group-A218E7DAA433: start as a follower, conf=-1: peers:[2818fa5f-cc14-4867-ab22-981a54c2b243|10.1.0.18:15138, 2da9303e-6724-4504-a4a5-d250e7d22259|10.1.0.18:15156, acd5b146-ec22-4575-ab5b-633d0d82c7a3|10.1.0.18:15147]|listeners:[], old=null
2024-02-27 21:40:12,982 [acd5b146-ec22-4575-ab5b-633d0d82c7a3-groupManagement] INFO  server.RaftServer$Division (RaftServerImpl.java:setRole(383)) - acd5b146-ec22-4575-ab5b-633d0d82c7a3@group-A218E7DAA433: changes role from      null to FOLLOWER at term 0 for startAsFollower
2024-02-27 21:40:12,982 [acd5b146-ec22-4575-ab5b-633d0d82c7a3-groupManagement] INFO  impl.RoleInfo (RoleInfo.java:updateAndGet(139)) - acd5b146-ec22-4575-ab5b-633d0d82c7a3: start acd5b146-ec22-4575-ab5b-633d0d82c7a3@group-A218E7DAA433-FollowerState
2024-02-27 21:40:12,982 [acd5b146-ec22-4575-ab5b-633d0d82c7a3@group-A218E7DAA433-FollowerState] INFO  server.RaftServerConfigKeys (ConfUtils.java:logFallback(53)) - raft.server.rpc.first-election.timeout.min = 5s (fallback to raft.server.rpc.timeout.min)
2024-02-27 21:40:12,982 [acd5b146-ec22-4575-ab5b-633d0d82c7a3-groupManagement] INFO  util.JmxRegister (JmxRegister.java:tryRegister(44)) - Successfully registered JMX Bean with object name Ratis:service=RaftServer,group=group-A218E7DAA433,id=acd5b146-ec22-4575-ab5b-633d0d82c7a3
2024-02-27 21:40:12,983 [acd5b146-ec22-4575-ab5b-633d0d82c7a3-groupManagement] INFO  server.RaftServerConfigKeys (ConfUtils.java:logGet(46)) - raft.server.snapshot.trigger-when-stop.enabled = true (default)
2024-02-27 21:40:12,983 [acd5b146-ec22-4575-ab5b-633d0d82c7a3@group-A218E7DAA433-FollowerState] INFO  server.RaftServerConfigKeys (ConfUtils.java:logFallback(53)) - raft.server.rpc.first-election.timeout.max = 5200ms (fallback to raft.server.rpc.timeout.max)
2024-02-27 21:40:12,983 [acd5b146-ec22-4575-ab5b-633d0d82c7a3-groupManagement] INFO  server.RaftServerConfigKeys (ConfUtils.java:logGet(46)) - raft.server.snapshot.auto.trigger.enabled = true (custom)
2024-02-27 21:40:12,983 [acd5b146-ec22-4575-ab5b-633d0d82c7a3-groupManagement] INFO  server.RaftServerConfigKeys (ConfUtils.java:logGet(46)) - raft.server.snapshot.auto.trigger.threshold = 10000 (custom)
2024-02-27 21:40:12,983 [acd5b146-ec22-4575-ab5b-633d0d82c7a3-groupManagement] INFO  server.RaftServerConfigKeys (ConfUtils.java:logGet(46)) - raft.server.snapshot.retention.file.num = 5 (custom)
2024-02-27 21:40:12,983 [acd5b146-ec22-4575-ab5b-633d0d82c7a3-groupManagement] INFO  server.RaftServerConfigKeys (ConfUtils.java:logGet(46)) - raft.server.log.purge.upto.snapshot.index = false (default)
2024-02-27 21:40:12,985 [2818fa5f-cc14-4867-ab22-981a54c2b243-PipelineCommandHandlerThread-0] INFO  commandhandler.CreatePipelineCommandHandler (CreatePipelineCommandHandler.java:lambda$handle$2(124)) - Created Pipeline RATIS THREE PipelineID=3b9a94bc-9df7-479a-ab76-a218e7daa433.
2024-02-27 21:40:12,985 [2818fa5f-cc14-4867-ab22-981a54c2b243-PipelineCommandHandlerThread-0] INFO  server.RaftServer (RaftServerProxy.java:addNew(100)) - 2818fa5f-cc14-4867-ab22-981a54c2b243: addNew group-C2392BA6B23C:[2818fa5f-cc14-4867-ab22-981a54c2b243|10.1.0.18:15138, 2da9303e-6724-4504-a4a5-d250e7d22259|10.1.0.18:15156, acd5b146-ec22-4575-ab5b-633d0d82c7a3|10.1.0.18:15147] returns group-C2392BA6B23C:java.util.concurrent.CompletableFuture@4b82fca6[Not completed]
2024-02-27 21:40:12,986 [2818fa5f-cc14-4867-ab22-981a54c2b243-groupManagement] INFO  server.RaftServer$Division (RaftServerImpl.java:<init>(256)) - 2818fa5f-cc14-4867-ab22-981a54c2b243: new RaftServerImpl for group-C2392BA6B23C:[2818fa5f-cc14-4867-ab22-981a54c2b243|10.1.0.18:15138, 2da9303e-6724-4504-a4a5-d250e7d22259|10.1.0.18:15156, acd5b146-ec22-4575-ab5b-633d0d82c7a3|10.1.0.18:15147] with ContainerStateMachine:uninitialized
2024-02-27 21:40:12,986 [2818fa5f-cc14-4867-ab22-981a54c2b243-groupManagement] INFO  server.RaftServerConfigKeys (ConfUtils.java:logGet(46)) - raft.server.rpc.timeout.min = 5s (custom)
2024-02-27 21:40:12,986 [2818fa5f-cc14-4867-ab22-981a54c2b243-groupManagement] INFO  server.RaftServerConfigKeys (ConfUtils.java:logGet(46)) - raft.server.rpc.timeout.max = 5200ms (custom)
2024-02-27 21:40:12,986 [2818fa5f-cc14-4867-ab22-981a54c2b243-groupManagement] INFO  server.RaftServerConfigKeys (ConfUtils.java:logGet(46)) - raft.server.rpc.sleep.time = 25ms (default)
2024-02-27 21:40:12,986 [2818fa5f-cc14-4867-ab22-981a54c2b243-groupManagement] INFO  server.RaftServerConfigKeys (ConfUtils.java:logGet(46)) - raft.server.rpc.slowness.timeout = 300s (custom)
2024-02-27 21:40:12,986 [2818fa5f-cc14-4867-ab22-981a54c2b243-groupManagement] INFO  server.RaftServerConfigKeys (ConfUtils.java:logGet(46)) - raft.server.leaderelection.leader.step-down.wait-time = 10s (default)
2024-02-27 21:40:12,986 [2818fa5f-cc14-4867-ab22-981a54c2b243-groupManagement] INFO  server.RaftServerConfigKeys (ConfUtils.java:logGet(46)) - raft.server.leaderelection.member.majority-add = false (default)
2024-02-27 21:40:12,986 [2818fa5f-cc14-4867-ab22-981a54c2b243-groupManagement] INFO  server.RaftServerConfigKeys (ConfUtils.java:logGet(46)) - raft.server.sleep.deviation.threshold = 300ms (default)
2024-02-27 21:40:12,986 [2818fa5f-cc14-4867-ab22-981a54c2b243-groupManagement] INFO  server.RaftServer$Division (ServerState.java:<init>(113)) - 2818fa5f-cc14-4867-ab22-981a54c2b243@group-C2392BA6B23C: ConfigurationManager, init=-1: peers:[2818fa5f-cc14-4867-ab22-981a54c2b243|10.1.0.18:15138, 2da9303e-6724-4504-a4a5-d250e7d22259|10.1.0.18:15156, acd5b146-ec22-4575-ab5b-633d0d82c7a3|10.1.0.18:15147]|listeners:[], old=null, confs=<EMPTY_MAP>
2024-02-27 21:40:12,986 [2818fa5f-cc14-4867-ab22-981a54c2b243-groupManagement] INFO  server.RaftServerConfigKeys (ConfUtils.java:logGet(46)) - raft.server.notification.no-leader.timeout = 300s (custom)
2024-02-27 21:40:12,986 [2818fa5f-cc14-4867-ab22-981a54c2b243-groupManagement] INFO  server.RaftServerConfigKeys (ConfUtils.java:logGet(46)) - raft.server.read.timeout = 10s (default)
2024-02-27 21:40:12,986 [2818fa5f-cc14-4867-ab22-981a54c2b243-groupManagement] INFO  server.RaftServerConfigKeys (ConfUtils.java:logGet(46)) - raft.server.retrycache.expirytime = 600000ms (custom)
2024-02-27 21:40:12,986 [2818fa5f-cc14-4867-ab22-981a54c2b243-groupManagement] INFO  server.RaftServerConfigKeys (ConfUtils.java:logGet(46)) - raft.server.retrycache.statistics.expirytime = 100ms (default)
2024-02-27 21:40:12,986 [2818fa5f-cc14-4867-ab22-981a54c2b243-groupManagement] INFO  server.RaftServerConfigKeys (ConfUtils.java:logGet(46)) - raft.server.read.option = DEFAULT (default)
2024-02-27 21:40:12,986 [2818fa5f-cc14-4867-ab22-981a54c2b243-groupManagement] INFO  server.RaftServerConfigKeys (ConfUtils.java:logGet(46)) - raft.server.read.read-after-write-consistent.write-index-cache.expiry-time = 60s (default)
2024-02-27 21:40:12,987 [2818fa5f-cc14-4867-ab22-981a54c2b243-groupManagement] INFO  server.RaftServerConfigKeys (ConfUtils.java:logGet(46)) - raft.server.rpc.request.timeout = 60s (custom)
2024-02-27 21:40:12,987 [2818fa5f-cc14-4867-ab22-981a54c2b243-groupManagement] INFO  server.RaftServerConfigKeys (ConfUtils.java:logGet(46)) - raft.server.log.appender.install.snapshot.enabled = false (custom)
2024-02-27 21:40:12,987 [2818fa5f-cc14-4867-ab22-981a54c2b243-groupManagement] INFO  server.RaftServerConfigKeys (ConfUtils.java:logGet(46)) - raft.server.threadpool.server.cached = true (default)
2024-02-27 21:40:12,988 [2818fa5f-cc14-4867-ab22-981a54c2b243-groupManagement] INFO  server.RaftServerConfigKeys (ConfUtils.java:logGet(46)) - raft.server.threadpool.server.size = 0 (default)
2024-02-27 21:40:12,988 [2818fa5f-cc14-4867-ab22-981a54c2b243-groupManagement] INFO  server.RaftServerConfigKeys (ConfUtils.java:logGet(46)) - raft.server.threadpool.client.cached = true (default)
2024-02-27 21:40:12,988 [2818fa5f-cc14-4867-ab22-981a54c2b243-groupManagement] INFO  server.RaftServerConfigKeys (ConfUtils.java:logGet(46)) - raft.server.threadpool.client.size = 0 (default)
2024-02-27 21:40:12,988 [2818fa5f-cc14-4867-ab22-981a54c2b243-groupManagement] INFO  server.RaftServerConfigKeys (ConfUtils.java:logGet(46)) - raft.server.storage.free-space.min = 0MB (=0) (default)
2024-02-27 21:40:12,988 [2818fa5f-cc14-4867-ab22-981a54c2b243-groupManagement] INFO  server.RaftServerConfigKeys (ConfUtils.java:logGet(46)) - raft.server.log.corruption.policy = EXCEPTION (default)
2024-02-27 21:40:12,988 [2818fa5f-cc14-4867-ab22-981a54c2b243-groupManagement] INFO  server.RaftServerConfigKeys (ConfUtils.java:logGet(46)) - raft.server.storage.dir = [/home/runner/work/ozone/ozone/hadoop-ozone/integration-test/target/test-dir/MiniOzoneClusterImpl-6e3a073c-9bdc-4deb-8550-ef77f821b5e4/ozone-meta/datanode-4/ratis] (custom)
2024-02-27 21:40:12,988 [2818fa5f-cc14-4867-ab22-981a54c2b243-groupManagement] INFO  storage.RaftStorageDirectory (RaftStorageDirectoryImpl.java:analyzeStorage(138)) - The storage directory /home/runner/work/ozone/ozone/hadoop-ozone/integration-test/target/test-dir/MiniOzoneClusterImpl-6e3a073c-9bdc-4deb-8550-ef77f821b5e4/ozone-meta/datanode-4/ratis/016ca135-2be0-4d01-9c46-c2392ba6b23c does not exist. Creating ...
2024-02-27 21:40:12,989 [2818fa5f-cc14-4867-ab22-981a54c2b243-groupManagement] INFO  storage.RaftStorageDirectory (RaftStorageDirectoryImpl.java:tryLock(228)) - Lock on /home/runner/work/ozone/ozone/hadoop-ozone/integration-test/target/test-dir/MiniOzoneClusterImpl-6e3a073c-9bdc-4deb-8550-ef77f821b5e4/ozone-meta/datanode-4/ratis/016ca135-2be0-4d01-9c46-c2392ba6b23c/in_use.lock acquired by nodename 32143@fv-az531-651
2024-02-27 21:40:12,989 [2818fa5f-cc14-4867-ab22-981a54c2b243-groupManagement] INFO  storage.RaftStorage (RaftStorageImpl.java:format(99)) - Storage directory /home/runner/work/ozone/ozone/hadoop-ozone/integration-test/target/test-dir/MiniOzoneClusterImpl-6e3a073c-9bdc-4deb-8550-ef77f821b5e4/ozone-meta/datanode-4/ratis/016ca135-2be0-4d01-9c46-c2392ba6b23c has been successfully formatted.
2024-02-27 21:40:12,990 [2818fa5f-cc14-4867-ab22-981a54c2b243-groupManagement] WARN  util.FileUtils (LogUtils.java:supplyAndLog(63)) - Failed to Files.newInputStream /home/runner/work/ozone/ozone/hadoop-ozone/integration-test/target/test-dir/MiniOzoneClusterImpl-6e3a073c-9bdc-4deb-8550-ef77f821b5e4/ozone-meta/datanode-4/ratis/016ca135-2be0-4d01-9c46-c2392ba6b23c/current/raft-meta.conf with options []: java.nio.file.NoSuchFileException: /home/runner/work/ozone/ozone/hadoop-ozone/integration-test/target/test-dir/MiniOzoneClusterImpl-6e3a073c-9bdc-4deb-8550-ef77f821b5e4/ozone-meta/datanode-4/ratis/016ca135-2be0-4d01-9c46-c2392ba6b23c/current/raft-meta.conf
2024-02-27 21:40:12,990 [2818fa5f-cc14-4867-ab22-981a54c2b243-groupManagement] INFO  ratis.ContainerStateMachine (ContainerStateMachine.java:loadSnapshot(287)) - group-C2392BA6B23C: The snapshot info is null. Setting the last applied index to:(t:0, i:~)
2024-02-27 21:40:12,990 [2818fa5f-cc14-4867-ab22-981a54c2b243-groupManagement] INFO  server.RaftServerConfigKeys (ConfUtils.java:logGet(46)) - raft.server.log.use.memory = false (default)
2024-02-27 21:40:12,990 [2818fa5f-cc14-4867-ab22-981a54c2b243-groupManagement] INFO  server.RaftServerConfigKeys (ConfUtils.java:logGet(46)) - raft.server.log.purge.gap = 1000000 (custom)
2024-02-27 21:40:12,990 [2818fa5f-cc14-4867-ab22-981a54c2b243-groupManagement] INFO  server.RaftServerConfigKeys (ConfUtils.java:logGet(46)) - raft.server.log.appender.buffer.byte-limit = 8388608 (custom)
2024-02-27 21:40:12,990 [2818fa5f-cc14-4867-ab22-981a54c2b243-groupManagement] INFO  server.RaftServerConfigKeys (ConfUtils.java:logGet(46)) - raft.server.log.statemachine.data.read.timeout = 1000ms (default)
2024-02-27 21:40:12,990 [2818fa5f-cc14-4867-ab22-981a54c2b243-groupManagement] INFO  server.RaftServerConfigKeys (ConfUtils.java:logGet(46)) - raft.server.log.purge.preservation.log.num = 0 (default)
2024-02-27 21:40:12,991 [2818fa5f-cc14-4867-ab22-981a54c2b243-groupManagement] INFO  server.RaftServerConfigKeys (ConfUtils.java:logGet(46)) - raft.server.log.segment.size.max = 67108864 (custom)
2024-02-27 21:40:12,991 [2818fa5f-cc14-4867-ab22-981a54c2b243-groupManagement] INFO  server.RaftServerConfigKeys (ConfUtils.java:logGet(46)) - raft.server.log.segment.cache.num.max = 2 (custom)
2024-02-27 21:40:12,991 [2818fa5f-cc14-4867-ab22-981a54c2b243-groupManagement] INFO  server.RaftServerConfigKeys (ConfUtils.java:logGet(46)) - raft.server.log.segment.cache.size.max = 200MB (=209715200) (default)
2024-02-27 21:40:12,991 [2818fa5f-cc14-4867-ab22-981a54c2b243-groupManagement] INFO  server.RaftServerConfigKeys (ConfUtils.java:logGet(46)) - raft.server.log.appender.buffer.byte-limit = 8388608 (custom)
2024-02-27 21:40:12,991 [2818fa5f-cc14-4867-ab22-981a54c2b243-groupManagement] INFO  util.AwaitToRun (AwaitToRun.java:start(81)) - Thread[2818fa5f-cc14-4867-ab22-981a54c2b243@group-C2392BA6B23C-cacheEviction-AwaitToRun,5,main] started
2024-02-27 21:40:12,991 [2818fa5f-cc14-4867-ab22-981a54c2b243-groupManagement] INFO  segmented.SegmentedRaftLogWorker (SegmentedRaftLogWorker.java:<init>(182)) - new 2818fa5f-cc14-4867-ab22-981a54c2b243@group-C2392BA6B23C-SegmentedRaftLogWorker for RaftStorageImpl:Storage Directory /home/runner/work/ozone/ozone/hadoop-ozone/integration-test/target/test-dir/MiniOzoneClusterImpl-6e3a073c-9bdc-4deb-8550-ef77f821b5e4/ozone-meta/datanode-4/ratis/016ca135-2be0-4d01-9c46-c2392ba6b23c
2024-02-27 21:40:12,991 [2818fa5f-cc14-4867-ab22-981a54c2b243-groupManagement] INFO  server.RaftServerConfigKeys (ConfUtils.java:logGet(46)) - raft.server.log.queue.byte-limit = 4294967296 (custom)
2024-02-27 21:40:12,991 [2818fa5f-cc14-4867-ab22-981a54c2b243-groupManagement] INFO  server.RaftServerConfigKeys (ConfUtils.java:logGet(46)) - raft.server.log.queue.element-limit = 1024 (custom)
2024-02-27 21:40:12,991 [2818fa5f-cc14-4867-ab22-981a54c2b243-groupManagement] INFO  server.RaftServerConfigKeys (ConfUtils.java:logGet(46)) - raft.server.log.segment.size.max = 67108864 (custom)
2024-02-27 21:40:12,991 [2818fa5f-cc14-4867-ab22-981a54c2b243-groupManagement] INFO  server.RaftServerConfigKeys (ConfUtils.java:logGet(46)) - raft.server.log.preallocated.size = 4194304 (custom)
2024-02-27 21:40:12,992 [2818fa5f-cc14-4867-ab22-981a54c2b243-groupManagement] INFO  server.RaftServerConfigKeys (ConfUtils.java:logGet(46)) - raft.server.log.force.sync.num = 128 (default)
2024-02-27 21:40:12,992 [2818fa5f-cc14-4867-ab22-981a54c2b243-groupManagement] INFO  server.RaftServerConfigKeys (ConfUtils.java:logGet(46)) - raft.server.log.statemachine.data.sync = true (default)
2024-02-27 21:40:12,992 [2818fa5f-cc14-4867-ab22-981a54c2b243-groupManagement] INFO  server.RaftServerConfigKeys (ConfUtils.java:logGet(46)) - raft.server.log.statemachine.data.sync.timeout = 10s (default)
2024-02-27 21:40:12,992 [2818fa5f-cc14-4867-ab22-981a54c2b243-groupManagement] INFO  server.RaftServerConfigKeys (ConfUtils.java:logGet(46)) - raft.server.log.statemachine.data.sync.timeout.retry = 0 (custom)
2024-02-27 21:40:12,992 [2818fa5f-cc14-4867-ab22-981a54c2b243-groupManagement] INFO  server.RaftServerConfigKeys (ConfUtils.java:logGet(46)) - raft.server.log.write.buffer.size = 8388616 (custom)
2024-02-27 21:40:12,993 [2818fa5f-cc14-4867-ab22-981a54c2b243-groupManagement] INFO  server.RaftServerConfigKeys (ConfUtils.java:logGet(46)) - raft.server.log.appender.buffer.byte-limit = 8388608 (custom)
2024-02-27 21:40:12,993 [2818fa5f-cc14-4867-ab22-981a54c2b243-groupManagement] INFO  server.RaftServerConfigKeys (ConfUtils.java:logGet(46)) - raft.server.log.unsafe-flush.enabled = false (default)
2024-02-27 21:40:12,993 [2818fa5f-cc14-4867-ab22-981a54c2b243-groupManagement] INFO  server.RaftServerConfigKeys (ConfUtils.java:logGet(46)) - raft.server.log.async-flush.enabled = false (default)
2024-02-27 21:40:12,993 [2818fa5f-cc14-4867-ab22-981a54c2b243-groupManagement] INFO  server.RaftServerConfigKeys (ConfUtils.java:logGet(46)) - raft.server.log.statemachine.data.caching.enabled = true (custom)
2024-02-27 21:40:12,993 [2818fa5f-cc14-4867-ab22-981a54c2b243-groupManagement] INFO  segmented.SegmentedRaftLogWorker (SegmentedRaftLogWorker.java:lambda$new$0(134)) - 2818fa5f-cc14-4867-ab22-981a54c2b243@group-C2392BA6B23C-SegmentedRaftLogWorker: flushIndex: setUnconditionally 0 -> -1
2024-02-27 21:40:12,994 [2818fa5f-cc14-4867-ab22-981a54c2b243-groupManagement] INFO  segmented.SegmentedRaftLogWorker (SegmentedRaftLogWorker.java:lambda$new$0(134)) - 2818fa5f-cc14-4867-ab22-981a54c2b243@group-C2392BA6B23C-SegmentedRaftLogWorker: safeCacheEvictIndex: setUnconditionally 0 -> -1
2024-02-27 21:40:12,994 [2818fa5f-cc14-4867-ab22-981a54c2b243-groupManagement] INFO  server.RaftServer$Division (RaftServerImpl.java:start(396)) - 2818fa5f-cc14-4867-ab22-981a54c2b243@group-C2392BA6B23C: start as a follower, conf=-1: peers:[2818fa5f-cc14-4867-ab22-981a54c2b243|10.1.0.18:15138, 2da9303e-6724-4504-a4a5-d250e7d22259|10.1.0.18:15156, acd5b146-ec22-4575-ab5b-633d0d82c7a3|10.1.0.18:15147]|listeners:[], old=null
2024-02-27 21:40:12,994 [2818fa5f-cc14-4867-ab22-981a54c2b243-groupManagement] INFO  server.RaftServer$Division (RaftServerImpl.java:setRole(383)) - 2818fa5f-cc14-4867-ab22-981a54c2b243@group-C2392BA6B23C: changes role from      null to FOLLOWER at term 0 for startAsFollower
2024-02-27 21:40:12,994 [2818fa5f-cc14-4867-ab22-981a54c2b243-groupManagement] INFO  impl.RoleInfo (RoleInfo.java:updateAndGet(139)) - 2818fa5f-cc14-4867-ab22-981a54c2b243: start 2818fa5f-cc14-4867-ab22-981a54c2b243@group-C2392BA6B23C-FollowerState
2024-02-27 21:40:12,994 [2818fa5f-cc14-4867-ab22-981a54c2b243-groupManagement] INFO  util.JmxRegister (JmxRegister.java:tryRegister(44)) - Successfully registered JMX Bean with object name Ratis:service=RaftServer,group=group-C2392BA6B23C,id=2818fa5f-cc14-4867-ab22-981a54c2b243
2024-02-27 21:40:12,994 [2818fa5f-cc14-4867-ab22-981a54c2b243@group-C2392BA6B23C-FollowerState] INFO  server.RaftServerConfigKeys (ConfUtils.java:logFallback(53)) - raft.server.rpc.first-election.timeout.min = 5s (fallback to raft.server.rpc.timeout.min)
2024-02-27 21:40:12,994 [2818fa5f-cc14-4867-ab22-981a54c2b243-groupManagement] INFO  server.RaftServerConfigKeys (ConfUtils.java:logGet(46)) - raft.server.snapshot.trigger-when-stop.enabled = true (default)
2024-02-27 21:40:12,994 [2818fa5f-cc14-4867-ab22-981a54c2b243@group-C2392BA6B23C-FollowerState] INFO  server.RaftServerConfigKeys (ConfUtils.java:logFallback(53)) - raft.server.rpc.first-election.timeout.max = 5200ms (fallback to raft.server.rpc.timeout.max)
2024-02-27 21:40:12,994 [2818fa5f-cc14-4867-ab22-981a54c2b243-groupManagement] INFO  server.RaftServerConfigKeys (ConfUtils.java:logGet(46)) - raft.server.snapshot.auto.trigger.enabled = true (custom)
2024-02-27 21:40:12,994 [2818fa5f-cc14-4867-ab22-981a54c2b243-groupManagement] INFO  server.RaftServerConfigKeys (ConfUtils.java:logGet(46)) - raft.server.snapshot.auto.trigger.threshold = 10000 (custom)
2024-02-27 21:40:12,994 [2818fa5f-cc14-4867-ab22-981a54c2b243-groupManagement] INFO  server.RaftServerConfigKeys (ConfUtils.java:logGet(46)) - raft.server.snapshot.retention.file.num = 5 (custom)
2024-02-27 21:40:12,994 [2818fa5f-cc14-4867-ab22-981a54c2b243-groupManagement] INFO  server.RaftServerConfigKeys (ConfUtils.java:logGet(46)) - raft.server.log.purge.upto.snapshot.index = false (default)
2024-02-27 21:40:12,995 [2818fa5f-cc14-4867-ab22-981a54c2b243-PipelineCommandHandlerThread-0] INFO  ratis.XceiverServerRatis (XceiverServerRatis.java:addGroup(864)) - Created group PipelineID=016ca135-2be0-4d01-9c46-c2392ba6b23c
2024-02-27 21:40:13,002 [grpc-default-executor-0] INFO  server.RaftServer (RaftServerProxy.java:addNew(100)) - 2da9303e-6724-4504-a4a5-d250e7d22259: addNew group-C2392BA6B23C:[2818fa5f-cc14-4867-ab22-981a54c2b243|10.1.0.18:15138, 2da9303e-6724-4504-a4a5-d250e7d22259|10.1.0.18:15156, acd5b146-ec22-4575-ab5b-633d0d82c7a3|10.1.0.18:15147] returns group-C2392BA6B23C:java.util.concurrent.CompletableFuture@64648d35[Not completed]
2024-02-27 21:40:13,003 [2da9303e-6724-4504-a4a5-d250e7d22259-groupManagement] INFO  server.RaftServer$Division (RaftServerImpl.java:<init>(256)) - 2da9303e-6724-4504-a4a5-d250e7d22259: new RaftServerImpl for group-C2392BA6B23C:[2818fa5f-cc14-4867-ab22-981a54c2b243|10.1.0.18:15138, 2da9303e-6724-4504-a4a5-d250e7d22259|10.1.0.18:15156, acd5b146-ec22-4575-ab5b-633d0d82c7a3|10.1.0.18:15147] with ContainerStateMachine:uninitialized
2024-02-27 21:40:13,003 [2da9303e-6724-4504-a4a5-d250e7d22259-groupManagement] INFO  server.RaftServerConfigKeys (ConfUtils.java:logGet(46)) - raft.server.rpc.timeout.min = 5s (custom)
2024-02-27 21:40:13,003 [2da9303e-6724-4504-a4a5-d250e7d22259-groupManagement] INFO  server.RaftServerConfigKeys (ConfUtils.java:logGet(46)) - raft.server.rpc.timeout.max = 5200ms (custom)
2024-02-27 21:40:13,003 [2da9303e-6724-4504-a4a5-d250e7d22259-groupManagement] INFO  server.RaftServerConfigKeys (ConfUtils.java:logGet(46)) - raft.server.rpc.sleep.time = 25ms (default)
2024-02-27 21:40:13,003 [2da9303e-6724-4504-a4a5-d250e7d22259-groupManagement] INFO  server.RaftServerConfigKeys (ConfUtils.java:logGet(46)) - raft.server.rpc.slowness.timeout = 300s (custom)
2024-02-27 21:40:13,003 [2da9303e-6724-4504-a4a5-d250e7d22259-groupManagement] INFO  server.RaftServerConfigKeys (ConfUtils.java:logGet(46)) - raft.server.leaderelection.leader.step-down.wait-time = 10s (default)
2024-02-27 21:40:13,003 [2da9303e-6724-4504-a4a5-d250e7d22259-groupManagement] INFO  server.RaftServerConfigKeys (ConfUtils.java:logGet(46)) - raft.server.leaderelection.member.majority-add = false (default)
2024-02-27 21:40:13,003 [2da9303e-6724-4504-a4a5-d250e7d22259-groupManagement] INFO  server.RaftServerConfigKeys (ConfUtils.java:logGet(46)) - raft.server.sleep.deviation.threshold = 300ms (default)
2024-02-27 21:40:13,003 [2da9303e-6724-4504-a4a5-d250e7d22259-groupManagement] INFO  server.RaftServer$Division (ServerState.java:<init>(113)) - 2da9303e-6724-4504-a4a5-d250e7d22259@group-C2392BA6B23C: ConfigurationManager, init=-1: peers:[2818fa5f-cc14-4867-ab22-981a54c2b243|10.1.0.18:15138, 2da9303e-6724-4504-a4a5-d250e7d22259|10.1.0.18:15156, acd5b146-ec22-4575-ab5b-633d0d82c7a3|10.1.0.18:15147]|listeners:[], old=null, confs=<EMPTY_MAP>
2024-02-27 21:40:13,003 [2da9303e-6724-4504-a4a5-d250e7d22259-groupManagement] INFO  server.RaftServerConfigKeys (ConfUtils.java:logGet(46)) - raft.server.notification.no-leader.timeout = 300s (custom)
2024-02-27 21:40:13,003 [2da9303e-6724-4504-a4a5-d250e7d22259-groupManagement] INFO  server.RaftServerConfigKeys (ConfUtils.java:logGet(46)) - raft.server.read.timeout = 10s (default)
2024-02-27 21:40:13,003 [2da9303e-6724-4504-a4a5-d250e7d22259-groupManagement] INFO  server.RaftServerConfigKeys (ConfUtils.java:logGet(46)) - raft.server.retrycache.expirytime = 600000ms (custom)
2024-02-27 21:40:13,004 [2da9303e-6724-4504-a4a5-d250e7d22259-groupManagement] INFO  server.RaftServerConfigKeys (ConfUtils.java:logGet(46)) - raft.server.retrycache.statistics.expirytime = 100ms (default)
2024-02-27 21:40:13,004 [2da9303e-6724-4504-a4a5-d250e7d22259-groupManagement] INFO  server.RaftServerConfigKeys (ConfUtils.java:logGet(46)) - raft.server.read.option = DEFAULT (default)
2024-02-27 21:40:13,004 [2da9303e-6724-4504-a4a5-d250e7d22259-groupManagement] INFO  server.RaftServerConfigKeys (ConfUtils.java:logGet(46)) - raft.server.read.read-after-write-consistent.write-index-cache.expiry-time = 60s (default)
2024-02-27 21:40:13,006 [2da9303e-6724-4504-a4a5-d250e7d22259-groupManagement] INFO  server.RaftServerConfigKeys (ConfUtils.java:logGet(46)) - raft.server.rpc.request.timeout = 60s (custom)
2024-02-27 21:40:13,006 [2da9303e-6724-4504-a4a5-d250e7d22259-groupManagement] INFO  server.RaftServerConfigKeys (ConfUtils.java:logGet(46)) - raft.server.log.appender.install.snapshot.enabled = false (custom)
2024-02-27 21:40:13,006 [2da9303e-6724-4504-a4a5-d250e7d22259-groupManagement] INFO  server.RaftServerConfigKeys (ConfUtils.java:logGet(46)) - raft.server.threadpool.server.cached = true (default)
2024-02-27 21:40:13,006 [2da9303e-6724-4504-a4a5-d250e7d22259-groupManagement] INFO  server.RaftServerConfigKeys (ConfUtils.java:logGet(46)) - raft.server.threadpool.server.size = 0 (default)
2024-02-27 21:40:13,006 [2da9303e-6724-4504-a4a5-d250e7d22259-groupManagement] INFO  server.RaftServerConfigKeys (ConfUtils.java:logGet(46)) - raft.server.threadpool.client.cached = true (default)
2024-02-27 21:40:13,006 [2da9303e-6724-4504-a4a5-d250e7d22259-groupManagement] INFO  server.RaftServerConfigKeys (ConfUtils.java:logGet(46)) - raft.server.threadpool.client.size = 0 (default)
2024-02-27 21:40:13,006 [2da9303e-6724-4504-a4a5-d250e7d22259-groupManagement] INFO  server.RaftServerConfigKeys (ConfUtils.java:logGet(46)) - raft.server.storage.free-space.min = 0MB (=0) (default)
2024-02-27 21:40:13,006 [2da9303e-6724-4504-a4a5-d250e7d22259-groupManagement] INFO  server.RaftServerConfigKeys (ConfUtils.java:logGet(46)) - raft.server.log.corruption.policy = EXCEPTION (default)
2024-02-27 21:40:13,006 [2da9303e-6724-4504-a4a5-d250e7d22259-groupManagement] INFO  server.RaftServerConfigKeys (ConfUtils.java:logGet(46)) - raft.server.storage.dir = [/home/runner/work/ozone/ozone/hadoop-ozone/integration-test/target/test-dir/MiniOzoneClusterImpl-6e3a073c-9bdc-4deb-8550-ef77f821b5e4/ozone-meta/datanode-6/ratis] (custom)
2024-02-27 21:40:13,006 [2da9303e-6724-4504-a4a5-d250e7d22259-groupManagement] INFO  storage.RaftStorageDirectory (RaftStorageDirectoryImpl.java:analyzeStorage(138)) - The storage directory /home/runner/work/ozone/ozone/hadoop-ozone/integration-test/target/test-dir/MiniOzoneClusterImpl-6e3a073c-9bdc-4deb-8550-ef77f821b5e4/ozone-meta/datanode-6/ratis/016ca135-2be0-4d01-9c46-c2392ba6b23c does not exist. Creating ...
2024-02-27 21:40:13,007 [2da9303e-6724-4504-a4a5-d250e7d22259-groupManagement] INFO  storage.RaftStorageDirectory (RaftStorageDirectoryImpl.java:tryLock(228)) - Lock on /home/runner/work/ozone/ozone/hadoop-ozone/integration-test/target/test-dir/MiniOzoneClusterImpl-6e3a073c-9bdc-4deb-8550-ef77f821b5e4/ozone-meta/datanode-6/ratis/016ca135-2be0-4d01-9c46-c2392ba6b23c/in_use.lock acquired by nodename 32143@fv-az531-651
2024-02-27 21:40:13,008 [2da9303e-6724-4504-a4a5-d250e7d22259-groupManagement] INFO  storage.RaftStorage (RaftStorageImpl.java:format(99)) - Storage directory /home/runner/work/ozone/ozone/hadoop-ozone/integration-test/target/test-dir/MiniOzoneClusterImpl-6e3a073c-9bdc-4deb-8550-ef77f821b5e4/ozone-meta/datanode-6/ratis/016ca135-2be0-4d01-9c46-c2392ba6b23c has been successfully formatted.
2024-02-27 21:40:13,008 [2da9303e-6724-4504-a4a5-d250e7d22259-groupManagement] WARN  util.FileUtils (LogUtils.java:supplyAndLog(63)) - Failed to Files.newInputStream /home/runner/work/ozone/ozone/hadoop-ozone/integration-test/target/test-dir/MiniOzoneClusterImpl-6e3a073c-9bdc-4deb-8550-ef77f821b5e4/ozone-meta/datanode-6/ratis/016ca135-2be0-4d01-9c46-c2392ba6b23c/current/raft-meta.conf with options []: java.nio.file.NoSuchFileException: /home/runner/work/ozone/ozone/hadoop-ozone/integration-test/target/test-dir/MiniOzoneClusterImpl-6e3a073c-9bdc-4deb-8550-ef77f821b5e4/ozone-meta/datanode-6/ratis/016ca135-2be0-4d01-9c46-c2392ba6b23c/current/raft-meta.conf
2024-02-27 21:40:13,009 [2da9303e-6724-4504-a4a5-d250e7d22259-groupManagement] INFO  ratis.ContainerStateMachine (ContainerStateMachine.java:loadSnapshot(287)) - group-C2392BA6B23C: The snapshot info is null. Setting the last applied index to:(t:0, i:~)
2024-02-27 21:40:13,009 [2da9303e-6724-4504-a4a5-d250e7d22259-groupManagement] INFO  server.RaftServerConfigKeys (ConfUtils.java:logGet(46)) - raft.server.log.use.memory = false (default)
2024-02-27 21:40:13,009 [2da9303e-6724-4504-a4a5-d250e7d22259-groupManagement] INFO  server.RaftServerConfigKeys (ConfUtils.java:logGet(46)) - raft.server.log.purge.gap = 1000000 (custom)
2024-02-27 21:40:13,009 [2da9303e-6724-4504-a4a5-d250e7d22259-groupManagement] INFO  server.RaftServerConfigKeys (ConfUtils.java:logGet(46)) - raft.server.log.appender.buffer.byte-limit = 8388608 (custom)
2024-02-27 21:40:13,009 [2da9303e-6724-4504-a4a5-d250e7d22259-groupManagement] INFO  server.RaftServerConfigKeys (ConfUtils.java:logGet(46)) - raft.server.log.statemachine.data.read.timeout = 1000ms (default)
2024-02-27 21:40:13,009 [2da9303e-6724-4504-a4a5-d250e7d22259-groupManagement] INFO  server.RaftServerConfigKeys (ConfUtils.java:logGet(46)) - raft.server.log.purge.preservation.log.num = 0 (default)
2024-02-27 21:40:13,010 [2da9303e-6724-4504-a4a5-d250e7d22259-groupManagement] INFO  server.RaftServerConfigKeys (ConfUtils.java:logGet(46)) - raft.server.log.segment.size.max = 67108864 (custom)
2024-02-27 21:40:13,010 [2da9303e-6724-4504-a4a5-d250e7d22259-groupManagement] INFO  server.RaftServerConfigKeys (ConfUtils.java:logGet(46)) - raft.server.log.segment.cache.num.max = 2 (custom)
2024-02-27 21:40:13,010 [2da9303e-6724-4504-a4a5-d250e7d22259-groupManagement] INFO  server.RaftServerConfigKeys (ConfUtils.java:logGet(46)) - raft.server.log.segment.cache.size.max = 200MB (=209715200) (default)
2024-02-27 21:40:13,010 [2da9303e-6724-4504-a4a5-d250e7d22259-groupManagement] INFO  server.RaftServerConfigKeys (ConfUtils.java:logGet(46)) - raft.server.log.appender.buffer.byte-limit = 8388608 (custom)
2024-02-27 21:40:13,011 [2da9303e-6724-4504-a4a5-d250e7d22259-groupManagement] INFO  util.AwaitToRun (AwaitToRun.java:start(81)) - Thread[2da9303e-6724-4504-a4a5-d250e7d22259@group-C2392BA6B23C-cacheEviction-AwaitToRun,5,main] started
2024-02-27 21:40:13,011 [2da9303e-6724-4504-a4a5-d250e7d22259-groupManagement] INFO  segmented.SegmentedRaftLogWorker (SegmentedRaftLogWorker.java:<init>(182)) - new 2da9303e-6724-4504-a4a5-d250e7d22259@group-C2392BA6B23C-SegmentedRaftLogWorker for RaftStorageImpl:Storage Directory /home/runner/work/ozone/ozone/hadoop-ozone/integration-test/target/test-dir/MiniOzoneClusterImpl-6e3a073c-9bdc-4deb-8550-ef77f821b5e4/ozone-meta/datanode-6/ratis/016ca135-2be0-4d01-9c46-c2392ba6b23c
2024-02-27 21:40:13,011 [2da9303e-6724-4504-a4a5-d250e7d22259-groupManagement] INFO  server.RaftServerConfigKeys (ConfUtils.java:logGet(46)) - raft.server.log.queue.byte-limit = 4294967296 (custom)
2024-02-27 21:40:13,011 [2da9303e-6724-4504-a4a5-d250e7d22259-groupManagement] INFO  server.RaftServerConfigKeys (ConfUtils.java:logGet(46)) - raft.server.log.queue.element-limit = 1024 (custom)
2024-02-27 21:40:13,011 [2da9303e-6724-4504-a4a5-d250e7d22259-groupManagement] INFO  server.RaftServerConfigKeys (ConfUtils.java:logGet(46)) - raft.server.log.segment.size.max = 67108864 (custom)
2024-02-27 21:40:13,011 [2da9303e-6724-4504-a4a5-d250e7d22259-groupManagement] INFO  server.RaftServerConfigKeys (ConfUtils.java:logGet(46)) - raft.server.log.preallocated.size = 4194304 (custom)
2024-02-27 21:40:13,011 [2da9303e-6724-4504-a4a5-d250e7d22259-groupManagement] INFO  server.RaftServerConfigKeys (ConfUtils.java:logGet(46)) - raft.server.log.force.sync.num = 128 (default)
2024-02-27 21:40:13,011 [2da9303e-6724-4504-a4a5-d250e7d22259-groupManagement] INFO  server.RaftServerConfigKeys (ConfUtils.java:logGet(46)) - raft.server.log.statemachine.data.sync = true (default)
2024-02-27 21:40:13,011 [2da9303e-6724-4504-a4a5-d250e7d22259-groupManagement] INFO  server.RaftServerConfigKeys (ConfUtils.java:logGet(46)) - raft.server.log.statemachine.data.sync.timeout = 10s (default)
2024-02-27 21:40:13,011 [2da9303e-6724-4504-a4a5-d250e7d22259-groupManagement] INFO  server.RaftServerConfigKeys (ConfUtils.java:logGet(46)) - raft.server.log.statemachine.data.sync.timeout.retry = 0 (custom)
2024-02-27 21:40:13,012 [2da9303e-6724-4504-a4a5-d250e7d22259-groupManagement] INFO  server.RaftServerConfigKeys (ConfUtils.java:logGet(46)) - raft.server.log.write.buffer.size = 8388616 (custom)
2024-02-27 21:40:13,013 [2da9303e-6724-4504-a4a5-d250e7d22259-groupManagement] INFO  server.RaftServerConfigKeys (ConfUtils.java:logGet(46)) - raft.server.log.appender.buffer.byte-limit = 8388608 (custom)
2024-02-27 21:40:13,013 [2da9303e-6724-4504-a4a5-d250e7d22259-groupManagement] INFO  server.RaftServerConfigKeys (ConfUtils.java:logGet(46)) - raft.server.log.unsafe-flush.enabled = false (default)
2024-02-27 21:40:13,013 [2da9303e-6724-4504-a4a5-d250e7d22259-groupManagement] INFO  server.RaftServerConfigKeys (ConfUtils.java:logGet(46)) - raft.server.log.async-flush.enabled = false (default)
2024-02-27 21:40:13,013 [2da9303e-6724-4504-a4a5-d250e7d22259-groupManagement] INFO  server.RaftServerConfigKeys (ConfUtils.java:logGet(46)) - raft.server.log.statemachine.data.caching.enabled = true (custom)
2024-02-27 21:40:13,013 [2da9303e-6724-4504-a4a5-d250e7d22259-groupManagement] INFO  segmented.SegmentedRaftLogWorker (SegmentedRaftLogWorker.java:lambda$new$0(134)) - 2da9303e-6724-4504-a4a5-d250e7d22259@group-C2392BA6B23C-SegmentedRaftLogWorker: flushIndex: setUnconditionally 0 -> -1
2024-02-27 21:40:13,013 [2da9303e-6724-4504-a4a5-d250e7d22259-groupManagement] INFO  segmented.SegmentedRaftLogWorker (SegmentedRaftLogWorker.java:lambda$new$0(134)) - 2da9303e-6724-4504-a4a5-d250e7d22259@group-C2392BA6B23C-SegmentedRaftLogWorker: safeCacheEvictIndex: setUnconditionally 0 -> -1
2024-02-27 21:40:13,013 [2da9303e-6724-4504-a4a5-d250e7d22259-groupManagement] INFO  server.RaftServer$Division (RaftServerImpl.java:start(396)) - 2da9303e-6724-4504-a4a5-d250e7d22259@group-C2392BA6B23C: start as a follower, conf=-1: peers:[2818fa5f-cc14-4867-ab22-981a54c2b243|10.1.0.18:15138, 2da9303e-6724-4504-a4a5-d250e7d22259|10.1.0.18:15156, acd5b146-ec22-4575-ab5b-633d0d82c7a3|10.1.0.18:15147]|listeners:[], old=null
2024-02-27 21:40:13,013 [2da9303e-6724-4504-a4a5-d250e7d22259-groupManagement] INFO  server.RaftServer$Division (RaftServerImpl.java:setRole(383)) - 2da9303e-6724-4504-a4a5-d250e7d22259@group-C2392BA6B23C: changes role from      null to FOLLOWER at term 0 for startAsFollower
2024-02-27 21:40:13,014 [2da9303e-6724-4504-a4a5-d250e7d22259-groupManagement] INFO  impl.RoleInfo (RoleInfo.java:updateAndGet(139)) - 2da9303e-6724-4504-a4a5-d250e7d22259: start 2da9303e-6724-4504-a4a5-d250e7d22259@group-C2392BA6B23C-FollowerState
2024-02-27 21:40:13,014 [2da9303e-6724-4504-a4a5-d250e7d22259-groupManagement] INFO  util.JmxRegister (JmxRegister.java:tryRegister(44)) - Successfully registered JMX Bean with object name Ratis:service=RaftServer,group=group-C2392BA6B23C,id=2da9303e-6724-4504-a4a5-d250e7d22259
2024-02-27 21:40:13,014 [2da9303e-6724-4504-a4a5-d250e7d22259-groupManagement] INFO  server.RaftServerConfigKeys (ConfUtils.java:logGet(46)) - raft.server.snapshot.trigger-when-stop.enabled = true (default)
2024-02-27 21:40:13,014 [2da9303e-6724-4504-a4a5-d250e7d22259-groupManagement] INFO  server.RaftServerConfigKeys (ConfUtils.java:logGet(46)) - raft.server.snapshot.auto.trigger.enabled = true (custom)
2024-02-27 21:40:13,014 [2da9303e-6724-4504-a4a5-d250e7d22259-groupManagement] INFO  server.RaftServerConfigKeys (ConfUtils.java:logGet(46)) - raft.server.snapshot.auto.trigger.threshold = 10000 (custom)
2024-02-27 21:40:13,014 [2da9303e-6724-4504-a4a5-d250e7d22259-groupManagement] INFO  server.RaftServerConfigKeys (ConfUtils.java:logGet(46)) - raft.server.snapshot.retention.file.num = 5 (custom)
2024-02-27 21:40:13,014 [2da9303e-6724-4504-a4a5-d250e7d22259-groupManagement] INFO  server.RaftServerConfigKeys (ConfUtils.java:logGet(46)) - raft.server.log.purge.upto.snapshot.index = false (default)
2024-02-27 21:40:13,015 [2da9303e-6724-4504-a4a5-d250e7d22259@group-C2392BA6B23C-FollowerState] INFO  server.RaftServerConfigKeys (ConfUtils.java:logFallback(53)) - raft.server.rpc.first-election.timeout.min = 5s (fallback to raft.server.rpc.timeout.min)
2024-02-27 21:40:13,015 [2da9303e-6724-4504-a4a5-d250e7d22259@group-C2392BA6B23C-FollowerState] INFO  server.RaftServerConfigKeys (ConfUtils.java:logFallback(53)) - raft.server.rpc.first-election.timeout.max = 5200ms (fallback to raft.server.rpc.timeout.max)
2024-02-27 21:40:13,020 [grpc-default-executor-0] INFO  server.RaftServer (RaftServerProxy.java:addNew(100)) - acd5b146-ec22-4575-ab5b-633d0d82c7a3: addNew group-C2392BA6B23C:[2818fa5f-cc14-4867-ab22-981a54c2b243|10.1.0.18:15138, 2da9303e-6724-4504-a4a5-d250e7d22259|10.1.0.18:15156, acd5b146-ec22-4575-ab5b-633d0d82c7a3|10.1.0.18:15147] returns group-C2392BA6B23C:java.util.concurrent.CompletableFuture@3fc648a1[Not completed]
2024-02-27 21:40:13,021 [acd5b146-ec22-4575-ab5b-633d0d82c7a3-groupManagement] INFO  server.RaftServer$Division (RaftServerImpl.java:<init>(256)) - acd5b146-ec22-4575-ab5b-633d0d82c7a3: new RaftServerImpl for group-C2392BA6B23C:[2818fa5f-cc14-4867-ab22-981a54c2b243|10.1.0.18:15138, 2da9303e-6724-4504-a4a5-d250e7d22259|10.1.0.18:15156, acd5b146-ec22-4575-ab5b-633d0d82c7a3|10.1.0.18:15147] with ContainerStateMachine:uninitialized
2024-02-27 21:40:13,021 [acd5b146-ec22-4575-ab5b-633d0d82c7a3-groupManagement] INFO  server.RaftServerConfigKeys (ConfUtils.java:logGet(46)) - raft.server.rpc.timeout.min = 5s (custom)
2024-02-27 21:40:13,021 [acd5b146-ec22-4575-ab5b-633d0d82c7a3-groupManagement] INFO  server.RaftServerConfigKeys (ConfUtils.java:logGet(46)) - raft.server.rpc.timeout.max = 5200ms (custom)
2024-02-27 21:40:13,021 [acd5b146-ec22-4575-ab5b-633d0d82c7a3-groupManagement] INFO  server.RaftServerConfigKeys (ConfUtils.java:logGet(46)) - raft.server.rpc.sleep.time = 25ms (default)
2024-02-27 21:40:13,021 [acd5b146-ec22-4575-ab5b-633d0d82c7a3-groupManagement] INFO  server.RaftServerConfigKeys (ConfUtils.java:logGet(46)) - raft.server.rpc.slowness.timeout = 300s (custom)
2024-02-27 21:40:13,021 [acd5b146-ec22-4575-ab5b-633d0d82c7a3-groupManagement] INFO  server.RaftServerConfigKeys (ConfUtils.java:logGet(46)) - raft.server.leaderelection.leader.step-down.wait-time = 10s (default)
2024-02-27 21:40:13,021 [acd5b146-ec22-4575-ab5b-633d0d82c7a3-groupManagement] INFO  server.RaftServerConfigKeys (ConfUtils.java:logGet(46)) - raft.server.leaderelection.member.majority-add = false (default)
2024-02-27 21:40:13,021 [acd5b146-ec22-4575-ab5b-633d0d82c7a3-groupManagement] INFO  server.RaftServerConfigKeys (ConfUtils.java:logGet(46)) - raft.server.sleep.deviation.threshold = 300ms (default)
2024-02-27 21:40:13,021 [acd5b146-ec22-4575-ab5b-633d0d82c7a3-groupManagement] INFO  server.RaftServer$Division (ServerState.java:<init>(113)) - acd5b146-ec22-4575-ab5b-633d0d82c7a3@group-C2392BA6B23C: ConfigurationManager, init=-1: peers:[2818fa5f-cc14-4867-ab22-981a54c2b243|10.1.0.18:15138, 2da9303e-6724-4504-a4a5-d250e7d22259|10.1.0.18:15156, acd5b146-ec22-4575-ab5b-633d0d82c7a3|10.1.0.18:15147]|listeners:[], old=null, confs=<EMPTY_MAP>
2024-02-27 21:40:13,021 [acd5b146-ec22-4575-ab5b-633d0d82c7a3-groupManagement] INFO  server.RaftServerConfigKeys (ConfUtils.java:logGet(46)) - raft.server.notification.no-leader.timeout = 300s (custom)
2024-02-27 21:40:13,021 [acd5b146-ec22-4575-ab5b-633d0d82c7a3-groupManagement] INFO  server.RaftServerConfigKeys (ConfUtils.java:logGet(46)) - raft.server.read.timeout = 10s (default)
2024-02-27 21:40:13,021 [acd5b146-ec22-4575-ab5b-633d0d82c7a3-groupManagement] INFO  server.RaftServerConfigKeys (ConfUtils.java:logGet(46)) - raft.server.retrycache.expirytime = 600000ms (custom)
2024-02-27 21:40:13,021 [acd5b146-ec22-4575-ab5b-633d0d82c7a3-groupManagement] INFO  server.RaftServerConfigKeys (ConfUtils.java:logGet(46)) - raft.server.retrycache.statistics.expirytime = 100ms (default)
2024-02-27 21:40:13,021 [acd5b146-ec22-4575-ab5b-633d0d82c7a3-groupManagement] INFO  server.RaftServerConfigKeys (ConfUtils.java:logGet(46)) - raft.server.read.option = DEFAULT (default)
2024-02-27 21:40:13,021 [acd5b146-ec22-4575-ab5b-633d0d82c7a3-groupManagement] INFO  server.RaftServerConfigKeys (ConfUtils.java:logGet(46)) - raft.server.read.read-after-write-consistent.write-index-cache.expiry-time = 60s (default)
2024-02-27 21:40:13,023 [acd5b146-ec22-4575-ab5b-633d0d82c7a3-groupManagement] INFO  server.RaftServerConfigKeys (ConfUtils.java:logGet(46)) - raft.server.rpc.request.timeout = 60s (custom)
2024-02-27 21:40:13,023 [acd5b146-ec22-4575-ab5b-633d0d82c7a3-groupManagement] INFO  server.RaftServerConfigKeys (ConfUtils.java:logGet(46)) - raft.server.log.appender.install.snapshot.enabled = false (custom)
2024-02-27 21:40:13,023 [acd5b146-ec22-4575-ab5b-633d0d82c7a3-groupManagement] INFO  server.RaftServerConfigKeys (ConfUtils.java:logGet(46)) - raft.server.threadpool.server.cached = true (default)
2024-02-27 21:40:13,023 [acd5b146-ec22-4575-ab5b-633d0d82c7a3-groupManagement] INFO  server.RaftServerConfigKeys (ConfUtils.java:logGet(46)) - raft.server.threadpool.server.size = 0 (default)
2024-02-27 21:40:13,023 [acd5b146-ec22-4575-ab5b-633d0d82c7a3-groupManagement] INFO  server.RaftServerConfigKeys (ConfUtils.java:logGet(46)) - raft.server.threadpool.client.cached = true (default)
2024-02-27 21:40:13,023 [acd5b146-ec22-4575-ab5b-633d0d82c7a3-groupManagement] INFO  server.RaftServerConfigKeys (ConfUtils.java:logGet(46)) - raft.server.threadpool.client.size = 0 (default)
2024-02-27 21:40:13,023 [acd5b146-ec22-4575-ab5b-633d0d82c7a3-groupManagement] INFO  server.RaftServerConfigKeys (ConfUtils.java:logGet(46)) - raft.server.storage.free-space.min = 0MB (=0) (default)
2024-02-27 21:40:13,023 [acd5b146-ec22-4575-ab5b-633d0d82c7a3-groupManagement] INFO  server.RaftServerConfigKeys (ConfUtils.java:logGet(46)) - raft.server.log.corruption.policy = EXCEPTION (default)
2024-02-27 21:40:13,023 [acd5b146-ec22-4575-ab5b-633d0d82c7a3-groupManagement] INFO  server.RaftServerConfigKeys (ConfUtils.java:logGet(46)) - raft.server.storage.dir = [/home/runner/work/ozone/ozone/hadoop-ozone/integration-test/target/test-dir/MiniOzoneClusterImpl-6e3a073c-9bdc-4deb-8550-ef77f821b5e4/ozone-meta/datanode-5/ratis] (custom)
2024-02-27 21:40:13,024 [acd5b146-ec22-4575-ab5b-633d0d82c7a3-groupManagement] INFO  storage.RaftStorageDirectory (RaftStorageDirectoryImpl.java:analyzeStorage(138)) - The storage directory /home/runner/work/ozone/ozone/hadoop-ozone/integration-test/target/test-dir/MiniOzoneClusterImpl-6e3a073c-9bdc-4deb-8550-ef77f821b5e4/ozone-meta/datanode-5/ratis/016ca135-2be0-4d01-9c46-c2392ba6b23c does not exist. Creating ...
2024-02-27 21:40:13,024 [acd5b146-ec22-4575-ab5b-633d0d82c7a3-groupManagement] INFO  storage.RaftStorageDirectory (RaftStorageDirectoryImpl.java:tryLock(228)) - Lock on /home/runner/work/ozone/ozone/hadoop-ozone/integration-test/target/test-dir/MiniOzoneClusterImpl-6e3a073c-9bdc-4deb-8550-ef77f821b5e4/ozone-meta/datanode-5/ratis/016ca135-2be0-4d01-9c46-c2392ba6b23c/in_use.lock acquired by nodename 32143@fv-az531-651
2024-02-27 21:40:13,025 [acd5b146-ec22-4575-ab5b-633d0d82c7a3-groupManagement] INFO  storage.RaftStorage (RaftStorageImpl.java:format(99)) - Storage directory /home/runner/work/ozone/ozone/hadoop-ozone/integration-test/target/test-dir/MiniOzoneClusterImpl-6e3a073c-9bdc-4deb-8550-ef77f821b5e4/ozone-meta/datanode-5/ratis/016ca135-2be0-4d01-9c46-c2392ba6b23c has been successfully formatted.
2024-02-27 21:40:13,025 [acd5b146-ec22-4575-ab5b-633d0d82c7a3-groupManagement] WARN  util.FileUtils (LogUtils.java:supplyAndLog(63)) - Failed to Files.newInputStream /home/runner/work/ozone/ozone/hadoop-ozone/integration-test/target/test-dir/MiniOzoneClusterImpl-6e3a073c-9bdc-4deb-8550-ef77f821b5e4/ozone-meta/datanode-5/ratis/016ca135-2be0-4d01-9c46-c2392ba6b23c/current/raft-meta.conf with options []: java.nio.file.NoSuchFileException: /home/runner/work/ozone/ozone/hadoop-ozone/integration-test/target/test-dir/MiniOzoneClusterImpl-6e3a073c-9bdc-4deb-8550-ef77f821b5e4/ozone-meta/datanode-5/ratis/016ca135-2be0-4d01-9c46-c2392ba6b23c/current/raft-meta.conf
2024-02-27 21:40:13,026 [acd5b146-ec22-4575-ab5b-633d0d82c7a3-groupManagement] INFO  ratis.ContainerStateMachine (ContainerStateMachine.java:loadSnapshot(287)) - group-C2392BA6B23C: The snapshot info is null. Setting the last applied index to:(t:0, i:~)
2024-02-27 21:40:13,026 [acd5b146-ec22-4575-ab5b-633d0d82c7a3-groupManagement] INFO  server.RaftServerConfigKeys (ConfUtils.java:logGet(46)) - raft.server.log.use.memory = false (default)
2024-02-27 21:40:13,026 [acd5b146-ec22-4575-ab5b-633d0d82c7a3-groupManagement] INFO  server.RaftServerConfigKeys (ConfUtils.java:logGet(46)) - raft.server.log.purge.gap = 1000000 (custom)
2024-02-27 21:40:13,026 [acd5b146-ec22-4575-ab5b-633d0d82c7a3-groupManagement] INFO  server.RaftServerConfigKeys (ConfUtils.java:logGet(46)) - raft.server.log.appender.buffer.byte-limit = 8388608 (custom)
2024-02-27 21:40:13,026 [acd5b146-ec22-4575-ab5b-633d0d82c7a3-groupManagement] INFO  server.RaftServerConfigKeys (ConfUtils.java:logGet(46)) - raft.server.log.statemachine.data.read.timeout = 1000ms (default)
2024-02-27 21:40:13,027 [acd5b146-ec22-4575-ab5b-633d0d82c7a3-groupManagement] INFO  server.RaftServerConfigKeys (ConfUtils.java:logGet(46)) - raft.server.log.purge.preservation.log.num = 0 (default)
2024-02-27 21:40:13,028 [acd5b146-ec22-4575-ab5b-633d0d82c7a3-groupManagement] INFO  server.RaftServerConfigKeys (ConfUtils.java:logGet(46)) - raft.server.log.segment.size.max = 67108864 (custom)
2024-02-27 21:40:13,028 [acd5b146-ec22-4575-ab5b-633d0d82c7a3-groupManagement] INFO  server.RaftServerConfigKeys (ConfUtils.java:logGet(46)) - raft.server.log.segment.cache.num.max = 2 (custom)
2024-02-27 21:40:13,028 [acd5b146-ec22-4575-ab5b-633d0d82c7a3-groupManagement] INFO  server.RaftServerConfigKeys (ConfUtils.java:logGet(46)) - raft.server.log.segment.cache.size.max = 200MB (=209715200) (default)
2024-02-27 21:40:13,028 [acd5b146-ec22-4575-ab5b-633d0d82c7a3-groupManagement] INFO  server.RaftServerConfigKeys (ConfUtils.java:logGet(46)) - raft.server.log.appender.buffer.byte-limit = 8388608 (custom)
2024-02-27 21:40:13,028 [acd5b146-ec22-4575-ab5b-633d0d82c7a3-groupManagement] INFO  util.AwaitToRun (AwaitToRun.java:start(81)) - Thread[acd5b146-ec22-4575-ab5b-633d0d82c7a3@group-C2392BA6B23C-cacheEviction-AwaitToRun,5,main] started
2024-02-27 21:40:13,028 [acd5b146-ec22-4575-ab5b-633d0d82c7a3-groupManagement] INFO  segmented.SegmentedRaftLogWorker (SegmentedRaftLogWorker.java:<init>(182)) - new acd5b146-ec22-4575-ab5b-633d0d82c7a3@group-C2392BA6B23C-SegmentedRaftLogWorker for RaftStorageImpl:Storage Directory /home/runner/work/ozone/ozone/hadoop-ozone/integration-test/target/test-dir/MiniOzoneClusterImpl-6e3a073c-9bdc-4deb-8550-ef77f821b5e4/ozone-meta/datanode-5/ratis/016ca135-2be0-4d01-9c46-c2392ba6b23c
2024-02-27 21:40:13,028 [acd5b146-ec22-4575-ab5b-633d0d82c7a3-groupManagement] INFO  server.RaftServerConfigKeys (ConfUtils.java:logGet(46)) - raft.server.log.queue.byte-limit = 4294967296 (custom)
2024-02-27 21:40:13,028 [acd5b146-ec22-4575-ab5b-633d0d82c7a3-groupManagement] INFO  server.RaftServerConfigKeys (ConfUtils.java:logGet(46)) - raft.server.log.queue.element-limit = 1024 (custom)
2024-02-27 21:40:13,029 [acd5b146-ec22-4575-ab5b-633d0d82c7a3-groupManagement] INFO  server.RaftServerConfigKeys (ConfUtils.java:logGet(46)) - raft.server.log.segment.size.max = 67108864 (custom)
2024-02-27 21:40:13,029 [acd5b146-ec22-4575-ab5b-633d0d82c7a3-groupManagement] INFO  server.RaftServerConfigKeys (ConfUtils.java:logGet(46)) - raft.server.log.preallocated.size = 4194304 (custom)
2024-02-27 21:40:13,029 [acd5b146-ec22-4575-ab5b-633d0d82c7a3-groupManagement] INFO  server.RaftServerConfigKeys (ConfUtils.java:logGet(46)) - raft.server.log.force.sync.num = 128 (default)
2024-02-27 21:40:13,029 [acd5b146-ec22-4575-ab5b-633d0d82c7a3-groupManagement] INFO  server.RaftServerConfigKeys (ConfUtils.java:logGet(46)) - raft.server.log.statemachine.data.sync = true (default)
2024-02-27 21:40:13,029 [acd5b146-ec22-4575-ab5b-633d0d82c7a3-groupManagement] INFO  server.RaftServerConfigKeys (ConfUtils.java:logGet(46)) - raft.server.log.statemachine.data.sync.timeout = 10s (default)
2024-02-27 21:40:13,029 [acd5b146-ec22-4575-ab5b-633d0d82c7a3-groupManagement] INFO  server.RaftServerConfigKeys (ConfUtils.java:logGet(46)) - raft.server.log.statemachine.data.sync.timeout.retry = 0 (custom)
2024-02-27 21:40:13,029 [acd5b146-ec22-4575-ab5b-633d0d82c7a3-groupManagement] INFO  server.RaftServerConfigKeys (ConfUtils.java:logGet(46)) - raft.server.log.write.buffer.size = 8388616 (custom)
2024-02-27 21:40:13,030 [acd5b146-ec22-4575-ab5b-633d0d82c7a3-groupManagement] INFO  server.RaftServerConfigKeys (ConfUtils.java:logGet(46)) - raft.server.log.appender.buffer.byte-limit = 8388608 (custom)
2024-02-27 21:40:13,030 [acd5b146-ec22-4575-ab5b-633d0d82c7a3-groupManagement] INFO  server.RaftServerConfigKeys (ConfUtils.java:logGet(46)) - raft.server.log.unsafe-flush.enabled = false (default)
2024-02-27 21:40:13,030 [acd5b146-ec22-4575-ab5b-633d0d82c7a3-groupManagement] INFO  server.RaftServerConfigKeys (ConfUtils.java:logGet(46)) - raft.server.log.async-flush.enabled = false (default)
2024-02-27 21:40:13,030 [acd5b146-ec22-4575-ab5b-633d0d82c7a3-groupManagement] INFO  server.RaftServerConfigKeys (ConfUtils.java:logGet(46)) - raft.server.log.statemachine.data.caching.enabled = true (custom)
2024-02-27 21:40:13,030 [acd5b146-ec22-4575-ab5b-633d0d82c7a3-groupManagement] INFO  segmented.SegmentedRaftLogWorker (SegmentedRaftLogWorker.java:lambda$new$0(134)) - acd5b146-ec22-4575-ab5b-633d0d82c7a3@group-C2392BA6B23C-SegmentedRaftLogWorker: flushIndex: setUnconditionally 0 -> -1
2024-02-27 21:40:13,031 [acd5b146-ec22-4575-ab5b-633d0d82c7a3-groupManagement] INFO  segmented.SegmentedRaftLogWorker (SegmentedRaftLogWorker.java:lambda$new$0(134)) - acd5b146-ec22-4575-ab5b-633d0d82c7a3@group-C2392BA6B23C-SegmentedRaftLogWorker: safeCacheEvictIndex: setUnconditionally 0 -> -1
2024-02-27 21:40:13,031 [acd5b146-ec22-4575-ab5b-633d0d82c7a3-groupManagement] INFO  server.RaftServer$Division (RaftServerImpl.java:start(396)) - acd5b146-ec22-4575-ab5b-633d0d82c7a3@group-C2392BA6B23C: start as a follower, conf=-1: peers:[2818fa5f-cc14-4867-ab22-981a54c2b243|10.1.0.18:15138, 2da9303e-6724-4504-a4a5-d250e7d22259|10.1.0.18:15156, acd5b146-ec22-4575-ab5b-633d0d82c7a3|10.1.0.18:15147]|listeners:[], old=null
2024-02-27 21:40:13,031 [acd5b146-ec22-4575-ab5b-633d0d82c7a3-groupManagement] INFO  server.RaftServer$Division (RaftServerImpl.java:setRole(383)) - acd5b146-ec22-4575-ab5b-633d0d82c7a3@group-C2392BA6B23C: changes role from      null to FOLLOWER at term 0 for startAsFollower
2024-02-27 21:40:13,031 [acd5b146-ec22-4575-ab5b-633d0d82c7a3-groupManagement] INFO  impl.RoleInfo (RoleInfo.java:updateAndGet(139)) - acd5b146-ec22-4575-ab5b-633d0d82c7a3: start acd5b146-ec22-4575-ab5b-633d0d82c7a3@group-C2392BA6B23C-FollowerState
2024-02-27 21:40:13,031 [acd5b146-ec22-4575-ab5b-633d0d82c7a3@group-C2392BA6B23C-FollowerState] INFO  server.RaftServerConfigKeys (ConfUtils.java:logFallback(53)) - raft.server.rpc.first-election.timeout.min = 5s (fallback to raft.server.rpc.timeout.min)
2024-02-27 21:40:13,031 [acd5b146-ec22-4575-ab5b-633d0d82c7a3-groupManagement] INFO  util.JmxRegister (JmxRegister.java:tryRegister(44)) - Successfully registered JMX Bean with object name Ratis:service=RaftServer,group=group-C2392BA6B23C,id=acd5b146-ec22-4575-ab5b-633d0d82c7a3
2024-02-27 21:40:13,031 [acd5b146-ec22-4575-ab5b-633d0d82c7a3@group-C2392BA6B23C-FollowerState] INFO  server.RaftServerConfigKeys (ConfUtils.java:logFallback(53)) - raft.server.rpc.first-election.timeout.max = 5200ms (fallback to raft.server.rpc.timeout.max)
2024-02-27 21:40:13,031 [acd5b146-ec22-4575-ab5b-633d0d82c7a3-groupManagement] INFO  server.RaftServerConfigKeys (ConfUtils.java:logGet(46)) - raft.server.snapshot.trigger-when-stop.enabled = true (default)
2024-02-27 21:40:13,031 [acd5b146-ec22-4575-ab5b-633d0d82c7a3-groupManagement] INFO  server.RaftServerConfigKeys (ConfUtils.java:logGet(46)) - raft.server.snapshot.auto.trigger.enabled = true (custom)
2024-02-27 21:40:13,031 [acd5b146-ec22-4575-ab5b-633d0d82c7a3-groupManagement] INFO  server.RaftServerConfigKeys (ConfUtils.java:logGet(46)) - raft.server.snapshot.auto.trigger.threshold = 10000 (custom)
2024-02-27 21:40:13,032 [acd5b146-ec22-4575-ab5b-633d0d82c7a3-groupManagement] INFO  server.RaftServerConfigKeys (ConfUtils.java:logGet(46)) - raft.server.snapshot.retention.file.num = 5 (custom)
2024-02-27 21:40:13,032 [acd5b146-ec22-4575-ab5b-633d0d82c7a3-groupManagement] INFO  server.RaftServerConfigKeys (ConfUtils.java:logGet(46)) - raft.server.log.purge.upto.snapshot.index = false (default)
2024-02-27 21:40:13,034 [2818fa5f-cc14-4867-ab22-981a54c2b243-PipelineCommandHandlerThread-0] INFO  commandhandler.CreatePipelineCommandHandler (CreatePipelineCommandHandler.java:lambda$handle$2(124)) - Created Pipeline RATIS THREE PipelineID=016ca135-2be0-4d01-9c46-c2392ba6b23c.
2024-02-27 21:40:13,113 [main] INFO  ozone.MiniOzoneClusterImpl (MiniOzoneClusterImpl.java:lambda$waitForClusterToBeReady$0(195)) - Nodes are ready. Got 6 of 6 DN Heartbeats.
2024-02-27 21:40:13,113 [main] INFO  ozone.MiniOzoneClusterImpl (MiniOzoneClusterImpl.java:lambda$waitForClusterToBeReady$0(198)) - Waiting for cluster to exit safe mode
2024-02-27 21:40:13,113 [main] INFO  ozone.MiniOzoneClusterImpl (MiniOzoneClusterImpl.java:lambda$waitForClusterToBeReady$0(200)) - SCM became leader
2024-02-27 21:40:14,114 [main] INFO  ozone.MiniOzoneClusterImpl (MiniOzoneClusterImpl.java:lambda$waitForClusterToBeReady$0(195)) - Nodes are ready. Got 6 of 6 DN Heartbeats.
2024-02-27 21:40:14,114 [main] INFO  ozone.MiniOzoneClusterImpl (MiniOzoneClusterImpl.java:lambda$waitForClusterToBeReady$0(198)) - Waiting for cluster to exit safe mode
2024-02-27 21:40:14,114 [main] INFO  ozone.MiniOzoneClusterImpl (MiniOzoneClusterImpl.java:lambda$waitForClusterToBeReady$0(200)) - SCM became leader
2024-02-27 21:40:15,114 [main] INFO  ozone.MiniOzoneClusterImpl (MiniOzoneClusterImpl.java:lambda$waitForClusterToBeReady$0(195)) - Nodes are ready. Got 6 of 6 DN Heartbeats.
2024-02-27 21:40:15,114 [main] INFO  ozone.MiniOzoneClusterImpl (MiniOzoneClusterImpl.java:lambda$waitForClusterToBeReady$0(198)) - Waiting for cluster to exit safe mode
2024-02-27 21:40:15,114 [main] INFO  ozone.MiniOzoneClusterImpl (MiniOzoneClusterImpl.java:lambda$waitForClusterToBeReady$0(200)) - SCM became leader
2024-02-27 21:40:16,115 [main] INFO  ozone.MiniOzoneClusterImpl (MiniOzoneClusterImpl.java:lambda$waitForClusterToBeReady$0(195)) - Nodes are ready. Got 6 of 6 DN Heartbeats.
2024-02-27 21:40:16,115 [main] INFO  ozone.MiniOzoneClusterImpl (MiniOzoneClusterImpl.java:lambda$waitForClusterToBeReady$0(198)) - Waiting for cluster to exit safe mode
2024-02-27 21:40:16,115 [main] INFO  ozone.MiniOzoneClusterImpl (MiniOzoneClusterImpl.java:lambda$waitForClusterToBeReady$0(200)) - SCM became leader
2024-02-27 21:40:17,115 [main] INFO  ozone.MiniOzoneClusterImpl (MiniOzoneClusterImpl.java:lambda$waitForClusterToBeReady$0(195)) - Nodes are ready. Got 6 of 6 DN Heartbeats.
2024-02-27 21:40:17,115 [main] INFO  ozone.MiniOzoneClusterImpl (MiniOzoneClusterImpl.java:lambda$waitForClusterToBeReady$0(198)) - Waiting for cluster to exit safe mode
2024-02-27 21:40:17,115 [main] INFO  ozone.MiniOzoneClusterImpl (MiniOzoneClusterImpl.java:lambda$waitForClusterToBeReady$0(200)) - SCM became leader
2024-02-27 21:40:17,604 [e0fc16c3-8785-492f-95e3-5d2aafd0cf3f@group-804B6B9C10BF-FollowerState] INFO  impl.FollowerState (FollowerState.java:run(143)) - e0fc16c3-8785-492f-95e3-5d2aafd0cf3f@group-804B6B9C10BF-FollowerState: change to CANDIDATE, lastRpcElapsedTime:5006145352ns, electionTimeout:5005ms
2024-02-27 21:40:17,604 [e0fc16c3-8785-492f-95e3-5d2aafd0cf3f@group-804B6B9C10BF-FollowerState] INFO  impl.RoleInfo (RoleInfo.java:shutdownFollowerState(110)) - e0fc16c3-8785-492f-95e3-5d2aafd0cf3f: shutdown e0fc16c3-8785-492f-95e3-5d2aafd0cf3f@group-804B6B9C10BF-FollowerState
2024-02-27 21:40:17,604 [e0fc16c3-8785-492f-95e3-5d2aafd0cf3f@group-804B6B9C10BF-FollowerState] INFO  server.RaftServer$Division (RaftServerImpl.java:setRole(383)) - e0fc16c3-8785-492f-95e3-5d2aafd0cf3f@group-804B6B9C10BF: changes role from  FOLLOWER to CANDIDATE at term 0 for changeToCandidate
2024-02-27 21:40:17,605 [e0fc16c3-8785-492f-95e3-5d2aafd0cf3f@group-804B6B9C10BF-FollowerState] INFO  server.RaftServerConfigKeys (ConfUtils.java:logGet(46)) - raft.server.leaderelection.pre-vote = true (default)
2024-02-27 21:40:17,605 [e0fc16c3-8785-492f-95e3-5d2aafd0cf3f@group-804B6B9C10BF-FollowerState] INFO  impl.RoleInfo (RoleInfo.java:updateAndGet(139)) - e0fc16c3-8785-492f-95e3-5d2aafd0cf3f: start e0fc16c3-8785-492f-95e3-5d2aafd0cf3f@group-804B6B9C10BF-LeaderElection25
2024-02-27 21:40:17,606 [e0fc16c3-8785-492f-95e3-5d2aafd0cf3f@group-804B6B9C10BF-LeaderElection25] INFO  impl.LeaderElection (LeaderElection.java:askForVotes(321)) - e0fc16c3-8785-492f-95e3-5d2aafd0cf3f@group-804B6B9C10BF-LeaderElection25 PRE_VOTE round 0: submit vote requests at term 0 for -1: peers:[a4a9caa5-f98a-4b6d-87b4-17f7eca85f0e|10.1.0.18:15120, 7299b60a-1361-4038-9b5b-8cb416051416|10.1.0.18:15129, e0fc16c3-8785-492f-95e3-5d2aafd0cf3f|10.1.0.18:15111]|listeners:[], old=null
2024-02-27 21:40:17,607 [e0fc16c3-8785-492f-95e3-5d2aafd0cf3f@group-804B6B9C10BF-LeaderElection25-1] INFO  server.GrpcServerProtocolClient (GrpcServerProtocolClient.java:<init>(65)) - Build channel for a4a9caa5-f98a-4b6d-87b4-17f7eca85f0e|10.1.0.18:15120
2024-02-27 21:40:17,607 [e0fc16c3-8785-492f-95e3-5d2aafd0cf3f@group-804B6B9C10BF-LeaderElection25] INFO  server.RaftServerConfigKeys (ConfUtils.java:logFallback(53)) - raft.server.rpc.first-election.timeout.min = 5s (fallback to raft.server.rpc.timeout.min)
2024-02-27 21:40:17,607 [e0fc16c3-8785-492f-95e3-5d2aafd0cf3f@group-804B6B9C10BF-LeaderElection25] INFO  server.RaftServerConfigKeys (ConfUtils.java:logFallback(53)) - raft.server.rpc.first-election.timeout.max = 5200ms (fallback to raft.server.rpc.timeout.max)
2024-02-27 21:40:17,607 [e0fc16c3-8785-492f-95e3-5d2aafd0cf3f@group-804B6B9C10BF-LeaderElection25-2] INFO  server.GrpcServerProtocolClient (GrpcServerProtocolClient.java:<init>(65)) - Build channel for 7299b60a-1361-4038-9b5b-8cb416051416|10.1.0.18:15129
2024-02-27 21:40:17,611 [grpc-default-executor-1] INFO  server.RaftServer$Division (RaftServerImpl.java:requestVote(1389)) - a4a9caa5-f98a-4b6d-87b4-17f7eca85f0e@group-804B6B9C10BF: receive requestVote(PRE_VOTE, e0fc16c3-8785-492f-95e3-5d2aafd0cf3f, group-804B6B9C10BF, 0, (t:0, i:0))
2024-02-27 21:40:17,611 [grpc-default-executor-1] INFO  impl.VoteContext (VoteContext.java:log(49)) - a4a9caa5-f98a-4b6d-87b4-17f7eca85f0e@group-804B6B9C10BF-FOLLOWER: accept PRE_VOTE from e0fc16c3-8785-492f-95e3-5d2aafd0cf3f: our priority 0 <= candidate's priority 1
2024-02-27 21:40:17,611 [grpc-default-executor-1] INFO  server.RaftServer$Division (RaftServerImpl.java:requestVote(1422)) - a4a9caa5-f98a-4b6d-87b4-17f7eca85f0e@group-804B6B9C10BF replies to PRE_VOTE vote request: e0fc16c3-8785-492f-95e3-5d2aafd0cf3f<-a4a9caa5-f98a-4b6d-87b4-17f7eca85f0e#0:OK-t0. Peer's state: a4a9caa5-f98a-4b6d-87b4-17f7eca85f0e@group-804B6B9C10BF:t0, leader=null, voted=, raftlog=Memoized:a4a9caa5-f98a-4b6d-87b4-17f7eca85f0e@group-804B6B9C10BF-SegmentedRaftLog:OPENED:c-1, conf=-1: peers:[a4a9caa5-f98a-4b6d-87b4-17f7eca85f0e|10.1.0.18:15120, 7299b60a-1361-4038-9b5b-8cb416051416|10.1.0.18:15129, e0fc16c3-8785-492f-95e3-5d2aafd0cf3f|10.1.0.18:15111]|listeners:[], old=null
2024-02-27 21:40:17,611 [grpc-default-executor-0] INFO  server.RaftServer$Division (RaftServerImpl.java:requestVote(1389)) - 7299b60a-1361-4038-9b5b-8cb416051416@group-804B6B9C10BF: receive requestVote(PRE_VOTE, e0fc16c3-8785-492f-95e3-5d2aafd0cf3f, group-804B6B9C10BF, 0, (t:0, i:0))
2024-02-27 21:40:17,612 [grpc-default-executor-0] INFO  impl.VoteContext (VoteContext.java:log(49)) - 7299b60a-1361-4038-9b5b-8cb416051416@group-804B6B9C10BF-FOLLOWER: accept PRE_VOTE from e0fc16c3-8785-492f-95e3-5d2aafd0cf3f: our priority 0 <= candidate's priority 1
2024-02-27 21:40:17,612 [grpc-default-executor-0] INFO  server.RaftServer$Division (RaftServerImpl.java:requestVote(1422)) - 7299b60a-1361-4038-9b5b-8cb416051416@group-804B6B9C10BF replies to PRE_VOTE vote request: e0fc16c3-8785-492f-95e3-5d2aafd0cf3f<-7299b60a-1361-4038-9b5b-8cb416051416#0:OK-t0. Peer's state: 7299b60a-1361-4038-9b5b-8cb416051416@group-804B6B9C10BF:t0, leader=null, voted=, raftlog=Memoized:7299b60a-1361-4038-9b5b-8cb416051416@group-804B6B9C10BF-SegmentedRaftLog:OPENED:c-1, conf=-1: peers:[a4a9caa5-f98a-4b6d-87b4-17f7eca85f0e|10.1.0.18:15120, 7299b60a-1361-4038-9b5b-8cb416051416|10.1.0.18:15129, e0fc16c3-8785-492f-95e3-5d2aafd0cf3f|10.1.0.18:15111]|listeners:[], old=null
2024-02-27 21:40:17,613 [e0fc16c3-8785-492f-95e3-5d2aafd0cf3f@group-804B6B9C10BF-LeaderElection25] INFO  impl.LeaderElection (LeaderElection.java:logAndReturn(89)) - e0fc16c3-8785-492f-95e3-5d2aafd0cf3f@group-804B6B9C10BF-LeaderElection25: PRE_VOTE PASSED received 1 response(s) and 0 exception(s):
2024-02-27 21:40:17,614 [e0fc16c3-8785-492f-95e3-5d2aafd0cf3f@group-804B6B9C10BF-LeaderElection25] INFO  impl.LeaderElection (LeaderElection.java:logAndReturn(93)) -   Response 0: e0fc16c3-8785-492f-95e3-5d2aafd0cf3f<-a4a9caa5-f98a-4b6d-87b4-17f7eca85f0e#0:OK-t0
2024-02-27 21:40:17,614 [e0fc16c3-8785-492f-95e3-5d2aafd0cf3f@group-804B6B9C10BF-LeaderElection25] INFO  impl.LeaderElection (LeaderElection.java:askForVotes(323)) - e0fc16c3-8785-492f-95e3-5d2aafd0cf3f@group-804B6B9C10BF-LeaderElection25 PRE_VOTE round 0: result PASSED
2024-02-27 21:40:17,615 [e0fc16c3-8785-492f-95e3-5d2aafd0cf3f@group-804B6B9C10BF-LeaderElection25] INFO  impl.LeaderElection (LeaderElection.java:askForVotes(321)) - e0fc16c3-8785-492f-95e3-5d2aafd0cf3f@group-804B6B9C10BF-LeaderElection25 ELECTION round 0: submit vote requests at term 1 for -1: peers:[a4a9caa5-f98a-4b6d-87b4-17f7eca85f0e|10.1.0.18:15120, 7299b60a-1361-4038-9b5b-8cb416051416|10.1.0.18:15129, e0fc16c3-8785-492f-95e3-5d2aafd0cf3f|10.1.0.18:15111]|listeners:[], old=null
2024-02-27 21:40:17,615 [e0fc16c3-8785-492f-95e3-5d2aafd0cf3f@group-804B6B9C10BF-LeaderElection25] INFO  server.RaftServerConfigKeys (ConfUtils.java:logFallback(53)) - raft.server.rpc.first-election.timeout.min = 5s (fallback to raft.server.rpc.timeout.min)
2024-02-27 21:40:17,615 [e0fc16c3-8785-492f-95e3-5d2aafd0cf3f@group-804B6B9C10BF-LeaderElection25] INFO  server.RaftServerConfigKeys (ConfUtils.java:logFallback(53)) - raft.server.rpc.first-election.timeout.max = 5200ms (fallback to raft.server.rpc.timeout.max)
2024-02-27 21:40:17,616 [grpc-default-executor-0] INFO  server.RaftServer$Division (RaftServerImpl.java:requestVote(1389)) - a4a9caa5-f98a-4b6d-87b4-17f7eca85f0e@group-804B6B9C10BF: receive requestVote(ELECTION, e0fc16c3-8785-492f-95e3-5d2aafd0cf3f, group-804B6B9C10BF, 1, (t:0, i:0))
2024-02-27 21:40:17,617 [grpc-default-executor-0] INFO  impl.VoteContext (VoteContext.java:log(49)) - a4a9caa5-f98a-4b6d-87b4-17f7eca85f0e@group-804B6B9C10BF-FOLLOWER: accept ELECTION from e0fc16c3-8785-492f-95e3-5d2aafd0cf3f: our priority 0 <= candidate's priority 1
2024-02-27 21:40:17,617 [grpc-default-executor-0] INFO  server.RaftServer$Division (RaftServerImpl.java:setRole(383)) - a4a9caa5-f98a-4b6d-87b4-17f7eca85f0e@group-804B6B9C10BF: changes role from  FOLLOWER to FOLLOWER at term 1 for candidate:e0fc16c3-8785-492f-95e3-5d2aafd0cf3f
2024-02-27 21:40:17,617 [grpc-default-executor-0] INFO  impl.RoleInfo (RoleInfo.java:shutdownFollowerState(110)) - a4a9caa5-f98a-4b6d-87b4-17f7eca85f0e: shutdown a4a9caa5-f98a-4b6d-87b4-17f7eca85f0e@group-804B6B9C10BF-FollowerState
2024-02-27 21:40:17,617 [grpc-default-executor-0] INFO  impl.RoleInfo (RoleInfo.java:updateAndGet(139)) - a4a9caa5-f98a-4b6d-87b4-17f7eca85f0e: start a4a9caa5-f98a-4b6d-87b4-17f7eca85f0e@group-804B6B9C10BF-FollowerState
2024-02-27 21:40:17,617 [a4a9caa5-f98a-4b6d-87b4-17f7eca85f0e@group-804B6B9C10BF-FollowerState] INFO  impl.FollowerState (FollowerState.java:run(152)) - a4a9caa5-f98a-4b6d-87b4-17f7eca85f0e@group-804B6B9C10BF-FollowerState was interrupted
2024-02-27 21:40:17,617 [grpc-default-executor-0] INFO  server.RaftServer$Division (RaftServerImpl.java:setFirstElection(574)) - a4a9caa5-f98a-4b6d-87b4-17f7eca85f0e@group-804B6B9C10BF: set firstElectionSinceStartup to false for candidate:e0fc16c3-8785-492f-95e3-5d2aafd0cf3f
2024-02-27 21:40:17,617 [grpc-default-executor-1] INFO  server.RaftServer$Division (RaftServerImpl.java:requestVote(1389)) - 7299b60a-1361-4038-9b5b-8cb416051416@group-804B6B9C10BF: receive requestVote(ELECTION, e0fc16c3-8785-492f-95e3-5d2aafd0cf3f, group-804B6B9C10BF, 1, (t:0, i:0))
2024-02-27 21:40:17,619 [grpc-default-executor-1] INFO  impl.VoteContext (VoteContext.java:log(49)) - 7299b60a-1361-4038-9b5b-8cb416051416@group-804B6B9C10BF-FOLLOWER: accept ELECTION from e0fc16c3-8785-492f-95e3-5d2aafd0cf3f: our priority 0 <= candidate's priority 1
2024-02-27 21:40:17,619 [grpc-default-executor-1] INFO  server.RaftServer$Division (RaftServerImpl.java:setRole(383)) - 7299b60a-1361-4038-9b5b-8cb416051416@group-804B6B9C10BF: changes role from  FOLLOWER to FOLLOWER at term 1 for candidate:e0fc16c3-8785-492f-95e3-5d2aafd0cf3f
2024-02-27 21:40:17,619 [grpc-default-executor-1] INFO  impl.RoleInfo (RoleInfo.java:shutdownFollowerState(110)) - 7299b60a-1361-4038-9b5b-8cb416051416: shutdown 7299b60a-1361-4038-9b5b-8cb416051416@group-804B6B9C10BF-FollowerState
2024-02-27 21:40:17,619 [grpc-default-executor-1] INFO  impl.RoleInfo (RoleInfo.java:updateAndGet(139)) - 7299b60a-1361-4038-9b5b-8cb416051416: start 7299b60a-1361-4038-9b5b-8cb416051416@group-804B6B9C10BF-FollowerState
2024-02-27 21:40:17,619 [7299b60a-1361-4038-9b5b-8cb416051416@group-804B6B9C10BF-FollowerState] INFO  impl.FollowerState (FollowerState.java:run(152)) - 7299b60a-1361-4038-9b5b-8cb416051416@group-804B6B9C10BF-FollowerState was interrupted
2024-02-27 21:40:17,619 [grpc-default-executor-1] INFO  server.RaftServer$Division (RaftServerImpl.java:setFirstElection(574)) - 7299b60a-1361-4038-9b5b-8cb416051416@group-804B6B9C10BF: set firstElectionSinceStartup to false for candidate:e0fc16c3-8785-492f-95e3-5d2aafd0cf3f
2024-02-27 21:40:17,623 [grpc-default-executor-0] INFO  server.RaftServer$Division (RaftServerImpl.java:requestVote(1422)) - a4a9caa5-f98a-4b6d-87b4-17f7eca85f0e@group-804B6B9C10BF replies to ELECTION vote request: e0fc16c3-8785-492f-95e3-5d2aafd0cf3f<-a4a9caa5-f98a-4b6d-87b4-17f7eca85f0e#0:OK-t1. Peer's state: a4a9caa5-f98a-4b6d-87b4-17f7eca85f0e@group-804B6B9C10BF:t1, leader=null, voted=e0fc16c3-8785-492f-95e3-5d2aafd0cf3f, raftlog=Memoized:a4a9caa5-f98a-4b6d-87b4-17f7eca85f0e@group-804B6B9C10BF-SegmentedRaftLog:OPENED:c-1, conf=-1: peers:[a4a9caa5-f98a-4b6d-87b4-17f7eca85f0e|10.1.0.18:15120, 7299b60a-1361-4038-9b5b-8cb416051416|10.1.0.18:15129, e0fc16c3-8785-492f-95e3-5d2aafd0cf3f|10.1.0.18:15111]|listeners:[], old=null
2024-02-27 21:40:17,623 [grpc-default-executor-1] INFO  server.RaftServer$Division (RaftServerImpl.java:requestVote(1422)) - 7299b60a-1361-4038-9b5b-8cb416051416@group-804B6B9C10BF replies to ELECTION vote request: e0fc16c3-8785-492f-95e3-5d2aafd0cf3f<-7299b60a-1361-4038-9b5b-8cb416051416#0:OK-t1. Peer's state: 7299b60a-1361-4038-9b5b-8cb416051416@group-804B6B9C10BF:t1, leader=null, voted=e0fc16c3-8785-492f-95e3-5d2aafd0cf3f, raftlog=Memoized:7299b60a-1361-4038-9b5b-8cb416051416@group-804B6B9C10BF-SegmentedRaftLog:OPENED:c-1, conf=-1: peers:[a4a9caa5-f98a-4b6d-87b4-17f7eca85f0e|10.1.0.18:15120, 7299b60a-1361-4038-9b5b-8cb416051416|10.1.0.18:15129, e0fc16c3-8785-492f-95e3-5d2aafd0cf3f|10.1.0.18:15111]|listeners:[], old=null
2024-02-27 21:40:17,623 [e0fc16c3-8785-492f-95e3-5d2aafd0cf3f@group-804B6B9C10BF-LeaderElection25] INFO  impl.LeaderElection (LeaderElection.java:logAndReturn(89)) - e0fc16c3-8785-492f-95e3-5d2aafd0cf3f@group-804B6B9C10BF-LeaderElection25: ELECTION PASSED received 1 response(s) and 0 exception(s):
2024-02-27 21:40:17,623 [e0fc16c3-8785-492f-95e3-5d2aafd0cf3f@group-804B6B9C10BF-LeaderElection25] INFO  impl.LeaderElection (LeaderElection.java:logAndReturn(93)) -   Response 0: e0fc16c3-8785-492f-95e3-5d2aafd0cf3f<-a4a9caa5-f98a-4b6d-87b4-17f7eca85f0e#0:OK-t1
2024-02-27 21:40:17,623 [e0fc16c3-8785-492f-95e3-5d2aafd0cf3f@group-804B6B9C10BF-LeaderElection25] INFO  impl.LeaderElection (LeaderElection.java:askForVotes(323)) - e0fc16c3-8785-492f-95e3-5d2aafd0cf3f@group-804B6B9C10BF-LeaderElection25 ELECTION round 0: result PASSED
2024-02-27 21:40:17,624 [e0fc16c3-8785-492f-95e3-5d2aafd0cf3f@group-804B6B9C10BF-LeaderElection25] INFO  impl.RoleInfo (RoleInfo.java:shutdownLeaderElection(130)) - e0fc16c3-8785-492f-95e3-5d2aafd0cf3f: shutdown e0fc16c3-8785-492f-95e3-5d2aafd0cf3f@group-804B6B9C10BF-LeaderElection25
2024-02-27 21:40:17,624 [e0fc16c3-8785-492f-95e3-5d2aafd0cf3f@group-804B6B9C10BF-LeaderElection25] INFO  server.RaftServer$Division (RaftServerImpl.java:setRole(383)) - e0fc16c3-8785-492f-95e3-5d2aafd0cf3f@group-804B6B9C10BF: changes role from CANDIDATE to LEADER at term 1 for changeToLeader
2024-02-27 21:40:17,624 [e0fc16c3-8785-492f-95e3-5d2aafd0cf3f@group-804B6B9C10BF-LeaderElection25] INFO  server.RaftServerConfigKeys (ConfUtils.java:logGet(46)) - raft.server.staging.catchup.gap = 1000 (default)
2024-02-27 21:40:17,624 [e0fc16c3-8785-492f-95e3-5d2aafd0cf3f@group-804B6B9C10BF-LeaderElection25] INFO  server.RaftServerConfigKeys (ConfUtils.java:logGet(46)) - raft.server.write.element-limit = 1024 (custom)
2024-02-27 21:40:17,624 [e0fc16c3-8785-492f-95e3-5d2aafd0cf3f@group-804B6B9C10BF-LeaderElection25] INFO  server.RaftServerConfigKeys (ConfUtils.java:logGet(46)) - raft.server.write.byte-limit = 1024 M (=1073741824) (custom)
2024-02-27 21:40:17,624 [e0fc16c3-8785-492f-95e3-5d2aafd0cf3f@group-804B6B9C10BF-LeaderElection25] INFO  server.RaftServerConfigKeys (ConfUtils.java:logGet(46)) - raft.server.watch.timeout = 180s (custom)
2024-02-27 21:40:17,624 [e0fc16c3-8785-492f-95e3-5d2aafd0cf3f@group-804B6B9C10BF-LeaderElection25] INFO  server.RaftServerConfigKeys (ConfUtils.java:logGet(46)) - raft.server.watch.timeout.denomination = 1s (default)
2024-02-27 21:40:17,624 [e0fc16c3-8785-492f-95e3-5d2aafd0cf3f@group-804B6B9C10BF-LeaderElection25] INFO  server.RaftServerConfigKeys (ConfUtils.java:logGet(46)) - raft.server.watch.element-limit = 65536 (default)
2024-02-27 21:40:17,624 [e0fc16c3-8785-492f-95e3-5d2aafd0cf3f@group-804B6B9C10BF-LeaderElection25] INFO  server.RaftServerConfigKeys (ConfUtils.java:logGet(46)) - raft.server.read.leader.lease.enabled = false (default)
2024-02-27 21:40:17,624 [e0fc16c3-8785-492f-95e3-5d2aafd0cf3f@group-804B6B9C10BF-LeaderElection25] INFO  server.RaftServerConfigKeys (ConfUtils.java:logGet(46)) - raft.server.read.leader.lease.timeout.ratio = 0.9 (default)
2024-02-27 21:40:17,624 [e0fc16c3-8785-492f-95e3-5d2aafd0cf3f@group-804B6B9C10BF-LeaderElection25] INFO  server.RaftServerConfigKeys (ConfUtils.java:logGet(46)) - raft.server.rpc.timeout.min = 5s (custom)
2024-02-27 21:40:17,624 [e0fc16c3-8785-492f-95e3-5d2aafd0cf3f@group-804B6B9C10BF-LeaderElection25] INFO  server.RaftServerConfigKeys (ConfUtils.java:logGet(46)) - raft.server.write.element-limit = 1024 (custom)
2024-02-27 21:40:17,624 [e0fc16c3-8785-492f-95e3-5d2aafd0cf3f@group-804B6B9C10BF-LeaderElection25] INFO  server.RaftServerConfigKeys (ConfUtils.java:logGet(46)) - raft.server.write.follower.gap.ratio.max = -1.0 (default)
2024-02-27 21:40:17,625 [e0fc16c3-8785-492f-95e3-5d2aafd0cf3f@group-804B6B9C10BF-LeaderElection25] INFO  server.RaftServerConfigKeys (ConfUtils.java:logGet(46)) - raft.server.log.appender.snapshot.chunk.size.max = 16MB (=16777216) (default)
2024-02-27 21:40:17,625 [e0fc16c3-8785-492f-95e3-5d2aafd0cf3f@group-804B6B9C10BF-LeaderElection25] INFO  server.RaftServerConfigKeys (ConfUtils.java:logGet(46)) - raft.server.log.appender.buffer.byte-limit = 8388608 (custom)
2024-02-27 21:40:17,625 [e0fc16c3-8785-492f-95e3-5d2aafd0cf3f@group-804B6B9C10BF-LeaderElection25] INFO  server.RaftServerConfigKeys (ConfUtils.java:logGet(46)) - raft.server.log.appender.buffer.element-limit = 1 (custom)
2024-02-27 21:40:17,625 [e0fc16c3-8785-492f-95e3-5d2aafd0cf3f@group-804B6B9C10BF-LeaderElection25] INFO  server.RaftServerConfigKeys (ConfUtils.java:logGet(46)) - raft.server.log.appender.wait-time.min = 0μs (custom)
2024-02-27 21:40:17,625 [e0fc16c3-8785-492f-95e3-5d2aafd0cf3f@group-804B6B9C10BF-LeaderElection25] INFO  grpc.GrpcConfigKeys (ConfUtils.java:logGet(46)) - raft.grpc.server.leader.outstanding.appends.max = 8 (default)
2024-02-27 21:40:17,625 [e0fc16c3-8785-492f-95e3-5d2aafd0cf3f@group-804B6B9C10BF-LeaderElection25] INFO  server.RaftServerConfigKeys (ConfUtils.java:logGet(46)) - raft.server.rpc.request.timeout = 60s (custom)
2024-02-27 21:40:17,625 [e0fc16c3-8785-492f-95e3-5d2aafd0cf3f@group-804B6B9C10BF-LeaderElection25] INFO  grpc.GrpcConfigKeys (ConfUtils.java:logGet(46)) - raft.grpc.server.install_snapshot.request.element-limit = 8 (default)
2024-02-27 21:40:17,625 [e0fc16c3-8785-492f-95e3-5d2aafd0cf3f@group-804B6B9C10BF-LeaderElection25] INFO  grpc.GrpcConfigKeys (ConfUtils.java:logGet(46)) - raft.grpc.server.install_snapshot.request.timeout = 3000ms (default)
2024-02-27 21:40:17,625 [e0fc16c3-8785-492f-95e3-5d2aafd0cf3f@group-804B6B9C10BF-LeaderElection25] INFO  grpc.GrpcConfigKeys (ConfUtils.java:logGet(46)) - raft.grpc.server.log-message.batch.duration = 5s (default)
2024-02-27 21:40:17,625 [e0fc16c3-8785-492f-95e3-5d2aafd0cf3f@group-804B6B9C10BF-LeaderElection25] INFO  server.RaftServerConfigKeys (ConfUtils.java:logGet(46)) - raft.server.log.appender.install.snapshot.enabled = false (custom)
2024-02-27 21:40:17,625 [e0fc16c3-8785-492f-95e3-5d2aafd0cf3f@group-804B6B9C10BF-LeaderElection25] INFO  grpc.GrpcConfigKeys (ConfUtils.java:logGet(46)) - raft.grpc.server.heartbeat.channel = true (default)
2024-02-27 21:40:17,626 [e0fc16c3-8785-492f-95e3-5d2aafd0cf3f@group-804B6B9C10BF-LeaderElection25] INFO  server.RaftServerConfigKeys (ConfUtils.java:logGet(46)) - raft.server.log.appender.snapshot.chunk.size.max = 16MB (=16777216) (default)
2024-02-27 21:40:17,626 [e0fc16c3-8785-492f-95e3-5d2aafd0cf3f@group-804B6B9C10BF-LeaderElection25] INFO  server.RaftServerConfigKeys (ConfUtils.java:logGet(46)) - raft.server.log.appender.buffer.byte-limit = 8388608 (custom)
2024-02-27 21:40:17,626 [e0fc16c3-8785-492f-95e3-5d2aafd0cf3f@group-804B6B9C10BF-LeaderElection25] INFO  server.RaftServerConfigKeys (ConfUtils.java:logGet(46)) - raft.server.log.appender.buffer.element-limit = 1 (custom)
2024-02-27 21:40:17,626 [e0fc16c3-8785-492f-95e3-5d2aafd0cf3f@group-804B6B9C10BF-LeaderElection25] INFO  server.RaftServerConfigKeys (ConfUtils.java:logGet(46)) - raft.server.log.appender.wait-time.min = 0μs (custom)
2024-02-27 21:40:17,626 [e0fc16c3-8785-492f-95e3-5d2aafd0cf3f@group-804B6B9C10BF-LeaderElection25] INFO  grpc.GrpcConfigKeys (ConfUtils.java:logGet(46)) - raft.grpc.server.leader.outstanding.appends.max = 8 (default)
2024-02-27 21:40:17,626 [e0fc16c3-8785-492f-95e3-5d2aafd0cf3f@group-804B6B9C10BF-LeaderElection25] INFO  server.RaftServerConfigKeys (ConfUtils.java:logGet(46)) - raft.server.rpc.request.timeout = 60s (custom)
2024-02-27 21:40:17,626 [e0fc16c3-8785-492f-95e3-5d2aafd0cf3f@group-804B6B9C10BF-LeaderElection25] INFO  grpc.GrpcConfigKeys (ConfUtils.java:logGet(46)) - raft.grpc.server.install_snapshot.request.element-limit = 8 (default)
2024-02-27 21:40:17,626 [e0fc16c3-8785-492f-95e3-5d2aafd0cf3f@group-804B6B9C10BF-LeaderElection25] INFO  grpc.GrpcConfigKeys (ConfUtils.java:logGet(46)) - raft.grpc.server.install_snapshot.request.timeout = 3000ms (default)
2024-02-27 21:40:17,627 [e0fc16c3-8785-492f-95e3-5d2aafd0cf3f@group-804B6B9C10BF-LeaderElection25] INFO  grpc.GrpcConfigKeys (ConfUtils.java:logGet(46)) - raft.grpc.server.log-message.batch.duration = 5s (default)
2024-02-27 21:40:17,627 [e0fc16c3-8785-492f-95e3-5d2aafd0cf3f@group-804B6B9C10BF-LeaderElection25] INFO  server.RaftServerConfigKeys (ConfUtils.java:logGet(46)) - raft.server.log.appender.install.snapshot.enabled = false (custom)
2024-02-27 21:40:17,627 [e0fc16c3-8785-492f-95e3-5d2aafd0cf3f@group-804B6B9C10BF-LeaderElection25] INFO  grpc.GrpcConfigKeys (ConfUtils.java:logGet(46)) - raft.grpc.server.heartbeat.channel = true (default)
2024-02-27 21:40:17,627 [e0fc16c3-8785-492f-95e3-5d2aafd0cf3f@group-804B6B9C10BF-LeaderElection25] INFO  impl.RoleInfo (RoleInfo.java:updateAndGet(139)) - e0fc16c3-8785-492f-95e3-5d2aafd0cf3f: start e0fc16c3-8785-492f-95e3-5d2aafd0cf3f@group-804B6B9C10BF-LeaderStateImpl
2024-02-27 21:40:17,627 [e0fc16c3-8785-492f-95e3-5d2aafd0cf3f@group-804B6B9C10BF-LeaderElection25] INFO  server.RaftServer$Division (RaftServerImpl.java:setFirstElection(574)) - e0fc16c3-8785-492f-95e3-5d2aafd0cf3f@group-804B6B9C10BF: set firstElectionSinceStartup to false for becomeLeader
2024-02-27 21:40:17,627 [e0fc16c3-8785-492f-95e3-5d2aafd0cf3f@group-804B6B9C10BF-LeaderElection25] INFO  ratis.XceiverServerRatis (XceiverServerRatis.java:handleLeaderChangedNotification(966)) - Leader change notification received for group: group-804B6B9C10BF with new leaderId: e0fc16c3-8785-492f-95e3-5d2aafd0cf3f
2024-02-27 21:40:17,627 [e0fc16c3-8785-492f-95e3-5d2aafd0cf3f@group-804B6B9C10BF-LeaderElection25] INFO  server.RaftServer$Division (ServerState.java:setLeader(269)) - e0fc16c3-8785-492f-95e3-5d2aafd0cf3f@group-804B6B9C10BF: change Leader from null to e0fc16c3-8785-492f-95e3-5d2aafd0cf3f at term 1 for becomeLeader, leader elected after 5039ms
2024-02-27 21:40:17,627 [e0fc16c3-8785-492f-95e3-5d2aafd0cf3f@group-804B6B9C10BF-LeaderElection25] INFO  segmented.SegmentedRaftLogWorker (SegmentedRaftLogWorker.java:startLogSegment(430)) - e0fc16c3-8785-492f-95e3-5d2aafd0cf3f@group-804B6B9C10BF-SegmentedRaftLogWorker: Starting segment from index:0
2024-02-27 21:40:17,628 [e0fc16c3-8785-492f-95e3-5d2aafd0cf3f@group-804B6B9C10BF-SegmentedRaftLogWorker] INFO  segmented.BufferedWriteChannel (BufferedWriteChannel.java:open(62)) - open log_inprogress_0 at position 0
2024-02-27 21:40:17,629 [EventQueue-PipelineReportForPipelineReportHandler] INFO  lib.Interns (Interns.java:removeEldestEntry(50)) - Metrics intern cache overflow at 2011 for MetricsSystem={MetricsSystem=MetricsInfoImpl{name=MetricsSystem, description=MetricsSystem}, MetricsSystem record=MetricsInfoImpl{name=MetricsSystem, description=MetricsSystem record}}
2024-02-27 21:40:17,629 [EventQueue-PipelineReportForPipelineReportHandler] INFO  pipeline.PipelineReportHandler (PipelineReportHandler.java:processPipelineReport(136)) - Opened pipeline PipelineID=18c9c50d-3d92-403f-8086-804b6b9c10bf
2024-02-27 21:40:17,631 [e0fc16c3-8785-492f-95e3-5d2aafd0cf3f@group-804B6B9C10BF-LeaderElection25] INFO  server.RaftServer$Division (ServerState.java:setRaftConf(386)) - e0fc16c3-8785-492f-95e3-5d2aafd0cf3f@group-804B6B9C10BF: set configuration 0: peers:[a4a9caa5-f98a-4b6d-87b4-17f7eca85f0e|10.1.0.18:15120, 7299b60a-1361-4038-9b5b-8cb416051416|10.1.0.18:15129, e0fc16c3-8785-492f-95e3-5d2aafd0cf3f|10.1.0.18:15111]|listeners:[], old=null
2024-02-27 21:40:17,634 [EventQueue-OpenPipelineForHealthyPipelineSafeModeRule] INFO  safemode.SCMSafeModeManager (HealthyPipelineSafeModeRule.java:process(140)) - SCM in safe mode. Healthy pipelines reported count is 1, required healthy pipeline reported count is 1
2024-02-27 21:40:17,634 [EventQueue-OpenPipelineForHealthyPipelineSafeModeRule] INFO  safemode.SCMSafeModeManager (SCMSafeModeManager.java:validateSafeModeExitRules(200)) - HealthyPipelineSafeModeRule rule is successfully validated
2024-02-27 21:40:17,634 [EventQueue-OpenPipelineForHealthyPipelineSafeModeRule] INFO  safemode.SCMSafeModeManager (SCMSafeModeManager.java:validateSafeModeExitRules(215)) - ScmSafeModeManager, all rules are successfully validated
2024-02-27 21:40:17,634 [EventQueue-OpenPipelineForHealthyPipelineSafeModeRule] INFO  safemode.SCMSafeModeManager (SCMSafeModeManager.java:exitSafeMode(244)) - SCM exiting safe mode.
2024-02-27 21:40:17,635 [EventQueue-OpenPipelineForHealthyPipelineSafeModeRule] INFO  ha.SCMContext (SCMContext.java:updateSafeModeStatus(225)) - Update SafeModeStatus from SafeModeStatus{safeModeStatus=true, preCheckPassed=true} to SafeModeStatus{safeModeStatus=false, preCheckPassed=true}.
2024-02-27 21:40:17,635 [EventQueue-OpenPipelineForHealthyPipelineSafeModeRule] INFO  pipeline.BackgroundPipelineCreator (BackgroundPipelineCreator.java:notifyStatusChanged(258)) - Service BackgroundPipelineCreator transitions to RUNNING.
2024-02-27 21:40:17,635 [EventQueue-OpenPipelineForHealthyPipelineSafeModeRule] INFO  BackgroundPipelineScrubber (BackgroundSCMService.java:notifyStatusChanged(79)) - Service BackgroundPipelineScrubber transitions to RUNNING.
2024-02-27 21:40:17,635 [EventQueue-OpenPipelineForHealthyPipelineSafeModeRule] INFO  ExpiredContainerReplicaOpScrubber (BackgroundSCMService.java:notifyStatusChanged(79)) - Service ExpiredContainerReplicaOpScrubber transitions to RUNNING.
2024-02-27 21:40:17,635 [EventQueue-OpenPipelineForHealthyPipelineSafeModeRule] INFO  block.SCMBlockDeletingService (SCMBlockDeletingService.java:notifyStatusChanged(247)) - notifyStatusChanged:RUNNING
2024-02-27 21:40:17,635 [EventQueue-OpenPipelineForHealthyPipelineSafeModeRule] INFO  replication.ReplicationManager (ReplicationManager.java:notifyStatusChanged(1402)) - Service ReplicationManager transitions to RUNNING.
2024-02-27 21:40:17,635 [EventQueue-OpenPipelineForHealthyPipelineSafeModeRule] WARN  balancer.ContainerBalancer (ContainerBalancer.java:shouldRun(134)) - Could not find persisted configuration for ContainerBalancer when checking if ContainerBalancer should run. ContainerBalancer should not run now.
2024-02-27 21:40:17,636 [e0fc16c3-8785-492f-95e3-5d2aafd0cf3f@group-804B6B9C10BF-SegmentedRaftLogWorker] INFO  segmented.SegmentedRaftLogWorker (SegmentedRaftLogWorker.java:execute(634)) - e0fc16c3-8785-492f-95e3-5d2aafd0cf3f@group-804B6B9C10BF-SegmentedRaftLogWorker: created new log segment /home/runner/work/ozone/ozone/hadoop-ozone/integration-test/target/test-dir/MiniOzoneClusterImpl-6e3a073c-9bdc-4deb-8550-ef77f821b5e4/ozone-meta/datanode-1/ratis/18c9c50d-3d92-403f-8086-804b6b9c10bf/current/log_inprogress_0
2024-02-27 21:40:17,639 [7299b60a-1361-4038-9b5b-8cb416051416-server-thread1] INFO  ratis.XceiverServerRatis (XceiverServerRatis.java:handleLeaderChangedNotification(966)) - Leader change notification received for group: group-804B6B9C10BF with new leaderId: e0fc16c3-8785-492f-95e3-5d2aafd0cf3f
2024-02-27 21:40:17,639 [7299b60a-1361-4038-9b5b-8cb416051416-server-thread1] INFO  server.RaftServer$Division (ServerState.java:setLeader(269)) - 7299b60a-1361-4038-9b5b-8cb416051416@group-804B6B9C10BF: change Leader from null to e0fc16c3-8785-492f-95e3-5d2aafd0cf3f at term 1 for appendEntries, leader elected after 5011ms
2024-02-27 21:40:17,641 [a4a9caa5-f98a-4b6d-87b4-17f7eca85f0e-server-thread1] INFO  ratis.XceiverServerRatis (XceiverServerRatis.java:handleLeaderChangedNotification(966)) - Leader change notification received for group: group-804B6B9C10BF with new leaderId: e0fc16c3-8785-492f-95e3-5d2aafd0cf3f
2024-02-27 21:40:17,641 [a4a9caa5-f98a-4b6d-87b4-17f7eca85f0e-server-thread1] INFO  server.RaftServer$Division (ServerState.java:setLeader(269)) - a4a9caa5-f98a-4b6d-87b4-17f7eca85f0e@group-804B6B9C10BF: change Leader from null to e0fc16c3-8785-492f-95e3-5d2aafd0cf3f at term 1 for appendEntries, leader elected after 5033ms
2024-02-27 21:40:17,643 [a4a9caa5-f98a-4b6d-87b4-17f7eca85f0e-server-thread2] INFO  server.RaftServer$Division (ServerState.java:setRaftConf(386)) - a4a9caa5-f98a-4b6d-87b4-17f7eca85f0e@group-804B6B9C10BF: set configuration 0: peers:[a4a9caa5-f98a-4b6d-87b4-17f7eca85f0e|10.1.0.18:15120, 7299b60a-1361-4038-9b5b-8cb416051416|10.1.0.18:15129, e0fc16c3-8785-492f-95e3-5d2aafd0cf3f|10.1.0.18:15111]|listeners:[], old=null
2024-02-27 21:40:17,643 [7299b60a-1361-4038-9b5b-8cb416051416-server-thread3] INFO  server.RaftServer$Division (ServerState.java:setRaftConf(386)) - 7299b60a-1361-4038-9b5b-8cb416051416@group-804B6B9C10BF: set configuration 0: peers:[a4a9caa5-f98a-4b6d-87b4-17f7eca85f0e|10.1.0.18:15120, 7299b60a-1361-4038-9b5b-8cb416051416|10.1.0.18:15129, e0fc16c3-8785-492f-95e3-5d2aafd0cf3f|10.1.0.18:15111]|listeners:[], old=null
2024-02-27 21:40:17,643 [a4a9caa5-f98a-4b6d-87b4-17f7eca85f0e-server-thread2] INFO  segmented.SegmentedRaftLogWorker (SegmentedRaftLogWorker.java:startLogSegment(430)) - a4a9caa5-f98a-4b6d-87b4-17f7eca85f0e@group-804B6B9C10BF-SegmentedRaftLogWorker: Starting segment from index:0
2024-02-27 21:40:17,643 [7299b60a-1361-4038-9b5b-8cb416051416-server-thread3] INFO  segmented.SegmentedRaftLogWorker (SegmentedRaftLogWorker.java:startLogSegment(430)) - 7299b60a-1361-4038-9b5b-8cb416051416@group-804B6B9C10BF-SegmentedRaftLogWorker: Starting segment from index:0
2024-02-27 21:40:17,643 [7299b60a-1361-4038-9b5b-8cb416051416@group-804B6B9C10BF-SegmentedRaftLogWorker] INFO  segmented.BufferedWriteChannel (BufferedWriteChannel.java:open(62)) - open log_inprogress_0 at position 0
2024-02-27 21:40:17,643 [a4a9caa5-f98a-4b6d-87b4-17f7eca85f0e@group-804B6B9C10BF-SegmentedRaftLogWorker] INFO  segmented.BufferedWriteChannel (BufferedWriteChannel.java:open(62)) - open log_inprogress_0 at position 0
2024-02-27 21:40:17,653 [a4a9caa5-f98a-4b6d-87b4-17f7eca85f0e@group-804B6B9C10BF-SegmentedRaftLogWorker] INFO  segmented.SegmentedRaftLogWorker (SegmentedRaftLogWorker.java:execute(634)) - a4a9caa5-f98a-4b6d-87b4-17f7eca85f0e@group-804B6B9C10BF-SegmentedRaftLogWorker: created new log segment /home/runner/work/ozone/ozone/hadoop-ozone/integration-test/target/test-dir/MiniOzoneClusterImpl-6e3a073c-9bdc-4deb-8550-ef77f821b5e4/ozone-meta/datanode-2/ratis/18c9c50d-3d92-403f-8086-804b6b9c10bf/current/log_inprogress_0
2024-02-27 21:40:17,654 [7299b60a-1361-4038-9b5b-8cb416051416@group-804B6B9C10BF-SegmentedRaftLogWorker] INFO  segmented.SegmentedRaftLogWorker (SegmentedRaftLogWorker.java:execute(634)) - 7299b60a-1361-4038-9b5b-8cb416051416@group-804B6B9C10BF-SegmentedRaftLogWorker: created new log segment /home/runner/work/ozone/ozone/hadoop-ozone/integration-test/target/test-dir/MiniOzoneClusterImpl-6e3a073c-9bdc-4deb-8550-ef77f821b5e4/ozone-meta/datanode-3/ratis/18c9c50d-3d92-403f-8086-804b6b9c10bf/current/log_inprogress_0
2024-02-27 21:40:17,657 [e0fc16c3-8785-492f-95e3-5d2aafd0cf3f@group-804B6B9C10BF-StateMachineUpdater] INFO  server.RaftServer$Division (LeaderStateImpl.java:isApplied(320)) - leader is ready since appliedIndex == 0 >= startIndex == 0
2024-02-27 21:40:17,669 [7299b60a-1361-4038-9b5b-8cb416051416@group-E6BBE2641B90-FollowerState] INFO  impl.FollowerState (FollowerState.java:run(143)) - 7299b60a-1361-4038-9b5b-8cb416051416@group-E6BBE2641B90-FollowerState: change to CANDIDATE, lastRpcElapsedTime:5001442524ns, electionTimeout:5001ms
2024-02-27 21:40:17,669 [7299b60a-1361-4038-9b5b-8cb416051416@group-E6BBE2641B90-FollowerState] INFO  impl.RoleInfo (RoleInfo.java:shutdownFollowerState(110)) - 7299b60a-1361-4038-9b5b-8cb416051416: shutdown 7299b60a-1361-4038-9b5b-8cb416051416@group-E6BBE2641B90-FollowerState
2024-02-27 21:40:17,669 [7299b60a-1361-4038-9b5b-8cb416051416@group-E6BBE2641B90-FollowerState] INFO  server.RaftServer$Division (RaftServerImpl.java:setRole(383)) - 7299b60a-1361-4038-9b5b-8cb416051416@group-E6BBE2641B90: changes role from  FOLLOWER to CANDIDATE at term 0 for changeToCandidate
2024-02-27 21:40:17,669 [7299b60a-1361-4038-9b5b-8cb416051416@group-E6BBE2641B90-FollowerState] INFO  server.RaftServerConfigKeys (ConfUtils.java:logGet(46)) - raft.server.leaderelection.pre-vote = true (default)
2024-02-27 21:40:17,669 [7299b60a-1361-4038-9b5b-8cb416051416@group-E6BBE2641B90-FollowerState] INFO  impl.RoleInfo (RoleInfo.java:updateAndGet(139)) - 7299b60a-1361-4038-9b5b-8cb416051416: start 7299b60a-1361-4038-9b5b-8cb416051416@group-E6BBE2641B90-LeaderElection26
2024-02-27 21:40:17,671 [7299b60a-1361-4038-9b5b-8cb416051416@group-E6BBE2641B90-LeaderElection26] INFO  impl.LeaderElection (LeaderElection.java:askForVotes(321)) - 7299b60a-1361-4038-9b5b-8cb416051416@group-E6BBE2641B90-LeaderElection26 PRE_VOTE round 0: submit vote requests at term 0 for -1: peers:[7299b60a-1361-4038-9b5b-8cb416051416|10.1.0.18:15129, a4a9caa5-f98a-4b6d-87b4-17f7eca85f0e|10.1.0.18:15120, e0fc16c3-8785-492f-95e3-5d2aafd0cf3f|10.1.0.18:15111]|listeners:[], old=null
2024-02-27 21:40:17,671 [7299b60a-1361-4038-9b5b-8cb416051416@group-E6BBE2641B90-LeaderElection26-1] INFO  server.GrpcServerProtocolClient (GrpcServerProtocolClient.java:<init>(65)) - Build channel for a4a9caa5-f98a-4b6d-87b4-17f7eca85f0e|10.1.0.18:15120
2024-02-27 21:40:17,671 [7299b60a-1361-4038-9b5b-8cb416051416@group-E6BBE2641B90-LeaderElection26] INFO  server.RaftServerConfigKeys (ConfUtils.java:logFallback(53)) - raft.server.rpc.first-election.timeout.min = 5s (fallback to raft.server.rpc.timeout.min)
2024-02-27 21:40:17,671 [7299b60a-1361-4038-9b5b-8cb416051416@group-E6BBE2641B90-LeaderElection26] INFO  server.RaftServerConfigKeys (ConfUtils.java:logFallback(53)) - raft.server.rpc.first-election.timeout.max = 5200ms (fallback to raft.server.rpc.timeout.max)
2024-02-27 21:40:17,671 [7299b60a-1361-4038-9b5b-8cb416051416@group-E6BBE2641B90-LeaderElection26-2] INFO  server.GrpcServerProtocolClient (GrpcServerProtocolClient.java:<init>(65)) - Build channel for e0fc16c3-8785-492f-95e3-5d2aafd0cf3f|10.1.0.18:15111
2024-02-27 21:40:17,676 [grpc-default-executor-6] INFO  server.RaftServer$Division (RaftServerImpl.java:requestVote(1389)) - a4a9caa5-f98a-4b6d-87b4-17f7eca85f0e@group-E6BBE2641B90: receive requestVote(PRE_VOTE, 7299b60a-1361-4038-9b5b-8cb416051416, group-E6BBE2641B90, 0, (t:0, i:0))
2024-02-27 21:40:17,676 [grpc-default-executor-6] INFO  impl.VoteContext (VoteContext.java:log(49)) - a4a9caa5-f98a-4b6d-87b4-17f7eca85f0e@group-E6BBE2641B90-FOLLOWER: accept PRE_VOTE from 7299b60a-1361-4038-9b5b-8cb416051416: our priority 0 <= candidate's priority 1
2024-02-27 21:40:17,676 [grpc-default-executor-6] INFO  server.RaftServer$Division (RaftServerImpl.java:requestVote(1422)) - a4a9caa5-f98a-4b6d-87b4-17f7eca85f0e@group-E6BBE2641B90 replies to PRE_VOTE vote request: 7299b60a-1361-4038-9b5b-8cb416051416<-a4a9caa5-f98a-4b6d-87b4-17f7eca85f0e#0:OK-t0. Peer's state: a4a9caa5-f98a-4b6d-87b4-17f7eca85f0e@group-E6BBE2641B90:t0, leader=null, voted=, raftlog=Memoized:a4a9caa5-f98a-4b6d-87b4-17f7eca85f0e@group-E6BBE2641B90-SegmentedRaftLog:OPENED:c-1, conf=-1: peers:[7299b60a-1361-4038-9b5b-8cb416051416|10.1.0.18:15129, a4a9caa5-f98a-4b6d-87b4-17f7eca85f0e|10.1.0.18:15120, e0fc16c3-8785-492f-95e3-5d2aafd0cf3f|10.1.0.18:15111]|listeners:[], old=null
2024-02-27 21:40:17,676 [grpc-default-executor-0] INFO  server.RaftServer$Division (RaftServerImpl.java:requestVote(1389)) - e0fc16c3-8785-492f-95e3-5d2aafd0cf3f@group-E6BBE2641B90: receive requestVote(PRE_VOTE, 7299b60a-1361-4038-9b5b-8cb416051416, group-E6BBE2641B90, 0, (t:0, i:0))
2024-02-27 21:40:17,676 [grpc-default-executor-0] INFO  impl.VoteContext (VoteContext.java:log(49)) - e0fc16c3-8785-492f-95e3-5d2aafd0cf3f@group-E6BBE2641B90-FOLLOWER: accept PRE_VOTE from 7299b60a-1361-4038-9b5b-8cb416051416: our priority 0 <= candidate's priority 1
2024-02-27 21:40:17,676 [grpc-default-executor-0] INFO  server.RaftServer$Division (RaftServerImpl.java:requestVote(1422)) - e0fc16c3-8785-492f-95e3-5d2aafd0cf3f@group-E6BBE2641B90 replies to PRE_VOTE vote request: 7299b60a-1361-4038-9b5b-8cb416051416<-e0fc16c3-8785-492f-95e3-5d2aafd0cf3f#0:OK-t0. Peer's state: e0fc16c3-8785-492f-95e3-5d2aafd0cf3f@group-E6BBE2641B90:t0, leader=null, voted=, raftlog=Memoized:e0fc16c3-8785-492f-95e3-5d2aafd0cf3f@group-E6BBE2641B90-SegmentedRaftLog:OPENED:c-1, conf=-1: peers:[7299b60a-1361-4038-9b5b-8cb416051416|10.1.0.18:15129, a4a9caa5-f98a-4b6d-87b4-17f7eca85f0e|10.1.0.18:15120, e0fc16c3-8785-492f-95e3-5d2aafd0cf3f|10.1.0.18:15111]|listeners:[], old=null
2024-02-27 21:40:17,677 [7299b60a-1361-4038-9b5b-8cb416051416@group-E6BBE2641B90-LeaderElection26] INFO  impl.LeaderElection (LeaderElection.java:logAndReturn(89)) - 7299b60a-1361-4038-9b5b-8cb416051416@group-E6BBE2641B90-LeaderElection26: PRE_VOTE PASSED received 1 response(s) and 0 exception(s):
2024-02-27 21:40:17,677 [7299b60a-1361-4038-9b5b-8cb416051416@group-E6BBE2641B90-LeaderElection26] INFO  impl.LeaderElection (LeaderElection.java:logAndReturn(93)) -   Response 0: 7299b60a-1361-4038-9b5b-8cb416051416<-e0fc16c3-8785-492f-95e3-5d2aafd0cf3f#0:OK-t0
2024-02-27 21:40:17,677 [7299b60a-1361-4038-9b5b-8cb416051416@group-E6BBE2641B90-LeaderElection26] INFO  impl.LeaderElection (LeaderElection.java:askForVotes(323)) - 7299b60a-1361-4038-9b5b-8cb416051416@group-E6BBE2641B90-LeaderElection26 PRE_VOTE round 0: result PASSED
2024-02-27 21:40:17,680 [7299b60a-1361-4038-9b5b-8cb416051416@group-E6BBE2641B90-LeaderElection26] INFO  impl.LeaderElection (LeaderElection.java:askForVotes(321)) - 7299b60a-1361-4038-9b5b-8cb416051416@group-E6BBE2641B90-LeaderElection26 ELECTION round 0: submit vote requests at term 1 for -1: peers:[7299b60a-1361-4038-9b5b-8cb416051416|10.1.0.18:15129, a4a9caa5-f98a-4b6d-87b4-17f7eca85f0e|10.1.0.18:15120, e0fc16c3-8785-492f-95e3-5d2aafd0cf3f|10.1.0.18:15111]|listeners:[], old=null
2024-02-27 21:40:17,681 [7299b60a-1361-4038-9b5b-8cb416051416@group-E6BBE2641B90-LeaderElection26] INFO  server.RaftServerConfigKeys (ConfUtils.java:logFallback(53)) - raft.server.rpc.first-election.timeout.min = 5s (fallback to raft.server.rpc.timeout.min)
2024-02-27 21:40:17,681 [7299b60a-1361-4038-9b5b-8cb416051416@group-E6BBE2641B90-LeaderElection26] INFO  server.RaftServerConfigKeys (ConfUtils.java:logFallback(53)) - raft.server.rpc.first-election.timeout.max = 5200ms (fallback to raft.server.rpc.timeout.max)
2024-02-27 21:40:17,681 [grpc-default-executor-6] INFO  server.RaftServer$Division (RaftServerImpl.java:requestVote(1389)) - a4a9caa5-f98a-4b6d-87b4-17f7eca85f0e@group-E6BBE2641B90: receive requestVote(ELECTION, 7299b60a-1361-4038-9b5b-8cb416051416, group-E6BBE2641B90, 1, (t:0, i:0))
2024-02-27 21:40:17,681 [grpc-default-executor-6] INFO  impl.VoteContext (VoteContext.java:log(49)) - a4a9caa5-f98a-4b6d-87b4-17f7eca85f0e@group-E6BBE2641B90-FOLLOWER: accept ELECTION from 7299b60a-1361-4038-9b5b-8cb416051416: our priority 0 <= candidate's priority 1
2024-02-27 21:40:17,681 [grpc-default-executor-6] INFO  server.RaftServer$Division (RaftServerImpl.java:setRole(383)) - a4a9caa5-f98a-4b6d-87b4-17f7eca85f0e@group-E6BBE2641B90: changes role from  FOLLOWER to FOLLOWER at term 1 for candidate:7299b60a-1361-4038-9b5b-8cb416051416
2024-02-27 21:40:17,681 [grpc-default-executor-6] INFO  impl.RoleInfo (RoleInfo.java:shutdownFollowerState(110)) - a4a9caa5-f98a-4b6d-87b4-17f7eca85f0e: shutdown a4a9caa5-f98a-4b6d-87b4-17f7eca85f0e@group-E6BBE2641B90-FollowerState
2024-02-27 21:40:17,681 [grpc-default-executor-6] INFO  impl.RoleInfo (RoleInfo.java:updateAndGet(139)) - a4a9caa5-f98a-4b6d-87b4-17f7eca85f0e: start a4a9caa5-f98a-4b6d-87b4-17f7eca85f0e@group-E6BBE2641B90-FollowerState
2024-02-27 21:40:17,682 [a4a9caa5-f98a-4b6d-87b4-17f7eca85f0e@group-E6BBE2641B90-FollowerState] INFO  impl.FollowerState (FollowerState.java:run(152)) - a4a9caa5-f98a-4b6d-87b4-17f7eca85f0e@group-E6BBE2641B90-FollowerState was interrupted
2024-02-27 21:40:17,683 [grpc-default-executor-6] INFO  server.RaftServer$Division (RaftServerImpl.java:setFirstElection(574)) - a4a9caa5-f98a-4b6d-87b4-17f7eca85f0e@group-E6BBE2641B90: set firstElectionSinceStartup to false for candidate:7299b60a-1361-4038-9b5b-8cb416051416
2024-02-27 21:40:17,686 [grpc-default-executor-0] INFO  server.RaftServer$Division (RaftServerImpl.java:requestVote(1389)) - e0fc16c3-8785-492f-95e3-5d2aafd0cf3f@group-E6BBE2641B90: receive requestVote(ELECTION, 7299b60a-1361-4038-9b5b-8cb416051416, group-E6BBE2641B90, 1, (t:0, i:0))
2024-02-27 21:40:17,687 [grpc-default-executor-0] INFO  impl.VoteContext (VoteContext.java:log(49)) - e0fc16c3-8785-492f-95e3-5d2aafd0cf3f@group-E6BBE2641B90-FOLLOWER: accept ELECTION from 7299b60a-1361-4038-9b5b-8cb416051416: our priority 0 <= candidate's priority 1
2024-02-27 21:40:17,687 [grpc-default-executor-0] INFO  server.RaftServer$Division (RaftServerImpl.java:setRole(383)) - e0fc16c3-8785-492f-95e3-5d2aafd0cf3f@group-E6BBE2641B90: changes role from  FOLLOWER to FOLLOWER at term 1 for candidate:7299b60a-1361-4038-9b5b-8cb416051416
2024-02-27 21:40:17,687 [grpc-default-executor-0] INFO  impl.RoleInfo (RoleInfo.java:shutdownFollowerState(110)) - e0fc16c3-8785-492f-95e3-5d2aafd0cf3f: shutdown e0fc16c3-8785-492f-95e3-5d2aafd0cf3f@group-E6BBE2641B90-FollowerState
2024-02-27 21:40:17,687 [grpc-default-executor-0] INFO  impl.RoleInfo (RoleInfo.java:updateAndGet(139)) - e0fc16c3-8785-492f-95e3-5d2aafd0cf3f: start e0fc16c3-8785-492f-95e3-5d2aafd0cf3f@group-E6BBE2641B90-FollowerState
2024-02-27 21:40:17,687 [e0fc16c3-8785-492f-95e3-5d2aafd0cf3f@group-E6BBE2641B90-FollowerState] INFO  impl.FollowerState (FollowerState.java:run(152)) - e0fc16c3-8785-492f-95e3-5d2aafd0cf3f@group-E6BBE2641B90-FollowerState was interrupted
2024-02-27 21:40:17,687 [grpc-default-executor-0] INFO  server.RaftServer$Division (RaftServerImpl.java:setFirstElection(574)) - e0fc16c3-8785-492f-95e3-5d2aafd0cf3f@group-E6BBE2641B90: set firstElectionSinceStartup to false for candidate:7299b60a-1361-4038-9b5b-8cb416051416
2024-02-27 21:40:17,688 [grpc-default-executor-6] INFO  server.RaftServer$Division (RaftServerImpl.java:requestVote(1422)) - a4a9caa5-f98a-4b6d-87b4-17f7eca85f0e@group-E6BBE2641B90 replies to ELECTION vote request: 7299b60a-1361-4038-9b5b-8cb416051416<-a4a9caa5-f98a-4b6d-87b4-17f7eca85f0e#0:OK-t1. Peer's state: a4a9caa5-f98a-4b6d-87b4-17f7eca85f0e@group-E6BBE2641B90:t1, leader=null, voted=7299b60a-1361-4038-9b5b-8cb416051416, raftlog=Memoized:a4a9caa5-f98a-4b6d-87b4-17f7eca85f0e@group-E6BBE2641B90-SegmentedRaftLog:OPENED:c-1, conf=-1: peers:[7299b60a-1361-4038-9b5b-8cb416051416|10.1.0.18:15129, a4a9caa5-f98a-4b6d-87b4-17f7eca85f0e|10.1.0.18:15120, e0fc16c3-8785-492f-95e3-5d2aafd0cf3f|10.1.0.18:15111]|listeners:[], old=null
2024-02-27 21:40:17,688 [grpc-default-executor-0] INFO  server.RaftServer$Division (RaftServerImpl.java:requestVote(1422)) - e0fc16c3-8785-492f-95e3-5d2aafd0cf3f@group-E6BBE2641B90 replies to ELECTION vote request: 7299b60a-1361-4038-9b5b-8cb416051416<-e0fc16c3-8785-492f-95e3-5d2aafd0cf3f#0:OK-t1. Peer's state: e0fc16c3-8785-492f-95e3-5d2aafd0cf3f@group-E6BBE2641B90:t1, leader=null, voted=7299b60a-1361-4038-9b5b-8cb416051416, raftlog=Memoized:e0fc16c3-8785-492f-95e3-5d2aafd0cf3f@group-E6BBE2641B90-SegmentedRaftLog:OPENED:c-1, conf=-1: peers:[7299b60a-1361-4038-9b5b-8cb416051416|10.1.0.18:15129, a4a9caa5-f98a-4b6d-87b4-17f7eca85f0e|10.1.0.18:15120, e0fc16c3-8785-492f-95e3-5d2aafd0cf3f|10.1.0.18:15111]|listeners:[], old=null
2024-02-27 21:40:17,689 [7299b60a-1361-4038-9b5b-8cb416051416@group-E6BBE2641B90-LeaderElection26] INFO  impl.LeaderElection (LeaderElection.java:logAndReturn(89)) - 7299b60a-1361-4038-9b5b-8cb416051416@group-E6BBE2641B90-LeaderElection26: ELECTION PASSED received 1 response(s) and 0 exception(s):
2024-02-27 21:40:17,689 [7299b60a-1361-4038-9b5b-8cb416051416@group-E6BBE2641B90-LeaderElection26] INFO  impl.LeaderElection (LeaderElection.java:logAndReturn(93)) -   Response 0: 7299b60a-1361-4038-9b5b-8cb416051416<-e0fc16c3-8785-492f-95e3-5d2aafd0cf3f#0:OK-t1
2024-02-27 21:40:17,689 [7299b60a-1361-4038-9b5b-8cb416051416@group-E6BBE2641B90-LeaderElection26] INFO  impl.LeaderElection (LeaderElection.java:askForVotes(323)) - 7299b60a-1361-4038-9b5b-8cb416051416@group-E6BBE2641B90-LeaderElection26 ELECTION round 0: result PASSED
2024-02-27 21:40:17,689 [7299b60a-1361-4038-9b5b-8cb416051416@group-E6BBE2641B90-LeaderElection26] INFO  impl.RoleInfo (RoleInfo.java:shutdownLeaderElection(130)) - 7299b60a-1361-4038-9b5b-8cb416051416: shutdown 7299b60a-1361-4038-9b5b-8cb416051416@group-E6BBE2641B90-LeaderElection26
2024-02-27 21:40:17,689 [7299b60a-1361-4038-9b5b-8cb416051416@group-E6BBE2641B90-LeaderElection26] INFO  server.RaftServer$Division (RaftServerImpl.java:setRole(383)) - 7299b60a-1361-4038-9b5b-8cb416051416@group-E6BBE2641B90: changes role from CANDIDATE to LEADER at term 1 for changeToLeader
2024-02-27 21:40:17,689 [7299b60a-1361-4038-9b5b-8cb416051416@group-E6BBE2641B90-LeaderElection26] INFO  server.RaftServerConfigKeys (ConfUtils.java:logGet(46)) - raft.server.staging.catchup.gap = 1000 (default)
2024-02-27 21:40:17,689 [7299b60a-1361-4038-9b5b-8cb416051416@group-E6BBE2641B90-LeaderElection26] INFO  server.RaftServerConfigKeys (ConfUtils.java:logGet(46)) - raft.server.write.element-limit = 1024 (custom)
2024-02-27 21:40:17,689 [7299b60a-1361-4038-9b5b-8cb416051416@group-E6BBE2641B90-LeaderElection26] INFO  server.RaftServerConfigKeys (ConfUtils.java:logGet(46)) - raft.server.write.byte-limit = 1024 M (=1073741824) (custom)
2024-02-27 21:40:17,689 [7299b60a-1361-4038-9b5b-8cb416051416@group-E6BBE2641B90-LeaderElection26] INFO  server.RaftServerConfigKeys (ConfUtils.java:logGet(46)) - raft.server.watch.timeout = 180s (custom)
2024-02-27 21:40:17,690 [7299b60a-1361-4038-9b5b-8cb416051416@group-E6BBE2641B90-LeaderElection26] INFO  server.RaftServerConfigKeys (ConfUtils.java:logGet(46)) - raft.server.watch.timeout.denomination = 1s (default)
2024-02-27 21:40:17,690 [7299b60a-1361-4038-9b5b-8cb416051416@group-E6BBE2641B90-LeaderElection26] INFO  server.RaftServerConfigKeys (ConfUtils.java:logGet(46)) - raft.server.watch.element-limit = 65536 (default)
2024-02-27 21:40:17,690 [7299b60a-1361-4038-9b5b-8cb416051416@group-E6BBE2641B90-LeaderElection26] INFO  server.RaftServerConfigKeys (ConfUtils.java:logGet(46)) - raft.server.read.leader.lease.enabled = false (default)
2024-02-27 21:40:17,690 [7299b60a-1361-4038-9b5b-8cb416051416@group-E6BBE2641B90-LeaderElection26] INFO  server.RaftServerConfigKeys (ConfUtils.java:logGet(46)) - raft.server.read.leader.lease.timeout.ratio = 0.9 (default)
2024-02-27 21:40:17,690 [7299b60a-1361-4038-9b5b-8cb416051416@group-E6BBE2641B90-LeaderElection26] INFO  server.RaftServerConfigKeys (ConfUtils.java:logGet(46)) - raft.server.rpc.timeout.min = 5s (custom)
2024-02-27 21:40:17,690 [7299b60a-1361-4038-9b5b-8cb416051416@group-E6BBE2641B90-LeaderElection26] INFO  server.RaftServerConfigKeys (ConfUtils.java:logGet(46)) - raft.server.write.element-limit = 1024 (custom)
2024-02-27 21:40:17,690 [7299b60a-1361-4038-9b5b-8cb416051416@group-E6BBE2641B90-LeaderElection26] INFO  server.RaftServerConfigKeys (ConfUtils.java:logGet(46)) - raft.server.write.follower.gap.ratio.max = -1.0 (default)
2024-02-27 21:40:17,690 [7299b60a-1361-4038-9b5b-8cb416051416@group-E6BBE2641B90-LeaderElection26] INFO  server.RaftServerConfigKeys (ConfUtils.java:logGet(46)) - raft.server.log.appender.snapshot.chunk.size.max = 16MB (=16777216) (default)
2024-02-27 21:40:17,690 [7299b60a-1361-4038-9b5b-8cb416051416@group-E6BBE2641B90-LeaderElection26] INFO  server.RaftServerConfigKeys (ConfUtils.java:logGet(46)) - raft.server.log.appender.buffer.byte-limit = 8388608 (custom)
2024-02-27 21:40:17,690 [7299b60a-1361-4038-9b5b-8cb416051416@group-E6BBE2641B90-LeaderElection26] INFO  server.RaftServerConfigKeys (ConfUtils.java:logGet(46)) - raft.server.log.appender.buffer.element-limit = 1 (custom)
2024-02-27 21:40:17,691 [7299b60a-1361-4038-9b5b-8cb416051416@group-E6BBE2641B90-LeaderElection26] INFO  server.RaftServerConfigKeys (ConfUtils.java:logGet(46)) - raft.server.log.appender.wait-time.min = 0μs (custom)
2024-02-27 21:40:17,691 [7299b60a-1361-4038-9b5b-8cb416051416@group-E6BBE2641B90-LeaderElection26] INFO  grpc.GrpcConfigKeys (ConfUtils.java:logGet(46)) - raft.grpc.server.leader.outstanding.appends.max = 8 (default)
2024-02-27 21:40:17,691 [7299b60a-1361-4038-9b5b-8cb416051416@group-E6BBE2641B90-LeaderElection26] INFO  server.RaftServerConfigKeys (ConfUtils.java:logGet(46)) - raft.server.rpc.request.timeout = 60s (custom)
2024-02-27 21:40:17,691 [7299b60a-1361-4038-9b5b-8cb416051416@group-E6BBE2641B90-LeaderElection26] INFO  grpc.GrpcConfigKeys (ConfUtils.java:logGet(46)) - raft.grpc.server.install_snapshot.request.element-limit = 8 (default)
2024-02-27 21:40:17,691 [7299b60a-1361-4038-9b5b-8cb416051416@group-E6BBE2641B90-LeaderElection26] INFO  grpc.GrpcConfigKeys (ConfUtils.java:logGet(46)) - raft.grpc.server.install_snapshot.request.timeout = 3000ms (default)
2024-02-27 21:40:17,691 [7299b60a-1361-4038-9b5b-8cb416051416@group-E6BBE2641B90-LeaderElection26] INFO  grpc.GrpcConfigKeys (ConfUtils.java:logGet(46)) - raft.grpc.server.log-message.batch.duration = 5s (default)
2024-02-27 21:40:17,691 [7299b60a-1361-4038-9b5b-8cb416051416@group-E6BBE2641B90-LeaderElection26] INFO  server.RaftServerConfigKeys (ConfUtils.java:logGet(46)) - raft.server.log.appender.install.snapshot.enabled = false (custom)
2024-02-27 21:40:17,691 [7299b60a-1361-4038-9b5b-8cb416051416@group-E6BBE2641B90-LeaderElection26] INFO  grpc.GrpcConfigKeys (ConfUtils.java:logGet(46)) - raft.grpc.server.heartbeat.channel = true (default)
2024-02-27 21:40:17,691 [7299b60a-1361-4038-9b5b-8cb416051416@group-E6BBE2641B90-LeaderElection26] INFO  server.RaftServerConfigKeys (ConfUtils.java:logGet(46)) - raft.server.log.appender.snapshot.chunk.size.max = 16MB (=16777216) (default)
2024-02-27 21:40:17,691 [7299b60a-1361-4038-9b5b-8cb416051416@group-E6BBE2641B90-LeaderElection26] INFO  server.RaftServerConfigKeys (ConfUtils.java:logGet(46)) - raft.server.log.appender.buffer.byte-limit = 8388608 (custom)
2024-02-27 21:40:17,692 [7299b60a-1361-4038-9b5b-8cb416051416@group-E6BBE2641B90-LeaderElection26] INFO  server.RaftServerConfigKeys (ConfUtils.java:logGet(46)) - raft.server.log.appender.buffer.element-limit = 1 (custom)
2024-02-27 21:40:17,692 [7299b60a-1361-4038-9b5b-8cb416051416@group-E6BBE2641B90-LeaderElection26] INFO  server.RaftServerConfigKeys (ConfUtils.java:logGet(46)) - raft.server.log.appender.wait-time.min = 0μs (custom)
2024-02-27 21:40:17,692 [7299b60a-1361-4038-9b5b-8cb416051416@group-E6BBE2641B90-LeaderElection26] INFO  grpc.GrpcConfigKeys (ConfUtils.java:logGet(46)) - raft.grpc.server.leader.outstanding.appends.max = 8 (default)
2024-02-27 21:40:17,692 [7299b60a-1361-4038-9b5b-8cb416051416@group-E6BBE2641B90-LeaderElection26] INFO  server.RaftServerConfigKeys (ConfUtils.java:logGet(46)) - raft.server.rpc.request.timeout = 60s (custom)
2024-02-27 21:40:17,692 [7299b60a-1361-4038-9b5b-8cb416051416@group-E6BBE2641B90-LeaderElection26] INFO  grpc.GrpcConfigKeys (ConfUtils.java:logGet(46)) - raft.grpc.server.install_snapshot.request.element-limit = 8 (default)
2024-02-27 21:40:17,692 [7299b60a-1361-4038-9b5b-8cb416051416@group-E6BBE2641B90-LeaderElection26] INFO  grpc.GrpcConfigKeys (ConfUtils.java:logGet(46)) - raft.grpc.server.install_snapshot.request.timeout = 3000ms (default)
2024-02-27 21:40:17,692 [7299b60a-1361-4038-9b5b-8cb416051416@group-E6BBE2641B90-LeaderElection26] INFO  grpc.GrpcConfigKeys (ConfUtils.java:logGet(46)) - raft.grpc.server.log-message.batch.duration = 5s (default)
2024-02-27 21:40:17,692 [7299b60a-1361-4038-9b5b-8cb416051416@group-E6BBE2641B90-LeaderElection26] INFO  server.RaftServerConfigKeys (ConfUtils.java:logGet(46)) - raft.server.log.appender.install.snapshot.enabled = false (custom)
2024-02-27 21:40:17,692 [7299b60a-1361-4038-9b5b-8cb416051416@group-E6BBE2641B90-LeaderElection26] INFO  grpc.GrpcConfigKeys (ConfUtils.java:logGet(46)) - raft.grpc.server.heartbeat.channel = true (default)
2024-02-27 21:40:17,692 [7299b60a-1361-4038-9b5b-8cb416051416@group-E6BBE2641B90-LeaderElection26] INFO  impl.RoleInfo (RoleInfo.java:updateAndGet(139)) - 7299b60a-1361-4038-9b5b-8cb416051416: start 7299b60a-1361-4038-9b5b-8cb416051416@group-E6BBE2641B90-LeaderStateImpl
2024-02-27 21:40:17,692 [7299b60a-1361-4038-9b5b-8cb416051416@group-E6BBE2641B90-LeaderElection26] INFO  server.RaftServer$Division (RaftServerImpl.java:setFirstElection(574)) - 7299b60a-1361-4038-9b5b-8cb416051416@group-E6BBE2641B90: set firstElectionSinceStartup to false for becomeLeader
2024-02-27 21:40:17,692 [7299b60a-1361-4038-9b5b-8cb416051416@group-E6BBE2641B90-LeaderElection26] INFO  ratis.XceiverServerRatis (XceiverServerRatis.java:handleLeaderChangedNotification(966)) - Leader change notification received for group: group-E6BBE2641B90 with new leaderId: 7299b60a-1361-4038-9b5b-8cb416051416
2024-02-27 21:40:17,692 [7299b60a-1361-4038-9b5b-8cb416051416@group-E6BBE2641B90-LeaderElection26] INFO  server.RaftServer$Division (ServerState.java:setLeader(269)) - 7299b60a-1361-4038-9b5b-8cb416051416@group-E6BBE2641B90: change Leader from null to 7299b60a-1361-4038-9b5b-8cb416051416 at term 1 for becomeLeader, leader elected after 5033ms
2024-02-27 21:40:17,692 [7299b60a-1361-4038-9b5b-8cb416051416@group-E6BBE2641B90-LeaderElection26] INFO  segmented.SegmentedRaftLogWorker (SegmentedRaftLogWorker.java:startLogSegment(430)) - 7299b60a-1361-4038-9b5b-8cb416051416@group-E6BBE2641B90-SegmentedRaftLogWorker: Starting segment from index:0
2024-02-27 21:40:17,693 [7299b60a-1361-4038-9b5b-8cb416051416@group-E6BBE2641B90-SegmentedRaftLogWorker] INFO  segmented.BufferedWriteChannel (BufferedWriteChannel.java:open(62)) - open log_inprogress_0 at position 0
2024-02-27 21:40:17,698 [7299b60a-1361-4038-9b5b-8cb416051416@group-E6BBE2641B90-LeaderElection26] INFO  server.RaftServer$Division (ServerState.java:setRaftConf(386)) - 7299b60a-1361-4038-9b5b-8cb416051416@group-E6BBE2641B90: set configuration 0: peers:[7299b60a-1361-4038-9b5b-8cb416051416|10.1.0.18:15129, a4a9caa5-f98a-4b6d-87b4-17f7eca85f0e|10.1.0.18:15120, e0fc16c3-8785-492f-95e3-5d2aafd0cf3f|10.1.0.18:15111]|listeners:[], old=null
2024-02-27 21:40:17,699 [EventQueue-PipelineReportForPipelineReportHandler] INFO  pipeline.PipelineReportHandler (PipelineReportHandler.java:processPipelineReport(136)) - Opened pipeline PipelineID=c6a2c24f-5c82-40cd-a726-e6bbe2641b90
2024-02-27 21:40:17,701 [7299b60a-1361-4038-9b5b-8cb416051416@group-E6BBE2641B90-SegmentedRaftLogWorker] INFO  segmented.SegmentedRaftLogWorker (SegmentedRaftLogWorker.java:execute(634)) - 7299b60a-1361-4038-9b5b-8cb416051416@group-E6BBE2641B90-SegmentedRaftLogWorker: created new log segment /home/runner/work/ozone/ozone/hadoop-ozone/integration-test/target/test-dir/MiniOzoneClusterImpl-6e3a073c-9bdc-4deb-8550-ef77f821b5e4/ozone-meta/datanode-3/ratis/c6a2c24f-5c82-40cd-a726-e6bbe2641b90/current/log_inprogress_0
2024-02-27 21:40:17,702 [a4a9caa5-f98a-4b6d-87b4-17f7eca85f0e-server-thread1] INFO  ratis.XceiverServerRatis (XceiverServerRatis.java:handleLeaderChangedNotification(966)) - Leader change notification received for group: group-E6BBE2641B90 with new leaderId: 7299b60a-1361-4038-9b5b-8cb416051416
2024-02-27 21:40:17,702 [a4a9caa5-f98a-4b6d-87b4-17f7eca85f0e-server-thread1] INFO  server.RaftServer$Division (ServerState.java:setLeader(269)) - a4a9caa5-f98a-4b6d-87b4-17f7eca85f0e@group-E6BBE2641B90: change Leader from null to 7299b60a-1361-4038-9b5b-8cb416051416 at term 1 for appendEntries, leader elected after 5025ms
2024-02-27 21:40:17,706 [a4a9caa5-f98a-4b6d-87b4-17f7eca85f0e-server-thread2] INFO  server.RaftServer$Division (ServerState.java:setRaftConf(386)) - a4a9caa5-f98a-4b6d-87b4-17f7eca85f0e@group-E6BBE2641B90: set configuration 0: peers:[7299b60a-1361-4038-9b5b-8cb416051416|10.1.0.18:15129, a4a9caa5-f98a-4b6d-87b4-17f7eca85f0e|10.1.0.18:15120, e0fc16c3-8785-492f-95e3-5d2aafd0cf3f|10.1.0.18:15111]|listeners:[], old=null
2024-02-27 21:40:17,707 [a4a9caa5-f98a-4b6d-87b4-17f7eca85f0e-server-thread2] INFO  segmented.SegmentedRaftLogWorker (SegmentedRaftLogWorker.java:startLogSegment(430)) - a4a9caa5-f98a-4b6d-87b4-17f7eca85f0e@group-E6BBE2641B90-SegmentedRaftLogWorker: Starting segment from index:0
2024-02-27 21:40:17,708 [a4a9caa5-f98a-4b6d-87b4-17f7eca85f0e@group-E6BBE2641B90-SegmentedRaftLogWorker] INFO  segmented.BufferedWriteChannel (BufferedWriteChannel.java:open(62)) - open log_inprogress_0 at position 0
2024-02-27 21:40:17,710 [e0fc16c3-8785-492f-95e3-5d2aafd0cf3f-server-thread1] INFO  ratis.XceiverServerRatis (XceiverServerRatis.java:handleLeaderChangedNotification(966)) - Leader change notification received for group: group-E6BBE2641B90 with new leaderId: 7299b60a-1361-4038-9b5b-8cb416051416
2024-02-27 21:40:17,711 [e0fc16c3-8785-492f-95e3-5d2aafd0cf3f-server-thread1] INFO  server.RaftServer$Division (ServerState.java:setLeader(269)) - e0fc16c3-8785-492f-95e3-5d2aafd0cf3f@group-E6BBE2641B90: change Leader from null to 7299b60a-1361-4038-9b5b-8cb416051416 at term 1 for appendEntries, leader elected after 5068ms
2024-02-27 21:40:17,714 [e0fc16c3-8785-492f-95e3-5d2aafd0cf3f-server-thread2] INFO  server.RaftServer$Division (ServerState.java:setRaftConf(386)) - e0fc16c3-8785-492f-95e3-5d2aafd0cf3f@group-E6BBE2641B90: set configuration 0: peers:[7299b60a-1361-4038-9b5b-8cb416051416|10.1.0.18:15129, a4a9caa5-f98a-4b6d-87b4-17f7eca85f0e|10.1.0.18:15120, e0fc16c3-8785-492f-95e3-5d2aafd0cf3f|10.1.0.18:15111]|listeners:[], old=null
2024-02-27 21:40:17,714 [e0fc16c3-8785-492f-95e3-5d2aafd0cf3f-server-thread2] INFO  segmented.SegmentedRaftLogWorker (SegmentedRaftLogWorker.java:startLogSegment(430)) - e0fc16c3-8785-492f-95e3-5d2aafd0cf3f@group-E6BBE2641B90-SegmentedRaftLogWorker: Starting segment from index:0
2024-02-27 21:40:17,714 [e0fc16c3-8785-492f-95e3-5d2aafd0cf3f@group-E6BBE2641B90-SegmentedRaftLogWorker] INFO  segmented.BufferedWriteChannel (BufferedWriteChannel.java:open(62)) - open log_inprogress_0 at position 0
2024-02-27 21:40:17,717 [a4a9caa5-f98a-4b6d-87b4-17f7eca85f0e@group-E6BBE2641B90-SegmentedRaftLogWorker] INFO  segmented.SegmentedRaftLogWorker (SegmentedRaftLogWorker.java:execute(634)) - a4a9caa5-f98a-4b6d-87b4-17f7eca85f0e@group-E6BBE2641B90-SegmentedRaftLogWorker: created new log segment /home/runner/work/ozone/ozone/hadoop-ozone/integration-test/target/test-dir/MiniOzoneClusterImpl-6e3a073c-9bdc-4deb-8550-ef77f821b5e4/ozone-meta/datanode-2/ratis/c6a2c24f-5c82-40cd-a726-e6bbe2641b90/current/log_inprogress_0
2024-02-27 21:40:17,721 [e0fc16c3-8785-492f-95e3-5d2aafd0cf3f@group-E6BBE2641B90-SegmentedRaftLogWorker] INFO  segmented.SegmentedRaftLogWorker (SegmentedRaftLogWorker.java:execute(634)) - e0fc16c3-8785-492f-95e3-5d2aafd0cf3f@group-E6BBE2641B90-SegmentedRaftLogWorker: created new log segment /home/runner/work/ozone/ozone/hadoop-ozone/integration-test/target/test-dir/MiniOzoneClusterImpl-6e3a073c-9bdc-4deb-8550-ef77f821b5e4/ozone-meta/datanode-1/ratis/c6a2c24f-5c82-40cd-a726-e6bbe2641b90/current/log_inprogress_0
2024-02-27 21:40:17,721 [7299b60a-1361-4038-9b5b-8cb416051416@group-E6BBE2641B90-StateMachineUpdater] INFO  server.RaftServer$Division (LeaderStateImpl.java:isApplied(320)) - leader is ready since appliedIndex == 0 >= startIndex == 0
2024-02-27 21:40:17,953 [2818fa5f-cc14-4867-ab22-981a54c2b243@group-A218E7DAA433-FollowerState] INFO  impl.FollowerState (FollowerState.java:run(143)) - 2818fa5f-cc14-4867-ab22-981a54c2b243@group-A218E7DAA433-FollowerState: change to CANDIDATE, lastRpcElapsedTime:5016406396ns, electionTimeout:5015ms
2024-02-27 21:40:17,953 [2818fa5f-cc14-4867-ab22-981a54c2b243@group-A218E7DAA433-FollowerState] INFO  impl.RoleInfo (RoleInfo.java:shutdownFollowerState(110)) - 2818fa5f-cc14-4867-ab22-981a54c2b243: shutdown 2818fa5f-cc14-4867-ab22-981a54c2b243@group-A218E7DAA433-FollowerState
2024-02-27 21:40:17,953 [2818fa5f-cc14-4867-ab22-981a54c2b243@group-A218E7DAA433-FollowerState] INFO  server.RaftServer$Division (RaftServerImpl.java:setRole(383)) - 2818fa5f-cc14-4867-ab22-981a54c2b243@group-A218E7DAA433: changes role from  FOLLOWER to CANDIDATE at term 0 for changeToCandidate
2024-02-27 21:40:17,953 [2818fa5f-cc14-4867-ab22-981a54c2b243@group-A218E7DAA433-FollowerState] INFO  server.RaftServerConfigKeys (ConfUtils.java:logGet(46)) - raft.server.leaderelection.pre-vote = true (default)
2024-02-27 21:40:17,953 [2818fa5f-cc14-4867-ab22-981a54c2b243@group-A218E7DAA433-FollowerState] INFO  impl.RoleInfo (RoleInfo.java:updateAndGet(139)) - 2818fa5f-cc14-4867-ab22-981a54c2b243: start 2818fa5f-cc14-4867-ab22-981a54c2b243@group-A218E7DAA433-LeaderElection27
2024-02-27 21:40:17,955 [2818fa5f-cc14-4867-ab22-981a54c2b243@group-A218E7DAA433-LeaderElection27] INFO  impl.LeaderElection (LeaderElection.java:askForVotes(321)) - 2818fa5f-cc14-4867-ab22-981a54c2b243@group-A218E7DAA433-LeaderElection27 PRE_VOTE round 0: submit vote requests at term 0 for -1: peers:[2818fa5f-cc14-4867-ab22-981a54c2b243|10.1.0.18:15138, 2da9303e-6724-4504-a4a5-d250e7d22259|10.1.0.18:15156, acd5b146-ec22-4575-ab5b-633d0d82c7a3|10.1.0.18:15147]|listeners:[], old=null
2024-02-27 21:40:17,955 [2818fa5f-cc14-4867-ab22-981a54c2b243@group-A218E7DAA433-LeaderElection27-1] INFO  server.GrpcServerProtocolClient (GrpcServerProtocolClient.java:<init>(65)) - Build channel for 2da9303e-6724-4504-a4a5-d250e7d22259|10.1.0.18:15156
2024-02-27 21:40:17,955 [2818fa5f-cc14-4867-ab22-981a54c2b243@group-A218E7DAA433-LeaderElection27] INFO  server.RaftServerConfigKeys (ConfUtils.java:logFallback(53)) - raft.server.rpc.first-election.timeout.min = 5s (fallback to raft.server.rpc.timeout.min)
2024-02-27 21:40:17,955 [2818fa5f-cc14-4867-ab22-981a54c2b243@group-A218E7DAA433-LeaderElection27] INFO  server.RaftServerConfigKeys (ConfUtils.java:logFallback(53)) - raft.server.rpc.first-election.timeout.max = 5200ms (fallback to raft.server.rpc.timeout.max)
2024-02-27 21:40:17,955 [2818fa5f-cc14-4867-ab22-981a54c2b243@group-A218E7DAA433-LeaderElection27-2] INFO  server.GrpcServerProtocolClient (GrpcServerProtocolClient.java:<init>(65)) - Build channel for acd5b146-ec22-4575-ab5b-633d0d82c7a3|10.1.0.18:15147
2024-02-27 21:40:17,959 [grpc-default-executor-4] INFO  server.RaftServer$Division (RaftServerImpl.java:requestVote(1389)) - 2da9303e-6724-4504-a4a5-d250e7d22259@group-A218E7DAA433: receive requestVote(PRE_VOTE, 2818fa5f-cc14-4867-ab22-981a54c2b243, group-A218E7DAA433, 0, (t:0, i:0))
2024-02-27 21:40:17,959 [grpc-default-executor-4] INFO  impl.VoteContext (VoteContext.java:log(49)) - 2da9303e-6724-4504-a4a5-d250e7d22259@group-A218E7DAA433-FOLLOWER: accept PRE_VOTE from 2818fa5f-cc14-4867-ab22-981a54c2b243: our priority 0 <= candidate's priority 0
2024-02-27 21:40:17,959 [grpc-default-executor-6] INFO  server.RaftServer$Division (RaftServerImpl.java:requestVote(1389)) - acd5b146-ec22-4575-ab5b-633d0d82c7a3@group-A218E7DAA433: receive requestVote(PRE_VOTE, 2818fa5f-cc14-4867-ab22-981a54c2b243, group-A218E7DAA433, 0, (t:0, i:0))
2024-02-27 21:40:17,959 [grpc-default-executor-4] INFO  server.RaftServer$Division (RaftServerImpl.java:requestVote(1422)) - 2da9303e-6724-4504-a4a5-d250e7d22259@group-A218E7DAA433 replies to PRE_VOTE vote request: 2818fa5f-cc14-4867-ab22-981a54c2b243<-2da9303e-6724-4504-a4a5-d250e7d22259#0:OK-t0. Peer's state: 2da9303e-6724-4504-a4a5-d250e7d22259@group-A218E7DAA433:t0, leader=null, voted=, raftlog=Memoized:2da9303e-6724-4504-a4a5-d250e7d22259@group-A218E7DAA433-SegmentedRaftLog:OPENED:c-1, conf=-1: peers:[2818fa5f-cc14-4867-ab22-981a54c2b243|10.1.0.18:15138, 2da9303e-6724-4504-a4a5-d250e7d22259|10.1.0.18:15156, acd5b146-ec22-4575-ab5b-633d0d82c7a3|10.1.0.18:15147]|listeners:[], old=null
2024-02-27 21:40:17,959 [grpc-default-executor-6] INFO  impl.VoteContext (VoteContext.java:log(49)) - acd5b146-ec22-4575-ab5b-633d0d82c7a3@group-A218E7DAA433-FOLLOWER: reject PRE_VOTE from 2818fa5f-cc14-4867-ab22-981a54c2b243: our priority 1 > candidate's priority 0
2024-02-27 21:40:17,959 [grpc-default-executor-6] INFO  server.RaftServer$Division (RaftServerImpl.java:requestVote(1422)) - acd5b146-ec22-4575-ab5b-633d0d82c7a3@group-A218E7DAA433 replies to PRE_VOTE vote request: 2818fa5f-cc14-4867-ab22-981a54c2b243<-acd5b146-ec22-4575-ab5b-633d0d82c7a3#0:FAIL-t0. Peer's state: acd5b146-ec22-4575-ab5b-633d0d82c7a3@group-A218E7DAA433:t0, leader=null, voted=, raftlog=Memoized:acd5b146-ec22-4575-ab5b-633d0d82c7a3@group-A218E7DAA433-SegmentedRaftLog:OPENED:c-1, conf=-1: peers:[2818fa5f-cc14-4867-ab22-981a54c2b243|10.1.0.18:15138, 2da9303e-6724-4504-a4a5-d250e7d22259|10.1.0.18:15156, acd5b146-ec22-4575-ab5b-633d0d82c7a3|10.1.0.18:15147]|listeners:[], old=null
2024-02-27 21:40:17,960 [2818fa5f-cc14-4867-ab22-981a54c2b243@group-A218E7DAA433-LeaderElection27] INFO  impl.LeaderElection (LeaderElection.java:logAndReturn(89)) - 2818fa5f-cc14-4867-ab22-981a54c2b243@group-A218E7DAA433-LeaderElection27: PRE_VOTE REJECTED received 1 response(s) and 0 exception(s):
2024-02-27 21:40:17,960 [2818fa5f-cc14-4867-ab22-981a54c2b243@group-A218E7DAA433-LeaderElection27] INFO  impl.LeaderElection (LeaderElection.java:logAndReturn(93)) -   Response 0: 2818fa5f-cc14-4867-ab22-981a54c2b243<-acd5b146-ec22-4575-ab5b-633d0d82c7a3#0:FAIL-t0
2024-02-27 21:40:17,960 [2818fa5f-cc14-4867-ab22-981a54c2b243@group-A218E7DAA433-LeaderElection27] INFO  impl.LeaderElection (LeaderElection.java:askForVotes(323)) - 2818fa5f-cc14-4867-ab22-981a54c2b243@group-A218E7DAA433-LeaderElection27 PRE_VOTE round 0: result REJECTED
2024-02-27 21:40:17,960 [2818fa5f-cc14-4867-ab22-981a54c2b243@group-A218E7DAA433-LeaderElection27] INFO  server.RaftServer$Division (RaftServerImpl.java:setRole(383)) - 2818fa5f-cc14-4867-ab22-981a54c2b243@group-A218E7DAA433: changes role from CANDIDATE to FOLLOWER at term 0 for REJECTED
2024-02-27 21:40:17,960 [2818fa5f-cc14-4867-ab22-981a54c2b243@group-A218E7DAA433-LeaderElection27] INFO  impl.RoleInfo (RoleInfo.java:shutdownLeaderElection(130)) - 2818fa5f-cc14-4867-ab22-981a54c2b243: shutdown 2818fa5f-cc14-4867-ab22-981a54c2b243@group-A218E7DAA433-LeaderElection27
2024-02-27 21:40:17,960 [2818fa5f-cc14-4867-ab22-981a54c2b243@group-A218E7DAA433-LeaderElection27] INFO  impl.RoleInfo (RoleInfo.java:updateAndGet(139)) - 2818fa5f-cc14-4867-ab22-981a54c2b243: start 2818fa5f-cc14-4867-ab22-981a54c2b243@group-A218E7DAA433-FollowerState
2024-02-27 21:40:17,960 [2818fa5f-cc14-4867-ab22-981a54c2b243@group-A218E7DAA433-LeaderElection27] INFO  server.RaftServer$Division (RaftServerImpl.java:setFirstElection(574)) - 2818fa5f-cc14-4867-ab22-981a54c2b243@group-A218E7DAA433: set firstElectionSinceStartup to false for REJECTED
2024-02-27 21:40:18,003 [acd5b146-ec22-4575-ab5b-633d0d82c7a3@group-A218E7DAA433-FollowerState] INFO  impl.FollowerState (FollowerState.java:run(143)) - acd5b146-ec22-4575-ab5b-633d0d82c7a3@group-A218E7DAA433-FollowerState: change to CANDIDATE, lastRpcElapsedTime:5021063353ns, electionTimeout:5020ms
2024-02-27 21:40:18,003 [acd5b146-ec22-4575-ab5b-633d0d82c7a3@group-A218E7DAA433-FollowerState] INFO  impl.RoleInfo (RoleInfo.java:shutdownFollowerState(110)) - acd5b146-ec22-4575-ab5b-633d0d82c7a3: shutdown acd5b146-ec22-4575-ab5b-633d0d82c7a3@group-A218E7DAA433-FollowerState
2024-02-27 21:40:18,003 [acd5b146-ec22-4575-ab5b-633d0d82c7a3@group-A218E7DAA433-FollowerState] INFO  server.RaftServer$Division (RaftServerImpl.java:setRole(383)) - acd5b146-ec22-4575-ab5b-633d0d82c7a3@group-A218E7DAA433: changes role from  FOLLOWER to CANDIDATE at term 0 for changeToCandidate
2024-02-27 21:40:18,004 [acd5b146-ec22-4575-ab5b-633d0d82c7a3@group-A218E7DAA433-FollowerState] INFO  server.RaftServerConfigKeys (ConfUtils.java:logGet(46)) - raft.server.leaderelection.pre-vote = true (default)
2024-02-27 21:40:18,004 [acd5b146-ec22-4575-ab5b-633d0d82c7a3@group-A218E7DAA433-FollowerState] INFO  impl.RoleInfo (RoleInfo.java:updateAndGet(139)) - acd5b146-ec22-4575-ab5b-633d0d82c7a3: start acd5b146-ec22-4575-ab5b-633d0d82c7a3@group-A218E7DAA433-LeaderElection28
2024-02-27 21:40:18,004 [acd5b146-ec22-4575-ab5b-633d0d82c7a3@group-A218E7DAA433-LeaderElection28] INFO  impl.LeaderElection (LeaderElection.java:askForVotes(321)) - acd5b146-ec22-4575-ab5b-633d0d82c7a3@group-A218E7DAA433-LeaderElection28 PRE_VOTE round 0: submit vote requests at term 0 for -1: peers:[2818fa5f-cc14-4867-ab22-981a54c2b243|10.1.0.18:15138, 2da9303e-6724-4504-a4a5-d250e7d22259|10.1.0.18:15156, acd5b146-ec22-4575-ab5b-633d0d82c7a3|10.1.0.18:15147]|listeners:[], old=null
2024-02-27 21:40:18,005 [acd5b146-ec22-4575-ab5b-633d0d82c7a3@group-A218E7DAA433-LeaderElection28-1] INFO  server.GrpcServerProtocolClient (GrpcServerProtocolClient.java:<init>(65)) - Build channel for 2818fa5f-cc14-4867-ab22-981a54c2b243|10.1.0.18:15138
2024-02-27 21:40:18,005 [acd5b146-ec22-4575-ab5b-633d0d82c7a3@group-A218E7DAA433-LeaderElection28-2] INFO  server.GrpcServerProtocolClient (GrpcServerProtocolClient.java:<init>(65)) - Build channel for 2da9303e-6724-4504-a4a5-d250e7d22259|10.1.0.18:15156
2024-02-27 21:40:18,005 [acd5b146-ec22-4575-ab5b-633d0d82c7a3@group-A218E7DAA433-LeaderElection28] INFO  server.RaftServerConfigKeys (ConfUtils.java:logFallback(53)) - raft.server.rpc.first-election.timeout.min = 5s (fallback to raft.server.rpc.timeout.min)
2024-02-27 21:40:18,005 [acd5b146-ec22-4575-ab5b-633d0d82c7a3@group-A218E7DAA433-LeaderElection28] INFO  server.RaftServerConfigKeys (ConfUtils.java:logFallback(53)) - raft.server.rpc.first-election.timeout.max = 5200ms (fallback to raft.server.rpc.timeout.max)
2024-02-27 21:40:18,008 [grpc-default-executor-6] INFO  server.RaftServer$Division (RaftServerImpl.java:requestVote(1389)) - 2818fa5f-cc14-4867-ab22-981a54c2b243@group-A218E7DAA433: receive requestVote(PRE_VOTE, acd5b146-ec22-4575-ab5b-633d0d82c7a3, group-A218E7DAA433, 0, (t:0, i:0))
2024-02-27 21:40:18,008 [grpc-default-executor-6] INFO  impl.VoteContext (VoteContext.java:log(49)) - 2818fa5f-cc14-4867-ab22-981a54c2b243@group-A218E7DAA433-FOLLOWER: accept PRE_VOTE from acd5b146-ec22-4575-ab5b-633d0d82c7a3: our priority 0 <= candidate's priority 1
2024-02-27 21:40:18,008 [grpc-default-executor-6] INFO  server.RaftServer$Division (RaftServerImpl.java:requestVote(1422)) - 2818fa5f-cc14-4867-ab22-981a54c2b243@group-A218E7DAA433 replies to PRE_VOTE vote request: acd5b146-ec22-4575-ab5b-633d0d82c7a3<-2818fa5f-cc14-4867-ab22-981a54c2b243#0:OK-t0. Peer's state: 2818fa5f-cc14-4867-ab22-981a54c2b243@group-A218E7DAA433:t0, leader=null, voted=, raftlog=Memoized:2818fa5f-cc14-4867-ab22-981a54c2b243@group-A218E7DAA433-SegmentedRaftLog:OPENED:c-1, conf=-1: peers:[2818fa5f-cc14-4867-ab22-981a54c2b243|10.1.0.18:15138, 2da9303e-6724-4504-a4a5-d250e7d22259|10.1.0.18:15156, acd5b146-ec22-4575-ab5b-633d0d82c7a3|10.1.0.18:15147]|listeners:[], old=null
2024-02-27 21:40:18,009 [grpc-default-executor-4] INFO  server.RaftServer$Division (RaftServerImpl.java:requestVote(1389)) - 2da9303e-6724-4504-a4a5-d250e7d22259@group-A218E7DAA433: receive requestVote(PRE_VOTE, acd5b146-ec22-4575-ab5b-633d0d82c7a3, group-A218E7DAA433, 0, (t:0, i:0))
2024-02-27 21:40:18,009 [grpc-default-executor-4] INFO  impl.VoteContext (VoteContext.java:log(49)) - 2da9303e-6724-4504-a4a5-d250e7d22259@group-A218E7DAA433-FOLLOWER: accept PRE_VOTE from acd5b146-ec22-4575-ab5b-633d0d82c7a3: our priority 0 <= candidate's priority 1
2024-02-27 21:40:18,009 [grpc-default-executor-4] INFO  server.RaftServer$Division (RaftServerImpl.java:requestVote(1422)) - 2da9303e-6724-4504-a4a5-d250e7d22259@group-A218E7DAA433 replies to PRE_VOTE vote request: acd5b146-ec22-4575-ab5b-633d0d82c7a3<-2da9303e-6724-4504-a4a5-d250e7d22259#0:OK-t0. Peer's state: 2da9303e-6724-4504-a4a5-d250e7d22259@group-A218E7DAA433:t0, leader=null, voted=, raftlog=Memoized:2da9303e-6724-4504-a4a5-d250e7d22259@group-A218E7DAA433-SegmentedRaftLog:OPENED:c-1, conf=-1: peers:[2818fa5f-cc14-4867-ab22-981a54c2b243|10.1.0.18:15138, 2da9303e-6724-4504-a4a5-d250e7d22259|10.1.0.18:15156, acd5b146-ec22-4575-ab5b-633d0d82c7a3|10.1.0.18:15147]|listeners:[], old=null
2024-02-27 21:40:18,009 [acd5b146-ec22-4575-ab5b-633d0d82c7a3@group-A218E7DAA433-LeaderElection28] INFO  impl.LeaderElection (LeaderElection.java:logAndReturn(89)) - acd5b146-ec22-4575-ab5b-633d0d82c7a3@group-A218E7DAA433-LeaderElection28: PRE_VOTE PASSED received 1 response(s) and 0 exception(s):
2024-02-27 21:40:18,010 [acd5b146-ec22-4575-ab5b-633d0d82c7a3@group-A218E7DAA433-LeaderElection28] INFO  impl.LeaderElection (LeaderElection.java:logAndReturn(93)) -   Response 0: acd5b146-ec22-4575-ab5b-633d0d82c7a3<-2818fa5f-cc14-4867-ab22-981a54c2b243#0:OK-t0
2024-02-27 21:40:18,010 [acd5b146-ec22-4575-ab5b-633d0d82c7a3@group-A218E7DAA433-LeaderElection28] INFO  impl.LeaderElection (LeaderElection.java:askForVotes(323)) - acd5b146-ec22-4575-ab5b-633d0d82c7a3@group-A218E7DAA433-LeaderElection28 PRE_VOTE round 0: result PASSED
2024-02-27 21:40:18,011 [acd5b146-ec22-4575-ab5b-633d0d82c7a3@group-A218E7DAA433-LeaderElection28] INFO  impl.LeaderElection (LeaderElection.java:askForVotes(321)) - acd5b146-ec22-4575-ab5b-633d0d82c7a3@group-A218E7DAA433-LeaderElection28 ELECTION round 0: submit vote requests at term 1 for -1: peers:[2818fa5f-cc14-4867-ab22-981a54c2b243|10.1.0.18:15138, 2da9303e-6724-4504-a4a5-d250e7d22259|10.1.0.18:15156, acd5b146-ec22-4575-ab5b-633d0d82c7a3|10.1.0.18:15147]|listeners:[], old=null
2024-02-27 21:40:18,011 [acd5b146-ec22-4575-ab5b-633d0d82c7a3@group-A218E7DAA433-LeaderElection28] INFO  server.RaftServerConfigKeys (ConfUtils.java:logFallback(53)) - raft.server.rpc.first-election.timeout.min = 5s (fallback to raft.server.rpc.timeout.min)
2024-02-27 21:40:18,011 [acd5b146-ec22-4575-ab5b-633d0d82c7a3@group-A218E7DAA433-LeaderElection28] INFO  server.RaftServerConfigKeys (ConfUtils.java:logFallback(53)) - raft.server.rpc.first-election.timeout.max = 5200ms (fallback to raft.server.rpc.timeout.max)
2024-02-27 21:40:18,012 [grpc-default-executor-4] INFO  server.RaftServer$Division (RaftServerImpl.java:requestVote(1389)) - 2818fa5f-cc14-4867-ab22-981a54c2b243@group-A218E7DAA433: receive requestVote(ELECTION, acd5b146-ec22-4575-ab5b-633d0d82c7a3, group-A218E7DAA433, 1, (t:0, i:0))
2024-02-27 21:40:18,012 [grpc-default-executor-4] INFO  impl.VoteContext (VoteContext.java:log(49)) - 2818fa5f-cc14-4867-ab22-981a54c2b243@group-A218E7DAA433-FOLLOWER: accept ELECTION from acd5b146-ec22-4575-ab5b-633d0d82c7a3: our priority 0 <= candidate's priority 1
2024-02-27 21:40:18,012 [grpc-default-executor-4] INFO  server.RaftServer$Division (RaftServerImpl.java:setRole(383)) - 2818fa5f-cc14-4867-ab22-981a54c2b243@group-A218E7DAA433: changes role from  FOLLOWER to FOLLOWER at term 1 for candidate:acd5b146-ec22-4575-ab5b-633d0d82c7a3
2024-02-27 21:40:18,012 [grpc-default-executor-4] INFO  impl.RoleInfo (RoleInfo.java:shutdownFollowerState(110)) - 2818fa5f-cc14-4867-ab22-981a54c2b243: shutdown 2818fa5f-cc14-4867-ab22-981a54c2b243@group-A218E7DAA433-FollowerState
2024-02-27 21:40:18,012 [grpc-default-executor-6] INFO  server.RaftServer$Division (RaftServerImpl.java:requestVote(1389)) - 2da9303e-6724-4504-a4a5-d250e7d22259@group-A218E7DAA433: receive requestVote(ELECTION, acd5b146-ec22-4575-ab5b-633d0d82c7a3, group-A218E7DAA433, 1, (t:0, i:0))
2024-02-27 21:40:18,012 [grpc-default-executor-4] INFO  impl.RoleInfo (RoleInfo.java:updateAndGet(139)) - 2818fa5f-cc14-4867-ab22-981a54c2b243: start 2818fa5f-cc14-4867-ab22-981a54c2b243@group-A218E7DAA433-FollowerState
2024-02-27 21:40:18,013 [grpc-default-executor-6] INFO  impl.VoteContext (VoteContext.java:log(49)) - 2da9303e-6724-4504-a4a5-d250e7d22259@group-A218E7DAA433-FOLLOWER: accept ELECTION from acd5b146-ec22-4575-ab5b-633d0d82c7a3: our priority 0 <= candidate's priority 1
2024-02-27 21:40:18,013 [2818fa5f-cc14-4867-ab22-981a54c2b243@group-A218E7DAA433-FollowerState] INFO  impl.FollowerState (FollowerState.java:run(152)) - 2818fa5f-cc14-4867-ab22-981a54c2b243@group-A218E7DAA433-FollowerState was interrupted
2024-02-27 21:40:18,013 [grpc-default-executor-6] INFO  server.RaftServer$Division (RaftServerImpl.java:setRole(383)) - 2da9303e-6724-4504-a4a5-d250e7d22259@group-A218E7DAA433: changes role from  FOLLOWER to FOLLOWER at term 1 for candidate:acd5b146-ec22-4575-ab5b-633d0d82c7a3
2024-02-27 21:40:18,013 [grpc-default-executor-6] INFO  impl.RoleInfo (RoleInfo.java:shutdownFollowerState(110)) - 2da9303e-6724-4504-a4a5-d250e7d22259: shutdown 2da9303e-6724-4504-a4a5-d250e7d22259@group-A218E7DAA433-FollowerState
2024-02-27 21:40:18,013 [grpc-default-executor-6] INFO  impl.RoleInfo (RoleInfo.java:updateAndGet(139)) - 2da9303e-6724-4504-a4a5-d250e7d22259: start 2da9303e-6724-4504-a4a5-d250e7d22259@group-A218E7DAA433-FollowerState
2024-02-27 21:40:18,013 [2da9303e-6724-4504-a4a5-d250e7d22259@group-A218E7DAA433-FollowerState] INFO  impl.FollowerState (FollowerState.java:run(152)) - 2da9303e-6724-4504-a4a5-d250e7d22259@group-A218E7DAA433-FollowerState was interrupted
2024-02-27 21:40:18,014 [grpc-default-executor-6] INFO  server.RaftServer$Division (RaftServerImpl.java:setFirstElection(574)) - 2da9303e-6724-4504-a4a5-d250e7d22259@group-A218E7DAA433: set firstElectionSinceStartup to false for candidate:acd5b146-ec22-4575-ab5b-633d0d82c7a3
2024-02-27 21:40:18,014 [grpc-default-executor-4] INFO  server.RaftServer$Division (RaftServerImpl.java:requestVote(1422)) - 2818fa5f-cc14-4867-ab22-981a54c2b243@group-A218E7DAA433 replies to ELECTION vote request: acd5b146-ec22-4575-ab5b-633d0d82c7a3<-2818fa5f-cc14-4867-ab22-981a54c2b243#0:OK-t1. Peer's state: 2818fa5f-cc14-4867-ab22-981a54c2b243@group-A218E7DAA433:t1, leader=null, voted=acd5b146-ec22-4575-ab5b-633d0d82c7a3, raftlog=Memoized:2818fa5f-cc14-4867-ab22-981a54c2b243@group-A218E7DAA433-SegmentedRaftLog:OPENED:c-1, conf=-1: peers:[2818fa5f-cc14-4867-ab22-981a54c2b243|10.1.0.18:15138, 2da9303e-6724-4504-a4a5-d250e7d22259|10.1.0.18:15156, acd5b146-ec22-4575-ab5b-633d0d82c7a3|10.1.0.18:15147]|listeners:[], old=null
2024-02-27 21:40:18,015 [acd5b146-ec22-4575-ab5b-633d0d82c7a3@group-A218E7DAA433-LeaderElection28] INFO  impl.LeaderElection (LeaderElection.java:logAndReturn(89)) - acd5b146-ec22-4575-ab5b-633d0d82c7a3@group-A218E7DAA433-LeaderElection28: ELECTION PASSED received 1 response(s) and 0 exception(s):
2024-02-27 21:40:18,015 [acd5b146-ec22-4575-ab5b-633d0d82c7a3@group-A218E7DAA433-LeaderElection28] INFO  impl.LeaderElection (LeaderElection.java:logAndReturn(93)) -   Response 0: acd5b146-ec22-4575-ab5b-633d0d82c7a3<-2818fa5f-cc14-4867-ab22-981a54c2b243#0:OK-t1
2024-02-27 21:40:18,015 [acd5b146-ec22-4575-ab5b-633d0d82c7a3@group-A218E7DAA433-LeaderElection28] INFO  impl.LeaderElection (LeaderElection.java:askForVotes(323)) - acd5b146-ec22-4575-ab5b-633d0d82c7a3@group-A218E7DAA433-LeaderElection28 ELECTION round 0: result PASSED
2024-02-27 21:40:18,015 [acd5b146-ec22-4575-ab5b-633d0d82c7a3@group-A218E7DAA433-LeaderElection28] INFO  impl.RoleInfo (RoleInfo.java:shutdownLeaderElection(130)) - acd5b146-ec22-4575-ab5b-633d0d82c7a3: shutdown acd5b146-ec22-4575-ab5b-633d0d82c7a3@group-A218E7DAA433-LeaderElection28
2024-02-27 21:40:18,015 [acd5b146-ec22-4575-ab5b-633d0d82c7a3@group-A218E7DAA433-LeaderElection28] INFO  server.RaftServer$Division (RaftServerImpl.java:setRole(383)) - acd5b146-ec22-4575-ab5b-633d0d82c7a3@group-A218E7DAA433: changes role from CANDIDATE to LEADER at term 1 for changeToLeader
2024-02-27 21:40:18,015 [acd5b146-ec22-4575-ab5b-633d0d82c7a3@group-A218E7DAA433-LeaderElection28] INFO  server.RaftServerConfigKeys (ConfUtils.java:logGet(46)) - raft.server.staging.catchup.gap = 1000 (default)
2024-02-27 21:40:18,015 [acd5b146-ec22-4575-ab5b-633d0d82c7a3@group-A218E7DAA433-LeaderElection28] INFO  server.RaftServerConfigKeys (ConfUtils.java:logGet(46)) - raft.server.write.element-limit = 1024 (custom)
2024-02-27 21:40:18,015 [acd5b146-ec22-4575-ab5b-633d0d82c7a3@group-A218E7DAA433-LeaderElection28] INFO  server.RaftServerConfigKeys (ConfUtils.java:logGet(46)) - raft.server.write.byte-limit = 1024 M (=1073741824) (custom)
2024-02-27 21:40:18,016 [acd5b146-ec22-4575-ab5b-633d0d82c7a3@group-A218E7DAA433-LeaderElection28] INFO  server.RaftServerConfigKeys (ConfUtils.java:logGet(46)) - raft.server.watch.timeout = 180s (custom)
2024-02-27 21:40:18,016 [acd5b146-ec22-4575-ab5b-633d0d82c7a3@group-A218E7DAA433-LeaderElection28] INFO  server.RaftServerConfigKeys (ConfUtils.java:logGet(46)) - raft.server.watch.timeout.denomination = 1s (default)
2024-02-27 21:40:18,016 [acd5b146-ec22-4575-ab5b-633d0d82c7a3@group-A218E7DAA433-LeaderElection28] INFO  server.RaftServerConfigKeys (ConfUtils.java:logGet(46)) - raft.server.watch.element-limit = 65536 (default)
2024-02-27 21:40:18,016 [acd5b146-ec22-4575-ab5b-633d0d82c7a3@group-A218E7DAA433-LeaderElection28] INFO  server.RaftServerConfigKeys (ConfUtils.java:logGet(46)) - raft.server.read.leader.lease.enabled = false (default)
2024-02-27 21:40:18,016 [acd5b146-ec22-4575-ab5b-633d0d82c7a3@group-A218E7DAA433-LeaderElection28] INFO  server.RaftServerConfigKeys (ConfUtils.java:logGet(46)) - raft.server.read.leader.lease.timeout.ratio = 0.9 (default)
2024-02-27 21:40:18,016 [grpc-default-executor-6] INFO  server.RaftServer$Division (RaftServerImpl.java:requestVote(1422)) - 2da9303e-6724-4504-a4a5-d250e7d22259@group-A218E7DAA433 replies to ELECTION vote request: acd5b146-ec22-4575-ab5b-633d0d82c7a3<-2da9303e-6724-4504-a4a5-d250e7d22259#0:OK-t1. Peer's state: 2da9303e-6724-4504-a4a5-d250e7d22259@group-A218E7DAA433:t1, leader=null, voted=acd5b146-ec22-4575-ab5b-633d0d82c7a3, raftlog=Memoized:2da9303e-6724-4504-a4a5-d250e7d22259@group-A218E7DAA433-SegmentedRaftLog:OPENED:c-1, conf=-1: peers:[2818fa5f-cc14-4867-ab22-981a54c2b243|10.1.0.18:15138, 2da9303e-6724-4504-a4a5-d250e7d22259|10.1.0.18:15156, acd5b146-ec22-4575-ab5b-633d0d82c7a3|10.1.0.18:15147]|listeners:[], old=null
2024-02-27 21:40:18,016 [acd5b146-ec22-4575-ab5b-633d0d82c7a3@group-A218E7DAA433-LeaderElection28] INFO  server.RaftServerConfigKeys (ConfUtils.java:logGet(46)) - raft.server.rpc.timeout.min = 5s (custom)
2024-02-27 21:40:18,018 [acd5b146-ec22-4575-ab5b-633d0d82c7a3@group-A218E7DAA433-LeaderElection28] INFO  server.RaftServerConfigKeys (ConfUtils.java:logGet(46)) - raft.server.write.element-limit = 1024 (custom)
2024-02-27 21:40:18,018 [acd5b146-ec22-4575-ab5b-633d0d82c7a3@group-A218E7DAA433-LeaderElection28] INFO  server.RaftServerConfigKeys (ConfUtils.java:logGet(46)) - raft.server.write.follower.gap.ratio.max = -1.0 (default)
2024-02-27 21:40:18,018 [acd5b146-ec22-4575-ab5b-633d0d82c7a3@group-A218E7DAA433-LeaderElection28] INFO  server.RaftServerConfigKeys (ConfUtils.java:logGet(46)) - raft.server.log.appender.snapshot.chunk.size.max = 16MB (=16777216) (default)
2024-02-27 21:40:18,018 [acd5b146-ec22-4575-ab5b-633d0d82c7a3@group-A218E7DAA433-LeaderElection28] INFO  server.RaftServerConfigKeys (ConfUtils.java:logGet(46)) - raft.server.log.appender.buffer.byte-limit = 8388608 (custom)
2024-02-27 21:40:18,019 [acd5b146-ec22-4575-ab5b-633d0d82c7a3@group-A218E7DAA433-LeaderElection28] INFO  server.RaftServerConfigKeys (ConfUtils.java:logGet(46)) - raft.server.log.appender.buffer.element-limit = 1 (custom)
2024-02-27 21:40:18,019 [acd5b146-ec22-4575-ab5b-633d0d82c7a3@group-A218E7DAA433-LeaderElection28] INFO  server.RaftServerConfigKeys (ConfUtils.java:logGet(46)) - raft.server.log.appender.wait-time.min = 0μs (custom)
2024-02-27 21:40:18,019 [acd5b146-ec22-4575-ab5b-633d0d82c7a3@group-A218E7DAA433-LeaderElection28] INFO  grpc.GrpcConfigKeys (ConfUtils.java:logGet(46)) - raft.grpc.server.leader.outstanding.appends.max = 8 (default)
2024-02-27 21:40:18,019 [acd5b146-ec22-4575-ab5b-633d0d82c7a3@group-A218E7DAA433-LeaderElection28] INFO  server.RaftServerConfigKeys (ConfUtils.java:logGet(46)) - raft.server.rpc.request.timeout = 60s (custom)
2024-02-27 21:40:18,019 [acd5b146-ec22-4575-ab5b-633d0d82c7a3@group-A218E7DAA433-LeaderElection28] INFO  grpc.GrpcConfigKeys (ConfUtils.java:logGet(46)) - raft.grpc.server.install_snapshot.request.element-limit = 8 (default)
2024-02-27 21:40:18,019 [acd5b146-ec22-4575-ab5b-633d0d82c7a3@group-A218E7DAA433-LeaderElection28] INFO  grpc.GrpcConfigKeys (ConfUtils.java:logGet(46)) - raft.grpc.server.install_snapshot.request.timeout = 3000ms (default)
2024-02-27 21:40:18,019 [acd5b146-ec22-4575-ab5b-633d0d82c7a3@group-A218E7DAA433-LeaderElection28] INFO  grpc.GrpcConfigKeys (ConfUtils.java:logGet(46)) - raft.grpc.server.log-message.batch.duration = 5s (default)
2024-02-27 21:40:18,019 [acd5b146-ec22-4575-ab5b-633d0d82c7a3@group-A218E7DAA433-LeaderElection28] INFO  server.RaftServerConfigKeys (ConfUtils.java:logGet(46)) - raft.server.log.appender.install.snapshot.enabled = false (custom)
2024-02-27 21:40:18,019 [acd5b146-ec22-4575-ab5b-633d0d82c7a3@group-A218E7DAA433-LeaderElection28] INFO  grpc.GrpcConfigKeys (ConfUtils.java:logGet(46)) - raft.grpc.server.heartbeat.channel = true (default)
2024-02-27 21:40:18,020 [acd5b146-ec22-4575-ab5b-633d0d82c7a3@group-A218E7DAA433-LeaderElection28] INFO  server.RaftServerConfigKeys (ConfUtils.java:logGet(46)) - raft.server.log.appender.snapshot.chunk.size.max = 16MB (=16777216) (default)
2024-02-27 21:40:18,020 [acd5b146-ec22-4575-ab5b-633d0d82c7a3@group-A218E7DAA433-LeaderElection28] INFO  server.RaftServerConfigKeys (ConfUtils.java:logGet(46)) - raft.server.log.appender.buffer.byte-limit = 8388608 (custom)
2024-02-27 21:40:18,020 [acd5b146-ec22-4575-ab5b-633d0d82c7a3@group-A218E7DAA433-LeaderElection28] INFO  server.RaftServerConfigKeys (ConfUtils.java:logGet(46)) - raft.server.log.appender.buffer.element-limit = 1 (custom)
2024-02-27 21:40:18,020 [acd5b146-ec22-4575-ab5b-633d0d82c7a3@group-A218E7DAA433-LeaderElection28] INFO  server.RaftServerConfigKeys (ConfUtils.java:logGet(46)) - raft.server.log.appender.wait-time.min = 0μs (custom)
2024-02-27 21:40:18,020 [acd5b146-ec22-4575-ab5b-633d0d82c7a3@group-A218E7DAA433-LeaderElection28] INFO  grpc.GrpcConfigKeys (ConfUtils.java:logGet(46)) - raft.grpc.server.leader.outstanding.appends.max = 8 (default)
2024-02-27 21:40:18,020 [acd5b146-ec22-4575-ab5b-633d0d82c7a3@group-A218E7DAA433-LeaderElection28] INFO  server.RaftServerConfigKeys (ConfUtils.java:logGet(46)) - raft.server.rpc.request.timeout = 60s (custom)
2024-02-27 21:40:18,021 [acd5b146-ec22-4575-ab5b-633d0d82c7a3@group-A218E7DAA433-LeaderElection28] INFO  grpc.GrpcConfigKeys (ConfUtils.java:logGet(46)) - raft.grpc.server.install_snapshot.request.element-limit = 8 (default)
2024-02-27 21:40:18,021 [acd5b146-ec22-4575-ab5b-633d0d82c7a3@group-A218E7DAA433-LeaderElection28] INFO  grpc.GrpcConfigKeys (ConfUtils.java:logGet(46)) - raft.grpc.server.install_snapshot.request.timeout = 3000ms (default)
2024-02-27 21:40:18,021 [acd5b146-ec22-4575-ab5b-633d0d82c7a3@group-A218E7DAA433-LeaderElection28] INFO  grpc.GrpcConfigKeys (ConfUtils.java:logGet(46)) - raft.grpc.server.log-message.batch.duration = 5s (default)
2024-02-27 21:40:18,021 [acd5b146-ec22-4575-ab5b-633d0d82c7a3@group-A218E7DAA433-LeaderElection28] INFO  server.RaftServerConfigKeys (ConfUtils.java:logGet(46)) - raft.server.log.appender.install.snapshot.enabled = false (custom)
2024-02-27 21:40:18,021 [acd5b146-ec22-4575-ab5b-633d0d82c7a3@group-A218E7DAA433-LeaderElection28] INFO  grpc.GrpcConfigKeys (ConfUtils.java:logGet(46)) - raft.grpc.server.heartbeat.channel = true (default)
2024-02-27 21:40:18,021 [acd5b146-ec22-4575-ab5b-633d0d82c7a3@group-A218E7DAA433-LeaderElection28] INFO  impl.RoleInfo (RoleInfo.java:updateAndGet(139)) - acd5b146-ec22-4575-ab5b-633d0d82c7a3: start acd5b146-ec22-4575-ab5b-633d0d82c7a3@group-A218E7DAA433-LeaderStateImpl
2024-02-27 21:40:18,021 [acd5b146-ec22-4575-ab5b-633d0d82c7a3@group-A218E7DAA433-LeaderElection28] INFO  server.RaftServer$Division (RaftServerImpl.java:setFirstElection(574)) - acd5b146-ec22-4575-ab5b-633d0d82c7a3@group-A218E7DAA433: set firstElectionSinceStartup to false for becomeLeader
2024-02-27 21:40:18,021 [acd5b146-ec22-4575-ab5b-633d0d82c7a3@group-A218E7DAA433-LeaderElection28] INFO  ratis.XceiverServerRatis (XceiverServerRatis.java:handleLeaderChangedNotification(966)) - Leader change notification received for group: group-A218E7DAA433 with new leaderId: acd5b146-ec22-4575-ab5b-633d0d82c7a3
2024-02-27 21:40:18,021 [acd5b146-ec22-4575-ab5b-633d0d82c7a3@group-A218E7DAA433-LeaderElection28] INFO  server.RaftServer$Division (ServerState.java:setLeader(269)) - acd5b146-ec22-4575-ab5b-633d0d82c7a3@group-A218E7DAA433: change Leader from null to acd5b146-ec22-4575-ab5b-633d0d82c7a3 at term 1 for becomeLeader, leader elected after 5048ms
2024-02-27 21:40:18,022 [acd5b146-ec22-4575-ab5b-633d0d82c7a3@group-A218E7DAA433-LeaderElection28] INFO  segmented.SegmentedRaftLogWorker (SegmentedRaftLogWorker.java:startLogSegment(430)) - acd5b146-ec22-4575-ab5b-633d0d82c7a3@group-A218E7DAA433-SegmentedRaftLogWorker: Starting segment from index:0
2024-02-27 21:40:18,027 [acd5b146-ec22-4575-ab5b-633d0d82c7a3@group-A218E7DAA433-LeaderElection28] INFO  server.RaftServer$Division (ServerState.java:setRaftConf(386)) - acd5b146-ec22-4575-ab5b-633d0d82c7a3@group-A218E7DAA433: set configuration 0: peers:[2818fa5f-cc14-4867-ab22-981a54c2b243|10.1.0.18:15138, 2da9303e-6724-4504-a4a5-d250e7d22259|10.1.0.18:15156, acd5b146-ec22-4575-ab5b-633d0d82c7a3|10.1.0.18:15147]|listeners:[], old=null
2024-02-27 21:40:18,027 [acd5b146-ec22-4575-ab5b-633d0d82c7a3@group-A218E7DAA433-SegmentedRaftLogWorker] INFO  segmented.BufferedWriteChannel (BufferedWriteChannel.java:open(62)) - open log_inprogress_0 at position 0
2024-02-27 21:40:18,028 [EventQueue-PipelineReportForPipelineReportHandler] INFO  pipeline.PipelineReportHandler (PipelineReportHandler.java:processPipelineReport(136)) - Opened pipeline PipelineID=3b9a94bc-9df7-479a-ab76-a218e7daa433
2024-02-27 21:40:18,033 [2da9303e-6724-4504-a4a5-d250e7d22259-server-thread1] INFO  ratis.XceiverServerRatis (XceiverServerRatis.java:handleLeaderChangedNotification(966)) - Leader change notification received for group: group-A218E7DAA433 with new leaderId: acd5b146-ec22-4575-ab5b-633d0d82c7a3
2024-02-27 21:40:18,033 [2da9303e-6724-4504-a4a5-d250e7d22259-server-thread1] INFO  server.RaftServer$Division (ServerState.java:setLeader(269)) - 2da9303e-6724-4504-a4a5-d250e7d22259@group-A218E7DAA433: change Leader from null to acd5b146-ec22-4575-ab5b-633d0d82c7a3 at term 1 for appendEntries, leader elected after 5086ms
2024-02-27 21:40:18,034 [2da9303e-6724-4504-a4a5-d250e7d22259-server-thread1] INFO  server.RaftServer$Division (ServerState.java:setRaftConf(386)) - 2da9303e-6724-4504-a4a5-d250e7d22259@group-A218E7DAA433: set configuration 0: peers:[2818fa5f-cc14-4867-ab22-981a54c2b243|10.1.0.18:15138, 2da9303e-6724-4504-a4a5-d250e7d22259|10.1.0.18:15156, acd5b146-ec22-4575-ab5b-633d0d82c7a3|10.1.0.18:15147]|listeners:[], old=null
2024-02-27 21:40:18,034 [2da9303e-6724-4504-a4a5-d250e7d22259-server-thread1] INFO  segmented.SegmentedRaftLogWorker (SegmentedRaftLogWorker.java:startLogSegment(430)) - 2da9303e-6724-4504-a4a5-d250e7d22259@group-A218E7DAA433-SegmentedRaftLogWorker: Starting segment from index:0
2024-02-27 21:40:18,034 [2818fa5f-cc14-4867-ab22-981a54c2b243-server-thread1] INFO  ratis.XceiverServerRatis (XceiverServerRatis.java:handleLeaderChangedNotification(966)) - Leader change notification received for group: group-A218E7DAA433 with new leaderId: acd5b146-ec22-4575-ab5b-633d0d82c7a3
2024-02-27 21:40:18,034 [2818fa5f-cc14-4867-ab22-981a54c2b243-server-thread1] INFO  server.RaftServer$Division (ServerState.java:setLeader(269)) - 2818fa5f-cc14-4867-ab22-981a54c2b243@group-A218E7DAA433: change Leader from null to acd5b146-ec22-4575-ab5b-633d0d82c7a3 at term 1 for appendEntries, leader elected after 5108ms
2024-02-27 21:40:18,035 [2da9303e-6724-4504-a4a5-d250e7d22259@group-A218E7DAA433-SegmentedRaftLogWorker] INFO  segmented.BufferedWriteChannel (BufferedWriteChannel.java:open(62)) - open log_inprogress_0 at position 0
2024-02-27 21:40:18,035 [acd5b146-ec22-4575-ab5b-633d0d82c7a3@group-A218E7DAA433-SegmentedRaftLogWorker] INFO  segmented.SegmentedRaftLogWorker (SegmentedRaftLogWorker.java:execute(634)) - acd5b146-ec22-4575-ab5b-633d0d82c7a3@group-A218E7DAA433-SegmentedRaftLogWorker: created new log segment /home/runner/work/ozone/ozone/hadoop-ozone/integration-test/target/test-dir/MiniOzoneClusterImpl-6e3a073c-9bdc-4deb-8550-ef77f821b5e4/ozone-meta/datanode-5/ratis/3b9a94bc-9df7-479a-ab76-a218e7daa433/current/log_inprogress_0
2024-02-27 21:40:18,041 [2818fa5f-cc14-4867-ab22-981a54c2b243-server-thread2] INFO  server.RaftServer$Division (ServerState.java:setRaftConf(386)) - 2818fa5f-cc14-4867-ab22-981a54c2b243@group-A218E7DAA433: set configuration 0: peers:[2818fa5f-cc14-4867-ab22-981a54c2b243|10.1.0.18:15138, 2da9303e-6724-4504-a4a5-d250e7d22259|10.1.0.18:15156, acd5b146-ec22-4575-ab5b-633d0d82c7a3|10.1.0.18:15147]|listeners:[], old=null
2024-02-27 21:40:18,041 [2818fa5f-cc14-4867-ab22-981a54c2b243-server-thread2] INFO  segmented.SegmentedRaftLogWorker (SegmentedRaftLogWorker.java:startLogSegment(430)) - 2818fa5f-cc14-4867-ab22-981a54c2b243@group-A218E7DAA433-SegmentedRaftLogWorker: Starting segment from index:0
2024-02-27 21:40:18,042 [2da9303e-6724-4504-a4a5-d250e7d22259@group-A218E7DAA433-SegmentedRaftLogWorker] INFO  segmented.SegmentedRaftLogWorker (SegmentedRaftLogWorker.java:execute(634)) - 2da9303e-6724-4504-a4a5-d250e7d22259@group-A218E7DAA433-SegmentedRaftLogWorker: created new log segment /home/runner/work/ozone/ozone/hadoop-ozone/integration-test/target/test-dir/MiniOzoneClusterImpl-6e3a073c-9bdc-4deb-8550-ef77f821b5e4/ozone-meta/datanode-6/ratis/3b9a94bc-9df7-479a-ab76-a218e7daa433/current/log_inprogress_0
2024-02-27 21:40:18,042 [2818fa5f-cc14-4867-ab22-981a54c2b243@group-A218E7DAA433-SegmentedRaftLogWorker] INFO  segmented.BufferedWriteChannel (BufferedWriteChannel.java:open(62)) - open log_inprogress_0 at position 0
2024-02-27 21:40:18,044 [acd5b146-ec22-4575-ab5b-633d0d82c7a3@group-A218E7DAA433-StateMachineUpdater] INFO  server.RaftServer$Division (LeaderStateImpl.java:isApplied(320)) - leader is ready since appliedIndex == 0 >= startIndex == 0
2024-02-27 21:40:18,050 [2818fa5f-cc14-4867-ab22-981a54c2b243@group-A218E7DAA433-SegmentedRaftLogWorker] INFO  segmented.SegmentedRaftLogWorker (SegmentedRaftLogWorker.java:execute(634)) - 2818fa5f-cc14-4867-ab22-981a54c2b243@group-A218E7DAA433-SegmentedRaftLogWorker: created new log segment /home/runner/work/ozone/ozone/hadoop-ozone/integration-test/target/test-dir/MiniOzoneClusterImpl-6e3a073c-9bdc-4deb-8550-ef77f821b5e4/ozone-meta/datanode-4/ratis/3b9a94bc-9df7-479a-ab76-a218e7daa433/current/log_inprogress_0
2024-02-27 21:40:18,065 [2da9303e-6724-4504-a4a5-d250e7d22259@group-C2392BA6B23C-FollowerState] INFO  impl.FollowerState (FollowerState.java:run(143)) - 2da9303e-6724-4504-a4a5-d250e7d22259@group-C2392BA6B23C-FollowerState: change to CANDIDATE, lastRpcElapsedTime:5051804982ns, electionTimeout:5050ms
2024-02-27 21:40:18,065 [2da9303e-6724-4504-a4a5-d250e7d22259@group-C2392BA6B23C-FollowerState] INFO  impl.RoleInfo (RoleInfo.java:shutdownFollowerState(110)) - 2da9303e-6724-4504-a4a5-d250e7d22259: shutdown 2da9303e-6724-4504-a4a5-d250e7d22259@group-C2392BA6B23C-FollowerState
2024-02-27 21:40:18,065 [2da9303e-6724-4504-a4a5-d250e7d22259@group-C2392BA6B23C-FollowerState] INFO  server.RaftServer$Division (RaftServerImpl.java:setRole(383)) - 2da9303e-6724-4504-a4a5-d250e7d22259@group-C2392BA6B23C: changes role from  FOLLOWER to CANDIDATE at term 0 for changeToCandidate
2024-02-27 21:40:18,065 [2da9303e-6724-4504-a4a5-d250e7d22259@group-C2392BA6B23C-FollowerState] INFO  server.RaftServerConfigKeys (ConfUtils.java:logGet(46)) - raft.server.leaderelection.pre-vote = true (default)
2024-02-27 21:40:18,066 [2da9303e-6724-4504-a4a5-d250e7d22259@group-C2392BA6B23C-FollowerState] INFO  impl.RoleInfo (RoleInfo.java:updateAndGet(139)) - 2da9303e-6724-4504-a4a5-d250e7d22259: start 2da9303e-6724-4504-a4a5-d250e7d22259@group-C2392BA6B23C-LeaderElection29
2024-02-27 21:40:18,067 [2da9303e-6724-4504-a4a5-d250e7d22259@group-C2392BA6B23C-LeaderElection29] INFO  impl.LeaderElection (LeaderElection.java:askForVotes(321)) - 2da9303e-6724-4504-a4a5-d250e7d22259@group-C2392BA6B23C-LeaderElection29 PRE_VOTE round 0: submit vote requests at term 0 for -1: peers:[2818fa5f-cc14-4867-ab22-981a54c2b243|10.1.0.18:15138, 2da9303e-6724-4504-a4a5-d250e7d22259|10.1.0.18:15156, acd5b146-ec22-4575-ab5b-633d0d82c7a3|10.1.0.18:15147]|listeners:[], old=null
2024-02-27 21:40:18,067 [2da9303e-6724-4504-a4a5-d250e7d22259@group-C2392BA6B23C-LeaderElection29-1] INFO  server.GrpcServerProtocolClient (GrpcServerProtocolClient.java:<init>(65)) - Build channel for 2818fa5f-cc14-4867-ab22-981a54c2b243|10.1.0.18:15138
2024-02-27 21:40:18,067 [2da9303e-6724-4504-a4a5-d250e7d22259@group-C2392BA6B23C-LeaderElection29-2] INFO  server.GrpcServerProtocolClient (GrpcServerProtocolClient.java:<init>(65)) - Build channel for acd5b146-ec22-4575-ab5b-633d0d82c7a3|10.1.0.18:15147
2024-02-27 21:40:18,067 [2da9303e-6724-4504-a4a5-d250e7d22259@group-C2392BA6B23C-LeaderElection29] INFO  server.RaftServerConfigKeys (ConfUtils.java:logFallback(53)) - raft.server.rpc.first-election.timeout.min = 5s (fallback to raft.server.rpc.timeout.min)
2024-02-27 21:40:18,068 [2da9303e-6724-4504-a4a5-d250e7d22259@group-C2392BA6B23C-LeaderElection29] INFO  server.RaftServerConfigKeys (ConfUtils.java:logFallback(53)) - raft.server.rpc.first-election.timeout.max = 5200ms (fallback to raft.server.rpc.timeout.max)
2024-02-27 21:40:18,071 [grpc-default-executor-2] INFO  server.RaftServer$Division (RaftServerImpl.java:requestVote(1389)) - 2818fa5f-cc14-4867-ab22-981a54c2b243@group-C2392BA6B23C: receive requestVote(PRE_VOTE, 2da9303e-6724-4504-a4a5-d250e7d22259, group-C2392BA6B23C, 0, (t:0, i:0))
2024-02-27 21:40:18,071 [grpc-default-executor-2] INFO  impl.VoteContext (VoteContext.java:log(49)) - 2818fa5f-cc14-4867-ab22-981a54c2b243@group-C2392BA6B23C-FOLLOWER: accept PRE_VOTE from 2da9303e-6724-4504-a4a5-d250e7d22259: our priority 0 <= candidate's priority 1
2024-02-27 21:40:18,071 [grpc-default-executor-4] INFO  server.RaftServer$Division (RaftServerImpl.java:requestVote(1389)) - acd5b146-ec22-4575-ab5b-633d0d82c7a3@group-C2392BA6B23C: receive requestVote(PRE_VOTE, 2da9303e-6724-4504-a4a5-d250e7d22259, group-C2392BA6B23C, 0, (t:0, i:0))
2024-02-27 21:40:18,071 [grpc-default-executor-2] INFO  server.RaftServer$Division (RaftServerImpl.java:requestVote(1422)) - 2818fa5f-cc14-4867-ab22-981a54c2b243@group-C2392BA6B23C replies to PRE_VOTE vote request: 2da9303e-6724-4504-a4a5-d250e7d22259<-2818fa5f-cc14-4867-ab22-981a54c2b243#0:OK-t0. Peer's state: 2818fa5f-cc14-4867-ab22-981a54c2b243@group-C2392BA6B23C:t0, leader=null, voted=, raftlog=Memoized:2818fa5f-cc14-4867-ab22-981a54c2b243@group-C2392BA6B23C-SegmentedRaftLog:OPENED:c-1, conf=-1: peers:[2818fa5f-cc14-4867-ab22-981a54c2b243|10.1.0.18:15138, 2da9303e-6724-4504-a4a5-d250e7d22259|10.1.0.18:15156, acd5b146-ec22-4575-ab5b-633d0d82c7a3|10.1.0.18:15147]|listeners:[], old=null
2024-02-27 21:40:18,071 [grpc-default-executor-4] INFO  impl.VoteContext (VoteContext.java:log(49)) - acd5b146-ec22-4575-ab5b-633d0d82c7a3@group-C2392BA6B23C-FOLLOWER: accept PRE_VOTE from 2da9303e-6724-4504-a4a5-d250e7d22259: our priority 0 <= candidate's priority 1
2024-02-27 21:40:18,072 [grpc-default-executor-4] INFO  server.RaftServer$Division (RaftServerImpl.java:requestVote(1422)) - acd5b146-ec22-4575-ab5b-633d0d82c7a3@group-C2392BA6B23C replies to PRE_VOTE vote request: 2da9303e-6724-4504-a4a5-d250e7d22259<-acd5b146-ec22-4575-ab5b-633d0d82c7a3#0:OK-t0. Peer's state: acd5b146-ec22-4575-ab5b-633d0d82c7a3@group-C2392BA6B23C:t0, leader=null, voted=, raftlog=Memoized:acd5b146-ec22-4575-ab5b-633d0d82c7a3@group-C2392BA6B23C-SegmentedRaftLog:OPENED:c-1, conf=-1: peers:[2818fa5f-cc14-4867-ab22-981a54c2b243|10.1.0.18:15138, 2da9303e-6724-4504-a4a5-d250e7d22259|10.1.0.18:15156, acd5b146-ec22-4575-ab5b-633d0d82c7a3|10.1.0.18:15147]|listeners:[], old=null
2024-02-27 21:40:18,072 [2da9303e-6724-4504-a4a5-d250e7d22259@group-C2392BA6B23C-LeaderElection29] INFO  impl.LeaderElection (LeaderElection.java:logAndReturn(89)) - 2da9303e-6724-4504-a4a5-d250e7d22259@group-C2392BA6B23C-LeaderElection29: PRE_VOTE PASSED received 1 response(s) and 0 exception(s):
2024-02-27 21:40:18,072 [2da9303e-6724-4504-a4a5-d250e7d22259@group-C2392BA6B23C-LeaderElection29] INFO  impl.LeaderElection (LeaderElection.java:logAndReturn(93)) -   Response 0: 2da9303e-6724-4504-a4a5-d250e7d22259<-acd5b146-ec22-4575-ab5b-633d0d82c7a3#0:OK-t0
2024-02-27 21:40:18,072 [2da9303e-6724-4504-a4a5-d250e7d22259@group-C2392BA6B23C-LeaderElection29] INFO  impl.LeaderElection (LeaderElection.java:askForVotes(323)) - 2da9303e-6724-4504-a4a5-d250e7d22259@group-C2392BA6B23C-LeaderElection29 PRE_VOTE round 0: result PASSED
2024-02-27 21:40:18,073 [2da9303e-6724-4504-a4a5-d250e7d22259@group-C2392BA6B23C-LeaderElection29] INFO  impl.LeaderElection (LeaderElection.java:askForVotes(321)) - 2da9303e-6724-4504-a4a5-d250e7d22259@group-C2392BA6B23C-LeaderElection29 ELECTION round 0: submit vote requests at term 1 for -1: peers:[2818fa5f-cc14-4867-ab22-981a54c2b243|10.1.0.18:15138, 2da9303e-6724-4504-a4a5-d250e7d22259|10.1.0.18:15156, acd5b146-ec22-4575-ab5b-633d0d82c7a3|10.1.0.18:15147]|listeners:[], old=null
2024-02-27 21:40:18,074 [2da9303e-6724-4504-a4a5-d250e7d22259@group-C2392BA6B23C-LeaderElection29] INFO  server.RaftServerConfigKeys (ConfUtils.java:logFallback(53)) - raft.server.rpc.first-election.timeout.min = 5s (fallback to raft.server.rpc.timeout.min)
2024-02-27 21:40:18,074 [2da9303e-6724-4504-a4a5-d250e7d22259@group-C2392BA6B23C-LeaderElection29] INFO  server.RaftServerConfigKeys (ConfUtils.java:logFallback(53)) - raft.server.rpc.first-election.timeout.max = 5200ms (fallback to raft.server.rpc.timeout.max)
2024-02-27 21:40:18,075 [grpc-default-executor-2] INFO  server.RaftServer$Division (RaftServerImpl.java:requestVote(1389)) - acd5b146-ec22-4575-ab5b-633d0d82c7a3@group-C2392BA6B23C: receive requestVote(ELECTION, 2da9303e-6724-4504-a4a5-d250e7d22259, group-C2392BA6B23C, 1, (t:0, i:0))
2024-02-27 21:40:18,075 [grpc-default-executor-4] INFO  server.RaftServer$Division (RaftServerImpl.java:requestVote(1389)) - 2818fa5f-cc14-4867-ab22-981a54c2b243@group-C2392BA6B23C: receive requestVote(ELECTION, 2da9303e-6724-4504-a4a5-d250e7d22259, group-C2392BA6B23C, 1, (t:0, i:0))
2024-02-27 21:40:18,075 [grpc-default-executor-2] INFO  impl.VoteContext (VoteContext.java:log(49)) - acd5b146-ec22-4575-ab5b-633d0d82c7a3@group-C2392BA6B23C-FOLLOWER: accept ELECTION from 2da9303e-6724-4504-a4a5-d250e7d22259: our priority 0 <= candidate's priority 1
2024-02-27 21:40:18,075 [grpc-default-executor-2] INFO  server.RaftServer$Division (RaftServerImpl.java:setRole(383)) - acd5b146-ec22-4575-ab5b-633d0d82c7a3@group-C2392BA6B23C: changes role from  FOLLOWER to FOLLOWER at term 1 for candidate:2da9303e-6724-4504-a4a5-d250e7d22259
2024-02-27 21:40:18,076 [grpc-default-executor-2] INFO  impl.RoleInfo (RoleInfo.java:shutdownFollowerState(110)) - acd5b146-ec22-4575-ab5b-633d0d82c7a3: shutdown acd5b146-ec22-4575-ab5b-633d0d82c7a3@group-C2392BA6B23C-FollowerState
2024-02-27 21:40:18,076 [grpc-default-executor-2] INFO  impl.RoleInfo (RoleInfo.java:updateAndGet(139)) - acd5b146-ec22-4575-ab5b-633d0d82c7a3: start acd5b146-ec22-4575-ab5b-633d0d82c7a3@group-C2392BA6B23C-FollowerState
2024-02-27 21:40:18,075 [grpc-default-executor-4] INFO  impl.VoteContext (VoteContext.java:log(49)) - 2818fa5f-cc14-4867-ab22-981a54c2b243@group-C2392BA6B23C-FOLLOWER: accept ELECTION from 2da9303e-6724-4504-a4a5-d250e7d22259: our priority 0 <= candidate's priority 1
2024-02-27 21:40:18,076 [grpc-default-executor-2] INFO  server.RaftServer$Division (RaftServerImpl.java:setFirstElection(574)) - acd5b146-ec22-4575-ab5b-633d0d82c7a3@group-C2392BA6B23C: set firstElectionSinceStartup to false for candidate:2da9303e-6724-4504-a4a5-d250e7d22259
2024-02-27 21:40:18,076 [acd5b146-ec22-4575-ab5b-633d0d82c7a3@group-C2392BA6B23C-FollowerState] INFO  impl.FollowerState (FollowerState.java:run(152)) - acd5b146-ec22-4575-ab5b-633d0d82c7a3@group-C2392BA6B23C-FollowerState was interrupted
2024-02-27 21:40:18,076 [grpc-default-executor-4] INFO  server.RaftServer$Division (RaftServerImpl.java:setRole(383)) - 2818fa5f-cc14-4867-ab22-981a54c2b243@group-C2392BA6B23C: changes role from  FOLLOWER to FOLLOWER at term 1 for candidate:2da9303e-6724-4504-a4a5-d250e7d22259
2024-02-27 21:40:18,079 [grpc-default-executor-4] INFO  impl.RoleInfo (RoleInfo.java:shutdownFollowerState(110)) - 2818fa5f-cc14-4867-ab22-981a54c2b243: shutdown 2818fa5f-cc14-4867-ab22-981a54c2b243@group-C2392BA6B23C-FollowerState
2024-02-27 21:40:18,079 [grpc-default-executor-4] INFO  impl.RoleInfo (RoleInfo.java:updateAndGet(139)) - 2818fa5f-cc14-4867-ab22-981a54c2b243: start 2818fa5f-cc14-4867-ab22-981a54c2b243@group-C2392BA6B23C-FollowerState
2024-02-27 21:40:18,079 [2818fa5f-cc14-4867-ab22-981a54c2b243@group-C2392BA6B23C-FollowerState] INFO  impl.FollowerState (FollowerState.java:run(152)) - 2818fa5f-cc14-4867-ab22-981a54c2b243@group-C2392BA6B23C-FollowerState was interrupted
2024-02-27 21:40:18,079 [grpc-default-executor-4] INFO  server.RaftServer$Division (RaftServerImpl.java:setFirstElection(574)) - 2818fa5f-cc14-4867-ab22-981a54c2b243@group-C2392BA6B23C: set firstElectionSinceStartup to false for candidate:2da9303e-6724-4504-a4a5-d250e7d22259
2024-02-27 21:40:18,082 [grpc-default-executor-2] INFO  server.RaftServer$Division (RaftServerImpl.java:requestVote(1422)) - acd5b146-ec22-4575-ab5b-633d0d82c7a3@group-C2392BA6B23C replies to ELECTION vote request: 2da9303e-6724-4504-a4a5-d250e7d22259<-acd5b146-ec22-4575-ab5b-633d0d82c7a3#0:OK-t1. Peer's state: acd5b146-ec22-4575-ab5b-633d0d82c7a3@group-C2392BA6B23C:t1, leader=null, voted=2da9303e-6724-4504-a4a5-d250e7d22259, raftlog=Memoized:acd5b146-ec22-4575-ab5b-633d0d82c7a3@group-C2392BA6B23C-SegmentedRaftLog:OPENED:c-1, conf=-1: peers:[2818fa5f-cc14-4867-ab22-981a54c2b243|10.1.0.18:15138, 2da9303e-6724-4504-a4a5-d250e7d22259|10.1.0.18:15156, acd5b146-ec22-4575-ab5b-633d0d82c7a3|10.1.0.18:15147]|listeners:[], old=null
2024-02-27 21:40:18,083 [2da9303e-6724-4504-a4a5-d250e7d22259@group-C2392BA6B23C-LeaderElection29] INFO  impl.LeaderElection (LeaderElection.java:logAndReturn(89)) - 2da9303e-6724-4504-a4a5-d250e7d22259@group-C2392BA6B23C-LeaderElection29: ELECTION PASSED received 1 response(s) and 0 exception(s):
2024-02-27 21:40:18,083 [2da9303e-6724-4504-a4a5-d250e7d22259@group-C2392BA6B23C-LeaderElection29] INFO  impl.LeaderElection (LeaderElection.java:logAndReturn(93)) -   Response 0: 2da9303e-6724-4504-a4a5-d250e7d22259<-acd5b146-ec22-4575-ab5b-633d0d82c7a3#0:OK-t1
2024-02-27 21:40:18,083 [2da9303e-6724-4504-a4a5-d250e7d22259@group-C2392BA6B23C-LeaderElection29] INFO  impl.LeaderElection (LeaderElection.java:askForVotes(323)) - 2da9303e-6724-4504-a4a5-d250e7d22259@group-C2392BA6B23C-LeaderElection29 ELECTION round 0: result PASSED
2024-02-27 21:40:18,083 [2da9303e-6724-4504-a4a5-d250e7d22259@group-C2392BA6B23C-LeaderElection29] INFO  impl.RoleInfo (RoleInfo.java:shutdownLeaderElection(130)) - 2da9303e-6724-4504-a4a5-d250e7d22259: shutdown 2da9303e-6724-4504-a4a5-d250e7d22259@group-C2392BA6B23C-LeaderElection29
2024-02-27 21:40:18,083 [2da9303e-6724-4504-a4a5-d250e7d22259@group-C2392BA6B23C-LeaderElection29] INFO  server.RaftServer$Division (RaftServerImpl.java:setRole(383)) - 2da9303e-6724-4504-a4a5-d250e7d22259@group-C2392BA6B23C: changes role from CANDIDATE to LEADER at term 1 for changeToLeader
2024-02-27 21:40:18,083 [2da9303e-6724-4504-a4a5-d250e7d22259@group-C2392BA6B23C-LeaderElection29] INFO  server.RaftServerConfigKeys (ConfUtils.java:logGet(46)) - raft.server.staging.catchup.gap = 1000 (default)
2024-02-27 21:40:18,083 [grpc-default-executor-4] INFO  server.RaftServer$Division (RaftServerImpl.java:requestVote(1422)) - 2818fa5f-cc14-4867-ab22-981a54c2b243@group-C2392BA6B23C replies to ELECTION vote request: 2da9303e-6724-4504-a4a5-d250e7d22259<-2818fa5f-cc14-4867-ab22-981a54c2b243#0:OK-t1. Peer's state: 2818fa5f-cc14-4867-ab22-981a54c2b243@group-C2392BA6B23C:t1, leader=null, voted=2da9303e-6724-4504-a4a5-d250e7d22259, raftlog=Memoized:2818fa5f-cc14-4867-ab22-981a54c2b243@group-C2392BA6B23C-SegmentedRaftLog:OPENED:c-1, conf=-1: peers:[2818fa5f-cc14-4867-ab22-981a54c2b243|10.1.0.18:15138, 2da9303e-6724-4504-a4a5-d250e7d22259|10.1.0.18:15156, acd5b146-ec22-4575-ab5b-633d0d82c7a3|10.1.0.18:15147]|listeners:[], old=null
2024-02-27 21:40:18,084 [2da9303e-6724-4504-a4a5-d250e7d22259@group-C2392BA6B23C-LeaderElection29] INFO  server.RaftServerConfigKeys (ConfUtils.java:logGet(46)) - raft.server.write.element-limit = 1024 (custom)
2024-02-27 21:40:18,084 [2da9303e-6724-4504-a4a5-d250e7d22259@group-C2392BA6B23C-LeaderElection29] INFO  server.RaftServerConfigKeys (ConfUtils.java:logGet(46)) - raft.server.write.byte-limit = 1024 M (=1073741824) (custom)
2024-02-27 21:40:18,084 [2da9303e-6724-4504-a4a5-d250e7d22259@group-C2392BA6B23C-LeaderElection29] INFO  server.RaftServerConfigKeys (ConfUtils.java:logGet(46)) - raft.server.watch.timeout = 180s (custom)
2024-02-27 21:40:18,085 [2da9303e-6724-4504-a4a5-d250e7d22259@group-C2392BA6B23C-LeaderElection29] INFO  server.RaftServerConfigKeys (ConfUtils.java:logGet(46)) - raft.server.watch.timeout.denomination = 1s (default)
2024-02-27 21:40:18,085 [2da9303e-6724-4504-a4a5-d250e7d22259@group-C2392BA6B23C-LeaderElection29] INFO  server.RaftServerConfigKeys (ConfUtils.java:logGet(46)) - raft.server.watch.element-limit = 65536 (default)
2024-02-27 21:40:18,085 [2da9303e-6724-4504-a4a5-d250e7d22259@group-C2392BA6B23C-LeaderElection29] INFO  server.RaftServerConfigKeys (ConfUtils.java:logGet(46)) - raft.server.read.leader.lease.enabled = false (default)
2024-02-27 21:40:18,085 [2da9303e-6724-4504-a4a5-d250e7d22259@group-C2392BA6B23C-LeaderElection29] INFO  server.RaftServerConfigKeys (ConfUtils.java:logGet(46)) - raft.server.read.leader.lease.timeout.ratio = 0.9 (default)
2024-02-27 21:40:18,085 [2da9303e-6724-4504-a4a5-d250e7d22259@group-C2392BA6B23C-LeaderElection29] INFO  server.RaftServerConfigKeys (ConfUtils.java:logGet(46)) - raft.server.rpc.timeout.min = 5s (custom)
2024-02-27 21:40:18,085 [2da9303e-6724-4504-a4a5-d250e7d22259@group-C2392BA6B23C-LeaderElection29] INFO  server.RaftServerConfigKeys (ConfUtils.java:logGet(46)) - raft.server.write.element-limit = 1024 (custom)
2024-02-27 21:40:18,085 [2da9303e-6724-4504-a4a5-d250e7d22259@group-C2392BA6B23C-LeaderElection29] INFO  server.RaftServerConfigKeys (ConfUtils.java:logGet(46)) - raft.server.write.follower.gap.ratio.max = -1.0 (default)
2024-02-27 21:40:18,085 [2da9303e-6724-4504-a4a5-d250e7d22259@group-C2392BA6B23C-LeaderElection29] INFO  server.RaftServerConfigKeys (ConfUtils.java:logGet(46)) - raft.server.log.appender.snapshot.chunk.size.max = 16MB (=16777216) (default)
2024-02-27 21:40:18,085 [2da9303e-6724-4504-a4a5-d250e7d22259@group-C2392BA6B23C-LeaderElection29] INFO  server.RaftServerConfigKeys (ConfUtils.java:logGet(46)) - raft.server.log.appender.buffer.byte-limit = 8388608 (custom)
2024-02-27 21:40:18,086 [2da9303e-6724-4504-a4a5-d250e7d22259@group-C2392BA6B23C-LeaderElection29] INFO  server.RaftServerConfigKeys (ConfUtils.java:logGet(46)) - raft.server.log.appender.buffer.element-limit = 1 (custom)
2024-02-27 21:40:18,086 [2da9303e-6724-4504-a4a5-d250e7d22259@group-C2392BA6B23C-LeaderElection29] INFO  server.RaftServerConfigKeys (ConfUtils.java:logGet(46)) - raft.server.log.appender.wait-time.min = 0μs (custom)
2024-02-27 21:40:18,086 [2da9303e-6724-4504-a4a5-d250e7d22259@group-C2392BA6B23C-LeaderElection29] INFO  grpc.GrpcConfigKeys (ConfUtils.java:logGet(46)) - raft.grpc.server.leader.outstanding.appends.max = 8 (default)
2024-02-27 21:40:18,086 [2da9303e-6724-4504-a4a5-d250e7d22259@group-C2392BA6B23C-LeaderElection29] INFO  server.RaftServerConfigKeys (ConfUtils.java:logGet(46)) - raft.server.rpc.request.timeout = 60s (custom)
2024-02-27 21:40:18,086 [2da9303e-6724-4504-a4a5-d250e7d22259@group-C2392BA6B23C-LeaderElection29] INFO  grpc.GrpcConfigKeys (ConfUtils.java:logGet(46)) - raft.grpc.server.install_snapshot.request.element-limit = 8 (default)
2024-02-27 21:40:18,086 [2da9303e-6724-4504-a4a5-d250e7d22259@group-C2392BA6B23C-LeaderElection29] INFO  grpc.GrpcConfigKeys (ConfUtils.java:logGet(46)) - raft.grpc.server.install_snapshot.request.timeout = 3000ms (default)
2024-02-27 21:40:18,086 [2da9303e-6724-4504-a4a5-d250e7d22259@group-C2392BA6B23C-LeaderElection29] INFO  grpc.GrpcConfigKeys (ConfUtils.java:logGet(46)) - raft.grpc.server.log-message.batch.duration = 5s (default)
2024-02-27 21:40:18,086 [2da9303e-6724-4504-a4a5-d250e7d22259@group-C2392BA6B23C-LeaderElection29] INFO  server.RaftServerConfigKeys (ConfUtils.java:logGet(46)) - raft.server.log.appender.install.snapshot.enabled = false (custom)
2024-02-27 21:40:18,086 [2da9303e-6724-4504-a4a5-d250e7d22259@group-C2392BA6B23C-LeaderElection29] INFO  grpc.GrpcConfigKeys (ConfUtils.java:logGet(46)) - raft.grpc.server.heartbeat.channel = true (default)
2024-02-27 21:40:18,087 [2da9303e-6724-4504-a4a5-d250e7d22259@group-C2392BA6B23C-LeaderElection29] INFO  server.RaftServerConfigKeys (ConfUtils.java:logGet(46)) - raft.server.log.appender.snapshot.chunk.size.max = 16MB (=16777216) (default)
2024-02-27 21:40:18,087 [2da9303e-6724-4504-a4a5-d250e7d22259@group-C2392BA6B23C-LeaderElection29] INFO  server.RaftServerConfigKeys (ConfUtils.java:logGet(46)) - raft.server.log.appender.buffer.byte-limit = 8388608 (custom)
2024-02-27 21:40:18,087 [2da9303e-6724-4504-a4a5-d250e7d22259@group-C2392BA6B23C-LeaderElection29] INFO  server.RaftServerConfigKeys (ConfUtils.java:logGet(46)) - raft.server.log.appender.buffer.element-limit = 1 (custom)
2024-02-27 21:40:18,087 [2da9303e-6724-4504-a4a5-d250e7d22259@group-C2392BA6B23C-LeaderElection29] INFO  server.RaftServerConfigKeys (ConfUtils.java:logGet(46)) - raft.server.log.appender.wait-time.min = 0μs (custom)
2024-02-27 21:40:18,087 [2da9303e-6724-4504-a4a5-d250e7d22259@group-C2392BA6B23C-LeaderElection29] INFO  grpc.GrpcConfigKeys (ConfUtils.java:logGet(46)) - raft.grpc.server.leader.outstanding.appends.max = 8 (default)
2024-02-27 21:40:18,087 [2da9303e-6724-4504-a4a5-d250e7d22259@group-C2392BA6B23C-LeaderElection29] INFO  server.RaftServerConfigKeys (ConfUtils.java:logGet(46)) - raft.server.rpc.request.timeout = 60s (custom)
2024-02-27 21:40:18,087 [2da9303e-6724-4504-a4a5-d250e7d22259@group-C2392BA6B23C-LeaderElection29] INFO  grpc.GrpcConfigKeys (ConfUtils.java:logGet(46)) - raft.grpc.server.install_snapshot.request.element-limit = 8 (default)
2024-02-27 21:40:18,087 [2da9303e-6724-4504-a4a5-d250e7d22259@group-C2392BA6B23C-LeaderElection29] INFO  grpc.GrpcConfigKeys (ConfUtils.java:logGet(46)) - raft.grpc.server.install_snapshot.request.timeout = 3000ms (default)
2024-02-27 21:40:18,087 [2da9303e-6724-4504-a4a5-d250e7d22259@group-C2392BA6B23C-LeaderElection29] INFO  grpc.GrpcConfigKeys (ConfUtils.java:logGet(46)) - raft.grpc.server.log-message.batch.duration = 5s (default)
2024-02-27 21:40:18,087 [2da9303e-6724-4504-a4a5-d250e7d22259@group-C2392BA6B23C-LeaderElection29] INFO  server.RaftServerConfigKeys (ConfUtils.java:logGet(46)) - raft.server.log.appender.install.snapshot.enabled = false (custom)
2024-02-27 21:40:18,088 [2da9303e-6724-4504-a4a5-d250e7d22259@group-C2392BA6B23C-LeaderElection29] INFO  grpc.GrpcConfigKeys (ConfUtils.java:logGet(46)) - raft.grpc.server.heartbeat.channel = true (default)
2024-02-27 21:40:18,088 [2da9303e-6724-4504-a4a5-d250e7d22259@group-C2392BA6B23C-LeaderElection29] INFO  impl.RoleInfo (RoleInfo.java:updateAndGet(139)) - 2da9303e-6724-4504-a4a5-d250e7d22259: start 2da9303e-6724-4504-a4a5-d250e7d22259@group-C2392BA6B23C-LeaderStateImpl
2024-02-27 21:40:18,088 [2da9303e-6724-4504-a4a5-d250e7d22259@group-C2392BA6B23C-LeaderElection29] INFO  server.RaftServer$Division (RaftServerImpl.java:setFirstElection(574)) - 2da9303e-6724-4504-a4a5-d250e7d22259@group-C2392BA6B23C: set firstElectionSinceStartup to false for becomeLeader
2024-02-27 21:40:18,088 [2da9303e-6724-4504-a4a5-d250e7d22259@group-C2392BA6B23C-LeaderElection29] INFO  ratis.XceiverServerRatis (XceiverServerRatis.java:handleLeaderChangedNotification(966)) - Leader change notification received for group: group-C2392BA6B23C with new leaderId: 2da9303e-6724-4504-a4a5-d250e7d22259
2024-02-27 21:40:18,088 [2da9303e-6724-4504-a4a5-d250e7d22259@group-C2392BA6B23C-LeaderElection29] INFO  server.RaftServer$Division (ServerState.java:setLeader(269)) - 2da9303e-6724-4504-a4a5-d250e7d22259@group-C2392BA6B23C: change Leader from null to 2da9303e-6724-4504-a4a5-d250e7d22259 at term 1 for becomeLeader, leader elected after 5084ms
2024-02-27 21:40:18,088 [2da9303e-6724-4504-a4a5-d250e7d22259@group-C2392BA6B23C-LeaderElection29] INFO  segmented.SegmentedRaftLogWorker (SegmentedRaftLogWorker.java:startLogSegment(430)) - 2da9303e-6724-4504-a4a5-d250e7d22259@group-C2392BA6B23C-SegmentedRaftLogWorker: Starting segment from index:0
2024-02-27 21:40:18,089 [2da9303e-6724-4504-a4a5-d250e7d22259@group-C2392BA6B23C-SegmentedRaftLogWorker] INFO  segmented.BufferedWriteChannel (BufferedWriteChannel.java:open(62)) - open log_inprogress_0 at position 0
2024-02-27 21:40:18,090 [EventQueue-PipelineReportForPipelineReportHandler] INFO  pipeline.PipelineReportHandler (PipelineReportHandler.java:processPipelineReport(136)) - Opened pipeline PipelineID=016ca135-2be0-4d01-9c46-c2392ba6b23c
2024-02-27 21:40:18,092 [2da9303e-6724-4504-a4a5-d250e7d22259@group-C2392BA6B23C-LeaderElection29] INFO  server.RaftServer$Division (ServerState.java:setRaftConf(386)) - 2da9303e-6724-4504-a4a5-d250e7d22259@group-C2392BA6B23C: set configuration 0: peers:[2818fa5f-cc14-4867-ab22-981a54c2b243|10.1.0.18:15138, 2da9303e-6724-4504-a4a5-d250e7d22259|10.1.0.18:15156, acd5b146-ec22-4575-ab5b-633d0d82c7a3|10.1.0.18:15147]|listeners:[], old=null
2024-02-27 21:40:18,096 [2da9303e-6724-4504-a4a5-d250e7d22259@group-C2392BA6B23C-SegmentedRaftLogWorker] INFO  segmented.SegmentedRaftLogWorker (SegmentedRaftLogWorker.java:execute(634)) - 2da9303e-6724-4504-a4a5-d250e7d22259@group-C2392BA6B23C-SegmentedRaftLogWorker: created new log segment /home/runner/work/ozone/ozone/hadoop-ozone/integration-test/target/test-dir/MiniOzoneClusterImpl-6e3a073c-9bdc-4deb-8550-ef77f821b5e4/ozone-meta/datanode-6/ratis/016ca135-2be0-4d01-9c46-c2392ba6b23c/current/log_inprogress_0
2024-02-27 21:40:18,106 [2818fa5f-cc14-4867-ab22-981a54c2b243-server-thread1] INFO  ratis.XceiverServerRatis (XceiverServerRatis.java:handleLeaderChangedNotification(966)) - Leader change notification received for group: group-C2392BA6B23C with new leaderId: 2da9303e-6724-4504-a4a5-d250e7d22259
2024-02-27 21:40:18,106 [acd5b146-ec22-4575-ab5b-633d0d82c7a3-server-thread1] INFO  ratis.XceiverServerRatis (XceiverServerRatis.java:handleLeaderChangedNotification(966)) - Leader change notification received for group: group-C2392BA6B23C with new leaderId: 2da9303e-6724-4504-a4a5-d250e7d22259
2024-02-27 21:40:18,106 [2818fa5f-cc14-4867-ab22-981a54c2b243-server-thread1] INFO  server.RaftServer$Division (ServerState.java:setLeader(269)) - 2818fa5f-cc14-4867-ab22-981a54c2b243@group-C2392BA6B23C: change Leader from null to 2da9303e-6724-4504-a4a5-d250e7d22259 at term 1 for appendEntries, leader elected after 5119ms
2024-02-27 21:40:18,106 [acd5b146-ec22-4575-ab5b-633d0d82c7a3-server-thread1] INFO  server.RaftServer$Division (ServerState.java:setLeader(269)) - acd5b146-ec22-4575-ab5b-633d0d82c7a3@group-C2392BA6B23C: change Leader from null to 2da9303e-6724-4504-a4a5-d250e7d22259 at term 1 for appendEntries, leader elected after 5084ms
2024-02-27 21:40:18,111 [acd5b146-ec22-4575-ab5b-633d0d82c7a3-server-thread2] INFO  server.RaftServer$Division (ServerState.java:setRaftConf(386)) - acd5b146-ec22-4575-ab5b-633d0d82c7a3@group-C2392BA6B23C: set configuration 0: peers:[2818fa5f-cc14-4867-ab22-981a54c2b243|10.1.0.18:15138, 2da9303e-6724-4504-a4a5-d250e7d22259|10.1.0.18:15156, acd5b146-ec22-4575-ab5b-633d0d82c7a3|10.1.0.18:15147]|listeners:[], old=null
2024-02-27 21:40:18,111 [acd5b146-ec22-4575-ab5b-633d0d82c7a3-server-thread2] INFO  segmented.SegmentedRaftLogWorker (SegmentedRaftLogWorker.java:startLogSegment(430)) - acd5b146-ec22-4575-ab5b-633d0d82c7a3@group-C2392BA6B23C-SegmentedRaftLogWorker: Starting segment from index:0
2024-02-27 21:40:18,112 [2818fa5f-cc14-4867-ab22-981a54c2b243-server-thread2] INFO  server.RaftServer$Division (ServerState.java:setRaftConf(386)) - 2818fa5f-cc14-4867-ab22-981a54c2b243@group-C2392BA6B23C: set configuration 0: peers:[2818fa5f-cc14-4867-ab22-981a54c2b243|10.1.0.18:15138, 2da9303e-6724-4504-a4a5-d250e7d22259|10.1.0.18:15156, acd5b146-ec22-4575-ab5b-633d0d82c7a3|10.1.0.18:15147]|listeners:[], old=null
2024-02-27 21:40:18,113 [2818fa5f-cc14-4867-ab22-981a54c2b243-server-thread2] INFO  segmented.SegmentedRaftLogWorker (SegmentedRaftLogWorker.java:startLogSegment(430)) - 2818fa5f-cc14-4867-ab22-981a54c2b243@group-C2392BA6B23C-SegmentedRaftLogWorker: Starting segment from index:0
2024-02-27 21:40:18,113 [2818fa5f-cc14-4867-ab22-981a54c2b243@group-C2392BA6B23C-SegmentedRaftLogWorker] INFO  segmented.BufferedWriteChannel (BufferedWriteChannel.java:open(62)) - open log_inprogress_0 at position 0
2024-02-27 21:40:18,112 [acd5b146-ec22-4575-ab5b-633d0d82c7a3@group-C2392BA6B23C-SegmentedRaftLogWorker] INFO  segmented.BufferedWriteChannel (BufferedWriteChannel.java:open(62)) - open log_inprogress_0 at position 0
2024-02-27 21:40:18,116 [main] INFO  ozone.MiniOzoneClusterImpl (MiniOzoneClusterImpl.java:lambda$waitForClusterToBeReady$0(195)) - Nodes are ready. Got 6 of 6 DN Heartbeats.
2024-02-27 21:40:18,118 [main] INFO  ozone.MiniOzoneClusterImpl (MiniOzoneClusterImpl.java:lambda$waitForClusterToBeReady$0(198)) - Cluster exits safe mode
2024-02-27 21:40:18,118 [main] INFO  ozone.MiniOzoneClusterImpl (MiniOzoneClusterImpl.java:lambda$waitForClusterToBeReady$0(200)) - SCM became leader
2024-02-27 21:40:18,119 [main] INFO  pipeline.PipelineManagerImpl (PipelineManagerImpl.java:closePipeline(518)) - Pipeline PipelineID=18c9c50d-3d92-403f-8086-804b6b9c10bf moved to CLOSED state
2024-02-27 21:40:18,120 [main] INFO  pipeline.PipelineManagerImpl (PipelineManagerImpl.java:closePipeline(518)) - Pipeline PipelineID=c6a2c24f-5c82-40cd-a726-e6bbe2641b90 moved to CLOSED state
2024-02-27 21:40:18,120 [main] INFO  pipeline.PipelineManagerImpl (PipelineManagerImpl.java:closePipeline(518)) - Pipeline PipelineID=3b9a94bc-9df7-479a-ab76-a218e7daa433 moved to CLOSED state
2024-02-27 21:40:18,121 [main] INFO  pipeline.PipelineManagerImpl (PipelineManagerImpl.java:closePipeline(518)) - Pipeline PipelineID=016ca135-2be0-4d01-9c46-c2392ba6b23c moved to CLOSED state
2024-02-27 21:40:18,126 [2818fa5f-cc14-4867-ab22-981a54c2b243@group-C2392BA6B23C-SegmentedRaftLogWorker] INFO  segmented.SegmentedRaftLogWorker (SegmentedRaftLogWorker.java:execute(634)) - 2818fa5f-cc14-4867-ab22-981a54c2b243@group-C2392BA6B23C-SegmentedRaftLogWorker: created new log segment /home/runner/work/ozone/ozone/hadoop-ozone/integration-test/target/test-dir/MiniOzoneClusterImpl-6e3a073c-9bdc-4deb-8550-ef77f821b5e4/ozone-meta/datanode-4/ratis/016ca135-2be0-4d01-9c46-c2392ba6b23c/current/log_inprogress_0
2024-02-27 21:40:18,127 [acd5b146-ec22-4575-ab5b-633d0d82c7a3@group-C2392BA6B23C-SegmentedRaftLogWorker] INFO  segmented.SegmentedRaftLogWorker (SegmentedRaftLogWorker.java:execute(634)) - acd5b146-ec22-4575-ab5b-633d0d82c7a3@group-C2392BA6B23C-SegmentedRaftLogWorker: created new log segment /home/runner/work/ozone/ozone/hadoop-ozone/integration-test/target/test-dir/MiniOzoneClusterImpl-6e3a073c-9bdc-4deb-8550-ef77f821b5e4/ozone-meta/datanode-5/ratis/016ca135-2be0-4d01-9c46-c2392ba6b23c/current/log_inprogress_0
2024-02-27 21:40:18,129 [2da9303e-6724-4504-a4a5-d250e7d22259@group-C2392BA6B23C-StateMachineUpdater] INFO  server.RaftServer$Division (LeaderStateImpl.java:isApplied(320)) - leader is ready since appliedIndex == 0 >= startIndex == 0
2024-02-27 21:40:18,616 [RatisPipelineUtilsThread-0] INFO  pipeline.RatisPipelineProvider (RatisPipelineProvider.java:lambda$create$0(205)) - Sending CreatePipelineCommand for pipeline:PipelineID=40b00379-c44c-4895-a69a-a6616489c41e to datanode:a4a9caa5-f98a-4b6d-87b4-17f7eca85f0e
2024-02-27 21:40:18,616 [RatisPipelineUtilsThread-0] INFO  pipeline.RatisPipelineProvider (RatisPipelineProvider.java:lambda$create$0(205)) - Sending CreatePipelineCommand for pipeline:PipelineID=40b00379-c44c-4895-a69a-a6616489c41e to datanode:e0fc16c3-8785-492f-95e3-5d2aafd0cf3f
2024-02-27 21:40:18,616 [RatisPipelineUtilsThread-0] INFO  pipeline.RatisPipelineProvider (RatisPipelineProvider.java:lambda$create$0(205)) - Sending CreatePipelineCommand for pipeline:PipelineID=40b00379-c44c-4895-a69a-a6616489c41e to datanode:acd5b146-ec22-4575-ab5b-633d0d82c7a3
2024-02-27 21:40:18,617 [RatisPipelineUtilsThread-0] INFO  pipeline.BackgroundPipelineCreator (BackgroundPipelineCreator.java:createPipelines(236)) - Created new pipeline Pipeline[ Id: 40b00379-c44c-4895-a69a-a6616489c41e, Nodes: a4a9caa5-f98a-4b6d-87b4-17f7eca85f0e(fv-az531-651.fb1yufaac5hu3gd5gtxiz42tfh.cx.internal.cloudapp.net/10.1.0.18)e0fc16c3-8785-492f-95e3-5d2aafd0cf3f(fv-az531-651.fb1yufaac5hu3gd5gtxiz42tfh.cx.internal.cloudapp.net/10.1.0.18)acd5b146-ec22-4575-ab5b-633d0d82c7a3(fv-az531-651.fb1yufaac5hu3gd5gtxiz42tfh.cx.internal.cloudapp.net/10.1.0.18), ReplicationConfig: RATIS/THREE, State:ALLOCATED, leaderId:, CreationTimestamp2024-02-27T21:40:18.616Z[Etc/UTC]]
2024-02-27 21:40:18,617 [RatisPipelineUtilsThread-0] INFO  pipeline.RatisPipelineProvider (RatisPipelineProvider.java:lambda$create$0(205)) - Sending CreatePipelineCommand for pipeline:PipelineID=b8b980ba-a45e-4db6-b288-ed4d28972ef5 to datanode:acd5b146-ec22-4575-ab5b-633d0d82c7a3
2024-02-27 21:40:18,617 [RatisPipelineUtilsThread-0] INFO  pipeline.RatisPipelineProvider (RatisPipelineProvider.java:lambda$create$0(205)) - Sending CreatePipelineCommand for pipeline:PipelineID=b8b980ba-a45e-4db6-b288-ed4d28972ef5 to datanode:2da9303e-6724-4504-a4a5-d250e7d22259
2024-02-27 21:40:18,617 [RatisPipelineUtilsThread-0] INFO  pipeline.RatisPipelineProvider (RatisPipelineProvider.java:lambda$create$0(205)) - Sending CreatePipelineCommand for pipeline:PipelineID=b8b980ba-a45e-4db6-b288-ed4d28972ef5 to datanode:a4a9caa5-f98a-4b6d-87b4-17f7eca85f0e
2024-02-27 21:40:18,618 [RatisPipelineUtilsThread-0] INFO  pipeline.BackgroundPipelineCreator (BackgroundPipelineCreator.java:createPipelines(236)) - Created new pipeline Pipeline[ Id: b8b980ba-a45e-4db6-b288-ed4d28972ef5, Nodes: acd5b146-ec22-4575-ab5b-633d0d82c7a3(fv-az531-651.fb1yufaac5hu3gd5gtxiz42tfh.cx.internal.cloudapp.net/10.1.0.18)2da9303e-6724-4504-a4a5-d250e7d22259(fv-az531-651.fb1yufaac5hu3gd5gtxiz42tfh.cx.internal.cloudapp.net/10.1.0.18)a4a9caa5-f98a-4b6d-87b4-17f7eca85f0e(fv-az531-651.fb1yufaac5hu3gd5gtxiz42tfh.cx.internal.cloudapp.net/10.1.0.18), ReplicationConfig: RATIS/THREE, State:ALLOCATED, leaderId:, CreationTimestamp2024-02-27T21:40:18.617Z[Etc/UTC]]
2024-02-27 21:40:18,618 [RatisPipelineUtilsThread-0] INFO  pipeline.RatisPipelineProvider (RatisPipelineProvider.java:lambda$create$0(205)) - Sending CreatePipelineCommand for pipeline:PipelineID=8a1a8f27-33c5-4349-acd6-5deee22c8a53 to datanode:7299b60a-1361-4038-9b5b-8cb416051416
2024-02-27 21:40:18,618 [RatisPipelineUtilsThread-0] INFO  pipeline.RatisPipelineProvider (RatisPipelineProvider.java:lambda$create$0(205)) - Sending CreatePipelineCommand for pipeline:PipelineID=8a1a8f27-33c5-4349-acd6-5deee22c8a53 to datanode:2da9303e-6724-4504-a4a5-d250e7d22259
2024-02-27 21:40:18,618 [RatisPipelineUtilsThread-0] INFO  pipeline.RatisPipelineProvider (RatisPipelineProvider.java:lambda$create$0(205)) - Sending CreatePipelineCommand for pipeline:PipelineID=8a1a8f27-33c5-4349-acd6-5deee22c8a53 to datanode:2818fa5f-cc14-4867-ab22-981a54c2b243
2024-02-27 21:40:18,619 [RatisPipelineUtilsThread-0] INFO  pipeline.BackgroundPipelineCreator (BackgroundPipelineCreator.java:createPipelines(236)) - Created new pipeline Pipeline[ Id: 8a1a8f27-33c5-4349-acd6-5deee22c8a53, Nodes: 7299b60a-1361-4038-9b5b-8cb416051416(fv-az531-651.fb1yufaac5hu3gd5gtxiz42tfh.cx.internal.cloudapp.net/10.1.0.18)2da9303e-6724-4504-a4a5-d250e7d22259(fv-az531-651.fb1yufaac5hu3gd5gtxiz42tfh.cx.internal.cloudapp.net/10.1.0.18)2818fa5f-cc14-4867-ab22-981a54c2b243(fv-az531-651.fb1yufaac5hu3gd5gtxiz42tfh.cx.internal.cloudapp.net/10.1.0.18), ReplicationConfig: RATIS/THREE, State:ALLOCATED, leaderId:, CreationTimestamp2024-02-27T21:40:18.618Z[Etc/UTC]]
2024-02-27 21:40:18,619 [RatisPipelineUtilsThread-0] INFO  pipeline.RatisPipelineProvider (RatisPipelineProvider.java:lambda$create$0(205)) - Sending CreatePipelineCommand for pipeline:PipelineID=bb1f1dd2-6739-43a3-b96a-38a797f17613 to datanode:2818fa5f-cc14-4867-ab22-981a54c2b243
2024-02-27 21:40:18,619 [RatisPipelineUtilsThread-0] INFO  pipeline.RatisPipelineProvider (RatisPipelineProvider.java:lambda$create$0(205)) - Sending CreatePipelineCommand for pipeline:PipelineID=bb1f1dd2-6739-43a3-b96a-38a797f17613 to datanode:e0fc16c3-8785-492f-95e3-5d2aafd0cf3f
2024-02-27 21:40:18,619 [RatisPipelineUtilsThread-0] INFO  pipeline.RatisPipelineProvider (RatisPipelineProvider.java:lambda$create$0(205)) - Sending CreatePipelineCommand for pipeline:PipelineID=bb1f1dd2-6739-43a3-b96a-38a797f17613 to datanode:7299b60a-1361-4038-9b5b-8cb416051416
2024-02-27 21:40:18,619 [RatisPipelineUtilsThread-0] INFO  pipeline.BackgroundPipelineCreator (BackgroundPipelineCreator.java:createPipelines(236)) - Created new pipeline Pipeline[ Id: bb1f1dd2-6739-43a3-b96a-38a797f17613, Nodes: 2818fa5f-cc14-4867-ab22-981a54c2b243(fv-az531-651.fb1yufaac5hu3gd5gtxiz42tfh.cx.internal.cloudapp.net/10.1.0.18)e0fc16c3-8785-492f-95e3-5d2aafd0cf3f(fv-az531-651.fb1yufaac5hu3gd5gtxiz42tfh.cx.internal.cloudapp.net/10.1.0.18)7299b60a-1361-4038-9b5b-8cb416051416(fv-az531-651.fb1yufaac5hu3gd5gtxiz42tfh.cx.internal.cloudapp.net/10.1.0.18), ReplicationConfig: RATIS/THREE, State:ALLOCATED, leaderId:, CreationTimestamp2024-02-27T21:40:18.619Z[Etc/UTC]]
2024-02-27 21:40:19,682 [a4a9caa5-f98a-4b6d-87b4-17f7eca85f0e-PipelineCommandHandlerThread-0] INFO  server.RaftServer (RaftServerProxy.java:addNew(100)) - a4a9caa5-f98a-4b6d-87b4-17f7eca85f0e: addNew group-A6616489C41E:[a4a9caa5-f98a-4b6d-87b4-17f7eca85f0e|10.1.0.18:15120, e0fc16c3-8785-492f-95e3-5d2aafd0cf3f|10.1.0.18:15111, acd5b146-ec22-4575-ab5b-633d0d82c7a3|10.1.0.18:15147] returns group-A6616489C41E:java.util.concurrent.CompletableFuture@3514b843[Not completed]
2024-02-27 21:40:19,683 [a4a9caa5-f98a-4b6d-87b4-17f7eca85f0e-groupManagement] INFO  server.RaftServer$Division (RaftServerImpl.java:<init>(256)) - a4a9caa5-f98a-4b6d-87b4-17f7eca85f0e: new RaftServerImpl for group-A6616489C41E:[a4a9caa5-f98a-4b6d-87b4-17f7eca85f0e|10.1.0.18:15120, e0fc16c3-8785-492f-95e3-5d2aafd0cf3f|10.1.0.18:15111, acd5b146-ec22-4575-ab5b-633d0d82c7a3|10.1.0.18:15147] with ContainerStateMachine:uninitialized
2024-02-27 21:40:19,683 [a4a9caa5-f98a-4b6d-87b4-17f7eca85f0e-groupManagement] INFO  server.RaftServerConfigKeys (ConfUtils.java:logGet(46)) - raft.server.rpc.timeout.min = 5s (custom)
2024-02-27 21:40:19,683 [a4a9caa5-f98a-4b6d-87b4-17f7eca85f0e-groupManagement] INFO  server.RaftServerConfigKeys (ConfUtils.java:logGet(46)) - raft.server.rpc.timeout.max = 5200ms (custom)
2024-02-27 21:40:19,683 [a4a9caa5-f98a-4b6d-87b4-17f7eca85f0e-groupManagement] INFO  server.RaftServerConfigKeys (ConfUtils.java:logGet(46)) - raft.server.rpc.sleep.time = 25ms (default)
2024-02-27 21:40:19,683 [a4a9caa5-f98a-4b6d-87b4-17f7eca85f0e-groupManagement] INFO  server.RaftServerConfigKeys (ConfUtils.java:logGet(46)) - raft.server.rpc.slowness.timeout = 300s (custom)
2024-02-27 21:40:19,683 [a4a9caa5-f98a-4b6d-87b4-17f7eca85f0e-groupManagement] INFO  server.RaftServerConfigKeys (ConfUtils.java:logGet(46)) - raft.server.leaderelection.leader.step-down.wait-time = 10s (default)
2024-02-27 21:40:19,683 [a4a9caa5-f98a-4b6d-87b4-17f7eca85f0e-groupManagement] INFO  server.RaftServerConfigKeys (ConfUtils.java:logGet(46)) - raft.server.leaderelection.member.majority-add = false (default)
2024-02-27 21:40:19,683 [a4a9caa5-f98a-4b6d-87b4-17f7eca85f0e-groupManagement] INFO  server.RaftServerConfigKeys (ConfUtils.java:logGet(46)) - raft.server.sleep.deviation.threshold = 300ms (default)
2024-02-27 21:40:19,683 [a4a9caa5-f98a-4b6d-87b4-17f7eca85f0e-groupManagement] INFO  server.RaftServer$Division (ServerState.java:<init>(113)) - a4a9caa5-f98a-4b6d-87b4-17f7eca85f0e@group-A6616489C41E: ConfigurationManager, init=-1: peers:[a4a9caa5-f98a-4b6d-87b4-17f7eca85f0e|10.1.0.18:15120, e0fc16c3-8785-492f-95e3-5d2aafd0cf3f|10.1.0.18:15111, acd5b146-ec22-4575-ab5b-633d0d82c7a3|10.1.0.18:15147]|listeners:[], old=null, confs=<EMPTY_MAP>
2024-02-27 21:40:19,683 [a4a9caa5-f98a-4b6d-87b4-17f7eca85f0e-groupManagement] INFO  server.RaftServerConfigKeys (ConfUtils.java:logGet(46)) - raft.server.notification.no-leader.timeout = 300s (custom)
2024-02-27 21:40:19,683 [a4a9caa5-f98a-4b6d-87b4-17f7eca85f0e-groupManagement] INFO  server.RaftServerConfigKeys (ConfUtils.java:logGet(46)) - raft.server.read.timeout = 10s (default)
2024-02-27 21:40:19,683 [a4a9caa5-f98a-4b6d-87b4-17f7eca85f0e-groupManagement] INFO  server.RaftServerConfigKeys (ConfUtils.java:logGet(46)) - raft.server.retrycache.expirytime = 600000ms (custom)
2024-02-27 21:40:19,683 [a4a9caa5-f98a-4b6d-87b4-17f7eca85f0e-groupManagement] INFO  server.RaftServerConfigKeys (ConfUtils.java:logGet(46)) - raft.server.retrycache.statistics.expirytime = 100ms (default)
2024-02-27 21:40:19,684 [a4a9caa5-f98a-4b6d-87b4-17f7eca85f0e-groupManagement] INFO  server.RaftServerConfigKeys (ConfUtils.java:logGet(46)) - raft.server.read.option = DEFAULT (default)
2024-02-27 21:40:19,684 [a4a9caa5-f98a-4b6d-87b4-17f7eca85f0e-groupManagement] INFO  server.RaftServerConfigKeys (ConfUtils.java:logGet(46)) - raft.server.read.read-after-write-consistent.write-index-cache.expiry-time = 60s (default)
2024-02-27 21:40:19,685 [a4a9caa5-f98a-4b6d-87b4-17f7eca85f0e-groupManagement] INFO  server.RaftServerConfigKeys (ConfUtils.java:logGet(46)) - raft.server.rpc.request.timeout = 60s (custom)
2024-02-27 21:40:19,685 [a4a9caa5-f98a-4b6d-87b4-17f7eca85f0e-groupManagement] INFO  server.RaftServerConfigKeys (ConfUtils.java:logGet(46)) - raft.server.log.appender.install.snapshot.enabled = false (custom)
2024-02-27 21:40:19,685 [a4a9caa5-f98a-4b6d-87b4-17f7eca85f0e-groupManagement] INFO  server.RaftServerConfigKeys (ConfUtils.java:logGet(46)) - raft.server.threadpool.server.cached = true (default)
2024-02-27 21:40:19,685 [a4a9caa5-f98a-4b6d-87b4-17f7eca85f0e-groupManagement] INFO  server.RaftServerConfigKeys (ConfUtils.java:logGet(46)) - raft.server.threadpool.server.size = 0 (default)
2024-02-27 21:40:19,685 [a4a9caa5-f98a-4b6d-87b4-17f7eca85f0e-groupManagement] INFO  server.RaftServerConfigKeys (ConfUtils.java:logGet(46)) - raft.server.threadpool.client.cached = true (default)
2024-02-27 21:40:19,685 [a4a9caa5-f98a-4b6d-87b4-17f7eca85f0e-groupManagement] INFO  server.RaftServerConfigKeys (ConfUtils.java:logGet(46)) - raft.server.threadpool.client.size = 0 (default)
2024-02-27 21:40:19,686 [a4a9caa5-f98a-4b6d-87b4-17f7eca85f0e-groupManagement] INFO  server.RaftServerConfigKeys (ConfUtils.java:logGet(46)) - raft.server.storage.free-space.min = 0MB (=0) (default)
2024-02-27 21:40:19,686 [a4a9caa5-f98a-4b6d-87b4-17f7eca85f0e-groupManagement] INFO  server.RaftServerConfigKeys (ConfUtils.java:logGet(46)) - raft.server.log.corruption.policy = EXCEPTION (default)
2024-02-27 21:40:19,686 [a4a9caa5-f98a-4b6d-87b4-17f7eca85f0e-groupManagement] INFO  server.RaftServerConfigKeys (ConfUtils.java:logGet(46)) - raft.server.storage.dir = [/home/runner/work/ozone/ozone/hadoop-ozone/integration-test/target/test-dir/MiniOzoneClusterImpl-6e3a073c-9bdc-4deb-8550-ef77f821b5e4/ozone-meta/datanode-2/ratis] (custom)
2024-02-27 21:40:19,686 [a4a9caa5-f98a-4b6d-87b4-17f7eca85f0e-groupManagement] INFO  storage.RaftStorageDirectory (RaftStorageDirectoryImpl.java:analyzeStorage(138)) - The storage directory /home/runner/work/ozone/ozone/hadoop-ozone/integration-test/target/test-dir/MiniOzoneClusterImpl-6e3a073c-9bdc-4deb-8550-ef77f821b5e4/ozone-meta/datanode-2/ratis/40b00379-c44c-4895-a69a-a6616489c41e does not exist. Creating ...
2024-02-27 21:40:19,687 [a4a9caa5-f98a-4b6d-87b4-17f7eca85f0e-groupManagement] INFO  storage.RaftStorageDirectory (RaftStorageDirectoryImpl.java:tryLock(228)) - Lock on /home/runner/work/ozone/ozone/hadoop-ozone/integration-test/target/test-dir/MiniOzoneClusterImpl-6e3a073c-9bdc-4deb-8550-ef77f821b5e4/ozone-meta/datanode-2/ratis/40b00379-c44c-4895-a69a-a6616489c41e/in_use.lock acquired by nodename 32143@fv-az531-651
2024-02-27 21:40:19,688 [a4a9caa5-f98a-4b6d-87b4-17f7eca85f0e-groupManagement] INFO  storage.RaftStorage (RaftStorageImpl.java:format(99)) - Storage directory /home/runner/work/ozone/ozone/hadoop-ozone/integration-test/target/test-dir/MiniOzoneClusterImpl-6e3a073c-9bdc-4deb-8550-ef77f821b5e4/ozone-meta/datanode-2/ratis/40b00379-c44c-4895-a69a-a6616489c41e has been successfully formatted.
2024-02-27 21:40:19,688 [a4a9caa5-f98a-4b6d-87b4-17f7eca85f0e-groupManagement] WARN  util.FileUtils (LogUtils.java:supplyAndLog(63)) - Failed to Files.newInputStream /home/runner/work/ozone/ozone/hadoop-ozone/integration-test/target/test-dir/MiniOzoneClusterImpl-6e3a073c-9bdc-4deb-8550-ef77f821b5e4/ozone-meta/datanode-2/ratis/40b00379-c44c-4895-a69a-a6616489c41e/current/raft-meta.conf with options []: java.nio.file.NoSuchFileException: /home/runner/work/ozone/ozone/hadoop-ozone/integration-test/target/test-dir/MiniOzoneClusterImpl-6e3a073c-9bdc-4deb-8550-ef77f821b5e4/ozone-meta/datanode-2/ratis/40b00379-c44c-4895-a69a-a6616489c41e/current/raft-meta.conf
2024-02-27 21:40:19,689 [a4a9caa5-f98a-4b6d-87b4-17f7eca85f0e-groupManagement] INFO  ratis.ContainerStateMachine (ContainerStateMachine.java:loadSnapshot(287)) - group-A6616489C41E: The snapshot info is null. Setting the last applied index to:(t:0, i:~)
2024-02-27 21:40:19,689 [a4a9caa5-f98a-4b6d-87b4-17f7eca85f0e-groupManagement] INFO  server.RaftServerConfigKeys (ConfUtils.java:logGet(46)) - raft.server.log.use.memory = false (default)
2024-02-27 21:40:19,689 [a4a9caa5-f98a-4b6d-87b4-17f7eca85f0e-groupManagement] INFO  server.RaftServerConfigKeys (ConfUtils.java:logGet(46)) - raft.server.log.purge.gap = 1000000 (custom)
2024-02-27 21:40:19,689 [a4a9caa5-f98a-4b6d-87b4-17f7eca85f0e-groupManagement] INFO  server.RaftServerConfigKeys (ConfUtils.java:logGet(46)) - raft.server.log.appender.buffer.byte-limit = 8388608 (custom)
2024-02-27 21:40:19,689 [a4a9caa5-f98a-4b6d-87b4-17f7eca85f0e-groupManagement] INFO  server.RaftServerConfigKeys (ConfUtils.java:logGet(46)) - raft.server.log.statemachine.data.read.timeout = 1000ms (default)
2024-02-27 21:40:19,689 [a4a9caa5-f98a-4b6d-87b4-17f7eca85f0e-groupManagement] INFO  server.RaftServerConfigKeys (ConfUtils.java:logGet(46)) - raft.server.log.purge.preservation.log.num = 0 (default)
2024-02-27 21:40:19,690 [a4a9caa5-f98a-4b6d-87b4-17f7eca85f0e-groupManagement] INFO  server.RaftServerConfigKeys (ConfUtils.java:logGet(46)) - raft.server.log.segment.size.max = 67108864 (custom)
2024-02-27 21:40:19,690 [a4a9caa5-f98a-4b6d-87b4-17f7eca85f0e-groupManagement] INFO  server.RaftServerConfigKeys (ConfUtils.java:logGet(46)) - raft.server.log.segment.cache.num.max = 2 (custom)
2024-02-27 21:40:19,690 [a4a9caa5-f98a-4b6d-87b4-17f7eca85f0e-groupManagement] INFO  server.RaftServerConfigKeys (ConfUtils.java:logGet(46)) - raft.server.log.segment.cache.size.max = 200MB (=209715200) (default)
2024-02-27 21:40:19,690 [a4a9caa5-f98a-4b6d-87b4-17f7eca85f0e-groupManagement] INFO  server.RaftServerConfigKeys (ConfUtils.java:logGet(46)) - raft.server.log.appender.buffer.byte-limit = 8388608 (custom)
2024-02-27 21:40:19,690 [a4a9caa5-f98a-4b6d-87b4-17f7eca85f0e-groupManagement] INFO  util.AwaitToRun (AwaitToRun.java:start(81)) - Thread[a4a9caa5-f98a-4b6d-87b4-17f7eca85f0e@group-A6616489C41E-cacheEviction-AwaitToRun,5,main] started
2024-02-27 21:40:19,691 [a4a9caa5-f98a-4b6d-87b4-17f7eca85f0e-groupManagement] INFO  segmented.SegmentedRaftLogWorker (SegmentedRaftLogWorker.java:<init>(182)) - new a4a9caa5-f98a-4b6d-87b4-17f7eca85f0e@group-A6616489C41E-SegmentedRaftLogWorker for RaftStorageImpl:Storage Directory /home/runner/work/ozone/ozone/hadoop-ozone/integration-test/target/test-dir/MiniOzoneClusterImpl-6e3a073c-9bdc-4deb-8550-ef77f821b5e4/ozone-meta/datanode-2/ratis/40b00379-c44c-4895-a69a-a6616489c41e
2024-02-27 21:40:19,691 [a4a9caa5-f98a-4b6d-87b4-17f7eca85f0e-groupManagement] INFO  server.RaftServerConfigKeys (ConfUtils.java:logGet(46)) - raft.server.log.queue.byte-limit = 4294967296 (custom)
2024-02-27 21:40:19,691 [a4a9caa5-f98a-4b6d-87b4-17f7eca85f0e-groupManagement] INFO  server.RaftServerConfigKeys (ConfUtils.java:logGet(46)) - raft.server.log.queue.element-limit = 1024 (custom)
2024-02-27 21:40:19,691 [a4a9caa5-f98a-4b6d-87b4-17f7eca85f0e-groupManagement] INFO  server.RaftServerConfigKeys (ConfUtils.java:logGet(46)) - raft.server.log.segment.size.max = 67108864 (custom)
2024-02-27 21:40:19,691 [a4a9caa5-f98a-4b6d-87b4-17f7eca85f0e-groupManagement] INFO  server.RaftServerConfigKeys (ConfUtils.java:logGet(46)) - raft.server.log.preallocated.size = 4194304 (custom)
2024-02-27 21:40:19,691 [a4a9caa5-f98a-4b6d-87b4-17f7eca85f0e-groupManagement] INFO  server.RaftServerConfigKeys (ConfUtils.java:logGet(46)) - raft.server.log.force.sync.num = 128 (default)
2024-02-27 21:40:19,691 [a4a9caa5-f98a-4b6d-87b4-17f7eca85f0e-groupManagement] INFO  server.RaftServerConfigKeys (ConfUtils.java:logGet(46)) - raft.server.log.statemachine.data.sync = true (default)
2024-02-27 21:40:19,691 [a4a9caa5-f98a-4b6d-87b4-17f7eca85f0e-groupManagement] INFO  server.RaftServerConfigKeys (ConfUtils.java:logGet(46)) - raft.server.log.statemachine.data.sync.timeout = 10s (default)
2024-02-27 21:40:19,691 [a4a9caa5-f98a-4b6d-87b4-17f7eca85f0e-groupManagement] INFO  server.RaftServerConfigKeys (ConfUtils.java:logGet(46)) - raft.server.log.statemachine.data.sync.timeout.retry = 0 (custom)
2024-02-27 21:40:19,691 [a4a9caa5-f98a-4b6d-87b4-17f7eca85f0e-groupManagement] INFO  server.RaftServerConfigKeys (ConfUtils.java:logGet(46)) - raft.server.log.write.buffer.size = 8388616 (custom)
2024-02-27 21:40:19,693 [a4a9caa5-f98a-4b6d-87b4-17f7eca85f0e-groupManagement] INFO  server.RaftServerConfigKeys (ConfUtils.java:logGet(46)) - raft.server.log.appender.buffer.byte-limit = 8388608 (custom)
2024-02-27 21:40:19,693 [a4a9caa5-f98a-4b6d-87b4-17f7eca85f0e-groupManagement] INFO  server.RaftServerConfigKeys (ConfUtils.java:logGet(46)) - raft.server.log.unsafe-flush.enabled = false (default)
2024-02-27 21:40:19,693 [a4a9caa5-f98a-4b6d-87b4-17f7eca85f0e-groupManagement] INFO  server.RaftServerConfigKeys (ConfUtils.java:logGet(46)) - raft.server.log.async-flush.enabled = false (default)
2024-02-27 21:40:19,693 [a4a9caa5-f98a-4b6d-87b4-17f7eca85f0e-groupManagement] INFO  server.RaftServerConfigKeys (ConfUtils.java:logGet(46)) - raft.server.log.statemachine.data.caching.enabled = true (custom)
2024-02-27 21:40:19,693 [a4a9caa5-f98a-4b6d-87b4-17f7eca85f0e-groupManagement] INFO  segmented.SegmentedRaftLogWorker (SegmentedRaftLogWorker.java:lambda$new$0(134)) - a4a9caa5-f98a-4b6d-87b4-17f7eca85f0e@group-A6616489C41E-SegmentedRaftLogWorker: flushIndex: setUnconditionally 0 -> -1
2024-02-27 21:40:19,693 [a4a9caa5-f98a-4b6d-87b4-17f7eca85f0e-groupManagement] INFO  segmented.SegmentedRaftLogWorker (SegmentedRaftLogWorker.java:lambda$new$0(134)) - a4a9caa5-f98a-4b6d-87b4-17f7eca85f0e@group-A6616489C41E-SegmentedRaftLogWorker: safeCacheEvictIndex: setUnconditionally 0 -> -1
2024-02-27 21:40:19,694 [a4a9caa5-f98a-4b6d-87b4-17f7eca85f0e-groupManagement] INFO  server.RaftServer$Division (RaftServerImpl.java:start(396)) - a4a9caa5-f98a-4b6d-87b4-17f7eca85f0e@group-A6616489C41E: start as a follower, conf=-1: peers:[a4a9caa5-f98a-4b6d-87b4-17f7eca85f0e|10.1.0.18:15120, e0fc16c3-8785-492f-95e3-5d2aafd0cf3f|10.1.0.18:15111, acd5b146-ec22-4575-ab5b-633d0d82c7a3|10.1.0.18:15147]|listeners:[], old=null
2024-02-27 21:40:19,695 [a4a9caa5-f98a-4b6d-87b4-17f7eca85f0e-groupManagement] INFO  server.RaftServer$Division (RaftServerImpl.java:setRole(383)) - a4a9caa5-f98a-4b6d-87b4-17f7eca85f0e@group-A6616489C41E: changes role from      null to FOLLOWER at term 0 for startAsFollower
2024-02-27 21:40:19,695 [a4a9caa5-f98a-4b6d-87b4-17f7eca85f0e-groupManagement] INFO  impl.RoleInfo (RoleInfo.java:updateAndGet(139)) - a4a9caa5-f98a-4b6d-87b4-17f7eca85f0e: start a4a9caa5-f98a-4b6d-87b4-17f7eca85f0e@group-A6616489C41E-FollowerState
2024-02-27 21:40:19,695 [a4a9caa5-f98a-4b6d-87b4-17f7eca85f0e@group-A6616489C41E-FollowerState] INFO  server.RaftServerConfigKeys (ConfUtils.java:logFallback(53)) - raft.server.rpc.first-election.timeout.min = 5s (fallback to raft.server.rpc.timeout.min)
2024-02-27 21:40:19,695 [a4a9caa5-f98a-4b6d-87b4-17f7eca85f0e@group-A6616489C41E-FollowerState] INFO  server.RaftServerConfigKeys (ConfUtils.java:logFallback(53)) - raft.server.rpc.first-election.timeout.max = 5200ms (fallback to raft.server.rpc.timeout.max)
2024-02-27 21:40:19,696 [a4a9caa5-f98a-4b6d-87b4-17f7eca85f0e-groupManagement] INFO  util.JmxRegister (JmxRegister.java:tryRegister(44)) - Successfully registered JMX Bean with object name Ratis:service=RaftServer,group=group-A6616489C41E,id=a4a9caa5-f98a-4b6d-87b4-17f7eca85f0e
2024-02-27 21:40:19,696 [a4a9caa5-f98a-4b6d-87b4-17f7eca85f0e-groupManagement] INFO  server.RaftServerConfigKeys (ConfUtils.java:logGet(46)) - raft.server.snapshot.trigger-when-stop.enabled = true (default)
2024-02-27 21:40:19,696 [a4a9caa5-f98a-4b6d-87b4-17f7eca85f0e-groupManagement] INFO  server.RaftServerConfigKeys (ConfUtils.java:logGet(46)) - raft.server.snapshot.auto.trigger.enabled = true (custom)
2024-02-27 21:40:19,696 [a4a9caa5-f98a-4b6d-87b4-17f7eca85f0e-groupManagement] INFO  server.RaftServerConfigKeys (ConfUtils.java:logGet(46)) - raft.server.snapshot.auto.trigger.threshold = 10000 (custom)
2024-02-27 21:40:19,696 [a4a9caa5-f98a-4b6d-87b4-17f7eca85f0e-groupManagement] INFO  server.RaftServerConfigKeys (ConfUtils.java:logGet(46)) - raft.server.snapshot.retention.file.num = 5 (custom)
2024-02-27 21:40:19,696 [a4a9caa5-f98a-4b6d-87b4-17f7eca85f0e-groupManagement] INFO  server.RaftServerConfigKeys (ConfUtils.java:logGet(46)) - raft.server.log.purge.upto.snapshot.index = false (default)
2024-02-27 21:40:19,698 [a4a9caa5-f98a-4b6d-87b4-17f7eca85f0e-PipelineCommandHandlerThread-0] INFO  ratis.XceiverServerRatis (XceiverServerRatis.java:addGroup(864)) - Created group PipelineID=40b00379-c44c-4895-a69a-a6616489c41e
2024-02-27 21:40:19,704 [grpc-default-executor-2] INFO  server.RaftServer (RaftServerProxy.java:addNew(100)) - e0fc16c3-8785-492f-95e3-5d2aafd0cf3f: addNew group-A6616489C41E:[a4a9caa5-f98a-4b6d-87b4-17f7eca85f0e|10.1.0.18:15120, e0fc16c3-8785-492f-95e3-5d2aafd0cf3f|10.1.0.18:15111, acd5b146-ec22-4575-ab5b-633d0d82c7a3|10.1.0.18:15147] returns group-A6616489C41E:java.util.concurrent.CompletableFuture@5837cfb7[Not completed]
2024-02-27 21:40:19,704 [e0fc16c3-8785-492f-95e3-5d2aafd0cf3f-groupManagement] INFO  server.RaftServer$Division (RaftServerImpl.java:<init>(256)) - e0fc16c3-8785-492f-95e3-5d2aafd0cf3f: new RaftServerImpl for group-A6616489C41E:[a4a9caa5-f98a-4b6d-87b4-17f7eca85f0e|10.1.0.18:15120, e0fc16c3-8785-492f-95e3-5d2aafd0cf3f|10.1.0.18:15111, acd5b146-ec22-4575-ab5b-633d0d82c7a3|10.1.0.18:15147] with ContainerStateMachine:uninitialized
2024-02-27 21:40:19,704 [e0fc16c3-8785-492f-95e3-5d2aafd0cf3f-groupManagement] INFO  server.RaftServerConfigKeys (ConfUtils.java:logGet(46)) - raft.server.rpc.timeout.min = 5s (custom)
2024-02-27 21:40:19,704 [e0fc16c3-8785-492f-95e3-5d2aafd0cf3f-groupManagement] INFO  server.RaftServerConfigKeys (ConfUtils.java:logGet(46)) - raft.server.rpc.timeout.max = 5200ms (custom)
2024-02-27 21:40:19,704 [e0fc16c3-8785-492f-95e3-5d2aafd0cf3f-groupManagement] INFO  server.RaftServerConfigKeys (ConfUtils.java:logGet(46)) - raft.server.rpc.sleep.time = 25ms (default)
2024-02-27 21:40:19,704 [e0fc16c3-8785-492f-95e3-5d2aafd0cf3f-groupManagement] INFO  server.RaftServerConfigKeys (ConfUtils.java:logGet(46)) - raft.server.rpc.slowness.timeout = 300s (custom)
2024-02-27 21:40:19,705 [e0fc16c3-8785-492f-95e3-5d2aafd0cf3f-groupManagement] INFO  server.RaftServerConfigKeys (ConfUtils.java:logGet(46)) - raft.server.leaderelection.leader.step-down.wait-time = 10s (default)
2024-02-27 21:40:19,705 [e0fc16c3-8785-492f-95e3-5d2aafd0cf3f-groupManagement] INFO  server.RaftServerConfigKeys (ConfUtils.java:logGet(46)) - raft.server.leaderelection.member.majority-add = false (default)
2024-02-27 21:40:19,705 [e0fc16c3-8785-492f-95e3-5d2aafd0cf3f-groupManagement] INFO  server.RaftServerConfigKeys (ConfUtils.java:logGet(46)) - raft.server.sleep.deviation.threshold = 300ms (default)
2024-02-27 21:40:19,705 [e0fc16c3-8785-492f-95e3-5d2aafd0cf3f-groupManagement] INFO  server.RaftServer$Division (ServerState.java:<init>(113)) - e0fc16c3-8785-492f-95e3-5d2aafd0cf3f@group-A6616489C41E: ConfigurationManager, init=-1: peers:[a4a9caa5-f98a-4b6d-87b4-17f7eca85f0e|10.1.0.18:15120, e0fc16c3-8785-492f-95e3-5d2aafd0cf3f|10.1.0.18:15111, acd5b146-ec22-4575-ab5b-633d0d82c7a3|10.1.0.18:15147]|listeners:[], old=null, confs=<EMPTY_MAP>
2024-02-27 21:40:19,705 [e0fc16c3-8785-492f-95e3-5d2aafd0cf3f-groupManagement] INFO  server.RaftServerConfigKeys (ConfUtils.java:logGet(46)) - raft.server.notification.no-leader.timeout = 300s (custom)
2024-02-27 21:40:19,705 [e0fc16c3-8785-492f-95e3-5d2aafd0cf3f-groupManagement] INFO  server.RaftServerConfigKeys (ConfUtils.java:logGet(46)) - raft.server.read.timeout = 10s (default)
2024-02-27 21:40:19,705 [e0fc16c3-8785-492f-95e3-5d2aafd0cf3f-groupManagement] INFO  server.RaftServerConfigKeys (ConfUtils.java:logGet(46)) - raft.server.retrycache.expirytime = 600000ms (custom)
2024-02-27 21:40:19,705 [e0fc16c3-8785-492f-95e3-5d2aafd0cf3f-groupManagement] INFO  server.RaftServerConfigKeys (ConfUtils.java:logGet(46)) - raft.server.retrycache.statistics.expirytime = 100ms (default)
2024-02-27 21:40:19,705 [e0fc16c3-8785-492f-95e3-5d2aafd0cf3f-groupManagement] INFO  server.RaftServerConfigKeys (ConfUtils.java:logGet(46)) - raft.server.read.option = DEFAULT (default)
2024-02-27 21:40:19,705 [e0fc16c3-8785-492f-95e3-5d2aafd0cf3f-groupManagement] INFO  server.RaftServerConfigKeys (ConfUtils.java:logGet(46)) - raft.server.read.read-after-write-consistent.write-index-cache.expiry-time = 60s (default)
2024-02-27 21:40:19,707 [e0fc16c3-8785-492f-95e3-5d2aafd0cf3f-groupManagement] INFO  server.RaftServerConfigKeys (ConfUtils.java:logGet(46)) - raft.server.rpc.request.timeout = 60s (custom)
2024-02-27 21:40:19,707 [e0fc16c3-8785-492f-95e3-5d2aafd0cf3f-groupManagement] INFO  server.RaftServerConfigKeys (ConfUtils.java:logGet(46)) - raft.server.log.appender.install.snapshot.enabled = false (custom)
2024-02-27 21:40:19,707 [e0fc16c3-8785-492f-95e3-5d2aafd0cf3f-groupManagement] INFO  server.RaftServerConfigKeys (ConfUtils.java:logGet(46)) - raft.server.threadpool.server.cached = true (default)
2024-02-27 21:40:19,707 [e0fc16c3-8785-492f-95e3-5d2aafd0cf3f-groupManagement] INFO  server.RaftServerConfigKeys (ConfUtils.java:logGet(46)) - raft.server.threadpool.server.size = 0 (default)
2024-02-27 21:40:19,707 [e0fc16c3-8785-492f-95e3-5d2aafd0cf3f-groupManagement] INFO  server.RaftServerConfigKeys (ConfUtils.java:logGet(46)) - raft.server.threadpool.client.cached = true (default)
2024-02-27 21:40:19,707 [e0fc16c3-8785-492f-95e3-5d2aafd0cf3f-groupManagement] INFO  server.RaftServerConfigKeys (ConfUtils.java:logGet(46)) - raft.server.threadpool.client.size = 0 (default)
2024-02-27 21:40:19,708 [e0fc16c3-8785-492f-95e3-5d2aafd0cf3f-groupManagement] INFO  server.RaftServerConfigKeys (ConfUtils.java:logGet(46)) - raft.server.storage.free-space.min = 0MB (=0) (default)
2024-02-27 21:40:19,708 [e0fc16c3-8785-492f-95e3-5d2aafd0cf3f-groupManagement] INFO  server.RaftServerConfigKeys (ConfUtils.java:logGet(46)) - raft.server.log.corruption.policy = EXCEPTION (default)
2024-02-27 21:40:19,708 [e0fc16c3-8785-492f-95e3-5d2aafd0cf3f-groupManagement] INFO  server.RaftServerConfigKeys (ConfUtils.java:logGet(46)) - raft.server.storage.dir = [/home/runner/work/ozone/ozone/hadoop-ozone/integration-test/target/test-dir/MiniOzoneClusterImpl-6e3a073c-9bdc-4deb-8550-ef77f821b5e4/ozone-meta/datanode-1/ratis] (custom)
2024-02-27 21:40:19,708 [e0fc16c3-8785-492f-95e3-5d2aafd0cf3f-groupManagement] INFO  storage.RaftStorageDirectory (RaftStorageDirectoryImpl.java:analyzeStorage(138)) - The storage directory /home/runner/work/ozone/ozone/hadoop-ozone/integration-test/target/test-dir/MiniOzoneClusterImpl-6e3a073c-9bdc-4deb-8550-ef77f821b5e4/ozone-meta/datanode-1/ratis/40b00379-c44c-4895-a69a-a6616489c41e does not exist. Creating ...
2024-02-27 21:40:19,710 [e0fc16c3-8785-492f-95e3-5d2aafd0cf3f-groupManagement] INFO  storage.RaftStorageDirectory (RaftStorageDirectoryImpl.java:tryLock(228)) - Lock on /home/runner/work/ozone/ozone/hadoop-ozone/integration-test/target/test-dir/MiniOzoneClusterImpl-6e3a073c-9bdc-4deb-8550-ef77f821b5e4/ozone-meta/datanode-1/ratis/40b00379-c44c-4895-a69a-a6616489c41e/in_use.lock acquired by nodename 32143@fv-az531-651
2024-02-27 21:40:19,711 [e0fc16c3-8785-492f-95e3-5d2aafd0cf3f-groupManagement] INFO  storage.RaftStorage (RaftStorageImpl.java:format(99)) - Storage directory /home/runner/work/ozone/ozone/hadoop-ozone/integration-test/target/test-dir/MiniOzoneClusterImpl-6e3a073c-9bdc-4deb-8550-ef77f821b5e4/ozone-meta/datanode-1/ratis/40b00379-c44c-4895-a69a-a6616489c41e has been successfully formatted.
2024-02-27 21:40:19,711 [e0fc16c3-8785-492f-95e3-5d2aafd0cf3f-groupManagement] WARN  util.FileUtils (LogUtils.java:supplyAndLog(63)) - Failed to Files.newInputStream /home/runner/work/ozone/ozone/hadoop-ozone/integration-test/target/test-dir/MiniOzoneClusterImpl-6e3a073c-9bdc-4deb-8550-ef77f821b5e4/ozone-meta/datanode-1/ratis/40b00379-c44c-4895-a69a-a6616489c41e/current/raft-meta.conf with options []: java.nio.file.NoSuchFileException: /home/runner/work/ozone/ozone/hadoop-ozone/integration-test/target/test-dir/MiniOzoneClusterImpl-6e3a073c-9bdc-4deb-8550-ef77f821b5e4/ozone-meta/datanode-1/ratis/40b00379-c44c-4895-a69a-a6616489c41e/current/raft-meta.conf
2024-02-27 21:40:19,712 [e0fc16c3-8785-492f-95e3-5d2aafd0cf3f-groupManagement] INFO  ratis.ContainerStateMachine (ContainerStateMachine.java:loadSnapshot(287)) - group-A6616489C41E: The snapshot info is null. Setting the last applied index to:(t:0, i:~)
2024-02-27 21:40:19,712 [e0fc16c3-8785-492f-95e3-5d2aafd0cf3f-groupManagement] INFO  server.RaftServerConfigKeys (ConfUtils.java:logGet(46)) - raft.server.log.use.memory = false (default)
2024-02-27 21:40:19,712 [e0fc16c3-8785-492f-95e3-5d2aafd0cf3f-groupManagement] INFO  server.RaftServerConfigKeys (ConfUtils.java:logGet(46)) - raft.server.log.purge.gap = 1000000 (custom)
2024-02-27 21:40:19,712 [e0fc16c3-8785-492f-95e3-5d2aafd0cf3f-groupManagement] INFO  server.RaftServerConfigKeys (ConfUtils.java:logGet(46)) - raft.server.log.appender.buffer.byte-limit = 8388608 (custom)
2024-02-27 21:40:19,712 [e0fc16c3-8785-492f-95e3-5d2aafd0cf3f-groupManagement] INFO  server.RaftServerConfigKeys (ConfUtils.java:logGet(46)) - raft.server.log.statemachine.data.read.timeout = 1000ms (default)
2024-02-27 21:40:19,712 [e0fc16c3-8785-492f-95e3-5d2aafd0cf3f-groupManagement] INFO  server.RaftServerConfigKeys (ConfUtils.java:logGet(46)) - raft.server.log.purge.preservation.log.num = 0 (default)
2024-02-27 21:40:19,713 [e0fc16c3-8785-492f-95e3-5d2aafd0cf3f-groupManagement] INFO  server.RaftServerConfigKeys (ConfUtils.java:logGet(46)) - raft.server.log.segment.size.max = 67108864 (custom)
2024-02-27 21:40:19,714 [e0fc16c3-8785-492f-95e3-5d2aafd0cf3f-groupManagement] INFO  server.RaftServerConfigKeys (ConfUtils.java:logGet(46)) - raft.server.log.segment.cache.num.max = 2 (custom)
2024-02-27 21:40:19,714 [e0fc16c3-8785-492f-95e3-5d2aafd0cf3f-groupManagement] INFO  server.RaftServerConfigKeys (ConfUtils.java:logGet(46)) - raft.server.log.segment.cache.size.max = 200MB (=209715200) (default)
2024-02-27 21:40:19,714 [e0fc16c3-8785-492f-95e3-5d2aafd0cf3f-groupManagement] INFO  server.RaftServerConfigKeys (ConfUtils.java:logGet(46)) - raft.server.log.appender.buffer.byte-limit = 8388608 (custom)
2024-02-27 21:40:19,722 [e0fc16c3-8785-492f-95e3-5d2aafd0cf3f-groupManagement] INFO  util.AwaitToRun (AwaitToRun.java:start(81)) - Thread[e0fc16c3-8785-492f-95e3-5d2aafd0cf3f@group-A6616489C41E-cacheEviction-AwaitToRun,5,main] started
2024-02-27 21:40:19,722 [e0fc16c3-8785-492f-95e3-5d2aafd0cf3f-groupManagement] INFO  segmented.SegmentedRaftLogWorker (SegmentedRaftLogWorker.java:<init>(182)) - new e0fc16c3-8785-492f-95e3-5d2aafd0cf3f@group-A6616489C41E-SegmentedRaftLogWorker for RaftStorageImpl:Storage Directory /home/runner/work/ozone/ozone/hadoop-ozone/integration-test/target/test-dir/MiniOzoneClusterImpl-6e3a073c-9bdc-4deb-8550-ef77f821b5e4/ozone-meta/datanode-1/ratis/40b00379-c44c-4895-a69a-a6616489c41e
2024-02-27 21:40:19,722 [e0fc16c3-8785-492f-95e3-5d2aafd0cf3f-groupManagement] INFO  server.RaftServerConfigKeys (ConfUtils.java:logGet(46)) - raft.server.log.queue.byte-limit = 4294967296 (custom)
2024-02-27 21:40:19,722 [e0fc16c3-8785-492f-95e3-5d2aafd0cf3f-groupManagement] INFO  server.RaftServerConfigKeys (ConfUtils.java:logGet(46)) - raft.server.log.queue.element-limit = 1024 (custom)
2024-02-27 21:40:19,722 [e0fc16c3-8785-492f-95e3-5d2aafd0cf3f-groupManagement] INFO  server.RaftServerConfigKeys (ConfUtils.java:logGet(46)) - raft.server.log.segment.size.max = 67108864 (custom)
2024-02-27 21:40:19,722 [e0fc16c3-8785-492f-95e3-5d2aafd0cf3f-groupManagement] INFO  server.RaftServerConfigKeys (ConfUtils.java:logGet(46)) - raft.server.log.preallocated.size = 4194304 (custom)
2024-02-27 21:40:19,722 [e0fc16c3-8785-492f-95e3-5d2aafd0cf3f-groupManagement] INFO  server.RaftServerConfigKeys (ConfUtils.java:logGet(46)) - raft.server.log.force.sync.num = 128 (default)
2024-02-27 21:40:19,722 [e0fc16c3-8785-492f-95e3-5d2aafd0cf3f-groupManagement] INFO  server.RaftServerConfigKeys (ConfUtils.java:logGet(46)) - raft.server.log.statemachine.data.sync = true (default)
2024-02-27 21:40:19,722 [e0fc16c3-8785-492f-95e3-5d2aafd0cf3f-groupManagement] INFO  server.RaftServerConfigKeys (ConfUtils.java:logGet(46)) - raft.server.log.statemachine.data.sync.timeout = 10s (default)
2024-02-27 21:40:19,723 [e0fc16c3-8785-492f-95e3-5d2aafd0cf3f-groupManagement] INFO  server.RaftServerConfigKeys (ConfUtils.java:logGet(46)) - raft.server.log.statemachine.data.sync.timeout.retry = 0 (custom)
2024-02-27 21:40:19,723 [e0fc16c3-8785-492f-95e3-5d2aafd0cf3f-groupManagement] INFO  server.RaftServerConfigKeys (ConfUtils.java:logGet(46)) - raft.server.log.write.buffer.size = 8388616 (custom)
2024-02-27 21:40:19,724 [e0fc16c3-8785-492f-95e3-5d2aafd0cf3f-groupManagement] INFO  server.RaftServerConfigKeys (ConfUtils.java:logGet(46)) - raft.server.log.appender.buffer.byte-limit = 8388608 (custom)
2024-02-27 21:40:19,724 [e0fc16c3-8785-492f-95e3-5d2aafd0cf3f-groupManagement] INFO  server.RaftServerConfigKeys (ConfUtils.java:logGet(46)) - raft.server.log.unsafe-flush.enabled = false (default)
2024-02-27 21:40:19,724 [e0fc16c3-8785-492f-95e3-5d2aafd0cf3f-groupManagement] INFO  server.RaftServerConfigKeys (ConfUtils.java:logGet(46)) - raft.server.log.async-flush.enabled = false (default)
2024-02-27 21:40:19,724 [e0fc16c3-8785-492f-95e3-5d2aafd0cf3f-groupManagement] INFO  server.RaftServerConfigKeys (ConfUtils.java:logGet(46)) - raft.server.log.statemachine.data.caching.enabled = true (custom)
2024-02-27 21:40:19,725 [e0fc16c3-8785-492f-95e3-5d2aafd0cf3f-groupManagement] INFO  segmented.SegmentedRaftLogWorker (SegmentedRaftLogWorker.java:lambda$new$0(134)) - e0fc16c3-8785-492f-95e3-5d2aafd0cf3f@group-A6616489C41E-SegmentedRaftLogWorker: flushIndex: setUnconditionally 0 -> -1
2024-02-27 21:40:19,725 [e0fc16c3-8785-492f-95e3-5d2aafd0cf3f-groupManagement] INFO  segmented.SegmentedRaftLogWorker (SegmentedRaftLogWorker.java:lambda$new$0(134)) - e0fc16c3-8785-492f-95e3-5d2aafd0cf3f@group-A6616489C41E-SegmentedRaftLogWorker: safeCacheEvictIndex: setUnconditionally 0 -> -1
2024-02-27 21:40:19,726 [e0fc16c3-8785-492f-95e3-5d2aafd0cf3f-groupManagement] INFO  server.RaftServer$Division (RaftServerImpl.java:start(396)) - e0fc16c3-8785-492f-95e3-5d2aafd0cf3f@group-A6616489C41E: start as a follower, conf=-1: peers:[a4a9caa5-f98a-4b6d-87b4-17f7eca85f0e|10.1.0.18:15120, e0fc16c3-8785-492f-95e3-5d2aafd0cf3f|10.1.0.18:15111, acd5b146-ec22-4575-ab5b-633d0d82c7a3|10.1.0.18:15147]|listeners:[], old=null
2024-02-27 21:40:19,726 [e0fc16c3-8785-492f-95e3-5d2aafd0cf3f-groupManagement] INFO  server.RaftServer$Division (RaftServerImpl.java:setRole(383)) - e0fc16c3-8785-492f-95e3-5d2aafd0cf3f@group-A6616489C41E: changes role from      null to FOLLOWER at term 0 for startAsFollower
2024-02-27 21:40:19,726 [e0fc16c3-8785-492f-95e3-5d2aafd0cf3f-groupManagement] INFO  impl.RoleInfo (RoleInfo.java:updateAndGet(139)) - e0fc16c3-8785-492f-95e3-5d2aafd0cf3f: start e0fc16c3-8785-492f-95e3-5d2aafd0cf3f@group-A6616489C41E-FollowerState
2024-02-27 21:40:19,730 [e0fc16c3-8785-492f-95e3-5d2aafd0cf3f-groupManagement] INFO  util.JmxRegister (JmxRegister.java:tryRegister(44)) - Successfully registered JMX Bean with object name Ratis:service=RaftServer,group=group-A6616489C41E,id=e0fc16c3-8785-492f-95e3-5d2aafd0cf3f
2024-02-27 21:40:19,730 [e0fc16c3-8785-492f-95e3-5d2aafd0cf3f-groupManagement] INFO  server.RaftServerConfigKeys (ConfUtils.java:logGet(46)) - raft.server.snapshot.trigger-when-stop.enabled = true (default)
2024-02-27 21:40:19,730 [e0fc16c3-8785-492f-95e3-5d2aafd0cf3f-groupManagement] INFO  server.RaftServerConfigKeys (ConfUtils.java:logGet(46)) - raft.server.snapshot.auto.trigger.enabled = true (custom)
2024-02-27 21:40:19,730 [e0fc16c3-8785-492f-95e3-5d2aafd0cf3f-groupManagement] INFO  server.RaftServerConfigKeys (ConfUtils.java:logGet(46)) - raft.server.snapshot.auto.trigger.threshold = 10000 (custom)
2024-02-27 21:40:19,730 [e0fc16c3-8785-492f-95e3-5d2aafd0cf3f-groupManagement] INFO  server.RaftServerConfigKeys (ConfUtils.java:logGet(46)) - raft.server.snapshot.retention.file.num = 5 (custom)
2024-02-27 21:40:19,730 [e0fc16c3-8785-492f-95e3-5d2aafd0cf3f-groupManagement] INFO  server.RaftServerConfigKeys (ConfUtils.java:logGet(46)) - raft.server.log.purge.upto.snapshot.index = false (default)
2024-02-27 21:40:19,730 [e0fc16c3-8785-492f-95e3-5d2aafd0cf3f@group-A6616489C41E-FollowerState] INFO  server.RaftServerConfigKeys (ConfUtils.java:logFallback(53)) - raft.server.rpc.first-election.timeout.min = 5s (fallback to raft.server.rpc.timeout.min)
2024-02-27 21:40:19,731 [e0fc16c3-8785-492f-95e3-5d2aafd0cf3f@group-A6616489C41E-FollowerState] INFO  server.RaftServerConfigKeys (ConfUtils.java:logFallback(53)) - raft.server.rpc.first-election.timeout.max = 5200ms (fallback to raft.server.rpc.timeout.max)
2024-02-27 21:40:19,756 [grpc-default-executor-2] INFO  server.RaftServer (RaftServerProxy.java:addNew(100)) - acd5b146-ec22-4575-ab5b-633d0d82c7a3: addNew group-A6616489C41E:[a4a9caa5-f98a-4b6d-87b4-17f7eca85f0e|10.1.0.18:15120, e0fc16c3-8785-492f-95e3-5d2aafd0cf3f|10.1.0.18:15111, acd5b146-ec22-4575-ab5b-633d0d82c7a3|10.1.0.18:15147] returns group-A6616489C41E:java.util.concurrent.CompletableFuture@520cecf2[Not completed]
2024-02-27 21:40:19,757 [acd5b146-ec22-4575-ab5b-633d0d82c7a3-groupManagement] INFO  server.RaftServer$Division (RaftServerImpl.java:<init>(256)) - acd5b146-ec22-4575-ab5b-633d0d82c7a3: new RaftServerImpl for group-A6616489C41E:[a4a9caa5-f98a-4b6d-87b4-17f7eca85f0e|10.1.0.18:15120, e0fc16c3-8785-492f-95e3-5d2aafd0cf3f|10.1.0.18:15111, acd5b146-ec22-4575-ab5b-633d0d82c7a3|10.1.0.18:15147] with ContainerStateMachine:uninitialized
2024-02-27 21:40:19,757 [acd5b146-ec22-4575-ab5b-633d0d82c7a3-groupManagement] INFO  server.RaftServerConfigKeys (ConfUtils.java:logGet(46)) - raft.server.rpc.timeout.min = 5s (custom)
2024-02-27 21:40:19,757 [acd5b146-ec22-4575-ab5b-633d0d82c7a3-groupManagement] INFO  server.RaftServerConfigKeys (ConfUtils.java:logGet(46)) - raft.server.rpc.timeout.max = 5200ms (custom)
2024-02-27 21:40:19,757 [acd5b146-ec22-4575-ab5b-633d0d82c7a3-groupManagement] INFO  server.RaftServerConfigKeys (ConfUtils.java:logGet(46)) - raft.server.rpc.sleep.time = 25ms (default)
2024-02-27 21:40:19,757 [acd5b146-ec22-4575-ab5b-633d0d82c7a3-groupManagement] INFO  server.RaftServerConfigKeys (ConfUtils.java:logGet(46)) - raft.server.rpc.slowness.timeout = 300s (custom)
2024-02-27 21:40:19,757 [acd5b146-ec22-4575-ab5b-633d0d82c7a3-groupManagement] INFO  server.RaftServerConfigKeys (ConfUtils.java:logGet(46)) - raft.server.leaderelection.leader.step-down.wait-time = 10s (default)
2024-02-27 21:40:19,758 [acd5b146-ec22-4575-ab5b-633d0d82c7a3-groupManagement] INFO  server.RaftServerConfigKeys (ConfUtils.java:logGet(46)) - raft.server.leaderelection.member.majority-add = false (default)
2024-02-27 21:40:19,758 [acd5b146-ec22-4575-ab5b-633d0d82c7a3-groupManagement] INFO  server.RaftServerConfigKeys (ConfUtils.java:logGet(46)) - raft.server.sleep.deviation.threshold = 300ms (default)
2024-02-27 21:40:19,758 [acd5b146-ec22-4575-ab5b-633d0d82c7a3-groupManagement] INFO  server.RaftServer$Division (ServerState.java:<init>(113)) - acd5b146-ec22-4575-ab5b-633d0d82c7a3@group-A6616489C41E: ConfigurationManager, init=-1: peers:[a4a9caa5-f98a-4b6d-87b4-17f7eca85f0e|10.1.0.18:15120, e0fc16c3-8785-492f-95e3-5d2aafd0cf3f|10.1.0.18:15111, acd5b146-ec22-4575-ab5b-633d0d82c7a3|10.1.0.18:15147]|listeners:[], old=null, confs=<EMPTY_MAP>
2024-02-27 21:40:19,758 [acd5b146-ec22-4575-ab5b-633d0d82c7a3-groupManagement] INFO  server.RaftServerConfigKeys (ConfUtils.java:logGet(46)) - raft.server.notification.no-leader.timeout = 300s (custom)
2024-02-27 21:40:19,758 [acd5b146-ec22-4575-ab5b-633d0d82c7a3-groupManagement] INFO  server.RaftServerConfigKeys (ConfUtils.java:logGet(46)) - raft.server.read.timeout = 10s (default)
2024-02-27 21:40:19,758 [acd5b146-ec22-4575-ab5b-633d0d82c7a3-groupManagement] INFO  server.RaftServerConfigKeys (ConfUtils.java:logGet(46)) - raft.server.retrycache.expirytime = 600000ms (custom)
2024-02-27 21:40:19,758 [acd5b146-ec22-4575-ab5b-633d0d82c7a3-groupManagement] INFO  server.RaftServerConfigKeys (ConfUtils.java:logGet(46)) - raft.server.retrycache.statistics.expirytime = 100ms (default)
2024-02-27 21:40:19,758 [acd5b146-ec22-4575-ab5b-633d0d82c7a3-groupManagement] INFO  server.RaftServerConfigKeys (ConfUtils.java:logGet(46)) - raft.server.read.option = DEFAULT (default)
2024-02-27 21:40:19,758 [acd5b146-ec22-4575-ab5b-633d0d82c7a3-groupManagement] INFO  server.RaftServerConfigKeys (ConfUtils.java:logGet(46)) - raft.server.read.read-after-write-consistent.write-index-cache.expiry-time = 60s (default)
2024-02-27 21:40:19,760 [acd5b146-ec22-4575-ab5b-633d0d82c7a3-groupManagement] INFO  server.RaftServerConfigKeys (ConfUtils.java:logGet(46)) - raft.server.rpc.request.timeout = 60s (custom)
2024-02-27 21:40:19,760 [acd5b146-ec22-4575-ab5b-633d0d82c7a3-groupManagement] INFO  server.RaftServerConfigKeys (ConfUtils.java:logGet(46)) - raft.server.log.appender.install.snapshot.enabled = false (custom)
2024-02-27 21:40:19,760 [acd5b146-ec22-4575-ab5b-633d0d82c7a3-groupManagement] INFO  server.RaftServerConfigKeys (ConfUtils.java:logGet(46)) - raft.server.threadpool.server.cached = true (default)
2024-02-27 21:40:19,760 [acd5b146-ec22-4575-ab5b-633d0d82c7a3-groupManagement] INFO  server.RaftServerConfigKeys (ConfUtils.java:logGet(46)) - raft.server.threadpool.server.size = 0 (default)
2024-02-27 21:40:19,760 [acd5b146-ec22-4575-ab5b-633d0d82c7a3-groupManagement] INFO  server.RaftServerConfigKeys (ConfUtils.java:logGet(46)) - raft.server.threadpool.client.cached = true (default)
2024-02-27 21:40:19,760 [acd5b146-ec22-4575-ab5b-633d0d82c7a3-groupManagement] INFO  server.RaftServerConfigKeys (ConfUtils.java:logGet(46)) - raft.server.threadpool.client.size = 0 (default)
2024-02-27 21:40:19,760 [acd5b146-ec22-4575-ab5b-633d0d82c7a3-groupManagement] INFO  server.RaftServerConfigKeys (ConfUtils.java:logGet(46)) - raft.server.storage.free-space.min = 0MB (=0) (default)
2024-02-27 21:40:19,761 [acd5b146-ec22-4575-ab5b-633d0d82c7a3-groupManagement] INFO  server.RaftServerConfigKeys (ConfUtils.java:logGet(46)) - raft.server.log.corruption.policy = EXCEPTION (default)
2024-02-27 21:40:19,761 [acd5b146-ec22-4575-ab5b-633d0d82c7a3-groupManagement] INFO  server.RaftServerConfigKeys (ConfUtils.java:logGet(46)) - raft.server.storage.dir = [/home/runner/work/ozone/ozone/hadoop-ozone/integration-test/target/test-dir/MiniOzoneClusterImpl-6e3a073c-9bdc-4deb-8550-ef77f821b5e4/ozone-meta/datanode-5/ratis] (custom)
2024-02-27 21:40:19,761 [acd5b146-ec22-4575-ab5b-633d0d82c7a3-groupManagement] INFO  storage.RaftStorageDirectory (RaftStorageDirectoryImpl.java:analyzeStorage(138)) - The storage directory /home/runner/work/ozone/ozone/hadoop-ozone/integration-test/target/test-dir/MiniOzoneClusterImpl-6e3a073c-9bdc-4deb-8550-ef77f821b5e4/ozone-meta/datanode-5/ratis/40b00379-c44c-4895-a69a-a6616489c41e does not exist. Creating ...
2024-02-27 21:40:19,762 [acd5b146-ec22-4575-ab5b-633d0d82c7a3-groupManagement] INFO  storage.RaftStorageDirectory (RaftStorageDirectoryImpl.java:tryLock(228)) - Lock on /home/runner/work/ozone/ozone/hadoop-ozone/integration-test/target/test-dir/MiniOzoneClusterImpl-6e3a073c-9bdc-4deb-8550-ef77f821b5e4/ozone-meta/datanode-5/ratis/40b00379-c44c-4895-a69a-a6616489c41e/in_use.lock acquired by nodename 32143@fv-az531-651
2024-02-27 21:40:19,763 [acd5b146-ec22-4575-ab5b-633d0d82c7a3-groupManagement] INFO  storage.RaftStorage (RaftStorageImpl.java:format(99)) - Storage directory /home/runner/work/ozone/ozone/hadoop-ozone/integration-test/target/test-dir/MiniOzoneClusterImpl-6e3a073c-9bdc-4deb-8550-ef77f821b5e4/ozone-meta/datanode-5/ratis/40b00379-c44c-4895-a69a-a6616489c41e has been successfully formatted.
2024-02-27 21:40:19,763 [acd5b146-ec22-4575-ab5b-633d0d82c7a3-groupManagement] WARN  util.FileUtils (LogUtils.java:supplyAndLog(63)) - Failed to Files.newInputStream /home/runner/work/ozone/ozone/hadoop-ozone/integration-test/target/test-dir/MiniOzoneClusterImpl-6e3a073c-9bdc-4deb-8550-ef77f821b5e4/ozone-meta/datanode-5/ratis/40b00379-c44c-4895-a69a-a6616489c41e/current/raft-meta.conf with options []: java.nio.file.NoSuchFileException: /home/runner/work/ozone/ozone/hadoop-ozone/integration-test/target/test-dir/MiniOzoneClusterImpl-6e3a073c-9bdc-4deb-8550-ef77f821b5e4/ozone-meta/datanode-5/ratis/40b00379-c44c-4895-a69a-a6616489c41e/current/raft-meta.conf
2024-02-27 21:40:19,763 [acd5b146-ec22-4575-ab5b-633d0d82c7a3-groupManagement] INFO  ratis.ContainerStateMachine (ContainerStateMachine.java:loadSnapshot(287)) - group-A6616489C41E: The snapshot info is null. Setting the last applied index to:(t:0, i:~)
2024-02-27 21:40:19,764 [acd5b146-ec22-4575-ab5b-633d0d82c7a3-groupManagement] INFO  server.RaftServerConfigKeys (ConfUtils.java:logGet(46)) - raft.server.log.use.memory = false (default)
2024-02-27 21:40:19,764 [acd5b146-ec22-4575-ab5b-633d0d82c7a3-groupManagement] INFO  server.RaftServerConfigKeys (ConfUtils.java:logGet(46)) - raft.server.log.purge.gap = 1000000 (custom)
2024-02-27 21:40:19,764 [acd5b146-ec22-4575-ab5b-633d0d82c7a3-groupManagement] INFO  server.RaftServerConfigKeys (ConfUtils.java:logGet(46)) - raft.server.log.appender.buffer.byte-limit = 8388608 (custom)
2024-02-27 21:40:19,764 [acd5b146-ec22-4575-ab5b-633d0d82c7a3-groupManagement] INFO  server.RaftServerConfigKeys (ConfUtils.java:logGet(46)) - raft.server.log.statemachine.data.read.timeout = 1000ms (default)
2024-02-27 21:40:19,764 [acd5b146-ec22-4575-ab5b-633d0d82c7a3-groupManagement] INFO  server.RaftServerConfigKeys (ConfUtils.java:logGet(46)) - raft.server.log.purge.preservation.log.num = 0 (default)
2024-02-27 21:40:19,765 [acd5b146-ec22-4575-ab5b-633d0d82c7a3-groupManagement] INFO  server.RaftServerConfigKeys (ConfUtils.java:logGet(46)) - raft.server.log.segment.size.max = 67108864 (custom)
2024-02-27 21:40:19,765 [acd5b146-ec22-4575-ab5b-633d0d82c7a3-groupManagement] INFO  server.RaftServerConfigKeys (ConfUtils.java:logGet(46)) - raft.server.log.segment.cache.num.max = 2 (custom)
2024-02-27 21:40:19,765 [acd5b146-ec22-4575-ab5b-633d0d82c7a3-groupManagement] INFO  server.RaftServerConfigKeys (ConfUtils.java:logGet(46)) - raft.server.log.segment.cache.size.max = 200MB (=209715200) (default)
2024-02-27 21:40:19,765 [acd5b146-ec22-4575-ab5b-633d0d82c7a3-groupManagement] INFO  server.RaftServerConfigKeys (ConfUtils.java:logGet(46)) - raft.server.log.appender.buffer.byte-limit = 8388608 (custom)
2024-02-27 21:40:19,766 [acd5b146-ec22-4575-ab5b-633d0d82c7a3-groupManagement] INFO  util.AwaitToRun (AwaitToRun.java:start(81)) - Thread[acd5b146-ec22-4575-ab5b-633d0d82c7a3@group-A6616489C41E-cacheEviction-AwaitToRun,5,main] started
2024-02-27 21:40:19,766 [acd5b146-ec22-4575-ab5b-633d0d82c7a3-groupManagement] INFO  segmented.SegmentedRaftLogWorker (SegmentedRaftLogWorker.java:<init>(182)) - new acd5b146-ec22-4575-ab5b-633d0d82c7a3@group-A6616489C41E-SegmentedRaftLogWorker for RaftStorageImpl:Storage Directory /home/runner/work/ozone/ozone/hadoop-ozone/integration-test/target/test-dir/MiniOzoneClusterImpl-6e3a073c-9bdc-4deb-8550-ef77f821b5e4/ozone-meta/datanode-5/ratis/40b00379-c44c-4895-a69a-a6616489c41e
2024-02-27 21:40:19,766 [acd5b146-ec22-4575-ab5b-633d0d82c7a3-groupManagement] INFO  server.RaftServerConfigKeys (ConfUtils.java:logGet(46)) - raft.server.log.queue.byte-limit = 4294967296 (custom)
2024-02-27 21:40:19,766 [acd5b146-ec22-4575-ab5b-633d0d82c7a3-groupManagement] INFO  server.RaftServerConfigKeys (ConfUtils.java:logGet(46)) - raft.server.log.queue.element-limit = 1024 (custom)
2024-02-27 21:40:19,766 [acd5b146-ec22-4575-ab5b-633d0d82c7a3-groupManagement] INFO  server.RaftServerConfigKeys (ConfUtils.java:logGet(46)) - raft.server.log.segment.size.max = 67108864 (custom)
2024-02-27 21:40:19,766 [acd5b146-ec22-4575-ab5b-633d0d82c7a3-groupManagement] INFO  server.RaftServerConfigKeys (ConfUtils.java:logGet(46)) - raft.server.log.preallocated.size = 4194304 (custom)
2024-02-27 21:40:19,766 [acd5b146-ec22-4575-ab5b-633d0d82c7a3-groupManagement] INFO  server.RaftServerConfigKeys (ConfUtils.java:logGet(46)) - raft.server.log.force.sync.num = 128 (default)
2024-02-27 21:40:19,766 [acd5b146-ec22-4575-ab5b-633d0d82c7a3-groupManagement] INFO  server.RaftServerConfigKeys (ConfUtils.java:logGet(46)) - raft.server.log.statemachine.data.sync = true (default)
2024-02-27 21:40:19,767 [acd5b146-ec22-4575-ab5b-633d0d82c7a3-groupManagement] INFO  server.RaftServerConfigKeys (ConfUtils.java:logGet(46)) - raft.server.log.statemachine.data.sync.timeout = 10s (default)
2024-02-27 21:40:19,767 [acd5b146-ec22-4575-ab5b-633d0d82c7a3-groupManagement] INFO  server.RaftServerConfigKeys (ConfUtils.java:logGet(46)) - raft.server.log.statemachine.data.sync.timeout.retry = 0 (custom)
2024-02-27 21:40:19,767 [acd5b146-ec22-4575-ab5b-633d0d82c7a3-groupManagement] INFO  server.RaftServerConfigKeys (ConfUtils.java:logGet(46)) - raft.server.log.write.buffer.size = 8388616 (custom)
2024-02-27 21:40:19,768 [acd5b146-ec22-4575-ab5b-633d0d82c7a3-groupManagement] INFO  server.RaftServerConfigKeys (ConfUtils.java:logGet(46)) - raft.server.log.appender.buffer.byte-limit = 8388608 (custom)
2024-02-27 21:40:19,768 [acd5b146-ec22-4575-ab5b-633d0d82c7a3-groupManagement] INFO  server.RaftServerConfigKeys (ConfUtils.java:logGet(46)) - raft.server.log.unsafe-flush.enabled = false (default)
2024-02-27 21:40:19,768 [acd5b146-ec22-4575-ab5b-633d0d82c7a3-groupManagement] INFO  server.RaftServerConfigKeys (ConfUtils.java:logGet(46)) - raft.server.log.async-flush.enabled = false (default)
2024-02-27 21:40:19,768 [acd5b146-ec22-4575-ab5b-633d0d82c7a3-groupManagement] INFO  server.RaftServerConfigKeys (ConfUtils.java:logGet(46)) - raft.server.log.statemachine.data.caching.enabled = true (custom)
2024-02-27 21:40:19,768 [acd5b146-ec22-4575-ab5b-633d0d82c7a3-groupManagement] INFO  segmented.SegmentedRaftLogWorker (SegmentedRaftLogWorker.java:lambda$new$0(134)) - acd5b146-ec22-4575-ab5b-633d0d82c7a3@group-A6616489C41E-SegmentedRaftLogWorker: flushIndex: setUnconditionally 0 -> -1
2024-02-27 21:40:19,768 [acd5b146-ec22-4575-ab5b-633d0d82c7a3-groupManagement] INFO  segmented.SegmentedRaftLogWorker (SegmentedRaftLogWorker.java:lambda$new$0(134)) - acd5b146-ec22-4575-ab5b-633d0d82c7a3@group-A6616489C41E-SegmentedRaftLogWorker: safeCacheEvictIndex: setUnconditionally 0 -> -1
2024-02-27 21:40:19,768 [acd5b146-ec22-4575-ab5b-633d0d82c7a3-groupManagement] INFO  server.RaftServer$Division (RaftServerImpl.java:start(396)) - acd5b146-ec22-4575-ab5b-633d0d82c7a3@group-A6616489C41E: start as a follower, conf=-1: peers:[a4a9caa5-f98a-4b6d-87b4-17f7eca85f0e|10.1.0.18:15120, e0fc16c3-8785-492f-95e3-5d2aafd0cf3f|10.1.0.18:15111, acd5b146-ec22-4575-ab5b-633d0d82c7a3|10.1.0.18:15147]|listeners:[], old=null
2024-02-27 21:40:19,768 [acd5b146-ec22-4575-ab5b-633d0d82c7a3-groupManagement] INFO  server.RaftServer$Division (RaftServerImpl.java:setRole(383)) - acd5b146-ec22-4575-ab5b-633d0d82c7a3@group-A6616489C41E: changes role from      null to FOLLOWER at term 0 for startAsFollower
2024-02-27 21:40:19,769 [acd5b146-ec22-4575-ab5b-633d0d82c7a3-groupManagement] INFO  impl.RoleInfo (RoleInfo.java:updateAndGet(139)) - acd5b146-ec22-4575-ab5b-633d0d82c7a3: start acd5b146-ec22-4575-ab5b-633d0d82c7a3@group-A6616489C41E-FollowerState
2024-02-27 21:40:19,769 [acd5b146-ec22-4575-ab5b-633d0d82c7a3@group-A6616489C41E-FollowerState] INFO  server.RaftServerConfigKeys (ConfUtils.java:logFallback(53)) - raft.server.rpc.first-election.timeout.min = 5s (fallback to raft.server.rpc.timeout.min)
2024-02-27 21:40:19,769 [acd5b146-ec22-4575-ab5b-633d0d82c7a3-groupManagement] INFO  util.JmxRegister (JmxRegister.java:tryRegister(44)) - Successfully registered JMX Bean with object name Ratis:service=RaftServer,group=group-A6616489C41E,id=acd5b146-ec22-4575-ab5b-633d0d82c7a3
2024-02-27 21:40:19,769 [acd5b146-ec22-4575-ab5b-633d0d82c7a3@group-A6616489C41E-FollowerState] INFO  server.RaftServerConfigKeys (ConfUtils.java:logFallback(53)) - raft.server.rpc.first-election.timeout.max = 5200ms (fallback to raft.server.rpc.timeout.max)
2024-02-27 21:40:19,769 [acd5b146-ec22-4575-ab5b-633d0d82c7a3-groupManagement] INFO  server.RaftServerConfigKeys (ConfUtils.java:logGet(46)) - raft.server.snapshot.trigger-when-stop.enabled = true (default)
2024-02-27 21:40:19,769 [acd5b146-ec22-4575-ab5b-633d0d82c7a3-groupManagement] INFO  server.RaftServerConfigKeys (ConfUtils.java:logGet(46)) - raft.server.snapshot.auto.trigger.enabled = true (custom)
2024-02-27 21:40:19,769 [acd5b146-ec22-4575-ab5b-633d0d82c7a3-groupManagement] INFO  server.RaftServerConfigKeys (ConfUtils.java:logGet(46)) - raft.server.snapshot.auto.trigger.threshold = 10000 (custom)
2024-02-27 21:40:19,769 [acd5b146-ec22-4575-ab5b-633d0d82c7a3-groupManagement] INFO  server.RaftServerConfigKeys (ConfUtils.java:logGet(46)) - raft.server.snapshot.retention.file.num = 5 (custom)
2024-02-27 21:40:19,769 [acd5b146-ec22-4575-ab5b-633d0d82c7a3-groupManagement] INFO  server.RaftServerConfigKeys (ConfUtils.java:logGet(46)) - raft.server.log.purge.upto.snapshot.index = false (default)
2024-02-27 21:40:19,771 [a4a9caa5-f98a-4b6d-87b4-17f7eca85f0e-PipelineCommandHandlerThread-0] INFO  commandhandler.CreatePipelineCommandHandler (CreatePipelineCommandHandler.java:lambda$handle$2(124)) - Created Pipeline RATIS THREE PipelineID=40b00379-c44c-4895-a69a-a6616489c41e.
2024-02-27 21:40:19,771 [a4a9caa5-f98a-4b6d-87b4-17f7eca85f0e-PipelineCommandHandlerThread-0] INFO  server.RaftServer (RaftServerProxy.java:addNew(100)) - a4a9caa5-f98a-4b6d-87b4-17f7eca85f0e: addNew group-ED4D28972EF5:[a4a9caa5-f98a-4b6d-87b4-17f7eca85f0e|10.1.0.18:15120, 2da9303e-6724-4504-a4a5-d250e7d22259|10.1.0.18:15156, acd5b146-ec22-4575-ab5b-633d0d82c7a3|10.1.0.18:15147] returns group-ED4D28972EF5:java.util.concurrent.CompletableFuture@4825b0df[Not completed]
2024-02-27 21:40:19,772 [a4a9caa5-f98a-4b6d-87b4-17f7eca85f0e-groupManagement] INFO  server.RaftServer$Division (RaftServerImpl.java:<init>(256)) - a4a9caa5-f98a-4b6d-87b4-17f7eca85f0e: new RaftServerImpl for group-ED4D28972EF5:[a4a9caa5-f98a-4b6d-87b4-17f7eca85f0e|10.1.0.18:15120, 2da9303e-6724-4504-a4a5-d250e7d22259|10.1.0.18:15156, acd5b146-ec22-4575-ab5b-633d0d82c7a3|10.1.0.18:15147] with ContainerStateMachine:uninitialized
2024-02-27 21:40:19,772 [a4a9caa5-f98a-4b6d-87b4-17f7eca85f0e-groupManagement] INFO  server.RaftServerConfigKeys (ConfUtils.java:logGet(46)) - raft.server.rpc.timeout.min = 5s (custom)
2024-02-27 21:40:19,772 [a4a9caa5-f98a-4b6d-87b4-17f7eca85f0e-groupManagement] INFO  server.RaftServerConfigKeys (ConfUtils.java:logGet(46)) - raft.server.rpc.timeout.max = 5200ms (custom)
2024-02-27 21:40:19,772 [a4a9caa5-f98a-4b6d-87b4-17f7eca85f0e-groupManagement] INFO  server.RaftServerConfigKeys (ConfUtils.java:logGet(46)) - raft.server.rpc.sleep.time = 25ms (default)
2024-02-27 21:40:19,772 [a4a9caa5-f98a-4b6d-87b4-17f7eca85f0e-groupManagement] INFO  server.RaftServerConfigKeys (ConfUtils.java:logGet(46)) - raft.server.rpc.slowness.timeout = 300s (custom)
2024-02-27 21:40:19,772 [a4a9caa5-f98a-4b6d-87b4-17f7eca85f0e-groupManagement] INFO  server.RaftServerConfigKeys (ConfUtils.java:logGet(46)) - raft.server.leaderelection.leader.step-down.wait-time = 10s (default)
2024-02-27 21:40:19,772 [a4a9caa5-f98a-4b6d-87b4-17f7eca85f0e-groupManagement] INFO  server.RaftServerConfigKeys (ConfUtils.java:logGet(46)) - raft.server.leaderelection.member.majority-add = false (default)
2024-02-27 21:40:19,772 [a4a9caa5-f98a-4b6d-87b4-17f7eca85f0e-groupManagement] INFO  server.RaftServerConfigKeys (ConfUtils.java:logGet(46)) - raft.server.sleep.deviation.threshold = 300ms (default)
2024-02-27 21:40:19,772 [a4a9caa5-f98a-4b6d-87b4-17f7eca85f0e-groupManagement] INFO  server.RaftServer$Division (ServerState.java:<init>(113)) - a4a9caa5-f98a-4b6d-87b4-17f7eca85f0e@group-ED4D28972EF5: ConfigurationManager, init=-1: peers:[a4a9caa5-f98a-4b6d-87b4-17f7eca85f0e|10.1.0.18:15120, 2da9303e-6724-4504-a4a5-d250e7d22259|10.1.0.18:15156, acd5b146-ec22-4575-ab5b-633d0d82c7a3|10.1.0.18:15147]|listeners:[], old=null, confs=<EMPTY_MAP>
2024-02-27 21:40:19,772 [a4a9caa5-f98a-4b6d-87b4-17f7eca85f0e-groupManagement] INFO  server.RaftServerConfigKeys (ConfUtils.java:logGet(46)) - raft.server.notification.no-leader.timeout = 300s (custom)
2024-02-27 21:40:19,772 [a4a9caa5-f98a-4b6d-87b4-17f7eca85f0e-groupManagement] INFO  server.RaftServerConfigKeys (ConfUtils.java:logGet(46)) - raft.server.read.timeout = 10s (default)
2024-02-27 21:40:19,772 [a4a9caa5-f98a-4b6d-87b4-17f7eca85f0e-groupManagement] INFO  server.RaftServerConfigKeys (ConfUtils.java:logGet(46)) - raft.server.retrycache.expirytime = 600000ms (custom)
2024-02-27 21:40:19,772 [a4a9caa5-f98a-4b6d-87b4-17f7eca85f0e-groupManagement] INFO  server.RaftServerConfigKeys (ConfUtils.java:logGet(46)) - raft.server.retrycache.statistics.expirytime = 100ms (default)
2024-02-27 21:40:19,772 [a4a9caa5-f98a-4b6d-87b4-17f7eca85f0e-groupManagement] INFO  server.RaftServerConfigKeys (ConfUtils.java:logGet(46)) - raft.server.read.option = DEFAULT (default)
2024-02-27 21:40:19,772 [a4a9caa5-f98a-4b6d-87b4-17f7eca85f0e-groupManagement] INFO  server.RaftServerConfigKeys (ConfUtils.java:logGet(46)) - raft.server.read.read-after-write-consistent.write-index-cache.expiry-time = 60s (default)
2024-02-27 21:40:19,773 [a4a9caa5-f98a-4b6d-87b4-17f7eca85f0e-groupManagement] INFO  server.RaftServerConfigKeys (ConfUtils.java:logGet(46)) - raft.server.rpc.request.timeout = 60s (custom)
2024-02-27 21:40:19,773 [a4a9caa5-f98a-4b6d-87b4-17f7eca85f0e-groupManagement] INFO  server.RaftServerConfigKeys (ConfUtils.java:logGet(46)) - raft.server.log.appender.install.snapshot.enabled = false (custom)
2024-02-27 21:40:19,773 [a4a9caa5-f98a-4b6d-87b4-17f7eca85f0e-groupManagement] INFO  server.RaftServerConfigKeys (ConfUtils.java:logGet(46)) - raft.server.threadpool.server.cached = true (default)
2024-02-27 21:40:19,773 [a4a9caa5-f98a-4b6d-87b4-17f7eca85f0e-groupManagement] INFO  server.RaftServerConfigKeys (ConfUtils.java:logGet(46)) - raft.server.threadpool.server.size = 0 (default)
2024-02-27 21:40:19,773 [a4a9caa5-f98a-4b6d-87b4-17f7eca85f0e-groupManagement] INFO  server.RaftServerConfigKeys (ConfUtils.java:logGet(46)) - raft.server.threadpool.client.cached = true (default)
2024-02-27 21:40:19,773 [a4a9caa5-f98a-4b6d-87b4-17f7eca85f0e-groupManagement] INFO  server.RaftServerConfigKeys (ConfUtils.java:logGet(46)) - raft.server.threadpool.client.size = 0 (default)
2024-02-27 21:40:19,773 [a4a9caa5-f98a-4b6d-87b4-17f7eca85f0e-groupManagement] INFO  server.RaftServerConfigKeys (ConfUtils.java:logGet(46)) - raft.server.storage.free-space.min = 0MB (=0) (default)
2024-02-27 21:40:19,773 [a4a9caa5-f98a-4b6d-87b4-17f7eca85f0e-groupManagement] INFO  server.RaftServerConfigKeys (ConfUtils.java:logGet(46)) - raft.server.log.corruption.policy = EXCEPTION (default)
2024-02-27 21:40:19,774 [a4a9caa5-f98a-4b6d-87b4-17f7eca85f0e-groupManagement] INFO  server.RaftServerConfigKeys (ConfUtils.java:logGet(46)) - raft.server.storage.dir = [/home/runner/work/ozone/ozone/hadoop-ozone/integration-test/target/test-dir/MiniOzoneClusterImpl-6e3a073c-9bdc-4deb-8550-ef77f821b5e4/ozone-meta/datanode-2/ratis] (custom)
2024-02-27 21:40:19,774 [a4a9caa5-f98a-4b6d-87b4-17f7eca85f0e-groupManagement] INFO  storage.RaftStorageDirectory (RaftStorageDirectoryImpl.java:analyzeStorage(138)) - The storage directory /home/runner/work/ozone/ozone/hadoop-ozone/integration-test/target/test-dir/MiniOzoneClusterImpl-6e3a073c-9bdc-4deb-8550-ef77f821b5e4/ozone-meta/datanode-2/ratis/b8b980ba-a45e-4db6-b288-ed4d28972ef5 does not exist. Creating ...
2024-02-27 21:40:19,775 [a4a9caa5-f98a-4b6d-87b4-17f7eca85f0e-groupManagement] INFO  storage.RaftStorageDirectory (RaftStorageDirectoryImpl.java:tryLock(228)) - Lock on /home/runner/work/ozone/ozone/hadoop-ozone/integration-test/target/test-dir/MiniOzoneClusterImpl-6e3a073c-9bdc-4deb-8550-ef77f821b5e4/ozone-meta/datanode-2/ratis/b8b980ba-a45e-4db6-b288-ed4d28972ef5/in_use.lock acquired by nodename 32143@fv-az531-651
2024-02-27 21:40:19,776 [a4a9caa5-f98a-4b6d-87b4-17f7eca85f0e-groupManagement] INFO  storage.RaftStorage (RaftStorageImpl.java:format(99)) - Storage directory /home/runner/work/ozone/ozone/hadoop-ozone/integration-test/target/test-dir/MiniOzoneClusterImpl-6e3a073c-9bdc-4deb-8550-ef77f821b5e4/ozone-meta/datanode-2/ratis/b8b980ba-a45e-4db6-b288-ed4d28972ef5 has been successfully formatted.
2024-02-27 21:40:19,776 [a4a9caa5-f98a-4b6d-87b4-17f7eca85f0e-groupManagement] WARN  util.FileUtils (LogUtils.java:supplyAndLog(63)) - Failed to Files.newInputStream /home/runner/work/ozone/ozone/hadoop-ozone/integration-test/target/test-dir/MiniOzoneClusterImpl-6e3a073c-9bdc-4deb-8550-ef77f821b5e4/ozone-meta/datanode-2/ratis/b8b980ba-a45e-4db6-b288-ed4d28972ef5/current/raft-meta.conf with options []: java.nio.file.NoSuchFileException: /home/runner/work/ozone/ozone/hadoop-ozone/integration-test/target/test-dir/MiniOzoneClusterImpl-6e3a073c-9bdc-4deb-8550-ef77f821b5e4/ozone-meta/datanode-2/ratis/b8b980ba-a45e-4db6-b288-ed4d28972ef5/current/raft-meta.conf
2024-02-27 21:40:19,776 [a4a9caa5-f98a-4b6d-87b4-17f7eca85f0e-groupManagement] INFO  ratis.ContainerStateMachine (ContainerStateMachine.java:loadSnapshot(287)) - group-ED4D28972EF5: The snapshot info is null. Setting the last applied index to:(t:0, i:~)
2024-02-27 21:40:19,776 [a4a9caa5-f98a-4b6d-87b4-17f7eca85f0e-groupManagement] INFO  server.RaftServerConfigKeys (ConfUtils.java:logGet(46)) - raft.server.log.use.memory = false (default)
2024-02-27 21:40:19,776 [a4a9caa5-f98a-4b6d-87b4-17f7eca85f0e-groupManagement] INFO  server.RaftServerConfigKeys (ConfUtils.java:logGet(46)) - raft.server.log.purge.gap = 1000000 (custom)
2024-02-27 21:40:19,776 [a4a9caa5-f98a-4b6d-87b4-17f7eca85f0e-groupManagement] INFO  server.RaftServerConfigKeys (ConfUtils.java:logGet(46)) - raft.server.log.appender.buffer.byte-limit = 8388608 (custom)
2024-02-27 21:40:19,776 [a4a9caa5-f98a-4b6d-87b4-17f7eca85f0e-groupManagement] INFO  server.RaftServerConfigKeys (ConfUtils.java:logGet(46)) - raft.server.log.statemachine.data.read.timeout = 1000ms (default)
2024-02-27 21:40:19,776 [a4a9caa5-f98a-4b6d-87b4-17f7eca85f0e-groupManagement] INFO  server.RaftServerConfigKeys (ConfUtils.java:logGet(46)) - raft.server.log.purge.preservation.log.num = 0 (default)
2024-02-27 21:40:19,777 [a4a9caa5-f98a-4b6d-87b4-17f7eca85f0e-groupManagement] INFO  server.RaftServerConfigKeys (ConfUtils.java:logGet(46)) - raft.server.log.segment.size.max = 67108864 (custom)
2024-02-27 21:40:19,778 [a4a9caa5-f98a-4b6d-87b4-17f7eca85f0e-groupManagement] INFO  server.RaftServerConfigKeys (ConfUtils.java:logGet(46)) - raft.server.log.segment.cache.num.max = 2 (custom)
2024-02-27 21:40:19,778 [a4a9caa5-f98a-4b6d-87b4-17f7eca85f0e-groupManagement] INFO  server.RaftServerConfigKeys (ConfUtils.java:logGet(46)) - raft.server.log.segment.cache.size.max = 200MB (=209715200) (default)
2024-02-27 21:40:19,778 [a4a9caa5-f98a-4b6d-87b4-17f7eca85f0e-groupManagement] INFO  server.RaftServerConfigKeys (ConfUtils.java:logGet(46)) - raft.server.log.appender.buffer.byte-limit = 8388608 (custom)
2024-02-27 21:40:19,778 [a4a9caa5-f98a-4b6d-87b4-17f7eca85f0e-groupManagement] INFO  util.AwaitToRun (AwaitToRun.java:start(81)) - Thread[a4a9caa5-f98a-4b6d-87b4-17f7eca85f0e@group-ED4D28972EF5-cacheEviction-AwaitToRun,5,main] started
2024-02-27 21:40:19,778 [a4a9caa5-f98a-4b6d-87b4-17f7eca85f0e-groupManagement] INFO  segmented.SegmentedRaftLogWorker (SegmentedRaftLogWorker.java:<init>(182)) - new a4a9caa5-f98a-4b6d-87b4-17f7eca85f0e@group-ED4D28972EF5-SegmentedRaftLogWorker for RaftStorageImpl:Storage Directory /home/runner/work/ozone/ozone/hadoop-ozone/integration-test/target/test-dir/MiniOzoneClusterImpl-6e3a073c-9bdc-4deb-8550-ef77f821b5e4/ozone-meta/datanode-2/ratis/b8b980ba-a45e-4db6-b288-ed4d28972ef5
2024-02-27 21:40:19,778 [a4a9caa5-f98a-4b6d-87b4-17f7eca85f0e-groupManagement] INFO  server.RaftServerConfigKeys (ConfUtils.java:logGet(46)) - raft.server.log.queue.byte-limit = 4294967296 (custom)
2024-02-27 21:40:19,778 [a4a9caa5-f98a-4b6d-87b4-17f7eca85f0e-groupManagement] INFO  server.RaftServerConfigKeys (ConfUtils.java:logGet(46)) - raft.server.log.queue.element-limit = 1024 (custom)
2024-02-27 21:40:19,778 [a4a9caa5-f98a-4b6d-87b4-17f7eca85f0e-groupManagement] INFO  server.RaftServerConfigKeys (ConfUtils.java:logGet(46)) - raft.server.log.segment.size.max = 67108864 (custom)
2024-02-27 21:40:19,778 [a4a9caa5-f98a-4b6d-87b4-17f7eca85f0e-groupManagement] INFO  server.RaftServerConfigKeys (ConfUtils.java:logGet(46)) - raft.server.log.preallocated.size = 4194304 (custom)
2024-02-27 21:40:19,778 [a4a9caa5-f98a-4b6d-87b4-17f7eca85f0e-groupManagement] INFO  server.RaftServerConfigKeys (ConfUtils.java:logGet(46)) - raft.server.log.force.sync.num = 128 (default)
2024-02-27 21:40:19,778 [a4a9caa5-f98a-4b6d-87b4-17f7eca85f0e-groupManagement] INFO  server.RaftServerConfigKeys (ConfUtils.java:logGet(46)) - raft.server.log.statemachine.data.sync = true (default)
2024-02-27 21:40:19,778 [a4a9caa5-f98a-4b6d-87b4-17f7eca85f0e-groupManagement] INFO  server.RaftServerConfigKeys (ConfUtils.java:logGet(46)) - raft.server.log.statemachine.data.sync.timeout = 10s (default)
2024-02-27 21:40:19,778 [a4a9caa5-f98a-4b6d-87b4-17f7eca85f0e-groupManagement] INFO  server.RaftServerConfigKeys (ConfUtils.java:logGet(46)) - raft.server.log.statemachine.data.sync.timeout.retry = 0 (custom)
2024-02-27 21:40:19,778 [a4a9caa5-f98a-4b6d-87b4-17f7eca85f0e-groupManagement] INFO  server.RaftServerConfigKeys (ConfUtils.java:logGet(46)) - raft.server.log.write.buffer.size = 8388616 (custom)
2024-02-27 21:40:19,779 [a4a9caa5-f98a-4b6d-87b4-17f7eca85f0e-groupManagement] INFO  server.RaftServerConfigKeys (ConfUtils.java:logGet(46)) - raft.server.log.appender.buffer.byte-limit = 8388608 (custom)
2024-02-27 21:40:19,779 [a4a9caa5-f98a-4b6d-87b4-17f7eca85f0e-groupManagement] INFO  server.RaftServerConfigKeys (ConfUtils.java:logGet(46)) - raft.server.log.unsafe-flush.enabled = false (default)
2024-02-27 21:40:19,779 [a4a9caa5-f98a-4b6d-87b4-17f7eca85f0e-groupManagement] INFO  server.RaftServerConfigKeys (ConfUtils.java:logGet(46)) - raft.server.log.async-flush.enabled = false (default)
2024-02-27 21:40:19,780 [a4a9caa5-f98a-4b6d-87b4-17f7eca85f0e-groupManagement] INFO  server.RaftServerConfigKeys (ConfUtils.java:logGet(46)) - raft.server.log.statemachine.data.caching.enabled = true (custom)
2024-02-27 21:40:19,780 [a4a9caa5-f98a-4b6d-87b4-17f7eca85f0e-groupManagement] INFO  segmented.SegmentedRaftLogWorker (SegmentedRaftLogWorker.java:lambda$new$0(134)) - a4a9caa5-f98a-4b6d-87b4-17f7eca85f0e@group-ED4D28972EF5-SegmentedRaftLogWorker: flushIndex: setUnconditionally 0 -> -1
2024-02-27 21:40:19,780 [a4a9caa5-f98a-4b6d-87b4-17f7eca85f0e-groupManagement] INFO  segmented.SegmentedRaftLogWorker (SegmentedRaftLogWorker.java:lambda$new$0(134)) - a4a9caa5-f98a-4b6d-87b4-17f7eca85f0e@group-ED4D28972EF5-SegmentedRaftLogWorker: safeCacheEvictIndex: setUnconditionally 0 -> -1
2024-02-27 21:40:19,780 [a4a9caa5-f98a-4b6d-87b4-17f7eca85f0e-groupManagement] INFO  server.RaftServer$Division (RaftServerImpl.java:start(396)) - a4a9caa5-f98a-4b6d-87b4-17f7eca85f0e@group-ED4D28972EF5: start as a follower, conf=-1: peers:[a4a9caa5-f98a-4b6d-87b4-17f7eca85f0e|10.1.0.18:15120, 2da9303e-6724-4504-a4a5-d250e7d22259|10.1.0.18:15156, acd5b146-ec22-4575-ab5b-633d0d82c7a3|10.1.0.18:15147]|listeners:[], old=null
2024-02-27 21:40:19,780 [a4a9caa5-f98a-4b6d-87b4-17f7eca85f0e-groupManagement] INFO  server.RaftServer$Division (RaftServerImpl.java:setRole(383)) - a4a9caa5-f98a-4b6d-87b4-17f7eca85f0e@group-ED4D28972EF5: changes role from      null to FOLLOWER at term 0 for startAsFollower
2024-02-27 21:40:19,780 [a4a9caa5-f98a-4b6d-87b4-17f7eca85f0e-groupManagement] INFO  impl.RoleInfo (RoleInfo.java:updateAndGet(139)) - a4a9caa5-f98a-4b6d-87b4-17f7eca85f0e: start a4a9caa5-f98a-4b6d-87b4-17f7eca85f0e@group-ED4D28972EF5-FollowerState
2024-02-27 21:40:19,780 [a4a9caa5-f98a-4b6d-87b4-17f7eca85f0e-groupManagement] INFO  util.JmxRegister (JmxRegister.java:tryRegister(44)) - Successfully registered JMX Bean with object name Ratis:service=RaftServer,group=group-ED4D28972EF5,id=a4a9caa5-f98a-4b6d-87b4-17f7eca85f0e
2024-02-27 21:40:19,780 [a4a9caa5-f98a-4b6d-87b4-17f7eca85f0e@group-ED4D28972EF5-FollowerState] INFO  server.RaftServerConfigKeys (ConfUtils.java:logFallback(53)) - raft.server.rpc.first-election.timeout.min = 5s (fallback to raft.server.rpc.timeout.min)
2024-02-27 21:40:19,780 [a4a9caa5-f98a-4b6d-87b4-17f7eca85f0e-groupManagement] INFO  server.RaftServerConfigKeys (ConfUtils.java:logGet(46)) - raft.server.snapshot.trigger-when-stop.enabled = true (default)
2024-02-27 21:40:19,780 [a4a9caa5-f98a-4b6d-87b4-17f7eca85f0e@group-ED4D28972EF5-FollowerState] INFO  server.RaftServerConfigKeys (ConfUtils.java:logFallback(53)) - raft.server.rpc.first-election.timeout.max = 5200ms (fallback to raft.server.rpc.timeout.max)
2024-02-27 21:40:19,780 [a4a9caa5-f98a-4b6d-87b4-17f7eca85f0e-groupManagement] INFO  server.RaftServerConfigKeys (ConfUtils.java:logGet(46)) - raft.server.snapshot.auto.trigger.enabled = true (custom)
2024-02-27 21:40:19,780 [a4a9caa5-f98a-4b6d-87b4-17f7eca85f0e-groupManagement] INFO  server.RaftServerConfigKeys (ConfUtils.java:logGet(46)) - raft.server.snapshot.auto.trigger.threshold = 10000 (custom)
2024-02-27 21:40:19,780 [a4a9caa5-f98a-4b6d-87b4-17f7eca85f0e-groupManagement] INFO  server.RaftServerConfigKeys (ConfUtils.java:logGet(46)) - raft.server.snapshot.retention.file.num = 5 (custom)
2024-02-27 21:40:19,780 [a4a9caa5-f98a-4b6d-87b4-17f7eca85f0e-groupManagement] INFO  server.RaftServerConfigKeys (ConfUtils.java:logGet(46)) - raft.server.log.purge.upto.snapshot.index = false (default)
2024-02-27 21:40:19,781 [a4a9caa5-f98a-4b6d-87b4-17f7eca85f0e-PipelineCommandHandlerThread-0] INFO  ratis.XceiverServerRatis (XceiverServerRatis.java:addGroup(864)) - Created group PipelineID=b8b980ba-a45e-4db6-b288-ed4d28972ef5
2024-02-27 21:40:19,786 [grpc-default-executor-2] INFO  server.RaftServer (RaftServerProxy.java:addNew(100)) - acd5b146-ec22-4575-ab5b-633d0d82c7a3: addNew group-ED4D28972EF5:[a4a9caa5-f98a-4b6d-87b4-17f7eca85f0e|10.1.0.18:15120, 2da9303e-6724-4504-a4a5-d250e7d22259|10.1.0.18:15156, acd5b146-ec22-4575-ab5b-633d0d82c7a3|10.1.0.18:15147] returns group-ED4D28972EF5:java.util.concurrent.CompletableFuture@3c8bab29[Not completed]
2024-02-27 21:40:19,787 [acd5b146-ec22-4575-ab5b-633d0d82c7a3-groupManagement] INFO  server.RaftServer$Division (RaftServerImpl.java:<init>(256)) - acd5b146-ec22-4575-ab5b-633d0d82c7a3: new RaftServerImpl for group-ED4D28972EF5:[a4a9caa5-f98a-4b6d-87b4-17f7eca85f0e|10.1.0.18:15120, 2da9303e-6724-4504-a4a5-d250e7d22259|10.1.0.18:15156, acd5b146-ec22-4575-ab5b-633d0d82c7a3|10.1.0.18:15147] with ContainerStateMachine:uninitialized
2024-02-27 21:40:19,787 [acd5b146-ec22-4575-ab5b-633d0d82c7a3-groupManagement] INFO  server.RaftServerConfigKeys (ConfUtils.java:logGet(46)) - raft.server.rpc.timeout.min = 5s (custom)
2024-02-27 21:40:19,787 [acd5b146-ec22-4575-ab5b-633d0d82c7a3-groupManagement] INFO  server.RaftServerConfigKeys (ConfUtils.java:logGet(46)) - raft.server.rpc.timeout.max = 5200ms (custom)
2024-02-27 21:40:19,787 [acd5b146-ec22-4575-ab5b-633d0d82c7a3-groupManagement] INFO  server.RaftServerConfigKeys (ConfUtils.java:logGet(46)) - raft.server.rpc.sleep.time = 25ms (default)
2024-02-27 21:40:19,787 [acd5b146-ec22-4575-ab5b-633d0d82c7a3-groupManagement] INFO  server.RaftServerConfigKeys (ConfUtils.java:logGet(46)) - raft.server.rpc.slowness.timeout = 300s (custom)
2024-02-27 21:40:19,787 [acd5b146-ec22-4575-ab5b-633d0d82c7a3-groupManagement] INFO  server.RaftServerConfigKeys (ConfUtils.java:logGet(46)) - raft.server.leaderelection.leader.step-down.wait-time = 10s (default)
2024-02-27 21:40:19,787 [acd5b146-ec22-4575-ab5b-633d0d82c7a3-groupManagement] INFO  server.RaftServerConfigKeys (ConfUtils.java:logGet(46)) - raft.server.leaderelection.member.majority-add = false (default)
2024-02-27 21:40:19,787 [acd5b146-ec22-4575-ab5b-633d0d82c7a3-groupManagement] INFO  server.RaftServerConfigKeys (ConfUtils.java:logGet(46)) - raft.server.sleep.deviation.threshold = 300ms (default)
2024-02-27 21:40:19,788 [acd5b146-ec22-4575-ab5b-633d0d82c7a3-groupManagement] INFO  server.RaftServer$Division (ServerState.java:<init>(113)) - acd5b146-ec22-4575-ab5b-633d0d82c7a3@group-ED4D28972EF5: ConfigurationManager, init=-1: peers:[a4a9caa5-f98a-4b6d-87b4-17f7eca85f0e|10.1.0.18:15120, 2da9303e-6724-4504-a4a5-d250e7d22259|10.1.0.18:15156, acd5b146-ec22-4575-ab5b-633d0d82c7a3|10.1.0.18:15147]|listeners:[], old=null, confs=<EMPTY_MAP>
2024-02-27 21:40:19,788 [acd5b146-ec22-4575-ab5b-633d0d82c7a3-groupManagement] INFO  server.RaftServerConfigKeys (ConfUtils.java:logGet(46)) - raft.server.notification.no-leader.timeout = 300s (custom)
2024-02-27 21:40:19,788 [acd5b146-ec22-4575-ab5b-633d0d82c7a3-groupManagement] INFO  server.RaftServerConfigKeys (ConfUtils.java:logGet(46)) - raft.server.read.timeout = 10s (default)
2024-02-27 21:40:19,788 [acd5b146-ec22-4575-ab5b-633d0d82c7a3-groupManagement] INFO  server.RaftServerConfigKeys (ConfUtils.java:logGet(46)) - raft.server.retrycache.expirytime = 600000ms (custom)
2024-02-27 21:40:19,788 [acd5b146-ec22-4575-ab5b-633d0d82c7a3-groupManagement] INFO  server.RaftServerConfigKeys (ConfUtils.java:logGet(46)) - raft.server.retrycache.statistics.expirytime = 100ms (default)
2024-02-27 21:40:19,788 [acd5b146-ec22-4575-ab5b-633d0d82c7a3-groupManagement] INFO  server.RaftServerConfigKeys (ConfUtils.java:logGet(46)) - raft.server.read.option = DEFAULT (default)
2024-02-27 21:40:19,788 [acd5b146-ec22-4575-ab5b-633d0d82c7a3-groupManagement] INFO  server.RaftServerConfigKeys (ConfUtils.java:logGet(46)) - raft.server.read.read-after-write-consistent.write-index-cache.expiry-time = 60s (default)
2024-02-27 21:40:19,790 [acd5b146-ec22-4575-ab5b-633d0d82c7a3-groupManagement] INFO  server.RaftServerConfigKeys (ConfUtils.java:logGet(46)) - raft.server.rpc.request.timeout = 60s (custom)
2024-02-27 21:40:19,790 [acd5b146-ec22-4575-ab5b-633d0d82c7a3-groupManagement] INFO  server.RaftServerConfigKeys (ConfUtils.java:logGet(46)) - raft.server.log.appender.install.snapshot.enabled = false (custom)
2024-02-27 21:40:19,790 [acd5b146-ec22-4575-ab5b-633d0d82c7a3-groupManagement] INFO  server.RaftServerConfigKeys (ConfUtils.java:logGet(46)) - raft.server.threadpool.server.cached = true (default)
2024-02-27 21:40:19,790 [acd5b146-ec22-4575-ab5b-633d0d82c7a3-groupManagement] INFO  server.RaftServerConfigKeys (ConfUtils.java:logGet(46)) - raft.server.threadpool.server.size = 0 (default)
2024-02-27 21:40:19,790 [acd5b146-ec22-4575-ab5b-633d0d82c7a3-groupManagement] INFO  server.RaftServerConfigKeys (ConfUtils.java:logGet(46)) - raft.server.threadpool.client.cached = true (default)
2024-02-27 21:40:19,790 [acd5b146-ec22-4575-ab5b-633d0d82c7a3-groupManagement] INFO  server.RaftServerConfigKeys (ConfUtils.java:logGet(46)) - raft.server.threadpool.client.size = 0 (default)
2024-02-27 21:40:19,790 [acd5b146-ec22-4575-ab5b-633d0d82c7a3-groupManagement] INFO  server.RaftServerConfigKeys (ConfUtils.java:logGet(46)) - raft.server.storage.free-space.min = 0MB (=0) (default)
2024-02-27 21:40:19,790 [acd5b146-ec22-4575-ab5b-633d0d82c7a3-groupManagement] INFO  server.RaftServerConfigKeys (ConfUtils.java:logGet(46)) - raft.server.log.corruption.policy = EXCEPTION (default)
2024-02-27 21:40:19,790 [acd5b146-ec22-4575-ab5b-633d0d82c7a3-groupManagement] INFO  server.RaftServerConfigKeys (ConfUtils.java:logGet(46)) - raft.server.storage.dir = [/home/runner/work/ozone/ozone/hadoop-ozone/integration-test/target/test-dir/MiniOzoneClusterImpl-6e3a073c-9bdc-4deb-8550-ef77f821b5e4/ozone-meta/datanode-5/ratis] (custom)
2024-02-27 21:40:19,790 [acd5b146-ec22-4575-ab5b-633d0d82c7a3-groupManagement] INFO  storage.RaftStorageDirectory (RaftStorageDirectoryImpl.java:analyzeStorage(138)) - The storage directory /home/runner/work/ozone/ozone/hadoop-ozone/integration-test/target/test-dir/MiniOzoneClusterImpl-6e3a073c-9bdc-4deb-8550-ef77f821b5e4/ozone-meta/datanode-5/ratis/b8b980ba-a45e-4db6-b288-ed4d28972ef5 does not exist. Creating ...
2024-02-27 21:40:19,791 [acd5b146-ec22-4575-ab5b-633d0d82c7a3-groupManagement] INFO  storage.RaftStorageDirectory (RaftStorageDirectoryImpl.java:tryLock(228)) - Lock on /home/runner/work/ozone/ozone/hadoop-ozone/integration-test/target/test-dir/MiniOzoneClusterImpl-6e3a073c-9bdc-4deb-8550-ef77f821b5e4/ozone-meta/datanode-5/ratis/b8b980ba-a45e-4db6-b288-ed4d28972ef5/in_use.lock acquired by nodename 32143@fv-az531-651
2024-02-27 21:40:19,792 [acd5b146-ec22-4575-ab5b-633d0d82c7a3-groupManagement] INFO  storage.RaftStorage (RaftStorageImpl.java:format(99)) - Storage directory /home/runner/work/ozone/ozone/hadoop-ozone/integration-test/target/test-dir/MiniOzoneClusterImpl-6e3a073c-9bdc-4deb-8550-ef77f821b5e4/ozone-meta/datanode-5/ratis/b8b980ba-a45e-4db6-b288-ed4d28972ef5 has been successfully formatted.
2024-02-27 21:40:19,793 [acd5b146-ec22-4575-ab5b-633d0d82c7a3-groupManagement] WARN  util.FileUtils (LogUtils.java:supplyAndLog(63)) - Failed to Files.newInputStream /home/runner/work/ozone/ozone/hadoop-ozone/integration-test/target/test-dir/MiniOzoneClusterImpl-6e3a073c-9bdc-4deb-8550-ef77f821b5e4/ozone-meta/datanode-5/ratis/b8b980ba-a45e-4db6-b288-ed4d28972ef5/current/raft-meta.conf with options []: java.nio.file.NoSuchFileException: /home/runner/work/ozone/ozone/hadoop-ozone/integration-test/target/test-dir/MiniOzoneClusterImpl-6e3a073c-9bdc-4deb-8550-ef77f821b5e4/ozone-meta/datanode-5/ratis/b8b980ba-a45e-4db6-b288-ed4d28972ef5/current/raft-meta.conf
2024-02-27 21:40:19,793 [acd5b146-ec22-4575-ab5b-633d0d82c7a3-groupManagement] INFO  ratis.ContainerStateMachine (ContainerStateMachine.java:loadSnapshot(287)) - group-ED4D28972EF5: The snapshot info is null. Setting the last applied index to:(t:0, i:~)
2024-02-27 21:40:19,793 [acd5b146-ec22-4575-ab5b-633d0d82c7a3-groupManagement] INFO  server.RaftServerConfigKeys (ConfUtils.java:logGet(46)) - raft.server.log.use.memory = false (default)
2024-02-27 21:40:19,793 [acd5b146-ec22-4575-ab5b-633d0d82c7a3-groupManagement] INFO  server.RaftServerConfigKeys (ConfUtils.java:logGet(46)) - raft.server.log.purge.gap = 1000000 (custom)
2024-02-27 21:40:19,793 [acd5b146-ec22-4575-ab5b-633d0d82c7a3-groupManagement] INFO  server.RaftServerConfigKeys (ConfUtils.java:logGet(46)) - raft.server.log.appender.buffer.byte-limit = 8388608 (custom)
2024-02-27 21:40:19,793 [acd5b146-ec22-4575-ab5b-633d0d82c7a3-groupManagement] INFO  server.RaftServerConfigKeys (ConfUtils.java:logGet(46)) - raft.server.log.statemachine.data.read.timeout = 1000ms (default)
2024-02-27 21:40:19,793 [acd5b146-ec22-4575-ab5b-633d0d82c7a3-groupManagement] INFO  server.RaftServerConfigKeys (ConfUtils.java:logGet(46)) - raft.server.log.purge.preservation.log.num = 0 (default)
2024-02-27 21:40:19,795 [acd5b146-ec22-4575-ab5b-633d0d82c7a3-groupManagement] INFO  server.RaftServerConfigKeys (ConfUtils.java:logGet(46)) - raft.server.log.segment.size.max = 67108864 (custom)
2024-02-27 21:40:19,795 [acd5b146-ec22-4575-ab5b-633d0d82c7a3-groupManagement] INFO  server.RaftServerConfigKeys (ConfUtils.java:logGet(46)) - raft.server.log.segment.cache.num.max = 2 (custom)
2024-02-27 21:40:19,795 [acd5b146-ec22-4575-ab5b-633d0d82c7a3-groupManagement] INFO  server.RaftServerConfigKeys (ConfUtils.java:logGet(46)) - raft.server.log.segment.cache.size.max = 200MB (=209715200) (default)
2024-02-27 21:40:19,795 [acd5b146-ec22-4575-ab5b-633d0d82c7a3-groupManagement] INFO  server.RaftServerConfigKeys (ConfUtils.java:logGet(46)) - raft.server.log.appender.buffer.byte-limit = 8388608 (custom)
2024-02-27 21:40:19,795 [acd5b146-ec22-4575-ab5b-633d0d82c7a3-groupManagement] INFO  util.AwaitToRun (AwaitToRun.java:start(81)) - Thread[acd5b146-ec22-4575-ab5b-633d0d82c7a3@group-ED4D28972EF5-cacheEviction-AwaitToRun,5,main] started
2024-02-27 21:40:19,796 [acd5b146-ec22-4575-ab5b-633d0d82c7a3-groupManagement] INFO  segmented.SegmentedRaftLogWorker (SegmentedRaftLogWorker.java:<init>(182)) - new acd5b146-ec22-4575-ab5b-633d0d82c7a3@group-ED4D28972EF5-SegmentedRaftLogWorker for RaftStorageImpl:Storage Directory /home/runner/work/ozone/ozone/hadoop-ozone/integration-test/target/test-dir/MiniOzoneClusterImpl-6e3a073c-9bdc-4deb-8550-ef77f821b5e4/ozone-meta/datanode-5/ratis/b8b980ba-a45e-4db6-b288-ed4d28972ef5
2024-02-27 21:40:19,796 [acd5b146-ec22-4575-ab5b-633d0d82c7a3-groupManagement] INFO  server.RaftServerConfigKeys (ConfUtils.java:logGet(46)) - raft.server.log.queue.byte-limit = 4294967296 (custom)
2024-02-27 21:40:19,796 [acd5b146-ec22-4575-ab5b-633d0d82c7a3-groupManagement] INFO  server.RaftServerConfigKeys (ConfUtils.java:logGet(46)) - raft.server.log.queue.element-limit = 1024 (custom)
2024-02-27 21:40:19,797 [acd5b146-ec22-4575-ab5b-633d0d82c7a3-groupManagement] INFO  server.RaftServerConfigKeys (ConfUtils.java:logGet(46)) - raft.server.log.segment.size.max = 67108864 (custom)
2024-02-27 21:40:19,798 [acd5b146-ec22-4575-ab5b-633d0d82c7a3-groupManagement] INFO  server.RaftServerConfigKeys (ConfUtils.java:logGet(46)) - raft.server.log.preallocated.size = 4194304 (custom)
2024-02-27 21:40:19,798 [acd5b146-ec22-4575-ab5b-633d0d82c7a3-groupManagement] INFO  server.RaftServerConfigKeys (ConfUtils.java:logGet(46)) - raft.server.log.force.sync.num = 128 (default)
2024-02-27 21:40:19,798 [acd5b146-ec22-4575-ab5b-633d0d82c7a3-groupManagement] INFO  server.RaftServerConfigKeys (ConfUtils.java:logGet(46)) - raft.server.log.statemachine.data.sync = true (default)
2024-02-27 21:40:19,798 [acd5b146-ec22-4575-ab5b-633d0d82c7a3-groupManagement] INFO  server.RaftServerConfigKeys (ConfUtils.java:logGet(46)) - raft.server.log.statemachine.data.sync.timeout = 10s (default)
2024-02-27 21:40:19,798 [acd5b146-ec22-4575-ab5b-633d0d82c7a3-groupManagement] INFO  server.RaftServerConfigKeys (ConfUtils.java:logGet(46)) - raft.server.log.statemachine.data.sync.timeout.retry = 0 (custom)
2024-02-27 21:40:19,798 [acd5b146-ec22-4575-ab5b-633d0d82c7a3-groupManagement] INFO  server.RaftServerConfigKeys (ConfUtils.java:logGet(46)) - raft.server.log.write.buffer.size = 8388616 (custom)
2024-02-27 21:40:19,800 [acd5b146-ec22-4575-ab5b-633d0d82c7a3-groupManagement] INFO  server.RaftServerConfigKeys (ConfUtils.java:logGet(46)) - raft.server.log.appender.buffer.byte-limit = 8388608 (custom)
2024-02-27 21:40:19,800 [acd5b146-ec22-4575-ab5b-633d0d82c7a3-groupManagement] INFO  server.RaftServerConfigKeys (ConfUtils.java:logGet(46)) - raft.server.log.unsafe-flush.enabled = false (default)
2024-02-27 21:40:19,800 [acd5b146-ec22-4575-ab5b-633d0d82c7a3-groupManagement] INFO  server.RaftServerConfigKeys (ConfUtils.java:logGet(46)) - raft.server.log.async-flush.enabled = false (default)
2024-02-27 21:40:19,800 [acd5b146-ec22-4575-ab5b-633d0d82c7a3-groupManagement] INFO  server.RaftServerConfigKeys (ConfUtils.java:logGet(46)) - raft.server.log.statemachine.data.caching.enabled = true (custom)
2024-02-27 21:40:19,800 [acd5b146-ec22-4575-ab5b-633d0d82c7a3-groupManagement] INFO  segmented.SegmentedRaftLogWorker (SegmentedRaftLogWorker.java:lambda$new$0(134)) - acd5b146-ec22-4575-ab5b-633d0d82c7a3@group-ED4D28972EF5-SegmentedRaftLogWorker: flushIndex: setUnconditionally 0 -> -1
2024-02-27 21:40:19,800 [acd5b146-ec22-4575-ab5b-633d0d82c7a3-groupManagement] INFO  segmented.SegmentedRaftLogWorker (SegmentedRaftLogWorker.java:lambda$new$0(134)) - acd5b146-ec22-4575-ab5b-633d0d82c7a3@group-ED4D28972EF5-SegmentedRaftLogWorker: safeCacheEvictIndex: setUnconditionally 0 -> -1
2024-02-27 21:40:19,800 [acd5b146-ec22-4575-ab5b-633d0d82c7a3-groupManagement] INFO  server.RaftServer$Division (RaftServerImpl.java:start(396)) - acd5b146-ec22-4575-ab5b-633d0d82c7a3@group-ED4D28972EF5: start as a follower, conf=-1: peers:[a4a9caa5-f98a-4b6d-87b4-17f7eca85f0e|10.1.0.18:15120, 2da9303e-6724-4504-a4a5-d250e7d22259|10.1.0.18:15156, acd5b146-ec22-4575-ab5b-633d0d82c7a3|10.1.0.18:15147]|listeners:[], old=null
2024-02-27 21:40:19,800 [acd5b146-ec22-4575-ab5b-633d0d82c7a3-groupManagement] INFO  server.RaftServer$Division (RaftServerImpl.java:setRole(383)) - acd5b146-ec22-4575-ab5b-633d0d82c7a3@group-ED4D28972EF5: changes role from      null to FOLLOWER at term 0 for startAsFollower
2024-02-27 21:40:19,800 [acd5b146-ec22-4575-ab5b-633d0d82c7a3-groupManagement] INFO  impl.RoleInfo (RoleInfo.java:updateAndGet(139)) - acd5b146-ec22-4575-ab5b-633d0d82c7a3: start acd5b146-ec22-4575-ab5b-633d0d82c7a3@group-ED4D28972EF5-FollowerState
2024-02-27 21:40:19,801 [acd5b146-ec22-4575-ab5b-633d0d82c7a3-groupManagement] INFO  util.JmxRegister (JmxRegister.java:tryRegister(44)) - Successfully registered JMX Bean with object name Ratis:service=RaftServer,group=group-ED4D28972EF5,id=acd5b146-ec22-4575-ab5b-633d0d82c7a3
2024-02-27 21:40:19,801 [acd5b146-ec22-4575-ab5b-633d0d82c7a3-groupManagement] INFO  server.RaftServerConfigKeys (ConfUtils.java:logGet(46)) - raft.server.snapshot.trigger-when-stop.enabled = true (default)
2024-02-27 21:40:19,801 [acd5b146-ec22-4575-ab5b-633d0d82c7a3-groupManagement] INFO  server.RaftServerConfigKeys (ConfUtils.java:logGet(46)) - raft.server.snapshot.auto.trigger.enabled = true (custom)
2024-02-27 21:40:19,801 [acd5b146-ec22-4575-ab5b-633d0d82c7a3-groupManagement] INFO  server.RaftServerConfigKeys (ConfUtils.java:logGet(46)) - raft.server.snapshot.auto.trigger.threshold = 10000 (custom)
2024-02-27 21:40:19,801 [acd5b146-ec22-4575-ab5b-633d0d82c7a3-groupManagement] INFO  server.RaftServerConfigKeys (ConfUtils.java:logGet(46)) - raft.server.snapshot.retention.file.num = 5 (custom)
2024-02-27 21:40:19,801 [acd5b146-ec22-4575-ab5b-633d0d82c7a3-groupManagement] INFO  server.RaftServerConfigKeys (ConfUtils.java:logGet(46)) - raft.server.log.purge.upto.snapshot.index = false (default)
2024-02-27 21:40:19,802 [acd5b146-ec22-4575-ab5b-633d0d82c7a3@group-ED4D28972EF5-FollowerState] INFO  server.RaftServerConfigKeys (ConfUtils.java:logFallback(53)) - raft.server.rpc.first-election.timeout.min = 5s (fallback to raft.server.rpc.timeout.min)
2024-02-27 21:40:19,802 [acd5b146-ec22-4575-ab5b-633d0d82c7a3@group-ED4D28972EF5-FollowerState] INFO  server.RaftServerConfigKeys (ConfUtils.java:logFallback(53)) - raft.server.rpc.first-election.timeout.max = 5200ms (fallback to raft.server.rpc.timeout.max)
2024-02-27 21:40:19,809 [grpc-default-executor-2] INFO  server.RaftServer (RaftServerProxy.java:addNew(100)) - 2da9303e-6724-4504-a4a5-d250e7d22259: addNew group-ED4D28972EF5:[a4a9caa5-f98a-4b6d-87b4-17f7eca85f0e|10.1.0.18:15120, 2da9303e-6724-4504-a4a5-d250e7d22259|10.1.0.18:15156, acd5b146-ec22-4575-ab5b-633d0d82c7a3|10.1.0.18:15147] returns group-ED4D28972EF5:java.util.concurrent.CompletableFuture@571c5f47[Not completed]
2024-02-27 21:40:19,810 [2da9303e-6724-4504-a4a5-d250e7d22259-groupManagement] INFO  server.RaftServer$Division (RaftServerImpl.java:<init>(256)) - 2da9303e-6724-4504-a4a5-d250e7d22259: new RaftServerImpl for group-ED4D28972EF5:[a4a9caa5-f98a-4b6d-87b4-17f7eca85f0e|10.1.0.18:15120, 2da9303e-6724-4504-a4a5-d250e7d22259|10.1.0.18:15156, acd5b146-ec22-4575-ab5b-633d0d82c7a3|10.1.0.18:15147] with ContainerStateMachine:uninitialized
2024-02-27 21:40:19,810 [2da9303e-6724-4504-a4a5-d250e7d22259-groupManagement] INFO  server.RaftServerConfigKeys (ConfUtils.java:logGet(46)) - raft.server.rpc.timeout.min = 5s (custom)
2024-02-27 21:40:19,810 [2da9303e-6724-4504-a4a5-d250e7d22259-groupManagement] INFO  server.RaftServerConfigKeys (ConfUtils.java:logGet(46)) - raft.server.rpc.timeout.max = 5200ms (custom)
2024-02-27 21:40:19,810 [2da9303e-6724-4504-a4a5-d250e7d22259-groupManagement] INFO  server.RaftServerConfigKeys (ConfUtils.java:logGet(46)) - raft.server.rpc.sleep.time = 25ms (default)
2024-02-27 21:40:19,810 [2da9303e-6724-4504-a4a5-d250e7d22259-groupManagement] INFO  server.RaftServerConfigKeys (ConfUtils.java:logGet(46)) - raft.server.rpc.slowness.timeout = 300s (custom)
2024-02-27 21:40:19,810 [2da9303e-6724-4504-a4a5-d250e7d22259-groupManagement] INFO  server.RaftServerConfigKeys (ConfUtils.java:logGet(46)) - raft.server.leaderelection.leader.step-down.wait-time = 10s (default)
2024-02-27 21:40:19,810 [2da9303e-6724-4504-a4a5-d250e7d22259-groupManagement] INFO  server.RaftServerConfigKeys (ConfUtils.java:logGet(46)) - raft.server.leaderelection.member.majority-add = false (default)
2024-02-27 21:40:19,810 [2da9303e-6724-4504-a4a5-d250e7d22259-groupManagement] INFO  server.RaftServerConfigKeys (ConfUtils.java:logGet(46)) - raft.server.sleep.deviation.threshold = 300ms (default)
2024-02-27 21:40:19,810 [2da9303e-6724-4504-a4a5-d250e7d22259-groupManagement] INFO  server.RaftServer$Division (ServerState.java:<init>(113)) - 2da9303e-6724-4504-a4a5-d250e7d22259@group-ED4D28972EF5: ConfigurationManager, init=-1: peers:[a4a9caa5-f98a-4b6d-87b4-17f7eca85f0e|10.1.0.18:15120, 2da9303e-6724-4504-a4a5-d250e7d22259|10.1.0.18:15156, acd5b146-ec22-4575-ab5b-633d0d82c7a3|10.1.0.18:15147]|listeners:[], old=null, confs=<EMPTY_MAP>
2024-02-27 21:40:19,810 [2da9303e-6724-4504-a4a5-d250e7d22259-groupManagement] INFO  server.RaftServerConfigKeys (ConfUtils.java:logGet(46)) - raft.server.notification.no-leader.timeout = 300s (custom)
2024-02-27 21:40:19,810 [2da9303e-6724-4504-a4a5-d250e7d22259-groupManagement] INFO  server.RaftServerConfigKeys (ConfUtils.java:logGet(46)) - raft.server.read.timeout = 10s (default)
2024-02-27 21:40:19,810 [2da9303e-6724-4504-a4a5-d250e7d22259-groupManagement] INFO  server.RaftServerConfigKeys (ConfUtils.java:logGet(46)) - raft.server.retrycache.expirytime = 600000ms (custom)
2024-02-27 21:40:19,810 [2da9303e-6724-4504-a4a5-d250e7d22259-groupManagement] INFO  server.RaftServerConfigKeys (ConfUtils.java:logGet(46)) - raft.server.retrycache.statistics.expirytime = 100ms (default)
2024-02-27 21:40:19,811 [2da9303e-6724-4504-a4a5-d250e7d22259-groupManagement] INFO  server.RaftServerConfigKeys (ConfUtils.java:logGet(46)) - raft.server.read.option = DEFAULT (default)
2024-02-27 21:40:19,811 [2da9303e-6724-4504-a4a5-d250e7d22259-groupManagement] INFO  server.RaftServerConfigKeys (ConfUtils.java:logGet(46)) - raft.server.read.read-after-write-consistent.write-index-cache.expiry-time = 60s (default)
2024-02-27 21:40:19,812 [2da9303e-6724-4504-a4a5-d250e7d22259-groupManagement] INFO  server.RaftServerConfigKeys (ConfUtils.java:logGet(46)) - raft.server.rpc.request.timeout = 60s (custom)
2024-02-27 21:40:19,812 [2da9303e-6724-4504-a4a5-d250e7d22259-groupManagement] INFO  server.RaftServerConfigKeys (ConfUtils.java:logGet(46)) - raft.server.log.appender.install.snapshot.enabled = false (custom)
2024-02-27 21:40:19,812 [2da9303e-6724-4504-a4a5-d250e7d22259-groupManagement] INFO  server.RaftServerConfigKeys (ConfUtils.java:logGet(46)) - raft.server.threadpool.server.cached = true (default)
2024-02-27 21:40:19,812 [2da9303e-6724-4504-a4a5-d250e7d22259-groupManagement] INFO  server.RaftServerConfigKeys (ConfUtils.java:logGet(46)) - raft.server.threadpool.server.size = 0 (default)
2024-02-27 21:40:19,812 [2da9303e-6724-4504-a4a5-d250e7d22259-groupManagement] INFO  server.RaftServerConfigKeys (ConfUtils.java:logGet(46)) - raft.server.threadpool.client.cached = true (default)
2024-02-27 21:40:19,812 [2da9303e-6724-4504-a4a5-d250e7d22259-groupManagement] INFO  server.RaftServerConfigKeys (ConfUtils.java:logGet(46)) - raft.server.threadpool.client.size = 0 (default)
2024-02-27 21:40:19,812 [2da9303e-6724-4504-a4a5-d250e7d22259-groupManagement] INFO  server.RaftServerConfigKeys (ConfUtils.java:logGet(46)) - raft.server.storage.free-space.min = 0MB (=0) (default)
2024-02-27 21:40:19,812 [2da9303e-6724-4504-a4a5-d250e7d22259-groupManagement] INFO  server.RaftServerConfigKeys (ConfUtils.java:logGet(46)) - raft.server.log.corruption.policy = EXCEPTION (default)
2024-02-27 21:40:19,812 [2da9303e-6724-4504-a4a5-d250e7d22259-groupManagement] INFO  server.RaftServerConfigKeys (ConfUtils.java:logGet(46)) - raft.server.storage.dir = [/home/runner/work/ozone/ozone/hadoop-ozone/integration-test/target/test-dir/MiniOzoneClusterImpl-6e3a073c-9bdc-4deb-8550-ef77f821b5e4/ozone-meta/datanode-6/ratis] (custom)
2024-02-27 21:40:19,812 [2da9303e-6724-4504-a4a5-d250e7d22259-groupManagement] INFO  storage.RaftStorageDirectory (RaftStorageDirectoryImpl.java:analyzeStorage(138)) - The storage directory /home/runner/work/ozone/ozone/hadoop-ozone/integration-test/target/test-dir/MiniOzoneClusterImpl-6e3a073c-9bdc-4deb-8550-ef77f821b5e4/ozone-meta/datanode-6/ratis/b8b980ba-a45e-4db6-b288-ed4d28972ef5 does not exist. Creating ...
2024-02-27 21:40:19,813 [2da9303e-6724-4504-a4a5-d250e7d22259-groupManagement] INFO  storage.RaftStorageDirectory (RaftStorageDirectoryImpl.java:tryLock(228)) - Lock on /home/runner/work/ozone/ozone/hadoop-ozone/integration-test/target/test-dir/MiniOzoneClusterImpl-6e3a073c-9bdc-4deb-8550-ef77f821b5e4/ozone-meta/datanode-6/ratis/b8b980ba-a45e-4db6-b288-ed4d28972ef5/in_use.lock acquired by nodename 32143@fv-az531-651
2024-02-27 21:40:19,814 [2da9303e-6724-4504-a4a5-d250e7d22259-groupManagement] INFO  storage.RaftStorage (RaftStorageImpl.java:format(99)) - Storage directory /home/runner/work/ozone/ozone/hadoop-ozone/integration-test/target/test-dir/MiniOzoneClusterImpl-6e3a073c-9bdc-4deb-8550-ef77f821b5e4/ozone-meta/datanode-6/ratis/b8b980ba-a45e-4db6-b288-ed4d28972ef5 has been successfully formatted.
2024-02-27 21:40:19,814 [2da9303e-6724-4504-a4a5-d250e7d22259-groupManagement] WARN  util.FileUtils (LogUtils.java:supplyAndLog(63)) - Failed to Files.newInputStream /home/runner/work/ozone/ozone/hadoop-ozone/integration-test/target/test-dir/MiniOzoneClusterImpl-6e3a073c-9bdc-4deb-8550-ef77f821b5e4/ozone-meta/datanode-6/ratis/b8b980ba-a45e-4db6-b288-ed4d28972ef5/current/raft-meta.conf with options []: java.nio.file.NoSuchFileException: /home/runner/work/ozone/ozone/hadoop-ozone/integration-test/target/test-dir/MiniOzoneClusterImpl-6e3a073c-9bdc-4deb-8550-ef77f821b5e4/ozone-meta/datanode-6/ratis/b8b980ba-a45e-4db6-b288-ed4d28972ef5/current/raft-meta.conf
2024-02-27 21:40:19,814 [2da9303e-6724-4504-a4a5-d250e7d22259-groupManagement] INFO  ratis.ContainerStateMachine (ContainerStateMachine.java:loadSnapshot(287)) - group-ED4D28972EF5: The snapshot info is null. Setting the last applied index to:(t:0, i:~)
2024-02-27 21:40:19,814 [2da9303e-6724-4504-a4a5-d250e7d22259-groupManagement] INFO  server.RaftServerConfigKeys (ConfUtils.java:logGet(46)) - raft.server.log.use.memory = false (default)
2024-02-27 21:40:19,815 [2da9303e-6724-4504-a4a5-d250e7d22259-groupManagement] INFO  server.RaftServerConfigKeys (ConfUtils.java:logGet(46)) - raft.server.log.purge.gap = 1000000 (custom)
2024-02-27 21:40:19,815 [2da9303e-6724-4504-a4a5-d250e7d22259-groupManagement] INFO  server.RaftServerConfigKeys (ConfUtils.java:logGet(46)) - raft.server.log.appender.buffer.byte-limit = 8388608 (custom)
2024-02-27 21:40:19,815 [2da9303e-6724-4504-a4a5-d250e7d22259-groupManagement] INFO  server.RaftServerConfigKeys (ConfUtils.java:logGet(46)) - raft.server.log.statemachine.data.read.timeout = 1000ms (default)
2024-02-27 21:40:19,815 [2da9303e-6724-4504-a4a5-d250e7d22259-groupManagement] INFO  server.RaftServerConfigKeys (ConfUtils.java:logGet(46)) - raft.server.log.purge.preservation.log.num = 0 (default)
2024-02-27 21:40:19,816 [2da9303e-6724-4504-a4a5-d250e7d22259-groupManagement] INFO  server.RaftServerConfigKeys (ConfUtils.java:logGet(46)) - raft.server.log.segment.size.max = 67108864 (custom)
2024-02-27 21:40:19,816 [2da9303e-6724-4504-a4a5-d250e7d22259-groupManagement] INFO  server.RaftServerConfigKeys (ConfUtils.java:logGet(46)) - raft.server.log.segment.cache.num.max = 2 (custom)
2024-02-27 21:40:19,816 [2da9303e-6724-4504-a4a5-d250e7d22259-groupManagement] INFO  server.RaftServerConfigKeys (ConfUtils.java:logGet(46)) - raft.server.log.segment.cache.size.max = 200MB (=209715200) (default)
2024-02-27 21:40:19,816 [2da9303e-6724-4504-a4a5-d250e7d22259-groupManagement] INFO  server.RaftServerConfigKeys (ConfUtils.java:logGet(46)) - raft.server.log.appender.buffer.byte-limit = 8388608 (custom)
2024-02-27 21:40:19,816 [2da9303e-6724-4504-a4a5-d250e7d22259-groupManagement] INFO  util.AwaitToRun (AwaitToRun.java:start(81)) - Thread[2da9303e-6724-4504-a4a5-d250e7d22259@group-ED4D28972EF5-cacheEviction-AwaitToRun,5,main] started
2024-02-27 21:40:19,817 [2da9303e-6724-4504-a4a5-d250e7d22259-groupManagement] INFO  segmented.SegmentedRaftLogWorker (SegmentedRaftLogWorker.java:<init>(182)) - new 2da9303e-6724-4504-a4a5-d250e7d22259@group-ED4D28972EF5-SegmentedRaftLogWorker for RaftStorageImpl:Storage Directory /home/runner/work/ozone/ozone/hadoop-ozone/integration-test/target/test-dir/MiniOzoneClusterImpl-6e3a073c-9bdc-4deb-8550-ef77f821b5e4/ozone-meta/datanode-6/ratis/b8b980ba-a45e-4db6-b288-ed4d28972ef5
2024-02-27 21:40:19,817 [2da9303e-6724-4504-a4a5-d250e7d22259-groupManagement] INFO  server.RaftServerConfigKeys (ConfUtils.java:logGet(46)) - raft.server.log.queue.byte-limit = 4294967296 (custom)
2024-02-27 21:40:19,817 [2da9303e-6724-4504-a4a5-d250e7d22259-groupManagement] INFO  server.RaftServerConfigKeys (ConfUtils.java:logGet(46)) - raft.server.log.queue.element-limit = 1024 (custom)
2024-02-27 21:40:19,817 [2da9303e-6724-4504-a4a5-d250e7d22259-groupManagement] INFO  server.RaftServerConfigKeys (ConfUtils.java:logGet(46)) - raft.server.log.segment.size.max = 67108864 (custom)
2024-02-27 21:40:19,817 [2da9303e-6724-4504-a4a5-d250e7d22259-groupManagement] INFO  server.RaftServerConfigKeys (ConfUtils.java:logGet(46)) - raft.server.log.preallocated.size = 4194304 (custom)
2024-02-27 21:40:19,817 [2da9303e-6724-4504-a4a5-d250e7d22259-groupManagement] INFO  server.RaftServerConfigKeys (ConfUtils.java:logGet(46)) - raft.server.log.force.sync.num = 128 (default)
2024-02-27 21:40:19,817 [2da9303e-6724-4504-a4a5-d250e7d22259-groupManagement] INFO  server.RaftServerConfigKeys (ConfUtils.java:logGet(46)) - raft.server.log.statemachine.data.sync = true (default)
2024-02-27 21:40:19,817 [2da9303e-6724-4504-a4a5-d250e7d22259-groupManagement] INFO  server.RaftServerConfigKeys (ConfUtils.java:logGet(46)) - raft.server.log.statemachine.data.sync.timeout = 10s (default)
2024-02-27 21:40:19,817 [2da9303e-6724-4504-a4a5-d250e7d22259-groupManagement] INFO  server.RaftServerConfigKeys (ConfUtils.java:logGet(46)) - raft.server.log.statemachine.data.sync.timeout.retry = 0 (custom)
2024-02-27 21:40:19,817 [2da9303e-6724-4504-a4a5-d250e7d22259-groupManagement] INFO  server.RaftServerConfigKeys (ConfUtils.java:logGet(46)) - raft.server.log.write.buffer.size = 8388616 (custom)
2024-02-27 21:40:19,818 [2da9303e-6724-4504-a4a5-d250e7d22259-groupManagement] INFO  server.RaftServerConfigKeys (ConfUtils.java:logGet(46)) - raft.server.log.appender.buffer.byte-limit = 8388608 (custom)
2024-02-27 21:40:19,818 [2da9303e-6724-4504-a4a5-d250e7d22259-groupManagement] INFO  server.RaftServerConfigKeys (ConfUtils.java:logGet(46)) - raft.server.log.unsafe-flush.enabled = false (default)
2024-02-27 21:40:19,818 [2da9303e-6724-4504-a4a5-d250e7d22259-groupManagement] INFO  server.RaftServerConfigKeys (ConfUtils.java:logGet(46)) - raft.server.log.async-flush.enabled = false (default)
2024-02-27 21:40:19,819 [2da9303e-6724-4504-a4a5-d250e7d22259-groupManagement] INFO  server.RaftServerConfigKeys (ConfUtils.java:logGet(46)) - raft.server.log.statemachine.data.caching.enabled = true (custom)
2024-02-27 21:40:19,819 [2da9303e-6724-4504-a4a5-d250e7d22259-groupManagement] INFO  segmented.SegmentedRaftLogWorker (SegmentedRaftLogWorker.java:lambda$new$0(134)) - 2da9303e-6724-4504-a4a5-d250e7d22259@group-ED4D28972EF5-SegmentedRaftLogWorker: flushIndex: setUnconditionally 0 -> -1
2024-02-27 21:40:19,819 [2da9303e-6724-4504-a4a5-d250e7d22259-groupManagement] INFO  segmented.SegmentedRaftLogWorker (SegmentedRaftLogWorker.java:lambda$new$0(134)) - 2da9303e-6724-4504-a4a5-d250e7d22259@group-ED4D28972EF5-SegmentedRaftLogWorker: safeCacheEvictIndex: setUnconditionally 0 -> -1
2024-02-27 21:40:19,819 [2da9303e-6724-4504-a4a5-d250e7d22259-groupManagement] INFO  server.RaftServer$Division (RaftServerImpl.java:start(396)) - 2da9303e-6724-4504-a4a5-d250e7d22259@group-ED4D28972EF5: start as a follower, conf=-1: peers:[a4a9caa5-f98a-4b6d-87b4-17f7eca85f0e|10.1.0.18:15120, 2da9303e-6724-4504-a4a5-d250e7d22259|10.1.0.18:15156, acd5b146-ec22-4575-ab5b-633d0d82c7a3|10.1.0.18:15147]|listeners:[], old=null
2024-02-27 21:40:19,819 [2da9303e-6724-4504-a4a5-d250e7d22259-groupManagement] INFO  server.RaftServer$Division (RaftServerImpl.java:setRole(383)) - 2da9303e-6724-4504-a4a5-d250e7d22259@group-ED4D28972EF5: changes role from      null to FOLLOWER at term 0 for startAsFollower
2024-02-27 21:40:19,819 [2da9303e-6724-4504-a4a5-d250e7d22259-groupManagement] INFO  impl.RoleInfo (RoleInfo.java:updateAndGet(139)) - 2da9303e-6724-4504-a4a5-d250e7d22259: start 2da9303e-6724-4504-a4a5-d250e7d22259@group-ED4D28972EF5-FollowerState
2024-02-27 21:40:19,819 [2da9303e-6724-4504-a4a5-d250e7d22259-groupManagement] INFO  util.JmxRegister (JmxRegister.java:tryRegister(44)) - Successfully registered JMX Bean with object name Ratis:service=RaftServer,group=group-ED4D28972EF5,id=2da9303e-6724-4504-a4a5-d250e7d22259
2024-02-27 21:40:19,819 [2da9303e-6724-4504-a4a5-d250e7d22259@group-ED4D28972EF5-FollowerState] INFO  server.RaftServerConfigKeys (ConfUtils.java:logFallback(53)) - raft.server.rpc.first-election.timeout.min = 5s (fallback to raft.server.rpc.timeout.min)
2024-02-27 21:40:19,819 [2da9303e-6724-4504-a4a5-d250e7d22259-groupManagement] INFO  server.RaftServerConfigKeys (ConfUtils.java:logGet(46)) - raft.server.snapshot.trigger-when-stop.enabled = true (default)
2024-02-27 21:40:19,819 [2da9303e-6724-4504-a4a5-d250e7d22259@group-ED4D28972EF5-FollowerState] INFO  server.RaftServerConfigKeys (ConfUtils.java:logFallback(53)) - raft.server.rpc.first-election.timeout.max = 5200ms (fallback to raft.server.rpc.timeout.max)
2024-02-27 21:40:19,819 [2da9303e-6724-4504-a4a5-d250e7d22259-groupManagement] INFO  server.RaftServerConfigKeys (ConfUtils.java:logGet(46)) - raft.server.snapshot.auto.trigger.enabled = true (custom)
2024-02-27 21:40:19,819 [2da9303e-6724-4504-a4a5-d250e7d22259-groupManagement] INFO  server.RaftServerConfigKeys (ConfUtils.java:logGet(46)) - raft.server.snapshot.auto.trigger.threshold = 10000 (custom)
2024-02-27 21:40:19,820 [2da9303e-6724-4504-a4a5-d250e7d22259-groupManagement] INFO  server.RaftServerConfigKeys (ConfUtils.java:logGet(46)) - raft.server.snapshot.retention.file.num = 5 (custom)
2024-02-27 21:40:19,820 [2da9303e-6724-4504-a4a5-d250e7d22259-groupManagement] INFO  server.RaftServerConfigKeys (ConfUtils.java:logGet(46)) - raft.server.log.purge.upto.snapshot.index = false (default)
2024-02-27 21:40:19,824 [a4a9caa5-f98a-4b6d-87b4-17f7eca85f0e-PipelineCommandHandlerThread-0] INFO  commandhandler.CreatePipelineCommandHandler (CreatePipelineCommandHandler.java:lambda$handle$2(124)) - Created Pipeline RATIS THREE PipelineID=b8b980ba-a45e-4db6-b288-ed4d28972ef5.
2024-02-27 21:40:19,991 [2818fa5f-cc14-4867-ab22-981a54c2b243-PipelineCommandHandlerThread-0] INFO  server.RaftServer (RaftServerProxy.java:addNew(100)) - 2818fa5f-cc14-4867-ab22-981a54c2b243: addNew group-5DEEE22C8A53:[7299b60a-1361-4038-9b5b-8cb416051416|10.1.0.18:15129, 2818fa5f-cc14-4867-ab22-981a54c2b243|10.1.0.18:15138, 2da9303e-6724-4504-a4a5-d250e7d22259|10.1.0.18:15156] returns group-5DEEE22C8A53:java.util.concurrent.CompletableFuture@31c89e13[Not completed]
2024-02-27 21:40:19,992 [2818fa5f-cc14-4867-ab22-981a54c2b243-groupManagement] INFO  server.RaftServer$Division (RaftServerImpl.java:<init>(256)) - 2818fa5f-cc14-4867-ab22-981a54c2b243: new RaftServerImpl for group-5DEEE22C8A53:[7299b60a-1361-4038-9b5b-8cb416051416|10.1.0.18:15129, 2818fa5f-cc14-4867-ab22-981a54c2b243|10.1.0.18:15138, 2da9303e-6724-4504-a4a5-d250e7d22259|10.1.0.18:15156] with ContainerStateMachine:uninitialized
2024-02-27 21:40:19,992 [2818fa5f-cc14-4867-ab22-981a54c2b243-groupManagement] INFO  server.RaftServerConfigKeys (ConfUtils.java:logGet(46)) - raft.server.rpc.timeout.min = 5s (custom)
2024-02-27 21:40:19,992 [2818fa5f-cc14-4867-ab22-981a54c2b243-groupManagement] INFO  server.RaftServerConfigKeys (ConfUtils.java:logGet(46)) - raft.server.rpc.timeout.max = 5200ms (custom)
2024-02-27 21:40:19,992 [2818fa5f-cc14-4867-ab22-981a54c2b243-groupManagement] INFO  server.RaftServerConfigKeys (ConfUtils.java:logGet(46)) - raft.server.rpc.sleep.time = 25ms (default)
2024-02-27 21:40:19,992 [2818fa5f-cc14-4867-ab22-981a54c2b243-groupManagement] INFO  server.RaftServerConfigKeys (ConfUtils.java:logGet(46)) - raft.server.rpc.slowness.timeout = 300s (custom)
2024-02-27 21:40:19,992 [2818fa5f-cc14-4867-ab22-981a54c2b243-groupManagement] INFO  server.RaftServerConfigKeys (ConfUtils.java:logGet(46)) - raft.server.leaderelection.leader.step-down.wait-time = 10s (default)
2024-02-27 21:40:19,992 [2818fa5f-cc14-4867-ab22-981a54c2b243-groupManagement] INFO  server.RaftServerConfigKeys (ConfUtils.java:logGet(46)) - raft.server.leaderelection.member.majority-add = false (default)
2024-02-27 21:40:19,992 [2818fa5f-cc14-4867-ab22-981a54c2b243-groupManagement] INFO  server.RaftServerConfigKeys (ConfUtils.java:logGet(46)) - raft.server.sleep.deviation.threshold = 300ms (default)
2024-02-27 21:40:19,992 [2818fa5f-cc14-4867-ab22-981a54c2b243-groupManagement] INFO  server.RaftServer$Division (ServerState.java:<init>(113)) - 2818fa5f-cc14-4867-ab22-981a54c2b243@group-5DEEE22C8A53: ConfigurationManager, init=-1: peers:[7299b60a-1361-4038-9b5b-8cb416051416|10.1.0.18:15129, 2818fa5f-cc14-4867-ab22-981a54c2b243|10.1.0.18:15138, 2da9303e-6724-4504-a4a5-d250e7d22259|10.1.0.18:15156]|listeners:[], old=null, confs=<EMPTY_MAP>
2024-02-27 21:40:19,992 [2818fa5f-cc14-4867-ab22-981a54c2b243-groupManagement] INFO  server.RaftServerConfigKeys (ConfUtils.java:logGet(46)) - raft.server.notification.no-leader.timeout = 300s (custom)
2024-02-27 21:40:19,992 [2818fa5f-cc14-4867-ab22-981a54c2b243-groupManagement] INFO  server.RaftServerConfigKeys (ConfUtils.java:logGet(46)) - raft.server.read.timeout = 10s (default)
2024-02-27 21:40:19,992 [2818fa5f-cc14-4867-ab22-981a54c2b243-groupManagement] INFO  server.RaftServerConfigKeys (ConfUtils.java:logGet(46)) - raft.server.retrycache.expirytime = 600000ms (custom)
2024-02-27 21:40:19,992 [2818fa5f-cc14-4867-ab22-981a54c2b243-groupManagement] INFO  server.RaftServerConfigKeys (ConfUtils.java:logGet(46)) - raft.server.retrycache.statistics.expirytime = 100ms (default)
2024-02-27 21:40:19,993 [2818fa5f-cc14-4867-ab22-981a54c2b243-groupManagement] INFO  server.RaftServerConfigKeys (ConfUtils.java:logGet(46)) - raft.server.read.option = DEFAULT (default)
2024-02-27 21:40:19,993 [2818fa5f-cc14-4867-ab22-981a54c2b243-groupManagement] INFO  server.RaftServerConfigKeys (ConfUtils.java:logGet(46)) - raft.server.read.read-after-write-consistent.write-index-cache.expiry-time = 60s (default)
2024-02-27 21:40:19,994 [2818fa5f-cc14-4867-ab22-981a54c2b243-groupManagement] INFO  server.RaftServerConfigKeys (ConfUtils.java:logGet(46)) - raft.server.rpc.request.timeout = 60s (custom)
2024-02-27 21:40:19,994 [2818fa5f-cc14-4867-ab22-981a54c2b243-groupManagement] INFO  server.RaftServerConfigKeys (ConfUtils.java:logGet(46)) - raft.server.log.appender.install.snapshot.enabled = false (custom)
2024-02-27 21:40:19,994 [2818fa5f-cc14-4867-ab22-981a54c2b243-groupManagement] INFO  server.RaftServerConfigKeys (ConfUtils.java:logGet(46)) - raft.server.threadpool.server.cached = true (default)
2024-02-27 21:40:19,994 [2818fa5f-cc14-4867-ab22-981a54c2b243-groupManagement] INFO  server.RaftServerConfigKeys (ConfUtils.java:logGet(46)) - raft.server.threadpool.server.size = 0 (default)
2024-02-27 21:40:19,994 [2818fa5f-cc14-4867-ab22-981a54c2b243-groupManagement] INFO  server.RaftServerConfigKeys (ConfUtils.java:logGet(46)) - raft.server.threadpool.client.cached = true (default)
2024-02-27 21:40:19,995 [2818fa5f-cc14-4867-ab22-981a54c2b243-groupManagement] INFO  server.RaftServerConfigKeys (ConfUtils.java:logGet(46)) - raft.server.threadpool.client.size = 0 (default)
2024-02-27 21:40:19,995 [2818fa5f-cc14-4867-ab22-981a54c2b243-groupManagement] INFO  server.RaftServerConfigKeys (ConfUtils.java:logGet(46)) - raft.server.storage.free-space.min = 0MB (=0) (default)
2024-02-27 21:40:19,995 [2818fa5f-cc14-4867-ab22-981a54c2b243-groupManagement] INFO  server.RaftServerConfigKeys (ConfUtils.java:logGet(46)) - raft.server.log.corruption.policy = EXCEPTION (default)
2024-02-27 21:40:19,995 [2818fa5f-cc14-4867-ab22-981a54c2b243-groupManagement] INFO  server.RaftServerConfigKeys (ConfUtils.java:logGet(46)) - raft.server.storage.dir = [/home/runner/work/ozone/ozone/hadoop-ozone/integration-test/target/test-dir/MiniOzoneClusterImpl-6e3a073c-9bdc-4deb-8550-ef77f821b5e4/ozone-meta/datanode-4/ratis] (custom)
2024-02-27 21:40:19,995 [2818fa5f-cc14-4867-ab22-981a54c2b243-groupManagement] INFO  storage.RaftStorageDirectory (RaftStorageDirectoryImpl.java:analyzeStorage(138)) - The storage directory /home/runner/work/ozone/ozone/hadoop-ozone/integration-test/target/test-dir/MiniOzoneClusterImpl-6e3a073c-9bdc-4deb-8550-ef77f821b5e4/ozone-meta/datanode-4/ratis/8a1a8f27-33c5-4349-acd6-5deee22c8a53 does not exist. Creating ...
2024-02-27 21:40:19,997 [2818fa5f-cc14-4867-ab22-981a54c2b243-groupManagement] INFO  storage.RaftStorageDirectory (RaftStorageDirectoryImpl.java:tryLock(228)) - Lock on /home/runner/work/ozone/ozone/hadoop-ozone/integration-test/target/test-dir/MiniOzoneClusterImpl-6e3a073c-9bdc-4deb-8550-ef77f821b5e4/ozone-meta/datanode-4/ratis/8a1a8f27-33c5-4349-acd6-5deee22c8a53/in_use.lock acquired by nodename 32143@fv-az531-651
2024-02-27 21:40:19,998 [2818fa5f-cc14-4867-ab22-981a54c2b243-groupManagement] INFO  storage.RaftStorage (RaftStorageImpl.java:format(99)) - Storage directory /home/runner/work/ozone/ozone/hadoop-ozone/integration-test/target/test-dir/MiniOzoneClusterImpl-6e3a073c-9bdc-4deb-8550-ef77f821b5e4/ozone-meta/datanode-4/ratis/8a1a8f27-33c5-4349-acd6-5deee22c8a53 has been successfully formatted.
2024-02-27 21:40:19,998 [2818fa5f-cc14-4867-ab22-981a54c2b243-groupManagement] WARN  util.FileUtils (LogUtils.java:supplyAndLog(63)) - Failed to Files.newInputStream /home/runner/work/ozone/ozone/hadoop-ozone/integration-test/target/test-dir/MiniOzoneClusterImpl-6e3a073c-9bdc-4deb-8550-ef77f821b5e4/ozone-meta/datanode-4/ratis/8a1a8f27-33c5-4349-acd6-5deee22c8a53/current/raft-meta.conf with options []: java.nio.file.NoSuchFileException: /home/runner/work/ozone/ozone/hadoop-ozone/integration-test/target/test-dir/MiniOzoneClusterImpl-6e3a073c-9bdc-4deb-8550-ef77f821b5e4/ozone-meta/datanode-4/ratis/8a1a8f27-33c5-4349-acd6-5deee22c8a53/current/raft-meta.conf
2024-02-27 21:40:19,998 [2818fa5f-cc14-4867-ab22-981a54c2b243-groupManagement] INFO  ratis.ContainerStateMachine (ContainerStateMachine.java:loadSnapshot(287)) - group-5DEEE22C8A53: The snapshot info is null. Setting the last applied index to:(t:0, i:~)
2024-02-27 21:40:19,998 [2818fa5f-cc14-4867-ab22-981a54c2b243-groupManagement] INFO  server.RaftServerConfigKeys (ConfUtils.java:logGet(46)) - raft.server.log.use.memory = false (default)
2024-02-27 21:40:19,998 [2818fa5f-cc14-4867-ab22-981a54c2b243-groupManagement] INFO  server.RaftServerConfigKeys (ConfUtils.java:logGet(46)) - raft.server.log.purge.gap = 1000000 (custom)
2024-02-27 21:40:19,999 [2818fa5f-cc14-4867-ab22-981a54c2b243-groupManagement] INFO  server.RaftServerConfigKeys (ConfUtils.java:logGet(46)) - raft.server.log.appender.buffer.byte-limit = 8388608 (custom)
2024-02-27 21:40:19,999 [2818fa5f-cc14-4867-ab22-981a54c2b243-groupManagement] INFO  server.RaftServerConfigKeys (ConfUtils.java:logGet(46)) - raft.server.log.statemachine.data.read.timeout = 1000ms (default)
2024-02-27 21:40:19,999 [2818fa5f-cc14-4867-ab22-981a54c2b243-groupManagement] INFO  server.RaftServerConfigKeys (ConfUtils.java:logGet(46)) - raft.server.log.purge.preservation.log.num = 0 (default)
2024-02-27 21:40:20,000 [2818fa5f-cc14-4867-ab22-981a54c2b243-groupManagement] INFO  server.RaftServerConfigKeys (ConfUtils.java:logGet(46)) - raft.server.log.segment.size.max = 67108864 (custom)
2024-02-27 21:40:20,000 [2818fa5f-cc14-4867-ab22-981a54c2b243-groupManagement] INFO  server.RaftServerConfigKeys (ConfUtils.java:logGet(46)) - raft.server.log.segment.cache.num.max = 2 (custom)
2024-02-27 21:40:20,000 [2818fa5f-cc14-4867-ab22-981a54c2b243-groupManagement] INFO  server.RaftServerConfigKeys (ConfUtils.java:logGet(46)) - raft.server.log.segment.cache.size.max = 200MB (=209715200) (default)
2024-02-27 21:40:20,001 [2818fa5f-cc14-4867-ab22-981a54c2b243-groupManagement] INFO  server.RaftServerConfigKeys (ConfUtils.java:logGet(46)) - raft.server.log.appender.buffer.byte-limit = 8388608 (custom)
2024-02-27 21:40:20,001 [2818fa5f-cc14-4867-ab22-981a54c2b243-groupManagement] INFO  util.AwaitToRun (AwaitToRun.java:start(81)) - Thread[2818fa5f-cc14-4867-ab22-981a54c2b243@group-5DEEE22C8A53-cacheEviction-AwaitToRun,5,main] started
2024-02-27 21:40:20,001 [2818fa5f-cc14-4867-ab22-981a54c2b243-groupManagement] INFO  segmented.SegmentedRaftLogWorker (SegmentedRaftLogWorker.java:<init>(182)) - new 2818fa5f-cc14-4867-ab22-981a54c2b243@group-5DEEE22C8A53-SegmentedRaftLogWorker for RaftStorageImpl:Storage Directory /home/runner/work/ozone/ozone/hadoop-ozone/integration-test/target/test-dir/MiniOzoneClusterImpl-6e3a073c-9bdc-4deb-8550-ef77f821b5e4/ozone-meta/datanode-4/ratis/8a1a8f27-33c5-4349-acd6-5deee22c8a53
2024-02-27 21:40:20,001 [2818fa5f-cc14-4867-ab22-981a54c2b243-groupManagement] INFO  server.RaftServerConfigKeys (ConfUtils.java:logGet(46)) - raft.server.log.queue.byte-limit = 4294967296 (custom)
2024-02-27 21:40:20,001 [2818fa5f-cc14-4867-ab22-981a54c2b243-groupManagement] INFO  server.RaftServerConfigKeys (ConfUtils.java:logGet(46)) - raft.server.log.queue.element-limit = 1024 (custom)
2024-02-27 21:40:20,001 [2818fa5f-cc14-4867-ab22-981a54c2b243-groupManagement] INFO  server.RaftServerConfigKeys (ConfUtils.java:logGet(46)) - raft.server.log.segment.size.max = 67108864 (custom)
2024-02-27 21:40:20,001 [2818fa5f-cc14-4867-ab22-981a54c2b243-groupManagement] INFO  server.RaftServerConfigKeys (ConfUtils.java:logGet(46)) - raft.server.log.preallocated.size = 4194304 (custom)
2024-02-27 21:40:20,001 [2818fa5f-cc14-4867-ab22-981a54c2b243-groupManagement] INFO  server.RaftServerConfigKeys (ConfUtils.java:logGet(46)) - raft.server.log.force.sync.num = 128 (default)
2024-02-27 21:40:20,001 [2818fa5f-cc14-4867-ab22-981a54c2b243-groupManagement] INFO  server.RaftServerConfigKeys (ConfUtils.java:logGet(46)) - raft.server.log.statemachine.data.sync = true (default)
2024-02-27 21:40:20,001 [2818fa5f-cc14-4867-ab22-981a54c2b243-groupManagement] INFO  server.RaftServerConfigKeys (ConfUtils.java:logGet(46)) - raft.server.log.statemachine.data.sync.timeout = 10s (default)
2024-02-27 21:40:20,001 [2818fa5f-cc14-4867-ab22-981a54c2b243-groupManagement] INFO  server.RaftServerConfigKeys (ConfUtils.java:logGet(46)) - raft.server.log.statemachine.data.sync.timeout.retry = 0 (custom)
2024-02-27 21:40:20,001 [2818fa5f-cc14-4867-ab22-981a54c2b243-groupManagement] INFO  server.RaftServerConfigKeys (ConfUtils.java:logGet(46)) - raft.server.log.write.buffer.size = 8388616 (custom)
2024-02-27 21:40:20,003 [2818fa5f-cc14-4867-ab22-981a54c2b243-groupManagement] INFO  server.RaftServerConfigKeys (ConfUtils.java:logGet(46)) - raft.server.log.appender.buffer.byte-limit = 8388608 (custom)
2024-02-27 21:40:20,003 [2818fa5f-cc14-4867-ab22-981a54c2b243-groupManagement] INFO  server.RaftServerConfigKeys (ConfUtils.java:logGet(46)) - raft.server.log.unsafe-flush.enabled = false (default)
2024-02-27 21:40:20,003 [2818fa5f-cc14-4867-ab22-981a54c2b243-groupManagement] INFO  server.RaftServerConfigKeys (ConfUtils.java:logGet(46)) - raft.server.log.async-flush.enabled = false (default)
2024-02-27 21:40:20,003 [2818fa5f-cc14-4867-ab22-981a54c2b243-groupManagement] INFO  server.RaftServerConfigKeys (ConfUtils.java:logGet(46)) - raft.server.log.statemachine.data.caching.enabled = true (custom)
2024-02-27 21:40:20,003 [2818fa5f-cc14-4867-ab22-981a54c2b243-groupManagement] INFO  segmented.SegmentedRaftLogWorker (SegmentedRaftLogWorker.java:lambda$new$0(134)) - 2818fa5f-cc14-4867-ab22-981a54c2b243@group-5DEEE22C8A53-SegmentedRaftLogWorker: flushIndex: setUnconditionally 0 -> -1
2024-02-27 21:40:20,003 [2818fa5f-cc14-4867-ab22-981a54c2b243-groupManagement] INFO  segmented.SegmentedRaftLogWorker (SegmentedRaftLogWorker.java:lambda$new$0(134)) - 2818fa5f-cc14-4867-ab22-981a54c2b243@group-5DEEE22C8A53-SegmentedRaftLogWorker: safeCacheEvictIndex: setUnconditionally 0 -> -1
2024-02-27 21:40:20,003 [2818fa5f-cc14-4867-ab22-981a54c2b243-groupManagement] INFO  server.RaftServer$Division (RaftServerImpl.java:start(396)) - 2818fa5f-cc14-4867-ab22-981a54c2b243@group-5DEEE22C8A53: start as a follower, conf=-1: peers:[7299b60a-1361-4038-9b5b-8cb416051416|10.1.0.18:15129, 2818fa5f-cc14-4867-ab22-981a54c2b243|10.1.0.18:15138, 2da9303e-6724-4504-a4a5-d250e7d22259|10.1.0.18:15156]|listeners:[], old=null
2024-02-27 21:40:20,003 [2818fa5f-cc14-4867-ab22-981a54c2b243-groupManagement] INFO  server.RaftServer$Division (RaftServerImpl.java:setRole(383)) - 2818fa5f-cc14-4867-ab22-981a54c2b243@group-5DEEE22C8A53: changes role from      null to FOLLOWER at term 0 for startAsFollower
2024-02-27 21:40:20,004 [2818fa5f-cc14-4867-ab22-981a54c2b243-groupManagement] INFO  impl.RoleInfo (RoleInfo.java:updateAndGet(139)) - 2818fa5f-cc14-4867-ab22-981a54c2b243: start 2818fa5f-cc14-4867-ab22-981a54c2b243@group-5DEEE22C8A53-FollowerState
2024-02-27 21:40:20,007 [2818fa5f-cc14-4867-ab22-981a54c2b243-groupManagement] INFO  util.JmxRegister (JmxRegister.java:tryRegister(44)) - Successfully registered JMX Bean with object name Ratis:service=RaftServer,group=group-5DEEE22C8A53,id=2818fa5f-cc14-4867-ab22-981a54c2b243
2024-02-27 21:40:20,007 [2818fa5f-cc14-4867-ab22-981a54c2b243-groupManagement] INFO  server.RaftServerConfigKeys (ConfUtils.java:logGet(46)) - raft.server.snapshot.trigger-when-stop.enabled = true (default)
2024-02-27 21:40:20,007 [2818fa5f-cc14-4867-ab22-981a54c2b243-groupManagement] INFO  server.RaftServerConfigKeys (ConfUtils.java:logGet(46)) - raft.server.snapshot.auto.trigger.enabled = true (custom)
2024-02-27 21:40:20,007 [2818fa5f-cc14-4867-ab22-981a54c2b243-groupManagement] INFO  server.RaftServerConfigKeys (ConfUtils.java:logGet(46)) - raft.server.snapshot.auto.trigger.threshold = 10000 (custom)
2024-02-27 21:40:20,007 [2818fa5f-cc14-4867-ab22-981a54c2b243-groupManagement] INFO  server.RaftServerConfigKeys (ConfUtils.java:logGet(46)) - raft.server.snapshot.retention.file.num = 5 (custom)
2024-02-27 21:40:20,007 [2818fa5f-cc14-4867-ab22-981a54c2b243-groupManagement] INFO  server.RaftServerConfigKeys (ConfUtils.java:logGet(46)) - raft.server.log.purge.upto.snapshot.index = false (default)
2024-02-27 21:40:20,008 [2818fa5f-cc14-4867-ab22-981a54c2b243-PipelineCommandHandlerThread-0] INFO  ratis.XceiverServerRatis (XceiverServerRatis.java:addGroup(864)) - Created group PipelineID=8a1a8f27-33c5-4349-acd6-5deee22c8a53
2024-02-27 21:40:20,008 [2818fa5f-cc14-4867-ab22-981a54c2b243@group-5DEEE22C8A53-FollowerState] INFO  server.RaftServerConfigKeys (ConfUtils.java:logFallback(53)) - raft.server.rpc.first-election.timeout.min = 5s (fallback to raft.server.rpc.timeout.min)
2024-02-27 21:40:20,008 [2818fa5f-cc14-4867-ab22-981a54c2b243@group-5DEEE22C8A53-FollowerState] INFO  server.RaftServerConfigKeys (ConfUtils.java:logFallback(53)) - raft.server.rpc.first-election.timeout.max = 5200ms (fallback to raft.server.rpc.timeout.max)
2024-02-27 21:40:20,009 [2da9303e-6724-4504-a4a5-d250e7d22259-PipelineCommandHandlerThread-0] INFO  server.RaftServer (RaftServerProxy.java:addNew(100)) - 2da9303e-6724-4504-a4a5-d250e7d22259: addNew group-5DEEE22C8A53:[7299b60a-1361-4038-9b5b-8cb416051416|10.1.0.18:15129, 2818fa5f-cc14-4867-ab22-981a54c2b243|10.1.0.18:15138, 2da9303e-6724-4504-a4a5-d250e7d22259|10.1.0.18:15156] returns group-5DEEE22C8A53:java.util.concurrent.CompletableFuture@64a6f1f7[Not completed]
2024-02-27 21:40:20,010 [2da9303e-6724-4504-a4a5-d250e7d22259-groupManagement] INFO  server.RaftServer$Division (RaftServerImpl.java:<init>(256)) - 2da9303e-6724-4504-a4a5-d250e7d22259: new RaftServerImpl for group-5DEEE22C8A53:[7299b60a-1361-4038-9b5b-8cb416051416|10.1.0.18:15129, 2818fa5f-cc14-4867-ab22-981a54c2b243|10.1.0.18:15138, 2da9303e-6724-4504-a4a5-d250e7d22259|10.1.0.18:15156] with ContainerStateMachine:uninitialized
2024-02-27 21:40:20,010 [2da9303e-6724-4504-a4a5-d250e7d22259-groupManagement] INFO  server.RaftServerConfigKeys (ConfUtils.java:logGet(46)) - raft.server.rpc.timeout.min = 5s (custom)
2024-02-27 21:40:20,010 [2da9303e-6724-4504-a4a5-d250e7d22259-groupManagement] INFO  server.RaftServerConfigKeys (ConfUtils.java:logGet(46)) - raft.server.rpc.timeout.max = 5200ms (custom)
2024-02-27 21:40:20,010 [2da9303e-6724-4504-a4a5-d250e7d22259-groupManagement] INFO  server.RaftServerConfigKeys (ConfUtils.java:logGet(46)) - raft.server.rpc.sleep.time = 25ms (default)
2024-02-27 21:40:20,010 [2da9303e-6724-4504-a4a5-d250e7d22259-groupManagement] INFO  server.RaftServerConfigKeys (ConfUtils.java:logGet(46)) - raft.server.rpc.slowness.timeout = 300s (custom)
2024-02-27 21:40:20,010 [2da9303e-6724-4504-a4a5-d250e7d22259-groupManagement] INFO  server.RaftServerConfigKeys (ConfUtils.java:logGet(46)) - raft.server.leaderelection.leader.step-down.wait-time = 10s (default)
2024-02-27 21:40:20,010 [2da9303e-6724-4504-a4a5-d250e7d22259-groupManagement] INFO  server.RaftServerConfigKeys (ConfUtils.java:logGet(46)) - raft.server.leaderelection.member.majority-add = false (default)
2024-02-27 21:40:20,010 [2da9303e-6724-4504-a4a5-d250e7d22259-groupManagement] INFO  server.RaftServerConfigKeys (ConfUtils.java:logGet(46)) - raft.server.sleep.deviation.threshold = 300ms (default)
2024-02-27 21:40:20,010 [2da9303e-6724-4504-a4a5-d250e7d22259-groupManagement] INFO  server.RaftServer$Division (ServerState.java:<init>(113)) - 2da9303e-6724-4504-a4a5-d250e7d22259@group-5DEEE22C8A53: ConfigurationManager, init=-1: peers:[7299b60a-1361-4038-9b5b-8cb416051416|10.1.0.18:15129, 2818fa5f-cc14-4867-ab22-981a54c2b243|10.1.0.18:15138, 2da9303e-6724-4504-a4a5-d250e7d22259|10.1.0.18:15156]|listeners:[], old=null, confs=<EMPTY_MAP>
2024-02-27 21:40:20,010 [2da9303e-6724-4504-a4a5-d250e7d22259-groupManagement] INFO  server.RaftServerConfigKeys (ConfUtils.java:logGet(46)) - raft.server.notification.no-leader.timeout = 300s (custom)
2024-02-27 21:40:20,010 [2da9303e-6724-4504-a4a5-d250e7d22259-groupManagement] INFO  server.RaftServerConfigKeys (ConfUtils.java:logGet(46)) - raft.server.read.timeout = 10s (default)
2024-02-27 21:40:20,010 [2da9303e-6724-4504-a4a5-d250e7d22259-groupManagement] INFO  server.RaftServerConfigKeys (ConfUtils.java:logGet(46)) - raft.server.retrycache.expirytime = 600000ms (custom)
2024-02-27 21:40:20,010 [2da9303e-6724-4504-a4a5-d250e7d22259-groupManagement] INFO  server.RaftServerConfigKeys (ConfUtils.java:logGet(46)) - raft.server.retrycache.statistics.expirytime = 100ms (default)
2024-02-27 21:40:20,010 [2da9303e-6724-4504-a4a5-d250e7d22259-groupManagement] INFO  server.RaftServerConfigKeys (ConfUtils.java:logGet(46)) - raft.server.read.option = DEFAULT (default)
2024-02-27 21:40:20,010 [2da9303e-6724-4504-a4a5-d250e7d22259-groupManagement] INFO  server.RaftServerConfigKeys (ConfUtils.java:logGet(46)) - raft.server.read.read-after-write-consistent.write-index-cache.expiry-time = 60s (default)
2024-02-27 21:40:20,013 [2da9303e-6724-4504-a4a5-d250e7d22259-groupManagement] INFO  server.RaftServerConfigKeys (ConfUtils.java:logGet(46)) - raft.server.rpc.request.timeout = 60s (custom)
2024-02-27 21:40:20,013 [2da9303e-6724-4504-a4a5-d250e7d22259-groupManagement] INFO  server.RaftServerConfigKeys (ConfUtils.java:logGet(46)) - raft.server.log.appender.install.snapshot.enabled = false (custom)
2024-02-27 21:40:20,013 [2da9303e-6724-4504-a4a5-d250e7d22259-groupManagement] INFO  server.RaftServerConfigKeys (ConfUtils.java:logGet(46)) - raft.server.threadpool.server.cached = true (default)
2024-02-27 21:40:20,013 [2da9303e-6724-4504-a4a5-d250e7d22259-groupManagement] INFO  server.RaftServerConfigKeys (ConfUtils.java:logGet(46)) - raft.server.threadpool.server.size = 0 (default)
2024-02-27 21:40:20,013 [2da9303e-6724-4504-a4a5-d250e7d22259-groupManagement] INFO  server.RaftServerConfigKeys (ConfUtils.java:logGet(46)) - raft.server.threadpool.client.cached = true (default)
2024-02-27 21:40:20,013 [2da9303e-6724-4504-a4a5-d250e7d22259-groupManagement] INFO  server.RaftServerConfigKeys (ConfUtils.java:logGet(46)) - raft.server.threadpool.client.size = 0 (default)
2024-02-27 21:40:20,013 [2da9303e-6724-4504-a4a5-d250e7d22259-groupManagement] INFO  server.RaftServerConfigKeys (ConfUtils.java:logGet(46)) - raft.server.storage.free-space.min = 0MB (=0) (default)
2024-02-27 21:40:20,013 [2da9303e-6724-4504-a4a5-d250e7d22259-groupManagement] INFO  server.RaftServerConfigKeys (ConfUtils.java:logGet(46)) - raft.server.log.corruption.policy = EXCEPTION (default)
2024-02-27 21:40:20,013 [2da9303e-6724-4504-a4a5-d250e7d22259-groupManagement] INFO  server.RaftServerConfigKeys (ConfUtils.java:logGet(46)) - raft.server.storage.dir = [/home/runner/work/ozone/ozone/hadoop-ozone/integration-test/target/test-dir/MiniOzoneClusterImpl-6e3a073c-9bdc-4deb-8550-ef77f821b5e4/ozone-meta/datanode-6/ratis] (custom)
2024-02-27 21:40:20,013 [2da9303e-6724-4504-a4a5-d250e7d22259-groupManagement] INFO  storage.RaftStorageDirectory (RaftStorageDirectoryImpl.java:analyzeStorage(138)) - The storage directory /home/runner/work/ozone/ozone/hadoop-ozone/integration-test/target/test-dir/MiniOzoneClusterImpl-6e3a073c-9bdc-4deb-8550-ef77f821b5e4/ozone-meta/datanode-6/ratis/8a1a8f27-33c5-4349-acd6-5deee22c8a53 does not exist. Creating ...
2024-02-27 21:40:20,014 [2da9303e-6724-4504-a4a5-d250e7d22259-groupManagement] INFO  storage.RaftStorageDirectory (RaftStorageDirectoryImpl.java:tryLock(228)) - Lock on /home/runner/work/ozone/ozone/hadoop-ozone/integration-test/target/test-dir/MiniOzoneClusterImpl-6e3a073c-9bdc-4deb-8550-ef77f821b5e4/ozone-meta/datanode-6/ratis/8a1a8f27-33c5-4349-acd6-5deee22c8a53/in_use.lock acquired by nodename 32143@fv-az531-651
2024-02-27 21:40:20,015 [grpc-default-executor-2] INFO  server.RaftServer (RaftServerProxy.java:addNew(100)) - 7299b60a-1361-4038-9b5b-8cb416051416: addNew group-5DEEE22C8A53:[7299b60a-1361-4038-9b5b-8cb416051416|10.1.0.18:15129, 2818fa5f-cc14-4867-ab22-981a54c2b243|10.1.0.18:15138, 2da9303e-6724-4504-a4a5-d250e7d22259|10.1.0.18:15156] returns group-5DEEE22C8A53:java.util.concurrent.CompletableFuture@7745bf3d[Not completed]
2024-02-27 21:40:20,015 [7299b60a-1361-4038-9b5b-8cb416051416-groupManagement] INFO  server.RaftServer$Division (RaftServerImpl.java:<init>(256)) - 7299b60a-1361-4038-9b5b-8cb416051416: new RaftServerImpl for group-5DEEE22C8A53:[7299b60a-1361-4038-9b5b-8cb416051416|10.1.0.18:15129, 2818fa5f-cc14-4867-ab22-981a54c2b243|10.1.0.18:15138, 2da9303e-6724-4504-a4a5-d250e7d22259|10.1.0.18:15156] with ContainerStateMachine:uninitialized
2024-02-27 21:40:20,016 [7299b60a-1361-4038-9b5b-8cb416051416-groupManagement] INFO  server.RaftServerConfigKeys (ConfUtils.java:logGet(46)) - raft.server.rpc.timeout.min = 5s (custom)
2024-02-27 21:40:20,016 [7299b60a-1361-4038-9b5b-8cb416051416-groupManagement] INFO  server.RaftServerConfigKeys (ConfUtils.java:logGet(46)) - raft.server.rpc.timeout.max = 5200ms (custom)
2024-02-27 21:40:20,016 [7299b60a-1361-4038-9b5b-8cb416051416-groupManagement] INFO  server.RaftServerConfigKeys (ConfUtils.java:logGet(46)) - raft.server.rpc.sleep.time = 25ms (default)
2024-02-27 21:40:20,016 [7299b60a-1361-4038-9b5b-8cb416051416-groupManagement] INFO  server.RaftServerConfigKeys (ConfUtils.java:logGet(46)) - raft.server.rpc.slowness.timeout = 300s (custom)
2024-02-27 21:40:20,016 [7299b60a-1361-4038-9b5b-8cb416051416-groupManagement] INFO  server.RaftServerConfigKeys (ConfUtils.java:logGet(46)) - raft.server.leaderelection.leader.step-down.wait-time = 10s (default)
2024-02-27 21:40:20,016 [7299b60a-1361-4038-9b5b-8cb416051416-groupManagement] INFO  server.RaftServerConfigKeys (ConfUtils.java:logGet(46)) - raft.server.leaderelection.member.majority-add = false (default)
2024-02-27 21:40:20,016 [7299b60a-1361-4038-9b5b-8cb416051416-groupManagement] INFO  server.RaftServerConfigKeys (ConfUtils.java:logGet(46)) - raft.server.sleep.deviation.threshold = 300ms (default)
2024-02-27 21:40:20,016 [2da9303e-6724-4504-a4a5-d250e7d22259-groupManagement] INFO  storage.RaftStorage (RaftStorageImpl.java:format(99)) - Storage directory /home/runner/work/ozone/ozone/hadoop-ozone/integration-test/target/test-dir/MiniOzoneClusterImpl-6e3a073c-9bdc-4deb-8550-ef77f821b5e4/ozone-meta/datanode-6/ratis/8a1a8f27-33c5-4349-acd6-5deee22c8a53 has been successfully formatted.
2024-02-27 21:40:20,016 [7299b60a-1361-4038-9b5b-8cb416051416-groupManagement] INFO  server.RaftServer$Division (ServerState.java:<init>(113)) - 7299b60a-1361-4038-9b5b-8cb416051416@group-5DEEE22C8A53: ConfigurationManager, init=-1: peers:[7299b60a-1361-4038-9b5b-8cb416051416|10.1.0.18:15129, 2818fa5f-cc14-4867-ab22-981a54c2b243|10.1.0.18:15138, 2da9303e-6724-4504-a4a5-d250e7d22259|10.1.0.18:15156]|listeners:[], old=null, confs=<EMPTY_MAP>
2024-02-27 21:40:20,016 [7299b60a-1361-4038-9b5b-8cb416051416-groupManagement] INFO  server.RaftServerConfigKeys (ConfUtils.java:logGet(46)) - raft.server.notification.no-leader.timeout = 300s (custom)
2024-02-27 21:40:20,016 [7299b60a-1361-4038-9b5b-8cb416051416-groupManagement] INFO  server.RaftServerConfigKeys (ConfUtils.java:logGet(46)) - raft.server.read.timeout = 10s (default)
2024-02-27 21:40:20,016 [7299b60a-1361-4038-9b5b-8cb416051416-groupManagement] INFO  server.RaftServerConfigKeys (ConfUtils.java:logGet(46)) - raft.server.retrycache.expirytime = 600000ms (custom)
2024-02-27 21:40:20,016 [7299b60a-1361-4038-9b5b-8cb416051416-groupManagement] INFO  server.RaftServerConfigKeys (ConfUtils.java:logGet(46)) - raft.server.retrycache.statistics.expirytime = 100ms (default)
2024-02-27 21:40:20,016 [2da9303e-6724-4504-a4a5-d250e7d22259-groupManagement] WARN  util.FileUtils (LogUtils.java:supplyAndLog(63)) - Failed to Files.newInputStream /home/runner/work/ozone/ozone/hadoop-ozone/integration-test/target/test-dir/MiniOzoneClusterImpl-6e3a073c-9bdc-4deb-8550-ef77f821b5e4/ozone-meta/datanode-6/ratis/8a1a8f27-33c5-4349-acd6-5deee22c8a53/current/raft-meta.conf with options []: java.nio.file.NoSuchFileException: /home/runner/work/ozone/ozone/hadoop-ozone/integration-test/target/test-dir/MiniOzoneClusterImpl-6e3a073c-9bdc-4deb-8550-ef77f821b5e4/ozone-meta/datanode-6/ratis/8a1a8f27-33c5-4349-acd6-5deee22c8a53/current/raft-meta.conf
2024-02-27 21:40:20,017 [7299b60a-1361-4038-9b5b-8cb416051416-groupManagement] INFO  server.RaftServerConfigKeys (ConfUtils.java:logGet(46)) - raft.server.read.option = DEFAULT (default)
2024-02-27 21:40:20,017 [7299b60a-1361-4038-9b5b-8cb416051416-groupManagement] INFO  server.RaftServerConfigKeys (ConfUtils.java:logGet(46)) - raft.server.read.read-after-write-consistent.write-index-cache.expiry-time = 60s (default)
2024-02-27 21:40:20,017 [2da9303e-6724-4504-a4a5-d250e7d22259-groupManagement] INFO  ratis.ContainerStateMachine (ContainerStateMachine.java:loadSnapshot(287)) - group-5DEEE22C8A53: The snapshot info is null. Setting the last applied index to:(t:0, i:~)
2024-02-27 21:40:20,017 [2da9303e-6724-4504-a4a5-d250e7d22259-groupManagement] INFO  server.RaftServerConfigKeys (ConfUtils.java:logGet(46)) - raft.server.log.use.memory = false (default)
2024-02-27 21:40:20,017 [2da9303e-6724-4504-a4a5-d250e7d22259-groupManagement] INFO  server.RaftServerConfigKeys (ConfUtils.java:logGet(46)) - raft.server.log.purge.gap = 1000000 (custom)
2024-02-27 21:40:20,017 [2da9303e-6724-4504-a4a5-d250e7d22259-groupManagement] INFO  server.RaftServerConfigKeys (ConfUtils.java:logGet(46)) - raft.server.log.appender.buffer.byte-limit = 8388608 (custom)
2024-02-27 21:40:20,017 [2da9303e-6724-4504-a4a5-d250e7d22259-groupManagement] INFO  server.RaftServerConfigKeys (ConfUtils.java:logGet(46)) - raft.server.log.statemachine.data.read.timeout = 1000ms (default)
2024-02-27 21:40:20,017 [2da9303e-6724-4504-a4a5-d250e7d22259-groupManagement] INFO  server.RaftServerConfigKeys (ConfUtils.java:logGet(46)) - raft.server.log.purge.preservation.log.num = 0 (default)
2024-02-27 21:40:20,018 [7299b60a-1361-4038-9b5b-8cb416051416-groupManagement] INFO  server.RaftServerConfigKeys (ConfUtils.java:logGet(46)) - raft.server.rpc.request.timeout = 60s (custom)
2024-02-27 21:40:20,019 [7299b60a-1361-4038-9b5b-8cb416051416-groupManagement] INFO  server.RaftServerConfigKeys (ConfUtils.java:logGet(46)) - raft.server.log.appender.install.snapshot.enabled = false (custom)
2024-02-27 21:40:20,019 [7299b60a-1361-4038-9b5b-8cb416051416-groupManagement] INFO  server.RaftServerConfigKeys (ConfUtils.java:logGet(46)) - raft.server.threadpool.server.cached = true (default)
2024-02-27 21:40:20,019 [7299b60a-1361-4038-9b5b-8cb416051416-groupManagement] INFO  server.RaftServerConfigKeys (ConfUtils.java:logGet(46)) - raft.server.threadpool.server.size = 0 (default)
2024-02-27 21:40:20,019 [7299b60a-1361-4038-9b5b-8cb416051416-groupManagement] INFO  server.RaftServerConfigKeys (ConfUtils.java:logGet(46)) - raft.server.threadpool.client.cached = true (default)
2024-02-27 21:40:20,019 [7299b60a-1361-4038-9b5b-8cb416051416-groupManagement] INFO  server.RaftServerConfigKeys (ConfUtils.java:logGet(46)) - raft.server.threadpool.client.size = 0 (default)
2024-02-27 21:40:20,019 [7299b60a-1361-4038-9b5b-8cb416051416-groupManagement] INFO  server.RaftServerConfigKeys (ConfUtils.java:logGet(46)) - raft.server.storage.free-space.min = 0MB (=0) (default)
2024-02-27 21:40:20,019 [7299b60a-1361-4038-9b5b-8cb416051416-groupManagement] INFO  server.RaftServerConfigKeys (ConfUtils.java:logGet(46)) - raft.server.log.corruption.policy = EXCEPTION (default)
2024-02-27 21:40:20,019 [7299b60a-1361-4038-9b5b-8cb416051416-groupManagement] INFO  server.RaftServerConfigKeys (ConfUtils.java:logGet(46)) - raft.server.storage.dir = [/home/runner/work/ozone/ozone/hadoop-ozone/integration-test/target/test-dir/MiniOzoneClusterImpl-6e3a073c-9bdc-4deb-8550-ef77f821b5e4/ozone-meta/datanode-3/ratis] (custom)
2024-02-27 21:40:20,019 [7299b60a-1361-4038-9b5b-8cb416051416-groupManagement] INFO  storage.RaftStorageDirectory (RaftStorageDirectoryImpl.java:analyzeStorage(138)) - The storage directory /home/runner/work/ozone/ozone/hadoop-ozone/integration-test/target/test-dir/MiniOzoneClusterImpl-6e3a073c-9bdc-4deb-8550-ef77f821b5e4/ozone-meta/datanode-3/ratis/8a1a8f27-33c5-4349-acd6-5deee22c8a53 does not exist. Creating ...
2024-02-27 21:40:20,020 [7299b60a-1361-4038-9b5b-8cb416051416-groupManagement] INFO  storage.RaftStorageDirectory (RaftStorageDirectoryImpl.java:tryLock(228)) - Lock on /home/runner/work/ozone/ozone/hadoop-ozone/integration-test/target/test-dir/MiniOzoneClusterImpl-6e3a073c-9bdc-4deb-8550-ef77f821b5e4/ozone-meta/datanode-3/ratis/8a1a8f27-33c5-4349-acd6-5deee22c8a53/in_use.lock acquired by nodename 32143@fv-az531-651
2024-02-27 21:40:20,020 [2da9303e-6724-4504-a4a5-d250e7d22259-groupManagement] INFO  server.RaftServerConfigKeys (ConfUtils.java:logGet(46)) - raft.server.log.segment.size.max = 67108864 (custom)
2024-02-27 21:40:20,021 [2da9303e-6724-4504-a4a5-d250e7d22259-groupManagement] INFO  server.RaftServerConfigKeys (ConfUtils.java:logGet(46)) - raft.server.log.segment.cache.num.max = 2 (custom)
2024-02-27 21:40:20,021 [2da9303e-6724-4504-a4a5-d250e7d22259-groupManagement] INFO  server.RaftServerConfigKeys (ConfUtils.java:logGet(46)) - raft.server.log.segment.cache.size.max = 200MB (=209715200) (default)
2024-02-27 21:40:20,021 [2da9303e-6724-4504-a4a5-d250e7d22259-groupManagement] INFO  server.RaftServerConfigKeys (ConfUtils.java:logGet(46)) - raft.server.log.appender.buffer.byte-limit = 8388608 (custom)
2024-02-27 21:40:20,021 [2da9303e-6724-4504-a4a5-d250e7d22259-groupManagement] INFO  util.AwaitToRun (AwaitToRun.java:start(81)) - Thread[2da9303e-6724-4504-a4a5-d250e7d22259@group-5DEEE22C8A53-cacheEviction-AwaitToRun,5,main] started
2024-02-27 21:40:20,021 [2da9303e-6724-4504-a4a5-d250e7d22259-groupManagement] INFO  segmented.SegmentedRaftLogWorker (SegmentedRaftLogWorker.java:<init>(182)) - new 2da9303e-6724-4504-a4a5-d250e7d22259@group-5DEEE22C8A53-SegmentedRaftLogWorker for RaftStorageImpl:Storage Directory /home/runner/work/ozone/ozone/hadoop-ozone/integration-test/target/test-dir/MiniOzoneClusterImpl-6e3a073c-9bdc-4deb-8550-ef77f821b5e4/ozone-meta/datanode-6/ratis/8a1a8f27-33c5-4349-acd6-5deee22c8a53
2024-02-27 21:40:20,021 [2da9303e-6724-4504-a4a5-d250e7d22259-groupManagement] INFO  server.RaftServerConfigKeys (ConfUtils.java:logGet(46)) - raft.server.log.queue.byte-limit = 4294967296 (custom)
2024-02-27 21:40:20,021 [2da9303e-6724-4504-a4a5-d250e7d22259-groupManagement] INFO  server.RaftServerConfigKeys (ConfUtils.java:logGet(46)) - raft.server.log.queue.element-limit = 1024 (custom)
2024-02-27 21:40:20,021 [2da9303e-6724-4504-a4a5-d250e7d22259-groupManagement] INFO  server.RaftServerConfigKeys (ConfUtils.java:logGet(46)) - raft.server.log.segment.size.max = 67108864 (custom)
2024-02-27 21:40:20,021 [2da9303e-6724-4504-a4a5-d250e7d22259-groupManagement] INFO  server.RaftServerConfigKeys (ConfUtils.java:logGet(46)) - raft.server.log.preallocated.size = 4194304 (custom)
2024-02-27 21:40:20,021 [7299b60a-1361-4038-9b5b-8cb416051416-groupManagement] INFO  storage.RaftStorage (RaftStorageImpl.java:format(99)) - Storage directory /home/runner/work/ozone/ozone/hadoop-ozone/integration-test/target/test-dir/MiniOzoneClusterImpl-6e3a073c-9bdc-4deb-8550-ef77f821b5e4/ozone-meta/datanode-3/ratis/8a1a8f27-33c5-4349-acd6-5deee22c8a53 has been successfully formatted.
2024-02-27 21:40:20,021 [7299b60a-1361-4038-9b5b-8cb416051416-groupManagement] WARN  util.FileUtils (LogUtils.java:supplyAndLog(63)) - Failed to Files.newInputStream /home/runner/work/ozone/ozone/hadoop-ozone/integration-test/target/test-dir/MiniOzoneClusterImpl-6e3a073c-9bdc-4deb-8550-ef77f821b5e4/ozone-meta/datanode-3/ratis/8a1a8f27-33c5-4349-acd6-5deee22c8a53/current/raft-meta.conf with options []: java.nio.file.NoSuchFileException: /home/runner/work/ozone/ozone/hadoop-ozone/integration-test/target/test-dir/MiniOzoneClusterImpl-6e3a073c-9bdc-4deb-8550-ef77f821b5e4/ozone-meta/datanode-3/ratis/8a1a8f27-33c5-4349-acd6-5deee22c8a53/current/raft-meta.conf
2024-02-27 21:40:20,022 [7299b60a-1361-4038-9b5b-8cb416051416-groupManagement] INFO  ratis.ContainerStateMachine (ContainerStateMachine.java:loadSnapshot(287)) - group-5DEEE22C8A53: The snapshot info is null. Setting the last applied index to:(t:0, i:~)
2024-02-27 21:40:20,022 [7299b60a-1361-4038-9b5b-8cb416051416-groupManagement] INFO  server.RaftServerConfigKeys (ConfUtils.java:logGet(46)) - raft.server.log.use.memory = false (default)
2024-02-27 21:40:20,022 [7299b60a-1361-4038-9b5b-8cb416051416-groupManagement] INFO  server.RaftServerConfigKeys (ConfUtils.java:logGet(46)) - raft.server.log.purge.gap = 1000000 (custom)
2024-02-27 21:40:20,022 [7299b60a-1361-4038-9b5b-8cb416051416-groupManagement] INFO  server.RaftServerConfigKeys (ConfUtils.java:logGet(46)) - raft.server.log.appender.buffer.byte-limit = 8388608 (custom)
2024-02-27 21:40:20,022 [7299b60a-1361-4038-9b5b-8cb416051416-groupManagement] INFO  server.RaftServerConfigKeys (ConfUtils.java:logGet(46)) - raft.server.log.statemachine.data.read.timeout = 1000ms (default)
2024-02-27 21:40:20,022 [7299b60a-1361-4038-9b5b-8cb416051416-groupManagement] INFO  server.RaftServerConfigKeys (ConfUtils.java:logGet(46)) - raft.server.log.purge.preservation.log.num = 0 (default)
2024-02-27 21:40:20,023 [7299b60a-1361-4038-9b5b-8cb416051416-groupManagement] INFO  server.RaftServerConfigKeys (ConfUtils.java:logGet(46)) - raft.server.log.segment.size.max = 67108864 (custom)
2024-02-27 21:40:20,023 [7299b60a-1361-4038-9b5b-8cb416051416-groupManagement] INFO  server.RaftServerConfigKeys (ConfUtils.java:logGet(46)) - raft.server.log.segment.cache.num.max = 2 (custom)
2024-02-27 21:40:20,023 [7299b60a-1361-4038-9b5b-8cb416051416-groupManagement] INFO  server.RaftServerConfigKeys (ConfUtils.java:logGet(46)) - raft.server.log.segment.cache.size.max = 200MB (=209715200) (default)
2024-02-27 21:40:20,023 [7299b60a-1361-4038-9b5b-8cb416051416-groupManagement] INFO  server.RaftServerConfigKeys (ConfUtils.java:logGet(46)) - raft.server.log.appender.buffer.byte-limit = 8388608 (custom)
2024-02-27 21:40:20,023 [2da9303e-6724-4504-a4a5-d250e7d22259-groupManagement] INFO  server.RaftServerConfigKeys (ConfUtils.java:logGet(46)) - raft.server.log.force.sync.num = 128 (default)
2024-02-27 21:40:20,023 [2da9303e-6724-4504-a4a5-d250e7d22259-groupManagement] INFO  server.RaftServerConfigKeys (ConfUtils.java:logGet(46)) - raft.server.log.statemachine.data.sync = true (default)
2024-02-27 21:40:20,023 [2da9303e-6724-4504-a4a5-d250e7d22259-groupManagement] INFO  server.RaftServerConfigKeys (ConfUtils.java:logGet(46)) - raft.server.log.statemachine.data.sync.timeout = 10s (default)
2024-02-27 21:40:20,024 [2da9303e-6724-4504-a4a5-d250e7d22259-groupManagement] INFO  server.RaftServerConfigKeys (ConfUtils.java:logGet(46)) - raft.server.log.statemachine.data.sync.timeout.retry = 0 (custom)
2024-02-27 21:40:20,024 [2da9303e-6724-4504-a4a5-d250e7d22259-groupManagement] INFO  server.RaftServerConfigKeys (ConfUtils.java:logGet(46)) - raft.server.log.write.buffer.size = 8388616 (custom)
2024-02-27 21:40:20,025 [2da9303e-6724-4504-a4a5-d250e7d22259-groupManagement] INFO  server.RaftServerConfigKeys (ConfUtils.java:logGet(46)) - raft.server.log.appender.buffer.byte-limit = 8388608 (custom)
2024-02-27 21:40:20,025 [2da9303e-6724-4504-a4a5-d250e7d22259-groupManagement] INFO  server.RaftServerConfigKeys (ConfUtils.java:logGet(46)) - raft.server.log.unsafe-flush.enabled = false (default)
2024-02-27 21:40:20,025 [2da9303e-6724-4504-a4a5-d250e7d22259-groupManagement] INFO  server.RaftServerConfigKeys (ConfUtils.java:logGet(46)) - raft.server.log.async-flush.enabled = false (default)
2024-02-27 21:40:20,025 [2da9303e-6724-4504-a4a5-d250e7d22259-groupManagement] INFO  server.RaftServerConfigKeys (ConfUtils.java:logGet(46)) - raft.server.log.statemachine.data.caching.enabled = true (custom)
2024-02-27 21:40:20,025 [2da9303e-6724-4504-a4a5-d250e7d22259-groupManagement] INFO  segmented.SegmentedRaftLogWorker (SegmentedRaftLogWorker.java:lambda$new$0(134)) - 2da9303e-6724-4504-a4a5-d250e7d22259@group-5DEEE22C8A53-SegmentedRaftLogWorker: flushIndex: setUnconditionally 0 -> -1
2024-02-27 21:40:20,025 [2da9303e-6724-4504-a4a5-d250e7d22259-groupManagement] INFO  segmented.SegmentedRaftLogWorker (SegmentedRaftLogWorker.java:lambda$new$0(134)) - 2da9303e-6724-4504-a4a5-d250e7d22259@group-5DEEE22C8A53-SegmentedRaftLogWorker: safeCacheEvictIndex: setUnconditionally 0 -> -1
2024-02-27 21:40:20,025 [7299b60a-1361-4038-9b5b-8cb416051416-groupManagement] INFO  util.AwaitToRun (AwaitToRun.java:start(81)) - Thread[7299b60a-1361-4038-9b5b-8cb416051416@group-5DEEE22C8A53-cacheEviction-AwaitToRun,5,main] started
2024-02-27 21:40:20,025 [7299b60a-1361-4038-9b5b-8cb416051416-groupManagement] INFO  segmented.SegmentedRaftLogWorker (SegmentedRaftLogWorker.java:<init>(182)) - new 7299b60a-1361-4038-9b5b-8cb416051416@group-5DEEE22C8A53-SegmentedRaftLogWorker for RaftStorageImpl:Storage Directory /home/runner/work/ozone/ozone/hadoop-ozone/integration-test/target/test-dir/MiniOzoneClusterImpl-6e3a073c-9bdc-4deb-8550-ef77f821b5e4/ozone-meta/datanode-3/ratis/8a1a8f27-33c5-4349-acd6-5deee22c8a53
2024-02-27 21:40:20,026 [7299b60a-1361-4038-9b5b-8cb416051416-groupManagement] INFO  server.RaftServerConfigKeys (ConfUtils.java:logGet(46)) - raft.server.log.queue.byte-limit = 4294967296 (custom)
2024-02-27 21:40:20,026 [7299b60a-1361-4038-9b5b-8cb416051416-groupManagement] INFO  server.RaftServerConfigKeys (ConfUtils.java:logGet(46)) - raft.server.log.queue.element-limit = 1024 (custom)
2024-02-27 21:40:20,026 [7299b60a-1361-4038-9b5b-8cb416051416-groupManagement] INFO  server.RaftServerConfigKeys (ConfUtils.java:logGet(46)) - raft.server.log.segment.size.max = 67108864 (custom)
2024-02-27 21:40:20,026 [7299b60a-1361-4038-9b5b-8cb416051416-groupManagement] INFO  server.RaftServerConfigKeys (ConfUtils.java:logGet(46)) - raft.server.log.preallocated.size = 4194304 (custom)
2024-02-27 21:40:20,026 [7299b60a-1361-4038-9b5b-8cb416051416-groupManagement] INFO  server.RaftServerConfigKeys (ConfUtils.java:logGet(46)) - raft.server.log.force.sync.num = 128 (default)
2024-02-27 21:40:20,026 [7299b60a-1361-4038-9b5b-8cb416051416-groupManagement] INFO  server.RaftServerConfigKeys (ConfUtils.java:logGet(46)) - raft.server.log.statemachine.data.sync = true (default)
2024-02-27 21:40:20,026 [7299b60a-1361-4038-9b5b-8cb416051416-groupManagement] INFO  server.RaftServerConfigKeys (ConfUtils.java:logGet(46)) - raft.server.log.statemachine.data.sync.timeout = 10s (default)
2024-02-27 21:40:20,026 [7299b60a-1361-4038-9b5b-8cb416051416-groupManagement] INFO  server.RaftServerConfigKeys (ConfUtils.java:logGet(46)) - raft.server.log.statemachine.data.sync.timeout.retry = 0 (custom)
2024-02-27 21:40:20,026 [7299b60a-1361-4038-9b5b-8cb416051416-groupManagement] INFO  server.RaftServerConfigKeys (ConfUtils.java:logGet(46)) - raft.server.log.write.buffer.size = 8388616 (custom)
2024-02-27 21:40:20,027 [2da9303e-6724-4504-a4a5-d250e7d22259-groupManagement] INFO  server.RaftServer$Division (RaftServerImpl.java:start(396)) - 2da9303e-6724-4504-a4a5-d250e7d22259@group-5DEEE22C8A53: start as a follower, conf=-1: peers:[7299b60a-1361-4038-9b5b-8cb416051416|10.1.0.18:15129, 2818fa5f-cc14-4867-ab22-981a54c2b243|10.1.0.18:15138, 2da9303e-6724-4504-a4a5-d250e7d22259|10.1.0.18:15156]|listeners:[], old=null
2024-02-27 21:40:20,027 [2da9303e-6724-4504-a4a5-d250e7d22259-groupManagement] INFO  server.RaftServer$Division (RaftServerImpl.java:setRole(383)) - 2da9303e-6724-4504-a4a5-d250e7d22259@group-5DEEE22C8A53: changes role from      null to FOLLOWER at term 0 for startAsFollower
2024-02-27 21:40:20,027 [2da9303e-6724-4504-a4a5-d250e7d22259-groupManagement] INFO  impl.RoleInfo (RoleInfo.java:updateAndGet(139)) - 2da9303e-6724-4504-a4a5-d250e7d22259: start 2da9303e-6724-4504-a4a5-d250e7d22259@group-5DEEE22C8A53-FollowerState
2024-02-27 21:40:20,028 [2da9303e-6724-4504-a4a5-d250e7d22259-groupManagement] INFO  util.JmxRegister (JmxRegister.java:tryRegister(44)) - Successfully registered JMX Bean with object name Ratis:service=RaftServer,group=group-5DEEE22C8A53,id=2da9303e-6724-4504-a4a5-d250e7d22259
2024-02-27 21:40:20,028 [7299b60a-1361-4038-9b5b-8cb416051416-groupManagement] INFO  server.RaftServerConfigKeys (ConfUtils.java:logGet(46)) - raft.server.log.appender.buffer.byte-limit = 8388608 (custom)
2024-02-27 21:40:20,028 [2da9303e-6724-4504-a4a5-d250e7d22259@group-5DEEE22C8A53-FollowerState] INFO  server.RaftServerConfigKeys (ConfUtils.java:logFallback(53)) - raft.server.rpc.first-election.timeout.min = 5s (fallback to raft.server.rpc.timeout.min)
2024-02-27 21:40:20,028 [7299b60a-1361-4038-9b5b-8cb416051416-groupManagement] INFO  server.RaftServerConfigKeys (ConfUtils.java:logGet(46)) - raft.server.log.unsafe-flush.enabled = false (default)
2024-02-27 21:40:20,028 [2da9303e-6724-4504-a4a5-d250e7d22259-groupManagement] INFO  server.RaftServerConfigKeys (ConfUtils.java:logGet(46)) - raft.server.snapshot.trigger-when-stop.enabled = true (default)
2024-02-27 21:40:20,028 [7299b60a-1361-4038-9b5b-8cb416051416-groupManagement] INFO  server.RaftServerConfigKeys (ConfUtils.java:logGet(46)) - raft.server.log.async-flush.enabled = false (default)
2024-02-27 21:40:20,028 [7299b60a-1361-4038-9b5b-8cb416051416-groupManagement] INFO  server.RaftServerConfigKeys (ConfUtils.java:logGet(46)) - raft.server.log.statemachine.data.caching.enabled = true (custom)
2024-02-27 21:40:20,028 [7299b60a-1361-4038-9b5b-8cb416051416-groupManagement] INFO  segmented.SegmentedRaftLogWorker (SegmentedRaftLogWorker.java:lambda$new$0(134)) - 7299b60a-1361-4038-9b5b-8cb416051416@group-5DEEE22C8A53-SegmentedRaftLogWorker: flushIndex: setUnconditionally 0 -> -1
2024-02-27 21:40:20,028 [7299b60a-1361-4038-9b5b-8cb416051416-groupManagement] INFO  segmented.SegmentedRaftLogWorker (SegmentedRaftLogWorker.java:lambda$new$0(134)) - 7299b60a-1361-4038-9b5b-8cb416051416@group-5DEEE22C8A53-SegmentedRaftLogWorker: safeCacheEvictIndex: setUnconditionally 0 -> -1
2024-02-27 21:40:20,028 [2da9303e-6724-4504-a4a5-d250e7d22259@group-5DEEE22C8A53-FollowerState] INFO  server.RaftServerConfigKeys (ConfUtils.java:logFallback(53)) - raft.server.rpc.first-election.timeout.max = 5200ms (fallback to raft.server.rpc.timeout.max)
2024-02-27 21:40:20,029 [7299b60a-1361-4038-9b5b-8cb416051416-groupManagement] INFO  server.RaftServer$Division (RaftServerImpl.java:start(396)) - 7299b60a-1361-4038-9b5b-8cb416051416@group-5DEEE22C8A53: start as a follower, conf=-1: peers:[7299b60a-1361-4038-9b5b-8cb416051416|10.1.0.18:15129, 2818fa5f-cc14-4867-ab22-981a54c2b243|10.1.0.18:15138, 2da9303e-6724-4504-a4a5-d250e7d22259|10.1.0.18:15156]|listeners:[], old=null
2024-02-27 21:40:20,028 [2da9303e-6724-4504-a4a5-d250e7d22259-groupManagement] INFO  server.RaftServerConfigKeys (ConfUtils.java:logGet(46)) - raft.server.snapshot.auto.trigger.enabled = true (custom)
2024-02-27 21:40:20,029 [2da9303e-6724-4504-a4a5-d250e7d22259-groupManagement] INFO  server.RaftServerConfigKeys (ConfUtils.java:logGet(46)) - raft.server.snapshot.auto.trigger.threshold = 10000 (custom)
2024-02-27 21:40:20,029 [2da9303e-6724-4504-a4a5-d250e7d22259-groupManagement] INFO  server.RaftServerConfigKeys (ConfUtils.java:logGet(46)) - raft.server.snapshot.retention.file.num = 5 (custom)
2024-02-27 21:40:20,029 [2da9303e-6724-4504-a4a5-d250e7d22259-groupManagement] INFO  server.RaftServerConfigKeys (ConfUtils.java:logGet(46)) - raft.server.log.purge.upto.snapshot.index = false (default)
2024-02-27 21:40:20,029 [7299b60a-1361-4038-9b5b-8cb416051416-groupManagement] INFO  server.RaftServer$Division (RaftServerImpl.java:setRole(383)) - 7299b60a-1361-4038-9b5b-8cb416051416@group-5DEEE22C8A53: changes role from      null to FOLLOWER at term 0 for startAsFollower
2024-02-27 21:40:20,030 [7299b60a-1361-4038-9b5b-8cb416051416-groupManagement] INFO  impl.RoleInfo (RoleInfo.java:updateAndGet(139)) - 7299b60a-1361-4038-9b5b-8cb416051416: start 7299b60a-1361-4038-9b5b-8cb416051416@group-5DEEE22C8A53-FollowerState
2024-02-27 21:40:20,030 [2da9303e-6724-4504-a4a5-d250e7d22259-PipelineCommandHandlerThread-0] INFO  ratis.XceiverServerRatis (XceiverServerRatis.java:addGroup(864)) - Created group PipelineID=8a1a8f27-33c5-4349-acd6-5deee22c8a53
2024-02-27 21:40:20,030 [7299b60a-1361-4038-9b5b-8cb416051416-groupManagement] INFO  util.JmxRegister (JmxRegister.java:tryRegister(44)) - Successfully registered JMX Bean with object name Ratis:service=RaftServer,group=group-5DEEE22C8A53,id=7299b60a-1361-4038-9b5b-8cb416051416
2024-02-27 21:40:20,030 [7299b60a-1361-4038-9b5b-8cb416051416@group-5DEEE22C8A53-FollowerState] INFO  server.RaftServerConfigKeys (ConfUtils.java:logFallback(53)) - raft.server.rpc.first-election.timeout.min = 5s (fallback to raft.server.rpc.timeout.min)
2024-02-27 21:40:20,030 [7299b60a-1361-4038-9b5b-8cb416051416-groupManagement] INFO  server.RaftServerConfigKeys (ConfUtils.java:logGet(46)) - raft.server.snapshot.trigger-when-stop.enabled = true (default)
2024-02-27 21:40:20,030 [7299b60a-1361-4038-9b5b-8cb416051416@group-5DEEE22C8A53-FollowerState] INFO  server.RaftServerConfigKeys (ConfUtils.java:logFallback(53)) - raft.server.rpc.first-election.timeout.max = 5200ms (fallback to raft.server.rpc.timeout.max)
2024-02-27 21:40:20,030 [7299b60a-1361-4038-9b5b-8cb416051416-groupManagement] INFO  server.RaftServerConfigKeys (ConfUtils.java:logGet(46)) - raft.server.snapshot.auto.trigger.enabled = true (custom)
2024-02-27 21:40:20,030 [7299b60a-1361-4038-9b5b-8cb416051416-groupManagement] INFO  server.RaftServerConfigKeys (ConfUtils.java:logGet(46)) - raft.server.snapshot.auto.trigger.threshold = 10000 (custom)
2024-02-27 21:40:20,030 [7299b60a-1361-4038-9b5b-8cb416051416-groupManagement] INFO  server.RaftServerConfigKeys (ConfUtils.java:logGet(46)) - raft.server.snapshot.retention.file.num = 5 (custom)
2024-02-27 21:40:20,030 [7299b60a-1361-4038-9b5b-8cb416051416-groupManagement] INFO  server.RaftServerConfigKeys (ConfUtils.java:logGet(46)) - raft.server.log.purge.upto.snapshot.index = false (default)
2024-02-27 21:40:20,072 [2da9303e-6724-4504-a4a5-d250e7d22259-PipelineCommandHandlerThread-0] INFO  commandhandler.CreatePipelineCommandHandler (CreatePipelineCommandHandler.java:lambda$handle$2(124)) - Created Pipeline RATIS THREE PipelineID=8a1a8f27-33c5-4349-acd6-5deee22c8a53.
2024-02-27 21:40:20,073 [2818fa5f-cc14-4867-ab22-981a54c2b243-PipelineCommandHandlerThread-0] INFO  commandhandler.CreatePipelineCommandHandler (CreatePipelineCommandHandler.java:lambda$handle$2(124)) - Created Pipeline RATIS THREE PipelineID=8a1a8f27-33c5-4349-acd6-5deee22c8a53.
2024-02-27 21:40:20,073 [2818fa5f-cc14-4867-ab22-981a54c2b243-PipelineCommandHandlerThread-0] INFO  server.RaftServer (RaftServerProxy.java:addNew(100)) - 2818fa5f-cc14-4867-ab22-981a54c2b243: addNew group-38A797F17613:[7299b60a-1361-4038-9b5b-8cb416051416|10.1.0.18:15129, 2818fa5f-cc14-4867-ab22-981a54c2b243|10.1.0.18:15138, e0fc16c3-8785-492f-95e3-5d2aafd0cf3f|10.1.0.18:15111] returns group-38A797F17613:java.util.concurrent.CompletableFuture@15785d6c[Not completed]
2024-02-27 21:40:20,074 [2818fa5f-cc14-4867-ab22-981a54c2b243-groupManagement] INFO  server.RaftServer$Division (RaftServerImpl.java:<init>(256)) - 2818fa5f-cc14-4867-ab22-981a54c2b243: new RaftServerImpl for group-38A797F17613:[7299b60a-1361-4038-9b5b-8cb416051416|10.1.0.18:15129, 2818fa5f-cc14-4867-ab22-981a54c2b243|10.1.0.18:15138, e0fc16c3-8785-492f-95e3-5d2aafd0cf3f|10.1.0.18:15111] with ContainerStateMachine:uninitialized
2024-02-27 21:40:20,074 [2818fa5f-cc14-4867-ab22-981a54c2b243-groupManagement] INFO  server.RaftServerConfigKeys (ConfUtils.java:logGet(46)) - raft.server.rpc.timeout.min = 5s (custom)
2024-02-27 21:40:20,074 [2818fa5f-cc14-4867-ab22-981a54c2b243-groupManagement] INFO  server.RaftServerConfigKeys (ConfUtils.java:logGet(46)) - raft.server.rpc.timeout.max = 5200ms (custom)
2024-02-27 21:40:20,074 [2818fa5f-cc14-4867-ab22-981a54c2b243-groupManagement] INFO  server.RaftServerConfigKeys (ConfUtils.java:logGet(46)) - raft.server.rpc.sleep.time = 25ms (default)
2024-02-27 21:40:20,074 [2818fa5f-cc14-4867-ab22-981a54c2b243-groupManagement] INFO  server.RaftServerConfigKeys (ConfUtils.java:logGet(46)) - raft.server.rpc.slowness.timeout = 300s (custom)
2024-02-27 21:40:20,074 [2818fa5f-cc14-4867-ab22-981a54c2b243-groupManagement] INFO  server.RaftServerConfigKeys (ConfUtils.java:logGet(46)) - raft.server.leaderelection.leader.step-down.wait-time = 10s (default)
2024-02-27 21:40:20,074 [2818fa5f-cc14-4867-ab22-981a54c2b243-groupManagement] INFO  server.RaftServerConfigKeys (ConfUtils.java:logGet(46)) - raft.server.leaderelection.member.majority-add = false (default)
2024-02-27 21:40:20,074 [2818fa5f-cc14-4867-ab22-981a54c2b243-groupManagement] INFO  server.RaftServerConfigKeys (ConfUtils.java:logGet(46)) - raft.server.sleep.deviation.threshold = 300ms (default)
2024-02-27 21:40:20,074 [2818fa5f-cc14-4867-ab22-981a54c2b243-groupManagement] INFO  server.RaftServer$Division (ServerState.java:<init>(113)) - 2818fa5f-cc14-4867-ab22-981a54c2b243@group-38A797F17613: ConfigurationManager, init=-1: peers:[7299b60a-1361-4038-9b5b-8cb416051416|10.1.0.18:15129, 2818fa5f-cc14-4867-ab22-981a54c2b243|10.1.0.18:15138, e0fc16c3-8785-492f-95e3-5d2aafd0cf3f|10.1.0.18:15111]|listeners:[], old=null, confs=<EMPTY_MAP>
2024-02-27 21:40:20,074 [2818fa5f-cc14-4867-ab22-981a54c2b243-groupManagement] INFO  server.RaftServerConfigKeys (ConfUtils.java:logGet(46)) - raft.server.notification.no-leader.timeout = 300s (custom)
2024-02-27 21:40:20,074 [2818fa5f-cc14-4867-ab22-981a54c2b243-groupManagement] INFO  server.RaftServerConfigKeys (ConfUtils.java:logGet(46)) - raft.server.read.timeout = 10s (default)
2024-02-27 21:40:20,074 [2818fa5f-cc14-4867-ab22-981a54c2b243-groupManagement] INFO  server.RaftServerConfigKeys (ConfUtils.java:logGet(46)) - raft.server.retrycache.expirytime = 600000ms (custom)
2024-02-27 21:40:20,074 [2818fa5f-cc14-4867-ab22-981a54c2b243-groupManagement] INFO  server.RaftServerConfigKeys (ConfUtils.java:logGet(46)) - raft.server.retrycache.statistics.expirytime = 100ms (default)
2024-02-27 21:40:20,075 [2818fa5f-cc14-4867-ab22-981a54c2b243-groupManagement] INFO  server.RaftServerConfigKeys (ConfUtils.java:logGet(46)) - raft.server.read.option = DEFAULT (default)
2024-02-27 21:40:20,075 [2818fa5f-cc14-4867-ab22-981a54c2b243-groupManagement] INFO  server.RaftServerConfigKeys (ConfUtils.java:logGet(46)) - raft.server.read.read-after-write-consistent.write-index-cache.expiry-time = 60s (default)
2024-02-27 21:40:20,076 [2818fa5f-cc14-4867-ab22-981a54c2b243-groupManagement] INFO  server.RaftServerConfigKeys (ConfUtils.java:logGet(46)) - raft.server.rpc.request.timeout = 60s (custom)
2024-02-27 21:40:20,076 [2818fa5f-cc14-4867-ab22-981a54c2b243-groupManagement] INFO  server.RaftServerConfigKeys (ConfUtils.java:logGet(46)) - raft.server.log.appender.install.snapshot.enabled = false (custom)
2024-02-27 21:40:20,076 [2818fa5f-cc14-4867-ab22-981a54c2b243-groupManagement] INFO  server.RaftServerConfigKeys (ConfUtils.java:logGet(46)) - raft.server.threadpool.server.cached = true (default)
2024-02-27 21:40:20,076 [2818fa5f-cc14-4867-ab22-981a54c2b243-groupManagement] INFO  server.RaftServerConfigKeys (ConfUtils.java:logGet(46)) - raft.server.threadpool.server.size = 0 (default)
2024-02-27 21:40:20,076 [2818fa5f-cc14-4867-ab22-981a54c2b243-groupManagement] INFO  server.RaftServerConfigKeys (ConfUtils.java:logGet(46)) - raft.server.threadpool.client.cached = true (default)
2024-02-27 21:40:20,077 [2818fa5f-cc14-4867-ab22-981a54c2b243-groupManagement] INFO  server.RaftServerConfigKeys (ConfUtils.java:logGet(46)) - raft.server.threadpool.client.size = 0 (default)
2024-02-27 21:40:20,077 [2818fa5f-cc14-4867-ab22-981a54c2b243-groupManagement] INFO  server.RaftServerConfigKeys (ConfUtils.java:logGet(46)) - raft.server.storage.free-space.min = 0MB (=0) (default)
2024-02-27 21:40:20,077 [2818fa5f-cc14-4867-ab22-981a54c2b243-groupManagement] INFO  server.RaftServerConfigKeys (ConfUtils.java:logGet(46)) - raft.server.log.corruption.policy = EXCEPTION (default)
2024-02-27 21:40:20,077 [2818fa5f-cc14-4867-ab22-981a54c2b243-groupManagement] INFO  server.RaftServerConfigKeys (ConfUtils.java:logGet(46)) - raft.server.storage.dir = [/home/runner/work/ozone/ozone/hadoop-ozone/integration-test/target/test-dir/MiniOzoneClusterImpl-6e3a073c-9bdc-4deb-8550-ef77f821b5e4/ozone-meta/datanode-4/ratis] (custom)
2024-02-27 21:40:20,077 [2818fa5f-cc14-4867-ab22-981a54c2b243-groupManagement] INFO  storage.RaftStorageDirectory (RaftStorageDirectoryImpl.java:analyzeStorage(138)) - The storage directory /home/runner/work/ozone/ozone/hadoop-ozone/integration-test/target/test-dir/MiniOzoneClusterImpl-6e3a073c-9bdc-4deb-8550-ef77f821b5e4/ozone-meta/datanode-4/ratis/bb1f1dd2-6739-43a3-b96a-38a797f17613 does not exist. Creating ...
2024-02-27 21:40:20,078 [2818fa5f-cc14-4867-ab22-981a54c2b243-groupManagement] INFO  storage.RaftStorageDirectory (RaftStorageDirectoryImpl.java:tryLock(228)) - Lock on /home/runner/work/ozone/ozone/hadoop-ozone/integration-test/target/test-dir/MiniOzoneClusterImpl-6e3a073c-9bdc-4deb-8550-ef77f821b5e4/ozone-meta/datanode-4/ratis/bb1f1dd2-6739-43a3-b96a-38a797f17613/in_use.lock acquired by nodename 32143@fv-az531-651
2024-02-27 21:40:20,079 [2818fa5f-cc14-4867-ab22-981a54c2b243-groupManagement] INFO  storage.RaftStorage (RaftStorageImpl.java:format(99)) - Storage directory /home/runner/work/ozone/ozone/hadoop-ozone/integration-test/target/test-dir/MiniOzoneClusterImpl-6e3a073c-9bdc-4deb-8550-ef77f821b5e4/ozone-meta/datanode-4/ratis/bb1f1dd2-6739-43a3-b96a-38a797f17613 has been successfully formatted.
2024-02-27 21:40:20,079 [2818fa5f-cc14-4867-ab22-981a54c2b243-groupManagement] WARN  util.FileUtils (LogUtils.java:supplyAndLog(63)) - Failed to Files.newInputStream /home/runner/work/ozone/ozone/hadoop-ozone/integration-test/target/test-dir/MiniOzoneClusterImpl-6e3a073c-9bdc-4deb-8550-ef77f821b5e4/ozone-meta/datanode-4/ratis/bb1f1dd2-6739-43a3-b96a-38a797f17613/current/raft-meta.conf with options []: java.nio.file.NoSuchFileException: /home/runner/work/ozone/ozone/hadoop-ozone/integration-test/target/test-dir/MiniOzoneClusterImpl-6e3a073c-9bdc-4deb-8550-ef77f821b5e4/ozone-meta/datanode-4/ratis/bb1f1dd2-6739-43a3-b96a-38a797f17613/current/raft-meta.conf
2024-02-27 21:40:20,080 [2818fa5f-cc14-4867-ab22-981a54c2b243-groupManagement] INFO  ratis.ContainerStateMachine (ContainerStateMachine.java:loadSnapshot(287)) - group-38A797F17613: The snapshot info is null. Setting the last applied index to:(t:0, i:~)
2024-02-27 21:40:20,080 [2818fa5f-cc14-4867-ab22-981a54c2b243-groupManagement] INFO  server.RaftServerConfigKeys (ConfUtils.java:logGet(46)) - raft.server.log.use.memory = false (default)
2024-02-27 21:40:20,080 [2818fa5f-cc14-4867-ab22-981a54c2b243-groupManagement] INFO  server.RaftServerConfigKeys (ConfUtils.java:logGet(46)) - raft.server.log.purge.gap = 1000000 (custom)
2024-02-27 21:40:20,080 [2818fa5f-cc14-4867-ab22-981a54c2b243-groupManagement] INFO  server.RaftServerConfigKeys (ConfUtils.java:logGet(46)) - raft.server.log.appender.buffer.byte-limit = 8388608 (custom)
2024-02-27 21:40:20,080 [2818fa5f-cc14-4867-ab22-981a54c2b243-groupManagement] INFO  server.RaftServerConfigKeys (ConfUtils.java:logGet(46)) - raft.server.log.statemachine.data.read.timeout = 1000ms (default)
2024-02-27 21:40:20,080 [2818fa5f-cc14-4867-ab22-981a54c2b243-groupManagement] INFO  server.RaftServerConfigKeys (ConfUtils.java:logGet(46)) - raft.server.log.purge.preservation.log.num = 0 (default)
2024-02-27 21:40:20,081 [2818fa5f-cc14-4867-ab22-981a54c2b243-groupManagement] INFO  server.RaftServerConfigKeys (ConfUtils.java:logGet(46)) - raft.server.log.segment.size.max = 67108864 (custom)
2024-02-27 21:40:20,082 [2818fa5f-cc14-4867-ab22-981a54c2b243-groupManagement] INFO  server.RaftServerConfigKeys (ConfUtils.java:logGet(46)) - raft.server.log.segment.cache.num.max = 2 (custom)
2024-02-27 21:40:20,082 [2818fa5f-cc14-4867-ab22-981a54c2b243-groupManagement] INFO  server.RaftServerConfigKeys (ConfUtils.java:logGet(46)) - raft.server.log.segment.cache.size.max = 200MB (=209715200) (default)
2024-02-27 21:40:20,082 [2818fa5f-cc14-4867-ab22-981a54c2b243-groupManagement] INFO  server.RaftServerConfigKeys (ConfUtils.java:logGet(46)) - raft.server.log.appender.buffer.byte-limit = 8388608 (custom)
2024-02-27 21:40:20,082 [2818fa5f-cc14-4867-ab22-981a54c2b243-groupManagement] INFO  util.AwaitToRun (AwaitToRun.java:start(81)) - Thread[2818fa5f-cc14-4867-ab22-981a54c2b243@group-38A797F17613-cacheEviction-AwaitToRun,5,main] started
2024-02-27 21:40:20,082 [2818fa5f-cc14-4867-ab22-981a54c2b243-groupManagement] INFO  segmented.SegmentedRaftLogWorker (SegmentedRaftLogWorker.java:<init>(182)) - new 2818fa5f-cc14-4867-ab22-981a54c2b243@group-38A797F17613-SegmentedRaftLogWorker for RaftStorageImpl:Storage Directory /home/runner/work/ozone/ozone/hadoop-ozone/integration-test/target/test-dir/MiniOzoneClusterImpl-6e3a073c-9bdc-4deb-8550-ef77f821b5e4/ozone-meta/datanode-4/ratis/bb1f1dd2-6739-43a3-b96a-38a797f17613
2024-02-27 21:40:20,082 [2818fa5f-cc14-4867-ab22-981a54c2b243-groupManagement] INFO  server.RaftServerConfigKeys (ConfUtils.java:logGet(46)) - raft.server.log.queue.byte-limit = 4294967296 (custom)
2024-02-27 21:40:20,082 [2818fa5f-cc14-4867-ab22-981a54c2b243-groupManagement] INFO  server.RaftServerConfigKeys (ConfUtils.java:logGet(46)) - raft.server.log.queue.element-limit = 1024 (custom)
2024-02-27 21:40:20,083 [2818fa5f-cc14-4867-ab22-981a54c2b243-groupManagement] INFO  server.RaftServerConfigKeys (ConfUtils.java:logGet(46)) - raft.server.log.segment.size.max = 67108864 (custom)
2024-02-27 21:40:20,083 [2818fa5f-cc14-4867-ab22-981a54c2b243-groupManagement] INFO  server.RaftServerConfigKeys (ConfUtils.java:logGet(46)) - raft.server.log.preallocated.size = 4194304 (custom)
2024-02-27 21:40:20,083 [2818fa5f-cc14-4867-ab22-981a54c2b243-groupManagement] INFO  server.RaftServerConfigKeys (ConfUtils.java:logGet(46)) - raft.server.log.force.sync.num = 128 (default)
2024-02-27 21:40:20,083 [2818fa5f-cc14-4867-ab22-981a54c2b243-groupManagement] INFO  server.RaftServerConfigKeys (ConfUtils.java:logGet(46)) - raft.server.log.statemachine.data.sync = true (default)
2024-02-27 21:40:20,083 [2818fa5f-cc14-4867-ab22-981a54c2b243-groupManagement] INFO  server.RaftServerConfigKeys (ConfUtils.java:logGet(46)) - raft.server.log.statemachine.data.sync.timeout = 10s (default)
2024-02-27 21:40:20,083 [2818fa5f-cc14-4867-ab22-981a54c2b243-groupManagement] INFO  server.RaftServerConfigKeys (ConfUtils.java:logGet(46)) - raft.server.log.statemachine.data.sync.timeout.retry = 0 (custom)
2024-02-27 21:40:20,083 [2818fa5f-cc14-4867-ab22-981a54c2b243-groupManagement] INFO  server.RaftServerConfigKeys (ConfUtils.java:logGet(46)) - raft.server.log.write.buffer.size = 8388616 (custom)
2024-02-27 21:40:20,084 [2818fa5f-cc14-4867-ab22-981a54c2b243-groupManagement] INFO  server.RaftServerConfigKeys (ConfUtils.java:logGet(46)) - raft.server.log.appender.buffer.byte-limit = 8388608 (custom)
2024-02-27 21:40:20,084 [2818fa5f-cc14-4867-ab22-981a54c2b243-groupManagement] INFO  server.RaftServerConfigKeys (ConfUtils.java:logGet(46)) - raft.server.log.unsafe-flush.enabled = false (default)
2024-02-27 21:40:20,084 [2818fa5f-cc14-4867-ab22-981a54c2b243-groupManagement] INFO  server.RaftServerConfigKeys (ConfUtils.java:logGet(46)) - raft.server.log.async-flush.enabled = false (default)
2024-02-27 21:40:20,085 [2818fa5f-cc14-4867-ab22-981a54c2b243-groupManagement] INFO  server.RaftServerConfigKeys (ConfUtils.java:logGet(46)) - raft.server.log.statemachine.data.caching.enabled = true (custom)
2024-02-27 21:40:20,085 [2818fa5f-cc14-4867-ab22-981a54c2b243-groupManagement] INFO  segmented.SegmentedRaftLogWorker (SegmentedRaftLogWorker.java:lambda$new$0(134)) - 2818fa5f-cc14-4867-ab22-981a54c2b243@group-38A797F17613-SegmentedRaftLogWorker: flushIndex: setUnconditionally 0 -> -1
2024-02-27 21:40:20,085 [2818fa5f-cc14-4867-ab22-981a54c2b243-groupManagement] INFO  segmented.SegmentedRaftLogWorker (SegmentedRaftLogWorker.java:lambda$new$0(134)) - 2818fa5f-cc14-4867-ab22-981a54c2b243@group-38A797F17613-SegmentedRaftLogWorker: safeCacheEvictIndex: setUnconditionally 0 -> -1
2024-02-27 21:40:20,086 [2818fa5f-cc14-4867-ab22-981a54c2b243-groupManagement] INFO  server.RaftServer$Division (RaftServerImpl.java:start(396)) - 2818fa5f-cc14-4867-ab22-981a54c2b243@group-38A797F17613: start as a follower, conf=-1: peers:[7299b60a-1361-4038-9b5b-8cb416051416|10.1.0.18:15129, 2818fa5f-cc14-4867-ab22-981a54c2b243|10.1.0.18:15138, e0fc16c3-8785-492f-95e3-5d2aafd0cf3f|10.1.0.18:15111]|listeners:[], old=null
2024-02-27 21:40:20,086 [2818fa5f-cc14-4867-ab22-981a54c2b243-groupManagement] INFO  server.RaftServer$Division (RaftServerImpl.java:setRole(383)) - 2818fa5f-cc14-4867-ab22-981a54c2b243@group-38A797F17613: changes role from      null to FOLLOWER at term 0 for startAsFollower
2024-02-27 21:40:20,086 [2818fa5f-cc14-4867-ab22-981a54c2b243-groupManagement] INFO  impl.RoleInfo (RoleInfo.java:updateAndGet(139)) - 2818fa5f-cc14-4867-ab22-981a54c2b243: start 2818fa5f-cc14-4867-ab22-981a54c2b243@group-38A797F17613-FollowerState
2024-02-27 21:40:20,087 [2818fa5f-cc14-4867-ab22-981a54c2b243-groupManagement] INFO  util.JmxRegister (JmxRegister.java:tryRegister(44)) - Successfully registered JMX Bean with object name Ratis:service=RaftServer,group=group-38A797F17613,id=2818fa5f-cc14-4867-ab22-981a54c2b243
2024-02-27 21:40:20,087 [2818fa5f-cc14-4867-ab22-981a54c2b243@group-38A797F17613-FollowerState] INFO  server.RaftServerConfigKeys (ConfUtils.java:logFallback(53)) - raft.server.rpc.first-election.timeout.min = 5s (fallback to raft.server.rpc.timeout.min)
2024-02-27 21:40:20,087 [2818fa5f-cc14-4867-ab22-981a54c2b243-groupManagement] INFO  server.RaftServerConfigKeys (ConfUtils.java:logGet(46)) - raft.server.snapshot.trigger-when-stop.enabled = true (default)
2024-02-27 21:40:20,087 [2818fa5f-cc14-4867-ab22-981a54c2b243@group-38A797F17613-FollowerState] INFO  server.RaftServerConfigKeys (ConfUtils.java:logFallback(53)) - raft.server.rpc.first-election.timeout.max = 5200ms (fallback to raft.server.rpc.timeout.max)
2024-02-27 21:40:20,087 [2818fa5f-cc14-4867-ab22-981a54c2b243-groupManagement] INFO  server.RaftServerConfigKeys (ConfUtils.java:logGet(46)) - raft.server.snapshot.auto.trigger.enabled = true (custom)
2024-02-27 21:40:20,087 [2818fa5f-cc14-4867-ab22-981a54c2b243-groupManagement] INFO  server.RaftServerConfigKeys (ConfUtils.java:logGet(46)) - raft.server.snapshot.auto.trigger.threshold = 10000 (custom)
2024-02-27 21:40:20,087 [2818fa5f-cc14-4867-ab22-981a54c2b243-groupManagement] INFO  server.RaftServerConfigKeys (ConfUtils.java:logGet(46)) - raft.server.snapshot.retention.file.num = 5 (custom)
2024-02-27 21:40:20,087 [2818fa5f-cc14-4867-ab22-981a54c2b243-groupManagement] INFO  server.RaftServerConfigKeys (ConfUtils.java:logGet(46)) - raft.server.log.purge.upto.snapshot.index = false (default)
2024-02-27 21:40:20,088 [2818fa5f-cc14-4867-ab22-981a54c2b243-PipelineCommandHandlerThread-0] INFO  ratis.XceiverServerRatis (XceiverServerRatis.java:addGroup(864)) - Created group PipelineID=bb1f1dd2-6739-43a3-b96a-38a797f17613
2024-02-27 21:40:20,094 [grpc-default-executor-2] INFO  server.RaftServer (RaftServerProxy.java:addNew(100)) - e0fc16c3-8785-492f-95e3-5d2aafd0cf3f: addNew group-38A797F17613:[7299b60a-1361-4038-9b5b-8cb416051416|10.1.0.18:15129, 2818fa5f-cc14-4867-ab22-981a54c2b243|10.1.0.18:15138, e0fc16c3-8785-492f-95e3-5d2aafd0cf3f|10.1.0.18:15111] returns group-38A797F17613:java.util.concurrent.CompletableFuture@caf8c38[Not completed]
2024-02-27 21:40:20,097 [e0fc16c3-8785-492f-95e3-5d2aafd0cf3f-groupManagement] INFO  server.RaftServer$Division (RaftServerImpl.java:<init>(256)) - e0fc16c3-8785-492f-95e3-5d2aafd0cf3f: new RaftServerImpl for group-38A797F17613:[7299b60a-1361-4038-9b5b-8cb416051416|10.1.0.18:15129, 2818fa5f-cc14-4867-ab22-981a54c2b243|10.1.0.18:15138, e0fc16c3-8785-492f-95e3-5d2aafd0cf3f|10.1.0.18:15111] with ContainerStateMachine:uninitialized
2024-02-27 21:40:20,097 [e0fc16c3-8785-492f-95e3-5d2aafd0cf3f-groupManagement] INFO  server.RaftServerConfigKeys (ConfUtils.java:logGet(46)) - raft.server.rpc.timeout.min = 5s (custom)
2024-02-27 21:40:20,097 [e0fc16c3-8785-492f-95e3-5d2aafd0cf3f-groupManagement] INFO  server.RaftServerConfigKeys (ConfUtils.java:logGet(46)) - raft.server.rpc.timeout.max = 5200ms (custom)
2024-02-27 21:40:20,097 [e0fc16c3-8785-492f-95e3-5d2aafd0cf3f-groupManagement] INFO  server.RaftServerConfigKeys (ConfUtils.java:logGet(46)) - raft.server.rpc.sleep.time = 25ms (default)
2024-02-27 21:40:20,097 [e0fc16c3-8785-492f-95e3-5d2aafd0cf3f-groupManagement] INFO  server.RaftServerConfigKeys (ConfUtils.java:logGet(46)) - raft.server.rpc.slowness.timeout = 300s (custom)
2024-02-27 21:40:20,097 [e0fc16c3-8785-492f-95e3-5d2aafd0cf3f-groupManagement] INFO  server.RaftServerConfigKeys (ConfUtils.java:logGet(46)) - raft.server.leaderelection.leader.step-down.wait-time = 10s (default)
2024-02-27 21:40:20,097 [e0fc16c3-8785-492f-95e3-5d2aafd0cf3f-groupManagement] INFO  server.RaftServerConfigKeys (ConfUtils.java:logGet(46)) - raft.server.leaderelection.member.majority-add = false (default)
2024-02-27 21:40:20,097 [e0fc16c3-8785-492f-95e3-5d2aafd0cf3f-groupManagement] INFO  server.RaftServerConfigKeys (ConfUtils.java:logGet(46)) - raft.server.sleep.deviation.threshold = 300ms (default)
2024-02-27 21:40:20,098 [e0fc16c3-8785-492f-95e3-5d2aafd0cf3f-groupManagement] INFO  server.RaftServer$Division (ServerState.java:<init>(113)) - e0fc16c3-8785-492f-95e3-5d2aafd0cf3f@group-38A797F17613: ConfigurationManager, init=-1: peers:[7299b60a-1361-4038-9b5b-8cb416051416|10.1.0.18:15129, 2818fa5f-cc14-4867-ab22-981a54c2b243|10.1.0.18:15138, e0fc16c3-8785-492f-95e3-5d2aafd0cf3f|10.1.0.18:15111]|listeners:[], old=null, confs=<EMPTY_MAP>
2024-02-27 21:40:20,098 [e0fc16c3-8785-492f-95e3-5d2aafd0cf3f-groupManagement] INFO  server.RaftServerConfigKeys (ConfUtils.java:logGet(46)) - raft.server.notification.no-leader.timeout = 300s (custom)
2024-02-27 21:40:20,098 [e0fc16c3-8785-492f-95e3-5d2aafd0cf3f-groupManagement] INFO  server.RaftServerConfigKeys (ConfUtils.java:logGet(46)) - raft.server.read.timeout = 10s (default)
2024-02-27 21:40:20,098 [e0fc16c3-8785-492f-95e3-5d2aafd0cf3f-groupManagement] INFO  server.RaftServerConfigKeys (ConfUtils.java:logGet(46)) - raft.server.retrycache.expirytime = 600000ms (custom)
2024-02-27 21:40:20,098 [e0fc16c3-8785-492f-95e3-5d2aafd0cf3f-groupManagement] INFO  server.RaftServerConfigKeys (ConfUtils.java:logGet(46)) - raft.server.retrycache.statistics.expirytime = 100ms (default)
2024-02-27 21:40:20,098 [e0fc16c3-8785-492f-95e3-5d2aafd0cf3f-groupManagement] INFO  server.RaftServerConfigKeys (ConfUtils.java:logGet(46)) - raft.server.read.option = DEFAULT (default)
2024-02-27 21:40:20,098 [e0fc16c3-8785-492f-95e3-5d2aafd0cf3f-groupManagement] INFO  server.RaftServerConfigKeys (ConfUtils.java:logGet(46)) - raft.server.read.read-after-write-consistent.write-index-cache.expiry-time = 60s (default)
2024-02-27 21:40:20,099 [e0fc16c3-8785-492f-95e3-5d2aafd0cf3f-groupManagement] INFO  server.RaftServerConfigKeys (ConfUtils.java:logGet(46)) - raft.server.rpc.request.timeout = 60s (custom)
2024-02-27 21:40:20,099 [e0fc16c3-8785-492f-95e3-5d2aafd0cf3f-groupManagement] INFO  server.RaftServerConfigKeys (ConfUtils.java:logGet(46)) - raft.server.log.appender.install.snapshot.enabled = false (custom)
2024-02-27 21:40:20,100 [e0fc16c3-8785-492f-95e3-5d2aafd0cf3f-groupManagement] INFO  server.RaftServerConfigKeys (ConfUtils.java:logGet(46)) - raft.server.threadpool.server.cached = true (default)
2024-02-27 21:40:20,100 [e0fc16c3-8785-492f-95e3-5d2aafd0cf3f-groupManagement] INFO  server.RaftServerConfigKeys (ConfUtils.java:logGet(46)) - raft.server.threadpool.server.size = 0 (default)
2024-02-27 21:40:20,100 [e0fc16c3-8785-492f-95e3-5d2aafd0cf3f-groupManagement] INFO  server.RaftServerConfigKeys (ConfUtils.java:logGet(46)) - raft.server.threadpool.client.cached = true (default)
2024-02-27 21:40:20,100 [e0fc16c3-8785-492f-95e3-5d2aafd0cf3f-groupManagement] INFO  server.RaftServerConfigKeys (ConfUtils.java:logGet(46)) - raft.server.threadpool.client.size = 0 (default)
2024-02-27 21:40:20,100 [e0fc16c3-8785-492f-95e3-5d2aafd0cf3f-groupManagement] INFO  server.RaftServerConfigKeys (ConfUtils.java:logGet(46)) - raft.server.storage.free-space.min = 0MB (=0) (default)
2024-02-27 21:40:20,100 [e0fc16c3-8785-492f-95e3-5d2aafd0cf3f-groupManagement] INFO  server.RaftServerConfigKeys (ConfUtils.java:logGet(46)) - raft.server.log.corruption.policy = EXCEPTION (default)
2024-02-27 21:40:20,100 [e0fc16c3-8785-492f-95e3-5d2aafd0cf3f-groupManagement] INFO  server.RaftServerConfigKeys (ConfUtils.java:logGet(46)) - raft.server.storage.dir = [/home/runner/work/ozone/ozone/hadoop-ozone/integration-test/target/test-dir/MiniOzoneClusterImpl-6e3a073c-9bdc-4deb-8550-ef77f821b5e4/ozone-meta/datanode-1/ratis] (custom)
2024-02-27 21:40:20,100 [e0fc16c3-8785-492f-95e3-5d2aafd0cf3f-groupManagement] INFO  storage.RaftStorageDirectory (RaftStorageDirectoryImpl.java:analyzeStorage(138)) - The storage directory /home/runner/work/ozone/ozone/hadoop-ozone/integration-test/target/test-dir/MiniOzoneClusterImpl-6e3a073c-9bdc-4deb-8550-ef77f821b5e4/ozone-meta/datanode-1/ratis/bb1f1dd2-6739-43a3-b96a-38a797f17613 does not exist. Creating ...
2024-02-27 21:40:20,101 [e0fc16c3-8785-492f-95e3-5d2aafd0cf3f-groupManagement] INFO  storage.RaftStorageDirectory (RaftStorageDirectoryImpl.java:tryLock(228)) - Lock on /home/runner/work/ozone/ozone/hadoop-ozone/integration-test/target/test-dir/MiniOzoneClusterImpl-6e3a073c-9bdc-4deb-8550-ef77f821b5e4/ozone-meta/datanode-1/ratis/bb1f1dd2-6739-43a3-b96a-38a797f17613/in_use.lock acquired by nodename 32143@fv-az531-651
2024-02-27 21:40:20,102 [e0fc16c3-8785-492f-95e3-5d2aafd0cf3f-groupManagement] INFO  storage.RaftStorage (RaftStorageImpl.java:format(99)) - Storage directory /home/runner/work/ozone/ozone/hadoop-ozone/integration-test/target/test-dir/MiniOzoneClusterImpl-6e3a073c-9bdc-4deb-8550-ef77f821b5e4/ozone-meta/datanode-1/ratis/bb1f1dd2-6739-43a3-b96a-38a797f17613 has been successfully formatted.
2024-02-27 21:40:20,102 [e0fc16c3-8785-492f-95e3-5d2aafd0cf3f-groupManagement] WARN  util.FileUtils (LogUtils.java:supplyAndLog(63)) - Failed to Files.newInputStream /home/runner/work/ozone/ozone/hadoop-ozone/integration-test/target/test-dir/MiniOzoneClusterImpl-6e3a073c-9bdc-4deb-8550-ef77f821b5e4/ozone-meta/datanode-1/ratis/bb1f1dd2-6739-43a3-b96a-38a797f17613/current/raft-meta.conf with options []: java.nio.file.NoSuchFileException: /home/runner/work/ozone/ozone/hadoop-ozone/integration-test/target/test-dir/MiniOzoneClusterImpl-6e3a073c-9bdc-4deb-8550-ef77f821b5e4/ozone-meta/datanode-1/ratis/bb1f1dd2-6739-43a3-b96a-38a797f17613/current/raft-meta.conf
2024-02-27 21:40:20,102 [e0fc16c3-8785-492f-95e3-5d2aafd0cf3f-groupManagement] INFO  ratis.ContainerStateMachine (ContainerStateMachine.java:loadSnapshot(287)) - group-38A797F17613: The snapshot info is null. Setting the last applied index to:(t:0, i:~)
2024-02-27 21:40:20,102 [e0fc16c3-8785-492f-95e3-5d2aafd0cf3f-groupManagement] INFO  server.RaftServerConfigKeys (ConfUtils.java:logGet(46)) - raft.server.log.use.memory = false (default)
2024-02-27 21:40:20,103 [e0fc16c3-8785-492f-95e3-5d2aafd0cf3f-groupManagement] INFO  server.RaftServerConfigKeys (ConfUtils.java:logGet(46)) - raft.server.log.purge.gap = 1000000 (custom)
2024-02-27 21:40:20,103 [e0fc16c3-8785-492f-95e3-5d2aafd0cf3f-groupManagement] INFO  server.RaftServerConfigKeys (ConfUtils.java:logGet(46)) - raft.server.log.appender.buffer.byte-limit = 8388608 (custom)
2024-02-27 21:40:20,103 [e0fc16c3-8785-492f-95e3-5d2aafd0cf3f-groupManagement] INFO  server.RaftServerConfigKeys (ConfUtils.java:logGet(46)) - raft.server.log.statemachine.data.read.timeout = 1000ms (default)
2024-02-27 21:40:20,103 [e0fc16c3-8785-492f-95e3-5d2aafd0cf3f-groupManagement] INFO  server.RaftServerConfigKeys (ConfUtils.java:logGet(46)) - raft.server.log.purge.preservation.log.num = 0 (default)
2024-02-27 21:40:20,104 [e0fc16c3-8785-492f-95e3-5d2aafd0cf3f-groupManagement] INFO  server.RaftServerConfigKeys (ConfUtils.java:logGet(46)) - raft.server.log.segment.size.max = 67108864 (custom)
2024-02-27 21:40:20,104 [e0fc16c3-8785-492f-95e3-5d2aafd0cf3f-groupManagement] INFO  server.RaftServerConfigKeys (ConfUtils.java:logGet(46)) - raft.server.log.segment.cache.num.max = 2 (custom)
2024-02-27 21:40:20,104 [e0fc16c3-8785-492f-95e3-5d2aafd0cf3f-groupManagement] INFO  server.RaftServerConfigKeys (ConfUtils.java:logGet(46)) - raft.server.log.segment.cache.size.max = 200MB (=209715200) (default)
2024-02-27 21:40:20,104 [e0fc16c3-8785-492f-95e3-5d2aafd0cf3f-groupManagement] INFO  server.RaftServerConfigKeys (ConfUtils.java:logGet(46)) - raft.server.log.appender.buffer.byte-limit = 8388608 (custom)
2024-02-27 21:40:20,104 [e0fc16c3-8785-492f-95e3-5d2aafd0cf3f-groupManagement] INFO  util.AwaitToRun (AwaitToRun.java:start(81)) - Thread[e0fc16c3-8785-492f-95e3-5d2aafd0cf3f@group-38A797F17613-cacheEviction-AwaitToRun,5,main] started
2024-02-27 21:40:20,104 [e0fc16c3-8785-492f-95e3-5d2aafd0cf3f-groupManagement] INFO  segmented.SegmentedRaftLogWorker (SegmentedRaftLogWorker.java:<init>(182)) - new e0fc16c3-8785-492f-95e3-5d2aafd0cf3f@group-38A797F17613-SegmentedRaftLogWorker for RaftStorageImpl:Storage Directory /home/runner/work/ozone/ozone/hadoop-ozone/integration-test/target/test-dir/MiniOzoneClusterImpl-6e3a073c-9bdc-4deb-8550-ef77f821b5e4/ozone-meta/datanode-1/ratis/bb1f1dd2-6739-43a3-b96a-38a797f17613
2024-02-27 21:40:20,105 [e0fc16c3-8785-492f-95e3-5d2aafd0cf3f-groupManagement] INFO  server.RaftServerConfigKeys (ConfUtils.java:logGet(46)) - raft.server.log.queue.byte-limit = 4294967296 (custom)
2024-02-27 21:40:20,105 [e0fc16c3-8785-492f-95e3-5d2aafd0cf3f-groupManagement] INFO  server.RaftServerConfigKeys (ConfUtils.java:logGet(46)) - raft.server.log.queue.element-limit = 1024 (custom)
2024-02-27 21:40:20,105 [e0fc16c3-8785-492f-95e3-5d2aafd0cf3f-groupManagement] INFO  server.RaftServerConfigKeys (ConfUtils.java:logGet(46)) - raft.server.log.segment.size.max = 67108864 (custom)
2024-02-27 21:40:20,105 [e0fc16c3-8785-492f-95e3-5d2aafd0cf3f-groupManagement] INFO  server.RaftServerConfigKeys (ConfUtils.java:logGet(46)) - raft.server.log.preallocated.size = 4194304 (custom)
2024-02-27 21:40:20,105 [e0fc16c3-8785-492f-95e3-5d2aafd0cf3f-groupManagement] INFO  server.RaftServerConfigKeys (ConfUtils.java:logGet(46)) - raft.server.log.force.sync.num = 128 (default)
2024-02-27 21:40:20,105 [e0fc16c3-8785-492f-95e3-5d2aafd0cf3f-groupManagement] INFO  server.RaftServerConfigKeys (ConfUtils.java:logGet(46)) - raft.server.log.statemachine.data.sync = true (default)
2024-02-27 21:40:20,105 [e0fc16c3-8785-492f-95e3-5d2aafd0cf3f-groupManagement] INFO  server.RaftServerConfigKeys (ConfUtils.java:logGet(46)) - raft.server.log.statemachine.data.sync.timeout = 10s (default)
2024-02-27 21:40:20,105 [e0fc16c3-8785-492f-95e3-5d2aafd0cf3f-groupManagement] INFO  server.RaftServerConfigKeys (ConfUtils.java:logGet(46)) - raft.server.log.statemachine.data.sync.timeout.retry = 0 (custom)
2024-02-27 21:40:20,105 [e0fc16c3-8785-492f-95e3-5d2aafd0cf3f-groupManagement] INFO  server.RaftServerConfigKeys (ConfUtils.java:logGet(46)) - raft.server.log.write.buffer.size = 8388616 (custom)
2024-02-27 21:40:20,107 [e0fc16c3-8785-492f-95e3-5d2aafd0cf3f-groupManagement] INFO  server.RaftServerConfigKeys (ConfUtils.java:logGet(46)) - raft.server.log.appender.buffer.byte-limit = 8388608 (custom)
2024-02-27 21:40:20,107 [e0fc16c3-8785-492f-95e3-5d2aafd0cf3f-groupManagement] INFO  server.RaftServerConfigKeys (ConfUtils.java:logGet(46)) - raft.server.log.unsafe-flush.enabled = false (default)
2024-02-27 21:40:20,107 [e0fc16c3-8785-492f-95e3-5d2aafd0cf3f-groupManagement] INFO  server.RaftServerConfigKeys (ConfUtils.java:logGet(46)) - raft.server.log.async-flush.enabled = false (default)
2024-02-27 21:40:20,107 [e0fc16c3-8785-492f-95e3-5d2aafd0cf3f-groupManagement] INFO  server.RaftServerConfigKeys (ConfUtils.java:logGet(46)) - raft.server.log.statemachine.data.caching.enabled = true (custom)
2024-02-27 21:40:20,107 [e0fc16c3-8785-492f-95e3-5d2aafd0cf3f-groupManagement] INFO  segmented.SegmentedRaftLogWorker (SegmentedRaftLogWorker.java:lambda$new$0(134)) - e0fc16c3-8785-492f-95e3-5d2aafd0cf3f@group-38A797F17613-SegmentedRaftLogWorker: flushIndex: setUnconditionally 0 -> -1
2024-02-27 21:40:20,107 [e0fc16c3-8785-492f-95e3-5d2aafd0cf3f-groupManagement] INFO  segmented.SegmentedRaftLogWorker (SegmentedRaftLogWorker.java:lambda$new$0(134)) - e0fc16c3-8785-492f-95e3-5d2aafd0cf3f@group-38A797F17613-SegmentedRaftLogWorker: safeCacheEvictIndex: setUnconditionally 0 -> -1
2024-02-27 21:40:20,107 [e0fc16c3-8785-492f-95e3-5d2aafd0cf3f-groupManagement] INFO  server.RaftServer$Division (RaftServerImpl.java:start(396)) - e0fc16c3-8785-492f-95e3-5d2aafd0cf3f@group-38A797F17613: start as a follower, conf=-1: peers:[7299b60a-1361-4038-9b5b-8cb416051416|10.1.0.18:15129, 2818fa5f-cc14-4867-ab22-981a54c2b243|10.1.0.18:15138, e0fc16c3-8785-492f-95e3-5d2aafd0cf3f|10.1.0.18:15111]|listeners:[], old=null
2024-02-27 21:40:20,107 [e0fc16c3-8785-492f-95e3-5d2aafd0cf3f-groupManagement] INFO  server.RaftServer$Division (RaftServerImpl.java:setRole(383)) - e0fc16c3-8785-492f-95e3-5d2aafd0cf3f@group-38A797F17613: changes role from      null to FOLLOWER at term 0 for startAsFollower
2024-02-27 21:40:20,107 [e0fc16c3-8785-492f-95e3-5d2aafd0cf3f-groupManagement] INFO  impl.RoleInfo (RoleInfo.java:updateAndGet(139)) - e0fc16c3-8785-492f-95e3-5d2aafd0cf3f: start e0fc16c3-8785-492f-95e3-5d2aafd0cf3f@group-38A797F17613-FollowerState
2024-02-27 21:40:20,108 [e0fc16c3-8785-492f-95e3-5d2aafd0cf3f@group-38A797F17613-FollowerState] INFO  server.RaftServerConfigKeys (ConfUtils.java:logFallback(53)) - raft.server.rpc.first-election.timeout.min = 5s (fallback to raft.server.rpc.timeout.min)
2024-02-27 21:40:20,108 [e0fc16c3-8785-492f-95e3-5d2aafd0cf3f-groupManagement] INFO  util.JmxRegister (JmxRegister.java:tryRegister(44)) - Successfully registered JMX Bean with object name Ratis:service=RaftServer,group=group-38A797F17613,id=e0fc16c3-8785-492f-95e3-5d2aafd0cf3f
2024-02-27 21:40:20,108 [e0fc16c3-8785-492f-95e3-5d2aafd0cf3f@group-38A797F17613-FollowerState] INFO  server.RaftServerConfigKeys (ConfUtils.java:logFallback(53)) - raft.server.rpc.first-election.timeout.max = 5200ms (fallback to raft.server.rpc.timeout.max)
2024-02-27 21:40:20,108 [e0fc16c3-8785-492f-95e3-5d2aafd0cf3f-groupManagement] INFO  server.RaftServerConfigKeys (ConfUtils.java:logGet(46)) - raft.server.snapshot.trigger-when-stop.enabled = true (default)
2024-02-27 21:40:20,108 [e0fc16c3-8785-492f-95e3-5d2aafd0cf3f-groupManagement] INFO  server.RaftServerConfigKeys (ConfUtils.java:logGet(46)) - raft.server.snapshot.auto.trigger.enabled = true (custom)
2024-02-27 21:40:20,108 [e0fc16c3-8785-492f-95e3-5d2aafd0cf3f-groupManagement] INFO  server.RaftServerConfigKeys (ConfUtils.java:logGet(46)) - raft.server.snapshot.auto.trigger.threshold = 10000 (custom)
2024-02-27 21:40:20,108 [e0fc16c3-8785-492f-95e3-5d2aafd0cf3f-groupManagement] INFO  server.RaftServerConfigKeys (ConfUtils.java:logGet(46)) - raft.server.snapshot.retention.file.num = 5 (custom)
2024-02-27 21:40:20,108 [e0fc16c3-8785-492f-95e3-5d2aafd0cf3f-groupManagement] INFO  server.RaftServerConfigKeys (ConfUtils.java:logGet(46)) - raft.server.log.purge.upto.snapshot.index = false (default)
2024-02-27 21:40:20,114 [grpc-default-executor-2] INFO  server.RaftServer (RaftServerProxy.java:addNew(100)) - 7299b60a-1361-4038-9b5b-8cb416051416: addNew group-38A797F17613:[7299b60a-1361-4038-9b5b-8cb416051416|10.1.0.18:15129, 2818fa5f-cc14-4867-ab22-981a54c2b243|10.1.0.18:15138, e0fc16c3-8785-492f-95e3-5d2aafd0cf3f|10.1.0.18:15111] returns group-38A797F17613:java.util.concurrent.CompletableFuture@2ec2d353[Not completed]
2024-02-27 21:40:20,115 [7299b60a-1361-4038-9b5b-8cb416051416-groupManagement] INFO  server.RaftServer$Division (RaftServerImpl.java:<init>(256)) - 7299b60a-1361-4038-9b5b-8cb416051416: new RaftServerImpl for group-38A797F17613:[7299b60a-1361-4038-9b5b-8cb416051416|10.1.0.18:15129, 2818fa5f-cc14-4867-ab22-981a54c2b243|10.1.0.18:15138, e0fc16c3-8785-492f-95e3-5d2aafd0cf3f|10.1.0.18:15111] with ContainerStateMachine:uninitialized
2024-02-27 21:40:20,115 [7299b60a-1361-4038-9b5b-8cb416051416-groupManagement] INFO  server.RaftServerConfigKeys (ConfUtils.java:logGet(46)) - raft.server.rpc.timeout.min = 5s (custom)
2024-02-27 21:40:20,115 [7299b60a-1361-4038-9b5b-8cb416051416-groupManagement] INFO  server.RaftServerConfigKeys (ConfUtils.java:logGet(46)) - raft.server.rpc.timeout.max = 5200ms (custom)
2024-02-27 21:40:20,115 [7299b60a-1361-4038-9b5b-8cb416051416-groupManagement] INFO  server.RaftServerConfigKeys (ConfUtils.java:logGet(46)) - raft.server.rpc.sleep.time = 25ms (default)
2024-02-27 21:40:20,115 [7299b60a-1361-4038-9b5b-8cb416051416-groupManagement] INFO  server.RaftServerConfigKeys (ConfUtils.java:logGet(46)) - raft.server.rpc.slowness.timeout = 300s (custom)
2024-02-27 21:40:20,115 [7299b60a-1361-4038-9b5b-8cb416051416-groupManagement] INFO  server.RaftServerConfigKeys (ConfUtils.java:logGet(46)) - raft.server.leaderelection.leader.step-down.wait-time = 10s (default)
2024-02-27 21:40:20,115 [7299b60a-1361-4038-9b5b-8cb416051416-groupManagement] INFO  server.RaftServerConfigKeys (ConfUtils.java:logGet(46)) - raft.server.leaderelection.member.majority-add = false (default)
2024-02-27 21:40:20,115 [7299b60a-1361-4038-9b5b-8cb416051416-groupManagement] INFO  server.RaftServerConfigKeys (ConfUtils.java:logGet(46)) - raft.server.sleep.deviation.threshold = 300ms (default)
2024-02-27 21:40:20,115 [7299b60a-1361-4038-9b5b-8cb416051416-groupManagement] INFO  server.RaftServer$Division (ServerState.java:<init>(113)) - 7299b60a-1361-4038-9b5b-8cb416051416@group-38A797F17613: ConfigurationManager, init=-1: peers:[7299b60a-1361-4038-9b5b-8cb416051416|10.1.0.18:15129, 2818fa5f-cc14-4867-ab22-981a54c2b243|10.1.0.18:15138, e0fc16c3-8785-492f-95e3-5d2aafd0cf3f|10.1.0.18:15111]|listeners:[], old=null, confs=<EMPTY_MAP>
2024-02-27 21:40:20,115 [7299b60a-1361-4038-9b5b-8cb416051416-groupManagement] INFO  server.RaftServerConfigKeys (ConfUtils.java:logGet(46)) - raft.server.notification.no-leader.timeout = 300s (custom)
2024-02-27 21:40:20,115 [7299b60a-1361-4038-9b5b-8cb416051416-groupManagement] INFO  server.RaftServerConfigKeys (ConfUtils.java:logGet(46)) - raft.server.read.timeout = 10s (default)
2024-02-27 21:40:20,115 [7299b60a-1361-4038-9b5b-8cb416051416-groupManagement] INFO  server.RaftServerConfigKeys (ConfUtils.java:logGet(46)) - raft.server.retrycache.expirytime = 600000ms (custom)
2024-02-27 21:40:20,115 [7299b60a-1361-4038-9b5b-8cb416051416-groupManagement] INFO  server.RaftServerConfigKeys (ConfUtils.java:logGet(46)) - raft.server.retrycache.statistics.expirytime = 100ms (default)
2024-02-27 21:40:20,115 [7299b60a-1361-4038-9b5b-8cb416051416-groupManagement] INFO  server.RaftServerConfigKeys (ConfUtils.java:logGet(46)) - raft.server.read.option = DEFAULT (default)
2024-02-27 21:40:20,115 [7299b60a-1361-4038-9b5b-8cb416051416-groupManagement] INFO  server.RaftServerConfigKeys (ConfUtils.java:logGet(46)) - raft.server.read.read-after-write-consistent.write-index-cache.expiry-time = 60s (default)
2024-02-27 21:40:20,117 [7299b60a-1361-4038-9b5b-8cb416051416-groupManagement] INFO  server.RaftServerConfigKeys (ConfUtils.java:logGet(46)) - raft.server.rpc.request.timeout = 60s (custom)
2024-02-27 21:40:20,117 [7299b60a-1361-4038-9b5b-8cb416051416-groupManagement] INFO  server.RaftServerConfigKeys (ConfUtils.java:logGet(46)) - raft.server.log.appender.install.snapshot.enabled = false (custom)
2024-02-27 21:40:20,117 [7299b60a-1361-4038-9b5b-8cb416051416-groupManagement] INFO  server.RaftServerConfigKeys (ConfUtils.java:logGet(46)) - raft.server.threadpool.server.cached = true (default)
2024-02-27 21:40:20,117 [7299b60a-1361-4038-9b5b-8cb416051416-groupManagement] INFO  server.RaftServerConfigKeys (ConfUtils.java:logGet(46)) - raft.server.threadpool.server.size = 0 (default)
2024-02-27 21:40:20,117 [7299b60a-1361-4038-9b5b-8cb416051416-groupManagement] INFO  server.RaftServerConfigKeys (ConfUtils.java:logGet(46)) - raft.server.threadpool.client.cached = true (default)
2024-02-27 21:40:20,117 [7299b60a-1361-4038-9b5b-8cb416051416-groupManagement] INFO  server.RaftServerConfigKeys (ConfUtils.java:logGet(46)) - raft.server.threadpool.client.size = 0 (default)
2024-02-27 21:40:20,118 [7299b60a-1361-4038-9b5b-8cb416051416-groupManagement] INFO  server.RaftServerConfigKeys (ConfUtils.java:logGet(46)) - raft.server.storage.free-space.min = 0MB (=0) (default)
2024-02-27 21:40:20,118 [7299b60a-1361-4038-9b5b-8cb416051416-groupManagement] INFO  server.RaftServerConfigKeys (ConfUtils.java:logGet(46)) - raft.server.log.corruption.policy = EXCEPTION (default)
2024-02-27 21:40:20,118 [7299b60a-1361-4038-9b5b-8cb416051416-groupManagement] INFO  server.RaftServerConfigKeys (ConfUtils.java:logGet(46)) - raft.server.storage.dir = [/home/runner/work/ozone/ozone/hadoop-ozone/integration-test/target/test-dir/MiniOzoneClusterImpl-6e3a073c-9bdc-4deb-8550-ef77f821b5e4/ozone-meta/datanode-3/ratis] (custom)
2024-02-27 21:40:20,118 [7299b60a-1361-4038-9b5b-8cb416051416-groupManagement] INFO  storage.RaftStorageDirectory (RaftStorageDirectoryImpl.java:analyzeStorage(138)) - The storage directory /home/runner/work/ozone/ozone/hadoop-ozone/integration-test/target/test-dir/MiniOzoneClusterImpl-6e3a073c-9bdc-4deb-8550-ef77f821b5e4/ozone-meta/datanode-3/ratis/bb1f1dd2-6739-43a3-b96a-38a797f17613 does not exist. Creating ...
2024-02-27 21:40:20,119 [7299b60a-1361-4038-9b5b-8cb416051416-groupManagement] INFO  storage.RaftStorageDirectory (RaftStorageDirectoryImpl.java:tryLock(228)) - Lock on /home/runner/work/ozone/ozone/hadoop-ozone/integration-test/target/test-dir/MiniOzoneClusterImpl-6e3a073c-9bdc-4deb-8550-ef77f821b5e4/ozone-meta/datanode-3/ratis/bb1f1dd2-6739-43a3-b96a-38a797f17613/in_use.lock acquired by nodename 32143@fv-az531-651
2024-02-27 21:40:20,120 [7299b60a-1361-4038-9b5b-8cb416051416-groupManagement] INFO  storage.RaftStorage (RaftStorageImpl.java:format(99)) - Storage directory /home/runner/work/ozone/ozone/hadoop-ozone/integration-test/target/test-dir/MiniOzoneClusterImpl-6e3a073c-9bdc-4deb-8550-ef77f821b5e4/ozone-meta/datanode-3/ratis/bb1f1dd2-6739-43a3-b96a-38a797f17613 has been successfully formatted.
2024-02-27 21:40:20,120 [7299b60a-1361-4038-9b5b-8cb416051416-groupManagement] WARN  util.FileUtils (LogUtils.java:supplyAndLog(63)) - Failed to Files.newInputStream /home/runner/work/ozone/ozone/hadoop-ozone/integration-test/target/test-dir/MiniOzoneClusterImpl-6e3a073c-9bdc-4deb-8550-ef77f821b5e4/ozone-meta/datanode-3/ratis/bb1f1dd2-6739-43a3-b96a-38a797f17613/current/raft-meta.conf with options []: java.nio.file.NoSuchFileException: /home/runner/work/ozone/ozone/hadoop-ozone/integration-test/target/test-dir/MiniOzoneClusterImpl-6e3a073c-9bdc-4deb-8550-ef77f821b5e4/ozone-meta/datanode-3/ratis/bb1f1dd2-6739-43a3-b96a-38a797f17613/current/raft-meta.conf
2024-02-27 21:40:20,121 [7299b60a-1361-4038-9b5b-8cb416051416-groupManagement] INFO  ratis.ContainerStateMachine (ContainerStateMachine.java:loadSnapshot(287)) - group-38A797F17613: The snapshot info is null. Setting the last applied index to:(t:0, i:~)
2024-02-27 21:40:20,121 [7299b60a-1361-4038-9b5b-8cb416051416-groupManagement] INFO  server.RaftServerConfigKeys (ConfUtils.java:logGet(46)) - raft.server.log.use.memory = false (default)
2024-02-27 21:40:20,121 [7299b60a-1361-4038-9b5b-8cb416051416-groupManagement] INFO  server.RaftServerConfigKeys (ConfUtils.java:logGet(46)) - raft.server.log.purge.gap = 1000000 (custom)
2024-02-27 21:40:20,121 [7299b60a-1361-4038-9b5b-8cb416051416-groupManagement] INFO  server.RaftServerConfigKeys (ConfUtils.java:logGet(46)) - raft.server.log.appender.buffer.byte-limit = 8388608 (custom)
2024-02-27 21:40:20,121 [7299b60a-1361-4038-9b5b-8cb416051416-groupManagement] INFO  server.RaftServerConfigKeys (ConfUtils.java:logGet(46)) - raft.server.log.statemachine.data.read.timeout = 1000ms (default)
2024-02-27 21:40:20,121 [7299b60a-1361-4038-9b5b-8cb416051416-groupManagement] INFO  server.RaftServerConfigKeys (ConfUtils.java:logGet(46)) - raft.server.log.purge.preservation.log.num = 0 (default)
2024-02-27 21:40:20,122 [7299b60a-1361-4038-9b5b-8cb416051416-groupManagement] INFO  server.RaftServerConfigKeys (ConfUtils.java:logGet(46)) - raft.server.log.segment.size.max = 67108864 (custom)
2024-02-27 21:40:20,122 [7299b60a-1361-4038-9b5b-8cb416051416-groupManagement] INFO  server.RaftServerConfigKeys (ConfUtils.java:logGet(46)) - raft.server.log.segment.cache.num.max = 2 (custom)
2024-02-27 21:40:20,122 [7299b60a-1361-4038-9b5b-8cb416051416-groupManagement] INFO  server.RaftServerConfigKeys (ConfUtils.java:logGet(46)) - raft.server.log.segment.cache.size.max = 200MB (=209715200) (default)
2024-02-27 21:40:20,122 [7299b60a-1361-4038-9b5b-8cb416051416-groupManagement] INFO  server.RaftServerConfigKeys (ConfUtils.java:logGet(46)) - raft.server.log.appender.buffer.byte-limit = 8388608 (custom)
2024-02-27 21:40:20,122 [7299b60a-1361-4038-9b5b-8cb416051416-groupManagement] INFO  util.AwaitToRun (AwaitToRun.java:start(81)) - Thread[7299b60a-1361-4038-9b5b-8cb416051416@group-38A797F17613-cacheEviction-AwaitToRun,5,main] started
2024-02-27 21:40:20,122 [7299b60a-1361-4038-9b5b-8cb416051416-groupManagement] INFO  segmented.SegmentedRaftLogWorker (SegmentedRaftLogWorker.java:<init>(182)) - new 7299b60a-1361-4038-9b5b-8cb416051416@group-38A797F17613-SegmentedRaftLogWorker for RaftStorageImpl:Storage Directory /home/runner/work/ozone/ozone/hadoop-ozone/integration-test/target/test-dir/MiniOzoneClusterImpl-6e3a073c-9bdc-4deb-8550-ef77f821b5e4/ozone-meta/datanode-3/ratis/bb1f1dd2-6739-43a3-b96a-38a797f17613
2024-02-27 21:40:20,122 [7299b60a-1361-4038-9b5b-8cb416051416-groupManagement] INFO  server.RaftServerConfigKeys (ConfUtils.java:logGet(46)) - raft.server.log.queue.byte-limit = 4294967296 (custom)
2024-02-27 21:40:20,123 [7299b60a-1361-4038-9b5b-8cb416051416-groupManagement] INFO  server.RaftServerConfigKeys (ConfUtils.java:logGet(46)) - raft.server.log.queue.element-limit = 1024 (custom)
2024-02-27 21:40:20,123 [7299b60a-1361-4038-9b5b-8cb416051416-groupManagement] INFO  server.RaftServerConfigKeys (ConfUtils.java:logGet(46)) - raft.server.log.segment.size.max = 67108864 (custom)
2024-02-27 21:40:20,123 [7299b60a-1361-4038-9b5b-8cb416051416-groupManagement] INFO  server.RaftServerConfigKeys (ConfUtils.java:logGet(46)) - raft.server.log.preallocated.size = 4194304 (custom)
2024-02-27 21:40:20,123 [7299b60a-1361-4038-9b5b-8cb416051416-groupManagement] INFO  server.RaftServerConfigKeys (ConfUtils.java:logGet(46)) - raft.server.log.force.sync.num = 128 (default)
2024-02-27 21:40:20,123 [7299b60a-1361-4038-9b5b-8cb416051416-groupManagement] INFO  server.RaftServerConfigKeys (ConfUtils.java:logGet(46)) - raft.server.log.statemachine.data.sync = true (default)
2024-02-27 21:40:20,123 [7299b60a-1361-4038-9b5b-8cb416051416-groupManagement] INFO  server.RaftServerConfigKeys (ConfUtils.java:logGet(46)) - raft.server.log.statemachine.data.sync.timeout = 10s (default)
2024-02-27 21:40:20,123 [7299b60a-1361-4038-9b5b-8cb416051416-groupManagement] INFO  server.RaftServerConfigKeys (ConfUtils.java:logGet(46)) - raft.server.log.statemachine.data.sync.timeout.retry = 0 (custom)
2024-02-27 21:40:20,123 [7299b60a-1361-4038-9b5b-8cb416051416-groupManagement] INFO  server.RaftServerConfigKeys (ConfUtils.java:logGet(46)) - raft.server.log.write.buffer.size = 8388616 (custom)
2024-02-27 21:40:20,125 [7299b60a-1361-4038-9b5b-8cb416051416-groupManagement] INFO  server.RaftServerConfigKeys (ConfUtils.java:logGet(46)) - raft.server.log.appender.buffer.byte-limit = 8388608 (custom)
2024-02-27 21:40:20,125 [7299b60a-1361-4038-9b5b-8cb416051416-groupManagement] INFO  server.RaftServerConfigKeys (ConfUtils.java:logGet(46)) - raft.server.log.unsafe-flush.enabled = false (default)
2024-02-27 21:40:20,125 [7299b60a-1361-4038-9b5b-8cb416051416-groupManagement] INFO  server.RaftServerConfigKeys (ConfUtils.java:logGet(46)) - raft.server.log.async-flush.enabled = false (default)
2024-02-27 21:40:20,125 [7299b60a-1361-4038-9b5b-8cb416051416-groupManagement] INFO  server.RaftServerConfigKeys (ConfUtils.java:logGet(46)) - raft.server.log.statemachine.data.caching.enabled = true (custom)
2024-02-27 21:40:20,125 [7299b60a-1361-4038-9b5b-8cb416051416-groupManagement] INFO  segmented.SegmentedRaftLogWorker (SegmentedRaftLogWorker.java:lambda$new$0(134)) - 7299b60a-1361-4038-9b5b-8cb416051416@group-38A797F17613-SegmentedRaftLogWorker: flushIndex: setUnconditionally 0 -> -1
2024-02-27 21:40:20,125 [7299b60a-1361-4038-9b5b-8cb416051416-groupManagement] INFO  segmented.SegmentedRaftLogWorker (SegmentedRaftLogWorker.java:lambda$new$0(134)) - 7299b60a-1361-4038-9b5b-8cb416051416@group-38A797F17613-SegmentedRaftLogWorker: safeCacheEvictIndex: setUnconditionally 0 -> -1
2024-02-27 21:40:20,125 [7299b60a-1361-4038-9b5b-8cb416051416-groupManagement] INFO  server.RaftServer$Division (RaftServerImpl.java:start(396)) - 7299b60a-1361-4038-9b5b-8cb416051416@group-38A797F17613: start as a follower, conf=-1: peers:[7299b60a-1361-4038-9b5b-8cb416051416|10.1.0.18:15129, 2818fa5f-cc14-4867-ab22-981a54c2b243|10.1.0.18:15138, e0fc16c3-8785-492f-95e3-5d2aafd0cf3f|10.1.0.18:15111]|listeners:[], old=null
2024-02-27 21:40:20,125 [7299b60a-1361-4038-9b5b-8cb416051416-groupManagement] INFO  server.RaftServer$Division (RaftServerImpl.java:setRole(383)) - 7299b60a-1361-4038-9b5b-8cb416051416@group-38A797F17613: changes role from      null to FOLLOWER at term 0 for startAsFollower
2024-02-27 21:40:20,125 [7299b60a-1361-4038-9b5b-8cb416051416-groupManagement] INFO  impl.RoleInfo (RoleInfo.java:updateAndGet(139)) - 7299b60a-1361-4038-9b5b-8cb416051416: start 7299b60a-1361-4038-9b5b-8cb416051416@group-38A797F17613-FollowerState
2024-02-27 21:40:20,126 [7299b60a-1361-4038-9b5b-8cb416051416@group-38A797F17613-FollowerState] INFO  server.RaftServerConfigKeys (ConfUtils.java:logFallback(53)) - raft.server.rpc.first-election.timeout.min = 5s (fallback to raft.server.rpc.timeout.min)
2024-02-27 21:40:20,126 [7299b60a-1361-4038-9b5b-8cb416051416-groupManagement] INFO  util.JmxRegister (JmxRegister.java:tryRegister(44)) - Successfully registered JMX Bean with object name Ratis:service=RaftServer,group=group-38A797F17613,id=7299b60a-1361-4038-9b5b-8cb416051416
2024-02-27 21:40:20,126 [7299b60a-1361-4038-9b5b-8cb416051416@group-38A797F17613-FollowerState] INFO  server.RaftServerConfigKeys (ConfUtils.java:logFallback(53)) - raft.server.rpc.first-election.timeout.max = 5200ms (fallback to raft.server.rpc.timeout.max)
2024-02-27 21:40:20,126 [7299b60a-1361-4038-9b5b-8cb416051416-groupManagement] INFO  server.RaftServerConfigKeys (ConfUtils.java:logGet(46)) - raft.server.snapshot.trigger-when-stop.enabled = true (default)
2024-02-27 21:40:20,126 [7299b60a-1361-4038-9b5b-8cb416051416-groupManagement] INFO  server.RaftServerConfigKeys (ConfUtils.java:logGet(46)) - raft.server.snapshot.auto.trigger.enabled = true (custom)
2024-02-27 21:40:20,126 [7299b60a-1361-4038-9b5b-8cb416051416-groupManagement] INFO  server.RaftServerConfigKeys (ConfUtils.java:logGet(46)) - raft.server.snapshot.auto.trigger.threshold = 10000 (custom)
2024-02-27 21:40:20,126 [7299b60a-1361-4038-9b5b-8cb416051416-groupManagement] INFO  server.RaftServerConfigKeys (ConfUtils.java:logGet(46)) - raft.server.snapshot.retention.file.num = 5 (custom)
2024-02-27 21:40:20,126 [7299b60a-1361-4038-9b5b-8cb416051416-groupManagement] INFO  server.RaftServerConfigKeys (ConfUtils.java:logGet(46)) - raft.server.log.purge.upto.snapshot.index = false (default)
2024-02-27 21:40:20,128 [2818fa5f-cc14-4867-ab22-981a54c2b243-PipelineCommandHandlerThread-0] INFO  commandhandler.CreatePipelineCommandHandler (CreatePipelineCommandHandler.java:lambda$handle$2(124)) - Created Pipeline RATIS THREE PipelineID=bb1f1dd2-6739-43a3-b96a-38a797f17613.
2024-02-27 21:40:24,879 [a4a9caa5-f98a-4b6d-87b4-17f7eca85f0e@group-A6616489C41E-FollowerState] INFO  impl.FollowerState (FollowerState.java:run(143)) - a4a9caa5-f98a-4b6d-87b4-17f7eca85f0e@group-A6616489C41E-FollowerState: change to CANDIDATE, lastRpcElapsedTime:5184695930ns, electionTimeout:5184ms
2024-02-27 21:40:24,879 [a4a9caa5-f98a-4b6d-87b4-17f7eca85f0e@group-A6616489C41E-FollowerState] INFO  impl.RoleInfo (RoleInfo.java:shutdownFollowerState(110)) - a4a9caa5-f98a-4b6d-87b4-17f7eca85f0e: shutdown a4a9caa5-f98a-4b6d-87b4-17f7eca85f0e@group-A6616489C41E-FollowerState
2024-02-27 21:40:24,879 [a4a9caa5-f98a-4b6d-87b4-17f7eca85f0e@group-A6616489C41E-FollowerState] INFO  server.RaftServer$Division (RaftServerImpl.java:setRole(383)) - a4a9caa5-f98a-4b6d-87b4-17f7eca85f0e@group-A6616489C41E: changes role from  FOLLOWER to CANDIDATE at term 0 for changeToCandidate
2024-02-27 21:40:24,880 [a4a9caa5-f98a-4b6d-87b4-17f7eca85f0e@group-A6616489C41E-FollowerState] INFO  server.RaftServerConfigKeys (ConfUtils.java:logGet(46)) - raft.server.leaderelection.pre-vote = true (default)
2024-02-27 21:40:24,880 [a4a9caa5-f98a-4b6d-87b4-17f7eca85f0e@group-A6616489C41E-FollowerState] INFO  impl.RoleInfo (RoleInfo.java:updateAndGet(139)) - a4a9caa5-f98a-4b6d-87b4-17f7eca85f0e: start a4a9caa5-f98a-4b6d-87b4-17f7eca85f0e@group-A6616489C41E-LeaderElection30
2024-02-27 21:40:24,881 [a4a9caa5-f98a-4b6d-87b4-17f7eca85f0e@group-A6616489C41E-LeaderElection30] INFO  impl.LeaderElection (LeaderElection.java:askForVotes(321)) - a4a9caa5-f98a-4b6d-87b4-17f7eca85f0e@group-A6616489C41E-LeaderElection30 PRE_VOTE round 0: submit vote requests at term 0 for -1: peers:[a4a9caa5-f98a-4b6d-87b4-17f7eca85f0e|10.1.0.18:15120, e0fc16c3-8785-492f-95e3-5d2aafd0cf3f|10.1.0.18:15111, acd5b146-ec22-4575-ab5b-633d0d82c7a3|10.1.0.18:15147]|listeners:[], old=null
2024-02-27 21:40:24,881 [a4a9caa5-f98a-4b6d-87b4-17f7eca85f0e@group-A6616489C41E-LeaderElection30-1] INFO  server.GrpcServerProtocolClient (GrpcServerProtocolClient.java:<init>(65)) - Build channel for e0fc16c3-8785-492f-95e3-5d2aafd0cf3f|10.1.0.18:15111
2024-02-27 21:40:24,881 [a4a9caa5-f98a-4b6d-87b4-17f7eca85f0e@group-A6616489C41E-LeaderElection30] INFO  server.RaftServerConfigKeys (ConfUtils.java:logFallback(53)) - raft.server.rpc.first-election.timeout.min = 5s (fallback to raft.server.rpc.timeout.min)
2024-02-27 21:40:24,882 [a4a9caa5-f98a-4b6d-87b4-17f7eca85f0e@group-A6616489C41E-LeaderElection30] INFO  server.RaftServerConfigKeys (ConfUtils.java:logFallback(53)) - raft.server.rpc.first-election.timeout.max = 5200ms (fallback to raft.server.rpc.timeout.max)
2024-02-27 21:40:24,882 [a4a9caa5-f98a-4b6d-87b4-17f7eca85f0e@group-A6616489C41E-LeaderElection30-2] INFO  server.GrpcServerProtocolClient (GrpcServerProtocolClient.java:<init>(65)) - Build channel for acd5b146-ec22-4575-ab5b-633d0d82c7a3|10.1.0.18:15147
2024-02-27 21:40:24,887 [grpc-default-executor-2] INFO  server.RaftServer$Division (RaftServerImpl.java:requestVote(1389)) - e0fc16c3-8785-492f-95e3-5d2aafd0cf3f@group-A6616489C41E: receive requestVote(PRE_VOTE, a4a9caa5-f98a-4b6d-87b4-17f7eca85f0e, group-A6616489C41E, 0, (t:0, i:0))
2024-02-27 21:40:24,887 [grpc-default-executor-2] INFO  impl.VoteContext (VoteContext.java:log(49)) - e0fc16c3-8785-492f-95e3-5d2aafd0cf3f@group-A6616489C41E-FOLLOWER: reject PRE_VOTE from a4a9caa5-f98a-4b6d-87b4-17f7eca85f0e: our priority 1 > candidate's priority 0
2024-02-27 21:40:24,887 [grpc-default-executor-2] INFO  server.RaftServer$Division (RaftServerImpl.java:requestVote(1422)) - e0fc16c3-8785-492f-95e3-5d2aafd0cf3f@group-A6616489C41E replies to PRE_VOTE vote request: a4a9caa5-f98a-4b6d-87b4-17f7eca85f0e<-e0fc16c3-8785-492f-95e3-5d2aafd0cf3f#0:FAIL-t0. Peer's state: e0fc16c3-8785-492f-95e3-5d2aafd0cf3f@group-A6616489C41E:t0, leader=null, voted=, raftlog=Memoized:e0fc16c3-8785-492f-95e3-5d2aafd0cf3f@group-A6616489C41E-SegmentedRaftLog:OPENED:c-1, conf=-1: peers:[a4a9caa5-f98a-4b6d-87b4-17f7eca85f0e|10.1.0.18:15120, e0fc16c3-8785-492f-95e3-5d2aafd0cf3f|10.1.0.18:15111, acd5b146-ec22-4575-ab5b-633d0d82c7a3|10.1.0.18:15147]|listeners:[], old=null
2024-02-27 21:40:24,887 [grpc-default-executor-6] INFO  server.RaftServer$Division (RaftServerImpl.java:requestVote(1389)) - acd5b146-ec22-4575-ab5b-633d0d82c7a3@group-A6616489C41E: receive requestVote(PRE_VOTE, a4a9caa5-f98a-4b6d-87b4-17f7eca85f0e, group-A6616489C41E, 0, (t:0, i:0))
2024-02-27 21:40:24,888 [grpc-default-executor-6] INFO  impl.VoteContext (VoteContext.java:log(49)) - acd5b146-ec22-4575-ab5b-633d0d82c7a3@group-A6616489C41E-FOLLOWER: accept PRE_VOTE from a4a9caa5-f98a-4b6d-87b4-17f7eca85f0e: our priority 0 <= candidate's priority 0
2024-02-27 21:40:24,888 [grpc-default-executor-6] INFO  server.RaftServer$Division (RaftServerImpl.java:requestVote(1422)) - acd5b146-ec22-4575-ab5b-633d0d82c7a3@group-A6616489C41E replies to PRE_VOTE vote request: a4a9caa5-f98a-4b6d-87b4-17f7eca85f0e<-acd5b146-ec22-4575-ab5b-633d0d82c7a3#0:OK-t0. Peer's state: acd5b146-ec22-4575-ab5b-633d0d82c7a3@group-A6616489C41E:t0, leader=null, voted=, raftlog=Memoized:acd5b146-ec22-4575-ab5b-633d0d82c7a3@group-A6616489C41E-SegmentedRaftLog:OPENED:c-1, conf=-1: peers:[a4a9caa5-f98a-4b6d-87b4-17f7eca85f0e|10.1.0.18:15120, e0fc16c3-8785-492f-95e3-5d2aafd0cf3f|10.1.0.18:15111, acd5b146-ec22-4575-ab5b-633d0d82c7a3|10.1.0.18:15147]|listeners:[], old=null
2024-02-27 21:40:24,888 [a4a9caa5-f98a-4b6d-87b4-17f7eca85f0e@group-A6616489C41E-LeaderElection30] INFO  impl.LeaderElection (LeaderElection.java:logAndReturn(89)) - a4a9caa5-f98a-4b6d-87b4-17f7eca85f0e@group-A6616489C41E-LeaderElection30: PRE_VOTE REJECTED received 1 response(s) and 0 exception(s):
2024-02-27 21:40:24,888 [a4a9caa5-f98a-4b6d-87b4-17f7eca85f0e@group-A6616489C41E-LeaderElection30] INFO  impl.LeaderElection (LeaderElection.java:logAndReturn(93)) -   Response 0: a4a9caa5-f98a-4b6d-87b4-17f7eca85f0e<-e0fc16c3-8785-492f-95e3-5d2aafd0cf3f#0:FAIL-t0
2024-02-27 21:40:24,888 [a4a9caa5-f98a-4b6d-87b4-17f7eca85f0e@group-A6616489C41E-LeaderElection30] INFO  impl.LeaderElection (LeaderElection.java:askForVotes(323)) - a4a9caa5-f98a-4b6d-87b4-17f7eca85f0e@group-A6616489C41E-LeaderElection30 PRE_VOTE round 0: result REJECTED
2024-02-27 21:40:24,888 [a4a9caa5-f98a-4b6d-87b4-17f7eca85f0e@group-A6616489C41E-LeaderElection30] INFO  server.RaftServer$Division (RaftServerImpl.java:setRole(383)) - a4a9caa5-f98a-4b6d-87b4-17f7eca85f0e@group-A6616489C41E: changes role from CANDIDATE to FOLLOWER at term 0 for REJECTED
2024-02-27 21:40:24,889 [a4a9caa5-f98a-4b6d-87b4-17f7eca85f0e@group-A6616489C41E-LeaderElection30] INFO  impl.RoleInfo (RoleInfo.java:shutdownLeaderElection(130)) - a4a9caa5-f98a-4b6d-87b4-17f7eca85f0e: shutdown a4a9caa5-f98a-4b6d-87b4-17f7eca85f0e@group-A6616489C41E-LeaderElection30
2024-02-27 21:40:24,889 [a4a9caa5-f98a-4b6d-87b4-17f7eca85f0e@group-A6616489C41E-LeaderElection30] INFO  impl.RoleInfo (RoleInfo.java:updateAndGet(139)) - a4a9caa5-f98a-4b6d-87b4-17f7eca85f0e: start a4a9caa5-f98a-4b6d-87b4-17f7eca85f0e@group-A6616489C41E-FollowerState
2024-02-27 21:40:24,889 [a4a9caa5-f98a-4b6d-87b4-17f7eca85f0e@group-A6616489C41E-LeaderElection30] INFO  server.RaftServer$Division (RaftServerImpl.java:setFirstElection(574)) - a4a9caa5-f98a-4b6d-87b4-17f7eca85f0e@group-A6616489C41E: set firstElectionSinceStartup to false for REJECTED
2024-02-27 21:40:24,892 [e0fc16c3-8785-492f-95e3-5d2aafd0cf3f@group-A6616489C41E-FollowerState] INFO  impl.FollowerState (FollowerState.java:run(143)) - e0fc16c3-8785-492f-95e3-5d2aafd0cf3f@group-A6616489C41E-FollowerState: change to CANDIDATE, lastRpcElapsedTime:5166454705ns, electionTimeout:5161ms
2024-02-27 21:40:24,893 [e0fc16c3-8785-492f-95e3-5d2aafd0cf3f@group-A6616489C41E-FollowerState] INFO  impl.RoleInfo (RoleInfo.java:shutdownFollowerState(110)) - e0fc16c3-8785-492f-95e3-5d2aafd0cf3f: shutdown e0fc16c3-8785-492f-95e3-5d2aafd0cf3f@group-A6616489C41E-FollowerState
2024-02-27 21:40:24,893 [e0fc16c3-8785-492f-95e3-5d2aafd0cf3f@group-A6616489C41E-FollowerState] INFO  server.RaftServer$Division (RaftServerImpl.java:setRole(383)) - e0fc16c3-8785-492f-95e3-5d2aafd0cf3f@group-A6616489C41E: changes role from  FOLLOWER to CANDIDATE at term 0 for changeToCandidate
2024-02-27 21:40:24,893 [e0fc16c3-8785-492f-95e3-5d2aafd0cf3f@group-A6616489C41E-FollowerState] INFO  server.RaftServerConfigKeys (ConfUtils.java:logGet(46)) - raft.server.leaderelection.pre-vote = true (default)
2024-02-27 21:40:24,893 [e0fc16c3-8785-492f-95e3-5d2aafd0cf3f@group-A6616489C41E-FollowerState] INFO  impl.RoleInfo (RoleInfo.java:updateAndGet(139)) - e0fc16c3-8785-492f-95e3-5d2aafd0cf3f: start e0fc16c3-8785-492f-95e3-5d2aafd0cf3f@group-A6616489C41E-LeaderElection31
2024-02-27 21:40:24,896 [e0fc16c3-8785-492f-95e3-5d2aafd0cf3f@group-A6616489C41E-LeaderElection31] INFO  impl.LeaderElection (LeaderElection.java:askForVotes(321)) - e0fc16c3-8785-492f-95e3-5d2aafd0cf3f@group-A6616489C41E-LeaderElection31 PRE_VOTE round 0: submit vote requests at term 0 for -1: peers:[a4a9caa5-f98a-4b6d-87b4-17f7eca85f0e|10.1.0.18:15120, e0fc16c3-8785-492f-95e3-5d2aafd0cf3f|10.1.0.18:15111, acd5b146-ec22-4575-ab5b-633d0d82c7a3|10.1.0.18:15147]|listeners:[], old=null
2024-02-27 21:40:24,896 [e0fc16c3-8785-492f-95e3-5d2aafd0cf3f@group-A6616489C41E-LeaderElection31] INFO  server.RaftServerConfigKeys (ConfUtils.java:logFallback(53)) - raft.server.rpc.first-election.timeout.min = 5s (fallback to raft.server.rpc.timeout.min)
2024-02-27 21:40:24,896 [e0fc16c3-8785-492f-95e3-5d2aafd0cf3f@group-A6616489C41E-LeaderElection31] INFO  server.RaftServerConfigKeys (ConfUtils.java:logFallback(53)) - raft.server.rpc.first-election.timeout.max = 5200ms (fallback to raft.server.rpc.timeout.max)
2024-02-27 21:40:24,896 [e0fc16c3-8785-492f-95e3-5d2aafd0cf3f@group-A6616489C41E-LeaderElection31-2] INFO  server.GrpcServerProtocolClient (GrpcServerProtocolClient.java:<init>(65)) - Build channel for acd5b146-ec22-4575-ab5b-633d0d82c7a3|10.1.0.18:15147
2024-02-27 21:40:24,896 [grpc-default-executor-6] INFO  server.RaftServer$Division (RaftServerImpl.java:requestVote(1389)) - a4a9caa5-f98a-4b6d-87b4-17f7eca85f0e@group-A6616489C41E: receive requestVote(PRE_VOTE, e0fc16c3-8785-492f-95e3-5d2aafd0cf3f, group-A6616489C41E, 0, (t:0, i:0))
2024-02-27 21:40:24,897 [grpc-default-executor-6] INFO  impl.VoteContext (VoteContext.java:log(49)) - a4a9caa5-f98a-4b6d-87b4-17f7eca85f0e@group-A6616489C41E-FOLLOWER: accept PRE_VOTE from e0fc16c3-8785-492f-95e3-5d2aafd0cf3f: our priority 0 <= candidate's priority 1
2024-02-27 21:40:24,897 [grpc-default-executor-6] INFO  server.RaftServer$Division (RaftServerImpl.java:requestVote(1422)) - a4a9caa5-f98a-4b6d-87b4-17f7eca85f0e@group-A6616489C41E replies to PRE_VOTE vote request: e0fc16c3-8785-492f-95e3-5d2aafd0cf3f<-a4a9caa5-f98a-4b6d-87b4-17f7eca85f0e#0:OK-t0. Peer's state: a4a9caa5-f98a-4b6d-87b4-17f7eca85f0e@group-A6616489C41E:t0, leader=null, voted=, raftlog=Memoized:a4a9caa5-f98a-4b6d-87b4-17f7eca85f0e@group-A6616489C41E-SegmentedRaftLog:OPENED:c-1, conf=-1: peers:[a4a9caa5-f98a-4b6d-87b4-17f7eca85f0e|10.1.0.18:15120, e0fc16c3-8785-492f-95e3-5d2aafd0cf3f|10.1.0.18:15111, acd5b146-ec22-4575-ab5b-633d0d82c7a3|10.1.0.18:15147]|listeners:[], old=null
2024-02-27 21:40:24,898 [e0fc16c3-8785-492f-95e3-5d2aafd0cf3f@group-A6616489C41E-LeaderElection31] INFO  impl.LeaderElection (LeaderElection.java:logAndReturn(89)) - e0fc16c3-8785-492f-95e3-5d2aafd0cf3f@group-A6616489C41E-LeaderElection31: PRE_VOTE PASSED received 1 response(s) and 0 exception(s):
2024-02-27 21:40:24,898 [e0fc16c3-8785-492f-95e3-5d2aafd0cf3f@group-A6616489C41E-LeaderElection31] INFO  impl.LeaderElection (LeaderElection.java:logAndReturn(93)) -   Response 0: e0fc16c3-8785-492f-95e3-5d2aafd0cf3f<-a4a9caa5-f98a-4b6d-87b4-17f7eca85f0e#0:OK-t0
2024-02-27 21:40:24,898 [e0fc16c3-8785-492f-95e3-5d2aafd0cf3f@group-A6616489C41E-LeaderElection31] INFO  impl.LeaderElection (LeaderElection.java:askForVotes(323)) - e0fc16c3-8785-492f-95e3-5d2aafd0cf3f@group-A6616489C41E-LeaderElection31 PRE_VOTE round 0: result PASSED
2024-02-27 21:40:24,899 [grpc-default-executor-6] INFO  server.RaftServer$Division (RaftServerImpl.java:requestVote(1389)) - acd5b146-ec22-4575-ab5b-633d0d82c7a3@group-A6616489C41E: receive requestVote(PRE_VOTE, e0fc16c3-8785-492f-95e3-5d2aafd0cf3f, group-A6616489C41E, 0, (t:0, i:0))
2024-02-27 21:40:24,899 [grpc-default-executor-6] INFO  impl.VoteContext (VoteContext.java:log(49)) - acd5b146-ec22-4575-ab5b-633d0d82c7a3@group-A6616489C41E-FOLLOWER: accept PRE_VOTE from e0fc16c3-8785-492f-95e3-5d2aafd0cf3f: our priority 0 <= candidate's priority 1
2024-02-27 21:40:24,899 [grpc-default-executor-6] INFO  server.RaftServer$Division (RaftServerImpl.java:requestVote(1422)) - acd5b146-ec22-4575-ab5b-633d0d82c7a3@group-A6616489C41E replies to PRE_VOTE vote request: e0fc16c3-8785-492f-95e3-5d2aafd0cf3f<-acd5b146-ec22-4575-ab5b-633d0d82c7a3#0:OK-t0. Peer's state: acd5b146-ec22-4575-ab5b-633d0d82c7a3@group-A6616489C41E:t0, leader=null, voted=, raftlog=Memoized:acd5b146-ec22-4575-ab5b-633d0d82c7a3@group-A6616489C41E-SegmentedRaftLog:OPENED:c-1, conf=-1: peers:[a4a9caa5-f98a-4b6d-87b4-17f7eca85f0e|10.1.0.18:15120, e0fc16c3-8785-492f-95e3-5d2aafd0cf3f|10.1.0.18:15111, acd5b146-ec22-4575-ab5b-633d0d82c7a3|10.1.0.18:15147]|listeners:[], old=null
2024-02-27 21:40:24,900 [e0fc16c3-8785-492f-95e3-5d2aafd0cf3f@group-A6616489C41E-LeaderElection31] INFO  impl.LeaderElection (LeaderElection.java:askForVotes(321)) - e0fc16c3-8785-492f-95e3-5d2aafd0cf3f@group-A6616489C41E-LeaderElection31 ELECTION round 0: submit vote requests at term 1 for -1: peers:[a4a9caa5-f98a-4b6d-87b4-17f7eca85f0e|10.1.0.18:15120, e0fc16c3-8785-492f-95e3-5d2aafd0cf3f|10.1.0.18:15111, acd5b146-ec22-4575-ab5b-633d0d82c7a3|10.1.0.18:15147]|listeners:[], old=null
2024-02-27 21:40:24,900 [e0fc16c3-8785-492f-95e3-5d2aafd0cf3f@group-A6616489C41E-LeaderElection31] INFO  server.RaftServerConfigKeys (ConfUtils.java:logFallback(53)) - raft.server.rpc.first-election.timeout.min = 5s (fallback to raft.server.rpc.timeout.min)
2024-02-27 21:40:24,900 [e0fc16c3-8785-492f-95e3-5d2aafd0cf3f@group-A6616489C41E-LeaderElection31] INFO  server.RaftServerConfigKeys (ConfUtils.java:logFallback(53)) - raft.server.rpc.first-election.timeout.max = 5200ms (fallback to raft.server.rpc.timeout.max)
2024-02-27 21:40:24,901 [grpc-default-executor-6] INFO  server.RaftServer$Division (RaftServerImpl.java:requestVote(1389)) - a4a9caa5-f98a-4b6d-87b4-17f7eca85f0e@group-A6616489C41E: receive requestVote(ELECTION, e0fc16c3-8785-492f-95e3-5d2aafd0cf3f, group-A6616489C41E, 1, (t:0, i:0))
2024-02-27 21:40:24,901 [grpc-default-executor-6] INFO  impl.VoteContext (VoteContext.java:log(49)) - a4a9caa5-f98a-4b6d-87b4-17f7eca85f0e@group-A6616489C41E-FOLLOWER: accept ELECTION from e0fc16c3-8785-492f-95e3-5d2aafd0cf3f: our priority 0 <= candidate's priority 1
2024-02-27 21:40:24,901 [grpc-default-executor-2] INFO  server.RaftServer$Division (RaftServerImpl.java:requestVote(1389)) - acd5b146-ec22-4575-ab5b-633d0d82c7a3@group-A6616489C41E: receive requestVote(ELECTION, e0fc16c3-8785-492f-95e3-5d2aafd0cf3f, group-A6616489C41E, 1, (t:0, i:0))
2024-02-27 21:40:24,901 [grpc-default-executor-6] INFO  server.RaftServer$Division (RaftServerImpl.java:setRole(383)) - a4a9caa5-f98a-4b6d-87b4-17f7eca85f0e@group-A6616489C41E: changes role from  FOLLOWER to FOLLOWER at term 1 for candidate:e0fc16c3-8785-492f-95e3-5d2aafd0cf3f
2024-02-27 21:40:24,902 [grpc-default-executor-6] INFO  impl.RoleInfo (RoleInfo.java:shutdownFollowerState(110)) - a4a9caa5-f98a-4b6d-87b4-17f7eca85f0e: shutdown a4a9caa5-f98a-4b6d-87b4-17f7eca85f0e@group-A6616489C41E-FollowerState
2024-02-27 21:40:24,902 [grpc-default-executor-6] INFO  impl.RoleInfo (RoleInfo.java:updateAndGet(139)) - a4a9caa5-f98a-4b6d-87b4-17f7eca85f0e: start a4a9caa5-f98a-4b6d-87b4-17f7eca85f0e@group-A6616489C41E-FollowerState
2024-02-27 21:40:24,902 [grpc-default-executor-2] INFO  impl.VoteContext (VoteContext.java:log(49)) - acd5b146-ec22-4575-ab5b-633d0d82c7a3@group-A6616489C41E-FOLLOWER: accept ELECTION from e0fc16c3-8785-492f-95e3-5d2aafd0cf3f: our priority 0 <= candidate's priority 1
2024-02-27 21:40:24,902 [a4a9caa5-f98a-4b6d-87b4-17f7eca85f0e@group-A6616489C41E-FollowerState] INFO  impl.FollowerState (FollowerState.java:run(152)) - a4a9caa5-f98a-4b6d-87b4-17f7eca85f0e@group-A6616489C41E-FollowerState was interrupted
2024-02-27 21:40:24,903 [grpc-default-executor-2] INFO  server.RaftServer$Division (RaftServerImpl.java:setRole(383)) - acd5b146-ec22-4575-ab5b-633d0d82c7a3@group-A6616489C41E: changes role from  FOLLOWER to FOLLOWER at term 1 for candidate:e0fc16c3-8785-492f-95e3-5d2aafd0cf3f
2024-02-27 21:40:24,903 [grpc-default-executor-2] INFO  impl.RoleInfo (RoleInfo.java:shutdownFollowerState(110)) - acd5b146-ec22-4575-ab5b-633d0d82c7a3: shutdown acd5b146-ec22-4575-ab5b-633d0d82c7a3@group-A6616489C41E-FollowerState
2024-02-27 21:40:24,903 [grpc-default-executor-2] INFO  impl.RoleInfo (RoleInfo.java:updateAndGet(139)) - acd5b146-ec22-4575-ab5b-633d0d82c7a3: start acd5b146-ec22-4575-ab5b-633d0d82c7a3@group-A6616489C41E-FollowerState
2024-02-27 21:40:24,903 [acd5b146-ec22-4575-ab5b-633d0d82c7a3@group-A6616489C41E-FollowerState] INFO  impl.FollowerState (FollowerState.java:run(152)) - acd5b146-ec22-4575-ab5b-633d0d82c7a3@group-A6616489C41E-FollowerState was interrupted
2024-02-27 21:40:24,903 [grpc-default-executor-2] INFO  server.RaftServer$Division (RaftServerImpl.java:setFirstElection(574)) - acd5b146-ec22-4575-ab5b-633d0d82c7a3@group-A6616489C41E: set firstElectionSinceStartup to false for candidate:e0fc16c3-8785-492f-95e3-5d2aafd0cf3f
2024-02-27 21:40:24,904 [grpc-default-executor-6] INFO  server.RaftServer$Division (RaftServerImpl.java:requestVote(1422)) - a4a9caa5-f98a-4b6d-87b4-17f7eca85f0e@group-A6616489C41E replies to ELECTION vote request: e0fc16c3-8785-492f-95e3-5d2aafd0cf3f<-a4a9caa5-f98a-4b6d-87b4-17f7eca85f0e#0:OK-t1. Peer's state: a4a9caa5-f98a-4b6d-87b4-17f7eca85f0e@group-A6616489C41E:t1, leader=null, voted=e0fc16c3-8785-492f-95e3-5d2aafd0cf3f, raftlog=Memoized:a4a9caa5-f98a-4b6d-87b4-17f7eca85f0e@group-A6616489C41E-SegmentedRaftLog:OPENED:c-1, conf=-1: peers:[a4a9caa5-f98a-4b6d-87b4-17f7eca85f0e|10.1.0.18:15120, e0fc16c3-8785-492f-95e3-5d2aafd0cf3f|10.1.0.18:15111, acd5b146-ec22-4575-ab5b-633d0d82c7a3|10.1.0.18:15147]|listeners:[], old=null
2024-02-27 21:40:24,905 [e0fc16c3-8785-492f-95e3-5d2aafd0cf3f@group-A6616489C41E-LeaderElection31] INFO  impl.LeaderElection (LeaderElection.java:logAndReturn(89)) - e0fc16c3-8785-492f-95e3-5d2aafd0cf3f@group-A6616489C41E-LeaderElection31: ELECTION PASSED received 1 response(s) and 0 exception(s):
2024-02-27 21:40:24,905 [e0fc16c3-8785-492f-95e3-5d2aafd0cf3f@group-A6616489C41E-LeaderElection31] INFO  impl.LeaderElection (LeaderElection.java:logAndReturn(93)) -   Response 0: e0fc16c3-8785-492f-95e3-5d2aafd0cf3f<-a4a9caa5-f98a-4b6d-87b4-17f7eca85f0e#0:OK-t1
2024-02-27 21:40:24,905 [e0fc16c3-8785-492f-95e3-5d2aafd0cf3f@group-A6616489C41E-LeaderElection31] INFO  impl.LeaderElection (LeaderElection.java:askForVotes(323)) - e0fc16c3-8785-492f-95e3-5d2aafd0cf3f@group-A6616489C41E-LeaderElection31 ELECTION round 0: result PASSED
2024-02-27 21:40:24,905 [e0fc16c3-8785-492f-95e3-5d2aafd0cf3f@group-A6616489C41E-LeaderElection31] INFO  impl.RoleInfo (RoleInfo.java:shutdownLeaderElection(130)) - e0fc16c3-8785-492f-95e3-5d2aafd0cf3f: shutdown e0fc16c3-8785-492f-95e3-5d2aafd0cf3f@group-A6616489C41E-LeaderElection31
2024-02-27 21:40:24,905 [e0fc16c3-8785-492f-95e3-5d2aafd0cf3f@group-A6616489C41E-LeaderElection31] INFO  server.RaftServer$Division (RaftServerImpl.java:setRole(383)) - e0fc16c3-8785-492f-95e3-5d2aafd0cf3f@group-A6616489C41E: changes role from CANDIDATE to LEADER at term 1 for changeToLeader
2024-02-27 21:40:24,905 [e0fc16c3-8785-492f-95e3-5d2aafd0cf3f@group-A6616489C41E-LeaderElection31] INFO  server.RaftServerConfigKeys (ConfUtils.java:logGet(46)) - raft.server.staging.catchup.gap = 1000 (default)
2024-02-27 21:40:24,905 [e0fc16c3-8785-492f-95e3-5d2aafd0cf3f@group-A6616489C41E-LeaderElection31] INFO  server.RaftServerConfigKeys (ConfUtils.java:logGet(46)) - raft.server.write.element-limit = 1024 (custom)
2024-02-27 21:40:24,905 [e0fc16c3-8785-492f-95e3-5d2aafd0cf3f@group-A6616489C41E-LeaderElection31] INFO  server.RaftServerConfigKeys (ConfUtils.java:logGet(46)) - raft.server.write.byte-limit = 1024 M (=1073741824) (custom)
2024-02-27 21:40:24,906 [e0fc16c3-8785-492f-95e3-5d2aafd0cf3f@group-A6616489C41E-LeaderElection31] INFO  server.RaftServerConfigKeys (ConfUtils.java:logGet(46)) - raft.server.watch.timeout = 180s (custom)
2024-02-27 21:40:24,906 [e0fc16c3-8785-492f-95e3-5d2aafd0cf3f@group-A6616489C41E-LeaderElection31] INFO  server.RaftServerConfigKeys (ConfUtils.java:logGet(46)) - raft.server.watch.timeout.denomination = 1s (default)
2024-02-27 21:40:24,906 [e0fc16c3-8785-492f-95e3-5d2aafd0cf3f@group-A6616489C41E-LeaderElection31] INFO  server.RaftServerConfigKeys (ConfUtils.java:logGet(46)) - raft.server.watch.element-limit = 65536 (default)
2024-02-27 21:40:24,906 [e0fc16c3-8785-492f-95e3-5d2aafd0cf3f@group-A6616489C41E-LeaderElection31] INFO  server.RaftServerConfigKeys (ConfUtils.java:logGet(46)) - raft.server.read.leader.lease.enabled = false (default)
2024-02-27 21:40:24,906 [e0fc16c3-8785-492f-95e3-5d2aafd0cf3f@group-A6616489C41E-LeaderElection31] INFO  server.RaftServerConfigKeys (ConfUtils.java:logGet(46)) - raft.server.read.leader.lease.timeout.ratio = 0.9 (default)
2024-02-27 21:40:24,906 [grpc-default-executor-2] INFO  server.RaftServer$Division (RaftServerImpl.java:requestVote(1422)) - acd5b146-ec22-4575-ab5b-633d0d82c7a3@group-A6616489C41E replies to ELECTION vote request: e0fc16c3-8785-492f-95e3-5d2aafd0cf3f<-acd5b146-ec22-4575-ab5b-633d0d82c7a3#0:OK-t1. Peer's state: acd5b146-ec22-4575-ab5b-633d0d82c7a3@group-A6616489C41E:t1, leader=null, voted=e0fc16c3-8785-492f-95e3-5d2aafd0cf3f, raftlog=Memoized:acd5b146-ec22-4575-ab5b-633d0d82c7a3@group-A6616489C41E-SegmentedRaftLog:OPENED:c-1, conf=-1: peers:[a4a9caa5-f98a-4b6d-87b4-17f7eca85f0e|10.1.0.18:15120, e0fc16c3-8785-492f-95e3-5d2aafd0cf3f|10.1.0.18:15111, acd5b146-ec22-4575-ab5b-633d0d82c7a3|10.1.0.18:15147]|listeners:[], old=null
2024-02-27 21:40:24,906 [e0fc16c3-8785-492f-95e3-5d2aafd0cf3f@group-A6616489C41E-LeaderElection31] INFO  server.RaftServerConfigKeys (ConfUtils.java:logGet(46)) - raft.server.rpc.timeout.min = 5s (custom)
2024-02-27 21:40:24,906 [e0fc16c3-8785-492f-95e3-5d2aafd0cf3f@group-A6616489C41E-LeaderElection31] INFO  server.RaftServerConfigKeys (ConfUtils.java:logGet(46)) - raft.server.write.element-limit = 1024 (custom)
2024-02-27 21:40:24,906 [e0fc16c3-8785-492f-95e3-5d2aafd0cf3f@group-A6616489C41E-LeaderElection31] INFO  server.RaftServerConfigKeys (ConfUtils.java:logGet(46)) - raft.server.write.follower.gap.ratio.max = -1.0 (default)
2024-02-27 21:40:24,907 [e0fc16c3-8785-492f-95e3-5d2aafd0cf3f@group-A6616489C41E-LeaderElection31] INFO  server.RaftServerConfigKeys (ConfUtils.java:logGet(46)) - raft.server.log.appender.snapshot.chunk.size.max = 16MB (=16777216) (default)
2024-02-27 21:40:24,907 [e0fc16c3-8785-492f-95e3-5d2aafd0cf3f@group-A6616489C41E-LeaderElection31] INFO  server.RaftServerConfigKeys (ConfUtils.java:logGet(46)) - raft.server.log.appender.buffer.byte-limit = 8388608 (custom)
2024-02-27 21:40:24,907 [e0fc16c3-8785-492f-95e3-5d2aafd0cf3f@group-A6616489C41E-LeaderElection31] INFO  server.RaftServerConfigKeys (ConfUtils.java:logGet(46)) - raft.server.log.appender.buffer.element-limit = 1 (custom)
2024-02-27 21:40:24,907 [e0fc16c3-8785-492f-95e3-5d2aafd0cf3f@group-A6616489C41E-LeaderElection31] INFO  server.RaftServerConfigKeys (ConfUtils.java:logGet(46)) - raft.server.log.appender.wait-time.min = 0μs (custom)
2024-02-27 21:40:24,907 [e0fc16c3-8785-492f-95e3-5d2aafd0cf3f@group-A6616489C41E-LeaderElection31] INFO  grpc.GrpcConfigKeys (ConfUtils.java:logGet(46)) - raft.grpc.server.leader.outstanding.appends.max = 8 (default)
2024-02-27 21:40:24,907 [e0fc16c3-8785-492f-95e3-5d2aafd0cf3f@group-A6616489C41E-LeaderElection31] INFO  server.RaftServerConfigKeys (ConfUtils.java:logGet(46)) - raft.server.rpc.request.timeout = 60s (custom)
2024-02-27 21:40:24,907 [e0fc16c3-8785-492f-95e3-5d2aafd0cf3f@group-A6616489C41E-LeaderElection31] INFO  grpc.GrpcConfigKeys (ConfUtils.java:logGet(46)) - raft.grpc.server.install_snapshot.request.element-limit = 8 (default)
2024-02-27 21:40:24,907 [e0fc16c3-8785-492f-95e3-5d2aafd0cf3f@group-A6616489C41E-LeaderElection31] INFO  grpc.GrpcConfigKeys (ConfUtils.java:logGet(46)) - raft.grpc.server.install_snapshot.request.timeout = 3000ms (default)
2024-02-27 21:40:24,907 [e0fc16c3-8785-492f-95e3-5d2aafd0cf3f@group-A6616489C41E-LeaderElection31] INFO  grpc.GrpcConfigKeys (ConfUtils.java:logGet(46)) - raft.grpc.server.log-message.batch.duration = 5s (default)
2024-02-27 21:40:24,907 [e0fc16c3-8785-492f-95e3-5d2aafd0cf3f@group-A6616489C41E-LeaderElection31] INFO  server.RaftServerConfigKeys (ConfUtils.java:logGet(46)) - raft.server.log.appender.install.snapshot.enabled = false (custom)
2024-02-27 21:40:24,907 [e0fc16c3-8785-492f-95e3-5d2aafd0cf3f@group-A6616489C41E-LeaderElection31] INFO  grpc.GrpcConfigKeys (ConfUtils.java:logGet(46)) - raft.grpc.server.heartbeat.channel = true (default)
2024-02-27 21:40:24,908 [e0fc16c3-8785-492f-95e3-5d2aafd0cf3f@group-A6616489C41E-LeaderElection31] INFO  server.RaftServerConfigKeys (ConfUtils.java:logGet(46)) - raft.server.log.appender.snapshot.chunk.size.max = 16MB (=16777216) (default)
2024-02-27 21:40:24,908 [e0fc16c3-8785-492f-95e3-5d2aafd0cf3f@group-A6616489C41E-LeaderElection31] INFO  server.RaftServerConfigKeys (ConfUtils.java:logGet(46)) - raft.server.log.appender.buffer.byte-limit = 8388608 (custom)
2024-02-27 21:40:24,908 [e0fc16c3-8785-492f-95e3-5d2aafd0cf3f@group-A6616489C41E-LeaderElection31] INFO  server.RaftServerConfigKeys (ConfUtils.java:logGet(46)) - raft.server.log.appender.buffer.element-limit = 1 (custom)
2024-02-27 21:40:24,908 [e0fc16c3-8785-492f-95e3-5d2aafd0cf3f@group-A6616489C41E-LeaderElection31] INFO  server.RaftServerConfigKeys (ConfUtils.java:logGet(46)) - raft.server.log.appender.wait-time.min = 0μs (custom)
2024-02-27 21:40:24,908 [e0fc16c3-8785-492f-95e3-5d2aafd0cf3f@group-A6616489C41E-LeaderElection31] INFO  grpc.GrpcConfigKeys (ConfUtils.java:logGet(46)) - raft.grpc.server.leader.outstanding.appends.max = 8 (default)
2024-02-27 21:40:24,908 [e0fc16c3-8785-492f-95e3-5d2aafd0cf3f@group-A6616489C41E-LeaderElection31] INFO  server.RaftServerConfigKeys (ConfUtils.java:logGet(46)) - raft.server.rpc.request.timeout = 60s (custom)
2024-02-27 21:40:24,908 [e0fc16c3-8785-492f-95e3-5d2aafd0cf3f@group-A6616489C41E-LeaderElection31] INFO  grpc.GrpcConfigKeys (ConfUtils.java:logGet(46)) - raft.grpc.server.install_snapshot.request.element-limit = 8 (default)
2024-02-27 21:40:24,908 [e0fc16c3-8785-492f-95e3-5d2aafd0cf3f@group-A6616489C41E-LeaderElection31] INFO  grpc.GrpcConfigKeys (ConfUtils.java:logGet(46)) - raft.grpc.server.install_snapshot.request.timeout = 3000ms (default)
2024-02-27 21:40:24,908 [e0fc16c3-8785-492f-95e3-5d2aafd0cf3f@group-A6616489C41E-LeaderElection31] INFO  grpc.GrpcConfigKeys (ConfUtils.java:logGet(46)) - raft.grpc.server.log-message.batch.duration = 5s (default)
2024-02-27 21:40:24,908 [e0fc16c3-8785-492f-95e3-5d2aafd0cf3f@group-A6616489C41E-LeaderElection31] INFO  server.RaftServerConfigKeys (ConfUtils.java:logGet(46)) - raft.server.log.appender.install.snapshot.enabled = false (custom)
2024-02-27 21:40:24,908 [e0fc16c3-8785-492f-95e3-5d2aafd0cf3f@group-A6616489C41E-LeaderElection31] INFO  grpc.GrpcConfigKeys (ConfUtils.java:logGet(46)) - raft.grpc.server.heartbeat.channel = true (default)
2024-02-27 21:40:24,908 [e0fc16c3-8785-492f-95e3-5d2aafd0cf3f@group-A6616489C41E-LeaderElection31] INFO  impl.RoleInfo (RoleInfo.java:updateAndGet(139)) - e0fc16c3-8785-492f-95e3-5d2aafd0cf3f: start e0fc16c3-8785-492f-95e3-5d2aafd0cf3f@group-A6616489C41E-LeaderStateImpl
2024-02-27 21:40:24,908 [e0fc16c3-8785-492f-95e3-5d2aafd0cf3f@group-A6616489C41E-LeaderElection31] INFO  server.RaftServer$Division (RaftServerImpl.java:setFirstElection(574)) - e0fc16c3-8785-492f-95e3-5d2aafd0cf3f@group-A6616489C41E: set firstElectionSinceStartup to false for becomeLeader
2024-02-27 21:40:24,908 [e0fc16c3-8785-492f-95e3-5d2aafd0cf3f@group-A6616489C41E-LeaderElection31] INFO  ratis.XceiverServerRatis (XceiverServerRatis.java:handleLeaderChangedNotification(966)) - Leader change notification received for group: group-A6616489C41E with new leaderId: e0fc16c3-8785-492f-95e3-5d2aafd0cf3f
2024-02-27 21:40:24,908 [e0fc16c3-8785-492f-95e3-5d2aafd0cf3f@group-A6616489C41E-LeaderElection31] INFO  server.RaftServer$Division (ServerState.java:setLeader(269)) - e0fc16c3-8785-492f-95e3-5d2aafd0cf3f@group-A6616489C41E: change Leader from null to e0fc16c3-8785-492f-95e3-5d2aafd0cf3f at term 1 for becomeLeader, leader elected after 5203ms
2024-02-27 21:40:24,908 [e0fc16c3-8785-492f-95e3-5d2aafd0cf3f@group-A6616489C41E-LeaderElection31] INFO  segmented.SegmentedRaftLogWorker (SegmentedRaftLogWorker.java:startLogSegment(430)) - e0fc16c3-8785-492f-95e3-5d2aafd0cf3f@group-A6616489C41E-SegmentedRaftLogWorker: Starting segment from index:0
2024-02-27 21:40:24,909 [e0fc16c3-8785-492f-95e3-5d2aafd0cf3f@group-A6616489C41E-SegmentedRaftLogWorker] INFO  segmented.BufferedWriteChannel (BufferedWriteChannel.java:open(62)) - open log_inprogress_0 at position 0
2024-02-27 21:40:24,910 [EventQueue-PipelineReportForPipelineReportHandler] INFO  pipeline.PipelineReportHandler (PipelineReportHandler.java:processPipelineReport(136)) - Opened pipeline PipelineID=40b00379-c44c-4895-a69a-a6616489c41e
2024-02-27 21:40:24,912 [e0fc16c3-8785-492f-95e3-5d2aafd0cf3f@group-A6616489C41E-LeaderElection31] INFO  server.RaftServer$Division (ServerState.java:setRaftConf(386)) - e0fc16c3-8785-492f-95e3-5d2aafd0cf3f@group-A6616489C41E: set configuration 0: peers:[a4a9caa5-f98a-4b6d-87b4-17f7eca85f0e|10.1.0.18:15120, e0fc16c3-8785-492f-95e3-5d2aafd0cf3f|10.1.0.18:15111, acd5b146-ec22-4575-ab5b-633d0d82c7a3|10.1.0.18:15147]|listeners:[], old=null
2024-02-27 21:40:24,915 [acd5b146-ec22-4575-ab5b-633d0d82c7a3-server-thread1] INFO  ratis.XceiverServerRatis (XceiverServerRatis.java:handleLeaderChangedNotification(966)) - Leader change notification received for group: group-A6616489C41E with new leaderId: e0fc16c3-8785-492f-95e3-5d2aafd0cf3f
2024-02-27 21:40:24,915 [a4a9caa5-f98a-4b6d-87b4-17f7eca85f0e-server-thread1] INFO  ratis.XceiverServerRatis (XceiverServerRatis.java:handleLeaderChangedNotification(966)) - Leader change notification received for group: group-A6616489C41E with new leaderId: e0fc16c3-8785-492f-95e3-5d2aafd0cf3f
2024-02-27 21:40:24,915 [a4a9caa5-f98a-4b6d-87b4-17f7eca85f0e-server-thread1] INFO  server.RaftServer$Division (ServerState.java:setLeader(269)) - a4a9caa5-f98a-4b6d-87b4-17f7eca85f0e@group-A6616489C41E: change Leader from null to e0fc16c3-8785-492f-95e3-5d2aafd0cf3f at term 1 for appendEntries, leader elected after 5231ms
2024-02-27 21:40:24,915 [acd5b146-ec22-4575-ab5b-633d0d82c7a3-server-thread1] INFO  server.RaftServer$Division (ServerState.java:setLeader(269)) - acd5b146-ec22-4575-ab5b-633d0d82c7a3@group-A6616489C41E: change Leader from null to e0fc16c3-8785-492f-95e3-5d2aafd0cf3f at term 1 for appendEntries, leader elected after 5157ms
2024-02-27 21:40:24,916 [e0fc16c3-8785-492f-95e3-5d2aafd0cf3f@group-A6616489C41E-SegmentedRaftLogWorker] INFO  segmented.SegmentedRaftLogWorker (SegmentedRaftLogWorker.java:execute(634)) - e0fc16c3-8785-492f-95e3-5d2aafd0cf3f@group-A6616489C41E-SegmentedRaftLogWorker: created new log segment /home/runner/work/ozone/ozone/hadoop-ozone/integration-test/target/test-dir/MiniOzoneClusterImpl-6e3a073c-9bdc-4deb-8550-ef77f821b5e4/ozone-meta/datanode-1/ratis/40b00379-c44c-4895-a69a-a6616489c41e/current/log_inprogress_0
2024-02-27 21:40:24,919 [acd5b146-ec22-4575-ab5b-633d0d82c7a3-server-thread3] INFO  server.RaftServer$Division (ServerState.java:setRaftConf(386)) - acd5b146-ec22-4575-ab5b-633d0d82c7a3@group-A6616489C41E: set configuration 0: peers:[a4a9caa5-f98a-4b6d-87b4-17f7eca85f0e|10.1.0.18:15120, e0fc16c3-8785-492f-95e3-5d2aafd0cf3f|10.1.0.18:15111, acd5b146-ec22-4575-ab5b-633d0d82c7a3|10.1.0.18:15147]|listeners:[], old=null
2024-02-27 21:40:24,919 [acd5b146-ec22-4575-ab5b-633d0d82c7a3-server-thread3] INFO  segmented.SegmentedRaftLogWorker (SegmentedRaftLogWorker.java:startLogSegment(430)) - acd5b146-ec22-4575-ab5b-633d0d82c7a3@group-A6616489C41E-SegmentedRaftLogWorker: Starting segment from index:0
2024-02-27 21:40:24,920 [acd5b146-ec22-4575-ab5b-633d0d82c7a3@group-A6616489C41E-SegmentedRaftLogWorker] INFO  segmented.BufferedWriteChannel (BufferedWriteChannel.java:open(62)) - open log_inprogress_0 at position 0
2024-02-27 21:40:24,924 [acd5b146-ec22-4575-ab5b-633d0d82c7a3@group-ED4D28972EF5-FollowerState] INFO  impl.FollowerState (FollowerState.java:run(143)) - acd5b146-ec22-4575-ab5b-633d0d82c7a3@group-ED4D28972EF5-FollowerState: change to CANDIDATE, lastRpcElapsedTime:5123383713ns, electionTimeout:5122ms
2024-02-27 21:40:24,924 [acd5b146-ec22-4575-ab5b-633d0d82c7a3@group-ED4D28972EF5-FollowerState] INFO  impl.RoleInfo (RoleInfo.java:shutdownFollowerState(110)) - acd5b146-ec22-4575-ab5b-633d0d82c7a3: shutdown acd5b146-ec22-4575-ab5b-633d0d82c7a3@group-ED4D28972EF5-FollowerState
2024-02-27 21:40:24,924 [acd5b146-ec22-4575-ab5b-633d0d82c7a3@group-ED4D28972EF5-FollowerState] INFO  server.RaftServer$Division (RaftServerImpl.java:setRole(383)) - acd5b146-ec22-4575-ab5b-633d0d82c7a3@group-ED4D28972EF5: changes role from  FOLLOWER to CANDIDATE at term 0 for changeToCandidate
2024-02-27 21:40:24,924 [acd5b146-ec22-4575-ab5b-633d0d82c7a3@group-ED4D28972EF5-FollowerState] INFO  server.RaftServerConfigKeys (ConfUtils.java:logGet(46)) - raft.server.leaderelection.pre-vote = true (default)
2024-02-27 21:40:24,924 [acd5b146-ec22-4575-ab5b-633d0d82c7a3@group-ED4D28972EF5-FollowerState] INFO  impl.RoleInfo (RoleInfo.java:updateAndGet(139)) - acd5b146-ec22-4575-ab5b-633d0d82c7a3: start acd5b146-ec22-4575-ab5b-633d0d82c7a3@group-ED4D28972EF5-LeaderElection32
2024-02-27 21:40:24,925 [acd5b146-ec22-4575-ab5b-633d0d82c7a3@group-ED4D28972EF5-LeaderElection32] INFO  impl.LeaderElection (LeaderElection.java:askForVotes(321)) - acd5b146-ec22-4575-ab5b-633d0d82c7a3@group-ED4D28972EF5-LeaderElection32 PRE_VOTE round 0: submit vote requests at term 0 for -1: peers:[a4a9caa5-f98a-4b6d-87b4-17f7eca85f0e|10.1.0.18:15120, 2da9303e-6724-4504-a4a5-d250e7d22259|10.1.0.18:15156, acd5b146-ec22-4575-ab5b-633d0d82c7a3|10.1.0.18:15147]|listeners:[], old=null
2024-02-27 21:40:24,926 [acd5b146-ec22-4575-ab5b-633d0d82c7a3@group-ED4D28972EF5-LeaderElection32-1] INFO  server.GrpcServerProtocolClient (GrpcServerProtocolClient.java:<init>(65)) - Build channel for a4a9caa5-f98a-4b6d-87b4-17f7eca85f0e|10.1.0.18:15120
2024-02-27 21:40:24,926 [a4a9caa5-f98a-4b6d-87b4-17f7eca85f0e-server-thread2] INFO  server.RaftServer$Division (ServerState.java:setRaftConf(386)) - a4a9caa5-f98a-4b6d-87b4-17f7eca85f0e@group-A6616489C41E: set configuration 0: peers:[a4a9caa5-f98a-4b6d-87b4-17f7eca85f0e|10.1.0.18:15120, e0fc16c3-8785-492f-95e3-5d2aafd0cf3f|10.1.0.18:15111, acd5b146-ec22-4575-ab5b-633d0d82c7a3|10.1.0.18:15147]|listeners:[], old=null
2024-02-27 21:40:24,926 [a4a9caa5-f98a-4b6d-87b4-17f7eca85f0e-server-thread2] INFO  segmented.SegmentedRaftLogWorker (SegmentedRaftLogWorker.java:startLogSegment(430)) - a4a9caa5-f98a-4b6d-87b4-17f7eca85f0e@group-A6616489C41E-SegmentedRaftLogWorker: Starting segment from index:0
2024-02-27 21:40:24,928 [acd5b146-ec22-4575-ab5b-633d0d82c7a3@group-A6616489C41E-SegmentedRaftLogWorker] INFO  segmented.SegmentedRaftLogWorker (SegmentedRaftLogWorker.java:execute(634)) - acd5b146-ec22-4575-ab5b-633d0d82c7a3@group-A6616489C41E-SegmentedRaftLogWorker: created new log segment /home/runner/work/ozone/ozone/hadoop-ozone/integration-test/target/test-dir/MiniOzoneClusterImpl-6e3a073c-9bdc-4deb-8550-ef77f821b5e4/ozone-meta/datanode-5/ratis/40b00379-c44c-4895-a69a-a6616489c41e/current/log_inprogress_0
2024-02-27 21:40:24,930 [acd5b146-ec22-4575-ab5b-633d0d82c7a3@group-ED4D28972EF5-LeaderElection32] INFO  server.RaftServerConfigKeys (ConfUtils.java:logFallback(53)) - raft.server.rpc.first-election.timeout.min = 5s (fallback to raft.server.rpc.timeout.min)
2024-02-27 21:40:24,930 [acd5b146-ec22-4575-ab5b-633d0d82c7a3@group-ED4D28972EF5-LeaderElection32] INFO  server.RaftServerConfigKeys (ConfUtils.java:logFallback(53)) - raft.server.rpc.first-election.timeout.max = 5200ms (fallback to raft.server.rpc.timeout.max)
2024-02-27 21:40:24,931 [grpc-default-executor-4] INFO  server.RaftServer$Division (RaftServerImpl.java:requestVote(1389)) - 2da9303e-6724-4504-a4a5-d250e7d22259@group-ED4D28972EF5: receive requestVote(PRE_VOTE, acd5b146-ec22-4575-ab5b-633d0d82c7a3, group-ED4D28972EF5, 0, (t:0, i:0))
2024-02-27 21:40:24,931 [grpc-default-executor-4] INFO  impl.VoteContext (VoteContext.java:log(49)) - 2da9303e-6724-4504-a4a5-d250e7d22259@group-ED4D28972EF5-FOLLOWER: accept PRE_VOTE from acd5b146-ec22-4575-ab5b-633d0d82c7a3: our priority 0 <= candidate's priority 1
2024-02-27 21:40:24,932 [grpc-default-executor-4] INFO  server.RaftServer$Division (RaftServerImpl.java:requestVote(1422)) - 2da9303e-6724-4504-a4a5-d250e7d22259@group-ED4D28972EF5 replies to PRE_VOTE vote request: acd5b146-ec22-4575-ab5b-633d0d82c7a3<-2da9303e-6724-4504-a4a5-d250e7d22259#0:OK-t0. Peer's state: 2da9303e-6724-4504-a4a5-d250e7d22259@group-ED4D28972EF5:t0, leader=null, voted=, raftlog=Memoized:2da9303e-6724-4504-a4a5-d250e7d22259@group-ED4D28972EF5-SegmentedRaftLog:OPENED:c-1, conf=-1: peers:[a4a9caa5-f98a-4b6d-87b4-17f7eca85f0e|10.1.0.18:15120, 2da9303e-6724-4504-a4a5-d250e7d22259|10.1.0.18:15156, acd5b146-ec22-4575-ab5b-633d0d82c7a3|10.1.0.18:15147]|listeners:[], old=null
2024-02-27 21:40:24,932 [acd5b146-ec22-4575-ab5b-633d0d82c7a3@group-ED4D28972EF5-LeaderElection32] INFO  impl.LeaderElection (LeaderElection.java:logAndReturn(89)) - acd5b146-ec22-4575-ab5b-633d0d82c7a3@group-ED4D28972EF5-LeaderElection32: PRE_VOTE PASSED received 1 response(s) and 0 exception(s):
2024-02-27 21:40:24,933 [acd5b146-ec22-4575-ab5b-633d0d82c7a3@group-ED4D28972EF5-LeaderElection32] INFO  impl.LeaderElection (LeaderElection.java:logAndReturn(93)) -   Response 0: acd5b146-ec22-4575-ab5b-633d0d82c7a3<-2da9303e-6724-4504-a4a5-d250e7d22259#0:OK-t0
2024-02-27 21:40:24,933 [acd5b146-ec22-4575-ab5b-633d0d82c7a3@group-ED4D28972EF5-LeaderElection32] INFO  impl.LeaderElection (LeaderElection.java:askForVotes(323)) - acd5b146-ec22-4575-ab5b-633d0d82c7a3@group-ED4D28972EF5-LeaderElection32 PRE_VOTE round 0: result PASSED
2024-02-27 21:40:24,933 [grpc-default-executor-2] INFO  server.RaftServer$Division (RaftServerImpl.java:requestVote(1389)) - a4a9caa5-f98a-4b6d-87b4-17f7eca85f0e@group-ED4D28972EF5: receive requestVote(PRE_VOTE, acd5b146-ec22-4575-ab5b-633d0d82c7a3, group-ED4D28972EF5, 0, (t:0, i:0))
2024-02-27 21:40:24,933 [grpc-default-executor-2] INFO  impl.VoteContext (VoteContext.java:log(49)) - a4a9caa5-f98a-4b6d-87b4-17f7eca85f0e@group-ED4D28972EF5-FOLLOWER: accept PRE_VOTE from acd5b146-ec22-4575-ab5b-633d0d82c7a3: our priority 0 <= candidate's priority 1
2024-02-27 21:40:24,933 [grpc-default-executor-2] INFO  server.RaftServer$Division (RaftServerImpl.java:requestVote(1422)) - a4a9caa5-f98a-4b6d-87b4-17f7eca85f0e@group-ED4D28972EF5 replies to PRE_VOTE vote request: acd5b146-ec22-4575-ab5b-633d0d82c7a3<-a4a9caa5-f98a-4b6d-87b4-17f7eca85f0e#0:OK-t0. Peer's state: a4a9caa5-f98a-4b6d-87b4-17f7eca85f0e@group-ED4D28972EF5:t0, leader=null, voted=, raftlog=Memoized:a4a9caa5-f98a-4b6d-87b4-17f7eca85f0e@group-ED4D28972EF5-SegmentedRaftLog:OPENED:c-1, conf=-1: peers:[a4a9caa5-f98a-4b6d-87b4-17f7eca85f0e|10.1.0.18:15120, 2da9303e-6724-4504-a4a5-d250e7d22259|10.1.0.18:15156, acd5b146-ec22-4575-ab5b-633d0d82c7a3|10.1.0.18:15147]|listeners:[], old=null
2024-02-27 21:40:24,934 [a4a9caa5-f98a-4b6d-87b4-17f7eca85f0e@group-A6616489C41E-SegmentedRaftLogWorker] INFO  segmented.BufferedWriteChannel (BufferedWriteChannel.java:open(62)) - open log_inprogress_0 at position 0
2024-02-27 21:40:24,934 [acd5b146-ec22-4575-ab5b-633d0d82c7a3@group-ED4D28972EF5-LeaderElection32] INFO  impl.LeaderElection (LeaderElection.java:askForVotes(321)) - acd5b146-ec22-4575-ab5b-633d0d82c7a3@group-ED4D28972EF5-LeaderElection32 ELECTION round 0: submit vote requests at term 1 for -1: peers:[a4a9caa5-f98a-4b6d-87b4-17f7eca85f0e|10.1.0.18:15120, 2da9303e-6724-4504-a4a5-d250e7d22259|10.1.0.18:15156, acd5b146-ec22-4575-ab5b-633d0d82c7a3|10.1.0.18:15147]|listeners:[], old=null
2024-02-27 21:40:24,937 [acd5b146-ec22-4575-ab5b-633d0d82c7a3@group-ED4D28972EF5-LeaderElection32] INFO  server.RaftServerConfigKeys (ConfUtils.java:logFallback(53)) - raft.server.rpc.first-election.timeout.min = 5s (fallback to raft.server.rpc.timeout.min)
2024-02-27 21:40:24,937 [acd5b146-ec22-4575-ab5b-633d0d82c7a3@group-ED4D28972EF5-LeaderElection32] INFO  server.RaftServerConfigKeys (ConfUtils.java:logFallback(53)) - raft.server.rpc.first-election.timeout.max = 5200ms (fallback to raft.server.rpc.timeout.max)
2024-02-27 21:40:24,938 [grpc-default-executor-0] INFO  server.RaftServer$Division (RaftServerImpl.java:requestVote(1389)) - 2da9303e-6724-4504-a4a5-d250e7d22259@group-ED4D28972EF5: receive requestVote(ELECTION, acd5b146-ec22-4575-ab5b-633d0d82c7a3, group-ED4D28972EF5, 1, (t:0, i:0))
2024-02-27 21:40:24,941 [grpc-default-executor-0] INFO  impl.VoteContext (VoteContext.java:log(49)) - 2da9303e-6724-4504-a4a5-d250e7d22259@group-ED4D28972EF5-FOLLOWER: accept ELECTION from acd5b146-ec22-4575-ab5b-633d0d82c7a3: our priority 0 <= candidate's priority 1
2024-02-27 21:40:24,941 [grpc-default-executor-0] INFO  server.RaftServer$Division (RaftServerImpl.java:setRole(383)) - 2da9303e-6724-4504-a4a5-d250e7d22259@group-ED4D28972EF5: changes role from  FOLLOWER to FOLLOWER at term 1 for candidate:acd5b146-ec22-4575-ab5b-633d0d82c7a3
2024-02-27 21:40:24,941 [grpc-default-executor-0] INFO  impl.RoleInfo (RoleInfo.java:shutdownFollowerState(110)) - 2da9303e-6724-4504-a4a5-d250e7d22259: shutdown 2da9303e-6724-4504-a4a5-d250e7d22259@group-ED4D28972EF5-FollowerState
2024-02-27 21:40:24,941 [grpc-default-executor-0] INFO  impl.RoleInfo (RoleInfo.java:updateAndGet(139)) - 2da9303e-6724-4504-a4a5-d250e7d22259: start 2da9303e-6724-4504-a4a5-d250e7d22259@group-ED4D28972EF5-FollowerState
2024-02-27 21:40:24,941 [2da9303e-6724-4504-a4a5-d250e7d22259@group-ED4D28972EF5-FollowerState] INFO  impl.FollowerState (FollowerState.java:run(152)) - 2da9303e-6724-4504-a4a5-d250e7d22259@group-ED4D28972EF5-FollowerState was interrupted
2024-02-27 21:40:24,941 [grpc-default-executor-0] INFO  server.RaftServer$Division (RaftServerImpl.java:setFirstElection(574)) - 2da9303e-6724-4504-a4a5-d250e7d22259@group-ED4D28972EF5: set firstElectionSinceStartup to false for candidate:acd5b146-ec22-4575-ab5b-633d0d82c7a3
2024-02-27 21:40:24,942 [a4a9caa5-f98a-4b6d-87b4-17f7eca85f0e@group-A6616489C41E-SegmentedRaftLogWorker] INFO  segmented.SegmentedRaftLogWorker (SegmentedRaftLogWorker.java:execute(634)) - a4a9caa5-f98a-4b6d-87b4-17f7eca85f0e@group-A6616489C41E-SegmentedRaftLogWorker: created new log segment /home/runner/work/ozone/ozone/hadoop-ozone/integration-test/target/test-dir/MiniOzoneClusterImpl-6e3a073c-9bdc-4deb-8550-ef77f821b5e4/ozone-meta/datanode-2/ratis/40b00379-c44c-4895-a69a-a6616489c41e/current/log_inprogress_0
2024-02-27 21:40:24,942 [e0fc16c3-8785-492f-95e3-5d2aafd0cf3f@group-A6616489C41E-StateMachineUpdater] INFO  server.RaftServer$Division (LeaderStateImpl.java:isApplied(320)) - leader is ready since appliedIndex == 0 >= startIndex == 0
2024-02-27 21:40:24,942 [grpc-default-executor-4] INFO  server.RaftServer$Division (RaftServerImpl.java:requestVote(1389)) - a4a9caa5-f98a-4b6d-87b4-17f7eca85f0e@group-ED4D28972EF5: receive requestVote(ELECTION, acd5b146-ec22-4575-ab5b-633d0d82c7a3, group-ED4D28972EF5, 1, (t:0, i:0))
2024-02-27 21:40:24,943 [grpc-default-executor-4] INFO  impl.VoteContext (VoteContext.java:log(49)) - a4a9caa5-f98a-4b6d-87b4-17f7eca85f0e@group-ED4D28972EF5-FOLLOWER: accept ELECTION from acd5b146-ec22-4575-ab5b-633d0d82c7a3: our priority 0 <= candidate's priority 1
2024-02-27 21:40:24,943 [grpc-default-executor-0] INFO  server.RaftServer$Division (RaftServerImpl.java:requestVote(1422)) - 2da9303e-6724-4504-a4a5-d250e7d22259@group-ED4D28972EF5 replies to ELECTION vote request: acd5b146-ec22-4575-ab5b-633d0d82c7a3<-2da9303e-6724-4504-a4a5-d250e7d22259#0:OK-t1. Peer's state: 2da9303e-6724-4504-a4a5-d250e7d22259@group-ED4D28972EF5:t1, leader=null, voted=acd5b146-ec22-4575-ab5b-633d0d82c7a3, raftlog=Memoized:2da9303e-6724-4504-a4a5-d250e7d22259@group-ED4D28972EF5-SegmentedRaftLog:OPENED:c-1, conf=-1: peers:[a4a9caa5-f98a-4b6d-87b4-17f7eca85f0e|10.1.0.18:15120, 2da9303e-6724-4504-a4a5-d250e7d22259|10.1.0.18:15156, acd5b146-ec22-4575-ab5b-633d0d82c7a3|10.1.0.18:15147]|listeners:[], old=null
2024-02-27 21:40:24,943 [grpc-default-executor-4] INFO  server.RaftServer$Division (RaftServerImpl.java:setRole(383)) - a4a9caa5-f98a-4b6d-87b4-17f7eca85f0e@group-ED4D28972EF5: changes role from  FOLLOWER to FOLLOWER at term 1 for candidate:acd5b146-ec22-4575-ab5b-633d0d82c7a3
2024-02-27 21:40:24,943 [grpc-default-executor-4] INFO  impl.RoleInfo (RoleInfo.java:shutdownFollowerState(110)) - a4a9caa5-f98a-4b6d-87b4-17f7eca85f0e: shutdown a4a9caa5-f98a-4b6d-87b4-17f7eca85f0e@group-ED4D28972EF5-FollowerState
2024-02-27 21:40:24,943 [grpc-default-executor-4] INFO  impl.RoleInfo (RoleInfo.java:updateAndGet(139)) - a4a9caa5-f98a-4b6d-87b4-17f7eca85f0e: start a4a9caa5-f98a-4b6d-87b4-17f7eca85f0e@group-ED4D28972EF5-FollowerState
2024-02-27 21:40:24,943 [a4a9caa5-f98a-4b6d-87b4-17f7eca85f0e@group-ED4D28972EF5-FollowerState] INFO  impl.FollowerState (FollowerState.java:run(152)) - a4a9caa5-f98a-4b6d-87b4-17f7eca85f0e@group-ED4D28972EF5-FollowerState was interrupted
2024-02-27 21:40:24,944 [grpc-default-executor-4] INFO  server.RaftServer$Division (RaftServerImpl.java:setFirstElection(574)) - a4a9caa5-f98a-4b6d-87b4-17f7eca85f0e@group-ED4D28972EF5: set firstElectionSinceStartup to false for candidate:acd5b146-ec22-4575-ab5b-633d0d82c7a3
2024-02-27 21:40:24,944 [acd5b146-ec22-4575-ab5b-633d0d82c7a3@group-ED4D28972EF5-LeaderElection32] INFO  impl.LeaderElection (LeaderElection.java:logAndReturn(89)) - acd5b146-ec22-4575-ab5b-633d0d82c7a3@group-ED4D28972EF5-LeaderElection32: ELECTION PASSED received 1 response(s) and 0 exception(s):
2024-02-27 21:40:24,944 [acd5b146-ec22-4575-ab5b-633d0d82c7a3@group-ED4D28972EF5-LeaderElection32] INFO  impl.LeaderElection (LeaderElection.java:logAndReturn(93)) -   Response 0: acd5b146-ec22-4575-ab5b-633d0d82c7a3<-2da9303e-6724-4504-a4a5-d250e7d22259#0:OK-t1
2024-02-27 21:40:24,944 [acd5b146-ec22-4575-ab5b-633d0d82c7a3@group-ED4D28972EF5-LeaderElection32] INFO  impl.LeaderElection (LeaderElection.java:askForVotes(323)) - acd5b146-ec22-4575-ab5b-633d0d82c7a3@group-ED4D28972EF5-LeaderElection32 ELECTION round 0: result PASSED
2024-02-27 21:40:24,944 [acd5b146-ec22-4575-ab5b-633d0d82c7a3@group-ED4D28972EF5-LeaderElection32] INFO  impl.RoleInfo (RoleInfo.java:shutdownLeaderElection(130)) - acd5b146-ec22-4575-ab5b-633d0d82c7a3: shutdown acd5b146-ec22-4575-ab5b-633d0d82c7a3@group-ED4D28972EF5-LeaderElection32
2024-02-27 21:40:24,944 [acd5b146-ec22-4575-ab5b-633d0d82c7a3@group-ED4D28972EF5-LeaderElection32] INFO  server.RaftServer$Division (RaftServerImpl.java:setRole(383)) - acd5b146-ec22-4575-ab5b-633d0d82c7a3@group-ED4D28972EF5: changes role from CANDIDATE to LEADER at term 1 for changeToLeader
2024-02-27 21:40:24,944 [acd5b146-ec22-4575-ab5b-633d0d82c7a3@group-ED4D28972EF5-LeaderElection32] INFO  server.RaftServerConfigKeys (ConfUtils.java:logGet(46)) - raft.server.staging.catchup.gap = 1000 (default)
2024-02-27 21:40:24,945 [acd5b146-ec22-4575-ab5b-633d0d82c7a3@group-ED4D28972EF5-LeaderElection32] INFO  server.RaftServerConfigKeys (ConfUtils.java:logGet(46)) - raft.server.write.element-limit = 1024 (custom)
2024-02-27 21:40:24,945 [acd5b146-ec22-4575-ab5b-633d0d82c7a3@group-ED4D28972EF5-LeaderElection32] INFO  server.RaftServerConfigKeys (ConfUtils.java:logGet(46)) - raft.server.write.byte-limit = 1024 M (=1073741824) (custom)
2024-02-27 21:40:24,945 [acd5b146-ec22-4575-ab5b-633d0d82c7a3@group-ED4D28972EF5-LeaderElection32] INFO  server.RaftServerConfigKeys (ConfUtils.java:logGet(46)) - raft.server.watch.timeout = 180s (custom)
2024-02-27 21:40:24,945 [acd5b146-ec22-4575-ab5b-633d0d82c7a3@group-ED4D28972EF5-LeaderElection32] INFO  server.RaftServerConfigKeys (ConfUtils.java:logGet(46)) - raft.server.watch.timeout.denomination = 1s (default)
2024-02-27 21:40:24,945 [acd5b146-ec22-4575-ab5b-633d0d82c7a3@group-ED4D28972EF5-LeaderElection32] INFO  server.RaftServerConfigKeys (ConfUtils.java:logGet(46)) - raft.server.watch.element-limit = 65536 (default)
2024-02-27 21:40:24,945 [grpc-default-executor-4] INFO  server.RaftServer$Division (RaftServerImpl.java:requestVote(1422)) - a4a9caa5-f98a-4b6d-87b4-17f7eca85f0e@group-ED4D28972EF5 replies to ELECTION vote request: acd5b146-ec22-4575-ab5b-633d0d82c7a3<-a4a9caa5-f98a-4b6d-87b4-17f7eca85f0e#0:OK-t1. Peer's state: a4a9caa5-f98a-4b6d-87b4-17f7eca85f0e@group-ED4D28972EF5:t1, leader=null, voted=acd5b146-ec22-4575-ab5b-633d0d82c7a3, raftlog=Memoized:a4a9caa5-f98a-4b6d-87b4-17f7eca85f0e@group-ED4D28972EF5-SegmentedRaftLog:OPENED:c-1, conf=-1: peers:[a4a9caa5-f98a-4b6d-87b4-17f7eca85f0e|10.1.0.18:15120, 2da9303e-6724-4504-a4a5-d250e7d22259|10.1.0.18:15156, acd5b146-ec22-4575-ab5b-633d0d82c7a3|10.1.0.18:15147]|listeners:[], old=null
2024-02-27 21:40:24,945 [acd5b146-ec22-4575-ab5b-633d0d82c7a3@group-ED4D28972EF5-LeaderElection32] INFO  server.RaftServerConfigKeys (ConfUtils.java:logGet(46)) - raft.server.read.leader.lease.enabled = false (default)
2024-02-27 21:40:24,945 [acd5b146-ec22-4575-ab5b-633d0d82c7a3@group-ED4D28972EF5-LeaderElection32] INFO  server.RaftServerConfigKeys (ConfUtils.java:logGet(46)) - raft.server.read.leader.lease.timeout.ratio = 0.9 (default)
2024-02-27 21:40:24,945 [acd5b146-ec22-4575-ab5b-633d0d82c7a3@group-ED4D28972EF5-LeaderElection32] INFO  server.RaftServerConfigKeys (ConfUtils.java:logGet(46)) - raft.server.rpc.timeout.min = 5s (custom)
2024-02-27 21:40:24,945 [acd5b146-ec22-4575-ab5b-633d0d82c7a3@group-ED4D28972EF5-LeaderElection32] INFO  server.RaftServerConfigKeys (ConfUtils.java:logGet(46)) - raft.server.write.element-limit = 1024 (custom)
2024-02-27 21:40:24,945 [acd5b146-ec22-4575-ab5b-633d0d82c7a3@group-ED4D28972EF5-LeaderElection32] INFO  server.RaftServerConfigKeys (ConfUtils.java:logGet(46)) - raft.server.write.follower.gap.ratio.max = -1.0 (default)
2024-02-27 21:40:24,945 [acd5b146-ec22-4575-ab5b-633d0d82c7a3@group-ED4D28972EF5-LeaderElection32] INFO  server.RaftServerConfigKeys (ConfUtils.java:logGet(46)) - raft.server.log.appender.snapshot.chunk.size.max = 16MB (=16777216) (default)
2024-02-27 21:40:24,945 [acd5b146-ec22-4575-ab5b-633d0d82c7a3@group-ED4D28972EF5-LeaderElection32] INFO  server.RaftServerConfigKeys (ConfUtils.java:logGet(46)) - raft.server.log.appender.buffer.byte-limit = 8388608 (custom)
2024-02-27 21:40:24,946 [acd5b146-ec22-4575-ab5b-633d0d82c7a3@group-ED4D28972EF5-LeaderElection32] INFO  server.RaftServerConfigKeys (ConfUtils.java:logGet(46)) - raft.server.log.appender.buffer.element-limit = 1 (custom)
2024-02-27 21:40:24,946 [acd5b146-ec22-4575-ab5b-633d0d82c7a3@group-ED4D28972EF5-LeaderElection32] INFO  server.RaftServerConfigKeys (ConfUtils.java:logGet(46)) - raft.server.log.appender.wait-time.min = 0μs (custom)
2024-02-27 21:40:24,946 [acd5b146-ec22-4575-ab5b-633d0d82c7a3@group-ED4D28972EF5-LeaderElection32] INFO  grpc.GrpcConfigKeys (ConfUtils.java:logGet(46)) - raft.grpc.server.leader.outstanding.appends.max = 8 (default)
2024-02-27 21:40:24,946 [acd5b146-ec22-4575-ab5b-633d0d82c7a3@group-ED4D28972EF5-LeaderElection32] INFO  server.RaftServerConfigKeys (ConfUtils.java:logGet(46)) - raft.server.rpc.request.timeout = 60s (custom)
2024-02-27 21:40:24,946 [acd5b146-ec22-4575-ab5b-633d0d82c7a3@group-ED4D28972EF5-LeaderElection32] INFO  grpc.GrpcConfigKeys (ConfUtils.java:logGet(46)) - raft.grpc.server.install_snapshot.request.element-limit = 8 (default)
2024-02-27 21:40:24,946 [acd5b146-ec22-4575-ab5b-633d0d82c7a3@group-ED4D28972EF5-LeaderElection32] INFO  grpc.GrpcConfigKeys (ConfUtils.java:logGet(46)) - raft.grpc.server.install_snapshot.request.timeout = 3000ms (default)
2024-02-27 21:40:24,946 [acd5b146-ec22-4575-ab5b-633d0d82c7a3@group-ED4D28972EF5-LeaderElection32] INFO  grpc.GrpcConfigKeys (ConfUtils.java:logGet(46)) - raft.grpc.server.log-message.batch.duration = 5s (default)
2024-02-27 21:40:24,946 [acd5b146-ec22-4575-ab5b-633d0d82c7a3@group-ED4D28972EF5-LeaderElection32] INFO  server.RaftServerConfigKeys (ConfUtils.java:logGet(46)) - raft.server.log.appender.install.snapshot.enabled = false (custom)
2024-02-27 21:40:24,946 [acd5b146-ec22-4575-ab5b-633d0d82c7a3@group-ED4D28972EF5-LeaderElection32] INFO  grpc.GrpcConfigKeys (ConfUtils.java:logGet(46)) - raft.grpc.server.heartbeat.channel = true (default)
2024-02-27 21:40:24,947 [acd5b146-ec22-4575-ab5b-633d0d82c7a3@group-ED4D28972EF5-LeaderElection32] INFO  server.RaftServerConfigKeys (ConfUtils.java:logGet(46)) - raft.server.log.appender.snapshot.chunk.size.max = 16MB (=16777216) (default)
2024-02-27 21:40:24,947 [acd5b146-ec22-4575-ab5b-633d0d82c7a3@group-ED4D28972EF5-LeaderElection32] INFO  server.RaftServerConfigKeys (ConfUtils.java:logGet(46)) - raft.server.log.appender.buffer.byte-limit = 8388608 (custom)
2024-02-27 21:40:24,947 [acd5b146-ec22-4575-ab5b-633d0d82c7a3@group-ED4D28972EF5-LeaderElection32] INFO  server.RaftServerConfigKeys (ConfUtils.java:logGet(46)) - raft.server.log.appender.buffer.element-limit = 1 (custom)
2024-02-27 21:40:24,947 [acd5b146-ec22-4575-ab5b-633d0d82c7a3@group-ED4D28972EF5-LeaderElection32] INFO  server.RaftServerConfigKeys (ConfUtils.java:logGet(46)) - raft.server.log.appender.wait-time.min = 0μs (custom)
2024-02-27 21:40:24,947 [acd5b146-ec22-4575-ab5b-633d0d82c7a3@group-ED4D28972EF5-LeaderElection32] INFO  grpc.GrpcConfigKeys (ConfUtils.java:logGet(46)) - raft.grpc.server.leader.outstanding.appends.max = 8 (default)
2024-02-27 21:40:24,947 [acd5b146-ec22-4575-ab5b-633d0d82c7a3@group-ED4D28972EF5-LeaderElection32] INFO  server.RaftServerConfigKeys (ConfUtils.java:logGet(46)) - raft.server.rpc.request.timeout = 60s (custom)
2024-02-27 21:40:24,947 [acd5b146-ec22-4575-ab5b-633d0d82c7a3@group-ED4D28972EF5-LeaderElection32] INFO  grpc.GrpcConfigKeys (ConfUtils.java:logGet(46)) - raft.grpc.server.install_snapshot.request.element-limit = 8 (default)
2024-02-27 21:40:24,947 [acd5b146-ec22-4575-ab5b-633d0d82c7a3@group-ED4D28972EF5-LeaderElection32] INFO  grpc.GrpcConfigKeys (ConfUtils.java:logGet(46)) - raft.grpc.server.install_snapshot.request.timeout = 3000ms (default)
2024-02-27 21:40:24,947 [acd5b146-ec22-4575-ab5b-633d0d82c7a3@group-ED4D28972EF5-LeaderElection32] INFO  grpc.GrpcConfigKeys (ConfUtils.java:logGet(46)) - raft.grpc.server.log-message.batch.duration = 5s (default)
2024-02-27 21:40:24,947 [acd5b146-ec22-4575-ab5b-633d0d82c7a3@group-ED4D28972EF5-LeaderElection32] INFO  server.RaftServerConfigKeys (ConfUtils.java:logGet(46)) - raft.server.log.appender.install.snapshot.enabled = false (custom)
2024-02-27 21:40:24,947 [acd5b146-ec22-4575-ab5b-633d0d82c7a3@group-ED4D28972EF5-LeaderElection32] INFO  grpc.GrpcConfigKeys (ConfUtils.java:logGet(46)) - raft.grpc.server.heartbeat.channel = true (default)
2024-02-27 21:40:24,947 [acd5b146-ec22-4575-ab5b-633d0d82c7a3@group-ED4D28972EF5-LeaderElection32] INFO  impl.RoleInfo (RoleInfo.java:updateAndGet(139)) - acd5b146-ec22-4575-ab5b-633d0d82c7a3: start acd5b146-ec22-4575-ab5b-633d0d82c7a3@group-ED4D28972EF5-LeaderStateImpl
2024-02-27 21:40:24,948 [acd5b146-ec22-4575-ab5b-633d0d82c7a3@group-ED4D28972EF5-LeaderElection32] INFO  server.RaftServer$Division (RaftServerImpl.java:setFirstElection(574)) - acd5b146-ec22-4575-ab5b-633d0d82c7a3@group-ED4D28972EF5: set firstElectionSinceStartup to false for becomeLeader
2024-02-27 21:40:24,948 [acd5b146-ec22-4575-ab5b-633d0d82c7a3@group-ED4D28972EF5-LeaderElection32] INFO  ratis.XceiverServerRatis (XceiverServerRatis.java:handleLeaderChangedNotification(966)) - Leader change notification received for group: group-ED4D28972EF5 with new leaderId: acd5b146-ec22-4575-ab5b-633d0d82c7a3
2024-02-27 21:40:24,948 [acd5b146-ec22-4575-ab5b-633d0d82c7a3@group-ED4D28972EF5-LeaderElection32] INFO  server.RaftServer$Division (ServerState.java:setLeader(269)) - acd5b146-ec22-4575-ab5b-633d0d82c7a3@group-ED4D28972EF5: change Leader from null to acd5b146-ec22-4575-ab5b-633d0d82c7a3 at term 1 for becomeLeader, leader elected after 5159ms
2024-02-27 21:40:24,948 [acd5b146-ec22-4575-ab5b-633d0d82c7a3@group-ED4D28972EF5-LeaderElection32] INFO  segmented.SegmentedRaftLogWorker (SegmentedRaftLogWorker.java:startLogSegment(430)) - acd5b146-ec22-4575-ab5b-633d0d82c7a3@group-ED4D28972EF5-SegmentedRaftLogWorker: Starting segment from index:0
2024-02-27 21:40:24,948 [acd5b146-ec22-4575-ab5b-633d0d82c7a3@group-ED4D28972EF5-SegmentedRaftLogWorker] INFO  segmented.BufferedWriteChannel (BufferedWriteChannel.java:open(62)) - open log_inprogress_0 at position 0
2024-02-27 21:40:24,950 [EventQueue-PipelineReportForPipelineReportHandler] INFO  pipeline.PipelineReportHandler (PipelineReportHandler.java:processPipelineReport(136)) - Opened pipeline PipelineID=b8b980ba-a45e-4db6-b288-ed4d28972ef5
2024-02-27 21:40:24,952 [acd5b146-ec22-4575-ab5b-633d0d82c7a3@group-ED4D28972EF5-LeaderElection32] INFO  server.RaftServer$Division (ServerState.java:setRaftConf(386)) - acd5b146-ec22-4575-ab5b-633d0d82c7a3@group-ED4D28972EF5: set configuration 0: peers:[a4a9caa5-f98a-4b6d-87b4-17f7eca85f0e|10.1.0.18:15120, 2da9303e-6724-4504-a4a5-d250e7d22259|10.1.0.18:15156, acd5b146-ec22-4575-ab5b-633d0d82c7a3|10.1.0.18:15147]|listeners:[], old=null
2024-02-27 21:40:24,954 [2da9303e-6724-4504-a4a5-d250e7d22259-server-thread1] INFO  ratis.XceiverServerRatis (XceiverServerRatis.java:handleLeaderChangedNotification(966)) - Leader change notification received for group: group-ED4D28972EF5 with new leaderId: acd5b146-ec22-4575-ab5b-633d0d82c7a3
2024-02-27 21:40:24,954 [2da9303e-6724-4504-a4a5-d250e7d22259-server-thread1] INFO  server.RaftServer$Division (ServerState.java:setLeader(269)) - 2da9303e-6724-4504-a4a5-d250e7d22259@group-ED4D28972EF5: change Leader from null to acd5b146-ec22-4575-ab5b-633d0d82c7a3 at term 1 for appendEntries, leader elected after 5143ms
2024-02-27 21:40:24,956 [acd5b146-ec22-4575-ab5b-633d0d82c7a3@group-ED4D28972EF5-SegmentedRaftLogWorker] INFO  segmented.SegmentedRaftLogWorker (SegmentedRaftLogWorker.java:execute(634)) - acd5b146-ec22-4575-ab5b-633d0d82c7a3@group-ED4D28972EF5-SegmentedRaftLogWorker: created new log segment /home/runner/work/ozone/ozone/hadoop-ozone/integration-test/target/test-dir/MiniOzoneClusterImpl-6e3a073c-9bdc-4deb-8550-ef77f821b5e4/ozone-meta/datanode-5/ratis/b8b980ba-a45e-4db6-b288-ed4d28972ef5/current/log_inprogress_0
2024-02-27 21:40:24,956 [2da9303e-6724-4504-a4a5-d250e7d22259-server-thread2] INFO  server.RaftServer$Division (ServerState.java:setRaftConf(386)) - 2da9303e-6724-4504-a4a5-d250e7d22259@group-ED4D28972EF5: set configuration 0: peers:[a4a9caa5-f98a-4b6d-87b4-17f7eca85f0e|10.1.0.18:15120, 2da9303e-6724-4504-a4a5-d250e7d22259|10.1.0.18:15156, acd5b146-ec22-4575-ab5b-633d0d82c7a3|10.1.0.18:15147]|listeners:[], old=null
2024-02-27 21:40:24,956 [2da9303e-6724-4504-a4a5-d250e7d22259-server-thread2] INFO  segmented.SegmentedRaftLogWorker (SegmentedRaftLogWorker.java:startLogSegment(430)) - 2da9303e-6724-4504-a4a5-d250e7d22259@group-ED4D28972EF5-SegmentedRaftLogWorker: Starting segment from index:0
2024-02-27 21:40:24,956 [2da9303e-6724-4504-a4a5-d250e7d22259@group-ED4D28972EF5-SegmentedRaftLogWorker] INFO  segmented.BufferedWriteChannel (BufferedWriteChannel.java:open(62)) - open log_inprogress_0 at position 0
2024-02-27 21:40:24,958 [a4a9caa5-f98a-4b6d-87b4-17f7eca85f0e-server-thread1] INFO  ratis.XceiverServerRatis (XceiverServerRatis.java:handleLeaderChangedNotification(966)) - Leader change notification received for group: group-ED4D28972EF5 with new leaderId: acd5b146-ec22-4575-ab5b-633d0d82c7a3
2024-02-27 21:40:24,961 [a4a9caa5-f98a-4b6d-87b4-17f7eca85f0e-server-thread1] INFO  server.RaftServer$Division (ServerState.java:setLeader(269)) - a4a9caa5-f98a-4b6d-87b4-17f7eca85f0e@group-ED4D28972EF5: change Leader from null to acd5b146-ec22-4575-ab5b-633d0d82c7a3 at term 1 for appendEntries, leader elected after 5185ms
2024-02-27 21:40:24,962 [a4a9caa5-f98a-4b6d-87b4-17f7eca85f0e-server-thread1] INFO  server.RaftServer$Division (ServerState.java:setRaftConf(386)) - a4a9caa5-f98a-4b6d-87b4-17f7eca85f0e@group-ED4D28972EF5: set configuration 0: peers:[a4a9caa5-f98a-4b6d-87b4-17f7eca85f0e|10.1.0.18:15120, 2da9303e-6724-4504-a4a5-d250e7d22259|10.1.0.18:15156, acd5b146-ec22-4575-ab5b-633d0d82c7a3|10.1.0.18:15147]|listeners:[], old=null
2024-02-27 21:40:24,962 [a4a9caa5-f98a-4b6d-87b4-17f7eca85f0e-server-thread1] INFO  segmented.SegmentedRaftLogWorker (SegmentedRaftLogWorker.java:startLogSegment(430)) - a4a9caa5-f98a-4b6d-87b4-17f7eca85f0e@group-ED4D28972EF5-SegmentedRaftLogWorker: Starting segment from index:0
2024-02-27 21:40:24,962 [a4a9caa5-f98a-4b6d-87b4-17f7eca85f0e@group-ED4D28972EF5-SegmentedRaftLogWorker] INFO  segmented.BufferedWriteChannel (BufferedWriteChannel.java:open(62)) - open log_inprogress_0 at position 0
2024-02-27 21:40:24,968 [2da9303e-6724-4504-a4a5-d250e7d22259@group-ED4D28972EF5-SegmentedRaftLogWorker] INFO  segmented.SegmentedRaftLogWorker (SegmentedRaftLogWorker.java:execute(634)) - 2da9303e-6724-4504-a4a5-d250e7d22259@group-ED4D28972EF5-SegmentedRaftLogWorker: created new log segment /home/runner/work/ozone/ozone/hadoop-ozone/integration-test/target/test-dir/MiniOzoneClusterImpl-6e3a073c-9bdc-4deb-8550-ef77f821b5e4/ozone-meta/datanode-6/ratis/b8b980ba-a45e-4db6-b288-ed4d28972ef5/current/log_inprogress_0
2024-02-27 21:40:24,969 [a4a9caa5-f98a-4b6d-87b4-17f7eca85f0e@group-ED4D28972EF5-SegmentedRaftLogWorker] INFO  segmented.SegmentedRaftLogWorker (SegmentedRaftLogWorker.java:execute(634)) - a4a9caa5-f98a-4b6d-87b4-17f7eca85f0e@group-ED4D28972EF5-SegmentedRaftLogWorker: created new log segment /home/runner/work/ozone/ozone/hadoop-ozone/integration-test/target/test-dir/MiniOzoneClusterImpl-6e3a073c-9bdc-4deb-8550-ef77f821b5e4/ozone-meta/datanode-2/ratis/b8b980ba-a45e-4db6-b288-ed4d28972ef5/current/log_inprogress_0
2024-02-27 21:40:24,971 [acd5b146-ec22-4575-ab5b-633d0d82c7a3@group-ED4D28972EF5-StateMachineUpdater] INFO  server.RaftServer$Division (LeaderStateImpl.java:isApplied(320)) - leader is ready since appliedIndex == 0 >= startIndex == 0
2024-02-27 21:40:25,026 [main] INFO  ozone.MiniOzoneClusterImpl (MiniOzoneClusterImpl.java:shutdown(397)) - Shutting down the Mini Ozone Cluster
2024-02-27 21:40:25,026 [main] INFO  db.CodecTestUtil (CodecTestUtil.java:gc(50)) - gc 0
2024-02-27 21:40:25,224 [7299b60a-1361-4038-9b5b-8cb416051416@group-5DEEE22C8A53-FollowerState] INFO  impl.FollowerState (FollowerState.java:run(143)) - 7299b60a-1361-4038-9b5b-8cb416051416@group-5DEEE22C8A53-FollowerState: change to CANDIDATE, lastRpcElapsedTime:5194739585ns, electionTimeout:5113ms
2024-02-27 21:40:25,224 [7299b60a-1361-4038-9b5b-8cb416051416@group-5DEEE22C8A53-FollowerState] INFO  impl.RoleInfo (RoleInfo.java:shutdownFollowerState(110)) - 7299b60a-1361-4038-9b5b-8cb416051416: shutdown 7299b60a-1361-4038-9b5b-8cb416051416@group-5DEEE22C8A53-FollowerState
2024-02-27 21:40:25,224 [7299b60a-1361-4038-9b5b-8cb416051416@group-5DEEE22C8A53-FollowerState] INFO  server.RaftServer$Division (RaftServerImpl.java:setRole(383)) - 7299b60a-1361-4038-9b5b-8cb416051416@group-5DEEE22C8A53: changes role from  FOLLOWER to CANDIDATE at term 0 for changeToCandidate
2024-02-27 21:40:25,225 [7299b60a-1361-4038-9b5b-8cb416051416@group-5DEEE22C8A53-FollowerState] INFO  server.RaftServerConfigKeys (ConfUtils.java:logGet(46)) - raft.server.leaderelection.pre-vote = true (default)
2024-02-27 21:40:25,225 [7299b60a-1361-4038-9b5b-8cb416051416@group-5DEEE22C8A53-FollowerState] INFO  impl.RoleInfo (RoleInfo.java:updateAndGet(139)) - 7299b60a-1361-4038-9b5b-8cb416051416: start 7299b60a-1361-4038-9b5b-8cb416051416@group-5DEEE22C8A53-LeaderElection33
2024-02-27 21:40:25,228 [7299b60a-1361-4038-9b5b-8cb416051416@group-5DEEE22C8A53-LeaderElection33] INFO  impl.LeaderElection (LeaderElection.java:askForVotes(321)) - 7299b60a-1361-4038-9b5b-8cb416051416@group-5DEEE22C8A53-LeaderElection33 PRE_VOTE round 0: submit vote requests at term 0 for -1: peers:[7299b60a-1361-4038-9b5b-8cb416051416|10.1.0.18:15129, 2818fa5f-cc14-4867-ab22-981a54c2b243|10.1.0.18:15138, 2da9303e-6724-4504-a4a5-d250e7d22259|10.1.0.18:15156]|listeners:[], old=null
2024-02-27 21:40:25,228 [2818fa5f-cc14-4867-ab22-981a54c2b243@group-5DEEE22C8A53-FollowerState] INFO  impl.FollowerState (FollowerState.java:run(143)) - 2818fa5f-cc14-4867-ab22-981a54c2b243@group-5DEEE22C8A53-FollowerState: change to CANDIDATE, lastRpcElapsedTime:5224617090ns, electionTimeout:5092ms
2024-02-27 21:40:25,228 [2818fa5f-cc14-4867-ab22-981a54c2b243@group-5DEEE22C8A53-FollowerState] INFO  impl.RoleInfo (RoleInfo.java:shutdownFollowerState(110)) - 2818fa5f-cc14-4867-ab22-981a54c2b243: shutdown 2818fa5f-cc14-4867-ab22-981a54c2b243@group-5DEEE22C8A53-FollowerState
2024-02-27 21:40:25,228 [2da9303e-6724-4504-a4a5-d250e7d22259@group-5DEEE22C8A53-FollowerState] INFO  impl.FollowerState (FollowerState.java:run(143)) - 2da9303e-6724-4504-a4a5-d250e7d22259@group-5DEEE22C8A53-FollowerState: change to CANDIDATE, lastRpcElapsedTime:5201183050ns, electionTimeout:5034ms
2024-02-27 21:40:25,228 [2818fa5f-cc14-4867-ab22-981a54c2b243@group-5DEEE22C8A53-FollowerState] INFO  server.RaftServer$Division (RaftServerImpl.java:setRole(383)) - 2818fa5f-cc14-4867-ab22-981a54c2b243@group-5DEEE22C8A53: changes role from  FOLLOWER to CANDIDATE at term 0 for changeToCandidate
2024-02-27 21:40:25,228 [2818fa5f-cc14-4867-ab22-981a54c2b243@group-5DEEE22C8A53-FollowerState] INFO  server.RaftServerConfigKeys (ConfUtils.java:logGet(46)) - raft.server.leaderelection.pre-vote = true (default)
2024-02-27 21:40:25,229 [2818fa5f-cc14-4867-ab22-981a54c2b243@group-5DEEE22C8A53-FollowerState] INFO  impl.RoleInfo (RoleInfo.java:updateAndGet(139)) - 2818fa5f-cc14-4867-ab22-981a54c2b243: start 2818fa5f-cc14-4867-ab22-981a54c2b243@group-5DEEE22C8A53-LeaderElection34
2024-02-27 21:40:25,228 [2da9303e-6724-4504-a4a5-d250e7d22259@group-5DEEE22C8A53-FollowerState] INFO  impl.RoleInfo (RoleInfo.java:shutdownFollowerState(110)) - 2da9303e-6724-4504-a4a5-d250e7d22259: shutdown 2da9303e-6724-4504-a4a5-d250e7d22259@group-5DEEE22C8A53-FollowerState
2024-02-27 21:40:25,229 [7299b60a-1361-4038-9b5b-8cb416051416@group-5DEEE22C8A53-LeaderElection33-1] INFO  server.GrpcServerProtocolClient (GrpcServerProtocolClient.java:<init>(65)) - Build channel for 2818fa5f-cc14-4867-ab22-981a54c2b243|10.1.0.18:15138
2024-02-27 21:40:25,229 [2da9303e-6724-4504-a4a5-d250e7d22259@group-5DEEE22C8A53-FollowerState] INFO  server.RaftServer$Division (RaftServerImpl.java:setRole(383)) - 2da9303e-6724-4504-a4a5-d250e7d22259@group-5DEEE22C8A53: changes role from  FOLLOWER to CANDIDATE at term 0 for changeToCandidate
2024-02-27 21:40:25,229 [7299b60a-1361-4038-9b5b-8cb416051416@group-5DEEE22C8A53-LeaderElection33] INFO  server.RaftServerConfigKeys (ConfUtils.java:logFallback(53)) - raft.server.rpc.first-election.timeout.min = 5s (fallback to raft.server.rpc.timeout.min)
2024-02-27 21:40:25,229 [7299b60a-1361-4038-9b5b-8cb416051416@group-5DEEE22C8A53-LeaderElection33-2] INFO  server.GrpcServerProtocolClient (GrpcServerProtocolClient.java:<init>(65)) - Build channel for 2da9303e-6724-4504-a4a5-d250e7d22259|10.1.0.18:15156
2024-02-27 21:40:25,229 [7299b60a-1361-4038-9b5b-8cb416051416@group-5DEEE22C8A53-LeaderElection33] INFO  server.RaftServerConfigKeys (ConfUtils.java:logFallback(53)) - raft.server.rpc.first-election.timeout.max = 5200ms (fallback to raft.server.rpc.timeout.max)
2024-02-27 21:40:25,229 [2da9303e-6724-4504-a4a5-d250e7d22259@group-5DEEE22C8A53-FollowerState] INFO  server.RaftServerConfigKeys (ConfUtils.java:logGet(46)) - raft.server.leaderelection.pre-vote = true (default)
2024-02-27 21:40:25,230 [2da9303e-6724-4504-a4a5-d250e7d22259@group-5DEEE22C8A53-FollowerState] INFO  impl.RoleInfo (RoleInfo.java:updateAndGet(139)) - 2da9303e-6724-4504-a4a5-d250e7d22259: start 2da9303e-6724-4504-a4a5-d250e7d22259@group-5DEEE22C8A53-LeaderElection35
2024-02-27 21:40:25,231 [2da9303e-6724-4504-a4a5-d250e7d22259@group-5DEEE22C8A53-LeaderElection35] INFO  impl.LeaderElection (LeaderElection.java:askForVotes(321)) - 2da9303e-6724-4504-a4a5-d250e7d22259@group-5DEEE22C8A53-LeaderElection35 PRE_VOTE round 0: submit vote requests at term 0 for -1: peers:[7299b60a-1361-4038-9b5b-8cb416051416|10.1.0.18:15129, 2818fa5f-cc14-4867-ab22-981a54c2b243|10.1.0.18:15138, 2da9303e-6724-4504-a4a5-d250e7d22259|10.1.0.18:15156]|listeners:[], old=null
2024-02-27 21:40:25,231 [2818fa5f-cc14-4867-ab22-981a54c2b243@group-5DEEE22C8A53-LeaderElection34] INFO  impl.LeaderElection (LeaderElection.java:askForVotes(321)) - 2818fa5f-cc14-4867-ab22-981a54c2b243@group-5DEEE22C8A53-LeaderElection34 PRE_VOTE round 0: submit vote requests at term 0 for -1: peers:[7299b60a-1361-4038-9b5b-8cb416051416|10.1.0.18:15129, 2818fa5f-cc14-4867-ab22-981a54c2b243|10.1.0.18:15138, 2da9303e-6724-4504-a4a5-d250e7d22259|10.1.0.18:15156]|listeners:[], old=null
2024-02-27 21:40:25,232 [2da9303e-6724-4504-a4a5-d250e7d22259@group-5DEEE22C8A53-LeaderElection35-1] INFO  server.GrpcServerProtocolClient (GrpcServerProtocolClient.java:<init>(65)) - Build channel for 7299b60a-1361-4038-9b5b-8cb416051416|10.1.0.18:15129
2024-02-27 21:40:25,234 [2da9303e-6724-4504-a4a5-d250e7d22259@group-5DEEE22C8A53-LeaderElection35] INFO  server.RaftServerConfigKeys (ConfUtils.java:logFallback(53)) - raft.server.rpc.first-election.timeout.min = 5s (fallback to raft.server.rpc.timeout.min)
2024-02-27 21:40:25,234 [2da9303e-6724-4504-a4a5-d250e7d22259@group-5DEEE22C8A53-LeaderElection35] INFO  server.RaftServerConfigKeys (ConfUtils.java:logFallback(53)) - raft.server.rpc.first-election.timeout.max = 5200ms (fallback to raft.server.rpc.timeout.max)
2024-02-27 21:40:25,234 [2818fa5f-cc14-4867-ab22-981a54c2b243@group-5DEEE22C8A53-LeaderElection34] INFO  server.RaftServerConfigKeys (ConfUtils.java:logFallback(53)) - raft.server.rpc.first-election.timeout.min = 5s (fallback to raft.server.rpc.timeout.min)
2024-02-27 21:40:25,234 [2818fa5f-cc14-4867-ab22-981a54c2b243@group-5DEEE22C8A53-LeaderElection34] INFO  server.RaftServerConfigKeys (ConfUtils.java:logFallback(53)) - raft.server.rpc.first-election.timeout.max = 5200ms (fallback to raft.server.rpc.timeout.max)
2024-02-27 21:40:25,235 [2818fa5f-cc14-4867-ab22-981a54c2b243@group-5DEEE22C8A53-LeaderElection34-1] INFO  server.GrpcServerProtocolClient (GrpcServerProtocolClient.java:<init>(65)) - Build channel for 7299b60a-1361-4038-9b5b-8cb416051416|10.1.0.18:15129
2024-02-27 21:40:25,236 [grpc-default-executor-4] INFO  server.RaftServer$Division (RaftServerImpl.java:requestVote(1389)) - 2818fa5f-cc14-4867-ab22-981a54c2b243@group-5DEEE22C8A53: receive requestVote(PRE_VOTE, 7299b60a-1361-4038-9b5b-8cb416051416, group-5DEEE22C8A53, 0, (t:0, i:0))
2024-02-27 21:40:25,236 [grpc-default-executor-4] INFO  impl.VoteContext (VoteContext.java:log(49)) - 2818fa5f-cc14-4867-ab22-981a54c2b243@group-5DEEE22C8A53-CANDIDATE: accept PRE_VOTE from 7299b60a-1361-4038-9b5b-8cb416051416: our priority 0 <= candidate's priority 1
2024-02-27 21:40:25,236 [grpc-default-executor-4] INFO  server.RaftServer$Division (RaftServerImpl.java:requestVote(1422)) - 2818fa5f-cc14-4867-ab22-981a54c2b243@group-5DEEE22C8A53 replies to PRE_VOTE vote request: 7299b60a-1361-4038-9b5b-8cb416051416<-2818fa5f-cc14-4867-ab22-981a54c2b243#0:OK-t0. Peer's state: 2818fa5f-cc14-4867-ab22-981a54c2b243@group-5DEEE22C8A53:t0, leader=null, voted=, raftlog=Memoized:2818fa5f-cc14-4867-ab22-981a54c2b243@group-5DEEE22C8A53-SegmentedRaftLog:OPENED:c-1, conf=-1: peers:[7299b60a-1361-4038-9b5b-8cb416051416|10.1.0.18:15129, 2818fa5f-cc14-4867-ab22-981a54c2b243|10.1.0.18:15138, 2da9303e-6724-4504-a4a5-d250e7d22259|10.1.0.18:15156]|listeners:[], old=null
2024-02-27 21:40:25,236 [grpc-default-executor-6] INFO  server.RaftServer$Division (RaftServerImpl.java:requestVote(1389)) - 2da9303e-6724-4504-a4a5-d250e7d22259@group-5DEEE22C8A53: receive requestVote(PRE_VOTE, 7299b60a-1361-4038-9b5b-8cb416051416, group-5DEEE22C8A53, 0, (t:0, i:0))
2024-02-27 21:40:25,236 [grpc-default-executor-6] INFO  impl.VoteContext (VoteContext.java:log(49)) - 2da9303e-6724-4504-a4a5-d250e7d22259@group-5DEEE22C8A53-CANDIDATE: accept PRE_VOTE from 7299b60a-1361-4038-9b5b-8cb416051416: our priority 0 <= candidate's priority 1
2024-02-27 21:40:25,236 [grpc-default-executor-6] INFO  server.RaftServer$Division (RaftServerImpl.java:requestVote(1422)) - 2da9303e-6724-4504-a4a5-d250e7d22259@group-5DEEE22C8A53 replies to PRE_VOTE vote request: 7299b60a-1361-4038-9b5b-8cb416051416<-2da9303e-6724-4504-a4a5-d250e7d22259#0:OK-t0. Peer's state: 2da9303e-6724-4504-a4a5-d250e7d22259@group-5DEEE22C8A53:t0, leader=null, voted=, raftlog=Memoized:2da9303e-6724-4504-a4a5-d250e7d22259@group-5DEEE22C8A53-SegmentedRaftLog:OPENED:c-1, conf=-1: peers:[7299b60a-1361-4038-9b5b-8cb416051416|10.1.0.18:15129, 2818fa5f-cc14-4867-ab22-981a54c2b243|10.1.0.18:15138, 2da9303e-6724-4504-a4a5-d250e7d22259|10.1.0.18:15156]|listeners:[], old=null
2024-02-27 21:40:25,236 [grpc-default-executor-0] INFO  server.RaftServer$Division (RaftServerImpl.java:requestVote(1389)) - 2818fa5f-cc14-4867-ab22-981a54c2b243@group-5DEEE22C8A53: receive requestVote(PRE_VOTE, 2da9303e-6724-4504-a4a5-d250e7d22259, group-5DEEE22C8A53, 0, (t:0, i:0))
2024-02-27 21:40:25,237 [grpc-default-executor-0] INFO  impl.VoteContext (VoteContext.java:log(49)) - 2818fa5f-cc14-4867-ab22-981a54c2b243@group-5DEEE22C8A53-CANDIDATE: accept PRE_VOTE from 2da9303e-6724-4504-a4a5-d250e7d22259: our priority 0 <= candidate's priority 0
2024-02-27 21:40:25,237 [grpc-default-executor-0] INFO  server.RaftServer$Division (RaftServerImpl.java:requestVote(1422)) - 2818fa5f-cc14-4867-ab22-981a54c2b243@group-5DEEE22C8A53 replies to PRE_VOTE vote request: 2da9303e-6724-4504-a4a5-d250e7d22259<-2818fa5f-cc14-4867-ab22-981a54c2b243#0:OK-t0. Peer's state: 2818fa5f-cc14-4867-ab22-981a54c2b243@group-5DEEE22C8A53:t0, leader=null, voted=, raftlog=Memoized:2818fa5f-cc14-4867-ab22-981a54c2b243@group-5DEEE22C8A53-SegmentedRaftLog:OPENED:c-1, conf=-1: peers:[7299b60a-1361-4038-9b5b-8cb416051416|10.1.0.18:15129, 2818fa5f-cc14-4867-ab22-981a54c2b243|10.1.0.18:15138, 2da9303e-6724-4504-a4a5-d250e7d22259|10.1.0.18:15156]|listeners:[], old=null
2024-02-27 21:40:25,238 [grpc-default-executor-2] INFO  server.RaftServer$Division (RaftServerImpl.java:requestVote(1389)) - 2da9303e-6724-4504-a4a5-d250e7d22259@group-5DEEE22C8A53: receive requestVote(PRE_VOTE, 2818fa5f-cc14-4867-ab22-981a54c2b243, group-5DEEE22C8A53, 0, (t:0, i:0))
2024-02-27 21:40:25,239 [grpc-default-executor-2] INFO  impl.VoteContext (VoteContext.java:log(49)) - 2da9303e-6724-4504-a4a5-d250e7d22259@group-5DEEE22C8A53-CANDIDATE: accept PRE_VOTE from 2818fa5f-cc14-4867-ab22-981a54c2b243: our priority 0 <= candidate's priority 0
2024-02-27 21:40:25,239 [grpc-default-executor-2] INFO  server.RaftServer$Division (RaftServerImpl.java:requestVote(1422)) - 2da9303e-6724-4504-a4a5-d250e7d22259@group-5DEEE22C8A53 replies to PRE_VOTE vote request: 2818fa5f-cc14-4867-ab22-981a54c2b243<-2da9303e-6724-4504-a4a5-d250e7d22259#0:OK-t0. Peer's state: 2da9303e-6724-4504-a4a5-d250e7d22259@group-5DEEE22C8A53:t0, leader=null, voted=, raftlog=Memoized:2da9303e-6724-4504-a4a5-d250e7d22259@group-5DEEE22C8A53-SegmentedRaftLog:OPENED:c-1, conf=-1: peers:[7299b60a-1361-4038-9b5b-8cb416051416|10.1.0.18:15129, 2818fa5f-cc14-4867-ab22-981a54c2b243|10.1.0.18:15138, 2da9303e-6724-4504-a4a5-d250e7d22259|10.1.0.18:15156]|listeners:[], old=null
2024-02-27 21:40:25,239 [7299b60a-1361-4038-9b5b-8cb416051416@group-5DEEE22C8A53-LeaderElection33] INFO  impl.LeaderElection (LeaderElection.java:logAndReturn(89)) - 7299b60a-1361-4038-9b5b-8cb416051416@group-5DEEE22C8A53-LeaderElection33: PRE_VOTE PASSED received 1 response(s) and 0 exception(s):
2024-02-27 21:40:25,239 [7299b60a-1361-4038-9b5b-8cb416051416@group-5DEEE22C8A53-LeaderElection33] INFO  impl.LeaderElection (LeaderElection.java:logAndReturn(93)) -   Response 0: 7299b60a-1361-4038-9b5b-8cb416051416<-2da9303e-6724-4504-a4a5-d250e7d22259#0:OK-t0
2024-02-27 21:40:25,239 [7299b60a-1361-4038-9b5b-8cb416051416@group-5DEEE22C8A53-LeaderElection33] INFO  impl.LeaderElection (LeaderElection.java:askForVotes(323)) - 7299b60a-1361-4038-9b5b-8cb416051416@group-5DEEE22C8A53-LeaderElection33 PRE_VOTE round 0: result PASSED
2024-02-27 21:40:25,241 [7299b60a-1361-4038-9b5b-8cb416051416@group-5DEEE22C8A53-LeaderElection33] INFO  impl.LeaderElection (LeaderElection.java:askForVotes(321)) - 7299b60a-1361-4038-9b5b-8cb416051416@group-5DEEE22C8A53-LeaderElection33 ELECTION round 0: submit vote requests at term 1 for -1: peers:[7299b60a-1361-4038-9b5b-8cb416051416|10.1.0.18:15129, 2818fa5f-cc14-4867-ab22-981a54c2b243|10.1.0.18:15138, 2da9303e-6724-4504-a4a5-d250e7d22259|10.1.0.18:15156]|listeners:[], old=null
2024-02-27 21:40:25,241 [grpc-default-executor-2] INFO  server.RaftServer$Division (RaftServerImpl.java:requestVote(1389)) - 7299b60a-1361-4038-9b5b-8cb416051416@group-5DEEE22C8A53: receive requestVote(PRE_VOTE, 2da9303e-6724-4504-a4a5-d250e7d22259, group-5DEEE22C8A53, 0, (t:0, i:0))
2024-02-27 21:40:25,243 [2818fa5f-cc14-4867-ab22-981a54c2b243@group-38A797F17613-FollowerState] INFO  impl.FollowerState (FollowerState.java:run(143)) - 2818fa5f-cc14-4867-ab22-981a54c2b243@group-38A797F17613-FollowerState: change to CANDIDATE, lastRpcElapsedTime:5157308694ns, electionTimeout:5156ms
2024-02-27 21:40:25,243 [2818fa5f-cc14-4867-ab22-981a54c2b243@group-38A797F17613-FollowerState] INFO  impl.RoleInfo (RoleInfo.java:shutdownFollowerState(110)) - 2818fa5f-cc14-4867-ab22-981a54c2b243: shutdown 2818fa5f-cc14-4867-ab22-981a54c2b243@group-38A797F17613-FollowerState
2024-02-27 21:40:25,243 [2818fa5f-cc14-4867-ab22-981a54c2b243@group-38A797F17613-FollowerState] INFO  server.RaftServer$Division (RaftServerImpl.java:setRole(383)) - 2818fa5f-cc14-4867-ab22-981a54c2b243@group-38A797F17613: changes role from  FOLLOWER to CANDIDATE at term 0 for changeToCandidate
2024-02-27 21:40:25,244 [2818fa5f-cc14-4867-ab22-981a54c2b243@group-38A797F17613-FollowerState] INFO  server.RaftServerConfigKeys (ConfUtils.java:logGet(46)) - raft.server.leaderelection.pre-vote = true (default)
2024-02-27 21:40:25,244 [2818fa5f-cc14-4867-ab22-981a54c2b243@group-38A797F17613-FollowerState] INFO  impl.RoleInfo (RoleInfo.java:updateAndGet(139)) - 2818fa5f-cc14-4867-ab22-981a54c2b243: start 2818fa5f-cc14-4867-ab22-981a54c2b243@group-38A797F17613-LeaderElection36
2024-02-27 21:40:25,244 [7299b60a-1361-4038-9b5b-8cb416051416@group-5DEEE22C8A53-LeaderElection33] INFO  server.RaftServerConfigKeys (ConfUtils.java:logFallback(53)) - raft.server.rpc.first-election.timeout.min = 5s (fallback to raft.server.rpc.timeout.min)
2024-02-27 21:40:25,244 [7299b60a-1361-4038-9b5b-8cb416051416@group-5DEEE22C8A53-LeaderElection33] INFO  server.RaftServerConfigKeys (ConfUtils.java:logFallback(53)) - raft.server.rpc.first-election.timeout.max = 5200ms (fallback to raft.server.rpc.timeout.max)
2024-02-27 21:40:25,245 [grpc-default-executor-0] INFO  server.RaftServer$Division (RaftServerImpl.java:requestVote(1389)) - 2da9303e-6724-4504-a4a5-d250e7d22259@group-5DEEE22C8A53: receive requestVote(ELECTION, 7299b60a-1361-4038-9b5b-8cb416051416, group-5DEEE22C8A53, 1, (t:0, i:0))
2024-02-27 21:40:25,245 [grpc-default-executor-0] INFO  impl.VoteContext (VoteContext.java:log(49)) - 2da9303e-6724-4504-a4a5-d250e7d22259@group-5DEEE22C8A53-CANDIDATE: accept ELECTION from 7299b60a-1361-4038-9b5b-8cb416051416: our priority 0 <= candidate's priority 1
2024-02-27 21:40:25,245 [grpc-default-executor-0] INFO  server.RaftServer$Division (RaftServerImpl.java:setRole(383)) - 2da9303e-6724-4504-a4a5-d250e7d22259@group-5DEEE22C8A53: changes role from CANDIDATE to FOLLOWER at term 1 for candidate:7299b60a-1361-4038-9b5b-8cb416051416
2024-02-27 21:40:25,245 [grpc-default-executor-0] INFO  impl.RoleInfo (RoleInfo.java:shutdownLeaderElection(130)) - 2da9303e-6724-4504-a4a5-d250e7d22259: shutdown 2da9303e-6724-4504-a4a5-d250e7d22259@group-5DEEE22C8A53-LeaderElection35
2024-02-27 21:40:25,247 [2818fa5f-cc14-4867-ab22-981a54c2b243@group-38A797F17613-LeaderElection36] INFO  impl.LeaderElection (LeaderElection.java:askForVotes(321)) - 2818fa5f-cc14-4867-ab22-981a54c2b243@group-38A797F17613-LeaderElection36 PRE_VOTE round 0: submit vote requests at term 0 for -1: peers:[7299b60a-1361-4038-9b5b-8cb416051416|10.1.0.18:15129, 2818fa5f-cc14-4867-ab22-981a54c2b243|10.1.0.18:15138, e0fc16c3-8785-492f-95e3-5d2aafd0cf3f|10.1.0.18:15111]|listeners:[], old=null
2024-02-27 21:40:25,247 [grpc-default-executor-2] INFO  impl.VoteContext (VoteContext.java:log(49)) - 7299b60a-1361-4038-9b5b-8cb416051416@group-5DEEE22C8A53-CANDIDATE: reject PRE_VOTE from 2da9303e-6724-4504-a4a5-d250e7d22259: our priority 1 > candidate's priority 0
2024-02-27 21:40:25,247 [grpc-default-executor-2] INFO  server.RaftServer$Division (RaftServerImpl.java:requestVote(1422)) - 7299b60a-1361-4038-9b5b-8cb416051416@group-5DEEE22C8A53 replies to PRE_VOTE vote request: 2da9303e-6724-4504-a4a5-d250e7d22259<-7299b60a-1361-4038-9b5b-8cb416051416#0:FAIL-t1. Peer's state: 7299b60a-1361-4038-9b5b-8cb416051416@group-5DEEE22C8A53:t1, leader=null, voted=7299b60a-1361-4038-9b5b-8cb416051416, raftlog=Memoized:7299b60a-1361-4038-9b5b-8cb416051416@group-5DEEE22C8A53-SegmentedRaftLog:OPENED:c-1, conf=-1: peers:[7299b60a-1361-4038-9b5b-8cb416051416|10.1.0.18:15129, 2818fa5f-cc14-4867-ab22-981a54c2b243|10.1.0.18:15138, 2da9303e-6724-4504-a4a5-d250e7d22259|10.1.0.18:15156]|listeners:[], old=null
2024-02-27 21:40:25,247 [2818fa5f-cc14-4867-ab22-981a54c2b243@group-38A797F17613-LeaderElection36] INFO  server.RaftServerConfigKeys (ConfUtils.java:logFallback(53)) - raft.server.rpc.first-election.timeout.min = 5s (fallback to raft.server.rpc.timeout.min)
2024-02-27 21:40:25,247 [2818fa5f-cc14-4867-ab22-981a54c2b243@group-38A797F17613-LeaderElection36-2] INFO  server.GrpcServerProtocolClient (GrpcServerProtocolClient.java:<init>(65)) - Build channel for e0fc16c3-8785-492f-95e3-5d2aafd0cf3f|10.1.0.18:15111
2024-02-27 21:40:25,247 [2818fa5f-cc14-4867-ab22-981a54c2b243@group-38A797F17613-LeaderElection36] INFO  server.RaftServerConfigKeys (ConfUtils.java:logFallback(53)) - raft.server.rpc.first-election.timeout.max = 5200ms (fallback to raft.server.rpc.timeout.max)
2024-02-27 21:40:25,248 [2da9303e-6724-4504-a4a5-d250e7d22259@group-5DEEE22C8A53-LeaderElection35] INFO  impl.LeaderElection (LeaderElection.java:logAndReturn(89)) - 2da9303e-6724-4504-a4a5-d250e7d22259@group-5DEEE22C8A53-LeaderElection35: PRE_VOTE DISCOVERED_A_NEW_TERM (term=1) received 2 response(s) and 0 exception(s):
2024-02-27 21:40:25,248 [2da9303e-6724-4504-a4a5-d250e7d22259@group-5DEEE22C8A53-LeaderElection35] INFO  impl.LeaderElection (LeaderElection.java:logAndReturn(93)) -   Response 0: 2da9303e-6724-4504-a4a5-d250e7d22259<-7299b60a-1361-4038-9b5b-8cb416051416#0:FAIL-t1
2024-02-27 21:40:25,248 [2da9303e-6724-4504-a4a5-d250e7d22259@group-5DEEE22C8A53-LeaderElection35] INFO  impl.LeaderElection (LeaderElection.java:logAndReturn(93)) -   Response 1: 2da9303e-6724-4504-a4a5-d250e7d22259<-2818fa5f-cc14-4867-ab22-981a54c2b243#0:OK-t0
2024-02-27 21:40:25,248 [2da9303e-6724-4504-a4a5-d250e7d22259@group-5DEEE22C8A53-LeaderElection35] INFO  impl.LeaderElection (LeaderElection.java:askForVotes(323)) - 2da9303e-6724-4504-a4a5-d250e7d22259@group-5DEEE22C8A53-LeaderElection35 PRE_VOTE round 0: result DISCOVERED_A_NEW_TERM (term=1)
2024-02-27 21:40:25,249 [grpc-default-executor-4] INFO  server.RaftServer$Division (RaftServerImpl.java:requestVote(1389)) - 7299b60a-1361-4038-9b5b-8cb416051416@group-5DEEE22C8A53: receive requestVote(PRE_VOTE, 2818fa5f-cc14-4867-ab22-981a54c2b243, group-5DEEE22C8A53, 0, (t:0, i:0))
2024-02-27 21:40:25,249 [grpc-default-executor-0] INFO  impl.RoleInfo (RoleInfo.java:updateAndGet(139)) - 2da9303e-6724-4504-a4a5-d250e7d22259: start 2da9303e-6724-4504-a4a5-d250e7d22259@group-5DEEE22C8A53-FollowerState
2024-02-27 21:40:25,249 [grpc-default-executor-4] INFO  impl.VoteContext (VoteContext.java:log(49)) - 7299b60a-1361-4038-9b5b-8cb416051416@group-5DEEE22C8A53-CANDIDATE: reject PRE_VOTE from 2818fa5f-cc14-4867-ab22-981a54c2b243: our priority 1 > candidate's priority 0
2024-02-27 21:40:25,249 [grpc-default-executor-6] INFO  server.RaftServer$Division (RaftServerImpl.java:requestVote(1389)) - 2818fa5f-cc14-4867-ab22-981a54c2b243@group-5DEEE22C8A53: receive requestVote(ELECTION, 7299b60a-1361-4038-9b5b-8cb416051416, group-5DEEE22C8A53, 1, (t:0, i:0))
2024-02-27 21:40:25,249 [grpc-default-executor-4] INFO  server.RaftServer$Division (RaftServerImpl.java:requestVote(1422)) - 7299b60a-1361-4038-9b5b-8cb416051416@group-5DEEE22C8A53 replies to PRE_VOTE vote request: 2818fa5f-cc14-4867-ab22-981a54c2b243<-7299b60a-1361-4038-9b5b-8cb416051416#0:FAIL-t1. Peer's state: 7299b60a-1361-4038-9b5b-8cb416051416@group-5DEEE22C8A53:t1, leader=null, voted=7299b60a-1361-4038-9b5b-8cb416051416, raftlog=Memoized:7299b60a-1361-4038-9b5b-8cb416051416@group-5DEEE22C8A53-SegmentedRaftLog:OPENED:c-1, conf=-1: peers:[7299b60a-1361-4038-9b5b-8cb416051416|10.1.0.18:15129, 2818fa5f-cc14-4867-ab22-981a54c2b243|10.1.0.18:15138, 2da9303e-6724-4504-a4a5-d250e7d22259|10.1.0.18:15156]|listeners:[], old=null
2024-02-27 21:40:25,250 [grpc-default-executor-6] INFO  impl.VoteContext (VoteContext.java:log(49)) - 2818fa5f-cc14-4867-ab22-981a54c2b243@group-5DEEE22C8A53-CANDIDATE: accept ELECTION from 7299b60a-1361-4038-9b5b-8cb416051416: our priority 0 <= candidate's priority 1
2024-02-27 21:40:25,250 [grpc-default-executor-6] INFO  server.RaftServer$Division (RaftServerImpl.java:setRole(383)) - 2818fa5f-cc14-4867-ab22-981a54c2b243@group-5DEEE22C8A53: changes role from CANDIDATE to FOLLOWER at term 1 for candidate:7299b60a-1361-4038-9b5b-8cb416051416
2024-02-27 21:40:25,250 [grpc-default-executor-6] INFO  impl.RoleInfo (RoleInfo.java:shutdownLeaderElection(130)) - 2818fa5f-cc14-4867-ab22-981a54c2b243: shutdown 2818fa5f-cc14-4867-ab22-981a54c2b243@group-5DEEE22C8A53-LeaderElection34
2024-02-27 21:40:25,250 [2818fa5f-cc14-4867-ab22-981a54c2b243@group-5DEEE22C8A53-LeaderElection34] INFO  impl.LeaderElection (LeaderElection.java:logAndReturn(89)) - 2818fa5f-cc14-4867-ab22-981a54c2b243@group-5DEEE22C8A53-LeaderElection34: PRE_VOTE DISCOVERED_A_NEW_TERM (term=1) received 2 response(s) and 0 exception(s):
2024-02-27 21:40:25,250 [2818fa5f-cc14-4867-ab22-981a54c2b243@group-5DEEE22C8A53-LeaderElection34] INFO  impl.LeaderElection (LeaderElection.java:logAndReturn(93)) -   Response 0: 2818fa5f-cc14-4867-ab22-981a54c2b243<-7299b60a-1361-4038-9b5b-8cb416051416#0:FAIL-t1
2024-02-27 21:40:25,250 [grpc-default-executor-0] INFO  server.RaftServer$Division (RaftServerImpl.java:setFirstElection(574)) - 2da9303e-6724-4504-a4a5-d250e7d22259@group-5DEEE22C8A53: set firstElectionSinceStartup to false for candidate:7299b60a-1361-4038-9b5b-8cb416051416
2024-02-27 21:40:25,250 [2818fa5f-cc14-4867-ab22-981a54c2b243@group-5DEEE22C8A53-LeaderElection34] INFO  impl.LeaderElection (LeaderElection.java:logAndReturn(93)) -   Response 1: 2818fa5f-cc14-4867-ab22-981a54c2b243<-2da9303e-6724-4504-a4a5-d250e7d22259#0:OK-t0
2024-02-27 21:40:25,250 [grpc-default-executor-6] INFO  impl.RoleInfo (RoleInfo.java:updateAndGet(139)) - 2818fa5f-cc14-4867-ab22-981a54c2b243: start 2818fa5f-cc14-4867-ab22-981a54c2b243@group-5DEEE22C8A53-FollowerState
2024-02-27 21:40:25,251 [2818fa5f-cc14-4867-ab22-981a54c2b243@group-5DEEE22C8A53-LeaderElection34] INFO  impl.LeaderElection (LeaderElection.java:askForVotes(323)) - 2818fa5f-cc14-4867-ab22-981a54c2b243@group-5DEEE22C8A53-LeaderElection34 PRE_VOTE round 0: result DISCOVERED_A_NEW_TERM (term=1)
2024-02-27 21:40:25,251 [grpc-default-executor-2] INFO  server.RaftServer$Division (RaftServerImpl.java:requestVote(1389)) - 7299b60a-1361-4038-9b5b-8cb416051416@group-38A797F17613: receive requestVote(PRE_VOTE, 2818fa5f-cc14-4867-ab22-981a54c2b243, group-38A797F17613, 0, (t:0, i:0))
2024-02-27 21:40:25,251 [grpc-default-executor-2] INFO  impl.VoteContext (VoteContext.java:log(49)) - 7299b60a-1361-4038-9b5b-8cb416051416@group-38A797F17613-FOLLOWER: accept PRE_VOTE from 2818fa5f-cc14-4867-ab22-981a54c2b243: our priority 0 <= candidate's priority 1
2024-02-27 21:40:25,251 [grpc-default-executor-2] INFO  server.RaftServer$Division (RaftServerImpl.java:requestVote(1422)) - 7299b60a-1361-4038-9b5b-8cb416051416@group-38A797F17613 replies to PRE_VOTE vote request: 2818fa5f-cc14-4867-ab22-981a54c2b243<-7299b60a-1361-4038-9b5b-8cb416051416#0:OK-t0. Peer's state: 7299b60a-1361-4038-9b5b-8cb416051416@group-38A797F17613:t0, leader=null, voted=, raftlog=Memoized:7299b60a-1361-4038-9b5b-8cb416051416@group-38A797F17613-SegmentedRaftLog:OPENED:c-1, conf=-1: peers:[7299b60a-1361-4038-9b5b-8cb416051416|10.1.0.18:15129, 2818fa5f-cc14-4867-ab22-981a54c2b243|10.1.0.18:15138, e0fc16c3-8785-492f-95e3-5d2aafd0cf3f|10.1.0.18:15111]|listeners:[], old=null
2024-02-27 21:40:25,253 [grpc-default-executor-0] INFO  server.RaftServer$Division (RaftServerImpl.java:requestVote(1422)) - 2da9303e-6724-4504-a4a5-d250e7d22259@group-5DEEE22C8A53 replies to ELECTION vote request: 7299b60a-1361-4038-9b5b-8cb416051416<-2da9303e-6724-4504-a4a5-d250e7d22259#0:OK-t1. Peer's state: 2da9303e-6724-4504-a4a5-d250e7d22259@group-5DEEE22C8A53:t1, leader=null, voted=7299b60a-1361-4038-9b5b-8cb416051416, raftlog=Memoized:2da9303e-6724-4504-a4a5-d250e7d22259@group-5DEEE22C8A53-SegmentedRaftLog:OPENED:c-1, conf=-1: peers:[7299b60a-1361-4038-9b5b-8cb416051416|10.1.0.18:15129, 2818fa5f-cc14-4867-ab22-981a54c2b243|10.1.0.18:15138, 2da9303e-6724-4504-a4a5-d250e7d22259|10.1.0.18:15156]|listeners:[], old=null
2024-02-27 21:40:25,253 [grpc-default-executor-6] INFO  server.RaftServer$Division (RaftServerImpl.java:setFirstElection(574)) - 2818fa5f-cc14-4867-ab22-981a54c2b243@group-5DEEE22C8A53: set firstElectionSinceStartup to false for candidate:7299b60a-1361-4038-9b5b-8cb416051416
2024-02-27 21:40:25,253 [grpc-default-executor-0] INFO  server.RaftServer$Division (RaftServerImpl.java:requestVote(1389)) - e0fc16c3-8785-492f-95e3-5d2aafd0cf3f@group-38A797F17613: receive requestVote(PRE_VOTE, 2818fa5f-cc14-4867-ab22-981a54c2b243, group-38A797F17613, 0, (t:0, i:0))
2024-02-27 21:40:25,253 [grpc-default-executor-0] INFO  impl.VoteContext (VoteContext.java:log(49)) - e0fc16c3-8785-492f-95e3-5d2aafd0cf3f@group-38A797F17613-FOLLOWER: accept PRE_VOTE from 2818fa5f-cc14-4867-ab22-981a54c2b243: our priority 0 <= candidate's priority 1
2024-02-27 21:40:25,253 [grpc-default-executor-0] INFO  server.RaftServer$Division (RaftServerImpl.java:requestVote(1422)) - e0fc16c3-8785-492f-95e3-5d2aafd0cf3f@group-38A797F17613 replies to PRE_VOTE vote request: 2818fa5f-cc14-4867-ab22-981a54c2b243<-e0fc16c3-8785-492f-95e3-5d2aafd0cf3f#0:OK-t0. Peer's state: e0fc16c3-8785-492f-95e3-5d2aafd0cf3f@group-38A797F17613:t0, leader=null, voted=, raftlog=Memoized:e0fc16c3-8785-492f-95e3-5d2aafd0cf3f@group-38A797F17613-SegmentedRaftLog:OPENED:c-1, conf=-1: peers:[7299b60a-1361-4038-9b5b-8cb416051416|10.1.0.18:15129, 2818fa5f-cc14-4867-ab22-981a54c2b243|10.1.0.18:15138, e0fc16c3-8785-492f-95e3-5d2aafd0cf3f|10.1.0.18:15111]|listeners:[], old=null
2024-02-27 21:40:25,254 [7299b60a-1361-4038-9b5b-8cb416051416@group-5DEEE22C8A53-LeaderElection33] INFO  impl.LeaderElection (LeaderElection.java:logAndReturn(89)) - 7299b60a-1361-4038-9b5b-8cb416051416@group-5DEEE22C8A53-LeaderElection33: ELECTION PASSED received 1 response(s) and 0 exception(s):
2024-02-27 21:40:25,254 [7299b60a-1361-4038-9b5b-8cb416051416@group-5DEEE22C8A53-LeaderElection33] INFO  impl.LeaderElection (LeaderElection.java:logAndReturn(93)) -   Response 0: 7299b60a-1361-4038-9b5b-8cb416051416<-2da9303e-6724-4504-a4a5-d250e7d22259#0:OK-t1
2024-02-27 21:40:25,254 [7299b60a-1361-4038-9b5b-8cb416051416@group-5DEEE22C8A53-LeaderElection33] INFO  impl.LeaderElection (LeaderElection.java:askForVotes(323)) - 7299b60a-1361-4038-9b5b-8cb416051416@group-5DEEE22C8A53-LeaderElection33 ELECTION round 0: result PASSED
2024-02-27 21:40:25,254 [7299b60a-1361-4038-9b5b-8cb416051416@group-5DEEE22C8A53-LeaderElection33] INFO  impl.RoleInfo (RoleInfo.java:shutdownLeaderElection(130)) - 7299b60a-1361-4038-9b5b-8cb416051416: shutdown 7299b60a-1361-4038-9b5b-8cb416051416@group-5DEEE22C8A53-LeaderElection33
2024-02-27 21:40:25,254 [7299b60a-1361-4038-9b5b-8cb416051416@group-5DEEE22C8A53-LeaderElection33] INFO  server.RaftServer$Division (RaftServerImpl.java:setRole(383)) - 7299b60a-1361-4038-9b5b-8cb416051416@group-5DEEE22C8A53: changes role from CANDIDATE to LEADER at term 1 for changeToLeader
2024-02-27 21:40:25,254 [7299b60a-1361-4038-9b5b-8cb416051416@group-5DEEE22C8A53-LeaderElection33] INFO  server.RaftServerConfigKeys (ConfUtils.java:logGet(46)) - raft.server.staging.catchup.gap = 1000 (default)
2024-02-27 21:40:25,255 [7299b60a-1361-4038-9b5b-8cb416051416@group-5DEEE22C8A53-LeaderElection33] INFO  server.RaftServerConfigKeys (ConfUtils.java:logGet(46)) - raft.server.write.element-limit = 1024 (custom)
2024-02-27 21:40:25,255 [7299b60a-1361-4038-9b5b-8cb416051416@group-5DEEE22C8A53-LeaderElection33] INFO  server.RaftServerConfigKeys (ConfUtils.java:logGet(46)) - raft.server.write.byte-limit = 1024 M (=1073741824) (custom)
2024-02-27 21:40:25,255 [grpc-default-executor-6] INFO  server.RaftServer$Division (RaftServerImpl.java:requestVote(1422)) - 2818fa5f-cc14-4867-ab22-981a54c2b243@group-5DEEE22C8A53 replies to ELECTION vote request: 7299b60a-1361-4038-9b5b-8cb416051416<-2818fa5f-cc14-4867-ab22-981a54c2b243#0:OK-t1. Peer's state: 2818fa5f-cc14-4867-ab22-981a54c2b243@group-5DEEE22C8A53:t1, leader=null, voted=7299b60a-1361-4038-9b5b-8cb416051416, raftlog=Memoized:2818fa5f-cc14-4867-ab22-981a54c2b243@group-5DEEE22C8A53-SegmentedRaftLog:OPENED:c-1, conf=-1: peers:[7299b60a-1361-4038-9b5b-8cb416051416|10.1.0.18:15129, 2818fa5f-cc14-4867-ab22-981a54c2b243|10.1.0.18:15138, 2da9303e-6724-4504-a4a5-d250e7d22259|10.1.0.18:15156]|listeners:[], old=null
2024-02-27 21:40:25,255 [7299b60a-1361-4038-9b5b-8cb416051416@group-5DEEE22C8A53-LeaderElection33] INFO  server.RaftServerConfigKeys (ConfUtils.java:logGet(46)) - raft.server.watch.timeout = 180s (custom)
2024-02-27 21:40:25,255 [7299b60a-1361-4038-9b5b-8cb416051416@group-5DEEE22C8A53-LeaderElection33] INFO  server.RaftServerConfigKeys (ConfUtils.java:logGet(46)) - raft.server.watch.timeout.denomination = 1s (default)
2024-02-27 21:40:25,255 [7299b60a-1361-4038-9b5b-8cb416051416@group-5DEEE22C8A53-LeaderElection33] INFO  server.RaftServerConfigKeys (ConfUtils.java:logGet(46)) - raft.server.watch.element-limit = 65536 (default)
2024-02-27 21:40:25,255 [7299b60a-1361-4038-9b5b-8cb416051416@group-5DEEE22C8A53-LeaderElection33] INFO  server.RaftServerConfigKeys (ConfUtils.java:logGet(46)) - raft.server.read.leader.lease.enabled = false (default)
2024-02-27 21:40:25,255 [7299b60a-1361-4038-9b5b-8cb416051416@group-5DEEE22C8A53-LeaderElection33] INFO  server.RaftServerConfigKeys (ConfUtils.java:logGet(46)) - raft.server.read.leader.lease.timeout.ratio = 0.9 (default)
2024-02-27 21:40:25,255 [7299b60a-1361-4038-9b5b-8cb416051416@group-5DEEE22C8A53-LeaderElection33] INFO  server.RaftServerConfigKeys (ConfUtils.java:logGet(46)) - raft.server.rpc.timeout.min = 5s (custom)
2024-02-27 21:40:25,255 [7299b60a-1361-4038-9b5b-8cb416051416@group-5DEEE22C8A53-LeaderElection33] INFO  server.RaftServerConfigKeys (ConfUtils.java:logGet(46)) - raft.server.write.element-limit = 1024 (custom)
2024-02-27 21:40:25,255 [7299b60a-1361-4038-9b5b-8cb416051416@group-5DEEE22C8A53-LeaderElection33] INFO  server.RaftServerConfigKeys (ConfUtils.java:logGet(46)) - raft.server.write.follower.gap.ratio.max = -1.0 (default)
2024-02-27 21:40:25,256 [7299b60a-1361-4038-9b5b-8cb416051416@group-5DEEE22C8A53-LeaderElection33] INFO  server.RaftServerConfigKeys (ConfUtils.java:logGet(46)) - raft.server.log.appender.snapshot.chunk.size.max = 16MB (=16777216) (default)
2024-02-27 21:40:25,256 [7299b60a-1361-4038-9b5b-8cb416051416@group-5DEEE22C8A53-LeaderElection33] INFO  server.RaftServerConfigKeys (ConfUtils.java:logGet(46)) - raft.server.log.appender.buffer.byte-limit = 8388608 (custom)
2024-02-27 21:40:25,256 [7299b60a-1361-4038-9b5b-8cb416051416@group-5DEEE22C8A53-LeaderElection33] INFO  server.RaftServerConfigKeys (ConfUtils.java:logGet(46)) - raft.server.log.appender.buffer.element-limit = 1 (custom)
2024-02-27 21:40:25,256 [7299b60a-1361-4038-9b5b-8cb416051416@group-5DEEE22C8A53-LeaderElection33] INFO  server.RaftServerConfigKeys (ConfUtils.java:logGet(46)) - raft.server.log.appender.wait-time.min = 0μs (custom)
2024-02-27 21:40:25,256 [7299b60a-1361-4038-9b5b-8cb416051416@group-5DEEE22C8A53-LeaderElection33] INFO  grpc.GrpcConfigKeys (ConfUtils.java:logGet(46)) - raft.grpc.server.leader.outstanding.appends.max = 8 (default)
2024-02-27 21:40:25,256 [7299b60a-1361-4038-9b5b-8cb416051416@group-5DEEE22C8A53-LeaderElection33] INFO  server.RaftServerConfigKeys (ConfUtils.java:logGet(46)) - raft.server.rpc.request.timeout = 60s (custom)
2024-02-27 21:40:25,256 [7299b60a-1361-4038-9b5b-8cb416051416@group-5DEEE22C8A53-LeaderElection33] INFO  grpc.GrpcConfigKeys (ConfUtils.java:logGet(46)) - raft.grpc.server.install_snapshot.request.element-limit = 8 (default)
2024-02-27 21:40:25,256 [7299b60a-1361-4038-9b5b-8cb416051416@group-5DEEE22C8A53-LeaderElection33] INFO  grpc.GrpcConfigKeys (ConfUtils.java:logGet(46)) - raft.grpc.server.install_snapshot.request.timeout = 3000ms (default)
2024-02-27 21:40:25,256 [7299b60a-1361-4038-9b5b-8cb416051416@group-5DEEE22C8A53-LeaderElection33] INFO  grpc.GrpcConfigKeys (ConfUtils.java:logGet(46)) - raft.grpc.server.log-message.batch.duration = 5s (default)
2024-02-27 21:40:25,256 [7299b60a-1361-4038-9b5b-8cb416051416@group-5DEEE22C8A53-LeaderElection33] INFO  server.RaftServerConfigKeys (ConfUtils.java:logGet(46)) - raft.server.log.appender.install.snapshot.enabled = false (custom)
2024-02-27 21:40:25,256 [7299b60a-1361-4038-9b5b-8cb416051416@group-5DEEE22C8A53-LeaderElection33] INFO  grpc.GrpcConfigKeys (ConfUtils.java:logGet(46)) - raft.grpc.server.heartbeat.channel = true (default)
2024-02-27 21:40:25,257 [7299b60a-1361-4038-9b5b-8cb416051416@group-5DEEE22C8A53-LeaderElection33] INFO  server.RaftServerConfigKeys (ConfUtils.java:logGet(46)) - raft.server.log.appender.snapshot.chunk.size.max = 16MB (=16777216) (default)
2024-02-27 21:40:25,257 [7299b60a-1361-4038-9b5b-8cb416051416@group-5DEEE22C8A53-LeaderElection33] INFO  server.RaftServerConfigKeys (ConfUtils.java:logGet(46)) - raft.server.log.appender.buffer.byte-limit = 8388608 (custom)
2024-02-27 21:40:25,257 [7299b60a-1361-4038-9b5b-8cb416051416@group-5DEEE22C8A53-LeaderElection33] INFO  server.RaftServerConfigKeys (ConfUtils.java:logGet(46)) - raft.server.log.appender.buffer.element-limit = 1 (custom)
2024-02-27 21:40:25,257 [7299b60a-1361-4038-9b5b-8cb416051416@group-5DEEE22C8A53-LeaderElection33] INFO  server.RaftServerConfigKeys (ConfUtils.java:logGet(46)) - raft.server.log.appender.wait-time.min = 0μs (custom)
2024-02-27 21:40:25,258 [7299b60a-1361-4038-9b5b-8cb416051416@group-5DEEE22C8A53-LeaderElection33] INFO  grpc.GrpcConfigKeys (ConfUtils.java:logGet(46)) - raft.grpc.server.leader.outstanding.appends.max = 8 (default)
2024-02-27 21:40:25,258 [7299b60a-1361-4038-9b5b-8cb416051416@group-5DEEE22C8A53-LeaderElection33] INFO  server.RaftServerConfigKeys (ConfUtils.java:logGet(46)) - raft.server.rpc.request.timeout = 60s (custom)
2024-02-27 21:40:25,258 [7299b60a-1361-4038-9b5b-8cb416051416@group-5DEEE22C8A53-LeaderElection33] INFO  grpc.GrpcConfigKeys (ConfUtils.java:logGet(46)) - raft.grpc.server.install_snapshot.request.element-limit = 8 (default)
2024-02-27 21:40:25,258 [7299b60a-1361-4038-9b5b-8cb416051416@group-5DEEE22C8A53-LeaderElection33] INFO  grpc.GrpcConfigKeys (ConfUtils.java:logGet(46)) - raft.grpc.server.install_snapshot.request.timeout = 3000ms (default)
2024-02-27 21:40:25,258 [7299b60a-1361-4038-9b5b-8cb416051416@group-5DEEE22C8A53-LeaderElection33] INFO  grpc.GrpcConfigKeys (ConfUtils.java:logGet(46)) - raft.grpc.server.log-message.batch.duration = 5s (default)
2024-02-27 21:40:25,258 [7299b60a-1361-4038-9b5b-8cb416051416@group-5DEEE22C8A53-LeaderElection33] INFO  server.RaftServerConfigKeys (ConfUtils.java:logGet(46)) - raft.server.log.appender.install.snapshot.enabled = false (custom)
2024-02-27 21:40:25,258 [7299b60a-1361-4038-9b5b-8cb416051416@group-5DEEE22C8A53-LeaderElection33] INFO  grpc.GrpcConfigKeys (ConfUtils.java:logGet(46)) - raft.grpc.server.heartbeat.channel = true (default)
2024-02-27 21:40:25,258 [7299b60a-1361-4038-9b5b-8cb416051416@group-5DEEE22C8A53-LeaderElection33] INFO  impl.RoleInfo (RoleInfo.java:updateAndGet(139)) - 7299b60a-1361-4038-9b5b-8cb416051416: start 7299b60a-1361-4038-9b5b-8cb416051416@group-5DEEE22C8A53-LeaderStateImpl
2024-02-27 21:40:25,258 [7299b60a-1361-4038-9b5b-8cb416051416@group-5DEEE22C8A53-LeaderElection33] INFO  server.RaftServer$Division (RaftServerImpl.java:setFirstElection(574)) - 7299b60a-1361-4038-9b5b-8cb416051416@group-5DEEE22C8A53: set firstElectionSinceStartup to false for becomeLeader
2024-02-27 21:40:25,258 [7299b60a-1361-4038-9b5b-8cb416051416@group-5DEEE22C8A53-LeaderElection33] INFO  ratis.XceiverServerRatis (XceiverServerRatis.java:handleLeaderChangedNotification(966)) - Leader change notification received for group: group-5DEEE22C8A53 with new leaderId: 7299b60a-1361-4038-9b5b-8cb416051416
2024-02-27 21:40:25,258 [7299b60a-1361-4038-9b5b-8cb416051416@group-5DEEE22C8A53-LeaderElection33] INFO  server.RaftServer$Division (ServerState.java:setLeader(269)) - 7299b60a-1361-4038-9b5b-8cb416051416@group-5DEEE22C8A53: change Leader from null to 7299b60a-1361-4038-9b5b-8cb416051416 at term 1 for becomeLeader, leader elected after 5241ms
2024-02-27 21:40:25,259 [7299b60a-1361-4038-9b5b-8cb416051416@group-5DEEE22C8A53-LeaderElection33] INFO  segmented.SegmentedRaftLogWorker (SegmentedRaftLogWorker.java:startLogSegment(430)) - 7299b60a-1361-4038-9b5b-8cb416051416@group-5DEEE22C8A53-SegmentedRaftLogWorker: Starting segment from index:0
2024-02-27 21:40:25,259 [7299b60a-1361-4038-9b5b-8cb416051416@group-5DEEE22C8A53-SegmentedRaftLogWorker] INFO  segmented.BufferedWriteChannel (BufferedWriteChannel.java:open(62)) - open log_inprogress_0 at position 0
2024-02-27 21:40:25,260 [EventQueue-PipelineReportForPipelineReportHandler] INFO  pipeline.PipelineReportHandler (PipelineReportHandler.java:processPipelineReport(136)) - Opened pipeline PipelineID=8a1a8f27-33c5-4349-acd6-5deee22c8a53
2024-02-27 21:40:25,258 [2818fa5f-cc14-4867-ab22-981a54c2b243@group-38A797F17613-LeaderElection36] INFO  impl.LeaderElection (LeaderElection.java:logAndReturn(89)) - 2818fa5f-cc14-4867-ab22-981a54c2b243@group-38A797F17613-LeaderElection36: PRE_VOTE PASSED received 1 response(s) and 0 exception(s):
2024-02-27 21:40:25,264 [7299b60a-1361-4038-9b5b-8cb416051416@group-5DEEE22C8A53-LeaderElection33] INFO  server.RaftServer$Division (ServerState.java:setRaftConf(386)) - 7299b60a-1361-4038-9b5b-8cb416051416@group-5DEEE22C8A53: set configuration 0: peers:[7299b60a-1361-4038-9b5b-8cb416051416|10.1.0.18:15129, 2818fa5f-cc14-4867-ab22-981a54c2b243|10.1.0.18:15138, 2da9303e-6724-4504-a4a5-d250e7d22259|10.1.0.18:15156]|listeners:[], old=null
2024-02-27 21:40:25,264 [e0fc16c3-8785-492f-95e3-5d2aafd0cf3f@group-38A797F17613-FollowerState] INFO  server.RaftServerConfigKeys (ConfUtils.java:logFallback(53)) - raft.server.rpc.first-election.timeout.min = 5s (fallback to raft.server.rpc.timeout.min)
2024-02-27 21:40:25,264 [e0fc16c3-8785-492f-95e3-5d2aafd0cf3f@group-38A797F17613-FollowerState] INFO  server.RaftServerConfigKeys (ConfUtils.java:logFallback(53)) - raft.server.rpc.first-election.timeout.max = 5200ms (fallback to raft.server.rpc.timeout.max)
2024-02-27 21:40:25,264 [2818fa5f-cc14-4867-ab22-981a54c2b243@group-38A797F17613-LeaderElection36] INFO  impl.LeaderElection (LeaderElection.java:logAndReturn(93)) -   Response 0: 2818fa5f-cc14-4867-ab22-981a54c2b243<-e0fc16c3-8785-492f-95e3-5d2aafd0cf3f#0:OK-t0
2024-02-27 21:40:25,264 [2818fa5f-cc14-4867-ab22-981a54c2b243@group-38A797F17613-LeaderElection36] INFO  impl.LeaderElection (LeaderElection.java:askForVotes(323)) - 2818fa5f-cc14-4867-ab22-981a54c2b243@group-38A797F17613-LeaderElection36 PRE_VOTE round 0: result PASSED
2024-02-27 21:40:25,268 [2da9303e-6724-4504-a4a5-d250e7d22259-server-thread1] INFO  ratis.XceiverServerRatis (XceiverServerRatis.java:handleLeaderChangedNotification(966)) - Leader change notification received for group: group-5DEEE22C8A53 with new leaderId: 7299b60a-1361-4038-9b5b-8cb416051416
2024-02-27 21:40:25,268 [2da9303e-6724-4504-a4a5-d250e7d22259-server-thread1] INFO  server.RaftServer$Division (ServerState.java:setLeader(269)) - 2da9303e-6724-4504-a4a5-d250e7d22259@group-5DEEE22C8A53: change Leader from null to 7299b60a-1361-4038-9b5b-8cb416051416 at term 1 for appendEntries, leader elected after 5257ms
2024-02-27 21:40:25,268 [2818fa5f-cc14-4867-ab22-981a54c2b243-server-thread1] INFO  ratis.XceiverServerRatis (XceiverServerRatis.java:handleLeaderChangedNotification(966)) - Leader change notification received for group: group-5DEEE22C8A53 with new leaderId: 7299b60a-1361-4038-9b5b-8cb416051416
2024-02-27 21:40:25,268 [2818fa5f-cc14-4867-ab22-981a54c2b243-server-thread1] INFO  server.RaftServer$Division (ServerState.java:setLeader(269)) - 2818fa5f-cc14-4867-ab22-981a54c2b243@group-5DEEE22C8A53: change Leader from null to 7299b60a-1361-4038-9b5b-8cb416051416 at term 1 for appendEntries, leader elected after 5276ms
2024-02-27 21:40:25,269 [2818fa5f-cc14-4867-ab22-981a54c2b243-server-thread2] INFO  server.RaftServer$Division (ServerState.java:setRaftConf(386)) - 2818fa5f-cc14-4867-ab22-981a54c2b243@group-5DEEE22C8A53: set configuration 0: peers:[7299b60a-1361-4038-9b5b-8cb416051416|10.1.0.18:15129, 2818fa5f-cc14-4867-ab22-981a54c2b243|10.1.0.18:15138, 2da9303e-6724-4504-a4a5-d250e7d22259|10.1.0.18:15156]|listeners:[], old=null
2024-02-27 21:40:25,270 [7299b60a-1361-4038-9b5b-8cb416051416@group-5DEEE22C8A53-SegmentedRaftLogWorker] INFO  segmented.SegmentedRaftLogWorker (SegmentedRaftLogWorker.java:execute(634)) - 7299b60a-1361-4038-9b5b-8cb416051416@group-5DEEE22C8A53-SegmentedRaftLogWorker: created new log segment /home/runner/work/ozone/ozone/hadoop-ozone/integration-test/target/test-dir/MiniOzoneClusterImpl-6e3a073c-9bdc-4deb-8550-ef77f821b5e4/ozone-meta/datanode-3/ratis/8a1a8f27-33c5-4349-acd6-5deee22c8a53/current/log_inprogress_0
2024-02-27 21:40:25,269 [2818fa5f-cc14-4867-ab22-981a54c2b243@group-38A797F17613-LeaderElection36] INFO  impl.LeaderElection (LeaderElection.java:askForVotes(321)) - 2818fa5f-cc14-4867-ab22-981a54c2b243@group-38A797F17613-LeaderElection36 ELECTION round 0: submit vote requests at term 1 for -1: peers:[7299b60a-1361-4038-9b5b-8cb416051416|10.1.0.18:15129, 2818fa5f-cc14-4867-ab22-981a54c2b243|10.1.0.18:15138, e0fc16c3-8785-492f-95e3-5d2aafd0cf3f|10.1.0.18:15111]|listeners:[], old=null
2024-02-27 21:40:25,269 [2da9303e-6724-4504-a4a5-d250e7d22259-server-thread2] INFO  server.RaftServer$Division (ServerState.java:setRaftConf(386)) - 2da9303e-6724-4504-a4a5-d250e7d22259@group-5DEEE22C8A53: set configuration 0: peers:[7299b60a-1361-4038-9b5b-8cb416051416|10.1.0.18:15129, 2818fa5f-cc14-4867-ab22-981a54c2b243|10.1.0.18:15138, 2da9303e-6724-4504-a4a5-d250e7d22259|10.1.0.18:15156]|listeners:[], old=null
2024-02-27 21:40:25,270 [2818fa5f-cc14-4867-ab22-981a54c2b243-server-thread2] INFO  segmented.SegmentedRaftLogWorker (SegmentedRaftLogWorker.java:startLogSegment(430)) - 2818fa5f-cc14-4867-ab22-981a54c2b243@group-5DEEE22C8A53-SegmentedRaftLogWorker: Starting segment from index:0
2024-02-27 21:40:25,270 [2da9303e-6724-4504-a4a5-d250e7d22259-server-thread2] INFO  segmented.SegmentedRaftLogWorker (SegmentedRaftLogWorker.java:startLogSegment(430)) - 2da9303e-6724-4504-a4a5-d250e7d22259@group-5DEEE22C8A53-SegmentedRaftLogWorker: Starting segment from index:0
2024-02-27 21:40:25,271 [2818fa5f-cc14-4867-ab22-981a54c2b243@group-5DEEE22C8A53-SegmentedRaftLogWorker] INFO  segmented.BufferedWriteChannel (BufferedWriteChannel.java:open(62)) - open log_inprogress_0 at position 0
2024-02-27 21:40:25,271 [2da9303e-6724-4504-a4a5-d250e7d22259@group-5DEEE22C8A53-SegmentedRaftLogWorker] INFO  segmented.BufferedWriteChannel (BufferedWriteChannel.java:open(62)) - open log_inprogress_0 at position 0
2024-02-27 21:40:25,276 [grpc-default-executor-2] INFO  server.RaftServer$Division (RaftServerImpl.java:requestVote(1389)) - 7299b60a-1361-4038-9b5b-8cb416051416@group-38A797F17613: receive requestVote(ELECTION, 2818fa5f-cc14-4867-ab22-981a54c2b243, group-38A797F17613, 1, (t:0, i:0))
2024-02-27 21:40:25,276 [grpc-default-executor-2] INFO  impl.VoteContext (VoteContext.java:log(49)) - 7299b60a-1361-4038-9b5b-8cb416051416@group-38A797F17613-FOLLOWER: accept ELECTION from 2818fa5f-cc14-4867-ab22-981a54c2b243: our priority 0 <= candidate's priority 1
2024-02-27 21:40:25,276 [grpc-default-executor-2] INFO  server.RaftServer$Division (RaftServerImpl.java:setRole(383)) - 7299b60a-1361-4038-9b5b-8cb416051416@group-38A797F17613: changes role from  FOLLOWER to FOLLOWER at term 1 for candidate:2818fa5f-cc14-4867-ab22-981a54c2b243
2024-02-27 21:40:25,276 [grpc-default-executor-2] INFO  impl.RoleInfo (RoleInfo.java:shutdownFollowerState(110)) - 7299b60a-1361-4038-9b5b-8cb416051416: shutdown 7299b60a-1361-4038-9b5b-8cb416051416@group-38A797F17613-FollowerState
2024-02-27 21:40:25,278 [2818fa5f-cc14-4867-ab22-981a54c2b243@group-38A797F17613-LeaderElection36] INFO  server.RaftServerConfigKeys (ConfUtils.java:logFallback(53)) - raft.server.rpc.first-election.timeout.min = 5s (fallback to raft.server.rpc.timeout.min)
2024-02-27 21:40:25,278 [grpc-default-executor-2] INFO  impl.RoleInfo (RoleInfo.java:updateAndGet(139)) - 7299b60a-1361-4038-9b5b-8cb416051416: start 7299b60a-1361-4038-9b5b-8cb416051416@group-38A797F17613-FollowerState
2024-02-27 21:40:25,278 [2818fa5f-cc14-4867-ab22-981a54c2b243@group-38A797F17613-LeaderElection36] INFO  server.RaftServerConfigKeys (ConfUtils.java:logFallback(53)) - raft.server.rpc.first-election.timeout.max = 5200ms (fallback to raft.server.rpc.timeout.max)
2024-02-27 21:40:25,279 [grpc-default-executor-2] INFO  server.RaftServer$Division (RaftServerImpl.java:setFirstElection(574)) - 7299b60a-1361-4038-9b5b-8cb416051416@group-38A797F17613: set firstElectionSinceStartup to false for candidate:2818fa5f-cc14-4867-ab22-981a54c2b243
2024-02-27 21:40:25,278 [7299b60a-1361-4038-9b5b-8cb416051416@group-38A797F17613-FollowerState] INFO  impl.FollowerState (FollowerState.java:run(152)) - 7299b60a-1361-4038-9b5b-8cb416051416@group-38A797F17613-FollowerState was interrupted
2024-02-27 21:40:25,282 [2818fa5f-cc14-4867-ab22-981a54c2b243@group-5DEEE22C8A53-SegmentedRaftLogWorker] INFO  segmented.SegmentedRaftLogWorker (SegmentedRaftLogWorker.java:execute(634)) - 2818fa5f-cc14-4867-ab22-981a54c2b243@group-5DEEE22C8A53-SegmentedRaftLogWorker: created new log segment /home/runner/work/ozone/ozone/hadoop-ozone/integration-test/target/test-dir/MiniOzoneClusterImpl-6e3a073c-9bdc-4deb-8550-ef77f821b5e4/ozone-meta/datanode-4/ratis/8a1a8f27-33c5-4349-acd6-5deee22c8a53/current/log_inprogress_0
2024-02-27 21:40:25,282 [grpc-default-executor-2] INFO  server.RaftServer$Division (RaftServerImpl.java:requestVote(1422)) - 7299b60a-1361-4038-9b5b-8cb416051416@group-38A797F17613 replies to ELECTION vote request: 2818fa5f-cc14-4867-ab22-981a54c2b243<-7299b60a-1361-4038-9b5b-8cb416051416#0:OK-t1. Peer's state: 7299b60a-1361-4038-9b5b-8cb416051416@group-38A797F17613:t1, leader=null, voted=2818fa5f-cc14-4867-ab22-981a54c2b243, raftlog=Memoized:7299b60a-1361-4038-9b5b-8cb416051416@group-38A797F17613-SegmentedRaftLog:OPENED:c-1, conf=-1: peers:[7299b60a-1361-4038-9b5b-8cb416051416|10.1.0.18:15129, 2818fa5f-cc14-4867-ab22-981a54c2b243|10.1.0.18:15138, e0fc16c3-8785-492f-95e3-5d2aafd0cf3f|10.1.0.18:15111]|listeners:[], old=null
2024-02-27 21:40:25,283 [2da9303e-6724-4504-a4a5-d250e7d22259@group-5DEEE22C8A53-SegmentedRaftLogWorker] INFO  segmented.SegmentedRaftLogWorker (SegmentedRaftLogWorker.java:execute(634)) - 2da9303e-6724-4504-a4a5-d250e7d22259@group-5DEEE22C8A53-SegmentedRaftLogWorker: created new log segment /home/runner/work/ozone/ozone/hadoop-ozone/integration-test/target/test-dir/MiniOzoneClusterImpl-6e3a073c-9bdc-4deb-8550-ef77f821b5e4/ozone-meta/datanode-6/ratis/8a1a8f27-33c5-4349-acd6-5deee22c8a53/current/log_inprogress_0
2024-02-27 21:40:25,283 [2818fa5f-cc14-4867-ab22-981a54c2b243@group-38A797F17613-LeaderElection36] INFO  impl.LeaderElection (LeaderElection.java:logAndReturn(89)) - 2818fa5f-cc14-4867-ab22-981a54c2b243@group-38A797F17613-LeaderElection36: ELECTION PASSED received 1 response(s) and 0 exception(s):
2024-02-27 21:40:25,283 [grpc-default-executor-6] INFO  server.RaftServer$Division (RaftServerImpl.java:requestVote(1389)) - e0fc16c3-8785-492f-95e3-5d2aafd0cf3f@group-38A797F17613: receive requestVote(ELECTION, 2818fa5f-cc14-4867-ab22-981a54c2b243, group-38A797F17613, 1, (t:0, i:0))
2024-02-27 21:40:25,283 [grpc-default-executor-6] INFO  impl.VoteContext (VoteContext.java:log(49)) - e0fc16c3-8785-492f-95e3-5d2aafd0cf3f@group-38A797F17613-FOLLOWER: accept ELECTION from 2818fa5f-cc14-4867-ab22-981a54c2b243: our priority 0 <= candidate's priority 1
2024-02-27 21:40:25,283 [grpc-default-executor-6] INFO  server.RaftServer$Division (RaftServerImpl.java:setRole(383)) - e0fc16c3-8785-492f-95e3-5d2aafd0cf3f@group-38A797F17613: changes role from  FOLLOWER to FOLLOWER at term 1 for candidate:2818fa5f-cc14-4867-ab22-981a54c2b243
2024-02-27 21:40:25,283 [grpc-default-executor-6] INFO  impl.RoleInfo (RoleInfo.java:shutdownFollowerState(110)) - e0fc16c3-8785-492f-95e3-5d2aafd0cf3f: shutdown e0fc16c3-8785-492f-95e3-5d2aafd0cf3f@group-38A797F17613-FollowerState
2024-02-27 21:40:25,283 [grpc-default-executor-6] INFO  impl.RoleInfo (RoleInfo.java:updateAndGet(139)) - e0fc16c3-8785-492f-95e3-5d2aafd0cf3f: start e0fc16c3-8785-492f-95e3-5d2aafd0cf3f@group-38A797F17613-FollowerState
2024-02-27 21:40:25,284 [e0fc16c3-8785-492f-95e3-5d2aafd0cf3f@group-38A797F17613-FollowerState] INFO  impl.FollowerState (FollowerState.java:run(152)) - e0fc16c3-8785-492f-95e3-5d2aafd0cf3f@group-38A797F17613-FollowerState was interrupted
2024-02-27 21:40:25,283 [2818fa5f-cc14-4867-ab22-981a54c2b243@group-38A797F17613-LeaderElection36] INFO  impl.LeaderElection (LeaderElection.java:logAndReturn(93)) -   Response 0: 2818fa5f-cc14-4867-ab22-981a54c2b243<-7299b60a-1361-4038-9b5b-8cb416051416#0:OK-t1
2024-02-27 21:40:25,284 [grpc-default-executor-6] INFO  server.RaftServer$Division (RaftServerImpl.java:setFirstElection(574)) - e0fc16c3-8785-492f-95e3-5d2aafd0cf3f@group-38A797F17613: set firstElectionSinceStartup to false for candidate:2818fa5f-cc14-4867-ab22-981a54c2b243
2024-02-27 21:40:25,284 [2818fa5f-cc14-4867-ab22-981a54c2b243@group-38A797F17613-LeaderElection36] INFO  impl.LeaderElection (LeaderElection.java:askForVotes(323)) - 2818fa5f-cc14-4867-ab22-981a54c2b243@group-38A797F17613-LeaderElection36 ELECTION round 0: result PASSED
2024-02-27 21:40:25,284 [2818fa5f-cc14-4867-ab22-981a54c2b243@group-38A797F17613-LeaderElection36] INFO  impl.RoleInfo (RoleInfo.java:shutdownLeaderElection(130)) - 2818fa5f-cc14-4867-ab22-981a54c2b243: shutdown 2818fa5f-cc14-4867-ab22-981a54c2b243@group-38A797F17613-LeaderElection36
2024-02-27 21:40:25,284 [2818fa5f-cc14-4867-ab22-981a54c2b243@group-38A797F17613-LeaderElection36] INFO  server.RaftServer$Division (RaftServerImpl.java:setRole(383)) - 2818fa5f-cc14-4867-ab22-981a54c2b243@group-38A797F17613: changes role from CANDIDATE to LEADER at term 1 for changeToLeader
2024-02-27 21:40:25,284 [2818fa5f-cc14-4867-ab22-981a54c2b243@group-38A797F17613-LeaderElection36] INFO  server.RaftServerConfigKeys (ConfUtils.java:logGet(46)) - raft.server.staging.catchup.gap = 1000 (default)
2024-02-27 21:40:25,285 [2818fa5f-cc14-4867-ab22-981a54c2b243@group-38A797F17613-LeaderElection36] INFO  server.RaftServerConfigKeys (ConfUtils.java:logGet(46)) - raft.server.write.element-limit = 1024 (custom)
2024-02-27 21:40:25,285 [2818fa5f-cc14-4867-ab22-981a54c2b243@group-38A797F17613-LeaderElection36] INFO  server.RaftServerConfigKeys (ConfUtils.java:logGet(46)) - raft.server.write.byte-limit = 1024 M (=1073741824) (custom)
2024-02-27 21:40:25,285 [2818fa5f-cc14-4867-ab22-981a54c2b243@group-38A797F17613-LeaderElection36] INFO  server.RaftServerConfigKeys (ConfUtils.java:logGet(46)) - raft.server.watch.timeout = 180s (custom)
2024-02-27 21:40:25,285 [2818fa5f-cc14-4867-ab22-981a54c2b243@group-38A797F17613-LeaderElection36] INFO  server.RaftServerConfigKeys (ConfUtils.java:logGet(46)) - raft.server.watch.timeout.denomination = 1s (default)
2024-02-27 21:40:25,285 [2818fa5f-cc14-4867-ab22-981a54c2b243@group-38A797F17613-LeaderElection36] INFO  server.RaftServerConfigKeys (ConfUtils.java:logGet(46)) - raft.server.watch.element-limit = 65536 (default)
2024-02-27 21:40:25,285 [2818fa5f-cc14-4867-ab22-981a54c2b243@group-38A797F17613-LeaderElection36] INFO  server.RaftServerConfigKeys (ConfUtils.java:logGet(46)) - raft.server.read.leader.lease.enabled = false (default)
2024-02-27 21:40:25,285 [2818fa5f-cc14-4867-ab22-981a54c2b243@group-38A797F17613-LeaderElection36] INFO  server.RaftServerConfigKeys (ConfUtils.java:logGet(46)) - raft.server.read.leader.lease.timeout.ratio = 0.9 (default)
2024-02-27 21:40:25,285 [2818fa5f-cc14-4867-ab22-981a54c2b243@group-38A797F17613-LeaderElection36] INFO  server.RaftServerConfigKeys (ConfUtils.java:logGet(46)) - raft.server.rpc.timeout.min = 5s (custom)
2024-02-27 21:40:25,285 [2818fa5f-cc14-4867-ab22-981a54c2b243@group-38A797F17613-LeaderElection36] INFO  server.RaftServerConfigKeys (ConfUtils.java:logGet(46)) - raft.server.write.element-limit = 1024 (custom)
2024-02-27 21:40:25,285 [2818fa5f-cc14-4867-ab22-981a54c2b243@group-38A797F17613-LeaderElection36] INFO  server.RaftServerConfigKeys (ConfUtils.java:logGet(46)) - raft.server.write.follower.gap.ratio.max = -1.0 (default)
2024-02-27 21:40:25,286 [2818fa5f-cc14-4867-ab22-981a54c2b243@group-38A797F17613-LeaderElection36] INFO  server.RaftServerConfigKeys (ConfUtils.java:logGet(46)) - raft.server.log.appender.snapshot.chunk.size.max = 16MB (=16777216) (default)
2024-02-27 21:40:25,286 [grpc-default-executor-6] INFO  server.RaftServer$Division (RaftServerImpl.java:requestVote(1422)) - e0fc16c3-8785-492f-95e3-5d2aafd0cf3f@group-38A797F17613 replies to ELECTION vote request: 2818fa5f-cc14-4867-ab22-981a54c2b243<-e0fc16c3-8785-492f-95e3-5d2aafd0cf3f#0:OK-t1. Peer's state: e0fc16c3-8785-492f-95e3-5d2aafd0cf3f@group-38A797F17613:t1, leader=null, voted=2818fa5f-cc14-4867-ab22-981a54c2b243, raftlog=Memoized:e0fc16c3-8785-492f-95e3-5d2aafd0cf3f@group-38A797F17613-SegmentedRaftLog:OPENED:c-1, conf=-1: peers:[7299b60a-1361-4038-9b5b-8cb416051416|10.1.0.18:15129, 2818fa5f-cc14-4867-ab22-981a54c2b243|10.1.0.18:15138, e0fc16c3-8785-492f-95e3-5d2aafd0cf3f|10.1.0.18:15111]|listeners:[], old=null
2024-02-27 21:40:25,286 [2818fa5f-cc14-4867-ab22-981a54c2b243@group-38A797F17613-LeaderElection36] INFO  server.RaftServerConfigKeys (ConfUtils.java:logGet(46)) - raft.server.log.appender.buffer.byte-limit = 8388608 (custom)
2024-02-27 21:40:25,286 [2818fa5f-cc14-4867-ab22-981a54c2b243@group-38A797F17613-LeaderElection36] INFO  server.RaftServerConfigKeys (ConfUtils.java:logGet(46)) - raft.server.log.appender.buffer.element-limit = 1 (custom)
2024-02-27 21:40:25,286 [7299b60a-1361-4038-9b5b-8cb416051416@group-5DEEE22C8A53-StateMachineUpdater] INFO  server.RaftServer$Division (LeaderStateImpl.java:isApplied(320)) - leader is ready since appliedIndex == 0 >= startIndex == 0
2024-02-27 21:40:25,286 [2818fa5f-cc14-4867-ab22-981a54c2b243@group-38A797F17613-LeaderElection36] INFO  server.RaftServerConfigKeys (ConfUtils.java:logGet(46)) - raft.server.log.appender.wait-time.min = 0μs (custom)
2024-02-27 21:40:25,287 [2818fa5f-cc14-4867-ab22-981a54c2b243@group-38A797F17613-LeaderElection36] INFO  grpc.GrpcConfigKeys (ConfUtils.java:logGet(46)) - raft.grpc.server.leader.outstanding.appends.max = 8 (default)
2024-02-27 21:40:25,287 [2818fa5f-cc14-4867-ab22-981a54c2b243@group-38A797F17613-LeaderElection36] INFO  server.RaftServerConfigKeys (ConfUtils.java:logGet(46)) - raft.server.rpc.request.timeout = 60s (custom)
2024-02-27 21:40:25,287 [2818fa5f-cc14-4867-ab22-981a54c2b243@group-38A797F17613-LeaderElection36] INFO  grpc.GrpcConfigKeys (ConfUtils.java:logGet(46)) - raft.grpc.server.install_snapshot.request.element-limit = 8 (default)
2024-02-27 21:40:25,287 [2818fa5f-cc14-4867-ab22-981a54c2b243@group-38A797F17613-LeaderElection36] INFO  grpc.GrpcConfigKeys (ConfUtils.java:logGet(46)) - raft.grpc.server.install_snapshot.request.timeout = 3000ms (default)
2024-02-27 21:40:25,288 [2818fa5f-cc14-4867-ab22-981a54c2b243@group-38A797F17613-LeaderElection36] INFO  grpc.GrpcConfigKeys (ConfUtils.java:logGet(46)) - raft.grpc.server.log-message.batch.duration = 5s (default)
2024-02-27 21:40:25,288 [2818fa5f-cc14-4867-ab22-981a54c2b243@group-38A797F17613-LeaderElection36] INFO  server.RaftServerConfigKeys (ConfUtils.java:logGet(46)) - raft.server.log.appender.install.snapshot.enabled = false (custom)
2024-02-27 21:40:25,288 [2818fa5f-cc14-4867-ab22-981a54c2b243@group-38A797F17613-LeaderElection36] INFO  grpc.GrpcConfigKeys (ConfUtils.java:logGet(46)) - raft.grpc.server.heartbeat.channel = true (default)
2024-02-27 21:40:25,288 [2818fa5f-cc14-4867-ab22-981a54c2b243@group-38A797F17613-LeaderElection36] INFO  server.RaftServerConfigKeys (ConfUtils.java:logGet(46)) - raft.server.log.appender.snapshot.chunk.size.max = 16MB (=16777216) (default)
2024-02-27 21:40:25,289 [2818fa5f-cc14-4867-ab22-981a54c2b243@group-38A797F17613-LeaderElection36] INFO  server.RaftServerConfigKeys (ConfUtils.java:logGet(46)) - raft.server.log.appender.buffer.byte-limit = 8388608 (custom)
2024-02-27 21:40:25,289 [2818fa5f-cc14-4867-ab22-981a54c2b243@group-38A797F17613-LeaderElection36] INFO  server.RaftServerConfigKeys (ConfUtils.java:logGet(46)) - raft.server.log.appender.buffer.element-limit = 1 (custom)
2024-02-27 21:40:25,289 [2818fa5f-cc14-4867-ab22-981a54c2b243@group-38A797F17613-LeaderElection36] INFO  server.RaftServerConfigKeys (ConfUtils.java:logGet(46)) - raft.server.log.appender.wait-time.min = 0μs (custom)
2024-02-27 21:40:25,289 [2818fa5f-cc14-4867-ab22-981a54c2b243@group-38A797F17613-LeaderElection36] INFO  grpc.GrpcConfigKeys (ConfUtils.java:logGet(46)) - raft.grpc.server.leader.outstanding.appends.max = 8 (default)
2024-02-27 21:40:25,289 [2818fa5f-cc14-4867-ab22-981a54c2b243@group-38A797F17613-LeaderElection36] INFO  server.RaftServerConfigKeys (ConfUtils.java:logGet(46)) - raft.server.rpc.request.timeout = 60s (custom)
2024-02-27 21:40:25,289 [2818fa5f-cc14-4867-ab22-981a54c2b243@group-38A797F17613-LeaderElection36] INFO  grpc.GrpcConfigKeys (ConfUtils.java:logGet(46)) - raft.grpc.server.install_snapshot.request.element-limit = 8 (default)
2024-02-27 21:40:25,289 [2818fa5f-cc14-4867-ab22-981a54c2b243@group-38A797F17613-LeaderElection36] INFO  grpc.GrpcConfigKeys (ConfUtils.java:logGet(46)) - raft.grpc.server.install_snapshot.request.timeout = 3000ms (default)
2024-02-27 21:40:25,289 [2818fa5f-cc14-4867-ab22-981a54c2b243@group-38A797F17613-LeaderElection36] INFO  grpc.GrpcConfigKeys (ConfUtils.java:logGet(46)) - raft.grpc.server.log-message.batch.duration = 5s (default)
2024-02-27 21:40:25,289 [2818fa5f-cc14-4867-ab22-981a54c2b243@group-38A797F17613-LeaderElection36] INFO  server.RaftServerConfigKeys (ConfUtils.java:logGet(46)) - raft.server.log.appender.install.snapshot.enabled = false (custom)
2024-02-27 21:40:25,289 [2818fa5f-cc14-4867-ab22-981a54c2b243@group-38A797F17613-LeaderElection36] INFO  grpc.GrpcConfigKeys (ConfUtils.java:logGet(46)) - raft.grpc.server.heartbeat.channel = true (default)
2024-02-27 21:40:25,289 [2818fa5f-cc14-4867-ab22-981a54c2b243@group-38A797F17613-LeaderElection36] INFO  impl.RoleInfo (RoleInfo.java:updateAndGet(139)) - 2818fa5f-cc14-4867-ab22-981a54c2b243: start 2818fa5f-cc14-4867-ab22-981a54c2b243@group-38A797F17613-LeaderStateImpl
2024-02-27 21:40:25,289 [2818fa5f-cc14-4867-ab22-981a54c2b243@group-38A797F17613-LeaderElection36] INFO  server.RaftServer$Division (RaftServerImpl.java:setFirstElection(574)) - 2818fa5f-cc14-4867-ab22-981a54c2b243@group-38A797F17613: set firstElectionSinceStartup to false for becomeLeader
2024-02-27 21:40:25,289 [2818fa5f-cc14-4867-ab22-981a54c2b243@group-38A797F17613-LeaderElection36] INFO  ratis.XceiverServerRatis (XceiverServerRatis.java:handleLeaderChangedNotification(966)) - Leader change notification received for group: group-38A797F17613 with new leaderId: 2818fa5f-cc14-4867-ab22-981a54c2b243
2024-02-27 21:40:25,290 [2818fa5f-cc14-4867-ab22-981a54c2b243@group-38A797F17613-LeaderElection36] INFO  server.RaftServer$Division (ServerState.java:setLeader(269)) - 2818fa5f-cc14-4867-ab22-981a54c2b243@group-38A797F17613: change Leader from null to 2818fa5f-cc14-4867-ab22-981a54c2b243 at term 1 for becomeLeader, leader elected after 5215ms
2024-02-27 21:40:25,291 [2818fa5f-cc14-4867-ab22-981a54c2b243@group-38A797F17613-LeaderElection36] INFO  segmented.SegmentedRaftLogWorker (SegmentedRaftLogWorker.java:startLogSegment(430)) - 2818fa5f-cc14-4867-ab22-981a54c2b243@group-38A797F17613-SegmentedRaftLogWorker: Starting segment from index:0
2024-02-27 21:40:25,291 [2818fa5f-cc14-4867-ab22-981a54c2b243@group-38A797F17613-SegmentedRaftLogWorker] INFO  segmented.BufferedWriteChannel (BufferedWriteChannel.java:open(62)) - open log_inprogress_0 at position 0
2024-02-27 21:40:25,293 [2818fa5f-cc14-4867-ab22-981a54c2b243@group-38A797F17613-LeaderElection36] INFO  server.RaftServer$Division (ServerState.java:setRaftConf(386)) - 2818fa5f-cc14-4867-ab22-981a54c2b243@group-38A797F17613: set configuration 0: peers:[7299b60a-1361-4038-9b5b-8cb416051416|10.1.0.18:15129, 2818fa5f-cc14-4867-ab22-981a54c2b243|10.1.0.18:15138, e0fc16c3-8785-492f-95e3-5d2aafd0cf3f|10.1.0.18:15111]|listeners:[], old=null
2024-02-27 21:40:25,294 [EventQueue-PipelineReportForPipelineReportHandler] INFO  pipeline.PipelineReportHandler (PipelineReportHandler.java:processPipelineReport(136)) - Opened pipeline PipelineID=bb1f1dd2-6739-43a3-b96a-38a797f17613
2024-02-27 21:40:25,298 [2818fa5f-cc14-4867-ab22-981a54c2b243@group-38A797F17613-SegmentedRaftLogWorker] INFO  segmented.SegmentedRaftLogWorker (SegmentedRaftLogWorker.java:execute(634)) - 2818fa5f-cc14-4867-ab22-981a54c2b243@group-38A797F17613-SegmentedRaftLogWorker: created new log segment /home/runner/work/ozone/ozone/hadoop-ozone/integration-test/target/test-dir/MiniOzoneClusterImpl-6e3a073c-9bdc-4deb-8550-ef77f821b5e4/ozone-meta/datanode-4/ratis/bb1f1dd2-6739-43a3-b96a-38a797f17613/current/log_inprogress_0
2024-02-27 21:40:25,298 [e0fc16c3-8785-492f-95e3-5d2aafd0cf3f-server-thread1] INFO  ratis.XceiverServerRatis (XceiverServerRatis.java:handleLeaderChangedNotification(966)) - Leader change notification received for group: group-38A797F17613 with new leaderId: 2818fa5f-cc14-4867-ab22-981a54c2b243
2024-02-27 21:40:25,298 [e0fc16c3-8785-492f-95e3-5d2aafd0cf3f-server-thread1] INFO  server.RaftServer$Division (ServerState.java:setLeader(269)) - e0fc16c3-8785-492f-95e3-5d2aafd0cf3f@group-38A797F17613: change Leader from null to 2818fa5f-cc14-4867-ab22-981a54c2b243 at term 1 for appendEntries, leader elected after 5200ms
2024-02-27 21:40:25,303 [e0fc16c3-8785-492f-95e3-5d2aafd0cf3f-server-thread2] INFO  server.RaftServer$Division (ServerState.java:setRaftConf(386)) - e0fc16c3-8785-492f-95e3-5d2aafd0cf3f@group-38A797F17613: set configuration 0: peers:[7299b60a-1361-4038-9b5b-8cb416051416|10.1.0.18:15129, 2818fa5f-cc14-4867-ab22-981a54c2b243|10.1.0.18:15138, e0fc16c3-8785-492f-95e3-5d2aafd0cf3f|10.1.0.18:15111]|listeners:[], old=null
2024-02-27 21:40:25,303 [e0fc16c3-8785-492f-95e3-5d2aafd0cf3f-server-thread2] INFO  segmented.SegmentedRaftLogWorker (SegmentedRaftLogWorker.java:startLogSegment(430)) - e0fc16c3-8785-492f-95e3-5d2aafd0cf3f@group-38A797F17613-SegmentedRaftLogWorker: Starting segment from index:0
2024-02-27 21:40:25,304 [7299b60a-1361-4038-9b5b-8cb416051416-server-thread1] INFO  ratis.XceiverServerRatis (XceiverServerRatis.java:handleLeaderChangedNotification(966)) - Leader change notification received for group: group-38A797F17613 with new leaderId: 2818fa5f-cc14-4867-ab22-981a54c2b243
2024-02-27 21:40:25,305 [7299b60a-1361-4038-9b5b-8cb416051416-server-thread1] INFO  server.RaftServer$Division (ServerState.java:setLeader(269)) - 7299b60a-1361-4038-9b5b-8cb416051416@group-38A797F17613: change Leader from null to 2818fa5f-cc14-4867-ab22-981a54c2b243 at term 1 for appendEntries, leader elected after 5189ms
2024-02-27 21:40:25,307 [e0fc16c3-8785-492f-95e3-5d2aafd0cf3f@group-38A797F17613-SegmentedRaftLogWorker] INFO  segmented.BufferedWriteChannel (BufferedWriteChannel.java:open(62)) - open log_inprogress_0 at position 0
2024-02-27 21:40:25,308 [7299b60a-1361-4038-9b5b-8cb416051416-server-thread2] INFO  server.RaftServer$Division (ServerState.java:setRaftConf(386)) - 7299b60a-1361-4038-9b5b-8cb416051416@group-38A797F17613: set configuration 0: peers:[7299b60a-1361-4038-9b5b-8cb416051416|10.1.0.18:15129, 2818fa5f-cc14-4867-ab22-981a54c2b243|10.1.0.18:15138, e0fc16c3-8785-492f-95e3-5d2aafd0cf3f|10.1.0.18:15111]|listeners:[], old=null
2024-02-27 21:40:25,309 [7299b60a-1361-4038-9b5b-8cb416051416-server-thread2] INFO  segmented.SegmentedRaftLogWorker (SegmentedRaftLogWorker.java:startLogSegment(430)) - 7299b60a-1361-4038-9b5b-8cb416051416@group-38A797F17613-SegmentedRaftLogWorker: Starting segment from index:0
2024-02-27 21:40:25,309 [7299b60a-1361-4038-9b5b-8cb416051416@group-38A797F17613-SegmentedRaftLogWorker] INFO  segmented.BufferedWriteChannel (BufferedWriteChannel.java:open(62)) - open log_inprogress_0 at position 0
2024-02-27 21:40:25,318 [e0fc16c3-8785-492f-95e3-5d2aafd0cf3f@group-38A797F17613-SegmentedRaftLogWorker] INFO  segmented.SegmentedRaftLogWorker (SegmentedRaftLogWorker.java:execute(634)) - e0fc16c3-8785-492f-95e3-5d2aafd0cf3f@group-38A797F17613-SegmentedRaftLogWorker: created new log segment /home/runner/work/ozone/ozone/hadoop-ozone/integration-test/target/test-dir/MiniOzoneClusterImpl-6e3a073c-9bdc-4deb-8550-ef77f821b5e4/ozone-meta/datanode-1/ratis/bb1f1dd2-6739-43a3-b96a-38a797f17613/current/log_inprogress_0
2024-02-27 21:40:25,318 [7299b60a-1361-4038-9b5b-8cb416051416@group-38A797F17613-SegmentedRaftLogWorker] INFO  segmented.SegmentedRaftLogWorker (SegmentedRaftLogWorker.java:execute(634)) - 7299b60a-1361-4038-9b5b-8cb416051416@group-38A797F17613-SegmentedRaftLogWorker: created new log segment /home/runner/work/ozone/ozone/hadoop-ozone/integration-test/target/test-dir/MiniOzoneClusterImpl-6e3a073c-9bdc-4deb-8550-ef77f821b5e4/ozone-meta/datanode-3/ratis/bb1f1dd2-6739-43a3-b96a-38a797f17613/current/log_inprogress_0
2024-02-27 21:40:25,321 [2818fa5f-cc14-4867-ab22-981a54c2b243@group-38A797F17613-StateMachineUpdater] INFO  server.RaftServer$Division (LeaderStateImpl.java:isApplied(320)) - leader is ready since appliedIndex == 0 >= startIndex == 0
2024-02-27 21:40:25,324 [main] INFO  ozone.MiniOzoneClusterImpl (MiniOzoneClusterImpl.java:stop(413)) - Stopping the Mini Ozone Cluster
2024-02-27 21:40:25,324 [main] INFO  om.OzoneManager (OzoneManager.java:stop(2203)) - om1[localhost:15101]: Stopping Ozone Manager
2024-02-27 21:40:25,324 [main] INFO  ipc.Server (Server.java:stop(3523)) - Stopping server on 15101
2024-02-27 21:40:25,327 [IPC Server listener on 15101] INFO  ipc.Server (Server.java:run(1434)) - Stopping IPC Server listener on 15101
2024-02-27 21:40:25,327 [IPC Server Responder] INFO  ipc.Server (Server.java:run(1567)) - Stopping IPC Server Responder
2024-02-27 21:40:25,328 [main] INFO  ratis.OzoneManagerRatisServer (OzoneManagerRatisServer.java:stop(594)) - Stopping org.apache.hadoop.ozone.om.ratis.OzoneManagerRatisServer@108bac3c at port 15104
2024-02-27 21:40:25,328 [main] INFO  server.RaftServer (RaftServerProxy.java:lambda$close$9(416)) - om1: close
2024-02-27 21:40:25,331 [main] INFO  server.GrpcService (GrpcService.java:closeImpl(311)) - om1: shutdown server GrpcServerProtocolService now
2024-02-27 21:40:25,331 [om1-impl-thread1] INFO  server.RaftServer$Division (RaftServerImpl.java:lambda$close$3(526)) - om1@group-C5BA1605619E: shutdown
2024-02-27 21:40:25,332 [om1-impl-thread1] INFO  util.JmxRegister (JmxRegister.java:unregister(73)) - Successfully un-registered JMX Bean with object name Ratis:service=RaftServer,group=group-C5BA1605619E,id=om1
2024-02-27 21:40:25,332 [om1-impl-thread1] INFO  impl.RoleInfo (RoleInfo.java:shutdownLeaderState(94)) - om1: shutdown om1@group-C5BA1605619E-LeaderStateImpl
2024-02-27 21:40:25,332 [om1-impl-thread1] INFO  impl.PendingRequests (PendingRequests.java:sendNotLeaderResponses(289)) - om1@group-C5BA1605619E-PendingRequests: sendNotLeaderResponses
2024-02-27 21:40:25,332 [main] INFO  server.GrpcService (GrpcService.java:closeImpl(320)) - om1: shutdown server GrpcServerProtocolService successfully
2024-02-27 21:40:25,332 [om1-impl-thread1] INFO  impl.StateMachineUpdater (StateMachineUpdater.java:stopAndJoin(157)) - om1@group-C5BA1605619E-StateMachineUpdater: set stopIndex = 0
2024-02-27 21:40:25,332 [om1@group-C5BA1605619E-StateMachineUpdater] INFO  ratis.OzoneManagerStateMachine (OzoneManagerStateMachine.java:takeSnapshotImpl(469)) -  applied = (t:0, i:~)
2024-02-27 21:40:25,332 [om1@group-C5BA1605619E-StateMachineUpdater] INFO  ratis.OzoneManagerStateMachine (OzoneManagerStateMachine.java:takeSnapshotImpl(470)) -  skipped = -1
2024-02-27 21:40:25,332 [om1@group-C5BA1605619E-StateMachineUpdater] INFO  ratis.OzoneManagerStateMachine (OzoneManagerStateMachine.java:takeSnapshotImpl(471)) - notified = (t:1, i:0)
2024-02-27 21:40:25,332 [om1@group-C5BA1605619E-StateMachineUpdater] INFO  ratis.OzoneManagerStateMachine (OzoneManagerStateMachine.java:takeSnapshotImpl(472)) - snapshot = (t:1, i:0)
2024-02-27 21:40:25,341 [om1@group-C5BA1605619E-StateMachineUpdater] INFO  impl.StateMachineUpdater (StateMachineUpdater.java:takeSnapshot(295)) - om1@group-C5BA1605619E-StateMachineUpdater: Took a snapshot at index 0
2024-02-27 21:40:25,341 [om1@group-C5BA1605619E-StateMachineUpdater] INFO  impl.StateMachineUpdater (StateMachineUpdater.java:lambda$new$0(98)) - om1@group-C5BA1605619E-StateMachineUpdater: snapshotIndex: updateIncreasingly -1 -> 0
2024-02-27 21:40:25,341 [om1@group-C5BA1605619E-StateMachineUpdater] INFO  ratis.OzoneManagerStateMachine (OzoneManagerStateMachine.java:close(515)) - Stopping OzoneManagerStateMachine:om1:group-C5BA1605619E.
2024-02-27 21:40:25,341 [om1@group-C5BA1605619E-StateMachineUpdater] INFO  ratis.OzoneManagerDoubleBuffer (OzoneManagerDoubleBuffer.java:stopDaemon(514)) - Stopping OMDoubleBuffer flush thread
2024-02-27 21:40:25,341 [om1-OMDoubleBufferFlushThread] INFO  ratis.OzoneManagerDoubleBuffer (OzoneManagerDoubleBuffer.java:canFlush(578)) - OMDoubleBuffer flush thread om1-OMDoubleBufferFlushThread is interrupted and will exit.
2024-02-27 21:40:25,344 [om1-impl-thread1] INFO  server.RaftServer$Division (ServerState.java:close(427)) - om1@group-C5BA1605619E: applyIndex: -1
2024-02-27 21:40:25,344 [om1@group-C5BA1605619E-cacheEviction-AwaitToRun] INFO  util.AwaitToRun (AwaitToRun.java:run(49)) - om1@group-C5BA1605619E-cacheEviction-AwaitToRun-AwaitForSignal is interrupted
2024-02-27 21:40:25,471 [om1-impl-thread1] INFO  segmented.SegmentedRaftLogWorker (SegmentedRaftLogWorker.java:close(245)) - om1@group-C5BA1605619E-SegmentedRaftLogWorker close()
2024-02-27 21:40:25,471 [JvmPauseMonitor14] INFO  util.JvmPauseMonitor (JvmPauseMonitor.java:run(152)) - JvmPauseMonitor-om1: Stopped
2024-02-27 21:40:25,471 [main] INFO  utils.BackgroundService (BackgroundService.java:shutdown(160)) - Shutting down service KeyDeletingService
2024-02-27 21:40:25,472 [main] INFO  utils.BackgroundService (BackgroundService.java:shutdown(160)) - Shutting down service DirectoryDeletingService
2024-02-27 21:40:25,472 [main] INFO  utils.BackgroundService (BackgroundService.java:shutdown(160)) - Shutting down service OpenKeyCleanupService
2024-02-27 21:40:25,472 [main] INFO  utils.BackgroundService (BackgroundService.java:shutdown(160)) - Shutting down service SstFilteringService
2024-02-27 21:40:25,472 [main] INFO  utils.BackgroundService (BackgroundService.java:shutdown(160)) - Shutting down service SnapshotDeletingService
2024-02-27 21:40:25,472 [main] INFO  utils.BackgroundService (BackgroundService.java:shutdown(160)) - Shutting down service MultipartUploadCleanupService
2024-02-27 21:40:25,473 [main] INFO  utils.BackgroundService (BackgroundService.java:shutdown(160)) - Shutting down service SnapshotDirectoryCleaningService
2024-02-27 21:40:25,473 [main] INFO  handler.ContextHandler (ContextHandler.java:doStop(1159)) - Stopped o.e.j.w.WebAppContext@66619114{ozoneManager,/,null,STOPPED}{file:/home/runner/work/ozone/ozone/hadoop-ozone/integration-test/target/test-classes/webapps/ozoneManager}
2024-02-27 21:40:25,474 [main] INFO  server.AbstractConnector (AbstractConnector.java:doStop(383)) - Stopped ServerConnector@1f05158e{HTTP/1.1, (http/1.1)}{0.0.0.0:15102}
2024-02-27 21:40:25,474 [main] INFO  server.session (HouseKeeper.java:stopScavenging(149)) - node0 Stopped scavenging
2024-02-27 21:40:25,474 [main] INFO  handler.ContextHandler (ContextHandler.java:doStop(1159)) - Stopped o.e.j.s.ServletContextHandler@7c7a1f75{static,/static,file:///home/runner/work/ozone/ozone/hadoop-ozone/integration-test/target/test-classes/webapps/static,STOPPED}
2024-02-27 21:40:25,474 [main] INFO  handler.ContextHandler (ContextHandler.java:doStop(1159)) - Stopped o.e.j.s.ServletContextHandler@5d643e39{logs,/logs,file:///home/runner/work/ozone/ozone/hadoop-ozone/integration-test/target/log,STOPPED}
2024-02-27 21:40:25,475 [main] INFO  rocksdiff.RocksDBCheckpointDiffer (RocksDBCheckpointDiffer.java:close(310)) - Shutting down CompactionDagPruningService.
2024-02-27 21:40:25,476 [main] INFO  snapshot.SnapshotDiffManager (SnapshotDiffManager.java:closeExecutorService(1657)) - Shutting down executorService: 'SnapDiffExecutor'
2024-02-27 21:40:25,476 [main] INFO  utils.BackgroundService (BackgroundService.java:shutdown(160)) - Shutting down service SnapshotDiffCleanupService
2024-02-27 21:40:25,477 [main] INFO  ozone.MiniOzoneClusterImpl (MiniOzoneClusterImpl.java:stopDatanodes(472)) - Stopping the HddsDatanodes
2024-02-27 21:40:25,481 [ForkJoinPool.commonPool-worker-4] INFO  ozoneimpl.OzoneContainer (OzoneContainer.java:stop(481)) - Attempting to stop container services.
2024-02-27 21:40:25,482 [ForkJoinPool.commonPool-worker-4] INFO  server.RaftServer (RaftServerProxy.java:lambda$close$9(416)) - e0fc16c3-8785-492f-95e3-5d2aafd0cf3f: close
2024-02-27 21:40:25,482 [e0fc16c3-8785-492f-95e3-5d2aafd0cf3f-impl-thread1] INFO  server.RaftServer$Division (RaftServerImpl.java:lambda$close$3(526)) - e0fc16c3-8785-492f-95e3-5d2aafd0cf3f@group-804B6B9C10BF: shutdown
2024-02-27 21:40:25,482 [e0fc16c3-8785-492f-95e3-5d2aafd0cf3f-impl-thread1] INFO  util.JmxRegister (JmxRegister.java:unregister(73)) - Successfully un-registered JMX Bean with object name Ratis:service=RaftServer,group=group-804B6B9C10BF,id=e0fc16c3-8785-492f-95e3-5d2aafd0cf3f
2024-02-27 21:40:25,482 [e0fc16c3-8785-492f-95e3-5d2aafd0cf3f-impl-thread1] INFO  impl.RoleInfo (RoleInfo.java:shutdownLeaderState(94)) - e0fc16c3-8785-492f-95e3-5d2aafd0cf3f: shutdown e0fc16c3-8785-492f-95e3-5d2aafd0cf3f@group-804B6B9C10BF-LeaderStateImpl
2024-02-27 21:40:25,482 [e0fc16c3-8785-492f-95e3-5d2aafd0cf3f-impl-thread3] INFO  server.RaftServer$Division (RaftServerImpl.java:lambda$close$3(526)) - e0fc16c3-8785-492f-95e3-5d2aafd0cf3f@group-E6BBE2641B90: shutdown
2024-02-27 21:40:25,482 [e0fc16c3-8785-492f-95e3-5d2aafd0cf3f-impl-thread2] INFO  server.RaftServer$Division (RaftServerImpl.java:lambda$close$3(526)) - e0fc16c3-8785-492f-95e3-5d2aafd0cf3f@group-38A797F17613: shutdown
2024-02-27 21:40:25,482 [e0fc16c3-8785-492f-95e3-5d2aafd0cf3f-impl-thread2] INFO  util.JmxRegister (JmxRegister.java:unregister(73)) - Successfully un-registered JMX Bean with object name Ratis:service=RaftServer,group=group-38A797F17613,id=e0fc16c3-8785-492f-95e3-5d2aafd0cf3f
2024-02-27 21:40:25,482 [e0fc16c3-8785-492f-95e3-5d2aafd0cf3f-impl-thread2] INFO  impl.RoleInfo (RoleInfo.java:shutdownFollowerState(110)) - e0fc16c3-8785-492f-95e3-5d2aafd0cf3f: shutdown e0fc16c3-8785-492f-95e3-5d2aafd0cf3f@group-38A797F17613-FollowerState
2024-02-27 21:40:25,482 [e0fc16c3-8785-492f-95e3-5d2aafd0cf3f-impl-thread3] INFO  util.JmxRegister (JmxRegister.java:unregister(73)) - Successfully un-registered JMX Bean with object name Ratis:service=RaftServer,group=group-E6BBE2641B90,id=e0fc16c3-8785-492f-95e3-5d2aafd0cf3f
2024-02-27 21:40:25,483 [e0fc16c3-8785-492f-95e3-5d2aafd0cf3f-impl-thread3] INFO  impl.RoleInfo (RoleInfo.java:shutdownFollowerState(110)) - e0fc16c3-8785-492f-95e3-5d2aafd0cf3f: shutdown e0fc16c3-8785-492f-95e3-5d2aafd0cf3f@group-E6BBE2641B90-FollowerState
2024-02-27 21:40:25,488 [ForkJoinPool.commonPool-worker-4] INFO  server.GrpcService (GrpcService.java:closeImpl(311)) - e0fc16c3-8785-492f-95e3-5d2aafd0cf3f: shutdown server org.apache.ratis.grpc.server.GrpcClientProtocolService now
2024-02-27 21:40:25,488 [e0fc16c3-8785-492f-95e3-5d2aafd0cf3f@group-E6BBE2641B90-FollowerState] INFO  impl.FollowerState (FollowerState.java:run(152)) - e0fc16c3-8785-492f-95e3-5d2aafd0cf3f@group-E6BBE2641B90-FollowerState was interrupted
2024-02-27 21:40:25,489 [e0fc16c3-8785-492f-95e3-5d2aafd0cf3f-impl-thread2] INFO  impl.StateMachineUpdater (StateMachineUpdater.java:stopAndJoin(157)) - e0fc16c3-8785-492f-95e3-5d2aafd0cf3f@group-38A797F17613-StateMachineUpdater: set stopIndex = -1
2024-02-27 21:40:25,489 [e0fc16c3-8785-492f-95e3-5d2aafd0cf3f-impl-thread2] INFO  server.RaftServer$Division (ServerState.java:close(427)) - e0fc16c3-8785-492f-95e3-5d2aafd0cf3f@group-38A797F17613: applyIndex: -1
2024-02-27 21:40:25,489 [ForkJoinPool.commonPool-worker-3] INFO  ozoneimpl.OzoneContainer (OzoneContainer.java:stop(481)) - Attempting to stop container services.
2024-02-27 21:40:25,489 [ForkJoinPool.commonPool-worker-5] INFO  ozoneimpl.OzoneContainer (OzoneContainer.java:stop(481)) - Attempting to stop container services.
2024-02-27 21:40:25,489 [e0fc16c3-8785-492f-95e3-5d2aafd0cf3f-impl-thread1] INFO  impl.PendingRequests (PendingRequests.java:sendNotLeaderResponses(289)) - e0fc16c3-8785-492f-95e3-5d2aafd0cf3f@group-804B6B9C10BF-PendingRequests: sendNotLeaderResponses
2024-02-27 21:40:25,489 [e0fc16c3-8785-492f-95e3-5d2aafd0cf3f@group-38A797F17613-cacheEviction-AwaitToRun] INFO  util.AwaitToRun (AwaitToRun.java:run(49)) - e0fc16c3-8785-492f-95e3-5d2aafd0cf3f@group-38A797F17613-cacheEviction-AwaitToRun-AwaitForSignal is interrupted
2024-02-27 21:40:25,489 [e0fc16c3-8785-492f-95e3-5d2aafd0cf3f@group-804B6B9C10BF->7299b60a-1361-4038-9b5b-8cb416051416-GrpcLogAppender-LogAppenderDaemon] WARN  server.GrpcLogAppender (GrpcLogAppender.java:mayWait(289)) - e0fc16c3-8785-492f-95e3-5d2aafd0cf3f@group-804B6B9C10BF->7299b60a-1361-4038-9b5b-8cb416051416-GrpcLogAppender: Wait interrupted by java.lang.InterruptedException
2024-02-27 21:40:25,489 [e0fc16c3-8785-492f-95e3-5d2aafd0cf3f@group-804B6B9C10BF->a4a9caa5-f98a-4b6d-87b4-17f7eca85f0e-GrpcLogAppender-LogAppenderDaemon] WARN  server.GrpcLogAppender (GrpcLogAppender.java:mayWait(289)) - e0fc16c3-8785-492f-95e3-5d2aafd0cf3f@group-804B6B9C10BF->a4a9caa5-f98a-4b6d-87b4-17f7eca85f0e-GrpcLogAppender: Wait interrupted by java.lang.InterruptedException
2024-02-27 21:40:25,489 [e0fc16c3-8785-492f-95e3-5d2aafd0cf3f@group-38A797F17613-FollowerState] INFO  impl.FollowerState (FollowerState.java:run(152)) - e0fc16c3-8785-492f-95e3-5d2aafd0cf3f@group-38A797F17613-FollowerState was interrupted
2024-02-27 21:40:25,490 [e0fc16c3-8785-492f-95e3-5d2aafd0cf3f@group-804B6B9C10BF-StateMachineUpdater] INFO  ratis.ContainerStateMachine (ContainerStateMachine.java:takeSnapshot(355)) - group-804B6B9C10BF: Taking a snapshot at:(t:1, i:0) file /home/runner/work/ozone/ozone/hadoop-ozone/integration-test/target/test-dir/MiniOzoneClusterImpl-6e3a073c-9bdc-4deb-8550-ef77f821b5e4/ozone-meta/datanode-1/ratis/18c9c50d-3d92-403f-8086-804b6b9c10bf/sm/snapshot.1_0
2024-02-27 21:40:25,488 [e0fc16c3-8785-492f-95e3-5d2aafd0cf3f-impl-thread4] INFO  server.RaftServer$Division (RaftServerImpl.java:lambda$close$3(526)) - e0fc16c3-8785-492f-95e3-5d2aafd0cf3f@group-A6616489C41E: shutdown
2024-02-27 21:40:25,490 [e0fc16c3-8785-492f-95e3-5d2aafd0cf3f-impl-thread4] INFO  util.JmxRegister (JmxRegister.java:unregister(73)) - Successfully un-registered JMX Bean with object name Ratis:service=RaftServer,group=group-A6616489C41E,id=e0fc16c3-8785-492f-95e3-5d2aafd0cf3f
2024-02-27 21:40:25,490 [e0fc16c3-8785-492f-95e3-5d2aafd0cf3f-impl-thread4] INFO  impl.RoleInfo (RoleInfo.java:shutdownLeaderState(94)) - e0fc16c3-8785-492f-95e3-5d2aafd0cf3f: shutdown e0fc16c3-8785-492f-95e3-5d2aafd0cf3f@group-A6616489C41E-LeaderStateImpl
2024-02-27 21:40:25,491 [Thread-2708] INFO  server.GrpcServerProtocolClient (GrpcServerProtocolClient.java:close(103)) - a4a9caa5-f98a-4b6d-87b4-17f7eca85f0e Close channels
2024-02-27 21:40:25,491 [grpc-default-executor-2] INFO  server.GrpcServerProtocolService (GrpcServerProtocolService.java:onCompleted(157)) - 7299b60a-1361-4038-9b5b-8cb416051416: Completed APPEND_ENTRIES, lastRequest: null
2024-02-27 21:40:25,491 [e0fc16c3-8785-492f-95e3-5d2aafd0cf3f@group-804B6B9C10BF-StateMachineUpdater] INFO  ratis.ContainerStateMachine (ContainerStateMachine.java:takeSnapshot(366)) - group-804B6B9C10BF: Finished taking a snapshot at:(t:1, i:0) file:/home/runner/work/ozone/ozone/hadoop-ozone/integration-test/target/test-dir/MiniOzoneClusterImpl-6e3a073c-9bdc-4deb-8550-ef77f821b5e4/ozone-meta/datanode-1/ratis/18c9c50d-3d92-403f-8086-804b6b9c10bf/sm/snapshot.1_0 took: 1 ms
2024-02-27 21:40:25,491 [e0fc16c3-8785-492f-95e3-5d2aafd0cf3f@group-804B6B9C10BF-StateMachineUpdater] INFO  impl.StateMachineUpdater (StateMachineUpdater.java:takeSnapshot(295)) - e0fc16c3-8785-492f-95e3-5d2aafd0cf3f@group-804B6B9C10BF-StateMachineUpdater: Took a snapshot at index 0
2024-02-27 21:40:25,491 [e0fc16c3-8785-492f-95e3-5d2aafd0cf3f@group-804B6B9C10BF-StateMachineUpdater] INFO  impl.StateMachineUpdater (StateMachineUpdater.java:lambda$new$0(98)) - e0fc16c3-8785-492f-95e3-5d2aafd0cf3f@group-804B6B9C10BF-StateMachineUpdater: snapshotIndex: updateIncreasingly -1 -> 0
2024-02-27 21:40:25,491 [grpc-default-executor-0] INFO  server.GrpcServerProtocolService (GrpcServerProtocolService.java:onCompleted(157)) - a4a9caa5-f98a-4b6d-87b4-17f7eca85f0e: Completed APPEND_ENTRIES, lastRequest: null
2024-02-27 21:40:25,491 [grpc-default-executor-0] INFO  server.GrpcServerProtocolService (GrpcServerProtocolService.java:lambda$onCompleted$5(159)) - a4a9caa5-f98a-4b6d-87b4-17f7eca85f0e: Completed APPEND_ENTRIES, lastReply: serverReply {
  requestorId: "e0fc16c3-8785-492f-95e3-5d2aafd0cf3f"
  replyId: "a4a9caa5-f98a-4b6d-87b4-17f7eca85f0e"
  raftGroupId {
    id: "\030\311\305\r=\222@?\200\206\200Kk\234\020\277"
  }
  callId: 5
  success: true
}
term: 1
nextIndex: 1
matchIndex: 18446744073709551615
isHearbeat: true

2024-02-27 21:40:25,492 [grpc-default-executor-4] INFO  server.GrpcServerProtocolService (GrpcServerProtocolService.java:onCompleted(157)) - a4a9caa5-f98a-4b6d-87b4-17f7eca85f0e: Completed APPEND_ENTRIES, lastRequest: e0fc16c3-8785-492f-95e3-5d2aafd0cf3f->a4a9caa5-f98a-4b6d-87b4-17f7eca85f0e#1-t1,previous=(t:0, i:0),leaderCommit=-1,initializing? false,entries: size=1, first=(t:1, i:0), CONFIGURATIONENTRY(current:id: "a4a9caa5-f98a-4b6d-87b4-17f7eca85f0e"
address: "10.1.0.18:15120"
dataStreamAddress: "10.1.0.18:15121"
clientAddress: "10.1.0.18:15118"
adminAddress: "10.1.0.18:15119"
startupRole: FOLLOWER
,id: "7299b60a-1361-4038-9b5b-8cb416051416"
address: "10.1.0.18:15129"
dataStreamAddress: "10.1.0.18:15130"
clientAddress: "10.1.0.18:15127"
adminAddress: "10.1.0.18:15128"
startupRole: FOLLOWER
,id: "e0fc16c3-8785-492f-95e3-5d2aafd0cf3f"
address: "10.1.0.18:15111"
priority: 1
dataStreamAddress: "10.1.0.18:15112"
clientAddress: "10.1.0.18:15109"
adminAddress: "10.1.0.18:15110"
startupRole: FOLLOWER
, old:)
2024-02-27 21:40:25,492 [grpc-default-executor-4] INFO  server.GrpcServerProtocolService (GrpcServerProtocolService.java:lambda$onCompleted$5(159)) - a4a9caa5-f98a-4b6d-87b4-17f7eca85f0e: Completed APPEND_ENTRIES, lastReply: null
2024-02-27 21:40:25,492 [grpc-default-executor-2] INFO  server.GrpcServerProtocolService (GrpcServerProtocolService.java:lambda$onCompleted$5(159)) - 7299b60a-1361-4038-9b5b-8cb416051416: Completed APPEND_ENTRIES, lastReply: serverReply {
  requestorId: "e0fc16c3-8785-492f-95e3-5d2aafd0cf3f"
  replyId: "7299b60a-1361-4038-9b5b-8cb416051416"
  raftGroupId {
    id: "\030\311\305\r=\222@?\200\206\200Kk\234\020\277"
  }
  callId: 7
  success: true
}
term: 1
nextIndex: 1
matchIndex: 18446744073709551615
isHearbeat: true

2024-02-27 21:40:25,492 [grpc-default-executor-6] INFO  server.GrpcServerProtocolService (GrpcServerProtocolService.java:onCompleted(157)) - 7299b60a-1361-4038-9b5b-8cb416051416: Completed APPEND_ENTRIES, lastRequest: e0fc16c3-8785-492f-95e3-5d2aafd0cf3f->7299b60a-1361-4038-9b5b-8cb416051416#1-t1,previous=(t:0, i:0),leaderCommit=-1,initializing? false,entries: size=1, first=(t:1, i:0), CONFIGURATIONENTRY(current:id: "a4a9caa5-f98a-4b6d-87b4-17f7eca85f0e"
address: "10.1.0.18:15120"
dataStreamAddress: "10.1.0.18:15121"
clientAddress: "10.1.0.18:15118"
adminAddress: "10.1.0.18:15119"
startupRole: FOLLOWER
,id: "7299b60a-1361-4038-9b5b-8cb416051416"
address: "10.1.0.18:15129"
dataStreamAddress: "10.1.0.18:15130"
clientAddress: "10.1.0.18:15127"
adminAddress: "10.1.0.18:15128"
startupRole: FOLLOWER
,id: "e0fc16c3-8785-492f-95e3-5d2aafd0cf3f"
address: "10.1.0.18:15111"
priority: 1
dataStreamAddress: "10.1.0.18:15112"
clientAddress: "10.1.0.18:15109"
adminAddress: "10.1.0.18:15110"
startupRole: FOLLOWER
, old:)
2024-02-27 21:40:25,492 [grpc-default-executor-6] INFO  server.GrpcServerProtocolService (GrpcServerProtocolService.java:lambda$onCompleted$5(159)) - 7299b60a-1361-4038-9b5b-8cb416051416: Completed APPEND_ENTRIES, lastReply: null
2024-02-27 21:40:25,493 [grpc-default-executor-6] INFO  server.GrpcLogAppender (GrpcLogAppender.java:onCompleted(546)) - e0fc16c3-8785-492f-95e3-5d2aafd0cf3f@group-804B6B9C10BF->7299b60a-1361-4038-9b5b-8cb416051416-AppendLogResponseHandler: follower responses appendEntries COMPLETED
2024-02-27 21:40:25,488 [e0fc16c3-8785-492f-95e3-5d2aafd0cf3f-impl-thread3] INFO  impl.StateMachineUpdater (StateMachineUpdater.java:stopAndJoin(157)) - e0fc16c3-8785-492f-95e3-5d2aafd0cf3f@group-E6BBE2641B90-StateMachineUpdater: set stopIndex = 0
2024-02-27 21:40:25,488 [e0fc16c3-8785-492f-95e3-5d2aafd0cf3f@group-E6BBE2641B90-StateMachineUpdater] INFO  ratis.ContainerStateMachine (ContainerStateMachine.java:takeSnapshot(355)) - group-E6BBE2641B90: Taking a snapshot at:(t:1, i:0) file /home/runner/work/ozone/ozone/hadoop-ozone/integration-test/target/test-dir/MiniOzoneClusterImpl-6e3a073c-9bdc-4deb-8550-ef77f821b5e4/ozone-meta/datanode-1/ratis/c6a2c24f-5c82-40cd-a726-e6bbe2641b90/sm/snapshot.1_0
2024-02-27 21:40:25,493 [grpc-default-executor-6] WARN  server.GrpcLogAppender (GrpcLogAppender.java:resetClient(226)) - e0fc16c3-8785-492f-95e3-5d2aafd0cf3f@group-804B6B9C10BF->7299b60a-1361-4038-9b5b-8cb416051416-GrpcLogAppender: Failed to getClient for 7299b60a-1361-4038-9b5b-8cb416051416
org.apache.ratis.protocol.exceptions.AlreadyClosedException: e0fc16c3-8785-492f-95e3-5d2aafd0cf3f is already CLOSED
	at org.apache.ratis.util.PeerProxyMap$PeerAndProxy.getProxy(PeerProxyMap.java:65)
	at org.apache.ratis.util.PeerProxyMap.getProxy(PeerProxyMap.java:114)
	at org.apache.ratis.grpc.server.GrpcLogAppender.getClient(GrpcLogAppender.java:196)
	at org.apache.ratis.grpc.server.GrpcLogAppender.resetClient(GrpcLogAppender.java:201)
	at org.apache.ratis.grpc.server.GrpcLogAppender.access$800(GrpcLogAppender.java:62)
	at org.apache.ratis.grpc.server.GrpcLogAppender$AppendLogResponseHandler.onCompleted(GrpcLogAppender.java:547)
	at org.apache.ratis.thirdparty.io.grpc.stub.ClientCalls$StreamObserverToCallListenerAdapter.onClose(ClientCalls.java:479)
	at org.apache.ratis.thirdparty.io.grpc.internal.ClientCallImpl.closeObserver(ClientCallImpl.java:567)
	at org.apache.ratis.thirdparty.io.grpc.internal.ClientCallImpl.access$300(ClientCallImpl.java:71)
	at org.apache.ratis.thirdparty.io.grpc.internal.ClientCallImpl$ClientStreamListenerImpl$1StreamClosed.runInternal(ClientCallImpl.java:735)
	at org.apache.ratis.thirdparty.io.grpc.internal.ClientCallImpl$ClientStreamListenerImpl$1StreamClosed.runInContext(ClientCallImpl.java:716)
	at org.apache.ratis.thirdparty.io.grpc.internal.ContextRunnable.run(ContextRunnable.java:37)
	at org.apache.ratis.thirdparty.io.grpc.internal.SerializingExecutor.run(SerializingExecutor.java:133)
	at java.util.concurrent.ThreadPoolExecutor.runWorker(ThreadPoolExecutor.java:1149)
	at java.util.concurrent.ThreadPoolExecutor$Worker.run(ThreadPoolExecutor.java:624)
	at java.lang.Thread.run(Thread.java:750)
2024-02-27 21:40:25,493 [Thread-2712] INFO  server.GrpcServerProtocolClient (GrpcServerProtocolClient.java:close(103)) - acd5b146-ec22-4575-ab5b-633d0d82c7a3 Close channels
2024-02-27 21:40:25,492 [e0fc16c3-8785-492f-95e3-5d2aafd0cf3f@group-A6616489C41E->a4a9caa5-f98a-4b6d-87b4-17f7eca85f0e-GrpcLogAppender-LogAppenderDaemon] WARN  server.GrpcLogAppender (GrpcLogAppender.java:mayWait(289)) - e0fc16c3-8785-492f-95e3-5d2aafd0cf3f@group-A6616489C41E->a4a9caa5-f98a-4b6d-87b4-17f7eca85f0e-GrpcLogAppender: Wait interrupted by java.lang.InterruptedException
2024-02-27 21:40:25,491 [Thread-2709] INFO  server.GrpcServerProtocolClient (GrpcServerProtocolClient.java:close(103)) - 7299b60a-1361-4038-9b5b-8cb416051416 Close channels
2024-02-27 21:40:25,490 [e0fc16c3-8785-492f-95e3-5d2aafd0cf3f-impl-thread1] INFO  impl.StateMachineUpdater (StateMachineUpdater.java:stopAndJoin(157)) - e0fc16c3-8785-492f-95e3-5d2aafd0cf3f@group-804B6B9C10BF-StateMachineUpdater: set stopIndex = 0
2024-02-27 21:40:25,496 [main] INFO  ozoneimpl.OzoneContainer (OzoneContainer.java:stop(481)) - Attempting to stop container services.
2024-02-27 21:40:25,497 [main] INFO  server.RaftServer (RaftServerProxy.java:lambda$close$9(416)) - 2818fa5f-cc14-4867-ab22-981a54c2b243: close
2024-02-27 21:40:25,497 [2818fa5f-cc14-4867-ab22-981a54c2b243-impl-thread1] INFO  server.RaftServer$Division (RaftServerImpl.java:lambda$close$3(526)) - 2818fa5f-cc14-4867-ab22-981a54c2b243@group-5DEEE22C8A53: shutdown
2024-02-27 21:40:25,497 [2818fa5f-cc14-4867-ab22-981a54c2b243-impl-thread1] INFO  util.JmxRegister (JmxRegister.java:unregister(73)) - Successfully un-registered JMX Bean with object name Ratis:service=RaftServer,group=group-5DEEE22C8A53,id=2818fa5f-cc14-4867-ab22-981a54c2b243
2024-02-27 21:40:25,497 [2818fa5f-cc14-4867-ab22-981a54c2b243-impl-thread1] INFO  impl.RoleInfo (RoleInfo.java:shutdownFollowerState(110)) - 2818fa5f-cc14-4867-ab22-981a54c2b243: shutdown 2818fa5f-cc14-4867-ab22-981a54c2b243@group-5DEEE22C8A53-FollowerState
2024-02-27 21:40:25,497 [2818fa5f-cc14-4867-ab22-981a54c2b243-impl-thread3] INFO  server.RaftServer$Division (RaftServerImpl.java:lambda$close$3(526)) - 2818fa5f-cc14-4867-ab22-981a54c2b243@group-A218E7DAA433: shutdown
2024-02-27 21:40:25,497 [2818fa5f-cc14-4867-ab22-981a54c2b243-impl-thread3] INFO  util.JmxRegister (JmxRegister.java:unregister(73)) - Successfully un-registered JMX Bean with object name Ratis:service=RaftServer,group=group-A218E7DAA433,id=2818fa5f-cc14-4867-ab22-981a54c2b243
2024-02-27 21:40:25,497 [2818fa5f-cc14-4867-ab22-981a54c2b243-impl-thread3] INFO  impl.RoleInfo (RoleInfo.java:shutdownFollowerState(110)) - 2818fa5f-cc14-4867-ab22-981a54c2b243: shutdown 2818fa5f-cc14-4867-ab22-981a54c2b243@group-A218E7DAA433-FollowerState
2024-02-27 21:40:25,497 [main] INFO  server.GrpcService (GrpcService.java:closeImpl(311)) - 2818fa5f-cc14-4867-ab22-981a54c2b243: shutdown server org.apache.ratis.grpc.server.GrpcClientProtocolService now
2024-02-27 21:40:25,489 [ForkJoinPool.commonPool-worker-3] INFO  server.RaftServer (RaftServerProxy.java:lambda$close$9(416)) - a4a9caa5-f98a-4b6d-87b4-17f7eca85f0e: close
2024-02-27 21:40:25,497 [2818fa5f-cc14-4867-ab22-981a54c2b243-impl-thread2] INFO  server.RaftServer$Division (RaftServerImpl.java:lambda$close$3(526)) - 2818fa5f-cc14-4867-ab22-981a54c2b243@group-38A797F17613: shutdown
2024-02-27 21:40:25,498 [a4a9caa5-f98a-4b6d-87b4-17f7eca85f0e-impl-thread1] INFO  server.RaftServer$Division (RaftServerImpl.java:lambda$close$3(526)) - a4a9caa5-f98a-4b6d-87b4-17f7eca85f0e@group-804B6B9C10BF: shutdown
2024-02-27 21:40:25,498 [2818fa5f-cc14-4867-ab22-981a54c2b243-impl-thread4] INFO  server.RaftServer$Division (RaftServerImpl.java:lambda$close$3(526)) - 2818fa5f-cc14-4867-ab22-981a54c2b243@group-C2392BA6B23C: shutdown
2024-02-27 21:40:25,497 [grpc-default-executor-6] INFO  server.GrpcServerProtocolService (GrpcServerProtocolService.java:onCompleted(157)) - a4a9caa5-f98a-4b6d-87b4-17f7eca85f0e: Completed APPEND_ENTRIES, lastRequest: null
2024-02-27 21:40:25,497 [e0fc16c3-8785-492f-95e3-5d2aafd0cf3f-impl-thread1] INFO  server.RaftServer$Division (ServerState.java:close(427)) - e0fc16c3-8785-492f-95e3-5d2aafd0cf3f@group-804B6B9C10BF: applyIndex: 0
2024-02-27 21:40:25,496 [grpc-default-executor-4] INFO  server.GrpcLogAppender (GrpcLogAppender.java:onCompleted(546)) - e0fc16c3-8785-492f-95e3-5d2aafd0cf3f@group-804B6B9C10BF->a4a9caa5-f98a-4b6d-87b4-17f7eca85f0e-AppendLogResponseHandler: follower responses appendEntries COMPLETED
2024-02-27 21:40:25,496 [ForkJoinPool.commonPool-worker-5] INFO  server.RaftServer (RaftServerProxy.java:lambda$close$9(416)) - 7299b60a-1361-4038-9b5b-8cb416051416: close
2024-02-27 21:40:25,493 [e0fc16c3-8785-492f-95e3-5d2aafd0cf3f@group-E6BBE2641B90-StateMachineUpdater] INFO  ratis.ContainerStateMachine (ContainerStateMachine.java:takeSnapshot(366)) - group-E6BBE2641B90: Finished taking a snapshot at:(t:1, i:0) file:/home/runner/work/ozone/ozone/hadoop-ozone/integration-test/target/test-dir/MiniOzoneClusterImpl-6e3a073c-9bdc-4deb-8550-ef77f821b5e4/ozone-meta/datanode-1/ratis/c6a2c24f-5c82-40cd-a726-e6bbe2641b90/sm/snapshot.1_0 took: 5 ms
2024-02-27 21:40:25,499 [grpc-default-executor-4] WARN  server.GrpcLogAppender (GrpcLogAppender.java:resetClient(226)) - e0fc16c3-8785-492f-95e3-5d2aafd0cf3f@group-804B6B9C10BF->a4a9caa5-f98a-4b6d-87b4-17f7eca85f0e-GrpcLogAppender: Failed to getClient for a4a9caa5-f98a-4b6d-87b4-17f7eca85f0e
org.apache.ratis.protocol.exceptions.AlreadyClosedException: e0fc16c3-8785-492f-95e3-5d2aafd0cf3f is already CLOSED
	at org.apache.ratis.util.PeerProxyMap$PeerAndProxy.getProxy(PeerProxyMap.java:65)
	at org.apache.ratis.util.PeerProxyMap.getProxy(PeerProxyMap.java:114)
	at org.apache.ratis.grpc.server.GrpcLogAppender.getClient(GrpcLogAppender.java:196)
	at org.apache.ratis.grpc.server.GrpcLogAppender.resetClient(GrpcLogAppender.java:201)
	at org.apache.ratis.grpc.server.GrpcLogAppender.access$800(GrpcLogAppender.java:62)
	at org.apache.ratis.grpc.server.GrpcLogAppender$AppendLogResponseHandler.onCompleted(GrpcLogAppender.java:547)
	at org.apache.ratis.thirdparty.io.grpc.stub.ClientCalls$StreamObserverToCallListenerAdapter.onClose(ClientCalls.java:479)
	at org.apache.ratis.thirdparty.io.grpc.internal.DelayedClientCall$DelayedListener$3.run(DelayedClientCall.java:489)
	at org.apache.ratis.thirdparty.io.grpc.internal.DelayedClientCall$DelayedListener.delayOrExecute(DelayedClientCall.java:453)
	at org.apache.ratis.thirdparty.io.grpc.internal.DelayedClientCall$DelayedListener.onClose(DelayedClientCall.java:486)
	at org.apache.ratis.thirdparty.io.grpc.internal.ClientCallImpl.closeObserver(ClientCallImpl.java:567)
	at org.apache.ratis.thirdparty.io.grpc.internal.ClientCallImpl.access$300(ClientCallImpl.java:71)
	at org.apache.ratis.thirdparty.io.grpc.internal.ClientCallImpl$ClientStreamListenerImpl$1StreamClosed.runInternal(ClientCallImpl.java:735)
	at org.apache.ratis.thirdparty.io.grpc.internal.ClientCallImpl$ClientStreamListenerImpl$1StreamClosed.runInContext(ClientCallImpl.java:716)
	at org.apache.ratis.thirdparty.io.grpc.internal.ContextRunnable.run(ContextRunnable.java:37)
	at org.apache.ratis.thirdparty.io.grpc.internal.SerializingExecutor.run(SerializingExecutor.java:133)
	at java.util.concurrent.ThreadPoolExecutor.runWorker(ThreadPoolExecutor.java:1149)
	at java.util.concurrent.ThreadPoolExecutor$Worker.run(ThreadPoolExecutor.java:624)
	at java.lang.Thread.run(Thread.java:750)
2024-02-27 21:40:25,498 [2818fa5f-cc14-4867-ab22-981a54c2b243-impl-thread4] INFO  util.JmxRegister (JmxRegister.java:unregister(73)) - Successfully un-registered JMX Bean with object name Ratis:service=RaftServer,group=group-C2392BA6B23C,id=2818fa5f-cc14-4867-ab22-981a54c2b243
2024-02-27 21:40:25,500 [2818fa5f-cc14-4867-ab22-981a54c2b243-impl-thread4] INFO  impl.RoleInfo (RoleInfo.java:shutdownFollowerState(110)) - 2818fa5f-cc14-4867-ab22-981a54c2b243: shutdown 2818fa5f-cc14-4867-ab22-981a54c2b243@group-C2392BA6B23C-FollowerState
2024-02-27 21:40:25,498 [a4a9caa5-f98a-4b6d-87b4-17f7eca85f0e-impl-thread1] INFO  util.JmxRegister (JmxRegister.java:unregister(73)) - Successfully un-registered JMX Bean with object name Ratis:service=RaftServer,group=group-804B6B9C10BF,id=a4a9caa5-f98a-4b6d-87b4-17f7eca85f0e
2024-02-27 21:40:25,500 [a4a9caa5-f98a-4b6d-87b4-17f7eca85f0e-impl-thread1] INFO  impl.RoleInfo (RoleInfo.java:shutdownFollowerState(110)) - a4a9caa5-f98a-4b6d-87b4-17f7eca85f0e: shutdown a4a9caa5-f98a-4b6d-87b4-17f7eca85f0e@group-804B6B9C10BF-FollowerState
2024-02-27 21:40:25,498 [2818fa5f-cc14-4867-ab22-981a54c2b243-impl-thread2] INFO  util.JmxRegister (JmxRegister.java:unregister(73)) - Successfully un-registered JMX Bean with object name Ratis:service=RaftServer,group=group-38A797F17613,id=2818fa5f-cc14-4867-ab22-981a54c2b243
2024-02-27 21:40:25,500 [2818fa5f-cc14-4867-ab22-981a54c2b243-impl-thread2] INFO  impl.RoleInfo (RoleInfo.java:shutdownLeaderState(94)) - 2818fa5f-cc14-4867-ab22-981a54c2b243: shutdown 2818fa5f-cc14-4867-ab22-981a54c2b243@group-38A797F17613-LeaderStateImpl
2024-02-27 21:40:25,501 [e0fc16c3-8785-492f-95e3-5d2aafd0cf3f@group-E6BBE2641B90-StateMachineUpdater] INFO  impl.StateMachineUpdater (StateMachineUpdater.java:takeSnapshot(295)) - e0fc16c3-8785-492f-95e3-5d2aafd0cf3f@group-E6BBE2641B90-StateMachineUpdater: Took a snapshot at index 0
2024-02-27 21:40:25,501 [grpc-default-executor-6] INFO  server.GrpcServerProtocolService (GrpcServerProtocolService.java:lambda$onCompleted$5(159)) - a4a9caa5-f98a-4b6d-87b4-17f7eca85f0e: Completed APPEND_ENTRIES, lastReply: serverReply {
  requestorId: "e0fc16c3-8785-492f-95e3-5d2aafd0cf3f"
  replyId: "a4a9caa5-f98a-4b6d-87b4-17f7eca85f0e"
  raftGroupId {
    id: "@\260\003y\304LH\225\246\232\246ad\211\304\036"
  }
  success: true
}
term: 1
followerCommit: 18446744073709551615
matchIndex: 18446744073709551615
isHearbeat: true

2024-02-27 21:40:25,501 [e0fc16c3-8785-492f-95e3-5d2aafd0cf3f@group-E6BBE2641B90-StateMachineUpdater] INFO  impl.StateMachineUpdater (StateMachineUpdater.java:lambda$new$0(98)) - e0fc16c3-8785-492f-95e3-5d2aafd0cf3f@group-E6BBE2641B90-StateMachineUpdater: snapshotIndex: updateIncreasingly -1 -> 0
2024-02-27 21:40:25,501 [grpc-default-executor-6] INFO  server.GrpcLogAppender (GrpcLogAppender.java:onCompleted(546)) - e0fc16c3-8785-492f-95e3-5d2aafd0cf3f@group-A6616489C41E->a4a9caa5-f98a-4b6d-87b4-17f7eca85f0e-AppendLogResponseHandler: follower responses appendEntries COMPLETED
2024-02-27 21:40:25,501 [e0fc16c3-8785-492f-95e3-5d2aafd0cf3f-impl-thread3] INFO  server.RaftServer$Division (ServerState.java:close(427)) - e0fc16c3-8785-492f-95e3-5d2aafd0cf3f@group-E6BBE2641B90: applyIndex: 0
2024-02-27 21:40:25,502 [grpc-default-executor-6] WARN  server.GrpcLogAppender (GrpcLogAppender.java:resetClient(226)) - e0fc16c3-8785-492f-95e3-5d2aafd0cf3f@group-A6616489C41E->a4a9caa5-f98a-4b6d-87b4-17f7eca85f0e-GrpcLogAppender: Failed to getClient for a4a9caa5-f98a-4b6d-87b4-17f7eca85f0e
org.apache.ratis.protocol.exceptions.AlreadyClosedException: e0fc16c3-8785-492f-95e3-5d2aafd0cf3f is already CLOSED
	at org.apache.ratis.util.PeerProxyMap$PeerAndProxy.getProxy(PeerProxyMap.java:65)
	at org.apache.ratis.util.PeerProxyMap.getProxy(PeerProxyMap.java:114)
	at org.apache.ratis.grpc.server.GrpcLogAppender.getClient(GrpcLogAppender.java:196)
	at org.apache.ratis.grpc.server.GrpcLogAppender.resetClient(GrpcLogAppender.java:201)
	at org.apache.ratis.grpc.server.GrpcLogAppender.access$800(GrpcLogAppender.java:62)
	at org.apache.ratis.grpc.server.GrpcLogAppender$AppendLogResponseHandler.onCompleted(GrpcLogAppender.java:547)
	at org.apache.ratis.thirdparty.io.grpc.stub.ClientCalls$StreamObserverToCallListenerAdapter.onClose(ClientCalls.java:479)
	at org.apache.ratis.thirdparty.io.grpc.internal.ClientCallImpl.closeObserver(ClientCallImpl.java:567)
	at org.apache.ratis.thirdparty.io.grpc.internal.ClientCallImpl.access$300(ClientCallImpl.java:71)
	at org.apache.ratis.thirdparty.io.grpc.internal.ClientCallImpl$ClientStreamListenerImpl$1StreamClosed.runInternal(ClientCallImpl.java:735)
	at org.apache.ratis.thirdparty.io.grpc.internal.ClientCallImpl$ClientStreamListenerImpl$1StreamClosed.runInContext(ClientCallImpl.java:716)
	at org.apache.ratis.thirdparty.io.grpc.internal.ContextRunnable.run(ContextRunnable.java:37)
	at org.apache.ratis.thirdparty.io.grpc.internal.SerializingExecutor.run(SerializingExecutor.java:133)
	at java.util.concurrent.ThreadPoolExecutor.runWorker(ThreadPoolExecutor.java:1149)
	at java.util.concurrent.ThreadPoolExecutor$Worker.run(ThreadPoolExecutor.java:624)
	at java.lang.Thread.run(Thread.java:750)
2024-02-27 21:40:25,502 [Thread-2716] INFO  server.GrpcServerProtocolClient (GrpcServerProtocolClient.java:close(103)) - 7299b60a-1361-4038-9b5b-8cb416051416 Close channels
2024-02-27 21:40:25,502 [e0fc16c3-8785-492f-95e3-5d2aafd0cf3f-impl-thread4] INFO  impl.PendingRequests (PendingRequests.java:sendNotLeaderResponses(289)) - e0fc16c3-8785-492f-95e3-5d2aafd0cf3f@group-A6616489C41E-PendingRequests: sendNotLeaderResponses
2024-02-27 21:40:25,503 [e0fc16c3-8785-492f-95e3-5d2aafd0cf3f@group-A6616489C41E->acd5b146-ec22-4575-ab5b-633d0d82c7a3-GrpcLogAppender-LogAppenderDaemon] WARN  server.GrpcLogAppender (GrpcLogAppender.java:mayWait(289)) - e0fc16c3-8785-492f-95e3-5d2aafd0cf3f@group-A6616489C41E->acd5b146-ec22-4575-ab5b-633d0d82c7a3-GrpcLogAppender: Wait interrupted by java.lang.InterruptedException
2024-02-27 21:40:25,503 [e0fc16c3-8785-492f-95e3-5d2aafd0cf3f-impl-thread4] INFO  impl.StateMachineUpdater (StateMachineUpdater.java:stopAndJoin(157)) - e0fc16c3-8785-492f-95e3-5d2aafd0cf3f@group-A6616489C41E-StateMachineUpdater: set stopIndex = 0
2024-02-27 21:40:25,503 [e0fc16c3-8785-492f-95e3-5d2aafd0cf3f@group-A6616489C41E-StateMachineUpdater] INFO  ratis.ContainerStateMachine (ContainerStateMachine.java:takeSnapshot(355)) - group-A6616489C41E: Taking a snapshot at:(t:1, i:0) file /home/runner/work/ozone/ozone/hadoop-ozone/integration-test/target/test-dir/MiniOzoneClusterImpl-6e3a073c-9bdc-4deb-8550-ef77f821b5e4/ozone-meta/datanode-1/ratis/40b00379-c44c-4895-a69a-a6616489c41e/sm/snapshot.1_0
2024-02-27 21:40:25,503 [grpc-default-executor-4] INFO  server.GrpcServerProtocolService (GrpcServerProtocolService.java:onCompleted(157)) - acd5b146-ec22-4575-ab5b-633d0d82c7a3: Completed APPEND_ENTRIES, lastRequest: null
2024-02-27 21:40:25,505 [e0fc16c3-8785-492f-95e3-5d2aafd0cf3f@group-A6616489C41E-StateMachineUpdater] INFO  ratis.ContainerStateMachine (ContainerStateMachine.java:takeSnapshot(366)) - group-A6616489C41E: Finished taking a snapshot at:(t:1, i:0) file:/home/runner/work/ozone/ozone/hadoop-ozone/integration-test/target/test-dir/MiniOzoneClusterImpl-6e3a073c-9bdc-4deb-8550-ef77f821b5e4/ozone-meta/datanode-1/ratis/40b00379-c44c-4895-a69a-a6616489c41e/sm/snapshot.1_0 took: 2 ms
2024-02-27 21:40:25,506 [e0fc16c3-8785-492f-95e3-5d2aafd0cf3f@group-A6616489C41E-StateMachineUpdater] INFO  impl.StateMachineUpdater (StateMachineUpdater.java:takeSnapshot(295)) - e0fc16c3-8785-492f-95e3-5d2aafd0cf3f@group-A6616489C41E-StateMachineUpdater: Took a snapshot at index 0
2024-02-27 21:40:25,506 [e0fc16c3-8785-492f-95e3-5d2aafd0cf3f@group-A6616489C41E-StateMachineUpdater] INFO  impl.StateMachineUpdater (StateMachineUpdater.java:lambda$new$0(98)) - e0fc16c3-8785-492f-95e3-5d2aafd0cf3f@group-A6616489C41E-StateMachineUpdater: snapshotIndex: updateIncreasingly -1 -> 0
2024-02-27 21:40:25,506 [e0fc16c3-8785-492f-95e3-5d2aafd0cf3f-impl-thread4] INFO  server.RaftServer$Division (ServerState.java:close(427)) - e0fc16c3-8785-492f-95e3-5d2aafd0cf3f@group-A6616489C41E: applyIndex: 0
2024-02-27 21:40:25,506 [e0fc16c3-8785-492f-95e3-5d2aafd0cf3f@group-A6616489C41E-cacheEviction-AwaitToRun] INFO  util.AwaitToRun (AwaitToRun.java:run(49)) - e0fc16c3-8785-492f-95e3-5d2aafd0cf3f@group-A6616489C41E-cacheEviction-AwaitToRun-AwaitForSignal is interrupted
2024-02-27 21:40:25,506 [grpc-default-executor-4] INFO  server.GrpcServerProtocolService (GrpcServerProtocolService.java:lambda$onCompleted$5(159)) - acd5b146-ec22-4575-ab5b-633d0d82c7a3: Completed APPEND_ENTRIES, lastReply: serverReply {
  requestorId: "e0fc16c3-8785-492f-95e3-5d2aafd0cf3f"
  replyId: "acd5b146-ec22-4575-ab5b-633d0d82c7a3"
  raftGroupId {
    id: "@\260\003y\304LH\225\246\232\246ad\211\304\036"
  }
  success: true
}
term: 1
followerCommit: 18446744073709551615
matchIndex: 18446744073709551615
isHearbeat: true

2024-02-27 21:40:25,502 [grpc-default-executor-5] INFO  server.GrpcLogAppender (GrpcLogAppender.java:onCompleted(546)) - e0fc16c3-8785-492f-95e3-5d2aafd0cf3f@group-804B6B9C10BF->a4a9caa5-f98a-4b6d-87b4-17f7eca85f0e-AppendLogResponseHandler: follower responses appendEntries COMPLETED
2024-02-27 21:40:25,506 [grpc-default-executor-5] WARN  server.GrpcLogAppender (GrpcLogAppender.java:resetClient(226)) - e0fc16c3-8785-492f-95e3-5d2aafd0cf3f@group-804B6B9C10BF->a4a9caa5-f98a-4b6d-87b4-17f7eca85f0e-GrpcLogAppender: Failed to getClient for a4a9caa5-f98a-4b6d-87b4-17f7eca85f0e
org.apache.ratis.protocol.exceptions.AlreadyClosedException: e0fc16c3-8785-492f-95e3-5d2aafd0cf3f is already CLOSED
	at org.apache.ratis.util.PeerProxyMap$PeerAndProxy.getProxy(PeerProxyMap.java:65)
	at org.apache.ratis.util.PeerProxyMap.getProxy(PeerProxyMap.java:114)
	at org.apache.ratis.grpc.server.GrpcLogAppender.getClient(GrpcLogAppender.java:196)
	at org.apache.ratis.grpc.server.GrpcLogAppender.resetClient(GrpcLogAppender.java:201)
	at org.apache.ratis.grpc.server.GrpcLogAppender.access$800(GrpcLogAppender.java:62)
	at org.apache.ratis.grpc.server.GrpcLogAppender$AppendLogResponseHandler.onCompleted(GrpcLogAppender.java:547)
	at org.apache.ratis.thirdparty.io.grpc.stub.ClientCalls$StreamObserverToCallListenerAdapter.onClose(ClientCalls.java:479)
	at org.apache.ratis.thirdparty.io.grpc.internal.ClientCallImpl.closeObserver(ClientCallImpl.java:567)
	at org.apache.ratis.thirdparty.io.grpc.internal.ClientCallImpl.access$300(ClientCallImpl.java:71)
	at org.apache.ratis.thirdparty.io.grpc.internal.ClientCallImpl$ClientStreamListenerImpl$1StreamClosed.runInternal(ClientCallImpl.java:735)
	at org.apache.ratis.thirdparty.io.grpc.internal.ClientCallImpl$ClientStreamListenerImpl$1StreamClosed.runInContext(ClientCallImpl.java:716)
	at org.apache.ratis.thirdparty.io.grpc.internal.ContextRunnable.run(ContextRunnable.java:37)
	at org.apache.ratis.thirdparty.io.grpc.internal.SerializingExecutor.run(SerializingExecutor.java:133)
	at java.util.concurrent.ThreadPoolExecutor.runWorker(ThreadPoolExecutor.java:1149)
	at java.util.concurrent.ThreadPoolExecutor$Worker.run(ThreadPoolExecutor.java:624)
	at java.lang.Thread.run(Thread.java:750)
2024-02-27 21:40:25,502 [Thread-2721] INFO  server.GrpcServerProtocolClient (GrpcServerProtocolClient.java:close(103)) - e0fc16c3-8785-492f-95e3-5d2aafd0cf3f Close channels
2024-02-27 21:40:25,506 [grpc-default-executor-4] INFO  server.GrpcLogAppender (GrpcLogAppender.java:onCompleted(546)) - e0fc16c3-8785-492f-95e3-5d2aafd0cf3f@group-A6616489C41E->acd5b146-ec22-4575-ab5b-633d0d82c7a3-AppendLogResponseHandler: follower responses appendEntries COMPLETED
2024-02-27 21:40:25,507 [grpc-default-executor-4] WARN  server.GrpcLogAppender (GrpcLogAppender.java:resetClient(226)) - e0fc16c3-8785-492f-95e3-5d2aafd0cf3f@group-A6616489C41E->acd5b146-ec22-4575-ab5b-633d0d82c7a3-GrpcLogAppender: Failed to getClient for acd5b146-ec22-4575-ab5b-633d0d82c7a3
org.apache.ratis.protocol.exceptions.AlreadyClosedException: e0fc16c3-8785-492f-95e3-5d2aafd0cf3f is already CLOSED
	at org.apache.ratis.util.PeerProxyMap$PeerAndProxy.getProxy(PeerProxyMap.java:65)
	at org.apache.ratis.util.PeerProxyMap.getProxy(PeerProxyMap.java:114)
	at org.apache.ratis.grpc.server.GrpcLogAppender.getClient(GrpcLogAppender.java:196)
	at org.apache.ratis.grpc.server.GrpcLogAppender.resetClient(GrpcLogAppender.java:201)
	at org.apache.ratis.grpc.server.GrpcLogAppender.access$800(GrpcLogAppender.java:62)
	at org.apache.ratis.grpc.server.GrpcLogAppender$AppendLogResponseHandler.onCompleted(GrpcLogAppender.java:547)
	at org.apache.ratis.thirdparty.io.grpc.stub.ClientCalls$StreamObserverToCallListenerAdapter.onClose(ClientCalls.java:479)
	at org.apache.ratis.thirdparty.io.grpc.internal.ClientCallImpl.closeObserver(ClientCallImpl.java:567)
	at org.apache.ratis.thirdparty.io.grpc.internal.ClientCallImpl.access$300(ClientCallImpl.java:71)
	at org.apache.ratis.thirdparty.io.grpc.internal.ClientCallImpl$ClientStreamListenerImpl$1StreamClosed.runInternal(ClientCallImpl.java:735)
	at org.apache.ratis.thirdparty.io.grpc.internal.ClientCallImpl$ClientStreamListenerImpl$1StreamClosed.runInContext(ClientCallImpl.java:716)
	at org.apache.ratis.thirdparty.io.grpc.internal.ContextRunnable.run(ContextRunnable.java:37)
	at org.apache.ratis.thirdparty.io.grpc.internal.SerializingExecutor.run(SerializingExecutor.java:133)
	at java.util.concurrent.ThreadPoolExecutor.runWorker(ThreadPoolExecutor.java:1149)
	at java.util.concurrent.ThreadPoolExecutor$Worker.run(ThreadPoolExecutor.java:624)
	at java.lang.Thread.run(Thread.java:750)
2024-02-27 21:40:25,505 [grpc-default-executor-0] INFO  server.GrpcServerProtocolService (GrpcServerProtocolService.java:onCompleted(157)) - acd5b146-ec22-4575-ab5b-633d0d82c7a3: Completed APPEND_ENTRIES, lastRequest: e0fc16c3-8785-492f-95e3-5d2aafd0cf3f->acd5b146-ec22-4575-ab5b-633d0d82c7a3#1-t1,previous=(t:0, i:0),leaderCommit=-1,initializing? false,entries: size=1, first=(t:1, i:0), CONFIGURATIONENTRY(current:id: "a4a9caa5-f98a-4b6d-87b4-17f7eca85f0e"
address: "10.1.0.18:15120"
dataStreamAddress: "10.1.0.18:15121"
clientAddress: "10.1.0.18:15118"
adminAddress: "10.1.0.18:15119"
startupRole: FOLLOWER
,id: "e0fc16c3-8785-492f-95e3-5d2aafd0cf3f"
address: "10.1.0.18:15111"
priority: 1
dataStreamAddress: "10.1.0.18:15112"
clientAddress: "10.1.0.18:15109"
adminAddress: "10.1.0.18:15110"
startupRole: FOLLOWER
,id: "acd5b146-ec22-4575-ab5b-633d0d82c7a3"
address: "10.1.0.18:15147"
dataStreamAddress: "10.1.0.18:15148"
clientAddress: "10.1.0.18:15145"
adminAddress: "10.1.0.18:15146"
startupRole: FOLLOWER
, old:)
2024-02-27 21:40:25,508 [grpc-default-executor-0] INFO  server.GrpcServerProtocolService (GrpcServerProtocolService.java:lambda$onCompleted$5(159)) - acd5b146-ec22-4575-ab5b-633d0d82c7a3: Completed APPEND_ENTRIES, lastReply: null
2024-02-27 21:40:25,505 [grpc-default-executor-2] INFO  server.GrpcServerProtocolService (GrpcServerProtocolService.java:onCompleted(157)) - a4a9caa5-f98a-4b6d-87b4-17f7eca85f0e: Completed APPEND_ENTRIES, lastRequest: e0fc16c3-8785-492f-95e3-5d2aafd0cf3f->a4a9caa5-f98a-4b6d-87b4-17f7eca85f0e#1-t1,previous=(t:0, i:0),leaderCommit=-1,initializing? false,entries: size=1, first=(t:1, i:0), CONFIGURATIONENTRY(current:id: "a4a9caa5-f98a-4b6d-87b4-17f7eca85f0e"
address: "10.1.0.18:15120"
dataStreamAddress: "10.1.0.18:15121"
clientAddress: "10.1.0.18:15118"
adminAddress: "10.1.0.18:15119"
startupRole: FOLLOWER
,id: "e0fc16c3-8785-492f-95e3-5d2aafd0cf3f"
address: "10.1.0.18:15111"
priority: 1
dataStreamAddress: "10.1.0.18:15112"
clientAddress: "10.1.0.18:15109"
adminAddress: "10.1.0.18:15110"
startupRole: FOLLOWER
,id: "acd5b146-ec22-4575-ab5b-633d0d82c7a3"
address: "10.1.0.18:15147"
dataStreamAddress: "10.1.0.18:15148"
clientAddress: "10.1.0.18:15145"
adminAddress: "10.1.0.18:15146"
startupRole: FOLLOWER
, old:)
2024-02-27 21:40:25,509 [grpc-default-executor-2] INFO  server.GrpcServerProtocolService (GrpcServerProtocolService.java:lambda$onCompleted$5(159)) - a4a9caa5-f98a-4b6d-87b4-17f7eca85f0e: Completed APPEND_ENTRIES, lastReply: null
2024-02-27 21:40:25,505 [Thread-2720] INFO  server.GrpcServerProtocolClient (GrpcServerProtocolClient.java:close(103)) - acd5b146-ec22-4575-ab5b-633d0d82c7a3 Close channels
2024-02-27 21:40:25,505 [Thread-2719] INFO  server.GrpcServerProtocolClient (GrpcServerProtocolClient.java:close(103)) - 2da9303e-6724-4504-a4a5-d250e7d22259 Close channels
2024-02-27 21:40:25,505 [a4a9caa5-f98a-4b6d-87b4-17f7eca85f0e-impl-thread2] INFO  server.RaftServer$Division (RaftServerImpl.java:lambda$close$3(526)) - a4a9caa5-f98a-4b6d-87b4-17f7eca85f0e@group-E6BBE2641B90: shutdown
2024-02-27 21:40:25,505 [ForkJoinPool.commonPool-worker-3] INFO  server.GrpcService (GrpcService.java:closeImpl(311)) - a4a9caa5-f98a-4b6d-87b4-17f7eca85f0e: shutdown server org.apache.ratis.grpc.server.GrpcClientProtocolService now
2024-02-27 21:40:25,509 [a4a9caa5-f98a-4b6d-87b4-17f7eca85f0e-impl-thread2] INFO  util.JmxRegister (JmxRegister.java:unregister(73)) - Successfully un-registered JMX Bean with object name Ratis:service=RaftServer,group=group-E6BBE2641B90,id=a4a9caa5-f98a-4b6d-87b4-17f7eca85f0e
2024-02-27 21:40:25,509 [a4a9caa5-f98a-4b6d-87b4-17f7eca85f0e-impl-thread2] INFO  impl.RoleInfo (RoleInfo.java:shutdownFollowerState(110)) - a4a9caa5-f98a-4b6d-87b4-17f7eca85f0e: shutdown a4a9caa5-f98a-4b6d-87b4-17f7eca85f0e@group-E6BBE2641B90-FollowerState
2024-02-27 21:40:25,509 [a4a9caa5-f98a-4b6d-87b4-17f7eca85f0e@group-E6BBE2641B90-FollowerState] INFO  impl.FollowerState (FollowerState.java:run(152)) - a4a9caa5-f98a-4b6d-87b4-17f7eca85f0e@group-E6BBE2641B90-FollowerState was interrupted
2024-02-27 21:40:25,509 [a4a9caa5-f98a-4b6d-87b4-17f7eca85f0e@group-E6BBE2641B90-StateMachineUpdater] INFO  ratis.ContainerStateMachine (ContainerStateMachine.java:takeSnapshot(355)) - group-E6BBE2641B90: Taking a snapshot at:(t:1, i:0) file /home/runner/work/ozone/ozone/hadoop-ozone/integration-test/target/test-dir/MiniOzoneClusterImpl-6e3a073c-9bdc-4deb-8550-ef77f821b5e4/ozone-meta/datanode-2/ratis/c6a2c24f-5c82-40cd-a726-e6bbe2641b90/sm/snapshot.1_0
2024-02-27 21:40:25,509 [a4a9caa5-f98a-4b6d-87b4-17f7eca85f0e-impl-thread2] INFO  impl.StateMachineUpdater (StateMachineUpdater.java:stopAndJoin(157)) - a4a9caa5-f98a-4b6d-87b4-17f7eca85f0e@group-E6BBE2641B90-StateMachineUpdater: set stopIndex = 0
2024-02-27 21:40:25,510 [a4a9caa5-f98a-4b6d-87b4-17f7eca85f0e@group-E6BBE2641B90-StateMachineUpdater] INFO  ratis.ContainerStateMachine (ContainerStateMachine.java:takeSnapshot(366)) - group-E6BBE2641B90: Finished taking a snapshot at:(t:1, i:0) file:/home/runner/work/ozone/ozone/hadoop-ozone/integration-test/target/test-dir/MiniOzoneClusterImpl-6e3a073c-9bdc-4deb-8550-ef77f821b5e4/ozone-meta/datanode-2/ratis/c6a2c24f-5c82-40cd-a726-e6bbe2641b90/sm/snapshot.1_0 took: 1 ms
2024-02-27 21:40:25,510 [a4a9caa5-f98a-4b6d-87b4-17f7eca85f0e@group-E6BBE2641B90-StateMachineUpdater] INFO  impl.StateMachineUpdater (StateMachineUpdater.java:takeSnapshot(295)) - a4a9caa5-f98a-4b6d-87b4-17f7eca85f0e@group-E6BBE2641B90-StateMachineUpdater: Took a snapshot at index 0
2024-02-27 21:40:25,510 [a4a9caa5-f98a-4b6d-87b4-17f7eca85f0e@group-E6BBE2641B90-StateMachineUpdater] INFO  impl.StateMachineUpdater (StateMachineUpdater.java:lambda$new$0(98)) - a4a9caa5-f98a-4b6d-87b4-17f7eca85f0e@group-E6BBE2641B90-StateMachineUpdater: snapshotIndex: updateIncreasingly -1 -> 0
2024-02-27 21:40:25,510 [a4a9caa5-f98a-4b6d-87b4-17f7eca85f0e-impl-thread2] INFO  server.RaftServer$Division (ServerState.java:close(427)) - a4a9caa5-f98a-4b6d-87b4-17f7eca85f0e@group-E6BBE2641B90: applyIndex: 0
2024-02-27 21:40:25,505 [a4a9caa5-f98a-4b6d-87b4-17f7eca85f0e-impl-thread3] INFO  server.RaftServer$Division (RaftServerImpl.java:lambda$close$3(526)) - a4a9caa5-f98a-4b6d-87b4-17f7eca85f0e@group-A6616489C41E: shutdown
2024-02-27 21:40:25,505 [2818fa5f-cc14-4867-ab22-981a54c2b243@group-5DEEE22C8A53-FollowerState] INFO  impl.FollowerState (FollowerState.java:run(152)) - 2818fa5f-cc14-4867-ab22-981a54c2b243@group-5DEEE22C8A53-FollowerState was interrupted
2024-02-27 21:40:25,510 [grpc-default-executor-4] INFO  server.GrpcLogAppender (GrpcLogAppender.java:onCompleted(546)) - e0fc16c3-8785-492f-95e3-5d2aafd0cf3f@group-A6616489C41E->acd5b146-ec22-4575-ab5b-633d0d82c7a3-AppendLogResponseHandler: follower responses appendEntries COMPLETED
2024-02-27 21:40:25,511 [grpc-default-executor-4] WARN  server.GrpcLogAppender (GrpcLogAppender.java:resetClient(226)) - e0fc16c3-8785-492f-95e3-5d2aafd0cf3f@group-A6616489C41E->acd5b146-ec22-4575-ab5b-633d0d82c7a3-GrpcLogAppender: Failed to getClient for acd5b146-ec22-4575-ab5b-633d0d82c7a3
org.apache.ratis.protocol.exceptions.AlreadyClosedException: e0fc16c3-8785-492f-95e3-5d2aafd0cf3f is already CLOSED
	at org.apache.ratis.util.PeerProxyMap$PeerAndProxy.getProxy(PeerProxyMap.java:65)
	at org.apache.ratis.util.PeerProxyMap.getProxy(PeerProxyMap.java:114)
	at org.apache.ratis.grpc.server.GrpcLogAppender.getClient(GrpcLogAppender.java:196)
	at org.apache.ratis.grpc.server.GrpcLogAppender.resetClient(GrpcLogAppender.java:201)
	at org.apache.ratis.grpc.server.GrpcLogAppender.access$800(GrpcLogAppender.java:62)
	at org.apache.ratis.grpc.server.GrpcLogAppender$AppendLogResponseHandler.onCompleted(GrpcLogAppender.java:547)
	at org.apache.ratis.thirdparty.io.grpc.stub.ClientCalls$StreamObserverToCallListenerAdapter.onClose(ClientCalls.java:479)
	at org.apache.ratis.thirdparty.io.grpc.internal.ClientCallImpl.closeObserver(ClientCallImpl.java:567)
	at org.apache.ratis.thirdparty.io.grpc.internal.ClientCallImpl.access$300(ClientCallImpl.java:71)
	at org.apache.ratis.thirdparty.io.grpc.internal.ClientCallImpl$ClientStreamListenerImpl$1StreamClosed.runInternal(ClientCallImpl.java:735)
	at org.apache.ratis.thirdparty.io.grpc.internal.ClientCallImpl$ClientStreamListenerImpl$1StreamClosed.runInContext(ClientCallImpl.java:716)
	at org.apache.ratis.thirdparty.io.grpc.internal.ContextRunnable.run(ContextRunnable.java:37)
	at org.apache.ratis.thirdparty.io.grpc.internal.SerializingExecutor.run(SerializingExecutor.java:133)
	at java.util.concurrent.ThreadPoolExecutor.runWorker(ThreadPoolExecutor.java:1149)
	at java.util.concurrent.ThreadPoolExecutor$Worker.run(ThreadPoolExecutor.java:624)
	at java.lang.Thread.run(Thread.java:750)
2024-02-27 21:40:25,511 [a4a9caa5-f98a-4b6d-87b4-17f7eca85f0e-impl-thread4] INFO  server.RaftServer$Division (RaftServerImpl.java:lambda$close$3(526)) - a4a9caa5-f98a-4b6d-87b4-17f7eca85f0e@group-ED4D28972EF5: shutdown
2024-02-27 21:40:25,511 [ForkJoinPool.commonPool-worker-4] INFO  server.GrpcService (GrpcService.java:closeImpl(320)) - e0fc16c3-8785-492f-95e3-5d2aafd0cf3f: shutdown server org.apache.ratis.grpc.server.GrpcClientProtocolService successfully
2024-02-27 21:40:25,511 [ForkJoinPool.commonPool-worker-4] INFO  server.GrpcService (GrpcService.java:closeImpl(311)) - e0fc16c3-8785-492f-95e3-5d2aafd0cf3f: shutdown server GrpcServerProtocolService now
2024-02-27 21:40:25,505 [2818fa5f-cc14-4867-ab22-981a54c2b243-impl-thread1] INFO  impl.StateMachineUpdater (StateMachineUpdater.java:stopAndJoin(157)) - 2818fa5f-cc14-4867-ab22-981a54c2b243@group-5DEEE22C8A53-StateMachineUpdater: set stopIndex = -1
2024-02-27 21:40:25,505 [2818fa5f-cc14-4867-ab22-981a54c2b243@group-A218E7DAA433-StateMachineUpdater] INFO  ratis.ContainerStateMachine (ContainerStateMachine.java:takeSnapshot(355)) - group-A218E7DAA433: Taking a snapshot at:(t:1, i:0) file /home/runner/work/ozone/ozone/hadoop-ozone/integration-test/target/test-dir/MiniOzoneClusterImpl-6e3a073c-9bdc-4deb-8550-ef77f821b5e4/ozone-meta/datanode-4/ratis/3b9a94bc-9df7-479a-ab76-a218e7daa433/sm/snapshot.1_0
2024-02-27 21:40:25,511 [a4a9caa5-f98a-4b6d-87b4-17f7eca85f0e-impl-thread3] INFO  util.JmxRegister (JmxRegister.java:unregister(73)) - Successfully un-registered JMX Bean with object name Ratis:service=RaftServer,group=group-A6616489C41E,id=a4a9caa5-f98a-4b6d-87b4-17f7eca85f0e
2024-02-27 21:40:25,511 [a4a9caa5-f98a-4b6d-87b4-17f7eca85f0e-impl-thread3] INFO  impl.RoleInfo (RoleInfo.java:shutdownFollowerState(110)) - a4a9caa5-f98a-4b6d-87b4-17f7eca85f0e: shutdown a4a9caa5-f98a-4b6d-87b4-17f7eca85f0e@group-A6616489C41E-FollowerState
2024-02-27 21:40:25,505 [2818fa5f-cc14-4867-ab22-981a54c2b243@group-A218E7DAA433-FollowerState] INFO  impl.FollowerState (FollowerState.java:run(152)) - 2818fa5f-cc14-4867-ab22-981a54c2b243@group-A218E7DAA433-FollowerState was interrupted
2024-02-27 21:40:25,505 [2818fa5f-cc14-4867-ab22-981a54c2b243-impl-thread3] INFO  impl.StateMachineUpdater (StateMachineUpdater.java:stopAndJoin(157)) - 2818fa5f-cc14-4867-ab22-981a54c2b243@group-A218E7DAA433-StateMachineUpdater: set stopIndex = 0
2024-02-27 21:40:25,504 [7299b60a-1361-4038-9b5b-8cb416051416-impl-thread4] INFO  server.RaftServer$Division (RaftServerImpl.java:lambda$close$3(526)) - 7299b60a-1361-4038-9b5b-8cb416051416@group-E6BBE2641B90: shutdown
2024-02-27 21:40:25,512 [7299b60a-1361-4038-9b5b-8cb416051416-impl-thread4] INFO  util.JmxRegister (JmxRegister.java:unregister(73)) - Successfully un-registered JMX Bean with object name Ratis:service=RaftServer,group=group-E6BBE2641B90,id=7299b60a-1361-4038-9b5b-8cb416051416
2024-02-27 21:40:25,512 [7299b60a-1361-4038-9b5b-8cb416051416-impl-thread4] INFO  impl.RoleInfo (RoleInfo.java:shutdownLeaderState(94)) - 7299b60a-1361-4038-9b5b-8cb416051416: shutdown 7299b60a-1361-4038-9b5b-8cb416051416@group-E6BBE2641B90-LeaderStateImpl
2024-02-27 21:40:25,504 [e0fc16c3-8785-492f-95e3-5d2aafd0cf3f@group-804B6B9C10BF-cacheEviction-AwaitToRun] INFO  util.AwaitToRun (AwaitToRun.java:run(49)) - e0fc16c3-8785-492f-95e3-5d2aafd0cf3f@group-804B6B9C10BF-cacheEviction-AwaitToRun-AwaitForSignal is interrupted
2024-02-27 21:40:25,504 [ForkJoinPool.commonPool-worker-5] INFO  server.GrpcService (GrpcService.java:closeImpl(311)) - 7299b60a-1361-4038-9b5b-8cb416051416: shutdown server org.apache.ratis.grpc.server.GrpcClientProtocolService now
2024-02-27 21:40:25,513 [grpc-default-executor-0] WARN  server.GrpcServerProtocolService (LogUtils.java:warn(121)) - e0fc16c3-8785-492f-95e3-5d2aafd0cf3f: APPEND_ENTRIES onError, lastRequest: 7299b60a-1361-4038-9b5b-8cb416051416->e0fc16c3-8785-492f-95e3-5d2aafd0cf3f#1-t1,previous=(t:0, i:0),leaderCommit=-1,initializing? false,entries: size=1, first=(t:1, i:0), CONFIGURATIONENTRY(current:id: "7299b60a-1361-4038-9b5b-8cb416051416"
address: "10.1.0.18:15129"
priority: 1
dataStreamAddress: "10.1.0.18:15130"
clientAddress: "10.1.0.18:15127"
adminAddress: "10.1.0.18:15128"
startupRole: FOLLOWER
,id: "a4a9caa5-f98a-4b6d-87b4-17f7eca85f0e"
address: "10.1.0.18:15120"
dataStreamAddress: "10.1.0.18:15121"
clientAddress: "10.1.0.18:15118"
adminAddress: "10.1.0.18:15119"
startupRole: FOLLOWER
,id: "e0fc16c3-8785-492f-95e3-5d2aafd0cf3f"
address: "10.1.0.18:15111"
dataStreamAddress: "10.1.0.18:15112"
clientAddress: "10.1.0.18:15109"
adminAddress: "10.1.0.18:15110"
startupRole: FOLLOWER
, old:): org.apache.ratis.thirdparty.io.grpc.StatusRuntimeException: CANCELLED: client cancelled
2024-02-27 21:40:25,504 [7299b60a-1361-4038-9b5b-8cb416051416-impl-thread3] INFO  server.RaftServer$Division (RaftServerImpl.java:lambda$close$3(526)) - 7299b60a-1361-4038-9b5b-8cb416051416@group-38A797F17613: shutdown
2024-02-27 21:40:25,513 [7299b60a-1361-4038-9b5b-8cb416051416-impl-thread3] INFO  util.JmxRegister (JmxRegister.java:unregister(73)) - Successfully un-registered JMX Bean with object name Ratis:service=RaftServer,group=group-38A797F17613,id=7299b60a-1361-4038-9b5b-8cb416051416
2024-02-27 21:40:25,513 [7299b60a-1361-4038-9b5b-8cb416051416-impl-thread3] INFO  impl.RoleInfo (RoleInfo.java:shutdownFollowerState(110)) - 7299b60a-1361-4038-9b5b-8cb416051416: shutdown 7299b60a-1361-4038-9b5b-8cb416051416@group-38A797F17613-FollowerState
2024-02-27 21:40:25,504 [7299b60a-1361-4038-9b5b-8cb416051416-impl-thread2] INFO  server.RaftServer$Division (RaftServerImpl.java:lambda$close$3(526)) - 7299b60a-1361-4038-9b5b-8cb416051416@group-804B6B9C10BF: shutdown
2024-02-27 21:40:25,514 [7299b60a-1361-4038-9b5b-8cb416051416-impl-thread2] INFO  util.JmxRegister (JmxRegister.java:unregister(73)) - Successfully un-registered JMX Bean with object name Ratis:service=RaftServer,group=group-804B6B9C10BF,id=7299b60a-1361-4038-9b5b-8cb416051416
2024-02-27 21:40:25,514 [7299b60a-1361-4038-9b5b-8cb416051416-impl-thread2] INFO  impl.RoleInfo (RoleInfo.java:shutdownFollowerState(110)) - 7299b60a-1361-4038-9b5b-8cb416051416: shutdown 7299b60a-1361-4038-9b5b-8cb416051416@group-804B6B9C10BF-FollowerState
2024-02-27 21:40:25,504 [2818fa5f-cc14-4867-ab22-981a54c2b243-impl-thread4] INFO  impl.StateMachineUpdater (StateMachineUpdater.java:stopAndJoin(157)) - 2818fa5f-cc14-4867-ab22-981a54c2b243@group-C2392BA6B23C-StateMachineUpdater: set stopIndex = 0
2024-02-27 21:40:25,504 [7299b60a-1361-4038-9b5b-8cb416051416-impl-thread1] INFO  server.RaftServer$Division (RaftServerImpl.java:lambda$close$3(526)) - 7299b60a-1361-4038-9b5b-8cb416051416@group-5DEEE22C8A53: shutdown
2024-02-27 21:40:25,514 [7299b60a-1361-4038-9b5b-8cb416051416-impl-thread1] INFO  util.JmxRegister (JmxRegister.java:unregister(73)) - Successfully un-registered JMX Bean with object name Ratis:service=RaftServer,group=group-5DEEE22C8A53,id=7299b60a-1361-4038-9b5b-8cb416051416
2024-02-27 21:40:25,514 [Thread-2732] INFO  server.GrpcServerProtocolClient (GrpcServerProtocolClient.java:close(103)) - e0fc16c3-8785-492f-95e3-5d2aafd0cf3f Close channels
2024-02-27 21:40:25,504 [2818fa5f-cc14-4867-ab22-981a54c2b243@group-C2392BA6B23C-StateMachineUpdater] INFO  ratis.ContainerStateMachine (ContainerStateMachine.java:takeSnapshot(355)) - group-C2392BA6B23C: Taking a snapshot at:(t:1, i:0) file /home/runner/work/ozone/ozone/hadoop-ozone/integration-test/target/test-dir/MiniOzoneClusterImpl-6e3a073c-9bdc-4deb-8550-ef77f821b5e4/ozone-meta/datanode-4/ratis/016ca135-2be0-4d01-9c46-c2392ba6b23c/sm/snapshot.1_0
2024-02-27 21:40:25,504 [2818fa5f-cc14-4867-ab22-981a54c2b243@group-C2392BA6B23C-FollowerState] INFO  impl.FollowerState (FollowerState.java:run(152)) - 2818fa5f-cc14-4867-ab22-981a54c2b243@group-C2392BA6B23C-FollowerState was interrupted
2024-02-27 21:40:25,504 [a4a9caa5-f98a-4b6d-87b4-17f7eca85f0e@group-804B6B9C10BF-StateMachineUpdater] INFO  ratis.ContainerStateMachine (ContainerStateMachine.java:takeSnapshot(355)) - group-804B6B9C10BF: Taking a snapshot at:(t:1, i:0) file /home/runner/work/ozone/ozone/hadoop-ozone/integration-test/target/test-dir/MiniOzoneClusterImpl-6e3a073c-9bdc-4deb-8550-ef77f821b5e4/ozone-meta/datanode-2/ratis/18c9c50d-3d92-403f-8086-804b6b9c10bf/sm/snapshot.1_0
2024-02-27 21:40:25,504 [a4a9caa5-f98a-4b6d-87b4-17f7eca85f0e@group-804B6B9C10BF-FollowerState] INFO  impl.FollowerState (FollowerState.java:run(152)) - a4a9caa5-f98a-4b6d-87b4-17f7eca85f0e@group-804B6B9C10BF-FollowerState was interrupted
2024-02-27 21:40:25,504 [a4a9caa5-f98a-4b6d-87b4-17f7eca85f0e-impl-thread1] INFO  impl.StateMachineUpdater (StateMachineUpdater.java:stopAndJoin(157)) - a4a9caa5-f98a-4b6d-87b4-17f7eca85f0e@group-804B6B9C10BF-StateMachineUpdater: set stopIndex = 0
2024-02-27 21:40:25,504 [2818fa5f-cc14-4867-ab22-981a54c2b243@group-38A797F17613->e0fc16c3-8785-492f-95e3-5d2aafd0cf3f-GrpcLogAppender-LogAppenderDaemon] WARN  server.GrpcLogAppender (GrpcLogAppender.java:mayWait(289)) - 2818fa5f-cc14-4867-ab22-981a54c2b243@group-38A797F17613->e0fc16c3-8785-492f-95e3-5d2aafd0cf3f-GrpcLogAppender: Wait interrupted by java.lang.InterruptedException
2024-02-27 21:40:25,504 [2818fa5f-cc14-4867-ab22-981a54c2b243-impl-thread2] INFO  impl.PendingRequests (PendingRequests.java:sendNotLeaderResponses(289)) - 2818fa5f-cc14-4867-ab22-981a54c2b243@group-38A797F17613-PendingRequests: sendNotLeaderResponses
2024-02-27 21:40:25,504 [2818fa5f-cc14-4867-ab22-981a54c2b243@group-38A797F17613->7299b60a-1361-4038-9b5b-8cb416051416-GrpcLogAppender-LogAppenderDaemon] WARN  server.GrpcLogAppender (GrpcLogAppender.java:mayWait(289)) - 2818fa5f-cc14-4867-ab22-981a54c2b243@group-38A797F17613->7299b60a-1361-4038-9b5b-8cb416051416-GrpcLogAppender: Wait interrupted by java.lang.InterruptedException
2024-02-27 21:40:25,504 [e0fc16c3-8785-492f-95e3-5d2aafd0cf3f@group-E6BBE2641B90-cacheEviction-AwaitToRun] INFO  util.AwaitToRun (AwaitToRun.java:run(49)) - e0fc16c3-8785-492f-95e3-5d2aafd0cf3f@group-E6BBE2641B90-cacheEviction-AwaitToRun-AwaitForSignal is interrupted
2024-02-27 21:40:25,504 [grpc-default-executor-6] INFO  server.GrpcLogAppender (GrpcLogAppender.java:onCompleted(546)) - e0fc16c3-8785-492f-95e3-5d2aafd0cf3f@group-804B6B9C10BF->7299b60a-1361-4038-9b5b-8cb416051416-AppendLogResponseHandler: follower responses appendEntries COMPLETED
2024-02-27 21:40:25,517 [grpc-default-executor-6] WARN  server.GrpcLogAppender (GrpcLogAppender.java:resetClient(226)) - e0fc16c3-8785-492f-95e3-5d2aafd0cf3f@group-804B6B9C10BF->7299b60a-1361-4038-9b5b-8cb416051416-GrpcLogAppender: Failed to getClient for 7299b60a-1361-4038-9b5b-8cb416051416
org.apache.ratis.protocol.exceptions.AlreadyClosedException: e0fc16c3-8785-492f-95e3-5d2aafd0cf3f is already CLOSED
	at org.apache.ratis.util.PeerProxyMap$PeerAndProxy.getProxy(PeerProxyMap.java:65)
	at org.apache.ratis.util.PeerProxyMap.getProxy(PeerProxyMap.java:114)
	at org.apache.ratis.grpc.server.GrpcLogAppender.getClient(GrpcLogAppender.java:196)
	at org.apache.ratis.grpc.server.GrpcLogAppender.resetClient(GrpcLogAppender.java:201)
	at org.apache.ratis.grpc.server.GrpcLogAppender.access$800(GrpcLogAppender.java:62)
	at org.apache.ratis.grpc.server.GrpcLogAppender$AppendLogResponseHandler.onCompleted(GrpcLogAppender.java:547)
	at org.apache.ratis.thirdparty.io.grpc.stub.ClientCalls$StreamObserverToCallListenerAdapter.onClose(ClientCalls.java:479)
	at org.apache.ratis.thirdparty.io.grpc.internal.DelayedClientCall$DelayedListener$3.run(DelayedClientCall.java:489)
	at org.apache.ratis.thirdparty.io.grpc.internal.DelayedClientCall$DelayedListener.delayOrExecute(DelayedClientCall.java:453)
	at org.apache.ratis.thirdparty.io.grpc.internal.DelayedClientCall$DelayedListener.onClose(DelayedClientCall.java:486)
	at org.apache.ratis.thirdparty.io.grpc.internal.ClientCallImpl.closeObserver(ClientCallImpl.java:567)
	at org.apache.ratis.thirdparty.io.grpc.internal.ClientCallImpl.access$300(ClientCallImpl.java:71)
	at org.apache.ratis.thirdparty.io.grpc.internal.ClientCallImpl$ClientStreamListenerImpl$1StreamClosed.runInternal(ClientCallImpl.java:735)
	at org.apache.ratis.thirdparty.io.grpc.internal.ClientCallImpl$ClientStreamListenerImpl$1StreamClosed.runInContext(ClientCallImpl.java:716)
	at org.apache.ratis.thirdparty.io.grpc.internal.ContextRunnable.run(ContextRunnable.java:37)
	at org.apache.ratis.thirdparty.io.grpc.internal.SerializingExecutor.run(SerializingExecutor.java:133)
	at java.util.concurrent.ThreadPoolExecutor.runWorker(ThreadPoolExecutor.java:1149)
	at java.util.concurrent.ThreadPoolExecutor$Worker.run(ThreadPoolExecutor.java:624)
	at java.lang.Thread.run(Thread.java:750)
2024-02-27 21:40:25,516 [grpc-default-executor-0] WARN  server.GrpcServerProtocolService (LogUtils.java:warn(121)) - e0fc16c3-8785-492f-95e3-5d2aafd0cf3f: APPEND_ENTRIES onError, lastRequest: null: org.apache.ratis.thirdparty.io.grpc.StatusRuntimeException: CANCELLED: client cancelled
2024-02-27 21:40:25,516 [grpc-default-executor-1] INFO  server.GrpcLogAppender (GrpcLogAppender.java:onError(533)) - 2818fa5f-cc14-4867-ab22-981a54c2b243@group-38A797F17613->e0fc16c3-8785-492f-95e3-5d2aafd0cf3f-GrpcLogAppender is already stopped
2024-02-27 21:40:25,516 [2818fa5f-cc14-4867-ab22-981a54c2b243@group-C2392BA6B23C-StateMachineUpdater] INFO  ratis.ContainerStateMachine (ContainerStateMachine.java:takeSnapshot(366)) - group-C2392BA6B23C: Finished taking a snapshot at:(t:1, i:0) file:/home/runner/work/ozone/ozone/hadoop-ozone/integration-test/target/test-dir/MiniOzoneClusterImpl-6e3a073c-9bdc-4deb-8550-ef77f821b5e4/ozone-meta/datanode-4/ratis/016ca135-2be0-4d01-9c46-c2392ba6b23c/sm/snapshot.1_0 took: 11 ms
2024-02-27 21:40:25,517 [7299b60a-1361-4038-9b5b-8cb416051416-impl-thread2] INFO  impl.StateMachineUpdater (StateMachineUpdater.java:stopAndJoin(157)) - 7299b60a-1361-4038-9b5b-8cb416051416@group-804B6B9C10BF-StateMachineUpdater: set stopIndex = 0
2024-02-27 21:40:25,517 [7299b60a-1361-4038-9b5b-8cb416051416@group-804B6B9C10BF-FollowerState] INFO  impl.FollowerState (FollowerState.java:run(152)) - 7299b60a-1361-4038-9b5b-8cb416051416@group-804B6B9C10BF-FollowerState was interrupted
2024-02-27 21:40:25,517 [7299b60a-1361-4038-9b5b-8cb416051416@group-804B6B9C10BF-StateMachineUpdater] INFO  ratis.ContainerStateMachine (ContainerStateMachine.java:takeSnapshot(355)) - group-804B6B9C10BF: Taking a snapshot at:(t:1, i:0) file /home/runner/work/ozone/ozone/hadoop-ozone/integration-test/target/test-dir/MiniOzoneClusterImpl-6e3a073c-9bdc-4deb-8550-ef77f821b5e4/ozone-meta/datanode-3/ratis/18c9c50d-3d92-403f-8086-804b6b9c10bf/sm/snapshot.1_0
2024-02-27 21:40:25,515 [a4a9caa5-f98a-4b6d-87b4-17f7eca85f0e@group-E6BBE2641B90-cacheEviction-AwaitToRun] INFO  util.AwaitToRun (AwaitToRun.java:run(49)) - a4a9caa5-f98a-4b6d-87b4-17f7eca85f0e@group-E6BBE2641B90-cacheEviction-AwaitToRun-AwaitForSignal is interrupted
2024-02-27 21:40:25,515 [a4a9caa5-f98a-4b6d-87b4-17f7eca85f0e@group-804B6B9C10BF-StateMachineUpdater] INFO  ratis.ContainerStateMachine (ContainerStateMachine.java:takeSnapshot(366)) - group-804B6B9C10BF: Finished taking a snapshot at:(t:1, i:0) file:/home/runner/work/ozone/ozone/hadoop-ozone/integration-test/target/test-dir/MiniOzoneClusterImpl-6e3a073c-9bdc-4deb-8550-ef77f821b5e4/ozone-meta/datanode-2/ratis/18c9c50d-3d92-403f-8086-804b6b9c10bf/sm/snapshot.1_0 took: 11 ms
2024-02-27 21:40:25,518 [2818fa5f-cc14-4867-ab22-981a54c2b243@group-38A797F17613-StateMachineUpdater] INFO  ratis.ContainerStateMachine (ContainerStateMachine.java:takeSnapshot(355)) - group-38A797F17613: Taking a snapshot at:(t:1, i:0) file /home/runner/work/ozone/ozone/hadoop-ozone/integration-test/target/test-dir/MiniOzoneClusterImpl-6e3a073c-9bdc-4deb-8550-ef77f821b5e4/ozone-meta/datanode-4/ratis/bb1f1dd2-6739-43a3-b96a-38a797f17613/sm/snapshot.1_0
2024-02-27 21:40:25,518 [2818fa5f-cc14-4867-ab22-981a54c2b243-impl-thread2] INFO  impl.StateMachineUpdater (StateMachineUpdater.java:stopAndJoin(157)) - 2818fa5f-cc14-4867-ab22-981a54c2b243@group-38A797F17613-StateMachineUpdater: set stopIndex = 0
2024-02-27 21:40:25,514 [Thread-2733] INFO  server.GrpcServerProtocolClient (GrpcServerProtocolClient.java:close(103)) - acd5b146-ec22-4575-ab5b-633d0d82c7a3 Close channels
2024-02-27 21:40:25,518 [7299b60a-1361-4038-9b5b-8cb416051416@group-804B6B9C10BF-StateMachineUpdater] INFO  ratis.ContainerStateMachine (ContainerStateMachine.java:takeSnapshot(366)) - group-804B6B9C10BF: Finished taking a snapshot at:(t:1, i:0) file:/home/runner/work/ozone/ozone/hadoop-ozone/integration-test/target/test-dir/MiniOzoneClusterImpl-6e3a073c-9bdc-4deb-8550-ef77f821b5e4/ozone-meta/datanode-3/ratis/18c9c50d-3d92-403f-8086-804b6b9c10bf/sm/snapshot.1_0 took: 1 ms
2024-02-27 21:40:25,518 [Thread-2731] INFO  server.GrpcServerProtocolClient (GrpcServerProtocolClient.java:close(103)) - a4a9caa5-f98a-4b6d-87b4-17f7eca85f0e Close channels
2024-02-27 21:40:25,519 [7299b60a-1361-4038-9b5b-8cb416051416-impl-thread3] INFO  impl.StateMachineUpdater (StateMachineUpdater.java:stopAndJoin(157)) - 7299b60a-1361-4038-9b5b-8cb416051416@group-38A797F17613-StateMachineUpdater: set stopIndex = -1
2024-02-27 21:40:25,514 [7299b60a-1361-4038-9b5b-8cb416051416-impl-thread1] INFO  impl.RoleInfo (RoleInfo.java:shutdownLeaderState(94)) - 7299b60a-1361-4038-9b5b-8cb416051416: shutdown 7299b60a-1361-4038-9b5b-8cb416051416@group-5DEEE22C8A53-LeaderStateImpl
2024-02-27 21:40:25,519 [7299b60a-1361-4038-9b5b-8cb416051416-impl-thread1] INFO  impl.PendingRequests (PendingRequests.java:sendNotLeaderResponses(289)) - 7299b60a-1361-4038-9b5b-8cb416051416@group-5DEEE22C8A53-PendingRequests: sendNotLeaderResponses
2024-02-27 21:40:25,519 [7299b60a-1361-4038-9b5b-8cb416051416@group-38A797F17613-FollowerState] INFO  impl.FollowerState (FollowerState.java:run(152)) - 7299b60a-1361-4038-9b5b-8cb416051416@group-38A797F17613-FollowerState was interrupted
2024-02-27 21:40:25,513 [grpc-default-executor-4] WARN  server.GrpcLogAppender (LogUtils.java:warn(121)) - 7299b60a-1361-4038-9b5b-8cb416051416@group-E6BBE2641B90->e0fc16c3-8785-492f-95e3-5d2aafd0cf3f-AppendLogResponseHandler: Failed appendEntries: org.apache.ratis.thirdparty.io.grpc.StatusRuntimeException: CANCELLED: RST_STREAM closed stream. HTTP/2 error code: CANCEL
2024-02-27 21:40:25,519 [7299b60a-1361-4038-9b5b-8cb416051416@group-5DEEE22C8A53->2818fa5f-cc14-4867-ab22-981a54c2b243-GrpcLogAppender-LogAppenderDaemon] WARN  server.GrpcLogAppender (GrpcLogAppender.java:mayWait(289)) - 7299b60a-1361-4038-9b5b-8cb416051416@group-5DEEE22C8A53->2818fa5f-cc14-4867-ab22-981a54c2b243-GrpcLogAppender: Wait interrupted by java.lang.InterruptedException
2024-02-27 21:40:25,519 [grpc-default-executor-3] WARN  server.GrpcServerProtocolService (LogUtils.java:warn(121)) - e0fc16c3-8785-492f-95e3-5d2aafd0cf3f: APPEND_ENTRIES onError, lastRequest: 2818fa5f-cc14-4867-ab22-981a54c2b243->e0fc16c3-8785-492f-95e3-5d2aafd0cf3f#1-t1,previous=(t:0, i:0),leaderCommit=-1,initializing? false,entries: size=1, first=(t:1, i:0), CONFIGURATIONENTRY(current:id: "7299b60a-1361-4038-9b5b-8cb416051416"
address: "10.1.0.18:15129"
dataStreamAddress: "10.1.0.18:15130"
clientAddress: "10.1.0.18:15127"
adminAddress: "10.1.0.18:15128"
startupRole: FOLLOWER
,id: "2818fa5f-cc14-4867-ab22-981a54c2b243"
address: "10.1.0.18:15138"
priority: 1
dataStreamAddress: "10.1.0.18:15139"
clientAddress: "10.1.0.18:15136"
adminAddress: "10.1.0.18:15137"
startupRole: FOLLOWER
,id: "e0fc16c3-8785-492f-95e3-5d2aafd0cf3f"
address: "10.1.0.18:15111"
dataStreamAddress: "10.1.0.18:15112"
clientAddress: "10.1.0.18:15109"
adminAddress: "10.1.0.18:15110"
startupRole: FOLLOWER
, old:): org.apache.ratis.thirdparty.io.grpc.StatusRuntimeException: CANCELLED: client cancelled
2024-02-27 21:40:25,512 [2818fa5f-cc14-4867-ab22-981a54c2b243@group-A218E7DAA433-StateMachineUpdater] INFO  ratis.ContainerStateMachine (ContainerStateMachine.java:takeSnapshot(366)) - group-A218E7DAA433: Finished taking a snapshot at:(t:1, i:0) file:/home/runner/work/ozone/ozone/hadoop-ozone/integration-test/target/test-dir/MiniOzoneClusterImpl-6e3a073c-9bdc-4deb-8550-ef77f821b5e4/ozone-meta/datanode-4/ratis/3b9a94bc-9df7-479a-ab76-a218e7daa433/sm/snapshot.1_0 took: 8 ms
2024-02-27 21:40:25,511 [2818fa5f-cc14-4867-ab22-981a54c2b243-impl-thread1] INFO  server.RaftServer$Division (ServerState.java:close(427)) - 2818fa5f-cc14-4867-ab22-981a54c2b243@group-5DEEE22C8A53: applyIndex: -1
2024-02-27 21:40:25,523 [2818fa5f-cc14-4867-ab22-981a54c2b243@group-A218E7DAA433-StateMachineUpdater] INFO  impl.StateMachineUpdater (StateMachineUpdater.java:takeSnapshot(295)) - 2818fa5f-cc14-4867-ab22-981a54c2b243@group-A218E7DAA433-StateMachineUpdater: Took a snapshot at index 0
2024-02-27 21:40:25,523 [2818fa5f-cc14-4867-ab22-981a54c2b243@group-5DEEE22C8A53-cacheEviction-AwaitToRun] INFO  util.AwaitToRun (AwaitToRun.java:run(49)) - 2818fa5f-cc14-4867-ab22-981a54c2b243@group-5DEEE22C8A53-cacheEviction-AwaitToRun-AwaitForSignal is interrupted
2024-02-27 21:40:25,511 [a4a9caa5-f98a-4b6d-87b4-17f7eca85f0e-impl-thread4] INFO  util.JmxRegister (JmxRegister.java:unregister(73)) - Successfully un-registered JMX Bean with object name Ratis:service=RaftServer,group=group-ED4D28972EF5,id=a4a9caa5-f98a-4b6d-87b4-17f7eca85f0e
2024-02-27 21:40:25,523 [a4a9caa5-f98a-4b6d-87b4-17f7eca85f0e-impl-thread4] INFO  impl.RoleInfo (RoleInfo.java:shutdownFollowerState(110)) - a4a9caa5-f98a-4b6d-87b4-17f7eca85f0e: shutdown a4a9caa5-f98a-4b6d-87b4-17f7eca85f0e@group-ED4D28972EF5-FollowerState
2024-02-27 21:40:25,511 [grpc-default-executor-2] INFO  server.GrpcLogAppender (GrpcLogAppender.java:onCompleted(546)) - e0fc16c3-8785-492f-95e3-5d2aafd0cf3f@group-A6616489C41E->a4a9caa5-f98a-4b6d-87b4-17f7eca85f0e-AppendLogResponseHandler: follower responses appendEntries COMPLETED
2024-02-27 21:40:25,524 [grpc-default-executor-2] WARN  server.GrpcLogAppender (GrpcLogAppender.java:resetClient(226)) - e0fc16c3-8785-492f-95e3-5d2aafd0cf3f@group-A6616489C41E->a4a9caa5-f98a-4b6d-87b4-17f7eca85f0e-GrpcLogAppender: Failed to getClient for a4a9caa5-f98a-4b6d-87b4-17f7eca85f0e
org.apache.ratis.protocol.exceptions.AlreadyClosedException: e0fc16c3-8785-492f-95e3-5d2aafd0cf3f is already CLOSED
	at org.apache.ratis.util.PeerProxyMap$PeerAndProxy.getProxy(PeerProxyMap.java:65)
	at org.apache.ratis.util.PeerProxyMap.getProxy(PeerProxyMap.java:114)
	at org.apache.ratis.grpc.server.GrpcLogAppender.getClient(GrpcLogAppender.java:196)
	at org.apache.ratis.grpc.server.GrpcLogAppender.resetClient(GrpcLogAppender.java:201)
	at org.apache.ratis.grpc.server.GrpcLogAppender.access$800(GrpcLogAppender.java:62)
	at org.apache.ratis.grpc.server.GrpcLogAppender$AppendLogResponseHandler.onCompleted(GrpcLogAppender.java:547)
	at org.apache.ratis.thirdparty.io.grpc.stub.ClientCalls$StreamObserverToCallListenerAdapter.onClose(ClientCalls.java:479)
	at org.apache.ratis.thirdparty.io.grpc.internal.ClientCallImpl.closeObserver(ClientCallImpl.java:567)
	at org.apache.ratis.thirdparty.io.grpc.internal.ClientCallImpl.access$300(ClientCallImpl.java:71)
	at org.apache.ratis.thirdparty.io.grpc.internal.ClientCallImpl$ClientStreamListenerImpl$1StreamClosed.runInternal(ClientCallImpl.java:735)
	at org.apache.ratis.thirdparty.io.grpc.internal.ClientCallImpl$ClientStreamListenerImpl$1StreamClosed.runInContext(ClientCallImpl.java:716)
	at org.apache.ratis.thirdparty.io.grpc.internal.ContextRunnable.run(ContextRunnable.java:37)
	at org.apache.ratis.thirdparty.io.grpc.internal.SerializingExecutor.run(SerializingExecutor.java:133)
	at java.util.concurrent.ThreadPoolExecutor.runWorker(ThreadPoolExecutor.java:1149)
	at java.util.concurrent.ThreadPoolExecutor$Worker.run(ThreadPoolExecutor.java:624)
	at java.lang.Thread.run(Thread.java:750)
2024-02-27 21:40:25,523 [2818fa5f-cc14-4867-ab22-981a54c2b243@group-A218E7DAA433-StateMachineUpdater] INFO  impl.StateMachineUpdater (StateMachineUpdater.java:lambda$new$0(98)) - 2818fa5f-cc14-4867-ab22-981a54c2b243@group-A218E7DAA433-StateMachineUpdater: snapshotIndex: updateIncreasingly -1 -> 0
2024-02-27 21:40:25,524 [Thread-2735] INFO  server.GrpcServerProtocolClient (GrpcServerProtocolClient.java:close(103)) - 2818fa5f-cc14-4867-ab22-981a54c2b243 Close channels
2024-02-27 21:40:25,523 [a4a9caa5-f98a-4b6d-87b4-17f7eca85f0e-impl-thread3] INFO  impl.StateMachineUpdater (StateMachineUpdater.java:stopAndJoin(157)) - a4a9caa5-f98a-4b6d-87b4-17f7eca85f0e@group-A6616489C41E-StateMachineUpdater: set stopIndex = -1
2024-02-27 21:40:25,523 [ForkJoinPool.commonPool-worker-4] INFO  server.GrpcService (GrpcService.java:closeImpl(320)) - e0fc16c3-8785-492f-95e3-5d2aafd0cf3f: shutdown server GrpcServerProtocolService successfully
2024-02-27 21:40:25,524 [ForkJoinPool.commonPool-worker-4] INFO  server.GrpcService (GrpcService.java:closeImpl(311)) - e0fc16c3-8785-492f-95e3-5d2aafd0cf3f: shutdown server org.apache.ratis.grpc.server.GrpcAdminProtocolService now
2024-02-27 21:40:25,523 [a4a9caa5-f98a-4b6d-87b4-17f7eca85f0e@group-A6616489C41E-FollowerState] INFO  impl.FollowerState (FollowerState.java:run(152)) - a4a9caa5-f98a-4b6d-87b4-17f7eca85f0e@group-A6616489C41E-FollowerState was interrupted
2024-02-27 21:40:25,522 [7299b60a-1361-4038-9b5b-8cb416051416@group-E6BBE2641B90->e0fc16c3-8785-492f-95e3-5d2aafd0cf3f-GrpcLogAppender-LogAppenderDaemon] WARN  server.GrpcLogAppender (GrpcLogAppender.java:mayWait(289)) - 7299b60a-1361-4038-9b5b-8cb416051416@group-E6BBE2641B90->e0fc16c3-8785-492f-95e3-5d2aafd0cf3f-GrpcLogAppender: Wait interrupted by java.lang.InterruptedException
2024-02-27 21:40:25,522 [7299b60a-1361-4038-9b5b-8cb416051416-impl-thread4] INFO  impl.PendingRequests (PendingRequests.java:sendNotLeaderResponses(289)) - 7299b60a-1361-4038-9b5b-8cb416051416@group-E6BBE2641B90-PendingRequests: sendNotLeaderResponses
2024-02-27 21:40:25,522 [7299b60a-1361-4038-9b5b-8cb416051416@group-E6BBE2641B90->a4a9caa5-f98a-4b6d-87b4-17f7eca85f0e-GrpcLogAppender-LogAppenderDaemon] WARN  server.GrpcLogAppender (GrpcLogAppender.java:mayWait(289)) - 7299b60a-1361-4038-9b5b-8cb416051416@group-E6BBE2641B90->a4a9caa5-f98a-4b6d-87b4-17f7eca85f0e-GrpcLogAppender: Wait interrupted by java.lang.InterruptedException
2024-02-27 21:40:25,519 [grpc-default-executor-4] WARN  server.GrpcLogAppender (GrpcLogAppender.java:lambda$resetClient$1(217)) - 7299b60a-1361-4038-9b5b-8cb416051416@group-E6BBE2641B90->e0fc16c3-8785-492f-95e3-5d2aafd0cf3f-GrpcLogAppender: Follower failed (request=null, errorCount=1); keep nextIndex (1) unchanged and retry.
2024-02-27 21:40:25,518 [a4a9caa5-f98a-4b6d-87b4-17f7eca85f0e@group-804B6B9C10BF-StateMachineUpdater] INFO  impl.StateMachineUpdater (StateMachineUpdater.java:takeSnapshot(295)) - a4a9caa5-f98a-4b6d-87b4-17f7eca85f0e@group-804B6B9C10BF-StateMachineUpdater: Took a snapshot at index 0
2024-02-27 21:40:25,524 [a4a9caa5-f98a-4b6d-87b4-17f7eca85f0e@group-804B6B9C10BF-StateMachineUpdater] INFO  impl.StateMachineUpdater (StateMachineUpdater.java:lambda$new$0(98)) - a4a9caa5-f98a-4b6d-87b4-17f7eca85f0e@group-804B6B9C10BF-StateMachineUpdater: snapshotIndex: updateIncreasingly -1 -> 0
2024-02-27 21:40:25,525 [7299b60a-1361-4038-9b5b-8cb416051416-impl-thread4] INFO  impl.StateMachineUpdater (StateMachineUpdater.java:stopAndJoin(157)) - 7299b60a-1361-4038-9b5b-8cb416051416@group-E6BBE2641B90-StateMachineUpdater: set stopIndex = 0
2024-02-27 21:40:25,517 [2818fa5f-cc14-4867-ab22-981a54c2b243@group-C2392BA6B23C-StateMachineUpdater] INFO  impl.StateMachineUpdater (StateMachineUpdater.java:takeSnapshot(295)) - 2818fa5f-cc14-4867-ab22-981a54c2b243@group-C2392BA6B23C-StateMachineUpdater: Took a snapshot at index 0
2024-02-27 21:40:25,525 [7299b60a-1361-4038-9b5b-8cb416051416@group-E6BBE2641B90-StateMachineUpdater] INFO  ratis.ContainerStateMachine (ContainerStateMachine.java:takeSnapshot(355)) - group-E6BBE2641B90: Taking a snapshot at:(t:1, i:0) file /home/runner/work/ozone/ozone/hadoop-ozone/integration-test/target/test-dir/MiniOzoneClusterImpl-6e3a073c-9bdc-4deb-8550-ef77f821b5e4/ozone-meta/datanode-3/ratis/c6a2c24f-5c82-40cd-a726-e6bbe2641b90/sm/snapshot.1_0
2024-02-27 21:40:25,524 [2818fa5f-cc14-4867-ab22-981a54c2b243-impl-thread3] INFO  server.RaftServer$Division (ServerState.java:close(427)) - 2818fa5f-cc14-4867-ab22-981a54c2b243@group-A218E7DAA433: applyIndex: 0
2024-02-27 21:40:25,524 [a4a9caa5-f98a-4b6d-87b4-17f7eca85f0e-impl-thread3] INFO  server.RaftServer$Division (ServerState.java:close(427)) - a4a9caa5-f98a-4b6d-87b4-17f7eca85f0e@group-A6616489C41E: applyIndex: -1
2024-02-27 21:40:25,525 [2818fa5f-cc14-4867-ab22-981a54c2b243@group-C2392BA6B23C-StateMachineUpdater] INFO  impl.StateMachineUpdater (StateMachineUpdater.java:lambda$new$0(98)) - 2818fa5f-cc14-4867-ab22-981a54c2b243@group-C2392BA6B23C-StateMachineUpdater: snapshotIndex: updateIncreasingly -1 -> 0
2024-02-27 21:40:25,525 [Thread-2740] INFO  server.GrpcServerProtocolClient (GrpcServerProtocolClient.java:close(103)) - 2da9303e-6724-4504-a4a5-d250e7d22259 Close channels
2024-02-27 21:40:25,525 [Thread-2742] INFO  server.GrpcServerProtocolClient (GrpcServerProtocolClient.java:close(103)) - e0fc16c3-8785-492f-95e3-5d2aafd0cf3f Close channels
2024-02-27 21:40:25,525 [7299b60a-1361-4038-9b5b-8cb416051416@group-E6BBE2641B90-StateMachineUpdater] INFO  ratis.ContainerStateMachine (ContainerStateMachine.java:takeSnapshot(366)) - group-E6BBE2641B90: Finished taking a snapshot at:(t:1, i:0) file:/home/runner/work/ozone/ozone/hadoop-ozone/integration-test/target/test-dir/MiniOzoneClusterImpl-6e3a073c-9bdc-4deb-8550-ef77f821b5e4/ozone-meta/datanode-3/ratis/c6a2c24f-5c82-40cd-a726-e6bbe2641b90/sm/snapshot.1_0 took: 1 ms
2024-02-27 21:40:25,526 [7299b60a-1361-4038-9b5b-8cb416051416@group-E6BBE2641B90-StateMachineUpdater] INFO  impl.StateMachineUpdater (StateMachineUpdater.java:takeSnapshot(295)) - 7299b60a-1361-4038-9b5b-8cb416051416@group-E6BBE2641B90-StateMachineUpdater: Took a snapshot at index 0
2024-02-27 21:40:25,526 [7299b60a-1361-4038-9b5b-8cb416051416@group-E6BBE2641B90-StateMachineUpdater] INFO  impl.StateMachineUpdater (StateMachineUpdater.java:lambda$new$0(98)) - 7299b60a-1361-4038-9b5b-8cb416051416@group-E6BBE2641B90-StateMachineUpdater: snapshotIndex: updateIncreasingly -1 -> 0
2024-02-27 21:40:25,526 [7299b60a-1361-4038-9b5b-8cb416051416-impl-thread4] INFO  server.RaftServer$Division (ServerState.java:close(427)) - 7299b60a-1361-4038-9b5b-8cb416051416@group-E6BBE2641B90: applyIndex: 0
2024-02-27 21:40:25,526 [7299b60a-1361-4038-9b5b-8cb416051416@group-E6BBE2641B90-cacheEviction-AwaitToRun] INFO  util.AwaitToRun (AwaitToRun.java:run(49)) - 7299b60a-1361-4038-9b5b-8cb416051416@group-E6BBE2641B90-cacheEviction-AwaitToRun-AwaitForSignal is interrupted
2024-02-27 21:40:25,526 [7299b60a-1361-4038-9b5b-8cb416051416@group-5DEEE22C8A53->2da9303e-6724-4504-a4a5-d250e7d22259-GrpcLogAppender-LogAppenderDaemon] WARN  server.GrpcLogAppender (GrpcLogAppender.java:mayWait(289)) - 7299b60a-1361-4038-9b5b-8cb416051416@group-5DEEE22C8A53->2da9303e-6724-4504-a4a5-d250e7d22259-GrpcLogAppender: Wait interrupted by java.lang.InterruptedException
2024-02-27 21:40:25,526 [7299b60a-1361-4038-9b5b-8cb416051416@group-804B6B9C10BF-StateMachineUpdater] INFO  impl.StateMachineUpdater (StateMachineUpdater.java:takeSnapshot(295)) - 7299b60a-1361-4038-9b5b-8cb416051416@group-804B6B9C10BF-StateMachineUpdater: Took a snapshot at index 0
2024-02-27 21:40:25,526 [grpc-default-executor-1] INFO  server.GrpcLogAppender (GrpcLogAppender.java:onError(533)) - 2818fa5f-cc14-4867-ab22-981a54c2b243@group-38A797F17613->e0fc16c3-8785-492f-95e3-5d2aafd0cf3f-GrpcLogAppender is already stopped
2024-02-27 21:40:25,526 [7299b60a-1361-4038-9b5b-8cb416051416-impl-thread1] INFO  impl.StateMachineUpdater (StateMachineUpdater.java:stopAndJoin(157)) - 7299b60a-1361-4038-9b5b-8cb416051416@group-5DEEE22C8A53-StateMachineUpdater: set stopIndex = 0
2024-02-27 21:40:25,526 [7299b60a-1361-4038-9b5b-8cb416051416@group-5DEEE22C8A53-StateMachineUpdater] INFO  ratis.ContainerStateMachine (ContainerStateMachine.java:takeSnapshot(355)) - group-5DEEE22C8A53: Taking a snapshot at:(t:1, i:0) file /home/runner/work/ozone/ozone/hadoop-ozone/integration-test/target/test-dir/MiniOzoneClusterImpl-6e3a073c-9bdc-4deb-8550-ef77f821b5e4/ozone-meta/datanode-3/ratis/8a1a8f27-33c5-4349-acd6-5deee22c8a53/sm/snapshot.1_0
2024-02-27 21:40:25,526 [2818fa5f-cc14-4867-ab22-981a54c2b243-impl-thread4] INFO  server.RaftServer$Division (ServerState.java:close(427)) - 2818fa5f-cc14-4867-ab22-981a54c2b243@group-C2392BA6B23C: applyIndex: 0
2024-02-27 21:40:25,527 [2818fa5f-cc14-4867-ab22-981a54c2b243@group-C2392BA6B23C-cacheEviction-AwaitToRun] INFO  util.AwaitToRun (AwaitToRun.java:run(49)) - 2818fa5f-cc14-4867-ab22-981a54c2b243@group-C2392BA6B23C-cacheEviction-AwaitToRun-AwaitForSignal is interrupted
2024-02-27 21:40:25,526 [7299b60a-1361-4038-9b5b-8cb416051416@group-804B6B9C10BF-StateMachineUpdater] INFO  impl.StateMachineUpdater (StateMachineUpdater.java:lambda$new$0(98)) - 7299b60a-1361-4038-9b5b-8cb416051416@group-804B6B9C10BF-StateMachineUpdater: snapshotIndex: updateIncreasingly -1 -> 0
2024-02-27 21:40:25,527 [a4a9caa5-f98a-4b6d-87b4-17f7eca85f0e-impl-thread1] INFO  server.RaftServer$Division (ServerState.java:close(427)) - a4a9caa5-f98a-4b6d-87b4-17f7eca85f0e@group-804B6B9C10BF: applyIndex: 0
2024-02-27 21:40:25,526 [grpc-default-executor-0] WARN  server.GrpcServerProtocolService (LogUtils.java:warn(121)) - e0fc16c3-8785-492f-95e3-5d2aafd0cf3f: APPEND_ENTRIES onError, lastRequest: null: org.apache.ratis.thirdparty.io.grpc.StatusRuntimeException: CANCELLED: client cancelled
2024-02-27 21:40:25,527 [a4a9caa5-f98a-4b6d-87b4-17f7eca85f0e@group-804B6B9C10BF-cacheEviction-AwaitToRun] INFO  util.AwaitToRun (AwaitToRun.java:run(49)) - a4a9caa5-f98a-4b6d-87b4-17f7eca85f0e@group-804B6B9C10BF-cacheEviction-AwaitToRun-AwaitForSignal is interrupted
2024-02-27 21:40:25,527 [7299b60a-1361-4038-9b5b-8cb416051416-impl-thread2] INFO  server.RaftServer$Division (ServerState.java:close(427)) - 7299b60a-1361-4038-9b5b-8cb416051416@group-804B6B9C10BF: applyIndex: 0
2024-02-27 21:40:25,528 [7299b60a-1361-4038-9b5b-8cb416051416@group-5DEEE22C8A53-StateMachineUpdater] INFO  ratis.ContainerStateMachine (ContainerStateMachine.java:takeSnapshot(366)) - group-5DEEE22C8A53: Finished taking a snapshot at:(t:1, i:0) file:/home/runner/work/ozone/ozone/hadoop-ozone/integration-test/target/test-dir/MiniOzoneClusterImpl-6e3a073c-9bdc-4deb-8550-ef77f821b5e4/ozone-meta/datanode-3/ratis/8a1a8f27-33c5-4349-acd6-5deee22c8a53/sm/snapshot.1_0 took: 2 ms
2024-02-27 21:40:25,528 [grpc-default-executor-0] INFO  server.GrpcServerProtocolService (GrpcServerProtocolService.java:onCompleted(157)) - 7299b60a-1361-4038-9b5b-8cb416051416: Completed APPEND_ENTRIES, lastRequest: null
2024-02-27 21:40:25,529 [grpc-default-executor-0] INFO  server.GrpcServerProtocolService (GrpcServerProtocolService.java:lambda$onCompleted$5(159)) - 7299b60a-1361-4038-9b5b-8cb416051416: Completed APPEND_ENTRIES, lastReply: serverReply {
  requestorId: "2818fa5f-cc14-4867-ab22-981a54c2b243"
  replyId: "7299b60a-1361-4038-9b5b-8cb416051416"
  raftGroupId {
    id: "\273\037\035\322g9C\243\271j8\247\227\361v\023"
  }
  success: true
}
term: 1
followerCommit: 18446744073709551615
matchIndex: 18446744073709551615
isHearbeat: true

2024-02-27 21:40:25,528 [grpc-default-executor-2] INFO  server.GrpcServerProtocolService (GrpcServerProtocolService.java:onCompleted(157)) - 2da9303e-6724-4504-a4a5-d250e7d22259: Completed APPEND_ENTRIES, lastRequest: 7299b60a-1361-4038-9b5b-8cb416051416->2da9303e-6724-4504-a4a5-d250e7d22259#1-t1,previous=(t:0, i:0),leaderCommit=-1,initializing? false,entries: size=1, first=(t:1, i:0), CONFIGURATIONENTRY(current:id: "7299b60a-1361-4038-9b5b-8cb416051416"
address: "10.1.0.18:15129"
priority: 1
dataStreamAddress: "10.1.0.18:15130"
clientAddress: "10.1.0.18:15127"
adminAddress: "10.1.0.18:15128"
startupRole: FOLLOWER
,id: "2818fa5f-cc14-4867-ab22-981a54c2b243"
address: "10.1.0.18:15138"
dataStreamAddress: "10.1.0.18:15139"
clientAddress: "10.1.0.18:15136"
adminAddress: "10.1.0.18:15137"
startupRole: FOLLOWER
,id: "2da9303e-6724-4504-a4a5-d250e7d22259"
address: "10.1.0.18:15156"
dataStreamAddress: "10.1.0.18:15157"
clientAddress: "10.1.0.18:15154"
adminAddress: "10.1.0.18:15155"
startupRole: FOLLOWER
, old:)
2024-02-27 21:40:25,529 [grpc-default-executor-2] INFO  server.GrpcServerProtocolService (GrpcServerProtocolService.java:lambda$onCompleted$5(159)) - 2da9303e-6724-4504-a4a5-d250e7d22259: Completed APPEND_ENTRIES, lastReply: null
2024-02-27 21:40:25,528 [grpc-default-executor-6] INFO  server.GrpcServerProtocolService (GrpcServerProtocolService.java:onCompleted(157)) - 2818fa5f-cc14-4867-ab22-981a54c2b243: Completed APPEND_ENTRIES, lastRequest: 7299b60a-1361-4038-9b5b-8cb416051416->2818fa5f-cc14-4867-ab22-981a54c2b243#1-t1,previous=(t:0, i:0),leaderCommit=-1,initializing? false,entries: size=1, first=(t:1, i:0), CONFIGURATIONENTRY(current:id: "7299b60a-1361-4038-9b5b-8cb416051416"
address: "10.1.0.18:15129"
priority: 1
dataStreamAddress: "10.1.0.18:15130"
clientAddress: "10.1.0.18:15127"
adminAddress: "10.1.0.18:15128"
startupRole: FOLLOWER
,id: "2818fa5f-cc14-4867-ab22-981a54c2b243"
address: "10.1.0.18:15138"
dataStreamAddress: "10.1.0.18:15139"
clientAddress: "10.1.0.18:15136"
adminAddress: "10.1.0.18:15137"
startupRole: FOLLOWER
,id: "2da9303e-6724-4504-a4a5-d250e7d22259"
address: "10.1.0.18:15156"
dataStreamAddress: "10.1.0.18:15157"
clientAddress: "10.1.0.18:15154"
adminAddress: "10.1.0.18:15155"
startupRole: FOLLOWER
, old:)
2024-02-27 21:40:25,529 [grpc-default-executor-6] INFO  server.GrpcServerProtocolService (GrpcServerProtocolService.java:lambda$onCompleted$5(159)) - 2818fa5f-cc14-4867-ab22-981a54c2b243: Completed APPEND_ENTRIES, lastReply: null
2024-02-27 21:40:25,528 [grpc-default-executor-5] INFO  server.GrpcServerProtocolService (GrpcServerProtocolService.java:onCompleted(157)) - 2da9303e-6724-4504-a4a5-d250e7d22259: Completed APPEND_ENTRIES, lastRequest: null
2024-02-27 21:40:25,529 [grpc-default-executor-7] INFO  server.GrpcServerProtocolService (GrpcServerProtocolService.java:onCompleted(157)) - 2818fa5f-cc14-4867-ab22-981a54c2b243: Completed APPEND_ENTRIES, lastRequest: null
2024-02-27 21:40:25,529 [grpc-default-executor-5] INFO  server.GrpcServerProtocolService (GrpcServerProtocolService.java:lambda$onCompleted$5(159)) - 2da9303e-6724-4504-a4a5-d250e7d22259: Completed APPEND_ENTRIES, lastReply: serverReply {
  requestorId: "7299b60a-1361-4038-9b5b-8cb416051416"
  replyId: "2da9303e-6724-4504-a4a5-d250e7d22259"
  raftGroupId {
    id: "\212\032\217\'3\305CI\254\326]\356\342,\212S"
  }
  success: true
}
term: 1
followerCommit: 18446744073709551615
matchIndex: 18446744073709551615
isHearbeat: true

2024-02-27 21:40:25,528 [ForkJoinPool.commonPool-worker-3] INFO  server.GrpcService (GrpcService.java:closeImpl(320)) - a4a9caa5-f98a-4b6d-87b4-17f7eca85f0e: shutdown server org.apache.ratis.grpc.server.GrpcClientProtocolService successfully
2024-02-27 21:40:25,530 [ForkJoinPool.commonPool-worker-3] INFO  server.GrpcService (GrpcService.java:closeImpl(311)) - a4a9caa5-f98a-4b6d-87b4-17f7eca85f0e: shutdown server GrpcServerProtocolService now
2024-02-27 21:40:25,530 [grpc-default-executor-7] INFO  server.GrpcServerProtocolService (GrpcServerProtocolService.java:lambda$onCompleted$5(159)) - 2818fa5f-cc14-4867-ab22-981a54c2b243: Completed APPEND_ENTRIES, lastReply: serverReply {
  requestorId: "7299b60a-1361-4038-9b5b-8cb416051416"
  replyId: "2818fa5f-cc14-4867-ab22-981a54c2b243"
  raftGroupId {
    id: "\212\032\217\'3\305CI\254\326]\356\342,\212S"
  }
  success: true
}
term: 1
nextIndex: 1
followerCommit: 18446744073709551615
matchIndex: 18446744073709551615
isHearbeat: true

2024-02-27 21:40:25,528 [grpc-default-executor-4] INFO  server.GrpcServerProtocolService (GrpcServerProtocolService.java:onCompleted(157)) - a4a9caa5-f98a-4b6d-87b4-17f7eca85f0e: Completed APPEND_ENTRIES, lastRequest: null
2024-02-27 21:40:25,527 [7299b60a-1361-4038-9b5b-8cb416051416-impl-thread3] INFO  server.RaftServer$Division (ServerState.java:close(427)) - 7299b60a-1361-4038-9b5b-8cb416051416@group-38A797F17613: applyIndex: -1
2024-02-27 21:40:25,527 [2818fa5f-cc14-4867-ab22-981a54c2b243@group-38A797F17613-StateMachineUpdater] INFO  ratis.ContainerStateMachine (ContainerStateMachine.java:takeSnapshot(366)) - group-38A797F17613: Finished taking a snapshot at:(t:1, i:0) file:/home/runner/work/ozone/ozone/hadoop-ozone/integration-test/target/test-dir/MiniOzoneClusterImpl-6e3a073c-9bdc-4deb-8550-ef77f821b5e4/ozone-meta/datanode-4/ratis/bb1f1dd2-6739-43a3-b96a-38a797f17613/sm/snapshot.1_0 took: 10 ms
2024-02-27 21:40:25,527 [grpc-default-executor-3] INFO  server.GrpcServerProtocolService (GrpcServerProtocolService.java:onCompleted(157)) - 7299b60a-1361-4038-9b5b-8cb416051416: Completed APPEND_ENTRIES, lastRequest: 2818fa5f-cc14-4867-ab22-981a54c2b243->7299b60a-1361-4038-9b5b-8cb416051416#1-t1,previous=(t:0, i:0),leaderCommit=-1,initializing? false,entries: size=1, first=(t:1, i:0), CONFIGURATIONENTRY(current:id: "7299b60a-1361-4038-9b5b-8cb416051416"
address: "10.1.0.18:15129"
dataStreamAddress: "10.1.0.18:15130"
clientAddress: "10.1.0.18:15127"
adminAddress: "10.1.0.18:15128"
startupRole: FOLLOWER
,id: "2818fa5f-cc14-4867-ab22-981a54c2b243"
address: "10.1.0.18:15138"
priority: 1
dataStreamAddress: "10.1.0.18:15139"
clientAddress: "10.1.0.18:15136"
adminAddress: "10.1.0.18:15137"
startupRole: FOLLOWER
,id: "e0fc16c3-8785-492f-95e3-5d2aafd0cf3f"
address: "10.1.0.18:15111"
dataStreamAddress: "10.1.0.18:15112"
clientAddress: "10.1.0.18:15109"
adminAddress: "10.1.0.18:15110"
startupRole: FOLLOWER
, old:)
2024-02-27 21:40:25,530 [2818fa5f-cc14-4867-ab22-981a54c2b243@group-38A797F17613-StateMachineUpdater] INFO  impl.StateMachineUpdater (StateMachineUpdater.java:takeSnapshot(295)) - 2818fa5f-cc14-4867-ab22-981a54c2b243@group-38A797F17613-StateMachineUpdater: Took a snapshot at index 0
2024-02-27 21:40:25,530 [grpc-default-executor-8] INFO  server.GrpcLogAppender (GrpcLogAppender.java:onCompleted(546)) - 2818fa5f-cc14-4867-ab22-981a54c2b243@group-38A797F17613->7299b60a-1361-4038-9b5b-8cb416051416-AppendLogResponseHandler: follower responses appendEntries COMPLETED
2024-02-27 21:40:25,528 [7299b60a-1361-4038-9b5b-8cb416051416@group-5DEEE22C8A53-StateMachineUpdater] INFO  impl.StateMachineUpdater (StateMachineUpdater.java:takeSnapshot(295)) - 7299b60a-1361-4038-9b5b-8cb416051416@group-5DEEE22C8A53-StateMachineUpdater: Took a snapshot at index 0
2024-02-27 21:40:25,530 [2818fa5f-cc14-4867-ab22-981a54c2b243@group-38A797F17613-StateMachineUpdater] INFO  impl.StateMachineUpdater (StateMachineUpdater.java:lambda$new$0(98)) - 2818fa5f-cc14-4867-ab22-981a54c2b243@group-38A797F17613-StateMachineUpdater: snapshotIndex: updateIncreasingly -1 -> 0
2024-02-27 21:40:25,530 [grpc-default-executor-4] INFO  server.GrpcServerProtocolService (GrpcServerProtocolService.java:lambda$onCompleted$5(159)) - a4a9caa5-f98a-4b6d-87b4-17f7eca85f0e: Completed APPEND_ENTRIES, lastReply: serverReply {
  requestorId: "7299b60a-1361-4038-9b5b-8cb416051416"
  replyId: "a4a9caa5-f98a-4b6d-87b4-17f7eca85f0e"
  raftGroupId {
    id: "\306\242\302O\\\202@\315\247&\346\273\342d\033\220"
  }
  callId: 6
  success: true
}
term: 1
nextIndex: 1
matchIndex: 18446744073709551615
isHearbeat: true

2024-02-27 21:40:25,530 [grpc-default-executor-3] INFO  server.GrpcServerProtocolService (GrpcServerProtocolService.java:lambda$onCompleted$5(159)) - 7299b60a-1361-4038-9b5b-8cb416051416: Completed APPEND_ENTRIES, lastReply: null
2024-02-27 21:40:25,530 [2818fa5f-cc14-4867-ab22-981a54c2b243-impl-thread2] INFO  server.RaftServer$Division (ServerState.java:close(427)) - 2818fa5f-cc14-4867-ab22-981a54c2b243@group-38A797F17613: applyIndex: 0
2024-02-27 21:40:25,530 [grpc-default-executor-8] WARN  server.GrpcLogAppender (GrpcLogAppender.java:resetClient(226)) - 2818fa5f-cc14-4867-ab22-981a54c2b243@group-38A797F17613->7299b60a-1361-4038-9b5b-8cb416051416-GrpcLogAppender: Failed to getClient for 7299b60a-1361-4038-9b5b-8cb416051416
org.apache.ratis.protocol.exceptions.AlreadyClosedException: 2818fa5f-cc14-4867-ab22-981a54c2b243 is already CLOSED
	at org.apache.ratis.util.PeerProxyMap$PeerAndProxy.getProxy(PeerProxyMap.java:65)
	at org.apache.ratis.util.PeerProxyMap.getProxy(PeerProxyMap.java:114)
	at org.apache.ratis.grpc.server.GrpcLogAppender.getClient(GrpcLogAppender.java:196)
	at org.apache.ratis.grpc.server.GrpcLogAppender.resetClient(GrpcLogAppender.java:201)
	at org.apache.ratis.grpc.server.GrpcLogAppender.access$800(GrpcLogAppender.java:62)
	at org.apache.ratis.grpc.server.GrpcLogAppender$AppendLogResponseHandler.onCompleted(GrpcLogAppender.java:547)
	at org.apache.ratis.thirdparty.io.grpc.stub.ClientCalls$StreamObserverToCallListenerAdapter.onClose(ClientCalls.java:479)
	at org.apache.ratis.thirdparty.io.grpc.internal.ClientCallImpl.closeObserver(ClientCallImpl.java:567)
	at org.apache.ratis.thirdparty.io.grpc.internal.ClientCallImpl.access$300(ClientCallImpl.java:71)
	at org.apache.ratis.thirdparty.io.grpc.internal.ClientCallImpl$ClientStreamListenerImpl$1StreamClosed.runInternal(ClientCallImpl.java:735)
	at org.apache.ratis.thirdparty.io.grpc.internal.ClientCallImpl$ClientStreamListenerImpl$1StreamClosed.runInContext(ClientCallImpl.java:716)
	at org.apache.ratis.thirdparty.io.grpc.internal.ContextRunnable.run(ContextRunnable.java:37)
	at org.apache.ratis.thirdparty.io.grpc.internal.SerializingExecutor.run(SerializingExecutor.java:133)
	at java.util.concurrent.ThreadPoolExecutor.runWorker(ThreadPoolExecutor.java:1149)
	at java.util.concurrent.ThreadPoolExecutor$Worker.run(ThreadPoolExecutor.java:624)
	at java.lang.Thread.run(Thread.java:750)
2024-02-27 21:40:25,534 [2818fa5f-cc14-4867-ab22-981a54c2b243@group-38A797F17613-cacheEviction-AwaitToRun] INFO  util.AwaitToRun (AwaitToRun.java:run(49)) - 2818fa5f-cc14-4867-ab22-981a54c2b243@group-38A797F17613-cacheEviction-AwaitToRun-AwaitForSignal is interrupted
2024-02-27 21:40:25,530 [7299b60a-1361-4038-9b5b-8cb416051416@group-5DEEE22C8A53-StateMachineUpdater] INFO  impl.StateMachineUpdater (StateMachineUpdater.java:lambda$new$0(98)) - 7299b60a-1361-4038-9b5b-8cb416051416@group-5DEEE22C8A53-StateMachineUpdater: snapshotIndex: updateIncreasingly -1 -> 0
2024-02-27 21:40:25,534 [7299b60a-1361-4038-9b5b-8cb416051416-impl-thread1] INFO  server.RaftServer$Division (ServerState.java:close(427)) - 7299b60a-1361-4038-9b5b-8cb416051416@group-5DEEE22C8A53: applyIndex: 0
2024-02-27 21:40:25,534 [7299b60a-1361-4038-9b5b-8cb416051416@group-38A797F17613-cacheEviction-AwaitToRun] INFO  util.AwaitToRun (AwaitToRun.java:run(49)) - 7299b60a-1361-4038-9b5b-8cb416051416@group-38A797F17613-cacheEviction-AwaitToRun-AwaitForSignal is interrupted
2024-02-27 21:40:25,535 [grpc-default-executor-6] WARN  server.GrpcServerProtocolService (LogUtils.java:warn(121)) - a4a9caa5-f98a-4b6d-87b4-17f7eca85f0e: APPEND_ENTRIES onError, lastRequest: null: org.apache.ratis.thirdparty.io.grpc.StatusRuntimeException: CANCELLED: client cancelled
2024-02-27 21:40:25,535 [main] INFO  server.GrpcService (GrpcService.java:closeImpl(320)) - 2818fa5f-cc14-4867-ab22-981a54c2b243: shutdown server org.apache.ratis.grpc.server.GrpcClientProtocolService successfully
2024-02-27 21:40:25,535 [main] INFO  server.GrpcService (GrpcService.java:closeImpl(311)) - 2818fa5f-cc14-4867-ab22-981a54c2b243: shutdown server GrpcServerProtocolService now
2024-02-27 21:40:25,535 [grpc-default-executor-9] INFO  server.GrpcLogAppender (GrpcLogAppender.java:onCompleted(546)) - 7299b60a-1361-4038-9b5b-8cb416051416@group-5DEEE22C8A53->2da9303e-6724-4504-a4a5-d250e7d22259-AppendLogResponseHandler: follower responses appendEntries COMPLETED
2024-02-27 21:40:25,536 [grpc-default-executor-0] WARN  server.GrpcServerProtocolService (LogUtils.java:warn(121)) - a4a9caa5-f98a-4b6d-87b4-17f7eca85f0e: APPEND_ENTRIES onError, lastRequest: acd5b146-ec22-4575-ab5b-633d0d82c7a3->a4a9caa5-f98a-4b6d-87b4-17f7eca85f0e#1-t1,previous=(t:0, i:0),leaderCommit=-1,initializing? false,entries: size=1, first=(t:1, i:0), CONFIGURATIONENTRY(current:id: "a4a9caa5-f98a-4b6d-87b4-17f7eca85f0e"
address: "10.1.0.18:15120"
dataStreamAddress: "10.1.0.18:15121"
clientAddress: "10.1.0.18:15118"
adminAddress: "10.1.0.18:15119"
startupRole: FOLLOWER
,id: "2da9303e-6724-4504-a4a5-d250e7d22259"
address: "10.1.0.18:15156"
dataStreamAddress: "10.1.0.18:15157"
clientAddress: "10.1.0.18:15154"
adminAddress: "10.1.0.18:15155"
startupRole: FOLLOWER
,id: "acd5b146-ec22-4575-ab5b-633d0d82c7a3"
address: "10.1.0.18:15147"
priority: 1
dataStreamAddress: "10.1.0.18:15148"
clientAddress: "10.1.0.18:15145"
adminAddress: "10.1.0.18:15146"
startupRole: FOLLOWER
, old:): org.apache.ratis.thirdparty.io.grpc.StatusRuntimeException: CANCELLED: client cancelled
2024-02-27 21:40:25,535 [grpc-default-executor-2] INFO  server.GrpcLogAppender (GrpcLogAppender.java:onCompleted(546)) - 7299b60a-1361-4038-9b5b-8cb416051416@group-5DEEE22C8A53->2818fa5f-cc14-4867-ab22-981a54c2b243-AppendLogResponseHandler: follower responses appendEntries COMPLETED
2024-02-27 21:40:25,536 [grpc-default-executor-2] WARN  server.GrpcLogAppender (GrpcLogAppender.java:resetClient(226)) - 7299b60a-1361-4038-9b5b-8cb416051416@group-5DEEE22C8A53->2818fa5f-cc14-4867-ab22-981a54c2b243-GrpcLogAppender: Failed to getClient for 2818fa5f-cc14-4867-ab22-981a54c2b243
org.apache.ratis.protocol.exceptions.AlreadyClosedException: 7299b60a-1361-4038-9b5b-8cb416051416 is already CLOSED
	at org.apache.ratis.util.PeerProxyMap$PeerAndProxy.getProxy(PeerProxyMap.java:65)
	at org.apache.ratis.util.PeerProxyMap.getProxy(PeerProxyMap.java:114)
	at org.apache.ratis.grpc.server.GrpcLogAppender.getClient(GrpcLogAppender.java:196)
	at org.apache.ratis.grpc.server.GrpcLogAppender.resetClient(GrpcLogAppender.java:201)
	at org.apache.ratis.grpc.server.GrpcLogAppender.access$800(GrpcLogAppender.java:62)
	at org.apache.ratis.grpc.server.GrpcLogAppender$AppendLogResponseHandler.onCompleted(GrpcLogAppender.java:547)
	at org.apache.ratis.thirdparty.io.grpc.stub.ClientCalls$StreamObserverToCallListenerAdapter.onClose(ClientCalls.java:479)
	at org.apache.ratis.thirdparty.io.grpc.internal.ClientCallImpl.closeObserver(ClientCallImpl.java:567)
	at org.apache.ratis.thirdparty.io.grpc.internal.ClientCallImpl.access$300(ClientCallImpl.java:71)
	at org.apache.ratis.thirdparty.io.grpc.internal.ClientCallImpl$ClientStreamListenerImpl$1StreamClosed.runInternal(ClientCallImpl.java:735)
	at org.apache.ratis.thirdparty.io.grpc.internal.ClientCallImpl$ClientStreamListenerImpl$1StreamClosed.runInContext(ClientCallImpl.java:716)
	at org.apache.ratis.thirdparty.io.grpc.internal.ContextRunnable.run(ContextRunnable.java:37)
	at org.apache.ratis.thirdparty.io.grpc.internal.SerializingExecutor.run(SerializingExecutor.java:133)
	at java.util.concurrent.ThreadPoolExecutor.runWorker(ThreadPoolExecutor.java:1149)
	at java.util.concurrent.ThreadPoolExecutor$Worker.run(ThreadPoolExecutor.java:624)
	at java.lang.Thread.run(Thread.java:750)
2024-02-27 21:40:25,536 [grpc-default-executor-9] WARN  server.GrpcLogAppender (GrpcLogAppender.java:resetClient(226)) - 7299b60a-1361-4038-9b5b-8cb416051416@group-5DEEE22C8A53->2da9303e-6724-4504-a4a5-d250e7d22259-GrpcLogAppender: Failed to getClient for 2da9303e-6724-4504-a4a5-d250e7d22259
org.apache.ratis.protocol.exceptions.AlreadyClosedException: 7299b60a-1361-4038-9b5b-8cb416051416 is already CLOSED
	at org.apache.ratis.util.PeerProxyMap$PeerAndProxy.getProxy(PeerProxyMap.java:65)
	at org.apache.ratis.util.PeerProxyMap.getProxy(PeerProxyMap.java:114)
	at org.apache.ratis.grpc.server.GrpcLogAppender.getClient(GrpcLogAppender.java:196)
	at org.apache.ratis.grpc.server.GrpcLogAppender.resetClient(GrpcLogAppender.java:201)
	at org.apache.ratis.grpc.server.GrpcLogAppender.access$800(GrpcLogAppender.java:62)
	at org.apache.ratis.grpc.server.GrpcLogAppender$AppendLogResponseHandler.onCompleted(GrpcLogAppender.java:547)
	at org.apache.ratis.thirdparty.io.grpc.stub.ClientCalls$StreamObserverToCallListenerAdapter.onClose(ClientCalls.java:479)
	at org.apache.ratis.thirdparty.io.grpc.internal.ClientCallImpl.closeObserver(ClientCallImpl.java:567)
	at org.apache.ratis.thirdparty.io.grpc.internal.ClientCallImpl.access$300(ClientCallImpl.java:71)
	at org.apache.ratis.thirdparty.io.grpc.internal.ClientCallImpl$ClientStreamListenerImpl$1StreamClosed.runInternal(ClientCallImpl.java:735)
	at org.apache.ratis.thirdparty.io.grpc.internal.ClientCallImpl$ClientStreamListenerImpl$1StreamClosed.runInContext(ClientCallImpl.java:716)
	at org.apache.ratis.thirdparty.io.grpc.internal.ContextRunnable.run(ContextRunnable.java:37)
	at org.apache.ratis.thirdparty.io.grpc.internal.SerializingExecutor.run(SerializingExecutor.java:133)
	at java.util.concurrent.ThreadPoolExecutor.runWorker(ThreadPoolExecutor.java:1149)
	at java.util.concurrent.ThreadPoolExecutor$Worker.run(ThreadPoolExecutor.java:624)
	at java.lang.Thread.run(Thread.java:750)
2024-02-27 21:40:25,536 [grpc-default-executor-10] INFO  server.GrpcServerProtocolService (GrpcServerProtocolService.java:onCompleted(157)) - a4a9caa5-f98a-4b6d-87b4-17f7eca85f0e: Completed APPEND_ENTRIES, lastRequest: 7299b60a-1361-4038-9b5b-8cb416051416->a4a9caa5-f98a-4b6d-87b4-17f7eca85f0e#1-t1,previous=(t:0, i:0),leaderCommit=-1,initializing? false,entries: size=1, first=(t:1, i:0), CONFIGURATIONENTRY(current:id: "7299b60a-1361-4038-9b5b-8cb416051416"
address: "10.1.0.18:15129"
priority: 1
dataStreamAddress: "10.1.0.18:15130"
clientAddress: "10.1.0.18:15127"
adminAddress: "10.1.0.18:15128"
startupRole: FOLLOWER
,id: "a4a9caa5-f98a-4b6d-87b4-17f7eca85f0e"
address: "10.1.0.18:15120"
dataStreamAddress: "10.1.0.18:15121"
clientAddress: "10.1.0.18:15118"
adminAddress: "10.1.0.18:15119"
startupRole: FOLLOWER
,id: "e0fc16c3-8785-492f-95e3-5d2aafd0cf3f"
address: "10.1.0.18:15111"
dataStreamAddress: "10.1.0.18:15112"
clientAddress: "10.1.0.18:15109"
adminAddress: "10.1.0.18:15110"
startupRole: FOLLOWER
, old:)
2024-02-27 21:40:25,536 [grpc-default-executor-10] INFO  server.GrpcServerProtocolService (GrpcServerProtocolService.java:lambda$onCompleted$5(159)) - a4a9caa5-f98a-4b6d-87b4-17f7eca85f0e: Completed APPEND_ENTRIES, lastReply: null
2024-02-27 21:40:25,536 [grpc-default-executor-5] INFO  server.GrpcLogAppender (GrpcLogAppender.java:onCompleted(546)) - 2818fa5f-cc14-4867-ab22-981a54c2b243@group-38A797F17613->7299b60a-1361-4038-9b5b-8cb416051416-AppendLogResponseHandler: follower responses appendEntries COMPLETED
2024-02-27 21:40:25,536 [grpc-default-executor-5] WARN  server.GrpcLogAppender (GrpcLogAppender.java:resetClient(226)) - 2818fa5f-cc14-4867-ab22-981a54c2b243@group-38A797F17613->7299b60a-1361-4038-9b5b-8cb416051416-GrpcLogAppender: Failed to getClient for 7299b60a-1361-4038-9b5b-8cb416051416
org.apache.ratis.protocol.exceptions.AlreadyClosedException: 2818fa5f-cc14-4867-ab22-981a54c2b243 is already CLOSED
	at org.apache.ratis.util.PeerProxyMap$PeerAndProxy.getProxy(PeerProxyMap.java:65)
	at org.apache.ratis.util.PeerProxyMap.getProxy(PeerProxyMap.java:114)
	at org.apache.ratis.grpc.server.GrpcLogAppender.getClient(GrpcLogAppender.java:196)
	at org.apache.ratis.grpc.server.GrpcLogAppender.resetClient(GrpcLogAppender.java:201)
	at org.apache.ratis.grpc.server.GrpcLogAppender.access$800(GrpcLogAppender.java:62)
	at org.apache.ratis.grpc.server.GrpcLogAppender$AppendLogResponseHandler.onCompleted(GrpcLogAppender.java:547)
	at org.apache.ratis.thirdparty.io.grpc.stub.ClientCalls$StreamObserverToCallListenerAdapter.onClose(ClientCalls.java:479)
	at org.apache.ratis.thirdparty.io.grpc.internal.ClientCallImpl.closeObserver(ClientCallImpl.java:567)
	at org.apache.ratis.thirdparty.io.grpc.internal.ClientCallImpl.access$300(ClientCallImpl.java:71)
	at org.apache.ratis.thirdparty.io.grpc.internal.ClientCallImpl$ClientStreamListenerImpl$1StreamClosed.runInternal(ClientCallImpl.java:735)
	at org.apache.ratis.thirdparty.io.grpc.internal.ClientCallImpl$ClientStreamListenerImpl$1StreamClosed.runInContext(ClientCallImpl.java:716)
	at org.apache.ratis.thirdparty.io.grpc.internal.ContextRunnable.run(ContextRunnable.java:37)
	at org.apache.ratis.thirdparty.io.grpc.internal.SerializingExecutor.run(SerializingExecutor.java:133)
	at java.util.concurrent.ThreadPoolExecutor.runWorker(ThreadPoolExecutor.java:1149)
	at java.util.concurrent.ThreadPoolExecutor$Worker.run(ThreadPoolExecutor.java:624)
	at java.lang.Thread.run(Thread.java:750)
2024-02-27 21:40:25,538 [grpc-default-executor-9] WARN  server.GrpcServerProtocolService (LogUtils.java:warn(121)) - 2818fa5f-cc14-4867-ab22-981a54c2b243: APPEND_ENTRIES onError, lastRequest: null: org.apache.ratis.thirdparty.io.grpc.StatusRuntimeException: CANCELLED: client cancelled
2024-02-27 21:40:25,538 [grpc-default-executor-9] INFO  server.GrpcLogAppender (GrpcLogAppender.java:onCompleted(546)) - 7299b60a-1361-4038-9b5b-8cb416051416@group-5DEEE22C8A53->2818fa5f-cc14-4867-ab22-981a54c2b243-AppendLogResponseHandler: follower responses appendEntries COMPLETED
2024-02-27 21:40:25,538 [grpc-default-executor-9] WARN  server.GrpcLogAppender (GrpcLogAppender.java:resetClient(226)) - 7299b60a-1361-4038-9b5b-8cb416051416@group-5DEEE22C8A53->2818fa5f-cc14-4867-ab22-981a54c2b243-GrpcLogAppender: Failed to getClient for 2818fa5f-cc14-4867-ab22-981a54c2b243
org.apache.ratis.protocol.exceptions.AlreadyClosedException: 7299b60a-1361-4038-9b5b-8cb416051416 is already CLOSED
	at org.apache.ratis.util.PeerProxyMap$PeerAndProxy.getProxy(PeerProxyMap.java:65)
	at org.apache.ratis.util.PeerProxyMap.getProxy(PeerProxyMap.java:114)
	at org.apache.ratis.grpc.server.GrpcLogAppender.getClient(GrpcLogAppender.java:196)
	at org.apache.ratis.grpc.server.GrpcLogAppender.resetClient(GrpcLogAppender.java:201)
	at org.apache.ratis.grpc.server.GrpcLogAppender.access$800(GrpcLogAppender.java:62)
	at org.apache.ratis.grpc.server.GrpcLogAppender$AppendLogResponseHandler.onCompleted(GrpcLogAppender.java:547)
	at org.apache.ratis.thirdparty.io.grpc.stub.ClientCalls$StreamObserverToCallListenerAdapter.onClose(ClientCalls.java:479)
	at org.apache.ratis.thirdparty.io.grpc.internal.ClientCallImpl.closeObserver(ClientCallImpl.java:567)
	at org.apache.ratis.thirdparty.io.grpc.internal.ClientCallImpl.access$300(ClientCallImpl.java:71)
	at org.apache.ratis.thirdparty.io.grpc.internal.ClientCallImpl$ClientStreamListenerImpl$1StreamClosed.runInternal(ClientCallImpl.java:735)
	at org.apache.ratis.thirdparty.io.grpc.internal.ClientCallImpl$ClientStreamListenerImpl$1StreamClosed.runInContext(ClientCallImpl.java:716)
	at org.apache.ratis.thirdparty.io.grpc.internal.ContextRunnable.run(ContextRunnable.java:37)
	at org.apache.ratis.thirdparty.io.grpc.internal.SerializingExecutor.run(SerializingExecutor.java:133)
	at java.util.concurrent.ThreadPoolExecutor.runWorker(ThreadPoolExecutor.java:1149)
	at java.util.concurrent.ThreadPoolExecutor$Worker.run(ThreadPoolExecutor.java:624)
	at java.lang.Thread.run(Thread.java:750)
2024-02-27 21:40:25,548 [ForkJoinPool.commonPool-worker-4] INFO  server.GrpcService (GrpcService.java:closeImpl(320)) - e0fc16c3-8785-492f-95e3-5d2aafd0cf3f: shutdown server org.apache.ratis.grpc.server.GrpcAdminProtocolService successfully
2024-02-27 21:40:25,546 [ForkJoinPool.commonPool-worker-3] INFO  server.GrpcService (GrpcService.java:closeImpl(320)) - a4a9caa5-f98a-4b6d-87b4-17f7eca85f0e: shutdown server GrpcServerProtocolService successfully
2024-02-27 21:40:25,548 [ForkJoinPool.commonPool-worker-3] INFO  server.GrpcService (GrpcService.java:closeImpl(311)) - a4a9caa5-f98a-4b6d-87b4-17f7eca85f0e: shutdown server org.apache.ratis.grpc.server.GrpcAdminProtocolService now
2024-02-27 21:40:25,547 [main] INFO  server.GrpcService (GrpcService.java:closeImpl(320)) - 2818fa5f-cc14-4867-ab22-981a54c2b243: shutdown server GrpcServerProtocolService successfully
2024-02-27 21:40:25,549 [main] INFO  server.GrpcService (GrpcService.java:closeImpl(311)) - 2818fa5f-cc14-4867-ab22-981a54c2b243: shutdown server org.apache.ratis.grpc.server.GrpcAdminProtocolService now
2024-02-27 21:40:25,547 [grpc-default-executor-4] WARN  server.GrpcServerProtocolService (LogUtils.java:warn(121)) - 2818fa5f-cc14-4867-ab22-981a54c2b243: APPEND_ENTRIES onError, lastRequest: acd5b146-ec22-4575-ab5b-633d0d82c7a3->2818fa5f-cc14-4867-ab22-981a54c2b243#1-t1,previous=(t:0, i:0),leaderCommit=-1,initializing? false,entries: size=1, first=(t:1, i:0), CONFIGURATIONENTRY(current:id: "2818fa5f-cc14-4867-ab22-981a54c2b243"
address: "10.1.0.18:15138"
dataStreamAddress: "10.1.0.18:15139"
clientAddress: "10.1.0.18:15136"
adminAddress: "10.1.0.18:15137"
startupRole: FOLLOWER
,id: "2da9303e-6724-4504-a4a5-d250e7d22259"
address: "10.1.0.18:15156"
dataStreamAddress: "10.1.0.18:15157"
clientAddress: "10.1.0.18:15154"
adminAddress: "10.1.0.18:15155"
startupRole: FOLLOWER
,id: "acd5b146-ec22-4575-ab5b-633d0d82c7a3"
address: "10.1.0.18:15147"
priority: 1
dataStreamAddress: "10.1.0.18:15148"
clientAddress: "10.1.0.18:15145"
adminAddress: "10.1.0.18:15146"
startupRole: FOLLOWER
, old:): org.apache.ratis.thirdparty.io.grpc.StatusRuntimeException: CANCELLED: client cancelled
2024-02-27 21:40:25,547 [ForkJoinPool.commonPool-worker-5] INFO  server.GrpcService (GrpcService.java:closeImpl(320)) - 7299b60a-1361-4038-9b5b-8cb416051416: shutdown server org.apache.ratis.grpc.server.GrpcClientProtocolService successfully
2024-02-27 21:40:25,550 [ForkJoinPool.commonPool-worker-5] INFO  server.GrpcService (GrpcService.java:closeImpl(311)) - 7299b60a-1361-4038-9b5b-8cb416051416: shutdown server GrpcServerProtocolService now
2024-02-27 21:40:25,547 [grpc-default-executor-12] WARN  server.GrpcLogAppender (GrpcLogAppender.java:lambda$resetClient$1(217)) - acd5b146-ec22-4575-ab5b-633d0d82c7a3@group-ED4D28972EF5->a4a9caa5-f98a-4b6d-87b4-17f7eca85f0e-GrpcLogAppender: Follower failed (request=null, errorCount=1); keep nextIndex (1) unchanged and retry.
2024-02-27 21:40:25,546 [7299b60a-1361-4038-9b5b-8cb416051416@group-5DEEE22C8A53-cacheEviction-AwaitToRun] INFO  util.AwaitToRun (AwaitToRun.java:run(49)) - 7299b60a-1361-4038-9b5b-8cb416051416@group-5DEEE22C8A53-cacheEviction-AwaitToRun-AwaitForSignal is interrupted
2024-02-27 21:40:25,546 [grpc-default-executor-0] WARN  server.GrpcServerProtocolService (LogUtils.java:warn(121)) - 2818fa5f-cc14-4867-ab22-981a54c2b243: APPEND_ENTRIES onError, lastRequest: null: org.apache.ratis.thirdparty.io.grpc.StatusRuntimeException: CANCELLED: client cancelled
2024-02-27 21:40:25,546 [grpc-default-executor-11] WARN  server.GrpcLogAppender (LogUtils.java:warn(121)) - acd5b146-ec22-4575-ab5b-633d0d82c7a3@group-A218E7DAA433->2818fa5f-cc14-4867-ab22-981a54c2b243-AppendLogResponseHandler: Failed appendEntries: org.apache.ratis.thirdparty.io.grpc.StatusRuntimeException: CANCELLED: RST_STREAM closed stream. HTTP/2 error code: CANCEL
2024-02-27 21:40:25,546 [grpc-default-executor-10] WARN  server.GrpcServerProtocolService (LogUtils.java:warn(121)) - 2818fa5f-cc14-4867-ab22-981a54c2b243: APPEND_ENTRIES onError, lastRequest: 2da9303e-6724-4504-a4a5-d250e7d22259->2818fa5f-cc14-4867-ab22-981a54c2b243#1-t1,previous=(t:0, i:0),leaderCommit=-1,initializing? false,entries: size=1, first=(t:1, i:0), CONFIGURATIONENTRY(current:id: "2818fa5f-cc14-4867-ab22-981a54c2b243"
address: "10.1.0.18:15138"
dataStreamAddress: "10.1.0.18:15139"
clientAddress: "10.1.0.18:15136"
adminAddress: "10.1.0.18:15137"
startupRole: FOLLOWER
,id: "2da9303e-6724-4504-a4a5-d250e7d22259"
address: "10.1.0.18:15156"
priority: 1
dataStreamAddress: "10.1.0.18:15157"
clientAddress: "10.1.0.18:15154"
adminAddress: "10.1.0.18:15155"
startupRole: FOLLOWER
,id: "acd5b146-ec22-4575-ab5b-633d0d82c7a3"
address: "10.1.0.18:15147"
dataStreamAddress: "10.1.0.18:15148"
clientAddress: "10.1.0.18:15145"
adminAddress: "10.1.0.18:15146"
startupRole: FOLLOWER
, old:): org.apache.ratis.thirdparty.io.grpc.StatusRuntimeException: CANCELLED: client cancelled
2024-02-27 21:40:25,545 [grpc-default-executor-5] INFO  server.GrpcLogAppender (GrpcLogAppender.java:onError(533)) - 7299b60a-1361-4038-9b5b-8cb416051416@group-E6BBE2641B90->a4a9caa5-f98a-4b6d-87b4-17f7eca85f0e-GrpcLogAppender is already stopped
2024-02-27 21:40:25,545 [a4a9caa5-f98a-4b6d-87b4-17f7eca85f0e@group-ED4D28972EF5-FollowerState] INFO  impl.FollowerState (FollowerState.java:run(152)) - a4a9caa5-f98a-4b6d-87b4-17f7eca85f0e@group-ED4D28972EF5-FollowerState was interrupted
2024-02-27 21:40:25,545 [a4a9caa5-f98a-4b6d-87b4-17f7eca85f0e-impl-thread4] INFO  impl.StateMachineUpdater (StateMachineUpdater.java:stopAndJoin(157)) - a4a9caa5-f98a-4b6d-87b4-17f7eca85f0e@group-ED4D28972EF5-StateMachineUpdater: set stopIndex = -1
2024-02-27 21:40:25,555 [a4a9caa5-f98a-4b6d-87b4-17f7eca85f0e-impl-thread4] INFO  server.RaftServer$Division (ServerState.java:close(427)) - a4a9caa5-f98a-4b6d-87b4-17f7eca85f0e@group-ED4D28972EF5: applyIndex: -1
2024-02-27 21:40:25,555 [a4a9caa5-f98a-4b6d-87b4-17f7eca85f0e@group-ED4D28972EF5-cacheEviction-AwaitToRun] INFO  util.AwaitToRun (AwaitToRun.java:run(49)) - a4a9caa5-f98a-4b6d-87b4-17f7eca85f0e@group-ED4D28972EF5-cacheEviction-AwaitToRun-AwaitForSignal is interrupted
2024-02-27 21:40:25,545 [grpc-default-executor-2] WARN  server.GrpcLogAppender (LogUtils.java:warn(121)) - acd5b146-ec22-4575-ab5b-633d0d82c7a3@group-ED4D28972EF5->a4a9caa5-f98a-4b6d-87b4-17f7eca85f0e-AppendLogResponseHandler: Failed appendEntries: org.apache.ratis.thirdparty.io.grpc.StatusRuntimeException: CANCELLED: RST_STREAM closed stream. HTTP/2 error code: CANCEL
2024-02-27 21:40:25,545 [grpc-default-executor-7] INFO  server.GrpcLogAppender (GrpcLogAppender.java:onCompleted(546)) - 7299b60a-1361-4038-9b5b-8cb416051416@group-5DEEE22C8A53->2da9303e-6724-4504-a4a5-d250e7d22259-AppendLogResponseHandler: follower responses appendEntries COMPLETED
2024-02-27 21:40:25,545 [grpc-default-executor-6] INFO  server.GrpcLogAppender (GrpcLogAppender.java:onError(533)) - 7299b60a-1361-4038-9b5b-8cb416051416@group-E6BBE2641B90->a4a9caa5-f98a-4b6d-87b4-17f7eca85f0e-GrpcLogAppender is already stopped
2024-02-27 21:40:25,558 [ForkJoinPool.commonPool-worker-3] INFO  server.GrpcService (GrpcService.java:closeImpl(320)) - a4a9caa5-f98a-4b6d-87b4-17f7eca85f0e: shutdown server org.apache.ratis.grpc.server.GrpcAdminProtocolService successfully
2024-02-27 21:40:25,559 [main] INFO  server.GrpcService (GrpcService.java:closeImpl(320)) - 2818fa5f-cc14-4867-ab22-981a54c2b243: shutdown server org.apache.ratis.grpc.server.GrpcAdminProtocolService successfully
2024-02-27 21:40:25,545 [grpc-default-executor-1] INFO  server.GrpcLogAppender (GrpcLogAppender.java:onError(533)) - 7299b60a-1361-4038-9b5b-8cb416051416@group-E6BBE2641B90->e0fc16c3-8785-492f-95e3-5d2aafd0cf3f-GrpcLogAppender is already stopped
2024-02-27 21:40:25,542 [a4a9caa5-f98a-4b6d-87b4-17f7eca85f0e@group-A6616489C41E-cacheEviction-AwaitToRun] INFO  util.AwaitToRun (AwaitToRun.java:run(49)) - a4a9caa5-f98a-4b6d-87b4-17f7eca85f0e@group-A6616489C41E-cacheEviction-AwaitToRun-AwaitForSignal is interrupted
2024-02-27 21:40:25,542 [2818fa5f-cc14-4867-ab22-981a54c2b243@group-A218E7DAA433-cacheEviction-AwaitToRun] INFO  util.AwaitToRun (AwaitToRun.java:run(49)) - 2818fa5f-cc14-4867-ab22-981a54c2b243@group-A218E7DAA433-cacheEviction-AwaitToRun-AwaitForSignal is interrupted
2024-02-27 21:40:25,542 [7299b60a-1361-4038-9b5b-8cb416051416@group-804B6B9C10BF-cacheEviction-AwaitToRun] INFO  util.AwaitToRun (AwaitToRun.java:run(49)) - 7299b60a-1361-4038-9b5b-8cb416051416@group-804B6B9C10BF-cacheEviction-AwaitToRun-AwaitForSignal is interrupted
2024-02-27 21:40:25,558 [grpc-default-executor-7] WARN  server.GrpcLogAppender (GrpcLogAppender.java:resetClient(226)) - 7299b60a-1361-4038-9b5b-8cb416051416@group-5DEEE22C8A53->2da9303e-6724-4504-a4a5-d250e7d22259-GrpcLogAppender: Failed to getClient for 2da9303e-6724-4504-a4a5-d250e7d22259
org.apache.ratis.protocol.exceptions.AlreadyClosedException: 7299b60a-1361-4038-9b5b-8cb416051416 is already CLOSED
	at org.apache.ratis.util.PeerProxyMap$PeerAndProxy.getProxy(PeerProxyMap.java:65)
	at org.apache.ratis.util.PeerProxyMap.getProxy(PeerProxyMap.java:114)
	at org.apache.ratis.grpc.server.GrpcLogAppender.getClient(GrpcLogAppender.java:196)
	at org.apache.ratis.grpc.server.GrpcLogAppender.resetClient(GrpcLogAppender.java:201)
	at org.apache.ratis.grpc.server.GrpcLogAppender.access$800(GrpcLogAppender.java:62)
	at org.apache.ratis.grpc.server.GrpcLogAppender$AppendLogResponseHandler.onCompleted(GrpcLogAppender.java:547)
	at org.apache.ratis.thirdparty.io.grpc.stub.ClientCalls$StreamObserverToCallListenerAdapter.onClose(ClientCalls.java:479)
	at org.apache.ratis.thirdparty.io.grpc.internal.DelayedClientCall$DelayedListener$3.run(DelayedClientCall.java:489)
	at org.apache.ratis.thirdparty.io.grpc.internal.DelayedClientCall$DelayedListener.delayOrExecute(DelayedClientCall.java:453)
	at org.apache.ratis.thirdparty.io.grpc.internal.DelayedClientCall$DelayedListener.onClose(DelayedClientCall.java:486)
	at org.apache.ratis.thirdparty.io.grpc.internal.ClientCallImpl.closeObserver(ClientCallImpl.java:567)
	at org.apache.ratis.thirdparty.io.grpc.internal.ClientCallImpl.access$300(ClientCallImpl.java:71)
	at org.apache.ratis.thirdparty.io.grpc.internal.ClientCallImpl$ClientStreamListenerImpl$1StreamClosed.runInternal(ClientCallImpl.java:735)
	at org.apache.ratis.thirdparty.io.grpc.internal.ClientCallImpl$ClientStreamListenerImpl$1StreamClosed.runInContext(ClientCallImpl.java:716)
	at org.apache.ratis.thirdparty.io.grpc.internal.ContextRunnable.run(ContextRunnable.java:37)
	at org.apache.ratis.thirdparty.io.grpc.internal.SerializingExecutor.run(SerializingExecutor.java:133)
	at java.util.concurrent.ThreadPoolExecutor.runWorker(ThreadPoolExecutor.java:1149)
	at java.util.concurrent.ThreadPoolExecutor$Worker.run(ThreadPoolExecutor.java:624)
	at java.lang.Thread.run(Thread.java:750)
2024-02-27 21:40:25,555 [ForkJoinPool.commonPool-worker-5] INFO  server.GrpcService (GrpcService.java:closeImpl(320)) - 7299b60a-1361-4038-9b5b-8cb416051416: shutdown server GrpcServerProtocolService successfully
2024-02-27 21:40:25,560 [ForkJoinPool.commonPool-worker-5] INFO  server.GrpcService (GrpcService.java:closeImpl(311)) - 7299b60a-1361-4038-9b5b-8cb416051416: shutdown server org.apache.ratis.grpc.server.GrpcAdminProtocolService now
2024-02-27 21:40:25,554 [grpc-default-executor-8] WARN  server.GrpcLogAppender (GrpcLogAppender.java:lambda$resetClient$1(217)) - acd5b146-ec22-4575-ab5b-633d0d82c7a3@group-A218E7DAA433->2818fa5f-cc14-4867-ab22-981a54c2b243-GrpcLogAppender: Follower failed (request=null, errorCount=1); keep nextIndex (1) unchanged and retry.
2024-02-27 21:40:25,566 [grpc-default-executor-13] WARN  server.GrpcLogAppender (LogUtils.java:warn(121)) - 2da9303e-6724-4504-a4a5-d250e7d22259@group-C2392BA6B23C->2818fa5f-cc14-4867-ab22-981a54c2b243-AppendLogResponseHandler: Failed appendEntries: org.apache.ratis.thirdparty.io.grpc.StatusRuntimeException: CANCELLED: RST_STREAM closed stream. HTTP/2 error code: CANCEL
2024-02-27 21:40:25,583 [ForkJoinPool.commonPool-worker-5] INFO  server.GrpcService (GrpcService.java:closeImpl(320)) - 7299b60a-1361-4038-9b5b-8cb416051416: shutdown server org.apache.ratis.grpc.server.GrpcAdminProtocolService successfully
2024-02-27 21:40:25,598 [a4a9caa5-f98a-4b6d-87b4-17f7eca85f0e-NettyServerStreamRpc-bossGroup--thread1] INFO  logging.LoggingHandler (AbstractInternalLogger.java:log(148)) - [id: 0xff1822e9, L:/0.0.0.0:15121] CLOSE
2024-02-27 21:40:25,598 [a4a9caa5-f98a-4b6d-87b4-17f7eca85f0e-NettyServerStreamRpc-bossGroup--thread1] INFO  logging.LoggingHandler (AbstractInternalLogger.java:log(148)) - [id: 0xff1822e9, L:/0.0.0.0:15121] INACTIVE
2024-02-27 21:40:25,598 [a4a9caa5-f98a-4b6d-87b4-17f7eca85f0e-NettyServerStreamRpc-bossGroup--thread1] INFO  logging.LoggingHandler (AbstractInternalLogger.java:log(148)) - [id: 0xff1822e9, L:/0.0.0.0:15121] UNREGISTERED
2024-02-27 21:40:25,629 [ForkJoinPool.commonPool-worker-6] INFO  ozoneimpl.OzoneContainer (OzoneContainer.java:stop(481)) - Attempting to stop container services.
2024-02-27 21:40:25,629 [ForkJoinPool.commonPool-worker-6] INFO  server.RaftServer (RaftServerProxy.java:lambda$close$9(416)) - 2da9303e-6724-4504-a4a5-d250e7d22259: close
2024-02-27 21:40:25,629 [2da9303e-6724-4504-a4a5-d250e7d22259-impl-thread1] INFO  server.RaftServer$Division (RaftServerImpl.java:lambda$close$3(526)) - 2da9303e-6724-4504-a4a5-d250e7d22259@group-5DEEE22C8A53: shutdown
2024-02-27 21:40:25,630 [2da9303e-6724-4504-a4a5-d250e7d22259-impl-thread1] INFO  util.JmxRegister (JmxRegister.java:unregister(73)) - Successfully un-registered JMX Bean with object name Ratis:service=RaftServer,group=group-5DEEE22C8A53,id=2da9303e-6724-4504-a4a5-d250e7d22259
2024-02-27 21:40:25,630 [2da9303e-6724-4504-a4a5-d250e7d22259-impl-thread1] INFO  impl.RoleInfo (RoleInfo.java:shutdownFollowerState(110)) - 2da9303e-6724-4504-a4a5-d250e7d22259: shutdown 2da9303e-6724-4504-a4a5-d250e7d22259@group-5DEEE22C8A53-FollowerState
2024-02-27 21:40:25,630 [2da9303e-6724-4504-a4a5-d250e7d22259@group-5DEEE22C8A53-FollowerState] INFO  impl.FollowerState (FollowerState.java:run(152)) - 2da9303e-6724-4504-a4a5-d250e7d22259@group-5DEEE22C8A53-FollowerState was interrupted
2024-02-27 21:40:25,630 [2da9303e-6724-4504-a4a5-d250e7d22259-impl-thread2] INFO  server.RaftServer$Division (RaftServerImpl.java:lambda$close$3(526)) - 2da9303e-6724-4504-a4a5-d250e7d22259@group-A218E7DAA433: shutdown
2024-02-27 21:40:25,630 [2da9303e-6724-4504-a4a5-d250e7d22259-impl-thread2] INFO  util.JmxRegister (JmxRegister.java:unregister(73)) - Successfully un-registered JMX Bean with object name Ratis:service=RaftServer,group=group-A218E7DAA433,id=2da9303e-6724-4504-a4a5-d250e7d22259
2024-02-27 21:40:25,630 [2da9303e-6724-4504-a4a5-d250e7d22259-impl-thread2] INFO  impl.RoleInfo (RoleInfo.java:shutdownFollowerState(110)) - 2da9303e-6724-4504-a4a5-d250e7d22259: shutdown 2da9303e-6724-4504-a4a5-d250e7d22259@group-A218E7DAA433-FollowerState
2024-02-27 21:40:25,635 [2da9303e-6724-4504-a4a5-d250e7d22259-impl-thread2] INFO  impl.StateMachineUpdater (StateMachineUpdater.java:stopAndJoin(157)) - 2da9303e-6724-4504-a4a5-d250e7d22259@group-A218E7DAA433-StateMachineUpdater: set stopIndex = 0
2024-02-27 21:40:25,635 [2da9303e-6724-4504-a4a5-d250e7d22259@group-A218E7DAA433-FollowerState] INFO  impl.FollowerState (FollowerState.java:run(152)) - 2da9303e-6724-4504-a4a5-d250e7d22259@group-A218E7DAA433-FollowerState was interrupted
2024-02-27 21:40:25,635 [2da9303e-6724-4504-a4a5-d250e7d22259@group-A218E7DAA433-StateMachineUpdater] INFO  ratis.ContainerStateMachine (ContainerStateMachine.java:takeSnapshot(355)) - group-A218E7DAA433: Taking a snapshot at:(t:1, i:0) file /home/runner/work/ozone/ozone/hadoop-ozone/integration-test/target/test-dir/MiniOzoneClusterImpl-6e3a073c-9bdc-4deb-8550-ef77f821b5e4/ozone-meta/datanode-6/ratis/3b9a94bc-9df7-479a-ab76-a218e7daa433/sm/snapshot.1_0
2024-02-27 21:40:25,636 [2da9303e-6724-4504-a4a5-d250e7d22259@group-A218E7DAA433-StateMachineUpdater] INFO  ratis.ContainerStateMachine (ContainerStateMachine.java:takeSnapshot(366)) - group-A218E7DAA433: Finished taking a snapshot at:(t:1, i:0) file:/home/runner/work/ozone/ozone/hadoop-ozone/integration-test/target/test-dir/MiniOzoneClusterImpl-6e3a073c-9bdc-4deb-8550-ef77f821b5e4/ozone-meta/datanode-6/ratis/3b9a94bc-9df7-479a-ab76-a218e7daa433/sm/snapshot.1_0 took: 1 ms
2024-02-27 21:40:25,636 [2da9303e-6724-4504-a4a5-d250e7d22259@group-A218E7DAA433-StateMachineUpdater] INFO  impl.StateMachineUpdater (StateMachineUpdater.java:takeSnapshot(295)) - 2da9303e-6724-4504-a4a5-d250e7d22259@group-A218E7DAA433-StateMachineUpdater: Took a snapshot at index 0
2024-02-27 21:40:25,636 [2da9303e-6724-4504-a4a5-d250e7d22259@group-A218E7DAA433-StateMachineUpdater] INFO  impl.StateMachineUpdater (StateMachineUpdater.java:lambda$new$0(98)) - 2da9303e-6724-4504-a4a5-d250e7d22259@group-A218E7DAA433-StateMachineUpdater: snapshotIndex: updateIncreasingly -1 -> 0
2024-02-27 21:40:25,636 [2da9303e-6724-4504-a4a5-d250e7d22259-impl-thread2] INFO  server.RaftServer$Division (ServerState.java:close(427)) - 2da9303e-6724-4504-a4a5-d250e7d22259@group-A218E7DAA433: applyIndex: 0
2024-02-27 21:40:25,643 [2da9303e-6724-4504-a4a5-d250e7d22259-impl-thread1] INFO  impl.StateMachineUpdater (StateMachineUpdater.java:stopAndJoin(157)) - 2da9303e-6724-4504-a4a5-d250e7d22259@group-5DEEE22C8A53-StateMachineUpdater: set stopIndex = -1
2024-02-27 21:40:25,643 [2da9303e-6724-4504-a4a5-d250e7d22259-impl-thread1] INFO  server.RaftServer$Division (ServerState.java:close(427)) - 2da9303e-6724-4504-a4a5-d250e7d22259@group-5DEEE22C8A53: applyIndex: -1
2024-02-27 21:40:25,643 [2da9303e-6724-4504-a4a5-d250e7d22259-impl-thread3] INFO  server.RaftServer$Division (RaftServerImpl.java:lambda$close$3(526)) - 2da9303e-6724-4504-a4a5-d250e7d22259@group-ED4D28972EF5: shutdown
2024-02-27 21:40:25,643 [2da9303e-6724-4504-a4a5-d250e7d22259-impl-thread3] INFO  util.JmxRegister (JmxRegister.java:unregister(73)) - Successfully un-registered JMX Bean with object name Ratis:service=RaftServer,group=group-ED4D28972EF5,id=2da9303e-6724-4504-a4a5-d250e7d22259
2024-02-27 21:40:25,643 [2da9303e-6724-4504-a4a5-d250e7d22259-impl-thread3] INFO  impl.RoleInfo (RoleInfo.java:shutdownFollowerState(110)) - 2da9303e-6724-4504-a4a5-d250e7d22259: shutdown 2da9303e-6724-4504-a4a5-d250e7d22259@group-ED4D28972EF5-FollowerState
2024-02-27 21:40:25,643 [ForkJoinPool.commonPool-worker-6] INFO  server.GrpcService (GrpcService.java:closeImpl(311)) - 2da9303e-6724-4504-a4a5-d250e7d22259: shutdown server org.apache.ratis.grpc.server.GrpcClientProtocolService now
2024-02-27 21:40:25,643 [2da9303e-6724-4504-a4a5-d250e7d22259-impl-thread4] INFO  server.RaftServer$Division (RaftServerImpl.java:lambda$close$3(526)) - 2da9303e-6724-4504-a4a5-d250e7d22259@group-C2392BA6B23C: shutdown
2024-02-27 21:40:25,643 [e0fc16c3-8785-492f-95e3-5d2aafd0cf3f-impl-thread1] INFO  segmented.SegmentedRaftLogWorker (SegmentedRaftLogWorker.java:close(245)) - e0fc16c3-8785-492f-95e3-5d2aafd0cf3f@group-804B6B9C10BF-SegmentedRaftLogWorker close()
2024-02-27 21:40:25,643 [2da9303e-6724-4504-a4a5-d250e7d22259-impl-thread4] INFO  util.JmxRegister (JmxRegister.java:unregister(73)) - Successfully un-registered JMX Bean with object name Ratis:service=RaftServer,group=group-C2392BA6B23C,id=2da9303e-6724-4504-a4a5-d250e7d22259
2024-02-27 21:40:25,650 [2da9303e-6724-4504-a4a5-d250e7d22259-impl-thread4] INFO  impl.RoleInfo (RoleInfo.java:shutdownLeaderState(94)) - 2da9303e-6724-4504-a4a5-d250e7d22259: shutdown 2da9303e-6724-4504-a4a5-d250e7d22259@group-C2392BA6B23C-LeaderStateImpl
2024-02-27 21:40:25,650 [2da9303e-6724-4504-a4a5-d250e7d22259@group-C2392BA6B23C->2818fa5f-cc14-4867-ab22-981a54c2b243-GrpcLogAppender-LogAppenderDaemon] WARN  server.GrpcLogAppender (GrpcLogAppender.java:mayWait(289)) - 2da9303e-6724-4504-a4a5-d250e7d22259@group-C2392BA6B23C->2818fa5f-cc14-4867-ab22-981a54c2b243-GrpcLogAppender: Wait interrupted by java.lang.InterruptedException
2024-02-27 21:40:25,650 [Thread-2952] INFO  server.GrpcServerProtocolClient (GrpcServerProtocolClient.java:close(103)) - acd5b146-ec22-4575-ab5b-633d0d82c7a3 Close channels
2024-02-27 21:40:25,646 [Thread-2950] INFO  server.GrpcServerProtocolClient (GrpcServerProtocolClient.java:close(103)) - 2818fa5f-cc14-4867-ab22-981a54c2b243 Close channels
2024-02-27 21:40:25,646 [Thread-2949] INFO  server.GrpcServerProtocolClient (GrpcServerProtocolClient.java:close(103)) - 7299b60a-1361-4038-9b5b-8cb416051416 Close channels
2024-02-27 21:40:25,646 [2da9303e-6724-4504-a4a5-d250e7d22259@group-A218E7DAA433-cacheEviction-AwaitToRun] INFO  util.AwaitToRun (AwaitToRun.java:run(49)) - 2da9303e-6724-4504-a4a5-d250e7d22259@group-A218E7DAA433-cacheEviction-AwaitToRun-AwaitForSignal is interrupted
2024-02-27 21:40:25,646 [7299b60a-1361-4038-9b5b-8cb416051416-NettyServerStreamRpc-bossGroup--thread1] INFO  logging.LoggingHandler (AbstractInternalLogger.java:log(148)) - [id: 0x1121c9ac, L:/0.0.0.0:15130] CLOSE
2024-02-27 21:40:25,651 [7299b60a-1361-4038-9b5b-8cb416051416-NettyServerStreamRpc-bossGroup--thread1] INFO  logging.LoggingHandler (AbstractInternalLogger.java:log(148)) - [id: 0x1121c9ac, L:/0.0.0.0:15130] INACTIVE
2024-02-27 21:40:25,651 [7299b60a-1361-4038-9b5b-8cb416051416-NettyServerStreamRpc-bossGroup--thread1] INFO  logging.LoggingHandler (AbstractInternalLogger.java:log(148)) - [id: 0x1121c9ac, L:/0.0.0.0:15130] UNREGISTERED
2024-02-27 21:40:25,645 [2da9303e-6724-4504-a4a5-d250e7d22259-impl-thread3] INFO  impl.StateMachineUpdater (StateMachineUpdater.java:stopAndJoin(157)) - 2da9303e-6724-4504-a4a5-d250e7d22259@group-ED4D28972EF5-StateMachineUpdater: set stopIndex = -1
2024-02-27 21:40:25,652 [2da9303e-6724-4504-a4a5-d250e7d22259-impl-thread3] INFO  server.RaftServer$Division (ServerState.java:close(427)) - 2da9303e-6724-4504-a4a5-d250e7d22259@group-ED4D28972EF5: applyIndex: -1
2024-02-27 21:40:25,645 [2da9303e-6724-4504-a4a5-d250e7d22259@group-5DEEE22C8A53-cacheEviction-AwaitToRun] INFO  util.AwaitToRun (AwaitToRun.java:run(49)) - 2da9303e-6724-4504-a4a5-d250e7d22259@group-5DEEE22C8A53-cacheEviction-AwaitToRun-AwaitForSignal is interrupted
2024-02-27 21:40:25,645 [2da9303e-6724-4504-a4a5-d250e7d22259@group-ED4D28972EF5-FollowerState] INFO  impl.FollowerState (FollowerState.java:run(152)) - 2da9303e-6724-4504-a4a5-d250e7d22259@group-ED4D28972EF5-FollowerState was interrupted
2024-02-27 21:40:25,654 [e0fc16c3-8785-492f-95e3-5d2aafd0cf3f-NettyServerStreamRpc-bossGroup--thread1] INFO  logging.LoggingHandler (AbstractInternalLogger.java:log(148)) - [id: 0x84bc69db, L:/0.0.0.0:15112] CLOSE
2024-02-27 21:40:25,654 [e0fc16c3-8785-492f-95e3-5d2aafd0cf3f-NettyServerStreamRpc-bossGroup--thread1] INFO  logging.LoggingHandler (AbstractInternalLogger.java:log(148)) - [id: 0x84bc69db, L:/0.0.0.0:15112] INACTIVE
2024-02-27 21:40:25,654 [e0fc16c3-8785-492f-95e3-5d2aafd0cf3f-NettyServerStreamRpc-bossGroup--thread1] INFO  logging.LoggingHandler (AbstractInternalLogger.java:log(148)) - [id: 0x84bc69db, L:/0.0.0.0:15112] UNREGISTERED
2024-02-27 21:40:25,656 [a4a9caa5-f98a-4b6d-87b4-17f7eca85f0e-impl-thread1] INFO  segmented.SegmentedRaftLogWorker (SegmentedRaftLogWorker.java:close(245)) - a4a9caa5-f98a-4b6d-87b4-17f7eca85f0e@group-804B6B9C10BF-SegmentedRaftLogWorker close()
2024-02-27 21:40:25,659 [2da9303e-6724-4504-a4a5-d250e7d22259@group-ED4D28972EF5-cacheEviction-AwaitToRun] INFO  util.AwaitToRun (AwaitToRun.java:run(49)) - 2da9303e-6724-4504-a4a5-d250e7d22259@group-ED4D28972EF5-cacheEviction-AwaitToRun-AwaitForSignal is interrupted
2024-02-27 21:40:25,659 [2da9303e-6724-4504-a4a5-d250e7d22259-impl-thread4] INFO  impl.PendingRequests (PendingRequests.java:sendNotLeaderResponses(289)) - 2da9303e-6724-4504-a4a5-d250e7d22259@group-C2392BA6B23C-PendingRequests: sendNotLeaderResponses
2024-02-27 21:40:25,659 [2da9303e-6724-4504-a4a5-d250e7d22259@group-C2392BA6B23C->acd5b146-ec22-4575-ab5b-633d0d82c7a3-GrpcLogAppender-LogAppenderDaemon] WARN  server.GrpcLogAppender (GrpcLogAppender.java:mayWait(289)) - 2da9303e-6724-4504-a4a5-d250e7d22259@group-C2392BA6B23C->acd5b146-ec22-4575-ab5b-633d0d82c7a3-GrpcLogAppender: Wait interrupted by java.lang.InterruptedException
2024-02-27 21:40:25,659 [2da9303e-6724-4504-a4a5-d250e7d22259-impl-thread4] INFO  impl.StateMachineUpdater (StateMachineUpdater.java:stopAndJoin(157)) - 2da9303e-6724-4504-a4a5-d250e7d22259@group-C2392BA6B23C-StateMachineUpdater: set stopIndex = 0
2024-02-27 21:40:25,659 [2da9303e-6724-4504-a4a5-d250e7d22259@group-C2392BA6B23C-StateMachineUpdater] INFO  ratis.ContainerStateMachine (ContainerStateMachine.java:takeSnapshot(355)) - group-C2392BA6B23C: Taking a snapshot at:(t:1, i:0) file /home/runner/work/ozone/ozone/hadoop-ozone/integration-test/target/test-dir/MiniOzoneClusterImpl-6e3a073c-9bdc-4deb-8550-ef77f821b5e4/ozone-meta/datanode-6/ratis/016ca135-2be0-4d01-9c46-c2392ba6b23c/sm/snapshot.1_0
2024-02-27 21:40:25,660 [grpc-default-executor-1] INFO  server.GrpcServerProtocolService (GrpcServerProtocolService.java:onCompleted(157)) - acd5b146-ec22-4575-ab5b-633d0d82c7a3: Completed APPEND_ENTRIES, lastRequest: null
2024-02-27 21:40:25,660 [grpc-default-executor-1] INFO  server.GrpcServerProtocolService (GrpcServerProtocolService.java:lambda$onCompleted$5(159)) - acd5b146-ec22-4575-ab5b-633d0d82c7a3: Completed APPEND_ENTRIES, lastReply: serverReply {
  requestorId: "2da9303e-6724-4504-a4a5-d250e7d22259"
  replyId: "acd5b146-ec22-4575-ab5b-633d0d82c7a3"
  raftGroupId {
    id: "\001l\2415+\340M\001\234F\3029+\246\262<"
  }
  callId: 5
  success: true
}
term: 1
nextIndex: 1
matchIndex: 18446744073709551615
isHearbeat: true

2024-02-27 21:40:25,663 [ForkJoinPool.commonPool-worker-7] INFO  ozoneimpl.OzoneContainer (OzoneContainer.java:stop(481)) - Attempting to stop container services.
2024-02-27 21:40:25,663 [ForkJoinPool.commonPool-worker-7] INFO  server.RaftServer (RaftServerProxy.java:lambda$close$9(416)) - acd5b146-ec22-4575-ab5b-633d0d82c7a3: close
2024-02-27 21:40:25,663 [acd5b146-ec22-4575-ab5b-633d0d82c7a3-impl-thread1] INFO  server.RaftServer$Division (RaftServerImpl.java:lambda$close$3(526)) - acd5b146-ec22-4575-ab5b-633d0d82c7a3@group-A218E7DAA433: shutdown
2024-02-27 21:40:25,664 [acd5b146-ec22-4575-ab5b-633d0d82c7a3-impl-thread1] INFO  util.JmxRegister (JmxRegister.java:unregister(73)) - Successfully un-registered JMX Bean with object name Ratis:service=RaftServer,group=group-A218E7DAA433,id=acd5b146-ec22-4575-ab5b-633d0d82c7a3
2024-02-27 21:40:25,664 [acd5b146-ec22-4575-ab5b-633d0d82c7a3-impl-thread2] INFO  server.RaftServer$Division (RaftServerImpl.java:lambda$close$3(526)) - acd5b146-ec22-4575-ab5b-633d0d82c7a3@group-A6616489C41E: shutdown
2024-02-27 21:40:25,664 [acd5b146-ec22-4575-ab5b-633d0d82c7a3-impl-thread1] INFO  impl.RoleInfo (RoleInfo.java:shutdownLeaderState(94)) - acd5b146-ec22-4575-ab5b-633d0d82c7a3: shutdown acd5b146-ec22-4575-ab5b-633d0d82c7a3@group-A218E7DAA433-LeaderStateImpl
2024-02-27 21:40:25,664 [7299b60a-1361-4038-9b5b-8cb416051416-impl-thread2] INFO  segmented.SegmentedRaftLogWorker (SegmentedRaftLogWorker.java:close(245)) - 7299b60a-1361-4038-9b5b-8cb416051416@group-804B6B9C10BF-SegmentedRaftLogWorker close()
2024-02-27 21:40:25,664 [acd5b146-ec22-4575-ab5b-633d0d82c7a3-impl-thread2] INFO  util.JmxRegister (JmxRegister.java:unregister(73)) - Successfully un-registered JMX Bean with object name Ratis:service=RaftServer,group=group-A6616489C41E,id=acd5b146-ec22-4575-ab5b-633d0d82c7a3
2024-02-27 21:40:25,664 [acd5b146-ec22-4575-ab5b-633d0d82c7a3-impl-thread2] INFO  impl.RoleInfo (RoleInfo.java:shutdownFollowerState(110)) - acd5b146-ec22-4575-ab5b-633d0d82c7a3: shutdown acd5b146-ec22-4575-ab5b-633d0d82c7a3@group-A6616489C41E-FollowerState
2024-02-27 21:40:25,664 [acd5b146-ec22-4575-ab5b-633d0d82c7a3-impl-thread3] INFO  server.RaftServer$Division (RaftServerImpl.java:lambda$close$3(526)) - acd5b146-ec22-4575-ab5b-633d0d82c7a3@group-ED4D28972EF5: shutdown
2024-02-27 21:40:25,664 [acd5b146-ec22-4575-ab5b-633d0d82c7a3@group-A6616489C41E-FollowerState] INFO  impl.FollowerState (FollowerState.java:run(152)) - acd5b146-ec22-4575-ab5b-633d0d82c7a3@group-A6616489C41E-FollowerState was interrupted
2024-02-27 21:40:25,664 [acd5b146-ec22-4575-ab5b-633d0d82c7a3-impl-thread3] INFO  util.JmxRegister (JmxRegister.java:unregister(73)) - Successfully un-registered JMX Bean with object name Ratis:service=RaftServer,group=group-ED4D28972EF5,id=acd5b146-ec22-4575-ab5b-633d0d82c7a3
2024-02-27 21:40:25,664 [acd5b146-ec22-4575-ab5b-633d0d82c7a3-impl-thread3] INFO  impl.RoleInfo (RoleInfo.java:shutdownLeaderState(94)) - acd5b146-ec22-4575-ab5b-633d0d82c7a3: shutdown acd5b146-ec22-4575-ab5b-633d0d82c7a3@group-ED4D28972EF5-LeaderStateImpl
2024-02-27 21:40:25,664 [acd5b146-ec22-4575-ab5b-633d0d82c7a3-impl-thread1] INFO  impl.PendingRequests (PendingRequests.java:sendNotLeaderResponses(289)) - acd5b146-ec22-4575-ab5b-633d0d82c7a3@group-A218E7DAA433-PendingRequests: sendNotLeaderResponses
2024-02-27 21:40:25,665 [ForkJoinPool.commonPool-worker-7] INFO  server.GrpcService (GrpcService.java:closeImpl(311)) - acd5b146-ec22-4575-ab5b-633d0d82c7a3: shutdown server org.apache.ratis.grpc.server.GrpcClientProtocolService now
2024-02-27 21:40:25,666 [grpc-default-executor-1] INFO  server.GrpcLogAppender (GrpcLogAppender.java:onCompleted(546)) - 2da9303e-6724-4504-a4a5-d250e7d22259@group-C2392BA6B23C->acd5b146-ec22-4575-ab5b-633d0d82c7a3-AppendLogResponseHandler: follower responses appendEntries COMPLETED
2024-02-27 21:40:25,666 [acd5b146-ec22-4575-ab5b-633d0d82c7a3@group-A218E7DAA433->2818fa5f-cc14-4867-ab22-981a54c2b243-GrpcLogAppender-LogAppenderDaemon] WARN  server.GrpcLogAppender (GrpcLogAppender.java:mayWait(289)) - acd5b146-ec22-4575-ab5b-633d0d82c7a3@group-A218E7DAA433->2818fa5f-cc14-4867-ab22-981a54c2b243-GrpcLogAppender: Wait interrupted by java.lang.InterruptedException
2024-02-27 21:40:25,667 [grpc-default-executor-1] WARN  server.GrpcLogAppender (GrpcLogAppender.java:resetClient(226)) - 2da9303e-6724-4504-a4a5-d250e7d22259@group-C2392BA6B23C->acd5b146-ec22-4575-ab5b-633d0d82c7a3-GrpcLogAppender: Failed to getClient for acd5b146-ec22-4575-ab5b-633d0d82c7a3
org.apache.ratis.protocol.exceptions.AlreadyClosedException: 2da9303e-6724-4504-a4a5-d250e7d22259 is already CLOSED
	at org.apache.ratis.util.PeerProxyMap$PeerAndProxy.getProxy(PeerProxyMap.java:65)
	at org.apache.ratis.util.PeerProxyMap.getProxy(PeerProxyMap.java:114)
	at org.apache.ratis.grpc.server.GrpcLogAppender.getClient(GrpcLogAppender.java:196)
	at org.apache.ratis.grpc.server.GrpcLogAppender.resetClient(GrpcLogAppender.java:201)
	at org.apache.ratis.grpc.server.GrpcLogAppender.access$800(GrpcLogAppender.java:62)
	at org.apache.ratis.grpc.server.GrpcLogAppender$AppendLogResponseHandler.onCompleted(GrpcLogAppender.java:547)
	at org.apache.ratis.thirdparty.io.grpc.stub.ClientCalls$StreamObserverToCallListenerAdapter.onClose(ClientCalls.java:479)
	at org.apache.ratis.thirdparty.io.grpc.internal.ClientCallImpl.closeObserver(ClientCallImpl.java:567)
	at org.apache.ratis.thirdparty.io.grpc.internal.ClientCallImpl.access$300(ClientCallImpl.java:71)
	at org.apache.ratis.thirdparty.io.grpc.internal.ClientCallImpl$ClientStreamListenerImpl$1StreamClosed.runInternal(ClientCallImpl.java:735)
	at org.apache.ratis.thirdparty.io.grpc.internal.ClientCallImpl$ClientStreamListenerImpl$1StreamClosed.runInContext(ClientCallImpl.java:716)
	at org.apache.ratis.thirdparty.io.grpc.internal.ContextRunnable.run(ContextRunnable.java:37)
	at org.apache.ratis.thirdparty.io.grpc.internal.SerializingExecutor.run(SerializingExecutor.java:133)
	at java.util.concurrent.ThreadPoolExecutor.runWorker(ThreadPoolExecutor.java:1149)
	at java.util.concurrent.ThreadPoolExecutor$Worker.run(ThreadPoolExecutor.java:624)
	at java.lang.Thread.run(Thread.java:750)
2024-02-27 21:40:25,666 [2da9303e-6724-4504-a4a5-d250e7d22259@group-C2392BA6B23C-StateMachineUpdater] INFO  ratis.ContainerStateMachine (ContainerStateMachine.java:takeSnapshot(366)) - group-C2392BA6B23C: Finished taking a snapshot at:(t:1, i:0) file:/home/runner/work/ozone/ozone/hadoop-ozone/integration-test/target/test-dir/MiniOzoneClusterImpl-6e3a073c-9bdc-4deb-8550-ef77f821b5e4/ozone-meta/datanode-6/ratis/016ca135-2be0-4d01-9c46-c2392ba6b23c/sm/snapshot.1_0 took: 7 ms
2024-02-27 21:40:25,666 [grpc-default-executor-12] INFO  server.GrpcServerProtocolService (GrpcServerProtocolService.java:onCompleted(157)) - acd5b146-ec22-4575-ab5b-633d0d82c7a3: Completed APPEND_ENTRIES, lastRequest: 2da9303e-6724-4504-a4a5-d250e7d22259->acd5b146-ec22-4575-ab5b-633d0d82c7a3#1-t1,previous=(t:0, i:0),leaderCommit=-1,initializing? false,entries: size=1, first=(t:1, i:0), CONFIGURATIONENTRY(current:id: "2818fa5f-cc14-4867-ab22-981a54c2b243"
address: "10.1.0.18:15138"
dataStreamAddress: "10.1.0.18:15139"
clientAddress: "10.1.0.18:15136"
adminAddress: "10.1.0.18:15137"
startupRole: FOLLOWER
,id: "2da9303e-6724-4504-a4a5-d250e7d22259"
address: "10.1.0.18:15156"
priority: 1
dataStreamAddress: "10.1.0.18:15157"
clientAddress: "10.1.0.18:15154"
adminAddress: "10.1.0.18:15155"
startupRole: FOLLOWER
,id: "acd5b146-ec22-4575-ab5b-633d0d82c7a3"
address: "10.1.0.18:15147"
dataStreamAddress: "10.1.0.18:15148"
clientAddress: "10.1.0.18:15145"
adminAddress: "10.1.0.18:15146"
startupRole: FOLLOWER
, old:)
2024-02-27 21:40:25,667 [grpc-default-executor-12] INFO  server.GrpcServerProtocolService (GrpcServerProtocolService.java:lambda$onCompleted$5(159)) - acd5b146-ec22-4575-ab5b-633d0d82c7a3: Completed APPEND_ENTRIES, lastReply: null
2024-02-27 21:40:25,667 [2da9303e-6724-4504-a4a5-d250e7d22259@group-C2392BA6B23C-StateMachineUpdater] INFO  impl.StateMachineUpdater (StateMachineUpdater.java:takeSnapshot(295)) - 2da9303e-6724-4504-a4a5-d250e7d22259@group-C2392BA6B23C-StateMachineUpdater: Took a snapshot at index 0
2024-02-27 21:40:25,667 [2da9303e-6724-4504-a4a5-d250e7d22259@group-C2392BA6B23C-StateMachineUpdater] INFO  impl.StateMachineUpdater (StateMachineUpdater.java:lambda$new$0(98)) - 2da9303e-6724-4504-a4a5-d250e7d22259@group-C2392BA6B23C-StateMachineUpdater: snapshotIndex: updateIncreasingly -1 -> 0
2024-02-27 21:40:25,667 [Thread-2988] INFO  server.GrpcServerProtocolClient (GrpcServerProtocolClient.java:close(103)) - a4a9caa5-f98a-4b6d-87b4-17f7eca85f0e Close channels
2024-02-27 21:40:25,667 [2da9303e-6724-4504-a4a5-d250e7d22259-impl-thread4] INFO  server.RaftServer$Division (ServerState.java:close(427)) - 2da9303e-6724-4504-a4a5-d250e7d22259@group-C2392BA6B23C: applyIndex: 0
2024-02-27 21:40:25,667 [Thread-2989] INFO  server.GrpcServerProtocolClient (GrpcServerProtocolClient.java:close(103)) - 2818fa5f-cc14-4867-ab22-981a54c2b243 Close channels
2024-02-27 21:40:25,668 [Thread-2990] INFO  server.GrpcServerProtocolClient (GrpcServerProtocolClient.java:close(103)) - 2da9303e-6724-4504-a4a5-d250e7d22259 Close channels
2024-02-27 21:40:25,669 [grpc-default-executor-12] INFO  server.GrpcLogAppender (GrpcLogAppender.java:onCompleted(546)) - 2da9303e-6724-4504-a4a5-d250e7d22259@group-C2392BA6B23C->acd5b146-ec22-4575-ab5b-633d0d82c7a3-AppendLogResponseHandler: follower responses appendEntries COMPLETED
2024-02-27 21:40:25,669 [grpc-default-executor-12] WARN  server.GrpcLogAppender (GrpcLogAppender.java:resetClient(226)) - 2da9303e-6724-4504-a4a5-d250e7d22259@group-C2392BA6B23C->acd5b146-ec22-4575-ab5b-633d0d82c7a3-GrpcLogAppender: Failed to getClient for acd5b146-ec22-4575-ab5b-633d0d82c7a3
org.apache.ratis.protocol.exceptions.AlreadyClosedException: 2da9303e-6724-4504-a4a5-d250e7d22259 is already CLOSED
	at org.apache.ratis.util.PeerProxyMap$PeerAndProxy.getProxy(PeerProxyMap.java:65)
	at org.apache.ratis.util.PeerProxyMap.getProxy(PeerProxyMap.java:114)
	at org.apache.ratis.grpc.server.GrpcLogAppender.getClient(GrpcLogAppender.java:196)
	at org.apache.ratis.grpc.server.GrpcLogAppender.resetClient(GrpcLogAppender.java:201)
	at org.apache.ratis.grpc.server.GrpcLogAppender.access$800(GrpcLogAppender.java:62)
	at org.apache.ratis.grpc.server.GrpcLogAppender$AppendLogResponseHandler.onCompleted(GrpcLogAppender.java:547)
	at org.apache.ratis.thirdparty.io.grpc.stub.ClientCalls$StreamObserverToCallListenerAdapter.onClose(ClientCalls.java:479)
	at org.apache.ratis.thirdparty.io.grpc.internal.ClientCallImpl.closeObserver(ClientCallImpl.java:567)
	at org.apache.ratis.thirdparty.io.grpc.internal.ClientCallImpl.access$300(ClientCallImpl.java:71)
	at org.apache.ratis.thirdparty.io.grpc.internal.ClientCallImpl$ClientStreamListenerImpl$1StreamClosed.runInternal(ClientCallImpl.java:735)
	at org.apache.ratis.thirdparty.io.grpc.internal.ClientCallImpl$ClientStreamListenerImpl$1StreamClosed.runInContext(ClientCallImpl.java:716)
	at org.apache.ratis.thirdparty.io.grpc.internal.ContextRunnable.run(ContextRunnable.java:37)
	at org.apache.ratis.thirdparty.io.grpc.internal.SerializingExecutor.run(SerializingExecutor.java:133)
	at java.util.concurrent.ThreadPoolExecutor.runWorker(ThreadPoolExecutor.java:1149)
	at java.util.concurrent.ThreadPoolExecutor$Worker.run(ThreadPoolExecutor.java:624)
	at java.lang.Thread.run(Thread.java:750)
2024-02-27 21:40:25,669 [ForkJoinPool.commonPool-worker-6] INFO  server.GrpcService (GrpcService.java:closeImpl(320)) - 2da9303e-6724-4504-a4a5-d250e7d22259: shutdown server org.apache.ratis.grpc.server.GrpcClientProtocolService successfully
2024-02-27 21:40:25,669 [ForkJoinPool.commonPool-worker-6] INFO  server.GrpcService (GrpcService.java:closeImpl(311)) - 2da9303e-6724-4504-a4a5-d250e7d22259: shutdown server GrpcServerProtocolService now
2024-02-27 21:40:25,670 [grpc-default-executor-1] WARN  server.GrpcServerProtocolService (LogUtils.java:warn(121)) - 2da9303e-6724-4504-a4a5-d250e7d22259: APPEND_ENTRIES onError, lastRequest: acd5b146-ec22-4575-ab5b-633d0d82c7a3->2da9303e-6724-4504-a4a5-d250e7d22259#1-t1,previous=(t:0, i:0),leaderCommit=-1,initializing? false,entries: size=1, first=(t:1, i:0), CONFIGURATIONENTRY(current:id: "2818fa5f-cc14-4867-ab22-981a54c2b243"
address: "10.1.0.18:15138"
dataStreamAddress: "10.1.0.18:15139"
clientAddress: "10.1.0.18:15136"
adminAddress: "10.1.0.18:15137"
startupRole: FOLLOWER
,id: "2da9303e-6724-4504-a4a5-d250e7d22259"
address: "10.1.0.18:15156"
dataStreamAddress: "10.1.0.18:15157"
clientAddress: "10.1.0.18:15154"
adminAddress: "10.1.0.18:15155"
startupRole: FOLLOWER
,id: "acd5b146-ec22-4575-ab5b-633d0d82c7a3"
address: "10.1.0.18:15147"
priority: 1
dataStreamAddress: "10.1.0.18:15148"
clientAddress: "10.1.0.18:15145"
adminAddress: "10.1.0.18:15146"
startupRole: FOLLOWER
, old:): org.apache.ratis.thirdparty.io.grpc.StatusRuntimeException: CANCELLED: client cancelled
2024-02-27 21:40:25,670 [acd5b146-ec22-4575-ab5b-633d0d82c7a3@group-A218E7DAA433->2da9303e-6724-4504-a4a5-d250e7d22259-GrpcLogAppender-LogAppenderDaemon] WARN  server.GrpcLogAppender (GrpcLogAppender.java:mayWait(289)) - acd5b146-ec22-4575-ab5b-633d0d82c7a3@group-A218E7DAA433->2da9303e-6724-4504-a4a5-d250e7d22259-GrpcLogAppender: Wait interrupted by java.lang.InterruptedException
2024-02-27 21:40:25,670 [acd5b146-ec22-4575-ab5b-633d0d82c7a3-impl-thread1] INFO  impl.StateMachineUpdater (StateMachineUpdater.java:stopAndJoin(157)) - acd5b146-ec22-4575-ab5b-633d0d82c7a3@group-A218E7DAA433-StateMachineUpdater: set stopIndex = 0
2024-02-27 21:40:25,671 [acd5b146-ec22-4575-ab5b-633d0d82c7a3@group-ED4D28972EF5->a4a9caa5-f98a-4b6d-87b4-17f7eca85f0e-GrpcLogAppender-LogAppenderDaemon] WARN  server.GrpcLogAppender (GrpcLogAppender.java:mayWait(289)) - acd5b146-ec22-4575-ab5b-633d0d82c7a3@group-ED4D28972EF5->a4a9caa5-f98a-4b6d-87b4-17f7eca85f0e-GrpcLogAppender: Wait interrupted by java.lang.InterruptedException
2024-02-27 21:40:25,671 [acd5b146-ec22-4575-ab5b-633d0d82c7a3-impl-thread3] INFO  impl.PendingRequests (PendingRequests.java:sendNotLeaderResponses(289)) - acd5b146-ec22-4575-ab5b-633d0d82c7a3@group-ED4D28972EF5-PendingRequests: sendNotLeaderResponses
2024-02-27 21:40:25,671 [acd5b146-ec22-4575-ab5b-633d0d82c7a3@group-A218E7DAA433-StateMachineUpdater] INFO  ratis.ContainerStateMachine (ContainerStateMachine.java:takeSnapshot(355)) - group-A218E7DAA433: Taking a snapshot at:(t:1, i:0) file /home/runner/work/ozone/ozone/hadoop-ozone/integration-test/target/test-dir/MiniOzoneClusterImpl-6e3a073c-9bdc-4deb-8550-ef77f821b5e4/ozone-meta/datanode-5/ratis/3b9a94bc-9df7-479a-ab76-a218e7daa433/sm/snapshot.1_0
2024-02-27 21:40:25,671 [2da9303e-6724-4504-a4a5-d250e7d22259@group-C2392BA6B23C-cacheEviction-AwaitToRun] INFO  util.AwaitToRun (AwaitToRun.java:run(49)) - 2da9303e-6724-4504-a4a5-d250e7d22259@group-C2392BA6B23C-cacheEviction-AwaitToRun-AwaitForSignal is interrupted
2024-02-27 21:40:25,671 [acd5b146-ec22-4575-ab5b-633d0d82c7a3@group-ED4D28972EF5->2da9303e-6724-4504-a4a5-d250e7d22259-GrpcLogAppender-LogAppenderDaemon] WARN  server.GrpcLogAppender (GrpcLogAppender.java:mayWait(289)) - acd5b146-ec22-4575-ab5b-633d0d82c7a3@group-ED4D28972EF5->2da9303e-6724-4504-a4a5-d250e7d22259-GrpcLogAppender: Wait interrupted by java.lang.InterruptedException
2024-02-27 21:40:25,671 [grpc-default-executor-13] WARN  server.GrpcServerProtocolService (LogUtils.java:warn(121)) - 2da9303e-6724-4504-a4a5-d250e7d22259: APPEND_ENTRIES onError, lastRequest: acd5b146-ec22-4575-ab5b-633d0d82c7a3->2da9303e-6724-4504-a4a5-d250e7d22259#1-t1,previous=(t:0, i:0),leaderCommit=-1,initializing? false,entries: size=1, first=(t:1, i:0), CONFIGURATIONENTRY(current:id: "a4a9caa5-f98a-4b6d-87b4-17f7eca85f0e"
address: "10.1.0.18:15120"
dataStreamAddress: "10.1.0.18:15121"
clientAddress: "10.1.0.18:15118"
adminAddress: "10.1.0.18:15119"
startupRole: FOLLOWER
,id: "2da9303e-6724-4504-a4a5-d250e7d22259"
address: "10.1.0.18:15156"
dataStreamAddress: "10.1.0.18:15157"
clientAddress: "10.1.0.18:15154"
adminAddress: "10.1.0.18:15155"
startupRole: FOLLOWER
,id: "acd5b146-ec22-4575-ab5b-633d0d82c7a3"
address: "10.1.0.18:15147"
priority: 1
dataStreamAddress: "10.1.0.18:15148"
clientAddress: "10.1.0.18:15145"
adminAddress: "10.1.0.18:15146"
startupRole: FOLLOWER
, old:): org.apache.ratis.thirdparty.io.grpc.StatusRuntimeException: CANCELLED: client cancelled
2024-02-27 21:40:25,672 [acd5b146-ec22-4575-ab5b-633d0d82c7a3-impl-thread3] INFO  impl.StateMachineUpdater (StateMachineUpdater.java:stopAndJoin(157)) - acd5b146-ec22-4575-ab5b-633d0d82c7a3@group-ED4D28972EF5-StateMachineUpdater: set stopIndex = 0
2024-02-27 21:40:25,672 [acd5b146-ec22-4575-ab5b-633d0d82c7a3@group-ED4D28972EF5-StateMachineUpdater] INFO  ratis.ContainerStateMachine (ContainerStateMachine.java:takeSnapshot(355)) - group-ED4D28972EF5: Taking a snapshot at:(t:1, i:0) file /home/runner/work/ozone/ozone/hadoop-ozone/integration-test/target/test-dir/MiniOzoneClusterImpl-6e3a073c-9bdc-4deb-8550-ef77f821b5e4/ozone-meta/datanode-5/ratis/b8b980ba-a45e-4db6-b288-ed4d28972ef5/sm/snapshot.1_0
2024-02-27 21:40:25,671 [acd5b146-ec22-4575-ab5b-633d0d82c7a3-impl-thread2] INFO  impl.StateMachineUpdater (StateMachineUpdater.java:stopAndJoin(157)) - acd5b146-ec22-4575-ab5b-633d0d82c7a3@group-A6616489C41E-StateMachineUpdater: set stopIndex = -1
2024-02-27 21:40:25,672 [acd5b146-ec22-4575-ab5b-633d0d82c7a3-impl-thread2] INFO  server.RaftServer$Division (ServerState.java:close(427)) - acd5b146-ec22-4575-ab5b-633d0d82c7a3@group-A6616489C41E: applyIndex: -1
2024-02-27 21:40:25,672 [acd5b146-ec22-4575-ab5b-633d0d82c7a3@group-A6616489C41E-cacheEviction-AwaitToRun] INFO  util.AwaitToRun (AwaitToRun.java:run(49)) - acd5b146-ec22-4575-ab5b-633d0d82c7a3@group-A6616489C41E-cacheEviction-AwaitToRun-AwaitForSignal is interrupted
2024-02-27 21:40:25,672 [acd5b146-ec22-4575-ab5b-633d0d82c7a3@group-A218E7DAA433-StateMachineUpdater] INFO  ratis.ContainerStateMachine (ContainerStateMachine.java:takeSnapshot(366)) - group-A218E7DAA433: Finished taking a snapshot at:(t:1, i:0) file:/home/runner/work/ozone/ozone/hadoop-ozone/integration-test/target/test-dir/MiniOzoneClusterImpl-6e3a073c-9bdc-4deb-8550-ef77f821b5e4/ozone-meta/datanode-5/ratis/3b9a94bc-9df7-479a-ab76-a218e7daa433/sm/snapshot.1_0 took: 1 ms
2024-02-27 21:40:25,673 [acd5b146-ec22-4575-ab5b-633d0d82c7a3@group-A218E7DAA433-StateMachineUpdater] INFO  impl.StateMachineUpdater (StateMachineUpdater.java:takeSnapshot(295)) - acd5b146-ec22-4575-ab5b-633d0d82c7a3@group-A218E7DAA433-StateMachineUpdater: Took a snapshot at index 0
2024-02-27 21:40:25,673 [acd5b146-ec22-4575-ab5b-633d0d82c7a3@group-A218E7DAA433-StateMachineUpdater] INFO  impl.StateMachineUpdater (StateMachineUpdater.java:lambda$new$0(98)) - acd5b146-ec22-4575-ab5b-633d0d82c7a3@group-A218E7DAA433-StateMachineUpdater: snapshotIndex: updateIncreasingly -1 -> 0
2024-02-27 21:40:25,673 [acd5b146-ec22-4575-ab5b-633d0d82c7a3@group-ED4D28972EF5-StateMachineUpdater] INFO  ratis.ContainerStateMachine (ContainerStateMachine.java:takeSnapshot(366)) - group-ED4D28972EF5: Finished taking a snapshot at:(t:1, i:0) file:/home/runner/work/ozone/ozone/hadoop-ozone/integration-test/target/test-dir/MiniOzoneClusterImpl-6e3a073c-9bdc-4deb-8550-ef77f821b5e4/ozone-meta/datanode-5/ratis/b8b980ba-a45e-4db6-b288-ed4d28972ef5/sm/snapshot.1_0 took: 0 ms
2024-02-27 21:40:25,673 [acd5b146-ec22-4575-ab5b-633d0d82c7a3@group-ED4D28972EF5-StateMachineUpdater] INFO  impl.StateMachineUpdater (StateMachineUpdater.java:takeSnapshot(295)) - acd5b146-ec22-4575-ab5b-633d0d82c7a3@group-ED4D28972EF5-StateMachineUpdater: Took a snapshot at index 0
2024-02-27 21:40:25,673 [acd5b146-ec22-4575-ab5b-633d0d82c7a3@group-ED4D28972EF5-StateMachineUpdater] INFO  impl.StateMachineUpdater (StateMachineUpdater.java:lambda$new$0(98)) - acd5b146-ec22-4575-ab5b-633d0d82c7a3@group-ED4D28972EF5-StateMachineUpdater: snapshotIndex: updateIncreasingly -1 -> 0
2024-02-27 21:40:25,673 [acd5b146-ec22-4575-ab5b-633d0d82c7a3-impl-thread1] INFO  server.RaftServer$Division (ServerState.java:close(427)) - acd5b146-ec22-4575-ab5b-633d0d82c7a3@group-A218E7DAA433: applyIndex: 0
2024-02-27 21:40:25,673 [acd5b146-ec22-4575-ab5b-633d0d82c7a3-impl-thread3] INFO  server.RaftServer$Division (ServerState.java:close(427)) - acd5b146-ec22-4575-ab5b-633d0d82c7a3@group-ED4D28972EF5: applyIndex: 0
2024-02-27 21:40:25,673 [acd5b146-ec22-4575-ab5b-633d0d82c7a3@group-ED4D28972EF5-cacheEviction-AwaitToRun] INFO  util.AwaitToRun (AwaitToRun.java:run(49)) - acd5b146-ec22-4575-ab5b-633d0d82c7a3@group-ED4D28972EF5-cacheEviction-AwaitToRun-AwaitForSignal is interrupted
2024-02-27 21:40:25,673 [acd5b146-ec22-4575-ab5b-633d0d82c7a3@group-A218E7DAA433-cacheEviction-AwaitToRun] INFO  util.AwaitToRun (AwaitToRun.java:run(49)) - acd5b146-ec22-4575-ab5b-633d0d82c7a3@group-A218E7DAA433-cacheEviction-AwaitToRun-AwaitForSignal is interrupted
2024-02-27 21:40:25,674 [grpc-default-executor-12] INFO  server.GrpcLogAppender (GrpcLogAppender.java:onError(533)) - acd5b146-ec22-4575-ab5b-633d0d82c7a3@group-ED4D28972EF5->2da9303e-6724-4504-a4a5-d250e7d22259-GrpcLogAppender is already stopped
2024-02-27 21:40:25,674 [2818fa5f-cc14-4867-ab22-981a54c2b243-NettyServerStreamRpc-bossGroup--thread1] INFO  logging.LoggingHandler (AbstractInternalLogger.java:log(148)) - [id: 0xe529234a, L:/0.0.0.0:15139] CLOSE
2024-02-27 21:40:25,674 [2818fa5f-cc14-4867-ab22-981a54c2b243-NettyServerStreamRpc-bossGroup--thread1] INFO  logging.LoggingHandler (AbstractInternalLogger.java:log(148)) - [id: 0xe529234a, L:/0.0.0.0:15139] INACTIVE
2024-02-27 21:40:25,675 [2818fa5f-cc14-4867-ab22-981a54c2b243-NettyServerStreamRpc-bossGroup--thread1] INFO  logging.LoggingHandler (AbstractInternalLogger.java:log(148)) - [id: 0xe529234a, L:/0.0.0.0:15139] UNREGISTERED
2024-02-27 21:40:25,675 [grpc-default-executor-8] WARN  server.GrpcServerProtocolService (LogUtils.java:warn(121)) - 2da9303e-6724-4504-a4a5-d250e7d22259: APPEND_ENTRIES onError, lastRequest: null: org.apache.ratis.thirdparty.io.grpc.StatusRuntimeException: CANCELLED: client cancelled
2024-02-27 21:40:25,675 [grpc-default-executor-11] WARN  server.GrpcServerProtocolService (LogUtils.java:warn(121)) - 2da9303e-6724-4504-a4a5-d250e7d22259: APPEND_ENTRIES onError, lastRequest: null: org.apache.ratis.thirdparty.io.grpc.StatusRuntimeException: CANCELLED: client cancelled
2024-02-27 21:40:25,675 [grpc-default-executor-7] INFO  server.GrpcLogAppender (GrpcLogAppender.java:onError(533)) - acd5b146-ec22-4575-ab5b-633d0d82c7a3@group-ED4D28972EF5->2da9303e-6724-4504-a4a5-d250e7d22259-GrpcLogAppender is already stopped
2024-02-27 21:40:25,675 [grpc-default-executor-13] INFO  server.GrpcLogAppender (GrpcLogAppender.java:onError(533)) - acd5b146-ec22-4575-ab5b-633d0d82c7a3@group-A218E7DAA433->2da9303e-6724-4504-a4a5-d250e7d22259-GrpcLogAppender is already stopped
2024-02-27 21:40:25,676 [acd5b146-ec22-4575-ab5b-633d0d82c7a3-impl-thread4] INFO  server.RaftServer$Division (RaftServerImpl.java:lambda$close$3(526)) - acd5b146-ec22-4575-ab5b-633d0d82c7a3@group-C2392BA6B23C: shutdown
2024-02-27 21:40:25,676 [ForkJoinPool.commonPool-worker-6] INFO  server.GrpcService (GrpcService.java:closeImpl(320)) - 2da9303e-6724-4504-a4a5-d250e7d22259: shutdown server GrpcServerProtocolService successfully
2024-02-27 21:40:25,676 [acd5b146-ec22-4575-ab5b-633d0d82c7a3-impl-thread4] INFO  util.JmxRegister (JmxRegister.java:unregister(73)) - Successfully un-registered JMX Bean with object name Ratis:service=RaftServer,group=group-C2392BA6B23C,id=acd5b146-ec22-4575-ab5b-633d0d82c7a3
2024-02-27 21:40:25,676 [acd5b146-ec22-4575-ab5b-633d0d82c7a3-impl-thread4] INFO  impl.RoleInfo (RoleInfo.java:shutdownFollowerState(110)) - acd5b146-ec22-4575-ab5b-633d0d82c7a3: shutdown acd5b146-ec22-4575-ab5b-633d0d82c7a3@group-C2392BA6B23C-FollowerState
2024-02-27 21:40:25,676 [ForkJoinPool.commonPool-worker-6] INFO  server.GrpcService (GrpcService.java:closeImpl(311)) - 2da9303e-6724-4504-a4a5-d250e7d22259: shutdown server org.apache.ratis.grpc.server.GrpcAdminProtocolService now
2024-02-27 21:40:25,680 [acd5b146-ec22-4575-ab5b-633d0d82c7a3-impl-thread4] INFO  impl.StateMachineUpdater (StateMachineUpdater.java:stopAndJoin(157)) - acd5b146-ec22-4575-ab5b-633d0d82c7a3@group-C2392BA6B23C-StateMachineUpdater: set stopIndex = 0
2024-02-27 21:40:25,680 [acd5b146-ec22-4575-ab5b-633d0d82c7a3@group-C2392BA6B23C-FollowerState] INFO  impl.FollowerState (FollowerState.java:run(152)) - acd5b146-ec22-4575-ab5b-633d0d82c7a3@group-C2392BA6B23C-FollowerState was interrupted
2024-02-27 21:40:25,680 [acd5b146-ec22-4575-ab5b-633d0d82c7a3@group-C2392BA6B23C-StateMachineUpdater] INFO  ratis.ContainerStateMachine (ContainerStateMachine.java:takeSnapshot(355)) - group-C2392BA6B23C: Taking a snapshot at:(t:1, i:0) file /home/runner/work/ozone/ozone/hadoop-ozone/integration-test/target/test-dir/MiniOzoneClusterImpl-6e3a073c-9bdc-4deb-8550-ef77f821b5e4/ozone-meta/datanode-5/ratis/016ca135-2be0-4d01-9c46-c2392ba6b23c/sm/snapshot.1_0
2024-02-27 21:40:25,680 [acd5b146-ec22-4575-ab5b-633d0d82c7a3@group-C2392BA6B23C-StateMachineUpdater] INFO  ratis.ContainerStateMachine (ContainerStateMachine.java:takeSnapshot(366)) - group-C2392BA6B23C: Finished taking a snapshot at:(t:1, i:0) file:/home/runner/work/ozone/ozone/hadoop-ozone/integration-test/target/test-dir/MiniOzoneClusterImpl-6e3a073c-9bdc-4deb-8550-ef77f821b5e4/ozone-meta/datanode-5/ratis/016ca135-2be0-4d01-9c46-c2392ba6b23c/sm/snapshot.1_0 took: 1 ms
2024-02-27 21:40:25,681 [acd5b146-ec22-4575-ab5b-633d0d82c7a3@group-C2392BA6B23C-StateMachineUpdater] INFO  impl.StateMachineUpdater (StateMachineUpdater.java:takeSnapshot(295)) - acd5b146-ec22-4575-ab5b-633d0d82c7a3@group-C2392BA6B23C-StateMachineUpdater: Took a snapshot at index 0
2024-02-27 21:40:25,681 [acd5b146-ec22-4575-ab5b-633d0d82c7a3@group-C2392BA6B23C-StateMachineUpdater] INFO  impl.StateMachineUpdater (StateMachineUpdater.java:lambda$new$0(98)) - acd5b146-ec22-4575-ab5b-633d0d82c7a3@group-C2392BA6B23C-StateMachineUpdater: snapshotIndex: updateIncreasingly -1 -> 0
2024-02-27 21:40:25,681 [acd5b146-ec22-4575-ab5b-633d0d82c7a3-impl-thread4] INFO  server.RaftServer$Division (ServerState.java:close(427)) - acd5b146-ec22-4575-ab5b-633d0d82c7a3@group-C2392BA6B23C: applyIndex: 0
2024-02-27 21:40:25,681 [acd5b146-ec22-4575-ab5b-633d0d82c7a3@group-C2392BA6B23C-cacheEviction-AwaitToRun] INFO  util.AwaitToRun (AwaitToRun.java:run(49)) - acd5b146-ec22-4575-ab5b-633d0d82c7a3@group-C2392BA6B23C-cacheEviction-AwaitToRun-AwaitForSignal is interrupted
2024-02-27 21:40:25,682 [grpc-default-executor-2] INFO  server.GrpcLogAppender (GrpcLogAppender.java:onError(533)) - acd5b146-ec22-4575-ab5b-633d0d82c7a3@group-A218E7DAA433->2da9303e-6724-4504-a4a5-d250e7d22259-GrpcLogAppender is already stopped
2024-02-27 21:40:25,682 [ForkJoinPool.commonPool-worker-7] INFO  server.GrpcService (GrpcService.java:closeImpl(320)) - acd5b146-ec22-4575-ab5b-633d0d82c7a3: shutdown server org.apache.ratis.grpc.server.GrpcClientProtocolService successfully
2024-02-27 21:40:25,682 [ForkJoinPool.commonPool-worker-7] INFO  server.GrpcService (GrpcService.java:closeImpl(311)) - acd5b146-ec22-4575-ab5b-633d0d82c7a3: shutdown server GrpcServerProtocolService now
2024-02-27 21:40:25,682 [ForkJoinPool.commonPool-worker-6] INFO  server.GrpcService (GrpcService.java:closeImpl(320)) - 2da9303e-6724-4504-a4a5-d250e7d22259: shutdown server org.apache.ratis.grpc.server.GrpcAdminProtocolService successfully
2024-02-27 21:40:25,687 [ForkJoinPool.commonPool-worker-7] INFO  server.GrpcService (GrpcService.java:closeImpl(320)) - acd5b146-ec22-4575-ab5b-633d0d82c7a3: shutdown server GrpcServerProtocolService successfully
2024-02-27 21:40:25,688 [ForkJoinPool.commonPool-worker-7] INFO  server.GrpcService (GrpcService.java:closeImpl(311)) - acd5b146-ec22-4575-ab5b-633d0d82c7a3: shutdown server org.apache.ratis.grpc.server.GrpcAdminProtocolService now
2024-02-27 21:40:25,690 [ForkJoinPool.commonPool-worker-7] INFO  server.GrpcService (GrpcService.java:closeImpl(320)) - acd5b146-ec22-4575-ab5b-633d0d82c7a3: shutdown server org.apache.ratis.grpc.server.GrpcAdminProtocolService successfully
2024-02-27 21:40:25,694 [2da9303e-6724-4504-a4a5-d250e7d22259-NettyServerStreamRpc-bossGroup--thread1] INFO  logging.LoggingHandler (AbstractInternalLogger.java:log(148)) - [id: 0x999c7c26, L:/0.0.0.0:15157] CLOSE
2024-02-27 21:40:25,694 [2da9303e-6724-4504-a4a5-d250e7d22259-NettyServerStreamRpc-bossGroup--thread1] INFO  logging.LoggingHandler (AbstractInternalLogger.java:log(148)) - [id: 0x999c7c26, L:/0.0.0.0:15157] INACTIVE
2024-02-27 21:40:25,694 [2da9303e-6724-4504-a4a5-d250e7d22259-NettyServerStreamRpc-bossGroup--thread1] INFO  logging.LoggingHandler (AbstractInternalLogger.java:log(148)) - [id: 0x999c7c26, L:/0.0.0.0:15157] UNREGISTERED
2024-02-27 21:40:25,699 [acd5b146-ec22-4575-ab5b-633d0d82c7a3-NettyServerStreamRpc-bossGroup--thread1] INFO  logging.LoggingHandler (AbstractInternalLogger.java:log(148)) - [id: 0x5d4146fa, L:/0.0.0.0:15148] CLOSE
2024-02-27 21:40:25,699 [acd5b146-ec22-4575-ab5b-633d0d82c7a3-NettyServerStreamRpc-bossGroup--thread1] INFO  logging.LoggingHandler (AbstractInternalLogger.java:log(148)) - [id: 0x5d4146fa, L:/0.0.0.0:15148] INACTIVE
2024-02-27 21:40:25,699 [acd5b146-ec22-4575-ab5b-633d0d82c7a3-NettyServerStreamRpc-bossGroup--thread1] INFO  logging.LoggingHandler (AbstractInternalLogger.java:log(148)) - [id: 0x5d4146fa, L:/0.0.0.0:15148] UNREGISTERED
2024-02-27 21:40:25,703 [7299b60a-1361-4038-9b5b-8cb416051416-impl-thread4] INFO  segmented.SegmentedRaftLogWorker (SegmentedRaftLogWorker.java:close(245)) - 7299b60a-1361-4038-9b5b-8cb416051416@group-E6BBE2641B90-SegmentedRaftLogWorker close()
2024-02-27 21:40:25,719 [a4a9caa5-f98a-4b6d-87b4-17f7eca85f0e-impl-thread2] INFO  segmented.SegmentedRaftLogWorker (SegmentedRaftLogWorker.java:close(245)) - a4a9caa5-f98a-4b6d-87b4-17f7eca85f0e@group-E6BBE2641B90-SegmentedRaftLogWorker close()
2024-02-27 21:40:25,726 [e0fc16c3-8785-492f-95e3-5d2aafd0cf3f-impl-thread3] INFO  segmented.SegmentedRaftLogWorker (SegmentedRaftLogWorker.java:close(245)) - e0fc16c3-8785-492f-95e3-5d2aafd0cf3f@group-E6BBE2641B90-SegmentedRaftLogWorker close()
2024-02-27 21:40:25,919 [e0fc16c3-8785-492f-95e3-5d2aafd0cf3f-impl-thread4] INFO  segmented.SegmentedRaftLogWorker (SegmentedRaftLogWorker.java:close(245)) - e0fc16c3-8785-492f-95e3-5d2aafd0cf3f@group-A6616489C41E-SegmentedRaftLogWorker close()
2024-02-27 21:40:25,934 [acd5b146-ec22-4575-ab5b-633d0d82c7a3-impl-thread2] INFO  segmented.SegmentedRaftLogWorker (SegmentedRaftLogWorker.java:close(245)) - acd5b146-ec22-4575-ab5b-633d0d82c7a3@group-A6616489C41E-SegmentedRaftLogWorker close()
2024-02-27 21:40:25,945 [a4a9caa5-f98a-4b6d-87b4-17f7eca85f0e-impl-thread3] INFO  segmented.SegmentedRaftLogWorker (SegmentedRaftLogWorker.java:close(245)) - a4a9caa5-f98a-4b6d-87b4-17f7eca85f0e@group-A6616489C41E-SegmentedRaftLogWorker close()
2024-02-27 21:40:25,957 [acd5b146-ec22-4575-ab5b-633d0d82c7a3-impl-thread3] INFO  segmented.SegmentedRaftLogWorker (SegmentedRaftLogWorker.java:close(245)) - acd5b146-ec22-4575-ab5b-633d0d82c7a3@group-ED4D28972EF5-SegmentedRaftLogWorker close()
2024-02-27 21:40:25,969 [2da9303e-6724-4504-a4a5-d250e7d22259-impl-thread3] INFO  segmented.SegmentedRaftLogWorker (SegmentedRaftLogWorker.java:close(245)) - 2da9303e-6724-4504-a4a5-d250e7d22259@group-ED4D28972EF5-SegmentedRaftLogWorker close()
2024-02-27 21:40:25,971 [a4a9caa5-f98a-4b6d-87b4-17f7eca85f0e-impl-thread4] INFO  segmented.SegmentedRaftLogWorker (SegmentedRaftLogWorker.java:close(245)) - a4a9caa5-f98a-4b6d-87b4-17f7eca85f0e@group-ED4D28972EF5-SegmentedRaftLogWorker close()
2024-02-27 21:40:25,972 [JvmPauseMonitor16] INFO  util.JvmPauseMonitor (JvmPauseMonitor.java:run(152)) - JvmPauseMonitor-a4a9caa5-f98a-4b6d-87b4-17f7eca85f0e: Stopped
2024-02-27 21:40:26,226 [2818fa5f-cc14-4867-ab22-981a54c2b243-impl-thread4] INFO  segmented.SegmentedRaftLogWorker (SegmentedRaftLogWorker.java:close(245)) - 2818fa5f-cc14-4867-ab22-981a54c2b243@group-C2392BA6B23C-SegmentedRaftLogWorker close()
2024-02-27 21:40:26,226 [acd5b146-ec22-4575-ab5b-633d0d82c7a3-impl-thread4] INFO  segmented.SegmentedRaftLogWorker (SegmentedRaftLogWorker.java:close(245)) - acd5b146-ec22-4575-ab5b-633d0d82c7a3@group-C2392BA6B23C-SegmentedRaftLogWorker close()
2024-02-27 21:40:26,229 [2da9303e-6724-4504-a4a5-d250e7d22259-impl-thread4] INFO  segmented.SegmentedRaftLogWorker (SegmentedRaftLogWorker.java:close(245)) - 2da9303e-6724-4504-a4a5-d250e7d22259@group-C2392BA6B23C-SegmentedRaftLogWorker close()
2024-02-27 21:40:26,229 [2da9303e-6724-4504-a4a5-d250e7d22259-impl-thread2] INFO  segmented.SegmentedRaftLogWorker (SegmentedRaftLogWorker.java:close(245)) - 2da9303e-6724-4504-a4a5-d250e7d22259@group-A218E7DAA433-SegmentedRaftLogWorker close()
2024-02-27 21:40:26,230 [2818fa5f-cc14-4867-ab22-981a54c2b243-impl-thread3] INFO  segmented.SegmentedRaftLogWorker (SegmentedRaftLogWorker.java:close(245)) - 2818fa5f-cc14-4867-ab22-981a54c2b243@group-A218E7DAA433-SegmentedRaftLogWorker close()
2024-02-27 21:40:26,230 [acd5b146-ec22-4575-ab5b-633d0d82c7a3-impl-thread1] INFO  segmented.SegmentedRaftLogWorker (SegmentedRaftLogWorker.java:close(245)) - acd5b146-ec22-4575-ab5b-633d0d82c7a3@group-A218E7DAA433-SegmentedRaftLogWorker close()
2024-02-27 21:40:26,232 [JvmPauseMonitor19] INFO  util.JvmPauseMonitor (JvmPauseMonitor.java:run(152)) - JvmPauseMonitor-acd5b146-ec22-4575-ab5b-633d0d82c7a3: Stopped
2024-02-27 21:40:26,275 [7299b60a-1361-4038-9b5b-8cb416051416-impl-thread1] INFO  segmented.SegmentedRaftLogWorker (SegmentedRaftLogWorker.java:close(245)) - 7299b60a-1361-4038-9b5b-8cb416051416@group-5DEEE22C8A53-SegmentedRaftLogWorker close()
2024-02-27 21:40:26,283 [2818fa5f-cc14-4867-ab22-981a54c2b243-impl-thread1] INFO  segmented.SegmentedRaftLogWorker (SegmentedRaftLogWorker.java:close(245)) - 2818fa5f-cc14-4867-ab22-981a54c2b243@group-5DEEE22C8A53-SegmentedRaftLogWorker close()
2024-02-27 21:40:26,286 [2da9303e-6724-4504-a4a5-d250e7d22259-impl-thread1] INFO  segmented.SegmentedRaftLogWorker (SegmentedRaftLogWorker.java:close(245)) - 2da9303e-6724-4504-a4a5-d250e7d22259@group-5DEEE22C8A53-SegmentedRaftLogWorker close()
2024-02-27 21:40:26,286 [JvmPauseMonitor20] INFO  util.JvmPauseMonitor (JvmPauseMonitor.java:run(152)) - JvmPauseMonitor-2da9303e-6724-4504-a4a5-d250e7d22259: Stopped
2024-02-27 21:40:26,299 [2818fa5f-cc14-4867-ab22-981a54c2b243-impl-thread2] INFO  segmented.SegmentedRaftLogWorker (SegmentedRaftLogWorker.java:close(245)) - 2818fa5f-cc14-4867-ab22-981a54c2b243@group-38A797F17613-SegmentedRaftLogWorker close()
2024-02-27 21:40:26,299 [JvmPauseMonitor18] INFO  util.JvmPauseMonitor (JvmPauseMonitor.java:run(152)) - JvmPauseMonitor-2818fa5f-cc14-4867-ab22-981a54c2b243: Stopped
2024-02-27 21:40:26,319 [7299b60a-1361-4038-9b5b-8cb416051416-impl-thread3] INFO  segmented.SegmentedRaftLogWorker (SegmentedRaftLogWorker.java:close(245)) - 7299b60a-1361-4038-9b5b-8cb416051416@group-38A797F17613-SegmentedRaftLogWorker close()
2024-02-27 21:40:26,319 [JvmPauseMonitor17] INFO  util.JvmPauseMonitor (JvmPauseMonitor.java:run(152)) - JvmPauseMonitor-7299b60a-1361-4038-9b5b-8cb416051416: Stopped
2024-02-27 21:40:26,320 [e0fc16c3-8785-492f-95e3-5d2aafd0cf3f-impl-thread2] INFO  segmented.SegmentedRaftLogWorker (SegmentedRaftLogWorker.java:close(245)) - e0fc16c3-8785-492f-95e3-5d2aafd0cf3f@group-38A797F17613-SegmentedRaftLogWorker close()
2024-02-27 21:40:26,320 [JvmPauseMonitor15] INFO  util.JvmPauseMonitor (JvmPauseMonitor.java:run(152)) - JvmPauseMonitor-e0fc16c3-8785-492f-95e3-5d2aafd0cf3f: Stopped
2024-02-27 21:40:27,975 [ForkJoinPool.commonPool-worker-3] INFO  utils.DatanodeStoreCache (DatanodeStoreCache.java:shutdownCache(116)) - Skip clearing cache in mini cluster mode. Entries left: [/home/runner/work/ozone/ozone/hadoop-ozone/integration-test/target/test-dir/MiniOzoneClusterImpl-6e3a073c-9bdc-4deb-8550-ef77f821b5e4/ozone-meta/datanode-1/data-0/hdds/6e3a073c-9bdc-4deb-8550-ef77f821b5e4/DS-4f164865-5a16-48fc-ae2e-4104d1098a93/container.db, /home/runner/work/ozone/ozone/hadoop-ozone/integration-test/target/test-dir/MiniOzoneClusterImpl-6e3a073c-9bdc-4deb-8550-ef77f821b5e4/ozone-meta/datanode-2/data-0/hdds/6e3a073c-9bdc-4deb-8550-ef77f821b5e4/DS-79c24f36-237c-474b-ad17-05f293d4c45c/container.db, /home/runner/work/ozone/ozone/hadoop-ozone/integration-test/target/test-dir/MiniOzoneClusterImpl-6e3a073c-9bdc-4deb-8550-ef77f821b5e4/ozone-meta/datanode-3/data-0/hdds/6e3a073c-9bdc-4deb-8550-ef77f821b5e4/DS-856da601-e734-4f72-9eca-8af59e9d3086/container.db, /home/runner/work/ozone/ozone/hadoop-ozone/integration-test/target/test-dir/MiniOzoneClusterImpl-6e3a073c-9bdc-4deb-8550-ef77f821b5e4/ozone-meta/datanode-4/data-0/hdds/6e3a073c-9bdc-4deb-8550-ef77f821b5e4/DS-5e130d01-979f-456e-a501-d3ac1bad5d55/container.db, /home/runner/work/ozone/ozone/hadoop-ozone/integration-test/target/test-dir/MiniOzoneClusterImpl-6e3a073c-9bdc-4deb-8550-ef77f821b5e4/ozone-meta/datanode-5/data-0/hdds/6e3a073c-9bdc-4deb-8550-ef77f821b5e4/DS-c60f7a3c-a2ca-4bfc-8719-b7d58c2619a2/container.db, /home/runner/work/ozone/ozone/hadoop-ozone/integration-test/target/test-dir/MiniOzoneClusterImpl-6e3a073c-9bdc-4deb-8550-ef77f821b5e4/ozone-meta/datanode-6/data-0/hdds/6e3a073c-9bdc-4deb-8550-ef77f821b5e4/DS-fb3a5f82-678f-4c72-8992-e1096b5bf472/container.db]
2024-02-27 21:40:27,979 [ForkJoinPool.commonPool-worker-3] INFO  utils.DatanodeStoreCache (DatanodeStoreCache.java:removeDB(110)) - Removed db /home/runner/work/ozone/ozone/hadoop-ozone/integration-test/target/test-dir/MiniOzoneClusterImpl-6e3a073c-9bdc-4deb-8550-ef77f821b5e4/ozone-meta/datanode-2/data-0/hdds/6e3a073c-9bdc-4deb-8550-ef77f821b5e4/DS-79c24f36-237c-474b-ad17-05f293d4c45c/container.db from cache
2024-02-27 21:40:27,979 [ForkJoinPool.commonPool-worker-3] INFO  volume.HddsVolume (HddsVolume.java:closeDbStore(451)) - SchemaV3 db is stopped at /home/runner/work/ozone/ozone/hadoop-ozone/integration-test/target/test-dir/MiniOzoneClusterImpl-6e3a073c-9bdc-4deb-8550-ef77f821b5e4/ozone-meta/datanode-2/data-0/hdds/6e3a073c-9bdc-4deb-8550-ef77f821b5e4/DS-79c24f36-237c-474b-ad17-05f293d4c45c/container.db for volume DS-79c24f36-237c-474b-ad17-05f293d4c45c
2024-02-27 21:40:27,979 [ForkJoinPool.commonPool-worker-3] INFO  utils.BackgroundService (BackgroundService.java:shutdown(160)) - Shutting down service BlockDeletingService
2024-02-27 21:40:27,980 [ForkJoinPool.commonPool-worker-3] INFO  utils.BackgroundService (BackgroundService.java:shutdown(160)) - Shutting down service StaleRecoveringContainerScrubbingService
2024-02-27 21:40:27,982 [ForkJoinPool.commonPool-worker-3] INFO  statemachine.DatanodeStateMachine (DatanodeStateMachine.java:stopDaemon(638)) - Ozone container server stopped.
2024-02-27 21:40:27,984 [ForkJoinPool.commonPool-worker-3] INFO  handler.ContextHandler (ContextHandler.java:doStop(1159)) - Stopped o.e.j.w.WebAppContext@12a44b61{hddsDatanode,/,null,STOPPED}{jar:file:/home/runner/.m2/repository/org/apache/ozone/hdds-container-service/1.5.0-SNAPSHOT/hdds-container-service-1.5.0-SNAPSHOT.jar!/webapps/hddsDatanode}
2024-02-27 21:40:27,985 [ForkJoinPool.commonPool-worker-3] INFO  server.AbstractConnector (AbstractConnector.java:doStop(383)) - Stopped ServerConnector@5fe71743{HTTP/1.1, (http/1.1)}{0.0.0.0:15115}
2024-02-27 21:40:27,985 [ForkJoinPool.commonPool-worker-3] INFO  server.session (HouseKeeper.java:stopScavenging(149)) - node0 Stopped scavenging
2024-02-27 21:40:27,986 [ForkJoinPool.commonPool-worker-3] INFO  handler.ContextHandler (ContextHandler.java:doStop(1159)) - Stopped o.e.j.s.ServletContextHandler@74d9fd6c{static,/static,jar:file:/home/runner/.m2/repository/org/apache/ozone/hdds-container-service/1.5.0-SNAPSHOT/hdds-container-service-1.5.0-SNAPSHOT.jar!/webapps/static,STOPPED}
2024-02-27 21:40:27,986 [ForkJoinPool.commonPool-worker-3] INFO  handler.ContextHandler (ContextHandler.java:doStop(1159)) - Stopped o.e.j.s.ServletContextHandler@f43bd72{logs,/logs,file:///home/runner/work/ozone/ozone/hadoop-ozone/integration-test/target/log,STOPPED}
2024-02-27 21:40:27,987 [ForkJoinPool.commonPool-worker-3] INFO  ozone.HddsDatanodeClientProtocolServer (HddsDatanodeClientProtocolServer.java:stop(83)) - Stopping the RPC server for Client Protocol
2024-02-27 21:40:27,987 [ForkJoinPool.commonPool-worker-3] INFO  ipc.Server (Server.java:stop(3523)) - Stopping server on 15116
2024-02-27 21:40:27,988 [IPC Server listener on 15116] INFO  ipc.Server (Server.java:run(1434)) - Stopping IPC Server listener on 15116
2024-02-27 21:40:27,988 [IPC Server Responder] INFO  ipc.Server (Server.java:run(1567)) - Stopping IPC Server Responder
2024-02-27 21:40:28,234 [ForkJoinPool.commonPool-worker-7] INFO  utils.DatanodeStoreCache (DatanodeStoreCache.java:shutdownCache(116)) - Skip clearing cache in mini cluster mode. Entries left: [/home/runner/work/ozone/ozone/hadoop-ozone/integration-test/target/test-dir/MiniOzoneClusterImpl-6e3a073c-9bdc-4deb-8550-ef77f821b5e4/ozone-meta/datanode-1/data-0/hdds/6e3a073c-9bdc-4deb-8550-ef77f821b5e4/DS-4f164865-5a16-48fc-ae2e-4104d1098a93/container.db, /home/runner/work/ozone/ozone/hadoop-ozone/integration-test/target/test-dir/MiniOzoneClusterImpl-6e3a073c-9bdc-4deb-8550-ef77f821b5e4/ozone-meta/datanode-3/data-0/hdds/6e3a073c-9bdc-4deb-8550-ef77f821b5e4/DS-856da601-e734-4f72-9eca-8af59e9d3086/container.db, /home/runner/work/ozone/ozone/hadoop-ozone/integration-test/target/test-dir/MiniOzoneClusterImpl-6e3a073c-9bdc-4deb-8550-ef77f821b5e4/ozone-meta/datanode-4/data-0/hdds/6e3a073c-9bdc-4deb-8550-ef77f821b5e4/DS-5e130d01-979f-456e-a501-d3ac1bad5d55/container.db, /home/runner/work/ozone/ozone/hadoop-ozone/integration-test/target/test-dir/MiniOzoneClusterImpl-6e3a073c-9bdc-4deb-8550-ef77f821b5e4/ozone-meta/datanode-5/data-0/hdds/6e3a073c-9bdc-4deb-8550-ef77f821b5e4/DS-c60f7a3c-a2ca-4bfc-8719-b7d58c2619a2/container.db, /home/runner/work/ozone/ozone/hadoop-ozone/integration-test/target/test-dir/MiniOzoneClusterImpl-6e3a073c-9bdc-4deb-8550-ef77f821b5e4/ozone-meta/datanode-6/data-0/hdds/6e3a073c-9bdc-4deb-8550-ef77f821b5e4/DS-fb3a5f82-678f-4c72-8992-e1096b5bf472/container.db]
2024-02-27 21:40:28,237 [ForkJoinPool.commonPool-worker-7] INFO  utils.DatanodeStoreCache (DatanodeStoreCache.java:removeDB(110)) - Removed db /home/runner/work/ozone/ozone/hadoop-ozone/integration-test/target/test-dir/MiniOzoneClusterImpl-6e3a073c-9bdc-4deb-8550-ef77f821b5e4/ozone-meta/datanode-5/data-0/hdds/6e3a073c-9bdc-4deb-8550-ef77f821b5e4/DS-c60f7a3c-a2ca-4bfc-8719-b7d58c2619a2/container.db from cache
2024-02-27 21:40:28,237 [ForkJoinPool.commonPool-worker-7] INFO  volume.HddsVolume (HddsVolume.java:closeDbStore(451)) - SchemaV3 db is stopped at /home/runner/work/ozone/ozone/hadoop-ozone/integration-test/target/test-dir/MiniOzoneClusterImpl-6e3a073c-9bdc-4deb-8550-ef77f821b5e4/ozone-meta/datanode-5/data-0/hdds/6e3a073c-9bdc-4deb-8550-ef77f821b5e4/DS-c60f7a3c-a2ca-4bfc-8719-b7d58c2619a2/container.db for volume DS-c60f7a3c-a2ca-4bfc-8719-b7d58c2619a2
2024-02-27 21:40:28,237 [ForkJoinPool.commonPool-worker-7] INFO  utils.BackgroundService (BackgroundService.java:shutdown(160)) - Shutting down service BlockDeletingService
2024-02-27 21:40:28,237 [ForkJoinPool.commonPool-worker-7] INFO  utils.BackgroundService (BackgroundService.java:shutdown(160)) - Shutting down service StaleRecoveringContainerScrubbingService
2024-02-27 21:40:28,238 [ForkJoinPool.commonPool-worker-7] INFO  statemachine.DatanodeStateMachine (DatanodeStateMachine.java:stopDaemon(638)) - Ozone container server stopped.
2024-02-27 21:40:28,240 [ForkJoinPool.commonPool-worker-7] INFO  handler.ContextHandler (ContextHandler.java:doStop(1159)) - Stopped o.e.j.w.WebAppContext@51e10d61{hddsDatanode,/,null,STOPPED}{jar:file:/home/runner/.m2/repository/org/apache/ozone/hdds-container-service/1.5.0-SNAPSHOT/hdds-container-service-1.5.0-SNAPSHOT.jar!/webapps/hddsDatanode}
2024-02-27 21:40:28,240 [ForkJoinPool.commonPool-worker-7] INFO  server.AbstractConnector (AbstractConnector.java:doStop(383)) - Stopped ServerConnector@3da9e33c{HTTP/1.1, (http/1.1)}{0.0.0.0:15142}
2024-02-27 21:40:28,240 [ForkJoinPool.commonPool-worker-7] INFO  server.session (HouseKeeper.java:stopScavenging(149)) - node0 Stopped scavenging
2024-02-27 21:40:28,241 [ForkJoinPool.commonPool-worker-7] INFO  handler.ContextHandler (ContextHandler.java:doStop(1159)) - Stopped o.e.j.s.ServletContextHandler@14278bb5{static,/static,jar:file:/home/runner/.m2/repository/org/apache/ozone/hdds-container-service/1.5.0-SNAPSHOT/hdds-container-service-1.5.0-SNAPSHOT.jar!/webapps/static,STOPPED}
2024-02-27 21:40:28,242 [ForkJoinPool.commonPool-worker-7] INFO  handler.ContextHandler (ContextHandler.java:doStop(1159)) - Stopped o.e.j.s.ServletContextHandler@4986983e{logs,/logs,file:///home/runner/work/ozone/ozone/hadoop-ozone/integration-test/target/log,STOPPED}
2024-02-27 21:40:28,242 [ForkJoinPool.commonPool-worker-7] INFO  ozone.HddsDatanodeClientProtocolServer (HddsDatanodeClientProtocolServer.java:stop(83)) - Stopping the RPC server for Client Protocol
2024-02-27 21:40:28,244 [ForkJoinPool.commonPool-worker-7] INFO  ipc.Server (Server.java:stop(3523)) - Stopping server on 15143
2024-02-27 21:40:28,244 [IPC Server listener on 15143] INFO  ipc.Server (Server.java:run(1434)) - Stopping IPC Server listener on 15143
2024-02-27 21:40:28,244 [IPC Server Responder] INFO  ipc.Server (Server.java:run(1567)) - Stopping IPC Server Responder
2024-02-27 21:40:28,288 [ForkJoinPool.commonPool-worker-6] INFO  utils.DatanodeStoreCache (DatanodeStoreCache.java:shutdownCache(116)) - Skip clearing cache in mini cluster mode. Entries left: [/home/runner/work/ozone/ozone/hadoop-ozone/integration-test/target/test-dir/MiniOzoneClusterImpl-6e3a073c-9bdc-4deb-8550-ef77f821b5e4/ozone-meta/datanode-1/data-0/hdds/6e3a073c-9bdc-4deb-8550-ef77f821b5e4/DS-4f164865-5a16-48fc-ae2e-4104d1098a93/container.db, /home/runner/work/ozone/ozone/hadoop-ozone/integration-test/target/test-dir/MiniOzoneClusterImpl-6e3a073c-9bdc-4deb-8550-ef77f821b5e4/ozone-meta/datanode-3/data-0/hdds/6e3a073c-9bdc-4deb-8550-ef77f821b5e4/DS-856da601-e734-4f72-9eca-8af59e9d3086/container.db, /home/runner/work/ozone/ozone/hadoop-ozone/integration-test/target/test-dir/MiniOzoneClusterImpl-6e3a073c-9bdc-4deb-8550-ef77f821b5e4/ozone-meta/datanode-4/data-0/hdds/6e3a073c-9bdc-4deb-8550-ef77f821b5e4/DS-5e130d01-979f-456e-a501-d3ac1bad5d55/container.db, /home/runner/work/ozone/ozone/hadoop-ozone/integration-test/target/test-dir/MiniOzoneClusterImpl-6e3a073c-9bdc-4deb-8550-ef77f821b5e4/ozone-meta/datanode-6/data-0/hdds/6e3a073c-9bdc-4deb-8550-ef77f821b5e4/DS-fb3a5f82-678f-4c72-8992-e1096b5bf472/container.db]
2024-02-27 21:40:28,289 [ForkJoinPool.commonPool-worker-6] INFO  utils.DatanodeStoreCache (DatanodeStoreCache.java:removeDB(110)) - Removed db /home/runner/work/ozone/ozone/hadoop-ozone/integration-test/target/test-dir/MiniOzoneClusterImpl-6e3a073c-9bdc-4deb-8550-ef77f821b5e4/ozone-meta/datanode-6/data-0/hdds/6e3a073c-9bdc-4deb-8550-ef77f821b5e4/DS-fb3a5f82-678f-4c72-8992-e1096b5bf472/container.db from cache
2024-02-27 21:40:28,289 [ForkJoinPool.commonPool-worker-6] INFO  volume.HddsVolume (HddsVolume.java:closeDbStore(451)) - SchemaV3 db is stopped at /home/runner/work/ozone/ozone/hadoop-ozone/integration-test/target/test-dir/MiniOzoneClusterImpl-6e3a073c-9bdc-4deb-8550-ef77f821b5e4/ozone-meta/datanode-6/data-0/hdds/6e3a073c-9bdc-4deb-8550-ef77f821b5e4/DS-fb3a5f82-678f-4c72-8992-e1096b5bf472/container.db for volume DS-fb3a5f82-678f-4c72-8992-e1096b5bf472
2024-02-27 21:40:28,290 [ForkJoinPool.commonPool-worker-6] INFO  utils.BackgroundService (BackgroundService.java:shutdown(160)) - Shutting down service BlockDeletingService
2024-02-27 21:40:28,291 [ForkJoinPool.commonPool-worker-6] INFO  utils.BackgroundService (BackgroundService.java:shutdown(160)) - Shutting down service StaleRecoveringContainerScrubbingService
2024-02-27 21:40:28,291 [ForkJoinPool.commonPool-worker-6] INFO  statemachine.DatanodeStateMachine (DatanodeStateMachine.java:stopDaemon(638)) - Ozone container server stopped.
2024-02-27 21:40:28,293 [ForkJoinPool.commonPool-worker-6] INFO  handler.ContextHandler (ContextHandler.java:doStop(1159)) - Stopped o.e.j.w.WebAppContext@69764b66{hddsDatanode,/,null,STOPPED}{jar:file:/home/runner/.m2/repository/org/apache/ozone/hdds-container-service/1.5.0-SNAPSHOT/hdds-container-service-1.5.0-SNAPSHOT.jar!/webapps/hddsDatanode}
2024-02-27 21:40:28,293 [ForkJoinPool.commonPool-worker-6] INFO  server.AbstractConnector (AbstractConnector.java:doStop(383)) - Stopped ServerConnector@2e221340{HTTP/1.1, (http/1.1)}{0.0.0.0:15151}
2024-02-27 21:40:28,293 [ForkJoinPool.commonPool-worker-6] INFO  server.session (HouseKeeper.java:stopScavenging(149)) - node0 Stopped scavenging
2024-02-27 21:40:28,294 [ForkJoinPool.commonPool-worker-6] INFO  handler.ContextHandler (ContextHandler.java:doStop(1159)) - Stopped o.e.j.s.ServletContextHandler@23df6ad8{static,/static,jar:file:/home/runner/.m2/repository/org/apache/ozone/hdds-container-service/1.5.0-SNAPSHOT/hdds-container-service-1.5.0-SNAPSHOT.jar!/webapps/static,STOPPED}
2024-02-27 21:40:28,294 [ForkJoinPool.commonPool-worker-6] INFO  handler.ContextHandler (ContextHandler.java:doStop(1159)) - Stopped o.e.j.s.ServletContextHandler@1a867a4{logs,/logs,file:///home/runner/work/ozone/ozone/hadoop-ozone/integration-test/target/log,STOPPED}
2024-02-27 21:40:28,296 [ForkJoinPool.commonPool-worker-6] INFO  ozone.HddsDatanodeClientProtocolServer (HddsDatanodeClientProtocolServer.java:stop(83)) - Stopping the RPC server for Client Protocol
2024-02-27 21:40:28,296 [ForkJoinPool.commonPool-worker-6] INFO  ipc.Server (Server.java:stop(3523)) - Stopping server on 15152
2024-02-27 21:40:28,297 [IPC Server listener on 15152] INFO  ipc.Server (Server.java:run(1434)) - Stopping IPC Server listener on 15152
2024-02-27 21:40:28,297 [IPC Server Responder] INFO  ipc.Server (Server.java:run(1567)) - Stopping IPC Server Responder
2024-02-27 21:40:28,301 [main] INFO  utils.DatanodeStoreCache (DatanodeStoreCache.java:shutdownCache(116)) - Skip clearing cache in mini cluster mode. Entries left: [/home/runner/work/ozone/ozone/hadoop-ozone/integration-test/target/test-dir/MiniOzoneClusterImpl-6e3a073c-9bdc-4deb-8550-ef77f821b5e4/ozone-meta/datanode-1/data-0/hdds/6e3a073c-9bdc-4deb-8550-ef77f821b5e4/DS-4f164865-5a16-48fc-ae2e-4104d1098a93/container.db, /home/runner/work/ozone/ozone/hadoop-ozone/integration-test/target/test-dir/MiniOzoneClusterImpl-6e3a073c-9bdc-4deb-8550-ef77f821b5e4/ozone-meta/datanode-3/data-0/hdds/6e3a073c-9bdc-4deb-8550-ef77f821b5e4/DS-856da601-e734-4f72-9eca-8af59e9d3086/container.db, /home/runner/work/ozone/ozone/hadoop-ozone/integration-test/target/test-dir/MiniOzoneClusterImpl-6e3a073c-9bdc-4deb-8550-ef77f821b5e4/ozone-meta/datanode-4/data-0/hdds/6e3a073c-9bdc-4deb-8550-ef77f821b5e4/DS-5e130d01-979f-456e-a501-d3ac1bad5d55/container.db]
2024-02-27 21:40:28,302 [main] INFO  utils.DatanodeStoreCache (DatanodeStoreCache.java:removeDB(110)) - Removed db /home/runner/work/ozone/ozone/hadoop-ozone/integration-test/target/test-dir/MiniOzoneClusterImpl-6e3a073c-9bdc-4deb-8550-ef77f821b5e4/ozone-meta/datanode-4/data-0/hdds/6e3a073c-9bdc-4deb-8550-ef77f821b5e4/DS-5e130d01-979f-456e-a501-d3ac1bad5d55/container.db from cache
2024-02-27 21:40:28,302 [main] INFO  volume.HddsVolume (HddsVolume.java:closeDbStore(451)) - SchemaV3 db is stopped at /home/runner/work/ozone/ozone/hadoop-ozone/integration-test/target/test-dir/MiniOzoneClusterImpl-6e3a073c-9bdc-4deb-8550-ef77f821b5e4/ozone-meta/datanode-4/data-0/hdds/6e3a073c-9bdc-4deb-8550-ef77f821b5e4/DS-5e130d01-979f-456e-a501-d3ac1bad5d55/container.db for volume DS-5e130d01-979f-456e-a501-d3ac1bad5d55
2024-02-27 21:40:28,302 [main] INFO  utils.BackgroundService (BackgroundService.java:shutdown(160)) - Shutting down service BlockDeletingService
2024-02-27 21:40:28,302 [main] INFO  utils.BackgroundService (BackgroundService.java:shutdown(160)) - Shutting down service StaleRecoveringContainerScrubbingService
2024-02-27 21:40:28,303 [main] INFO  statemachine.DatanodeStateMachine (DatanodeStateMachine.java:stopDaemon(638)) - Ozone container server stopped.
2024-02-27 21:40:28,303 [main] INFO  handler.ContextHandler (ContextHandler.java:doStop(1159)) - Stopped o.e.j.w.WebAppContext@3d09f24f{hddsDatanode,/,null,STOPPED}{jar:file:/home/runner/.m2/repository/org/apache/ozone/hdds-container-service/1.5.0-SNAPSHOT/hdds-container-service-1.5.0-SNAPSHOT.jar!/webapps/hddsDatanode}
2024-02-27 21:40:28,305 [main] INFO  server.AbstractConnector (AbstractConnector.java:doStop(383)) - Stopped ServerConnector@1a4451cb{HTTP/1.1, (http/1.1)}{0.0.0.0:15133}
2024-02-27 21:40:28,305 [main] INFO  server.session (HouseKeeper.java:stopScavenging(149)) - node0 Stopped scavenging
2024-02-27 21:40:28,305 [main] INFO  handler.ContextHandler (ContextHandler.java:doStop(1159)) - Stopped o.e.j.s.ServletContextHandler@111eae09{static,/static,jar:file:/home/runner/.m2/repository/org/apache/ozone/hdds-container-service/1.5.0-SNAPSHOT/hdds-container-service-1.5.0-SNAPSHOT.jar!/webapps/static,STOPPED}
2024-02-27 21:40:28,305 [main] INFO  handler.ContextHandler (ContextHandler.java:doStop(1159)) - Stopped o.e.j.s.ServletContextHandler@66f7cc6{logs,/logs,file:///home/runner/work/ozone/ozone/hadoop-ozone/integration-test/target/log,STOPPED}
2024-02-27 21:40:28,306 [main] INFO  ozone.HddsDatanodeClientProtocolServer (HddsDatanodeClientProtocolServer.java:stop(83)) - Stopping the RPC server for Client Protocol
2024-02-27 21:40:28,306 [main] INFO  ipc.Server (Server.java:stop(3523)) - Stopping server on 15134
2024-02-27 21:40:28,306 [IPC Server Responder] INFO  ipc.Server (Server.java:run(1567)) - Stopping IPC Server Responder
2024-02-27 21:40:28,307 [IPC Server listener on 15134] INFO  ipc.Server (Server.java:run(1434)) - Stopping IPC Server listener on 15134
2024-02-27 21:40:28,321 [ForkJoinPool.commonPool-worker-5] INFO  utils.DatanodeStoreCache (DatanodeStoreCache.java:shutdownCache(116)) - Skip clearing cache in mini cluster mode. Entries left: [/home/runner/work/ozone/ozone/hadoop-ozone/integration-test/target/test-dir/MiniOzoneClusterImpl-6e3a073c-9bdc-4deb-8550-ef77f821b5e4/ozone-meta/datanode-1/data-0/hdds/6e3a073c-9bdc-4deb-8550-ef77f821b5e4/DS-4f164865-5a16-48fc-ae2e-4104d1098a93/container.db, /home/runner/work/ozone/ozone/hadoop-ozone/integration-test/target/test-dir/MiniOzoneClusterImpl-6e3a073c-9bdc-4deb-8550-ef77f821b5e4/ozone-meta/datanode-3/data-0/hdds/6e3a073c-9bdc-4deb-8550-ef77f821b5e4/DS-856da601-e734-4f72-9eca-8af59e9d3086/container.db]
2024-02-27 21:40:28,322 [ForkJoinPool.commonPool-worker-5] INFO  utils.DatanodeStoreCache (DatanodeStoreCache.java:removeDB(110)) - Removed db /home/runner/work/ozone/ozone/hadoop-ozone/integration-test/target/test-dir/MiniOzoneClusterImpl-6e3a073c-9bdc-4deb-8550-ef77f821b5e4/ozone-meta/datanode-3/data-0/hdds/6e3a073c-9bdc-4deb-8550-ef77f821b5e4/DS-856da601-e734-4f72-9eca-8af59e9d3086/container.db from cache
2024-02-27 21:40:28,322 [ForkJoinPool.commonPool-worker-5] INFO  volume.HddsVolume (HddsVolume.java:closeDbStore(451)) - SchemaV3 db is stopped at /home/runner/work/ozone/ozone/hadoop-ozone/integration-test/target/test-dir/MiniOzoneClusterImpl-6e3a073c-9bdc-4deb-8550-ef77f821b5e4/ozone-meta/datanode-3/data-0/hdds/6e3a073c-9bdc-4deb-8550-ef77f821b5e4/DS-856da601-e734-4f72-9eca-8af59e9d3086/container.db for volume DS-856da601-e734-4f72-9eca-8af59e9d3086
2024-02-27 21:40:28,322 [ForkJoinPool.commonPool-worker-5] INFO  utils.BackgroundService (BackgroundService.java:shutdown(160)) - Shutting down service BlockDeletingService
2024-02-27 21:40:28,322 [ForkJoinPool.commonPool-worker-4] INFO  utils.DatanodeStoreCache (DatanodeStoreCache.java:shutdownCache(116)) - Skip clearing cache in mini cluster mode. Entries left: [/home/runner/work/ozone/ozone/hadoop-ozone/integration-test/target/test-dir/MiniOzoneClusterImpl-6e3a073c-9bdc-4deb-8550-ef77f821b5e4/ozone-meta/datanode-1/data-0/hdds/6e3a073c-9bdc-4deb-8550-ef77f821b5e4/DS-4f164865-5a16-48fc-ae2e-4104d1098a93/container.db]
2024-02-27 21:40:28,322 [ForkJoinPool.commonPool-worker-5] INFO  utils.BackgroundService (BackgroundService.java:shutdown(160)) - Shutting down service StaleRecoveringContainerScrubbingService
2024-02-27 21:40:28,323 [ForkJoinPool.commonPool-worker-4] INFO  utils.DatanodeStoreCache (DatanodeStoreCache.java:removeDB(110)) - Removed db /home/runner/work/ozone/ozone/hadoop-ozone/integration-test/target/test-dir/MiniOzoneClusterImpl-6e3a073c-9bdc-4deb-8550-ef77f821b5e4/ozone-meta/datanode-1/data-0/hdds/6e3a073c-9bdc-4deb-8550-ef77f821b5e4/DS-4f164865-5a16-48fc-ae2e-4104d1098a93/container.db from cache
2024-02-27 21:40:28,323 [ForkJoinPool.commonPool-worker-4] INFO  volume.HddsVolume (HddsVolume.java:closeDbStore(451)) - SchemaV3 db is stopped at /home/runner/work/ozone/ozone/hadoop-ozone/integration-test/target/test-dir/MiniOzoneClusterImpl-6e3a073c-9bdc-4deb-8550-ef77f821b5e4/ozone-meta/datanode-1/data-0/hdds/6e3a073c-9bdc-4deb-8550-ef77f821b5e4/DS-4f164865-5a16-48fc-ae2e-4104d1098a93/container.db for volume DS-4f164865-5a16-48fc-ae2e-4104d1098a93
2024-02-27 21:40:28,323 [ForkJoinPool.commonPool-worker-4] INFO  utils.BackgroundService (BackgroundService.java:shutdown(160)) - Shutting down service BlockDeletingService
2024-02-27 21:40:28,323 [ForkJoinPool.commonPool-worker-4] INFO  utils.BackgroundService (BackgroundService.java:shutdown(160)) - Shutting down service StaleRecoveringContainerScrubbingService
2024-02-27 21:40:28,323 [ForkJoinPool.commonPool-worker-5] INFO  statemachine.DatanodeStateMachine (DatanodeStateMachine.java:stopDaemon(638)) - Ozone container server stopped.
2024-02-27 21:40:28,323 [ForkJoinPool.commonPool-worker-4] INFO  statemachine.DatanodeStateMachine (DatanodeStateMachine.java:stopDaemon(638)) - Ozone container server stopped.
2024-02-27 21:40:28,325 [ForkJoinPool.commonPool-worker-5] INFO  handler.ContextHandler (ContextHandler.java:doStop(1159)) - Stopped o.e.j.w.WebAppContext@635fd09{hddsDatanode,/,null,STOPPED}{jar:file:/home/runner/.m2/repository/org/apache/ozone/hdds-container-service/1.5.0-SNAPSHOT/hdds-container-service-1.5.0-SNAPSHOT.jar!/webapps/hddsDatanode}
2024-02-27 21:40:28,325 [ForkJoinPool.commonPool-worker-4] INFO  handler.ContextHandler (ContextHandler.java:doStop(1159)) - Stopped o.e.j.w.WebAppContext@79994ef0{hddsDatanode,/,null,STOPPED}{jar:file:/home/runner/.m2/repository/org/apache/ozone/hdds-container-service/1.5.0-SNAPSHOT/hdds-container-service-1.5.0-SNAPSHOT.jar!/webapps/hddsDatanode}
2024-02-27 21:40:28,325 [ForkJoinPool.commonPool-worker-5] INFO  server.AbstractConnector (AbstractConnector.java:doStop(383)) - Stopped ServerConnector@518bab1a{HTTP/1.1, (http/1.1)}{0.0.0.0:15124}
2024-02-27 21:40:28,325 [ForkJoinPool.commonPool-worker-4] INFO  server.AbstractConnector (AbstractConnector.java:doStop(383)) - Stopped ServerConnector@5f133735{HTTP/1.1, (http/1.1)}{0.0.0.0:15106}
2024-02-27 21:40:28,326 [ForkJoinPool.commonPool-worker-5] INFO  server.session (HouseKeeper.java:stopScavenging(149)) - node0 Stopped scavenging
2024-02-27 21:40:28,326 [ForkJoinPool.commonPool-worker-4] INFO  server.session (HouseKeeper.java:stopScavenging(149)) - node0 Stopped scavenging
2024-02-27 21:40:28,326 [ForkJoinPool.commonPool-worker-5] INFO  handler.ContextHandler (ContextHandler.java:doStop(1159)) - Stopped o.e.j.s.ServletContextHandler@71b5ab8c{static,/static,jar:file:/home/runner/.m2/repository/org/apache/ozone/hdds-container-service/1.5.0-SNAPSHOT/hdds-container-service-1.5.0-SNAPSHOT.jar!/webapps/static,STOPPED}
2024-02-27 21:40:28,327 [ForkJoinPool.commonPool-worker-4] INFO  handler.ContextHandler (ContextHandler.java:doStop(1159)) - Stopped o.e.j.s.ServletContextHandler@4179173d{static,/static,jar:file:/home/runner/.m2/repository/org/apache/ozone/hdds-container-service/1.5.0-SNAPSHOT/hdds-container-service-1.5.0-SNAPSHOT.jar!/webapps/static,STOPPED}
2024-02-27 21:40:28,327 [ForkJoinPool.commonPool-worker-5] INFO  handler.ContextHandler (ContextHandler.java:doStop(1159)) - Stopped o.e.j.s.ServletContextHandler@7cb84ed8{logs,/logs,file:///home/runner/work/ozone/ozone/hadoop-ozone/integration-test/target/log,STOPPED}
2024-02-27 21:40:28,327 [ForkJoinPool.commonPool-worker-4] INFO  handler.ContextHandler (ContextHandler.java:doStop(1159)) - Stopped o.e.j.s.ServletContextHandler@510fcab6{logs,/logs,file:///home/runner/work/ozone/ozone/hadoop-ozone/integration-test/target/log,STOPPED}
2024-02-27 21:40:28,328 [ForkJoinPool.commonPool-worker-4] INFO  ozone.HddsDatanodeClientProtocolServer (HddsDatanodeClientProtocolServer.java:stop(83)) - Stopping the RPC server for Client Protocol
2024-02-27 21:40:28,328 [ForkJoinPool.commonPool-worker-4] INFO  ipc.Server (Server.java:stop(3523)) - Stopping server on 15107
2024-02-27 21:40:28,328 [ForkJoinPool.commonPool-worker-5] INFO  ozone.HddsDatanodeClientProtocolServer (HddsDatanodeClientProtocolServer.java:stop(83)) - Stopping the RPC server for Client Protocol
2024-02-27 21:40:28,328 [ForkJoinPool.commonPool-worker-5] INFO  ipc.Server (Server.java:stop(3523)) - Stopping server on 15125
2024-02-27 21:40:28,330 [IPC Server Responder] INFO  ipc.Server (Server.java:run(1567)) - Stopping IPC Server Responder
2024-02-27 21:40:28,330 [IPC Server Responder] INFO  ipc.Server (Server.java:run(1567)) - Stopping IPC Server Responder
2024-02-27 21:40:28,330 [IPC Server listener on 15107] INFO  ipc.Server (Server.java:run(1434)) - Stopping IPC Server listener on 15107
2024-02-27 21:40:28,330 [IPC Server listener on 15125] INFO  ipc.Server (Server.java:run(1434)) - Stopping IPC Server listener on 15125
2024-02-27 21:40:28,331 [main] INFO  ozone.MiniOzoneClusterImpl (MiniOzoneClusterImpl.java:stopSCM(487)) - Stopping the StorageContainerManager
2024-02-27 21:40:28,331 [main] INFO  server.StorageContainerManager (StorageContainerManager.java:stop(1653)) - Container Balancer is not running.
2024-02-27 21:40:28,331 [main] INFO  server.StorageContainerManager (StorageContainerManager.java:stopReplicationManager(1786)) - Stopping Replication Manager Service.
2024-02-27 21:40:28,332 [main] INFO  replication.ReplicationManager (ReplicationManager.java:stop(327)) - Stopping Replication Monitor Thread.
2024-02-27 21:40:28,332 [UnderReplicatedProcessor] WARN  replication.UnhealthyReplicationProcessor (UnhealthyReplicationProcessor.java:run(180)) - UnderReplicatedProcessor interrupted. Exiting...
2024-02-27 21:40:28,332 [main] INFO  server.StorageContainerManager (StorageContainerManager.java:stop(1662)) - Stopping the Datanode Admin Monitor.
2024-02-27 21:40:28,332 [ReplicationMonitor] INFO  replication.ReplicationManager (ReplicationManager.java:run(934)) - Replication Monitor Thread is stopped
2024-02-27 21:40:28,332 [main] INFO  server.StorageContainerManager (StorageContainerManager.java:stop(1669)) - Stopping datanode service RPC server
2024-02-27 21:40:28,332 [OverReplicatedProcessor] WARN  replication.UnhealthyReplicationProcessor (UnhealthyReplicationProcessor.java:run(180)) - OverReplicatedProcessor interrupted. Exiting...
2024-02-27 21:40:28,332 [main] INFO  server.SCMDatanodeProtocolServer (SCMDatanodeProtocolServer.java:stop(425)) - Stopping the RPC server for DataNodes
2024-02-27 21:40:28,332 [main] INFO  ipc.Server (Server.java:stop(3523)) - Stopping server on 15099
2024-02-27 21:40:28,335 [IPC Server listener on 15099] INFO  ipc.Server (Server.java:run(1434)) - Stopping IPC Server listener on 15099
2024-02-27 21:40:28,336 [IPC Server Responder] INFO  ipc.Server (Server.java:run(1567)) - Stopping IPC Server Responder
2024-02-27 21:40:28,783 [SCMHeartbeatProcessor-0] WARN  node.NodeStateManager (NodeStateManager.java:scheduleNextHealthCheck(878)) - Current Thread is interrupted, shutting down HB processing thread for Node Manager.
2024-02-27 21:40:28,783 [main] INFO  server.StorageContainerManager (StorageContainerManager.java:stop(1677)) - Stopping block service RPC server
2024-02-27 21:40:28,783 [main] INFO  server.SCMBlockProtocolServer (SCMBlockProtocolServer.java:stop(169)) - Stopping the RPC server for Block Protocol
2024-02-27 21:40:28,783 [main] INFO  ipc.Server (Server.java:stop(3523)) - Stopping server on 15098
2024-02-27 21:40:28,785 [IPC Server listener on 15098] INFO  ipc.Server (Server.java:run(1434)) - Stopping IPC Server listener on 15098
2024-02-27 21:40:28,785 [IPC Server Responder] INFO  ipc.Server (Server.java:run(1567)) - Stopping IPC Server Responder
2024-02-27 21:40:28,785 [main] INFO  server.StorageContainerManager (StorageContainerManager.java:stop(1684)) - Stopping the StorageContainerLocationProtocol RPC server
2024-02-27 21:40:28,785 [main] INFO  server.SCMClientProtocolServer (SCMClientProtocolServer.java:stop(213)) - Stopping the RPC server for Client Protocol
2024-02-27 21:40:28,785 [main] INFO  ipc.Server (Server.java:stop(3523)) - Stopping server on 15097
2024-02-27 21:40:28,788 [IPC Server listener on 15097] INFO  ipc.Server (Server.java:run(1434)) - Stopping IPC Server listener on 15097
2024-02-27 21:40:28,788 [IPC Server Responder] INFO  ipc.Server (Server.java:run(1567)) - Stopping IPC Server Responder
2024-02-27 21:40:28,788 [main] INFO  server.StorageContainerManager (StorageContainerManager.java:stop(1691)) - Stopping Storage Container Manager HTTP server.
2024-02-27 21:40:28,790 [main] INFO  handler.ContextHandler (ContextHandler.java:doStop(1159)) - Stopped o.e.j.w.WebAppContext@3643ac9d{scm,/,null,STOPPED}{file:/home/runner/work/ozone/ozone/hadoop-ozone/integration-test/target/test-classes/webapps/scm}
2024-02-27 21:40:28,791 [main] INFO  server.AbstractConnector (AbstractConnector.java:doStop(383)) - Stopped ServerConnector@7e933c26{HTTP/1.1, (http/1.1)}{0.0.0.0:15100}
2024-02-27 21:40:28,791 [main] INFO  server.session (HouseKeeper.java:stopScavenging(149)) - node0 Stopped scavenging
2024-02-27 21:40:28,791 [main] INFO  handler.ContextHandler (ContextHandler.java:doStop(1159)) - Stopped o.e.j.s.ServletContextHandler@7a7a385b{static,/static,file:///home/runner/work/ozone/ozone/hadoop-ozone/integration-test/target/test-classes/webapps/static,STOPPED}
2024-02-27 21:40:28,791 [main] INFO  handler.ContextHandler (ContextHandler.java:doStop(1159)) - Stopped o.e.j.s.ServletContextHandler@1b0f0875{logs,/logs,file:///home/runner/work/ozone/ozone/hadoop-ozone/integration-test/target/log,STOPPED}
2024-02-27 21:40:28,792 [main] INFO  server.StorageContainerManager (StorageContainerManager.java:stop(1699)) - Stopping SCM LayoutVersionManager Service.
2024-02-27 21:40:28,792 [main] INFO  server.StorageContainerManager (StorageContainerManager.java:stop(1711)) - Stopping Block Manager Service.
2024-02-27 21:40:28,792 [main] INFO  utils.BackgroundService (BackgroundService.java:shutdown(160)) - Shutting down service SCMBlockDeletingService
2024-02-27 21:40:28,793 [main] INFO  utils.BackgroundService (BackgroundService.java:shutdown(160)) - Shutting down service SCMBlockDeletingService
2024-02-27 21:40:28,793 [main] INFO  server.StorageContainerManager (StorageContainerManager.java:stop(1731)) - Stopping SCM Event Queue.
2024-02-27 21:40:28,793 [JvmPauseMonitor13] INFO  util.JvmPauseMonitor (JvmPauseMonitor.java:run(152)) - JvmPauseMonitor-8dd4ef04-0c0c-4492-80fb-1a513bb7d026: Stopped
2024-02-27 21:40:28,794 [main] INFO  server.StorageContainerManager (StorageContainerManager.java:stop(1742)) - Stopping SCM HA services.
2024-02-27 21:40:28,794 [main] INFO  pipeline.BackgroundPipelineCreator (BackgroundPipelineCreator.java:stop(152)) - Stopping RatisPipelineUtilsThread.
2024-02-27 21:40:28,794 [RatisPipelineUtilsThread-0] WARN  pipeline.BackgroundPipelineCreator (BackgroundPipelineCreator.java:run(183)) - RatisPipelineUtilsThread is interrupted.
2024-02-27 21:40:28,794 [main] INFO  BackgroundPipelineScrubber (BackgroundSCMService.java:stop(128)) - Stopping BackgroundPipelineScrubber Service.
2024-02-27 21:40:28,794 [BackgroundPipelineScrubber] WARN  BackgroundPipelineScrubber (BackgroundSCMService.java:run(112)) - BackgroundPipelineScrubber is interrupted, exit
2024-02-27 21:40:28,794 [main] INFO  impl.MetricsSystemImpl (MetricsSystemImpl.java:stop(210)) - Stopping HddsDatanode metrics system...
2024-02-27 21:40:28,797 [prometheus] INFO  impl.MetricsSinkAdapter (MetricsSinkAdapter.java:publishMetricsFromQueue(141)) - prometheus thread interrupted.
2024-02-27 21:40:28,797 [main] INFO  impl.MetricsSystemImpl (MetricsSystemImpl.java:stop(216)) - HddsDatanode metrics system stopped.
2024-02-27 21:40:28,797 [main] WARN  pipeline.BackgroundPipelineCreator (BackgroundPipelineCreator.java:stop(148)) - RatisPipelineUtilsThread is not running, just ignore.
2024-02-27 21:40:28,797 [main] INFO  BackgroundPipelineScrubber (BackgroundSCMService.java:stop(123)) - BackgroundPipelineScrubber Service is not running, skip stop.
2024-02-27 21:40:28,798 [main] INFO  ExpiredContainerReplicaOpScrubber (BackgroundSCMService.java:stop(128)) - Stopping ExpiredContainerReplicaOpScrubber Service.
2024-02-27 21:40:28,798 [main] INFO  utils.BackgroundService (BackgroundService.java:shutdown(160)) - Shutting down service SCMBlockDeletingService
2024-02-27 21:40:28,798 [main] INFO  replication.ReplicationManager (ReplicationManager.java:stop(337)) - Replication Monitor Thread is not running.
2024-02-27 21:40:28,798 [main] WARN  balancer.ContainerBalancer (ContainerBalancer.java:stop(327)) - Cannot stop Container Balancer because it's not running or stopping
2024-02-27 21:40:28,798 [LeaseManager#LeaseMonitor] WARN  lease.LeaseManager (LeaseManager.java:run(287)) - Lease manager is interrupted. Shutting down...
java.lang.InterruptedException
	at java.util.concurrent.locks.AbstractQueuedSynchronizer.doAcquireSharedNanos(AbstractQueuedSynchronizer.java:1039)
	at java.util.concurrent.locks.AbstractQueuedSynchronizer.tryAcquireSharedNanos(AbstractQueuedSynchronizer.java:1328)
	at java.util.concurrent.Semaphore.tryAcquire(Semaphore.java:409)
	at org.apache.hadoop.ozone.lease.LeaseManager$LeaseMonitor.run(LeaseManager.java:285)
	at java.lang.Thread.run(Thread.java:750)
2024-02-27 21:40:28,798 [ExpiredContainerReplicaOpScrubber] WARN  ExpiredContainerReplicaOpScrubber (BackgroundSCMService.java:run(112)) - ExpiredContainerReplicaOpScrubber is interrupted, exit
2024-02-27 21:40:28,798 [main] INFO  server.StorageContainerManager (StorageContainerManager.java:stop(1777)) - Stopping SCM MetadataStore.
]]></system-out>
    <system-err><![CDATA[====> testPipelineCreationOnNodeRestart() TIMED OUT. PRINTING THREAD DUMP. <====

Timestamp: 2024-02-27 09:40:04,649

"timer5" daemon prio=5 tid=914 timed_waiting
java.lang.Thread.State: TIMED_WAITING
        at java.lang.Object.wait(Native Method)
        at java.util.TimerThread.mainLoop(Timer.java:552)
        at java.util.TimerThread.run(Timer.java:505)
"ForkJoinPool.commonPool-worker-2" daemon prio=5 tid=2243 in Object.wait()
java.lang.Thread.State: WAITING (on object monitor)
        at sun.misc.Unsafe.park(Native Method)
        at java.util.concurrent.ForkJoinPool.awaitWork(ForkJoinPool.java:1824)
        at java.util.concurrent.ForkJoinPool.runWorker(ForkJoinPool.java:1693)
        at java.util.concurrent.ForkJoinWorkerThread.run(ForkJoinWorkerThread.java:175)
"timer6" daemon prio=5 tid=918 timed_waiting
java.lang.Thread.State: TIMED_WAITING
        at java.lang.Object.wait(Native Method)
        at java.util.TimerThread.mainLoop(Timer.java:552)
        at java.util.TimerThread.run(Timer.java:505)
"Reference Handler" daemon prio=10 tid=2 in Object.wait()
java.lang.Thread.State: WAITING (on object monitor)
        at java.lang.Object.wait(Native Method)
        at java.lang.Object.wait(Object.java:502)
        at java.lang.ref.Reference.tryHandlePending(Reference.java:191)
        at java.lang.ref.Reference$ReferenceHandler.run(Reference.java:153)
"e13e7e3b-b387-4fac-9683-3ea92427a7e8-groupManagement"  prio=5 tid=2149 in Object.wait()
java.lang.Thread.State: WAITING (on object monitor)
        at sun.misc.Unsafe.park(Native Method)
        at java.util.concurrent.locks.LockSupport.park(LockSupport.java:175)
        at java.util.concurrent.locks.AbstractQueuedSynchronizer$ConditionObject.await(AbstractQueuedSynchronizer.java:2039)
        at java.util.concurrent.LinkedBlockingQueue.take(LinkedBlockingQueue.java:442)
        at java.util.concurrent.ThreadPoolExecutor.getTask(ThreadPoolExecutor.java:1074)
        at java.util.concurrent.ThreadPoolExecutor.runWorker(ThreadPoolExecutor.java:1134)
        at java.util.concurrent.ThreadPoolExecutor$Worker.run(ThreadPoolExecutor.java:624)
        at java.lang.Thread.run(Thread.java:750)
"71df5106-29e4-46d2-b533-d1616e11bc16@group-59E1F7E51CDF-cacheEviction-AwaitToRun" daemon prio=5 tid=1870 in Object.wait()
java.lang.Thread.State: WAITING (on object monitor)
        at sun.misc.Unsafe.park(Native Method)
        at java.util.concurrent.locks.LockSupport.park(LockSupport.java:175)
        at java.util.concurrent.locks.AbstractQueuedSynchronizer$ConditionObject.await(AbstractQueuedSynchronizer.java:2039)
        at org.apache.ratis.util.AwaitForSignal.await(AwaitForSignal.java:48)
        at org.apache.ratis.util.AwaitToRun$RunnableImpl.run(AwaitToRun.java:47)
        at java.lang.Thread.run(Thread.java:750)
"grpc-shared-destroyer-0" daemon prio=5 tid=2206 in Object.wait()
java.lang.Thread.State: WAITING (on object monitor)
        at sun.misc.Unsafe.park(Native Method)
        at java.util.concurrent.locks.LockSupport.park(LockSupport.java:175)
        at java.util.concurrent.locks.AbstractQueuedSynchronizer$ConditionObject.await(AbstractQueuedSynchronizer.java:2039)
        at java.util.concurrent.ScheduledThreadPoolExecutor$DelayedWorkQueue.take(ScheduledThreadPoolExecutor.java:1081)
        at java.util.concurrent.ScheduledThreadPoolExecutor$DelayedWorkQueue.take(ScheduledThreadPoolExecutor.java:809)
        at java.util.concurrent.ThreadPoolExecutor.getTask(ThreadPoolExecutor.java:1074)
        at java.util.concurrent.ThreadPoolExecutor.runWorker(ThreadPoolExecutor.java:1134)
        at java.util.concurrent.ThreadPoolExecutor$Worker.run(ThreadPoolExecutor.java:624)
        at java.lang.Thread.run(Thread.java:750)
"timer0" daemon prio=5 tid=925 timed_waiting
java.lang.Thread.State: TIMED_WAITING
        at java.lang.Object.wait(Native Method)
        at java.util.TimerThread.mainLoop(Timer.java:552)
        at java.util.TimerThread.run(Timer.java:505)
"grpc-default-worker-ELG-5-1" daemon prio=5 tid=1849 runnable
java.lang.Thread.State: RUNNABLE
        at org.apache.ratis.thirdparty.io.netty.channel.epoll.Native.epollWait(Native Method)
        at org.apache.ratis.thirdparty.io.netty.channel.epoll.Native.epollWait(Native.java:209)
        at org.apache.ratis.thirdparty.io.netty.channel.epoll.Native.epollWait(Native.java:202)
        at org.apache.ratis.thirdparty.io.netty.channel.epoll.EpollEventLoop.epollWaitNoTimerChange(EpollEventLoop.java:316)
        at org.apache.ratis.thirdparty.io.netty.channel.epoll.EpollEventLoop.run(EpollEventLoop.java:373)
        at org.apache.ratis.thirdparty.io.netty.util.concurrent.SingleThreadEventExecutor$4.run(SingleThreadEventExecutor.java:997)
        at org.apache.ratis.thirdparty.io.netty.util.internal.ThreadExecutorMap$2.run(ThreadExecutorMap.java:74)
        at org.apache.ratis.thirdparty.io.netty.util.concurrent.FastThreadLocalRunnable.run(FastThreadLocalRunnable.java:30)
        at java.lang.Thread.run(Thread.java:750)
"71df5106-29e4-46d2-b533-d1616e11bc16-impl-thread2"  prio=5 tid=1937 in Object.wait()
java.lang.Thread.State: WAITING (on object monitor)
        at sun.misc.Unsafe.park(Native Method)
        at java.util.concurrent.locks.LockSupport.park(LockSupport.java:175)
        at java.util.concurrent.CompletableFuture$Signaller.block(CompletableFuture.java:1707)
        at java.util.concurrent.ForkJoinPool.managedBlock(ForkJoinPool.java:3323)
        at java.util.concurrent.CompletableFuture.waitingGet(CompletableFuture.java:1742)
        at java.util.concurrent.CompletableFuture.join(CompletableFuture.java:1947)
        at org.apache.ratis.server.impl.RaftServerImpl.lambda$close$3(RaftServerImpl.java:543)
        at org.apache.ratis.server.impl.RaftServerImpl$$Lambda$1481/243070355.run(Unknown Source)
        at org.apache.ratis.util.LifeCycle.lambda$checkStateAndClose$7(LifeCycle.java:306)
        at org.apache.ratis.util.LifeCycle$$Lambda$1130/1892030896.get(Unknown Source)
        at org.apache.ratis.util.LifeCycle.checkStateAndClose(LifeCycle.java:326)
        at org.apache.ratis.util.LifeCycle.checkStateAndClose(LifeCycle.java:304)
        at org.apache.ratis.server.impl.RaftServerImpl.close(RaftServerImpl.java:525)
        at org.apache.ratis.server.impl.RaftServerProxy$ImplMap.close(RaftServerProxy.java:136)
        at org.apache.ratis.server.impl.RaftServerProxy$ImplMap.lambda$close$0(RaftServerProxy.java:123)
        at org.apache.ratis.server.impl.RaftServerProxy$ImplMap$$Lambda$1479/1154842761.accept(Unknown Source)
        at org.apache.ratis.util.ConcurrentUtils.accept(ConcurrentUtils.java:203)
        at org.apache.ratis.util.ConcurrentUtils.lambda$null$4(ConcurrentUtils.java:182)
        at org.apache.ratis.util.ConcurrentUtils$$Lambda$784/404404244.run(Unknown Source)
        at java.util.concurrent.ThreadPoolExecutor.runWorker(ThreadPoolExecutor.java:1149)
        at java.util.concurrent.ThreadPoolExecutor$Worker.run(ThreadPoolExecutor.java:624)
        at java.lang.Thread.run(Thread.java:750)
"process reaper" daemon prio=10 tid=13 timed_waiting
java.lang.Thread.State: TIMED_WAITING
        at sun.misc.Unsafe.park(Native Method)
        at java.util.concurrent.locks.LockSupport.parkNanos(LockSupport.java:215)
        at java.util.concurrent.SynchronousQueue$TransferStack.awaitFulfill(SynchronousQueue.java:460)
        at java.util.concurrent.SynchronousQueue$TransferStack.transfer(SynchronousQueue.java:362)
        at java.util.concurrent.SynchronousQueue.poll(SynchronousQueue.java:941)
        at java.util.concurrent.ThreadPoolExecutor.getTask(ThreadPoolExecutor.java:1073)
        at java.util.concurrent.ThreadPoolExecutor.runWorker(ThreadPoolExecutor.java:1134)
        at java.util.concurrent.ThreadPoolExecutor$Worker.run(ThreadPoolExecutor.java:624)
        at java.lang.Thread.run(Thread.java:750)
"grpc-default-boss-ELG-4-1" daemon prio=5 tid=1655 runnable
java.lang.Thread.State: RUNNABLE
        at org.apache.ratis.thirdparty.io.netty.channel.epoll.Native.epollWait(Native Method)
        at org.apache.ratis.thirdparty.io.netty.channel.epoll.Native.epollWait(Native.java:209)
        at org.apache.ratis.thirdparty.io.netty.channel.epoll.Native.epollWait(Native.java:202)
        at org.apache.ratis.thirdparty.io.netty.channel.epoll.EpollEventLoop.epollWaitNoTimerChange(EpollEventLoop.java:316)
        at org.apache.ratis.thirdparty.io.netty.channel.epoll.EpollEventLoop.run(EpollEventLoop.java:373)
        at org.apache.ratis.thirdparty.io.netty.util.concurrent.SingleThreadEventExecutor$4.run(SingleThreadEventExecutor.java:997)
        at org.apache.ratis.thirdparty.io.netty.util.internal.ThreadExecutorMap$2.run(ThreadExecutorMap.java:74)
        at org.apache.ratis.thirdparty.io.netty.util.concurrent.FastThreadLocalRunnable.run(FastThreadLocalRunnable.java:30)
        at java.lang.Thread.run(Thread.java:750)
"surefire-forkedjvm-command-thread" daemon prio=5 tid=11 runnable
java.lang.Thread.State: RUNNABLE
        at java.io.FileInputStream.readBytes(Native Method)
        at java.io.FileInputStream.read(FileInputStream.java:255)
        at java.io.BufferedInputStream.read1(BufferedInputStream.java:284)
        at java.io.BufferedInputStream.read(BufferedInputStream.java:345)
        at java.io.BufferedInputStream.fill(BufferedInputStream.java:246)
        at java.io.BufferedInputStream.read1(BufferedInputStream.java:286)
        at java.io.BufferedInputStream.read(BufferedInputStream.java:345)
        at org.apache.maven.surefire.api.util.internal.Channels$3.readImpl(Channels.java:214)
        at org.apache.maven.surefire.api.util.internal.AbstractNoninterruptibleReadableChannel.read(AbstractNoninterruptibleReadableChannel.java:54)
        at org.apache.maven.surefire.booter.spi.LegacyMasterProcessChannelDecoder.decode(LegacyMasterProcessChannelDecoder.java:80)
        at org.apache.maven.surefire.booter.CommandReader$CommandRunnable.run(CommandReader.java:343)
        at java.lang.Thread.run(Thread.java:750)
"6d1988e6-d732-42b7-a0ee-62d3ca1ef2f1-impl-thread1"  prio=5 tid=2177 timed_waiting
java.lang.Thread.State: TIMED_WAITING
        at sun.misc.Unsafe.park(Native Method)
        at java.util.concurrent.locks.LockSupport.parkNanos(LockSupport.java:215)
        at java.util.concurrent.SynchronousQueue$TransferStack.awaitFulfill(SynchronousQueue.java:460)
        at java.util.concurrent.SynchronousQueue$TransferStack.transfer(SynchronousQueue.java:362)
        at java.util.concurrent.SynchronousQueue.poll(SynchronousQueue.java:941)
        at java.util.concurrent.ThreadPoolExecutor.getTask(ThreadPoolExecutor.java:1073)
        at java.util.concurrent.ThreadPoolExecutor.runWorker(ThreadPoolExecutor.java:1134)
        at java.util.concurrent.ThreadPoolExecutor$Worker.run(ThreadPoolExecutor.java:624)
        at java.lang.Thread.run(Thread.java:750)
"e13e7e3b-b387-4fac-9683-3ea92427a7e8-NettyServerStreamRpc-bossGroup--thread1"  prio=5 tid=2147 runnable
java.lang.Thread.State: RUNNABLE
        at org.apache.ratis.thirdparty.io.netty.channel.epoll.Native.epollWait(Native Method)
        at org.apache.ratis.thirdparty.io.netty.channel.epoll.Native.epollWait(Native.java:209)
        at org.apache.ratis.thirdparty.io.netty.channel.epoll.Native.epollWait(Native.java:202)
        at org.apache.ratis.thirdparty.io.netty.channel.epoll.EpollEventLoop.epollWaitNoTimerChange(EpollEventLoop.java:316)
        at org.apache.ratis.thirdparty.io.netty.channel.epoll.EpollEventLoop.run(EpollEventLoop.java:373)
        at org.apache.ratis.thirdparty.io.netty.util.concurrent.SingleThreadEventExecutor$4.run(SingleThreadEventExecutor.java:997)
        at org.apache.ratis.thirdparty.io.netty.util.internal.ThreadExecutorMap$2.run(ThreadExecutorMap.java:74)
        at java.lang.Thread.run(Thread.java:750)
"71df5106-29e4-46d2-b533-d1616e11bc16@group-59E1F7E51CDF-SegmentedRaftLogWorker"  prio=5 tid=1871 timed_waiting
java.lang.Thread.State: TIMED_WAITING
        at sun.misc.Unsafe.park(Native Method)
        at java.util.concurrent.locks.LockSupport.parkNanos(LockSupport.java:215)
        at java.util.concurrent.locks.AbstractQueuedSynchronizer$ConditionObject.awaitNanos(AbstractQueuedSynchronizer.java:2078)
        at org.apache.ratis.util.DataBlockingQueue.poll(DataBlockingQueue.java:148)
        at org.apache.ratis.server.raftlog.segmented.SegmentedRaftLogWorker.run(SegmentedRaftLogWorker.java:299)
        at org.apache.ratis.server.raftlog.segmented.SegmentedRaftLogWorker$$Lambda$937/2129794789.run(Unknown Source)
        at java.util.concurrent.Executors$RunnableAdapter.call(Executors.java:511)
        at java.util.concurrent.FutureTask.run(FutureTask.java:266)
        at java.util.concurrent.ThreadPoolExecutor.runWorker(ThreadPoolExecutor.java:1149)
        at java.util.concurrent.ThreadPoolExecutor$Worker.run(ThreadPoolExecutor.java:624)
        at java.lang.Thread.run(Thread.java:750)
"71df5106-29e4-46d2-b533-d1616e11bc16@group-59E1F7E51CDF-StateMachineUpdater" daemon prio=5 tid=1873 timed_waiting
java.lang.Thread.State: TIMED_WAITING
        at sun.misc.Unsafe.park(Native Method)
        at java.util.concurrent.locks.LockSupport.parkNanos(LockSupport.java:215)
        at java.util.concurrent.locks.AbstractQueuedSynchronizer$ConditionObject.await(AbstractQueuedSynchronizer.java:2163)
        at org.apache.ratis.util.AwaitForSignal.await(AwaitForSignal.java:65)
        at org.apache.ratis.server.impl.StateMachineUpdater.waitForCommit(StateMachineUpdater.java:211)
        at org.apache.ratis.server.impl.StateMachineUpdater.run(StateMachineUpdater.java:180)
        at java.lang.Thread.run(Thread.java:750)
"gradle-enterprise-test-client-gradle-enterprise-test-listener"  prio=5 tid=15 in Object.wait()
java.lang.Thread.State: WAITING (on object monitor)
        at sun.misc.Unsafe.park(Native Method)
        at java.util.concurrent.locks.LockSupport.park(LockSupport.java:175)
        at java.util.concurrent.locks.AbstractQueuedSynchronizer$ConditionObject.await(AbstractQueuedSynchronizer.java:2039)
        at java.util.concurrent.ArrayBlockingQueue.take(ArrayBlockingQueue.java:403)
        at com.gradle.maven.scan.extension.test.listener.obfuscated.k.a.a(SourceFile:130)
        at com.gradle.maven.scan.extension.test.listener.obfuscated.k.a.b(SourceFile:93)
        at com.gradle.maven.scan.extension.test.listener.obfuscated.k.a$$Lambda$258/319644606.run(Unknown Source)
        at java.util.concurrent.Executors$RunnableAdapter.call(Executors.java:511)
        at java.util.concurrent.FutureTask.run(FutureTask.java:266)
        at java.util.concurrent.ThreadPoolExecutor.runWorker(ThreadPoolExecutor.java:1149)
        at java.util.concurrent.ThreadPoolExecutor$Worker.run(ThreadPoolExecutor.java:624)
        at java.lang.Thread.run(Thread.java:750)
"IPC Client (320406357) connection to 0.0.0.0/0.0.0.0:15064 from runner" daemon prio=5 tid=1783 timed_waiting
java.lang.Thread.State: TIMED_WAITING
        at java.lang.Object.wait(Native Method)
        at org.apache.hadoop.ipc.Client$Connection.waitForWork(Client.java:1026)
        at org.apache.hadoop.ipc.Client$Connection.run(Client.java:1077)
"Finalizer" daemon prio=8 tid=3 in Object.wait()
java.lang.Thread.State: WAITING (on object monitor)
        at java.lang.Object.wait(Native Method)
        at java.lang.ref.ReferenceQueue.remove(ReferenceQueue.java:144)
        at java.lang.ref.ReferenceQueue.remove(ReferenceQueue.java:165)
        at java.lang.ref.Finalizer$FinalizerThread.run(Finalizer.java:188)
"6d1988e6-d732-42b7-a0ee-62d3ca1ef2f1-NettyServerStreamRpc-bossGroup--thread1"  prio=5 tid=2176 runnable
java.lang.Thread.State: RUNNABLE
        at org.apache.ratis.thirdparty.io.netty.channel.epoll.Native.epollWait(Native Method)
        at org.apache.ratis.thirdparty.io.netty.channel.epoll.Native.epollWait(Native.java:209)
        at org.apache.ratis.thirdparty.io.netty.channel.epoll.Native.epollWait(Native.java:202)
        at org.apache.ratis.thirdparty.io.netty.channel.epoll.EpollEventLoop.epollWaitNoTimerChange(EpollEventLoop.java:316)
        at org.apache.ratis.thirdparty.io.netty.channel.epoll.EpollEventLoop.run(EpollEventLoop.java:373)
        at org.apache.ratis.thirdparty.io.netty.util.concurrent.SingleThreadEventExecutor$4.run(SingleThreadEventExecutor.java:997)
        at org.apache.ratis.thirdparty.io.netty.util.internal.ThreadExecutorMap$2.run(ThreadExecutorMap.java:74)
        at java.lang.Thread.run(Thread.java:750)
"ForkJoinPool.commonPool-worker-0" daemon prio=5 tid=1932 in Object.wait()
java.lang.Thread.State: WAITING (on object monitor)
        at sun.misc.Unsafe.park(Native Method)
        at java.util.concurrent.ForkJoinPool.awaitWork(ForkJoinPool.java:1824)
        at java.util.concurrent.ForkJoinPool.runWorker(ForkJoinPool.java:1693)
        at java.util.concurrent.ForkJoinWorkerThread.run(ForkJoinWorkerThread.java:175)
"IPC Parameter Sending Thread for 0.0.0.0/0.0.0.0:15064" daemon prio=5 tid=1784 timed_waiting
java.lang.Thread.State: TIMED_WAITING
        at sun.misc.Unsafe.park(Native Method)
        at java.util.concurrent.locks.LockSupport.parkNanos(LockSupport.java:215)
        at java.util.concurrent.SynchronousQueue$TransferQueue.awaitFulfill(SynchronousQueue.java:764)
        at java.util.concurrent.SynchronousQueue$TransferQueue.transfer(SynchronousQueue.java:695)
        at java.util.concurrent.SynchronousQueue.poll(SynchronousQueue.java:941)
        at org.apache.hadoop.ipc.Client$Connection$RpcRequestSender.run(Client.java:1105)
        at java.lang.Thread.run(Thread.java:750)
"LeakDetector-ManagedRocksObject0" daemon prio=5 tid=19 in Object.wait()
java.lang.Thread.State: WAITING (on object monitor)
        at java.lang.Object.wait(Native Method)
        at java.lang.ref.ReferenceQueue.remove(ReferenceQueue.java:144)
        at java.lang.ref.ReferenceQueue.remove(ReferenceQueue.java:165)
        at org.apache.hadoop.hdds.utils.LeakDetector.run(LeakDetector.java:80)
        at org.apache.hadoop.hdds.utils.LeakDetector$$Lambda$459/1732146867.run(Unknown Source)
        at java.lang.Thread.run(Thread.java:750)
"grpc-default-worker-ELG-5-2" daemon prio=5 tid=1851 runnable
java.lang.Thread.State: RUNNABLE
        at org.apache.ratis.thirdparty.io.netty.channel.epoll.Native.epollWait(Native Method)
        at org.apache.ratis.thirdparty.io.netty.channel.epoll.Native.epollWait(Native.java:209)
        at org.apache.ratis.thirdparty.io.netty.channel.epoll.Native.epollWait(Native.java:202)
        at org.apache.ratis.thirdparty.io.netty.channel.epoll.EpollEventLoop.epollWaitNoTimerChange(EpollEventLoop.java:316)
        at org.apache.ratis.thirdparty.io.netty.channel.epoll.EpollEventLoop.run(EpollEventLoop.java:373)
        at org.apache.ratis.thirdparty.io.netty.util.concurrent.SingleThreadEventExecutor$4.run(SingleThreadEventExecutor.java:997)
        at org.apache.ratis.thirdparty.io.netty.util.internal.ThreadExecutorMap$2.run(ThreadExecutorMap.java:74)
        at org.apache.ratis.thirdparty.io.netty.util.concurrent.FastThreadLocalRunnable.run(FastThreadLocalRunnable.java:30)
        at java.lang.Thread.run(Thread.java:750)
"e13e7e3b-b387-4fac-9683-3ea92427a7e8-impl-thread1"  prio=5 tid=2148 timed_waiting
java.lang.Thread.State: TIMED_WAITING
        at sun.misc.Unsafe.park(Native Method)
        at java.util.concurrent.locks.LockSupport.parkNanos(LockSupport.java:215)
        at java.util.concurrent.SynchronousQueue$TransferStack.awaitFulfill(SynchronousQueue.java:460)
        at java.util.concurrent.SynchronousQueue$TransferStack.transfer(SynchronousQueue.java:362)
        at java.util.concurrent.SynchronousQueue.poll(SynchronousQueue.java:941)
        at java.util.concurrent.ThreadPoolExecutor.getTask(ThreadPoolExecutor.java:1073)
        at java.util.concurrent.ThreadPoolExecutor.runWorker(ThreadPoolExecutor.java:1134)
        at java.util.concurrent.ThreadPoolExecutor$Worker.run(ThreadPoolExecutor.java:624)
        at java.lang.Thread.run(Thread.java:750)
"71df5106-29e4-46d2-b533-d1616e11bc16-impl-thread1"  prio=5 tid=2119 timed_waiting
java.lang.Thread.State: TIMED_WAITING
        at sun.misc.Unsafe.park(Native Method)
        at java.util.concurrent.locks.LockSupport.parkNanos(LockSupport.java:215)
        at java.util.concurrent.SynchronousQueue$TransferStack.awaitFulfill(SynchronousQueue.java:460)
        at java.util.concurrent.SynchronousQueue$TransferStack.transfer(SynchronousQueue.java:362)
        at java.util.concurrent.SynchronousQueue.poll(SynchronousQueue.java:941)
        at java.util.concurrent.ThreadPoolExecutor.getTask(ThreadPoolExecutor.java:1073)
        at java.util.concurrent.ThreadPoolExecutor.runWorker(ThreadPoolExecutor.java:1134)
        at java.util.concurrent.ThreadPoolExecutor$Worker.run(ThreadPoolExecutor.java:624)
        at java.lang.Thread.run(Thread.java:750)
"timer7" daemon prio=5 tid=915 timed_waiting
java.lang.Thread.State: TIMED_WAITING
        at java.lang.Object.wait(Native Method)
        at java.util.TimerThread.mainLoop(Timer.java:552)
        at java.util.TimerThread.run(Timer.java:505)
"ForkJoinPool.commonPool-worker-1" daemon prio=5 tid=1933 timed_waiting
java.lang.Thread.State: TIMED_WAITING
        at sun.misc.Unsafe.park(Native Method)
        at java.util.concurrent.ForkJoinPool.awaitWork(ForkJoinPool.java:1824)
        at java.util.concurrent.ForkJoinPool.runWorker(ForkJoinPool.java:1693)
        at java.util.concurrent.ForkJoinWorkerThread.run(ForkJoinWorkerThread.java:175)
"Signal Dispatcher" daemon prio=9 tid=4 runnable
java.lang.Thread.State: RUNNABLE
"main"  prio=5 tid=1 runnable
java.lang.Thread.State: RUNNABLE
        at java.lang.Thread.dumpThreads(Native Method)
        at java.lang.Thread.getAllStackTraces(Thread.java:1615)
        at org.apache.ozone.test.TimedOutTestsListener.buildThreadDump(TimedOutTestsListener.java:83)
        at org.apache.ozone.test.TimedOutTestsListener.buildThreadDiagnosticString(TimedOutTestsListener.java:69)
        at org.apache.ozone.test.TimedOutTestsListener.lambda$executionFinished$0(TimedOutTestsListener.java:55)
        at org.apache.ozone.test.TimedOutTestsListener$$Lambda$1625/560695976.accept(Unknown Source)
        at java.util.Optional.ifPresent(Optional.java:159)
        at org.apache.ozone.test.TimedOutTestsListener.executionFinished(TimedOutTestsListener.java:51)
        at org.junit.platform.launcher.core.CompositeTestExecutionListener.lambda$executionFinished$10(CompositeTestExecutionListener.java:73)
        at org.junit.platform.launcher.core.CompositeTestExecutionListener$$Lambda$1591/1963672648.accept(Unknown Source)
        at org.junit.platform.launcher.core.CompositeTestExecutionListener.lambda$notifyEach$19(CompositeTestExecutionListener.java:102)
        at org.junit.platform.launcher.core.CompositeTestExecutionListener$$Lambda$249/306115458.accept(Unknown Source)
        at org.junit.platform.commons.util.CollectionUtils.forEachInReverseOrder(CollectionUtils.java:221)
        at org.junit.platform.launcher.core.IterationOrder$2.forEach(IterationOrder.java:30)
        at org.junit.platform.launcher.core.CompositeTestExecutionListener.notifyEach(CompositeTestExecutionListener.java:100)
        at org.junit.platform.launcher.core.CompositeTestExecutionListener.executionFinished(CompositeTestExecutionListener.java:72)
        at org.junit.platform.launcher.core.ExecutionListenerAdapter.executionFinished(ExecutionListenerAdapter.java:56)
        at org.junit.platform.launcher.core.CompositeEngineExecutionListener.lambda$executionFinished$6(CompositeEngineExecutionListener.java:59)
        at org.junit.platform.launcher.core.CompositeEngineExecutionListener$$Lambda$1582/343025360.accept(Unknown Source)
        at org.junit.platform.launcher.core.CompositeEngineExecutionListener.lambda$notifyEach$11(CompositeEngineExecutionListener.java:74)
        at org.junit.platform.launcher.core.CompositeEngineExecutionListener$$Lambda$298/951050903.accept(Unknown Source)
        at org.junit.platform.commons.util.CollectionUtils.forEachInReverseOrder(CollectionUtils.java:221)
        at org.junit.platform.launcher.core.IterationOrder$2.forEach(IterationOrder.java:30)
        at org.junit.platform.launcher.core.CompositeEngineExecutionListener.notifyEach(CompositeEngineExecutionListener.java:72)
        at org.junit.platform.launcher.core.CompositeEngineExecutionListener.executionFinished(CompositeEngineExecutionListener.java:58)
        at org.junit.platform.launcher.core.DelegatingEngineExecutionListener.executionFinished(DelegatingEngineExecutionListener.java:46)
        at org.junit.platform.launcher.core.StackTracePruningEngineExecutionListener.executionFinished(StackTracePruningEngineExecutionListener.java:46)
        at org.junit.platform.launcher.core.DelegatingEngineExecutionListener.executionFinished(DelegatingEngineExecutionListener.java:46)
        at org.junit.platform.launcher.core.OutcomeDelayingEngineExecutionListener.executionFinished(OutcomeDelayingEngineExecutionListener.java:63)
        at org.junit.platform.engine.support.hierarchical.NodeTestTask.reportCompletion(NodeTestTask.java:195)
        at org.junit.platform.engine.support.hierarchical.NodeTestTask.execute(NodeTestTask.java:100)
        at org.junit.platform.engine.support.hierarchical.SameThreadHierarchicalTestExecutorService$$Lambda$323/1536471117.accept(Unknown Source)
        at java.util.ArrayList.forEach(ArrayList.java:1259)
        at org.junit.platform.engine.support.hierarchical.SameThreadHierarchicalTestExecutorService.invokeAll(SameThreadHierarchicalTestExecutorService.java:41)
        at org.junit.platform.engine.support.hierarchical.NodeTestTask.lambda$executeRecursively$6(NodeTestTask.java:155)
        at org.junit.platform.engine.support.hierarchical.NodeTestTask$$Lambda$319/1886491834.execute(Unknown Source)
        at org.junit.platform.engine.support.hierarchical.ThrowableCollector.execute(ThrowableCollector.java:73)
        at org.junit.platform.engine.support.hierarchical.NodeTestTask.lambda$executeRecursively$8(NodeTestTask.java:141)
        at org.junit.platform.engine.support.hierarchical.NodeTestTask$$Lambda$318/1977310713.invoke(Unknown Source)
        at org.junit.platform.engine.support.hierarchical.Node.around(Node.java:137)
        at org.junit.platform.engine.support.hierarchical.NodeTestTask.lambda$executeRecursively$9(NodeTestTask.java:139)
        at org.junit.platform.engine.support.hierarchical.NodeTestTask$$Lambda$317/961409111.execute(Unknown Source)
        at org.junit.platform.engine.support.hierarchical.ThrowableCollector.execute(ThrowableCollector.java:73)
        at org.junit.platform.engine.support.hierarchical.NodeTestTask.executeRecursively(NodeTestTask.java:138)
        at org.junit.platform.engine.support.hierarchical.NodeTestTask.execute(NodeTestTask.java:95)
        at org.junit.platform.engine.support.hierarchical.SameThreadHierarchicalTestExecutorService$$Lambda$323/1536471117.accept(Unknown Source)
        at java.util.ArrayList.forEach(ArrayList.java:1259)
        at org.junit.platform.engine.support.hierarchical.SameThreadHierarchicalTestExecutorService.invokeAll(SameThreadHierarchicalTestExecutorService.java:41)
        at org.junit.platform.engine.support.hierarchical.NodeTestTask.lambda$executeRecursively$6(NodeTestTask.java:155)
        at org.junit.platform.engine.support.hierarchical.NodeTestTask$$Lambda$319/1886491834.execute(Unknown Source)
        at org.junit.platform.engine.support.hierarchical.ThrowableCollector.execute(ThrowableCollector.java:73)
        at org.junit.platform.engine.support.hierarchical.NodeTestTask.lambda$executeRecursively$8(NodeTestTask.java:141)
        at org.junit.platform.engine.support.hierarchical.NodeTestTask$$Lambda$318/1977310713.invoke(Unknown Source)
        at org.junit.platform.engine.support.hierarchical.Node.around(Node.java:137)
        at org.junit.platform.engine.support.hierarchical.NodeTestTask.lambda$executeRecursively$9(NodeTestTask.java:139)
        at org.junit.platform.engine.support.hierarchical.NodeTestTask$$Lambda$317/961409111.execute(Unknown Source)
        at org.junit.platform.engine.support.hierarchical.ThrowableCollector.execute(ThrowableCollector.java:73)
        at org.junit.platform.engine.support.hierarchical.NodeTestTask.executeRecursively(NodeTestTask.java:138)
        at org.junit.platform.engine.support.hierarchical.NodeTestTask.execute(NodeTestTask.java:95)
        at org.junit.platform.engine.support.hierarchical.SameThreadHierarchicalTestExecutorService.submit(SameThreadHierarchicalTestExecutorService.java:35)
        at org.junit.platform.engine.support.hierarchical.HierarchicalTestExecutor.execute(HierarchicalTestExecutor.java:57)
        at org.junit.platform.engine.support.hierarchical.HierarchicalTestEngine.execute(HierarchicalTestEngine.java:54)
        at org.junit.platform.launcher.core.EngineExecutionOrchestrator.execute(EngineExecutionOrchestrator.java:198)
        at org.junit.platform.launcher.core.EngineExecutionOrchestrator.execute(EngineExecutionOrchestrator.java:169)
        at org.junit.platform.launcher.core.EngineExecutionOrchestrator.execute(EngineExecutionOrchestrator.java:93)
        at org.junit.platform.launcher.core.EngineExecutionOrchestrator.lambda$execute$0(EngineExecutionOrchestrator.java:58)
        at org.junit.platform.launcher.core.EngineExecutionOrchestrator$$Lambda$237/787738361.accept(Unknown Source)
        at org.junit.platform.launcher.core.EngineExecutionOrchestrator.withInterceptedStreams(EngineExecutionOrchestrator.java:141)
        at org.junit.platform.launcher.core.EngineExecutionOrchestrator.execute(EngineExecutionOrchestrator.java:57)
        at org.junit.platform.launcher.core.DefaultLauncher.execute(DefaultLauncher.java:103)
        at org.junit.platform.launcher.core.DefaultLauncher.execute(DefaultLauncher.java:85)
        at org.junit.platform.launcher.core.DelegatingLauncher.execute(DelegatingLauncher.java:47)
        at org.junit.platform.launcher.core.SessionPerRequestLauncher.execute(SessionPerRequestLauncher.java:63)
        at org.apache.maven.surefire.junitplatform.JUnitPlatformProvider.execute(JUnitPlatformProvider.java:188)
        at org.apache.maven.surefire.junitplatform.JUnitPlatformProvider.invokeAllTests(JUnitPlatformProvider.java:154)
        at org.apache.maven.surefire.junitplatform.JUnitPlatformProvider.invoke(JUnitPlatformProvider.java:124)
        at org.apache.maven.surefire.booter.ForkedBooter.runSuitesInProcess(ForkedBooter.java:428)
        at org.apache.maven.surefire.booter.ForkedBooter.execute(ForkedBooter.java:162)
        at org.apache.maven.surefire.booter.ForkedBooter.run(ForkedBooter.java:562)
        at org.apache.maven.surefire.booter.ForkedBooter.main(ForkedBooter.java:548)
"timer2" daemon prio=5 tid=886 timed_waiting
java.lang.Thread.State: TIMED_WAITING
        at java.lang.Object.wait(Native Method)
        at java.util.TimerThread.mainLoop(Timer.java:552)
        at java.util.TimerThread.run(Timer.java:505)
"71df5106-29e4-46d2-b533-d1616e11bc16-groupManagement"  prio=5 tid=2120 in Object.wait()
java.lang.Thread.State: WAITING (on object monitor)
        at sun.misc.Unsafe.park(Native Method)
        at java.util.concurrent.locks.LockSupport.park(LockSupport.java:175)
        at java.util.concurrent.locks.AbstractQueuedSynchronizer$ConditionObject.await(AbstractQueuedSynchronizer.java:2039)
        at java.util.concurrent.LinkedBlockingQueue.take(LinkedBlockingQueue.java:442)
        at java.util.concurrent.ThreadPoolExecutor.getTask(ThreadPoolExecutor.java:1074)
        at java.util.concurrent.ThreadPoolExecutor.runWorker(ThreadPoolExecutor.java:1134)
        at java.util.concurrent.ThreadPoolExecutor$Worker.run(ThreadPoolExecutor.java:624)
        at java.lang.Thread.run(Thread.java:750)
"junit-jupiter-timeout-watcher"  prio=10 tid=17 in Object.wait()
java.lang.Thread.State: WAITING (on object monitor)
        at sun.misc.Unsafe.park(Native Method)
        at java.util.concurrent.locks.LockSupport.park(LockSupport.java:175)
        at java.util.concurrent.locks.AbstractQueuedSynchronizer$ConditionObject.await(AbstractQueuedSynchronizer.java:2039)
        at java.util.concurrent.ScheduledThreadPoolExecutor$DelayedWorkQueue.take(ScheduledThreadPoolExecutor.java:1081)
        at java.util.concurrent.ScheduledThreadPoolExecutor$DelayedWorkQueue.take(ScheduledThreadPoolExecutor.java:809)
        at java.util.concurrent.ThreadPoolExecutor.getTask(ThreadPoolExecutor.java:1074)
        at java.util.concurrent.ThreadPoolExecutor.runWorker(ThreadPoolExecutor.java:1134)
        at java.util.concurrent.ThreadPoolExecutor$Worker.run(ThreadPoolExecutor.java:624)
        at java.lang.Thread.run(Thread.java:750)
"grpc-default-worker-ELG-5-4" daemon prio=5 tid=1853 runnable
java.lang.Thread.State: RUNNABLE
        at org.apache.ratis.thirdparty.io.netty.channel.epoll.Native.epollWait(Native Method)
        at org.apache.ratis.thirdparty.io.netty.channel.epoll.Native.epollWait(Native.java:209)
        at org.apache.ratis.thirdparty.io.netty.channel.epoll.Native.epollWait(Native.java:202)
        at org.apache.ratis.thirdparty.io.netty.channel.epoll.EpollEventLoop.epollWaitNoTimerChange(EpollEventLoop.java:316)
        at org.apache.ratis.thirdparty.io.netty.channel.epoll.EpollEventLoop.run(EpollEventLoop.java:373)
        at org.apache.ratis.thirdparty.io.netty.util.concurrent.SingleThreadEventExecutor$4.run(SingleThreadEventExecutor.java:997)
        at org.apache.ratis.thirdparty.io.netty.util.internal.ThreadExecutorMap$2.run(ThreadExecutorMap.java:74)
        at org.apache.ratis.thirdparty.io.netty.util.concurrent.FastThreadLocalRunnable.run(FastThreadLocalRunnable.java:30)
        at java.lang.Thread.run(Thread.java:750)
"timer1" daemon prio=5 tid=885 timed_waiting
java.lang.Thread.State: TIMED_WAITING
        at java.lang.Object.wait(Native Method)
        at java.util.TimerThread.mainLoop(Timer.java:552)
        at java.util.TimerThread.run(Timer.java:505)
"surefire-forkedjvm-ping-30s" daemon prio=5 tid=12 timed_waiting
java.lang.Thread.State: TIMED_WAITING
        at sun.misc.Unsafe.park(Native Method)
        at java.util.concurrent.locks.LockSupport.parkNanos(LockSupport.java:215)
        at java.util.concurrent.locks.AbstractQueuedSynchronizer$ConditionObject.awaitNanos(AbstractQueuedSynchronizer.java:2078)
        at java.util.concurrent.ScheduledThreadPoolExecutor$DelayedWorkQueue.take(ScheduledThreadPoolExecutor.java:1093)
        at java.util.concurrent.ScheduledThreadPoolExecutor$DelayedWorkQueue.take(ScheduledThreadPoolExecutor.java:809)
        at java.util.concurrent.ThreadPoolExecutor.getTask(ThreadPoolExecutor.java:1074)
        at java.util.concurrent.ThreadPoolExecutor.runWorker(ThreadPoolExecutor.java:1134)
        at java.util.concurrent.ThreadPoolExecutor$Worker.run(ThreadPoolExecutor.java:624)
        at java.lang.Thread.run(Thread.java:750)
"timer4" daemon prio=5 tid=892 timed_waiting
java.lang.Thread.State: TIMED_WAITING
        at java.lang.Object.wait(Native Method)
        at java.util.TimerThread.mainLoop(Timer.java:552)
        at java.util.TimerThread.run(Timer.java:505)
"6d1988e6-d732-42b7-a0ee-62d3ca1ef2f1-groupManagement"  prio=5 tid=2178 in Object.wait()
java.lang.Thread.State: WAITING (on object monitor)
        at sun.misc.Unsafe.park(Native Method)
        at java.util.concurrent.locks.LockSupport.park(LockSupport.java:175)
        at java.util.concurrent.locks.AbstractQueuedSynchronizer$ConditionObject.await(AbstractQueuedSynchronizer.java:2039)
        at java.util.concurrent.LinkedBlockingQueue.take(LinkedBlockingQueue.java:442)
        at java.util.concurrent.ThreadPoolExecutor.getTask(ThreadPoolExecutor.java:1074)
        at java.util.concurrent.ThreadPoolExecutor.runWorker(ThreadPoolExecutor.java:1134)
        at java.util.concurrent.ThreadPoolExecutor$Worker.run(ThreadPoolExecutor.java:624)
        at java.lang.Thread.run(Thread.java:750)
"71df5106-29e4-46d2-b533-d1616e11bc16-NettyServerStreamRpc-bossGroup--thread1"  prio=5 tid=2118 runnable
java.lang.Thread.State: RUNNABLE
        at org.apache.ratis.thirdparty.io.netty.channel.epoll.Native.epollWait(Native Method)
        at org.apache.ratis.thirdparty.io.netty.channel.epoll.Native.epollWait(Native.java:209)
        at org.apache.ratis.thirdparty.io.netty.channel.epoll.Native.epollWait(Native.java:202)
        at org.apache.ratis.thirdparty.io.netty.channel.epoll.EpollEventLoop.epollWaitNoTimerChange(EpollEventLoop.java:316)
        at org.apache.ratis.thirdparty.io.netty.channel.epoll.EpollEventLoop.run(EpollEventLoop.java:373)
        at org.apache.ratis.thirdparty.io.netty.util.concurrent.SingleThreadEventExecutor$4.run(SingleThreadEventExecutor.java:997)
        at org.apache.ratis.thirdparty.io.netty.util.internal.ThreadExecutorMap$2.run(ThreadExecutorMap.java:74)
        at java.lang.Thread.run(Thread.java:750)
"grpc-default-worker-ELG-5-3" daemon prio=5 tid=1852 runnable
java.lang.Thread.State: RUNNABLE
        at org.apache.ratis.thirdparty.io.netty.channel.epoll.Native.epollWait(Native Method)
        at org.apache.ratis.thirdparty.io.netty.channel.epoll.Native.epollWait(Native.java:209)
        at org.apache.ratis.thirdparty.io.netty.channel.epoll.Native.epollWait(Native.java:202)
        at org.apache.ratis.thirdparty.io.netty.channel.epoll.EpollEventLoop.epollWaitNoTimerChange(EpollEventLoop.java:316)
        at org.apache.ratis.thirdparty.io.netty.channel.epoll.EpollEventLoop.run(EpollEventLoop.java:373)
        at org.apache.ratis.thirdparty.io.netty.util.concurrent.SingleThreadEventExecutor$4.run(SingleThreadEventExecutor.java:997)
        at org.apache.ratis.thirdparty.io.netty.util.internal.ThreadExecutorMap$2.run(ThreadExecutorMap.java:74)
        at org.apache.ratis.thirdparty.io.netty.util.concurrent.FastThreadLocalRunnable.run(FastThreadLocalRunnable.java:30)
        at java.lang.Thread.run(Thread.java:750)
"timer3" daemon prio=5 tid=891 timed_waiting
java.lang.Thread.State: TIMED_WAITING
        at java.lang.Object.wait(Native Method)
        at java.util.TimerThread.mainLoop(Timer.java:552)
        at java.util.TimerThread.run(Timer.java:505)

]]></system-err>
  </testcase>
</testsuite>