<?xml version="1.0" encoding="UTF-8"?>
<testsuite xmlns:xsi="http://www.w3.org/2001/XMLSchema-instance" xsi:noNamespaceSchemaLocation="https://maven.apache.org/surefire/maven-surefire-plugin/xsd/surefire-test-report.xsd" version="3.0.2" name="org.apache.hadoop.ozone.dn.checksum.TestContainerCommandReconciliation" time="103.849" tests="10" errors="0" skipped="0" failures="1">
  <properties>
    <property name="java.specification.version" value="21"/>
    <property name="sun.jnu.encoding" value="UTF-8"/>
    <property name="java.class.path" value="/home/runner/work/ozone/ozone/hadoop-ozone/integration-test/target/test-classes:/home/runner/work/ozone/ozone/hadoop-ozone/integration-test/target/classes:/home/runner/.m2/repository/ch/qos/reload4j/reload4j/1.2.26/reload4j-1.2.26.jar:/home/runner/.m2/repository/com/fasterxml/jackson/core/jackson-core/2.16.2/jackson-core-2.16.2.jar:/home/runner/.m2/repository/com/fasterxml/jackson/core/jackson-databind/2.16.2/jackson-databind-2.16.2.jar:/home/runner/.m2/repository/com/fasterxml/jackson/core/jackson-annotations/2.16.2/jackson-annotations-2.16.2.jar:/home/runner/.m2/repository/com/github/stephenc/jcip/jcip-annotations/1.0-1/jcip-annotations-1.0-1.jar:/home/runner/.m2/repository/com/google/guava/guava/32.1.3-jre/guava-32.1.3-jre.jar:/home/runner/.m2/repository/com/google/guava/failureaccess/1.0.1/failureaccess-1.0.1.jar:/home/runner/.m2/repository/com/google/guava/listenablefuture/9999.0-empty-to-avoid-conflict-with-guava/listenablefuture-9999.0-empty-to-avoid-conflict-with-guava.jar:/home/runner/.m2/repository/org/checkerframework/checker-qual/3.37.0/checker-qual-3.37.0.jar:/home/runner/.m2/repository/com/google/errorprone/error_prone_annotations/2.29.2/error_prone_annotations-2.29.2.jar:/home/runner/.m2/repository/com/google/j2objc/j2objc-annotations/2.8/j2objc-annotations-2.8.jar:/home/runner/.m2/repository/com/google/protobuf/protobuf-java/2.5.0/protobuf-java-2.5.0.jar:/home/runner/.m2/repository/com/squareup/okhttp3/okhttp/4.12.0/okhttp-4.12.0.jar:/home/runner/.m2/repository/com/squareup/okio/okio/3.6.0/okio-3.6.0.jar:/home/runner/.m2/repository/com/squareup/okio/okio-jvm/3.6.0/okio-jvm-3.6.0.jar:/home/runner/.m2/repository/org/jetbrains/kotlin/kotlin-stdlib-common/1.9.25/kotlin-stdlib-common-1.9.25.jar:/home/runner/.m2/repository/org/jetbrains/kotlin/kotlin-stdlib-jdk8/1.9.25/kotlin-stdlib-jdk8-1.9.25.jar:/home/runner/.m2/repository/org/jetbrains/kotlin/kotlin-stdlib/1.9.25/kotlin-stdlib-1.9.25.jar:/home/runner/.m2/repository/org/jetbrains/annotations/13.0/annotations-13.0.jar:/home/runner/.m2/repository/org/jetbrains/kotlin/kotlin-stdlib-jdk7/1.9.25/kotlin-stdlib-jdk7-1.9.25.jar:/home/runner/.m2/repository/commons-codec/commons-codec/1.18.0/commons-codec-1.18.0.jar:/home/runner/.m2/repository/commons-io/commons-io/2.18.0/commons-io-2.18.0.jar:/home/runner/.m2/repository/commons-validator/commons-validator/1.6/commons-validator-1.6.jar:/home/runner/.m2/repository/commons-beanutils/commons-beanutils/1.11.0/commons-beanutils-1.11.0.jar:/home/runner/.m2/repository/commons-digester/commons-digester/1.8.1/commons-digester-1.8.1.jar:/home/runner/.m2/repository/commons-collections/commons-collections/3.2.2/commons-collections-3.2.2.jar:/home/runner/.m2/repository/info/picocli/picocli/4.7.7/picocli-4.7.7.jar:/home/runner/.m2/repository/jakarta/annotation/jakarta.annotation-api/2.1.1/jakarta.annotation-api-2.1.1.jar:/home/runner/.m2/repository/jakarta/xml/bind/jakarta.xml.bind-api/2.3.3/jakarta.xml.bind-api-2.3.3.jar:/home/runner/.m2/repository/jakarta/activation/jakarta.activation-api/1.2.2/jakarta.activation-api-1.2.2.jar:/home/runner/.m2/repository/javax/servlet/javax.servlet-api/3.1.0/javax.servlet-api-3.1.0.jar:/home/runner/.m2/repository/javax/ws/rs/jsr311-api/1.1.1/jsr311-api-1.1.1.jar:/home/runner/.m2/repository/org/apache/commons/commons-compress/1.27.1/commons-compress-1.27.1.jar:/home/runner/.m2/repository/org/apache/commons/commons-lang3/3.17.0/commons-lang3-3.17.0.jar:/home/runner/.m2/repository/org/apache/commons/commons-text/1.13.1/commons-text-1.13.1.jar:/home/runner/.m2/repository/org/apache/hadoop/hadoop-auth/3.4.1/hadoop-auth-3.4.1.jar:/home/runner/.m2/repository/com/nimbusds/nimbus-jose-jwt/9.40/nimbus-jose-jwt-9.40.jar:/home/runner/.m2/repository/io/dropwizard/metrics/metrics-core/3.2.6/metrics-core-3.2.6.jar:/home/runner/.m2/repository/org/apache/kerby/kerb-core/1.0.1/kerb-core-1.0.1.jar:/home/runner/.m2/repository/org/apache/kerby/kerby-pkix/1.0.1/kerby-pkix-1.0.1.jar:/home/runner/.m2/repository/org/apache/kerby/kerby-asn1/1.0.1/kerby-asn1-1.0.1.jar:/home/runner/.m2/repository/org/apache/kerby/kerb-util/1.0.1/kerb-util-1.0.1.jar:/home/runner/.m2/repository/org/apache/kerby/kerby-config/1.0.1/kerby-config-1.0.1.jar:/home/runner/.m2/repository/org/apache/kerby/kerb-crypto/1.0.1/kerb-crypto-1.0.1.jar:/home/runner/.m2/repository/org/apache/hadoop/thirdparty/hadoop-shaded-guava/1.3.0/hadoop-shaded-guava-1.3.0.jar:/home/runner/.m2/repository/org/apache/hadoop/hadoop-common/3.4.1/hadoop-common-3.4.1.jar:/home/runner/.m2/repository/org/apache/hadoop/thirdparty/hadoop-shaded-protobuf_3_25/1.4.0/hadoop-shaded-protobuf_3_25-1.4.0.jar:/home/runner/.m2/repository/org/apache/hadoop/hadoop-annotations/3.4.1/hadoop-annotations-3.4.1.jar:/home/runner/.m2/repository/commons-cli/commons-cli/1.8.0/commons-cli-1.8.0.jar:/home/runner/.m2/repository/commons-net/commons-net/3.11.1/commons-net-3.11.1.jar:/home/runner/.m2/repository/org/eclipse/jetty/jetty-server/9.4.57.v20241219/jetty-server-9.4.57.v20241219.jar:/home/runner/.m2/repository/org/eclipse/jetty/jetty-io/9.4.57.v20241219/jetty-io-9.4.57.v20241219.jar:/home/runner/.m2/repository/org/eclipse/jetty/jetty-util/9.4.57.v20241219/jetty-util-9.4.57.v20241219.jar:/home/runner/.m2/repository/org/eclipse/jetty/jetty-servlet/9.4.57.v20241219/jetty-servlet-9.4.57.v20241219.jar:/home/runner/.m2/repository/org/eclipse/jetty/jetty-security/9.4.57.v20241219/jetty-security-9.4.57.v20241219.jar:/home/runner/.m2/repository/org/eclipse/jetty/jetty-webapp/9.4.57.v20241219/jetty-webapp-9.4.57.v20241219.jar:/home/runner/.m2/repository/org/eclipse/jetty/jetty-xml/9.4.57.v20241219/jetty-xml-9.4.57.v20241219.jar:/home/runner/.m2/repository/javax/servlet/jsp/jsp-api/2.1/jsp-api-2.1.jar:/home/runner/.m2/repository/org/codehaus/jettison/jettison/1.5.4/jettison-1.5.4.jar:/home/runner/.m2/repository/org/apache/commons/commons-configuration2/2.12.0/commons-configuration2-2.12.0.jar:/home/runner/.m2/repository/com/google/re2j/re2j/1.7/re2j-1.7.jar:/home/runner/.m2/repository/com/google/code/gson/gson/2.10.1/gson-2.10.1.jar:/home/runner/.m2/repository/com/jcraft/jsch/0.1.55/jsch-0.1.55.jar:/home/runner/.m2/repository/io/netty/netty-handler/4.1.119.Final/netty-handler-4.1.119.Final.jar:/home/runner/.m2/repository/io/netty/netty-resolver/4.1.119.Final/netty-resolver-4.1.119.Final.jar:/home/runner/.m2/repository/io/netty/netty-transport-native-epoll/4.1.119.Final/netty-transport-native-epoll-4.1.119.Final.jar:/home/runner/.m2/repository/org/bouncycastle/bcprov-jdk18on/1.81/bcprov-jdk18on-1.81.jar:/home/runner/.m2/repository/org/codehaus/woodstox/stax2-api/4.2.1/stax2-api-4.2.1.jar:/home/runner/.m2/repository/com/fasterxml/woodstox/woodstox-core/5.4.0/woodstox-core-5.4.0.jar:/home/runner/.m2/repository/dnsjava/dnsjava/3.6.1/dnsjava-3.6.1.jar:/home/runner/.m2/repository/org/apache/hadoop/hadoop-common/3.4.1/hadoop-common-3.4.1-tests.jar:/home/runner/.m2/repository/org/apache/commons/commons-math3/3.6.1/commons-math3-3.6.1.jar:/home/runner/.m2/repository/com/sun/jersey/jersey-core/1.19.4/jersey-core-1.19.4.jar:/home/runner/.m2/repository/com/sun/jersey/jersey-servlet/1.19.4/jersey-servlet-1.19.4.jar:/home/runner/.m2/repository/com/github/pjfanning/jersey-json/1.22.0/jersey-json-1.22.0.jar:/home/runner/.m2/repository/com/sun/xml/bind/jaxb-impl/2.2.3-1/jaxb-impl-2.2.3-1.jar:/home/runner/.m2/repository/com/sun/jersey/jersey-server/1.19.4/jersey-server-1.19.4.jar:/home/runner/.m2/repository/org/slf4j/slf4j-reload4j/2.0.17/slf4j-reload4j-2.0.17.jar:/home/runner/.m2/repository/org/apache/avro/avro/1.9.2/avro-1.9.2.jar:/home/runner/.m2/repository/org/apache/curator/curator-client/4.2.0/curator-client-4.2.0.jar:/home/runner/.m2/repository/org/apache/curator/curator-recipes/5.2.0/curator-recipes-5.2.0.jar:/home/runner/.m2/repository/org/apache/curator/curator-framework/4.2.0/curator-framework-4.2.0.jar:/home/runner/.m2/repository/com/google/code/findbugs/jsr305/3.0.2/jsr305-3.0.2.jar:/home/runner/.m2/repository/org/apache/zookeeper/zookeeper/3.8.4/zookeeper-3.8.4.jar:/home/runner/.m2/repository/org/apache/zookeeper/zookeeper-jute/3.8.4/zookeeper-jute-3.8.4.jar:/home/runner/.m2/repository/org/apache/yetus/audience-annotations/0.12.0/audience-annotations-0.12.0.jar:/home/runner/.m2/repository/org/xerial/snappy/snappy-java/1.1.10.7/snappy-java-1.1.10.7.jar:/home/runner/.m2/repository/org/apache/hadoop/hadoop-distcp/3.4.1/hadoop-distcp-3.4.1.jar:/home/runner/.m2/repository/org/apache/hadoop/hadoop-distcp/3.4.1/hadoop-distcp-3.4.1-tests.jar:/home/runner/.m2/repository/org/apache/hadoop/hadoop-hdfs/3.4.1/hadoop-hdfs-3.4.1.jar:/home/runner/.m2/repository/org/eclipse/jetty/jetty-util-ajax/9.4.57.v20241219/jetty-util-ajax-9.4.57.v20241219.jar:/home/runner/.m2/repository/commons-daemon/commons-daemon/1.4.0/commons-daemon-1.4.0.jar:/home/runner/.m2/repository/org/apache/hadoop/hadoop-hdfs/3.4.1/hadoop-hdfs-3.4.1-tests.jar:/home/runner/.m2/repository/io/netty/netty-all/4.1.119.Final/netty-all-4.1.119.Final.jar:/home/runner/.m2/repository/io/netty/netty-codec-dns/4.1.119.Final/netty-codec-dns-4.1.119.Final.jar:/home/runner/.m2/repository/io/netty/netty-codec-haproxy/4.1.119.Final/netty-codec-haproxy-4.1.119.Final.jar:/home/runner/.m2/repository/io/netty/netty-codec-http/4.1.119.Final/netty-codec-http-4.1.119.Final.jar:/home/runner/.m2/repository/io/netty/netty-codec-memcache/4.1.119.Final/netty-codec-memcache-4.1.119.Final.jar:/home/runner/.m2/repository/io/netty/netty-codec-mqtt/4.1.119.Final/netty-codec-mqtt-4.1.119.Final.jar:/home/runner/.m2/repository/io/netty/netty-codec-redis/4.1.119.Final/netty-codec-redis-4.1.119.Final.jar:/home/runner/.m2/repository/io/netty/netty-codec-smtp/4.1.119.Final/netty-codec-smtp-4.1.119.Final.jar:/home/runner/.m2/repository/io/netty/netty-codec-socks/4.1.119.Final/netty-codec-socks-4.1.119.Final.jar:/home/runner/.m2/repository/io/netty/netty-codec-stomp/4.1.119.Final/netty-codec-stomp-4.1.119.Final.jar:/home/runner/.m2/repository/io/netty/netty-codec-xml/4.1.119.Final/netty-codec-xml-4.1.119.Final.jar:/home/runner/.m2/repository/io/netty/netty-handler-ssl-ocsp/4.1.119.Final/netty-handler-ssl-ocsp-4.1.119.Final.jar:/home/runner/.m2/repository/io/netty/netty-resolver-dns/4.1.119.Final/netty-resolver-dns-4.1.119.Final.jar:/home/runner/.m2/repository/io/netty/netty-transport-rxtx/4.1.119.Final/netty-transport-rxtx-4.1.119.Final.jar:/home/runner/.m2/repository/io/netty/netty-transport-sctp/4.1.119.Final/netty-transport-sctp-4.1.119.Final.jar:/home/runner/.m2/repository/io/netty/netty-transport-udt/4.1.119.Final/netty-transport-udt-4.1.119.Final.jar:/home/runner/.m2/repository/io/netty/netty-transport-classes-kqueue/4.1.119.Final/netty-transport-classes-kqueue-4.1.119.Final.jar:/home/runner/.m2/repository/io/netty/netty-resolver-dns-classes-macos/4.1.119.Final/netty-resolver-dns-classes-macos-4.1.119.Final.jar:/home/runner/.m2/repository/io/netty/netty-transport-native-epoll/4.1.119.Final/netty-transport-native-epoll-4.1.119.Final-linux-aarch_64.jar:/home/runner/.m2/repository/io/netty/netty-transport-native-epoll/4.1.119.Final/netty-transport-native-epoll-4.1.119.Final-linux-riscv64.jar:/home/runner/.m2/repository/io/netty/netty-transport-native-kqueue/4.1.119.Final/netty-transport-native-kqueue-4.1.119.Final-osx-x86_64.jar:/home/runner/.m2/repository/io/netty/netty-transport-native-kqueue/4.1.119.Final/netty-transport-native-kqueue-4.1.119.Final-osx-aarch_64.jar:/home/runner/.m2/repository/io/netty/netty-resolver-dns-native-macos/4.1.119.Final/netty-resolver-dns-native-macos-4.1.119.Final-osx-x86_64.jar:/home/runner/.m2/repository/io/netty/netty-resolver-dns-native-macos/4.1.119.Final/netty-resolver-dns-native-macos-4.1.119.Final-osx-aarch_64.jar:/home/runner/.m2/repository/org/fusesource/leveldbjni/leveldbjni-all/1.8/leveldbjni-all-1.8.jar:/home/runner/.m2/repository/org/apache/hadoop/hadoop-hdfs-client/3.4.1/hadoop-hdfs-client-3.4.1.jar:/home/runner/.m2/repository/org/apache/hadoop/hadoop-kms/3.4.1/hadoop-kms-3.4.1.jar:/home/runner/.m2/repository/org/apache/hadoop/hadoop-kms/3.4.1/hadoop-kms-3.4.1-tests.jar:/home/runner/.m2/repository/org/apache/hadoop/hadoop-mapreduce-client-core/3.4.1/hadoop-mapreduce-client-core-3.4.1.jar:/home/runner/.m2/repository/org/apache/hadoop/hadoop-yarn-client/3.4.1/hadoop-yarn-client-3.4.1.jar:/home/runner/.m2/repository/org/eclipse/jetty/websocket/websocket-client/9.4.53.v20231009/websocket-client-9.4.53.v20231009.jar:/home/runner/.m2/repository/org/eclipse/jetty/jetty-client/9.4.57.v20241219/jetty-client-9.4.57.v20241219.jar:/home/runner/.m2/repository/org/eclipse/jetty/websocket/websocket-common/9.4.53.v20231009/websocket-common-9.4.53.v20231009.jar:/home/runner/.m2/repository/org/eclipse/jetty/websocket/websocket-api/9.4.53.v20231009/websocket-api-9.4.53.v20231009.jar:/home/runner/.m2/repository/org/apache/hadoop/hadoop-yarn-api/3.4.1/hadoop-yarn-api-3.4.1.jar:/home/runner/.m2/repository/org/apache/hadoop/hadoop-yarn-common/3.4.1/hadoop-yarn-common-3.4.1.jar:/home/runner/.m2/repository/javax/xml/bind/jaxb-api/2.2.11/jaxb-api-2.2.11.jar:/home/runner/.m2/repository/com/sun/jersey/contribs/jersey-guice/1.19.4/jersey-guice-1.19.4.jar:/home/runner/.m2/repository/com/fasterxml/jackson/module/jackson-module-jaxb-annotations/2.16.2/jackson-module-jaxb-annotations-2.16.2.jar:/home/runner/.m2/repository/com/fasterxml/jackson/jaxrs/jackson-jaxrs-json-provider/2.16.2/jackson-jaxrs-json-provider-2.16.2.jar:/home/runner/.m2/repository/com/google/inject/extensions/guice-servlet/6.0.0/guice-servlet-6.0.0.jar:/home/runner/.m2/repository/org/apache/hadoop/hadoop-mapreduce-client-jobclient/3.4.1/hadoop-mapreduce-client-jobclient-3.4.1.jar:/home/runner/.m2/repository/org/apache/hadoop/hadoop-mapreduce-client-common/3.4.1/hadoop-mapreduce-client-common-3.4.1.jar:/home/runner/.m2/repository/org/apache/hadoop/hadoop-minikdc/3.4.1/hadoop-minikdc-3.4.1.jar:/home/runner/.m2/repository/org/apache/kerby/kerb-simplekdc/2.0.3/kerb-simplekdc-2.0.3.jar:/home/runner/.m2/repository/org/apache/kerby/kerb-client/2.0.3/kerb-client-2.0.3.jar:/home/runner/.m2/repository/org/apache/kerby/kerb-common/2.0.3/kerb-common-2.0.3.jar:/home/runner/.m2/repository/org/apache/kerby/token-provider/2.0.3/token-provider-2.0.3.jar:/home/runner/.m2/repository/org/apache/kerby/kerb-admin/2.0.3/kerb-admin-2.0.3.jar:/home/runner/.m2/repository/org/apache/kerby/kerb-server/2.0.3/kerb-server-2.0.3.jar:/home/runner/.m2/repository/org/apache/kerby/kerb-identity/2.0.3/kerb-identity-2.0.3.jar:/home/runner/.m2/repository/org/apache/kerby/kerby-xdr/2.0.3/kerby-xdr-2.0.3.jar:/home/runner/.m2/repository/junit/junit/4.13.2/junit-4.13.2.jar:/home/runner/.m2/repository/org/hamcrest/hamcrest-core/1.3/hamcrest-core-1.3.jar:/home/runner/.m2/repository/org/apache/httpcomponents/httpclient/4.5.14/httpclient-4.5.14.jar:/home/runner/.m2/repository/org/apache/httpcomponents/httpcore/4.4.16/httpcore-4.4.16.jar:/home/runner/.m2/repository/org/apache/kerby/kerby-util/1.0.1/kerby-util-1.0.1.jar:/home/runner/work/ozone/ozone/hadoop-hdds/client/target/hdds-client-2.1.0-SNAPSHOT.jar:/home/runner/.m2/repository/io/opentracing/opentracing-api/0.33.0/opentracing-api-0.33.0.jar:/home/runner/.m2/repository/io/opentracing/opentracing-util/0.33.0/opentracing-util-0.33.0.jar:/home/runner/.m2/repository/io/opentracing/opentracing-noop/0.33.0/opentracing-noop-0.33.0.jar:/home/runner/work/ozone/ozone/hadoop-hdds/erasurecode/target/hdds-erasurecode-2.1.0-SNAPSHOT.jar:/home/runner/work/ozone/ozone/hadoop-hdds/common/target/hdds-common-2.1.0-SNAPSHOT.jar:/home/runner/.m2/repository/com/fasterxml/jackson/datatype/jackson-datatype-jsr310/2.16.2/jackson-datatype-jsr310-2.16.2.jar:/home/runner/.m2/repository/io/jaegertracing/jaeger-core/1.8.1/jaeger-core-1.8.1.jar:/home/runner/.m2/repository/org/apache/ratis/ratis-netty/3.2.0/ratis-netty-3.2.0.jar:/home/runner/.m2/repository/org/yaml/snakeyaml/2.0/snakeyaml-2.0.jar:/home/runner/.m2/repository/io/jaegertracing/jaeger-client/1.8.1/jaeger-client-1.8.1.jar:/home/runner/.m2/repository/io/jaegertracing/jaeger-thrift/1.8.1/jaeger-thrift-1.8.1.jar:/home/runner/.m2/repository/org/apache/thrift/libthrift/0.15.0/libthrift-0.15.0.jar:/home/runner/.m2/repository/io/jaegertracing/jaeger-tracerresolver/1.8.1/jaeger-tracerresolver-1.8.1.jar:/home/runner/.m2/repository/io/opentracing/contrib/opentracing-tracerresolver/0.1.8/opentracing-tracerresolver-0.1.8.jar:/home/runner/.m2/repository/org/apache/ratis/ratis-metrics-dropwizard3/3.2.0/ratis-metrics-dropwizard3-3.2.0.jar:/home/runner/.m2/repository/org/slf4j/jcl-over-slf4j/2.0.17/jcl-over-slf4j-2.0.17.jar:/home/runner/work/ozone/ozone/hadoop-hdds/common/target/hdds-common-2.1.0-SNAPSHOT-tests.jar:/home/runner/work/ozone/ozone/hadoop-hdds/config/target/hdds-config-2.1.0-SNAPSHOT.jar:/home/runner/work/ozone/ozone/hadoop-hdds/container-service/target/hdds-container-service-2.1.0-SNAPSHOT.jar:/home/runner/.m2/repository/io/netty/netty-buffer/4.1.119.Final/netty-buffer-4.1.119.Final.jar:/home/runner/.m2/repository/io/netty/netty-codec/4.1.119.Final/netty-codec-4.1.119.Final.jar:/home/runner/.m2/repository/io/netty/netty-common/4.1.119.Final/netty-common-4.1.119.Final.jar:/home/runner/.m2/repository/io/netty/netty-transport/4.1.119.Final/netty-transport-4.1.119.Final.jar:/home/runner/.m2/repository/org/apache/logging/log4j/log4j-api/2.25.0/log4j-api-2.25.0.jar:/home/runner/.m2/repository/com/github/luben/zstd-jni/1.5.7-3/zstd-jni-1.5.7-3.jar:/home/runner/.m2/repository/log4j/apache-log4j-extras/1.2.17/apache-log4j-extras-1.2.17.jar:/home/runner/.m2/repository/org/glassfish/jaxb/jaxb-runtime/2.3.9/jaxb-runtime-2.3.9.jar:/home/runner/.m2/repository/org/glassfish/jaxb/txw2/2.3.9/txw2-2.3.9.jar:/home/runner/.m2/repository/com/sun/istack/istack-commons-runtime/3.0.12/istack-commons-runtime-3.0.12.jar:/home/runner/.m2/repository/com/sun/activation/jakarta.activation/1.2.2/jakarta.activation-1.2.2.jar:/home/runner/work/ozone/ozone/hadoop-hdds/container-service/target/hdds-container-service-2.1.0-SNAPSHOT-tests.jar:/home/runner/work/ozone/ozone/hadoop-hdds/interface-admin/target/hdds-interface-admin-2.1.0-SNAPSHOT.jar:/home/runner/work/ozone/ozone/hadoop-hdds/interface-client/target/hdds-interface-client-2.1.0-SNAPSHOT.jar:/home/runner/work/ozone/ozone/hadoop-hdds/interface-server/target/hdds-interface-server-2.1.0-SNAPSHOT.jar:/home/runner/work/ozone/ozone/hadoop-hdds/managed-rocksdb/target/hdds-managed-rocksdb-2.1.0-SNAPSHOT.jar:/home/runner/work/ozone/ozone/hadoop-hdds/rocks-native/target/hdds-rocks-native-2.1.0-SNAPSHOT.jar:/home/runner/work/ozone/ozone/hadoop-hdds/framework/target/hdds-server-framework-2.1.0-SNAPSHOT.jar:/home/runner/.m2/repository/com/github/jnr/jnr-constants/0.10.4/jnr-constants-0.10.4.jar:/home/runner/.m2/repository/com/github/jnr/jnr-posix/3.1.20/jnr-posix-3.1.20.jar:/home/runner/.m2/repository/com/github/jnr/jnr-ffi/2.2.17/jnr-ffi-2.2.17.jar:/home/runner/.m2/repository/com/github/jnr/jffi/1.3.13/jffi-1.3.13.jar:/home/runner/.m2/repository/com/github/jnr/jffi/1.3.13/jffi-1.3.13-native.jar:/home/runner/.m2/repository/org/ow2/asm/asm/9.7.1/asm-9.7.1.jar:/home/runner/.m2/repository/org/ow2/asm/asm-commons/9.7.1/asm-commons-9.7.1.jar:/home/runner/.m2/repository/org/ow2/asm/asm-analysis/9.7.1/asm-analysis-9.7.1.jar:/home/runner/.m2/repository/org/ow2/asm/asm-tree/9.7.1/asm-tree-9.7.1.jar:/home/runner/.m2/repository/org/ow2/asm/asm-util/9.7.1/asm-util-9.7.1.jar:/home/runner/.m2/repository/com/github/jnr/jnr-a64asm/1.0.0/jnr-a64asm-1.0.0.jar:/home/runner/.m2/repository/com/github/jnr/jnr-x86asm/1.0.2/jnr-x86asm-1.0.2.jar:/home/runner/.m2/repository/commons-fileupload/commons-fileupload/1.5/commons-fileupload-1.5.jar:/home/runner/.m2/repository/io/grpc/grpc-api/1.71.0/grpc-api-1.71.0.jar:/home/runner/.m2/repository/io/prometheus/simpleclient/0.16.0/simpleclient-0.16.0.jar:/home/runner/.m2/repository/io/prometheus/simpleclient_common/0.16.0/simpleclient_common-0.16.0.jar:/home/runner/.m2/repository/io/prometheus/simpleclient_dropwizard/0.16.0/simpleclient_dropwizard-0.16.0.jar:/home/runner/.m2/repository/jakarta/ws/rs/jakarta.ws.rs-api/2.1.6/jakarta.ws.rs-api-2.1.6.jar:/home/runner/.m2/repository/org/eclipse/jetty/jetty-http/9.4.57.v20241219/jetty-http-9.4.57.v20241219.jar:/home/runner/.m2/repository/org/glassfish/jersey/containers/jersey-container-servlet-core/2.47/jersey-container-servlet-core-2.47.jar:/home/runner/.m2/repository/org/glassfish/jersey/core/jersey-server/2.47/jersey-server-2.47.jar:/home/runner/.m2/repository/org/glassfish/jersey/core/jersey-client/2.47/jersey-client-2.47.jar:/home/runner/.m2/repository/com/lmax/disruptor/3.4.4/disruptor-3.4.4.jar:/home/runner/.m2/repository/org/apache/logging/log4j/log4j-core/2.25.0/log4j-core-2.25.0.jar:/home/runner/work/ozone/ozone/hadoop-hdds/framework/target/hdds-server-framework-2.1.0-SNAPSHOT-tests.jar:/home/runner/work/ozone/ozone/hadoop-hdds/server-scm/target/hdds-server-scm-2.1.0-SNAPSHOT.jar:/home/runner/work/ozone/ozone/hadoop-hdds/server-scm/target/hdds-server-scm-2.1.0-SNAPSHOT-tests.jar:/home/runner/work/ozone/ozone/hadoop-hdds/test-utils/target/hdds-test-utils-2.1.0-SNAPSHOT-tests.jar:/home/runner/work/ozone/ozone/hadoop-ozone/cli-admin/target/ozone-cli-admin-2.1.0-SNAPSHOT.jar:/home/runner/work/ozone/ozone/hadoop-ozone/cli-shell/target/ozone-cli-shell-2.1.0-SNAPSHOT.jar:/home/runner/.m2/repository/info/picocli/picocli-shell-jline3/4.7.7/picocli-shell-jline3-4.7.7.jar:/home/runner/.m2/repository/org/jline/jline/3.30.4/jline-3.30.4.jar:/home/runner/work/ozone/ozone/hadoop-ozone/client/target/ozone-client-2.1.0-SNAPSHOT.jar:/home/runner/work/ozone/ozone/hadoop-ozone/common/target/ozone-common-2.1.0-SNAPSHOT.jar:/home/runner/.m2/repository/io/grpc/grpc-netty/1.71.0/grpc-netty-1.71.0.jar:/home/runner/.m2/repository/org/codehaus/mojo/animal-sniffer-annotations/1.24/animal-sniffer-annotations-1.24.jar:/home/runner/.m2/repository/io/grpc/grpc-core/1.71.0/grpc-core-1.71.0.jar:/home/runner/.m2/repository/com/google/android/annotations/4.1.1.4/annotations-4.1.1.4.jar:/home/runner/.m2/repository/io/grpc/grpc-context/1.71.0/grpc-context-1.71.0.jar:/home/runner/.m2/repository/io/perfmark/perfmark-api/0.27.0/perfmark-api-0.27.0.jar:/home/runner/.m2/repository/io/grpc/grpc-util/1.71.0/grpc-util-1.71.0.jar:/home/runner/.m2/repository/io/netty/netty-codec-http2/4.1.119.Final/netty-codec-http2-4.1.119.Final.jar:/home/runner/.m2/repository/io/netty/netty-handler-proxy/4.1.119.Final/netty-handler-proxy-4.1.119.Final.jar:/home/runner/.m2/repository/io/netty/netty-tcnative-boringssl-static/2.0.70.Final/netty-tcnative-boringssl-static-2.0.70.Final.jar:/home/runner/.m2/repository/io/netty/netty-tcnative-classes/2.0.70.Final/netty-tcnative-classes-2.0.70.Final.jar:/home/runner/.m2/repository/io/netty/netty-tcnative-boringssl-static/2.0.70.Final/netty-tcnative-boringssl-static-2.0.70.Final-linux-x86_64.jar:/home/runner/.m2/repository/io/netty/netty-tcnative-boringssl-static/2.0.70.Final/netty-tcnative-boringssl-static-2.0.70.Final-linux-aarch_64.jar:/home/runner/.m2/repository/io/netty/netty-tcnative-boringssl-static/2.0.70.Final/netty-tcnative-boringssl-static-2.0.70.Final-osx-x86_64.jar:/home/runner/.m2/repository/io/netty/netty-tcnative-boringssl-static/2.0.70.Final/netty-tcnative-boringssl-static-2.0.70.Final-osx-aarch_64.jar:/home/runner/.m2/repository/io/netty/netty-tcnative-boringssl-static/2.0.70.Final/netty-tcnative-boringssl-static-2.0.70.Final-windows-x86_64.jar:/home/runner/work/ozone/ozone/hadoop-ozone/csi/target/ozone-csi-2.1.0-SNAPSHOT.jar:/home/runner/.m2/repository/io/grpc/grpc-protobuf/1.71.0/grpc-protobuf-1.71.0.jar:/home/runner/.m2/repository/com/google/api/grpc/proto-google-common-protos/2.51.0/proto-google-common-protos-2.51.0.jar:/home/runner/.m2/repository/io/grpc/grpc-protobuf-lite/1.71.0/grpc-protobuf-lite-1.71.0.jar:/home/runner/.m2/repository/io/grpc/grpc-stub/1.71.0/grpc-stub-1.71.0.jar:/home/runner/.m2/repository/io/netty/netty-transport-classes-epoll/4.1.119.Final/netty-transport-classes-epoll-4.1.119.Final.jar:/home/runner/.m2/repository/io/netty/netty-transport-native-unix-common/4.1.119.Final/netty-transport-native-unix-common-4.1.119.Final.jar:/home/runner/.m2/repository/io/netty/netty-transport-native-epoll/4.1.119.Final/netty-transport-native-epoll-4.1.119.Final-linux-x86_64.jar:/home/runner/work/ozone/ozone/hadoop-ozone/ozonefs/target/ozone-filesystem-2.1.0-SNAPSHOT.jar:/home/runner/work/ozone/ozone/hadoop-ozone/ozonefs-common/target/ozone-filesystem-common-2.1.0-SNAPSHOT.jar:/home/runner/work/ozone/ozone/hadoop-ozone/freon/target/ozone-freon-2.1.0-SNAPSHOT.jar:/home/runner/.m2/repository/com/amazonaws/aws-java-sdk-core/1.12.661/aws-java-sdk-core-1.12.661.jar:/home/runner/.m2/repository/com/fasterxml/jackson/dataformat/jackson-dataformat-cbor/2.16.2/jackson-dataformat-cbor-2.16.2.jar:/home/runner/.m2/repository/joda-time/joda-time/2.12.7/joda-time-2.12.7.jar:/home/runner/.m2/repository/com/amazonaws/aws-java-sdk-s3/1.12.661/aws-java-sdk-s3-1.12.661.jar:/home/runner/.m2/repository/com/amazonaws/aws-java-sdk-kms/1.12.661/aws-java-sdk-kms-1.12.661.jar:/home/runner/.m2/repository/com/amazonaws/jmespath-java/1.12.661/jmespath-java-1.12.661.jar:/home/runner/work/ozone/ozone/hadoop-ozone/interface-client/target/ozone-interface-client-2.1.0-SNAPSHOT.jar:/home/runner/work/ozone/ozone/hadoop-ozone/interface-storage/target/ozone-interface-storage-2.1.0-SNAPSHOT.jar:/home/runner/work/ozone/ozone/hadoop-ozone/ozone-manager/target/ozone-manager-2.1.0-SNAPSHOT.jar:/home/runner/.m2/repository/com/sun/jersey/jersey-client/1.19.4/jersey-client-1.19.4.jar:/home/runner/.m2/repository/org/apache/ranger/ranger-plugins-common/2.6.0/ranger-plugins-common-2.6.0.jar:/home/runner/.m2/repository/com/fasterxml/jackson/jaxrs/jackson-jaxrs-base/2.16.2/jackson-jaxrs-base-2.16.2.jar:/home/runner/.m2/repository/com/kstruct/gethostname4j/1.0.0/gethostname4j-1.0.0.jar:/home/runner/.m2/repository/commons-lang/commons-lang/2.6/commons-lang-2.6.jar:/home/runner/.m2/repository/net/java/dev/jna/jna/5.2.0/jna-5.2.0.jar:/home/runner/.m2/repository/net/java/dev/jna/jna-platform/5.2.0/jna-platform-5.2.0.jar:/home/runner/.m2/repository/org/apache/ranger/ranger-plugin-classloader/2.6.0/ranger-plugin-classloader-2.6.0.jar:/home/runner/.m2/repository/org/apache/ranger/ranger-plugins-audit/2.6.0/ranger-plugins-audit-2.6.0.jar:/home/runner/.m2/repository/com/amazonaws/aws-java-sdk-logs/1.12.765/aws-java-sdk-logs-1.12.765.jar:/home/runner/.m2/repository/com/carrotsearch/hppc/0.8.0/hppc-0.8.0.jar:/home/runner/.m2/repository/io/airlift/aircompressor/0.27/aircompressor-0.27.jar:/home/runner/.m2/repository/org/apache/httpcomponents/httpasyncclient/4.1.4/httpasyncclient-4.1.4.jar:/home/runner/.m2/repository/org/apache/httpcomponents/httpcore-nio/4.4.16/httpcore-nio-4.4.16.jar:/home/runner/.m2/repository/org/apache/httpcomponents/httpmime/4.5.13/httpmime-4.5.13.jar:/home/runner/.m2/repository/org/apache/orc/orc-core/1.5.8/orc-core-1.5.8.jar:/home/runner/.m2/repository/org/apache/orc/orc-shims/1.5.8/orc-shims-1.5.8.jar:/home/runner/.m2/repository/org/apache/ranger/ranger-plugins-cred/2.6.0/ranger-plugins-cred-2.6.0.jar:/home/runner/.m2/repository/org/aspectj/aspectjrt/1.9.7/aspectjrt-1.9.7.jar:/home/runner/work/ozone/ozone/hadoop-ozone/ozone-manager/target/ozone-manager-2.1.0-SNAPSHOT-tests.jar:/home/runner/work/ozone/ozone/hadoop-ozone/mini-cluster/target/ozone-mini-cluster-2.1.0-SNAPSHOT.jar:/home/runner/work/ozone/ozone/hadoop-ozone/recon/target/ozone-recon-2.1.0-SNAPSHOT.jar:/home/runner/.m2/repository/aopalliance/aopalliance/1.0/aopalliance-1.0.jar:/home/runner/.m2/repository/com/google/inject/guice/6.0.0/guice-6.0.0.jar:/home/runner/.m2/repository/jakarta/inject/jakarta.inject-api/2.0.1/jakarta.inject-api-2.0.1.jar:/home/runner/.m2/repository/com/jolbox/bonecp/0.8.0.RELEASE/bonecp-0.8.0.RELEASE.jar:/home/runner/.m2/repository/jakarta/validation/jakarta.validation-api/2.0.2/jakarta.validation-api-2.0.2.jar:/home/runner/.m2/repository/javax/annotation/javax.annotation-api/1.3.2/javax.annotation-api-1.3.2.jar:/home/runner/.m2/repository/javax/inject/javax.inject/1/javax.inject-1.jar:/home/runner/.m2/repository/org/apache/derby/derby/10.14.2.0/derby-10.14.2.0.jar:/home/runner/.m2/repository/org/glassfish/hk2/guice-bridge/2.6.1/guice-bridge-2.6.1.jar:/home/runner/.m2/repository/org/glassfish/hk2/hk2-api/2.6.1/hk2-api-2.6.1.jar:/home/runner/.m2/repository/org/glassfish/hk2/hk2-utils/2.6.1/hk2-utils-2.6.1.jar:/home/runner/.m2/repository/org/glassfish/hk2/external/aopalliance-repackaged/2.6.1/aopalliance-repackaged-2.6.1.jar:/home/runner/.m2/repository/org/glassfish/jersey/core/jersey-common/2.47/jersey-common-2.47.jar:/home/runner/.m2/repository/org/glassfish/hk2/osgi-resource-locator/1.0.3/osgi-resource-locator-1.0.3.jar:/home/runner/.m2/repository/org/jooq/jooq/3.11.10/jooq-3.11.10.jar:/home/runner/.m2/repository/org/springframework/spring-core/5.3.39/spring-core-5.3.39.jar:/home/runner/.m2/repository/org/springframework/spring-jdbc/5.3.39/spring-jdbc-5.3.39.jar:/home/runner/.m2/repository/org/springframework/spring-beans/5.3.39/spring-beans-5.3.39.jar:/home/runner/.m2/repository/org/springframework/spring-tx/5.3.39/spring-tx-5.3.39.jar:/home/runner/.m2/repository/org/xerial/sqlite-jdbc/3.50.1.0/sqlite-jdbc-3.50.1.0.jar:/home/runner/.m2/repository/com/google/inject/extensions/guice-assistedinject/6.0.0/guice-assistedinject-6.0.0.jar:/home/runner/.m2/repository/org/glassfish/hk2/external/jakarta.inject/2.6.1/jakarta.inject-2.6.1.jar:/home/runner/.m2/repository/org/glassfish/jersey/inject/jersey-hk2/2.47/jersey-hk2-2.47.jar:/home/runner/.m2/repository/org/glassfish/hk2/hk2-locator/2.6.1/hk2-locator-2.6.1.jar:/home/runner/.m2/repository/org/glassfish/jersey/media/jersey-media-jaxb/2.47/jersey-media-jaxb-2.47.jar:/home/runner/.m2/repository/org/glassfish/jersey/media/jersey-media-json-jackson/2.47/jersey-media-json-jackson-2.47.jar:/home/runner/.m2/repository/org/glassfish/jersey/ext/jersey-entity-filtering/2.47/jersey-entity-filtering-2.47.jar:/home/runner/work/ozone/ozone/hadoop-ozone/recon-codegen/target/ozone-reconcodegen-2.1.0-SNAPSHOT.jar:/home/runner/.m2/repository/org/jooq/jooq-codegen/3.11.10/jooq-codegen-3.11.10.jar:/home/runner/.m2/repository/org/jooq/jooq-meta/3.11.10/jooq-meta-3.11.10.jar:/home/runner/work/ozone/ozone/hadoop-ozone/s3gateway/target/ozone-s3gateway-2.1.0-SNAPSHOT.jar:/home/runner/work/ozone/ozone/hadoop-ozone/tools/target/ozone-tools-2.1.0-SNAPSHOT.jar:/home/runner/.m2/repository/com/github/vlsi/mxgraph/jgraphx/3.9.12/jgraphx-3.9.12.jar:/home/runner/.m2/repository/org/apache/ratis/ratis-shell/3.2.0/ratis-shell-3.2.0.jar:/home/runner/.m2/repository/org/apache/ratis/ratis-tools/3.2.0/ratis-tools-3.2.0.jar:/home/runner/.m2/repository/org/jgrapht/jgrapht-core/1.4.0/jgrapht-core-1.4.0.jar:/home/runner/.m2/repository/org/jheaps/jheaps/0.11/jheaps-0.11.jar:/home/runner/.m2/repository/org/jgrapht/jgrapht-ext/1.4.0/jgrapht-ext-1.4.0.jar:/home/runner/work/ozone/ozone/hadoop-hdds/rocksdb-checkpoint-differ/target/rocksdb-checkpoint-differ-2.1.0-SNAPSHOT.jar:/home/runner/.m2/repository/org/apache/ranger/ranger-intg/2.6.0/ranger-intg-2.6.0.jar:/home/runner/.m2/repository/org/apache/ratis/ratis-client/3.2.0/ratis-client-3.2.0.jar:/home/runner/.m2/repository/org/apache/ratis/ratis-common/3.2.0/ratis-common-3.2.0.jar:/home/runner/.m2/repository/org/apache/ratis/ratis-grpc/3.2.0/ratis-grpc-3.2.0.jar:/home/runner/.m2/repository/org/apache/ratis/ratis-metrics-api/3.2.0/ratis-metrics-api-3.2.0.jar:/home/runner/.m2/repository/org/apache/ratis/ratis-proto/3.2.0/ratis-proto-3.2.0.jar:/home/runner/.m2/repository/org/apache/ratis/ratis-server/3.2.0/ratis-server-3.2.0.jar:/home/runner/.m2/repository/org/apache/ratis/ratis-server-api/3.2.0/ratis-server-api-3.2.0.jar:/home/runner/.m2/repository/org/apache/ratis/ratis-thirdparty-misc/1.0.9/ratis-thirdparty-misc-1.0.9.jar:/home/runner/.m2/repository/org/bouncycastle/bcpkix-jdk18on/1.81/bcpkix-jdk18on-1.81.jar:/home/runner/.m2/repository/org/bouncycastle/bcutil-jdk18on/1.81/bcutil-jdk18on-1.81.jar:/home/runner/.m2/repository/org/hamcrest/hamcrest/2.2/hamcrest-2.2.jar:/home/runner/.m2/repository/org/reflections/reflections/0.10.2/reflections-0.10.2.jar:/home/runner/.m2/repository/org/javassist/javassist/3.30.2-GA/javassist-3.30.2-GA.jar:/home/runner/.m2/repository/org/rocksdb/rocksdbjni/7.7.3/rocksdbjni-7.7.3.jar:/home/runner/.m2/repository/org/slf4j/jul-to-slf4j/2.0.17/jul-to-slf4j-2.0.17.jar:/home/runner/.m2/repository/org/slf4j/slf4j-api/2.0.17/slf4j-api-2.0.17.jar:/home/runner/.m2/repository/org/assertj/assertj-core/3.27.3/assertj-core-3.27.3.jar:/home/runner/.m2/repository/net/bytebuddy/byte-buddy/1.15.11/byte-buddy-1.15.11.jar:/home/runner/.m2/repository/org/junit/jupiter/junit-jupiter-api/5.13.2/junit-jupiter-api-5.13.2.jar:/home/runner/.m2/repository/org/opentest4j/opentest4j/1.3.0/opentest4j-1.3.0.jar:/home/runner/.m2/repository/org/junit/platform/junit-platform-commons/1.13.2/junit-platform-commons-1.13.2.jar:/home/runner/.m2/repository/org/apiguardian/apiguardian-api/1.1.2/apiguardian-api-1.1.2.jar:/home/runner/.m2/repository/org/junit/jupiter/junit-jupiter-params/5.13.2/junit-jupiter-params-5.13.2.jar:/home/runner/.m2/repository/org/mockito/mockito-core/4.11.0/mockito-core-4.11.0.jar:/home/runner/.m2/repository/net/bytebuddy/byte-buddy-agent/1.12.19/byte-buddy-agent-1.12.19.jar:/home/runner/.m2/repository/org/objenesis/objenesis/3.3/objenesis-3.3.jar:/home/runner/.m2/repository/org/mockito/mockito-inline/4.11.0/mockito-inline-4.11.0.jar:/home/runner/.m2/repository/org/mockito/mockito-junit-jupiter/4.11.0/mockito-junit-jupiter-4.11.0.jar:/home/runner/work/ozone/ozone/hadoop-ozone/integration-test/target/gradle-enterprise/test-listeners.jar:"/>
    <property name="java.vm.vendor" value="Eclipse Adoptium"/>
    <property name="sun.arch.data.model" value="64"/>
    <property name="test.build.dir" value="/home/runner/work/ozone/ozone/hadoop-ozone/integration-test/target/test-dir"/>
    <property name="sun.security.krb5.debug" value="false"/>
    <property name="test.cache.data" value=""/>
    <property name="java.vendor.url" value="https://adoptium.net/"/>
    <property name="user.timezone" value="Etc/UTC"/>
    <property name="maven-surefire-plugin.argLineAccessArgs" value=" --add-opens java.management/com.sun.jmx.mbeanserver=ALL-UNNAMED --add-exports java.management/com.sun.jmx.mbeanserver=ALL-UNNAMED --add-opens java.base/java.nio=ALL-UNNAMED --add-opens java.base/java.lang=ALL-UNNAMED --add-opens java.base/java.lang.reflect=ALL-UNNAMED"/>
    <property name="java.vm.specification.version" value="21"/>
    <property name="os.name" value="Linux"/>
    <property name="test.build.data" value="/home/runner/work/ozone/ozone/hadoop-ozone/integration-test/target/test-dir"/>
    <property name="sun.java.launcher" value="SUN_STANDARD"/>
    <property name="sun.boot.library.path" value="/usr/lib/jvm/temurin-21-jdk-amd64/lib"/>
    <property name="sun.java.command" value="/home/runner/work/ozone/ozone/hadoop-ozone/integration-test/target/surefire/surefirebooter-20250702183824810_938.jar /home/runner/work/ozone/ozone/hadoop-ozone/integration-test/target/surefire 2025-07-02T18-29-15_186-jvmRun1 surefire-20250702183824810_936tmp surefire_140-20250702183824810_937tmp"/>
    <property name="jdk.debug" value="release"/>
    <property name="native.lib.tmp.dir" value="/tmp"/>
    <property name="surefire.test.class.path" value="/home/runner/work/ozone/ozone/hadoop-ozone/integration-test/target/test-classes:/home/runner/work/ozone/ozone/hadoop-ozone/integration-test/target/classes:/home/runner/.m2/repository/ch/qos/reload4j/reload4j/1.2.26/reload4j-1.2.26.jar:/home/runner/.m2/repository/com/fasterxml/jackson/core/jackson-core/2.16.2/jackson-core-2.16.2.jar:/home/runner/.m2/repository/com/fasterxml/jackson/core/jackson-databind/2.16.2/jackson-databind-2.16.2.jar:/home/runner/.m2/repository/com/fasterxml/jackson/core/jackson-annotations/2.16.2/jackson-annotations-2.16.2.jar:/home/runner/.m2/repository/com/github/stephenc/jcip/jcip-annotations/1.0-1/jcip-annotations-1.0-1.jar:/home/runner/.m2/repository/com/google/guava/guava/32.1.3-jre/guava-32.1.3-jre.jar:/home/runner/.m2/repository/com/google/guava/failureaccess/1.0.1/failureaccess-1.0.1.jar:/home/runner/.m2/repository/com/google/guava/listenablefuture/9999.0-empty-to-avoid-conflict-with-guava/listenablefuture-9999.0-empty-to-avoid-conflict-with-guava.jar:/home/runner/.m2/repository/org/checkerframework/checker-qual/3.37.0/checker-qual-3.37.0.jar:/home/runner/.m2/repository/com/google/errorprone/error_prone_annotations/2.29.2/error_prone_annotations-2.29.2.jar:/home/runner/.m2/repository/com/google/j2objc/j2objc-annotations/2.8/j2objc-annotations-2.8.jar:/home/runner/.m2/repository/com/google/protobuf/protobuf-java/2.5.0/protobuf-java-2.5.0.jar:/home/runner/.m2/repository/com/squareup/okhttp3/okhttp/4.12.0/okhttp-4.12.0.jar:/home/runner/.m2/repository/com/squareup/okio/okio/3.6.0/okio-3.6.0.jar:/home/runner/.m2/repository/com/squareup/okio/okio-jvm/3.6.0/okio-jvm-3.6.0.jar:/home/runner/.m2/repository/org/jetbrains/kotlin/kotlin-stdlib-common/1.9.25/kotlin-stdlib-common-1.9.25.jar:/home/runner/.m2/repository/org/jetbrains/kotlin/kotlin-stdlib-jdk8/1.9.25/kotlin-stdlib-jdk8-1.9.25.jar:/home/runner/.m2/repository/org/jetbrains/kotlin/kotlin-stdlib/1.9.25/kotlin-stdlib-1.9.25.jar:/home/runner/.m2/repository/org/jetbrains/annotations/13.0/annotations-13.0.jar:/home/runner/.m2/repository/org/jetbrains/kotlin/kotlin-stdlib-jdk7/1.9.25/kotlin-stdlib-jdk7-1.9.25.jar:/home/runner/.m2/repository/commons-codec/commons-codec/1.18.0/commons-codec-1.18.0.jar:/home/runner/.m2/repository/commons-io/commons-io/2.18.0/commons-io-2.18.0.jar:/home/runner/.m2/repository/commons-validator/commons-validator/1.6/commons-validator-1.6.jar:/home/runner/.m2/repository/commons-beanutils/commons-beanutils/1.11.0/commons-beanutils-1.11.0.jar:/home/runner/.m2/repository/commons-digester/commons-digester/1.8.1/commons-digester-1.8.1.jar:/home/runner/.m2/repository/commons-collections/commons-collections/3.2.2/commons-collections-3.2.2.jar:/home/runner/.m2/repository/info/picocli/picocli/4.7.7/picocli-4.7.7.jar:/home/runner/.m2/repository/jakarta/annotation/jakarta.annotation-api/2.1.1/jakarta.annotation-api-2.1.1.jar:/home/runner/.m2/repository/jakarta/xml/bind/jakarta.xml.bind-api/2.3.3/jakarta.xml.bind-api-2.3.3.jar:/home/runner/.m2/repository/jakarta/activation/jakarta.activation-api/1.2.2/jakarta.activation-api-1.2.2.jar:/home/runner/.m2/repository/javax/servlet/javax.servlet-api/3.1.0/javax.servlet-api-3.1.0.jar:/home/runner/.m2/repository/javax/ws/rs/jsr311-api/1.1.1/jsr311-api-1.1.1.jar:/home/runner/.m2/repository/org/apache/commons/commons-compress/1.27.1/commons-compress-1.27.1.jar:/home/runner/.m2/repository/org/apache/commons/commons-lang3/3.17.0/commons-lang3-3.17.0.jar:/home/runner/.m2/repository/org/apache/commons/commons-text/1.13.1/commons-text-1.13.1.jar:/home/runner/.m2/repository/org/apache/hadoop/hadoop-auth/3.4.1/hadoop-auth-3.4.1.jar:/home/runner/.m2/repository/com/nimbusds/nimbus-jose-jwt/9.40/nimbus-jose-jwt-9.40.jar:/home/runner/.m2/repository/io/dropwizard/metrics/metrics-core/3.2.6/metrics-core-3.2.6.jar:/home/runner/.m2/repository/org/apache/kerby/kerb-core/1.0.1/kerb-core-1.0.1.jar:/home/runner/.m2/repository/org/apache/kerby/kerby-pkix/1.0.1/kerby-pkix-1.0.1.jar:/home/runner/.m2/repository/org/apache/kerby/kerby-asn1/1.0.1/kerby-asn1-1.0.1.jar:/home/runner/.m2/repository/org/apache/kerby/kerb-util/1.0.1/kerb-util-1.0.1.jar:/home/runner/.m2/repository/org/apache/kerby/kerby-config/1.0.1/kerby-config-1.0.1.jar:/home/runner/.m2/repository/org/apache/kerby/kerb-crypto/1.0.1/kerb-crypto-1.0.1.jar:/home/runner/.m2/repository/org/apache/hadoop/thirdparty/hadoop-shaded-guava/1.3.0/hadoop-shaded-guava-1.3.0.jar:/home/runner/.m2/repository/org/apache/hadoop/hadoop-common/3.4.1/hadoop-common-3.4.1.jar:/home/runner/.m2/repository/org/apache/hadoop/thirdparty/hadoop-shaded-protobuf_3_25/1.4.0/hadoop-shaded-protobuf_3_25-1.4.0.jar:/home/runner/.m2/repository/org/apache/hadoop/hadoop-annotations/3.4.1/hadoop-annotations-3.4.1.jar:/home/runner/.m2/repository/commons-cli/commons-cli/1.8.0/commons-cli-1.8.0.jar:/home/runner/.m2/repository/commons-net/commons-net/3.11.1/commons-net-3.11.1.jar:/home/runner/.m2/repository/org/eclipse/jetty/jetty-server/9.4.57.v20241219/jetty-server-9.4.57.v20241219.jar:/home/runner/.m2/repository/org/eclipse/jetty/jetty-io/9.4.57.v20241219/jetty-io-9.4.57.v20241219.jar:/home/runner/.m2/repository/org/eclipse/jetty/jetty-util/9.4.57.v20241219/jetty-util-9.4.57.v20241219.jar:/home/runner/.m2/repository/org/eclipse/jetty/jetty-servlet/9.4.57.v20241219/jetty-servlet-9.4.57.v20241219.jar:/home/runner/.m2/repository/org/eclipse/jetty/jetty-security/9.4.57.v20241219/jetty-security-9.4.57.v20241219.jar:/home/runner/.m2/repository/org/eclipse/jetty/jetty-webapp/9.4.57.v20241219/jetty-webapp-9.4.57.v20241219.jar:/home/runner/.m2/repository/org/eclipse/jetty/jetty-xml/9.4.57.v20241219/jetty-xml-9.4.57.v20241219.jar:/home/runner/.m2/repository/javax/servlet/jsp/jsp-api/2.1/jsp-api-2.1.jar:/home/runner/.m2/repository/org/codehaus/jettison/jettison/1.5.4/jettison-1.5.4.jar:/home/runner/.m2/repository/org/apache/commons/commons-configuration2/2.12.0/commons-configuration2-2.12.0.jar:/home/runner/.m2/repository/com/google/re2j/re2j/1.7/re2j-1.7.jar:/home/runner/.m2/repository/com/google/code/gson/gson/2.10.1/gson-2.10.1.jar:/home/runner/.m2/repository/com/jcraft/jsch/0.1.55/jsch-0.1.55.jar:/home/runner/.m2/repository/io/netty/netty-handler/4.1.119.Final/netty-handler-4.1.119.Final.jar:/home/runner/.m2/repository/io/netty/netty-resolver/4.1.119.Final/netty-resolver-4.1.119.Final.jar:/home/runner/.m2/repository/io/netty/netty-transport-native-epoll/4.1.119.Final/netty-transport-native-epoll-4.1.119.Final.jar:/home/runner/.m2/repository/org/bouncycastle/bcprov-jdk18on/1.81/bcprov-jdk18on-1.81.jar:/home/runner/.m2/repository/org/codehaus/woodstox/stax2-api/4.2.1/stax2-api-4.2.1.jar:/home/runner/.m2/repository/com/fasterxml/woodstox/woodstox-core/5.4.0/woodstox-core-5.4.0.jar:/home/runner/.m2/repository/dnsjava/dnsjava/3.6.1/dnsjava-3.6.1.jar:/home/runner/.m2/repository/org/apache/hadoop/hadoop-common/3.4.1/hadoop-common-3.4.1-tests.jar:/home/runner/.m2/repository/org/apache/commons/commons-math3/3.6.1/commons-math3-3.6.1.jar:/home/runner/.m2/repository/com/sun/jersey/jersey-core/1.19.4/jersey-core-1.19.4.jar:/home/runner/.m2/repository/com/sun/jersey/jersey-servlet/1.19.4/jersey-servlet-1.19.4.jar:/home/runner/.m2/repository/com/github/pjfanning/jersey-json/1.22.0/jersey-json-1.22.0.jar:/home/runner/.m2/repository/com/sun/xml/bind/jaxb-impl/2.2.3-1/jaxb-impl-2.2.3-1.jar:/home/runner/.m2/repository/com/sun/jersey/jersey-server/1.19.4/jersey-server-1.19.4.jar:/home/runner/.m2/repository/org/slf4j/slf4j-reload4j/2.0.17/slf4j-reload4j-2.0.17.jar:/home/runner/.m2/repository/org/apache/avro/avro/1.9.2/avro-1.9.2.jar:/home/runner/.m2/repository/org/apache/curator/curator-client/4.2.0/curator-client-4.2.0.jar:/home/runner/.m2/repository/org/apache/curator/curator-recipes/5.2.0/curator-recipes-5.2.0.jar:/home/runner/.m2/repository/org/apache/curator/curator-framework/4.2.0/curator-framework-4.2.0.jar:/home/runner/.m2/repository/com/google/code/findbugs/jsr305/3.0.2/jsr305-3.0.2.jar:/home/runner/.m2/repository/org/apache/zookeeper/zookeeper/3.8.4/zookeeper-3.8.4.jar:/home/runner/.m2/repository/org/apache/zookeeper/zookeeper-jute/3.8.4/zookeeper-jute-3.8.4.jar:/home/runner/.m2/repository/org/apache/yetus/audience-annotations/0.12.0/audience-annotations-0.12.0.jar:/home/runner/.m2/repository/org/xerial/snappy/snappy-java/1.1.10.7/snappy-java-1.1.10.7.jar:/home/runner/.m2/repository/org/apache/hadoop/hadoop-distcp/3.4.1/hadoop-distcp-3.4.1.jar:/home/runner/.m2/repository/org/apache/hadoop/hadoop-distcp/3.4.1/hadoop-distcp-3.4.1-tests.jar:/home/runner/.m2/repository/org/apache/hadoop/hadoop-hdfs/3.4.1/hadoop-hdfs-3.4.1.jar:/home/runner/.m2/repository/org/eclipse/jetty/jetty-util-ajax/9.4.57.v20241219/jetty-util-ajax-9.4.57.v20241219.jar:/home/runner/.m2/repository/commons-daemon/commons-daemon/1.4.0/commons-daemon-1.4.0.jar:/home/runner/.m2/repository/org/apache/hadoop/hadoop-hdfs/3.4.1/hadoop-hdfs-3.4.1-tests.jar:/home/runner/.m2/repository/io/netty/netty-all/4.1.119.Final/netty-all-4.1.119.Final.jar:/home/runner/.m2/repository/io/netty/netty-codec-dns/4.1.119.Final/netty-codec-dns-4.1.119.Final.jar:/home/runner/.m2/repository/io/netty/netty-codec-haproxy/4.1.119.Final/netty-codec-haproxy-4.1.119.Final.jar:/home/runner/.m2/repository/io/netty/netty-codec-http/4.1.119.Final/netty-codec-http-4.1.119.Final.jar:/home/runner/.m2/repository/io/netty/netty-codec-memcache/4.1.119.Final/netty-codec-memcache-4.1.119.Final.jar:/home/runner/.m2/repository/io/netty/netty-codec-mqtt/4.1.119.Final/netty-codec-mqtt-4.1.119.Final.jar:/home/runner/.m2/repository/io/netty/netty-codec-redis/4.1.119.Final/netty-codec-redis-4.1.119.Final.jar:/home/runner/.m2/repository/io/netty/netty-codec-smtp/4.1.119.Final/netty-codec-smtp-4.1.119.Final.jar:/home/runner/.m2/repository/io/netty/netty-codec-socks/4.1.119.Final/netty-codec-socks-4.1.119.Final.jar:/home/runner/.m2/repository/io/netty/netty-codec-stomp/4.1.119.Final/netty-codec-stomp-4.1.119.Final.jar:/home/runner/.m2/repository/io/netty/netty-codec-xml/4.1.119.Final/netty-codec-xml-4.1.119.Final.jar:/home/runner/.m2/repository/io/netty/netty-handler-ssl-ocsp/4.1.119.Final/netty-handler-ssl-ocsp-4.1.119.Final.jar:/home/runner/.m2/repository/io/netty/netty-resolver-dns/4.1.119.Final/netty-resolver-dns-4.1.119.Final.jar:/home/runner/.m2/repository/io/netty/netty-transport-rxtx/4.1.119.Final/netty-transport-rxtx-4.1.119.Final.jar:/home/runner/.m2/repository/io/netty/netty-transport-sctp/4.1.119.Final/netty-transport-sctp-4.1.119.Final.jar:/home/runner/.m2/repository/io/netty/netty-transport-udt/4.1.119.Final/netty-transport-udt-4.1.119.Final.jar:/home/runner/.m2/repository/io/netty/netty-transport-classes-kqueue/4.1.119.Final/netty-transport-classes-kqueue-4.1.119.Final.jar:/home/runner/.m2/repository/io/netty/netty-resolver-dns-classes-macos/4.1.119.Final/netty-resolver-dns-classes-macos-4.1.119.Final.jar:/home/runner/.m2/repository/io/netty/netty-transport-native-epoll/4.1.119.Final/netty-transport-native-epoll-4.1.119.Final-linux-aarch_64.jar:/home/runner/.m2/repository/io/netty/netty-transport-native-epoll/4.1.119.Final/netty-transport-native-epoll-4.1.119.Final-linux-riscv64.jar:/home/runner/.m2/repository/io/netty/netty-transport-native-kqueue/4.1.119.Final/netty-transport-native-kqueue-4.1.119.Final-osx-x86_64.jar:/home/runner/.m2/repository/io/netty/netty-transport-native-kqueue/4.1.119.Final/netty-transport-native-kqueue-4.1.119.Final-osx-aarch_64.jar:/home/runner/.m2/repository/io/netty/netty-resolver-dns-native-macos/4.1.119.Final/netty-resolver-dns-native-macos-4.1.119.Final-osx-x86_64.jar:/home/runner/.m2/repository/io/netty/netty-resolver-dns-native-macos/4.1.119.Final/netty-resolver-dns-native-macos-4.1.119.Final-osx-aarch_64.jar:/home/runner/.m2/repository/org/fusesource/leveldbjni/leveldbjni-all/1.8/leveldbjni-all-1.8.jar:/home/runner/.m2/repository/org/apache/hadoop/hadoop-hdfs-client/3.4.1/hadoop-hdfs-client-3.4.1.jar:/home/runner/.m2/repository/org/apache/hadoop/hadoop-kms/3.4.1/hadoop-kms-3.4.1.jar:/home/runner/.m2/repository/org/apache/hadoop/hadoop-kms/3.4.1/hadoop-kms-3.4.1-tests.jar:/home/runner/.m2/repository/org/apache/hadoop/hadoop-mapreduce-client-core/3.4.1/hadoop-mapreduce-client-core-3.4.1.jar:/home/runner/.m2/repository/org/apache/hadoop/hadoop-yarn-client/3.4.1/hadoop-yarn-client-3.4.1.jar:/home/runner/.m2/repository/org/eclipse/jetty/websocket/websocket-client/9.4.53.v20231009/websocket-client-9.4.53.v20231009.jar:/home/runner/.m2/repository/org/eclipse/jetty/jetty-client/9.4.57.v20241219/jetty-client-9.4.57.v20241219.jar:/home/runner/.m2/repository/org/eclipse/jetty/websocket/websocket-common/9.4.53.v20231009/websocket-common-9.4.53.v20231009.jar:/home/runner/.m2/repository/org/eclipse/jetty/websocket/websocket-api/9.4.53.v20231009/websocket-api-9.4.53.v20231009.jar:/home/runner/.m2/repository/org/apache/hadoop/hadoop-yarn-api/3.4.1/hadoop-yarn-api-3.4.1.jar:/home/runner/.m2/repository/org/apache/hadoop/hadoop-yarn-common/3.4.1/hadoop-yarn-common-3.4.1.jar:/home/runner/.m2/repository/javax/xml/bind/jaxb-api/2.2.11/jaxb-api-2.2.11.jar:/home/runner/.m2/repository/com/sun/jersey/contribs/jersey-guice/1.19.4/jersey-guice-1.19.4.jar:/home/runner/.m2/repository/com/fasterxml/jackson/module/jackson-module-jaxb-annotations/2.16.2/jackson-module-jaxb-annotations-2.16.2.jar:/home/runner/.m2/repository/com/fasterxml/jackson/jaxrs/jackson-jaxrs-json-provider/2.16.2/jackson-jaxrs-json-provider-2.16.2.jar:/home/runner/.m2/repository/com/google/inject/extensions/guice-servlet/6.0.0/guice-servlet-6.0.0.jar:/home/runner/.m2/repository/org/apache/hadoop/hadoop-mapreduce-client-jobclient/3.4.1/hadoop-mapreduce-client-jobclient-3.4.1.jar:/home/runner/.m2/repository/org/apache/hadoop/hadoop-mapreduce-client-common/3.4.1/hadoop-mapreduce-client-common-3.4.1.jar:/home/runner/.m2/repository/org/apache/hadoop/hadoop-minikdc/3.4.1/hadoop-minikdc-3.4.1.jar:/home/runner/.m2/repository/org/apache/kerby/kerb-simplekdc/2.0.3/kerb-simplekdc-2.0.3.jar:/home/runner/.m2/repository/org/apache/kerby/kerb-client/2.0.3/kerb-client-2.0.3.jar:/home/runner/.m2/repository/org/apache/kerby/kerb-common/2.0.3/kerb-common-2.0.3.jar:/home/runner/.m2/repository/org/apache/kerby/token-provider/2.0.3/token-provider-2.0.3.jar:/home/runner/.m2/repository/org/apache/kerby/kerb-admin/2.0.3/kerb-admin-2.0.3.jar:/home/runner/.m2/repository/org/apache/kerby/kerb-server/2.0.3/kerb-server-2.0.3.jar:/home/runner/.m2/repository/org/apache/kerby/kerb-identity/2.0.3/kerb-identity-2.0.3.jar:/home/runner/.m2/repository/org/apache/kerby/kerby-xdr/2.0.3/kerby-xdr-2.0.3.jar:/home/runner/.m2/repository/junit/junit/4.13.2/junit-4.13.2.jar:/home/runner/.m2/repository/org/hamcrest/hamcrest-core/1.3/hamcrest-core-1.3.jar:/home/runner/.m2/repository/org/apache/httpcomponents/httpclient/4.5.14/httpclient-4.5.14.jar:/home/runner/.m2/repository/org/apache/httpcomponents/httpcore/4.4.16/httpcore-4.4.16.jar:/home/runner/.m2/repository/org/apache/kerby/kerby-util/1.0.1/kerby-util-1.0.1.jar:/home/runner/work/ozone/ozone/hadoop-hdds/client/target/hdds-client-2.1.0-SNAPSHOT.jar:/home/runner/.m2/repository/io/opentracing/opentracing-api/0.33.0/opentracing-api-0.33.0.jar:/home/runner/.m2/repository/io/opentracing/opentracing-util/0.33.0/opentracing-util-0.33.0.jar:/home/runner/.m2/repository/io/opentracing/opentracing-noop/0.33.0/opentracing-noop-0.33.0.jar:/home/runner/work/ozone/ozone/hadoop-hdds/erasurecode/target/hdds-erasurecode-2.1.0-SNAPSHOT.jar:/home/runner/work/ozone/ozone/hadoop-hdds/common/target/hdds-common-2.1.0-SNAPSHOT.jar:/home/runner/.m2/repository/com/fasterxml/jackson/datatype/jackson-datatype-jsr310/2.16.2/jackson-datatype-jsr310-2.16.2.jar:/home/runner/.m2/repository/io/jaegertracing/jaeger-core/1.8.1/jaeger-core-1.8.1.jar:/home/runner/.m2/repository/org/apache/ratis/ratis-netty/3.2.0/ratis-netty-3.2.0.jar:/home/runner/.m2/repository/org/yaml/snakeyaml/2.0/snakeyaml-2.0.jar:/home/runner/.m2/repository/io/jaegertracing/jaeger-client/1.8.1/jaeger-client-1.8.1.jar:/home/runner/.m2/repository/io/jaegertracing/jaeger-thrift/1.8.1/jaeger-thrift-1.8.1.jar:/home/runner/.m2/repository/org/apache/thrift/libthrift/0.15.0/libthrift-0.15.0.jar:/home/runner/.m2/repository/io/jaegertracing/jaeger-tracerresolver/1.8.1/jaeger-tracerresolver-1.8.1.jar:/home/runner/.m2/repository/io/opentracing/contrib/opentracing-tracerresolver/0.1.8/opentracing-tracerresolver-0.1.8.jar:/home/runner/.m2/repository/org/apache/ratis/ratis-metrics-dropwizard3/3.2.0/ratis-metrics-dropwizard3-3.2.0.jar:/home/runner/.m2/repository/org/slf4j/jcl-over-slf4j/2.0.17/jcl-over-slf4j-2.0.17.jar:/home/runner/work/ozone/ozone/hadoop-hdds/common/target/hdds-common-2.1.0-SNAPSHOT-tests.jar:/home/runner/work/ozone/ozone/hadoop-hdds/config/target/hdds-config-2.1.0-SNAPSHOT.jar:/home/runner/work/ozone/ozone/hadoop-hdds/container-service/target/hdds-container-service-2.1.0-SNAPSHOT.jar:/home/runner/.m2/repository/io/netty/netty-buffer/4.1.119.Final/netty-buffer-4.1.119.Final.jar:/home/runner/.m2/repository/io/netty/netty-codec/4.1.119.Final/netty-codec-4.1.119.Final.jar:/home/runner/.m2/repository/io/netty/netty-common/4.1.119.Final/netty-common-4.1.119.Final.jar:/home/runner/.m2/repository/io/netty/netty-transport/4.1.119.Final/netty-transport-4.1.119.Final.jar:/home/runner/.m2/repository/org/apache/logging/log4j/log4j-api/2.25.0/log4j-api-2.25.0.jar:/home/runner/.m2/repository/com/github/luben/zstd-jni/1.5.7-3/zstd-jni-1.5.7-3.jar:/home/runner/.m2/repository/log4j/apache-log4j-extras/1.2.17/apache-log4j-extras-1.2.17.jar:/home/runner/.m2/repository/org/glassfish/jaxb/jaxb-runtime/2.3.9/jaxb-runtime-2.3.9.jar:/home/runner/.m2/repository/org/glassfish/jaxb/txw2/2.3.9/txw2-2.3.9.jar:/home/runner/.m2/repository/com/sun/istack/istack-commons-runtime/3.0.12/istack-commons-runtime-3.0.12.jar:/home/runner/.m2/repository/com/sun/activation/jakarta.activation/1.2.2/jakarta.activation-1.2.2.jar:/home/runner/work/ozone/ozone/hadoop-hdds/container-service/target/hdds-container-service-2.1.0-SNAPSHOT-tests.jar:/home/runner/work/ozone/ozone/hadoop-hdds/interface-admin/target/hdds-interface-admin-2.1.0-SNAPSHOT.jar:/home/runner/work/ozone/ozone/hadoop-hdds/interface-client/target/hdds-interface-client-2.1.0-SNAPSHOT.jar:/home/runner/work/ozone/ozone/hadoop-hdds/interface-server/target/hdds-interface-server-2.1.0-SNAPSHOT.jar:/home/runner/work/ozone/ozone/hadoop-hdds/managed-rocksdb/target/hdds-managed-rocksdb-2.1.0-SNAPSHOT.jar:/home/runner/work/ozone/ozone/hadoop-hdds/rocks-native/target/hdds-rocks-native-2.1.0-SNAPSHOT.jar:/home/runner/work/ozone/ozone/hadoop-hdds/framework/target/hdds-server-framework-2.1.0-SNAPSHOT.jar:/home/runner/.m2/repository/com/github/jnr/jnr-constants/0.10.4/jnr-constants-0.10.4.jar:/home/runner/.m2/repository/com/github/jnr/jnr-posix/3.1.20/jnr-posix-3.1.20.jar:/home/runner/.m2/repository/com/github/jnr/jnr-ffi/2.2.17/jnr-ffi-2.2.17.jar:/home/runner/.m2/repository/com/github/jnr/jffi/1.3.13/jffi-1.3.13.jar:/home/runner/.m2/repository/com/github/jnr/jffi/1.3.13/jffi-1.3.13-native.jar:/home/runner/.m2/repository/org/ow2/asm/asm/9.7.1/asm-9.7.1.jar:/home/runner/.m2/repository/org/ow2/asm/asm-commons/9.7.1/asm-commons-9.7.1.jar:/home/runner/.m2/repository/org/ow2/asm/asm-analysis/9.7.1/asm-analysis-9.7.1.jar:/home/runner/.m2/repository/org/ow2/asm/asm-tree/9.7.1/asm-tree-9.7.1.jar:/home/runner/.m2/repository/org/ow2/asm/asm-util/9.7.1/asm-util-9.7.1.jar:/home/runner/.m2/repository/com/github/jnr/jnr-a64asm/1.0.0/jnr-a64asm-1.0.0.jar:/home/runner/.m2/repository/com/github/jnr/jnr-x86asm/1.0.2/jnr-x86asm-1.0.2.jar:/home/runner/.m2/repository/commons-fileupload/commons-fileupload/1.5/commons-fileupload-1.5.jar:/home/runner/.m2/repository/io/grpc/grpc-api/1.71.0/grpc-api-1.71.0.jar:/home/runner/.m2/repository/io/prometheus/simpleclient/0.16.0/simpleclient-0.16.0.jar:/home/runner/.m2/repository/io/prometheus/simpleclient_common/0.16.0/simpleclient_common-0.16.0.jar:/home/runner/.m2/repository/io/prometheus/simpleclient_dropwizard/0.16.0/simpleclient_dropwizard-0.16.0.jar:/home/runner/.m2/repository/jakarta/ws/rs/jakarta.ws.rs-api/2.1.6/jakarta.ws.rs-api-2.1.6.jar:/home/runner/.m2/repository/org/eclipse/jetty/jetty-http/9.4.57.v20241219/jetty-http-9.4.57.v20241219.jar:/home/runner/.m2/repository/org/glassfish/jersey/containers/jersey-container-servlet-core/2.47/jersey-container-servlet-core-2.47.jar:/home/runner/.m2/repository/org/glassfish/jersey/core/jersey-server/2.47/jersey-server-2.47.jar:/home/runner/.m2/repository/org/glassfish/jersey/core/jersey-client/2.47/jersey-client-2.47.jar:/home/runner/.m2/repository/com/lmax/disruptor/3.4.4/disruptor-3.4.4.jar:/home/runner/.m2/repository/org/apache/logging/log4j/log4j-core/2.25.0/log4j-core-2.25.0.jar:/home/runner/work/ozone/ozone/hadoop-hdds/framework/target/hdds-server-framework-2.1.0-SNAPSHOT-tests.jar:/home/runner/work/ozone/ozone/hadoop-hdds/server-scm/target/hdds-server-scm-2.1.0-SNAPSHOT.jar:/home/runner/work/ozone/ozone/hadoop-hdds/server-scm/target/hdds-server-scm-2.1.0-SNAPSHOT-tests.jar:/home/runner/work/ozone/ozone/hadoop-hdds/test-utils/target/hdds-test-utils-2.1.0-SNAPSHOT-tests.jar:/home/runner/work/ozone/ozone/hadoop-ozone/cli-admin/target/ozone-cli-admin-2.1.0-SNAPSHOT.jar:/home/runner/work/ozone/ozone/hadoop-ozone/cli-shell/target/ozone-cli-shell-2.1.0-SNAPSHOT.jar:/home/runner/.m2/repository/info/picocli/picocli-shell-jline3/4.7.7/picocli-shell-jline3-4.7.7.jar:/home/runner/.m2/repository/org/jline/jline/3.30.4/jline-3.30.4.jar:/home/runner/work/ozone/ozone/hadoop-ozone/client/target/ozone-client-2.1.0-SNAPSHOT.jar:/home/runner/work/ozone/ozone/hadoop-ozone/common/target/ozone-common-2.1.0-SNAPSHOT.jar:/home/runner/.m2/repository/io/grpc/grpc-netty/1.71.0/grpc-netty-1.71.0.jar:/home/runner/.m2/repository/org/codehaus/mojo/animal-sniffer-annotations/1.24/animal-sniffer-annotations-1.24.jar:/home/runner/.m2/repository/io/grpc/grpc-core/1.71.0/grpc-core-1.71.0.jar:/home/runner/.m2/repository/com/google/android/annotations/4.1.1.4/annotations-4.1.1.4.jar:/home/runner/.m2/repository/io/grpc/grpc-context/1.71.0/grpc-context-1.71.0.jar:/home/runner/.m2/repository/io/perfmark/perfmark-api/0.27.0/perfmark-api-0.27.0.jar:/home/runner/.m2/repository/io/grpc/grpc-util/1.71.0/grpc-util-1.71.0.jar:/home/runner/.m2/repository/io/netty/netty-codec-http2/4.1.119.Final/netty-codec-http2-4.1.119.Final.jar:/home/runner/.m2/repository/io/netty/netty-handler-proxy/4.1.119.Final/netty-handler-proxy-4.1.119.Final.jar:/home/runner/.m2/repository/io/netty/netty-tcnative-boringssl-static/2.0.70.Final/netty-tcnative-boringssl-static-2.0.70.Final.jar:/home/runner/.m2/repository/io/netty/netty-tcnative-classes/2.0.70.Final/netty-tcnative-classes-2.0.70.Final.jar:/home/runner/.m2/repository/io/netty/netty-tcnative-boringssl-static/2.0.70.Final/netty-tcnative-boringssl-static-2.0.70.Final-linux-x86_64.jar:/home/runner/.m2/repository/io/netty/netty-tcnative-boringssl-static/2.0.70.Final/netty-tcnative-boringssl-static-2.0.70.Final-linux-aarch_64.jar:/home/runner/.m2/repository/io/netty/netty-tcnative-boringssl-static/2.0.70.Final/netty-tcnative-boringssl-static-2.0.70.Final-osx-x86_64.jar:/home/runner/.m2/repository/io/netty/netty-tcnative-boringssl-static/2.0.70.Final/netty-tcnative-boringssl-static-2.0.70.Final-osx-aarch_64.jar:/home/runner/.m2/repository/io/netty/netty-tcnative-boringssl-static/2.0.70.Final/netty-tcnative-boringssl-static-2.0.70.Final-windows-x86_64.jar:/home/runner/work/ozone/ozone/hadoop-ozone/csi/target/ozone-csi-2.1.0-SNAPSHOT.jar:/home/runner/.m2/repository/io/grpc/grpc-protobuf/1.71.0/grpc-protobuf-1.71.0.jar:/home/runner/.m2/repository/com/google/api/grpc/proto-google-common-protos/2.51.0/proto-google-common-protos-2.51.0.jar:/home/runner/.m2/repository/io/grpc/grpc-protobuf-lite/1.71.0/grpc-protobuf-lite-1.71.0.jar:/home/runner/.m2/repository/io/grpc/grpc-stub/1.71.0/grpc-stub-1.71.0.jar:/home/runner/.m2/repository/io/netty/netty-transport-classes-epoll/4.1.119.Final/netty-transport-classes-epoll-4.1.119.Final.jar:/home/runner/.m2/repository/io/netty/netty-transport-native-unix-common/4.1.119.Final/netty-transport-native-unix-common-4.1.119.Final.jar:/home/runner/.m2/repository/io/netty/netty-transport-native-epoll/4.1.119.Final/netty-transport-native-epoll-4.1.119.Final-linux-x86_64.jar:/home/runner/work/ozone/ozone/hadoop-ozone/ozonefs/target/ozone-filesystem-2.1.0-SNAPSHOT.jar:/home/runner/work/ozone/ozone/hadoop-ozone/ozonefs-common/target/ozone-filesystem-common-2.1.0-SNAPSHOT.jar:/home/runner/work/ozone/ozone/hadoop-ozone/freon/target/ozone-freon-2.1.0-SNAPSHOT.jar:/home/runner/.m2/repository/com/amazonaws/aws-java-sdk-core/1.12.661/aws-java-sdk-core-1.12.661.jar:/home/runner/.m2/repository/com/fasterxml/jackson/dataformat/jackson-dataformat-cbor/2.16.2/jackson-dataformat-cbor-2.16.2.jar:/home/runner/.m2/repository/joda-time/joda-time/2.12.7/joda-time-2.12.7.jar:/home/runner/.m2/repository/com/amazonaws/aws-java-sdk-s3/1.12.661/aws-java-sdk-s3-1.12.661.jar:/home/runner/.m2/repository/com/amazonaws/aws-java-sdk-kms/1.12.661/aws-java-sdk-kms-1.12.661.jar:/home/runner/.m2/repository/com/amazonaws/jmespath-java/1.12.661/jmespath-java-1.12.661.jar:/home/runner/work/ozone/ozone/hadoop-ozone/interface-client/target/ozone-interface-client-2.1.0-SNAPSHOT.jar:/home/runner/work/ozone/ozone/hadoop-ozone/interface-storage/target/ozone-interface-storage-2.1.0-SNAPSHOT.jar:/home/runner/work/ozone/ozone/hadoop-ozone/ozone-manager/target/ozone-manager-2.1.0-SNAPSHOT.jar:/home/runner/.m2/repository/com/sun/jersey/jersey-client/1.19.4/jersey-client-1.19.4.jar:/home/runner/.m2/repository/org/apache/ranger/ranger-plugins-common/2.6.0/ranger-plugins-common-2.6.0.jar:/home/runner/.m2/repository/com/fasterxml/jackson/jaxrs/jackson-jaxrs-base/2.16.2/jackson-jaxrs-base-2.16.2.jar:/home/runner/.m2/repository/com/kstruct/gethostname4j/1.0.0/gethostname4j-1.0.0.jar:/home/runner/.m2/repository/commons-lang/commons-lang/2.6/commons-lang-2.6.jar:/home/runner/.m2/repository/net/java/dev/jna/jna/5.2.0/jna-5.2.0.jar:/home/runner/.m2/repository/net/java/dev/jna/jna-platform/5.2.0/jna-platform-5.2.0.jar:/home/runner/.m2/repository/org/apache/ranger/ranger-plugin-classloader/2.6.0/ranger-plugin-classloader-2.6.0.jar:/home/runner/.m2/repository/org/apache/ranger/ranger-plugins-audit/2.6.0/ranger-plugins-audit-2.6.0.jar:/home/runner/.m2/repository/com/amazonaws/aws-java-sdk-logs/1.12.765/aws-java-sdk-logs-1.12.765.jar:/home/runner/.m2/repository/com/carrotsearch/hppc/0.8.0/hppc-0.8.0.jar:/home/runner/.m2/repository/io/airlift/aircompressor/0.27/aircompressor-0.27.jar:/home/runner/.m2/repository/org/apache/httpcomponents/httpasyncclient/4.1.4/httpasyncclient-4.1.4.jar:/home/runner/.m2/repository/org/apache/httpcomponents/httpcore-nio/4.4.16/httpcore-nio-4.4.16.jar:/home/runner/.m2/repository/org/apache/httpcomponents/httpmime/4.5.13/httpmime-4.5.13.jar:/home/runner/.m2/repository/org/apache/orc/orc-core/1.5.8/orc-core-1.5.8.jar:/home/runner/.m2/repository/org/apache/orc/orc-shims/1.5.8/orc-shims-1.5.8.jar:/home/runner/.m2/repository/org/apache/ranger/ranger-plugins-cred/2.6.0/ranger-plugins-cred-2.6.0.jar:/home/runner/.m2/repository/org/aspectj/aspectjrt/1.9.7/aspectjrt-1.9.7.jar:/home/runner/work/ozone/ozone/hadoop-ozone/ozone-manager/target/ozone-manager-2.1.0-SNAPSHOT-tests.jar:/home/runner/work/ozone/ozone/hadoop-ozone/mini-cluster/target/ozone-mini-cluster-2.1.0-SNAPSHOT.jar:/home/runner/work/ozone/ozone/hadoop-ozone/recon/target/ozone-recon-2.1.0-SNAPSHOT.jar:/home/runner/.m2/repository/aopalliance/aopalliance/1.0/aopalliance-1.0.jar:/home/runner/.m2/repository/com/google/inject/guice/6.0.0/guice-6.0.0.jar:/home/runner/.m2/repository/jakarta/inject/jakarta.inject-api/2.0.1/jakarta.inject-api-2.0.1.jar:/home/runner/.m2/repository/com/jolbox/bonecp/0.8.0.RELEASE/bonecp-0.8.0.RELEASE.jar:/home/runner/.m2/repository/jakarta/validation/jakarta.validation-api/2.0.2/jakarta.validation-api-2.0.2.jar:/home/runner/.m2/repository/javax/annotation/javax.annotation-api/1.3.2/javax.annotation-api-1.3.2.jar:/home/runner/.m2/repository/javax/inject/javax.inject/1/javax.inject-1.jar:/home/runner/.m2/repository/org/apache/derby/derby/10.14.2.0/derby-10.14.2.0.jar:/home/runner/.m2/repository/org/glassfish/hk2/guice-bridge/2.6.1/guice-bridge-2.6.1.jar:/home/runner/.m2/repository/org/glassfish/hk2/hk2-api/2.6.1/hk2-api-2.6.1.jar:/home/runner/.m2/repository/org/glassfish/hk2/hk2-utils/2.6.1/hk2-utils-2.6.1.jar:/home/runner/.m2/repository/org/glassfish/hk2/external/aopalliance-repackaged/2.6.1/aopalliance-repackaged-2.6.1.jar:/home/runner/.m2/repository/org/glassfish/jersey/core/jersey-common/2.47/jersey-common-2.47.jar:/home/runner/.m2/repository/org/glassfish/hk2/osgi-resource-locator/1.0.3/osgi-resource-locator-1.0.3.jar:/home/runner/.m2/repository/org/jooq/jooq/3.11.10/jooq-3.11.10.jar:/home/runner/.m2/repository/org/springframework/spring-core/5.3.39/spring-core-5.3.39.jar:/home/runner/.m2/repository/org/springframework/spring-jdbc/5.3.39/spring-jdbc-5.3.39.jar:/home/runner/.m2/repository/org/springframework/spring-beans/5.3.39/spring-beans-5.3.39.jar:/home/runner/.m2/repository/org/springframework/spring-tx/5.3.39/spring-tx-5.3.39.jar:/home/runner/.m2/repository/org/xerial/sqlite-jdbc/3.50.1.0/sqlite-jdbc-3.50.1.0.jar:/home/runner/.m2/repository/com/google/inject/extensions/guice-assistedinject/6.0.0/guice-assistedinject-6.0.0.jar:/home/runner/.m2/repository/org/glassfish/hk2/external/jakarta.inject/2.6.1/jakarta.inject-2.6.1.jar:/home/runner/.m2/repository/org/glassfish/jersey/inject/jersey-hk2/2.47/jersey-hk2-2.47.jar:/home/runner/.m2/repository/org/glassfish/hk2/hk2-locator/2.6.1/hk2-locator-2.6.1.jar:/home/runner/.m2/repository/org/glassfish/jersey/media/jersey-media-jaxb/2.47/jersey-media-jaxb-2.47.jar:/home/runner/.m2/repository/org/glassfish/jersey/media/jersey-media-json-jackson/2.47/jersey-media-json-jackson-2.47.jar:/home/runner/.m2/repository/org/glassfish/jersey/ext/jersey-entity-filtering/2.47/jersey-entity-filtering-2.47.jar:/home/runner/work/ozone/ozone/hadoop-ozone/recon-codegen/target/ozone-reconcodegen-2.1.0-SNAPSHOT.jar:/home/runner/.m2/repository/org/jooq/jooq-codegen/3.11.10/jooq-codegen-3.11.10.jar:/home/runner/.m2/repository/org/jooq/jooq-meta/3.11.10/jooq-meta-3.11.10.jar:/home/runner/work/ozone/ozone/hadoop-ozone/s3gateway/target/ozone-s3gateway-2.1.0-SNAPSHOT.jar:/home/runner/work/ozone/ozone/hadoop-ozone/tools/target/ozone-tools-2.1.0-SNAPSHOT.jar:/home/runner/.m2/repository/com/github/vlsi/mxgraph/jgraphx/3.9.12/jgraphx-3.9.12.jar:/home/runner/.m2/repository/org/apache/ratis/ratis-shell/3.2.0/ratis-shell-3.2.0.jar:/home/runner/.m2/repository/org/apache/ratis/ratis-tools/3.2.0/ratis-tools-3.2.0.jar:/home/runner/.m2/repository/org/jgrapht/jgrapht-core/1.4.0/jgrapht-core-1.4.0.jar:/home/runner/.m2/repository/org/jheaps/jheaps/0.11/jheaps-0.11.jar:/home/runner/.m2/repository/org/jgrapht/jgrapht-ext/1.4.0/jgrapht-ext-1.4.0.jar:/home/runner/work/ozone/ozone/hadoop-hdds/rocksdb-checkpoint-differ/target/rocksdb-checkpoint-differ-2.1.0-SNAPSHOT.jar:/home/runner/.m2/repository/org/apache/ranger/ranger-intg/2.6.0/ranger-intg-2.6.0.jar:/home/runner/.m2/repository/org/apache/ratis/ratis-client/3.2.0/ratis-client-3.2.0.jar:/home/runner/.m2/repository/org/apache/ratis/ratis-common/3.2.0/ratis-common-3.2.0.jar:/home/runner/.m2/repository/org/apache/ratis/ratis-grpc/3.2.0/ratis-grpc-3.2.0.jar:/home/runner/.m2/repository/org/apache/ratis/ratis-metrics-api/3.2.0/ratis-metrics-api-3.2.0.jar:/home/runner/.m2/repository/org/apache/ratis/ratis-proto/3.2.0/ratis-proto-3.2.0.jar:/home/runner/.m2/repository/org/apache/ratis/ratis-server/3.2.0/ratis-server-3.2.0.jar:/home/runner/.m2/repository/org/apache/ratis/ratis-server-api/3.2.0/ratis-server-api-3.2.0.jar:/home/runner/.m2/repository/org/apache/ratis/ratis-thirdparty-misc/1.0.9/ratis-thirdparty-misc-1.0.9.jar:/home/runner/.m2/repository/org/bouncycastle/bcpkix-jdk18on/1.81/bcpkix-jdk18on-1.81.jar:/home/runner/.m2/repository/org/bouncycastle/bcutil-jdk18on/1.81/bcutil-jdk18on-1.81.jar:/home/runner/.m2/repository/org/hamcrest/hamcrest/2.2/hamcrest-2.2.jar:/home/runner/.m2/repository/org/reflections/reflections/0.10.2/reflections-0.10.2.jar:/home/runner/.m2/repository/org/javassist/javassist/3.30.2-GA/javassist-3.30.2-GA.jar:/home/runner/.m2/repository/org/rocksdb/rocksdbjni/7.7.3/rocksdbjni-7.7.3.jar:/home/runner/.m2/repository/org/slf4j/jul-to-slf4j/2.0.17/jul-to-slf4j-2.0.17.jar:/home/runner/.m2/repository/org/slf4j/slf4j-api/2.0.17/slf4j-api-2.0.17.jar:/home/runner/.m2/repository/org/assertj/assertj-core/3.27.3/assertj-core-3.27.3.jar:/home/runner/.m2/repository/net/bytebuddy/byte-buddy/1.15.11/byte-buddy-1.15.11.jar:/home/runner/.m2/repository/org/junit/jupiter/junit-jupiter-api/5.13.2/junit-jupiter-api-5.13.2.jar:/home/runner/.m2/repository/org/opentest4j/opentest4j/1.3.0/opentest4j-1.3.0.jar:/home/runner/.m2/repository/org/junit/platform/junit-platform-commons/1.13.2/junit-platform-commons-1.13.2.jar:/home/runner/.m2/repository/org/apiguardian/apiguardian-api/1.1.2/apiguardian-api-1.1.2.jar:/home/runner/.m2/repository/org/junit/jupiter/junit-jupiter-params/5.13.2/junit-jupiter-params-5.13.2.jar:/home/runner/.m2/repository/org/mockito/mockito-core/4.11.0/mockito-core-4.11.0.jar:/home/runner/.m2/repository/net/bytebuddy/byte-buddy-agent/1.12.19/byte-buddy-agent-1.12.19.jar:/home/runner/.m2/repository/org/objenesis/objenesis/3.3/objenesis-3.3.jar:/home/runner/.m2/repository/org/mockito/mockito-inline/4.11.0/mockito-inline-4.11.0.jar:/home/runner/.m2/repository/org/mockito/mockito-junit-jupiter/4.11.0/mockito-junit-jupiter-4.11.0.jar:/home/runner/work/ozone/ozone/hadoop-ozone/integration-test/target/gradle-enterprise/test-listeners.jar:"/>
    <property name="sun.cpu.endian" value="little"/>
    <property name="user.home" value="/home/runner"/>
    <property name="user.language" value="en"/>
    <property name="java.specification.vendor" value="Oracle Corporation"/>
    <property name="skipRecon" value="true"/>
    <property name="java.version.date" value="2025-04-15"/>
    <property name="java.home" value="/usr/lib/jvm/temurin-21-jdk-amd64"/>
    <property name="java.security.krb5.conf" value="/tmp/junit-10327053630116807253/1751482286575/krb5.conf"/>
    <property name="file.separator" value="/"/>
    <property name="basedir" value="/home/runner/work/ozone/ozone/hadoop-ozone/integration-test"/>
    <property name="java.vm.compressedOopsMode" value="Zero based"/>
    <property name="line.separator" value="&#10;"/>
    <property name="java.vm.specification.vendor" value="Oracle Corporation"/>
    <property name="java.specification.name" value="Java Platform API Specification"/>
    <property name="surefire.real.class.path" value="/home/runner/work/ozone/ozone/hadoop-ozone/integration-test/target/surefire/surefirebooter-20250702183824810_938.jar"/>
    <property name="hadoop.log.dir" value="/home/runner/work/ozone/ozone/hadoop-ozone/integration-test/target/log"/>
    <property name="sun.management.compiler" value="HotSpot 64-Bit Tiered Compilers"/>
    <property name="skipShade" value="true"/>
    <property name="java.runtime.version" value="21.0.7+6-LTS"/>
    <property name="user.name" value="runner"/>
    <property name="java.net.preferIPv4Stack" value="true"/>
    <property name="stdout.encoding" value="UTF-8"/>
    <property name="path.separator" value=":"/>
    <property name="java.security.egd" value="file:///dev/urandom"/>
    <property name="os.version" value="6.11.0-1015-azure"/>
    <property name="java.runtime.name" value="OpenJDK Runtime Environment"/>
    <property name="com.gradle.maven.scan.extension.test.listener.junitplatform.NestedExecutionSafeDelegatingTestExecutionListener" value="189cbd7c"/>
    <property name="file.encoding" value="UTF-8"/>
    <property name="java.vm.name" value="OpenJDK 64-Bit Server VM"/>
    <property name="rocks_tools_native" value="true"/>
    <property name="java.vendor.version" value="Temurin-21.0.7+6"/>
    <property name="test.build.webapps" value=""/>
    <property name="develocity.listener.surefire.forkId" value="1"/>
    <property name="localRepository" value="/home/runner/.m2/repository"/>
    <property name="java.vendor.url.bug" value="https://github.com/adoptium/adoptium-support/issues"/>
    <property name="jetty.git.hash" value="df524e6b29271c2e09ba9aea83c18dc9db464a31"/>
    <property name="java.io.tmpdir" value="/tmp"/>
    <property name="require.test.libhadoop" value=""/>
    <property name="java.version" value="21.0.7"/>
    <property name="user.dir" value="/home/runner/work/ozone/ozone/hadoop-ozone/integration-test"/>
    <property name="os.arch" value="amd64"/>
    <property name="java.vm.specification.name" value="Java Virtual Machine Specification"/>
    <property name="test.build.classes" value="/home/runner/work/ozone/ozone/hadoop-ozone/integration-test/target/test-classes"/>
    <property name="org.apache.ratis.thirdparty.io.netty.allocator.useCacheForAllThreads" value="false"/>
    <property name="native.encoding" value="UTF-8"/>
    <property name="hadoop.tmp.dir" value="/home/runner/work/ozone/ozone/hadoop-ozone/integration-test/target/tmp"/>
    <property name="java.library.path" value="/usr/java/packages/lib:/usr/lib64:/lib64:/lib:/usr/lib"/>
    <property name="java.vm.info" value="mixed mode, sharing"/>
    <property name="stderr.encoding" value="UTF-8"/>
    <property name="java.vendor" value="Eclipse Adoptium"/>
    <property name="java.vm.version" value="21.0.7+6-LTS"/>
    <property name="sun.io.unicode.encoding" value="UnicodeLittle"/>
    <property name="develocity.listener.port" value="35149"/>
    <property name="java.class.version" value="65.0"/>
  </properties>
  <testcase name="testGetChecksumInfoSuccess" classname="org.apache.hadoop.ozone.dn.checksum.TestContainerCommandReconciliation" time="7.192">
    <system-out><![CDATA[2025-07-02 18:51:26,577 [main] INFO  minikdc.MiniKdc (MiniKdc.java:<init>(225)) - Configuration:
2025-07-02 18:51:26,579 [main] INFO  minikdc.MiniKdc (MiniKdc.java:<init>(226)) - ---------------------------------------------------------------
2025-07-02 18:51:26,580 [main] INFO  minikdc.MiniKdc (MiniKdc.java:<init>(228)) -   max.renewable.lifetime: 604800000
2025-07-02 18:51:26,580 [main] INFO  minikdc.MiniKdc (MiniKdc.java:<init>(228)) -   instance: DefaultKrbServer
2025-07-02 18:51:26,580 [main] INFO  minikdc.MiniKdc (MiniKdc.java:<init>(228)) -   debug: false
2025-07-02 18:51:26,580 [main] INFO  minikdc.MiniKdc (MiniKdc.java:<init>(228)) -   kdc.bind.address: localhost
2025-07-02 18:51:26,581 [main] INFO  minikdc.MiniKdc (MiniKdc.java:<init>(228)) -   max.ticket.lifetime: 86400000
2025-07-02 18:51:26,581 [main] INFO  minikdc.MiniKdc (MiniKdc.java:<init>(228)) -   transport: TCP
2025-07-02 18:51:26,581 [main] INFO  minikdc.MiniKdc (MiniKdc.java:<init>(228)) -   org.name: EXAMPLE
2025-07-02 18:51:26,581 [main] INFO  minikdc.MiniKdc (MiniKdc.java:<init>(228)) -   org.domain: COM
2025-07-02 18:51:26,581 [main] INFO  minikdc.MiniKdc (MiniKdc.java:<init>(228)) -   kdc.port: 0
2025-07-02 18:51:26,582 [main] INFO  minikdc.MiniKdc (MiniKdc.java:<init>(230)) - ---------------------------------------------------------------
2025-07-02 18:51:26,637 [main] INFO  minikdc.MiniKdc (MiniKdc.java:start(285)) - MiniKdc started.
2025-07-02 18:51:27,132 [main] INFO  audit.AuditLogger (AuditLogger.java:refreshDebugCmdSet(133)) - Refresh DebugCmdSet for OMAudit to [].
2025-07-02 18:51:27,147 [main] INFO  audit.AuditLogger (AuditLogger.java:refreshDebugCmdSet(133)) - Refresh DebugCmdSet for OMSystemAudit to [].
2025-07-02 18:51:27,305 [main] WARN  server.ServerUtils (ServerUtils.java:getScmDbDir(138)) - ozone.scm.db.dirs is not configured. We recommend adding this setting. Falling back to ozone.metadata.dirs instead.
2025-07-02 18:51:27,477 [main] INFO  reflections.Reflections (Reflections.java:scan(219)) - Reflections took 158 ms to scan 7 urls, producing 167 keys and 373 values
2025-07-02 18:51:27,558 [main] INFO  ha.SCMHANodeDetails (SCMHANodeDetails.java:loadSCMHAConfig(162)) - ServiceID for StorageContainerManager is SecureSCM
2025-07-02 18:51:27,558 [main] INFO  ha.SCMHANodeDetails (SCMHANodeDetails.java:loadSCMHAConfig(172)) - ServiceID for StorageContainerManager is SecureSCM
2025-07-02 18:51:27,587 [main] WARN  scm.ScmUtils (ScmUtils.java:logWarn(162)) - ConfigKey ozone.scm.block.client.address is deprecated, For configuring different ports for each SCM use PortConfigKey ozone.scm.block.client.port appended with serviceId and nodeId. If want to configure same port configure ozone.scm.block.client.port
2025-07-02 18:51:27,588 [main] WARN  scm.ScmUtils (ScmUtils.java:logWarn(162)) - ConfigKey ozone.scm.client.address is deprecated, For configuring different ports for each SCM use PortConfigKey ozone.scm.client.port appended with serviceId and nodeId. If want to configure same port configure ozone.scm.client.port
2025-07-02 18:51:27,588 [main] WARN  scm.ScmUtils (ScmUtils.java:logWarn(162)) - ConfigKey ozone.scm.datanode.address is deprecated, For configuring different ports for each SCM use PortConfigKey ozone.scm.datanode.port appended with serviceId and nodeId. If want to configure same port configure ozone.scm.datanode.port
2025-07-02 18:51:27,590 [main] WARN  scm.ScmUtils (ScmUtils.java:logWarn(162)) - ConfigKey ozone.scm.block.client.address is deprecated, For configuring different ports for each SCM use PortConfigKey ozone.scm.block.client.port appended with serviceId and nodeId. If want to configure same port configure ozone.scm.block.client.port
2025-07-02 18:51:27,590 [main] WARN  scm.ScmUtils (ScmUtils.java:logWarn(162)) - ConfigKey ozone.scm.client.address is deprecated, For configuring different ports for each SCM use PortConfigKey ozone.scm.client.port appended with serviceId and nodeId. If want to configure same port configure ozone.scm.client.port
2025-07-02 18:51:27,591 [main] WARN  scm.ScmUtils (ScmUtils.java:logWarn(162)) - ConfigKey ozone.scm.datanode.address is deprecated, For configuring different ports for each SCM use PortConfigKey ozone.scm.datanode.port appended with serviceId and nodeId. If want to configure same port configure ozone.scm.datanode.port
2025-07-02 18:51:27,591 [main] INFO  ha.SCMHANodeDetails (SCMHANodeDetails.java:loadSCMHAConfig(259)) - Found matching SCM address with SCMServiceId: SecureSCM, SCMNodeId: scmNode-1, RPC Address: localhost:15003 and Ratis port: 15003
2025-07-02 18:51:27,592 [main] INFO  ha.SCMHANodeDetails (ConfUtils.java:setNodeSpecificConfigs(98)) - Setting configuration key ozone.scm.datanode.address with value of key ozone.scm.datanode.address.SecureSCM.scmNode-1: 127.0.0.1:15004
2025-07-02 18:51:27,592 [main] INFO  ha.SCMHANodeDetails (ConfUtils.java:setNodeSpecificConfigs(98)) - Setting configuration key ozone.scm.block.client.address with value of key ozone.scm.block.client.address.SecureSCM.scmNode-1: 127.0.0.1:15007
2025-07-02 18:51:27,592 [main] INFO  ha.SCMHANodeDetails (ConfUtils.java:setNodeSpecificConfigs(98)) - Setting configuration key ozone.scm.client.address with value of key ozone.scm.client.address.SecureSCM.scmNode-1: 127.0.0.1:15005
2025-07-02 18:51:27,593 [main] INFO  ha.SCMHANodeDetails (ConfUtils.java:setNodeSpecificConfigs(98)) - Setting configuration key ozone.scm.security.service.address with value of key ozone.scm.security.service.address.SecureSCM.scmNode-1: 127.0.0.1:15002
2025-07-02 18:51:27,593 [main] INFO  ha.SCMHANodeDetails (ConfUtils.java:setNodeSpecificConfigs(98)) - Setting configuration key ozone.scm.ratis.port with value of key ozone.scm.ratis.port.SecureSCM.scmNode-1: 15003
2025-07-02 18:51:27,593 [main] INFO  ha.SCMHANodeDetails (ConfUtils.java:setNodeSpecificConfigs(98)) - Setting configuration key ozone.scm.grpc.port with value of key ozone.scm.grpc.port.SecureSCM.scmNode-1: 15006
2025-07-02 18:51:27,593 [main] INFO  ha.SCMHANodeDetails (ConfUtils.java:setNodeSpecificConfigs(98)) - Setting configuration key ozone.scm.http-address with value of key ozone.scm.http-address.SecureSCM.scmNode-1: 127.0.0.1:15000
2025-07-02 18:51:27,594 [main] INFO  ha.SCMHANodeDetails (ConfUtils.java:setNodeSpecificConfigs(98)) - Setting configuration key ozone.scm.https-address with value of key ozone.scm.https-address.SecureSCM.scmNode-1: 127.0.0.1:15001
2025-07-02 18:51:27,594 [main] INFO  ha.SCMHANodeDetails (ConfUtils.java:setNodeSpecificConfigs(98)) - Setting configuration key ozone.scm.address with value of key ozone.scm.address.SecureSCM.scmNode-1: 127.0.0.1
2025-07-02 18:51:27,594 [main] WARN  scm.ScmUtils (ScmUtils.java:logWarn(162)) - ConfigKey ozone.scm.block.client.address is deprecated, For configuring different ports for each SCM use PortConfigKey ozone.scm.block.client.port appended with serviceId and nodeId. If want to configure same port configure ozone.scm.block.client.port
2025-07-02 18:51:27,594 [main] WARN  scm.ScmUtils (ScmUtils.java:logWarn(162)) - ConfigKey ozone.scm.client.address is deprecated, For configuring different ports for each SCM use PortConfigKey ozone.scm.client.port appended with serviceId and nodeId. If want to configure same port configure ozone.scm.client.port
2025-07-02 18:51:27,595 [main] WARN  scm.ScmUtils (ScmUtils.java:logWarn(162)) - ConfigKey ozone.scm.datanode.address is deprecated, For configuring different ports for each SCM use PortConfigKey ozone.scm.datanode.port appended with serviceId and nodeId. If want to configure same port configure ozone.scm.datanode.port
2025-07-02 18:51:27,887 [main] INFO  ha.SCMNodeInfo (SCMNodeInfo.java:getPort(197)) - ConfigKey ozone.scm.client.address is deprecated, For configuring different ports for each SCM use PortConfigKey ozone.scm.client.port appended with serviceId and nodeId
2025-07-02 18:51:27,888 [main] INFO  ha.SCMNodeInfo (SCMNodeInfo.java:getPort(197)) - ConfigKey ozone.scm.block.client.address is deprecated, For configuring different ports for each SCM use PortConfigKey ozone.scm.block.client.port appended with serviceId and nodeId
2025-07-02 18:51:27,888 [main] INFO  ha.SCMNodeInfo (SCMNodeInfo.java:getPort(197)) - ConfigKey ozone.scm.security.service.address is deprecated, For configuring different ports for each SCM use PortConfigKey ozone.scm.security.service.port appended with serviceId and nodeId
2025-07-02 18:51:27,888 [main] INFO  ha.SCMNodeInfo (SCMNodeInfo.java:getPort(197)) - ConfigKey ozone.scm.datanode.address is deprecated, For configuring different ports for each SCM use PortConfigKey ozone.scm.datanode.port appended with serviceId and nodeId
2025-07-02 18:51:27,889 [main] INFO  ha.SCMNodeInfo (SCMNodeInfo.java:getPort(197)) - ConfigKey ozone.scm.client.address is deprecated, For configuring different ports for each SCM use PortConfigKey ozone.scm.client.port appended with serviceId and nodeId
2025-07-02 18:51:27,889 [main] INFO  ha.SCMNodeInfo (SCMNodeInfo.java:getPort(197)) - ConfigKey ozone.scm.block.client.address is deprecated, For configuring different ports for each SCM use PortConfigKey ozone.scm.block.client.port appended with serviceId and nodeId
2025-07-02 18:51:27,889 [main] INFO  ha.SCMNodeInfo (SCMNodeInfo.java:getPort(197)) - ConfigKey ozone.scm.security.service.address is deprecated, For configuring different ports for each SCM use PortConfigKey ozone.scm.security.service.port appended with serviceId and nodeId
2025-07-02 18:51:27,889 [main] INFO  ha.SCMNodeInfo (SCMNodeInfo.java:getPort(197)) - ConfigKey ozone.scm.datanode.address is deprecated, For configuring different ports for each SCM use PortConfigKey ozone.scm.datanode.port appended with serviceId and nodeId
2025-07-02 18:51:27,890 [main] INFO  ha.SCMNodeInfo (SCMNodeInfo.java:getPort(197)) - ConfigKey ozone.scm.client.address is deprecated, For configuring different ports for each SCM use PortConfigKey ozone.scm.client.port appended with serviceId and nodeId
2025-07-02 18:51:27,890 [main] INFO  ha.SCMNodeInfo (SCMNodeInfo.java:getPort(197)) - ConfigKey ozone.scm.block.client.address is deprecated, For configuring different ports for each SCM use PortConfigKey ozone.scm.block.client.port appended with serviceId and nodeId
2025-07-02 18:51:27,890 [main] INFO  ha.SCMNodeInfo (SCMNodeInfo.java:getPort(197)) - ConfigKey ozone.scm.security.service.address is deprecated, For configuring different ports for each SCM use PortConfigKey ozone.scm.security.service.port appended with serviceId and nodeId
2025-07-02 18:51:27,891 [main] INFO  ha.SCMNodeInfo (SCMNodeInfo.java:getPort(197)) - ConfigKey ozone.scm.datanode.address is deprecated, For configuring different ports for each SCM use PortConfigKey ozone.scm.datanode.port appended with serviceId and nodeId
2025-07-02 18:51:27,894 [main] INFO  ha.HASecurityUtils (HASecurityUtils.java:initializeSecurity(79)) - Initializing secure StorageContainerManager.
2025-07-02 18:51:27,904 [main] INFO  ha.SCMNodeInfo (SCMNodeInfo.java:getPort(197)) - ConfigKey ozone.scm.client.address is deprecated, For configuring different ports for each SCM use PortConfigKey ozone.scm.client.port appended with serviceId and nodeId
2025-07-02 18:51:27,905 [main] INFO  ha.SCMNodeInfo (SCMNodeInfo.java:getPort(197)) - ConfigKey ozone.scm.block.client.address is deprecated, For configuring different ports for each SCM use PortConfigKey ozone.scm.block.client.port appended with serviceId and nodeId
2025-07-02 18:51:27,905 [main] INFO  ha.SCMNodeInfo (SCMNodeInfo.java:getPort(197)) - ConfigKey ozone.scm.security.service.address is deprecated, For configuring different ports for each SCM use PortConfigKey ozone.scm.security.service.port appended with serviceId and nodeId
2025-07-02 18:51:27,906 [main] INFO  ha.SCMNodeInfo (SCMNodeInfo.java:getPort(197)) - ConfigKey ozone.scm.datanode.address is deprecated, For configuring different ports for each SCM use PortConfigKey ozone.scm.datanode.port appended with serviceId and nodeId
2025-07-02 18:51:27,906 [main] INFO  ha.SCMNodeInfo (SCMNodeInfo.java:getPort(197)) - ConfigKey ozone.scm.client.address is deprecated, For configuring different ports for each SCM use PortConfigKey ozone.scm.client.port appended with serviceId and nodeId
2025-07-02 18:51:27,906 [main] INFO  ha.SCMNodeInfo (SCMNodeInfo.java:getPort(197)) - ConfigKey ozone.scm.block.client.address is deprecated, For configuring different ports for each SCM use PortConfigKey ozone.scm.block.client.port appended with serviceId and nodeId
2025-07-02 18:51:27,907 [main] INFO  ha.SCMNodeInfo (SCMNodeInfo.java:getPort(197)) - ConfigKey ozone.scm.security.service.address is deprecated, For configuring different ports for each SCM use PortConfigKey ozone.scm.security.service.port appended with serviceId and nodeId
2025-07-02 18:51:27,907 [main] INFO  ha.SCMNodeInfo (SCMNodeInfo.java:getPort(197)) - ConfigKey ozone.scm.datanode.address is deprecated, For configuring different ports for each SCM use PortConfigKey ozone.scm.datanode.port appended with serviceId and nodeId
2025-07-02 18:51:27,908 [main] INFO  ha.SCMNodeInfo (SCMNodeInfo.java:getPort(197)) - ConfigKey ozone.scm.client.address is deprecated, For configuring different ports for each SCM use PortConfigKey ozone.scm.client.port appended with serviceId and nodeId
2025-07-02 18:51:27,908 [main] INFO  ha.SCMNodeInfo (SCMNodeInfo.java:getPort(197)) - ConfigKey ozone.scm.block.client.address is deprecated, For configuring different ports for each SCM use PortConfigKey ozone.scm.block.client.port appended with serviceId and nodeId
2025-07-02 18:51:27,909 [main] INFO  ha.SCMNodeInfo (SCMNodeInfo.java:getPort(197)) - ConfigKey ozone.scm.security.service.address is deprecated, For configuring different ports for each SCM use PortConfigKey ozone.scm.security.service.port appended with serviceId and nodeId
2025-07-02 18:51:27,909 [main] INFO  ha.SCMNodeInfo (SCMNodeInfo.java:getPort(197)) - ConfigKey ozone.scm.datanode.address is deprecated, For configuring different ports for each SCM use PortConfigKey ozone.scm.datanode.port appended with serviceId and nodeId
2025-07-02 18:51:27,913 [main] INFO  proxy.SCMSecurityProtocolFailoverProxyProvider (SCMFailoverProxyProviderBase.java:<init>(120)) - Created fail-over proxy for protocol SCMSecurityProtocolPB with 3 nodes: [nodeId=scmNode-2,nodeAddress=/127.0.0.1:15010, nodeId=scmNode-3,nodeAddress=/127.0.0.1:15018, nodeId=scmNode-1,nodeAddress=/127.0.0.1:15002]
2025-07-02 18:51:27,956 [main] INFO  client.SCMCertificateClient (DefaultCertificateClient.java:updateCertSerialId(1289)) - Certificate serial ID set to null
2025-07-02 18:51:27,956 [main] ERROR client.SCMCertificateClient (DefaultCertificateClient.java:getCertPath(373)) - Default certificate serial id is not set. Can't locate the default certificate for this client.
2025-07-02 18:51:27,957 [main] INFO  client.SCMCertificateClient (DefaultCertificateClient.java:init(717)) - Certificate client init case: 0
2025-07-02 18:51:27,957 [main] INFO  client.SCMCertificateClient (DefaultCertificateClient.java:handleCase(735)) - Creating keypair for client as keypair and certificate not found.
2025-07-02 18:51:28,207 [main] INFO  keys.KeyStorage (KeyStorage.java:storePublicKey(210)) - Storing public key to /home/runner/work/ozone/ozone/hadoop-ozone/integration-test/target/test-dir/MiniOzoneClusterImpl-ff054ab7-6da7-448f-9cae-f629f00b5e08/scmNode-1/scm/sub-ca/keys/public.pem.
2025-07-02 18:51:28,210 [main] INFO  keys.KeyStorage (KeyStorage.java:storePrivateKey(194)) - Storing private key to /home/runner/work/ozone/ozone/hadoop-ozone/integration-test/target/test-dir/MiniOzoneClusterImpl-ff054ab7-6da7-448f-9cae-f629f00b5e08/scmNode-1/scm/sub-ca/keys/private.pem.
2025-07-02 18:51:28,213 [main] INFO  client.SCMCertificateClient (SCMCertificateClient.java:recoverStateIfNeeded(278)) - Init response: GETCERT
2025-07-02 18:51:28,242 [main] INFO  keys.KeyStorage (KeyStorage.java:readPublicKey(174)) - Reading public key from /home/runner/work/ozone/ozone/hadoop-ozone/integration-test/target/test-dir/MiniOzoneClusterImpl-ff054ab7-6da7-448f-9cae-f629f00b5e08/scmNode-1/scm/ca/keys/public.pem.
2025-07-02 18:51:28,242 [main] ERROR keys.KeyStorage (KeyStorage.java:readPublicKey(178)) - Failed to read the public key.
java.nio.file.NoSuchFileException: /home/runner/work/ozone/ozone/hadoop-ozone/integration-test/target/test-dir/MiniOzoneClusterImpl-ff054ab7-6da7-448f-9cae-f629f00b5e08/scmNode-1/scm/ca/keys/public.pem
	at java.base/sun.nio.fs.UnixException.translateToIOException(UnixException.java:92)
	at java.base/sun.nio.fs.UnixException.rethrowAsIOException(UnixException.java:106)
	at java.base/sun.nio.fs.UnixException.rethrowAsIOException(UnixException.java:111)
	at java.base/sun.nio.fs.UnixFileSystemProvider.newByteChannel(UnixFileSystemProvider.java:261)
	at java.base/java.nio.file.Files.newByteChannel(Files.java:380)
	at java.base/java.nio.file.Files.newByteChannel(Files.java:432)
	at java.base/java.nio.file.Files.readAllBytes(Files.java:3281)
	at org.apache.hadoop.hdds.security.x509.keys.KeyStorage.readPublicKey(KeyStorage.java:176)
	at org.apache.hadoop.hdds.security.x509.keys.KeyStorage.readKeyPair(KeyStorage.java:184)
	at org.apache.hadoop.hdds.security.x509.certificate.authority.DefaultCAServer.checkIfKeysExist(DefaultCAServer.java:354)
	at org.apache.hadoop.hdds.security.x509.certificate.authority.DefaultCAServer.verifySelfSignedCA(DefaultCAServer.java:323)
	at org.apache.hadoop.hdds.security.x509.certificate.authority.DefaultCAServer.init(DefaultCAServer.java:162)
	at org.apache.hadoop.hdds.security.x509.certificate.client.SCMCertificateClient.initializeRootCertificateServer(SCMCertificateClient.java:396)
	at org.apache.hadoop.hdds.security.x509.certificate.client.SCMCertificateClient.getPrimarySCMSelfSignedCert(SCMCertificateClient.java:346)
	at org.apache.hadoop.hdds.security.x509.certificate.client.SCMCertificateClient.recoverStateIfNeeded(SCMCertificateClient.java:287)
	at org.apache.hadoop.hdds.security.x509.certificate.client.DefaultCertificateClient.initWithRecovery(DefaultCertificateClient.java:698)
	at org.apache.hadoop.hdds.scm.ha.HASecurityUtils.initializeSecurity(HASecurityUtils.java:96)
	at org.apache.hadoop.hdds.scm.server.StorageContainerManager.scmInit(StorageContainerManager.java:1266)
	at org.apache.hadoop.ozone.MiniOzoneHAClusterImpl$Builder.createSCMService(MiniOzoneHAClusterImpl.java:570)
	at org.apache.hadoop.ozone.MiniOzoneHAClusterImpl$Builder.build(MiniOzoneHAClusterImpl.java:423)
	at org.apache.hadoop.ozone.dn.checksum.TestContainerCommandReconciliation.startCluster(TestContainerCommandReconciliation.java:662)
	at org.apache.hadoop.ozone.dn.checksum.TestContainerCommandReconciliation.init(TestContainerCommandReconciliation.java:170)
	at java.base/jdk.internal.reflect.DirectMethodHandleAccessor.invoke(DirectMethodHandleAccessor.java:103)
	at java.base/java.lang.reflect.Method.invoke(Method.java:580)
	at org.junit.platform.commons.util.ReflectionUtils.invokeMethod(ReflectionUtils.java:787)
	at org.junit.platform.commons.support.ReflectionSupport.invokeMethod(ReflectionSupport.java:479)
	at org.junit.jupiter.engine.execution.MethodInvocation.proceed(MethodInvocation.java:60)
	at org.junit.jupiter.engine.execution.InvocationInterceptorChain$ValidatingInvocation.proceed(InvocationInterceptorChain.java:131)
	at org.junit.jupiter.engine.extension.SameThreadTimeoutInvocation.proceed(SameThreadTimeoutInvocation.java:49)
	at org.junit.jupiter.engine.extension.TimeoutExtension.intercept(TimeoutExtension.java:161)
	at org.junit.jupiter.engine.extension.TimeoutExtension.interceptLifecycleMethod(TimeoutExtension.java:133)
	at org.junit.jupiter.engine.extension.TimeoutExtension.interceptBeforeAllMethod(TimeoutExtension.java:75)
	at org.junit.jupiter.engine.execution.InterceptingExecutableInvoker$ReflectiveInterceptorCall.lambda$ofVoidMethod$0(InterceptingExecutableInvoker.java:112)
	at org.junit.jupiter.engine.execution.InterceptingExecutableInvoker.lambda$invoke$0(InterceptingExecutableInvoker.java:94)
	at org.junit.jupiter.engine.execution.InvocationInterceptorChain$InterceptedInvocation.proceed(InvocationInterceptorChain.java:106)
	at org.junit.jupiter.engine.execution.InvocationInterceptorChain.proceed(InvocationInterceptorChain.java:64)
	at org.junit.jupiter.engine.execution.InvocationInterceptorChain.chainAndInvoke(InvocationInterceptorChain.java:45)
	at org.junit.jupiter.engine.execution.InvocationInterceptorChain.invoke(InvocationInterceptorChain.java:37)
	at org.junit.jupiter.engine.execution.InterceptingExecutableInvoker.invoke(InterceptingExecutableInvoker.java:93)
	at org.junit.jupiter.engine.execution.InterceptingExecutableInvoker.invoke(InterceptingExecutableInvoker.java:87)
	at org.junit.jupiter.engine.descriptor.ClassBasedTestDescriptor.lambda$invokeBeforeAllMethods$14(ClassBasedTestDescriptor.java:446)
	at org.junit.platform.engine.support.hierarchical.ThrowableCollector.execute(ThrowableCollector.java:73)
	at org.junit.jupiter.engine.descriptor.ClassBasedTestDescriptor.invokeBeforeAllMethods(ClassBasedTestDescriptor.java:444)
	at org.junit.jupiter.engine.descriptor.ClassBasedTestDescriptor.before(ClassBasedTestDescriptor.java:247)
	at org.junit.jupiter.engine.descriptor.ClassBasedTestDescriptor.before(ClassBasedTestDescriptor.java:87)
	at org.junit.platform.engine.support.hierarchical.NodeTestTask.lambda$executeRecursively$6(NodeTestTask.java:154)
	at org.junit.platform.engine.support.hierarchical.ThrowableCollector.execute(ThrowableCollector.java:73)
	at org.junit.platform.engine.support.hierarchical.NodeTestTask.lambda$executeRecursively$8(NodeTestTask.java:147)
	at org.junit.platform.engine.support.hierarchical.Node.around(Node.java:137)
	at org.junit.platform.engine.support.hierarchical.NodeTestTask.lambda$executeRecursively$9(NodeTestTask.java:145)
	at org.junit.platform.engine.support.hierarchical.ThrowableCollector.execute(ThrowableCollector.java:73)
	at org.junit.platform.engine.support.hierarchical.NodeTestTask.executeRecursively(NodeTestTask.java:144)
	at org.junit.platform.engine.support.hierarchical.NodeTestTask.execute(NodeTestTask.java:101)
	at java.base/java.util.ArrayList.forEach(ArrayList.java:1596)
	at org.junit.platform.engine.support.hierarchical.SameThreadHierarchicalTestExecutorService.invokeAll(SameThreadHierarchicalTestExecutorService.java:41)
	at org.junit.platform.engine.support.hierarchical.NodeTestTask.lambda$executeRecursively$6(NodeTestTask.java:161)
	at org.junit.platform.engine.support.hierarchical.ThrowableCollector.execute(ThrowableCollector.java:73)
	at org.junit.platform.engine.support.hierarchical.NodeTestTask.lambda$executeRecursively$8(NodeTestTask.java:147)
	at org.junit.platform.engine.support.hierarchical.Node.around(Node.java:137)
	at org.junit.platform.engine.support.hierarchical.NodeTestTask.lambda$executeRecursively$9(NodeTestTask.java:145)
	at org.junit.platform.engine.support.hierarchical.ThrowableCollector.execute(ThrowableCollector.java:73)
	at org.junit.platform.engine.support.hierarchical.NodeTestTask.executeRecursively(NodeTestTask.java:144)
	at org.junit.platform.engine.support.hierarchical.NodeTestTask.execute(NodeTestTask.java:101)
	at org.junit.platform.engine.support.hierarchical.SameThreadHierarchicalTestExecutorService.submit(SameThreadHierarchicalTestExecutorService.java:35)
	at org.junit.platform.engine.support.hierarchical.HierarchicalTestExecutor.execute(HierarchicalTestExecutor.java:57)
	at org.junit.platform.engine.support.hierarchical.HierarchicalTestEngine.execute(HierarchicalTestEngine.java:54)
	at org.junit.platform.launcher.core.EngineExecutionOrchestrator.executeEngine(EngineExecutionOrchestrator.java:230)
	at org.junit.platform.launcher.core.EngineExecutionOrchestrator.failOrExecuteEngine(EngineExecutionOrchestrator.java:204)
	at org.junit.platform.launcher.core.EngineExecutionOrchestrator.execute(EngineExecutionOrchestrator.java:172)
	at org.junit.platform.launcher.core.EngineExecutionOrchestrator.execute(EngineExecutionOrchestrator.java:101)
	at org.junit.platform.launcher.core.EngineExecutionOrchestrator.lambda$execute$0(EngineExecutionOrchestrator.java:64)
	at org.junit.platform.launcher.core.EngineExecutionOrchestrator.withInterceptedStreams(EngineExecutionOrchestrator.java:150)
	at org.junit.platform.launcher.core.EngineExecutionOrchestrator.execute(EngineExecutionOrchestrator.java:63)
	at org.junit.platform.launcher.core.DefaultLauncher.execute(DefaultLauncher.java:109)
	at org.junit.platform.launcher.core.DefaultLauncher.execute(DefaultLauncher.java:91)
	at org.junit.platform.launcher.core.DelegatingLauncher.execute(DelegatingLauncher.java:47)
	at org.junit.platform.launcher.core.InterceptingLauncher.lambda$execute$1(InterceptingLauncher.java:39)
	at org.junit.platform.launcher.core.ClasspathAlignmentCheckingLauncherInterceptor.intercept(ClasspathAlignmentCheckingLauncherInterceptor.java:25)
	at org.junit.platform.launcher.core.InterceptingLauncher.execute(InterceptingLauncher.java:38)
	at org.junit.platform.launcher.core.DelegatingLauncher.execute(DelegatingLauncher.java:47)
	at org.apache.maven.surefire.junitplatform.LazyLauncher.execute(LazyLauncher.java:56)
	at org.apache.maven.surefire.junitplatform.JUnitPlatformProvider.execute(JUnitPlatformProvider.java:184)
	at org.apache.maven.surefire.junitplatform.JUnitPlatformProvider.invokeAllTests(JUnitPlatformProvider.java:148)
	at org.apache.maven.surefire.junitplatform.JUnitPlatformProvider.invoke(JUnitPlatformProvider.java:120)
	at org.apache.maven.surefire.booter.ForkedBooter.runSuitesInProcess(ForkedBooter.java:385)
	at org.apache.maven.surefire.booter.ForkedBooter.execute(ForkedBooter.java:162)
	at org.apache.maven.surefire.booter.ForkedBooter.run(ForkedBooter.java:507)
	at org.apache.maven.surefire.booter.ForkedBooter.main(ForkedBooter.java:495)
2025-07-02 18:51:28,462 [main] INFO  keys.KeyStorage (KeyStorage.java:storePublicKey(210)) - Storing public key to /home/runner/work/ozone/ozone/hadoop-ozone/integration-test/target/test-dir/MiniOzoneClusterImpl-ff054ab7-6da7-448f-9cae-f629f00b5e08/scmNode-1/scm/ca/keys/public.pem.
2025-07-02 18:51:28,463 [main] INFO  keys.KeyStorage (KeyStorage.java:storePrivateKey(194)) - Storing private key to /home/runner/work/ozone/ozone/hadoop-ozone/integration-test/target/test-dir/MiniOzoneClusterImpl-ff054ab7-6da7-448f-9cae-f629f00b5e08/scmNode-1/scm/ca/keys/private.pem.
2025-07-02 18:51:28,473 [main] INFO  ozone.OzoneSecurityUtil (OzoneSecurityUtil.java:getValidInetsForCurrentHost(116)) - ip:fe80:0:0:0:6245:bdff:fe08:d43d%eth0 not returned.
2025-07-02 18:51:28,474 [main] INFO  ozone.OzoneSecurityUtil (OzoneSecurityUtil.java:getValidInetsForCurrentHost(113)) - Adding ip:10.1.0.106,host:fv-az1288-434.bguu2zduscdebcqflrovc1mhjh.dx.internal.cloudapp.net
2025-07-02 18:51:28,474 [main] INFO  ozone.OzoneSecurityUtil (OzoneSecurityUtil.java:getValidInetsForCurrentHost(116)) - ip:0:0:0:0:0:0:0:1%lo not returned.
2025-07-02 18:51:28,474 [main] INFO  ozone.OzoneSecurityUtil (OzoneSecurityUtil.java:getValidInetsForCurrentHost(116)) - ip:127.0.0.1 not returned.
2025-07-02 18:51:28,541 [main] INFO  utils.SelfSignedCertificate (SelfSignedCertificate.java:generateCertificate(156)) - Certificate 1 is issued by SERIALNUMBER=1, O=ff054ab7-6da7-448f-9cae-f629f00b5e08, OU=0570d27e-7557-449b-949c-3e7f7fc57b05, CN=scm@localhost to SERIALNUMBER=1, O=ff054ab7-6da7-448f-9cae-f629f00b5e08, OU=0570d27e-7557-449b-949c-3e7f7fc57b05, CN=scm@localhost, valid from Wed Jul 02 18:51:28 UTC 2025 to Sat Aug 10 18:51:28 UTC 2030
2025-07-02 18:51:28,547 [main] INFO  utils.CertificateCodec (CertificateCodec.java:writeCertificate(241)) - Save certificate to /home/runner/work/ozone/ozone/hadoop-ozone/integration-test/target/test-dir/MiniOzoneClusterImpl-ff054ab7-6da7-448f-9cae-f629f00b5e08/scmNode-1/scm/ca/certs/certificate.crt
2025-07-02 18:51:28,547 [main] INFO  utils.CertificateCodec (CertificateCodec.java:writeCertificate(242)) - Certificate -----BEGIN CERTIFICATE-----
MIID+DCCAuCgAwIBAgIBATANBgkqhkiG9w0BAQsFADCBgjEWMBQGA1UEAwwNc2Nt
QGxvY2FsaG9zdDEtMCsGA1UECwwkMDU3MGQyN2UtNzU1Ny00NDliLTk0OWMtM2U3
ZjdmYzU3YjA1MS0wKwYDVQQKDCRmZjA1NGFiNy02ZGE3LTQ0OGYtOWNhZS1mNjI5
ZjAwYjVlMDgxCjAIBgNVBAUTATEwHhcNMjUwNzAyMTg1MTI4WhcNMzAwODEwMTg1
MTI4WjCBgjEWMBQGA1UEAwwNc2NtQGxvY2FsaG9zdDEtMCsGA1UECwwkMDU3MGQy
N2UtNzU1Ny00NDliLTk0OWMtM2U3ZjdmYzU3YjA1MS0wKwYDVQQKDCRmZjA1NGFi
Ny02ZGE3LTQ0OGYtOWNhZS1mNjI5ZjAwYjVlMDgxCjAIBgNVBAUTATEwggEiMA0G
CSqGSIb3DQEBAQUAA4IBDwAwggEKAoIBAQDSOHDH15CZsZYmQ3wfdwmh8mSpyVHk
1uULzHKGB/g5GGl37+OOp8iwkJLXTlAVXPRdX/eMWXGqHq7zuYuhOYb3NcUXI4Sr
FmzzcFLtdU3aNQLis6kSEpgMXmDh1YJrwEaC92Hi1rjos0Bi5YOzGA5Bg8goo/Hg
UZZMiVGPNf24RlbEnqvLvqle4VvvYXwEcVXtdGKF9zLr2aitH1U6aVlHp69HYltc
Cn+TKtEiTFwBnZhArY+ppxsEe8oiXT0rB4mhdgertPk4tf/HTtw0lS7TXTI8aBC1
duiKXPAepLzbRGPe3cEEvCPCAkWyeBDknjTVCX3rITXm8oOfqMP9d/XbAgMBAAGj
dzB1MA8GA1UdEwEB/wQFMAMBAf8wDgYDVR0PAQH/BAQDAgEGMFIGA1UdEQRLMEmH
BAoBAGqCQWZ2LWF6MTI4OC00MzQuYmd1dTJ6ZHVzY2RlYmNxZmxyb3ZjMW1oamgu
ZHguaW50ZXJuYWwuY2xvdWRhcHAubmV0MA0GCSqGSIb3DQEBCwUAA4IBAQAFYWuU
DGLCxzWqlISKSJkp+GzwpSuGbvbGP9EImQNRYo00OYVsuKp5S+21u0LEKwtPDzIX
qEmjZD72b/At4ZtASAIlFCTtD2lOSLR+jC/k4WNQ3Qi9GXq8L6fwO5n4beoeX7dK
igE9ppwYPTljSrabdadG46EsxPm33y2TsV+9F+AHILamSLKtcfLzj4exd3wawGpv
egolczxu7mwSj6J5TP+m2LcP9uxqg/QIa6i5uD/dVduxkPkoQ7cY/+uOMdWWFg+0
2ngy8j05z1Y4SJCO/HB+1b53O4dAoX/BotgBjGwbRSNVA4LMenALIXLWa0yivRFf
ag9T/4oGtYfovUKc
-----END CERTIFICATE-----

2025-07-02 18:51:28,548 [main] INFO  keys.KeyStorage (KeyStorage.java:readPublicKey(174)) - Reading public key from /home/runner/work/ozone/ozone/hadoop-ozone/integration-test/target/test-dir/MiniOzoneClusterImpl-ff054ab7-6da7-448f-9cae-f629f00b5e08/scmNode-1/scm/ca/keys/public.pem.
2025-07-02 18:51:28,550 [main] INFO  keys.KeyStorage (KeyStorage.java:readPrivateKey(158)) - Reading private key from /home/runner/work/ozone/ozone/hadoop-ozone/integration-test/target/test-dir/MiniOzoneClusterImpl-ff054ab7-6da7-448f-9cae-f629f00b5e08/scmNode-1/scm/ca/keys/private.pem.
2025-07-02 18:51:28,562 [main] INFO  client.SCMCertificateClient (SCMCertificateClient.java:configureCSRBuilder(141)) - Creating csr for SCM->hostName:localhost,scmId:0570d27e-7557-449b-949c-3e7f7fc57b05,clusterId:ff054ab7-6da7-448f-9cae-f629f00b5e08,subject:scm-sub@localhost
2025-07-02 18:51:28,564 [main] INFO  ozone.OzoneSecurityUtil (OzoneSecurityUtil.java:getValidInetsForCurrentHost(116)) - ip:fe80:0:0:0:6245:bdff:fe08:d43d%eth0 not returned.
2025-07-02 18:51:28,565 [main] INFO  ozone.OzoneSecurityUtil (OzoneSecurityUtil.java:getValidInetsForCurrentHost(113)) - Adding ip:10.1.0.106,host:fv-az1288-434.bguu2zduscdebcqflrovc1mhjh.dx.internal.cloudapp.net
2025-07-02 18:51:28,565 [main] INFO  ozone.OzoneSecurityUtil (OzoneSecurityUtil.java:getValidInetsForCurrentHost(116)) - ip:0:0:0:0:0:0:0:1%lo not returned.
2025-07-02 18:51:28,565 [main] INFO  ozone.OzoneSecurityUtil (OzoneSecurityUtil.java:getValidInetsForCurrentHost(116)) - ip:127.0.0.1 not returned.
2025-07-02 18:51:28,579 [main] INFO  keys.KeyStorage (KeyStorage.java:readPrivateKey(158)) - Reading private key from /home/runner/work/ozone/ozone/hadoop-ozone/integration-test/target/test-dir/MiniOzoneClusterImpl-ff054ab7-6da7-448f-9cae-f629f00b5e08/scmNode-1/scm/ca/keys/private.pem.
2025-07-02 18:51:28,592 [main] INFO  authority.DefaultApprover (DefaultApprover.java:sign(171)) - Extensions in CSR: 2.5.29.19, 2.5.29.15, 2.5.29.17
2025-07-02 18:51:28,592 [main] INFO  authority.DefaultApprover (DefaultApprover.java:sign(175)) - Extensions to add to the certificate if they present in CSR: 2.5.29.15, 2.5.29.17, 2.5.29.35, 2.5.29.37, 2.5.29.19, 1.3.6.1.5.5.7.1.12
2025-07-02 18:51:28,606 [main] INFO  utils.CertificateCodec (CertificateCodec.java:writeCertificate(241)) - Save certificate to /home/runner/work/ozone/ozone/hadoop-ozone/integration-test/target/test-dir/MiniOzoneClusterImpl-ff054ab7-6da7-448f-9cae-f629f00b5e08/scmNode-1/scm/sub-ca/certs/CA-1.crt
2025-07-02 18:51:28,606 [main] INFO  utils.CertificateCodec (CertificateCodec.java:writeCertificate(242)) - Certificate -----BEGIN CERTIFICATE-----
MIID+DCCAuCgAwIBAgIBATANBgkqhkiG9w0BAQsFADCBgjEWMBQGA1UEAwwNc2Nt
QGxvY2FsaG9zdDEtMCsGA1UECwwkMDU3MGQyN2UtNzU1Ny00NDliLTk0OWMtM2U3
ZjdmYzU3YjA1MS0wKwYDVQQKDCRmZjA1NGFiNy02ZGE3LTQ0OGYtOWNhZS1mNjI5
ZjAwYjVlMDgxCjAIBgNVBAUTATEwHhcNMjUwNzAyMTg1MTI4WhcNMzAwODEwMTg1
MTI4WjCBgjEWMBQGA1UEAwwNc2NtQGxvY2FsaG9zdDEtMCsGA1UECwwkMDU3MGQy
N2UtNzU1Ny00NDliLTk0OWMtM2U3ZjdmYzU3YjA1MS0wKwYDVQQKDCRmZjA1NGFi
Ny02ZGE3LTQ0OGYtOWNhZS1mNjI5ZjAwYjVlMDgxCjAIBgNVBAUTATEwggEiMA0G
CSqGSIb3DQEBAQUAA4IBDwAwggEKAoIBAQDSOHDH15CZsZYmQ3wfdwmh8mSpyVHk
1uULzHKGB/g5GGl37+OOp8iwkJLXTlAVXPRdX/eMWXGqHq7zuYuhOYb3NcUXI4Sr
FmzzcFLtdU3aNQLis6kSEpgMXmDh1YJrwEaC92Hi1rjos0Bi5YOzGA5Bg8goo/Hg
UZZMiVGPNf24RlbEnqvLvqle4VvvYXwEcVXtdGKF9zLr2aitH1U6aVlHp69HYltc
Cn+TKtEiTFwBnZhArY+ppxsEe8oiXT0rB4mhdgertPk4tf/HTtw0lS7TXTI8aBC1
duiKXPAepLzbRGPe3cEEvCPCAkWyeBDknjTVCX3rITXm8oOfqMP9d/XbAgMBAAGj
dzB1MA8GA1UdEwEB/wQFMAMBAf8wDgYDVR0PAQH/BAQDAgEGMFIGA1UdEQRLMEmH
BAoBAGqCQWZ2LWF6MTI4OC00MzQuYmd1dTJ6ZHVzY2RlYmNxZmxyb3ZjMW1oamgu
ZHguaW50ZXJuYWwuY2xvdWRhcHAubmV0MA0GCSqGSIb3DQEBCwUAA4IBAQAFYWuU
DGLCxzWqlISKSJkp+GzwpSuGbvbGP9EImQNRYo00OYVsuKp5S+21u0LEKwtPDzIX
qEmjZD72b/At4ZtASAIlFCTtD2lOSLR+jC/k4WNQ3Qi9GXq8L6fwO5n4beoeX7dK
igE9ppwYPTljSrabdadG46EsxPm33y2TsV+9F+AHILamSLKtcfLzj4exd3wawGpv
egolczxu7mwSj6J5TP+m2LcP9uxqg/QIa6i5uD/dVduxkPkoQ7cY/+uOMdWWFg+0
2ngy8j05z1Y4SJCO/HB+1b53O4dAoX/BotgBjGwbRSNVA4LMenALIXLWa0yivRFf
ag9T/4oGtYfovUKc
-----END CERTIFICATE-----

2025-07-02 18:51:28,608 [main] INFO  utils.CertificateCodec (CertificateCodec.java:writeCertificate(241)) - Save certificate to /home/runner/work/ozone/ozone/hadoop-ozone/integration-test/target/test-dir/MiniOzoneClusterImpl-ff054ab7-6da7-448f-9cae-f629f00b5e08/scmNode-1/scm/sub-ca/certs/2.crt
2025-07-02 18:51:28,609 [main] INFO  utils.CertificateCodec (CertificateCodec.java:writeCertificate(242)) - Certificate -----BEGIN CERTIFICATE-----
MIID/DCCAuSgAwIBAgIBAjANBgkqhkiG9w0BAQsFADCBgjEWMBQGA1UEAwwNc2Nt
QGxvY2FsaG9zdDEtMCsGA1UECwwkMDU3MGQyN2UtNzU1Ny00NDliLTk0OWMtM2U3
ZjdmYzU3YjA1MS0wKwYDVQQKDCRmZjA1NGFiNy02ZGE3LTQ0OGYtOWNhZS1mNjI5
ZjAwYjVlMDgxCjAIBgNVBAUTATEwHhcNMjUwNzAyMTg1MTI4WhcNMzAwODEwMTg1
MTI4WjCBhjEaMBgGA1UEAwwRc2NtLXN1YkBsb2NhbGhvc3QxLTArBgNVBAsMJDA1
NzBkMjdlLTc1NTctNDQ5Yi05NDljLTNlN2Y3ZmM1N2IwNTEtMCsGA1UECgwkZmYw
NTRhYjctNmRhNy00NDhmLTljYWUtZjYyOWYwMGI1ZTA4MQowCAYDVQQFEwEyMIIB
IjANBgkqhkiG9w0BAQEFAAOCAQ8AMIIBCgKCAQEAlDoRuvgTeOPS68znKRopUqVH
hyqDahQNHLuVix6BTD7/At4x7Odm3SKHf7lDkp7LJs8NB1fo4lco7HyqomhoUtuu
CrvLBZh2NEpsU2snEFYCHmdMgep/UAV8GpDlzlsvKbGQwyGd3r6/7FGbgCRQ8hEb
LLWIL9247dOOVG8EXn5O7Zahb62UGnhN79W4o41GBwebW7mgDRtqZWTAYzziJq2A
zkqb9Yq2tFwTNSwr9ojFFeUGINeqv0GKJlDdV4dPcNp0bJw7yjn0owtmOs2TjrGz
gOD0ewyaHCfEmVqt5cR3m5VnDnoVQK0D2mjwC7MKBGQNtnTOpLpjIq0voNYs8wID
AQABo3cwdTAOBgNVHQ8BAf8EBAMCAb4wUgYDVR0RBEswSYcECgEAaoJBZnYtYXox
Mjg4LTQzNC5iZ3V1MnpkdXNjZGViY3FmbHJvdmMxbWhqaC5keC5pbnRlcm5hbC5j
bG91ZGFwcC5uZXQwDwYDVR0TAQH/BAUwAwEB/zANBgkqhkiG9w0BAQsFAAOCAQEA
w3Jqtgfd2n31pVxYV5sCmcCKQiebQ3ebpFQXsVbHLToPQPvVaYG4JHsXmGMuSJFH
DR9kuCcWmNMaZzr3W/vUz1eJXWFzaa0sJLzxIgGSjiJNkkIXMBPds74zoU4uJ0rl
ndOuankSdj22uQl33JamK+haZvVWKgL3jOV/4SMXPc0wSUOU0CiUS65d3UYDR9Hy
HJS+NOS/dBM07S+AO5EZumdrSbdRRo+ldH0XtsVKcryrXgJEQe1ZgqbJ57b1DBsa
l6G38GvWjsMSvDSCbEw8YyPP4wnEFHB+qX9mjAhcvuyxJZ2Qic1tZmJHdFqCrEjS
K+j0A+dzA0yMXlAlpfjcoQ==
-----END CERTIFICATE-----

-----BEGIN CERTIFICATE-----
MIID+DCCAuCgAwIBAgIBATANBgkqhkiG9w0BAQsFADCBgjEWMBQGA1UEAwwNc2Nt
QGxvY2FsaG9zdDEtMCsGA1UECwwkMDU3MGQyN2UtNzU1Ny00NDliLTk0OWMtM2U3
ZjdmYzU3YjA1MS0wKwYDVQQKDCRmZjA1NGFiNy02ZGE3LTQ0OGYtOWNhZS1mNjI5
ZjAwYjVlMDgxCjAIBgNVBAUTATEwHhcNMjUwNzAyMTg1MTI4WhcNMzAwODEwMTg1
MTI4WjCBgjEWMBQGA1UEAwwNc2NtQGxvY2FsaG9zdDEtMCsGA1UECwwkMDU3MGQy
N2UtNzU1Ny00NDliLTk0OWMtM2U3ZjdmYzU3YjA1MS0wKwYDVQQKDCRmZjA1NGFi
Ny02ZGE3LTQ0OGYtOWNhZS1mNjI5ZjAwYjVlMDgxCjAIBgNVBAUTATEwggEiMA0G
CSqGSIb3DQEBAQUAA4IBDwAwggEKAoIBAQDSOHDH15CZsZYmQ3wfdwmh8mSpyVHk
1uULzHKGB/g5GGl37+OOp8iwkJLXTlAVXPRdX/eMWXGqHq7zuYuhOYb3NcUXI4Sr
FmzzcFLtdU3aNQLis6kSEpgMXmDh1YJrwEaC92Hi1rjos0Bi5YOzGA5Bg8goo/Hg
UZZMiVGPNf24RlbEnqvLvqle4VvvYXwEcVXtdGKF9zLr2aitH1U6aVlHp69HYltc
Cn+TKtEiTFwBnZhArY+ppxsEe8oiXT0rB4mhdgertPk4tf/HTtw0lS7TXTI8aBC1
duiKXPAepLzbRGPe3cEEvCPCAkWyeBDknjTVCX3rITXm8oOfqMP9d/XbAgMBAAGj
dzB1MA8GA1UdEwEB/wQFMAMBAf8wDgYDVR0PAQH/BAQDAgEGMFIGA1UdEQRLMEmH
BAoBAGqCQWZ2LWF6MTI4OC00MzQuYmd1dTJ6ZHVzY2RlYmNxZmxyb3ZjMW1oamgu
ZHguaW50ZXJuYWwuY2xvdWRhcHAubmV0MA0GCSqGSIb3DQEBCwUAA4IBAQAFYWuU
DGLCxzWqlISKSJkp+GzwpSuGbvbGP9EImQNRYo00OYVsuKp5S+21u0LEKwtPDzIX
qEmjZD72b/At4ZtASAIlFCTtD2lOSLR+jC/k4WNQ3Qi9GXq8L6fwO5n4beoeX7dK
igE9ppwYPTljSrabdadG46EsxPm33y2TsV+9F+AHILamSLKtcfLzj4exd3wawGpv
egolczxu7mwSj6J5TP+m2LcP9uxqg/QIa6i5uD/dVduxkPkoQ7cY/+uOMdWWFg+0
2ngy8j05z1Y4SJCO/HB+1b53O4dAoX/BotgBjGwbRSNVA4LMenALIXLWa0yivRFf
ag9T/4oGtYfovUKc
-----END CERTIFICATE-----

2025-07-02 18:51:28,609 [main] INFO  utils.CertificateCodec (CertificateCodec.java:writeCertificate(241)) - Save certificate to /home/runner/work/ozone/ozone/hadoop-ozone/integration-test/target/test-dir/MiniOzoneClusterImpl-ff054ab7-6da7-448f-9cae-f629f00b5e08/scmNode-1/scm/sub-ca/certs/certificate.crt
2025-07-02 18:51:28,610 [main] INFO  utils.CertificateCodec (CertificateCodec.java:writeCertificate(242)) - Certificate -----BEGIN CERTIFICATE-----
MIID/DCCAuSgAwIBAgIBAjANBgkqhkiG9w0BAQsFADCBgjEWMBQGA1UEAwwNc2Nt
QGxvY2FsaG9zdDEtMCsGA1UECwwkMDU3MGQyN2UtNzU1Ny00NDliLTk0OWMtM2U3
ZjdmYzU3YjA1MS0wKwYDVQQKDCRmZjA1NGFiNy02ZGE3LTQ0OGYtOWNhZS1mNjI5
ZjAwYjVlMDgxCjAIBgNVBAUTATEwHhcNMjUwNzAyMTg1MTI4WhcNMzAwODEwMTg1
MTI4WjCBhjEaMBgGA1UEAwwRc2NtLXN1YkBsb2NhbGhvc3QxLTArBgNVBAsMJDA1
NzBkMjdlLTc1NTctNDQ5Yi05NDljLTNlN2Y3ZmM1N2IwNTEtMCsGA1UECgwkZmYw
NTRhYjctNmRhNy00NDhmLTljYWUtZjYyOWYwMGI1ZTA4MQowCAYDVQQFEwEyMIIB
IjANBgkqhkiG9w0BAQEFAAOCAQ8AMIIBCgKCAQEAlDoRuvgTeOPS68znKRopUqVH
hyqDahQNHLuVix6BTD7/At4x7Odm3SKHf7lDkp7LJs8NB1fo4lco7HyqomhoUtuu
CrvLBZh2NEpsU2snEFYCHmdMgep/UAV8GpDlzlsvKbGQwyGd3r6/7FGbgCRQ8hEb
LLWIL9247dOOVG8EXn5O7Zahb62UGnhN79W4o41GBwebW7mgDRtqZWTAYzziJq2A
zkqb9Yq2tFwTNSwr9ojFFeUGINeqv0GKJlDdV4dPcNp0bJw7yjn0owtmOs2TjrGz
gOD0ewyaHCfEmVqt5cR3m5VnDnoVQK0D2mjwC7MKBGQNtnTOpLpjIq0voNYs8wID
AQABo3cwdTAOBgNVHQ8BAf8EBAMCAb4wUgYDVR0RBEswSYcECgEAaoJBZnYtYXox
Mjg4LTQzNC5iZ3V1MnpkdXNjZGViY3FmbHJvdmMxbWhqaC5keC5pbnRlcm5hbC5j
bG91ZGFwcC5uZXQwDwYDVR0TAQH/BAUwAwEB/zANBgkqhkiG9w0BAQsFAAOCAQEA
w3Jqtgfd2n31pVxYV5sCmcCKQiebQ3ebpFQXsVbHLToPQPvVaYG4JHsXmGMuSJFH
DR9kuCcWmNMaZzr3W/vUz1eJXWFzaa0sJLzxIgGSjiJNkkIXMBPds74zoU4uJ0rl
ndOuankSdj22uQl33JamK+haZvVWKgL3jOV/4SMXPc0wSUOU0CiUS65d3UYDR9Hy
HJS+NOS/dBM07S+AO5EZumdrSbdRRo+ldH0XtsVKcryrXgJEQe1ZgqbJ57b1DBsa
l6G38GvWjsMSvDSCbEw8YyPP4wnEFHB+qX9mjAhcvuyxJZ2Qic1tZmJHdFqCrEjS
K+j0A+dzA0yMXlAlpfjcoQ==
-----END CERTIFICATE-----

-----BEGIN CERTIFICATE-----
MIID+DCCAuCgAwIBAgIBATANBgkqhkiG9w0BAQsFADCBgjEWMBQGA1UEAwwNc2Nt
QGxvY2FsaG9zdDEtMCsGA1UECwwkMDU3MGQyN2UtNzU1Ny00NDliLTk0OWMtM2U3
ZjdmYzU3YjA1MS0wKwYDVQQKDCRmZjA1NGFiNy02ZGE3LTQ0OGYtOWNhZS1mNjI5
ZjAwYjVlMDgxCjAIBgNVBAUTATEwHhcNMjUwNzAyMTg1MTI4WhcNMzAwODEwMTg1
MTI4WjCBgjEWMBQGA1UEAwwNc2NtQGxvY2FsaG9zdDEtMCsGA1UECwwkMDU3MGQy
N2UtNzU1Ny00NDliLTk0OWMtM2U3ZjdmYzU3YjA1MS0wKwYDVQQKDCRmZjA1NGFi
Ny02ZGE3LTQ0OGYtOWNhZS1mNjI5ZjAwYjVlMDgxCjAIBgNVBAUTATEwggEiMA0G
CSqGSIb3DQEBAQUAA4IBDwAwggEKAoIBAQDSOHDH15CZsZYmQ3wfdwmh8mSpyVHk
1uULzHKGB/g5GGl37+OOp8iwkJLXTlAVXPRdX/eMWXGqHq7zuYuhOYb3NcUXI4Sr
FmzzcFLtdU3aNQLis6kSEpgMXmDh1YJrwEaC92Hi1rjos0Bi5YOzGA5Bg8goo/Hg
UZZMiVGPNf24RlbEnqvLvqle4VvvYXwEcVXtdGKF9zLr2aitH1U6aVlHp69HYltc
Cn+TKtEiTFwBnZhArY+ppxsEe8oiXT0rB4mhdgertPk4tf/HTtw0lS7TXTI8aBC1
duiKXPAepLzbRGPe3cEEvCPCAkWyeBDknjTVCX3rITXm8oOfqMP9d/XbAgMBAAGj
dzB1MA8GA1UdEwEB/wQFMAMBAf8wDgYDVR0PAQH/BAQDAgEGMFIGA1UdEQRLMEmH
BAoBAGqCQWZ2LWF6MTI4OC00MzQuYmd1dTJ6ZHVzY2RlYmNxZmxyb3ZjMW1oamgu
ZHguaW50ZXJuYWwuY2xvdWRhcHAubmV0MA0GCSqGSIb3DQEBCwUAA4IBAQAFYWuU
DGLCxzWqlISKSJkp+GzwpSuGbvbGP9EImQNRYo00OYVsuKp5S+21u0LEKwtPDzIX
qEmjZD72b/At4ZtASAIlFCTtD2lOSLR+jC/k4WNQ3Qi9GXq8L6fwO5n4beoeX7dK
igE9ppwYPTljSrabdadG46EsxPm33y2TsV+9F+AHILamSLKtcfLzj4exd3wawGpv
egolczxu7mwSj6J5TP+m2LcP9uxqg/QIa6i5uD/dVduxkPkoQ7cY/+uOMdWWFg+0
2ngy8j05z1Y4SJCO/HB+1b53O4dAoX/BotgBjGwbRSNVA4LMenALIXLWa0yivRFf
ag9T/4oGtYfovUKc
-----END CERTIFICATE-----

2025-07-02 18:51:28,610 [main] INFO  client.SCMCertificateClient (SCMCertificateClient.java:recoverStateIfNeeded(289)) - Successfully stored SCM signed certificate.
2025-07-02 18:51:28,620 [main] WARN  server.ServerUtils (ServerUtils.java:getScmDbDir(138)) - ozone.scm.db.dirs is not configured. We recommend adding this setting. Falling back to ozone.metadata.dirs instead.
2025-07-02 18:51:28,621 [main] INFO  ha.SCMHANodeDetails (SCMHANodeDetails.java:loadSCMHAConfig(162)) - ServiceID for StorageContainerManager is SecureSCM
2025-07-02 18:51:28,622 [main] INFO  ha.SCMHANodeDetails (SCMHANodeDetails.java:loadSCMHAConfig(172)) - ServiceID for StorageContainerManager is SecureSCM
2025-07-02 18:51:28,622 [main] WARN  scm.ScmUtils (ScmUtils.java:logWarn(162)) - ConfigKey ozone.scm.block.client.address is deprecated, For configuring different ports for each SCM use PortConfigKey ozone.scm.block.client.port appended with serviceId and nodeId. If want to configure same port configure ozone.scm.block.client.port
2025-07-02 18:51:28,623 [main] WARN  scm.ScmUtils (ScmUtils.java:logWarn(162)) - ConfigKey ozone.scm.client.address is deprecated, For configuring different ports for each SCM use PortConfigKey ozone.scm.client.port appended with serviceId and nodeId. If want to configure same port configure ozone.scm.client.port
2025-07-02 18:51:28,623 [main] WARN  scm.ScmUtils (ScmUtils.java:logWarn(162)) - ConfigKey ozone.scm.datanode.address is deprecated, For configuring different ports for each SCM use PortConfigKey ozone.scm.datanode.port appended with serviceId and nodeId. If want to configure same port configure ozone.scm.datanode.port
2025-07-02 18:51:28,623 [main] WARN  scm.ScmUtils (ScmUtils.java:logWarn(162)) - ConfigKey ozone.scm.block.client.address is deprecated, For configuring different ports for each SCM use PortConfigKey ozone.scm.block.client.port appended with serviceId and nodeId. If want to configure same port configure ozone.scm.block.client.port
2025-07-02 18:51:28,624 [main] WARN  scm.ScmUtils (ScmUtils.java:logWarn(162)) - ConfigKey ozone.scm.client.address is deprecated, For configuring different ports for each SCM use PortConfigKey ozone.scm.client.port appended with serviceId and nodeId. If want to configure same port configure ozone.scm.client.port
2025-07-02 18:51:28,624 [main] WARN  scm.ScmUtils (ScmUtils.java:logWarn(162)) - ConfigKey ozone.scm.datanode.address is deprecated, For configuring different ports for each SCM use PortConfigKey ozone.scm.datanode.port appended with serviceId and nodeId. If want to configure same port configure ozone.scm.datanode.port
2025-07-02 18:51:28,624 [main] INFO  ha.SCMHANodeDetails (SCMHANodeDetails.java:loadSCMHAConfig(259)) - Found matching SCM address with SCMServiceId: SecureSCM, SCMNodeId: scmNode-1, RPC Address: localhost:15003 and Ratis port: 15003
2025-07-02 18:51:28,625 [main] INFO  ha.SCMHANodeDetails (ConfUtils.java:setNodeSpecificConfigs(98)) - Setting configuration key ozone.scm.datanode.address with value of key ozone.scm.datanode.address.SecureSCM.scmNode-1: 127.0.0.1:15004
2025-07-02 18:51:28,627 [main] INFO  ha.SCMHANodeDetails (ConfUtils.java:setNodeSpecificConfigs(98)) - Setting configuration key ozone.scm.block.client.address with value of key ozone.scm.block.client.address.SecureSCM.scmNode-1: 127.0.0.1:15007
2025-07-02 18:51:28,627 [main] INFO  ha.SCMHANodeDetails (ConfUtils.java:setNodeSpecificConfigs(98)) - Setting configuration key ozone.scm.client.address with value of key ozone.scm.client.address.SecureSCM.scmNode-1: 127.0.0.1:15005
2025-07-02 18:51:28,627 [main] INFO  ha.SCMHANodeDetails (ConfUtils.java:setNodeSpecificConfigs(98)) - Setting configuration key ozone.scm.security.service.address with value of key ozone.scm.security.service.address.SecureSCM.scmNode-1: 127.0.0.1:15002
2025-07-02 18:51:28,627 [main] INFO  ha.SCMHANodeDetails (ConfUtils.java:setNodeSpecificConfigs(98)) - Setting configuration key ozone.scm.ratis.port with value of key ozone.scm.ratis.port.SecureSCM.scmNode-1: 15003
2025-07-02 18:51:28,628 [main] INFO  ha.SCMHANodeDetails (ConfUtils.java:setNodeSpecificConfigs(98)) - Setting configuration key ozone.scm.grpc.port with value of key ozone.scm.grpc.port.SecureSCM.scmNode-1: 15006
2025-07-02 18:51:28,628 [main] INFO  ha.SCMHANodeDetails (ConfUtils.java:setNodeSpecificConfigs(98)) - Setting configuration key ozone.scm.http-address with value of key ozone.scm.http-address.SecureSCM.scmNode-1: 127.0.0.1:15000
2025-07-02 18:51:28,628 [main] INFO  ha.SCMHANodeDetails (ConfUtils.java:setNodeSpecificConfigs(98)) - Setting configuration key ozone.scm.https-address with value of key ozone.scm.https-address.SecureSCM.scmNode-1: 127.0.0.1:15001
2025-07-02 18:51:28,628 [main] INFO  ha.SCMHANodeDetails (ConfUtils.java:setNodeSpecificConfigs(98)) - Setting configuration key ozone.scm.address with value of key ozone.scm.address.SecureSCM.scmNode-1: 127.0.0.1
2025-07-02 18:51:28,629 [main] WARN  scm.ScmUtils (ScmUtils.java:logWarn(162)) - ConfigKey ozone.scm.block.client.address is deprecated, For configuring different ports for each SCM use PortConfigKey ozone.scm.block.client.port appended with serviceId and nodeId. If want to configure same port configure ozone.scm.block.client.port
2025-07-02 18:51:28,629 [main] WARN  scm.ScmUtils (ScmUtils.java:logWarn(162)) - ConfigKey ozone.scm.client.address is deprecated, For configuring different ports for each SCM use PortConfigKey ozone.scm.client.port appended with serviceId and nodeId. If want to configure same port configure ozone.scm.client.port
2025-07-02 18:51:28,629 [main] WARN  scm.ScmUtils (ScmUtils.java:logWarn(162)) - ConfigKey ozone.scm.datanode.address is deprecated, For configuring different ports for each SCM use PortConfigKey ozone.scm.datanode.port appended with serviceId and nodeId. If want to configure same port configure ozone.scm.datanode.port
2025-07-02 18:51:28,678 [main] INFO  server.RaftServerConfigKeys (ConfUtils.java:logGet(62)) - raft.server.log.appender.buffer.byte-limit = 4194304 (custom)
2025-07-02 18:51:28,700 [main] INFO  server.RaftServer (ConfUtils.java:logGet(62)) - raft.rpc.type = GRPC (default)
2025-07-02 18:51:28,776 [main] INFO  grpc.GrpcConfigKeys (ConfUtils.java:logFallback(69)) - raft.grpc.admin.host = null (fallback to raft.grpc.server.host)
2025-07-02 18:51:28,777 [main] INFO  grpc.GrpcConfigKeys (ConfUtils.java:logFallback(69)) - raft.grpc.admin.port = 15003 (fallback to raft.grpc.server.port)
2025-07-02 18:51:28,778 [main] INFO  grpc.GrpcConfigKeys (ConfUtils.java:logFallback(69)) - raft.grpc.client.host = null (fallback to raft.grpc.server.host)
2025-07-02 18:51:28,779 [main] INFO  grpc.GrpcConfigKeys (ConfUtils.java:logFallback(69)) - raft.grpc.client.port = 15003 (fallback to raft.grpc.server.port)
2025-07-02 18:51:28,780 [main] INFO  grpc.GrpcConfigKeys (ConfUtils.java:logGet(62)) - raft.grpc.server.port = 15003 (custom)
2025-07-02 18:51:28,780 [main] INFO  server.GrpcServicesImpl (ConfUtils.java:logGet(62)) - raft.grpc.message.size.max = 5242880 (custom)
2025-07-02 18:51:28,781 [main] INFO  server.GrpcServicesImpl (ConfUtils.java:logGet(62)) - raft.grpc.flow.control.window = 1MB (=1048576) (default)
2025-07-02 18:51:28,782 [main] INFO  server.RaftServerConfigKeys (ConfUtils.java:logGet(62)) - raft.server.rpc.request.timeout = 30000ms (custom)
2025-07-02 18:51:28,786 [main] INFO  grpc.GrpcConfigKeys (ConfUtils.java:logGet(62)) - raft.grpc.server.heartbeat.channel = true (default)
2025-07-02 18:51:28,786 [main] INFO  server.RaftServerConfigKeys (ConfUtils.java:logGet(62)) - raft.server.log.appender.buffer.byte-limit = 4194304 (custom)
2025-07-02 18:51:28,789 [main] INFO  grpc.GrpcConfigKeys (ConfUtils.java:logGet(62)) - raft.grpc.server.async.request.thread.pool.cached = true (default)
2025-07-02 18:51:28,789 [main] INFO  grpc.GrpcConfigKeys (ConfUtils.java:logGet(62)) - raft.grpc.server.async.request.thread.pool.size = 32 (default)
2025-07-02 18:51:28,986 [main] INFO  impl.DataStreamServerImpl (ConfUtils.java:logGet(62)) - raft.datastream.type = DISABLED (default)
2025-07-02 18:51:28,989 [main] INFO  server.RaftServerConfigKeys (ConfUtils.java:logGet(62)) - raft.server.sleep.deviation.threshold = 300ms (default)
2025-07-02 18:51:28,989 [main] INFO  server.RaftServerConfigKeys (ConfUtils.java:logGet(62)) - raft.server.close.threshold = 60s (default)
2025-07-02 18:51:28,989 [main] INFO  server.RaftServerConfigKeys (ConfUtils.java:logGet(62)) - raft.server.leaderelection.leader.step-down.wait-time = 10s (default)
2025-07-02 18:51:28,993 [main] INFO  server.RaftServerConfigKeys (ConfUtils.java:logGet(62)) - raft.server.storage.dir = [/home/runner/work/ozone/ozone/hadoop-ozone/integration-test/target/test-dir/MiniOzoneClusterImpl-ff054ab7-6da7-448f-9cae-f629f00b5e08/scmNode-1/scm-ha] (custom)
2025-07-02 18:51:28,993 [main] INFO  server.RaftServerConfigKeys (ConfUtils.java:logGet(62)) - raft.server.threadpool.proxy.cached = true (default)
2025-07-02 18:51:28,994 [main] INFO  server.RaftServerConfigKeys (ConfUtils.java:logGet(62)) - raft.server.threadpool.proxy.size = 0 (default)
2025-07-02 18:51:28,999 [main] INFO  server.RaftServer (RaftServerProxy.java:addNew(105)) - 0570d27e-7557-449b-949c-3e7f7fc57b05: addNew group-F629F00B5E08:[0570d27e-7557-449b-949c-3e7f7fc57b05|localhost:15003] returns group-F629F00B5E08:java.util.concurrent.CompletableFuture@1cdd31a4[Not completed]
2025-07-02 18:51:29,016 [0570d27e-7557-449b-949c-3e7f7fc57b05-groupManagement] INFO  server.RaftServer$Division (RaftServerImpl.java:<init>(268)) - 0570d27e-7557-449b-949c-3e7f7fc57b05: new RaftServerImpl for group-F629F00B5E08:[0570d27e-7557-449b-949c-3e7f7fc57b05|localhost:15003] with SCMStateMachine:uninitialized
2025-07-02 18:51:29,018 [0570d27e-7557-449b-949c-3e7f7fc57b05-groupManagement] INFO  server.RaftServerConfigKeys (ConfUtils.java:logGet(62)) - raft.server.rpc.timeout.min = 5000ms (custom)
2025-07-02 18:51:29,018 [0570d27e-7557-449b-949c-3e7f7fc57b05-groupManagement] INFO  server.RaftServerConfigKeys (ConfUtils.java:logGet(62)) - raft.server.rpc.timeout.max = 5200ms (custom)
2025-07-02 18:51:29,018 [0570d27e-7557-449b-949c-3e7f7fc57b05-groupManagement] INFO  server.RaftServerConfigKeys (ConfUtils.java:logGet(62)) - raft.server.rpc.sleep.time = 25ms (default)
2025-07-02 18:51:29,019 [0570d27e-7557-449b-949c-3e7f7fc57b05-groupManagement] INFO  server.RaftServerConfigKeys (ConfUtils.java:logGet(62)) - raft.server.rpc.slowness.timeout = 120000ms (custom)
2025-07-02 18:51:29,019 [0570d27e-7557-449b-949c-3e7f7fc57b05-groupManagement] INFO  server.RaftServerConfigKeys (ConfUtils.java:logGet(62)) - raft.server.leaderelection.member.majority-add = false (default)
2025-07-02 18:51:29,024 [0570d27e-7557-449b-949c-3e7f7fc57b05-groupManagement] INFO  server.RaftServer$Division (ServerState.java:<init>(114)) - 0570d27e-7557-449b-949c-3e7f7fc57b05@group-F629F00B5E08: ConfigurationManager, init=conf: {index: -1, cur=peers:[0570d27e-7557-449b-949c-3e7f7fc57b05|localhost:15003]|listeners:[], old=null}, confs=<EMPTY_MAP>
2025-07-02 18:51:29,028 [0570d27e-7557-449b-949c-3e7f7fc57b05-groupManagement] INFO  server.RaftServerConfigKeys (ConfUtils.java:logGet(62)) - raft.server.notification.no-leader.timeout = 60s (default)
2025-07-02 18:51:29,030 [0570d27e-7557-449b-949c-3e7f7fc57b05-groupManagement] INFO  server.RaftServerConfigKeys (ConfUtils.java:logGet(62)) - raft.server.read.timeout = 10s (default)
2025-07-02 18:51:29,033 [0570d27e-7557-449b-949c-3e7f7fc57b05-groupManagement] INFO  server.RaftServerConfigKeys (ConfUtils.java:logGet(62)) - raft.server.retrycache.expirytime = 60000ms (default)
2025-07-02 18:51:29,033 [0570d27e-7557-449b-949c-3e7f7fc57b05-groupManagement] INFO  server.RaftServerConfigKeys (ConfUtils.java:logGet(62)) - raft.server.retrycache.statistics.expirytime = 100ms (default)
2025-07-02 18:51:29,050 [0570d27e-7557-449b-949c-3e7f7fc57b05-groupManagement] INFO  server.RaftServerConfigKeys (ConfUtils.java:logGet(62)) - raft.server.read.option = DEFAULT (default)
2025-07-02 18:51:29,051 [0570d27e-7557-449b-949c-3e7f7fc57b05-groupManagement] INFO  server.RaftServerConfigKeys (ConfUtils.java:logGet(62)) - raft.server.read.read-after-write-consistent.write-index-cache.expiry-time = 60s (default)
2025-07-02 18:51:29,173 [0570d27e-7557-449b-949c-3e7f7fc57b05-groupManagement] INFO  server.RaftServerConfigKeys (ConfUtils.java:logGet(62)) - raft.server.log.appender.install.snapshot.enabled = false (custom)
2025-07-02 18:51:29,174 [0570d27e-7557-449b-949c-3e7f7fc57b05-groupManagement] INFO  server.RaftServerConfigKeys (ConfUtils.java:logGet(62)) - raft.server.threadpool.server.cached = true (default)
2025-07-02 18:51:29,174 [0570d27e-7557-449b-949c-3e7f7fc57b05-groupManagement] INFO  server.RaftServerConfigKeys (ConfUtils.java:logGet(62)) - raft.server.threadpool.server.size = 0 (default)
2025-07-02 18:51:29,174 [0570d27e-7557-449b-949c-3e7f7fc57b05-groupManagement] INFO  server.RaftServerConfigKeys (ConfUtils.java:logGet(62)) - raft.server.threadpool.client.cached = true (default)
2025-07-02 18:51:29,175 [0570d27e-7557-449b-949c-3e7f7fc57b05-groupManagement] INFO  server.RaftServerConfigKeys (ConfUtils.java:logGet(62)) - raft.server.threadpool.client.size = 0 (default)
2025-07-02 18:51:29,176 [0570d27e-7557-449b-949c-3e7f7fc57b05-impl-thread1] INFO  server.RaftServerConfigKeys (ConfUtils.java:logGet(62)) - raft.server.storage.free-space.min = 0MB (=0) (default)
2025-07-02 18:51:29,176 [0570d27e-7557-449b-949c-3e7f7fc57b05-impl-thread1] INFO  server.RaftServerConfigKeys (ConfUtils.java:logGet(62)) - raft.server.log.corruption.policy = EXCEPTION (default)
2025-07-02 18:51:29,181 [0570d27e-7557-449b-949c-3e7f7fc57b05-impl-thread1] INFO  storage.RaftStorageDirectory (RaftStorageDirectoryImpl.java:analyzeStorage(138)) - The storage directory /home/runner/work/ozone/ozone/hadoop-ozone/integration-test/target/test-dir/MiniOzoneClusterImpl-ff054ab7-6da7-448f-9cae-f629f00b5e08/scmNode-1/scm-ha/ff054ab7-6da7-448f-9cae-f629f00b5e08 does not exist. Creating ...
2025-07-02 18:51:29,184 [0570d27e-7557-449b-949c-3e7f7fc57b05-impl-thread1] INFO  storage.RaftStorageDirectory (RaftStorageDirectoryImpl.java:tryLock(229)) - Lock on /home/runner/work/ozone/ozone/hadoop-ozone/integration-test/target/test-dir/MiniOzoneClusterImpl-ff054ab7-6da7-448f-9cae-f629f00b5e08/scmNode-1/scm-ha/ff054ab7-6da7-448f-9cae-f629f00b5e08/in_use.lock acquired by nodename 59972@localhost
2025-07-02 18:51:29,187 [0570d27e-7557-449b-949c-3e7f7fc57b05-impl-thread1] INFO  storage.RaftStorage (RaftStorageImpl.java:format(98)) - Storage directory /home/runner/work/ozone/ozone/hadoop-ozone/integration-test/target/test-dir/MiniOzoneClusterImpl-ff054ab7-6da7-448f-9cae-f629f00b5e08/scmNode-1/scm-ha/ff054ab7-6da7-448f-9cae-f629f00b5e08 has been successfully formatted.
2025-07-02 18:51:29,188 [0570d27e-7557-449b-949c-3e7f7fc57b05-impl-thread1] INFO  ha.SCMStateMachine (SCMStateMachine.java:lambda$initialize$0(135)) - 0570d27e-7557-449b-949c-3e7f7fc57b05: initialize group-F629F00B5E08
2025-07-02 18:51:29,190 [0570d27e-7557-449b-949c-3e7f7fc57b05-impl-thread1] INFO  server.RaftServerConfigKeys (ConfUtils.java:logGet(62)) - raft.server.log.use.memory = false (default)
2025-07-02 18:51:29,196 [0570d27e-7557-449b-949c-3e7f7fc57b05-impl-thread1] INFO  server.RaftServerConfigKeys (ConfUtils.java:logGet(62)) - raft.server.log.purge.gap = 1000000 (custom)
2025-07-02 18:51:29,196 [0570d27e-7557-449b-949c-3e7f7fc57b05-impl-thread1] INFO  server.RaftServerConfigKeys (ConfUtils.java:logGet(62)) - raft.server.log.appender.buffer.byte-limit = 4194304 (custom)
2025-07-02 18:51:29,197 [0570d27e-7557-449b-949c-3e7f7fc57b05-impl-thread1] INFO  server.RaftServerConfigKeys (ConfUtils.java:logGet(62)) - raft.server.log.statemachine.data.read.timeout = 1000ms (default)
2025-07-02 18:51:29,198 [0570d27e-7557-449b-949c-3e7f7fc57b05-impl-thread1] INFO  server.RaftServerConfigKeys (ConfUtils.java:logGet(62)) - raft.server.log.purge.preservation.log.num = 0 (default)
2025-07-02 18:51:29,200 [0570d27e-7557-449b-949c-3e7f7fc57b05-impl-thread1] INFO  server.RaftServerConfigKeys (ConfUtils.java:logGet(62)) - raft.server.log.segment.size.max = 4194304 (custom)
2025-07-02 18:51:29,204 [0570d27e-7557-449b-949c-3e7f7fc57b05-impl-thread1] INFO  server.RaftServerConfigKeys (ConfUtils.java:logGet(62)) - raft.server.log.segment.cache.num.max = 2 (custom)
2025-07-02 18:51:29,204 [0570d27e-7557-449b-949c-3e7f7fc57b05-impl-thread1] INFO  server.RaftServerConfigKeys (ConfUtils.java:logGet(62)) - raft.server.log.segment.cache.size.max = 200MB (=209715200) (default)
2025-07-02 18:51:29,204 [0570d27e-7557-449b-949c-3e7f7fc57b05-impl-thread1] INFO  server.RaftServerConfigKeys (ConfUtils.java:logGet(62)) - raft.server.log.appender.buffer.byte-limit = 4194304 (custom)
2025-07-02 18:51:29,206 [0570d27e-7557-449b-949c-3e7f7fc57b05-impl-thread1] INFO  util.AwaitToRun (AwaitToRun.java:start(81)) - Thread[#40,0570d27e-7557-449b-949c-3e7f7fc57b05@group-F629F00B5E08-cacheEviction-AwaitToRun,5,main] started
2025-07-02 18:51:29,209 [0570d27e-7557-449b-949c-3e7f7fc57b05-impl-thread1] INFO  segmented.SegmentedRaftLogWorker (SegmentedRaftLogWorker.java:<init>(190)) - new 0570d27e-7557-449b-949c-3e7f7fc57b05@group-F629F00B5E08-SegmentedRaftLogWorker for RaftStorageImpl:Storage Directory /home/runner/work/ozone/ozone/hadoop-ozone/integration-test/target/test-dir/MiniOzoneClusterImpl-ff054ab7-6da7-448f-9cae-f629f00b5e08/scmNode-1/scm-ha/ff054ab7-6da7-448f-9cae-f629f00b5e08
2025-07-02 18:51:29,210 [0570d27e-7557-449b-949c-3e7f7fc57b05-impl-thread1] INFO  server.RaftServerConfigKeys (ConfUtils.java:logGet(62)) - raft.server.log.queue.byte-limit = 64MB (=67108864) (default)
2025-07-02 18:51:29,210 [0570d27e-7557-449b-949c-3e7f7fc57b05-impl-thread1] INFO  server.RaftServerConfigKeys (ConfUtils.java:logGet(62)) - raft.server.log.queue.element-limit = 4096 (default)
2025-07-02 18:51:29,211 [0570d27e-7557-449b-949c-3e7f7fc57b05-impl-thread1] INFO  server.RaftServerConfigKeys (ConfUtils.java:logGet(62)) - raft.server.log.segment.size.max = 4194304 (custom)
2025-07-02 18:51:29,212 [0570d27e-7557-449b-949c-3e7f7fc57b05-impl-thread1] INFO  server.RaftServerConfigKeys (ConfUtils.java:logGet(62)) - raft.server.log.preallocated.size = 4194304 (custom)
2025-07-02 18:51:29,212 [0570d27e-7557-449b-949c-3e7f7fc57b05-impl-thread1] INFO  server.RaftServerConfigKeys (ConfUtils.java:logGet(62)) - raft.server.log.force.sync.num = 128 (default)
2025-07-02 18:51:29,213 [0570d27e-7557-449b-949c-3e7f7fc57b05-impl-thread1] INFO  server.RaftServerConfigKeys (ConfUtils.java:logGet(62)) - raft.server.log.statemachine.data.sync = true (default)
2025-07-02 18:51:29,213 [0570d27e-7557-449b-949c-3e7f7fc57b05-impl-thread1] INFO  server.RaftServerConfigKeys (ConfUtils.java:logGet(62)) - raft.server.log.statemachine.data.sync.timeout = 10s (default)
2025-07-02 18:51:29,214 [0570d27e-7557-449b-949c-3e7f7fc57b05-impl-thread1] INFO  server.RaftServerConfigKeys (ConfUtils.java:logGet(62)) - raft.server.log.statemachine.data.sync.timeout.retry = -1 (default)
2025-07-02 18:51:29,215 [0570d27e-7557-449b-949c-3e7f7fc57b05-impl-thread1] INFO  server.RaftServerConfigKeys (ConfUtils.java:logGet(62)) - raft.server.log.write.buffer.size = 4194312 (custom)
2025-07-02 18:51:29,216 [0570d27e-7557-449b-949c-3e7f7fc57b05-impl-thread1] INFO  server.RaftServerConfigKeys (ConfUtils.java:logGet(62)) - raft.server.log.appender.buffer.byte-limit = 4194304 (custom)
2025-07-02 18:51:29,216 [0570d27e-7557-449b-949c-3e7f7fc57b05-impl-thread1] INFO  server.RaftServerConfigKeys (ConfUtils.java:logGet(62)) - raft.server.log.unsafe-flush.enabled = false (default)
2025-07-02 18:51:29,216 [0570d27e-7557-449b-949c-3e7f7fc57b05-impl-thread1] INFO  server.RaftServerConfigKeys (ConfUtils.java:logGet(62)) - raft.server.log.async-flush.enabled = false (default)
2025-07-02 18:51:29,217 [0570d27e-7557-449b-949c-3e7f7fc57b05-impl-thread1] INFO  server.RaftServerConfigKeys (ConfUtils.java:logGet(62)) - raft.server.log.statemachine.data.caching.enabled = false (default)
2025-07-02 18:51:29,221 [0570d27e-7557-449b-949c-3e7f7fc57b05-impl-thread1] INFO  segmented.SegmentedRaftLogWorker (SegmentedRaftLogWorker.java:lambda$new$0(141)) - 0570d27e-7557-449b-949c-3e7f7fc57b05@group-F629F00B5E08-SegmentedRaftLogWorker: flushIndex: setUnconditionally 0 -> -1
2025-07-02 18:51:29,224 [0570d27e-7557-449b-949c-3e7f7fc57b05-impl-thread1] INFO  segmented.SegmentedRaftLogWorker (SegmentedRaftLogWorker.java:lambda$new$0(141)) - 0570d27e-7557-449b-949c-3e7f7fc57b05@group-F629F00B5E08-SegmentedRaftLogWorker: safeCacheEvictIndex: setUnconditionally 0 -> -1
2025-07-02 18:51:29,228 [0570d27e-7557-449b-949c-3e7f7fc57b05-impl-thread1] INFO  server.RaftServer$Division (RaftServerImpl.java:start(405)) - 0570d27e-7557-449b-949c-3e7f7fc57b05@group-F629F00B5E08: start as a follower, conf=conf: {index: -1, cur=peers:[0570d27e-7557-449b-949c-3e7f7fc57b05|localhost:15003]|listeners:[], old=null}
2025-07-02 18:51:29,228 [0570d27e-7557-449b-949c-3e7f7fc57b05-impl-thread1] INFO  server.RaftServer$Division (RaftServerImpl.java:setRole(392)) - 0570d27e-7557-449b-949c-3e7f7fc57b05@group-F629F00B5E08: changes role from      null to FOLLOWER at term 0 for startAsFollower
2025-07-02 18:51:29,229 [0570d27e-7557-449b-949c-3e7f7fc57b05-impl-thread1] INFO  impl.RoleInfo (RoleInfo.java:updateAndGet(148)) - 0570d27e-7557-449b-949c-3e7f7fc57b05: start 0570d27e-7557-449b-949c-3e7f7fc57b05@group-F629F00B5E08-FollowerState
2025-07-02 18:51:29,233 [0570d27e-7557-449b-949c-3e7f7fc57b05@group-F629F00B5E08-FollowerState] INFO  server.RaftServerConfigKeys (ConfUtils.java:logFallback(69)) - raft.server.rpc.first-election.timeout.min = 5000ms (fallback to raft.server.rpc.timeout.min)
2025-07-02 18:51:29,233 [0570d27e-7557-449b-949c-3e7f7fc57b05@group-F629F00B5E08-FollowerState] INFO  server.RaftServerConfigKeys (ConfUtils.java:logFallback(69)) - raft.server.rpc.first-election.timeout.max = 5200ms (fallback to raft.server.rpc.timeout.max)
2025-07-02 18:51:29,236 [0570d27e-7557-449b-949c-3e7f7fc57b05-impl-thread1] INFO  util.JmxRegister (JmxRegister.java:tryRegister(44)) - Successfully registered JMX Bean with object name Ratis:service=RaftServer,group=group-F629F00B5E08,id=0570d27e-7557-449b-949c-3e7f7fc57b05
2025-07-02 18:51:29,237 [0570d27e-7557-449b-949c-3e7f7fc57b05-impl-thread1] INFO  util.JmxRegister (JmxRegister.java:register(58)) - register mxBean class org.apache.ratis.server.impl.RaftServerJmxAdapter as Ratis:service=RaftServer,group=group-F629F00B5E08,id=0570d27e-7557-449b-949c-3e7f7fc57b05
2025-07-02 18:51:29,239 [0570d27e-7557-449b-949c-3e7f7fc57b05-impl-thread1] INFO  server.RaftServerConfigKeys (ConfUtils.java:logGet(62)) - raft.server.snapshot.trigger-when-stop.enabled = true (default)
2025-07-02 18:51:29,239 [0570d27e-7557-449b-949c-3e7f7fc57b05-impl-thread1] INFO  server.RaftServerConfigKeys (ConfUtils.java:logGet(62)) - raft.server.snapshot.trigger-when-remove.enabled = true (default)
2025-07-02 18:51:29,239 [0570d27e-7557-449b-949c-3e7f7fc57b05-impl-thread1] INFO  server.RaftServerConfigKeys (ConfUtils.java:logGet(62)) - raft.server.snapshot.auto.trigger.enabled = true (custom)
2025-07-02 18:51:29,240 [0570d27e-7557-449b-949c-3e7f7fc57b05-impl-thread1] INFO  server.RaftServerConfigKeys (ConfUtils.java:logGet(62)) - raft.server.snapshot.auto.trigger.threshold = 1000 (custom)
2025-07-02 18:51:29,240 [0570d27e-7557-449b-949c-3e7f7fc57b05-impl-thread1] INFO  server.RaftServerConfigKeys (ConfUtils.java:logGet(62)) - raft.server.snapshot.retention.file.num = -1 (default)
2025-07-02 18:51:29,241 [0570d27e-7557-449b-949c-3e7f7fc57b05-impl-thread1] INFO  server.RaftServerConfigKeys (ConfUtils.java:logGet(62)) - raft.server.log.purge.upto.snapshot.index = false (default)
2025-07-02 18:51:29,244 [0570d27e-7557-449b-949c-3e7f7fc57b05-impl-thread1] INFO  server.RaftServer$Division (RaftServerImpl.java:start(419)) - 0570d27e-7557-449b-949c-3e7f7fc57b05@group-F629F00B5E08: Successfully started.
2025-07-02 18:51:29,244 [main] INFO  server.RaftServer (RaftServerProxy.java:startImpl(412)) - 0570d27e-7557-449b-949c-3e7f7fc57b05: start RPC server
2025-07-02 18:51:29,274 [main] INFO  server.GrpcServicesImpl (GrpcServicesImpl.java:startImpl(346)) - 0570d27e-7557-449b-949c-3e7f7fc57b05: GrpcServicesImpl started, listening on 15003
2025-07-02 18:51:29,275 [JvmPauseMonitor0] INFO  util.JvmPauseMonitor (JvmPauseMonitor.java:run(146)) - JvmPauseMonitor-0570d27e-7557-449b-949c-3e7f7fc57b05: Started
2025-07-02 18:51:34,289 [0570d27e-7557-449b-949c-3e7f7fc57b05@group-F629F00B5E08-FollowerState] INFO  impl.FollowerState (FollowerState.java:runImpl(161)) - 0570d27e-7557-449b-949c-3e7f7fc57b05@group-F629F00B5E08-FollowerState: change to CANDIDATE, lastRpcElapsedTime:5059584639ns, electionTimeout:5049ms
2025-07-02 18:51:34,289 [0570d27e-7557-449b-949c-3e7f7fc57b05@group-F629F00B5E08-FollowerState] INFO  impl.RoleInfo (RoleInfo.java:shutdownFollowerState(121)) - 0570d27e-7557-449b-949c-3e7f7fc57b05: shutdown 0570d27e-7557-449b-949c-3e7f7fc57b05@group-F629F00B5E08-FollowerState
2025-07-02 18:51:34,289 [0570d27e-7557-449b-949c-3e7f7fc57b05@group-F629F00B5E08-FollowerState] INFO  server.RaftServer$Division (RaftServerImpl.java:setRole(392)) - 0570d27e-7557-449b-949c-3e7f7fc57b05@group-F629F00B5E08: changes role from  FOLLOWER to CANDIDATE at term 0 for changeToCandidate
2025-07-02 18:51:34,291 [0570d27e-7557-449b-949c-3e7f7fc57b05@group-F629F00B5E08-FollowerState] INFO  server.RaftServerConfigKeys (ConfUtils.java:logGet(62)) - raft.server.leaderelection.pre-vote = true (default)
2025-07-02 18:51:34,292 [0570d27e-7557-449b-949c-3e7f7fc57b05@group-F629F00B5E08-FollowerState] INFO  impl.RoleInfo (RoleInfo.java:updateAndGet(148)) - 0570d27e-7557-449b-949c-3e7f7fc57b05: start 0570d27e-7557-449b-949c-3e7f7fc57b05@group-F629F00B5E08-LeaderElection1
2025-07-02 18:51:34,294 [0570d27e-7557-449b-949c-3e7f7fc57b05@group-F629F00B5E08-LeaderElection1] INFO  impl.LeaderElection (LeaderElection.java:askForVotes(448)) - 0570d27e-7557-449b-949c-3e7f7fc57b05@group-F629F00B5E08-LeaderElection1 PRE_VOTE round 0: submit vote requests at term 0 for conf: {index: -1, cur=peers:[0570d27e-7557-449b-949c-3e7f7fc57b05|localhost:15003]|listeners:[], old=null}
2025-07-02 18:51:34,295 [0570d27e-7557-449b-949c-3e7f7fc57b05@group-F629F00B5E08-LeaderElection1] INFO  impl.LeaderElection (LeaderElection.java:askForVotes(450)) - 0570d27e-7557-449b-949c-3e7f7fc57b05@group-F629F00B5E08-LeaderElection1 PRE_VOTE round 0: result PASSED (term=0)
2025-07-02 18:51:34,297 [0570d27e-7557-449b-949c-3e7f7fc57b05@group-F629F00B5E08-LeaderElection1] INFO  impl.LeaderElection (LeaderElection.java:askForVotes(448)) - 0570d27e-7557-449b-949c-3e7f7fc57b05@group-F629F00B5E08-LeaderElection1 ELECTION round 0: submit vote requests at term 1 for conf: {index: -1, cur=peers:[0570d27e-7557-449b-949c-3e7f7fc57b05|localhost:15003]|listeners:[], old=null}
2025-07-02 18:51:34,297 [0570d27e-7557-449b-949c-3e7f7fc57b05@group-F629F00B5E08-LeaderElection1] INFO  impl.LeaderElection (LeaderElection.java:askForVotes(450)) - 0570d27e-7557-449b-949c-3e7f7fc57b05@group-F629F00B5E08-LeaderElection1 ELECTION round 0: result PASSED (term=1)
2025-07-02 18:51:34,297 [0570d27e-7557-449b-949c-3e7f7fc57b05@group-F629F00B5E08-LeaderElection1] INFO  impl.RoleInfo (RoleInfo.java:shutdownLeaderElection(141)) - 0570d27e-7557-449b-949c-3e7f7fc57b05: shutdown 0570d27e-7557-449b-949c-3e7f7fc57b05@group-F629F00B5E08-LeaderElection1
2025-07-02 18:51:34,297 [0570d27e-7557-449b-949c-3e7f7fc57b05@group-F629F00B5E08-LeaderElection1] INFO  server.RaftServer$Division (RaftServerImpl.java:setRole(392)) - 0570d27e-7557-449b-949c-3e7f7fc57b05@group-F629F00B5E08: changes role from CANDIDATE to LEADER at term 1 for changeToLeader
2025-07-02 18:51:34,301 [0570d27e-7557-449b-949c-3e7f7fc57b05@group-F629F00B5E08-LeaderElection1] INFO  server.RaftServerConfigKeys (ConfUtils.java:logGet(62)) - raft.server.staging.catchup.gap = 1000 (default)
2025-07-02 18:51:34,301 [0570d27e-7557-449b-949c-3e7f7fc57b05@group-F629F00B5E08-LeaderElection1] INFO  server.RaftServerConfigKeys (ConfUtils.java:logFallback(69)) - raft.server.staging.timeout = 15600ms (fallback to raft.server.rpc.timeout.max)
2025-07-02 18:51:34,303 [0570d27e-7557-449b-949c-3e7f7fc57b05@group-F629F00B5E08-LeaderElection1] INFO  server.RaftServerConfigKeys (ConfUtils.java:logGet(62)) - raft.server.write.element-limit = 4096 (default)
2025-07-02 18:51:34,303 [0570d27e-7557-449b-949c-3e7f7fc57b05@group-F629F00B5E08-LeaderElection1] INFO  server.RaftServerConfigKeys (ConfUtils.java:logGet(62)) - raft.server.write.byte-limit = 64MB (=67108864) (default)
2025-07-02 18:51:34,306 [0570d27e-7557-449b-949c-3e7f7fc57b05@group-F629F00B5E08-LeaderElection1] INFO  server.RaftServerConfigKeys (ConfUtils.java:logGet(62)) - raft.server.watch.timeout = 10s (default)
2025-07-02 18:51:34,306 [0570d27e-7557-449b-949c-3e7f7fc57b05@group-F629F00B5E08-LeaderElection1] INFO  server.RaftServerConfigKeys (ConfUtils.java:logGet(62)) - raft.server.watch.timeout.denomination = 1s (default)
2025-07-02 18:51:34,306 [0570d27e-7557-449b-949c-3e7f7fc57b05@group-F629F00B5E08-LeaderElection1] INFO  server.RaftServerConfigKeys (ConfUtils.java:logGet(62)) - raft.server.watch.element-limit = 65536 (default)
2025-07-02 18:51:34,311 [0570d27e-7557-449b-949c-3e7f7fc57b05@group-F629F00B5E08-LeaderElection1] INFO  server.RaftServerConfigKeys (ConfUtils.java:logGet(62)) - raft.server.read.leader.lease.enabled = false (default)
2025-07-02 18:51:34,312 [0570d27e-7557-449b-949c-3e7f7fc57b05@group-F629F00B5E08-LeaderElection1] INFO  server.RaftServerConfigKeys (ConfUtils.java:logGet(62)) - raft.server.read.leader.lease.timeout.ratio = 0.9 (default)
2025-07-02 18:51:34,313 [0570d27e-7557-449b-949c-3e7f7fc57b05@group-F629F00B5E08-LeaderElection1] INFO  server.RaftServerConfigKeys (ConfUtils.java:logGet(62)) - raft.server.log.log-metadata.enabled = false (custom)
2025-07-02 18:51:34,313 [0570d27e-7557-449b-949c-3e7f7fc57b05@group-F629F00B5E08-LeaderElection1] INFO  server.RaftServerConfigKeys (ConfUtils.java:logGet(62)) - raft.server.write.follower.gap.ratio.max = -1.0 (default)
2025-07-02 18:51:34,315 [0570d27e-7557-449b-949c-3e7f7fc57b05@group-F629F00B5E08-LeaderElection1] INFO  impl.RoleInfo (RoleInfo.java:updateAndGet(148)) - 0570d27e-7557-449b-949c-3e7f7fc57b05: start 0570d27e-7557-449b-949c-3e7f7fc57b05@group-F629F00B5E08-LeaderStateImpl
2025-07-02 18:51:34,315 [0570d27e-7557-449b-949c-3e7f7fc57b05@group-F629F00B5E08-LeaderElection1] INFO  server.RaftServer$Division (RaftServerImpl.java:setFirstElection(576)) - 0570d27e-7557-449b-949c-3e7f7fc57b05@group-F629F00B5E08: set firstElectionSinceStartup to false for becomeLeader
2025-07-02 18:51:34,315 [0570d27e-7557-449b-949c-3e7f7fc57b05@group-F629F00B5E08-LeaderElection1] INFO  server.RaftServer$Division (ServerState.java:setLeader(272)) - 0570d27e-7557-449b-949c-3e7f7fc57b05@group-F629F00B5E08: change Leader from null to 0570d27e-7557-449b-949c-3e7f7fc57b05 at term 1 for becomeLeader, leader elected after 5287ms
2025-07-02 18:51:34,332 [0570d27e-7557-449b-949c-3e7f7fc57b05@group-F629F00B5E08-LeaderElection1] INFO  segmented.SegmentedRaftLogWorker (SegmentedRaftLogWorker.java:startLogSegment(440)) - 0570d27e-7557-449b-949c-3e7f7fc57b05@group-F629F00B5E08-SegmentedRaftLogWorker: Starting segment from index:0
2025-07-02 18:51:34,348 [0570d27e-7557-449b-949c-3e7f7fc57b05@group-F629F00B5E08-LeaderElection1] INFO  server.RaftServer$Division (ServerState.java:setRaftConf(386)) - 0570d27e-7557-449b-949c-3e7f7fc57b05@group-F629F00B5E08: set configuration conf: {index: 0, cur=peers:[0570d27e-7557-449b-949c-3e7f7fc57b05|localhost:15003]|listeners:[], old=null}
2025-07-02 18:51:34,348 [0570d27e-7557-449b-949c-3e7f7fc57b05@group-F629F00B5E08-SegmentedRaftLogWorker] INFO  segmented.BufferedWriteChannel (BufferedWriteChannel.java:open(61)) - open log_inprogress_0 at position 0
2025-07-02 18:51:34,359 [0570d27e-7557-449b-949c-3e7f7fc57b05@group-F629F00B5E08-SegmentedRaftLogWorker] INFO  segmented.SegmentedRaftLogWorker (SegmentedRaftLogWorker.java:execute(647)) - 0570d27e-7557-449b-949c-3e7f7fc57b05@group-F629F00B5E08-SegmentedRaftLogWorker: created new log segment /home/runner/work/ozone/ozone/hadoop-ozone/integration-test/target/test-dir/MiniOzoneClusterImpl-ff054ab7-6da7-448f-9cae-f629f00b5e08/scmNode-1/scm-ha/ff054ab7-6da7-448f-9cae-f629f00b5e08/current/log_inprogress_0
2025-07-02 18:51:34,366 [0570d27e-7557-449b-949c-3e7f7fc57b05@group-F629F00B5E08-StateMachineUpdater] INFO  server.RaftServer$Division (LeaderStateImpl.java:checkStartIndex(309)) - Leader 0570d27e-7557-449b-949c-3e7f7fc57b05@group-F629F00B5E08-LeaderStateImpl is ready since appliedIndex == startIndex == 0
2025-07-02 18:51:35,276 [main] INFO  server.RaftServer (RaftServerProxy.java:lambda$close$9(422)) - 0570d27e-7557-449b-949c-3e7f7fc57b05: close
2025-07-02 18:51:35,277 [0570d27e-7557-449b-949c-3e7f7fc57b05-impl-thread1] INFO  server.RaftServer$Division (RaftServerImpl.java:lambda$close$1(527)) - 0570d27e-7557-449b-949c-3e7f7fc57b05@group-F629F00B5E08: shutdown
2025-07-02 18:51:35,277 [main] INFO  server.GrpcServicesImpl (GrpcServicesImpl.java:closeImpl(355)) - 0570d27e-7557-449b-949c-3e7f7fc57b05: shutdown server GrpcServerProtocolService now
2025-07-02 18:51:35,277 [0570d27e-7557-449b-949c-3e7f7fc57b05-impl-thread1] INFO  util.JmxRegister (JmxRegister.java:unregister(74)) - Successfully un-registered JMX Bean with object name Ratis:service=RaftServer,group=group-F629F00B5E08,id=0570d27e-7557-449b-949c-3e7f7fc57b05
2025-07-02 18:51:35,278 [0570d27e-7557-449b-949c-3e7f7fc57b05-impl-thread1] INFO  impl.RoleInfo (RoleInfo.java:shutdownLeaderState(103)) - 0570d27e-7557-449b-949c-3e7f7fc57b05: shutdown 0570d27e-7557-449b-949c-3e7f7fc57b05@group-F629F00B5E08-LeaderStateImpl
2025-07-02 18:51:35,281 [0570d27e-7557-449b-949c-3e7f7fc57b05-impl-thread1] INFO  impl.PendingRequests (PendingRequests.java:sendNotLeaderResponses(287)) - 0570d27e-7557-449b-949c-3e7f7fc57b05@group-F629F00B5E08-PendingRequests: sendNotLeaderResponses
2025-07-02 18:51:35,284 [main] INFO  server.GrpcServicesImpl (GrpcServicesImpl.java:closeImpl(364)) - 0570d27e-7557-449b-949c-3e7f7fc57b05: shutdown server GrpcServerProtocolService successfully
2025-07-02 18:51:35,284 [0570d27e-7557-449b-949c-3e7f7fc57b05-impl-thread1] INFO  impl.StateMachineUpdater (StateMachineUpdater.java:stopAndJoin(163)) - 0570d27e-7557-449b-949c-3e7f7fc57b05@group-F629F00B5E08-StateMachineUpdater: set stopIndex = 0
2025-07-02 18:51:35,285 [0570d27e-7557-449b-949c-3e7f7fc57b05@group-F629F00B5E08-StateMachineUpdater] INFO  impl.StateMachineUpdater (StateMachineUpdater.java:takeSnapshot(307)) - 0570d27e-7557-449b-949c-3e7f7fc57b05@group-F629F00B5E08-StateMachineUpdater: Took a snapshot at index 0
2025-07-02 18:51:35,285 [0570d27e-7557-449b-949c-3e7f7fc57b05@group-F629F00B5E08-StateMachineUpdater] INFO  impl.StateMachineUpdater (StateMachineUpdater.java:lambda$new$0(101)) - 0570d27e-7557-449b-949c-3e7f7fc57b05@group-F629F00B5E08-StateMachineUpdater: snapshotIndex: updateIncreasingly -1 -> 0
2025-07-02 18:51:35,287 [0570d27e-7557-449b-949c-3e7f7fc57b05@group-F629F00B5E08-StateMachineUpdater] INFO  impl.StateMachineUpdater (StateMachineUpdater.java:stop(140)) - 0570d27e-7557-449b-949c-3e7f7fc57b05@group-F629F00B5E08-StateMachineUpdater: closing SCMStateMachine, lastApplied=(t:1, i:0)
2025-07-02 18:51:35,288 [0570d27e-7557-449b-949c-3e7f7fc57b05@group-F629F00B5E08-cacheEviction-AwaitToRun] INFO  util.AwaitToRun (AwaitToRun.java:run(49)) - 0570d27e-7557-449b-949c-3e7f7fc57b05@group-F629F00B5E08-cacheEviction-AwaitToRun-AwaitForSignal is interrupted
2025-07-02 18:51:35,364 [0570d27e-7557-449b-949c-3e7f7fc57b05-impl-thread1] INFO  segmented.SegmentedRaftLogWorker (SegmentedRaftLogWorker.java:close(254)) - 0570d27e-7557-449b-949c-3e7f7fc57b05@group-F629F00B5E08-SegmentedRaftLogWorker close()
2025-07-02 18:51:35,368 [JvmPauseMonitor0] INFO  util.JvmPauseMonitor (JvmPauseMonitor.java:run(152)) - JvmPauseMonitor-0570d27e-7557-449b-949c-3e7f7fc57b05: Stopped
2025-07-02 18:51:35,371 [main] INFO  server.StorageContainerManager (StorageContainerManager.java:initializeRatis(1336)) - Enabled Ratis!
2025-07-02 18:51:35,371 [main] INFO  server.StorageContainerManager (StorageContainerManager.java:scmInit(1285)) - SCM initialization succeeded. Current cluster id for sd=/home/runner/work/ozone/ozone/hadoop-ozone/integration-test/target/test-dir/MiniOzoneClusterImpl-ff054ab7-6da7-448f-9cae-f629f00b5e08/scmNode-1/scm; cid=ff054ab7-6da7-448f-9cae-f629f00b5e08; layoutVersion=8; scmId=0570d27e-7557-449b-949c-3e7f7fc57b05
2025-07-02 18:51:35,384 [main] WARN  server.ServerUtils (ServerUtils.java:getScmDbDir(138)) - ozone.scm.db.dirs is not configured. We recommend adding this setting. Falling back to ozone.metadata.dirs instead.
2025-07-02 18:51:35,384 [main] INFO  ha.SCMHANodeDetails (SCMHANodeDetails.java:loadSCMHAConfig(162)) - ServiceID for StorageContainerManager is SecureSCM
2025-07-02 18:51:35,385 [main] INFO  ha.SCMHANodeDetails (SCMHANodeDetails.java:loadSCMHAConfig(172)) - ServiceID for StorageContainerManager is SecureSCM
2025-07-02 18:51:35,385 [main] WARN  scm.ScmUtils (ScmUtils.java:logWarn(162)) - ConfigKey ozone.scm.block.client.address is deprecated, For configuring different ports for each SCM use PortConfigKey ozone.scm.block.client.port appended with serviceId and nodeId. If want to configure same port configure ozone.scm.block.client.port
2025-07-02 18:51:35,385 [main] WARN  scm.ScmUtils (ScmUtils.java:logWarn(162)) - ConfigKey ozone.scm.client.address is deprecated, For configuring different ports for each SCM use PortConfigKey ozone.scm.client.port appended with serviceId and nodeId. If want to configure same port configure ozone.scm.client.port
2025-07-02 18:51:35,385 [main] WARN  scm.ScmUtils (ScmUtils.java:logWarn(162)) - ConfigKey ozone.scm.datanode.address is deprecated, For configuring different ports for each SCM use PortConfigKey ozone.scm.datanode.port appended with serviceId and nodeId. If want to configure same port configure ozone.scm.datanode.port
2025-07-02 18:51:35,386 [main] WARN  scm.ScmUtils (ScmUtils.java:logWarn(162)) - ConfigKey ozone.scm.block.client.address is deprecated, For configuring different ports for each SCM use PortConfigKey ozone.scm.block.client.port appended with serviceId and nodeId. If want to configure same port configure ozone.scm.block.client.port
2025-07-02 18:51:35,386 [main] WARN  scm.ScmUtils (ScmUtils.java:logWarn(162)) - ConfigKey ozone.scm.client.address is deprecated, For configuring different ports for each SCM use PortConfigKey ozone.scm.client.port appended with serviceId and nodeId. If want to configure same port configure ozone.scm.client.port
2025-07-02 18:51:35,386 [main] WARN  scm.ScmUtils (ScmUtils.java:logWarn(162)) - ConfigKey ozone.scm.datanode.address is deprecated, For configuring different ports for each SCM use PortConfigKey ozone.scm.datanode.port appended with serviceId and nodeId. If want to configure same port configure ozone.scm.datanode.port
2025-07-02 18:51:35,387 [main] INFO  ha.SCMHANodeDetails (SCMHANodeDetails.java:loadSCMHAConfig(259)) - Found matching SCM address with SCMServiceId: SecureSCM, SCMNodeId: scmNode-1, RPC Address: localhost:15003 and Ratis port: 15003
2025-07-02 18:51:35,387 [main] INFO  ha.SCMHANodeDetails (ConfUtils.java:setNodeSpecificConfigs(98)) - Setting configuration key ozone.scm.datanode.address with value of key ozone.scm.datanode.address.SecureSCM.scmNode-1: 127.0.0.1:15004
2025-07-02 18:51:35,387 [main] INFO  ha.SCMHANodeDetails (ConfUtils.java:setNodeSpecificConfigs(98)) - Setting configuration key ozone.scm.block.client.address with value of key ozone.scm.block.client.address.SecureSCM.scmNode-1: 127.0.0.1:15007
2025-07-02 18:51:35,387 [main] INFO  ha.SCMHANodeDetails (ConfUtils.java:setNodeSpecificConfigs(98)) - Setting configuration key ozone.scm.client.address with value of key ozone.scm.client.address.SecureSCM.scmNode-1: 127.0.0.1:15005
2025-07-02 18:51:35,387 [main] INFO  ha.SCMHANodeDetails (ConfUtils.java:setNodeSpecificConfigs(98)) - Setting configuration key ozone.scm.security.service.address with value of key ozone.scm.security.service.address.SecureSCM.scmNode-1: 127.0.0.1:15002
2025-07-02 18:51:35,388 [main] INFO  ha.SCMHANodeDetails (ConfUtils.java:setNodeSpecificConfigs(98)) - Setting configuration key ozone.scm.ratis.port with value of key ozone.scm.ratis.port.SecureSCM.scmNode-1: 15003
2025-07-02 18:51:35,388 [main] INFO  ha.SCMHANodeDetails (ConfUtils.java:setNodeSpecificConfigs(98)) - Setting configuration key ozone.scm.grpc.port with value of key ozone.scm.grpc.port.SecureSCM.scmNode-1: 15006
2025-07-02 18:51:35,388 [main] INFO  ha.SCMHANodeDetails (ConfUtils.java:setNodeSpecificConfigs(98)) - Setting configuration key ozone.scm.http-address with value of key ozone.scm.http-address.SecureSCM.scmNode-1: 127.0.0.1:15000
2025-07-02 18:51:35,388 [main] INFO  ha.SCMHANodeDetails (ConfUtils.java:setNodeSpecificConfigs(98)) - Setting configuration key ozone.scm.https-address with value of key ozone.scm.https-address.SecureSCM.scmNode-1: 127.0.0.1:15001
2025-07-02 18:51:35,388 [main] INFO  ha.SCMHANodeDetails (ConfUtils.java:setNodeSpecificConfigs(98)) - Setting configuration key ozone.scm.address with value of key ozone.scm.address.SecureSCM.scmNode-1: 127.0.0.1
2025-07-02 18:51:35,388 [main] WARN  scm.ScmUtils (ScmUtils.java:logWarn(162)) - ConfigKey ozone.scm.block.client.address is deprecated, For configuring different ports for each SCM use PortConfigKey ozone.scm.block.client.port appended with serviceId and nodeId. If want to configure same port configure ozone.scm.block.client.port
2025-07-02 18:51:35,389 [main] WARN  scm.ScmUtils (ScmUtils.java:logWarn(162)) - ConfigKey ozone.scm.client.address is deprecated, For configuring different ports for each SCM use PortConfigKey ozone.scm.client.port appended with serviceId and nodeId. If want to configure same port configure ozone.scm.client.port
2025-07-02 18:51:35,389 [main] WARN  scm.ScmUtils (ScmUtils.java:logWarn(162)) - ConfigKey ozone.scm.datanode.address is deprecated, For configuring different ports for each SCM use PortConfigKey ozone.scm.datanode.port appended with serviceId and nodeId. If want to configure same port configure ozone.scm.datanode.port
2025-07-02 18:51:35,400 [main] INFO  ha.SCMNodeInfo (SCMNodeInfo.java:getPort(197)) - ConfigKey ozone.scm.client.address is deprecated, For configuring different ports for each SCM use PortConfigKey ozone.scm.client.port appended with serviceId and nodeId
2025-07-02 18:51:35,400 [main] INFO  ha.SCMNodeInfo (SCMNodeInfo.java:getPort(197)) - ConfigKey ozone.scm.block.client.address is deprecated, For configuring different ports for each SCM use PortConfigKey ozone.scm.block.client.port appended with serviceId and nodeId
2025-07-02 18:51:35,401 [main] INFO  ha.SCMNodeInfo (SCMNodeInfo.java:getPort(197)) - ConfigKey ozone.scm.security.service.address is deprecated, For configuring different ports for each SCM use PortConfigKey ozone.scm.security.service.port appended with serviceId and nodeId
2025-07-02 18:51:35,401 [main] INFO  ha.SCMNodeInfo (SCMNodeInfo.java:getPort(197)) - ConfigKey ozone.scm.datanode.address is deprecated, For configuring different ports for each SCM use PortConfigKey ozone.scm.datanode.port appended with serviceId and nodeId
2025-07-02 18:51:35,401 [main] INFO  ha.SCMNodeInfo (SCMNodeInfo.java:getPort(197)) - ConfigKey ozone.scm.client.address is deprecated, For configuring different ports for each SCM use PortConfigKey ozone.scm.client.port appended with serviceId and nodeId
2025-07-02 18:51:35,401 [main] INFO  ha.SCMNodeInfo (SCMNodeInfo.java:getPort(197)) - ConfigKey ozone.scm.block.client.address is deprecated, For configuring different ports for each SCM use PortConfigKey ozone.scm.block.client.port appended with serviceId and nodeId
2025-07-02 18:51:35,401 [main] INFO  ha.SCMNodeInfo (SCMNodeInfo.java:getPort(197)) - ConfigKey ozone.scm.security.service.address is deprecated, For configuring different ports for each SCM use PortConfigKey ozone.scm.security.service.port appended with serviceId and nodeId
2025-07-02 18:51:35,401 [main] INFO  ha.SCMNodeInfo (SCMNodeInfo.java:getPort(197)) - ConfigKey ozone.scm.datanode.address is deprecated, For configuring different ports for each SCM use PortConfigKey ozone.scm.datanode.port appended with serviceId and nodeId
2025-07-02 18:51:35,402 [main] INFO  ha.SCMNodeInfo (SCMNodeInfo.java:getPort(197)) - ConfigKey ozone.scm.client.address is deprecated, For configuring different ports for each SCM use PortConfigKey ozone.scm.client.port appended with serviceId and nodeId
2025-07-02 18:51:35,402 [main] INFO  ha.SCMNodeInfo (SCMNodeInfo.java:getPort(197)) - ConfigKey ozone.scm.block.client.address is deprecated, For configuring different ports for each SCM use PortConfigKey ozone.scm.block.client.port appended with serviceId and nodeId
2025-07-02 18:51:35,402 [main] INFO  ha.SCMNodeInfo (SCMNodeInfo.java:getPort(197)) - ConfigKey ozone.scm.security.service.address is deprecated, For configuring different ports for each SCM use PortConfigKey ozone.scm.security.service.port appended with serviceId and nodeId
2025-07-02 18:51:35,402 [main] INFO  ha.SCMNodeInfo (SCMNodeInfo.java:getPort(197)) - ConfigKey ozone.scm.datanode.address is deprecated, For configuring different ports for each SCM use PortConfigKey ozone.scm.datanode.port appended with serviceId and nodeId
2025-07-02 18:51:35,435 [pool-2-thread-1] INFO  request.KdcRequest (KdcRequest.java:preauth(683)) - The preauth data is empty.
2025-07-02 18:51:35,438 [pool-2-thread-1] INFO  server.KdcHandler (KdcHandler.java:handleRecoverableException(177)) - KRB error occurred while processing request: Additional pre-authentication required
2025-07-02 18:51:35,454 [pool-2-thread-1] INFO  request.AsRequest (AsRequest.java:issueTicket(112)) - AS_REQ ISSUE: authtime 1751482295452,scm/localhost@EXAMPLE.COM for krbtgt/EXAMPLE.COM@EXAMPLE.COM
2025-07-02 18:51:35,460 [main] INFO  security.UserGroupInformation (UserGroupInformation.java:loginUserFromKeytab(1143)) - Login successful for user scm/localhost@EXAMPLE.COM using keytab file scm.keytab. Keytab auto renewal enabled : false
2025-07-02 18:51:35,460 [main] INFO  server.StorageContainerManager (StorageContainerManager.java:loginAsSCMUserIfSecurityEnabled(1069)) - SCM login successful.
2025-07-02 18:51:35,466 [main] INFO  ha.SCMNodeInfo (SCMNodeInfo.java:getPort(197)) - ConfigKey ozone.scm.client.address is deprecated, For configuring different ports for each SCM use PortConfigKey ozone.scm.client.port appended with serviceId and nodeId
2025-07-02 18:51:35,466 [main] INFO  ha.SCMNodeInfo (SCMNodeInfo.java:getPort(197)) - ConfigKey ozone.scm.block.client.address is deprecated, For configuring different ports for each SCM use PortConfigKey ozone.scm.block.client.port appended with serviceId and nodeId
2025-07-02 18:51:35,466 [main] INFO  ha.SCMNodeInfo (SCMNodeInfo.java:getPort(197)) - ConfigKey ozone.scm.security.service.address is deprecated, For configuring different ports for each SCM use PortConfigKey ozone.scm.security.service.port appended with serviceId and nodeId
2025-07-02 18:51:35,466 [main] INFO  ha.SCMNodeInfo (SCMNodeInfo.java:getPort(197)) - ConfigKey ozone.scm.datanode.address is deprecated, For configuring different ports for each SCM use PortConfigKey ozone.scm.datanode.port appended with serviceId and nodeId
2025-07-02 18:51:35,467 [main] INFO  ha.SCMNodeInfo (SCMNodeInfo.java:getPort(197)) - ConfigKey ozone.scm.client.address is deprecated, For configuring different ports for each SCM use PortConfigKey ozone.scm.client.port appended with serviceId and nodeId
2025-07-02 18:51:35,467 [main] INFO  ha.SCMNodeInfo (SCMNodeInfo.java:getPort(197)) - ConfigKey ozone.scm.block.client.address is deprecated, For configuring different ports for each SCM use PortConfigKey ozone.scm.block.client.port appended with serviceId and nodeId
2025-07-02 18:51:35,467 [main] INFO  ha.SCMNodeInfo (SCMNodeInfo.java:getPort(197)) - ConfigKey ozone.scm.security.service.address is deprecated, For configuring different ports for each SCM use PortConfigKey ozone.scm.security.service.port appended with serviceId and nodeId
2025-07-02 18:51:35,467 [main] INFO  ha.SCMNodeInfo (SCMNodeInfo.java:getPort(197)) - ConfigKey ozone.scm.datanode.address is deprecated, For configuring different ports for each SCM use PortConfigKey ozone.scm.datanode.port appended with serviceId and nodeId
2025-07-02 18:51:35,467 [main] INFO  ha.SCMNodeInfo (SCMNodeInfo.java:getPort(197)) - ConfigKey ozone.scm.client.address is deprecated, For configuring different ports for each SCM use PortConfigKey ozone.scm.client.port appended with serviceId and nodeId
2025-07-02 18:51:35,467 [main] INFO  ha.SCMNodeInfo (SCMNodeInfo.java:getPort(197)) - ConfigKey ozone.scm.block.client.address is deprecated, For configuring different ports for each SCM use PortConfigKey ozone.scm.block.client.port appended with serviceId and nodeId
2025-07-02 18:51:35,467 [main] INFO  ha.SCMNodeInfo (SCMNodeInfo.java:getPort(197)) - ConfigKey ozone.scm.security.service.address is deprecated, For configuring different ports for each SCM use PortConfigKey ozone.scm.security.service.port appended with serviceId and nodeId
2025-07-02 18:51:35,468 [main] INFO  ha.SCMNodeInfo (SCMNodeInfo.java:getPort(197)) - ConfigKey ozone.scm.datanode.address is deprecated, For configuring different ports for each SCM use PortConfigKey ozone.scm.datanode.port appended with serviceId and nodeId
2025-07-02 18:51:35,468 [main] INFO  proxy.SCMSecurityProtocolFailoverProxyProvider (SCMFailoverProxyProviderBase.java:<init>(120)) - Created fail-over proxy for protocol SCMSecurityProtocolPB with 3 nodes: [nodeId=scmNode-2,nodeAddress=/127.0.0.1:15010, nodeId=scmNode-3,nodeAddress=/127.0.0.1:15018, nodeId=scmNode-1,nodeAddress=/127.0.0.1:15002]
2025-07-02 18:51:35,476 [main] INFO  ha.SCMNodeInfo (SCMNodeInfo.java:getPort(197)) - ConfigKey ozone.scm.client.address is deprecated, For configuring different ports for each SCM use PortConfigKey ozone.scm.client.port appended with serviceId and nodeId
2025-07-02 18:51:35,476 [main] INFO  ha.SCMNodeInfo (SCMNodeInfo.java:getPort(197)) - ConfigKey ozone.scm.block.client.address is deprecated, For configuring different ports for each SCM use PortConfigKey ozone.scm.block.client.port appended with serviceId and nodeId
2025-07-02 18:51:35,476 [main] INFO  ha.SCMNodeInfo (SCMNodeInfo.java:getPort(197)) - ConfigKey ozone.scm.security.service.address is deprecated, For configuring different ports for each SCM use PortConfigKey ozone.scm.security.service.port appended with serviceId and nodeId
2025-07-02 18:51:35,476 [main] INFO  ha.SCMNodeInfo (SCMNodeInfo.java:getPort(197)) - ConfigKey ozone.scm.datanode.address is deprecated, For configuring different ports for each SCM use PortConfigKey ozone.scm.datanode.port appended with serviceId and nodeId
2025-07-02 18:51:35,477 [main] INFO  ha.SCMNodeInfo (SCMNodeInfo.java:getPort(197)) - ConfigKey ozone.scm.client.address is deprecated, For configuring different ports for each SCM use PortConfigKey ozone.scm.client.port appended with serviceId and nodeId
2025-07-02 18:51:35,477 [main] INFO  ha.SCMNodeInfo (SCMNodeInfo.java:getPort(197)) - ConfigKey ozone.scm.block.client.address is deprecated, For configuring different ports for each SCM use PortConfigKey ozone.scm.block.client.port appended with serviceId and nodeId
2025-07-02 18:51:35,477 [main] INFO  ha.SCMNodeInfo (SCMNodeInfo.java:getPort(197)) - ConfigKey ozone.scm.security.service.address is deprecated, For configuring different ports for each SCM use PortConfigKey ozone.scm.security.service.port appended with serviceId and nodeId
2025-07-02 18:51:35,477 [main] INFO  ha.SCMNodeInfo (SCMNodeInfo.java:getPort(197)) - ConfigKey ozone.scm.datanode.address is deprecated, For configuring different ports for each SCM use PortConfigKey ozone.scm.datanode.port appended with serviceId and nodeId
2025-07-02 18:51:35,478 [main] INFO  ha.SCMNodeInfo (SCMNodeInfo.java:getPort(197)) - ConfigKey ozone.scm.client.address is deprecated, For configuring different ports for each SCM use PortConfigKey ozone.scm.client.port appended with serviceId and nodeId
2025-07-02 18:51:35,478 [main] INFO  ha.SCMNodeInfo (SCMNodeInfo.java:getPort(197)) - ConfigKey ozone.scm.block.client.address is deprecated, For configuring different ports for each SCM use PortConfigKey ozone.scm.block.client.port appended with serviceId and nodeId
2025-07-02 18:51:35,478 [main] INFO  ha.SCMNodeInfo (SCMNodeInfo.java:getPort(197)) - ConfigKey ozone.scm.security.service.address is deprecated, For configuring different ports for each SCM use PortConfigKey ozone.scm.security.service.port appended with serviceId and nodeId
2025-07-02 18:51:35,479 [main] INFO  ha.SCMNodeInfo (SCMNodeInfo.java:getPort(197)) - ConfigKey ozone.scm.datanode.address is deprecated, For configuring different ports for each SCM use PortConfigKey ozone.scm.datanode.port appended with serviceId and nodeId
2025-07-02 18:51:35,479 [main] INFO  client.SCMCertificateClient (DefaultCertificateClient.java:updateCertSerialId(1289)) - Certificate serial ID set to 2
2025-07-02 18:51:35,483 [main] INFO  client.SCMCertificateClient (DefaultCertificateClient.java:readCertificateFile(247)) - Added certificate 1 from file: /home/runner/work/ozone/ozone/hadoop-ozone/integration-test/target/test-dir/MiniOzoneClusterImpl-ff054ab7-6da7-448f-9cae-f629f00b5e08/scmNode-1/scm/sub-ca/certs/CA-1.crt.
2025-07-02 18:51:35,486 [main] INFO  client.SCMCertificateClient (DefaultCertificateClient.java:readCertificateFile(247)) - Added certificate 2 from file: /home/runner/work/ozone/ozone/hadoop-ozone/integration-test/target/test-dir/MiniOzoneClusterImpl-ff054ab7-6da7-448f-9cae-f629f00b5e08/scmNode-1/scm/sub-ca/certs/certificate.crt.
2025-07-02 18:51:35,488 [main] INFO  client.SCMCertificateClient (DefaultCertificateClient.java:readCertificateFile(247)) - Added certificate 2 from file: /home/runner/work/ozone/ozone/hadoop-ozone/integration-test/target/test-dir/MiniOzoneClusterImpl-ff054ab7-6da7-448f-9cae-f629f00b5e08/scmNode-1/scm/sub-ca/certs/2.crt.
2025-07-02 18:51:35,488 [main] INFO  client.SCMCertificateClient (DefaultCertificateClient.java:loadAllCertificates(196)) - CertificateRenewerService and root ca rotation polling is disabled for scm/sub-ca
2025-07-02 18:51:35,557 [main] WARN  utils.HAUtils (HAUtils.java:getMetaDir(311)) - ozone.scm.db.dirs is not configured. We recommend adding this setting. Falling back to ozone.metadata.dirs instead.
2025-07-02 18:51:35,654 [main] WARN  db.DBStoreBuilder (DBStoreBuilder.java:getDBDirPath(159)) - ozone.scm.db.dirs is not configured. We recommend adding this setting. Falling back to ozone.metadata.dirs instead.
2025-07-02 18:51:35,819 [main] INFO  net.NodeSchemaLoader (NodeSchemaLoader.java:loadSchemaFromFile(128)) - Loading schema from [jar:file:/home/runner/work/ozone/ozone/hadoop-hdds/common/target/hdds-common-2.1.0-SNAPSHOT.jar!/network-topology-default.xml]
2025-07-02 18:51:35,820 [main] INFO  net.NodeSchemaLoader (NodeSchemaLoader.java:loadSchema(175)) - Loading network topology layer schema file
2025-07-02 18:51:35,911 [main] INFO  ha.SCMRatisServerImpl (SCMRatisServerImpl.java:<init>(100)) - starting Raft server for scm:0570d27e-7557-449b-949c-3e7f7fc57b05
2025-07-02 18:51:35,912 [main] INFO  server.RaftServerConfigKeys (ConfUtils.java:logGet(62)) - raft.server.log.appender.buffer.byte-limit = 4194304 (custom)
2025-07-02 18:51:35,914 [main] INFO  grpc.GrpcConfigKeys (ConfUtils.java:logFallback(69)) - raft.grpc.admin.host = null (fallback to raft.grpc.server.host)
2025-07-02 18:51:35,915 [main] INFO  grpc.GrpcConfigKeys (ConfUtils.java:logFallback(69)) - raft.grpc.admin.port = 15003 (fallback to raft.grpc.server.port)
2025-07-02 18:51:35,915 [main] INFO  grpc.GrpcConfigKeys (ConfUtils.java:logFallback(69)) - raft.grpc.client.host = null (fallback to raft.grpc.server.host)
2025-07-02 18:51:35,915 [main] INFO  grpc.GrpcConfigKeys (ConfUtils.java:logFallback(69)) - raft.grpc.client.port = 15003 (fallback to raft.grpc.server.port)
2025-07-02 18:51:35,915 [main] INFO  server.GrpcServicesImpl (ConfUtils.java:logGet(62)) - raft.grpc.message.size.max = 5242880 (custom)
2025-07-02 18:51:35,915 [main] INFO  server.RaftServerConfigKeys (ConfUtils.java:logGet(62)) - raft.server.log.appender.buffer.byte-limit = 4194304 (custom)
2025-07-02 18:51:35,917 [0570d27e-7557-449b-949c-3e7f7fc57b05-impl-thread1] INFO  server.RaftServer (RaftServerProxy.java:initGroupDir(270)) - 0570d27e-7557-449b-949c-3e7f7fc57b05: found a subdirectory /home/runner/work/ozone/ozone/hadoop-ozone/integration-test/target/test-dir/MiniOzoneClusterImpl-ff054ab7-6da7-448f-9cae-f629f00b5e08/scmNode-1/scm-ha/ff054ab7-6da7-448f-9cae-f629f00b5e08
2025-07-02 18:51:35,918 [main] INFO  server.RaftServer (RaftServerProxy.java:addNew(105)) - 0570d27e-7557-449b-949c-3e7f7fc57b05: addNew group-F629F00B5E08:[] returns group-F629F00B5E08:java.util.concurrent.CompletableFuture@6a8bcb64[Not completed]
2025-07-02 18:51:35,920 [0570d27e-7557-449b-949c-3e7f7fc57b05-groupManagement] INFO  server.RaftServer$Division (RaftServerImpl.java:<init>(268)) - 0570d27e-7557-449b-949c-3e7f7fc57b05: new RaftServerImpl for group-F629F00B5E08:[] with SCMStateMachine:uninitialized
2025-07-02 18:51:35,921 [0570d27e-7557-449b-949c-3e7f7fc57b05-groupManagement] INFO  server.RaftServer$Division (ServerState.java:<init>(114)) - 0570d27e-7557-449b-949c-3e7f7fc57b05@group-F629F00B5E08: ConfigurationManager, init=conf: {index: -1, cur=peers:[]|listeners:[], old=null}, confs=<EMPTY_MAP>
2025-07-02 18:51:35,929 [main] INFO  ha.SCMSnapshotProvider (SCMSnapshotProvider.java:<init>(61)) - Initializing SCM Snapshot Provider
2025-07-02 18:51:35,929 [main] WARN  server.ServerUtils (ServerUtils.java:getDefaultRatisDirectory(304)) - Storage directory for Ratis is not configured. It is a good idea to map this to an SSD disk. Falling back to ozone.metadata.dirs
2025-07-02 18:51:35,930 [main] WARN  ha.SCMHAUtils (SCMHAUtils.java:getSCMRatisSnapshotDirectory(120)) - SCM snapshot dir is not configured. Falling back to ozone.metadata.dirs config
2025-07-02 18:51:35,953 [main] INFO  upgrade.AbstractLayoutVersionManager (AbstractLayoutVersionManager.java:init(80)) - Initializing Layout version manager with metadata layout = HBASE_SUPPORT (version = 8), software layout = HBASE_SUPPORT (version = 8)
2025-07-02 18:51:35,981 [main] INFO  ha.SequenceIdGenerator (SequenceIdGenerator.java:upgradeToSequenceId(353)) - upgrade localId to 115816896921600000
2025-07-02 18:51:35,982 [main] INFO  ha.SequenceIdGenerator (SequenceIdGenerator.java:upgradeToSequenceId(363)) - upgrade delTxnId to 0
2025-07-02 18:51:35,990 [main] INFO  ha.SequenceIdGenerator (SequenceIdGenerator.java:upgradeToSequenceId(379)) - upgrade containerId to 0
2025-07-02 18:51:35,993 [main] INFO  ha.SequenceIdGenerator (SequenceIdGenerator.java:upgradeToCertificateSequenceId(414)) - upgrade CertificateId to 2
2025-07-02 18:51:35,995 [main] INFO  ha.SequenceIdGenerator (SequenceIdGenerator.java:<init>(231)) - Init the HA SequenceIdGenerator.
2025-07-02 18:51:36,049 [main] INFO  node.SCMNodeManager (SCMNodeManager.java:<init>(180)) - Entering startup safe mode.
2025-07-02 18:51:36,061 [main] INFO  algorithms.ContainerPlacementPolicyFactory (ContainerPlacementPolicyFactory.java:getPolicyInternal(83)) - Create container placement policy of type org.apache.hadoop.hdds.scm.container.placement.algorithms.SCMContainerPlacementRackAware
2025-07-02 18:51:36,065 [main] INFO  algorithms.ContainerPlacementPolicyFactory (ContainerPlacementPolicyFactory.java:getPolicyInternal(83)) - Create container placement policy of type org.apache.hadoop.hdds.scm.container.placement.algorithms.SCMContainerPlacementRackScatter
2025-07-02 18:51:36,072 [main] INFO  pipeline.PipelineStateManagerImpl (PipelineStateManagerImpl.java:initialize(75)) - No pipeline exists in current db
2025-07-02 18:51:36,084 [main] INFO  algorithms.LeaderChoosePolicyFactory (LeaderChoosePolicyFactory.java:getPolicy(55)) - Create leader choose policy of type org.apache.hadoop.hdds.scm.pipeline.leader.choose.algorithms.MinLeaderCountChoosePolicy
2025-07-02 18:51:36,085 [main] INFO  algorithms.ContainerPlacementPolicyFactory (ContainerPlacementPolicyFactory.java:getPolicyInternal(83)) - Create container placement policy of type org.apache.hadoop.hdds.scm.container.placement.algorithms.SCMContainerPlacementRackScatter
2025-07-02 18:51:36,092 [main] INFO  ha.SCMServiceManager (SCMServiceManager.java:register(42)) - Registering service BackgroundPipelineCreator.
2025-07-02 18:51:36,092 [main] INFO  pipeline.BackgroundPipelineCreator (BackgroundPipelineCreator.java:start(126)) - Starting scmNode-1-RatisPipelineUtilsThread.
2025-07-02 18:51:36,095 [main] INFO  BackgroundPipelineScrubber (BackgroundSCMService.java:start(64)) - Starting BackgroundPipelineScrubber Service.
2025-07-02 18:51:36,096 [main] INFO  ha.SCMServiceManager (SCMServiceManager.java:register(42)) - Registering service BackgroundPipelineScrubber.
2025-07-02 18:51:36,101 [main] INFO  ExpiredContainerReplicaOpScrubber (BackgroundSCMService.java:start(64)) - Starting ExpiredContainerReplicaOpScrubber Service.
2025-07-02 18:51:36,101 [main] INFO  ha.SCMServiceManager (SCMServiceManager.java:register(42)) - Registering service ExpiredContainerReplicaOpScrubber.
2025-07-02 18:51:36,124 [main] INFO  algorithms.PipelineChoosePolicyFactory (PipelineChoosePolicyFactory.java:createPipelineChoosePolicyFromClass(78)) - Create pipeline choose policy of type org.apache.hadoop.hdds.scm.pipeline.choose.algorithms.RandomPipelineChoosePolicy
2025-07-02 18:51:36,124 [main] INFO  algorithms.PipelineChoosePolicyFactory (PipelineChoosePolicyFactory.java:createPipelineChoosePolicyFromClass(78)) - Create pipeline choose policy of type org.apache.hadoop.hdds.scm.pipeline.choose.algorithms.RandomPipelineChoosePolicy
2025-07-02 18:51:36,162 [main] WARN  statemachine.DatanodeConfiguration (DatanodeConfiguration.java:validateMinFreeSpace(751)) - hdds.datanode.volume.min.free.space.percent = -1.0 is invalid, should be between 0 and 1
2025-07-02 18:51:36,162 [main] INFO  ha.SCMServiceManager (SCMServiceManager.java:register(42)) - Registering service SCMBlockDeletingService.
2025-07-02 18:51:36,208 [main] INFO  replication.ReplicationManager (ReplicationManager.java:start(285)) - Starting Replication Monitor Thread.
2025-07-02 18:51:36,210 [main] INFO  ha.SCMServiceManager (SCMServiceManager.java:register(42)) - Registering service ReplicationManager.
2025-07-02 18:51:36,220 [main] INFO  safemode.RatisContainerSafeModeRule (RatisContainerSafeModeRule.java:initializeRule(160)) - Refreshed Containers with one replica threshold count 0.
2025-07-02 18:51:36,221 [main] INFO  safemode.ECContainerSafeModeRule (ECContainerSafeModeRule.java:initializeRule(205)) - Refreshed Containers with ec n replica threshold count 0.
2025-07-02 18:51:36,225 [main] INFO  safemode.HealthyPipelineSafeModeRule (HealthyPipelineSafeModeRule.java:initializeRule(232)) - Total pipeline count is 0, healthy pipeline threshold count is 1
2025-07-02 18:51:36,227 [main] INFO  safemode.OneReplicaPipelineSafeModeRule (OneReplicaPipelineSafeModeRule.java:initializeRule(190)) - Total pipeline count is 0, pipeline's with at least one datanode reported threshold count is 0
2025-07-02 18:51:36,270 [main] INFO  security.SecretKeyManagerService (SecretKeyManagerService.java:start(143)) - Scheduling rotation checker with interval PT8M20S
2025-07-02 18:51:36,272 [main] INFO  ha.SCMServiceManager (SCMServiceManager.java:register(42)) - Registering service SecretKeyManagerService.
2025-07-02 18:51:36,276 [main] INFO  keys.KeyStorage (KeyStorage.java:readPublicKey(174)) - Reading public key from /home/runner/work/ozone/ozone/hadoop-ozone/integration-test/target/test-dir/MiniOzoneClusterImpl-ff054ab7-6da7-448f-9cae-f629f00b5e08/scmNode-1/scm/sub-ca/keys/public.pem.
2025-07-02 18:51:36,276 [main] INFO  keys.KeyStorage (KeyStorage.java:readPrivateKey(158)) - Reading private key from /home/runner/work/ozone/ozone/hadoop-ozone/integration-test/target/test-dir/MiniOzoneClusterImpl-ff054ab7-6da7-448f-9cae-f629f00b5e08/scmNode-1/scm/sub-ca/keys/private.pem.
2025-07-02 18:51:36,277 [main] INFO  authority.DefaultCAServer (DefaultCAServer.java:lambda$processVerificationStatus$0(392)) - CertificateServer validation is successful
2025-07-02 18:51:36,277 [main] INFO  keys.KeyStorage (KeyStorage.java:readPublicKey(174)) - Reading public key from /home/runner/work/ozone/ozone/hadoop-ozone/integration-test/target/test-dir/MiniOzoneClusterImpl-ff054ab7-6da7-448f-9cae-f629f00b5e08/scmNode-1/scm/ca/keys/public.pem.
2025-07-02 18:51:36,278 [main] INFO  keys.KeyStorage (KeyStorage.java:readPrivateKey(158)) - Reading private key from /home/runner/work/ozone/ozone/hadoop-ozone/integration-test/target/test-dir/MiniOzoneClusterImpl-ff054ab7-6da7-448f-9cae-f629f00b5e08/scmNode-1/scm/ca/keys/private.pem.
2025-07-02 18:51:36,279 [main] INFO  authority.DefaultCAServer (DefaultCAServer.java:lambda$processVerificationStatus$0(392)) - CertificateServer validation is successful
2025-07-02 18:51:36,279 [main] INFO  server.StorageContainerManager (StorageContainerManager.java:persistPrimarySCMCerts(957)) - Storing sub-ca certificate serialId 2 on primary SCM
2025-07-02 18:51:36,290 [main] INFO  server.SCMCertStore (SCMCertStore.java:storeValidScmCertificate(96)) - Scm certificate 2 for CN=scm-sub@localhost,OU=0570d27e-7557-449b-949c-3e7f7fc57b05,O=ff054ab7-6da7-448f-9cae-f629f00b5e08,SERIALNUMBER=2 is stored
2025-07-02 18:51:36,291 [main] INFO  server.StorageContainerManager (StorageContainerManager.java:persistPrimarySCMCerts(964)) - Storing root certificate serialId 1
2025-07-02 18:51:36,293 [main] INFO  server.SCMCertStore (SCMCertStore.java:storeValidScmCertificate(96)) - Scm certificate 1 for CN=scm@localhost,OU=0570d27e-7557-449b-949c-3e7f7fc57b05,O=ff054ab7-6da7-448f-9cae-f629f00b5e08,SERIALNUMBER=1 is stored
2025-07-02 18:51:36,296 [main] INFO  ha.SequenceIdGenerator (SequenceIdGenerator.java:upgradeToCertificateSequenceId(414)) - upgrade CertificateId to 2
2025-07-02 18:51:36,313 [main] INFO  ipc.CallQueueManager (CallQueueManager.java:<init>(93)) - Using callQueue: class java.util.concurrent.LinkedBlockingQueue, queueCapacity: 200, scheduler: class org.apache.hadoop.ipc.DefaultRpcScheduler, ipcBackoff: false, ipcFailOver: false.
2025-07-02 18:51:36,338 [main] INFO  ipc.Server (Server.java:<init>(1438)) - Listener at 0.0.0.0:15002
2025-07-02 18:51:36,339 [Socket Reader #1 for port 15002] INFO  ipc.Server (Server.java:run(1474)) - Starting Socket Reader #1 for port 15002
2025-07-02 18:51:36,359 [main] INFO  server.StorageContainerManager (StorageContainerManager.java:<init>(433)) - SCM start with adminUsers: [runner, scm]
2025-07-02 18:51:36,381 [main] INFO  audit.AuditLogger (AuditLogger.java:refreshDebugCmdSet(133)) - Refresh DebugCmdSet for SCMAudit to [].
2025-07-02 18:51:36,386 [main] INFO  ipc.CallQueueManager (CallQueueManager.java:<init>(93)) - Using callQueue: class java.util.concurrent.LinkedBlockingQueue, queueCapacity: 10000, scheduler: class org.apache.hadoop.ipc.DefaultRpcScheduler, ipcBackoff: false, ipcFailOver: false.
2025-07-02 18:51:36,387 [main] INFO  ipc.Server (Server.java:<init>(1438)) - Listener at 0.0.0.0:15004
2025-07-02 18:51:36,387 [Socket Reader #1 for port 15004] INFO  ipc.Server (Server.java:run(1474)) - Starting Socket Reader #1 for port 15004
2025-07-02 18:51:36,387 [Socket Reader #2 for port 15004] INFO  ipc.Server (Server.java:run(1474)) - Starting Socket Reader #2 for port 15004
2025-07-02 18:51:36,388 [Socket Reader #3 for port 15004] INFO  ipc.Server (Server.java:run(1474)) - Starting Socket Reader #3 for port 15004
2025-07-02 18:51:36,388 [Socket Reader #4 for port 15004] INFO  ipc.Server (Server.java:run(1474)) - Starting Socket Reader #4 for port 15004
2025-07-02 18:51:36,388 [Socket Reader #5 for port 15004] INFO  ipc.Server (Server.java:run(1474)) - Starting Socket Reader #5 for port 15004
2025-07-02 18:51:36,388 [Socket Reader #6 for port 15004] INFO  ipc.Server (Server.java:run(1474)) - Starting Socket Reader #6 for port 15004
2025-07-02 18:51:36,389 [Socket Reader #7 for port 15004] INFO  ipc.Server (Server.java:run(1474)) - Starting Socket Reader #7 for port 15004
2025-07-02 18:51:36,389 [Socket Reader #8 for port 15004] INFO  ipc.Server (Server.java:run(1474)) - Starting Socket Reader #8 for port 15004
2025-07-02 18:51:36,389 [Socket Reader #9 for port 15004] INFO  ipc.Server (Server.java:run(1474)) - Starting Socket Reader #9 for port 15004
2025-07-02 18:51:36,390 [Socket Reader #10 for port 15004] INFO  ipc.Server (Server.java:run(1474)) - Starting Socket Reader #10 for port 15004
2025-07-02 18:51:36,413 [main] INFO  audit.AuditLogger (AuditLogger.java:refreshDebugCmdSet(133)) - Refresh DebugCmdSet for SCMAudit to [].
2025-07-02 18:51:36,417 [main] INFO  ipc.CallQueueManager (CallQueueManager.java:<init>(93)) - Using callQueue: class java.util.concurrent.LinkedBlockingQueue, queueCapacity: 10000, scheduler: class org.apache.hadoop.ipc.DefaultRpcScheduler, ipcBackoff: false, ipcFailOver: false.
2025-07-02 18:51:36,417 [main] INFO  ipc.Server (Server.java:<init>(1438)) - Listener at 0.0.0.0:15007
2025-07-02 18:51:36,418 [Socket Reader #1 for port 15007] INFO  ipc.Server (Server.java:run(1474)) - Starting Socket Reader #1 for port 15007
2025-07-02 18:51:36,418 [Socket Reader #2 for port 15007] INFO  ipc.Server (Server.java:run(1474)) - Starting Socket Reader #2 for port 15007
2025-07-02 18:51:36,419 [Socket Reader #3 for port 15007] INFO  ipc.Server (Server.java:run(1474)) - Starting Socket Reader #3 for port 15007
2025-07-02 18:51:36,419 [Socket Reader #4 for port 15007] INFO  ipc.Server (Server.java:run(1474)) - Starting Socket Reader #4 for port 15007
2025-07-02 18:51:36,420 [Socket Reader #5 for port 15007] INFO  ipc.Server (Server.java:run(1474)) - Starting Socket Reader #5 for port 15007
2025-07-02 18:51:36,420 [Socket Reader #6 for port 15007] INFO  ipc.Server (Server.java:run(1474)) - Starting Socket Reader #6 for port 15007
2025-07-02 18:51:36,420 [Socket Reader #7 for port 15007] INFO  ipc.Server (Server.java:run(1474)) - Starting Socket Reader #7 for port 15007
2025-07-02 18:51:36,421 [Socket Reader #8 for port 15007] INFO  ipc.Server (Server.java:run(1474)) - Starting Socket Reader #8 for port 15007
2025-07-02 18:51:36,421 [Socket Reader #9 for port 15007] INFO  ipc.Server (Server.java:run(1474)) - Starting Socket Reader #9 for port 15007
2025-07-02 18:51:36,421 [Socket Reader #10 for port 15007] INFO  ipc.Server (Server.java:run(1474)) - Starting Socket Reader #10 for port 15007
2025-07-02 18:51:36,452 [main] INFO  audit.AuditLogger (AuditLogger.java:refreshDebugCmdSet(133)) - Refresh DebugCmdSet for SCMAudit to [].
2025-07-02 18:51:36,461 [main] INFO  ipc.CallQueueManager (CallQueueManager.java:<init>(93)) - Using callQueue: class java.util.concurrent.LinkedBlockingQueue, queueCapacity: 10000, scheduler: class org.apache.hadoop.ipc.DefaultRpcScheduler, ipcBackoff: false, ipcFailOver: false.
2025-07-02 18:51:36,461 [main] INFO  ipc.Server (Server.java:<init>(1438)) - Listener at 0.0.0.0:15005
2025-07-02 18:51:36,462 [Socket Reader #1 for port 15005] INFO  ipc.Server (Server.java:run(1474)) - Starting Socket Reader #1 for port 15005
2025-07-02 18:51:36,462 [Socket Reader #2 for port 15005] INFO  ipc.Server (Server.java:run(1474)) - Starting Socket Reader #2 for port 15005
2025-07-02 18:51:36,463 [Socket Reader #3 for port 15005] INFO  ipc.Server (Server.java:run(1474)) - Starting Socket Reader #3 for port 15005
2025-07-02 18:51:36,464 [Socket Reader #4 for port 15005] INFO  ipc.Server (Server.java:run(1474)) - Starting Socket Reader #4 for port 15005
2025-07-02 18:51:36,464 [Socket Reader #5 for port 15005] INFO  ipc.Server (Server.java:run(1474)) - Starting Socket Reader #5 for port 15005
2025-07-02 18:51:36,464 [Socket Reader #6 for port 15005] INFO  ipc.Server (Server.java:run(1474)) - Starting Socket Reader #6 for port 15005
2025-07-02 18:51:36,464 [Socket Reader #7 for port 15005] INFO  ipc.Server (Server.java:run(1474)) - Starting Socket Reader #7 for port 15005
2025-07-02 18:51:36,465 [Socket Reader #8 for port 15005] INFO  ipc.Server (Server.java:run(1474)) - Starting Socket Reader #8 for port 15005
2025-07-02 18:51:36,465 [Socket Reader #9 for port 15005] INFO  ipc.Server (Server.java:run(1474)) - Starting Socket Reader #9 for port 15005
2025-07-02 18:51:36,466 [Socket Reader #10 for port 15005] INFO  ipc.Server (Server.java:run(1474)) - Starting Socket Reader #10 for port 15005
2025-07-02 18:51:36,516 [main] INFO  ha.SCMServiceManager (SCMServiceManager.java:register(42)) - Registering service ContainerBalancer.
2025-07-02 18:51:36,516 [main] INFO  ha.SCMContext (SCMContext.java:updateSafeModeStatus(224)) - Update SafeModeStatus from SafeModeStatus{safeModeStatus=true, preCheckPassed=false} to SafeModeStatus{safeModeStatus=true, preCheckPassed=false}.
2025-07-02 18:51:36,520 [main] INFO  server.StorageContainerManager (StorageContainerManager.java:start(1514)) - StorageContainerLocationProtocol RPC server is listening at /0.0.0.0:15005
2025-07-02 18:51:36,521 [main] INFO  ha.SCMRatisServerImpl (SCMRatisServerImpl.java:start(203)) - starting ratis server 0.0.0.0:15003
2025-07-02 18:51:36,523 [0570d27e-7557-449b-949c-3e7f7fc57b05-impl-thread1] INFO  storage.RaftStorageDirectory (RaftStorageDirectoryImpl.java:tryLock(229)) - Lock on /home/runner/work/ozone/ozone/hadoop-ozone/integration-test/target/test-dir/MiniOzoneClusterImpl-ff054ab7-6da7-448f-9cae-f629f00b5e08/scmNode-1/scm-ha/ff054ab7-6da7-448f-9cae-f629f00b5e08/in_use.lock acquired by nodename 59972@localhost
2025-07-02 18:51:36,524 [0570d27e-7557-449b-949c-3e7f7fc57b05-impl-thread1] INFO  storage.RaftStorage (RaftStorageImpl.java:analyzeAndRecoverStorage(118)) - Read RaftStorageMetadata{term=1, votedFor=0570d27e-7557-449b-949c-3e7f7fc57b05} from /home/runner/work/ozone/ozone/hadoop-ozone/integration-test/target/test-dir/MiniOzoneClusterImpl-ff054ab7-6da7-448f-9cae-f629f00b5e08/scmNode-1/scm-ha/ff054ab7-6da7-448f-9cae-f629f00b5e08/current/raft-meta
2025-07-02 18:51:36,526 [0570d27e-7557-449b-949c-3e7f7fc57b05-impl-thread1] INFO  server.RaftServer$Division (ServerState.java:setRaftConf(386)) - 0570d27e-7557-449b-949c-3e7f7fc57b05@group-F629F00B5E08: set configuration conf: {index: 0, cur=peers:[0570d27e-7557-449b-949c-3e7f7fc57b05|localhost:15003]|listeners:[], old=null}
2025-07-02 18:51:36,526 [0570d27e-7557-449b-949c-3e7f7fc57b05-impl-thread1] INFO  ha.SCMStateMachine (SCMStateMachine.java:lambda$initialize$0(135)) - 0570d27e-7557-449b-949c-3e7f7fc57b05: initialize group-F629F00B5E08
2025-07-02 18:51:36,526 [0570d27e-7557-449b-949c-3e7f7fc57b05-impl-thread1] INFO  server.RaftServerConfigKeys (ConfUtils.java:logGet(62)) - raft.server.log.appender.buffer.byte-limit = 4194304 (custom)
2025-07-02 18:51:36,529 [0570d27e-7557-449b-949c-3e7f7fc57b05-impl-thread1] INFO  server.RaftServerConfigKeys (ConfUtils.java:logGet(62)) - raft.server.log.segment.size.max = 4194304 (custom)
2025-07-02 18:51:36,529 [0570d27e-7557-449b-949c-3e7f7fc57b05-impl-thread1] INFO  server.RaftServerConfigKeys (ConfUtils.java:logGet(62)) - raft.server.log.appender.buffer.byte-limit = 4194304 (custom)
2025-07-02 18:51:36,529 [0570d27e-7557-449b-949c-3e7f7fc57b05-impl-thread1] INFO  util.AwaitToRun (AwaitToRun.java:start(81)) - Thread[#120,0570d27e-7557-449b-949c-3e7f7fc57b05@group-F629F00B5E08-cacheEviction-AwaitToRun,5,main] started
2025-07-02 18:51:36,529 [0570d27e-7557-449b-949c-3e7f7fc57b05-impl-thread1] INFO  segmented.SegmentedRaftLogWorker (SegmentedRaftLogWorker.java:<init>(190)) - new 0570d27e-7557-449b-949c-3e7f7fc57b05@group-F629F00B5E08-SegmentedRaftLogWorker for RaftStorageImpl:Storage Directory /home/runner/work/ozone/ozone/hadoop-ozone/integration-test/target/test-dir/MiniOzoneClusterImpl-ff054ab7-6da7-448f-9cae-f629f00b5e08/scmNode-1/scm-ha/ff054ab7-6da7-448f-9cae-f629f00b5e08
2025-07-02 18:51:36,530 [0570d27e-7557-449b-949c-3e7f7fc57b05-impl-thread1] INFO  server.RaftServerConfigKeys (ConfUtils.java:logGet(62)) - raft.server.log.segment.size.max = 4194304 (custom)
2025-07-02 18:51:36,530 [0570d27e-7557-449b-949c-3e7f7fc57b05-impl-thread1] INFO  server.RaftServerConfigKeys (ConfUtils.java:logGet(62)) - raft.server.log.preallocated.size = 4194304 (custom)
2025-07-02 18:51:36,530 [0570d27e-7557-449b-949c-3e7f7fc57b05-impl-thread1] INFO  server.RaftServerConfigKeys (ConfUtils.java:logGet(62)) - raft.server.log.write.buffer.size = 4194312 (custom)
2025-07-02 18:51:36,532 [0570d27e-7557-449b-949c-3e7f7fc57b05-impl-thread1] INFO  server.RaftServerConfigKeys (ConfUtils.java:logGet(62)) - raft.server.log.appender.buffer.byte-limit = 4194304 (custom)
2025-07-02 18:51:36,535 [0570d27e-7557-449b-949c-3e7f7fc57b05-impl-thread1] INFO  server.RaftServer$Division (ServerState.java:setRaftConf(386)) - 0570d27e-7557-449b-949c-3e7f7fc57b05@group-F629F00B5E08: set configuration conf: {index: 0, cur=peers:[0570d27e-7557-449b-949c-3e7f7fc57b05|localhost:15003]|listeners:[], old=null}
2025-07-02 18:51:36,535 [0570d27e-7557-449b-949c-3e7f7fc57b05-impl-thread1] INFO  segmented.LogSegment (LogSegment.java:loadSegment(171)) - Successfully read 1 entries from segment file /home/runner/work/ozone/ozone/hadoop-ozone/integration-test/target/test-dir/MiniOzoneClusterImpl-ff054ab7-6da7-448f-9cae-f629f00b5e08/scmNode-1/scm-ha/ff054ab7-6da7-448f-9cae-f629f00b5e08/current/log_inprogress_0
2025-07-02 18:51:36,535 [0570d27e-7557-449b-949c-3e7f7fc57b05-impl-thread1] INFO  segmented.SegmentedRaftLogWorker (SegmentedRaftLogWorker.java:lambda$new$0(141)) - 0570d27e-7557-449b-949c-3e7f7fc57b05@group-F629F00B5E08-SegmentedRaftLogWorker: safeCacheEvictIndex: setUnconditionally 0 -> -1
2025-07-02 18:51:36,535 [0570d27e-7557-449b-949c-3e7f7fc57b05-impl-thread1] INFO  segmented.BufferedWriteChannel (BufferedWriteChannel.java:open(61)) - open log_inprogress_0 (append) at position 76
2025-07-02 18:51:36,536 [0570d27e-7557-449b-949c-3e7f7fc57b05-impl-thread1] INFO  server.RaftServer$Division (RaftServerImpl.java:start(405)) - 0570d27e-7557-449b-949c-3e7f7fc57b05@group-F629F00B5E08: start as a follower, conf=conf: {index: 0, cur=peers:[0570d27e-7557-449b-949c-3e7f7fc57b05|localhost:15003]|listeners:[], old=null}
2025-07-02 18:51:36,536 [0570d27e-7557-449b-949c-3e7f7fc57b05-impl-thread1] INFO  server.RaftServer$Division (RaftServerImpl.java:setRole(392)) - 0570d27e-7557-449b-949c-3e7f7fc57b05@group-F629F00B5E08: changes role from      null to FOLLOWER at term 1 for startAsFollower
2025-07-02 18:51:36,536 [0570d27e-7557-449b-949c-3e7f7fc57b05-impl-thread1] INFO  impl.RoleInfo (RoleInfo.java:updateAndGet(148)) - 0570d27e-7557-449b-949c-3e7f7fc57b05: start 0570d27e-7557-449b-949c-3e7f7fc57b05@group-F629F00B5E08-FollowerState
2025-07-02 18:51:36,537 [0570d27e-7557-449b-949c-3e7f7fc57b05-impl-thread1] INFO  util.JmxRegister (JmxRegister.java:tryRegister(44)) - Successfully registered JMX Bean with object name Ratis:service=RaftServer,group=group-F629F00B5E08,id=0570d27e-7557-449b-949c-3e7f7fc57b05
2025-07-02 18:51:36,537 [0570d27e-7557-449b-949c-3e7f7fc57b05@group-F629F00B5E08-FollowerState] INFO  server.RaftServerConfigKeys (ConfUtils.java:logFallback(69)) - raft.server.rpc.first-election.timeout.min = 5000ms (fallback to raft.server.rpc.timeout.min)
2025-07-02 18:51:36,537 [0570d27e-7557-449b-949c-3e7f7fc57b05-impl-thread1] INFO  util.JmxRegister (JmxRegister.java:register(58)) - register mxBean class org.apache.ratis.server.impl.RaftServerJmxAdapter as Ratis:service=RaftServer,group=group-F629F00B5E08,id=0570d27e-7557-449b-949c-3e7f7fc57b05
2025-07-02 18:51:36,537 [0570d27e-7557-449b-949c-3e7f7fc57b05@group-F629F00B5E08-FollowerState] INFO  server.RaftServerConfigKeys (ConfUtils.java:logFallback(69)) - raft.server.rpc.first-election.timeout.max = 5200ms (fallback to raft.server.rpc.timeout.max)
2025-07-02 18:51:36,538 [0570d27e-7557-449b-949c-3e7f7fc57b05-impl-thread1] INFO  server.RaftServer$Division (RaftServerImpl.java:start(419)) - 0570d27e-7557-449b-949c-3e7f7fc57b05@group-F629F00B5E08: Successfully started.
2025-07-02 18:51:36,538 [main] INFO  server.RaftServer (RaftServerProxy.java:startImpl(412)) - 0570d27e-7557-449b-949c-3e7f7fc57b05: start RPC server
2025-07-02 18:51:36,539 [main] INFO  server.GrpcServicesImpl (GrpcServicesImpl.java:startImpl(346)) - 0570d27e-7557-449b-949c-3e7f7fc57b05: GrpcServicesImpl started, listening on 15003
2025-07-02 18:51:36,539 [JvmPauseMonitor1] INFO  util.JvmPauseMonitor (JvmPauseMonitor.java:run(146)) - JvmPauseMonitor-0570d27e-7557-449b-949c-3e7f7fc57b05: Started
2025-07-02 18:51:36,545 [main] INFO  ha.SCMHAManagerImpl (SCMHAManagerImpl.java:start(131)) -  scm role is FOLLOWER peers [0570d27e-7557-449b-949c-3e7f7fc57b05|localhost:15003]
2025-07-02 18:51:36,545 [main] INFO  ha.InterSCMGrpcService (InterSCMGrpcProtocolService.java:start(98)) - Starting SCM Grpc Service at port 15006
2025-07-02 18:51:36,546 [main] INFO  SCMHATransactionMonitor (BackgroundSCMService.java:start(64)) - Starting SCMHATransactionMonitor Service.
2025-07-02 18:51:36,546 [main] INFO  ha.SCMServiceManager (SCMServiceManager.java:register(42)) - Registering service SCMHATransactionMonitor.
2025-07-02 18:51:36,547 [main] INFO  SCMHATransactionMonitor (BackgroundSCMService.java:start(61)) - SCMHATransactionMonitor Service is already running, skip start.
2025-07-02 18:51:36,577 [main] WARN  impl.MetricsConfig (MetricsConfig.java:loadFirst(138)) - Cannot locate configuration: tried hadoop-metrics2-storagecontainermanager.properties,hadoop-metrics2.properties
2025-07-02 18:51:36,584 [main] INFO  impl.MetricsSystemImpl (MetricsSystemImpl.java:startTimer(378)) - Scheduled Metric snapshot period at 10 second(s).
2025-07-02 18:51:36,584 [main] INFO  impl.MetricsSystemImpl (MetricsSystemImpl.java:start(191)) - StorageContainerManager metrics system started
2025-07-02 18:51:36,637 [main] INFO  server.SCMClientProtocolServer (SCMClientProtocolServer.java:start(209)) - RPC server for Client  is listening at /0.0.0.0:15005
2025-07-02 18:51:36,637 [IPC Server Responder] INFO  ipc.Server (Server.java:run(1713)) - IPC Server Responder: starting
2025-07-02 18:51:36,638 [IPC Server listener on 15005] INFO  ipc.Server (Server.java:run(1553)) - IPC Server listener on 15005: starting
2025-07-02 18:51:36,654 [main] INFO  server.StorageContainerManager (StorageContainerManager.java:start(1527)) - ScmBlockLocationProtocol RPC server is listening at /0.0.0.0:15007
2025-07-02 18:51:36,655 [main] INFO  server.SCMBlockProtocolServer (SCMBlockProtocolServer.java:start(166)) - RPC server for Block Protocol is listening at /0.0.0.0:15007
2025-07-02 18:51:36,655 [IPC Server Responder] INFO  ipc.Server (Server.java:run(1713)) - IPC Server Responder: starting
2025-07-02 18:51:36,656 [IPC Server listener on 15007] INFO  ipc.Server (Server.java:run(1553)) - IPC Server listener on 15007: starting
2025-07-02 18:51:36,674 [main] INFO  server.SCMSecurityProtocolServer (SCMSecurityProtocolServer.java:start(503)) - Starting RPC server for SCMSecurityProtocolServer. is listening at /0.0.0.0:15002
2025-07-02 18:51:36,675 [IPC Server Responder] INFO  ipc.Server (Server.java:run(1713)) - IPC Server Responder: starting
2025-07-02 18:51:36,676 [IPC Server listener on 15002] INFO  ipc.Server (Server.java:run(1553)) - IPC Server listener on 15002: starting
2025-07-02 18:51:36,677 [main] INFO  utils.BackgroundService (BackgroundService.java:start(118)) - Starting service SCMBlockDeletingService with interval 60000 milliseconds
2025-07-02 18:51:36,686 [main] INFO  http.BaseHttpServer (BaseHttpServer.java:newHttpServer2BuilderForOzone(229)) - Starting Web-server for scm at: http://0.0.0.0:15000
2025-07-02 18:51:36,687 [main] INFO  http.BaseHttpServer (BaseHttpServer.java:<init>(107)) - Hadoop Security Enabled: true Ozone Security Enabled: true Ozone HTTP Security Enabled: false 
2025-07-02 18:51:36,704 [main] INFO  util.log (Log.java:initialized(170)) - Logging initialized @11241ms to org.eclipse.jetty.util.log.Slf4jLog
2025-07-02 18:51:36,763 [main] WARN  server.AuthenticationFilter (AuthenticationFilter.java:constructSecretProvider(240)) - Unable to initialize FileSignerSecretProvider, falling back to use random secrets. Reason: Could not read signature secret file: /home/runner/hadoop-http-auth-signature-secret
2025-07-02 18:51:36,792 [main] INFO  http.HttpServer2 (HttpServer2.java:addGlobalFilter(1042)) - Added global filter 'safety' (class=org.apache.hadoop.hdds.server.http.HttpServer2$QuotingInputFilter)
2025-07-02 18:51:36,795 [main] INFO  http.HttpServer2 (HttpServer2.java:addFilter(1018)) - Added filter static_user_filter (class=org.apache.hadoop.http.lib.StaticUserWebFilter$StaticUserFilter) to context scm
2025-07-02 18:51:36,801 [main] INFO  http.HttpServer2 (HttpServer2.java:addFilter(1026)) - Added filter static_user_filter (class=org.apache.hadoop.http.lib.StaticUserWebFilter$StaticUserFilter) to context static
2025-07-02 18:51:36,801 [main] INFO  http.HttpServer2 (HttpServer2.java:addFilter(1026)) - Added filter static_user_filter (class=org.apache.hadoop.http.lib.StaticUserWebFilter$StaticUserFilter) to context logs
2025-07-02 18:51:36,827 [main] INFO  http.BaseHttpServer (BaseHttpServer.java:<init>(195)) - HTTP server of scm uses base directory /home/runner/work/ozone/ozone/hadoop-ozone/integration-test/target/test-dir/MiniOzoneClusterImpl-ff054ab7-6da7-448f-9cae-f629f00b5e08/scmNode-1/webserver
2025-07-02 18:51:36,829 [main] INFO  http.HttpServer2 (HttpServer2.java:bindListener(1242)) - Jetty bound to port 15000
2025-07-02 18:51:36,829 [main] INFO  server.Server (Server.java:doStart(375)) - jetty-9.4.57.v20241219; built: 2025-01-08T21:24:30.412Z; git: df524e6b29271c2e09ba9aea83c18dc9db464a31; jvm 21.0.7+6-LTS
2025-07-02 18:51:36,847 [main] INFO  server.session (DefaultSessionIdManager.java:doStart(334)) - DefaultSessionIdManager workerName=node0
2025-07-02 18:51:36,847 [main] INFO  server.session (DefaultSessionIdManager.java:doStart(339)) - No SessionScavenger set, using defaults
2025-07-02 18:51:36,848 [main] INFO  server.session (HouseKeeper.java:startScavenging(132)) - node0 Scavenging every 600000ms
2025-07-02 18:51:36,856 [main] INFO  handler.ContextHandler (ContextHandler.java:doStart(921)) - Started o.e.j.s.ServletContextHandler@41a3656f{logs,/logs,file:///home/runner/work/ozone/ozone/hadoop-ozone/integration-test/target/log,AVAILABLE}
2025-07-02 18:51:36,856 [main] INFO  handler.ContextHandler (ContextHandler.java:doStart(921)) - Started o.e.j.s.ServletContextHandler@1ea482b4{static,/static,file:///home/runner/work/ozone/ozone/hadoop-ozone/integration-test/target/test-classes/webapps/static,AVAILABLE}
2025-07-02 18:51:36,888 [main] INFO  handler.ContextHandler (ContextHandler.java:doStart(921)) - Started o.e.j.w.WebAppContext@5b0fc8c2{scm,/,file:///home/runner/work/ozone/ozone/hadoop-ozone/integration-test/target/test-classes/webapps/scm/,AVAILABLE}{file:/home/runner/work/ozone/ozone/hadoop-ozone/integration-test/target/test-classes/webapps/scm}
2025-07-02 18:51:36,892 [main] INFO  server.AbstractConnector (AbstractConnector.java:doStart(333)) - Started ServerConnector@3a5e591b{HTTP/1.1, (http/1.1)}{0.0.0.0:15000}
2025-07-02 18:51:36,892 [main] INFO  server.Server (Server.java:doStart(415)) - Started @11429ms
2025-07-02 18:51:36,893 [main] INFO  impl.MetricsSinkAdapter (MetricsSinkAdapter.java:start(204)) - Sink prometheus started
2025-07-02 18:51:36,894 [main] INFO  impl.MetricsSystemImpl (MetricsSystemImpl.java:registerSink(305)) - Registered sink prometheus
2025-07-02 18:51:36,894 [main] INFO  http.BaseHttpServer (BaseHttpServer.java:updateConnectorAddress(359)) - HTTP server of scm listening at http://localhost:15000
2025-07-02 18:51:36,901 [main] INFO  db.CodecBuffer (CodecBuffer.java:set(85)) - Successfully set constructor to LeakDetector::newCodecBuffer: org.apache.hadoop.hdds.utils.db.CodecBuffer$$Lambda/0x00007f74c07a1da0@570cef1e
2025-07-02 18:51:36,901 [main] INFO  ozone.MiniOzoneHAClusterImpl (MiniOzoneHAClusterImpl.java:createSCMService(589)) - Started SCM RPC server at /0.0.0.0:15005
2025-07-02 18:51:36,904 [main] WARN  server.ServerUtils (ServerUtils.java:getScmDbDir(138)) - ozone.scm.db.dirs is not configured. We recommend adding this setting. Falling back to ozone.metadata.dirs instead.
2025-07-02 18:51:36,905 [main] INFO  ha.SCMHANodeDetails (SCMHANodeDetails.java:loadSCMHAConfig(162)) - ServiceID for StorageContainerManager is SecureSCM
2025-07-02 18:51:36,905 [main] INFO  ha.SCMHANodeDetails (SCMHANodeDetails.java:loadSCMHAConfig(172)) - ServiceID for StorageContainerManager is SecureSCM
2025-07-02 18:51:36,905 [main] WARN  scm.ScmUtils (ScmUtils.java:logWarn(162)) - ConfigKey ozone.scm.block.client.address is deprecated, For configuring different ports for each SCM use PortConfigKey ozone.scm.block.client.port appended with serviceId and nodeId. If want to configure same port configure ozone.scm.block.client.port
2025-07-02 18:51:36,905 [main] WARN  scm.ScmUtils (ScmUtils.java:logWarn(162)) - ConfigKey ozone.scm.client.address is deprecated, For configuring different ports for each SCM use PortConfigKey ozone.scm.client.port appended with serviceId and nodeId. If want to configure same port configure ozone.scm.client.port
2025-07-02 18:51:36,905 [main] WARN  scm.ScmUtils (ScmUtils.java:logWarn(162)) - ConfigKey ozone.scm.datanode.address is deprecated, For configuring different ports for each SCM use PortConfigKey ozone.scm.datanode.port appended with serviceId and nodeId. If want to configure same port configure ozone.scm.datanode.port
2025-07-02 18:51:36,906 [main] WARN  scm.ScmUtils (ScmUtils.java:logWarn(162)) - ConfigKey ozone.scm.block.client.address is deprecated, For configuring different ports for each SCM use PortConfigKey ozone.scm.block.client.port appended with serviceId and nodeId. If want to configure same port configure ozone.scm.block.client.port
2025-07-02 18:51:36,906 [main] WARN  scm.ScmUtils (ScmUtils.java:logWarn(162)) - ConfigKey ozone.scm.client.address is deprecated, For configuring different ports for each SCM use PortConfigKey ozone.scm.client.port appended with serviceId and nodeId. If want to configure same port configure ozone.scm.client.port
2025-07-02 18:51:36,906 [main] WARN  scm.ScmUtils (ScmUtils.java:logWarn(162)) - ConfigKey ozone.scm.datanode.address is deprecated, For configuring different ports for each SCM use PortConfigKey ozone.scm.datanode.port appended with serviceId and nodeId. If want to configure same port configure ozone.scm.datanode.port
2025-07-02 18:51:36,907 [main] INFO  ha.SCMHANodeDetails (SCMHANodeDetails.java:loadSCMHAConfig(259)) - Found matching SCM address with SCMServiceId: SecureSCM, SCMNodeId: scmNode-2, RPC Address: localhost:15011 and Ratis port: 15011
2025-07-02 18:51:36,907 [main] INFO  ha.SCMHANodeDetails (ConfUtils.java:setNodeSpecificConfigs(98)) - Setting configuration key ozone.scm.datanode.address with value of key ozone.scm.datanode.address.SecureSCM.scmNode-2: 127.0.0.1:15012
2025-07-02 18:51:36,907 [main] INFO  ha.SCMHANodeDetails (ConfUtils.java:setNodeSpecificConfigs(98)) - Setting configuration key ozone.scm.block.client.address with value of key ozone.scm.block.client.address.SecureSCM.scmNode-2: 127.0.0.1:15015
2025-07-02 18:51:36,907 [main] INFO  ha.SCMHANodeDetails (ConfUtils.java:setNodeSpecificConfigs(98)) - Setting configuration key ozone.scm.client.address with value of key ozone.scm.client.address.SecureSCM.scmNode-2: 127.0.0.1:15013
2025-07-02 18:51:36,907 [main] INFO  ha.SCMHANodeDetails (ConfUtils.java:setNodeSpecificConfigs(98)) - Setting configuration key ozone.scm.security.service.address with value of key ozone.scm.security.service.address.SecureSCM.scmNode-2: 127.0.0.1:15010
2025-07-02 18:51:36,907 [main] INFO  ha.SCMHANodeDetails (ConfUtils.java:setNodeSpecificConfigs(98)) - Setting configuration key ozone.scm.ratis.port with value of key ozone.scm.ratis.port.SecureSCM.scmNode-2: 15011
2025-07-02 18:51:36,907 [main] INFO  ha.SCMHANodeDetails (ConfUtils.java:setNodeSpecificConfigs(98)) - Setting configuration key ozone.scm.grpc.port with value of key ozone.scm.grpc.port.SecureSCM.scmNode-2: 15014
2025-07-02 18:51:36,907 [main] INFO  ha.SCMHANodeDetails (ConfUtils.java:setNodeSpecificConfigs(98)) - Setting configuration key ozone.scm.http-address with value of key ozone.scm.http-address.SecureSCM.scmNode-2: 127.0.0.1:15008
2025-07-02 18:51:36,908 [main] INFO  ha.SCMHANodeDetails (ConfUtils.java:setNodeSpecificConfigs(98)) - Setting configuration key ozone.scm.https-address with value of key ozone.scm.https-address.SecureSCM.scmNode-2: 127.0.0.1:15009
2025-07-02 18:51:36,908 [main] INFO  ha.SCMHANodeDetails (ConfUtils.java:setNodeSpecificConfigs(98)) - Setting configuration key ozone.scm.address with value of key ozone.scm.address.SecureSCM.scmNode-2: 127.0.0.1
2025-07-02 18:51:36,908 [main] WARN  scm.ScmUtils (ScmUtils.java:logWarn(162)) - ConfigKey ozone.scm.block.client.address is deprecated, For configuring different ports for each SCM use PortConfigKey ozone.scm.block.client.port appended with serviceId and nodeId. If want to configure same port configure ozone.scm.block.client.port
2025-07-02 18:51:36,908 [main] WARN  scm.ScmUtils (ScmUtils.java:logWarn(162)) - ConfigKey ozone.scm.client.address is deprecated, For configuring different ports for each SCM use PortConfigKey ozone.scm.client.port appended with serviceId and nodeId. If want to configure same port configure ozone.scm.client.port
2025-07-02 18:51:36,908 [main] WARN  scm.ScmUtils (ScmUtils.java:logWarn(162)) - ConfigKey ozone.scm.datanode.address is deprecated, For configuring different ports for each SCM use PortConfigKey ozone.scm.datanode.port appended with serviceId and nodeId. If want to configure same port configure ozone.scm.datanode.port
2025-07-02 18:51:36,909 [main] INFO  ha.SCMNodeInfo (SCMNodeInfo.java:getPort(197)) - ConfigKey ozone.scm.client.address is deprecated, For configuring different ports for each SCM use PortConfigKey ozone.scm.client.port appended with serviceId and nodeId
2025-07-02 18:51:36,909 [main] INFO  ha.SCMNodeInfo (SCMNodeInfo.java:getPort(197)) - ConfigKey ozone.scm.block.client.address is deprecated, For configuring different ports for each SCM use PortConfigKey ozone.scm.block.client.port appended with serviceId and nodeId
2025-07-02 18:51:36,909 [main] INFO  ha.SCMNodeInfo (SCMNodeInfo.java:getPort(197)) - ConfigKey ozone.scm.security.service.address is deprecated, For configuring different ports for each SCM use PortConfigKey ozone.scm.security.service.port appended with serviceId and nodeId
2025-07-02 18:51:36,909 [main] INFO  ha.SCMNodeInfo (SCMNodeInfo.java:getPort(197)) - ConfigKey ozone.scm.datanode.address is deprecated, For configuring different ports for each SCM use PortConfigKey ozone.scm.datanode.port appended with serviceId and nodeId
2025-07-02 18:51:36,909 [main] INFO  ha.SCMNodeInfo (SCMNodeInfo.java:getPort(197)) - ConfigKey ozone.scm.client.address is deprecated, For configuring different ports for each SCM use PortConfigKey ozone.scm.client.port appended with serviceId and nodeId
2025-07-02 18:51:36,909 [main] INFO  ha.SCMNodeInfo (SCMNodeInfo.java:getPort(197)) - ConfigKey ozone.scm.block.client.address is deprecated, For configuring different ports for each SCM use PortConfigKey ozone.scm.block.client.port appended with serviceId and nodeId
2025-07-02 18:51:36,909 [main] INFO  ha.SCMNodeInfo (SCMNodeInfo.java:getPort(197)) - ConfigKey ozone.scm.security.service.address is deprecated, For configuring different ports for each SCM use PortConfigKey ozone.scm.security.service.port appended with serviceId and nodeId
2025-07-02 18:51:36,909 [main] INFO  ha.SCMNodeInfo (SCMNodeInfo.java:getPort(197)) - ConfigKey ozone.scm.datanode.address is deprecated, For configuring different ports for each SCM use PortConfigKey ozone.scm.datanode.port appended with serviceId and nodeId
2025-07-02 18:51:36,909 [main] INFO  ha.SCMNodeInfo (SCMNodeInfo.java:getPort(197)) - ConfigKey ozone.scm.client.address is deprecated, For configuring different ports for each SCM use PortConfigKey ozone.scm.client.port appended with serviceId and nodeId
2025-07-02 18:51:36,910 [main] INFO  ha.SCMNodeInfo (SCMNodeInfo.java:getPort(197)) - ConfigKey ozone.scm.block.client.address is deprecated, For configuring different ports for each SCM use PortConfigKey ozone.scm.block.client.port appended with serviceId and nodeId
2025-07-02 18:51:36,910 [main] INFO  ha.SCMNodeInfo (SCMNodeInfo.java:getPort(197)) - ConfigKey ozone.scm.security.service.address is deprecated, For configuring different ports for each SCM use PortConfigKey ozone.scm.security.service.port appended with serviceId and nodeId
2025-07-02 18:51:36,910 [main] INFO  ha.SCMNodeInfo (SCMNodeInfo.java:getPort(197)) - ConfigKey ozone.scm.datanode.address is deprecated, For configuring different ports for each SCM use PortConfigKey ozone.scm.datanode.port appended with serviceId and nodeId
2025-07-02 18:51:36,914 [pool-2-thread-1] INFO  request.KdcRequest (KdcRequest.java:preauth(683)) - The preauth data is empty.
2025-07-02 18:51:36,914 [pool-2-thread-1] INFO  server.KdcHandler (KdcHandler.java:handleRecoverableException(177)) - KRB error occurred while processing request: Additional pre-authentication required
2025-07-02 18:51:36,932 [pool-2-thread-1] INFO  request.AsRequest (AsRequest.java:issueTicket(112)) - AS_REQ ISSUE: authtime 1751482296930,scm/localhost@EXAMPLE.COM for krbtgt/EXAMPLE.COM@EXAMPLE.COM
2025-07-02 18:51:36,939 [main] INFO  security.UserGroupInformation (UserGroupInformation.java:loginUserFromKeytab(1143)) - Login successful for user scm/localhost@EXAMPLE.COM using keytab file scm.keytab. Keytab auto renewal enabled : false
2025-07-02 18:51:36,939 [main] INFO  server.StorageContainerManager (StorageContainerManager.java:loginAsSCMUserIfSecurityEnabled(1069)) - SCM login successful.
2025-07-02 18:51:36,952 [main] INFO  ha.SCMNodeInfo (SCMNodeInfo.java:getPort(197)) - ConfigKey ozone.scm.client.address is deprecated, For configuring different ports for each SCM use PortConfigKey ozone.scm.client.port appended with serviceId and nodeId
2025-07-02 18:51:36,952 [main] INFO  ha.SCMNodeInfo (SCMNodeInfo.java:getPort(197)) - ConfigKey ozone.scm.block.client.address is deprecated, For configuring different ports for each SCM use PortConfigKey ozone.scm.block.client.port appended with serviceId and nodeId
2025-07-02 18:51:36,952 [main] INFO  ha.SCMNodeInfo (SCMNodeInfo.java:getPort(197)) - ConfigKey ozone.scm.security.service.address is deprecated, For configuring different ports for each SCM use PortConfigKey ozone.scm.security.service.port appended with serviceId and nodeId
2025-07-02 18:51:36,952 [main] INFO  ha.SCMNodeInfo (SCMNodeInfo.java:getPort(197)) - ConfigKey ozone.scm.datanode.address is deprecated, For configuring different ports for each SCM use PortConfigKey ozone.scm.datanode.port appended with serviceId and nodeId
2025-07-02 18:51:36,955 [main] INFO  ha.SCMNodeInfo (SCMNodeInfo.java:getPort(197)) - ConfigKey ozone.scm.client.address is deprecated, For configuring different ports for each SCM use PortConfigKey ozone.scm.client.port appended with serviceId and nodeId
2025-07-02 18:51:36,955 [main] INFO  ha.SCMNodeInfo (SCMNodeInfo.java:getPort(197)) - ConfigKey ozone.scm.block.client.address is deprecated, For configuring different ports for each SCM use PortConfigKey ozone.scm.block.client.port appended with serviceId and nodeId
2025-07-02 18:51:36,955 [main] INFO  ha.SCMNodeInfo (SCMNodeInfo.java:getPort(197)) - ConfigKey ozone.scm.security.service.address is deprecated, For configuring different ports for each SCM use PortConfigKey ozone.scm.security.service.port appended with serviceId and nodeId
2025-07-02 18:51:36,955 [main] INFO  ha.SCMNodeInfo (SCMNodeInfo.java:getPort(197)) - ConfigKey ozone.scm.datanode.address is deprecated, For configuring different ports for each SCM use PortConfigKey ozone.scm.datanode.port appended with serviceId and nodeId
2025-07-02 18:51:36,956 [main] INFO  proxy.SCMBlockLocationFailoverProxyProvider (SCMFailoverProxyProviderBase.java:<init>(120)) - Created fail-over proxy for protocol ScmBlockLocationProtocolPB with 2 nodes: [nodeId=scmNode-3,nodeAddress=/127.0.0.1:15023, nodeId=scmNode-1,nodeAddress=/127.0.0.1:15007]
2025-07-02 18:51:37,086 [pool-2-thread-1] INFO  request.TgsRequest (TgsRequest.java:issueTicket(117)) - TGS_REQ ISSUE: authtime 1751482297085,scm/localhost@EXAMPLE.COM for scm/localhost@EXAMPLE.COM
2025-07-02 18:51:37,086 [pool-2-thread-2] INFO  request.TgsRequest (TgsRequest.java:issueTicket(117)) - TGS_REQ ISSUE: authtime 1751482297084,scm/localhost@EXAMPLE.COM for scm/localhost@EXAMPLE.COM
2025-07-02 18:51:37,121 [Socket Reader #2 for port 15007] INFO  ipc.Server (Server.java:saslProcess(2290)) - Auth successful for scm/localhost@EXAMPLE.COM (auth:KERBEROS) from 127.0.0.1:39595
2025-07-02 18:51:37,128 [Socket Reader #1 for port 15002] INFO  ipc.Server (Server.java:saslProcess(2290)) - Auth successful for scm/localhost@EXAMPLE.COM (auth:KERBEROS) from 127.0.0.1:39211
2025-07-02 18:51:37,196 [IPC Server handler 0 on default port 15002] INFO  ipc.Server (Server.java:logException(3260)) - IPC Server handler 0 on default port 15002, call Call#0 Retry#0 org.apache.hadoop.hdds.protocol.SCMSecurityProtocol.submitRequest from 127.0.0.1:39211
org.apache.hadoop.hdds.ratis.ServerNotLeaderException: SCM Server:0570d27e-7557-449b-949c-3e7f7fc57b05(localhost) is not the leader. Could not determine the leader node.
	at org.apache.hadoop.hdds.ratis.ServerNotLeaderException.convertToNotLeaderException(ServerNotLeaderException.java:106)
	at org.apache.hadoop.hdds.scm.ha.RatisUtil.checkRatisException(RatisUtil.java:254)
	at org.apache.hadoop.hdds.scm.protocol.SCMSecurityProtocolServerSideTranslatorPB.submitRequest(SCMSecurityProtocolServerSideTranslatorPB.java:83)
	at org.apache.hadoop.hdds.protocol.proto.SCMSecurityProtocolProtos$SCMSecurityProtocolService$2.callBlockingMethod(SCMSecurityProtocolProtos.java:18942)
	at org.apache.hadoop.ipc.ProtobufRpcEngine$Server.processCall(ProtobufRpcEngine.java:484)
	at org.apache.hadoop.ipc.ProtobufRpcEngine2$Server$ProtoBufRpcInvoker.call(ProtobufRpcEngine2.java:595)
	at org.apache.hadoop.ipc.ProtobufRpcEngine2$Server$ProtoBufRpcInvoker.call(ProtobufRpcEngine2.java:573)
	at org.apache.hadoop.ipc.RPC$Server.call(RPC.java:1227)
	at org.apache.hadoop.ipc.Server$RpcCall.run(Server.java:1246)
	at org.apache.hadoop.ipc.Server$RpcCall.run(Server.java:1169)
	at java.base/java.security.AccessController.doPrivileged(AccessController.java:714)
	at java.base/javax.security.auth.Subject.doAs(Subject.java:525)
	at org.apache.hadoop.security.UserGroupInformation.doAs(UserGroupInformation.java:1953)
	at org.apache.hadoop.ipc.Server$Handler.run(Server.java:3198)
2025-07-02 18:51:41,204 [main] INFO  retry.RetryInvocationHandler (RetryInvocationHandler.java:log(426)) - com.google.protobuf.ServiceException: org.apache.hadoop.ipc.RemoteException(org.apache.hadoop.hdds.ratis.ServerNotLeaderException): SCM Server:0570d27e-7557-449b-949c-3e7f7fc57b05(localhost) is not the leader. Could not determine the leader node.
	at org.apache.hadoop.hdds.ratis.ServerNotLeaderException.convertToNotLeaderException(ServerNotLeaderException.java:106)
	at org.apache.hadoop.hdds.scm.ha.RatisUtil.checkRatisException(RatisUtil.java:254)
	at org.apache.hadoop.hdds.scm.protocol.ScmBlockLocationProtocolServerSideTranslatorPB.send(ScmBlockLocationProtocolServerSideTranslatorPB.java:111)
	at org.apache.hadoop.hdds.protocol.proto.ScmBlockLocationProtocolProtos$ScmBlockLocationProtocolService$2.callBlockingMethod(ScmBlockLocationProtocolProtos.java:15785)
	at org.apache.hadoop.ipc.ProtobufRpcEngine$Server.processCall(ProtobufRpcEngine.java:484)
	at org.apache.hadoop.ipc.ProtobufRpcEngine2$Server$ProtoBufRpcInvoker.call(ProtobufRpcEngine2.java:595)
	at org.apache.hadoop.ipc.ProtobufRpcEngine2$Server$ProtoBufRpcInvoker.call(ProtobufRpcEngine2.java:573)
	at org.apache.hadoop.ipc.RPC$Server.call(RPC.java:1227)
	at org.apache.hadoop.ipc.Server$RpcCall.run(Server.java:1246)
	at org.apache.hadoop.ipc.Server$RpcCall.run(Server.java:1169)
	at java.base/java.security.AccessController.doPrivileged(AccessController.java:714)
	at java.base/javax.security.auth.Subject.doAs(Subject.java:525)
	at org.apache.hadoop.security.UserGroupInformation.doAs(UserGroupInformation.java:1953)
	at org.apache.hadoop.ipc.Server$Handler.run(Server.java:3198)
, while invoking $Proxy55.send over nodeId=scmNode-1,nodeAddress=/127.0.0.1:15007 after 2 failover attempts. Trying to failover after sleeping for 2000ms. Current retry count: 2.
2025-07-02 18:51:41,704 [0570d27e-7557-449b-949c-3e7f7fc57b05@group-F629F00B5E08-FollowerState] INFO  impl.FollowerState (FollowerState.java:runImpl(161)) - 0570d27e-7557-449b-949c-3e7f7fc57b05@group-F629F00B5E08-FollowerState: change to CANDIDATE, lastRpcElapsedTime:5168119831ns, electionTimeout:5167ms
2025-07-02 18:51:41,705 [0570d27e-7557-449b-949c-3e7f7fc57b05@group-F629F00B5E08-FollowerState] INFO  impl.RoleInfo (RoleInfo.java:shutdownFollowerState(121)) - 0570d27e-7557-449b-949c-3e7f7fc57b05: shutdown 0570d27e-7557-449b-949c-3e7f7fc57b05@group-F629F00B5E08-FollowerState
2025-07-02 18:51:41,705 [0570d27e-7557-449b-949c-3e7f7fc57b05@group-F629F00B5E08-FollowerState] INFO  server.RaftServer$Division (RaftServerImpl.java:setRole(392)) - 0570d27e-7557-449b-949c-3e7f7fc57b05@group-F629F00B5E08: changes role from  FOLLOWER to CANDIDATE at term 1 for changeToCandidate
2025-07-02 18:51:41,705 [0570d27e-7557-449b-949c-3e7f7fc57b05@group-F629F00B5E08-FollowerState] INFO  impl.RoleInfo (RoleInfo.java:updateAndGet(148)) - 0570d27e-7557-449b-949c-3e7f7fc57b05: start 0570d27e-7557-449b-949c-3e7f7fc57b05@group-F629F00B5E08-LeaderElection2
2025-07-02 18:51:41,705 [0570d27e-7557-449b-949c-3e7f7fc57b05@group-F629F00B5E08-LeaderElection2] INFO  impl.LeaderElection (LeaderElection.java:askForVotes(448)) - 0570d27e-7557-449b-949c-3e7f7fc57b05@group-F629F00B5E08-LeaderElection2 PRE_VOTE round 0: submit vote requests at term 1 for conf: {index: 0, cur=peers:[0570d27e-7557-449b-949c-3e7f7fc57b05|localhost:15003]|listeners:[], old=null}
2025-07-02 18:51:41,706 [0570d27e-7557-449b-949c-3e7f7fc57b05@group-F629F00B5E08-LeaderElection2] INFO  impl.LeaderElection (LeaderElection.java:askForVotes(450)) - 0570d27e-7557-449b-949c-3e7f7fc57b05@group-F629F00B5E08-LeaderElection2 PRE_VOTE round 0: result PASSED (term=1)
2025-07-02 18:51:41,707 [0570d27e-7557-449b-949c-3e7f7fc57b05@group-F629F00B5E08-LeaderElection2] INFO  impl.LeaderElection (LeaderElection.java:askForVotes(448)) - 0570d27e-7557-449b-949c-3e7f7fc57b05@group-F629F00B5E08-LeaderElection2 ELECTION round 0: submit vote requests at term 2 for conf: {index: 0, cur=peers:[0570d27e-7557-449b-949c-3e7f7fc57b05|localhost:15003]|listeners:[], old=null}
2025-07-02 18:51:41,707 [0570d27e-7557-449b-949c-3e7f7fc57b05@group-F629F00B5E08-LeaderElection2] INFO  impl.LeaderElection (LeaderElection.java:askForVotes(450)) - 0570d27e-7557-449b-949c-3e7f7fc57b05@group-F629F00B5E08-LeaderElection2 ELECTION round 0: result PASSED (term=2)
2025-07-02 18:51:41,707 [0570d27e-7557-449b-949c-3e7f7fc57b05@group-F629F00B5E08-LeaderElection2] INFO  impl.RoleInfo (RoleInfo.java:shutdownLeaderElection(141)) - 0570d27e-7557-449b-949c-3e7f7fc57b05: shutdown 0570d27e-7557-449b-949c-3e7f7fc57b05@group-F629F00B5E08-LeaderElection2
2025-07-02 18:51:41,708 [0570d27e-7557-449b-949c-3e7f7fc57b05@group-F629F00B5E08-LeaderElection2] INFO  server.RaftServer$Division (RaftServerImpl.java:setRole(392)) - 0570d27e-7557-449b-949c-3e7f7fc57b05@group-F629F00B5E08: changes role from CANDIDATE to LEADER at term 2 for changeToLeader
2025-07-02 18:51:41,708 [0570d27e-7557-449b-949c-3e7f7fc57b05@group-F629F00B5E08-LeaderElection2] INFO  server.RaftServerConfigKeys (ConfUtils.java:logFallback(69)) - raft.server.staging.timeout = 15600ms (fallback to raft.server.rpc.timeout.max)
2025-07-02 18:51:41,709 [0570d27e-7557-449b-949c-3e7f7fc57b05@group-F629F00B5E08-LeaderElection2] INFO  impl.RoleInfo (RoleInfo.java:updateAndGet(148)) - 0570d27e-7557-449b-949c-3e7f7fc57b05: start 0570d27e-7557-449b-949c-3e7f7fc57b05@group-F629F00B5E08-LeaderStateImpl
2025-07-02 18:51:41,709 [0570d27e-7557-449b-949c-3e7f7fc57b05@group-F629F00B5E08-LeaderElection2] INFO  server.RaftServer$Division (RaftServerImpl.java:setFirstElection(576)) - 0570d27e-7557-449b-949c-3e7f7fc57b05@group-F629F00B5E08: set firstElectionSinceStartup to false for becomeLeader
2025-07-02 18:51:41,709 [0570d27e-7557-449b-949c-3e7f7fc57b05@group-F629F00B5E08-LeaderElection2] INFO  ha.SCMStateMachine (SCMStateMachine.java:notifyLeaderChanged(293)) - current SCM becomes leader of term 2.
2025-07-02 18:51:41,710 [0570d27e-7557-449b-949c-3e7f7fc57b05@group-F629F00B5E08-LeaderElection2] INFO  ha.SCMContext (SCMContext.java:updateLeaderAndTerm(95)) - update <isLeader,term> from <false,0> to <true,2>
2025-07-02 18:51:41,712 [0570d27e-7557-449b-949c-3e7f7fc57b05@group-F629F00B5E08-LeaderElection2] INFO  server.RaftServer$Division (ServerState.java:setLeader(272)) - 0570d27e-7557-449b-949c-3e7f7fc57b05@group-F629F00B5E08: change Leader from null to 0570d27e-7557-449b-949c-3e7f7fc57b05 at term 2 for becomeLeader, leader elected after 5788ms
2025-07-02 18:51:41,712 [0570d27e-7557-449b-949c-3e7f7fc57b05@group-F629F00B5E08-LeaderElection2] INFO  segmented.SegmentedRaftLogWorker (SegmentedRaftLogWorker.java:rollLogSegment(445)) - 0570d27e-7557-449b-949c-3e7f7fc57b05@group-F629F00B5E08-SegmentedRaftLogWorker: Rolling segment log-0_0 to index:0
2025-07-02 18:51:41,713 [0570d27e-7557-449b-949c-3e7f7fc57b05@group-F629F00B5E08-LeaderElection2] INFO  server.RaftServer$Division (ServerState.java:setRaftConf(386)) - 0570d27e-7557-449b-949c-3e7f7fc57b05@group-F629F00B5E08: set configuration conf: {index: 1, cur=peers:[0570d27e-7557-449b-949c-3e7f7fc57b05|localhost:15003]|listeners:[], old=null}
2025-07-02 18:51:41,713 [0570d27e-7557-449b-949c-3e7f7fc57b05@group-F629F00B5E08-SegmentedRaftLogWorker] INFO  segmented.SegmentedRaftLogWorker (SegmentedRaftLogWorker.java:execute(604)) - 0570d27e-7557-449b-949c-3e7f7fc57b05@group-F629F00B5E08-SegmentedRaftLogWorker: Rolled log segment from /home/runner/work/ozone/ozone/hadoop-ozone/integration-test/target/test-dir/MiniOzoneClusterImpl-ff054ab7-6da7-448f-9cae-f629f00b5e08/scmNode-1/scm-ha/ff054ab7-6da7-448f-9cae-f629f00b5e08/current/log_inprogress_0 to /home/runner/work/ozone/ozone/hadoop-ozone/integration-test/target/test-dir/MiniOzoneClusterImpl-ff054ab7-6da7-448f-9cae-f629f00b5e08/scmNode-1/scm-ha/ff054ab7-6da7-448f-9cae-f629f00b5e08/current/log_0-0
2025-07-02 18:51:41,716 [0570d27e-7557-449b-949c-3e7f7fc57b05@group-F629F00B5E08-SegmentedRaftLogWorker] INFO  segmented.BufferedWriteChannel (BufferedWriteChannel.java:open(61)) - open log_inprogress_1 at position 0
2025-07-02 18:51:41,725 [0570d27e-7557-449b-949c-3e7f7fc57b05@group-F629F00B5E08-SegmentedRaftLogWorker] INFO  segmented.SegmentedRaftLogWorker (SegmentedRaftLogWorker.java:execute(647)) - 0570d27e-7557-449b-949c-3e7f7fc57b05@group-F629F00B5E08-SegmentedRaftLogWorker: created new log segment /home/runner/work/ozone/ozone/hadoop-ozone/integration-test/target/test-dir/MiniOzoneClusterImpl-ff054ab7-6da7-448f-9cae-f629f00b5e08/scmNode-1/scm-ha/ff054ab7-6da7-448f-9cae-f629f00b5e08/current/log_inprogress_1
2025-07-02 18:51:41,728 [0570d27e-7557-449b-949c-3e7f7fc57b05@group-F629F00B5E08-StateMachineUpdater] INFO  server.RaftServer$Division (LeaderStateImpl.java:checkStartIndex(309)) - Leader 0570d27e-7557-449b-949c-3e7f7fc57b05@group-F629F00B5E08-LeaderStateImpl is ready since appliedIndex == startIndex == 1
2025-07-02 18:51:41,728 [0570d27e-7557-449b-949c-3e7f7fc57b05@group-F629F00B5E08-StateMachineUpdater] INFO  ha.SCMContext (SCMContext.java:setLeaderReady(122)) - update <isLeaderReady> from <false> to <true>
2025-07-02 18:51:41,728 [0570d27e-7557-449b-949c-3e7f7fc57b05@group-F629F00B5E08-StateMachineUpdater] INFO  pipeline.BackgroundPipelineCreator (BackgroundPipelineCreator.java:notifyStatusChanged(268)) - Service BackgroundPipelineCreator transitions to RUNNING.
2025-07-02 18:51:41,729 [scmNode-1-SecretKeyManagerService] INFO  symmetric.SecretKeyManager (SecretKeyManager.java:checkAndInitialize(78)) - Initializing SecretKeys.
2025-07-02 18:51:41,730 [0570d27e-7557-449b-949c-3e7f7fc57b05@group-F629F00B5E08-StateMachineUpdater] INFO  safemode.RatisContainerSafeModeRule (RatisContainerSafeModeRule.java:initializeRule(160)) - Refreshed Containers with one replica threshold count 0.
2025-07-02 18:51:41,730 [0570d27e-7557-449b-949c-3e7f7fc57b05@group-F629F00B5E08-StateMachineUpdater] INFO  safemode.HealthyPipelineSafeModeRule (HealthyPipelineSafeModeRule.java:initializeRule(228)) - Refreshed total pipeline count is 0, healthy pipeline threshold count is 1
2025-07-02 18:51:41,730 [0570d27e-7557-449b-949c-3e7f7fc57b05@group-F629F00B5E08-StateMachineUpdater] INFO  safemode.ECContainerSafeModeRule (ECContainerSafeModeRule.java:initializeRule(205)) - Refreshed Containers with ec n replica threshold count 0.
2025-07-02 18:51:41,730 [0570d27e-7557-449b-949c-3e7f7fc57b05@group-F629F00B5E08-StateMachineUpdater] INFO  safemode.OneReplicaPipelineSafeModeRule (OneReplicaPipelineSafeModeRule.java:initializeRule(186)) - Refreshed Total pipeline count is 0, pipeline's with at least one datanode reported threshold count is 0
2025-07-02 18:51:41,730 [0570d27e-7557-449b-949c-3e7f7fc57b05@group-F629F00B5E08-StateMachineUpdater] INFO  server.SCMDatanodeProtocolServer (SCMDatanodeProtocolServer.java:start(195)) - ScmDatanodeProtocol RPC server for DataNodes is listening at /0.0.0.0:15004
2025-07-02 18:51:41,731 [scmNode-1-SecretKeyManagerService] INFO  symmetric.SecretKeyManager (SecretKeyManager.java:checkAndInitialize(92)) - No valid key has been loaded. A new key is generated: SecretKey(id = 45b1e288-be58-412a-8e87-841ece61fad4, creation at: 2025-07-02T18:51:41.729685807Z, expire at: 2025-07-02T19:00:01.729685807Z)
2025-07-02 18:51:41,731 [IPC Server Responder] INFO  ipc.Server (Server.java:run(1713)) - IPC Server Responder: starting
2025-07-02 18:51:41,732 [IPC Server listener on 15004] INFO  ipc.Server (Server.java:run(1553)) - IPC Server listener on 15004: starting
2025-07-02 18:51:41,783 [0570d27e-7557-449b-949c-3e7f7fc57b05@group-F629F00B5E08-StateMachineUpdater] INFO  symmetric.SecretKeyStateImpl (SecretKeyStateImpl.java:updateKeysInternal(111)) - Updating keys with [SecretKey(id = 45b1e288-be58-412a-8e87-841ece61fad4, creation at: 2025-07-02T18:51:41.729Z, expire at: 2025-07-02T19:00:01.729Z)]
2025-07-02 18:51:41,783 [0570d27e-7557-449b-949c-3e7f7fc57b05@group-F629F00B5E08-StateMachineUpdater] INFO  symmetric.SecretKeyStateImpl (SecretKeyStateImpl.java:updateKeysInternal(126)) - Current key updated SecretKey(id = 45b1e288-be58-412a-8e87-841ece61fad4, creation at: 2025-07-02T18:51:41.729Z, expire at: 2025-07-02T19:00:01.729Z)
2025-07-02 18:51:41,799 [0570d27e-7557-449b-949c-3e7f7fc57b05@group-F629F00B5E08-StateMachineUpdater] INFO  symmetric.LocalSecretKeyStore (LocalSecretKeyStore.java:save(107)) - Saved [SecretKey(id = 45b1e288-be58-412a-8e87-841ece61fad4, creation at: 2025-07-02T18:51:41.729Z, expire at: 2025-07-02T19:00:01.729Z)] to file /home/runner/work/ozone/ozone/hadoop-ozone/integration-test/target/test-dir/MiniOzoneClusterImpl-ff054ab7-6da7-448f-9cae-f629f00b5e08/scmNode-1/scm/keys/secret_keys.json
2025-07-02 18:51:41,800 [0570d27e-7557-449b-949c-3e7f7fc57b05@group-F629F00B5E08-StateMachineUpdater] INFO  safemode.SCMSafeModeManager (SCMSafeModeManager.java:validateSafeModeExitRules(139)) - RatisContainerSafeModeRule rule is successfully validated
2025-07-02 18:51:41,800 [0570d27e-7557-449b-949c-3e7f7fc57b05@group-F629F00B5E08-StateMachineUpdater] INFO  safemode.HealthyPipelineSafeModeRule (HealthyPipelineSafeModeRule.java:initializeRule(228)) - Refreshed total pipeline count is 0, healthy pipeline threshold count is 1
2025-07-02 18:51:41,800 [0570d27e-7557-449b-949c-3e7f7fc57b05@group-F629F00B5E08-StateMachineUpdater] INFO  safemode.SCMSafeModeManager (SCMSafeModeManager.java:validateSafeModeExitRules(139)) - ECContainerSafeModeRule rule is successfully validated
2025-07-02 18:51:41,800 [0570d27e-7557-449b-949c-3e7f7fc57b05@group-F629F00B5E08-StateMachineUpdater] INFO  safemode.SCMSafeModeManager (SCMSafeModeManager.java:validateSafeModeExitRules(139)) - AtleastOneDatanodeReportedRule rule is successfully validated
2025-07-02 18:51:43,206 [main] INFO  retry.RetryInvocationHandler (RetryInvocationHandler.java:log(426)) - com.google.protobuf.ServiceException: java.net.ConnectException: Call From localhost/127.0.0.1 to localhost:15023 failed on connection exception: java.net.ConnectException: Connection refused; For more details see:  http://wiki.apache.org/hadoop/ConnectionRefused, while invoking $Proxy55.send over nodeId=scmNode-3,nodeAddress=/127.0.0.1:15023 after 3 failover attempts. Trying to failover after sleeping for 2000ms. Current retry count: 3.
2025-07-02 18:51:43,225 [IPC Server handler 1 on default port 15002] INFO  client.SCMCertificateClient (DefaultCertificateClient.java:getAllRootCaCerts(971)) - scm/sub-ca has 0 Root CA certificates
2025-07-02 18:51:43,225 [IPC Server handler 1 on default port 15002] INFO  client.SCMCertificateClient (DefaultCertificateClient.java:getAllCaCerts(979)) - scm/sub-ca has 1 CA certificates
2025-07-02 18:51:43,226 [0570d27e-7557-449b-949c-3e7f7fc57b05-scm/sub-ca-refreshCACertificates] INFO  client.SCMCertificateClient (DefaultCertificateClient.java:getAllRootCaCerts(971)) - scm/sub-ca has 0 Root CA certificates
2025-07-02 18:51:43,227 [0570d27e-7557-449b-949c-3e7f7fc57b05-scm/sub-ca-refreshCACertificates] INFO  client.SCMCertificateClient (DefaultCertificateClient.java:getAllCaCerts(979)) - scm/sub-ca has 1 CA certificates
2025-07-02 18:51:43,228 [0570d27e-7557-449b-949c-3e7f7fc57b05-scm/sub-ca-refreshCACertificates] INFO  client.SCMCertificateClient (SCMCertificateClient.java:run(249)) - CA certificates are not changed.
2025-07-02 18:51:45,229 [main] INFO  ha.HASecurityUtils (HASecurityUtils.java:initializeSecurity(79)) - Initializing secure StorageContainerManager.
2025-07-02 18:51:45,231 [main] INFO  ha.SCMNodeInfo (SCMNodeInfo.java:getPort(197)) - ConfigKey ozone.scm.client.address is deprecated, For configuring different ports for each SCM use PortConfigKey ozone.scm.client.port appended with serviceId and nodeId
2025-07-02 18:51:45,232 [main] INFO  ha.SCMNodeInfo (SCMNodeInfo.java:getPort(197)) - ConfigKey ozone.scm.block.client.address is deprecated, For configuring different ports for each SCM use PortConfigKey ozone.scm.block.client.port appended with serviceId and nodeId
2025-07-02 18:51:45,232 [main] INFO  ha.SCMNodeInfo (SCMNodeInfo.java:getPort(197)) - ConfigKey ozone.scm.security.service.address is deprecated, For configuring different ports for each SCM use PortConfigKey ozone.scm.security.service.port appended with serviceId and nodeId
2025-07-02 18:51:45,232 [main] INFO  ha.SCMNodeInfo (SCMNodeInfo.java:getPort(197)) - ConfigKey ozone.scm.datanode.address is deprecated, For configuring different ports for each SCM use PortConfigKey ozone.scm.datanode.port appended with serviceId and nodeId
2025-07-02 18:51:45,233 [main] INFO  ha.SCMNodeInfo (SCMNodeInfo.java:getPort(197)) - ConfigKey ozone.scm.client.address is deprecated, For configuring different ports for each SCM use PortConfigKey ozone.scm.client.port appended with serviceId and nodeId
2025-07-02 18:51:45,233 [main] INFO  ha.SCMNodeInfo (SCMNodeInfo.java:getPort(197)) - ConfigKey ozone.scm.block.client.address is deprecated, For configuring different ports for each SCM use PortConfigKey ozone.scm.block.client.port appended with serviceId and nodeId
2025-07-02 18:51:45,233 [main] INFO  ha.SCMNodeInfo (SCMNodeInfo.java:getPort(197)) - ConfigKey ozone.scm.security.service.address is deprecated, For configuring different ports for each SCM use PortConfigKey ozone.scm.security.service.port appended with serviceId and nodeId
2025-07-02 18:51:45,234 [main] INFO  ha.SCMNodeInfo (SCMNodeInfo.java:getPort(197)) - ConfigKey ozone.scm.datanode.address is deprecated, For configuring different ports for each SCM use PortConfigKey ozone.scm.datanode.port appended with serviceId and nodeId
2025-07-02 18:51:45,235 [main] INFO  proxy.SCMSecurityProtocolFailoverProxyProvider (SCMFailoverProxyProviderBase.java:<init>(120)) - Created fail-over proxy for protocol SCMSecurityProtocolPB with 2 nodes: [nodeId=scmNode-3,nodeAddress=/127.0.0.1:15018, nodeId=scmNode-1,nodeAddress=/127.0.0.1:15002]
2025-07-02 18:51:45,235 [main] INFO  client.SCMCertificateClient (DefaultCertificateClient.java:updateCertSerialId(1289)) - Certificate serial ID set to null
2025-07-02 18:51:45,236 [main] ERROR client.SCMCertificateClient (DefaultCertificateClient.java:getCertPath(373)) - Default certificate serial id is not set. Can't locate the default certificate for this client.
2025-07-02 18:51:45,236 [main] INFO  client.SCMCertificateClient (DefaultCertificateClient.java:init(717)) - Certificate client init case: 0
2025-07-02 18:51:45,237 [main] INFO  client.SCMCertificateClient (DefaultCertificateClient.java:handleCase(735)) - Creating keypair for client as keypair and certificate not found.
2025-07-02 18:51:45,525 [main] INFO  keys.KeyStorage (KeyStorage.java:storePublicKey(210)) - Storing public key to /home/runner/work/ozone/ozone/hadoop-ozone/integration-test/target/test-dir/MiniOzoneClusterImpl-ff054ab7-6da7-448f-9cae-f629f00b5e08/scmNode-2/scm/sub-ca/keys/public.pem.
2025-07-02 18:51:45,526 [main] INFO  keys.KeyStorage (KeyStorage.java:storePrivateKey(194)) - Storing private key to /home/runner/work/ozone/ozone/hadoop-ozone/integration-test/target/test-dir/MiniOzoneClusterImpl-ff054ab7-6da7-448f-9cae-f629f00b5e08/scmNode-2/scm/sub-ca/keys/private.pem.
2025-07-02 18:51:45,526 [main] INFO  client.SCMCertificateClient (SCMCertificateClient.java:recoverStateIfNeeded(278)) - Init response: GETCERT
2025-07-02 18:51:45,527 [main] INFO  client.SCMCertificateClient (SCMCertificateClient.java:configureCSRBuilder(141)) - Creating csr for SCM->hostName:localhost,scmId:4680a024-3a59-4e75-8ac7-1755b08d3543,clusterId:ff054ab7-6da7-448f-9cae-f629f00b5e08,subject:scm-sub@localhost
2025-07-02 18:51:45,527 [main] INFO  ozone.OzoneSecurityUtil (OzoneSecurityUtil.java:getValidInetsForCurrentHost(116)) - ip:fe80:0:0:0:6245:bdff:fe08:d43d%eth0 not returned.
2025-07-02 18:51:45,527 [main] INFO  ozone.OzoneSecurityUtil (OzoneSecurityUtil.java:getValidInetsForCurrentHost(113)) - Adding ip:10.1.0.106,host:fv-az1288-434.bguu2zduscdebcqflrovc1mhjh.dx.internal.cloudapp.net
2025-07-02 18:51:45,527 [main] INFO  ozone.OzoneSecurityUtil (OzoneSecurityUtil.java:getValidInetsForCurrentHost(116)) - ip:0:0:0:0:0:0:0:1%lo not returned.
2025-07-02 18:51:45,527 [main] INFO  ozone.OzoneSecurityUtil (OzoneSecurityUtil.java:getValidInetsForCurrentHost(116)) - ip:127.0.0.1 not returned.
2025-07-02 18:51:45,543 [Socket Reader #1 for port 15002] INFO  ipc.Server (Server.java:saslProcess(2290)) - Auth successful for scm/localhost@EXAMPLE.COM (auth:KERBEROS) from 127.0.0.1:35725
2025-07-02 18:51:45,545 [IPC Server handler 0 on default port 15002] INFO  server.SCMSecurityProtocolServer (SCMSecurityProtocolServer.java:getSCMCertificate(326)) - Processing CSR for scm localhost, nodeId: 4680a024-3a59-4e75-8ac7-1755b08d3543
2025-07-02 18:51:45,552 [0570d27e-7557-449b-949c-3e7f7fc57b05@group-F629F00B5E08-StateMachineUpdater] WARN  ha.SequenceIdGenerator (SequenceIdGenerator.java:allocateBatch(248)) - Failed to allocate a batch for CertificateId, expected lastId is 0, actual lastId is 2.
2025-07-02 18:51:45,556 [0570d27e-7557-449b-949c-3e7f7fc57b05@group-F629F00B5E08-StateMachineUpdater] INFO  safemode.SCMSafeModeManager (SCMSafeModeManager.java:validateSafeModeExitRules(139)) - RatisContainerSafeModeRule rule is successfully validated
2025-07-02 18:51:45,557 [0570d27e-7557-449b-949c-3e7f7fc57b05@group-F629F00B5E08-StateMachineUpdater] INFO  safemode.HealthyPipelineSafeModeRule (HealthyPipelineSafeModeRule.java:initializeRule(228)) - Refreshed total pipeline count is 0, healthy pipeline threshold count is 1
2025-07-02 18:51:45,557 [0570d27e-7557-449b-949c-3e7f7fc57b05@group-F629F00B5E08-StateMachineUpdater] INFO  safemode.SCMSafeModeManager (SCMSafeModeManager.java:validateSafeModeExitRules(139)) - ECContainerSafeModeRule rule is successfully validated
2025-07-02 18:51:45,557 [0570d27e-7557-449b-949c-3e7f7fc57b05@group-F629F00B5E08-StateMachineUpdater] INFO  safemode.SCMSafeModeManager (SCMSafeModeManager.java:validateSafeModeExitRules(139)) - AtleastOneDatanodeReportedRule rule is successfully validated
2025-07-02 18:51:45,559 [0570d27e-7557-449b-949c-3e7f7fc57b05@group-F629F00B5E08-StateMachineUpdater] INFO  safemode.SCMSafeModeManager (SCMSafeModeManager.java:validateSafeModeExitRules(139)) - RatisContainerSafeModeRule rule is successfully validated
2025-07-02 18:51:45,560 [0570d27e-7557-449b-949c-3e7f7fc57b05@group-F629F00B5E08-StateMachineUpdater] INFO  safemode.HealthyPipelineSafeModeRule (HealthyPipelineSafeModeRule.java:initializeRule(228)) - Refreshed total pipeline count is 0, healthy pipeline threshold count is 1
2025-07-02 18:51:45,560 [0570d27e-7557-449b-949c-3e7f7fc57b05@group-F629F00B5E08-StateMachineUpdater] INFO  safemode.SCMSafeModeManager (SCMSafeModeManager.java:validateSafeModeExitRules(139)) - ECContainerSafeModeRule rule is successfully validated
2025-07-02 18:51:45,560 [0570d27e-7557-449b-949c-3e7f7fc57b05@group-F629F00B5E08-StateMachineUpdater] INFO  safemode.SCMSafeModeManager (SCMSafeModeManager.java:validateSafeModeExitRules(139)) - AtleastOneDatanodeReportedRule rule is successfully validated
2025-07-02 18:51:45,560 [IPC Server handler 0 on default port 15002] INFO  ha.SequenceIdGenerator (SequenceIdGenerator.java:getNextId(135)) - Allocate a batch for CertificateId, change lastId from 2 to 3.
2025-07-02 18:51:45,561 [IPC Server handler 0 on default port 15002] INFO  keys.KeyStorage (KeyStorage.java:readPrivateKey(158)) - Reading private key from /home/runner/work/ozone/ozone/hadoop-ozone/integration-test/target/test-dir/MiniOzoneClusterImpl-ff054ab7-6da7-448f-9cae-f629f00b5e08/scmNode-1/scm/ca/keys/private.pem.
2025-07-02 18:51:45,564 [IPC Server handler 0 on default port 15002] INFO  authority.DefaultApprover (DefaultApprover.java:sign(171)) - Extensions in CSR: 2.5.29.19, 2.5.29.15, 2.5.29.17
2025-07-02 18:51:45,564 [IPC Server handler 0 on default port 15002] INFO  authority.DefaultApprover (DefaultApprover.java:sign(175)) - Extensions to add to the certificate if they present in CSR: 2.5.29.15, 2.5.29.17, 2.5.29.35, 2.5.29.37, 2.5.29.19, 1.3.6.1.5.5.7.1.12
2025-07-02 18:51:45,848 [0570d27e-7557-449b-949c-3e7f7fc57b05@group-F629F00B5E08-StateMachineUpdater] INFO  server.SCMCertStore (SCMCertStore.java:storeValidScmCertificate(96)) - Scm certificate 3 for CN=scm-sub@localhost,OU=4680a024-3a59-4e75-8ac7-1755b08d3543,O=ff054ab7-6da7-448f-9cae-f629f00b5e08,SERIALNUMBER=3 is stored
2025-07-02 18:51:45,849 [0570d27e-7557-449b-949c-3e7f7fc57b05@group-F629F00B5E08-StateMachineUpdater] INFO  safemode.SCMSafeModeManager (SCMSafeModeManager.java:validateSafeModeExitRules(139)) - RatisContainerSafeModeRule rule is successfully validated
2025-07-02 18:51:45,849 [0570d27e-7557-449b-949c-3e7f7fc57b05@group-F629F00B5E08-StateMachineUpdater] INFO  safemode.HealthyPipelineSafeModeRule (HealthyPipelineSafeModeRule.java:initializeRule(228)) - Refreshed total pipeline count is 0, healthy pipeline threshold count is 1
2025-07-02 18:51:45,849 [0570d27e-7557-449b-949c-3e7f7fc57b05@group-F629F00B5E08-StateMachineUpdater] INFO  safemode.SCMSafeModeManager (SCMSafeModeManager.java:validateSafeModeExitRules(139)) - ECContainerSafeModeRule rule is successfully validated
2025-07-02 18:51:45,849 [0570d27e-7557-449b-949c-3e7f7fc57b05@group-F629F00B5E08-StateMachineUpdater] INFO  safemode.SCMSafeModeManager (SCMSafeModeManager.java:validateSafeModeExitRules(139)) - AtleastOneDatanodeReportedRule rule is successfully validated
2025-07-02 18:51:45,865 [main] INFO  utils.CertificateCodec (CertificateCodec.java:writeCertificate(241)) - Save certificate to /home/runner/work/ozone/ozone/hadoop-ozone/integration-test/target/test-dir/MiniOzoneClusterImpl-ff054ab7-6da7-448f-9cae-f629f00b5e08/scmNode-2/scm/sub-ca/certs/CA-1.crt
2025-07-02 18:51:45,865 [main] INFO  utils.CertificateCodec (CertificateCodec.java:writeCertificate(242)) - Certificate -----BEGIN CERTIFICATE-----
MIID+DCCAuCgAwIBAgIBATANBgkqhkiG9w0BAQsFADCBgjEWMBQGA1UEAwwNc2Nt
QGxvY2FsaG9zdDEtMCsGA1UECwwkMDU3MGQyN2UtNzU1Ny00NDliLTk0OWMtM2U3
ZjdmYzU3YjA1MS0wKwYDVQQKDCRmZjA1NGFiNy02ZGE3LTQ0OGYtOWNhZS1mNjI5
ZjAwYjVlMDgxCjAIBgNVBAUTATEwHhcNMjUwNzAyMTg1MTI4WhcNMzAwODEwMTg1
MTI4WjCBgjEWMBQGA1UEAwwNc2NtQGxvY2FsaG9zdDEtMCsGA1UECwwkMDU3MGQy
N2UtNzU1Ny00NDliLTk0OWMtM2U3ZjdmYzU3YjA1MS0wKwYDVQQKDCRmZjA1NGFi
Ny02ZGE3LTQ0OGYtOWNhZS1mNjI5ZjAwYjVlMDgxCjAIBgNVBAUTATEwggEiMA0G
CSqGSIb3DQEBAQUAA4IBDwAwggEKAoIBAQDSOHDH15CZsZYmQ3wfdwmh8mSpyVHk
1uULzHKGB/g5GGl37+OOp8iwkJLXTlAVXPRdX/eMWXGqHq7zuYuhOYb3NcUXI4Sr
FmzzcFLtdU3aNQLis6kSEpgMXmDh1YJrwEaC92Hi1rjos0Bi5YOzGA5Bg8goo/Hg
UZZMiVGPNf24RlbEnqvLvqle4VvvYXwEcVXtdGKF9zLr2aitH1U6aVlHp69HYltc
Cn+TKtEiTFwBnZhArY+ppxsEe8oiXT0rB4mhdgertPk4tf/HTtw0lS7TXTI8aBC1
duiKXPAepLzbRGPe3cEEvCPCAkWyeBDknjTVCX3rITXm8oOfqMP9d/XbAgMBAAGj
dzB1MA8GA1UdEwEB/wQFMAMBAf8wDgYDVR0PAQH/BAQDAgEGMFIGA1UdEQRLMEmH
BAoBAGqCQWZ2LWF6MTI4OC00MzQuYmd1dTJ6ZHVzY2RlYmNxZmxyb3ZjMW1oamgu
ZHguaW50ZXJuYWwuY2xvdWRhcHAubmV0MA0GCSqGSIb3DQEBCwUAA4IBAQAFYWuU
DGLCxzWqlISKSJkp+GzwpSuGbvbGP9EImQNRYo00OYVsuKp5S+21u0LEKwtPDzIX
qEmjZD72b/At4ZtASAIlFCTtD2lOSLR+jC/k4WNQ3Qi9GXq8L6fwO5n4beoeX7dK
igE9ppwYPTljSrabdadG46EsxPm33y2TsV+9F+AHILamSLKtcfLzj4exd3wawGpv
egolczxu7mwSj6J5TP+m2LcP9uxqg/QIa6i5uD/dVduxkPkoQ7cY/+uOMdWWFg+0
2ngy8j05z1Y4SJCO/HB+1b53O4dAoX/BotgBjGwbRSNVA4LMenALIXLWa0yivRFf
ag9T/4oGtYfovUKc
-----END CERTIFICATE-----

2025-07-02 18:51:45,867 [main] INFO  utils.CertificateCodec (CertificateCodec.java:writeCertificate(241)) - Save certificate to /home/runner/work/ozone/ozone/hadoop-ozone/integration-test/target/test-dir/MiniOzoneClusterImpl-ff054ab7-6da7-448f-9cae-f629f00b5e08/scmNode-2/scm/sub-ca/certs/3.crt
2025-07-02 18:51:45,867 [main] INFO  utils.CertificateCodec (CertificateCodec.java:writeCertificate(242)) - Certificate -----BEGIN CERTIFICATE-----
MIID/DCCAuSgAwIBAgIBAzANBgkqhkiG9w0BAQsFADCBgjEWMBQGA1UEAwwNc2Nt
QGxvY2FsaG9zdDEtMCsGA1UECwwkMDU3MGQyN2UtNzU1Ny00NDliLTk0OWMtM2U3
ZjdmYzU3YjA1MS0wKwYDVQQKDCRmZjA1NGFiNy02ZGE3LTQ0OGYtOWNhZS1mNjI5
ZjAwYjVlMDgxCjAIBgNVBAUTATEwHhcNMjUwNzAyMTg1MTQ1WhcNMzAwODEwMTg1
MTQ1WjCBhjEaMBgGA1UEAwwRc2NtLXN1YkBsb2NhbGhvc3QxLTArBgNVBAsMJDQ2
ODBhMDI0LTNhNTktNGU3NS04YWM3LTE3NTViMDhkMzU0MzEtMCsGA1UECgwkZmYw
NTRhYjctNmRhNy00NDhmLTljYWUtZjYyOWYwMGI1ZTA4MQowCAYDVQQFEwEzMIIB
IjANBgkqhkiG9w0BAQEFAAOCAQ8AMIIBCgKCAQEApQH6exRuQmHIstuA0P0Ifm2i
80JYUIZnxMgEohtcLGEi48158ASvuqO6Ck8AORVRXPs8eAUco36odAJe6QW1lPt2
2COBq8UHb/hst46S36MIIYCrmD6/kbvtD4rVW3Q1cRY/7vhycuTGhuhvvT/Qdrdu
tidCcO5zlr83RHpydsZd3120gCn4QrZMPwFFNkixAEpOicpKv2/7XC6u7I0dsPCC
BK3+pYnDRcfd1hdAMfQ8VnHHw7EdIfpCaXk/SsvuOxNZR3NQNAbu+drNcevK7DQU
wgkj6PfDYxLF7cqJX3jnHGr0hPuoGywgmKhUu40AEf4SqHo2lYsUZYlZDG4q9QID
AQABo3cwdTAOBgNVHQ8BAf8EBAMCAb4wUgYDVR0RBEswSYcECgEAaoJBZnYtYXox
Mjg4LTQzNC5iZ3V1MnpkdXNjZGViY3FmbHJvdmMxbWhqaC5keC5pbnRlcm5hbC5j
bG91ZGFwcC5uZXQwDwYDVR0TAQH/BAUwAwEB/zANBgkqhkiG9w0BAQsFAAOCAQEA
D+2tEQ7VqbsdFz8GUFsSf8E3deKnmADgm3JP/WN/T3LqrnQtDE3hzB0956EiIHiR
SlXkLhs11zzXfB1zCH8IEeGz2La1i5kWIVak6nLTapt1WcGnTq0gKOhYb8kxAS9W
7kYIMQvEQGt6rKbm9eNjOZWI7PmIFrz7dfWwicqAn9SWnaUWLxe7+ZkutmwdnItF
M+8CjIOB56mZ2Z6QqzzQzrSgC4U0Dq1umxsP6Nhgdb7eb/IMzrMQyc/MTgZoPNWD
H1D22Nnp90wfHnb5HSfRr6qQOYF43p7V7CJLWJU/2cYg9fzVRjKKcLpQKHbpRXk9
5RZvJfpQ0HyL3g5gMQX1Gg==
-----END CERTIFICATE-----

-----BEGIN CERTIFICATE-----
MIID+DCCAuCgAwIBAgIBATANBgkqhkiG9w0BAQsFADCBgjEWMBQGA1UEAwwNc2Nt
QGxvY2FsaG9zdDEtMCsGA1UECwwkMDU3MGQyN2UtNzU1Ny00NDliLTk0OWMtM2U3
ZjdmYzU3YjA1MS0wKwYDVQQKDCRmZjA1NGFiNy02ZGE3LTQ0OGYtOWNhZS1mNjI5
ZjAwYjVlMDgxCjAIBgNVBAUTATEwHhcNMjUwNzAyMTg1MTI4WhcNMzAwODEwMTg1
MTI4WjCBgjEWMBQGA1UEAwwNc2NtQGxvY2FsaG9zdDEtMCsGA1UECwwkMDU3MGQy
N2UtNzU1Ny00NDliLTk0OWMtM2U3ZjdmYzU3YjA1MS0wKwYDVQQKDCRmZjA1NGFi
Ny02ZGE3LTQ0OGYtOWNhZS1mNjI5ZjAwYjVlMDgxCjAIBgNVBAUTATEwggEiMA0G
CSqGSIb3DQEBAQUAA4IBDwAwggEKAoIBAQDSOHDH15CZsZYmQ3wfdwmh8mSpyVHk
1uULzHKGB/g5GGl37+OOp8iwkJLXTlAVXPRdX/eMWXGqHq7zuYuhOYb3NcUXI4Sr
FmzzcFLtdU3aNQLis6kSEpgMXmDh1YJrwEaC92Hi1rjos0Bi5YOzGA5Bg8goo/Hg
UZZMiVGPNf24RlbEnqvLvqle4VvvYXwEcVXtdGKF9zLr2aitH1U6aVlHp69HYltc
Cn+TKtEiTFwBnZhArY+ppxsEe8oiXT0rB4mhdgertPk4tf/HTtw0lS7TXTI8aBC1
duiKXPAepLzbRGPe3cEEvCPCAkWyeBDknjTVCX3rITXm8oOfqMP9d/XbAgMBAAGj
dzB1MA8GA1UdEwEB/wQFMAMBAf8wDgYDVR0PAQH/BAQDAgEGMFIGA1UdEQRLMEmH
BAoBAGqCQWZ2LWF6MTI4OC00MzQuYmd1dTJ6ZHVzY2RlYmNxZmxyb3ZjMW1oamgu
ZHguaW50ZXJuYWwuY2xvdWRhcHAubmV0MA0GCSqGSIb3DQEBCwUAA4IBAQAFYWuU
DGLCxzWqlISKSJkp+GzwpSuGbvbGP9EImQNRYo00OYVsuKp5S+21u0LEKwtPDzIX
qEmjZD72b/At4ZtASAIlFCTtD2lOSLR+jC/k4WNQ3Qi9GXq8L6fwO5n4beoeX7dK
igE9ppwYPTljSrabdadG46EsxPm33y2TsV+9F+AHILamSLKtcfLzj4exd3wawGpv
egolczxu7mwSj6J5TP+m2LcP9uxqg/QIa6i5uD/dVduxkPkoQ7cY/+uOMdWWFg+0
2ngy8j05z1Y4SJCO/HB+1b53O4dAoX/BotgBjGwbRSNVA4LMenALIXLWa0yivRFf
ag9T/4oGtYfovUKc
-----END CERTIFICATE-----

2025-07-02 18:51:45,867 [main] INFO  utils.CertificateCodec (CertificateCodec.java:writeCertificate(241)) - Save certificate to /home/runner/work/ozone/ozone/hadoop-ozone/integration-test/target/test-dir/MiniOzoneClusterImpl-ff054ab7-6da7-448f-9cae-f629f00b5e08/scmNode-2/scm/sub-ca/certs/certificate.crt
2025-07-02 18:51:45,867 [main] INFO  utils.CertificateCodec (CertificateCodec.java:writeCertificate(242)) - Certificate -----BEGIN CERTIFICATE-----
MIID/DCCAuSgAwIBAgIBAzANBgkqhkiG9w0BAQsFADCBgjEWMBQGA1UEAwwNc2Nt
QGxvY2FsaG9zdDEtMCsGA1UECwwkMDU3MGQyN2UtNzU1Ny00NDliLTk0OWMtM2U3
ZjdmYzU3YjA1MS0wKwYDVQQKDCRmZjA1NGFiNy02ZGE3LTQ0OGYtOWNhZS1mNjI5
ZjAwYjVlMDgxCjAIBgNVBAUTATEwHhcNMjUwNzAyMTg1MTQ1WhcNMzAwODEwMTg1
MTQ1WjCBhjEaMBgGA1UEAwwRc2NtLXN1YkBsb2NhbGhvc3QxLTArBgNVBAsMJDQ2
ODBhMDI0LTNhNTktNGU3NS04YWM3LTE3NTViMDhkMzU0MzEtMCsGA1UECgwkZmYw
NTRhYjctNmRhNy00NDhmLTljYWUtZjYyOWYwMGI1ZTA4MQowCAYDVQQFEwEzMIIB
IjANBgkqhkiG9w0BAQEFAAOCAQ8AMIIBCgKCAQEApQH6exRuQmHIstuA0P0Ifm2i
80JYUIZnxMgEohtcLGEi48158ASvuqO6Ck8AORVRXPs8eAUco36odAJe6QW1lPt2
2COBq8UHb/hst46S36MIIYCrmD6/kbvtD4rVW3Q1cRY/7vhycuTGhuhvvT/Qdrdu
tidCcO5zlr83RHpydsZd3120gCn4QrZMPwFFNkixAEpOicpKv2/7XC6u7I0dsPCC
BK3+pYnDRcfd1hdAMfQ8VnHHw7EdIfpCaXk/SsvuOxNZR3NQNAbu+drNcevK7DQU
wgkj6PfDYxLF7cqJX3jnHGr0hPuoGywgmKhUu40AEf4SqHo2lYsUZYlZDG4q9QID
AQABo3cwdTAOBgNVHQ8BAf8EBAMCAb4wUgYDVR0RBEswSYcECgEAaoJBZnYtYXox
Mjg4LTQzNC5iZ3V1MnpkdXNjZGViY3FmbHJvdmMxbWhqaC5keC5pbnRlcm5hbC5j
bG91ZGFwcC5uZXQwDwYDVR0TAQH/BAUwAwEB/zANBgkqhkiG9w0BAQsFAAOCAQEA
D+2tEQ7VqbsdFz8GUFsSf8E3deKnmADgm3JP/WN/T3LqrnQtDE3hzB0956EiIHiR
SlXkLhs11zzXfB1zCH8IEeGz2La1i5kWIVak6nLTapt1WcGnTq0gKOhYb8kxAS9W
7kYIMQvEQGt6rKbm9eNjOZWI7PmIFrz7dfWwicqAn9SWnaUWLxe7+ZkutmwdnItF
M+8CjIOB56mZ2Z6QqzzQzrSgC4U0Dq1umxsP6Nhgdb7eb/IMzrMQyc/MTgZoPNWD
H1D22Nnp90wfHnb5HSfRr6qQOYF43p7V7CJLWJU/2cYg9fzVRjKKcLpQKHbpRXk9
5RZvJfpQ0HyL3g5gMQX1Gg==
-----END CERTIFICATE-----

-----BEGIN CERTIFICATE-----
MIID+DCCAuCgAwIBAgIBATANBgkqhkiG9w0BAQsFADCBgjEWMBQGA1UEAwwNc2Nt
QGxvY2FsaG9zdDEtMCsGA1UECwwkMDU3MGQyN2UtNzU1Ny00NDliLTk0OWMtM2U3
ZjdmYzU3YjA1MS0wKwYDVQQKDCRmZjA1NGFiNy02ZGE3LTQ0OGYtOWNhZS1mNjI5
ZjAwYjVlMDgxCjAIBgNVBAUTATEwHhcNMjUwNzAyMTg1MTI4WhcNMzAwODEwMTg1
MTI4WjCBgjEWMBQGA1UEAwwNc2NtQGxvY2FsaG9zdDEtMCsGA1UECwwkMDU3MGQy
N2UtNzU1Ny00NDliLTk0OWMtM2U3ZjdmYzU3YjA1MS0wKwYDVQQKDCRmZjA1NGFi
Ny02ZGE3LTQ0OGYtOWNhZS1mNjI5ZjAwYjVlMDgxCjAIBgNVBAUTATEwggEiMA0G
CSqGSIb3DQEBAQUAA4IBDwAwggEKAoIBAQDSOHDH15CZsZYmQ3wfdwmh8mSpyVHk
1uULzHKGB/g5GGl37+OOp8iwkJLXTlAVXPRdX/eMWXGqHq7zuYuhOYb3NcUXI4Sr
FmzzcFLtdU3aNQLis6kSEpgMXmDh1YJrwEaC92Hi1rjos0Bi5YOzGA5Bg8goo/Hg
UZZMiVGPNf24RlbEnqvLvqle4VvvYXwEcVXtdGKF9zLr2aitH1U6aVlHp69HYltc
Cn+TKtEiTFwBnZhArY+ppxsEe8oiXT0rB4mhdgertPk4tf/HTtw0lS7TXTI8aBC1
duiKXPAepLzbRGPe3cEEvCPCAkWyeBDknjTVCX3rITXm8oOfqMP9d/XbAgMBAAGj
dzB1MA8GA1UdEwEB/wQFMAMBAf8wDgYDVR0PAQH/BAQDAgEGMFIGA1UdEQRLMEmH
BAoBAGqCQWZ2LWF6MTI4OC00MzQuYmd1dTJ6ZHVzY2RlYmNxZmxyb3ZjMW1oamgu
ZHguaW50ZXJuYWwuY2xvdWRhcHAubmV0MA0GCSqGSIb3DQEBCwUAA4IBAQAFYWuU
DGLCxzWqlISKSJkp+GzwpSuGbvbGP9EImQNRYo00OYVsuKp5S+21u0LEKwtPDzIX
qEmjZD72b/At4ZtASAIlFCTtD2lOSLR+jC/k4WNQ3Qi9GXq8L6fwO5n4beoeX7dK
igE9ppwYPTljSrabdadG46EsxPm33y2TsV+9F+AHILamSLKtcfLzj4exd3wawGpv
egolczxu7mwSj6J5TP+m2LcP9uxqg/QIa6i5uD/dVduxkPkoQ7cY/+uOMdWWFg+0
2ngy8j05z1Y4SJCO/HB+1b53O4dAoX/BotgBjGwbRSNVA4LMenALIXLWa0yivRFf
ag9T/4oGtYfovUKc
-----END CERTIFICATE-----

2025-07-02 18:51:45,868 [main] INFO  client.SCMCertificateClient (SCMCertificateClient.java:recoverStateIfNeeded(289)) - Successfully stored SCM signed certificate.
2025-07-02 18:51:45,870 [main] INFO  server.StorageContainerManager (StorageContainerManager.java:scmBootstrap(1203)) - SCM BootStrap  is successful for ClusterID ff054ab7-6da7-448f-9cae-f629f00b5e08, SCMID 4680a024-3a59-4e75-8ac7-1755b08d3543
2025-07-02 18:51:45,870 [main] INFO  server.StorageContainerManager (StorageContainerManager.java:scmBootstrap(1205)) - Primary SCM Node ID 0570d27e-7557-449b-949c-3e7f7fc57b05
2025-07-02 18:51:45,870 [main] WARN  server.ServerUtils (ServerUtils.java:getScmDbDir(138)) - ozone.scm.db.dirs is not configured. We recommend adding this setting. Falling back to ozone.metadata.dirs instead.
2025-07-02 18:51:45,870 [main] INFO  ha.SCMHANodeDetails (SCMHANodeDetails.java:loadSCMHAConfig(162)) - ServiceID for StorageContainerManager is SecureSCM
2025-07-02 18:51:45,870 [main] INFO  ha.SCMHANodeDetails (SCMHANodeDetails.java:loadSCMHAConfig(172)) - ServiceID for StorageContainerManager is SecureSCM
2025-07-02 18:51:45,871 [main] WARN  scm.ScmUtils (ScmUtils.java:logWarn(162)) - ConfigKey ozone.scm.block.client.address is deprecated, For configuring different ports for each SCM use PortConfigKey ozone.scm.block.client.port appended with serviceId and nodeId. If want to configure same port configure ozone.scm.block.client.port
2025-07-02 18:51:45,871 [main] WARN  scm.ScmUtils (ScmUtils.java:logWarn(162)) - ConfigKey ozone.scm.client.address is deprecated, For configuring different ports for each SCM use PortConfigKey ozone.scm.client.port appended with serviceId and nodeId. If want to configure same port configure ozone.scm.client.port
2025-07-02 18:51:45,871 [main] WARN  scm.ScmUtils (ScmUtils.java:logWarn(162)) - ConfigKey ozone.scm.datanode.address is deprecated, For configuring different ports for each SCM use PortConfigKey ozone.scm.datanode.port appended with serviceId and nodeId. If want to configure same port configure ozone.scm.datanode.port
2025-07-02 18:51:45,872 [main] WARN  scm.ScmUtils (ScmUtils.java:logWarn(162)) - ConfigKey ozone.scm.block.client.address is deprecated, For configuring different ports for each SCM use PortConfigKey ozone.scm.block.client.port appended with serviceId and nodeId. If want to configure same port configure ozone.scm.block.client.port
2025-07-02 18:51:45,872 [main] WARN  scm.ScmUtils (ScmUtils.java:logWarn(162)) - ConfigKey ozone.scm.client.address is deprecated, For configuring different ports for each SCM use PortConfigKey ozone.scm.client.port appended with serviceId and nodeId. If want to configure same port configure ozone.scm.client.port
2025-07-02 18:51:45,872 [main] WARN  scm.ScmUtils (ScmUtils.java:logWarn(162)) - ConfigKey ozone.scm.datanode.address is deprecated, For configuring different ports for each SCM use PortConfigKey ozone.scm.datanode.port appended with serviceId and nodeId. If want to configure same port configure ozone.scm.datanode.port
2025-07-02 18:51:45,872 [main] INFO  ha.SCMHANodeDetails (SCMHANodeDetails.java:loadSCMHAConfig(259)) - Found matching SCM address with SCMServiceId: SecureSCM, SCMNodeId: scmNode-2, RPC Address: localhost:15011 and Ratis port: 15011
2025-07-02 18:51:45,872 [main] INFO  ha.SCMHANodeDetails (ConfUtils.java:setNodeSpecificConfigs(98)) - Setting configuration key ozone.scm.datanode.address with value of key ozone.scm.datanode.address.SecureSCM.scmNode-2: 127.0.0.1:15012
2025-07-02 18:51:45,872 [main] INFO  ha.SCMHANodeDetails (ConfUtils.java:setNodeSpecificConfigs(98)) - Setting configuration key ozone.scm.block.client.address with value of key ozone.scm.block.client.address.SecureSCM.scmNode-2: 127.0.0.1:15015
2025-07-02 18:51:45,872 [main] INFO  ha.SCMHANodeDetails (ConfUtils.java:setNodeSpecificConfigs(98)) - Setting configuration key ozone.scm.client.address with value of key ozone.scm.client.address.SecureSCM.scmNode-2: 127.0.0.1:15013
2025-07-02 18:51:45,873 [main] INFO  ha.SCMHANodeDetails (ConfUtils.java:setNodeSpecificConfigs(98)) - Setting configuration key ozone.scm.security.service.address with value of key ozone.scm.security.service.address.SecureSCM.scmNode-2: 127.0.0.1:15010
2025-07-02 18:51:45,873 [main] INFO  ha.SCMHANodeDetails (ConfUtils.java:setNodeSpecificConfigs(98)) - Setting configuration key ozone.scm.ratis.port with value of key ozone.scm.ratis.port.SecureSCM.scmNode-2: 15011
2025-07-02 18:51:45,873 [main] INFO  ha.SCMHANodeDetails (ConfUtils.java:setNodeSpecificConfigs(98)) - Setting configuration key ozone.scm.grpc.port with value of key ozone.scm.grpc.port.SecureSCM.scmNode-2: 15014
2025-07-02 18:51:45,873 [main] INFO  ha.SCMHANodeDetails (ConfUtils.java:setNodeSpecificConfigs(98)) - Setting configuration key ozone.scm.http-address with value of key ozone.scm.http-address.SecureSCM.scmNode-2: 127.0.0.1:15008
2025-07-02 18:51:45,873 [main] INFO  ha.SCMHANodeDetails (ConfUtils.java:setNodeSpecificConfigs(98)) - Setting configuration key ozone.scm.https-address with value of key ozone.scm.https-address.SecureSCM.scmNode-2: 127.0.0.1:15009
2025-07-02 18:51:45,873 [main] INFO  ha.SCMHANodeDetails (ConfUtils.java:setNodeSpecificConfigs(98)) - Setting configuration key ozone.scm.address with value of key ozone.scm.address.SecureSCM.scmNode-2: 127.0.0.1
2025-07-02 18:51:45,873 [main] WARN  scm.ScmUtils (ScmUtils.java:logWarn(162)) - ConfigKey ozone.scm.block.client.address is deprecated, For configuring different ports for each SCM use PortConfigKey ozone.scm.block.client.port appended with serviceId and nodeId. If want to configure same port configure ozone.scm.block.client.port
2025-07-02 18:51:45,873 [main] WARN  scm.ScmUtils (ScmUtils.java:logWarn(162)) - ConfigKey ozone.scm.client.address is deprecated, For configuring different ports for each SCM use PortConfigKey ozone.scm.client.port appended with serviceId and nodeId. If want to configure same port configure ozone.scm.client.port
2025-07-02 18:51:45,873 [main] WARN  scm.ScmUtils (ScmUtils.java:logWarn(162)) - ConfigKey ozone.scm.datanode.address is deprecated, For configuring different ports for each SCM use PortConfigKey ozone.scm.datanode.port appended with serviceId and nodeId. If want to configure same port configure ozone.scm.datanode.port
2025-07-02 18:51:45,875 [main] INFO  ha.SCMNodeInfo (SCMNodeInfo.java:getPort(197)) - ConfigKey ozone.scm.client.address is deprecated, For configuring different ports for each SCM use PortConfigKey ozone.scm.client.port appended with serviceId and nodeId
2025-07-02 18:51:45,875 [main] INFO  ha.SCMNodeInfo (SCMNodeInfo.java:getPort(197)) - ConfigKey ozone.scm.block.client.address is deprecated, For configuring different ports for each SCM use PortConfigKey ozone.scm.block.client.port appended with serviceId and nodeId
2025-07-02 18:51:45,875 [main] INFO  ha.SCMNodeInfo (SCMNodeInfo.java:getPort(197)) - ConfigKey ozone.scm.security.service.address is deprecated, For configuring different ports for each SCM use PortConfigKey ozone.scm.security.service.port appended with serviceId and nodeId
2025-07-02 18:51:45,876 [main] INFO  ha.SCMNodeInfo (SCMNodeInfo.java:getPort(197)) - ConfigKey ozone.scm.datanode.address is deprecated, For configuring different ports for each SCM use PortConfigKey ozone.scm.datanode.port appended with serviceId and nodeId
2025-07-02 18:51:45,876 [main] INFO  ha.SCMNodeInfo (SCMNodeInfo.java:getPort(197)) - ConfigKey ozone.scm.client.address is deprecated, For configuring different ports for each SCM use PortConfigKey ozone.scm.client.port appended with serviceId and nodeId
2025-07-02 18:51:45,876 [main] INFO  ha.SCMNodeInfo (SCMNodeInfo.java:getPort(197)) - ConfigKey ozone.scm.block.client.address is deprecated, For configuring different ports for each SCM use PortConfigKey ozone.scm.block.client.port appended with serviceId and nodeId
2025-07-02 18:51:45,876 [main] INFO  ha.SCMNodeInfo (SCMNodeInfo.java:getPort(197)) - ConfigKey ozone.scm.security.service.address is deprecated, For configuring different ports for each SCM use PortConfigKey ozone.scm.security.service.port appended with serviceId and nodeId
2025-07-02 18:51:45,876 [main] INFO  ha.SCMNodeInfo (SCMNodeInfo.java:getPort(197)) - ConfigKey ozone.scm.datanode.address is deprecated, For configuring different ports for each SCM use PortConfigKey ozone.scm.datanode.port appended with serviceId and nodeId
2025-07-02 18:51:45,876 [main] INFO  ha.SCMNodeInfo (SCMNodeInfo.java:getPort(197)) - ConfigKey ozone.scm.client.address is deprecated, For configuring different ports for each SCM use PortConfigKey ozone.scm.client.port appended with serviceId and nodeId
2025-07-02 18:51:45,876 [main] INFO  ha.SCMNodeInfo (SCMNodeInfo.java:getPort(197)) - ConfigKey ozone.scm.block.client.address is deprecated, For configuring different ports for each SCM use PortConfigKey ozone.scm.block.client.port appended with serviceId and nodeId
2025-07-02 18:51:45,877 [main] INFO  ha.SCMNodeInfo (SCMNodeInfo.java:getPort(197)) - ConfigKey ozone.scm.security.service.address is deprecated, For configuring different ports for each SCM use PortConfigKey ozone.scm.security.service.port appended with serviceId and nodeId
2025-07-02 18:51:45,877 [main] INFO  ha.SCMNodeInfo (SCMNodeInfo.java:getPort(197)) - ConfigKey ozone.scm.datanode.address is deprecated, For configuring different ports for each SCM use PortConfigKey ozone.scm.datanode.port appended with serviceId and nodeId
2025-07-02 18:51:45,886 [pool-2-thread-2] INFO  request.KdcRequest (KdcRequest.java:preauth(683)) - The preauth data is empty.
2025-07-02 18:51:45,887 [pool-2-thread-2] INFO  server.KdcHandler (KdcHandler.java:handleRecoverableException(177)) - KRB error occurred while processing request: Additional pre-authentication required
2025-07-02 18:51:45,892 [pool-2-thread-2] INFO  request.AsRequest (AsRequest.java:issueTicket(112)) - AS_REQ ISSUE: authtime 1751482305892,scm/localhost@EXAMPLE.COM for krbtgt/EXAMPLE.COM@EXAMPLE.COM
2025-07-02 18:51:45,894 [main] INFO  security.UserGroupInformation (UserGroupInformation.java:loginUserFromKeytab(1143)) - Login successful for user scm/localhost@EXAMPLE.COM using keytab file scm.keytab. Keytab auto renewal enabled : false
2025-07-02 18:51:45,894 [main] INFO  server.StorageContainerManager (StorageContainerManager.java:loginAsSCMUserIfSecurityEnabled(1069)) - SCM login successful.
2025-07-02 18:51:45,896 [main] INFO  ha.SCMNodeInfo (SCMNodeInfo.java:getPort(197)) - ConfigKey ozone.scm.client.address is deprecated, For configuring different ports for each SCM use PortConfigKey ozone.scm.client.port appended with serviceId and nodeId
2025-07-02 18:51:45,896 [main] INFO  ha.SCMNodeInfo (SCMNodeInfo.java:getPort(197)) - ConfigKey ozone.scm.block.client.address is deprecated, For configuring different ports for each SCM use PortConfigKey ozone.scm.block.client.port appended with serviceId and nodeId
2025-07-02 18:51:45,896 [main] INFO  ha.SCMNodeInfo (SCMNodeInfo.java:getPort(197)) - ConfigKey ozone.scm.security.service.address is deprecated, For configuring different ports for each SCM use PortConfigKey ozone.scm.security.service.port appended with serviceId and nodeId
2025-07-02 18:51:45,896 [main] INFO  ha.SCMNodeInfo (SCMNodeInfo.java:getPort(197)) - ConfigKey ozone.scm.datanode.address is deprecated, For configuring different ports for each SCM use PortConfigKey ozone.scm.datanode.port appended with serviceId and nodeId
2025-07-02 18:51:45,896 [main] INFO  ha.SCMNodeInfo (SCMNodeInfo.java:getPort(197)) - ConfigKey ozone.scm.client.address is deprecated, For configuring different ports for each SCM use PortConfigKey ozone.scm.client.port appended with serviceId and nodeId
2025-07-02 18:51:45,896 [main] INFO  ha.SCMNodeInfo (SCMNodeInfo.java:getPort(197)) - ConfigKey ozone.scm.block.client.address is deprecated, For configuring different ports for each SCM use PortConfigKey ozone.scm.block.client.port appended with serviceId and nodeId
2025-07-02 18:51:45,896 [main] INFO  ha.SCMNodeInfo (SCMNodeInfo.java:getPort(197)) - ConfigKey ozone.scm.security.service.address is deprecated, For configuring different ports for each SCM use PortConfigKey ozone.scm.security.service.port appended with serviceId and nodeId
2025-07-02 18:51:45,897 [main] INFO  ha.SCMNodeInfo (SCMNodeInfo.java:getPort(197)) - ConfigKey ozone.scm.datanode.address is deprecated, For configuring different ports for each SCM use PortConfigKey ozone.scm.datanode.port appended with serviceId and nodeId
2025-07-02 18:51:45,897 [main] INFO  ha.SCMNodeInfo (SCMNodeInfo.java:getPort(197)) - ConfigKey ozone.scm.client.address is deprecated, For configuring different ports for each SCM use PortConfigKey ozone.scm.client.port appended with serviceId and nodeId
2025-07-02 18:51:45,897 [main] INFO  ha.SCMNodeInfo (SCMNodeInfo.java:getPort(197)) - ConfigKey ozone.scm.block.client.address is deprecated, For configuring different ports for each SCM use PortConfigKey ozone.scm.block.client.port appended with serviceId and nodeId
2025-07-02 18:51:45,897 [main] INFO  ha.SCMNodeInfo (SCMNodeInfo.java:getPort(197)) - ConfigKey ozone.scm.security.service.address is deprecated, For configuring different ports for each SCM use PortConfigKey ozone.scm.security.service.port appended with serviceId and nodeId
2025-07-02 18:51:45,897 [main] INFO  ha.SCMNodeInfo (SCMNodeInfo.java:getPort(197)) - ConfigKey ozone.scm.datanode.address is deprecated, For configuring different ports for each SCM use PortConfigKey ozone.scm.datanode.port appended with serviceId and nodeId
2025-07-02 18:51:45,897 [main] INFO  proxy.SCMSecurityProtocolFailoverProxyProvider (SCMFailoverProxyProviderBase.java:<init>(120)) - Created fail-over proxy for protocol SCMSecurityProtocolPB with 3 nodes: [nodeId=scmNode-2,nodeAddress=/127.0.0.1:15010, nodeId=scmNode-3,nodeAddress=/127.0.0.1:15018, nodeId=scmNode-1,nodeAddress=/127.0.0.1:15002]
2025-07-02 18:51:45,898 [main] INFO  ha.SCMNodeInfo (SCMNodeInfo.java:getPort(197)) - ConfigKey ozone.scm.client.address is deprecated, For configuring different ports for each SCM use PortConfigKey ozone.scm.client.port appended with serviceId and nodeId
2025-07-02 18:51:45,899 [main] INFO  ha.SCMNodeInfo (SCMNodeInfo.java:getPort(197)) - ConfigKey ozone.scm.block.client.address is deprecated, For configuring different ports for each SCM use PortConfigKey ozone.scm.block.client.port appended with serviceId and nodeId
2025-07-02 18:51:45,899 [main] INFO  ha.SCMNodeInfo (SCMNodeInfo.java:getPort(197)) - ConfigKey ozone.scm.security.service.address is deprecated, For configuring different ports for each SCM use PortConfigKey ozone.scm.security.service.port appended with serviceId and nodeId
2025-07-02 18:51:45,900 [main] INFO  ha.SCMNodeInfo (SCMNodeInfo.java:getPort(197)) - ConfigKey ozone.scm.datanode.address is deprecated, For configuring different ports for each SCM use PortConfigKey ozone.scm.datanode.port appended with serviceId and nodeId
2025-07-02 18:51:45,900 [main] INFO  ha.SCMNodeInfo (SCMNodeInfo.java:getPort(197)) - ConfigKey ozone.scm.client.address is deprecated, For configuring different ports for each SCM use PortConfigKey ozone.scm.client.port appended with serviceId and nodeId
2025-07-02 18:51:45,901 [main] INFO  ha.SCMNodeInfo (SCMNodeInfo.java:getPort(197)) - ConfigKey ozone.scm.block.client.address is deprecated, For configuring different ports for each SCM use PortConfigKey ozone.scm.block.client.port appended with serviceId and nodeId
2025-07-02 18:51:45,901 [main] INFO  ha.SCMNodeInfo (SCMNodeInfo.java:getPort(197)) - ConfigKey ozone.scm.security.service.address is deprecated, For configuring different ports for each SCM use PortConfigKey ozone.scm.security.service.port appended with serviceId and nodeId
2025-07-02 18:51:45,901 [main] INFO  ha.SCMNodeInfo (SCMNodeInfo.java:getPort(197)) - ConfigKey ozone.scm.datanode.address is deprecated, For configuring different ports for each SCM use PortConfigKey ozone.scm.datanode.port appended with serviceId and nodeId
2025-07-02 18:51:45,901 [main] INFO  ha.SCMNodeInfo (SCMNodeInfo.java:getPort(197)) - ConfigKey ozone.scm.client.address is deprecated, For configuring different ports for each SCM use PortConfigKey ozone.scm.client.port appended with serviceId and nodeId
2025-07-02 18:51:45,901 [main] INFO  ha.SCMNodeInfo (SCMNodeInfo.java:getPort(197)) - ConfigKey ozone.scm.block.client.address is deprecated, For configuring different ports for each SCM use PortConfigKey ozone.scm.block.client.port appended with serviceId and nodeId
2025-07-02 18:51:45,901 [main] INFO  ha.SCMNodeInfo (SCMNodeInfo.java:getPort(197)) - ConfigKey ozone.scm.security.service.address is deprecated, For configuring different ports for each SCM use PortConfigKey ozone.scm.security.service.port appended with serviceId and nodeId
2025-07-02 18:51:45,901 [main] INFO  ha.SCMNodeInfo (SCMNodeInfo.java:getPort(197)) - ConfigKey ozone.scm.datanode.address is deprecated, For configuring different ports for each SCM use PortConfigKey ozone.scm.datanode.port appended with serviceId and nodeId
2025-07-02 18:51:45,902 [main] INFO  client.SCMCertificateClient (DefaultCertificateClient.java:updateCertSerialId(1289)) - Certificate serial ID set to 3
2025-07-02 18:51:45,904 [main] INFO  client.SCMCertificateClient (DefaultCertificateClient.java:readCertificateFile(247)) - Added certificate 1 from file: /home/runner/work/ozone/ozone/hadoop-ozone/integration-test/target/test-dir/MiniOzoneClusterImpl-ff054ab7-6da7-448f-9cae-f629f00b5e08/scmNode-2/scm/sub-ca/certs/CA-1.crt.
2025-07-02 18:51:45,906 [main] INFO  client.SCMCertificateClient (DefaultCertificateClient.java:readCertificateFile(247)) - Added certificate 3 from file: /home/runner/work/ozone/ozone/hadoop-ozone/integration-test/target/test-dir/MiniOzoneClusterImpl-ff054ab7-6da7-448f-9cae-f629f00b5e08/scmNode-2/scm/sub-ca/certs/3.crt.
2025-07-02 18:51:45,908 [main] INFO  client.SCMCertificateClient (DefaultCertificateClient.java:readCertificateFile(247)) - Added certificate 3 from file: /home/runner/work/ozone/ozone/hadoop-ozone/integration-test/target/test-dir/MiniOzoneClusterImpl-ff054ab7-6da7-448f-9cae-f629f00b5e08/scmNode-2/scm/sub-ca/certs/certificate.crt.
2025-07-02 18:51:45,908 [main] INFO  client.SCMCertificateClient (DefaultCertificateClient.java:loadAllCertificates(196)) - CertificateRenewerService and root ca rotation polling is disabled for scm/sub-ca
2025-07-02 18:51:45,908 [main] WARN  utils.HAUtils (HAUtils.java:getMetaDir(311)) - ozone.scm.db.dirs is not configured. We recommend adding this setting. Falling back to ozone.metadata.dirs instead.
2025-07-02 18:51:45,909 [main] WARN  db.DBStoreBuilder (DBStoreBuilder.java:getDBDirPath(159)) - ozone.scm.db.dirs is not configured. We recommend adding this setting. Falling back to ozone.metadata.dirs instead.
2025-07-02 18:51:45,980 [main] INFO  net.NodeSchemaLoader (NodeSchemaLoader.java:loadSchemaFromFile(128)) - Loading schema from [jar:file:/home/runner/work/ozone/ozone/hadoop-hdds/common/target/hdds-common-2.1.0-SNAPSHOT.jar!/network-topology-default.xml]
2025-07-02 18:51:45,981 [main] INFO  net.NodeSchemaLoader (NodeSchemaLoader.java:loadSchema(175)) - Loading network topology layer schema file
2025-07-02 18:51:45,984 [main] WARN  dropwizard3.Dm3MetricRegistriesImpl (Dm3MetricRegistriesImpl.java:addReporterRegistration(114)) - New reporters are added after registries were created. Some metrics will be missing from the reporter. Please add reporter before adding any new registry.
2025-07-02 18:51:45,984 [main] WARN  dropwizard3.Dm3MetricRegistriesImpl (Dm3MetricRegistriesImpl.java:addReporterRegistration(114)) - New reporters are added after registries were created. Some metrics will be missing from the reporter. Please add reporter before adding any new registry.
2025-07-02 18:51:46,001 [main] INFO  ha.SCMRatisServerImpl (SCMRatisServerImpl.java:<init>(100)) - starting Raft server for scm:4680a024-3a59-4e75-8ac7-1755b08d3543
2025-07-02 18:51:46,002 [main] INFO  server.RaftServerConfigKeys (ConfUtils.java:logGet(62)) - raft.server.log.appender.buffer.byte-limit = 4194304 (custom)
2025-07-02 18:51:46,004 [main] INFO  grpc.GrpcConfigKeys (ConfUtils.java:logFallback(69)) - raft.grpc.admin.host = null (fallback to raft.grpc.server.host)
2025-07-02 18:51:46,004 [main] INFO  grpc.GrpcConfigKeys (ConfUtils.java:logFallback(69)) - raft.grpc.admin.port = 15011 (fallback to raft.grpc.server.port)
2025-07-02 18:51:46,004 [main] INFO  grpc.GrpcConfigKeys (ConfUtils.java:logFallback(69)) - raft.grpc.client.host = null (fallback to raft.grpc.server.host)
2025-07-02 18:51:46,004 [main] INFO  grpc.GrpcConfigKeys (ConfUtils.java:logFallback(69)) - raft.grpc.client.port = 15011 (fallback to raft.grpc.server.port)
2025-07-02 18:51:46,004 [main] INFO  grpc.GrpcConfigKeys (ConfUtils.java:logGet(62)) - raft.grpc.server.port = 15011 (custom)
2025-07-02 18:51:46,004 [main] INFO  server.GrpcServicesImpl (ConfUtils.java:logGet(62)) - raft.grpc.message.size.max = 5242880 (custom)
2025-07-02 18:51:46,004 [main] INFO  server.RaftServerConfigKeys (ConfUtils.java:logGet(62)) - raft.server.log.appender.buffer.byte-limit = 4194304 (custom)
2025-07-02 18:51:46,006 [main] INFO  server.RaftServerConfigKeys (ConfUtils.java:logGet(62)) - raft.server.storage.dir = [/home/runner/work/ozone/ozone/hadoop-ozone/integration-test/target/test-dir/MiniOzoneClusterImpl-ff054ab7-6da7-448f-9cae-f629f00b5e08/scmNode-2/scm-ha] (custom)
2025-07-02 18:51:46,006 [main] INFO  server.RaftServer (RaftServerProxy.java:addNew(105)) - 4680a024-3a59-4e75-8ac7-1755b08d3543: addNew group-F629F00B5E08:[] returns group-F629F00B5E08:java.util.concurrent.CompletableFuture@6a8d638[Not completed]
2025-07-02 18:51:46,007 [4680a024-3a59-4e75-8ac7-1755b08d3543-groupManagement] INFO  server.RaftServer$Division (RaftServerImpl.java:<init>(268)) - 4680a024-3a59-4e75-8ac7-1755b08d3543: new RaftServerImpl for group-F629F00B5E08:[] with SCMStateMachine:uninitialized
2025-07-02 18:51:46,007 [4680a024-3a59-4e75-8ac7-1755b08d3543-groupManagement] INFO  server.RaftServer$Division (ServerState.java:<init>(114)) - 4680a024-3a59-4e75-8ac7-1755b08d3543@group-F629F00B5E08: ConfigurationManager, init=conf: {index: -1, cur=peers:[]|listeners:[], old=null}, confs=<EMPTY_MAP>
2025-07-02 18:51:46,012 [main] INFO  ha.SCMSnapshotProvider (SCMSnapshotProvider.java:<init>(61)) - Initializing SCM Snapshot Provider
2025-07-02 18:51:46,013 [main] WARN  server.ServerUtils (ServerUtils.java:getDefaultRatisDirectory(304)) - Storage directory for Ratis is not configured. It is a good idea to map this to an SSD disk. Falling back to ozone.metadata.dirs
2025-07-02 18:51:46,013 [main] WARN  ha.SCMHAUtils (SCMHAUtils.java:getSCMRatisSnapshotDirectory(120)) - SCM snapshot dir is not configured. Falling back to ozone.metadata.dirs config
2025-07-02 18:51:46,014 [main] INFO  upgrade.AbstractLayoutVersionManager (AbstractLayoutVersionManager.java:init(80)) - Initializing Layout version manager with metadata layout = HBASE_SUPPORT (version = 8), software layout = HBASE_SUPPORT (version = 8)
2025-07-02 18:51:46,017 [main] INFO  ha.SequenceIdGenerator (SequenceIdGenerator.java:upgradeToSequenceId(353)) - upgrade localId to 115816896921600000
2025-07-02 18:51:46,018 [main] INFO  ha.SequenceIdGenerator (SequenceIdGenerator.java:upgradeToSequenceId(363)) - upgrade delTxnId to 0
2025-07-02 18:51:46,019 [main] INFO  ha.SequenceIdGenerator (SequenceIdGenerator.java:upgradeToSequenceId(379)) - upgrade containerId to 0
2025-07-02 18:51:46,020 [main] INFO  ha.SequenceIdGenerator (SequenceIdGenerator.java:upgradeToCertificateSequenceId(414)) - upgrade CertificateId to 2
2025-07-02 18:51:46,020 [main] INFO  ha.SequenceIdGenerator (SequenceIdGenerator.java:<init>(231)) - Init the HA SequenceIdGenerator.
2025-07-02 18:51:46,021 [main] INFO  node.SCMNodeManager (SCMNodeManager.java:<init>(180)) - Entering startup safe mode.
2025-07-02 18:51:46,022 [main] INFO  algorithms.ContainerPlacementPolicyFactory (ContainerPlacementPolicyFactory.java:getPolicyInternal(83)) - Create container placement policy of type org.apache.hadoop.hdds.scm.container.placement.algorithms.SCMContainerPlacementRackAware
2025-07-02 18:51:46,023 [main] INFO  algorithms.ContainerPlacementPolicyFactory (ContainerPlacementPolicyFactory.java:getPolicyInternal(83)) - Create container placement policy of type org.apache.hadoop.hdds.scm.container.placement.algorithms.SCMContainerPlacementRackScatter
2025-07-02 18:51:46,023 [main] INFO  pipeline.PipelineStateManagerImpl (PipelineStateManagerImpl.java:initialize(75)) - No pipeline exists in current db
2025-07-02 18:51:46,023 [main] INFO  algorithms.LeaderChoosePolicyFactory (LeaderChoosePolicyFactory.java:getPolicy(55)) - Create leader choose policy of type org.apache.hadoop.hdds.scm.pipeline.leader.choose.algorithms.MinLeaderCountChoosePolicy
2025-07-02 18:51:46,023 [main] INFO  algorithms.ContainerPlacementPolicyFactory (ContainerPlacementPolicyFactory.java:getPolicyInternal(83)) - Create container placement policy of type org.apache.hadoop.hdds.scm.container.placement.algorithms.SCMContainerPlacementRackScatter
2025-07-02 18:51:46,024 [main] INFO  ha.SCMServiceManager (SCMServiceManager.java:register(42)) - Registering service BackgroundPipelineCreator.
2025-07-02 18:51:46,024 [main] INFO  pipeline.BackgroundPipelineCreator (BackgroundPipelineCreator.java:start(126)) - Starting scmNode-2-RatisPipelineUtilsThread.
2025-07-02 18:51:46,024 [main] INFO  BackgroundPipelineScrubber (BackgroundSCMService.java:start(64)) - Starting BackgroundPipelineScrubber Service.
2025-07-02 18:51:46,024 [main] INFO  ha.SCMServiceManager (SCMServiceManager.java:register(42)) - Registering service BackgroundPipelineScrubber.
2025-07-02 18:51:46,025 [main] INFO  ExpiredContainerReplicaOpScrubber (BackgroundSCMService.java:start(64)) - Starting ExpiredContainerReplicaOpScrubber Service.
2025-07-02 18:51:46,025 [main] INFO  ha.SCMServiceManager (SCMServiceManager.java:register(42)) - Registering service ExpiredContainerReplicaOpScrubber.
2025-07-02 18:51:46,026 [main] INFO  algorithms.PipelineChoosePolicyFactory (PipelineChoosePolicyFactory.java:createPipelineChoosePolicyFromClass(78)) - Create pipeline choose policy of type org.apache.hadoop.hdds.scm.pipeline.choose.algorithms.RandomPipelineChoosePolicy
2025-07-02 18:51:46,027 [main] INFO  algorithms.PipelineChoosePolicyFactory (PipelineChoosePolicyFactory.java:createPipelineChoosePolicyFromClass(78)) - Create pipeline choose policy of type org.apache.hadoop.hdds.scm.pipeline.choose.algorithms.RandomPipelineChoosePolicy
2025-07-02 18:51:46,028 [main] WARN  statemachine.DatanodeConfiguration (DatanodeConfiguration.java:validateMinFreeSpace(751)) - hdds.datanode.volume.min.free.space.percent = -1.0 is invalid, should be between 0 and 1
2025-07-02 18:51:46,029 [main] INFO  ha.SCMServiceManager (SCMServiceManager.java:register(42)) - Registering service SCMBlockDeletingService.
2025-07-02 18:51:46,029 [main] INFO  replication.ReplicationManager (ReplicationManager.java:start(285)) - Starting Replication Monitor Thread.
2025-07-02 18:51:46,030 [main] INFO  ha.SCMServiceManager (SCMServiceManager.java:register(42)) - Registering service ReplicationManager.
2025-07-02 18:51:46,031 [main] INFO  safemode.RatisContainerSafeModeRule (RatisContainerSafeModeRule.java:initializeRule(160)) - Refreshed Containers with one replica threshold count 0.
2025-07-02 18:51:46,032 [main] INFO  safemode.ECContainerSafeModeRule (ECContainerSafeModeRule.java:initializeRule(205)) - Refreshed Containers with ec n replica threshold count 0.
2025-07-02 18:51:46,033 [main] INFO  safemode.HealthyPipelineSafeModeRule (HealthyPipelineSafeModeRule.java:initializeRule(232)) - Total pipeline count is 0, healthy pipeline threshold count is 1
2025-07-02 18:51:46,033 [main] INFO  safemode.OneReplicaPipelineSafeModeRule (OneReplicaPipelineSafeModeRule.java:initializeRule(190)) - Total pipeline count is 0, pipeline's with at least one datanode reported threshold count is 0
2025-07-02 18:51:46,034 [main] INFO  security.SecretKeyManagerService (SecretKeyManagerService.java:start(143)) - Scheduling rotation checker with interval PT8M20S
2025-07-02 18:51:46,035 [main] INFO  ha.SCMServiceManager (SCMServiceManager.java:register(42)) - Registering service SecretKeyManagerService.
2025-07-02 18:51:46,035 [main] INFO  keys.KeyStorage (KeyStorage.java:readPublicKey(174)) - Reading public key from /home/runner/work/ozone/ozone/hadoop-ozone/integration-test/target/test-dir/MiniOzoneClusterImpl-ff054ab7-6da7-448f-9cae-f629f00b5e08/scmNode-2/scm/sub-ca/keys/public.pem.
2025-07-02 18:51:46,036 [main] INFO  keys.KeyStorage (KeyStorage.java:readPrivateKey(158)) - Reading private key from /home/runner/work/ozone/ozone/hadoop-ozone/integration-test/target/test-dir/MiniOzoneClusterImpl-ff054ab7-6da7-448f-9cae-f629f00b5e08/scmNode-2/scm/sub-ca/keys/private.pem.
2025-07-02 18:51:46,036 [main] INFO  authority.DefaultCAServer (DefaultCAServer.java:lambda$processVerificationStatus$0(392)) - CertificateServer validation is successful
2025-07-02 18:51:46,037 [main] INFO  ipc.CallQueueManager (CallQueueManager.java:<init>(93)) - Using callQueue: class java.util.concurrent.LinkedBlockingQueue, queueCapacity: 200, scheduler: class org.apache.hadoop.ipc.DefaultRpcScheduler, ipcBackoff: false, ipcFailOver: false.
2025-07-02 18:51:46,037 [main] INFO  ipc.Server (Server.java:<init>(1438)) - Listener at 0.0.0.0:15010
2025-07-02 18:51:46,038 [Socket Reader #1 for port 15010] INFO  ipc.Server (Server.java:run(1474)) - Starting Socket Reader #1 for port 15010
2025-07-02 18:51:46,040 [main] INFO  server.StorageContainerManager (StorageContainerManager.java:<init>(433)) - SCM start with adminUsers: [runner, scm]
2025-07-02 18:51:46,041 [main] INFO  ipc.CallQueueManager (CallQueueManager.java:<init>(93)) - Using callQueue: class java.util.concurrent.LinkedBlockingQueue, queueCapacity: 10000, scheduler: class org.apache.hadoop.ipc.DefaultRpcScheduler, ipcBackoff: false, ipcFailOver: false.
2025-07-02 18:51:46,041 [main] INFO  ipc.Server (Server.java:<init>(1438)) - Listener at 0.0.0.0:15012
2025-07-02 18:51:46,041 [Socket Reader #1 for port 15012] INFO  ipc.Server (Server.java:run(1474)) - Starting Socket Reader #1 for port 15012
2025-07-02 18:51:46,042 [Socket Reader #2 for port 15012] INFO  ipc.Server (Server.java:run(1474)) - Starting Socket Reader #2 for port 15012
2025-07-02 18:51:46,043 [Socket Reader #3 for port 15012] INFO  ipc.Server (Server.java:run(1474)) - Starting Socket Reader #3 for port 15012
2025-07-02 18:51:46,044 [Socket Reader #4 for port 15012] INFO  ipc.Server (Server.java:run(1474)) - Starting Socket Reader #4 for port 15012
2025-07-02 18:51:46,044 [Socket Reader #5 for port 15012] INFO  ipc.Server (Server.java:run(1474)) - Starting Socket Reader #5 for port 15012
2025-07-02 18:51:46,044 [Socket Reader #6 for port 15012] INFO  ipc.Server (Server.java:run(1474)) - Starting Socket Reader #6 for port 15012
2025-07-02 18:51:46,045 [Socket Reader #7 for port 15012] INFO  ipc.Server (Server.java:run(1474)) - Starting Socket Reader #7 for port 15012
2025-07-02 18:51:46,046 [Socket Reader #8 for port 15012] INFO  ipc.Server (Server.java:run(1474)) - Starting Socket Reader #8 for port 15012
2025-07-02 18:51:46,046 [Socket Reader #9 for port 15012] INFO  ipc.Server (Server.java:run(1474)) - Starting Socket Reader #9 for port 15012
2025-07-02 18:51:46,047 [Socket Reader #10 for port 15012] INFO  ipc.Server (Server.java:run(1474)) - Starting Socket Reader #10 for port 15012
2025-07-02 18:51:46,048 [main] INFO  ipc.CallQueueManager (CallQueueManager.java:<init>(93)) - Using callQueue: class java.util.concurrent.LinkedBlockingQueue, queueCapacity: 10000, scheduler: class org.apache.hadoop.ipc.DefaultRpcScheduler, ipcBackoff: false, ipcFailOver: false.
2025-07-02 18:51:46,049 [main] INFO  ipc.Server (Server.java:<init>(1438)) - Listener at 0.0.0.0:15015
2025-07-02 18:51:46,049 [Socket Reader #1 for port 15015] INFO  ipc.Server (Server.java:run(1474)) - Starting Socket Reader #1 for port 15015
2025-07-02 18:51:46,049 [Socket Reader #2 for port 15015] INFO  ipc.Server (Server.java:run(1474)) - Starting Socket Reader #2 for port 15015
2025-07-02 18:51:46,049 [Socket Reader #3 for port 15015] INFO  ipc.Server (Server.java:run(1474)) - Starting Socket Reader #3 for port 15015
2025-07-02 18:51:46,050 [Socket Reader #4 for port 15015] INFO  ipc.Server (Server.java:run(1474)) - Starting Socket Reader #4 for port 15015
2025-07-02 18:51:46,050 [Socket Reader #5 for port 15015] INFO  ipc.Server (Server.java:run(1474)) - Starting Socket Reader #5 for port 15015
2025-07-02 18:51:46,050 [Socket Reader #6 for port 15015] INFO  ipc.Server (Server.java:run(1474)) - Starting Socket Reader #6 for port 15015
2025-07-02 18:51:46,050 [Socket Reader #7 for port 15015] INFO  ipc.Server (Server.java:run(1474)) - Starting Socket Reader #7 for port 15015
2025-07-02 18:51:46,051 [Socket Reader #8 for port 15015] INFO  ipc.Server (Server.java:run(1474)) - Starting Socket Reader #8 for port 15015
2025-07-02 18:51:46,051 [Socket Reader #9 for port 15015] INFO  ipc.Server (Server.java:run(1474)) - Starting Socket Reader #9 for port 15015
2025-07-02 18:51:46,051 [Socket Reader #10 for port 15015] INFO  ipc.Server (Server.java:run(1474)) - Starting Socket Reader #10 for port 15015
2025-07-02 18:51:46,053 [main] INFO  ipc.CallQueueManager (CallQueueManager.java:<init>(93)) - Using callQueue: class java.util.concurrent.LinkedBlockingQueue, queueCapacity: 10000, scheduler: class org.apache.hadoop.ipc.DefaultRpcScheduler, ipcBackoff: false, ipcFailOver: false.
2025-07-02 18:51:46,053 [main] INFO  ipc.Server (Server.java:<init>(1438)) - Listener at 0.0.0.0:15013
2025-07-02 18:51:46,054 [Socket Reader #1 for port 15013] INFO  ipc.Server (Server.java:run(1474)) - Starting Socket Reader #1 for port 15013
2025-07-02 18:51:46,054 [Socket Reader #2 for port 15013] INFO  ipc.Server (Server.java:run(1474)) - Starting Socket Reader #2 for port 15013
2025-07-02 18:51:46,054 [Socket Reader #3 for port 15013] INFO  ipc.Server (Server.java:run(1474)) - Starting Socket Reader #3 for port 15013
2025-07-02 18:51:46,054 [Socket Reader #4 for port 15013] INFO  ipc.Server (Server.java:run(1474)) - Starting Socket Reader #4 for port 15013
2025-07-02 18:51:46,055 [Socket Reader #5 for port 15013] INFO  ipc.Server (Server.java:run(1474)) - Starting Socket Reader #5 for port 15013
2025-07-02 18:51:46,055 [Socket Reader #6 for port 15013] INFO  ipc.Server (Server.java:run(1474)) - Starting Socket Reader #6 for port 15013
2025-07-02 18:51:46,055 [Socket Reader #7 for port 15013] INFO  ipc.Server (Server.java:run(1474)) - Starting Socket Reader #7 for port 15013
2025-07-02 18:51:46,055 [Socket Reader #8 for port 15013] INFO  ipc.Server (Server.java:run(1474)) - Starting Socket Reader #8 for port 15013
2025-07-02 18:51:46,056 [Socket Reader #9 for port 15013] INFO  ipc.Server (Server.java:run(1474)) - Starting Socket Reader #9 for port 15013
2025-07-02 18:51:46,056 [Socket Reader #10 for port 15013] INFO  ipc.Server (Server.java:run(1474)) - Starting Socket Reader #10 for port 15013
2025-07-02 18:51:46,068 [main] INFO  ha.SCMServiceManager (SCMServiceManager.java:register(42)) - Registering service ContainerBalancer.
2025-07-02 18:51:46,068 [main] INFO  ha.SCMContext (SCMContext.java:updateSafeModeStatus(224)) - Update SafeModeStatus from SafeModeStatus{safeModeStatus=true, preCheckPassed=false} to SafeModeStatus{safeModeStatus=true, preCheckPassed=false}.
2025-07-02 18:51:46,069 [main] INFO  server.StorageContainerManager (StorageContainerManager.java:start(1514)) - StorageContainerLocationProtocol RPC server is listening at /0.0.0.0:15013
2025-07-02 18:51:46,069 [main] INFO  ha.SCMRatisServerImpl (SCMRatisServerImpl.java:start(203)) - starting ratis server 0.0.0.0:15011
2025-07-02 18:51:46,070 [4680a024-3a59-4e75-8ac7-1755b08d3543-impl-thread1] INFO  storage.RaftStorageDirectory (RaftStorageDirectoryImpl.java:analyzeStorage(138)) - The storage directory /home/runner/work/ozone/ozone/hadoop-ozone/integration-test/target/test-dir/MiniOzoneClusterImpl-ff054ab7-6da7-448f-9cae-f629f00b5e08/scmNode-2/scm-ha/ff054ab7-6da7-448f-9cae-f629f00b5e08 does not exist. Creating ...
2025-07-02 18:51:46,075 [4680a024-3a59-4e75-8ac7-1755b08d3543-impl-thread1] INFO  storage.RaftStorageDirectory (RaftStorageDirectoryImpl.java:tryLock(229)) - Lock on /home/runner/work/ozone/ozone/hadoop-ozone/integration-test/target/test-dir/MiniOzoneClusterImpl-ff054ab7-6da7-448f-9cae-f629f00b5e08/scmNode-2/scm-ha/ff054ab7-6da7-448f-9cae-f629f00b5e08/in_use.lock acquired by nodename 59972@localhost
2025-07-02 18:51:46,078 [4680a024-3a59-4e75-8ac7-1755b08d3543-impl-thread1] INFO  storage.RaftStorage (RaftStorageImpl.java:format(98)) - Storage directory /home/runner/work/ozone/ozone/hadoop-ozone/integration-test/target/test-dir/MiniOzoneClusterImpl-ff054ab7-6da7-448f-9cae-f629f00b5e08/scmNode-2/scm-ha/ff054ab7-6da7-448f-9cae-f629f00b5e08 has been successfully formatted.
2025-07-02 18:51:46,079 [4680a024-3a59-4e75-8ac7-1755b08d3543-impl-thread1] INFO  ha.SCMStateMachine (SCMStateMachine.java:lambda$initialize$0(135)) - 4680a024-3a59-4e75-8ac7-1755b08d3543: initialize group-F629F00B5E08
2025-07-02 18:51:46,079 [4680a024-3a59-4e75-8ac7-1755b08d3543-impl-thread1] INFO  server.RaftServerConfigKeys (ConfUtils.java:logGet(62)) - raft.server.log.appender.buffer.byte-limit = 4194304 (custom)
2025-07-02 18:51:46,082 [4680a024-3a59-4e75-8ac7-1755b08d3543-impl-thread1] INFO  server.RaftServerConfigKeys (ConfUtils.java:logGet(62)) - raft.server.log.segment.size.max = 4194304 (custom)
2025-07-02 18:51:46,082 [4680a024-3a59-4e75-8ac7-1755b08d3543-impl-thread1] INFO  server.RaftServerConfigKeys (ConfUtils.java:logGet(62)) - raft.server.log.appender.buffer.byte-limit = 4194304 (custom)
2025-07-02 18:51:46,083 [4680a024-3a59-4e75-8ac7-1755b08d3543-impl-thread1] INFO  util.AwaitToRun (AwaitToRun.java:start(81)) - Thread[#540,4680a024-3a59-4e75-8ac7-1755b08d3543@group-F629F00B5E08-cacheEviction-AwaitToRun,5,main] started
2025-07-02 18:51:46,083 [4680a024-3a59-4e75-8ac7-1755b08d3543-impl-thread1] INFO  segmented.SegmentedRaftLogWorker (SegmentedRaftLogWorker.java:<init>(190)) - new 4680a024-3a59-4e75-8ac7-1755b08d3543@group-F629F00B5E08-SegmentedRaftLogWorker for RaftStorageImpl:Storage Directory /home/runner/work/ozone/ozone/hadoop-ozone/integration-test/target/test-dir/MiniOzoneClusterImpl-ff054ab7-6da7-448f-9cae-f629f00b5e08/scmNode-2/scm-ha/ff054ab7-6da7-448f-9cae-f629f00b5e08
2025-07-02 18:51:46,083 [4680a024-3a59-4e75-8ac7-1755b08d3543-impl-thread1] INFO  server.RaftServerConfigKeys (ConfUtils.java:logGet(62)) - raft.server.log.segment.size.max = 4194304 (custom)
2025-07-02 18:51:46,083 [4680a024-3a59-4e75-8ac7-1755b08d3543-impl-thread1] INFO  server.RaftServerConfigKeys (ConfUtils.java:logGet(62)) - raft.server.log.preallocated.size = 4194304 (custom)
2025-07-02 18:51:46,084 [4680a024-3a59-4e75-8ac7-1755b08d3543-impl-thread1] INFO  server.RaftServerConfigKeys (ConfUtils.java:logGet(62)) - raft.server.log.write.buffer.size = 4194312 (custom)
2025-07-02 18:51:46,085 [4680a024-3a59-4e75-8ac7-1755b08d3543-impl-thread1] INFO  server.RaftServerConfigKeys (ConfUtils.java:logGet(62)) - raft.server.log.appender.buffer.byte-limit = 4194304 (custom)
2025-07-02 18:51:46,086 [4680a024-3a59-4e75-8ac7-1755b08d3543-impl-thread1] INFO  segmented.SegmentedRaftLogWorker (SegmentedRaftLogWorker.java:lambda$new$0(141)) - 4680a024-3a59-4e75-8ac7-1755b08d3543@group-F629F00B5E08-SegmentedRaftLogWorker: flushIndex: setUnconditionally 0 -> -1
2025-07-02 18:51:46,086 [4680a024-3a59-4e75-8ac7-1755b08d3543-impl-thread1] INFO  segmented.SegmentedRaftLogWorker (SegmentedRaftLogWorker.java:lambda$new$0(141)) - 4680a024-3a59-4e75-8ac7-1755b08d3543@group-F629F00B5E08-SegmentedRaftLogWorker: safeCacheEvictIndex: setUnconditionally 0 -> -1
2025-07-02 18:51:46,086 [4680a024-3a59-4e75-8ac7-1755b08d3543-impl-thread1] INFO  server.RaftServer$Division (RaftServerImpl.java:start(411)) - 4680a024-3a59-4e75-8ac7-1755b08d3543@group-F629F00B5E08: start with initializing state, conf=conf: {index: -1, cur=peers:[]|listeners:[], old=null}
2025-07-02 18:51:46,086 [4680a024-3a59-4e75-8ac7-1755b08d3543-impl-thread1] INFO  server.RaftServer$Division (RaftServerImpl.java:setRole(392)) - 4680a024-3a59-4e75-8ac7-1755b08d3543@group-F629F00B5E08: changes role from      null to FOLLOWER at term 0 for start
2025-07-02 18:51:46,086 [4680a024-3a59-4e75-8ac7-1755b08d3543-impl-thread1] INFO  util.JmxRegister (JmxRegister.java:tryRegister(44)) - Successfully registered JMX Bean with object name Ratis:service=RaftServer,group=group-F629F00B5E08,id=4680a024-3a59-4e75-8ac7-1755b08d3543
2025-07-02 18:51:46,086 [4680a024-3a59-4e75-8ac7-1755b08d3543-impl-thread1] INFO  util.JmxRegister (JmxRegister.java:register(58)) - register mxBean class org.apache.ratis.server.impl.RaftServerJmxAdapter as Ratis:service=RaftServer,group=group-F629F00B5E08,id=4680a024-3a59-4e75-8ac7-1755b08d3543
2025-07-02 18:51:46,087 [4680a024-3a59-4e75-8ac7-1755b08d3543-impl-thread1] INFO  server.RaftServer$Division (RaftServerImpl.java:start(419)) - 4680a024-3a59-4e75-8ac7-1755b08d3543@group-F629F00B5E08: Successfully started.
2025-07-02 18:51:46,088 [main] INFO  server.RaftServer (RaftServerProxy.java:startImpl(412)) - 4680a024-3a59-4e75-8ac7-1755b08d3543: start RPC server
2025-07-02 18:51:46,088 [main] INFO  server.GrpcServicesImpl (GrpcServicesImpl.java:startImpl(346)) - 4680a024-3a59-4e75-8ac7-1755b08d3543: GrpcServicesImpl started, listening on 15011
2025-07-02 18:51:46,089 [JvmPauseMonitor2] INFO  util.JvmPauseMonitor (JvmPauseMonitor.java:run(146)) - JvmPauseMonitor-4680a024-3a59-4e75-8ac7-1755b08d3543: Started
2025-07-02 18:51:46,091 [main] INFO  ha.SCMNodeInfo (SCMNodeInfo.java:getPort(197)) - ConfigKey ozone.scm.client.address is deprecated, For configuring different ports for each SCM use PortConfigKey ozone.scm.client.port appended with serviceId and nodeId
2025-07-02 18:51:46,091 [main] INFO  ha.SCMNodeInfo (SCMNodeInfo.java:getPort(197)) - ConfigKey ozone.scm.block.client.address is deprecated, For configuring different ports for each SCM use PortConfigKey ozone.scm.block.client.port appended with serviceId and nodeId
2025-07-02 18:51:46,092 [main] INFO  ha.SCMNodeInfo (SCMNodeInfo.java:getPort(197)) - ConfigKey ozone.scm.security.service.address is deprecated, For configuring different ports for each SCM use PortConfigKey ozone.scm.security.service.port appended with serviceId and nodeId
2025-07-02 18:51:46,092 [main] INFO  ha.SCMNodeInfo (SCMNodeInfo.java:getPort(197)) - ConfigKey ozone.scm.datanode.address is deprecated, For configuring different ports for each SCM use PortConfigKey ozone.scm.datanode.port appended with serviceId and nodeId
2025-07-02 18:51:46,092 [main] INFO  ha.SCMNodeInfo (SCMNodeInfo.java:getPort(197)) - ConfigKey ozone.scm.client.address is deprecated, For configuring different ports for each SCM use PortConfigKey ozone.scm.client.port appended with serviceId and nodeId
2025-07-02 18:51:46,092 [main] INFO  ha.SCMNodeInfo (SCMNodeInfo.java:getPort(197)) - ConfigKey ozone.scm.block.client.address is deprecated, For configuring different ports for each SCM use PortConfigKey ozone.scm.block.client.port appended with serviceId and nodeId
2025-07-02 18:51:46,092 [main] INFO  ha.SCMNodeInfo (SCMNodeInfo.java:getPort(197)) - ConfigKey ozone.scm.security.service.address is deprecated, For configuring different ports for each SCM use PortConfigKey ozone.scm.security.service.port appended with serviceId and nodeId
2025-07-02 18:51:46,092 [main] INFO  ha.SCMNodeInfo (SCMNodeInfo.java:getPort(197)) - ConfigKey ozone.scm.datanode.address is deprecated, For configuring different ports for each SCM use PortConfigKey ozone.scm.datanode.port appended with serviceId and nodeId
2025-07-02 18:51:46,093 [main] INFO  proxy.SCMBlockLocationFailoverProxyProvider (SCMFailoverProxyProviderBase.java:<init>(120)) - Created fail-over proxy for protocol ScmBlockLocationProtocolPB with 2 nodes: [nodeId=scmNode-3,nodeAddress=/127.0.0.1:15023, nodeId=scmNode-1,nodeAddress=/127.0.0.1:15007]
2025-07-02 18:51:46,110 [pool-2-thread-2] INFO  request.TgsRequest (TgsRequest.java:issueTicket(117)) - TGS_REQ ISSUE: authtime 1751482306109,scm/localhost@EXAMPLE.COM for scm/localhost@EXAMPLE.COM
2025-07-02 18:51:46,119 [Socket Reader #3 for port 15007] INFO  ipc.Server (Server.java:saslProcess(2290)) - Auth successful for scm/localhost@EXAMPLE.COM (auth:KERBEROS) from 127.0.0.1:38327
2025-07-02 18:51:46,121 [IPC Server handler 0 on default port 15007] INFO  ha.SCMRatisServerImpl (SCMRatisServerImpl.java:addSCM(328)) - 0570d27e-7557-449b-949c-3e7f7fc57b05: Submitting SetConfiguration request to Ratis server with new SCM peers list: [0570d27e-7557-449b-949c-3e7f7fc57b05|localhost:15003, 4680a024-3a59-4e75-8ac7-1755b08d3543|localhost:15011]
2025-07-02 18:51:46,125 [IPC Server handler 0 on default port 15007] INFO  server.RaftServer$Division (RaftServerImpl.java:setConfigurationAsync(1310)) - 0570d27e-7557-449b-949c-3e7f7fc57b05@group-F629F00B5E08: receive setConfiguration SetConfigurationRequest:client-C50574B4A362->0570d27e-7557-449b-949c-3e7f7fc57b05@group-F629F00B5E08, cid=3, seq=null, RW, null, SET_UNCONDITIONALLY, servers:[0570d27e-7557-449b-949c-3e7f7fc57b05|localhost:15003, 4680a024-3a59-4e75-8ac7-1755b08d3543|localhost:15011], listeners:[]
2025-07-02 18:51:46,126 [IPC Server handler 0 on default port 15007] INFO  server.RaftServer$Division (LeaderStateImpl.java:startSetConfiguration(483)) - 0570d27e-7557-449b-949c-3e7f7fc57b05@group-F629F00B5E08-LeaderStateImpl: startSetConfiguration SetConfigurationRequest:client-C50574B4A362->0570d27e-7557-449b-949c-3e7f7fc57b05@group-F629F00B5E08, cid=3, seq=null, RW, null, SET_UNCONDITIONALLY, servers:[0570d27e-7557-449b-949c-3e7f7fc57b05|localhost:15003, 4680a024-3a59-4e75-8ac7-1755b08d3543|localhost:15011], listeners:[]
2025-07-02 18:51:46,133 [IPC Server handler 0 on default port 15007] INFO  server.RaftServerConfigKeys (ConfUtils.java:logGet(62)) - raft.server.log.appender.snapshot.chunk.size.max = 16MB (=16777216) (default)
2025-07-02 18:51:46,133 [IPC Server handler 0 on default port 15007] INFO  server.RaftServerConfigKeys (ConfUtils.java:logGet(62)) - raft.server.log.appender.buffer.byte-limit = 4194304 (custom)
2025-07-02 18:51:46,134 [IPC Server handler 0 on default port 15007] INFO  server.RaftServerConfigKeys (ConfUtils.java:logGet(62)) - raft.server.log.appender.buffer.element-limit = 1024 (custom)
2025-07-02 18:51:46,135 [IPC Server handler 0 on default port 15007] INFO  server.RaftServerConfigKeys (ConfUtils.java:logGet(62)) - raft.server.log.appender.wait-time.min = 0ms (custom)
2025-07-02 18:51:46,135 [IPC Server handler 0 on default port 15007] INFO  grpc.GrpcConfigKeys (ConfUtils.java:logGet(62)) - raft.grpc.server.leader.outstanding.appends.max = 8 (default)
2025-07-02 18:51:46,136 [IPC Server handler 0 on default port 15007] INFO  grpc.GrpcConfigKeys (ConfUtils.java:logGet(62)) - raft.grpc.server.install_snapshot.request.element-limit = 8 (default)
2025-07-02 18:51:46,136 [IPC Server handler 0 on default port 15007] INFO  grpc.GrpcConfigKeys (ConfUtils.java:logGet(62)) - raft.grpc.server.install_snapshot.request.timeout = 3000ms (default)
2025-07-02 18:51:46,136 [IPC Server handler 0 on default port 15007] INFO  grpc.GrpcConfigKeys (ConfUtils.java:logGet(62)) - raft.grpc.server.log-message.batch.duration = 5s (default)
2025-07-02 18:51:46,141 [0570d27e-7557-449b-949c-3e7f7fc57b05@group-F629F00B5E08->4680a024-3a59-4e75-8ac7-1755b08d3543-GrpcLogAppender-LogAppenderDaemon] INFO  server.GrpcLogAppender (GrpcLogAppender.java:notifyInstallSnapshot(799)) - 0570d27e-7557-449b-949c-3e7f7fc57b05@group-F629F00B5E08->4680a024-3a59-4e75-8ac7-1755b08d3543-GrpcLogAppender: notifyInstallSnapshot with firstAvailable=(t:1, i:0), followerNextIndex=0
2025-07-02 18:51:46,146 [0570d27e-7557-449b-949c-3e7f7fc57b05@group-F629F00B5E08->4680a024-3a59-4e75-8ac7-1755b08d3543-GrpcLogAppender-LogAppenderDaemon] INFO  server.GrpcLogAppender (GrpcLogAppender.java:notifyInstallSnapshot(807)) - 0570d27e-7557-449b-949c-3e7f7fc57b05@group-F629F00B5E08->4680a024-3a59-4e75-8ac7-1755b08d3543-GrpcLogAppender: send 0570d27e-7557-449b-949c-3e7f7fc57b05->4680a024-3a59-4e75-8ac7-1755b08d3543#0-t2,notify:(t:1, i:0)
2025-07-02 18:51:46,146 [0570d27e-7557-449b-949c-3e7f7fc57b05@group-F629F00B5E08->4680a024-3a59-4e75-8ac7-1755b08d3543-GrpcLogAppender-LogAppenderDaemon] INFO  server.GrpcServerProtocolClient (GrpcServerProtocolClient.java:<init>(65)) - Build channel for 4680a024-3a59-4e75-8ac7-1755b08d3543|localhost:15011
2025-07-02 18:51:46,164 [grpc-default-executor-1] INFO  impl.SnapshotInstallationHandler (SnapshotInstallationHandler.java:lambda$installSnapshot$0(103)) - 4680a024-3a59-4e75-8ac7-1755b08d3543@group-F629F00B5E08: receive installSnapshot: 0570d27e-7557-449b-949c-3e7f7fc57b05->4680a024-3a59-4e75-8ac7-1755b08d3543#0-t2,notify:(t:1, i:0) 
2025-07-02 18:51:46,166 [grpc-default-executor-1] INFO  server.RaftServer$Division (RaftServerImpl.java:setFirstElection(576)) - 4680a024-3a59-4e75-8ac7-1755b08d3543@group-F629F00B5E08: set firstElectionSinceStartup to false for installSnapshot
2025-07-02 18:51:46,166 [grpc-default-executor-1] INFO  ha.SCMStateMachine (SCMStateMachine.java:notifyLeaderChanged(289)) - leader changed, yet current SCM is still follower.
2025-07-02 18:51:46,167 [grpc-default-executor-1] INFO  server.RaftServer$Division (ServerState.java:setLeader(272)) - 4680a024-3a59-4e75-8ac7-1755b08d3543@group-F629F00B5E08: change Leader from null to 0570d27e-7557-449b-949c-3e7f7fc57b05 at term 2 for installSnapshot, leader elected after 159ms
2025-07-02 18:51:46,167 [grpc-default-executor-1] INFO  impl.SnapshotInstallationHandler (SnapshotInstallationHandler.java:notifyStateMachineToInstallSnapshot(262)) - 4680a024-3a59-4e75-8ac7-1755b08d3543@group-F629F00B5E08: Received notification to install snapshot at index 0
2025-07-02 18:51:46,169 [grpc-default-executor-1] INFO  impl.SnapshotInstallationHandler (SnapshotInstallationHandler.java:notifyStateMachineToInstallSnapshot(297)) - 4680a024-3a59-4e75-8ac7-1755b08d3543@group-F629F00B5E08: notifyInstallSnapshot: nextIndex is 0 but the leader's first available index is 0.
2025-07-02 18:51:46,169 [grpc-default-executor-1] INFO  ha.SCMStateMachine (SCMStateMachine.java:notifyInstallSnapshotFromLeader(242)) - Received install snapshot notification from SCM leader: localhost:15003 with term index: (t:1, i:0)
2025-07-02 18:51:46,170 [scmNode-2-SCMInstallSnapshot-0] INFO  ha.SCMHAManagerImpl (SCMHAManagerImpl.java:getDBCheckpointFromLeader(254)) - Downloading checkpoint from leader SCM scmNode-1 and reloading state from the checkpoint.
2025-07-02 18:51:46,185 [grpc-default-executor-0] INFO  ha.SCMDBCheckpointProvider (SCMDBCheckpointProvider.java:writeDBCheckPointToSream(48)) - Received request to obtain SCM DB checkpoint snapshot
2025-07-02 18:51:46,200 [grpc-default-executor-0] INFO  db.RDBCheckpointManager (RDBCheckpointManager.java:createCheckpoint(87)) - Created checkpoint in rocksDB at /home/runner/work/ozone/ozone/hadoop-ozone/integration-test/target/test-dir/MiniOzoneClusterImpl-ff054ab7-6da7-448f-9cae-f629f00b5e08/scmNode-1/db.checkpoints/scm.db_checkpoint_1751482306197 in 3 milliseconds
2025-07-02 18:51:46,232 [grpc-default-executor-0] INFO  ha.SCMGrpcOutputStream (SCMGrpcOutputStream.java:close(107)) - Sent 75776 bytes for cluster ff054ab7-6da7-448f-9cae-f629f00b5e08
2025-07-02 18:51:46,232 [grpc-default-executor-0] INFO  ha.SCMDBCheckpointProvider (SCMDBCheckpointProvider.java:writeDBCheckPointToSream(73)) - Time taken to write the checkpoint to response output stream: 29 milliseconds
2025-07-02 18:51:46,232 [grpc-default-executor-0] INFO  db.RocksDBCheckpoint (RocksDBCheckpoint.java:cleanupCheckpoint(75)) - Cleaning up RocksDB checkpoint at /home/runner/work/ozone/ozone/hadoop-ozone/integration-test/target/test-dir/MiniOzoneClusterImpl-ff054ab7-6da7-448f-9cae-f629f00b5e08/scmNode-1/db.checkpoints/scm.db_checkpoint_1751482306197
2025-07-02 18:51:46,243 [grpc-default-executor-3] INFO  ha.InterSCMGrpcClient (InterSCMGrpcClient.java:onCompleted(169)) - Checkpoint is downloaded to /home/runner/work/ozone/ozone/hadoop-ozone/integration-test/target/test-dir/MiniOzoneClusterImpl-ff054ab7-6da7-448f-9cae-f629f00b5e08/scmNode-2/snapshot/scm.db-scmNode-1-1751482306170.tar
2025-07-02 18:51:46,266 [scmNode-2-SCMInstallSnapshot-0] INFO  ha.SCMSnapshotProvider (SCMSnapshotProvider.java:getSCMDBSnapshot(126)) - Successfully downloaded latest checkpoint from leader SCM: scmNode-1 path /home/runner/work/ozone/ozone/hadoop-ozone/integration-test/target/test-dir/MiniOzoneClusterImpl-ff054ab7-6da7-448f-9cae-f629f00b5e08/scmNode-2/snapshot/scm.db-scmNode-1-1751482306170
2025-07-02 18:51:46,266 [scmNode-2-SCMInstallSnapshot-0] INFO  ha.SCMHAManagerImpl (SCMHAManagerImpl.java:downloadCheckpointFromLeader(189)) - Downloaded checkpoint from Leader scmNode-1 to the location /home/runner/work/ozone/ozone/hadoop-ozone/integration-test/target/test-dir/MiniOzoneClusterImpl-ff054ab7-6da7-448f-9cae-f629f00b5e08/scmNode-2/snapshot/scm.db-scmNode-1-1751482306170
2025-07-02 18:51:46,266 [scmNode-2-SCMInstallSnapshot-0] INFO  ha.SCMHAManagerImpl (SCMHAManagerImpl.java:getSecretKeysFromLeader(202)) - Getting secret keys from leader scmNode-1.
2025-07-02 18:51:46,267 [grpc-default-executor-1] INFO  impl.SnapshotInstallationHandler (SnapshotInstallationHandler.java:installSnapshotImpl(147)) - 4680a024-3a59-4e75-8ac7-1755b08d3543@group-F629F00B5E08: set new configuration index: 1
configurationEntry {
  peers {
    id: "0570d27e-7557-449b-949c-3e7f7fc57b05"
    address: "localhost:15003"
    startupRole: FOLLOWER
  }
}
 from snapshot
2025-07-02 18:51:46,267 [grpc-default-executor-1] INFO  server.RaftServer$Division (ServerState.java:setRaftConf(386)) - 4680a024-3a59-4e75-8ac7-1755b08d3543@group-F629F00B5E08: set configuration conf: {index: 1, cur=peers:[0570d27e-7557-449b-949c-3e7f7fc57b05|localhost:15003]|listeners:[], old=null}
2025-07-02 18:51:46,267 [scmNode-2-SCMInstallSnapshot-0] INFO  ha.SCMNodeInfo (SCMNodeInfo.java:getPort(197)) - ConfigKey ozone.scm.client.address is deprecated, For configuring different ports for each SCM use PortConfigKey ozone.scm.client.port appended with serviceId and nodeId
2025-07-02 18:51:46,267 [scmNode-2-SCMInstallSnapshot-0] INFO  ha.SCMNodeInfo (SCMNodeInfo.java:getPort(197)) - ConfigKey ozone.scm.block.client.address is deprecated, For configuring different ports for each SCM use PortConfigKey ozone.scm.block.client.port appended with serviceId and nodeId
2025-07-02 18:51:46,268 [scmNode-2-SCMInstallSnapshot-0] INFO  ha.SCMNodeInfo (SCMNodeInfo.java:getPort(197)) - ConfigKey ozone.scm.security.service.address is deprecated, For configuring different ports for each SCM use PortConfigKey ozone.scm.security.service.port appended with serviceId and nodeId
2025-07-02 18:51:46,268 [scmNode-2-SCMInstallSnapshot-0] INFO  ha.SCMNodeInfo (SCMNodeInfo.java:getPort(197)) - ConfigKey ozone.scm.datanode.address is deprecated, For configuring different ports for each SCM use PortConfigKey ozone.scm.datanode.port appended with serviceId and nodeId
2025-07-02 18:51:46,268 [scmNode-2-SCMInstallSnapshot-0] INFO  ha.SCMNodeInfo (SCMNodeInfo.java:getPort(197)) - ConfigKey ozone.scm.client.address is deprecated, For configuring different ports for each SCM use PortConfigKey ozone.scm.client.port appended with serviceId and nodeId
2025-07-02 18:51:46,268 [scmNode-2-SCMInstallSnapshot-0] INFO  ha.SCMNodeInfo (SCMNodeInfo.java:getPort(197)) - ConfigKey ozone.scm.block.client.address is deprecated, For configuring different ports for each SCM use PortConfigKey ozone.scm.block.client.port appended with serviceId and nodeId
2025-07-02 18:51:46,268 [scmNode-2-SCMInstallSnapshot-0] INFO  ha.SCMNodeInfo (SCMNodeInfo.java:getPort(197)) - ConfigKey ozone.scm.security.service.address is deprecated, For configuring different ports for each SCM use PortConfigKey ozone.scm.security.service.port appended with serviceId and nodeId
2025-07-02 18:51:46,268 [scmNode-2-SCMInstallSnapshot-0] INFO  ha.SCMNodeInfo (SCMNodeInfo.java:getPort(197)) - ConfigKey ozone.scm.datanode.address is deprecated, For configuring different ports for each SCM use PortConfigKey ozone.scm.datanode.port appended with serviceId and nodeId
2025-07-02 18:51:46,268 [scmNode-2-SCMInstallSnapshot-0] INFO  ha.SCMNodeInfo (SCMNodeInfo.java:getPort(197)) - ConfigKey ozone.scm.client.address is deprecated, For configuring different ports for each SCM use PortConfigKey ozone.scm.client.port appended with serviceId and nodeId
2025-07-02 18:51:46,268 [scmNode-2-SCMInstallSnapshot-0] INFO  ha.SCMNodeInfo (SCMNodeInfo.java:getPort(197)) - ConfigKey ozone.scm.block.client.address is deprecated, For configuring different ports for each SCM use PortConfigKey ozone.scm.block.client.port appended with serviceId and nodeId
2025-07-02 18:51:46,268 [scmNode-2-SCMInstallSnapshot-0] INFO  ha.SCMNodeInfo (SCMNodeInfo.java:getPort(197)) - ConfigKey ozone.scm.security.service.address is deprecated, For configuring different ports for each SCM use PortConfigKey ozone.scm.security.service.port appended with serviceId and nodeId
2025-07-02 18:51:46,268 [scmNode-2-SCMInstallSnapshot-0] INFO  ha.SCMNodeInfo (SCMNodeInfo.java:getPort(197)) - ConfigKey ozone.scm.datanode.address is deprecated, For configuring different ports for each SCM use PortConfigKey ozone.scm.datanode.port appended with serviceId and nodeId
2025-07-02 18:51:46,269 [scmNode-2-SCMInstallSnapshot-0] INFO  proxy.SingleSecretKeyProtocolProxyProvider (SCMFailoverProxyProviderBase.java:<init>(120)) - Created fail-over proxy for protocol SecretKeyProtocolScmPB with 3 nodes: [nodeId=scmNode-2,nodeAddress=/127.0.0.1:15010, nodeId=scmNode-3,nodeAddress=/127.0.0.1:15018, nodeId=scmNode-1,nodeAddress=/127.0.0.1:15002]
2025-07-02 18:51:46,271 [grpc-default-executor-1] INFO  impl.SnapshotInstallationHandler (SnapshotInstallationHandler.java:lambda$installSnapshot$1(113)) - 4680a024-3a59-4e75-8ac7-1755b08d3543@group-F629F00B5E08: reply installSnapshot: 0570d27e-7557-449b-949c-3e7f7fc57b05<-4680a024-3a59-4e75-8ac7-1755b08d3543#0:FAIL-t0,IN_PROGRESS,snapshotIndex=0 
2025-07-02 18:51:46,276 [grpc-default-executor-0] INFO  server.GrpcLogAppender (GrpcLogAppender.java:onNext(663)) - 0570d27e-7557-449b-949c-3e7f7fc57b05@group-F629F00B5E08->4680a024-3a59-4e75-8ac7-1755b08d3543-InstallSnapshotResponseHandler: received the first reply 0570d27e-7557-449b-949c-3e7f7fc57b05<-4680a024-3a59-4e75-8ac7-1755b08d3543#0:FAIL-t0,IN_PROGRESS,snapshotIndex=0
2025-07-02 18:51:46,278 [grpc-default-executor-1] INFO  server.GrpcServerProtocolService (GrpcServerProtocolService.java:lambda$onCompleted$6(171)) - 4680a024-3a59-4e75-8ac7-1755b08d3543: Completed INSTALL_SNAPSHOT, lastRequest: 0570d27e-7557-449b-949c-3e7f7fc57b05->4680a024-3a59-4e75-8ac7-1755b08d3543#0-t2,notify:(t:1, i:0) 
2025-07-02 18:51:46,280 [grpc-default-executor-0] INFO  server.GrpcLogAppender (GrpcLogAppender.java:onNext(679)) - 0570d27e-7557-449b-949c-3e7f7fc57b05@group-F629F00B5E08->4680a024-3a59-4e75-8ac7-1755b08d3543-InstallSnapshotResponseHandler: InstallSnapshot in progress.
2025-07-02 18:51:46,280 [grpc-default-executor-1] INFO  server.GrpcServerProtocolService (GrpcServerProtocolService.java:lambda$null$7(175)) - 4680a024-3a59-4e75-8ac7-1755b08d3543: Completed INSTALL_SNAPSHOT, lastReply: null 
2025-07-02 18:51:46,299 [Socket Reader #1 for port 15002] INFO  ipc.Server (Server.java:saslProcess(2290)) - Auth successful for scm/localhost@EXAMPLE.COM (auth:KERBEROS) from 127.0.0.1:43901
2025-07-02 18:51:46,299 [grpc-default-executor-0] INFO  server.RaftServer$Division (RaftServerImpl.java:checkInconsistentAppendEntries(1651)) - 4680a024-3a59-4e75-8ac7-1755b08d3543@group-F629F00B5E08: Failed appendEntries as snapshot (0) installation is in progress
2025-07-02 18:51:46,301 [0570d27e-7557-449b-949c-3e7f7fc57b05@group-F629F00B5E08->4680a024-3a59-4e75-8ac7-1755b08d3543-GrpcLogAppender-LogAppenderDaemon] INFO  server.GrpcLogAppender (GrpcLogAppender.java:notifyInstallSnapshot(799)) - 0570d27e-7557-449b-949c-3e7f7fc57b05@group-F629F00B5E08->4680a024-3a59-4e75-8ac7-1755b08d3543-GrpcLogAppender: notifyInstallSnapshot with firstAvailable=(t:1, i:0), followerNextIndex=0
2025-07-02 18:51:46,301 [0570d27e-7557-449b-949c-3e7f7fc57b05@group-F629F00B5E08->4680a024-3a59-4e75-8ac7-1755b08d3543-GrpcLogAppender-LogAppenderDaemon] INFO  server.GrpcLogAppender (GrpcLogAppender.java:notifyInstallSnapshot(807)) - 0570d27e-7557-449b-949c-3e7f7fc57b05@group-F629F00B5E08->4680a024-3a59-4e75-8ac7-1755b08d3543-GrpcLogAppender: send 0570d27e-7557-449b-949c-3e7f7fc57b05->4680a024-3a59-4e75-8ac7-1755b08d3543#0-t2,notify:(t:1, i:0)
2025-07-02 18:51:46,301 [grpc-default-executor-0] INFO  server.RaftServer$Division (RaftServerImpl.java:appendEntriesAsync(1594)) - 4680a024-3a59-4e75-8ac7-1755b08d3543@group-F629F00B5E08: appendEntries* reply 0570d27e-7557-449b-949c-3e7f7fc57b05<-4680a024-3a59-4e75-8ac7-1755b08d3543#0:FAIL-t2,INCONSISTENCY,nextIndex=0,followerCommit=-1,matchIndex=-1
2025-07-02 18:51:46,305 [grpc-default-executor-3] INFO  impl.SnapshotInstallationHandler (SnapshotInstallationHandler.java:installSnapshotImpl(147)) - 4680a024-3a59-4e75-8ac7-1755b08d3543@group-F629F00B5E08: set new configuration index: 1
configurationEntry {
  peers {
    id: "0570d27e-7557-449b-949c-3e7f7fc57b05"
    address: "localhost:15003"
    startupRole: FOLLOWER
  }
}
 from snapshot
2025-07-02 18:51:46,305 [grpc-default-executor-3] INFO  server.RaftServer$Division (ServerState.java:setRaftConf(386)) - 4680a024-3a59-4e75-8ac7-1755b08d3543@group-F629F00B5E08: set configuration conf: {index: 1, cur=peers:[0570d27e-7557-449b-949c-3e7f7fc57b05|localhost:15003]|listeners:[], old=null}
2025-07-02 18:51:46,310 [grpc-default-executor-1] INFO  server.GrpcLogAppender (GrpcLogAppender.java:onNext(663)) - 0570d27e-7557-449b-949c-3e7f7fc57b05@group-F629F00B5E08->4680a024-3a59-4e75-8ac7-1755b08d3543-InstallSnapshotResponseHandler: received a reply 0570d27e-7557-449b-949c-3e7f7fc57b05<-4680a024-3a59-4e75-8ac7-1755b08d3543#0:FAIL-t2,IN_PROGRESS,snapshotIndex=0
2025-07-02 18:51:46,310 [grpc-default-executor-1] INFO  server.GrpcLogAppender (GrpcLogAppender.java:onNext(679)) - 0570d27e-7557-449b-949c-3e7f7fc57b05@group-F629F00B5E08->4680a024-3a59-4e75-8ac7-1755b08d3543-InstallSnapshotResponseHandler: InstallSnapshot in progress.
2025-07-02 18:51:46,310 [grpc-default-executor-0] WARN  server.GrpcLogAppender (GrpcLogAppender.java:lambda$onNextImpl$0(527)) - 0570d27e-7557-449b-949c-3e7f7fc57b05@group-F629F00B5E08->4680a024-3a59-4e75-8ac7-1755b08d3543-AppendLogResponseHandler: received INCONSISTENCY reply with nextIndex 0, errorCount=1, request=AppendEntriesRequest:cid=0,entriesCount=0 
2025-07-02 18:51:46,313 [0570d27e-7557-449b-949c-3e7f7fc57b05@group-F629F00B5E08->4680a024-3a59-4e75-8ac7-1755b08d3543-GrpcLogAppender-LogAppenderDaemon] INFO  server.GrpcLogAppender (GrpcLogAppender.java:notifyInstallSnapshot(799)) - 0570d27e-7557-449b-949c-3e7f7fc57b05@group-F629F00B5E08->4680a024-3a59-4e75-8ac7-1755b08d3543-GrpcLogAppender: notifyInstallSnapshot with firstAvailable=(t:1, i:0), followerNextIndex=0
2025-07-02 18:51:46,313 [0570d27e-7557-449b-949c-3e7f7fc57b05@group-F629F00B5E08->4680a024-3a59-4e75-8ac7-1755b08d3543-GrpcLogAppender-LogAppenderDaemon] INFO  server.GrpcLogAppender (GrpcLogAppender.java:notifyInstallSnapshot(807)) - 0570d27e-7557-449b-949c-3e7f7fc57b05@group-F629F00B5E08->4680a024-3a59-4e75-8ac7-1755b08d3543-GrpcLogAppender: send 0570d27e-7557-449b-949c-3e7f7fc57b05->4680a024-3a59-4e75-8ac7-1755b08d3543#0-t2,notify:(t:1, i:0)
2025-07-02 18:51:46,313 [grpc-default-executor-3] INFO  server.RaftServer$Division (RaftServerImpl.java:checkInconsistentAppendEntries(1651)) - 4680a024-3a59-4e75-8ac7-1755b08d3543@group-F629F00B5E08: Failed appendEntries as snapshot (0) installation is in progress
2025-07-02 18:51:46,313 [grpc-default-executor-3] INFO  server.RaftServer$Division (RaftServerImpl.java:appendEntriesAsync(1594)) - 4680a024-3a59-4e75-8ac7-1755b08d3543@group-F629F00B5E08: appendEntries* reply 0570d27e-7557-449b-949c-3e7f7fc57b05<-4680a024-3a59-4e75-8ac7-1755b08d3543#1:FAIL-t2,INCONSISTENCY,nextIndex=0,followerCommit=-1,matchIndex=-1
2025-07-02 18:51:46,316 [grpc-default-executor-0] INFO  impl.SnapshotInstallationHandler (SnapshotInstallationHandler.java:installSnapshotImpl(147)) - 4680a024-3a59-4e75-8ac7-1755b08d3543@group-F629F00B5E08: set new configuration index: 1
configurationEntry {
  peers {
    id: "0570d27e-7557-449b-949c-3e7f7fc57b05"
    address: "localhost:15003"
    startupRole: FOLLOWER
  }
}
 from snapshot
2025-07-02 18:51:46,316 [grpc-default-executor-0] INFO  server.RaftServer$Division (ServerState.java:setRaftConf(386)) - 4680a024-3a59-4e75-8ac7-1755b08d3543@group-F629F00B5E08: set configuration conf: {index: 1, cur=peers:[0570d27e-7557-449b-949c-3e7f7fc57b05|localhost:15003]|listeners:[], old=null}
2025-07-02 18:51:46,320 [grpc-default-executor-0] INFO  server.GrpcLogAppender (GrpcLogAppender.java:onNext(663)) - 0570d27e-7557-449b-949c-3e7f7fc57b05@group-F629F00B5E08->4680a024-3a59-4e75-8ac7-1755b08d3543-InstallSnapshotResponseHandler: received a reply 0570d27e-7557-449b-949c-3e7f7fc57b05<-4680a024-3a59-4e75-8ac7-1755b08d3543#0:FAIL-t2,IN_PROGRESS,snapshotIndex=0
2025-07-02 18:51:46,320 [grpc-default-executor-0] INFO  server.GrpcLogAppender (GrpcLogAppender.java:onNext(679)) - 0570d27e-7557-449b-949c-3e7f7fc57b05@group-F629F00B5E08->4680a024-3a59-4e75-8ac7-1755b08d3543-InstallSnapshotResponseHandler: InstallSnapshot in progress.
2025-07-02 18:51:46,321 [0570d27e-7557-449b-949c-3e7f7fc57b05@group-F629F00B5E08->4680a024-3a59-4e75-8ac7-1755b08d3543-GrpcLogAppender-LogAppenderDaemon] INFO  server.GrpcLogAppender (GrpcLogAppender.java:notifyInstallSnapshot(799)) - 0570d27e-7557-449b-949c-3e7f7fc57b05@group-F629F00B5E08->4680a024-3a59-4e75-8ac7-1755b08d3543-GrpcLogAppender: notifyInstallSnapshot with firstAvailable=(t:1, i:0), followerNextIndex=0
2025-07-02 18:51:46,321 [0570d27e-7557-449b-949c-3e7f7fc57b05@group-F629F00B5E08->4680a024-3a59-4e75-8ac7-1755b08d3543-GrpcLogAppender-LogAppenderDaemon] INFO  server.GrpcLogAppender (GrpcLogAppender.java:notifyInstallSnapshot(807)) - 0570d27e-7557-449b-949c-3e7f7fc57b05@group-F629F00B5E08->4680a024-3a59-4e75-8ac7-1755b08d3543-GrpcLogAppender: send 0570d27e-7557-449b-949c-3e7f7fc57b05->4680a024-3a59-4e75-8ac7-1755b08d3543#0-t2,notify:(t:1, i:0)
2025-07-02 18:51:46,323 [grpc-default-executor-0] INFO  server.RaftServer$Division (RaftServerImpl.java:checkInconsistentAppendEntries(1651)) - 4680a024-3a59-4e75-8ac7-1755b08d3543@group-F629F00B5E08: Failed appendEntries as snapshot (0) installation is in progress
2025-07-02 18:51:46,324 [grpc-default-executor-0] INFO  server.RaftServer$Division (RaftServerImpl.java:appendEntriesAsync(1594)) - 4680a024-3a59-4e75-8ac7-1755b08d3543@group-F629F00B5E08: appendEntries* reply 0570d27e-7557-449b-949c-3e7f7fc57b05<-4680a024-3a59-4e75-8ac7-1755b08d3543#2:FAIL-t2,INCONSISTENCY,nextIndex=0,followerCommit=-1,matchIndex=-1
2025-07-02 18:51:46,326 [grpc-default-executor-3] INFO  impl.SnapshotInstallationHandler (SnapshotInstallationHandler.java:installSnapshotImpl(147)) - 4680a024-3a59-4e75-8ac7-1755b08d3543@group-F629F00B5E08: set new configuration index: 1
configurationEntry {
  peers {
    id: "0570d27e-7557-449b-949c-3e7f7fc57b05"
    address: "localhost:15003"
    startupRole: FOLLOWER
  }
}
 from snapshot
2025-07-02 18:51:46,326 [grpc-default-executor-3] INFO  server.RaftServer$Division (ServerState.java:setRaftConf(386)) - 4680a024-3a59-4e75-8ac7-1755b08d3543@group-F629F00B5E08: set configuration conf: {index: 1, cur=peers:[0570d27e-7557-449b-949c-3e7f7fc57b05|localhost:15003]|listeners:[], old=null}
2025-07-02 18:51:46,332 [grpc-default-executor-3] INFO  server.GrpcLogAppender (GrpcLogAppender.java:onNext(663)) - 0570d27e-7557-449b-949c-3e7f7fc57b05@group-F629F00B5E08->4680a024-3a59-4e75-8ac7-1755b08d3543-InstallSnapshotResponseHandler: received a reply 0570d27e-7557-449b-949c-3e7f7fc57b05<-4680a024-3a59-4e75-8ac7-1755b08d3543#0:FAIL-t2,IN_PROGRESS,snapshotIndex=0
2025-07-02 18:51:46,332 [grpc-default-executor-3] INFO  server.GrpcLogAppender (GrpcLogAppender.java:onNext(679)) - 0570d27e-7557-449b-949c-3e7f7fc57b05@group-F629F00B5E08->4680a024-3a59-4e75-8ac7-1755b08d3543-InstallSnapshotResponseHandler: InstallSnapshot in progress.
2025-07-02 18:51:46,334 [grpc-default-executor-3] INFO  server.RaftServer$Division (RaftServerImpl.java:checkInconsistentAppendEntries(1651)) - 4680a024-3a59-4e75-8ac7-1755b08d3543@group-F629F00B5E08: Failed appendEntries as snapshot (0) installation is in progress
2025-07-02 18:51:46,334 [grpc-default-executor-3] INFO  server.RaftServer$Division (RaftServerImpl.java:appendEntriesAsync(1594)) - 4680a024-3a59-4e75-8ac7-1755b08d3543@group-F629F00B5E08: appendEntries* reply 0570d27e-7557-449b-949c-3e7f7fc57b05<-4680a024-3a59-4e75-8ac7-1755b08d3543#3:FAIL-t2,INCONSISTENCY,nextIndex=0,followerCommit=-1,matchIndex=-1
2025-07-02 18:51:46,336 [scmNode-2-SCMInstallSnapshot-0] INFO  ha.SCMStateMachine (SCMStateMachine.java:lambda$notifyInstallSnapshotFromLeader$2(258)) - Got secret keys from leaders [SecretKey(id = 45b1e288-be58-412a-8e87-841ece61fad4, creation at: 2025-07-02T18:51:41.729Z, expire at: 2025-07-02T19:00:01.729Z)]
2025-07-02 18:51:46,337 [0570d27e-7557-449b-949c-3e7f7fc57b05@group-F629F00B5E08->4680a024-3a59-4e75-8ac7-1755b08d3543-GrpcLogAppender-LogAppenderDaemon] INFO  server.GrpcLogAppender (GrpcLogAppender.java:notifyInstallSnapshot(799)) - 0570d27e-7557-449b-949c-3e7f7fc57b05@group-F629F00B5E08->4680a024-3a59-4e75-8ac7-1755b08d3543-GrpcLogAppender: notifyInstallSnapshot with firstAvailable=(t:1, i:0), followerNextIndex=0
2025-07-02 18:51:46,337 [0570d27e-7557-449b-949c-3e7f7fc57b05@group-F629F00B5E08->4680a024-3a59-4e75-8ac7-1755b08d3543-GrpcLogAppender-LogAppenderDaemon] INFO  server.GrpcLogAppender (GrpcLogAppender.java:notifyInstallSnapshot(807)) - 0570d27e-7557-449b-949c-3e7f7fc57b05@group-F629F00B5E08->4680a024-3a59-4e75-8ac7-1755b08d3543-GrpcLogAppender: send 0570d27e-7557-449b-949c-3e7f7fc57b05->4680a024-3a59-4e75-8ac7-1755b08d3543#0-t2,notify:(t:1, i:0)
2025-07-02 18:51:46,341 [grpc-default-executor-3] INFO  impl.SnapshotInstallationHandler (SnapshotInstallationHandler.java:installSnapshotImpl(147)) - 4680a024-3a59-4e75-8ac7-1755b08d3543@group-F629F00B5E08: set new configuration index: 1
configurationEntry {
  peers {
    id: "0570d27e-7557-449b-949c-3e7f7fc57b05"
    address: "localhost:15003"
    startupRole: FOLLOWER
  }
}
 from snapshot
2025-07-02 18:51:46,341 [grpc-default-executor-3] INFO  server.RaftServer$Division (ServerState.java:setRaftConf(386)) - 4680a024-3a59-4e75-8ac7-1755b08d3543@group-F629F00B5E08: set configuration conf: {index: 1, cur=peers:[0570d27e-7557-449b-949c-3e7f7fc57b05|localhost:15003]|listeners:[], old=null}
2025-07-02 18:51:46,344 [grpc-default-executor-0] INFO  server.GrpcLogAppender (GrpcLogAppender.java:onNext(663)) - 0570d27e-7557-449b-949c-3e7f7fc57b05@group-F629F00B5E08->4680a024-3a59-4e75-8ac7-1755b08d3543-InstallSnapshotResponseHandler: received a reply 0570d27e-7557-449b-949c-3e7f7fc57b05<-4680a024-3a59-4e75-8ac7-1755b08d3543#0:FAIL-t2,IN_PROGRESS,snapshotIndex=0
2025-07-02 18:51:46,344 [grpc-default-executor-0] INFO  server.GrpcLogAppender (GrpcLogAppender.java:onNext(679)) - 0570d27e-7557-449b-949c-3e7f7fc57b05@group-F629F00B5E08->4680a024-3a59-4e75-8ac7-1755b08d3543-InstallSnapshotResponseHandler: InstallSnapshot in progress.
2025-07-02 18:51:46,347 [grpc-default-executor-3] INFO  server.RaftServer$Division (RaftServerImpl.java:checkInconsistentAppendEntries(1651)) - 4680a024-3a59-4e75-8ac7-1755b08d3543@group-F629F00B5E08: Failed appendEntries as snapshot (0) installation is in progress
2025-07-02 18:51:46,347 [grpc-default-executor-3] INFO  server.RaftServer$Division (RaftServerImpl.java:appendEntriesAsync(1594)) - 4680a024-3a59-4e75-8ac7-1755b08d3543@group-F629F00B5E08: appendEntries* reply 0570d27e-7557-449b-949c-3e7f7fc57b05<-4680a024-3a59-4e75-8ac7-1755b08d3543#4:FAIL-t2,INCONSISTENCY,nextIndex=0,followerCommit=-1,matchIndex=-1
2025-07-02 18:51:46,347 [0570d27e-7557-449b-949c-3e7f7fc57b05@group-F629F00B5E08->4680a024-3a59-4e75-8ac7-1755b08d3543-GrpcLogAppender-LogAppenderDaemon] INFO  server.GrpcLogAppender (GrpcLogAppender.java:notifyInstallSnapshot(799)) - 0570d27e-7557-449b-949c-3e7f7fc57b05@group-F629F00B5E08->4680a024-3a59-4e75-8ac7-1755b08d3543-GrpcLogAppender: notifyInstallSnapshot with firstAvailable=(t:1, i:0), followerNextIndex=0
2025-07-02 18:51:46,347 [0570d27e-7557-449b-949c-3e7f7fc57b05@group-F629F00B5E08->4680a024-3a59-4e75-8ac7-1755b08d3543-GrpcLogAppender-LogAppenderDaemon] INFO  server.GrpcLogAppender (GrpcLogAppender.java:notifyInstallSnapshot(807)) - 0570d27e-7557-449b-949c-3e7f7fc57b05@group-F629F00B5E08->4680a024-3a59-4e75-8ac7-1755b08d3543-GrpcLogAppender: send 0570d27e-7557-449b-949c-3e7f7fc57b05->4680a024-3a59-4e75-8ac7-1755b08d3543#0-t2,notify:(t:1, i:0)
2025-07-02 18:51:46,350 [grpc-default-executor-0] INFO  impl.SnapshotInstallationHandler (SnapshotInstallationHandler.java:installSnapshotImpl(147)) - 4680a024-3a59-4e75-8ac7-1755b08d3543@group-F629F00B5E08: set new configuration index: 1
configurationEntry {
  peers {
    id: "0570d27e-7557-449b-949c-3e7f7fc57b05"
    address: "localhost:15003"
    startupRole: FOLLOWER
  }
}
 from snapshot
2025-07-02 18:51:46,351 [grpc-default-executor-0] INFO  server.RaftServer$Division (ServerState.java:setRaftConf(386)) - 4680a024-3a59-4e75-8ac7-1755b08d3543@group-F629F00B5E08: set configuration conf: {index: 1, cur=peers:[0570d27e-7557-449b-949c-3e7f7fc57b05|localhost:15003]|listeners:[], old=null}
2025-07-02 18:51:46,354 [grpc-default-executor-3] INFO  server.GrpcLogAppender (GrpcLogAppender.java:onNext(663)) - 0570d27e-7557-449b-949c-3e7f7fc57b05@group-F629F00B5E08->4680a024-3a59-4e75-8ac7-1755b08d3543-InstallSnapshotResponseHandler: received a reply 0570d27e-7557-449b-949c-3e7f7fc57b05<-4680a024-3a59-4e75-8ac7-1755b08d3543#0:FAIL-t2,IN_PROGRESS,snapshotIndex=0
2025-07-02 18:51:46,354 [grpc-default-executor-3] INFO  server.GrpcLogAppender (GrpcLogAppender.java:onNext(679)) - 0570d27e-7557-449b-949c-3e7f7fc57b05@group-F629F00B5E08->4680a024-3a59-4e75-8ac7-1755b08d3543-InstallSnapshotResponseHandler: InstallSnapshot in progress.
2025-07-02 18:51:46,355 [grpc-default-executor-0] INFO  server.RaftServer$Division (RaftServerImpl.java:checkInconsistentAppendEntries(1651)) - 4680a024-3a59-4e75-8ac7-1755b08d3543@group-F629F00B5E08: Failed appendEntries as snapshot (0) installation is in progress
2025-07-02 18:51:46,355 [grpc-default-executor-0] INFO  server.RaftServer$Division (RaftServerImpl.java:appendEntriesAsync(1594)) - 4680a024-3a59-4e75-8ac7-1755b08d3543@group-F629F00B5E08: appendEntries* reply 0570d27e-7557-449b-949c-3e7f7fc57b05<-4680a024-3a59-4e75-8ac7-1755b08d3543#5:FAIL-t2,INCONSISTENCY,nextIndex=0,followerCommit=-1,matchIndex=-1
2025-07-02 18:51:46,356 [0570d27e-7557-449b-949c-3e7f7fc57b05@group-F629F00B5E08->4680a024-3a59-4e75-8ac7-1755b08d3543-GrpcLogAppender-LogAppenderDaemon] INFO  server.GrpcLogAppender (GrpcLogAppender.java:notifyInstallSnapshot(799)) - 0570d27e-7557-449b-949c-3e7f7fc57b05@group-F629F00B5E08->4680a024-3a59-4e75-8ac7-1755b08d3543-GrpcLogAppender: notifyInstallSnapshot with firstAvailable=(t:1, i:0), followerNextIndex=0
2025-07-02 18:51:46,356 [0570d27e-7557-449b-949c-3e7f7fc57b05@group-F629F00B5E08->4680a024-3a59-4e75-8ac7-1755b08d3543-GrpcLogAppender-LogAppenderDaemon] INFO  server.GrpcLogAppender (GrpcLogAppender.java:notifyInstallSnapshot(807)) - 0570d27e-7557-449b-949c-3e7f7fc57b05@group-F629F00B5E08->4680a024-3a59-4e75-8ac7-1755b08d3543-GrpcLogAppender: send 0570d27e-7557-449b-949c-3e7f7fc57b05->4680a024-3a59-4e75-8ac7-1755b08d3543#0-t2,notify:(t:1, i:0)
2025-07-02 18:51:46,359 [grpc-default-executor-0] INFO  impl.SnapshotInstallationHandler (SnapshotInstallationHandler.java:installSnapshotImpl(147)) - 4680a024-3a59-4e75-8ac7-1755b08d3543@group-F629F00B5E08: set new configuration index: 1
configurationEntry {
  peers {
    id: "0570d27e-7557-449b-949c-3e7f7fc57b05"
    address: "localhost:15003"
    startupRole: FOLLOWER
  }
}
 from snapshot
2025-07-02 18:51:46,360 [grpc-default-executor-0] INFO  server.RaftServer$Division (ServerState.java:setRaftConf(386)) - 4680a024-3a59-4e75-8ac7-1755b08d3543@group-F629F00B5E08: set configuration conf: {index: 1, cur=peers:[0570d27e-7557-449b-949c-3e7f7fc57b05|localhost:15003]|listeners:[], old=null}
2025-07-02 18:51:46,363 [grpc-default-executor-0] INFO  server.GrpcLogAppender (GrpcLogAppender.java:onNext(663)) - 0570d27e-7557-449b-949c-3e7f7fc57b05@group-F629F00B5E08->4680a024-3a59-4e75-8ac7-1755b08d3543-InstallSnapshotResponseHandler: received a reply 0570d27e-7557-449b-949c-3e7f7fc57b05<-4680a024-3a59-4e75-8ac7-1755b08d3543#0:FAIL-t2,IN_PROGRESS,snapshotIndex=0
2025-07-02 18:51:46,363 [grpc-default-executor-0] INFO  server.GrpcLogAppender (GrpcLogAppender.java:onNext(679)) - 0570d27e-7557-449b-949c-3e7f7fc57b05@group-F629F00B5E08->4680a024-3a59-4e75-8ac7-1755b08d3543-InstallSnapshotResponseHandler: InstallSnapshot in progress.
2025-07-02 18:51:46,364 [0570d27e-7557-449b-949c-3e7f7fc57b05@group-F629F00B5E08->4680a024-3a59-4e75-8ac7-1755b08d3543-GrpcLogAppender-LogAppenderDaemon] INFO  server.GrpcLogAppender (GrpcLogAppender.java:notifyInstallSnapshot(799)) - 0570d27e-7557-449b-949c-3e7f7fc57b05@group-F629F00B5E08->4680a024-3a59-4e75-8ac7-1755b08d3543-GrpcLogAppender: notifyInstallSnapshot with firstAvailable=(t:1, i:0), followerNextIndex=0
2025-07-02 18:51:46,365 [0570d27e-7557-449b-949c-3e7f7fc57b05@group-F629F00B5E08->4680a024-3a59-4e75-8ac7-1755b08d3543-GrpcLogAppender-LogAppenderDaemon] INFO  server.GrpcLogAppender (GrpcLogAppender.java:notifyInstallSnapshot(807)) - 0570d27e-7557-449b-949c-3e7f7fc57b05@group-F629F00B5E08->4680a024-3a59-4e75-8ac7-1755b08d3543-GrpcLogAppender: send 0570d27e-7557-449b-949c-3e7f7fc57b05->4680a024-3a59-4e75-8ac7-1755b08d3543#0-t2,notify:(t:1, i:0)
2025-07-02 18:51:46,366 [grpc-default-executor-0] INFO  server.RaftServer$Division (RaftServerImpl.java:checkInconsistentAppendEntries(1651)) - 4680a024-3a59-4e75-8ac7-1755b08d3543@group-F629F00B5E08: Failed appendEntries as snapshot (0) installation is in progress
2025-07-02 18:51:46,366 [grpc-default-executor-0] INFO  server.RaftServer$Division (RaftServerImpl.java:appendEntriesAsync(1594)) - 4680a024-3a59-4e75-8ac7-1755b08d3543@group-F629F00B5E08: appendEntries* reply 0570d27e-7557-449b-949c-3e7f7fc57b05<-4680a024-3a59-4e75-8ac7-1755b08d3543#6:FAIL-t2,INCONSISTENCY,nextIndex=0,followerCommit=-1,matchIndex=-1
2025-07-02 18:51:46,368 [grpc-default-executor-0] INFO  impl.SnapshotInstallationHandler (SnapshotInstallationHandler.java:installSnapshotImpl(147)) - 4680a024-3a59-4e75-8ac7-1755b08d3543@group-F629F00B5E08: set new configuration index: 1
configurationEntry {
  peers {
    id: "0570d27e-7557-449b-949c-3e7f7fc57b05"
    address: "localhost:15003"
    startupRole: FOLLOWER
  }
}
 from snapshot
2025-07-02 18:51:46,369 [grpc-default-executor-0] INFO  server.RaftServer$Division (ServerState.java:setRaftConf(386)) - 4680a024-3a59-4e75-8ac7-1755b08d3543@group-F629F00B5E08: set configuration conf: {index: 1, cur=peers:[0570d27e-7557-449b-949c-3e7f7fc57b05|localhost:15003]|listeners:[], old=null}
2025-07-02 18:51:46,371 [grpc-default-executor-0] INFO  server.GrpcLogAppender (GrpcLogAppender.java:onNext(663)) - 0570d27e-7557-449b-949c-3e7f7fc57b05@group-F629F00B5E08->4680a024-3a59-4e75-8ac7-1755b08d3543-InstallSnapshotResponseHandler: received a reply 0570d27e-7557-449b-949c-3e7f7fc57b05<-4680a024-3a59-4e75-8ac7-1755b08d3543#0:FAIL-t2,IN_PROGRESS,snapshotIndex=0
2025-07-02 18:51:46,371 [grpc-default-executor-0] INFO  server.GrpcLogAppender (GrpcLogAppender.java:onNext(679)) - 0570d27e-7557-449b-949c-3e7f7fc57b05@group-F629F00B5E08->4680a024-3a59-4e75-8ac7-1755b08d3543-InstallSnapshotResponseHandler: InstallSnapshot in progress.
2025-07-02 18:51:46,372 [0570d27e-7557-449b-949c-3e7f7fc57b05@group-F629F00B5E08->4680a024-3a59-4e75-8ac7-1755b08d3543-GrpcLogAppender-LogAppenderDaemon] INFO  server.GrpcLogAppender (GrpcLogAppender.java:notifyInstallSnapshot(799)) - 0570d27e-7557-449b-949c-3e7f7fc57b05@group-F629F00B5E08->4680a024-3a59-4e75-8ac7-1755b08d3543-GrpcLogAppender: notifyInstallSnapshot with firstAvailable=(t:1, i:0), followerNextIndex=0
2025-07-02 18:51:46,372 [grpc-default-executor-3] INFO  server.RaftServer$Division (RaftServerImpl.java:checkInconsistentAppendEntries(1651)) - 4680a024-3a59-4e75-8ac7-1755b08d3543@group-F629F00B5E08: Failed appendEntries as snapshot (0) installation is in progress
2025-07-02 18:51:46,372 [0570d27e-7557-449b-949c-3e7f7fc57b05@group-F629F00B5E08->4680a024-3a59-4e75-8ac7-1755b08d3543-GrpcLogAppender-LogAppenderDaemon] INFO  server.GrpcLogAppender (GrpcLogAppender.java:notifyInstallSnapshot(807)) - 0570d27e-7557-449b-949c-3e7f7fc57b05@group-F629F00B5E08->4680a024-3a59-4e75-8ac7-1755b08d3543-GrpcLogAppender: send 0570d27e-7557-449b-949c-3e7f7fc57b05->4680a024-3a59-4e75-8ac7-1755b08d3543#0-t2,notify:(t:1, i:0)
2025-07-02 18:51:46,372 [grpc-default-executor-3] INFO  server.RaftServer$Division (RaftServerImpl.java:appendEntriesAsync(1594)) - 4680a024-3a59-4e75-8ac7-1755b08d3543@group-F629F00B5E08: appendEntries* reply 0570d27e-7557-449b-949c-3e7f7fc57b05<-4680a024-3a59-4e75-8ac7-1755b08d3543#7:FAIL-t2,INCONSISTENCY,nextIndex=0,followerCommit=-1,matchIndex=-1
2025-07-02 18:51:46,375 [grpc-default-executor-3] INFO  impl.SnapshotInstallationHandler (SnapshotInstallationHandler.java:installSnapshotImpl(147)) - 4680a024-3a59-4e75-8ac7-1755b08d3543@group-F629F00B5E08: set new configuration index: 1
configurationEntry {
  peers {
    id: "0570d27e-7557-449b-949c-3e7f7fc57b05"
    address: "localhost:15003"
    startupRole: FOLLOWER
  }
}
 from snapshot
2025-07-02 18:51:46,375 [grpc-default-executor-3] INFO  server.RaftServer$Division (ServerState.java:setRaftConf(386)) - 4680a024-3a59-4e75-8ac7-1755b08d3543@group-F629F00B5E08: set configuration conf: {index: 1, cur=peers:[0570d27e-7557-449b-949c-3e7f7fc57b05|localhost:15003]|listeners:[], old=null}
2025-07-02 18:51:46,378 [grpc-default-executor-3] INFO  server.GrpcLogAppender (GrpcLogAppender.java:onNext(663)) - 0570d27e-7557-449b-949c-3e7f7fc57b05@group-F629F00B5E08->4680a024-3a59-4e75-8ac7-1755b08d3543-InstallSnapshotResponseHandler: received a reply 0570d27e-7557-449b-949c-3e7f7fc57b05<-4680a024-3a59-4e75-8ac7-1755b08d3543#0:FAIL-t2,IN_PROGRESS,snapshotIndex=0
2025-07-02 18:51:46,378 [grpc-default-executor-3] INFO  server.GrpcLogAppender (GrpcLogAppender.java:onNext(679)) - 0570d27e-7557-449b-949c-3e7f7fc57b05@group-F629F00B5E08->4680a024-3a59-4e75-8ac7-1755b08d3543-InstallSnapshotResponseHandler: InstallSnapshot in progress.
2025-07-02 18:51:46,380 [grpc-default-executor-3] INFO  server.RaftServer$Division (RaftServerImpl.java:checkInconsistentAppendEntries(1651)) - 4680a024-3a59-4e75-8ac7-1755b08d3543@group-F629F00B5E08: Failed appendEntries as snapshot (0) installation is in progress
2025-07-02 18:51:46,380 [grpc-default-executor-3] INFO  server.RaftServer$Division (RaftServerImpl.java:appendEntriesAsync(1594)) - 4680a024-3a59-4e75-8ac7-1755b08d3543@group-F629F00B5E08: appendEntries* reply 0570d27e-7557-449b-949c-3e7f7fc57b05<-4680a024-3a59-4e75-8ac7-1755b08d3543#8:FAIL-t2,INCONSISTENCY,nextIndex=0,followerCommit=-1,matchIndex=-1
2025-07-02 18:51:46,381 [0570d27e-7557-449b-949c-3e7f7fc57b05@group-F629F00B5E08->4680a024-3a59-4e75-8ac7-1755b08d3543-GrpcLogAppender-LogAppenderDaemon] INFO  server.GrpcLogAppender (GrpcLogAppender.java:notifyInstallSnapshot(799)) - 0570d27e-7557-449b-949c-3e7f7fc57b05@group-F629F00B5E08->4680a024-3a59-4e75-8ac7-1755b08d3543-GrpcLogAppender: notifyInstallSnapshot with firstAvailable=(t:1, i:0), followerNextIndex=0
2025-07-02 18:51:46,381 [0570d27e-7557-449b-949c-3e7f7fc57b05@group-F629F00B5E08->4680a024-3a59-4e75-8ac7-1755b08d3543-GrpcLogAppender-LogAppenderDaemon] INFO  server.GrpcLogAppender (GrpcLogAppender.java:notifyInstallSnapshot(807)) - 0570d27e-7557-449b-949c-3e7f7fc57b05@group-F629F00B5E08->4680a024-3a59-4e75-8ac7-1755b08d3543-GrpcLogAppender: send 0570d27e-7557-449b-949c-3e7f7fc57b05->4680a024-3a59-4e75-8ac7-1755b08d3543#0-t2,notify:(t:1, i:0)
2025-07-02 18:51:46,383 [grpc-default-executor-3] INFO  impl.SnapshotInstallationHandler (SnapshotInstallationHandler.java:installSnapshotImpl(147)) - 4680a024-3a59-4e75-8ac7-1755b08d3543@group-F629F00B5E08: set new configuration index: 1
configurationEntry {
  peers {
    id: "0570d27e-7557-449b-949c-3e7f7fc57b05"
    address: "localhost:15003"
    startupRole: FOLLOWER
  }
}
 from snapshot
2025-07-02 18:51:46,384 [grpc-default-executor-3] INFO  server.RaftServer$Division (ServerState.java:setRaftConf(386)) - 4680a024-3a59-4e75-8ac7-1755b08d3543@group-F629F00B5E08: set configuration conf: {index: 1, cur=peers:[0570d27e-7557-449b-949c-3e7f7fc57b05|localhost:15003]|listeners:[], old=null}
2025-07-02 18:51:46,387 [grpc-default-executor-3] INFO  server.GrpcLogAppender (GrpcLogAppender.java:onNext(663)) - 0570d27e-7557-449b-949c-3e7f7fc57b05@group-F629F00B5E08->4680a024-3a59-4e75-8ac7-1755b08d3543-InstallSnapshotResponseHandler: received a reply 0570d27e-7557-449b-949c-3e7f7fc57b05<-4680a024-3a59-4e75-8ac7-1755b08d3543#0:FAIL-t2,IN_PROGRESS,snapshotIndex=0
2025-07-02 18:51:46,387 [grpc-default-executor-3] INFO  server.GrpcLogAppender (GrpcLogAppender.java:onNext(679)) - 0570d27e-7557-449b-949c-3e7f7fc57b05@group-F629F00B5E08->4680a024-3a59-4e75-8ac7-1755b08d3543-InstallSnapshotResponseHandler: InstallSnapshot in progress.
2025-07-02 18:51:46,388 [0570d27e-7557-449b-949c-3e7f7fc57b05@group-F629F00B5E08->4680a024-3a59-4e75-8ac7-1755b08d3543-GrpcLogAppender-LogAppenderDaemon] INFO  server.GrpcLogAppender (GrpcLogAppender.java:notifyInstallSnapshot(799)) - 0570d27e-7557-449b-949c-3e7f7fc57b05@group-F629F00B5E08->4680a024-3a59-4e75-8ac7-1755b08d3543-GrpcLogAppender: notifyInstallSnapshot with firstAvailable=(t:1, i:0), followerNextIndex=0
2025-07-02 18:51:46,388 [0570d27e-7557-449b-949c-3e7f7fc57b05@group-F629F00B5E08->4680a024-3a59-4e75-8ac7-1755b08d3543-GrpcLogAppender-LogAppenderDaemon] INFO  server.GrpcLogAppender (GrpcLogAppender.java:notifyInstallSnapshot(807)) - 0570d27e-7557-449b-949c-3e7f7fc57b05@group-F629F00B5E08->4680a024-3a59-4e75-8ac7-1755b08d3543-GrpcLogAppender: send 0570d27e-7557-449b-949c-3e7f7fc57b05->4680a024-3a59-4e75-8ac7-1755b08d3543#0-t2,notify:(t:1, i:0)
2025-07-02 18:51:46,389 [grpc-default-executor-3] INFO  server.RaftServer$Division (RaftServerImpl.java:checkInconsistentAppendEntries(1651)) - 4680a024-3a59-4e75-8ac7-1755b08d3543@group-F629F00B5E08: Failed appendEntries as snapshot (0) installation is in progress
2025-07-02 18:51:46,389 [grpc-default-executor-3] INFO  server.RaftServer$Division (RaftServerImpl.java:appendEntriesAsync(1594)) - 4680a024-3a59-4e75-8ac7-1755b08d3543@group-F629F00B5E08: appendEntries* reply 0570d27e-7557-449b-949c-3e7f7fc57b05<-4680a024-3a59-4e75-8ac7-1755b08d3543#9:FAIL-t2,INCONSISTENCY,nextIndex=0,followerCommit=-1,matchIndex=-1
2025-07-02 18:51:46,390 [grpc-default-executor-0] INFO  impl.SnapshotInstallationHandler (SnapshotInstallationHandler.java:installSnapshotImpl(147)) - 4680a024-3a59-4e75-8ac7-1755b08d3543@group-F629F00B5E08: set new configuration index: 1
configurationEntry {
  peers {
    id: "0570d27e-7557-449b-949c-3e7f7fc57b05"
    address: "localhost:15003"
    startupRole: FOLLOWER
  }
}
 from snapshot
2025-07-02 18:51:46,390 [grpc-default-executor-0] INFO  server.RaftServer$Division (ServerState.java:setRaftConf(386)) - 4680a024-3a59-4e75-8ac7-1755b08d3543@group-F629F00B5E08: set configuration conf: {index: 1, cur=peers:[0570d27e-7557-449b-949c-3e7f7fc57b05|localhost:15003]|listeners:[], old=null}
2025-07-02 18:51:46,393 [grpc-default-executor-0] INFO  server.GrpcLogAppender (GrpcLogAppender.java:onNext(663)) - 0570d27e-7557-449b-949c-3e7f7fc57b05@group-F629F00B5E08->4680a024-3a59-4e75-8ac7-1755b08d3543-InstallSnapshotResponseHandler: received a reply 0570d27e-7557-449b-949c-3e7f7fc57b05<-4680a024-3a59-4e75-8ac7-1755b08d3543#0:FAIL-t2,IN_PROGRESS,snapshotIndex=0
2025-07-02 18:51:46,393 [grpc-default-executor-0] INFO  server.GrpcLogAppender (GrpcLogAppender.java:onNext(679)) - 0570d27e-7557-449b-949c-3e7f7fc57b05@group-F629F00B5E08->4680a024-3a59-4e75-8ac7-1755b08d3543-InstallSnapshotResponseHandler: InstallSnapshot in progress.
2025-07-02 18:51:46,395 [grpc-default-executor-0] INFO  server.RaftServer$Division (RaftServerImpl.java:checkInconsistentAppendEntries(1651)) - 4680a024-3a59-4e75-8ac7-1755b08d3543@group-F629F00B5E08: Failed appendEntries as snapshot (0) installation is in progress
2025-07-02 18:51:46,395 [grpc-default-executor-0] INFO  server.RaftServer$Division (RaftServerImpl.java:appendEntriesAsync(1594)) - 4680a024-3a59-4e75-8ac7-1755b08d3543@group-F629F00B5E08: appendEntries* reply 0570d27e-7557-449b-949c-3e7f7fc57b05<-4680a024-3a59-4e75-8ac7-1755b08d3543#10:FAIL-t2,INCONSISTENCY,nextIndex=0,followerCommit=-1,matchIndex=-1
2025-07-02 18:51:46,395 [0570d27e-7557-449b-949c-3e7f7fc57b05@group-F629F00B5E08->4680a024-3a59-4e75-8ac7-1755b08d3543-GrpcLogAppender-LogAppenderDaemon] INFO  server.GrpcLogAppender (GrpcLogAppender.java:notifyInstallSnapshot(799)) - 0570d27e-7557-449b-949c-3e7f7fc57b05@group-F629F00B5E08->4680a024-3a59-4e75-8ac7-1755b08d3543-GrpcLogAppender: notifyInstallSnapshot with firstAvailable=(t:1, i:0), followerNextIndex=0
2025-07-02 18:51:46,395 [0570d27e-7557-449b-949c-3e7f7fc57b05@group-F629F00B5E08->4680a024-3a59-4e75-8ac7-1755b08d3543-GrpcLogAppender-LogAppenderDaemon] INFO  server.GrpcLogAppender (GrpcLogAppender.java:notifyInstallSnapshot(807)) - 0570d27e-7557-449b-949c-3e7f7fc57b05@group-F629F00B5E08->4680a024-3a59-4e75-8ac7-1755b08d3543-GrpcLogAppender: send 0570d27e-7557-449b-949c-3e7f7fc57b05->4680a024-3a59-4e75-8ac7-1755b08d3543#0-t2,notify:(t:1, i:0)
2025-07-02 18:51:46,396 [scmNode-2-SCMInstallSnapshot-0] INFO  ha.SCMHAManagerImpl (SCMHAManagerImpl.java:verifyCheckpointFromLeader(221)) - 4680a024-3a59-4e75-8ac7-1755b08d3543: Verify checkpoint 2#5 from leader scmNode-1
2025-07-02 18:51:46,396 [scmNode-2-SCMInstallSnapshot-0] INFO  impl.SnapshotInstallationHandler (SnapshotInstallationHandler.java:lambda$notifyStateMachineToInstallSnapshot$8(320)) - 4680a024-3a59-4e75-8ac7-1755b08d3543@group-F629F00B5E08: StateMachine successfully installed snapshot index 5. Reloading the StateMachine.
2025-07-02 18:51:46,398 [grpc-default-executor-0] INFO  ha.SCMStateMachine (SCMStateMachine.java:pause(393)) - 4680a024-3a59-4e75-8ac7-1755b08d3543: Try to pause from current LifeCycle state SCMStateMachine:4680a024-3a59-4e75-8ac7-1755b08d3543:group-F629F00B5E08:RUNNING
2025-07-02 18:51:46,398 [grpc-default-executor-0] INFO  raftlog.RaftLog (RaftLogBase.java:lambda$new$0(54)) - 4680a024-3a59-4e75-8ac7-1755b08d3543@group-F629F00B5E08-SegmentedRaftLog: snapshotIndex: updateIncreasingly -1 -> 5
2025-07-02 18:51:46,398 [grpc-default-executor-0] INFO  segmented.SegmentedRaftLogWorker (SegmentedRaftLogWorker.java:lambda$new$0(141)) - 4680a024-3a59-4e75-8ac7-1755b08d3543@group-F629F00B5E08-SegmentedRaftLogWorker: flushIndex: setUnconditionally -1 -> 5
2025-07-02 18:51:46,398 [grpc-default-executor-0] INFO  segmented.SegmentedRaftLogWorker (SegmentedRaftLogWorker.java:lambda$new$0(141)) - 4680a024-3a59-4e75-8ac7-1755b08d3543@group-F629F00B5E08-SegmentedRaftLogWorker: safeCacheEvictIndex: setUnconditionally -1 -> 5
2025-07-02 18:51:46,399 [grpc-default-executor-0] INFO  raftlog.RaftLog (RaftLogBase.java:lambda$new$0(54)) - 4680a024-3a59-4e75-8ac7-1755b08d3543@group-F629F00B5E08-SegmentedRaftLog: purgeIndex: updateToMax old=-1, new=5, updated? true
2025-07-02 18:51:46,399 [grpc-default-executor-0] INFO  impl.SnapshotInstallationHandler (SnapshotInstallationHandler.java:notifyStateMachineToInstallSnapshot(365)) - 4680a024-3a59-4e75-8ac7-1755b08d3543@group-F629F00B5E08: InstallSnapshot notification result: SNAPSHOT_INSTALLED, at index: (t:2, i:5)
2025-07-02 18:51:46,400 [grpc-default-executor-0] INFO  impl.SnapshotInstallationHandler (SnapshotInstallationHandler.java:installSnapshotImpl(147)) - 4680a024-3a59-4e75-8ac7-1755b08d3543@group-F629F00B5E08: set new configuration index: 1
configurationEntry {
  peers {
    id: "0570d27e-7557-449b-949c-3e7f7fc57b05"
    address: "localhost:15003"
    startupRole: FOLLOWER
  }
}
 from snapshot
2025-07-02 18:51:46,401 [grpc-default-executor-0] INFO  server.RaftServer$Division (ServerState.java:setRaftConf(386)) - 4680a024-3a59-4e75-8ac7-1755b08d3543@group-F629F00B5E08: set configuration conf: {index: 1, cur=peers:[0570d27e-7557-449b-949c-3e7f7fc57b05|localhost:15003]|listeners:[], old=null}
2025-07-02 18:51:46,403 [grpc-default-executor-3] INFO  server.GrpcLogAppender (GrpcLogAppender.java:onNext(663)) - 0570d27e-7557-449b-949c-3e7f7fc57b05@group-F629F00B5E08->4680a024-3a59-4e75-8ac7-1755b08d3543-InstallSnapshotResponseHandler: received a reply 0570d27e-7557-449b-949c-3e7f7fc57b05<-4680a024-3a59-4e75-8ac7-1755b08d3543#0:OK-t2,SNAPSHOT_INSTALLED,snapshotIndex=5
2025-07-02 18:51:46,404 [grpc-default-executor-3] INFO  server.GrpcLogAppender (GrpcLogAppender.java:onNext(701)) - 0570d27e-7557-449b-949c-3e7f7fc57b05@group-F629F00B5E08->4680a024-3a59-4e75-8ac7-1755b08d3543-InstallSnapshotResponseHandler: Follower installed snapshot at index 5
2025-07-02 18:51:46,404 [grpc-default-executor-3] INFO  leader.FollowerInfo (FollowerInfoImpl.java:info(64)) - 0570d27e-7557-449b-949c-3e7f7fc57b05@group-F629F00B5E08->4680a024-3a59-4e75-8ac7-1755b08d3543: snapshotIndex: setUnconditionally 0 -> 5
2025-07-02 18:51:46,404 [grpc-default-executor-3] INFO  leader.FollowerInfo (FollowerInfoImpl.java:info(64)) - 0570d27e-7557-449b-949c-3e7f7fc57b05@group-F629F00B5E08->4680a024-3a59-4e75-8ac7-1755b08d3543: matchIndex: setUnconditionally -1 -> 5
2025-07-02 18:51:46,405 [grpc-default-executor-3] INFO  leader.FollowerInfo (FollowerInfoImpl.java:info(64)) - 0570d27e-7557-449b-949c-3e7f7fc57b05@group-F629F00B5E08->4680a024-3a59-4e75-8ac7-1755b08d3543: nextIndex: setUnconditionally 0 -> 6
2025-07-02 18:51:46,405 [grpc-default-executor-3] INFO  leader.FollowerInfo (FollowerInfoImpl.java:setAttemptedToInstallSnapshot(154)) - Follower 0570d27e-7557-449b-949c-3e7f7fc57b05@group-F629F00B5E08->4680a024-3a59-4e75-8ac7-1755b08d3543 acknowledged installing snapshot
2025-07-02 18:51:46,405 [grpc-default-executor-3] INFO  server.GrpcLogAppender (GrpcLogAppender.java:increaseNextIndex(464)) - 0570d27e-7557-449b-949c-3e7f7fc57b05@group-F629F00B5E08->4680a024-3a59-4e75-8ac7-1755b08d3543-GrpcLogAppender: updateNextIndex 6 for SNAPSHOT_INSTALLED
2025-07-02 18:51:46,405 [grpc-default-executor-3] INFO  server.GrpcLogAppender (GrpcLogAppender.java:onFollowerCatchup(629)) - 0570d27e-7557-449b-949c-3e7f7fc57b05@group-F629F00B5E08->4680a024-3a59-4e75-8ac7-1755b08d3543-InstallSnapshotResponseHandler: Follower can catch up leader after install the snapshot, as leader's start index is 6
2025-07-02 18:51:46,433 [4680a024-3a59-4e75-8ac7-1755b08d3543@group-F629F00B5E08-StateMachineUpdater] INFO  ha.SCMHAManagerImpl (SCMHAManagerImpl.java:installCheckpoint(273)) - 4680a024-3a59-4e75-8ac7-1755b08d3543: Install checkpoint 2#5
2025-07-02 18:51:46,439 [4680a024-3a59-4e75-8ac7-1755b08d3543@group-F629F00B5E08-StateMachineUpdater] INFO  ha.SCMHAManagerImpl (SCMHAManagerImpl.java:installCheckpoint(311)) - Replaced DB with checkpoint, term: 2, index: 5
2025-07-02 18:51:46,439 [4680a024-3a59-4e75-8ac7-1755b08d3543@group-F629F00B5E08-StateMachineUpdater] WARN  utils.HAUtils (HAUtils.java:getMetaDir(311)) - ozone.scm.db.dirs is not configured. We recommend adding this setting. Falling back to ozone.metadata.dirs instead.
2025-07-02 18:51:46,440 [4680a024-3a59-4e75-8ac7-1755b08d3543@group-F629F00B5E08-StateMachineUpdater] WARN  db.DBStoreBuilder (DBStoreBuilder.java:getDBDirPath(159)) - ozone.scm.db.dirs is not configured. We recommend adding this setting. Falling back to ozone.metadata.dirs instead.
2025-07-02 18:51:46,460 [4680a024-3a59-4e75-8ac7-1755b08d3543@group-F629F00B5E08-StateMachineUpdater] INFO  ha.SequenceIdGenerator (SequenceIdGenerator.java:reinitialize(176)) - reinitialize SequenceIdGenerator.
2025-07-02 18:51:46,461 [4680a024-3a59-4e75-8ac7-1755b08d3543@group-F629F00B5E08-StateMachineUpdater] INFO  pipeline.PipelineStateManagerImpl (PipelineStateManagerImpl.java:initialize(75)) - No pipeline exists in current db
2025-07-02 18:51:46,462 [4680a024-3a59-4e75-8ac7-1755b08d3543@group-F629F00B5E08-StateMachineUpdater] INFO  ha.SCMHAManagerImpl (SCMHAManagerImpl.java:installCheckpoint(326)) - Reloaded SCM state with Term: 2 and Index: 5
2025-07-02 18:51:46,464 [4680a024-3a59-4e75-8ac7-1755b08d3543@group-F629F00B5E08-StateMachineUpdater] INFO  ha.SCMStateMachine (SCMStateMachine.java:reinitialize(419)) - 4680a024-3a59-4e75-8ac7-1755b08d3543: SCMStateMachine is reinitializing. newTermIndex = (t:2, i:5)
2025-07-02 18:51:46,465 [4680a024-3a59-4e75-8ac7-1755b08d3543@group-F629F00B5E08-StateMachineUpdater] INFO  symmetric.SecretKeyStateImpl (SecretKeyStateImpl.java:updateKeysInternal(111)) - Updating keys with [SecretKey(id = 45b1e288-be58-412a-8e87-841ece61fad4, creation at: 2025-07-02T18:51:41.729Z, expire at: 2025-07-02T19:00:01.729Z)]
2025-07-02 18:51:46,465 [4680a024-3a59-4e75-8ac7-1755b08d3543@group-F629F00B5E08-StateMachineUpdater] INFO  symmetric.SecretKeyStateImpl (SecretKeyStateImpl.java:updateKeysInternal(126)) - Current key updated SecretKey(id = 45b1e288-be58-412a-8e87-841ece61fad4, creation at: 2025-07-02T18:51:41.729Z, expire at: 2025-07-02T19:00:01.729Z)
2025-07-02 18:51:46,467 [4680a024-3a59-4e75-8ac7-1755b08d3543@group-F629F00B5E08-StateMachineUpdater] INFO  symmetric.LocalSecretKeyStore (LocalSecretKeyStore.java:save(107)) - Saved [SecretKey(id = 45b1e288-be58-412a-8e87-841ece61fad4, creation at: 2025-07-02T18:51:41.729Z, expire at: 2025-07-02T19:00:01.729Z)] to file /home/runner/work/ozone/ozone/hadoop-ozone/integration-test/target/test-dir/MiniOzoneClusterImpl-ff054ab7-6da7-448f-9cae-f629f00b5e08/scmNode-2/scm/keys/secret_keys.json
2025-07-02 18:51:46,467 [4680a024-3a59-4e75-8ac7-1755b08d3543@group-F629F00B5E08-StateMachineUpdater] INFO  impl.StateMachineUpdater (StateMachineUpdater.java:lambda$new$0(101)) - 4680a024-3a59-4e75-8ac7-1755b08d3543@group-F629F00B5E08-StateMachineUpdater: snapshotIndex: setUnconditionally -1 -> 5
2025-07-02 18:51:46,468 [4680a024-3a59-4e75-8ac7-1755b08d3543@group-F629F00B5E08-StateMachineUpdater] INFO  impl.StateMachineUpdater (StateMachineUpdater.java:lambda$new$0(101)) - 4680a024-3a59-4e75-8ac7-1755b08d3543@group-F629F00B5E08-StateMachineUpdater: appliedIndex: setUnconditionally -1 -> 5
2025-07-02 18:51:51,047 [0570d27e-7557-449b-949c-3e7f7fc57b05@group-F629F00B5E08-LeaderStateImpl] INFO  server.RaftServer$Division (ServerState.java:setRaftConf(386)) - 0570d27e-7557-449b-949c-3e7f7fc57b05@group-F629F00B5E08: set configuration conf: {index: 6, cur=peers:[4680a024-3a59-4e75-8ac7-1755b08d3543|localhost:15011, 0570d27e-7557-449b-949c-3e7f7fc57b05|localhost:15003]|listeners:[], old=peers:[0570d27e-7557-449b-949c-3e7f7fc57b05|localhost:15003]|listeners:[]}
2025-07-02 18:51:51,052 [grpc-default-executor-3] INFO  impl.RoleInfo (RoleInfo.java:updateAndGet(148)) - 4680a024-3a59-4e75-8ac7-1755b08d3543: start 4680a024-3a59-4e75-8ac7-1755b08d3543@group-F629F00B5E08-FollowerState
2025-07-02 18:51:51,052 [grpc-default-executor-3] INFO  server.RaftServer$Division (ServerState.java:setRaftConf(386)) - 4680a024-3a59-4e75-8ac7-1755b08d3543@group-F629F00B5E08: set configuration conf: {index: 6, cur=peers:[4680a024-3a59-4e75-8ac7-1755b08d3543|localhost:15011, 0570d27e-7557-449b-949c-3e7f7fc57b05|localhost:15003]|listeners:[], old=peers:[0570d27e-7557-449b-949c-3e7f7fc57b05|localhost:15003]|listeners:[]}
2025-07-02 18:51:51,054 [grpc-default-executor-3] INFO  segmented.SegmentedRaftLogWorker (SegmentedRaftLogWorker.java:startLogSegment(440)) - 4680a024-3a59-4e75-8ac7-1755b08d3543@group-F629F00B5E08-SegmentedRaftLogWorker: Starting segment from index:6
2025-07-02 18:51:51,055 [grpc-default-executor-3] INFO  server.RaftServer$Division (RaftServerImpl.java:appendEntriesAsync(1611)) -  FOLLOWER (RUNNING): 4680a024-3a59-4e75-8ac7-1755b08d3543@group-F629F00B5E08:t2, leader=0570d27e-7557-449b-949c-3e7f7fc57b05, voted=null, raftlog=Memoized:4680a024-3a59-4e75-8ac7-1755b08d3543@group-F629F00B5E08-SegmentedRaftLog:OPENED:c5:last(t:2, i:6), conf=conf: {index: 6, cur=peers:[4680a024-3a59-4e75-8ac7-1755b08d3543|localhost:15011, 0570d27e-7557-449b-949c-3e7f7fc57b05|localhost:15003]|listeners:[], old=peers:[0570d27e-7557-449b-949c-3e7f7fc57b05|localhost:15003]|listeners:[]}: Follower has completed install the snapshot 5.
2025-07-02 18:51:51,055 [4680a024-3a59-4e75-8ac7-1755b08d3543@group-F629F00B5E08-SegmentedRaftLogWorker] INFO  segmented.BufferedWriteChannel (BufferedWriteChannel.java:open(61)) - open log_inprogress_6 at position 0
2025-07-02 18:51:51,064 [4680a024-3a59-4e75-8ac7-1755b08d3543@group-F629F00B5E08-SegmentedRaftLogWorker] INFO  segmented.SegmentedRaftLogWorker (SegmentedRaftLogWorker.java:execute(647)) - 4680a024-3a59-4e75-8ac7-1755b08d3543@group-F629F00B5E08-SegmentedRaftLogWorker: created new log segment /home/runner/work/ozone/ozone/hadoop-ozone/integration-test/target/test-dir/MiniOzoneClusterImpl-ff054ab7-6da7-448f-9cae-f629f00b5e08/scmNode-2/scm-ha/ff054ab7-6da7-448f-9cae-f629f00b5e08/current/log_inprogress_6
2025-07-02 18:51:51,068 [0570d27e-7557-449b-949c-3e7f7fc57b05@group-F629F00B5E08-LeaderStateImpl] INFO  server.RaftServer$Division (ServerState.java:setRaftConf(386)) - 0570d27e-7557-449b-949c-3e7f7fc57b05@group-F629F00B5E08: set configuration conf: {index: 7, cur=peers:[4680a024-3a59-4e75-8ac7-1755b08d3543|localhost:15011, 0570d27e-7557-449b-949c-3e7f7fc57b05|localhost:15003]|listeners:[], old=null}
2025-07-02 18:51:51,070 [grpc-default-executor-3] INFO  server.RaftServer$Division (ServerState.java:setRaftConf(386)) - 4680a024-3a59-4e75-8ac7-1755b08d3543@group-F629F00B5E08: set configuration conf: {index: 7, cur=peers:[4680a024-3a59-4e75-8ac7-1755b08d3543|localhost:15011, 0570d27e-7557-449b-949c-3e7f7fc57b05|localhost:15003]|listeners:[], old=null}
2025-07-02 18:51:51,072 [IPC Server handler 0 on default port 15007] INFO  ha.SCMRatisServerImpl (SCMRatisServerImpl.java:addSCM(339)) - Successfully added new SCM: 4680a024-3a59-4e75-8ac7-1755b08d3543.
2025-07-02 18:51:51,073 [4680a024-3a59-4e75-8ac7-1755b08d3543@group-F629F00B5E08-StateMachineUpdater] INFO  safemode.RatisContainerSafeModeRule (RatisContainerSafeModeRule.java:initializeRule(160)) - Refreshed Containers with one replica threshold count 0.
2025-07-02 18:51:51,073 [4680a024-3a59-4e75-8ac7-1755b08d3543@group-F629F00B5E08-StateMachineUpdater] INFO  safemode.HealthyPipelineSafeModeRule (HealthyPipelineSafeModeRule.java:initializeRule(228)) - Refreshed total pipeline count is 0, healthy pipeline threshold count is 1
2025-07-02 18:51:51,073 [4680a024-3a59-4e75-8ac7-1755b08d3543@group-F629F00B5E08-StateMachineUpdater] INFO  safemode.ECContainerSafeModeRule (ECContainerSafeModeRule.java:initializeRule(205)) - Refreshed Containers with ec n replica threshold count 0.
2025-07-02 18:51:51,073 [4680a024-3a59-4e75-8ac7-1755b08d3543@group-F629F00B5E08-StateMachineUpdater] INFO  safemode.OneReplicaPipelineSafeModeRule (OneReplicaPipelineSafeModeRule.java:initializeRule(186)) - Refreshed Total pipeline count is 0, pipeline's with at least one datanode reported threshold count is 0
2025-07-02 18:51:51,073 [4680a024-3a59-4e75-8ac7-1755b08d3543@group-F629F00B5E08-StateMachineUpdater] INFO  server.SCMDatanodeProtocolServer (SCMDatanodeProtocolServer.java:start(195)) - ScmDatanodeProtocol RPC server for DataNodes is listening at /0.0.0.0:15012
2025-07-02 18:51:51,074 [IPC Server Responder] INFO  ipc.Server (Server.java:run(1713)) - IPC Server Responder: starting
2025-07-02 18:51:51,074 [IPC Server listener on 15012] INFO  ipc.Server (Server.java:run(1553)) - IPC Server listener on 15012: starting
2025-07-02 18:51:51,075 [main] INFO  ha.SCMHAManagerImpl (SCMHAManagerImpl.java:start(127)) - Successfully added SCM scmNode-2 to group group-F629F00B5E08:[4680a024-3a59-4e75-8ac7-1755b08d3543|localhost:15011, 0570d27e-7557-449b-949c-3e7f7fc57b05|localhost:15003]
2025-07-02 18:51:51,075 [main] INFO  ha.InterSCMGrpcService (InterSCMGrpcProtocolService.java:start(98)) - Starting SCM Grpc Service at port 15014
2025-07-02 18:51:51,075 [main] INFO  SCMHATransactionMonitor (BackgroundSCMService.java:start(64)) - Starting SCMHATransactionMonitor Service.
2025-07-02 18:51:51,076 [main] INFO  ha.SCMServiceManager (SCMServiceManager.java:register(42)) - Registering service SCMHATransactionMonitor.
2025-07-02 18:51:51,076 [main] INFO  SCMHATransactionMonitor (BackgroundSCMService.java:start(61)) - SCMHATransactionMonitor Service is already running, skip start.
2025-07-02 18:51:51,076 [main] INFO  impl.MetricsSystemImpl (MetricsSystemImpl.java:init(158)) - StorageContainerManager metrics system started (again)
2025-07-02 18:51:51,097 [main] INFO  server.SCMClientProtocolServer (SCMClientProtocolServer.java:start(209)) - RPC server for Client  is listening at /0.0.0.0:15013
2025-07-02 18:51:51,097 [IPC Server Responder] INFO  ipc.Server (Server.java:run(1713)) - IPC Server Responder: starting
2025-07-02 18:51:51,097 [IPC Server listener on 15013] INFO  ipc.Server (Server.java:run(1553)) - IPC Server listener on 15013: starting
2025-07-02 18:51:51,109 [main] INFO  server.StorageContainerManager (StorageContainerManager.java:start(1527)) - ScmBlockLocationProtocol RPC server is listening at /0.0.0.0:15015
2025-07-02 18:51:51,110 [main] INFO  server.SCMBlockProtocolServer (SCMBlockProtocolServer.java:start(166)) - RPC server for Block Protocol is listening at /0.0.0.0:15015
2025-07-02 18:51:51,110 [IPC Server Responder] INFO  ipc.Server (Server.java:run(1713)) - IPC Server Responder: starting
2025-07-02 18:51:51,111 [IPC Server listener on 15015] INFO  ipc.Server (Server.java:run(1553)) - IPC Server listener on 15015: starting
2025-07-02 18:51:51,122 [main] INFO  server.SCMSecurityProtocolServer (SCMSecurityProtocolServer.java:start(503)) - Starting RPC server for SCMSecurityProtocolServer. is listening at /0.0.0.0:15010
2025-07-02 18:51:51,123 [IPC Server Responder] INFO  ipc.Server (Server.java:run(1713)) - IPC Server Responder: starting
2025-07-02 18:51:51,123 [IPC Server listener on 15010] INFO  ipc.Server (Server.java:run(1553)) - IPC Server listener on 15010: starting
2025-07-02 18:51:51,125 [main] INFO  ha.SCMNodeInfo (SCMNodeInfo.java:getPort(197)) - ConfigKey ozone.scm.client.address is deprecated, For configuring different ports for each SCM use PortConfigKey ozone.scm.client.port appended with serviceId and nodeId
2025-07-02 18:51:51,125 [main] INFO  ha.SCMNodeInfo (SCMNodeInfo.java:getPort(197)) - ConfigKey ozone.scm.block.client.address is deprecated, For configuring different ports for each SCM use PortConfigKey ozone.scm.block.client.port appended with serviceId and nodeId
2025-07-02 18:51:51,125 [main] INFO  ha.SCMNodeInfo (SCMNodeInfo.java:getPort(197)) - ConfigKey ozone.scm.security.service.address is deprecated, For configuring different ports for each SCM use PortConfigKey ozone.scm.security.service.port appended with serviceId and nodeId
2025-07-02 18:51:51,125 [main] INFO  ha.SCMNodeInfo (SCMNodeInfo.java:getPort(197)) - ConfigKey ozone.scm.datanode.address is deprecated, For configuring different ports for each SCM use PortConfigKey ozone.scm.datanode.port appended with serviceId and nodeId
2025-07-02 18:51:51,126 [main] INFO  ha.SCMNodeInfo (SCMNodeInfo.java:getPort(197)) - ConfigKey ozone.scm.client.address is deprecated, For configuring different ports for each SCM use PortConfigKey ozone.scm.client.port appended with serviceId and nodeId
2025-07-02 18:51:51,126 [main] INFO  ha.SCMNodeInfo (SCMNodeInfo.java:getPort(197)) - ConfigKey ozone.scm.block.client.address is deprecated, For configuring different ports for each SCM use PortConfigKey ozone.scm.block.client.port appended with serviceId and nodeId
2025-07-02 18:51:51,126 [main] INFO  ha.SCMNodeInfo (SCMNodeInfo.java:getPort(197)) - ConfigKey ozone.scm.security.service.address is deprecated, For configuring different ports for each SCM use PortConfigKey ozone.scm.security.service.port appended with serviceId and nodeId
2025-07-02 18:51:51,126 [main] INFO  ha.SCMNodeInfo (SCMNodeInfo.java:getPort(197)) - ConfigKey ozone.scm.datanode.address is deprecated, For configuring different ports for each SCM use PortConfigKey ozone.scm.datanode.port appended with serviceId and nodeId
2025-07-02 18:51:51,126 [main] INFO  ha.SCMNodeInfo (SCMNodeInfo.java:getPort(197)) - ConfigKey ozone.scm.client.address is deprecated, For configuring different ports for each SCM use PortConfigKey ozone.scm.client.port appended with serviceId and nodeId
2025-07-02 18:51:51,126 [main] INFO  ha.SCMNodeInfo (SCMNodeInfo.java:getPort(197)) - ConfigKey ozone.scm.block.client.address is deprecated, For configuring different ports for each SCM use PortConfigKey ozone.scm.block.client.port appended with serviceId and nodeId
2025-07-02 18:51:51,126 [main] INFO  ha.SCMNodeInfo (SCMNodeInfo.java:getPort(197)) - ConfigKey ozone.scm.security.service.address is deprecated, For configuring different ports for each SCM use PortConfigKey ozone.scm.security.service.port appended with serviceId and nodeId
2025-07-02 18:51:51,126 [main] INFO  ha.SCMNodeInfo (SCMNodeInfo.java:getPort(197)) - ConfigKey ozone.scm.datanode.address is deprecated, For configuring different ports for each SCM use PortConfigKey ozone.scm.datanode.port appended with serviceId and nodeId
2025-07-02 18:51:51,127 [main] INFO  proxy.SCMSecurityProtocolFailoverProxyProvider (SCMFailoverProxyProviderBase.java:<init>(120)) - Created fail-over proxy for protocol SCMSecurityProtocolPB with 3 nodes: [nodeId=scmNode-2,nodeAddress=/127.0.0.1:15010, nodeId=scmNode-3,nodeAddress=/127.0.0.1:15018, nodeId=scmNode-1,nodeAddress=/127.0.0.1:15002]
2025-07-02 18:51:51,135 [Socket Reader #1 for port 15002] INFO  ipc.Server (Server.java:saslProcess(2290)) - Auth successful for scm/localhost@EXAMPLE.COM (auth:KERBEROS) from 127.0.0.1:34643
2025-07-02 18:51:51,146 [main] INFO  utils.BackgroundService (BackgroundService.java:start(118)) - Starting service SCMBlockDeletingService with interval 60000 milliseconds
2025-07-02 18:51:51,152 [main] INFO  http.BaseHttpServer (BaseHttpServer.java:newHttpServer2BuilderForOzone(229)) - Starting Web-server for scm at: http://0.0.0.0:15008
2025-07-02 18:51:51,152 [main] INFO  http.BaseHttpServer (BaseHttpServer.java:<init>(107)) - Hadoop Security Enabled: true Ozone Security Enabled: true Ozone HTTP Security Enabled: false 
2025-07-02 18:51:51,154 [main] WARN  server.AuthenticationFilter (AuthenticationFilter.java:constructSecretProvider(240)) - Unable to initialize FileSignerSecretProvider, falling back to use random secrets. Reason: Could not read signature secret file: /home/runner/hadoop-http-auth-signature-secret
2025-07-02 18:51:51,157 [main] INFO  http.HttpServer2 (HttpServer2.java:addGlobalFilter(1042)) - Added global filter 'safety' (class=org.apache.hadoop.hdds.server.http.HttpServer2$QuotingInputFilter)
2025-07-02 18:51:51,158 [main] INFO  http.HttpServer2 (HttpServer2.java:addFilter(1018)) - Added filter static_user_filter (class=org.apache.hadoop.http.lib.StaticUserWebFilter$StaticUserFilter) to context scm
2025-07-02 18:51:51,159 [main] INFO  http.HttpServer2 (HttpServer2.java:addFilter(1026)) - Added filter static_user_filter (class=org.apache.hadoop.http.lib.StaticUserWebFilter$StaticUserFilter) to context logs
2025-07-02 18:51:51,159 [main] INFO  http.HttpServer2 (HttpServer2.java:addFilter(1026)) - Added filter static_user_filter (class=org.apache.hadoop.http.lib.StaticUserWebFilter$StaticUserFilter) to context static
2025-07-02 18:51:51,159 [main] INFO  http.BaseHttpServer (BaseHttpServer.java:<init>(195)) - HTTP server of scm uses base directory /home/runner/work/ozone/ozone/hadoop-ozone/integration-test/target/test-dir/MiniOzoneClusterImpl-ff054ab7-6da7-448f-9cae-f629f00b5e08/scmNode-2/webserver
2025-07-02 18:51:51,160 [main] INFO  http.HttpServer2 (HttpServer2.java:bindListener(1242)) - Jetty bound to port 15008
2025-07-02 18:51:51,160 [main] INFO  server.Server (Server.java:doStart(375)) - jetty-9.4.57.v20241219; built: 2025-01-08T21:24:30.412Z; git: df524e6b29271c2e09ba9aea83c18dc9db464a31; jvm 21.0.7+6-LTS
2025-07-02 18:51:51,162 [main] INFO  server.session (DefaultSessionIdManager.java:doStart(334)) - DefaultSessionIdManager workerName=node0
2025-07-02 18:51:51,162 [main] INFO  server.session (DefaultSessionIdManager.java:doStart(339)) - No SessionScavenger set, using defaults
2025-07-02 18:51:51,162 [main] INFO  server.session (HouseKeeper.java:startScavenging(132)) - node0 Scavenging every 660000ms
2025-07-02 18:51:51,163 [main] INFO  handler.ContextHandler (ContextHandler.java:doStart(921)) - Started o.e.j.s.ServletContextHandler@533ed36e{logs,/logs,file:///home/runner/work/ozone/ozone/hadoop-ozone/integration-test/target/log,AVAILABLE}
2025-07-02 18:51:51,163 [main] INFO  handler.ContextHandler (ContextHandler.java:doStart(921)) - Started o.e.j.s.ServletContextHandler@7262532a{static,/static,file:///home/runner/work/ozone/ozone/hadoop-ozone/integration-test/target/test-classes/webapps/static,AVAILABLE}
2025-07-02 18:51:51,166 [timer4] INFO  impl.SnapshotInstallationHandler (SnapshotInstallationHandler.java:lambda$installSnapshot$0(103)) - 4680a024-3a59-4e75-8ac7-1755b08d3543@group-F629F00B5E08: receive installSnapshot: 0570d27e-7557-449b-949c-3e7f7fc57b05->4680a024-3a59-4e75-8ac7-1755b08d3543#0-t2,notify:(t:1, i:0)  (Repeated 12 times in the last 5.001s)
2025-07-02 18:51:51,172 [main] INFO  handler.ContextHandler (ContextHandler.java:doStart(921)) - Started o.e.j.w.WebAppContext@290ebbbe{scm,/,file:///home/runner/work/ozone/ozone/hadoop-ozone/integration-test/target/test-classes/webapps/scm/,AVAILABLE}{file:/home/runner/work/ozone/ozone/hadoop-ozone/integration-test/target/test-classes/webapps/scm}
2025-07-02 18:51:51,173 [main] INFO  server.AbstractConnector (AbstractConnector.java:doStart(333)) - Started ServerConnector@3725471{HTTP/1.1, (http/1.1)}{0.0.0.0:15008}
2025-07-02 18:51:51,173 [main] INFO  server.Server (Server.java:doStart(415)) - Started @25710ms
2025-07-02 18:51:51,173 [main] WARN  impl.MetricsSystemImpl (MetricsSystemImpl.java:register(279)) - Sink prometheus already exists!
2025-07-02 18:51:51,173 [main] INFO  http.BaseHttpServer (BaseHttpServer.java:updateConnectorAddress(359)) - HTTP server of scm listening at http://localhost:15008
2025-07-02 18:51:51,174 [main] INFO  ozone.MiniOzoneHAClusterImpl (MiniOzoneHAClusterImpl.java:createSCMService(589)) - Started SCM RPC server at /0.0.0.0:15013
2025-07-02 18:51:51,175 [main] WARN  server.ServerUtils (ServerUtils.java:getScmDbDir(138)) - ozone.scm.db.dirs is not configured. We recommend adding this setting. Falling back to ozone.metadata.dirs instead.
2025-07-02 18:51:51,175 [main] INFO  ha.SCMHANodeDetails (SCMHANodeDetails.java:loadSCMHAConfig(162)) - ServiceID for StorageContainerManager is SecureSCM
2025-07-02 18:51:51,175 [main] INFO  ha.SCMHANodeDetails (SCMHANodeDetails.java:loadSCMHAConfig(172)) - ServiceID for StorageContainerManager is SecureSCM
2025-07-02 18:51:51,176 [main] WARN  scm.ScmUtils (ScmUtils.java:logWarn(162)) - ConfigKey ozone.scm.block.client.address is deprecated, For configuring different ports for each SCM use PortConfigKey ozone.scm.block.client.port appended with serviceId and nodeId. If want to configure same port configure ozone.scm.block.client.port
2025-07-02 18:51:51,176 [main] WARN  scm.ScmUtils (ScmUtils.java:logWarn(162)) - ConfigKey ozone.scm.client.address is deprecated, For configuring different ports for each SCM use PortConfigKey ozone.scm.client.port appended with serviceId and nodeId. If want to configure same port configure ozone.scm.client.port
2025-07-02 18:51:51,176 [main] WARN  scm.ScmUtils (ScmUtils.java:logWarn(162)) - ConfigKey ozone.scm.datanode.address is deprecated, For configuring different ports for each SCM use PortConfigKey ozone.scm.datanode.port appended with serviceId and nodeId. If want to configure same port configure ozone.scm.datanode.port
2025-07-02 18:51:51,176 [main] WARN  scm.ScmUtils (ScmUtils.java:logWarn(162)) - ConfigKey ozone.scm.block.client.address is deprecated, For configuring different ports for each SCM use PortConfigKey ozone.scm.block.client.port appended with serviceId and nodeId. If want to configure same port configure ozone.scm.block.client.port
2025-07-02 18:51:51,176 [main] WARN  scm.ScmUtils (ScmUtils.java:logWarn(162)) - ConfigKey ozone.scm.client.address is deprecated, For configuring different ports for each SCM use PortConfigKey ozone.scm.client.port appended with serviceId and nodeId. If want to configure same port configure ozone.scm.client.port
2025-07-02 18:51:51,177 [main] WARN  scm.ScmUtils (ScmUtils.java:logWarn(162)) - ConfigKey ozone.scm.datanode.address is deprecated, For configuring different ports for each SCM use PortConfigKey ozone.scm.datanode.port appended with serviceId and nodeId. If want to configure same port configure ozone.scm.datanode.port
2025-07-02 18:51:51,177 [main] INFO  ha.SCMHANodeDetails (SCMHANodeDetails.java:loadSCMHAConfig(259)) - Found matching SCM address with SCMServiceId: SecureSCM, SCMNodeId: scmNode-3, RPC Address: localhost:15019 and Ratis port: 15019
2025-07-02 18:51:51,177 [main] INFO  ha.SCMHANodeDetails (ConfUtils.java:setNodeSpecificConfigs(98)) - Setting configuration key ozone.scm.datanode.address with value of key ozone.scm.datanode.address.SecureSCM.scmNode-3: 127.0.0.1:15020
2025-07-02 18:51:51,177 [main] INFO  ha.SCMHANodeDetails (ConfUtils.java:setNodeSpecificConfigs(98)) - Setting configuration key ozone.scm.block.client.address with value of key ozone.scm.block.client.address.SecureSCM.scmNode-3: 127.0.0.1:15023
2025-07-02 18:51:51,177 [main] INFO  ha.SCMHANodeDetails (ConfUtils.java:setNodeSpecificConfigs(98)) - Setting configuration key ozone.scm.client.address with value of key ozone.scm.client.address.SecureSCM.scmNode-3: 127.0.0.1:15021
2025-07-02 18:51:51,177 [main] INFO  ha.SCMHANodeDetails (ConfUtils.java:setNodeSpecificConfigs(98)) - Setting configuration key ozone.scm.security.service.address with value of key ozone.scm.security.service.address.SecureSCM.scmNode-3: 127.0.0.1:15018
2025-07-02 18:51:51,177 [main] INFO  ha.SCMHANodeDetails (ConfUtils.java:setNodeSpecificConfigs(98)) - Setting configuration key ozone.scm.ratis.port with value of key ozone.scm.ratis.port.SecureSCM.scmNode-3: 15019
2025-07-02 18:51:51,177 [main] INFO  ha.SCMHANodeDetails (ConfUtils.java:setNodeSpecificConfigs(98)) - Setting configuration key ozone.scm.grpc.port with value of key ozone.scm.grpc.port.SecureSCM.scmNode-3: 15022
2025-07-02 18:51:51,177 [main] INFO  ha.SCMHANodeDetails (ConfUtils.java:setNodeSpecificConfigs(98)) - Setting configuration key ozone.scm.http-address with value of key ozone.scm.http-address.SecureSCM.scmNode-3: 127.0.0.1:15016
2025-07-02 18:51:51,177 [main] INFO  ha.SCMHANodeDetails (ConfUtils.java:setNodeSpecificConfigs(98)) - Setting configuration key ozone.scm.https-address with value of key ozone.scm.https-address.SecureSCM.scmNode-3: 127.0.0.1:15017
2025-07-02 18:51:51,178 [main] INFO  ha.SCMHANodeDetails (ConfUtils.java:setNodeSpecificConfigs(98)) - Setting configuration key ozone.scm.address with value of key ozone.scm.address.SecureSCM.scmNode-3: 127.0.0.1
2025-07-02 18:51:51,178 [main] WARN  scm.ScmUtils (ScmUtils.java:logWarn(162)) - ConfigKey ozone.scm.block.client.address is deprecated, For configuring different ports for each SCM use PortConfigKey ozone.scm.block.client.port appended with serviceId and nodeId. If want to configure same port configure ozone.scm.block.client.port
2025-07-02 18:51:51,178 [main] WARN  scm.ScmUtils (ScmUtils.java:logWarn(162)) - ConfigKey ozone.scm.client.address is deprecated, For configuring different ports for each SCM use PortConfigKey ozone.scm.client.port appended with serviceId and nodeId. If want to configure same port configure ozone.scm.client.port
2025-07-02 18:51:51,178 [main] WARN  scm.ScmUtils (ScmUtils.java:logWarn(162)) - ConfigKey ozone.scm.datanode.address is deprecated, For configuring different ports for each SCM use PortConfigKey ozone.scm.datanode.port appended with serviceId and nodeId. If want to configure same port configure ozone.scm.datanode.port
2025-07-02 18:51:51,178 [main] INFO  ha.SCMNodeInfo (SCMNodeInfo.java:getPort(197)) - ConfigKey ozone.scm.client.address is deprecated, For configuring different ports for each SCM use PortConfigKey ozone.scm.client.port appended with serviceId and nodeId
2025-07-02 18:51:51,178 [main] INFO  ha.SCMNodeInfo (SCMNodeInfo.java:getPort(197)) - ConfigKey ozone.scm.block.client.address is deprecated, For configuring different ports for each SCM use PortConfigKey ozone.scm.block.client.port appended with serviceId and nodeId
2025-07-02 18:51:51,178 [main] INFO  ha.SCMNodeInfo (SCMNodeInfo.java:getPort(197)) - ConfigKey ozone.scm.security.service.address is deprecated, For configuring different ports for each SCM use PortConfigKey ozone.scm.security.service.port appended with serviceId and nodeId
2025-07-02 18:51:51,178 [main] INFO  ha.SCMNodeInfo (SCMNodeInfo.java:getPort(197)) - ConfigKey ozone.scm.datanode.address is deprecated, For configuring different ports for each SCM use PortConfigKey ozone.scm.datanode.port appended with serviceId and nodeId
2025-07-02 18:51:51,179 [main] INFO  ha.SCMNodeInfo (SCMNodeInfo.java:getPort(197)) - ConfigKey ozone.scm.client.address is deprecated, For configuring different ports for each SCM use PortConfigKey ozone.scm.client.port appended with serviceId and nodeId
2025-07-02 18:51:51,179 [main] INFO  ha.SCMNodeInfo (SCMNodeInfo.java:getPort(197)) - ConfigKey ozone.scm.block.client.address is deprecated, For configuring different ports for each SCM use PortConfigKey ozone.scm.block.client.port appended with serviceId and nodeId
2025-07-02 18:51:51,179 [main] INFO  ha.SCMNodeInfo (SCMNodeInfo.java:getPort(197)) - ConfigKey ozone.scm.security.service.address is deprecated, For configuring different ports for each SCM use PortConfigKey ozone.scm.security.service.port appended with serviceId and nodeId
2025-07-02 18:51:51,179 [main] INFO  ha.SCMNodeInfo (SCMNodeInfo.java:getPort(197)) - ConfigKey ozone.scm.datanode.address is deprecated, For configuring different ports for each SCM use PortConfigKey ozone.scm.datanode.port appended with serviceId and nodeId
2025-07-02 18:51:51,181 [main] INFO  ha.SCMNodeInfo (SCMNodeInfo.java:getPort(197)) - ConfigKey ozone.scm.client.address is deprecated, For configuring different ports for each SCM use PortConfigKey ozone.scm.client.port appended with serviceId and nodeId
2025-07-02 18:51:51,181 [main] INFO  ha.SCMNodeInfo (SCMNodeInfo.java:getPort(197)) - ConfigKey ozone.scm.block.client.address is deprecated, For configuring different ports for each SCM use PortConfigKey ozone.scm.block.client.port appended with serviceId and nodeId
2025-07-02 18:51:51,181 [main] INFO  ha.SCMNodeInfo (SCMNodeInfo.java:getPort(197)) - ConfigKey ozone.scm.security.service.address is deprecated, For configuring different ports for each SCM use PortConfigKey ozone.scm.security.service.port appended with serviceId and nodeId
2025-07-02 18:51:51,181 [main] INFO  ha.SCMNodeInfo (SCMNodeInfo.java:getPort(197)) - ConfigKey ozone.scm.datanode.address is deprecated, For configuring different ports for each SCM use PortConfigKey ozone.scm.datanode.port appended with serviceId and nodeId
2025-07-02 18:51:51,192 [pool-2-thread-2] INFO  request.KdcRequest (KdcRequest.java:preauth(683)) - The preauth data is empty.
2025-07-02 18:51:51,193 [pool-2-thread-2] INFO  server.KdcHandler (KdcHandler.java:handleRecoverableException(177)) - KRB error occurred while processing request: Additional pre-authentication required
2025-07-02 18:51:51,198 [Socket Reader #1 for port 15002] INFO  ipc.Server (Server.java:saslProcess(2290)) - Auth successful for scm/localhost@EXAMPLE.COM (auth:KERBEROS) from 127.0.0.1:32831
2025-07-02 18:51:51,199 [pool-2-thread-2] INFO  request.AsRequest (AsRequest.java:issueTicket(112)) - AS_REQ ISSUE: authtime 1751482311199,scm/localhost@EXAMPLE.COM for krbtgt/EXAMPLE.COM@EXAMPLE.COM
2025-07-02 18:51:51,202 [IPC Server handler 0 on default port 15002] INFO  client.SCMCertificateClient (DefaultCertificateClient.java:getAllRootCaCerts(971)) - scm/sub-ca has 0 Root CA certificates
2025-07-02 18:51:51,202 [IPC Server handler 0 on default port 15002] INFO  client.SCMCertificateClient (DefaultCertificateClient.java:getAllCaCerts(979)) - scm/sub-ca has 1 CA certificates
2025-07-02 18:51:51,202 [main] INFO  security.UserGroupInformation (UserGroupInformation.java:loginUserFromKeytab(1143)) - Login successful for user scm/localhost@EXAMPLE.COM using keytab file scm.keytab. Keytab auto renewal enabled : false
2025-07-02 18:51:51,202 [main] INFO  server.StorageContainerManager (StorageContainerManager.java:loginAsSCMUserIfSecurityEnabled(1069)) - SCM login successful.
2025-07-02 18:51:51,205 [4680a024-3a59-4e75-8ac7-1755b08d3543-scm/sub-ca-refreshCACertificates] INFO  client.SCMCertificateClient (DefaultCertificateClient.java:getAllRootCaCerts(971)) - scm/sub-ca has 0 Root CA certificates
2025-07-02 18:51:51,205 [4680a024-3a59-4e75-8ac7-1755b08d3543-scm/sub-ca-refreshCACertificates] INFO  client.SCMCertificateClient (DefaultCertificateClient.java:getAllCaCerts(979)) - scm/sub-ca has 1 CA certificates
2025-07-02 18:51:51,205 [main] INFO  ha.SCMNodeInfo (SCMNodeInfo.java:getPort(197)) - ConfigKey ozone.scm.client.address is deprecated, For configuring different ports for each SCM use PortConfigKey ozone.scm.client.port appended with serviceId and nodeId
2025-07-02 18:51:51,205 [main] INFO  ha.SCMNodeInfo (SCMNodeInfo.java:getPort(197)) - ConfigKey ozone.scm.block.client.address is deprecated, For configuring different ports for each SCM use PortConfigKey ozone.scm.block.client.port appended with serviceId and nodeId
2025-07-02 18:51:51,206 [main] INFO  ha.SCMNodeInfo (SCMNodeInfo.java:getPort(197)) - ConfigKey ozone.scm.security.service.address is deprecated, For configuring different ports for each SCM use PortConfigKey ozone.scm.security.service.port appended with serviceId and nodeId
2025-07-02 18:51:51,206 [main] INFO  ha.SCMNodeInfo (SCMNodeInfo.java:getPort(197)) - ConfigKey ozone.scm.datanode.address is deprecated, For configuring different ports for each SCM use PortConfigKey ozone.scm.datanode.port appended with serviceId and nodeId
2025-07-02 18:51:51,206 [main] INFO  ha.SCMNodeInfo (SCMNodeInfo.java:getPort(197)) - ConfigKey ozone.scm.client.address is deprecated, For configuring different ports for each SCM use PortConfigKey ozone.scm.client.port appended with serviceId and nodeId
2025-07-02 18:51:51,206 [main] INFO  ha.SCMNodeInfo (SCMNodeInfo.java:getPort(197)) - ConfigKey ozone.scm.block.client.address is deprecated, For configuring different ports for each SCM use PortConfigKey ozone.scm.block.client.port appended with serviceId and nodeId
2025-07-02 18:51:51,206 [main] INFO  ha.SCMNodeInfo (SCMNodeInfo.java:getPort(197)) - ConfigKey ozone.scm.security.service.address is deprecated, For configuring different ports for each SCM use PortConfigKey ozone.scm.security.service.port appended with serviceId and nodeId
2025-07-02 18:51:51,206 [main] INFO  ha.SCMNodeInfo (SCMNodeInfo.java:getPort(197)) - ConfigKey ozone.scm.datanode.address is deprecated, For configuring different ports for each SCM use PortConfigKey ozone.scm.datanode.port appended with serviceId and nodeId
2025-07-02 18:51:51,206 [4680a024-3a59-4e75-8ac7-1755b08d3543-scm/sub-ca-refreshCACertificates] INFO  client.SCMCertificateClient (SCMCertificateClient.java:run(249)) - CA certificates are not changed.
2025-07-02 18:51:51,206 [main] INFO  proxy.SCMBlockLocationFailoverProxyProvider (SCMFailoverProxyProviderBase.java:<init>(120)) - Created fail-over proxy for protocol ScmBlockLocationProtocolPB with 2 nodes: [nodeId=scmNode-2,nodeAddress=/127.0.0.1:15015, nodeId=scmNode-1,nodeAddress=/127.0.0.1:15007]
2025-07-02 18:51:51,217 [pool-2-thread-2] INFO  request.TgsRequest (TgsRequest.java:issueTicket(117)) - TGS_REQ ISSUE: authtime 1751482311216,scm/localhost@EXAMPLE.COM for scm/localhost@EXAMPLE.COM
2025-07-02 18:51:51,225 [Socket Reader #4 for port 15007] INFO  ipc.Server (Server.java:saslProcess(2290)) - Auth successful for scm/localhost@EXAMPLE.COM (auth:KERBEROS) from 127.0.0.1:34003
2025-07-02 18:51:51,235 [main] INFO  ha.HASecurityUtils (HASecurityUtils.java:initializeSecurity(79)) - Initializing secure StorageContainerManager.
2025-07-02 18:51:51,236 [main] INFO  ha.SCMNodeInfo (SCMNodeInfo.java:getPort(197)) - ConfigKey ozone.scm.client.address is deprecated, For configuring different ports for each SCM use PortConfigKey ozone.scm.client.port appended with serviceId and nodeId
2025-07-02 18:51:51,236 [main] INFO  ha.SCMNodeInfo (SCMNodeInfo.java:getPort(197)) - ConfigKey ozone.scm.block.client.address is deprecated, For configuring different ports for each SCM use PortConfigKey ozone.scm.block.client.port appended with serviceId and nodeId
2025-07-02 18:51:51,236 [main] INFO  ha.SCMNodeInfo (SCMNodeInfo.java:getPort(197)) - ConfigKey ozone.scm.security.service.address is deprecated, For configuring different ports for each SCM use PortConfigKey ozone.scm.security.service.port appended with serviceId and nodeId
2025-07-02 18:51:51,237 [main] INFO  ha.SCMNodeInfo (SCMNodeInfo.java:getPort(197)) - ConfigKey ozone.scm.datanode.address is deprecated, For configuring different ports for each SCM use PortConfigKey ozone.scm.datanode.port appended with serviceId and nodeId
2025-07-02 18:51:51,237 [main] INFO  ha.SCMNodeInfo (SCMNodeInfo.java:getPort(197)) - ConfigKey ozone.scm.client.address is deprecated, For configuring different ports for each SCM use PortConfigKey ozone.scm.client.port appended with serviceId and nodeId
2025-07-02 18:51:51,237 [main] INFO  ha.SCMNodeInfo (SCMNodeInfo.java:getPort(197)) - ConfigKey ozone.scm.block.client.address is deprecated, For configuring different ports for each SCM use PortConfigKey ozone.scm.block.client.port appended with serviceId and nodeId
2025-07-02 18:51:51,237 [main] INFO  ha.SCMNodeInfo (SCMNodeInfo.java:getPort(197)) - ConfigKey ozone.scm.security.service.address is deprecated, For configuring different ports for each SCM use PortConfigKey ozone.scm.security.service.port appended with serviceId and nodeId
2025-07-02 18:51:51,237 [main] INFO  ha.SCMNodeInfo (SCMNodeInfo.java:getPort(197)) - ConfigKey ozone.scm.datanode.address is deprecated, For configuring different ports for each SCM use PortConfigKey ozone.scm.datanode.port appended with serviceId and nodeId
2025-07-02 18:51:51,237 [main] INFO  proxy.SCMSecurityProtocolFailoverProxyProvider (SCMFailoverProxyProviderBase.java:<init>(120)) - Created fail-over proxy for protocol SCMSecurityProtocolPB with 2 nodes: [nodeId=scmNode-2,nodeAddress=/127.0.0.1:15010, nodeId=scmNode-1,nodeAddress=/127.0.0.1:15002]
2025-07-02 18:51:51,237 [main] INFO  client.SCMCertificateClient (DefaultCertificateClient.java:updateCertSerialId(1289)) - Certificate serial ID set to null
2025-07-02 18:51:51,238 [main] ERROR client.SCMCertificateClient (DefaultCertificateClient.java:getCertPath(373)) - Default certificate serial id is not set. Can't locate the default certificate for this client.
2025-07-02 18:51:51,238 [main] INFO  client.SCMCertificateClient (DefaultCertificateClient.java:init(717)) - Certificate client init case: 0
2025-07-02 18:51:51,238 [main] INFO  client.SCMCertificateClient (DefaultCertificateClient.java:handleCase(735)) - Creating keypair for client as keypair and certificate not found.
2025-07-02 18:51:51,273 [timer5] INFO  impl.SnapshotInstallationHandler (SnapshotInstallationHandler.java:lambda$installSnapshot$1(113)) - 4680a024-3a59-4e75-8ac7-1755b08d3543@group-F629F00B5E08: reply installSnapshot: 0570d27e-7557-449b-949c-3e7f7fc57b05<-4680a024-3a59-4e75-8ac7-1755b08d3543#0:OK-t2,SNAPSHOT_INSTALLED,snapshotIndex=5  (Repeated 12 times in the last 5.001s)
2025-07-02 18:51:51,279 [timer6] INFO  server.GrpcServerProtocolService (GrpcServerProtocolService.java:lambda$onCompleted$6(171)) - 4680a024-3a59-4e75-8ac7-1755b08d3543: Completed INSTALL_SNAPSHOT, lastRequest: 0570d27e-7557-449b-949c-3e7f7fc57b05->4680a024-3a59-4e75-8ac7-1755b08d3543#0-t2,notify:(t:1, i:0)  (Repeated 12 times in the last 5.003s)
2025-07-02 18:51:51,281 [timer7] INFO  server.GrpcServerProtocolService (GrpcServerProtocolService.java:lambda$null$7(175)) - 4680a024-3a59-4e75-8ac7-1755b08d3543: Completed INSTALL_SNAPSHOT, lastReply: null  (Repeated 12 times in the last 5.001s)
2025-07-02 18:51:51,311 [timer2] WARN  server.GrpcLogAppender (GrpcLogAppender.java:lambda$onNextImpl$0(527)) - 0570d27e-7557-449b-949c-3e7f7fc57b05@group-F629F00B5E08->4680a024-3a59-4e75-8ac7-1755b08d3543-AppendLogResponseHandler: received INCONSISTENCY reply with nextIndex 0, errorCount=1, request=AppendEntriesRequest:cid=10,entriesCount=0  (Repeated 11 times in the last 5.001s)
2025-07-02 18:51:51,397 [main] INFO  keys.KeyStorage (KeyStorage.java:storePublicKey(210)) - Storing public key to /home/runner/work/ozone/ozone/hadoop-ozone/integration-test/target/test-dir/MiniOzoneClusterImpl-ff054ab7-6da7-448f-9cae-f629f00b5e08/scmNode-3/scm/sub-ca/keys/public.pem.
2025-07-02 18:51:51,398 [main] INFO  keys.KeyStorage (KeyStorage.java:storePrivateKey(194)) - Storing private key to /home/runner/work/ozone/ozone/hadoop-ozone/integration-test/target/test-dir/MiniOzoneClusterImpl-ff054ab7-6da7-448f-9cae-f629f00b5e08/scmNode-3/scm/sub-ca/keys/private.pem.
2025-07-02 18:51:51,398 [main] INFO  client.SCMCertificateClient (SCMCertificateClient.java:recoverStateIfNeeded(278)) - Init response: GETCERT
2025-07-02 18:51:51,398 [main] INFO  client.SCMCertificateClient (SCMCertificateClient.java:configureCSRBuilder(141)) - Creating csr for SCM->hostName:localhost,scmId:ca181966-e7f6-4c77-8344-65416d18d1f8,clusterId:ff054ab7-6da7-448f-9cae-f629f00b5e08,subject:scm-sub@localhost
2025-07-02 18:51:51,399 [main] INFO  ozone.OzoneSecurityUtil (OzoneSecurityUtil.java:getValidInetsForCurrentHost(116)) - ip:fe80:0:0:0:6245:bdff:fe08:d43d%eth0 not returned.
2025-07-02 18:51:51,399 [main] INFO  ozone.OzoneSecurityUtil (OzoneSecurityUtil.java:getValidInetsForCurrentHost(113)) - Adding ip:10.1.0.106,host:fv-az1288-434.bguu2zduscdebcqflrovc1mhjh.dx.internal.cloudapp.net
2025-07-02 18:51:51,399 [main] INFO  ozone.OzoneSecurityUtil (OzoneSecurityUtil.java:getValidInetsForCurrentHost(116)) - ip:0:0:0:0:0:0:0:1%lo not returned.
2025-07-02 18:51:51,399 [main] INFO  ozone.OzoneSecurityUtil (OzoneSecurityUtil.java:getValidInetsForCurrentHost(116)) - ip:127.0.0.1 not returned.
2025-07-02 18:51:51,409 [Socket Reader #1 for port 15002] INFO  ipc.Server (Server.java:saslProcess(2290)) - Auth successful for scm/localhost@EXAMPLE.COM (auth:KERBEROS) from 127.0.0.1:45425
2025-07-02 18:51:51,410 [IPC Server handler 1 on default port 15002] INFO  server.SCMSecurityProtocolServer (SCMSecurityProtocolServer.java:getSCMCertificate(326)) - Processing CSR for scm localhost, nodeId: ca181966-e7f6-4c77-8344-65416d18d1f8
2025-07-02 18:51:51,418 [0570d27e-7557-449b-949c-3e7f7fc57b05@group-F629F00B5E08-StateMachineUpdater] INFO  safemode.SCMSafeModeManager (SCMSafeModeManager.java:validateSafeModeExitRules(139)) - RatisContainerSafeModeRule rule is successfully validated
2025-07-02 18:51:51,418 [0570d27e-7557-449b-949c-3e7f7fc57b05@group-F629F00B5E08-StateMachineUpdater] INFO  safemode.HealthyPipelineSafeModeRule (HealthyPipelineSafeModeRule.java:initializeRule(228)) - Refreshed total pipeline count is 0, healthy pipeline threshold count is 1
2025-07-02 18:51:51,418 [0570d27e-7557-449b-949c-3e7f7fc57b05@group-F629F00B5E08-StateMachineUpdater] INFO  safemode.SCMSafeModeManager (SCMSafeModeManager.java:validateSafeModeExitRules(139)) - ECContainerSafeModeRule rule is successfully validated
2025-07-02 18:51:51,418 [0570d27e-7557-449b-949c-3e7f7fc57b05@group-F629F00B5E08-StateMachineUpdater] INFO  safemode.SCMSafeModeManager (SCMSafeModeManager.java:validateSafeModeExitRules(139)) - AtleastOneDatanodeReportedRule rule is successfully validated
2025-07-02 18:51:51,419 [IPC Server handler 1 on default port 15002] INFO  ha.SequenceIdGenerator (SequenceIdGenerator.java:getNextId(135)) - Allocate a batch for CertificateId, change lastId from 3 to 4.
2025-07-02 18:51:51,420 [IPC Server handler 1 on default port 15002] INFO  keys.KeyStorage (KeyStorage.java:readPrivateKey(158)) - Reading private key from /home/runner/work/ozone/ozone/hadoop-ozone/integration-test/target/test-dir/MiniOzoneClusterImpl-ff054ab7-6da7-448f-9cae-f629f00b5e08/scmNode-1/scm/ca/keys/private.pem.
2025-07-02 18:51:51,422 [IPC Server handler 1 on default port 15002] INFO  authority.DefaultApprover (DefaultApprover.java:sign(171)) - Extensions in CSR: 2.5.29.19, 2.5.29.15, 2.5.29.17
2025-07-02 18:51:51,422 [IPC Server handler 1 on default port 15002] INFO  authority.DefaultApprover (DefaultApprover.java:sign(175)) - Extensions to add to the certificate if they present in CSR: 2.5.29.15, 2.5.29.17, 2.5.29.35, 2.5.29.37, 2.5.29.19, 1.3.6.1.5.5.7.1.12
2025-07-02 18:51:51,437 [4680a024-3a59-4e75-8ac7-1755b08d3543@group-F629F00B5E08-StateMachineUpdater] INFO  safemode.SCMSafeModeManager (SCMSafeModeManager.java:validateSafeModeExitRules(139)) - RatisContainerSafeModeRule rule is successfully validated
2025-07-02 18:51:51,438 [4680a024-3a59-4e75-8ac7-1755b08d3543@group-F629F00B5E08-StateMachineUpdater] INFO  safemode.HealthyPipelineSafeModeRule (HealthyPipelineSafeModeRule.java:initializeRule(228)) - Refreshed total pipeline count is 0, healthy pipeline threshold count is 1
2025-07-02 18:51:51,438 [4680a024-3a59-4e75-8ac7-1755b08d3543@group-F629F00B5E08-StateMachineUpdater] INFO  safemode.SCMSafeModeManager (SCMSafeModeManager.java:validateSafeModeExitRules(139)) - ECContainerSafeModeRule rule is successfully validated
2025-07-02 18:51:51,438 [4680a024-3a59-4e75-8ac7-1755b08d3543@group-F629F00B5E08-StateMachineUpdater] INFO  safemode.SCMSafeModeManager (SCMSafeModeManager.java:validateSafeModeExitRules(139)) - AtleastOneDatanodeReportedRule rule is successfully validated
2025-07-02 18:51:51,441 [0570d27e-7557-449b-949c-3e7f7fc57b05@group-F629F00B5E08-StateMachineUpdater] INFO  server.SCMCertStore (SCMCertStore.java:storeValidScmCertificate(96)) - Scm certificate 4 for CN=scm-sub@localhost,OU=ca181966-e7f6-4c77-8344-65416d18d1f8,O=ff054ab7-6da7-448f-9cae-f629f00b5e08,SERIALNUMBER=4 is stored
2025-07-02 18:51:51,441 [0570d27e-7557-449b-949c-3e7f7fc57b05@group-F629F00B5E08-StateMachineUpdater] INFO  safemode.SCMSafeModeManager (SCMSafeModeManager.java:validateSafeModeExitRules(139)) - RatisContainerSafeModeRule rule is successfully validated
2025-07-02 18:51:51,441 [0570d27e-7557-449b-949c-3e7f7fc57b05@group-F629F00B5E08-StateMachineUpdater] INFO  safemode.HealthyPipelineSafeModeRule (HealthyPipelineSafeModeRule.java:initializeRule(228)) - Refreshed total pipeline count is 0, healthy pipeline threshold count is 1
2025-07-02 18:51:51,442 [0570d27e-7557-449b-949c-3e7f7fc57b05@group-F629F00B5E08-StateMachineUpdater] INFO  safemode.SCMSafeModeManager (SCMSafeModeManager.java:validateSafeModeExitRules(139)) - ECContainerSafeModeRule rule is successfully validated
2025-07-02 18:51:51,442 [0570d27e-7557-449b-949c-3e7f7fc57b05@group-F629F00B5E08-StateMachineUpdater] INFO  safemode.SCMSafeModeManager (SCMSafeModeManager.java:validateSafeModeExitRules(139)) - AtleastOneDatanodeReportedRule rule is successfully validated
2025-07-02 18:51:51,451 [main] INFO  utils.CertificateCodec (CertificateCodec.java:writeCertificate(241)) - Save certificate to /home/runner/work/ozone/ozone/hadoop-ozone/integration-test/target/test-dir/MiniOzoneClusterImpl-ff054ab7-6da7-448f-9cae-f629f00b5e08/scmNode-3/scm/sub-ca/certs/CA-1.crt
2025-07-02 18:51:51,451 [main] INFO  utils.CertificateCodec (CertificateCodec.java:writeCertificate(242)) - Certificate -----BEGIN CERTIFICATE-----
MIID+DCCAuCgAwIBAgIBATANBgkqhkiG9w0BAQsFADCBgjEWMBQGA1UEAwwNc2Nt
QGxvY2FsaG9zdDEtMCsGA1UECwwkMDU3MGQyN2UtNzU1Ny00NDliLTk0OWMtM2U3
ZjdmYzU3YjA1MS0wKwYDVQQKDCRmZjA1NGFiNy02ZGE3LTQ0OGYtOWNhZS1mNjI5
ZjAwYjVlMDgxCjAIBgNVBAUTATEwHhcNMjUwNzAyMTg1MTI4WhcNMzAwODEwMTg1
MTI4WjCBgjEWMBQGA1UEAwwNc2NtQGxvY2FsaG9zdDEtMCsGA1UECwwkMDU3MGQy
N2UtNzU1Ny00NDliLTk0OWMtM2U3ZjdmYzU3YjA1MS0wKwYDVQQKDCRmZjA1NGFi
Ny02ZGE3LTQ0OGYtOWNhZS1mNjI5ZjAwYjVlMDgxCjAIBgNVBAUTATEwggEiMA0G
CSqGSIb3DQEBAQUAA4IBDwAwggEKAoIBAQDSOHDH15CZsZYmQ3wfdwmh8mSpyVHk
1uULzHKGB/g5GGl37+OOp8iwkJLXTlAVXPRdX/eMWXGqHq7zuYuhOYb3NcUXI4Sr
FmzzcFLtdU3aNQLis6kSEpgMXmDh1YJrwEaC92Hi1rjos0Bi5YOzGA5Bg8goo/Hg
UZZMiVGPNf24RlbEnqvLvqle4VvvYXwEcVXtdGKF9zLr2aitH1U6aVlHp69HYltc
Cn+TKtEiTFwBnZhArY+ppxsEe8oiXT0rB4mhdgertPk4tf/HTtw0lS7TXTI8aBC1
duiKXPAepLzbRGPe3cEEvCPCAkWyeBDknjTVCX3rITXm8oOfqMP9d/XbAgMBAAGj
dzB1MA8GA1UdEwEB/wQFMAMBAf8wDgYDVR0PAQH/BAQDAgEGMFIGA1UdEQRLMEmH
BAoBAGqCQWZ2LWF6MTI4OC00MzQuYmd1dTJ6ZHVzY2RlYmNxZmxyb3ZjMW1oamgu
ZHguaW50ZXJuYWwuY2xvdWRhcHAubmV0MA0GCSqGSIb3DQEBCwUAA4IBAQAFYWuU
DGLCxzWqlISKSJkp+GzwpSuGbvbGP9EImQNRYo00OYVsuKp5S+21u0LEKwtPDzIX
qEmjZD72b/At4ZtASAIlFCTtD2lOSLR+jC/k4WNQ3Qi9GXq8L6fwO5n4beoeX7dK
igE9ppwYPTljSrabdadG46EsxPm33y2TsV+9F+AHILamSLKtcfLzj4exd3wawGpv
egolczxu7mwSj6J5TP+m2LcP9uxqg/QIa6i5uD/dVduxkPkoQ7cY/+uOMdWWFg+0
2ngy8j05z1Y4SJCO/HB+1b53O4dAoX/BotgBjGwbRSNVA4LMenALIXLWa0yivRFf
ag9T/4oGtYfovUKc
-----END CERTIFICATE-----

2025-07-02 18:51:51,452 [main] INFO  utils.CertificateCodec (CertificateCodec.java:writeCertificate(241)) - Save certificate to /home/runner/work/ozone/ozone/hadoop-ozone/integration-test/target/test-dir/MiniOzoneClusterImpl-ff054ab7-6da7-448f-9cae-f629f00b5e08/scmNode-3/scm/sub-ca/certs/4.crt
2025-07-02 18:51:51,452 [main] INFO  utils.CertificateCodec (CertificateCodec.java:writeCertificate(242)) - Certificate -----BEGIN CERTIFICATE-----
MIID/DCCAuSgAwIBAgIBBDANBgkqhkiG9w0BAQsFADCBgjEWMBQGA1UEAwwNc2Nt
QGxvY2FsaG9zdDEtMCsGA1UECwwkMDU3MGQyN2UtNzU1Ny00NDliLTk0OWMtM2U3
ZjdmYzU3YjA1MS0wKwYDVQQKDCRmZjA1NGFiNy02ZGE3LTQ0OGYtOWNhZS1mNjI5
ZjAwYjVlMDgxCjAIBgNVBAUTATEwHhcNMjUwNzAyMTg1MTUxWhcNMzAwODEwMTg1
MTUxWjCBhjEaMBgGA1UEAwwRc2NtLXN1YkBsb2NhbGhvc3QxLTArBgNVBAsMJGNh
MTgxOTY2LWU3ZjYtNGM3Ny04MzQ0LTY1NDE2ZDE4ZDFmODEtMCsGA1UECgwkZmYw
NTRhYjctNmRhNy00NDhmLTljYWUtZjYyOWYwMGI1ZTA4MQowCAYDVQQFEwE0MIIB
IjANBgkqhkiG9w0BAQEFAAOCAQ8AMIIBCgKCAQEAzf+7IlDNj5ZoOW1TcHtLg7pD
3+pPcnL0lLKPzwFsFhgpWveBFbDLMhejxXKXkhG+BstH08S0SCns3JAN44bKcCGl
77wFw11QWHcAy1aDl4D8cZrCzrBbVqkPufNyuwdbNp7ij7TA1AmyQbdRITT/ODeN
C23THVhrzbRW+81yYxPY9a4YfzJWmVxSVpCXzwXxjUnnlgrm2gl7XzKaDEnIEdv3
cge8iPl9kJY9CZcUEy1WLtSZ7Ws2q878UbBJr/N7juYnCRn9O4oUeSZM2N87RqxC
3CrvUR+esouI3QypsxmYVJ0AvdQn8Agi/b0KfPo7Vu2Tos5Q1IqS4IsZdlaUwwID
AQABo3cwdTAOBgNVHQ8BAf8EBAMCAb4wUgYDVR0RBEswSYcECgEAaoJBZnYtYXox
Mjg4LTQzNC5iZ3V1MnpkdXNjZGViY3FmbHJvdmMxbWhqaC5keC5pbnRlcm5hbC5j
bG91ZGFwcC5uZXQwDwYDVR0TAQH/BAUwAwEB/zANBgkqhkiG9w0BAQsFAAOCAQEA
l0im3kI8Ax6RzsBswqdhC6d6lLkZs1ltGvW5BM99nuAkq/tUoQEHmbMQwY08zUD4
jZmNUR+Ix54egIh1+5OsN4EVJm/V2GGLiKMxdJ6+LcO7cc2Lp5vNnRd4FIqd8GHW
ehuxZeg+lAutKCHX4G7ILd+yiiCHVWUMXCffTGxTr7A0xFGcAQPTQ9HpTorlkEwX
o7a/uJ5FdyyppobUI2nUJjF/53WRcbAEMDw/NNgcMR76QMoYpkvdIC/tHO8R0K1h
MFh9MFg3u3/pgNfkIJbHThLVDJZnGjOQ8+dOBZdsD0nSHtfIcKQhy+Pbi8/XicWM
HTzXnsh3aGeKIkAlnGiG8A==
-----END CERTIFICATE-----

-----BEGIN CERTIFICATE-----
MIID+DCCAuCgAwIBAgIBATANBgkqhkiG9w0BAQsFADCBgjEWMBQGA1UEAwwNc2Nt
QGxvY2FsaG9zdDEtMCsGA1UECwwkMDU3MGQyN2UtNzU1Ny00NDliLTk0OWMtM2U3
ZjdmYzU3YjA1MS0wKwYDVQQKDCRmZjA1NGFiNy02ZGE3LTQ0OGYtOWNhZS1mNjI5
ZjAwYjVlMDgxCjAIBgNVBAUTATEwHhcNMjUwNzAyMTg1MTI4WhcNMzAwODEwMTg1
MTI4WjCBgjEWMBQGA1UEAwwNc2NtQGxvY2FsaG9zdDEtMCsGA1UECwwkMDU3MGQy
N2UtNzU1Ny00NDliLTk0OWMtM2U3ZjdmYzU3YjA1MS0wKwYDVQQKDCRmZjA1NGFi
Ny02ZGE3LTQ0OGYtOWNhZS1mNjI5ZjAwYjVlMDgxCjAIBgNVBAUTATEwggEiMA0G
CSqGSIb3DQEBAQUAA4IBDwAwggEKAoIBAQDSOHDH15CZsZYmQ3wfdwmh8mSpyVHk
1uULzHKGB/g5GGl37+OOp8iwkJLXTlAVXPRdX/eMWXGqHq7zuYuhOYb3NcUXI4Sr
FmzzcFLtdU3aNQLis6kSEpgMXmDh1YJrwEaC92Hi1rjos0Bi5YOzGA5Bg8goo/Hg
UZZMiVGPNf24RlbEnqvLvqle4VvvYXwEcVXtdGKF9zLr2aitH1U6aVlHp69HYltc
Cn+TKtEiTFwBnZhArY+ppxsEe8oiXT0rB4mhdgertPk4tf/HTtw0lS7TXTI8aBC1
duiKXPAepLzbRGPe3cEEvCPCAkWyeBDknjTVCX3rITXm8oOfqMP9d/XbAgMBAAGj
dzB1MA8GA1UdEwEB/wQFMAMBAf8wDgYDVR0PAQH/BAQDAgEGMFIGA1UdEQRLMEmH
BAoBAGqCQWZ2LWF6MTI4OC00MzQuYmd1dTJ6ZHVzY2RlYmNxZmxyb3ZjMW1oamgu
ZHguaW50ZXJuYWwuY2xvdWRhcHAubmV0MA0GCSqGSIb3DQEBCwUAA4IBAQAFYWuU
DGLCxzWqlISKSJkp+GzwpSuGbvbGP9EImQNRYo00OYVsuKp5S+21u0LEKwtPDzIX
qEmjZD72b/At4ZtASAIlFCTtD2lOSLR+jC/k4WNQ3Qi9GXq8L6fwO5n4beoeX7dK
igE9ppwYPTljSrabdadG46EsxPm33y2TsV+9F+AHILamSLKtcfLzj4exd3wawGpv
egolczxu7mwSj6J5TP+m2LcP9uxqg/QIa6i5uD/dVduxkPkoQ7cY/+uOMdWWFg+0
2ngy8j05z1Y4SJCO/HB+1b53O4dAoX/BotgBjGwbRSNVA4LMenALIXLWa0yivRFf
ag9T/4oGtYfovUKc
-----END CERTIFICATE-----

2025-07-02 18:51:51,452 [main] INFO  utils.CertificateCodec (CertificateCodec.java:writeCertificate(241)) - Save certificate to /home/runner/work/ozone/ozone/hadoop-ozone/integration-test/target/test-dir/MiniOzoneClusterImpl-ff054ab7-6da7-448f-9cae-f629f00b5e08/scmNode-3/scm/sub-ca/certs/certificate.crt
2025-07-02 18:51:51,453 [main] INFO  utils.CertificateCodec (CertificateCodec.java:writeCertificate(242)) - Certificate -----BEGIN CERTIFICATE-----
MIID/DCCAuSgAwIBAgIBBDANBgkqhkiG9w0BAQsFADCBgjEWMBQGA1UEAwwNc2Nt
QGxvY2FsaG9zdDEtMCsGA1UECwwkMDU3MGQyN2UtNzU1Ny00NDliLTk0OWMtM2U3
ZjdmYzU3YjA1MS0wKwYDVQQKDCRmZjA1NGFiNy02ZGE3LTQ0OGYtOWNhZS1mNjI5
ZjAwYjVlMDgxCjAIBgNVBAUTATEwHhcNMjUwNzAyMTg1MTUxWhcNMzAwODEwMTg1
MTUxWjCBhjEaMBgGA1UEAwwRc2NtLXN1YkBsb2NhbGhvc3QxLTArBgNVBAsMJGNh
MTgxOTY2LWU3ZjYtNGM3Ny04MzQ0LTY1NDE2ZDE4ZDFmODEtMCsGA1UECgwkZmYw
NTRhYjctNmRhNy00NDhmLTljYWUtZjYyOWYwMGI1ZTA4MQowCAYDVQQFEwE0MIIB
IjANBgkqhkiG9w0BAQEFAAOCAQ8AMIIBCgKCAQEAzf+7IlDNj5ZoOW1TcHtLg7pD
3+pPcnL0lLKPzwFsFhgpWveBFbDLMhejxXKXkhG+BstH08S0SCns3JAN44bKcCGl
77wFw11QWHcAy1aDl4D8cZrCzrBbVqkPufNyuwdbNp7ij7TA1AmyQbdRITT/ODeN
C23THVhrzbRW+81yYxPY9a4YfzJWmVxSVpCXzwXxjUnnlgrm2gl7XzKaDEnIEdv3
cge8iPl9kJY9CZcUEy1WLtSZ7Ws2q878UbBJr/N7juYnCRn9O4oUeSZM2N87RqxC
3CrvUR+esouI3QypsxmYVJ0AvdQn8Agi/b0KfPo7Vu2Tos5Q1IqS4IsZdlaUwwID
AQABo3cwdTAOBgNVHQ8BAf8EBAMCAb4wUgYDVR0RBEswSYcECgEAaoJBZnYtYXox
Mjg4LTQzNC5iZ3V1MnpkdXNjZGViY3FmbHJvdmMxbWhqaC5keC5pbnRlcm5hbC5j
bG91ZGFwcC5uZXQwDwYDVR0TAQH/BAUwAwEB/zANBgkqhkiG9w0BAQsFAAOCAQEA
l0im3kI8Ax6RzsBswqdhC6d6lLkZs1ltGvW5BM99nuAkq/tUoQEHmbMQwY08zUD4
jZmNUR+Ix54egIh1+5OsN4EVJm/V2GGLiKMxdJ6+LcO7cc2Lp5vNnRd4FIqd8GHW
ehuxZeg+lAutKCHX4G7ILd+yiiCHVWUMXCffTGxTr7A0xFGcAQPTQ9HpTorlkEwX
o7a/uJ5FdyyppobUI2nUJjF/53WRcbAEMDw/NNgcMR76QMoYpkvdIC/tHO8R0K1h
MFh9MFg3u3/pgNfkIJbHThLVDJZnGjOQ8+dOBZdsD0nSHtfIcKQhy+Pbi8/XicWM
HTzXnsh3aGeKIkAlnGiG8A==
-----END CERTIFICATE-----

-----BEGIN CERTIFICATE-----
MIID+DCCAuCgAwIBAgIBATANBgkqhkiG9w0BAQsFADCBgjEWMBQGA1UEAwwNc2Nt
QGxvY2FsaG9zdDEtMCsGA1UECwwkMDU3MGQyN2UtNzU1Ny00NDliLTk0OWMtM2U3
ZjdmYzU3YjA1MS0wKwYDVQQKDCRmZjA1NGFiNy02ZGE3LTQ0OGYtOWNhZS1mNjI5
ZjAwYjVlMDgxCjAIBgNVBAUTATEwHhcNMjUwNzAyMTg1MTI4WhcNMzAwODEwMTg1
MTI4WjCBgjEWMBQGA1UEAwwNc2NtQGxvY2FsaG9zdDEtMCsGA1UECwwkMDU3MGQy
N2UtNzU1Ny00NDliLTk0OWMtM2U3ZjdmYzU3YjA1MS0wKwYDVQQKDCRmZjA1NGFi
Ny02ZGE3LTQ0OGYtOWNhZS1mNjI5ZjAwYjVlMDgxCjAIBgNVBAUTATEwggEiMA0G
CSqGSIb3DQEBAQUAA4IBDwAwggEKAoIBAQDSOHDH15CZsZYmQ3wfdwmh8mSpyVHk
1uULzHKGB/g5GGl37+OOp8iwkJLXTlAVXPRdX/eMWXGqHq7zuYuhOYb3NcUXI4Sr
FmzzcFLtdU3aNQLis6kSEpgMXmDh1YJrwEaC92Hi1rjos0Bi5YOzGA5Bg8goo/Hg
UZZMiVGPNf24RlbEnqvLvqle4VvvYXwEcVXtdGKF9zLr2aitH1U6aVlHp69HYltc
Cn+TKtEiTFwBnZhArY+ppxsEe8oiXT0rB4mhdgertPk4tf/HTtw0lS7TXTI8aBC1
duiKXPAepLzbRGPe3cEEvCPCAkWyeBDknjTVCX3rITXm8oOfqMP9d/XbAgMBAAGj
dzB1MA8GA1UdEwEB/wQFMAMBAf8wDgYDVR0PAQH/BAQDAgEGMFIGA1UdEQRLMEmH
BAoBAGqCQWZ2LWF6MTI4OC00MzQuYmd1dTJ6ZHVzY2RlYmNxZmxyb3ZjMW1oamgu
ZHguaW50ZXJuYWwuY2xvdWRhcHAubmV0MA0GCSqGSIb3DQEBCwUAA4IBAQAFYWuU
DGLCxzWqlISKSJkp+GzwpSuGbvbGP9EImQNRYo00OYVsuKp5S+21u0LEKwtPDzIX
qEmjZD72b/At4ZtASAIlFCTtD2lOSLR+jC/k4WNQ3Qi9GXq8L6fwO5n4beoeX7dK
igE9ppwYPTljSrabdadG46EsxPm33y2TsV+9F+AHILamSLKtcfLzj4exd3wawGpv
egolczxu7mwSj6J5TP+m2LcP9uxqg/QIa6i5uD/dVduxkPkoQ7cY/+uOMdWWFg+0
2ngy8j05z1Y4SJCO/HB+1b53O4dAoX/BotgBjGwbRSNVA4LMenALIXLWa0yivRFf
ag9T/4oGtYfovUKc
-----END CERTIFICATE-----

2025-07-02 18:51:51,453 [main] INFO  client.SCMCertificateClient (SCMCertificateClient.java:recoverStateIfNeeded(289)) - Successfully stored SCM signed certificate.
2025-07-02 18:51:51,455 [main] INFO  server.StorageContainerManager (StorageContainerManager.java:scmBootstrap(1203)) - SCM BootStrap  is successful for ClusterID ff054ab7-6da7-448f-9cae-f629f00b5e08, SCMID ca181966-e7f6-4c77-8344-65416d18d1f8
2025-07-02 18:51:51,456 [main] INFO  server.StorageContainerManager (StorageContainerManager.java:scmBootstrap(1205)) - Primary SCM Node ID 0570d27e-7557-449b-949c-3e7f7fc57b05
2025-07-02 18:51:51,456 [main] WARN  server.ServerUtils (ServerUtils.java:getScmDbDir(138)) - ozone.scm.db.dirs is not configured. We recommend adding this setting. Falling back to ozone.metadata.dirs instead.
2025-07-02 18:51:51,456 [main] INFO  ha.SCMHANodeDetails (SCMHANodeDetails.java:loadSCMHAConfig(162)) - ServiceID for StorageContainerManager is SecureSCM
2025-07-02 18:51:51,456 [main] INFO  ha.SCMHANodeDetails (SCMHANodeDetails.java:loadSCMHAConfig(172)) - ServiceID for StorageContainerManager is SecureSCM
2025-07-02 18:51:51,457 [main] WARN  scm.ScmUtils (ScmUtils.java:logWarn(162)) - ConfigKey ozone.scm.block.client.address is deprecated, For configuring different ports for each SCM use PortConfigKey ozone.scm.block.client.port appended with serviceId and nodeId. If want to configure same port configure ozone.scm.block.client.port
2025-07-02 18:51:51,457 [main] WARN  scm.ScmUtils (ScmUtils.java:logWarn(162)) - ConfigKey ozone.scm.client.address is deprecated, For configuring different ports for each SCM use PortConfigKey ozone.scm.client.port appended with serviceId and nodeId. If want to configure same port configure ozone.scm.client.port
2025-07-02 18:51:51,457 [main] WARN  scm.ScmUtils (ScmUtils.java:logWarn(162)) - ConfigKey ozone.scm.datanode.address is deprecated, For configuring different ports for each SCM use PortConfigKey ozone.scm.datanode.port appended with serviceId and nodeId. If want to configure same port configure ozone.scm.datanode.port
2025-07-02 18:51:51,457 [main] WARN  scm.ScmUtils (ScmUtils.java:logWarn(162)) - ConfigKey ozone.scm.block.client.address is deprecated, For configuring different ports for each SCM use PortConfigKey ozone.scm.block.client.port appended with serviceId and nodeId. If want to configure same port configure ozone.scm.block.client.port
2025-07-02 18:51:51,457 [main] WARN  scm.ScmUtils (ScmUtils.java:logWarn(162)) - ConfigKey ozone.scm.client.address is deprecated, For configuring different ports for each SCM use PortConfigKey ozone.scm.client.port appended with serviceId and nodeId. If want to configure same port configure ozone.scm.client.port
2025-07-02 18:51:51,457 [main] WARN  scm.ScmUtils (ScmUtils.java:logWarn(162)) - ConfigKey ozone.scm.datanode.address is deprecated, For configuring different ports for each SCM use PortConfigKey ozone.scm.datanode.port appended with serviceId and nodeId. If want to configure same port configure ozone.scm.datanode.port
2025-07-02 18:51:51,458 [main] INFO  ha.SCMHANodeDetails (SCMHANodeDetails.java:loadSCMHAConfig(259)) - Found matching SCM address with SCMServiceId: SecureSCM, SCMNodeId: scmNode-3, RPC Address: localhost:15019 and Ratis port: 15019
2025-07-02 18:51:51,458 [main] INFO  ha.SCMHANodeDetails (ConfUtils.java:setNodeSpecificConfigs(98)) - Setting configuration key ozone.scm.datanode.address with value of key ozone.scm.datanode.address.SecureSCM.scmNode-3: 127.0.0.1:15020
2025-07-02 18:51:51,458 [main] INFO  ha.SCMHANodeDetails (ConfUtils.java:setNodeSpecificConfigs(98)) - Setting configuration key ozone.scm.block.client.address with value of key ozone.scm.block.client.address.SecureSCM.scmNode-3: 127.0.0.1:15023
2025-07-02 18:51:51,458 [main] INFO  ha.SCMHANodeDetails (ConfUtils.java:setNodeSpecificConfigs(98)) - Setting configuration key ozone.scm.client.address with value of key ozone.scm.client.address.SecureSCM.scmNode-3: 127.0.0.1:15021
2025-07-02 18:51:51,458 [main] INFO  ha.SCMHANodeDetails (ConfUtils.java:setNodeSpecificConfigs(98)) - Setting configuration key ozone.scm.security.service.address with value of key ozone.scm.security.service.address.SecureSCM.scmNode-3: 127.0.0.1:15018
2025-07-02 18:51:51,458 [main] INFO  ha.SCMHANodeDetails (ConfUtils.java:setNodeSpecificConfigs(98)) - Setting configuration key ozone.scm.ratis.port with value of key ozone.scm.ratis.port.SecureSCM.scmNode-3: 15019
2025-07-02 18:51:51,458 [main] INFO  ha.SCMHANodeDetails (ConfUtils.java:setNodeSpecificConfigs(98)) - Setting configuration key ozone.scm.grpc.port with value of key ozone.scm.grpc.port.SecureSCM.scmNode-3: 15022
2025-07-02 18:51:51,458 [main] INFO  ha.SCMHANodeDetails (ConfUtils.java:setNodeSpecificConfigs(98)) - Setting configuration key ozone.scm.http-address with value of key ozone.scm.http-address.SecureSCM.scmNode-3: 127.0.0.1:15016
2025-07-02 18:51:51,459 [main] INFO  ha.SCMHANodeDetails (ConfUtils.java:setNodeSpecificConfigs(98)) - Setting configuration key ozone.scm.https-address with value of key ozone.scm.https-address.SecureSCM.scmNode-3: 127.0.0.1:15017
2025-07-02 18:51:51,459 [main] INFO  ha.SCMHANodeDetails (ConfUtils.java:setNodeSpecificConfigs(98)) - Setting configuration key ozone.scm.address with value of key ozone.scm.address.SecureSCM.scmNode-3: 127.0.0.1
2025-07-02 18:51:51,459 [main] WARN  scm.ScmUtils (ScmUtils.java:logWarn(162)) - ConfigKey ozone.scm.block.client.address is deprecated, For configuring different ports for each SCM use PortConfigKey ozone.scm.block.client.port appended with serviceId and nodeId. If want to configure same port configure ozone.scm.block.client.port
2025-07-02 18:51:51,459 [main] WARN  scm.ScmUtils (ScmUtils.java:logWarn(162)) - ConfigKey ozone.scm.client.address is deprecated, For configuring different ports for each SCM use PortConfigKey ozone.scm.client.port appended with serviceId and nodeId. If want to configure same port configure ozone.scm.client.port
2025-07-02 18:51:51,459 [main] WARN  scm.ScmUtils (ScmUtils.java:logWarn(162)) - ConfigKey ozone.scm.datanode.address is deprecated, For configuring different ports for each SCM use PortConfigKey ozone.scm.datanode.port appended with serviceId and nodeId. If want to configure same port configure ozone.scm.datanode.port
2025-07-02 18:51:51,460 [main] INFO  ha.SCMNodeInfo (SCMNodeInfo.java:getPort(197)) - ConfigKey ozone.scm.client.address is deprecated, For configuring different ports for each SCM use PortConfigKey ozone.scm.client.port appended with serviceId and nodeId
2025-07-02 18:51:51,461 [main] INFO  ha.SCMNodeInfo (SCMNodeInfo.java:getPort(197)) - ConfigKey ozone.scm.block.client.address is deprecated, For configuring different ports for each SCM use PortConfigKey ozone.scm.block.client.port appended with serviceId and nodeId
2025-07-02 18:51:51,461 [main] INFO  ha.SCMNodeInfo (SCMNodeInfo.java:getPort(197)) - ConfigKey ozone.scm.security.service.address is deprecated, For configuring different ports for each SCM use PortConfigKey ozone.scm.security.service.port appended with serviceId and nodeId
2025-07-02 18:51:51,461 [main] INFO  ha.SCMNodeInfo (SCMNodeInfo.java:getPort(197)) - ConfigKey ozone.scm.datanode.address is deprecated, For configuring different ports for each SCM use PortConfigKey ozone.scm.datanode.port appended with serviceId and nodeId
2025-07-02 18:51:51,461 [main] INFO  ha.SCMNodeInfo (SCMNodeInfo.java:getPort(197)) - ConfigKey ozone.scm.client.address is deprecated, For configuring different ports for each SCM use PortConfigKey ozone.scm.client.port appended with serviceId and nodeId
2025-07-02 18:51:51,461 [main] INFO  ha.SCMNodeInfo (SCMNodeInfo.java:getPort(197)) - ConfigKey ozone.scm.block.client.address is deprecated, For configuring different ports for each SCM use PortConfigKey ozone.scm.block.client.port appended with serviceId and nodeId
2025-07-02 18:51:51,461 [main] INFO  ha.SCMNodeInfo (SCMNodeInfo.java:getPort(197)) - ConfigKey ozone.scm.security.service.address is deprecated, For configuring different ports for each SCM use PortConfigKey ozone.scm.security.service.port appended with serviceId and nodeId
2025-07-02 18:51:51,461 [main] INFO  ha.SCMNodeInfo (SCMNodeInfo.java:getPort(197)) - ConfigKey ozone.scm.datanode.address is deprecated, For configuring different ports for each SCM use PortConfigKey ozone.scm.datanode.port appended with serviceId and nodeId
2025-07-02 18:51:51,461 [main] INFO  ha.SCMNodeInfo (SCMNodeInfo.java:getPort(197)) - ConfigKey ozone.scm.client.address is deprecated, For configuring different ports for each SCM use PortConfigKey ozone.scm.client.port appended with serviceId and nodeId
2025-07-02 18:51:51,461 [main] INFO  ha.SCMNodeInfo (SCMNodeInfo.java:getPort(197)) - ConfigKey ozone.scm.block.client.address is deprecated, For configuring different ports for each SCM use PortConfigKey ozone.scm.block.client.port appended with serviceId and nodeId
2025-07-02 18:51:51,462 [main] INFO  ha.SCMNodeInfo (SCMNodeInfo.java:getPort(197)) - ConfigKey ozone.scm.security.service.address is deprecated, For configuring different ports for each SCM use PortConfigKey ozone.scm.security.service.port appended with serviceId and nodeId
2025-07-02 18:51:51,462 [main] INFO  ha.SCMNodeInfo (SCMNodeInfo.java:getPort(197)) - ConfigKey ozone.scm.datanode.address is deprecated, For configuring different ports for each SCM use PortConfigKey ozone.scm.datanode.port appended with serviceId and nodeId
2025-07-02 18:51:51,464 [pool-2-thread-2] INFO  request.KdcRequest (KdcRequest.java:preauth(683)) - The preauth data is empty.
2025-07-02 18:51:51,465 [pool-2-thread-2] INFO  server.KdcHandler (KdcHandler.java:handleRecoverableException(177)) - KRB error occurred while processing request: Additional pre-authentication required
2025-07-02 18:51:51,468 [pool-2-thread-2] INFO  request.AsRequest (AsRequest.java:issueTicket(112)) - AS_REQ ISSUE: authtime 1751482311467,scm/localhost@EXAMPLE.COM for krbtgt/EXAMPLE.COM@EXAMPLE.COM
2025-07-02 18:51:51,470 [main] INFO  security.UserGroupInformation (UserGroupInformation.java:loginUserFromKeytab(1143)) - Login successful for user scm/localhost@EXAMPLE.COM using keytab file scm.keytab. Keytab auto renewal enabled : false
2025-07-02 18:51:51,470 [main] INFO  server.StorageContainerManager (StorageContainerManager.java:loginAsSCMUserIfSecurityEnabled(1069)) - SCM login successful.
2025-07-02 18:51:51,471 [main] INFO  ha.SCMNodeInfo (SCMNodeInfo.java:getPort(197)) - ConfigKey ozone.scm.client.address is deprecated, For configuring different ports for each SCM use PortConfigKey ozone.scm.client.port appended with serviceId and nodeId
2025-07-02 18:51:51,472 [main] INFO  ha.SCMNodeInfo (SCMNodeInfo.java:getPort(197)) - ConfigKey ozone.scm.block.client.address is deprecated, For configuring different ports for each SCM use PortConfigKey ozone.scm.block.client.port appended with serviceId and nodeId
2025-07-02 18:51:51,472 [main] INFO  ha.SCMNodeInfo (SCMNodeInfo.java:getPort(197)) - ConfigKey ozone.scm.security.service.address is deprecated, For configuring different ports for each SCM use PortConfigKey ozone.scm.security.service.port appended with serviceId and nodeId
2025-07-02 18:51:51,472 [main] INFO  ha.SCMNodeInfo (SCMNodeInfo.java:getPort(197)) - ConfigKey ozone.scm.datanode.address is deprecated, For configuring different ports for each SCM use PortConfigKey ozone.scm.datanode.port appended with serviceId and nodeId
2025-07-02 18:51:51,472 [main] INFO  ha.SCMNodeInfo (SCMNodeInfo.java:getPort(197)) - ConfigKey ozone.scm.client.address is deprecated, For configuring different ports for each SCM use PortConfigKey ozone.scm.client.port appended with serviceId and nodeId
2025-07-02 18:51:51,472 [main] INFO  ha.SCMNodeInfo (SCMNodeInfo.java:getPort(197)) - ConfigKey ozone.scm.block.client.address is deprecated, For configuring different ports for each SCM use PortConfigKey ozone.scm.block.client.port appended with serviceId and nodeId
2025-07-02 18:51:51,472 [main] INFO  ha.SCMNodeInfo (SCMNodeInfo.java:getPort(197)) - ConfigKey ozone.scm.security.service.address is deprecated, For configuring different ports for each SCM use PortConfigKey ozone.scm.security.service.port appended with serviceId and nodeId
2025-07-02 18:51:51,472 [main] INFO  ha.SCMNodeInfo (SCMNodeInfo.java:getPort(197)) - ConfigKey ozone.scm.datanode.address is deprecated, For configuring different ports for each SCM use PortConfigKey ozone.scm.datanode.port appended with serviceId and nodeId
2025-07-02 18:51:51,472 [main] INFO  ha.SCMNodeInfo (SCMNodeInfo.java:getPort(197)) - ConfigKey ozone.scm.client.address is deprecated, For configuring different ports for each SCM use PortConfigKey ozone.scm.client.port appended with serviceId and nodeId
2025-07-02 18:51:51,472 [main] INFO  ha.SCMNodeInfo (SCMNodeInfo.java:getPort(197)) - ConfigKey ozone.scm.block.client.address is deprecated, For configuring different ports for each SCM use PortConfigKey ozone.scm.block.client.port appended with serviceId and nodeId
2025-07-02 18:51:51,472 [main] INFO  ha.SCMNodeInfo (SCMNodeInfo.java:getPort(197)) - ConfigKey ozone.scm.security.service.address is deprecated, For configuring different ports for each SCM use PortConfigKey ozone.scm.security.service.port appended with serviceId and nodeId
2025-07-02 18:51:51,472 [main] INFO  ha.SCMNodeInfo (SCMNodeInfo.java:getPort(197)) - ConfigKey ozone.scm.datanode.address is deprecated, For configuring different ports for each SCM use PortConfigKey ozone.scm.datanode.port appended with serviceId and nodeId
2025-07-02 18:51:51,473 [main] INFO  proxy.SCMSecurityProtocolFailoverProxyProvider (SCMFailoverProxyProviderBase.java:<init>(120)) - Created fail-over proxy for protocol SCMSecurityProtocolPB with 3 nodes: [nodeId=scmNode-2,nodeAddress=/127.0.0.1:15010, nodeId=scmNode-3,nodeAddress=/127.0.0.1:15018, nodeId=scmNode-1,nodeAddress=/127.0.0.1:15002]
2025-07-02 18:51:51,473 [main] INFO  ha.SCMNodeInfo (SCMNodeInfo.java:getPort(197)) - ConfigKey ozone.scm.client.address is deprecated, For configuring different ports for each SCM use PortConfigKey ozone.scm.client.port appended with serviceId and nodeId
2025-07-02 18:51:51,473 [main] INFO  ha.SCMNodeInfo (SCMNodeInfo.java:getPort(197)) - ConfigKey ozone.scm.block.client.address is deprecated, For configuring different ports for each SCM use PortConfigKey ozone.scm.block.client.port appended with serviceId and nodeId
2025-07-02 18:51:51,473 [main] INFO  ha.SCMNodeInfo (SCMNodeInfo.java:getPort(197)) - ConfigKey ozone.scm.security.service.address is deprecated, For configuring different ports for each SCM use PortConfigKey ozone.scm.security.service.port appended with serviceId and nodeId
2025-07-02 18:51:51,473 [main] INFO  ha.SCMNodeInfo (SCMNodeInfo.java:getPort(197)) - ConfigKey ozone.scm.datanode.address is deprecated, For configuring different ports for each SCM use PortConfigKey ozone.scm.datanode.port appended with serviceId and nodeId
2025-07-02 18:51:51,473 [main] INFO  ha.SCMNodeInfo (SCMNodeInfo.java:getPort(197)) - ConfigKey ozone.scm.client.address is deprecated, For configuring different ports for each SCM use PortConfigKey ozone.scm.client.port appended with serviceId and nodeId
2025-07-02 18:51:51,473 [main] INFO  ha.SCMNodeInfo (SCMNodeInfo.java:getPort(197)) - ConfigKey ozone.scm.block.client.address is deprecated, For configuring different ports for each SCM use PortConfigKey ozone.scm.block.client.port appended with serviceId and nodeId
2025-07-02 18:51:51,474 [main] INFO  ha.SCMNodeInfo (SCMNodeInfo.java:getPort(197)) - ConfigKey ozone.scm.security.service.address is deprecated, For configuring different ports for each SCM use PortConfigKey ozone.scm.security.service.port appended with serviceId and nodeId
2025-07-02 18:51:51,474 [main] INFO  ha.SCMNodeInfo (SCMNodeInfo.java:getPort(197)) - ConfigKey ozone.scm.datanode.address is deprecated, For configuring different ports for each SCM use PortConfigKey ozone.scm.datanode.port appended with serviceId and nodeId
2025-07-02 18:51:51,474 [main] INFO  ha.SCMNodeInfo (SCMNodeInfo.java:getPort(197)) - ConfigKey ozone.scm.client.address is deprecated, For configuring different ports for each SCM use PortConfigKey ozone.scm.client.port appended with serviceId and nodeId
2025-07-02 18:51:51,474 [main] INFO  ha.SCMNodeInfo (SCMNodeInfo.java:getPort(197)) - ConfigKey ozone.scm.block.client.address is deprecated, For configuring different ports for each SCM use PortConfigKey ozone.scm.block.client.port appended with serviceId and nodeId
2025-07-02 18:51:51,474 [main] INFO  ha.SCMNodeInfo (SCMNodeInfo.java:getPort(197)) - ConfigKey ozone.scm.security.service.address is deprecated, For configuring different ports for each SCM use PortConfigKey ozone.scm.security.service.port appended with serviceId and nodeId
2025-07-02 18:51:51,474 [main] INFO  ha.SCMNodeInfo (SCMNodeInfo.java:getPort(197)) - ConfigKey ozone.scm.datanode.address is deprecated, For configuring different ports for each SCM use PortConfigKey ozone.scm.datanode.port appended with serviceId and nodeId
2025-07-02 18:51:51,474 [main] INFO  client.SCMCertificateClient (DefaultCertificateClient.java:updateCertSerialId(1289)) - Certificate serial ID set to 4
2025-07-02 18:51:51,475 [main] INFO  client.SCMCertificateClient (DefaultCertificateClient.java:readCertificateFile(247)) - Added certificate 1 from file: /home/runner/work/ozone/ozone/hadoop-ozone/integration-test/target/test-dir/MiniOzoneClusterImpl-ff054ab7-6da7-448f-9cae-f629f00b5e08/scmNode-3/scm/sub-ca/certs/CA-1.crt.
2025-07-02 18:51:51,477 [main] INFO  client.SCMCertificateClient (DefaultCertificateClient.java:readCertificateFile(247)) - Added certificate 4 from file: /home/runner/work/ozone/ozone/hadoop-ozone/integration-test/target/test-dir/MiniOzoneClusterImpl-ff054ab7-6da7-448f-9cae-f629f00b5e08/scmNode-3/scm/sub-ca/certs/certificate.crt.
2025-07-02 18:51:51,478 [main] INFO  client.SCMCertificateClient (DefaultCertificateClient.java:readCertificateFile(247)) - Added certificate 4 from file: /home/runner/work/ozone/ozone/hadoop-ozone/integration-test/target/test-dir/MiniOzoneClusterImpl-ff054ab7-6da7-448f-9cae-f629f00b5e08/scmNode-3/scm/sub-ca/certs/4.crt.
2025-07-02 18:51:51,478 [main] INFO  client.SCMCertificateClient (DefaultCertificateClient.java:loadAllCertificates(196)) - CertificateRenewerService and root ca rotation polling is disabled for scm/sub-ca
2025-07-02 18:51:51,478 [main] WARN  utils.HAUtils (HAUtils.java:getMetaDir(311)) - ozone.scm.db.dirs is not configured. We recommend adding this setting. Falling back to ozone.metadata.dirs instead.
2025-07-02 18:51:51,478 [main] WARN  db.DBStoreBuilder (DBStoreBuilder.java:getDBDirPath(159)) - ozone.scm.db.dirs is not configured. We recommend adding this setting. Falling back to ozone.metadata.dirs instead.
2025-07-02 18:51:51,537 [main] INFO  net.NodeSchemaLoader (NodeSchemaLoader.java:loadSchemaFromFile(128)) - Loading schema from [jar:file:/home/runner/work/ozone/ozone/hadoop-hdds/common/target/hdds-common-2.1.0-SNAPSHOT.jar!/network-topology-default.xml]
2025-07-02 18:51:51,537 [main] INFO  net.NodeSchemaLoader (NodeSchemaLoader.java:loadSchema(175)) - Loading network topology layer schema file
2025-07-02 18:51:51,540 [main] WARN  dropwizard3.Dm3MetricRegistriesImpl (Dm3MetricRegistriesImpl.java:addReporterRegistration(114)) - New reporters are added after registries were created. Some metrics will be missing from the reporter. Please add reporter before adding any new registry.
2025-07-02 18:51:51,540 [main] WARN  dropwizard3.Dm3MetricRegistriesImpl (Dm3MetricRegistriesImpl.java:addReporterRegistration(114)) - New reporters are added after registries were created. Some metrics will be missing from the reporter. Please add reporter before adding any new registry.
2025-07-02 18:51:51,557 [main] INFO  ha.SCMRatisServerImpl (SCMRatisServerImpl.java:<init>(100)) - starting Raft server for scm:ca181966-e7f6-4c77-8344-65416d18d1f8
2025-07-02 18:51:51,558 [main] INFO  server.RaftServerConfigKeys (ConfUtils.java:logGet(62)) - raft.server.log.appender.buffer.byte-limit = 4194304 (custom)
2025-07-02 18:51:51,559 [main] INFO  grpc.GrpcConfigKeys (ConfUtils.java:logFallback(69)) - raft.grpc.admin.host = null (fallback to raft.grpc.server.host)
2025-07-02 18:51:51,559 [main] INFO  grpc.GrpcConfigKeys (ConfUtils.java:logFallback(69)) - raft.grpc.admin.port = 15019 (fallback to raft.grpc.server.port)
2025-07-02 18:51:51,559 [main] INFO  grpc.GrpcConfigKeys (ConfUtils.java:logFallback(69)) - raft.grpc.client.host = null (fallback to raft.grpc.server.host)
2025-07-02 18:51:51,559 [main] INFO  grpc.GrpcConfigKeys (ConfUtils.java:logFallback(69)) - raft.grpc.client.port = 15019 (fallback to raft.grpc.server.port)
2025-07-02 18:51:51,559 [main] INFO  grpc.GrpcConfigKeys (ConfUtils.java:logGet(62)) - raft.grpc.server.port = 15019 (custom)
2025-07-02 18:51:51,560 [main] INFO  server.GrpcServicesImpl (ConfUtils.java:logGet(62)) - raft.grpc.message.size.max = 5242880 (custom)
2025-07-02 18:51:51,560 [main] INFO  server.RaftServerConfigKeys (ConfUtils.java:logGet(62)) - raft.server.log.appender.buffer.byte-limit = 4194304 (custom)
2025-07-02 18:51:51,561 [main] INFO  server.RaftServerConfigKeys (ConfUtils.java:logGet(62)) - raft.server.storage.dir = [/home/runner/work/ozone/ozone/hadoop-ozone/integration-test/target/test-dir/MiniOzoneClusterImpl-ff054ab7-6da7-448f-9cae-f629f00b5e08/scmNode-3/scm-ha] (custom)
2025-07-02 18:51:51,561 [main] INFO  server.RaftServer (RaftServerProxy.java:addNew(105)) - ca181966-e7f6-4c77-8344-65416d18d1f8: addNew group-F629F00B5E08:[] returns group-F629F00B5E08:java.util.concurrent.CompletableFuture@12de62aa[Not completed]
2025-07-02 18:51:51,561 [ca181966-e7f6-4c77-8344-65416d18d1f8-groupManagement] INFO  server.RaftServer$Division (RaftServerImpl.java:<init>(268)) - ca181966-e7f6-4c77-8344-65416d18d1f8: new RaftServerImpl for group-F629F00B5E08:[] with SCMStateMachine:uninitialized
2025-07-02 18:51:51,562 [ca181966-e7f6-4c77-8344-65416d18d1f8-groupManagement] INFO  server.RaftServer$Division (ServerState.java:<init>(114)) - ca181966-e7f6-4c77-8344-65416d18d1f8@group-F629F00B5E08: ConfigurationManager, init=conf: {index: -1, cur=peers:[]|listeners:[], old=null}, confs=<EMPTY_MAP>
2025-07-02 18:51:51,567 [main] INFO  ha.SCMSnapshotProvider (SCMSnapshotProvider.java:<init>(61)) - Initializing SCM Snapshot Provider
2025-07-02 18:51:51,567 [main] WARN  server.ServerUtils (ServerUtils.java:getDefaultRatisDirectory(304)) - Storage directory for Ratis is not configured. It is a good idea to map this to an SSD disk. Falling back to ozone.metadata.dirs
2025-07-02 18:51:51,568 [main] WARN  ha.SCMHAUtils (SCMHAUtils.java:getSCMRatisSnapshotDirectory(120)) - SCM snapshot dir is not configured. Falling back to ozone.metadata.dirs config
2025-07-02 18:51:51,569 [main] INFO  upgrade.AbstractLayoutVersionManager (AbstractLayoutVersionManager.java:init(80)) - Initializing Layout version manager with metadata layout = HBASE_SUPPORT (version = 8), software layout = HBASE_SUPPORT (version = 8)
2025-07-02 18:51:51,570 [main] INFO  ha.SequenceIdGenerator (SequenceIdGenerator.java:upgradeToSequenceId(353)) - upgrade localId to 115816896921600000
2025-07-02 18:51:51,571 [main] INFO  ha.SequenceIdGenerator (SequenceIdGenerator.java:upgradeToSequenceId(363)) - upgrade delTxnId to 0
2025-07-02 18:51:51,572 [main] INFO  ha.SequenceIdGenerator (SequenceIdGenerator.java:upgradeToSequenceId(379)) - upgrade containerId to 0
2025-07-02 18:51:51,573 [main] INFO  ha.SequenceIdGenerator (SequenceIdGenerator.java:upgradeToCertificateSequenceId(414)) - upgrade CertificateId to 2
2025-07-02 18:51:51,573 [main] INFO  ha.SequenceIdGenerator (SequenceIdGenerator.java:<init>(231)) - Init the HA SequenceIdGenerator.
2025-07-02 18:51:51,574 [main] INFO  node.SCMNodeManager (SCMNodeManager.java:<init>(180)) - Entering startup safe mode.
2025-07-02 18:51:51,574 [main] INFO  algorithms.ContainerPlacementPolicyFactory (ContainerPlacementPolicyFactory.java:getPolicyInternal(83)) - Create container placement policy of type org.apache.hadoop.hdds.scm.container.placement.algorithms.SCMContainerPlacementRackAware
2025-07-02 18:51:51,575 [main] INFO  algorithms.ContainerPlacementPolicyFactory (ContainerPlacementPolicyFactory.java:getPolicyInternal(83)) - Create container placement policy of type org.apache.hadoop.hdds.scm.container.placement.algorithms.SCMContainerPlacementRackScatter
2025-07-02 18:51:51,575 [main] INFO  pipeline.PipelineStateManagerImpl (PipelineStateManagerImpl.java:initialize(75)) - No pipeline exists in current db
2025-07-02 18:51:51,575 [main] INFO  algorithms.LeaderChoosePolicyFactory (LeaderChoosePolicyFactory.java:getPolicy(55)) - Create leader choose policy of type org.apache.hadoop.hdds.scm.pipeline.leader.choose.algorithms.MinLeaderCountChoosePolicy
2025-07-02 18:51:51,575 [main] INFO  algorithms.ContainerPlacementPolicyFactory (ContainerPlacementPolicyFactory.java:getPolicyInternal(83)) - Create container placement policy of type org.apache.hadoop.hdds.scm.container.placement.algorithms.SCMContainerPlacementRackScatter
2025-07-02 18:51:51,576 [main] INFO  ha.SCMServiceManager (SCMServiceManager.java:register(42)) - Registering service BackgroundPipelineCreator.
2025-07-02 18:51:51,576 [main] INFO  pipeline.BackgroundPipelineCreator (BackgroundPipelineCreator.java:start(126)) - Starting scmNode-3-RatisPipelineUtilsThread.
2025-07-02 18:51:51,576 [main] INFO  BackgroundPipelineScrubber (BackgroundSCMService.java:start(64)) - Starting BackgroundPipelineScrubber Service.
2025-07-02 18:51:51,576 [main] INFO  ha.SCMServiceManager (SCMServiceManager.java:register(42)) - Registering service BackgroundPipelineScrubber.
2025-07-02 18:51:51,577 [main] INFO  ExpiredContainerReplicaOpScrubber (BackgroundSCMService.java:start(64)) - Starting ExpiredContainerReplicaOpScrubber Service.
2025-07-02 18:51:51,577 [main] INFO  ha.SCMServiceManager (SCMServiceManager.java:register(42)) - Registering service ExpiredContainerReplicaOpScrubber.
2025-07-02 18:51:51,578 [main] INFO  algorithms.PipelineChoosePolicyFactory (PipelineChoosePolicyFactory.java:createPipelineChoosePolicyFromClass(78)) - Create pipeline choose policy of type org.apache.hadoop.hdds.scm.pipeline.choose.algorithms.RandomPipelineChoosePolicy
2025-07-02 18:51:51,578 [main] INFO  algorithms.PipelineChoosePolicyFactory (PipelineChoosePolicyFactory.java:createPipelineChoosePolicyFromClass(78)) - Create pipeline choose policy of type org.apache.hadoop.hdds.scm.pipeline.choose.algorithms.RandomPipelineChoosePolicy
2025-07-02 18:51:51,580 [main] WARN  statemachine.DatanodeConfiguration (DatanodeConfiguration.java:validateMinFreeSpace(751)) - hdds.datanode.volume.min.free.space.percent = -1.0 is invalid, should be between 0 and 1
2025-07-02 18:51:51,580 [main] INFO  ha.SCMServiceManager (SCMServiceManager.java:register(42)) - Registering service SCMBlockDeletingService.
2025-07-02 18:51:51,581 [main] INFO  replication.ReplicationManager (ReplicationManager.java:start(285)) - Starting Replication Monitor Thread.
2025-07-02 18:51:51,582 [main] INFO  ha.SCMServiceManager (SCMServiceManager.java:register(42)) - Registering service ReplicationManager.
2025-07-02 18:51:51,583 [main] INFO  safemode.RatisContainerSafeModeRule (RatisContainerSafeModeRule.java:initializeRule(160)) - Refreshed Containers with one replica threshold count 0.
2025-07-02 18:51:51,583 [main] INFO  safemode.ECContainerSafeModeRule (ECContainerSafeModeRule.java:initializeRule(205)) - Refreshed Containers with ec n replica threshold count 0.
2025-07-02 18:51:51,584 [main] INFO  safemode.HealthyPipelineSafeModeRule (HealthyPipelineSafeModeRule.java:initializeRule(232)) - Total pipeline count is 0, healthy pipeline threshold count is 1
2025-07-02 18:51:51,584 [main] INFO  safemode.OneReplicaPipelineSafeModeRule (OneReplicaPipelineSafeModeRule.java:initializeRule(190)) - Total pipeline count is 0, pipeline's with at least one datanode reported threshold count is 0
2025-07-02 18:51:51,586 [main] INFO  security.SecretKeyManagerService (SecretKeyManagerService.java:start(143)) - Scheduling rotation checker with interval PT8M20S
2025-07-02 18:51:51,586 [main] INFO  ha.SCMServiceManager (SCMServiceManager.java:register(42)) - Registering service SecretKeyManagerService.
2025-07-02 18:51:51,587 [main] INFO  keys.KeyStorage (KeyStorage.java:readPublicKey(174)) - Reading public key from /home/runner/work/ozone/ozone/hadoop-ozone/integration-test/target/test-dir/MiniOzoneClusterImpl-ff054ab7-6da7-448f-9cae-f629f00b5e08/scmNode-3/scm/sub-ca/keys/public.pem.
2025-07-02 18:51:51,587 [main] INFO  keys.KeyStorage (KeyStorage.java:readPrivateKey(158)) - Reading private key from /home/runner/work/ozone/ozone/hadoop-ozone/integration-test/target/test-dir/MiniOzoneClusterImpl-ff054ab7-6da7-448f-9cae-f629f00b5e08/scmNode-3/scm/sub-ca/keys/private.pem.
2025-07-02 18:51:51,587 [main] INFO  authority.DefaultCAServer (DefaultCAServer.java:lambda$processVerificationStatus$0(392)) - CertificateServer validation is successful
2025-07-02 18:51:51,588 [main] INFO  ipc.CallQueueManager (CallQueueManager.java:<init>(93)) - Using callQueue: class java.util.concurrent.LinkedBlockingQueue, queueCapacity: 200, scheduler: class org.apache.hadoop.ipc.DefaultRpcScheduler, ipcBackoff: false, ipcFailOver: false.
2025-07-02 18:51:51,588 [main] INFO  ipc.Server (Server.java:<init>(1438)) - Listener at 0.0.0.0:15018
2025-07-02 18:51:51,589 [Socket Reader #1 for port 15018] INFO  ipc.Server (Server.java:run(1474)) - Starting Socket Reader #1 for port 15018
2025-07-02 18:51:51,591 [main] INFO  server.StorageContainerManager (StorageContainerManager.java:<init>(433)) - SCM start with adminUsers: [runner, scm]
2025-07-02 18:51:51,591 [main] INFO  ipc.CallQueueManager (CallQueueManager.java:<init>(93)) - Using callQueue: class java.util.concurrent.LinkedBlockingQueue, queueCapacity: 10000, scheduler: class org.apache.hadoop.ipc.DefaultRpcScheduler, ipcBackoff: false, ipcFailOver: false.
2025-07-02 18:51:51,591 [main] INFO  ipc.Server (Server.java:<init>(1438)) - Listener at 0.0.0.0:15020
2025-07-02 18:51:51,592 [Socket Reader #1 for port 15020] INFO  ipc.Server (Server.java:run(1474)) - Starting Socket Reader #1 for port 15020
2025-07-02 18:51:51,592 [Socket Reader #3 for port 15020] INFO  ipc.Server (Server.java:run(1474)) - Starting Socket Reader #3 for port 15020
2025-07-02 18:51:51,592 [Socket Reader #2 for port 15020] INFO  ipc.Server (Server.java:run(1474)) - Starting Socket Reader #2 for port 15020
2025-07-02 18:51:51,593 [Socket Reader #4 for port 15020] INFO  ipc.Server (Server.java:run(1474)) - Starting Socket Reader #4 for port 15020
2025-07-02 18:51:51,593 [Socket Reader #6 for port 15020] INFO  ipc.Server (Server.java:run(1474)) - Starting Socket Reader #6 for port 15020
2025-07-02 18:51:51,593 [Socket Reader #5 for port 15020] INFO  ipc.Server (Server.java:run(1474)) - Starting Socket Reader #5 for port 15020
2025-07-02 18:51:51,594 [Socket Reader #7 for port 15020] INFO  ipc.Server (Server.java:run(1474)) - Starting Socket Reader #7 for port 15020
2025-07-02 18:51:51,594 [Socket Reader #8 for port 15020] INFO  ipc.Server (Server.java:run(1474)) - Starting Socket Reader #8 for port 15020
2025-07-02 18:51:51,594 [Socket Reader #9 for port 15020] INFO  ipc.Server (Server.java:run(1474)) - Starting Socket Reader #9 for port 15020
2025-07-02 18:51:51,595 [Socket Reader #10 for port 15020] INFO  ipc.Server (Server.java:run(1474)) - Starting Socket Reader #10 for port 15020
2025-07-02 18:51:51,597 [main] INFO  ipc.CallQueueManager (CallQueueManager.java:<init>(93)) - Using callQueue: class java.util.concurrent.LinkedBlockingQueue, queueCapacity: 10000, scheduler: class org.apache.hadoop.ipc.DefaultRpcScheduler, ipcBackoff: false, ipcFailOver: false.
2025-07-02 18:51:51,597 [main] INFO  ipc.Server (Server.java:<init>(1438)) - Listener at 0.0.0.0:15023
2025-07-02 18:51:51,598 [Socket Reader #1 for port 15023] INFO  ipc.Server (Server.java:run(1474)) - Starting Socket Reader #1 for port 15023
2025-07-02 18:51:51,599 [Socket Reader #2 for port 15023] INFO  ipc.Server (Server.java:run(1474)) - Starting Socket Reader #2 for port 15023
2025-07-02 18:51:51,599 [Socket Reader #3 for port 15023] INFO  ipc.Server (Server.java:run(1474)) - Starting Socket Reader #3 for port 15023
2025-07-02 18:51:51,599 [Socket Reader #4 for port 15023] INFO  ipc.Server (Server.java:run(1474)) - Starting Socket Reader #4 for port 15023
2025-07-02 18:51:51,600 [Socket Reader #5 for port 15023] INFO  ipc.Server (Server.java:run(1474)) - Starting Socket Reader #5 for port 15023
2025-07-02 18:51:51,601 [Socket Reader #7 for port 15023] INFO  ipc.Server (Server.java:run(1474)) - Starting Socket Reader #7 for port 15023
2025-07-02 18:51:51,600 [Socket Reader #6 for port 15023] INFO  ipc.Server (Server.java:run(1474)) - Starting Socket Reader #6 for port 15023
2025-07-02 18:51:51,601 [Socket Reader #8 for port 15023] INFO  ipc.Server (Server.java:run(1474)) - Starting Socket Reader #8 for port 15023
2025-07-02 18:51:51,602 [Socket Reader #9 for port 15023] INFO  ipc.Server (Server.java:run(1474)) - Starting Socket Reader #9 for port 15023
2025-07-02 18:51:51,602 [Socket Reader #10 for port 15023] INFO  ipc.Server (Server.java:run(1474)) - Starting Socket Reader #10 for port 15023
2025-07-02 18:51:51,604 [main] INFO  ipc.CallQueueManager (CallQueueManager.java:<init>(93)) - Using callQueue: class java.util.concurrent.LinkedBlockingQueue, queueCapacity: 10000, scheduler: class org.apache.hadoop.ipc.DefaultRpcScheduler, ipcBackoff: false, ipcFailOver: false.
2025-07-02 18:51:51,604 [main] INFO  ipc.Server (Server.java:<init>(1438)) - Listener at 0.0.0.0:15021
2025-07-02 18:51:51,605 [Socket Reader #1 for port 15021] INFO  ipc.Server (Server.java:run(1474)) - Starting Socket Reader #1 for port 15021
2025-07-02 18:51:51,605 [Socket Reader #2 for port 15021] INFO  ipc.Server (Server.java:run(1474)) - Starting Socket Reader #2 for port 15021
2025-07-02 18:51:51,606 [Socket Reader #4 for port 15021] INFO  ipc.Server (Server.java:run(1474)) - Starting Socket Reader #4 for port 15021
2025-07-02 18:51:51,606 [Socket Reader #5 for port 15021] INFO  ipc.Server (Server.java:run(1474)) - Starting Socket Reader #5 for port 15021
2025-07-02 18:51:51,607 [Socket Reader #6 for port 15021] INFO  ipc.Server (Server.java:run(1474)) - Starting Socket Reader #6 for port 15021
2025-07-02 18:51:51,607 [Socket Reader #7 for port 15021] INFO  ipc.Server (Server.java:run(1474)) - Starting Socket Reader #7 for port 15021
2025-07-02 18:51:51,607 [Socket Reader #3 for port 15021] INFO  ipc.Server (Server.java:run(1474)) - Starting Socket Reader #3 for port 15021
2025-07-02 18:51:51,608 [Socket Reader #8 for port 15021] INFO  ipc.Server (Server.java:run(1474)) - Starting Socket Reader #8 for port 15021
2025-07-02 18:51:51,608 [Socket Reader #9 for port 15021] INFO  ipc.Server (Server.java:run(1474)) - Starting Socket Reader #9 for port 15021
2025-07-02 18:51:51,609 [Socket Reader #10 for port 15021] INFO  ipc.Server (Server.java:run(1474)) - Starting Socket Reader #10 for port 15021
2025-07-02 18:51:51,619 [main] INFO  ha.SCMServiceManager (SCMServiceManager.java:register(42)) - Registering service ContainerBalancer.
2025-07-02 18:51:51,619 [main] INFO  ha.SCMContext (SCMContext.java:updateSafeModeStatus(224)) - Update SafeModeStatus from SafeModeStatus{safeModeStatus=true, preCheckPassed=false} to SafeModeStatus{safeModeStatus=true, preCheckPassed=false}.
2025-07-02 18:51:51,620 [main] INFO  server.StorageContainerManager (StorageContainerManager.java:start(1514)) - StorageContainerLocationProtocol RPC server is listening at /0.0.0.0:15021
2025-07-02 18:51:51,620 [main] INFO  ha.SCMRatisServerImpl (SCMRatisServerImpl.java:start(203)) - starting ratis server 0.0.0.0:15019
2025-07-02 18:51:51,621 [ca181966-e7f6-4c77-8344-65416d18d1f8-impl-thread1] INFO  storage.RaftStorageDirectory (RaftStorageDirectoryImpl.java:analyzeStorage(138)) - The storage directory /home/runner/work/ozone/ozone/hadoop-ozone/integration-test/target/test-dir/MiniOzoneClusterImpl-ff054ab7-6da7-448f-9cae-f629f00b5e08/scmNode-3/scm-ha/ff054ab7-6da7-448f-9cae-f629f00b5e08 does not exist. Creating ...
2025-07-02 18:51:51,623 [ca181966-e7f6-4c77-8344-65416d18d1f8-impl-thread1] INFO  storage.RaftStorageDirectory (RaftStorageDirectoryImpl.java:tryLock(229)) - Lock on /home/runner/work/ozone/ozone/hadoop-ozone/integration-test/target/test-dir/MiniOzoneClusterImpl-ff054ab7-6da7-448f-9cae-f629f00b5e08/scmNode-3/scm-ha/ff054ab7-6da7-448f-9cae-f629f00b5e08/in_use.lock acquired by nodename 59972@localhost
2025-07-02 18:51:51,624 [ca181966-e7f6-4c77-8344-65416d18d1f8-impl-thread1] INFO  storage.RaftStorage (RaftStorageImpl.java:format(98)) - Storage directory /home/runner/work/ozone/ozone/hadoop-ozone/integration-test/target/test-dir/MiniOzoneClusterImpl-ff054ab7-6da7-448f-9cae-f629f00b5e08/scmNode-3/scm-ha/ff054ab7-6da7-448f-9cae-f629f00b5e08 has been successfully formatted.
2025-07-02 18:51:51,625 [ca181966-e7f6-4c77-8344-65416d18d1f8-impl-thread1] INFO  ha.SCMStateMachine (SCMStateMachine.java:lambda$initialize$0(135)) - ca181966-e7f6-4c77-8344-65416d18d1f8: initialize group-F629F00B5E08
2025-07-02 18:51:51,625 [ca181966-e7f6-4c77-8344-65416d18d1f8-impl-thread1] INFO  server.RaftServerConfigKeys (ConfUtils.java:logGet(62)) - raft.server.log.appender.buffer.byte-limit = 4194304 (custom)
2025-07-02 18:51:51,627 [ca181966-e7f6-4c77-8344-65416d18d1f8-impl-thread1] INFO  server.RaftServerConfigKeys (ConfUtils.java:logGet(62)) - raft.server.log.segment.size.max = 4194304 (custom)
2025-07-02 18:51:51,627 [ca181966-e7f6-4c77-8344-65416d18d1f8-impl-thread1] INFO  server.RaftServerConfigKeys (ConfUtils.java:logGet(62)) - raft.server.log.appender.buffer.byte-limit = 4194304 (custom)
2025-07-02 18:51:51,627 [ca181966-e7f6-4c77-8344-65416d18d1f8-impl-thread1] INFO  util.AwaitToRun (AwaitToRun.java:start(81)) - Thread[#955,ca181966-e7f6-4c77-8344-65416d18d1f8@group-F629F00B5E08-cacheEviction-AwaitToRun,5,main] started
2025-07-02 18:51:51,628 [ca181966-e7f6-4c77-8344-65416d18d1f8-impl-thread1] INFO  segmented.SegmentedRaftLogWorker (SegmentedRaftLogWorker.java:<init>(190)) - new ca181966-e7f6-4c77-8344-65416d18d1f8@group-F629F00B5E08-SegmentedRaftLogWorker for RaftStorageImpl:Storage Directory /home/runner/work/ozone/ozone/hadoop-ozone/integration-test/target/test-dir/MiniOzoneClusterImpl-ff054ab7-6da7-448f-9cae-f629f00b5e08/scmNode-3/scm-ha/ff054ab7-6da7-448f-9cae-f629f00b5e08
2025-07-02 18:51:51,628 [ca181966-e7f6-4c77-8344-65416d18d1f8-impl-thread1] INFO  server.RaftServerConfigKeys (ConfUtils.java:logGet(62)) - raft.server.log.segment.size.max = 4194304 (custom)
2025-07-02 18:51:51,628 [ca181966-e7f6-4c77-8344-65416d18d1f8-impl-thread1] INFO  server.RaftServerConfigKeys (ConfUtils.java:logGet(62)) - raft.server.log.preallocated.size = 4194304 (custom)
2025-07-02 18:51:51,628 [ca181966-e7f6-4c77-8344-65416d18d1f8-impl-thread1] INFO  server.RaftServerConfigKeys (ConfUtils.java:logGet(62)) - raft.server.log.write.buffer.size = 4194312 (custom)
2025-07-02 18:51:51,630 [ca181966-e7f6-4c77-8344-65416d18d1f8-impl-thread1] INFO  server.RaftServerConfigKeys (ConfUtils.java:logGet(62)) - raft.server.log.appender.buffer.byte-limit = 4194304 (custom)
2025-07-02 18:51:51,630 [ca181966-e7f6-4c77-8344-65416d18d1f8-impl-thread1] INFO  segmented.SegmentedRaftLogWorker (SegmentedRaftLogWorker.java:lambda$new$0(141)) - ca181966-e7f6-4c77-8344-65416d18d1f8@group-F629F00B5E08-SegmentedRaftLogWorker: flushIndex: setUnconditionally 0 -> -1
2025-07-02 18:51:51,630 [ca181966-e7f6-4c77-8344-65416d18d1f8-impl-thread1] INFO  segmented.SegmentedRaftLogWorker (SegmentedRaftLogWorker.java:lambda$new$0(141)) - ca181966-e7f6-4c77-8344-65416d18d1f8@group-F629F00B5E08-SegmentedRaftLogWorker: safeCacheEvictIndex: setUnconditionally 0 -> -1
2025-07-02 18:51:51,630 [ca181966-e7f6-4c77-8344-65416d18d1f8-impl-thread1] INFO  server.RaftServer$Division (RaftServerImpl.java:start(411)) - ca181966-e7f6-4c77-8344-65416d18d1f8@group-F629F00B5E08: start with initializing state, conf=conf: {index: -1, cur=peers:[]|listeners:[], old=null}
2025-07-02 18:51:51,630 [ca181966-e7f6-4c77-8344-65416d18d1f8-impl-thread1] INFO  server.RaftServer$Division (RaftServerImpl.java:setRole(392)) - ca181966-e7f6-4c77-8344-65416d18d1f8@group-F629F00B5E08: changes role from      null to FOLLOWER at term 0 for start
2025-07-02 18:51:51,630 [ca181966-e7f6-4c77-8344-65416d18d1f8-impl-thread1] INFO  util.JmxRegister (JmxRegister.java:tryRegister(44)) - Successfully registered JMX Bean with object name Ratis:service=RaftServer,group=group-F629F00B5E08,id=ca181966-e7f6-4c77-8344-65416d18d1f8
2025-07-02 18:51:51,630 [ca181966-e7f6-4c77-8344-65416d18d1f8-impl-thread1] INFO  util.JmxRegister (JmxRegister.java:register(58)) - register mxBean class org.apache.ratis.server.impl.RaftServerJmxAdapter as Ratis:service=RaftServer,group=group-F629F00B5E08,id=ca181966-e7f6-4c77-8344-65416d18d1f8
2025-07-02 18:51:51,631 [ca181966-e7f6-4c77-8344-65416d18d1f8-impl-thread1] INFO  server.RaftServer$Division (RaftServerImpl.java:start(419)) - ca181966-e7f6-4c77-8344-65416d18d1f8@group-F629F00B5E08: Successfully started.
2025-07-02 18:51:51,631 [main] INFO  server.RaftServer (RaftServerProxy.java:startImpl(412)) - ca181966-e7f6-4c77-8344-65416d18d1f8: start RPC server
2025-07-02 18:51:51,632 [main] INFO  server.GrpcServicesImpl (GrpcServicesImpl.java:startImpl(346)) - ca181966-e7f6-4c77-8344-65416d18d1f8: GrpcServicesImpl started, listening on 15019
2025-07-02 18:51:51,633 [JvmPauseMonitor3] INFO  util.JvmPauseMonitor (JvmPauseMonitor.java:run(146)) - JvmPauseMonitor-ca181966-e7f6-4c77-8344-65416d18d1f8: Started
2025-07-02 18:51:51,633 [main] INFO  ha.SCMNodeInfo (SCMNodeInfo.java:getPort(197)) - ConfigKey ozone.scm.client.address is deprecated, For configuring different ports for each SCM use PortConfigKey ozone.scm.client.port appended with serviceId and nodeId
2025-07-02 18:51:51,633 [main] INFO  ha.SCMNodeInfo (SCMNodeInfo.java:getPort(197)) - ConfigKey ozone.scm.block.client.address is deprecated, For configuring different ports for each SCM use PortConfigKey ozone.scm.block.client.port appended with serviceId and nodeId
2025-07-02 18:51:51,634 [main] INFO  ha.SCMNodeInfo (SCMNodeInfo.java:getPort(197)) - ConfigKey ozone.scm.security.service.address is deprecated, For configuring different ports for each SCM use PortConfigKey ozone.scm.security.service.port appended with serviceId and nodeId
2025-07-02 18:51:51,634 [main] INFO  ha.SCMNodeInfo (SCMNodeInfo.java:getPort(197)) - ConfigKey ozone.scm.datanode.address is deprecated, For configuring different ports for each SCM use PortConfigKey ozone.scm.datanode.port appended with serviceId and nodeId
2025-07-02 18:51:51,634 [main] INFO  ha.SCMNodeInfo (SCMNodeInfo.java:getPort(197)) - ConfigKey ozone.scm.client.address is deprecated, For configuring different ports for each SCM use PortConfigKey ozone.scm.client.port appended with serviceId and nodeId
2025-07-02 18:51:51,634 [main] INFO  ha.SCMNodeInfo (SCMNodeInfo.java:getPort(197)) - ConfigKey ozone.scm.block.client.address is deprecated, For configuring different ports for each SCM use PortConfigKey ozone.scm.block.client.port appended with serviceId and nodeId
2025-07-02 18:51:51,634 [main] INFO  ha.SCMNodeInfo (SCMNodeInfo.java:getPort(197)) - ConfigKey ozone.scm.security.service.address is deprecated, For configuring different ports for each SCM use PortConfigKey ozone.scm.security.service.port appended with serviceId and nodeId
2025-07-02 18:51:51,634 [main] INFO  ha.SCMNodeInfo (SCMNodeInfo.java:getPort(197)) - ConfigKey ozone.scm.datanode.address is deprecated, For configuring different ports for each SCM use PortConfigKey ozone.scm.datanode.port appended with serviceId and nodeId
2025-07-02 18:51:51,634 [main] INFO  proxy.SCMBlockLocationFailoverProxyProvider (SCMFailoverProxyProviderBase.java:<init>(120)) - Created fail-over proxy for protocol ScmBlockLocationProtocolPB with 2 nodes: [nodeId=scmNode-2,nodeAddress=/127.0.0.1:15015, nodeId=scmNode-1,nodeAddress=/127.0.0.1:15007]
2025-07-02 18:51:51,641 [pool-2-thread-2] INFO  request.TgsRequest (TgsRequest.java:issueTicket(117)) - TGS_REQ ISSUE: authtime 1751482311641,scm/localhost@EXAMPLE.COM for scm/localhost@EXAMPLE.COM
2025-07-02 18:51:51,647 [Socket Reader #5 for port 15007] INFO  ipc.Server (Server.java:saslProcess(2290)) - Auth successful for scm/localhost@EXAMPLE.COM (auth:KERBEROS) from 127.0.0.1:37221
2025-07-02 18:51:51,648 [IPC Server handler 4 on default port 15007] INFO  ha.SCMRatisServerImpl (SCMRatisServerImpl.java:addSCM(328)) - 0570d27e-7557-449b-949c-3e7f7fc57b05: Submitting SetConfiguration request to Ratis server with new SCM peers list: [4680a024-3a59-4e75-8ac7-1755b08d3543|localhost:15011, 0570d27e-7557-449b-949c-3e7f7fc57b05|localhost:15003, ca181966-e7f6-4c77-8344-65416d18d1f8|localhost:15019]
2025-07-02 18:51:51,649 [IPC Server handler 4 on default port 15007] INFO  server.RaftServer$Division (RaftServerImpl.java:setConfigurationAsync(1310)) - 0570d27e-7557-449b-949c-3e7f7fc57b05@group-F629F00B5E08: receive setConfiguration SetConfigurationRequest:client-C50574B4A362->0570d27e-7557-449b-949c-3e7f7fc57b05@group-F629F00B5E08, cid=5, seq=null, RW, null, SET_UNCONDITIONALLY, servers:[4680a024-3a59-4e75-8ac7-1755b08d3543|localhost:15011, 0570d27e-7557-449b-949c-3e7f7fc57b05|localhost:15003, ca181966-e7f6-4c77-8344-65416d18d1f8|localhost:15019], listeners:[]
2025-07-02 18:51:51,649 [IPC Server handler 4 on default port 15007] INFO  server.RaftServer$Division (LeaderStateImpl.java:startSetConfiguration(483)) - 0570d27e-7557-449b-949c-3e7f7fc57b05@group-F629F00B5E08-LeaderStateImpl: startSetConfiguration SetConfigurationRequest:client-C50574B4A362->0570d27e-7557-449b-949c-3e7f7fc57b05@group-F629F00B5E08, cid=5, seq=null, RW, null, SET_UNCONDITIONALLY, servers:[4680a024-3a59-4e75-8ac7-1755b08d3543|localhost:15011, 0570d27e-7557-449b-949c-3e7f7fc57b05|localhost:15003, ca181966-e7f6-4c77-8344-65416d18d1f8|localhost:15019], listeners:[]
2025-07-02 18:51:51,649 [IPC Server handler 4 on default port 15007] INFO  server.RaftServerConfigKeys (ConfUtils.java:logGet(62)) - raft.server.log.appender.buffer.byte-limit = 4194304 (custom)
2025-07-02 18:51:51,650 [0570d27e-7557-449b-949c-3e7f7fc57b05@group-F629F00B5E08->ca181966-e7f6-4c77-8344-65416d18d1f8-GrpcLogAppender-LogAppenderDaemon] INFO  server.GrpcLogAppender (GrpcLogAppender.java:notifyInstallSnapshot(799)) - 0570d27e-7557-449b-949c-3e7f7fc57b05@group-F629F00B5E08->ca181966-e7f6-4c77-8344-65416d18d1f8-GrpcLogAppender: notifyInstallSnapshot with firstAvailable=(t:1, i:0), followerNextIndex=0
2025-07-02 18:51:51,651 [0570d27e-7557-449b-949c-3e7f7fc57b05@group-F629F00B5E08->ca181966-e7f6-4c77-8344-65416d18d1f8-GrpcLogAppender-LogAppenderDaemon] INFO  server.GrpcLogAppender (GrpcLogAppender.java:notifyInstallSnapshot(807)) - 0570d27e-7557-449b-949c-3e7f7fc57b05@group-F629F00B5E08->ca181966-e7f6-4c77-8344-65416d18d1f8-GrpcLogAppender: send 0570d27e-7557-449b-949c-3e7f7fc57b05->ca181966-e7f6-4c77-8344-65416d18d1f8#0-t2,notify:(t:1, i:0)
2025-07-02 18:51:51,651 [0570d27e-7557-449b-949c-3e7f7fc57b05@group-F629F00B5E08->ca181966-e7f6-4c77-8344-65416d18d1f8-GrpcLogAppender-LogAppenderDaemon] INFO  server.GrpcServerProtocolClient (GrpcServerProtocolClient.java:<init>(65)) - Build channel for ca181966-e7f6-4c77-8344-65416d18d1f8|localhost:15019
2025-07-02 18:51:51,660 [grpc-default-executor-3] INFO  impl.SnapshotInstallationHandler (SnapshotInstallationHandler.java:lambda$installSnapshot$0(103)) - ca181966-e7f6-4c77-8344-65416d18d1f8@group-F629F00B5E08: receive installSnapshot: 0570d27e-7557-449b-949c-3e7f7fc57b05->ca181966-e7f6-4c77-8344-65416d18d1f8#0-t2,notify:(t:1, i:0) 
2025-07-02 18:51:51,662 [grpc-default-executor-3] INFO  server.RaftServer$Division (RaftServerImpl.java:setFirstElection(576)) - ca181966-e7f6-4c77-8344-65416d18d1f8@group-F629F00B5E08: set firstElectionSinceStartup to false for installSnapshot
2025-07-02 18:51:51,663 [grpc-default-executor-3] INFO  ha.SCMStateMachine (SCMStateMachine.java:notifyLeaderChanged(289)) - leader changed, yet current SCM is still follower.
2025-07-02 18:51:51,663 [grpc-default-executor-3] INFO  server.RaftServer$Division (ServerState.java:setLeader(272)) - ca181966-e7f6-4c77-8344-65416d18d1f8@group-F629F00B5E08: change Leader from null to 0570d27e-7557-449b-949c-3e7f7fc57b05 at term 2 for installSnapshot, leader elected after 100ms
2025-07-02 18:51:51,663 [grpc-default-executor-3] INFO  impl.SnapshotInstallationHandler (SnapshotInstallationHandler.java:notifyStateMachineToInstallSnapshot(262)) - ca181966-e7f6-4c77-8344-65416d18d1f8@group-F629F00B5E08: Received notification to install snapshot at index 0
2025-07-02 18:51:51,663 [grpc-default-executor-3] INFO  impl.SnapshotInstallationHandler (SnapshotInstallationHandler.java:notifyStateMachineToInstallSnapshot(297)) - ca181966-e7f6-4c77-8344-65416d18d1f8@group-F629F00B5E08: notifyInstallSnapshot: nextIndex is 0 but the leader's first available index is 0.
2025-07-02 18:51:51,663 [grpc-default-executor-3] INFO  ha.SCMStateMachine (SCMStateMachine.java:notifyInstallSnapshotFromLeader(242)) - Received install snapshot notification from SCM leader: localhost:15003 with term index: (t:1, i:0)
2025-07-02 18:51:51,664 [scmNode-3-SCMInstallSnapshot-0] INFO  ha.SCMHAManagerImpl (SCMHAManagerImpl.java:getDBCheckpointFromLeader(254)) - Downloading checkpoint from leader SCM scmNode-1 and reloading state from the checkpoint.
2025-07-02 18:51:51,665 [grpc-default-executor-3] INFO  impl.SnapshotInstallationHandler (SnapshotInstallationHandler.java:installSnapshotImpl(147)) - ca181966-e7f6-4c77-8344-65416d18d1f8@group-F629F00B5E08: set new configuration index: 7
configurationEntry {
  peers {
    id: "4680a024-3a59-4e75-8ac7-1755b08d3543"
    address: "localhost:15011"
    startupRole: FOLLOWER
  }
  peers {
    id: "0570d27e-7557-449b-949c-3e7f7fc57b05"
    address: "localhost:15003"
    startupRole: FOLLOWER
  }
}
 from snapshot
2025-07-02 18:51:51,665 [grpc-default-executor-3] INFO  server.RaftServer$Division (ServerState.java:setRaftConf(386)) - ca181966-e7f6-4c77-8344-65416d18d1f8@group-F629F00B5E08: set configuration conf: {index: 7, cur=peers:[4680a024-3a59-4e75-8ac7-1755b08d3543|localhost:15011, 0570d27e-7557-449b-949c-3e7f7fc57b05|localhost:15003]|listeners:[], old=null}
2025-07-02 18:51:51,667 [grpc-default-executor-3] INFO  impl.SnapshotInstallationHandler (SnapshotInstallationHandler.java:lambda$installSnapshot$1(113)) - ca181966-e7f6-4c77-8344-65416d18d1f8@group-F629F00B5E08: reply installSnapshot: 0570d27e-7557-449b-949c-3e7f7fc57b05<-ca181966-e7f6-4c77-8344-65416d18d1f8#0:FAIL-t0,IN_PROGRESS,snapshotIndex=0 
2025-07-02 18:51:51,667 [grpc-default-executor-3] INFO  server.GrpcServerProtocolService (GrpcServerProtocolService.java:lambda$onCompleted$6(171)) - ca181966-e7f6-4c77-8344-65416d18d1f8: Completed INSTALL_SNAPSHOT, lastRequest: 0570d27e-7557-449b-949c-3e7f7fc57b05->ca181966-e7f6-4c77-8344-65416d18d1f8#0-t2,notify:(t:1, i:0) 
2025-07-02 18:51:51,667 [grpc-default-executor-3] INFO  server.GrpcServerProtocolService (GrpcServerProtocolService.java:lambda$null$7(175)) - ca181966-e7f6-4c77-8344-65416d18d1f8: Completed INSTALL_SNAPSHOT, lastReply: null 
2025-07-02 18:51:51,670 [grpc-default-executor-2] INFO  server.GrpcLogAppender (GrpcLogAppender.java:onNext(663)) - 0570d27e-7557-449b-949c-3e7f7fc57b05@group-F629F00B5E08->ca181966-e7f6-4c77-8344-65416d18d1f8-InstallSnapshotResponseHandler: received the first reply 0570d27e-7557-449b-949c-3e7f7fc57b05<-ca181966-e7f6-4c77-8344-65416d18d1f8#0:FAIL-t0,IN_PROGRESS,snapshotIndex=0
2025-07-02 18:51:51,670 [grpc-default-executor-2] INFO  server.GrpcLogAppender (GrpcLogAppender.java:onNext(679)) - 0570d27e-7557-449b-949c-3e7f7fc57b05@group-F629F00B5E08->ca181966-e7f6-4c77-8344-65416d18d1f8-InstallSnapshotResponseHandler: InstallSnapshot in progress.
2025-07-02 18:51:51,676 [0570d27e-7557-449b-949c-3e7f7fc57b05@group-F629F00B5E08->ca181966-e7f6-4c77-8344-65416d18d1f8-GrpcLogAppender-LogAppenderDaemon] INFO  server.GrpcLogAppender (GrpcLogAppender.java:notifyInstallSnapshot(799)) - 0570d27e-7557-449b-949c-3e7f7fc57b05@group-F629F00B5E08->ca181966-e7f6-4c77-8344-65416d18d1f8-GrpcLogAppender: notifyInstallSnapshot with firstAvailable=(t:1, i:0), followerNextIndex=0
2025-07-02 18:51:51,676 [0570d27e-7557-449b-949c-3e7f7fc57b05@group-F629F00B5E08->ca181966-e7f6-4c77-8344-65416d18d1f8-GrpcLogAppender-LogAppenderDaemon] INFO  server.GrpcLogAppender (GrpcLogAppender.java:notifyInstallSnapshot(807)) - 0570d27e-7557-449b-949c-3e7f7fc57b05@group-F629F00B5E08->ca181966-e7f6-4c77-8344-65416d18d1f8-GrpcLogAppender: send 0570d27e-7557-449b-949c-3e7f7fc57b05->ca181966-e7f6-4c77-8344-65416d18d1f8#0-t2,notify:(t:1, i:0)
2025-07-02 18:51:51,678 [grpc-default-executor-3] INFO  ha.SCMDBCheckpointProvider (SCMDBCheckpointProvider.java:writeDBCheckPointToSream(48)) - Received request to obtain SCM DB checkpoint snapshot
2025-07-02 18:51:51,679 [grpc-default-executor-1] INFO  server.RaftServer$Division (RaftServerImpl.java:checkInconsistentAppendEntries(1651)) - ca181966-e7f6-4c77-8344-65416d18d1f8@group-F629F00B5E08: Failed appendEntries as snapshot (0) installation is in progress
2025-07-02 18:51:51,679 [grpc-default-executor-1] INFO  server.RaftServer$Division (RaftServerImpl.java:appendEntriesAsync(1594)) - ca181966-e7f6-4c77-8344-65416d18d1f8@group-F629F00B5E08: appendEntries* reply 0570d27e-7557-449b-949c-3e7f7fc57b05<-ca181966-e7f6-4c77-8344-65416d18d1f8#0:FAIL-t2,INCONSISTENCY,nextIndex=0,followerCommit=-1,matchIndex=-1
2025-07-02 18:51:51,681 [grpc-default-executor-0] INFO  impl.SnapshotInstallationHandler (SnapshotInstallationHandler.java:installSnapshotImpl(147)) - ca181966-e7f6-4c77-8344-65416d18d1f8@group-F629F00B5E08: set new configuration index: 7
configurationEntry {
  peers {
    id: "4680a024-3a59-4e75-8ac7-1755b08d3543"
    address: "localhost:15011"
    startupRole: FOLLOWER
  }
  peers {
    id: "0570d27e-7557-449b-949c-3e7f7fc57b05"
    address: "localhost:15003"
    startupRole: FOLLOWER
  }
}
 from snapshot
2025-07-02 18:51:51,682 [grpc-default-executor-0] INFO  server.RaftServer$Division (ServerState.java:setRaftConf(386)) - ca181966-e7f6-4c77-8344-65416d18d1f8@group-F629F00B5E08: set configuration conf: {index: 7, cur=peers:[4680a024-3a59-4e75-8ac7-1755b08d3543|localhost:15011, 0570d27e-7557-449b-949c-3e7f7fc57b05|localhost:15003]|listeners:[], old=null}
2025-07-02 18:51:51,683 [grpc-default-executor-1] WARN  server.GrpcLogAppender (GrpcLogAppender.java:lambda$onNextImpl$0(527)) - 0570d27e-7557-449b-949c-3e7f7fc57b05@group-F629F00B5E08->ca181966-e7f6-4c77-8344-65416d18d1f8-AppendLogResponseHandler: received INCONSISTENCY reply with nextIndex 0, errorCount=1, request=AppendEntriesRequest:cid=0,entriesCount=0 
2025-07-02 18:51:51,685 [grpc-default-executor-0] INFO  server.GrpcLogAppender (GrpcLogAppender.java:onNext(663)) - 0570d27e-7557-449b-949c-3e7f7fc57b05@group-F629F00B5E08->ca181966-e7f6-4c77-8344-65416d18d1f8-InstallSnapshotResponseHandler: received a reply 0570d27e-7557-449b-949c-3e7f7fc57b05<-ca181966-e7f6-4c77-8344-65416d18d1f8#0:FAIL-t2,IN_PROGRESS,snapshotIndex=0
2025-07-02 18:51:51,686 [grpc-default-executor-0] INFO  server.GrpcLogAppender (GrpcLogAppender.java:onNext(679)) - 0570d27e-7557-449b-949c-3e7f7fc57b05@group-F629F00B5E08->ca181966-e7f6-4c77-8344-65416d18d1f8-InstallSnapshotResponseHandler: InstallSnapshot in progress.
2025-07-02 18:51:51,688 [grpc-default-executor-0] INFO  server.RaftServer$Division (RaftServerImpl.java:checkInconsistentAppendEntries(1651)) - ca181966-e7f6-4c77-8344-65416d18d1f8@group-F629F00B5E08: Failed appendEntries as snapshot (0) installation is in progress
2025-07-02 18:51:51,688 [0570d27e-7557-449b-949c-3e7f7fc57b05@group-F629F00B5E08->ca181966-e7f6-4c77-8344-65416d18d1f8-GrpcLogAppender-LogAppenderDaemon] INFO  server.GrpcLogAppender (GrpcLogAppender.java:notifyInstallSnapshot(799)) - 0570d27e-7557-449b-949c-3e7f7fc57b05@group-F629F00B5E08->ca181966-e7f6-4c77-8344-65416d18d1f8-GrpcLogAppender: notifyInstallSnapshot with firstAvailable=(t:1, i:0), followerNextIndex=0
2025-07-02 18:51:51,688 [0570d27e-7557-449b-949c-3e7f7fc57b05@group-F629F00B5E08->ca181966-e7f6-4c77-8344-65416d18d1f8-GrpcLogAppender-LogAppenderDaemon] INFO  server.GrpcLogAppender (GrpcLogAppender.java:notifyInstallSnapshot(807)) - 0570d27e-7557-449b-949c-3e7f7fc57b05@group-F629F00B5E08->ca181966-e7f6-4c77-8344-65416d18d1f8-GrpcLogAppender: send 0570d27e-7557-449b-949c-3e7f7fc57b05->ca181966-e7f6-4c77-8344-65416d18d1f8#0-t2,notify:(t:1, i:0)
2025-07-02 18:51:51,688 [grpc-default-executor-0] INFO  server.RaftServer$Division (RaftServerImpl.java:appendEntriesAsync(1594)) - ca181966-e7f6-4c77-8344-65416d18d1f8@group-F629F00B5E08: appendEntries* reply 0570d27e-7557-449b-949c-3e7f7fc57b05<-ca181966-e7f6-4c77-8344-65416d18d1f8#1:FAIL-t2,INCONSISTENCY,nextIndex=0,followerCommit=-1,matchIndex=-1
2025-07-02 18:51:51,691 [grpc-default-executor-1] INFO  impl.SnapshotInstallationHandler (SnapshotInstallationHandler.java:installSnapshotImpl(147)) - ca181966-e7f6-4c77-8344-65416d18d1f8@group-F629F00B5E08: set new configuration index: 7
configurationEntry {
  peers {
    id: "4680a024-3a59-4e75-8ac7-1755b08d3543"
    address: "localhost:15011"
    startupRole: FOLLOWER
  }
  peers {
    id: "0570d27e-7557-449b-949c-3e7f7fc57b05"
    address: "localhost:15003"
    startupRole: FOLLOWER
  }
}
 from snapshot
2025-07-02 18:51:51,691 [grpc-default-executor-1] INFO  server.RaftServer$Division (ServerState.java:setRaftConf(386)) - ca181966-e7f6-4c77-8344-65416d18d1f8@group-F629F00B5E08: set configuration conf: {index: 7, cur=peers:[4680a024-3a59-4e75-8ac7-1755b08d3543|localhost:15011, 0570d27e-7557-449b-949c-3e7f7fc57b05|localhost:15003]|listeners:[], old=null}
2025-07-02 18:51:51,694 [grpc-default-executor-1] INFO  server.GrpcLogAppender (GrpcLogAppender.java:onNext(663)) - 0570d27e-7557-449b-949c-3e7f7fc57b05@group-F629F00B5E08->ca181966-e7f6-4c77-8344-65416d18d1f8-InstallSnapshotResponseHandler: received a reply 0570d27e-7557-449b-949c-3e7f7fc57b05<-ca181966-e7f6-4c77-8344-65416d18d1f8#0:FAIL-t2,IN_PROGRESS,snapshotIndex=0
2025-07-02 18:51:51,694 [grpc-default-executor-1] INFO  server.GrpcLogAppender (GrpcLogAppender.java:onNext(679)) - 0570d27e-7557-449b-949c-3e7f7fc57b05@group-F629F00B5E08->ca181966-e7f6-4c77-8344-65416d18d1f8-InstallSnapshotResponseHandler: InstallSnapshot in progress.
2025-07-02 18:51:51,695 [0570d27e-7557-449b-949c-3e7f7fc57b05@group-F629F00B5E08->ca181966-e7f6-4c77-8344-65416d18d1f8-GrpcLogAppender-LogAppenderDaemon] INFO  server.GrpcLogAppender (GrpcLogAppender.java:notifyInstallSnapshot(799)) - 0570d27e-7557-449b-949c-3e7f7fc57b05@group-F629F00B5E08->ca181966-e7f6-4c77-8344-65416d18d1f8-GrpcLogAppender: notifyInstallSnapshot with firstAvailable=(t:1, i:0), followerNextIndex=0
2025-07-02 18:51:51,695 [grpc-default-executor-1] INFO  server.RaftServer$Division (RaftServerImpl.java:checkInconsistentAppendEntries(1651)) - ca181966-e7f6-4c77-8344-65416d18d1f8@group-F629F00B5E08: Failed appendEntries as snapshot (0) installation is in progress
2025-07-02 18:51:51,696 [0570d27e-7557-449b-949c-3e7f7fc57b05@group-F629F00B5E08->ca181966-e7f6-4c77-8344-65416d18d1f8-GrpcLogAppender-LogAppenderDaemon] INFO  server.GrpcLogAppender (GrpcLogAppender.java:notifyInstallSnapshot(807)) - 0570d27e-7557-449b-949c-3e7f7fc57b05@group-F629F00B5E08->ca181966-e7f6-4c77-8344-65416d18d1f8-GrpcLogAppender: send 0570d27e-7557-449b-949c-3e7f7fc57b05->ca181966-e7f6-4c77-8344-65416d18d1f8#0-t2,notify:(t:1, i:0)
2025-07-02 18:51:51,696 [grpc-default-executor-1] INFO  server.RaftServer$Division (RaftServerImpl.java:appendEntriesAsync(1594)) - ca181966-e7f6-4c77-8344-65416d18d1f8@group-F629F00B5E08: appendEntries* reply 0570d27e-7557-449b-949c-3e7f7fc57b05<-ca181966-e7f6-4c77-8344-65416d18d1f8#2:FAIL-t2,INCONSISTENCY,nextIndex=0,followerCommit=-1,matchIndex=-1
2025-07-02 18:51:51,698 [grpc-default-executor-1] INFO  impl.SnapshotInstallationHandler (SnapshotInstallationHandler.java:installSnapshotImpl(147)) - ca181966-e7f6-4c77-8344-65416d18d1f8@group-F629F00B5E08: set new configuration index: 7
configurationEntry {
  peers {
    id: "4680a024-3a59-4e75-8ac7-1755b08d3543"
    address: "localhost:15011"
    startupRole: FOLLOWER
  }
  peers {
    id: "0570d27e-7557-449b-949c-3e7f7fc57b05"
    address: "localhost:15003"
    startupRole: FOLLOWER
  }
}
 from snapshot
2025-07-02 18:51:51,699 [grpc-default-executor-1] INFO  server.RaftServer$Division (ServerState.java:setRaftConf(386)) - ca181966-e7f6-4c77-8344-65416d18d1f8@group-F629F00B5E08: set configuration conf: {index: 7, cur=peers:[4680a024-3a59-4e75-8ac7-1755b08d3543|localhost:15011, 0570d27e-7557-449b-949c-3e7f7fc57b05|localhost:15003]|listeners:[], old=null}
2025-07-02 18:51:51,702 [grpc-default-executor-1] INFO  server.GrpcLogAppender (GrpcLogAppender.java:onNext(663)) - 0570d27e-7557-449b-949c-3e7f7fc57b05@group-F629F00B5E08->ca181966-e7f6-4c77-8344-65416d18d1f8-InstallSnapshotResponseHandler: received a reply 0570d27e-7557-449b-949c-3e7f7fc57b05<-ca181966-e7f6-4c77-8344-65416d18d1f8#0:FAIL-t2,IN_PROGRESS,snapshotIndex=0
2025-07-02 18:51:51,702 [grpc-default-executor-1] INFO  server.GrpcLogAppender (GrpcLogAppender.java:onNext(679)) - 0570d27e-7557-449b-949c-3e7f7fc57b05@group-F629F00B5E08->ca181966-e7f6-4c77-8344-65416d18d1f8-InstallSnapshotResponseHandler: InstallSnapshot in progress.
2025-07-02 18:51:51,703 [grpc-default-executor-1] INFO  server.RaftServer$Division (RaftServerImpl.java:checkInconsistentAppendEntries(1651)) - ca181966-e7f6-4c77-8344-65416d18d1f8@group-F629F00B5E08: Failed appendEntries as snapshot (0) installation is in progress
2025-07-02 18:51:51,703 [grpc-default-executor-1] INFO  server.RaftServer$Division (RaftServerImpl.java:appendEntriesAsync(1594)) - ca181966-e7f6-4c77-8344-65416d18d1f8@group-F629F00B5E08: appendEntries* reply 0570d27e-7557-449b-949c-3e7f7fc57b05<-ca181966-e7f6-4c77-8344-65416d18d1f8#3:FAIL-t2,INCONSISTENCY,nextIndex=0,followerCommit=-1,matchIndex=-1
2025-07-02 18:51:51,703 [0570d27e-7557-449b-949c-3e7f7fc57b05@group-F629F00B5E08->ca181966-e7f6-4c77-8344-65416d18d1f8-GrpcLogAppender-LogAppenderDaemon] INFO  server.GrpcLogAppender (GrpcLogAppender.java:notifyInstallSnapshot(799)) - 0570d27e-7557-449b-949c-3e7f7fc57b05@group-F629F00B5E08->ca181966-e7f6-4c77-8344-65416d18d1f8-GrpcLogAppender: notifyInstallSnapshot with firstAvailable=(t:1, i:0), followerNextIndex=0
2025-07-02 18:51:51,704 [0570d27e-7557-449b-949c-3e7f7fc57b05@group-F629F00B5E08->ca181966-e7f6-4c77-8344-65416d18d1f8-GrpcLogAppender-LogAppenderDaemon] INFO  server.GrpcLogAppender (GrpcLogAppender.java:notifyInstallSnapshot(807)) - 0570d27e-7557-449b-949c-3e7f7fc57b05@group-F629F00B5E08->ca181966-e7f6-4c77-8344-65416d18d1f8-GrpcLogAppender: send 0570d27e-7557-449b-949c-3e7f7fc57b05->ca181966-e7f6-4c77-8344-65416d18d1f8#0-t2,notify:(t:1, i:0)
2025-07-02 18:51:51,705 [grpc-default-executor-3] INFO  db.RDBCheckpointManager (RDBCheckpointManager.java:createCheckpoint(87)) - Created checkpoint in rocksDB at /home/runner/work/ozone/ozone/hadoop-ozone/integration-test/target/test-dir/MiniOzoneClusterImpl-ff054ab7-6da7-448f-9cae-f629f00b5e08/scmNode-1/db.checkpoints/scm.db_checkpoint_1751482311700 in 5 milliseconds
2025-07-02 18:51:51,707 [grpc-default-executor-1] INFO  impl.SnapshotInstallationHandler (SnapshotInstallationHandler.java:installSnapshotImpl(147)) - ca181966-e7f6-4c77-8344-65416d18d1f8@group-F629F00B5E08: set new configuration index: 7
configurationEntry {
  peers {
    id: "4680a024-3a59-4e75-8ac7-1755b08d3543"
    address: "localhost:15011"
    startupRole: FOLLOWER
  }
  peers {
    id: "0570d27e-7557-449b-949c-3e7f7fc57b05"
    address: "localhost:15003"
    startupRole: FOLLOWER
  }
}
 from snapshot
2025-07-02 18:51:51,707 [grpc-default-executor-1] INFO  server.RaftServer$Division (ServerState.java:setRaftConf(386)) - ca181966-e7f6-4c77-8344-65416d18d1f8@group-F629F00B5E08: set configuration conf: {index: 7, cur=peers:[4680a024-3a59-4e75-8ac7-1755b08d3543|localhost:15011, 0570d27e-7557-449b-949c-3e7f7fc57b05|localhost:15003]|listeners:[], old=null}
2025-07-02 18:51:51,711 [grpc-default-executor-1] INFO  server.GrpcLogAppender (GrpcLogAppender.java:onNext(663)) - 0570d27e-7557-449b-949c-3e7f7fc57b05@group-F629F00B5E08->ca181966-e7f6-4c77-8344-65416d18d1f8-InstallSnapshotResponseHandler: received a reply 0570d27e-7557-449b-949c-3e7f7fc57b05<-ca181966-e7f6-4c77-8344-65416d18d1f8#0:FAIL-t2,IN_PROGRESS,snapshotIndex=0
2025-07-02 18:51:51,711 [grpc-default-executor-1] INFO  server.GrpcLogAppender (GrpcLogAppender.java:onNext(679)) - 0570d27e-7557-449b-949c-3e7f7fc57b05@group-F629F00B5E08->ca181966-e7f6-4c77-8344-65416d18d1f8-InstallSnapshotResponseHandler: InstallSnapshot in progress.
2025-07-02 18:51:51,713 [grpc-default-executor-3] INFO  ha.SCMGrpcOutputStream (SCMGrpcOutputStream.java:close(107)) - Sent 91648 bytes for cluster ff054ab7-6da7-448f-9cae-f629f00b5e08
2025-07-02 18:51:51,713 [grpc-default-executor-3] INFO  ha.SCMDBCheckpointProvider (SCMDBCheckpointProvider.java:writeDBCheckPointToSream(73)) - Time taken to write the checkpoint to response output stream: 6 milliseconds
2025-07-02 18:51:51,713 [0570d27e-7557-449b-949c-3e7f7fc57b05@group-F629F00B5E08->ca181966-e7f6-4c77-8344-65416d18d1f8-GrpcLogAppender-LogAppenderDaemon] INFO  server.GrpcLogAppender (GrpcLogAppender.java:notifyInstallSnapshot(799)) - 0570d27e-7557-449b-949c-3e7f7fc57b05@group-F629F00B5E08->ca181966-e7f6-4c77-8344-65416d18d1f8-GrpcLogAppender: notifyInstallSnapshot with firstAvailable=(t:1, i:0), followerNextIndex=0
2025-07-02 18:51:51,713 [0570d27e-7557-449b-949c-3e7f7fc57b05@group-F629F00B5E08->ca181966-e7f6-4c77-8344-65416d18d1f8-GrpcLogAppender-LogAppenderDaemon] INFO  server.GrpcLogAppender (GrpcLogAppender.java:notifyInstallSnapshot(807)) - 0570d27e-7557-449b-949c-3e7f7fc57b05@group-F629F00B5E08->ca181966-e7f6-4c77-8344-65416d18d1f8-GrpcLogAppender: send 0570d27e-7557-449b-949c-3e7f7fc57b05->ca181966-e7f6-4c77-8344-65416d18d1f8#0-t2,notify:(t:1, i:0)
2025-07-02 18:51:51,713 [grpc-default-executor-1] INFO  server.RaftServer$Division (RaftServerImpl.java:checkInconsistentAppendEntries(1651)) - ca181966-e7f6-4c77-8344-65416d18d1f8@group-F629F00B5E08: Failed appendEntries as snapshot (0) installation is in progress
2025-07-02 18:51:51,714 [grpc-default-executor-1] INFO  server.RaftServer$Division (RaftServerImpl.java:appendEntriesAsync(1594)) - ca181966-e7f6-4c77-8344-65416d18d1f8@group-F629F00B5E08: appendEntries* reply 0570d27e-7557-449b-949c-3e7f7fc57b05<-ca181966-e7f6-4c77-8344-65416d18d1f8#4:FAIL-t2,INCONSISTENCY,nextIndex=0,followerCommit=-1,matchIndex=-1
2025-07-02 18:51:51,713 [grpc-default-executor-3] INFO  db.RocksDBCheckpoint (RocksDBCheckpoint.java:cleanupCheckpoint(75)) - Cleaning up RocksDB checkpoint at /home/runner/work/ozone/ozone/hadoop-ozone/integration-test/target/test-dir/MiniOzoneClusterImpl-ff054ab7-6da7-448f-9cae-f629f00b5e08/scmNode-1/db.checkpoints/scm.db_checkpoint_1751482311700
2025-07-02 18:51:51,719 [grpc-default-executor-3] INFO  ha.InterSCMGrpcClient (InterSCMGrpcClient.java:onCompleted(169)) - Checkpoint is downloaded to /home/runner/work/ozone/ozone/hadoop-ozone/integration-test/target/test-dir/MiniOzoneClusterImpl-ff054ab7-6da7-448f-9cae-f629f00b5e08/scmNode-3/snapshot/scm.db-scmNode-1-1751482311664.tar
2025-07-02 18:51:51,719 [grpc-default-executor-0] INFO  impl.SnapshotInstallationHandler (SnapshotInstallationHandler.java:installSnapshotImpl(147)) - ca181966-e7f6-4c77-8344-65416d18d1f8@group-F629F00B5E08: set new configuration index: 7
configurationEntry {
  peers {
    id: "4680a024-3a59-4e75-8ac7-1755b08d3543"
    address: "localhost:15011"
    startupRole: FOLLOWER
  }
  peers {
    id: "0570d27e-7557-449b-949c-3e7f7fc57b05"
    address: "localhost:15003"
    startupRole: FOLLOWER
  }
}
 from snapshot
2025-07-02 18:51:51,720 [grpc-default-executor-0] INFO  server.RaftServer$Division (ServerState.java:setRaftConf(386)) - ca181966-e7f6-4c77-8344-65416d18d1f8@group-F629F00B5E08: set configuration conf: {index: 7, cur=peers:[4680a024-3a59-4e75-8ac7-1755b08d3543|localhost:15011, 0570d27e-7557-449b-949c-3e7f7fc57b05|localhost:15003]|listeners:[], old=null}
2025-07-02 18:51:51,722 [grpc-default-executor-0] INFO  server.GrpcLogAppender (GrpcLogAppender.java:onNext(663)) - 0570d27e-7557-449b-949c-3e7f7fc57b05@group-F629F00B5E08->ca181966-e7f6-4c77-8344-65416d18d1f8-InstallSnapshotResponseHandler: received a reply 0570d27e-7557-449b-949c-3e7f7fc57b05<-ca181966-e7f6-4c77-8344-65416d18d1f8#0:FAIL-t2,IN_PROGRESS,snapshotIndex=0
2025-07-02 18:51:51,722 [grpc-default-executor-0] INFO  server.GrpcLogAppender (GrpcLogAppender.java:onNext(679)) - 0570d27e-7557-449b-949c-3e7f7fc57b05@group-F629F00B5E08->ca181966-e7f6-4c77-8344-65416d18d1f8-InstallSnapshotResponseHandler: InstallSnapshot in progress.
2025-07-02 18:51:51,724 [grpc-default-executor-0] INFO  server.RaftServer$Division (RaftServerImpl.java:checkInconsistentAppendEntries(1651)) - ca181966-e7f6-4c77-8344-65416d18d1f8@group-F629F00B5E08: Failed appendEntries as snapshot (0) installation is in progress
2025-07-02 18:51:51,724 [grpc-default-executor-0] INFO  server.RaftServer$Division (RaftServerImpl.java:appendEntriesAsync(1594)) - ca181966-e7f6-4c77-8344-65416d18d1f8@group-F629F00B5E08: appendEntries* reply 0570d27e-7557-449b-949c-3e7f7fc57b05<-ca181966-e7f6-4c77-8344-65416d18d1f8#5:FAIL-t2,INCONSISTENCY,nextIndex=0,followerCommit=-1,matchIndex=-1
2025-07-02 18:51:51,725 [0570d27e-7557-449b-949c-3e7f7fc57b05@group-F629F00B5E08->ca181966-e7f6-4c77-8344-65416d18d1f8-GrpcLogAppender-LogAppenderDaemon] INFO  server.GrpcLogAppender (GrpcLogAppender.java:notifyInstallSnapshot(799)) - 0570d27e-7557-449b-949c-3e7f7fc57b05@group-F629F00B5E08->ca181966-e7f6-4c77-8344-65416d18d1f8-GrpcLogAppender: notifyInstallSnapshot with firstAvailable=(t:1, i:0), followerNextIndex=0
2025-07-02 18:51:51,725 [0570d27e-7557-449b-949c-3e7f7fc57b05@group-F629F00B5E08->ca181966-e7f6-4c77-8344-65416d18d1f8-GrpcLogAppender-LogAppenderDaemon] INFO  server.GrpcLogAppender (GrpcLogAppender.java:notifyInstallSnapshot(807)) - 0570d27e-7557-449b-949c-3e7f7fc57b05@group-F629F00B5E08->ca181966-e7f6-4c77-8344-65416d18d1f8-GrpcLogAppender: send 0570d27e-7557-449b-949c-3e7f7fc57b05->ca181966-e7f6-4c77-8344-65416d18d1f8#0-t2,notify:(t:1, i:0)
2025-07-02 18:51:51,728 [grpc-default-executor-3] INFO  impl.SnapshotInstallationHandler (SnapshotInstallationHandler.java:installSnapshotImpl(147)) - ca181966-e7f6-4c77-8344-65416d18d1f8@group-F629F00B5E08: set new configuration index: 7
configurationEntry {
  peers {
    id: "4680a024-3a59-4e75-8ac7-1755b08d3543"
    address: "localhost:15011"
    startupRole: FOLLOWER
  }
  peers {
    id: "0570d27e-7557-449b-949c-3e7f7fc57b05"
    address: "localhost:15003"
    startupRole: FOLLOWER
  }
}
 from snapshot
2025-07-02 18:51:51,728 [grpc-default-executor-3] INFO  server.RaftServer$Division (ServerState.java:setRaftConf(386)) - ca181966-e7f6-4c77-8344-65416d18d1f8@group-F629F00B5E08: set configuration conf: {index: 7, cur=peers:[4680a024-3a59-4e75-8ac7-1755b08d3543|localhost:15011, 0570d27e-7557-449b-949c-3e7f7fc57b05|localhost:15003]|listeners:[], old=null}
2025-07-02 18:51:51,730 [scmNode-3-SCMInstallSnapshot-0] INFO  ha.SCMSnapshotProvider (SCMSnapshotProvider.java:getSCMDBSnapshot(126)) - Successfully downloaded latest checkpoint from leader SCM: scmNode-1 path /home/runner/work/ozone/ozone/hadoop-ozone/integration-test/target/test-dir/MiniOzoneClusterImpl-ff054ab7-6da7-448f-9cae-f629f00b5e08/scmNode-3/snapshot/scm.db-scmNode-1-1751482311664
2025-07-02 18:51:51,730 [scmNode-3-SCMInstallSnapshot-0] INFO  ha.SCMHAManagerImpl (SCMHAManagerImpl.java:downloadCheckpointFromLeader(189)) - Downloaded checkpoint from Leader scmNode-1 to the location /home/runner/work/ozone/ozone/hadoop-ozone/integration-test/target/test-dir/MiniOzoneClusterImpl-ff054ab7-6da7-448f-9cae-f629f00b5e08/scmNode-3/snapshot/scm.db-scmNode-1-1751482311664
2025-07-02 18:51:51,730 [scmNode-3-SCMInstallSnapshot-0] INFO  ha.SCMHAManagerImpl (SCMHAManagerImpl.java:getSecretKeysFromLeader(202)) - Getting secret keys from leader scmNode-1.
2025-07-02 18:51:51,731 [scmNode-3-SCMInstallSnapshot-0] INFO  ha.SCMNodeInfo (SCMNodeInfo.java:getPort(197)) - ConfigKey ozone.scm.client.address is deprecated, For configuring different ports for each SCM use PortConfigKey ozone.scm.client.port appended with serviceId and nodeId
2025-07-02 18:51:51,731 [scmNode-3-SCMInstallSnapshot-0] INFO  ha.SCMNodeInfo (SCMNodeInfo.java:getPort(197)) - ConfigKey ozone.scm.block.client.address is deprecated, For configuring different ports for each SCM use PortConfigKey ozone.scm.block.client.port appended with serviceId and nodeId
2025-07-02 18:51:51,731 [scmNode-3-SCMInstallSnapshot-0] INFO  ha.SCMNodeInfo (SCMNodeInfo.java:getPort(197)) - ConfigKey ozone.scm.security.service.address is deprecated, For configuring different ports for each SCM use PortConfigKey ozone.scm.security.service.port appended with serviceId and nodeId
2025-07-02 18:51:51,731 [scmNode-3-SCMInstallSnapshot-0] INFO  ha.SCMNodeInfo (SCMNodeInfo.java:getPort(197)) - ConfigKey ozone.scm.datanode.address is deprecated, For configuring different ports for each SCM use PortConfigKey ozone.scm.datanode.port appended with serviceId and nodeId
2025-07-02 18:51:51,731 [scmNode-3-SCMInstallSnapshot-0] INFO  ha.SCMNodeInfo (SCMNodeInfo.java:getPort(197)) - ConfigKey ozone.scm.client.address is deprecated, For configuring different ports for each SCM use PortConfigKey ozone.scm.client.port appended with serviceId and nodeId
2025-07-02 18:51:51,731 [scmNode-3-SCMInstallSnapshot-0] INFO  ha.SCMNodeInfo (SCMNodeInfo.java:getPort(197)) - ConfigKey ozone.scm.block.client.address is deprecated, For configuring different ports for each SCM use PortConfigKey ozone.scm.block.client.port appended with serviceId and nodeId
2025-07-02 18:51:51,731 [scmNode-3-SCMInstallSnapshot-0] INFO  ha.SCMNodeInfo (SCMNodeInfo.java:getPort(197)) - ConfigKey ozone.scm.security.service.address is deprecated, For configuring different ports for each SCM use PortConfigKey ozone.scm.security.service.port appended with serviceId and nodeId
2025-07-02 18:51:51,731 [scmNode-3-SCMInstallSnapshot-0] INFO  ha.SCMNodeInfo (SCMNodeInfo.java:getPort(197)) - ConfigKey ozone.scm.datanode.address is deprecated, For configuring different ports for each SCM use PortConfigKey ozone.scm.datanode.port appended with serviceId and nodeId
2025-07-02 18:51:51,731 [scmNode-3-SCMInstallSnapshot-0] INFO  ha.SCMNodeInfo (SCMNodeInfo.java:getPort(197)) - ConfigKey ozone.scm.client.address is deprecated, For configuring different ports for each SCM use PortConfigKey ozone.scm.client.port appended with serviceId and nodeId
2025-07-02 18:51:51,731 [scmNode-3-SCMInstallSnapshot-0] INFO  ha.SCMNodeInfo (SCMNodeInfo.java:getPort(197)) - ConfigKey ozone.scm.block.client.address is deprecated, For configuring different ports for each SCM use PortConfigKey ozone.scm.block.client.port appended with serviceId and nodeId
2025-07-02 18:51:51,731 [scmNode-3-SCMInstallSnapshot-0] INFO  ha.SCMNodeInfo (SCMNodeInfo.java:getPort(197)) - ConfigKey ozone.scm.security.service.address is deprecated, For configuring different ports for each SCM use PortConfigKey ozone.scm.security.service.port appended with serviceId and nodeId
2025-07-02 18:51:51,731 [scmNode-3-SCMInstallSnapshot-0] INFO  ha.SCMNodeInfo (SCMNodeInfo.java:getPort(197)) - ConfigKey ozone.scm.datanode.address is deprecated, For configuring different ports for each SCM use PortConfigKey ozone.scm.datanode.port appended with serviceId and nodeId
2025-07-02 18:51:51,731 [grpc-default-executor-3] INFO  server.GrpcLogAppender (GrpcLogAppender.java:onNext(663)) - 0570d27e-7557-449b-949c-3e7f7fc57b05@group-F629F00B5E08->ca181966-e7f6-4c77-8344-65416d18d1f8-InstallSnapshotResponseHandler: received a reply 0570d27e-7557-449b-949c-3e7f7fc57b05<-ca181966-e7f6-4c77-8344-65416d18d1f8#0:FAIL-t2,IN_PROGRESS,snapshotIndex=0
2025-07-02 18:51:51,731 [grpc-default-executor-3] INFO  server.GrpcLogAppender (GrpcLogAppender.java:onNext(679)) - 0570d27e-7557-449b-949c-3e7f7fc57b05@group-F629F00B5E08->ca181966-e7f6-4c77-8344-65416d18d1f8-InstallSnapshotResponseHandler: InstallSnapshot in progress.
2025-07-02 18:51:51,732 [scmNode-3-SCMInstallSnapshot-0] INFO  proxy.SingleSecretKeyProtocolProxyProvider (SCMFailoverProxyProviderBase.java:<init>(120)) - Created fail-over proxy for protocol SecretKeyProtocolScmPB with 3 nodes: [nodeId=scmNode-2,nodeAddress=/127.0.0.1:15010, nodeId=scmNode-3,nodeAddress=/127.0.0.1:15018, nodeId=scmNode-1,nodeAddress=/127.0.0.1:15002]
2025-07-02 18:51:51,733 [0570d27e-7557-449b-949c-3e7f7fc57b05@group-F629F00B5E08->ca181966-e7f6-4c77-8344-65416d18d1f8-GrpcLogAppender-LogAppenderDaemon] INFO  server.GrpcLogAppender (GrpcLogAppender.java:notifyInstallSnapshot(799)) - 0570d27e-7557-449b-949c-3e7f7fc57b05@group-F629F00B5E08->ca181966-e7f6-4c77-8344-65416d18d1f8-GrpcLogAppender: notifyInstallSnapshot with firstAvailable=(t:1, i:0), followerNextIndex=0
2025-07-02 18:51:51,733 [0570d27e-7557-449b-949c-3e7f7fc57b05@group-F629F00B5E08->ca181966-e7f6-4c77-8344-65416d18d1f8-GrpcLogAppender-LogAppenderDaemon] INFO  server.GrpcLogAppender (GrpcLogAppender.java:notifyInstallSnapshot(807)) - 0570d27e-7557-449b-949c-3e7f7fc57b05@group-F629F00B5E08->ca181966-e7f6-4c77-8344-65416d18d1f8-GrpcLogAppender: send 0570d27e-7557-449b-949c-3e7f7fc57b05->ca181966-e7f6-4c77-8344-65416d18d1f8#0-t2,notify:(t:1, i:0)
2025-07-02 18:51:51,734 [grpc-default-executor-3] INFO  server.RaftServer$Division (RaftServerImpl.java:checkInconsistentAppendEntries(1651)) - ca181966-e7f6-4c77-8344-65416d18d1f8@group-F629F00B5E08: Failed appendEntries as snapshot (0) installation is in progress
2025-07-02 18:51:51,734 [grpc-default-executor-3] INFO  server.RaftServer$Division (RaftServerImpl.java:appendEntriesAsync(1594)) - ca181966-e7f6-4c77-8344-65416d18d1f8@group-F629F00B5E08: appendEntries* reply 0570d27e-7557-449b-949c-3e7f7fc57b05<-ca181966-e7f6-4c77-8344-65416d18d1f8#6:FAIL-t2,INCONSISTENCY,nextIndex=0,followerCommit=-1,matchIndex=-1
2025-07-02 18:51:51,737 [grpc-default-executor-3] INFO  impl.SnapshotInstallationHandler (SnapshotInstallationHandler.java:installSnapshotImpl(147)) - ca181966-e7f6-4c77-8344-65416d18d1f8@group-F629F00B5E08: set new configuration index: 7
configurationEntry {
  peers {
    id: "4680a024-3a59-4e75-8ac7-1755b08d3543"
    address: "localhost:15011"
    startupRole: FOLLOWER
  }
  peers {
    id: "0570d27e-7557-449b-949c-3e7f7fc57b05"
    address: "localhost:15003"
    startupRole: FOLLOWER
  }
}
 from snapshot
2025-07-02 18:51:51,738 [grpc-default-executor-3] INFO  server.RaftServer$Division (ServerState.java:setRaftConf(386)) - ca181966-e7f6-4c77-8344-65416d18d1f8@group-F629F00B5E08: set configuration conf: {index: 7, cur=peers:[4680a024-3a59-4e75-8ac7-1755b08d3543|localhost:15011, 0570d27e-7557-449b-949c-3e7f7fc57b05|localhost:15003]|listeners:[], old=null}
2025-07-02 18:51:51,740 [Socket Reader #1 for port 15002] INFO  ipc.Server (Server.java:saslProcess(2290)) - Auth successful for scm/localhost@EXAMPLE.COM (auth:KERBEROS) from 127.0.0.1:39959
2025-07-02 18:51:51,742 [grpc-default-executor-3] INFO  server.GrpcLogAppender (GrpcLogAppender.java:onNext(663)) - 0570d27e-7557-449b-949c-3e7f7fc57b05@group-F629F00B5E08->ca181966-e7f6-4c77-8344-65416d18d1f8-InstallSnapshotResponseHandler: received a reply 0570d27e-7557-449b-949c-3e7f7fc57b05<-ca181966-e7f6-4c77-8344-65416d18d1f8#0:FAIL-t2,IN_PROGRESS,snapshotIndex=0
2025-07-02 18:51:51,743 [grpc-default-executor-3] INFO  server.GrpcLogAppender (GrpcLogAppender.java:onNext(679)) - 0570d27e-7557-449b-949c-3e7f7fc57b05@group-F629F00B5E08->ca181966-e7f6-4c77-8344-65416d18d1f8-InstallSnapshotResponseHandler: InstallSnapshot in progress.
2025-07-02 18:51:51,744 [scmNode-3-SCMInstallSnapshot-0] INFO  ha.SCMStateMachine (SCMStateMachine.java:lambda$notifyInstallSnapshotFromLeader$2(258)) - Got secret keys from leaders [SecretKey(id = 45b1e288-be58-412a-8e87-841ece61fad4, creation at: 2025-07-02T18:51:41.729Z, expire at: 2025-07-02T19:00:01.729Z)]
2025-07-02 18:51:51,745 [grpc-default-executor-3] INFO  server.RaftServer$Division (RaftServerImpl.java:checkInconsistentAppendEntries(1651)) - ca181966-e7f6-4c77-8344-65416d18d1f8@group-F629F00B5E08: Failed appendEntries as snapshot (0) installation is in progress
2025-07-02 18:51:51,745 [grpc-default-executor-3] INFO  server.RaftServer$Division (RaftServerImpl.java:appendEntriesAsync(1594)) - ca181966-e7f6-4c77-8344-65416d18d1f8@group-F629F00B5E08: appendEntries* reply 0570d27e-7557-449b-949c-3e7f7fc57b05<-ca181966-e7f6-4c77-8344-65416d18d1f8#7:FAIL-t2,INCONSISTENCY,nextIndex=0,followerCommit=-1,matchIndex=-1
2025-07-02 18:51:51,746 [0570d27e-7557-449b-949c-3e7f7fc57b05@group-F629F00B5E08->ca181966-e7f6-4c77-8344-65416d18d1f8-GrpcLogAppender-LogAppenderDaemon] INFO  server.GrpcLogAppender (GrpcLogAppender.java:notifyInstallSnapshot(799)) - 0570d27e-7557-449b-949c-3e7f7fc57b05@group-F629F00B5E08->ca181966-e7f6-4c77-8344-65416d18d1f8-GrpcLogAppender: notifyInstallSnapshot with firstAvailable=(t:1, i:0), followerNextIndex=0
2025-07-02 18:51:51,746 [0570d27e-7557-449b-949c-3e7f7fc57b05@group-F629F00B5E08->ca181966-e7f6-4c77-8344-65416d18d1f8-GrpcLogAppender-LogAppenderDaemon] INFO  server.GrpcLogAppender (GrpcLogAppender.java:notifyInstallSnapshot(807)) - 0570d27e-7557-449b-949c-3e7f7fc57b05@group-F629F00B5E08->ca181966-e7f6-4c77-8344-65416d18d1f8-GrpcLogAppender: send 0570d27e-7557-449b-949c-3e7f7fc57b05->ca181966-e7f6-4c77-8344-65416d18d1f8#0-t2,notify:(t:1, i:0)
2025-07-02 18:51:51,750 [grpc-default-executor-0] INFO  impl.SnapshotInstallationHandler (SnapshotInstallationHandler.java:installSnapshotImpl(147)) - ca181966-e7f6-4c77-8344-65416d18d1f8@group-F629F00B5E08: set new configuration index: 7
configurationEntry {
  peers {
    id: "4680a024-3a59-4e75-8ac7-1755b08d3543"
    address: "localhost:15011"
    startupRole: FOLLOWER
  }
  peers {
    id: "0570d27e-7557-449b-949c-3e7f7fc57b05"
    address: "localhost:15003"
    startupRole: FOLLOWER
  }
}
 from snapshot
2025-07-02 18:51:51,750 [grpc-default-executor-0] INFO  server.RaftServer$Division (ServerState.java:setRaftConf(386)) - ca181966-e7f6-4c77-8344-65416d18d1f8@group-F629F00B5E08: set configuration conf: {index: 7, cur=peers:[4680a024-3a59-4e75-8ac7-1755b08d3543|localhost:15011, 0570d27e-7557-449b-949c-3e7f7fc57b05|localhost:15003]|listeners:[], old=null}
2025-07-02 18:51:51,755 [grpc-default-executor-3] INFO  server.GrpcLogAppender (GrpcLogAppender.java:onNext(663)) - 0570d27e-7557-449b-949c-3e7f7fc57b05@group-F629F00B5E08->ca181966-e7f6-4c77-8344-65416d18d1f8-InstallSnapshotResponseHandler: received a reply 0570d27e-7557-449b-949c-3e7f7fc57b05<-ca181966-e7f6-4c77-8344-65416d18d1f8#0:FAIL-t2,IN_PROGRESS,snapshotIndex=0
2025-07-02 18:51:51,755 [grpc-default-executor-3] INFO  server.GrpcLogAppender (GrpcLogAppender.java:onNext(679)) - 0570d27e-7557-449b-949c-3e7f7fc57b05@group-F629F00B5E08->ca181966-e7f6-4c77-8344-65416d18d1f8-InstallSnapshotResponseHandler: InstallSnapshot in progress.
2025-07-02 18:51:51,757 [grpc-default-executor-3] INFO  server.RaftServer$Division (RaftServerImpl.java:checkInconsistentAppendEntries(1651)) - ca181966-e7f6-4c77-8344-65416d18d1f8@group-F629F00B5E08: Failed appendEntries as snapshot (0) installation is in progress
2025-07-02 18:51:51,757 [grpc-default-executor-3] INFO  server.RaftServer$Division (RaftServerImpl.java:appendEntriesAsync(1594)) - ca181966-e7f6-4c77-8344-65416d18d1f8@group-F629F00B5E08: appendEntries* reply 0570d27e-7557-449b-949c-3e7f7fc57b05<-ca181966-e7f6-4c77-8344-65416d18d1f8#8:FAIL-t2,INCONSISTENCY,nextIndex=0,followerCommit=-1,matchIndex=-1
2025-07-02 18:51:51,758 [0570d27e-7557-449b-949c-3e7f7fc57b05@group-F629F00B5E08->ca181966-e7f6-4c77-8344-65416d18d1f8-GrpcLogAppender-LogAppenderDaemon] INFO  server.GrpcLogAppender (GrpcLogAppender.java:notifyInstallSnapshot(799)) - 0570d27e-7557-449b-949c-3e7f7fc57b05@group-F629F00B5E08->ca181966-e7f6-4c77-8344-65416d18d1f8-GrpcLogAppender: notifyInstallSnapshot with firstAvailable=(t:1, i:0), followerNextIndex=0
2025-07-02 18:51:51,758 [0570d27e-7557-449b-949c-3e7f7fc57b05@group-F629F00B5E08->ca181966-e7f6-4c77-8344-65416d18d1f8-GrpcLogAppender-LogAppenderDaemon] INFO  server.GrpcLogAppender (GrpcLogAppender.java:notifyInstallSnapshot(807)) - 0570d27e-7557-449b-949c-3e7f7fc57b05@group-F629F00B5E08->ca181966-e7f6-4c77-8344-65416d18d1f8-GrpcLogAppender: send 0570d27e-7557-449b-949c-3e7f7fc57b05->ca181966-e7f6-4c77-8344-65416d18d1f8#0-t2,notify:(t:1, i:0)
2025-07-02 18:51:51,760 [grpc-default-executor-0] INFO  impl.SnapshotInstallationHandler (SnapshotInstallationHandler.java:installSnapshotImpl(147)) - ca181966-e7f6-4c77-8344-65416d18d1f8@group-F629F00B5E08: set new configuration index: 7
configurationEntry {
  peers {
    id: "4680a024-3a59-4e75-8ac7-1755b08d3543"
    address: "localhost:15011"
    startupRole: FOLLOWER
  }
  peers {
    id: "0570d27e-7557-449b-949c-3e7f7fc57b05"
    address: "localhost:15003"
    startupRole: FOLLOWER
  }
}
 from snapshot
2025-07-02 18:51:51,761 [grpc-default-executor-0] INFO  server.RaftServer$Division (ServerState.java:setRaftConf(386)) - ca181966-e7f6-4c77-8344-65416d18d1f8@group-F629F00B5E08: set configuration conf: {index: 7, cur=peers:[4680a024-3a59-4e75-8ac7-1755b08d3543|localhost:15011, 0570d27e-7557-449b-949c-3e7f7fc57b05|localhost:15003]|listeners:[], old=null}
2025-07-02 18:51:51,763 [grpc-default-executor-0] INFO  server.GrpcLogAppender (GrpcLogAppender.java:onNext(663)) - 0570d27e-7557-449b-949c-3e7f7fc57b05@group-F629F00B5E08->ca181966-e7f6-4c77-8344-65416d18d1f8-InstallSnapshotResponseHandler: received a reply 0570d27e-7557-449b-949c-3e7f7fc57b05<-ca181966-e7f6-4c77-8344-65416d18d1f8#0:FAIL-t2,IN_PROGRESS,snapshotIndex=0
2025-07-02 18:51:51,763 [grpc-default-executor-0] INFO  server.GrpcLogAppender (GrpcLogAppender.java:onNext(679)) - 0570d27e-7557-449b-949c-3e7f7fc57b05@group-F629F00B5E08->ca181966-e7f6-4c77-8344-65416d18d1f8-InstallSnapshotResponseHandler: InstallSnapshot in progress.
2025-07-02 18:51:51,764 [0570d27e-7557-449b-949c-3e7f7fc57b05@group-F629F00B5E08->ca181966-e7f6-4c77-8344-65416d18d1f8-GrpcLogAppender-LogAppenderDaemon] INFO  server.GrpcLogAppender (GrpcLogAppender.java:notifyInstallSnapshot(799)) - 0570d27e-7557-449b-949c-3e7f7fc57b05@group-F629F00B5E08->ca181966-e7f6-4c77-8344-65416d18d1f8-GrpcLogAppender: notifyInstallSnapshot with firstAvailable=(t:1, i:0), followerNextIndex=0
2025-07-02 18:51:51,764 [0570d27e-7557-449b-949c-3e7f7fc57b05@group-F629F00B5E08->ca181966-e7f6-4c77-8344-65416d18d1f8-GrpcLogAppender-LogAppenderDaemon] INFO  server.GrpcLogAppender (GrpcLogAppender.java:notifyInstallSnapshot(807)) - 0570d27e-7557-449b-949c-3e7f7fc57b05@group-F629F00B5E08->ca181966-e7f6-4c77-8344-65416d18d1f8-GrpcLogAppender: send 0570d27e-7557-449b-949c-3e7f7fc57b05->ca181966-e7f6-4c77-8344-65416d18d1f8#0-t2,notify:(t:1, i:0)
2025-07-02 18:51:51,765 [grpc-default-executor-0] INFO  server.RaftServer$Division (RaftServerImpl.java:checkInconsistentAppendEntries(1651)) - ca181966-e7f6-4c77-8344-65416d18d1f8@group-F629F00B5E08: Failed appendEntries as snapshot (0) installation is in progress
2025-07-02 18:51:51,766 [grpc-default-executor-0] INFO  server.RaftServer$Division (RaftServerImpl.java:appendEntriesAsync(1594)) - ca181966-e7f6-4c77-8344-65416d18d1f8@group-F629F00B5E08: appendEntries* reply 0570d27e-7557-449b-949c-3e7f7fc57b05<-ca181966-e7f6-4c77-8344-65416d18d1f8#9:FAIL-t2,INCONSISTENCY,nextIndex=0,followerCommit=-1,matchIndex=-1
2025-07-02 18:51:51,767 [grpc-default-executor-3] INFO  impl.SnapshotInstallationHandler (SnapshotInstallationHandler.java:installSnapshotImpl(147)) - ca181966-e7f6-4c77-8344-65416d18d1f8@group-F629F00B5E08: set new configuration index: 7
configurationEntry {
  peers {
    id: "4680a024-3a59-4e75-8ac7-1755b08d3543"
    address: "localhost:15011"
    startupRole: FOLLOWER
  }
  peers {
    id: "0570d27e-7557-449b-949c-3e7f7fc57b05"
    address: "localhost:15003"
    startupRole: FOLLOWER
  }
}
 from snapshot
2025-07-02 18:51:51,767 [grpc-default-executor-3] INFO  server.RaftServer$Division (ServerState.java:setRaftConf(386)) - ca181966-e7f6-4c77-8344-65416d18d1f8@group-F629F00B5E08: set configuration conf: {index: 7, cur=peers:[4680a024-3a59-4e75-8ac7-1755b08d3543|localhost:15011, 0570d27e-7557-449b-949c-3e7f7fc57b05|localhost:15003]|listeners:[], old=null}
2025-07-02 18:51:51,771 [grpc-default-executor-3] INFO  server.GrpcLogAppender (GrpcLogAppender.java:onNext(663)) - 0570d27e-7557-449b-949c-3e7f7fc57b05@group-F629F00B5E08->ca181966-e7f6-4c77-8344-65416d18d1f8-InstallSnapshotResponseHandler: received a reply 0570d27e-7557-449b-949c-3e7f7fc57b05<-ca181966-e7f6-4c77-8344-65416d18d1f8#0:FAIL-t2,IN_PROGRESS,snapshotIndex=0
2025-07-02 18:51:51,771 [grpc-default-executor-3] INFO  server.GrpcLogAppender (GrpcLogAppender.java:onNext(679)) - 0570d27e-7557-449b-949c-3e7f7fc57b05@group-F629F00B5E08->ca181966-e7f6-4c77-8344-65416d18d1f8-InstallSnapshotResponseHandler: InstallSnapshot in progress.
2025-07-02 18:51:51,772 [0570d27e-7557-449b-949c-3e7f7fc57b05@group-F629F00B5E08->ca181966-e7f6-4c77-8344-65416d18d1f8-GrpcLogAppender-LogAppenderDaemon] INFO  server.GrpcLogAppender (GrpcLogAppender.java:notifyInstallSnapshot(799)) - 0570d27e-7557-449b-949c-3e7f7fc57b05@group-F629F00B5E08->ca181966-e7f6-4c77-8344-65416d18d1f8-GrpcLogAppender: notifyInstallSnapshot with firstAvailable=(t:1, i:0), followerNextIndex=0
2025-07-02 18:51:51,772 [0570d27e-7557-449b-949c-3e7f7fc57b05@group-F629F00B5E08->ca181966-e7f6-4c77-8344-65416d18d1f8-GrpcLogAppender-LogAppenderDaemon] INFO  server.GrpcLogAppender (GrpcLogAppender.java:notifyInstallSnapshot(807)) - 0570d27e-7557-449b-949c-3e7f7fc57b05@group-F629F00B5E08->ca181966-e7f6-4c77-8344-65416d18d1f8-GrpcLogAppender: send 0570d27e-7557-449b-949c-3e7f7fc57b05->ca181966-e7f6-4c77-8344-65416d18d1f8#0-t2,notify:(t:1, i:0)
2025-07-02 18:51:51,773 [grpc-default-executor-3] INFO  server.RaftServer$Division (RaftServerImpl.java:checkInconsistentAppendEntries(1651)) - ca181966-e7f6-4c77-8344-65416d18d1f8@group-F629F00B5E08: Failed appendEntries as snapshot (0) installation is in progress
2025-07-02 18:51:51,774 [grpc-default-executor-3] INFO  server.RaftServer$Division (RaftServerImpl.java:appendEntriesAsync(1594)) - ca181966-e7f6-4c77-8344-65416d18d1f8@group-F629F00B5E08: appendEntries* reply 0570d27e-7557-449b-949c-3e7f7fc57b05<-ca181966-e7f6-4c77-8344-65416d18d1f8#10:FAIL-t2,INCONSISTENCY,nextIndex=0,followerCommit=-1,matchIndex=-1
2025-07-02 18:51:51,777 [grpc-default-executor-0] INFO  impl.SnapshotInstallationHandler (SnapshotInstallationHandler.java:installSnapshotImpl(147)) - ca181966-e7f6-4c77-8344-65416d18d1f8@group-F629F00B5E08: set new configuration index: 7
configurationEntry {
  peers {
    id: "4680a024-3a59-4e75-8ac7-1755b08d3543"
    address: "localhost:15011"
    startupRole: FOLLOWER
  }
  peers {
    id: "0570d27e-7557-449b-949c-3e7f7fc57b05"
    address: "localhost:15003"
    startupRole: FOLLOWER
  }
}
 from snapshot
2025-07-02 18:51:51,777 [grpc-default-executor-0] INFO  server.RaftServer$Division (ServerState.java:setRaftConf(386)) - ca181966-e7f6-4c77-8344-65416d18d1f8@group-F629F00B5E08: set configuration conf: {index: 7, cur=peers:[4680a024-3a59-4e75-8ac7-1755b08d3543|localhost:15011, 0570d27e-7557-449b-949c-3e7f7fc57b05|localhost:15003]|listeners:[], old=null}
2025-07-02 18:51:51,780 [grpc-default-executor-1] INFO  server.GrpcLogAppender (GrpcLogAppender.java:onNext(663)) - 0570d27e-7557-449b-949c-3e7f7fc57b05@group-F629F00B5E08->ca181966-e7f6-4c77-8344-65416d18d1f8-InstallSnapshotResponseHandler: received a reply 0570d27e-7557-449b-949c-3e7f7fc57b05<-ca181966-e7f6-4c77-8344-65416d18d1f8#0:FAIL-t2,IN_PROGRESS,snapshotIndex=0
2025-07-02 18:51:51,781 [grpc-default-executor-1] INFO  server.GrpcLogAppender (GrpcLogAppender.java:onNext(679)) - 0570d27e-7557-449b-949c-3e7f7fc57b05@group-F629F00B5E08->ca181966-e7f6-4c77-8344-65416d18d1f8-InstallSnapshotResponseHandler: InstallSnapshot in progress.
2025-07-02 18:51:51,781 [0570d27e-7557-449b-949c-3e7f7fc57b05@group-F629F00B5E08->ca181966-e7f6-4c77-8344-65416d18d1f8-GrpcLogAppender-LogAppenderDaemon] INFO  server.GrpcLogAppender (GrpcLogAppender.java:notifyInstallSnapshot(799)) - 0570d27e-7557-449b-949c-3e7f7fc57b05@group-F629F00B5E08->ca181966-e7f6-4c77-8344-65416d18d1f8-GrpcLogAppender: notifyInstallSnapshot with firstAvailable=(t:1, i:0), followerNextIndex=0
2025-07-02 18:51:51,781 [0570d27e-7557-449b-949c-3e7f7fc57b05@group-F629F00B5E08->ca181966-e7f6-4c77-8344-65416d18d1f8-GrpcLogAppender-LogAppenderDaemon] INFO  server.GrpcLogAppender (GrpcLogAppender.java:notifyInstallSnapshot(807)) - 0570d27e-7557-449b-949c-3e7f7fc57b05@group-F629F00B5E08->ca181966-e7f6-4c77-8344-65416d18d1f8-GrpcLogAppender: send 0570d27e-7557-449b-949c-3e7f7fc57b05->ca181966-e7f6-4c77-8344-65416d18d1f8#0-t2,notify:(t:1, i:0)
2025-07-02 18:51:51,784 [grpc-default-executor-3] INFO  server.RaftServer$Division (RaftServerImpl.java:checkInconsistentAppendEntries(1651)) - ca181966-e7f6-4c77-8344-65416d18d1f8@group-F629F00B5E08: Failed appendEntries as snapshot (0) installation is in progress
2025-07-02 18:51:51,784 [grpc-default-executor-3] INFO  server.RaftServer$Division (RaftServerImpl.java:appendEntriesAsync(1594)) - ca181966-e7f6-4c77-8344-65416d18d1f8@group-F629F00B5E08: appendEntries* reply 0570d27e-7557-449b-949c-3e7f7fc57b05<-ca181966-e7f6-4c77-8344-65416d18d1f8#11:FAIL-t2,INCONSISTENCY,nextIndex=0,followerCommit=-1,matchIndex=-1
2025-07-02 18:51:51,785 [grpc-default-executor-1] INFO  impl.SnapshotInstallationHandler (SnapshotInstallationHandler.java:installSnapshotImpl(147)) - ca181966-e7f6-4c77-8344-65416d18d1f8@group-F629F00B5E08: set new configuration index: 7
configurationEntry {
  peers {
    id: "4680a024-3a59-4e75-8ac7-1755b08d3543"
    address: "localhost:15011"
    startupRole: FOLLOWER
  }
  peers {
    id: "0570d27e-7557-449b-949c-3e7f7fc57b05"
    address: "localhost:15003"
    startupRole: FOLLOWER
  }
}
 from snapshot
2025-07-02 18:51:51,786 [grpc-default-executor-1] INFO  server.RaftServer$Division (ServerState.java:setRaftConf(386)) - ca181966-e7f6-4c77-8344-65416d18d1f8@group-F629F00B5E08: set configuration conf: {index: 7, cur=peers:[4680a024-3a59-4e75-8ac7-1755b08d3543|localhost:15011, 0570d27e-7557-449b-949c-3e7f7fc57b05|localhost:15003]|listeners:[], old=null}
2025-07-02 18:51:51,788 [grpc-default-executor-1] INFO  server.GrpcLogAppender (GrpcLogAppender.java:onNext(663)) - 0570d27e-7557-449b-949c-3e7f7fc57b05@group-F629F00B5E08->ca181966-e7f6-4c77-8344-65416d18d1f8-InstallSnapshotResponseHandler: received a reply 0570d27e-7557-449b-949c-3e7f7fc57b05<-ca181966-e7f6-4c77-8344-65416d18d1f8#0:FAIL-t2,IN_PROGRESS,snapshotIndex=0
2025-07-02 18:51:51,788 [grpc-default-executor-1] INFO  server.GrpcLogAppender (GrpcLogAppender.java:onNext(679)) - 0570d27e-7557-449b-949c-3e7f7fc57b05@group-F629F00B5E08->ca181966-e7f6-4c77-8344-65416d18d1f8-InstallSnapshotResponseHandler: InstallSnapshot in progress.
2025-07-02 18:51:51,789 [0570d27e-7557-449b-949c-3e7f7fc57b05@group-F629F00B5E08->ca181966-e7f6-4c77-8344-65416d18d1f8-GrpcLogAppender-LogAppenderDaemon] INFO  server.GrpcLogAppender (GrpcLogAppender.java:notifyInstallSnapshot(799)) - 0570d27e-7557-449b-949c-3e7f7fc57b05@group-F629F00B5E08->ca181966-e7f6-4c77-8344-65416d18d1f8-GrpcLogAppender: notifyInstallSnapshot with firstAvailable=(t:1, i:0), followerNextIndex=0
2025-07-02 18:51:51,789 [0570d27e-7557-449b-949c-3e7f7fc57b05@group-F629F00B5E08->ca181966-e7f6-4c77-8344-65416d18d1f8-GrpcLogAppender-LogAppenderDaemon] INFO  server.GrpcLogAppender (GrpcLogAppender.java:notifyInstallSnapshot(807)) - 0570d27e-7557-449b-949c-3e7f7fc57b05@group-F629F00B5E08->ca181966-e7f6-4c77-8344-65416d18d1f8-GrpcLogAppender: send 0570d27e-7557-449b-949c-3e7f7fc57b05->ca181966-e7f6-4c77-8344-65416d18d1f8#0-t2,notify:(t:1, i:0)
2025-07-02 18:51:51,790 [grpc-default-executor-1] INFO  server.RaftServer$Division (RaftServerImpl.java:checkInconsistentAppendEntries(1651)) - ca181966-e7f6-4c77-8344-65416d18d1f8@group-F629F00B5E08: Failed appendEntries as snapshot (0) installation is in progress
2025-07-02 18:51:51,790 [grpc-default-executor-1] INFO  server.RaftServer$Division (RaftServerImpl.java:appendEntriesAsync(1594)) - ca181966-e7f6-4c77-8344-65416d18d1f8@group-F629F00B5E08: appendEntries* reply 0570d27e-7557-449b-949c-3e7f7fc57b05<-ca181966-e7f6-4c77-8344-65416d18d1f8#12:FAIL-t2,INCONSISTENCY,nextIndex=0,followerCommit=-1,matchIndex=-1
2025-07-02 18:51:51,792 [scmNode-3-SCMInstallSnapshot-0] INFO  ha.SCMHAManagerImpl (SCMHAManagerImpl.java:verifyCheckpointFromLeader(221)) - ca181966-e7f6-4c77-8344-65416d18d1f8: Verify checkpoint 2#9 from leader scmNode-1
2025-07-02 18:51:51,792 [scmNode-3-SCMInstallSnapshot-0] INFO  impl.SnapshotInstallationHandler (SnapshotInstallationHandler.java:lambda$notifyStateMachineToInstallSnapshot$8(320)) - ca181966-e7f6-4c77-8344-65416d18d1f8@group-F629F00B5E08: StateMachine successfully installed snapshot index 9. Reloading the StateMachine.
2025-07-02 18:51:51,796 [grpc-default-executor-1] INFO  ha.SCMStateMachine (SCMStateMachine.java:pause(393)) - ca181966-e7f6-4c77-8344-65416d18d1f8: Try to pause from current LifeCycle state SCMStateMachine:ca181966-e7f6-4c77-8344-65416d18d1f8:group-F629F00B5E08:RUNNING
2025-07-02 18:51:51,796 [grpc-default-executor-1] INFO  raftlog.RaftLog (RaftLogBase.java:lambda$new$0(54)) - ca181966-e7f6-4c77-8344-65416d18d1f8@group-F629F00B5E08-SegmentedRaftLog: snapshotIndex: updateIncreasingly -1 -> 9
2025-07-02 18:51:51,797 [grpc-default-executor-1] INFO  segmented.SegmentedRaftLogWorker (SegmentedRaftLogWorker.java:lambda$new$0(141)) - ca181966-e7f6-4c77-8344-65416d18d1f8@group-F629F00B5E08-SegmentedRaftLogWorker: flushIndex: setUnconditionally -1 -> 9
2025-07-02 18:51:51,797 [grpc-default-executor-1] INFO  segmented.SegmentedRaftLogWorker (SegmentedRaftLogWorker.java:lambda$new$0(141)) - ca181966-e7f6-4c77-8344-65416d18d1f8@group-F629F00B5E08-SegmentedRaftLogWorker: safeCacheEvictIndex: setUnconditionally -1 -> 9
2025-07-02 18:51:51,797 [grpc-default-executor-1] INFO  raftlog.RaftLog (RaftLogBase.java:lambda$new$0(54)) - ca181966-e7f6-4c77-8344-65416d18d1f8@group-F629F00B5E08-SegmentedRaftLog: purgeIndex: updateToMax old=-1, new=9, updated? true
2025-07-02 18:51:51,797 [grpc-default-executor-1] INFO  impl.SnapshotInstallationHandler (SnapshotInstallationHandler.java:notifyStateMachineToInstallSnapshot(365)) - ca181966-e7f6-4c77-8344-65416d18d1f8@group-F629F00B5E08: InstallSnapshot notification result: SNAPSHOT_INSTALLED, at index: (t:2, i:9)
2025-07-02 18:51:51,797 [grpc-default-executor-1] INFO  impl.SnapshotInstallationHandler (SnapshotInstallationHandler.java:installSnapshotImpl(147)) - ca181966-e7f6-4c77-8344-65416d18d1f8@group-F629F00B5E08: set new configuration index: 7
configurationEntry {
  peers {
    id: "4680a024-3a59-4e75-8ac7-1755b08d3543"
    address: "localhost:15011"
    startupRole: FOLLOWER
  }
  peers {
    id: "0570d27e-7557-449b-949c-3e7f7fc57b05"
    address: "localhost:15003"
    startupRole: FOLLOWER
  }
}
 from snapshot
2025-07-02 18:51:51,798 [grpc-default-executor-1] INFO  server.RaftServer$Division (ServerState.java:setRaftConf(386)) - ca181966-e7f6-4c77-8344-65416d18d1f8@group-F629F00B5E08: set configuration conf: {index: 7, cur=peers:[4680a024-3a59-4e75-8ac7-1755b08d3543|localhost:15011, 0570d27e-7557-449b-949c-3e7f7fc57b05|localhost:15003]|listeners:[], old=null}
2025-07-02 18:51:51,800 [grpc-default-executor-1] INFO  server.GrpcLogAppender (GrpcLogAppender.java:onNext(663)) - 0570d27e-7557-449b-949c-3e7f7fc57b05@group-F629F00B5E08->ca181966-e7f6-4c77-8344-65416d18d1f8-InstallSnapshotResponseHandler: received a reply 0570d27e-7557-449b-949c-3e7f7fc57b05<-ca181966-e7f6-4c77-8344-65416d18d1f8#0:OK-t2,SNAPSHOT_INSTALLED,snapshotIndex=9
2025-07-02 18:51:51,801 [grpc-default-executor-1] INFO  server.GrpcLogAppender (GrpcLogAppender.java:onNext(701)) - 0570d27e-7557-449b-949c-3e7f7fc57b05@group-F629F00B5E08->ca181966-e7f6-4c77-8344-65416d18d1f8-InstallSnapshotResponseHandler: Follower installed snapshot at index 9
2025-07-02 18:51:51,801 [grpc-default-executor-1] INFO  leader.FollowerInfo (FollowerInfoImpl.java:info(64)) - 0570d27e-7557-449b-949c-3e7f7fc57b05@group-F629F00B5E08->ca181966-e7f6-4c77-8344-65416d18d1f8: snapshotIndex: setUnconditionally 0 -> 9
2025-07-02 18:51:51,802 [grpc-default-executor-1] INFO  leader.FollowerInfo (FollowerInfoImpl.java:info(64)) - 0570d27e-7557-449b-949c-3e7f7fc57b05@group-F629F00B5E08->ca181966-e7f6-4c77-8344-65416d18d1f8: matchIndex: setUnconditionally -1 -> 9
2025-07-02 18:51:51,802 [grpc-default-executor-1] INFO  leader.FollowerInfo (FollowerInfoImpl.java:info(64)) - 0570d27e-7557-449b-949c-3e7f7fc57b05@group-F629F00B5E08->ca181966-e7f6-4c77-8344-65416d18d1f8: nextIndex: setUnconditionally 0 -> 10
2025-07-02 18:51:51,803 [grpc-default-executor-1] INFO  leader.FollowerInfo (FollowerInfoImpl.java:setAttemptedToInstallSnapshot(154)) - Follower 0570d27e-7557-449b-949c-3e7f7fc57b05@group-F629F00B5E08->ca181966-e7f6-4c77-8344-65416d18d1f8 acknowledged installing snapshot
2025-07-02 18:51:51,803 [grpc-default-executor-1] INFO  server.GrpcLogAppender (GrpcLogAppender.java:increaseNextIndex(464)) - 0570d27e-7557-449b-949c-3e7f7fc57b05@group-F629F00B5E08->ca181966-e7f6-4c77-8344-65416d18d1f8-GrpcLogAppender: updateNextIndex 10 for SNAPSHOT_INSTALLED
2025-07-02 18:51:51,803 [grpc-default-executor-1] INFO  server.GrpcLogAppender (GrpcLogAppender.java:onFollowerCatchup(629)) - 0570d27e-7557-449b-949c-3e7f7fc57b05@group-F629F00B5E08->ca181966-e7f6-4c77-8344-65416d18d1f8-InstallSnapshotResponseHandler: Follower can catch up leader after install the snapshot, as leader's start index is 10
2025-07-02 18:51:51,827 [ca181966-e7f6-4c77-8344-65416d18d1f8@group-F629F00B5E08-StateMachineUpdater] INFO  ha.SCMHAManagerImpl (SCMHAManagerImpl.java:installCheckpoint(273)) - ca181966-e7f6-4c77-8344-65416d18d1f8: Install checkpoint 2#9
2025-07-02 18:51:51,832 [ca181966-e7f6-4c77-8344-65416d18d1f8@group-F629F00B5E08-StateMachineUpdater] INFO  ha.SCMHAManagerImpl (SCMHAManagerImpl.java:installCheckpoint(311)) - Replaced DB with checkpoint, term: 2, index: 9
2025-07-02 18:51:51,833 [ca181966-e7f6-4c77-8344-65416d18d1f8@group-F629F00B5E08-StateMachineUpdater] WARN  utils.HAUtils (HAUtils.java:getMetaDir(311)) - ozone.scm.db.dirs is not configured. We recommend adding this setting. Falling back to ozone.metadata.dirs instead.
2025-07-02 18:51:51,833 [ca181966-e7f6-4c77-8344-65416d18d1f8@group-F629F00B5E08-StateMachineUpdater] WARN  db.DBStoreBuilder (DBStoreBuilder.java:getDBDirPath(159)) - ozone.scm.db.dirs is not configured. We recommend adding this setting. Falling back to ozone.metadata.dirs instead.
2025-07-02 18:51:51,854 [ca181966-e7f6-4c77-8344-65416d18d1f8@group-F629F00B5E08-StateMachineUpdater] INFO  ha.SequenceIdGenerator (SequenceIdGenerator.java:reinitialize(176)) - reinitialize SequenceIdGenerator.
2025-07-02 18:51:51,855 [ca181966-e7f6-4c77-8344-65416d18d1f8@group-F629F00B5E08-StateMachineUpdater] INFO  pipeline.PipelineStateManagerImpl (PipelineStateManagerImpl.java:initialize(75)) - No pipeline exists in current db
2025-07-02 18:51:51,856 [ca181966-e7f6-4c77-8344-65416d18d1f8@group-F629F00B5E08-StateMachineUpdater] INFO  ha.SCMHAManagerImpl (SCMHAManagerImpl.java:installCheckpoint(326)) - Reloaded SCM state with Term: 2 and Index: 9
2025-07-02 18:51:51,857 [ca181966-e7f6-4c77-8344-65416d18d1f8@group-F629F00B5E08-StateMachineUpdater] INFO  ha.SCMStateMachine (SCMStateMachine.java:reinitialize(419)) - ca181966-e7f6-4c77-8344-65416d18d1f8: SCMStateMachine is reinitializing. newTermIndex = (t:2, i:9)
2025-07-02 18:51:51,857 [ca181966-e7f6-4c77-8344-65416d18d1f8@group-F629F00B5E08-StateMachineUpdater] INFO  symmetric.SecretKeyStateImpl (SecretKeyStateImpl.java:updateKeysInternal(111)) - Updating keys with [SecretKey(id = 45b1e288-be58-412a-8e87-841ece61fad4, creation at: 2025-07-02T18:51:41.729Z, expire at: 2025-07-02T19:00:01.729Z)]
2025-07-02 18:51:51,857 [ca181966-e7f6-4c77-8344-65416d18d1f8@group-F629F00B5E08-StateMachineUpdater] INFO  symmetric.SecretKeyStateImpl (SecretKeyStateImpl.java:updateKeysInternal(126)) - Current key updated SecretKey(id = 45b1e288-be58-412a-8e87-841ece61fad4, creation at: 2025-07-02T18:51:41.729Z, expire at: 2025-07-02T19:00:01.729Z)
2025-07-02 18:51:51,860 [ca181966-e7f6-4c77-8344-65416d18d1f8@group-F629F00B5E08-StateMachineUpdater] INFO  symmetric.LocalSecretKeyStore (LocalSecretKeyStore.java:save(107)) - Saved [SecretKey(id = 45b1e288-be58-412a-8e87-841ece61fad4, creation at: 2025-07-02T18:51:41.729Z, expire at: 2025-07-02T19:00:01.729Z)] to file /home/runner/work/ozone/ozone/hadoop-ozone/integration-test/target/test-dir/MiniOzoneClusterImpl-ff054ab7-6da7-448f-9cae-f629f00b5e08/scmNode-3/scm/keys/secret_keys.json
2025-07-02 18:51:51,860 [ca181966-e7f6-4c77-8344-65416d18d1f8@group-F629F00B5E08-StateMachineUpdater] INFO  impl.StateMachineUpdater (StateMachineUpdater.java:lambda$new$0(101)) - ca181966-e7f6-4c77-8344-65416d18d1f8@group-F629F00B5E08-StateMachineUpdater: snapshotIndex: setUnconditionally -1 -> 9
2025-07-02 18:51:51,860 [ca181966-e7f6-4c77-8344-65416d18d1f8@group-F629F00B5E08-StateMachineUpdater] INFO  impl.StateMachineUpdater (StateMachineUpdater.java:lambda$new$0(101)) - ca181966-e7f6-4c77-8344-65416d18d1f8@group-F629F00B5E08-StateMachineUpdater: appliedIndex: setUnconditionally -1 -> 9
2025-07-02 18:51:53,945 [4680a024-3a59-4e75-8ac7-1755b08d3543@group-F629F00B5E08-StateMachineUpdater] INFO  server.SCMCertStore (SCMCertStore.java:storeValidScmCertificate(96)) - Scm certificate 4 for CN=scm-sub@localhost,OU=ca181966-e7f6-4c77-8344-65416d18d1f8,O=ff054ab7-6da7-448f-9cae-f629f00b5e08,SERIALNUMBER=4 is stored
2025-07-02 18:51:53,945 [4680a024-3a59-4e75-8ac7-1755b08d3543@group-F629F00B5E08-StateMachineUpdater] INFO  safemode.SCMSafeModeManager (SCMSafeModeManager.java:validateSafeModeExitRules(139)) - RatisContainerSafeModeRule rule is successfully validated
2025-07-02 18:51:53,946 [4680a024-3a59-4e75-8ac7-1755b08d3543@group-F629F00B5E08-StateMachineUpdater] INFO  safemode.HealthyPipelineSafeModeRule (HealthyPipelineSafeModeRule.java:initializeRule(228)) - Refreshed total pipeline count is 0, healthy pipeline threshold count is 1
2025-07-02 18:51:53,946 [4680a024-3a59-4e75-8ac7-1755b08d3543@group-F629F00B5E08-StateMachineUpdater] INFO  safemode.SCMSafeModeManager (SCMSafeModeManager.java:validateSafeModeExitRules(139)) - ECContainerSafeModeRule rule is successfully validated
2025-07-02 18:51:53,946 [4680a024-3a59-4e75-8ac7-1755b08d3543@group-F629F00B5E08-StateMachineUpdater] INFO  safemode.SCMSafeModeManager (SCMSafeModeManager.java:validateSafeModeExitRules(139)) - AtleastOneDatanodeReportedRule rule is successfully validated
2025-07-02 18:51:56,639 [0570d27e-7557-449b-949c-3e7f7fc57b05@group-F629F00B5E08-LeaderStateImpl] INFO  server.RaftServer$Division (ServerState.java:setRaftConf(386)) - 0570d27e-7557-449b-949c-3e7f7fc57b05@group-F629F00B5E08: set configuration conf: {index: 10, cur=peers:[ca181966-e7f6-4c77-8344-65416d18d1f8|localhost:15019, 4680a024-3a59-4e75-8ac7-1755b08d3543|localhost:15011, 0570d27e-7557-449b-949c-3e7f7fc57b05|localhost:15003]|listeners:[], old=peers:[4680a024-3a59-4e75-8ac7-1755b08d3543|localhost:15011, 0570d27e-7557-449b-949c-3e7f7fc57b05|localhost:15003]|listeners:[]}
2025-07-02 18:51:56,641 [grpc-default-executor-3] INFO  impl.RoleInfo (RoleInfo.java:updateAndGet(148)) - ca181966-e7f6-4c77-8344-65416d18d1f8: start ca181966-e7f6-4c77-8344-65416d18d1f8@group-F629F00B5E08-FollowerState
2025-07-02 18:51:56,641 [grpc-default-executor-1] INFO  server.RaftServer$Division (ServerState.java:setRaftConf(386)) - 4680a024-3a59-4e75-8ac7-1755b08d3543@group-F629F00B5E08: set configuration conf: {index: 10, cur=peers:[ca181966-e7f6-4c77-8344-65416d18d1f8|localhost:15019, 4680a024-3a59-4e75-8ac7-1755b08d3543|localhost:15011, 0570d27e-7557-449b-949c-3e7f7fc57b05|localhost:15003]|listeners:[], old=peers:[4680a024-3a59-4e75-8ac7-1755b08d3543|localhost:15011, 0570d27e-7557-449b-949c-3e7f7fc57b05|localhost:15003]|listeners:[]}
2025-07-02 18:51:56,642 [grpc-default-executor-3] INFO  server.RaftServer$Division (ServerState.java:setRaftConf(386)) - ca181966-e7f6-4c77-8344-65416d18d1f8@group-F629F00B5E08: set configuration conf: {index: 10, cur=peers:[ca181966-e7f6-4c77-8344-65416d18d1f8|localhost:15019, 4680a024-3a59-4e75-8ac7-1755b08d3543|localhost:15011, 0570d27e-7557-449b-949c-3e7f7fc57b05|localhost:15003]|listeners:[], old=peers:[4680a024-3a59-4e75-8ac7-1755b08d3543|localhost:15011, 0570d27e-7557-449b-949c-3e7f7fc57b05|localhost:15003]|listeners:[]}
2025-07-02 18:51:56,642 [grpc-default-executor-3] INFO  segmented.SegmentedRaftLogWorker (SegmentedRaftLogWorker.java:startLogSegment(440)) - ca181966-e7f6-4c77-8344-65416d18d1f8@group-F629F00B5E08-SegmentedRaftLogWorker: Starting segment from index:10
2025-07-02 18:51:56,642 [grpc-default-executor-3] INFO  server.RaftServer$Division (RaftServerImpl.java:appendEntriesAsync(1611)) -  FOLLOWER (RUNNING): ca181966-e7f6-4c77-8344-65416d18d1f8@group-F629F00B5E08:t2, leader=0570d27e-7557-449b-949c-3e7f7fc57b05, voted=null, raftlog=Memoized:ca181966-e7f6-4c77-8344-65416d18d1f8@group-F629F00B5E08-SegmentedRaftLog:OPENED:c9:last(t:2, i:10), conf=conf: {index: 10, cur=peers:[ca181966-e7f6-4c77-8344-65416d18d1f8|localhost:15019, 4680a024-3a59-4e75-8ac7-1755b08d3543|localhost:15011, 0570d27e-7557-449b-949c-3e7f7fc57b05|localhost:15003]|listeners:[], old=peers:[4680a024-3a59-4e75-8ac7-1755b08d3543|localhost:15011, 0570d27e-7557-449b-949c-3e7f7fc57b05|localhost:15003]|listeners:[]}: Follower has completed install the snapshot 9.
2025-07-02 18:51:56,643 [ca181966-e7f6-4c77-8344-65416d18d1f8@group-F629F00B5E08-SegmentedRaftLogWorker] INFO  segmented.BufferedWriteChannel (BufferedWriteChannel.java:open(61)) - open log_inprogress_10 at position 0
2025-07-02 18:51:56,645 [0570d27e-7557-449b-949c-3e7f7fc57b05@group-F629F00B5E08-LeaderStateImpl] INFO  server.RaftServer$Division (ServerState.java:setRaftConf(386)) - 0570d27e-7557-449b-949c-3e7f7fc57b05@group-F629F00B5E08: set configuration conf: {index: 11, cur=peers:[ca181966-e7f6-4c77-8344-65416d18d1f8|localhost:15019, 4680a024-3a59-4e75-8ac7-1755b08d3543|localhost:15011, 0570d27e-7557-449b-949c-3e7f7fc57b05|localhost:15003]|listeners:[], old=null}
2025-07-02 18:51:56,648 [grpc-default-executor-3] INFO  server.RaftServer$Division (ServerState.java:setRaftConf(386)) - ca181966-e7f6-4c77-8344-65416d18d1f8@group-F629F00B5E08: set configuration conf: {index: 11, cur=peers:[ca181966-e7f6-4c77-8344-65416d18d1f8|localhost:15019, 4680a024-3a59-4e75-8ac7-1755b08d3543|localhost:15011, 0570d27e-7557-449b-949c-3e7f7fc57b05|localhost:15003]|listeners:[], old=null}
2025-07-02 18:51:56,649 [grpc-default-executor-1] INFO  server.RaftServer$Division (ServerState.java:setRaftConf(386)) - 4680a024-3a59-4e75-8ac7-1755b08d3543@group-F629F00B5E08: set configuration conf: {index: 11, cur=peers:[ca181966-e7f6-4c77-8344-65416d18d1f8|localhost:15019, 4680a024-3a59-4e75-8ac7-1755b08d3543|localhost:15011, 0570d27e-7557-449b-949c-3e7f7fc57b05|localhost:15003]|listeners:[], old=null}
2025-07-02 18:51:56,652 [ca181966-e7f6-4c77-8344-65416d18d1f8@group-F629F00B5E08-SegmentedRaftLogWorker] INFO  segmented.SegmentedRaftLogWorker (SegmentedRaftLogWorker.java:execute(647)) - ca181966-e7f6-4c77-8344-65416d18d1f8@group-F629F00B5E08-SegmentedRaftLogWorker: created new log segment /home/runner/work/ozone/ozone/hadoop-ozone/integration-test/target/test-dir/MiniOzoneClusterImpl-ff054ab7-6da7-448f-9cae-f629f00b5e08/scmNode-3/scm-ha/ff054ab7-6da7-448f-9cae-f629f00b5e08/current/log_inprogress_10
2025-07-02 18:51:56,653 [IPC Server handler 4 on default port 15007] INFO  ha.SCMRatisServerImpl (SCMRatisServerImpl.java:addSCM(339)) - Successfully added new SCM: ca181966-e7f6-4c77-8344-65416d18d1f8.
2025-07-02 18:51:56,654 [main] INFO  ha.SCMHAManagerImpl (SCMHAManagerImpl.java:start(127)) - Successfully added SCM scmNode-3 to group group-F629F00B5E08:[ca181966-e7f6-4c77-8344-65416d18d1f8|localhost:15019, 4680a024-3a59-4e75-8ac7-1755b08d3543|localhost:15011, 0570d27e-7557-449b-949c-3e7f7fc57b05|localhost:15003]
2025-07-02 18:51:56,654 [main] INFO  ha.InterSCMGrpcService (InterSCMGrpcProtocolService.java:start(98)) - Starting SCM Grpc Service at port 15022
2025-07-02 18:51:56,655 [main] INFO  SCMHATransactionMonitor (BackgroundSCMService.java:start(64)) - Starting SCMHATransactionMonitor Service.
2025-07-02 18:51:56,657 [main] INFO  ha.SCMServiceManager (SCMServiceManager.java:register(42)) - Registering service SCMHATransactionMonitor.
2025-07-02 18:51:56,657 [main] INFO  SCMHATransactionMonitor (BackgroundSCMService.java:start(61)) - SCMHATransactionMonitor Service is already running, skip start.
2025-07-02 18:51:56,657 [main] INFO  impl.MetricsSystemImpl (MetricsSystemImpl.java:init(158)) - StorageContainerManager metrics system started (again)
2025-07-02 18:51:56,660 [ca181966-e7f6-4c77-8344-65416d18d1f8@group-F629F00B5E08-StateMachineUpdater] INFO  safemode.RatisContainerSafeModeRule (RatisContainerSafeModeRule.java:initializeRule(160)) - Refreshed Containers with one replica threshold count 0.
2025-07-02 18:51:56,660 [ca181966-e7f6-4c77-8344-65416d18d1f8@group-F629F00B5E08-StateMachineUpdater] INFO  safemode.HealthyPipelineSafeModeRule (HealthyPipelineSafeModeRule.java:initializeRule(228)) - Refreshed total pipeline count is 0, healthy pipeline threshold count is 1
2025-07-02 18:51:56,661 [ca181966-e7f6-4c77-8344-65416d18d1f8@group-F629F00B5E08-StateMachineUpdater] INFO  safemode.ECContainerSafeModeRule (ECContainerSafeModeRule.java:initializeRule(205)) - Refreshed Containers with ec n replica threshold count 0.
2025-07-02 18:51:56,661 [ca181966-e7f6-4c77-8344-65416d18d1f8@group-F629F00B5E08-StateMachineUpdater] INFO  safemode.OneReplicaPipelineSafeModeRule (OneReplicaPipelineSafeModeRule.java:initializeRule(186)) - Refreshed Total pipeline count is 0, pipeline's with at least one datanode reported threshold count is 0
2025-07-02 18:51:56,661 [ca181966-e7f6-4c77-8344-65416d18d1f8@group-F629F00B5E08-StateMachineUpdater] INFO  server.SCMDatanodeProtocolServer (SCMDatanodeProtocolServer.java:start(195)) - ScmDatanodeProtocol RPC server for DataNodes is listening at /0.0.0.0:15020
2025-07-02 18:51:56,662 [timer2] INFO  impl.SnapshotInstallationHandler (SnapshotInstallationHandler.java:lambda$installSnapshot$0(103)) - ca181966-e7f6-4c77-8344-65416d18d1f8@group-F629F00B5E08: receive installSnapshot: 0570d27e-7557-449b-949c-3e7f7fc57b05->ca181966-e7f6-4c77-8344-65416d18d1f8#0-t2,notify:(t:1, i:0)  (Repeated 14 times in the last 5.001s)
2025-07-02 18:51:56,663 [IPC Server Responder] INFO  ipc.Server (Server.java:run(1713)) - IPC Server Responder: starting
2025-07-02 18:51:56,663 [IPC Server listener on 15020] INFO  ipc.Server (Server.java:run(1553)) - IPC Server listener on 15020: starting
2025-07-02 18:51:56,667 [timer5] INFO  server.GrpcServerProtocolService (GrpcServerProtocolService.java:lambda$null$7(175)) - ca181966-e7f6-4c77-8344-65416d18d1f8: Completed INSTALL_SNAPSHOT, lastReply: null  (Repeated 14 times in the last 5.000s)
2025-07-02 18:51:56,667 [timer4] INFO  server.GrpcServerProtocolService (GrpcServerProtocolService.java:lambda$onCompleted$6(171)) - ca181966-e7f6-4c77-8344-65416d18d1f8: Completed INSTALL_SNAPSHOT, lastRequest: 0570d27e-7557-449b-949c-3e7f7fc57b05->ca181966-e7f6-4c77-8344-65416d18d1f8#0-t2,notify:(t:1, i:0)  (Repeated 14 times in the last 5.000s)
2025-07-02 18:51:56,667 [timer3] INFO  impl.SnapshotInstallationHandler (SnapshotInstallationHandler.java:lambda$installSnapshot$1(113)) - ca181966-e7f6-4c77-8344-65416d18d1f8@group-F629F00B5E08: reply installSnapshot: 0570d27e-7557-449b-949c-3e7f7fc57b05<-ca181966-e7f6-4c77-8344-65416d18d1f8#0:OK-t2,SNAPSHOT_INSTALLED,snapshotIndex=9  (Repeated 14 times in the last 5.000s)
2025-07-02 18:51:56,684 [timer0] WARN  server.GrpcLogAppender (GrpcLogAppender.java:lambda$onNextImpl$0(527)) - 0570d27e-7557-449b-949c-3e7f7fc57b05@group-F629F00B5E08->ca181966-e7f6-4c77-8344-65416d18d1f8-AppendLogResponseHandler: received INCONSISTENCY reply with nextIndex 0, errorCount=1, request=AppendEntriesRequest:cid=12,entriesCount=0  (Repeated 13 times in the last 5.000s)
2025-07-02 18:51:56,684 [main] INFO  server.SCMClientProtocolServer (SCMClientProtocolServer.java:start(209)) - RPC server for Client  is listening at /0.0.0.0:15021
2025-07-02 18:51:56,684 [IPC Server Responder] INFO  ipc.Server (Server.java:run(1713)) - IPC Server Responder: starting
2025-07-02 18:51:56,684 [IPC Server listener on 15021] INFO  ipc.Server (Server.java:run(1553)) - IPC Server listener on 15021: starting
2025-07-02 18:51:56,694 [main] INFO  server.StorageContainerManager (StorageContainerManager.java:start(1527)) - ScmBlockLocationProtocol RPC server is listening at /0.0.0.0:15023
2025-07-02 18:51:56,695 [main] INFO  server.SCMBlockProtocolServer (SCMBlockProtocolServer.java:start(166)) - RPC server for Block Protocol is listening at /0.0.0.0:15023
2025-07-02 18:51:56,695 [IPC Server Responder] INFO  ipc.Server (Server.java:run(1713)) - IPC Server Responder: starting
2025-07-02 18:51:56,695 [IPC Server listener on 15023] INFO  ipc.Server (Server.java:run(1553)) - IPC Server listener on 15023: starting
2025-07-02 18:51:56,705 [main] INFO  server.SCMSecurityProtocolServer (SCMSecurityProtocolServer.java:start(503)) - Starting RPC server for SCMSecurityProtocolServer. is listening at /0.0.0.0:15018
2025-07-02 18:51:56,706 [IPC Server Responder] INFO  ipc.Server (Server.java:run(1713)) - IPC Server Responder: starting
2025-07-02 18:51:56,707 [IPC Server listener on 15018] INFO  ipc.Server (Server.java:run(1553)) - IPC Server listener on 15018: starting
2025-07-02 18:51:56,709 [main] INFO  ha.SCMNodeInfo (SCMNodeInfo.java:getPort(197)) - ConfigKey ozone.scm.client.address is deprecated, For configuring different ports for each SCM use PortConfigKey ozone.scm.client.port appended with serviceId and nodeId
2025-07-02 18:51:56,709 [main] INFO  ha.SCMNodeInfo (SCMNodeInfo.java:getPort(197)) - ConfigKey ozone.scm.block.client.address is deprecated, For configuring different ports for each SCM use PortConfigKey ozone.scm.block.client.port appended with serviceId and nodeId
2025-07-02 18:51:56,709 [main] INFO  ha.SCMNodeInfo (SCMNodeInfo.java:getPort(197)) - ConfigKey ozone.scm.security.service.address is deprecated, For configuring different ports for each SCM use PortConfigKey ozone.scm.security.service.port appended with serviceId and nodeId
2025-07-02 18:51:56,709 [main] INFO  ha.SCMNodeInfo (SCMNodeInfo.java:getPort(197)) - ConfigKey ozone.scm.datanode.address is deprecated, For configuring different ports for each SCM use PortConfigKey ozone.scm.datanode.port appended with serviceId and nodeId
2025-07-02 18:51:56,709 [main] INFO  ha.SCMNodeInfo (SCMNodeInfo.java:getPort(197)) - ConfigKey ozone.scm.client.address is deprecated, For configuring different ports for each SCM use PortConfigKey ozone.scm.client.port appended with serviceId and nodeId
2025-07-02 18:51:56,709 [main] INFO  ha.SCMNodeInfo (SCMNodeInfo.java:getPort(197)) - ConfigKey ozone.scm.block.client.address is deprecated, For configuring different ports for each SCM use PortConfigKey ozone.scm.block.client.port appended with serviceId and nodeId
2025-07-02 18:51:56,709 [main] INFO  ha.SCMNodeInfo (SCMNodeInfo.java:getPort(197)) - ConfigKey ozone.scm.security.service.address is deprecated, For configuring different ports for each SCM use PortConfigKey ozone.scm.security.service.port appended with serviceId and nodeId
2025-07-02 18:51:56,709 [main] INFO  ha.SCMNodeInfo (SCMNodeInfo.java:getPort(197)) - ConfigKey ozone.scm.datanode.address is deprecated, For configuring different ports for each SCM use PortConfigKey ozone.scm.datanode.port appended with serviceId and nodeId
2025-07-02 18:51:56,709 [main] INFO  ha.SCMNodeInfo (SCMNodeInfo.java:getPort(197)) - ConfigKey ozone.scm.client.address is deprecated, For configuring different ports for each SCM use PortConfigKey ozone.scm.client.port appended with serviceId and nodeId
2025-07-02 18:51:56,710 [main] INFO  ha.SCMNodeInfo (SCMNodeInfo.java:getPort(197)) - ConfigKey ozone.scm.block.client.address is deprecated, For configuring different ports for each SCM use PortConfigKey ozone.scm.block.client.port appended with serviceId and nodeId
2025-07-02 18:51:56,710 [main] INFO  ha.SCMNodeInfo (SCMNodeInfo.java:getPort(197)) - ConfigKey ozone.scm.security.service.address is deprecated, For configuring different ports for each SCM use PortConfigKey ozone.scm.security.service.port appended with serviceId and nodeId
2025-07-02 18:51:56,710 [main] INFO  ha.SCMNodeInfo (SCMNodeInfo.java:getPort(197)) - ConfigKey ozone.scm.datanode.address is deprecated, For configuring different ports for each SCM use PortConfigKey ozone.scm.datanode.port appended with serviceId and nodeId
2025-07-02 18:51:56,710 [main] INFO  proxy.SCMSecurityProtocolFailoverProxyProvider (SCMFailoverProxyProviderBase.java:<init>(120)) - Created fail-over proxy for protocol SCMSecurityProtocolPB with 3 nodes: [nodeId=scmNode-2,nodeAddress=/127.0.0.1:15010, nodeId=scmNode-3,nodeAddress=/127.0.0.1:15018, nodeId=scmNode-1,nodeAddress=/127.0.0.1:15002]
2025-07-02 18:51:56,717 [Socket Reader #1 for port 15002] INFO  ipc.Server (Server.java:saslProcess(2290)) - Auth successful for scm/localhost@EXAMPLE.COM (auth:KERBEROS) from 127.0.0.1:42535
2025-07-02 18:51:56,724 [main] INFO  utils.BackgroundService (BackgroundService.java:start(118)) - Starting service SCMBlockDeletingService with interval 60000 milliseconds
2025-07-02 18:51:56,725 [main] INFO  http.BaseHttpServer (BaseHttpServer.java:newHttpServer2BuilderForOzone(229)) - Starting Web-server for scm at: http://0.0.0.0:15016
2025-07-02 18:51:56,725 [main] INFO  http.BaseHttpServer (BaseHttpServer.java:<init>(107)) - Hadoop Security Enabled: true Ozone Security Enabled: true Ozone HTTP Security Enabled: false 
2025-07-02 18:51:56,727 [main] WARN  server.AuthenticationFilter (AuthenticationFilter.java:constructSecretProvider(240)) - Unable to initialize FileSignerSecretProvider, falling back to use random secrets. Reason: Could not read signature secret file: /home/runner/hadoop-http-auth-signature-secret
2025-07-02 18:51:56,730 [main] INFO  http.HttpServer2 (HttpServer2.java:addGlobalFilter(1042)) - Added global filter 'safety' (class=org.apache.hadoop.hdds.server.http.HttpServer2$QuotingInputFilter)
2025-07-02 18:51:56,732 [main] INFO  http.HttpServer2 (HttpServer2.java:addFilter(1018)) - Added filter static_user_filter (class=org.apache.hadoop.http.lib.StaticUserWebFilter$StaticUserFilter) to context scm
2025-07-02 18:51:56,732 [main] INFO  http.HttpServer2 (HttpServer2.java:addFilter(1026)) - Added filter static_user_filter (class=org.apache.hadoop.http.lib.StaticUserWebFilter$StaticUserFilter) to context static
2025-07-02 18:51:56,732 [main] INFO  http.HttpServer2 (HttpServer2.java:addFilter(1026)) - Added filter static_user_filter (class=org.apache.hadoop.http.lib.StaticUserWebFilter$StaticUserFilter) to context logs
2025-07-02 18:51:56,733 [main] INFO  http.BaseHttpServer (BaseHttpServer.java:<init>(195)) - HTTP server of scm uses base directory /home/runner/work/ozone/ozone/hadoop-ozone/integration-test/target/test-dir/MiniOzoneClusterImpl-ff054ab7-6da7-448f-9cae-f629f00b5e08/scmNode-3/webserver
2025-07-02 18:51:56,734 [main] INFO  http.HttpServer2 (HttpServer2.java:bindListener(1242)) - Jetty bound to port 15016
2025-07-02 18:51:56,734 [main] INFO  server.Server (Server.java:doStart(375)) - jetty-9.4.57.v20241219; built: 2025-01-08T21:24:30.412Z; git: df524e6b29271c2e09ba9aea83c18dc9db464a31; jvm 21.0.7+6-LTS
2025-07-02 18:51:56,736 [main] INFO  server.session (DefaultSessionIdManager.java:doStart(334)) - DefaultSessionIdManager workerName=node0
2025-07-02 18:51:56,736 [main] INFO  server.session (DefaultSessionIdManager.java:doStart(339)) - No SessionScavenger set, using defaults
2025-07-02 18:51:56,736 [main] INFO  server.session (HouseKeeper.java:startScavenging(132)) - node0 Scavenging every 660000ms
2025-07-02 18:51:56,737 [main] INFO  handler.ContextHandler (ContextHandler.java:doStart(921)) - Started o.e.j.s.ServletContextHandler@6b8cfbeb{logs,/logs,file:///home/runner/work/ozone/ozone/hadoop-ozone/integration-test/target/log,AVAILABLE}
2025-07-02 18:51:56,738 [main] INFO  handler.ContextHandler (ContextHandler.java:doStart(921)) - Started o.e.j.s.ServletContextHandler@414b5798{static,/static,file:///home/runner/work/ozone/ozone/hadoop-ozone/integration-test/target/test-classes/webapps/static,AVAILABLE}
2025-07-02 18:51:56,744 [main] INFO  handler.ContextHandler (ContextHandler.java:doStart(921)) - Started o.e.j.w.WebAppContext@6ab56a77{scm,/,file:///home/runner/work/ozone/ozone/hadoop-ozone/integration-test/target/test-classes/webapps/scm/,AVAILABLE}{file:/home/runner/work/ozone/ozone/hadoop-ozone/integration-test/target/test-classes/webapps/scm}
2025-07-02 18:51:56,745 [main] INFO  server.AbstractConnector (AbstractConnector.java:doStart(333)) - Started ServerConnector@6d9069ab{HTTP/1.1, (http/1.1)}{0.0.0.0:15016}
2025-07-02 18:51:56,745 [main] INFO  server.Server (Server.java:doStart(415)) - Started @31282ms
2025-07-02 18:51:56,745 [main] WARN  impl.MetricsSystemImpl (MetricsSystemImpl.java:register(279)) - Sink prometheus already exists!
2025-07-02 18:51:56,745 [main] INFO  http.BaseHttpServer (BaseHttpServer.java:updateConnectorAddress(359)) - HTTP server of scm listening at http://localhost:15016
2025-07-02 18:51:56,746 [main] INFO  ozone.MiniOzoneHAClusterImpl (MiniOzoneHAClusterImpl.java:createSCMService(589)) - Started SCM RPC server at /0.0.0.0:15021
2025-07-02 18:51:56,748 [main] WARN  server.ServerUtils (ServerUtils.java:getDBPath(292)) - ozone.om.db.dirs is not configured. We recommend adding this setting. Falling back to ozone.metadata.dirs instead.
2025-07-02 18:51:56,751 [main] INFO  om.OzoneManager (OzoneManager.java:initializeSecurity(1552)) - Initializing secure OzoneManager.
2025-07-02 18:51:56,753 [Socket Reader #1 for port 15002] INFO  ipc.Server (Server.java:saslProcess(2290)) - Auth successful for scm/localhost@EXAMPLE.COM (auth:KERBEROS) from 127.0.0.1:41115
2025-07-02 18:51:56,754 [IPC Server handler 1 on default port 15002] INFO  client.SCMCertificateClient (DefaultCertificateClient.java:getAllRootCaCerts(971)) - scm/sub-ca has 0 Root CA certificates
2025-07-02 18:51:56,754 [IPC Server handler 1 on default port 15002] INFO  client.SCMCertificateClient (DefaultCertificateClient.java:getAllCaCerts(979)) - scm/sub-ca has 1 CA certificates
2025-07-02 18:51:56,755 [ca181966-e7f6-4c77-8344-65416d18d1f8-scm/sub-ca-refreshCACertificates] INFO  client.SCMCertificateClient (DefaultCertificateClient.java:getAllRootCaCerts(971)) - scm/sub-ca has 0 Root CA certificates
2025-07-02 18:51:56,755 [ca181966-e7f6-4c77-8344-65416d18d1f8-scm/sub-ca-refreshCACertificates] INFO  client.SCMCertificateClient (DefaultCertificateClient.java:getAllCaCerts(979)) - scm/sub-ca has 1 CA certificates
2025-07-02 18:51:56,756 [ca181966-e7f6-4c77-8344-65416d18d1f8-scm/sub-ca-refreshCACertificates] INFO  client.SCMCertificateClient (SCMCertificateClient.java:run(249)) - CA certificates are not changed.
2025-07-02 18:51:56,760 [main] INFO  om.OzoneManager (OzoneManager.java:getOmDetailsProto(4964)) - OzoneManager ports added:[name: "RPC"
value: 15042
]
2025-07-02 18:51:56,761 [main] INFO  ha.SCMNodeInfo (SCMNodeInfo.java:getPort(197)) - ConfigKey ozone.scm.client.address is deprecated, For configuring different ports for each SCM use PortConfigKey ozone.scm.client.port appended with serviceId and nodeId
2025-07-02 18:51:56,762 [main] INFO  ha.SCMNodeInfo (SCMNodeInfo.java:getPort(197)) - ConfigKey ozone.scm.block.client.address is deprecated, For configuring different ports for each SCM use PortConfigKey ozone.scm.block.client.port appended with serviceId and nodeId
2025-07-02 18:51:56,762 [main] INFO  ha.SCMNodeInfo (SCMNodeInfo.java:getPort(197)) - ConfigKey ozone.scm.security.service.address is deprecated, For configuring different ports for each SCM use PortConfigKey ozone.scm.security.service.port appended with serviceId and nodeId
2025-07-02 18:51:56,762 [main] INFO  ha.SCMNodeInfo (SCMNodeInfo.java:getPort(197)) - ConfigKey ozone.scm.datanode.address is deprecated, For configuring different ports for each SCM use PortConfigKey ozone.scm.datanode.port appended with serviceId and nodeId
2025-07-02 18:51:56,762 [main] INFO  ha.SCMNodeInfo (SCMNodeInfo.java:getPort(197)) - ConfigKey ozone.scm.client.address is deprecated, For configuring different ports for each SCM use PortConfigKey ozone.scm.client.port appended with serviceId and nodeId
2025-07-02 18:51:56,762 [main] INFO  ha.SCMNodeInfo (SCMNodeInfo.java:getPort(197)) - ConfigKey ozone.scm.block.client.address is deprecated, For configuring different ports for each SCM use PortConfigKey ozone.scm.block.client.port appended with serviceId and nodeId
2025-07-02 18:51:56,762 [main] INFO  ha.SCMNodeInfo (SCMNodeInfo.java:getPort(197)) - ConfigKey ozone.scm.security.service.address is deprecated, For configuring different ports for each SCM use PortConfigKey ozone.scm.security.service.port appended with serviceId and nodeId
2025-07-02 18:51:56,762 [main] INFO  ha.SCMNodeInfo (SCMNodeInfo.java:getPort(197)) - ConfigKey ozone.scm.datanode.address is deprecated, For configuring different ports for each SCM use PortConfigKey ozone.scm.datanode.port appended with serviceId and nodeId
2025-07-02 18:51:56,762 [main] INFO  ha.SCMNodeInfo (SCMNodeInfo.java:getPort(197)) - ConfigKey ozone.scm.client.address is deprecated, For configuring different ports for each SCM use PortConfigKey ozone.scm.client.port appended with serviceId and nodeId
2025-07-02 18:51:56,763 [main] INFO  ha.SCMNodeInfo (SCMNodeInfo.java:getPort(197)) - ConfigKey ozone.scm.block.client.address is deprecated, For configuring different ports for each SCM use PortConfigKey ozone.scm.block.client.port appended with serviceId and nodeId
2025-07-02 18:51:56,763 [main] INFO  ha.SCMNodeInfo (SCMNodeInfo.java:getPort(197)) - ConfigKey ozone.scm.security.service.address is deprecated, For configuring different ports for each SCM use PortConfigKey ozone.scm.security.service.port appended with serviceId and nodeId
2025-07-02 18:51:56,763 [main] INFO  ha.SCMNodeInfo (SCMNodeInfo.java:getPort(197)) - ConfigKey ozone.scm.datanode.address is deprecated, For configuring different ports for each SCM use PortConfigKey ozone.scm.datanode.port appended with serviceId and nodeId
2025-07-02 18:51:56,763 [main] INFO  proxy.SCMSecurityProtocolFailoverProxyProvider (SCMFailoverProxyProviderBase.java:<init>(120)) - Created fail-over proxy for protocol SCMSecurityProtocolPB with 3 nodes: [nodeId=scmNode-2,nodeAddress=/127.0.0.1:15010, nodeId=scmNode-3,nodeAddress=/127.0.0.1:15018, nodeId=scmNode-1,nodeAddress=/127.0.0.1:15002]
2025-07-02 18:51:56,764 [main] INFO  security.OMCertificateClient (DefaultCertificateClient.java:updateCertSerialId(1289)) - Certificate serial ID set to null
2025-07-02 18:51:56,765 [main] ERROR security.OMCertificateClient (DefaultCertificateClient.java:getCertPath(373)) - Default certificate serial id is not set. Can't locate the default certificate for this client.
2025-07-02 18:51:56,765 [main] INFO  security.OMCertificateClient (DefaultCertificateClient.java:init(717)) - Certificate client init case: 0
2025-07-02 18:51:56,765 [main] INFO  security.OMCertificateClient (DefaultCertificateClient.java:handleCase(735)) - Creating keypair for client as keypair and certificate not found.
2025-07-02 18:51:57,005 [main] INFO  keys.KeyStorage (KeyStorage.java:storePublicKey(210)) - Storing public key to /home/runner/work/ozone/ozone/hadoop-ozone/integration-test/target/test-dir/MiniOzoneClusterImpl-ff054ab7-6da7-448f-9cae-f629f00b5e08/ozone-meta/om/keys/public.pem.
2025-07-02 18:51:57,006 [main] INFO  keys.KeyStorage (KeyStorage.java:storePrivateKey(194)) - Storing private key to /home/runner/work/ozone/ozone/hadoop-ozone/integration-test/target/test-dir/MiniOzoneClusterImpl-ff054ab7-6da7-448f-9cae-f629f00b5e08/ozone-meta/om/keys/private.pem.
2025-07-02 18:51:57,006 [main] INFO  security.OMCertificateClient (DefaultCertificateClient.java:recoverStateIfNeeded(796)) - Init response: GETCERT
2025-07-02 18:51:57,007 [main] INFO  ozone.OzoneSecurityUtil (OzoneSecurityUtil.java:getValidInetsForCurrentHost(116)) - ip:fe80:0:0:0:6245:bdff:fe08:d43d%eth0 not returned.
2025-07-02 18:51:57,007 [main] INFO  ozone.OzoneSecurityUtil (OzoneSecurityUtil.java:getValidInetsForCurrentHost(113)) - Adding ip:10.1.0.106,host:fv-az1288-434.bguu2zduscdebcqflrovc1mhjh.dx.internal.cloudapp.net
2025-07-02 18:51:57,007 [main] INFO  ozone.OzoneSecurityUtil (OzoneSecurityUtil.java:getValidInetsForCurrentHost(116)) - ip:0:0:0:0:0:0:0:1%lo not returned.
2025-07-02 18:51:57,007 [main] INFO  ozone.OzoneSecurityUtil (OzoneSecurityUtil.java:getValidInetsForCurrentHost(116)) - ip:127.0.0.1 not returned.
2025-07-02 18:51:57,008 [main] INFO  security.OMCertificateClient (OMCertificateClient.java:configureCSRBuilder(109)) - Creating csr for OM->dns:localhost,ip:127.0.0.1,scmId:5b088117-4212-4cbf-bd55-e984b7d0fae1,clusterId:ff054ab7-6da7-448f-9cae-f629f00b5e08,subject:scm@localhost
2025-07-02 18:51:57,017 [Socket Reader #1 for port 15002] INFO  ipc.Server (Server.java:saslProcess(2290)) - Auth successful for scm/localhost@EXAMPLE.COM (auth:KERBEROS) from 127.0.0.1:40581
2025-07-02 18:51:57,019 [IPC Server handler 0 on default port 15002] INFO  server.SCMSecurityProtocolServer (SCMSecurityProtocolServer.java:getOMCertificate(278)) - Processing CSR for om localhost, UUID: 830d1bab-7b36-4757-b8dc-0c3202de027a
2025-07-02 18:51:57,024 [0570d27e-7557-449b-949c-3e7f7fc57b05@group-F629F00B5E08-StateMachineUpdater] INFO  safemode.SCMSafeModeManager (SCMSafeModeManager.java:validateSafeModeExitRules(139)) - RatisContainerSafeModeRule rule is successfully validated
2025-07-02 18:51:57,024 [0570d27e-7557-449b-949c-3e7f7fc57b05@group-F629F00B5E08-StateMachineUpdater] INFO  safemode.HealthyPipelineSafeModeRule (HealthyPipelineSafeModeRule.java:initializeRule(228)) - Refreshed total pipeline count is 0, healthy pipeline threshold count is 1
2025-07-02 18:51:57,024 [0570d27e-7557-449b-949c-3e7f7fc57b05@group-F629F00B5E08-StateMachineUpdater] INFO  safemode.SCMSafeModeManager (SCMSafeModeManager.java:validateSafeModeExitRules(139)) - ECContainerSafeModeRule rule is successfully validated
2025-07-02 18:51:57,024 [0570d27e-7557-449b-949c-3e7f7fc57b05@group-F629F00B5E08-StateMachineUpdater] INFO  safemode.SCMSafeModeManager (SCMSafeModeManager.java:validateSafeModeExitRules(139)) - AtleastOneDatanodeReportedRule rule is successfully validated
2025-07-02 18:51:57,024 [IPC Server handler 0 on default port 15002] INFO  ha.SequenceIdGenerator (SequenceIdGenerator.java:getNextId(135)) - Allocate a batch for CertificateId, change lastId from 4 to 5.
2025-07-02 18:51:57,026 [IPC Server handler 0 on default port 15002] INFO  keys.KeyStorage (KeyStorage.java:readPrivateKey(158)) - Reading private key from /home/runner/work/ozone/ozone/hadoop-ozone/integration-test/target/test-dir/MiniOzoneClusterImpl-ff054ab7-6da7-448f-9cae-f629f00b5e08/scmNode-1/scm/sub-ca/keys/private.pem.
2025-07-02 18:51:57,028 [IPC Server handler 0 on default port 15002] INFO  authority.DefaultApprover (DefaultApprover.java:sign(171)) - Extensions in CSR: 2.5.29.15, 2.5.29.17
2025-07-02 18:51:57,028 [IPC Server handler 0 on default port 15002] INFO  authority.DefaultApprover (DefaultApprover.java:sign(175)) - Extensions to add to the certificate if they present in CSR: 2.5.29.15, 2.5.29.17, 2.5.29.35, 2.5.29.37, 2.5.29.19, 1.3.6.1.5.5.7.1.12
2025-07-02 18:51:57,040 [ca181966-e7f6-4c77-8344-65416d18d1f8@group-F629F00B5E08-StateMachineUpdater] INFO  safemode.SCMSafeModeManager (SCMSafeModeManager.java:validateSafeModeExitRules(139)) - RatisContainerSafeModeRule rule is successfully validated
2025-07-02 18:51:57,040 [ca181966-e7f6-4c77-8344-65416d18d1f8@group-F629F00B5E08-StateMachineUpdater] INFO  safemode.HealthyPipelineSafeModeRule (HealthyPipelineSafeModeRule.java:initializeRule(228)) - Refreshed total pipeline count is 0, healthy pipeline threshold count is 1
2025-07-02 18:51:57,040 [ca181966-e7f6-4c77-8344-65416d18d1f8@group-F629F00B5E08-StateMachineUpdater] INFO  safemode.SCMSafeModeManager (SCMSafeModeManager.java:validateSafeModeExitRules(139)) - ECContainerSafeModeRule rule is successfully validated
2025-07-02 18:51:57,040 [ca181966-e7f6-4c77-8344-65416d18d1f8@group-F629F00B5E08-StateMachineUpdater] INFO  safemode.SCMSafeModeManager (SCMSafeModeManager.java:validateSafeModeExitRules(139)) - AtleastOneDatanodeReportedRule rule is successfully validated
2025-07-02 18:51:57,042 [4680a024-3a59-4e75-8ac7-1755b08d3543@group-F629F00B5E08-StateMachineUpdater] INFO  safemode.SCMSafeModeManager (SCMSafeModeManager.java:validateSafeModeExitRules(139)) - RatisContainerSafeModeRule rule is successfully validated
2025-07-02 18:51:57,042 [4680a024-3a59-4e75-8ac7-1755b08d3543@group-F629F00B5E08-StateMachineUpdater] INFO  safemode.HealthyPipelineSafeModeRule (HealthyPipelineSafeModeRule.java:initializeRule(228)) - Refreshed total pipeline count is 0, healthy pipeline threshold count is 1
2025-07-02 18:51:57,042 [0570d27e-7557-449b-949c-3e7f7fc57b05@group-F629F00B5E08-StateMachineUpdater] INFO  safemode.SCMSafeModeManager (SCMSafeModeManager.java:validateSafeModeExitRules(139)) - RatisContainerSafeModeRule rule is successfully validated
2025-07-02 18:51:57,042 [0570d27e-7557-449b-949c-3e7f7fc57b05@group-F629F00B5E08-StateMachineUpdater] INFO  safemode.HealthyPipelineSafeModeRule (HealthyPipelineSafeModeRule.java:initializeRule(228)) - Refreshed total pipeline count is 0, healthy pipeline threshold count is 1
2025-07-02 18:51:57,042 [0570d27e-7557-449b-949c-3e7f7fc57b05@group-F629F00B5E08-StateMachineUpdater] INFO  safemode.SCMSafeModeManager (SCMSafeModeManager.java:validateSafeModeExitRules(139)) - ECContainerSafeModeRule rule is successfully validated
2025-07-02 18:51:57,042 [4680a024-3a59-4e75-8ac7-1755b08d3543@group-F629F00B5E08-StateMachineUpdater] INFO  safemode.SCMSafeModeManager (SCMSafeModeManager.java:validateSafeModeExitRules(139)) - ECContainerSafeModeRule rule is successfully validated
2025-07-02 18:51:57,042 [0570d27e-7557-449b-949c-3e7f7fc57b05@group-F629F00B5E08-StateMachineUpdater] INFO  safemode.SCMSafeModeManager (SCMSafeModeManager.java:validateSafeModeExitRules(139)) - AtleastOneDatanodeReportedRule rule is successfully validated
2025-07-02 18:51:57,042 [4680a024-3a59-4e75-8ac7-1755b08d3543@group-F629F00B5E08-StateMachineUpdater] INFO  safemode.SCMSafeModeManager (SCMSafeModeManager.java:validateSafeModeExitRules(139)) - AtleastOneDatanodeReportedRule rule is successfully validated
2025-07-02 18:51:57,049 [main] INFO  utils.CertificateCodec (CertificateCodec.java:writeCertificate(241)) - Save certificate to /home/runner/work/ozone/ozone/hadoop-ozone/integration-test/target/test-dir/MiniOzoneClusterImpl-ff054ab7-6da7-448f-9cae-f629f00b5e08/ozone-meta/om/certs/5.crt
2025-07-02 18:51:57,049 [main] INFO  utils.CertificateCodec (CertificateCodec.java:writeCertificate(242)) - Certificate -----BEGIN CERTIFICATE-----
MIID6zCCAtOgAwIBAgIBBTANBgkqhkiG9w0BAQsFADCBhjEaMBgGA1UEAwwRc2Nt
LXN1YkBsb2NhbGhvc3QxLTArBgNVBAsMJDA1NzBkMjdlLTc1NTctNDQ5Yi05NDlj
LTNlN2Y3ZmM1N2IwNTEtMCsGA1UECgwkZmYwNTRhYjctNmRhNy00NDhmLTljYWUt
ZjYyOWYwMGI1ZTA4MQowCAYDVQQFEwEyMB4XDTI1MDcwMjE4NTE1N1oXDTI2MDcw
MjE4NTE1N1owgYIxFjAUBgNVBAMMDXNjbUBsb2NhbGhvc3QxLTArBgNVBAsMJDVi
MDg4MTE3LTQyMTItNGNiZi1iZDU1LWU5ODRiN2QwZmFlMTEtMCsGA1UECgwkZmYw
NTRhYjctNmRhNy00NDhmLTljYWUtZjYyOWYwMGI1ZTA4MQowCAYDVQQFEwE1MIIB
IjANBgkqhkiG9w0BAQEFAAOCAQ8AMIIBCgKCAQEA6uZWh8nxqOPaW13Jp+hRlts8
6DwvDDA98hmyCRhXBgXBT86RaFbeTphn4MghsBzoEno8rDdGZchnVlUTR8uVinb/
s3h7BetFrtOXYGTbTVFRBYdi+XfiLjovSIScNO36H0A+Cai7SPFrczuBcHVQjCuz
52hlRYTQePKMyTXgX9Ud2CRxaFlx2PBssKYvbz9022TvEj83Qrneqf4MDEtmN1fv
gtUMAvaBOo6ZTrodhPn9Bi8lNxFxuHEzt0CYrsjRehwWwd0VzuidLNPOaACmcGjP
hb5eRJzyn0kI4T25B3RJ9feXlCAmvMiSk4jm8x+woQn3H+pSIpzT91wbsF3/MwID
AQABo2YwZDAOBgNVHQ8BAf8EBAMCA7gwUgYDVR0RBEswSYcECgEAaoJBZnYtYXox
Mjg4LTQzNC5iZ3V1MnpkdXNjZGViY3FmbHJvdmMxbWhqaC5keC5pbnRlcm5hbC5j
bG91ZGFwcC5uZXQwDQYJKoZIhvcNAQELBQADggEBADFgPYKV51ksi9jwLdt6vwsL
7j7BHnS0vjZfL85uuee+y266FFOEPLokaZ81sLJ2NsetwtOLoHzyUo/qg3ITHYBL
kRYTpN6p969anBammARLbf6NU/QHQKiHFATVVTaCxXMShmTu7CDvOfkQFqxz18oe
D0ZairlZzDnRp2F89Y0hupwltrDMOheOE7mNy0RRzeVMaZd5Tek+pjpJ6hzvL7x7
extc3yQCEBFXGW6mkS+tDrxybY9unpnysJU9Hp3U1QjQm+m8sMI2zjPz/9oapzd9
oUFJ5YD1JcCRhe+leth9wxNlTBqb0r8vibKaO2csbYje9aLNTy8hsplVZfsLTnw=
-----END CERTIFICATE-----

-----BEGIN CERTIFICATE-----
MIID/DCCAuSgAwIBAgIBAjANBgkqhkiG9w0BAQsFADCBgjEWMBQGA1UEAwwNc2Nt
QGxvY2FsaG9zdDEtMCsGA1UECwwkMDU3MGQyN2UtNzU1Ny00NDliLTk0OWMtM2U3
ZjdmYzU3YjA1MS0wKwYDVQQKDCRmZjA1NGFiNy02ZGE3LTQ0OGYtOWNhZS1mNjI5
ZjAwYjVlMDgxCjAIBgNVBAUTATEwHhcNMjUwNzAyMTg1MTI4WhcNMzAwODEwMTg1
MTI4WjCBhjEaMBgGA1UEAwwRc2NtLXN1YkBsb2NhbGhvc3QxLTArBgNVBAsMJDA1
NzBkMjdlLTc1NTctNDQ5Yi05NDljLTNlN2Y3ZmM1N2IwNTEtMCsGA1UECgwkZmYw
NTRhYjctNmRhNy00NDhmLTljYWUtZjYyOWYwMGI1ZTA4MQowCAYDVQQFEwEyMIIB
IjANBgkqhkiG9w0BAQEFAAOCAQ8AMIIBCgKCAQEAlDoRuvgTeOPS68znKRopUqVH
hyqDahQNHLuVix6BTD7/At4x7Odm3SKHf7lDkp7LJs8NB1fo4lco7HyqomhoUtuu
CrvLBZh2NEpsU2snEFYCHmdMgep/UAV8GpDlzlsvKbGQwyGd3r6/7FGbgCRQ8hEb
LLWIL9247dOOVG8EXn5O7Zahb62UGnhN79W4o41GBwebW7mgDRtqZWTAYzziJq2A
zkqb9Yq2tFwTNSwr9ojFFeUGINeqv0GKJlDdV4dPcNp0bJw7yjn0owtmOs2TjrGz
gOD0ewyaHCfEmVqt5cR3m5VnDnoVQK0D2mjwC7MKBGQNtnTOpLpjIq0voNYs8wID
AQABo3cwdTAOBgNVHQ8BAf8EBAMCAb4wUgYDVR0RBEswSYcECgEAaoJBZnYtYXox
Mjg4LTQzNC5iZ3V1MnpkdXNjZGViY3FmbHJvdmMxbWhqaC5keC5pbnRlcm5hbC5j
bG91ZGFwcC5uZXQwDwYDVR0TAQH/BAUwAwEB/zANBgkqhkiG9w0BAQsFAAOCAQEA
w3Jqtgfd2n31pVxYV5sCmcCKQiebQ3ebpFQXsVbHLToPQPvVaYG4JHsXmGMuSJFH
DR9kuCcWmNMaZzr3W/vUz1eJXWFzaa0sJLzxIgGSjiJNkkIXMBPds74zoU4uJ0rl
ndOuankSdj22uQl33JamK+haZvVWKgL3jOV/4SMXPc0wSUOU0CiUS65d3UYDR9Hy
HJS+NOS/dBM07S+AO5EZumdrSbdRRo+ldH0XtsVKcryrXgJEQe1ZgqbJ57b1DBsa
l6G38GvWjsMSvDSCbEw8YyPP4wnEFHB+qX9mjAhcvuyxJZ2Qic1tZmJHdFqCrEjS
K+j0A+dzA0yMXlAlpfjcoQ==
-----END CERTIFICATE-----

-----BEGIN CERTIFICATE-----
MIID+DCCAuCgAwIBAgIBATANBgkqhkiG9w0BAQsFADCBgjEWMBQGA1UEAwwNc2Nt
QGxvY2FsaG9zdDEtMCsGA1UECwwkMDU3MGQyN2UtNzU1Ny00NDliLTk0OWMtM2U3
ZjdmYzU3YjA1MS0wKwYDVQQKDCRmZjA1NGFiNy02ZGE3LTQ0OGYtOWNhZS1mNjI5
ZjAwYjVlMDgxCjAIBgNVBAUTATEwHhcNMjUwNzAyMTg1MTI4WhcNMzAwODEwMTg1
MTI4WjCBgjEWMBQGA1UEAwwNc2NtQGxvY2FsaG9zdDEtMCsGA1UECwwkMDU3MGQy
N2UtNzU1Ny00NDliLTk0OWMtM2U3ZjdmYzU3YjA1MS0wKwYDVQQKDCRmZjA1NGFi
Ny02ZGE3LTQ0OGYtOWNhZS1mNjI5ZjAwYjVlMDgxCjAIBgNVBAUTATEwggEiMA0G
CSqGSIb3DQEBAQUAA4IBDwAwggEKAoIBAQDSOHDH15CZsZYmQ3wfdwmh8mSpyVHk
1uULzHKGB/g5GGl37+OOp8iwkJLXTlAVXPRdX/eMWXGqHq7zuYuhOYb3NcUXI4Sr
FmzzcFLtdU3aNQLis6kSEpgMXmDh1YJrwEaC92Hi1rjos0Bi5YOzGA5Bg8goo/Hg
UZZMiVGPNf24RlbEnqvLvqle4VvvYXwEcVXtdGKF9zLr2aitH1U6aVlHp69HYltc
Cn+TKtEiTFwBnZhArY+ppxsEe8oiXT0rB4mhdgertPk4tf/HTtw0lS7TXTI8aBC1
duiKXPAepLzbRGPe3cEEvCPCAkWyeBDknjTVCX3rITXm8oOfqMP9d/XbAgMBAAGj
dzB1MA8GA1UdEwEB/wQFMAMBAf8wDgYDVR0PAQH/BAQDAgEGMFIGA1UdEQRLMEmH
BAoBAGqCQWZ2LWF6MTI4OC00MzQuYmd1dTJ6ZHVzY2RlYmNxZmxyb3ZjMW1oamgu
ZHguaW50ZXJuYWwuY2xvdWRhcHAubmV0MA0GCSqGSIb3DQEBCwUAA4IBAQAFYWuU
DGLCxzWqlISKSJkp+GzwpSuGbvbGP9EImQNRYo00OYVsuKp5S+21u0LEKwtPDzIX
qEmjZD72b/At4ZtASAIlFCTtD2lOSLR+jC/k4WNQ3Qi9GXq8L6fwO5n4beoeX7dK
igE9ppwYPTljSrabdadG46EsxPm33y2TsV+9F+AHILamSLKtcfLzj4exd3wawGpv
egolczxu7mwSj6J5TP+m2LcP9uxqg/QIa6i5uD/dVduxkPkoQ7cY/+uOMdWWFg+0
2ngy8j05z1Y4SJCO/HB+1b53O4dAoX/BotgBjGwbRSNVA4LMenALIXLWa0yivRFf
ag9T/4oGtYfovUKc
-----END CERTIFICATE-----

2025-07-02 18:51:57,050 [main] INFO  utils.CertificateCodec (CertificateCodec.java:writeCertificate(241)) - Save certificate to /home/runner/work/ozone/ozone/hadoop-ozone/integration-test/target/test-dir/MiniOzoneClusterImpl-ff054ab7-6da7-448f-9cae-f629f00b5e08/ozone-meta/om/certs/CA-2.crt
2025-07-02 18:51:57,051 [main] INFO  utils.CertificateCodec (CertificateCodec.java:writeCertificate(242)) - Certificate -----BEGIN CERTIFICATE-----
MIID/DCCAuSgAwIBAgIBAjANBgkqhkiG9w0BAQsFADCBgjEWMBQGA1UEAwwNc2Nt
QGxvY2FsaG9zdDEtMCsGA1UECwwkMDU3MGQyN2UtNzU1Ny00NDliLTk0OWMtM2U3
ZjdmYzU3YjA1MS0wKwYDVQQKDCRmZjA1NGFiNy02ZGE3LTQ0OGYtOWNhZS1mNjI5
ZjAwYjVlMDgxCjAIBgNVBAUTATEwHhcNMjUwNzAyMTg1MTI4WhcNMzAwODEwMTg1
MTI4WjCBhjEaMBgGA1UEAwwRc2NtLXN1YkBsb2NhbGhvc3QxLTArBgNVBAsMJDA1
NzBkMjdlLTc1NTctNDQ5Yi05NDljLTNlN2Y3ZmM1N2IwNTEtMCsGA1UECgwkZmYw
NTRhYjctNmRhNy00NDhmLTljYWUtZjYyOWYwMGI1ZTA4MQowCAYDVQQFEwEyMIIB
IjANBgkqhkiG9w0BAQEFAAOCAQ8AMIIBCgKCAQEAlDoRuvgTeOPS68znKRopUqVH
hyqDahQNHLuVix6BTD7/At4x7Odm3SKHf7lDkp7LJs8NB1fo4lco7HyqomhoUtuu
CrvLBZh2NEpsU2snEFYCHmdMgep/UAV8GpDlzlsvKbGQwyGd3r6/7FGbgCRQ8hEb
LLWIL9247dOOVG8EXn5O7Zahb62UGnhN79W4o41GBwebW7mgDRtqZWTAYzziJq2A
zkqb9Yq2tFwTNSwr9ojFFeUGINeqv0GKJlDdV4dPcNp0bJw7yjn0owtmOs2TjrGz
gOD0ewyaHCfEmVqt5cR3m5VnDnoVQK0D2mjwC7MKBGQNtnTOpLpjIq0voNYs8wID
AQABo3cwdTAOBgNVHQ8BAf8EBAMCAb4wUgYDVR0RBEswSYcECgEAaoJBZnYtYXox
Mjg4LTQzNC5iZ3V1MnpkdXNjZGViY3FmbHJvdmMxbWhqaC5keC5pbnRlcm5hbC5j
bG91ZGFwcC5uZXQwDwYDVR0TAQH/BAUwAwEB/zANBgkqhkiG9w0BAQsFAAOCAQEA
w3Jqtgfd2n31pVxYV5sCmcCKQiebQ3ebpFQXsVbHLToPQPvVaYG4JHsXmGMuSJFH
DR9kuCcWmNMaZzr3W/vUz1eJXWFzaa0sJLzxIgGSjiJNkkIXMBPds74zoU4uJ0rl
ndOuankSdj22uQl33JamK+haZvVWKgL3jOV/4SMXPc0wSUOU0CiUS65d3UYDR9Hy
HJS+NOS/dBM07S+AO5EZumdrSbdRRo+ldH0XtsVKcryrXgJEQe1ZgqbJ57b1DBsa
l6G38GvWjsMSvDSCbEw8YyPP4wnEFHB+qX9mjAhcvuyxJZ2Qic1tZmJHdFqCrEjS
K+j0A+dzA0yMXlAlpfjcoQ==
-----END CERTIFICATE-----

-----BEGIN CERTIFICATE-----
MIID+DCCAuCgAwIBAgIBATANBgkqhkiG9w0BAQsFADCBgjEWMBQGA1UEAwwNc2Nt
QGxvY2FsaG9zdDEtMCsGA1UECwwkMDU3MGQyN2UtNzU1Ny00NDliLTk0OWMtM2U3
ZjdmYzU3YjA1MS0wKwYDVQQKDCRmZjA1NGFiNy02ZGE3LTQ0OGYtOWNhZS1mNjI5
ZjAwYjVlMDgxCjAIBgNVBAUTATEwHhcNMjUwNzAyMTg1MTI4WhcNMzAwODEwMTg1
MTI4WjCBgjEWMBQGA1UEAwwNc2NtQGxvY2FsaG9zdDEtMCsGA1UECwwkMDU3MGQy
N2UtNzU1Ny00NDliLTk0OWMtM2U3ZjdmYzU3YjA1MS0wKwYDVQQKDCRmZjA1NGFi
Ny02ZGE3LTQ0OGYtOWNhZS1mNjI5ZjAwYjVlMDgxCjAIBgNVBAUTATEwggEiMA0G
CSqGSIb3DQEBAQUAA4IBDwAwggEKAoIBAQDSOHDH15CZsZYmQ3wfdwmh8mSpyVHk
1uULzHKGB/g5GGl37+OOp8iwkJLXTlAVXPRdX/eMWXGqHq7zuYuhOYb3NcUXI4Sr
FmzzcFLtdU3aNQLis6kSEpgMXmDh1YJrwEaC92Hi1rjos0Bi5YOzGA5Bg8goo/Hg
UZZMiVGPNf24RlbEnqvLvqle4VvvYXwEcVXtdGKF9zLr2aitH1U6aVlHp69HYltc
Cn+TKtEiTFwBnZhArY+ppxsEe8oiXT0rB4mhdgertPk4tf/HTtw0lS7TXTI8aBC1
duiKXPAepLzbRGPe3cEEvCPCAkWyeBDknjTVCX3rITXm8oOfqMP9d/XbAgMBAAGj
dzB1MA8GA1UdEwEB/wQFMAMBAf8wDgYDVR0PAQH/BAQDAgEGMFIGA1UdEQRLMEmH
BAoBAGqCQWZ2LWF6MTI4OC00MzQuYmd1dTJ6ZHVzY2RlYmNxZmxyb3ZjMW1oamgu
ZHguaW50ZXJuYWwuY2xvdWRhcHAubmV0MA0GCSqGSIb3DQEBCwUAA4IBAQAFYWuU
DGLCxzWqlISKSJkp+GzwpSuGbvbGP9EImQNRYo00OYVsuKp5S+21u0LEKwtPDzIX
qEmjZD72b/At4ZtASAIlFCTtD2lOSLR+jC/k4WNQ3Qi9GXq8L6fwO5n4beoeX7dK
igE9ppwYPTljSrabdadG46EsxPm33y2TsV+9F+AHILamSLKtcfLzj4exd3wawGpv
egolczxu7mwSj6J5TP+m2LcP9uxqg/QIa6i5uD/dVduxkPkoQ7cY/+uOMdWWFg+0
2ngy8j05z1Y4SJCO/HB+1b53O4dAoX/BotgBjGwbRSNVA4LMenALIXLWa0yivRFf
ag9T/4oGtYfovUKc
-----END CERTIFICATE-----

2025-07-02 18:51:57,052 [IPC Server handler 1 on default port 15002] INFO  client.SCMCertificateClient (DefaultCertificateClient.java:getAllRootCaCerts(971)) - scm/sub-ca has 0 Root CA certificates
2025-07-02 18:51:57,052 [IPC Server handler 1 on default port 15002] INFO  client.SCMCertificateClient (DefaultCertificateClient.java:getAllCaCerts(979)) - scm/sub-ca has 1 CA certificates
2025-07-02 18:51:57,053 [main] INFO  utils.CertificateCodec (CertificateCodec.java:writeCertificate(241)) - Save certificate to /home/runner/work/ozone/ozone/hadoop-ozone/integration-test/target/test-dir/MiniOzoneClusterImpl-ff054ab7-6da7-448f-9cae-f629f00b5e08/ozone-meta/om/certs/ROOTCA-1.crt
2025-07-02 18:51:57,053 [main] INFO  utils.CertificateCodec (CertificateCodec.java:writeCertificate(242)) - Certificate -----BEGIN CERTIFICATE-----
MIID+DCCAuCgAwIBAgIBATANBgkqhkiG9w0BAQsFADCBgjEWMBQGA1UEAwwNc2Nt
QGxvY2FsaG9zdDEtMCsGA1UECwwkMDU3MGQyN2UtNzU1Ny00NDliLTk0OWMtM2U3
ZjdmYzU3YjA1MS0wKwYDVQQKDCRmZjA1NGFiNy02ZGE3LTQ0OGYtOWNhZS1mNjI5
ZjAwYjVlMDgxCjAIBgNVBAUTATEwHhcNMjUwNzAyMTg1MTI4WhcNMzAwODEwMTg1
MTI4WjCBgjEWMBQGA1UEAwwNc2NtQGxvY2FsaG9zdDEtMCsGA1UECwwkMDU3MGQy
N2UtNzU1Ny00NDliLTk0OWMtM2U3ZjdmYzU3YjA1MS0wKwYDVQQKDCRmZjA1NGFi
Ny02ZGE3LTQ0OGYtOWNhZS1mNjI5ZjAwYjVlMDgxCjAIBgNVBAUTATEwggEiMA0G
CSqGSIb3DQEBAQUAA4IBDwAwggEKAoIBAQDSOHDH15CZsZYmQ3wfdwmh8mSpyVHk
1uULzHKGB/g5GGl37+OOp8iwkJLXTlAVXPRdX/eMWXGqHq7zuYuhOYb3NcUXI4Sr
FmzzcFLtdU3aNQLis6kSEpgMXmDh1YJrwEaC92Hi1rjos0Bi5YOzGA5Bg8goo/Hg
UZZMiVGPNf24RlbEnqvLvqle4VvvYXwEcVXtdGKF9zLr2aitH1U6aVlHp69HYltc
Cn+TKtEiTFwBnZhArY+ppxsEe8oiXT0rB4mhdgertPk4tf/HTtw0lS7TXTI8aBC1
duiKXPAepLzbRGPe3cEEvCPCAkWyeBDknjTVCX3rITXm8oOfqMP9d/XbAgMBAAGj
dzB1MA8GA1UdEwEB/wQFMAMBAf8wDgYDVR0PAQH/BAQDAgEGMFIGA1UdEQRLMEmH
BAoBAGqCQWZ2LWF6MTI4OC00MzQuYmd1dTJ6ZHVzY2RlYmNxZmxyb3ZjMW1oamgu
ZHguaW50ZXJuYWwuY2xvdWRhcHAubmV0MA0GCSqGSIb3DQEBCwUAA4IBAQAFYWuU
DGLCxzWqlISKSJkp+GzwpSuGbvbGP9EImQNRYo00OYVsuKp5S+21u0LEKwtPDzIX
qEmjZD72b/At4ZtASAIlFCTtD2lOSLR+jC/k4WNQ3Qi9GXq8L6fwO5n4beoeX7dK
igE9ppwYPTljSrabdadG46EsxPm33y2TsV+9F+AHILamSLKtcfLzj4exd3wawGpv
egolczxu7mwSj6J5TP+m2LcP9uxqg/QIa6i5uD/dVduxkPkoQ7cY/+uOMdWWFg+0
2ngy8j05z1Y4SJCO/HB+1b53O4dAoX/BotgBjGwbRSNVA4LMenALIXLWa0yivRFf
ag9T/4oGtYfovUKc
-----END CERTIFICATE-----

2025-07-02 18:51:57,054 [main] INFO  security.OMCertificateClient (DefaultCertificateClient.java:updateCertSerialId(1289)) - Certificate serial ID set to 5
2025-07-02 18:51:57,055 [main] INFO  security.OMCertificateClient (DefaultCertificateClient.java:readCertificateFile(247)) - Added certificate 1 from file: /home/runner/work/ozone/ozone/hadoop-ozone/integration-test/target/test-dir/MiniOzoneClusterImpl-ff054ab7-6da7-448f-9cae-f629f00b5e08/ozone-meta/om/certs/ROOTCA-1.crt.
2025-07-02 18:51:57,056 [main] INFO  security.OMCertificateClient (DefaultCertificateClient.java:readCertificateFile(247)) - Added certificate 2 from file: /home/runner/work/ozone/ozone/hadoop-ozone/integration-test/target/test-dir/MiniOzoneClusterImpl-ff054ab7-6da7-448f-9cae-f629f00b5e08/ozone-meta/om/certs/CA-2.crt.
2025-07-02 18:51:57,057 [main] INFO  security.OMCertificateClient (DefaultCertificateClient.java:readCertificateFile(247)) - Added certificate 5 from file: /home/runner/work/ozone/ozone/hadoop-ozone/integration-test/target/test-dir/MiniOzoneClusterImpl-ff054ab7-6da7-448f-9cae-f629f00b5e08/ozone-meta/om/certs/5.crt.
2025-07-02 18:51:57,058 [main] INFO  security.OMCertificateClient (DefaultCertificateClient.java:startCertificateRenewerService(1380)) - CertificateRenewerService for om is started with first delay 29116799942 ms and interval 86400000 ms.
2025-07-02 18:51:57,058 [main] INFO  security.OMCertificateClient (DefaultCertificateClient.java:recoverStateIfNeeded(812)) - Successfully stored OM signed certificate, case:GETCERT.
2025-07-02 18:51:57,066 [main] INFO  ha.OMHANodeDetails (OMHANodeDetails.java:loadOMHAConfig(113)) - ozone.om.internal.service.id is not defined, falling back to ozone.om.service.ids to find serviceID for OzoneManager if it is HA enabled cluster
2025-07-02 18:51:57,066 [main] INFO  ha.OMHANodeDetails (OMHANodeDetails.java:loadOMHAConfig(224)) - Configuration does not have ozone.om.address set. Falling back to the default OM address /127.0.0.1:15042
2025-07-02 18:51:57,066 [main] INFO  ha.OMHANodeDetails (OMHANodeDetails.java:getOMNodeDetailsForNonHA(252)) - OM Service ID is not set. Setting it to the default ID: omServiceIdDefault
2025-07-02 18:51:57,066 [main] INFO  ha.OMHANodeDetails (OMHANodeDetails.java:getOMNodeDetailsForNonHA(259)) - OM Node ID is not set. Setting it to the default ID: om1
2025-07-02 18:51:57,068 [main] WARN  server.ServerUtils (ServerUtils.java:getDBPath(292)) - ozone.om.db.dirs is not configured. We recommend adding this setting. Falling back to ozone.metadata.dirs instead.
2025-07-02 18:51:57,071 [main] INFO  upgrade.AbstractLayoutVersionManager (AbstractLayoutVersionManager.java:init(80)) - Initializing Layout version manager with metadata layout = DELEGATION_TOKEN_SYMMETRIC_SIGN (version = 8), software layout = DELEGATION_TOKEN_SYMMETRIC_SIGN (version = 8)
2025-07-02 18:51:57,192 [main] INFO  reflections.Reflections (Reflections.java:scan(219)) - Reflections took 120 ms to scan 2 urls, producing 208 keys and 621 values
2025-07-02 18:51:57,195 [main] INFO  upgrade.OMLayoutVersionManager (OMLayoutVersionManager.java:lambda$0(110)) - Skipping Upgrade Action QuotaRepairUpgradeAction since it has been finalized.
2025-07-02 18:51:57,196 [main] INFO  upgrade.OMLayoutVersionManager (OMLayoutVersionManager.java:lambda$0(110)) - Skipping Upgrade Action MockOmUpgradeAction since it has been finalized.
2025-07-02 18:51:57,209 [pool-2-thread-2] INFO  request.KdcRequest (KdcRequest.java:preauth(683)) - The preauth data is empty.
2025-07-02 18:51:57,210 [pool-2-thread-2] INFO  server.KdcHandler (KdcHandler.java:handleRecoverableException(177)) - KRB error occurred while processing request: Additional pre-authentication required
2025-07-02 18:51:57,214 [pool-2-thread-2] INFO  request.AsRequest (AsRequest.java:issueTicket(112)) - AS_REQ ISSUE: authtime 1751482317213,scm/localhost@EXAMPLE.COM for krbtgt/EXAMPLE.COM@EXAMPLE.COM
2025-07-02 18:51:57,215 [main] INFO  security.UserGroupInformation (UserGroupInformation.java:loginUserFromKeytab(1143)) - Login successful for user scm/localhost@EXAMPLE.COM using keytab file scm.keytab. Keytab auto renewal enabled : false
2025-07-02 18:51:57,216 [main] INFO  om.OzoneManager (OzoneManager.java:loginOMUser(1327)) - Ozone Manager login successful.
2025-07-02 18:51:57,216 [main] WARN  server.ServerUtils (ServerUtils.java:getDBPath(292)) - ozone.om.db.dirs is not configured. We recommend adding this setting. Falling back to ozone.metadata.dirs instead.
2025-07-02 18:51:57,220 [main] INFO  om.OzoneManager (OzoneManager.java:setReplicationFromConfig(4619)) - Set default replication in OM: RATIS/3 -> RATIS/THREE
2025-07-02 18:51:57,225 [main] INFO  ha.SCMNodeInfo (SCMNodeInfo.java:getPort(197)) - ConfigKey ozone.scm.client.address is deprecated, For configuring different ports for each SCM use PortConfigKey ozone.scm.client.port appended with serviceId and nodeId
2025-07-02 18:51:57,225 [main] INFO  ha.SCMNodeInfo (SCMNodeInfo.java:getPort(197)) - ConfigKey ozone.scm.block.client.address is deprecated, For configuring different ports for each SCM use PortConfigKey ozone.scm.block.client.port appended with serviceId and nodeId
2025-07-02 18:51:57,225 [main] INFO  ha.SCMNodeInfo (SCMNodeInfo.java:getPort(197)) - ConfigKey ozone.scm.security.service.address is deprecated, For configuring different ports for each SCM use PortConfigKey ozone.scm.security.service.port appended with serviceId and nodeId
2025-07-02 18:51:57,226 [main] INFO  ha.SCMNodeInfo (SCMNodeInfo.java:getPort(197)) - ConfigKey ozone.scm.datanode.address is deprecated, For configuring different ports for each SCM use PortConfigKey ozone.scm.datanode.port appended with serviceId and nodeId
2025-07-02 18:51:57,226 [main] INFO  ha.SCMNodeInfo (SCMNodeInfo.java:getPort(197)) - ConfigKey ozone.scm.client.address is deprecated, For configuring different ports for each SCM use PortConfigKey ozone.scm.client.port appended with serviceId and nodeId
2025-07-02 18:51:57,226 [main] INFO  ha.SCMNodeInfo (SCMNodeInfo.java:getPort(197)) - ConfigKey ozone.scm.block.client.address is deprecated, For configuring different ports for each SCM use PortConfigKey ozone.scm.block.client.port appended with serviceId and nodeId
2025-07-02 18:51:57,226 [main] INFO  ha.SCMNodeInfo (SCMNodeInfo.java:getPort(197)) - ConfigKey ozone.scm.security.service.address is deprecated, For configuring different ports for each SCM use PortConfigKey ozone.scm.security.service.port appended with serviceId and nodeId
2025-07-02 18:51:57,226 [main] INFO  ha.SCMNodeInfo (SCMNodeInfo.java:getPort(197)) - ConfigKey ozone.scm.datanode.address is deprecated, For configuring different ports for each SCM use PortConfigKey ozone.scm.datanode.port appended with serviceId and nodeId
2025-07-02 18:51:57,226 [main] INFO  ha.SCMNodeInfo (SCMNodeInfo.java:getPort(197)) - ConfigKey ozone.scm.client.address is deprecated, For configuring different ports for each SCM use PortConfigKey ozone.scm.client.port appended with serviceId and nodeId
2025-07-02 18:51:57,226 [main] INFO  ha.SCMNodeInfo (SCMNodeInfo.java:getPort(197)) - ConfigKey ozone.scm.block.client.address is deprecated, For configuring different ports for each SCM use PortConfigKey ozone.scm.block.client.port appended with serviceId and nodeId
2025-07-02 18:51:57,226 [main] INFO  ha.SCMNodeInfo (SCMNodeInfo.java:getPort(197)) - ConfigKey ozone.scm.security.service.address is deprecated, For configuring different ports for each SCM use PortConfigKey ozone.scm.security.service.port appended with serviceId and nodeId
2025-07-02 18:51:57,226 [main] INFO  ha.SCMNodeInfo (SCMNodeInfo.java:getPort(197)) - ConfigKey ozone.scm.datanode.address is deprecated, For configuring different ports for each SCM use PortConfigKey ozone.scm.datanode.port appended with serviceId and nodeId
2025-07-02 18:51:57,227 [main] INFO  proxy.SCMContainerLocationFailoverProxyProvider (SCMFailoverProxyProviderBase.java:<init>(120)) - Created fail-over proxy for protocol StorageContainerLocationProtocolPB with 3 nodes: [nodeId=scmNode-2,nodeAddress=/127.0.0.1:15013, nodeId=scmNode-3,nodeAddress=/127.0.0.1:15021, nodeId=scmNode-1,nodeAddress=/127.0.0.1:15005]
2025-07-02 18:51:57,281 [main] INFO  ha.SCMNodeInfo (SCMNodeInfo.java:getPort(197)) - ConfigKey ozone.scm.client.address is deprecated, For configuring different ports for each SCM use PortConfigKey ozone.scm.client.port appended with serviceId and nodeId
2025-07-02 18:51:57,282 [main] INFO  ha.SCMNodeInfo (SCMNodeInfo.java:getPort(197)) - ConfigKey ozone.scm.block.client.address is deprecated, For configuring different ports for each SCM use PortConfigKey ozone.scm.block.client.port appended with serviceId and nodeId
2025-07-02 18:51:57,283 [main] INFO  ha.SCMNodeInfo (SCMNodeInfo.java:getPort(197)) - ConfigKey ozone.scm.security.service.address is deprecated, For configuring different ports for each SCM use PortConfigKey ozone.scm.security.service.port appended with serviceId and nodeId
2025-07-02 18:51:57,283 [main] INFO  ha.SCMNodeInfo (SCMNodeInfo.java:getPort(197)) - ConfigKey ozone.scm.datanode.address is deprecated, For configuring different ports for each SCM use PortConfigKey ozone.scm.datanode.port appended with serviceId and nodeId
2025-07-02 18:51:57,283 [main] INFO  ha.SCMNodeInfo (SCMNodeInfo.java:getPort(197)) - ConfigKey ozone.scm.client.address is deprecated, For configuring different ports for each SCM use PortConfigKey ozone.scm.client.port appended with serviceId and nodeId
2025-07-02 18:51:57,283 [main] INFO  ha.SCMNodeInfo (SCMNodeInfo.java:getPort(197)) - ConfigKey ozone.scm.block.client.address is deprecated, For configuring different ports for each SCM use PortConfigKey ozone.scm.block.client.port appended with serviceId and nodeId
2025-07-02 18:51:57,283 [main] INFO  ha.SCMNodeInfo (SCMNodeInfo.java:getPort(197)) - ConfigKey ozone.scm.security.service.address is deprecated, For configuring different ports for each SCM use PortConfigKey ozone.scm.security.service.port appended with serviceId and nodeId
2025-07-02 18:51:57,283 [main] INFO  ha.SCMNodeInfo (SCMNodeInfo.java:getPort(197)) - ConfigKey ozone.scm.datanode.address is deprecated, For configuring different ports for each SCM use PortConfigKey ozone.scm.datanode.port appended with serviceId and nodeId
2025-07-02 18:51:57,283 [main] INFO  ha.SCMNodeInfo (SCMNodeInfo.java:getPort(197)) - ConfigKey ozone.scm.client.address is deprecated, For configuring different ports for each SCM use PortConfigKey ozone.scm.client.port appended with serviceId and nodeId
2025-07-02 18:51:57,283 [main] INFO  ha.SCMNodeInfo (SCMNodeInfo.java:getPort(197)) - ConfigKey ozone.scm.block.client.address is deprecated, For configuring different ports for each SCM use PortConfigKey ozone.scm.block.client.port appended with serviceId and nodeId
2025-07-02 18:51:57,283 [main] INFO  ha.SCMNodeInfo (SCMNodeInfo.java:getPort(197)) - ConfigKey ozone.scm.security.service.address is deprecated, For configuring different ports for each SCM use PortConfigKey ozone.scm.security.service.port appended with serviceId and nodeId
2025-07-02 18:51:57,283 [main] INFO  ha.SCMNodeInfo (SCMNodeInfo.java:getPort(197)) - ConfigKey ozone.scm.datanode.address is deprecated, For configuring different ports for each SCM use PortConfigKey ozone.scm.datanode.port appended with serviceId and nodeId
2025-07-02 18:51:57,284 [main] INFO  proxy.SCMBlockLocationFailoverProxyProvider (SCMFailoverProxyProviderBase.java:<init>(120)) - Created fail-over proxy for protocol ScmBlockLocationProtocolPB with 3 nodes: [nodeId=scmNode-2,nodeAddress=/127.0.0.1:15015, nodeId=scmNode-3,nodeAddress=/127.0.0.1:15023, nodeId=scmNode-1,nodeAddress=/127.0.0.1:15007]
2025-07-02 18:51:57,299 [main] INFO  om.OzoneManager (OzoneManager.java:getOmDetailsProto(4964)) - OzoneManager ports added:[name: "RPC"
value: 15042
]
2025-07-02 18:51:57,301 [main] INFO  ha.SCMNodeInfo (SCMNodeInfo.java:getPort(197)) - ConfigKey ozone.scm.client.address is deprecated, For configuring different ports for each SCM use PortConfigKey ozone.scm.client.port appended with serviceId and nodeId
2025-07-02 18:51:57,301 [main] INFO  ha.SCMNodeInfo (SCMNodeInfo.java:getPort(197)) - ConfigKey ozone.scm.block.client.address is deprecated, For configuring different ports for each SCM use PortConfigKey ozone.scm.block.client.port appended with serviceId and nodeId
2025-07-02 18:51:57,301 [main] INFO  ha.SCMNodeInfo (SCMNodeInfo.java:getPort(197)) - ConfigKey ozone.scm.security.service.address is deprecated, For configuring different ports for each SCM use PortConfigKey ozone.scm.security.service.port appended with serviceId and nodeId
2025-07-02 18:51:57,301 [main] INFO  ha.SCMNodeInfo (SCMNodeInfo.java:getPort(197)) - ConfigKey ozone.scm.datanode.address is deprecated, For configuring different ports for each SCM use PortConfigKey ozone.scm.datanode.port appended with serviceId and nodeId
2025-07-02 18:51:57,301 [main] INFO  ha.SCMNodeInfo (SCMNodeInfo.java:getPort(197)) - ConfigKey ozone.scm.client.address is deprecated, For configuring different ports for each SCM use PortConfigKey ozone.scm.client.port appended with serviceId and nodeId
2025-07-02 18:51:57,301 [main] INFO  ha.SCMNodeInfo (SCMNodeInfo.java:getPort(197)) - ConfigKey ozone.scm.block.client.address is deprecated, For configuring different ports for each SCM use PortConfigKey ozone.scm.block.client.port appended with serviceId and nodeId
2025-07-02 18:51:57,301 [main] INFO  ha.SCMNodeInfo (SCMNodeInfo.java:getPort(197)) - ConfigKey ozone.scm.security.service.address is deprecated, For configuring different ports for each SCM use PortConfigKey ozone.scm.security.service.port appended with serviceId and nodeId
2025-07-02 18:51:57,301 [main] INFO  ha.SCMNodeInfo (SCMNodeInfo.java:getPort(197)) - ConfigKey ozone.scm.datanode.address is deprecated, For configuring different ports for each SCM use PortConfigKey ozone.scm.datanode.port appended with serviceId and nodeId
2025-07-02 18:51:57,301 [main] INFO  ha.SCMNodeInfo (SCMNodeInfo.java:getPort(197)) - ConfigKey ozone.scm.client.address is deprecated, For configuring different ports for each SCM use PortConfigKey ozone.scm.client.port appended with serviceId and nodeId
2025-07-02 18:51:57,301 [main] INFO  ha.SCMNodeInfo (SCMNodeInfo.java:getPort(197)) - ConfigKey ozone.scm.block.client.address is deprecated, For configuring different ports for each SCM use PortConfigKey ozone.scm.block.client.port appended with serviceId and nodeId
2025-07-02 18:51:57,301 [main] INFO  ha.SCMNodeInfo (SCMNodeInfo.java:getPort(197)) - ConfigKey ozone.scm.security.service.address is deprecated, For configuring different ports for each SCM use PortConfigKey ozone.scm.security.service.port appended with serviceId and nodeId
2025-07-02 18:51:57,301 [main] INFO  ha.SCMNodeInfo (SCMNodeInfo.java:getPort(197)) - ConfigKey ozone.scm.datanode.address is deprecated, For configuring different ports for each SCM use PortConfigKey ozone.scm.datanode.port appended with serviceId and nodeId
2025-07-02 18:51:57,301 [main] INFO  proxy.SCMSecurityProtocolFailoverProxyProvider (SCMFailoverProxyProviderBase.java:<init>(120)) - Created fail-over proxy for protocol SCMSecurityProtocolPB with 3 nodes: [nodeId=scmNode-2,nodeAddress=/127.0.0.1:15010, nodeId=scmNode-3,nodeAddress=/127.0.0.1:15018, nodeId=scmNode-1,nodeAddress=/127.0.0.1:15002]
2025-07-02 18:51:57,302 [main] INFO  security.OMCertificateClient (DefaultCertificateClient.java:updateCertSerialId(1289)) - Certificate serial ID set to 5
2025-07-02 18:51:57,304 [main] INFO  security.OMCertificateClient (DefaultCertificateClient.java:readCertificateFile(247)) - Added certificate 1 from file: /home/runner/work/ozone/ozone/hadoop-ozone/integration-test/target/test-dir/MiniOzoneClusterImpl-ff054ab7-6da7-448f-9cae-f629f00b5e08/ozone-meta/om/certs/ROOTCA-1.crt.
2025-07-02 18:51:57,305 [main] INFO  security.OMCertificateClient (DefaultCertificateClient.java:readCertificateFile(247)) - Added certificate 2 from file: /home/runner/work/ozone/ozone/hadoop-ozone/integration-test/target/test-dir/MiniOzoneClusterImpl-ff054ab7-6da7-448f-9cae-f629f00b5e08/ozone-meta/om/certs/CA-2.crt.
2025-07-02 18:51:57,306 [main] INFO  security.OMCertificateClient (DefaultCertificateClient.java:readCertificateFile(247)) - Added certificate 5 from file: /home/runner/work/ozone/ozone/hadoop-ozone/integration-test/target/test-dir/MiniOzoneClusterImpl-ff054ab7-6da7-448f-9cae-f629f00b5e08/ozone-meta/om/certs/5.crt.
2025-07-02 18:51:57,307 [main] INFO  security.OMCertificateClient (DefaultCertificateClient.java:startCertificateRenewerService(1380)) - CertificateRenewerService for om is started with first delay 29116799692 ms and interval 86400000 ms.
2025-07-02 18:51:57,307 [main] INFO  ha.SCMNodeInfo (SCMNodeInfo.java:getPort(197)) - ConfigKey ozone.scm.client.address is deprecated, For configuring different ports for each SCM use PortConfigKey ozone.scm.client.port appended with serviceId and nodeId
2025-07-02 18:51:57,307 [main] INFO  ha.SCMNodeInfo (SCMNodeInfo.java:getPort(197)) - ConfigKey ozone.scm.block.client.address is deprecated, For configuring different ports for each SCM use PortConfigKey ozone.scm.block.client.port appended with serviceId and nodeId
2025-07-02 18:51:57,307 [main] INFO  ha.SCMNodeInfo (SCMNodeInfo.java:getPort(197)) - ConfigKey ozone.scm.security.service.address is deprecated, For configuring different ports for each SCM use PortConfigKey ozone.scm.security.service.port appended with serviceId and nodeId
2025-07-02 18:51:57,307 [main] INFO  ha.SCMNodeInfo (SCMNodeInfo.java:getPort(197)) - ConfigKey ozone.scm.datanode.address is deprecated, For configuring different ports for each SCM use PortConfigKey ozone.scm.datanode.port appended with serviceId and nodeId
2025-07-02 18:51:57,308 [main] INFO  ha.SCMNodeInfo (SCMNodeInfo.java:getPort(197)) - ConfigKey ozone.scm.client.address is deprecated, For configuring different ports for each SCM use PortConfigKey ozone.scm.client.port appended with serviceId and nodeId
2025-07-02 18:51:57,308 [main] INFO  ha.SCMNodeInfo (SCMNodeInfo.java:getPort(197)) - ConfigKey ozone.scm.block.client.address is deprecated, For configuring different ports for each SCM use PortConfigKey ozone.scm.block.client.port appended with serviceId and nodeId
2025-07-02 18:51:57,308 [main] INFO  ha.SCMNodeInfo (SCMNodeInfo.java:getPort(197)) - ConfigKey ozone.scm.security.service.address is deprecated, For configuring different ports for each SCM use PortConfigKey ozone.scm.security.service.port appended with serviceId and nodeId
2025-07-02 18:51:57,308 [main] INFO  ha.SCMNodeInfo (SCMNodeInfo.java:getPort(197)) - ConfigKey ozone.scm.datanode.address is deprecated, For configuring different ports for each SCM use PortConfigKey ozone.scm.datanode.port appended with serviceId and nodeId
2025-07-02 18:51:57,308 [main] INFO  ha.SCMNodeInfo (SCMNodeInfo.java:getPort(197)) - ConfigKey ozone.scm.client.address is deprecated, For configuring different ports for each SCM use PortConfigKey ozone.scm.client.port appended with serviceId and nodeId
2025-07-02 18:51:57,308 [main] INFO  ha.SCMNodeInfo (SCMNodeInfo.java:getPort(197)) - ConfigKey ozone.scm.block.client.address is deprecated, For configuring different ports for each SCM use PortConfigKey ozone.scm.block.client.port appended with serviceId and nodeId
2025-07-02 18:51:57,308 [main] INFO  ha.SCMNodeInfo (SCMNodeInfo.java:getPort(197)) - ConfigKey ozone.scm.security.service.address is deprecated, For configuring different ports for each SCM use PortConfigKey ozone.scm.security.service.port appended with serviceId and nodeId
2025-07-02 18:51:57,308 [main] INFO  ha.SCMNodeInfo (SCMNodeInfo.java:getPort(197)) - ConfigKey ozone.scm.datanode.address is deprecated, For configuring different ports for each SCM use PortConfigKey ozone.scm.datanode.port appended with serviceId and nodeId
2025-07-02 18:51:57,309 [main] INFO  proxy.SecretKeyProtocolFailoverProxyProvider (SCMFailoverProxyProviderBase.java:<init>(120)) - Created fail-over proxy for protocol SecretKeyProtocolOmPB with 3 nodes: [nodeId=scmNode-2,nodeAddress=/127.0.0.1:15010, nodeId=scmNode-3,nodeAddress=/127.0.0.1:15018, nodeId=scmNode-1,nodeAddress=/127.0.0.1:15002]
2025-07-02 18:51:57,312 [main] INFO  symmetric.DefaultSecretKeyVerifierClient (DefaultSecretKeyVerifierClient.java:<init>(76)) - Initializing secret key cache with size 4, TTL PT8M20S
2025-07-02 18:51:57,331 [main] INFO  om.OzoneManager (OzoneManager.java:<init>(679)) - OM start with adminUsers: [runner, scm]
2025-07-02 18:51:57,348 [main] WARN  server.ServerUtils (ServerUtils.java:getDBPath(292)) - ozone.om.db.dirs is not configured. We recommend adding this setting. Falling back to ozone.metadata.dirs instead.
2025-07-02 18:51:57,425 [main] INFO  utils.NativeLibraryLoader (NativeLibraryLoader.java:loadLibrary(120)) - Loading Library: ozone_rocksdb_tools
2025-07-02 18:51:57,688 [main] INFO  om.OzoneManager (OzoneManager.java:instantiateServices(923)) - S3 Multi-Tenancy is disabled
2025-07-02 18:51:57,695 [main] INFO  security.OzoneSecretStore (OzoneSecretStore.java:loadState(58)) - Loaded 0 tokens
2025-07-02 18:51:57,695 [main] INFO  security.OzoneDelegationTokenSecretManager (OzoneDelegationTokenSecretManager.java:loadTokenSecretState(513)) - Loading token state into token manager.
2025-07-02 18:51:57,713 [main] INFO  om.OmSnapshotManager (OmSnapshotManager.java:<init>(189)) - Ozone filesystem snapshot feature is enabled.
2025-07-02 18:51:57,720 [main] WARN  server.ServerUtils (ServerUtils.java:getDBPath(292)) - ozone.om.snapshot.diff.db.dir is not configured. We recommend adding this setting. Falling back to ozone.metadata.dirs instead.
2025-07-02 18:51:57,758 [main] INFO  utils.BackgroundService (BackgroundService.java:start(118)) - Starting service SnapshotDiffCleanupService with interval 60000 milliseconds
2025-07-02 18:51:57,797 [main] INFO  om.OzoneManager (OzoneManager.java:addS3GVolumeToDB(4677)) - Created Volume s3v With Owner scm required for S3Gateway operations.
2025-07-02 18:51:57,856 [main] WARN  server.ServerUtils (ServerUtils.java:getDefaultRatisDirectory(304)) - Storage directory for Ratis is not configured. It is a good idea to map this to an SSD disk. Falling back to ozone.metadata.dirs
2025-07-02 18:51:57,856 [main] WARN  utils.OzoneManagerRatisUtils (OzoneManagerRatisUtils.java:getOMRatisSnapshotDirectory(488)) - ozone.om.ratis.snapshot.dir is not configured. Falling back to ozone.metadata.dirs config
2025-07-02 18:51:57,861 [main] WARN  dropwizard3.Dm3MetricRegistriesImpl (Dm3MetricRegistriesImpl.java:addReporterRegistration(114)) - New reporters are added after registries were created. Some metrics will be missing from the reporter. Please add reporter before adding any new registry.
2025-07-02 18:51:57,861 [main] WARN  dropwizard3.Dm3MetricRegistriesImpl (Dm3MetricRegistriesImpl.java:addReporterRegistration(114)) - New reporters are added after registries were created. Some metrics will be missing from the reporter. Please add reporter before adding any new registry.
2025-07-02 18:51:57,861 [main] WARN  server.ServerUtils (ServerUtils.java:getDefaultRatisDirectory(304)) - Storage directory for Ratis is not configured. It is a good idea to map this to an SSD disk. Falling back to ozone.metadata.dirs
2025-07-02 18:51:57,862 [main] INFO  server.RaftServerConfigKeys (ConfUtils.java:logGet(62)) - raft.server.log.appender.buffer.byte-limit = 4194304 (custom)
2025-07-02 18:51:57,864 [main] INFO  ratis.OzoneManagerRatisServer (OzoneManagerRatisServer.java:<init>(167)) - Instantiating OM Ratis server with groupID: omServiceIdDefault and peers: localhost:15045
2025-07-02 18:51:57,868 [main] INFO  ratis.OzoneManagerStateMachine (OzoneManagerStateMachine.java:loadSnapshotInfoFromDB(618)) - TransactionInfo not found in OM DB.
2025-07-02 18:51:57,901 [main] INFO  grpc.GrpcConfigKeys (ConfUtils.java:logFallback(69)) - raft.grpc.admin.host = null (fallback to raft.grpc.server.host)
2025-07-02 18:51:57,901 [main] INFO  grpc.GrpcConfigKeys (ConfUtils.java:logFallback(69)) - raft.grpc.admin.port = 15045 (fallback to raft.grpc.server.port)
2025-07-02 18:51:57,901 [main] INFO  grpc.GrpcConfigKeys (ConfUtils.java:logFallback(69)) - raft.grpc.client.host = null (fallback to raft.grpc.server.host)
2025-07-02 18:51:57,901 [main] INFO  grpc.GrpcConfigKeys (ConfUtils.java:logFallback(69)) - raft.grpc.client.port = 15045 (fallback to raft.grpc.server.port)
2025-07-02 18:51:57,902 [main] INFO  grpc.GrpcConfigKeys (ConfUtils.java:logGet(62)) - raft.grpc.server.port = 15045 (custom)
2025-07-02 18:51:57,902 [main] INFO  server.GrpcServicesImpl (ConfUtils.java:logGet(62)) - raft.grpc.message.size.max = 5242880 (custom)
2025-07-02 18:51:57,902 [main] INFO  server.RaftServerConfigKeys (ConfUtils.java:logGet(62)) - raft.server.rpc.request.timeout = 3000ms (default)
2025-07-02 18:51:57,902 [main] INFO  server.RaftServerConfigKeys (ConfUtils.java:logGet(62)) - raft.server.log.appender.buffer.byte-limit = 4194304 (custom)
2025-07-02 18:51:57,903 [main] INFO  server.RaftServerConfigKeys (ConfUtils.java:logGet(62)) - raft.server.storage.dir = [/home/runner/work/ozone/ozone/hadoop-ozone/integration-test/target/test-dir/MiniOzoneClusterImpl-ff054ab7-6da7-448f-9cae-f629f00b5e08/ozone-meta/ratis] (custom)
2025-07-02 18:51:57,905 [main] INFO  server.RaftServer (RaftServerProxy.java:addNew(105)) - om1: addNew group-C5BA1605619E:[om1|localhost:15045] returns group-C5BA1605619E:java.util.concurrent.CompletableFuture@2483eb07[Not completed]
2025-07-02 18:51:57,906 [main] INFO  om.OzoneManager (OzoneManager.java:initializeRatisServer(2307)) - OzoneManager Ratis server initialized at port 15045
2025-07-02 18:51:57,905 [om1-groupManagement] INFO  server.RaftServer$Division (RaftServerImpl.java:<init>(268)) - om1: new RaftServerImpl for group-C5BA1605619E:[om1|localhost:15045] with OzoneManagerStateMachine:uninitialized
2025-07-02 18:51:57,908 [om1-groupManagement] INFO  server.RaftServerConfigKeys (ConfUtils.java:logGet(62)) - raft.server.rpc.timeout.min = 1s (custom)
2025-07-02 18:51:57,908 [om1-groupManagement] INFO  server.RaftServerConfigKeys (ConfUtils.java:logGet(62)) - raft.server.rpc.timeout.max = 1200ms (custom)
2025-07-02 18:51:57,908 [om1-groupManagement] INFO  server.RaftServerConfigKeys (ConfUtils.java:logGet(62)) - raft.server.rpc.slowness.timeout = 2s (custom)
2025-07-02 18:51:57,908 [om1-groupManagement] INFO  server.RaftServer$Division (ServerState.java:<init>(114)) - om1@group-C5BA1605619E: ConfigurationManager, init=conf: {index: -1, cur=peers:[om1|localhost:15045]|listeners:[], old=null}, confs=<EMPTY_MAP>
2025-07-02 18:51:57,908 [om1-groupManagement] INFO  server.RaftServerConfigKeys (ConfUtils.java:logGet(62)) - raft.server.notification.no-leader.timeout = 2s (custom)
2025-07-02 18:51:57,908 [om1-groupManagement] INFO  server.RaftServerConfigKeys (ConfUtils.java:logGet(62)) - raft.server.retrycache.expirytime = 300s (custom)
2025-07-02 18:51:57,915 [main] INFO  om.OzoneManager (OzoneManager.java:getRpcServer(1359)) - Creating RPC Server
2025-07-02 18:51:58,790 [main] INFO  reflections.Reflections (Reflections.java:scan(219)) - Reflections took 835 ms to scan 24 urls, producing 60 keys and 7724 values
2025-07-02 18:51:58,921 [main] INFO  ipc.CallQueueManager (CallQueueManager.java:<init>(93)) - Using callQueue: class java.util.concurrent.LinkedBlockingQueue, queueCapacity: 2000, scheduler: class org.apache.hadoop.ipc.DefaultRpcScheduler, ipcBackoff: false, ipcFailOver: false.
2025-07-02 18:51:58,922 [main] INFO  ipc.Server (Server.java:<init>(1438)) - Listener at 127.0.0.1:15042
2025-07-02 18:51:58,922 [Socket Reader #1 for port 15042] INFO  ipc.Server (Server.java:run(1474)) - Starting Socket Reader #1 for port 15042
2025-07-02 18:51:58,922 [Socket Reader #2 for port 15042] INFO  ipc.Server (Server.java:run(1474)) - Starting Socket Reader #2 for port 15042
2025-07-02 18:51:58,922 [Socket Reader #3 for port 15042] INFO  ipc.Server (Server.java:run(1474)) - Starting Socket Reader #3 for port 15042
2025-07-02 18:51:58,923 [Socket Reader #4 for port 15042] INFO  ipc.Server (Server.java:run(1474)) - Starting Socket Reader #4 for port 15042
2025-07-02 18:51:58,923 [Socket Reader #5 for port 15042] INFO  ipc.Server (Server.java:run(1474)) - Starting Socket Reader #5 for port 15042
2025-07-02 18:51:58,923 [Socket Reader #6 for port 15042] INFO  ipc.Server (Server.java:run(1474)) - Starting Socket Reader #6 for port 15042
2025-07-02 18:51:58,923 [Socket Reader #7 for port 15042] INFO  ipc.Server (Server.java:run(1474)) - Starting Socket Reader #7 for port 15042
2025-07-02 18:51:58,923 [Socket Reader #8 for port 15042] INFO  ipc.Server (Server.java:run(1474)) - Starting Socket Reader #8 for port 15042
2025-07-02 18:51:58,924 [Socket Reader #9 for port 15042] INFO  ipc.Server (Server.java:run(1474)) - Starting Socket Reader #9 for port 15042
2025-07-02 18:51:58,924 [Socket Reader #10 for port 15042] INFO  ipc.Server (Server.java:run(1474)) - Starting Socket Reader #10 for port 15042
2025-07-02 18:51:58,949 [main] INFO  impl.MetricsSystemImpl (MetricsSystemImpl.java:init(158)) - OzoneManager metrics system started (again)
2025-07-02 18:51:58,963 [main] INFO  om.OzoneManager (OzoneManager.java:start(1791)) - OzoneManager RPC server is listening at localhost/127.0.0.1:15042
2025-07-02 18:51:58,963 [main] INFO  keys.KeyStorage (KeyStorage.java:readPublicKey(174)) - Reading public key from /home/runner/work/ozone/ozone/hadoop-ozone/integration-test/target/test-dir/MiniOzoneClusterImpl-ff054ab7-6da7-448f-9cae-f629f00b5e08/ozone-meta/om/keys/public.pem.
2025-07-02 18:51:58,964 [main] INFO  keys.KeyStorage (KeyStorage.java:readPrivateKey(158)) - Reading private key from /home/runner/work/ozone/ozone/hadoop-ozone/integration-test/target/test-dir/MiniOzoneClusterImpl-ff054ab7-6da7-448f-9cae-f629f00b5e08/ozone-meta/om/keys/private.pem.
2025-07-02 18:51:58,964 [main] INFO  om.OzoneManager (OzoneManager.java:startSecretManager(1240)) - Starting secret key client.
2025-07-02 18:51:58,979 [pool-2-thread-2] INFO  request.TgsRequest (TgsRequest.java:issueTicket(117)) - TGS_REQ ISSUE: authtime 1751482318979,scm/localhost@EXAMPLE.COM for scm/localhost@EXAMPLE.COM
2025-07-02 18:51:58,987 [Socket Reader #1 for port 15002] INFO  ipc.Server (Server.java:saslProcess(2290)) - Auth successful for scm/localhost@EXAMPLE.COM (auth:KERBEROS) from 127.0.0.1:33685
2025-07-02 18:51:58,994 [main] INFO  symmetric.DefaultSecretKeySignerClient (DefaultSecretKeySignerClient.java:start(83)) - Initial secret key fetched from SCM: SecretKey(id = 45b1e288-be58-412a-8e87-841ece61fad4, creation at: 2025-07-02T18:51:41.729Z, expire at: 2025-07-02T19:00:01.729Z).
2025-07-02 18:51:58,994 [main] INFO  symmetric.DefaultSecretKeySignerClient (DefaultSecretKeySignerClient.java:scheduleSecretKeyPoller(149)) - Scheduling SecretKeyPoller with initial delay of PT8M2.734176838S and interval of PT8M20S
2025-07-02 18:51:58,995 [main] INFO  om.OzoneManager (OzoneManager.java:startSecretManager(1251)) - Starting OM delegation token secret manager
2025-07-02 18:51:58,996 [main] INFO  security.OzoneDelegationTokenSecretManager (OzoneSecretManager.java:updateCurrentKey(179)) - Updated current master key for generating tokens. Cert id 5, Master key id 1
2025-07-02 18:51:58,997 [main] INFO  ratis.OzoneManagerRatisServer (OzoneManagerRatisServer.java:start(628)) - Starting OzoneManagerRatisServer om1 at port 15045
2025-07-02 18:51:58,997 [om1-ExpiredTokenRemover] INFO  security.OzoneDelegationTokenSecretManager (OzoneDelegationTokenSecretManager.java:run(645)) - Starting expired delegation token remover thread, tokenRemoverScanInterval=60 min(s)
2025-07-02 18:51:58,998 [om1-impl-thread1] INFO  storage.RaftStorageDirectory (RaftStorageDirectoryImpl.java:analyzeStorage(138)) - The storage directory /home/runner/work/ozone/ozone/hadoop-ozone/integration-test/target/test-dir/MiniOzoneClusterImpl-ff054ab7-6da7-448f-9cae-f629f00b5e08/ozone-meta/ratis/bf265839-605b-3f16-9796-c5ba1605619e does not exist. Creating ...
2025-07-02 18:51:59,000 [om1-impl-thread1] INFO  storage.RaftStorageDirectory (RaftStorageDirectoryImpl.java:tryLock(229)) - Lock on /home/runner/work/ozone/ozone/hadoop-ozone/integration-test/target/test-dir/MiniOzoneClusterImpl-ff054ab7-6da7-448f-9cae-f629f00b5e08/ozone-meta/ratis/bf265839-605b-3f16-9796-c5ba1605619e/in_use.lock acquired by nodename 59972@localhost
2025-07-02 18:51:59,002 [om1-impl-thread1] INFO  storage.RaftStorage (RaftStorageImpl.java:format(98)) - Storage directory /home/runner/work/ozone/ozone/hadoop-ozone/integration-test/target/test-dir/MiniOzoneClusterImpl-ff054ab7-6da7-448f-9cae-f629f00b5e08/ozone-meta/ratis/bf265839-605b-3f16-9796-c5ba1605619e has been successfully formatted.
2025-07-02 18:51:59,002 [om1-impl-thread1] INFO  ratis.OzoneManagerStateMachine (OzoneManagerStateMachine.java:lambda$0(138)) - om1: initialize group-C5BA1605619E with <INITIAL_VALUE>
2025-07-02 18:51:59,003 [om1-impl-thread1] INFO  server.RaftServerConfigKeys (ConfUtils.java:logGet(62)) - raft.server.log.appender.buffer.byte-limit = 4194304 (custom)
2025-07-02 18:51:59,005 [om1-impl-thread1] INFO  server.RaftServerConfigKeys (ConfUtils.java:logGet(62)) - raft.server.log.segment.size.max = 4194304 (custom)
2025-07-02 18:51:59,006 [om1-impl-thread1] INFO  server.RaftServerConfigKeys (ConfUtils.java:logGet(62)) - raft.server.log.appender.buffer.byte-limit = 4194304 (custom)
2025-07-02 18:51:59,006 [om1-impl-thread1] INFO  util.AwaitToRun (AwaitToRun.java:start(81)) - Thread[#1325,om1@group-C5BA1605619E-cacheEviction-AwaitToRun,5,main] started
2025-07-02 18:51:59,006 [om1-impl-thread1] INFO  segmented.SegmentedRaftLogWorker (SegmentedRaftLogWorker.java:<init>(190)) - new om1@group-C5BA1605619E-SegmentedRaftLogWorker for RaftStorageImpl:Storage Directory /home/runner/work/ozone/ozone/hadoop-ozone/integration-test/target/test-dir/MiniOzoneClusterImpl-ff054ab7-6da7-448f-9cae-f629f00b5e08/ozone-meta/ratis/bf265839-605b-3f16-9796-c5ba1605619e
2025-07-02 18:51:59,006 [om1-impl-thread1] INFO  server.RaftServerConfigKeys (ConfUtils.java:logGet(62)) - raft.server.log.segment.size.max = 4194304 (custom)
2025-07-02 18:51:59,007 [om1-impl-thread1] INFO  server.RaftServerConfigKeys (ConfUtils.java:logGet(62)) - raft.server.log.preallocated.size = 4194304 (custom)
2025-07-02 18:51:59,007 [om1-impl-thread1] INFO  server.RaftServerConfigKeys (ConfUtils.java:logGet(62)) - raft.server.log.write.buffer.size = 4194312 (custom)
2025-07-02 18:51:59,008 [om1-impl-thread1] INFO  server.RaftServerConfigKeys (ConfUtils.java:logGet(62)) - raft.server.log.appender.buffer.byte-limit = 4194304 (custom)
2025-07-02 18:51:59,008 [om1-impl-thread1] INFO  segmented.SegmentedRaftLogWorker (SegmentedRaftLogWorker.java:lambda$new$0(141)) - om1@group-C5BA1605619E-SegmentedRaftLogWorker: flushIndex: setUnconditionally 0 -> -1
2025-07-02 18:51:59,008 [om1-impl-thread1] INFO  segmented.SegmentedRaftLogWorker (SegmentedRaftLogWorker.java:lambda$new$0(141)) - om1@group-C5BA1605619E-SegmentedRaftLogWorker: safeCacheEvictIndex: setUnconditionally 0 -> -1
2025-07-02 18:51:59,009 [om1-impl-thread1] INFO  server.RaftServer$Division (RaftServerImpl.java:start(405)) - om1@group-C5BA1605619E: start as a follower, conf=conf: {index: -1, cur=peers:[om1|localhost:15045]|listeners:[], old=null}
2025-07-02 18:51:59,009 [om1-impl-thread1] INFO  server.RaftServer$Division (RaftServerImpl.java:setRole(392)) - om1@group-C5BA1605619E: changes role from      null to FOLLOWER at term 0 for startAsFollower
2025-07-02 18:51:59,009 [om1-impl-thread1] INFO  impl.RoleInfo (RoleInfo.java:updateAndGet(148)) - om1: start om1@group-C5BA1605619E-FollowerState
2025-07-02 18:51:59,009 [om1@group-C5BA1605619E-FollowerState] INFO  server.RaftServerConfigKeys (ConfUtils.java:logFallback(69)) - raft.server.rpc.first-election.timeout.min = 1s (fallback to raft.server.rpc.timeout.min)
2025-07-02 18:51:59,009 [om1@group-C5BA1605619E-FollowerState] INFO  server.RaftServerConfigKeys (ConfUtils.java:logFallback(69)) - raft.server.rpc.first-election.timeout.max = 1200ms (fallback to raft.server.rpc.timeout.max)
2025-07-02 18:51:59,009 [om1-impl-thread1] INFO  util.JmxRegister (JmxRegister.java:tryRegister(44)) - Successfully registered JMX Bean with object name Ratis:service=RaftServer,group=group-C5BA1605619E,id=om1
2025-07-02 18:51:59,010 [om1-impl-thread1] INFO  util.JmxRegister (JmxRegister.java:register(58)) - register mxBean class org.apache.ratis.server.impl.RaftServerJmxAdapter as Ratis:service=RaftServer,group=group-C5BA1605619E,id=om1
2025-07-02 18:51:59,010 [om1-impl-thread1] INFO  server.RaftServerConfigKeys (ConfUtils.java:logGet(62)) - raft.server.snapshot.auto.trigger.threshold = 400000 (default)
2025-07-02 18:51:59,010 [om1-impl-thread1] INFO  server.RaftServerConfigKeys (ConfUtils.java:logGet(62)) - raft.server.log.purge.upto.snapshot.index = true (custom)
2025-07-02 18:51:59,010 [om1-impl-thread1] INFO  server.RaftServer$Division (RaftServerImpl.java:start(419)) - om1@group-C5BA1605619E: Successfully started.
2025-07-02 18:51:59,011 [main] INFO  server.RaftServer (RaftServerProxy.java:startImpl(412)) - om1: start RPC server
2025-07-02 18:51:59,011 [main] INFO  server.GrpcServicesImpl (GrpcServicesImpl.java:startImpl(346)) - om1: GrpcServicesImpl started, listening on 15045
2025-07-02 18:51:59,012 [JvmPauseMonitor4] INFO  util.JvmPauseMonitor (JvmPauseMonitor.java:run(146)) - JvmPauseMonitor-om1: Started
2025-07-02 18:51:59,013 [main] INFO  om.OzoneManager (OzoneManager.java:start(1806)) - Version File has different layout version (8) than OM DB (null). That is expected if this OM has never been finalized to a newer layout version.
2025-07-02 18:51:59,020 [Socket Reader #6 for port 15007] INFO  ipc.Server (Server.java:saslProcess(2290)) - Auth successful for scm/localhost@EXAMPLE.COM (auth:KERBEROS) from 127.0.0.1:35441
2025-07-02 18:51:59,038 [main] INFO  client.ScmTopologyClient (ScmTopologyClient.java:start(70)) - Initial network topology fetched from SCM: /.
2025-07-02 18:51:59,039 [main] INFO  net.NodeSchemaLoader (NodeSchemaLoader.java:loadSchemaFromFile(128)) - Loading schema from [jar:file:/home/runner/work/ozone/ozone/hadoop-hdds/common/target/hdds-common-2.1.0-SNAPSHOT.jar!/network-topology-default.xml]
2025-07-02 18:51:59,039 [main] INFO  net.NodeSchemaLoader (NodeSchemaLoader.java:loadSchema(175)) - Loading network topology layer schema file
2025-07-02 18:51:59,046 [main] INFO  utils.BackgroundService (BackgroundService.java:start(118)) - Starting service KeyDeletingService with interval 60000 milliseconds
2025-07-02 18:51:59,049 [main] INFO  utils.BackgroundService (BackgroundService.java:start(118)) - Starting service DirectoryDeletingService with interval 120000 milliseconds
2025-07-02 18:51:59,050 [main] INFO  utils.BackgroundService (BackgroundService.java:start(118)) - Starting service OpenKeyCleanupService with interval 86400000 milliseconds
2025-07-02 18:51:59,052 [main] INFO  utils.BackgroundService (BackgroundService.java:start(118)) - Starting service SstFilteringService with interval 60000 milliseconds
2025-07-02 18:51:59,054 [main] INFO  utils.BackgroundService (BackgroundService.java:start(118)) - Starting service SnapshotDeletingService with interval 30000 milliseconds
2025-07-02 18:51:59,054 [main] INFO  utils.BackgroundService (BackgroundService.java:start(118)) - Starting service MultipartUploadCleanupService with interval 86400000 milliseconds
2025-07-02 18:51:59,057 [main] INFO  http.BaseHttpServer (BaseHttpServer.java:newHttpServer2BuilderForOzone(229)) - Starting Web-server for ozoneManager at: http://0.0.0.0:15043
2025-07-02 18:51:59,057 [main] INFO  http.BaseHttpServer (BaseHttpServer.java:<init>(107)) - Hadoop Security Enabled: true Ozone Security Enabled: true Ozone HTTP Security Enabled: false 
2025-07-02 18:51:59,059 [main] WARN  server.AuthenticationFilter (AuthenticationFilter.java:constructSecretProvider(240)) - Unable to initialize FileSignerSecretProvider, falling back to use random secrets. Reason: Could not read signature secret file: /home/runner/hadoop-http-auth-signature-secret
2025-07-02 18:51:59,063 [main] INFO  http.HttpServer2 (HttpServer2.java:addGlobalFilter(1042)) - Added global filter 'safety' (class=org.apache.hadoop.hdds.server.http.HttpServer2$QuotingInputFilter)
2025-07-02 18:51:59,064 [main] INFO  http.HttpServer2 (HttpServer2.java:addFilter(1018)) - Added filter static_user_filter (class=org.apache.hadoop.http.lib.StaticUserWebFilter$StaticUserFilter) to context ozoneManager
2025-07-02 18:51:59,064 [main] INFO  http.HttpServer2 (HttpServer2.java:addFilter(1026)) - Added filter static_user_filter (class=org.apache.hadoop.http.lib.StaticUserWebFilter$StaticUserFilter) to context static
2025-07-02 18:51:59,064 [main] INFO  http.HttpServer2 (HttpServer2.java:addFilter(1026)) - Added filter static_user_filter (class=org.apache.hadoop.http.lib.StaticUserWebFilter$StaticUserFilter) to context logs
2025-07-02 18:51:59,065 [main] INFO  http.BaseHttpServer (BaseHttpServer.java:<init>(195)) - HTTP server of ozoneManager uses base directory /home/runner/work/ozone/ozone/hadoop-ozone/integration-test/target/test-dir/MiniOzoneClusterImpl-ff054ab7-6da7-448f-9cae-f629f00b5e08/ozone-meta/webserver
2025-07-02 18:51:59,067 [main] INFO  http.HttpServer2 (HttpServer2.java:bindListener(1242)) - Jetty bound to port 15043
2025-07-02 18:51:59,067 [main] INFO  server.Server (Server.java:doStart(375)) - jetty-9.4.57.v20241219; built: 2025-01-08T21:24:30.412Z; git: df524e6b29271c2e09ba9aea83c18dc9db464a31; jvm 21.0.7+6-LTS
2025-07-02 18:51:59,069 [main] INFO  server.session (DefaultSessionIdManager.java:doStart(334)) - DefaultSessionIdManager workerName=node0
2025-07-02 18:51:59,069 [main] INFO  server.session (DefaultSessionIdManager.java:doStart(339)) - No SessionScavenger set, using defaults
2025-07-02 18:51:59,069 [main] INFO  server.session (HouseKeeper.java:startScavenging(132)) - node0 Scavenging every 600000ms
2025-07-02 18:51:59,070 [main] INFO  handler.ContextHandler (ContextHandler.java:doStart(921)) - Started o.e.j.s.ServletContextHandler@7e325a4{logs,/logs,file:///home/runner/work/ozone/ozone/hadoop-ozone/integration-test/target/log,AVAILABLE}
2025-07-02 18:51:59,070 [main] INFO  handler.ContextHandler (ContextHandler.java:doStart(921)) - Started o.e.j.s.ServletContextHandler@25245f60{static,/static,file:///home/runner/work/ozone/ozone/hadoop-ozone/integration-test/target/test-classes/webapps/static,AVAILABLE}
2025-07-02 18:51:59,075 [main] INFO  handler.ContextHandler (ContextHandler.java:doStart(921)) - Started o.e.j.w.WebAppContext@1035953{ozoneManager,/,file:///home/runner/work/ozone/ozone/hadoop-ozone/integration-test/target/test-classes/webapps/ozoneManager/,AVAILABLE}{file:/home/runner/work/ozone/ozone/hadoop-ozone/integration-test/target/test-classes/webapps/ozoneManager}
2025-07-02 18:51:59,076 [main] INFO  server.AbstractConnector (AbstractConnector.java:doStart(333)) - Started ServerConnector@62027c17{HTTP/1.1, (http/1.1)}{0.0.0.0:15043}
2025-07-02 18:51:59,076 [main] INFO  server.Server (Server.java:doStart(415)) - Started @33613ms
2025-07-02 18:51:59,076 [main] WARN  impl.MetricsSystemImpl (MetricsSystemImpl.java:register(279)) - Sink prometheus already exists!
2025-07-02 18:51:59,076 [main] INFO  http.BaseHttpServer (BaseHttpServer.java:updateConnectorAddress(359)) - HTTP server of ozoneManager listening at http://localhost:15043
2025-07-02 18:51:59,076 [IPC Server Responder] INFO  ipc.Server (Server.java:run(1713)) - IPC Server Responder: starting
2025-07-02 18:51:59,077 [IPC Server listener on 15042] INFO  ipc.Server (Server.java:run(1553)) - IPC Server listener on 15042: starting
2025-07-02 18:51:59,079 [main] INFO  om.OzoneManager (OzoneManager.java:startTrashEmptier(2261)) - Trash Interval set to 0. Files deleted won't move to trash
2025-07-02 18:51:59,150 [main] WARN  dropwizard3.Dm3MetricRegistriesImpl (Dm3MetricRegistriesImpl.java:addReporterRegistration(114)) - New reporters are added after registries were created. Some metrics will be missing from the reporter. Please add reporter before adding any new registry.
2025-07-02 18:51:59,150 [main] WARN  dropwizard3.Dm3MetricRegistriesImpl (Dm3MetricRegistriesImpl.java:addReporterRegistration(114)) - New reporters are added after registries were created. Some metrics will be missing from the reporter. Please add reporter before adding any new registry.
2025-07-02 18:51:59,150 [main] INFO  impl.MetricsSystemImpl (MetricsSystemImpl.java:init(158)) - HddsDatanode metrics system started (again)
2025-07-02 18:51:59,175 [main] INFO  protocol.DatanodeDetails (DatanodeDetails.java:validateDatanodeIpAddress(199)) - Updating IP address of datanode a1153de0-65c4-400c-ae9f-71c02a590f14(localhost/null) to 127.0.0.1
2025-07-02 18:51:59,175 [main] INFO  ozone.HddsDatanodeService (HddsDatanodeService.java:start(236)) - HddsDatanodeService a1153de0-65c4-400c-ae9f-71c02a590f14(localhost/127.0.0.1)
2025-07-02 18:51:59,176 [main] INFO  ozone.HddsDatanodeService (HddsDatanodeService.java:start(244)) - Ozone security is enabled. Attempting login for Hdds Datanode user. Principal: scm/localhost@EXAMPLE.COM,keytab: /tmp/junit-10327053630116807253/scm.keytab
2025-07-02 18:51:59,186 [pool-2-thread-2] INFO  request.KdcRequest (KdcRequest.java:preauth(683)) - The preauth data is empty.
2025-07-02 18:51:59,187 [pool-2-thread-2] INFO  server.KdcHandler (KdcHandler.java:handleRecoverableException(177)) - KRB error occurred while processing request: Additional pre-authentication required
2025-07-02 18:51:59,191 [pool-2-thread-2] INFO  request.AsRequest (AsRequest.java:issueTicket(112)) - AS_REQ ISSUE: authtime 1751482319191,scm/localhost@EXAMPLE.COM for krbtgt/EXAMPLE.COM@EXAMPLE.COM
2025-07-02 18:51:59,193 [main] INFO  security.UserGroupInformation (UserGroupInformation.java:loginUserFromKeytab(1143)) - Login successful for user scm/localhost@EXAMPLE.COM using keytab file scm.keytab. Keytab auto renewal enabled : false
2025-07-02 18:51:59,193 [main] INFO  ozone.HddsDatanodeService (HddsDatanodeService.java:start(262)) - Hdds Datanode login successful.
2025-07-02 18:51:59,197 [main] INFO  ozone.HddsDatanodeService (HddsDatanodeService.java:initializeCertificateClient(394)) - Initializing secure Datanode.
2025-07-02 18:51:59,199 [main] INFO  ha.SCMNodeInfo (SCMNodeInfo.java:getPort(197)) - ConfigKey ozone.scm.client.address is deprecated, For configuring different ports for each SCM use PortConfigKey ozone.scm.client.port appended with serviceId and nodeId
2025-07-02 18:51:59,200 [main] INFO  ha.SCMNodeInfo (SCMNodeInfo.java:getPort(197)) - ConfigKey ozone.scm.block.client.address is deprecated, For configuring different ports for each SCM use PortConfigKey ozone.scm.block.client.port appended with serviceId and nodeId
2025-07-02 18:51:59,200 [main] INFO  ha.SCMNodeInfo (SCMNodeInfo.java:getPort(197)) - ConfigKey ozone.scm.security.service.address is deprecated, For configuring different ports for each SCM use PortConfigKey ozone.scm.security.service.port appended with serviceId and nodeId
2025-07-02 18:51:59,200 [main] INFO  ha.SCMNodeInfo (SCMNodeInfo.java:getPort(197)) - ConfigKey ozone.scm.datanode.address is deprecated, For configuring different ports for each SCM use PortConfigKey ozone.scm.datanode.port appended with serviceId and nodeId
2025-07-02 18:51:59,200 [main] INFO  ha.SCMNodeInfo (SCMNodeInfo.java:getPort(197)) - ConfigKey ozone.scm.client.address is deprecated, For configuring different ports for each SCM use PortConfigKey ozone.scm.client.port appended with serviceId and nodeId
2025-07-02 18:51:59,200 [main] INFO  ha.SCMNodeInfo (SCMNodeInfo.java:getPort(197)) - ConfigKey ozone.scm.block.client.address is deprecated, For configuring different ports for each SCM use PortConfigKey ozone.scm.block.client.port appended with serviceId and nodeId
2025-07-02 18:51:59,200 [main] INFO  ha.SCMNodeInfo (SCMNodeInfo.java:getPort(197)) - ConfigKey ozone.scm.security.service.address is deprecated, For configuring different ports for each SCM use PortConfigKey ozone.scm.security.service.port appended with serviceId and nodeId
2025-07-02 18:51:59,200 [main] INFO  ha.SCMNodeInfo (SCMNodeInfo.java:getPort(197)) - ConfigKey ozone.scm.datanode.address is deprecated, For configuring different ports for each SCM use PortConfigKey ozone.scm.datanode.port appended with serviceId and nodeId
2025-07-02 18:51:59,201 [main] INFO  ha.SCMNodeInfo (SCMNodeInfo.java:getPort(197)) - ConfigKey ozone.scm.client.address is deprecated, For configuring different ports for each SCM use PortConfigKey ozone.scm.client.port appended with serviceId and nodeId
2025-07-02 18:51:59,201 [main] INFO  ha.SCMNodeInfo (SCMNodeInfo.java:getPort(197)) - ConfigKey ozone.scm.block.client.address is deprecated, For configuring different ports for each SCM use PortConfigKey ozone.scm.block.client.port appended with serviceId and nodeId
2025-07-02 18:51:59,201 [main] INFO  ha.SCMNodeInfo (SCMNodeInfo.java:getPort(197)) - ConfigKey ozone.scm.security.service.address is deprecated, For configuring different ports for each SCM use PortConfigKey ozone.scm.security.service.port appended with serviceId and nodeId
2025-07-02 18:51:59,201 [main] INFO  ha.SCMNodeInfo (SCMNodeInfo.java:getPort(197)) - ConfigKey ozone.scm.datanode.address is deprecated, For configuring different ports for each SCM use PortConfigKey ozone.scm.datanode.port appended with serviceId and nodeId
2025-07-02 18:51:59,201 [main] INFO  proxy.SCMSecurityProtocolFailoverProxyProvider (SCMFailoverProxyProviderBase.java:<init>(120)) - Created fail-over proxy for protocol SCMSecurityProtocolPB with 3 nodes: [nodeId=scmNode-2,nodeAddress=/127.0.0.1:15010, nodeId=scmNode-3,nodeAddress=/127.0.0.1:15018, nodeId=scmNode-1,nodeAddress=/127.0.0.1:15002]
2025-07-02 18:51:59,202 [main] INFO  client.DNCertificateClient (DefaultCertificateClient.java:updateCertSerialId(1289)) - Certificate serial ID set to null
2025-07-02 18:51:59,202 [main] ERROR client.DNCertificateClient (DefaultCertificateClient.java:getCertPath(373)) - Default certificate serial id is not set. Can't locate the default certificate for this client.
2025-07-02 18:51:59,203 [main] INFO  client.DNCertificateClient (DefaultCertificateClient.java:init(717)) - Certificate client init case: 0
2025-07-02 18:51:59,203 [main] INFO  client.DNCertificateClient (DefaultCertificateClient.java:handleCase(735)) - Creating keypair for client as keypair and certificate not found.
2025-07-02 18:51:59,324 [main] INFO  keys.KeyStorage (KeyStorage.java:storePublicKey(210)) - Storing public key to /home/runner/work/ozone/ozone/hadoop-ozone/integration-test/target/test-dir/MiniOzoneClusterImpl-ff054ab7-6da7-448f-9cae-f629f00b5e08/ozone-meta/datanode-1/meta/dn/keys/public.pem.
2025-07-02 18:51:59,325 [main] INFO  keys.KeyStorage (KeyStorage.java:storePrivateKey(194)) - Storing private key to /home/runner/work/ozone/ozone/hadoop-ozone/integration-test/target/test-dir/MiniOzoneClusterImpl-ff054ab7-6da7-448f-9cae-f629f00b5e08/ozone-meta/datanode-1/meta/dn/keys/private.pem.
2025-07-02 18:51:59,326 [main] INFO  client.DNCertificateClient (DefaultCertificateClient.java:recoverStateIfNeeded(796)) - Init response: GETCERT
2025-07-02 18:51:59,326 [main] INFO  ozone.OzoneSecurityUtil (OzoneSecurityUtil.java:getValidInetsForCurrentHost(116)) - ip:fe80:0:0:0:6245:bdff:fe08:d43d%eth0 not returned.
2025-07-02 18:51:59,326 [main] INFO  ozone.OzoneSecurityUtil (OzoneSecurityUtil.java:getValidInetsForCurrentHost(113)) - Adding ip:10.1.0.106,host:fv-az1288-434.bguu2zduscdebcqflrovc1mhjh.dx.internal.cloudapp.net
2025-07-02 18:51:59,327 [main] INFO  ozone.OzoneSecurityUtil (OzoneSecurityUtil.java:getValidInetsForCurrentHost(116)) - ip:0:0:0:0:0:0:0:1%lo not returned.
2025-07-02 18:51:59,327 [main] INFO  ozone.OzoneSecurityUtil (OzoneSecurityUtil.java:getValidInetsForCurrentHost(116)) - ip:127.0.0.1 not returned.
2025-07-02 18:51:59,327 [main] INFO  client.DNCertificateClient (DNCertificateClient.java:configureCSRBuilder(82)) - Created csr for DN-> subject:scm@localhost
2025-07-02 18:51:59,375 [pool-2-thread-2] INFO  request.TgsRequest (TgsRequest.java:issueTicket(117)) - TGS_REQ ISSUE: authtime 1751482319372,scm/localhost@EXAMPLE.COM for scm/localhost@EXAMPLE.COM
2025-07-02 18:51:59,386 [Socket Reader #1 for port 15002] INFO  ipc.Server (Server.java:saslProcess(2290)) - Auth successful for scm/localhost@EXAMPLE.COM (auth:KERBEROS) from 127.0.0.1:39431
2025-07-02 18:51:59,391 [IPC Server handler 0 on default port 15002] INFO  server.SCMSecurityProtocolServer (SCMSecurityProtocolServer.java:getDataNodeCertificate(183)) - Processing CSR for dn localhost, UUID: a1153de0-65c4-400c-ae9f-71c02a590f14
2025-07-02 18:51:59,403 [4680a024-3a59-4e75-8ac7-1755b08d3543@group-F629F00B5E08-StateMachineUpdater] INFO  safemode.SCMSafeModeManager (SCMSafeModeManager.java:validateSafeModeExitRules(139)) - RatisContainerSafeModeRule rule is successfully validated
2025-07-02 18:51:59,404 [4680a024-3a59-4e75-8ac7-1755b08d3543@group-F629F00B5E08-StateMachineUpdater] INFO  safemode.HealthyPipelineSafeModeRule (HealthyPipelineSafeModeRule.java:initializeRule(228)) - Refreshed total pipeline count is 0, healthy pipeline threshold count is 1
2025-07-02 18:51:59,404 [4680a024-3a59-4e75-8ac7-1755b08d3543@group-F629F00B5E08-StateMachineUpdater] INFO  safemode.SCMSafeModeManager (SCMSafeModeManager.java:validateSafeModeExitRules(139)) - ECContainerSafeModeRule rule is successfully validated
2025-07-02 18:51:59,404 [4680a024-3a59-4e75-8ac7-1755b08d3543@group-F629F00B5E08-StateMachineUpdater] INFO  safemode.SCMSafeModeManager (SCMSafeModeManager.java:validateSafeModeExitRules(139)) - AtleastOneDatanodeReportedRule rule is successfully validated
2025-07-02 18:51:59,405 [ca181966-e7f6-4c77-8344-65416d18d1f8@group-F629F00B5E08-StateMachineUpdater] INFO  safemode.SCMSafeModeManager (SCMSafeModeManager.java:validateSafeModeExitRules(139)) - RatisContainerSafeModeRule rule is successfully validated
2025-07-02 18:51:59,405 [ca181966-e7f6-4c77-8344-65416d18d1f8@group-F629F00B5E08-StateMachineUpdater] INFO  safemode.HealthyPipelineSafeModeRule (HealthyPipelineSafeModeRule.java:initializeRule(228)) - Refreshed total pipeline count is 0, healthy pipeline threshold count is 1
2025-07-02 18:51:59,406 [ca181966-e7f6-4c77-8344-65416d18d1f8@group-F629F00B5E08-StateMachineUpdater] INFO  safemode.SCMSafeModeManager (SCMSafeModeManager.java:validateSafeModeExitRules(139)) - ECContainerSafeModeRule rule is successfully validated
2025-07-02 18:51:59,406 [ca181966-e7f6-4c77-8344-65416d18d1f8@group-F629F00B5E08-StateMachineUpdater] INFO  safemode.SCMSafeModeManager (SCMSafeModeManager.java:validateSafeModeExitRules(139)) - AtleastOneDatanodeReportedRule rule is successfully validated
2025-07-02 18:51:59,406 [0570d27e-7557-449b-949c-3e7f7fc57b05@group-F629F00B5E08-StateMachineUpdater] INFO  safemode.SCMSafeModeManager (SCMSafeModeManager.java:validateSafeModeExitRules(139)) - RatisContainerSafeModeRule rule is successfully validated
2025-07-02 18:51:59,408 [0570d27e-7557-449b-949c-3e7f7fc57b05@group-F629F00B5E08-StateMachineUpdater] INFO  safemode.HealthyPipelineSafeModeRule (HealthyPipelineSafeModeRule.java:initializeRule(228)) - Refreshed total pipeline count is 0, healthy pipeline threshold count is 1
2025-07-02 18:51:59,408 [0570d27e-7557-449b-949c-3e7f7fc57b05@group-F629F00B5E08-StateMachineUpdater] INFO  safemode.SCMSafeModeManager (SCMSafeModeManager.java:validateSafeModeExitRules(139)) - ECContainerSafeModeRule rule is successfully validated
2025-07-02 18:51:59,408 [0570d27e-7557-449b-949c-3e7f7fc57b05@group-F629F00B5E08-StateMachineUpdater] INFO  safemode.SCMSafeModeManager (SCMSafeModeManager.java:validateSafeModeExitRules(139)) - AtleastOneDatanodeReportedRule rule is successfully validated
2025-07-02 18:51:59,408 [IPC Server handler 0 on default port 15002] INFO  ha.SequenceIdGenerator (SequenceIdGenerator.java:getNextId(135)) - Allocate a batch for CertificateId, change lastId from 5 to 6.
2025-07-02 18:51:59,411 [IPC Server handler 0 on default port 15002] INFO  keys.KeyStorage (KeyStorage.java:readPrivateKey(158)) - Reading private key from /home/runner/work/ozone/ozone/hadoop-ozone/integration-test/target/test-dir/MiniOzoneClusterImpl-ff054ab7-6da7-448f-9cae-f629f00b5e08/scmNode-1/scm/sub-ca/keys/private.pem.
2025-07-02 18:51:59,416 [IPC Server handler 0 on default port 15002] INFO  authority.DefaultApprover (DefaultApprover.java:sign(171)) - Extensions in CSR: 2.5.29.15, 2.5.29.17
2025-07-02 18:51:59,416 [IPC Server handler 0 on default port 15002] INFO  authority.DefaultApprover (DefaultApprover.java:sign(175)) - Extensions to add to the certificate if they present in CSR: 2.5.29.15, 2.5.29.17, 2.5.29.35, 2.5.29.37, 2.5.29.19, 1.3.6.1.5.5.7.1.12
2025-07-02 18:51:59,447 [ca181966-e7f6-4c77-8344-65416d18d1f8@group-F629F00B5E08-StateMachineUpdater] INFO  safemode.SCMSafeModeManager (SCMSafeModeManager.java:validateSafeModeExitRules(139)) - RatisContainerSafeModeRule rule is successfully validated
2025-07-02 18:51:59,447 [ca181966-e7f6-4c77-8344-65416d18d1f8@group-F629F00B5E08-StateMachineUpdater] INFO  safemode.HealthyPipelineSafeModeRule (HealthyPipelineSafeModeRule.java:initializeRule(228)) - Refreshed total pipeline count is 0, healthy pipeline threshold count is 1
2025-07-02 18:51:59,448 [ca181966-e7f6-4c77-8344-65416d18d1f8@group-F629F00B5E08-StateMachineUpdater] INFO  safemode.SCMSafeModeManager (SCMSafeModeManager.java:validateSafeModeExitRules(139)) - ECContainerSafeModeRule rule is successfully validated
2025-07-02 18:51:59,448 [ca181966-e7f6-4c77-8344-65416d18d1f8@group-F629F00B5E08-StateMachineUpdater] INFO  safemode.SCMSafeModeManager (SCMSafeModeManager.java:validateSafeModeExitRules(139)) - AtleastOneDatanodeReportedRule rule is successfully validated
2025-07-02 18:51:59,451 [0570d27e-7557-449b-949c-3e7f7fc57b05@group-F629F00B5E08-StateMachineUpdater] INFO  safemode.SCMSafeModeManager (SCMSafeModeManager.java:validateSafeModeExitRules(139)) - RatisContainerSafeModeRule rule is successfully validated
2025-07-02 18:51:59,452 [0570d27e-7557-449b-949c-3e7f7fc57b05@group-F629F00B5E08-StateMachineUpdater] INFO  safemode.HealthyPipelineSafeModeRule (HealthyPipelineSafeModeRule.java:initializeRule(228)) - Refreshed total pipeline count is 0, healthy pipeline threshold count is 1
2025-07-02 18:51:59,452 [0570d27e-7557-449b-949c-3e7f7fc57b05@group-F629F00B5E08-StateMachineUpdater] INFO  safemode.SCMSafeModeManager (SCMSafeModeManager.java:validateSafeModeExitRules(139)) - ECContainerSafeModeRule rule is successfully validated
2025-07-02 18:51:59,452 [0570d27e-7557-449b-949c-3e7f7fc57b05@group-F629F00B5E08-StateMachineUpdater] INFO  safemode.SCMSafeModeManager (SCMSafeModeManager.java:validateSafeModeExitRules(139)) - AtleastOneDatanodeReportedRule rule is successfully validated
2025-07-02 18:51:59,452 [4680a024-3a59-4e75-8ac7-1755b08d3543@group-F629F00B5E08-StateMachineUpdater] INFO  safemode.SCMSafeModeManager (SCMSafeModeManager.java:validateSafeModeExitRules(139)) - RatisContainerSafeModeRule rule is successfully validated
2025-07-02 18:51:59,452 [4680a024-3a59-4e75-8ac7-1755b08d3543@group-F629F00B5E08-StateMachineUpdater] INFO  safemode.HealthyPipelineSafeModeRule (HealthyPipelineSafeModeRule.java:initializeRule(228)) - Refreshed total pipeline count is 0, healthy pipeline threshold count is 1
2025-07-02 18:51:59,452 [4680a024-3a59-4e75-8ac7-1755b08d3543@group-F629F00B5E08-StateMachineUpdater] INFO  safemode.SCMSafeModeManager (SCMSafeModeManager.java:validateSafeModeExitRules(139)) - ECContainerSafeModeRule rule is successfully validated
2025-07-02 18:51:59,452 [4680a024-3a59-4e75-8ac7-1755b08d3543@group-F629F00B5E08-StateMachineUpdater] INFO  safemode.SCMSafeModeManager (SCMSafeModeManager.java:validateSafeModeExitRules(139)) - AtleastOneDatanodeReportedRule rule is successfully validated
2025-07-02 18:51:59,483 [main] INFO  utils.CertificateCodec (CertificateCodec.java:writeCertificate(241)) - Save certificate to /home/runner/work/ozone/ozone/hadoop-ozone/integration-test/target/test-dir/MiniOzoneClusterImpl-ff054ab7-6da7-448f-9cae-f629f00b5e08/ozone-meta/datanode-1/meta/dn/certs/6.crt
2025-07-02 18:51:59,483 [main] INFO  utils.CertificateCodec (CertificateCodec.java:writeCertificate(242)) - Certificate -----BEGIN CERTIFICATE-----
MIID6zCCAtOgAwIBAgIBBjANBgkqhkiG9w0BAQsFADCBhjEaMBgGA1UEAwwRc2Nt
LXN1YkBsb2NhbGhvc3QxLTArBgNVBAsMJDA1NzBkMjdlLTc1NTctNDQ5Yi05NDlj
LTNlN2Y3ZmM1N2IwNTEtMCsGA1UECgwkZmYwNTRhYjctNmRhNy00NDhmLTljYWUt
ZjYyOWYwMGI1ZTA4MQowCAYDVQQFEwEyMB4XDTI1MDcwMjE4NTE1OVoXDTI2MDcw
MjE4NTE1OVowgYIxFjAUBgNVBAMMDXNjbUBsb2NhbGhvc3QxLTArBgNVBAsMJDA1
NzBkMjdlLTc1NTctNDQ5Yi05NDljLTNlN2Y3ZmM1N2IwNTEtMCsGA1UECgwkZmYw
NTRhYjctNmRhNy00NDhmLTljYWUtZjYyOWYwMGI1ZTA4MQowCAYDVQQFEwE2MIIB
IjANBgkqhkiG9w0BAQEFAAOCAQ8AMIIBCgKCAQEA1FVqNIET6o7Vw1Uf1VvWMSr0
zllEKoZgEF+Fc+uozTwLZaQUGBHyYcSMzNZMVcXwiku50mJvEf2K1xNrfRTQu2Bk
orwkIbfGq0abto8Bp+tbbISVFmxCKAsE9JrM5Dy7reqbtd+4NhMpF51v+Enm/aXR
Tge3S+rM58KP45Nl+OiZ3z93S44PagfSzB77o1Q+oXDSjMvYR6KqS2Sh0dJ2751B
/3n0idsu8U5TK8Ul82Ep/aHFAbIgWLDJoydDGVgCzbP8+gaAzqecWxjoBejwiX+7
Epyl7eWbeN4xvJ22pHUt9n7Pva2oaWL3c05wf717pJk2yK4s+7tDEK6gpY90gQID
AQABo2YwZDAOBgNVHQ8BAf8EBAMCA7gwUgYDVR0RBEswSYcECgEAaoJBZnYtYXox
Mjg4LTQzNC5iZ3V1MnpkdXNjZGViY3FmbHJvdmMxbWhqaC5keC5pbnRlcm5hbC5j
bG91ZGFwcC5uZXQwDQYJKoZIhvcNAQELBQADggEBAHvudmZiV7LFng22Y4tZ3VKh
NkNAPOtdKv2G+ZYfAKmWC8OqhIezM95uZHbohkVEChtgl16EHGTuH0NW2fr2z5fh
KZT7z+VRm1gVM7r5zogzNMlqmdiXpDoGKGE7o2kumY2SacDLe83xtGd6Q/ItvDDn
JTJ907/OMruEKnz3FN+syiZi99uQHWopmHRNCfnc74WEcyOlIrVRneCwDco9t5A5
f89XdwYGOzB0uNlrljm8PDB9ZlEntjUbjkXi02oJzisjMC4b6julSruVim8CqUU7
6rMfEQ6Xz8Jz3+mb7NEZkBfeDrrcOFIEB5np5FNy6Xn3fjmtiMGBoI0UWSeOFs4=
-----END CERTIFICATE-----

-----BEGIN CERTIFICATE-----
MIID/DCCAuSgAwIBAgIBAjANBgkqhkiG9w0BAQsFADCBgjEWMBQGA1UEAwwNc2Nt
QGxvY2FsaG9zdDEtMCsGA1UECwwkMDU3MGQyN2UtNzU1Ny00NDliLTk0OWMtM2U3
ZjdmYzU3YjA1MS0wKwYDVQQKDCRmZjA1NGFiNy02ZGE3LTQ0OGYtOWNhZS1mNjI5
ZjAwYjVlMDgxCjAIBgNVBAUTATEwHhcNMjUwNzAyMTg1MTI4WhcNMzAwODEwMTg1
MTI4WjCBhjEaMBgGA1UEAwwRc2NtLXN1YkBsb2NhbGhvc3QxLTArBgNVBAsMJDA1
NzBkMjdlLTc1NTctNDQ5Yi05NDljLTNlN2Y3ZmM1N2IwNTEtMCsGA1UECgwkZmYw
NTRhYjctNmRhNy00NDhmLTljYWUtZjYyOWYwMGI1ZTA4MQowCAYDVQQFEwEyMIIB
IjANBgkqhkiG9w0BAQEFAAOCAQ8AMIIBCgKCAQEAlDoRuvgTeOPS68znKRopUqVH
hyqDahQNHLuVix6BTD7/At4x7Odm3SKHf7lDkp7LJs8NB1fo4lco7HyqomhoUtuu
CrvLBZh2NEpsU2snEFYCHmdMgep/UAV8GpDlzlsvKbGQwyGd3r6/7FGbgCRQ8hEb
LLWIL9247dOOVG8EXn5O7Zahb62UGnhN79W4o41GBwebW7mgDRtqZWTAYzziJq2A
zkqb9Yq2tFwTNSwr9ojFFeUGINeqv0GKJlDdV4dPcNp0bJw7yjn0owtmOs2TjrGz
gOD0ewyaHCfEmVqt5cR3m5VnDnoVQK0D2mjwC7MKBGQNtnTOpLpjIq0voNYs8wID
AQABo3cwdTAOBgNVHQ8BAf8EBAMCAb4wUgYDVR0RBEswSYcECgEAaoJBZnYtYXox
Mjg4LTQzNC5iZ3V1MnpkdXNjZGViY3FmbHJvdmMxbWhqaC5keC5pbnRlcm5hbC5j
bG91ZGFwcC5uZXQwDwYDVR0TAQH/BAUwAwEB/zANBgkqhkiG9w0BAQsFAAOCAQEA
w3Jqtgfd2n31pVxYV5sCmcCKQiebQ3ebpFQXsVbHLToPQPvVaYG4JHsXmGMuSJFH
DR9kuCcWmNMaZzr3W/vUz1eJXWFzaa0sJLzxIgGSjiJNkkIXMBPds74zoU4uJ0rl
ndOuankSdj22uQl33JamK+haZvVWKgL3jOV/4SMXPc0wSUOU0CiUS65d3UYDR9Hy
HJS+NOS/dBM07S+AO5EZumdrSbdRRo+ldH0XtsVKcryrXgJEQe1ZgqbJ57b1DBsa
l6G38GvWjsMSvDSCbEw8YyPP4wnEFHB+qX9mjAhcvuyxJZ2Qic1tZmJHdFqCrEjS
K+j0A+dzA0yMXlAlpfjcoQ==
-----END CERTIFICATE-----

-----BEGIN CERTIFICATE-----
MIID+DCCAuCgAwIBAgIBATANBgkqhkiG9w0BAQsFADCBgjEWMBQGA1UEAwwNc2Nt
QGxvY2FsaG9zdDEtMCsGA1UECwwkMDU3MGQyN2UtNzU1Ny00NDliLTk0OWMtM2U3
ZjdmYzU3YjA1MS0wKwYDVQQKDCRmZjA1NGFiNy02ZGE3LTQ0OGYtOWNhZS1mNjI5
ZjAwYjVlMDgxCjAIBgNVBAUTATEwHhcNMjUwNzAyMTg1MTI4WhcNMzAwODEwMTg1
MTI4WjCBgjEWMBQGA1UEAwwNc2NtQGxvY2FsaG9zdDEtMCsGA1UECwwkMDU3MGQy
N2UtNzU1Ny00NDliLTk0OWMtM2U3ZjdmYzU3YjA1MS0wKwYDVQQKDCRmZjA1NGFi
Ny02ZGE3LTQ0OGYtOWNhZS1mNjI5ZjAwYjVlMDgxCjAIBgNVBAUTATEwggEiMA0G
CSqGSIb3DQEBAQUAA4IBDwAwggEKAoIBAQDSOHDH15CZsZYmQ3wfdwmh8mSpyVHk
1uULzHKGB/g5GGl37+OOp8iwkJLXTlAVXPRdX/eMWXGqHq7zuYuhOYb3NcUXI4Sr
FmzzcFLtdU3aNQLis6kSEpgMXmDh1YJrwEaC92Hi1rjos0Bi5YOzGA5Bg8goo/Hg
UZZMiVGPNf24RlbEnqvLvqle4VvvYXwEcVXtdGKF9zLr2aitH1U6aVlHp69HYltc
Cn+TKtEiTFwBnZhArY+ppxsEe8oiXT0rB4mhdgertPk4tf/HTtw0lS7TXTI8aBC1
duiKXPAepLzbRGPe3cEEvCPCAkWyeBDknjTVCX3rITXm8oOfqMP9d/XbAgMBAAGj
dzB1MA8GA1UdEwEB/wQFMAMBAf8wDgYDVR0PAQH/BAQDAgEGMFIGA1UdEQRLMEmH
BAoBAGqCQWZ2LWF6MTI4OC00MzQuYmd1dTJ6ZHVzY2RlYmNxZmxyb3ZjMW1oamgu
ZHguaW50ZXJuYWwuY2xvdWRhcHAubmV0MA0GCSqGSIb3DQEBCwUAA4IBAQAFYWuU
DGLCxzWqlISKSJkp+GzwpSuGbvbGP9EImQNRYo00OYVsuKp5S+21u0LEKwtPDzIX
qEmjZD72b/At4ZtASAIlFCTtD2lOSLR+jC/k4WNQ3Qi9GXq8L6fwO5n4beoeX7dK
igE9ppwYPTljSrabdadG46EsxPm33y2TsV+9F+AHILamSLKtcfLzj4exd3wawGpv
egolczxu7mwSj6J5TP+m2LcP9uxqg/QIa6i5uD/dVduxkPkoQ7cY/+uOMdWWFg+0
2ngy8j05z1Y4SJCO/HB+1b53O4dAoX/BotgBjGwbRSNVA4LMenALIXLWa0yivRFf
ag9T/4oGtYfovUKc
-----END CERTIFICATE-----

2025-07-02 18:51:59,484 [main] INFO  utils.CertificateCodec (CertificateCodec.java:writeCertificate(241)) - Save certificate to /home/runner/work/ozone/ozone/hadoop-ozone/integration-test/target/test-dir/MiniOzoneClusterImpl-ff054ab7-6da7-448f-9cae-f629f00b5e08/ozone-meta/datanode-1/meta/dn/certs/CA-2.crt
2025-07-02 18:51:59,486 [main] INFO  utils.CertificateCodec (CertificateCodec.java:writeCertificate(242)) - Certificate -----BEGIN CERTIFICATE-----
MIID/DCCAuSgAwIBAgIBAjANBgkqhkiG9w0BAQsFADCBgjEWMBQGA1UEAwwNc2Nt
QGxvY2FsaG9zdDEtMCsGA1UECwwkMDU3MGQyN2UtNzU1Ny00NDliLTk0OWMtM2U3
ZjdmYzU3YjA1MS0wKwYDVQQKDCRmZjA1NGFiNy02ZGE3LTQ0OGYtOWNhZS1mNjI5
ZjAwYjVlMDgxCjAIBgNVBAUTATEwHhcNMjUwNzAyMTg1MTI4WhcNMzAwODEwMTg1
MTI4WjCBhjEaMBgGA1UEAwwRc2NtLXN1YkBsb2NhbGhvc3QxLTArBgNVBAsMJDA1
NzBkMjdlLTc1NTctNDQ5Yi05NDljLTNlN2Y3ZmM1N2IwNTEtMCsGA1UECgwkZmYw
NTRhYjctNmRhNy00NDhmLTljYWUtZjYyOWYwMGI1ZTA4MQowCAYDVQQFEwEyMIIB
IjANBgkqhkiG9w0BAQEFAAOCAQ8AMIIBCgKCAQEAlDoRuvgTeOPS68znKRopUqVH
hyqDahQNHLuVix6BTD7/At4x7Odm3SKHf7lDkp7LJs8NB1fo4lco7HyqomhoUtuu
CrvLBZh2NEpsU2snEFYCHmdMgep/UAV8GpDlzlsvKbGQwyGd3r6/7FGbgCRQ8hEb
LLWIL9247dOOVG8EXn5O7Zahb62UGnhN79W4o41GBwebW7mgDRtqZWTAYzziJq2A
zkqb9Yq2tFwTNSwr9ojFFeUGINeqv0GKJlDdV4dPcNp0bJw7yjn0owtmOs2TjrGz
gOD0ewyaHCfEmVqt5cR3m5VnDnoVQK0D2mjwC7MKBGQNtnTOpLpjIq0voNYs8wID
AQABo3cwdTAOBgNVHQ8BAf8EBAMCAb4wUgYDVR0RBEswSYcECgEAaoJBZnYtYXox
Mjg4LTQzNC5iZ3V1MnpkdXNjZGViY3FmbHJvdmMxbWhqaC5keC5pbnRlcm5hbC5j
bG91ZGFwcC5uZXQwDwYDVR0TAQH/BAUwAwEB/zANBgkqhkiG9w0BAQsFAAOCAQEA
w3Jqtgfd2n31pVxYV5sCmcCKQiebQ3ebpFQXsVbHLToPQPvVaYG4JHsXmGMuSJFH
DR9kuCcWmNMaZzr3W/vUz1eJXWFzaa0sJLzxIgGSjiJNkkIXMBPds74zoU4uJ0rl
ndOuankSdj22uQl33JamK+haZvVWKgL3jOV/4SMXPc0wSUOU0CiUS65d3UYDR9Hy
HJS+NOS/dBM07S+AO5EZumdrSbdRRo+ldH0XtsVKcryrXgJEQe1ZgqbJ57b1DBsa
l6G38GvWjsMSvDSCbEw8YyPP4wnEFHB+qX9mjAhcvuyxJZ2Qic1tZmJHdFqCrEjS
K+j0A+dzA0yMXlAlpfjcoQ==
-----END CERTIFICATE-----

-----BEGIN CERTIFICATE-----
MIID+DCCAuCgAwIBAgIBATANBgkqhkiG9w0BAQsFADCBgjEWMBQGA1UEAwwNc2Nt
QGxvY2FsaG9zdDEtMCsGA1UECwwkMDU3MGQyN2UtNzU1Ny00NDliLTk0OWMtM2U3
ZjdmYzU3YjA1MS0wKwYDVQQKDCRmZjA1NGFiNy02ZGE3LTQ0OGYtOWNhZS1mNjI5
ZjAwYjVlMDgxCjAIBgNVBAUTATEwHhcNMjUwNzAyMTg1MTI4WhcNMzAwODEwMTg1
MTI4WjCBgjEWMBQGA1UEAwwNc2NtQGxvY2FsaG9zdDEtMCsGA1UECwwkMDU3MGQy
N2UtNzU1Ny00NDliLTk0OWMtM2U3ZjdmYzU3YjA1MS0wKwYDVQQKDCRmZjA1NGFi
Ny02ZGE3LTQ0OGYtOWNhZS1mNjI5ZjAwYjVlMDgxCjAIBgNVBAUTATEwggEiMA0G
CSqGSIb3DQEBAQUAA4IBDwAwggEKAoIBAQDSOHDH15CZsZYmQ3wfdwmh8mSpyVHk
1uULzHKGB/g5GGl37+OOp8iwkJLXTlAVXPRdX/eMWXGqHq7zuYuhOYb3NcUXI4Sr
FmzzcFLtdU3aNQLis6kSEpgMXmDh1YJrwEaC92Hi1rjos0Bi5YOzGA5Bg8goo/Hg
UZZMiVGPNf24RlbEnqvLvqle4VvvYXwEcVXtdGKF9zLr2aitH1U6aVlHp69HYltc
Cn+TKtEiTFwBnZhArY+ppxsEe8oiXT0rB4mhdgertPk4tf/HTtw0lS7TXTI8aBC1
duiKXPAepLzbRGPe3cEEvCPCAkWyeBDknjTVCX3rITXm8oOfqMP9d/XbAgMBAAGj
dzB1MA8GA1UdEwEB/wQFMAMBAf8wDgYDVR0PAQH/BAQDAgEGMFIGA1UdEQRLMEmH
BAoBAGqCQWZ2LWF6MTI4OC00MzQuYmd1dTJ6ZHVzY2RlYmNxZmxyb3ZjMW1oamgu
ZHguaW50ZXJuYWwuY2xvdWRhcHAubmV0MA0GCSqGSIb3DQEBCwUAA4IBAQAFYWuU
DGLCxzWqlISKSJkp+GzwpSuGbvbGP9EImQNRYo00OYVsuKp5S+21u0LEKwtPDzIX
qEmjZD72b/At4ZtASAIlFCTtD2lOSLR+jC/k4WNQ3Qi9GXq8L6fwO5n4beoeX7dK
igE9ppwYPTljSrabdadG46EsxPm33y2TsV+9F+AHILamSLKtcfLzj4exd3wawGpv
egolczxu7mwSj6J5TP+m2LcP9uxqg/QIa6i5uD/dVduxkPkoQ7cY/+uOMdWWFg+0
2ngy8j05z1Y4SJCO/HB+1b53O4dAoX/BotgBjGwbRSNVA4LMenALIXLWa0yivRFf
ag9T/4oGtYfovUKc
-----END CERTIFICATE-----

2025-07-02 18:51:59,487 [IPC Server handler 1 on default port 15002] INFO  client.SCMCertificateClient (DefaultCertificateClient.java:getAllRootCaCerts(971)) - scm/sub-ca has 0 Root CA certificates
2025-07-02 18:51:59,487 [IPC Server handler 1 on default port 15002] INFO  client.SCMCertificateClient (DefaultCertificateClient.java:getAllCaCerts(979)) - scm/sub-ca has 1 CA certificates
2025-07-02 18:51:59,489 [main] INFO  utils.CertificateCodec (CertificateCodec.java:writeCertificate(241)) - Save certificate to /home/runner/work/ozone/ozone/hadoop-ozone/integration-test/target/test-dir/MiniOzoneClusterImpl-ff054ab7-6da7-448f-9cae-f629f00b5e08/ozone-meta/datanode-1/meta/dn/certs/ROOTCA-1.crt
2025-07-02 18:51:59,489 [main] INFO  utils.CertificateCodec (CertificateCodec.java:writeCertificate(242)) - Certificate -----BEGIN CERTIFICATE-----
MIID+DCCAuCgAwIBAgIBATANBgkqhkiG9w0BAQsFADCBgjEWMBQGA1UEAwwNc2Nt
QGxvY2FsaG9zdDEtMCsGA1UECwwkMDU3MGQyN2UtNzU1Ny00NDliLTk0OWMtM2U3
ZjdmYzU3YjA1MS0wKwYDVQQKDCRmZjA1NGFiNy02ZGE3LTQ0OGYtOWNhZS1mNjI5
ZjAwYjVlMDgxCjAIBgNVBAUTATEwHhcNMjUwNzAyMTg1MTI4WhcNMzAwODEwMTg1
MTI4WjCBgjEWMBQGA1UEAwwNc2NtQGxvY2FsaG9zdDEtMCsGA1UECwwkMDU3MGQy
N2UtNzU1Ny00NDliLTk0OWMtM2U3ZjdmYzU3YjA1MS0wKwYDVQQKDCRmZjA1NGFi
Ny02ZGE3LTQ0OGYtOWNhZS1mNjI5ZjAwYjVlMDgxCjAIBgNVBAUTATEwggEiMA0G
CSqGSIb3DQEBAQUAA4IBDwAwggEKAoIBAQDSOHDH15CZsZYmQ3wfdwmh8mSpyVHk
1uULzHKGB/g5GGl37+OOp8iwkJLXTlAVXPRdX/eMWXGqHq7zuYuhOYb3NcUXI4Sr
FmzzcFLtdU3aNQLis6kSEpgMXmDh1YJrwEaC92Hi1rjos0Bi5YOzGA5Bg8goo/Hg
UZZMiVGPNf24RlbEnqvLvqle4VvvYXwEcVXtdGKF9zLr2aitH1U6aVlHp69HYltc
Cn+TKtEiTFwBnZhArY+ppxsEe8oiXT0rB4mhdgertPk4tf/HTtw0lS7TXTI8aBC1
duiKXPAepLzbRGPe3cEEvCPCAkWyeBDknjTVCX3rITXm8oOfqMP9d/XbAgMBAAGj
dzB1MA8GA1UdEwEB/wQFMAMBAf8wDgYDVR0PAQH/BAQDAgEGMFIGA1UdEQRLMEmH
BAoBAGqCQWZ2LWF6MTI4OC00MzQuYmd1dTJ6ZHVzY2RlYmNxZmxyb3ZjMW1oamgu
ZHguaW50ZXJuYWwuY2xvdWRhcHAubmV0MA0GCSqGSIb3DQEBCwUAA4IBAQAFYWuU
DGLCxzWqlISKSJkp+GzwpSuGbvbGP9EImQNRYo00OYVsuKp5S+21u0LEKwtPDzIX
qEmjZD72b/At4ZtASAIlFCTtD2lOSLR+jC/k4WNQ3Qi9GXq8L6fwO5n4beoeX7dK
igE9ppwYPTljSrabdadG46EsxPm33y2TsV+9F+AHILamSLKtcfLzj4exd3wawGpv
egolczxu7mwSj6J5TP+m2LcP9uxqg/QIa6i5uD/dVduxkPkoQ7cY/+uOMdWWFg+0
2ngy8j05z1Y4SJCO/HB+1b53O4dAoX/BotgBjGwbRSNVA4LMenALIXLWa0yivRFf
ag9T/4oGtYfovUKc
-----END CERTIFICATE-----

2025-07-02 18:51:59,489 [main] INFO  client.DNCertificateClient (DefaultCertificateClient.java:updateCertSerialId(1289)) - Certificate serial ID set to 6
2025-07-02 18:51:59,490 [main] INFO  client.DNCertificateClient (DefaultCertificateClient.java:readCertificateFile(247)) - Added certificate 1 from file: /home/runner/work/ozone/ozone/hadoop-ozone/integration-test/target/test-dir/MiniOzoneClusterImpl-ff054ab7-6da7-448f-9cae-f629f00b5e08/ozone-meta/datanode-1/meta/dn/certs/ROOTCA-1.crt.
2025-07-02 18:51:59,491 [main] INFO  client.DNCertificateClient (DefaultCertificateClient.java:readCertificateFile(247)) - Added certificate 2 from file: /home/runner/work/ozone/ozone/hadoop-ozone/integration-test/target/test-dir/MiniOzoneClusterImpl-ff054ab7-6da7-448f-9cae-f629f00b5e08/ozone-meta/datanode-1/meta/dn/certs/CA-2.crt.
2025-07-02 18:51:59,492 [main] INFO  client.DNCertificateClient (DefaultCertificateClient.java:readCertificateFile(247)) - Added certificate 6 from file: /home/runner/work/ozone/ozone/hadoop-ozone/integration-test/target/test-dir/MiniOzoneClusterImpl-ff054ab7-6da7-448f-9cae-f629f00b5e08/ozone-meta/datanode-1/meta/dn/certs/6.crt.
2025-07-02 18:51:59,494 [main] INFO  client.DNCertificateClient (DefaultCertificateClient.java:startCertificateRenewerService(1380)) - CertificateRenewerService for dn is started with first delay 29116799506 ms and interval 86400000 ms.
2025-07-02 18:51:59,541 [main] INFO  client.DNCertificateClient (DefaultCertificateClient.java:recoverStateIfNeeded(812)) - Successfully stored DN signed certificate, case:GETCERT.
2025-07-02 18:51:59,542 [main] INFO  ha.SCMNodeInfo (SCMNodeInfo.java:getPort(197)) - ConfigKey ozone.scm.client.address is deprecated, For configuring different ports for each SCM use PortConfigKey ozone.scm.client.port appended with serviceId and nodeId
2025-07-02 18:51:59,542 [main] INFO  ha.SCMNodeInfo (SCMNodeInfo.java:getPort(197)) - ConfigKey ozone.scm.block.client.address is deprecated, For configuring different ports for each SCM use PortConfigKey ozone.scm.block.client.port appended with serviceId and nodeId
2025-07-02 18:51:59,542 [main] INFO  ha.SCMNodeInfo (SCMNodeInfo.java:getPort(197)) - ConfigKey ozone.scm.security.service.address is deprecated, For configuring different ports for each SCM use PortConfigKey ozone.scm.security.service.port appended with serviceId and nodeId
2025-07-02 18:51:59,543 [main] INFO  ha.SCMNodeInfo (SCMNodeInfo.java:getPort(197)) - ConfigKey ozone.scm.datanode.address is deprecated, For configuring different ports for each SCM use PortConfigKey ozone.scm.datanode.port appended with serviceId and nodeId
2025-07-02 18:51:59,543 [main] INFO  ha.SCMNodeInfo (SCMNodeInfo.java:getPort(197)) - ConfigKey ozone.scm.client.address is deprecated, For configuring different ports for each SCM use PortConfigKey ozone.scm.client.port appended with serviceId and nodeId
2025-07-02 18:51:59,543 [main] INFO  ha.SCMNodeInfo (SCMNodeInfo.java:getPort(197)) - ConfigKey ozone.scm.block.client.address is deprecated, For configuring different ports for each SCM use PortConfigKey ozone.scm.block.client.port appended with serviceId and nodeId
2025-07-02 18:51:59,543 [main] INFO  ha.SCMNodeInfo (SCMNodeInfo.java:getPort(197)) - ConfigKey ozone.scm.security.service.address is deprecated, For configuring different ports for each SCM use PortConfigKey ozone.scm.security.service.port appended with serviceId and nodeId
2025-07-02 18:51:59,543 [main] INFO  ha.SCMNodeInfo (SCMNodeInfo.java:getPort(197)) - ConfigKey ozone.scm.datanode.address is deprecated, For configuring different ports for each SCM use PortConfigKey ozone.scm.datanode.port appended with serviceId and nodeId
2025-07-02 18:51:59,543 [main] INFO  ha.SCMNodeInfo (SCMNodeInfo.java:getPort(197)) - ConfigKey ozone.scm.client.address is deprecated, For configuring different ports for each SCM use PortConfigKey ozone.scm.client.port appended with serviceId and nodeId
2025-07-02 18:51:59,543 [main] INFO  ha.SCMNodeInfo (SCMNodeInfo.java:getPort(197)) - ConfigKey ozone.scm.block.client.address is deprecated, For configuring different ports for each SCM use PortConfigKey ozone.scm.block.client.port appended with serviceId and nodeId
2025-07-02 18:51:59,543 [main] INFO  ha.SCMNodeInfo (SCMNodeInfo.java:getPort(197)) - ConfigKey ozone.scm.security.service.address is deprecated, For configuring different ports for each SCM use PortConfigKey ozone.scm.security.service.port appended with serviceId and nodeId
2025-07-02 18:51:59,543 [main] INFO  ha.SCMNodeInfo (SCMNodeInfo.java:getPort(197)) - ConfigKey ozone.scm.datanode.address is deprecated, For configuring different ports for each SCM use PortConfigKey ozone.scm.datanode.port appended with serviceId and nodeId
2025-07-02 18:51:59,544 [main] INFO  proxy.SecretKeyProtocolFailoverProxyProvider (SCMFailoverProxyProviderBase.java:<init>(120)) - Created fail-over proxy for protocol SecretKeyProtocolDatanodePB with 3 nodes: [nodeId=scmNode-2,nodeAddress=/127.0.0.1:15010, nodeId=scmNode-3,nodeAddress=/127.0.0.1:15018, nodeId=scmNode-1,nodeAddress=/127.0.0.1:15002]
2025-07-02 18:51:59,545 [main] INFO  symmetric.DefaultSecretKeyVerifierClient (DefaultSecretKeyVerifierClient.java:<init>(76)) - Initializing secret key cache with size 4, TTL PT8M20S
2025-07-02 18:51:59,555 [Socket Reader #1 for port 15002] INFO  ipc.Server (Server.java:saslProcess(2290)) - Auth successful for scm/localhost@EXAMPLE.COM (auth:KERBEROS) from 127.0.0.1:43669
2025-07-02 18:51:59,557 [main] INFO  symmetric.DefaultSecretKeySignerClient (DefaultSecretKeySignerClient.java:start(83)) - Initial secret key fetched from SCM: SecretKey(id = 45b1e288-be58-412a-8e87-841ece61fad4, creation at: 2025-07-02T18:51:41.729Z, expire at: 2025-07-02T19:00:01.729Z).
2025-07-02 18:51:59,558 [main] INFO  symmetric.DefaultSecretKeySignerClient (DefaultSecretKeySignerClient.java:scheduleSecretKeyPoller(149)) - Scheduling SecretKeyPoller with initial delay of PT8M2.170851672S and interval of PT8M20S
2025-07-02 18:51:59,561 [main] WARN  statemachine.DatanodeConfiguration (DatanodeConfiguration.java:validateMinFreeSpace(751)) - hdds.datanode.volume.min.free.space.percent = -1.0 is invalid, should be between 0 and 1
2025-07-02 18:51:59,562 [main] INFO  upgrade.AbstractLayoutVersionManager (AbstractLayoutVersionManager.java:init(80)) - Initializing Layout version manager with metadata layout = HBASE_SUPPORT (version = 8), software layout = HBASE_SUPPORT (version = 8)
2025-07-02 18:51:59,564 [main] INFO  ha.SCMNodeInfo (SCMNodeInfo.java:getPort(197)) - ConfigKey ozone.scm.client.address is deprecated, For configuring different ports for each SCM use PortConfigKey ozone.scm.client.port appended with serviceId and nodeId
2025-07-02 18:51:59,564 [main] INFO  ha.SCMNodeInfo (SCMNodeInfo.java:getPort(197)) - ConfigKey ozone.scm.block.client.address is deprecated, For configuring different ports for each SCM use PortConfigKey ozone.scm.block.client.port appended with serviceId and nodeId
2025-07-02 18:51:59,564 [main] INFO  ha.SCMNodeInfo (SCMNodeInfo.java:getPort(197)) - ConfigKey ozone.scm.security.service.address is deprecated, For configuring different ports for each SCM use PortConfigKey ozone.scm.security.service.port appended with serviceId and nodeId
2025-07-02 18:51:59,564 [main] INFO  ha.SCMNodeInfo (SCMNodeInfo.java:getPort(197)) - ConfigKey ozone.scm.datanode.address is deprecated, For configuring different ports for each SCM use PortConfigKey ozone.scm.datanode.port appended with serviceId and nodeId
2025-07-02 18:51:59,564 [main] INFO  ha.SCMNodeInfo (SCMNodeInfo.java:getPort(197)) - ConfigKey ozone.scm.client.address is deprecated, For configuring different ports for each SCM use PortConfigKey ozone.scm.client.port appended with serviceId and nodeId
2025-07-02 18:51:59,564 [main] INFO  ha.SCMNodeInfo (SCMNodeInfo.java:getPort(197)) - ConfigKey ozone.scm.block.client.address is deprecated, For configuring different ports for each SCM use PortConfigKey ozone.scm.block.client.port appended with serviceId and nodeId
2025-07-02 18:51:59,564 [main] INFO  ha.SCMNodeInfo (SCMNodeInfo.java:getPort(197)) - ConfigKey ozone.scm.security.service.address is deprecated, For configuring different ports for each SCM use PortConfigKey ozone.scm.security.service.port appended with serviceId and nodeId
2025-07-02 18:51:59,564 [main] INFO  ha.SCMNodeInfo (SCMNodeInfo.java:getPort(197)) - ConfigKey ozone.scm.datanode.address is deprecated, For configuring different ports for each SCM use PortConfigKey ozone.scm.datanode.port appended with serviceId and nodeId
2025-07-02 18:51:59,564 [main] INFO  ha.SCMNodeInfo (SCMNodeInfo.java:getPort(197)) - ConfigKey ozone.scm.client.address is deprecated, For configuring different ports for each SCM use PortConfigKey ozone.scm.client.port appended with serviceId and nodeId
2025-07-02 18:51:59,564 [main] INFO  ha.SCMNodeInfo (SCMNodeInfo.java:getPort(197)) - ConfigKey ozone.scm.block.client.address is deprecated, For configuring different ports for each SCM use PortConfigKey ozone.scm.block.client.port appended with serviceId and nodeId
2025-07-02 18:51:59,565 [main] INFO  ha.SCMNodeInfo (SCMNodeInfo.java:getPort(197)) - ConfigKey ozone.scm.security.service.address is deprecated, For configuring different ports for each SCM use PortConfigKey ozone.scm.security.service.port appended with serviceId and nodeId
2025-07-02 18:51:59,565 [main] INFO  ha.SCMNodeInfo (SCMNodeInfo.java:getPort(197)) - ConfigKey ozone.scm.datanode.address is deprecated, For configuring different ports for each SCM use PortConfigKey ozone.scm.datanode.port appended with serviceId and nodeId
2025-07-02 18:51:59,565 [main] INFO  statemachine.DatanodeStateMachine (DatanodeStateMachine.java:getEndPointTaskThreadPoolSize(305)) - Datanode State Machine Task Thread Pool size 4
2025-07-02 18:51:59,586 [main] WARN  statemachine.DatanodeConfiguration (DatanodeConfiguration.java:validateMinFreeSpace(751)) - hdds.datanode.volume.min.free.space.percent = -1.0 is invalid, should be between 0 and 1
2025-07-02 18:51:59,591 [main] WARN  statemachine.DatanodeConfiguration (DatanodeConfiguration.java:validateMinFreeSpace(751)) - hdds.datanode.volume.min.free.space.percent = -1.0 is invalid, should be between 0 and 1
2025-07-02 18:51:59,598 [main] WARN  statemachine.DatanodeConfiguration (DatanodeConfiguration.java:validateMinFreeSpace(751)) - hdds.datanode.volume.min.free.space.percent = -1.0 is invalid, should be between 0 and 1
2025-07-02 18:51:59,607 [main] WARN  statemachine.DatanodeConfiguration (DatanodeConfiguration.java:validateMinFreeSpace(751)) - hdds.datanode.volume.min.free.space.percent = -1.0 is invalid, should be between 0 and 1
2025-07-02 18:51:59,616 [main] INFO  volume.HddsVolume (HddsVolume.java:<init>(162)) - HddsVolume: { id=DS-5cb00482-7f37-440c-9432-f43775b4b099 dir=/home/runner/work/ozone/ozone/hadoop-ozone/integration-test/target/test-dir/MiniOzoneClusterImpl-ff054ab7-6da7-448f-9cae-f629f00b5e08/ozone-meta/datanode-1/data-0/hdds type=DISK capacity=9222449699674390527 used=0 available=9222449699674390527 minFree=9222450130714624 committed=0 }
2025-07-02 18:51:59,616 [main] INFO  volume.MutableVolumeSet (MutableVolumeSet.java:initializeVolumeSet(167)) - Added Volume : /home/runner/work/ozone/ozone/hadoop-ozone/integration-test/target/test-dir/MiniOzoneClusterImpl-ff054ab7-6da7-448f-9cae-f629f00b5e08/ozone-meta/datanode-1/data-0/hdds to VolumeSet
2025-07-02 18:51:59,616 [main] WARN  statemachine.DatanodeConfiguration (DatanodeConfiguration.java:validateMinFreeSpace(751)) - hdds.datanode.volume.min.free.space.percent = -1.0 is invalid, should be between 0 and 1
2025-07-02 18:51:59,618 [main] WARN  statemachine.DatanodeConfiguration (DatanodeConfiguration.java:validateMinFreeSpace(751)) - hdds.datanode.volume.min.free.space.percent = -1.0 is invalid, should be between 0 and 1
2025-07-02 18:51:59,619 [main] INFO  volume.MutableVolumeSet (MutableVolumeSet.java:initializeVolumeSet(167)) - Added Volume : /home/runner/work/ozone/ozone/hadoop-ozone/integration-test/target/test-dir/MiniOzoneClusterImpl-ff054ab7-6da7-448f-9cae-f629f00b5e08/ozone-meta/datanode-1/ratis to VolumeSet
2025-07-02 18:51:59,620 [main] WARN  statemachine.DatanodeConfiguration (DatanodeConfiguration.java:validateMinFreeSpace(751)) - hdds.datanode.volume.min.free.space.percent = -1.0 is invalid, should be between 0 and 1
2025-07-02 18:51:59,621 [main] WARN  statemachine.DatanodeConfiguration (DatanodeConfiguration.java:validateMinFreeSpace(751)) - hdds.datanode.volume.min.free.space.percent = -1.0 is invalid, should be between 0 and 1
2025-07-02 18:51:59,623 [main] INFO  ozoneimpl.OzoneContainer (HddsVolumeUtil.java:loadAllHddsVolumeDbStore(102)) - Load 1 volumes DbStore cost: 0ms
2025-07-02 18:51:59,625 [main] WARN  db.DBStoreBuilder (DBStoreBuilder.java:getDBDirPath(159)) - ozone.scm.datanode.id.dir is not configured. We recommend adding this setting. Falling back to ozone.metadata.dirs instead.
2025-07-02 18:51:59,629 [main] WARN  statemachine.DatanodeConfiguration (DatanodeConfiguration.java:validateMinFreeSpace(751)) - hdds.datanode.volume.min.free.space.percent = -1.0 is invalid, should be between 0 and 1
2025-07-02 18:51:59,630 [main] WARN  db.DBStoreBuilder (DBStoreBuilder.java:getDBDirPath(159)) - ozone.scm.datanode.id.dir is not configured. We recommend adding this setting. Falling back to ozone.metadata.dirs instead.
2025-07-02 18:51:59,652 [main] WARN  statemachine.DatanodeConfiguration (DatanodeConfiguration.java:validateMinFreeSpace(751)) - hdds.datanode.volume.min.free.space.percent = -1.0 is invalid, should be between 0 and 1
2025-07-02 18:51:59,670 [main] WARN  statemachine.DatanodeConfiguration (DatanodeConfiguration.java:validateMinFreeSpace(751)) - hdds.datanode.volume.min.free.space.percent = -1.0 is invalid, should be between 0 and 1
2025-07-02 18:51:59,676 [main] INFO  impl.FilePerChunkStrategy (FilePerChunkStrategy.java:<init>(79)) - ozone.chunk.read.mapped.buffer.max.count is load with 0
2025-07-02 18:51:59,678 [main] INFO  impl.FilePerBlockStrategy (FilePerBlockStrategy.java:<init>(88)) - ozone.chunk.read.mapped.buffer.max.count is load with 0
2025-07-02 18:51:59,679 [main] WARN  statemachine.DatanodeConfiguration (DatanodeConfiguration.java:validateMinFreeSpace(751)) - hdds.datanode.volume.min.free.space.percent = -1.0 is invalid, should be between 0 and 1
2025-07-02 18:51:59,715 [main] INFO  audit.AuditLogger (AuditLogger.java:refreshDebugCmdSet(133)) - Refresh DebugCmdSet for DNAudit to [].
2025-07-02 18:51:59,729 [main] INFO  server.RaftServerConfigKeys (ConfUtils.java:logGet(62)) - raft.server.log.appender.buffer.byte-limit = 33554432 (custom)
2025-07-02 18:51:59,739 [main] INFO  grpc.GrpcConfigKeys (ConfUtils.java:logFallback(69)) - raft.grpc.admin.host = null (fallback to raft.grpc.server.host)
2025-07-02 18:51:59,739 [main] INFO  grpc.GrpcConfigKeys (ConfUtils.java:logGet(62)) - raft.grpc.admin.port = 15050 (custom)
2025-07-02 18:51:59,739 [main] INFO  grpc.GrpcConfigKeys (ConfUtils.java:logFallback(69)) - raft.grpc.client.host = null (fallback to raft.grpc.server.host)
2025-07-02 18:51:59,739 [main] INFO  grpc.GrpcConfigKeys (ConfUtils.java:logGet(62)) - raft.grpc.client.port = 15049 (custom)
2025-07-02 18:51:59,739 [main] INFO  grpc.GrpcConfigKeys (ConfUtils.java:logGet(62)) - raft.grpc.server.port = 15051 (custom)
2025-07-02 18:51:59,740 [main] INFO  server.GrpcServicesImpl (ConfUtils.java:logGet(62)) - raft.grpc.message.size.max = 34603008 (custom)
2025-07-02 18:51:59,740 [main] INFO  server.GrpcServicesImpl (ConfUtils.java:logGet(62)) - raft.grpc.flow.control.window = 5MB (=5242880) (custom)
2025-07-02 18:51:59,740 [main] INFO  server.RaftServerConfigKeys (ConfUtils.java:logGet(62)) - raft.server.rpc.request.timeout = 60s (custom)
2025-07-02 18:51:59,740 [main] INFO  server.RaftServerConfigKeys (ConfUtils.java:logGet(62)) - raft.server.log.appender.buffer.byte-limit = 33554432 (custom)
2025-07-02 18:51:59,741 [main] INFO  impl.DataStreamServerImpl (ConfUtils.java:logGet(62)) - raft.datastream.type = NETTY (custom)
2025-07-02 18:51:59,754 [main] INFO  server.RaftServerConfigKeys (ConfUtils.java:logGet(62)) - raft.server.data-stream.async.request.thread.pool.cached = false (default)
2025-07-02 18:51:59,754 [main] INFO  server.RaftServerConfigKeys (ConfUtils.java:logGet(62)) - raft.server.data-stream.async.request.thread.pool.size = 20 (custom)
2025-07-02 18:51:59,754 [main] INFO  server.RaftServerConfigKeys (ConfUtils.java:logGet(62)) - raft.server.data-stream.async.write.thread.pool.size = 16 (default)
2025-07-02 18:51:59,755 [main] INFO  netty.NettyConfigKeys$DataStream (ConfUtils.java:logGet(62)) - raft.netty.dataStream.server.channel.inactive.grace-period = 10min (default)
2025-07-02 18:51:59,756 [main] INFO  server.RaftServerConfigKeys (ConfUtils.java:logGet(62)) - raft.server.data-stream.client.pool.size = 10 (default)
2025-07-02 18:51:59,757 [main] INFO  netty.NettyConfigKeys$DataStream (ConfUtils.java:logGet(62)) - raft.netty.dataStream.server.use-epoll = true (default)
2025-07-02 18:51:59,757 [main] INFO  netty.NettyConfigKeys$DataStream (ConfUtils.java:logGet(62)) - raft.netty.dataStream.server.boss-group.size = 0 (default)
2025-07-02 18:51:59,758 [main] INFO  netty.NettyUtils (NettyUtils.java:newEventLoopGroup(74)) - Create EpollEventLoopGroup for a1153de0-65c4-400c-ae9f-71c02a590f14-NettyServerStreamRpc-bossGroup; Thread size is 0.
2025-07-02 18:51:59,758 [main] INFO  netty.NettyConfigKeys$DataStream (ConfUtils.java:logGet(62)) - raft.netty.dataStream.server.worker-group.size = 0 (default)
2025-07-02 18:51:59,758 [main] INFO  netty.NettyUtils (NettyUtils.java:newEventLoopGroup(74)) - Create EpollEventLoopGroup for a1153de0-65c4-400c-ae9f-71c02a590f14-NettyServerStreamRpc-workerGroup; Thread size is 0.
2025-07-02 18:51:59,760 [main] INFO  netty.NettyConfigKeys$DataStream (ConfUtils.java:logGet(62)) - raft.netty.dataStream.port = 15052 (custom)
2025-07-02 18:51:59,766 [main] INFO  server.RaftServerConfigKeys (ConfUtils.java:logGet(62)) - raft.server.storage.dir = [/home/runner/work/ozone/ozone/hadoop-ozone/integration-test/target/test-dir/MiniOzoneClusterImpl-ff054ab7-6da7-448f-9cae-f629f00b5e08/ozone-meta/datanode-1/ratis] (custom)
2025-07-02 18:51:59,766 [a1153de0-65c4-400c-ae9f-71c02a590f14-impl-thread1] INFO  server.RaftServer (RaftServerProxy.java:initGroupDir(270)) - a1153de0-65c4-400c-ae9f-71c02a590f14: found a subdirectory /home/runner/work/ozone/ozone/hadoop-ozone/integration-test/target/test-dir/MiniOzoneClusterImpl-ff054ab7-6da7-448f-9cae-f629f00b5e08/ozone-meta/datanode-1/ratis/tmp
2025-07-02 18:51:59,767 [a1153de0-65c4-400c-ae9f-71c02a590f14-impl-thread1] INFO  server.RaftServer (RaftServerProxy.java:initGroupDir(275)) - a1153de0-65c4-400c-ae9f-71c02a590f14: The directory /home/runner/work/ozone/ozone/hadoop-ozone/integration-test/target/test-dir/MiniOzoneClusterImpl-ff054ab7-6da7-448f-9cae-f629f00b5e08/ozone-meta/datanode-1/ratis/tmp is not a group directory; ignoring it. 
2025-07-02 18:51:59,769 [main] INFO  replication.ReplicationServer (ReplicationServer.java:<init>(84)) - Initializing replication server with thread count = 10 queue length = 4096
2025-07-02 18:51:59,773 [a1153de0-65c4-400c-ae9f-71c02a590f14-NettyServerStreamRpc-bossGroup--thread1] INFO  logging.LoggingHandler (AbstractInternalLogger.java:log(148)) - [id: 0xffc5b3a2] REGISTERED
2025-07-02 18:51:59,773 [a1153de0-65c4-400c-ae9f-71c02a590f14-NettyServerStreamRpc-bossGroup--thread1] INFO  logging.LoggingHandler (AbstractInternalLogger.java:log(148)) - [id: 0xffc5b3a2] BIND: 0.0.0.0/0.0.0.0:15052
2025-07-02 18:51:59,774 [a1153de0-65c4-400c-ae9f-71c02a590f14-NettyServerStreamRpc-bossGroup--thread1] INFO  logging.LoggingHandler (AbstractInternalLogger.java:log(148)) - [id: 0xffc5b3a2, L:/0.0.0.0:15052] ACTIVE
2025-07-02 18:51:59,783 [main] WARN  statemachine.DatanodeConfiguration (DatanodeConfiguration.java:validateMinFreeSpace(751)) - hdds.datanode.volume.min.free.space.percent = -1.0 is invalid, should be between 0 and 1
2025-07-02 18:51:59,783 [main] INFO  server.XceiverServerGrpc (XceiverServerGrpc.java:<init>(130)) - GrpcServer channel type EpollServerSocketChannel
2025-07-02 18:51:59,797 [main] WARN  statemachine.DatanodeConfiguration (DatanodeConfiguration.java:validateMinFreeSpace(751)) - hdds.datanode.volume.min.free.space.percent = -1.0 is invalid, should be between 0 and 1
2025-07-02 18:51:59,808 [main] INFO  replication.ReplicationSupervisor (ReplicationSupervisor.java:build(169)) - Initializing replication supervisor with thread count = 10
2025-07-02 18:51:59,809 [main] INFO  replication.ReplicationSupervisor (ReplicationSupervisor.java:nodeStateUpdated(358)) - Node state updated to IN_SERVICE, scaling executor pool size to 10
2025-07-02 18:51:59,814 [main] INFO  client.DNCertificateClient (DefaultCertificateClient.java:getAllCaCerts(979)) - dn has 2 CA certificates
2025-07-02 18:51:59,814 [main] INFO  client.DNCertificateClient (DefaultCertificateClient.java:getAllRootCaCerts(971)) - dn has 1 Root CA certificates
2025-07-02 18:51:59,832 [main] INFO  lib.Interns (Interns.java:removeEldestEntry(50)) - Metrics intern cache overflow at 2011 for MetricsSystem={MetricsSystem=MetricsInfoImpl{name=MetricsSystem, description=MetricsSystem}, MetricsSystem record=MetricsInfoImpl{name=MetricsSystem, description=MetricsSystem record}}
2025-07-02 18:51:59,837 [main] INFO  client.DNCertificateClient (DefaultCertificateClient.java:getAllCaCerts(979)) - dn has 2 CA certificates
2025-07-02 18:51:59,837 [main] INFO  client.DNCertificateClient (DefaultCertificateClient.java:getAllRootCaCerts(971)) - dn has 1 Root CA certificates
2025-07-02 18:51:59,837 [main] WARN  statemachine.DatanodeConfiguration (DatanodeConfiguration.java:validateMinFreeSpace(751)) - hdds.datanode.volume.min.free.space.percent = -1.0 is invalid, should be between 0 and 1
2025-07-02 18:51:59,854 [main] INFO  http.BaseHttpServer (BaseHttpServer.java:newHttpServer2BuilderForOzone(229)) - Starting Web-server for hddsDatanode at: http://0.0.0.0:15046
2025-07-02 18:51:59,854 [main] INFO  http.BaseHttpServer (BaseHttpServer.java:<init>(107)) - Hadoop Security Enabled: true Ozone Security Enabled: true Ozone HTTP Security Enabled: false 
2025-07-02 18:51:59,856 [main] WARN  server.AuthenticationFilter (AuthenticationFilter.java:constructSecretProvider(240)) - Unable to initialize FileSignerSecretProvider, falling back to use random secrets. Reason: Could not read signature secret file: /home/runner/hadoop-http-auth-signature-secret
2025-07-02 18:51:59,858 [main] INFO  http.HttpServer2 (HttpServer2.java:addGlobalFilter(1042)) - Added global filter 'safety' (class=org.apache.hadoop.hdds.server.http.HttpServer2$QuotingInputFilter)
2025-07-02 18:51:59,859 [main] INFO  http.HttpServer2 (HttpServer2.java:addFilter(1018)) - Added filter static_user_filter (class=org.apache.hadoop.http.lib.StaticUserWebFilter$StaticUserFilter) to context hddsDatanode
2025-07-02 18:51:59,859 [main] INFO  http.HttpServer2 (HttpServer2.java:addFilter(1026)) - Added filter static_user_filter (class=org.apache.hadoop.http.lib.StaticUserWebFilter$StaticUserFilter) to context static
2025-07-02 18:51:59,859 [main] INFO  http.HttpServer2 (HttpServer2.java:addFilter(1026)) - Added filter static_user_filter (class=org.apache.hadoop.http.lib.StaticUserWebFilter$StaticUserFilter) to context logs
2025-07-02 18:51:59,860 [main] INFO  http.BaseHttpServer (BaseHttpServer.java:<init>(195)) - HTTP server of hddsDatanode uses base directory /home/runner/work/ozone/ozone/hadoop-ozone/integration-test/target/test-dir/MiniOzoneClusterImpl-ff054ab7-6da7-448f-9cae-f629f00b5e08/ozone-meta/datanode-1/meta/webserver
2025-07-02 18:51:59,860 [main] INFO  http.HttpServer2 (HttpServer2.java:bindListener(1242)) - Jetty bound to port 15046
2025-07-02 18:51:59,860 [main] INFO  server.Server (Server.java:doStart(375)) - jetty-9.4.57.v20241219; built: 2025-01-08T21:24:30.412Z; git: df524e6b29271c2e09ba9aea83c18dc9db464a31; jvm 21.0.7+6-LTS
2025-07-02 18:51:59,862 [main] INFO  server.session (DefaultSessionIdManager.java:doStart(334)) - DefaultSessionIdManager workerName=node0
2025-07-02 18:51:59,862 [main] INFO  server.session (DefaultSessionIdManager.java:doStart(339)) - No SessionScavenger set, using defaults
2025-07-02 18:51:59,862 [main] INFO  server.session (HouseKeeper.java:startScavenging(132)) - node0 Scavenging every 660000ms
2025-07-02 18:51:59,863 [main] INFO  handler.ContextHandler (ContextHandler.java:doStart(921)) - Started o.e.j.s.ServletContextHandler@3138be6e{logs,/logs,file:///home/runner/work/ozone/ozone/hadoop-ozone/integration-test/target/log,AVAILABLE}
2025-07-02 18:51:59,863 [main] INFO  handler.ContextHandler (ContextHandler.java:doStart(921)) - Started o.e.j.s.ServletContextHandler@19ec5a9c{static,/static,jar:file:/home/runner/work/ozone/ozone/hadoop-hdds/container-service/target/hdds-container-service-2.1.0-SNAPSHOT.jar!/webapps/static,AVAILABLE}
2025-07-02 18:52:00,028 [main] INFO  handler.ContextHandler (ContextHandler.java:doStart(921)) - Started o.e.j.w.WebAppContext@47f1b064{hddsDatanode,/,file:///home/runner/work/ozone/ozone/hadoop-ozone/integration-test/target/test-dir/MiniOzoneClusterImpl-ff054ab7-6da7-448f-9cae-f629f00b5e08/ozone-meta/datanode-1/meta/webserver/jetty-0_0_0_0-15046-hdds-container-service-2_1_0-SNAPSHOT_jar-_-any-4394563188517594101/webapp/,AVAILABLE}{jar:file:/home/runner/work/ozone/ozone/hadoop-hdds/container-service/target/hdds-container-service-2.1.0-SNAPSHOT.jar!/webapps/hddsDatanode}
2025-07-02 18:52:00,029 [main] INFO  server.AbstractConnector (AbstractConnector.java:doStart(333)) - Started ServerConnector@17630f31{HTTP/1.1, (http/1.1)}{0.0.0.0:15046}
2025-07-02 18:52:00,029 [main] INFO  server.Server (Server.java:doStart(415)) - Started @34566ms
2025-07-02 18:52:00,029 [main] WARN  impl.MetricsSystemImpl (MetricsSystemImpl.java:register(279)) - Sink prometheus already exists!
2025-07-02 18:52:00,029 [main] INFO  http.BaseHttpServer (BaseHttpServer.java:updateConnectorAddress(359)) - HTTP server of hddsDatanode listening at http://localhost:15046
2025-07-02 18:52:00,032 [main] INFO  ipc.CallQueueManager (CallQueueManager.java:<init>(93)) - Using callQueue: class java.util.concurrent.LinkedBlockingQueue, queueCapacity: 1000, scheduler: class org.apache.hadoop.ipc.DefaultRpcScheduler, ipcBackoff: false, ipcFailOver: false.
2025-07-02 18:52:00,032 [main] INFO  ipc.Server (Server.java:<init>(1438)) - Listener at 0.0.0.0:15047
2025-07-02 18:52:00,033 [Socket Reader #1 for port 15047] INFO  ipc.Server (Server.java:run(1474)) - Starting Socket Reader #1 for port 15047
2025-07-02 18:52:00,033 [Socket Reader #2 for port 15047] INFO  ipc.Server (Server.java:run(1474)) - Starting Socket Reader #2 for port 15047
2025-07-02 18:52:00,033 [Socket Reader #3 for port 15047] INFO  ipc.Server (Server.java:run(1474)) - Starting Socket Reader #3 for port 15047
2025-07-02 18:52:00,034 [Socket Reader #4 for port 15047] INFO  ipc.Server (Server.java:run(1474)) - Starting Socket Reader #4 for port 15047
2025-07-02 18:52:00,034 [Socket Reader #5 for port 15047] INFO  ipc.Server (Server.java:run(1474)) - Starting Socket Reader #5 for port 15047
2025-07-02 18:52:00,034 [Socket Reader #6 for port 15047] INFO  ipc.Server (Server.java:run(1474)) - Starting Socket Reader #6 for port 15047
2025-07-02 18:52:00,035 [Socket Reader #7 for port 15047] INFO  ipc.Server (Server.java:run(1474)) - Starting Socket Reader #7 for port 15047
2025-07-02 18:52:00,035 [Socket Reader #8 for port 15047] INFO  ipc.Server (Server.java:run(1474)) - Starting Socket Reader #8 for port 15047
2025-07-02 18:52:00,035 [Socket Reader #9 for port 15047] INFO  ipc.Server (Server.java:run(1474)) - Starting Socket Reader #9 for port 15047
2025-07-02 18:52:00,035 [Socket Reader #10 for port 15047] INFO  ipc.Server (Server.java:run(1474)) - Starting Socket Reader #10 for port 15047
2025-07-02 18:52:00,037 [main] INFO  ozone.HddsDatanodeService (HddsDatanodeService.java:start(333)) - Datanode start with admins: [runner, scm]
2025-07-02 18:52:00,037 [main] INFO  ozone.HddsDatanodeClientProtocolServer (HddsDatanodeClientProtocolServer.java:start(76)) - RPC server for Client /0.0.0.0:15047
2025-07-02 18:52:00,038 [IPC Server Responder] INFO  ipc.Server (Server.java:run(1713)) - IPC Server Responder: starting
2025-07-02 18:52:00,038 [IPC Server listener on 15047] INFO  ipc.Server (Server.java:run(1553)) - IPC Server listener on 15047: starting
2025-07-02 18:52:00,040 [main] WARN  dropwizard3.Dm3MetricRegistriesImpl (Dm3MetricRegistriesImpl.java:addReporterRegistration(114)) - New reporters are added after registries were created. Some metrics will be missing from the reporter. Please add reporter before adding any new registry.
2025-07-02 18:52:00,040 [main] WARN  dropwizard3.Dm3MetricRegistriesImpl (Dm3MetricRegistriesImpl.java:addReporterRegistration(114)) - New reporters are added after registries were created. Some metrics will be missing from the reporter. Please add reporter before adding any new registry.
2025-07-02 18:52:00,040 [main] INFO  impl.MetricsSystemImpl (MetricsSystemImpl.java:init(158)) - HddsDatanode metrics system started (again)
2025-07-02 18:52:00,043 [a1153de0-65c4-400c-ae9f-71c02a590f14-DatanodeStateMachineDaemonThread] INFO  statemachine.DatanodeStateMachine (DatanodeStateMachine.java:startStateMachineThread(347)) - Ozone container server started.
2025-07-02 18:52:00,045 [a1153de0-65c4-400c-ae9f-71c02a590f14-DatanodeStateMachineTaskThread-0] INFO  ha.SCMNodeInfo (SCMNodeInfo.java:getPort(197)) - ConfigKey ozone.scm.client.address is deprecated, For configuring different ports for each SCM use PortConfigKey ozone.scm.client.port appended with serviceId and nodeId
2025-07-02 18:52:00,045 [a1153de0-65c4-400c-ae9f-71c02a590f14-DatanodeStateMachineTaskThread-0] INFO  ha.SCMNodeInfo (SCMNodeInfo.java:getPort(197)) - ConfigKey ozone.scm.block.client.address is deprecated, For configuring different ports for each SCM use PortConfigKey ozone.scm.block.client.port appended with serviceId and nodeId
2025-07-02 18:52:00,045 [a1153de0-65c4-400c-ae9f-71c02a590f14-DatanodeStateMachineTaskThread-0] INFO  ha.SCMNodeInfo (SCMNodeInfo.java:getPort(197)) - ConfigKey ozone.scm.security.service.address is deprecated, For configuring different ports for each SCM use PortConfigKey ozone.scm.security.service.port appended with serviceId and nodeId
2025-07-02 18:52:00,045 [a1153de0-65c4-400c-ae9f-71c02a590f14-DatanodeStateMachineTaskThread-0] INFO  ha.SCMNodeInfo (SCMNodeInfo.java:getPort(197)) - ConfigKey ozone.scm.datanode.address is deprecated, For configuring different ports for each SCM use PortConfigKey ozone.scm.datanode.port appended with serviceId and nodeId
2025-07-02 18:52:00,045 [a1153de0-65c4-400c-ae9f-71c02a590f14-DatanodeStateMachineTaskThread-0] INFO  ha.SCMNodeInfo (SCMNodeInfo.java:getPort(197)) - ConfigKey ozone.scm.client.address is deprecated, For configuring different ports for each SCM use PortConfigKey ozone.scm.client.port appended with serviceId and nodeId
2025-07-02 18:52:00,045 [a1153de0-65c4-400c-ae9f-71c02a590f14-DatanodeStateMachineTaskThread-0] INFO  ha.SCMNodeInfo (SCMNodeInfo.java:getPort(197)) - ConfigKey ozone.scm.block.client.address is deprecated, For configuring different ports for each SCM use PortConfigKey ozone.scm.block.client.port appended with serviceId and nodeId
2025-07-02 18:52:00,045 [a1153de0-65c4-400c-ae9f-71c02a590f14-DatanodeStateMachineTaskThread-0] INFO  ha.SCMNodeInfo (SCMNodeInfo.java:getPort(197)) - ConfigKey ozone.scm.security.service.address is deprecated, For configuring different ports for each SCM use PortConfigKey ozone.scm.security.service.port appended with serviceId and nodeId
2025-07-02 18:52:00,045 [a1153de0-65c4-400c-ae9f-71c02a590f14-DatanodeStateMachineTaskThread-0] INFO  ha.SCMNodeInfo (SCMNodeInfo.java:getPort(197)) - ConfigKey ozone.scm.datanode.address is deprecated, For configuring different ports for each SCM use PortConfigKey ozone.scm.datanode.port appended with serviceId and nodeId
2025-07-02 18:52:00,045 [a1153de0-65c4-400c-ae9f-71c02a590f14-DatanodeStateMachineTaskThread-0] INFO  ha.SCMNodeInfo (SCMNodeInfo.java:getPort(197)) - ConfigKey ozone.scm.client.address is deprecated, For configuring different ports for each SCM use PortConfigKey ozone.scm.client.port appended with serviceId and nodeId
2025-07-02 18:52:00,045 [a1153de0-65c4-400c-ae9f-71c02a590f14-DatanodeStateMachineTaskThread-0] INFO  ha.SCMNodeInfo (SCMNodeInfo.java:getPort(197)) - ConfigKey ozone.scm.block.client.address is deprecated, For configuring different ports for each SCM use PortConfigKey ozone.scm.block.client.port appended with serviceId and nodeId
2025-07-02 18:52:00,045 [a1153de0-65c4-400c-ae9f-71c02a590f14-DatanodeStateMachineTaskThread-0] INFO  ha.SCMNodeInfo (SCMNodeInfo.java:getPort(197)) - ConfigKey ozone.scm.security.service.address is deprecated, For configuring different ports for each SCM use PortConfigKey ozone.scm.security.service.port appended with serviceId and nodeId
2025-07-02 18:52:00,045 [a1153de0-65c4-400c-ae9f-71c02a590f14-DatanodeStateMachineTaskThread-0] INFO  ha.SCMNodeInfo (SCMNodeInfo.java:getPort(197)) - ConfigKey ozone.scm.datanode.address is deprecated, For configuring different ports for each SCM use PortConfigKey ozone.scm.datanode.port appended with serviceId and nodeId
2025-07-02 18:52:00,058 [a1153de0-65c4-400c-ae9f-71c02a590f14-DatanodeStateMachineTaskThread-0] INFO  datanode.InitDatanodeState (InitDatanodeState.java:persistContainerDatanodeDetails(139)) - DatanodeDetails is persisted to /home/runner/work/ozone/ozone/hadoop-ozone/integration-test/target/test-dir/MiniOzoneClusterImpl-ff054ab7-6da7-448f-9cae-f629f00b5e08/ozone-meta/datanode-1/meta/datanode.id
2025-07-02 18:52:00,060 [main] INFO  protocol.DatanodeDetails (DatanodeDetails.java:validateDatanodeIpAddress(199)) - Updating IP address of datanode fff6918d-693a-4f9d-b154-ded16baf39a4(localhost/null) to 127.0.0.1
2025-07-02 18:52:00,060 [main] INFO  ozone.HddsDatanodeService (HddsDatanodeService.java:start(236)) - HddsDatanodeService fff6918d-693a-4f9d-b154-ded16baf39a4(localhost/127.0.0.1)
2025-07-02 18:52:00,060 [main] INFO  ozone.HddsDatanodeService (HddsDatanodeService.java:start(244)) - Ozone security is enabled. Attempting login for Hdds Datanode user. Principal: scm/localhost@EXAMPLE.COM,keytab: /tmp/junit-10327053630116807253/scm.keytab
2025-07-02 18:52:00,071 [pool-2-thread-2] INFO  request.KdcRequest (KdcRequest.java:preauth(683)) - The preauth data is empty.
2025-07-02 18:52:00,072 [pool-2-thread-2] INFO  server.KdcHandler (KdcHandler.java:handleRecoverableException(177)) - KRB error occurred while processing request: Additional pre-authentication required
2025-07-02 18:52:00,075 [pool-2-thread-2] INFO  request.AsRequest (AsRequest.java:issueTicket(112)) - AS_REQ ISSUE: authtime 1751482320075,scm/localhost@EXAMPLE.COM for krbtgt/EXAMPLE.COM@EXAMPLE.COM
2025-07-02 18:52:00,077 [main] INFO  security.UserGroupInformation (UserGroupInformation.java:loginUserFromKeytab(1143)) - Login successful for user scm/localhost@EXAMPLE.COM using keytab file scm.keytab. Keytab auto renewal enabled : false
2025-07-02 18:52:00,077 [main] INFO  ozone.HddsDatanodeService (HddsDatanodeService.java:start(262)) - Hdds Datanode login successful.
2025-07-02 18:52:00,083 [main] INFO  ozone.HddsDatanodeService (HddsDatanodeService.java:initializeCertificateClient(394)) - Initializing secure Datanode.
2025-07-02 18:52:00,087 [main] INFO  ha.SCMNodeInfo (SCMNodeInfo.java:getPort(197)) - ConfigKey ozone.scm.client.address is deprecated, For configuring different ports for each SCM use PortConfigKey ozone.scm.client.port appended with serviceId and nodeId
2025-07-02 18:52:00,087 [main] INFO  ha.SCMNodeInfo (SCMNodeInfo.java:getPort(197)) - ConfigKey ozone.scm.block.client.address is deprecated, For configuring different ports for each SCM use PortConfigKey ozone.scm.block.client.port appended with serviceId and nodeId
2025-07-02 18:52:00,087 [main] INFO  ha.SCMNodeInfo (SCMNodeInfo.java:getPort(197)) - ConfigKey ozone.scm.security.service.address is deprecated, For configuring different ports for each SCM use PortConfigKey ozone.scm.security.service.port appended with serviceId and nodeId
2025-07-02 18:52:00,087 [main] INFO  ha.SCMNodeInfo (SCMNodeInfo.java:getPort(197)) - ConfigKey ozone.scm.datanode.address is deprecated, For configuring different ports for each SCM use PortConfigKey ozone.scm.datanode.port appended with serviceId and nodeId
2025-07-02 18:52:00,087 [main] INFO  ha.SCMNodeInfo (SCMNodeInfo.java:getPort(197)) - ConfigKey ozone.scm.client.address is deprecated, For configuring different ports for each SCM use PortConfigKey ozone.scm.client.port appended with serviceId and nodeId
2025-07-02 18:52:00,087 [main] INFO  ha.SCMNodeInfo (SCMNodeInfo.java:getPort(197)) - ConfigKey ozone.scm.block.client.address is deprecated, For configuring different ports for each SCM use PortConfigKey ozone.scm.block.client.port appended with serviceId and nodeId
2025-07-02 18:52:00,087 [main] INFO  ha.SCMNodeInfo (SCMNodeInfo.java:getPort(197)) - ConfigKey ozone.scm.security.service.address is deprecated, For configuring different ports for each SCM use PortConfigKey ozone.scm.security.service.port appended with serviceId and nodeId
2025-07-02 18:52:00,087 [main] INFO  ha.SCMNodeInfo (SCMNodeInfo.java:getPort(197)) - ConfigKey ozone.scm.datanode.address is deprecated, For configuring different ports for each SCM use PortConfigKey ozone.scm.datanode.port appended with serviceId and nodeId
2025-07-02 18:52:00,088 [main] INFO  ha.SCMNodeInfo (SCMNodeInfo.java:getPort(197)) - ConfigKey ozone.scm.client.address is deprecated, For configuring different ports for each SCM use PortConfigKey ozone.scm.client.port appended with serviceId and nodeId
2025-07-02 18:52:00,088 [main] INFO  ha.SCMNodeInfo (SCMNodeInfo.java:getPort(197)) - ConfigKey ozone.scm.block.client.address is deprecated, For configuring different ports for each SCM use PortConfigKey ozone.scm.block.client.port appended with serviceId and nodeId
2025-07-02 18:52:00,088 [main] INFO  ha.SCMNodeInfo (SCMNodeInfo.java:getPort(197)) - ConfigKey ozone.scm.security.service.address is deprecated, For configuring different ports for each SCM use PortConfigKey ozone.scm.security.service.port appended with serviceId and nodeId
2025-07-02 18:52:00,088 [main] INFO  ha.SCMNodeInfo (SCMNodeInfo.java:getPort(197)) - ConfigKey ozone.scm.datanode.address is deprecated, For configuring different ports for each SCM use PortConfigKey ozone.scm.datanode.port appended with serviceId and nodeId
2025-07-02 18:52:00,088 [main] INFO  proxy.SCMSecurityProtocolFailoverProxyProvider (SCMFailoverProxyProviderBase.java:<init>(120)) - Created fail-over proxy for protocol SCMSecurityProtocolPB with 3 nodes: [nodeId=scmNode-2,nodeAddress=/127.0.0.1:15010, nodeId=scmNode-3,nodeAddress=/127.0.0.1:15018, nodeId=scmNode-1,nodeAddress=/127.0.0.1:15002]
2025-07-02 18:52:00,089 [main] INFO  client.DNCertificateClient (DefaultCertificateClient.java:updateCertSerialId(1289)) - Certificate serial ID set to null
2025-07-02 18:52:00,089 [main] ERROR client.DNCertificateClient (DefaultCertificateClient.java:getCertPath(373)) - Default certificate serial id is not set. Can't locate the default certificate for this client.
2025-07-02 18:52:00,089 [main] INFO  client.DNCertificateClient (DefaultCertificateClient.java:init(717)) - Certificate client init case: 0
2025-07-02 18:52:00,089 [main] INFO  client.DNCertificateClient (DefaultCertificateClient.java:handleCase(735)) - Creating keypair for client as keypair and certificate not found.
2025-07-02 18:52:00,204 [om1@group-C5BA1605619E-FollowerState] INFO  impl.FollowerState (FollowerState.java:runImpl(161)) - om1@group-C5BA1605619E-FollowerState: change to CANDIDATE, lastRpcElapsedTime:1194839394ns, electionTimeout:1194ms
2025-07-02 18:52:00,204 [om1@group-C5BA1605619E-FollowerState] INFO  impl.RoleInfo (RoleInfo.java:shutdownFollowerState(121)) - om1: shutdown om1@group-C5BA1605619E-FollowerState
2025-07-02 18:52:00,204 [om1@group-C5BA1605619E-FollowerState] INFO  server.RaftServer$Division (RaftServerImpl.java:setRole(392)) - om1@group-C5BA1605619E: changes role from  FOLLOWER to CANDIDATE at term 0 for changeToCandidate
2025-07-02 18:52:00,207 [om1@group-C5BA1605619E-FollowerState] INFO  impl.RoleInfo (RoleInfo.java:updateAndGet(148)) - om1: start om1@group-C5BA1605619E-LeaderElection3
2025-07-02 18:52:00,208 [om1@group-C5BA1605619E-LeaderElection3] INFO  impl.LeaderElection (LeaderElection.java:askForVotes(448)) - om1@group-C5BA1605619E-LeaderElection3 PRE_VOTE round 0: submit vote requests at term 0 for conf: {index: -1, cur=peers:[om1|localhost:15045]|listeners:[], old=null}
2025-07-02 18:52:00,208 [om1@group-C5BA1605619E-LeaderElection3] INFO  impl.LeaderElection (LeaderElection.java:askForVotes(450)) - om1@group-C5BA1605619E-LeaderElection3 PRE_VOTE round 0: result PASSED (term=0)
2025-07-02 18:52:00,210 [om1@group-C5BA1605619E-LeaderElection3] INFO  impl.LeaderElection (LeaderElection.java:askForVotes(448)) - om1@group-C5BA1605619E-LeaderElection3 ELECTION round 0: submit vote requests at term 1 for conf: {index: -1, cur=peers:[om1|localhost:15045]|listeners:[], old=null}
2025-07-02 18:52:00,210 [om1@group-C5BA1605619E-LeaderElection3] INFO  impl.LeaderElection (LeaderElection.java:askForVotes(450)) - om1@group-C5BA1605619E-LeaderElection3 ELECTION round 0: result PASSED (term=1)
2025-07-02 18:52:00,210 [om1@group-C5BA1605619E-LeaderElection3] INFO  impl.RoleInfo (RoleInfo.java:shutdownLeaderElection(141)) - om1: shutdown om1@group-C5BA1605619E-LeaderElection3
2025-07-02 18:52:00,210 [om1@group-C5BA1605619E-LeaderElection3] INFO  server.RaftServer$Division (RaftServerImpl.java:setRole(392)) - om1@group-C5BA1605619E: changes role from CANDIDATE to LEADER at term 1 for changeToLeader
2025-07-02 18:52:00,210 [om1@group-C5BA1605619E-LeaderElection3] INFO  server.RaftServerConfigKeys (ConfUtils.java:logFallback(69)) - raft.server.staging.timeout = 3600ms (fallback to raft.server.rpc.timeout.max)
2025-07-02 18:52:00,212 [om1@group-C5BA1605619E-LeaderElection3] INFO  impl.RoleInfo (RoleInfo.java:updateAndGet(148)) - om1: start om1@group-C5BA1605619E-LeaderStateImpl
2025-07-02 18:52:00,212 [om1@group-C5BA1605619E-LeaderElection3] INFO  server.RaftServer$Division (RaftServerImpl.java:setFirstElection(576)) - om1@group-C5BA1605619E: set firstElectionSinceStartup to false for becomeLeader
2025-07-02 18:52:00,215 [om1@group-C5BA1605619E-LeaderElection3] INFO  ratis.OzoneManagerStateMachine (OzoneManagerStateMachine.java:notifyLeaderChanged(174)) - om1@group-C5BA1605619E: leader changed to om1
2025-07-02 18:52:00,215 [om1@group-C5BA1605619E-LeaderElection3] INFO  server.RaftServer$Division (ServerState.java:setLeader(272)) - om1@group-C5BA1605619E: change Leader from null to om1 at term 1 for becomeLeader, leader elected after 2303ms
2025-07-02 18:52:00,215 [om1@group-C5BA1605619E-LeaderElection3] INFO  segmented.SegmentedRaftLogWorker (SegmentedRaftLogWorker.java:startLogSegment(440)) - om1@group-C5BA1605619E-SegmentedRaftLogWorker: Starting segment from index:0
2025-07-02 18:52:00,216 [om1@group-C5BA1605619E-LeaderElection3] INFO  server.RaftServer$Division (ServerState.java:setRaftConf(386)) - om1@group-C5BA1605619E: set configuration conf: {index: 0, cur=peers:[om1|localhost:15045]|listeners:[], old=null}
2025-07-02 18:52:00,216 [om1@group-C5BA1605619E-SegmentedRaftLogWorker] INFO  segmented.BufferedWriteChannel (BufferedWriteChannel.java:open(61)) - open log_inprogress_0 at position 0
2025-07-02 18:52:00,224 [om1@group-C5BA1605619E-SegmentedRaftLogWorker] INFO  segmented.SegmentedRaftLogWorker (SegmentedRaftLogWorker.java:execute(647)) - om1@group-C5BA1605619E-SegmentedRaftLogWorker: created new log segment /home/runner/work/ozone/ozone/hadoop-ozone/integration-test/target/test-dir/MiniOzoneClusterImpl-ff054ab7-6da7-448f-9cae-f629f00b5e08/ozone-meta/ratis/bf265839-605b-3f16-9796-c5ba1605619e/current/log_inprogress_0
2025-07-02 18:52:00,226 [om1@group-C5BA1605619E-StateMachineUpdater] INFO  ratis.OzoneManagerStateMachine (OzoneManagerStateMachine.java:notifyConfigurationChanged(236)) - notifyConfigurationChanged from Ratis: term=1, index=0, New Peer list: om1(localhost:15045)
2025-07-02 18:52:00,227 [om1@group-C5BA1605619E-StateMachineUpdater] INFO  server.RaftServer$Division (LeaderStateImpl.java:checkStartIndex(309)) - Leader om1@group-C5BA1605619E-LeaderStateImpl is ready since appliedIndex == startIndex == 0
2025-07-02 18:52:00,298 [main] INFO  keys.KeyStorage (KeyStorage.java:storePublicKey(210)) - Storing public key to /home/runner/work/ozone/ozone/hadoop-ozone/integration-test/target/test-dir/MiniOzoneClusterImpl-ff054ab7-6da7-448f-9cae-f629f00b5e08/ozone-meta/datanode-2/meta/dn/keys/public.pem.
2025-07-02 18:52:00,299 [main] INFO  keys.KeyStorage (KeyStorage.java:storePrivateKey(194)) - Storing private key to /home/runner/work/ozone/ozone/hadoop-ozone/integration-test/target/test-dir/MiniOzoneClusterImpl-ff054ab7-6da7-448f-9cae-f629f00b5e08/ozone-meta/datanode-2/meta/dn/keys/private.pem.
2025-07-02 18:52:00,299 [main] INFO  client.DNCertificateClient (DefaultCertificateClient.java:recoverStateIfNeeded(796)) - Init response: GETCERT
2025-07-02 18:52:00,299 [main] INFO  ozone.OzoneSecurityUtil (OzoneSecurityUtil.java:getValidInetsForCurrentHost(116)) - ip:fe80:0:0:0:6245:bdff:fe08:d43d%eth0 not returned.
2025-07-02 18:52:00,300 [main] INFO  ozone.OzoneSecurityUtil (OzoneSecurityUtil.java:getValidInetsForCurrentHost(113)) - Adding ip:10.1.0.106,host:fv-az1288-434.bguu2zduscdebcqflrovc1mhjh.dx.internal.cloudapp.net
2025-07-02 18:52:00,300 [main] INFO  ozone.OzoneSecurityUtil (OzoneSecurityUtil.java:getValidInetsForCurrentHost(116)) - ip:0:0:0:0:0:0:0:1%lo not returned.
2025-07-02 18:52:00,300 [main] INFO  ozone.OzoneSecurityUtil (OzoneSecurityUtil.java:getValidInetsForCurrentHost(116)) - ip:127.0.0.1 not returned.
2025-07-02 18:52:00,300 [main] INFO  client.DNCertificateClient (DNCertificateClient.java:configureCSRBuilder(82)) - Created csr for DN-> subject:scm@localhost
2025-07-02 18:52:00,309 [pool-2-thread-2] INFO  request.TgsRequest (TgsRequest.java:issueTicket(117)) - TGS_REQ ISSUE: authtime 1751482320308,scm/localhost@EXAMPLE.COM for scm/localhost@EXAMPLE.COM
2025-07-02 18:52:00,313 [Socket Reader #1 for port 15002] INFO  ipc.Server (Server.java:saslProcess(2290)) - Auth successful for scm/localhost@EXAMPLE.COM (auth:KERBEROS) from 127.0.0.1:38973
2025-07-02 18:52:00,315 [IPC Server handler 1 on default port 15002] INFO  server.SCMSecurityProtocolServer (SCMSecurityProtocolServer.java:getDataNodeCertificate(183)) - Processing CSR for dn localhost, UUID: fff6918d-693a-4f9d-b154-ded16baf39a4
2025-07-02 18:52:00,321 [ca181966-e7f6-4c77-8344-65416d18d1f8@group-F629F00B5E08-StateMachineUpdater] INFO  safemode.SCMSafeModeManager (SCMSafeModeManager.java:validateSafeModeExitRules(139)) - RatisContainerSafeModeRule rule is successfully validated
2025-07-02 18:52:00,321 [ca181966-e7f6-4c77-8344-65416d18d1f8@group-F629F00B5E08-StateMachineUpdater] INFO  safemode.HealthyPipelineSafeModeRule (HealthyPipelineSafeModeRule.java:initializeRule(228)) - Refreshed total pipeline count is 0, healthy pipeline threshold count is 1
2025-07-02 18:52:00,322 [ca181966-e7f6-4c77-8344-65416d18d1f8@group-F629F00B5E08-StateMachineUpdater] INFO  safemode.SCMSafeModeManager (SCMSafeModeManager.java:validateSafeModeExitRules(139)) - ECContainerSafeModeRule rule is successfully validated
2025-07-02 18:52:00,322 [ca181966-e7f6-4c77-8344-65416d18d1f8@group-F629F00B5E08-StateMachineUpdater] INFO  safemode.SCMSafeModeManager (SCMSafeModeManager.java:validateSafeModeExitRules(139)) - AtleastOneDatanodeReportedRule rule is successfully validated
2025-07-02 18:52:00,322 [4680a024-3a59-4e75-8ac7-1755b08d3543@group-F629F00B5E08-StateMachineUpdater] INFO  safemode.SCMSafeModeManager (SCMSafeModeManager.java:validateSafeModeExitRules(139)) - RatisContainerSafeModeRule rule is successfully validated
2025-07-02 18:52:00,322 [4680a024-3a59-4e75-8ac7-1755b08d3543@group-F629F00B5E08-StateMachineUpdater] INFO  safemode.HealthyPipelineSafeModeRule (HealthyPipelineSafeModeRule.java:initializeRule(228)) - Refreshed total pipeline count is 0, healthy pipeline threshold count is 1
2025-07-02 18:52:00,322 [4680a024-3a59-4e75-8ac7-1755b08d3543@group-F629F00B5E08-StateMachineUpdater] INFO  safemode.SCMSafeModeManager (SCMSafeModeManager.java:validateSafeModeExitRules(139)) - ECContainerSafeModeRule rule is successfully validated
2025-07-02 18:52:00,322 [4680a024-3a59-4e75-8ac7-1755b08d3543@group-F629F00B5E08-StateMachineUpdater] INFO  safemode.SCMSafeModeManager (SCMSafeModeManager.java:validateSafeModeExitRules(139)) - AtleastOneDatanodeReportedRule rule is successfully validated
2025-07-02 18:52:00,323 [0570d27e-7557-449b-949c-3e7f7fc57b05@group-F629F00B5E08-StateMachineUpdater] INFO  safemode.SCMSafeModeManager (SCMSafeModeManager.java:validateSafeModeExitRules(139)) - RatisContainerSafeModeRule rule is successfully validated
2025-07-02 18:52:00,323 [0570d27e-7557-449b-949c-3e7f7fc57b05@group-F629F00B5E08-StateMachineUpdater] INFO  safemode.HealthyPipelineSafeModeRule (HealthyPipelineSafeModeRule.java:initializeRule(228)) - Refreshed total pipeline count is 0, healthy pipeline threshold count is 1
2025-07-02 18:52:00,323 [0570d27e-7557-449b-949c-3e7f7fc57b05@group-F629F00B5E08-StateMachineUpdater] INFO  safemode.SCMSafeModeManager (SCMSafeModeManager.java:validateSafeModeExitRules(139)) - ECContainerSafeModeRule rule is successfully validated
2025-07-02 18:52:00,323 [0570d27e-7557-449b-949c-3e7f7fc57b05@group-F629F00B5E08-StateMachineUpdater] INFO  safemode.SCMSafeModeManager (SCMSafeModeManager.java:validateSafeModeExitRules(139)) - AtleastOneDatanodeReportedRule rule is successfully validated
2025-07-02 18:52:00,323 [IPC Server handler 1 on default port 15002] INFO  ha.SequenceIdGenerator (SequenceIdGenerator.java:getNextId(135)) - Allocate a batch for CertificateId, change lastId from 6 to 7.
2025-07-02 18:52:00,324 [IPC Server handler 1 on default port 15002] INFO  keys.KeyStorage (KeyStorage.java:readPrivateKey(158)) - Reading private key from /home/runner/work/ozone/ozone/hadoop-ozone/integration-test/target/test-dir/MiniOzoneClusterImpl-ff054ab7-6da7-448f-9cae-f629f00b5e08/scmNode-1/scm/sub-ca/keys/private.pem.
2025-07-02 18:52:00,326 [IPC Server handler 1 on default port 15002] INFO  authority.DefaultApprover (DefaultApprover.java:sign(171)) - Extensions in CSR: 2.5.29.15, 2.5.29.17
2025-07-02 18:52:00,326 [IPC Server handler 1 on default port 15002] INFO  authority.DefaultApprover (DefaultApprover.java:sign(175)) - Extensions to add to the certificate if they present in CSR: 2.5.29.15, 2.5.29.17, 2.5.29.35, 2.5.29.37, 2.5.29.19, 1.3.6.1.5.5.7.1.12
2025-07-02 18:52:00,344 [4680a024-3a59-4e75-8ac7-1755b08d3543@group-F629F00B5E08-StateMachineUpdater] INFO  safemode.SCMSafeModeManager (SCMSafeModeManager.java:validateSafeModeExitRules(139)) - RatisContainerSafeModeRule rule is successfully validated
2025-07-02 18:52:00,345 [ca181966-e7f6-4c77-8344-65416d18d1f8@group-F629F00B5E08-StateMachineUpdater] INFO  safemode.SCMSafeModeManager (SCMSafeModeManager.java:validateSafeModeExitRules(139)) - RatisContainerSafeModeRule rule is successfully validated
2025-07-02 18:52:00,345 [ca181966-e7f6-4c77-8344-65416d18d1f8@group-F629F00B5E08-StateMachineUpdater] INFO  safemode.HealthyPipelineSafeModeRule (HealthyPipelineSafeModeRule.java:initializeRule(228)) - Refreshed total pipeline count is 0, healthy pipeline threshold count is 1
2025-07-02 18:52:00,345 [ca181966-e7f6-4c77-8344-65416d18d1f8@group-F629F00B5E08-StateMachineUpdater] INFO  safemode.SCMSafeModeManager (SCMSafeModeManager.java:validateSafeModeExitRules(139)) - ECContainerSafeModeRule rule is successfully validated
2025-07-02 18:52:00,345 [ca181966-e7f6-4c77-8344-65416d18d1f8@group-F629F00B5E08-StateMachineUpdater] INFO  safemode.SCMSafeModeManager (SCMSafeModeManager.java:validateSafeModeExitRules(139)) - AtleastOneDatanodeReportedRule rule is successfully validated
2025-07-02 18:52:00,345 [4680a024-3a59-4e75-8ac7-1755b08d3543@group-F629F00B5E08-StateMachineUpdater] INFO  safemode.HealthyPipelineSafeModeRule (HealthyPipelineSafeModeRule.java:initializeRule(228)) - Refreshed total pipeline count is 0, healthy pipeline threshold count is 1
2025-07-02 18:52:00,345 [4680a024-3a59-4e75-8ac7-1755b08d3543@group-F629F00B5E08-StateMachineUpdater] INFO  safemode.SCMSafeModeManager (SCMSafeModeManager.java:validateSafeModeExitRules(139)) - ECContainerSafeModeRule rule is successfully validated
2025-07-02 18:52:00,345 [4680a024-3a59-4e75-8ac7-1755b08d3543@group-F629F00B5E08-StateMachineUpdater] INFO  safemode.SCMSafeModeManager (SCMSafeModeManager.java:validateSafeModeExitRules(139)) - AtleastOneDatanodeReportedRule rule is successfully validated
2025-07-02 18:52:00,345 [0570d27e-7557-449b-949c-3e7f7fc57b05@group-F629F00B5E08-StateMachineUpdater] INFO  safemode.SCMSafeModeManager (SCMSafeModeManager.java:validateSafeModeExitRules(139)) - RatisContainerSafeModeRule rule is successfully validated
2025-07-02 18:52:00,346 [0570d27e-7557-449b-949c-3e7f7fc57b05@group-F629F00B5E08-StateMachineUpdater] INFO  safemode.HealthyPipelineSafeModeRule (HealthyPipelineSafeModeRule.java:initializeRule(228)) - Refreshed total pipeline count is 0, healthy pipeline threshold count is 1
2025-07-02 18:52:00,347 [0570d27e-7557-449b-949c-3e7f7fc57b05@group-F629F00B5E08-StateMachineUpdater] INFO  safemode.SCMSafeModeManager (SCMSafeModeManager.java:validateSafeModeExitRules(139)) - ECContainerSafeModeRule rule is successfully validated
2025-07-02 18:52:00,347 [0570d27e-7557-449b-949c-3e7f7fc57b05@group-F629F00B5E08-StateMachineUpdater] INFO  safemode.SCMSafeModeManager (SCMSafeModeManager.java:validateSafeModeExitRules(139)) - AtleastOneDatanodeReportedRule rule is successfully validated
2025-07-02 18:52:00,355 [main] INFO  utils.CertificateCodec (CertificateCodec.java:writeCertificate(241)) - Save certificate to /home/runner/work/ozone/ozone/hadoop-ozone/integration-test/target/test-dir/MiniOzoneClusterImpl-ff054ab7-6da7-448f-9cae-f629f00b5e08/ozone-meta/datanode-2/meta/dn/certs/7.crt
2025-07-02 18:52:00,355 [main] INFO  utils.CertificateCodec (CertificateCodec.java:writeCertificate(242)) - Certificate -----BEGIN CERTIFICATE-----
MIID6zCCAtOgAwIBAgIBBzANBgkqhkiG9w0BAQsFADCBhjEaMBgGA1UEAwwRc2Nt
LXN1YkBsb2NhbGhvc3QxLTArBgNVBAsMJDA1NzBkMjdlLTc1NTctNDQ5Yi05NDlj
LTNlN2Y3ZmM1N2IwNTEtMCsGA1UECgwkZmYwNTRhYjctNmRhNy00NDhmLTljYWUt
ZjYyOWYwMGI1ZTA4MQowCAYDVQQFEwEyMB4XDTI1MDcwMjE4NTIwMFoXDTI2MDcw
MjE4NTIwMFowgYIxFjAUBgNVBAMMDXNjbUBsb2NhbGhvc3QxLTArBgNVBAsMJDA1
NzBkMjdlLTc1NTctNDQ5Yi05NDljLTNlN2Y3ZmM1N2IwNTEtMCsGA1UECgwkZmYw
NTRhYjctNmRhNy00NDhmLTljYWUtZjYyOWYwMGI1ZTA4MQowCAYDVQQFEwE3MIIB
IjANBgkqhkiG9w0BAQEFAAOCAQ8AMIIBCgKCAQEAsuLjhpnle3EgGrlzAzlrrNyL
t91A5gVPrbh8ncUhHHMlCMEp+4RWy8e7NnzrdGmpIaQsJwOgh52DxNuS5v4RdOJ3
scCIluo8FfWejpHrdmEM2BAIZw/hSyHr2xR1tyPuCpDJTr+Q+tRnt6olvmAuhkMm
7aKOArJ4FBoI4WvNOAgGZ4DcnD3nSL9PlhXLUR9/4zmALErS2OJX8pK2DImgHIWL
01dFtKLC6pWapEYSvuU0Zd1tblOD9lV9haBgpZpsR6I2r2nqZus0p3DPZQDe2MRF
6Vy5R+LxqRlFGRoAXf13hQNd94pg4M3ZoF80eb0zcytQCV5CeXvgCs0aDzd26QID
AQABo2YwZDAOBgNVHQ8BAf8EBAMCA7gwUgYDVR0RBEswSYcECgEAaoJBZnYtYXox
Mjg4LTQzNC5iZ3V1MnpkdXNjZGViY3FmbHJvdmMxbWhqaC5keC5pbnRlcm5hbC5j
bG91ZGFwcC5uZXQwDQYJKoZIhvcNAQELBQADggEBAD3LyBrQb3TXG26hn570ozC3
SFUKB1pP1s9xjK/M29enWLc7R4zdts9RSesZrsMQy3S2uIHK6G20Sjl7JCIhGEqD
Tq3skrq+1f7OAPSFbESx/STps1f/S+TkU3PZ3fq4VltO57VPuYuApFWAiU39sxKC
lcXLe1p3Kc9ERPm3mQYTAktS0mbdi/GNyK+7zXrP7nlJmNVvi9tif8cJP2RUjYfD
Zi/3ZC/7g1ztWapPbuiFVtASVtlkfRzWdrgE+Jw6YCIeSnEYdJGQk1TO6DIun+JA
+19uvLL8b0UKo4N7d6BuwjZwGfC5tWZoDj7mos5t57PACykEzSf54Ytg4iTu20k=
-----END CERTIFICATE-----

-----BEGIN CERTIFICATE-----
MIID/DCCAuSgAwIBAgIBAjANBgkqhkiG9w0BAQsFADCBgjEWMBQGA1UEAwwNc2Nt
QGxvY2FsaG9zdDEtMCsGA1UECwwkMDU3MGQyN2UtNzU1Ny00NDliLTk0OWMtM2U3
ZjdmYzU3YjA1MS0wKwYDVQQKDCRmZjA1NGFiNy02ZGE3LTQ0OGYtOWNhZS1mNjI5
ZjAwYjVlMDgxCjAIBgNVBAUTATEwHhcNMjUwNzAyMTg1MTI4WhcNMzAwODEwMTg1
MTI4WjCBhjEaMBgGA1UEAwwRc2NtLXN1YkBsb2NhbGhvc3QxLTArBgNVBAsMJDA1
NzBkMjdlLTc1NTctNDQ5Yi05NDljLTNlN2Y3ZmM1N2IwNTEtMCsGA1UECgwkZmYw
NTRhYjctNmRhNy00NDhmLTljYWUtZjYyOWYwMGI1ZTA4MQowCAYDVQQFEwEyMIIB
IjANBgkqhkiG9w0BAQEFAAOCAQ8AMIIBCgKCAQEAlDoRuvgTeOPS68znKRopUqVH
hyqDahQNHLuVix6BTD7/At4x7Odm3SKHf7lDkp7LJs8NB1fo4lco7HyqomhoUtuu
CrvLBZh2NEpsU2snEFYCHmdMgep/UAV8GpDlzlsvKbGQwyGd3r6/7FGbgCRQ8hEb
LLWIL9247dOOVG8EXn5O7Zahb62UGnhN79W4o41GBwebW7mgDRtqZWTAYzziJq2A
zkqb9Yq2tFwTNSwr9ojFFeUGINeqv0GKJlDdV4dPcNp0bJw7yjn0owtmOs2TjrGz
gOD0ewyaHCfEmVqt5cR3m5VnDnoVQK0D2mjwC7MKBGQNtnTOpLpjIq0voNYs8wID
AQABo3cwdTAOBgNVHQ8BAf8EBAMCAb4wUgYDVR0RBEswSYcECgEAaoJBZnYtYXox
Mjg4LTQzNC5iZ3V1MnpkdXNjZGViY3FmbHJvdmMxbWhqaC5keC5pbnRlcm5hbC5j
bG91ZGFwcC5uZXQwDwYDVR0TAQH/BAUwAwEB/zANBgkqhkiG9w0BAQsFAAOCAQEA
w3Jqtgfd2n31pVxYV5sCmcCKQiebQ3ebpFQXsVbHLToPQPvVaYG4JHsXmGMuSJFH
DR9kuCcWmNMaZzr3W/vUz1eJXWFzaa0sJLzxIgGSjiJNkkIXMBPds74zoU4uJ0rl
ndOuankSdj22uQl33JamK+haZvVWKgL3jOV/4SMXPc0wSUOU0CiUS65d3UYDR9Hy
HJS+NOS/dBM07S+AO5EZumdrSbdRRo+ldH0XtsVKcryrXgJEQe1ZgqbJ57b1DBsa
l6G38GvWjsMSvDSCbEw8YyPP4wnEFHB+qX9mjAhcvuyxJZ2Qic1tZmJHdFqCrEjS
K+j0A+dzA0yMXlAlpfjcoQ==
-----END CERTIFICATE-----

-----BEGIN CERTIFICATE-----
MIID+DCCAuCgAwIBAgIBATANBgkqhkiG9w0BAQsFADCBgjEWMBQGA1UEAwwNc2Nt
QGxvY2FsaG9zdDEtMCsGA1UECwwkMDU3MGQyN2UtNzU1Ny00NDliLTk0OWMtM2U3
ZjdmYzU3YjA1MS0wKwYDVQQKDCRmZjA1NGFiNy02ZGE3LTQ0OGYtOWNhZS1mNjI5
ZjAwYjVlMDgxCjAIBgNVBAUTATEwHhcNMjUwNzAyMTg1MTI4WhcNMzAwODEwMTg1
MTI4WjCBgjEWMBQGA1UEAwwNc2NtQGxvY2FsaG9zdDEtMCsGA1UECwwkMDU3MGQy
N2UtNzU1Ny00NDliLTk0OWMtM2U3ZjdmYzU3YjA1MS0wKwYDVQQKDCRmZjA1NGFi
Ny02ZGE3LTQ0OGYtOWNhZS1mNjI5ZjAwYjVlMDgxCjAIBgNVBAUTATEwggEiMA0G
CSqGSIb3DQEBAQUAA4IBDwAwggEKAoIBAQDSOHDH15CZsZYmQ3wfdwmh8mSpyVHk
1uULzHKGB/g5GGl37+OOp8iwkJLXTlAVXPRdX/eMWXGqHq7zuYuhOYb3NcUXI4Sr
FmzzcFLtdU3aNQLis6kSEpgMXmDh1YJrwEaC92Hi1rjos0Bi5YOzGA5Bg8goo/Hg
UZZMiVGPNf24RlbEnqvLvqle4VvvYXwEcVXtdGKF9zLr2aitH1U6aVlHp69HYltc
Cn+TKtEiTFwBnZhArY+ppxsEe8oiXT0rB4mhdgertPk4tf/HTtw0lS7TXTI8aBC1
duiKXPAepLzbRGPe3cEEvCPCAkWyeBDknjTVCX3rITXm8oOfqMP9d/XbAgMBAAGj
dzB1MA8GA1UdEwEB/wQFMAMBAf8wDgYDVR0PAQH/BAQDAgEGMFIGA1UdEQRLMEmH
BAoBAGqCQWZ2LWF6MTI4OC00MzQuYmd1dTJ6ZHVzY2RlYmNxZmxyb3ZjMW1oamgu
ZHguaW50ZXJuYWwuY2xvdWRhcHAubmV0MA0GCSqGSIb3DQEBCwUAA4IBAQAFYWuU
DGLCxzWqlISKSJkp+GzwpSuGbvbGP9EImQNRYo00OYVsuKp5S+21u0LEKwtPDzIX
qEmjZD72b/At4ZtASAIlFCTtD2lOSLR+jC/k4WNQ3Qi9GXq8L6fwO5n4beoeX7dK
igE9ppwYPTljSrabdadG46EsxPm33y2TsV+9F+AHILamSLKtcfLzj4exd3wawGpv
egolczxu7mwSj6J5TP+m2LcP9uxqg/QIa6i5uD/dVduxkPkoQ7cY/+uOMdWWFg+0
2ngy8j05z1Y4SJCO/HB+1b53O4dAoX/BotgBjGwbRSNVA4LMenALIXLWa0yivRFf
ag9T/4oGtYfovUKc
-----END CERTIFICATE-----

2025-07-02 18:52:00,356 [main] INFO  utils.CertificateCodec (CertificateCodec.java:writeCertificate(241)) - Save certificate to /home/runner/work/ozone/ozone/hadoop-ozone/integration-test/target/test-dir/MiniOzoneClusterImpl-ff054ab7-6da7-448f-9cae-f629f00b5e08/ozone-meta/datanode-2/meta/dn/certs/CA-2.crt
2025-07-02 18:52:00,356 [main] INFO  utils.CertificateCodec (CertificateCodec.java:writeCertificate(242)) - Certificate -----BEGIN CERTIFICATE-----
MIID/DCCAuSgAwIBAgIBAjANBgkqhkiG9w0BAQsFADCBgjEWMBQGA1UEAwwNc2Nt
QGxvY2FsaG9zdDEtMCsGA1UECwwkMDU3MGQyN2UtNzU1Ny00NDliLTk0OWMtM2U3
ZjdmYzU3YjA1MS0wKwYDVQQKDCRmZjA1NGFiNy02ZGE3LTQ0OGYtOWNhZS1mNjI5
ZjAwYjVlMDgxCjAIBgNVBAUTATEwHhcNMjUwNzAyMTg1MTI4WhcNMzAwODEwMTg1
MTI4WjCBhjEaMBgGA1UEAwwRc2NtLXN1YkBsb2NhbGhvc3QxLTArBgNVBAsMJDA1
NzBkMjdlLTc1NTctNDQ5Yi05NDljLTNlN2Y3ZmM1N2IwNTEtMCsGA1UECgwkZmYw
NTRhYjctNmRhNy00NDhmLTljYWUtZjYyOWYwMGI1ZTA4MQowCAYDVQQFEwEyMIIB
IjANBgkqhkiG9w0BAQEFAAOCAQ8AMIIBCgKCAQEAlDoRuvgTeOPS68znKRopUqVH
hyqDahQNHLuVix6BTD7/At4x7Odm3SKHf7lDkp7LJs8NB1fo4lco7HyqomhoUtuu
CrvLBZh2NEpsU2snEFYCHmdMgep/UAV8GpDlzlsvKbGQwyGd3r6/7FGbgCRQ8hEb
LLWIL9247dOOVG8EXn5O7Zahb62UGnhN79W4o41GBwebW7mgDRtqZWTAYzziJq2A
zkqb9Yq2tFwTNSwr9ojFFeUGINeqv0GKJlDdV4dPcNp0bJw7yjn0owtmOs2TjrGz
gOD0ewyaHCfEmVqt5cR3m5VnDnoVQK0D2mjwC7MKBGQNtnTOpLpjIq0voNYs8wID
AQABo3cwdTAOBgNVHQ8BAf8EBAMCAb4wUgYDVR0RBEswSYcECgEAaoJBZnYtYXox
Mjg4LTQzNC5iZ3V1MnpkdXNjZGViY3FmbHJvdmMxbWhqaC5keC5pbnRlcm5hbC5j
bG91ZGFwcC5uZXQwDwYDVR0TAQH/BAUwAwEB/zANBgkqhkiG9w0BAQsFAAOCAQEA
w3Jqtgfd2n31pVxYV5sCmcCKQiebQ3ebpFQXsVbHLToPQPvVaYG4JHsXmGMuSJFH
DR9kuCcWmNMaZzr3W/vUz1eJXWFzaa0sJLzxIgGSjiJNkkIXMBPds74zoU4uJ0rl
ndOuankSdj22uQl33JamK+haZvVWKgL3jOV/4SMXPc0wSUOU0CiUS65d3UYDR9Hy
HJS+NOS/dBM07S+AO5EZumdrSbdRRo+ldH0XtsVKcryrXgJEQe1ZgqbJ57b1DBsa
l6G38GvWjsMSvDSCbEw8YyPP4wnEFHB+qX9mjAhcvuyxJZ2Qic1tZmJHdFqCrEjS
K+j0A+dzA0yMXlAlpfjcoQ==
-----END CERTIFICATE-----

-----BEGIN CERTIFICATE-----
MIID+DCCAuCgAwIBAgIBATANBgkqhkiG9w0BAQsFADCBgjEWMBQGA1UEAwwNc2Nt
QGxvY2FsaG9zdDEtMCsGA1UECwwkMDU3MGQyN2UtNzU1Ny00NDliLTk0OWMtM2U3
ZjdmYzU3YjA1MS0wKwYDVQQKDCRmZjA1NGFiNy02ZGE3LTQ0OGYtOWNhZS1mNjI5
ZjAwYjVlMDgxCjAIBgNVBAUTATEwHhcNMjUwNzAyMTg1MTI4WhcNMzAwODEwMTg1
MTI4WjCBgjEWMBQGA1UEAwwNc2NtQGxvY2FsaG9zdDEtMCsGA1UECwwkMDU3MGQy
N2UtNzU1Ny00NDliLTk0OWMtM2U3ZjdmYzU3YjA1MS0wKwYDVQQKDCRmZjA1NGFi
Ny02ZGE3LTQ0OGYtOWNhZS1mNjI5ZjAwYjVlMDgxCjAIBgNVBAUTATEwggEiMA0G
CSqGSIb3DQEBAQUAA4IBDwAwggEKAoIBAQDSOHDH15CZsZYmQ3wfdwmh8mSpyVHk
1uULzHKGB/g5GGl37+OOp8iwkJLXTlAVXPRdX/eMWXGqHq7zuYuhOYb3NcUXI4Sr
FmzzcFLtdU3aNQLis6kSEpgMXmDh1YJrwEaC92Hi1rjos0Bi5YOzGA5Bg8goo/Hg
UZZMiVGPNf24RlbEnqvLvqle4VvvYXwEcVXtdGKF9zLr2aitH1U6aVlHp69HYltc
Cn+TKtEiTFwBnZhArY+ppxsEe8oiXT0rB4mhdgertPk4tf/HTtw0lS7TXTI8aBC1
duiKXPAepLzbRGPe3cEEvCPCAkWyeBDknjTVCX3rITXm8oOfqMP9d/XbAgMBAAGj
dzB1MA8GA1UdEwEB/wQFMAMBAf8wDgYDVR0PAQH/BAQDAgEGMFIGA1UdEQRLMEmH
BAoBAGqCQWZ2LWF6MTI4OC00MzQuYmd1dTJ6ZHVzY2RlYmNxZmxyb3ZjMW1oamgu
ZHguaW50ZXJuYWwuY2xvdWRhcHAubmV0MA0GCSqGSIb3DQEBCwUAA4IBAQAFYWuU
DGLCxzWqlISKSJkp+GzwpSuGbvbGP9EImQNRYo00OYVsuKp5S+21u0LEKwtPDzIX
qEmjZD72b/At4ZtASAIlFCTtD2lOSLR+jC/k4WNQ3Qi9GXq8L6fwO5n4beoeX7dK
igE9ppwYPTljSrabdadG46EsxPm33y2TsV+9F+AHILamSLKtcfLzj4exd3wawGpv
egolczxu7mwSj6J5TP+m2LcP9uxqg/QIa6i5uD/dVduxkPkoQ7cY/+uOMdWWFg+0
2ngy8j05z1Y4SJCO/HB+1b53O4dAoX/BotgBjGwbRSNVA4LMenALIXLWa0yivRFf
ag9T/4oGtYfovUKc
-----END CERTIFICATE-----

2025-07-02 18:52:00,358 [IPC Server handler 0 on default port 15002] INFO  client.SCMCertificateClient (DefaultCertificateClient.java:getAllRootCaCerts(971)) - scm/sub-ca has 0 Root CA certificates
2025-07-02 18:52:00,358 [IPC Server handler 0 on default port 15002] INFO  client.SCMCertificateClient (DefaultCertificateClient.java:getAllCaCerts(979)) - scm/sub-ca has 1 CA certificates
2025-07-02 18:52:00,359 [main] INFO  utils.CertificateCodec (CertificateCodec.java:writeCertificate(241)) - Save certificate to /home/runner/work/ozone/ozone/hadoop-ozone/integration-test/target/test-dir/MiniOzoneClusterImpl-ff054ab7-6da7-448f-9cae-f629f00b5e08/ozone-meta/datanode-2/meta/dn/certs/ROOTCA-1.crt
2025-07-02 18:52:00,359 [main] INFO  utils.CertificateCodec (CertificateCodec.java:writeCertificate(242)) - Certificate -----BEGIN CERTIFICATE-----
MIID+DCCAuCgAwIBAgIBATANBgkqhkiG9w0BAQsFADCBgjEWMBQGA1UEAwwNc2Nt
QGxvY2FsaG9zdDEtMCsGA1UECwwkMDU3MGQyN2UtNzU1Ny00NDliLTk0OWMtM2U3
ZjdmYzU3YjA1MS0wKwYDVQQKDCRmZjA1NGFiNy02ZGE3LTQ0OGYtOWNhZS1mNjI5
ZjAwYjVlMDgxCjAIBgNVBAUTATEwHhcNMjUwNzAyMTg1MTI4WhcNMzAwODEwMTg1
MTI4WjCBgjEWMBQGA1UEAwwNc2NtQGxvY2FsaG9zdDEtMCsGA1UECwwkMDU3MGQy
N2UtNzU1Ny00NDliLTk0OWMtM2U3ZjdmYzU3YjA1MS0wKwYDVQQKDCRmZjA1NGFi
Ny02ZGE3LTQ0OGYtOWNhZS1mNjI5ZjAwYjVlMDgxCjAIBgNVBAUTATEwggEiMA0G
CSqGSIb3DQEBAQUAA4IBDwAwggEKAoIBAQDSOHDH15CZsZYmQ3wfdwmh8mSpyVHk
1uULzHKGB/g5GGl37+OOp8iwkJLXTlAVXPRdX/eMWXGqHq7zuYuhOYb3NcUXI4Sr
FmzzcFLtdU3aNQLis6kSEpgMXmDh1YJrwEaC92Hi1rjos0Bi5YOzGA5Bg8goo/Hg
UZZMiVGPNf24RlbEnqvLvqle4VvvYXwEcVXtdGKF9zLr2aitH1U6aVlHp69HYltc
Cn+TKtEiTFwBnZhArY+ppxsEe8oiXT0rB4mhdgertPk4tf/HTtw0lS7TXTI8aBC1
duiKXPAepLzbRGPe3cEEvCPCAkWyeBDknjTVCX3rITXm8oOfqMP9d/XbAgMBAAGj
dzB1MA8GA1UdEwEB/wQFMAMBAf8wDgYDVR0PAQH/BAQDAgEGMFIGA1UdEQRLMEmH
BAoBAGqCQWZ2LWF6MTI4OC00MzQuYmd1dTJ6ZHVzY2RlYmNxZmxyb3ZjMW1oamgu
ZHguaW50ZXJuYWwuY2xvdWRhcHAubmV0MA0GCSqGSIb3DQEBCwUAA4IBAQAFYWuU
DGLCxzWqlISKSJkp+GzwpSuGbvbGP9EImQNRYo00OYVsuKp5S+21u0LEKwtPDzIX
qEmjZD72b/At4ZtASAIlFCTtD2lOSLR+jC/k4WNQ3Qi9GXq8L6fwO5n4beoeX7dK
igE9ppwYPTljSrabdadG46EsxPm33y2TsV+9F+AHILamSLKtcfLzj4exd3wawGpv
egolczxu7mwSj6J5TP+m2LcP9uxqg/QIa6i5uD/dVduxkPkoQ7cY/+uOMdWWFg+0
2ngy8j05z1Y4SJCO/HB+1b53O4dAoX/BotgBjGwbRSNVA4LMenALIXLWa0yivRFf
ag9T/4oGtYfovUKc
-----END CERTIFICATE-----

2025-07-02 18:52:00,360 [main] INFO  client.DNCertificateClient (DefaultCertificateClient.java:updateCertSerialId(1289)) - Certificate serial ID set to 7
2025-07-02 18:52:00,360 [main] INFO  client.DNCertificateClient (DefaultCertificateClient.java:readCertificateFile(247)) - Added certificate 1 from file: /home/runner/work/ozone/ozone/hadoop-ozone/integration-test/target/test-dir/MiniOzoneClusterImpl-ff054ab7-6da7-448f-9cae-f629f00b5e08/ozone-meta/datanode-2/meta/dn/certs/ROOTCA-1.crt.
2025-07-02 18:52:00,361 [main] INFO  client.DNCertificateClient (DefaultCertificateClient.java:readCertificateFile(247)) - Added certificate 2 from file: /home/runner/work/ozone/ozone/hadoop-ozone/integration-test/target/test-dir/MiniOzoneClusterImpl-ff054ab7-6da7-448f-9cae-f629f00b5e08/ozone-meta/datanode-2/meta/dn/certs/CA-2.crt.
2025-07-02 18:52:00,362 [main] INFO  client.DNCertificateClient (DefaultCertificateClient.java:readCertificateFile(247)) - Added certificate 7 from file: /home/runner/work/ozone/ozone/hadoop-ozone/integration-test/target/test-dir/MiniOzoneClusterImpl-ff054ab7-6da7-448f-9cae-f629f00b5e08/ozone-meta/datanode-2/meta/dn/certs/7.crt.
2025-07-02 18:52:00,363 [main] INFO  client.DNCertificateClient (DefaultCertificateClient.java:startCertificateRenewerService(1380)) - CertificateRenewerService for dn is started with first delay 29116799637 ms and interval 86400000 ms.
2025-07-02 18:52:00,366 [main] INFO  client.DNCertificateClient (DefaultCertificateClient.java:recoverStateIfNeeded(812)) - Successfully stored DN signed certificate, case:GETCERT.
2025-07-02 18:52:00,367 [main] INFO  ha.SCMNodeInfo (SCMNodeInfo.java:getPort(197)) - ConfigKey ozone.scm.client.address is deprecated, For configuring different ports for each SCM use PortConfigKey ozone.scm.client.port appended with serviceId and nodeId
2025-07-02 18:52:00,367 [main] INFO  ha.SCMNodeInfo (SCMNodeInfo.java:getPort(197)) - ConfigKey ozone.scm.block.client.address is deprecated, For configuring different ports for each SCM use PortConfigKey ozone.scm.block.client.port appended with serviceId and nodeId
2025-07-02 18:52:00,367 [main] INFO  ha.SCMNodeInfo (SCMNodeInfo.java:getPort(197)) - ConfigKey ozone.scm.security.service.address is deprecated, For configuring different ports for each SCM use PortConfigKey ozone.scm.security.service.port appended with serviceId and nodeId
2025-07-02 18:52:00,367 [main] INFO  ha.SCMNodeInfo (SCMNodeInfo.java:getPort(197)) - ConfigKey ozone.scm.datanode.address is deprecated, For configuring different ports for each SCM use PortConfigKey ozone.scm.datanode.port appended with serviceId and nodeId
2025-07-02 18:52:00,367 [main] INFO  ha.SCMNodeInfo (SCMNodeInfo.java:getPort(197)) - ConfigKey ozone.scm.client.address is deprecated, For configuring different ports for each SCM use PortConfigKey ozone.scm.client.port appended with serviceId and nodeId
2025-07-02 18:52:00,367 [main] INFO  ha.SCMNodeInfo (SCMNodeInfo.java:getPort(197)) - ConfigKey ozone.scm.block.client.address is deprecated, For configuring different ports for each SCM use PortConfigKey ozone.scm.block.client.port appended with serviceId and nodeId
2025-07-02 18:52:00,367 [main] INFO  ha.SCMNodeInfo (SCMNodeInfo.java:getPort(197)) - ConfigKey ozone.scm.security.service.address is deprecated, For configuring different ports for each SCM use PortConfigKey ozone.scm.security.service.port appended with serviceId and nodeId
2025-07-02 18:52:00,367 [main] INFO  ha.SCMNodeInfo (SCMNodeInfo.java:getPort(197)) - ConfigKey ozone.scm.datanode.address is deprecated, For configuring different ports for each SCM use PortConfigKey ozone.scm.datanode.port appended with serviceId and nodeId
2025-07-02 18:52:00,367 [main] INFO  ha.SCMNodeInfo (SCMNodeInfo.java:getPort(197)) - ConfigKey ozone.scm.client.address is deprecated, For configuring different ports for each SCM use PortConfigKey ozone.scm.client.port appended with serviceId and nodeId
2025-07-02 18:52:00,367 [main] INFO  ha.SCMNodeInfo (SCMNodeInfo.java:getPort(197)) - ConfigKey ozone.scm.block.client.address is deprecated, For configuring different ports for each SCM use PortConfigKey ozone.scm.block.client.port appended with serviceId and nodeId
2025-07-02 18:52:00,367 [main] INFO  ha.SCMNodeInfo (SCMNodeInfo.java:getPort(197)) - ConfigKey ozone.scm.security.service.address is deprecated, For configuring different ports for each SCM use PortConfigKey ozone.scm.security.service.port appended with serviceId and nodeId
2025-07-02 18:52:00,368 [main] INFO  ha.SCMNodeInfo (SCMNodeInfo.java:getPort(197)) - ConfigKey ozone.scm.datanode.address is deprecated, For configuring different ports for each SCM use PortConfigKey ozone.scm.datanode.port appended with serviceId and nodeId
2025-07-02 18:52:00,368 [main] INFO  proxy.SecretKeyProtocolFailoverProxyProvider (SCMFailoverProxyProviderBase.java:<init>(120)) - Created fail-over proxy for protocol SecretKeyProtocolDatanodePB with 3 nodes: [nodeId=scmNode-2,nodeAddress=/127.0.0.1:15010, nodeId=scmNode-3,nodeAddress=/127.0.0.1:15018, nodeId=scmNode-1,nodeAddress=/127.0.0.1:15002]
2025-07-02 18:52:00,368 [main] INFO  symmetric.DefaultSecretKeyVerifierClient (DefaultSecretKeyVerifierClient.java:<init>(76)) - Initializing secret key cache with size 4, TTL PT8M20S
2025-07-02 18:52:00,374 [Socket Reader #1 for port 15002] INFO  ipc.Server (Server.java:saslProcess(2290)) - Auth successful for scm/localhost@EXAMPLE.COM (auth:KERBEROS) from 127.0.0.1:34445
2025-07-02 18:52:00,376 [main] INFO  symmetric.DefaultSecretKeySignerClient (DefaultSecretKeySignerClient.java:start(83)) - Initial secret key fetched from SCM: SecretKey(id = 45b1e288-be58-412a-8e87-841ece61fad4, creation at: 2025-07-02T18:51:41.729Z, expire at: 2025-07-02T19:00:01.729Z).
2025-07-02 18:52:00,377 [main] INFO  symmetric.DefaultSecretKeySignerClient (DefaultSecretKeySignerClient.java:scheduleSecretKeyPoller(149)) - Scheduling SecretKeyPoller with initial delay of PT8M1.35198304S and interval of PT8M20S
2025-07-02 18:52:00,379 [main] WARN  statemachine.DatanodeConfiguration (DatanodeConfiguration.java:validateMinFreeSpace(751)) - hdds.datanode.volume.min.free.space.percent = -1.0 is invalid, should be between 0 and 1
2025-07-02 18:52:00,380 [main] INFO  upgrade.AbstractLayoutVersionManager (AbstractLayoutVersionManager.java:init(80)) - Initializing Layout version manager with metadata layout = HBASE_SUPPORT (version = 8), software layout = HBASE_SUPPORT (version = 8)
2025-07-02 18:52:00,381 [main] INFO  ha.SCMNodeInfo (SCMNodeInfo.java:getPort(197)) - ConfigKey ozone.scm.client.address is deprecated, For configuring different ports for each SCM use PortConfigKey ozone.scm.client.port appended with serviceId and nodeId
2025-07-02 18:52:00,381 [main] INFO  ha.SCMNodeInfo (SCMNodeInfo.java:getPort(197)) - ConfigKey ozone.scm.block.client.address is deprecated, For configuring different ports for each SCM use PortConfigKey ozone.scm.block.client.port appended with serviceId and nodeId
2025-07-02 18:52:00,381 [main] INFO  ha.SCMNodeInfo (SCMNodeInfo.java:getPort(197)) - ConfigKey ozone.scm.security.service.address is deprecated, For configuring different ports for each SCM use PortConfigKey ozone.scm.security.service.port appended with serviceId and nodeId
2025-07-02 18:52:00,381 [main] INFO  ha.SCMNodeInfo (SCMNodeInfo.java:getPort(197)) - ConfigKey ozone.scm.datanode.address is deprecated, For configuring different ports for each SCM use PortConfigKey ozone.scm.datanode.port appended with serviceId and nodeId
2025-07-02 18:52:00,381 [main] INFO  ha.SCMNodeInfo (SCMNodeInfo.java:getPort(197)) - ConfigKey ozone.scm.client.address is deprecated, For configuring different ports for each SCM use PortConfigKey ozone.scm.client.port appended with serviceId and nodeId
2025-07-02 18:52:00,381 [main] INFO  ha.SCMNodeInfo (SCMNodeInfo.java:getPort(197)) - ConfigKey ozone.scm.block.client.address is deprecated, For configuring different ports for each SCM use PortConfigKey ozone.scm.block.client.port appended with serviceId and nodeId
2025-07-02 18:52:00,381 [main] INFO  ha.SCMNodeInfo (SCMNodeInfo.java:getPort(197)) - ConfigKey ozone.scm.security.service.address is deprecated, For configuring different ports for each SCM use PortConfigKey ozone.scm.security.service.port appended with serviceId and nodeId
2025-07-02 18:52:00,381 [main] INFO  ha.SCMNodeInfo (SCMNodeInfo.java:getPort(197)) - ConfigKey ozone.scm.datanode.address is deprecated, For configuring different ports for each SCM use PortConfigKey ozone.scm.datanode.port appended with serviceId and nodeId
2025-07-02 18:52:00,381 [main] INFO  ha.SCMNodeInfo (SCMNodeInfo.java:getPort(197)) - ConfigKey ozone.scm.client.address is deprecated, For configuring different ports for each SCM use PortConfigKey ozone.scm.client.port appended with serviceId and nodeId
2025-07-02 18:52:00,381 [main] INFO  ha.SCMNodeInfo (SCMNodeInfo.java:getPort(197)) - ConfigKey ozone.scm.block.client.address is deprecated, For configuring different ports for each SCM use PortConfigKey ozone.scm.block.client.port appended with serviceId and nodeId
2025-07-02 18:52:00,381 [main] INFO  ha.SCMNodeInfo (SCMNodeInfo.java:getPort(197)) - ConfigKey ozone.scm.security.service.address is deprecated, For configuring different ports for each SCM use PortConfigKey ozone.scm.security.service.port appended with serviceId and nodeId
2025-07-02 18:52:00,382 [main] INFO  ha.SCMNodeInfo (SCMNodeInfo.java:getPort(197)) - ConfigKey ozone.scm.datanode.address is deprecated, For configuring different ports for each SCM use PortConfigKey ozone.scm.datanode.port appended with serviceId and nodeId
2025-07-02 18:52:00,382 [main] INFO  statemachine.DatanodeStateMachine (DatanodeStateMachine.java:getEndPointTaskThreadPoolSize(305)) - Datanode State Machine Task Thread Pool size 4
2025-07-02 18:52:00,382 [main] WARN  statemachine.DatanodeConfiguration (DatanodeConfiguration.java:validateMinFreeSpace(751)) - hdds.datanode.volume.min.free.space.percent = -1.0 is invalid, should be between 0 and 1
2025-07-02 18:52:00,383 [main] WARN  statemachine.DatanodeConfiguration (DatanodeConfiguration.java:validateMinFreeSpace(751)) - hdds.datanode.volume.min.free.space.percent = -1.0 is invalid, should be between 0 and 1
2025-07-02 18:52:00,385 [main] WARN  statemachine.DatanodeConfiguration (DatanodeConfiguration.java:validateMinFreeSpace(751)) - hdds.datanode.volume.min.free.space.percent = -1.0 is invalid, should be between 0 and 1
2025-07-02 18:52:00,386 [main] WARN  statemachine.DatanodeConfiguration (DatanodeConfiguration.java:validateMinFreeSpace(751)) - hdds.datanode.volume.min.free.space.percent = -1.0 is invalid, should be between 0 and 1
2025-07-02 18:52:00,388 [main] INFO  volume.HddsVolume (HddsVolume.java:<init>(162)) - HddsVolume: { id=DS-6355d453-c0fc-4d6e-af81-640d81f37732 dir=/home/runner/work/ozone/ozone/hadoop-ozone/integration-test/target/test-dir/MiniOzoneClusterImpl-ff054ab7-6da7-448f-9cae-f629f00b5e08/ozone-meta/datanode-2/data-0/hdds type=DISK capacity=9222449699674390527 used=0 available=9222449699674390527 minFree=9222450130714624 committed=0 }
2025-07-02 18:52:00,388 [main] INFO  volume.MutableVolumeSet (MutableVolumeSet.java:initializeVolumeSet(167)) - Added Volume : /home/runner/work/ozone/ozone/hadoop-ozone/integration-test/target/test-dir/MiniOzoneClusterImpl-ff054ab7-6da7-448f-9cae-f629f00b5e08/ozone-meta/datanode-2/data-0/hdds to VolumeSet
2025-07-02 18:52:00,390 [main] WARN  statemachine.DatanodeConfiguration (DatanodeConfiguration.java:validateMinFreeSpace(751)) - hdds.datanode.volume.min.free.space.percent = -1.0 is invalid, should be between 0 and 1
2025-07-02 18:52:00,391 [main] WARN  statemachine.DatanodeConfiguration (DatanodeConfiguration.java:validateMinFreeSpace(751)) - hdds.datanode.volume.min.free.space.percent = -1.0 is invalid, should be between 0 and 1
2025-07-02 18:52:00,391 [main] INFO  volume.MutableVolumeSet (MutableVolumeSet.java:initializeVolumeSet(167)) - Added Volume : /home/runner/work/ozone/ozone/hadoop-ozone/integration-test/target/test-dir/MiniOzoneClusterImpl-ff054ab7-6da7-448f-9cae-f629f00b5e08/ozone-meta/datanode-2/ratis to VolumeSet
2025-07-02 18:52:00,392 [main] WARN  statemachine.DatanodeConfiguration (DatanodeConfiguration.java:validateMinFreeSpace(751)) - hdds.datanode.volume.min.free.space.percent = -1.0 is invalid, should be between 0 and 1
2025-07-02 18:52:00,393 [main] WARN  statemachine.DatanodeConfiguration (DatanodeConfiguration.java:validateMinFreeSpace(751)) - hdds.datanode.volume.min.free.space.percent = -1.0 is invalid, should be between 0 and 1
2025-07-02 18:52:00,393 [main] INFO  ozoneimpl.OzoneContainer (HddsVolumeUtil.java:loadAllHddsVolumeDbStore(102)) - Load 1 volumes DbStore cost: 1ms
2025-07-02 18:52:00,394 [main] WARN  db.DBStoreBuilder (DBStoreBuilder.java:getDBDirPath(159)) - ozone.scm.datanode.id.dir is not configured. We recommend adding this setting. Falling back to ozone.metadata.dirs instead.
2025-07-02 18:52:00,395 [main] WARN  statemachine.DatanodeConfiguration (DatanodeConfiguration.java:validateMinFreeSpace(751)) - hdds.datanode.volume.min.free.space.percent = -1.0 is invalid, should be between 0 and 1
2025-07-02 18:52:00,395 [main] WARN  db.DBStoreBuilder (DBStoreBuilder.java:getDBDirPath(159)) - ozone.scm.datanode.id.dir is not configured. We recommend adding this setting. Falling back to ozone.metadata.dirs instead.
2025-07-02 18:52:00,418 [main] WARN  statemachine.DatanodeConfiguration (DatanodeConfiguration.java:validateMinFreeSpace(751)) - hdds.datanode.volume.min.free.space.percent = -1.0 is invalid, should be between 0 and 1
2025-07-02 18:52:00,419 [main] WARN  statemachine.DatanodeConfiguration (DatanodeConfiguration.java:validateMinFreeSpace(751)) - hdds.datanode.volume.min.free.space.percent = -1.0 is invalid, should be between 0 and 1
2025-07-02 18:52:00,419 [main] INFO  impl.FilePerChunkStrategy (FilePerChunkStrategy.java:<init>(79)) - ozone.chunk.read.mapped.buffer.max.count is load with 0
2025-07-02 18:52:00,419 [main] INFO  impl.FilePerBlockStrategy (FilePerBlockStrategy.java:<init>(88)) - ozone.chunk.read.mapped.buffer.max.count is load with 0
2025-07-02 18:52:00,419 [main] WARN  statemachine.DatanodeConfiguration (DatanodeConfiguration.java:validateMinFreeSpace(751)) - hdds.datanode.volume.min.free.space.percent = -1.0 is invalid, should be between 0 and 1
2025-07-02 18:52:00,420 [main] INFO  server.RaftServerConfigKeys (ConfUtils.java:logGet(62)) - raft.server.log.appender.buffer.byte-limit = 33554432 (custom)
2025-07-02 18:52:00,422 [main] INFO  grpc.GrpcConfigKeys (ConfUtils.java:logFallback(69)) - raft.grpc.admin.host = null (fallback to raft.grpc.server.host)
2025-07-02 18:52:00,422 [main] INFO  grpc.GrpcConfigKeys (ConfUtils.java:logGet(62)) - raft.grpc.admin.port = 15058 (custom)
2025-07-02 18:52:00,423 [main] INFO  grpc.GrpcConfigKeys (ConfUtils.java:logFallback(69)) - raft.grpc.client.host = null (fallback to raft.grpc.server.host)
2025-07-02 18:52:00,423 [main] INFO  grpc.GrpcConfigKeys (ConfUtils.java:logGet(62)) - raft.grpc.client.port = 15057 (custom)
2025-07-02 18:52:00,423 [main] INFO  grpc.GrpcConfigKeys (ConfUtils.java:logGet(62)) - raft.grpc.server.port = 15059 (custom)
2025-07-02 18:52:00,423 [main] INFO  server.GrpcServicesImpl (ConfUtils.java:logGet(62)) - raft.grpc.message.size.max = 34603008 (custom)
2025-07-02 18:52:00,423 [main] INFO  server.GrpcServicesImpl (ConfUtils.java:logGet(62)) - raft.grpc.flow.control.window = 5MB (=5242880) (custom)
2025-07-02 18:52:00,423 [main] INFO  server.RaftServerConfigKeys (ConfUtils.java:logGet(62)) - raft.server.log.appender.buffer.byte-limit = 33554432 (custom)
2025-07-02 18:52:00,425 [main] INFO  netty.NettyUtils (NettyUtils.java:newEventLoopGroup(74)) - Create EpollEventLoopGroup for fff6918d-693a-4f9d-b154-ded16baf39a4-NettyServerStreamRpc-bossGroup; Thread size is 0.
2025-07-02 18:52:00,426 [main] INFO  netty.NettyUtils (NettyUtils.java:newEventLoopGroup(74)) - Create EpollEventLoopGroup for fff6918d-693a-4f9d-b154-ded16baf39a4-NettyServerStreamRpc-workerGroup; Thread size is 0.
2025-07-02 18:52:00,426 [main] INFO  netty.NettyConfigKeys$DataStream (ConfUtils.java:logGet(62)) - raft.netty.dataStream.port = 15060 (custom)
2025-07-02 18:52:00,427 [main] INFO  server.RaftServerConfigKeys (ConfUtils.java:logGet(62)) - raft.server.storage.dir = [/home/runner/work/ozone/ozone/hadoop-ozone/integration-test/target/test-dir/MiniOzoneClusterImpl-ff054ab7-6da7-448f-9cae-f629f00b5e08/ozone-meta/datanode-2/ratis] (custom)
2025-07-02 18:52:00,427 [fff6918d-693a-4f9d-b154-ded16baf39a4-NettyServerStreamRpc-bossGroup--thread1] INFO  logging.LoggingHandler (AbstractInternalLogger.java:log(148)) - [id: 0xc0c644b8] REGISTERED
2025-07-02 18:52:00,427 [fff6918d-693a-4f9d-b154-ded16baf39a4-NettyServerStreamRpc-bossGroup--thread1] INFO  logging.LoggingHandler (AbstractInternalLogger.java:log(148)) - [id: 0xc0c644b8] BIND: 0.0.0.0/0.0.0.0:15060
2025-07-02 18:52:00,427 [fff6918d-693a-4f9d-b154-ded16baf39a4-impl-thread1] INFO  server.RaftServer (RaftServerProxy.java:initGroupDir(270)) - fff6918d-693a-4f9d-b154-ded16baf39a4: found a subdirectory /home/runner/work/ozone/ozone/hadoop-ozone/integration-test/target/test-dir/MiniOzoneClusterImpl-ff054ab7-6da7-448f-9cae-f629f00b5e08/ozone-meta/datanode-2/ratis/tmp
2025-07-02 18:52:00,428 [fff6918d-693a-4f9d-b154-ded16baf39a4-NettyServerStreamRpc-bossGroup--thread1] INFO  logging.LoggingHandler (AbstractInternalLogger.java:log(148)) - [id: 0xc0c644b8, L:/0.0.0.0:15060] ACTIVE
2025-07-02 18:52:00,428 [fff6918d-693a-4f9d-b154-ded16baf39a4-impl-thread1] INFO  server.RaftServer (RaftServerProxy.java:initGroupDir(275)) - fff6918d-693a-4f9d-b154-ded16baf39a4: The directory /home/runner/work/ozone/ozone/hadoop-ozone/integration-test/target/test-dir/MiniOzoneClusterImpl-ff054ab7-6da7-448f-9cae-f629f00b5e08/ozone-meta/datanode-2/ratis/tmp is not a group directory; ignoring it. 
2025-07-02 18:52:00,428 [main] INFO  replication.ReplicationServer (ReplicationServer.java:<init>(84)) - Initializing replication server with thread count = 10 queue length = 4096
2025-07-02 18:52:00,429 [main] WARN  statemachine.DatanodeConfiguration (DatanodeConfiguration.java:validateMinFreeSpace(751)) - hdds.datanode.volume.min.free.space.percent = -1.0 is invalid, should be between 0 and 1
2025-07-02 18:52:00,429 [main] INFO  server.XceiverServerGrpc (XceiverServerGrpc.java:<init>(130)) - GrpcServer channel type EpollServerSocketChannel
2025-07-02 18:52:00,430 [main] WARN  statemachine.DatanodeConfiguration (DatanodeConfiguration.java:validateMinFreeSpace(751)) - hdds.datanode.volume.min.free.space.percent = -1.0 is invalid, should be between 0 and 1
2025-07-02 18:52:00,431 [main] INFO  replication.ReplicationSupervisor (ReplicationSupervisor.java:build(169)) - Initializing replication supervisor with thread count = 10
2025-07-02 18:52:00,431 [main] INFO  replication.ReplicationSupervisor (ReplicationSupervisor.java:nodeStateUpdated(358)) - Node state updated to IN_SERVICE, scaling executor pool size to 10
2025-07-02 18:52:00,431 [main] INFO  client.DNCertificateClient (DefaultCertificateClient.java:getAllCaCerts(979)) - dn has 2 CA certificates
2025-07-02 18:52:00,431 [main] INFO  client.DNCertificateClient (DefaultCertificateClient.java:getAllRootCaCerts(971)) - dn has 1 Root CA certificates
2025-07-02 18:52:00,432 [main] INFO  client.DNCertificateClient (DefaultCertificateClient.java:getAllCaCerts(979)) - dn has 2 CA certificates
2025-07-02 18:52:00,432 [main] INFO  client.DNCertificateClient (DefaultCertificateClient.java:getAllRootCaCerts(971)) - dn has 1 Root CA certificates
2025-07-02 18:52:00,433 [main] WARN  statemachine.DatanodeConfiguration (DatanodeConfiguration.java:validateMinFreeSpace(751)) - hdds.datanode.volume.min.free.space.percent = -1.0 is invalid, should be between 0 and 1
2025-07-02 18:52:00,435 [main] INFO  http.BaseHttpServer (BaseHttpServer.java:newHttpServer2BuilderForOzone(229)) - Starting Web-server for hddsDatanode at: http://0.0.0.0:15054
2025-07-02 18:52:00,435 [main] INFO  http.BaseHttpServer (BaseHttpServer.java:<init>(107)) - Hadoop Security Enabled: true Ozone Security Enabled: true Ozone HTTP Security Enabled: false 
2025-07-02 18:52:00,437 [main] WARN  server.AuthenticationFilter (AuthenticationFilter.java:constructSecretProvider(240)) - Unable to initialize FileSignerSecretProvider, falling back to use random secrets. Reason: Could not read signature secret file: /home/runner/hadoop-http-auth-signature-secret
2025-07-02 18:52:00,440 [main] INFO  http.HttpServer2 (HttpServer2.java:addGlobalFilter(1042)) - Added global filter 'safety' (class=org.apache.hadoop.hdds.server.http.HttpServer2$QuotingInputFilter)
2025-07-02 18:52:00,441 [main] INFO  http.HttpServer2 (HttpServer2.java:addFilter(1018)) - Added filter static_user_filter (class=org.apache.hadoop.http.lib.StaticUserWebFilter$StaticUserFilter) to context hddsDatanode
2025-07-02 18:52:00,441 [main] INFO  http.HttpServer2 (HttpServer2.java:addFilter(1026)) - Added filter static_user_filter (class=org.apache.hadoop.http.lib.StaticUserWebFilter$StaticUserFilter) to context logs
2025-07-02 18:52:00,441 [main] INFO  http.HttpServer2 (HttpServer2.java:addFilter(1026)) - Added filter static_user_filter (class=org.apache.hadoop.http.lib.StaticUserWebFilter$StaticUserFilter) to context static
2025-07-02 18:52:00,442 [main] INFO  http.BaseHttpServer (BaseHttpServer.java:<init>(195)) - HTTP server of hddsDatanode uses base directory /home/runner/work/ozone/ozone/hadoop-ozone/integration-test/target/test-dir/MiniOzoneClusterImpl-ff054ab7-6da7-448f-9cae-f629f00b5e08/ozone-meta/datanode-2/meta/webserver
2025-07-02 18:52:00,442 [main] INFO  http.HttpServer2 (HttpServer2.java:bindListener(1242)) - Jetty bound to port 15054
2025-07-02 18:52:00,442 [main] INFO  server.Server (Server.java:doStart(375)) - jetty-9.4.57.v20241219; built: 2025-01-08T21:24:30.412Z; git: df524e6b29271c2e09ba9aea83c18dc9db464a31; jvm 21.0.7+6-LTS
2025-07-02 18:52:00,444 [main] INFO  server.session (DefaultSessionIdManager.java:doStart(334)) - DefaultSessionIdManager workerName=node0
2025-07-02 18:52:00,444 [main] INFO  server.session (DefaultSessionIdManager.java:doStart(339)) - No SessionScavenger set, using defaults
2025-07-02 18:52:00,444 [main] INFO  server.session (HouseKeeper.java:startScavenging(132)) - node0 Scavenging every 660000ms
2025-07-02 18:52:00,445 [main] INFO  handler.ContextHandler (ContextHandler.java:doStart(921)) - Started o.e.j.s.ServletContextHandler@78573856{logs,/logs,file:///home/runner/work/ozone/ozone/hadoop-ozone/integration-test/target/log,AVAILABLE}
2025-07-02 18:52:00,445 [main] INFO  handler.ContextHandler (ContextHandler.java:doStart(921)) - Started o.e.j.s.ServletContextHandler@35f15782{static,/static,jar:file:/home/runner/work/ozone/ozone/hadoop-hdds/container-service/target/hdds-container-service-2.1.0-SNAPSHOT.jar!/webapps/static,AVAILABLE}
2025-07-02 18:52:00,576 [Socket Reader #2 for port 15012] INFO  ipc.Server (Server.java:saslProcess(2290)) - Auth successful for scm/localhost@EXAMPLE.COM (auth:KERBEROS) from 127.0.0.1:40897
2025-07-02 18:52:00,581 [Socket Reader #2 for port 15004] INFO  ipc.Server (Server.java:saslProcess(2290)) - Auth successful for scm/localhost@EXAMPLE.COM (auth:KERBEROS) from 127.0.0.1:36939
2025-07-02 18:52:00,583 [Socket Reader #2 for port 15020] INFO  ipc.Server (Server.java:saslProcess(2290)) - Auth successful for scm/localhost@EXAMPLE.COM (auth:KERBEROS) from 127.0.0.1:44447
2025-07-02 18:52:00,608 [main] INFO  handler.ContextHandler (ContextHandler.java:doStart(921)) - Started o.e.j.w.WebAppContext@f96ee33{hddsDatanode,/,file:///home/runner/work/ozone/ozone/hadoop-ozone/integration-test/target/test-dir/MiniOzoneClusterImpl-ff054ab7-6da7-448f-9cae-f629f00b5e08/ozone-meta/datanode-2/meta/webserver/jetty-0_0_0_0-15054-hdds-container-service-2_1_0-SNAPSHOT_jar-_-any-7532674760603003643/webapp/,AVAILABLE}{jar:file:/home/runner/work/ozone/ozone/hadoop-hdds/container-service/target/hdds-container-service-2.1.0-SNAPSHOT.jar!/webapps/hddsDatanode}
2025-07-02 18:52:00,609 [main] INFO  server.AbstractConnector (AbstractConnector.java:doStart(333)) - Started ServerConnector@21ef2655{HTTP/1.1, (http/1.1)}{0.0.0.0:15054}
2025-07-02 18:52:00,609 [main] INFO  server.Server (Server.java:doStart(415)) - Started @35146ms
2025-07-02 18:52:00,610 [main] WARN  impl.MetricsSystemImpl (MetricsSystemImpl.java:register(279)) - Sink prometheus already exists!
2025-07-02 18:52:00,610 [main] INFO  http.BaseHttpServer (BaseHttpServer.java:updateConnectorAddress(359)) - HTTP server of hddsDatanode listening at http://localhost:15054
2025-07-02 18:52:00,611 [main] INFO  ipc.CallQueueManager (CallQueueManager.java:<init>(93)) - Using callQueue: class java.util.concurrent.LinkedBlockingQueue, queueCapacity: 1000, scheduler: class org.apache.hadoop.ipc.DefaultRpcScheduler, ipcBackoff: false, ipcFailOver: false.
2025-07-02 18:52:00,612 [main] INFO  ipc.Server (Server.java:<init>(1438)) - Listener at 0.0.0.0:15055
2025-07-02 18:52:00,613 [Socket Reader #1 for port 15055] INFO  ipc.Server (Server.java:run(1474)) - Starting Socket Reader #1 for port 15055
2025-07-02 18:52:00,613 [Socket Reader #2 for port 15055] INFO  ipc.Server (Server.java:run(1474)) - Starting Socket Reader #2 for port 15055
2025-07-02 18:52:00,614 [Socket Reader #3 for port 15055] INFO  ipc.Server (Server.java:run(1474)) - Starting Socket Reader #3 for port 15055
2025-07-02 18:52:00,615 [Socket Reader #5 for port 15055] INFO  ipc.Server (Server.java:run(1474)) - Starting Socket Reader #5 for port 15055
2025-07-02 18:52:00,616 [Socket Reader #6 for port 15055] INFO  ipc.Server (Server.java:run(1474)) - Starting Socket Reader #6 for port 15055
2025-07-02 18:52:00,616 [Socket Reader #7 for port 15055] INFO  ipc.Server (Server.java:run(1474)) - Starting Socket Reader #7 for port 15055
2025-07-02 18:52:00,616 [Socket Reader #8 for port 15055] INFO  ipc.Server (Server.java:run(1474)) - Starting Socket Reader #8 for port 15055
2025-07-02 18:52:00,616 [Socket Reader #9 for port 15055] INFO  ipc.Server (Server.java:run(1474)) - Starting Socket Reader #9 for port 15055
2025-07-02 18:52:00,617 [Socket Reader #4 for port 15055] INFO  ipc.Server (Server.java:run(1474)) - Starting Socket Reader #4 for port 15055
2025-07-02 18:52:00,617 [Socket Reader #10 for port 15055] INFO  ipc.Server (Server.java:run(1474)) - Starting Socket Reader #10 for port 15055
2025-07-02 18:52:00,620 [main] INFO  ozone.HddsDatanodeService (HddsDatanodeService.java:start(333)) - Datanode start with admins: [runner, scm]
2025-07-02 18:52:00,621 [main] INFO  ozone.HddsDatanodeClientProtocolServer (HddsDatanodeClientProtocolServer.java:start(76)) - RPC server for Client /0.0.0.0:15055
2025-07-02 18:52:00,622 [IPC Server Responder] INFO  ipc.Server (Server.java:run(1713)) - IPC Server Responder: starting
2025-07-02 18:52:00,622 [IPC Server listener on 15055] INFO  ipc.Server (Server.java:run(1553)) - IPC Server listener on 15055: starting
2025-07-02 18:52:00,626 [main] WARN  dropwizard3.Dm3MetricRegistriesImpl (Dm3MetricRegistriesImpl.java:addReporterRegistration(114)) - New reporters are added after registries were created. Some metrics will be missing from the reporter. Please add reporter before adding any new registry.
2025-07-02 18:52:00,627 [main] WARN  dropwizard3.Dm3MetricRegistriesImpl (Dm3MetricRegistriesImpl.java:addReporterRegistration(114)) - New reporters are added after registries were created. Some metrics will be missing from the reporter. Please add reporter before adding any new registry.
2025-07-02 18:52:00,627 [main] INFO  impl.MetricsSystemImpl (MetricsSystemImpl.java:init(158)) - HddsDatanode metrics system started (again)
2025-07-02 18:52:00,630 [a1153de0-65c4-400c-ae9f-71c02a590f14-EndpointStateMachineTaskThread-/127.0.0.1:15020-0 ] WARN  statemachine.DatanodeConfiguration (DatanodeConfiguration.java:validateMinFreeSpace(751)) - hdds.datanode.volume.min.free.space.percent = -1.0 is invalid, should be between 0 and 1
2025-07-02 18:52:00,631 [a1153de0-65c4-400c-ae9f-71c02a590f14-EndpointStateMachineTaskThread-/127.0.0.1:15020-0 ] WARN  statemachine.DatanodeConfiguration (DatanodeConfiguration.java:validateMinFreeSpace(751)) - hdds.datanode.volume.min.free.space.percent = -1.0 is invalid, should be between 0 and 1
2025-07-02 18:52:00,632 [fff6918d-693a-4f9d-b154-ded16baf39a4-DatanodeStateMachineDaemonThread] INFO  statemachine.DatanodeStateMachine (DatanodeStateMachine.java:startStateMachineThread(347)) - Ozone container server started.
2025-07-02 18:52:00,632 [fff6918d-693a-4f9d-b154-ded16baf39a4-DatanodeStateMachineTaskThread-0] INFO  ha.SCMNodeInfo (SCMNodeInfo.java:getPort(197)) - ConfigKey ozone.scm.client.address is deprecated, For configuring different ports for each SCM use PortConfigKey ozone.scm.client.port appended with serviceId and nodeId
2025-07-02 18:52:00,632 [fff6918d-693a-4f9d-b154-ded16baf39a4-DatanodeStateMachineTaskThread-0] INFO  ha.SCMNodeInfo (SCMNodeInfo.java:getPort(197)) - ConfigKey ozone.scm.block.client.address is deprecated, For configuring different ports for each SCM use PortConfigKey ozone.scm.block.client.port appended with serviceId and nodeId
2025-07-02 18:52:00,632 [fff6918d-693a-4f9d-b154-ded16baf39a4-DatanodeStateMachineTaskThread-0] INFO  ha.SCMNodeInfo (SCMNodeInfo.java:getPort(197)) - ConfigKey ozone.scm.security.service.address is deprecated, For configuring different ports for each SCM use PortConfigKey ozone.scm.security.service.port appended with serviceId and nodeId
2025-07-02 18:52:00,632 [fff6918d-693a-4f9d-b154-ded16baf39a4-DatanodeStateMachineTaskThread-0] INFO  ha.SCMNodeInfo (SCMNodeInfo.java:getPort(197)) - ConfigKey ozone.scm.datanode.address is deprecated, For configuring different ports for each SCM use PortConfigKey ozone.scm.datanode.port appended with serviceId and nodeId
2025-07-02 18:52:00,632 [fff6918d-693a-4f9d-b154-ded16baf39a4-DatanodeStateMachineTaskThread-0] INFO  ha.SCMNodeInfo (SCMNodeInfo.java:getPort(197)) - ConfigKey ozone.scm.client.address is deprecated, For configuring different ports for each SCM use PortConfigKey ozone.scm.client.port appended with serviceId and nodeId
2025-07-02 18:52:00,633 [fff6918d-693a-4f9d-b154-ded16baf39a4-DatanodeStateMachineTaskThread-0] INFO  ha.SCMNodeInfo (SCMNodeInfo.java:getPort(197)) - ConfigKey ozone.scm.block.client.address is deprecated, For configuring different ports for each SCM use PortConfigKey ozone.scm.block.client.port appended with serviceId and nodeId
2025-07-02 18:52:00,633 [fff6918d-693a-4f9d-b154-ded16baf39a4-DatanodeStateMachineTaskThread-0] INFO  ha.SCMNodeInfo (SCMNodeInfo.java:getPort(197)) - ConfigKey ozone.scm.security.service.address is deprecated, For configuring different ports for each SCM use PortConfigKey ozone.scm.security.service.port appended with serviceId and nodeId
2025-07-02 18:52:00,633 [fff6918d-693a-4f9d-b154-ded16baf39a4-DatanodeStateMachineTaskThread-0] INFO  ha.SCMNodeInfo (SCMNodeInfo.java:getPort(197)) - ConfigKey ozone.scm.datanode.address is deprecated, For configuring different ports for each SCM use PortConfigKey ozone.scm.datanode.port appended with serviceId and nodeId
2025-07-02 18:52:00,633 [fff6918d-693a-4f9d-b154-ded16baf39a4-DatanodeStateMachineTaskThread-0] INFO  ha.SCMNodeInfo (SCMNodeInfo.java:getPort(197)) - ConfigKey ozone.scm.client.address is deprecated, For configuring different ports for each SCM use PortConfigKey ozone.scm.client.port appended with serviceId and nodeId
2025-07-02 18:52:00,633 [fff6918d-693a-4f9d-b154-ded16baf39a4-DatanodeStateMachineTaskThread-0] INFO  ha.SCMNodeInfo (SCMNodeInfo.java:getPort(197)) - ConfigKey ozone.scm.block.client.address is deprecated, For configuring different ports for each SCM use PortConfigKey ozone.scm.block.client.port appended with serviceId and nodeId
2025-07-02 18:52:00,633 [fff6918d-693a-4f9d-b154-ded16baf39a4-DatanodeStateMachineTaskThread-0] INFO  ha.SCMNodeInfo (SCMNodeInfo.java:getPort(197)) - ConfigKey ozone.scm.security.service.address is deprecated, For configuring different ports for each SCM use PortConfigKey ozone.scm.security.service.port appended with serviceId and nodeId
2025-07-02 18:52:00,633 [fff6918d-693a-4f9d-b154-ded16baf39a4-DatanodeStateMachineTaskThread-0] INFO  ha.SCMNodeInfo (SCMNodeInfo.java:getPort(197)) - ConfigKey ozone.scm.datanode.address is deprecated, For configuring different ports for each SCM use PortConfigKey ozone.scm.datanode.port appended with serviceId and nodeId
2025-07-02 18:52:00,637 [a1153de0-65c4-400c-ae9f-71c02a590f14-EndpointStateMachineTaskThread-/127.0.0.1:15020-0 ] WARN  statemachine.DatanodeConfiguration (DatanodeConfiguration.java:validateMinFreeSpace(751)) - hdds.datanode.volume.min.free.space.percent = -1.0 is invalid, should be between 0 and 1
2025-07-02 18:52:00,643 [fff6918d-693a-4f9d-b154-ded16baf39a4-DatanodeStateMachineTaskThread-0] INFO  datanode.InitDatanodeState (InitDatanodeState.java:persistContainerDatanodeDetails(139)) - DatanodeDetails is persisted to /home/runner/work/ozone/ozone/hadoop-ozone/integration-test/target/test-dir/MiniOzoneClusterImpl-ff054ab7-6da7-448f-9cae-f629f00b5e08/ozone-meta/datanode-2/meta/datanode.id
2025-07-02 18:52:00,661 [main] INFO  protocol.DatanodeDetails (DatanodeDetails.java:validateDatanodeIpAddress(199)) - Updating IP address of datanode 97a6755e-86fd-4537-91b3-54c33d4d83bf(localhost/null) to 127.0.0.1
2025-07-02 18:52:00,661 [main] INFO  ozone.HddsDatanodeService (HddsDatanodeService.java:start(236)) - HddsDatanodeService 97a6755e-86fd-4537-91b3-54c33d4d83bf(localhost/127.0.0.1)
2025-07-02 18:52:00,661 [main] INFO  ozone.HddsDatanodeService (HddsDatanodeService.java:start(244)) - Ozone security is enabled. Attempting login for Hdds Datanode user. Principal: scm/localhost@EXAMPLE.COM,keytab: /tmp/junit-10327053630116807253/scm.keytab
2025-07-02 18:52:00,663 [pool-2-thread-2] INFO  request.KdcRequest (KdcRequest.java:preauth(683)) - The preauth data is empty.
2025-07-02 18:52:00,663 [pool-2-thread-2] INFO  server.KdcHandler (KdcHandler.java:handleRecoverableException(177)) - KRB error occurred while processing request: Additional pre-authentication required
2025-07-02 18:52:00,666 [pool-2-thread-2] INFO  request.AsRequest (AsRequest.java:issueTicket(112)) - AS_REQ ISSUE: authtime 1751482320666,scm/localhost@EXAMPLE.COM for krbtgt/EXAMPLE.COM@EXAMPLE.COM
2025-07-02 18:52:00,667 [main] INFO  security.UserGroupInformation (UserGroupInformation.java:loginUserFromKeytab(1143)) - Login successful for user scm/localhost@EXAMPLE.COM using keytab file scm.keytab. Keytab auto renewal enabled : false
2025-07-02 18:52:00,667 [main] INFO  ozone.HddsDatanodeService (HddsDatanodeService.java:start(262)) - Hdds Datanode login successful.
2025-07-02 18:52:00,669 [main] INFO  ozone.HddsDatanodeService (HddsDatanodeService.java:initializeCertificateClient(394)) - Initializing secure Datanode.
2025-07-02 18:52:00,670 [main] INFO  ha.SCMNodeInfo (SCMNodeInfo.java:getPort(197)) - ConfigKey ozone.scm.client.address is deprecated, For configuring different ports for each SCM use PortConfigKey ozone.scm.client.port appended with serviceId and nodeId
2025-07-02 18:52:00,671 [main] INFO  ha.SCMNodeInfo (SCMNodeInfo.java:getPort(197)) - ConfigKey ozone.scm.block.client.address is deprecated, For configuring different ports for each SCM use PortConfigKey ozone.scm.block.client.port appended with serviceId and nodeId
2025-07-02 18:52:00,671 [main] INFO  ha.SCMNodeInfo (SCMNodeInfo.java:getPort(197)) - ConfigKey ozone.scm.security.service.address is deprecated, For configuring different ports for each SCM use PortConfigKey ozone.scm.security.service.port appended with serviceId and nodeId
2025-07-02 18:52:00,671 [main] INFO  ha.SCMNodeInfo (SCMNodeInfo.java:getPort(197)) - ConfigKey ozone.scm.datanode.address is deprecated, For configuring different ports for each SCM use PortConfigKey ozone.scm.datanode.port appended with serviceId and nodeId
2025-07-02 18:52:00,671 [main] INFO  ha.SCMNodeInfo (SCMNodeInfo.java:getPort(197)) - ConfigKey ozone.scm.client.address is deprecated, For configuring different ports for each SCM use PortConfigKey ozone.scm.client.port appended with serviceId and nodeId
2025-07-02 18:52:00,671 [main] INFO  ha.SCMNodeInfo (SCMNodeInfo.java:getPort(197)) - ConfigKey ozone.scm.block.client.address is deprecated, For configuring different ports for each SCM use PortConfigKey ozone.scm.block.client.port appended with serviceId and nodeId
2025-07-02 18:52:00,671 [main] INFO  ha.SCMNodeInfo (SCMNodeInfo.java:getPort(197)) - ConfigKey ozone.scm.security.service.address is deprecated, For configuring different ports for each SCM use PortConfigKey ozone.scm.security.service.port appended with serviceId and nodeId
2025-07-02 18:52:00,671 [main] INFO  ha.SCMNodeInfo (SCMNodeInfo.java:getPort(197)) - ConfigKey ozone.scm.datanode.address is deprecated, For configuring different ports for each SCM use PortConfigKey ozone.scm.datanode.port appended with serviceId and nodeId
2025-07-02 18:52:00,671 [main] INFO  ha.SCMNodeInfo (SCMNodeInfo.java:getPort(197)) - ConfigKey ozone.scm.client.address is deprecated, For configuring different ports for each SCM use PortConfigKey ozone.scm.client.port appended with serviceId and nodeId
2025-07-02 18:52:00,671 [main] INFO  ha.SCMNodeInfo (SCMNodeInfo.java:getPort(197)) - ConfigKey ozone.scm.block.client.address is deprecated, For configuring different ports for each SCM use PortConfigKey ozone.scm.block.client.port appended with serviceId and nodeId
2025-07-02 18:52:00,671 [main] INFO  ha.SCMNodeInfo (SCMNodeInfo.java:getPort(197)) - ConfigKey ozone.scm.security.service.address is deprecated, For configuring different ports for each SCM use PortConfigKey ozone.scm.security.service.port appended with serviceId and nodeId
2025-07-02 18:52:00,671 [main] INFO  ha.SCMNodeInfo (SCMNodeInfo.java:getPort(197)) - ConfigKey ozone.scm.datanode.address is deprecated, For configuring different ports for each SCM use PortConfigKey ozone.scm.datanode.port appended with serviceId and nodeId
2025-07-02 18:52:00,672 [main] INFO  proxy.SCMSecurityProtocolFailoverProxyProvider (SCMFailoverProxyProviderBase.java:<init>(120)) - Created fail-over proxy for protocol SCMSecurityProtocolPB with 3 nodes: [nodeId=scmNode-2,nodeAddress=/127.0.0.1:15010, nodeId=scmNode-3,nodeAddress=/127.0.0.1:15018, nodeId=scmNode-1,nodeAddress=/127.0.0.1:15002]
2025-07-02 18:52:00,672 [main] INFO  client.DNCertificateClient (DefaultCertificateClient.java:updateCertSerialId(1289)) - Certificate serial ID set to null
2025-07-02 18:52:00,672 [main] ERROR client.DNCertificateClient (DefaultCertificateClient.java:getCertPath(373)) - Default certificate serial id is not set. Can't locate the default certificate for this client.
2025-07-02 18:52:00,672 [main] INFO  client.DNCertificateClient (DefaultCertificateClient.java:init(717)) - Certificate client init case: 0
2025-07-02 18:52:00,672 [main] INFO  client.DNCertificateClient (DefaultCertificateClient.java:handleCase(735)) - Creating keypair for client as keypair and certificate not found.
2025-07-02 18:52:00,685 [a1153de0-65c4-400c-ae9f-71c02a590f14-EndpointStateMachineTaskThread-/127.0.0.1:15020-0 ] INFO  utils.DatanodeStoreCache (DatanodeStoreCache.java:addDB(70)) - Added db /home/runner/work/ozone/ozone/hadoop-ozone/integration-test/target/test-dir/MiniOzoneClusterImpl-ff054ab7-6da7-448f-9cae-f629f00b5e08/ozone-meta/datanode-1/data-0/hdds/ff054ab7-6da7-448f-9cae-f629f00b5e08/DS-d6e81566-a9ea-469a-ad54-6c2cecacd79a/container.db to cache
2025-07-02 18:52:00,686 [a1153de0-65c4-400c-ae9f-71c02a590f14-EndpointStateMachineTaskThread-/127.0.0.1:15020-0 ] INFO  volume.HddsVolume (HddsVolume.java:createDbStore(575)) - SchemaV3 db is created and loaded at /home/runner/work/ozone/ozone/hadoop-ozone/integration-test/target/test-dir/MiniOzoneClusterImpl-ff054ab7-6da7-448f-9cae-f629f00b5e08/ozone-meta/datanode-1/data-0/hdds/ff054ab7-6da7-448f-9cae-f629f00b5e08/DS-d6e81566-a9ea-469a-ad54-6c2cecacd79a/container.db for volume DS-d6e81566-a9ea-469a-ad54-6c2cecacd79a
2025-07-02 18:52:00,687 [a1153de0-65c4-400c-ae9f-71c02a590f14-EndpointStateMachineTaskThread-/127.0.0.1:15020-0 ] WARN  statemachine.DatanodeConfiguration (DatanodeConfiguration.java:validateMinFreeSpace(751)) - hdds.datanode.volume.min.free.space.percent = -1.0 is invalid, should be between 0 and 1
2025-07-02 18:52:00,699 [a1153de0-65c4-400c-ae9f-71c02a590f14-ContainerReader-0] INFO  ozoneimpl.ContainerReader (ContainerReader.java:readVolume(144)) - Start to verify containers on volume /home/runner/work/ozone/ozone/hadoop-ozone/integration-test/target/test-dir/MiniOzoneClusterImpl-ff054ab7-6da7-448f-9cae-f629f00b5e08/ozone-meta/datanode-1/data-0/hdds
2025-07-02 18:52:00,699 [a1153de0-65c4-400c-ae9f-71c02a590f14-ContainerReader-0] INFO  ozoneimpl.ContainerReader (ContainerReader.java:readVolume(174)) - Finish verifying containers on volume /home/runner/work/ozone/ozone/hadoop-ozone/integration-test/target/test-dir/MiniOzoneClusterImpl-ff054ab7-6da7-448f-9cae-f629f00b5e08/ozone-meta/datanode-1/data-0/hdds
2025-07-02 18:52:00,701 [a1153de0-65c4-400c-ae9f-71c02a590f14-EndpointStateMachineTaskThread-/127.0.0.1:15020-0 ] INFO  ozoneimpl.OzoneContainer (OzoneContainer.java:buildContainerSet(370)) - Build ContainerSet costs 0s
2025-07-02 18:52:00,701 [a1153de0-65c4-400c-ae9f-71c02a590f14-EndpointStateMachineTaskThread-/127.0.0.1:15020-0 ] INFO  volume.ThrottledAsyncChecker (ThrottledAsyncChecker.java:schedule(138)) - Scheduling a check for /home/runner/work/ozone/ozone/hadoop-ozone/integration-test/target/test-dir/MiniOzoneClusterImpl-ff054ab7-6da7-448f-9cae-f629f00b5e08/ozone-meta/datanode-1/data-0/hdds
2025-07-02 18:52:00,707 [a1153de0-65c4-400c-ae9f-71c02a590f14-EndpointStateMachineTaskThread-/127.0.0.1:15020-0 ] INFO  volume.StorageVolumeChecker (StorageVolumeChecker.java:checkAllVolumes(215)) - Scheduled health check for volume /home/runner/work/ozone/ozone/hadoop-ozone/integration-test/target/test-dir/MiniOzoneClusterImpl-ff054ab7-6da7-448f-9cae-f629f00b5e08/ozone-meta/datanode-1/data-0/hdds
2025-07-02 18:52:00,714 [a1153de0-65c4-400c-ae9f-71c02a590f14-EndpointStateMachineTaskThread-/127.0.0.1:15020-0 ] INFO  volume.ThrottledAsyncChecker (ThrottledAsyncChecker.java:schedule(138)) - Scheduling a check for /home/runner/work/ozone/ozone/hadoop-ozone/integration-test/target/test-dir/MiniOzoneClusterImpl-ff054ab7-6da7-448f-9cae-f629f00b5e08/ozone-meta/datanode-1/ratis
2025-07-02 18:52:00,714 [a1153de0-65c4-400c-ae9f-71c02a590f14-EndpointStateMachineTaskThread-/127.0.0.1:15020-0 ] INFO  volume.StorageVolumeChecker (StorageVolumeChecker.java:checkAllVolumes(215)) - Scheduled health check for volume /home/runner/work/ozone/ozone/hadoop-ozone/integration-test/target/test-dir/MiniOzoneClusterImpl-ff054ab7-6da7-448f-9cae-f629f00b5e08/ozone-meta/datanode-1/ratis
2025-07-02 18:52:00,715 [a1153de0-65c4-400c-ae9f-71c02a590f14-EndpointStateMachineTaskThread-/127.0.0.1:15020-0 ] INFO  ozoneimpl.OzoneContainer (OzoneContainer.java:start(520)) - Attempting to start container services.
2025-07-02 18:52:00,721 [ContainerMetadataScanner] INFO  ozoneimpl.AbstractBackgroundContainerScanner (AbstractBackgroundContainerScanner.java:runIteration(89)) - Completed an iteration in 0 minutes. Number of iterations (since the data-node restart) : 1, Number of containers scanned in this iteration : 0, Number of unhealthy containers found in this iteration : 0
2025-07-02 18:52:00,724 [ContainerDataScanner(/home/runner/work/ozone/ozone/hadoop-ozone/integration-test/target/test-dir/MiniOzoneClusterImpl-ff054ab7-6da7-448f-9cae-f629f00b5e08/ozone-meta/datanode-1/data-0/hdds)] INFO  ozoneimpl.AbstractBackgroundContainerScanner (AbstractBackgroundContainerScanner.java:runIteration(89)) - Completed an iteration in 0 minutes. Number of iterations (since the data-node restart) : 1, Number of containers scanned in this iteration : 0, Number of unhealthy containers found in this iteration : 0
2025-07-02 18:52:00,725 [a1153de0-65c4-400c-ae9f-71c02a590f14-EndpointStateMachineTaskThread-/127.0.0.1:15020-0 ] INFO  replication.ReplicationServer (ReplicationServer.java:start(137)) - ReplicationServer is started using port 15053
2025-07-02 18:52:00,726 [a1153de0-65c4-400c-ae9f-71c02a590f14-EndpointStateMachineTaskThread-/127.0.0.1:15020-0 ] INFO  ratis.XceiverServerRatis (XceiverServerRatis.java:start(559)) - Starting XceiverServerRatis(a1153de0-65c4-400c-ae9f-71c02a590f14)
2025-07-02 18:52:00,727 [a1153de0-65c4-400c-ae9f-71c02a590f14-EndpointStateMachineTaskThread-/127.0.0.1:15020-0 ] INFO  server.RaftServer (RaftServerProxy.java:startImpl(412)) - a1153de0-65c4-400c-ae9f-71c02a590f14: start RPC server
2025-07-02 18:52:00,728 [a1153de0-65c4-400c-ae9f-71c02a590f14-EndpointStateMachineTaskThread-/127.0.0.1:15020-0 ] INFO  server.GrpcServicesImpl (GrpcServicesImpl.java:startImpl(346)) - a1153de0-65c4-400c-ae9f-71c02a590f14: GrpcServicesImpl started, listening on 15049
2025-07-02 18:52:00,728 [a1153de0-65c4-400c-ae9f-71c02a590f14-EndpointStateMachineTaskThread-/127.0.0.1:15020-0 ] INFO  server.GrpcServicesImpl (GrpcServicesImpl.java:startImpl(346)) - a1153de0-65c4-400c-ae9f-71c02a590f14: GrpcServicesImpl started, listening on 15051
2025-07-02 18:52:00,728 [a1153de0-65c4-400c-ae9f-71c02a590f14-EndpointStateMachineTaskThread-/127.0.0.1:15020-0 ] INFO  server.GrpcServicesImpl (GrpcServicesImpl.java:startImpl(346)) - a1153de0-65c4-400c-ae9f-71c02a590f14: GrpcServicesImpl started, listening on 15050
2025-07-02 18:52:00,729 [JvmPauseMonitor5] INFO  util.JvmPauseMonitor (JvmPauseMonitor.java:run(146)) - JvmPauseMonitor-a1153de0-65c4-400c-ae9f-71c02a590f14: Started
2025-07-02 18:52:00,729 [a1153de0-65c4-400c-ae9f-71c02a590f14-EndpointStateMachineTaskThread-/127.0.0.1:15020-0 ] INFO  ratis.XceiverServerRatis (XceiverServerRatis.java:getRealPort(586)) - XceiverServerRatis(a1153de0-65c4-400c-ae9f-71c02a590f14) is started using port RATIS=15049
2025-07-02 18:52:00,729 [a1153de0-65c4-400c-ae9f-71c02a590f14-EndpointStateMachineTaskThread-/127.0.0.1:15020-0 ] INFO  ratis.XceiverServerRatis (XceiverServerRatis.java:getRealPort(586)) - XceiverServerRatis(a1153de0-65c4-400c-ae9f-71c02a590f14) is started using port RATIS_ADMIN=15050
2025-07-02 18:52:00,729 [a1153de0-65c4-400c-ae9f-71c02a590f14-EndpointStateMachineTaskThread-/127.0.0.1:15020-0 ] INFO  ratis.XceiverServerRatis (XceiverServerRatis.java:getRealPort(586)) - XceiverServerRatis(a1153de0-65c4-400c-ae9f-71c02a590f14) is started using port RATIS_SERVER=15051
2025-07-02 18:52:00,729 [a1153de0-65c4-400c-ae9f-71c02a590f14-EndpointStateMachineTaskThread-/127.0.0.1:15020-0 ] INFO  ratis.XceiverServerRatis (XceiverServerRatis.java:getRealPort(586)) - XceiverServerRatis(a1153de0-65c4-400c-ae9f-71c02a590f14) is started using port RATIS_DATASTREAM=15052
2025-07-02 18:52:00,730 [a1153de0-65c4-400c-ae9f-71c02a590f14-EndpointStateMachineTaskThread-/127.0.0.1:15020-0 ] INFO  utils.BackgroundService (BackgroundService.java:start(118)) - Starting service BlockDeletingService with interval 60000 milliseconds
2025-07-02 18:52:00,730 [a1153de0-65c4-400c-ae9f-71c02a590f14-EndpointStateMachineTaskThread-/127.0.0.1:15020-0 ] INFO  utils.BackgroundService (BackgroundService.java:start(118)) - Starting service StaleRecoveringContainerScrubbingService with interval 60000 milliseconds
2025-07-02 18:52:00,732 [a1153de0-65c4-400c-ae9f-71c02a590f14-EndpointStateMachineTaskThread-/127.0.0.1:15004-0 ] INFO  ozoneimpl.OzoneContainer (OzoneContainer.java:start(495)) - Ignore. OzoneContainer already started.
2025-07-02 18:52:00,733 [a1153de0-65c4-400c-ae9f-71c02a590f14-EndpointStateMachineTaskThread-/127.0.0.1:15012-0 ] INFO  ozoneimpl.OzoneContainer (OzoneContainer.java:start(495)) - Ignore. OzoneContainer already started.
2025-07-02 18:52:00,954 [main] INFO  keys.KeyStorage (KeyStorage.java:storePublicKey(210)) - Storing public key to /home/runner/work/ozone/ozone/hadoop-ozone/integration-test/target/test-dir/MiniOzoneClusterImpl-ff054ab7-6da7-448f-9cae-f629f00b5e08/ozone-meta/datanode-3/meta/dn/keys/public.pem.
2025-07-02 18:52:00,955 [main] INFO  keys.KeyStorage (KeyStorage.java:storePrivateKey(194)) - Storing private key to /home/runner/work/ozone/ozone/hadoop-ozone/integration-test/target/test-dir/MiniOzoneClusterImpl-ff054ab7-6da7-448f-9cae-f629f00b5e08/ozone-meta/datanode-3/meta/dn/keys/private.pem.
2025-07-02 18:52:00,955 [main] INFO  client.DNCertificateClient (DefaultCertificateClient.java:recoverStateIfNeeded(796)) - Init response: GETCERT
2025-07-02 18:52:00,956 [main] INFO  ozone.OzoneSecurityUtil (OzoneSecurityUtil.java:getValidInetsForCurrentHost(116)) - ip:fe80:0:0:0:6245:bdff:fe08:d43d%eth0 not returned.
2025-07-02 18:52:00,956 [main] INFO  ozone.OzoneSecurityUtil (OzoneSecurityUtil.java:getValidInetsForCurrentHost(113)) - Adding ip:10.1.0.106,host:fv-az1288-434.bguu2zduscdebcqflrovc1mhjh.dx.internal.cloudapp.net
2025-07-02 18:52:00,956 [main] INFO  ozone.OzoneSecurityUtil (OzoneSecurityUtil.java:getValidInetsForCurrentHost(116)) - ip:0:0:0:0:0:0:0:1%lo not returned.
2025-07-02 18:52:00,956 [main] INFO  ozone.OzoneSecurityUtil (OzoneSecurityUtil.java:getValidInetsForCurrentHost(116)) - ip:127.0.0.1 not returned.
2025-07-02 18:52:00,956 [main] INFO  client.DNCertificateClient (DNCertificateClient.java:configureCSRBuilder(82)) - Created csr for DN-> subject:scm@localhost
2025-07-02 18:52:00,964 [pool-2-thread-2] INFO  request.TgsRequest (TgsRequest.java:issueTicket(117)) - TGS_REQ ISSUE: authtime 1751482320964,scm/localhost@EXAMPLE.COM for scm/localhost@EXAMPLE.COM
2025-07-02 18:52:00,969 [Socket Reader #1 for port 15002] INFO  ipc.Server (Server.java:saslProcess(2290)) - Auth successful for scm/localhost@EXAMPLE.COM (auth:KERBEROS) from 127.0.0.1:41927
2025-07-02 18:52:00,971 [IPC Server handler 0 on default port 15002] INFO  server.SCMSecurityProtocolServer (SCMSecurityProtocolServer.java:getDataNodeCertificate(183)) - Processing CSR for dn localhost, UUID: 97a6755e-86fd-4537-91b3-54c33d4d83bf
2025-07-02 18:52:00,976 [ca181966-e7f6-4c77-8344-65416d18d1f8@group-F629F00B5E08-StateMachineUpdater] INFO  safemode.SCMSafeModeManager (SCMSafeModeManager.java:validateSafeModeExitRules(139)) - RatisContainerSafeModeRule rule is successfully validated
2025-07-02 18:52:00,976 [ca181966-e7f6-4c77-8344-65416d18d1f8@group-F629F00B5E08-StateMachineUpdater] INFO  safemode.HealthyPipelineSafeModeRule (HealthyPipelineSafeModeRule.java:initializeRule(228)) - Refreshed total pipeline count is 0, healthy pipeline threshold count is 1
2025-07-02 18:52:00,976 [ca181966-e7f6-4c77-8344-65416d18d1f8@group-F629F00B5E08-StateMachineUpdater] INFO  safemode.SCMSafeModeManager (SCMSafeModeManager.java:validateSafeModeExitRules(139)) - ECContainerSafeModeRule rule is successfully validated
2025-07-02 18:52:00,976 [ca181966-e7f6-4c77-8344-65416d18d1f8@group-F629F00B5E08-StateMachineUpdater] INFO  safemode.SCMSafeModeManager (SCMSafeModeManager.java:validateSafeModeExitRules(139)) - AtleastOneDatanodeReportedRule rule is successfully validated
2025-07-02 18:52:00,978 [0570d27e-7557-449b-949c-3e7f7fc57b05@group-F629F00B5E08-StateMachineUpdater] INFO  safemode.SCMSafeModeManager (SCMSafeModeManager.java:validateSafeModeExitRules(139)) - RatisContainerSafeModeRule rule is successfully validated
2025-07-02 18:52:00,978 [0570d27e-7557-449b-949c-3e7f7fc57b05@group-F629F00B5E08-StateMachineUpdater] INFO  safemode.HealthyPipelineSafeModeRule (HealthyPipelineSafeModeRule.java:initializeRule(228)) - Refreshed total pipeline count is 0, healthy pipeline threshold count is 1
2025-07-02 18:52:00,978 [0570d27e-7557-449b-949c-3e7f7fc57b05@group-F629F00B5E08-StateMachineUpdater] INFO  safemode.SCMSafeModeManager (SCMSafeModeManager.java:validateSafeModeExitRules(139)) - ECContainerSafeModeRule rule is successfully validated
2025-07-02 18:52:00,978 [0570d27e-7557-449b-949c-3e7f7fc57b05@group-F629F00B5E08-StateMachineUpdater] INFO  safemode.SCMSafeModeManager (SCMSafeModeManager.java:validateSafeModeExitRules(139)) - AtleastOneDatanodeReportedRule rule is successfully validated
2025-07-02 18:52:00,979 [4680a024-3a59-4e75-8ac7-1755b08d3543@group-F629F00B5E08-StateMachineUpdater] INFO  safemode.SCMSafeModeManager (SCMSafeModeManager.java:validateSafeModeExitRules(139)) - RatisContainerSafeModeRule rule is successfully validated
2025-07-02 18:52:00,979 [4680a024-3a59-4e75-8ac7-1755b08d3543@group-F629F00B5E08-StateMachineUpdater] INFO  safemode.HealthyPipelineSafeModeRule (HealthyPipelineSafeModeRule.java:initializeRule(228)) - Refreshed total pipeline count is 0, healthy pipeline threshold count is 1
2025-07-02 18:52:00,979 [4680a024-3a59-4e75-8ac7-1755b08d3543@group-F629F00B5E08-StateMachineUpdater] INFO  safemode.SCMSafeModeManager (SCMSafeModeManager.java:validateSafeModeExitRules(139)) - ECContainerSafeModeRule rule is successfully validated
2025-07-02 18:52:00,979 [4680a024-3a59-4e75-8ac7-1755b08d3543@group-F629F00B5E08-StateMachineUpdater] INFO  safemode.SCMSafeModeManager (SCMSafeModeManager.java:validateSafeModeExitRules(139)) - AtleastOneDatanodeReportedRule rule is successfully validated
2025-07-02 18:52:00,979 [IPC Server handler 0 on default port 15002] INFO  ha.SequenceIdGenerator (SequenceIdGenerator.java:getNextId(135)) - Allocate a batch for CertificateId, change lastId from 7 to 8.
2025-07-02 18:52:00,981 [IPC Server handler 0 on default port 15002] INFO  keys.KeyStorage (KeyStorage.java:readPrivateKey(158)) - Reading private key from /home/runner/work/ozone/ozone/hadoop-ozone/integration-test/target/test-dir/MiniOzoneClusterImpl-ff054ab7-6da7-448f-9cae-f629f00b5e08/scmNode-1/scm/sub-ca/keys/private.pem.
2025-07-02 18:52:00,983 [IPC Server handler 0 on default port 15002] INFO  authority.DefaultApprover (DefaultApprover.java:sign(171)) - Extensions in CSR: 2.5.29.15, 2.5.29.17
2025-07-02 18:52:00,983 [IPC Server handler 0 on default port 15002] INFO  authority.DefaultApprover (DefaultApprover.java:sign(175)) - Extensions to add to the certificate if they present in CSR: 2.5.29.15, 2.5.29.17, 2.5.29.35, 2.5.29.37, 2.5.29.19, 1.3.6.1.5.5.7.1.12
2025-07-02 18:52:00,996 [ca181966-e7f6-4c77-8344-65416d18d1f8@group-F629F00B5E08-StateMachineUpdater] INFO  safemode.SCMSafeModeManager (SCMSafeModeManager.java:validateSafeModeExitRules(139)) - RatisContainerSafeModeRule rule is successfully validated
2025-07-02 18:52:00,996 [ca181966-e7f6-4c77-8344-65416d18d1f8@group-F629F00B5E08-StateMachineUpdater] INFO  safemode.HealthyPipelineSafeModeRule (HealthyPipelineSafeModeRule.java:initializeRule(228)) - Refreshed total pipeline count is 0, healthy pipeline threshold count is 1
2025-07-02 18:52:00,996 [ca181966-e7f6-4c77-8344-65416d18d1f8@group-F629F00B5E08-StateMachineUpdater] INFO  safemode.SCMSafeModeManager (SCMSafeModeManager.java:validateSafeModeExitRules(139)) - ECContainerSafeModeRule rule is successfully validated
2025-07-02 18:52:00,996 [ca181966-e7f6-4c77-8344-65416d18d1f8@group-F629F00B5E08-StateMachineUpdater] INFO  safemode.SCMSafeModeManager (SCMSafeModeManager.java:validateSafeModeExitRules(139)) - AtleastOneDatanodeReportedRule rule is successfully validated
2025-07-02 18:52:00,996 [4680a024-3a59-4e75-8ac7-1755b08d3543@group-F629F00B5E08-StateMachineUpdater] INFO  safemode.SCMSafeModeManager (SCMSafeModeManager.java:validateSafeModeExitRules(139)) - RatisContainerSafeModeRule rule is successfully validated
2025-07-02 18:52:00,996 [4680a024-3a59-4e75-8ac7-1755b08d3543@group-F629F00B5E08-StateMachineUpdater] INFO  safemode.HealthyPipelineSafeModeRule (HealthyPipelineSafeModeRule.java:initializeRule(228)) - Refreshed total pipeline count is 0, healthy pipeline threshold count is 1
2025-07-02 18:52:00,996 [4680a024-3a59-4e75-8ac7-1755b08d3543@group-F629F00B5E08-StateMachineUpdater] INFO  safemode.SCMSafeModeManager (SCMSafeModeManager.java:validateSafeModeExitRules(139)) - ECContainerSafeModeRule rule is successfully validated
2025-07-02 18:52:00,996 [4680a024-3a59-4e75-8ac7-1755b08d3543@group-F629F00B5E08-StateMachineUpdater] INFO  safemode.SCMSafeModeManager (SCMSafeModeManager.java:validateSafeModeExitRules(139)) - AtleastOneDatanodeReportedRule rule is successfully validated
2025-07-02 18:52:00,997 [0570d27e-7557-449b-949c-3e7f7fc57b05@group-F629F00B5E08-StateMachineUpdater] INFO  safemode.SCMSafeModeManager (SCMSafeModeManager.java:validateSafeModeExitRules(139)) - RatisContainerSafeModeRule rule is successfully validated
2025-07-02 18:52:00,997 [0570d27e-7557-449b-949c-3e7f7fc57b05@group-F629F00B5E08-StateMachineUpdater] INFO  safemode.HealthyPipelineSafeModeRule (HealthyPipelineSafeModeRule.java:initializeRule(228)) - Refreshed total pipeline count is 0, healthy pipeline threshold count is 1
2025-07-02 18:52:00,998 [0570d27e-7557-449b-949c-3e7f7fc57b05@group-F629F00B5E08-StateMachineUpdater] INFO  safemode.SCMSafeModeManager (SCMSafeModeManager.java:validateSafeModeExitRules(139)) - ECContainerSafeModeRule rule is successfully validated
2025-07-02 18:52:00,998 [0570d27e-7557-449b-949c-3e7f7fc57b05@group-F629F00B5E08-StateMachineUpdater] INFO  safemode.SCMSafeModeManager (SCMSafeModeManager.java:validateSafeModeExitRules(139)) - AtleastOneDatanodeReportedRule rule is successfully validated
2025-07-02 18:52:01,004 [main] INFO  utils.CertificateCodec (CertificateCodec.java:writeCertificate(241)) - Save certificate to /home/runner/work/ozone/ozone/hadoop-ozone/integration-test/target/test-dir/MiniOzoneClusterImpl-ff054ab7-6da7-448f-9cae-f629f00b5e08/ozone-meta/datanode-3/meta/dn/certs/8.crt
2025-07-02 18:52:01,004 [main] INFO  utils.CertificateCodec (CertificateCodec.java:writeCertificate(242)) - Certificate -----BEGIN CERTIFICATE-----
MIID6zCCAtOgAwIBAgIBCDANBgkqhkiG9w0BAQsFADCBhjEaMBgGA1UEAwwRc2Nt
LXN1YkBsb2NhbGhvc3QxLTArBgNVBAsMJDA1NzBkMjdlLTc1NTctNDQ5Yi05NDlj
LTNlN2Y3ZmM1N2IwNTEtMCsGA1UECgwkZmYwNTRhYjctNmRhNy00NDhmLTljYWUt
ZjYyOWYwMGI1ZTA4MQowCAYDVQQFEwEyMB4XDTI1MDcwMjE4NTIwMFoXDTI2MDcw
MjE4NTIwMFowgYIxFjAUBgNVBAMMDXNjbUBsb2NhbGhvc3QxLTArBgNVBAsMJDA1
NzBkMjdlLTc1NTctNDQ5Yi05NDljLTNlN2Y3ZmM1N2IwNTEtMCsGA1UECgwkZmYw
NTRhYjctNmRhNy00NDhmLTljYWUtZjYyOWYwMGI1ZTA4MQowCAYDVQQFEwE4MIIB
IjANBgkqhkiG9w0BAQEFAAOCAQ8AMIIBCgKCAQEAtAlH8+3tr5/wUAqAmQHZffSV
YQjTDwykeA1fZY/ml36dAJL1hwScWV92y5iJlyv2msmSm2gEdNCv3I9eqca5aj76
VKXSHUXRDaCdmjzOcLaaZNaQh4zoVItUS3kcGjQLn3xUKnMvSs8gRtq2uXtIUwlX
xmS6vtOcivcQ4+rXOsMds+kxcSaEEcM608qrjDV+xIL11pcKoU7eWLjG4mOja7WC
lp2X1IgBlu15cMjPg/Cv8APVwOze3dasZdAItgYw6ncDkk1P+EIYSqpPF+kSDcJL
C+tMP/+xofTr1yC3L4DFSi9xxBjomu+nCoEN/n1dBeIJBqei8NCFDNIXTFq2oQID
AQABo2YwZDAOBgNVHQ8BAf8EBAMCA7gwUgYDVR0RBEswSYcECgEAaoJBZnYtYXox
Mjg4LTQzNC5iZ3V1MnpkdXNjZGViY3FmbHJvdmMxbWhqaC5keC5pbnRlcm5hbC5j
bG91ZGFwcC5uZXQwDQYJKoZIhvcNAQELBQADggEBAEDt6mfkYfNvfhnFm9hrJOIK
v0EVdc1DdIptp42aD+7LZZ0KRN0jYz8qmZPkBZ8YUj4Hg+Yut/mhBS3ltM5vFkUm
kXsiSDdU5iijogk+7H9tBFKbaY2t9wWwCTIddAF1UEZHs1gZHiWIfU1W160YkbKn
Ho9BNc5kwdgsnDi6wTFcVdAsaSZzLojUiFD/KhnDjLQiCWn/fNdcCooYP2coL3dx
656hrvluJPvceYDIJcCs9y6Vo7twMgRr+hWXqa3WcqaHSwymcNYvSjBqnUvThL9k
qsxhEnAXwOuGW+Exl7qNbhO1OQGGvgawBXvTkI9h82D0yRBC6CYKdOMEy2QopZM=
-----END CERTIFICATE-----

-----BEGIN CERTIFICATE-----
MIID/DCCAuSgAwIBAgIBAjANBgkqhkiG9w0BAQsFADCBgjEWMBQGA1UEAwwNc2Nt
QGxvY2FsaG9zdDEtMCsGA1UECwwkMDU3MGQyN2UtNzU1Ny00NDliLTk0OWMtM2U3
ZjdmYzU3YjA1MS0wKwYDVQQKDCRmZjA1NGFiNy02ZGE3LTQ0OGYtOWNhZS1mNjI5
ZjAwYjVlMDgxCjAIBgNVBAUTATEwHhcNMjUwNzAyMTg1MTI4WhcNMzAwODEwMTg1
MTI4WjCBhjEaMBgGA1UEAwwRc2NtLXN1YkBsb2NhbGhvc3QxLTArBgNVBAsMJDA1
NzBkMjdlLTc1NTctNDQ5Yi05NDljLTNlN2Y3ZmM1N2IwNTEtMCsGA1UECgwkZmYw
NTRhYjctNmRhNy00NDhmLTljYWUtZjYyOWYwMGI1ZTA4MQowCAYDVQQFEwEyMIIB
IjANBgkqhkiG9w0BAQEFAAOCAQ8AMIIBCgKCAQEAlDoRuvgTeOPS68znKRopUqVH
hyqDahQNHLuVix6BTD7/At4x7Odm3SKHf7lDkp7LJs8NB1fo4lco7HyqomhoUtuu
CrvLBZh2NEpsU2snEFYCHmdMgep/UAV8GpDlzlsvKbGQwyGd3r6/7FGbgCRQ8hEb
LLWIL9247dOOVG8EXn5O7Zahb62UGnhN79W4o41GBwebW7mgDRtqZWTAYzziJq2A
zkqb9Yq2tFwTNSwr9ojFFeUGINeqv0GKJlDdV4dPcNp0bJw7yjn0owtmOs2TjrGz
gOD0ewyaHCfEmVqt5cR3m5VnDnoVQK0D2mjwC7MKBGQNtnTOpLpjIq0voNYs8wID
AQABo3cwdTAOBgNVHQ8BAf8EBAMCAb4wUgYDVR0RBEswSYcECgEAaoJBZnYtYXox
Mjg4LTQzNC5iZ3V1MnpkdXNjZGViY3FmbHJvdmMxbWhqaC5keC5pbnRlcm5hbC5j
bG91ZGFwcC5uZXQwDwYDVR0TAQH/BAUwAwEB/zANBgkqhkiG9w0BAQsFAAOCAQEA
w3Jqtgfd2n31pVxYV5sCmcCKQiebQ3ebpFQXsVbHLToPQPvVaYG4JHsXmGMuSJFH
DR9kuCcWmNMaZzr3W/vUz1eJXWFzaa0sJLzxIgGSjiJNkkIXMBPds74zoU4uJ0rl
ndOuankSdj22uQl33JamK+haZvVWKgL3jOV/4SMXPc0wSUOU0CiUS65d3UYDR9Hy
HJS+NOS/dBM07S+AO5EZumdrSbdRRo+ldH0XtsVKcryrXgJEQe1ZgqbJ57b1DBsa
l6G38GvWjsMSvDSCbEw8YyPP4wnEFHB+qX9mjAhcvuyxJZ2Qic1tZmJHdFqCrEjS
K+j0A+dzA0yMXlAlpfjcoQ==
-----END CERTIFICATE-----

-----BEGIN CERTIFICATE-----
MIID+DCCAuCgAwIBAgIBATANBgkqhkiG9w0BAQsFADCBgjEWMBQGA1UEAwwNc2Nt
QGxvY2FsaG9zdDEtMCsGA1UECwwkMDU3MGQyN2UtNzU1Ny00NDliLTk0OWMtM2U3
ZjdmYzU3YjA1MS0wKwYDVQQKDCRmZjA1NGFiNy02ZGE3LTQ0OGYtOWNhZS1mNjI5
ZjAwYjVlMDgxCjAIBgNVBAUTATEwHhcNMjUwNzAyMTg1MTI4WhcNMzAwODEwMTg1
MTI4WjCBgjEWMBQGA1UEAwwNc2NtQGxvY2FsaG9zdDEtMCsGA1UECwwkMDU3MGQy
N2UtNzU1Ny00NDliLTk0OWMtM2U3ZjdmYzU3YjA1MS0wKwYDVQQKDCRmZjA1NGFi
Ny02ZGE3LTQ0OGYtOWNhZS1mNjI5ZjAwYjVlMDgxCjAIBgNVBAUTATEwggEiMA0G
CSqGSIb3DQEBAQUAA4IBDwAwggEKAoIBAQDSOHDH15CZsZYmQ3wfdwmh8mSpyVHk
1uULzHKGB/g5GGl37+OOp8iwkJLXTlAVXPRdX/eMWXGqHq7zuYuhOYb3NcUXI4Sr
FmzzcFLtdU3aNQLis6kSEpgMXmDh1YJrwEaC92Hi1rjos0Bi5YOzGA5Bg8goo/Hg
UZZMiVGPNf24RlbEnqvLvqle4VvvYXwEcVXtdGKF9zLr2aitH1U6aVlHp69HYltc
Cn+TKtEiTFwBnZhArY+ppxsEe8oiXT0rB4mhdgertPk4tf/HTtw0lS7TXTI8aBC1
duiKXPAepLzbRGPe3cEEvCPCAkWyeBDknjTVCX3rITXm8oOfqMP9d/XbAgMBAAGj
dzB1MA8GA1UdEwEB/wQFMAMBAf8wDgYDVR0PAQH/BAQDAgEGMFIGA1UdEQRLMEmH
BAoBAGqCQWZ2LWF6MTI4OC00MzQuYmd1dTJ6ZHVzY2RlYmNxZmxyb3ZjMW1oamgu
ZHguaW50ZXJuYWwuY2xvdWRhcHAubmV0MA0GCSqGSIb3DQEBCwUAA4IBAQAFYWuU
DGLCxzWqlISKSJkp+GzwpSuGbvbGP9EImQNRYo00OYVsuKp5S+21u0LEKwtPDzIX
qEmjZD72b/At4ZtASAIlFCTtD2lOSLR+jC/k4WNQ3Qi9GXq8L6fwO5n4beoeX7dK
igE9ppwYPTljSrabdadG46EsxPm33y2TsV+9F+AHILamSLKtcfLzj4exd3wawGpv
egolczxu7mwSj6J5TP+m2LcP9uxqg/QIa6i5uD/dVduxkPkoQ7cY/+uOMdWWFg+0
2ngy8j05z1Y4SJCO/HB+1b53O4dAoX/BotgBjGwbRSNVA4LMenALIXLWa0yivRFf
ag9T/4oGtYfovUKc
-----END CERTIFICATE-----

2025-07-02 18:52:01,005 [main] INFO  utils.CertificateCodec (CertificateCodec.java:writeCertificate(241)) - Save certificate to /home/runner/work/ozone/ozone/hadoop-ozone/integration-test/target/test-dir/MiniOzoneClusterImpl-ff054ab7-6da7-448f-9cae-f629f00b5e08/ozone-meta/datanode-3/meta/dn/certs/CA-2.crt
2025-07-02 18:52:01,005 [main] INFO  utils.CertificateCodec (CertificateCodec.java:writeCertificate(242)) - Certificate -----BEGIN CERTIFICATE-----
MIID/DCCAuSgAwIBAgIBAjANBgkqhkiG9w0BAQsFADCBgjEWMBQGA1UEAwwNc2Nt
QGxvY2FsaG9zdDEtMCsGA1UECwwkMDU3MGQyN2UtNzU1Ny00NDliLTk0OWMtM2U3
ZjdmYzU3YjA1MS0wKwYDVQQKDCRmZjA1NGFiNy02ZGE3LTQ0OGYtOWNhZS1mNjI5
ZjAwYjVlMDgxCjAIBgNVBAUTATEwHhcNMjUwNzAyMTg1MTI4WhcNMzAwODEwMTg1
MTI4WjCBhjEaMBgGA1UEAwwRc2NtLXN1YkBsb2NhbGhvc3QxLTArBgNVBAsMJDA1
NzBkMjdlLTc1NTctNDQ5Yi05NDljLTNlN2Y3ZmM1N2IwNTEtMCsGA1UECgwkZmYw
NTRhYjctNmRhNy00NDhmLTljYWUtZjYyOWYwMGI1ZTA4MQowCAYDVQQFEwEyMIIB
IjANBgkqhkiG9w0BAQEFAAOCAQ8AMIIBCgKCAQEAlDoRuvgTeOPS68znKRopUqVH
hyqDahQNHLuVix6BTD7/At4x7Odm3SKHf7lDkp7LJs8NB1fo4lco7HyqomhoUtuu
CrvLBZh2NEpsU2snEFYCHmdMgep/UAV8GpDlzlsvKbGQwyGd3r6/7FGbgCRQ8hEb
LLWIL9247dOOVG8EXn5O7Zahb62UGnhN79W4o41GBwebW7mgDRtqZWTAYzziJq2A
zkqb9Yq2tFwTNSwr9ojFFeUGINeqv0GKJlDdV4dPcNp0bJw7yjn0owtmOs2TjrGz
gOD0ewyaHCfEmVqt5cR3m5VnDnoVQK0D2mjwC7MKBGQNtnTOpLpjIq0voNYs8wID
AQABo3cwdTAOBgNVHQ8BAf8EBAMCAb4wUgYDVR0RBEswSYcECgEAaoJBZnYtYXox
Mjg4LTQzNC5iZ3V1MnpkdXNjZGViY3FmbHJvdmMxbWhqaC5keC5pbnRlcm5hbC5j
bG91ZGFwcC5uZXQwDwYDVR0TAQH/BAUwAwEB/zANBgkqhkiG9w0BAQsFAAOCAQEA
w3Jqtgfd2n31pVxYV5sCmcCKQiebQ3ebpFQXsVbHLToPQPvVaYG4JHsXmGMuSJFH
DR9kuCcWmNMaZzr3W/vUz1eJXWFzaa0sJLzxIgGSjiJNkkIXMBPds74zoU4uJ0rl
ndOuankSdj22uQl33JamK+haZvVWKgL3jOV/4SMXPc0wSUOU0CiUS65d3UYDR9Hy
HJS+NOS/dBM07S+AO5EZumdrSbdRRo+ldH0XtsVKcryrXgJEQe1ZgqbJ57b1DBsa
l6G38GvWjsMSvDSCbEw8YyPP4wnEFHB+qX9mjAhcvuyxJZ2Qic1tZmJHdFqCrEjS
K+j0A+dzA0yMXlAlpfjcoQ==
-----END CERTIFICATE-----

-----BEGIN CERTIFICATE-----
MIID+DCCAuCgAwIBAgIBATANBgkqhkiG9w0BAQsFADCBgjEWMBQGA1UEAwwNc2Nt
QGxvY2FsaG9zdDEtMCsGA1UECwwkMDU3MGQyN2UtNzU1Ny00NDliLTk0OWMtM2U3
ZjdmYzU3YjA1MS0wKwYDVQQKDCRmZjA1NGFiNy02ZGE3LTQ0OGYtOWNhZS1mNjI5
ZjAwYjVlMDgxCjAIBgNVBAUTATEwHhcNMjUwNzAyMTg1MTI4WhcNMzAwODEwMTg1
MTI4WjCBgjEWMBQGA1UEAwwNc2NtQGxvY2FsaG9zdDEtMCsGA1UECwwkMDU3MGQy
N2UtNzU1Ny00NDliLTk0OWMtM2U3ZjdmYzU3YjA1MS0wKwYDVQQKDCRmZjA1NGFi
Ny02ZGE3LTQ0OGYtOWNhZS1mNjI5ZjAwYjVlMDgxCjAIBgNVBAUTATEwggEiMA0G
CSqGSIb3DQEBAQUAA4IBDwAwggEKAoIBAQDSOHDH15CZsZYmQ3wfdwmh8mSpyVHk
1uULzHKGB/g5GGl37+OOp8iwkJLXTlAVXPRdX/eMWXGqHq7zuYuhOYb3NcUXI4Sr
FmzzcFLtdU3aNQLis6kSEpgMXmDh1YJrwEaC92Hi1rjos0Bi5YOzGA5Bg8goo/Hg
UZZMiVGPNf24RlbEnqvLvqle4VvvYXwEcVXtdGKF9zLr2aitH1U6aVlHp69HYltc
Cn+TKtEiTFwBnZhArY+ppxsEe8oiXT0rB4mhdgertPk4tf/HTtw0lS7TXTI8aBC1
duiKXPAepLzbRGPe3cEEvCPCAkWyeBDknjTVCX3rITXm8oOfqMP9d/XbAgMBAAGj
dzB1MA8GA1UdEwEB/wQFMAMBAf8wDgYDVR0PAQH/BAQDAgEGMFIGA1UdEQRLMEmH
BAoBAGqCQWZ2LWF6MTI4OC00MzQuYmd1dTJ6ZHVzY2RlYmNxZmxyb3ZjMW1oamgu
ZHguaW50ZXJuYWwuY2xvdWRhcHAubmV0MA0GCSqGSIb3DQEBCwUAA4IBAQAFYWuU
DGLCxzWqlISKSJkp+GzwpSuGbvbGP9EImQNRYo00OYVsuKp5S+21u0LEKwtPDzIX
qEmjZD72b/At4ZtASAIlFCTtD2lOSLR+jC/k4WNQ3Qi9GXq8L6fwO5n4beoeX7dK
igE9ppwYPTljSrabdadG46EsxPm33y2TsV+9F+AHILamSLKtcfLzj4exd3wawGpv
egolczxu7mwSj6J5TP+m2LcP9uxqg/QIa6i5uD/dVduxkPkoQ7cY/+uOMdWWFg+0
2ngy8j05z1Y4SJCO/HB+1b53O4dAoX/BotgBjGwbRSNVA4LMenALIXLWa0yivRFf
ag9T/4oGtYfovUKc
-----END CERTIFICATE-----

2025-07-02 18:52:01,005 [IPC Server handler 1 on default port 15002] INFO  client.SCMCertificateClient (DefaultCertificateClient.java:getAllRootCaCerts(971)) - scm/sub-ca has 0 Root CA certificates
2025-07-02 18:52:01,006 [IPC Server handler 1 on default port 15002] INFO  client.SCMCertificateClient (DefaultCertificateClient.java:getAllCaCerts(979)) - scm/sub-ca has 1 CA certificates
2025-07-02 18:52:01,006 [main] INFO  utils.CertificateCodec (CertificateCodec.java:writeCertificate(241)) - Save certificate to /home/runner/work/ozone/ozone/hadoop-ozone/integration-test/target/test-dir/MiniOzoneClusterImpl-ff054ab7-6da7-448f-9cae-f629f00b5e08/ozone-meta/datanode-3/meta/dn/certs/ROOTCA-1.crt
2025-07-02 18:52:01,006 [main] INFO  utils.CertificateCodec (CertificateCodec.java:writeCertificate(242)) - Certificate -----BEGIN CERTIFICATE-----
MIID+DCCAuCgAwIBAgIBATANBgkqhkiG9w0BAQsFADCBgjEWMBQGA1UEAwwNc2Nt
QGxvY2FsaG9zdDEtMCsGA1UECwwkMDU3MGQyN2UtNzU1Ny00NDliLTk0OWMtM2U3
ZjdmYzU3YjA1MS0wKwYDVQQKDCRmZjA1NGFiNy02ZGE3LTQ0OGYtOWNhZS1mNjI5
ZjAwYjVlMDgxCjAIBgNVBAUTATEwHhcNMjUwNzAyMTg1MTI4WhcNMzAwODEwMTg1
MTI4WjCBgjEWMBQGA1UEAwwNc2NtQGxvY2FsaG9zdDEtMCsGA1UECwwkMDU3MGQy
N2UtNzU1Ny00NDliLTk0OWMtM2U3ZjdmYzU3YjA1MS0wKwYDVQQKDCRmZjA1NGFi
Ny02ZGE3LTQ0OGYtOWNhZS1mNjI5ZjAwYjVlMDgxCjAIBgNVBAUTATEwggEiMA0G
CSqGSIb3DQEBAQUAA4IBDwAwggEKAoIBAQDSOHDH15CZsZYmQ3wfdwmh8mSpyVHk
1uULzHKGB/g5GGl37+OOp8iwkJLXTlAVXPRdX/eMWXGqHq7zuYuhOYb3NcUXI4Sr
FmzzcFLtdU3aNQLis6kSEpgMXmDh1YJrwEaC92Hi1rjos0Bi5YOzGA5Bg8goo/Hg
UZZMiVGPNf24RlbEnqvLvqle4VvvYXwEcVXtdGKF9zLr2aitH1U6aVlHp69HYltc
Cn+TKtEiTFwBnZhArY+ppxsEe8oiXT0rB4mhdgertPk4tf/HTtw0lS7TXTI8aBC1
duiKXPAepLzbRGPe3cEEvCPCAkWyeBDknjTVCX3rITXm8oOfqMP9d/XbAgMBAAGj
dzB1MA8GA1UdEwEB/wQFMAMBAf8wDgYDVR0PAQH/BAQDAgEGMFIGA1UdEQRLMEmH
BAoBAGqCQWZ2LWF6MTI4OC00MzQuYmd1dTJ6ZHVzY2RlYmNxZmxyb3ZjMW1oamgu
ZHguaW50ZXJuYWwuY2xvdWRhcHAubmV0MA0GCSqGSIb3DQEBCwUAA4IBAQAFYWuU
DGLCxzWqlISKSJkp+GzwpSuGbvbGP9EImQNRYo00OYVsuKp5S+21u0LEKwtPDzIX
qEmjZD72b/At4ZtASAIlFCTtD2lOSLR+jC/k4WNQ3Qi9GXq8L6fwO5n4beoeX7dK
igE9ppwYPTljSrabdadG46EsxPm33y2TsV+9F+AHILamSLKtcfLzj4exd3wawGpv
egolczxu7mwSj6J5TP+m2LcP9uxqg/QIa6i5uD/dVduxkPkoQ7cY/+uOMdWWFg+0
2ngy8j05z1Y4SJCO/HB+1b53O4dAoX/BotgBjGwbRSNVA4LMenALIXLWa0yivRFf
ag9T/4oGtYfovUKc
-----END CERTIFICATE-----

2025-07-02 18:52:01,007 [main] INFO  client.DNCertificateClient (DefaultCertificateClient.java:updateCertSerialId(1289)) - Certificate serial ID set to 8
2025-07-02 18:52:01,007 [main] INFO  client.DNCertificateClient (DefaultCertificateClient.java:readCertificateFile(247)) - Added certificate 1 from file: /home/runner/work/ozone/ozone/hadoop-ozone/integration-test/target/test-dir/MiniOzoneClusterImpl-ff054ab7-6da7-448f-9cae-f629f00b5e08/ozone-meta/datanode-3/meta/dn/certs/ROOTCA-1.crt.
2025-07-02 18:52:01,008 [main] INFO  client.DNCertificateClient (DefaultCertificateClient.java:readCertificateFile(247)) - Added certificate 2 from file: /home/runner/work/ozone/ozone/hadoop-ozone/integration-test/target/test-dir/MiniOzoneClusterImpl-ff054ab7-6da7-448f-9cae-f629f00b5e08/ozone-meta/datanode-3/meta/dn/certs/CA-2.crt.
2025-07-02 18:52:01,009 [main] INFO  client.DNCertificateClient (DefaultCertificateClient.java:readCertificateFile(247)) - Added certificate 8 from file: /home/runner/work/ozone/ozone/hadoop-ozone/integration-test/target/test-dir/MiniOzoneClusterImpl-ff054ab7-6da7-448f-9cae-f629f00b5e08/ozone-meta/datanode-3/meta/dn/certs/8.crt.
2025-07-02 18:52:01,009 [main] INFO  client.DNCertificateClient (DefaultCertificateClient.java:startCertificateRenewerService(1380)) - CertificateRenewerService for dn is started with first delay 29116798990 ms and interval 86400000 ms.
2025-07-02 18:52:01,013 [main] INFO  client.DNCertificateClient (DefaultCertificateClient.java:recoverStateIfNeeded(812)) - Successfully stored DN signed certificate, case:GETCERT.
2025-07-02 18:52:01,013 [main] INFO  ha.SCMNodeInfo (SCMNodeInfo.java:getPort(197)) - ConfigKey ozone.scm.client.address is deprecated, For configuring different ports for each SCM use PortConfigKey ozone.scm.client.port appended with serviceId and nodeId
2025-07-02 18:52:01,013 [main] INFO  ha.SCMNodeInfo (SCMNodeInfo.java:getPort(197)) - ConfigKey ozone.scm.block.client.address is deprecated, For configuring different ports for each SCM use PortConfigKey ozone.scm.block.client.port appended with serviceId and nodeId
2025-07-02 18:52:01,013 [main] INFO  ha.SCMNodeInfo (SCMNodeInfo.java:getPort(197)) - ConfigKey ozone.scm.security.service.address is deprecated, For configuring different ports for each SCM use PortConfigKey ozone.scm.security.service.port appended with serviceId and nodeId
2025-07-02 18:52:01,013 [main] INFO  ha.SCMNodeInfo (SCMNodeInfo.java:getPort(197)) - ConfigKey ozone.scm.datanode.address is deprecated, For configuring different ports for each SCM use PortConfigKey ozone.scm.datanode.port appended with serviceId and nodeId
2025-07-02 18:52:01,013 [main] INFO  ha.SCMNodeInfo (SCMNodeInfo.java:getPort(197)) - ConfigKey ozone.scm.client.address is deprecated, For configuring different ports for each SCM use PortConfigKey ozone.scm.client.port appended with serviceId and nodeId
2025-07-02 18:52:01,013 [main] INFO  ha.SCMNodeInfo (SCMNodeInfo.java:getPort(197)) - ConfigKey ozone.scm.block.client.address is deprecated, For configuring different ports for each SCM use PortConfigKey ozone.scm.block.client.port appended with serviceId and nodeId
2025-07-02 18:52:01,014 [main] INFO  ha.SCMNodeInfo (SCMNodeInfo.java:getPort(197)) - ConfigKey ozone.scm.security.service.address is deprecated, For configuring different ports for each SCM use PortConfigKey ozone.scm.security.service.port appended with serviceId and nodeId
2025-07-02 18:52:01,014 [main] INFO  ha.SCMNodeInfo (SCMNodeInfo.java:getPort(197)) - ConfigKey ozone.scm.datanode.address is deprecated, For configuring different ports for each SCM use PortConfigKey ozone.scm.datanode.port appended with serviceId and nodeId
2025-07-02 18:52:01,014 [main] INFO  ha.SCMNodeInfo (SCMNodeInfo.java:getPort(197)) - ConfigKey ozone.scm.client.address is deprecated, For configuring different ports for each SCM use PortConfigKey ozone.scm.client.port appended with serviceId and nodeId
2025-07-02 18:52:01,014 [main] INFO  ha.SCMNodeInfo (SCMNodeInfo.java:getPort(197)) - ConfigKey ozone.scm.block.client.address is deprecated, For configuring different ports for each SCM use PortConfigKey ozone.scm.block.client.port appended with serviceId and nodeId
2025-07-02 18:52:01,014 [main] INFO  ha.SCMNodeInfo (SCMNodeInfo.java:getPort(197)) - ConfigKey ozone.scm.security.service.address is deprecated, For configuring different ports for each SCM use PortConfigKey ozone.scm.security.service.port appended with serviceId and nodeId
2025-07-02 18:52:01,014 [main] INFO  ha.SCMNodeInfo (SCMNodeInfo.java:getPort(197)) - ConfigKey ozone.scm.datanode.address is deprecated, For configuring different ports for each SCM use PortConfigKey ozone.scm.datanode.port appended with serviceId and nodeId
2025-07-02 18:52:01,014 [main] INFO  proxy.SecretKeyProtocolFailoverProxyProvider (SCMFailoverProxyProviderBase.java:<init>(120)) - Created fail-over proxy for protocol SecretKeyProtocolDatanodePB with 3 nodes: [nodeId=scmNode-2,nodeAddress=/127.0.0.1:15010, nodeId=scmNode-3,nodeAddress=/127.0.0.1:15018, nodeId=scmNode-1,nodeAddress=/127.0.0.1:15002]
2025-07-02 18:52:01,014 [main] INFO  symmetric.DefaultSecretKeyVerifierClient (DefaultSecretKeyVerifierClient.java:<init>(76)) - Initializing secret key cache with size 4, TTL PT8M20S
2025-07-02 18:52:01,019 [Socket Reader #1 for port 15002] INFO  ipc.Server (Server.java:saslProcess(2290)) - Auth successful for scm/localhost@EXAMPLE.COM (auth:KERBEROS) from 127.0.0.1:36115
2025-07-02 18:52:01,022 [main] INFO  symmetric.DefaultSecretKeySignerClient (DefaultSecretKeySignerClient.java:start(83)) - Initial secret key fetched from SCM: SecretKey(id = 45b1e288-be58-412a-8e87-841ece61fad4, creation at: 2025-07-02T18:51:41.729Z, expire at: 2025-07-02T19:00:01.729Z).
2025-07-02 18:52:01,022 [main] INFO  symmetric.DefaultSecretKeySignerClient (DefaultSecretKeySignerClient.java:scheduleSecretKeyPoller(149)) - Scheduling SecretKeyPoller with initial delay of PT8M0.706297865S and interval of PT8M20S
2025-07-02 18:52:01,023 [main] WARN  statemachine.DatanodeConfiguration (DatanodeConfiguration.java:validateMinFreeSpace(751)) - hdds.datanode.volume.min.free.space.percent = -1.0 is invalid, should be between 0 and 1
2025-07-02 18:52:01,024 [main] INFO  upgrade.AbstractLayoutVersionManager (AbstractLayoutVersionManager.java:init(80)) - Initializing Layout version manager with metadata layout = HBASE_SUPPORT (version = 8), software layout = HBASE_SUPPORT (version = 8)
2025-07-02 18:52:01,025 [main] INFO  ha.SCMNodeInfo (SCMNodeInfo.java:getPort(197)) - ConfigKey ozone.scm.client.address is deprecated, For configuring different ports for each SCM use PortConfigKey ozone.scm.client.port appended with serviceId and nodeId
2025-07-02 18:52:01,025 [main] INFO  ha.SCMNodeInfo (SCMNodeInfo.java:getPort(197)) - ConfigKey ozone.scm.block.client.address is deprecated, For configuring different ports for each SCM use PortConfigKey ozone.scm.block.client.port appended with serviceId and nodeId
2025-07-02 18:52:01,025 [main] INFO  ha.SCMNodeInfo (SCMNodeInfo.java:getPort(197)) - ConfigKey ozone.scm.security.service.address is deprecated, For configuring different ports for each SCM use PortConfigKey ozone.scm.security.service.port appended with serviceId and nodeId
2025-07-02 18:52:01,025 [main] INFO  ha.SCMNodeInfo (SCMNodeInfo.java:getPort(197)) - ConfigKey ozone.scm.datanode.address is deprecated, For configuring different ports for each SCM use PortConfigKey ozone.scm.datanode.port appended with serviceId and nodeId
2025-07-02 18:52:01,025 [main] INFO  ha.SCMNodeInfo (SCMNodeInfo.java:getPort(197)) - ConfigKey ozone.scm.client.address is deprecated, For configuring different ports for each SCM use PortConfigKey ozone.scm.client.port appended with serviceId and nodeId
2025-07-02 18:52:01,025 [main] INFO  ha.SCMNodeInfo (SCMNodeInfo.java:getPort(197)) - ConfigKey ozone.scm.block.client.address is deprecated, For configuring different ports for each SCM use PortConfigKey ozone.scm.block.client.port appended with serviceId and nodeId
2025-07-02 18:52:01,025 [main] INFO  ha.SCMNodeInfo (SCMNodeInfo.java:getPort(197)) - ConfigKey ozone.scm.security.service.address is deprecated, For configuring different ports for each SCM use PortConfigKey ozone.scm.security.service.port appended with serviceId and nodeId
2025-07-02 18:52:01,025 [main] INFO  ha.SCMNodeInfo (SCMNodeInfo.java:getPort(197)) - ConfigKey ozone.scm.datanode.address is deprecated, For configuring different ports for each SCM use PortConfigKey ozone.scm.datanode.port appended with serviceId and nodeId
2025-07-02 18:52:01,025 [main] INFO  ha.SCMNodeInfo (SCMNodeInfo.java:getPort(197)) - ConfigKey ozone.scm.client.address is deprecated, For configuring different ports for each SCM use PortConfigKey ozone.scm.client.port appended with serviceId and nodeId
2025-07-02 18:52:01,025 [main] INFO  ha.SCMNodeInfo (SCMNodeInfo.java:getPort(197)) - ConfigKey ozone.scm.block.client.address is deprecated, For configuring different ports for each SCM use PortConfigKey ozone.scm.block.client.port appended with serviceId and nodeId
2025-07-02 18:52:01,025 [main] INFO  ha.SCMNodeInfo (SCMNodeInfo.java:getPort(197)) - ConfigKey ozone.scm.security.service.address is deprecated, For configuring different ports for each SCM use PortConfigKey ozone.scm.security.service.port appended with serviceId and nodeId
2025-07-02 18:52:01,026 [main] INFO  ha.SCMNodeInfo (SCMNodeInfo.java:getPort(197)) - ConfigKey ozone.scm.datanode.address is deprecated, For configuring different ports for each SCM use PortConfigKey ozone.scm.datanode.port appended with serviceId and nodeId
2025-07-02 18:52:01,026 [main] INFO  statemachine.DatanodeStateMachine (DatanodeStateMachine.java:getEndPointTaskThreadPoolSize(305)) - Datanode State Machine Task Thread Pool size 4
2025-07-02 18:52:01,026 [main] WARN  statemachine.DatanodeConfiguration (DatanodeConfiguration.java:validateMinFreeSpace(751)) - hdds.datanode.volume.min.free.space.percent = -1.0 is invalid, should be between 0 and 1
2025-07-02 18:52:01,027 [main] WARN  statemachine.DatanodeConfiguration (DatanodeConfiguration.java:validateMinFreeSpace(751)) - hdds.datanode.volume.min.free.space.percent = -1.0 is invalid, should be between 0 and 1
2025-07-02 18:52:01,027 [main] WARN  statemachine.DatanodeConfiguration (DatanodeConfiguration.java:validateMinFreeSpace(751)) - hdds.datanode.volume.min.free.space.percent = -1.0 is invalid, should be between 0 and 1
2025-07-02 18:52:01,028 [main] WARN  statemachine.DatanodeConfiguration (DatanodeConfiguration.java:validateMinFreeSpace(751)) - hdds.datanode.volume.min.free.space.percent = -1.0 is invalid, should be between 0 and 1
2025-07-02 18:52:01,029 [main] INFO  volume.HddsVolume (HddsVolume.java:<init>(162)) - HddsVolume: { id=DS-671928f9-1f2c-4b1f-8a87-ad09c29f8db7 dir=/home/runner/work/ozone/ozone/hadoop-ozone/integration-test/target/test-dir/MiniOzoneClusterImpl-ff054ab7-6da7-448f-9cae-f629f00b5e08/ozone-meta/datanode-3/data-0/hdds type=DISK capacity=9222449699674390527 used=0 available=9222449699674390527 minFree=9222450130714624 committed=0 }
2025-07-02 18:52:01,029 [main] INFO  volume.MutableVolumeSet (MutableVolumeSet.java:initializeVolumeSet(167)) - Added Volume : /home/runner/work/ozone/ozone/hadoop-ozone/integration-test/target/test-dir/MiniOzoneClusterImpl-ff054ab7-6da7-448f-9cae-f629f00b5e08/ozone-meta/datanode-3/data-0/hdds to VolumeSet
2025-07-02 18:52:01,030 [main] WARN  statemachine.DatanodeConfiguration (DatanodeConfiguration.java:validateMinFreeSpace(751)) - hdds.datanode.volume.min.free.space.percent = -1.0 is invalid, should be between 0 and 1
2025-07-02 18:52:01,030 [main] WARN  statemachine.DatanodeConfiguration (DatanodeConfiguration.java:validateMinFreeSpace(751)) - hdds.datanode.volume.min.free.space.percent = -1.0 is invalid, should be between 0 and 1
2025-07-02 18:52:01,031 [main] INFO  volume.MutableVolumeSet (MutableVolumeSet.java:initializeVolumeSet(167)) - Added Volume : /home/runner/work/ozone/ozone/hadoop-ozone/integration-test/target/test-dir/MiniOzoneClusterImpl-ff054ab7-6da7-448f-9cae-f629f00b5e08/ozone-meta/datanode-3/ratis to VolumeSet
2025-07-02 18:52:01,031 [main] WARN  statemachine.DatanodeConfiguration (DatanodeConfiguration.java:validateMinFreeSpace(751)) - hdds.datanode.volume.min.free.space.percent = -1.0 is invalid, should be between 0 and 1
2025-07-02 18:52:01,031 [main] WARN  statemachine.DatanodeConfiguration (DatanodeConfiguration.java:validateMinFreeSpace(751)) - hdds.datanode.volume.min.free.space.percent = -1.0 is invalid, should be between 0 and 1
2025-07-02 18:52:01,032 [main] INFO  ozoneimpl.OzoneContainer (HddsVolumeUtil.java:loadAllHddsVolumeDbStore(102)) - Load 1 volumes DbStore cost: 0ms
2025-07-02 18:52:01,032 [main] WARN  db.DBStoreBuilder (DBStoreBuilder.java:getDBDirPath(159)) - ozone.scm.datanode.id.dir is not configured. We recommend adding this setting. Falling back to ozone.metadata.dirs instead.
2025-07-02 18:52:01,032 [main] WARN  statemachine.DatanodeConfiguration (DatanodeConfiguration.java:validateMinFreeSpace(751)) - hdds.datanode.volume.min.free.space.percent = -1.0 is invalid, should be between 0 and 1
2025-07-02 18:52:01,033 [main] WARN  db.DBStoreBuilder (DBStoreBuilder.java:getDBDirPath(159)) - ozone.scm.datanode.id.dir is not configured. We recommend adding this setting. Falling back to ozone.metadata.dirs instead.
2025-07-02 18:52:01,049 [main] WARN  statemachine.DatanodeConfiguration (DatanodeConfiguration.java:validateMinFreeSpace(751)) - hdds.datanode.volume.min.free.space.percent = -1.0 is invalid, should be between 0 and 1
2025-07-02 18:52:01,050 [main] WARN  statemachine.DatanodeConfiguration (DatanodeConfiguration.java:validateMinFreeSpace(751)) - hdds.datanode.volume.min.free.space.percent = -1.0 is invalid, should be between 0 and 1
2025-07-02 18:52:01,050 [main] INFO  impl.FilePerChunkStrategy (FilePerChunkStrategy.java:<init>(79)) - ozone.chunk.read.mapped.buffer.max.count is load with 0
2025-07-02 18:52:01,050 [main] INFO  impl.FilePerBlockStrategy (FilePerBlockStrategy.java:<init>(88)) - ozone.chunk.read.mapped.buffer.max.count is load with 0
2025-07-02 18:52:01,051 [main] WARN  statemachine.DatanodeConfiguration (DatanodeConfiguration.java:validateMinFreeSpace(751)) - hdds.datanode.volume.min.free.space.percent = -1.0 is invalid, should be between 0 and 1
2025-07-02 18:52:01,052 [main] INFO  server.RaftServerConfigKeys (ConfUtils.java:logGet(62)) - raft.server.log.appender.buffer.byte-limit = 33554432 (custom)
2025-07-02 18:52:01,054 [main] INFO  grpc.GrpcConfigKeys (ConfUtils.java:logFallback(69)) - raft.grpc.admin.host = null (fallback to raft.grpc.server.host)
2025-07-02 18:52:01,054 [main] INFO  grpc.GrpcConfigKeys (ConfUtils.java:logGet(62)) - raft.grpc.admin.port = 15066 (custom)
2025-07-02 18:52:01,054 [main] INFO  grpc.GrpcConfigKeys (ConfUtils.java:logFallback(69)) - raft.grpc.client.host = null (fallback to raft.grpc.server.host)
2025-07-02 18:52:01,054 [main] INFO  grpc.GrpcConfigKeys (ConfUtils.java:logGet(62)) - raft.grpc.client.port = 15065 (custom)
2025-07-02 18:52:01,054 [main] INFO  grpc.GrpcConfigKeys (ConfUtils.java:logGet(62)) - raft.grpc.server.port = 15067 (custom)
2025-07-02 18:52:01,054 [main] INFO  server.GrpcServicesImpl (ConfUtils.java:logGet(62)) - raft.grpc.message.size.max = 34603008 (custom)
2025-07-02 18:52:01,054 [main] INFO  server.GrpcServicesImpl (ConfUtils.java:logGet(62)) - raft.grpc.flow.control.window = 5MB (=5242880) (custom)
2025-07-02 18:52:01,054 [main] INFO  server.RaftServerConfigKeys (ConfUtils.java:logGet(62)) - raft.server.log.appender.buffer.byte-limit = 33554432 (custom)
2025-07-02 18:52:01,056 [main] INFO  netty.NettyUtils (NettyUtils.java:newEventLoopGroup(74)) - Create EpollEventLoopGroup for 97a6755e-86fd-4537-91b3-54c33d4d83bf-NettyServerStreamRpc-bossGroup; Thread size is 0.
2025-07-02 18:52:01,057 [main] INFO  netty.NettyUtils (NettyUtils.java:newEventLoopGroup(74)) - Create EpollEventLoopGroup for 97a6755e-86fd-4537-91b3-54c33d4d83bf-NettyServerStreamRpc-workerGroup; Thread size is 0.
2025-07-02 18:52:01,057 [main] INFO  netty.NettyConfigKeys$DataStream (ConfUtils.java:logGet(62)) - raft.netty.dataStream.port = 15068 (custom)
2025-07-02 18:52:01,058 [main] INFO  server.RaftServerConfigKeys (ConfUtils.java:logGet(62)) - raft.server.storage.dir = [/home/runner/work/ozone/ozone/hadoop-ozone/integration-test/target/test-dir/MiniOzoneClusterImpl-ff054ab7-6da7-448f-9cae-f629f00b5e08/ozone-meta/datanode-3/ratis] (custom)
2025-07-02 18:52:01,058 [97a6755e-86fd-4537-91b3-54c33d4d83bf-NettyServerStreamRpc-bossGroup--thread1] INFO  logging.LoggingHandler (AbstractInternalLogger.java:log(148)) - [id: 0xb1070de6] REGISTERED
2025-07-02 18:52:01,058 [97a6755e-86fd-4537-91b3-54c33d4d83bf-NettyServerStreamRpc-bossGroup--thread1] INFO  logging.LoggingHandler (AbstractInternalLogger.java:log(148)) - [id: 0xb1070de6] BIND: 0.0.0.0/0.0.0.0:15068
2025-07-02 18:52:01,058 [97a6755e-86fd-4537-91b3-54c33d4d83bf-NettyServerStreamRpc-bossGroup--thread1] INFO  logging.LoggingHandler (AbstractInternalLogger.java:log(148)) - [id: 0xb1070de6, L:/0.0.0.0:15068] ACTIVE
2025-07-02 18:52:01,059 [97a6755e-86fd-4537-91b3-54c33d4d83bf-impl-thread1] INFO  server.RaftServer (RaftServerProxy.java:initGroupDir(270)) - 97a6755e-86fd-4537-91b3-54c33d4d83bf: found a subdirectory /home/runner/work/ozone/ozone/hadoop-ozone/integration-test/target/test-dir/MiniOzoneClusterImpl-ff054ab7-6da7-448f-9cae-f629f00b5e08/ozone-meta/datanode-3/ratis/tmp
2025-07-02 18:52:01,059 [97a6755e-86fd-4537-91b3-54c33d4d83bf-impl-thread1] INFO  server.RaftServer (RaftServerProxy.java:initGroupDir(275)) - 97a6755e-86fd-4537-91b3-54c33d4d83bf: The directory /home/runner/work/ozone/ozone/hadoop-ozone/integration-test/target/test-dir/MiniOzoneClusterImpl-ff054ab7-6da7-448f-9cae-f629f00b5e08/ozone-meta/datanode-3/ratis/tmp is not a group directory; ignoring it. 
2025-07-02 18:52:01,060 [main] INFO  replication.ReplicationServer (ReplicationServer.java:<init>(84)) - Initializing replication server with thread count = 10 queue length = 4096
2025-07-02 18:52:01,061 [main] WARN  statemachine.DatanodeConfiguration (DatanodeConfiguration.java:validateMinFreeSpace(751)) - hdds.datanode.volume.min.free.space.percent = -1.0 is invalid, should be between 0 and 1
2025-07-02 18:52:01,062 [main] INFO  server.XceiverServerGrpc (XceiverServerGrpc.java:<init>(130)) - GrpcServer channel type EpollServerSocketChannel
2025-07-02 18:52:01,064 [main] WARN  statemachine.DatanodeConfiguration (DatanodeConfiguration.java:validateMinFreeSpace(751)) - hdds.datanode.volume.min.free.space.percent = -1.0 is invalid, should be between 0 and 1
2025-07-02 18:52:01,066 [main] INFO  replication.ReplicationSupervisor (ReplicationSupervisor.java:build(169)) - Initializing replication supervisor with thread count = 10
2025-07-02 18:52:01,066 [main] INFO  replication.ReplicationSupervisor (ReplicationSupervisor.java:nodeStateUpdated(358)) - Node state updated to IN_SERVICE, scaling executor pool size to 10
2025-07-02 18:52:01,067 [main] INFO  client.DNCertificateClient (DefaultCertificateClient.java:getAllCaCerts(979)) - dn has 2 CA certificates
2025-07-02 18:52:01,068 [main] INFO  client.DNCertificateClient (DefaultCertificateClient.java:getAllRootCaCerts(971)) - dn has 1 Root CA certificates
2025-07-02 18:52:01,069 [main] INFO  client.DNCertificateClient (DefaultCertificateClient.java:getAllCaCerts(979)) - dn has 2 CA certificates
2025-07-02 18:52:01,069 [main] INFO  client.DNCertificateClient (DefaultCertificateClient.java:getAllRootCaCerts(971)) - dn has 1 Root CA certificates
2025-07-02 18:52:01,069 [main] WARN  statemachine.DatanodeConfiguration (DatanodeConfiguration.java:validateMinFreeSpace(751)) - hdds.datanode.volume.min.free.space.percent = -1.0 is invalid, should be between 0 and 1
2025-07-02 18:52:01,072 [main] INFO  http.BaseHttpServer (BaseHttpServer.java:newHttpServer2BuilderForOzone(229)) - Starting Web-server for hddsDatanode at: http://0.0.0.0:15062
2025-07-02 18:52:01,072 [main] INFO  http.BaseHttpServer (BaseHttpServer.java:<init>(107)) - Hadoop Security Enabled: true Ozone Security Enabled: true Ozone HTTP Security Enabled: false 
2025-07-02 18:52:01,074 [main] WARN  server.AuthenticationFilter (AuthenticationFilter.java:constructSecretProvider(240)) - Unable to initialize FileSignerSecretProvider, falling back to use random secrets. Reason: Could not read signature secret file: /home/runner/hadoop-http-auth-signature-secret
2025-07-02 18:52:01,077 [main] INFO  http.HttpServer2 (HttpServer2.java:addGlobalFilter(1042)) - Added global filter 'safety' (class=org.apache.hadoop.hdds.server.http.HttpServer2$QuotingInputFilter)
2025-07-02 18:52:01,078 [main] INFO  http.HttpServer2 (HttpServer2.java:addFilter(1018)) - Added filter static_user_filter (class=org.apache.hadoop.http.lib.StaticUserWebFilter$StaticUserFilter) to context hddsDatanode
2025-07-02 18:52:01,078 [main] INFO  http.HttpServer2 (HttpServer2.java:addFilter(1026)) - Added filter static_user_filter (class=org.apache.hadoop.http.lib.StaticUserWebFilter$StaticUserFilter) to context static
2025-07-02 18:52:01,079 [main] INFO  http.HttpServer2 (HttpServer2.java:addFilter(1026)) - Added filter static_user_filter (class=org.apache.hadoop.http.lib.StaticUserWebFilter$StaticUserFilter) to context logs
2025-07-02 18:52:01,079 [main] INFO  http.BaseHttpServer (BaseHttpServer.java:<init>(195)) - HTTP server of hddsDatanode uses base directory /home/runner/work/ozone/ozone/hadoop-ozone/integration-test/target/test-dir/MiniOzoneClusterImpl-ff054ab7-6da7-448f-9cae-f629f00b5e08/ozone-meta/datanode-3/meta/webserver
2025-07-02 18:52:01,080 [main] INFO  http.HttpServer2 (HttpServer2.java:bindListener(1242)) - Jetty bound to port 15062
2025-07-02 18:52:01,080 [main] INFO  server.Server (Server.java:doStart(375)) - jetty-9.4.57.v20241219; built: 2025-01-08T21:24:30.412Z; git: df524e6b29271c2e09ba9aea83c18dc9db464a31; jvm 21.0.7+6-LTS
2025-07-02 18:52:01,082 [main] INFO  server.session (DefaultSessionIdManager.java:doStart(334)) - DefaultSessionIdManager workerName=node0
2025-07-02 18:52:01,082 [main] INFO  server.session (DefaultSessionIdManager.java:doStart(339)) - No SessionScavenger set, using defaults
2025-07-02 18:52:01,082 [main] INFO  server.session (HouseKeeper.java:startScavenging(132)) - node0 Scavenging every 660000ms
2025-07-02 18:52:01,083 [main] INFO  handler.ContextHandler (ContextHandler.java:doStart(921)) - Started o.e.j.s.ServletContextHandler@682ad314{logs,/logs,file:///home/runner/work/ozone/ozone/hadoop-ozone/integration-test/target/log,AVAILABLE}
2025-07-02 18:52:01,084 [main] INFO  handler.ContextHandler (ContextHandler.java:doStart(921)) - Started o.e.j.s.ServletContextHandler@1905b288{static,/static,jar:file:/home/runner/work/ozone/ozone/hadoop-hdds/container-service/target/hdds-container-service-2.1.0-SNAPSHOT.jar!/webapps/static,AVAILABLE}
2025-07-02 18:52:01,088 [IPC Server handler 3 on default port 15004] INFO  net.NetworkTopologyImpl (NetworkTopologyImpl.java:add(133)) - Added a new node: /default-rack/a1153de0-65c4-400c-ae9f-71c02a590f14
2025-07-02 18:52:01,088 [IPC Server handler 87 on default port 15012] INFO  net.NetworkTopologyImpl (NetworkTopologyImpl.java:add(133)) - Added a new node: /default-rack/a1153de0-65c4-400c-ae9f-71c02a590f14
2025-07-02 18:52:01,090 [IPC Server handler 1 on default port 15020] INFO  net.NetworkTopologyImpl (NetworkTopologyImpl.java:add(133)) - Added a new node: /default-rack/a1153de0-65c4-400c-ae9f-71c02a590f14
2025-07-02 18:52:01,093 [IPC Server handler 87 on default port 15012] INFO  node.SCMNodeManager (SCMNodeManager.java:register(423)) - Registered datanode: a1153de0-65c4-400c-ae9f-71c02a590f14{ip: 127.0.0.1, host: localhost, ports: [HTTP=15046, CLIENT_RPC=15047, REPLICATION=15053, RATIS=15049, RATIS_ADMIN=15050, RATIS_SERVER=15051, RATIS_DATASTREAM=15052, STANDALONE=15048], networkLocation: /default-rack, certSerialId: 6, persistedOpState: null, persistedOpStateExpiryEpochSec: 0}
2025-07-02 18:52:01,094 [IPC Server handler 1 on default port 15020] INFO  node.SCMNodeManager (SCMNodeManager.java:register(423)) - Registered datanode: a1153de0-65c4-400c-ae9f-71c02a590f14{ip: 127.0.0.1, host: localhost, ports: [HTTP=15046, CLIENT_RPC=15047, REPLICATION=15053, RATIS=15049, RATIS_ADMIN=15050, RATIS_SERVER=15051, RATIS_DATASTREAM=15052, STANDALONE=15048], networkLocation: /default-rack, certSerialId: 6, persistedOpState: null, persistedOpStateExpiryEpochSec: 0}
2025-07-02 18:52:01,096 [IPC Server handler 3 on default port 15004] INFO  node.SCMNodeManager (SCMNodeManager.java:register(423)) - Registered datanode: a1153de0-65c4-400c-ae9f-71c02a590f14{ip: 127.0.0.1, host: localhost, ports: [HTTP=15046, CLIENT_RPC=15047, REPLICATION=15053, RATIS=15049, RATIS_ADMIN=15050, RATIS_SERVER=15051, RATIS_DATASTREAM=15052, STANDALONE=15048], networkLocation: /default-rack, certSerialId: 6, persistedOpState: null, persistedOpStateExpiryEpochSec: 0}
2025-07-02 18:52:01,099 [scmNode-3-EventQueue-NewNodeForNewNodeHandler] INFO  pipeline.BackgroundPipelineCreator (BackgroundPipelineCreator.java:notifyEventTriggered(283)) - ignore, not leader SCM.
2025-07-02 18:52:01,100 [scmNode-2-EventQueue-NodeRegistrationContainerReportForDataNodeSafeModeRule] INFO  safemode.SCMSafeModeManager (DataNodeSafeModeRule.java:process(80)) - SCM in safe mode. 1 DataNodes registered, 3 required.
2025-07-02 18:52:01,099 [scmNode-2-EventQueue-NewNodeForNewNodeHandler] INFO  pipeline.BackgroundPipelineCreator (BackgroundPipelineCreator.java:notifyEventTriggered(283)) - ignore, not leader SCM.
2025-07-02 18:52:01,100 [scmNode-3-EventQueue-NodeRegistrationContainerReportForDataNodeSafeModeRule] INFO  safemode.SCMSafeModeManager (DataNodeSafeModeRule.java:process(80)) - SCM in safe mode. 1 DataNodes registered, 3 required.
2025-07-02 18:52:01,099 [scmNode-1-EventQueue-NewNodeForNewNodeHandler] INFO  pipeline.BackgroundPipelineCreator (BackgroundPipelineCreator.java:notifyEventTriggered(290)) - trigger a one-shot run on scmNode-1-RatisPipelineUtilsThread.
2025-07-02 18:52:01,102 [scmNode-2-EventQueue-PipelineReportForOneReplicaPipelineSafeModeRule] INFO  safemode.SCMSafeModeManager (SCMSafeModeManager.java:validateSafeModeExitRules(139)) - AtleastOneDatanodeReportedRule rule is successfully validated
2025-07-02 18:52:01,103 [scmNode-3-EventQueue-ContainerRegistrationReportForRatisContainerSafeModeRule] INFO  safemode.SCMSafeModeManager (SCMSafeModeManager.java:validateSafeModeExitRules(139)) - RatisContainerSafeModeRule rule is successfully validated
2025-07-02 18:52:01,103 [scmNode-1-EventQueue-ContainerRegistrationReportForRatisContainerSafeModeRule] INFO  safemode.SCMSafeModeManager (SCMSafeModeManager.java:validateSafeModeExitRules(139)) - RatisContainerSafeModeRule rule is successfully validated
2025-07-02 18:52:01,104 [scmNode-1-EventQueue-ContainerRegistrationReportForECContainerSafeModeRule] INFO  safemode.SCMSafeModeManager (SCMSafeModeManager.java:validateSafeModeExitRules(139)) - ECContainerSafeModeRule rule is successfully validated
2025-07-02 18:52:01,104 [scmNode-3-EventQueue-PipelineReportForOneReplicaPipelineSafeModeRule] INFO  safemode.SCMSafeModeManager (SCMSafeModeManager.java:validateSafeModeExitRules(139)) - AtleastOneDatanodeReportedRule rule is successfully validated
2025-07-02 18:52:01,105 [scmNode-1-EventQueue-NodeRegistrationContainerReportForDataNodeSafeModeRule] INFO  safemode.SCMSafeModeManager (DataNodeSafeModeRule.java:process(80)) - SCM in safe mode. 1 DataNodes registered, 3 required.
2025-07-02 18:52:01,106 [scmNode-1-EventQueue-PipelineReportForOneReplicaPipelineSafeModeRule] INFO  safemode.SCMSafeModeManager (SCMSafeModeManager.java:validateSafeModeExitRules(139)) - AtleastOneDatanodeReportedRule rule is successfully validated
2025-07-02 18:52:01,107 [scmNode-3-EventQueue-ContainerRegistrationReportForECContainerSafeModeRule] INFO  safemode.SCMSafeModeManager (SCMSafeModeManager.java:validateSafeModeExitRules(139)) - ECContainerSafeModeRule rule is successfully validated
2025-07-02 18:52:01,108 [scmNode-2-EventQueue-ContainerRegistrationReportForECContainerSafeModeRule] INFO  safemode.SCMSafeModeManager (SCMSafeModeManager.java:validateSafeModeExitRules(139)) - ECContainerSafeModeRule rule is successfully validated
2025-07-02 18:52:01,109 [scmNode-2-EventQueue-ContainerRegistrationReportForRatisContainerSafeModeRule] INFO  safemode.SCMSafeModeManager (SCMSafeModeManager.java:validateSafeModeExitRules(139)) - RatisContainerSafeModeRule rule is successfully validated
2025-07-02 18:52:01,114 [scmNode-1-RatisPipelineUtilsThread-0] INFO  pipeline.RatisPipelineProvider (RatisPipelineProvider.java:lambda$create$0(208)) - Sending CreatePipelineCommand for pipeline:Pipeline-c63f340d-ce95-4f57-bce0-5724e89effbf to datanode:a1153de0-65c4-400c-ae9f-71c02a590f14(localhost/127.0.0.1)
2025-07-02 18:52:01,130 [4680a024-3a59-4e75-8ac7-1755b08d3543@group-F629F00B5E08-StateMachineUpdater] INFO  safemode.SCMSafeModeManager (SCMSafeModeManager.java:validateSafeModeExitRules(139)) - RatisContainerSafeModeRule rule is successfully validated
2025-07-02 18:52:01,130 [4680a024-3a59-4e75-8ac7-1755b08d3543@group-F629F00B5E08-StateMachineUpdater] INFO  safemode.HealthyPipelineSafeModeRule (HealthyPipelineSafeModeRule.java:initializeRule(228)) - Refreshed total pipeline count is 0, healthy pipeline threshold count is 1
2025-07-02 18:52:01,130 [4680a024-3a59-4e75-8ac7-1755b08d3543@group-F629F00B5E08-StateMachineUpdater] INFO  safemode.SCMSafeModeManager (SCMSafeModeManager.java:validateSafeModeExitRules(139)) - ECContainerSafeModeRule rule is successfully validated
2025-07-02 18:52:01,130 [4680a024-3a59-4e75-8ac7-1755b08d3543@group-F629F00B5E08-StateMachineUpdater] INFO  safemode.SCMSafeModeManager (SCMSafeModeManager.java:validateSafeModeExitRules(139)) - AtleastOneDatanodeReportedRule rule is successfully validated
2025-07-02 18:52:01,131 [ca181966-e7f6-4c77-8344-65416d18d1f8@group-F629F00B5E08-StateMachineUpdater] INFO  safemode.SCMSafeModeManager (SCMSafeModeManager.java:validateSafeModeExitRules(139)) - RatisContainerSafeModeRule rule is successfully validated
2025-07-02 18:52:01,131 [ca181966-e7f6-4c77-8344-65416d18d1f8@group-F629F00B5E08-StateMachineUpdater] INFO  safemode.HealthyPipelineSafeModeRule (HealthyPipelineSafeModeRule.java:initializeRule(228)) - Refreshed total pipeline count is 0, healthy pipeline threshold count is 1
2025-07-02 18:52:01,131 [ca181966-e7f6-4c77-8344-65416d18d1f8@group-F629F00B5E08-StateMachineUpdater] INFO  safemode.SCMSafeModeManager (SCMSafeModeManager.java:validateSafeModeExitRules(139)) - ECContainerSafeModeRule rule is successfully validated
2025-07-02 18:52:01,131 [ca181966-e7f6-4c77-8344-65416d18d1f8@group-F629F00B5E08-StateMachineUpdater] INFO  safemode.SCMSafeModeManager (SCMSafeModeManager.java:validateSafeModeExitRules(139)) - AtleastOneDatanodeReportedRule rule is successfully validated
2025-07-02 18:52:01,133 [0570d27e-7557-449b-949c-3e7f7fc57b05@group-F629F00B5E08-StateMachineUpdater] INFO  safemode.SCMSafeModeManager (SCMSafeModeManager.java:validateSafeModeExitRules(139)) - RatisContainerSafeModeRule rule is successfully validated
2025-07-02 18:52:01,133 [0570d27e-7557-449b-949c-3e7f7fc57b05@group-F629F00B5E08-StateMachineUpdater] INFO  safemode.HealthyPipelineSafeModeRule (HealthyPipelineSafeModeRule.java:initializeRule(228)) - Refreshed total pipeline count is 0, healthy pipeline threshold count is 1
2025-07-02 18:52:01,134 [0570d27e-7557-449b-949c-3e7f7fc57b05@group-F629F00B5E08-StateMachineUpdater] INFO  safemode.SCMSafeModeManager (SCMSafeModeManager.java:validateSafeModeExitRules(139)) - ECContainerSafeModeRule rule is successfully validated
2025-07-02 18:52:01,134 [0570d27e-7557-449b-949c-3e7f7fc57b05@group-F629F00B5E08-StateMachineUpdater] INFO  safemode.SCMSafeModeManager (SCMSafeModeManager.java:validateSafeModeExitRules(139)) - AtleastOneDatanodeReportedRule rule is successfully validated
2025-07-02 18:52:01,137 [scmNode-1-RatisPipelineUtilsThread-0] INFO  pipeline.BackgroundPipelineCreator (BackgroundPipelineCreator.java:createPipelines(246)) - Created new pipeline Pipeline{ Id: c63f340d-ce95-4f57-bce0-5724e89effbf, Nodes: [ {a1153de0-65c4-400c-ae9f-71c02a590f14(localhost/127.0.0.1), ReplicaIndex: 0},], ReplicationConfig: RATIS/ONE, State:ALLOCATED, leaderId:, CreationTimestamp2025-07-02T18:52:01.112287417Z[Etc/UTC]}
2025-07-02 18:52:01,162 [Socket Reader #3 for port 15004] INFO  ipc.Server (Server.java:saslProcess(2290)) - Auth successful for scm/localhost@EXAMPLE.COM (auth:KERBEROS) from 127.0.0.1:35859
2025-07-02 18:52:01,163 [Socket Reader #3 for port 15012] INFO  ipc.Server (Server.java:saslProcess(2290)) - Auth successful for scm/localhost@EXAMPLE.COM (auth:KERBEROS) from 127.0.0.1:40811
2025-07-02 18:52:01,164 [Socket Reader #3 for port 15020] INFO  ipc.Server (Server.java:saslProcess(2290)) - Auth successful for scm/localhost@EXAMPLE.COM (auth:KERBEROS) from 127.0.0.1:39769
2025-07-02 18:52:01,172 [fff6918d-693a-4f9d-b154-ded16baf39a4-EndpointStateMachineTaskThread-/127.0.0.1:15012-0 ] WARN  statemachine.DatanodeConfiguration (DatanodeConfiguration.java:validateMinFreeSpace(751)) - hdds.datanode.volume.min.free.space.percent = -1.0 is invalid, should be between 0 and 1
2025-07-02 18:52:01,174 [fff6918d-693a-4f9d-b154-ded16baf39a4-EndpointStateMachineTaskThread-/127.0.0.1:15012-0 ] WARN  statemachine.DatanodeConfiguration (DatanodeConfiguration.java:validateMinFreeSpace(751)) - hdds.datanode.volume.min.free.space.percent = -1.0 is invalid, should be between 0 and 1
2025-07-02 18:52:01,175 [fff6918d-693a-4f9d-b154-ded16baf39a4-EndpointStateMachineTaskThread-/127.0.0.1:15012-0 ] WARN  statemachine.DatanodeConfiguration (DatanodeConfiguration.java:validateMinFreeSpace(751)) - hdds.datanode.volume.min.free.space.percent = -1.0 is invalid, should be between 0 and 1
2025-07-02 18:52:01,218 [fff6918d-693a-4f9d-b154-ded16baf39a4-EndpointStateMachineTaskThread-/127.0.0.1:15012-0 ] INFO  utils.DatanodeStoreCache (DatanodeStoreCache.java:addDB(70)) - Added db /home/runner/work/ozone/ozone/hadoop-ozone/integration-test/target/test-dir/MiniOzoneClusterImpl-ff054ab7-6da7-448f-9cae-f629f00b5e08/ozone-meta/datanode-2/data-0/hdds/ff054ab7-6da7-448f-9cae-f629f00b5e08/DS-57a167a2-6761-473a-ac87-62f04a9ebb26/container.db to cache
2025-07-02 18:52:01,219 [fff6918d-693a-4f9d-b154-ded16baf39a4-EndpointStateMachineTaskThread-/127.0.0.1:15012-0 ] INFO  volume.HddsVolume (HddsVolume.java:createDbStore(575)) - SchemaV3 db is created and loaded at /home/runner/work/ozone/ozone/hadoop-ozone/integration-test/target/test-dir/MiniOzoneClusterImpl-ff054ab7-6da7-448f-9cae-f629f00b5e08/ozone-meta/datanode-2/data-0/hdds/ff054ab7-6da7-448f-9cae-f629f00b5e08/DS-57a167a2-6761-473a-ac87-62f04a9ebb26/container.db for volume DS-57a167a2-6761-473a-ac87-62f04a9ebb26
2025-07-02 18:52:01,219 [fff6918d-693a-4f9d-b154-ded16baf39a4-EndpointStateMachineTaskThread-/127.0.0.1:15012-0 ] WARN  statemachine.DatanodeConfiguration (DatanodeConfiguration.java:validateMinFreeSpace(751)) - hdds.datanode.volume.min.free.space.percent = -1.0 is invalid, should be between 0 and 1
2025-07-02 18:52:01,222 [fff6918d-693a-4f9d-b154-ded16baf39a4-ContainerReader-0] INFO  ozoneimpl.ContainerReader (ContainerReader.java:readVolume(144)) - Start to verify containers on volume /home/runner/work/ozone/ozone/hadoop-ozone/integration-test/target/test-dir/MiniOzoneClusterImpl-ff054ab7-6da7-448f-9cae-f629f00b5e08/ozone-meta/datanode-2/data-0/hdds
2025-07-02 18:52:01,223 [fff6918d-693a-4f9d-b154-ded16baf39a4-ContainerReader-0] INFO  ozoneimpl.ContainerReader (ContainerReader.java:readVolume(174)) - Finish verifying containers on volume /home/runner/work/ozone/ozone/hadoop-ozone/integration-test/target/test-dir/MiniOzoneClusterImpl-ff054ab7-6da7-448f-9cae-f629f00b5e08/ozone-meta/datanode-2/data-0/hdds
2025-07-02 18:52:01,224 [fff6918d-693a-4f9d-b154-ded16baf39a4-EndpointStateMachineTaskThread-/127.0.0.1:15012-0 ] INFO  ozoneimpl.OzoneContainer (OzoneContainer.java:buildContainerSet(370)) - Build ContainerSet costs 0s
2025-07-02 18:52:01,224 [fff6918d-693a-4f9d-b154-ded16baf39a4-EndpointStateMachineTaskThread-/127.0.0.1:15012-0 ] INFO  volume.ThrottledAsyncChecker (ThrottledAsyncChecker.java:schedule(138)) - Scheduling a check for /home/runner/work/ozone/ozone/hadoop-ozone/integration-test/target/test-dir/MiniOzoneClusterImpl-ff054ab7-6da7-448f-9cae-f629f00b5e08/ozone-meta/datanode-2/data-0/hdds
2025-07-02 18:52:01,226 [fff6918d-693a-4f9d-b154-ded16baf39a4-EndpointStateMachineTaskThread-/127.0.0.1:15012-0 ] INFO  volume.StorageVolumeChecker (StorageVolumeChecker.java:checkAllVolumes(215)) - Scheduled health check for volume /home/runner/work/ozone/ozone/hadoop-ozone/integration-test/target/test-dir/MiniOzoneClusterImpl-ff054ab7-6da7-448f-9cae-f629f00b5e08/ozone-meta/datanode-2/data-0/hdds
2025-07-02 18:52:01,231 [fff6918d-693a-4f9d-b154-ded16baf39a4-EndpointStateMachineTaskThread-/127.0.0.1:15012-0 ] INFO  volume.ThrottledAsyncChecker (ThrottledAsyncChecker.java:schedule(138)) - Scheduling a check for /home/runner/work/ozone/ozone/hadoop-ozone/integration-test/target/test-dir/MiniOzoneClusterImpl-ff054ab7-6da7-448f-9cae-f629f00b5e08/ozone-meta/datanode-2/ratis
2025-07-02 18:52:01,231 [fff6918d-693a-4f9d-b154-ded16baf39a4-EndpointStateMachineTaskThread-/127.0.0.1:15012-0 ] INFO  volume.StorageVolumeChecker (StorageVolumeChecker.java:checkAllVolumes(215)) - Scheduled health check for volume /home/runner/work/ozone/ozone/hadoop-ozone/integration-test/target/test-dir/MiniOzoneClusterImpl-ff054ab7-6da7-448f-9cae-f629f00b5e08/ozone-meta/datanode-2/ratis
2025-07-02 18:52:01,234 [fff6918d-693a-4f9d-b154-ded16baf39a4-EndpointStateMachineTaskThread-/127.0.0.1:15012-0 ] INFO  ozoneimpl.OzoneContainer (OzoneContainer.java:start(520)) - Attempting to start container services.
2025-07-02 18:52:01,236 [ContainerMetadataScanner] INFO  ozoneimpl.AbstractBackgroundContainerScanner (AbstractBackgroundContainerScanner.java:runIteration(89)) - Completed an iteration in 0 minutes. Number of iterations (since the data-node restart) : 1, Number of containers scanned in this iteration : 0, Number of unhealthy containers found in this iteration : 0
2025-07-02 18:52:01,237 [ContainerDataScanner(/home/runner/work/ozone/ozone/hadoop-ozone/integration-test/target/test-dir/MiniOzoneClusterImpl-ff054ab7-6da7-448f-9cae-f629f00b5e08/ozone-meta/datanode-2/data-0/hdds)] INFO  ozoneimpl.AbstractBackgroundContainerScanner (AbstractBackgroundContainerScanner.java:runIteration(89)) - Completed an iteration in 0 minutes. Number of iterations (since the data-node restart) : 1, Number of containers scanned in this iteration : 0, Number of unhealthy containers found in this iteration : 0
2025-07-02 18:52:01,238 [fff6918d-693a-4f9d-b154-ded16baf39a4-EndpointStateMachineTaskThread-/127.0.0.1:15012-0 ] INFO  replication.ReplicationServer (ReplicationServer.java:start(137)) - ReplicationServer is started using port 15061
2025-07-02 18:52:01,238 [fff6918d-693a-4f9d-b154-ded16baf39a4-EndpointStateMachineTaskThread-/127.0.0.1:15012-0 ] INFO  ratis.XceiverServerRatis (XceiverServerRatis.java:start(559)) - Starting XceiverServerRatis(fff6918d-693a-4f9d-b154-ded16baf39a4)
2025-07-02 18:52:01,241 [fff6918d-693a-4f9d-b154-ded16baf39a4-EndpointStateMachineTaskThread-/127.0.0.1:15012-0 ] INFO  server.RaftServer (RaftServerProxy.java:startImpl(412)) - fff6918d-693a-4f9d-b154-ded16baf39a4: start RPC server
2025-07-02 18:52:01,242 [fff6918d-693a-4f9d-b154-ded16baf39a4-EndpointStateMachineTaskThread-/127.0.0.1:15012-0 ] INFO  server.GrpcServicesImpl (GrpcServicesImpl.java:startImpl(346)) - fff6918d-693a-4f9d-b154-ded16baf39a4: GrpcServicesImpl started, listening on 15057
2025-07-02 18:52:01,242 [fff6918d-693a-4f9d-b154-ded16baf39a4-EndpointStateMachineTaskThread-/127.0.0.1:15012-0 ] INFO  server.GrpcServicesImpl (GrpcServicesImpl.java:startImpl(346)) - fff6918d-693a-4f9d-b154-ded16baf39a4: GrpcServicesImpl started, listening on 15059
2025-07-02 18:52:01,242 [fff6918d-693a-4f9d-b154-ded16baf39a4-EndpointStateMachineTaskThread-/127.0.0.1:15012-0 ] INFO  server.GrpcServicesImpl (GrpcServicesImpl.java:startImpl(346)) - fff6918d-693a-4f9d-b154-ded16baf39a4: GrpcServicesImpl started, listening on 15058
2025-07-02 18:52:01,243 [JvmPauseMonitor6] INFO  util.JvmPauseMonitor (JvmPauseMonitor.java:run(146)) - JvmPauseMonitor-fff6918d-693a-4f9d-b154-ded16baf39a4: Started
2025-07-02 18:52:01,243 [fff6918d-693a-4f9d-b154-ded16baf39a4-EndpointStateMachineTaskThread-/127.0.0.1:15012-0 ] INFO  ratis.XceiverServerRatis (XceiverServerRatis.java:getRealPort(586)) - XceiverServerRatis(fff6918d-693a-4f9d-b154-ded16baf39a4) is started using port RATIS=15057
2025-07-02 18:52:01,243 [fff6918d-693a-4f9d-b154-ded16baf39a4-EndpointStateMachineTaskThread-/127.0.0.1:15012-0 ] INFO  ratis.XceiverServerRatis (XceiverServerRatis.java:getRealPort(586)) - XceiverServerRatis(fff6918d-693a-4f9d-b154-ded16baf39a4) is started using port RATIS_ADMIN=15058
2025-07-02 18:52:01,243 [fff6918d-693a-4f9d-b154-ded16baf39a4-EndpointStateMachineTaskThread-/127.0.0.1:15012-0 ] INFO  ratis.XceiverServerRatis (XceiverServerRatis.java:getRealPort(586)) - XceiverServerRatis(fff6918d-693a-4f9d-b154-ded16baf39a4) is started using port RATIS_SERVER=15059
2025-07-02 18:52:01,243 [fff6918d-693a-4f9d-b154-ded16baf39a4-EndpointStateMachineTaskThread-/127.0.0.1:15012-0 ] INFO  ratis.XceiverServerRatis (XceiverServerRatis.java:getRealPort(586)) - XceiverServerRatis(fff6918d-693a-4f9d-b154-ded16baf39a4) is started using port RATIS_DATASTREAM=15060
2025-07-02 18:52:01,244 [fff6918d-693a-4f9d-b154-ded16baf39a4-EndpointStateMachineTaskThread-/127.0.0.1:15012-0 ] INFO  utils.BackgroundService (BackgroundService.java:start(118)) - Starting service BlockDeletingService with interval 60000 milliseconds
2025-07-02 18:52:01,244 [fff6918d-693a-4f9d-b154-ded16baf39a4-EndpointStateMachineTaskThread-/127.0.0.1:15012-0 ] INFO  utils.BackgroundService (BackgroundService.java:start(118)) - Starting service StaleRecoveringContainerScrubbingService with interval 60000 milliseconds
2025-07-02 18:52:01,245 [fff6918d-693a-4f9d-b154-ded16baf39a4-EndpointStateMachineTaskThread-/127.0.0.1:15020-0 ] INFO  ozoneimpl.OzoneContainer (OzoneContainer.java:start(495)) - Ignore. OzoneContainer already started.
2025-07-02 18:52:01,245 [fff6918d-693a-4f9d-b154-ded16baf39a4-EndpointStateMachineTaskThread-/127.0.0.1:15004-0 ] INFO  ozoneimpl.OzoneContainer (OzoneContainer.java:start(495)) - Ignore. OzoneContainer already started.
2025-07-02 18:52:01,300 [main] INFO  handler.ContextHandler (ContextHandler.java:doStart(921)) - Started o.e.j.w.WebAppContext@3f1ab9ce{hddsDatanode,/,file:///home/runner/work/ozone/ozone/hadoop-ozone/integration-test/target/test-dir/MiniOzoneClusterImpl-ff054ab7-6da7-448f-9cae-f629f00b5e08/ozone-meta/datanode-3/meta/webserver/jetty-0_0_0_0-15062-hdds-container-service-2_1_0-SNAPSHOT_jar-_-any-6756438960866851253/webapp/,AVAILABLE}{jar:file:/home/runner/work/ozone/ozone/hadoop-hdds/container-service/target/hdds-container-service-2.1.0-SNAPSHOT.jar!/webapps/hddsDatanode}
2025-07-02 18:52:01,301 [main] INFO  server.AbstractConnector (AbstractConnector.java:doStart(333)) - Started ServerConnector@744c4066{HTTP/1.1, (http/1.1)}{0.0.0.0:15062}
2025-07-02 18:52:01,301 [main] INFO  server.Server (Server.java:doStart(415)) - Started @35838ms
2025-07-02 18:52:01,301 [main] WARN  impl.MetricsSystemImpl (MetricsSystemImpl.java:register(279)) - Sink prometheus already exists!
2025-07-02 18:52:01,301 [main] INFO  http.BaseHttpServer (BaseHttpServer.java:updateConnectorAddress(359)) - HTTP server of hddsDatanode listening at http://localhost:15062
2025-07-02 18:52:01,302 [main] INFO  ipc.CallQueueManager (CallQueueManager.java:<init>(93)) - Using callQueue: class java.util.concurrent.LinkedBlockingQueue, queueCapacity: 1000, scheduler: class org.apache.hadoop.ipc.DefaultRpcScheduler, ipcBackoff: false, ipcFailOver: false.
2025-07-02 18:52:01,302 [main] INFO  ipc.Server (Server.java:<init>(1438)) - Listener at 0.0.0.0:15063
2025-07-02 18:52:01,303 [Socket Reader #1 for port 15063] INFO  ipc.Server (Server.java:run(1474)) - Starting Socket Reader #1 for port 15063
2025-07-02 18:52:01,303 [Socket Reader #2 for port 15063] INFO  ipc.Server (Server.java:run(1474)) - Starting Socket Reader #2 for port 15063
2025-07-02 18:52:01,303 [Socket Reader #3 for port 15063] INFO  ipc.Server (Server.java:run(1474)) - Starting Socket Reader #3 for port 15063
2025-07-02 18:52:01,303 [Socket Reader #4 for port 15063] INFO  ipc.Server (Server.java:run(1474)) - Starting Socket Reader #4 for port 15063
2025-07-02 18:52:01,303 [Socket Reader #5 for port 15063] INFO  ipc.Server (Server.java:run(1474)) - Starting Socket Reader #5 for port 15063
2025-07-02 18:52:01,304 [Socket Reader #6 for port 15063] INFO  ipc.Server (Server.java:run(1474)) - Starting Socket Reader #6 for port 15063
2025-07-02 18:52:01,304 [Socket Reader #7 for port 15063] INFO  ipc.Server (Server.java:run(1474)) - Starting Socket Reader #7 for port 15063
2025-07-02 18:52:01,304 [Socket Reader #8 for port 15063] INFO  ipc.Server (Server.java:run(1474)) - Starting Socket Reader #8 for port 15063
2025-07-02 18:52:01,304 [Socket Reader #9 for port 15063] INFO  ipc.Server (Server.java:run(1474)) - Starting Socket Reader #9 for port 15063
2025-07-02 18:52:01,304 [Socket Reader #10 for port 15063] INFO  ipc.Server (Server.java:run(1474)) - Starting Socket Reader #10 for port 15063
2025-07-02 18:52:01,306 [main] INFO  ozone.HddsDatanodeService (HddsDatanodeService.java:start(333)) - Datanode start with admins: [runner, scm]
2025-07-02 18:52:01,306 [main] INFO  ozone.HddsDatanodeClientProtocolServer (HddsDatanodeClientProtocolServer.java:start(76)) - RPC server for Client /0.0.0.0:15063
2025-07-02 18:52:01,306 [IPC Server Responder] INFO  ipc.Server (Server.java:run(1713)) - IPC Server Responder: starting
2025-07-02 18:52:01,307 [IPC Server listener on 15063] INFO  ipc.Server (Server.java:run(1553)) - IPC Server listener on 15063: starting
2025-07-02 18:52:01,309 [97a6755e-86fd-4537-91b3-54c33d4d83bf-DatanodeStateMachineDaemonThread] INFO  statemachine.DatanodeStateMachine (DatanodeStateMachine.java:startStateMachineThread(347)) - Ozone container server started.
2025-07-02 18:52:01,309 [97a6755e-86fd-4537-91b3-54c33d4d83bf-DatanodeStateMachineTaskThread-0] INFO  ha.SCMNodeInfo (SCMNodeInfo.java:getPort(197)) - ConfigKey ozone.scm.client.address is deprecated, For configuring different ports for each SCM use PortConfigKey ozone.scm.client.port appended with serviceId and nodeId
2025-07-02 18:52:01,309 [97a6755e-86fd-4537-91b3-54c33d4d83bf-DatanodeStateMachineTaskThread-0] INFO  ha.SCMNodeInfo (SCMNodeInfo.java:getPort(197)) - ConfigKey ozone.scm.block.client.address is deprecated, For configuring different ports for each SCM use PortConfigKey ozone.scm.block.client.port appended with serviceId and nodeId
2025-07-02 18:52:01,310 [97a6755e-86fd-4537-91b3-54c33d4d83bf-DatanodeStateMachineTaskThread-0] INFO  ha.SCMNodeInfo (SCMNodeInfo.java:getPort(197)) - ConfigKey ozone.scm.security.service.address is deprecated, For configuring different ports for each SCM use PortConfigKey ozone.scm.security.service.port appended with serviceId and nodeId
2025-07-02 18:52:01,310 [97a6755e-86fd-4537-91b3-54c33d4d83bf-DatanodeStateMachineTaskThread-0] INFO  ha.SCMNodeInfo (SCMNodeInfo.java:getPort(197)) - ConfigKey ozone.scm.datanode.address is deprecated, For configuring different ports for each SCM use PortConfigKey ozone.scm.datanode.port appended with serviceId and nodeId
2025-07-02 18:52:01,310 [97a6755e-86fd-4537-91b3-54c33d4d83bf-DatanodeStateMachineTaskThread-0] INFO  ha.SCMNodeInfo (SCMNodeInfo.java:getPort(197)) - ConfigKey ozone.scm.client.address is deprecated, For configuring different ports for each SCM use PortConfigKey ozone.scm.client.port appended with serviceId and nodeId
2025-07-02 18:52:01,310 [97a6755e-86fd-4537-91b3-54c33d4d83bf-DatanodeStateMachineTaskThread-0] INFO  ha.SCMNodeInfo (SCMNodeInfo.java:getPort(197)) - ConfigKey ozone.scm.block.client.address is deprecated, For configuring different ports for each SCM use PortConfigKey ozone.scm.block.client.port appended with serviceId and nodeId
2025-07-02 18:52:01,310 [97a6755e-86fd-4537-91b3-54c33d4d83bf-DatanodeStateMachineTaskThread-0] INFO  ha.SCMNodeInfo (SCMNodeInfo.java:getPort(197)) - ConfigKey ozone.scm.security.service.address is deprecated, For configuring different ports for each SCM use PortConfigKey ozone.scm.security.service.port appended with serviceId and nodeId
2025-07-02 18:52:01,310 [97a6755e-86fd-4537-91b3-54c33d4d83bf-DatanodeStateMachineTaskThread-0] INFO  ha.SCMNodeInfo (SCMNodeInfo.java:getPort(197)) - ConfigKey ozone.scm.datanode.address is deprecated, For configuring different ports for each SCM use PortConfigKey ozone.scm.datanode.port appended with serviceId and nodeId
2025-07-02 18:52:01,310 [97a6755e-86fd-4537-91b3-54c33d4d83bf-DatanodeStateMachineTaskThread-0] INFO  ha.SCMNodeInfo (SCMNodeInfo.java:getPort(197)) - ConfigKey ozone.scm.client.address is deprecated, For configuring different ports for each SCM use PortConfigKey ozone.scm.client.port appended with serviceId and nodeId
2025-07-02 18:52:01,310 [97a6755e-86fd-4537-91b3-54c33d4d83bf-DatanodeStateMachineTaskThread-0] INFO  ha.SCMNodeInfo (SCMNodeInfo.java:getPort(197)) - ConfigKey ozone.scm.block.client.address is deprecated, For configuring different ports for each SCM use PortConfigKey ozone.scm.block.client.port appended with serviceId and nodeId
2025-07-02 18:52:01,310 [97a6755e-86fd-4537-91b3-54c33d4d83bf-DatanodeStateMachineTaskThread-0] INFO  ha.SCMNodeInfo (SCMNodeInfo.java:getPort(197)) - ConfigKey ozone.scm.security.service.address is deprecated, For configuring different ports for each SCM use PortConfigKey ozone.scm.security.service.port appended with serviceId and nodeId
2025-07-02 18:52:01,310 [97a6755e-86fd-4537-91b3-54c33d4d83bf-DatanodeStateMachineTaskThread-0] INFO  ha.SCMNodeInfo (SCMNodeInfo.java:getPort(197)) - ConfigKey ozone.scm.datanode.address is deprecated, For configuring different ports for each SCM use PortConfigKey ozone.scm.datanode.port appended with serviceId and nodeId
2025-07-02 18:52:01,312 [main] INFO  ozone.MiniOzoneClusterImpl (MiniOzoneClusterImpl.java:lambda$waitForClusterToBeReady$0(173)) - Waiting for nodes to be ready. Got 1 of 3 DN Heartbeats.
2025-07-02 18:52:01,312 [main] INFO  ozone.MiniOzoneClusterImpl (MiniOzoneClusterImpl.java:lambda$waitForClusterToBeReady$0(176)) - Waiting for cluster to exit safe mode
2025-07-02 18:52:01,313 [main] INFO  ozone.MiniOzoneClusterImpl (MiniOzoneClusterImpl.java:lambda$waitForClusterToBeReady$0(178)) - SCM became leader
2025-07-02 18:52:01,314 [97a6755e-86fd-4537-91b3-54c33d4d83bf-DatanodeStateMachineTaskThread-0] INFO  datanode.InitDatanodeState (InitDatanodeState.java:persistContainerDatanodeDetails(139)) - DatanodeDetails is persisted to /home/runner/work/ozone/ozone/hadoop-ozone/integration-test/target/test-dir/MiniOzoneClusterImpl-ff054ab7-6da7-448f-9cae-f629f00b5e08/ozone-meta/datanode-3/meta/datanode.id
2025-07-02 18:52:01,633 [IPC Server handler 1 on default port 15004] INFO  net.NetworkTopologyImpl (NetworkTopologyImpl.java:add(133)) - Added a new node: /default-rack/fff6918d-693a-4f9d-b154-ded16baf39a4
2025-07-02 18:52:01,633 [IPC Server handler 20 on default port 15012] INFO  net.NetworkTopologyImpl (NetworkTopologyImpl.java:add(133)) - Added a new node: /default-rack/fff6918d-693a-4f9d-b154-ded16baf39a4
2025-07-02 18:52:01,634 [IPC Server handler 1 on default port 15004] INFO  node.SCMNodeManager (SCMNodeManager.java:register(423)) - Registered datanode: fff6918d-693a-4f9d-b154-ded16baf39a4{ip: 127.0.0.1, host: localhost, ports: [HTTP=15054, CLIENT_RPC=15055, REPLICATION=15061, RATIS=15057, RATIS_ADMIN=15058, RATIS_SERVER=15059, RATIS_DATASTREAM=15060, STANDALONE=15056], networkLocation: /default-rack, certSerialId: 7, persistedOpState: null, persistedOpStateExpiryEpochSec: 0}
2025-07-02 18:52:01,634 [scmNode-1-EventQueue-PipelineReportForOneReplicaPipelineSafeModeRule] INFO  safemode.SCMSafeModeManager (SCMSafeModeManager.java:validateSafeModeExitRules(139)) - AtleastOneDatanodeReportedRule rule is successfully validated
2025-07-02 18:52:01,633 [IPC Server handler 3 on default port 15020] INFO  net.NetworkTopologyImpl (NetworkTopologyImpl.java:add(133)) - Added a new node: /default-rack/fff6918d-693a-4f9d-b154-ded16baf39a4
2025-07-02 18:52:01,634 [IPC Server handler 3 on default port 15020] INFO  node.SCMNodeManager (SCMNodeManager.java:register(423)) - Registered datanode: fff6918d-693a-4f9d-b154-ded16baf39a4{ip: 127.0.0.1, host: localhost, ports: [HTTP=15054, CLIENT_RPC=15055, REPLICATION=15061, RATIS=15057, RATIS_ADMIN=15058, RATIS_SERVER=15059, RATIS_DATASTREAM=15060, STANDALONE=15056], networkLocation: /default-rack, certSerialId: 7, persistedOpState: null, persistedOpStateExpiryEpochSec: 0}
2025-07-02 18:52:01,634 [scmNode-3-EventQueue-ContainerRegistrationReportForECContainerSafeModeRule] INFO  safemode.SCMSafeModeManager (SCMSafeModeManager.java:validateSafeModeExitRules(139)) - ECContainerSafeModeRule rule is successfully validated
2025-07-02 18:52:01,635 [scmNode-3-EventQueue-NodeRegistrationContainerReportForDataNodeSafeModeRule] INFO  safemode.SCMSafeModeManager (DataNodeSafeModeRule.java:process(80)) - SCM in safe mode. 2 DataNodes registered, 3 required.
2025-07-02 18:52:01,635 [scmNode-1-EventQueue-NodeRegistrationContainerReportForDataNodeSafeModeRule] INFO  safemode.SCMSafeModeManager (DataNodeSafeModeRule.java:process(80)) - SCM in safe mode. 2 DataNodes registered, 3 required.
2025-07-02 18:52:01,635 [scmNode-1-EventQueue-ContainerRegistrationReportForRatisContainerSafeModeRule] INFO  safemode.SCMSafeModeManager (SCMSafeModeManager.java:validateSafeModeExitRules(139)) - RatisContainerSafeModeRule rule is successfully validated
2025-07-02 18:52:01,635 [scmNode-1-EventQueue-NewNodeForNewNodeHandler] INFO  pipeline.BackgroundPipelineCreator (BackgroundPipelineCreator.java:notifyEventTriggered(290)) - trigger a one-shot run on scmNode-1-RatisPipelineUtilsThread.
2025-07-02 18:52:01,635 [scmNode-3-EventQueue-NewNodeForNewNodeHandler] INFO  pipeline.BackgroundPipelineCreator (BackgroundPipelineCreator.java:notifyEventTriggered(283)) - ignore, not leader SCM.
2025-07-02 18:52:01,634 [IPC Server handler 20 on default port 15012] INFO  node.SCMNodeManager (SCMNodeManager.java:register(423)) - Registered datanode: fff6918d-693a-4f9d-b154-ded16baf39a4{ip: 127.0.0.1, host: localhost, ports: [HTTP=15054, CLIENT_RPC=15055, REPLICATION=15061, RATIS=15057, RATIS_ADMIN=15058, RATIS_SERVER=15059, RATIS_DATASTREAM=15060, STANDALONE=15056], networkLocation: /default-rack, certSerialId: 7, persistedOpState: null, persistedOpStateExpiryEpochSec: 0}
2025-07-02 18:52:01,635 [scmNode-3-EventQueue-ContainerRegistrationReportForRatisContainerSafeModeRule] INFO  safemode.SCMSafeModeManager (SCMSafeModeManager.java:validateSafeModeExitRules(139)) - RatisContainerSafeModeRule rule is successfully validated
2025-07-02 18:52:01,635 [scmNode-1-EventQueue-ContainerRegistrationReportForECContainerSafeModeRule] INFO  safemode.SCMSafeModeManager (SCMSafeModeManager.java:validateSafeModeExitRules(139)) - ECContainerSafeModeRule rule is successfully validated
2025-07-02 18:52:01,635 [scmNode-2-EventQueue-PipelineReportForOneReplicaPipelineSafeModeRule] INFO  safemode.SCMSafeModeManager (SCMSafeModeManager.java:validateSafeModeExitRules(139)) - AtleastOneDatanodeReportedRule rule is successfully validated
2025-07-02 18:52:01,636 [scmNode-1-RatisPipelineUtilsThread-0] INFO  pipeline.RatisPipelineProvider (RatisPipelineProvider.java:lambda$create$0(208)) - Sending CreatePipelineCommand for pipeline:Pipeline-b2043f70-fa2b-4dc3-b676-e1b0436f3d7c to datanode:fff6918d-693a-4f9d-b154-ded16baf39a4(localhost/127.0.0.1)
2025-07-02 18:52:01,636 [scmNode-2-EventQueue-NodeRegistrationContainerReportForDataNodeSafeModeRule] INFO  safemode.SCMSafeModeManager (DataNodeSafeModeRule.java:process(80)) - SCM in safe mode. 2 DataNodes registered, 3 required.
2025-07-02 18:52:01,636 [scmNode-2-EventQueue-NewNodeForNewNodeHandler] INFO  pipeline.BackgroundPipelineCreator (BackgroundPipelineCreator.java:notifyEventTriggered(283)) - ignore, not leader SCM.
2025-07-02 18:52:01,636 [scmNode-2-EventQueue-ContainerRegistrationReportForECContainerSafeModeRule] INFO  safemode.SCMSafeModeManager (SCMSafeModeManager.java:validateSafeModeExitRules(139)) - ECContainerSafeModeRule rule is successfully validated
2025-07-02 18:52:01,636 [scmNode-3-EventQueue-PipelineReportForOneReplicaPipelineSafeModeRule] INFO  safemode.SCMSafeModeManager (SCMSafeModeManager.java:validateSafeModeExitRules(139)) - AtleastOneDatanodeReportedRule rule is successfully validated
2025-07-02 18:52:01,636 [scmNode-2-EventQueue-ContainerRegistrationReportForRatisContainerSafeModeRule] INFO  safemode.SCMSafeModeManager (SCMSafeModeManager.java:validateSafeModeExitRules(139)) - RatisContainerSafeModeRule rule is successfully validated
2025-07-02 18:52:01,640 [4680a024-3a59-4e75-8ac7-1755b08d3543@group-F629F00B5E08-StateMachineUpdater] INFO  safemode.SCMSafeModeManager (SCMSafeModeManager.java:validateSafeModeExitRules(139)) - RatisContainerSafeModeRule rule is successfully validated
2025-07-02 18:52:01,640 [ca181966-e7f6-4c77-8344-65416d18d1f8@group-F629F00B5E08-StateMachineUpdater] INFO  safemode.SCMSafeModeManager (SCMSafeModeManager.java:validateSafeModeExitRules(139)) - RatisContainerSafeModeRule rule is successfully validated
2025-07-02 18:52:01,641 [4680a024-3a59-4e75-8ac7-1755b08d3543@group-F629F00B5E08-StateMachineUpdater] INFO  safemode.HealthyPipelineSafeModeRule (HealthyPipelineSafeModeRule.java:initializeRule(228)) - Refreshed total pipeline count is 0, healthy pipeline threshold count is 1
2025-07-02 18:52:01,641 [4680a024-3a59-4e75-8ac7-1755b08d3543@group-F629F00B5E08-StateMachineUpdater] INFO  safemode.SCMSafeModeManager (SCMSafeModeManager.java:validateSafeModeExitRules(139)) - ECContainerSafeModeRule rule is successfully validated
2025-07-02 18:52:01,641 [4680a024-3a59-4e75-8ac7-1755b08d3543@group-F629F00B5E08-StateMachineUpdater] INFO  safemode.SCMSafeModeManager (SCMSafeModeManager.java:validateSafeModeExitRules(139)) - AtleastOneDatanodeReportedRule rule is successfully validated
2025-07-02 18:52:01,641 [ca181966-e7f6-4c77-8344-65416d18d1f8@group-F629F00B5E08-StateMachineUpdater] INFO  safemode.HealthyPipelineSafeModeRule (HealthyPipelineSafeModeRule.java:initializeRule(228)) - Refreshed total pipeline count is 0, healthy pipeline threshold count is 1
2025-07-02 18:52:01,641 [ca181966-e7f6-4c77-8344-65416d18d1f8@group-F629F00B5E08-StateMachineUpdater] INFO  safemode.SCMSafeModeManager (SCMSafeModeManager.java:validateSafeModeExitRules(139)) - ECContainerSafeModeRule rule is successfully validated
2025-07-02 18:52:01,641 [ca181966-e7f6-4c77-8344-65416d18d1f8@group-F629F00B5E08-StateMachineUpdater] INFO  safemode.SCMSafeModeManager (SCMSafeModeManager.java:validateSafeModeExitRules(139)) - AtleastOneDatanodeReportedRule rule is successfully validated
2025-07-02 18:52:01,641 [0570d27e-7557-449b-949c-3e7f7fc57b05@group-F629F00B5E08-StateMachineUpdater] INFO  safemode.SCMSafeModeManager (SCMSafeModeManager.java:validateSafeModeExitRules(139)) - RatisContainerSafeModeRule rule is successfully validated
2025-07-02 18:52:01,641 [0570d27e-7557-449b-949c-3e7f7fc57b05@group-F629F00B5E08-StateMachineUpdater] INFO  safemode.HealthyPipelineSafeModeRule (HealthyPipelineSafeModeRule.java:initializeRule(228)) - Refreshed total pipeline count is 0, healthy pipeline threshold count is 1
2025-07-02 18:52:01,642 [0570d27e-7557-449b-949c-3e7f7fc57b05@group-F629F00B5E08-StateMachineUpdater] INFO  safemode.SCMSafeModeManager (SCMSafeModeManager.java:validateSafeModeExitRules(139)) - ECContainerSafeModeRule rule is successfully validated
2025-07-02 18:52:01,642 [0570d27e-7557-449b-949c-3e7f7fc57b05@group-F629F00B5E08-StateMachineUpdater] INFO  safemode.SCMSafeModeManager (SCMSafeModeManager.java:validateSafeModeExitRules(139)) - AtleastOneDatanodeReportedRule rule is successfully validated
2025-07-02 18:52:01,642 [scmNode-1-RatisPipelineUtilsThread-0] INFO  pipeline.BackgroundPipelineCreator (BackgroundPipelineCreator.java:createPipelines(246)) - Created new pipeline Pipeline{ Id: b2043f70-fa2b-4dc3-b676-e1b0436f3d7c, Nodes: [ {fff6918d-693a-4f9d-b154-ded16baf39a4(localhost/127.0.0.1), ReplicaIndex: 0},], ReplicationConfig: RATIS/ONE, State:ALLOCATED, leaderId:, CreationTimestamp2025-07-02T18:52:01.635906624Z[Etc/UTC]}
2025-07-02 18:52:01,816 [Socket Reader #4 for port 15020] INFO  ipc.Server (Server.java:saslProcess(2290)) - Auth successful for scm/localhost@EXAMPLE.COM (auth:KERBEROS) from 127.0.0.1:38833
2025-07-02 18:52:01,817 [Socket Reader #4 for port 15012] INFO  ipc.Server (Server.java:saslProcess(2290)) - Auth successful for scm/localhost@EXAMPLE.COM (auth:KERBEROS) from 127.0.0.1:39343
2025-07-02 18:52:01,818 [Socket Reader #4 for port 15004] INFO  ipc.Server (Server.java:saslProcess(2290)) - Auth successful for scm/localhost@EXAMPLE.COM (auth:KERBEROS) from 127.0.0.1:42979
2025-07-02 18:52:01,821 [97a6755e-86fd-4537-91b3-54c33d4d83bf-EndpointStateMachineTaskThread-/127.0.0.1:15020-0 ] WARN  statemachine.DatanodeConfiguration (DatanodeConfiguration.java:validateMinFreeSpace(751)) - hdds.datanode.volume.min.free.space.percent = -1.0 is invalid, should be between 0 and 1
2025-07-02 18:52:01,821 [97a6755e-86fd-4537-91b3-54c33d4d83bf-EndpointStateMachineTaskThread-/127.0.0.1:15020-0 ] WARN  statemachine.DatanodeConfiguration (DatanodeConfiguration.java:validateMinFreeSpace(751)) - hdds.datanode.volume.min.free.space.percent = -1.0 is invalid, should be between 0 and 1
2025-07-02 18:52:01,822 [97a6755e-86fd-4537-91b3-54c33d4d83bf-EndpointStateMachineTaskThread-/127.0.0.1:15020-0 ] WARN  statemachine.DatanodeConfiguration (DatanodeConfiguration.java:validateMinFreeSpace(751)) - hdds.datanode.volume.min.free.space.percent = -1.0 is invalid, should be between 0 and 1
2025-07-02 18:52:01,849 [97a6755e-86fd-4537-91b3-54c33d4d83bf-EndpointStateMachineTaskThread-/127.0.0.1:15020-0 ] INFO  utils.DatanodeStoreCache (DatanodeStoreCache.java:addDB(70)) - Added db /home/runner/work/ozone/ozone/hadoop-ozone/integration-test/target/test-dir/MiniOzoneClusterImpl-ff054ab7-6da7-448f-9cae-f629f00b5e08/ozone-meta/datanode-3/data-0/hdds/ff054ab7-6da7-448f-9cae-f629f00b5e08/DS-e1103060-0ab9-4980-8163-a314c12717c2/container.db to cache
2025-07-02 18:52:01,849 [97a6755e-86fd-4537-91b3-54c33d4d83bf-EndpointStateMachineTaskThread-/127.0.0.1:15020-0 ] INFO  volume.HddsVolume (HddsVolume.java:createDbStore(575)) - SchemaV3 db is created and loaded at /home/runner/work/ozone/ozone/hadoop-ozone/integration-test/target/test-dir/MiniOzoneClusterImpl-ff054ab7-6da7-448f-9cae-f629f00b5e08/ozone-meta/datanode-3/data-0/hdds/ff054ab7-6da7-448f-9cae-f629f00b5e08/DS-e1103060-0ab9-4980-8163-a314c12717c2/container.db for volume DS-e1103060-0ab9-4980-8163-a314c12717c2
2025-07-02 18:52:01,849 [97a6755e-86fd-4537-91b3-54c33d4d83bf-EndpointStateMachineTaskThread-/127.0.0.1:15020-0 ] WARN  statemachine.DatanodeConfiguration (DatanodeConfiguration.java:validateMinFreeSpace(751)) - hdds.datanode.volume.min.free.space.percent = -1.0 is invalid, should be between 0 and 1
2025-07-02 18:52:01,852 [97a6755e-86fd-4537-91b3-54c33d4d83bf-ContainerReader-0] INFO  ozoneimpl.ContainerReader (ContainerReader.java:readVolume(144)) - Start to verify containers on volume /home/runner/work/ozone/ozone/hadoop-ozone/integration-test/target/test-dir/MiniOzoneClusterImpl-ff054ab7-6da7-448f-9cae-f629f00b5e08/ozone-meta/datanode-3/data-0/hdds
2025-07-02 18:52:01,852 [97a6755e-86fd-4537-91b3-54c33d4d83bf-ContainerReader-0] INFO  ozoneimpl.ContainerReader (ContainerReader.java:readVolume(174)) - Finish verifying containers on volume /home/runner/work/ozone/ozone/hadoop-ozone/integration-test/target/test-dir/MiniOzoneClusterImpl-ff054ab7-6da7-448f-9cae-f629f00b5e08/ozone-meta/datanode-3/data-0/hdds
2025-07-02 18:52:01,852 [97a6755e-86fd-4537-91b3-54c33d4d83bf-EndpointStateMachineTaskThread-/127.0.0.1:15020-0 ] INFO  ozoneimpl.OzoneContainer (OzoneContainer.java:buildContainerSet(370)) - Build ContainerSet costs 0s
2025-07-02 18:52:01,852 [97a6755e-86fd-4537-91b3-54c33d4d83bf-EndpointStateMachineTaskThread-/127.0.0.1:15020-0 ] INFO  volume.ThrottledAsyncChecker (ThrottledAsyncChecker.java:schedule(138)) - Scheduling a check for /home/runner/work/ozone/ozone/hadoop-ozone/integration-test/target/test-dir/MiniOzoneClusterImpl-ff054ab7-6da7-448f-9cae-f629f00b5e08/ozone-meta/datanode-3/data-0/hdds
2025-07-02 18:52:01,853 [97a6755e-86fd-4537-91b3-54c33d4d83bf-EndpointStateMachineTaskThread-/127.0.0.1:15020-0 ] INFO  volume.StorageVolumeChecker (StorageVolumeChecker.java:checkAllVolumes(215)) - Scheduled health check for volume /home/runner/work/ozone/ozone/hadoop-ozone/integration-test/target/test-dir/MiniOzoneClusterImpl-ff054ab7-6da7-448f-9cae-f629f00b5e08/ozone-meta/datanode-3/data-0/hdds
2025-07-02 18:52:01,856 [97a6755e-86fd-4537-91b3-54c33d4d83bf-EndpointStateMachineTaskThread-/127.0.0.1:15020-0 ] INFO  volume.ThrottledAsyncChecker (ThrottledAsyncChecker.java:schedule(138)) - Scheduling a check for /home/runner/work/ozone/ozone/hadoop-ozone/integration-test/target/test-dir/MiniOzoneClusterImpl-ff054ab7-6da7-448f-9cae-f629f00b5e08/ozone-meta/datanode-3/ratis
2025-07-02 18:52:01,856 [97a6755e-86fd-4537-91b3-54c33d4d83bf-EndpointStateMachineTaskThread-/127.0.0.1:15020-0 ] INFO  volume.StorageVolumeChecker (StorageVolumeChecker.java:checkAllVolumes(215)) - Scheduled health check for volume /home/runner/work/ozone/ozone/hadoop-ozone/integration-test/target/test-dir/MiniOzoneClusterImpl-ff054ab7-6da7-448f-9cae-f629f00b5e08/ozone-meta/datanode-3/ratis
2025-07-02 18:52:01,857 [97a6755e-86fd-4537-91b3-54c33d4d83bf-EndpointStateMachineTaskThread-/127.0.0.1:15020-0 ] INFO  ozoneimpl.OzoneContainer (OzoneContainer.java:start(520)) - Attempting to start container services.
2025-07-02 18:52:01,857 [ContainerMetadataScanner] INFO  ozoneimpl.AbstractBackgroundContainerScanner (AbstractBackgroundContainerScanner.java:runIteration(89)) - Completed an iteration in 0 minutes. Number of iterations (since the data-node restart) : 1, Number of containers scanned in this iteration : 0, Number of unhealthy containers found in this iteration : 0
2025-07-02 18:52:01,858 [ContainerDataScanner(/home/runner/work/ozone/ozone/hadoop-ozone/integration-test/target/test-dir/MiniOzoneClusterImpl-ff054ab7-6da7-448f-9cae-f629f00b5e08/ozone-meta/datanode-3/data-0/hdds)] INFO  ozoneimpl.AbstractBackgroundContainerScanner (AbstractBackgroundContainerScanner.java:runIteration(89)) - Completed an iteration in 0 minutes. Number of iterations (since the data-node restart) : 1, Number of containers scanned in this iteration : 0, Number of unhealthy containers found in this iteration : 0
2025-07-02 18:52:01,858 [97a6755e-86fd-4537-91b3-54c33d4d83bf-EndpointStateMachineTaskThread-/127.0.0.1:15020-0 ] INFO  replication.ReplicationServer (ReplicationServer.java:start(137)) - ReplicationServer is started using port 15069
2025-07-02 18:52:01,859 [97a6755e-86fd-4537-91b3-54c33d4d83bf-EndpointStateMachineTaskThread-/127.0.0.1:15020-0 ] INFO  ratis.XceiverServerRatis (XceiverServerRatis.java:start(559)) - Starting XceiverServerRatis(97a6755e-86fd-4537-91b3-54c33d4d83bf)
2025-07-02 18:52:01,859 [97a6755e-86fd-4537-91b3-54c33d4d83bf-EndpointStateMachineTaskThread-/127.0.0.1:15020-0 ] INFO  server.RaftServer (RaftServerProxy.java:startImpl(412)) - 97a6755e-86fd-4537-91b3-54c33d4d83bf: start RPC server
2025-07-02 18:52:01,860 [97a6755e-86fd-4537-91b3-54c33d4d83bf-EndpointStateMachineTaskThread-/127.0.0.1:15020-0 ] INFO  server.GrpcServicesImpl (GrpcServicesImpl.java:startImpl(346)) - 97a6755e-86fd-4537-91b3-54c33d4d83bf: GrpcServicesImpl started, listening on 15065
2025-07-02 18:52:01,860 [97a6755e-86fd-4537-91b3-54c33d4d83bf-EndpointStateMachineTaskThread-/127.0.0.1:15020-0 ] INFO  server.GrpcServicesImpl (GrpcServicesImpl.java:startImpl(346)) - 97a6755e-86fd-4537-91b3-54c33d4d83bf: GrpcServicesImpl started, listening on 15067
2025-07-02 18:52:01,860 [97a6755e-86fd-4537-91b3-54c33d4d83bf-EndpointStateMachineTaskThread-/127.0.0.1:15020-0 ] INFO  server.GrpcServicesImpl (GrpcServicesImpl.java:startImpl(346)) - 97a6755e-86fd-4537-91b3-54c33d4d83bf: GrpcServicesImpl started, listening on 15066
2025-07-02 18:52:01,860 [97a6755e-86fd-4537-91b3-54c33d4d83bf-EndpointStateMachineTaskThread-/127.0.0.1:15020-0 ] INFO  ratis.XceiverServerRatis (XceiverServerRatis.java:getRealPort(586)) - XceiverServerRatis(97a6755e-86fd-4537-91b3-54c33d4d83bf) is started using port RATIS=15065
2025-07-02 18:52:01,860 [JvmPauseMonitor7] INFO  util.JvmPauseMonitor (JvmPauseMonitor.java:run(146)) - JvmPauseMonitor-97a6755e-86fd-4537-91b3-54c33d4d83bf: Started
2025-07-02 18:52:01,860 [97a6755e-86fd-4537-91b3-54c33d4d83bf-EndpointStateMachineTaskThread-/127.0.0.1:15020-0 ] INFO  ratis.XceiverServerRatis (XceiverServerRatis.java:getRealPort(586)) - XceiverServerRatis(97a6755e-86fd-4537-91b3-54c33d4d83bf) is started using port RATIS_ADMIN=15066
2025-07-02 18:52:01,861 [97a6755e-86fd-4537-91b3-54c33d4d83bf-EndpointStateMachineTaskThread-/127.0.0.1:15020-0 ] INFO  ratis.XceiverServerRatis (XceiverServerRatis.java:getRealPort(586)) - XceiverServerRatis(97a6755e-86fd-4537-91b3-54c33d4d83bf) is started using port RATIS_SERVER=15067
2025-07-02 18:52:01,861 [97a6755e-86fd-4537-91b3-54c33d4d83bf-EndpointStateMachineTaskThread-/127.0.0.1:15020-0 ] INFO  ratis.XceiverServerRatis (XceiverServerRatis.java:getRealPort(586)) - XceiverServerRatis(97a6755e-86fd-4537-91b3-54c33d4d83bf) is started using port RATIS_DATASTREAM=15068
2025-07-02 18:52:01,861 [97a6755e-86fd-4537-91b3-54c33d4d83bf-EndpointStateMachineTaskThread-/127.0.0.1:15020-0 ] INFO  utils.BackgroundService (BackgroundService.java:start(118)) - Starting service BlockDeletingService with interval 60000 milliseconds
2025-07-02 18:52:01,861 [97a6755e-86fd-4537-91b3-54c33d4d83bf-EndpointStateMachineTaskThread-/127.0.0.1:15020-0 ] INFO  utils.BackgroundService (BackgroundService.java:start(118)) - Starting service StaleRecoveringContainerScrubbingService with interval 60000 milliseconds
2025-07-02 18:52:01,862 [97a6755e-86fd-4537-91b3-54c33d4d83bf-EndpointStateMachineTaskThread-/127.0.0.1:15012-0 ] INFO  ozoneimpl.OzoneContainer (OzoneContainer.java:start(495)) - Ignore. OzoneContainer already started.
2025-07-02 18:52:01,862 [97a6755e-86fd-4537-91b3-54c33d4d83bf-EndpointStateMachineTaskThread-/127.0.0.1:15004-0 ] INFO  ozoneimpl.OzoneContainer (OzoneContainer.java:start(495)) - Ignore. OzoneContainer already started.
2025-07-02 18:52:02,312 [IPC Server handler 8 on default port 15012] INFO  net.NetworkTopologyImpl (NetworkTopologyImpl.java:add(133)) - Added a new node: /default-rack/97a6755e-86fd-4537-91b3-54c33d4d83bf
2025-07-02 18:52:02,312 [IPC Server handler 2 on default port 15004] INFO  net.NetworkTopologyImpl (NetworkTopologyImpl.java:add(133)) - Added a new node: /default-rack/97a6755e-86fd-4537-91b3-54c33d4d83bf
2025-07-02 18:52:02,312 [IPC Server handler 8 on default port 15012] INFO  node.SCMNodeManager (SCMNodeManager.java:register(423)) - Registered datanode: 97a6755e-86fd-4537-91b3-54c33d4d83bf{ip: 127.0.0.1, host: localhost, ports: [HTTP=15062, CLIENT_RPC=15063, REPLICATION=15069, RATIS=15065, RATIS_ADMIN=15066, RATIS_SERVER=15067, RATIS_DATASTREAM=15068, STANDALONE=15064], networkLocation: /default-rack, certSerialId: 8, persistedOpState: null, persistedOpStateExpiryEpochSec: 0}
2025-07-02 18:52:02,312 [IPC Server handler 2 on default port 15004] INFO  node.SCMNodeManager (SCMNodeManager.java:register(423)) - Registered datanode: 97a6755e-86fd-4537-91b3-54c33d4d83bf{ip: 127.0.0.1, host: localhost, ports: [HTTP=15062, CLIENT_RPC=15063, REPLICATION=15069, RATIS=15065, RATIS_ADMIN=15066, RATIS_SERVER=15067, RATIS_DATASTREAM=15068, STANDALONE=15064], networkLocation: /default-rack, certSerialId: 8, persistedOpState: null, persistedOpStateExpiryEpochSec: 0}
2025-07-02 18:52:02,312 [scmNode-2-EventQueue-NodeRegistrationContainerReportForDataNodeSafeModeRule] INFO  safemode.SCMSafeModeManager (DataNodeSafeModeRule.java:process(80)) - SCM in safe mode. 3 DataNodes registered, 3 required.
2025-07-02 18:52:02,312 [scmNode-2-EventQueue-NodeRegistrationContainerReportForDataNodeSafeModeRule] INFO  safemode.SCMSafeModeManager (SCMSafeModeManager.java:validateSafeModeExitRules(139)) - DataNodeSafeModeRule rule is successfully validated
2025-07-02 18:52:02,312 [scmNode-2-EventQueue-NodeRegistrationContainerReportForDataNodeSafeModeRule] INFO  safemode.SCMSafeModeManager (SCMSafeModeManager.java:completePreCheck(166)) - All SCM safe mode pre check rules have passed
2025-07-02 18:52:02,312 [scmNode-2-EventQueue-NodeRegistrationContainerReportForDataNodeSafeModeRule] INFO  ha.SCMContext (SCMContext.java:updateSafeModeStatus(224)) - Update SafeModeStatus from SafeModeStatus{safeModeStatus=true, preCheckPassed=false} to SafeModeStatus{safeModeStatus=true, preCheckPassed=true}.
2025-07-02 18:52:02,313 [scmNode-2-EventQueue-NodeRegistrationContainerReportForDataNodeSafeModeRule] INFO  pipeline.BackgroundPipelineCreator (BackgroundPipelineCreator.java:notifyEventTriggered(283)) - ignore, not leader SCM.
2025-07-02 18:52:02,312 [IPC Server handler 2 on default port 15020] INFO  net.NetworkTopologyImpl (NetworkTopologyImpl.java:add(133)) - Added a new node: /default-rack/97a6755e-86fd-4537-91b3-54c33d4d83bf
2025-07-02 18:52:02,313 [scmNode-1-EventQueue-PipelineReportForOneReplicaPipelineSafeModeRule] INFO  safemode.SCMSafeModeManager (SCMSafeModeManager.java:validateSafeModeExitRules(139)) - AtleastOneDatanodeReportedRule rule is successfully validated
2025-07-02 18:52:02,313 [main] INFO  ozone.MiniOzoneClusterImpl (MiniOzoneClusterImpl.java:lambda$waitForClusterToBeReady$0(173)) - Nodes are ready. Got 3 of 3 DN Heartbeats.
2025-07-02 18:52:02,313 [main] INFO  ozone.MiniOzoneClusterImpl (MiniOzoneClusterImpl.java:lambda$waitForClusterToBeReady$0(176)) - Waiting for cluster to exit safe mode
2025-07-02 18:52:02,313 [main] INFO  ozone.MiniOzoneClusterImpl (MiniOzoneClusterImpl.java:lambda$waitForClusterToBeReady$0(178)) - SCM became leader
2025-07-02 18:52:02,313 [scmNode-2-EventQueue-NewNodeForNewNodeHandler] INFO  pipeline.BackgroundPipelineCreator (BackgroundPipelineCreator.java:notifyEventTriggered(283)) - ignore, not leader SCM.
2025-07-02 18:52:02,313 [scmNode-1-EventQueue-ContainerRegistrationReportForRatisContainerSafeModeRule] INFO  safemode.SCMSafeModeManager (SCMSafeModeManager.java:validateSafeModeExitRules(139)) - RatisContainerSafeModeRule rule is successfully validated
2025-07-02 18:52:02,313 [scmNode-1-EventQueue-NodeRegistrationContainerReportForDataNodeSafeModeRule] INFO  safemode.SCMSafeModeManager (DataNodeSafeModeRule.java:process(80)) - SCM in safe mode. 3 DataNodes registered, 3 required.
2025-07-02 18:52:02,313 [scmNode-1-EventQueue-NewNodeForNewNodeHandler] INFO  pipeline.BackgroundPipelineCreator (BackgroundPipelineCreator.java:notifyEventTriggered(290)) - trigger a one-shot run on scmNode-1-RatisPipelineUtilsThread.
2025-07-02 18:52:02,313 [IPC Server handler 2 on default port 15020] INFO  node.SCMNodeManager (SCMNodeManager.java:register(423)) - Registered datanode: 97a6755e-86fd-4537-91b3-54c33d4d83bf{ip: 127.0.0.1, host: localhost, ports: [HTTP=15062, CLIENT_RPC=15063, REPLICATION=15069, RATIS=15065, RATIS_ADMIN=15066, RATIS_SERVER=15067, RATIS_DATASTREAM=15068, STANDALONE=15064], networkLocation: /default-rack, certSerialId: 8, persistedOpState: null, persistedOpStateExpiryEpochSec: 0}
2025-07-02 18:52:02,313 [scmNode-2-EventQueue-PipelineReportForOneReplicaPipelineSafeModeRule] INFO  safemode.SCMSafeModeManager (SCMSafeModeManager.java:validateSafeModeExitRules(139)) - AtleastOneDatanodeReportedRule rule is successfully validated
2025-07-02 18:52:02,314 [scmNode-3-EventQueue-NodeRegistrationContainerReportForDataNodeSafeModeRule] INFO  safemode.SCMSafeModeManager (DataNodeSafeModeRule.java:process(80)) - SCM in safe mode. 3 DataNodes registered, 3 required.
2025-07-02 18:52:02,314 [scmNode-3-EventQueue-NodeRegistrationContainerReportForDataNodeSafeModeRule] INFO  safemode.SCMSafeModeManager (SCMSafeModeManager.java:validateSafeModeExitRules(139)) - DataNodeSafeModeRule rule is successfully validated
2025-07-02 18:52:02,314 [scmNode-3-EventQueue-NewNodeForNewNodeHandler] INFO  pipeline.BackgroundPipelineCreator (BackgroundPipelineCreator.java:notifyEventTriggered(283)) - ignore, not leader SCM.
2025-07-02 18:52:02,313 [scmNode-1-EventQueue-ContainerRegistrationReportForECContainerSafeModeRule] INFO  safemode.SCMSafeModeManager (SCMSafeModeManager.java:validateSafeModeExitRules(139)) - ECContainerSafeModeRule rule is successfully validated
2025-07-02 18:52:02,314 [scmNode-1-EventQueue-NodeRegistrationContainerReportForDataNodeSafeModeRule] INFO  safemode.SCMSafeModeManager (SCMSafeModeManager.java:validateSafeModeExitRules(139)) - DataNodeSafeModeRule rule is successfully validated
2025-07-02 18:52:02,314 [scmNode-1-EventQueue-NodeRegistrationContainerReportForDataNodeSafeModeRule] INFO  safemode.SCMSafeModeManager (SCMSafeModeManager.java:completePreCheck(166)) - All SCM safe mode pre check rules have passed
2025-07-02 18:52:02,314 [scmNode-1-EventQueue-NodeRegistrationContainerReportForDataNodeSafeModeRule] INFO  ha.SCMContext (SCMContext.java:updateSafeModeStatus(224)) - Update SafeModeStatus from SafeModeStatus{safeModeStatus=true, preCheckPassed=false} to SafeModeStatus{safeModeStatus=true, preCheckPassed=true}.
2025-07-02 18:52:02,314 [scmNode-1-EventQueue-NodeRegistrationContainerReportForDataNodeSafeModeRule] INFO  pipeline.BackgroundPipelineCreator (BackgroundPipelineCreator.java:notifyEventTriggered(290)) - trigger a one-shot run on scmNode-1-RatisPipelineUtilsThread.
2025-07-02 18:52:02,314 [scmNode-3-EventQueue-NodeRegistrationContainerReportForDataNodeSafeModeRule] INFO  safemode.SCMSafeModeManager (SCMSafeModeManager.java:completePreCheck(166)) - All SCM safe mode pre check rules have passed
2025-07-02 18:52:02,314 [scmNode-2-EventQueue-ContainerRegistrationReportForECContainerSafeModeRule] INFO  safemode.SCMSafeModeManager (SCMSafeModeManager.java:validateSafeModeExitRules(139)) - ECContainerSafeModeRule rule is successfully validated
2025-07-02 18:52:02,314 [scmNode-2-EventQueue-ContainerRegistrationReportForRatisContainerSafeModeRule] INFO  safemode.SCMSafeModeManager (SCMSafeModeManager.java:validateSafeModeExitRules(139)) - RatisContainerSafeModeRule rule is successfully validated
2025-07-02 18:52:02,315 [scmNode-3-EventQueue-NodeRegistrationContainerReportForDataNodeSafeModeRule] INFO  ha.SCMContext (SCMContext.java:updateSafeModeStatus(224)) - Update SafeModeStatus from SafeModeStatus{safeModeStatus=true, preCheckPassed=false} to SafeModeStatus{safeModeStatus=true, preCheckPassed=true}.
2025-07-02 18:52:02,315 [scmNode-1-RatisPipelineUtilsThread-0] INFO  pipeline.RatisPipelineProvider (RatisPipelineProvider.java:lambda$create$0(208)) - Sending CreatePipelineCommand for pipeline:Pipeline-fa50ce93-e3bb-4e62-941c-d9b523857d58 to datanode:97a6755e-86fd-4537-91b3-54c33d4d83bf(localhost/127.0.0.1)
2025-07-02 18:52:02,315 [scmNode-3-EventQueue-NodeRegistrationContainerReportForDataNodeSafeModeRule] INFO  pipeline.BackgroundPipelineCreator (BackgroundPipelineCreator.java:notifyEventTriggered(283)) - ignore, not leader SCM.
2025-07-02 18:52:02,315 [scmNode-3-EventQueue-PipelineReportForOneReplicaPipelineSafeModeRule] INFO  safemode.SCMSafeModeManager (SCMSafeModeManager.java:validateSafeModeExitRules(139)) - AtleastOneDatanodeReportedRule rule is successfully validated
2025-07-02 18:52:02,315 [scmNode-3-EventQueue-ContainerRegistrationReportForECContainerSafeModeRule] INFO  safemode.SCMSafeModeManager (SCMSafeModeManager.java:validateSafeModeExitRules(139)) - ECContainerSafeModeRule rule is successfully validated
2025-07-02 18:52:02,315 [scmNode-3-EventQueue-ContainerRegistrationReportForRatisContainerSafeModeRule] INFO  safemode.SCMSafeModeManager (SCMSafeModeManager.java:validateSafeModeExitRules(139)) - RatisContainerSafeModeRule rule is successfully validated
2025-07-02 18:52:02,319 [ca181966-e7f6-4c77-8344-65416d18d1f8@group-F629F00B5E08-StateMachineUpdater] INFO  safemode.SCMSafeModeManager (SCMSafeModeManager.java:validateSafeModeExitRules(139)) - DataNodeSafeModeRule rule is successfully validated
2025-07-02 18:52:02,319 [ca181966-e7f6-4c77-8344-65416d18d1f8@group-F629F00B5E08-StateMachineUpdater] INFO  safemode.SCMSafeModeManager (SCMSafeModeManager.java:validateSafeModeExitRules(139)) - RatisContainerSafeModeRule rule is successfully validated
2025-07-02 18:52:02,319 [ca181966-e7f6-4c77-8344-65416d18d1f8@group-F629F00B5E08-StateMachineUpdater] INFO  safemode.HealthyPipelineSafeModeRule (HealthyPipelineSafeModeRule.java:initializeRule(228)) - Refreshed total pipeline count is 0, healthy pipeline threshold count is 1
2025-07-02 18:52:02,319 [ca181966-e7f6-4c77-8344-65416d18d1f8@group-F629F00B5E08-StateMachineUpdater] INFO  safemode.SCMSafeModeManager (SCMSafeModeManager.java:validateSafeModeExitRules(139)) - ECContainerSafeModeRule rule is successfully validated
2025-07-02 18:52:02,319 [ca181966-e7f6-4c77-8344-65416d18d1f8@group-F629F00B5E08-StateMachineUpdater] INFO  safemode.SCMSafeModeManager (SCMSafeModeManager.java:validateSafeModeExitRules(139)) - AtleastOneDatanodeReportedRule rule is successfully validated
2025-07-02 18:52:02,320 [0570d27e-7557-449b-949c-3e7f7fc57b05@group-F629F00B5E08-StateMachineUpdater] INFO  safemode.SCMSafeModeManager (SCMSafeModeManager.java:validateSafeModeExitRules(139)) - DataNodeSafeModeRule rule is successfully validated
2025-07-02 18:52:02,320 [0570d27e-7557-449b-949c-3e7f7fc57b05@group-F629F00B5E08-StateMachineUpdater] INFO  safemode.SCMSafeModeManager (SCMSafeModeManager.java:validateSafeModeExitRules(139)) - RatisContainerSafeModeRule rule is successfully validated
2025-07-02 18:52:02,320 [0570d27e-7557-449b-949c-3e7f7fc57b05@group-F629F00B5E08-StateMachineUpdater] INFO  safemode.HealthyPipelineSafeModeRule (HealthyPipelineSafeModeRule.java:initializeRule(228)) - Refreshed total pipeline count is 0, healthy pipeline threshold count is 1
2025-07-02 18:52:02,320 [4680a024-3a59-4e75-8ac7-1755b08d3543@group-F629F00B5E08-StateMachineUpdater] INFO  safemode.SCMSafeModeManager (SCMSafeModeManager.java:validateSafeModeExitRules(139)) - DataNodeSafeModeRule rule is successfully validated
2025-07-02 18:52:02,320 [4680a024-3a59-4e75-8ac7-1755b08d3543@group-F629F00B5E08-StateMachineUpdater] INFO  safemode.SCMSafeModeManager (SCMSafeModeManager.java:validateSafeModeExitRules(139)) - RatisContainerSafeModeRule rule is successfully validated
2025-07-02 18:52:02,320 [4680a024-3a59-4e75-8ac7-1755b08d3543@group-F629F00B5E08-StateMachineUpdater] INFO  safemode.HealthyPipelineSafeModeRule (HealthyPipelineSafeModeRule.java:initializeRule(228)) - Refreshed total pipeline count is 0, healthy pipeline threshold count is 1
2025-07-02 18:52:02,320 [4680a024-3a59-4e75-8ac7-1755b08d3543@group-F629F00B5E08-StateMachineUpdater] INFO  safemode.SCMSafeModeManager (SCMSafeModeManager.java:validateSafeModeExitRules(139)) - ECContainerSafeModeRule rule is successfully validated
2025-07-02 18:52:02,320 [4680a024-3a59-4e75-8ac7-1755b08d3543@group-F629F00B5E08-StateMachineUpdater] INFO  safemode.SCMSafeModeManager (SCMSafeModeManager.java:validateSafeModeExitRules(139)) - AtleastOneDatanodeReportedRule rule is successfully validated
2025-07-02 18:52:02,320 [0570d27e-7557-449b-949c-3e7f7fc57b05@group-F629F00B5E08-StateMachineUpdater] INFO  safemode.SCMSafeModeManager (SCMSafeModeManager.java:validateSafeModeExitRules(139)) - ECContainerSafeModeRule rule is successfully validated
2025-07-02 18:52:02,320 [0570d27e-7557-449b-949c-3e7f7fc57b05@group-F629F00B5E08-StateMachineUpdater] INFO  safemode.SCMSafeModeManager (SCMSafeModeManager.java:validateSafeModeExitRules(139)) - AtleastOneDatanodeReportedRule rule is successfully validated
2025-07-02 18:52:02,321 [scmNode-1-RatisPipelineUtilsThread-0] INFO  pipeline.BackgroundPipelineCreator (BackgroundPipelineCreator.java:createPipelines(246)) - Created new pipeline Pipeline{ Id: fa50ce93-e3bb-4e62-941c-d9b523857d58, Nodes: [ {97a6755e-86fd-4537-91b3-54c33d4d83bf(localhost/127.0.0.1), ReplicaIndex: 0},], ReplicationConfig: RATIS/ONE, State:ALLOCATED, leaderId:, CreationTimestamp2025-07-02T18:52:02.315012817Z[Etc/UTC]}
2025-07-02 18:52:02,324 [scmNode-1-RatisPipelineUtilsThread-0] INFO  pipeline.RatisPipelineProvider (RatisPipelineProvider.java:lambda$create$0(208)) - Sending CreatePipelineCommand for pipeline:Pipeline-38882b6b-055a-4cb7-acbf-29f9e4c8bd46 to datanode:a1153de0-65c4-400c-ae9f-71c02a590f14(localhost/127.0.0.1)
2025-07-02 18:52:02,324 [scmNode-1-RatisPipelineUtilsThread-0] INFO  pipeline.RatisPipelineProvider (RatisPipelineProvider.java:lambda$create$0(208)) - Sending CreatePipelineCommand for pipeline:Pipeline-38882b6b-055a-4cb7-acbf-29f9e4c8bd46 to datanode:97a6755e-86fd-4537-91b3-54c33d4d83bf(localhost/127.0.0.1)
2025-07-02 18:52:02,324 [scmNode-1-RatisPipelineUtilsThread-0] INFO  pipeline.RatisPipelineProvider (RatisPipelineProvider.java:lambda$create$0(208)) - Sending CreatePipelineCommand for pipeline:Pipeline-38882b6b-055a-4cb7-acbf-29f9e4c8bd46 to datanode:fff6918d-693a-4f9d-b154-ded16baf39a4(localhost/127.0.0.1)
2025-07-02 18:52:02,327 [4680a024-3a59-4e75-8ac7-1755b08d3543@group-F629F00B5E08-StateMachineUpdater] INFO  safemode.SCMSafeModeManager (SCMSafeModeManager.java:validateSafeModeExitRules(139)) - DataNodeSafeModeRule rule is successfully validated
2025-07-02 18:52:02,327 [4680a024-3a59-4e75-8ac7-1755b08d3543@group-F629F00B5E08-StateMachineUpdater] INFO  safemode.SCMSafeModeManager (SCMSafeModeManager.java:validateSafeModeExitRules(139)) - RatisContainerSafeModeRule rule is successfully validated
2025-07-02 18:52:02,327 [4680a024-3a59-4e75-8ac7-1755b08d3543@group-F629F00B5E08-StateMachineUpdater] INFO  safemode.HealthyPipelineSafeModeRule (HealthyPipelineSafeModeRule.java:initializeRule(228)) - Refreshed total pipeline count is 0, healthy pipeline threshold count is 1
2025-07-02 18:52:02,327 [4680a024-3a59-4e75-8ac7-1755b08d3543@group-F629F00B5E08-StateMachineUpdater] INFO  safemode.SCMSafeModeManager (SCMSafeModeManager.java:validateSafeModeExitRules(139)) - ECContainerSafeModeRule rule is successfully validated
2025-07-02 18:52:02,327 [4680a024-3a59-4e75-8ac7-1755b08d3543@group-F629F00B5E08-StateMachineUpdater] INFO  safemode.SCMSafeModeManager (SCMSafeModeManager.java:validateSafeModeExitRules(139)) - AtleastOneDatanodeReportedRule rule is successfully validated
2025-07-02 18:52:02,328 [ca181966-e7f6-4c77-8344-65416d18d1f8@group-F629F00B5E08-StateMachineUpdater] INFO  safemode.SCMSafeModeManager (SCMSafeModeManager.java:validateSafeModeExitRules(139)) - DataNodeSafeModeRule rule is successfully validated
2025-07-02 18:52:02,328 [ca181966-e7f6-4c77-8344-65416d18d1f8@group-F629F00B5E08-StateMachineUpdater] INFO  safemode.SCMSafeModeManager (SCMSafeModeManager.java:validateSafeModeExitRules(139)) - RatisContainerSafeModeRule rule is successfully validated
2025-07-02 18:52:02,328 [ca181966-e7f6-4c77-8344-65416d18d1f8@group-F629F00B5E08-StateMachineUpdater] INFO  safemode.HealthyPipelineSafeModeRule (HealthyPipelineSafeModeRule.java:initializeRule(228)) - Refreshed total pipeline count is 0, healthy pipeline threshold count is 1
2025-07-02 18:52:02,328 [ca181966-e7f6-4c77-8344-65416d18d1f8@group-F629F00B5E08-StateMachineUpdater] INFO  safemode.SCMSafeModeManager (SCMSafeModeManager.java:validateSafeModeExitRules(139)) - ECContainerSafeModeRule rule is successfully validated
2025-07-02 18:52:02,329 [ca181966-e7f6-4c77-8344-65416d18d1f8@group-F629F00B5E08-StateMachineUpdater] INFO  safemode.SCMSafeModeManager (SCMSafeModeManager.java:validateSafeModeExitRules(139)) - AtleastOneDatanodeReportedRule rule is successfully validated
2025-07-02 18:52:02,330 [0570d27e-7557-449b-949c-3e7f7fc57b05@group-F629F00B5E08-StateMachineUpdater] INFO  safemode.SCMSafeModeManager (SCMSafeModeManager.java:validateSafeModeExitRules(139)) - DataNodeSafeModeRule rule is successfully validated
2025-07-02 18:52:02,330 [0570d27e-7557-449b-949c-3e7f7fc57b05@group-F629F00B5E08-StateMachineUpdater] INFO  safemode.SCMSafeModeManager (SCMSafeModeManager.java:validateSafeModeExitRules(139)) - RatisContainerSafeModeRule rule is successfully validated
2025-07-02 18:52:02,330 [0570d27e-7557-449b-949c-3e7f7fc57b05@group-F629F00B5E08-StateMachineUpdater] INFO  safemode.HealthyPipelineSafeModeRule (HealthyPipelineSafeModeRule.java:initializeRule(228)) - Refreshed total pipeline count is 0, healthy pipeline threshold count is 1
2025-07-02 18:52:02,330 [0570d27e-7557-449b-949c-3e7f7fc57b05@group-F629F00B5E08-StateMachineUpdater] INFO  safemode.SCMSafeModeManager (SCMSafeModeManager.java:validateSafeModeExitRules(139)) - ECContainerSafeModeRule rule is successfully validated
2025-07-02 18:52:02,330 [0570d27e-7557-449b-949c-3e7f7fc57b05@group-F629F00B5E08-StateMachineUpdater] INFO  safemode.SCMSafeModeManager (SCMSafeModeManager.java:validateSafeModeExitRules(139)) - AtleastOneDatanodeReportedRule rule is successfully validated
2025-07-02 18:52:02,330 [scmNode-1-RatisPipelineUtilsThread-0] INFO  pipeline.BackgroundPipelineCreator (BackgroundPipelineCreator.java:createPipelines(246)) - Created new pipeline Pipeline{ Id: 38882b6b-055a-4cb7-acbf-29f9e4c8bd46, Nodes: [ {a1153de0-65c4-400c-ae9f-71c02a590f14(localhost/127.0.0.1), ReplicaIndex: 0}, {97a6755e-86fd-4537-91b3-54c33d4d83bf(localhost/127.0.0.1), ReplicaIndex: 0}, {fff6918d-693a-4f9d-b154-ded16baf39a4(localhost/127.0.0.1), ReplicaIndex: 0},], ReplicationConfig: RATIS/THREE, State:ALLOCATED, leaderId:, CreationTimestamp2025-07-02T18:52:02.324319871Z[Etc/UTC]}
2025-07-02 18:52:02,331 [scmNode-1-RatisPipelineUtilsThread-0] INFO  pipeline.RatisPipelineProvider (RatisPipelineProvider.java:lambda$create$0(208)) - Sending CreatePipelineCommand for pipeline:Pipeline-e4f4775a-5ba1-419b-a816-9396b2a0ac6b to datanode:97a6755e-86fd-4537-91b3-54c33d4d83bf(localhost/127.0.0.1)
2025-07-02 18:52:02,331 [scmNode-1-RatisPipelineUtilsThread-0] INFO  pipeline.RatisPipelineProvider (RatisPipelineProvider.java:lambda$create$0(208)) - Sending CreatePipelineCommand for pipeline:Pipeline-e4f4775a-5ba1-419b-a816-9396b2a0ac6b to datanode:a1153de0-65c4-400c-ae9f-71c02a590f14(localhost/127.0.0.1)
2025-07-02 18:52:02,331 [scmNode-1-RatisPipelineUtilsThread-0] INFO  pipeline.RatisPipelineProvider (RatisPipelineProvider.java:lambda$create$0(208)) - Sending CreatePipelineCommand for pipeline:Pipeline-e4f4775a-5ba1-419b-a816-9396b2a0ac6b to datanode:fff6918d-693a-4f9d-b154-ded16baf39a4(localhost/127.0.0.1)
2025-07-02 18:52:02,334 [ca181966-e7f6-4c77-8344-65416d18d1f8@group-F629F00B5E08-StateMachineUpdater] INFO  safemode.SCMSafeModeManager (SCMSafeModeManager.java:validateSafeModeExitRules(139)) - DataNodeSafeModeRule rule is successfully validated
2025-07-02 18:52:02,334 [ca181966-e7f6-4c77-8344-65416d18d1f8@group-F629F00B5E08-StateMachineUpdater] INFO  safemode.SCMSafeModeManager (SCMSafeModeManager.java:validateSafeModeExitRules(139)) - RatisContainerSafeModeRule rule is successfully validated
2025-07-02 18:52:02,334 [ca181966-e7f6-4c77-8344-65416d18d1f8@group-F629F00B5E08-StateMachineUpdater] INFO  safemode.HealthyPipelineSafeModeRule (HealthyPipelineSafeModeRule.java:initializeRule(228)) - Refreshed total pipeline count is 0, healthy pipeline threshold count is 1
2025-07-02 18:52:02,334 [ca181966-e7f6-4c77-8344-65416d18d1f8@group-F629F00B5E08-StateMachineUpdater] INFO  safemode.SCMSafeModeManager (SCMSafeModeManager.java:validateSafeModeExitRules(139)) - ECContainerSafeModeRule rule is successfully validated
2025-07-02 18:52:02,334 [ca181966-e7f6-4c77-8344-65416d18d1f8@group-F629F00B5E08-StateMachineUpdater] INFO  safemode.SCMSafeModeManager (SCMSafeModeManager.java:validateSafeModeExitRules(139)) - AtleastOneDatanodeReportedRule rule is successfully validated
2025-07-02 18:52:02,335 [4680a024-3a59-4e75-8ac7-1755b08d3543@group-F629F00B5E08-StateMachineUpdater] INFO  safemode.SCMSafeModeManager (SCMSafeModeManager.java:validateSafeModeExitRules(139)) - DataNodeSafeModeRule rule is successfully validated
2025-07-02 18:52:02,335 [4680a024-3a59-4e75-8ac7-1755b08d3543@group-F629F00B5E08-StateMachineUpdater] INFO  safemode.SCMSafeModeManager (SCMSafeModeManager.java:validateSafeModeExitRules(139)) - RatisContainerSafeModeRule rule is successfully validated
2025-07-02 18:52:02,335 [0570d27e-7557-449b-949c-3e7f7fc57b05@group-F629F00B5E08-StateMachineUpdater] INFO  safemode.SCMSafeModeManager (SCMSafeModeManager.java:validateSafeModeExitRules(139)) - DataNodeSafeModeRule rule is successfully validated
2025-07-02 18:52:02,335 [0570d27e-7557-449b-949c-3e7f7fc57b05@group-F629F00B5E08-StateMachineUpdater] INFO  safemode.SCMSafeModeManager (SCMSafeModeManager.java:validateSafeModeExitRules(139)) - RatisContainerSafeModeRule rule is successfully validated
2025-07-02 18:52:02,335 [0570d27e-7557-449b-949c-3e7f7fc57b05@group-F629F00B5E08-StateMachineUpdater] INFO  safemode.HealthyPipelineSafeModeRule (HealthyPipelineSafeModeRule.java:initializeRule(228)) - Refreshed total pipeline count is 0, healthy pipeline threshold count is 1
2025-07-02 18:52:02,335 [0570d27e-7557-449b-949c-3e7f7fc57b05@group-F629F00B5E08-StateMachineUpdater] INFO  safemode.SCMSafeModeManager (SCMSafeModeManager.java:validateSafeModeExitRules(139)) - ECContainerSafeModeRule rule is successfully validated
2025-07-02 18:52:02,335 [0570d27e-7557-449b-949c-3e7f7fc57b05@group-F629F00B5E08-StateMachineUpdater] INFO  safemode.SCMSafeModeManager (SCMSafeModeManager.java:validateSafeModeExitRules(139)) - AtleastOneDatanodeReportedRule rule is successfully validated
2025-07-02 18:52:02,335 [4680a024-3a59-4e75-8ac7-1755b08d3543@group-F629F00B5E08-StateMachineUpdater] INFO  safemode.HealthyPipelineSafeModeRule (HealthyPipelineSafeModeRule.java:initializeRule(228)) - Refreshed total pipeline count is 0, healthy pipeline threshold count is 1
2025-07-02 18:52:02,335 [4680a024-3a59-4e75-8ac7-1755b08d3543@group-F629F00B5E08-StateMachineUpdater] INFO  safemode.SCMSafeModeManager (SCMSafeModeManager.java:validateSafeModeExitRules(139)) - ECContainerSafeModeRule rule is successfully validated
2025-07-02 18:52:02,335 [4680a024-3a59-4e75-8ac7-1755b08d3543@group-F629F00B5E08-StateMachineUpdater] INFO  safemode.SCMSafeModeManager (SCMSafeModeManager.java:validateSafeModeExitRules(139)) - AtleastOneDatanodeReportedRule rule is successfully validated
2025-07-02 18:52:02,335 [scmNode-1-RatisPipelineUtilsThread-0] INFO  pipeline.PipelineManagerImpl (PipelineManagerImpl.java:recordMetricsForPipeline(922)) - Pipeline-e4f4775a-5ba1-419b-a816-9396b2a0ac6b and Pipeline-38882b6b-055a-4cb7-acbf-29f9e4c8bd46 have exactly the same set of datanodes: [97a6755e-86fd-4537-91b3-54c33d4d83bf(localhost/127.0.0.1), a1153de0-65c4-400c-ae9f-71c02a590f14(localhost/127.0.0.1), fff6918d-693a-4f9d-b154-ded16baf39a4(localhost/127.0.0.1)]
2025-07-02 18:52:02,336 [scmNode-1-RatisPipelineUtilsThread-0] INFO  pipeline.BackgroundPipelineCreator (BackgroundPipelineCreator.java:createPipelines(246)) - Created new pipeline Pipeline{ Id: e4f4775a-5ba1-419b-a816-9396b2a0ac6b, Nodes: [ {97a6755e-86fd-4537-91b3-54c33d4d83bf(localhost/127.0.0.1), ReplicaIndex: 0}, {a1153de0-65c4-400c-ae9f-71c02a590f14(localhost/127.0.0.1), ReplicaIndex: 0}, {fff6918d-693a-4f9d-b154-ded16baf39a4(localhost/127.0.0.1), ReplicaIndex: 0},], ReplicationConfig: RATIS/THREE, State:ALLOCATED, leaderId:, CreationTimestamp2025-07-02T18:52:02.331093469Z[Etc/UTC]}
2025-07-02 18:52:03,313 [main] INFO  ozone.MiniOzoneClusterImpl (MiniOzoneClusterImpl.java:lambda$waitForClusterToBeReady$0(173)) - Nodes are ready. Got 3 of 3 DN Heartbeats.
2025-07-02 18:52:03,314 [main] INFO  ozone.MiniOzoneClusterImpl (MiniOzoneClusterImpl.java:lambda$waitForClusterToBeReady$0(176)) - Waiting for cluster to exit safe mode
2025-07-02 18:52:03,314 [main] INFO  ozone.MiniOzoneClusterImpl (MiniOzoneClusterImpl.java:lambda$waitForClusterToBeReady$0(178)) - SCM became leader
2025-07-02 18:52:03,570 [a1153de0-65c4-400c-ae9f-71c02a590f14-PipelineCommandHandlerThread-0] INFO  server.RaftServer (RaftServerProxy.java:addNew(105)) - a1153de0-65c4-400c-ae9f-71c02a590f14: addNew group-5724E89EFFBF:[a1153de0-65c4-400c-ae9f-71c02a590f14|127.0.0.1:15051] returns group-5724E89EFFBF:java.util.concurrent.CompletableFuture@24c2687c[Not completed]
2025-07-02 18:52:03,576 [a1153de0-65c4-400c-ae9f-71c02a590f14-groupManagement] WARN  statemachine.DatanodeConfiguration (DatanodeConfiguration.java:validateMinFreeSpace(751)) - hdds.datanode.volume.min.free.space.percent = -1.0 is invalid, should be between 0 and 1
2025-07-02 18:52:03,576 [a1153de0-65c4-400c-ae9f-71c02a590f14-groupManagement] INFO  server.RaftServer$Division (RaftServerImpl.java:<init>(268)) - a1153de0-65c4-400c-ae9f-71c02a590f14: new RaftServerImpl for group-5724E89EFFBF:[a1153de0-65c4-400c-ae9f-71c02a590f14|127.0.0.1:15051] with ContainerStateMachine:uninitialized
2025-07-02 18:52:03,576 [a1153de0-65c4-400c-ae9f-71c02a590f14-groupManagement] INFO  server.RaftServerConfigKeys (ConfUtils.java:logGet(62)) - raft.server.rpc.timeout.min = 5s (custom)
2025-07-02 18:52:03,576 [a1153de0-65c4-400c-ae9f-71c02a590f14-groupManagement] INFO  server.RaftServerConfigKeys (ConfUtils.java:logGet(62)) - raft.server.rpc.timeout.max = 5200ms (custom)
2025-07-02 18:52:03,576 [a1153de0-65c4-400c-ae9f-71c02a590f14-groupManagement] INFO  server.RaftServerConfigKeys (ConfUtils.java:logGet(62)) - raft.server.rpc.slowness.timeout = 300s (custom)
2025-07-02 18:52:03,577 [a1153de0-65c4-400c-ae9f-71c02a590f14-groupManagement] INFO  server.RaftServer$Division (ServerState.java:<init>(114)) - a1153de0-65c4-400c-ae9f-71c02a590f14@group-5724E89EFFBF: ConfigurationManager, init=conf: {index: -1, cur=peers:[a1153de0-65c4-400c-ae9f-71c02a590f14|127.0.0.1:15051]|listeners:[], old=null}, confs=<EMPTY_MAP>
2025-07-02 18:52:03,577 [a1153de0-65c4-400c-ae9f-71c02a590f14-groupManagement] INFO  server.RaftServerConfigKeys (ConfUtils.java:logGet(62)) - raft.server.notification.no-leader.timeout = 300s (custom)
2025-07-02 18:52:03,577 [a1153de0-65c4-400c-ae9f-71c02a590f14-groupManagement] INFO  server.RaftServerConfigKeys (ConfUtils.java:logGet(62)) - raft.server.retrycache.expirytime = 600000ms (custom)
2025-07-02 18:52:03,582 [a1153de0-65c4-400c-ae9f-71c02a590f14-groupManagement] INFO  server.RaftServerConfigKeys (ConfUtils.java:logGet(62)) - raft.server.storage.dir = [/home/runner/work/ozone/ozone/hadoop-ozone/integration-test/target/test-dir/MiniOzoneClusterImpl-ff054ab7-6da7-448f-9cae-f629f00b5e08/ozone-meta/datanode-1/ratis] (custom)
2025-07-02 18:52:03,582 [a1153de0-65c4-400c-ae9f-71c02a590f14-groupManagement] INFO  storage.RaftStorageDirectory (RaftStorageDirectoryImpl.java:analyzeStorage(138)) - The storage directory /home/runner/work/ozone/ozone/hadoop-ozone/integration-test/target/test-dir/MiniOzoneClusterImpl-ff054ab7-6da7-448f-9cae-f629f00b5e08/ozone-meta/datanode-1/ratis/c63f340d-ce95-4f57-bce0-5724e89effbf does not exist. Creating ...
2025-07-02 18:52:03,583 [a1153de0-65c4-400c-ae9f-71c02a590f14-groupManagement] INFO  storage.RaftStorageDirectory (RaftStorageDirectoryImpl.java:tryLock(229)) - Lock on /home/runner/work/ozone/ozone/hadoop-ozone/integration-test/target/test-dir/MiniOzoneClusterImpl-ff054ab7-6da7-448f-9cae-f629f00b5e08/ozone-meta/datanode-1/ratis/c63f340d-ce95-4f57-bce0-5724e89effbf/in_use.lock acquired by nodename 59972@localhost
2025-07-02 18:52:03,585 [a1153de0-65c4-400c-ae9f-71c02a590f14-groupManagement] INFO  storage.RaftStorage (RaftStorageImpl.java:format(98)) - Storage directory /home/runner/work/ozone/ozone/hadoop-ozone/integration-test/target/test-dir/MiniOzoneClusterImpl-ff054ab7-6da7-448f-9cae-f629f00b5e08/ozone-meta/datanode-1/ratis/c63f340d-ce95-4f57-bce0-5724e89effbf has been successfully formatted.
2025-07-02 18:52:03,588 [a1153de0-65c4-400c-ae9f-71c02a590f14-groupManagement] INFO  ratis.ContainerStateMachine (ContainerStateMachine.java:initialize(339)) - a1153de0-65c4-400c-ae9f-71c02a590f14: initialize group-5724E89EFFBF
2025-07-02 18:52:03,588 [a1153de0-65c4-400c-ae9f-71c02a590f14-groupManagement] INFO  ratis.ContainerStateMachine (ContainerStateMachine.java:loadSnapshot(347)) - group-5724E89EFFBF: The snapshot info is null. Setting the last applied index to:<INITIAL_VALUE>
2025-07-02 18:52:03,588 [a1153de0-65c4-400c-ae9f-71c02a590f14-groupManagement] INFO  server.RaftServerConfigKeys (ConfUtils.java:logGet(62)) - raft.server.log.appender.buffer.byte-limit = 33554432 (custom)
2025-07-02 18:52:03,590 [a1153de0-65c4-400c-ae9f-71c02a590f14-groupManagement] INFO  server.RaftServerConfigKeys (ConfUtils.java:logGet(62)) - raft.server.log.segment.size.max = 67108864 (custom)
2025-07-02 18:52:03,591 [a1153de0-65c4-400c-ae9f-71c02a590f14-groupManagement] INFO  server.RaftServerConfigKeys (ConfUtils.java:logGet(62)) - raft.server.log.appender.buffer.byte-limit = 33554432 (custom)
2025-07-02 18:52:03,591 [a1153de0-65c4-400c-ae9f-71c02a590f14-groupManagement] INFO  util.AwaitToRun (AwaitToRun.java:start(81)) - Thread[#1651,a1153de0-65c4-400c-ae9f-71c02a590f14@group-5724E89EFFBF-cacheEviction-AwaitToRun,5,main] started
2025-07-02 18:52:03,591 [a1153de0-65c4-400c-ae9f-71c02a590f14-groupManagement] INFO  segmented.SegmentedRaftLogWorker (SegmentedRaftLogWorker.java:<init>(190)) - new a1153de0-65c4-400c-ae9f-71c02a590f14@group-5724E89EFFBF-SegmentedRaftLogWorker for RaftStorageImpl:Storage Directory /home/runner/work/ozone/ozone/hadoop-ozone/integration-test/target/test-dir/MiniOzoneClusterImpl-ff054ab7-6da7-448f-9cae-f629f00b5e08/ozone-meta/datanode-1/ratis/c63f340d-ce95-4f57-bce0-5724e89effbf
2025-07-02 18:52:03,591 [a1153de0-65c4-400c-ae9f-71c02a590f14-groupManagement] INFO  server.RaftServerConfigKeys (ConfUtils.java:logGet(62)) - raft.server.log.queue.byte-limit = 4294967296 (custom)
2025-07-02 18:52:03,591 [a1153de0-65c4-400c-ae9f-71c02a590f14-groupManagement] INFO  server.RaftServerConfigKeys (ConfUtils.java:logGet(62)) - raft.server.log.queue.element-limit = 1024 (custom)
2025-07-02 18:52:03,591 [a1153de0-65c4-400c-ae9f-71c02a590f14-groupManagement] INFO  server.RaftServerConfigKeys (ConfUtils.java:logGet(62)) - raft.server.log.segment.size.max = 67108864 (custom)
2025-07-02 18:52:03,591 [a1153de0-65c4-400c-ae9f-71c02a590f14-groupManagement] INFO  server.RaftServerConfigKeys (ConfUtils.java:logGet(62)) - raft.server.log.preallocated.size = 4194304 (custom)
2025-07-02 18:52:03,591 [a1153de0-65c4-400c-ae9f-71c02a590f14-groupManagement] INFO  server.RaftServerConfigKeys (ConfUtils.java:logGet(62)) - raft.server.log.statemachine.data.sync.timeout.retry = 30 (custom)
2025-07-02 18:52:03,592 [a1153de0-65c4-400c-ae9f-71c02a590f14-groupManagement] INFO  server.RaftServerConfigKeys (ConfUtils.java:logGet(62)) - raft.server.log.write.buffer.size = 33554440 (custom)
2025-07-02 18:52:03,596 [a1153de0-65c4-400c-ae9f-71c02a590f14-groupManagement] INFO  server.RaftServerConfigKeys (ConfUtils.java:logGet(62)) - raft.server.log.appender.buffer.byte-limit = 33554432 (custom)
2025-07-02 18:52:03,597 [a1153de0-65c4-400c-ae9f-71c02a590f14-groupManagement] INFO  server.RaftServerConfigKeys (ConfUtils.java:logGet(62)) - raft.server.log.statemachine.data.caching.enabled = true (custom)
2025-07-02 18:52:03,597 [a1153de0-65c4-400c-ae9f-71c02a590f14-groupManagement] INFO  segmented.SegmentedRaftLogWorker (SegmentedRaftLogWorker.java:lambda$new$0(141)) - a1153de0-65c4-400c-ae9f-71c02a590f14@group-5724E89EFFBF-SegmentedRaftLogWorker: flushIndex: setUnconditionally 0 -> -1
2025-07-02 18:52:03,597 [a1153de0-65c4-400c-ae9f-71c02a590f14-groupManagement] INFO  segmented.SegmentedRaftLogWorker (SegmentedRaftLogWorker.java:lambda$new$0(141)) - a1153de0-65c4-400c-ae9f-71c02a590f14@group-5724E89EFFBF-SegmentedRaftLogWorker: safeCacheEvictIndex: setUnconditionally 0 -> -1
2025-07-02 18:52:03,597 [a1153de0-65c4-400c-ae9f-71c02a590f14-groupManagement] INFO  server.RaftServer$Division (RaftServerImpl.java:start(405)) - a1153de0-65c4-400c-ae9f-71c02a590f14@group-5724E89EFFBF: start as a follower, conf=conf: {index: -1, cur=peers:[a1153de0-65c4-400c-ae9f-71c02a590f14|127.0.0.1:15051]|listeners:[], old=null}
2025-07-02 18:52:03,597 [a1153de0-65c4-400c-ae9f-71c02a590f14-groupManagement] INFO  server.RaftServer$Division (RaftServerImpl.java:setRole(392)) - a1153de0-65c4-400c-ae9f-71c02a590f14@group-5724E89EFFBF: changes role from      null to FOLLOWER at term 0 for startAsFollower
2025-07-02 18:52:03,598 [a1153de0-65c4-400c-ae9f-71c02a590f14-groupManagement] INFO  impl.RoleInfo (RoleInfo.java:updateAndGet(148)) - a1153de0-65c4-400c-ae9f-71c02a590f14: start a1153de0-65c4-400c-ae9f-71c02a590f14@group-5724E89EFFBF-FollowerState
2025-07-02 18:52:03,598 [a1153de0-65c4-400c-ae9f-71c02a590f14-groupManagement] INFO  util.JmxRegister (JmxRegister.java:tryRegister(44)) - Successfully registered JMX Bean with object name Ratis:service=RaftServer,group=group-5724E89EFFBF,id=a1153de0-65c4-400c-ae9f-71c02a590f14
2025-07-02 18:52:03,598 [a1153de0-65c4-400c-ae9f-71c02a590f14@group-5724E89EFFBF-FollowerState] INFO  server.RaftServerConfigKeys (ConfUtils.java:logGet(62)) - raft.server.rpc.first-election.timeout.min = 1000ms (custom)
2025-07-02 18:52:03,599 [a1153de0-65c4-400c-ae9f-71c02a590f14@group-5724E89EFFBF-FollowerState] INFO  server.RaftServerConfigKeys (ConfUtils.java:logGet(62)) - raft.server.rpc.first-election.timeout.max = 1200ms (custom)
2025-07-02 18:52:03,599 [a1153de0-65c4-400c-ae9f-71c02a590f14-groupManagement] INFO  util.JmxRegister (JmxRegister.java:register(58)) - register mxBean class org.apache.ratis.server.impl.RaftServerJmxAdapter as Ratis:service=RaftServer,group=group-5724E89EFFBF,id=a1153de0-65c4-400c-ae9f-71c02a590f14
2025-07-02 18:52:03,599 [a1153de0-65c4-400c-ae9f-71c02a590f14-groupManagement] INFO  server.RaftServerConfigKeys (ConfUtils.java:logGet(62)) - raft.server.snapshot.auto.trigger.threshold = 100000 (custom)
2025-07-02 18:52:03,599 [a1153de0-65c4-400c-ae9f-71c02a590f14-groupManagement] INFO  server.RaftServerConfigKeys (ConfUtils.java:logGet(62)) - raft.server.snapshot.retention.file.num = 5 (custom)
2025-07-02 18:52:03,599 [a1153de0-65c4-400c-ae9f-71c02a590f14-groupManagement] INFO  server.RaftServerConfigKeys (ConfUtils.java:logGet(62)) - raft.server.log.purge.upto.snapshot.index = false (default)
2025-07-02 18:52:03,600 [a1153de0-65c4-400c-ae9f-71c02a590f14-groupManagement] INFO  server.RaftServer$Division (RaftServerImpl.java:start(419)) - a1153de0-65c4-400c-ae9f-71c02a590f14@group-5724E89EFFBF: Successfully started.
2025-07-02 18:52:03,601 [a1153de0-65c4-400c-ae9f-71c02a590f14-PipelineCommandHandlerThread-0] INFO  ratis.XceiverServerRatis (XceiverServerRatis.java:addGroup(843)) - Created group Pipeline-c63f340d-ce95-4f57-bce0-5724e89effbf
2025-07-02 18:52:03,601 [a1153de0-65c4-400c-ae9f-71c02a590f14-PipelineCommandHandlerThread-0] INFO  commandhandler.CreatePipelineCommandHandler (CreatePipelineCommandHandler.java:lambda$handle$2(127)) - Created Pipeline RATIS ONE Pipeline-c63f340d-ce95-4f57-bce0-5724e89effbf.
2025-07-02 18:52:03,602 [a1153de0-65c4-400c-ae9f-71c02a590f14-PipelineCommandHandlerThread-0] INFO  server.RaftServer (RaftServerProxy.java:addNew(105)) - a1153de0-65c4-400c-ae9f-71c02a590f14: addNew group-29F9E4C8BD46:[fff6918d-693a-4f9d-b154-ded16baf39a4|127.0.0.1:15059, 97a6755e-86fd-4537-91b3-54c33d4d83bf|127.0.0.1:15067, a1153de0-65c4-400c-ae9f-71c02a590f14|127.0.0.1:15051] returns group-29F9E4C8BD46:java.util.concurrent.CompletableFuture@537feea9[Not completed]
2025-07-02 18:52:03,602 [scmNode-2-EventQueue-PipelineReportForOneReplicaPipelineSafeModeRule] INFO  safemode.SCMSafeModeManager (SCMSafeModeManager.java:validateSafeModeExitRules(139)) - AtleastOneDatanodeReportedRule rule is successfully validated
2025-07-02 18:52:03,603 [scmNode-3-EventQueue-PipelineReportForOneReplicaPipelineSafeModeRule] INFO  safemode.SCMSafeModeManager (SCMSafeModeManager.java:validateSafeModeExitRules(139)) - AtleastOneDatanodeReportedRule rule is successfully validated
2025-07-02 18:52:03,603 [scmNode-1-EventQueue-PipelineReportForOneReplicaPipelineSafeModeRule] INFO  safemode.SCMSafeModeManager (SCMSafeModeManager.java:validateSafeModeExitRules(139)) - AtleastOneDatanodeReportedRule rule is successfully validated
2025-07-02 18:52:03,603 [a1153de0-65c4-400c-ae9f-71c02a590f14-groupManagement] WARN  statemachine.DatanodeConfiguration (DatanodeConfiguration.java:validateMinFreeSpace(751)) - hdds.datanode.volume.min.free.space.percent = -1.0 is invalid, should be between 0 and 1
2025-07-02 18:52:03,604 [a1153de0-65c4-400c-ae9f-71c02a590f14-groupManagement] INFO  server.RaftServer$Division (RaftServerImpl.java:<init>(268)) - a1153de0-65c4-400c-ae9f-71c02a590f14: new RaftServerImpl for group-29F9E4C8BD46:[fff6918d-693a-4f9d-b154-ded16baf39a4|127.0.0.1:15059, 97a6755e-86fd-4537-91b3-54c33d4d83bf|127.0.0.1:15067, a1153de0-65c4-400c-ae9f-71c02a590f14|127.0.0.1:15051] with ContainerStateMachine:uninitialized
2025-07-02 18:52:03,604 [a1153de0-65c4-400c-ae9f-71c02a590f14-groupManagement] INFO  server.RaftServer$Division (ServerState.java:<init>(114)) - a1153de0-65c4-400c-ae9f-71c02a590f14@group-29F9E4C8BD46: ConfigurationManager, init=conf: {index: -1, cur=peers:[fff6918d-693a-4f9d-b154-ded16baf39a4|127.0.0.1:15059, 97a6755e-86fd-4537-91b3-54c33d4d83bf|127.0.0.1:15067, a1153de0-65c4-400c-ae9f-71c02a590f14|127.0.0.1:15051]|listeners:[], old=null}, confs=<EMPTY_MAP>
2025-07-02 18:52:03,610 [a1153de0-65c4-400c-ae9f-71c02a590f14-groupManagement] INFO  storage.RaftStorageDirectory (RaftStorageDirectoryImpl.java:analyzeStorage(138)) - The storage directory /home/runner/work/ozone/ozone/hadoop-ozone/integration-test/target/test-dir/MiniOzoneClusterImpl-ff054ab7-6da7-448f-9cae-f629f00b5e08/ozone-meta/datanode-1/ratis/38882b6b-055a-4cb7-acbf-29f9e4c8bd46 does not exist. Creating ...
2025-07-02 18:52:03,611 [ca181966-e7f6-4c77-8344-65416d18d1f8@group-F629F00B5E08-StateMachineUpdater] INFO  safemode.SCMSafeModeManager (SCMSafeModeManager.java:validateSafeModeExitRules(139)) - DataNodeSafeModeRule rule is successfully validated
2025-07-02 18:52:03,611 [ca181966-e7f6-4c77-8344-65416d18d1f8@group-F629F00B5E08-StateMachineUpdater] INFO  safemode.SCMSafeModeManager (SCMSafeModeManager.java:validateSafeModeExitRules(139)) - RatisContainerSafeModeRule rule is successfully validated
2025-07-02 18:52:03,612 [ca181966-e7f6-4c77-8344-65416d18d1f8@group-F629F00B5E08-StateMachineUpdater] INFO  safemode.HealthyPipelineSafeModeRule (HealthyPipelineSafeModeRule.java:initializeRule(228)) - Refreshed total pipeline count is 0, healthy pipeline threshold count is 1
2025-07-02 18:52:03,611 [4680a024-3a59-4e75-8ac7-1755b08d3543@group-F629F00B5E08-StateMachineUpdater] INFO  safemode.SCMSafeModeManager (SCMSafeModeManager.java:validateSafeModeExitRules(139)) - DataNodeSafeModeRule rule is successfully validated
2025-07-02 18:52:03,612 [a1153de0-65c4-400c-ae9f-71c02a590f14-groupManagement] INFO  storage.RaftStorageDirectory (RaftStorageDirectoryImpl.java:tryLock(229)) - Lock on /home/runner/work/ozone/ozone/hadoop-ozone/integration-test/target/test-dir/MiniOzoneClusterImpl-ff054ab7-6da7-448f-9cae-f629f00b5e08/ozone-meta/datanode-1/ratis/38882b6b-055a-4cb7-acbf-29f9e4c8bd46/in_use.lock acquired by nodename 59972@localhost
2025-07-02 18:52:03,612 [4680a024-3a59-4e75-8ac7-1755b08d3543@group-F629F00B5E08-StateMachineUpdater] INFO  safemode.SCMSafeModeManager (SCMSafeModeManager.java:validateSafeModeExitRules(139)) - RatisContainerSafeModeRule rule is successfully validated
2025-07-02 18:52:03,612 [4680a024-3a59-4e75-8ac7-1755b08d3543@group-F629F00B5E08-StateMachineUpdater] INFO  safemode.HealthyPipelineSafeModeRule (HealthyPipelineSafeModeRule.java:initializeRule(228)) - Refreshed total pipeline count is 0, healthy pipeline threshold count is 1
2025-07-02 18:52:03,612 [4680a024-3a59-4e75-8ac7-1755b08d3543@group-F629F00B5E08-StateMachineUpdater] INFO  safemode.SCMSafeModeManager (SCMSafeModeManager.java:validateSafeModeExitRules(139)) - ECContainerSafeModeRule rule is successfully validated
2025-07-02 18:52:03,612 [4680a024-3a59-4e75-8ac7-1755b08d3543@group-F629F00B5E08-StateMachineUpdater] INFO  safemode.SCMSafeModeManager (SCMSafeModeManager.java:validateSafeModeExitRules(139)) - AtleastOneDatanodeReportedRule rule is successfully validated
2025-07-02 18:52:03,613 [ca181966-e7f6-4c77-8344-65416d18d1f8@group-F629F00B5E08-StateMachineUpdater] INFO  safemode.SCMSafeModeManager (SCMSafeModeManager.java:validateSafeModeExitRules(139)) - ECContainerSafeModeRule rule is successfully validated
2025-07-02 18:52:03,613 [ca181966-e7f6-4c77-8344-65416d18d1f8@group-F629F00B5E08-StateMachineUpdater] INFO  safemode.SCMSafeModeManager (SCMSafeModeManager.java:validateSafeModeExitRules(139)) - AtleastOneDatanodeReportedRule rule is successfully validated
2025-07-02 18:52:03,613 [0570d27e-7557-449b-949c-3e7f7fc57b05@group-F629F00B5E08-StateMachineUpdater] INFO  safemode.SCMSafeModeManager (SCMSafeModeManager.java:validateSafeModeExitRules(139)) - DataNodeSafeModeRule rule is successfully validated
2025-07-02 18:52:03,613 [0570d27e-7557-449b-949c-3e7f7fc57b05@group-F629F00B5E08-StateMachineUpdater] INFO  safemode.SCMSafeModeManager (SCMSafeModeManager.java:validateSafeModeExitRules(139)) - RatisContainerSafeModeRule rule is successfully validated
2025-07-02 18:52:03,614 [0570d27e-7557-449b-949c-3e7f7fc57b05@group-F629F00B5E08-StateMachineUpdater] INFO  safemode.HealthyPipelineSafeModeRule (HealthyPipelineSafeModeRule.java:initializeRule(228)) - Refreshed total pipeline count is 0, healthy pipeline threshold count is 1
2025-07-02 18:52:03,614 [0570d27e-7557-449b-949c-3e7f7fc57b05@group-F629F00B5E08-StateMachineUpdater] INFO  safemode.SCMSafeModeManager (SCMSafeModeManager.java:validateSafeModeExitRules(139)) - ECContainerSafeModeRule rule is successfully validated
2025-07-02 18:52:03,614 [0570d27e-7557-449b-949c-3e7f7fc57b05@group-F629F00B5E08-StateMachineUpdater] INFO  safemode.SCMSafeModeManager (SCMSafeModeManager.java:validateSafeModeExitRules(139)) - AtleastOneDatanodeReportedRule rule is successfully validated
2025-07-02 18:52:03,613 [a1153de0-65c4-400c-ae9f-71c02a590f14-groupManagement] INFO  storage.RaftStorage (RaftStorageImpl.java:format(98)) - Storage directory /home/runner/work/ozone/ozone/hadoop-ozone/integration-test/target/test-dir/MiniOzoneClusterImpl-ff054ab7-6da7-448f-9cae-f629f00b5e08/ozone-meta/datanode-1/ratis/38882b6b-055a-4cb7-acbf-29f9e4c8bd46 has been successfully formatted.
2025-07-02 18:52:03,614 [scmNode-1-EventQueue-PipelineReportForPipelineReportHandler] INFO  pipeline.PipelineReportHandler (PipelineReportHandler.java:processPipelineReport(134)) - Opened pipeline Pipeline-c63f340d-ce95-4f57-bce0-5724e89effbf
2025-07-02 18:52:03,614 [a1153de0-65c4-400c-ae9f-71c02a590f14-groupManagement] INFO  ratis.ContainerStateMachine (ContainerStateMachine.java:initialize(339)) - a1153de0-65c4-400c-ae9f-71c02a590f14: initialize group-29F9E4C8BD46
2025-07-02 18:52:03,615 [a1153de0-65c4-400c-ae9f-71c02a590f14-groupManagement] INFO  ratis.ContainerStateMachine (ContainerStateMachine.java:loadSnapshot(347)) - group-29F9E4C8BD46: The snapshot info is null. Setting the last applied index to:<INITIAL_VALUE>
2025-07-02 18:52:03,615 [a1153de0-65c4-400c-ae9f-71c02a590f14-groupManagement] INFO  server.RaftServerConfigKeys (ConfUtils.java:logGet(62)) - raft.server.log.appender.buffer.byte-limit = 33554432 (custom)
2025-07-02 18:52:03,617 [scmNode-1-EventQueue-PipelineReportForOneReplicaPipelineSafeModeRule] INFO  safemode.SCMSafeModeManager (SCMSafeModeManager.java:validateSafeModeExitRules(139)) - AtleastOneDatanodeReportedRule rule is successfully validated
2025-07-02 18:52:03,617 [scmNode-2-EventQueue-PipelineReportForOneReplicaPipelineSafeModeRule] INFO  safemode.SCMSafeModeManager (SCMSafeModeManager.java:validateSafeModeExitRules(139)) - AtleastOneDatanodeReportedRule rule is successfully validated
2025-07-02 18:52:03,618 [scmNode-3-EventQueue-PipelineReportForOneReplicaPipelineSafeModeRule] INFO  safemode.SCMSafeModeManager (SCMSafeModeManager.java:validateSafeModeExitRules(139)) - AtleastOneDatanodeReportedRule rule is successfully validated
2025-07-02 18:52:03,619 [a1153de0-65c4-400c-ae9f-71c02a590f14-groupManagement] INFO  server.RaftServerConfigKeys (ConfUtils.java:logGet(62)) - raft.server.log.segment.size.max = 67108864 (custom)
2025-07-02 18:52:03,620 [a1153de0-65c4-400c-ae9f-71c02a590f14-groupManagement] INFO  server.RaftServerConfigKeys (ConfUtils.java:logGet(62)) - raft.server.log.appender.buffer.byte-limit = 33554432 (custom)
2025-07-02 18:52:03,620 [a1153de0-65c4-400c-ae9f-71c02a590f14-groupManagement] INFO  util.AwaitToRun (AwaitToRun.java:start(81)) - Thread[#1658,a1153de0-65c4-400c-ae9f-71c02a590f14@group-29F9E4C8BD46-cacheEviction-AwaitToRun,5,main] started
2025-07-02 18:52:03,620 [a1153de0-65c4-400c-ae9f-71c02a590f14-groupManagement] INFO  segmented.SegmentedRaftLogWorker (SegmentedRaftLogWorker.java:<init>(190)) - new a1153de0-65c4-400c-ae9f-71c02a590f14@group-29F9E4C8BD46-SegmentedRaftLogWorker for RaftStorageImpl:Storage Directory /home/runner/work/ozone/ozone/hadoop-ozone/integration-test/target/test-dir/MiniOzoneClusterImpl-ff054ab7-6da7-448f-9cae-f629f00b5e08/ozone-meta/datanode-1/ratis/38882b6b-055a-4cb7-acbf-29f9e4c8bd46
2025-07-02 18:52:03,620 [a1153de0-65c4-400c-ae9f-71c02a590f14-groupManagement] INFO  server.RaftServerConfigKeys (ConfUtils.java:logGet(62)) - raft.server.log.queue.byte-limit = 4294967296 (custom)
2025-07-02 18:52:03,620 [a1153de0-65c4-400c-ae9f-71c02a590f14-groupManagement] INFO  server.RaftServerConfigKeys (ConfUtils.java:logGet(62)) - raft.server.log.segment.size.max = 67108864 (custom)
2025-07-02 18:52:03,620 [a1153de0-65c4-400c-ae9f-71c02a590f14-groupManagement] INFO  server.RaftServerConfigKeys (ConfUtils.java:logGet(62)) - raft.server.log.preallocated.size = 4194304 (custom)
2025-07-02 18:52:03,621 [a1153de0-65c4-400c-ae9f-71c02a590f14-groupManagement] INFO  server.RaftServerConfigKeys (ConfUtils.java:logGet(62)) - raft.server.log.write.buffer.size = 33554440 (custom)
2025-07-02 18:52:03,626 [a1153de0-65c4-400c-ae9f-71c02a590f14-groupManagement] INFO  server.RaftServerConfigKeys (ConfUtils.java:logGet(62)) - raft.server.log.appender.buffer.byte-limit = 33554432 (custom)
2025-07-02 18:52:03,626 [a1153de0-65c4-400c-ae9f-71c02a590f14-groupManagement] INFO  segmented.SegmentedRaftLogWorker (SegmentedRaftLogWorker.java:lambda$new$0(141)) - a1153de0-65c4-400c-ae9f-71c02a590f14@group-29F9E4C8BD46-SegmentedRaftLogWorker: flushIndex: setUnconditionally 0 -> -1
2025-07-02 18:52:03,626 [a1153de0-65c4-400c-ae9f-71c02a590f14-groupManagement] INFO  segmented.SegmentedRaftLogWorker (SegmentedRaftLogWorker.java:lambda$new$0(141)) - a1153de0-65c4-400c-ae9f-71c02a590f14@group-29F9E4C8BD46-SegmentedRaftLogWorker: safeCacheEvictIndex: setUnconditionally 0 -> -1
2025-07-02 18:52:03,626 [a1153de0-65c4-400c-ae9f-71c02a590f14-groupManagement] INFO  server.RaftServer$Division (RaftServerImpl.java:start(405)) - a1153de0-65c4-400c-ae9f-71c02a590f14@group-29F9E4C8BD46: start as a follower, conf=conf: {index: -1, cur=peers:[fff6918d-693a-4f9d-b154-ded16baf39a4|127.0.0.1:15059, 97a6755e-86fd-4537-91b3-54c33d4d83bf|127.0.0.1:15067, a1153de0-65c4-400c-ae9f-71c02a590f14|127.0.0.1:15051]|listeners:[], old=null}
2025-07-02 18:52:03,626 [a1153de0-65c4-400c-ae9f-71c02a590f14-groupManagement] INFO  server.RaftServer$Division (RaftServerImpl.java:setRole(392)) - a1153de0-65c4-400c-ae9f-71c02a590f14@group-29F9E4C8BD46: changes role from      null to FOLLOWER at term 0 for startAsFollower
2025-07-02 18:52:03,626 [a1153de0-65c4-400c-ae9f-71c02a590f14-groupManagement] INFO  impl.RoleInfo (RoleInfo.java:updateAndGet(148)) - a1153de0-65c4-400c-ae9f-71c02a590f14: start a1153de0-65c4-400c-ae9f-71c02a590f14@group-29F9E4C8BD46-FollowerState
2025-07-02 18:52:03,627 [a1153de0-65c4-400c-ae9f-71c02a590f14-groupManagement] INFO  util.JmxRegister (JmxRegister.java:tryRegister(44)) - Successfully registered JMX Bean with object name Ratis:service=RaftServer,group=group-29F9E4C8BD46,id=a1153de0-65c4-400c-ae9f-71c02a590f14
2025-07-02 18:52:03,627 [a1153de0-65c4-400c-ae9f-71c02a590f14-groupManagement] INFO  util.JmxRegister (JmxRegister.java:register(58)) - register mxBean class org.apache.ratis.server.impl.RaftServerJmxAdapter as Ratis:service=RaftServer,group=group-29F9E4C8BD46,id=a1153de0-65c4-400c-ae9f-71c02a590f14
2025-07-02 18:52:03,628 [a1153de0-65c4-400c-ae9f-71c02a590f14-groupManagement] INFO  server.RaftServer$Division (RaftServerImpl.java:start(419)) - a1153de0-65c4-400c-ae9f-71c02a590f14@group-29F9E4C8BD46: Successfully started.
2025-07-02 18:52:03,628 [a1153de0-65c4-400c-ae9f-71c02a590f14-PipelineCommandHandlerThread-0] INFO  ratis.XceiverServerRatis (XceiverServerRatis.java:addGroup(843)) - Created group Pipeline-38882b6b-055a-4cb7-acbf-29f9e4c8bd46
2025-07-02 18:52:03,651 [grpc-default-executor-3] INFO  server.RaftServer (RaftServerProxy.java:addNew(105)) - 97a6755e-86fd-4537-91b3-54c33d4d83bf: addNew group-29F9E4C8BD46:[fff6918d-693a-4f9d-b154-ded16baf39a4|127.0.0.1:15059, 97a6755e-86fd-4537-91b3-54c33d4d83bf|127.0.0.1:15067, a1153de0-65c4-400c-ae9f-71c02a590f14|127.0.0.1:15051] returns group-29F9E4C8BD46:java.util.concurrent.CompletableFuture@31eb03e1[Not completed]
2025-07-02 18:52:03,652 [97a6755e-86fd-4537-91b3-54c33d4d83bf-groupManagement] WARN  statemachine.DatanodeConfiguration (DatanodeConfiguration.java:validateMinFreeSpace(751)) - hdds.datanode.volume.min.free.space.percent = -1.0 is invalid, should be between 0 and 1
2025-07-02 18:52:03,652 [97a6755e-86fd-4537-91b3-54c33d4d83bf-groupManagement] INFO  server.RaftServer$Division (RaftServerImpl.java:<init>(268)) - 97a6755e-86fd-4537-91b3-54c33d4d83bf: new RaftServerImpl for group-29F9E4C8BD46:[fff6918d-693a-4f9d-b154-ded16baf39a4|127.0.0.1:15059, 97a6755e-86fd-4537-91b3-54c33d4d83bf|127.0.0.1:15067, a1153de0-65c4-400c-ae9f-71c02a590f14|127.0.0.1:15051] with ContainerStateMachine:uninitialized
2025-07-02 18:52:03,652 [97a6755e-86fd-4537-91b3-54c33d4d83bf-groupManagement] INFO  server.RaftServer$Division (ServerState.java:<init>(114)) - 97a6755e-86fd-4537-91b3-54c33d4d83bf@group-29F9E4C8BD46: ConfigurationManager, init=conf: {index: -1, cur=peers:[fff6918d-693a-4f9d-b154-ded16baf39a4|127.0.0.1:15059, 97a6755e-86fd-4537-91b3-54c33d4d83bf|127.0.0.1:15067, a1153de0-65c4-400c-ae9f-71c02a590f14|127.0.0.1:15051]|listeners:[], old=null}, confs=<EMPTY_MAP>
2025-07-02 18:52:03,656 [97a6755e-86fd-4537-91b3-54c33d4d83bf-groupManagement] INFO  server.RaftServerConfigKeys (ConfUtils.java:logGet(62)) - raft.server.storage.dir = [/home/runner/work/ozone/ozone/hadoop-ozone/integration-test/target/test-dir/MiniOzoneClusterImpl-ff054ab7-6da7-448f-9cae-f629f00b5e08/ozone-meta/datanode-3/ratis] (custom)
2025-07-02 18:52:03,657 [97a6755e-86fd-4537-91b3-54c33d4d83bf-groupManagement] INFO  storage.RaftStorageDirectory (RaftStorageDirectoryImpl.java:analyzeStorage(138)) - The storage directory /home/runner/work/ozone/ozone/hadoop-ozone/integration-test/target/test-dir/MiniOzoneClusterImpl-ff054ab7-6da7-448f-9cae-f629f00b5e08/ozone-meta/datanode-3/ratis/38882b6b-055a-4cb7-acbf-29f9e4c8bd46 does not exist. Creating ...
2025-07-02 18:52:03,658 [97a6755e-86fd-4537-91b3-54c33d4d83bf-groupManagement] INFO  storage.RaftStorageDirectory (RaftStorageDirectoryImpl.java:tryLock(229)) - Lock on /home/runner/work/ozone/ozone/hadoop-ozone/integration-test/target/test-dir/MiniOzoneClusterImpl-ff054ab7-6da7-448f-9cae-f629f00b5e08/ozone-meta/datanode-3/ratis/38882b6b-055a-4cb7-acbf-29f9e4c8bd46/in_use.lock acquired by nodename 59972@localhost
2025-07-02 18:52:03,659 [97a6755e-86fd-4537-91b3-54c33d4d83bf-groupManagement] INFO  storage.RaftStorage (RaftStorageImpl.java:format(98)) - Storage directory /home/runner/work/ozone/ozone/hadoop-ozone/integration-test/target/test-dir/MiniOzoneClusterImpl-ff054ab7-6da7-448f-9cae-f629f00b5e08/ozone-meta/datanode-3/ratis/38882b6b-055a-4cb7-acbf-29f9e4c8bd46 has been successfully formatted.
2025-07-02 18:52:03,659 [97a6755e-86fd-4537-91b3-54c33d4d83bf-groupManagement] INFO  ratis.ContainerStateMachine (ContainerStateMachine.java:initialize(339)) - 97a6755e-86fd-4537-91b3-54c33d4d83bf: initialize group-29F9E4C8BD46
2025-07-02 18:52:03,659 [97a6755e-86fd-4537-91b3-54c33d4d83bf-groupManagement] INFO  ratis.ContainerStateMachine (ContainerStateMachine.java:loadSnapshot(347)) - group-29F9E4C8BD46: The snapshot info is null. Setting the last applied index to:<INITIAL_VALUE>
2025-07-02 18:52:03,659 [97a6755e-86fd-4537-91b3-54c33d4d83bf-groupManagement] INFO  server.RaftServerConfigKeys (ConfUtils.java:logGet(62)) - raft.server.log.appender.buffer.byte-limit = 33554432 (custom)
2025-07-02 18:52:03,662 [97a6755e-86fd-4537-91b3-54c33d4d83bf-groupManagement] INFO  server.RaftServerConfigKeys (ConfUtils.java:logGet(62)) - raft.server.log.segment.size.max = 67108864 (custom)
2025-07-02 18:52:03,662 [scmNode-3-EventQueue-PipelineReportForOneReplicaPipelineSafeModeRule] INFO  safemode.SCMSafeModeManager (SCMSafeModeManager.java:validateSafeModeExitRules(139)) - AtleastOneDatanodeReportedRule rule is successfully validated
2025-07-02 18:52:03,662 [scmNode-2-EventQueue-PipelineReportForOneReplicaPipelineSafeModeRule] INFO  safemode.SCMSafeModeManager (SCMSafeModeManager.java:validateSafeModeExitRules(139)) - AtleastOneDatanodeReportedRule rule is successfully validated
2025-07-02 18:52:03,663 [97a6755e-86fd-4537-91b3-54c33d4d83bf-groupManagement] INFO  server.RaftServerConfigKeys (ConfUtils.java:logGet(62)) - raft.server.log.appender.buffer.byte-limit = 33554432 (custom)
2025-07-02 18:52:03,663 [scmNode-1-EventQueue-PipelineReportForOneReplicaPipelineSafeModeRule] INFO  safemode.SCMSafeModeManager (SCMSafeModeManager.java:validateSafeModeExitRules(139)) - AtleastOneDatanodeReportedRule rule is successfully validated
2025-07-02 18:52:03,663 [97a6755e-86fd-4537-91b3-54c33d4d83bf-groupManagement] INFO  util.AwaitToRun (AwaitToRun.java:start(81)) - Thread[#1663,97a6755e-86fd-4537-91b3-54c33d4d83bf@group-29F9E4C8BD46-cacheEviction-AwaitToRun,5,main] started
2025-07-02 18:52:03,663 [97a6755e-86fd-4537-91b3-54c33d4d83bf-groupManagement] INFO  segmented.SegmentedRaftLogWorker (SegmentedRaftLogWorker.java:<init>(190)) - new 97a6755e-86fd-4537-91b3-54c33d4d83bf@group-29F9E4C8BD46-SegmentedRaftLogWorker for RaftStorageImpl:Storage Directory /home/runner/work/ozone/ozone/hadoop-ozone/integration-test/target/test-dir/MiniOzoneClusterImpl-ff054ab7-6da7-448f-9cae-f629f00b5e08/ozone-meta/datanode-3/ratis/38882b6b-055a-4cb7-acbf-29f9e4c8bd46
2025-07-02 18:52:03,663 [97a6755e-86fd-4537-91b3-54c33d4d83bf-groupManagement] INFO  server.RaftServerConfigKeys (ConfUtils.java:logGet(62)) - raft.server.log.queue.byte-limit = 4294967296 (custom)
2025-07-02 18:52:03,663 [97a6755e-86fd-4537-91b3-54c33d4d83bf-groupManagement] INFO  server.RaftServerConfigKeys (ConfUtils.java:logGet(62)) - raft.server.log.segment.size.max = 67108864 (custom)
2025-07-02 18:52:03,663 [97a6755e-86fd-4537-91b3-54c33d4d83bf-groupManagement] INFO  server.RaftServerConfigKeys (ConfUtils.java:logGet(62)) - raft.server.log.preallocated.size = 4194304 (custom)
2025-07-02 18:52:03,664 [97a6755e-86fd-4537-91b3-54c33d4d83bf-groupManagement] INFO  server.RaftServerConfigKeys (ConfUtils.java:logGet(62)) - raft.server.log.write.buffer.size = 33554440 (custom)
2025-07-02 18:52:03,669 [97a6755e-86fd-4537-91b3-54c33d4d83bf-groupManagement] INFO  server.RaftServerConfigKeys (ConfUtils.java:logGet(62)) - raft.server.log.appender.buffer.byte-limit = 33554432 (custom)
2025-07-02 18:52:03,669 [97a6755e-86fd-4537-91b3-54c33d4d83bf-groupManagement] INFO  segmented.SegmentedRaftLogWorker (SegmentedRaftLogWorker.java:lambda$new$0(141)) - 97a6755e-86fd-4537-91b3-54c33d4d83bf@group-29F9E4C8BD46-SegmentedRaftLogWorker: flushIndex: setUnconditionally 0 -> -1
2025-07-02 18:52:03,669 [97a6755e-86fd-4537-91b3-54c33d4d83bf-groupManagement] INFO  segmented.SegmentedRaftLogWorker (SegmentedRaftLogWorker.java:lambda$new$0(141)) - 97a6755e-86fd-4537-91b3-54c33d4d83bf@group-29F9E4C8BD46-SegmentedRaftLogWorker: safeCacheEvictIndex: setUnconditionally 0 -> -1
2025-07-02 18:52:03,670 [97a6755e-86fd-4537-91b3-54c33d4d83bf-groupManagement] INFO  server.RaftServer$Division (RaftServerImpl.java:start(405)) - 97a6755e-86fd-4537-91b3-54c33d4d83bf@group-29F9E4C8BD46: start as a follower, conf=conf: {index: -1, cur=peers:[fff6918d-693a-4f9d-b154-ded16baf39a4|127.0.0.1:15059, 97a6755e-86fd-4537-91b3-54c33d4d83bf|127.0.0.1:15067, a1153de0-65c4-400c-ae9f-71c02a590f14|127.0.0.1:15051]|listeners:[], old=null}
2025-07-02 18:52:03,670 [97a6755e-86fd-4537-91b3-54c33d4d83bf-groupManagement] INFO  server.RaftServer$Division (RaftServerImpl.java:setRole(392)) - 97a6755e-86fd-4537-91b3-54c33d4d83bf@group-29F9E4C8BD46: changes role from      null to FOLLOWER at term 0 for startAsFollower
2025-07-02 18:52:03,670 [97a6755e-86fd-4537-91b3-54c33d4d83bf-groupManagement] INFO  impl.RoleInfo (RoleInfo.java:updateAndGet(148)) - 97a6755e-86fd-4537-91b3-54c33d4d83bf: start 97a6755e-86fd-4537-91b3-54c33d4d83bf@group-29F9E4C8BD46-FollowerState
2025-07-02 18:52:03,670 [97a6755e-86fd-4537-91b3-54c33d4d83bf-groupManagement] INFO  util.JmxRegister (JmxRegister.java:tryRegister(44)) - Successfully registered JMX Bean with object name Ratis:service=RaftServer,group=group-29F9E4C8BD46,id=97a6755e-86fd-4537-91b3-54c33d4d83bf
2025-07-02 18:52:03,670 [97a6755e-86fd-4537-91b3-54c33d4d83bf-groupManagement] INFO  util.JmxRegister (JmxRegister.java:register(58)) - register mxBean class org.apache.ratis.server.impl.RaftServerJmxAdapter as Ratis:service=RaftServer,group=group-29F9E4C8BD46,id=97a6755e-86fd-4537-91b3-54c33d4d83bf
2025-07-02 18:52:03,671 [97a6755e-86fd-4537-91b3-54c33d4d83bf-groupManagement] INFO  server.RaftServer$Division (RaftServerImpl.java:start(419)) - 97a6755e-86fd-4537-91b3-54c33d4d83bf@group-29F9E4C8BD46: Successfully started.
2025-07-02 18:52:03,683 [grpc-default-executor-3] INFO  server.RaftServer (RaftServerProxy.java:addNew(105)) - fff6918d-693a-4f9d-b154-ded16baf39a4: addNew group-29F9E4C8BD46:[fff6918d-693a-4f9d-b154-ded16baf39a4|127.0.0.1:15059, 97a6755e-86fd-4537-91b3-54c33d4d83bf|127.0.0.1:15067, a1153de0-65c4-400c-ae9f-71c02a590f14|127.0.0.1:15051] returns group-29F9E4C8BD46:java.util.concurrent.CompletableFuture@22d93c5e[Not completed]
2025-07-02 18:52:03,685 [fff6918d-693a-4f9d-b154-ded16baf39a4-groupManagement] WARN  statemachine.DatanodeConfiguration (DatanodeConfiguration.java:validateMinFreeSpace(751)) - hdds.datanode.volume.min.free.space.percent = -1.0 is invalid, should be between 0 and 1
2025-07-02 18:52:03,685 [fff6918d-693a-4f9d-b154-ded16baf39a4-groupManagement] INFO  server.RaftServer$Division (RaftServerImpl.java:<init>(268)) - fff6918d-693a-4f9d-b154-ded16baf39a4: new RaftServerImpl for group-29F9E4C8BD46:[fff6918d-693a-4f9d-b154-ded16baf39a4|127.0.0.1:15059, 97a6755e-86fd-4537-91b3-54c33d4d83bf|127.0.0.1:15067, a1153de0-65c4-400c-ae9f-71c02a590f14|127.0.0.1:15051] with ContainerStateMachine:uninitialized
2025-07-02 18:52:03,685 [fff6918d-693a-4f9d-b154-ded16baf39a4-groupManagement] INFO  server.RaftServer$Division (ServerState.java:<init>(114)) - fff6918d-693a-4f9d-b154-ded16baf39a4@group-29F9E4C8BD46: ConfigurationManager, init=conf: {index: -1, cur=peers:[fff6918d-693a-4f9d-b154-ded16baf39a4|127.0.0.1:15059, 97a6755e-86fd-4537-91b3-54c33d4d83bf|127.0.0.1:15067, a1153de0-65c4-400c-ae9f-71c02a590f14|127.0.0.1:15051]|listeners:[], old=null}, confs=<EMPTY_MAP>
2025-07-02 18:52:03,690 [fff6918d-693a-4f9d-b154-ded16baf39a4-groupManagement] INFO  server.RaftServerConfigKeys (ConfUtils.java:logGet(62)) - raft.server.storage.dir = [/home/runner/work/ozone/ozone/hadoop-ozone/integration-test/target/test-dir/MiniOzoneClusterImpl-ff054ab7-6da7-448f-9cae-f629f00b5e08/ozone-meta/datanode-2/ratis] (custom)
2025-07-02 18:52:03,691 [fff6918d-693a-4f9d-b154-ded16baf39a4-groupManagement] INFO  storage.RaftStorageDirectory (RaftStorageDirectoryImpl.java:analyzeStorage(138)) - The storage directory /home/runner/work/ozone/ozone/hadoop-ozone/integration-test/target/test-dir/MiniOzoneClusterImpl-ff054ab7-6da7-448f-9cae-f629f00b5e08/ozone-meta/datanode-2/ratis/38882b6b-055a-4cb7-acbf-29f9e4c8bd46 does not exist. Creating ...
2025-07-02 18:52:03,692 [fff6918d-693a-4f9d-b154-ded16baf39a4-groupManagement] INFO  storage.RaftStorageDirectory (RaftStorageDirectoryImpl.java:tryLock(229)) - Lock on /home/runner/work/ozone/ozone/hadoop-ozone/integration-test/target/test-dir/MiniOzoneClusterImpl-ff054ab7-6da7-448f-9cae-f629f00b5e08/ozone-meta/datanode-2/ratis/38882b6b-055a-4cb7-acbf-29f9e4c8bd46/in_use.lock acquired by nodename 59972@localhost
2025-07-02 18:52:03,693 [fff6918d-693a-4f9d-b154-ded16baf39a4-groupManagement] INFO  storage.RaftStorage (RaftStorageImpl.java:format(98)) - Storage directory /home/runner/work/ozone/ozone/hadoop-ozone/integration-test/target/test-dir/MiniOzoneClusterImpl-ff054ab7-6da7-448f-9cae-f629f00b5e08/ozone-meta/datanode-2/ratis/38882b6b-055a-4cb7-acbf-29f9e4c8bd46 has been successfully formatted.
2025-07-02 18:52:03,693 [fff6918d-693a-4f9d-b154-ded16baf39a4-groupManagement] INFO  ratis.ContainerStateMachine (ContainerStateMachine.java:initialize(339)) - fff6918d-693a-4f9d-b154-ded16baf39a4: initialize group-29F9E4C8BD46
2025-07-02 18:52:03,693 [fff6918d-693a-4f9d-b154-ded16baf39a4-groupManagement] INFO  ratis.ContainerStateMachine (ContainerStateMachine.java:loadSnapshot(347)) - group-29F9E4C8BD46: The snapshot info is null. Setting the last applied index to:<INITIAL_VALUE>
2025-07-02 18:52:03,694 [fff6918d-693a-4f9d-b154-ded16baf39a4-groupManagement] INFO  server.RaftServerConfigKeys (ConfUtils.java:logGet(62)) - raft.server.log.appender.buffer.byte-limit = 33554432 (custom)
2025-07-02 18:52:03,696 [fff6918d-693a-4f9d-b154-ded16baf39a4-groupManagement] INFO  server.RaftServerConfigKeys (ConfUtils.java:logGet(62)) - raft.server.log.segment.size.max = 67108864 (custom)
2025-07-02 18:52:03,696 [scmNode-2-EventQueue-PipelineReportForOneReplicaPipelineSafeModeRule] INFO  safemode.SCMSafeModeManager (SCMSafeModeManager.java:validateSafeModeExitRules(139)) - AtleastOneDatanodeReportedRule rule is successfully validated
2025-07-02 18:52:03,697 [fff6918d-693a-4f9d-b154-ded16baf39a4-groupManagement] INFO  server.RaftServerConfigKeys (ConfUtils.java:logGet(62)) - raft.server.log.appender.buffer.byte-limit = 33554432 (custom)
2025-07-02 18:52:03,697 [scmNode-3-EventQueue-PipelineReportForOneReplicaPipelineSafeModeRule] INFO  safemode.SCMSafeModeManager (SCMSafeModeManager.java:validateSafeModeExitRules(139)) - AtleastOneDatanodeReportedRule rule is successfully validated
2025-07-02 18:52:03,697 [fff6918d-693a-4f9d-b154-ded16baf39a4-groupManagement] INFO  util.AwaitToRun (AwaitToRun.java:start(81)) - Thread[#1671,fff6918d-693a-4f9d-b154-ded16baf39a4@group-29F9E4C8BD46-cacheEviction-AwaitToRun,5,main] started
2025-07-02 18:52:03,697 [fff6918d-693a-4f9d-b154-ded16baf39a4-groupManagement] INFO  segmented.SegmentedRaftLogWorker (SegmentedRaftLogWorker.java:<init>(190)) - new fff6918d-693a-4f9d-b154-ded16baf39a4@group-29F9E4C8BD46-SegmentedRaftLogWorker for RaftStorageImpl:Storage Directory /home/runner/work/ozone/ozone/hadoop-ozone/integration-test/target/test-dir/MiniOzoneClusterImpl-ff054ab7-6da7-448f-9cae-f629f00b5e08/ozone-meta/datanode-2/ratis/38882b6b-055a-4cb7-acbf-29f9e4c8bd46
2025-07-02 18:52:03,697 [scmNode-1-EventQueue-PipelineReportForOneReplicaPipelineSafeModeRule] INFO  safemode.SCMSafeModeManager (SCMSafeModeManager.java:validateSafeModeExitRules(139)) - AtleastOneDatanodeReportedRule rule is successfully validated
2025-07-02 18:52:03,697 [fff6918d-693a-4f9d-b154-ded16baf39a4-groupManagement] INFO  server.RaftServerConfigKeys (ConfUtils.java:logGet(62)) - raft.server.log.queue.byte-limit = 4294967296 (custom)
2025-07-02 18:52:03,697 [fff6918d-693a-4f9d-b154-ded16baf39a4-groupManagement] INFO  server.RaftServerConfigKeys (ConfUtils.java:logGet(62)) - raft.server.log.segment.size.max = 67108864 (custom)
2025-07-02 18:52:03,697 [fff6918d-693a-4f9d-b154-ded16baf39a4-groupManagement] INFO  server.RaftServerConfigKeys (ConfUtils.java:logGet(62)) - raft.server.log.preallocated.size = 4194304 (custom)
2025-07-02 18:52:03,698 [fff6918d-693a-4f9d-b154-ded16baf39a4-groupManagement] INFO  server.RaftServerConfigKeys (ConfUtils.java:logGet(62)) - raft.server.log.write.buffer.size = 33554440 (custom)
2025-07-02 18:52:03,703 [fff6918d-693a-4f9d-b154-ded16baf39a4-groupManagement] INFO  server.RaftServerConfigKeys (ConfUtils.java:logGet(62)) - raft.server.log.appender.buffer.byte-limit = 33554432 (custom)
2025-07-02 18:52:03,703 [fff6918d-693a-4f9d-b154-ded16baf39a4-groupManagement] INFO  segmented.SegmentedRaftLogWorker (SegmentedRaftLogWorker.java:lambda$new$0(141)) - fff6918d-693a-4f9d-b154-ded16baf39a4@group-29F9E4C8BD46-SegmentedRaftLogWorker: flushIndex: setUnconditionally 0 -> -1
2025-07-02 18:52:03,703 [fff6918d-693a-4f9d-b154-ded16baf39a4-groupManagement] INFO  segmented.SegmentedRaftLogWorker (SegmentedRaftLogWorker.java:lambda$new$0(141)) - fff6918d-693a-4f9d-b154-ded16baf39a4@group-29F9E4C8BD46-SegmentedRaftLogWorker: safeCacheEvictIndex: setUnconditionally 0 -> -1
2025-07-02 18:52:03,704 [fff6918d-693a-4f9d-b154-ded16baf39a4-groupManagement] INFO  server.RaftServer$Division (RaftServerImpl.java:start(405)) - fff6918d-693a-4f9d-b154-ded16baf39a4@group-29F9E4C8BD46: start as a follower, conf=conf: {index: -1, cur=peers:[fff6918d-693a-4f9d-b154-ded16baf39a4|127.0.0.1:15059, 97a6755e-86fd-4537-91b3-54c33d4d83bf|127.0.0.1:15067, a1153de0-65c4-400c-ae9f-71c02a590f14|127.0.0.1:15051]|listeners:[], old=null}
2025-07-02 18:52:03,704 [fff6918d-693a-4f9d-b154-ded16baf39a4-groupManagement] INFO  server.RaftServer$Division (RaftServerImpl.java:setRole(392)) - fff6918d-693a-4f9d-b154-ded16baf39a4@group-29F9E4C8BD46: changes role from      null to FOLLOWER at term 0 for startAsFollower
2025-07-02 18:52:03,704 [fff6918d-693a-4f9d-b154-ded16baf39a4-groupManagement] INFO  impl.RoleInfo (RoleInfo.java:updateAndGet(148)) - fff6918d-693a-4f9d-b154-ded16baf39a4: start fff6918d-693a-4f9d-b154-ded16baf39a4@group-29F9E4C8BD46-FollowerState
2025-07-02 18:52:03,704 [fff6918d-693a-4f9d-b154-ded16baf39a4-groupManagement] INFO  util.JmxRegister (JmxRegister.java:tryRegister(44)) - Successfully registered JMX Bean with object name Ratis:service=RaftServer,group=group-29F9E4C8BD46,id=fff6918d-693a-4f9d-b154-ded16baf39a4
2025-07-02 18:52:03,704 [fff6918d-693a-4f9d-b154-ded16baf39a4-groupManagement] INFO  util.JmxRegister (JmxRegister.java:register(58)) - register mxBean class org.apache.ratis.server.impl.RaftServerJmxAdapter as Ratis:service=RaftServer,group=group-29F9E4C8BD46,id=fff6918d-693a-4f9d-b154-ded16baf39a4
2025-07-02 18:52:03,706 [fff6918d-693a-4f9d-b154-ded16baf39a4-groupManagement] INFO  server.RaftServer$Division (RaftServerImpl.java:start(419)) - fff6918d-693a-4f9d-b154-ded16baf39a4@group-29F9E4C8BD46: Successfully started.
2025-07-02 18:52:03,709 [a1153de0-65c4-400c-ae9f-71c02a590f14-PipelineCommandHandlerThread-0] INFO  commandhandler.CreatePipelineCommandHandler (CreatePipelineCommandHandler.java:lambda$handle$2(127)) - Created Pipeline RATIS THREE Pipeline-38882b6b-055a-4cb7-acbf-29f9e4c8bd46.
2025-07-02 18:52:03,709 [a1153de0-65c4-400c-ae9f-71c02a590f14-PipelineCommandHandlerThread-0] INFO  server.RaftServer (RaftServerProxy.java:addNew(105)) - a1153de0-65c4-400c-ae9f-71c02a590f14: addNew group-9396B2A0AC6B:[fff6918d-693a-4f9d-b154-ded16baf39a4|127.0.0.1:15059, 97a6755e-86fd-4537-91b3-54c33d4d83bf|127.0.0.1:15067, a1153de0-65c4-400c-ae9f-71c02a590f14|127.0.0.1:15051] returns group-9396B2A0AC6B:java.util.concurrent.CompletableFuture@493b5d6e[Not completed]
2025-07-02 18:52:03,711 [a1153de0-65c4-400c-ae9f-71c02a590f14-groupManagement] WARN  statemachine.DatanodeConfiguration (DatanodeConfiguration.java:validateMinFreeSpace(751)) - hdds.datanode.volume.min.free.space.percent = -1.0 is invalid, should be between 0 and 1
2025-07-02 18:52:03,711 [a1153de0-65c4-400c-ae9f-71c02a590f14-groupManagement] INFO  server.RaftServer$Division (RaftServerImpl.java:<init>(268)) - a1153de0-65c4-400c-ae9f-71c02a590f14: new RaftServerImpl for group-9396B2A0AC6B:[fff6918d-693a-4f9d-b154-ded16baf39a4|127.0.0.1:15059, 97a6755e-86fd-4537-91b3-54c33d4d83bf|127.0.0.1:15067, a1153de0-65c4-400c-ae9f-71c02a590f14|127.0.0.1:15051] with ContainerStateMachine:uninitialized
2025-07-02 18:52:03,711 [a1153de0-65c4-400c-ae9f-71c02a590f14-groupManagement] INFO  server.RaftServer$Division (ServerState.java:<init>(114)) - a1153de0-65c4-400c-ae9f-71c02a590f14@group-9396B2A0AC6B: ConfigurationManager, init=conf: {index: -1, cur=peers:[fff6918d-693a-4f9d-b154-ded16baf39a4|127.0.0.1:15059, 97a6755e-86fd-4537-91b3-54c33d4d83bf|127.0.0.1:15067, a1153de0-65c4-400c-ae9f-71c02a590f14|127.0.0.1:15051]|listeners:[], old=null}, confs=<EMPTY_MAP>
2025-07-02 18:52:03,717 [a1153de0-65c4-400c-ae9f-71c02a590f14-groupManagement] INFO  server.RaftServerConfigKeys (ConfUtils.java:logGet(62)) - raft.server.storage.dir = [/home/runner/work/ozone/ozone/hadoop-ozone/integration-test/target/test-dir/MiniOzoneClusterImpl-ff054ab7-6da7-448f-9cae-f629f00b5e08/ozone-meta/datanode-1/ratis] (custom)
2025-07-02 18:52:03,717 [a1153de0-65c4-400c-ae9f-71c02a590f14-groupManagement] INFO  storage.RaftStorageDirectory (RaftStorageDirectoryImpl.java:analyzeStorage(138)) - The storage directory /home/runner/work/ozone/ozone/hadoop-ozone/integration-test/target/test-dir/MiniOzoneClusterImpl-ff054ab7-6da7-448f-9cae-f629f00b5e08/ozone-meta/datanode-1/ratis/e4f4775a-5ba1-419b-a816-9396b2a0ac6b does not exist. Creating ...
2025-07-02 18:52:03,719 [a1153de0-65c4-400c-ae9f-71c02a590f14-groupManagement] INFO  storage.RaftStorageDirectory (RaftStorageDirectoryImpl.java:tryLock(229)) - Lock on /home/runner/work/ozone/ozone/hadoop-ozone/integration-test/target/test-dir/MiniOzoneClusterImpl-ff054ab7-6da7-448f-9cae-f629f00b5e08/ozone-meta/datanode-1/ratis/e4f4775a-5ba1-419b-a816-9396b2a0ac6b/in_use.lock acquired by nodename 59972@localhost
2025-07-02 18:52:03,720 [a1153de0-65c4-400c-ae9f-71c02a590f14-groupManagement] INFO  storage.RaftStorage (RaftStorageImpl.java:format(98)) - Storage directory /home/runner/work/ozone/ozone/hadoop-ozone/integration-test/target/test-dir/MiniOzoneClusterImpl-ff054ab7-6da7-448f-9cae-f629f00b5e08/ozone-meta/datanode-1/ratis/e4f4775a-5ba1-419b-a816-9396b2a0ac6b has been successfully formatted.
2025-07-02 18:52:03,721 [a1153de0-65c4-400c-ae9f-71c02a590f14-groupManagement] INFO  ratis.ContainerStateMachine (ContainerStateMachine.java:initialize(339)) - a1153de0-65c4-400c-ae9f-71c02a590f14: initialize group-9396B2A0AC6B
2025-07-02 18:52:03,721 [a1153de0-65c4-400c-ae9f-71c02a590f14-groupManagement] INFO  ratis.ContainerStateMachine (ContainerStateMachine.java:loadSnapshot(347)) - group-9396B2A0AC6B: The snapshot info is null. Setting the last applied index to:<INITIAL_VALUE>
2025-07-02 18:52:03,721 [a1153de0-65c4-400c-ae9f-71c02a590f14-groupManagement] INFO  server.RaftServerConfigKeys (ConfUtils.java:logGet(62)) - raft.server.log.appender.buffer.byte-limit = 33554432 (custom)
2025-07-02 18:52:03,723 [a1153de0-65c4-400c-ae9f-71c02a590f14-groupManagement] INFO  server.RaftServerConfigKeys (ConfUtils.java:logGet(62)) - raft.server.log.segment.size.max = 67108864 (custom)
2025-07-02 18:52:03,724 [scmNode-2-EventQueue-PipelineReportForOneReplicaPipelineSafeModeRule] INFO  safemode.SCMSafeModeManager (SCMSafeModeManager.java:validateSafeModeExitRules(139)) - AtleastOneDatanodeReportedRule rule is successfully validated
2025-07-02 18:52:03,724 [a1153de0-65c4-400c-ae9f-71c02a590f14-groupManagement] INFO  server.RaftServerConfigKeys (ConfUtils.java:logGet(62)) - raft.server.log.appender.buffer.byte-limit = 33554432 (custom)
2025-07-02 18:52:03,725 [scmNode-1-EventQueue-PipelineReportForOneReplicaPipelineSafeModeRule] INFO  safemode.SCMSafeModeManager (SCMSafeModeManager.java:validateSafeModeExitRules(139)) - AtleastOneDatanodeReportedRule rule is successfully validated
2025-07-02 18:52:03,725 [a1153de0-65c4-400c-ae9f-71c02a590f14-groupManagement] INFO  util.AwaitToRun (AwaitToRun.java:start(81)) - Thread[#1678,a1153de0-65c4-400c-ae9f-71c02a590f14@group-9396B2A0AC6B-cacheEviction-AwaitToRun,5,main] started
2025-07-02 18:52:03,726 [a1153de0-65c4-400c-ae9f-71c02a590f14-groupManagement] INFO  segmented.SegmentedRaftLogWorker (SegmentedRaftLogWorker.java:<init>(190)) - new a1153de0-65c4-400c-ae9f-71c02a590f14@group-9396B2A0AC6B-SegmentedRaftLogWorker for RaftStorageImpl:Storage Directory /home/runner/work/ozone/ozone/hadoop-ozone/integration-test/target/test-dir/MiniOzoneClusterImpl-ff054ab7-6da7-448f-9cae-f629f00b5e08/ozone-meta/datanode-1/ratis/e4f4775a-5ba1-419b-a816-9396b2a0ac6b
2025-07-02 18:52:03,726 [a1153de0-65c4-400c-ae9f-71c02a590f14-groupManagement] INFO  server.RaftServerConfigKeys (ConfUtils.java:logGet(62)) - raft.server.log.queue.byte-limit = 4294967296 (custom)
2025-07-02 18:52:03,726 [a1153de0-65c4-400c-ae9f-71c02a590f14-groupManagement] INFO  server.RaftServerConfigKeys (ConfUtils.java:logGet(62)) - raft.server.log.segment.size.max = 67108864 (custom)
2025-07-02 18:52:03,726 [a1153de0-65c4-400c-ae9f-71c02a590f14-groupManagement] INFO  server.RaftServerConfigKeys (ConfUtils.java:logGet(62)) - raft.server.log.preallocated.size = 4194304 (custom)
2025-07-02 18:52:03,726 [a1153de0-65c4-400c-ae9f-71c02a590f14-groupManagement] INFO  server.RaftServerConfigKeys (ConfUtils.java:logGet(62)) - raft.server.log.write.buffer.size = 33554440 (custom)
2025-07-02 18:52:03,726 [scmNode-3-EventQueue-PipelineReportForOneReplicaPipelineSafeModeRule] INFO  safemode.SCMSafeModeManager (SCMSafeModeManager.java:validateSafeModeExitRules(139)) - AtleastOneDatanodeReportedRule rule is successfully validated
2025-07-02 18:52:03,732 [a1153de0-65c4-400c-ae9f-71c02a590f14-groupManagement] INFO  server.RaftServerConfigKeys (ConfUtils.java:logGet(62)) - raft.server.log.appender.buffer.byte-limit = 33554432 (custom)
2025-07-02 18:52:03,732 [a1153de0-65c4-400c-ae9f-71c02a590f14-groupManagement] INFO  segmented.SegmentedRaftLogWorker (SegmentedRaftLogWorker.java:lambda$new$0(141)) - a1153de0-65c4-400c-ae9f-71c02a590f14@group-9396B2A0AC6B-SegmentedRaftLogWorker: flushIndex: setUnconditionally 0 -> -1
2025-07-02 18:52:03,732 [a1153de0-65c4-400c-ae9f-71c02a590f14-groupManagement] INFO  segmented.SegmentedRaftLogWorker (SegmentedRaftLogWorker.java:lambda$new$0(141)) - a1153de0-65c4-400c-ae9f-71c02a590f14@group-9396B2A0AC6B-SegmentedRaftLogWorker: safeCacheEvictIndex: setUnconditionally 0 -> -1
2025-07-02 18:52:03,733 [a1153de0-65c4-400c-ae9f-71c02a590f14-groupManagement] INFO  server.RaftServer$Division (RaftServerImpl.java:start(405)) - a1153de0-65c4-400c-ae9f-71c02a590f14@group-9396B2A0AC6B: start as a follower, conf=conf: {index: -1, cur=peers:[fff6918d-693a-4f9d-b154-ded16baf39a4|127.0.0.1:15059, 97a6755e-86fd-4537-91b3-54c33d4d83bf|127.0.0.1:15067, a1153de0-65c4-400c-ae9f-71c02a590f14|127.0.0.1:15051]|listeners:[], old=null}
2025-07-02 18:52:03,733 [a1153de0-65c4-400c-ae9f-71c02a590f14-groupManagement] INFO  server.RaftServer$Division (RaftServerImpl.java:setRole(392)) - a1153de0-65c4-400c-ae9f-71c02a590f14@group-9396B2A0AC6B: changes role from      null to FOLLOWER at term 0 for startAsFollower
2025-07-02 18:52:03,733 [a1153de0-65c4-400c-ae9f-71c02a590f14-groupManagement] INFO  impl.RoleInfo (RoleInfo.java:updateAndGet(148)) - a1153de0-65c4-400c-ae9f-71c02a590f14: start a1153de0-65c4-400c-ae9f-71c02a590f14@group-9396B2A0AC6B-FollowerState
2025-07-02 18:52:03,733 [a1153de0-65c4-400c-ae9f-71c02a590f14-groupManagement] INFO  util.JmxRegister (JmxRegister.java:tryRegister(44)) - Successfully registered JMX Bean with object name Ratis:service=RaftServer,group=group-9396B2A0AC6B,id=a1153de0-65c4-400c-ae9f-71c02a590f14
2025-07-02 18:52:03,733 [a1153de0-65c4-400c-ae9f-71c02a590f14-groupManagement] INFO  util.JmxRegister (JmxRegister.java:register(58)) - register mxBean class org.apache.ratis.server.impl.RaftServerJmxAdapter as Ratis:service=RaftServer,group=group-9396B2A0AC6B,id=a1153de0-65c4-400c-ae9f-71c02a590f14
2025-07-02 18:52:03,734 [a1153de0-65c4-400c-ae9f-71c02a590f14-groupManagement] INFO  server.RaftServer$Division (RaftServerImpl.java:start(419)) - a1153de0-65c4-400c-ae9f-71c02a590f14@group-9396B2A0AC6B: Successfully started.
2025-07-02 18:52:03,734 [a1153de0-65c4-400c-ae9f-71c02a590f14-PipelineCommandHandlerThread-0] INFO  ratis.XceiverServerRatis (XceiverServerRatis.java:addGroup(843)) - Created group Pipeline-e4f4775a-5ba1-419b-a816-9396b2a0ac6b
2025-07-02 18:52:03,741 [grpc-default-executor-3] INFO  server.RaftServer (RaftServerProxy.java:addNew(105)) - 97a6755e-86fd-4537-91b3-54c33d4d83bf: addNew group-9396B2A0AC6B:[fff6918d-693a-4f9d-b154-ded16baf39a4|127.0.0.1:15059, 97a6755e-86fd-4537-91b3-54c33d4d83bf|127.0.0.1:15067, a1153de0-65c4-400c-ae9f-71c02a590f14|127.0.0.1:15051] returns group-9396B2A0AC6B:java.util.concurrent.CompletableFuture@49147ef5[Not completed]
2025-07-02 18:52:03,742 [97a6755e-86fd-4537-91b3-54c33d4d83bf-groupManagement] WARN  statemachine.DatanodeConfiguration (DatanodeConfiguration.java:validateMinFreeSpace(751)) - hdds.datanode.volume.min.free.space.percent = -1.0 is invalid, should be between 0 and 1
2025-07-02 18:52:03,742 [97a6755e-86fd-4537-91b3-54c33d4d83bf-groupManagement] INFO  server.RaftServer$Division (RaftServerImpl.java:<init>(268)) - 97a6755e-86fd-4537-91b3-54c33d4d83bf: new RaftServerImpl for group-9396B2A0AC6B:[fff6918d-693a-4f9d-b154-ded16baf39a4|127.0.0.1:15059, 97a6755e-86fd-4537-91b3-54c33d4d83bf|127.0.0.1:15067, a1153de0-65c4-400c-ae9f-71c02a590f14|127.0.0.1:15051] with ContainerStateMachine:uninitialized
2025-07-02 18:52:03,743 [97a6755e-86fd-4537-91b3-54c33d4d83bf-groupManagement] INFO  server.RaftServer$Division (ServerState.java:<init>(114)) - 97a6755e-86fd-4537-91b3-54c33d4d83bf@group-9396B2A0AC6B: ConfigurationManager, init=conf: {index: -1, cur=peers:[fff6918d-693a-4f9d-b154-ded16baf39a4|127.0.0.1:15059, 97a6755e-86fd-4537-91b3-54c33d4d83bf|127.0.0.1:15067, a1153de0-65c4-400c-ae9f-71c02a590f14|127.0.0.1:15051]|listeners:[], old=null}, confs=<EMPTY_MAP>
2025-07-02 18:52:03,746 [97a6755e-86fd-4537-91b3-54c33d4d83bf-groupManagement] INFO  server.RaftServerConfigKeys (ConfUtils.java:logGet(62)) - raft.server.storage.dir = [/home/runner/work/ozone/ozone/hadoop-ozone/integration-test/target/test-dir/MiniOzoneClusterImpl-ff054ab7-6da7-448f-9cae-f629f00b5e08/ozone-meta/datanode-3/ratis] (custom)
2025-07-02 18:52:03,746 [97a6755e-86fd-4537-91b3-54c33d4d83bf-groupManagement] INFO  storage.RaftStorageDirectory (RaftStorageDirectoryImpl.java:analyzeStorage(138)) - The storage directory /home/runner/work/ozone/ozone/hadoop-ozone/integration-test/target/test-dir/MiniOzoneClusterImpl-ff054ab7-6da7-448f-9cae-f629f00b5e08/ozone-meta/datanode-3/ratis/e4f4775a-5ba1-419b-a816-9396b2a0ac6b does not exist. Creating ...
2025-07-02 18:52:03,748 [97a6755e-86fd-4537-91b3-54c33d4d83bf-groupManagement] INFO  storage.RaftStorageDirectory (RaftStorageDirectoryImpl.java:tryLock(229)) - Lock on /home/runner/work/ozone/ozone/hadoop-ozone/integration-test/target/test-dir/MiniOzoneClusterImpl-ff054ab7-6da7-448f-9cae-f629f00b5e08/ozone-meta/datanode-3/ratis/e4f4775a-5ba1-419b-a816-9396b2a0ac6b/in_use.lock acquired by nodename 59972@localhost
2025-07-02 18:52:03,749 [97a6755e-86fd-4537-91b3-54c33d4d83bf-groupManagement] INFO  storage.RaftStorage (RaftStorageImpl.java:format(98)) - Storage directory /home/runner/work/ozone/ozone/hadoop-ozone/integration-test/target/test-dir/MiniOzoneClusterImpl-ff054ab7-6da7-448f-9cae-f629f00b5e08/ozone-meta/datanode-3/ratis/e4f4775a-5ba1-419b-a816-9396b2a0ac6b has been successfully formatted.
2025-07-02 18:52:03,749 [97a6755e-86fd-4537-91b3-54c33d4d83bf-groupManagement] INFO  ratis.ContainerStateMachine (ContainerStateMachine.java:initialize(339)) - 97a6755e-86fd-4537-91b3-54c33d4d83bf: initialize group-9396B2A0AC6B
2025-07-02 18:52:03,749 [97a6755e-86fd-4537-91b3-54c33d4d83bf-groupManagement] INFO  ratis.ContainerStateMachine (ContainerStateMachine.java:loadSnapshot(347)) - group-9396B2A0AC6B: The snapshot info is null. Setting the last applied index to:<INITIAL_VALUE>
2025-07-02 18:52:03,749 [97a6755e-86fd-4537-91b3-54c33d4d83bf-groupManagement] INFO  server.RaftServerConfigKeys (ConfUtils.java:logGet(62)) - raft.server.log.appender.buffer.byte-limit = 33554432 (custom)
2025-07-02 18:52:03,751 [97a6755e-86fd-4537-91b3-54c33d4d83bf-groupManagement] INFO  server.RaftServerConfigKeys (ConfUtils.java:logGet(62)) - raft.server.log.segment.size.max = 67108864 (custom)
2025-07-02 18:52:03,752 [scmNode-2-EventQueue-PipelineReportForOneReplicaPipelineSafeModeRule] INFO  safemode.SCMSafeModeManager (SCMSafeModeManager.java:validateSafeModeExitRules(139)) - AtleastOneDatanodeReportedRule rule is successfully validated
2025-07-02 18:52:03,752 [scmNode-3-EventQueue-PipelineReportForOneReplicaPipelineSafeModeRule] INFO  safemode.SCMSafeModeManager (SCMSafeModeManager.java:validateSafeModeExitRules(139)) - AtleastOneDatanodeReportedRule rule is successfully validated
2025-07-02 18:52:03,752 [scmNode-1-EventQueue-PipelineReportForOneReplicaPipelineSafeModeRule] INFO  safemode.SCMSafeModeManager (SCMSafeModeManager.java:validateSafeModeExitRules(139)) - AtleastOneDatanodeReportedRule rule is successfully validated
2025-07-02 18:52:03,752 [97a6755e-86fd-4537-91b3-54c33d4d83bf-groupManagement] INFO  server.RaftServerConfigKeys (ConfUtils.java:logGet(62)) - raft.server.log.appender.buffer.byte-limit = 33554432 (custom)
2025-07-02 18:52:03,753 [97a6755e-86fd-4537-91b3-54c33d4d83bf-groupManagement] INFO  util.AwaitToRun (AwaitToRun.java:start(81)) - Thread[#1682,97a6755e-86fd-4537-91b3-54c33d4d83bf@group-9396B2A0AC6B-cacheEviction-AwaitToRun,5,main] started
2025-07-02 18:52:03,753 [97a6755e-86fd-4537-91b3-54c33d4d83bf-groupManagement] INFO  segmented.SegmentedRaftLogWorker (SegmentedRaftLogWorker.java:<init>(190)) - new 97a6755e-86fd-4537-91b3-54c33d4d83bf@group-9396B2A0AC6B-SegmentedRaftLogWorker for RaftStorageImpl:Storage Directory /home/runner/work/ozone/ozone/hadoop-ozone/integration-test/target/test-dir/MiniOzoneClusterImpl-ff054ab7-6da7-448f-9cae-f629f00b5e08/ozone-meta/datanode-3/ratis/e4f4775a-5ba1-419b-a816-9396b2a0ac6b
2025-07-02 18:52:03,753 [97a6755e-86fd-4537-91b3-54c33d4d83bf-groupManagement] INFO  server.RaftServerConfigKeys (ConfUtils.java:logGet(62)) - raft.server.log.queue.byte-limit = 4294967296 (custom)
2025-07-02 18:52:03,753 [97a6755e-86fd-4537-91b3-54c33d4d83bf-groupManagement] INFO  server.RaftServerConfigKeys (ConfUtils.java:logGet(62)) - raft.server.log.segment.size.max = 67108864 (custom)
2025-07-02 18:52:03,753 [97a6755e-86fd-4537-91b3-54c33d4d83bf-groupManagement] INFO  server.RaftServerConfigKeys (ConfUtils.java:logGet(62)) - raft.server.log.preallocated.size = 4194304 (custom)
2025-07-02 18:52:03,754 [97a6755e-86fd-4537-91b3-54c33d4d83bf-groupManagement] INFO  server.RaftServerConfigKeys (ConfUtils.java:logGet(62)) - raft.server.log.write.buffer.size = 33554440 (custom)
2025-07-02 18:52:03,759 [97a6755e-86fd-4537-91b3-54c33d4d83bf-groupManagement] INFO  server.RaftServerConfigKeys (ConfUtils.java:logGet(62)) - raft.server.log.appender.buffer.byte-limit = 33554432 (custom)
2025-07-02 18:52:03,759 [97a6755e-86fd-4537-91b3-54c33d4d83bf-groupManagement] INFO  segmented.SegmentedRaftLogWorker (SegmentedRaftLogWorker.java:lambda$new$0(141)) - 97a6755e-86fd-4537-91b3-54c33d4d83bf@group-9396B2A0AC6B-SegmentedRaftLogWorker: flushIndex: setUnconditionally 0 -> -1
2025-07-02 18:52:03,760 [97a6755e-86fd-4537-91b3-54c33d4d83bf-groupManagement] INFO  segmented.SegmentedRaftLogWorker (SegmentedRaftLogWorker.java:lambda$new$0(141)) - 97a6755e-86fd-4537-91b3-54c33d4d83bf@group-9396B2A0AC6B-SegmentedRaftLogWorker: safeCacheEvictIndex: setUnconditionally 0 -> -1
2025-07-02 18:52:03,760 [97a6755e-86fd-4537-91b3-54c33d4d83bf-groupManagement] INFO  server.RaftServer$Division (RaftServerImpl.java:start(405)) - 97a6755e-86fd-4537-91b3-54c33d4d83bf@group-9396B2A0AC6B: start as a follower, conf=conf: {index: -1, cur=peers:[fff6918d-693a-4f9d-b154-ded16baf39a4|127.0.0.1:15059, 97a6755e-86fd-4537-91b3-54c33d4d83bf|127.0.0.1:15067, a1153de0-65c4-400c-ae9f-71c02a590f14|127.0.0.1:15051]|listeners:[], old=null}
2025-07-02 18:52:03,760 [97a6755e-86fd-4537-91b3-54c33d4d83bf-groupManagement] INFO  server.RaftServer$Division (RaftServerImpl.java:setRole(392)) - 97a6755e-86fd-4537-91b3-54c33d4d83bf@group-9396B2A0AC6B: changes role from      null to FOLLOWER at term 0 for startAsFollower
2025-07-02 18:52:03,760 [97a6755e-86fd-4537-91b3-54c33d4d83bf-groupManagement] INFO  impl.RoleInfo (RoleInfo.java:updateAndGet(148)) - 97a6755e-86fd-4537-91b3-54c33d4d83bf: start 97a6755e-86fd-4537-91b3-54c33d4d83bf@group-9396B2A0AC6B-FollowerState
2025-07-02 18:52:03,761 [97a6755e-86fd-4537-91b3-54c33d4d83bf-groupManagement] INFO  util.JmxRegister (JmxRegister.java:tryRegister(44)) - Successfully registered JMX Bean with object name Ratis:service=RaftServer,group=group-9396B2A0AC6B,id=97a6755e-86fd-4537-91b3-54c33d4d83bf
2025-07-02 18:52:03,761 [97a6755e-86fd-4537-91b3-54c33d4d83bf-groupManagement] INFO  util.JmxRegister (JmxRegister.java:register(58)) - register mxBean class org.apache.ratis.server.impl.RaftServerJmxAdapter as Ratis:service=RaftServer,group=group-9396B2A0AC6B,id=97a6755e-86fd-4537-91b3-54c33d4d83bf
2025-07-02 18:52:03,762 [97a6755e-86fd-4537-91b3-54c33d4d83bf-groupManagement] INFO  server.RaftServer$Division (RaftServerImpl.java:start(419)) - 97a6755e-86fd-4537-91b3-54c33d4d83bf@group-9396B2A0AC6B: Successfully started.
2025-07-02 18:52:03,770 [grpc-default-executor-3] INFO  server.RaftServer (RaftServerProxy.java:addNew(105)) - fff6918d-693a-4f9d-b154-ded16baf39a4: addNew group-9396B2A0AC6B:[fff6918d-693a-4f9d-b154-ded16baf39a4|127.0.0.1:15059, 97a6755e-86fd-4537-91b3-54c33d4d83bf|127.0.0.1:15067, a1153de0-65c4-400c-ae9f-71c02a590f14|127.0.0.1:15051] returns group-9396B2A0AC6B:java.util.concurrent.CompletableFuture@67f5b24[Not completed]
2025-07-02 18:52:03,772 [fff6918d-693a-4f9d-b154-ded16baf39a4-groupManagement] WARN  statemachine.DatanodeConfiguration (DatanodeConfiguration.java:validateMinFreeSpace(751)) - hdds.datanode.volume.min.free.space.percent = -1.0 is invalid, should be between 0 and 1
2025-07-02 18:52:03,772 [fff6918d-693a-4f9d-b154-ded16baf39a4-groupManagement] INFO  server.RaftServer$Division (RaftServerImpl.java:<init>(268)) - fff6918d-693a-4f9d-b154-ded16baf39a4: new RaftServerImpl for group-9396B2A0AC6B:[fff6918d-693a-4f9d-b154-ded16baf39a4|127.0.0.1:15059, 97a6755e-86fd-4537-91b3-54c33d4d83bf|127.0.0.1:15067, a1153de0-65c4-400c-ae9f-71c02a590f14|127.0.0.1:15051] with ContainerStateMachine:uninitialized
2025-07-02 18:52:03,772 [fff6918d-693a-4f9d-b154-ded16baf39a4-groupManagement] INFO  server.RaftServer$Division (ServerState.java:<init>(114)) - fff6918d-693a-4f9d-b154-ded16baf39a4@group-9396B2A0AC6B: ConfigurationManager, init=conf: {index: -1, cur=peers:[fff6918d-693a-4f9d-b154-ded16baf39a4|127.0.0.1:15059, 97a6755e-86fd-4537-91b3-54c33d4d83bf|127.0.0.1:15067, a1153de0-65c4-400c-ae9f-71c02a590f14|127.0.0.1:15051]|listeners:[], old=null}, confs=<EMPTY_MAP>
2025-07-02 18:52:03,776 [fff6918d-693a-4f9d-b154-ded16baf39a4-groupManagement] INFO  server.RaftServerConfigKeys (ConfUtils.java:logGet(62)) - raft.server.storage.dir = [/home/runner/work/ozone/ozone/hadoop-ozone/integration-test/target/test-dir/MiniOzoneClusterImpl-ff054ab7-6da7-448f-9cae-f629f00b5e08/ozone-meta/datanode-2/ratis] (custom)
2025-07-02 18:52:03,776 [fff6918d-693a-4f9d-b154-ded16baf39a4-groupManagement] INFO  storage.RaftStorageDirectory (RaftStorageDirectoryImpl.java:analyzeStorage(138)) - The storage directory /home/runner/work/ozone/ozone/hadoop-ozone/integration-test/target/test-dir/MiniOzoneClusterImpl-ff054ab7-6da7-448f-9cae-f629f00b5e08/ozone-meta/datanode-2/ratis/e4f4775a-5ba1-419b-a816-9396b2a0ac6b does not exist. Creating ...
2025-07-02 18:52:03,777 [fff6918d-693a-4f9d-b154-ded16baf39a4-groupManagement] INFO  storage.RaftStorageDirectory (RaftStorageDirectoryImpl.java:tryLock(229)) - Lock on /home/runner/work/ozone/ozone/hadoop-ozone/integration-test/target/test-dir/MiniOzoneClusterImpl-ff054ab7-6da7-448f-9cae-f629f00b5e08/ozone-meta/datanode-2/ratis/e4f4775a-5ba1-419b-a816-9396b2a0ac6b/in_use.lock acquired by nodename 59972@localhost
2025-07-02 18:52:03,778 [fff6918d-693a-4f9d-b154-ded16baf39a4-groupManagement] INFO  storage.RaftStorage (RaftStorageImpl.java:format(98)) - Storage directory /home/runner/work/ozone/ozone/hadoop-ozone/integration-test/target/test-dir/MiniOzoneClusterImpl-ff054ab7-6da7-448f-9cae-f629f00b5e08/ozone-meta/datanode-2/ratis/e4f4775a-5ba1-419b-a816-9396b2a0ac6b has been successfully formatted.
2025-07-02 18:52:03,778 [fff6918d-693a-4f9d-b154-ded16baf39a4-groupManagement] INFO  ratis.ContainerStateMachine (ContainerStateMachine.java:initialize(339)) - fff6918d-693a-4f9d-b154-ded16baf39a4: initialize group-9396B2A0AC6B
2025-07-02 18:52:03,779 [fff6918d-693a-4f9d-b154-ded16baf39a4-groupManagement] INFO  ratis.ContainerStateMachine (ContainerStateMachine.java:loadSnapshot(347)) - group-9396B2A0AC6B: The snapshot info is null. Setting the last applied index to:<INITIAL_VALUE>
2025-07-02 18:52:03,779 [fff6918d-693a-4f9d-b154-ded16baf39a4-groupManagement] INFO  server.RaftServerConfigKeys (ConfUtils.java:logGet(62)) - raft.server.log.appender.buffer.byte-limit = 33554432 (custom)
2025-07-02 18:52:03,780 [scmNode-3-EventQueue-PipelineReportForOneReplicaPipelineSafeModeRule] INFO  safemode.SCMSafeModeManager (SCMSafeModeManager.java:validateSafeModeExitRules(139)) - AtleastOneDatanodeReportedRule rule is successfully validated
2025-07-02 18:52:03,780 [scmNode-2-EventQueue-PipelineReportForOneReplicaPipelineSafeModeRule] INFO  safemode.SCMSafeModeManager (SCMSafeModeManager.java:validateSafeModeExitRules(139)) - AtleastOneDatanodeReportedRule rule is successfully validated
2025-07-02 18:52:03,781 [scmNode-1-EventQueue-PipelineReportForOneReplicaPipelineSafeModeRule] INFO  safemode.SCMSafeModeManager (SCMSafeModeManager.java:validateSafeModeExitRules(139)) - AtleastOneDatanodeReportedRule rule is successfully validated
2025-07-02 18:52:03,782 [fff6918d-693a-4f9d-b154-ded16baf39a4-groupManagement] INFO  server.RaftServerConfigKeys (ConfUtils.java:logGet(62)) - raft.server.log.segment.size.max = 67108864 (custom)
2025-07-02 18:52:03,782 [fff6918d-693a-4f9d-b154-ded16baf39a4-groupManagement] INFO  server.RaftServerConfigKeys (ConfUtils.java:logGet(62)) - raft.server.log.appender.buffer.byte-limit = 33554432 (custom)
2025-07-02 18:52:03,782 [fff6918d-693a-4f9d-b154-ded16baf39a4-groupManagement] INFO  util.AwaitToRun (AwaitToRun.java:start(81)) - Thread[#1689,fff6918d-693a-4f9d-b154-ded16baf39a4@group-9396B2A0AC6B-cacheEviction-AwaitToRun,5,main] started
2025-07-02 18:52:03,783 [fff6918d-693a-4f9d-b154-ded16baf39a4-groupManagement] INFO  segmented.SegmentedRaftLogWorker (SegmentedRaftLogWorker.java:<init>(190)) - new fff6918d-693a-4f9d-b154-ded16baf39a4@group-9396B2A0AC6B-SegmentedRaftLogWorker for RaftStorageImpl:Storage Directory /home/runner/work/ozone/ozone/hadoop-ozone/integration-test/target/test-dir/MiniOzoneClusterImpl-ff054ab7-6da7-448f-9cae-f629f00b5e08/ozone-meta/datanode-2/ratis/e4f4775a-5ba1-419b-a816-9396b2a0ac6b
2025-07-02 18:52:03,783 [fff6918d-693a-4f9d-b154-ded16baf39a4-groupManagement] INFO  server.RaftServerConfigKeys (ConfUtils.java:logGet(62)) - raft.server.log.queue.byte-limit = 4294967296 (custom)
2025-07-02 18:52:03,783 [fff6918d-693a-4f9d-b154-ded16baf39a4-groupManagement] INFO  server.RaftServerConfigKeys (ConfUtils.java:logGet(62)) - raft.server.log.segment.size.max = 67108864 (custom)
2025-07-02 18:52:03,783 [fff6918d-693a-4f9d-b154-ded16baf39a4-groupManagement] INFO  server.RaftServerConfigKeys (ConfUtils.java:logGet(62)) - raft.server.log.preallocated.size = 4194304 (custom)
2025-07-02 18:52:03,783 [fff6918d-693a-4f9d-b154-ded16baf39a4-groupManagement] INFO  server.RaftServerConfigKeys (ConfUtils.java:logGet(62)) - raft.server.log.write.buffer.size = 33554440 (custom)
2025-07-02 18:52:03,787 [fff6918d-693a-4f9d-b154-ded16baf39a4-groupManagement] INFO  server.RaftServerConfigKeys (ConfUtils.java:logGet(62)) - raft.server.log.appender.buffer.byte-limit = 33554432 (custom)
2025-07-02 18:52:03,788 [fff6918d-693a-4f9d-b154-ded16baf39a4-groupManagement] INFO  segmented.SegmentedRaftLogWorker (SegmentedRaftLogWorker.java:lambda$new$0(141)) - fff6918d-693a-4f9d-b154-ded16baf39a4@group-9396B2A0AC6B-SegmentedRaftLogWorker: flushIndex: setUnconditionally 0 -> -1
2025-07-02 18:52:03,788 [fff6918d-693a-4f9d-b154-ded16baf39a4-groupManagement] INFO  segmented.SegmentedRaftLogWorker (SegmentedRaftLogWorker.java:lambda$new$0(141)) - fff6918d-693a-4f9d-b154-ded16baf39a4@group-9396B2A0AC6B-SegmentedRaftLogWorker: safeCacheEvictIndex: setUnconditionally 0 -> -1
2025-07-02 18:52:03,788 [fff6918d-693a-4f9d-b154-ded16baf39a4-groupManagement] INFO  server.RaftServer$Division (RaftServerImpl.java:start(405)) - fff6918d-693a-4f9d-b154-ded16baf39a4@group-9396B2A0AC6B: start as a follower, conf=conf: {index: -1, cur=peers:[fff6918d-693a-4f9d-b154-ded16baf39a4|127.0.0.1:15059, 97a6755e-86fd-4537-91b3-54c33d4d83bf|127.0.0.1:15067, a1153de0-65c4-400c-ae9f-71c02a590f14|127.0.0.1:15051]|listeners:[], old=null}
2025-07-02 18:52:03,788 [fff6918d-693a-4f9d-b154-ded16baf39a4-groupManagement] INFO  server.RaftServer$Division (RaftServerImpl.java:setRole(392)) - fff6918d-693a-4f9d-b154-ded16baf39a4@group-9396B2A0AC6B: changes role from      null to FOLLOWER at term 0 for startAsFollower
2025-07-02 18:52:03,788 [fff6918d-693a-4f9d-b154-ded16baf39a4-groupManagement] INFO  impl.RoleInfo (RoleInfo.java:updateAndGet(148)) - fff6918d-693a-4f9d-b154-ded16baf39a4: start fff6918d-693a-4f9d-b154-ded16baf39a4@group-9396B2A0AC6B-FollowerState
2025-07-02 18:52:03,789 [fff6918d-693a-4f9d-b154-ded16baf39a4-groupManagement] INFO  util.JmxRegister (JmxRegister.java:tryRegister(44)) - Successfully registered JMX Bean with object name Ratis:service=RaftServer,group=group-9396B2A0AC6B,id=fff6918d-693a-4f9d-b154-ded16baf39a4
2025-07-02 18:52:03,789 [fff6918d-693a-4f9d-b154-ded16baf39a4-groupManagement] INFO  util.JmxRegister (JmxRegister.java:register(58)) - register mxBean class org.apache.ratis.server.impl.RaftServerJmxAdapter as Ratis:service=RaftServer,group=group-9396B2A0AC6B,id=fff6918d-693a-4f9d-b154-ded16baf39a4
2025-07-02 18:52:03,789 [fff6918d-693a-4f9d-b154-ded16baf39a4-groupManagement] INFO  server.RaftServer$Division (RaftServerImpl.java:start(419)) - fff6918d-693a-4f9d-b154-ded16baf39a4@group-9396B2A0AC6B: Successfully started.
2025-07-02 18:52:03,792 [a1153de0-65c4-400c-ae9f-71c02a590f14-PipelineCommandHandlerThread-0] INFO  commandhandler.CreatePipelineCommandHandler (CreatePipelineCommandHandler.java:lambda$handle$2(127)) - Created Pipeline RATIS THREE Pipeline-e4f4775a-5ba1-419b-a816-9396b2a0ac6b.
2025-07-02 18:52:04,132 [fff6918d-693a-4f9d-b154-ded16baf39a4-PipelineCommandHandlerThread-0] INFO  server.RaftServer (RaftServerProxy.java:addNew(105)) - fff6918d-693a-4f9d-b154-ded16baf39a4: addNew group-E1B0436F3D7C:[fff6918d-693a-4f9d-b154-ded16baf39a4|127.0.0.1:15059] returns group-E1B0436F3D7C:java.util.concurrent.CompletableFuture@e2ca5c1[Not completed]
2025-07-02 18:52:04,134 [fff6918d-693a-4f9d-b154-ded16baf39a4-groupManagement] WARN  statemachine.DatanodeConfiguration (DatanodeConfiguration.java:validateMinFreeSpace(751)) - hdds.datanode.volume.min.free.space.percent = -1.0 is invalid, should be between 0 and 1
2025-07-02 18:52:04,134 [fff6918d-693a-4f9d-b154-ded16baf39a4-groupManagement] INFO  server.RaftServer$Division (RaftServerImpl.java:<init>(268)) - fff6918d-693a-4f9d-b154-ded16baf39a4: new RaftServerImpl for group-E1B0436F3D7C:[fff6918d-693a-4f9d-b154-ded16baf39a4|127.0.0.1:15059] with ContainerStateMachine:uninitialized
2025-07-02 18:52:04,134 [fff6918d-693a-4f9d-b154-ded16baf39a4-groupManagement] INFO  server.RaftServer$Division (ServerState.java:<init>(114)) - fff6918d-693a-4f9d-b154-ded16baf39a4@group-E1B0436F3D7C: ConfigurationManager, init=conf: {index: -1, cur=peers:[fff6918d-693a-4f9d-b154-ded16baf39a4|127.0.0.1:15059]|listeners:[], old=null}, confs=<EMPTY_MAP>
2025-07-02 18:52:04,138 [fff6918d-693a-4f9d-b154-ded16baf39a4-groupManagement] INFO  storage.RaftStorageDirectory (RaftStorageDirectoryImpl.java:analyzeStorage(138)) - The storage directory /home/runner/work/ozone/ozone/hadoop-ozone/integration-test/target/test-dir/MiniOzoneClusterImpl-ff054ab7-6da7-448f-9cae-f629f00b5e08/ozone-meta/datanode-2/ratis/b2043f70-fa2b-4dc3-b676-e1b0436f3d7c does not exist. Creating ...
2025-07-02 18:52:04,143 [fff6918d-693a-4f9d-b154-ded16baf39a4-groupManagement] INFO  storage.RaftStorageDirectory (RaftStorageDirectoryImpl.java:tryLock(229)) - Lock on /home/runner/work/ozone/ozone/hadoop-ozone/integration-test/target/test-dir/MiniOzoneClusterImpl-ff054ab7-6da7-448f-9cae-f629f00b5e08/ozone-meta/datanode-2/ratis/b2043f70-fa2b-4dc3-b676-e1b0436f3d7c/in_use.lock acquired by nodename 59972@localhost
2025-07-02 18:52:04,144 [fff6918d-693a-4f9d-b154-ded16baf39a4-groupManagement] INFO  storage.RaftStorage (RaftStorageImpl.java:format(98)) - Storage directory /home/runner/work/ozone/ozone/hadoop-ozone/integration-test/target/test-dir/MiniOzoneClusterImpl-ff054ab7-6da7-448f-9cae-f629f00b5e08/ozone-meta/datanode-2/ratis/b2043f70-fa2b-4dc3-b676-e1b0436f3d7c has been successfully formatted.
2025-07-02 18:52:04,144 [fff6918d-693a-4f9d-b154-ded16baf39a4-groupManagement] INFO  ratis.ContainerStateMachine (ContainerStateMachine.java:initialize(339)) - fff6918d-693a-4f9d-b154-ded16baf39a4: initialize group-E1B0436F3D7C
2025-07-02 18:52:04,145 [fff6918d-693a-4f9d-b154-ded16baf39a4-groupManagement] INFO  ratis.ContainerStateMachine (ContainerStateMachine.java:loadSnapshot(347)) - group-E1B0436F3D7C: The snapshot info is null. Setting the last applied index to:<INITIAL_VALUE>
2025-07-02 18:52:04,145 [fff6918d-693a-4f9d-b154-ded16baf39a4-groupManagement] INFO  server.RaftServerConfigKeys (ConfUtils.java:logGet(62)) - raft.server.log.appender.buffer.byte-limit = 33554432 (custom)
2025-07-02 18:52:04,147 [fff6918d-693a-4f9d-b154-ded16baf39a4-groupManagement] INFO  server.RaftServerConfigKeys (ConfUtils.java:logGet(62)) - raft.server.log.segment.size.max = 67108864 (custom)
2025-07-02 18:52:04,147 [fff6918d-693a-4f9d-b154-ded16baf39a4-groupManagement] INFO  server.RaftServerConfigKeys (ConfUtils.java:logGet(62)) - raft.server.log.appender.buffer.byte-limit = 33554432 (custom)
2025-07-02 18:52:04,147 [scmNode-3-EventQueue-PipelineReportForOneReplicaPipelineSafeModeRule] INFO  safemode.SCMSafeModeManager (SCMSafeModeManager.java:validateSafeModeExitRules(139)) - AtleastOneDatanodeReportedRule rule is successfully validated
2025-07-02 18:52:04,148 [fff6918d-693a-4f9d-b154-ded16baf39a4-groupManagement] INFO  util.AwaitToRun (AwaitToRun.java:start(81)) - Thread[#1697,fff6918d-693a-4f9d-b154-ded16baf39a4@group-E1B0436F3D7C-cacheEviction-AwaitToRun,5,main] started
2025-07-02 18:52:04,148 [fff6918d-693a-4f9d-b154-ded16baf39a4-groupManagement] INFO  segmented.SegmentedRaftLogWorker (SegmentedRaftLogWorker.java:<init>(190)) - new fff6918d-693a-4f9d-b154-ded16baf39a4@group-E1B0436F3D7C-SegmentedRaftLogWorker for RaftStorageImpl:Storage Directory /home/runner/work/ozone/ozone/hadoop-ozone/integration-test/target/test-dir/MiniOzoneClusterImpl-ff054ab7-6da7-448f-9cae-f629f00b5e08/ozone-meta/datanode-2/ratis/b2043f70-fa2b-4dc3-b676-e1b0436f3d7c
2025-07-02 18:52:04,148 [fff6918d-693a-4f9d-b154-ded16baf39a4-groupManagement] INFO  server.RaftServerConfigKeys (ConfUtils.java:logGet(62)) - raft.server.log.queue.byte-limit = 4294967296 (custom)
2025-07-02 18:52:04,148 [fff6918d-693a-4f9d-b154-ded16baf39a4-groupManagement] INFO  server.RaftServerConfigKeys (ConfUtils.java:logGet(62)) - raft.server.log.segment.size.max = 67108864 (custom)
2025-07-02 18:52:04,148 [fff6918d-693a-4f9d-b154-ded16baf39a4-groupManagement] INFO  server.RaftServerConfigKeys (ConfUtils.java:logGet(62)) - raft.server.log.preallocated.size = 4194304 (custom)
2025-07-02 18:52:04,149 [scmNode-2-EventQueue-PipelineReportForOneReplicaPipelineSafeModeRule] INFO  safemode.SCMSafeModeManager (SCMSafeModeManager.java:validateSafeModeExitRules(139)) - AtleastOneDatanodeReportedRule rule is successfully validated
2025-07-02 18:52:04,149 [scmNode-1-EventQueue-PipelineReportForOneReplicaPipelineSafeModeRule] INFO  safemode.SCMSafeModeManager (SCMSafeModeManager.java:validateSafeModeExitRules(139)) - AtleastOneDatanodeReportedRule rule is successfully validated
2025-07-02 18:52:04,149 [fff6918d-693a-4f9d-b154-ded16baf39a4-groupManagement] INFO  server.RaftServerConfigKeys (ConfUtils.java:logGet(62)) - raft.server.log.write.buffer.size = 33554440 (custom)
2025-07-02 18:52:04,154 [4680a024-3a59-4e75-8ac7-1755b08d3543@group-F629F00B5E08-StateMachineUpdater] INFO  safemode.SCMSafeModeManager (SCMSafeModeManager.java:validateSafeModeExitRules(139)) - DataNodeSafeModeRule rule is successfully validated
2025-07-02 18:52:04,154 [4680a024-3a59-4e75-8ac7-1755b08d3543@group-F629F00B5E08-StateMachineUpdater] INFO  safemode.SCMSafeModeManager (SCMSafeModeManager.java:validateSafeModeExitRules(139)) - RatisContainerSafeModeRule rule is successfully validated
2025-07-02 18:52:04,154 [4680a024-3a59-4e75-8ac7-1755b08d3543@group-F629F00B5E08-StateMachineUpdater] INFO  safemode.HealthyPipelineSafeModeRule (HealthyPipelineSafeModeRule.java:initializeRule(228)) - Refreshed total pipeline count is 0, healthy pipeline threshold count is 1
2025-07-02 18:52:04,154 [4680a024-3a59-4e75-8ac7-1755b08d3543@group-F629F00B5E08-StateMachineUpdater] INFO  safemode.SCMSafeModeManager (SCMSafeModeManager.java:validateSafeModeExitRules(139)) - ECContainerSafeModeRule rule is successfully validated
2025-07-02 18:52:04,154 [4680a024-3a59-4e75-8ac7-1755b08d3543@group-F629F00B5E08-StateMachineUpdater] INFO  safemode.SCMSafeModeManager (SCMSafeModeManager.java:validateSafeModeExitRules(139)) - AtleastOneDatanodeReportedRule rule is successfully validated
2025-07-02 18:52:04,156 [fff6918d-693a-4f9d-b154-ded16baf39a4-groupManagement] INFO  server.RaftServerConfigKeys (ConfUtils.java:logGet(62)) - raft.server.log.appender.buffer.byte-limit = 33554432 (custom)
2025-07-02 18:52:04,156 [fff6918d-693a-4f9d-b154-ded16baf39a4-groupManagement] INFO  segmented.SegmentedRaftLogWorker (SegmentedRaftLogWorker.java:lambda$new$0(141)) - fff6918d-693a-4f9d-b154-ded16baf39a4@group-E1B0436F3D7C-SegmentedRaftLogWorker: flushIndex: setUnconditionally 0 -> -1
2025-07-02 18:52:04,156 [fff6918d-693a-4f9d-b154-ded16baf39a4-groupManagement] INFO  segmented.SegmentedRaftLogWorker (SegmentedRaftLogWorker.java:lambda$new$0(141)) - fff6918d-693a-4f9d-b154-ded16baf39a4@group-E1B0436F3D7C-SegmentedRaftLogWorker: safeCacheEvictIndex: setUnconditionally 0 -> -1
2025-07-02 18:52:04,157 [ca181966-e7f6-4c77-8344-65416d18d1f8@group-F629F00B5E08-StateMachineUpdater] INFO  safemode.SCMSafeModeManager (SCMSafeModeManager.java:validateSafeModeExitRules(139)) - DataNodeSafeModeRule rule is successfully validated
2025-07-02 18:52:04,157 [ca181966-e7f6-4c77-8344-65416d18d1f8@group-F629F00B5E08-StateMachineUpdater] INFO  safemode.SCMSafeModeManager (SCMSafeModeManager.java:validateSafeModeExitRules(139)) - RatisContainerSafeModeRule rule is successfully validated
2025-07-02 18:52:04,157 [ca181966-e7f6-4c77-8344-65416d18d1f8@group-F629F00B5E08-StateMachineUpdater] INFO  safemode.HealthyPipelineSafeModeRule (HealthyPipelineSafeModeRule.java:initializeRule(228)) - Refreshed total pipeline count is 0, healthy pipeline threshold count is 1
2025-07-02 18:52:04,157 [ca181966-e7f6-4c77-8344-65416d18d1f8@group-F629F00B5E08-StateMachineUpdater] INFO  safemode.SCMSafeModeManager (SCMSafeModeManager.java:validateSafeModeExitRules(139)) - ECContainerSafeModeRule rule is successfully validated
2025-07-02 18:52:04,157 [ca181966-e7f6-4c77-8344-65416d18d1f8@group-F629F00B5E08-StateMachineUpdater] INFO  safemode.SCMSafeModeManager (SCMSafeModeManager.java:validateSafeModeExitRules(139)) - AtleastOneDatanodeReportedRule rule is successfully validated
2025-07-02 18:52:04,158 [fff6918d-693a-4f9d-b154-ded16baf39a4-groupManagement] INFO  server.RaftServer$Division (RaftServerImpl.java:start(405)) - fff6918d-693a-4f9d-b154-ded16baf39a4@group-E1B0436F3D7C: start as a follower, conf=conf: {index: -1, cur=peers:[fff6918d-693a-4f9d-b154-ded16baf39a4|127.0.0.1:15059]|listeners:[], old=null}
2025-07-02 18:52:04,158 [fff6918d-693a-4f9d-b154-ded16baf39a4-groupManagement] INFO  server.RaftServer$Division (RaftServerImpl.java:setRole(392)) - fff6918d-693a-4f9d-b154-ded16baf39a4@group-E1B0436F3D7C: changes role from      null to FOLLOWER at term 0 for startAsFollower
2025-07-02 18:52:04,158 [fff6918d-693a-4f9d-b154-ded16baf39a4-groupManagement] INFO  impl.RoleInfo (RoleInfo.java:updateAndGet(148)) - fff6918d-693a-4f9d-b154-ded16baf39a4: start fff6918d-693a-4f9d-b154-ded16baf39a4@group-E1B0436F3D7C-FollowerState
2025-07-02 18:52:04,158 [0570d27e-7557-449b-949c-3e7f7fc57b05@group-F629F00B5E08-StateMachineUpdater] INFO  safemode.SCMSafeModeManager (SCMSafeModeManager.java:validateSafeModeExitRules(139)) - DataNodeSafeModeRule rule is successfully validated
2025-07-02 18:52:04,158 [0570d27e-7557-449b-949c-3e7f7fc57b05@group-F629F00B5E08-StateMachineUpdater] INFO  safemode.SCMSafeModeManager (SCMSafeModeManager.java:validateSafeModeExitRules(139)) - RatisContainerSafeModeRule rule is successfully validated
2025-07-02 18:52:04,158 [0570d27e-7557-449b-949c-3e7f7fc57b05@group-F629F00B5E08-StateMachineUpdater] INFO  safemode.HealthyPipelineSafeModeRule (HealthyPipelineSafeModeRule.java:initializeRule(228)) - Refreshed total pipeline count is 0, healthy pipeline threshold count is 1
2025-07-02 18:52:04,158 [0570d27e-7557-449b-949c-3e7f7fc57b05@group-F629F00B5E08-StateMachineUpdater] INFO  safemode.SCMSafeModeManager (SCMSafeModeManager.java:validateSafeModeExitRules(139)) - ECContainerSafeModeRule rule is successfully validated
2025-07-02 18:52:04,158 [0570d27e-7557-449b-949c-3e7f7fc57b05@group-F629F00B5E08-StateMachineUpdater] INFO  safemode.SCMSafeModeManager (SCMSafeModeManager.java:validateSafeModeExitRules(139)) - AtleastOneDatanodeReportedRule rule is successfully validated
2025-07-02 18:52:04,159 [scmNode-1-EventQueue-PipelineReportForPipelineReportHandler] INFO  pipeline.PipelineReportHandler (PipelineReportHandler.java:processPipelineReport(134)) - Opened pipeline Pipeline-b2043f70-fa2b-4dc3-b676-e1b0436f3d7c
2025-07-02 18:52:04,159 [fff6918d-693a-4f9d-b154-ded16baf39a4-groupManagement] INFO  util.JmxRegister (JmxRegister.java:tryRegister(44)) - Successfully registered JMX Bean with object name Ratis:service=RaftServer,group=group-E1B0436F3D7C,id=fff6918d-693a-4f9d-b154-ded16baf39a4
2025-07-02 18:52:04,159 [fff6918d-693a-4f9d-b154-ded16baf39a4-groupManagement] INFO  util.JmxRegister (JmxRegister.java:register(58)) - register mxBean class org.apache.ratis.server.impl.RaftServerJmxAdapter as Ratis:service=RaftServer,group=group-E1B0436F3D7C,id=fff6918d-693a-4f9d-b154-ded16baf39a4
2025-07-02 18:52:04,161 [fff6918d-693a-4f9d-b154-ded16baf39a4-groupManagement] INFO  server.RaftServer$Division (RaftServerImpl.java:start(419)) - fff6918d-693a-4f9d-b154-ded16baf39a4@group-E1B0436F3D7C: Successfully started.
2025-07-02 18:52:04,161 [fff6918d-693a-4f9d-b154-ded16baf39a4-PipelineCommandHandlerThread-0] INFO  ratis.XceiverServerRatis (XceiverServerRatis.java:addGroup(843)) - Created group Pipeline-b2043f70-fa2b-4dc3-b676-e1b0436f3d7c
2025-07-02 18:52:04,161 [fff6918d-693a-4f9d-b154-ded16baf39a4-PipelineCommandHandlerThread-0] INFO  commandhandler.CreatePipelineCommandHandler (CreatePipelineCommandHandler.java:lambda$handle$2(127)) - Created Pipeline RATIS ONE Pipeline-b2043f70-fa2b-4dc3-b676-e1b0436f3d7c.
2025-07-02 18:52:04,314 [main] INFO  ozone.MiniOzoneClusterImpl (MiniOzoneClusterImpl.java:lambda$waitForClusterToBeReady$0(173)) - Nodes are ready. Got 3 of 3 DN Heartbeats.
2025-07-02 18:52:04,314 [main] INFO  ozone.MiniOzoneClusterImpl (MiniOzoneClusterImpl.java:lambda$waitForClusterToBeReady$0(176)) - Waiting for cluster to exit safe mode
2025-07-02 18:52:04,314 [main] INFO  ozone.MiniOzoneClusterImpl (MiniOzoneClusterImpl.java:lambda$waitForClusterToBeReady$0(178)) - SCM became leader
2025-07-02 18:52:04,605 [a1153de0-65c4-400c-ae9f-71c02a590f14@group-5724E89EFFBF-FollowerState] INFO  impl.FollowerState (FollowerState.java:runImpl(161)) - a1153de0-65c4-400c-ae9f-71c02a590f14@group-5724E89EFFBF-FollowerState: change to CANDIDATE, lastRpcElapsedTime:1007813507ns, electionTimeout:1006ms
2025-07-02 18:52:04,605 [a1153de0-65c4-400c-ae9f-71c02a590f14@group-5724E89EFFBF-FollowerState] INFO  impl.RoleInfo (RoleInfo.java:shutdownFollowerState(121)) - a1153de0-65c4-400c-ae9f-71c02a590f14: shutdown a1153de0-65c4-400c-ae9f-71c02a590f14@group-5724E89EFFBF-FollowerState
2025-07-02 18:52:04,606 [a1153de0-65c4-400c-ae9f-71c02a590f14@group-5724E89EFFBF-FollowerState] INFO  server.RaftServer$Division (RaftServerImpl.java:setRole(392)) - a1153de0-65c4-400c-ae9f-71c02a590f14@group-5724E89EFFBF: changes role from  FOLLOWER to CANDIDATE at term 0 for changeToCandidate
2025-07-02 18:52:04,606 [a1153de0-65c4-400c-ae9f-71c02a590f14@group-5724E89EFFBF-FollowerState] INFO  impl.RoleInfo (RoleInfo.java:updateAndGet(148)) - a1153de0-65c4-400c-ae9f-71c02a590f14: start a1153de0-65c4-400c-ae9f-71c02a590f14@group-5724E89EFFBF-LeaderElection4
2025-07-02 18:52:04,606 [a1153de0-65c4-400c-ae9f-71c02a590f14@group-5724E89EFFBF-LeaderElection4] INFO  impl.LeaderElection (LeaderElection.java:askForVotes(448)) - a1153de0-65c4-400c-ae9f-71c02a590f14@group-5724E89EFFBF-LeaderElection4 PRE_VOTE round 0: submit vote requests at term 0 for conf: {index: -1, cur=peers:[a1153de0-65c4-400c-ae9f-71c02a590f14|127.0.0.1:15051]|listeners:[], old=null}
2025-07-02 18:52:04,606 [a1153de0-65c4-400c-ae9f-71c02a590f14@group-5724E89EFFBF-LeaderElection4] INFO  impl.LeaderElection (LeaderElection.java:askForVotes(450)) - a1153de0-65c4-400c-ae9f-71c02a590f14@group-5724E89EFFBF-LeaderElection4 PRE_VOTE round 0: result PASSED (term=0)
2025-07-02 18:52:04,607 [a1153de0-65c4-400c-ae9f-71c02a590f14@group-5724E89EFFBF-LeaderElection4] INFO  impl.LeaderElection (LeaderElection.java:askForVotes(448)) - a1153de0-65c4-400c-ae9f-71c02a590f14@group-5724E89EFFBF-LeaderElection4 ELECTION round 0: submit vote requests at term 1 for conf: {index: -1, cur=peers:[a1153de0-65c4-400c-ae9f-71c02a590f14|127.0.0.1:15051]|listeners:[], old=null}
2025-07-02 18:52:04,608 [a1153de0-65c4-400c-ae9f-71c02a590f14@group-5724E89EFFBF-LeaderElection4] INFO  impl.LeaderElection (LeaderElection.java:askForVotes(450)) - a1153de0-65c4-400c-ae9f-71c02a590f14@group-5724E89EFFBF-LeaderElection4 ELECTION round 0: result PASSED (term=1)
2025-07-02 18:52:04,608 [a1153de0-65c4-400c-ae9f-71c02a590f14@group-5724E89EFFBF-LeaderElection4] INFO  impl.RoleInfo (RoleInfo.java:shutdownLeaderElection(141)) - a1153de0-65c4-400c-ae9f-71c02a590f14: shutdown a1153de0-65c4-400c-ae9f-71c02a590f14@group-5724E89EFFBF-LeaderElection4
2025-07-02 18:52:04,608 [a1153de0-65c4-400c-ae9f-71c02a590f14@group-5724E89EFFBF-LeaderElection4] INFO  server.RaftServer$Division (RaftServerImpl.java:setRole(392)) - a1153de0-65c4-400c-ae9f-71c02a590f14@group-5724E89EFFBF: changes role from CANDIDATE to LEADER at term 1 for changeToLeader
2025-07-02 18:52:04,608 [a1153de0-65c4-400c-ae9f-71c02a590f14@group-5724E89EFFBF-LeaderElection4] INFO  server.RaftServerConfigKeys (ConfUtils.java:logFallback(69)) - raft.server.staging.timeout = 15600ms (fallback to raft.server.rpc.timeout.max)
2025-07-02 18:52:04,608 [a1153de0-65c4-400c-ae9f-71c02a590f14@group-5724E89EFFBF-LeaderElection4] INFO  server.RaftServerConfigKeys (ConfUtils.java:logGet(62)) - raft.server.write.element-limit = 1024 (custom)
2025-07-02 18:52:04,608 [a1153de0-65c4-400c-ae9f-71c02a590f14@group-5724E89EFFBF-LeaderElection4] INFO  server.RaftServerConfigKeys (ConfUtils.java:logGet(62)) - raft.server.write.byte-limit = 1024 M (=1073741824) (custom)
2025-07-02 18:52:04,609 [a1153de0-65c4-400c-ae9f-71c02a590f14@group-5724E89EFFBF-LeaderElection4] INFO  server.RaftServerConfigKeys (ConfUtils.java:logGet(62)) - raft.server.watch.timeout = 30s (custom)
2025-07-02 18:52:04,609 [a1153de0-65c4-400c-ae9f-71c02a590f14@group-5724E89EFFBF-LeaderElection4] INFO  server.RaftServerConfigKeys (ConfUtils.java:logGet(62)) - raft.server.log.log-metadata.enabled = true (default)
2025-07-02 18:52:04,610 [a1153de0-65c4-400c-ae9f-71c02a590f14@group-5724E89EFFBF-LeaderElection4] INFO  impl.RoleInfo (RoleInfo.java:updateAndGet(148)) - a1153de0-65c4-400c-ae9f-71c02a590f14: start a1153de0-65c4-400c-ae9f-71c02a590f14@group-5724E89EFFBF-LeaderStateImpl
2025-07-02 18:52:04,610 [a1153de0-65c4-400c-ae9f-71c02a590f14@group-5724E89EFFBF-LeaderElection4] INFO  server.RaftServer$Division (RaftServerImpl.java:setFirstElection(576)) - a1153de0-65c4-400c-ae9f-71c02a590f14@group-5724E89EFFBF: set firstElectionSinceStartup to false for becomeLeader
2025-07-02 18:52:04,610 [a1153de0-65c4-400c-ae9f-71c02a590f14@group-5724E89EFFBF-LeaderElection4] INFO  ratis.XceiverServerRatis (XceiverServerRatis.java:handleLeaderChangedNotification(944)) - Leader change notification received for group: group-5724E89EFFBF with new leaderId: a1153de0-65c4-400c-ae9f-71c02a590f14
2025-07-02 18:52:04,610 [a1153de0-65c4-400c-ae9f-71c02a590f14@group-5724E89EFFBF-LeaderElection4] INFO  server.RaftServer$Division (ServerState.java:setLeader(272)) - a1153de0-65c4-400c-ae9f-71c02a590f14@group-5724E89EFFBF: change Leader from null to a1153de0-65c4-400c-ae9f-71c02a590f14 at term 1 for becomeLeader, leader elected after 1032ms
2025-07-02 18:52:04,611 [a1153de0-65c4-400c-ae9f-71c02a590f14@group-5724E89EFFBF-LeaderElection4] INFO  segmented.SegmentedRaftLogWorker (SegmentedRaftLogWorker.java:startLogSegment(440)) - a1153de0-65c4-400c-ae9f-71c02a590f14@group-5724E89EFFBF-SegmentedRaftLogWorker: Starting segment from index:0
2025-07-02 18:52:04,611 [a1153de0-65c4-400c-ae9f-71c02a590f14@group-5724E89EFFBF-LeaderElection4] INFO  server.RaftServer$Division (ServerState.java:setRaftConf(386)) - a1153de0-65c4-400c-ae9f-71c02a590f14@group-5724E89EFFBF: set configuration conf: {index: 0, cur=peers:[a1153de0-65c4-400c-ae9f-71c02a590f14|127.0.0.1:15051]|listeners:[], old=null}
2025-07-02 18:52:04,612 [a1153de0-65c4-400c-ae9f-71c02a590f14@group-5724E89EFFBF-SegmentedRaftLogWorker] INFO  segmented.BufferedWriteChannel (BufferedWriteChannel.java:open(61)) - open log_inprogress_0 at position 0
2025-07-02 18:52:04,614 [scmNode-1-EventQueue-PipelineReportForOneReplicaPipelineSafeModeRule] INFO  safemode.SCMSafeModeManager (SCMSafeModeManager.java:validateSafeModeExitRules(139)) - AtleastOneDatanodeReportedRule rule is successfully validated
2025-07-02 18:52:04,615 [scmNode-2-EventQueue-PipelineReportForOneReplicaPipelineSafeModeRule] INFO  safemode.SCMSafeModeManager (SCMSafeModeManager.java:validateSafeModeExitRules(139)) - AtleastOneDatanodeReportedRule rule is successfully validated
2025-07-02 18:52:04,616 [scmNode-3-EventQueue-PipelineReportForOneReplicaPipelineSafeModeRule] INFO  safemode.SCMSafeModeManager (SCMSafeModeManager.java:validateSafeModeExitRules(139)) - AtleastOneDatanodeReportedRule rule is successfully validated
2025-07-02 18:52:04,622 [a1153de0-65c4-400c-ae9f-71c02a590f14@group-5724E89EFFBF-SegmentedRaftLogWorker] INFO  segmented.SegmentedRaftLogWorker (SegmentedRaftLogWorker.java:execute(647)) - a1153de0-65c4-400c-ae9f-71c02a590f14@group-5724E89EFFBF-SegmentedRaftLogWorker: created new log segment /home/runner/work/ozone/ozone/hadoop-ozone/integration-test/target/test-dir/MiniOzoneClusterImpl-ff054ab7-6da7-448f-9cae-f629f00b5e08/ozone-meta/datanode-1/ratis/c63f340d-ce95-4f57-bce0-5724e89effbf/current/log_inprogress_0
2025-07-02 18:52:04,628 [a1153de0-65c4-400c-ae9f-71c02a590f14@group-5724E89EFFBF-StateMachineUpdater] INFO  server.RaftServer$Division (LeaderStateImpl.java:checkStartIndex(309)) - Leader a1153de0-65c4-400c-ae9f-71c02a590f14@group-5724E89EFFBF-LeaderStateImpl is ready since appliedIndex == startIndex == 0
2025-07-02 18:52:04,723 [a1153de0-65c4-400c-ae9f-71c02a590f14@group-29F9E4C8BD46-FollowerState] INFO  impl.FollowerState (FollowerState.java:runImpl(161)) - a1153de0-65c4-400c-ae9f-71c02a590f14@group-29F9E4C8BD46-FollowerState: change to CANDIDATE, lastRpcElapsedTime:1096343150ns, electionTimeout:1096ms
2025-07-02 18:52:04,723 [a1153de0-65c4-400c-ae9f-71c02a590f14@group-29F9E4C8BD46-FollowerState] INFO  impl.RoleInfo (RoleInfo.java:shutdownFollowerState(121)) - a1153de0-65c4-400c-ae9f-71c02a590f14: shutdown a1153de0-65c4-400c-ae9f-71c02a590f14@group-29F9E4C8BD46-FollowerState
2025-07-02 18:52:04,723 [a1153de0-65c4-400c-ae9f-71c02a590f14@group-29F9E4C8BD46-FollowerState] INFO  server.RaftServer$Division (RaftServerImpl.java:setRole(392)) - a1153de0-65c4-400c-ae9f-71c02a590f14@group-29F9E4C8BD46: changes role from  FOLLOWER to CANDIDATE at term 0 for changeToCandidate
2025-07-02 18:52:04,723 [a1153de0-65c4-400c-ae9f-71c02a590f14@group-29F9E4C8BD46-FollowerState] INFO  impl.RoleInfo (RoleInfo.java:updateAndGet(148)) - a1153de0-65c4-400c-ae9f-71c02a590f14: start a1153de0-65c4-400c-ae9f-71c02a590f14@group-29F9E4C8BD46-LeaderElection5
2025-07-02 18:52:04,724 [a1153de0-65c4-400c-ae9f-71c02a590f14@group-29F9E4C8BD46-LeaderElection5] INFO  impl.LeaderElection (LeaderElection.java:askForVotes(448)) - a1153de0-65c4-400c-ae9f-71c02a590f14@group-29F9E4C8BD46-LeaderElection5 PRE_VOTE round 0: submit vote requests at term 0 for conf: {index: -1, cur=peers:[fff6918d-693a-4f9d-b154-ded16baf39a4|127.0.0.1:15059, 97a6755e-86fd-4537-91b3-54c33d4d83bf|127.0.0.1:15067, a1153de0-65c4-400c-ae9f-71c02a590f14|127.0.0.1:15051]|listeners:[], old=null}
2025-07-02 18:52:04,726 [a1153de0-65c4-400c-ae9f-71c02a590f14@group-29F9E4C8BD46-LeaderElection5-1] INFO  server.GrpcServerProtocolClient (GrpcServerProtocolClient.java:<init>(65)) - Build channel for fff6918d-693a-4f9d-b154-ded16baf39a4|127.0.0.1:15059
2025-07-02 18:52:04,727 [a1153de0-65c4-400c-ae9f-71c02a590f14@group-29F9E4C8BD46-LeaderElection5-2] INFO  server.GrpcServerProtocolClient (GrpcServerProtocolClient.java:<init>(65)) - Build channel for 97a6755e-86fd-4537-91b3-54c33d4d83bf|127.0.0.1:15067
2025-07-02 18:52:04,732 [grpc-default-executor-3] INFO  server.RaftServer$Division (RaftServerImpl.java:requestVote(1421)) - fff6918d-693a-4f9d-b154-ded16baf39a4@group-29F9E4C8BD46: receive requestVote(PRE_VOTE, a1153de0-65c4-400c-ae9f-71c02a590f14, group-29F9E4C8BD46, 0, <PROTO_DEFAULT>)
2025-07-02 18:52:04,732 [grpc-default-executor-1] INFO  server.RaftServer$Division (RaftServerImpl.java:requestVote(1421)) - 97a6755e-86fd-4537-91b3-54c33d4d83bf@group-29F9E4C8BD46: receive requestVote(PRE_VOTE, a1153de0-65c4-400c-ae9f-71c02a590f14, group-29F9E4C8BD46, 0, <PROTO_DEFAULT>)
2025-07-02 18:52:04,733 [grpc-default-executor-1] INFO  impl.VoteContext (VoteContext.java:log(49)) - 97a6755e-86fd-4537-91b3-54c33d4d83bf@group-29F9E4C8BD46-FOLLOWER: reject PRE_VOTE from a1153de0-65c4-400c-ae9f-71c02a590f14: our priority 1 > candidate's priority 0
2025-07-02 18:52:04,733 [grpc-default-executor-3] INFO  impl.VoteContext (VoteContext.java:log(49)) - fff6918d-693a-4f9d-b154-ded16baf39a4@group-29F9E4C8BD46-FOLLOWER: accept PRE_VOTE from a1153de0-65c4-400c-ae9f-71c02a590f14: our priority 0 <= candidate's priority 0
2025-07-02 18:52:04,735 [grpc-default-executor-1] INFO  server.RaftServer$Division (RaftServerImpl.java:requestVote(1455)) - 97a6755e-86fd-4537-91b3-54c33d4d83bf@group-29F9E4C8BD46 replies to PRE_VOTE vote request: a1153de0-65c4-400c-ae9f-71c02a590f14<-97a6755e-86fd-4537-91b3-54c33d4d83bf#0:FAIL-t0-last:<INITIAL_VALUE>. Peer's state: 97a6755e-86fd-4537-91b3-54c33d4d83bf@group-29F9E4C8BD46:t0, leader=null, voted=, raftlog=Memoized:97a6755e-86fd-4537-91b3-54c33d4d83bf@group-29F9E4C8BD46-SegmentedRaftLog:OPENED:c-1:lastnull, conf=conf: {index: -1, cur=peers:[fff6918d-693a-4f9d-b154-ded16baf39a4|127.0.0.1:15059, 97a6755e-86fd-4537-91b3-54c33d4d83bf|127.0.0.1:15067, a1153de0-65c4-400c-ae9f-71c02a590f14|127.0.0.1:15051]|listeners:[], old=null}
2025-07-02 18:52:04,735 [grpc-default-executor-3] INFO  server.RaftServer$Division (RaftServerImpl.java:requestVote(1455)) - fff6918d-693a-4f9d-b154-ded16baf39a4@group-29F9E4C8BD46 replies to PRE_VOTE vote request: a1153de0-65c4-400c-ae9f-71c02a590f14<-fff6918d-693a-4f9d-b154-ded16baf39a4#0:OK-t0-last:<INITIAL_VALUE>. Peer's state: fff6918d-693a-4f9d-b154-ded16baf39a4@group-29F9E4C8BD46:t0, leader=null, voted=, raftlog=Memoized:fff6918d-693a-4f9d-b154-ded16baf39a4@group-29F9E4C8BD46-SegmentedRaftLog:OPENED:c-1:lastnull, conf=conf: {index: -1, cur=peers:[fff6918d-693a-4f9d-b154-ded16baf39a4|127.0.0.1:15059, 97a6755e-86fd-4537-91b3-54c33d4d83bf|127.0.0.1:15067, a1153de0-65c4-400c-ae9f-71c02a590f14|127.0.0.1:15051]|listeners:[], old=null}
2025-07-02 18:52:04,736 [a1153de0-65c4-400c-ae9f-71c02a590f14@group-29F9E4C8BD46-LeaderElection5] INFO  impl.LeaderElection (LeaderElection.java:logAndReturn(206)) - a1153de0-65c4-400c-ae9f-71c02a590f14@group-29F9E4C8BD46-LeaderElection5: PRE_VOTE REJECTED received 1 response(s) and 0 exception(s):
2025-07-02 18:52:04,736 [a1153de0-65c4-400c-ae9f-71c02a590f14@group-29F9E4C8BD46-LeaderElection5] INFO  impl.LeaderElection (LeaderElection.java:logAndReturn(210)) -   Response 0: a1153de0-65c4-400c-ae9f-71c02a590f14<-97a6755e-86fd-4537-91b3-54c33d4d83bf#0:FAIL-t0-last:<INITIAL_VALUE>
2025-07-02 18:52:04,737 [a1153de0-65c4-400c-ae9f-71c02a590f14@group-29F9E4C8BD46-LeaderElection5] INFO  impl.LeaderElection (LeaderElection.java:askForVotes(450)) - a1153de0-65c4-400c-ae9f-71c02a590f14@group-29F9E4C8BD46-LeaderElection5 PRE_VOTE round 0: result REJECTED
2025-07-02 18:52:04,737 [a1153de0-65c4-400c-ae9f-71c02a590f14@group-29F9E4C8BD46-LeaderElection5] INFO  server.RaftServer$Division (RaftServerImpl.java:setRole(392)) - a1153de0-65c4-400c-ae9f-71c02a590f14@group-29F9E4C8BD46: changes role from CANDIDATE to FOLLOWER at term 0 for REJECTED
2025-07-02 18:52:04,737 [a1153de0-65c4-400c-ae9f-71c02a590f14@group-29F9E4C8BD46-LeaderElection5] INFO  impl.RoleInfo (RoleInfo.java:shutdownLeaderElection(141)) - a1153de0-65c4-400c-ae9f-71c02a590f14: shutdown a1153de0-65c4-400c-ae9f-71c02a590f14@group-29F9E4C8BD46-LeaderElection5
2025-07-02 18:52:04,737 [a1153de0-65c4-400c-ae9f-71c02a590f14@group-29F9E4C8BD46-LeaderElection5] INFO  impl.RoleInfo (RoleInfo.java:updateAndGet(148)) - a1153de0-65c4-400c-ae9f-71c02a590f14: start a1153de0-65c4-400c-ae9f-71c02a590f14@group-29F9E4C8BD46-FollowerState
2025-07-02 18:52:04,738 [a1153de0-65c4-400c-ae9f-71c02a590f14@group-29F9E4C8BD46-LeaderElection5] INFO  server.RaftServer$Division (RaftServerImpl.java:setFirstElection(576)) - a1153de0-65c4-400c-ae9f-71c02a590f14@group-29F9E4C8BD46: set firstElectionSinceStartup to false for REJECTED
2025-07-02 18:52:04,797 [97a6755e-86fd-4537-91b3-54c33d4d83bf@group-29F9E4C8BD46-FollowerState] INFO  impl.FollowerState (FollowerState.java:runImpl(161)) - 97a6755e-86fd-4537-91b3-54c33d4d83bf@group-29F9E4C8BD46-FollowerState: change to CANDIDATE, lastRpcElapsedTime:1127484399ns, electionTimeout:1127ms
2025-07-02 18:52:04,798 [97a6755e-86fd-4537-91b3-54c33d4d83bf@group-29F9E4C8BD46-FollowerState] INFO  impl.RoleInfo (RoleInfo.java:shutdownFollowerState(121)) - 97a6755e-86fd-4537-91b3-54c33d4d83bf: shutdown 97a6755e-86fd-4537-91b3-54c33d4d83bf@group-29F9E4C8BD46-FollowerState
2025-07-02 18:52:04,798 [97a6755e-86fd-4537-91b3-54c33d4d83bf@group-29F9E4C8BD46-FollowerState] INFO  server.RaftServer$Division (RaftServerImpl.java:setRole(392)) - 97a6755e-86fd-4537-91b3-54c33d4d83bf@group-29F9E4C8BD46: changes role from  FOLLOWER to CANDIDATE at term 0 for changeToCandidate
2025-07-02 18:52:04,798 [97a6755e-86fd-4537-91b3-54c33d4d83bf@group-29F9E4C8BD46-FollowerState] INFO  impl.RoleInfo (RoleInfo.java:updateAndGet(148)) - 97a6755e-86fd-4537-91b3-54c33d4d83bf: start 97a6755e-86fd-4537-91b3-54c33d4d83bf@group-29F9E4C8BD46-LeaderElection6
2025-07-02 18:52:04,798 [97a6755e-86fd-4537-91b3-54c33d4d83bf@group-29F9E4C8BD46-LeaderElection6] INFO  impl.LeaderElection (LeaderElection.java:askForVotes(448)) - 97a6755e-86fd-4537-91b3-54c33d4d83bf@group-29F9E4C8BD46-LeaderElection6 PRE_VOTE round 0: submit vote requests at term 0 for conf: {index: -1, cur=peers:[fff6918d-693a-4f9d-b154-ded16baf39a4|127.0.0.1:15059, 97a6755e-86fd-4537-91b3-54c33d4d83bf|127.0.0.1:15067, a1153de0-65c4-400c-ae9f-71c02a590f14|127.0.0.1:15051]|listeners:[], old=null}
2025-07-02 18:52:04,799 [97a6755e-86fd-4537-91b3-54c33d4d83bf@group-29F9E4C8BD46-LeaderElection6-1] INFO  server.GrpcServerProtocolClient (GrpcServerProtocolClient.java:<init>(65)) - Build channel for fff6918d-693a-4f9d-b154-ded16baf39a4|127.0.0.1:15059
2025-07-02 18:52:04,799 [97a6755e-86fd-4537-91b3-54c33d4d83bf@group-29F9E4C8BD46-LeaderElection6-2] INFO  server.GrpcServerProtocolClient (GrpcServerProtocolClient.java:<init>(65)) - Build channel for a1153de0-65c4-400c-ae9f-71c02a590f14|127.0.0.1:15051
2025-07-02 18:52:04,803 [grpc-default-executor-3] INFO  server.RaftServer$Division (RaftServerImpl.java:requestVote(1421)) - fff6918d-693a-4f9d-b154-ded16baf39a4@group-29F9E4C8BD46: receive requestVote(PRE_VOTE, 97a6755e-86fd-4537-91b3-54c33d4d83bf, group-29F9E4C8BD46, 0, <PROTO_DEFAULT>)
2025-07-02 18:52:04,804 [grpc-default-executor-3] INFO  impl.VoteContext (VoteContext.java:log(49)) - fff6918d-693a-4f9d-b154-ded16baf39a4@group-29F9E4C8BD46-FOLLOWER: accept PRE_VOTE from 97a6755e-86fd-4537-91b3-54c33d4d83bf: our priority 0 <= candidate's priority 1
2025-07-02 18:52:04,804 [grpc-default-executor-3] INFO  server.RaftServer$Division (RaftServerImpl.java:requestVote(1455)) - fff6918d-693a-4f9d-b154-ded16baf39a4@group-29F9E4C8BD46 replies to PRE_VOTE vote request: 97a6755e-86fd-4537-91b3-54c33d4d83bf<-fff6918d-693a-4f9d-b154-ded16baf39a4#0:OK-t0-last:<INITIAL_VALUE>. Peer's state: fff6918d-693a-4f9d-b154-ded16baf39a4@group-29F9E4C8BD46:t0, leader=null, voted=, raftlog=Memoized:fff6918d-693a-4f9d-b154-ded16baf39a4@group-29F9E4C8BD46-SegmentedRaftLog:OPENED:c-1:lastnull, conf=conf: {index: -1, cur=peers:[fff6918d-693a-4f9d-b154-ded16baf39a4|127.0.0.1:15059, 97a6755e-86fd-4537-91b3-54c33d4d83bf|127.0.0.1:15067, a1153de0-65c4-400c-ae9f-71c02a590f14|127.0.0.1:15051]|listeners:[], old=null}
2025-07-02 18:52:04,804 [grpc-default-executor-1] INFO  server.RaftServer$Division (RaftServerImpl.java:requestVote(1421)) - a1153de0-65c4-400c-ae9f-71c02a590f14@group-29F9E4C8BD46: receive requestVote(PRE_VOTE, 97a6755e-86fd-4537-91b3-54c33d4d83bf, group-29F9E4C8BD46, 0, <PROTO_DEFAULT>)
2025-07-02 18:52:04,804 [grpc-default-executor-1] INFO  impl.VoteContext (VoteContext.java:log(49)) - a1153de0-65c4-400c-ae9f-71c02a590f14@group-29F9E4C8BD46-FOLLOWER: accept PRE_VOTE from 97a6755e-86fd-4537-91b3-54c33d4d83bf: our priority 0 <= candidate's priority 1
2025-07-02 18:52:04,804 [grpc-default-executor-1] INFO  server.RaftServer$Division (RaftServerImpl.java:requestVote(1455)) - a1153de0-65c4-400c-ae9f-71c02a590f14@group-29F9E4C8BD46 replies to PRE_VOTE vote request: 97a6755e-86fd-4537-91b3-54c33d4d83bf<-a1153de0-65c4-400c-ae9f-71c02a590f14#0:OK-t0-last:<INITIAL_VALUE>. Peer's state: a1153de0-65c4-400c-ae9f-71c02a590f14@group-29F9E4C8BD46:t0, leader=null, voted=, raftlog=Memoized:a1153de0-65c4-400c-ae9f-71c02a590f14@group-29F9E4C8BD46-SegmentedRaftLog:OPENED:c-1:lastnull, conf=conf: {index: -1, cur=peers:[fff6918d-693a-4f9d-b154-ded16baf39a4|127.0.0.1:15059, 97a6755e-86fd-4537-91b3-54c33d4d83bf|127.0.0.1:15067, a1153de0-65c4-400c-ae9f-71c02a590f14|127.0.0.1:15051]|listeners:[], old=null}
2025-07-02 18:52:04,805 [97a6755e-86fd-4537-91b3-54c33d4d83bf@group-29F9E4C8BD46-LeaderElection6] INFO  impl.LeaderElection (LeaderElection.java:logAndReturn(206)) - 97a6755e-86fd-4537-91b3-54c33d4d83bf@group-29F9E4C8BD46-LeaderElection6: PRE_VOTE PASSED received 1 response(s) and 0 exception(s):
2025-07-02 18:52:04,805 [97a6755e-86fd-4537-91b3-54c33d4d83bf@group-29F9E4C8BD46-LeaderElection6] INFO  impl.LeaderElection (LeaderElection.java:logAndReturn(210)) -   Response 0: 97a6755e-86fd-4537-91b3-54c33d4d83bf<-a1153de0-65c4-400c-ae9f-71c02a590f14#0:OK-t0-last:<INITIAL_VALUE>
2025-07-02 18:52:04,806 [97a6755e-86fd-4537-91b3-54c33d4d83bf@group-29F9E4C8BD46-LeaderElection6] INFO  impl.LeaderElection (LeaderElection.java:askForVotes(450)) - 97a6755e-86fd-4537-91b3-54c33d4d83bf@group-29F9E4C8BD46-LeaderElection6 PRE_VOTE round 0: result PASSED
2025-07-02 18:52:04,808 [97a6755e-86fd-4537-91b3-54c33d4d83bf@group-29F9E4C8BD46-LeaderElection6] INFO  impl.LeaderElection (LeaderElection.java:askForVotes(448)) - 97a6755e-86fd-4537-91b3-54c33d4d83bf@group-29F9E4C8BD46-LeaderElection6 ELECTION round 0: submit vote requests at term 1 for conf: {index: -1, cur=peers:[fff6918d-693a-4f9d-b154-ded16baf39a4|127.0.0.1:15059, 97a6755e-86fd-4537-91b3-54c33d4d83bf|127.0.0.1:15067, a1153de0-65c4-400c-ae9f-71c02a590f14|127.0.0.1:15051]|listeners:[], old=null}
2025-07-02 18:52:04,810 [fff6918d-693a-4f9d-b154-ded16baf39a4@group-9396B2A0AC6B-FollowerState] INFO  impl.FollowerState (FollowerState.java:runImpl(161)) - fff6918d-693a-4f9d-b154-ded16baf39a4@group-9396B2A0AC6B-FollowerState: change to CANDIDATE, lastRpcElapsedTime:1021347952ns, electionTimeout:1021ms
2025-07-02 18:52:04,810 [fff6918d-693a-4f9d-b154-ded16baf39a4@group-9396B2A0AC6B-FollowerState] INFO  impl.RoleInfo (RoleInfo.java:shutdownFollowerState(121)) - fff6918d-693a-4f9d-b154-ded16baf39a4: shutdown fff6918d-693a-4f9d-b154-ded16baf39a4@group-9396B2A0AC6B-FollowerState
2025-07-02 18:52:04,810 [grpc-default-executor-3] INFO  server.RaftServer$Division (RaftServerImpl.java:requestVote(1421)) - a1153de0-65c4-400c-ae9f-71c02a590f14@group-29F9E4C8BD46: receive requestVote(ELECTION, 97a6755e-86fd-4537-91b3-54c33d4d83bf, group-29F9E4C8BD46, 1, <PROTO_DEFAULT>)
2025-07-02 18:52:04,810 [grpc-default-executor-1] INFO  server.RaftServer$Division (RaftServerImpl.java:requestVote(1421)) - fff6918d-693a-4f9d-b154-ded16baf39a4@group-29F9E4C8BD46: receive requestVote(ELECTION, 97a6755e-86fd-4537-91b3-54c33d4d83bf, group-29F9E4C8BD46, 1, <PROTO_DEFAULT>)
2025-07-02 18:52:04,810 [grpc-default-executor-3] INFO  impl.VoteContext (VoteContext.java:log(49)) - a1153de0-65c4-400c-ae9f-71c02a590f14@group-29F9E4C8BD46-FOLLOWER: accept ELECTION from 97a6755e-86fd-4537-91b3-54c33d4d83bf: our priority 0 <= candidate's priority 1
2025-07-02 18:52:04,810 [grpc-default-executor-1] INFO  impl.VoteContext (VoteContext.java:log(49)) - fff6918d-693a-4f9d-b154-ded16baf39a4@group-29F9E4C8BD46-FOLLOWER: accept ELECTION from 97a6755e-86fd-4537-91b3-54c33d4d83bf: our priority 0 <= candidate's priority 1
2025-07-02 18:52:04,810 [fff6918d-693a-4f9d-b154-ded16baf39a4@group-9396B2A0AC6B-FollowerState] INFO  server.RaftServer$Division (RaftServerImpl.java:setRole(392)) - fff6918d-693a-4f9d-b154-ded16baf39a4@group-9396B2A0AC6B: changes role from  FOLLOWER to CANDIDATE at term 0 for changeToCandidate
2025-07-02 18:52:04,810 [fff6918d-693a-4f9d-b154-ded16baf39a4@group-9396B2A0AC6B-FollowerState] INFO  impl.RoleInfo (RoleInfo.java:updateAndGet(148)) - fff6918d-693a-4f9d-b154-ded16baf39a4: start fff6918d-693a-4f9d-b154-ded16baf39a4@group-9396B2A0AC6B-LeaderElection7
2025-07-02 18:52:04,810 [grpc-default-executor-3] INFO  server.RaftServer$Division (RaftServerImpl.java:setRole(392)) - a1153de0-65c4-400c-ae9f-71c02a590f14@group-29F9E4C8BD46: changes role from  FOLLOWER to FOLLOWER at term 0 for candidate:97a6755e-86fd-4537-91b3-54c33d4d83bf
2025-07-02 18:52:04,810 [grpc-default-executor-1] INFO  server.RaftServer$Division (RaftServerImpl.java:setRole(392)) - fff6918d-693a-4f9d-b154-ded16baf39a4@group-29F9E4C8BD46: changes role from  FOLLOWER to FOLLOWER at term 0 for candidate:97a6755e-86fd-4537-91b3-54c33d4d83bf
2025-07-02 18:52:04,811 [grpc-default-executor-1] INFO  impl.RoleInfo (RoleInfo.java:shutdownFollowerState(121)) - fff6918d-693a-4f9d-b154-ded16baf39a4: shutdown fff6918d-693a-4f9d-b154-ded16baf39a4@group-29F9E4C8BD46-FollowerState
2025-07-02 18:52:04,811 [grpc-default-executor-1] INFO  impl.RoleInfo (RoleInfo.java:updateAndGet(148)) - fff6918d-693a-4f9d-b154-ded16baf39a4: start fff6918d-693a-4f9d-b154-ded16baf39a4@group-29F9E4C8BD46-FollowerState
2025-07-02 18:52:04,811 [fff6918d-693a-4f9d-b154-ded16baf39a4@group-29F9E4C8BD46-FollowerState] INFO  impl.FollowerState (FollowerState.java:runImpl(170)) - fff6918d-693a-4f9d-b154-ded16baf39a4@group-29F9E4C8BD46-FollowerState was interrupted
2025-07-02 18:52:04,811 [grpc-default-executor-1] INFO  server.RaftServer$Division (RaftServerImpl.java:setFirstElection(576)) - fff6918d-693a-4f9d-b154-ded16baf39a4@group-29F9E4C8BD46: set firstElectionSinceStartup to false for candidate:97a6755e-86fd-4537-91b3-54c33d4d83bf
2025-07-02 18:52:04,811 [grpc-default-executor-3] INFO  impl.RoleInfo (RoleInfo.java:shutdownFollowerState(121)) - a1153de0-65c4-400c-ae9f-71c02a590f14: shutdown a1153de0-65c4-400c-ae9f-71c02a590f14@group-29F9E4C8BD46-FollowerState
2025-07-02 18:52:04,811 [grpc-default-executor-3] INFO  impl.RoleInfo (RoleInfo.java:updateAndGet(148)) - a1153de0-65c4-400c-ae9f-71c02a590f14: start a1153de0-65c4-400c-ae9f-71c02a590f14@group-29F9E4C8BD46-FollowerState
2025-07-02 18:52:04,811 [fff6918d-693a-4f9d-b154-ded16baf39a4@group-9396B2A0AC6B-LeaderElection7] INFO  impl.LeaderElection (LeaderElection.java:askForVotes(448)) - fff6918d-693a-4f9d-b154-ded16baf39a4@group-9396B2A0AC6B-LeaderElection7 PRE_VOTE round 0: submit vote requests at term 0 for conf: {index: -1, cur=peers:[fff6918d-693a-4f9d-b154-ded16baf39a4|127.0.0.1:15059, 97a6755e-86fd-4537-91b3-54c33d4d83bf|127.0.0.1:15067, a1153de0-65c4-400c-ae9f-71c02a590f14|127.0.0.1:15051]|listeners:[], old=null}
2025-07-02 18:52:04,812 [a1153de0-65c4-400c-ae9f-71c02a590f14@group-29F9E4C8BD46-FollowerState] INFO  impl.FollowerState (FollowerState.java:runImpl(170)) - a1153de0-65c4-400c-ae9f-71c02a590f14@group-29F9E4C8BD46-FollowerState was interrupted
2025-07-02 18:52:04,813 [fff6918d-693a-4f9d-b154-ded16baf39a4@group-9396B2A0AC6B-LeaderElection7-1] INFO  server.GrpcServerProtocolClient (GrpcServerProtocolClient.java:<init>(65)) - Build channel for 97a6755e-86fd-4537-91b3-54c33d4d83bf|127.0.0.1:15067
2025-07-02 18:52:04,813 [97a6755e-86fd-4537-91b3-54c33d4d83bf-PipelineCommandHandlerThread-0] INFO  server.RaftServer (RaftServerProxy.java:addNew(105)) - 97a6755e-86fd-4537-91b3-54c33d4d83bf: addNew group-D9B523857D58:[97a6755e-86fd-4537-91b3-54c33d4d83bf|127.0.0.1:15067] returns group-D9B523857D58:java.util.concurrent.CompletableFuture@541c43e0[Not completed]
2025-07-02 18:52:04,813 [fff6918d-693a-4f9d-b154-ded16baf39a4@group-9396B2A0AC6B-LeaderElection7-2] INFO  server.GrpcServerProtocolClient (GrpcServerProtocolClient.java:<init>(65)) - Build channel for a1153de0-65c4-400c-ae9f-71c02a590f14|127.0.0.1:15051
2025-07-02 18:52:04,815 [97a6755e-86fd-4537-91b3-54c33d4d83bf-groupManagement] WARN  statemachine.DatanodeConfiguration (DatanodeConfiguration.java:validateMinFreeSpace(751)) - hdds.datanode.volume.min.free.space.percent = -1.0 is invalid, should be between 0 and 1
2025-07-02 18:52:04,815 [grpc-default-executor-1] INFO  server.RaftServer$Division (RaftServerImpl.java:requestVote(1455)) - fff6918d-693a-4f9d-b154-ded16baf39a4@group-29F9E4C8BD46 replies to ELECTION vote request: 97a6755e-86fd-4537-91b3-54c33d4d83bf<-fff6918d-693a-4f9d-b154-ded16baf39a4#0:OK-t1-last:<INITIAL_VALUE>. Peer's state: fff6918d-693a-4f9d-b154-ded16baf39a4@group-29F9E4C8BD46:t1, leader=null, voted=97a6755e-86fd-4537-91b3-54c33d4d83bf, raftlog=Memoized:fff6918d-693a-4f9d-b154-ded16baf39a4@group-29F9E4C8BD46-SegmentedRaftLog:OPENED:c-1:lastnull, conf=conf: {index: -1, cur=peers:[fff6918d-693a-4f9d-b154-ded16baf39a4|127.0.0.1:15059, 97a6755e-86fd-4537-91b3-54c33d4d83bf|127.0.0.1:15067, a1153de0-65c4-400c-ae9f-71c02a590f14|127.0.0.1:15051]|listeners:[], old=null}
2025-07-02 18:52:04,815 [grpc-default-executor-3] INFO  server.RaftServer$Division (RaftServerImpl.java:requestVote(1455)) - a1153de0-65c4-400c-ae9f-71c02a590f14@group-29F9E4C8BD46 replies to ELECTION vote request: 97a6755e-86fd-4537-91b3-54c33d4d83bf<-a1153de0-65c4-400c-ae9f-71c02a590f14#0:OK-t1-last:<INITIAL_VALUE>. Peer's state: a1153de0-65c4-400c-ae9f-71c02a590f14@group-29F9E4C8BD46:t1, leader=null, voted=97a6755e-86fd-4537-91b3-54c33d4d83bf, raftlog=Memoized:a1153de0-65c4-400c-ae9f-71c02a590f14@group-29F9E4C8BD46-SegmentedRaftLog:OPENED:c-1:lastnull, conf=conf: {index: -1, cur=peers:[fff6918d-693a-4f9d-b154-ded16baf39a4|127.0.0.1:15059, 97a6755e-86fd-4537-91b3-54c33d4d83bf|127.0.0.1:15067, a1153de0-65c4-400c-ae9f-71c02a590f14|127.0.0.1:15051]|listeners:[], old=null}
2025-07-02 18:52:04,815 [97a6755e-86fd-4537-91b3-54c33d4d83bf-groupManagement] INFO  server.RaftServer$Division (RaftServerImpl.java:<init>(268)) - 97a6755e-86fd-4537-91b3-54c33d4d83bf: new RaftServerImpl for group-D9B523857D58:[97a6755e-86fd-4537-91b3-54c33d4d83bf|127.0.0.1:15067] with ContainerStateMachine:uninitialized
2025-07-02 18:52:04,816 [97a6755e-86fd-4537-91b3-54c33d4d83bf-groupManagement] INFO  server.RaftServer$Division (ServerState.java:<init>(114)) - 97a6755e-86fd-4537-91b3-54c33d4d83bf@group-D9B523857D58: ConfigurationManager, init=conf: {index: -1, cur=peers:[97a6755e-86fd-4537-91b3-54c33d4d83bf|127.0.0.1:15067]|listeners:[], old=null}, confs=<EMPTY_MAP>
2025-07-02 18:52:04,818 [97a6755e-86fd-4537-91b3-54c33d4d83bf@group-29F9E4C8BD46-LeaderElection6] INFO  impl.LeaderElection (LeaderElection.java:logAndReturn(206)) - 97a6755e-86fd-4537-91b3-54c33d4d83bf@group-29F9E4C8BD46-LeaderElection6: ELECTION PASSED received 1 response(s) and 0 exception(s):
2025-07-02 18:52:04,818 [97a6755e-86fd-4537-91b3-54c33d4d83bf@group-9396B2A0AC6B-FollowerState] INFO  impl.FollowerState (FollowerState.java:runImpl(161)) - 97a6755e-86fd-4537-91b3-54c33d4d83bf@group-9396B2A0AC6B-FollowerState: change to CANDIDATE, lastRpcElapsedTime:1057505348ns, electionTimeout:1057ms
2025-07-02 18:52:04,818 [97a6755e-86fd-4537-91b3-54c33d4d83bf@group-9396B2A0AC6B-FollowerState] INFO  impl.RoleInfo (RoleInfo.java:shutdownFollowerState(121)) - 97a6755e-86fd-4537-91b3-54c33d4d83bf: shutdown 97a6755e-86fd-4537-91b3-54c33d4d83bf@group-9396B2A0AC6B-FollowerState
2025-07-02 18:52:04,818 [97a6755e-86fd-4537-91b3-54c33d4d83bf@group-9396B2A0AC6B-FollowerState] INFO  server.RaftServer$Division (RaftServerImpl.java:setRole(392)) - 97a6755e-86fd-4537-91b3-54c33d4d83bf@group-9396B2A0AC6B: changes role from  FOLLOWER to CANDIDATE at term 0 for changeToCandidate
2025-07-02 18:52:04,818 [97a6755e-86fd-4537-91b3-54c33d4d83bf@group-9396B2A0AC6B-FollowerState] INFO  impl.RoleInfo (RoleInfo.java:updateAndGet(148)) - 97a6755e-86fd-4537-91b3-54c33d4d83bf: start 97a6755e-86fd-4537-91b3-54c33d4d83bf@group-9396B2A0AC6B-LeaderElection8
2025-07-02 18:52:04,818 [grpc-default-executor-1] INFO  server.RaftServer$Division (RaftServerImpl.java:requestVote(1421)) - 97a6755e-86fd-4537-91b3-54c33d4d83bf@group-9396B2A0AC6B: receive requestVote(PRE_VOTE, fff6918d-693a-4f9d-b154-ded16baf39a4, group-9396B2A0AC6B, 0, <PROTO_DEFAULT>)
2025-07-02 18:52:04,818 [97a6755e-86fd-4537-91b3-54c33d4d83bf@group-29F9E4C8BD46-LeaderElection6] INFO  impl.LeaderElection (LeaderElection.java:logAndReturn(210)) -   Response 0: 97a6755e-86fd-4537-91b3-54c33d4d83bf<-a1153de0-65c4-400c-ae9f-71c02a590f14#0:OK-t1-last:<INITIAL_VALUE>
2025-07-02 18:52:04,818 [97a6755e-86fd-4537-91b3-54c33d4d83bf@group-29F9E4C8BD46-LeaderElection6] INFO  impl.LeaderElection (LeaderElection.java:askForVotes(450)) - 97a6755e-86fd-4537-91b3-54c33d4d83bf@group-29F9E4C8BD46-LeaderElection6 ELECTION round 0: result PASSED
2025-07-02 18:52:04,818 [97a6755e-86fd-4537-91b3-54c33d4d83bf@group-29F9E4C8BD46-LeaderElection6] INFO  impl.RoleInfo (RoleInfo.java:shutdownLeaderElection(141)) - 97a6755e-86fd-4537-91b3-54c33d4d83bf: shutdown 97a6755e-86fd-4537-91b3-54c33d4d83bf@group-29F9E4C8BD46-LeaderElection6
2025-07-02 18:52:04,818 [97a6755e-86fd-4537-91b3-54c33d4d83bf@group-29F9E4C8BD46-LeaderElection6] INFO  server.RaftServer$Division (RaftServerImpl.java:setRole(392)) - 97a6755e-86fd-4537-91b3-54c33d4d83bf@group-29F9E4C8BD46: changes role from CANDIDATE to LEADER at term 1 for changeToLeader
2025-07-02 18:52:04,819 [97a6755e-86fd-4537-91b3-54c33d4d83bf@group-29F9E4C8BD46-LeaderElection6] INFO  server.RaftServerConfigKeys (ConfUtils.java:logFallback(69)) - raft.server.staging.timeout = 15600ms (fallback to raft.server.rpc.timeout.max)
2025-07-02 18:52:04,819 [97a6755e-86fd-4537-91b3-54c33d4d83bf@group-29F9E4C8BD46-LeaderElection6] INFO  server.RaftServerConfigKeys (ConfUtils.java:logGet(62)) - raft.server.write.byte-limit = 1024 M (=1073741824) (custom)
2025-07-02 18:52:04,820 [97a6755e-86fd-4537-91b3-54c33d4d83bf@group-29F9E4C8BD46-LeaderElection6] INFO  server.RaftServerConfigKeys (ConfUtils.java:logGet(62)) - raft.server.log.appender.buffer.byte-limit = 33554432 (custom)
2025-07-02 18:52:04,821 [grpc-default-executor-3] INFO  server.RaftServer$Division (RaftServerImpl.java:requestVote(1421)) - a1153de0-65c4-400c-ae9f-71c02a590f14@group-9396B2A0AC6B: receive requestVote(PRE_VOTE, fff6918d-693a-4f9d-b154-ded16baf39a4, group-9396B2A0AC6B, 0, <PROTO_DEFAULT>)
2025-07-02 18:52:04,820 [grpc-default-executor-1] INFO  impl.VoteContext (VoteContext.java:log(49)) - 97a6755e-86fd-4537-91b3-54c33d4d83bf@group-9396B2A0AC6B-CANDIDATE: accept PRE_VOTE from fff6918d-693a-4f9d-b154-ded16baf39a4: our priority 0 <= candidate's priority 1
2025-07-02 18:52:04,820 [97a6755e-86fd-4537-91b3-54c33d4d83bf@group-9396B2A0AC6B-LeaderElection8] INFO  impl.LeaderElection (LeaderElection.java:askForVotes(448)) - 97a6755e-86fd-4537-91b3-54c33d4d83bf@group-9396B2A0AC6B-LeaderElection8 PRE_VOTE round 0: submit vote requests at term 0 for conf: {index: -1, cur=peers:[fff6918d-693a-4f9d-b154-ded16baf39a4|127.0.0.1:15059, 97a6755e-86fd-4537-91b3-54c33d4d83bf|127.0.0.1:15067, a1153de0-65c4-400c-ae9f-71c02a590f14|127.0.0.1:15051]|listeners:[], old=null}
2025-07-02 18:52:04,823 [grpc-default-executor-1] INFO  server.RaftServer$Division (RaftServerImpl.java:requestVote(1455)) - 97a6755e-86fd-4537-91b3-54c33d4d83bf@group-9396B2A0AC6B replies to PRE_VOTE vote request: fff6918d-693a-4f9d-b154-ded16baf39a4<-97a6755e-86fd-4537-91b3-54c33d4d83bf#0:OK-t0-last:<INITIAL_VALUE>. Peer's state: 97a6755e-86fd-4537-91b3-54c33d4d83bf@group-9396B2A0AC6B:t0, leader=null, voted=, raftlog=Memoized:97a6755e-86fd-4537-91b3-54c33d4d83bf@group-9396B2A0AC6B-SegmentedRaftLog:OPENED:c-1:lastnull, conf=conf: {index: -1, cur=peers:[fff6918d-693a-4f9d-b154-ded16baf39a4|127.0.0.1:15059, 97a6755e-86fd-4537-91b3-54c33d4d83bf|127.0.0.1:15067, a1153de0-65c4-400c-ae9f-71c02a590f14|127.0.0.1:15051]|listeners:[], old=null}
2025-07-02 18:52:04,823 [grpc-default-executor-3] INFO  impl.VoteContext (VoteContext.java:log(49)) - a1153de0-65c4-400c-ae9f-71c02a590f14@group-9396B2A0AC6B-FOLLOWER: accept PRE_VOTE from fff6918d-693a-4f9d-b154-ded16baf39a4: our priority 0 <= candidate's priority 1
2025-07-02 18:52:04,823 [grpc-default-executor-3] INFO  server.RaftServer$Division (RaftServerImpl.java:requestVote(1455)) - a1153de0-65c4-400c-ae9f-71c02a590f14@group-9396B2A0AC6B replies to PRE_VOTE vote request: fff6918d-693a-4f9d-b154-ded16baf39a4<-a1153de0-65c4-400c-ae9f-71c02a590f14#0:OK-t0-last:<INITIAL_VALUE>. Peer's state: a1153de0-65c4-400c-ae9f-71c02a590f14@group-9396B2A0AC6B:t0, leader=null, voted=, raftlog=Memoized:a1153de0-65c4-400c-ae9f-71c02a590f14@group-9396B2A0AC6B-SegmentedRaftLog:OPENED:c-1:lastnull, conf=conf: {index: -1, cur=peers:[fff6918d-693a-4f9d-b154-ded16baf39a4|127.0.0.1:15059, 97a6755e-86fd-4537-91b3-54c33d4d83bf|127.0.0.1:15067, a1153de0-65c4-400c-ae9f-71c02a590f14|127.0.0.1:15051]|listeners:[], old=null}
2025-07-02 18:52:04,824 [97a6755e-86fd-4537-91b3-54c33d4d83bf@group-29F9E4C8BD46-LeaderElection6] INFO  server.RaftServerConfigKeys (ConfUtils.java:logGet(62)) - raft.server.log.appender.buffer.byte-limit = 33554432 (custom)
2025-07-02 18:52:04,824 [97a6755e-86fd-4537-91b3-54c33d4d83bf@group-29F9E4C8BD46-LeaderElection6] INFO  impl.RoleInfo (RoleInfo.java:updateAndGet(148)) - 97a6755e-86fd-4537-91b3-54c33d4d83bf: start 97a6755e-86fd-4537-91b3-54c33d4d83bf@group-29F9E4C8BD46-LeaderStateImpl
2025-07-02 18:52:04,824 [97a6755e-86fd-4537-91b3-54c33d4d83bf@group-29F9E4C8BD46-LeaderElection6] INFO  server.RaftServer$Division (RaftServerImpl.java:setFirstElection(576)) - 97a6755e-86fd-4537-91b3-54c33d4d83bf@group-29F9E4C8BD46: set firstElectionSinceStartup to false for becomeLeader
2025-07-02 18:52:04,824 [97a6755e-86fd-4537-91b3-54c33d4d83bf@group-29F9E4C8BD46-LeaderElection6] INFO  ratis.XceiverServerRatis (XceiverServerRatis.java:handleLeaderChangedNotification(944)) - Leader change notification received for group: group-29F9E4C8BD46 with new leaderId: 97a6755e-86fd-4537-91b3-54c33d4d83bf
2025-07-02 18:52:04,824 [97a6755e-86fd-4537-91b3-54c33d4d83bf@group-29F9E4C8BD46-LeaderElection6] INFO  server.RaftServer$Division (ServerState.java:setLeader(272)) - 97a6755e-86fd-4537-91b3-54c33d4d83bf@group-29F9E4C8BD46: change Leader from null to 97a6755e-86fd-4537-91b3-54c33d4d83bf at term 1 for becomeLeader, leader elected after 1171ms
2025-07-02 18:52:04,824 [97a6755e-86fd-4537-91b3-54c33d4d83bf@group-29F9E4C8BD46-LeaderElection6] INFO  segmented.SegmentedRaftLogWorker (SegmentedRaftLogWorker.java:startLogSegment(440)) - 97a6755e-86fd-4537-91b3-54c33d4d83bf@group-29F9E4C8BD46-SegmentedRaftLogWorker: Starting segment from index:0
2025-07-02 18:52:04,825 [97a6755e-86fd-4537-91b3-54c33d4d83bf@group-29F9E4C8BD46-LeaderElection6] INFO  server.RaftServer$Division (ServerState.java:setRaftConf(386)) - 97a6755e-86fd-4537-91b3-54c33d4d83bf@group-29F9E4C8BD46: set configuration conf: {index: 0, cur=peers:[fff6918d-693a-4f9d-b154-ded16baf39a4|127.0.0.1:15059, 97a6755e-86fd-4537-91b3-54c33d4d83bf|127.0.0.1:15067, a1153de0-65c4-400c-ae9f-71c02a590f14|127.0.0.1:15051]|listeners:[], old=null}
2025-07-02 18:52:04,826 [fff6918d-693a-4f9d-b154-ded16baf39a4@group-9396B2A0AC6B-LeaderElection7] INFO  impl.LeaderElection (LeaderElection.java:logAndReturn(206)) - fff6918d-693a-4f9d-b154-ded16baf39a4@group-9396B2A0AC6B-LeaderElection7: PRE_VOTE PASSED received 1 response(s) and 0 exception(s):
2025-07-02 18:52:04,827 [fff6918d-693a-4f9d-b154-ded16baf39a4@group-9396B2A0AC6B-LeaderElection7] INFO  impl.LeaderElection (LeaderElection.java:logAndReturn(210)) -   Response 0: fff6918d-693a-4f9d-b154-ded16baf39a4<-97a6755e-86fd-4537-91b3-54c33d4d83bf#0:OK-t0-last:<INITIAL_VALUE>
2025-07-02 18:52:04,827 [fff6918d-693a-4f9d-b154-ded16baf39a4@group-9396B2A0AC6B-LeaderElection7] INFO  impl.LeaderElection (LeaderElection.java:askForVotes(450)) - fff6918d-693a-4f9d-b154-ded16baf39a4@group-9396B2A0AC6B-LeaderElection7 PRE_VOTE round 0: result PASSED
2025-07-02 18:52:04,827 [97a6755e-86fd-4537-91b3-54c33d4d83bf@group-29F9E4C8BD46-SegmentedRaftLogWorker] INFO  segmented.BufferedWriteChannel (BufferedWriteChannel.java:open(61)) - open log_inprogress_0 at position 0
2025-07-02 18:52:04,828 [scmNode-3-EventQueue-PipelineReportForOneReplicaPipelineSafeModeRule] INFO  safemode.SCMSafeModeManager (SCMSafeModeManager.java:validateSafeModeExitRules(139)) - AtleastOneDatanodeReportedRule rule is successfully validated
2025-07-02 18:52:04,830 [fff6918d-693a-4f9d-b154-ded16baf39a4@group-9396B2A0AC6B-LeaderElection7] INFO  impl.LeaderElection (LeaderElection.java:askForVotes(448)) - fff6918d-693a-4f9d-b154-ded16baf39a4@group-9396B2A0AC6B-LeaderElection7 ELECTION round 0: submit vote requests at term 1 for conf: {index: -1, cur=peers:[fff6918d-693a-4f9d-b154-ded16baf39a4|127.0.0.1:15059, 97a6755e-86fd-4537-91b3-54c33d4d83bf|127.0.0.1:15067, a1153de0-65c4-400c-ae9f-71c02a590f14|127.0.0.1:15051]|listeners:[], old=null}
2025-07-02 18:52:04,830 [scmNode-1-EventQueue-PipelineReportForOneReplicaPipelineSafeModeRule] INFO  safemode.SCMSafeModeManager (SCMSafeModeManager.java:validateSafeModeExitRules(139)) - AtleastOneDatanodeReportedRule rule is successfully validated
2025-07-02 18:52:04,827 [97a6755e-86fd-4537-91b3-54c33d4d83bf-groupManagement] INFO  server.RaftServerConfigKeys (ConfUtils.java:logGet(62)) - raft.server.storage.dir = [/home/runner/work/ozone/ozone/hadoop-ozone/integration-test/target/test-dir/MiniOzoneClusterImpl-ff054ab7-6da7-448f-9cae-f629f00b5e08/ozone-meta/datanode-3/ratis] (custom)
2025-07-02 18:52:04,831 [97a6755e-86fd-4537-91b3-54c33d4d83bf-groupManagement] INFO  storage.RaftStorageDirectory (RaftStorageDirectoryImpl.java:analyzeStorage(138)) - The storage directory /home/runner/work/ozone/ozone/hadoop-ozone/integration-test/target/test-dir/MiniOzoneClusterImpl-ff054ab7-6da7-448f-9cae-f629f00b5e08/ozone-meta/datanode-3/ratis/fa50ce93-e3bb-4e62-941c-d9b523857d58 does not exist. Creating ...
2025-07-02 18:52:04,832 [grpc-default-executor-1] INFO  server.RaftServer$Division (RaftServerImpl.java:requestVote(1421)) - a1153de0-65c4-400c-ae9f-71c02a590f14@group-9396B2A0AC6B: receive requestVote(PRE_VOTE, 97a6755e-86fd-4537-91b3-54c33d4d83bf, group-9396B2A0AC6B, 0, <PROTO_DEFAULT>)
2025-07-02 18:52:04,832 [grpc-default-executor-1] INFO  impl.VoteContext (VoteContext.java:log(49)) - a1153de0-65c4-400c-ae9f-71c02a590f14@group-9396B2A0AC6B-FOLLOWER: accept PRE_VOTE from 97a6755e-86fd-4537-91b3-54c33d4d83bf: our priority 0 <= candidate's priority 0
2025-07-02 18:52:04,832 [scmNode-2-EventQueue-PipelineReportForOneReplicaPipelineSafeModeRule] INFO  safemode.SCMSafeModeManager (SCMSafeModeManager.java:validateSafeModeExitRules(139)) - AtleastOneDatanodeReportedRule rule is successfully validated
2025-07-02 18:52:04,832 [grpc-default-executor-1] INFO  server.RaftServer$Division (RaftServerImpl.java:requestVote(1455)) - a1153de0-65c4-400c-ae9f-71c02a590f14@group-9396B2A0AC6B replies to PRE_VOTE vote request: 97a6755e-86fd-4537-91b3-54c33d4d83bf<-a1153de0-65c4-400c-ae9f-71c02a590f14#0:OK-t0-last:<INITIAL_VALUE>. Peer's state: a1153de0-65c4-400c-ae9f-71c02a590f14@group-9396B2A0AC6B:t0, leader=null, voted=, raftlog=Memoized:a1153de0-65c4-400c-ae9f-71c02a590f14@group-9396B2A0AC6B-SegmentedRaftLog:OPENED:c-1:lastnull, conf=conf: {index: -1, cur=peers:[fff6918d-693a-4f9d-b154-ded16baf39a4|127.0.0.1:15059, 97a6755e-86fd-4537-91b3-54c33d4d83bf|127.0.0.1:15067, a1153de0-65c4-400c-ae9f-71c02a590f14|127.0.0.1:15051]|listeners:[], old=null}
2025-07-02 18:52:04,833 [grpc-default-executor-3] INFO  server.RaftServer$Division (RaftServerImpl.java:requestVote(1421)) - fff6918d-693a-4f9d-b154-ded16baf39a4@group-9396B2A0AC6B: receive requestVote(PRE_VOTE, 97a6755e-86fd-4537-91b3-54c33d4d83bf, group-9396B2A0AC6B, 0, <PROTO_DEFAULT>)
2025-07-02 18:52:04,833 [grpc-default-executor-3] INFO  impl.VoteContext (VoteContext.java:log(49)) - fff6918d-693a-4f9d-b154-ded16baf39a4@group-9396B2A0AC6B-CANDIDATE: reject PRE_VOTE from 97a6755e-86fd-4537-91b3-54c33d4d83bf: our priority 1 > candidate's priority 0
2025-07-02 18:52:04,833 [grpc-default-executor-3] INFO  server.RaftServer$Division (RaftServerImpl.java:requestVote(1455)) - fff6918d-693a-4f9d-b154-ded16baf39a4@group-9396B2A0AC6B replies to PRE_VOTE vote request: 97a6755e-86fd-4537-91b3-54c33d4d83bf<-fff6918d-693a-4f9d-b154-ded16baf39a4#0:FAIL-t1-last:<INITIAL_VALUE>. Peer's state: fff6918d-693a-4f9d-b154-ded16baf39a4@group-9396B2A0AC6B:t1, leader=null, voted=fff6918d-693a-4f9d-b154-ded16baf39a4, raftlog=Memoized:fff6918d-693a-4f9d-b154-ded16baf39a4@group-9396B2A0AC6B-SegmentedRaftLog:OPENED:c-1:lastnull, conf=conf: {index: -1, cur=peers:[fff6918d-693a-4f9d-b154-ded16baf39a4|127.0.0.1:15059, 97a6755e-86fd-4537-91b3-54c33d4d83bf|127.0.0.1:15067, a1153de0-65c4-400c-ae9f-71c02a590f14|127.0.0.1:15051]|listeners:[], old=null}
2025-07-02 18:52:04,834 [97a6755e-86fd-4537-91b3-54c33d4d83bf@group-9396B2A0AC6B-LeaderElection8] INFO  impl.LeaderElection (LeaderElection.java:logAndReturn(206)) - 97a6755e-86fd-4537-91b3-54c33d4d83bf@group-9396B2A0AC6B-LeaderElection8: PRE_VOTE DISCOVERED_A_NEW_TERM (term=1) received 1 response(s) and 0 exception(s):
2025-07-02 18:52:04,835 [grpc-default-executor-1] INFO  ratis.XceiverServerRatis (XceiverServerRatis.java:handleLeaderChangedNotification(944)) - Leader change notification received for group: group-29F9E4C8BD46 with new leaderId: 97a6755e-86fd-4537-91b3-54c33d4d83bf
2025-07-02 18:52:04,835 [97a6755e-86fd-4537-91b3-54c33d4d83bf-groupManagement] INFO  storage.RaftStorageDirectory (RaftStorageDirectoryImpl.java:tryLock(229)) - Lock on /home/runner/work/ozone/ozone/hadoop-ozone/integration-test/target/test-dir/MiniOzoneClusterImpl-ff054ab7-6da7-448f-9cae-f629f00b5e08/ozone-meta/datanode-3/ratis/fa50ce93-e3bb-4e62-941c-d9b523857d58/in_use.lock acquired by nodename 59972@localhost
2025-07-02 18:52:04,835 [97a6755e-86fd-4537-91b3-54c33d4d83bf@group-9396B2A0AC6B-LeaderElection8] INFO  impl.LeaderElection (LeaderElection.java:logAndReturn(210)) -   Response 0: 97a6755e-86fd-4537-91b3-54c33d4d83bf<-fff6918d-693a-4f9d-b154-ded16baf39a4#0:FAIL-t1-last:<INITIAL_VALUE>
2025-07-02 18:52:04,836 [97a6755e-86fd-4537-91b3-54c33d4d83bf@group-9396B2A0AC6B-LeaderElection8] INFO  impl.LeaderElection (LeaderElection.java:askForVotes(450)) - 97a6755e-86fd-4537-91b3-54c33d4d83bf@group-9396B2A0AC6B-LeaderElection8 PRE_VOTE round 0: result DISCOVERED_A_NEW_TERM (term=1)
2025-07-02 18:52:04,836 [97a6755e-86fd-4537-91b3-54c33d4d83bf@group-9396B2A0AC6B-LeaderElection8] INFO  server.RaftServer$Division (RaftServerImpl.java:setRole(392)) - 97a6755e-86fd-4537-91b3-54c33d4d83bf@group-9396B2A0AC6B: changes role from CANDIDATE to FOLLOWER at term 0 for DISCOVERED_A_NEW_TERM (term=1)
2025-07-02 18:52:04,836 [97a6755e-86fd-4537-91b3-54c33d4d83bf@group-9396B2A0AC6B-LeaderElection8] INFO  impl.RoleInfo (RoleInfo.java:shutdownLeaderElection(141)) - 97a6755e-86fd-4537-91b3-54c33d4d83bf: shutdown 97a6755e-86fd-4537-91b3-54c33d4d83bf@group-9396B2A0AC6B-LeaderElection8
2025-07-02 18:52:04,836 [97a6755e-86fd-4537-91b3-54c33d4d83bf@group-9396B2A0AC6B-LeaderElection8] INFO  impl.RoleInfo (RoleInfo.java:updateAndGet(148)) - 97a6755e-86fd-4537-91b3-54c33d4d83bf: start 97a6755e-86fd-4537-91b3-54c33d4d83bf@group-9396B2A0AC6B-FollowerState
2025-07-02 18:52:04,836 [grpc-default-executor-1] INFO  server.RaftServer$Division (ServerState.java:setLeader(272)) - a1153de0-65c4-400c-ae9f-71c02a590f14@group-29F9E4C8BD46: change Leader from null to 97a6755e-86fd-4537-91b3-54c33d4d83bf at term 1 for appendEntries, leader elected after 1230ms
2025-07-02 18:52:04,837 [97a6755e-86fd-4537-91b3-54c33d4d83bf-groupManagement] INFO  storage.RaftStorage (RaftStorageImpl.java:format(98)) - Storage directory /home/runner/work/ozone/ozone/hadoop-ozone/integration-test/target/test-dir/MiniOzoneClusterImpl-ff054ab7-6da7-448f-9cae-f629f00b5e08/ozone-meta/datanode-3/ratis/fa50ce93-e3bb-4e62-941c-d9b523857d58 has been successfully formatted.
2025-07-02 18:52:04,837 [97a6755e-86fd-4537-91b3-54c33d4d83bf-groupManagement] INFO  ratis.ContainerStateMachine (ContainerStateMachine.java:initialize(339)) - 97a6755e-86fd-4537-91b3-54c33d4d83bf: initialize group-D9B523857D58
2025-07-02 18:52:04,837 [97a6755e-86fd-4537-91b3-54c33d4d83bf-groupManagement] INFO  ratis.ContainerStateMachine (ContainerStateMachine.java:loadSnapshot(347)) - group-D9B523857D58: The snapshot info is null. Setting the last applied index to:<INITIAL_VALUE>
2025-07-02 18:52:04,838 [97a6755e-86fd-4537-91b3-54c33d4d83bf-groupManagement] INFO  server.RaftServerConfigKeys (ConfUtils.java:logGet(62)) - raft.server.log.appender.buffer.byte-limit = 33554432 (custom)
2025-07-02 18:52:04,840 [ca181966-e7f6-4c77-8344-65416d18d1f8@group-F629F00B5E08-StateMachineUpdater] INFO  safemode.SCMSafeModeManager (SCMSafeModeManager.java:validateSafeModeExitRules(139)) - DataNodeSafeModeRule rule is successfully validated
2025-07-02 18:52:04,840 [ca181966-e7f6-4c77-8344-65416d18d1f8@group-F629F00B5E08-StateMachineUpdater] INFO  safemode.SCMSafeModeManager (SCMSafeModeManager.java:validateSafeModeExitRules(139)) - RatisContainerSafeModeRule rule is successfully validated
2025-07-02 18:52:04,841 [ca181966-e7f6-4c77-8344-65416d18d1f8@group-F629F00B5E08-StateMachineUpdater] INFO  safemode.HealthyPipelineSafeModeRule (HealthyPipelineSafeModeRule.java:initializeRule(228)) - Refreshed total pipeline count is 0, healthy pipeline threshold count is 1
2025-07-02 18:52:04,842 [ca181966-e7f6-4c77-8344-65416d18d1f8@group-F629F00B5E08-StateMachineUpdater] INFO  safemode.SCMSafeModeManager (SCMSafeModeManager.java:validateSafeModeExitRules(139)) - ECContainerSafeModeRule rule is successfully validated
2025-07-02 18:52:04,842 [ca181966-e7f6-4c77-8344-65416d18d1f8@group-F629F00B5E08-StateMachineUpdater] INFO  safemode.SCMSafeModeManager (SCMSafeModeManager.java:validateSafeModeExitRules(139)) - AtleastOneDatanodeReportedRule rule is successfully validated
2025-07-02 18:52:04,842 [grpc-default-executor-1] INFO  server.RaftServer$Division (RaftServerImpl.java:requestVote(1421)) - a1153de0-65c4-400c-ae9f-71c02a590f14@group-9396B2A0AC6B: receive requestVote(ELECTION, fff6918d-693a-4f9d-b154-ded16baf39a4, group-9396B2A0AC6B, 1, <PROTO_DEFAULT>)
2025-07-02 18:52:04,842 [grpc-default-executor-1] INFO  impl.VoteContext (VoteContext.java:log(49)) - a1153de0-65c4-400c-ae9f-71c02a590f14@group-9396B2A0AC6B-FOLLOWER: accept ELECTION from fff6918d-693a-4f9d-b154-ded16baf39a4: our priority 0 <= candidate's priority 1
2025-07-02 18:52:04,842 [grpc-default-executor-1] INFO  server.RaftServer$Division (RaftServerImpl.java:setRole(392)) - a1153de0-65c4-400c-ae9f-71c02a590f14@group-9396B2A0AC6B: changes role from  FOLLOWER to FOLLOWER at term 0 for candidate:fff6918d-693a-4f9d-b154-ded16baf39a4
2025-07-02 18:52:04,842 [grpc-default-executor-1] INFO  impl.RoleInfo (RoleInfo.java:shutdownFollowerState(121)) - a1153de0-65c4-400c-ae9f-71c02a590f14: shutdown a1153de0-65c4-400c-ae9f-71c02a590f14@group-9396B2A0AC6B-FollowerState
2025-07-02 18:52:04,843 [grpc-default-executor-1] INFO  impl.RoleInfo (RoleInfo.java:updateAndGet(148)) - a1153de0-65c4-400c-ae9f-71c02a590f14: start a1153de0-65c4-400c-ae9f-71c02a590f14@group-9396B2A0AC6B-FollowerState
2025-07-02 18:52:04,843 [grpc-default-executor-2] INFO  ratis.XceiverServerRatis (XceiverServerRatis.java:handleLeaderChangedNotification(944)) - Leader change notification received for group: group-29F9E4C8BD46 with new leaderId: 97a6755e-86fd-4537-91b3-54c33d4d83bf
2025-07-02 18:52:04,843 [grpc-default-executor-2] INFO  server.RaftServer$Division (ServerState.java:setLeader(272)) - fff6918d-693a-4f9d-b154-ded16baf39a4@group-29F9E4C8BD46: change Leader from null to 97a6755e-86fd-4537-91b3-54c33d4d83bf at term 1 for appendEntries, leader elected after 1157ms
2025-07-02 18:52:04,842 [4680a024-3a59-4e75-8ac7-1755b08d3543@group-F629F00B5E08-StateMachineUpdater] INFO  safemode.SCMSafeModeManager (SCMSafeModeManager.java:validateSafeModeExitRules(139)) - DataNodeSafeModeRule rule is successfully validated
2025-07-02 18:52:04,843 [4680a024-3a59-4e75-8ac7-1755b08d3543@group-F629F00B5E08-StateMachineUpdater] INFO  safemode.SCMSafeModeManager (SCMSafeModeManager.java:validateSafeModeExitRules(139)) - RatisContainerSafeModeRule rule is successfully validated
2025-07-02 18:52:04,843 [4680a024-3a59-4e75-8ac7-1755b08d3543@group-F629F00B5E08-StateMachineUpdater] INFO  safemode.HealthyPipelineSafeModeRule (HealthyPipelineSafeModeRule.java:initializeRule(228)) - Refreshed total pipeline count is 0, healthy pipeline threshold count is 1
2025-07-02 18:52:04,843 [4680a024-3a59-4e75-8ac7-1755b08d3543@group-F629F00B5E08-StateMachineUpdater] INFO  safemode.SCMSafeModeManager (SCMSafeModeManager.java:validateSafeModeExitRules(139)) - ECContainerSafeModeRule rule is successfully validated
2025-07-02 18:52:04,843 [4680a024-3a59-4e75-8ac7-1755b08d3543@group-F629F00B5E08-StateMachineUpdater] INFO  safemode.SCMSafeModeManager (SCMSafeModeManager.java:validateSafeModeExitRules(139)) - AtleastOneDatanodeReportedRule rule is successfully validated
2025-07-02 18:52:04,843 [97a6755e-86fd-4537-91b3-54c33d4d83bf@group-9396B2A0AC6B-LeaderElection8] INFO  server.RaftServer$Division (RaftServerImpl.java:setFirstElection(576)) - 97a6755e-86fd-4537-91b3-54c33d4d83bf@group-9396B2A0AC6B: set firstElectionSinceStartup to false for DISCOVERED_A_NEW_TERM (term=1)
2025-07-02 18:52:04,844 [grpc-default-executor-1] INFO  server.RaftServer$Division (RaftServerImpl.java:setFirstElection(576)) - a1153de0-65c4-400c-ae9f-71c02a590f14@group-9396B2A0AC6B: set firstElectionSinceStartup to false for candidate:fff6918d-693a-4f9d-b154-ded16baf39a4
2025-07-02 18:52:04,843 [grpc-default-executor-4] INFO  server.RaftServer$Division (ServerState.java:setRaftConf(386)) - a1153de0-65c4-400c-ae9f-71c02a590f14@group-29F9E4C8BD46: set configuration conf: {index: 0, cur=peers:[fff6918d-693a-4f9d-b154-ded16baf39a4|127.0.0.1:15059, 97a6755e-86fd-4537-91b3-54c33d4d83bf|127.0.0.1:15067, a1153de0-65c4-400c-ae9f-71c02a590f14|127.0.0.1:15051]|listeners:[], old=null}
2025-07-02 18:52:04,845 [a1153de0-65c4-400c-ae9f-71c02a590f14@group-9396B2A0AC6B-FollowerState] INFO  impl.FollowerState (FollowerState.java:runImpl(170)) - a1153de0-65c4-400c-ae9f-71c02a590f14@group-9396B2A0AC6B-FollowerState was interrupted
2025-07-02 18:52:04,845 [grpc-default-executor-0] INFO  server.RaftServer$Division (RaftServerImpl.java:requestVote(1421)) - 97a6755e-86fd-4537-91b3-54c33d4d83bf@group-9396B2A0AC6B: receive requestVote(ELECTION, fff6918d-693a-4f9d-b154-ded16baf39a4, group-9396B2A0AC6B, 1, <PROTO_DEFAULT>)
2025-07-02 18:52:04,846 [97a6755e-86fd-4537-91b3-54c33d4d83bf@group-29F9E4C8BD46-SegmentedRaftLogWorker] INFO  segmented.SegmentedRaftLogWorker (SegmentedRaftLogWorker.java:execute(647)) - 97a6755e-86fd-4537-91b3-54c33d4d83bf@group-29F9E4C8BD46-SegmentedRaftLogWorker: created new log segment /home/runner/work/ozone/ozone/hadoop-ozone/integration-test/target/test-dir/MiniOzoneClusterImpl-ff054ab7-6da7-448f-9cae-f629f00b5e08/ozone-meta/datanode-3/ratis/38882b6b-055a-4cb7-acbf-29f9e4c8bd46/current/log_inprogress_0
2025-07-02 18:52:04,846 [grpc-default-executor-3] INFO  server.RaftServer$Division (ServerState.java:setRaftConf(386)) - fff6918d-693a-4f9d-b154-ded16baf39a4@group-29F9E4C8BD46: set configuration conf: {index: 0, cur=peers:[fff6918d-693a-4f9d-b154-ded16baf39a4|127.0.0.1:15059, 97a6755e-86fd-4537-91b3-54c33d4d83bf|127.0.0.1:15067, a1153de0-65c4-400c-ae9f-71c02a590f14|127.0.0.1:15051]|listeners:[], old=null}
2025-07-02 18:52:04,846 [grpc-default-executor-3] INFO  segmented.SegmentedRaftLogWorker (SegmentedRaftLogWorker.java:startLogSegment(440)) - fff6918d-693a-4f9d-b154-ded16baf39a4@group-29F9E4C8BD46-SegmentedRaftLogWorker: Starting segment from index:0
2025-07-02 18:52:04,843 [0570d27e-7557-449b-949c-3e7f7fc57b05@group-F629F00B5E08-StateMachineUpdater] INFO  safemode.SCMSafeModeManager (SCMSafeModeManager.java:validateSafeModeExitRules(139)) - DataNodeSafeModeRule rule is successfully validated
2025-07-02 18:52:04,847 [0570d27e-7557-449b-949c-3e7f7fc57b05@group-F629F00B5E08-StateMachineUpdater] INFO  safemode.SCMSafeModeManager (SCMSafeModeManager.java:validateSafeModeExitRules(139)) - RatisContainerSafeModeRule rule is successfully validated
2025-07-02 18:52:04,848 [0570d27e-7557-449b-949c-3e7f7fc57b05@group-F629F00B5E08-StateMachineUpdater] INFO  safemode.HealthyPipelineSafeModeRule (HealthyPipelineSafeModeRule.java:initializeRule(228)) - Refreshed total pipeline count is 1, healthy pipeline threshold count is 1
2025-07-02 18:52:04,848 [0570d27e-7557-449b-949c-3e7f7fc57b05@group-F629F00B5E08-StateMachineUpdater] INFO  safemode.SCMSafeModeManager (SCMSafeModeManager.java:validateSafeModeExitRules(139)) - ECContainerSafeModeRule rule is successfully validated
2025-07-02 18:52:04,848 [0570d27e-7557-449b-949c-3e7f7fc57b05@group-F629F00B5E08-StateMachineUpdater] INFO  safemode.SCMSafeModeManager (SCMSafeModeManager.java:validateSafeModeExitRules(139)) - AtleastOneDatanodeReportedRule rule is successfully validated
2025-07-02 18:52:04,848 [scmNode-1-EventQueue-PipelineReportForPipelineReportHandler] INFO  pipeline.PipelineReportHandler (PipelineReportHandler.java:processPipelineReport(134)) - Opened pipeline Pipeline-38882b6b-055a-4cb7-acbf-29f9e4c8bd46
2025-07-02 18:52:04,848 [scmNode-2-EventQueue-PipelineReportForOneReplicaPipelineSafeModeRule] INFO  safemode.SCMSafeModeManager (SCMSafeModeManager.java:validateSafeModeExitRules(139)) - AtleastOneDatanodeReportedRule rule is successfully validated
2025-07-02 18:52:04,849 [scmNode-1-EventQueue-OpenPipelineForHealthyPipelineSafeModeRule] INFO  safemode.SCMSafeModeManager (HealthyPipelineSafeModeRule.java:process(196)) - SCM in safe mode. Healthy pipelines reported count is 1, required healthy pipeline reported count is 1
2025-07-02 18:52:04,849 [scmNode-1-EventQueue-OpenPipelineForHealthyPipelineSafeModeRule] INFO  safemode.SCMSafeModeManager (SCMSafeModeManager.java:validateSafeModeExitRules(139)) - HealthyPipelineSafeModeRule rule is successfully validated
2025-07-02 18:52:04,847 [grpc-default-executor-0] INFO  impl.VoteContext (VoteContext.java:log(49)) - 97a6755e-86fd-4537-91b3-54c33d4d83bf@group-9396B2A0AC6B-FOLLOWER: accept ELECTION from fff6918d-693a-4f9d-b154-ded16baf39a4: our priority 0 <= candidate's priority 1
2025-07-02 18:52:04,850 [grpc-default-executor-0] INFO  server.RaftServer$Division (RaftServerImpl.java:setRole(392)) - 97a6755e-86fd-4537-91b3-54c33d4d83bf@group-9396B2A0AC6B: changes role from  FOLLOWER to FOLLOWER at term 1 for candidate:fff6918d-693a-4f9d-b154-ded16baf39a4
2025-07-02 18:52:04,850 [grpc-default-executor-0] INFO  impl.RoleInfo (RoleInfo.java:shutdownFollowerState(121)) - 97a6755e-86fd-4537-91b3-54c33d4d83bf: shutdown 97a6755e-86fd-4537-91b3-54c33d4d83bf@group-9396B2A0AC6B-FollowerState
2025-07-02 18:52:04,850 [grpc-default-executor-0] INFO  impl.RoleInfo (RoleInfo.java:updateAndGet(148)) - 97a6755e-86fd-4537-91b3-54c33d4d83bf: start 97a6755e-86fd-4537-91b3-54c33d4d83bf@group-9396B2A0AC6B-FollowerState
2025-07-02 18:52:04,845 [grpc-default-executor-4] INFO  segmented.SegmentedRaftLogWorker (SegmentedRaftLogWorker.java:startLogSegment(440)) - a1153de0-65c4-400c-ae9f-71c02a590f14@group-29F9E4C8BD46-SegmentedRaftLogWorker: Starting segment from index:0
2025-07-02 18:52:04,851 [97a6755e-86fd-4537-91b3-54c33d4d83bf@group-9396B2A0AC6B-FollowerState] INFO  impl.FollowerState (FollowerState.java:runImpl(170)) - 97a6755e-86fd-4537-91b3-54c33d4d83bf@group-9396B2A0AC6B-FollowerState was interrupted
2025-07-02 18:52:04,851 [fff6918d-693a-4f9d-b154-ded16baf39a4@group-29F9E4C8BD46-SegmentedRaftLogWorker] INFO  segmented.BufferedWriteChannel (BufferedWriteChannel.java:open(61)) - open log_inprogress_0 at position 0
2025-07-02 18:52:04,850 [scmNode-1-EventQueue-OpenPipelineForHealthyPipelineSafeModeRule] INFO  safemode.SCMSafeModeManager (SCMSafeModeManager.java:validateSafeModeExitRules(154)) - ScmSafeModeManager, all rules are successfully validated
2025-07-02 18:52:04,851 [scmNode-1-EventQueue-OpenPipelineForHealthyPipelineSafeModeRule] INFO  safemode.SCMSafeModeManager (SCMSafeModeManager.java:exitSafeMode(177)) - SCM exiting safe mode.
2025-07-02 18:52:04,851 [scmNode-1-EventQueue-OpenPipelineForHealthyPipelineSafeModeRule] INFO  ha.SCMContext (SCMContext.java:updateSafeModeStatus(224)) - Update SafeModeStatus from SafeModeStatus{safeModeStatus=true, preCheckPassed=true} to SafeModeStatus{safeModeStatus=false, preCheckPassed=true}.
2025-07-02 18:52:04,851 [scmNode-1-EventQueue-OpenPipelineForHealthyPipelineSafeModeRule] INFO  BackgroundPipelineScrubber (BackgroundSCMService.java:notifyStatusChanged(78)) - Service BackgroundPipelineScrubber transitions to RUNNING.
2025-07-02 18:52:04,851 [scmNode-1-EventQueue-OpenPipelineForHealthyPipelineSafeModeRule] INFO  ExpiredContainerReplicaOpScrubber (BackgroundSCMService.java:notifyStatusChanged(78)) - Service ExpiredContainerReplicaOpScrubber transitions to RUNNING.
2025-07-02 18:52:04,851 [scmNode-1-EventQueue-OpenPipelineForHealthyPipelineSafeModeRule] INFO  block.SCMBlockDeletingService (SCMBlockDeletingService.java:notifyStatusChanged(265)) - notifyStatusChanged:RUNNING
2025-07-02 18:52:04,852 [scmNode-1-EventQueue-OpenPipelineForHealthyPipelineSafeModeRule] INFO  replication.ReplicationManager (ReplicationManager.java:notifyStatusChanged(1387)) - Service ReplicationManager transitions to RUNNING.
2025-07-02 18:52:04,849 [scmNode-3-EventQueue-PipelineReportForOneReplicaPipelineSafeModeRule] INFO  safemode.SCMSafeModeManager (SCMSafeModeManager.java:validateSafeModeExitRules(139)) - AtleastOneDatanodeReportedRule rule is successfully validated
2025-07-02 18:52:04,848 [grpc-default-executor-1] INFO  server.RaftServer$Division (RaftServerImpl.java:requestVote(1455)) - a1153de0-65c4-400c-ae9f-71c02a590f14@group-9396B2A0AC6B replies to ELECTION vote request: fff6918d-693a-4f9d-b154-ded16baf39a4<-a1153de0-65c4-400c-ae9f-71c02a590f14#0:OK-t1-last:<INITIAL_VALUE>. Peer's state: a1153de0-65c4-400c-ae9f-71c02a590f14@group-9396B2A0AC6B:t1, leader=null, voted=fff6918d-693a-4f9d-b154-ded16baf39a4, raftlog=Memoized:a1153de0-65c4-400c-ae9f-71c02a590f14@group-9396B2A0AC6B-SegmentedRaftLog:OPENED:c-1:lastnull, conf=conf: {index: -1, cur=peers:[fff6918d-693a-4f9d-b154-ded16baf39a4|127.0.0.1:15059, 97a6755e-86fd-4537-91b3-54c33d4d83bf|127.0.0.1:15067, a1153de0-65c4-400c-ae9f-71c02a590f14|127.0.0.1:15051]|listeners:[], old=null}
2025-07-02 18:52:04,854 [4680a024-3a59-4e75-8ac7-1755b08d3543@group-F629F00B5E08-StateMachineUpdater] INFO  safemode.SCMSafeModeManager (SCMSafeModeManager.java:validateSafeModeExitRules(139)) - DataNodeSafeModeRule rule is successfully validated
2025-07-02 18:52:04,854 [4680a024-3a59-4e75-8ac7-1755b08d3543@group-F629F00B5E08-StateMachineUpdater] INFO  safemode.SCMSafeModeManager (SCMSafeModeManager.java:validateSafeModeExitRules(139)) - RatisContainerSafeModeRule rule is successfully validated
2025-07-02 18:52:04,854 [4680a024-3a59-4e75-8ac7-1755b08d3543@group-F629F00B5E08-StateMachineUpdater] INFO  safemode.HealthyPipelineSafeModeRule (HealthyPipelineSafeModeRule.java:initializeRule(228)) - Refreshed total pipeline count is 1, healthy pipeline threshold count is 1
2025-07-02 18:52:04,854 [4680a024-3a59-4e75-8ac7-1755b08d3543@group-F629F00B5E08-StateMachineUpdater] INFO  safemode.SCMSafeModeManager (SCMSafeModeManager.java:validateSafeModeExitRules(139)) - ECContainerSafeModeRule rule is successfully validated
2025-07-02 18:52:04,854 [4680a024-3a59-4e75-8ac7-1755b08d3543@group-F629F00B5E08-StateMachineUpdater] INFO  safemode.SCMSafeModeManager (SCMSafeModeManager.java:validateSafeModeExitRules(139)) - AtleastOneDatanodeReportedRule rule is successfully validated
2025-07-02 18:52:04,855 [fff6918d-693a-4f9d-b154-ded16baf39a4@group-9396B2A0AC6B-LeaderElection7] INFO  impl.LeaderElection (LeaderElection.java:logAndReturn(206)) - fff6918d-693a-4f9d-b154-ded16baf39a4@group-9396B2A0AC6B-LeaderElection7: ELECTION PASSED received 1 response(s) and 0 exception(s):
2025-07-02 18:52:04,855 [fff6918d-693a-4f9d-b154-ded16baf39a4@group-9396B2A0AC6B-LeaderElection7] INFO  impl.LeaderElection (LeaderElection.java:logAndReturn(210)) -   Response 0: fff6918d-693a-4f9d-b154-ded16baf39a4<-a1153de0-65c4-400c-ae9f-71c02a590f14#0:OK-t1-last:<INITIAL_VALUE>
2025-07-02 18:52:04,855 [fff6918d-693a-4f9d-b154-ded16baf39a4@group-9396B2A0AC6B-LeaderElection7] INFO  impl.LeaderElection (LeaderElection.java:askForVotes(450)) - fff6918d-693a-4f9d-b154-ded16baf39a4@group-9396B2A0AC6B-LeaderElection7 ELECTION round 0: result PASSED
2025-07-02 18:52:04,855 [fff6918d-693a-4f9d-b154-ded16baf39a4@group-9396B2A0AC6B-LeaderElection7] INFO  impl.RoleInfo (RoleInfo.java:shutdownLeaderElection(141)) - fff6918d-693a-4f9d-b154-ded16baf39a4: shutdown fff6918d-693a-4f9d-b154-ded16baf39a4@group-9396B2A0AC6B-LeaderElection7
2025-07-02 18:52:04,855 [fff6918d-693a-4f9d-b154-ded16baf39a4@group-9396B2A0AC6B-LeaderElection7] INFO  server.RaftServer$Division (RaftServerImpl.java:setRole(392)) - fff6918d-693a-4f9d-b154-ded16baf39a4@group-9396B2A0AC6B: changes role from CANDIDATE to LEADER at term 1 for changeToLeader
2025-07-02 18:52:04,855 [fff6918d-693a-4f9d-b154-ded16baf39a4@group-9396B2A0AC6B-LeaderElection7] INFO  server.RaftServerConfigKeys (ConfUtils.java:logFallback(69)) - raft.server.staging.timeout = 15600ms (fallback to raft.server.rpc.timeout.max)
2025-07-02 18:52:04,855 [fff6918d-693a-4f9d-b154-ded16baf39a4@group-9396B2A0AC6B-LeaderElection7] INFO  server.RaftServerConfigKeys (ConfUtils.java:logGet(62)) - raft.server.write.byte-limit = 1024 M (=1073741824) (custom)
2025-07-02 18:52:04,856 [ca181966-e7f6-4c77-8344-65416d18d1f8@group-F629F00B5E08-StateMachineUpdater] INFO  safemode.SCMSafeModeManager (SCMSafeModeManager.java:validateSafeModeExitRules(139)) - DataNodeSafeModeRule rule is successfully validated
2025-07-02 18:52:04,856 [ca181966-e7f6-4c77-8344-65416d18d1f8@group-F629F00B5E08-StateMachineUpdater] INFO  safemode.SCMSafeModeManager (SCMSafeModeManager.java:validateSafeModeExitRules(139)) - RatisContainerSafeModeRule rule is successfully validated
2025-07-02 18:52:04,856 [ca181966-e7f6-4c77-8344-65416d18d1f8@group-F629F00B5E08-StateMachineUpdater] INFO  safemode.HealthyPipelineSafeModeRule (HealthyPipelineSafeModeRule.java:initializeRule(228)) - Refreshed total pipeline count is 1, healthy pipeline threshold count is 1
2025-07-02 18:52:04,856 [ca181966-e7f6-4c77-8344-65416d18d1f8@group-F629F00B5E08-StateMachineUpdater] INFO  safemode.SCMSafeModeManager (SCMSafeModeManager.java:validateSafeModeExitRules(139)) - ECContainerSafeModeRule rule is successfully validated
2025-07-02 18:52:04,856 [ca181966-e7f6-4c77-8344-65416d18d1f8@group-F629F00B5E08-StateMachineUpdater] INFO  safemode.SCMSafeModeManager (SCMSafeModeManager.java:validateSafeModeExitRules(139)) - AtleastOneDatanodeReportedRule rule is successfully validated
2025-07-02 18:52:04,856 [scmNode-1-EventQueue-PipelineReportForPipelineReportHandler] INFO  pipeline.PipelineReportHandler (PipelineReportHandler.java:processPipelineReport(134)) - Opened pipeline Pipeline-fa50ce93-e3bb-4e62-941c-d9b523857d58
2025-07-02 18:52:04,857 [grpc-default-executor-0] INFO  server.RaftServer$Division (RaftServerImpl.java:requestVote(1455)) - 97a6755e-86fd-4537-91b3-54c33d4d83bf@group-9396B2A0AC6B replies to ELECTION vote request: fff6918d-693a-4f9d-b154-ded16baf39a4<-97a6755e-86fd-4537-91b3-54c33d4d83bf#0:OK-t1-last:<INITIAL_VALUE>. Peer's state: 97a6755e-86fd-4537-91b3-54c33d4d83bf@group-9396B2A0AC6B:t1, leader=null, voted=fff6918d-693a-4f9d-b154-ded16baf39a4, raftlog=Memoized:97a6755e-86fd-4537-91b3-54c33d4d83bf@group-9396B2A0AC6B-SegmentedRaftLog:OPENED:c-1:lastnull, conf=conf: {index: -1, cur=peers:[fff6918d-693a-4f9d-b154-ded16baf39a4|127.0.0.1:15059, 97a6755e-86fd-4537-91b3-54c33d4d83bf|127.0.0.1:15067, a1153de0-65c4-400c-ae9f-71c02a590f14|127.0.0.1:15051]|listeners:[], old=null}
2025-07-02 18:52:04,862 [a1153de0-65c4-400c-ae9f-71c02a590f14@group-29F9E4C8BD46-SegmentedRaftLogWorker] INFO  segmented.BufferedWriteChannel (BufferedWriteChannel.java:open(61)) - open log_inprogress_0 at position 0
2025-07-02 18:52:04,865 [97a6755e-86fd-4537-91b3-54c33d4d83bf-groupManagement] INFO  server.RaftServerConfigKeys (ConfUtils.java:logGet(62)) - raft.server.log.segment.size.max = 67108864 (custom)
2025-07-02 18:52:04,865 [scmNode-1-EventQueue-OpenPipelineForHealthyPipelineSafeModeRule] WARN  balancer.ContainerBalancer (ContainerBalancer.java:shouldRun(136)) - Could not find persisted configuration for ContainerBalancer when checking if ContainerBalancer should run. ContainerBalancer should not run now.
2025-07-02 18:52:04,866 [scmNode-1-EventQueue-OpenPipelineForHealthyPipelineSafeModeRule] INFO  SCMHATransactionMonitor (BackgroundSCMService.java:notifyStatusChanged(78)) - Service SCMHATransactionMonitor transitions to RUNNING.
2025-07-02 18:52:04,866 [scmNode-1-EventQueue-PipelineReportForOneReplicaPipelineSafeModeRule] INFO  safemode.SCMSafeModeManager (SCMSafeModeManager.java:validateSafeModeExitRules(139)) - AtleastOneDatanodeReportedRule rule is successfully validated
2025-07-02 18:52:04,866 [scmNode-1-EventQueue-PipelineReportForOneReplicaPipelineSafeModeRule] INFO  safemode.SCMSafeModeManager (SCMSafeModeManager.java:validateSafeModeExitRules(154)) - ScmSafeModeManager, all rules are successfully validated
2025-07-02 18:52:04,866 [scmNode-1-EventQueue-PipelineReportForOneReplicaPipelineSafeModeRule] INFO  safemode.SCMSafeModeManager (SCMSafeModeManager.java:exitSafeMode(177)) - SCM exiting safe mode.
2025-07-02 18:52:04,866 [scmNode-1-EventQueue-PipelineReportForOneReplicaPipelineSafeModeRule] INFO  ha.SCMContext (SCMContext.java:updateSafeModeStatus(224)) - Update SafeModeStatus from SafeModeStatus{safeModeStatus=false, preCheckPassed=true} to SafeModeStatus{safeModeStatus=false, preCheckPassed=true}.
2025-07-02 18:52:04,866 [scmNode-1-EventQueue-PipelineReportForOneReplicaPipelineSafeModeRule] WARN  balancer.ContainerBalancer (ContainerBalancer.java:shouldRun(136)) - Could not find persisted configuration for ContainerBalancer when checking if ContainerBalancer should run. ContainerBalancer should not run now.
2025-07-02 18:52:04,869 [97a6755e-86fd-4537-91b3-54c33d4d83bf-groupManagement] INFO  server.RaftServerConfigKeys (ConfUtils.java:logGet(62)) - raft.server.log.appender.buffer.byte-limit = 33554432 (custom)
2025-07-02 18:52:04,872 [fff6918d-693a-4f9d-b154-ded16baf39a4@group-9396B2A0AC6B-LeaderElection7] INFO  server.RaftServerConfigKeys (ConfUtils.java:logGet(62)) - raft.server.log.appender.buffer.byte-limit = 33554432 (custom)
2025-07-02 18:52:04,875 [97a6755e-86fd-4537-91b3-54c33d4d83bf-groupManagement] INFO  util.AwaitToRun (AwaitToRun.java:start(81)) - Thread[#1736,97a6755e-86fd-4537-91b3-54c33d4d83bf@group-D9B523857D58-cacheEviction-AwaitToRun,5,main] started
2025-07-02 18:52:04,875 [97a6755e-86fd-4537-91b3-54c33d4d83bf-groupManagement] INFO  segmented.SegmentedRaftLogWorker (SegmentedRaftLogWorker.java:<init>(190)) - new 97a6755e-86fd-4537-91b3-54c33d4d83bf@group-D9B523857D58-SegmentedRaftLogWorker for RaftStorageImpl:Storage Directory /home/runner/work/ozone/ozone/hadoop-ozone/integration-test/target/test-dir/MiniOzoneClusterImpl-ff054ab7-6da7-448f-9cae-f629f00b5e08/ozone-meta/datanode-3/ratis/fa50ce93-e3bb-4e62-941c-d9b523857d58
2025-07-02 18:52:04,875 [97a6755e-86fd-4537-91b3-54c33d4d83bf-groupManagement] INFO  server.RaftServerConfigKeys (ConfUtils.java:logGet(62)) - raft.server.log.queue.byte-limit = 4294967296 (custom)
2025-07-02 18:52:04,875 [97a6755e-86fd-4537-91b3-54c33d4d83bf-groupManagement] INFO  server.RaftServerConfigKeys (ConfUtils.java:logGet(62)) - raft.server.log.segment.size.max = 67108864 (custom)
2025-07-02 18:52:04,875 [97a6755e-86fd-4537-91b3-54c33d4d83bf-groupManagement] INFO  server.RaftServerConfigKeys (ConfUtils.java:logGet(62)) - raft.server.log.preallocated.size = 4194304 (custom)
2025-07-02 18:52:04,877 [fff6918d-693a-4f9d-b154-ded16baf39a4@group-9396B2A0AC6B-LeaderElection7] INFO  server.RaftServerConfigKeys (ConfUtils.java:logGet(62)) - raft.server.log.appender.buffer.byte-limit = 33554432 (custom)
2025-07-02 18:52:04,877 [97a6755e-86fd-4537-91b3-54c33d4d83bf-groupManagement] INFO  server.RaftServerConfigKeys (ConfUtils.java:logGet(62)) - raft.server.log.write.buffer.size = 33554440 (custom)
2025-07-02 18:52:04,878 [fff6918d-693a-4f9d-b154-ded16baf39a4@group-9396B2A0AC6B-LeaderElection7] INFO  impl.RoleInfo (RoleInfo.java:updateAndGet(148)) - fff6918d-693a-4f9d-b154-ded16baf39a4: start fff6918d-693a-4f9d-b154-ded16baf39a4@group-9396B2A0AC6B-LeaderStateImpl
2025-07-02 18:52:04,879 [fff6918d-693a-4f9d-b154-ded16baf39a4@group-9396B2A0AC6B-LeaderElection7] INFO  server.RaftServer$Division (RaftServerImpl.java:setFirstElection(576)) - fff6918d-693a-4f9d-b154-ded16baf39a4@group-9396B2A0AC6B: set firstElectionSinceStartup to false for becomeLeader
2025-07-02 18:52:04,879 [fff6918d-693a-4f9d-b154-ded16baf39a4@group-9396B2A0AC6B-LeaderElection7] INFO  ratis.XceiverServerRatis (XceiverServerRatis.java:handleLeaderChangedNotification(944)) - Leader change notification received for group: group-9396B2A0AC6B with new leaderId: fff6918d-693a-4f9d-b154-ded16baf39a4
2025-07-02 18:52:04,880 [fff6918d-693a-4f9d-b154-ded16baf39a4@group-9396B2A0AC6B-LeaderElection7] INFO  server.RaftServer$Division (ServerState.java:setLeader(272)) - fff6918d-693a-4f9d-b154-ded16baf39a4@group-9396B2A0AC6B: change Leader from null to fff6918d-693a-4f9d-b154-ded16baf39a4 at term 1 for becomeLeader, leader elected after 1106ms
2025-07-02 18:52:04,881 [fff6918d-693a-4f9d-b154-ded16baf39a4@group-29F9E4C8BD46-SegmentedRaftLogWorker] INFO  segmented.SegmentedRaftLogWorker (SegmentedRaftLogWorker.java:execute(647)) - fff6918d-693a-4f9d-b154-ded16baf39a4@group-29F9E4C8BD46-SegmentedRaftLogWorker: created new log segment /home/runner/work/ozone/ozone/hadoop-ozone/integration-test/target/test-dir/MiniOzoneClusterImpl-ff054ab7-6da7-448f-9cae-f629f00b5e08/ozone-meta/datanode-2/ratis/38882b6b-055a-4cb7-acbf-29f9e4c8bd46/current/log_inprogress_0
2025-07-02 18:52:04,881 [fff6918d-693a-4f9d-b154-ded16baf39a4@group-9396B2A0AC6B-LeaderElection7] INFO  segmented.SegmentedRaftLogWorker (SegmentedRaftLogWorker.java:startLogSegment(440)) - fff6918d-693a-4f9d-b154-ded16baf39a4@group-9396B2A0AC6B-SegmentedRaftLogWorker: Starting segment from index:0
2025-07-02 18:52:04,881 [fff6918d-693a-4f9d-b154-ded16baf39a4@group-9396B2A0AC6B-LeaderElection7] INFO  server.RaftServer$Division (ServerState.java:setRaftConf(386)) - fff6918d-693a-4f9d-b154-ded16baf39a4@group-9396B2A0AC6B: set configuration conf: {index: 0, cur=peers:[fff6918d-693a-4f9d-b154-ded16baf39a4|127.0.0.1:15059, 97a6755e-86fd-4537-91b3-54c33d4d83bf|127.0.0.1:15067, a1153de0-65c4-400c-ae9f-71c02a590f14|127.0.0.1:15051]|listeners:[], old=null}
2025-07-02 18:52:04,882 [a1153de0-65c4-400c-ae9f-71c02a590f14@group-29F9E4C8BD46-SegmentedRaftLogWorker] INFO  segmented.SegmentedRaftLogWorker (SegmentedRaftLogWorker.java:execute(647)) - a1153de0-65c4-400c-ae9f-71c02a590f14@group-29F9E4C8BD46-SegmentedRaftLogWorker: created new log segment /home/runner/work/ozone/ozone/hadoop-ozone/integration-test/target/test-dir/MiniOzoneClusterImpl-ff054ab7-6da7-448f-9cae-f629f00b5e08/ozone-meta/datanode-1/ratis/38882b6b-055a-4cb7-acbf-29f9e4c8bd46/current/log_inprogress_0
2025-07-02 18:52:04,882 [fff6918d-693a-4f9d-b154-ded16baf39a4@group-9396B2A0AC6B-SegmentedRaftLogWorker] INFO  segmented.BufferedWriteChannel (BufferedWriteChannel.java:open(61)) - open log_inprogress_0 at position 0
2025-07-02 18:52:04,885 [scmNode-2-EventQueue-PipelineReportForOneReplicaPipelineSafeModeRule] INFO  safemode.SCMSafeModeManager (SCMSafeModeManager.java:validateSafeModeExitRules(139)) - AtleastOneDatanodeReportedRule rule is successfully validated
2025-07-02 18:52:04,885 [scmNode-2-EventQueue-OpenPipelineForHealthyPipelineSafeModeRule] INFO  safemode.SCMSafeModeManager (HealthyPipelineSafeModeRule.java:process(196)) - SCM in safe mode. Healthy pipelines reported count is 1, required healthy pipeline reported count is 1
2025-07-02 18:52:04,885 [scmNode-2-EventQueue-OpenPipelineForHealthyPipelineSafeModeRule] INFO  safemode.SCMSafeModeManager (SCMSafeModeManager.java:validateSafeModeExitRules(139)) - HealthyPipelineSafeModeRule rule is successfully validated
2025-07-02 18:52:04,885 [scmNode-2-EventQueue-OpenPipelineForHealthyPipelineSafeModeRule] INFO  safemode.SCMSafeModeManager (SCMSafeModeManager.java:validateSafeModeExitRules(154)) - ScmSafeModeManager, all rules are successfully validated
2025-07-02 18:52:04,885 [scmNode-2-EventQueue-OpenPipelineForHealthyPipelineSafeModeRule] INFO  safemode.SCMSafeModeManager (SCMSafeModeManager.java:exitSafeMode(177)) - SCM exiting safe mode.
2025-07-02 18:52:04,885 [scmNode-2-EventQueue-OpenPipelineForHealthyPipelineSafeModeRule] INFO  ha.SCMContext (SCMContext.java:updateSafeModeStatus(224)) - Update SafeModeStatus from SafeModeStatus{safeModeStatus=true, preCheckPassed=true} to SafeModeStatus{safeModeStatus=false, preCheckPassed=true}.
2025-07-02 18:52:04,885 [scmNode-3-EventQueue-PipelineReportForOneReplicaPipelineSafeModeRule] INFO  safemode.SCMSafeModeManager (SCMSafeModeManager.java:validateSafeModeExitRules(139)) - AtleastOneDatanodeReportedRule rule is successfully validated
2025-07-02 18:52:04,887 [scmNode-3-EventQueue-OpenPipelineForHealthyPipelineSafeModeRule] INFO  safemode.SCMSafeModeManager (HealthyPipelineSafeModeRule.java:process(196)) - SCM in safe mode. Healthy pipelines reported count is 1, required healthy pipeline reported count is 1
2025-07-02 18:52:04,887 [scmNode-3-EventQueue-OpenPipelineForHealthyPipelineSafeModeRule] INFO  safemode.SCMSafeModeManager (SCMSafeModeManager.java:validateSafeModeExitRules(139)) - HealthyPipelineSafeModeRule rule is successfully validated
2025-07-02 18:52:04,887 [scmNode-3-EventQueue-OpenPipelineForHealthyPipelineSafeModeRule] INFO  safemode.SCMSafeModeManager (SCMSafeModeManager.java:validateSafeModeExitRules(154)) - ScmSafeModeManager, all rules are successfully validated
2025-07-02 18:52:04,887 [scmNode-3-EventQueue-OpenPipelineForHealthyPipelineSafeModeRule] INFO  safemode.SCMSafeModeManager (SCMSafeModeManager.java:exitSafeMode(177)) - SCM exiting safe mode.
2025-07-02 18:52:04,887 [scmNode-3-EventQueue-OpenPipelineForHealthyPipelineSafeModeRule] INFO  ha.SCMContext (SCMContext.java:updateSafeModeStatus(224)) - Update SafeModeStatus from SafeModeStatus{safeModeStatus=true, preCheckPassed=true} to SafeModeStatus{safeModeStatus=false, preCheckPassed=true}.
2025-07-02 18:52:04,891 [97a6755e-86fd-4537-91b3-54c33d4d83bf@group-29F9E4C8BD46-StateMachineUpdater] INFO  server.RaftServer$Division (LeaderStateImpl.java:checkStartIndex(309)) - Leader 97a6755e-86fd-4537-91b3-54c33d4d83bf@group-29F9E4C8BD46-LeaderStateImpl is ready since appliedIndex == startIndex == 0
2025-07-02 18:52:04,897 [97a6755e-86fd-4537-91b3-54c33d4d83bf-groupManagement] INFO  server.RaftServerConfigKeys (ConfUtils.java:logGet(62)) - raft.server.log.appender.buffer.byte-limit = 33554432 (custom)
2025-07-02 18:52:04,897 [grpc-default-executor-4] INFO  ratis.XceiverServerRatis (XceiverServerRatis.java:handleLeaderChangedNotification(944)) - Leader change notification received for group: group-9396B2A0AC6B with new leaderId: fff6918d-693a-4f9d-b154-ded16baf39a4
2025-07-02 18:52:04,897 [grpc-default-executor-4] INFO  server.RaftServer$Division (ServerState.java:setLeader(272)) - 97a6755e-86fd-4537-91b3-54c33d4d83bf@group-9396B2A0AC6B: change Leader from null to fff6918d-693a-4f9d-b154-ded16baf39a4 at term 1 for appendEntries, leader elected after 1154ms
2025-07-02 18:52:04,897 [grpc-default-executor-4] INFO  server.RaftServer$Division (ServerState.java:setRaftConf(386)) - 97a6755e-86fd-4537-91b3-54c33d4d83bf@group-9396B2A0AC6B: set configuration conf: {index: 0, cur=peers:[fff6918d-693a-4f9d-b154-ded16baf39a4|127.0.0.1:15059, 97a6755e-86fd-4537-91b3-54c33d4d83bf|127.0.0.1:15067, a1153de0-65c4-400c-ae9f-71c02a590f14|127.0.0.1:15051]|listeners:[], old=null}
2025-07-02 18:52:04,897 [grpc-default-executor-4] INFO  segmented.SegmentedRaftLogWorker (SegmentedRaftLogWorker.java:startLogSegment(440)) - 97a6755e-86fd-4537-91b3-54c33d4d83bf@group-9396B2A0AC6B-SegmentedRaftLogWorker: Starting segment from index:0
2025-07-02 18:52:04,898 [97a6755e-86fd-4537-91b3-54c33d4d83bf-groupManagement] INFO  segmented.SegmentedRaftLogWorker (SegmentedRaftLogWorker.java:lambda$new$0(141)) - 97a6755e-86fd-4537-91b3-54c33d4d83bf@group-D9B523857D58-SegmentedRaftLogWorker: flushIndex: setUnconditionally 0 -> -1
2025-07-02 18:52:04,898 [97a6755e-86fd-4537-91b3-54c33d4d83bf-groupManagement] INFO  segmented.SegmentedRaftLogWorker (SegmentedRaftLogWorker.java:lambda$new$0(141)) - 97a6755e-86fd-4537-91b3-54c33d4d83bf@group-D9B523857D58-SegmentedRaftLogWorker: safeCacheEvictIndex: setUnconditionally 0 -> -1
2025-07-02 18:52:04,898 [grpc-default-executor-2] INFO  ratis.XceiverServerRatis (XceiverServerRatis.java:handleLeaderChangedNotification(944)) - Leader change notification received for group: group-9396B2A0AC6B with new leaderId: fff6918d-693a-4f9d-b154-ded16baf39a4
2025-07-02 18:52:04,898 [grpc-default-executor-2] INFO  server.RaftServer$Division (ServerState.java:setLeader(272)) - a1153de0-65c4-400c-ae9f-71c02a590f14@group-9396B2A0AC6B: change Leader from null to fff6918d-693a-4f9d-b154-ded16baf39a4 at term 1 for appendEntries, leader elected after 1186ms
2025-07-02 18:52:04,898 [grpc-default-executor-2] INFO  server.RaftServer$Division (ServerState.java:setRaftConf(386)) - a1153de0-65c4-400c-ae9f-71c02a590f14@group-9396B2A0AC6B: set configuration conf: {index: 0, cur=peers:[fff6918d-693a-4f9d-b154-ded16baf39a4|127.0.0.1:15059, 97a6755e-86fd-4537-91b3-54c33d4d83bf|127.0.0.1:15067, a1153de0-65c4-400c-ae9f-71c02a590f14|127.0.0.1:15051]|listeners:[], old=null}
2025-07-02 18:52:04,899 [grpc-default-executor-2] INFO  segmented.SegmentedRaftLogWorker (SegmentedRaftLogWorker.java:startLogSegment(440)) - a1153de0-65c4-400c-ae9f-71c02a590f14@group-9396B2A0AC6B-SegmentedRaftLogWorker: Starting segment from index:0
2025-07-02 18:52:04,899 [a1153de0-65c4-400c-ae9f-71c02a590f14@group-9396B2A0AC6B-SegmentedRaftLogWorker] INFO  segmented.BufferedWriteChannel (BufferedWriteChannel.java:open(61)) - open log_inprogress_0 at position 0
2025-07-02 18:52:04,901 [97a6755e-86fd-4537-91b3-54c33d4d83bf-groupManagement] INFO  server.RaftServer$Division (RaftServerImpl.java:start(405)) - 97a6755e-86fd-4537-91b3-54c33d4d83bf@group-D9B523857D58: start as a follower, conf=conf: {index: -1, cur=peers:[97a6755e-86fd-4537-91b3-54c33d4d83bf|127.0.0.1:15067]|listeners:[], old=null}
2025-07-02 18:52:04,901 [97a6755e-86fd-4537-91b3-54c33d4d83bf-groupManagement] INFO  server.RaftServer$Division (RaftServerImpl.java:setRole(392)) - 97a6755e-86fd-4537-91b3-54c33d4d83bf@group-D9B523857D58: changes role from      null to FOLLOWER at term 0 for startAsFollower
2025-07-02 18:52:04,901 [97a6755e-86fd-4537-91b3-54c33d4d83bf-groupManagement] INFO  impl.RoleInfo (RoleInfo.java:updateAndGet(148)) - 97a6755e-86fd-4537-91b3-54c33d4d83bf: start 97a6755e-86fd-4537-91b3-54c33d4d83bf@group-D9B523857D58-FollowerState
2025-07-02 18:52:04,902 [97a6755e-86fd-4537-91b3-54c33d4d83bf-groupManagement] INFO  util.JmxRegister (JmxRegister.java:tryRegister(44)) - Successfully registered JMX Bean with object name Ratis:service=RaftServer,group=group-D9B523857D58,id=97a6755e-86fd-4537-91b3-54c33d4d83bf
2025-07-02 18:52:04,902 [97a6755e-86fd-4537-91b3-54c33d4d83bf-groupManagement] INFO  util.JmxRegister (JmxRegister.java:register(58)) - register mxBean class org.apache.ratis.server.impl.RaftServerJmxAdapter as Ratis:service=RaftServer,group=group-D9B523857D58,id=97a6755e-86fd-4537-91b3-54c33d4d83bf
2025-07-02 18:52:04,902 [97a6755e-86fd-4537-91b3-54c33d4d83bf@group-9396B2A0AC6B-SegmentedRaftLogWorker] INFO  segmented.BufferedWriteChannel (BufferedWriteChannel.java:open(61)) - open log_inprogress_0 at position 0
2025-07-02 18:52:04,904 [fff6918d-693a-4f9d-b154-ded16baf39a4@group-9396B2A0AC6B-SegmentedRaftLogWorker] INFO  segmented.SegmentedRaftLogWorker (SegmentedRaftLogWorker.java:execute(647)) - fff6918d-693a-4f9d-b154-ded16baf39a4@group-9396B2A0AC6B-SegmentedRaftLogWorker: created new log segment /home/runner/work/ozone/ozone/hadoop-ozone/integration-test/target/test-dir/MiniOzoneClusterImpl-ff054ab7-6da7-448f-9cae-f629f00b5e08/ozone-meta/datanode-2/ratis/e4f4775a-5ba1-419b-a816-9396b2a0ac6b/current/log_inprogress_0
2025-07-02 18:52:04,905 [scmNode-1-EventQueue-PipelineReportForPipelineReportHandler] INFO  pipeline.PipelineReportHandler (PipelineReportHandler.java:processPipelineReport(134)) - Opened pipeline Pipeline-e4f4775a-5ba1-419b-a816-9396b2a0ac6b
2025-07-02 18:52:04,909 [97a6755e-86fd-4537-91b3-54c33d4d83bf-groupManagement] INFO  server.RaftServer$Division (RaftServerImpl.java:start(419)) - 97a6755e-86fd-4537-91b3-54c33d4d83bf@group-D9B523857D58: Successfully started.
2025-07-02 18:52:04,910 [97a6755e-86fd-4537-91b3-54c33d4d83bf-PipelineCommandHandlerThread-0] INFO  ratis.XceiverServerRatis (XceiverServerRatis.java:addGroup(843)) - Created group Pipeline-fa50ce93-e3bb-4e62-941c-d9b523857d58
2025-07-02 18:52:04,911 [97a6755e-86fd-4537-91b3-54c33d4d83bf-PipelineCommandHandlerThread-0] INFO  commandhandler.CreatePipelineCommandHandler (CreatePipelineCommandHandler.java:lambda$handle$2(127)) - Created Pipeline RATIS ONE Pipeline-fa50ce93-e3bb-4e62-941c-d9b523857d58.
2025-07-02 18:52:04,918 [a1153de0-65c4-400c-ae9f-71c02a590f14@group-9396B2A0AC6B-SegmentedRaftLogWorker] INFO  segmented.SegmentedRaftLogWorker (SegmentedRaftLogWorker.java:execute(647)) - a1153de0-65c4-400c-ae9f-71c02a590f14@group-9396B2A0AC6B-SegmentedRaftLogWorker: created new log segment /home/runner/work/ozone/ozone/hadoop-ozone/integration-test/target/test-dir/MiniOzoneClusterImpl-ff054ab7-6da7-448f-9cae-f629f00b5e08/ozone-meta/datanode-1/ratis/e4f4775a-5ba1-419b-a816-9396b2a0ac6b/current/log_inprogress_0
2025-07-02 18:52:04,918 [97a6755e-86fd-4537-91b3-54c33d4d83bf@group-9396B2A0AC6B-SegmentedRaftLogWorker] INFO  segmented.SegmentedRaftLogWorker (SegmentedRaftLogWorker.java:execute(647)) - 97a6755e-86fd-4537-91b3-54c33d4d83bf@group-9396B2A0AC6B-SegmentedRaftLogWorker: created new log segment /home/runner/work/ozone/ozone/hadoop-ozone/integration-test/target/test-dir/MiniOzoneClusterImpl-ff054ab7-6da7-448f-9cae-f629f00b5e08/ozone-meta/datanode-3/ratis/e4f4775a-5ba1-419b-a816-9396b2a0ac6b/current/log_inprogress_0
2025-07-02 18:52:04,929 [fff6918d-693a-4f9d-b154-ded16baf39a4@group-9396B2A0AC6B-StateMachineUpdater] INFO  server.RaftServer$Division (LeaderStateImpl.java:checkStartIndex(309)) - Leader fff6918d-693a-4f9d-b154-ded16baf39a4@group-9396B2A0AC6B-LeaderStateImpl is ready since appliedIndex == startIndex == 0
2025-07-02 18:52:05,225 [fff6918d-693a-4f9d-b154-ded16baf39a4@group-E1B0436F3D7C-FollowerState] INFO  impl.FollowerState (FollowerState.java:runImpl(161)) - fff6918d-693a-4f9d-b154-ded16baf39a4@group-E1B0436F3D7C-FollowerState: change to CANDIDATE, lastRpcElapsedTime:1067553639ns, electionTimeout:1066ms
2025-07-02 18:52:05,226 [fff6918d-693a-4f9d-b154-ded16baf39a4@group-E1B0436F3D7C-FollowerState] INFO  impl.RoleInfo (RoleInfo.java:shutdownFollowerState(121)) - fff6918d-693a-4f9d-b154-ded16baf39a4: shutdown fff6918d-693a-4f9d-b154-ded16baf39a4@group-E1B0436F3D7C-FollowerState
2025-07-02 18:52:05,226 [fff6918d-693a-4f9d-b154-ded16baf39a4@group-E1B0436F3D7C-FollowerState] INFO  server.RaftServer$Division (RaftServerImpl.java:setRole(392)) - fff6918d-693a-4f9d-b154-ded16baf39a4@group-E1B0436F3D7C: changes role from  FOLLOWER to CANDIDATE at term 0 for changeToCandidate
2025-07-02 18:52:05,226 [fff6918d-693a-4f9d-b154-ded16baf39a4@group-E1B0436F3D7C-FollowerState] INFO  impl.RoleInfo (RoleInfo.java:updateAndGet(148)) - fff6918d-693a-4f9d-b154-ded16baf39a4: start fff6918d-693a-4f9d-b154-ded16baf39a4@group-E1B0436F3D7C-LeaderElection9
2025-07-02 18:52:05,226 [fff6918d-693a-4f9d-b154-ded16baf39a4@group-E1B0436F3D7C-LeaderElection9] INFO  impl.LeaderElection (LeaderElection.java:askForVotes(448)) - fff6918d-693a-4f9d-b154-ded16baf39a4@group-E1B0436F3D7C-LeaderElection9 PRE_VOTE round 0: submit vote requests at term 0 for conf: {index: -1, cur=peers:[fff6918d-693a-4f9d-b154-ded16baf39a4|127.0.0.1:15059]|listeners:[], old=null}
2025-07-02 18:52:05,226 [fff6918d-693a-4f9d-b154-ded16baf39a4@group-E1B0436F3D7C-LeaderElection9] INFO  impl.LeaderElection (LeaderElection.java:askForVotes(450)) - fff6918d-693a-4f9d-b154-ded16baf39a4@group-E1B0436F3D7C-LeaderElection9 PRE_VOTE round 0: result PASSED (term=0)
2025-07-02 18:52:05,227 [fff6918d-693a-4f9d-b154-ded16baf39a4@group-E1B0436F3D7C-LeaderElection9] INFO  impl.LeaderElection (LeaderElection.java:askForVotes(448)) - fff6918d-693a-4f9d-b154-ded16baf39a4@group-E1B0436F3D7C-LeaderElection9 ELECTION round 0: submit vote requests at term 1 for conf: {index: -1, cur=peers:[fff6918d-693a-4f9d-b154-ded16baf39a4|127.0.0.1:15059]|listeners:[], old=null}
2025-07-02 18:52:05,228 [fff6918d-693a-4f9d-b154-ded16baf39a4@group-E1B0436F3D7C-LeaderElection9] INFO  impl.LeaderElection (LeaderElection.java:askForVotes(450)) - fff6918d-693a-4f9d-b154-ded16baf39a4@group-E1B0436F3D7C-LeaderElection9 ELECTION round 0: result PASSED (term=1)
2025-07-02 18:52:05,228 [fff6918d-693a-4f9d-b154-ded16baf39a4@group-E1B0436F3D7C-LeaderElection9] INFO  impl.RoleInfo (RoleInfo.java:shutdownLeaderElection(141)) - fff6918d-693a-4f9d-b154-ded16baf39a4: shutdown fff6918d-693a-4f9d-b154-ded16baf39a4@group-E1B0436F3D7C-LeaderElection9
2025-07-02 18:52:05,228 [fff6918d-693a-4f9d-b154-ded16baf39a4@group-E1B0436F3D7C-LeaderElection9] INFO  server.RaftServer$Division (RaftServerImpl.java:setRole(392)) - fff6918d-693a-4f9d-b154-ded16baf39a4@group-E1B0436F3D7C: changes role from CANDIDATE to LEADER at term 1 for changeToLeader
2025-07-02 18:52:05,228 [fff6918d-693a-4f9d-b154-ded16baf39a4@group-E1B0436F3D7C-LeaderElection9] INFO  server.RaftServerConfigKeys (ConfUtils.java:logFallback(69)) - raft.server.staging.timeout = 15600ms (fallback to raft.server.rpc.timeout.max)
2025-07-02 18:52:05,228 [fff6918d-693a-4f9d-b154-ded16baf39a4@group-E1B0436F3D7C-LeaderElection9] INFO  server.RaftServerConfigKeys (ConfUtils.java:logGet(62)) - raft.server.write.byte-limit = 1024 M (=1073741824) (custom)
2025-07-02 18:52:05,229 [fff6918d-693a-4f9d-b154-ded16baf39a4@group-E1B0436F3D7C-LeaderElection9] INFO  impl.RoleInfo (RoleInfo.java:updateAndGet(148)) - fff6918d-693a-4f9d-b154-ded16baf39a4: start fff6918d-693a-4f9d-b154-ded16baf39a4@group-E1B0436F3D7C-LeaderStateImpl
2025-07-02 18:52:05,229 [fff6918d-693a-4f9d-b154-ded16baf39a4@group-E1B0436F3D7C-LeaderElection9] INFO  server.RaftServer$Division (RaftServerImpl.java:setFirstElection(576)) - fff6918d-693a-4f9d-b154-ded16baf39a4@group-E1B0436F3D7C: set firstElectionSinceStartup to false for becomeLeader
2025-07-02 18:52:05,229 [fff6918d-693a-4f9d-b154-ded16baf39a4@group-E1B0436F3D7C-LeaderElection9] INFO  ratis.XceiverServerRatis (XceiverServerRatis.java:handleLeaderChangedNotification(944)) - Leader change notification received for group: group-E1B0436F3D7C with new leaderId: fff6918d-693a-4f9d-b154-ded16baf39a4
2025-07-02 18:52:05,230 [fff6918d-693a-4f9d-b154-ded16baf39a4@group-E1B0436F3D7C-LeaderElection9] INFO  server.RaftServer$Division (ServerState.java:setLeader(272)) - fff6918d-693a-4f9d-b154-ded16baf39a4@group-E1B0436F3D7C: change Leader from null to fff6918d-693a-4f9d-b154-ded16baf39a4 at term 1 for becomeLeader, leader elected after 1095ms
2025-07-02 18:52:05,230 [fff6918d-693a-4f9d-b154-ded16baf39a4@group-E1B0436F3D7C-LeaderElection9] INFO  segmented.SegmentedRaftLogWorker (SegmentedRaftLogWorker.java:startLogSegment(440)) - fff6918d-693a-4f9d-b154-ded16baf39a4@group-E1B0436F3D7C-SegmentedRaftLogWorker: Starting segment from index:0
2025-07-02 18:52:05,230 [fff6918d-693a-4f9d-b154-ded16baf39a4@group-E1B0436F3D7C-SegmentedRaftLogWorker] INFO  segmented.BufferedWriteChannel (BufferedWriteChannel.java:open(61)) - open log_inprogress_0 at position 0
2025-07-02 18:52:05,233 [fff6918d-693a-4f9d-b154-ded16baf39a4@group-E1B0436F3D7C-LeaderElection9] INFO  server.RaftServer$Division (ServerState.java:setRaftConf(386)) - fff6918d-693a-4f9d-b154-ded16baf39a4@group-E1B0436F3D7C: set configuration conf: {index: 0, cur=peers:[fff6918d-693a-4f9d-b154-ded16baf39a4|127.0.0.1:15059]|listeners:[], old=null}
2025-07-02 18:52:05,242 [fff6918d-693a-4f9d-b154-ded16baf39a4@group-E1B0436F3D7C-SegmentedRaftLogWorker] INFO  segmented.SegmentedRaftLogWorker (SegmentedRaftLogWorker.java:execute(647)) - fff6918d-693a-4f9d-b154-ded16baf39a4@group-E1B0436F3D7C-SegmentedRaftLogWorker: created new log segment /home/runner/work/ozone/ozone/hadoop-ozone/integration-test/target/test-dir/MiniOzoneClusterImpl-ff054ab7-6da7-448f-9cae-f629f00b5e08/ozone-meta/datanode-2/ratis/b2043f70-fa2b-4dc3-b676-e1b0436f3d7c/current/log_inprogress_0
2025-07-02 18:52:05,244 [fff6918d-693a-4f9d-b154-ded16baf39a4@group-E1B0436F3D7C-StateMachineUpdater] INFO  server.RaftServer$Division (LeaderStateImpl.java:checkStartIndex(309)) - Leader fff6918d-693a-4f9d-b154-ded16baf39a4@group-E1B0436F3D7C-LeaderStateImpl is ready since appliedIndex == startIndex == 0
2025-07-02 18:52:05,314 [main] INFO  ozone.MiniOzoneClusterImpl (MiniOzoneClusterImpl.java:lambda$waitForClusterToBeReady$0(173)) - Nodes are ready. Got 3 of 3 DN Heartbeats.
2025-07-02 18:52:05,314 [main] INFO  ozone.MiniOzoneClusterImpl (MiniOzoneClusterImpl.java:lambda$waitForClusterToBeReady$0(176)) - Cluster exits safe mode
2025-07-02 18:52:05,314 [main] INFO  ozone.MiniOzoneClusterImpl (MiniOzoneClusterImpl.java:lambda$waitForClusterToBeReady$0(178)) - SCM became leader
2025-07-02 18:52:05,540 [Socket Reader #2 for port 15042] INFO  ipc.Server (Server.java:saslProcess(2290)) - Auth successful for scm/localhost@EXAMPLE.COM (auth:KERBEROS) from 127.0.0.1:36695
2025-07-02 18:52:05,723 [IPC Server handler 2 on default port 15042] INFO  ha.SCMNodeInfo (SCMNodeInfo.java:getPort(197)) - ConfigKey ozone.scm.client.address is deprecated, For configuring different ports for each SCM use PortConfigKey ozone.scm.client.port appended with serviceId and nodeId
2025-07-02 18:52:05,723 [IPC Server handler 2 on default port 15042] INFO  ha.SCMNodeInfo (SCMNodeInfo.java:getPort(197)) - ConfigKey ozone.scm.block.client.address is deprecated, For configuring different ports for each SCM use PortConfigKey ozone.scm.block.client.port appended with serviceId and nodeId
2025-07-02 18:52:05,723 [IPC Server handler 2 on default port 15042] INFO  ha.SCMNodeInfo (SCMNodeInfo.java:getPort(197)) - ConfigKey ozone.scm.security.service.address is deprecated, For configuring different ports for each SCM use PortConfigKey ozone.scm.security.service.port appended with serviceId and nodeId
2025-07-02 18:52:05,723 [IPC Server handler 2 on default port 15042] INFO  ha.SCMNodeInfo (SCMNodeInfo.java:getPort(197)) - ConfigKey ozone.scm.datanode.address is deprecated, For configuring different ports for each SCM use PortConfigKey ozone.scm.datanode.port appended with serviceId and nodeId
2025-07-02 18:52:05,723 [IPC Server handler 2 on default port 15042] INFO  ha.SCMNodeInfo (SCMNodeInfo.java:getPort(197)) - ConfigKey ozone.scm.client.address is deprecated, For configuring different ports for each SCM use PortConfigKey ozone.scm.client.port appended with serviceId and nodeId
2025-07-02 18:52:05,723 [IPC Server handler 2 on default port 15042] INFO  ha.SCMNodeInfo (SCMNodeInfo.java:getPort(197)) - ConfigKey ozone.scm.block.client.address is deprecated, For configuring different ports for each SCM use PortConfigKey ozone.scm.block.client.port appended with serviceId and nodeId
2025-07-02 18:52:05,723 [IPC Server handler 2 on default port 15042] INFO  ha.SCMNodeInfo (SCMNodeInfo.java:getPort(197)) - ConfigKey ozone.scm.security.service.address is deprecated, For configuring different ports for each SCM use PortConfigKey ozone.scm.security.service.port appended with serviceId and nodeId
2025-07-02 18:52:05,724 [IPC Server handler 2 on default port 15042] INFO  ha.SCMNodeInfo (SCMNodeInfo.java:getPort(197)) - ConfigKey ozone.scm.datanode.address is deprecated, For configuring different ports for each SCM use PortConfigKey ozone.scm.datanode.port appended with serviceId and nodeId
2025-07-02 18:52:05,724 [IPC Server handler 2 on default port 15042] INFO  ha.SCMNodeInfo (SCMNodeInfo.java:getPort(197)) - ConfigKey ozone.scm.client.address is deprecated, For configuring different ports for each SCM use PortConfigKey ozone.scm.client.port appended with serviceId and nodeId
2025-07-02 18:52:05,724 [IPC Server handler 2 on default port 15042] INFO  ha.SCMNodeInfo (SCMNodeInfo.java:getPort(197)) - ConfigKey ozone.scm.block.client.address is deprecated, For configuring different ports for each SCM use PortConfigKey ozone.scm.block.client.port appended with serviceId and nodeId
2025-07-02 18:52:05,724 [IPC Server handler 2 on default port 15042] INFO  ha.SCMNodeInfo (SCMNodeInfo.java:getPort(197)) - ConfigKey ozone.scm.security.service.address is deprecated, For configuring different ports for each SCM use PortConfigKey ozone.scm.security.service.port appended with serviceId and nodeId
2025-07-02 18:52:05,724 [IPC Server handler 2 on default port 15042] INFO  ha.SCMNodeInfo (SCMNodeInfo.java:getPort(197)) - ConfigKey ozone.scm.datanode.address is deprecated, For configuring different ports for each SCM use PortConfigKey ozone.scm.datanode.port appended with serviceId and nodeId
2025-07-02 18:52:05,736 [main] INFO  client.SCMCertificateClient (DefaultCertificateClient.java:getAllCaCerts(979)) - scm/sub-ca has 1 CA certificates
2025-07-02 18:52:05,736 [main] INFO  client.SCMCertificateClient (DefaultCertificateClient.java:getAllRootCaCerts(971)) - scm/sub-ca has 0 Root CA certificates
2025-07-02 18:52:05,736 [main] WARN  statemachine.DatanodeConfiguration (DatanodeConfiguration.java:validateMinFreeSpace(751)) - hdds.datanode.volume.min.free.space.percent = -1.0 is invalid, should be between 0 and 1
2025-07-02 18:52:05,749 [main] INFO  rpc.RpcClient (RpcClient.java:createVolume(461)) - Creating Volume: c5ad13d7-0922-489c-adde-7a893f0c3205, with scm as owner and space quota set to -1 bytes, counts quota set to -1
2025-07-02 18:52:05,761 [om1-OMStateMachineApplyTransactionThread - 0] WARN  helpers.OzoneAclUtil (OzoneAclUtil.java:getDefaultAclList(68)) - Failed to get primary group from user scm (auth:SIMPLE)
2025-07-02 18:52:05,762 [om1-OMStateMachineApplyTransactionThread - 0] INFO  volume.OMVolumeCreateRequest (OMVolumeCreateRequest.java:validateAndUpdateCache(203)) - created volume:c5ad13d7-0922-489c-adde-7a893f0c3205 for user:scm
2025-07-02 18:52:05,773 [main] INFO  rpc.RpcClient (RpcClient.java:createBucket(686)) - Creating Bucket: c5ad13d7-0922-489c-adde-7a893f0c3205/091fd5b3-9621-491d-bcd6-5a7b9edb49a0, with server-side default bucket layout, scm as owner, Versioning false, Storage Type set to DISK and Encryption set to false, Replication Type set to server-side default replication type, Namespace Quota set to -1, Space Quota set to -1 
2025-07-02 18:52:05,779 [om1-OMStateMachineApplyTransactionThread - 0] WARN  helpers.OzoneAclUtil (OzoneAclUtil.java:getDefaultAclList(68)) - Failed to get primary group from user scm/localhost@EXAMPLE.COM (auth:SIMPLE)
2025-07-02 18:52:05,781 [om1-OMStateMachineApplyTransactionThread - 0] INFO  bucket.OMBucketCreateRequest (OMBucketCreateRequest.java:validateAndUpdateCache(292)) - created bucket: 091fd5b3-9621-491d-bcd6-5a7b9edb49a0 of layout FILE_SYSTEM_OPTIMIZED in volume: c5ad13d7-0922-489c-adde-7a893f0c3205
2025-07-02 18:52:05,829 [IPC Server handler 0 on default port 15007] INFO  ha.SequenceIdGenerator (SequenceIdGenerator.java:getNextId(135)) - Allocate a batch for containerId, change lastId from 0 to 1000.
2025-07-02 18:52:05,844 [0570d27e-7557-449b-949c-3e7f7fc57b05@group-F629F00B5E08-StateMachineUpdater] WARN  ha.SequenceIdGenerator (SequenceIdGenerator.java:allocateBatch(248)) - Failed to allocate a batch for localId, expected lastId is 0, actual lastId is 115816896921600000.
2025-07-02 18:52:05,846 [4680a024-3a59-4e75-8ac7-1755b08d3543@group-F629F00B5E08-StateMachineUpdater] WARN  ha.SequenceIdGenerator (SequenceIdGenerator.java:allocateBatch(248)) - Failed to allocate a batch for localId, expected lastId is 0, actual lastId is 115816896921600000.
2025-07-02 18:52:05,846 [ca181966-e7f6-4c77-8344-65416d18d1f8@group-F629F00B5E08-StateMachineUpdater] WARN  ha.SequenceIdGenerator (SequenceIdGenerator.java:allocateBatch(248)) - Failed to allocate a batch for localId, expected lastId is 0, actual lastId is 115816896921600000.
2025-07-02 18:52:05,847 [IPC Server handler 0 on default port 15007] INFO  ha.SequenceIdGenerator (SequenceIdGenerator.java:getNextId(135)) - Allocate a batch for localId, change lastId from 115816896921600000 to 115816896921601000.
2025-07-02 18:52:05,876 [om1-OMStateMachineApplyTransactionThread - 0] WARN  helpers.OzoneAclUtil (OzoneAclUtil.java:getDefaultAclList(68)) - Failed to get primary group from user scm/localhost@EXAMPLE.COM (auth:SIMPLE)
2025-07-02 18:52:05,913 [main] INFO  impl.MetricsSystemImpl (MetricsSystemImpl.java:init(158)) - XceiverClientMetrics metrics system started (again)
2025-07-02 18:52:05,930 [97a6755e-86fd-4537-91b3-54c33d4d83bf@group-D9B523857D58-FollowerState] INFO  impl.FollowerState (FollowerState.java:runImpl(161)) - 97a6755e-86fd-4537-91b3-54c33d4d83bf@group-D9B523857D58-FollowerState: change to CANDIDATE, lastRpcElapsedTime:1028654790ns, electionTimeout:1027ms
2025-07-02 18:52:05,930 [97a6755e-86fd-4537-91b3-54c33d4d83bf@group-D9B523857D58-FollowerState] INFO  impl.RoleInfo (RoleInfo.java:shutdownFollowerState(121)) - 97a6755e-86fd-4537-91b3-54c33d4d83bf: shutdown 97a6755e-86fd-4537-91b3-54c33d4d83bf@group-D9B523857D58-FollowerState
2025-07-02 18:52:05,930 [97a6755e-86fd-4537-91b3-54c33d4d83bf@group-D9B523857D58-FollowerState] INFO  server.RaftServer$Division (RaftServerImpl.java:setRole(392)) - 97a6755e-86fd-4537-91b3-54c33d4d83bf@group-D9B523857D58: changes role from  FOLLOWER to CANDIDATE at term 0 for changeToCandidate
2025-07-02 18:52:05,930 [97a6755e-86fd-4537-91b3-54c33d4d83bf@group-D9B523857D58-FollowerState] INFO  impl.RoleInfo (RoleInfo.java:updateAndGet(148)) - 97a6755e-86fd-4537-91b3-54c33d4d83bf: start 97a6755e-86fd-4537-91b3-54c33d4d83bf@group-D9B523857D58-LeaderElection10
2025-07-02 18:52:05,931 [97a6755e-86fd-4537-91b3-54c33d4d83bf@group-D9B523857D58-LeaderElection10] INFO  impl.LeaderElection (LeaderElection.java:askForVotes(448)) - 97a6755e-86fd-4537-91b3-54c33d4d83bf@group-D9B523857D58-LeaderElection10 PRE_VOTE round 0: submit vote requests at term 0 for conf: {index: -1, cur=peers:[97a6755e-86fd-4537-91b3-54c33d4d83bf|127.0.0.1:15067]|listeners:[], old=null}
2025-07-02 18:52:05,931 [97a6755e-86fd-4537-91b3-54c33d4d83bf@group-D9B523857D58-LeaderElection10] INFO  impl.LeaderElection (LeaderElection.java:askForVotes(450)) - 97a6755e-86fd-4537-91b3-54c33d4d83bf@group-D9B523857D58-LeaderElection10 PRE_VOTE round 0: result PASSED (term=0)
2025-07-02 18:52:05,936 [97a6755e-86fd-4537-91b3-54c33d4d83bf@group-D9B523857D58-LeaderElection10] INFO  impl.LeaderElection (LeaderElection.java:askForVotes(448)) - 97a6755e-86fd-4537-91b3-54c33d4d83bf@group-D9B523857D58-LeaderElection10 ELECTION round 0: submit vote requests at term 1 for conf: {index: -1, cur=peers:[97a6755e-86fd-4537-91b3-54c33d4d83bf|127.0.0.1:15067]|listeners:[], old=null}
2025-07-02 18:52:05,936 [97a6755e-86fd-4537-91b3-54c33d4d83bf@group-D9B523857D58-LeaderElection10] INFO  impl.LeaderElection (LeaderElection.java:askForVotes(450)) - 97a6755e-86fd-4537-91b3-54c33d4d83bf@group-D9B523857D58-LeaderElection10 ELECTION round 0: result PASSED (term=1)
2025-07-02 18:52:05,936 [97a6755e-86fd-4537-91b3-54c33d4d83bf@group-D9B523857D58-LeaderElection10] INFO  impl.RoleInfo (RoleInfo.java:shutdownLeaderElection(141)) - 97a6755e-86fd-4537-91b3-54c33d4d83bf: shutdown 97a6755e-86fd-4537-91b3-54c33d4d83bf@group-D9B523857D58-LeaderElection10
2025-07-02 18:52:05,936 [97a6755e-86fd-4537-91b3-54c33d4d83bf@group-D9B523857D58-LeaderElection10] INFO  server.RaftServer$Division (RaftServerImpl.java:setRole(392)) - 97a6755e-86fd-4537-91b3-54c33d4d83bf@group-D9B523857D58: changes role from CANDIDATE to LEADER at term 1 for changeToLeader
2025-07-02 18:52:05,936 [97a6755e-86fd-4537-91b3-54c33d4d83bf@group-D9B523857D58-LeaderElection10] INFO  server.RaftServerConfigKeys (ConfUtils.java:logFallback(69)) - raft.server.staging.timeout = 15600ms (fallback to raft.server.rpc.timeout.max)
2025-07-02 18:52:05,937 [97a6755e-86fd-4537-91b3-54c33d4d83bf@group-D9B523857D58-LeaderElection10] INFO  server.RaftServerConfigKeys (ConfUtils.java:logGet(62)) - raft.server.write.byte-limit = 1024 M (=1073741824) (custom)
2025-07-02 18:52:05,938 [97a6755e-86fd-4537-91b3-54c33d4d83bf@group-D9B523857D58-LeaderElection10] INFO  impl.RoleInfo (RoleInfo.java:updateAndGet(148)) - 97a6755e-86fd-4537-91b3-54c33d4d83bf: start 97a6755e-86fd-4537-91b3-54c33d4d83bf@group-D9B523857D58-LeaderStateImpl
2025-07-02 18:52:05,938 [97a6755e-86fd-4537-91b3-54c33d4d83bf@group-D9B523857D58-LeaderElection10] INFO  server.RaftServer$Division (RaftServerImpl.java:setFirstElection(576)) - 97a6755e-86fd-4537-91b3-54c33d4d83bf@group-D9B523857D58: set firstElectionSinceStartup to false for becomeLeader
2025-07-02 18:52:05,938 [97a6755e-86fd-4537-91b3-54c33d4d83bf@group-D9B523857D58-LeaderElection10] INFO  ratis.XceiverServerRatis (XceiverServerRatis.java:handleLeaderChangedNotification(944)) - Leader change notification received for group: group-D9B523857D58 with new leaderId: 97a6755e-86fd-4537-91b3-54c33d4d83bf
2025-07-02 18:52:05,939 [97a6755e-86fd-4537-91b3-54c33d4d83bf@group-D9B523857D58-LeaderElection10] INFO  server.RaftServer$Division (ServerState.java:setLeader(272)) - 97a6755e-86fd-4537-91b3-54c33d4d83bf@group-D9B523857D58: change Leader from null to 97a6755e-86fd-4537-91b3-54c33d4d83bf at term 1 for becomeLeader, leader elected after 1121ms
2025-07-02 18:52:05,940 [97a6755e-86fd-4537-91b3-54c33d4d83bf@group-D9B523857D58-LeaderElection10] INFO  segmented.SegmentedRaftLogWorker (SegmentedRaftLogWorker.java:startLogSegment(440)) - 97a6755e-86fd-4537-91b3-54c33d4d83bf@group-D9B523857D58-SegmentedRaftLogWorker: Starting segment from index:0
2025-07-02 18:52:05,941 [97a6755e-86fd-4537-91b3-54c33d4d83bf@group-D9B523857D58-SegmentedRaftLogWorker] INFO  segmented.BufferedWriteChannel (BufferedWriteChannel.java:open(61)) - open log_inprogress_0 at position 0
2025-07-02 18:52:05,941 [97a6755e-86fd-4537-91b3-54c33d4d83bf@group-D9B523857D58-LeaderElection10] INFO  server.RaftServer$Division (ServerState.java:setRaftConf(386)) - 97a6755e-86fd-4537-91b3-54c33d4d83bf@group-D9B523857D58: set configuration conf: {index: 0, cur=peers:[97a6755e-86fd-4537-91b3-54c33d4d83bf|127.0.0.1:15067]|listeners:[], old=null}
2025-07-02 18:52:05,951 [97a6755e-86fd-4537-91b3-54c33d4d83bf@group-D9B523857D58-SegmentedRaftLogWorker] INFO  segmented.SegmentedRaftLogWorker (SegmentedRaftLogWorker.java:execute(647)) - 97a6755e-86fd-4537-91b3-54c33d4d83bf@group-D9B523857D58-SegmentedRaftLogWorker: created new log segment /home/runner/work/ozone/ozone/hadoop-ozone/integration-test/target/test-dir/MiniOzoneClusterImpl-ff054ab7-6da7-448f-9cae-f629f00b5e08/ozone-meta/datanode-3/ratis/fa50ce93-e3bb-4e62-941c-d9b523857d58/current/log_inprogress_0
2025-07-02 18:52:05,954 [97a6755e-86fd-4537-91b3-54c33d4d83bf@group-D9B523857D58-StateMachineUpdater] INFO  server.RaftServer$Division (LeaderStateImpl.java:checkStartIndex(309)) - Leader 97a6755e-86fd-4537-91b3-54c33d4d83bf@group-D9B523857D58-LeaderStateImpl is ready since appliedIndex == startIndex == 0
2025-07-02 18:52:06,014 [97a6755e-86fd-4537-91b3-54c33d4d83bf-client-thread1] INFO  symmetric.DefaultSecretKeyVerifierClient (DefaultSecretKeyVerifierClient.java:load(71)) - Secret key fetched from SCM: SecretKey(id = 45b1e288-be58-412a-8e87-841ece61fad4, creation at: 2025-07-02T18:51:41.729Z, expire at: 2025-07-02T19:00:01.729Z)
2025-07-02 18:52:06,035 [97a6755e-86fd-4537-91b3-54c33d4d83bf-ChunkWriter-1-0] WARN  statemachine.DatanodeConfiguration (DatanodeConfiguration.java:validateMinFreeSpace(751)) - hdds.datanode.volume.min.free.space.percent = -1.0 is invalid, should be between 0 and 1
2025-07-02 18:52:06,035 [fff6918d-693a-4f9d-b154-ded16baf39a4-ChunkWriter-1-0] WARN  statemachine.DatanodeConfiguration (DatanodeConfiguration.java:validateMinFreeSpace(751)) - hdds.datanode.volume.min.free.space.percent = -1.0 is invalid, should be between 0 and 1
2025-07-02 18:52:06,035 [a1153de0-65c4-400c-ae9f-71c02a590f14-ChunkWriter-1-0] WARN  statemachine.DatanodeConfiguration (DatanodeConfiguration.java:validateMinFreeSpace(751)) - hdds.datanode.volume.min.free.space.percent = -1.0 is invalid, should be between 0 and 1
2025-07-02 18:52:06,037 [a1153de0-65c4-400c-ae9f-71c02a590f14-ChunkWriter-1-0] WARN  statemachine.DatanodeConfiguration (DatanodeConfiguration.java:validateMinFreeSpace(751)) - hdds.datanode.volume.min.free.space.percent = -1.0 is invalid, should be between 0 and 1
2025-07-02 18:52:06,037 [97a6755e-86fd-4537-91b3-54c33d4d83bf-ChunkWriter-1-0] WARN  statemachine.DatanodeConfiguration (DatanodeConfiguration.java:validateMinFreeSpace(751)) - hdds.datanode.volume.min.free.space.percent = -1.0 is invalid, should be between 0 and 1
2025-07-02 18:52:06,037 [fff6918d-693a-4f9d-b154-ded16baf39a4-ChunkWriter-1-0] WARN  statemachine.DatanodeConfiguration (DatanodeConfiguration.java:validateMinFreeSpace(751)) - hdds.datanode.volume.min.free.space.percent = -1.0 is invalid, should be between 0 and 1
2025-07-02 18:52:06,278 [Socket Reader #2 for port 15005] INFO  ipc.Server (Server.java:saslProcess(2290)) - Auth successful for scm/localhost@EXAMPLE.COM (auth:KERBEROS) from 127.0.0.1:37657
2025-07-02 18:52:06,386 [scmNode-1-EventQueue-CloseContainerForCloseContainerEventHandler] INFO  container.CloseContainerEventHandler (CloseContainerEventHandler.java:onMessage(88)) - Close container Event triggered for container : #1, current state: OPEN
2025-07-02 18:52:06,398 [scmNode-1-EventQueue-CloseContainerForCloseContainerEventHandler] INFO  container.CloseContainerEventHandler (CloseContainerEventHandler.java:onMessage(88)) - Close container Event triggered for container : #1, current state: CLOSING
2025-07-02 18:52:06,399 [scmNode-1-EventQueue-CloseContainerForCloseContainerEventHandler] INFO  container.CloseContainerEventHandler (CloseContainerEventHandler.java:onMessage(88)) - Close container Event triggered for container : #1, current state: CLOSING
2025-07-02 18:52:09,093 [fff6918d-693a-4f9d-b154-ded16baf39a4-CloseContainerThread-0] WARN  keyvalue.KeyValueHandler (KeyValueHandler.java:updateAndGetContainerChecksum(1451)) - Container data checksum updated from 0 to 75981722
2025-07-02 18:52:09,093 [a1153de0-65c4-400c-ae9f-71c02a590f14-CloseContainerThread-0] WARN  keyvalue.KeyValueHandler (KeyValueHandler.java:updateAndGetContainerChecksum(1451)) - Container data checksum updated from 0 to 75981722
2025-07-02 18:52:09,095 [fff6918d-693a-4f9d-b154-ded16baf39a4-CloseContainerThread-0] INFO  commandhandler.CloseContainerCommandHandler (CloseContainerCommandHandler.java:lambda$handle$0(154)) - Follower cannot close container #1.
2025-07-02 18:52:09,096 [a1153de0-65c4-400c-ae9f-71c02a590f14-CloseContainerThread-0] INFO  commandhandler.CloseContainerCommandHandler (CloseContainerCommandHandler.java:lambda$handle$0(154)) - Follower cannot close container #1.
2025-07-02 18:52:10,069 [97a6755e-86fd-4537-91b3-54c33d4d83bf-CloseContainerThread-0] WARN  keyvalue.KeyValueHandler (KeyValueHandler.java:updateAndGetContainerChecksum(1451)) - Container data checksum updated from 0 to 75981722
2025-07-02 18:52:10,079 [97a6755e-86fd-4537-91b3-54c33d4d83bf-ContainerOp-38882b6b-055a-4cb7-acbf-29f9e4c8bd46-2] INFO  keyvalue.KeyValueContainer (KeyValueContainer.java:flushAndSyncDB(514)) - Synced container: KeyValueContainerData #1 (CLOSING, non-empty, ri=0, origin=[dn_97a6755e-86fd-4537-91b3-54c33d4d83bf, pipeline_38882b6b-055a-4cb7-acbf-29f9e4c8bd46])
2025-07-02 18:52:10,079 [a1153de0-65c4-400c-ae9f-71c02a590f14-ContainerOp-38882b6b-055a-4cb7-acbf-29f9e4c8bd46-2] INFO  keyvalue.KeyValueContainer (KeyValueContainer.java:flushAndSyncDB(514)) - Synced container: KeyValueContainerData #1 (CLOSING, non-empty, ri=0, origin=[dn_a1153de0-65c4-400c-ae9f-71c02a590f14, pipeline_38882b6b-055a-4cb7-acbf-29f9e4c8bd46])
2025-07-02 18:52:10,080 [a1153de0-65c4-400c-ae9f-71c02a590f14-ContainerOp-38882b6b-055a-4cb7-acbf-29f9e4c8bd46-2] INFO  keyvalue.KeyValueContainer (KeyValueContainer.java:flushAndSyncDB(514)) - Synced container: KeyValueContainerData #1 (CLOSING, non-empty, ri=0, origin=[dn_a1153de0-65c4-400c-ae9f-71c02a590f14, pipeline_38882b6b-055a-4cb7-acbf-29f9e4c8bd46])
2025-07-02 18:52:10,080 [97a6755e-86fd-4537-91b3-54c33d4d83bf-ContainerOp-38882b6b-055a-4cb7-acbf-29f9e4c8bd46-2] INFO  keyvalue.KeyValueContainer (KeyValueContainer.java:flushAndSyncDB(514)) - Synced container: KeyValueContainerData #1 (CLOSING, non-empty, ri=0, origin=[dn_97a6755e-86fd-4537-91b3-54c33d4d83bf, pipeline_38882b6b-055a-4cb7-acbf-29f9e4c8bd46])
2025-07-02 18:52:10,084 [fff6918d-693a-4f9d-b154-ded16baf39a4-ContainerOp-38882b6b-055a-4cb7-acbf-29f9e4c8bd46-2] INFO  keyvalue.KeyValueContainer (KeyValueContainer.java:flushAndSyncDB(514)) - Synced container: KeyValueContainerData #1 (CLOSING, non-empty, ri=0, origin=[dn_fff6918d-693a-4f9d-b154-ded16baf39a4, pipeline_38882b6b-055a-4cb7-acbf-29f9e4c8bd46])
2025-07-02 18:52:10,084 [fff6918d-693a-4f9d-b154-ded16baf39a4-ContainerOp-38882b6b-055a-4cb7-acbf-29f9e4c8bd46-2] INFO  keyvalue.KeyValueContainer (KeyValueContainer.java:flushAndSyncDB(514)) - Synced container: KeyValueContainerData #1 (CLOSING, non-empty, ri=0, origin=[dn_fff6918d-693a-4f9d-b154-ded16baf39a4, pipeline_38882b6b-055a-4cb7-acbf-29f9e4c8bd46])
2025-07-02 18:52:10,088 [97a6755e-86fd-4537-91b3-54c33d4d83bf-ContainerOp-38882b6b-055a-4cb7-acbf-29f9e4c8bd46-2] INFO  keyvalue.KeyValueContainer (KeyValueContainer.java:close(430)) - Closed container: KeyValueContainerData #1 (CLOSED, non-empty, ri=0, origin=[dn_97a6755e-86fd-4537-91b3-54c33d4d83bf, pipeline_38882b6b-055a-4cb7-acbf-29f9e4c8bd46])
2025-07-02 18:52:10,088 [a1153de0-65c4-400c-ae9f-71c02a590f14-ContainerOp-38882b6b-055a-4cb7-acbf-29f9e4c8bd46-2] INFO  keyvalue.KeyValueContainer (KeyValueContainer.java:close(430)) - Closed container: KeyValueContainerData #1 (CLOSED, non-empty, ri=0, origin=[dn_a1153de0-65c4-400c-ae9f-71c02a590f14, pipeline_38882b6b-055a-4cb7-acbf-29f9e4c8bd46])
2025-07-02 18:52:10,091 [fff6918d-693a-4f9d-b154-ded16baf39a4-ContainerOp-38882b6b-055a-4cb7-acbf-29f9e4c8bd46-2] INFO  keyvalue.KeyValueContainer (KeyValueContainer.java:close(430)) - Closed container: KeyValueContainerData #1 (CLOSED, non-empty, ri=0, origin=[dn_fff6918d-693a-4f9d-b154-ded16baf39a4, pipeline_38882b6b-055a-4cb7-acbf-29f9e4c8bd46])
2025-07-02 18:52:10,093 [scmNode-3-FixedThreadPoolWithAffinityExecutor-1-0] INFO  container.IncrementalContainerReportHandler (AbstractContainerReportHandler.java:updateContainerState(289)) - CLOSE Container #1 (CLOSING, sid=2) r0 (CLOSED, bcsid=2, origin=97a6755e-86fd-4537-91b3-54c33d4d83bf, non-empty) from dn 97a6755e-86fd-4537-91b3-54c33d4d83bf(localhost/127.0.0.1)
2025-07-02 18:52:10,094 [scmNode-1-FixedThreadPoolWithAffinityExecutor-1-0] INFO  container.IncrementalContainerReportHandler (AbstractContainerReportHandler.java:updateContainerState(289)) - CLOSE Container #1 (CLOSING, sid=2) r0 (CLOSED, bcsid=2, origin=fff6918d-693a-4f9d-b154-ded16baf39a4, non-empty) from dn fff6918d-693a-4f9d-b154-ded16baf39a4(localhost/127.0.0.1)
2025-07-02 18:52:10,094 [scmNode-2-FixedThreadPoolWithAffinityExecutor-1-0] INFO  container.IncrementalContainerReportHandler (AbstractContainerReportHandler.java:updateContainerState(289)) - CLOSE Container #1 (CLOSING, sid=2) r0 (CLOSED, bcsid=2, origin=fff6918d-693a-4f9d-b154-ded16baf39a4, non-empty) from dn fff6918d-693a-4f9d-b154-ded16baf39a4(localhost/127.0.0.1)
2025-07-02 18:52:10,095 [scmNode-3-FixedThreadPoolWithAffinityExecutor-1-0] INFO  container.IncrementalContainerReportHandler (IncrementalContainerReportHandler.java:processICR(116)) - SCM_NOT_LEADER: Failed to process Container #1 (CLOSING, sid=2) r0 (CLOSED, bcsid=2, origin=97a6755e-86fd-4537-91b3-54c33d4d83bf, non-empty) from dn 97a6755e-86fd-4537-91b3-54c33d4d83bf(localhost/127.0.0.1)
2025-07-02 18:52:10,095 [scmNode-2-FixedThreadPoolWithAffinityExecutor-1-0] INFO  container.IncrementalContainerReportHandler (IncrementalContainerReportHandler.java:processICR(116)) - SCM_NOT_LEADER: Failed to process Container #1 (CLOSING, sid=2) r0 (CLOSED, bcsid=2, origin=fff6918d-693a-4f9d-b154-ded16baf39a4, non-empty) from dn fff6918d-693a-4f9d-b154-ded16baf39a4(localhost/127.0.0.1)
2025-07-02 18:52:10,095 [scmNode-2-FixedThreadPoolWithAffinityExecutor-1-0] INFO  container.IncrementalContainerReportHandler (AbstractContainerReportHandler.java:updateContainerState(289)) - CLOSE Container #1 (CLOSING, sid=2) r0 (CLOSED, bcsid=2, origin=97a6755e-86fd-4537-91b3-54c33d4d83bf, non-empty) from dn 97a6755e-86fd-4537-91b3-54c33d4d83bf(localhost/127.0.0.1)
2025-07-02 18:52:10,096 [scmNode-3-FixedThreadPoolWithAffinityExecutor-8-0] INFO  container.IncrementalContainerReportHandler (AbstractContainerReportHandler.java:updateContainerState(289)) - CLOSE Container #1 (CLOSING, sid=2) r0 (CLOSED, bcsid=2, origin=a1153de0-65c4-400c-ae9f-71c02a590f14, non-empty) from dn a1153de0-65c4-400c-ae9f-71c02a590f14(localhost/127.0.0.1)
2025-07-02 18:52:10,097 [scmNode-2-FixedThreadPoolWithAffinityExecutor-1-0] INFO  container.IncrementalContainerReportHandler (IncrementalContainerReportHandler.java:processICR(116)) - SCM_NOT_LEADER: Failed to process Container #1 (CLOSING, sid=2) r0 (CLOSED, bcsid=2, origin=97a6755e-86fd-4537-91b3-54c33d4d83bf, non-empty) from dn 97a6755e-86fd-4537-91b3-54c33d4d83bf(localhost/127.0.0.1)
2025-07-02 18:52:10,097 [scmNode-2-FixedThreadPoolWithAffinityExecutor-8-0] INFO  container.IncrementalContainerReportHandler (AbstractContainerReportHandler.java:updateContainerState(289)) - CLOSE Container #1 (CLOSING, sid=2) r0 (CLOSED, bcsid=2, origin=a1153de0-65c4-400c-ae9f-71c02a590f14, non-empty) from dn a1153de0-65c4-400c-ae9f-71c02a590f14(localhost/127.0.0.1)
2025-07-02 18:52:10,098 [scmNode-3-FixedThreadPoolWithAffinityExecutor-8-0] INFO  container.IncrementalContainerReportHandler (IncrementalContainerReportHandler.java:processICR(116)) - SCM_NOT_LEADER: Failed to process Container #1 (CLOSING, sid=2) r0 (CLOSED, bcsid=2, origin=a1153de0-65c4-400c-ae9f-71c02a590f14, non-empty) from dn a1153de0-65c4-400c-ae9f-71c02a590f14(localhost/127.0.0.1)
2025-07-02 18:52:10,098 [scmNode-3-FixedThreadPoolWithAffinityExecutor-1-0] INFO  container.IncrementalContainerReportHandler (AbstractContainerReportHandler.java:updateContainerState(289)) - CLOSE Container #1 (CLOSING, sid=2) r0 (CLOSED, bcsid=2, origin=fff6918d-693a-4f9d-b154-ded16baf39a4, non-empty) from dn fff6918d-693a-4f9d-b154-ded16baf39a4(localhost/127.0.0.1)
2025-07-02 18:52:10,098 [scmNode-2-FixedThreadPoolWithAffinityExecutor-8-0] INFO  container.IncrementalContainerReportHandler (IncrementalContainerReportHandler.java:processICR(116)) - SCM_NOT_LEADER: Failed to process Container #1 (CLOSING, sid=2) r0 (CLOSED, bcsid=2, origin=a1153de0-65c4-400c-ae9f-71c02a590f14, non-empty) from dn a1153de0-65c4-400c-ae9f-71c02a590f14(localhost/127.0.0.1)
2025-07-02 18:52:10,098 [scmNode-3-FixedThreadPoolWithAffinityExecutor-1-0] INFO  container.IncrementalContainerReportHandler (IncrementalContainerReportHandler.java:processICR(116)) - SCM_NOT_LEADER: Failed to process Container #1 (CLOSING, sid=2) r0 (CLOSED, bcsid=2, origin=fff6918d-693a-4f9d-b154-ded16baf39a4, non-empty) from dn fff6918d-693a-4f9d-b154-ded16baf39a4(localhost/127.0.0.1)
2025-07-02 18:52:12,093 [scmNode-2-FixedThreadPoolWithAffinityExecutor-1-0] INFO  container.ContainerReportHandler (AbstractContainerReportHandler.java:updateContainerState(289)) - CLOSE Container #1 (CLOSING, sid=2) r0 (CLOSED, bcsid=2, origin=97a6755e-86fd-4537-91b3-54c33d4d83bf, non-empty) from dn 97a6755e-86fd-4537-91b3-54c33d4d83bf(localhost/127.0.0.1)
2025-07-02 18:52:12,094 [scmNode-3-FixedThreadPoolWithAffinityExecutor-1-0] INFO  container.ContainerReportHandler (AbstractContainerReportHandler.java:updateContainerState(289)) - CLOSE Container #1 (CLOSING, sid=2) r0 (CLOSED, bcsid=2, origin=97a6755e-86fd-4537-91b3-54c33d4d83bf, non-empty) from dn 97a6755e-86fd-4537-91b3-54c33d4d83bf(localhost/127.0.0.1)
2025-07-02 18:52:12,094 [scmNode-3-FixedThreadPoolWithAffinityExecutor-1-0] ERROR container.ContainerReportHandler (ContainerReportHandler.java:processSingleReplica(231)) - Failed to process Container #1 (CLOSING, sid=2) r0 (CLOSED, bcsid=2, origin=97a6755e-86fd-4537-91b3-54c33d4d83bf, non-empty) from dn 97a6755e-86fd-4537-91b3-54c33d4d83bf(localhost/127.0.0.1)
org.apache.hadoop.hdds.scm.exceptions.SCMException: org.apache.ratis.protocol.exceptions.NotLeaderException: Server ca181966-e7f6-4c77-8344-65416d18d1f8@group-F629F00B5E08 is not the leader, suggested leader is: 0570d27e-7557-449b-949c-3e7f7fc57b05|localhost:15003
	at org.apache.hadoop.hdds.scm.ha.SCMHAInvocationHandler.translateException(SCMHAInvocationHandler.java:163)
	at org.apache.hadoop.hdds.scm.ha.SCMHAInvocationHandler.invokeRatis(SCMHAInvocationHandler.java:113)
	at org.apache.hadoop.hdds.scm.ha.SCMHAInvocationHandler.invoke(SCMHAInvocationHandler.java:72)
	at jdk.proxy2/jdk.proxy2.$Proxy48.updateContainerState(Unknown Source)
	at org.apache.hadoop.hdds.scm.container.ContainerManagerImpl.updateContainerState(ContainerManagerImpl.java:284)
	at org.apache.hadoop.hdds.scm.container.AbstractContainerReportHandler.updateContainerState(AbstractContainerReportHandler.java:290)
	at org.apache.hadoop.hdds.scm.container.AbstractContainerReportHandler.processContainerReplica(AbstractContainerReportHandler.java:115)
	at org.apache.hadoop.hdds.scm.container.ContainerReportHandler.processSingleReplica(ContainerReportHandler.java:229)
	at org.apache.hadoop.hdds.scm.container.ContainerReportHandler.onMessage(ContainerReportHandler.java:181)
	at org.apache.hadoop.hdds.scm.container.ContainerReportHandler.onMessage(ContainerReportHandler.java:44)
	at org.apache.hadoop.hdds.server.events.FixedThreadPoolWithAffinityExecutor$ContainerReportProcessTask.run(FixedThreadPoolWithAffinityExecutor.java:257)
	at java.base/java.util.concurrent.Executors$RunnableAdapter.call(Executors.java:572)
	at java.base/java.util.concurrent.FutureTask.run(FutureTask.java:317)
	at java.base/java.util.concurrent.ThreadPoolExecutor.runWorker(ThreadPoolExecutor.java:1144)
	at java.base/java.util.concurrent.ThreadPoolExecutor$Worker.run(ThreadPoolExecutor.java:642)
	at java.base/java.lang.Thread.run(Thread.java:1583)
Caused by: org.apache.ratis.protocol.exceptions.NotLeaderException: Server ca181966-e7f6-4c77-8344-65416d18d1f8@group-F629F00B5E08 is not the leader, suggested leader is: 0570d27e-7557-449b-949c-3e7f7fc57b05|localhost:15003
	at org.apache.ratis.server.impl.RaftServerImpl.generateNotLeaderException(RaftServerImpl.java:804)
	at org.apache.ratis.server.impl.RaftServerImpl.checkLeaderState(RaftServerImpl.java:769)
	at org.apache.ratis.server.impl.RaftServerImpl.checkLeaderState(RaftServerImpl.java:755)
	at org.apache.ratis.server.impl.RaftServerImpl.writeAsyncImpl(RaftServerImpl.java:972)
	at org.apache.ratis.server.impl.RaftServerImpl.writeAsync(RaftServerImpl.java:960)
	at org.apache.ratis.server.impl.RaftServerImpl.replyFuture(RaftServerImpl.java:953)
	at org.apache.ratis.server.impl.RaftServerImpl.submitClientRequestAsync(RaftServerImpl.java:930)
	at org.apache.ratis.server.impl.RaftServerImpl.lambda$null$11(RaftServerImpl.java:919)
	at org.apache.ratis.util.JavaUtils.callAsUnchecked(JavaUtils.java:118)
	at org.apache.ratis.server.impl.RaftServerImpl.lambda$executeSubmitClientRequestAsync$12(RaftServerImpl.java:919)
	at java.base/java.util.concurrent.CompletableFuture$AsyncSupply.run(CompletableFuture.java:1768)
	... 3 more
2025-07-02 18:52:12,095 [scmNode-2-FixedThreadPoolWithAffinityExecutor-1-0] ERROR container.ContainerReportHandler (ContainerReportHandler.java:processSingleReplica(231)) - Failed to process Container #1 (CLOSING, sid=2) r0 (CLOSED, bcsid=2, origin=97a6755e-86fd-4537-91b3-54c33d4d83bf, non-empty) from dn 97a6755e-86fd-4537-91b3-54c33d4d83bf(localhost/127.0.0.1)
org.apache.hadoop.hdds.scm.exceptions.SCMException: org.apache.ratis.protocol.exceptions.NotLeaderException: Server 4680a024-3a59-4e75-8ac7-1755b08d3543@group-F629F00B5E08 is not the leader, suggested leader is: 0570d27e-7557-449b-949c-3e7f7fc57b05|localhost:15003
	at org.apache.hadoop.hdds.scm.ha.SCMHAInvocationHandler.translateException(SCMHAInvocationHandler.java:163)
	at org.apache.hadoop.hdds.scm.ha.SCMHAInvocationHandler.invokeRatis(SCMHAInvocationHandler.java:113)
	at org.apache.hadoop.hdds.scm.ha.SCMHAInvocationHandler.invoke(SCMHAInvocationHandler.java:72)
	at jdk.proxy2/jdk.proxy2.$Proxy48.updateContainerState(Unknown Source)
	at org.apache.hadoop.hdds.scm.container.ContainerManagerImpl.updateContainerState(ContainerManagerImpl.java:284)
	at org.apache.hadoop.hdds.scm.container.AbstractContainerReportHandler.updateContainerState(AbstractContainerReportHandler.java:290)
	at org.apache.hadoop.hdds.scm.container.AbstractContainerReportHandler.processContainerReplica(AbstractContainerReportHandler.java:115)
	at org.apache.hadoop.hdds.scm.container.ContainerReportHandler.processSingleReplica(ContainerReportHandler.java:229)
	at org.apache.hadoop.hdds.scm.container.ContainerReportHandler.onMessage(ContainerReportHandler.java:181)
	at org.apache.hadoop.hdds.scm.container.ContainerReportHandler.onMessage(ContainerReportHandler.java:44)
	at org.apache.hadoop.hdds.server.events.FixedThreadPoolWithAffinityExecutor$ContainerReportProcessTask.run(FixedThreadPoolWithAffinityExecutor.java:257)
	at java.base/java.util.concurrent.Executors$RunnableAdapter.call(Executors.java:572)
	at java.base/java.util.concurrent.FutureTask.run(FutureTask.java:317)
	at java.base/java.util.concurrent.ThreadPoolExecutor.runWorker(ThreadPoolExecutor.java:1144)
	at java.base/java.util.concurrent.ThreadPoolExecutor$Worker.run(ThreadPoolExecutor.java:642)
	at java.base/java.lang.Thread.run(Thread.java:1583)
Caused by: org.apache.ratis.protocol.exceptions.NotLeaderException: Server 4680a024-3a59-4e75-8ac7-1755b08d3543@group-F629F00B5E08 is not the leader, suggested leader is: 0570d27e-7557-449b-949c-3e7f7fc57b05|localhost:15003
	at org.apache.ratis.server.impl.RaftServerImpl.generateNotLeaderException(RaftServerImpl.java:804)
	at org.apache.ratis.server.impl.RaftServerImpl.checkLeaderState(RaftServerImpl.java:769)
	at org.apache.ratis.server.impl.RaftServerImpl.checkLeaderState(RaftServerImpl.java:755)
	at org.apache.ratis.server.impl.RaftServerImpl.writeAsyncImpl(RaftServerImpl.java:972)
	at org.apache.ratis.server.impl.RaftServerImpl.writeAsync(RaftServerImpl.java:960)
	at org.apache.ratis.server.impl.RaftServerImpl.replyFuture(RaftServerImpl.java:953)
	at org.apache.ratis.server.impl.RaftServerImpl.submitClientRequestAsync(RaftServerImpl.java:930)
	at org.apache.ratis.server.impl.RaftServerImpl.lambda$null$11(RaftServerImpl.java:919)
	at org.apache.ratis.util.JavaUtils.callAsUnchecked(JavaUtils.java:118)
	at org.apache.ratis.server.impl.RaftServerImpl.lambda$executeSubmitClientRequestAsync$12(RaftServerImpl.java:919)
	at java.base/java.util.concurrent.CompletableFuture$AsyncSupply.run(CompletableFuture.java:1768)
	... 3 more
]]></system-out>
  </testcase>
  <testcase name="testGetCorruptChecksumInfo" classname="org.apache.hadoop.ozone.dn.checksum.TestContainerCommandReconciliation" time="6.579">
    <system-out><![CDATA[2025-07-02 18:52:12,937 [main] INFO  rpc.RpcClient (RpcClient.java:createVolume(461)) - Creating Volume: e4414866-bf5d-420e-a79a-908f2f171342, with scm as owner and space quota set to -1 bytes, counts quota set to -1
2025-07-02 18:52:12,940 [om1-OMStateMachineApplyTransactionThread - 0] WARN  helpers.OzoneAclUtil (OzoneAclUtil.java:getDefaultAclList(68)) - Failed to get primary group from user scm (auth:SIMPLE)
2025-07-02 18:52:12,940 [om1-OMStateMachineApplyTransactionThread - 0] INFO  volume.OMVolumeCreateRequest (OMVolumeCreateRequest.java:validateAndUpdateCache(203)) - created volume:e4414866-bf5d-420e-a79a-908f2f171342 for user:scm
2025-07-02 18:52:12,942 [main] INFO  rpc.RpcClient (RpcClient.java:createBucket(686)) - Creating Bucket: e4414866-bf5d-420e-a79a-908f2f171342/34e354f5-e214-40b8-b976-820b6ead699e, with server-side default bucket layout, scm as owner, Versioning false, Storage Type set to DISK and Encryption set to false, Replication Type set to server-side default replication type, Namespace Quota set to -1, Space Quota set to -1 
2025-07-02 18:52:12,945 [om1-OMStateMachineApplyTransactionThread - 0] WARN  helpers.OzoneAclUtil (OzoneAclUtil.java:getDefaultAclList(68)) - Failed to get primary group from user scm/localhost@EXAMPLE.COM (auth:SIMPLE)
2025-07-02 18:52:12,945 [om1-OMStateMachineApplyTransactionThread - 0] INFO  bucket.OMBucketCreateRequest (OMBucketCreateRequest.java:validateAndUpdateCache(292)) - created bucket: 34e354f5-e214-40b8-b976-820b6ead699e of layout FILE_SYSTEM_OPTIMIZED in volume: e4414866-bf5d-420e-a79a-908f2f171342
2025-07-02 18:52:12,959 [om1-OMStateMachineApplyTransactionThread - 0] WARN  helpers.OzoneAclUtil (OzoneAclUtil.java:getDefaultAclList(68)) - Failed to get primary group from user scm/localhost@EXAMPLE.COM (auth:SIMPLE)
2025-07-02 18:52:12,966 [97a6755e-86fd-4537-91b3-54c33d4d83bf-ChunkWriter-2-0] WARN  statemachine.DatanodeConfiguration (DatanodeConfiguration.java:validateMinFreeSpace(751)) - hdds.datanode.volume.min.free.space.percent = -1.0 is invalid, should be between 0 and 1
2025-07-02 18:52:12,967 [97a6755e-86fd-4537-91b3-54c33d4d83bf-ChunkWriter-2-0] WARN  statemachine.DatanodeConfiguration (DatanodeConfiguration.java:validateMinFreeSpace(751)) - hdds.datanode.volume.min.free.space.percent = -1.0 is invalid, should be between 0 and 1
2025-07-02 18:52:12,970 [a1153de0-65c4-400c-ae9f-71c02a590f14-ChunkWriter-2-0] WARN  statemachine.DatanodeConfiguration (DatanodeConfiguration.java:validateMinFreeSpace(751)) - hdds.datanode.volume.min.free.space.percent = -1.0 is invalid, should be between 0 and 1
2025-07-02 18:52:12,970 [fff6918d-693a-4f9d-b154-ded16baf39a4-ChunkWriter-2-0] WARN  statemachine.DatanodeConfiguration (DatanodeConfiguration.java:validateMinFreeSpace(751)) - hdds.datanode.volume.min.free.space.percent = -1.0 is invalid, should be between 0 and 1
2025-07-02 18:52:12,970 [a1153de0-65c4-400c-ae9f-71c02a590f14-ChunkWriter-2-0] WARN  statemachine.DatanodeConfiguration (DatanodeConfiguration.java:validateMinFreeSpace(751)) - hdds.datanode.volume.min.free.space.percent = -1.0 is invalid, should be between 0 and 1
2025-07-02 18:52:12,971 [fff6918d-693a-4f9d-b154-ded16baf39a4-ChunkWriter-2-0] WARN  statemachine.DatanodeConfiguration (DatanodeConfiguration.java:validateMinFreeSpace(751)) - hdds.datanode.volume.min.free.space.percent = -1.0 is invalid, should be between 0 and 1
2025-07-02 18:52:12,976 [scmNode-3-FixedThreadPoolWithAffinityExecutor-1-0] WARN  container.IncrementalContainerReportHandler (IncrementalContainerReportHandler.java:processICR(109)) - Container not found: Container #2 (NOT_FOUND) r0 (OPEN, bcsid=0, origin=97a6755e-86fd-4537-91b3-54c33d4d83bf, non-empty) from dn 97a6755e-86fd-4537-91b3-54c33d4d83bf(localhost/127.0.0.1)
2025-07-02 18:52:12,977 [scmNode-2-FixedThreadPoolWithAffinityExecutor-1-0] WARN  container.IncrementalContainerReportHandler (IncrementalContainerReportHandler.java:processICR(109)) - Container not found: Container #2 (NOT_FOUND) r0 (OPEN, bcsid=0, origin=97a6755e-86fd-4537-91b3-54c33d4d83bf, non-empty) from dn 97a6755e-86fd-4537-91b3-54c33d4d83bf(localhost/127.0.0.1)
2025-07-02 18:52:12,980 [scmNode-3-FixedThreadPoolWithAffinityExecutor-1-0] WARN  container.IncrementalContainerReportHandler (IncrementalContainerReportHandler.java:processICR(109)) - Container not found: Container #2 (NOT_FOUND) r0 (OPEN, bcsid=0, origin=fff6918d-693a-4f9d-b154-ded16baf39a4, non-empty) from dn fff6918d-693a-4f9d-b154-ded16baf39a4(localhost/127.0.0.1)
2025-07-02 18:52:12,982 [scmNode-2-FixedThreadPoolWithAffinityExecutor-1-0] WARN  container.IncrementalContainerReportHandler (IncrementalContainerReportHandler.java:processICR(109)) - Container not found: Container #2 (NOT_FOUND) r0 (OPEN, bcsid=0, origin=fff6918d-693a-4f9d-b154-ded16baf39a4, non-empty) from dn fff6918d-693a-4f9d-b154-ded16baf39a4(localhost/127.0.0.1)
2025-07-02 18:52:12,983 [scmNode-3-FixedThreadPoolWithAffinityExecutor-8-0] WARN  container.IncrementalContainerReportHandler (IncrementalContainerReportHandler.java:processICR(109)) - Container not found: Container #2 (NOT_FOUND) r0 (OPEN, bcsid=0, origin=a1153de0-65c4-400c-ae9f-71c02a590f14, non-empty) from dn a1153de0-65c4-400c-ae9f-71c02a590f14(localhost/127.0.0.1)
2025-07-02 18:52:12,984 [scmNode-2-FixedThreadPoolWithAffinityExecutor-8-0] WARN  container.IncrementalContainerReportHandler (IncrementalContainerReportHandler.java:processICR(109)) - Container not found: Container #2 (NOT_FOUND) r0 (OPEN, bcsid=0, origin=a1153de0-65c4-400c-ae9f-71c02a590f14, non-empty) from dn a1153de0-65c4-400c-ae9f-71c02a590f14(localhost/127.0.0.1)
2025-07-02 18:52:13,007 [scmNode-1-EventQueue-CloseContainerForCloseContainerEventHandler] INFO  container.CloseContainerEventHandler (CloseContainerEventHandler.java:onMessage(88)) - Close container Event triggered for container : #2, current state: OPEN
2025-07-02 18:52:13,011 [scmNode-1-EventQueue-CloseContainerForCloseContainerEventHandler] INFO  container.CloseContainerEventHandler (CloseContainerEventHandler.java:onMessage(88)) - Close container Event triggered for container : #2, current state: CLOSING
2025-07-02 18:52:13,012 [scmNode-1-EventQueue-CloseContainerForCloseContainerEventHandler] INFO  container.CloseContainerEventHandler (CloseContainerEventHandler.java:onMessage(88)) - Close container Event triggered for container : #2, current state: CLOSING
2025-07-02 18:52:15,989 [a1153de0-65c4-400c-ae9f-71c02a590f14-CloseContainerThread-1] WARN  keyvalue.KeyValueHandler (KeyValueHandler.java:updateAndGetContainerChecksum(1451)) - Container data checksum updated from 0 to cd3197bc
2025-07-02 18:52:15,989 [fff6918d-693a-4f9d-b154-ded16baf39a4-CloseContainerThread-1] WARN  keyvalue.KeyValueHandler (KeyValueHandler.java:updateAndGetContainerChecksum(1451)) - Container data checksum updated from 0 to cd3197bc
2025-07-02 18:52:15,990 [fff6918d-693a-4f9d-b154-ded16baf39a4-CloseContainerThread-1] INFO  commandhandler.CloseContainerCommandHandler (CloseContainerCommandHandler.java:lambda$handle$0(154)) - Follower cannot close container #2.
2025-07-02 18:52:15,990 [a1153de0-65c4-400c-ae9f-71c02a590f14-CloseContainerThread-1] INFO  commandhandler.CloseContainerCommandHandler (CloseContainerCommandHandler.java:lambda$handle$0(154)) - Follower cannot close container #2.
2025-07-02 18:52:16,981 [97a6755e-86fd-4537-91b3-54c33d4d83bf-CloseContainerThread-1] WARN  keyvalue.KeyValueHandler (KeyValueHandler.java:updateAndGetContainerChecksum(1451)) - Container data checksum updated from 0 to cd3197bc
2025-07-02 18:52:16,987 [97a6755e-86fd-4537-91b3-54c33d4d83bf-ContainerOp-38882b6b-055a-4cb7-acbf-29f9e4c8bd46-5] INFO  keyvalue.KeyValueContainer (KeyValueContainer.java:flushAndSyncDB(514)) - Synced container: KeyValueContainerData #2 (CLOSING, non-empty, ri=0, origin=[dn_97a6755e-86fd-4537-91b3-54c33d4d83bf, pipeline_38882b6b-055a-4cb7-acbf-29f9e4c8bd46])
2025-07-02 18:52:16,988 [97a6755e-86fd-4537-91b3-54c33d4d83bf-ContainerOp-38882b6b-055a-4cb7-acbf-29f9e4c8bd46-5] INFO  keyvalue.KeyValueContainer (KeyValueContainer.java:flushAndSyncDB(514)) - Synced container: KeyValueContainerData #2 (CLOSING, non-empty, ri=0, origin=[dn_97a6755e-86fd-4537-91b3-54c33d4d83bf, pipeline_38882b6b-055a-4cb7-acbf-29f9e4c8bd46])
2025-07-02 18:52:16,990 [a1153de0-65c4-400c-ae9f-71c02a590f14-ContainerOp-38882b6b-055a-4cb7-acbf-29f9e4c8bd46-5] INFO  keyvalue.KeyValueContainer (KeyValueContainer.java:flushAndSyncDB(514)) - Synced container: KeyValueContainerData #2 (CLOSING, non-empty, ri=0, origin=[dn_a1153de0-65c4-400c-ae9f-71c02a590f14, pipeline_38882b6b-055a-4cb7-acbf-29f9e4c8bd46])
2025-07-02 18:52:16,990 [a1153de0-65c4-400c-ae9f-71c02a590f14-ContainerOp-38882b6b-055a-4cb7-acbf-29f9e4c8bd46-5] INFO  keyvalue.KeyValueContainer (KeyValueContainer.java:flushAndSyncDB(514)) - Synced container: KeyValueContainerData #2 (CLOSING, non-empty, ri=0, origin=[dn_a1153de0-65c4-400c-ae9f-71c02a590f14, pipeline_38882b6b-055a-4cb7-acbf-29f9e4c8bd46])
2025-07-02 18:52:16,996 [fff6918d-693a-4f9d-b154-ded16baf39a4-ContainerOp-38882b6b-055a-4cb7-acbf-29f9e4c8bd46-5] INFO  keyvalue.KeyValueContainer (KeyValueContainer.java:flushAndSyncDB(514)) - Synced container: KeyValueContainerData #2 (CLOSING, non-empty, ri=0, origin=[dn_fff6918d-693a-4f9d-b154-ded16baf39a4, pipeline_38882b6b-055a-4cb7-acbf-29f9e4c8bd46])
2025-07-02 18:52:16,997 [fff6918d-693a-4f9d-b154-ded16baf39a4-ContainerOp-38882b6b-055a-4cb7-acbf-29f9e4c8bd46-5] INFO  keyvalue.KeyValueContainer (KeyValueContainer.java:flushAndSyncDB(514)) - Synced container: KeyValueContainerData #2 (CLOSING, non-empty, ri=0, origin=[dn_fff6918d-693a-4f9d-b154-ded16baf39a4, pipeline_38882b6b-055a-4cb7-acbf-29f9e4c8bd46])
2025-07-02 18:52:16,997 [a1153de0-65c4-400c-ae9f-71c02a590f14-ContainerOp-38882b6b-055a-4cb7-acbf-29f9e4c8bd46-5] INFO  keyvalue.KeyValueContainer (KeyValueContainer.java:close(430)) - Closed container: KeyValueContainerData #2 (CLOSED, non-empty, ri=0, origin=[dn_a1153de0-65c4-400c-ae9f-71c02a590f14, pipeline_38882b6b-055a-4cb7-acbf-29f9e4c8bd46])
2025-07-02 18:52:16,997 [97a6755e-86fd-4537-91b3-54c33d4d83bf-ContainerOp-38882b6b-055a-4cb7-acbf-29f9e4c8bd46-5] INFO  keyvalue.KeyValueContainer (KeyValueContainer.java:close(430)) - Closed container: KeyValueContainerData #2 (CLOSED, non-empty, ri=0, origin=[dn_97a6755e-86fd-4537-91b3-54c33d4d83bf, pipeline_38882b6b-055a-4cb7-acbf-29f9e4c8bd46])
2025-07-02 18:52:17,000 [scmNode-2-FixedThreadPoolWithAffinityExecutor-8-0] INFO  container.IncrementalContainerReportHandler (AbstractContainerReportHandler.java:updateContainerState(289)) - CLOSE Container #2 (CLOSING, sid=8) r0 (CLOSED, bcsid=8, origin=a1153de0-65c4-400c-ae9f-71c02a590f14, non-empty) from dn a1153de0-65c4-400c-ae9f-71c02a590f14(localhost/127.0.0.1)
2025-07-02 18:52:17,001 [scmNode-1-FixedThreadPoolWithAffinityExecutor-8-0] INFO  container.IncrementalContainerReportHandler (AbstractContainerReportHandler.java:updateContainerState(289)) - CLOSE Container #2 (CLOSING, sid=8) r0 (CLOSED, bcsid=8, origin=a1153de0-65c4-400c-ae9f-71c02a590f14, non-empty) from dn a1153de0-65c4-400c-ae9f-71c02a590f14(localhost/127.0.0.1)
2025-07-02 18:52:17,002 [scmNode-3-FixedThreadPoolWithAffinityExecutor-1-0] INFO  container.IncrementalContainerReportHandler (AbstractContainerReportHandler.java:updateContainerState(289)) - CLOSE Container #2 (CLOSING, sid=8) r0 (CLOSED, bcsid=8, origin=97a6755e-86fd-4537-91b3-54c33d4d83bf, non-empty) from dn 97a6755e-86fd-4537-91b3-54c33d4d83bf(localhost/127.0.0.1)
2025-07-02 18:52:17,003 [scmNode-2-FixedThreadPoolWithAffinityExecutor-8-0] INFO  container.IncrementalContainerReportHandler (IncrementalContainerReportHandler.java:processICR(116)) - SCM_NOT_LEADER: Failed to process Container #2 (CLOSING, sid=8) r0 (CLOSED, bcsid=8, origin=a1153de0-65c4-400c-ae9f-71c02a590f14, non-empty) from dn a1153de0-65c4-400c-ae9f-71c02a590f14(localhost/127.0.0.1)
2025-07-02 18:52:17,003 [scmNode-2-FixedThreadPoolWithAffinityExecutor-1-0] INFO  container.IncrementalContainerReportHandler (AbstractContainerReportHandler.java:updateContainerState(289)) - CLOSE Container #2 (CLOSING, sid=8) r0 (CLOSED, bcsid=8, origin=97a6755e-86fd-4537-91b3-54c33d4d83bf, non-empty) from dn 97a6755e-86fd-4537-91b3-54c33d4d83bf(localhost/127.0.0.1)
2025-07-02 18:52:17,003 [scmNode-3-FixedThreadPoolWithAffinityExecutor-1-0] INFO  container.IncrementalContainerReportHandler (IncrementalContainerReportHandler.java:processICR(116)) - SCM_NOT_LEADER: Failed to process Container #2 (CLOSING, sid=8) r0 (CLOSED, bcsid=8, origin=97a6755e-86fd-4537-91b3-54c33d4d83bf, non-empty) from dn 97a6755e-86fd-4537-91b3-54c33d4d83bf(localhost/127.0.0.1)
2025-07-02 18:52:17,003 [scmNode-2-FixedThreadPoolWithAffinityExecutor-1-0] INFO  container.IncrementalContainerReportHandler (IncrementalContainerReportHandler.java:processICR(116)) - SCM_NOT_LEADER: Failed to process Container #2 (CLOSING, sid=8) r0 (CLOSED, bcsid=8, origin=97a6755e-86fd-4537-91b3-54c33d4d83bf, non-empty) from dn 97a6755e-86fd-4537-91b3-54c33d4d83bf(localhost/127.0.0.1)
2025-07-02 18:52:17,004 [scmNode-3-FixedThreadPoolWithAffinityExecutor-8-0] INFO  container.IncrementalContainerReportHandler (AbstractContainerReportHandler.java:updateContainerState(289)) - CLOSE Container #2 (CLOSING, sid=8) r0 (CLOSED, bcsid=8, origin=a1153de0-65c4-400c-ae9f-71c02a590f14, non-empty) from dn a1153de0-65c4-400c-ae9f-71c02a590f14(localhost/127.0.0.1)
2025-07-02 18:52:17,005 [fff6918d-693a-4f9d-b154-ded16baf39a4-ContainerOp-38882b6b-055a-4cb7-acbf-29f9e4c8bd46-5] INFO  keyvalue.KeyValueContainer (KeyValueContainer.java:close(430)) - Closed container: KeyValueContainerData #2 (CLOSED, non-empty, ri=0, origin=[dn_fff6918d-693a-4f9d-b154-ded16baf39a4, pipeline_38882b6b-055a-4cb7-acbf-29f9e4c8bd46])
2025-07-02 18:52:17,005 [scmNode-3-FixedThreadPoolWithAffinityExecutor-8-0] INFO  container.IncrementalContainerReportHandler (IncrementalContainerReportHandler.java:processICR(116)) - SCM_NOT_LEADER: Failed to process Container #2 (CLOSING, sid=8) r0 (CLOSED, bcsid=8, origin=a1153de0-65c4-400c-ae9f-71c02a590f14, non-empty) from dn a1153de0-65c4-400c-ae9f-71c02a590f14(localhost/127.0.0.1)
2025-07-02 18:52:17,007 [scmNode-3-FixedThreadPoolWithAffinityExecutor-1-0] INFO  container.IncrementalContainerReportHandler (AbstractContainerReportHandler.java:updateContainerState(289)) - CLOSE Container #2 (CLOSING, sid=8) r0 (CLOSED, bcsid=8, origin=fff6918d-693a-4f9d-b154-ded16baf39a4, non-empty) from dn fff6918d-693a-4f9d-b154-ded16baf39a4(localhost/127.0.0.1)
2025-07-02 18:52:17,008 [scmNode-2-FixedThreadPoolWithAffinityExecutor-1-0] INFO  container.IncrementalContainerReportHandler (AbstractContainerReportHandler.java:updateContainerState(289)) - CLOSE Container #2 (CLOSING, sid=8) r0 (CLOSED, bcsid=8, origin=fff6918d-693a-4f9d-b154-ded16baf39a4, non-empty) from dn fff6918d-693a-4f9d-b154-ded16baf39a4(localhost/127.0.0.1)
2025-07-02 18:52:17,008 [scmNode-3-FixedThreadPoolWithAffinityExecutor-1-0] INFO  container.IncrementalContainerReportHandler (IncrementalContainerReportHandler.java:processICR(116)) - SCM_NOT_LEADER: Failed to process Container #2 (CLOSING, sid=8) r0 (CLOSED, bcsid=8, origin=fff6918d-693a-4f9d-b154-ded16baf39a4, non-empty) from dn fff6918d-693a-4f9d-b154-ded16baf39a4(localhost/127.0.0.1)
2025-07-02 18:52:17,008 [scmNode-2-FixedThreadPoolWithAffinityExecutor-1-0] INFO  container.IncrementalContainerReportHandler (IncrementalContainerReportHandler.java:processICR(116)) - SCM_NOT_LEADER: Failed to process Container #2 (CLOSING, sid=8) r0 (CLOSED, bcsid=8, origin=fff6918d-693a-4f9d-b154-ded16baf39a4, non-empty) from dn fff6918d-693a-4f9d-b154-ded16baf39a4(localhost/127.0.0.1)
2025-07-02 18:52:19,000 [scmNode-3-FixedThreadPoolWithAffinityExecutor-1-0] INFO  container.ContainerReportHandler (AbstractContainerReportHandler.java:updateContainerState(289)) - CLOSE Container #2 (CLOSING, sid=8) r0 (CLOSED, bcsid=8, origin=97a6755e-86fd-4537-91b3-54c33d4d83bf, non-empty) from dn 97a6755e-86fd-4537-91b3-54c33d4d83bf(localhost/127.0.0.1)
2025-07-02 18:52:19,001 [scmNode-2-FixedThreadPoolWithAffinityExecutor-1-0] INFO  container.ContainerReportHandler (AbstractContainerReportHandler.java:updateContainerState(289)) - CLOSE Container #2 (CLOSING, sid=8) r0 (CLOSED, bcsid=8, origin=97a6755e-86fd-4537-91b3-54c33d4d83bf, non-empty) from dn 97a6755e-86fd-4537-91b3-54c33d4d83bf(localhost/127.0.0.1)
2025-07-02 18:52:19,001 [scmNode-3-FixedThreadPoolWithAffinityExecutor-1-0] ERROR container.ContainerReportHandler (ContainerReportHandler.java:processSingleReplica(231)) - Failed to process Container #2 (CLOSING, sid=8) r0 (CLOSED, bcsid=8, origin=97a6755e-86fd-4537-91b3-54c33d4d83bf, non-empty) from dn 97a6755e-86fd-4537-91b3-54c33d4d83bf(localhost/127.0.0.1)
org.apache.hadoop.hdds.scm.exceptions.SCMException: org.apache.ratis.protocol.exceptions.NotLeaderException: Server ca181966-e7f6-4c77-8344-65416d18d1f8@group-F629F00B5E08 is not the leader, suggested leader is: 0570d27e-7557-449b-949c-3e7f7fc57b05|localhost:15003
	at org.apache.hadoop.hdds.scm.ha.SCMHAInvocationHandler.translateException(SCMHAInvocationHandler.java:163)
	at org.apache.hadoop.hdds.scm.ha.SCMHAInvocationHandler.invokeRatis(SCMHAInvocationHandler.java:113)
	at org.apache.hadoop.hdds.scm.ha.SCMHAInvocationHandler.invoke(SCMHAInvocationHandler.java:72)
	at jdk.proxy2/jdk.proxy2.$Proxy48.updateContainerState(Unknown Source)
	at org.apache.hadoop.hdds.scm.container.ContainerManagerImpl.updateContainerState(ContainerManagerImpl.java:284)
	at org.apache.hadoop.hdds.scm.container.AbstractContainerReportHandler.updateContainerState(AbstractContainerReportHandler.java:290)
	at org.apache.hadoop.hdds.scm.container.AbstractContainerReportHandler.processContainerReplica(AbstractContainerReportHandler.java:115)
	at org.apache.hadoop.hdds.scm.container.ContainerReportHandler.processSingleReplica(ContainerReportHandler.java:229)
	at org.apache.hadoop.hdds.scm.container.ContainerReportHandler.onMessage(ContainerReportHandler.java:181)
	at org.apache.hadoop.hdds.scm.container.ContainerReportHandler.onMessage(ContainerReportHandler.java:44)
	at org.apache.hadoop.hdds.server.events.FixedThreadPoolWithAffinityExecutor$ContainerReportProcessTask.run(FixedThreadPoolWithAffinityExecutor.java:257)
	at java.base/java.util.concurrent.Executors$RunnableAdapter.call(Executors.java:572)
	at java.base/java.util.concurrent.FutureTask.run(FutureTask.java:317)
	at java.base/java.util.concurrent.ThreadPoolExecutor.runWorker(ThreadPoolExecutor.java:1144)
	at java.base/java.util.concurrent.ThreadPoolExecutor$Worker.run(ThreadPoolExecutor.java:642)
	at java.base/java.lang.Thread.run(Thread.java:1583)
Caused by: org.apache.ratis.protocol.exceptions.NotLeaderException: Server ca181966-e7f6-4c77-8344-65416d18d1f8@group-F629F00B5E08 is not the leader, suggested leader is: 0570d27e-7557-449b-949c-3e7f7fc57b05|localhost:15003
	at org.apache.ratis.server.impl.RaftServerImpl.generateNotLeaderException(RaftServerImpl.java:804)
	at org.apache.ratis.server.impl.RaftServerImpl.checkLeaderState(RaftServerImpl.java:769)
	at org.apache.ratis.server.impl.RaftServerImpl.checkLeaderState(RaftServerImpl.java:755)
	at org.apache.ratis.server.impl.RaftServerImpl.writeAsyncImpl(RaftServerImpl.java:972)
	at org.apache.ratis.server.impl.RaftServerImpl.writeAsync(RaftServerImpl.java:960)
	at org.apache.ratis.server.impl.RaftServerImpl.replyFuture(RaftServerImpl.java:953)
	at org.apache.ratis.server.impl.RaftServerImpl.submitClientRequestAsync(RaftServerImpl.java:930)
	at org.apache.ratis.server.impl.RaftServerImpl.lambda$null$11(RaftServerImpl.java:919)
	at org.apache.ratis.util.JavaUtils.callAsUnchecked(JavaUtils.java:118)
	at org.apache.ratis.server.impl.RaftServerImpl.lambda$executeSubmitClientRequestAsync$12(RaftServerImpl.java:919)
	at java.base/java.util.concurrent.CompletableFuture$AsyncSupply.run(CompletableFuture.java:1768)
	... 3 more
2025-07-02 18:52:19,001 [scmNode-2-FixedThreadPoolWithAffinityExecutor-1-0] ERROR container.ContainerReportHandler (ContainerReportHandler.java:processSingleReplica(231)) - Failed to process Container #2 (CLOSING, sid=8) r0 (CLOSED, bcsid=8, origin=97a6755e-86fd-4537-91b3-54c33d4d83bf, non-empty) from dn 97a6755e-86fd-4537-91b3-54c33d4d83bf(localhost/127.0.0.1)
org.apache.hadoop.hdds.scm.exceptions.SCMException: org.apache.ratis.protocol.exceptions.NotLeaderException: Server 4680a024-3a59-4e75-8ac7-1755b08d3543@group-F629F00B5E08 is not the leader, suggested leader is: 0570d27e-7557-449b-949c-3e7f7fc57b05|localhost:15003
	at org.apache.hadoop.hdds.scm.ha.SCMHAInvocationHandler.translateException(SCMHAInvocationHandler.java:163)
	at org.apache.hadoop.hdds.scm.ha.SCMHAInvocationHandler.invokeRatis(SCMHAInvocationHandler.java:113)
	at org.apache.hadoop.hdds.scm.ha.SCMHAInvocationHandler.invoke(SCMHAInvocationHandler.java:72)
	at jdk.proxy2/jdk.proxy2.$Proxy48.updateContainerState(Unknown Source)
	at org.apache.hadoop.hdds.scm.container.ContainerManagerImpl.updateContainerState(ContainerManagerImpl.java:284)
	at org.apache.hadoop.hdds.scm.container.AbstractContainerReportHandler.updateContainerState(AbstractContainerReportHandler.java:290)
	at org.apache.hadoop.hdds.scm.container.AbstractContainerReportHandler.processContainerReplica(AbstractContainerReportHandler.java:115)
	at org.apache.hadoop.hdds.scm.container.ContainerReportHandler.processSingleReplica(ContainerReportHandler.java:229)
	at org.apache.hadoop.hdds.scm.container.ContainerReportHandler.onMessage(ContainerReportHandler.java:181)
	at org.apache.hadoop.hdds.scm.container.ContainerReportHandler.onMessage(ContainerReportHandler.java:44)
	at org.apache.hadoop.hdds.server.events.FixedThreadPoolWithAffinityExecutor$ContainerReportProcessTask.run(FixedThreadPoolWithAffinityExecutor.java:257)
	at java.base/java.util.concurrent.Executors$RunnableAdapter.call(Executors.java:572)
	at java.base/java.util.concurrent.FutureTask.run(FutureTask.java:317)
	at java.base/java.util.concurrent.ThreadPoolExecutor.runWorker(ThreadPoolExecutor.java:1144)
	at java.base/java.util.concurrent.ThreadPoolExecutor$Worker.run(ThreadPoolExecutor.java:642)
	at java.base/java.lang.Thread.run(Thread.java:1583)
Caused by: org.apache.ratis.protocol.exceptions.NotLeaderException: Server 4680a024-3a59-4e75-8ac7-1755b08d3543@group-F629F00B5E08 is not the leader, suggested leader is: 0570d27e-7557-449b-949c-3e7f7fc57b05|localhost:15003
	at org.apache.ratis.server.impl.RaftServerImpl.generateNotLeaderException(RaftServerImpl.java:804)
	at org.apache.ratis.server.impl.RaftServerImpl.checkLeaderState(RaftServerImpl.java:769)
	at org.apache.ratis.server.impl.RaftServerImpl.checkLeaderState(RaftServerImpl.java:755)
	at org.apache.ratis.server.impl.RaftServerImpl.writeAsyncImpl(RaftServerImpl.java:972)
	at org.apache.ratis.server.impl.RaftServerImpl.writeAsync(RaftServerImpl.java:960)
	at org.apache.ratis.server.impl.RaftServerImpl.replyFuture(RaftServerImpl.java:953)
	at org.apache.ratis.server.impl.RaftServerImpl.submitClientRequestAsync(RaftServerImpl.java:930)
	at org.apache.ratis.server.impl.RaftServerImpl.lambda$null$11(RaftServerImpl.java:919)
	at org.apache.ratis.util.JavaUtils.callAsUnchecked(JavaUtils.java:118)
	at org.apache.ratis.server.impl.RaftServerImpl.lambda$executeSubmitClientRequestAsync$12(RaftServerImpl.java:919)
	at java.base/java.util.concurrent.CompletableFuture$AsyncSupply.run(CompletableFuture.java:1768)
	... 3 more
]]></system-out>
  </testcase>
  <testcase name="testGetChecksumInfoNonexistentReplica" classname="org.apache.hadoop.ozone.dn.checksum.TestContainerCommandReconciliation" time="0.027">
    <system-out><![CDATA[2025-07-02T18:52:19.522819817Z a1153de0-65c4-400c-ae9f-71c02a590f14-ChunkReader-7 ERROR user=null | ip=null | op=GET_CONTAINER_CHECKSUM_INFO null | ret=FAILURE
org.apache.hadoop.hdds.scm.container.common.helpers.StorageContainerException: ContainerID 1000000 does not exist
	at org.apache.hadoop.ozone.container.common.impl.HddsDispatcher.dispatchRequest(HddsDispatcher.java:321)
	at org.apache.hadoop.ozone.container.common.impl.HddsDispatcher.lambda$dispatch$1(HddsDispatcher.java:190)
	at org.apache.hadoop.hdds.server.OzoneProtocolMessageDispatcher.processRequest(OzoneProtocolMessageDispatcher.java:87)
	at org.apache.hadoop.ozone.container.common.impl.HddsDispatcher.dispatch(HddsDispatcher.java:189)
	at org.apache.hadoop.ozone.container.common.transport.server.GrpcXceiverService$1.onNext(GrpcXceiverService.java:107)
	at org.apache.hadoop.ozone.container.common.transport.server.GrpcXceiverService$1.onNext(GrpcXceiverService.java:96)
	at org.apache.ratis.thirdparty.io.grpc.stub.ServerCalls$StreamingServerCallHandler$StreamingServerCallListener.onMessage(ServerCalls.java:262)
	at org.apache.ratis.thirdparty.io.grpc.ForwardingServerCallListener.onMessage(ForwardingServerCallListener.java:33)
	at org.apache.hadoop.hdds.tracing.GrpcServerInterceptor$1.onMessage(GrpcServerInterceptor.java:49)
	at org.apache.ratis.thirdparty.io.grpc.internal.ServerCallImpl$ServerStreamListenerImpl.messagesAvailableInternal(ServerCallImpl.java:334)
	at org.apache.ratis.thirdparty.io.grpc.internal.ServerCallImpl$ServerStreamListenerImpl.messagesAvailable(ServerCallImpl.java:319)
	at org.apache.ratis.thirdparty.io.grpc.internal.ServerImpl$JumpToApplicationThreadServerStreamListener$1MessagesAvailable.runInContext(ServerImpl.java:834)
	at org.apache.ratis.thirdparty.io.grpc.internal.ContextRunnable.run(ContextRunnable.java:37)
	at org.apache.ratis.thirdparty.io.grpc.internal.SerializingExecutor.run(SerializingExecutor.java:133)
	at java.base/java.util.concurrent.ThreadPoolExecutor.runWorker(ThreadPoolExecutor.java:1144)
	at java.base/java.util.concurrent.ThreadPoolExecutor$Worker.run(ThreadPoolExecutor.java:642)
	at java.base/java.lang.Thread.run(Thread.java:1583)
2025-07-02 18:52:19,541 [a1153de0-65c4-400c-ae9f-71c02a590f14-ChunkReader-7] WARN  impl.HddsDispatcher (ContainerUtils.java:logAndReturnError(94)) - Operation: GetContainerChecksumInfo , Trace ID:  , Message: ContainerID 1000000 does not exist , Result: CONTAINER_NOT_FOUND , StorageContainerException Occurred.
org.apache.hadoop.hdds.scm.container.common.helpers.StorageContainerException: ContainerID 1000000 does not exist
	at org.apache.hadoop.ozone.container.common.impl.HddsDispatcher.dispatchRequest(HddsDispatcher.java:321)
	at org.apache.hadoop.ozone.container.common.impl.HddsDispatcher.lambda$dispatch$1(HddsDispatcher.java:190)
	at org.apache.hadoop.hdds.server.OzoneProtocolMessageDispatcher.processRequest(OzoneProtocolMessageDispatcher.java:87)
	at org.apache.hadoop.ozone.container.common.impl.HddsDispatcher.dispatch(HddsDispatcher.java:189)
	at org.apache.hadoop.ozone.container.common.transport.server.GrpcXceiverService$1.onNext(GrpcXceiverService.java:107)
	at org.apache.hadoop.ozone.container.common.transport.server.GrpcXceiverService$1.onNext(GrpcXceiverService.java:96)
	at org.apache.ratis.thirdparty.io.grpc.stub.ServerCalls$StreamingServerCallHandler$StreamingServerCallListener.onMessage(ServerCalls.java:262)
	at org.apache.ratis.thirdparty.io.grpc.ForwardingServerCallListener.onMessage(ForwardingServerCallListener.java:33)
	at org.apache.hadoop.hdds.tracing.GrpcServerInterceptor$1.onMessage(GrpcServerInterceptor.java:49)
	at org.apache.ratis.thirdparty.io.grpc.internal.ServerCallImpl$ServerStreamListenerImpl.messagesAvailableInternal(ServerCallImpl.java:334)
	at org.apache.ratis.thirdparty.io.grpc.internal.ServerCallImpl$ServerStreamListenerImpl.messagesAvailable(ServerCallImpl.java:319)
	at org.apache.ratis.thirdparty.io.grpc.internal.ServerImpl$JumpToApplicationThreadServerStreamListener$1MessagesAvailable.runInContext(ServerImpl.java:834)
	at org.apache.ratis.thirdparty.io.grpc.internal.ContextRunnable.run(ContextRunnable.java:37)
	at org.apache.ratis.thirdparty.io.grpc.internal.SerializingExecutor.run(SerializingExecutor.java:133)
	at java.base/java.util.concurrent.ThreadPoolExecutor.runWorker(ThreadPoolExecutor.java:1144)
	at java.base/java.util.concurrent.ThreadPoolExecutor$Worker.run(ThreadPoolExecutor.java:642)
	at java.base/java.lang.Thread.run(Thread.java:1583)
2025-07-02 18:52:19,542 [main] WARN  scm.XceiverClientGrpc (XceiverClientGrpc.java:sendCommandWithRetry(503)) - Failed to execute command GetContainerChecksumInfo on the pipeline Pipeline{ Id: a1153de0-65c4-400c-ae9f-71c02a590f14, Nodes: [ {a1153de0-65c4-400c-ae9f-71c02a590f14(localhost/127.0.0.1), ReplicaIndex: 0},], ReplicationConfig: STANDALONE/ONE, State:CLOSED, leaderId:, CreationTimestamp2025-07-02T18:52:12.897854785Z[Etc/UTC]}.
]]></system-out>
  </testcase>
  <testcase name="testGetChecksumInfoServerIOError" classname="org.apache.hadoop.ozone.dn.checksum.TestContainerCommandReconciliation" time="6.088">
    <system-out><![CDATA[2025-07-02 18:52:19,544 [main] INFO  rpc.RpcClient (RpcClient.java:createVolume(461)) - Creating Volume: c50c9acd-cad5-4555-b369-943753625089, with scm as owner and space quota set to -1 bytes, counts quota set to -1
2025-07-02 18:52:19,546 [om1-OMStateMachineApplyTransactionThread - 0] WARN  helpers.OzoneAclUtil (OzoneAclUtil.java:getDefaultAclList(68)) - Failed to get primary group from user scm (auth:SIMPLE)
2025-07-02 18:52:19,547 [om1-OMStateMachineApplyTransactionThread - 0] INFO  volume.OMVolumeCreateRequest (OMVolumeCreateRequest.java:validateAndUpdateCache(203)) - created volume:c50c9acd-cad5-4555-b369-943753625089 for user:scm
2025-07-02 18:52:19,549 [main] INFO  rpc.RpcClient (RpcClient.java:createBucket(686)) - Creating Bucket: c50c9acd-cad5-4555-b369-943753625089/90a5d50b-4663-4f35-b905-9ea78f1a6783, with server-side default bucket layout, scm as owner, Versioning false, Storage Type set to DISK and Encryption set to false, Replication Type set to server-side default replication type, Namespace Quota set to -1, Space Quota set to -1 
2025-07-02 18:52:19,551 [om1-OMStateMachineApplyTransactionThread - 0] WARN  helpers.OzoneAclUtil (OzoneAclUtil.java:getDefaultAclList(68)) - Failed to get primary group from user scm/localhost@EXAMPLE.COM (auth:SIMPLE)
2025-07-02 18:52:19,551 [om1-OMStateMachineApplyTransactionThread - 0] INFO  bucket.OMBucketCreateRequest (OMBucketCreateRequest.java:validateAndUpdateCache(292)) - created bucket: 90a5d50b-4663-4f35-b905-9ea78f1a6783 of layout FILE_SYSTEM_OPTIMIZED in volume: c50c9acd-cad5-4555-b369-943753625089
2025-07-02 18:52:19,564 [om1-OMStateMachineApplyTransactionThread - 0] WARN  helpers.OzoneAclUtil (OzoneAclUtil.java:getDefaultAclList(68)) - Failed to get primary group from user scm/localhost@EXAMPLE.COM (auth:SIMPLE)
2025-07-02 18:52:19,580 [Socket Reader #1 for port 15002] INFO  ipc.Server (Server.java:saslProcess(2290)) - Auth successful for scm/localhost@EXAMPLE.COM (auth:KERBEROS) from 127.0.0.1:43059
2025-07-02 18:52:19,582 [fff6918d-693a-4f9d-b154-ded16baf39a4-client-thread1] INFO  symmetric.DefaultSecretKeyVerifierClient (DefaultSecretKeyVerifierClient.java:load(71)) - Secret key fetched from SCM: SecretKey(id = 45b1e288-be58-412a-8e87-841ece61fad4, creation at: 2025-07-02T18:51:41.729Z, expire at: 2025-07-02T19:00:01.729Z)
2025-07-02 18:52:19,583 [fff6918d-693a-4f9d-b154-ded16baf39a4-ChunkWriter-3-0] WARN  statemachine.DatanodeConfiguration (DatanodeConfiguration.java:validateMinFreeSpace(751)) - hdds.datanode.volume.min.free.space.percent = -1.0 is invalid, should be between 0 and 1
2025-07-02 18:52:19,584 [fff6918d-693a-4f9d-b154-ded16baf39a4-ChunkWriter-3-0] WARN  statemachine.DatanodeConfiguration (DatanodeConfiguration.java:validateMinFreeSpace(751)) - hdds.datanode.volume.min.free.space.percent = -1.0 is invalid, should be between 0 and 1
2025-07-02 18:52:19,586 [a1153de0-65c4-400c-ae9f-71c02a590f14-ChunkWriter-3-0] WARN  statemachine.DatanodeConfiguration (DatanodeConfiguration.java:validateMinFreeSpace(751)) - hdds.datanode.volume.min.free.space.percent = -1.0 is invalid, should be between 0 and 1
2025-07-02 18:52:19,586 [a1153de0-65c4-400c-ae9f-71c02a590f14-ChunkWriter-3-0] WARN  statemachine.DatanodeConfiguration (DatanodeConfiguration.java:validateMinFreeSpace(751)) - hdds.datanode.volume.min.free.space.percent = -1.0 is invalid, should be between 0 and 1
2025-07-02 18:52:19,587 [97a6755e-86fd-4537-91b3-54c33d4d83bf-ChunkWriter-3-0] WARN  statemachine.DatanodeConfiguration (DatanodeConfiguration.java:validateMinFreeSpace(751)) - hdds.datanode.volume.min.free.space.percent = -1.0 is invalid, should be between 0 and 1
2025-07-02 18:52:19,588 [97a6755e-86fd-4537-91b3-54c33d4d83bf-ChunkWriter-3-0] WARN  statemachine.DatanodeConfiguration (DatanodeConfiguration.java:validateMinFreeSpace(751)) - hdds.datanode.volume.min.free.space.percent = -1.0 is invalid, should be between 0 and 1
2025-07-02 18:52:19,596 [scmNode-3-FixedThreadPoolWithAffinityExecutor-8-0] WARN  container.IncrementalContainerReportHandler (IncrementalContainerReportHandler.java:processICR(109)) - Container not found: Container #3 (NOT_FOUND) r0 (OPEN, bcsid=0, origin=a1153de0-65c4-400c-ae9f-71c02a590f14, non-empty) from dn a1153de0-65c4-400c-ae9f-71c02a590f14(localhost/127.0.0.1)
2025-07-02 18:52:19,597 [scmNode-2-FixedThreadPoolWithAffinityExecutor-8-0] WARN  container.IncrementalContainerReportHandler (IncrementalContainerReportHandler.java:processICR(109)) - Container not found: Container #3 (NOT_FOUND) r0 (OPEN, bcsid=0, origin=a1153de0-65c4-400c-ae9f-71c02a590f14, non-empty) from dn a1153de0-65c4-400c-ae9f-71c02a590f14(localhost/127.0.0.1)
2025-07-02 18:52:19,599 [scmNode-2-FixedThreadPoolWithAffinityExecutor-1-0] WARN  container.IncrementalContainerReportHandler (IncrementalContainerReportHandler.java:processICR(109)) - Container not found: Container #3 (NOT_FOUND) r0 (OPEN, bcsid=0, origin=97a6755e-86fd-4537-91b3-54c33d4d83bf, non-empty) from dn 97a6755e-86fd-4537-91b3-54c33d4d83bf(localhost/127.0.0.1)
2025-07-02 18:52:19,600 [scmNode-3-FixedThreadPoolWithAffinityExecutor-1-0] WARN  container.IncrementalContainerReportHandler (IncrementalContainerReportHandler.java:processICR(109)) - Container not found: Container #3 (NOT_FOUND) r0 (OPEN, bcsid=0, origin=97a6755e-86fd-4537-91b3-54c33d4d83bf, non-empty) from dn 97a6755e-86fd-4537-91b3-54c33d4d83bf(localhost/127.0.0.1)
2025-07-02 18:52:19,600 [scmNode-3-FixedThreadPoolWithAffinityExecutor-1-0] WARN  container.IncrementalContainerReportHandler (IncrementalContainerReportHandler.java:processICR(109)) - Container not found: Container #3 (NOT_FOUND) r0 (OPEN, bcsid=0, origin=fff6918d-693a-4f9d-b154-ded16baf39a4, non-empty) from dn fff6918d-693a-4f9d-b154-ded16baf39a4(localhost/127.0.0.1)
2025-07-02 18:52:19,602 [scmNode-2-FixedThreadPoolWithAffinityExecutor-1-0] WARN  container.IncrementalContainerReportHandler (IncrementalContainerReportHandler.java:processICR(109)) - Container not found: Container #3 (NOT_FOUND) r0 (OPEN, bcsid=0, origin=fff6918d-693a-4f9d-b154-ded16baf39a4, non-empty) from dn fff6918d-693a-4f9d-b154-ded16baf39a4(localhost/127.0.0.1)
2025-07-02 18:52:19,621 [scmNode-1-EventQueue-CloseContainerForCloseContainerEventHandler] INFO  container.CloseContainerEventHandler (CloseContainerEventHandler.java:onMessage(88)) - Close container Event triggered for container : #3, current state: OPEN
2025-07-02 18:52:19,624 [scmNode-1-EventQueue-CloseContainerForCloseContainerEventHandler] INFO  container.CloseContainerEventHandler (CloseContainerEventHandler.java:onMessage(88)) - Close container Event triggered for container : #3, current state: CLOSING
2025-07-02 18:52:19,624 [scmNode-1-EventQueue-CloseContainerForCloseContainerEventHandler] INFO  container.CloseContainerEventHandler (CloseContainerEventHandler.java:onMessage(88)) - Close container Event triggered for container : #3, current state: CLOSING
2025-07-02 18:52:22,602 [a1153de0-65c4-400c-ae9f-71c02a590f14-CloseContainerThread-2] WARN  keyvalue.KeyValueHandler (KeyValueHandler.java:updateAndGetContainerChecksum(1451)) - Container data checksum updated from 0 to 1feee43f
2025-07-02 18:52:22,602 [fff6918d-693a-4f9d-b154-ded16baf39a4-CloseContainerThread-2] WARN  keyvalue.KeyValueHandler (KeyValueHandler.java:updateAndGetContainerChecksum(1451)) - Container data checksum updated from 0 to 1feee43f
2025-07-02 18:52:22,604 [a1153de0-65c4-400c-ae9f-71c02a590f14-CloseContainerThread-2] INFO  commandhandler.CloseContainerCommandHandler (CloseContainerCommandHandler.java:lambda$handle$0(154)) - Follower cannot close container #3.
2025-07-02 18:52:22,610 [fff6918d-693a-4f9d-b154-ded16baf39a4-ContainerOp-e4f4775a-5ba1-419b-a816-9396b2a0ac6b-2] INFO  keyvalue.KeyValueContainer (KeyValueContainer.java:flushAndSyncDB(514)) - Synced container: KeyValueContainerData #3 (CLOSING, non-empty, ri=0, origin=[dn_fff6918d-693a-4f9d-b154-ded16baf39a4, pipeline_e4f4775a-5ba1-419b-a816-9396b2a0ac6b])
2025-07-02 18:52:22,610 [fff6918d-693a-4f9d-b154-ded16baf39a4-ContainerOp-e4f4775a-5ba1-419b-a816-9396b2a0ac6b-2] INFO  keyvalue.KeyValueContainer (KeyValueContainer.java:flushAndSyncDB(514)) - Synced container: KeyValueContainerData #3 (CLOSING, non-empty, ri=0, origin=[dn_fff6918d-693a-4f9d-b154-ded16baf39a4, pipeline_e4f4775a-5ba1-419b-a816-9396b2a0ac6b])
2025-07-02 18:52:22,616 [a1153de0-65c4-400c-ae9f-71c02a590f14-ContainerOp-e4f4775a-5ba1-419b-a816-9396b2a0ac6b-2] INFO  keyvalue.KeyValueContainer (KeyValueContainer.java:flushAndSyncDB(514)) - Synced container: KeyValueContainerData #3 (CLOSING, non-empty, ri=0, origin=[dn_a1153de0-65c4-400c-ae9f-71c02a590f14, pipeline_e4f4775a-5ba1-419b-a816-9396b2a0ac6b])
2025-07-02 18:52:22,616 [a1153de0-65c4-400c-ae9f-71c02a590f14-ContainerOp-e4f4775a-5ba1-419b-a816-9396b2a0ac6b-2] INFO  keyvalue.KeyValueContainer (KeyValueContainer.java:flushAndSyncDB(514)) - Synced container: KeyValueContainerData #3 (CLOSING, non-empty, ri=0, origin=[dn_a1153de0-65c4-400c-ae9f-71c02a590f14, pipeline_e4f4775a-5ba1-419b-a816-9396b2a0ac6b])
2025-07-02 18:52:22,620 [a1153de0-65c4-400c-ae9f-71c02a590f14-ContainerOp-e4f4775a-5ba1-419b-a816-9396b2a0ac6b-2] INFO  keyvalue.KeyValueContainer (KeyValueContainer.java:close(430)) - Closed container: KeyValueContainerData #3 (CLOSED, non-empty, ri=0, origin=[dn_a1153de0-65c4-400c-ae9f-71c02a590f14, pipeline_e4f4775a-5ba1-419b-a816-9396b2a0ac6b])
2025-07-02 18:52:22,621 [fff6918d-693a-4f9d-b154-ded16baf39a4-ContainerOp-e4f4775a-5ba1-419b-a816-9396b2a0ac6b-2] INFO  keyvalue.KeyValueContainer (KeyValueContainer.java:close(430)) - Closed container: KeyValueContainerData #3 (CLOSED, non-empty, ri=0, origin=[dn_fff6918d-693a-4f9d-b154-ded16baf39a4, pipeline_e4f4775a-5ba1-419b-a816-9396b2a0ac6b])
2025-07-02 18:52:22,622 [97a6755e-86fd-4537-91b3-54c33d4d83bf-ContainerOp-e4f4775a-5ba1-419b-a816-9396b2a0ac6b-2] WARN  keyvalue.KeyValueHandler (KeyValueHandler.java:updateAndGetContainerChecksum(1451)) - Container data checksum updated from 0 to 1feee43f
2025-07-02 18:52:22,623 [scmNode-2-FixedThreadPoolWithAffinityExecutor-8-0] INFO  container.IncrementalContainerReportHandler (AbstractContainerReportHandler.java:updateContainerState(289)) - CLOSE Container #3 (CLOSING, sid=2) r0 (CLOSED, bcsid=2, origin=a1153de0-65c4-400c-ae9f-71c02a590f14, non-empty) from dn a1153de0-65c4-400c-ae9f-71c02a590f14(localhost/127.0.0.1)
2025-07-02 18:52:22,623 [97a6755e-86fd-4537-91b3-54c33d4d83bf-ContainerOp-e4f4775a-5ba1-419b-a816-9396b2a0ac6b-2] INFO  keyvalue.KeyValueContainer (KeyValueContainer.java:flushAndSyncDB(514)) - Synced container: KeyValueContainerData #3 (CLOSING, non-empty, ri=0, origin=[dn_97a6755e-86fd-4537-91b3-54c33d4d83bf, pipeline_e4f4775a-5ba1-419b-a816-9396b2a0ac6b])
2025-07-02 18:52:22,623 [97a6755e-86fd-4537-91b3-54c33d4d83bf-ContainerOp-e4f4775a-5ba1-419b-a816-9396b2a0ac6b-2] INFO  keyvalue.KeyValueContainer (KeyValueContainer.java:flushAndSyncDB(514)) - Synced container: KeyValueContainerData #3 (CLOSING, non-empty, ri=0, origin=[dn_97a6755e-86fd-4537-91b3-54c33d4d83bf, pipeline_e4f4775a-5ba1-419b-a816-9396b2a0ac6b])
2025-07-02 18:52:22,624 [scmNode-1-FixedThreadPoolWithAffinityExecutor-8-0] INFO  container.IncrementalContainerReportHandler (AbstractContainerReportHandler.java:updateContainerState(289)) - CLOSE Container #3 (CLOSING, sid=2) r0 (CLOSED, bcsid=2, origin=a1153de0-65c4-400c-ae9f-71c02a590f14, non-empty) from dn a1153de0-65c4-400c-ae9f-71c02a590f14(localhost/127.0.0.1)
2025-07-02 18:52:22,625 [scmNode-3-FixedThreadPoolWithAffinityExecutor-8-0] INFO  container.IncrementalContainerReportHandler (AbstractContainerReportHandler.java:updateContainerState(289)) - CLOSE Container #3 (CLOSING, sid=2) r0 (CLOSED, bcsid=2, origin=a1153de0-65c4-400c-ae9f-71c02a590f14, non-empty) from dn a1153de0-65c4-400c-ae9f-71c02a590f14(localhost/127.0.0.1)
2025-07-02 18:52:22,625 [scmNode-2-FixedThreadPoolWithAffinityExecutor-1-0] INFO  container.IncrementalContainerReportHandler (AbstractContainerReportHandler.java:updateContainerState(289)) - CLOSE Container #3 (CLOSING, sid=2) r0 (CLOSED, bcsid=2, origin=fff6918d-693a-4f9d-b154-ded16baf39a4, non-empty) from dn fff6918d-693a-4f9d-b154-ded16baf39a4(localhost/127.0.0.1)
2025-07-02 18:52:22,626 [scmNode-2-FixedThreadPoolWithAffinityExecutor-8-0] INFO  container.IncrementalContainerReportHandler (IncrementalContainerReportHandler.java:processICR(116)) - SCM_NOT_LEADER: Failed to process Container #3 (CLOSING, sid=2) r0 (CLOSED, bcsid=2, origin=a1153de0-65c4-400c-ae9f-71c02a590f14, non-empty) from dn a1153de0-65c4-400c-ae9f-71c02a590f14(localhost/127.0.0.1)
2025-07-02 18:52:22,626 [scmNode-2-FixedThreadPoolWithAffinityExecutor-1-0] INFO  container.IncrementalContainerReportHandler (IncrementalContainerReportHandler.java:processICR(116)) - SCM_NOT_LEADER: Failed to process Container #3 (CLOSING, sid=2) r0 (CLOSED, bcsid=2, origin=fff6918d-693a-4f9d-b154-ded16baf39a4, non-empty) from dn fff6918d-693a-4f9d-b154-ded16baf39a4(localhost/127.0.0.1)
2025-07-02 18:52:22,627 [scmNode-3-FixedThreadPoolWithAffinityExecutor-8-0] INFO  container.IncrementalContainerReportHandler (IncrementalContainerReportHandler.java:processICR(116)) - SCM_NOT_LEADER: Failed to process Container #3 (CLOSING, sid=2) r0 (CLOSED, bcsid=2, origin=a1153de0-65c4-400c-ae9f-71c02a590f14, non-empty) from dn a1153de0-65c4-400c-ae9f-71c02a590f14(localhost/127.0.0.1)
2025-07-02 18:52:22,627 [scmNode-3-FixedThreadPoolWithAffinityExecutor-1-0] INFO  container.IncrementalContainerReportHandler (AbstractContainerReportHandler.java:updateContainerState(289)) - CLOSE Container #3 (CLOSING, sid=2) r0 (CLOSED, bcsid=2, origin=fff6918d-693a-4f9d-b154-ded16baf39a4, non-empty) from dn fff6918d-693a-4f9d-b154-ded16baf39a4(localhost/127.0.0.1)
2025-07-02 18:52:22,627 [scmNode-3-FixedThreadPoolWithAffinityExecutor-1-0] INFO  container.IncrementalContainerReportHandler (IncrementalContainerReportHandler.java:processICR(116)) - SCM_NOT_LEADER: Failed to process Container #3 (CLOSING, sid=2) r0 (CLOSED, bcsid=2, origin=fff6918d-693a-4f9d-b154-ded16baf39a4, non-empty) from dn fff6918d-693a-4f9d-b154-ded16baf39a4(localhost/127.0.0.1)
2025-07-02 18:52:22,630 [97a6755e-86fd-4537-91b3-54c33d4d83bf-ContainerOp-e4f4775a-5ba1-419b-a816-9396b2a0ac6b-2] INFO  keyvalue.KeyValueContainer (KeyValueContainer.java:close(430)) - Closed container: KeyValueContainerData #3 (CLOSED, non-empty, ri=0, origin=[dn_97a6755e-86fd-4537-91b3-54c33d4d83bf, pipeline_e4f4775a-5ba1-419b-a816-9396b2a0ac6b])
2025-07-02 18:52:22,633 [scmNode-2-FixedThreadPoolWithAffinityExecutor-1-0] INFO  container.IncrementalContainerReportHandler (AbstractContainerReportHandler.java:updateContainerState(289)) - CLOSE Container #3 (CLOSING, sid=2) r0 (CLOSED, bcsid=2, origin=97a6755e-86fd-4537-91b3-54c33d4d83bf, non-empty) from dn 97a6755e-86fd-4537-91b3-54c33d4d83bf(localhost/127.0.0.1)
2025-07-02 18:52:22,634 [scmNode-3-FixedThreadPoolWithAffinityExecutor-1-0] INFO  container.IncrementalContainerReportHandler (AbstractContainerReportHandler.java:updateContainerState(289)) - CLOSE Container #3 (CLOSING, sid=2) r0 (CLOSED, bcsid=2, origin=97a6755e-86fd-4537-91b3-54c33d4d83bf, non-empty) from dn 97a6755e-86fd-4537-91b3-54c33d4d83bf(localhost/127.0.0.1)
2025-07-02 18:52:22,635 [scmNode-3-FixedThreadPoolWithAffinityExecutor-1-0] INFO  container.IncrementalContainerReportHandler (IncrementalContainerReportHandler.java:processICR(116)) - SCM_NOT_LEADER: Failed to process Container #3 (CLOSING, sid=2) r0 (CLOSED, bcsid=2, origin=97a6755e-86fd-4537-91b3-54c33d4d83bf, non-empty) from dn 97a6755e-86fd-4537-91b3-54c33d4d83bf(localhost/127.0.0.1)
2025-07-02 18:52:22,635 [scmNode-2-FixedThreadPoolWithAffinityExecutor-1-0] INFO  container.IncrementalContainerReportHandler (IncrementalContainerReportHandler.java:processICR(116)) - SCM_NOT_LEADER: Failed to process Container #3 (CLOSING, sid=2) r0 (CLOSED, bcsid=2, origin=97a6755e-86fd-4537-91b3-54c33d4d83bf, non-empty) from dn 97a6755e-86fd-4537-91b3-54c33d4d83bf(localhost/127.0.0.1)
2025-07-02 18:52:25,626 [a1153de0-65c4-400c-ae9f-71c02a590f14-ChunkReader-0] ERROR keyvalue.KeyValueHandler (KeyValueHandler.java:handleGetContainerChecksumInfo(765)) - Error occurred when reading checksum file for container 3
java.nio.file.AccessDeniedException: /home/runner/work/ozone/ozone/hadoop-ozone/integration-test/target/test-dir/MiniOzoneClusterImpl-ff054ab7-6da7-448f-9cae-f629f00b5e08/ozone-meta/datanode-1/data-0/hdds/ff054ab7-6da7-448f-9cae-f629f00b5e08/current/containerDir0/3/metadata/3.tree
	at java.base/sun.nio.fs.UnixException.translateToIOException(UnixException.java:90)
	at java.base/sun.nio.fs.UnixException.rethrowAsIOException(UnixException.java:106)
	at java.base/sun.nio.fs.UnixException.rethrowAsIOException(UnixException.java:111)
	at java.base/sun.nio.fs.UnixFileSystemProvider.newByteChannel(UnixFileSystemProvider.java:261)
	at java.base/java.nio.file.Files.newByteChannel(Files.java:380)
	at java.base/java.nio.file.Files.newByteChannel(Files.java:432)
	at java.base/java.nio.file.spi.FileSystemProvider.newInputStream(FileSystemProvider.java:420)
	at java.base/java.nio.file.Files.newInputStream(Files.java:160)
	at org.apache.hadoop.ozone.container.checksum.ContainerChecksumTreeManager.getContainerChecksumInfo(ContainerChecksumTreeManager.java:411)
	at org.apache.hadoop.ozone.container.keyvalue.KeyValueHandler.handleGetContainerChecksumInfo(KeyValueHandler.java:762)
	at org.apache.hadoop.ozone.container.keyvalue.KeyValueHandler.dispatchRequest(KeyValueHandler.java:361)
	at org.apache.hadoop.ozone.container.keyvalue.KeyValueHandler.handle(KeyValueHandler.java:293)
	at org.apache.hadoop.ozone.container.common.impl.HddsDispatcher.dispatchRequest(HddsDispatcher.java:365)
	at org.apache.hadoop.ozone.container.common.impl.HddsDispatcher.lambda$dispatch$1(HddsDispatcher.java:190)
	at org.apache.hadoop.hdds.server.OzoneProtocolMessageDispatcher.processRequest(OzoneProtocolMessageDispatcher.java:87)
	at org.apache.hadoop.ozone.container.common.impl.HddsDispatcher.dispatch(HddsDispatcher.java:189)
	at org.apache.hadoop.ozone.container.common.transport.server.GrpcXceiverService$1.onNext(GrpcXceiverService.java:107)
	at org.apache.hadoop.ozone.container.common.transport.server.GrpcXceiverService$1.onNext(GrpcXceiverService.java:96)
	at org.apache.ratis.thirdparty.io.grpc.stub.ServerCalls$StreamingServerCallHandler$StreamingServerCallListener.onMessage(ServerCalls.java:262)
	at org.apache.ratis.thirdparty.io.grpc.ForwardingServerCallListener.onMessage(ForwardingServerCallListener.java:33)
	at org.apache.hadoop.hdds.tracing.GrpcServerInterceptor$1.onMessage(GrpcServerInterceptor.java:49)
	at org.apache.ratis.thirdparty.io.grpc.internal.ServerCallImpl$ServerStreamListenerImpl.messagesAvailableInternal(ServerCallImpl.java:334)
	at org.apache.ratis.thirdparty.io.grpc.internal.ServerCallImpl$ServerStreamListenerImpl.messagesAvailable(ServerCallImpl.java:319)
	at org.apache.ratis.thirdparty.io.grpc.internal.ServerImpl$JumpToApplicationThreadServerStreamListener$1MessagesAvailable.runInContext(ServerImpl.java:834)
	at org.apache.ratis.thirdparty.io.grpc.internal.ContextRunnable.run(ContextRunnable.java:37)
	at org.apache.ratis.thirdparty.io.grpc.internal.SerializingExecutor.run(SerializingExecutor.java:133)
	at java.base/java.util.concurrent.ThreadPoolExecutor.runWorker(ThreadPoolExecutor.java:1144)
	at java.base/java.util.concurrent.ThreadPoolExecutor$Worker.run(ThreadPoolExecutor.java:642)
	at java.base/java.lang.Thread.run(Thread.java:1583)
2025-07-02T18:52:25.629202390Z a1153de0-65c4-400c-ae9f-71c02a590f14-ChunkReader-0 ERROR user=null | ip=null | op=GET_CONTAINER_CHECKSUM_INFO null | ret=FAILURE
java.lang.Exception: /home/runner/work/ozone/ozone/hadoop-ozone/integration-test/target/test-dir/MiniOzoneClusterImpl-ff054ab7-6da7-448f-9cae-f629f00b5e08/ozone-meta/datanode-1/data-0/hdds/ff054ab7-6da7-448f-9cae-f629f00b5e08/current/containerDir0/3/metadata/3.tree
	at org.apache.hadoop.ozone.container.common.impl.HddsDispatcher.dispatchRequest(HddsDispatcher.java:439)
	at org.apache.hadoop.ozone.container.common.impl.HddsDispatcher.lambda$dispatch$1(HddsDispatcher.java:190)
	at org.apache.hadoop.hdds.server.OzoneProtocolMessageDispatcher.processRequest(OzoneProtocolMessageDispatcher.java:87)
	at org.apache.hadoop.ozone.container.common.impl.HddsDispatcher.dispatch(HddsDispatcher.java:189)
	at org.apache.hadoop.ozone.container.common.transport.server.GrpcXceiverService$1.onNext(GrpcXceiverService.java:107)
	at org.apache.hadoop.ozone.container.common.transport.server.GrpcXceiverService$1.onNext(GrpcXceiverService.java:96)
	at org.apache.ratis.thirdparty.io.grpc.stub.ServerCalls$StreamingServerCallHandler$StreamingServerCallListener.onMessage(ServerCalls.java:262)
	at org.apache.ratis.thirdparty.io.grpc.ForwardingServerCallListener.onMessage(ForwardingServerCallListener.java:33)
	at org.apache.hadoop.hdds.tracing.GrpcServerInterceptor$1.onMessage(GrpcServerInterceptor.java:49)
	at org.apache.ratis.thirdparty.io.grpc.internal.ServerCallImpl$ServerStreamListenerImpl.messagesAvailableInternal(ServerCallImpl.java:334)
	at org.apache.ratis.thirdparty.io.grpc.internal.ServerCallImpl$ServerStreamListenerImpl.messagesAvailable(ServerCallImpl.java:319)
	at org.apache.ratis.thirdparty.io.grpc.internal.ServerImpl$JumpToApplicationThreadServerStreamListener$1MessagesAvailable.runInContext(ServerImpl.java:834)
	at org.apache.ratis.thirdparty.io.grpc.internal.ContextRunnable.run(ContextRunnable.java:37)
	at org.apache.ratis.thirdparty.io.grpc.internal.SerializingExecutor.run(SerializingExecutor.java:133)
	at java.base/java.util.concurrent.ThreadPoolExecutor.runWorker(ThreadPoolExecutor.java:1144)
	at java.base/java.util.concurrent.ThreadPoolExecutor$Worker.run(ThreadPoolExecutor.java:642)
	at java.base/java.lang.Thread.run(Thread.java:1583)
2025-07-02 18:52:25,630 [main] WARN  scm.XceiverClientGrpc (XceiverClientGrpc.java:sendCommandWithRetry(503)) - Failed to execute command GetContainerChecksumInfo on the pipeline Pipeline{ Id: a1153de0-65c4-400c-ae9f-71c02a590f14, Nodes: [ {a1153de0-65c4-400c-ae9f-71c02a590f14(localhost/127.0.0.1), ReplicaIndex: 0},], ReplicationConfig: STANDALONE/ONE, State:CLOSED, leaderId:, CreationTimestamp2025-07-02T18:52:12.897854785Z[Etc/UTC]}.
]]></system-out>
  </testcase>
  <testcase name="testContainerChecksumChunkCorruption" classname="org.apache.hadoop.ozone.dn.checksum.TestContainerCommandReconciliation" time="9.391">
    <system-out><![CDATA[2025-07-02 18:52:25,632 [main] INFO  rpc.RpcClient (RpcClient.java:createVolume(461)) - Creating Volume: 97dfa6a7-6f84-4cf9-b635-7e4f0cffe6e5, with scm as owner and space quota set to -1 bytes, counts quota set to -1
2025-07-02 18:52:25,636 [om1-OMStateMachineApplyTransactionThread - 0] WARN  helpers.OzoneAclUtil (OzoneAclUtil.java:getDefaultAclList(68)) - Failed to get primary group from user scm (auth:SIMPLE)
2025-07-02 18:52:25,636 [om1-OMStateMachineApplyTransactionThread - 0] INFO  volume.OMVolumeCreateRequest (OMVolumeCreateRequest.java:validateAndUpdateCache(203)) - created volume:97dfa6a7-6f84-4cf9-b635-7e4f0cffe6e5 for user:scm
2025-07-02 18:52:25,638 [main] INFO  rpc.RpcClient (RpcClient.java:createBucket(686)) - Creating Bucket: 97dfa6a7-6f84-4cf9-b635-7e4f0cffe6e5/06f0bbfa-5c88-427a-b406-3e0a9b573ada, with server-side default bucket layout, scm as owner, Versioning false, Storage Type set to DISK and Encryption set to false, Replication Type set to server-side default replication type, Namespace Quota set to -1, Space Quota set to -1 
2025-07-02 18:52:25,641 [om1-OMStateMachineApplyTransactionThread - 0] WARN  helpers.OzoneAclUtil (OzoneAclUtil.java:getDefaultAclList(68)) - Failed to get primary group from user scm/localhost@EXAMPLE.COM (auth:SIMPLE)
2025-07-02 18:52:25,641 [om1-OMStateMachineApplyTransactionThread - 0] INFO  bucket.OMBucketCreateRequest (OMBucketCreateRequest.java:validateAndUpdateCache(292)) - created bucket: 06f0bbfa-5c88-427a-b406-3e0a9b573ada of layout FILE_SYSTEM_OPTIMIZED in volume: 97dfa6a7-6f84-4cf9-b635-7e4f0cffe6e5
2025-07-02 18:52:25,652 [pool-231-thread-1] ERROR checksum.ContainerChecksumTreeManager (ContainerChecksumTreeManager.java:writeContainerDataTree(102)) - Failed to read container checksum tree file for container 3. Creating a new instance.
java.io.IOException: java.io.IOException: Error occurred when reading container merkle tree for containerID 3 at path /home/runner/work/ozone/ozone/hadoop-ozone/integration-test/target/test-dir/MiniOzoneClusterImpl-ff054ab7-6da7-448f-9cae-f629f00b5e08/ozone-meta/datanode-1/data-0/hdds/ff054ab7-6da7-448f-9cae-f629f00b5e08/current/containerDir0/3/metadata/3.tree
	at org.apache.hadoop.ozone.container.checksum.ContainerChecksumTreeManager.read(ContainerChecksumTreeManager.java:356)
	at org.apache.hadoop.ozone.container.checksum.ContainerChecksumTreeManager.readBuilder(ContainerChecksumTreeManager.java:361)
	at org.apache.hadoop.ozone.container.checksum.ContainerChecksumTreeManager.writeContainerDataTree(ContainerChecksumTreeManager.java:100)
	at org.apache.hadoop.ozone.container.keyvalue.KeyValueHandler.updateAndGetContainerChecksum(KeyValueHandler.java:1438)
	at org.apache.hadoop.ozone.container.keyvalue.KeyValueHandler.updateContainerChecksum(KeyValueHandler.java:1379)
	at org.apache.hadoop.ozone.container.ozoneimpl.ContainerController.updateContainerChecksum(ContainerController.java:143)
	at org.apache.hadoop.ozone.container.ozoneimpl.ContainerScanHelper.scanData(ContainerScanHelper.java:73)
	at org.apache.hadoop.ozone.container.ozoneimpl.OnDemandContainerDataScanner.performOnDemandScan(OnDemandContainerDataScanner.java:106)
	at org.apache.hadoop.ozone.container.ozoneimpl.OnDemandContainerDataScanner.lambda$scanContainer$0(OnDemandContainerDataScanner.java:88)
	at java.base/java.util.concurrent.Executors$RunnableAdapter.call(Executors.java:572)
	at java.base/java.util.concurrent.FutureTask.run(FutureTask.java:317)
	at java.base/java.util.concurrent.ThreadPoolExecutor.runWorker(ThreadPoolExecutor.java:1144)
	at java.base/java.util.concurrent.ThreadPoolExecutor$Worker.run(ThreadPoolExecutor.java:642)
	at java.base/java.lang.Thread.run(Thread.java:1583)
Caused by: java.io.IOException: Error occurred when reading container merkle tree for containerID 3 at path /home/runner/work/ozone/ozone/hadoop-ozone/integration-test/target/test-dir/MiniOzoneClusterImpl-ff054ab7-6da7-448f-9cae-f629f00b5e08/ozone-meta/datanode-1/data-0/hdds/ff054ab7-6da7-448f-9cae-f629f00b5e08/current/containerDir0/3/metadata/3.tree
	at org.apache.hadoop.ozone.container.checksum.ContainerChecksumTreeManager.readChecksumInfo(ContainerChecksumTreeManager.java:435)
	at org.apache.hadoop.ozone.container.checksum.ContainerChecksumTreeManager.lambda$read$4(ContainerChecksumTreeManager.java:353)
	at org.apache.hadoop.ozone.util.MetricUtil.captureLatencyNs(MetricUtil.java:45)
	at org.apache.hadoop.ozone.container.checksum.ContainerChecksumTreeManager.read(ContainerChecksumTreeManager.java:353)
	... 13 more
Caused by: java.nio.file.AccessDeniedException: /home/runner/work/ozone/ozone/hadoop-ozone/integration-test/target/test-dir/MiniOzoneClusterImpl-ff054ab7-6da7-448f-9cae-f629f00b5e08/ozone-meta/datanode-1/data-0/hdds/ff054ab7-6da7-448f-9cae-f629f00b5e08/current/containerDir0/3/metadata/3.tree
	at java.base/sun.nio.fs.UnixException.translateToIOException(UnixException.java:90)
	at java.base/sun.nio.fs.UnixException.rethrowAsIOException(UnixException.java:106)
	at java.base/sun.nio.fs.UnixException.rethrowAsIOException(UnixException.java:111)
	at java.base/sun.nio.fs.UnixFileSystemProvider.newByteChannel(UnixFileSystemProvider.java:261)
	at java.base/java.nio.file.Files.newByteChannel(Files.java:380)
	at java.base/java.nio.file.Files.newByteChannel(Files.java:432)
	at java.base/java.nio.file.spi.FileSystemProvider.newInputStream(FileSystemProvider.java:420)
	at java.base/java.nio.file.Files.newInputStream(Files.java:160)
	at org.apache.hadoop.ozone.container.checksum.ContainerChecksumTreeManager.readChecksumInfo(ContainerChecksumTreeManager.java:430)
	... 16 more
2025-07-02 18:52:26,108 [om1-OMStateMachineApplyTransactionThread - 0] WARN  helpers.OzoneAclUtil (OzoneAclUtil.java:getDefaultAclList(68)) - Failed to get primary group from user scm/localhost@EXAMPLE.COM (auth:SIMPLE)
2025-07-02 18:52:26,144 [97a6755e-86fd-4537-91b3-54c33d4d83bf-ChunkWriter-0-0] WARN  statemachine.DatanodeConfiguration (DatanodeConfiguration.java:validateMinFreeSpace(751)) - hdds.datanode.volume.min.free.space.percent = -1.0 is invalid, should be between 0 and 1
2025-07-02 18:52:26,144 [97a6755e-86fd-4537-91b3-54c33d4d83bf-ChunkWriter-0-0] WARN  statemachine.DatanodeConfiguration (DatanodeConfiguration.java:validateMinFreeSpace(751)) - hdds.datanode.volume.min.free.space.percent = -1.0 is invalid, should be between 0 and 1
2025-07-02 18:52:26,150 [fff6918d-693a-4f9d-b154-ded16baf39a4-ChunkWriter-0-0] WARN  statemachine.DatanodeConfiguration (DatanodeConfiguration.java:validateMinFreeSpace(751)) - hdds.datanode.volume.min.free.space.percent = -1.0 is invalid, should be between 0 and 1
2025-07-02 18:52:26,151 [fff6918d-693a-4f9d-b154-ded16baf39a4-ChunkWriter-0-0] WARN  statemachine.DatanodeConfiguration (DatanodeConfiguration.java:validateMinFreeSpace(751)) - hdds.datanode.volume.min.free.space.percent = -1.0 is invalid, should be between 0 and 1
2025-07-02 18:52:26,152 [a1153de0-65c4-400c-ae9f-71c02a590f14-ChunkWriter-0-0] WARN  statemachine.DatanodeConfiguration (DatanodeConfiguration.java:validateMinFreeSpace(751)) - hdds.datanode.volume.min.free.space.percent = -1.0 is invalid, should be between 0 and 1
2025-07-02 18:52:26,152 [a1153de0-65c4-400c-ae9f-71c02a590f14-ChunkWriter-0-0] WARN  statemachine.DatanodeConfiguration (DatanodeConfiguration.java:validateMinFreeSpace(751)) - hdds.datanode.volume.min.free.space.percent = -1.0 is invalid, should be between 0 and 1
2025-07-02 18:52:26,183 [97a6755e-86fd-4537-91b3-54c33d4d83bf-ChunkWriter-1-0] WARN  statemachine.DatanodeConfiguration (DatanodeConfiguration.java:validateMinFreeSpace(751)) - hdds.datanode.volume.min.free.space.percent = -1.0 is invalid, should be between 0 and 1
2025-07-02 18:52:26,184 [97a6755e-86fd-4537-91b3-54c33d4d83bf-ChunkWriter-1-0] WARN  statemachine.DatanodeConfiguration (DatanodeConfiguration.java:validateMinFreeSpace(751)) - hdds.datanode.volume.min.free.space.percent = -1.0 is invalid, should be between 0 and 1
2025-07-02 18:52:26,188 [a1153de0-65c4-400c-ae9f-71c02a590f14-ChunkWriter-1-0] WARN  statemachine.DatanodeConfiguration (DatanodeConfiguration.java:validateMinFreeSpace(751)) - hdds.datanode.volume.min.free.space.percent = -1.0 is invalid, should be between 0 and 1
2025-07-02 18:52:26,188 [a1153de0-65c4-400c-ae9f-71c02a590f14-ChunkWriter-1-0] WARN  statemachine.DatanodeConfiguration (DatanodeConfiguration.java:validateMinFreeSpace(751)) - hdds.datanode.volume.min.free.space.percent = -1.0 is invalid, should be between 0 and 1
2025-07-02 18:52:26,191 [fff6918d-693a-4f9d-b154-ded16baf39a4-ChunkWriter-1-0] WARN  statemachine.DatanodeConfiguration (DatanodeConfiguration.java:validateMinFreeSpace(751)) - hdds.datanode.volume.min.free.space.percent = -1.0 is invalid, should be between 0 and 1
2025-07-02 18:52:26,191 [fff6918d-693a-4f9d-b154-ded16baf39a4-ChunkWriter-1-0] WARN  statemachine.DatanodeConfiguration (DatanodeConfiguration.java:validateMinFreeSpace(751)) - hdds.datanode.volume.min.free.space.percent = -1.0 is invalid, should be between 0 and 1
2025-07-02 18:52:26,275 [fff6918d-693a-4f9d-b154-ded16baf39a4-ChunkWriter-1-0] WARN  statemachine.DatanodeConfiguration (DatanodeConfiguration.java:validateMinFreeSpace(751)) - hdds.datanode.volume.min.free.space.percent = -1.0 is invalid, should be between 0 and 1
2025-07-02 18:52:26,276 [fff6918d-693a-4f9d-b154-ded16baf39a4-ChunkWriter-1-0] WARN  statemachine.DatanodeConfiguration (DatanodeConfiguration.java:validateMinFreeSpace(751)) - hdds.datanode.volume.min.free.space.percent = -1.0 is invalid, should be between 0 and 1
2025-07-02 18:52:26,278 [97a6755e-86fd-4537-91b3-54c33d4d83bf-ChunkWriter-1-0] WARN  statemachine.DatanodeConfiguration (DatanodeConfiguration.java:validateMinFreeSpace(751)) - hdds.datanode.volume.min.free.space.percent = -1.0 is invalid, should be between 0 and 1
2025-07-02 18:52:26,278 [a1153de0-65c4-400c-ae9f-71c02a590f14-ChunkWriter-1-0] WARN  statemachine.DatanodeConfiguration (DatanodeConfiguration.java:validateMinFreeSpace(751)) - hdds.datanode.volume.min.free.space.percent = -1.0 is invalid, should be between 0 and 1
2025-07-02 18:52:26,278 [97a6755e-86fd-4537-91b3-54c33d4d83bf-ChunkWriter-1-0] WARN  statemachine.DatanodeConfiguration (DatanodeConfiguration.java:validateMinFreeSpace(751)) - hdds.datanode.volume.min.free.space.percent = -1.0 is invalid, should be between 0 and 1
2025-07-02 18:52:26,278 [a1153de0-65c4-400c-ae9f-71c02a590f14-ChunkWriter-1-0] WARN  statemachine.DatanodeConfiguration (DatanodeConfiguration.java:validateMinFreeSpace(751)) - hdds.datanode.volume.min.free.space.percent = -1.0 is invalid, should be between 0 and 1
2025-07-02 18:52:26,302 [fff6918d-693a-4f9d-b154-ded16baf39a4-ChunkWriter-2-0] WARN  statemachine.DatanodeConfiguration (DatanodeConfiguration.java:validateMinFreeSpace(751)) - hdds.datanode.volume.min.free.space.percent = -1.0 is invalid, should be between 0 and 1
2025-07-02 18:52:26,302 [fff6918d-693a-4f9d-b154-ded16baf39a4-ChunkWriter-2-0] WARN  statemachine.DatanodeConfiguration (DatanodeConfiguration.java:validateMinFreeSpace(751)) - hdds.datanode.volume.min.free.space.percent = -1.0 is invalid, should be between 0 and 1
2025-07-02 18:52:26,306 [a1153de0-65c4-400c-ae9f-71c02a590f14-ChunkWriter-2-0] WARN  statemachine.DatanodeConfiguration (DatanodeConfiguration.java:validateMinFreeSpace(751)) - hdds.datanode.volume.min.free.space.percent = -1.0 is invalid, should be between 0 and 1
2025-07-02 18:52:26,306 [97a6755e-86fd-4537-91b3-54c33d4d83bf-ChunkWriter-2-0] WARN  statemachine.DatanodeConfiguration (DatanodeConfiguration.java:validateMinFreeSpace(751)) - hdds.datanode.volume.min.free.space.percent = -1.0 is invalid, should be between 0 and 1
2025-07-02 18:52:26,307 [a1153de0-65c4-400c-ae9f-71c02a590f14-ChunkWriter-2-0] WARN  statemachine.DatanodeConfiguration (DatanodeConfiguration.java:validateMinFreeSpace(751)) - hdds.datanode.volume.min.free.space.percent = -1.0 is invalid, should be between 0 and 1
2025-07-02 18:52:26,307 [97a6755e-86fd-4537-91b3-54c33d4d83bf-ChunkWriter-2-0] WARN  statemachine.DatanodeConfiguration (DatanodeConfiguration.java:validateMinFreeSpace(751)) - hdds.datanode.volume.min.free.space.percent = -1.0 is invalid, should be between 0 and 1
2025-07-02 18:52:26,310 [scmNode-2-FixedThreadPoolWithAffinityExecutor-1-0] WARN  container.IncrementalContainerReportHandler (IncrementalContainerReportHandler.java:processICR(109)) - Container not found: Container #7 (NOT_FOUND) r0 (OPEN, bcsid=0, origin=fff6918d-693a-4f9d-b154-ded16baf39a4, non-empty) from dn fff6918d-693a-4f9d-b154-ded16baf39a4(localhost/127.0.0.1)
2025-07-02 18:52:26,312 [scmNode-3-FixedThreadPoolWithAffinityExecutor-1-0] WARN  container.IncrementalContainerReportHandler (IncrementalContainerReportHandler.java:processICR(109)) - Container not found: Container #7 (NOT_FOUND) r0 (OPEN, bcsid=0, origin=fff6918d-693a-4f9d-b154-ded16baf39a4, non-empty) from dn fff6918d-693a-4f9d-b154-ded16baf39a4(localhost/127.0.0.1)
2025-07-02 18:52:26,316 [scmNode-2-FixedThreadPoolWithAffinityExecutor-8-0] WARN  container.IncrementalContainerReportHandler (IncrementalContainerReportHandler.java:processICR(109)) - Container not found: Container #7 (NOT_FOUND) r0 (OPEN, bcsid=0, origin=a1153de0-65c4-400c-ae9f-71c02a590f14, non-empty) from dn a1153de0-65c4-400c-ae9f-71c02a590f14(localhost/127.0.0.1)
2025-07-02 18:52:26,318 [scmNode-3-FixedThreadPoolWithAffinityExecutor-8-0] WARN  container.IncrementalContainerReportHandler (IncrementalContainerReportHandler.java:processICR(109)) - Container not found: Container #7 (NOT_FOUND) r0 (OPEN, bcsid=0, origin=a1153de0-65c4-400c-ae9f-71c02a590f14, non-empty) from dn a1153de0-65c4-400c-ae9f-71c02a590f14(localhost/127.0.0.1)
2025-07-02 18:52:26,320 [scmNode-3-FixedThreadPoolWithAffinityExecutor-1-0] WARN  container.IncrementalContainerReportHandler (IncrementalContainerReportHandler.java:processICR(109)) - Container not found: Container #7 (NOT_FOUND) r0 (OPEN, bcsid=0, origin=97a6755e-86fd-4537-91b3-54c33d4d83bf, non-empty) from dn 97a6755e-86fd-4537-91b3-54c33d4d83bf(localhost/127.0.0.1)
2025-07-02 18:52:26,321 [scmNode-2-FixedThreadPoolWithAffinityExecutor-1-0] WARN  container.IncrementalContainerReportHandler (IncrementalContainerReportHandler.java:processICR(109)) - Container not found: Container #7 (NOT_FOUND) r0 (OPEN, bcsid=0, origin=97a6755e-86fd-4537-91b3-54c33d4d83bf, non-empty) from dn 97a6755e-86fd-4537-91b3-54c33d4d83bf(localhost/127.0.0.1)
2025-07-02 18:52:27,045 [scmNode-1-EventQueue-CloseContainerForCloseContainerEventHandler] INFO  container.CloseContainerEventHandler (CloseContainerEventHandler.java:onMessage(88)) - Close container Event triggered for container : #4, current state: OPEN
2025-07-02 18:52:27,050 [scmNode-1-EventQueue-CloseContainerForCloseContainerEventHandler] INFO  container.CloseContainerEventHandler (CloseContainerEventHandler.java:onMessage(88)) - Close container Event triggered for container : #4, current state: CLOSING
2025-07-02 18:52:27,050 [scmNode-1-EventQueue-CloseContainerForCloseContainerEventHandler] INFO  container.CloseContainerEventHandler (CloseContainerEventHandler.java:onMessage(88)) - Close container Event triggered for container : #4, current state: CLOSING
2025-07-02 18:52:29,317 [fff6918d-693a-4f9d-b154-ded16baf39a4-CloseContainerThread-0] WARN  keyvalue.KeyValueHandler (KeyValueHandler.java:updateAndGetContainerChecksum(1451)) - Container data checksum updated from 0 to fab6ed55
2025-07-02 18:52:29,319 [fff6918d-693a-4f9d-b154-ded16baf39a4-CloseContainerThread-0] INFO  commandhandler.CloseContainerCommandHandler (CloseContainerCommandHandler.java:lambda$handle$0(154)) - Follower cannot close container #4.
2025-07-02 18:52:29,321 [scmNode-2-FixedThreadPoolWithAffinityExecutor-1-0] INFO  container.IncrementalContainerReportHandler (AbstractContainerReportHandler.java:updateContainerState(253)) - FINALIZE (i.e. CLOSING) Container #4 (OPEN, sid=94) r0 (CLOSING, bcsid=94, origin=fff6918d-693a-4f9d-b154-ded16baf39a4, non-empty) from dn fff6918d-693a-4f9d-b154-ded16baf39a4(localhost/127.0.0.1)
2025-07-02 18:52:29,324 [scmNode-2-FixedThreadPoolWithAffinityExecutor-1-0] INFO  container.IncrementalContainerReportHandler (IncrementalContainerReportHandler.java:processICR(116)) - SCM_NOT_LEADER: Failed to process Container #4 (OPEN, sid=94) r0 (CLOSING, bcsid=94, origin=fff6918d-693a-4f9d-b154-ded16baf39a4, non-empty) from dn fff6918d-693a-4f9d-b154-ded16baf39a4(localhost/127.0.0.1)
2025-07-02 18:52:29,325 [a1153de0-65c4-400c-ae9f-71c02a590f14-CloseContainerThread-0] WARN  keyvalue.KeyValueHandler (KeyValueHandler.java:updateAndGetContainerChecksum(1451)) - Container data checksum updated from 0 to fab6ed55
2025-07-02 18:52:29,325 [scmNode-3-FixedThreadPoolWithAffinityExecutor-1-0] INFO  container.IncrementalContainerReportHandler (AbstractContainerReportHandler.java:updateContainerState(253)) - FINALIZE (i.e. CLOSING) Container #4 (OPEN, sid=94) r0 (CLOSING, bcsid=94, origin=fff6918d-693a-4f9d-b154-ded16baf39a4, non-empty) from dn fff6918d-693a-4f9d-b154-ded16baf39a4(localhost/127.0.0.1)
2025-07-02 18:52:29,325 [97a6755e-86fd-4537-91b3-54c33d4d83bf-CloseContainerThread-0] WARN  keyvalue.KeyValueHandler (KeyValueHandler.java:updateAndGetContainerChecksum(1451)) - Container data checksum updated from 0 to fab6ed55
2025-07-02 18:52:29,325 [a1153de0-65c4-400c-ae9f-71c02a590f14-CloseContainerThread-0] INFO  commandhandler.CloseContainerCommandHandler (CloseContainerCommandHandler.java:lambda$handle$0(154)) - Follower cannot close container #4.
2025-07-02 18:52:29,326 [scmNode-3-FixedThreadPoolWithAffinityExecutor-1-0] INFO  container.IncrementalContainerReportHandler (IncrementalContainerReportHandler.java:processICR(116)) - SCM_NOT_LEADER: Failed to process Container #4 (OPEN, sid=94) r0 (CLOSING, bcsid=94, origin=fff6918d-693a-4f9d-b154-ded16baf39a4, non-empty) from dn fff6918d-693a-4f9d-b154-ded16baf39a4(localhost/127.0.0.1)
2025-07-02 18:52:29,328 [scmNode-2-FixedThreadPoolWithAffinityExecutor-1-0] INFO  container.IncrementalContainerReportHandler (AbstractContainerReportHandler.java:updateContainerState(253)) - FINALIZE (i.e. CLOSING) Container #4 (OPEN, sid=94) r0 (CLOSING, bcsid=94, origin=97a6755e-86fd-4537-91b3-54c33d4d83bf, non-empty) from dn 97a6755e-86fd-4537-91b3-54c33d4d83bf(localhost/127.0.0.1)
2025-07-02 18:52:29,329 [scmNode-3-FixedThreadPoolWithAffinityExecutor-1-0] INFO  container.IncrementalContainerReportHandler (AbstractContainerReportHandler.java:updateContainerState(253)) - FINALIZE (i.e. CLOSING) Container #4 (OPEN, sid=94) r0 (CLOSING, bcsid=94, origin=97a6755e-86fd-4537-91b3-54c33d4d83bf, non-empty) from dn 97a6755e-86fd-4537-91b3-54c33d4d83bf(localhost/127.0.0.1)
2025-07-02 18:52:29,329 [scmNode-2-FixedThreadPoolWithAffinityExecutor-1-0] INFO  container.IncrementalContainerReportHandler (IncrementalContainerReportHandler.java:processICR(116)) - SCM_NOT_LEADER: Failed to process Container #4 (OPEN, sid=94) r0 (CLOSING, bcsid=94, origin=97a6755e-86fd-4537-91b3-54c33d4d83bf, non-empty) from dn 97a6755e-86fd-4537-91b3-54c33d4d83bf(localhost/127.0.0.1)
2025-07-02 18:52:29,329 [scmNode-2-FixedThreadPoolWithAffinityExecutor-8-0] INFO  container.IncrementalContainerReportHandler (AbstractContainerReportHandler.java:updateContainerState(253)) - FINALIZE (i.e. CLOSING) Container #4 (OPEN, sid=94) r0 (CLOSING, bcsid=94, origin=a1153de0-65c4-400c-ae9f-71c02a590f14, non-empty) from dn a1153de0-65c4-400c-ae9f-71c02a590f14(localhost/127.0.0.1)
2025-07-02 18:52:29,331 [97a6755e-86fd-4537-91b3-54c33d4d83bf-ContainerOp-38882b6b-055a-4cb7-acbf-29f9e4c8bd46-1] INFO  keyvalue.KeyValueContainer (KeyValueContainer.java:flushAndSyncDB(514)) - Synced container: KeyValueContainerData #4 (CLOSING, non-empty, ri=0, origin=[dn_97a6755e-86fd-4537-91b3-54c33d4d83bf, pipeline_38882b6b-055a-4cb7-acbf-29f9e4c8bd46])
2025-07-02 18:52:29,332 [97a6755e-86fd-4537-91b3-54c33d4d83bf-ContainerOp-38882b6b-055a-4cb7-acbf-29f9e4c8bd46-1] INFO  keyvalue.KeyValueContainer (KeyValueContainer.java:flushAndSyncDB(514)) - Synced container: KeyValueContainerData #4 (CLOSING, non-empty, ri=0, origin=[dn_97a6755e-86fd-4537-91b3-54c33d4d83bf, pipeline_38882b6b-055a-4cb7-acbf-29f9e4c8bd46])
2025-07-02 18:52:29,332 [scmNode-3-FixedThreadPoolWithAffinityExecutor-1-0] INFO  container.IncrementalContainerReportHandler (IncrementalContainerReportHandler.java:processICR(116)) - SCM_NOT_LEADER: Failed to process Container #4 (OPEN, sid=94) r0 (CLOSING, bcsid=94, origin=97a6755e-86fd-4537-91b3-54c33d4d83bf, non-empty) from dn 97a6755e-86fd-4537-91b3-54c33d4d83bf(localhost/127.0.0.1)
2025-07-02 18:52:29,332 [scmNode-3-FixedThreadPoolWithAffinityExecutor-8-0] INFO  container.IncrementalContainerReportHandler (AbstractContainerReportHandler.java:updateContainerState(253)) - FINALIZE (i.e. CLOSING) Container #4 (OPEN, sid=94) r0 (CLOSING, bcsid=94, origin=a1153de0-65c4-400c-ae9f-71c02a590f14, non-empty) from dn a1153de0-65c4-400c-ae9f-71c02a590f14(localhost/127.0.0.1)
2025-07-02 18:52:29,332 [scmNode-3-FixedThreadPoolWithAffinityExecutor-8-0] INFO  container.IncrementalContainerReportHandler (IncrementalContainerReportHandler.java:processICR(116)) - SCM_NOT_LEADER: Failed to process Container #4 (OPEN, sid=94) r0 (CLOSING, bcsid=94, origin=a1153de0-65c4-400c-ae9f-71c02a590f14, non-empty) from dn a1153de0-65c4-400c-ae9f-71c02a590f14(localhost/127.0.0.1)
2025-07-02 18:52:29,335 [scmNode-2-FixedThreadPoolWithAffinityExecutor-8-0] INFO  container.IncrementalContainerReportHandler (IncrementalContainerReportHandler.java:processICR(116)) - SCM_NOT_LEADER: Failed to process Container #4 (OPEN, sid=94) r0 (CLOSING, bcsid=94, origin=a1153de0-65c4-400c-ae9f-71c02a590f14, non-empty) from dn a1153de0-65c4-400c-ae9f-71c02a590f14(localhost/127.0.0.1)
2025-07-02 18:52:29,335 [scmNode-2-FixedThreadPoolWithAffinityExecutor-1-0] INFO  container.IncrementalContainerReportHandler (AbstractContainerReportHandler.java:updateContainerState(253)) - FINALIZE (i.e. CLOSING) Container #4 (OPEN, sid=94) r0 (CLOSING, bcsid=94, origin=97a6755e-86fd-4537-91b3-54c33d4d83bf, non-empty) from dn 97a6755e-86fd-4537-91b3-54c33d4d83bf(localhost/127.0.0.1)
2025-07-02 18:52:29,335 [scmNode-3-FixedThreadPoolWithAffinityExecutor-1-0] INFO  container.IncrementalContainerReportHandler (AbstractContainerReportHandler.java:updateContainerState(253)) - FINALIZE (i.e. CLOSING) Container #4 (OPEN, sid=94) r0 (CLOSING, bcsid=94, origin=fff6918d-693a-4f9d-b154-ded16baf39a4, non-empty) from dn fff6918d-693a-4f9d-b154-ded16baf39a4(localhost/127.0.0.1)
2025-07-02 18:52:29,336 [scmNode-2-FixedThreadPoolWithAffinityExecutor-1-0] INFO  container.IncrementalContainerReportHandler (IncrementalContainerReportHandler.java:processICR(116)) - SCM_NOT_LEADER: Failed to process Container #4 (OPEN, sid=94) r0 (CLOSING, bcsid=94, origin=97a6755e-86fd-4537-91b3-54c33d4d83bf, non-empty) from dn 97a6755e-86fd-4537-91b3-54c33d4d83bf(localhost/127.0.0.1)
2025-07-02 18:52:29,336 [fff6918d-693a-4f9d-b154-ded16baf39a4-ContainerOp-38882b6b-055a-4cb7-acbf-29f9e4c8bd46-1] INFO  keyvalue.KeyValueContainer (KeyValueContainer.java:flushAndSyncDB(514)) - Synced container: KeyValueContainerData #4 (CLOSING, non-empty, ri=0, origin=[dn_fff6918d-693a-4f9d-b154-ded16baf39a4, pipeline_38882b6b-055a-4cb7-acbf-29f9e4c8bd46])
2025-07-02 18:52:29,336 [fff6918d-693a-4f9d-b154-ded16baf39a4-ContainerOp-38882b6b-055a-4cb7-acbf-29f9e4c8bd46-1] INFO  keyvalue.KeyValueContainer (KeyValueContainer.java:flushAndSyncDB(514)) - Synced container: KeyValueContainerData #4 (CLOSING, non-empty, ri=0, origin=[dn_fff6918d-693a-4f9d-b154-ded16baf39a4, pipeline_38882b6b-055a-4cb7-acbf-29f9e4c8bd46])
2025-07-02 18:52:29,336 [scmNode-3-FixedThreadPoolWithAffinityExecutor-1-0] INFO  container.IncrementalContainerReportHandler (IncrementalContainerReportHandler.java:processICR(116)) - SCM_NOT_LEADER: Failed to process Container #4 (OPEN, sid=94) r0 (CLOSING, bcsid=94, origin=fff6918d-693a-4f9d-b154-ded16baf39a4, non-empty) from dn fff6918d-693a-4f9d-b154-ded16baf39a4(localhost/127.0.0.1)
2025-07-02 18:52:29,336 [scmNode-2-FixedThreadPoolWithAffinityExecutor-1-0] INFO  container.IncrementalContainerReportHandler (AbstractContainerReportHandler.java:updateContainerState(253)) - FINALIZE (i.e. CLOSING) Container #4 (OPEN, sid=94) r0 (CLOSING, bcsid=94, origin=fff6918d-693a-4f9d-b154-ded16baf39a4, non-empty) from dn fff6918d-693a-4f9d-b154-ded16baf39a4(localhost/127.0.0.1)
2025-07-02 18:52:29,336 [scmNode-3-FixedThreadPoolWithAffinityExecutor-1-0] INFO  container.IncrementalContainerReportHandler (AbstractContainerReportHandler.java:updateContainerState(253)) - FINALIZE (i.e. CLOSING) Container #4 (OPEN, sid=94) r0 (CLOSING, bcsid=94, origin=97a6755e-86fd-4537-91b3-54c33d4d83bf, non-empty) from dn 97a6755e-86fd-4537-91b3-54c33d4d83bf(localhost/127.0.0.1)
2025-07-02 18:52:29,337 [scmNode-3-FixedThreadPoolWithAffinityExecutor-1-0] INFO  container.IncrementalContainerReportHandler (IncrementalContainerReportHandler.java:processICR(116)) - SCM_NOT_LEADER: Failed to process Container #4 (OPEN, sid=94) r0 (CLOSING, bcsid=94, origin=97a6755e-86fd-4537-91b3-54c33d4d83bf, non-empty) from dn 97a6755e-86fd-4537-91b3-54c33d4d83bf(localhost/127.0.0.1)
2025-07-02 18:52:29,337 [scmNode-2-FixedThreadPoolWithAffinityExecutor-1-0] INFO  container.IncrementalContainerReportHandler (IncrementalContainerReportHandler.java:processICR(116)) - SCM_NOT_LEADER: Failed to process Container #4 (OPEN, sid=94) r0 (CLOSING, bcsid=94, origin=fff6918d-693a-4f9d-b154-ded16baf39a4, non-empty) from dn fff6918d-693a-4f9d-b154-ded16baf39a4(localhost/127.0.0.1)
2025-07-02 18:52:29,338 [scmNode-2-FixedThreadPoolWithAffinityExecutor-8-0] INFO  container.IncrementalContainerReportHandler (AbstractContainerReportHandler.java:updateContainerState(253)) - FINALIZE (i.e. CLOSING) Container #4 (OPEN, sid=94) r0 (CLOSING, bcsid=94, origin=a1153de0-65c4-400c-ae9f-71c02a590f14, non-empty) from dn a1153de0-65c4-400c-ae9f-71c02a590f14(localhost/127.0.0.1)
2025-07-02 18:52:29,338 [scmNode-2-FixedThreadPoolWithAffinityExecutor-8-0] INFO  container.IncrementalContainerReportHandler (IncrementalContainerReportHandler.java:processICR(116)) - SCM_NOT_LEADER: Failed to process Container #4 (OPEN, sid=94) r0 (CLOSING, bcsid=94, origin=a1153de0-65c4-400c-ae9f-71c02a590f14, non-empty) from dn a1153de0-65c4-400c-ae9f-71c02a590f14(localhost/127.0.0.1)
2025-07-02 18:52:29,338 [97a6755e-86fd-4537-91b3-54c33d4d83bf-ContainerOp-38882b6b-055a-4cb7-acbf-29f9e4c8bd46-1] INFO  keyvalue.KeyValueContainer (KeyValueContainer.java:close(430)) - Closed container: KeyValueContainerData #4 (CLOSED, non-empty, ri=0, origin=[dn_97a6755e-86fd-4537-91b3-54c33d4d83bf, pipeline_38882b6b-055a-4cb7-acbf-29f9e4c8bd46])
2025-07-02 18:52:29,339 [a1153de0-65c4-400c-ae9f-71c02a590f14-ContainerOp-38882b6b-055a-4cb7-acbf-29f9e4c8bd46-0] INFO  keyvalue.KeyValueContainer (KeyValueContainer.java:flushAndSyncDB(514)) - Synced container: KeyValueContainerData #4 (CLOSING, non-empty, ri=0, origin=[dn_a1153de0-65c4-400c-ae9f-71c02a590f14, pipeline_38882b6b-055a-4cb7-acbf-29f9e4c8bd46])
2025-07-02 18:52:29,339 [a1153de0-65c4-400c-ae9f-71c02a590f14-ContainerOp-38882b6b-055a-4cb7-acbf-29f9e4c8bd46-0] INFO  keyvalue.KeyValueContainer (KeyValueContainer.java:flushAndSyncDB(514)) - Synced container: KeyValueContainerData #4 (CLOSING, non-empty, ri=0, origin=[dn_a1153de0-65c4-400c-ae9f-71c02a590f14, pipeline_38882b6b-055a-4cb7-acbf-29f9e4c8bd46])
2025-07-02 18:52:29,341 [scmNode-3-FixedThreadPoolWithAffinityExecutor-1-0] INFO  container.IncrementalContainerReportHandler (AbstractContainerReportHandler.java:updateContainerState(253)) - FINALIZE (i.e. CLOSING) Container #4 (OPEN, sid=94) r0 (CLOSED, bcsid=94, origin=97a6755e-86fd-4537-91b3-54c33d4d83bf, non-empty) from dn 97a6755e-86fd-4537-91b3-54c33d4d83bf(localhost/127.0.0.1)
2025-07-02 18:52:29,341 [scmNode-2-FixedThreadPoolWithAffinityExecutor-1-0] INFO  container.IncrementalContainerReportHandler (AbstractContainerReportHandler.java:updateContainerState(253)) - FINALIZE (i.e. CLOSING) Container #4 (OPEN, sid=94) r0 (CLOSED, bcsid=94, origin=97a6755e-86fd-4537-91b3-54c33d4d83bf, non-empty) from dn 97a6755e-86fd-4537-91b3-54c33d4d83bf(localhost/127.0.0.1)
2025-07-02 18:52:29,342 [scmNode-2-FixedThreadPoolWithAffinityExecutor-1-0] INFO  container.IncrementalContainerReportHandler (IncrementalContainerReportHandler.java:processICR(116)) - SCM_NOT_LEADER: Failed to process Container #4 (OPEN, sid=94) r0 (CLOSED, bcsid=94, origin=97a6755e-86fd-4537-91b3-54c33d4d83bf, non-empty) from dn 97a6755e-86fd-4537-91b3-54c33d4d83bf(localhost/127.0.0.1)
2025-07-02 18:52:29,342 [scmNode-3-FixedThreadPoolWithAffinityExecutor-1-0] INFO  container.IncrementalContainerReportHandler (IncrementalContainerReportHandler.java:processICR(116)) - SCM_NOT_LEADER: Failed to process Container #4 (OPEN, sid=94) r0 (CLOSED, bcsid=94, origin=97a6755e-86fd-4537-91b3-54c33d4d83bf, non-empty) from dn 97a6755e-86fd-4537-91b3-54c33d4d83bf(localhost/127.0.0.1)
2025-07-02 18:52:29,342 [scmNode-3-FixedThreadPoolWithAffinityExecutor-8-0] INFO  container.IncrementalContainerReportHandler (AbstractContainerReportHandler.java:updateContainerState(253)) - FINALIZE (i.e. CLOSING) Container #4 (OPEN, sid=94) r0 (CLOSING, bcsid=94, origin=a1153de0-65c4-400c-ae9f-71c02a590f14, non-empty) from dn a1153de0-65c4-400c-ae9f-71c02a590f14(localhost/127.0.0.1)
2025-07-02 18:52:29,343 [scmNode-3-FixedThreadPoolWithAffinityExecutor-8-0] INFO  container.IncrementalContainerReportHandler (IncrementalContainerReportHandler.java:processICR(116)) - SCM_NOT_LEADER: Failed to process Container #4 (OPEN, sid=94) r0 (CLOSING, bcsid=94, origin=a1153de0-65c4-400c-ae9f-71c02a590f14, non-empty) from dn a1153de0-65c4-400c-ae9f-71c02a590f14(localhost/127.0.0.1)
2025-07-02 18:52:29,344 [scmNode-1-FixedThreadPoolWithAffinityExecutor-1-0] INFO  container.IncrementalContainerReportHandler (AbstractContainerReportHandler.java:updateContainerState(289)) - CLOSE Container #4 (CLOSING, sid=94) r0 (CLOSED, bcsid=94, origin=97a6755e-86fd-4537-91b3-54c33d4d83bf, non-empty) from dn 97a6755e-86fd-4537-91b3-54c33d4d83bf(localhost/127.0.0.1)
2025-07-02 18:52:29,345 [a1153de0-65c4-400c-ae9f-71c02a590f14-ContainerOp-38882b6b-055a-4cb7-acbf-29f9e4c8bd46-0] INFO  keyvalue.KeyValueContainer (KeyValueContainer.java:close(430)) - Closed container: KeyValueContainerData #4 (CLOSED, non-empty, ri=0, origin=[dn_a1153de0-65c4-400c-ae9f-71c02a590f14, pipeline_38882b6b-055a-4cb7-acbf-29f9e4c8bd46])
2025-07-02 18:52:29,345 [fff6918d-693a-4f9d-b154-ded16baf39a4-ContainerOp-38882b6b-055a-4cb7-acbf-29f9e4c8bd46-1] INFO  keyvalue.KeyValueContainer (KeyValueContainer.java:close(430)) - Closed container: KeyValueContainerData #4 (CLOSED, non-empty, ri=0, origin=[dn_fff6918d-693a-4f9d-b154-ded16baf39a4, pipeline_38882b6b-055a-4cb7-acbf-29f9e4c8bd46])
2025-07-02 18:52:29,347 [scmNode-3-FixedThreadPoolWithAffinityExecutor-8-0] INFO  container.IncrementalContainerReportHandler (AbstractContainerReportHandler.java:updateContainerState(253)) - FINALIZE (i.e. CLOSING) Container #4 (OPEN, sid=94) r0 (CLOSED, bcsid=94, origin=a1153de0-65c4-400c-ae9f-71c02a590f14, non-empty) from dn a1153de0-65c4-400c-ae9f-71c02a590f14(localhost/127.0.0.1)
2025-07-02 18:52:29,348 [scmNode-3-FixedThreadPoolWithAffinityExecutor-8-0] INFO  container.IncrementalContainerReportHandler (IncrementalContainerReportHandler.java:processICR(116)) - SCM_NOT_LEADER: Failed to process Container #4 (OPEN, sid=94) r0 (CLOSED, bcsid=94, origin=a1153de0-65c4-400c-ae9f-71c02a590f14, non-empty) from dn a1153de0-65c4-400c-ae9f-71c02a590f14(localhost/127.0.0.1)
2025-07-02 18:52:29,348 [scmNode-3-FixedThreadPoolWithAffinityExecutor-1-0] INFO  container.IncrementalContainerReportHandler (AbstractContainerReportHandler.java:updateContainerState(253)) - FINALIZE (i.e. CLOSING) Container #4 (OPEN, sid=94) r0 (CLOSED, bcsid=94, origin=fff6918d-693a-4f9d-b154-ded16baf39a4, non-empty) from dn fff6918d-693a-4f9d-b154-ded16baf39a4(localhost/127.0.0.1)
2025-07-02 18:52:29,349 [scmNode-2-FixedThreadPoolWithAffinityExecutor-8-0] INFO  container.IncrementalContainerReportHandler (AbstractContainerReportHandler.java:updateContainerState(289)) - CLOSE Container #4 (CLOSING, sid=94) r0 (CLOSED, bcsid=94, origin=a1153de0-65c4-400c-ae9f-71c02a590f14, non-empty) from dn a1153de0-65c4-400c-ae9f-71c02a590f14(localhost/127.0.0.1)
2025-07-02 18:52:29,349 [scmNode-2-FixedThreadPoolWithAffinityExecutor-8-0] INFO  container.IncrementalContainerReportHandler (IncrementalContainerReportHandler.java:processICR(116)) - SCM_NOT_LEADER: Failed to process Container #4 (CLOSING, sid=94) r0 (CLOSED, bcsid=94, origin=a1153de0-65c4-400c-ae9f-71c02a590f14, non-empty) from dn a1153de0-65c4-400c-ae9f-71c02a590f14(localhost/127.0.0.1)
2025-07-02 18:52:29,349 [scmNode-2-FixedThreadPoolWithAffinityExecutor-1-0] INFO  container.IncrementalContainerReportHandler (AbstractContainerReportHandler.java:updateContainerState(289)) - CLOSE Container #4 (CLOSING, sid=94) r0 (CLOSED, bcsid=94, origin=fff6918d-693a-4f9d-b154-ded16baf39a4, non-empty) from dn fff6918d-693a-4f9d-b154-ded16baf39a4(localhost/127.0.0.1)
2025-07-02 18:52:29,349 [scmNode-2-FixedThreadPoolWithAffinityExecutor-1-0] INFO  container.IncrementalContainerReportHandler (IncrementalContainerReportHandler.java:processICR(116)) - SCM_NOT_LEADER: Failed to process Container #4 (CLOSING, sid=94) r0 (CLOSED, bcsid=94, origin=fff6918d-693a-4f9d-b154-ded16baf39a4, non-empty) from dn fff6918d-693a-4f9d-b154-ded16baf39a4(localhost/127.0.0.1)
2025-07-02 18:52:29,350 [scmNode-3-FixedThreadPoolWithAffinityExecutor-1-0] INFO  container.IncrementalContainerReportHandler (IncrementalContainerReportHandler.java:processICR(116)) - SCM_NOT_LEADER: Failed to process Container #4 (OPEN, sid=94) r0 (CLOSED, bcsid=94, origin=fff6918d-693a-4f9d-b154-ded16baf39a4, non-empty) from dn fff6918d-693a-4f9d-b154-ded16baf39a4(localhost/127.0.0.1)
2025-07-02 18:52:32,581 [main] INFO  ha.SCMNodeInfo (SCMNodeInfo.java:getPort(197)) - ConfigKey ozone.scm.client.address is deprecated, For configuring different ports for each SCM use PortConfigKey ozone.scm.client.port appended with serviceId and nodeId
2025-07-02 18:52:32,581 [main] INFO  ha.SCMNodeInfo (SCMNodeInfo.java:getPort(197)) - ConfigKey ozone.scm.block.client.address is deprecated, For configuring different ports for each SCM use PortConfigKey ozone.scm.block.client.port appended with serviceId and nodeId
2025-07-02 18:52:32,581 [main] INFO  ha.SCMNodeInfo (SCMNodeInfo.java:getPort(197)) - ConfigKey ozone.scm.security.service.address is deprecated, For configuring different ports for each SCM use PortConfigKey ozone.scm.security.service.port appended with serviceId and nodeId
2025-07-02 18:52:32,581 [main] INFO  ha.SCMNodeInfo (SCMNodeInfo.java:getPort(197)) - ConfigKey ozone.scm.datanode.address is deprecated, For configuring different ports for each SCM use PortConfigKey ozone.scm.datanode.port appended with serviceId and nodeId
2025-07-02 18:52:32,581 [main] INFO  ha.SCMNodeInfo (SCMNodeInfo.java:getPort(197)) - ConfigKey ozone.scm.client.address is deprecated, For configuring different ports for each SCM use PortConfigKey ozone.scm.client.port appended with serviceId and nodeId
2025-07-02 18:52:32,581 [main] INFO  ha.SCMNodeInfo (SCMNodeInfo.java:getPort(197)) - ConfigKey ozone.scm.block.client.address is deprecated, For configuring different ports for each SCM use PortConfigKey ozone.scm.block.client.port appended with serviceId and nodeId
2025-07-02 18:52:32,582 [main] INFO  ha.SCMNodeInfo (SCMNodeInfo.java:getPort(197)) - ConfigKey ozone.scm.security.service.address is deprecated, For configuring different ports for each SCM use PortConfigKey ozone.scm.security.service.port appended with serviceId and nodeId
2025-07-02 18:52:32,582 [main] INFO  ha.SCMNodeInfo (SCMNodeInfo.java:getPort(197)) - ConfigKey ozone.scm.datanode.address is deprecated, For configuring different ports for each SCM use PortConfigKey ozone.scm.datanode.port appended with serviceId and nodeId
2025-07-02 18:52:32,582 [main] INFO  ha.SCMNodeInfo (SCMNodeInfo.java:getPort(197)) - ConfigKey ozone.scm.client.address is deprecated, For configuring different ports for each SCM use PortConfigKey ozone.scm.client.port appended with serviceId and nodeId
2025-07-02 18:52:32,582 [main] INFO  ha.SCMNodeInfo (SCMNodeInfo.java:getPort(197)) - ConfigKey ozone.scm.block.client.address is deprecated, For configuring different ports for each SCM use PortConfigKey ozone.scm.block.client.port appended with serviceId and nodeId
2025-07-02 18:52:32,582 [main] INFO  ha.SCMNodeInfo (SCMNodeInfo.java:getPort(197)) - ConfigKey ozone.scm.security.service.address is deprecated, For configuring different ports for each SCM use PortConfigKey ozone.scm.security.service.port appended with serviceId and nodeId
2025-07-02 18:52:32,582 [main] INFO  ha.SCMNodeInfo (SCMNodeInfo.java:getPort(197)) - ConfigKey ozone.scm.datanode.address is deprecated, For configuring different ports for each SCM use PortConfigKey ozone.scm.datanode.port appended with serviceId and nodeId
2025-07-02 18:52:32,584 [main] INFO  proxy.SCMContainerLocationFailoverProxyProvider (SCMFailoverProxyProviderBase.java:<init>(120)) - Created fail-over proxy for protocol StorageContainerLocationProtocolPB with 3 nodes: [nodeId=scmNode-2,nodeAddress=/127.0.0.1:15013, nodeId=scmNode-3,nodeAddress=/127.0.0.1:15021, nodeId=scmNode-1,nodeAddress=/127.0.0.1:15005]
2025-07-02 18:52:32,592 [Socket Reader #3 for port 15005] INFO  ipc.Server (Server.java:saslProcess(2290)) - Auth successful for scm/localhost@EXAMPLE.COM (auth:KERBEROS) from 127.0.0.1:37131
2025-07-02 18:52:32,600 [main] INFO  checksum.TestContainerCommandReconciliation (TestContainerCommandReconciliation.java:lambda$waitForDataChecksumsAtSCM$6(547)) - Waiting for 2 total unique checksums from container 4 to be reported to SCM. Currently 1 uniquechecksums are reported.
2025-07-02 18:52:33,091 [pool-274-thread-1] WARN  keyvalue.KeyValueHandler (KeyValueHandler.java:updateAndGetContainerChecksum(1451)) - Container data checksum updated from fab6ed55 to bcbf3106
2025-07-02 18:52:33,091 [pool-274-thread-1] ERROR ozoneimpl.OnDemandContainerDataScanner (ContainerScanHelper.java:handleUnhealthyScanResult(93)) - Corruption detected in container [4]. Marking it UNHEALTHY. Container has 11 errors. The first error is: CORRUPT_CHUNK for file /home/runner/work/ozone/ozone/hadoop-ozone/integration-test/target/test-dir/MiniOzoneClusterImpl-ff054ab7-6da7-448f-9cae-f629f00b5e08/ozone-meta/datanode-3/data-0/hdds/ff054ab7-6da7-448f-9cae-f629f00b5e08/current/containerDir0/4/chunks/115816896921600004.block with exception: org.apache.hadoop.ozone.common.OzoneChecksumException: Inconsistent read for chunk=ChunkInfo{chunkName='115816896921600004_chunk_1, offset=0, len=524288} checksum item 16 expected checksum 7E 8B 0A 04 actual checksum BB DD ED DF for block conID: 4 locID: 115816896921600004 bcsId: 14 replicaIndex: null
2025-07-02 18:52:33,095 [pool-274-thread-1] WARN  keyvalue.KeyValueContainer (KeyValueContainer.java:markContainerUnhealthy(397)) - Marked container UNHEALTHY from CLOSED: KeyValueContainerData #4 (UNHEALTHY, non-empty, ri=0, origin=[dn_97a6755e-86fd-4537-91b3-54c33d4d83bf, pipeline_38882b6b-055a-4cb7-acbf-29f9e4c8bd46])
2025-07-02T18:52:33.096962087Z pool-274-thread-1 ERROR ID=4 | Index=0 | BCSID=94 | State=UNHEALTHY | Volume=/home/runner/work/ozone/ozone/hadoop-ozone/integration-test/target/test-dir/MiniOzoneClusterImpl-ff054ab7-6da7-448f-9cae-f629f00b5e08/ozone-meta/datanode-3/data-0/hdds | DataChecksum=bcbf3106 | Container has 11 errors. The first error is: CORRUPT_CHUNK for file /home/runner/work/ozone/ozone/hadoop-ozone/integration-test/target/test-dir/MiniOzoneClusterImpl-ff054ab7-6da7-448f-9cae-f629f00b5e08/ozone-meta/datanode-3/data-0/hdds/ff054ab7-6da7-448f-9cae-f629f00b5e08/current/containerDir0/4/chunks/115816896921600004.block with exception: org.apache.hadoop.ozone.common.OzoneChecksumException: Inconsistent read for chunk=ChunkInfo{chunkName='115816896921600004_chunk_1, offset=0, len=524288} checksum item 16 expected checksum 7E 8B 0A 04 actual checksum BB DD ED DF for block conID: 4 locID: 115816896921600004 bcsId: 14 replicaIndex: null2025-07-02 18:52:33,600 [main] INFO  ha.SCMNodeInfo (SCMNodeInfo.java:getPort(197)) - ConfigKey ozone.scm.client.address is deprecated, For configuring different ports for each SCM use PortConfigKey ozone.scm.client.port appended with serviceId and nodeId
2025-07-02 18:52:33,601 [main] INFO  ha.SCMNodeInfo (SCMNodeInfo.java:getPort(197)) - ConfigKey ozone.scm.block.client.address is deprecated, For configuring different ports for each SCM use PortConfigKey ozone.scm.block.client.port appended with serviceId and nodeId
2025-07-02 18:52:33,601 [main] INFO  ha.SCMNodeInfo (SCMNodeInfo.java:getPort(197)) - ConfigKey ozone.scm.security.service.address is deprecated, For configuring different ports for each SCM use PortConfigKey ozone.scm.security.service.port appended with serviceId and nodeId
2025-07-02 18:52:33,601 [main] INFO  ha.SCMNodeInfo (SCMNodeInfo.java:getPort(197)) - ConfigKey ozone.scm.datanode.address is deprecated, For configuring different ports for each SCM use PortConfigKey ozone.scm.datanode.port appended with serviceId and nodeId
2025-07-02 18:52:33,601 [main] INFO  ha.SCMNodeInfo (SCMNodeInfo.java:getPort(197)) - ConfigKey ozone.scm.client.address is deprecated, For configuring different ports for each SCM use PortConfigKey ozone.scm.client.port appended with serviceId and nodeId
2025-07-02 18:52:33,601 [main] INFO  ha.SCMNodeInfo (SCMNodeInfo.java:getPort(197)) - ConfigKey ozone.scm.block.client.address is deprecated, For configuring different ports for each SCM use PortConfigKey ozone.scm.block.client.port appended with serviceId and nodeId
2025-07-02 18:52:33,601 [main] INFO  ha.SCMNodeInfo (SCMNodeInfo.java:getPort(197)) - ConfigKey ozone.scm.security.service.address is deprecated, For configuring different ports for each SCM use PortConfigKey ozone.scm.security.service.port appended with serviceId and nodeId
2025-07-02 18:52:33,601 [main] INFO  ha.SCMNodeInfo (SCMNodeInfo.java:getPort(197)) - ConfigKey ozone.scm.datanode.address is deprecated, For configuring different ports for each SCM use PortConfigKey ozone.scm.datanode.port appended with serviceId and nodeId
2025-07-02 18:52:33,601 [main] INFO  ha.SCMNodeInfo (SCMNodeInfo.java:getPort(197)) - ConfigKey ozone.scm.client.address is deprecated, For configuring different ports for each SCM use PortConfigKey ozone.scm.client.port appended with serviceId and nodeId
2025-07-02 18:52:33,601 [main] INFO  ha.SCMNodeInfo (SCMNodeInfo.java:getPort(197)) - ConfigKey ozone.scm.block.client.address is deprecated, For configuring different ports for each SCM use PortConfigKey ozone.scm.block.client.port appended with serviceId and nodeId
2025-07-02 18:52:33,601 [main] INFO  ha.SCMNodeInfo (SCMNodeInfo.java:getPort(197)) - ConfigKey ozone.scm.security.service.address is deprecated, For configuring different ports for each SCM use PortConfigKey ozone.scm.security.service.port appended with serviceId and nodeId
2025-07-02 18:52:33,601 [main] INFO  ha.SCMNodeInfo (SCMNodeInfo.java:getPort(197)) - ConfigKey ozone.scm.datanode.address is deprecated, For configuring different ports for each SCM use PortConfigKey ozone.scm.datanode.port appended with serviceId and nodeId
2025-07-02 18:52:33,601 [main] INFO  proxy.SCMContainerLocationFailoverProxyProvider (SCMFailoverProxyProviderBase.java:<init>(120)) - Created fail-over proxy for protocol StorageContainerLocationProtocolPB with 3 nodes: [nodeId=scmNode-2,nodeAddress=/127.0.0.1:15013, nodeId=scmNode-3,nodeAddress=/127.0.0.1:15021, nodeId=scmNode-1,nodeAddress=/127.0.0.1:15005]
2025-07-02 18:52:33,606 [Socket Reader #4 for port 15005] INFO  ipc.Server (Server.java:saslProcess(2290)) - Auth successful for scm/localhost@EXAMPLE.COM (auth:KERBEROS) from 127.0.0.1:42323
2025-07-02 18:52:33,608 [main] INFO  checksum.TestContainerCommandReconciliation (TestContainerCommandReconciliation.java:lambda$waitForDataChecksumsAtSCM$6(547)) - Waiting for 2 total unique checksums from container 4 to be reported to SCM. Currently 2 uniquechecksums are reported.
2025-07-02 18:52:33,609 [main] INFO  ha.SCMNodeInfo (SCMNodeInfo.java:getPort(197)) - ConfigKey ozone.scm.client.address is deprecated, For configuring different ports for each SCM use PortConfigKey ozone.scm.client.port appended with serviceId and nodeId
2025-07-02 18:52:33,610 [main] INFO  ha.SCMNodeInfo (SCMNodeInfo.java:getPort(197)) - ConfigKey ozone.scm.block.client.address is deprecated, For configuring different ports for each SCM use PortConfigKey ozone.scm.block.client.port appended with serviceId and nodeId
2025-07-02 18:52:33,610 [main] INFO  ha.SCMNodeInfo (SCMNodeInfo.java:getPort(197)) - ConfigKey ozone.scm.security.service.address is deprecated, For configuring different ports for each SCM use PortConfigKey ozone.scm.security.service.port appended with serviceId and nodeId
2025-07-02 18:52:33,610 [main] INFO  ha.SCMNodeInfo (SCMNodeInfo.java:getPort(197)) - ConfigKey ozone.scm.datanode.address is deprecated, For configuring different ports for each SCM use PortConfigKey ozone.scm.datanode.port appended with serviceId and nodeId
2025-07-02 18:52:33,610 [main] INFO  ha.SCMNodeInfo (SCMNodeInfo.java:getPort(197)) - ConfigKey ozone.scm.client.address is deprecated, For configuring different ports for each SCM use PortConfigKey ozone.scm.client.port appended with serviceId and nodeId
2025-07-02 18:52:33,610 [main] INFO  ha.SCMNodeInfo (SCMNodeInfo.java:getPort(197)) - ConfigKey ozone.scm.block.client.address is deprecated, For configuring different ports for each SCM use PortConfigKey ozone.scm.block.client.port appended with serviceId and nodeId
2025-07-02 18:52:33,610 [main] INFO  ha.SCMNodeInfo (SCMNodeInfo.java:getPort(197)) - ConfigKey ozone.scm.security.service.address is deprecated, For configuring different ports for each SCM use PortConfigKey ozone.scm.security.service.port appended with serviceId and nodeId
2025-07-02 18:52:33,610 [main] INFO  ha.SCMNodeInfo (SCMNodeInfo.java:getPort(197)) - ConfigKey ozone.scm.datanode.address is deprecated, For configuring different ports for each SCM use PortConfigKey ozone.scm.datanode.port appended with serviceId and nodeId
2025-07-02 18:52:33,610 [main] INFO  ha.SCMNodeInfo (SCMNodeInfo.java:getPort(197)) - ConfigKey ozone.scm.client.address is deprecated, For configuring different ports for each SCM use PortConfigKey ozone.scm.client.port appended with serviceId and nodeId
2025-07-02 18:52:33,610 [main] INFO  ha.SCMNodeInfo (SCMNodeInfo.java:getPort(197)) - ConfigKey ozone.scm.block.client.address is deprecated, For configuring different ports for each SCM use PortConfigKey ozone.scm.block.client.port appended with serviceId and nodeId
2025-07-02 18:52:33,610 [main] INFO  ha.SCMNodeInfo (SCMNodeInfo.java:getPort(197)) - ConfigKey ozone.scm.security.service.address is deprecated, For configuring different ports for each SCM use PortConfigKey ozone.scm.security.service.port appended with serviceId and nodeId
2025-07-02 18:52:33,610 [main] INFO  ha.SCMNodeInfo (SCMNodeInfo.java:getPort(197)) - ConfigKey ozone.scm.datanode.address is deprecated, For configuring different ports for each SCM use PortConfigKey ozone.scm.datanode.port appended with serviceId and nodeId
2025-07-02 18:52:33,611 [main] INFO  proxy.SCMContainerLocationFailoverProxyProvider (SCMFailoverProxyProviderBase.java:<init>(120)) - Created fail-over proxy for protocol StorageContainerLocationProtocolPB with 3 nodes: [nodeId=scmNode-2,nodeAddress=/127.0.0.1:15013, nodeId=scmNode-3,nodeAddress=/127.0.0.1:15021, nodeId=scmNode-1,nodeAddress=/127.0.0.1:15005]
2025-07-02 18:52:33,616 [Socket Reader #5 for port 15005] INFO  ipc.Server (Server.java:saslProcess(2290)) - Auth successful for scm/localhost@EXAMPLE.COM (auth:KERBEROS) from 127.0.0.1:43273
2025-07-02 18:52:33,620 [scmNode-1-EventQueue-ReconcileContainerForReconcileContainerEventHandler] INFO  reconciliation.ReconcileContainerEventHandler (ReconcileContainerEventHandler.java:onMessage(76)) - Reconcile container event triggered for container #4 with peers [97a6755e-86fd-4537-91b3-54c33d4d83bf(localhost/127.0.0.1), fff6918d-693a-4f9d-b154-ded16baf39a4(localhost/127.0.0.1), a1153de0-65c4-400c-ae9f-71c02a590f14(localhost/127.0.0.1)]
2025-07-02 18:52:33,620 [main] INFO  ha.SCMNodeInfo (SCMNodeInfo.java:getPort(197)) - ConfigKey ozone.scm.client.address is deprecated, For configuring different ports for each SCM use PortConfigKey ozone.scm.client.port appended with serviceId and nodeId
2025-07-02 18:52:33,620 [main] INFO  ha.SCMNodeInfo (SCMNodeInfo.java:getPort(197)) - ConfigKey ozone.scm.block.client.address is deprecated, For configuring different ports for each SCM use PortConfigKey ozone.scm.block.client.port appended with serviceId and nodeId
2025-07-02 18:52:33,620 [main] INFO  ha.SCMNodeInfo (SCMNodeInfo.java:getPort(197)) - ConfigKey ozone.scm.security.service.address is deprecated, For configuring different ports for each SCM use PortConfigKey ozone.scm.security.service.port appended with serviceId and nodeId
2025-07-02 18:52:33,620 [main] INFO  ha.SCMNodeInfo (SCMNodeInfo.java:getPort(197)) - ConfigKey ozone.scm.datanode.address is deprecated, For configuring different ports for each SCM use PortConfigKey ozone.scm.datanode.port appended with serviceId and nodeId
2025-07-02 18:52:33,620 [main] INFO  ha.SCMNodeInfo (SCMNodeInfo.java:getPort(197)) - ConfigKey ozone.scm.client.address is deprecated, For configuring different ports for each SCM use PortConfigKey ozone.scm.client.port appended with serviceId and nodeId
2025-07-02 18:52:33,621 [main] INFO  ha.SCMNodeInfo (SCMNodeInfo.java:getPort(197)) - ConfigKey ozone.scm.block.client.address is deprecated, For configuring different ports for each SCM use PortConfigKey ozone.scm.block.client.port appended with serviceId and nodeId
2025-07-02 18:52:33,621 [main] INFO  ha.SCMNodeInfo (SCMNodeInfo.java:getPort(197)) - ConfigKey ozone.scm.security.service.address is deprecated, For configuring different ports for each SCM use PortConfigKey ozone.scm.security.service.port appended with serviceId and nodeId
2025-07-02 18:52:33,621 [main] INFO  ha.SCMNodeInfo (SCMNodeInfo.java:getPort(197)) - ConfigKey ozone.scm.datanode.address is deprecated, For configuring different ports for each SCM use PortConfigKey ozone.scm.datanode.port appended with serviceId and nodeId
2025-07-02 18:52:33,621 [main] INFO  ha.SCMNodeInfo (SCMNodeInfo.java:getPort(197)) - ConfigKey ozone.scm.client.address is deprecated, For configuring different ports for each SCM use PortConfigKey ozone.scm.client.port appended with serviceId and nodeId
2025-07-02 18:52:33,621 [main] INFO  ha.SCMNodeInfo (SCMNodeInfo.java:getPort(197)) - ConfigKey ozone.scm.block.client.address is deprecated, For configuring different ports for each SCM use PortConfigKey ozone.scm.block.client.port appended with serviceId and nodeId
2025-07-02 18:52:33,621 [main] INFO  ha.SCMNodeInfo (SCMNodeInfo.java:getPort(197)) - ConfigKey ozone.scm.security.service.address is deprecated, For configuring different ports for each SCM use PortConfigKey ozone.scm.security.service.port appended with serviceId and nodeId
2025-07-02 18:52:33,621 [main] INFO  ha.SCMNodeInfo (SCMNodeInfo.java:getPort(197)) - ConfigKey ozone.scm.datanode.address is deprecated, For configuring different ports for each SCM use PortConfigKey ozone.scm.datanode.port appended with serviceId and nodeId
2025-07-02 18:52:33,621 [main] INFO  proxy.SCMContainerLocationFailoverProxyProvider (SCMFailoverProxyProviderBase.java:<init>(120)) - Created fail-over proxy for protocol StorageContainerLocationProtocolPB with 3 nodes: [nodeId=scmNode-2,nodeAddress=/127.0.0.1:15013, nodeId=scmNode-3,nodeAddress=/127.0.0.1:15021, nodeId=scmNode-1,nodeAddress=/127.0.0.1:15005]
2025-07-02 18:52:33,625 [Socket Reader #6 for port 15005] INFO  ipc.Server (Server.java:saslProcess(2290)) - Auth successful for scm/localhost@EXAMPLE.COM (auth:KERBEROS) from 127.0.0.1:44711
2025-07-02 18:52:33,627 [main] INFO  checksum.TestContainerCommandReconciliation (TestContainerCommandReconciliation.java:lambda$waitForDataChecksumsAtSCM$6(547)) - Waiting for 1 total unique checksums from container 4 to be reported to SCM. Currently 2 uniquechecksums are reported.
2025-07-02 18:52:34,341 [97a6755e-86fd-4537-91b3-54c33d4d83bf-ContainerReplicationThread-0] INFO  checksum.ReconcileContainerTask (ReconcileContainerTask.java:runTask(51)) - IN_PROGRESS reconcileContainerCommand: containerId=4, peerNodes=[fff6918d-693a-4f9d-b154-ded16baf39a4(localhost/127.0.0.1), a1153de0-65c4-400c-ae9f-71c02a590f14(localhost/127.0.0.1)]
2025-07-02 18:52:34,341 [97a6755e-86fd-4537-91b3-54c33d4d83bf-ContainerReplicationThread-0] INFO  keyvalue.KeyValueHandler (KeyValueHandler.java:reconcileContainer(1599)) - Beginning reconciliation for container 4 with peer fff6918d-693a-4f9d-b154-ded16baf39a4(localhost/127.0.0.1). Current data checksum is bcbf3106
2025-07-02 18:52:34,537 [97a6755e-86fd-4537-91b3-54c33d4d83bf-ContainerReplicationThread-0] WARN  keyvalue.KeyValueHandler (KeyValueHandler.java:updateAndGetContainerChecksum(1451)) - Container data checksum updated from bcbf3106 to fab6ed55
2025-07-02 18:52:34,538 [97a6755e-86fd-4537-91b3-54c33d4d83bf-ContainerReplicationThread-0] WARN  keyvalue.KeyValueHandler (KeyValueHandler.java:reconcileContainer(1685)) - Container 4 reconciled with peer fff6918d-693a-4f9d-b154-ded16baf39a4(localhost/127.0.0.1). Data checksum updated from bcbf3106 to fab6ed55.
Missing blocks repaired: 0/0
Missing chunks repaired: 0/0
Corrupt chunks repaired:  11/11
Time taken: 195 ms
2025-07-02 18:52:34,538 [97a6755e-86fd-4537-91b3-54c33d4d83bf-ContainerReplicationThread-0] INFO  keyvalue.KeyValueHandler (KeyValueHandler.java:reconcileContainer(1599)) - Beginning reconciliation for container 4 with peer a1153de0-65c4-400c-ae9f-71c02a590f14(localhost/127.0.0.1). Current data checksum is fab6ed55
2025-07-02 18:52:34,552 [97a6755e-86fd-4537-91b3-54c33d4d83bf-ContainerReplicationThread-0] INFO  keyvalue.KeyValueHandler (KeyValueHandler.java:reconcileContainer(1682)) - Container 4 reconciled with peer a1153de0-65c4-400c-ae9f-71c02a590f14(localhost/127.0.0.1). Data checksum fab6ed55 was not updated. Time taken: 14 ms
2025-07-02 18:52:34,553 [97a6755e-86fd-4537-91b3-54c33d4d83bf-ContainerReplicationThread-0] WARN  keyvalue.KeyValueHandler (KeyValueHandler.java:reconcileContainer(1708)) - Completed reconciliation for container 4 with 2/2 peers. 11 blocks were updated. Data checksum updated from bcbf3106 to fab6ed55
2025-07-02 18:52:34,554 [97a6755e-86fd-4537-91b3-54c33d4d83bf-ContainerReplicationThread-0] INFO  checksum.ReconcileContainerTask (ReconcileContainerTask.java:runTask(57)) - DONE reconcileContainerCommand: containerId=4, peerNodes=[fff6918d-693a-4f9d-b154-ded16baf39a4(localhost/127.0.0.1), a1153de0-65c4-400c-ae9f-71c02a590f14(localhost/127.0.0.1)] completed in 213 ms
2025-07-02 18:52:34,554 [97a6755e-86fd-4537-91b3-54c33d4d83bf-ContainerReplicationThread-0] INFO  replication.ReplicationSupervisor (ReplicationSupervisor.java:run(416)) - Successful DONE reconcileContainerCommand: containerId=4, peerNodes=[fff6918d-693a-4f9d-b154-ded16baf39a4(localhost/127.0.0.1), a1153de0-65c4-400c-ae9f-71c02a590f14(localhost/127.0.0.1)]
2025-07-02 18:52:34,628 [main] INFO  ha.SCMNodeInfo (SCMNodeInfo.java:getPort(197)) - ConfigKey ozone.scm.client.address is deprecated, For configuring different ports for each SCM use PortConfigKey ozone.scm.client.port appended with serviceId and nodeId
2025-07-02 18:52:34,629 [main] INFO  ha.SCMNodeInfo (SCMNodeInfo.java:getPort(197)) - ConfigKey ozone.scm.block.client.address is deprecated, For configuring different ports for each SCM use PortConfigKey ozone.scm.block.client.port appended with serviceId and nodeId
2025-07-02 18:52:34,629 [main] INFO  ha.SCMNodeInfo (SCMNodeInfo.java:getPort(197)) - ConfigKey ozone.scm.security.service.address is deprecated, For configuring different ports for each SCM use PortConfigKey ozone.scm.security.service.port appended with serviceId and nodeId
2025-07-02 18:52:34,630 [main] INFO  ha.SCMNodeInfo (SCMNodeInfo.java:getPort(197)) - ConfigKey ozone.scm.datanode.address is deprecated, For configuring different ports for each SCM use PortConfigKey ozone.scm.datanode.port appended with serviceId and nodeId
2025-07-02 18:52:34,630 [main] INFO  ha.SCMNodeInfo (SCMNodeInfo.java:getPort(197)) - ConfigKey ozone.scm.client.address is deprecated, For configuring different ports for each SCM use PortConfigKey ozone.scm.client.port appended with serviceId and nodeId
2025-07-02 18:52:34,630 [main] INFO  ha.SCMNodeInfo (SCMNodeInfo.java:getPort(197)) - ConfigKey ozone.scm.block.client.address is deprecated, For configuring different ports for each SCM use PortConfigKey ozone.scm.block.client.port appended with serviceId and nodeId
2025-07-02 18:52:34,630 [main] INFO  ha.SCMNodeInfo (SCMNodeInfo.java:getPort(197)) - ConfigKey ozone.scm.security.service.address is deprecated, For configuring different ports for each SCM use PortConfigKey ozone.scm.security.service.port appended with serviceId and nodeId
2025-07-02 18:52:34,630 [main] INFO  ha.SCMNodeInfo (SCMNodeInfo.java:getPort(197)) - ConfigKey ozone.scm.datanode.address is deprecated, For configuring different ports for each SCM use PortConfigKey ozone.scm.datanode.port appended with serviceId and nodeId
2025-07-02 18:52:34,630 [main] INFO  ha.SCMNodeInfo (SCMNodeInfo.java:getPort(197)) - ConfigKey ozone.scm.client.address is deprecated, For configuring different ports for each SCM use PortConfigKey ozone.scm.client.port appended with serviceId and nodeId
2025-07-02 18:52:34,630 [main] INFO  ha.SCMNodeInfo (SCMNodeInfo.java:getPort(197)) - ConfigKey ozone.scm.block.client.address is deprecated, For configuring different ports for each SCM use PortConfigKey ozone.scm.block.client.port appended with serviceId and nodeId
2025-07-02 18:52:34,630 [main] INFO  ha.SCMNodeInfo (SCMNodeInfo.java:getPort(197)) - ConfigKey ozone.scm.security.service.address is deprecated, For configuring different ports for each SCM use PortConfigKey ozone.scm.security.service.port appended with serviceId and nodeId
2025-07-02 18:52:34,630 [main] INFO  ha.SCMNodeInfo (SCMNodeInfo.java:getPort(197)) - ConfigKey ozone.scm.datanode.address is deprecated, For configuring different ports for each SCM use PortConfigKey ozone.scm.datanode.port appended with serviceId and nodeId
2025-07-02 18:52:34,635 [main] INFO  proxy.SCMContainerLocationFailoverProxyProvider (SCMFailoverProxyProviderBase.java:<init>(120)) - Created fail-over proxy for protocol StorageContainerLocationProtocolPB with 3 nodes: [nodeId=scmNode-2,nodeAddress=/127.0.0.1:15013, nodeId=scmNode-3,nodeAddress=/127.0.0.1:15021, nodeId=scmNode-1,nodeAddress=/127.0.0.1:15005]
2025-07-02 18:52:34,658 [Socket Reader #7 for port 15005] INFO  ipc.Server (Server.java:saslProcess(2290)) - Auth successful for scm/localhost@EXAMPLE.COM (auth:KERBEROS) from 127.0.0.1:43643
2025-07-02 18:52:34,664 [main] INFO  checksum.TestContainerCommandReconciliation (TestContainerCommandReconciliation.java:lambda$waitForDataChecksumsAtSCM$6(547)) - Waiting for 1 total unique checksums from container 4 to be reported to SCM. Currently 1 uniquechecksums are reported.
2025-07-02 18:52:34,726 [Socket Reader #1 for port 15002] INFO  ipc.Server (Server.java:saslProcess(2290)) - Auth successful for scm/localhost@EXAMPLE.COM (auth:KERBEROS) from 127.0.0.1:32843
2025-07-02 18:52:34,728 [a1153de0-65c4-400c-ae9f-71c02a590f14-ChunkReader-6] INFO  symmetric.DefaultSecretKeyVerifierClient (DefaultSecretKeyVerifierClient.java:load(71)) - Secret key fetched from SCM: SecretKey(id = 45b1e288-be58-412a-8e87-841ece61fad4, creation at: 2025-07-02T18:51:41.729Z, expire at: 2025-07-02T19:00:01.729Z)
]]></system-out>
  </testcase>
  <testcase name="testContainerChecksumWithBlockMissing" classname="org.apache.hadoop.ozone.dn.checksum.TestContainerCommandReconciliation" time="9.46">
    <system-out><![CDATA[2025-07-02 18:52:35,025 [main] INFO  rpc.RpcClient (RpcClient.java:createVolume(461)) - Creating Volume: 9583f216-8a07-46dd-862b-ca0b26ad70cb, with scm as owner and space quota set to -1 bytes, counts quota set to -1
2025-07-02 18:52:35,045 [om1-OMStateMachineApplyTransactionThread - 0] WARN  helpers.OzoneAclUtil (OzoneAclUtil.java:getDefaultAclList(68)) - Failed to get primary group from user scm (auth:SIMPLE)
2025-07-02 18:52:35,045 [om1-OMStateMachineApplyTransactionThread - 0] INFO  volume.OMVolumeCreateRequest (OMVolumeCreateRequest.java:validateAndUpdateCache(203)) - created volume:9583f216-8a07-46dd-862b-ca0b26ad70cb for user:scm
2025-07-02 18:52:35,048 [main] INFO  rpc.RpcClient (RpcClient.java:createBucket(686)) - Creating Bucket: 9583f216-8a07-46dd-862b-ca0b26ad70cb/72958768-3589-473e-813b-c486adbcc4f9, with server-side default bucket layout, scm as owner, Versioning false, Storage Type set to DISK and Encryption set to false, Replication Type set to server-side default replication type, Namespace Quota set to -1, Space Quota set to -1 
2025-07-02 18:52:35,050 [om1-OMStateMachineApplyTransactionThread - 0] WARN  helpers.OzoneAclUtil (OzoneAclUtil.java:getDefaultAclList(68)) - Failed to get primary group from user scm/localhost@EXAMPLE.COM (auth:SIMPLE)
2025-07-02 18:52:35,050 [om1-OMStateMachineApplyTransactionThread - 0] INFO  bucket.OMBucketCreateRequest (OMBucketCreateRequest.java:validateAndUpdateCache(292)) - created bucket: 72958768-3589-473e-813b-c486adbcc4f9 of layout FILE_SYSTEM_OPTIMIZED in volume: 9583f216-8a07-46dd-862b-ca0b26ad70cb
2025-07-02 18:52:35,476 [om1-OMStateMachineApplyTransactionThread - 0] WARN  helpers.OzoneAclUtil (OzoneAclUtil.java:getDefaultAclList(68)) - Failed to get primary group from user scm/localhost@EXAMPLE.COM (auth:SIMPLE)
2025-07-02 18:52:35,494 [97a6755e-86fd-4537-91b3-54c33d4d83bf-ChunkWriter-0-0] WARN  statemachine.DatanodeConfiguration (DatanodeConfiguration.java:validateMinFreeSpace(751)) - hdds.datanode.volume.min.free.space.percent = -1.0 is invalid, should be between 0 and 1
2025-07-02 18:52:35,495 [97a6755e-86fd-4537-91b3-54c33d4d83bf-ChunkWriter-0-0] WARN  statemachine.DatanodeConfiguration (DatanodeConfiguration.java:validateMinFreeSpace(751)) - hdds.datanode.volume.min.free.space.percent = -1.0 is invalid, should be between 0 and 1
2025-07-02 18:52:35,496 [a1153de0-65c4-400c-ae9f-71c02a590f14-ChunkWriter-0-0] WARN  statemachine.DatanodeConfiguration (DatanodeConfiguration.java:validateMinFreeSpace(751)) - hdds.datanode.volume.min.free.space.percent = -1.0 is invalid, should be between 0 and 1
2025-07-02 18:52:35,496 [a1153de0-65c4-400c-ae9f-71c02a590f14-ChunkWriter-0-0] WARN  statemachine.DatanodeConfiguration (DatanodeConfiguration.java:validateMinFreeSpace(751)) - hdds.datanode.volume.min.free.space.percent = -1.0 is invalid, should be between 0 and 1
2025-07-02 18:52:35,497 [fff6918d-693a-4f9d-b154-ded16baf39a4-ChunkWriter-0-0] WARN  statemachine.DatanodeConfiguration (DatanodeConfiguration.java:validateMinFreeSpace(751)) - hdds.datanode.volume.min.free.space.percent = -1.0 is invalid, should be between 0 and 1
2025-07-02 18:52:35,498 [fff6918d-693a-4f9d-b154-ded16baf39a4-ChunkWriter-0-0] WARN  statemachine.DatanodeConfiguration (DatanodeConfiguration.java:validateMinFreeSpace(751)) - hdds.datanode.volume.min.free.space.percent = -1.0 is invalid, should be between 0 and 1
2025-07-02 18:52:35,506 [scmNode-2-FixedThreadPoolWithAffinityExecutor-8-0] WARN  container.IncrementalContainerReportHandler (IncrementalContainerReportHandler.java:processICR(109)) - Container not found: Container #8 (NOT_FOUND) r0 (OPEN, bcsid=0, origin=a1153de0-65c4-400c-ae9f-71c02a590f14, non-empty) from dn a1153de0-65c4-400c-ae9f-71c02a590f14(localhost/127.0.0.1)
2025-07-02 18:52:35,507 [scmNode-2-FixedThreadPoolWithAffinityExecutor-1-0] WARN  container.IncrementalContainerReportHandler (IncrementalContainerReportHandler.java:processICR(109)) - Container not found: Container #8 (NOT_FOUND) r0 (OPEN, bcsid=0, origin=97a6755e-86fd-4537-91b3-54c33d4d83bf, non-empty) from dn 97a6755e-86fd-4537-91b3-54c33d4d83bf(localhost/127.0.0.1)
2025-07-02 18:52:35,509 [scmNode-2-FixedThreadPoolWithAffinityExecutor-1-0] WARN  container.IncrementalContainerReportHandler (IncrementalContainerReportHandler.java:processICR(109)) - Container not found: Container #8 (NOT_FOUND) r0 (OPEN, bcsid=0, origin=fff6918d-693a-4f9d-b154-ded16baf39a4, non-empty) from dn fff6918d-693a-4f9d-b154-ded16baf39a4(localhost/127.0.0.1)
2025-07-02 18:52:35,509 [scmNode-3-FixedThreadPoolWithAffinityExecutor-8-0] WARN  container.IncrementalContainerReportHandler (IncrementalContainerReportHandler.java:processICR(109)) - Container not found: Container #8 (NOT_FOUND) r0 (OPEN, bcsid=0, origin=a1153de0-65c4-400c-ae9f-71c02a590f14, non-empty) from dn a1153de0-65c4-400c-ae9f-71c02a590f14(localhost/127.0.0.1)
2025-07-02 18:52:35,510 [scmNode-3-FixedThreadPoolWithAffinityExecutor-1-0] WARN  container.IncrementalContainerReportHandler (IncrementalContainerReportHandler.java:processICR(109)) - Container not found: Container #8 (NOT_FOUND) r0 (OPEN, bcsid=0, origin=fff6918d-693a-4f9d-b154-ded16baf39a4, non-empty) from dn fff6918d-693a-4f9d-b154-ded16baf39a4(localhost/127.0.0.1)
2025-07-02 18:52:35,513 [scmNode-3-FixedThreadPoolWithAffinityExecutor-1-0] WARN  container.IncrementalContainerReportHandler (IncrementalContainerReportHandler.java:processICR(109)) - Container not found: Container #8 (NOT_FOUND) r0 (OPEN, bcsid=0, origin=97a6755e-86fd-4537-91b3-54c33d4d83bf, non-empty) from dn 97a6755e-86fd-4537-91b3-54c33d4d83bf(localhost/127.0.0.1)
2025-07-02 18:52:36,152 [scmNode-1-EventQueue-CloseContainerForCloseContainerEventHandler] INFO  container.CloseContainerEventHandler (CloseContainerEventHandler.java:onMessage(88)) - Close container Event triggered for container : #8, current state: OPEN
2025-07-02 18:52:36,156 [scmNode-1-EventQueue-CloseContainerForCloseContainerEventHandler] INFO  container.CloseContainerEventHandler (CloseContainerEventHandler.java:onMessage(88)) - Close container Event triggered for container : #8, current state: CLOSING
2025-07-02 18:52:36,157 [scmNode-1-EventQueue-CloseContainerForCloseContainerEventHandler] INFO  container.CloseContainerEventHandler (CloseContainerEventHandler.java:onMessage(88)) - Close container Event triggered for container : #8, current state: CLOSING
2025-07-02 18:52:36,346 [a1153de0-65c4-400c-ae9f-71c02a590f14-ContainerReplicationThread-0] INFO  checksum.ReconcileContainerTask (ReconcileContainerTask.java:runTask(51)) - IN_PROGRESS reconcileContainerCommand: containerId=4, peerNodes=[97a6755e-86fd-4537-91b3-54c33d4d83bf(localhost/127.0.0.1), fff6918d-693a-4f9d-b154-ded16baf39a4(localhost/127.0.0.1)]
2025-07-02 18:52:36,346 [fff6918d-693a-4f9d-b154-ded16baf39a4-ContainerReplicationThread-0] INFO  checksum.ReconcileContainerTask (ReconcileContainerTask.java:runTask(51)) - IN_PROGRESS reconcileContainerCommand: containerId=4, peerNodes=[97a6755e-86fd-4537-91b3-54c33d4d83bf(localhost/127.0.0.1), a1153de0-65c4-400c-ae9f-71c02a590f14(localhost/127.0.0.1)]
2025-07-02 18:52:36,346 [a1153de0-65c4-400c-ae9f-71c02a590f14-ContainerReplicationThread-0] INFO  keyvalue.KeyValueHandler (KeyValueHandler.java:reconcileContainer(1599)) - Beginning reconciliation for container 4 with peer 97a6755e-86fd-4537-91b3-54c33d4d83bf(localhost/127.0.0.1). Current data checksum is fab6ed55
2025-07-02 18:52:36,346 [fff6918d-693a-4f9d-b154-ded16baf39a4-ContainerReplicationThread-0] INFO  keyvalue.KeyValueHandler (KeyValueHandler.java:reconcileContainer(1599)) - Beginning reconciliation for container 4 with peer 97a6755e-86fd-4537-91b3-54c33d4d83bf(localhost/127.0.0.1). Current data checksum is fab6ed55
2025-07-02 18:52:36,354 [a1153de0-65c4-400c-ae9f-71c02a590f14-ContainerReplicationThread-0] INFO  keyvalue.KeyValueHandler (KeyValueHandler.java:reconcileContainer(1682)) - Container 4 reconciled with peer 97a6755e-86fd-4537-91b3-54c33d4d83bf(localhost/127.0.0.1). Data checksum fab6ed55 was not updated. Time taken: 7 ms
2025-07-02 18:52:36,354 [fff6918d-693a-4f9d-b154-ded16baf39a4-ContainerReplicationThread-0] INFO  keyvalue.KeyValueHandler (KeyValueHandler.java:reconcileContainer(1682)) - Container 4 reconciled with peer 97a6755e-86fd-4537-91b3-54c33d4d83bf(localhost/127.0.0.1). Data checksum fab6ed55 was not updated. Time taken: 7 ms
2025-07-02 18:52:36,354 [fff6918d-693a-4f9d-b154-ded16baf39a4-ContainerReplicationThread-0] INFO  keyvalue.KeyValueHandler (KeyValueHandler.java:reconcileContainer(1599)) - Beginning reconciliation for container 4 with peer a1153de0-65c4-400c-ae9f-71c02a590f14(localhost/127.0.0.1). Current data checksum is fab6ed55
2025-07-02 18:52:36,354 [a1153de0-65c4-400c-ae9f-71c02a590f14-ContainerReplicationThread-0] INFO  keyvalue.KeyValueHandler (KeyValueHandler.java:reconcileContainer(1599)) - Beginning reconciliation for container 4 with peer fff6918d-693a-4f9d-b154-ded16baf39a4(localhost/127.0.0.1). Current data checksum is fab6ed55
2025-07-02 18:52:36,360 [a1153de0-65c4-400c-ae9f-71c02a590f14-ContainerReplicationThread-0] INFO  keyvalue.KeyValueHandler (KeyValueHandler.java:reconcileContainer(1682)) - Container 4 reconciled with peer fff6918d-693a-4f9d-b154-ded16baf39a4(localhost/127.0.0.1). Data checksum fab6ed55 was not updated. Time taken: 5 ms
2025-07-02 18:52:36,361 [a1153de0-65c4-400c-ae9f-71c02a590f14-ContainerReplicationThread-0] INFO  keyvalue.KeyValueHandler (KeyValueHandler.java:reconcileContainer(1705)) - Completed reconciliation for container 4 with 2/2 peers. Original data checksum fab6ed55 was not updated
2025-07-02 18:52:36,361 [a1153de0-65c4-400c-ae9f-71c02a590f14-ContainerReplicationThread-0] INFO  checksum.ReconcileContainerTask (ReconcileContainerTask.java:runTask(57)) - DONE reconcileContainerCommand: containerId=4, peerNodes=[97a6755e-86fd-4537-91b3-54c33d4d83bf(localhost/127.0.0.1), fff6918d-693a-4f9d-b154-ded16baf39a4(localhost/127.0.0.1)] completed in 16 ms
2025-07-02 18:52:36,361 [a1153de0-65c4-400c-ae9f-71c02a590f14-ContainerReplicationThread-0] INFO  replication.ReplicationSupervisor (ReplicationSupervisor.java:run(416)) - Successful DONE reconcileContainerCommand: containerId=4, peerNodes=[97a6755e-86fd-4537-91b3-54c33d4d83bf(localhost/127.0.0.1), fff6918d-693a-4f9d-b154-ded16baf39a4(localhost/127.0.0.1)]
2025-07-02 18:52:36,362 [fff6918d-693a-4f9d-b154-ded16baf39a4-ContainerReplicationThread-0] INFO  keyvalue.KeyValueHandler (KeyValueHandler.java:reconcileContainer(1682)) - Container 4 reconciled with peer a1153de0-65c4-400c-ae9f-71c02a590f14(localhost/127.0.0.1). Data checksum fab6ed55 was not updated. Time taken: 7 ms
2025-07-02 18:52:36,363 [fff6918d-693a-4f9d-b154-ded16baf39a4-ContainerReplicationThread-0] INFO  keyvalue.KeyValueHandler (KeyValueHandler.java:reconcileContainer(1705)) - Completed reconciliation for container 4 with 2/2 peers. Original data checksum fab6ed55 was not updated
2025-07-02 18:52:36,364 [fff6918d-693a-4f9d-b154-ded16baf39a4-ContainerReplicationThread-0] INFO  checksum.ReconcileContainerTask (ReconcileContainerTask.java:runTask(57)) - DONE reconcileContainerCommand: containerId=4, peerNodes=[97a6755e-86fd-4537-91b3-54c33d4d83bf(localhost/127.0.0.1), a1153de0-65c4-400c-ae9f-71c02a590f14(localhost/127.0.0.1)] completed in 17 ms
2025-07-02 18:52:36,364 [fff6918d-693a-4f9d-b154-ded16baf39a4-ContainerReplicationThread-0] INFO  replication.ReplicationSupervisor (ReplicationSupervisor.java:run(416)) - Successful DONE reconcileContainerCommand: containerId=4, peerNodes=[97a6755e-86fd-4537-91b3-54c33d4d83bf(localhost/127.0.0.1), a1153de0-65c4-400c-ae9f-71c02a590f14(localhost/127.0.0.1)]
2025-07-02 18:52:37,510 [a1153de0-65c4-400c-ae9f-71c02a590f14-CloseContainerThread-1] WARN  keyvalue.KeyValueHandler (KeyValueHandler.java:updateAndGetContainerChecksum(1451)) - Container data checksum updated from 0 to 3650410e
2025-07-02 18:52:37,511 [fff6918d-693a-4f9d-b154-ded16baf39a4-CloseContainerThread-1] WARN  keyvalue.KeyValueHandler (KeyValueHandler.java:updateAndGetContainerChecksum(1451)) - Container data checksum updated from 0 to 3650410e
2025-07-02 18:52:37,511 [fff6918d-693a-4f9d-b154-ded16baf39a4-CloseContainerThread-1] INFO  commandhandler.CloseContainerCommandHandler (CloseContainerCommandHandler.java:lambda$handle$0(154)) - Follower cannot close container #8.
2025-07-02 18:52:37,511 [a1153de0-65c4-400c-ae9f-71c02a590f14-CloseContainerThread-1] INFO  commandhandler.CloseContainerCommandHandler (CloseContainerCommandHandler.java:lambda$handle$0(154)) - Follower cannot close container #8.
2025-07-02 18:52:37,515 [scmNode-2-FixedThreadPoolWithAffinityExecutor-8-0] INFO  container.IncrementalContainerReportHandler (AbstractContainerReportHandler.java:updateContainerState(253)) - FINALIZE (i.e. CLOSING) Container #8 (OPEN, sid=159) r0 (CLOSING, bcsid=159, origin=a1153de0-65c4-400c-ae9f-71c02a590f14, non-empty) from dn a1153de0-65c4-400c-ae9f-71c02a590f14(localhost/127.0.0.1)
2025-07-02 18:52:37,516 [scmNode-2-FixedThreadPoolWithAffinityExecutor-8-0] INFO  container.IncrementalContainerReportHandler (IncrementalContainerReportHandler.java:processICR(116)) - SCM_NOT_LEADER: Failed to process Container #8 (OPEN, sid=159) r0 (CLOSING, bcsid=159, origin=a1153de0-65c4-400c-ae9f-71c02a590f14, non-empty) from dn a1153de0-65c4-400c-ae9f-71c02a590f14(localhost/127.0.0.1)
2025-07-02 18:52:37,517 [scmNode-3-FixedThreadPoolWithAffinityExecutor-1-0] INFO  container.IncrementalContainerReportHandler (AbstractContainerReportHandler.java:updateContainerState(253)) - FINALIZE (i.e. CLOSING) Container #8 (OPEN, sid=159) r0 (CLOSING, bcsid=159, origin=fff6918d-693a-4f9d-b154-ded16baf39a4, non-empty) from dn fff6918d-693a-4f9d-b154-ded16baf39a4(localhost/127.0.0.1)
2025-07-02 18:52:37,517 [scmNode-2-FixedThreadPoolWithAffinityExecutor-1-0] INFO  container.IncrementalContainerReportHandler (AbstractContainerReportHandler.java:updateContainerState(253)) - FINALIZE (i.e. CLOSING) Container #8 (OPEN, sid=159) r0 (CLOSING, bcsid=159, origin=fff6918d-693a-4f9d-b154-ded16baf39a4, non-empty) from dn fff6918d-693a-4f9d-b154-ded16baf39a4(localhost/127.0.0.1)
2025-07-02 18:52:37,517 [scmNode-2-FixedThreadPoolWithAffinityExecutor-1-0] INFO  container.IncrementalContainerReportHandler (IncrementalContainerReportHandler.java:processICR(116)) - SCM_NOT_LEADER: Failed to process Container #8 (OPEN, sid=159) r0 (CLOSING, bcsid=159, origin=fff6918d-693a-4f9d-b154-ded16baf39a4, non-empty) from dn fff6918d-693a-4f9d-b154-ded16baf39a4(localhost/127.0.0.1)
2025-07-02 18:52:37,517 [scmNode-3-FixedThreadPoolWithAffinityExecutor-1-0] INFO  container.IncrementalContainerReportHandler (IncrementalContainerReportHandler.java:processICR(116)) - SCM_NOT_LEADER: Failed to process Container #8 (OPEN, sid=159) r0 (CLOSING, bcsid=159, origin=fff6918d-693a-4f9d-b154-ded16baf39a4, non-empty) from dn fff6918d-693a-4f9d-b154-ded16baf39a4(localhost/127.0.0.1)
2025-07-02 18:52:37,518 [scmNode-3-FixedThreadPoolWithAffinityExecutor-8-0] INFO  container.IncrementalContainerReportHandler (AbstractContainerReportHandler.java:updateContainerState(253)) - FINALIZE (i.e. CLOSING) Container #8 (OPEN, sid=159) r0 (CLOSING, bcsid=159, origin=a1153de0-65c4-400c-ae9f-71c02a590f14, non-empty) from dn a1153de0-65c4-400c-ae9f-71c02a590f14(localhost/127.0.0.1)
2025-07-02 18:52:37,518 [scmNode-3-FixedThreadPoolWithAffinityExecutor-8-0] INFO  container.IncrementalContainerReportHandler (IncrementalContainerReportHandler.java:processICR(116)) - SCM_NOT_LEADER: Failed to process Container #8 (OPEN, sid=159) r0 (CLOSING, bcsid=159, origin=a1153de0-65c4-400c-ae9f-71c02a590f14, non-empty) from dn a1153de0-65c4-400c-ae9f-71c02a590f14(localhost/127.0.0.1)
2025-07-02 18:52:39,514 [97a6755e-86fd-4537-91b3-54c33d4d83bf-CloseContainerThread-1] WARN  keyvalue.KeyValueHandler (KeyValueHandler.java:updateAndGetContainerChecksum(1451)) - Container data checksum updated from 0 to 3650410e
2025-07-02 18:52:39,524 [a1153de0-65c4-400c-ae9f-71c02a590f14-ContainerOp-38882b6b-055a-4cb7-acbf-29f9e4c8bd46-1] INFO  keyvalue.KeyValueContainer (KeyValueContainer.java:flushAndSyncDB(514)) - Synced container: KeyValueContainerData #8 (CLOSING, non-empty, ri=0, origin=[dn_a1153de0-65c4-400c-ae9f-71c02a590f14, pipeline_38882b6b-055a-4cb7-acbf-29f9e4c8bd46])
2025-07-02 18:52:39,525 [a1153de0-65c4-400c-ae9f-71c02a590f14-ContainerOp-38882b6b-055a-4cb7-acbf-29f9e4c8bd46-1] INFO  keyvalue.KeyValueContainer (KeyValueContainer.java:flushAndSyncDB(514)) - Synced container: KeyValueContainerData #8 (CLOSING, non-empty, ri=0, origin=[dn_a1153de0-65c4-400c-ae9f-71c02a590f14, pipeline_38882b6b-055a-4cb7-acbf-29f9e4c8bd46])
2025-07-02 18:52:39,524 [fff6918d-693a-4f9d-b154-ded16baf39a4-ContainerOp-38882b6b-055a-4cb7-acbf-29f9e4c8bd46-0] INFO  keyvalue.KeyValueContainer (KeyValueContainer.java:flushAndSyncDB(514)) - Synced container: KeyValueContainerData #8 (CLOSING, non-empty, ri=0, origin=[dn_fff6918d-693a-4f9d-b154-ded16baf39a4, pipeline_38882b6b-055a-4cb7-acbf-29f9e4c8bd46])
2025-07-02 18:52:39,527 [fff6918d-693a-4f9d-b154-ded16baf39a4-ContainerOp-38882b6b-055a-4cb7-acbf-29f9e4c8bd46-0] INFO  keyvalue.KeyValueContainer (KeyValueContainer.java:flushAndSyncDB(514)) - Synced container: KeyValueContainerData #8 (CLOSING, non-empty, ri=0, origin=[dn_fff6918d-693a-4f9d-b154-ded16baf39a4, pipeline_38882b6b-055a-4cb7-acbf-29f9e4c8bd46])
2025-07-02 18:52:39,524 [97a6755e-86fd-4537-91b3-54c33d4d83bf-ContainerOp-38882b6b-055a-4cb7-acbf-29f9e4c8bd46-2] INFO  keyvalue.KeyValueContainer (KeyValueContainer.java:flushAndSyncDB(514)) - Synced container: KeyValueContainerData #8 (CLOSING, non-empty, ri=0, origin=[dn_97a6755e-86fd-4537-91b3-54c33d4d83bf, pipeline_38882b6b-055a-4cb7-acbf-29f9e4c8bd46])
2025-07-02 18:52:39,527 [97a6755e-86fd-4537-91b3-54c33d4d83bf-ContainerOp-38882b6b-055a-4cb7-acbf-29f9e4c8bd46-2] INFO  keyvalue.KeyValueContainer (KeyValueContainer.java:flushAndSyncDB(514)) - Synced container: KeyValueContainerData #8 (CLOSING, non-empty, ri=0, origin=[dn_97a6755e-86fd-4537-91b3-54c33d4d83bf, pipeline_38882b6b-055a-4cb7-acbf-29f9e4c8bd46])
2025-07-02 18:52:39,535 [a1153de0-65c4-400c-ae9f-71c02a590f14-ContainerOp-38882b6b-055a-4cb7-acbf-29f9e4c8bd46-1] INFO  keyvalue.KeyValueContainer (KeyValueContainer.java:close(430)) - Closed container: KeyValueContainerData #8 (CLOSED, non-empty, ri=0, origin=[dn_a1153de0-65c4-400c-ae9f-71c02a590f14, pipeline_38882b6b-055a-4cb7-acbf-29f9e4c8bd46])
2025-07-02 18:52:39,535 [fff6918d-693a-4f9d-b154-ded16baf39a4-ContainerOp-38882b6b-055a-4cb7-acbf-29f9e4c8bd46-0] INFO  keyvalue.KeyValueContainer (KeyValueContainer.java:close(430)) - Closed container: KeyValueContainerData #8 (CLOSED, non-empty, ri=0, origin=[dn_fff6918d-693a-4f9d-b154-ded16baf39a4, pipeline_38882b6b-055a-4cb7-acbf-29f9e4c8bd46])
2025-07-02 18:52:39,535 [97a6755e-86fd-4537-91b3-54c33d4d83bf-ContainerOp-38882b6b-055a-4cb7-acbf-29f9e4c8bd46-2] INFO  keyvalue.KeyValueContainer (KeyValueContainer.java:close(430)) - Closed container: KeyValueContainerData #8 (CLOSED, non-empty, ri=0, origin=[dn_97a6755e-86fd-4537-91b3-54c33d4d83bf, pipeline_38882b6b-055a-4cb7-acbf-29f9e4c8bd46])
2025-07-02 18:52:39,538 [scmNode-2-FixedThreadPoolWithAffinityExecutor-8-0] INFO  container.IncrementalContainerReportHandler (AbstractContainerReportHandler.java:updateContainerState(289)) - CLOSE Container #8 (CLOSING, sid=159) r0 (CLOSED, bcsid=159, origin=a1153de0-65c4-400c-ae9f-71c02a590f14, non-empty) from dn a1153de0-65c4-400c-ae9f-71c02a590f14(localhost/127.0.0.1)
2025-07-02 18:52:39,538 [scmNode-1-FixedThreadPoolWithAffinityExecutor-1-0] INFO  container.IncrementalContainerReportHandler (AbstractContainerReportHandler.java:updateContainerState(289)) - CLOSE Container #8 (CLOSING, sid=159) r0 (CLOSED, bcsid=159, origin=fff6918d-693a-4f9d-b154-ded16baf39a4, non-empty) from dn fff6918d-693a-4f9d-b154-ded16baf39a4(localhost/127.0.0.1)
2025-07-02 18:52:39,538 [scmNode-3-FixedThreadPoolWithAffinityExecutor-1-0] INFO  container.IncrementalContainerReportHandler (AbstractContainerReportHandler.java:updateContainerState(289)) - CLOSE Container #8 (CLOSING, sid=159) r0 (CLOSED, bcsid=159, origin=97a6755e-86fd-4537-91b3-54c33d4d83bf, non-empty) from dn 97a6755e-86fd-4537-91b3-54c33d4d83bf(localhost/127.0.0.1)
2025-07-02 18:52:39,539 [scmNode-2-FixedThreadPoolWithAffinityExecutor-8-0] INFO  container.IncrementalContainerReportHandler (IncrementalContainerReportHandler.java:processICR(116)) - SCM_NOT_LEADER: Failed to process Container #8 (CLOSING, sid=159) r0 (CLOSED, bcsid=159, origin=a1153de0-65c4-400c-ae9f-71c02a590f14, non-empty) from dn a1153de0-65c4-400c-ae9f-71c02a590f14(localhost/127.0.0.1)
2025-07-02 18:52:39,540 [scmNode-3-FixedThreadPoolWithAffinityExecutor-8-0] INFO  container.IncrementalContainerReportHandler (AbstractContainerReportHandler.java:updateContainerState(289)) - CLOSE Container #8 (CLOSING, sid=159) r0 (CLOSED, bcsid=159, origin=a1153de0-65c4-400c-ae9f-71c02a590f14, non-empty) from dn a1153de0-65c4-400c-ae9f-71c02a590f14(localhost/127.0.0.1)
2025-07-02 18:52:39,540 [scmNode-3-FixedThreadPoolWithAffinityExecutor-1-0] INFO  container.IncrementalContainerReportHandler (IncrementalContainerReportHandler.java:processICR(116)) - SCM_NOT_LEADER: Failed to process Container #8 (CLOSING, sid=159) r0 (CLOSED, bcsid=159, origin=97a6755e-86fd-4537-91b3-54c33d4d83bf, non-empty) from dn 97a6755e-86fd-4537-91b3-54c33d4d83bf(localhost/127.0.0.1)
2025-07-02 18:52:39,540 [scmNode-2-FixedThreadPoolWithAffinityExecutor-1-0] INFO  container.IncrementalContainerReportHandler (AbstractContainerReportHandler.java:updateContainerState(289)) - CLOSE Container #8 (CLOSING, sid=159) r0 (CLOSED, bcsid=159, origin=97a6755e-86fd-4537-91b3-54c33d4d83bf, non-empty) from dn 97a6755e-86fd-4537-91b3-54c33d4d83bf(localhost/127.0.0.1)
2025-07-02 18:52:39,541 [scmNode-3-FixedThreadPoolWithAffinityExecutor-8-0] INFO  container.IncrementalContainerReportHandler (IncrementalContainerReportHandler.java:processICR(116)) - SCM_NOT_LEADER: Failed to process Container #8 (CLOSING, sid=159) r0 (CLOSED, bcsid=159, origin=a1153de0-65c4-400c-ae9f-71c02a590f14, non-empty) from dn a1153de0-65c4-400c-ae9f-71c02a590f14(localhost/127.0.0.1)
2025-07-02 18:52:39,541 [scmNode-2-FixedThreadPoolWithAffinityExecutor-1-0] INFO  container.IncrementalContainerReportHandler (IncrementalContainerReportHandler.java:processICR(116)) - SCM_NOT_LEADER: Failed to process Container #8 (CLOSING, sid=159) r0 (CLOSED, bcsid=159, origin=97a6755e-86fd-4537-91b3-54c33d4d83bf, non-empty) from dn 97a6755e-86fd-4537-91b3-54c33d4d83bf(localhost/127.0.0.1)
2025-07-02 18:52:39,541 [scmNode-2-FixedThreadPoolWithAffinityExecutor-1-0] INFO  container.IncrementalContainerReportHandler (AbstractContainerReportHandler.java:updateContainerState(289)) - CLOSE Container #8 (CLOSING, sid=159) r0 (CLOSED, bcsid=159, origin=fff6918d-693a-4f9d-b154-ded16baf39a4, non-empty) from dn fff6918d-693a-4f9d-b154-ded16baf39a4(localhost/127.0.0.1)
2025-07-02 18:52:39,542 [scmNode-3-FixedThreadPoolWithAffinityExecutor-1-0] INFO  container.IncrementalContainerReportHandler (AbstractContainerReportHandler.java:updateContainerState(289)) - CLOSE Container #8 (CLOSING, sid=159) r0 (CLOSED, bcsid=159, origin=fff6918d-693a-4f9d-b154-ded16baf39a4, non-empty) from dn fff6918d-693a-4f9d-b154-ded16baf39a4(localhost/127.0.0.1)
2025-07-02 18:52:39,542 [scmNode-2-FixedThreadPoolWithAffinityExecutor-1-0] INFO  container.IncrementalContainerReportHandler (IncrementalContainerReportHandler.java:processICR(116)) - SCM_NOT_LEADER: Failed to process Container #8 (CLOSING, sid=159) r0 (CLOSED, bcsid=159, origin=fff6918d-693a-4f9d-b154-ded16baf39a4, non-empty) from dn fff6918d-693a-4f9d-b154-ded16baf39a4(localhost/127.0.0.1)
2025-07-02 18:52:39,542 [scmNode-3-FixedThreadPoolWithAffinityExecutor-1-0] INFO  container.IncrementalContainerReportHandler (IncrementalContainerReportHandler.java:processICR(116)) - SCM_NOT_LEADER: Failed to process Container #8 (CLOSING, sid=159) r0 (CLOSED, bcsid=159, origin=fff6918d-693a-4f9d-b154-ded16baf39a4, non-empty) from dn fff6918d-693a-4f9d-b154-ded16baf39a4(localhost/127.0.0.1)
2025-07-02 18:52:41,538 [scmNode-2-FixedThreadPoolWithAffinityExecutor-1-0] INFO  container.ContainerReportHandler (AbstractContainerReportHandler.java:updateContainerState(289)) - CLOSE Container #8 (CLOSING, sid=159) r0 (CLOSED, bcsid=159, origin=97a6755e-86fd-4537-91b3-54c33d4d83bf, non-empty) from dn 97a6755e-86fd-4537-91b3-54c33d4d83bf(localhost/127.0.0.1)
2025-07-02 18:52:41,539 [scmNode-3-FixedThreadPoolWithAffinityExecutor-1-0] INFO  container.ContainerReportHandler (AbstractContainerReportHandler.java:updateContainerState(289)) - CLOSE Container #8 (CLOSING, sid=159) r0 (CLOSED, bcsid=159, origin=fff6918d-693a-4f9d-b154-ded16baf39a4, non-empty) from dn fff6918d-693a-4f9d-b154-ded16baf39a4(localhost/127.0.0.1)
2025-07-02 18:52:41,539 [scmNode-2-FixedThreadPoolWithAffinityExecutor-1-0] ERROR container.ContainerReportHandler (ContainerReportHandler.java:processSingleReplica(231)) - Failed to process Container #8 (CLOSING, sid=159) r0 (CLOSED, bcsid=159, origin=97a6755e-86fd-4537-91b3-54c33d4d83bf, non-empty) from dn 97a6755e-86fd-4537-91b3-54c33d4d83bf(localhost/127.0.0.1)
org.apache.hadoop.hdds.scm.exceptions.SCMException: org.apache.ratis.protocol.exceptions.NotLeaderException: Server 4680a024-3a59-4e75-8ac7-1755b08d3543@group-F629F00B5E08 is not the leader, suggested leader is: 0570d27e-7557-449b-949c-3e7f7fc57b05|localhost:15003
	at org.apache.hadoop.hdds.scm.ha.SCMHAInvocationHandler.translateException(SCMHAInvocationHandler.java:163)
	at org.apache.hadoop.hdds.scm.ha.SCMHAInvocationHandler.invokeRatis(SCMHAInvocationHandler.java:113)
	at org.apache.hadoop.hdds.scm.ha.SCMHAInvocationHandler.invoke(SCMHAInvocationHandler.java:72)
	at jdk.proxy2/jdk.proxy2.$Proxy48.updateContainerState(Unknown Source)
	at org.apache.hadoop.hdds.scm.container.ContainerManagerImpl.updateContainerState(ContainerManagerImpl.java:284)
	at org.apache.hadoop.hdds.scm.container.AbstractContainerReportHandler.updateContainerState(AbstractContainerReportHandler.java:290)
	at org.apache.hadoop.hdds.scm.container.AbstractContainerReportHandler.processContainerReplica(AbstractContainerReportHandler.java:115)
	at org.apache.hadoop.hdds.scm.container.ContainerReportHandler.processSingleReplica(ContainerReportHandler.java:229)
	at org.apache.hadoop.hdds.scm.container.ContainerReportHandler.onMessage(ContainerReportHandler.java:181)
	at org.apache.hadoop.hdds.scm.container.ContainerReportHandler.onMessage(ContainerReportHandler.java:44)
	at org.apache.hadoop.hdds.server.events.FixedThreadPoolWithAffinityExecutor$ContainerReportProcessTask.run(FixedThreadPoolWithAffinityExecutor.java:257)
	at java.base/java.util.concurrent.Executors$RunnableAdapter.call(Executors.java:572)
	at java.base/java.util.concurrent.FutureTask.run(FutureTask.java:317)
	at java.base/java.util.concurrent.ThreadPoolExecutor.runWorker(ThreadPoolExecutor.java:1144)
	at java.base/java.util.concurrent.ThreadPoolExecutor$Worker.run(ThreadPoolExecutor.java:642)
	at java.base/java.lang.Thread.run(Thread.java:1583)
Caused by: org.apache.ratis.protocol.exceptions.NotLeaderException: Server 4680a024-3a59-4e75-8ac7-1755b08d3543@group-F629F00B5E08 is not the leader, suggested leader is: 0570d27e-7557-449b-949c-3e7f7fc57b05|localhost:15003
	at org.apache.ratis.server.impl.RaftServerImpl.generateNotLeaderException(RaftServerImpl.java:804)
	at org.apache.ratis.server.impl.RaftServerImpl.checkLeaderState(RaftServerImpl.java:769)
	at org.apache.ratis.server.impl.RaftServerImpl.checkLeaderState(RaftServerImpl.java:755)
	at org.apache.ratis.server.impl.RaftServerImpl.writeAsyncImpl(RaftServerImpl.java:972)
	at org.apache.ratis.server.impl.RaftServerImpl.writeAsync(RaftServerImpl.java:960)
	at org.apache.ratis.server.impl.RaftServerImpl.replyFuture(RaftServerImpl.java:953)
	at org.apache.ratis.server.impl.RaftServerImpl.submitClientRequestAsync(RaftServerImpl.java:930)
	at org.apache.ratis.server.impl.RaftServerImpl.lambda$null$11(RaftServerImpl.java:919)
	at org.apache.ratis.util.JavaUtils.callAsUnchecked(JavaUtils.java:118)
	at org.apache.ratis.server.impl.RaftServerImpl.lambda$executeSubmitClientRequestAsync$12(RaftServerImpl.java:919)
	at java.base/java.util.concurrent.CompletableFuture$AsyncSupply.run(CompletableFuture.java:1768)
	... 3 more
2025-07-02 18:52:41,540 [scmNode-3-FixedThreadPoolWithAffinityExecutor-1-0] ERROR container.ContainerReportHandler (ContainerReportHandler.java:processSingleReplica(231)) - Failed to process Container #8 (CLOSING, sid=159) r0 (CLOSED, bcsid=159, origin=fff6918d-693a-4f9d-b154-ded16baf39a4, non-empty) from dn fff6918d-693a-4f9d-b154-ded16baf39a4(localhost/127.0.0.1)
org.apache.hadoop.hdds.scm.exceptions.SCMException: org.apache.ratis.protocol.exceptions.NotLeaderException: Server ca181966-e7f6-4c77-8344-65416d18d1f8@group-F629F00B5E08 is not the leader, suggested leader is: 0570d27e-7557-449b-949c-3e7f7fc57b05|localhost:15003
	at org.apache.hadoop.hdds.scm.ha.SCMHAInvocationHandler.translateException(SCMHAInvocationHandler.java:163)
	at org.apache.hadoop.hdds.scm.ha.SCMHAInvocationHandler.invokeRatis(SCMHAInvocationHandler.java:113)
	at org.apache.hadoop.hdds.scm.ha.SCMHAInvocationHandler.invoke(SCMHAInvocationHandler.java:72)
	at jdk.proxy2/jdk.proxy2.$Proxy48.updateContainerState(Unknown Source)
	at org.apache.hadoop.hdds.scm.container.ContainerManagerImpl.updateContainerState(ContainerManagerImpl.java:284)
	at org.apache.hadoop.hdds.scm.container.AbstractContainerReportHandler.updateContainerState(AbstractContainerReportHandler.java:290)
	at org.apache.hadoop.hdds.scm.container.AbstractContainerReportHandler.processContainerReplica(AbstractContainerReportHandler.java:115)
	at org.apache.hadoop.hdds.scm.container.ContainerReportHandler.processSingleReplica(ContainerReportHandler.java:229)
	at org.apache.hadoop.hdds.scm.container.ContainerReportHandler.onMessage(ContainerReportHandler.java:181)
	at org.apache.hadoop.hdds.scm.container.ContainerReportHandler.onMessage(ContainerReportHandler.java:44)
	at org.apache.hadoop.hdds.server.events.FixedThreadPoolWithAffinityExecutor$ContainerReportProcessTask.run(FixedThreadPoolWithAffinityExecutor.java:257)
	at java.base/java.util.concurrent.Executors$RunnableAdapter.call(Executors.java:572)
	at java.base/java.util.concurrent.FutureTask.run(FutureTask.java:317)
	at java.base/java.util.concurrent.ThreadPoolExecutor.runWorker(ThreadPoolExecutor.java:1144)
	at java.base/java.util.concurrent.ThreadPoolExecutor$Worker.run(ThreadPoolExecutor.java:642)
	at java.base/java.lang.Thread.run(Thread.java:1583)
Caused by: org.apache.ratis.protocol.exceptions.NotLeaderException: Server ca181966-e7f6-4c77-8344-65416d18d1f8@group-F629F00B5E08 is not the leader, suggested leader is: 0570d27e-7557-449b-949c-3e7f7fc57b05|localhost:15003
	at org.apache.ratis.server.impl.RaftServerImpl.generateNotLeaderException(RaftServerImpl.java:804)
	at org.apache.ratis.server.impl.RaftServerImpl.checkLeaderState(RaftServerImpl.java:769)
	at org.apache.ratis.server.impl.RaftServerImpl.checkLeaderState(RaftServerImpl.java:755)
	at org.apache.ratis.server.impl.RaftServerImpl.writeAsyncImpl(RaftServerImpl.java:972)
	at org.apache.ratis.server.impl.RaftServerImpl.writeAsync(RaftServerImpl.java:960)
	at org.apache.ratis.server.impl.RaftServerImpl.replyFuture(RaftServerImpl.java:953)
	at org.apache.ratis.server.impl.RaftServerImpl.submitClientRequestAsync(RaftServerImpl.java:930)
	at org.apache.ratis.server.impl.RaftServerImpl.lambda$null$11(RaftServerImpl.java:919)
	at org.apache.ratis.util.JavaUtils.callAsUnchecked(JavaUtils.java:118)
	at org.apache.ratis.server.impl.RaftServerImpl.lambda$executeSubmitClientRequestAsync$12(RaftServerImpl.java:919)
	at java.base/java.util.concurrent.CompletableFuture$AsyncSupply.run(CompletableFuture.java:1768)
	... 3 more
2025-07-02 18:52:41,541 [scmNode-3-FixedThreadPoolWithAffinityExecutor-1-0] INFO  container.ContainerReportHandler (AbstractContainerReportHandler.java:updateContainerState(289)) - CLOSE Container #8 (CLOSING, sid=159) r0 (CLOSED, bcsid=159, origin=97a6755e-86fd-4537-91b3-54c33d4d83bf, non-empty) from dn 97a6755e-86fd-4537-91b3-54c33d4d83bf(localhost/127.0.0.1)
2025-07-02 18:52:41,541 [scmNode-2-FixedThreadPoolWithAffinityExecutor-1-0] INFO  container.ContainerReportHandler (AbstractContainerReportHandler.java:updateContainerState(289)) - CLOSE Container #8 (CLOSING, sid=159) r0 (CLOSED, bcsid=159, origin=fff6918d-693a-4f9d-b154-ded16baf39a4, non-empty) from dn fff6918d-693a-4f9d-b154-ded16baf39a4(localhost/127.0.0.1)
2025-07-02 18:52:41,542 [scmNode-2-FixedThreadPoolWithAffinityExecutor-1-0] ERROR container.ContainerReportHandler (ContainerReportHandler.java:processSingleReplica(231)) - Failed to process Container #8 (CLOSING, sid=159) r0 (CLOSED, bcsid=159, origin=fff6918d-693a-4f9d-b154-ded16baf39a4, non-empty) from dn fff6918d-693a-4f9d-b154-ded16baf39a4(localhost/127.0.0.1)
org.apache.hadoop.hdds.scm.exceptions.SCMException: org.apache.ratis.protocol.exceptions.NotLeaderException: Server 4680a024-3a59-4e75-8ac7-1755b08d3543@group-F629F00B5E08 is not the leader, suggested leader is: 0570d27e-7557-449b-949c-3e7f7fc57b05|localhost:15003
	at org.apache.hadoop.hdds.scm.ha.SCMHAInvocationHandler.translateException(SCMHAInvocationHandler.java:163)
	at org.apache.hadoop.hdds.scm.ha.SCMHAInvocationHandler.invokeRatis(SCMHAInvocationHandler.java:113)
	at org.apache.hadoop.hdds.scm.ha.SCMHAInvocationHandler.invoke(SCMHAInvocationHandler.java:72)
	at jdk.proxy2/jdk.proxy2.$Proxy48.updateContainerState(Unknown Source)
	at org.apache.hadoop.hdds.scm.container.ContainerManagerImpl.updateContainerState(ContainerManagerImpl.java:284)
	at org.apache.hadoop.hdds.scm.container.AbstractContainerReportHandler.updateContainerState(AbstractContainerReportHandler.java:290)
	at org.apache.hadoop.hdds.scm.container.AbstractContainerReportHandler.processContainerReplica(AbstractContainerReportHandler.java:115)
	at org.apache.hadoop.hdds.scm.container.ContainerReportHandler.processSingleReplica(ContainerReportHandler.java:229)
	at org.apache.hadoop.hdds.scm.container.ContainerReportHandler.onMessage(ContainerReportHandler.java:181)
	at org.apache.hadoop.hdds.scm.container.ContainerReportHandler.onMessage(ContainerReportHandler.java:44)
	at org.apache.hadoop.hdds.server.events.FixedThreadPoolWithAffinityExecutor$ContainerReportProcessTask.run(FixedThreadPoolWithAffinityExecutor.java:257)
	at java.base/java.util.concurrent.Executors$RunnableAdapter.call(Executors.java:572)
	at java.base/java.util.concurrent.FutureTask.run(FutureTask.java:317)
	at java.base/java.util.concurrent.ThreadPoolExecutor.runWorker(ThreadPoolExecutor.java:1144)
	at java.base/java.util.concurrent.ThreadPoolExecutor$Worker.run(ThreadPoolExecutor.java:642)
	at java.base/java.lang.Thread.run(Thread.java:1583)
Caused by: org.apache.ratis.protocol.exceptions.NotLeaderException: Server 4680a024-3a59-4e75-8ac7-1755b08d3543@group-F629F00B5E08 is not the leader, suggested leader is: 0570d27e-7557-449b-949c-3e7f7fc57b05|localhost:15003
	at org.apache.ratis.server.impl.RaftServerImpl.generateNotLeaderException(RaftServerImpl.java:804)
	at org.apache.ratis.server.impl.RaftServerImpl.checkLeaderState(RaftServerImpl.java:769)
	at org.apache.ratis.server.impl.RaftServerImpl.checkLeaderState(RaftServerImpl.java:755)
	at org.apache.ratis.server.impl.RaftServerImpl.writeAsyncImpl(RaftServerImpl.java:972)
	at org.apache.ratis.server.impl.RaftServerImpl.writeAsync(RaftServerImpl.java:960)
	at org.apache.ratis.server.impl.RaftServerImpl.replyFuture(RaftServerImpl.java:953)
	at org.apache.ratis.server.impl.RaftServerImpl.submitClientRequestAsync(RaftServerImpl.java:930)
	at org.apache.ratis.server.impl.RaftServerImpl.lambda$null$11(RaftServerImpl.java:919)
	at org.apache.ratis.util.JavaUtils.callAsUnchecked(JavaUtils.java:118)
	at org.apache.ratis.server.impl.RaftServerImpl.lambda$executeSubmitClientRequestAsync$12(RaftServerImpl.java:919)
	at java.base/java.util.concurrent.CompletableFuture$AsyncSupply.run(CompletableFuture.java:1768)
	... 3 more
2025-07-02 18:52:41,542 [scmNode-3-FixedThreadPoolWithAffinityExecutor-1-0] ERROR container.ContainerReportHandler (ContainerReportHandler.java:processSingleReplica(231)) - Failed to process Container #8 (CLOSING, sid=159) r0 (CLOSED, bcsid=159, origin=97a6755e-86fd-4537-91b3-54c33d4d83bf, non-empty) from dn 97a6755e-86fd-4537-91b3-54c33d4d83bf(localhost/127.0.0.1)
org.apache.hadoop.hdds.scm.exceptions.SCMException: org.apache.ratis.protocol.exceptions.NotLeaderException: Server ca181966-e7f6-4c77-8344-65416d18d1f8@group-F629F00B5E08 is not the leader, suggested leader is: 0570d27e-7557-449b-949c-3e7f7fc57b05|localhost:15003
	at org.apache.hadoop.hdds.scm.ha.SCMHAInvocationHandler.translateException(SCMHAInvocationHandler.java:163)
	at org.apache.hadoop.hdds.scm.ha.SCMHAInvocationHandler.invokeRatis(SCMHAInvocationHandler.java:113)
	at org.apache.hadoop.hdds.scm.ha.SCMHAInvocationHandler.invoke(SCMHAInvocationHandler.java:72)
	at jdk.proxy2/jdk.proxy2.$Proxy48.updateContainerState(Unknown Source)
	at org.apache.hadoop.hdds.scm.container.ContainerManagerImpl.updateContainerState(ContainerManagerImpl.java:284)
	at org.apache.hadoop.hdds.scm.container.AbstractContainerReportHandler.updateContainerState(AbstractContainerReportHandler.java:290)
	at org.apache.hadoop.hdds.scm.container.AbstractContainerReportHandler.processContainerReplica(AbstractContainerReportHandler.java:115)
	at org.apache.hadoop.hdds.scm.container.ContainerReportHandler.processSingleReplica(ContainerReportHandler.java:229)
	at org.apache.hadoop.hdds.scm.container.ContainerReportHandler.onMessage(ContainerReportHandler.java:181)
	at org.apache.hadoop.hdds.scm.container.ContainerReportHandler.onMessage(ContainerReportHandler.java:44)
	at org.apache.hadoop.hdds.server.events.FixedThreadPoolWithAffinityExecutor$ContainerReportProcessTask.run(FixedThreadPoolWithAffinityExecutor.java:257)
	at java.base/java.util.concurrent.Executors$RunnableAdapter.call(Executors.java:572)
	at java.base/java.util.concurrent.FutureTask.run(FutureTask.java:317)
	at java.base/java.util.concurrent.ThreadPoolExecutor.runWorker(ThreadPoolExecutor.java:1144)
	at java.base/java.util.concurrent.ThreadPoolExecutor$Worker.run(ThreadPoolExecutor.java:642)
	at java.base/java.lang.Thread.run(Thread.java:1583)
Caused by: org.apache.ratis.protocol.exceptions.NotLeaderException: Server ca181966-e7f6-4c77-8344-65416d18d1f8@group-F629F00B5E08 is not the leader, suggested leader is: 0570d27e-7557-449b-949c-3e7f7fc57b05|localhost:15003
	at org.apache.ratis.server.impl.RaftServerImpl.generateNotLeaderException(RaftServerImpl.java:804)
	at org.apache.ratis.server.impl.RaftServerImpl.checkLeaderState(RaftServerImpl.java:769)
	at org.apache.ratis.server.impl.RaftServerImpl.checkLeaderState(RaftServerImpl.java:755)
	at org.apache.ratis.server.impl.RaftServerImpl.writeAsyncImpl(RaftServerImpl.java:972)
	at org.apache.ratis.server.impl.RaftServerImpl.writeAsync(RaftServerImpl.java:960)
	at org.apache.ratis.server.impl.RaftServerImpl.replyFuture(RaftServerImpl.java:953)
	at org.apache.ratis.server.impl.RaftServerImpl.submitClientRequestAsync(RaftServerImpl.java:930)
	at org.apache.ratis.server.impl.RaftServerImpl.lambda$null$11(RaftServerImpl.java:919)
	at org.apache.ratis.util.JavaUtils.callAsUnchecked(JavaUtils.java:118)
	at org.apache.ratis.server.impl.RaftServerImpl.lambda$executeSubmitClientRequestAsync$12(RaftServerImpl.java:919)
	at java.base/java.util.concurrent.CompletableFuture$AsyncSupply.run(CompletableFuture.java:1768)
	... 3 more
2025-07-02 18:52:42,161 [main] INFO  ha.SCMNodeInfo (SCMNodeInfo.java:getPort(197)) - ConfigKey ozone.scm.client.address is deprecated, For configuring different ports for each SCM use PortConfigKey ozone.scm.client.port appended with serviceId and nodeId
2025-07-02 18:52:42,162 [main] INFO  ha.SCMNodeInfo (SCMNodeInfo.java:getPort(197)) - ConfigKey ozone.scm.block.client.address is deprecated, For configuring different ports for each SCM use PortConfigKey ozone.scm.block.client.port appended with serviceId and nodeId
2025-07-02 18:52:42,162 [main] INFO  ha.SCMNodeInfo (SCMNodeInfo.java:getPort(197)) - ConfigKey ozone.scm.security.service.address is deprecated, For configuring different ports for each SCM use PortConfigKey ozone.scm.security.service.port appended with serviceId and nodeId
2025-07-02 18:52:42,162 [main] INFO  ha.SCMNodeInfo (SCMNodeInfo.java:getPort(197)) - ConfigKey ozone.scm.datanode.address is deprecated, For configuring different ports for each SCM use PortConfigKey ozone.scm.datanode.port appended with serviceId and nodeId
2025-07-02 18:52:42,162 [main] INFO  ha.SCMNodeInfo (SCMNodeInfo.java:getPort(197)) - ConfigKey ozone.scm.client.address is deprecated, For configuring different ports for each SCM use PortConfigKey ozone.scm.client.port appended with serviceId and nodeId
2025-07-02 18:52:42,162 [main] INFO  ha.SCMNodeInfo (SCMNodeInfo.java:getPort(197)) - ConfigKey ozone.scm.block.client.address is deprecated, For configuring different ports for each SCM use PortConfigKey ozone.scm.block.client.port appended with serviceId and nodeId
2025-07-02 18:52:42,162 [main] INFO  ha.SCMNodeInfo (SCMNodeInfo.java:getPort(197)) - ConfigKey ozone.scm.security.service.address is deprecated, For configuring different ports for each SCM use PortConfigKey ozone.scm.security.service.port appended with serviceId and nodeId
2025-07-02 18:52:42,162 [main] INFO  ha.SCMNodeInfo (SCMNodeInfo.java:getPort(197)) - ConfigKey ozone.scm.datanode.address is deprecated, For configuring different ports for each SCM use PortConfigKey ozone.scm.datanode.port appended with serviceId and nodeId
2025-07-02 18:52:42,162 [main] INFO  ha.SCMNodeInfo (SCMNodeInfo.java:getPort(197)) - ConfigKey ozone.scm.client.address is deprecated, For configuring different ports for each SCM use PortConfigKey ozone.scm.client.port appended with serviceId and nodeId
2025-07-02 18:52:42,162 [main] INFO  ha.SCMNodeInfo (SCMNodeInfo.java:getPort(197)) - ConfigKey ozone.scm.block.client.address is deprecated, For configuring different ports for each SCM use PortConfigKey ozone.scm.block.client.port appended with serviceId and nodeId
2025-07-02 18:52:42,162 [main] INFO  ha.SCMNodeInfo (SCMNodeInfo.java:getPort(197)) - ConfigKey ozone.scm.security.service.address is deprecated, For configuring different ports for each SCM use PortConfigKey ozone.scm.security.service.port appended with serviceId and nodeId
2025-07-02 18:52:42,162 [main] INFO  ha.SCMNodeInfo (SCMNodeInfo.java:getPort(197)) - ConfigKey ozone.scm.datanode.address is deprecated, For configuring different ports for each SCM use PortConfigKey ozone.scm.datanode.port appended with serviceId and nodeId
2025-07-02 18:52:42,163 [main] INFO  proxy.SCMContainerLocationFailoverProxyProvider (SCMFailoverProxyProviderBase.java:<init>(120)) - Created fail-over proxy for protocol StorageContainerLocationProtocolPB with 3 nodes: [nodeId=scmNode-2,nodeAddress=/127.0.0.1:15013, nodeId=scmNode-3,nodeAddress=/127.0.0.1:15021, nodeId=scmNode-1,nodeAddress=/127.0.0.1:15005]
2025-07-02 18:52:42,167 [pool-262-thread-1] WARN  keyvalue.KeyValueHandler (KeyValueHandler.java:updateAndGetContainerChecksum(1451)) - Container data checksum updated from 3650410e to b19fb5e1
2025-07-02 18:52:42,168 [Socket Reader #8 for port 15005] INFO  ipc.Server (Server.java:saslProcess(2290)) - Auth successful for scm/localhost@EXAMPLE.COM (auth:KERBEROS) from 127.0.0.1:44693
2025-07-02 18:52:42,172 [main] INFO  checksum.TestContainerCommandReconciliation (TestContainerCommandReconciliation.java:lambda$waitForDataChecksumsAtSCM$6(547)) - Waiting for 2 total unique checksums from container 8 to be reported to SCM. Currently 2 uniquechecksums are reported.
2025-07-02 18:52:42,172 [main] INFO  ha.SCMNodeInfo (SCMNodeInfo.java:getPort(197)) - ConfigKey ozone.scm.client.address is deprecated, For configuring different ports for each SCM use PortConfigKey ozone.scm.client.port appended with serviceId and nodeId
2025-07-02 18:52:42,172 [main] INFO  ha.SCMNodeInfo (SCMNodeInfo.java:getPort(197)) - ConfigKey ozone.scm.block.client.address is deprecated, For configuring different ports for each SCM use PortConfigKey ozone.scm.block.client.port appended with serviceId and nodeId
2025-07-02 18:52:42,172 [main] INFO  ha.SCMNodeInfo (SCMNodeInfo.java:getPort(197)) - ConfigKey ozone.scm.security.service.address is deprecated, For configuring different ports for each SCM use PortConfigKey ozone.scm.security.service.port appended with serviceId and nodeId
2025-07-02 18:52:42,173 [main] INFO  ha.SCMNodeInfo (SCMNodeInfo.java:getPort(197)) - ConfigKey ozone.scm.datanode.address is deprecated, For configuring different ports for each SCM use PortConfigKey ozone.scm.datanode.port appended with serviceId and nodeId
2025-07-02 18:52:42,173 [main] INFO  ha.SCMNodeInfo (SCMNodeInfo.java:getPort(197)) - ConfigKey ozone.scm.client.address is deprecated, For configuring different ports for each SCM use PortConfigKey ozone.scm.client.port appended with serviceId and nodeId
2025-07-02 18:52:42,173 [main] INFO  ha.SCMNodeInfo (SCMNodeInfo.java:getPort(197)) - ConfigKey ozone.scm.block.client.address is deprecated, For configuring different ports for each SCM use PortConfigKey ozone.scm.block.client.port appended with serviceId and nodeId
2025-07-02 18:52:42,173 [main] INFO  ha.SCMNodeInfo (SCMNodeInfo.java:getPort(197)) - ConfigKey ozone.scm.security.service.address is deprecated, For configuring different ports for each SCM use PortConfigKey ozone.scm.security.service.port appended with serviceId and nodeId
2025-07-02 18:52:42,173 [main] INFO  ha.SCMNodeInfo (SCMNodeInfo.java:getPort(197)) - ConfigKey ozone.scm.datanode.address is deprecated, For configuring different ports for each SCM use PortConfigKey ozone.scm.datanode.port appended with serviceId and nodeId
2025-07-02 18:52:42,173 [main] INFO  ha.SCMNodeInfo (SCMNodeInfo.java:getPort(197)) - ConfigKey ozone.scm.client.address is deprecated, For configuring different ports for each SCM use PortConfigKey ozone.scm.client.port appended with serviceId and nodeId
2025-07-02 18:52:42,173 [main] INFO  ha.SCMNodeInfo (SCMNodeInfo.java:getPort(197)) - ConfigKey ozone.scm.block.client.address is deprecated, For configuring different ports for each SCM use PortConfigKey ozone.scm.block.client.port appended with serviceId and nodeId
2025-07-02 18:52:42,173 [main] INFO  ha.SCMNodeInfo (SCMNodeInfo.java:getPort(197)) - ConfigKey ozone.scm.security.service.address is deprecated, For configuring different ports for each SCM use PortConfigKey ozone.scm.security.service.port appended with serviceId and nodeId
2025-07-02 18:52:42,173 [main] INFO  ha.SCMNodeInfo (SCMNodeInfo.java:getPort(197)) - ConfigKey ozone.scm.datanode.address is deprecated, For configuring different ports for each SCM use PortConfigKey ozone.scm.datanode.port appended with serviceId and nodeId
2025-07-02 18:52:42,173 [main] INFO  proxy.SCMContainerLocationFailoverProxyProvider (SCMFailoverProxyProviderBase.java:<init>(120)) - Created fail-over proxy for protocol StorageContainerLocationProtocolPB with 3 nodes: [nodeId=scmNode-2,nodeAddress=/127.0.0.1:15013, nodeId=scmNode-3,nodeAddress=/127.0.0.1:15021, nodeId=scmNode-1,nodeAddress=/127.0.0.1:15005]
2025-07-02 18:52:42,178 [Socket Reader #9 for port 15005] INFO  ipc.Server (Server.java:saslProcess(2290)) - Auth successful for scm/localhost@EXAMPLE.COM (auth:KERBEROS) from 127.0.0.1:34601
2025-07-02 18:52:42,179 [scmNode-1-EventQueue-ReconcileContainerForReconcileContainerEventHandler] INFO  reconciliation.ReconcileContainerEventHandler (ReconcileContainerEventHandler.java:onMessage(76)) - Reconcile container event triggered for container #8 with peers [97a6755e-86fd-4537-91b3-54c33d4d83bf(localhost/127.0.0.1), fff6918d-693a-4f9d-b154-ded16baf39a4(localhost/127.0.0.1), a1153de0-65c4-400c-ae9f-71c02a590f14(localhost/127.0.0.1)]
2025-07-02 18:52:42,179 [main] INFO  ha.SCMNodeInfo (SCMNodeInfo.java:getPort(197)) - ConfigKey ozone.scm.client.address is deprecated, For configuring different ports for each SCM use PortConfigKey ozone.scm.client.port appended with serviceId and nodeId
2025-07-02 18:52:42,179 [main] INFO  ha.SCMNodeInfo (SCMNodeInfo.java:getPort(197)) - ConfigKey ozone.scm.block.client.address is deprecated, For configuring different ports for each SCM use PortConfigKey ozone.scm.block.client.port appended with serviceId and nodeId
2025-07-02 18:52:42,179 [main] INFO  ha.SCMNodeInfo (SCMNodeInfo.java:getPort(197)) - ConfigKey ozone.scm.security.service.address is deprecated, For configuring different ports for each SCM use PortConfigKey ozone.scm.security.service.port appended with serviceId and nodeId
2025-07-02 18:52:42,179 [main] INFO  ha.SCMNodeInfo (SCMNodeInfo.java:getPort(197)) - ConfigKey ozone.scm.datanode.address is deprecated, For configuring different ports for each SCM use PortConfigKey ozone.scm.datanode.port appended with serviceId and nodeId
2025-07-02 18:52:42,180 [main] INFO  ha.SCMNodeInfo (SCMNodeInfo.java:getPort(197)) - ConfigKey ozone.scm.client.address is deprecated, For configuring different ports for each SCM use PortConfigKey ozone.scm.client.port appended with serviceId and nodeId
2025-07-02 18:52:42,180 [main] INFO  ha.SCMNodeInfo (SCMNodeInfo.java:getPort(197)) - ConfigKey ozone.scm.block.client.address is deprecated, For configuring different ports for each SCM use PortConfigKey ozone.scm.block.client.port appended with serviceId and nodeId
2025-07-02 18:52:42,180 [main] INFO  ha.SCMNodeInfo (SCMNodeInfo.java:getPort(197)) - ConfigKey ozone.scm.security.service.address is deprecated, For configuring different ports for each SCM use PortConfigKey ozone.scm.security.service.port appended with serviceId and nodeId
2025-07-02 18:52:42,180 [main] INFO  ha.SCMNodeInfo (SCMNodeInfo.java:getPort(197)) - ConfigKey ozone.scm.datanode.address is deprecated, For configuring different ports for each SCM use PortConfigKey ozone.scm.datanode.port appended with serviceId and nodeId
2025-07-02 18:52:42,180 [main] INFO  ha.SCMNodeInfo (SCMNodeInfo.java:getPort(197)) - ConfigKey ozone.scm.client.address is deprecated, For configuring different ports for each SCM use PortConfigKey ozone.scm.client.port appended with serviceId and nodeId
2025-07-02 18:52:42,180 [main] INFO  ha.SCMNodeInfo (SCMNodeInfo.java:getPort(197)) - ConfigKey ozone.scm.block.client.address is deprecated, For configuring different ports for each SCM use PortConfigKey ozone.scm.block.client.port appended with serviceId and nodeId
2025-07-02 18:52:42,180 [main] INFO  ha.SCMNodeInfo (SCMNodeInfo.java:getPort(197)) - ConfigKey ozone.scm.security.service.address is deprecated, For configuring different ports for each SCM use PortConfigKey ozone.scm.security.service.port appended with serviceId and nodeId
2025-07-02 18:52:42,180 [main] INFO  ha.SCMNodeInfo (SCMNodeInfo.java:getPort(197)) - ConfigKey ozone.scm.datanode.address is deprecated, For configuring different ports for each SCM use PortConfigKey ozone.scm.datanode.port appended with serviceId and nodeId
2025-07-02 18:52:42,180 [main] INFO  proxy.SCMContainerLocationFailoverProxyProvider (SCMFailoverProxyProviderBase.java:<init>(120)) - Created fail-over proxy for protocol StorageContainerLocationProtocolPB with 3 nodes: [nodeId=scmNode-2,nodeAddress=/127.0.0.1:15013, nodeId=scmNode-3,nodeAddress=/127.0.0.1:15021, nodeId=scmNode-1,nodeAddress=/127.0.0.1:15005]
2025-07-02 18:52:42,184 [Socket Reader #10 for port 15005] INFO  ipc.Server (Server.java:saslProcess(2290)) - Auth successful for scm/localhost@EXAMPLE.COM (auth:KERBEROS) from 127.0.0.1:33083
2025-07-02 18:52:42,186 [main] INFO  checksum.TestContainerCommandReconciliation (TestContainerCommandReconciliation.java:lambda$waitForDataChecksumsAtSCM$6(547)) - Waiting for 1 total unique checksums from container 8 to be reported to SCM. Currently 2 uniquechecksums are reported.
2025-07-02 18:52:43,186 [main] INFO  ha.SCMNodeInfo (SCMNodeInfo.java:getPort(197)) - ConfigKey ozone.scm.client.address is deprecated, For configuring different ports for each SCM use PortConfigKey ozone.scm.client.port appended with serviceId and nodeId
2025-07-02 18:52:43,186 [main] INFO  ha.SCMNodeInfo (SCMNodeInfo.java:getPort(197)) - ConfigKey ozone.scm.block.client.address is deprecated, For configuring different ports for each SCM use PortConfigKey ozone.scm.block.client.port appended with serviceId and nodeId
2025-07-02 18:52:43,186 [main] INFO  ha.SCMNodeInfo (SCMNodeInfo.java:getPort(197)) - ConfigKey ozone.scm.security.service.address is deprecated, For configuring different ports for each SCM use PortConfigKey ozone.scm.security.service.port appended with serviceId and nodeId
2025-07-02 18:52:43,187 [main] INFO  ha.SCMNodeInfo (SCMNodeInfo.java:getPort(197)) - ConfigKey ozone.scm.datanode.address is deprecated, For configuring different ports for each SCM use PortConfigKey ozone.scm.datanode.port appended with serviceId and nodeId
2025-07-02 18:52:43,187 [main] INFO  ha.SCMNodeInfo (SCMNodeInfo.java:getPort(197)) - ConfigKey ozone.scm.client.address is deprecated, For configuring different ports for each SCM use PortConfigKey ozone.scm.client.port appended with serviceId and nodeId
2025-07-02 18:52:43,187 [main] INFO  ha.SCMNodeInfo (SCMNodeInfo.java:getPort(197)) - ConfigKey ozone.scm.block.client.address is deprecated, For configuring different ports for each SCM use PortConfigKey ozone.scm.block.client.port appended with serviceId and nodeId
2025-07-02 18:52:43,187 [main] INFO  ha.SCMNodeInfo (SCMNodeInfo.java:getPort(197)) - ConfigKey ozone.scm.security.service.address is deprecated, For configuring different ports for each SCM use PortConfigKey ozone.scm.security.service.port appended with serviceId and nodeId
2025-07-02 18:52:43,187 [main] INFO  ha.SCMNodeInfo (SCMNodeInfo.java:getPort(197)) - ConfigKey ozone.scm.datanode.address is deprecated, For configuring different ports for each SCM use PortConfigKey ozone.scm.datanode.port appended with serviceId and nodeId
2025-07-02 18:52:43,187 [main] INFO  ha.SCMNodeInfo (SCMNodeInfo.java:getPort(197)) - ConfigKey ozone.scm.client.address is deprecated, For configuring different ports for each SCM use PortConfigKey ozone.scm.client.port appended with serviceId and nodeId
2025-07-02 18:52:43,187 [main] INFO  ha.SCMNodeInfo (SCMNodeInfo.java:getPort(197)) - ConfigKey ozone.scm.block.client.address is deprecated, For configuring different ports for each SCM use PortConfigKey ozone.scm.block.client.port appended with serviceId and nodeId
2025-07-02 18:52:43,187 [main] INFO  ha.SCMNodeInfo (SCMNodeInfo.java:getPort(197)) - ConfigKey ozone.scm.security.service.address is deprecated, For configuring different ports for each SCM use PortConfigKey ozone.scm.security.service.port appended with serviceId and nodeId
2025-07-02 18:52:43,187 [main] INFO  ha.SCMNodeInfo (SCMNodeInfo.java:getPort(197)) - ConfigKey ozone.scm.datanode.address is deprecated, For configuring different ports for each SCM use PortConfigKey ozone.scm.datanode.port appended with serviceId and nodeId
2025-07-02 18:52:43,187 [main] INFO  proxy.SCMContainerLocationFailoverProxyProvider (SCMFailoverProxyProviderBase.java:<init>(120)) - Created fail-over proxy for protocol StorageContainerLocationProtocolPB with 3 nodes: [nodeId=scmNode-2,nodeAddress=/127.0.0.1:15013, nodeId=scmNode-3,nodeAddress=/127.0.0.1:15021, nodeId=scmNode-1,nodeAddress=/127.0.0.1:15005]
2025-07-02 18:52:43,192 [Socket Reader #1 for port 15005] INFO  ipc.Server (Server.java:saslProcess(2290)) - Auth successful for scm/localhost@EXAMPLE.COM (auth:KERBEROS) from 127.0.0.1:41595
2025-07-02 18:52:43,194 [main] INFO  checksum.TestContainerCommandReconciliation (TestContainerCommandReconciliation.java:lambda$waitForDataChecksumsAtSCM$6(547)) - Waiting for 1 total unique checksums from container 8 to be reported to SCM. Currently 2 uniquechecksums are reported.
2025-07-02 18:52:43,536 [a1153de0-65c4-400c-ae9f-71c02a590f14-ContainerReplicationThread-1] INFO  checksum.ReconcileContainerTask (ReconcileContainerTask.java:runTask(51)) - IN_PROGRESS reconcileContainerCommand: containerId=8, peerNodes=[97a6755e-86fd-4537-91b3-54c33d4d83bf(localhost/127.0.0.1), fff6918d-693a-4f9d-b154-ded16baf39a4(localhost/127.0.0.1)]
2025-07-02 18:52:43,536 [fff6918d-693a-4f9d-b154-ded16baf39a4-ContainerReplicationThread-1] INFO  checksum.ReconcileContainerTask (ReconcileContainerTask.java:runTask(51)) - IN_PROGRESS reconcileContainerCommand: containerId=8, peerNodes=[97a6755e-86fd-4537-91b3-54c33d4d83bf(localhost/127.0.0.1), a1153de0-65c4-400c-ae9f-71c02a590f14(localhost/127.0.0.1)]
2025-07-02 18:52:43,537 [fff6918d-693a-4f9d-b154-ded16baf39a4-ContainerReplicationThread-1] INFO  keyvalue.KeyValueHandler (KeyValueHandler.java:reconcileContainer(1599)) - Beginning reconciliation for container 8 with peer 97a6755e-86fd-4537-91b3-54c33d4d83bf(localhost/127.0.0.1). Current data checksum is b19fb5e1
2025-07-02 18:52:43,538 [a1153de0-65c4-400c-ae9f-71c02a590f14-ContainerReplicationThread-1] INFO  keyvalue.KeyValueHandler (KeyValueHandler.java:reconcileContainer(1599)) - Beginning reconciliation for container 8 with peer 97a6755e-86fd-4537-91b3-54c33d4d83bf(localhost/127.0.0.1). Current data checksum is 3650410e
2025-07-02 18:52:43,541 [a1153de0-65c4-400c-ae9f-71c02a590f14-ContainerReplicationThread-1] INFO  keyvalue.KeyValueHandler (KeyValueHandler.java:reconcileContainer(1682)) - Container 8 reconciled with peer 97a6755e-86fd-4537-91b3-54c33d4d83bf(localhost/127.0.0.1). Data checksum 3650410e was not updated. Time taken: 3 ms
2025-07-02 18:52:43,541 [a1153de0-65c4-400c-ae9f-71c02a590f14-ContainerReplicationThread-1] INFO  keyvalue.KeyValueHandler (KeyValueHandler.java:reconcileContainer(1599)) - Beginning reconciliation for container 8 with peer fff6918d-693a-4f9d-b154-ded16baf39a4(localhost/127.0.0.1). Current data checksum is 3650410e
2025-07-02 18:52:43,544 [a1153de0-65c4-400c-ae9f-71c02a590f14-ContainerReplicationThread-1] INFO  keyvalue.KeyValueHandler (KeyValueHandler.java:reconcileContainer(1682)) - Container 8 reconciled with peer fff6918d-693a-4f9d-b154-ded16baf39a4(localhost/127.0.0.1). Data checksum 3650410e was not updated. Time taken: 2 ms
2025-07-02 18:52:43,544 [a1153de0-65c4-400c-ae9f-71c02a590f14-ContainerReplicationThread-1] INFO  keyvalue.KeyValueHandler (KeyValueHandler.java:reconcileContainer(1705)) - Completed reconciliation for container 8 with 2/2 peers. Original data checksum 3650410e was not updated
2025-07-02 18:52:43,544 [a1153de0-65c4-400c-ae9f-71c02a590f14-ContainerReplicationThread-1] INFO  checksum.ReconcileContainerTask (ReconcileContainerTask.java:runTask(57)) - DONE reconcileContainerCommand: containerId=8, peerNodes=[97a6755e-86fd-4537-91b3-54c33d4d83bf(localhost/127.0.0.1), fff6918d-693a-4f9d-b154-ded16baf39a4(localhost/127.0.0.1)] completed in 8 ms
2025-07-02 18:52:43,545 [a1153de0-65c4-400c-ae9f-71c02a590f14-ContainerReplicationThread-1] INFO  replication.ReplicationSupervisor (ReplicationSupervisor.java:run(416)) - Successful DONE reconcileContainerCommand: containerId=8, peerNodes=[97a6755e-86fd-4537-91b3-54c33d4d83bf(localhost/127.0.0.1), fff6918d-693a-4f9d-b154-ded16baf39a4(localhost/127.0.0.1)]
2025-07-02 18:52:43,580 [fff6918d-693a-4f9d-b154-ded16baf39a4-ContainerReplicationThread-1] WARN  keyvalue.KeyValueHandler (KeyValueHandler.java:updateAndGetContainerChecksum(1451)) - Container data checksum updated from b19fb5e1 to 3650410e
2025-07-02 18:52:43,580 [fff6918d-693a-4f9d-b154-ded16baf39a4-ContainerReplicationThread-1] WARN  keyvalue.KeyValueHandler (KeyValueHandler.java:reconcileContainer(1685)) - Container 8 reconciled with peer 97a6755e-86fd-4537-91b3-54c33d4d83bf(localhost/127.0.0.1). Data checksum updated from b19fb5e1 to 3650410e.
Missing blocks repaired: 4/4
Missing chunks repaired: 0/0
Corrupt chunks repaired:  0/0
Time taken: 43 ms
2025-07-02 18:52:43,580 [fff6918d-693a-4f9d-b154-ded16baf39a4-ContainerReplicationThread-1] INFO  keyvalue.KeyValueHandler (KeyValueHandler.java:reconcileContainer(1599)) - Beginning reconciliation for container 8 with peer a1153de0-65c4-400c-ae9f-71c02a590f14(localhost/127.0.0.1). Current data checksum is 3650410e
2025-07-02 18:52:43,583 [fff6918d-693a-4f9d-b154-ded16baf39a4-ContainerReplicationThread-1] INFO  keyvalue.KeyValueHandler (KeyValueHandler.java:reconcileContainer(1682)) - Container 8 reconciled with peer a1153de0-65c4-400c-ae9f-71c02a590f14(localhost/127.0.0.1). Data checksum 3650410e was not updated. Time taken: 3 ms
2025-07-02 18:52:43,583 [fff6918d-693a-4f9d-b154-ded16baf39a4-ContainerReplicationThread-1] WARN  keyvalue.KeyValueHandler (KeyValueHandler.java:reconcileContainer(1708)) - Completed reconciliation for container 8 with 2/2 peers. 4 blocks were updated. Data checksum updated from b19fb5e1 to 3650410e
2025-07-02 18:52:43,584 [fff6918d-693a-4f9d-b154-ded16baf39a4-ContainerReplicationThread-1] INFO  checksum.ReconcileContainerTask (ReconcileContainerTask.java:runTask(57)) - DONE reconcileContainerCommand: containerId=8, peerNodes=[97a6755e-86fd-4537-91b3-54c33d4d83bf(localhost/127.0.0.1), a1153de0-65c4-400c-ae9f-71c02a590f14(localhost/127.0.0.1)] completed in 47 ms
2025-07-02 18:52:43,584 [fff6918d-693a-4f9d-b154-ded16baf39a4-ContainerReplicationThread-1] INFO  replication.ReplicationSupervisor (ReplicationSupervisor.java:run(416)) - Successful DONE reconcileContainerCommand: containerId=8, peerNodes=[97a6755e-86fd-4537-91b3-54c33d4d83bf(localhost/127.0.0.1), a1153de0-65c4-400c-ae9f-71c02a590f14(localhost/127.0.0.1)]
2025-07-02 18:52:44,194 [main] INFO  ha.SCMNodeInfo (SCMNodeInfo.java:getPort(197)) - ConfigKey ozone.scm.client.address is deprecated, For configuring different ports for each SCM use PortConfigKey ozone.scm.client.port appended with serviceId and nodeId
2025-07-02 18:52:44,195 [main] INFO  ha.SCMNodeInfo (SCMNodeInfo.java:getPort(197)) - ConfigKey ozone.scm.block.client.address is deprecated, For configuring different ports for each SCM use PortConfigKey ozone.scm.block.client.port appended with serviceId and nodeId
2025-07-02 18:52:44,195 [main] INFO  ha.SCMNodeInfo (SCMNodeInfo.java:getPort(197)) - ConfigKey ozone.scm.security.service.address is deprecated, For configuring different ports for each SCM use PortConfigKey ozone.scm.security.service.port appended with serviceId and nodeId
2025-07-02 18:52:44,195 [main] INFO  ha.SCMNodeInfo (SCMNodeInfo.java:getPort(197)) - ConfigKey ozone.scm.datanode.address is deprecated, For configuring different ports for each SCM use PortConfigKey ozone.scm.datanode.port appended with serviceId and nodeId
2025-07-02 18:52:44,195 [main] INFO  ha.SCMNodeInfo (SCMNodeInfo.java:getPort(197)) - ConfigKey ozone.scm.client.address is deprecated, For configuring different ports for each SCM use PortConfigKey ozone.scm.client.port appended with serviceId and nodeId
2025-07-02 18:52:44,195 [main] INFO  ha.SCMNodeInfo (SCMNodeInfo.java:getPort(197)) - ConfigKey ozone.scm.block.client.address is deprecated, For configuring different ports for each SCM use PortConfigKey ozone.scm.block.client.port appended with serviceId and nodeId
2025-07-02 18:52:44,195 [main] INFO  ha.SCMNodeInfo (SCMNodeInfo.java:getPort(197)) - ConfigKey ozone.scm.security.service.address is deprecated, For configuring different ports for each SCM use PortConfigKey ozone.scm.security.service.port appended with serviceId and nodeId
2025-07-02 18:52:44,195 [main] INFO  ha.SCMNodeInfo (SCMNodeInfo.java:getPort(197)) - ConfigKey ozone.scm.datanode.address is deprecated, For configuring different ports for each SCM use PortConfigKey ozone.scm.datanode.port appended with serviceId and nodeId
2025-07-02 18:52:44,195 [main] INFO  ha.SCMNodeInfo (SCMNodeInfo.java:getPort(197)) - ConfigKey ozone.scm.client.address is deprecated, For configuring different ports for each SCM use PortConfigKey ozone.scm.client.port appended with serviceId and nodeId
2025-07-02 18:52:44,195 [main] INFO  ha.SCMNodeInfo (SCMNodeInfo.java:getPort(197)) - ConfigKey ozone.scm.block.client.address is deprecated, For configuring different ports for each SCM use PortConfigKey ozone.scm.block.client.port appended with serviceId and nodeId
2025-07-02 18:52:44,196 [main] INFO  ha.SCMNodeInfo (SCMNodeInfo.java:getPort(197)) - ConfigKey ozone.scm.security.service.address is deprecated, For configuring different ports for each SCM use PortConfigKey ozone.scm.security.service.port appended with serviceId and nodeId
2025-07-02 18:52:44,196 [main] INFO  ha.SCMNodeInfo (SCMNodeInfo.java:getPort(197)) - ConfigKey ozone.scm.datanode.address is deprecated, For configuring different ports for each SCM use PortConfigKey ozone.scm.datanode.port appended with serviceId and nodeId
2025-07-02 18:52:44,196 [main] INFO  proxy.SCMContainerLocationFailoverProxyProvider (SCMFailoverProxyProviderBase.java:<init>(120)) - Created fail-over proxy for protocol StorageContainerLocationProtocolPB with 3 nodes: [nodeId=scmNode-2,nodeAddress=/127.0.0.1:15013, nodeId=scmNode-3,nodeAddress=/127.0.0.1:15021, nodeId=scmNode-1,nodeAddress=/127.0.0.1:15005]
2025-07-02 18:52:44,201 [Socket Reader #2 for port 15005] INFO  ipc.Server (Server.java:saslProcess(2290)) - Auth successful for scm/localhost@EXAMPLE.COM (auth:KERBEROS) from 127.0.0.1:33657
2025-07-02 18:52:44,203 [main] INFO  checksum.TestContainerCommandReconciliation (TestContainerCommandReconciliation.java:lambda$waitForDataChecksumsAtSCM$6(547)) - Waiting for 1 total unique checksums from container 8 to be reported to SCM. Currently 1 uniquechecksums are reported.
]]></system-out>
  </testcase>
  <testcase name="testGetChecksumInfoNonexistentFile" classname="org.apache.hadoop.ozone.dn.checksum.TestContainerCommandReconciliation" time="5.056">
    <system-out><![CDATA[2025-07-02 18:52:44,486 [main] INFO  rpc.RpcClient (RpcClient.java:createVolume(461)) - Creating Volume: 0555cdbb-30b5-4421-bf0f-3bd3a2807965, with scm as owner and space quota set to -1 bytes, counts quota set to -1
2025-07-02 18:52:44,489 [om1-OMStateMachineApplyTransactionThread - 0] WARN  helpers.OzoneAclUtil (OzoneAclUtil.java:getDefaultAclList(68)) - Failed to get primary group from user scm (auth:SIMPLE)
2025-07-02 18:52:44,490 [om1-OMStateMachineApplyTransactionThread - 0] INFO  volume.OMVolumeCreateRequest (OMVolumeCreateRequest.java:validateAndUpdateCache(203)) - created volume:0555cdbb-30b5-4421-bf0f-3bd3a2807965 for user:scm
2025-07-02 18:52:44,492 [main] INFO  rpc.RpcClient (RpcClient.java:createBucket(686)) - Creating Bucket: 0555cdbb-30b5-4421-bf0f-3bd3a2807965/37e835cf-3b21-4645-926b-fba0d4548ca1, with server-side default bucket layout, scm as owner, Versioning false, Storage Type set to DISK and Encryption set to false, Replication Type set to server-side default replication type, Namespace Quota set to -1, Space Quota set to -1 
2025-07-02 18:52:44,495 [om1-OMStateMachineApplyTransactionThread - 0] WARN  helpers.OzoneAclUtil (OzoneAclUtil.java:getDefaultAclList(68)) - Failed to get primary group from user scm/localhost@EXAMPLE.COM (auth:SIMPLE)
2025-07-02 18:52:44,496 [om1-OMStateMachineApplyTransactionThread - 0] INFO  bucket.OMBucketCreateRequest (OMBucketCreateRequest.java:validateAndUpdateCache(292)) - created bucket: 37e835cf-3b21-4645-926b-fba0d4548ca1 of layout FILE_SYSTEM_OPTIMIZED in volume: 0555cdbb-30b5-4421-bf0f-3bd3a2807965
2025-07-02 18:52:44,506 [om1-OMStateMachineApplyTransactionThread - 0] WARN  helpers.OzoneAclUtil (OzoneAclUtil.java:getDefaultAclList(68)) - Failed to get primary group from user scm/localhost@EXAMPLE.COM (auth:SIMPLE)
2025-07-02 18:52:44,530 [scmNode-1-EventQueue-CloseContainerForCloseContainerEventHandler] INFO  container.CloseContainerEventHandler (CloseContainerEventHandler.java:onMessage(88)) - Close container Event triggered for container : #7, current state: OPEN
2025-07-02 18:52:44,533 [scmNode-1-EventQueue-CloseContainerForCloseContainerEventHandler] INFO  container.CloseContainerEventHandler (CloseContainerEventHandler.java:onMessage(88)) - Close container Event triggered for container : #7, current state: CLOSING
2025-07-02 18:52:44,534 [scmNode-1-EventQueue-CloseContainerForCloseContainerEventHandler] INFO  container.CloseContainerEventHandler (CloseContainerEventHandler.java:onMessage(88)) - Close container Event triggered for container : #7, current state: CLOSING
2025-07-02 18:52:44,536 [97a6755e-86fd-4537-91b3-54c33d4d83bf-ContainerReplicationThread-1] INFO  checksum.ReconcileContainerTask (ReconcileContainerTask.java:runTask(51)) - IN_PROGRESS reconcileContainerCommand: containerId=8, peerNodes=[fff6918d-693a-4f9d-b154-ded16baf39a4(localhost/127.0.0.1), a1153de0-65c4-400c-ae9f-71c02a590f14(localhost/127.0.0.1)]
2025-07-02 18:52:44,537 [97a6755e-86fd-4537-91b3-54c33d4d83bf-ContainerReplicationThread-1] INFO  keyvalue.KeyValueHandler (KeyValueHandler.java:reconcileContainer(1599)) - Beginning reconciliation for container 8 with peer fff6918d-693a-4f9d-b154-ded16baf39a4(localhost/127.0.0.1). Current data checksum is 3650410e
2025-07-02 18:52:44,544 [97a6755e-86fd-4537-91b3-54c33d4d83bf-ContainerReplicationThread-1] INFO  keyvalue.KeyValueHandler (KeyValueHandler.java:reconcileContainer(1682)) - Container 8 reconciled with peer fff6918d-693a-4f9d-b154-ded16baf39a4(localhost/127.0.0.1). Data checksum 3650410e was not updated. Time taken: 7 ms
2025-07-02 18:52:44,544 [97a6755e-86fd-4537-91b3-54c33d4d83bf-ContainerReplicationThread-1] INFO  keyvalue.KeyValueHandler (KeyValueHandler.java:reconcileContainer(1599)) - Beginning reconciliation for container 8 with peer a1153de0-65c4-400c-ae9f-71c02a590f14(localhost/127.0.0.1). Current data checksum is 3650410e
2025-07-02 18:52:44,550 [97a6755e-86fd-4537-91b3-54c33d4d83bf-ContainerReplicationThread-1] INFO  keyvalue.KeyValueHandler (KeyValueHandler.java:reconcileContainer(1682)) - Container 8 reconciled with peer a1153de0-65c4-400c-ae9f-71c02a590f14(localhost/127.0.0.1). Data checksum 3650410e was not updated. Time taken: 6 ms
2025-07-02 18:52:44,550 [97a6755e-86fd-4537-91b3-54c33d4d83bf-ContainerReplicationThread-1] INFO  keyvalue.KeyValueHandler (KeyValueHandler.java:reconcileContainer(1705)) - Completed reconciliation for container 8 with 2/2 peers. Original data checksum 3650410e was not updated
2025-07-02 18:52:44,551 [97a6755e-86fd-4537-91b3-54c33d4d83bf-ContainerReplicationThread-1] INFO  checksum.ReconcileContainerTask (ReconcileContainerTask.java:runTask(57)) - DONE reconcileContainerCommand: containerId=8, peerNodes=[fff6918d-693a-4f9d-b154-ded16baf39a4(localhost/127.0.0.1), a1153de0-65c4-400c-ae9f-71c02a590f14(localhost/127.0.0.1)] completed in 15 ms
2025-07-02 18:52:44,551 [97a6755e-86fd-4537-91b3-54c33d4d83bf-ContainerReplicationThread-1] INFO  replication.ReplicationSupervisor (ReplicationSupervisor.java:run(416)) - Successful DONE reconcileContainerCommand: containerId=8, peerNodes=[fff6918d-693a-4f9d-b154-ded16baf39a4(localhost/127.0.0.1), a1153de0-65c4-400c-ae9f-71c02a590f14(localhost/127.0.0.1)]
2025-07-02 18:52:46,541 [97a6755e-86fd-4537-91b3-54c33d4d83bf-CloseContainerThread-2] WARN  keyvalue.KeyValueHandler (KeyValueHandler.java:updateAndGetContainerChecksum(1451)) - Container data checksum updated from 0 to 23ae47df
2025-07-02 18:52:46,542 [97a6755e-86fd-4537-91b3-54c33d4d83bf-CloseContainerThread-2] INFO  commandhandler.CloseContainerCommandHandler (CloseContainerCommandHandler.java:lambda$handle$0(154)) - Follower cannot close container #7.
2025-07-02 18:52:46,543 [scmNode-3-FixedThreadPoolWithAffinityExecutor-1-0] INFO  container.IncrementalContainerReportHandler (AbstractContainerReportHandler.java:updateContainerState(253)) - FINALIZE (i.e. CLOSING) Container #7 (OPEN, sid=179) r0 (CLOSING, bcsid=179, origin=97a6755e-86fd-4537-91b3-54c33d4d83bf, non-empty) from dn 97a6755e-86fd-4537-91b3-54c33d4d83bf(localhost/127.0.0.1)
2025-07-02 18:52:46,544 [scmNode-2-FixedThreadPoolWithAffinityExecutor-1-0] INFO  container.IncrementalContainerReportHandler (AbstractContainerReportHandler.java:updateContainerState(253)) - FINALIZE (i.e. CLOSING) Container #7 (OPEN, sid=179) r0 (CLOSING, bcsid=179, origin=97a6755e-86fd-4537-91b3-54c33d4d83bf, non-empty) from dn 97a6755e-86fd-4537-91b3-54c33d4d83bf(localhost/127.0.0.1)
2025-07-02 18:52:46,544 [scmNode-3-FixedThreadPoolWithAffinityExecutor-1-0] INFO  container.IncrementalContainerReportHandler (IncrementalContainerReportHandler.java:processICR(116)) - SCM_NOT_LEADER: Failed to process Container #7 (OPEN, sid=179) r0 (CLOSING, bcsid=179, origin=97a6755e-86fd-4537-91b3-54c33d4d83bf, non-empty) from dn 97a6755e-86fd-4537-91b3-54c33d4d83bf(localhost/127.0.0.1)
2025-07-02 18:52:46,544 [scmNode-2-FixedThreadPoolWithAffinityExecutor-1-0] INFO  container.IncrementalContainerReportHandler (IncrementalContainerReportHandler.java:processICR(116)) - SCM_NOT_LEADER: Failed to process Container #7 (OPEN, sid=179) r0 (CLOSING, bcsid=179, origin=97a6755e-86fd-4537-91b3-54c33d4d83bf, non-empty) from dn 97a6755e-86fd-4537-91b3-54c33d4d83bf(localhost/127.0.0.1)
2025-07-02 18:52:46,552 [a1153de0-65c4-400c-ae9f-71c02a590f14-CloseContainerThread-2] WARN  keyvalue.KeyValueHandler (KeyValueHandler.java:updateAndGetContainerChecksum(1451)) - Container data checksum updated from 0 to 23ae47df
2025-07-02 18:52:46,553 [a1153de0-65c4-400c-ae9f-71c02a590f14-CloseContainerThread-2] INFO  commandhandler.CloseContainerCommandHandler (CloseContainerCommandHandler.java:lambda$handle$0(154)) - Follower cannot close container #7.
2025-07-02 18:52:46,553 [scmNode-3-FixedThreadPoolWithAffinityExecutor-8-0] INFO  container.IncrementalContainerReportHandler (AbstractContainerReportHandler.java:updateContainerState(253)) - FINALIZE (i.e. CLOSING) Container #7 (OPEN, sid=179) r0 (CLOSING, bcsid=179, origin=a1153de0-65c4-400c-ae9f-71c02a590f14, non-empty) from dn a1153de0-65c4-400c-ae9f-71c02a590f14(localhost/127.0.0.1)
2025-07-02 18:52:46,554 [scmNode-3-FixedThreadPoolWithAffinityExecutor-8-0] INFO  container.IncrementalContainerReportHandler (IncrementalContainerReportHandler.java:processICR(116)) - SCM_NOT_LEADER: Failed to process Container #7 (OPEN, sid=179) r0 (CLOSING, bcsid=179, origin=a1153de0-65c4-400c-ae9f-71c02a590f14, non-empty) from dn a1153de0-65c4-400c-ae9f-71c02a590f14(localhost/127.0.0.1)
2025-07-02 18:52:46,554 [scmNode-2-FixedThreadPoolWithAffinityExecutor-8-0] INFO  container.IncrementalContainerReportHandler (AbstractContainerReportHandler.java:updateContainerState(253)) - FINALIZE (i.e. CLOSING) Container #7 (OPEN, sid=179) r0 (CLOSING, bcsid=179, origin=a1153de0-65c4-400c-ae9f-71c02a590f14, non-empty) from dn a1153de0-65c4-400c-ae9f-71c02a590f14(localhost/127.0.0.1)
2025-07-02 18:52:46,555 [scmNode-2-FixedThreadPoolWithAffinityExecutor-8-0] INFO  container.IncrementalContainerReportHandler (IncrementalContainerReportHandler.java:processICR(116)) - SCM_NOT_LEADER: Failed to process Container #7 (OPEN, sid=179) r0 (CLOSING, bcsid=179, origin=a1153de0-65c4-400c-ae9f-71c02a590f14, non-empty) from dn a1153de0-65c4-400c-ae9f-71c02a590f14(localhost/127.0.0.1)
2025-07-02 18:52:46,593 [fff6918d-693a-4f9d-b154-ded16baf39a4-CloseContainerThread-2] WARN  keyvalue.KeyValueHandler (KeyValueHandler.java:updateAndGetContainerChecksum(1451)) - Container data checksum updated from 0 to 23ae47df
2025-07-02 18:52:46,598 [scmNode-2-FixedThreadPoolWithAffinityExecutor-1-0] INFO  container.IncrementalContainerReportHandler (AbstractContainerReportHandler.java:updateContainerState(253)) - FINALIZE (i.e. CLOSING) Container #7 (OPEN, sid=179) r0 (CLOSING, bcsid=179, origin=fff6918d-693a-4f9d-b154-ded16baf39a4, non-empty) from dn fff6918d-693a-4f9d-b154-ded16baf39a4(localhost/127.0.0.1)
2025-07-02 18:52:46,599 [scmNode-3-FixedThreadPoolWithAffinityExecutor-1-0] INFO  container.IncrementalContainerReportHandler (AbstractContainerReportHandler.java:updateContainerState(253)) - FINALIZE (i.e. CLOSING) Container #7 (OPEN, sid=179) r0 (CLOSING, bcsid=179, origin=fff6918d-693a-4f9d-b154-ded16baf39a4, non-empty) from dn fff6918d-693a-4f9d-b154-ded16baf39a4(localhost/127.0.0.1)
2025-07-02 18:52:46,599 [scmNode-2-FixedThreadPoolWithAffinityExecutor-1-0] INFO  container.IncrementalContainerReportHandler (IncrementalContainerReportHandler.java:processICR(116)) - SCM_NOT_LEADER: Failed to process Container #7 (OPEN, sid=179) r0 (CLOSING, bcsid=179, origin=fff6918d-693a-4f9d-b154-ded16baf39a4, non-empty) from dn fff6918d-693a-4f9d-b154-ded16baf39a4(localhost/127.0.0.1)
2025-07-02 18:52:46,599 [scmNode-3-FixedThreadPoolWithAffinityExecutor-1-0] INFO  container.IncrementalContainerReportHandler (IncrementalContainerReportHandler.java:processICR(116)) - SCM_NOT_LEADER: Failed to process Container #7 (OPEN, sid=179) r0 (CLOSING, bcsid=179, origin=fff6918d-693a-4f9d-b154-ded16baf39a4, non-empty) from dn fff6918d-693a-4f9d-b154-ded16baf39a4(localhost/127.0.0.1)
2025-07-02 18:52:46,603 [fff6918d-693a-4f9d-b154-ded16baf39a4-ContainerOp-e4f4775a-5ba1-419b-a816-9396b2a0ac6b-1] INFO  keyvalue.KeyValueContainer (KeyValueContainer.java:flushAndSyncDB(514)) - Synced container: KeyValueContainerData #7 (CLOSING, non-empty, ri=0, origin=[dn_fff6918d-693a-4f9d-b154-ded16baf39a4, pipeline_e4f4775a-5ba1-419b-a816-9396b2a0ac6b])
2025-07-02 18:52:46,603 [fff6918d-693a-4f9d-b154-ded16baf39a4-ContainerOp-e4f4775a-5ba1-419b-a816-9396b2a0ac6b-1] INFO  keyvalue.KeyValueContainer (KeyValueContainer.java:flushAndSyncDB(514)) - Synced container: KeyValueContainerData #7 (CLOSING, non-empty, ri=0, origin=[dn_fff6918d-693a-4f9d-b154-ded16baf39a4, pipeline_e4f4775a-5ba1-419b-a816-9396b2a0ac6b])
2025-07-02 18:52:46,605 [scmNode-2-FixedThreadPoolWithAffinityExecutor-1-0] INFO  container.IncrementalContainerReportHandler (AbstractContainerReportHandler.java:updateContainerState(253)) - FINALIZE (i.e. CLOSING) Container #7 (OPEN, sid=179) r0 (CLOSING, bcsid=179, origin=fff6918d-693a-4f9d-b154-ded16baf39a4, non-empty) from dn fff6918d-693a-4f9d-b154-ded16baf39a4(localhost/127.0.0.1)
2025-07-02 18:52:46,605 [scmNode-2-FixedThreadPoolWithAffinityExecutor-1-0] INFO  container.IncrementalContainerReportHandler (IncrementalContainerReportHandler.java:processICR(116)) - SCM_NOT_LEADER: Failed to process Container #7 (OPEN, sid=179) r0 (CLOSING, bcsid=179, origin=fff6918d-693a-4f9d-b154-ded16baf39a4, non-empty) from dn fff6918d-693a-4f9d-b154-ded16baf39a4(localhost/127.0.0.1)
2025-07-02 18:52:46,606 [scmNode-3-FixedThreadPoolWithAffinityExecutor-1-0] INFO  container.IncrementalContainerReportHandler (AbstractContainerReportHandler.java:updateContainerState(253)) - FINALIZE (i.e. CLOSING) Container #7 (OPEN, sid=179) r0 (CLOSING, bcsid=179, origin=fff6918d-693a-4f9d-b154-ded16baf39a4, non-empty) from dn fff6918d-693a-4f9d-b154-ded16baf39a4(localhost/127.0.0.1)
2025-07-02 18:52:46,606 [97a6755e-86fd-4537-91b3-54c33d4d83bf-ContainerOp-e4f4775a-5ba1-419b-a816-9396b2a0ac6b-2] INFO  keyvalue.KeyValueContainer (KeyValueContainer.java:flushAndSyncDB(514)) - Synced container: KeyValueContainerData #7 (CLOSING, non-empty, ri=0, origin=[dn_97a6755e-86fd-4537-91b3-54c33d4d83bf, pipeline_e4f4775a-5ba1-419b-a816-9396b2a0ac6b])
2025-07-02 18:52:46,606 [97a6755e-86fd-4537-91b3-54c33d4d83bf-ContainerOp-e4f4775a-5ba1-419b-a816-9396b2a0ac6b-2] INFO  keyvalue.KeyValueContainer (KeyValueContainer.java:flushAndSyncDB(514)) - Synced container: KeyValueContainerData #7 (CLOSING, non-empty, ri=0, origin=[dn_97a6755e-86fd-4537-91b3-54c33d4d83bf, pipeline_e4f4775a-5ba1-419b-a816-9396b2a0ac6b])
2025-07-02 18:52:46,608 [scmNode-3-FixedThreadPoolWithAffinityExecutor-1-0] INFO  container.IncrementalContainerReportHandler (IncrementalContainerReportHandler.java:processICR(116)) - SCM_NOT_LEADER: Failed to process Container #7 (OPEN, sid=179) r0 (CLOSING, bcsid=179, origin=fff6918d-693a-4f9d-b154-ded16baf39a4, non-empty) from dn fff6918d-693a-4f9d-b154-ded16baf39a4(localhost/127.0.0.1)
2025-07-02 18:52:46,608 [scmNode-3-FixedThreadPoolWithAffinityExecutor-1-0] INFO  container.IncrementalContainerReportHandler (AbstractContainerReportHandler.java:updateContainerState(253)) - FINALIZE (i.e. CLOSING) Container #7 (OPEN, sid=179) r0 (CLOSING, bcsid=179, origin=97a6755e-86fd-4537-91b3-54c33d4d83bf, non-empty) from dn 97a6755e-86fd-4537-91b3-54c33d4d83bf(localhost/127.0.0.1)
2025-07-02 18:52:46,610 [scmNode-3-FixedThreadPoolWithAffinityExecutor-1-0] INFO  container.IncrementalContainerReportHandler (IncrementalContainerReportHandler.java:processICR(116)) - SCM_NOT_LEADER: Failed to process Container #7 (OPEN, sid=179) r0 (CLOSING, bcsid=179, origin=97a6755e-86fd-4537-91b3-54c33d4d83bf, non-empty) from dn 97a6755e-86fd-4537-91b3-54c33d4d83bf(localhost/127.0.0.1)
2025-07-02 18:52:46,611 [97a6755e-86fd-4537-91b3-54c33d4d83bf-ContainerOp-e4f4775a-5ba1-419b-a816-9396b2a0ac6b-2] INFO  keyvalue.KeyValueContainer (KeyValueContainer.java:close(430)) - Closed container: KeyValueContainerData #7 (CLOSED, non-empty, ri=0, origin=[dn_97a6755e-86fd-4537-91b3-54c33d4d83bf, pipeline_e4f4775a-5ba1-419b-a816-9396b2a0ac6b])
2025-07-02 18:52:46,611 [scmNode-2-FixedThreadPoolWithAffinityExecutor-1-0] INFO  container.IncrementalContainerReportHandler (AbstractContainerReportHandler.java:updateContainerState(253)) - FINALIZE (i.e. CLOSING) Container #7 (OPEN, sid=179) r0 (CLOSING, bcsid=179, origin=97a6755e-86fd-4537-91b3-54c33d4d83bf, non-empty) from dn 97a6755e-86fd-4537-91b3-54c33d4d83bf(localhost/127.0.0.1)
2025-07-02 18:52:46,612 [a1153de0-65c4-400c-ae9f-71c02a590f14-ContainerOp-e4f4775a-5ba1-419b-a816-9396b2a0ac6b-1] INFO  keyvalue.KeyValueContainer (KeyValueContainer.java:flushAndSyncDB(514)) - Synced container: KeyValueContainerData #7 (CLOSING, non-empty, ri=0, origin=[dn_a1153de0-65c4-400c-ae9f-71c02a590f14, pipeline_e4f4775a-5ba1-419b-a816-9396b2a0ac6b])
2025-07-02 18:52:46,612 [scmNode-2-FixedThreadPoolWithAffinityExecutor-8-0] INFO  container.IncrementalContainerReportHandler (AbstractContainerReportHandler.java:updateContainerState(253)) - FINALIZE (i.e. CLOSING) Container #7 (OPEN, sid=179) r0 (CLOSING, bcsid=179, origin=a1153de0-65c4-400c-ae9f-71c02a590f14, non-empty) from dn a1153de0-65c4-400c-ae9f-71c02a590f14(localhost/127.0.0.1)
2025-07-02 18:52:46,612 [scmNode-2-FixedThreadPoolWithAffinityExecutor-1-0] INFO  container.IncrementalContainerReportHandler (IncrementalContainerReportHandler.java:processICR(116)) - SCM_NOT_LEADER: Failed to process Container #7 (OPEN, sid=179) r0 (CLOSING, bcsid=179, origin=97a6755e-86fd-4537-91b3-54c33d4d83bf, non-empty) from dn 97a6755e-86fd-4537-91b3-54c33d4d83bf(localhost/127.0.0.1)
2025-07-02 18:52:46,614 [scmNode-2-FixedThreadPoolWithAffinityExecutor-1-0] INFO  container.IncrementalContainerReportHandler (AbstractContainerReportHandler.java:updateContainerState(253)) - FINALIZE (i.e. CLOSING) Container #7 (OPEN, sid=179) r0 (CLOSED, bcsid=179, origin=97a6755e-86fd-4537-91b3-54c33d4d83bf, non-empty) from dn 97a6755e-86fd-4537-91b3-54c33d4d83bf(localhost/127.0.0.1)
2025-07-02 18:52:46,615 [scmNode-2-FixedThreadPoolWithAffinityExecutor-1-0] INFO  container.IncrementalContainerReportHandler (IncrementalContainerReportHandler.java:processICR(116)) - SCM_NOT_LEADER: Failed to process Container #7 (OPEN, sid=179) r0 (CLOSED, bcsid=179, origin=97a6755e-86fd-4537-91b3-54c33d4d83bf, non-empty) from dn 97a6755e-86fd-4537-91b3-54c33d4d83bf(localhost/127.0.0.1)
2025-07-02 18:52:46,614 [scmNode-1-FixedThreadPoolWithAffinityExecutor-1-0] INFO  container.IncrementalContainerReportHandler (AbstractContainerReportHandler.java:updateContainerState(289)) - CLOSE Container #7 (CLOSING, sid=179) r0 (CLOSED, bcsid=179, origin=97a6755e-86fd-4537-91b3-54c33d4d83bf, non-empty) from dn 97a6755e-86fd-4537-91b3-54c33d4d83bf(localhost/127.0.0.1)
2025-07-02 18:52:46,615 [scmNode-3-FixedThreadPoolWithAffinityExecutor-8-0] INFO  container.IncrementalContainerReportHandler (AbstractContainerReportHandler.java:updateContainerState(253)) - FINALIZE (i.e. CLOSING) Container #7 (OPEN, sid=179) r0 (CLOSING, bcsid=179, origin=a1153de0-65c4-400c-ae9f-71c02a590f14, non-empty) from dn a1153de0-65c4-400c-ae9f-71c02a590f14(localhost/127.0.0.1)
2025-07-02 18:52:46,612 [scmNode-2-FixedThreadPoolWithAffinityExecutor-8-0] INFO  container.IncrementalContainerReportHandler (IncrementalContainerReportHandler.java:processICR(116)) - SCM_NOT_LEADER: Failed to process Container #7 (OPEN, sid=179) r0 (CLOSING, bcsid=179, origin=a1153de0-65c4-400c-ae9f-71c02a590f14, non-empty) from dn a1153de0-65c4-400c-ae9f-71c02a590f14(localhost/127.0.0.1)
2025-07-02 18:52:46,612 [a1153de0-65c4-400c-ae9f-71c02a590f14-ContainerOp-e4f4775a-5ba1-419b-a816-9396b2a0ac6b-1] INFO  keyvalue.KeyValueContainer (KeyValueContainer.java:flushAndSyncDB(514)) - Synced container: KeyValueContainerData #7 (CLOSING, non-empty, ri=0, origin=[dn_a1153de0-65c4-400c-ae9f-71c02a590f14, pipeline_e4f4775a-5ba1-419b-a816-9396b2a0ac6b])
2025-07-02 18:52:46,616 [scmNode-3-FixedThreadPoolWithAffinityExecutor-8-0] INFO  container.IncrementalContainerReportHandler (IncrementalContainerReportHandler.java:processICR(116)) - SCM_NOT_LEADER: Failed to process Container #7 (OPEN, sid=179) r0 (CLOSING, bcsid=179, origin=a1153de0-65c4-400c-ae9f-71c02a590f14, non-empty) from dn a1153de0-65c4-400c-ae9f-71c02a590f14(localhost/127.0.0.1)
2025-07-02 18:52:46,616 [scmNode-3-FixedThreadPoolWithAffinityExecutor-1-0] INFO  container.IncrementalContainerReportHandler (AbstractContainerReportHandler.java:updateContainerState(253)) - FINALIZE (i.e. CLOSING) Container #7 (OPEN, sid=179) r0 (CLOSED, bcsid=179, origin=97a6755e-86fd-4537-91b3-54c33d4d83bf, non-empty) from dn 97a6755e-86fd-4537-91b3-54c33d4d83bf(localhost/127.0.0.1)
2025-07-02 18:52:46,617 [scmNode-3-FixedThreadPoolWithAffinityExecutor-1-0] INFO  container.IncrementalContainerReportHandler (IncrementalContainerReportHandler.java:processICR(116)) - SCM_NOT_LEADER: Failed to process Container #7 (OPEN, sid=179) r0 (CLOSED, bcsid=179, origin=97a6755e-86fd-4537-91b3-54c33d4d83bf, non-empty) from dn 97a6755e-86fd-4537-91b3-54c33d4d83bf(localhost/127.0.0.1)
2025-07-02 18:52:46,619 [fff6918d-693a-4f9d-b154-ded16baf39a4-ContainerOp-e4f4775a-5ba1-419b-a816-9396b2a0ac6b-1] INFO  keyvalue.KeyValueContainer (KeyValueContainer.java:close(430)) - Closed container: KeyValueContainerData #7 (CLOSED, non-empty, ri=0, origin=[dn_fff6918d-693a-4f9d-b154-ded16baf39a4, pipeline_e4f4775a-5ba1-419b-a816-9396b2a0ac6b])
2025-07-02 18:52:46,624 [scmNode-2-FixedThreadPoolWithAffinityExecutor-1-0] INFO  container.IncrementalContainerReportHandler (AbstractContainerReportHandler.java:updateContainerState(253)) - FINALIZE (i.e. CLOSING) Container #7 (OPEN, sid=179) r0 (CLOSED, bcsid=179, origin=fff6918d-693a-4f9d-b154-ded16baf39a4, non-empty) from dn fff6918d-693a-4f9d-b154-ded16baf39a4(localhost/127.0.0.1)
2025-07-02 18:52:46,624 [scmNode-2-FixedThreadPoolWithAffinityExecutor-1-0] INFO  container.IncrementalContainerReportHandler (IncrementalContainerReportHandler.java:processICR(116)) - SCM_NOT_LEADER: Failed to process Container #7 (OPEN, sid=179) r0 (CLOSED, bcsid=179, origin=fff6918d-693a-4f9d-b154-ded16baf39a4, non-empty) from dn fff6918d-693a-4f9d-b154-ded16baf39a4(localhost/127.0.0.1)
2025-07-02 18:52:46,627 [scmNode-3-FixedThreadPoolWithAffinityExecutor-1-0] INFO  container.IncrementalContainerReportHandler (AbstractContainerReportHandler.java:updateContainerState(289)) - CLOSE Container #7 (CLOSING, sid=179) r0 (CLOSED, bcsid=179, origin=fff6918d-693a-4f9d-b154-ded16baf39a4, non-empty) from dn fff6918d-693a-4f9d-b154-ded16baf39a4(localhost/127.0.0.1)
2025-07-02 18:52:46,627 [scmNode-3-FixedThreadPoolWithAffinityExecutor-1-0] INFO  container.IncrementalContainerReportHandler (IncrementalContainerReportHandler.java:processICR(116)) - SCM_NOT_LEADER: Failed to process Container #7 (CLOSING, sid=179) r0 (CLOSED, bcsid=179, origin=fff6918d-693a-4f9d-b154-ded16baf39a4, non-empty) from dn fff6918d-693a-4f9d-b154-ded16baf39a4(localhost/127.0.0.1)
2025-07-02 18:52:46,629 [a1153de0-65c4-400c-ae9f-71c02a590f14-ContainerOp-e4f4775a-5ba1-419b-a816-9396b2a0ac6b-1] INFO  keyvalue.KeyValueContainer (KeyValueContainer.java:close(430)) - Closed container: KeyValueContainerData #7 (CLOSED, non-empty, ri=0, origin=[dn_a1153de0-65c4-400c-ae9f-71c02a590f14, pipeline_e4f4775a-5ba1-419b-a816-9396b2a0ac6b])
2025-07-02 18:52:46,630 [scmNode-2-FixedThreadPoolWithAffinityExecutor-8-0] INFO  container.IncrementalContainerReportHandler (AbstractContainerReportHandler.java:updateContainerState(289)) - CLOSE Container #7 (CLOSING, sid=179) r0 (CLOSED, bcsid=179, origin=a1153de0-65c4-400c-ae9f-71c02a590f14, non-empty) from dn a1153de0-65c4-400c-ae9f-71c02a590f14(localhost/127.0.0.1)
2025-07-02 18:52:46,631 [scmNode-3-FixedThreadPoolWithAffinityExecutor-8-0] INFO  container.IncrementalContainerReportHandler (AbstractContainerReportHandler.java:updateContainerState(289)) - CLOSE Container #7 (CLOSING, sid=179) r0 (CLOSED, bcsid=179, origin=a1153de0-65c4-400c-ae9f-71c02a590f14, non-empty) from dn a1153de0-65c4-400c-ae9f-71c02a590f14(localhost/127.0.0.1)
2025-07-02 18:52:46,632 [scmNode-2-FixedThreadPoolWithAffinityExecutor-8-0] INFO  container.IncrementalContainerReportHandler (IncrementalContainerReportHandler.java:processICR(116)) - SCM_NOT_LEADER: Failed to process Container #7 (CLOSING, sid=179) r0 (CLOSED, bcsid=179, origin=a1153de0-65c4-400c-ae9f-71c02a590f14, non-empty) from dn a1153de0-65c4-400c-ae9f-71c02a590f14(localhost/127.0.0.1)
2025-07-02 18:52:46,632 [scmNode-3-FixedThreadPoolWithAffinityExecutor-8-0] INFO  container.IncrementalContainerReportHandler (IncrementalContainerReportHandler.java:processICR(116)) - SCM_NOT_LEADER: Failed to process Container #7 (CLOSING, sid=179) r0 (CLOSED, bcsid=179, origin=a1153de0-65c4-400c-ae9f-71c02a590f14, non-empty) from dn a1153de0-65c4-400c-ae9f-71c02a590f14(localhost/127.0.0.1)
2025-07-02 18:52:47,622 [scmNode-3-FixedThreadPoolWithAffinityExecutor-1-0] INFO  container.ContainerReportHandler (AbstractContainerReportHandler.java:updateContainerState(289)) - CLOSE Container #7 (CLOSING, sid=179) r0 (CLOSED, bcsid=179, origin=fff6918d-693a-4f9d-b154-ded16baf39a4, non-empty) from dn fff6918d-693a-4f9d-b154-ded16baf39a4(localhost/127.0.0.1)
2025-07-02 18:52:47,622 [scmNode-2-FixedThreadPoolWithAffinityExecutor-1-0] INFO  container.ContainerReportHandler (AbstractContainerReportHandler.java:updateContainerState(289)) - CLOSE Container #7 (CLOSING, sid=179) r0 (CLOSED, bcsid=179, origin=fff6918d-693a-4f9d-b154-ded16baf39a4, non-empty) from dn fff6918d-693a-4f9d-b154-ded16baf39a4(localhost/127.0.0.1)
2025-07-02 18:52:47,622 [scmNode-3-FixedThreadPoolWithAffinityExecutor-1-0] ERROR container.ContainerReportHandler (ContainerReportHandler.java:processSingleReplica(231)) - Failed to process Container #7 (CLOSING, sid=179) r0 (CLOSED, bcsid=179, origin=fff6918d-693a-4f9d-b154-ded16baf39a4, non-empty) from dn fff6918d-693a-4f9d-b154-ded16baf39a4(localhost/127.0.0.1)
org.apache.hadoop.hdds.scm.exceptions.SCMException: org.apache.ratis.protocol.exceptions.NotLeaderException: Server ca181966-e7f6-4c77-8344-65416d18d1f8@group-F629F00B5E08 is not the leader, suggested leader is: 0570d27e-7557-449b-949c-3e7f7fc57b05|localhost:15003
	at org.apache.hadoop.hdds.scm.ha.SCMHAInvocationHandler.translateException(SCMHAInvocationHandler.java:163)
	at org.apache.hadoop.hdds.scm.ha.SCMHAInvocationHandler.invokeRatis(SCMHAInvocationHandler.java:113)
	at org.apache.hadoop.hdds.scm.ha.SCMHAInvocationHandler.invoke(SCMHAInvocationHandler.java:72)
	at jdk.proxy2/jdk.proxy2.$Proxy48.updateContainerState(Unknown Source)
	at org.apache.hadoop.hdds.scm.container.ContainerManagerImpl.updateContainerState(ContainerManagerImpl.java:284)
	at org.apache.hadoop.hdds.scm.container.AbstractContainerReportHandler.updateContainerState(AbstractContainerReportHandler.java:290)
	at org.apache.hadoop.hdds.scm.container.AbstractContainerReportHandler.processContainerReplica(AbstractContainerReportHandler.java:115)
	at org.apache.hadoop.hdds.scm.container.ContainerReportHandler.processSingleReplica(ContainerReportHandler.java:229)
	at org.apache.hadoop.hdds.scm.container.ContainerReportHandler.onMessage(ContainerReportHandler.java:181)
	at org.apache.hadoop.hdds.scm.container.ContainerReportHandler.onMessage(ContainerReportHandler.java:44)
	at org.apache.hadoop.hdds.server.events.FixedThreadPoolWithAffinityExecutor$ContainerReportProcessTask.run(FixedThreadPoolWithAffinityExecutor.java:257)
	at java.base/java.util.concurrent.Executors$RunnableAdapter.call(Executors.java:572)
	at java.base/java.util.concurrent.FutureTask.run(FutureTask.java:317)
	at java.base/java.util.concurrent.ThreadPoolExecutor.runWorker(ThreadPoolExecutor.java:1144)
	at java.base/java.util.concurrent.ThreadPoolExecutor$Worker.run(ThreadPoolExecutor.java:642)
	at java.base/java.lang.Thread.run(Thread.java:1583)
Caused by: org.apache.ratis.protocol.exceptions.NotLeaderException: Server ca181966-e7f6-4c77-8344-65416d18d1f8@group-F629F00B5E08 is not the leader, suggested leader is: 0570d27e-7557-449b-949c-3e7f7fc57b05|localhost:15003
	at org.apache.ratis.server.impl.RaftServerImpl.generateNotLeaderException(RaftServerImpl.java:804)
	at org.apache.ratis.server.impl.RaftServerImpl.checkLeaderState(RaftServerImpl.java:769)
	at org.apache.ratis.server.impl.RaftServerImpl.checkLeaderState(RaftServerImpl.java:755)
	at org.apache.ratis.server.impl.RaftServerImpl.writeAsyncImpl(RaftServerImpl.java:972)
	at org.apache.ratis.server.impl.RaftServerImpl.writeAsync(RaftServerImpl.java:960)
	at org.apache.ratis.server.impl.RaftServerImpl.replyFuture(RaftServerImpl.java:953)
	at org.apache.ratis.server.impl.RaftServerImpl.submitClientRequestAsync(RaftServerImpl.java:930)
	at org.apache.ratis.server.impl.RaftServerImpl.lambda$null$11(RaftServerImpl.java:919)
	at org.apache.ratis.util.JavaUtils.callAsUnchecked(JavaUtils.java:118)
	at org.apache.ratis.server.impl.RaftServerImpl.lambda$executeSubmitClientRequestAsync$12(RaftServerImpl.java:919)
	at java.base/java.util.concurrent.CompletableFuture$AsyncSupply.run(CompletableFuture.java:1768)
	... 3 more
2025-07-02 18:52:47,623 [scmNode-2-FixedThreadPoolWithAffinityExecutor-1-0] ERROR container.ContainerReportHandler (ContainerReportHandler.java:processSingleReplica(231)) - Failed to process Container #7 (CLOSING, sid=179) r0 (CLOSED, bcsid=179, origin=fff6918d-693a-4f9d-b154-ded16baf39a4, non-empty) from dn fff6918d-693a-4f9d-b154-ded16baf39a4(localhost/127.0.0.1)
org.apache.hadoop.hdds.scm.exceptions.SCMException: org.apache.ratis.protocol.exceptions.NotLeaderException: Server 4680a024-3a59-4e75-8ac7-1755b08d3543@group-F629F00B5E08 is not the leader, suggested leader is: 0570d27e-7557-449b-949c-3e7f7fc57b05|localhost:15003
	at org.apache.hadoop.hdds.scm.ha.SCMHAInvocationHandler.translateException(SCMHAInvocationHandler.java:163)
	at org.apache.hadoop.hdds.scm.ha.SCMHAInvocationHandler.invokeRatis(SCMHAInvocationHandler.java:113)
	at org.apache.hadoop.hdds.scm.ha.SCMHAInvocationHandler.invoke(SCMHAInvocationHandler.java:72)
	at jdk.proxy2/jdk.proxy2.$Proxy48.updateContainerState(Unknown Source)
	at org.apache.hadoop.hdds.scm.container.ContainerManagerImpl.updateContainerState(ContainerManagerImpl.java:284)
	at org.apache.hadoop.hdds.scm.container.AbstractContainerReportHandler.updateContainerState(AbstractContainerReportHandler.java:290)
	at org.apache.hadoop.hdds.scm.container.AbstractContainerReportHandler.processContainerReplica(AbstractContainerReportHandler.java:115)
	at org.apache.hadoop.hdds.scm.container.ContainerReportHandler.processSingleReplica(ContainerReportHandler.java:229)
	at org.apache.hadoop.hdds.scm.container.ContainerReportHandler.onMessage(ContainerReportHandler.java:181)
	at org.apache.hadoop.hdds.scm.container.ContainerReportHandler.onMessage(ContainerReportHandler.java:44)
	at org.apache.hadoop.hdds.server.events.FixedThreadPoolWithAffinityExecutor$ContainerReportProcessTask.run(FixedThreadPoolWithAffinityExecutor.java:257)
	at java.base/java.util.concurrent.Executors$RunnableAdapter.call(Executors.java:572)
	at java.base/java.util.concurrent.FutureTask.run(FutureTask.java:317)
	at java.base/java.util.concurrent.ThreadPoolExecutor.runWorker(ThreadPoolExecutor.java:1144)
	at java.base/java.util.concurrent.ThreadPoolExecutor$Worker.run(ThreadPoolExecutor.java:642)
	at java.base/java.lang.Thread.run(Thread.java:1583)
Caused by: org.apache.ratis.protocol.exceptions.NotLeaderException: Server 4680a024-3a59-4e75-8ac7-1755b08d3543@group-F629F00B5E08 is not the leader, suggested leader is: 0570d27e-7557-449b-949c-3e7f7fc57b05|localhost:15003
	at org.apache.ratis.server.impl.RaftServerImpl.generateNotLeaderException(RaftServerImpl.java:804)
	at org.apache.ratis.server.impl.RaftServerImpl.checkLeaderState(RaftServerImpl.java:769)
	at org.apache.ratis.server.impl.RaftServerImpl.checkLeaderState(RaftServerImpl.java:755)
	at org.apache.ratis.server.impl.RaftServerImpl.writeAsyncImpl(RaftServerImpl.java:972)
	at org.apache.ratis.server.impl.RaftServerImpl.writeAsync(RaftServerImpl.java:960)
	at org.apache.ratis.server.impl.RaftServerImpl.replyFuture(RaftServerImpl.java:953)
	at org.apache.ratis.server.impl.RaftServerImpl.submitClientRequestAsync(RaftServerImpl.java:930)
	at org.apache.ratis.server.impl.RaftServerImpl.lambda$null$11(RaftServerImpl.java:919)
	at org.apache.ratis.util.JavaUtils.callAsUnchecked(JavaUtils.java:118)
	at org.apache.ratis.server.impl.RaftServerImpl.lambda$executeSubmitClientRequestAsync$12(RaftServerImpl.java:919)
	at java.base/java.util.concurrent.CompletableFuture$AsyncSupply.run(CompletableFuture.java:1768)
	... 3 more
2025-07-02 18:52:48,631 [scmNode-3-FixedThreadPoolWithAffinityExecutor-8-0] INFO  container.ContainerReportHandler (AbstractContainerReportHandler.java:updateContainerState(289)) - CLOSE Container #7 (CLOSING, sid=179) r0 (CLOSED, bcsid=179, origin=a1153de0-65c4-400c-ae9f-71c02a590f14, non-empty) from dn a1153de0-65c4-400c-ae9f-71c02a590f14(localhost/127.0.0.1)
2025-07-02 18:52:48,632 [scmNode-2-FixedThreadPoolWithAffinityExecutor-8-0] INFO  container.ContainerReportHandler (AbstractContainerReportHandler.java:updateContainerState(289)) - CLOSE Container #7 (CLOSING, sid=179) r0 (CLOSED, bcsid=179, origin=a1153de0-65c4-400c-ae9f-71c02a590f14, non-empty) from dn a1153de0-65c4-400c-ae9f-71c02a590f14(localhost/127.0.0.1)
2025-07-02 18:52:48,632 [scmNode-3-FixedThreadPoolWithAffinityExecutor-8-0] ERROR container.ContainerReportHandler (ContainerReportHandler.java:processSingleReplica(231)) - Failed to process Container #7 (CLOSING, sid=179) r0 (CLOSED, bcsid=179, origin=a1153de0-65c4-400c-ae9f-71c02a590f14, non-empty) from dn a1153de0-65c4-400c-ae9f-71c02a590f14(localhost/127.0.0.1)
org.apache.hadoop.hdds.scm.exceptions.SCMException: org.apache.ratis.protocol.exceptions.NotLeaderException: Server ca181966-e7f6-4c77-8344-65416d18d1f8@group-F629F00B5E08 is not the leader, suggested leader is: 0570d27e-7557-449b-949c-3e7f7fc57b05|localhost:15003
	at org.apache.hadoop.hdds.scm.ha.SCMHAInvocationHandler.translateException(SCMHAInvocationHandler.java:163)
	at org.apache.hadoop.hdds.scm.ha.SCMHAInvocationHandler.invokeRatis(SCMHAInvocationHandler.java:113)
	at org.apache.hadoop.hdds.scm.ha.SCMHAInvocationHandler.invoke(SCMHAInvocationHandler.java:72)
	at jdk.proxy2/jdk.proxy2.$Proxy48.updateContainerState(Unknown Source)
	at org.apache.hadoop.hdds.scm.container.ContainerManagerImpl.updateContainerState(ContainerManagerImpl.java:284)
	at org.apache.hadoop.hdds.scm.container.AbstractContainerReportHandler.updateContainerState(AbstractContainerReportHandler.java:290)
	at org.apache.hadoop.hdds.scm.container.AbstractContainerReportHandler.processContainerReplica(AbstractContainerReportHandler.java:115)
	at org.apache.hadoop.hdds.scm.container.ContainerReportHandler.processSingleReplica(ContainerReportHandler.java:229)
	at org.apache.hadoop.hdds.scm.container.ContainerReportHandler.onMessage(ContainerReportHandler.java:181)
	at org.apache.hadoop.hdds.scm.container.ContainerReportHandler.onMessage(ContainerReportHandler.java:44)
	at org.apache.hadoop.hdds.server.events.FixedThreadPoolWithAffinityExecutor$ContainerReportProcessTask.run(FixedThreadPoolWithAffinityExecutor.java:257)
	at java.base/java.util.concurrent.Executors$RunnableAdapter.call(Executors.java:572)
	at java.base/java.util.concurrent.FutureTask.run(FutureTask.java:317)
	at java.base/java.util.concurrent.ThreadPoolExecutor.runWorker(ThreadPoolExecutor.java:1144)
	at java.base/java.util.concurrent.ThreadPoolExecutor$Worker.run(ThreadPoolExecutor.java:642)
	at java.base/java.lang.Thread.run(Thread.java:1583)
Caused by: org.apache.ratis.protocol.exceptions.NotLeaderException: Server ca181966-e7f6-4c77-8344-65416d18d1f8@group-F629F00B5E08 is not the leader, suggested leader is: 0570d27e-7557-449b-949c-3e7f7fc57b05|localhost:15003
	at org.apache.ratis.server.impl.RaftServerImpl.generateNotLeaderException(RaftServerImpl.java:804)
	at org.apache.ratis.server.impl.RaftServerImpl.checkLeaderState(RaftServerImpl.java:769)
	at org.apache.ratis.server.impl.RaftServerImpl.checkLeaderState(RaftServerImpl.java:755)
	at org.apache.ratis.server.impl.RaftServerImpl.writeAsyncImpl(RaftServerImpl.java:972)
	at org.apache.ratis.server.impl.RaftServerImpl.writeAsync(RaftServerImpl.java:960)
	at org.apache.ratis.server.impl.RaftServerImpl.replyFuture(RaftServerImpl.java:953)
	at org.apache.ratis.server.impl.RaftServerImpl.submitClientRequestAsync(RaftServerImpl.java:930)
	at org.apache.ratis.server.impl.RaftServerImpl.lambda$null$11(RaftServerImpl.java:919)
	at org.apache.ratis.util.JavaUtils.callAsUnchecked(JavaUtils.java:118)
	at org.apache.ratis.server.impl.RaftServerImpl.lambda$executeSubmitClientRequestAsync$12(RaftServerImpl.java:919)
	at java.base/java.util.concurrent.CompletableFuture$AsyncSupply.run(CompletableFuture.java:1768)
	... 3 more
2025-07-02 18:52:48,633 [scmNode-2-FixedThreadPoolWithAffinityExecutor-8-0] ERROR container.ContainerReportHandler (ContainerReportHandler.java:processSingleReplica(231)) - Failed to process Container #7 (CLOSING, sid=179) r0 (CLOSED, bcsid=179, origin=a1153de0-65c4-400c-ae9f-71c02a590f14, non-empty) from dn a1153de0-65c4-400c-ae9f-71c02a590f14(localhost/127.0.0.1)
org.apache.hadoop.hdds.scm.exceptions.SCMException: org.apache.ratis.protocol.exceptions.NotLeaderException: Server 4680a024-3a59-4e75-8ac7-1755b08d3543@group-F629F00B5E08 is not the leader, suggested leader is: 0570d27e-7557-449b-949c-3e7f7fc57b05|localhost:15003
	at org.apache.hadoop.hdds.scm.ha.SCMHAInvocationHandler.translateException(SCMHAInvocationHandler.java:163)
	at org.apache.hadoop.hdds.scm.ha.SCMHAInvocationHandler.invokeRatis(SCMHAInvocationHandler.java:113)
	at org.apache.hadoop.hdds.scm.ha.SCMHAInvocationHandler.invoke(SCMHAInvocationHandler.java:72)
	at jdk.proxy2/jdk.proxy2.$Proxy48.updateContainerState(Unknown Source)
	at org.apache.hadoop.hdds.scm.container.ContainerManagerImpl.updateContainerState(ContainerManagerImpl.java:284)
	at org.apache.hadoop.hdds.scm.container.AbstractContainerReportHandler.updateContainerState(AbstractContainerReportHandler.java:290)
	at org.apache.hadoop.hdds.scm.container.AbstractContainerReportHandler.processContainerReplica(AbstractContainerReportHandler.java:115)
	at org.apache.hadoop.hdds.scm.container.ContainerReportHandler.processSingleReplica(ContainerReportHandler.java:229)
	at org.apache.hadoop.hdds.scm.container.ContainerReportHandler.onMessage(ContainerReportHandler.java:181)
	at org.apache.hadoop.hdds.scm.container.ContainerReportHandler.onMessage(ContainerReportHandler.java:44)
	at org.apache.hadoop.hdds.server.events.FixedThreadPoolWithAffinityExecutor$ContainerReportProcessTask.run(FixedThreadPoolWithAffinityExecutor.java:257)
	at java.base/java.util.concurrent.Executors$RunnableAdapter.call(Executors.java:572)
	at java.base/java.util.concurrent.FutureTask.run(FutureTask.java:317)
	at java.base/java.util.concurrent.ThreadPoolExecutor.runWorker(ThreadPoolExecutor.java:1144)
	at java.base/java.util.concurrent.ThreadPoolExecutor$Worker.run(ThreadPoolExecutor.java:642)
	at java.base/java.lang.Thread.run(Thread.java:1583)
Caused by: org.apache.ratis.protocol.exceptions.NotLeaderException: Server 4680a024-3a59-4e75-8ac7-1755b08d3543@group-F629F00B5E08 is not the leader, suggested leader is: 0570d27e-7557-449b-949c-3e7f7fc57b05|localhost:15003
	at org.apache.ratis.server.impl.RaftServerImpl.generateNotLeaderException(RaftServerImpl.java:804)
	at org.apache.ratis.server.impl.RaftServerImpl.checkLeaderState(RaftServerImpl.java:769)
	at org.apache.ratis.server.impl.RaftServerImpl.checkLeaderState(RaftServerImpl.java:755)
	at org.apache.ratis.server.impl.RaftServerImpl.writeAsyncImpl(RaftServerImpl.java:972)
	at org.apache.ratis.server.impl.RaftServerImpl.writeAsync(RaftServerImpl.java:960)
	at org.apache.ratis.server.impl.RaftServerImpl.replyFuture(RaftServerImpl.java:953)
	at org.apache.ratis.server.impl.RaftServerImpl.submitClientRequestAsync(RaftServerImpl.java:930)
	at org.apache.ratis.server.impl.RaftServerImpl.lambda$null$11(RaftServerImpl.java:919)
	at org.apache.ratis.util.JavaUtils.callAsUnchecked(JavaUtils.java:118)
	at org.apache.ratis.server.impl.RaftServerImpl.lambda$executeSubmitClientRequestAsync$12(RaftServerImpl.java:919)
	at java.base/java.util.concurrent.CompletableFuture$AsyncSupply.run(CompletableFuture.java:1768)
	... 3 more
2025-07-02 18:52:49,536 [a1153de0-65c4-400c-ae9f-71c02a590f14-ChunkReader-0] ERROR keyvalue.KeyValueHandler (KeyValueHandler.java:handleGetContainerChecksumInfo(765)) - Error occurred when reading checksum file for container 7
java.nio.file.NoSuchFileException: Checksum file does not exist for container #7
	at org.apache.hadoop.ozone.container.checksum.ContainerChecksumTreeManager.getContainerChecksumInfo(ContainerChecksumTreeManager.java:408)
	at org.apache.hadoop.ozone.container.keyvalue.KeyValueHandler.handleGetContainerChecksumInfo(KeyValueHandler.java:762)
	at org.apache.hadoop.ozone.container.keyvalue.KeyValueHandler.dispatchRequest(KeyValueHandler.java:361)
	at org.apache.hadoop.ozone.container.keyvalue.KeyValueHandler.handle(KeyValueHandler.java:293)
	at org.apache.hadoop.ozone.container.common.impl.HddsDispatcher.dispatchRequest(HddsDispatcher.java:365)
	at org.apache.hadoop.ozone.container.common.impl.HddsDispatcher.lambda$dispatch$1(HddsDispatcher.java:190)
	at org.apache.hadoop.hdds.server.OzoneProtocolMessageDispatcher.processRequest(OzoneProtocolMessageDispatcher.java:87)
	at org.apache.hadoop.ozone.container.common.impl.HddsDispatcher.dispatch(HddsDispatcher.java:189)
	at org.apache.hadoop.ozone.container.common.transport.server.GrpcXceiverService$1.onNext(GrpcXceiverService.java:107)
	at org.apache.hadoop.ozone.container.common.transport.server.GrpcXceiverService$1.onNext(GrpcXceiverService.java:96)
	at org.apache.ratis.thirdparty.io.grpc.stub.ServerCalls$StreamingServerCallHandler$StreamingServerCallListener.onMessage(ServerCalls.java:262)
	at org.apache.ratis.thirdparty.io.grpc.ForwardingServerCallListener.onMessage(ForwardingServerCallListener.java:33)
	at org.apache.hadoop.hdds.tracing.GrpcServerInterceptor$1.onMessage(GrpcServerInterceptor.java:49)
	at org.apache.ratis.thirdparty.io.grpc.internal.ServerCallImpl$ServerStreamListenerImpl.messagesAvailableInternal(ServerCallImpl.java:334)
	at org.apache.ratis.thirdparty.io.grpc.internal.ServerCallImpl$ServerStreamListenerImpl.messagesAvailable(ServerCallImpl.java:319)
	at org.apache.ratis.thirdparty.io.grpc.internal.ServerImpl$JumpToApplicationThreadServerStreamListener$1MessagesAvailable.runInContext(ServerImpl.java:834)
	at org.apache.ratis.thirdparty.io.grpc.internal.ContextRunnable.run(ContextRunnable.java:37)
	at org.apache.ratis.thirdparty.io.grpc.internal.SerializingExecutor.run(SerializingExecutor.java:133)
	at java.base/java.util.concurrent.ThreadPoolExecutor.runWorker(ThreadPoolExecutor.java:1144)
	at java.base/java.util.concurrent.ThreadPoolExecutor$Worker.run(ThreadPoolExecutor.java:642)
	at java.base/java.lang.Thread.run(Thread.java:1583)
2025-07-02T18:52:49.538411718Z a1153de0-65c4-400c-ae9f-71c02a590f14-ChunkReader-0 ERROR user=null | ip=null | op=GET_CONTAINER_CHECKSUM_INFO null | ret=FAILURE
java.lang.Exception: Checksum file does not exist for container #7
	at org.apache.hadoop.ozone.container.common.impl.HddsDispatcher.dispatchRequest(HddsDispatcher.java:439)
	at org.apache.hadoop.ozone.container.common.impl.HddsDispatcher.lambda$dispatch$1(HddsDispatcher.java:190)
	at org.apache.hadoop.hdds.server.OzoneProtocolMessageDispatcher.processRequest(OzoneProtocolMessageDispatcher.java:87)
	at org.apache.hadoop.ozone.container.common.impl.HddsDispatcher.dispatch(HddsDispatcher.java:189)
	at org.apache.hadoop.ozone.container.common.transport.server.GrpcXceiverService$1.onNext(GrpcXceiverService.java:107)
	at org.apache.hadoop.ozone.container.common.transport.server.GrpcXceiverService$1.onNext(GrpcXceiverService.java:96)
	at org.apache.ratis.thirdparty.io.grpc.stub.ServerCalls$StreamingServerCallHandler$StreamingServerCallListener.onMessage(ServerCalls.java:262)
	at org.apache.ratis.thirdparty.io.grpc.ForwardingServerCallListener.onMessage(ForwardingServerCallListener.java:33)
	at org.apache.hadoop.hdds.tracing.GrpcServerInterceptor$1.onMessage(GrpcServerInterceptor.java:49)
	at org.apache.ratis.thirdparty.io.grpc.internal.ServerCallImpl$ServerStreamListenerImpl.messagesAvailableInternal(ServerCallImpl.java:334)
	at org.apache.ratis.thirdparty.io.grpc.internal.ServerCallImpl$ServerStreamListenerImpl.messagesAvailable(ServerCallImpl.java:319)
	at org.apache.ratis.thirdparty.io.grpc.internal.ServerImpl$JumpToApplicationThreadServerStreamListener$1MessagesAvailable.runInContext(ServerImpl.java:834)
	at org.apache.ratis.thirdparty.io.grpc.internal.ContextRunnable.run(ContextRunnable.java:37)
	at org.apache.ratis.thirdparty.io.grpc.internal.SerializingExecutor.run(SerializingExecutor.java:133)
	at java.base/java.util.concurrent.ThreadPoolExecutor.runWorker(ThreadPoolExecutor.java:1144)
	at java.base/java.util.concurrent.ThreadPoolExecutor$Worker.run(ThreadPoolExecutor.java:642)
	at java.base/java.lang.Thread.run(Thread.java:1583)
2025-07-02 18:52:49,540 [main] WARN  scm.XceiverClientGrpc (XceiverClientGrpc.java:sendCommandWithRetry(503)) - Failed to execute command GetContainerChecksumInfo on the pipeline Pipeline{ Id: a1153de0-65c4-400c-ae9f-71c02a590f14, Nodes: [ {a1153de0-65c4-400c-ae9f-71c02a590f14(localhost/127.0.0.1), ReplicaIndex: 0},], ReplicationConfig: STANDALONE/ONE, State:CLOSED, leaderId:, CreationTimestamp2025-07-02T18:52:49.532172742Z[Etc/UTC]}.
]]></system-out>
  </testcase>
  <testcase name="testGetChecksumInfoOpenReplica" classname="org.apache.hadoop.ozone.dn.checksum.TestContainerCommandReconciliation" time="0.077">
    <system-out><![CDATA[2025-07-02 18:52:49,543 [main] INFO  rpc.RpcClient (RpcClient.java:createVolume(461)) - Creating Volume: 293f5af4-36ba-4645-bbd3-fdc5d5ad464d, with scm as owner and space quota set to -1 bytes, counts quota set to -1
2025-07-02 18:52:49,546 [om1-OMStateMachineApplyTransactionThread - 0] WARN  helpers.OzoneAclUtil (OzoneAclUtil.java:getDefaultAclList(68)) - Failed to get primary group from user scm (auth:SIMPLE)
2025-07-02 18:52:49,547 [om1-OMStateMachineApplyTransactionThread - 0] INFO  volume.OMVolumeCreateRequest (OMVolumeCreateRequest.java:validateAndUpdateCache(203)) - created volume:293f5af4-36ba-4645-bbd3-fdc5d5ad464d for user:scm
2025-07-02 18:52:49,549 [main] INFO  rpc.RpcClient (RpcClient.java:createBucket(686)) - Creating Bucket: 293f5af4-36ba-4645-bbd3-fdc5d5ad464d/7f893435-483e-4d91-bb4a-fba87ce7edeb, with server-side default bucket layout, scm as owner, Versioning false, Storage Type set to DISK and Encryption set to false, Replication Type set to server-side default replication type, Namespace Quota set to -1, Space Quota set to -1 
2025-07-02 18:52:49,551 [om1-OMStateMachineApplyTransactionThread - 0] WARN  helpers.OzoneAclUtil (OzoneAclUtil.java:getDefaultAclList(68)) - Failed to get primary group from user scm/localhost@EXAMPLE.COM (auth:SIMPLE)
2025-07-02 18:52:49,551 [om1-OMStateMachineApplyTransactionThread - 0] INFO  bucket.OMBucketCreateRequest (OMBucketCreateRequest.java:validateAndUpdateCache(292)) - created bucket: 7f893435-483e-4d91-bb4a-fba87ce7edeb of layout FILE_SYSTEM_OPTIMIZED in volume: 293f5af4-36ba-4645-bbd3-fdc5d5ad464d
2025-07-02 18:52:49,563 [om1-OMStateMachineApplyTransactionThread - 0] WARN  helpers.OzoneAclUtil (OzoneAclUtil.java:getDefaultAclList(68)) - Failed to get primary group from user scm/localhost@EXAMPLE.COM (auth:SIMPLE)
2025-07-02 18:52:49,578 [97a6755e-86fd-4537-91b3-54c33d4d83bf-ChunkWriter-1-0] WARN  statemachine.DatanodeConfiguration (DatanodeConfiguration.java:validateMinFreeSpace(751)) - hdds.datanode.volume.min.free.space.percent = -1.0 is invalid, should be between 0 and 1
2025-07-02 18:52:49,579 [97a6755e-86fd-4537-91b3-54c33d4d83bf-ChunkWriter-1-0] WARN  statemachine.DatanodeConfiguration (DatanodeConfiguration.java:validateMinFreeSpace(751)) - hdds.datanode.volume.min.free.space.percent = -1.0 is invalid, should be between 0 and 1
2025-07-02 18:52:49,579 [fff6918d-693a-4f9d-b154-ded16baf39a4-ChunkWriter-1-0] WARN  statemachine.DatanodeConfiguration (DatanodeConfiguration.java:validateMinFreeSpace(751)) - hdds.datanode.volume.min.free.space.percent = -1.0 is invalid, should be between 0 and 1
2025-07-02 18:52:49,580 [fff6918d-693a-4f9d-b154-ded16baf39a4-ChunkWriter-1-0] WARN  statemachine.DatanodeConfiguration (DatanodeConfiguration.java:validateMinFreeSpace(751)) - hdds.datanode.volume.min.free.space.percent = -1.0 is invalid, should be between 0 and 1
2025-07-02 18:52:49,584 [a1153de0-65c4-400c-ae9f-71c02a590f14-ChunkWriter-1-0] WARN  statemachine.DatanodeConfiguration (DatanodeConfiguration.java:validateMinFreeSpace(751)) - hdds.datanode.volume.min.free.space.percent = -1.0 is invalid, should be between 0 and 1
2025-07-02 18:52:49,585 [a1153de0-65c4-400c-ae9f-71c02a590f14-ChunkWriter-1-0] WARN  statemachine.DatanodeConfiguration (DatanodeConfiguration.java:validateMinFreeSpace(751)) - hdds.datanode.volume.min.free.space.percent = -1.0 is invalid, should be between 0 and 1
2025-07-02 18:52:49,592 [scmNode-3-FixedThreadPoolWithAffinityExecutor-1-0] WARN  container.IncrementalContainerReportHandler (IncrementalContainerReportHandler.java:processICR(109)) - Container not found: Container #9 (NOT_FOUND) r0 (OPEN, bcsid=0, origin=fff6918d-693a-4f9d-b154-ded16baf39a4, non-empty) from dn fff6918d-693a-4f9d-b154-ded16baf39a4(localhost/127.0.0.1)
2025-07-02 18:52:49,592 [scmNode-2-FixedThreadPoolWithAffinityExecutor-1-0] WARN  container.IncrementalContainerReportHandler (IncrementalContainerReportHandler.java:processICR(109)) - Container not found: Container #9 (NOT_FOUND) r0 (OPEN, bcsid=0, origin=97a6755e-86fd-4537-91b3-54c33d4d83bf, non-empty) from dn 97a6755e-86fd-4537-91b3-54c33d4d83bf(localhost/127.0.0.1)
2025-07-02 18:52:49,594 [scmNode-2-FixedThreadPoolWithAffinityExecutor-1-0] WARN  container.IncrementalContainerReportHandler (IncrementalContainerReportHandler.java:processICR(109)) - Container not found: Container #9 (NOT_FOUND) r0 (OPEN, bcsid=0, origin=fff6918d-693a-4f9d-b154-ded16baf39a4, non-empty) from dn fff6918d-693a-4f9d-b154-ded16baf39a4(localhost/127.0.0.1)
2025-07-02 18:52:49,596 [scmNode-3-FixedThreadPoolWithAffinityExecutor-1-0] WARN  container.IncrementalContainerReportHandler (IncrementalContainerReportHandler.java:processICR(109)) - Container not found: Container #9 (NOT_FOUND) r0 (OPEN, bcsid=0, origin=97a6755e-86fd-4537-91b3-54c33d4d83bf, non-empty) from dn 97a6755e-86fd-4537-91b3-54c33d4d83bf(localhost/127.0.0.1)
2025-07-02 18:52:49,599 [scmNode-2-FixedThreadPoolWithAffinityExecutor-8-0] WARN  container.IncrementalContainerReportHandler (IncrementalContainerReportHandler.java:processICR(109)) - Container not found: Container #9 (NOT_FOUND) r0 (OPEN, bcsid=0, origin=a1153de0-65c4-400c-ae9f-71c02a590f14, non-empty) from dn a1153de0-65c4-400c-ae9f-71c02a590f14(localhost/127.0.0.1)
2025-07-02 18:52:49,600 [scmNode-3-FixedThreadPoolWithAffinityExecutor-8-0] WARN  container.IncrementalContainerReportHandler (IncrementalContainerReportHandler.java:processICR(109)) - Container not found: Container #9 (NOT_FOUND) r0 (OPEN, bcsid=0, origin=a1153de0-65c4-400c-ae9f-71c02a590f14, non-empty) from dn a1153de0-65c4-400c-ae9f-71c02a590f14(localhost/127.0.0.1)
2025-07-02 18:52:49,613 [Socket Reader #3 for port 15005] INFO  ipc.Server (Server.java:saslProcess(2290)) - Auth successful for scm/localhost@EXAMPLE.COM (auth:KERBEROS) from 127.0.0.1:40197
2025-07-02T18:52:49.618450532Z a1153de0-65c4-400c-ae9f-71c02a590f14-ChunkReader-5 ERROR user=null | ip=null | op=GET_CONTAINER_CHECKSUM_INFO null | ret=FAILURE
java.lang.Exception: Checksum information is not available for containers in state OPEN
	at org.apache.hadoop.ozone.container.common.impl.HddsDispatcher.dispatchRequest(HddsDispatcher.java:439)
	at org.apache.hadoop.ozone.container.common.impl.HddsDispatcher.lambda$dispatch$1(HddsDispatcher.java:190)
	at org.apache.hadoop.hdds.server.OzoneProtocolMessageDispatcher.processRequest(OzoneProtocolMessageDispatcher.java:87)
	at org.apache.hadoop.ozone.container.common.impl.HddsDispatcher.dispatch(HddsDispatcher.java:189)
	at org.apache.hadoop.ozone.container.common.transport.server.GrpcXceiverService$1.onNext(GrpcXceiverService.java:107)
	at org.apache.hadoop.ozone.container.common.transport.server.GrpcXceiverService$1.onNext(GrpcXceiverService.java:96)
	at org.apache.ratis.thirdparty.io.grpc.stub.ServerCalls$StreamingServerCallHandler$StreamingServerCallListener.onMessage(ServerCalls.java:262)
	at org.apache.ratis.thirdparty.io.grpc.ForwardingServerCallListener.onMessage(ForwardingServerCallListener.java:33)
	at org.apache.hadoop.hdds.tracing.GrpcServerInterceptor$1.onMessage(GrpcServerInterceptor.java:49)
	at org.apache.ratis.thirdparty.io.grpc.internal.ServerCallImpl$ServerStreamListenerImpl.messagesAvailableInternal(ServerCallImpl.java:334)
	at org.apache.ratis.thirdparty.io.grpc.internal.ServerCallImpl$ServerStreamListenerImpl.messagesAvailable(ServerCallImpl.java:319)
	at org.apache.ratis.thirdparty.io.grpc.internal.ServerImpl$JumpToApplicationThreadServerStreamListener$1MessagesAvailable.runInContext(ServerImpl.java:834)
	at org.apache.ratis.thirdparty.io.grpc.internal.ContextRunnable.run(ContextRunnable.java:37)
	at org.apache.ratis.thirdparty.io.grpc.internal.SerializingExecutor.run(SerializingExecutor.java:133)
	at java.base/java.util.concurrent.ThreadPoolExecutor.runWorker(ThreadPoolExecutor.java:1144)
	at java.base/java.util.concurrent.ThreadPoolExecutor$Worker.run(ThreadPoolExecutor.java:642)
	at java.base/java.lang.Thread.run(Thread.java:1583)
2025-07-02 18:52:49,619 [main] WARN  scm.XceiverClientGrpc (XceiverClientGrpc.java:sendCommandWithRetry(503)) - Failed to execute command GetContainerChecksumInfo on the pipeline Pipeline{ Id: a1153de0-65c4-400c-ae9f-71c02a590f14, Nodes: [ {a1153de0-65c4-400c-ae9f-71c02a590f14(localhost/127.0.0.1), ReplicaIndex: 0},], ReplicationConfig: STANDALONE/ONE, State:CLOSED, leaderId:, CreationTimestamp2025-07-02T18:52:49.532172742Z[Etc/UTC]}.
]]></system-out>
  </testcase>
  <testcase name="testGetEmptyChecksumInfo" classname="org.apache.hadoop.ozone.dn.checksum.TestContainerCommandReconciliation" time="6.066">
    <system-out><![CDATA[2025-07-02 18:52:49,621 [main] INFO  rpc.RpcClient (RpcClient.java:createVolume(461)) - Creating Volume: 9cbffa07-3481-4750-ac6f-cf2d7cfaccf6, with scm as owner and space quota set to -1 bytes, counts quota set to -1
2025-07-02 18:52:49,623 [om1-OMStateMachineApplyTransactionThread - 0] WARN  helpers.OzoneAclUtil (OzoneAclUtil.java:getDefaultAclList(68)) - Failed to get primary group from user scm (auth:SIMPLE)
2025-07-02 18:52:49,624 [om1-OMStateMachineApplyTransactionThread - 0] INFO  volume.OMVolumeCreateRequest (OMVolumeCreateRequest.java:validateAndUpdateCache(203)) - created volume:9cbffa07-3481-4750-ac6f-cf2d7cfaccf6 for user:scm
2025-07-02 18:52:49,626 [main] INFO  rpc.RpcClient (RpcClient.java:createBucket(686)) - Creating Bucket: 9cbffa07-3481-4750-ac6f-cf2d7cfaccf6/70b32b5b-0294-4b6a-90a5-116ec2781fd3, with server-side default bucket layout, scm as owner, Versioning false, Storage Type set to DISK and Encryption set to false, Replication Type set to server-side default replication type, Namespace Quota set to -1, Space Quota set to -1 
2025-07-02 18:52:49,629 [om1-OMStateMachineApplyTransactionThread - 0] WARN  helpers.OzoneAclUtil (OzoneAclUtil.java:getDefaultAclList(68)) - Failed to get primary group from user scm/localhost@EXAMPLE.COM (auth:SIMPLE)
2025-07-02 18:52:49,629 [om1-OMStateMachineApplyTransactionThread - 0] INFO  bucket.OMBucketCreateRequest (OMBucketCreateRequest.java:validateAndUpdateCache(292)) - created bucket: 70b32b5b-0294-4b6a-90a5-116ec2781fd3 of layout FILE_SYSTEM_OPTIMIZED in volume: 9cbffa07-3481-4750-ac6f-cf2d7cfaccf6
2025-07-02 18:52:49,640 [om1-OMStateMachineApplyTransactionThread - 0] WARN  helpers.OzoneAclUtil (OzoneAclUtil.java:getDefaultAclList(68)) - Failed to get primary group from user scm/localhost@EXAMPLE.COM (auth:SIMPLE)
2025-07-02 18:52:49,649 [fff6918d-693a-4f9d-b154-ded16baf39a4-ChunkWriter-2-0] WARN  statemachine.DatanodeConfiguration (DatanodeConfiguration.java:validateMinFreeSpace(751)) - hdds.datanode.volume.min.free.space.percent = -1.0 is invalid, should be between 0 and 1
2025-07-02 18:52:49,650 [fff6918d-693a-4f9d-b154-ded16baf39a4-ChunkWriter-2-0] WARN  statemachine.DatanodeConfiguration (DatanodeConfiguration.java:validateMinFreeSpace(751)) - hdds.datanode.volume.min.free.space.percent = -1.0 is invalid, should be between 0 and 1
2025-07-02 18:52:49,650 [97a6755e-86fd-4537-91b3-54c33d4d83bf-ChunkWriter-2-0] WARN  statemachine.DatanodeConfiguration (DatanodeConfiguration.java:validateMinFreeSpace(751)) - hdds.datanode.volume.min.free.space.percent = -1.0 is invalid, should be between 0 and 1
2025-07-02 18:52:49,651 [97a6755e-86fd-4537-91b3-54c33d4d83bf-ChunkWriter-2-0] WARN  statemachine.DatanodeConfiguration (DatanodeConfiguration.java:validateMinFreeSpace(751)) - hdds.datanode.volume.min.free.space.percent = -1.0 is invalid, should be between 0 and 1
2025-07-02 18:52:49,651 [a1153de0-65c4-400c-ae9f-71c02a590f14-ChunkWriter-2-0] WARN  statemachine.DatanodeConfiguration (DatanodeConfiguration.java:validateMinFreeSpace(751)) - hdds.datanode.volume.min.free.space.percent = -1.0 is invalid, should be between 0 and 1
2025-07-02 18:52:49,652 [a1153de0-65c4-400c-ae9f-71c02a590f14-ChunkWriter-2-0] WARN  statemachine.DatanodeConfiguration (DatanodeConfiguration.java:validateMinFreeSpace(751)) - hdds.datanode.volume.min.free.space.percent = -1.0 is invalid, should be between 0 and 1
2025-07-02 18:52:49,660 [scmNode-2-FixedThreadPoolWithAffinityExecutor-1-0] WARN  container.IncrementalContainerReportHandler (IncrementalContainerReportHandler.java:processICR(109)) - Container not found: Container #10 (NOT_FOUND) r0 (OPEN, bcsid=0, origin=97a6755e-86fd-4537-91b3-54c33d4d83bf, non-empty) from dn 97a6755e-86fd-4537-91b3-54c33d4d83bf(localhost/127.0.0.1)
2025-07-02 18:52:49,660 [scmNode-3-FixedThreadPoolWithAffinityExecutor-1-0] WARN  container.IncrementalContainerReportHandler (IncrementalContainerReportHandler.java:processICR(109)) - Container not found: Container #10 (NOT_FOUND) r0 (OPEN, bcsid=0, origin=fff6918d-693a-4f9d-b154-ded16baf39a4, non-empty) from dn fff6918d-693a-4f9d-b154-ded16baf39a4(localhost/127.0.0.1)
2025-07-02 18:52:49,661 [scmNode-2-FixedThreadPoolWithAffinityExecutor-1-0] WARN  container.IncrementalContainerReportHandler (IncrementalContainerReportHandler.java:processICR(109)) - Container not found: Container #10 (NOT_FOUND) r0 (OPEN, bcsid=0, origin=fff6918d-693a-4f9d-b154-ded16baf39a4, non-empty) from dn fff6918d-693a-4f9d-b154-ded16baf39a4(localhost/127.0.0.1)
2025-07-02 18:52:49,663 [scmNode-3-FixedThreadPoolWithAffinityExecutor-1-0] WARN  container.IncrementalContainerReportHandler (IncrementalContainerReportHandler.java:processICR(109)) - Container not found: Container #10 (NOT_FOUND) r0 (OPEN, bcsid=0, origin=97a6755e-86fd-4537-91b3-54c33d4d83bf, non-empty) from dn 97a6755e-86fd-4537-91b3-54c33d4d83bf(localhost/127.0.0.1)
2025-07-02 18:52:49,663 [scmNode-2-FixedThreadPoolWithAffinityExecutor-8-0] WARN  container.IncrementalContainerReportHandler (IncrementalContainerReportHandler.java:processICR(109)) - Container not found: Container #10 (NOT_FOUND) r0 (OPEN, bcsid=0, origin=a1153de0-65c4-400c-ae9f-71c02a590f14, non-empty) from dn a1153de0-65c4-400c-ae9f-71c02a590f14(localhost/127.0.0.1)
2025-07-02 18:52:49,664 [scmNode-3-FixedThreadPoolWithAffinityExecutor-8-0] WARN  container.IncrementalContainerReportHandler (IncrementalContainerReportHandler.java:processICR(109)) - Container not found: Container #10 (NOT_FOUND) r0 (OPEN, bcsid=0, origin=a1153de0-65c4-400c-ae9f-71c02a590f14, non-empty) from dn a1153de0-65c4-400c-ae9f-71c02a590f14(localhost/127.0.0.1)
2025-07-02 18:52:49,679 [scmNode-1-EventQueue-CloseContainerForCloseContainerEventHandler] INFO  container.CloseContainerEventHandler (CloseContainerEventHandler.java:onMessage(88)) - Close container Event triggered for container : #10, current state: OPEN
2025-07-02 18:52:49,682 [scmNode-1-EventQueue-CloseContainerForCloseContainerEventHandler] INFO  container.CloseContainerEventHandler (CloseContainerEventHandler.java:onMessage(88)) - Close container Event triggered for container : #10, current state: CLOSING
2025-07-02 18:52:49,682 [scmNode-1-EventQueue-CloseContainerForCloseContainerEventHandler] INFO  container.CloseContainerEventHandler (CloseContainerEventHandler.java:onMessage(88)) - Close container Event triggered for container : #10, current state: CLOSING
2025-07-02 18:52:52,664 [fff6918d-693a-4f9d-b154-ded16baf39a4-CloseContainerThread-0] WARN  keyvalue.KeyValueHandler (KeyValueHandler.java:updateAndGetContainerChecksum(1451)) - Container data checksum updated from 0 to 1048ce16
2025-07-02 18:52:52,666 [a1153de0-65c4-400c-ae9f-71c02a590f14-CloseContainerThread-0] WARN  keyvalue.KeyValueHandler (KeyValueHandler.java:updateAndGetContainerChecksum(1451)) - Container data checksum updated from 0 to 1048ce16
2025-07-02 18:52:52,668 [a1153de0-65c4-400c-ae9f-71c02a590f14-CloseContainerThread-0] INFO  commandhandler.CloseContainerCommandHandler (CloseContainerCommandHandler.java:lambda$handle$0(154)) - Follower cannot close container #10.
2025-07-02 18:52:52,671 [fff6918d-693a-4f9d-b154-ded16baf39a4-ContainerOp-e4f4775a-5ba1-419b-a816-9396b2a0ac6b-4] INFO  keyvalue.KeyValueContainer (KeyValueContainer.java:flushAndSyncDB(514)) - Synced container: KeyValueContainerData #10 (CLOSING, non-empty, ri=0, origin=[dn_fff6918d-693a-4f9d-b154-ded16baf39a4, pipeline_e4f4775a-5ba1-419b-a816-9396b2a0ac6b])
2025-07-02 18:52:52,671 [fff6918d-693a-4f9d-b154-ded16baf39a4-ContainerOp-e4f4775a-5ba1-419b-a816-9396b2a0ac6b-4] INFO  keyvalue.KeyValueContainer (KeyValueContainer.java:flushAndSyncDB(514)) - Synced container: KeyValueContainerData #10 (CLOSING, non-empty, ri=0, origin=[dn_fff6918d-693a-4f9d-b154-ded16baf39a4, pipeline_e4f4775a-5ba1-419b-a816-9396b2a0ac6b])
2025-07-02 18:52:52,674 [a1153de0-65c4-400c-ae9f-71c02a590f14-ContainerOp-e4f4775a-5ba1-419b-a816-9396b2a0ac6b-4] INFO  keyvalue.KeyValueContainer (KeyValueContainer.java:flushAndSyncDB(514)) - Synced container: KeyValueContainerData #10 (CLOSING, non-empty, ri=0, origin=[dn_a1153de0-65c4-400c-ae9f-71c02a590f14, pipeline_e4f4775a-5ba1-419b-a816-9396b2a0ac6b])
2025-07-02 18:52:52,674 [a1153de0-65c4-400c-ae9f-71c02a590f14-ContainerOp-e4f4775a-5ba1-419b-a816-9396b2a0ac6b-4] INFO  keyvalue.KeyValueContainer (KeyValueContainer.java:flushAndSyncDB(514)) - Synced container: KeyValueContainerData #10 (CLOSING, non-empty, ri=0, origin=[dn_a1153de0-65c4-400c-ae9f-71c02a590f14, pipeline_e4f4775a-5ba1-419b-a816-9396b2a0ac6b])
2025-07-02 18:52:52,677 [97a6755e-86fd-4537-91b3-54c33d4d83bf-ContainerOp-e4f4775a-5ba1-419b-a816-9396b2a0ac6b-4] WARN  keyvalue.KeyValueHandler (KeyValueHandler.java:updateAndGetContainerChecksum(1451)) - Container data checksum updated from 0 to 1048ce16
2025-07-02 18:52:52,678 [97a6755e-86fd-4537-91b3-54c33d4d83bf-ContainerOp-e4f4775a-5ba1-419b-a816-9396b2a0ac6b-4] INFO  keyvalue.KeyValueContainer (KeyValueContainer.java:flushAndSyncDB(514)) - Synced container: KeyValueContainerData #10 (CLOSING, non-empty, ri=0, origin=[dn_97a6755e-86fd-4537-91b3-54c33d4d83bf, pipeline_e4f4775a-5ba1-419b-a816-9396b2a0ac6b])
2025-07-02 18:52:52,678 [97a6755e-86fd-4537-91b3-54c33d4d83bf-ContainerOp-e4f4775a-5ba1-419b-a816-9396b2a0ac6b-4] INFO  keyvalue.KeyValueContainer (KeyValueContainer.java:flushAndSyncDB(514)) - Synced container: KeyValueContainerData #10 (CLOSING, non-empty, ri=0, origin=[dn_97a6755e-86fd-4537-91b3-54c33d4d83bf, pipeline_e4f4775a-5ba1-419b-a816-9396b2a0ac6b])
2025-07-02 18:52:52,679 [fff6918d-693a-4f9d-b154-ded16baf39a4-ContainerOp-e4f4775a-5ba1-419b-a816-9396b2a0ac6b-4] INFO  keyvalue.KeyValueContainer (KeyValueContainer.java:close(430)) - Closed container: KeyValueContainerData #10 (CLOSED, non-empty, ri=0, origin=[dn_fff6918d-693a-4f9d-b154-ded16baf39a4, pipeline_e4f4775a-5ba1-419b-a816-9396b2a0ac6b])
2025-07-02 18:52:52,681 [scmNode-1-FixedThreadPoolWithAffinityExecutor-1-0] INFO  container.IncrementalContainerReportHandler (AbstractContainerReportHandler.java:updateContainerState(289)) - CLOSE Container #10 (CLOSING, sid=185) r0 (CLOSED, bcsid=185, origin=fff6918d-693a-4f9d-b154-ded16baf39a4, non-empty) from dn fff6918d-693a-4f9d-b154-ded16baf39a4(localhost/127.0.0.1)
2025-07-02 18:52:52,682 [scmNode-3-FixedThreadPoolWithAffinityExecutor-1-0] INFO  container.IncrementalContainerReportHandler (AbstractContainerReportHandler.java:updateContainerState(289)) - CLOSE Container #10 (CLOSING, sid=185) r0 (CLOSED, bcsid=185, origin=fff6918d-693a-4f9d-b154-ded16baf39a4, non-empty) from dn fff6918d-693a-4f9d-b154-ded16baf39a4(localhost/127.0.0.1)
2025-07-02 18:52:52,681 [a1153de0-65c4-400c-ae9f-71c02a590f14-ContainerOp-e4f4775a-5ba1-419b-a816-9396b2a0ac6b-4] INFO  keyvalue.KeyValueContainer (KeyValueContainer.java:close(430)) - Closed container: KeyValueContainerData #10 (CLOSED, non-empty, ri=0, origin=[dn_a1153de0-65c4-400c-ae9f-71c02a590f14, pipeline_e4f4775a-5ba1-419b-a816-9396b2a0ac6b])
2025-07-02 18:52:52,683 [scmNode-2-FixedThreadPoolWithAffinityExecutor-1-0] INFO  container.IncrementalContainerReportHandler (AbstractContainerReportHandler.java:updateContainerState(289)) - CLOSE Container #10 (CLOSING, sid=185) r0 (CLOSED, bcsid=185, origin=fff6918d-693a-4f9d-b154-ded16baf39a4, non-empty) from dn fff6918d-693a-4f9d-b154-ded16baf39a4(localhost/127.0.0.1)
2025-07-02 18:52:52,684 [scmNode-3-FixedThreadPoolWithAffinityExecutor-1-0] INFO  container.IncrementalContainerReportHandler (IncrementalContainerReportHandler.java:processICR(116)) - SCM_NOT_LEADER: Failed to process Container #10 (CLOSING, sid=185) r0 (CLOSED, bcsid=185, origin=fff6918d-693a-4f9d-b154-ded16baf39a4, non-empty) from dn fff6918d-693a-4f9d-b154-ded16baf39a4(localhost/127.0.0.1)
2025-07-02 18:52:52,684 [scmNode-2-FixedThreadPoolWithAffinityExecutor-1-0] INFO  container.IncrementalContainerReportHandler (IncrementalContainerReportHandler.java:processICR(116)) - SCM_NOT_LEADER: Failed to process Container #10 (CLOSING, sid=185) r0 (CLOSED, bcsid=185, origin=fff6918d-693a-4f9d-b154-ded16baf39a4, non-empty) from dn fff6918d-693a-4f9d-b154-ded16baf39a4(localhost/127.0.0.1)
2025-07-02 18:52:52,685 [scmNode-2-FixedThreadPoolWithAffinityExecutor-8-0] INFO  container.IncrementalContainerReportHandler (AbstractContainerReportHandler.java:updateContainerState(289)) - CLOSE Container #10 (CLOSING, sid=185) r0 (CLOSED, bcsid=185, origin=a1153de0-65c4-400c-ae9f-71c02a590f14, non-empty) from dn a1153de0-65c4-400c-ae9f-71c02a590f14(localhost/127.0.0.1)
2025-07-02 18:52:52,685 [scmNode-2-FixedThreadPoolWithAffinityExecutor-8-0] INFO  container.IncrementalContainerReportHandler (IncrementalContainerReportHandler.java:processICR(116)) - SCM_NOT_LEADER: Failed to process Container #10 (CLOSING, sid=185) r0 (CLOSED, bcsid=185, origin=a1153de0-65c4-400c-ae9f-71c02a590f14, non-empty) from dn a1153de0-65c4-400c-ae9f-71c02a590f14(localhost/127.0.0.1)
2025-07-02 18:52:52,686 [97a6755e-86fd-4537-91b3-54c33d4d83bf-ContainerOp-e4f4775a-5ba1-419b-a816-9396b2a0ac6b-4] INFO  keyvalue.KeyValueContainer (KeyValueContainer.java:close(430)) - Closed container: KeyValueContainerData #10 (CLOSED, non-empty, ri=0, origin=[dn_97a6755e-86fd-4537-91b3-54c33d4d83bf, pipeline_e4f4775a-5ba1-419b-a816-9396b2a0ac6b])
2025-07-02 18:52:52,687 [scmNode-3-FixedThreadPoolWithAffinityExecutor-8-0] INFO  container.IncrementalContainerReportHandler (AbstractContainerReportHandler.java:updateContainerState(289)) - CLOSE Container #10 (CLOSING, sid=185) r0 (CLOSED, bcsid=185, origin=a1153de0-65c4-400c-ae9f-71c02a590f14, non-empty) from dn a1153de0-65c4-400c-ae9f-71c02a590f14(localhost/127.0.0.1)
2025-07-02 18:52:52,688 [scmNode-2-FixedThreadPoolWithAffinityExecutor-1-0] INFO  container.IncrementalContainerReportHandler (AbstractContainerReportHandler.java:updateContainerState(289)) - CLOSE Container #10 (CLOSING, sid=185) r0 (CLOSED, bcsid=185, origin=97a6755e-86fd-4537-91b3-54c33d4d83bf, non-empty) from dn 97a6755e-86fd-4537-91b3-54c33d4d83bf(localhost/127.0.0.1)
2025-07-02 18:52:52,688 [scmNode-3-FixedThreadPoolWithAffinityExecutor-8-0] INFO  container.IncrementalContainerReportHandler (IncrementalContainerReportHandler.java:processICR(116)) - SCM_NOT_LEADER: Failed to process Container #10 (CLOSING, sid=185) r0 (CLOSED, bcsid=185, origin=a1153de0-65c4-400c-ae9f-71c02a590f14, non-empty) from dn a1153de0-65c4-400c-ae9f-71c02a590f14(localhost/127.0.0.1)
2025-07-02 18:52:52,688 [scmNode-3-FixedThreadPoolWithAffinityExecutor-1-0] INFO  container.IncrementalContainerReportHandler (AbstractContainerReportHandler.java:updateContainerState(289)) - CLOSE Container #10 (CLOSING, sid=185) r0 (CLOSED, bcsid=185, origin=97a6755e-86fd-4537-91b3-54c33d4d83bf, non-empty) from dn 97a6755e-86fd-4537-91b3-54c33d4d83bf(localhost/127.0.0.1)
2025-07-02 18:52:52,688 [scmNode-2-FixedThreadPoolWithAffinityExecutor-1-0] INFO  container.IncrementalContainerReportHandler (IncrementalContainerReportHandler.java:processICR(116)) - SCM_NOT_LEADER: Failed to process Container #10 (CLOSING, sid=185) r0 (CLOSED, bcsid=185, origin=97a6755e-86fd-4537-91b3-54c33d4d83bf, non-empty) from dn 97a6755e-86fd-4537-91b3-54c33d4d83bf(localhost/127.0.0.1)
2025-07-02 18:52:52,690 [scmNode-3-FixedThreadPoolWithAffinityExecutor-1-0] INFO  container.IncrementalContainerReportHandler (IncrementalContainerReportHandler.java:processICR(116)) - SCM_NOT_LEADER: Failed to process Container #10 (CLOSING, sid=185) r0 (CLOSED, bcsid=185, origin=97a6755e-86fd-4537-91b3-54c33d4d83bf, non-empty) from dn 97a6755e-86fd-4537-91b3-54c33d4d83bf(localhost/127.0.0.1)
2025-07-02 18:52:53,684 [scmNode-2-FixedThreadPoolWithAffinityExecutor-8-0] INFO  container.ContainerReportHandler (AbstractContainerReportHandler.java:updateContainerState(289)) - CLOSE Container #10 (CLOSING, sid=185) r0 (CLOSED, bcsid=185, origin=a1153de0-65c4-400c-ae9f-71c02a590f14, non-empty) from dn a1153de0-65c4-400c-ae9f-71c02a590f14(localhost/127.0.0.1)
2025-07-02 18:52:53,684 [scmNode-3-FixedThreadPoolWithAffinityExecutor-8-0] INFO  container.ContainerReportHandler (AbstractContainerReportHandler.java:updateContainerState(289)) - CLOSE Container #10 (CLOSING, sid=185) r0 (CLOSED, bcsid=185, origin=a1153de0-65c4-400c-ae9f-71c02a590f14, non-empty) from dn a1153de0-65c4-400c-ae9f-71c02a590f14(localhost/127.0.0.1)
2025-07-02 18:52:53,684 [scmNode-3-FixedThreadPoolWithAffinityExecutor-8-0] ERROR container.ContainerReportHandler (ContainerReportHandler.java:processSingleReplica(231)) - Failed to process Container #10 (CLOSING, sid=185) r0 (CLOSED, bcsid=185, origin=a1153de0-65c4-400c-ae9f-71c02a590f14, non-empty) from dn a1153de0-65c4-400c-ae9f-71c02a590f14(localhost/127.0.0.1)
org.apache.hadoop.hdds.scm.exceptions.SCMException: org.apache.ratis.protocol.exceptions.NotLeaderException: Server ca181966-e7f6-4c77-8344-65416d18d1f8@group-F629F00B5E08 is not the leader, suggested leader is: 0570d27e-7557-449b-949c-3e7f7fc57b05|localhost:15003
	at org.apache.hadoop.hdds.scm.ha.SCMHAInvocationHandler.translateException(SCMHAInvocationHandler.java:163)
	at org.apache.hadoop.hdds.scm.ha.SCMHAInvocationHandler.invokeRatis(SCMHAInvocationHandler.java:113)
	at org.apache.hadoop.hdds.scm.ha.SCMHAInvocationHandler.invoke(SCMHAInvocationHandler.java:72)
	at jdk.proxy2/jdk.proxy2.$Proxy48.updateContainerState(Unknown Source)
	at org.apache.hadoop.hdds.scm.container.ContainerManagerImpl.updateContainerState(ContainerManagerImpl.java:284)
	at org.apache.hadoop.hdds.scm.container.AbstractContainerReportHandler.updateContainerState(AbstractContainerReportHandler.java:290)
	at org.apache.hadoop.hdds.scm.container.AbstractContainerReportHandler.processContainerReplica(AbstractContainerReportHandler.java:115)
	at org.apache.hadoop.hdds.scm.container.ContainerReportHandler.processSingleReplica(ContainerReportHandler.java:229)
	at org.apache.hadoop.hdds.scm.container.ContainerReportHandler.onMessage(ContainerReportHandler.java:181)
	at org.apache.hadoop.hdds.scm.container.ContainerReportHandler.onMessage(ContainerReportHandler.java:44)
	at org.apache.hadoop.hdds.server.events.FixedThreadPoolWithAffinityExecutor$ContainerReportProcessTask.run(FixedThreadPoolWithAffinityExecutor.java:257)
	at java.base/java.util.concurrent.Executors$RunnableAdapter.call(Executors.java:572)
	at java.base/java.util.concurrent.FutureTask.run(FutureTask.java:317)
	at java.base/java.util.concurrent.ThreadPoolExecutor.runWorker(ThreadPoolExecutor.java:1144)
	at java.base/java.util.concurrent.ThreadPoolExecutor$Worker.run(ThreadPoolExecutor.java:642)
	at java.base/java.lang.Thread.run(Thread.java:1583)
Caused by: org.apache.ratis.protocol.exceptions.NotLeaderException: Server ca181966-e7f6-4c77-8344-65416d18d1f8@group-F629F00B5E08 is not the leader, suggested leader is: 0570d27e-7557-449b-949c-3e7f7fc57b05|localhost:15003
	at org.apache.ratis.server.impl.RaftServerImpl.generateNotLeaderException(RaftServerImpl.java:804)
	at org.apache.ratis.server.impl.RaftServerImpl.checkLeaderState(RaftServerImpl.java:769)
	at org.apache.ratis.server.impl.RaftServerImpl.checkLeaderState(RaftServerImpl.java:755)
	at org.apache.ratis.server.impl.RaftServerImpl.writeAsyncImpl(RaftServerImpl.java:972)
	at org.apache.ratis.server.impl.RaftServerImpl.writeAsync(RaftServerImpl.java:960)
	at org.apache.ratis.server.impl.RaftServerImpl.replyFuture(RaftServerImpl.java:953)
	at org.apache.ratis.server.impl.RaftServerImpl.submitClientRequestAsync(RaftServerImpl.java:930)
	at org.apache.ratis.server.impl.RaftServerImpl.lambda$null$11(RaftServerImpl.java:919)
	at org.apache.ratis.util.JavaUtils.callAsUnchecked(JavaUtils.java:118)
	at org.apache.ratis.server.impl.RaftServerImpl.lambda$executeSubmitClientRequestAsync$12(RaftServerImpl.java:919)
	at java.base/java.util.concurrent.CompletableFuture$AsyncSupply.run(CompletableFuture.java:1768)
	... 3 more
2025-07-02 18:52:53,685 [scmNode-2-FixedThreadPoolWithAffinityExecutor-8-0] ERROR container.ContainerReportHandler (ContainerReportHandler.java:processSingleReplica(231)) - Failed to process Container #10 (CLOSING, sid=185) r0 (CLOSED, bcsid=185, origin=a1153de0-65c4-400c-ae9f-71c02a590f14, non-empty) from dn a1153de0-65c4-400c-ae9f-71c02a590f14(localhost/127.0.0.1)
org.apache.hadoop.hdds.scm.exceptions.SCMException: org.apache.ratis.protocol.exceptions.NotLeaderException: Server 4680a024-3a59-4e75-8ac7-1755b08d3543@group-F629F00B5E08 is not the leader, suggested leader is: 0570d27e-7557-449b-949c-3e7f7fc57b05|localhost:15003
	at org.apache.hadoop.hdds.scm.ha.SCMHAInvocationHandler.translateException(SCMHAInvocationHandler.java:163)
	at org.apache.hadoop.hdds.scm.ha.SCMHAInvocationHandler.invokeRatis(SCMHAInvocationHandler.java:113)
	at org.apache.hadoop.hdds.scm.ha.SCMHAInvocationHandler.invoke(SCMHAInvocationHandler.java:72)
	at jdk.proxy2/jdk.proxy2.$Proxy48.updateContainerState(Unknown Source)
	at org.apache.hadoop.hdds.scm.container.ContainerManagerImpl.updateContainerState(ContainerManagerImpl.java:284)
	at org.apache.hadoop.hdds.scm.container.AbstractContainerReportHandler.updateContainerState(AbstractContainerReportHandler.java:290)
	at org.apache.hadoop.hdds.scm.container.AbstractContainerReportHandler.processContainerReplica(AbstractContainerReportHandler.java:115)
	at org.apache.hadoop.hdds.scm.container.ContainerReportHandler.processSingleReplica(ContainerReportHandler.java:229)
	at org.apache.hadoop.hdds.scm.container.ContainerReportHandler.onMessage(ContainerReportHandler.java:181)
	at org.apache.hadoop.hdds.scm.container.ContainerReportHandler.onMessage(ContainerReportHandler.java:44)
	at org.apache.hadoop.hdds.server.events.FixedThreadPoolWithAffinityExecutor$ContainerReportProcessTask.run(FixedThreadPoolWithAffinityExecutor.java:257)
	at java.base/java.util.concurrent.Executors$RunnableAdapter.call(Executors.java:572)
	at java.base/java.util.concurrent.FutureTask.run(FutureTask.java:317)
	at java.base/java.util.concurrent.ThreadPoolExecutor.runWorker(ThreadPoolExecutor.java:1144)
	at java.base/java.util.concurrent.ThreadPoolExecutor$Worker.run(ThreadPoolExecutor.java:642)
	at java.base/java.lang.Thread.run(Thread.java:1583)
Caused by: org.apache.ratis.protocol.exceptions.NotLeaderException: Server 4680a024-3a59-4e75-8ac7-1755b08d3543@group-F629F00B5E08 is not the leader, suggested leader is: 0570d27e-7557-449b-949c-3e7f7fc57b05|localhost:15003
	at org.apache.ratis.server.impl.RaftServerImpl.generateNotLeaderException(RaftServerImpl.java:804)
	at org.apache.ratis.server.impl.RaftServerImpl.checkLeaderState(RaftServerImpl.java:769)
	at org.apache.ratis.server.impl.RaftServerImpl.checkLeaderState(RaftServerImpl.java:755)
	at org.apache.ratis.server.impl.RaftServerImpl.writeAsyncImpl(RaftServerImpl.java:972)
	at org.apache.ratis.server.impl.RaftServerImpl.writeAsync(RaftServerImpl.java:960)
	at org.apache.ratis.server.impl.RaftServerImpl.replyFuture(RaftServerImpl.java:953)
	at org.apache.ratis.server.impl.RaftServerImpl.submitClientRequestAsync(RaftServerImpl.java:930)
	at org.apache.ratis.server.impl.RaftServerImpl.lambda$null$11(RaftServerImpl.java:919)
	at org.apache.ratis.util.JavaUtils.callAsUnchecked(JavaUtils.java:118)
	at org.apache.ratis.server.impl.RaftServerImpl.lambda$executeSubmitClientRequestAsync$12(RaftServerImpl.java:919)
	at java.base/java.util.concurrent.CompletableFuture$AsyncSupply.run(CompletableFuture.java:1768)
	... 3 more
2025-07-02 18:52:54,683 [scmNode-3-FixedThreadPoolWithAffinityExecutor-1-0] INFO  container.ContainerReportHandler (AbstractContainerReportHandler.java:updateContainerState(289)) - CLOSE Container #10 (CLOSING, sid=185) r0 (CLOSED, bcsid=185, origin=fff6918d-693a-4f9d-b154-ded16baf39a4, non-empty) from dn fff6918d-693a-4f9d-b154-ded16baf39a4(localhost/127.0.0.1)
2025-07-02 18:52:54,683 [scmNode-2-FixedThreadPoolWithAffinityExecutor-1-0] INFO  container.ContainerReportHandler (AbstractContainerReportHandler.java:updateContainerState(289)) - CLOSE Container #10 (CLOSING, sid=185) r0 (CLOSED, bcsid=185, origin=fff6918d-693a-4f9d-b154-ded16baf39a4, non-empty) from dn fff6918d-693a-4f9d-b154-ded16baf39a4(localhost/127.0.0.1)
2025-07-02 18:52:54,684 [scmNode-2-FixedThreadPoolWithAffinityExecutor-1-0] ERROR container.ContainerReportHandler (ContainerReportHandler.java:processSingleReplica(231)) - Failed to process Container #10 (CLOSING, sid=185) r0 (CLOSED, bcsid=185, origin=fff6918d-693a-4f9d-b154-ded16baf39a4, non-empty) from dn fff6918d-693a-4f9d-b154-ded16baf39a4(localhost/127.0.0.1)
org.apache.hadoop.hdds.scm.exceptions.SCMException: org.apache.ratis.protocol.exceptions.NotLeaderException: Server 4680a024-3a59-4e75-8ac7-1755b08d3543@group-F629F00B5E08 is not the leader, suggested leader is: 0570d27e-7557-449b-949c-3e7f7fc57b05|localhost:15003
	at org.apache.hadoop.hdds.scm.ha.SCMHAInvocationHandler.translateException(SCMHAInvocationHandler.java:163)
	at org.apache.hadoop.hdds.scm.ha.SCMHAInvocationHandler.invokeRatis(SCMHAInvocationHandler.java:113)
	at org.apache.hadoop.hdds.scm.ha.SCMHAInvocationHandler.invoke(SCMHAInvocationHandler.java:72)
	at jdk.proxy2/jdk.proxy2.$Proxy48.updateContainerState(Unknown Source)
	at org.apache.hadoop.hdds.scm.container.ContainerManagerImpl.updateContainerState(ContainerManagerImpl.java:284)
	at org.apache.hadoop.hdds.scm.container.AbstractContainerReportHandler.updateContainerState(AbstractContainerReportHandler.java:290)
	at org.apache.hadoop.hdds.scm.container.AbstractContainerReportHandler.processContainerReplica(AbstractContainerReportHandler.java:115)
	at org.apache.hadoop.hdds.scm.container.ContainerReportHandler.processSingleReplica(ContainerReportHandler.java:229)
	at org.apache.hadoop.hdds.scm.container.ContainerReportHandler.onMessage(ContainerReportHandler.java:181)
	at org.apache.hadoop.hdds.scm.container.ContainerReportHandler.onMessage(ContainerReportHandler.java:44)
	at org.apache.hadoop.hdds.server.events.FixedThreadPoolWithAffinityExecutor$ContainerReportProcessTask.run(FixedThreadPoolWithAffinityExecutor.java:257)
	at java.base/java.util.concurrent.Executors$RunnableAdapter.call(Executors.java:572)
	at java.base/java.util.concurrent.FutureTask.run(FutureTask.java:317)
	at java.base/java.util.concurrent.ThreadPoolExecutor.runWorker(ThreadPoolExecutor.java:1144)
	at java.base/java.util.concurrent.ThreadPoolExecutor$Worker.run(ThreadPoolExecutor.java:642)
	at java.base/java.lang.Thread.run(Thread.java:1583)
Caused by: org.apache.ratis.protocol.exceptions.NotLeaderException: Server 4680a024-3a59-4e75-8ac7-1755b08d3543@group-F629F00B5E08 is not the leader, suggested leader is: 0570d27e-7557-449b-949c-3e7f7fc57b05|localhost:15003
	at org.apache.ratis.server.impl.RaftServerImpl.generateNotLeaderException(RaftServerImpl.java:804)
	at org.apache.ratis.server.impl.RaftServerImpl.checkLeaderState(RaftServerImpl.java:769)
	at org.apache.ratis.server.impl.RaftServerImpl.checkLeaderState(RaftServerImpl.java:755)
	at org.apache.ratis.server.impl.RaftServerImpl.writeAsyncImpl(RaftServerImpl.java:972)
	at org.apache.ratis.server.impl.RaftServerImpl.writeAsync(RaftServerImpl.java:960)
	at org.apache.ratis.server.impl.RaftServerImpl.replyFuture(RaftServerImpl.java:953)
	at org.apache.ratis.server.impl.RaftServerImpl.submitClientRequestAsync(RaftServerImpl.java:930)
	at org.apache.ratis.server.impl.RaftServerImpl.lambda$null$11(RaftServerImpl.java:919)
	at org.apache.ratis.util.JavaUtils.callAsUnchecked(JavaUtils.java:118)
	at org.apache.ratis.server.impl.RaftServerImpl.lambda$executeSubmitClientRequestAsync$12(RaftServerImpl.java:919)
	at java.base/java.util.concurrent.CompletableFuture$AsyncSupply.run(CompletableFuture.java:1768)
	... 3 more
2025-07-02 18:52:54,684 [scmNode-3-FixedThreadPoolWithAffinityExecutor-1-0] ERROR container.ContainerReportHandler (ContainerReportHandler.java:processSingleReplica(231)) - Failed to process Container #10 (CLOSING, sid=185) r0 (CLOSED, bcsid=185, origin=fff6918d-693a-4f9d-b154-ded16baf39a4, non-empty) from dn fff6918d-693a-4f9d-b154-ded16baf39a4(localhost/127.0.0.1)
org.apache.hadoop.hdds.scm.exceptions.SCMException: org.apache.ratis.protocol.exceptions.NotLeaderException: Server ca181966-e7f6-4c77-8344-65416d18d1f8@group-F629F00B5E08 is not the leader, suggested leader is: 0570d27e-7557-449b-949c-3e7f7fc57b05|localhost:15003
	at org.apache.hadoop.hdds.scm.ha.SCMHAInvocationHandler.translateException(SCMHAInvocationHandler.java:163)
	at org.apache.hadoop.hdds.scm.ha.SCMHAInvocationHandler.invokeRatis(SCMHAInvocationHandler.java:113)
	at org.apache.hadoop.hdds.scm.ha.SCMHAInvocationHandler.invoke(SCMHAInvocationHandler.java:72)
	at jdk.proxy2/jdk.proxy2.$Proxy48.updateContainerState(Unknown Source)
	at org.apache.hadoop.hdds.scm.container.ContainerManagerImpl.updateContainerState(ContainerManagerImpl.java:284)
	at org.apache.hadoop.hdds.scm.container.AbstractContainerReportHandler.updateContainerState(AbstractContainerReportHandler.java:290)
	at org.apache.hadoop.hdds.scm.container.AbstractContainerReportHandler.processContainerReplica(AbstractContainerReportHandler.java:115)
	at org.apache.hadoop.hdds.scm.container.ContainerReportHandler.processSingleReplica(ContainerReportHandler.java:229)
	at org.apache.hadoop.hdds.scm.container.ContainerReportHandler.onMessage(ContainerReportHandler.java:181)
	at org.apache.hadoop.hdds.scm.container.ContainerReportHandler.onMessage(ContainerReportHandler.java:44)
	at org.apache.hadoop.hdds.server.events.FixedThreadPoolWithAffinityExecutor$ContainerReportProcessTask.run(FixedThreadPoolWithAffinityExecutor.java:257)
	at java.base/java.util.concurrent.Executors$RunnableAdapter.call(Executors.java:572)
	at java.base/java.util.concurrent.FutureTask.run(FutureTask.java:317)
	at java.base/java.util.concurrent.ThreadPoolExecutor.runWorker(ThreadPoolExecutor.java:1144)
	at java.base/java.util.concurrent.ThreadPoolExecutor$Worker.run(ThreadPoolExecutor.java:642)
	at java.base/java.lang.Thread.run(Thread.java:1583)
Caused by: org.apache.ratis.protocol.exceptions.NotLeaderException: Server ca181966-e7f6-4c77-8344-65416d18d1f8@group-F629F00B5E08 is not the leader, suggested leader is: 0570d27e-7557-449b-949c-3e7f7fc57b05|localhost:15003
	at org.apache.ratis.server.impl.RaftServerImpl.generateNotLeaderException(RaftServerImpl.java:804)
	at org.apache.ratis.server.impl.RaftServerImpl.checkLeaderState(RaftServerImpl.java:769)
	at org.apache.ratis.server.impl.RaftServerImpl.checkLeaderState(RaftServerImpl.java:755)
	at org.apache.ratis.server.impl.RaftServerImpl.writeAsyncImpl(RaftServerImpl.java:972)
	at org.apache.ratis.server.impl.RaftServerImpl.writeAsync(RaftServerImpl.java:960)
	at org.apache.ratis.server.impl.RaftServerImpl.replyFuture(RaftServerImpl.java:953)
	at org.apache.ratis.server.impl.RaftServerImpl.submitClientRequestAsync(RaftServerImpl.java:930)
	at org.apache.ratis.server.impl.RaftServerImpl.lambda$null$11(RaftServerImpl.java:919)
	at org.apache.ratis.util.JavaUtils.callAsUnchecked(JavaUtils.java:118)
	at org.apache.ratis.server.impl.RaftServerImpl.lambda$executeSubmitClientRequestAsync$12(RaftServerImpl.java:919)
	at java.base/java.util.concurrent.CompletableFuture$AsyncSupply.run(CompletableFuture.java:1768)
	... 3 more
]]></system-out>
  </testcase>
  <testcase name="testDataChecksumReportedAtSCM" classname="org.apache.hadoop.ozone.dn.checksum.TestContainerCommandReconciliation" time="5.979">
    <failure message="expected: &lt;3&gt; but was: &lt;2&gt;" type="org.opentest4j.AssertionFailedError"><![CDATA[org.opentest4j.AssertionFailedError: expected: <3> but was: <2>
	at org.junit.jupiter.api.AssertionFailureBuilder.build(AssertionFailureBuilder.java:151)
	at org.junit.jupiter.api.AssertionFailureBuilder.buildAndThrow(AssertionFailureBuilder.java:132)
	at org.junit.jupiter.api.AssertEquals.failNotEqual(AssertEquals.java:197)
	at org.junit.jupiter.api.AssertEquals.assertEquals(AssertEquals.java:150)
	at org.junit.jupiter.api.AssertEquals.assertEquals(AssertEquals.java:145)
	at org.junit.jupiter.api.Assertions.assertEquals(Assertions.java:531)
	at org.apache.hadoop.ozone.dn.checksum.TestContainerCommandReconciliation.testDataChecksumReportedAtSCM(TestContainerCommandReconciliation.java:471)
	at java.base/java.lang.reflect.Method.invoke(Method.java:580)
	at java.base/java.util.ArrayList.forEach(ArrayList.java:1596)
	at java.base/java.util.ArrayList.forEach(ArrayList.java:1596)
]]></failure>
    <system-out><![CDATA[2025-07-02 18:52:55,687 [main] INFO  rpc.RpcClient (RpcClient.java:createVolume(461)) - Creating Volume: 1c00b6f2-1f63-4259-98a9-539ac7297fd2, with scm as owner and space quota set to -1 bytes, counts quota set to -1
2025-07-02 18:52:55,690 [om1-OMStateMachineApplyTransactionThread - 0] WARN  helpers.OzoneAclUtil (OzoneAclUtil.java:getDefaultAclList(68)) - Failed to get primary group from user scm (auth:SIMPLE)
2025-07-02 18:52:55,691 [om1-OMStateMachineApplyTransactionThread - 0] INFO  volume.OMVolumeCreateRequest (OMVolumeCreateRequest.java:validateAndUpdateCache(203)) - created volume:1c00b6f2-1f63-4259-98a9-539ac7297fd2 for user:scm
2025-07-02 18:52:55,693 [main] INFO  rpc.RpcClient (RpcClient.java:createBucket(686)) - Creating Bucket: 1c00b6f2-1f63-4259-98a9-539ac7297fd2/af991082-2be7-4c36-a7f1-86389d6294ba, with server-side default bucket layout, scm as owner, Versioning false, Storage Type set to DISK and Encryption set to false, Replication Type set to server-side default replication type, Namespace Quota set to -1, Space Quota set to -1 
2025-07-02 18:52:55,695 [om1-OMStateMachineApplyTransactionThread - 0] WARN  helpers.OzoneAclUtil (OzoneAclUtil.java:getDefaultAclList(68)) - Failed to get primary group from user scm/localhost@EXAMPLE.COM (auth:SIMPLE)
2025-07-02 18:52:55,696 [om1-OMStateMachineApplyTransactionThread - 0] INFO  bucket.OMBucketCreateRequest (OMBucketCreateRequest.java:validateAndUpdateCache(292)) - created bucket: af991082-2be7-4c36-a7f1-86389d6294ba of layout FILE_SYSTEM_OPTIMIZED in volume: 1c00b6f2-1f63-4259-98a9-539ac7297fd2
2025-07-02 18:52:56,080 [om1-OMStateMachineApplyTransactionThread - 0] WARN  helpers.OzoneAclUtil (OzoneAclUtil.java:getDefaultAclList(68)) - Failed to get primary group from user scm/localhost@EXAMPLE.COM (auth:SIMPLE)
2025-07-02 18:52:56,094 [fff6918d-693a-4f9d-b154-ded16baf39a4-ChunkWriter-3-0] WARN  statemachine.DatanodeConfiguration (DatanodeConfiguration.java:validateMinFreeSpace(751)) - hdds.datanode.volume.min.free.space.percent = -1.0 is invalid, should be between 0 and 1
2025-07-02 18:52:56,095 [fff6918d-693a-4f9d-b154-ded16baf39a4-ChunkWriter-3-0] WARN  statemachine.DatanodeConfiguration (DatanodeConfiguration.java:validateMinFreeSpace(751)) - hdds.datanode.volume.min.free.space.percent = -1.0 is invalid, should be between 0 and 1
2025-07-02 18:52:56,096 [97a6755e-86fd-4537-91b3-54c33d4d83bf-ChunkWriter-3-0] WARN  statemachine.DatanodeConfiguration (DatanodeConfiguration.java:validateMinFreeSpace(751)) - hdds.datanode.volume.min.free.space.percent = -1.0 is invalid, should be between 0 and 1
2025-07-02 18:52:56,097 [97a6755e-86fd-4537-91b3-54c33d4d83bf-ChunkWriter-3-0] WARN  statemachine.DatanodeConfiguration (DatanodeConfiguration.java:validateMinFreeSpace(751)) - hdds.datanode.volume.min.free.space.percent = -1.0 is invalid, should be between 0 and 1
2025-07-02 18:52:56,112 [a1153de0-65c4-400c-ae9f-71c02a590f14-ChunkWriter-3-0] WARN  statemachine.DatanodeConfiguration (DatanodeConfiguration.java:validateMinFreeSpace(751)) - hdds.datanode.volume.min.free.space.percent = -1.0 is invalid, should be between 0 and 1
2025-07-02 18:52:56,114 [a1153de0-65c4-400c-ae9f-71c02a590f14-ChunkWriter-3-0] WARN  statemachine.DatanodeConfiguration (DatanodeConfiguration.java:validateMinFreeSpace(751)) - hdds.datanode.volume.min.free.space.percent = -1.0 is invalid, should be between 0 and 1
2025-07-02 18:52:56,119 [scmNode-3-FixedThreadPoolWithAffinityExecutor-1-0] WARN  container.IncrementalContainerReportHandler (IncrementalContainerReportHandler.java:processICR(109)) - Container not found: Container #11 (NOT_FOUND) r0 (OPEN, bcsid=0, origin=97a6755e-86fd-4537-91b3-54c33d4d83bf, non-empty) from dn 97a6755e-86fd-4537-91b3-54c33d4d83bf(localhost/127.0.0.1)
2025-07-02 18:52:56,119 [scmNode-2-FixedThreadPoolWithAffinityExecutor-1-0] WARN  container.IncrementalContainerReportHandler (IncrementalContainerReportHandler.java:processICR(109)) - Container not found: Container #11 (NOT_FOUND) r0 (OPEN, bcsid=0, origin=97a6755e-86fd-4537-91b3-54c33d4d83bf, non-empty) from dn 97a6755e-86fd-4537-91b3-54c33d4d83bf(localhost/127.0.0.1)
2025-07-02 18:52:56,120 [scmNode-3-FixedThreadPoolWithAffinityExecutor-1-0] WARN  container.IncrementalContainerReportHandler (IncrementalContainerReportHandler.java:processICR(109)) - Container not found: Container #11 (NOT_FOUND) r0 (OPEN, bcsid=0, origin=fff6918d-693a-4f9d-b154-ded16baf39a4, non-empty) from dn fff6918d-693a-4f9d-b154-ded16baf39a4(localhost/127.0.0.1)
2025-07-02 18:52:56,120 [scmNode-2-FixedThreadPoolWithAffinityExecutor-1-0] WARN  container.IncrementalContainerReportHandler (IncrementalContainerReportHandler.java:processICR(109)) - Container not found: Container #11 (NOT_FOUND) r0 (OPEN, bcsid=0, origin=fff6918d-693a-4f9d-b154-ded16baf39a4, non-empty) from dn fff6918d-693a-4f9d-b154-ded16baf39a4(localhost/127.0.0.1)
2025-07-02 18:52:56,121 [scmNode-2-FixedThreadPoolWithAffinityExecutor-8-0] WARN  container.IncrementalContainerReportHandler (IncrementalContainerReportHandler.java:processICR(109)) - Container not found: Container #11 (NOT_FOUND) r0 (OPEN, bcsid=0, origin=a1153de0-65c4-400c-ae9f-71c02a590f14, non-empty) from dn a1153de0-65c4-400c-ae9f-71c02a590f14(localhost/127.0.0.1)
2025-07-02 18:52:56,123 [scmNode-3-FixedThreadPoolWithAffinityExecutor-8-0] WARN  container.IncrementalContainerReportHandler (IncrementalContainerReportHandler.java:processICR(109)) - Container not found: Container #11 (NOT_FOUND) r0 (OPEN, bcsid=0, origin=a1153de0-65c4-400c-ae9f-71c02a590f14, non-empty) from dn a1153de0-65c4-400c-ae9f-71c02a590f14(localhost/127.0.0.1)
2025-07-02 18:52:56,660 [scmNode-1-EventQueue-CloseContainerForCloseContainerEventHandler] INFO  container.CloseContainerEventHandler (CloseContainerEventHandler.java:onMessage(88)) - Close container Event triggered for container : #11, current state: OPEN
2025-07-02 18:52:56,665 [scmNode-1-EventQueue-CloseContainerForCloseContainerEventHandler] INFO  container.CloseContainerEventHandler (CloseContainerEventHandler.java:onMessage(88)) - Close container Event triggered for container : #11, current state: CLOSING
2025-07-02 18:52:56,665 [scmNode-1-EventQueue-CloseContainerForCloseContainerEventHandler] INFO  container.CloseContainerEventHandler (CloseContainerEventHandler.java:onMessage(88)) - Close container Event triggered for container : #11, current state: CLOSING
2025-07-02 18:52:59,123 [fff6918d-693a-4f9d-b154-ded16baf39a4-CloseContainerThread-1] WARN  keyvalue.KeyValueHandler (KeyValueHandler.java:updateAndGetContainerChecksum(1451)) - Container data checksum updated from 0 to 295076ac
2025-07-02 18:52:59,125 [scmNode-2-FixedThreadPoolWithAffinityExecutor-1-0] INFO  container.IncrementalContainerReportHandler (AbstractContainerReportHandler.java:updateContainerState(253)) - FINALIZE (i.e. CLOSING) Container #11 (OPEN, sid=254) r0 (CLOSING, bcsid=254, origin=fff6918d-693a-4f9d-b154-ded16baf39a4, non-empty) from dn fff6918d-693a-4f9d-b154-ded16baf39a4(localhost/127.0.0.1)
2025-07-02 18:52:59,125 [scmNode-3-FixedThreadPoolWithAffinityExecutor-1-0] INFO  container.IncrementalContainerReportHandler (AbstractContainerReportHandler.java:updateContainerState(253)) - FINALIZE (i.e. CLOSING) Container #11 (OPEN, sid=254) r0 (CLOSING, bcsid=254, origin=fff6918d-693a-4f9d-b154-ded16baf39a4, non-empty) from dn fff6918d-693a-4f9d-b154-ded16baf39a4(localhost/127.0.0.1)
2025-07-02 18:52:59,125 [scmNode-3-FixedThreadPoolWithAffinityExecutor-1-0] INFO  container.IncrementalContainerReportHandler (IncrementalContainerReportHandler.java:processICR(116)) - SCM_NOT_LEADER: Failed to process Container #11 (OPEN, sid=254) r0 (CLOSING, bcsid=254, origin=fff6918d-693a-4f9d-b154-ded16baf39a4, non-empty) from dn fff6918d-693a-4f9d-b154-ded16baf39a4(localhost/127.0.0.1)
2025-07-02 18:52:59,128 [scmNode-2-FixedThreadPoolWithAffinityExecutor-1-0] INFO  container.IncrementalContainerReportHandler (IncrementalContainerReportHandler.java:processICR(116)) - SCM_NOT_LEADER: Failed to process Container #11 (OPEN, sid=254) r0 (CLOSING, bcsid=254, origin=fff6918d-693a-4f9d-b154-ded16baf39a4, non-empty) from dn fff6918d-693a-4f9d-b154-ded16baf39a4(localhost/127.0.0.1)
2025-07-02 18:52:59,128 [97a6755e-86fd-4537-91b3-54c33d4d83bf-CloseContainerThread-1] WARN  keyvalue.KeyValueHandler (KeyValueHandler.java:updateAndGetContainerChecksum(1451)) - Container data checksum updated from 0 to 295076ac
2025-07-02 18:52:59,129 [97a6755e-86fd-4537-91b3-54c33d4d83bf-CloseContainerThread-1] INFO  commandhandler.CloseContainerCommandHandler (CloseContainerCommandHandler.java:lambda$handle$0(154)) - Follower cannot close container #11.
2025-07-02 18:52:59,130 [a1153de0-65c4-400c-ae9f-71c02a590f14-CloseContainerThread-1] WARN  keyvalue.KeyValueHandler (KeyValueHandler.java:updateAndGetContainerChecksum(1451)) - Container data checksum updated from 0 to 295076ac
2025-07-02 18:52:59,130 [scmNode-3-FixedThreadPoolWithAffinityExecutor-1-0] INFO  container.IncrementalContainerReportHandler (AbstractContainerReportHandler.java:updateContainerState(253)) - FINALIZE (i.e. CLOSING) Container #11 (OPEN, sid=254) r0 (CLOSING, bcsid=254, origin=97a6755e-86fd-4537-91b3-54c33d4d83bf, non-empty) from dn 97a6755e-86fd-4537-91b3-54c33d4d83bf(localhost/127.0.0.1)
2025-07-02 18:52:59,131 [scmNode-2-FixedThreadPoolWithAffinityExecutor-1-0] INFO  container.IncrementalContainerReportHandler (AbstractContainerReportHandler.java:updateContainerState(253)) - FINALIZE (i.e. CLOSING) Container #11 (OPEN, sid=254) r0 (CLOSING, bcsid=254, origin=97a6755e-86fd-4537-91b3-54c33d4d83bf, non-empty) from dn 97a6755e-86fd-4537-91b3-54c33d4d83bf(localhost/127.0.0.1)
2025-07-02 18:52:59,131 [scmNode-2-FixedThreadPoolWithAffinityExecutor-1-0] INFO  container.IncrementalContainerReportHandler (IncrementalContainerReportHandler.java:processICR(116)) - SCM_NOT_LEADER: Failed to process Container #11 (OPEN, sid=254) r0 (CLOSING, bcsid=254, origin=97a6755e-86fd-4537-91b3-54c33d4d83bf, non-empty) from dn 97a6755e-86fd-4537-91b3-54c33d4d83bf(localhost/127.0.0.1)
2025-07-02 18:52:59,132 [scmNode-2-FixedThreadPoolWithAffinityExecutor-1-0] INFO  container.IncrementalContainerReportHandler (AbstractContainerReportHandler.java:updateContainerState(253)) - FINALIZE (i.e. CLOSING) Container #11 (OPEN, sid=254) r0 (CLOSING, bcsid=254, origin=fff6918d-693a-4f9d-b154-ded16baf39a4, non-empty) from dn fff6918d-693a-4f9d-b154-ded16baf39a4(localhost/127.0.0.1)
2025-07-02 18:52:59,132 [fff6918d-693a-4f9d-b154-ded16baf39a4-ContainerOp-e4f4775a-5ba1-419b-a816-9396b2a0ac6b-0] INFO  keyvalue.KeyValueContainer (KeyValueContainer.java:flushAndSyncDB(514)) - Synced container: KeyValueContainerData #11 (CLOSING, non-empty, ri=0, origin=[dn_fff6918d-693a-4f9d-b154-ded16baf39a4, pipeline_e4f4775a-5ba1-419b-a816-9396b2a0ac6b])
2025-07-02 18:52:59,132 [fff6918d-693a-4f9d-b154-ded16baf39a4-ContainerOp-e4f4775a-5ba1-419b-a816-9396b2a0ac6b-0] INFO  keyvalue.KeyValueContainer (KeyValueContainer.java:flushAndSyncDB(514)) - Synced container: KeyValueContainerData #11 (CLOSING, non-empty, ri=0, origin=[dn_fff6918d-693a-4f9d-b154-ded16baf39a4, pipeline_e4f4775a-5ba1-419b-a816-9396b2a0ac6b])
2025-07-02 18:52:59,132 [a1153de0-65c4-400c-ae9f-71c02a590f14-CloseContainerThread-1] INFO  commandhandler.CloseContainerCommandHandler (CloseContainerCommandHandler.java:lambda$handle$0(154)) - Follower cannot close container #11.
2025-07-02 18:52:59,132 [scmNode-3-FixedThreadPoolWithAffinityExecutor-8-0] INFO  container.IncrementalContainerReportHandler (AbstractContainerReportHandler.java:updateContainerState(253)) - FINALIZE (i.e. CLOSING) Container #11 (OPEN, sid=254) r0 (CLOSING, bcsid=254, origin=a1153de0-65c4-400c-ae9f-71c02a590f14, non-empty) from dn a1153de0-65c4-400c-ae9f-71c02a590f14(localhost/127.0.0.1)
2025-07-02 18:52:59,132 [scmNode-3-FixedThreadPoolWithAffinityExecutor-1-0] INFO  container.IncrementalContainerReportHandler (IncrementalContainerReportHandler.java:processICR(116)) - SCM_NOT_LEADER: Failed to process Container #11 (OPEN, sid=254) r0 (CLOSING, bcsid=254, origin=97a6755e-86fd-4537-91b3-54c33d4d83bf, non-empty) from dn 97a6755e-86fd-4537-91b3-54c33d4d83bf(localhost/127.0.0.1)
2025-07-02 18:52:59,133 [scmNode-3-FixedThreadPoolWithAffinityExecutor-8-0] INFO  container.IncrementalContainerReportHandler (IncrementalContainerReportHandler.java:processICR(116)) - SCM_NOT_LEADER: Failed to process Container #11 (OPEN, sid=254) r0 (CLOSING, bcsid=254, origin=a1153de0-65c4-400c-ae9f-71c02a590f14, non-empty) from dn a1153de0-65c4-400c-ae9f-71c02a590f14(localhost/127.0.0.1)
2025-07-02 18:52:59,134 [scmNode-2-FixedThreadPoolWithAffinityExecutor-1-0] INFO  container.IncrementalContainerReportHandler (IncrementalContainerReportHandler.java:processICR(116)) - SCM_NOT_LEADER: Failed to process Container #11 (OPEN, sid=254) r0 (CLOSING, bcsid=254, origin=fff6918d-693a-4f9d-b154-ded16baf39a4, non-empty) from dn fff6918d-693a-4f9d-b154-ded16baf39a4(localhost/127.0.0.1)
2025-07-02 18:52:59,134 [scmNode-2-FixedThreadPoolWithAffinityExecutor-8-0] INFO  container.IncrementalContainerReportHandler (AbstractContainerReportHandler.java:updateContainerState(253)) - FINALIZE (i.e. CLOSING) Container #11 (OPEN, sid=254) r0 (CLOSING, bcsid=254, origin=a1153de0-65c4-400c-ae9f-71c02a590f14, non-empty) from dn a1153de0-65c4-400c-ae9f-71c02a590f14(localhost/127.0.0.1)
2025-07-02 18:52:59,134 [scmNode-3-FixedThreadPoolWithAffinityExecutor-8-0] INFO  container.IncrementalContainerReportHandler (AbstractContainerReportHandler.java:updateContainerState(253)) - FINALIZE (i.e. CLOSING) Container #11 (OPEN, sid=254) r0 (CLOSING, bcsid=254, origin=a1153de0-65c4-400c-ae9f-71c02a590f14, non-empty) from dn a1153de0-65c4-400c-ae9f-71c02a590f14(localhost/127.0.0.1)
2025-07-02 18:52:59,134 [scmNode-3-FixedThreadPoolWithAffinityExecutor-8-0] INFO  container.IncrementalContainerReportHandler (IncrementalContainerReportHandler.java:processICR(116)) - SCM_NOT_LEADER: Failed to process Container #11 (OPEN, sid=254) r0 (CLOSING, bcsid=254, origin=a1153de0-65c4-400c-ae9f-71c02a590f14, non-empty) from dn a1153de0-65c4-400c-ae9f-71c02a590f14(localhost/127.0.0.1)
2025-07-02 18:52:59,134 [a1153de0-65c4-400c-ae9f-71c02a590f14-ContainerOp-e4f4775a-5ba1-419b-a816-9396b2a0ac6b-0] INFO  keyvalue.KeyValueContainer (KeyValueContainer.java:flushAndSyncDB(514)) - Synced container: KeyValueContainerData #11 (CLOSING, non-empty, ri=0, origin=[dn_a1153de0-65c4-400c-ae9f-71c02a590f14, pipeline_e4f4775a-5ba1-419b-a816-9396b2a0ac6b])
2025-07-02 18:52:59,134 [a1153de0-65c4-400c-ae9f-71c02a590f14-ContainerOp-e4f4775a-5ba1-419b-a816-9396b2a0ac6b-0] INFO  keyvalue.KeyValueContainer (KeyValueContainer.java:flushAndSyncDB(514)) - Synced container: KeyValueContainerData #11 (CLOSING, non-empty, ri=0, origin=[dn_a1153de0-65c4-400c-ae9f-71c02a590f14, pipeline_e4f4775a-5ba1-419b-a816-9396b2a0ac6b])
2025-07-02 18:52:59,134 [scmNode-2-FixedThreadPoolWithAffinityExecutor-8-0] INFO  container.IncrementalContainerReportHandler (IncrementalContainerReportHandler.java:processICR(116)) - SCM_NOT_LEADER: Failed to process Container #11 (OPEN, sid=254) r0 (CLOSING, bcsid=254, origin=a1153de0-65c4-400c-ae9f-71c02a590f14, non-empty) from dn a1153de0-65c4-400c-ae9f-71c02a590f14(localhost/127.0.0.1)
2025-07-02 18:52:59,135 [scmNode-2-FixedThreadPoolWithAffinityExecutor-8-0] INFO  container.IncrementalContainerReportHandler (AbstractContainerReportHandler.java:updateContainerState(253)) - FINALIZE (i.e. CLOSING) Container #11 (OPEN, sid=254) r0 (CLOSING, bcsid=254, origin=a1153de0-65c4-400c-ae9f-71c02a590f14, non-empty) from dn a1153de0-65c4-400c-ae9f-71c02a590f14(localhost/127.0.0.1)
2025-07-02 18:52:59,135 [scmNode-3-FixedThreadPoolWithAffinityExecutor-1-0] INFO  container.IncrementalContainerReportHandler (AbstractContainerReportHandler.java:updateContainerState(253)) - FINALIZE (i.e. CLOSING) Container #11 (OPEN, sid=254) r0 (CLOSING, bcsid=254, origin=fff6918d-693a-4f9d-b154-ded16baf39a4, non-empty) from dn fff6918d-693a-4f9d-b154-ded16baf39a4(localhost/127.0.0.1)
2025-07-02 18:52:59,136 [scmNode-3-FixedThreadPoolWithAffinityExecutor-1-0] INFO  container.IncrementalContainerReportHandler (IncrementalContainerReportHandler.java:processICR(116)) - SCM_NOT_LEADER: Failed to process Container #11 (OPEN, sid=254) r0 (CLOSING, bcsid=254, origin=fff6918d-693a-4f9d-b154-ded16baf39a4, non-empty) from dn fff6918d-693a-4f9d-b154-ded16baf39a4(localhost/127.0.0.1)
2025-07-02 18:52:59,136 [scmNode-3-FixedThreadPoolWithAffinityExecutor-1-0] INFO  container.IncrementalContainerReportHandler (AbstractContainerReportHandler.java:updateContainerState(253)) - FINALIZE (i.e. CLOSING) Container #11 (OPEN, sid=254) r0 (CLOSING, bcsid=254, origin=97a6755e-86fd-4537-91b3-54c33d4d83bf, non-empty) from dn 97a6755e-86fd-4537-91b3-54c33d4d83bf(localhost/127.0.0.1)
2025-07-02 18:52:59,137 [scmNode-2-FixedThreadPoolWithAffinityExecutor-1-0] INFO  container.IncrementalContainerReportHandler (AbstractContainerReportHandler.java:updateContainerState(253)) - FINALIZE (i.e. CLOSING) Container #11 (OPEN, sid=254) r0 (CLOSING, bcsid=254, origin=97a6755e-86fd-4537-91b3-54c33d4d83bf, non-empty) from dn 97a6755e-86fd-4537-91b3-54c33d4d83bf(localhost/127.0.0.1)
2025-07-02 18:52:59,137 [97a6755e-86fd-4537-91b3-54c33d4d83bf-ContainerOp-e4f4775a-5ba1-419b-a816-9396b2a0ac6b-0] INFO  keyvalue.KeyValueContainer (KeyValueContainer.java:flushAndSyncDB(514)) - Synced container: KeyValueContainerData #11 (CLOSING, non-empty, ri=0, origin=[dn_97a6755e-86fd-4537-91b3-54c33d4d83bf, pipeline_e4f4775a-5ba1-419b-a816-9396b2a0ac6b])
2025-07-02 18:52:59,137 [97a6755e-86fd-4537-91b3-54c33d4d83bf-ContainerOp-e4f4775a-5ba1-419b-a816-9396b2a0ac6b-0] INFO  keyvalue.KeyValueContainer (KeyValueContainer.java:flushAndSyncDB(514)) - Synced container: KeyValueContainerData #11 (CLOSING, non-empty, ri=0, origin=[dn_97a6755e-86fd-4537-91b3-54c33d4d83bf, pipeline_e4f4775a-5ba1-419b-a816-9396b2a0ac6b])
2025-07-02 18:52:59,136 [scmNode-2-FixedThreadPoolWithAffinityExecutor-8-0] INFO  container.IncrementalContainerReportHandler (IncrementalContainerReportHandler.java:processICR(116)) - SCM_NOT_LEADER: Failed to process Container #11 (OPEN, sid=254) r0 (CLOSING, bcsid=254, origin=a1153de0-65c4-400c-ae9f-71c02a590f14, non-empty) from dn a1153de0-65c4-400c-ae9f-71c02a590f14(localhost/127.0.0.1)
2025-07-02 18:52:59,137 [scmNode-3-FixedThreadPoolWithAffinityExecutor-1-0] INFO  container.IncrementalContainerReportHandler (IncrementalContainerReportHandler.java:processICR(116)) - SCM_NOT_LEADER: Failed to process Container #11 (OPEN, sid=254) r0 (CLOSING, bcsid=254, origin=97a6755e-86fd-4537-91b3-54c33d4d83bf, non-empty) from dn 97a6755e-86fd-4537-91b3-54c33d4d83bf(localhost/127.0.0.1)
2025-07-02 18:52:59,138 [scmNode-2-FixedThreadPoolWithAffinityExecutor-1-0] INFO  container.IncrementalContainerReportHandler (IncrementalContainerReportHandler.java:processICR(116)) - SCM_NOT_LEADER: Failed to process Container #11 (OPEN, sid=254) r0 (CLOSING, bcsid=254, origin=97a6755e-86fd-4537-91b3-54c33d4d83bf, non-empty) from dn 97a6755e-86fd-4537-91b3-54c33d4d83bf(localhost/127.0.0.1)
2025-07-02 18:52:59,143 [97a6755e-86fd-4537-91b3-54c33d4d83bf-ContainerOp-e4f4775a-5ba1-419b-a816-9396b2a0ac6b-0] INFO  keyvalue.KeyValueContainer (KeyValueContainer.java:close(430)) - Closed container: KeyValueContainerData #11 (CLOSED, non-empty, ri=0, origin=[dn_97a6755e-86fd-4537-91b3-54c33d4d83bf, pipeline_e4f4775a-5ba1-419b-a816-9396b2a0ac6b])
2025-07-02 18:52:59,143 [a1153de0-65c4-400c-ae9f-71c02a590f14-ContainerOp-e4f4775a-5ba1-419b-a816-9396b2a0ac6b-0] INFO  keyvalue.KeyValueContainer (KeyValueContainer.java:close(430)) - Closed container: KeyValueContainerData #11 (CLOSED, non-empty, ri=0, origin=[dn_a1153de0-65c4-400c-ae9f-71c02a590f14, pipeline_e4f4775a-5ba1-419b-a816-9396b2a0ac6b])
2025-07-02 18:52:59,144 [scmNode-3-FixedThreadPoolWithAffinityExecutor-8-0] INFO  container.IncrementalContainerReportHandler (AbstractContainerReportHandler.java:updateContainerState(253)) - FINALIZE (i.e. CLOSING) Container #11 (OPEN, sid=254) r0 (CLOSED, bcsid=254, origin=a1153de0-65c4-400c-ae9f-71c02a590f14, non-empty) from dn a1153de0-65c4-400c-ae9f-71c02a590f14(localhost/127.0.0.1)
2025-07-02 18:52:59,145 [scmNode-1-FixedThreadPoolWithAffinityExecutor-8-0] INFO  container.IncrementalContainerReportHandler (AbstractContainerReportHandler.java:updateContainerState(289)) - CLOSE Container #11 (CLOSING, sid=254) r0 (CLOSED, bcsid=254, origin=a1153de0-65c4-400c-ae9f-71c02a590f14, non-empty) from dn a1153de0-65c4-400c-ae9f-71c02a590f14(localhost/127.0.0.1)
2025-07-02 18:52:59,145 [scmNode-2-FixedThreadPoolWithAffinityExecutor-8-0] INFO  container.IncrementalContainerReportHandler (AbstractContainerReportHandler.java:updateContainerState(253)) - FINALIZE (i.e. CLOSING) Container #11 (OPEN, sid=254) r0 (CLOSED, bcsid=254, origin=a1153de0-65c4-400c-ae9f-71c02a590f14, non-empty) from dn a1153de0-65c4-400c-ae9f-71c02a590f14(localhost/127.0.0.1)
2025-07-02 18:52:59,146 [scmNode-3-FixedThreadPoolWithAffinityExecutor-8-0] INFO  container.IncrementalContainerReportHandler (IncrementalContainerReportHandler.java:processICR(116)) - SCM_NOT_LEADER: Failed to process Container #11 (OPEN, sid=254) r0 (CLOSED, bcsid=254, origin=a1153de0-65c4-400c-ae9f-71c02a590f14, non-empty) from dn a1153de0-65c4-400c-ae9f-71c02a590f14(localhost/127.0.0.1)
2025-07-02 18:52:59,146 [scmNode-3-FixedThreadPoolWithAffinityExecutor-1-0] INFO  container.IncrementalContainerReportHandler (AbstractContainerReportHandler.java:updateContainerState(253)) - FINALIZE (i.e. CLOSING) Container #11 (OPEN, sid=254) r0 (CLOSED, bcsid=254, origin=97a6755e-86fd-4537-91b3-54c33d4d83bf, non-empty) from dn 97a6755e-86fd-4537-91b3-54c33d4d83bf(localhost/127.0.0.1)
2025-07-02 18:52:59,146 [scmNode-2-FixedThreadPoolWithAffinityExecutor-8-0] INFO  container.IncrementalContainerReportHandler (IncrementalContainerReportHandler.java:processICR(116)) - SCM_NOT_LEADER: Failed to process Container #11 (OPEN, sid=254) r0 (CLOSED, bcsid=254, origin=a1153de0-65c4-400c-ae9f-71c02a590f14, non-empty) from dn a1153de0-65c4-400c-ae9f-71c02a590f14(localhost/127.0.0.1)
2025-07-02 18:52:59,147 [scmNode-2-FixedThreadPoolWithAffinityExecutor-1-0] INFO  container.IncrementalContainerReportHandler (AbstractContainerReportHandler.java:updateContainerState(253)) - FINALIZE (i.e. CLOSING) Container #11 (OPEN, sid=254) r0 (CLOSED, bcsid=254, origin=97a6755e-86fd-4537-91b3-54c33d4d83bf, non-empty) from dn 97a6755e-86fd-4537-91b3-54c33d4d83bf(localhost/127.0.0.1)
2025-07-02 18:52:59,147 [scmNode-3-FixedThreadPoolWithAffinityExecutor-1-0] INFO  container.IncrementalContainerReportHandler (IncrementalContainerReportHandler.java:processICR(116)) - SCM_NOT_LEADER: Failed to process Container #11 (OPEN, sid=254) r0 (CLOSED, bcsid=254, origin=97a6755e-86fd-4537-91b3-54c33d4d83bf, non-empty) from dn 97a6755e-86fd-4537-91b3-54c33d4d83bf(localhost/127.0.0.1)
2025-07-02 18:52:59,147 [fff6918d-693a-4f9d-b154-ded16baf39a4-ContainerOp-e4f4775a-5ba1-419b-a816-9396b2a0ac6b-0] INFO  keyvalue.KeyValueContainer (KeyValueContainer.java:close(430)) - Closed container: KeyValueContainerData #11 (CLOSED, non-empty, ri=0, origin=[dn_fff6918d-693a-4f9d-b154-ded16baf39a4, pipeline_e4f4775a-5ba1-419b-a816-9396b2a0ac6b])
2025-07-02 18:52:59,148 [scmNode-2-FixedThreadPoolWithAffinityExecutor-1-0] INFO  container.IncrementalContainerReportHandler (IncrementalContainerReportHandler.java:processICR(116)) - SCM_NOT_LEADER: Failed to process Container #11 (OPEN, sid=254) r0 (CLOSED, bcsid=254, origin=97a6755e-86fd-4537-91b3-54c33d4d83bf, non-empty) from dn 97a6755e-86fd-4537-91b3-54c33d4d83bf(localhost/127.0.0.1)
2025-07-02 18:52:59,149 [scmNode-2-FixedThreadPoolWithAffinityExecutor-1-0] INFO  container.IncrementalContainerReportHandler (AbstractContainerReportHandler.java:updateContainerState(289)) - CLOSE Container #11 (CLOSING, sid=254) r0 (CLOSED, bcsid=254, origin=fff6918d-693a-4f9d-b154-ded16baf39a4, non-empty) from dn fff6918d-693a-4f9d-b154-ded16baf39a4(localhost/127.0.0.1)
2025-07-02 18:52:59,150 [scmNode-3-FixedThreadPoolWithAffinityExecutor-1-0] INFO  container.IncrementalContainerReportHandler (AbstractContainerReportHandler.java:updateContainerState(289)) - CLOSE Container #11 (CLOSING, sid=254) r0 (CLOSED, bcsid=254, origin=fff6918d-693a-4f9d-b154-ded16baf39a4, non-empty) from dn fff6918d-693a-4f9d-b154-ded16baf39a4(localhost/127.0.0.1)
2025-07-02 18:52:59,150 [scmNode-2-FixedThreadPoolWithAffinityExecutor-1-0] INFO  container.IncrementalContainerReportHandler (IncrementalContainerReportHandler.java:processICR(116)) - SCM_NOT_LEADER: Failed to process Container #11 (CLOSING, sid=254) r0 (CLOSED, bcsid=254, origin=fff6918d-693a-4f9d-b154-ded16baf39a4, non-empty) from dn fff6918d-693a-4f9d-b154-ded16baf39a4(localhost/127.0.0.1)
2025-07-02 18:52:59,150 [scmNode-3-FixedThreadPoolWithAffinityExecutor-1-0] INFO  container.IncrementalContainerReportHandler (IncrementalContainerReportHandler.java:processICR(116)) - SCM_NOT_LEADER: Failed to process Container #11 (CLOSING, sid=254) r0 (CLOSED, bcsid=254, origin=fff6918d-693a-4f9d-b154-ded16baf39a4, non-empty) from dn fff6918d-693a-4f9d-b154-ded16baf39a4(localhost/127.0.0.1)
2025-07-02 18:53:00,149 [scmNode-3-FixedThreadPoolWithAffinityExecutor-1-0] INFO  container.ContainerReportHandler (AbstractContainerReportHandler.java:updateContainerState(289)) - CLOSE Container #11 (CLOSING, sid=254) r0 (CLOSED, bcsid=254, origin=fff6918d-693a-4f9d-b154-ded16baf39a4, non-empty) from dn fff6918d-693a-4f9d-b154-ded16baf39a4(localhost/127.0.0.1)
2025-07-02 18:53:00,150 [scmNode-3-FixedThreadPoolWithAffinityExecutor-1-0] ERROR container.ContainerReportHandler (ContainerReportHandler.java:processSingleReplica(231)) - Failed to process Container #11 (CLOSING, sid=254) r0 (CLOSED, bcsid=254, origin=fff6918d-693a-4f9d-b154-ded16baf39a4, non-empty) from dn fff6918d-693a-4f9d-b154-ded16baf39a4(localhost/127.0.0.1)
org.apache.hadoop.hdds.scm.exceptions.SCMException: org.apache.ratis.protocol.exceptions.NotLeaderException: Server ca181966-e7f6-4c77-8344-65416d18d1f8@group-F629F00B5E08 is not the leader, suggested leader is: 0570d27e-7557-449b-949c-3e7f7fc57b05|localhost:15003
	at org.apache.hadoop.hdds.scm.ha.SCMHAInvocationHandler.translateException(SCMHAInvocationHandler.java:163)
	at org.apache.hadoop.hdds.scm.ha.SCMHAInvocationHandler.invokeRatis(SCMHAInvocationHandler.java:113)
	at org.apache.hadoop.hdds.scm.ha.SCMHAInvocationHandler.invoke(SCMHAInvocationHandler.java:72)
	at jdk.proxy2/jdk.proxy2.$Proxy48.updateContainerState(Unknown Source)
	at org.apache.hadoop.hdds.scm.container.ContainerManagerImpl.updateContainerState(ContainerManagerImpl.java:284)
	at org.apache.hadoop.hdds.scm.container.AbstractContainerReportHandler.updateContainerState(AbstractContainerReportHandler.java:290)
	at org.apache.hadoop.hdds.scm.container.AbstractContainerReportHandler.processContainerReplica(AbstractContainerReportHandler.java:115)
	at org.apache.hadoop.hdds.scm.container.ContainerReportHandler.processSingleReplica(ContainerReportHandler.java:229)
	at org.apache.hadoop.hdds.scm.container.ContainerReportHandler.onMessage(ContainerReportHandler.java:181)
	at org.apache.hadoop.hdds.scm.container.ContainerReportHandler.onMessage(ContainerReportHandler.java:44)
	at org.apache.hadoop.hdds.server.events.FixedThreadPoolWithAffinityExecutor$ContainerReportProcessTask.run(FixedThreadPoolWithAffinityExecutor.java:257)
	at java.base/java.util.concurrent.Executors$RunnableAdapter.call(Executors.java:572)
	at java.base/java.util.concurrent.FutureTask.run(FutureTask.java:317)
	at java.base/java.util.concurrent.ThreadPoolExecutor.runWorker(ThreadPoolExecutor.java:1144)
	at java.base/java.util.concurrent.ThreadPoolExecutor$Worker.run(ThreadPoolExecutor.java:642)
	at java.base/java.lang.Thread.run(Thread.java:1583)
Caused by: org.apache.ratis.protocol.exceptions.NotLeaderException: Server ca181966-e7f6-4c77-8344-65416d18d1f8@group-F629F00B5E08 is not the leader, suggested leader is: 0570d27e-7557-449b-949c-3e7f7fc57b05|localhost:15003
	at org.apache.ratis.server.impl.RaftServerImpl.generateNotLeaderException(RaftServerImpl.java:804)
	at org.apache.ratis.server.impl.RaftServerImpl.checkLeaderState(RaftServerImpl.java:769)
	at org.apache.ratis.server.impl.RaftServerImpl.checkLeaderState(RaftServerImpl.java:755)
	at org.apache.ratis.server.impl.RaftServerImpl.writeAsyncImpl(RaftServerImpl.java:972)
	at org.apache.ratis.server.impl.RaftServerImpl.writeAsync(RaftServerImpl.java:960)
	at org.apache.ratis.server.impl.RaftServerImpl.replyFuture(RaftServerImpl.java:953)
	at org.apache.ratis.server.impl.RaftServerImpl.submitClientRequestAsync(RaftServerImpl.java:930)
	at org.apache.ratis.server.impl.RaftServerImpl.lambda$null$11(RaftServerImpl.java:919)
	at org.apache.ratis.util.JavaUtils.callAsUnchecked(JavaUtils.java:118)
	at org.apache.ratis.server.impl.RaftServerImpl.lambda$executeSubmitClientRequestAsync$12(RaftServerImpl.java:919)
	at java.base/java.util.concurrent.CompletableFuture$AsyncSupply.run(CompletableFuture.java:1768)
	... 3 more
2025-07-02 18:53:00,151 [scmNode-2-FixedThreadPoolWithAffinityExecutor-1-0] INFO  container.ContainerReportHandler (AbstractContainerReportHandler.java:updateContainerState(289)) - CLOSE Container #11 (CLOSING, sid=254) r0 (CLOSED, bcsid=254, origin=fff6918d-693a-4f9d-b154-ded16baf39a4, non-empty) from dn fff6918d-693a-4f9d-b154-ded16baf39a4(localhost/127.0.0.1)
2025-07-02 18:53:00,152 [scmNode-2-FixedThreadPoolWithAffinityExecutor-1-0] ERROR container.ContainerReportHandler (ContainerReportHandler.java:processSingleReplica(231)) - Failed to process Container #11 (CLOSING, sid=254) r0 (CLOSED, bcsid=254, origin=fff6918d-693a-4f9d-b154-ded16baf39a4, non-empty) from dn fff6918d-693a-4f9d-b154-ded16baf39a4(localhost/127.0.0.1)
org.apache.hadoop.hdds.scm.exceptions.SCMException: org.apache.ratis.protocol.exceptions.NotLeaderException: Server 4680a024-3a59-4e75-8ac7-1755b08d3543@group-F629F00B5E08 is not the leader, suggested leader is: 0570d27e-7557-449b-949c-3e7f7fc57b05|localhost:15003
	at org.apache.hadoop.hdds.scm.ha.SCMHAInvocationHandler.translateException(SCMHAInvocationHandler.java:163)
	at org.apache.hadoop.hdds.scm.ha.SCMHAInvocationHandler.invokeRatis(SCMHAInvocationHandler.java:113)
	at org.apache.hadoop.hdds.scm.ha.SCMHAInvocationHandler.invoke(SCMHAInvocationHandler.java:72)
	at jdk.proxy2/jdk.proxy2.$Proxy48.updateContainerState(Unknown Source)
	at org.apache.hadoop.hdds.scm.container.ContainerManagerImpl.updateContainerState(ContainerManagerImpl.java:284)
	at org.apache.hadoop.hdds.scm.container.AbstractContainerReportHandler.updateContainerState(AbstractContainerReportHandler.java:290)
	at org.apache.hadoop.hdds.scm.container.AbstractContainerReportHandler.processContainerReplica(AbstractContainerReportHandler.java:115)
	at org.apache.hadoop.hdds.scm.container.ContainerReportHandler.processSingleReplica(ContainerReportHandler.java:229)
	at org.apache.hadoop.hdds.scm.container.ContainerReportHandler.onMessage(ContainerReportHandler.java:181)
	at org.apache.hadoop.hdds.scm.container.ContainerReportHandler.onMessage(ContainerReportHandler.java:44)
	at org.apache.hadoop.hdds.server.events.FixedThreadPoolWithAffinityExecutor$ContainerReportProcessTask.run(FixedThreadPoolWithAffinityExecutor.java:257)
	at java.base/java.util.concurrent.Executors$RunnableAdapter.call(Executors.java:572)
	at java.base/java.util.concurrent.FutureTask.run(FutureTask.java:317)
	at java.base/java.util.concurrent.ThreadPoolExecutor.runWorker(ThreadPoolExecutor.java:1144)
	at java.base/java.util.concurrent.ThreadPoolExecutor$Worker.run(ThreadPoolExecutor.java:642)
	at java.base/java.lang.Thread.run(Thread.java:1583)
Caused by: org.apache.ratis.protocol.exceptions.NotLeaderException: Server 4680a024-3a59-4e75-8ac7-1755b08d3543@group-F629F00B5E08 is not the leader, suggested leader is: 0570d27e-7557-449b-949c-3e7f7fc57b05|localhost:15003
	at org.apache.ratis.server.impl.RaftServerImpl.generateNotLeaderException(RaftServerImpl.java:804)
	at org.apache.ratis.server.impl.RaftServerImpl.checkLeaderState(RaftServerImpl.java:769)
	at org.apache.ratis.server.impl.RaftServerImpl.checkLeaderState(RaftServerImpl.java:755)
	at org.apache.ratis.server.impl.RaftServerImpl.writeAsyncImpl(RaftServerImpl.java:972)
	at org.apache.ratis.server.impl.RaftServerImpl.writeAsync(RaftServerImpl.java:960)
	at org.apache.ratis.server.impl.RaftServerImpl.replyFuture(RaftServerImpl.java:953)
	at org.apache.ratis.server.impl.RaftServerImpl.submitClientRequestAsync(RaftServerImpl.java:930)
	at org.apache.ratis.server.impl.RaftServerImpl.lambda$null$11(RaftServerImpl.java:919)
	at org.apache.ratis.util.JavaUtils.callAsUnchecked(JavaUtils.java:118)
	at org.apache.ratis.server.impl.RaftServerImpl.lambda$executeSubmitClientRequestAsync$12(RaftServerImpl.java:919)
	at java.base/java.util.concurrent.CompletableFuture$AsyncSupply.run(CompletableFuture.java:1768)
	... 3 more
]]></system-out>
  </testcase>
</testsuite>