<?xml version="1.0" encoding="UTF-8"?>
<testsuite xmlns:xsi="http://www.w3.org/2001/XMLSchema-instance" xsi:noNamespaceSchemaLocation="https://maven.apache.org/surefire/maven-surefire-plugin/xsd/surefire-test-report.xsd" name="org.apache.hadoop.ozone.om.TestOzoneManagerHAWithData" time="289.544" tests="11" errors="1" skipped="1" failures="0">
  <properties>
    <property name="awt.toolkit" value="sun.awt.X11.XToolkit"/>
    <property name="file.encoding.pkg" value="sun.io"/>
    <property name="java.specification.version" value="1.8"/>
    <property name="sun.cpu.isalist" value=""/>
    <property name="sun.jnu.encoding" value="ANSI_X3.4-1968"/>
    <property name="java.class.path" value="/github/workspace/mnt/ozone/hadoop-ozone/integration-test/target/test-classes:/github/workspace/mnt/ozone/hadoop-ozone/integration-test/target/classes:/home/user/.m2/repository/org/apache/hadoop/hadoop-ozone-common/0.6.0-SNAPSHOT/hadoop-ozone-common-0.6.0-SNAPSHOT.jar:/home/user/.m2/repository/org/apache/commons/commons-compress/1.4.1/commons-compress-1.4.1.jar:/home/user/.m2/repository/org/tukaani/xz/1.0/xz-1.0.jar:/home/user/.m2/repository/org/apache/hadoop/hadoop-hdds-common/0.6.0-SNAPSHOT/hadoop-hdds-common-0.6.0-SNAPSHOT.jar:/home/user/.m2/repository/org/apache/hadoop/hadoop-hdds-hadoop-dependency-client/0.6.0-SNAPSHOT/hadoop-hdds-hadoop-dependency-client-0.6.0-SNAPSHOT.jar:/home/user/.m2/repository/info/picocli/picocli/3.9.6/picocli-3.9.6.jar:/home/user/.m2/repository/com/fasterxml/jackson/core/jackson-annotations/2.10.3/jackson-annotations-2.10.3.jar:/home/user/.m2/repository/javax/annotation/javax.annotation-api/1.2/javax.annotation-api-1.2.jar:/home/user/.m2/repository/org/apache/ratis/ratis-server/0.6.0-6ab75ae-SNAPSHOT/ratis-server-0.6.0-6ab75ae-SNAPSHOT.jar:/home/user/.m2/repository/org/apache/ratis/ratis-client/0.6.0-6ab75ae-SNAPSHOT/ratis-client-0.6.0-6ab75ae-SNAPSHOT.jar:/home/user/.m2/repository/org/apache/ratis/ratis-metrics/0.6.0-6ab75ae-SNAPSHOT/ratis-metrics-0.6.0-6ab75ae-SNAPSHOT.jar:/home/user/.m2/repository/org/apache/ratis/ratis-netty/0.6.0-6ab75ae-SNAPSHOT/ratis-netty-0.6.0-6ab75ae-SNAPSHOT.jar:/home/user/.m2/repository/org/apache/ratis/ratis-grpc/0.6.0-6ab75ae-SNAPSHOT/ratis-grpc-0.6.0-6ab75ae-SNAPSHOT.jar:/home/user/.m2/repository/org/apache/logging/log4j/log4j-api/2.11.0/log4j-api-2.11.0.jar:/home/user/.m2/repository/org/apache/logging/log4j/log4j-core/2.11.0/log4j-core-2.11.0.jar:/home/user/.m2/repository/com/lmax/disruptor/3.4.2/disruptor-3.4.2.jar:/home/user/.m2/repository/org/apache/commons/commons-pool2/2.6.0/commons-pool2-2.6.0.jar:/home/user/.m2/repository/org/bouncycastle/bcpkix-jdk15on/1.60/bcpkix-jdk15on-1.60.jar:/home/user/.m2/repository/commons-validator/commons-validator/1.6/commons-validator-1.6.jar:/home/user/.m2/repository/commons-digester/commons-digester/1.8.1/commons-digester-1.8.1.jar:/home/user/.m2/repository/io/jaegertracing/jaeger-client/1.2.0/jaeger-client-1.2.0.jar:/home/user/.m2/repository/io/jaegertracing/jaeger-thrift/1.2.0/jaeger-thrift-1.2.0.jar:/home/user/.m2/repository/org/apache/thrift/libthrift/0.13.0/libthrift-0.13.0.jar:/home/user/.m2/repository/com/squareup/okhttp3/okhttp/4.2.2/okhttp-4.2.2.jar:/home/user/.m2/repository/com/squareup/okio/okio/2.2.2/okio-2.2.2.jar:/home/user/.m2/repository/org/jetbrains/kotlin/kotlin-stdlib/1.3.50/kotlin-stdlib-1.3.50.jar:/home/user/.m2/repository/org/jetbrains/kotlin/kotlin-stdlib-common/1.3.50/kotlin-stdlib-common-1.3.50.jar:/home/user/.m2/repository/org/jetbrains/annotations/13.0/annotations-13.0.jar:/home/user/.m2/repository/io/jaegertracing/jaeger-core/1.2.0/jaeger-core-1.2.0.jar:/home/user/.m2/repository/io/jaegertracing/jaeger-tracerresolver/1.2.0/jaeger-tracerresolver-1.2.0.jar:/home/user/.m2/repository/io/opentracing/contrib/opentracing-tracerresolver/0.1.8/opentracing-tracerresolver-0.1.8.jar:/home/user/.m2/repository/io/opentracing/opentracing-util/0.33.0/opentracing-util-0.33.0.jar:/home/user/.m2/repository/io/opentracing/opentracing-api/0.33.0/opentracing-api-0.33.0.jar:/home/user/.m2/repository/io/opentracing/opentracing-noop/0.33.0/opentracing-noop-0.33.0.jar:/home/user/.m2/repository/org/apache/hadoop/hadoop-hdds-client/0.6.0-SNAPSHOT/hadoop-hdds-client-0.6.0-SNAPSHOT.jar:/home/user/.m2/repository/org/apache/hadoop/hadoop-hdds-test-utils/0.6.0-SNAPSHOT/hadoop-hdds-test-utils-0.6.0-SNAPSHOT.jar:/home/user/.m2/repository/com/google/guava/guava/28.2-jre/guava-28.2-jre.jar:/home/user/.m2/repository/com/google/guava/failureaccess/1.0.1/failureaccess-1.0.1.jar:/home/user/.m2/repository/com/google/guava/listenablefuture/9999.0-empty-to-avoid-conflict-with-guava/listenablefuture-9999.0-empty-to-avoid-conflict-with-guava.jar:/home/user/.m2/repository/com/google/code/findbugs/jsr305/3.0.0/jsr305-3.0.0.jar:/home/user/.m2/repository/org/checkerframework/checker-qual/2.10.0/checker-qual-2.10.0.jar:/home/user/.m2/repository/com/google/errorprone/error_prone_annotations/2.2.0/error_prone_annotations-2.2.0.jar:/home/user/.m2/repository/com/google/j2objc/j2objc-annotations/1.3/j2objc-annotations-1.3.jar:/home/user/.m2/repository/commons-io/commons-io/2.5/commons-io-2.5.jar:/home/user/.m2/repository/commons-logging/commons-logging/1.2/commons-logging-1.2.jar:/home/user/.m2/repository/log4j/log4j/1.2.17/log4j-1.2.17.jar:/home/user/.m2/repository/org/slf4j/slf4j-api/1.7.25/slf4j-api-1.7.25.jar:/home/user/.m2/repository/org/apache/hadoop/hadoop-hdds-server-scm/0.6.0-SNAPSHOT/hadoop-hdds-server-scm-0.6.0-SNAPSHOT.jar:/home/user/.m2/repository/org/apache/hadoop/hadoop-hdds-container-service/0.6.0-SNAPSHOT/hadoop-hdds-container-service-0.6.0-SNAPSHOT.jar:/home/user/.m2/repository/org/apache/hadoop/hadoop-hdds-hadoop-dependency-server/0.6.0-SNAPSHOT/hadoop-hdds-hadoop-dependency-server-0.6.0-SNAPSHOT.jar:/home/user/.m2/repository/org/apache/hadoop/hadoop-hdds-server-framework/0.6.0-SNAPSHOT/hadoop-hdds-server-framework-0.6.0-SNAPSHOT.jar:/home/user/.m2/repository/org/apache/hadoop/hadoop-hdds-interface-server/0.6.0-SNAPSHOT/hadoop-hdds-interface-server-0.6.0-SNAPSHOT.jar:/home/user/.m2/repository/org/apache/hadoop/hadoop-hdds-interface-admin/0.6.0-SNAPSHOT/hadoop-hdds-interface-admin-0.6.0-SNAPSHOT.jar:/home/user/.m2/repository/org/rocksdb/rocksdbjni/6.6.4/rocksdbjni-6.6.4.jar:/home/user/.m2/repository/io/prometheus/simpleclient_dropwizard/0.7.0/simpleclient_dropwizard-0.7.0.jar:/home/user/.m2/repository/io/prometheus/simpleclient/0.7.0/simpleclient-0.7.0.jar:/home/user/.m2/repository/io/prometheus/simpleclient_common/0.7.0/simpleclient_common-0.7.0.jar:/home/user/.m2/repository/com/fasterxml/jackson/datatype/jackson-datatype-jsr310/2.10.3/jackson-datatype-jsr310-2.10.3.jar:/home/user/.m2/repository/org/apache/hadoop/hadoop-hdds-docs/0.6.0-SNAPSHOT/hadoop-hdds-docs-0.6.0-SNAPSHOT.jar:/home/user/.m2/repository/io/dropwizard/metrics/metrics-core/3.2.4/metrics-core-3.2.4.jar:/home/user/.m2/repository/org/apache/hadoop/hadoop-hdfs-client/3.2.1/hadoop-hdfs-client-3.2.1.jar:/home/user/.m2/repository/org/bouncycastle/bcprov-jdk15on/1.60/bcprov-jdk15on-1.60.jar:/home/user/.m2/repository/org/apache/hadoop/hadoop-ozone-ozone-manager/0.6.0-SNAPSHOT/hadoop-ozone-ozone-manager-0.6.0-SNAPSHOT.jar:/home/user/.m2/repository/org/apache/hadoop/hadoop-hdds-interface-client/0.6.0-SNAPSHOT/hadoop-hdds-interface-client-0.6.0-SNAPSHOT.jar:/home/user/.m2/repository/org/apache/ratis/ratis-thirdparty-misc/0.4.0/ratis-thirdparty-misc-0.4.0.jar:/home/user/.m2/repository/org/apache/hadoop/hadoop-minikdc/3.2.1/hadoop-minikdc-3.2.1.jar:/home/user/.m2/repository/org/apache/kerby/kerb-simplekdc/1.0.1/kerb-simplekdc-1.0.1.jar:/home/user/.m2/repository/org/apache/kerby/kerb-client/1.0.1/kerb-client-1.0.1.jar:/home/user/.m2/repository/org/apache/kerby/kerby-config/1.0.1/kerby-config-1.0.1.jar:/home/user/.m2/repository/org/apache/kerby/kerb-core/1.0.1/kerb-core-1.0.1.jar:/home/user/.m2/repository/org/apache/kerby/kerby-pkix/1.0.1/kerby-pkix-1.0.1.jar:/home/user/.m2/repository/org/apache/kerby/kerby-asn1/1.0.1/kerby-asn1-1.0.1.jar:/home/user/.m2/repository/org/apache/kerby/kerby-util/1.0.1/kerby-util-1.0.1.jar:/home/user/.m2/repository/org/apache/kerby/kerb-common/1.0.1/kerb-common-1.0.1.jar:/home/user/.m2/repository/org/apache/kerby/kerb-crypto/1.0.1/kerb-crypto-1.0.1.jar:/home/user/.m2/repository/org/apache/kerby/kerb-util/1.0.1/kerb-util-1.0.1.jar:/home/user/.m2/repository/org/apache/kerby/token-provider/1.0.1/token-provider-1.0.1.jar:/home/user/.m2/repository/org/apache/kerby/kerb-admin/1.0.1/kerb-admin-1.0.1.jar:/home/user/.m2/repository/org/apache/kerby/kerb-server/1.0.1/kerb-server-1.0.1.jar:/home/user/.m2/repository/org/apache/kerby/kerb-identity/1.0.1/kerb-identity-1.0.1.jar:/home/user/.m2/repository/org/apache/kerby/kerby-xdr/1.0.1/kerby-xdr-1.0.1.jar:/home/user/.m2/repository/org/slf4j/slf4j-log4j12/1.7.25/slf4j-log4j12-1.7.25.jar:/home/user/.m2/repository/org/apache/hadoop/hadoop-ozone-s3gateway/0.6.0-SNAPSHOT/hadoop-ozone-s3gateway-0.6.0-SNAPSHOT.jar:/home/user/.m2/repository/org/jboss/weld/servlet/weld-servlet/2.4.7.Final/weld-servlet-2.4.7.Final.jar:/home/user/.m2/repository/org/glassfish/jersey/containers/jersey-container-servlet-core/2.27/jersey-container-servlet-core-2.27.jar:/home/user/.m2/repository/org/glassfish/hk2/external/javax.inject/2.5.0-b42/javax.inject-2.5.0-b42.jar:/home/user/.m2/repository/org/glassfish/jersey/core/jersey-common/2.27/jersey-common-2.27.jar:/home/user/.m2/repository/org/glassfish/hk2/osgi-resource-locator/1.0.1/osgi-resource-locator-1.0.1.jar:/home/user/.m2/repository/javax/ws/rs/javax.ws.rs-api/2.1/javax.ws.rs-api-2.1.jar:/home/user/.m2/repository/org/glassfish/jersey/ext/cdi/jersey-cdi1x/2.27/jersey-cdi1x-2.27.jar:/home/user/.m2/repository/org/glassfish/jersey/inject/jersey-hk2/2.27/jersey-hk2-2.27.jar:/home/user/.m2/repository/org/glassfish/hk2/hk2-locator/2.5.0-b42/hk2-locator-2.5.0-b42.jar:/home/user/.m2/repository/org/javassist/javassist/3.22.0-CR2/javassist-3.22.0-CR2.jar:/home/user/.m2/repository/org/glassfish/hk2/hk2-api/2.5.0/hk2-api-2.5.0.jar:/home/user/.m2/repository/org/glassfish/hk2/external/jakarta.inject/2.5.0/jakarta.inject-2.5.0.jar:/home/user/.m2/repository/org/glassfish/hk2/hk2-utils/2.5.0/hk2-utils-2.5.0.jar:/home/user/.m2/repository/jakarta/annotation/jakarta.annotation-api/1.3.4/jakarta.annotation-api-1.3.4.jar:/home/user/.m2/repository/org/glassfish/hk2/external/aopalliance-repackaged/2.5.0/aopalliance-repackaged-2.5.0.jar:/home/user/.m2/repository/com/fasterxml/jackson/dataformat/jackson-dataformat-xml/2.10.3/jackson-dataformat-xml-2.10.3.jar:/home/user/.m2/repository/com/fasterxml/jackson/core/jackson-core/2.10.3/jackson-core-2.10.3.jar:/home/user/.m2/repository/com/fasterxml/jackson/module/jackson-module-jaxb-annotations/2.10.3/jackson-module-jaxb-annotations-2.10.3.jar:/home/user/.m2/repository/jakarta/xml/bind/jakarta.xml.bind-api/2.3.2/jakarta.xml.bind-api-2.3.2.jar:/home/user/.m2/repository/jakarta/activation/jakarta.activation-api/1.2.1/jakarta.activation-api-1.2.1.jar:/home/user/.m2/repository/org/codehaus/woodstox/stax2-api/3.1.4/stax2-api-3.1.4.jar:/home/user/.m2/repository/com/fasterxml/woodstox/woodstox-core/5.0.3/woodstox-core-5.0.3.jar:/home/user/.m2/repository/javax/enterprise/cdi-api/1.2/cdi-api-1.2.jar:/home/user/.m2/repository/javax/el/javax.el-api/3.0.0/javax.el-api-3.0.0.jar:/home/user/.m2/repository/javax/interceptor/javax.interceptor-api/1.2/javax.interceptor-api-1.2.jar:/home/user/.m2/repository/javax/inject/javax.inject/1/javax.inject-1.jar:/home/user/.m2/repository/com/sun/xml/bind/jaxb-impl/2.3.0.1/jaxb-impl-2.3.0.1.jar:/home/user/.m2/repository/com/sun/xml/bind/jaxb-core/2.3.0.1/jaxb-core-2.3.0.1.jar:/home/user/.m2/repository/javax/xml/bind/jaxb-api/2.3.0/jaxb-api-2.3.0.jar:/home/user/.m2/repository/javax/activation/activation/1.1.1/activation-1.1.1.jar:/home/user/.m2/repository/org/apache/hadoop/hadoop-ozone-csi/0.6.0-SNAPSHOT/hadoop-ozone-csi-0.6.0-SNAPSHOT.jar:/home/user/.m2/repository/com/google/protobuf/protobuf-java-util/3.11.0/protobuf-java-util-3.11.0.jar:/home/user/.m2/repository/com/google/code/gson/gson/2.2.4/gson-2.2.4.jar:/home/user/.m2/repository/org/apache/hadoop/hadoop-hdds-config/0.6.0-SNAPSHOT/hadoop-hdds-config-0.6.0-SNAPSHOT.jar:/home/user/.m2/repository/com/google/protobuf/protobuf-java/2.5.0/protobuf-java-2.5.0.jar:/home/user/.m2/repository/io/grpc/grpc-netty/1.29.0/grpc-netty-1.29.0.jar:/home/user/.m2/repository/io/grpc/grpc-core/1.29.0/grpc-core-1.29.0.jar:/home/user/.m2/repository/com/google/android/annotations/4.1.1.4/annotations-4.1.1.4.jar:/home/user/.m2/repository/io/perfmark/perfmark-api/0.19.0/perfmark-api-0.19.0.jar:/home/user/.m2/repository/io/netty/netty-codec-http2/4.1.48.Final/netty-codec-http2-4.1.48.Final.jar:/home/user/.m2/repository/io/netty/netty-codec/4.1.48.Final/netty-codec-4.1.48.Final.jar:/home/user/.m2/repository/io/netty/netty-handler/4.1.48.Final/netty-handler-4.1.48.Final.jar:/home/user/.m2/repository/io/netty/netty-codec-http/4.1.48.Final/netty-codec-http-4.1.48.Final.jar:/home/user/.m2/repository/io/netty/netty-handler-proxy/4.1.48.Final/netty-handler-proxy-4.1.48.Final.jar:/home/user/.m2/repository/io/netty/netty-codec-socks/4.1.48.Final/netty-codec-socks-4.1.48.Final.jar:/home/user/.m2/repository/io/netty/netty-transport-native-epoll/4.1.48.Final/netty-transport-native-epoll-4.1.48.Final.jar:/home/user/.m2/repository/io/netty/netty-common/4.1.48.Final/netty-common-4.1.48.Final.jar:/home/user/.m2/repository/io/netty/netty-buffer/4.1.48.Final/netty-buffer-4.1.48.Final.jar:/home/user/.m2/repository/io/netty/netty-transport/4.1.48.Final/netty-transport-4.1.48.Final.jar:/home/user/.m2/repository/io/netty/netty-resolver/4.1.48.Final/netty-resolver-4.1.48.Final.jar:/home/user/.m2/repository/io/netty/netty-transport-native-unix-common/4.1.48.Final/netty-transport-native-unix-common-4.1.48.Final.jar:/home/user/.m2/repository/io/grpc/grpc-protobuf/1.29.0/grpc-protobuf-1.29.0.jar:/home/user/.m2/repository/io/grpc/grpc-api/1.29.0/grpc-api-1.29.0.jar:/home/user/.m2/repository/io/grpc/grpc-context/1.29.0/grpc-context-1.29.0.jar:/home/user/.m2/repository/org/codehaus/mojo/animal-sniffer-annotations/1.18/animal-sniffer-annotations-1.18.jar:/home/user/.m2/repository/com/google/api/grpc/proto-google-common-protos/1.17.0/proto-google-common-protos-1.17.0.jar:/home/user/.m2/repository/io/grpc/grpc-protobuf-lite/1.29.0/grpc-protobuf-lite-1.29.0.jar:/home/user/.m2/repository/io/grpc/grpc-stub/1.29.0/grpc-stub-1.29.0.jar:/home/user/.m2/repository/org/apache/hadoop/hadoop-ozone-recon/0.6.0-SNAPSHOT/hadoop-ozone-recon-0.6.0-SNAPSHOT.jar:/home/user/.m2/repository/org/apache/hadoop/hadoop-ozone-reconcodegen/0.6.0-SNAPSHOT/hadoop-ozone-reconcodegen-0.6.0-SNAPSHOT.jar:/home/user/.m2/repository/com/google/inject/extensions/guice-multibindings/4.0/guice-multibindings-4.0.jar:/home/user/.m2/repository/com/google/inject/guice/4.0/guice-4.0.jar:/home/user/.m2/repository/aopalliance/aopalliance/1.0/aopalliance-1.0.jar:/home/user/.m2/repository/com/google/inject/extensions/guice-assistedinject/4.0/guice-assistedinject-4.0.jar:/home/user/.m2/repository/com/google/inject/extensions/guice-servlet/4.0/guice-servlet-4.0.jar:/home/user/.m2/repository/org/glassfish/jersey/containers/jersey-container-servlet/2.27/jersey-container-servlet-2.27.jar:/home/user/.m2/repository/org/glassfish/hk2/guice-bridge/2.5.0/guice-bridge-2.5.0.jar:/home/user/.m2/repository/org/glassfish/jersey/core/jersey-server/2.27/jersey-server-2.27.jar:/home/user/.m2/repository/org/glassfish/jersey/core/jersey-client/2.27/jersey-client-2.27.jar:/home/user/.m2/repository/org/glassfish/jersey/media/jersey-media-jaxb/2.27/jersey-media-jaxb-2.27.jar:/home/user/.m2/repository/javax/validation/validation-api/1.1.0.Final/validation-api-1.1.0.Final.jar:/home/user/.m2/repository/org/glassfish/jersey/media/jersey-media-json-jackson/2.27/jersey-media-json-jackson-2.27.jar:/home/user/.m2/repository/org/glassfish/jersey/ext/jersey-entity-filtering/2.27/jersey-entity-filtering-2.27.jar:/home/user/.m2/repository/org/jooq/jooq/3.11.10/jooq-3.11.10.jar:/home/user/.m2/repository/org/jooq/jooq-meta/3.11.10/jooq-meta-3.11.10.jar:/home/user/.m2/repository/org/jooq/jooq-codegen/3.11.10/jooq-codegen-3.11.10.jar:/home/user/.m2/repository/com/jolbox/bonecp/0.8.0.RELEASE/bonecp-0.8.0.RELEASE.jar:/home/user/.m2/repository/org/apache/derby/derby/10.14.2.0/derby-10.14.2.0.jar:/home/user/.m2/repository/org/xerial/sqlite-jdbc/3.25.2/sqlite-jdbc-3.25.2.jar:/home/user/.m2/repository/org/springframework/spring-jdbc/5.2.5.RELEASE/spring-jdbc-5.2.5.RELEASE.jar:/home/user/.m2/repository/org/springframework/spring-beans/5.2.5.RELEASE/spring-beans-5.2.5.RELEASE.jar:/home/user/.m2/repository/org/springframework/spring-core/5.2.5.RELEASE/spring-core-5.2.5.RELEASE.jar:/home/user/.m2/repository/org/springframework/spring-jcl/5.2.5.RELEASE/spring-jcl-5.2.5.RELEASE.jar:/home/user/.m2/repository/org/springframework/spring-tx/5.2.5.RELEASE/spring-tx-5.2.5.RELEASE.jar:/home/user/.m2/repository/org/apache/hadoop/hadoop-ozone-client/0.6.0-SNAPSHOT/hadoop-ozone-client-0.6.0-SNAPSHOT.jar:/home/user/.m2/repository/org/apache/hadoop/hadoop-ozone-filesystem/0.6.0-SNAPSHOT/hadoop-ozone-filesystem-0.6.0-SNAPSHOT.jar:/home/user/.m2/repository/org/apache/hadoop/hadoop-ozone-filesystem-common/0.6.0-SNAPSHOT/hadoop-ozone-filesystem-common-0.6.0-SNAPSHOT.jar:/home/user/.m2/repository/org/apache/hadoop/hadoop-ozone-tools/0.6.0-SNAPSHOT/hadoop-ozone-tools-0.6.0-SNAPSHOT.jar:/home/user/.m2/repository/org/apache/hadoop/hadoop-hdfs/3.2.1/hadoop-hdfs-3.2.1.jar:/home/user/.m2/repository/org/apache/ratis/ratis-tools/0.6.0-6ab75ae-SNAPSHOT/ratis-tools-0.6.0-6ab75ae-SNAPSHOT.jar:/home/user/.m2/repository/org/apache/ratis/ratis-proto/0.6.0-6ab75ae-SNAPSHOT/ratis-proto-0.6.0-6ab75ae-SNAPSHOT.jar:/home/user/.m2/repository/org/apache/ratis/ratis-common/0.6.0-6ab75ae-SNAPSHOT/ratis-common-0.6.0-6ab75ae-SNAPSHOT.jar:/home/user/.m2/repository/com/amazonaws/aws-java-sdk-core/1.11.615/aws-java-sdk-core-1.11.615.jar:/home/user/.m2/repository/org/apache/httpcomponents/httpclient/4.5.2/httpclient-4.5.2.jar:/home/user/.m2/repository/org/apache/httpcomponents/httpcore/4.4.4/httpcore-4.4.4.jar:/home/user/.m2/repository/software/amazon/ion/ion-java/1.0.2/ion-java-1.0.2.jar:/home/user/.m2/repository/com/fasterxml/jackson/dataformat/jackson-dataformat-cbor/2.10.3/jackson-dataformat-cbor-2.10.3.jar:/home/user/.m2/repository/joda-time/joda-time/2.8.1/joda-time-2.8.1.jar:/home/user/.m2/repository/com/amazonaws/aws-java-sdk-s3/1.11.615/aws-java-sdk-s3-1.11.615.jar:/home/user/.m2/repository/com/amazonaws/aws-java-sdk-kms/1.11.615/aws-java-sdk-kms-1.11.615.jar:/home/user/.m2/repository/com/amazonaws/jmespath-java/1.11.615/jmespath-java-1.11.615.jar:/home/user/.m2/repository/org/apache/hadoop/hadoop-hdds-tools/0.6.0-SNAPSHOT/hadoop-hdds-tools-0.6.0-SNAPSHOT.jar:/home/user/.m2/repository/commons-cli/commons-cli/1.2/commons-cli-1.2.jar:/home/user/.m2/repository/org/apache/commons/commons-lang3/3.7/commons-lang3-3.7.jar:/home/user/.m2/repository/org/apache/hadoop/hadoop-ozone-ozone-manager/0.6.0-SNAPSHOT/hadoop-ozone-ozone-manager-0.6.0-SNAPSHOT-tests.jar:/home/user/.m2/repository/junit/junit/4.11/junit-4.11.jar:/home/user/.m2/repository/org/hamcrest/hamcrest-core/1.3/hamcrest-core-1.3.jar:/home/user/.m2/repository/org/openjdk/jmh/jmh-core/1.19/jmh-core-1.19.jar:/home/user/.m2/repository/net/sf/jopt-simple/jopt-simple/4.6/jopt-simple-4.6.jar:/home/user/.m2/repository/org/apache/commons/commons-math3/3.1.1/commons-math3-3.1.1.jar:/home/user/.m2/repository/org/openjdk/jmh/jmh-generator-annprocess/1.19/jmh-generator-annprocess-1.19.jar:/home/user/.m2/repository/org/mockito/mockito-all/1.8.5/mockito-all-1.8.5.jar:/home/user/.m2/repository/org/apache/hadoop/hadoop-kms/3.2.1/hadoop-kms-3.2.1.jar:/home/user/.m2/repository/org/apache/hadoop/hadoop-auth/3.2.1/hadoop-auth-3.2.1.jar:/home/user/.m2/repository/com/nimbusds/nimbus-jose-jwt/7.9/nimbus-jose-jwt-7.9.jar:/home/user/.m2/repository/com/github/stephenc/jcip/jcip-annotations/1.0-1/jcip-annotations-1.0-1.jar:/home/user/.m2/repository/net/minidev/json-smart/2.3/json-smart-2.3.jar:/home/user/.m2/repository/net/minidev/accessors-smart/1.2/accessors-smart-1.2.jar:/home/user/.m2/repository/org/ow2/asm/asm/5.0.4/asm-5.0.4.jar:/home/user/.m2/repository/org/apache/zookeeper/zookeeper/3.4.13/zookeeper-3.4.13.jar:/home/user/.m2/repository/org/apache/yetus/audience-annotations/0.5.0/audience-annotations-0.5.0.jar:/home/user/.m2/repository/org/apache/curator/curator-framework/2.13.0/curator-framework-2.13.0.jar:/home/user/.m2/repository/com/sun/jersey/jersey-core/1.19/jersey-core-1.19.jar:/home/user/.m2/repository/javax/ws/rs/jsr311-api/1.1.1/jsr311-api-1.1.1.jar:/home/user/.m2/repository/com/sun/jersey/jersey-server/1.19/jersey-server-1.19.jar:/home/user/.m2/repository/javax/servlet/javax.servlet-api/3.1.0/javax.servlet-api-3.1.0.jar:/home/user/.m2/repository/org/eclipse/jetty/jetty-server/9.4.26.v20200117/jetty-server-9.4.26.v20200117.jar:/home/user/.m2/repository/org/eclipse/jetty/jetty-http/9.4.26.v20200117/jetty-http-9.4.26.v20200117.jar:/home/user/.m2/repository/org/eclipse/jetty/jetty-io/9.4.26.v20200117/jetty-io-9.4.26.v20200117.jar:/home/user/.m2/repository/org/eclipse/jetty/jetty-webapp/9.4.26.v20200117/jetty-webapp-9.4.26.v20200117.jar:/home/user/.m2/repository/org/eclipse/jetty/jetty-xml/9.4.26.v20200117/jetty-xml-9.4.26.v20200117.jar:/home/user/.m2/repository/org/eclipse/jetty/jetty-servlet/9.4.26.v20200117/jetty-servlet-9.4.26.v20200117.jar:/home/user/.m2/repository/org/eclipse/jetty/jetty-security/9.4.26.v20200117/jetty-security-9.4.26.v20200117.jar:/home/user/.m2/repository/org/apache/hadoop/hadoop-common/3.2.1/hadoop-common-3.2.1.jar:/home/user/.m2/repository/commons-net/commons-net/3.6/commons-net-3.6.jar:/home/user/.m2/repository/commons-collections/commons-collections/3.2.2/commons-collections-3.2.2.jar:/home/user/.m2/repository/com/sun/jersey/jersey-servlet/1.19/jersey-servlet-1.19.jar:/home/user/.m2/repository/com/sun/jersey/jersey-json/1.19/jersey-json-1.19.jar:/home/user/.m2/repository/org/codehaus/jettison/jettison/1.1/jettison-1.1.jar:/home/user/.m2/repository/org/codehaus/jackson/jackson-jaxrs/1.9.2/jackson-jaxrs-1.9.2.jar:/home/user/.m2/repository/org/codehaus/jackson/jackson-xc/1.9.2/jackson-xc-1.9.2.jar:/home/user/.m2/repository/commons-beanutils/commons-beanutils/1.9.4/commons-beanutils-1.9.4.jar:/home/user/.m2/repository/org/apache/commons/commons-configuration2/2.1.1/commons-configuration2-2.1.1.jar:/home/user/.m2/repository/org/apache/commons/commons-text/1.4/commons-text-1.4.jar:/home/user/.m2/repository/com/google/re2j/re2j/1.1/re2j-1.1.jar:/home/user/.m2/repository/com/jcraft/jsch/0.1.54/jsch-0.1.54.jar:/home/user/.m2/repository/org/apache/curator/curator-client/2.13.0/curator-client-2.13.0.jar:/home/user/.m2/repository/org/apache/curator/curator-recipes/2.13.0/curator-recipes-2.13.0.jar:/home/user/.m2/repository/dnsjava/dnsjava/2.1.7/dnsjava-2.1.7.jar:/home/user/.m2/repository/org/slf4j/jul-to-slf4j/1.7.25/jul-to-slf4j-1.7.25.jar:/home/user/.m2/repository/org/eclipse/jetty/jetty-util/9.4.26.v20200117/jetty-util-9.4.26.v20200117.jar:/home/user/.m2/repository/com/fasterxml/jackson/core/jackson-databind/2.10.3/jackson-databind-2.10.3.jar:/home/user/.m2/repository/org/apache/hadoop/hadoop-kms/3.2.1/hadoop-kms-3.2.1-tests.jar:/home/user/.m2/repository/org/apache/hadoop/hadoop-hdds-server-scm/0.6.0-SNAPSHOT/hadoop-hdds-server-scm-0.6.0-SNAPSHOT-tests.jar:/home/user/.m2/repository/org/apache/hadoop/hadoop-hdds-container-service/0.6.0-SNAPSHOT/hadoop-hdds-container-service-0.6.0-SNAPSHOT-tests.jar:/home/user/.m2/repository/org/apache/hadoop/hadoop-hdds-common/0.6.0-SNAPSHOT/hadoop-hdds-common-0.6.0-SNAPSHOT-tests.jar:/home/user/.m2/repository/org/yaml/snakeyaml/1.16/snakeyaml-1.16.jar:/home/user/.m2/repository/org/apache/hadoop/hadoop-hdds-hadoop-dependency-test/0.6.0-SNAPSHOT/hadoop-hdds-hadoop-dependency-test-0.6.0-SNAPSHOT.jar:/home/user/.m2/repository/org/apache/hadoop/hadoop-common/3.2.1/hadoop-common-3.2.1-tests.jar:/home/user/.m2/repository/javax/servlet/jsp/jsp-api/2.1/jsp-api-2.1.jar:/home/user/.m2/repository/org/apache/hadoop/hadoop-hdfs/3.2.1/hadoop-hdfs-3.2.1-tests.jar:/home/user/.m2/repository/org/eclipse/jetty/jetty-util-ajax/9.4.26.v20200117/jetty-util-ajax-9.4.26.v20200117.jar:/home/user/.m2/repository/commons-codec/commons-codec/1.11/commons-codec-1.11.jar:/home/user/.m2/repository/commons-daemon/commons-daemon/1.0.13/commons-daemon-1.0.13.jar:/home/user/.m2/repository/io/netty/netty/3.10.5.Final/netty-3.10.5.Final.jar:/home/user/.m2/repository/io/netty/netty-all/4.1.48.Final/netty-all-4.1.48.Final.jar:/home/user/.m2/repository/org/apache/htrace/htrace-core4/4.1.0-incubating/htrace-core4-4.1.0-incubating.jar:/home/user/.m2/repository/org/fusesource/leveldbjni/leveldbjni-all/1.8/leveldbjni-all-1.8.jar:/home/user/.m2/repository/org/apache/hadoop/hadoop-distcp/3.2.1/hadoop-distcp-3.2.1.jar:/home/user/.m2/repository/org/apache/hadoop/hadoop-mapreduce-client-jobclient/3.2.1/hadoop-mapreduce-client-jobclient-3.2.1.jar:/home/user/.m2/repository/org/apache/hadoop/hadoop-mapreduce-client-common/3.2.1/hadoop-mapreduce-client-common-3.2.1.jar:/home/user/.m2/repository/org/apache/hadoop/hadoop-yarn-common/3.2.1/hadoop-yarn-common-3.2.1.jar:/home/user/.m2/repository/org/apache/hadoop/hadoop-yarn-api/3.2.1/hadoop-yarn-api-3.2.1.jar:/home/user/.m2/repository/com/sun/jersey/jersey-client/1.19/jersey-client-1.19.jar:/home/user/.m2/repository/com/sun/jersey/contribs/jersey-guice/1.19/jersey-guice-1.19.jar:/home/user/.m2/repository/com/fasterxml/jackson/jaxrs/jackson-jaxrs-json-provider/2.10.3/jackson-jaxrs-json-provider-2.10.3.jar:/home/user/.m2/repository/com/fasterxml/jackson/jaxrs/jackson-jaxrs-base/2.10.3/jackson-jaxrs-base-2.10.3.jar:/home/user/.m2/repository/org/apache/hadoop/hadoop-yarn-client/3.2.1/hadoop-yarn-client-3.2.1.jar:/home/user/.m2/repository/org/apache/hadoop/hadoop-mapreduce-client-core/3.2.1/hadoop-mapreduce-client-core-3.2.1.jar:/home/user/.m2/repository/org/apache/avro/avro/1.7.7/avro-1.7.7.jar:/home/user/.m2/repository/org/codehaus/jackson/jackson-core-asl/1.9.13/jackson-core-asl-1.9.13.jar:/home/user/.m2/repository/org/codehaus/jackson/jackson-mapper-asl/1.9.13/jackson-mapper-asl-1.9.13.jar:/home/user/.m2/repository/com/thoughtworks/paranamer/paranamer/2.3/paranamer-2.3.jar:/home/user/.m2/repository/org/xerial/snappy/snappy-java/1.0.5/snappy-java-1.0.5.jar:/home/user/.m2/repository/org/apache/hadoop/hadoop-annotations/3.2.1/hadoop-annotations-3.2.1.jar:/usr/lib/jvm/java-1.8.0-openjdk-1.8.0.232.b09-0.el7_7.x86_64/jre/../lib/tools.jar:/home/user/.m2/repository/org/apache/hadoop/hadoop-distcp/3.2.1/hadoop-distcp-3.2.1-tests.jar:"/>
    <property name="java.vm.vendor" value="Oracle Corporation"/>
    <property name="sun.arch.data.model" value="64"/>
    <property name="test.build.dir" value="/github/workspace/mnt/ozone/hadoop-ozone/integration-test/target/test-dir"/>
    <property name="test.cache.data" value=""/>
    <property name="java.vendor.url" value="http://java.oracle.com/"/>
    <property name="user.timezone" value=""/>
    <property name="java.vm.specification.version" value="1.8"/>
    <property name="os.name" value="Linux"/>
    <property name="test.build.data" value="/github/workspace/mnt/ozone/hadoop-ozone/integration-test/target/test-dir"/>
    <property name="user.country" value="US"/>
    <property name="sun.java.launcher" value="SUN_STANDARD"/>
    <property name="sun.boot.library.path" value="/usr/lib/jvm/java-1.8.0-openjdk-1.8.0.232.b09-0.el7_7.x86_64/jre/lib/amd64"/>
    <property name="sun.java.command" value="/github/workspace/mnt/ozone/hadoop-ozone/integration-test/target/surefire/surefirebooter1737519839867516262.jar /github/workspace/mnt/ozone/hadoop-ozone/integration-test/target/surefire 2020-06-11T20-41-57_971-jvmRun1 surefire1491202067785260531tmp surefire_73539438690248337135tmp"/>
    <property name="surefire.test.class.path" value="/github/workspace/mnt/ozone/hadoop-ozone/integration-test/target/test-classes:/github/workspace/mnt/ozone/hadoop-ozone/integration-test/target/classes:/home/user/.m2/repository/org/apache/hadoop/hadoop-ozone-common/0.6.0-SNAPSHOT/hadoop-ozone-common-0.6.0-SNAPSHOT.jar:/home/user/.m2/repository/org/apache/commons/commons-compress/1.4.1/commons-compress-1.4.1.jar:/home/user/.m2/repository/org/tukaani/xz/1.0/xz-1.0.jar:/home/user/.m2/repository/org/apache/hadoop/hadoop-hdds-common/0.6.0-SNAPSHOT/hadoop-hdds-common-0.6.0-SNAPSHOT.jar:/home/user/.m2/repository/org/apache/hadoop/hadoop-hdds-hadoop-dependency-client/0.6.0-SNAPSHOT/hadoop-hdds-hadoop-dependency-client-0.6.0-SNAPSHOT.jar:/home/user/.m2/repository/info/picocli/picocli/3.9.6/picocli-3.9.6.jar:/home/user/.m2/repository/com/fasterxml/jackson/core/jackson-annotations/2.10.3/jackson-annotations-2.10.3.jar:/home/user/.m2/repository/javax/annotation/javax.annotation-api/1.2/javax.annotation-api-1.2.jar:/home/user/.m2/repository/org/apache/ratis/ratis-server/0.6.0-6ab75ae-SNAPSHOT/ratis-server-0.6.0-6ab75ae-SNAPSHOT.jar:/home/user/.m2/repository/org/apache/ratis/ratis-client/0.6.0-6ab75ae-SNAPSHOT/ratis-client-0.6.0-6ab75ae-SNAPSHOT.jar:/home/user/.m2/repository/org/apache/ratis/ratis-metrics/0.6.0-6ab75ae-SNAPSHOT/ratis-metrics-0.6.0-6ab75ae-SNAPSHOT.jar:/home/user/.m2/repository/org/apache/ratis/ratis-netty/0.6.0-6ab75ae-SNAPSHOT/ratis-netty-0.6.0-6ab75ae-SNAPSHOT.jar:/home/user/.m2/repository/org/apache/ratis/ratis-grpc/0.6.0-6ab75ae-SNAPSHOT/ratis-grpc-0.6.0-6ab75ae-SNAPSHOT.jar:/home/user/.m2/repository/org/apache/logging/log4j/log4j-api/2.11.0/log4j-api-2.11.0.jar:/home/user/.m2/repository/org/apache/logging/log4j/log4j-core/2.11.0/log4j-core-2.11.0.jar:/home/user/.m2/repository/com/lmax/disruptor/3.4.2/disruptor-3.4.2.jar:/home/user/.m2/repository/org/apache/commons/commons-pool2/2.6.0/commons-pool2-2.6.0.jar:/home/user/.m2/repository/org/bouncycastle/bcpkix-jdk15on/1.60/bcpkix-jdk15on-1.60.jar:/home/user/.m2/repository/commons-validator/commons-validator/1.6/commons-validator-1.6.jar:/home/user/.m2/repository/commons-digester/commons-digester/1.8.1/commons-digester-1.8.1.jar:/home/user/.m2/repository/io/jaegertracing/jaeger-client/1.2.0/jaeger-client-1.2.0.jar:/home/user/.m2/repository/io/jaegertracing/jaeger-thrift/1.2.0/jaeger-thrift-1.2.0.jar:/home/user/.m2/repository/org/apache/thrift/libthrift/0.13.0/libthrift-0.13.0.jar:/home/user/.m2/repository/com/squareup/okhttp3/okhttp/4.2.2/okhttp-4.2.2.jar:/home/user/.m2/repository/com/squareup/okio/okio/2.2.2/okio-2.2.2.jar:/home/user/.m2/repository/org/jetbrains/kotlin/kotlin-stdlib/1.3.50/kotlin-stdlib-1.3.50.jar:/home/user/.m2/repository/org/jetbrains/kotlin/kotlin-stdlib-common/1.3.50/kotlin-stdlib-common-1.3.50.jar:/home/user/.m2/repository/org/jetbrains/annotations/13.0/annotations-13.0.jar:/home/user/.m2/repository/io/jaegertracing/jaeger-core/1.2.0/jaeger-core-1.2.0.jar:/home/user/.m2/repository/io/jaegertracing/jaeger-tracerresolver/1.2.0/jaeger-tracerresolver-1.2.0.jar:/home/user/.m2/repository/io/opentracing/contrib/opentracing-tracerresolver/0.1.8/opentracing-tracerresolver-0.1.8.jar:/home/user/.m2/repository/io/opentracing/opentracing-util/0.33.0/opentracing-util-0.33.0.jar:/home/user/.m2/repository/io/opentracing/opentracing-api/0.33.0/opentracing-api-0.33.0.jar:/home/user/.m2/repository/io/opentracing/opentracing-noop/0.33.0/opentracing-noop-0.33.0.jar:/home/user/.m2/repository/org/apache/hadoop/hadoop-hdds-client/0.6.0-SNAPSHOT/hadoop-hdds-client-0.6.0-SNAPSHOT.jar:/home/user/.m2/repository/org/apache/hadoop/hadoop-hdds-test-utils/0.6.0-SNAPSHOT/hadoop-hdds-test-utils-0.6.0-SNAPSHOT.jar:/home/user/.m2/repository/com/google/guava/guava/28.2-jre/guava-28.2-jre.jar:/home/user/.m2/repository/com/google/guava/failureaccess/1.0.1/failureaccess-1.0.1.jar:/home/user/.m2/repository/com/google/guava/listenablefuture/9999.0-empty-to-avoid-conflict-with-guava/listenablefuture-9999.0-empty-to-avoid-conflict-with-guava.jar:/home/user/.m2/repository/com/google/code/findbugs/jsr305/3.0.0/jsr305-3.0.0.jar:/home/user/.m2/repository/org/checkerframework/checker-qual/2.10.0/checker-qual-2.10.0.jar:/home/user/.m2/repository/com/google/errorprone/error_prone_annotations/2.2.0/error_prone_annotations-2.2.0.jar:/home/user/.m2/repository/com/google/j2objc/j2objc-annotations/1.3/j2objc-annotations-1.3.jar:/home/user/.m2/repository/commons-io/commons-io/2.5/commons-io-2.5.jar:/home/user/.m2/repository/commons-logging/commons-logging/1.2/commons-logging-1.2.jar:/home/user/.m2/repository/log4j/log4j/1.2.17/log4j-1.2.17.jar:/home/user/.m2/repository/org/slf4j/slf4j-api/1.7.25/slf4j-api-1.7.25.jar:/home/user/.m2/repository/org/apache/hadoop/hadoop-hdds-server-scm/0.6.0-SNAPSHOT/hadoop-hdds-server-scm-0.6.0-SNAPSHOT.jar:/home/user/.m2/repository/org/apache/hadoop/hadoop-hdds-container-service/0.6.0-SNAPSHOT/hadoop-hdds-container-service-0.6.0-SNAPSHOT.jar:/home/user/.m2/repository/org/apache/hadoop/hadoop-hdds-hadoop-dependency-server/0.6.0-SNAPSHOT/hadoop-hdds-hadoop-dependency-server-0.6.0-SNAPSHOT.jar:/home/user/.m2/repository/org/apache/hadoop/hadoop-hdds-server-framework/0.6.0-SNAPSHOT/hadoop-hdds-server-framework-0.6.0-SNAPSHOT.jar:/home/user/.m2/repository/org/apache/hadoop/hadoop-hdds-interface-server/0.6.0-SNAPSHOT/hadoop-hdds-interface-server-0.6.0-SNAPSHOT.jar:/home/user/.m2/repository/org/apache/hadoop/hadoop-hdds-interface-admin/0.6.0-SNAPSHOT/hadoop-hdds-interface-admin-0.6.0-SNAPSHOT.jar:/home/user/.m2/repository/org/rocksdb/rocksdbjni/6.6.4/rocksdbjni-6.6.4.jar:/home/user/.m2/repository/io/prometheus/simpleclient_dropwizard/0.7.0/simpleclient_dropwizard-0.7.0.jar:/home/user/.m2/repository/io/prometheus/simpleclient/0.7.0/simpleclient-0.7.0.jar:/home/user/.m2/repository/io/prometheus/simpleclient_common/0.7.0/simpleclient_common-0.7.0.jar:/home/user/.m2/repository/com/fasterxml/jackson/datatype/jackson-datatype-jsr310/2.10.3/jackson-datatype-jsr310-2.10.3.jar:/home/user/.m2/repository/org/apache/hadoop/hadoop-hdds-docs/0.6.0-SNAPSHOT/hadoop-hdds-docs-0.6.0-SNAPSHOT.jar:/home/user/.m2/repository/io/dropwizard/metrics/metrics-core/3.2.4/metrics-core-3.2.4.jar:/home/user/.m2/repository/org/apache/hadoop/hadoop-hdfs-client/3.2.1/hadoop-hdfs-client-3.2.1.jar:/home/user/.m2/repository/org/bouncycastle/bcprov-jdk15on/1.60/bcprov-jdk15on-1.60.jar:/home/user/.m2/repository/org/apache/hadoop/hadoop-ozone-ozone-manager/0.6.0-SNAPSHOT/hadoop-ozone-ozone-manager-0.6.0-SNAPSHOT.jar:/home/user/.m2/repository/org/apache/hadoop/hadoop-hdds-interface-client/0.6.0-SNAPSHOT/hadoop-hdds-interface-client-0.6.0-SNAPSHOT.jar:/home/user/.m2/repository/org/apache/ratis/ratis-thirdparty-misc/0.4.0/ratis-thirdparty-misc-0.4.0.jar:/home/user/.m2/repository/org/apache/hadoop/hadoop-minikdc/3.2.1/hadoop-minikdc-3.2.1.jar:/home/user/.m2/repository/org/apache/kerby/kerb-simplekdc/1.0.1/kerb-simplekdc-1.0.1.jar:/home/user/.m2/repository/org/apache/kerby/kerb-client/1.0.1/kerb-client-1.0.1.jar:/home/user/.m2/repository/org/apache/kerby/kerby-config/1.0.1/kerby-config-1.0.1.jar:/home/user/.m2/repository/org/apache/kerby/kerb-core/1.0.1/kerb-core-1.0.1.jar:/home/user/.m2/repository/org/apache/kerby/kerby-pkix/1.0.1/kerby-pkix-1.0.1.jar:/home/user/.m2/repository/org/apache/kerby/kerby-asn1/1.0.1/kerby-asn1-1.0.1.jar:/home/user/.m2/repository/org/apache/kerby/kerby-util/1.0.1/kerby-util-1.0.1.jar:/home/user/.m2/repository/org/apache/kerby/kerb-common/1.0.1/kerb-common-1.0.1.jar:/home/user/.m2/repository/org/apache/kerby/kerb-crypto/1.0.1/kerb-crypto-1.0.1.jar:/home/user/.m2/repository/org/apache/kerby/kerb-util/1.0.1/kerb-util-1.0.1.jar:/home/user/.m2/repository/org/apache/kerby/token-provider/1.0.1/token-provider-1.0.1.jar:/home/user/.m2/repository/org/apache/kerby/kerb-admin/1.0.1/kerb-admin-1.0.1.jar:/home/user/.m2/repository/org/apache/kerby/kerb-server/1.0.1/kerb-server-1.0.1.jar:/home/user/.m2/repository/org/apache/kerby/kerb-identity/1.0.1/kerb-identity-1.0.1.jar:/home/user/.m2/repository/org/apache/kerby/kerby-xdr/1.0.1/kerby-xdr-1.0.1.jar:/home/user/.m2/repository/org/slf4j/slf4j-log4j12/1.7.25/slf4j-log4j12-1.7.25.jar:/home/user/.m2/repository/org/apache/hadoop/hadoop-ozone-s3gateway/0.6.0-SNAPSHOT/hadoop-ozone-s3gateway-0.6.0-SNAPSHOT.jar:/home/user/.m2/repository/org/jboss/weld/servlet/weld-servlet/2.4.7.Final/weld-servlet-2.4.7.Final.jar:/home/user/.m2/repository/org/glassfish/jersey/containers/jersey-container-servlet-core/2.27/jersey-container-servlet-core-2.27.jar:/home/user/.m2/repository/org/glassfish/hk2/external/javax.inject/2.5.0-b42/javax.inject-2.5.0-b42.jar:/home/user/.m2/repository/org/glassfish/jersey/core/jersey-common/2.27/jersey-common-2.27.jar:/home/user/.m2/repository/org/glassfish/hk2/osgi-resource-locator/1.0.1/osgi-resource-locator-1.0.1.jar:/home/user/.m2/repository/javax/ws/rs/javax.ws.rs-api/2.1/javax.ws.rs-api-2.1.jar:/home/user/.m2/repository/org/glassfish/jersey/ext/cdi/jersey-cdi1x/2.27/jersey-cdi1x-2.27.jar:/home/user/.m2/repository/org/glassfish/jersey/inject/jersey-hk2/2.27/jersey-hk2-2.27.jar:/home/user/.m2/repository/org/glassfish/hk2/hk2-locator/2.5.0-b42/hk2-locator-2.5.0-b42.jar:/home/user/.m2/repository/org/javassist/javassist/3.22.0-CR2/javassist-3.22.0-CR2.jar:/home/user/.m2/repository/org/glassfish/hk2/hk2-api/2.5.0/hk2-api-2.5.0.jar:/home/user/.m2/repository/org/glassfish/hk2/external/jakarta.inject/2.5.0/jakarta.inject-2.5.0.jar:/home/user/.m2/repository/org/glassfish/hk2/hk2-utils/2.5.0/hk2-utils-2.5.0.jar:/home/user/.m2/repository/jakarta/annotation/jakarta.annotation-api/1.3.4/jakarta.annotation-api-1.3.4.jar:/home/user/.m2/repository/org/glassfish/hk2/external/aopalliance-repackaged/2.5.0/aopalliance-repackaged-2.5.0.jar:/home/user/.m2/repository/com/fasterxml/jackson/dataformat/jackson-dataformat-xml/2.10.3/jackson-dataformat-xml-2.10.3.jar:/home/user/.m2/repository/com/fasterxml/jackson/core/jackson-core/2.10.3/jackson-core-2.10.3.jar:/home/user/.m2/repository/com/fasterxml/jackson/module/jackson-module-jaxb-annotations/2.10.3/jackson-module-jaxb-annotations-2.10.3.jar:/home/user/.m2/repository/jakarta/xml/bind/jakarta.xml.bind-api/2.3.2/jakarta.xml.bind-api-2.3.2.jar:/home/user/.m2/repository/jakarta/activation/jakarta.activation-api/1.2.1/jakarta.activation-api-1.2.1.jar:/home/user/.m2/repository/org/codehaus/woodstox/stax2-api/3.1.4/stax2-api-3.1.4.jar:/home/user/.m2/repository/com/fasterxml/woodstox/woodstox-core/5.0.3/woodstox-core-5.0.3.jar:/home/user/.m2/repository/javax/enterprise/cdi-api/1.2/cdi-api-1.2.jar:/home/user/.m2/repository/javax/el/javax.el-api/3.0.0/javax.el-api-3.0.0.jar:/home/user/.m2/repository/javax/interceptor/javax.interceptor-api/1.2/javax.interceptor-api-1.2.jar:/home/user/.m2/repository/javax/inject/javax.inject/1/javax.inject-1.jar:/home/user/.m2/repository/com/sun/xml/bind/jaxb-impl/2.3.0.1/jaxb-impl-2.3.0.1.jar:/home/user/.m2/repository/com/sun/xml/bind/jaxb-core/2.3.0.1/jaxb-core-2.3.0.1.jar:/home/user/.m2/repository/javax/xml/bind/jaxb-api/2.3.0/jaxb-api-2.3.0.jar:/home/user/.m2/repository/javax/activation/activation/1.1.1/activation-1.1.1.jar:/home/user/.m2/repository/org/apache/hadoop/hadoop-ozone-csi/0.6.0-SNAPSHOT/hadoop-ozone-csi-0.6.0-SNAPSHOT.jar:/home/user/.m2/repository/com/google/protobuf/protobuf-java-util/3.11.0/protobuf-java-util-3.11.0.jar:/home/user/.m2/repository/com/google/code/gson/gson/2.2.4/gson-2.2.4.jar:/home/user/.m2/repository/org/apache/hadoop/hadoop-hdds-config/0.6.0-SNAPSHOT/hadoop-hdds-config-0.6.0-SNAPSHOT.jar:/home/user/.m2/repository/com/google/protobuf/protobuf-java/2.5.0/protobuf-java-2.5.0.jar:/home/user/.m2/repository/io/grpc/grpc-netty/1.29.0/grpc-netty-1.29.0.jar:/home/user/.m2/repository/io/grpc/grpc-core/1.29.0/grpc-core-1.29.0.jar:/home/user/.m2/repository/com/google/android/annotations/4.1.1.4/annotations-4.1.1.4.jar:/home/user/.m2/repository/io/perfmark/perfmark-api/0.19.0/perfmark-api-0.19.0.jar:/home/user/.m2/repository/io/netty/netty-codec-http2/4.1.48.Final/netty-codec-http2-4.1.48.Final.jar:/home/user/.m2/repository/io/netty/netty-codec/4.1.48.Final/netty-codec-4.1.48.Final.jar:/home/user/.m2/repository/io/netty/netty-handler/4.1.48.Final/netty-handler-4.1.48.Final.jar:/home/user/.m2/repository/io/netty/netty-codec-http/4.1.48.Final/netty-codec-http-4.1.48.Final.jar:/home/user/.m2/repository/io/netty/netty-handler-proxy/4.1.48.Final/netty-handler-proxy-4.1.48.Final.jar:/home/user/.m2/repository/io/netty/netty-codec-socks/4.1.48.Final/netty-codec-socks-4.1.48.Final.jar:/home/user/.m2/repository/io/netty/netty-transport-native-epoll/4.1.48.Final/netty-transport-native-epoll-4.1.48.Final.jar:/home/user/.m2/repository/io/netty/netty-common/4.1.48.Final/netty-common-4.1.48.Final.jar:/home/user/.m2/repository/io/netty/netty-buffer/4.1.48.Final/netty-buffer-4.1.48.Final.jar:/home/user/.m2/repository/io/netty/netty-transport/4.1.48.Final/netty-transport-4.1.48.Final.jar:/home/user/.m2/repository/io/netty/netty-resolver/4.1.48.Final/netty-resolver-4.1.48.Final.jar:/home/user/.m2/repository/io/netty/netty-transport-native-unix-common/4.1.48.Final/netty-transport-native-unix-common-4.1.48.Final.jar:/home/user/.m2/repository/io/grpc/grpc-protobuf/1.29.0/grpc-protobuf-1.29.0.jar:/home/user/.m2/repository/io/grpc/grpc-api/1.29.0/grpc-api-1.29.0.jar:/home/user/.m2/repository/io/grpc/grpc-context/1.29.0/grpc-context-1.29.0.jar:/home/user/.m2/repository/org/codehaus/mojo/animal-sniffer-annotations/1.18/animal-sniffer-annotations-1.18.jar:/home/user/.m2/repository/com/google/api/grpc/proto-google-common-protos/1.17.0/proto-google-common-protos-1.17.0.jar:/home/user/.m2/repository/io/grpc/grpc-protobuf-lite/1.29.0/grpc-protobuf-lite-1.29.0.jar:/home/user/.m2/repository/io/grpc/grpc-stub/1.29.0/grpc-stub-1.29.0.jar:/home/user/.m2/repository/org/apache/hadoop/hadoop-ozone-recon/0.6.0-SNAPSHOT/hadoop-ozone-recon-0.6.0-SNAPSHOT.jar:/home/user/.m2/repository/org/apache/hadoop/hadoop-ozone-reconcodegen/0.6.0-SNAPSHOT/hadoop-ozone-reconcodegen-0.6.0-SNAPSHOT.jar:/home/user/.m2/repository/com/google/inject/extensions/guice-multibindings/4.0/guice-multibindings-4.0.jar:/home/user/.m2/repository/com/google/inject/guice/4.0/guice-4.0.jar:/home/user/.m2/repository/aopalliance/aopalliance/1.0/aopalliance-1.0.jar:/home/user/.m2/repository/com/google/inject/extensions/guice-assistedinject/4.0/guice-assistedinject-4.0.jar:/home/user/.m2/repository/com/google/inject/extensions/guice-servlet/4.0/guice-servlet-4.0.jar:/home/user/.m2/repository/org/glassfish/jersey/containers/jersey-container-servlet/2.27/jersey-container-servlet-2.27.jar:/home/user/.m2/repository/org/glassfish/hk2/guice-bridge/2.5.0/guice-bridge-2.5.0.jar:/home/user/.m2/repository/org/glassfish/jersey/core/jersey-server/2.27/jersey-server-2.27.jar:/home/user/.m2/repository/org/glassfish/jersey/core/jersey-client/2.27/jersey-client-2.27.jar:/home/user/.m2/repository/org/glassfish/jersey/media/jersey-media-jaxb/2.27/jersey-media-jaxb-2.27.jar:/home/user/.m2/repository/javax/validation/validation-api/1.1.0.Final/validation-api-1.1.0.Final.jar:/home/user/.m2/repository/org/glassfish/jersey/media/jersey-media-json-jackson/2.27/jersey-media-json-jackson-2.27.jar:/home/user/.m2/repository/org/glassfish/jersey/ext/jersey-entity-filtering/2.27/jersey-entity-filtering-2.27.jar:/home/user/.m2/repository/org/jooq/jooq/3.11.10/jooq-3.11.10.jar:/home/user/.m2/repository/org/jooq/jooq-meta/3.11.10/jooq-meta-3.11.10.jar:/home/user/.m2/repository/org/jooq/jooq-codegen/3.11.10/jooq-codegen-3.11.10.jar:/home/user/.m2/repository/com/jolbox/bonecp/0.8.0.RELEASE/bonecp-0.8.0.RELEASE.jar:/home/user/.m2/repository/org/apache/derby/derby/10.14.2.0/derby-10.14.2.0.jar:/home/user/.m2/repository/org/xerial/sqlite-jdbc/3.25.2/sqlite-jdbc-3.25.2.jar:/home/user/.m2/repository/org/springframework/spring-jdbc/5.2.5.RELEASE/spring-jdbc-5.2.5.RELEASE.jar:/home/user/.m2/repository/org/springframework/spring-beans/5.2.5.RELEASE/spring-beans-5.2.5.RELEASE.jar:/home/user/.m2/repository/org/springframework/spring-core/5.2.5.RELEASE/spring-core-5.2.5.RELEASE.jar:/home/user/.m2/repository/org/springframework/spring-jcl/5.2.5.RELEASE/spring-jcl-5.2.5.RELEASE.jar:/home/user/.m2/repository/org/springframework/spring-tx/5.2.5.RELEASE/spring-tx-5.2.5.RELEASE.jar:/home/user/.m2/repository/org/apache/hadoop/hadoop-ozone-client/0.6.0-SNAPSHOT/hadoop-ozone-client-0.6.0-SNAPSHOT.jar:/home/user/.m2/repository/org/apache/hadoop/hadoop-ozone-filesystem/0.6.0-SNAPSHOT/hadoop-ozone-filesystem-0.6.0-SNAPSHOT.jar:/home/user/.m2/repository/org/apache/hadoop/hadoop-ozone-filesystem-common/0.6.0-SNAPSHOT/hadoop-ozone-filesystem-common-0.6.0-SNAPSHOT.jar:/home/user/.m2/repository/org/apache/hadoop/hadoop-ozone-tools/0.6.0-SNAPSHOT/hadoop-ozone-tools-0.6.0-SNAPSHOT.jar:/home/user/.m2/repository/org/apache/hadoop/hadoop-hdfs/3.2.1/hadoop-hdfs-3.2.1.jar:/home/user/.m2/repository/org/apache/ratis/ratis-tools/0.6.0-6ab75ae-SNAPSHOT/ratis-tools-0.6.0-6ab75ae-SNAPSHOT.jar:/home/user/.m2/repository/org/apache/ratis/ratis-proto/0.6.0-6ab75ae-SNAPSHOT/ratis-proto-0.6.0-6ab75ae-SNAPSHOT.jar:/home/user/.m2/repository/org/apache/ratis/ratis-common/0.6.0-6ab75ae-SNAPSHOT/ratis-common-0.6.0-6ab75ae-SNAPSHOT.jar:/home/user/.m2/repository/com/amazonaws/aws-java-sdk-core/1.11.615/aws-java-sdk-core-1.11.615.jar:/home/user/.m2/repository/org/apache/httpcomponents/httpclient/4.5.2/httpclient-4.5.2.jar:/home/user/.m2/repository/org/apache/httpcomponents/httpcore/4.4.4/httpcore-4.4.4.jar:/home/user/.m2/repository/software/amazon/ion/ion-java/1.0.2/ion-java-1.0.2.jar:/home/user/.m2/repository/com/fasterxml/jackson/dataformat/jackson-dataformat-cbor/2.10.3/jackson-dataformat-cbor-2.10.3.jar:/home/user/.m2/repository/joda-time/joda-time/2.8.1/joda-time-2.8.1.jar:/home/user/.m2/repository/com/amazonaws/aws-java-sdk-s3/1.11.615/aws-java-sdk-s3-1.11.615.jar:/home/user/.m2/repository/com/amazonaws/aws-java-sdk-kms/1.11.615/aws-java-sdk-kms-1.11.615.jar:/home/user/.m2/repository/com/amazonaws/jmespath-java/1.11.615/jmespath-java-1.11.615.jar:/home/user/.m2/repository/org/apache/hadoop/hadoop-hdds-tools/0.6.0-SNAPSHOT/hadoop-hdds-tools-0.6.0-SNAPSHOT.jar:/home/user/.m2/repository/commons-cli/commons-cli/1.2/commons-cli-1.2.jar:/home/user/.m2/repository/org/apache/commons/commons-lang3/3.7/commons-lang3-3.7.jar:/home/user/.m2/repository/org/apache/hadoop/hadoop-ozone-ozone-manager/0.6.0-SNAPSHOT/hadoop-ozone-ozone-manager-0.6.0-SNAPSHOT-tests.jar:/home/user/.m2/repository/junit/junit/4.11/junit-4.11.jar:/home/user/.m2/repository/org/hamcrest/hamcrest-core/1.3/hamcrest-core-1.3.jar:/home/user/.m2/repository/org/openjdk/jmh/jmh-core/1.19/jmh-core-1.19.jar:/home/user/.m2/repository/net/sf/jopt-simple/jopt-simple/4.6/jopt-simple-4.6.jar:/home/user/.m2/repository/org/apache/commons/commons-math3/3.1.1/commons-math3-3.1.1.jar:/home/user/.m2/repository/org/openjdk/jmh/jmh-generator-annprocess/1.19/jmh-generator-annprocess-1.19.jar:/home/user/.m2/repository/org/mockito/mockito-all/1.8.5/mockito-all-1.8.5.jar:/home/user/.m2/repository/org/apache/hadoop/hadoop-kms/3.2.1/hadoop-kms-3.2.1.jar:/home/user/.m2/repository/org/apache/hadoop/hadoop-auth/3.2.1/hadoop-auth-3.2.1.jar:/home/user/.m2/repository/com/nimbusds/nimbus-jose-jwt/7.9/nimbus-jose-jwt-7.9.jar:/home/user/.m2/repository/com/github/stephenc/jcip/jcip-annotations/1.0-1/jcip-annotations-1.0-1.jar:/home/user/.m2/repository/net/minidev/json-smart/2.3/json-smart-2.3.jar:/home/user/.m2/repository/net/minidev/accessors-smart/1.2/accessors-smart-1.2.jar:/home/user/.m2/repository/org/ow2/asm/asm/5.0.4/asm-5.0.4.jar:/home/user/.m2/repository/org/apache/zookeeper/zookeeper/3.4.13/zookeeper-3.4.13.jar:/home/user/.m2/repository/org/apache/yetus/audience-annotations/0.5.0/audience-annotations-0.5.0.jar:/home/user/.m2/repository/org/apache/curator/curator-framework/2.13.0/curator-framework-2.13.0.jar:/home/user/.m2/repository/com/sun/jersey/jersey-core/1.19/jersey-core-1.19.jar:/home/user/.m2/repository/javax/ws/rs/jsr311-api/1.1.1/jsr311-api-1.1.1.jar:/home/user/.m2/repository/com/sun/jersey/jersey-server/1.19/jersey-server-1.19.jar:/home/user/.m2/repository/javax/servlet/javax.servlet-api/3.1.0/javax.servlet-api-3.1.0.jar:/home/user/.m2/repository/org/eclipse/jetty/jetty-server/9.4.26.v20200117/jetty-server-9.4.26.v20200117.jar:/home/user/.m2/repository/org/eclipse/jetty/jetty-http/9.4.26.v20200117/jetty-http-9.4.26.v20200117.jar:/home/user/.m2/repository/org/eclipse/jetty/jetty-io/9.4.26.v20200117/jetty-io-9.4.26.v20200117.jar:/home/user/.m2/repository/org/eclipse/jetty/jetty-webapp/9.4.26.v20200117/jetty-webapp-9.4.26.v20200117.jar:/home/user/.m2/repository/org/eclipse/jetty/jetty-xml/9.4.26.v20200117/jetty-xml-9.4.26.v20200117.jar:/home/user/.m2/repository/org/eclipse/jetty/jetty-servlet/9.4.26.v20200117/jetty-servlet-9.4.26.v20200117.jar:/home/user/.m2/repository/org/eclipse/jetty/jetty-security/9.4.26.v20200117/jetty-security-9.4.26.v20200117.jar:/home/user/.m2/repository/org/apache/hadoop/hadoop-common/3.2.1/hadoop-common-3.2.1.jar:/home/user/.m2/repository/commons-net/commons-net/3.6/commons-net-3.6.jar:/home/user/.m2/repository/commons-collections/commons-collections/3.2.2/commons-collections-3.2.2.jar:/home/user/.m2/repository/com/sun/jersey/jersey-servlet/1.19/jersey-servlet-1.19.jar:/home/user/.m2/repository/com/sun/jersey/jersey-json/1.19/jersey-json-1.19.jar:/home/user/.m2/repository/org/codehaus/jettison/jettison/1.1/jettison-1.1.jar:/home/user/.m2/repository/org/codehaus/jackson/jackson-jaxrs/1.9.2/jackson-jaxrs-1.9.2.jar:/home/user/.m2/repository/org/codehaus/jackson/jackson-xc/1.9.2/jackson-xc-1.9.2.jar:/home/user/.m2/repository/commons-beanutils/commons-beanutils/1.9.4/commons-beanutils-1.9.4.jar:/home/user/.m2/repository/org/apache/commons/commons-configuration2/2.1.1/commons-configuration2-2.1.1.jar:/home/user/.m2/repository/org/apache/commons/commons-text/1.4/commons-text-1.4.jar:/home/user/.m2/repository/com/google/re2j/re2j/1.1/re2j-1.1.jar:/home/user/.m2/repository/com/jcraft/jsch/0.1.54/jsch-0.1.54.jar:/home/user/.m2/repository/org/apache/curator/curator-client/2.13.0/curator-client-2.13.0.jar:/home/user/.m2/repository/org/apache/curator/curator-recipes/2.13.0/curator-recipes-2.13.0.jar:/home/user/.m2/repository/dnsjava/dnsjava/2.1.7/dnsjava-2.1.7.jar:/home/user/.m2/repository/org/slf4j/jul-to-slf4j/1.7.25/jul-to-slf4j-1.7.25.jar:/home/user/.m2/repository/org/eclipse/jetty/jetty-util/9.4.26.v20200117/jetty-util-9.4.26.v20200117.jar:/home/user/.m2/repository/com/fasterxml/jackson/core/jackson-databind/2.10.3/jackson-databind-2.10.3.jar:/home/user/.m2/repository/org/apache/hadoop/hadoop-kms/3.2.1/hadoop-kms-3.2.1-tests.jar:/home/user/.m2/repository/org/apache/hadoop/hadoop-hdds-server-scm/0.6.0-SNAPSHOT/hadoop-hdds-server-scm-0.6.0-SNAPSHOT-tests.jar:/home/user/.m2/repository/org/apache/hadoop/hadoop-hdds-container-service/0.6.0-SNAPSHOT/hadoop-hdds-container-service-0.6.0-SNAPSHOT-tests.jar:/home/user/.m2/repository/org/apache/hadoop/hadoop-hdds-common/0.6.0-SNAPSHOT/hadoop-hdds-common-0.6.0-SNAPSHOT-tests.jar:/home/user/.m2/repository/org/yaml/snakeyaml/1.16/snakeyaml-1.16.jar:/home/user/.m2/repository/org/apache/hadoop/hadoop-hdds-hadoop-dependency-test/0.6.0-SNAPSHOT/hadoop-hdds-hadoop-dependency-test-0.6.0-SNAPSHOT.jar:/home/user/.m2/repository/org/apache/hadoop/hadoop-common/3.2.1/hadoop-common-3.2.1-tests.jar:/home/user/.m2/repository/javax/servlet/jsp/jsp-api/2.1/jsp-api-2.1.jar:/home/user/.m2/repository/org/apache/hadoop/hadoop-hdfs/3.2.1/hadoop-hdfs-3.2.1-tests.jar:/home/user/.m2/repository/org/eclipse/jetty/jetty-util-ajax/9.4.26.v20200117/jetty-util-ajax-9.4.26.v20200117.jar:/home/user/.m2/repository/commons-codec/commons-codec/1.11/commons-codec-1.11.jar:/home/user/.m2/repository/commons-daemon/commons-daemon/1.0.13/commons-daemon-1.0.13.jar:/home/user/.m2/repository/io/netty/netty/3.10.5.Final/netty-3.10.5.Final.jar:/home/user/.m2/repository/io/netty/netty-all/4.1.48.Final/netty-all-4.1.48.Final.jar:/home/user/.m2/repository/org/apache/htrace/htrace-core4/4.1.0-incubating/htrace-core4-4.1.0-incubating.jar:/home/user/.m2/repository/org/fusesource/leveldbjni/leveldbjni-all/1.8/leveldbjni-all-1.8.jar:/home/user/.m2/repository/org/apache/hadoop/hadoop-distcp/3.2.1/hadoop-distcp-3.2.1.jar:/home/user/.m2/repository/org/apache/hadoop/hadoop-mapreduce-client-jobclient/3.2.1/hadoop-mapreduce-client-jobclient-3.2.1.jar:/home/user/.m2/repository/org/apache/hadoop/hadoop-mapreduce-client-common/3.2.1/hadoop-mapreduce-client-common-3.2.1.jar:/home/user/.m2/repository/org/apache/hadoop/hadoop-yarn-common/3.2.1/hadoop-yarn-common-3.2.1.jar:/home/user/.m2/repository/org/apache/hadoop/hadoop-yarn-api/3.2.1/hadoop-yarn-api-3.2.1.jar:/home/user/.m2/repository/com/sun/jersey/jersey-client/1.19/jersey-client-1.19.jar:/home/user/.m2/repository/com/sun/jersey/contribs/jersey-guice/1.19/jersey-guice-1.19.jar:/home/user/.m2/repository/com/fasterxml/jackson/jaxrs/jackson-jaxrs-json-provider/2.10.3/jackson-jaxrs-json-provider-2.10.3.jar:/home/user/.m2/repository/com/fasterxml/jackson/jaxrs/jackson-jaxrs-base/2.10.3/jackson-jaxrs-base-2.10.3.jar:/home/user/.m2/repository/org/apache/hadoop/hadoop-yarn-client/3.2.1/hadoop-yarn-client-3.2.1.jar:/home/user/.m2/repository/org/apache/hadoop/hadoop-mapreduce-client-core/3.2.1/hadoop-mapreduce-client-core-3.2.1.jar:/home/user/.m2/repository/org/apache/avro/avro/1.7.7/avro-1.7.7.jar:/home/user/.m2/repository/org/codehaus/jackson/jackson-core-asl/1.9.13/jackson-core-asl-1.9.13.jar:/home/user/.m2/repository/org/codehaus/jackson/jackson-mapper-asl/1.9.13/jackson-mapper-asl-1.9.13.jar:/home/user/.m2/repository/com/thoughtworks/paranamer/paranamer/2.3/paranamer-2.3.jar:/home/user/.m2/repository/org/xerial/snappy/snappy-java/1.0.5/snappy-java-1.0.5.jar:/home/user/.m2/repository/org/apache/hadoop/hadoop-annotations/3.2.1/hadoop-annotations-3.2.1.jar:/usr/lib/jvm/java-1.8.0-openjdk-1.8.0.232.b09-0.el7_7.x86_64/jre/../lib/tools.jar:/home/user/.m2/repository/org/apache/hadoop/hadoop-distcp/3.2.1/hadoop-distcp-3.2.1-tests.jar:"/>
    <property name="sun.cpu.endian" value="little"/>
    <property name="user.home" value="/home/user"/>
    <property name="user.language" value="en"/>
    <property name="java.specification.vendor" value="Oracle Corporation"/>
    <property name="java.home" value="/usr/lib/jvm/java-1.8.0-openjdk-1.8.0.232.b09-0.el7_7.x86_64/jre"/>
    <property name="java.security.krb5.conf" value="/github/workspace/mnt/ozone/hadoop-ozone/integration-test/target/test-classes/krb5.conf"/>
    <property name="basedir" value="/github/workspace/mnt/ozone/hadoop-ozone/integration-test"/>
    <property name="file.separator" value="/"/>
    <property name="line.separator" value="&#10;"/>
    <property name="java.vm.specification.vendor" value="Oracle Corporation"/>
    <property name="java.specification.name" value="Java Platform API Specification"/>
    <property name="java.awt.graphicsenv" value="sun.awt.X11GraphicsEnvironment"/>
    <property name="surefire.real.class.path" value="/github/workspace/mnt/ozone/hadoop-ozone/integration-test/target/surefire/surefirebooter1737519839867516262.jar:/home/user/.m2/repository/org/jacoco/org.jacoco.agent/0.8.5/org.jacoco.agent-0.8.5-runtime.jar"/>
    <property name="hadoop.log.dir" value="/github/workspace/mnt/ozone/hadoop-ozone/integration-test/target/log"/>
    <property name="sun.boot.class.path" value="/usr/lib/jvm/java-1.8.0-openjdk-1.8.0.232.b09-0.el7_7.x86_64/jre/lib/resources.jar:/usr/lib/jvm/java-1.8.0-openjdk-1.8.0.232.b09-0.el7_7.x86_64/jre/lib/rt.jar:/usr/lib/jvm/java-1.8.0-openjdk-1.8.0.232.b09-0.el7_7.x86_64/jre/lib/sunrsasign.jar:/usr/lib/jvm/java-1.8.0-openjdk-1.8.0.232.b09-0.el7_7.x86_64/jre/lib/jsse.jar:/usr/lib/jvm/java-1.8.0-openjdk-1.8.0.232.b09-0.el7_7.x86_64/jre/lib/jce.jar:/usr/lib/jvm/java-1.8.0-openjdk-1.8.0.232.b09-0.el7_7.x86_64/jre/lib/charsets.jar:/usr/lib/jvm/java-1.8.0-openjdk-1.8.0.232.b09-0.el7_7.x86_64/jre/lib/jfr.jar:/usr/lib/jvm/java-1.8.0-openjdk-1.8.0.232.b09-0.el7_7.x86_64/jre/classes"/>
    <property name="sun.management.compiler" value="HotSpot 64-Bit Tiered Compilers"/>
    <property name="java.runtime.version" value="1.8.0_232-b09"/>
    <property name="java.net.preferIPv4Stack" value="true"/>
    <property name="user.name" value="jenkins1001"/>
    <property name="path.separator" value=":"/>
    <property name="java.security.egd" value="file:///dev/urandom"/>
    <property name="os.version" value="5.3.0-1022-azure"/>
    <property name="java.endorsed.dirs" value="/usr/lib/jvm/java-1.8.0-openjdk-1.8.0.232.b09-0.el7_7.x86_64/jre/lib/endorsed"/>
    <property name="java.runtime.name" value="OpenJDK Runtime Environment"/>
    <property name="file.encoding" value="ANSI_X3.4-1968"/>
    <property name="java.vm.name" value="OpenJDK 64-Bit Server VM"/>
    <property name="test.build.webapps" value=""/>
    <property name="localRepository" value="/home/user/.m2/repository"/>
    <property name="java.vendor.url.bug" value="http://bugreport.sun.com/bugreport/"/>
    <property name="java.io.tmpdir" value="/tmp"/>
    <property name="require.test.libhadoop" value=""/>
    <property name="java.version" value="1.8.0_232"/>
    <property name="user.dir" value="/github/workspace/mnt/ozone/hadoop-ozone/integration-test"/>
    <property name="os.arch" value="amd64"/>
    <property name="java.vm.specification.name" value="Java Virtual Machine Specification"/>
    <property name="test.build.classes" value="/github/workspace/mnt/ozone/hadoop-ozone/integration-test/target/test-classes"/>
    <property name="java.awt.printerjob" value="sun.print.PSPrinterJob"/>
    <property name="sun.os.patch.level" value="unknown"/>
    <property name="hadoop.tmp.dir" value="/github/workspace/mnt/ozone/hadoop-ozone/integration-test/target/tmp"/>
    <property name="java.library.path" value="/usr/lib:/usr/java/packages/lib/amd64:/usr/lib64:/lib64:/lib:/usr/lib"/>
    <property name="java.vm.info" value="mixed mode"/>
    <property name="java.vendor" value="Oracle Corporation"/>
    <property name="java.vm.version" value="25.232-b09"/>
    <property name="java.ext.dirs" value="/usr/lib/jvm/java-1.8.0-openjdk-1.8.0.232.b09-0.el7_7.x86_64/jre/lib/ext:/usr/java/packages/lib/ext"/>
    <property name="sun.io.unicode.encoding" value="UnicodeLittle"/>
    <property name="skip.yarn" value="true"/>
    <property name="java.class.version" value="52.0"/>
  </properties>
  <testcase name="testMultipartUpload" classname="org.apache.hadoop.ozone.om.TestOzoneManagerHAWithData" time="29.149"/>
  <testcase name="testOMRatisSnapshot" classname="org.apache.hadoop.ozone.om.TestOzoneManagerHAWithData" time="24.272"/>
  <testcase name="testFileOperationsWithRecursive" classname="org.apache.hadoop.ozone.om.TestOzoneManagerHAWithData" time="24.553"/>
  <testcase name="testMultipartUploadWithOneOmNodeDown" classname="org.apache.hadoop.ozone.om.TestOzoneManagerHAWithData" time="47.378">
    <error message="omNode-2@group-523986131536 is in LEADER state but not ready yet.&#10;	at org.apache.hadoop.ozone.om.ratis.OzoneManagerRatisServer.processReply(OzoneManagerRatisServer.java:177)&#10;	at org.apache.hadoop.ozone.om.ratis.OzoneManagerRatisServer.submitRequest(OzoneManagerRatisServer.java:136)&#10;	at org.apache.hadoop.ozone.protocolPB.OzoneManagerProtocolServerSideTranslatorPB.submitRequestToRatis(OzoneManagerProtocolServerSideTranslatorPB.java:177)&#10;	at org.apache.hadoop.ozone.protocolPB.OzoneManagerProtocolServerSideTranslatorPB.processRequest(OzoneManagerProtocolServerSideTranslatorPB.java:134)&#10;	at org.apache.hadoop.hdds.server.OzoneProtocolMessageDispatcher.processRequest(OzoneProtocolMessageDispatcher.java:74)&#10;	at org.apache.hadoop.ozone.protocolPB.OzoneManagerProtocolServerSideTranslatorPB.submitRequest(OzoneManagerProtocolServerSideTranslatorPB.java:113)&#10;	at org.apache.hadoop.ozone.protocol.proto.OzoneManagerProtocolProtos$OzoneManagerService$2.callBlockingMethod(OzoneManagerProtocolProtos.java)&#10;	at org.apache.hadoop.ipc.ProtobufRpcEngine$Server$ProtoBufRpcInvoker.call(ProtobufRpcEngine.java:528)&#10;	at org.apache.hadoop.ipc.RPC$Server.call(RPC.java:1070)&#10;	at org.apache.hadoop.ipc.Server$RpcCall.run(Server.java:999)&#10;	at org.apache.hadoop.ipc.Server$RpcCall.run(Server.java:927)&#10;	at java.security.AccessController.doPrivileged(Native Method)&#10;	at javax.security.auth.Subject.doAs(Subject.java:422)&#10;	at org.apache.hadoop.security.UserGroupInformation.doAs(UserGroupInformation.java:1730)&#10;	at org.apache.hadoop.ipc.Server$Handler.run(Server.java:2915)&#10;" type="org.apache.hadoop.ipc.RemoteException(org.apache.hadoop.ozone.om.exceptions.OMLeaderNotReadyException)">org.apache.hadoop.ipc.RemoteException(org.apache.hadoop.ozone.om.exceptions.OMLeaderNotReadyException): omNode-2@group-523986131536 is in LEADER state but not ready yet.
	at org.apache.hadoop.ozone.om.ratis.OzoneManagerRatisServer.processReply(OzoneManagerRatisServer.java:177)
	at org.apache.hadoop.ozone.om.ratis.OzoneManagerRatisServer.submitRequest(OzoneManagerRatisServer.java:136)
	at org.apache.hadoop.ozone.protocolPB.OzoneManagerProtocolServerSideTranslatorPB.submitRequestToRatis(OzoneManagerProtocolServerSideTranslatorPB.java:177)
	at org.apache.hadoop.ozone.protocolPB.OzoneManagerProtocolServerSideTranslatorPB.processRequest(OzoneManagerProtocolServerSideTranslatorPB.java:134)
	at org.apache.hadoop.hdds.server.OzoneProtocolMessageDispatcher.processRequest(OzoneProtocolMessageDispatcher.java:74)
	at org.apache.hadoop.ozone.protocolPB.OzoneManagerProtocolServerSideTranslatorPB.submitRequest(OzoneManagerProtocolServerSideTranslatorPB.java:113)
	at org.apache.hadoop.ozone.protocol.proto.OzoneManagerProtocolProtos$OzoneManagerService$2.callBlockingMethod(OzoneManagerProtocolProtos.java)
	at org.apache.hadoop.ipc.ProtobufRpcEngine$Server$ProtoBufRpcInvoker.call(ProtobufRpcEngine.java:528)
	at org.apache.hadoop.ipc.RPC$Server.call(RPC.java:1070)
	at org.apache.hadoop.ipc.Server$RpcCall.run(Server.java:999)
	at org.apache.hadoop.ipc.Server$RpcCall.run(Server.java:927)
	at java.security.AccessController.doPrivileged(Native Method)
	at javax.security.auth.Subject.doAs(Subject.java:422)
	at org.apache.hadoop.security.UserGroupInformation.doAs(UserGroupInformation.java:1730)
	at org.apache.hadoop.ipc.Server$Handler.run(Server.java:2915)

	at org.apache.hadoop.ipc.Client.getRpcResponse(Client.java:1545)
	at org.apache.hadoop.ipc.Client.call(Client.java:1491)
	at org.apache.hadoop.ipc.Client.call(Client.java:1388)
	at org.apache.hadoop.ipc.ProtobufRpcEngine$Invoker.invoke(ProtobufRpcEngine.java:233)
	at org.apache.hadoop.ipc.ProtobufRpcEngine$Invoker.invoke(ProtobufRpcEngine.java:118)
	at com.sun.proxy.$Proxy39.submitRequest(Unknown Source)
	at sun.reflect.GeneratedMethodAccessor40.invoke(Unknown Source)
	at sun.reflect.DelegatingMethodAccessorImpl.invoke(DelegatingMethodAccessorImpl.java:43)
	at java.lang.reflect.Method.invoke(Method.java:498)
	at org.apache.hadoop.io.retry.RetryInvocationHandler.invokeMethod(RetryInvocationHandler.java:422)
	at org.apache.hadoop.io.retry.RetryInvocationHandler$Call.invokeMethod(RetryInvocationHandler.java:165)
	at org.apache.hadoop.io.retry.RetryInvocationHandler$Call.invoke(RetryInvocationHandler.java:157)
	at org.apache.hadoop.io.retry.RetryInvocationHandler$Call.invokeOnce(RetryInvocationHandler.java:95)
	at org.apache.hadoop.io.retry.RetryInvocationHandler.invoke(RetryInvocationHandler.java:359)
	at com.sun.proxy.$Proxy39.submitRequest(Unknown Source)
	at org.apache.hadoop.ozone.om.protocolPB.Hadoop3OmTransport.submitRequest(Hadoop3OmTransport.java:86)
	at org.apache.hadoop.ozone.om.protocolPB.OzoneManagerProtocolClientSideTranslatorPB.submitRequest(OzoneManagerProtocolClientSideTranslatorPB.java:209)
	at org.apache.hadoop.ozone.om.protocolPB.OzoneManagerProtocolClientSideTranslatorPB.openKey(OzoneManagerProtocolClientSideTranslatorPB.java:580)
	at org.apache.hadoop.ozone.client.rpc.RpcClient.createMultipartKey(RpcClient.java:851)
	at org.apache.hadoop.ozone.client.OzoneBucket.createMultipartKey(OzoneBucket.java:431)
	at org.apache.hadoop.ozone.om.TestOzoneManagerHAWithData.createMultipartKeyAndReadKey(TestOzoneManagerHAWithData.java:331)
	at org.apache.hadoop.ozone.om.TestOzoneManagerHAWithData.testMultipartUploadWithOneOmNodeDown(TestOzoneManagerHAWithData.java:272)
	at sun.reflect.NativeMethodAccessorImpl.invoke0(Native Method)
	at sun.reflect.NativeMethodAccessorImpl.invoke(NativeMethodAccessorImpl.java:62)
	at sun.reflect.DelegatingMethodAccessorImpl.invoke(DelegatingMethodAccessorImpl.java:43)
	at java.lang.reflect.Method.invoke(Method.java:498)
	at org.junit.runners.model.FrameworkMethod$1.runReflectiveCall(FrameworkMethod.java:47)
	at org.junit.internal.runners.model.ReflectiveCallable.run(ReflectiveCallable.java:12)
	at org.junit.runners.model.FrameworkMethod.invokeExplosively(FrameworkMethod.java:44)
	at org.junit.internal.runners.statements.InvokeMethod.evaluate(InvokeMethod.java:17)
	at org.junit.internal.runners.statements.RunBefores.evaluate(RunBefores.java:26)
	at org.junit.internal.runners.statements.RunAfters.evaluate(RunAfters.java:27)
	at org.junit.rules.ExpectedException$ExpectedExceptionStatement.evaluate(ExpectedException.java:168)
	at org.junit.internal.runners.statements.FailOnTimeout$StatementThread.run(FailOnTimeout.java:74)
</error>
    <system-out><![CDATA[2020-06-11 20:47:13,257 [Thread-1408] WARN  server.ServerUtils (ServerUtils.java:getScmDbDir(148)) - ozone.scm.db.dirs is not configured. We recommend adding this setting. Falling back to ozone.metadata.dirs instead.
2020-06-11 20:47:13,259 [Thread-1408] WARN  server.ServerUtils (ServerUtils.java:getScmDbDir(148)) - ozone.scm.db.dirs is not configured. We recommend adding this setting. Falling back to ozone.metadata.dirs instead.
2020-06-11 20:47:13,259 [Thread-1408] WARN  db.DBStoreBuilder (DBStoreBuilder.java:createDBStoreBuilder(277)) - ozone.scm.db.dirs is not configured. We recommend adding this setting. Falling back to ozone.metadata.dirs instead.
2020-06-11 20:47:13,287 [Thread-1408] INFO  net.NodeSchemaLoader (NodeSchemaLoader.java:loadSchemaFromFile(126)) - Loading file from sun.misc.CompoundEnumeration@35f38b77
2020-06-11 20:47:13,287 [Thread-1408] INFO  net.NodeSchemaLoader (NodeSchemaLoader.java:loadSchema(172)) - Loading network topology layer schema file
2020-06-11 20:47:13,289 [Thread-1408] WARN  server.ServerUtils (ServerUtils.java:sanitizeUserArgs(73)) - ozone.scm.stale.node.interval value = 300000 is larger than max = 100000 based on the key value of ozone.scm.heartbeat.thread.interval, reset to the max value 100000.
2020-06-11 20:47:13,289 [Thread-1408] WARN  server.ServerUtils (ServerUtils.java:sanitizeUserArgs(73)) - ozone.scm.stale.node.interval value = 300000 is larger than max = 100000 based on the key value of ozone.scm.heartbeat.thread.interval, reset to the max value 100000.
2020-06-11 20:47:13,290 [Thread-1408] INFO  node.SCMNodeManager (SCMNodeManager.java:<init>(116)) - Entering startup safe mode.
2020-06-11 20:47:13,290 [Thread-1408] INFO  algorithms.ContainerPlacementPolicyFactory (ContainerPlacementPolicyFactory.java:getPolicy(60)) - Create container placement policy of type org.apache.hadoop.hdds.scm.container.placement.algorithms.SCMContainerPlacementRandom
2020-06-11 20:47:13,291 [Thread-1408] INFO  pipeline.SCMPipelineManager (SCMPipelineManager.java:initializePipelineState(158)) - No pipeline exists in current db
2020-06-11 20:47:13,293 [Thread-1408] INFO  safemode.HealthyPipelineSafeModeRule (HealthyPipelineSafeModeRule.java:<init>(89)) - Total pipeline count is 0, healthy pipeline threshold count is 0
2020-06-11 20:47:13,293 [Thread-1408] INFO  safemode.OneReplicaPipelineSafeModeRule (OneReplicaPipelineSafeModeRule.java:<init>(79)) - Total pipeline count is 0, pipeline's with at least one datanode reported threshold count is 0
2020-06-11 20:47:13,293 [Thread-1408] INFO  ipc.CallQueueManager (CallQueueManager.java:<init>(84)) - Using callQueue: class java.util.concurrent.LinkedBlockingQueue, queueCapacity: 2000, scheduler: class org.apache.hadoop.ipc.DefaultRpcScheduler, ipcBackoff: false.
2020-06-11 20:47:13,294 [RatisPipelineUtilsThread] ERROR pipeline.SCMPipelineManager (SCMPipelineManager.java:createPipeline(222)) - Failed to create pipeline of type RATIS and factor ONE. Exception: Cannot create pipeline of factor 1 using 0 nodes. Used 0 nodes. Healthy nodes 0
2020-06-11 20:47:13,295 [Socket Reader #1 for port 0] INFO  ipc.Server (Server.java:run(1219)) - Starting Socket Reader #1 for port 0
2020-06-11 20:47:13,296 [Listener at 0.0.0.0/46427] INFO  ipc.CallQueueManager (CallQueueManager.java:<init>(84)) - Using callQueue: class java.util.concurrent.LinkedBlockingQueue, queueCapacity: 2000, scheduler: class org.apache.hadoop.ipc.DefaultRpcScheduler, ipcBackoff: false.
2020-06-11 20:47:13,296 [Socket Reader #1 for port 0] INFO  ipc.Server (Server.java:run(1219)) - Starting Socket Reader #1 for port 0
2020-06-11 20:47:13,297 [Listener at 0.0.0.0/41007] INFO  ipc.CallQueueManager (CallQueueManager.java:<init>(84)) - Using callQueue: class java.util.concurrent.LinkedBlockingQueue, queueCapacity: 2000, scheduler: class org.apache.hadoop.ipc.DefaultRpcScheduler, ipcBackoff: false.
2020-06-11 20:47:13,298 [Socket Reader #1 for port 0] INFO  ipc.Server (Server.java:run(1219)) - Starting Socket Reader #1 for port 0
2020-06-11 20:47:13,303 [Listener at 0.0.0.0/37519] INFO  http.BaseHttpServer (BaseHttpServer.java:newHttpServer2BuilderForOzone(205)) - Starting Web-server for scm at: http://0.0.0.0:0
2020-06-11 20:47:13,303 [Listener at 0.0.0.0/37519] INFO  http.BaseHttpServer (BaseHttpServer.java:<init>(106)) - Hadoop Security Enabled: false Ozone Security Enabled: false Ozone HTTP Security Enabled: false 
2020-06-11 20:47:13,304 [Listener at 0.0.0.0/37519] INFO  server.AuthenticationFilter (AuthenticationFilter.java:constructSecretProvider(240)) - Unable to initialize FileSignerSecretProvider, falling back to use random secrets.
2020-06-11 20:47:13,304 [Listener at 0.0.0.0/37519] WARN  http.HttpRequestLog (HttpRequestLog.java:getRequestLog(103)) - Jetty request log can only be enabled using Log4j
2020-06-11 20:47:13,305 [Listener at 0.0.0.0/37519] INFO  http.HttpServer2 (HttpServer2.java:addGlobalFilter(993)) - Added global filter 'safety' (class=org.apache.hadoop.hdds.server.http.HttpServer2$QuotingInputFilter)
2020-06-11 20:47:13,306 [Listener at 0.0.0.0/37519] INFO  http.HttpServer2 (HttpServer2.java:addFilter(969)) - Added filter authentication (class=org.apache.hadoop.security.authentication.server.AuthenticationFilter) to context scm
2020-06-11 20:47:13,306 [Listener at 0.0.0.0/37519] INFO  http.HttpServer2 (HttpServer2.java:addFilter(977)) - Added filter authentication (class=org.apache.hadoop.security.authentication.server.AuthenticationFilter) to context static
2020-06-11 20:47:13,306 [Listener at 0.0.0.0/37519] INFO  http.HttpServer2 (HttpServer2.java:addFilter(977)) - Added filter authentication (class=org.apache.hadoop.security.authentication.server.AuthenticationFilter) to context logs
2020-06-11 20:47:13,308 [Listener at 0.0.0.0/37519] INFO  server.StorageContainerManager (StorageContainerManager.java:start(781)) - StorageContainerLocationProtocol RPC server is listening at /0.0.0.0:37519
2020-06-11 20:47:13,309 [Listener at 0.0.0.0/37519] WARN  impl.MetricsConfig (MetricsConfig.java:loadFirst(134)) - Cannot locate configuration: tried hadoop-metrics2-storagecontainermanager.properties,hadoop-metrics2.properties
2020-06-11 20:47:13,310 [Listener at 0.0.0.0/37519] INFO  impl.MetricsSystemImpl (MetricsSystemImpl.java:startTimer(374)) - Scheduled Metric snapshot period at 10 second(s).
2020-06-11 20:47:13,310 [Listener at 0.0.0.0/37519] INFO  impl.MetricsSystemImpl (MetricsSystemImpl.java:start(191)) - StorageContainerManager metrics system started
2020-06-11 20:47:13,340 [Listener at 0.0.0.0/37519] WARN  impl.MetricsSystemImpl (MetricsSystemImpl.java:register(276)) - Sink prometheus already exists!
2020-06-11 20:47:13,348 [Listener at 0.0.0.0/37519] INFO  server.SCMClientProtocolServer (SCMClientProtocolServer.java:start(155)) - RPC server for Client  is listening at /0.0.0.0:37519
2020-06-11 20:47:13,349 [IPC Server Responder] INFO  ipc.Server (Server.java:run(1460)) - IPC Server Responder: starting
2020-06-11 20:47:13,355 [IPC Server listener on 0] INFO  ipc.Server (Server.java:run(1298)) - IPC Server listener on 0: starting
2020-06-11 20:47:13,362 [Listener at 0.0.0.0/37519] INFO  server.StorageContainerManager (StorageContainerManager.java:start(793)) - ScmBlockLocationProtocol RPC server is listening at /0.0.0.0:41007
2020-06-11 20:47:13,362 [Listener at 0.0.0.0/37519] INFO  server.SCMBlockProtocolServer (SCMBlockProtocolServer.java:start(149)) - RPC server for Block Protocol is listening at /0.0.0.0:41007
2020-06-11 20:47:13,362 [IPC Server Responder] INFO  ipc.Server (Server.java:run(1460)) - IPC Server Responder: starting
2020-06-11 20:47:13,364 [IPC Server listener on 0] INFO  ipc.Server (Server.java:run(1298)) - IPC Server listener on 0: starting
2020-06-11 20:47:13,370 [Listener at 0.0.0.0/37519] INFO  server.StorageContainerManager (StorageContainerManager.java:start(799)) - ScmDatanodeProtocl RPC server is listening at /0.0.0.0:46427
2020-06-11 20:47:13,370 [Listener at 0.0.0.0/37519] INFO  server.SCMDatanodeProtocolServer (SCMDatanodeProtocolServer.java:start(172)) - RPC server for DataNodes is listening at /0.0.0.0:46427
2020-06-11 20:47:13,371 [IPC Server Responder] INFO  ipc.Server (Server.java:run(1460)) - IPC Server Responder: starting
2020-06-11 20:47:13,373 [IPC Server listener on 0] INFO  ipc.Server (Server.java:run(1298)) - IPC Server listener on 0: starting
2020-06-11 20:47:13,378 [Listener at 0.0.0.0/37519] INFO  http.HttpServer2 (HttpServer2.java:bindListener(1211)) - Jetty bound to port 39173
2020-06-11 20:47:13,378 [Listener at 0.0.0.0/37519] INFO  server.Server (Server.java:doStart(359)) - jetty-9.4.26.v20200117; built: 2020-01-17T12:35:33.676Z; git: 7b38981d25d14afb4a12ff1f2596756144edf695; jvm 1.8.0_232-b09
2020-06-11 20:47:13,380 [Listener at 0.0.0.0/37519] INFO  server.session (DefaultSessionIdManager.java:doStart(333)) - DefaultSessionIdManager workerName=node0
2020-06-11 20:47:13,380 [Listener at 0.0.0.0/37519] INFO  server.session (DefaultSessionIdManager.java:doStart(338)) - No SessionScavenger set, using defaults
2020-06-11 20:47:13,380 [Listener at 0.0.0.0/37519] INFO  server.session (HouseKeeper.java:startScavenging(140)) - node0 Scavenging every 660000ms
2020-06-11 20:47:13,381 [Listener at 0.0.0.0/37519] INFO  server.AuthenticationFilter (AuthenticationFilter.java:constructSecretProvider(240)) - Unable to initialize FileSignerSecretProvider, falling back to use random secrets.
2020-06-11 20:47:13,381 [Listener at 0.0.0.0/37519] INFO  handler.ContextHandler (ContextHandler.java:doStart(825)) - Started o.e.j.s.ServletContextHandler@5ca090a9{logs,/logs,file:///github/workspace/mnt/ozone/hadoop-ozone/integration-test/target/log,AVAILABLE}
2020-06-11 20:47:13,381 [Listener at 0.0.0.0/37519] INFO  handler.ContextHandler (ContextHandler.java:doStart(825)) - Started o.e.j.s.ServletContextHandler@11ae7d9e{static,/static,file:///github/workspace/mnt/ozone/hadoop-ozone/integration-test/target/test-classes/webapps/static,AVAILABLE}
2020-06-11 20:47:13,384 [Listener at 0.0.0.0/37519] INFO  handler.ContextHandler (ContextHandler.java:doStart(825)) - Started o.e.j.w.WebAppContext@75db16be{scm,/,file:///github/workspace/mnt/ozone/hadoop-ozone/integration-test/target/test-classes/webapps/scm/,AVAILABLE}{file:/github/workspace/mnt/ozone/hadoop-ozone/integration-test/target/test-classes/webapps/scm}
2020-06-11 20:47:13,385 [Listener at 0.0.0.0/37519] INFO  server.AbstractConnector (AbstractConnector.java:doStart(330)) - Started ServerConnector@6d9cf485{HTTP/1.1,[http/1.1]}{0.0.0.0:39173}
2020-06-11 20:47:13,385 [Listener at 0.0.0.0/37519] INFO  server.Server (Server.java:doStart(399)) - Started @78955ms
2020-06-11 20:47:13,385 [Listener at 0.0.0.0/37519] WARN  impl.MetricsSystemImpl (MetricsSystemImpl.java:register(276)) - Sink prometheus already exists!
2020-06-11 20:47:13,391 [Listener at 0.0.0.0/37519] INFO  http.BaseHttpServer (BaseHttpServer.java:updateConnectorAddress(325)) - HTTP server of scm listening at http://0.0.0.0:39173
2020-06-11 20:47:13,396 [org.apache.hadoop.util.JvmPauseMonitor$Monitor@51884f5] INFO  util.JvmPauseMonitor (JvmPauseMonitor.java:run(188)) - Starting JVM pause monitor
2020-06-11 20:47:13,396 [Listener at 0.0.0.0/37519] WARN  server.ServerUtils (ServerUtils.java:getDBPath(225)) - ozone.om.db.dirs is not configured. We recommend adding this setting. Falling back to ozone.metadata.dirs instead.
2020-06-11 20:47:13,398 [Listener at 0.0.0.0/37519] INFO  ha.OMHANodeDetails (OMHANodeDetails.java:loadOMHAConfig(110)) - ServiceID for OzoneManager is om-service-test1
2020-06-11 20:47:13,399 [Listener at 0.0.0.0/37519] INFO  ha.OMHANodeDetails (OMHANodeDetails.java:loadOMHAConfig(188)) - Found matching OM address with OMServiceId: om-service-test1, OMNodeId: omNode-1, RPC Address: localhost:11424 and Ratis port: 11428
2020-06-11 20:47:13,399 [Listener at 0.0.0.0/37519] INFO  ha.OMHANodeDetails (OMHANodeDetails.java:setOMNodeSpecificConfigs(314)) - Setting configuration key ozone.om.http-address with value of key ozone.om.http-address.omNode-1: 127.0.0.1:11426
2020-06-11 20:47:13,399 [Listener at 0.0.0.0/37519] INFO  ha.OMHANodeDetails (OMHANodeDetails.java:setOMNodeSpecificConfigs(314)) - Setting configuration key ozone.om.https-address with value of key ozone.om.https-address.omNode-1: 127.0.0.1:11427
2020-06-11 20:47:13,399 [Listener at 0.0.0.0/37519] INFO  ha.OMHANodeDetails (OMHANodeDetails.java:setOMNodeSpecificConfigs(314)) - Setting configuration key ozone.om.address with value of key ozone.om.address.omNode-1: 127.0.0.1:11424
2020-06-11 20:47:13,399 [Listener at 0.0.0.0/37519] WARN  server.ServerUtils (ServerUtils.java:getDBPath(225)) - ozone.om.db.dirs is not configured. We recommend adding this setting. Falling back to ozone.metadata.dirs instead.
2020-06-11 20:47:13,400 [Listener at 0.0.0.0/37519] WARN  server.ServerUtils (ServerUtils.java:getDBPath(225)) - ozone.om.db.dirs is not configured. We recommend adding this setting. Falling back to ozone.metadata.dirs instead.
2020-06-11 20:47:13,405 [Listener at 0.0.0.0/37519] WARN  server.ServerUtils (ServerUtils.java:getDBPath(225)) - ozone.om.db.dirs is not configured. We recommend adding this setting. Falling back to ozone.metadata.dirs instead.
2020-06-11 20:47:13,462 [Listener at 0.0.0.0/37519] WARN  server.ServerUtils (ServerUtils.java:getDefaultRatisDirectory(237)) - Storage directory for Ratis is not configured. It is a good idea to map this to an SSD disk. Falling back to ozone.metadata.dirs
2020-06-11 20:47:13,463 [Listener at 0.0.0.0/37519] INFO  ratis.OzoneManagerRatisServer (OzoneManagerRatisServer.java:<init>(268)) - Instantiating OM Ratis server with GroupID: om-service-test1 and Raft Peers: localhost:11428, localhost:11434, localhost:11440
2020-06-11 20:47:13,463 [Listener at 0.0.0.0/37519] INFO  ratis.OzoneManagerStateMachine (OzoneManagerStateMachine.java:loadSnapshotInfoFromDB(539)) - LastAppliedIndex is set from TransactionInfo from OM DB as (t:0, i:~)
2020-06-11 20:47:13,463 [Listener at 0.0.0.0/37519] INFO  impl.RaftServerProxy (ConfUtils.java:logGet(44)) - raft.rpc.type = GRPC (default)
2020-06-11 20:47:13,464 [Listener at 0.0.0.0/37519] INFO  grpc.GrpcFactory (GrpcFactory.java:checkPooledByteBufAllocatorUseCacheForAllThreads(45)) - PERFORMANCE WARNING: useCacheForAllThreads is true that may cause Netty to create a lot garbage objects and, as a result, trigger GC.
	It is recommended to disable useCacheForAllThreads by setting -Dorg.apache.ratis.thirdparty.io.netty.allocator.useCacheForAllThreads=false in command line.
2020-06-11 20:47:13,464 [Listener at 0.0.0.0/37519] INFO  grpc.GrpcConfigKeys (ConfUtils.java:logGet(44)) - raft.grpc.server.port = 11428 (custom)
2020-06-11 20:47:13,464 [Listener at 0.0.0.0/37519] INFO  server.GrpcService (ConfUtils.java:logGet(44)) - raft.grpc.message.size.max = 33554432 (custom)
2020-06-11 20:47:13,464 [Listener at 0.0.0.0/37519] INFO  server.RaftServerConfigKeys (ConfUtils.java:logGet(44)) - raft.server.log.appender.buffer.byte-limit = 33554432 (custom)
2020-06-11 20:47:13,464 [Listener at 0.0.0.0/37519] INFO  server.GrpcService (ConfUtils.java:logGet(44)) - raft.grpc.flow.control.window = 1MB (=1048576) (default)
2020-06-11 20:47:13,464 [Listener at 0.0.0.0/37519] INFO  server.RaftServerConfigKeys (ConfUtils.java:logGet(44)) - raft.server.rpc.request.timeout = 3000ms (default)
2020-06-11 20:47:13,465 [Listener at 0.0.0.0/37519] INFO  server.RaftServerConfigKeys (ConfUtils.java:logGet(44)) - raft.server.storage.dir = [/github/workspace/mnt/ozone/hadoop-ozone/integration-test/target/test-dir/MiniOzoneClusterImpl-1edd6e2e-9508-44e8-b6bf-1bcd4789e4cf/omNode-1/ratis] (custom)
2020-06-11 20:47:13,466 [Listener at 0.0.0.0/37519] INFO  impl.RaftServerProxy (RaftServerProxy.java:addNew(89)) - omNode-1: addNew group-523986131536:[omNode-3:localhost:11440, omNode-1:localhost:11428, omNode-2:localhost:11434] returns group-523986131536:java.util.concurrent.CompletableFuture@708061b0[Not completed]
2020-06-11 20:47:13,466 [pool-381-thread-1] INFO  impl.RaftServerImpl (RaftServerImpl.java:<init>(99)) - omNode-1: new RaftServerImpl for group-523986131536:[omNode-3:localhost:11440, omNode-1:localhost:11428, omNode-2:localhost:11434] with OzoneManagerStateMachine:uninitialized
2020-06-11 20:47:13,466 [pool-381-thread-1] INFO  server.RaftServerConfigKeys (ConfUtils.java:logGet(44)) - raft.server.rpc.timeout.min = 1s (custom)
2020-06-11 20:47:13,466 [pool-381-thread-1] INFO  server.RaftServerConfigKeys (ConfUtils.java:logGet(44)) - raft.server.rpc.timeout.max = 1200ms (custom)
2020-06-11 20:47:13,466 [pool-381-thread-1] INFO  server.RaftServerConfigKeys (ConfUtils.java:logGet(44)) - raft.server.rpcslowness.timeout = 2s (custom)
2020-06-11 20:47:13,466 [pool-381-thread-1] INFO  server.RaftServerConfigKeys (ConfUtils.java:logGet(44)) - raft.server.sleep.deviation.threshold = 300 (default)
2020-06-11 20:47:13,466 [pool-381-thread-1] INFO  server.RaftServerConfigKeys (ConfUtils.java:logGet(44)) - raft.server.log.appender.install.snapshot.enabled = false (custom)
2020-06-11 20:47:13,466 [pool-381-thread-1] INFO  impl.RaftServerImpl (ServerState.java:<init>(103)) - omNode-1@group-523986131536: ConfigurationManager, init=-1: [omNode-3:localhost:11440, omNode-1:localhost:11428, omNode-2:localhost:11434], old=null, confs=<EMPTY_MAP>
2020-06-11 20:47:13,466 [pool-381-thread-1] INFO  server.RaftServerConfigKeys (ConfUtils.java:logGet(44)) - raft.server.storage.dir = [/github/workspace/mnt/ozone/hadoop-ozone/integration-test/target/test-dir/MiniOzoneClusterImpl-1edd6e2e-9508-44e8-b6bf-1bcd4789e4cf/omNode-1/ratis] (custom)
2020-06-11 20:47:13,466 [pool-381-thread-1] INFO  server.RaftServerConfigKeys (ConfUtils.java:logGet(44)) - raft.server.log.corruption.policy = EXCEPTION (default)
2020-06-11 20:47:13,467 [pool-381-thread-1] INFO  storage.RaftStorageDirectory (RaftStorageDirectory.java:analyzeStorage(261)) - The storage directory /github/workspace/mnt/ozone/hadoop-ozone/integration-test/target/test-dir/MiniOzoneClusterImpl-1edd6e2e-9508-44e8-b6bf-1bcd4789e4cf/omNode-1/ratis/c9bc4cf4-3bc3-3c60-a66b-523986131536 does not exist. Creating ...
2020-06-11 20:47:13,467 [Listener at 0.0.0.0/37519] INFO  om.OzoneManager (OzoneManager.java:initializeRatisServer(1227)) - OzoneManager Ratis server initialized at port 11428
2020-06-11 20:47:13,467 [Listener at 0.0.0.0/37519] WARN  server.ServerUtils (ServerUtils.java:getDefaultRatisDirectory(237)) - Storage directory for Ratis is not configured. It is a good idea to map this to an SSD disk. Falling back to ozone.metadata.dirs
2020-06-11 20:47:13,467 [Listener at 0.0.0.0/37519] WARN  server.ServerUtils (ServerUtils.java:getDefaultRatisDirectory(237)) - Storage directory for Ratis is not configured. It is a good idea to map this to an SSD disk. Falling back to ozone.metadata.dirs
2020-06-11 20:47:13,468 [Listener at 0.0.0.0/37519] INFO  snapshot.OzoneManagerSnapshotProvider (OzoneManagerSnapshotProvider.java:<init>(77)) - Initializing OM Snapshot Provider
2020-06-11 20:47:13,469 [pool-381-thread-1] INFO  storage.RaftStorageDirectory (RaftStorageDirectory.java:tryLock(343)) - Lock on /github/workspace/mnt/ozone/hadoop-ozone/integration-test/target/test-dir/MiniOzoneClusterImpl-1edd6e2e-9508-44e8-b6bf-1bcd4789e4cf/omNode-1/ratis/c9bc4cf4-3bc3-3c60-a66b-523986131536/in_use.lock acquired by nodename 3852@4413dbf4d9a4
2020-06-11 20:47:13,473 [Listener at 0.0.0.0/37519] INFO  ipc.CallQueueManager (CallQueueManager.java:<init>(84)) - Using callQueue: class java.util.concurrent.LinkedBlockingQueue, queueCapacity: 2000, scheduler: class org.apache.hadoop.ipc.DefaultRpcScheduler, ipcBackoff: false.
2020-06-11 20:47:13,473 [Socket Reader #1 for port 11424] INFO  ipc.Server (Server.java:run(1219)) - Starting Socket Reader #1 for port 11424
2020-06-11 20:47:13,476 [pool-381-thread-1] INFO  storage.RaftStorage (RaftStorage.java:format(84)) - Storage directory /github/workspace/mnt/ozone/hadoop-ozone/integration-test/target/test-dir/MiniOzoneClusterImpl-1edd6e2e-9508-44e8-b6bf-1bcd4789e4cf/omNode-1/ratis/c9bc4cf4-3bc3-3c60-a66b-523986131536 has been successfully formatted.
2020-06-11 20:47:13,476 [pool-381-thread-1] INFO  ratis.OzoneManagerStateMachine (OzoneManagerStateMachine.java:getLatestSnapshot(147)) - Latest Snapshot Info 0#-1
2020-06-11 20:47:13,476 [pool-381-thread-1] INFO  server.RaftServerConfigKeys (ConfUtils.java:logGet(44)) - raft.server.notification.no-leader.timeout = 2s (custom)
2020-06-11 20:47:13,476 [pool-381-thread-1] INFO  server.RaftServerConfigKeys (ConfUtils.java:logGet(44)) - raft.server.log.use.memory = false (default)
2020-06-11 20:47:13,476 [pool-381-thread-1] INFO  server.RaftServerConfigKeys (ConfUtils.java:logGet(44)) - raft.server.log.purge.gap = 50 (custom)
2020-06-11 20:47:13,476 [pool-381-thread-1] INFO  server.RaftServerConfigKeys (ConfUtils.java:logGet(44)) - raft.server.log.appender.buffer.byte-limit = 33554432 (custom)
2020-06-11 20:47:13,476 [pool-381-thread-1] INFO  server.RaftServerConfigKeys (ConfUtils.java:logGet(44)) - raft.server.log.segment.size.max = 16384 (custom)
2020-06-11 20:47:13,476 [pool-381-thread-1] INFO  metrics.RatisMetrics (RatisMetrics.java:lambda$create$0(36)) - Creating Metrics Registry : ratis.log_worker.omNode-1@group-523986131536
2020-06-11 20:47:13,476 [pool-381-thread-1] INFO  server.RaftServerConfigKeys (ConfUtils.java:logGet(44)) - raft.server.log.segment.cache.num.max = 2 (custom)
2020-06-11 20:47:13,477 [pool-381-thread-1] INFO  segmented.SegmentedRaftLogWorker (SegmentedRaftLogWorker.java:<init>(180)) - new omNode-1@group-523986131536-SegmentedRaftLogWorker for RaftStorage:Storage Directory /github/workspace/mnt/ozone/hadoop-ozone/integration-test/target/test-dir/MiniOzoneClusterImpl-1edd6e2e-9508-44e8-b6bf-1bcd4789e4cf/omNode-1/ratis/c9bc4cf4-3bc3-3c60-a66b-523986131536
2020-06-11 20:47:13,477 [pool-381-thread-1] INFO  server.RaftServerConfigKeys (ConfUtils.java:logGet(44)) - raft.server.log.queue.byte-limit = 64MB (=67108864) (default)
2020-06-11 20:47:13,477 [pool-381-thread-1] INFO  server.RaftServerConfigKeys (ConfUtils.java:logGet(44)) - raft.server.log.queue.element-limit = 4096 (default)
2020-06-11 20:47:13,477 [pool-381-thread-1] INFO  server.RaftServerConfigKeys (ConfUtils.java:logGet(44)) - raft.server.log.segment.size.max = 16384 (custom)
2020-06-11 20:47:13,477 [pool-381-thread-1] INFO  server.RaftServerConfigKeys (ConfUtils.java:logGet(44)) - raft.server.log.preallocated.size = 16384 (custom)
2020-06-11 20:47:13,477 [pool-381-thread-1] INFO  server.RaftServerConfigKeys (ConfUtils.java:logGet(44)) - raft.server.log.write.buffer.size = 64KB (=65536) (default)
2020-06-11 20:47:13,477 [pool-381-thread-1] INFO  server.RaftServerConfigKeys (ConfUtils.java:logGet(44)) - raft.server.log.force.sync.num = 128 (default)
2020-06-11 20:47:13,477 [pool-381-thread-1] INFO  server.RaftServerConfigKeys (ConfUtils.java:logGet(44)) - raft.server.log.statemachine.data.sync = true (default)
2020-06-11 20:47:13,477 [pool-381-thread-1] INFO  server.RaftServerConfigKeys (ConfUtils.java:logGet(44)) - raft.server.log.statemachine.data.sync.timeout = 10s (default)
2020-06-11 20:47:13,477 [pool-381-thread-1] INFO  server.RaftServerConfigKeys (ConfUtils.java:logGet(44)) - raft.server.log.statemachine.data.sync.timeout.retry = -1 (default)
2020-06-11 20:47:13,478 [pool-381-thread-1] INFO  server.RaftServerConfigKeys (ConfUtils.java:logGet(44)) - raft.server.log.statemachine.data.caching.enabled = false (default)
2020-06-11 20:47:13,478 [pool-381-thread-1] INFO  segmented.SegmentedRaftLogWorker (SegmentedRaftLogWorker.java:lambda$new$0(129)) - omNode-1@group-523986131536-SegmentedRaftLogWorker: flushIndex: setUnconditionally 0 -> -1
2020-06-11 20:47:13,478 [pool-381-thread-1] INFO  segmented.SegmentedRaftLogWorker (SegmentedRaftLogWorker.java:lambda$new$0(129)) - omNode-1@group-523986131536-SegmentedRaftLogWorker: safeCacheEvictIndex: setUnconditionally 0 -> -1
2020-06-11 20:47:13,488 [Listener at 127.0.0.1/11424] INFO  impl.MetricsSystemImpl (MetricsSystemImpl.java:init(158)) - OzoneManager metrics system started (again)
2020-06-11 20:47:13,492 [pool-381-thread-1] INFO  server.RaftServerConfigKeys (ConfUtils.java:logGet(44)) - raft.server.snapshot.auto.trigger.enabled = true (custom)
2020-06-11 20:47:13,492 [pool-381-thread-1] INFO  server.RaftServerConfigKeys (ConfUtils.java:logGet(44)) - raft.server.snapshot.auto.trigger.threshold = 50 (custom)
2020-06-11 20:47:13,493 [pool-381-thread-1] INFO  server.RaftServerConfigKeys (ConfUtils.java:logGet(44)) - raft.server.snapshot.retention.file.num = -1 (default)
2020-06-11 20:47:13,493 [pool-381-thread-1] INFO  server.RaftServerConfigKeys (ConfUtils.java:logGet(44)) - raft.server.log.purge.upto.snapshot.index = false (default)
2020-06-11 20:47:13,493 [pool-381-thread-1] INFO  server.RaftServerConfigKeys (ConfUtils.java:logGet(44)) - raft.server.retrycache.expirytime = 600000ms (custom)
2020-06-11 20:47:13,493 [pool-381-thread-1] INFO  metrics.RatisMetrics (RatisMetrics.java:lambda$create$0(36)) - Creating Metrics Registry : ratis.leader_election.omNode-1@group-523986131536
2020-06-11 20:47:13,493 [Listener at 127.0.0.1/11424] INFO  om.OzoneManager (OzoneManager.java:start(1086)) - OzoneManager RPC server is listening at localhost/127.0.0.1:11424
2020-06-11 20:47:13,493 [Listener at 127.0.0.1/11424] INFO  ratis.OzoneManagerRatisServer (OzoneManagerRatisServer.java:start(365)) - Starting OzoneManagerRatisServer omNode-1 at port 11428
2020-06-11 20:47:13,494 [pool-381-thread-1] INFO  metrics.RatisMetrics (RatisMetrics.java:lambda$create$0(36)) - Creating Metrics Registry : ratis.server.omNode-1@group-523986131536
2020-06-11 20:47:13,495 [Listener at 127.0.0.1/11424] INFO  impl.RaftServerImpl (RaftServerImpl.java:start(186)) - omNode-1@group-523986131536: start as a follower, conf=-1: [omNode-3:localhost:11440, omNode-1:localhost:11428, omNode-2:localhost:11434], old=null
2020-06-11 20:47:13,495 [Listener at 127.0.0.1/11424] INFO  impl.RaftServerImpl (RaftServerImpl.java:setRole(175)) - omNode-1@group-523986131536: changes role from      null to FOLLOWER at term 0 for startAsFollower
2020-06-11 20:47:13,495 [Listener at 127.0.0.1/11424] INFO  impl.RoleInfo (RoleInfo.java:updateAndGet(143)) - omNode-1: start FollowerState
2020-06-11 20:47:13,496 [Listener at 127.0.0.1/11424] INFO  util.JmxRegister (JmxRegister.java:tryRegister(44)) - Successfully registered JMX Bean with object name Ratis:service=RaftServer,group=group-523986131536,id=omNode-1
2020-06-11 20:47:13,496 [Listener at 127.0.0.1/11424] INFO  metrics.RatisMetrics (RatisMetrics.java:lambda$create$0(36)) - Creating Metrics Registry : ratis.state_machine.omNode-1@group-523986131536
2020-06-11 20:47:13,497 [Listener at 127.0.0.1/11424] INFO  impl.RaftServerProxy (RaftServerProxy.java:lambda$start$3(304)) - omNode-1: start RPC server
2020-06-11 20:47:13,497 [Listener at 127.0.0.1/11424] INFO  server.GrpcService (GrpcService.java:startImpl(160)) - omNode-1: GrpcService started, listening on 0.0.0.0/0.0.0.0:11428
2020-06-11 20:47:13,504 [IPC Server Responder] INFO  ipc.Server (Server.java:run(1460)) - IPC Server Responder: starting
2020-06-11 20:47:13,505 [IPC Server listener on 11424] INFO  ipc.Server (Server.java:run(1298)) - IPC Server listener on 11424: starting
2020-06-11 20:47:13,521 [Listener at 127.0.0.1/11424] INFO  http.BaseHttpServer (BaseHttpServer.java:newHttpServer2BuilderForOzone(205)) - Starting Web-server for ozoneManager at: http://0.0.0.0:11426
2020-06-11 20:47:13,521 [Listener at 127.0.0.1/11424] INFO  http.BaseHttpServer (BaseHttpServer.java:<init>(106)) - Hadoop Security Enabled: false Ozone Security Enabled: false Ozone HTTP Security Enabled: false 
2020-06-11 20:47:13,522 [Listener at 127.0.0.1/11424] INFO  server.AuthenticationFilter (AuthenticationFilter.java:constructSecretProvider(240)) - Unable to initialize FileSignerSecretProvider, falling back to use random secrets.
2020-06-11 20:47:13,523 [Listener at 127.0.0.1/11424] WARN  http.HttpRequestLog (HttpRequestLog.java:getRequestLog(103)) - Jetty request log can only be enabled using Log4j
2020-06-11 20:47:13,523 [Listener at 127.0.0.1/11424] INFO  http.HttpServer2 (HttpServer2.java:addGlobalFilter(993)) - Added global filter 'safety' (class=org.apache.hadoop.hdds.server.http.HttpServer2$QuotingInputFilter)
2020-06-11 20:47:13,524 [Listener at 127.0.0.1/11424] INFO  http.HttpServer2 (HttpServer2.java:addFilter(969)) - Added filter authentication (class=org.apache.hadoop.security.authentication.server.AuthenticationFilter) to context ozoneManager
2020-06-11 20:47:13,524 [Listener at 127.0.0.1/11424] INFO  http.HttpServer2 (HttpServer2.java:addFilter(977)) - Added filter authentication (class=org.apache.hadoop.security.authentication.server.AuthenticationFilter) to context static
2020-06-11 20:47:13,524 [Listener at 127.0.0.1/11424] INFO  http.HttpServer2 (HttpServer2.java:addFilter(977)) - Added filter authentication (class=org.apache.hadoop.security.authentication.server.AuthenticationFilter) to context logs
2020-06-11 20:47:13,525 [Listener at 127.0.0.1/11424] INFO  http.HttpServer2 (HttpServer2.java:bindListener(1211)) - Jetty bound to port 11426
2020-06-11 20:47:13,525 [Listener at 127.0.0.1/11424] INFO  server.Server (Server.java:doStart(359)) - jetty-9.4.26.v20200117; built: 2020-01-17T12:35:33.676Z; git: 7b38981d25d14afb4a12ff1f2596756144edf695; jvm 1.8.0_232-b09
2020-06-11 20:47:13,527 [Listener at 127.0.0.1/11424] INFO  server.session (DefaultSessionIdManager.java:doStart(333)) - DefaultSessionIdManager workerName=node0
2020-06-11 20:47:13,528 [Listener at 127.0.0.1/11424] INFO  server.session (DefaultSessionIdManager.java:doStart(338)) - No SessionScavenger set, using defaults
2020-06-11 20:47:13,528 [Listener at 127.0.0.1/11424] INFO  server.session (HouseKeeper.java:startScavenging(140)) - node0 Scavenging every 660000ms
2020-06-11 20:47:13,528 [Listener at 127.0.0.1/11424] INFO  server.AuthenticationFilter (AuthenticationFilter.java:constructSecretProvider(240)) - Unable to initialize FileSignerSecretProvider, falling back to use random secrets.
2020-06-11 20:47:13,530 [Listener at 127.0.0.1/11424] INFO  handler.ContextHandler (ContextHandler.java:doStart(825)) - Started o.e.j.s.ServletContextHandler@4afb7375{logs,/logs,file:///github/workspace/mnt/ozone/hadoop-ozone/integration-test/target/log,AVAILABLE}
2020-06-11 20:47:13,531 [Listener at 127.0.0.1/11424] INFO  handler.ContextHandler (ContextHandler.java:doStart(825)) - Started o.e.j.s.ServletContextHandler@56d10b0d{static,/static,file:///github/workspace/mnt/ozone/hadoop-ozone/integration-test/target/test-classes/webapps/static,AVAILABLE}
2020-06-11 20:47:13,534 [Listener at 127.0.0.1/11424] INFO  handler.ContextHandler (ContextHandler.java:doStart(825)) - Started o.e.j.w.WebAppContext@7770b4e7{ozoneManager,/,file:///github/workspace/mnt/ozone/hadoop-ozone/integration-test/target/test-classes/webapps/ozoneManager/,AVAILABLE}{file:/github/workspace/mnt/ozone/hadoop-ozone/integration-test/target/test-classes/webapps/ozoneManager}
2020-06-11 20:47:13,535 [Listener at 127.0.0.1/11424] INFO  server.AbstractConnector (AbstractConnector.java:doStart(330)) - Started ServerConnector@68681c49{HTTP/1.1,[http/1.1]}{0.0.0.0:11426}
2020-06-11 20:47:13,536 [Listener at 127.0.0.1/11424] INFO  server.Server (Server.java:doStart(399)) - Started @79106ms
2020-06-11 20:47:13,536 [Listener at 127.0.0.1/11424] WARN  impl.MetricsSystemImpl (MetricsSystemImpl.java:register(276)) - Sink prometheus already exists!
2020-06-11 20:47:13,542 [Listener at 127.0.0.1/11424] INFO  http.BaseHttpServer (BaseHttpServer.java:updateConnectorAddress(325)) - HTTP server of ozoneManager listening at http://0.0.0.0:11426
2020-06-11 20:47:13,542 [Listener at 127.0.0.1/11424] INFO  ozone.MiniOzoneHAClusterImpl (MiniOzoneHAClusterImpl.java:createOMService(380)) - Started OzoneManager RPC server at localhost/127.0.0.1:11424
2020-06-11 20:47:13,544 [Listener at 127.0.0.1/11424] WARN  server.ServerUtils (ServerUtils.java:getDBPath(225)) - ozone.om.db.dirs is not configured. We recommend adding this setting. Falling back to ozone.metadata.dirs instead.
2020-06-11 20:47:13,544 [org.apache.hadoop.util.JvmPauseMonitor$Monitor@58ddc5e1] INFO  util.JvmPauseMonitor (JvmPauseMonitor.java:run(188)) - Starting JVM pause monitor
2020-06-11 20:47:13,545 [Listener at 127.0.0.1/11424] INFO  ha.OMHANodeDetails (OMHANodeDetails.java:loadOMHAConfig(110)) - ServiceID for OzoneManager is om-service-test1
2020-06-11 20:47:13,546 [Listener at 127.0.0.1/11424] INFO  ha.OMHANodeDetails (OMHANodeDetails.java:loadOMHAConfig(188)) - Found matching OM address with OMServiceId: om-service-test1, OMNodeId: omNode-2, RPC Address: localhost:11430 and Ratis port: 11434
2020-06-11 20:47:13,546 [Listener at 127.0.0.1/11424] INFO  ha.OMHANodeDetails (OMHANodeDetails.java:setOMNodeSpecificConfigs(314)) - Setting configuration key ozone.om.http-address with value of key ozone.om.http-address.omNode-2: 127.0.0.1:11432
2020-06-11 20:47:13,546 [Listener at 127.0.0.1/11424] INFO  ha.OMHANodeDetails (OMHANodeDetails.java:setOMNodeSpecificConfigs(314)) - Setting configuration key ozone.om.https-address with value of key ozone.om.https-address.omNode-2: 127.0.0.1:11433
2020-06-11 20:47:13,546 [Listener at 127.0.0.1/11424] INFO  ha.OMHANodeDetails (OMHANodeDetails.java:setOMNodeSpecificConfigs(314)) - Setting configuration key ozone.om.address with value of key ozone.om.address.omNode-2: 127.0.0.1:11430
2020-06-11 20:47:13,546 [Listener at 127.0.0.1/11424] WARN  server.ServerUtils (ServerUtils.java:getDBPath(225)) - ozone.om.db.dirs is not configured. We recommend adding this setting. Falling back to ozone.metadata.dirs instead.
2020-06-11 20:47:13,546 [Listener at 127.0.0.1/11424] WARN  server.ServerUtils (ServerUtils.java:getDBPath(225)) - ozone.om.db.dirs is not configured. We recommend adding this setting. Falling back to ozone.metadata.dirs instead.
2020-06-11 20:47:13,549 [Listener at 127.0.0.1/11424] WARN  server.ServerUtils (ServerUtils.java:getDBPath(225)) - ozone.om.db.dirs is not configured. We recommend adding this setting. Falling back to ozone.metadata.dirs instead.
2020-06-11 20:47:13,614 [Listener at 127.0.0.1/11424] WARN  server.ServerUtils (ServerUtils.java:getDefaultRatisDirectory(237)) - Storage directory for Ratis is not configured. It is a good idea to map this to an SSD disk. Falling back to ozone.metadata.dirs
2020-06-11 20:47:13,615 [Listener at 127.0.0.1/11424] INFO  ratis.OzoneManagerRatisServer (OzoneManagerRatisServer.java:<init>(268)) - Instantiating OM Ratis server with GroupID: om-service-test1 and Raft Peers: localhost:11434, localhost:11428, localhost:11440
2020-06-11 20:47:13,615 [Listener at 127.0.0.1/11424] INFO  ratis.OzoneManagerStateMachine (OzoneManagerStateMachine.java:loadSnapshotInfoFromDB(539)) - LastAppliedIndex is set from TransactionInfo from OM DB as (t:0, i:~)
2020-06-11 20:47:13,615 [Listener at 127.0.0.1/11424] INFO  impl.RaftServerProxy (ConfUtils.java:logGet(44)) - raft.rpc.type = GRPC (default)
2020-06-11 20:47:13,615 [Listener at 127.0.0.1/11424] INFO  grpc.GrpcFactory (GrpcFactory.java:checkPooledByteBufAllocatorUseCacheForAllThreads(45)) - PERFORMANCE WARNING: useCacheForAllThreads is true that may cause Netty to create a lot garbage objects and, as a result, trigger GC.
	It is recommended to disable useCacheForAllThreads by setting -Dorg.apache.ratis.thirdparty.io.netty.allocator.useCacheForAllThreads=false in command line.
2020-06-11 20:47:13,615 [Listener at 127.0.0.1/11424] INFO  grpc.GrpcConfigKeys (ConfUtils.java:logGet(44)) - raft.grpc.server.port = 11434 (custom)
2020-06-11 20:47:13,616 [Listener at 127.0.0.1/11424] INFO  server.GrpcService (ConfUtils.java:logGet(44)) - raft.grpc.message.size.max = 33554432 (custom)
2020-06-11 20:47:13,616 [Listener at 127.0.0.1/11424] INFO  server.RaftServerConfigKeys (ConfUtils.java:logGet(44)) - raft.server.log.appender.buffer.byte-limit = 33554432 (custom)
2020-06-11 20:47:13,616 [Listener at 127.0.0.1/11424] INFO  server.GrpcService (ConfUtils.java:logGet(44)) - raft.grpc.flow.control.window = 1MB (=1048576) (default)
2020-06-11 20:47:13,616 [Listener at 127.0.0.1/11424] INFO  server.RaftServerConfigKeys (ConfUtils.java:logGet(44)) - raft.server.rpc.request.timeout = 3000ms (default)
2020-06-11 20:47:13,617 [Listener at 127.0.0.1/11424] INFO  server.RaftServerConfigKeys (ConfUtils.java:logGet(44)) - raft.server.storage.dir = [/github/workspace/mnt/ozone/hadoop-ozone/integration-test/target/test-dir/MiniOzoneClusterImpl-1edd6e2e-9508-44e8-b6bf-1bcd4789e4cf/omNode-2/ratis] (custom)
2020-06-11 20:47:13,617 [Listener at 127.0.0.1/11424] INFO  impl.RaftServerProxy (RaftServerProxy.java:addNew(89)) - omNode-2: addNew group-523986131536:[omNode-3:localhost:11440, omNode-1:localhost:11428, omNode-2:localhost:11434] returns group-523986131536:java.util.concurrent.CompletableFuture@58d72298[Not completed]
2020-06-11 20:47:13,617 [pool-398-thread-1] INFO  impl.RaftServerImpl (RaftServerImpl.java:<init>(99)) - omNode-2: new RaftServerImpl for group-523986131536:[omNode-3:localhost:11440, omNode-1:localhost:11428, omNode-2:localhost:11434] with OzoneManagerStateMachine:uninitialized
2020-06-11 20:47:13,618 [pool-398-thread-1] INFO  server.RaftServerConfigKeys (ConfUtils.java:logGet(44)) - raft.server.rpc.timeout.min = 1s (custom)
2020-06-11 20:47:13,618 [pool-398-thread-1] INFO  server.RaftServerConfigKeys (ConfUtils.java:logGet(44)) - raft.server.rpc.timeout.max = 1200ms (custom)
2020-06-11 20:47:13,618 [pool-398-thread-1] INFO  server.RaftServerConfigKeys (ConfUtils.java:logGet(44)) - raft.server.rpcslowness.timeout = 2s (custom)
2020-06-11 20:47:13,618 [pool-398-thread-1] INFO  server.RaftServerConfigKeys (ConfUtils.java:logGet(44)) - raft.server.sleep.deviation.threshold = 300 (default)
2020-06-11 20:47:13,618 [pool-398-thread-1] INFO  server.RaftServerConfigKeys (ConfUtils.java:logGet(44)) - raft.server.log.appender.install.snapshot.enabled = false (custom)
2020-06-11 20:47:13,618 [pool-398-thread-1] INFO  impl.RaftServerImpl (ServerState.java:<init>(103)) - omNode-2@group-523986131536: ConfigurationManager, init=-1: [omNode-3:localhost:11440, omNode-1:localhost:11428, omNode-2:localhost:11434], old=null, confs=<EMPTY_MAP>
2020-06-11 20:47:13,618 [pool-398-thread-1] INFO  server.RaftServerConfigKeys (ConfUtils.java:logGet(44)) - raft.server.storage.dir = [/github/workspace/mnt/ozone/hadoop-ozone/integration-test/target/test-dir/MiniOzoneClusterImpl-1edd6e2e-9508-44e8-b6bf-1bcd4789e4cf/omNode-2/ratis] (custom)
2020-06-11 20:47:13,618 [pool-398-thread-1] INFO  server.RaftServerConfigKeys (ConfUtils.java:logGet(44)) - raft.server.log.corruption.policy = EXCEPTION (default)
2020-06-11 20:47:13,618 [pool-398-thread-1] INFO  storage.RaftStorageDirectory (RaftStorageDirectory.java:analyzeStorage(261)) - The storage directory /github/workspace/mnt/ozone/hadoop-ozone/integration-test/target/test-dir/MiniOzoneClusterImpl-1edd6e2e-9508-44e8-b6bf-1bcd4789e4cf/omNode-2/ratis/c9bc4cf4-3bc3-3c60-a66b-523986131536 does not exist. Creating ...
2020-06-11 20:47:13,619 [Listener at 127.0.0.1/11424] INFO  om.OzoneManager (OzoneManager.java:initializeRatisServer(1227)) - OzoneManager Ratis server initialized at port 11434
2020-06-11 20:47:13,619 [Listener at 127.0.0.1/11424] WARN  server.ServerUtils (ServerUtils.java:getDefaultRatisDirectory(237)) - Storage directory for Ratis is not configured. It is a good idea to map this to an SSD disk. Falling back to ozone.metadata.dirs
2020-06-11 20:47:13,619 [Listener at 127.0.0.1/11424] WARN  server.ServerUtils (ServerUtils.java:getDefaultRatisDirectory(237)) - Storage directory for Ratis is not configured. It is a good idea to map this to an SSD disk. Falling back to ozone.metadata.dirs
2020-06-11 20:47:13,619 [Listener at 127.0.0.1/11424] INFO  snapshot.OzoneManagerSnapshotProvider (OzoneManagerSnapshotProvider.java:<init>(77)) - Initializing OM Snapshot Provider
2020-06-11 20:47:13,620 [Listener at 127.0.0.1/11424] INFO  ipc.CallQueueManager (CallQueueManager.java:<init>(84)) - Using callQueue: class java.util.concurrent.LinkedBlockingQueue, queueCapacity: 2000, scheduler: class org.apache.hadoop.ipc.DefaultRpcScheduler, ipcBackoff: false.
2020-06-11 20:47:13,621 [Socket Reader #1 for port 11430] INFO  ipc.Server (Server.java:run(1219)) - Starting Socket Reader #1 for port 11430
2020-06-11 20:47:13,624 [pool-398-thread-1] INFO  storage.RaftStorageDirectory (RaftStorageDirectory.java:tryLock(343)) - Lock on /github/workspace/mnt/ozone/hadoop-ozone/integration-test/target/test-dir/MiniOzoneClusterImpl-1edd6e2e-9508-44e8-b6bf-1bcd4789e4cf/omNode-2/ratis/c9bc4cf4-3bc3-3c60-a66b-523986131536/in_use.lock acquired by nodename 3852@4413dbf4d9a4
2020-06-11 20:47:13,625 [pool-398-thread-1] INFO  storage.RaftStorage (RaftStorage.java:format(84)) - Storage directory /github/workspace/mnt/ozone/hadoop-ozone/integration-test/target/test-dir/MiniOzoneClusterImpl-1edd6e2e-9508-44e8-b6bf-1bcd4789e4cf/omNode-2/ratis/c9bc4cf4-3bc3-3c60-a66b-523986131536 has been successfully formatted.
2020-06-11 20:47:13,625 [pool-398-thread-1] INFO  ratis.OzoneManagerStateMachine (OzoneManagerStateMachine.java:getLatestSnapshot(147)) - Latest Snapshot Info 0#-1
2020-06-11 20:47:13,626 [pool-398-thread-1] INFO  server.RaftServerConfigKeys (ConfUtils.java:logGet(44)) - raft.server.notification.no-leader.timeout = 2s (custom)
2020-06-11 20:47:13,626 [pool-398-thread-1] INFO  server.RaftServerConfigKeys (ConfUtils.java:logGet(44)) - raft.server.log.use.memory = false (default)
2020-06-11 20:47:13,626 [pool-398-thread-1] INFO  server.RaftServerConfigKeys (ConfUtils.java:logGet(44)) - raft.server.log.purge.gap = 50 (custom)
2020-06-11 20:47:13,626 [pool-398-thread-1] INFO  server.RaftServerConfigKeys (ConfUtils.java:logGet(44)) - raft.server.log.appender.buffer.byte-limit = 33554432 (custom)
2020-06-11 20:47:13,626 [pool-398-thread-1] INFO  server.RaftServerConfigKeys (ConfUtils.java:logGet(44)) - raft.server.log.segment.size.max = 16384 (custom)
2020-06-11 20:47:13,626 [pool-398-thread-1] INFO  metrics.RatisMetrics (RatisMetrics.java:lambda$create$0(36)) - Creating Metrics Registry : ratis.log_worker.omNode-2@group-523986131536
2020-06-11 20:47:13,626 [pool-398-thread-1] INFO  server.RaftServerConfigKeys (ConfUtils.java:logGet(44)) - raft.server.log.segment.cache.num.max = 2 (custom)
2020-06-11 20:47:13,626 [pool-398-thread-1] INFO  segmented.SegmentedRaftLogWorker (SegmentedRaftLogWorker.java:<init>(180)) - new omNode-2@group-523986131536-SegmentedRaftLogWorker for RaftStorage:Storage Directory /github/workspace/mnt/ozone/hadoop-ozone/integration-test/target/test-dir/MiniOzoneClusterImpl-1edd6e2e-9508-44e8-b6bf-1bcd4789e4cf/omNode-2/ratis/c9bc4cf4-3bc3-3c60-a66b-523986131536
2020-06-11 20:47:13,626 [pool-398-thread-1] INFO  server.RaftServerConfigKeys (ConfUtils.java:logGet(44)) - raft.server.log.queue.byte-limit = 64MB (=67108864) (default)
2020-06-11 20:47:13,626 [pool-398-thread-1] INFO  server.RaftServerConfigKeys (ConfUtils.java:logGet(44)) - raft.server.log.queue.element-limit = 4096 (default)
2020-06-11 20:47:13,626 [pool-398-thread-1] INFO  server.RaftServerConfigKeys (ConfUtils.java:logGet(44)) - raft.server.log.segment.size.max = 16384 (custom)
2020-06-11 20:47:13,626 [pool-398-thread-1] INFO  server.RaftServerConfigKeys (ConfUtils.java:logGet(44)) - raft.server.log.preallocated.size = 16384 (custom)
2020-06-11 20:47:13,626 [pool-398-thread-1] INFO  server.RaftServerConfigKeys (ConfUtils.java:logGet(44)) - raft.server.log.write.buffer.size = 64KB (=65536) (default)
2020-06-11 20:47:13,626 [pool-398-thread-1] INFO  server.RaftServerConfigKeys (ConfUtils.java:logGet(44)) - raft.server.log.force.sync.num = 128 (default)
2020-06-11 20:47:13,626 [pool-398-thread-1] INFO  server.RaftServerConfigKeys (ConfUtils.java:logGet(44)) - raft.server.log.statemachine.data.sync = true (default)
2020-06-11 20:47:13,627 [pool-398-thread-1] INFO  server.RaftServerConfigKeys (ConfUtils.java:logGet(44)) - raft.server.log.statemachine.data.sync.timeout = 10s (default)
2020-06-11 20:47:13,627 [pool-398-thread-1] INFO  server.RaftServerConfigKeys (ConfUtils.java:logGet(44)) - raft.server.log.statemachine.data.sync.timeout.retry = -1 (default)
2020-06-11 20:47:13,628 [pool-398-thread-1] INFO  server.RaftServerConfigKeys (ConfUtils.java:logGet(44)) - raft.server.log.statemachine.data.caching.enabled = false (default)
2020-06-11 20:47:13,628 [pool-398-thread-1] INFO  segmented.SegmentedRaftLogWorker (SegmentedRaftLogWorker.java:lambda$new$0(129)) - omNode-2@group-523986131536-SegmentedRaftLogWorker: flushIndex: setUnconditionally 0 -> -1
2020-06-11 20:47:13,628 [pool-398-thread-1] INFO  segmented.SegmentedRaftLogWorker (SegmentedRaftLogWorker.java:lambda$new$0(129)) - omNode-2@group-523986131536-SegmentedRaftLogWorker: safeCacheEvictIndex: setUnconditionally 0 -> -1
2020-06-11 20:47:13,628 [pool-398-thread-1] INFO  server.RaftServerConfigKeys (ConfUtils.java:logGet(44)) - raft.server.snapshot.auto.trigger.enabled = true (custom)
2020-06-11 20:47:13,628 [pool-398-thread-1] INFO  server.RaftServerConfigKeys (ConfUtils.java:logGet(44)) - raft.server.snapshot.auto.trigger.threshold = 50 (custom)
2020-06-11 20:47:13,628 [pool-398-thread-1] INFO  server.RaftServerConfigKeys (ConfUtils.java:logGet(44)) - raft.server.snapshot.retention.file.num = -1 (default)
2020-06-11 20:47:13,628 [pool-398-thread-1] INFO  server.RaftServerConfigKeys (ConfUtils.java:logGet(44)) - raft.server.log.purge.upto.snapshot.index = false (default)
2020-06-11 20:47:13,628 [pool-398-thread-1] INFO  server.RaftServerConfigKeys (ConfUtils.java:logGet(44)) - raft.server.retrycache.expirytime = 600000ms (custom)
2020-06-11 20:47:13,628 [pool-398-thread-1] INFO  metrics.RatisMetrics (RatisMetrics.java:lambda$create$0(36)) - Creating Metrics Registry : ratis.leader_election.omNode-2@group-523986131536
2020-06-11 20:47:13,629 [pool-398-thread-1] INFO  metrics.RatisMetrics (RatisMetrics.java:lambda$create$0(36)) - Creating Metrics Registry : ratis.server.omNode-2@group-523986131536
2020-06-11 20:47:13,638 [Listener at 127.0.0.1/11430] INFO  impl.MetricsSystemImpl (MetricsSystemImpl.java:init(158)) - OzoneManager metrics system started (again)
2020-06-11 20:47:13,639 [Listener at 127.0.0.1/11430] INFO  om.OzoneManager (OzoneManager.java:start(1086)) - OzoneManager RPC server is listening at localhost/127.0.0.1:11430
2020-06-11 20:47:13,639 [Listener at 127.0.0.1/11430] INFO  ratis.OzoneManagerRatisServer (OzoneManagerRatisServer.java:start(365)) - Starting OzoneManagerRatisServer omNode-2 at port 11434
2020-06-11 20:47:13,640 [Listener at 127.0.0.1/11430] INFO  impl.RaftServerImpl (RaftServerImpl.java:start(186)) - omNode-2@group-523986131536: start as a follower, conf=-1: [omNode-3:localhost:11440, omNode-1:localhost:11428, omNode-2:localhost:11434], old=null
2020-06-11 20:47:13,640 [Listener at 127.0.0.1/11430] INFO  impl.RaftServerImpl (RaftServerImpl.java:setRole(175)) - omNode-2@group-523986131536: changes role from      null to FOLLOWER at term 0 for startAsFollower
2020-06-11 20:47:13,640 [Listener at 127.0.0.1/11430] INFO  impl.RoleInfo (RoleInfo.java:updateAndGet(143)) - omNode-2: start FollowerState
2020-06-11 20:47:13,640 [Listener at 127.0.0.1/11430] INFO  util.JmxRegister (JmxRegister.java:tryRegister(44)) - Successfully registered JMX Bean with object name Ratis:service=RaftServer,group=group-523986131536,id=omNode-2
2020-06-11 20:47:13,641 [Listener at 127.0.0.1/11430] INFO  metrics.RatisMetrics (RatisMetrics.java:lambda$create$0(36)) - Creating Metrics Registry : ratis.state_machine.omNode-2@group-523986131536
2020-06-11 20:47:13,641 [Listener at 127.0.0.1/11430] INFO  impl.RaftServerProxy (RaftServerProxy.java:lambda$start$3(304)) - omNode-2: start RPC server
2020-06-11 20:47:13,642 [Listener at 127.0.0.1/11430] INFO  server.GrpcService (GrpcService.java:startImpl(160)) - omNode-2: GrpcService started, listening on 0.0.0.0/0.0.0.0:11434
2020-06-11 20:47:13,644 [IPC Server Responder] INFO  ipc.Server (Server.java:run(1460)) - IPC Server Responder: starting
2020-06-11 20:47:13,645 [IPC Server listener on 11430] INFO  ipc.Server (Server.java:run(1298)) - IPC Server listener on 11430: starting
2020-06-11 20:47:13,657 [Listener at 127.0.0.1/11430] INFO  http.BaseHttpServer (BaseHttpServer.java:newHttpServer2BuilderForOzone(205)) - Starting Web-server for ozoneManager at: http://0.0.0.0:11432
2020-06-11 20:47:13,657 [Listener at 127.0.0.1/11430] INFO  http.BaseHttpServer (BaseHttpServer.java:<init>(106)) - Hadoop Security Enabled: false Ozone Security Enabled: false Ozone HTTP Security Enabled: false 
2020-06-11 20:47:13,658 [Listener at 127.0.0.1/11430] INFO  server.AuthenticationFilter (AuthenticationFilter.java:constructSecretProvider(240)) - Unable to initialize FileSignerSecretProvider, falling back to use random secrets.
2020-06-11 20:47:13,659 [Listener at 127.0.0.1/11430] WARN  http.HttpRequestLog (HttpRequestLog.java:getRequestLog(103)) - Jetty request log can only be enabled using Log4j
2020-06-11 20:47:13,660 [Listener at 127.0.0.1/11430] INFO  http.HttpServer2 (HttpServer2.java:addGlobalFilter(993)) - Added global filter 'safety' (class=org.apache.hadoop.hdds.server.http.HttpServer2$QuotingInputFilter)
2020-06-11 20:47:13,661 [Listener at 127.0.0.1/11430] INFO  http.HttpServer2 (HttpServer2.java:addFilter(969)) - Added filter authentication (class=org.apache.hadoop.security.authentication.server.AuthenticationFilter) to context ozoneManager
2020-06-11 20:47:13,661 [Listener at 127.0.0.1/11430] INFO  http.HttpServer2 (HttpServer2.java:addFilter(977)) - Added filter authentication (class=org.apache.hadoop.security.authentication.server.AuthenticationFilter) to context logs
2020-06-11 20:47:13,661 [Listener at 127.0.0.1/11430] INFO  http.HttpServer2 (HttpServer2.java:addFilter(977)) - Added filter authentication (class=org.apache.hadoop.security.authentication.server.AuthenticationFilter) to context static
2020-06-11 20:47:13,661 [Listener at 127.0.0.1/11430] INFO  http.HttpServer2 (HttpServer2.java:bindListener(1211)) - Jetty bound to port 11432
2020-06-11 20:47:13,661 [Listener at 127.0.0.1/11430] INFO  server.Server (Server.java:doStart(359)) - jetty-9.4.26.v20200117; built: 2020-01-17T12:35:33.676Z; git: 7b38981d25d14afb4a12ff1f2596756144edf695; jvm 1.8.0_232-b09
2020-06-11 20:47:13,665 [Listener at 127.0.0.1/11430] INFO  server.session (DefaultSessionIdManager.java:doStart(333)) - DefaultSessionIdManager workerName=node0
2020-06-11 20:47:13,665 [Listener at 127.0.0.1/11430] INFO  server.session (DefaultSessionIdManager.java:doStart(338)) - No SessionScavenger set, using defaults
2020-06-11 20:47:13,665 [Listener at 127.0.0.1/11430] INFO  server.session (HouseKeeper.java:startScavenging(140)) - node0 Scavenging every 600000ms
2020-06-11 20:47:13,665 [Listener at 127.0.0.1/11430] INFO  server.AuthenticationFilter (AuthenticationFilter.java:constructSecretProvider(240)) - Unable to initialize FileSignerSecretProvider, falling back to use random secrets.
2020-06-11 20:47:13,666 [Listener at 127.0.0.1/11430] INFO  handler.ContextHandler (ContextHandler.java:doStart(825)) - Started o.e.j.s.ServletContextHandler@347720{logs,/logs,file:///github/workspace/mnt/ozone/hadoop-ozone/integration-test/target/log,AVAILABLE}
2020-06-11 20:47:13,666 [Listener at 127.0.0.1/11430] INFO  handler.ContextHandler (ContextHandler.java:doStart(825)) - Started o.e.j.s.ServletContextHandler@21d2e0b4{static,/static,file:///github/workspace/mnt/ozone/hadoop-ozone/integration-test/target/test-classes/webapps/static,AVAILABLE}
2020-06-11 20:47:13,669 [Listener at 127.0.0.1/11430] INFO  handler.ContextHandler (ContextHandler.java:doStart(825)) - Started o.e.j.w.WebAppContext@732d9c51{ozoneManager,/,file:///github/workspace/mnt/ozone/hadoop-ozone/integration-test/target/test-classes/webapps/ozoneManager/,AVAILABLE}{file:/github/workspace/mnt/ozone/hadoop-ozone/integration-test/target/test-classes/webapps/ozoneManager}
2020-06-11 20:47:13,670 [Listener at 127.0.0.1/11430] INFO  server.AbstractConnector (AbstractConnector.java:doStart(330)) - Started ServerConnector@6f4dde92{HTTP/1.1,[http/1.1]}{0.0.0.0:11432}
2020-06-11 20:47:13,670 [Listener at 127.0.0.1/11430] INFO  server.Server (Server.java:doStart(399)) - Started @79240ms
2020-06-11 20:47:13,671 [Listener at 127.0.0.1/11430] WARN  impl.MetricsSystemImpl (MetricsSystemImpl.java:register(276)) - Sink prometheus already exists!
2020-06-11 20:47:13,675 [Listener at 127.0.0.1/11430] INFO  http.BaseHttpServer (BaseHttpServer.java:updateConnectorAddress(325)) - HTTP server of ozoneManager listening at http://0.0.0.0:11432
2020-06-11 20:47:13,675 [Listener at 127.0.0.1/11430] INFO  ozone.MiniOzoneHAClusterImpl (MiniOzoneHAClusterImpl.java:createOMService(380)) - Started OzoneManager RPC server at localhost/127.0.0.1:11430
2020-06-11 20:47:13,675 [org.apache.hadoop.util.JvmPauseMonitor$Monitor@1f36a9a5] INFO  util.JvmPauseMonitor (JvmPauseMonitor.java:run(188)) - Starting JVM pause monitor
2020-06-11 20:47:13,676 [Listener at 127.0.0.1/11430] WARN  server.ServerUtils (ServerUtils.java:getDBPath(225)) - ozone.om.db.dirs is not configured. We recommend adding this setting. Falling back to ozone.metadata.dirs instead.
2020-06-11 20:47:13,678 [Listener at 127.0.0.1/11430] INFO  ha.OMHANodeDetails (OMHANodeDetails.java:loadOMHAConfig(110)) - ServiceID for OzoneManager is om-service-test1
2020-06-11 20:47:13,678 [Listener at 127.0.0.1/11430] INFO  ha.OMHANodeDetails (OMHANodeDetails.java:loadOMHAConfig(188)) - Found matching OM address with OMServiceId: om-service-test1, OMNodeId: omNode-3, RPC Address: localhost:11436 and Ratis port: 11440
2020-06-11 20:47:13,679 [Listener at 127.0.0.1/11430] INFO  ha.OMHANodeDetails (OMHANodeDetails.java:setOMNodeSpecificConfigs(314)) - Setting configuration key ozone.om.http-address with value of key ozone.om.http-address.omNode-3: 127.0.0.1:11438
2020-06-11 20:47:13,679 [Listener at 127.0.0.1/11430] INFO  ha.OMHANodeDetails (OMHANodeDetails.java:setOMNodeSpecificConfigs(314)) - Setting configuration key ozone.om.https-address with value of key ozone.om.https-address.omNode-3: 127.0.0.1:11439
2020-06-11 20:47:13,679 [Listener at 127.0.0.1/11430] INFO  ha.OMHANodeDetails (OMHANodeDetails.java:setOMNodeSpecificConfigs(314)) - Setting configuration key ozone.om.address with value of key ozone.om.address.omNode-3: 127.0.0.1:11436
2020-06-11 20:47:13,679 [Listener at 127.0.0.1/11430] WARN  server.ServerUtils (ServerUtils.java:getDBPath(225)) - ozone.om.db.dirs is not configured. We recommend adding this setting. Falling back to ozone.metadata.dirs instead.
2020-06-11 20:47:13,679 [Listener at 127.0.0.1/11430] WARN  server.ServerUtils (ServerUtils.java:getDBPath(225)) - ozone.om.db.dirs is not configured. We recommend adding this setting. Falling back to ozone.metadata.dirs instead.
2020-06-11 20:47:13,681 [Listener at 127.0.0.1/11430] WARN  server.ServerUtils (ServerUtils.java:getDBPath(225)) - ozone.om.db.dirs is not configured. We recommend adding this setting. Falling back to ozone.metadata.dirs instead.
2020-06-11 20:47:13,739 [Listener at 127.0.0.1/11430] WARN  server.ServerUtils (ServerUtils.java:getDefaultRatisDirectory(237)) - Storage directory for Ratis is not configured. It is a good idea to map this to an SSD disk. Falling back to ozone.metadata.dirs
2020-06-11 20:47:13,739 [Listener at 127.0.0.1/11430] INFO  ratis.OzoneManagerRatisServer (OzoneManagerRatisServer.java:<init>(268)) - Instantiating OM Ratis server with GroupID: om-service-test1 and Raft Peers: localhost:11440, localhost:11428, localhost:11434
2020-06-11 20:47:13,739 [Listener at 127.0.0.1/11430] INFO  ratis.OzoneManagerStateMachine (OzoneManagerStateMachine.java:loadSnapshotInfoFromDB(539)) - LastAppliedIndex is set from TransactionInfo from OM DB as (t:0, i:~)
2020-06-11 20:47:13,740 [Listener at 127.0.0.1/11430] INFO  impl.RaftServerProxy (ConfUtils.java:logGet(44)) - raft.rpc.type = GRPC (default)
2020-06-11 20:47:13,740 [Listener at 127.0.0.1/11430] INFO  grpc.GrpcFactory (GrpcFactory.java:checkPooledByteBufAllocatorUseCacheForAllThreads(45)) - PERFORMANCE WARNING: useCacheForAllThreads is true that may cause Netty to create a lot garbage objects and, as a result, trigger GC.
	It is recommended to disable useCacheForAllThreads by setting -Dorg.apache.ratis.thirdparty.io.netty.allocator.useCacheForAllThreads=false in command line.
2020-06-11 20:47:13,740 [Listener at 127.0.0.1/11430] INFO  grpc.GrpcConfigKeys (ConfUtils.java:logGet(44)) - raft.grpc.server.port = 11440 (custom)
2020-06-11 20:47:13,740 [Listener at 127.0.0.1/11430] INFO  server.GrpcService (ConfUtils.java:logGet(44)) - raft.grpc.message.size.max = 33554432 (custom)
2020-06-11 20:47:13,740 [Listener at 127.0.0.1/11430] INFO  server.RaftServerConfigKeys (ConfUtils.java:logGet(44)) - raft.server.log.appender.buffer.byte-limit = 33554432 (custom)
2020-06-11 20:47:13,740 [Listener at 127.0.0.1/11430] INFO  server.GrpcService (ConfUtils.java:logGet(44)) - raft.grpc.flow.control.window = 1MB (=1048576) (default)
2020-06-11 20:47:13,740 [Listener at 127.0.0.1/11430] INFO  server.RaftServerConfigKeys (ConfUtils.java:logGet(44)) - raft.server.rpc.request.timeout = 3000ms (default)
2020-06-11 20:47:13,741 [Listener at 127.0.0.1/11430] INFO  server.RaftServerConfigKeys (ConfUtils.java:logGet(44)) - raft.server.storage.dir = [/github/workspace/mnt/ozone/hadoop-ozone/integration-test/target/test-dir/MiniOzoneClusterImpl-1edd6e2e-9508-44e8-b6bf-1bcd4789e4cf/omNode-3/ratis] (custom)
2020-06-11 20:47:13,742 [Listener at 127.0.0.1/11430] INFO  impl.RaftServerProxy (RaftServerProxy.java:addNew(89)) - omNode-3: addNew group-523986131536:[omNode-3:localhost:11440, omNode-1:localhost:11428, omNode-2:localhost:11434] returns group-523986131536:java.util.concurrent.CompletableFuture@33fbb6a2[Not completed]
2020-06-11 20:47:13,742 [pool-415-thread-1] INFO  impl.RaftServerImpl (RaftServerImpl.java:<init>(99)) - omNode-3: new RaftServerImpl for group-523986131536:[omNode-3:localhost:11440, omNode-1:localhost:11428, omNode-2:localhost:11434] with OzoneManagerStateMachine:uninitialized
2020-06-11 20:47:13,742 [pool-415-thread-1] INFO  server.RaftServerConfigKeys (ConfUtils.java:logGet(44)) - raft.server.rpc.timeout.min = 1s (custom)
2020-06-11 20:47:13,742 [pool-415-thread-1] INFO  server.RaftServerConfigKeys (ConfUtils.java:logGet(44)) - raft.server.rpc.timeout.max = 1200ms (custom)
2020-06-11 20:47:13,742 [pool-415-thread-1] INFO  server.RaftServerConfigKeys (ConfUtils.java:logGet(44)) - raft.server.rpcslowness.timeout = 2s (custom)
2020-06-11 20:47:13,743 [pool-415-thread-1] INFO  server.RaftServerConfigKeys (ConfUtils.java:logGet(44)) - raft.server.sleep.deviation.threshold = 300 (default)
2020-06-11 20:47:13,743 [pool-415-thread-1] INFO  server.RaftServerConfigKeys (ConfUtils.java:logGet(44)) - raft.server.log.appender.install.snapshot.enabled = false (custom)
2020-06-11 20:47:13,743 [pool-415-thread-1] INFO  impl.RaftServerImpl (ServerState.java:<init>(103)) - omNode-3@group-523986131536: ConfigurationManager, init=-1: [omNode-3:localhost:11440, omNode-1:localhost:11428, omNode-2:localhost:11434], old=null, confs=<EMPTY_MAP>
2020-06-11 20:47:13,743 [pool-415-thread-1] INFO  server.RaftServerConfigKeys (ConfUtils.java:logGet(44)) - raft.server.storage.dir = [/github/workspace/mnt/ozone/hadoop-ozone/integration-test/target/test-dir/MiniOzoneClusterImpl-1edd6e2e-9508-44e8-b6bf-1bcd4789e4cf/omNode-3/ratis] (custom)
2020-06-11 20:47:13,743 [pool-415-thread-1] INFO  server.RaftServerConfigKeys (ConfUtils.java:logGet(44)) - raft.server.log.corruption.policy = EXCEPTION (default)
2020-06-11 20:47:13,743 [pool-415-thread-1] INFO  storage.RaftStorageDirectory (RaftStorageDirectory.java:analyzeStorage(261)) - The storage directory /github/workspace/mnt/ozone/hadoop-ozone/integration-test/target/test-dir/MiniOzoneClusterImpl-1edd6e2e-9508-44e8-b6bf-1bcd4789e4cf/omNode-3/ratis/c9bc4cf4-3bc3-3c60-a66b-523986131536 does not exist. Creating ...
2020-06-11 20:47:13,743 [Listener at 127.0.0.1/11430] INFO  om.OzoneManager (OzoneManager.java:initializeRatisServer(1227)) - OzoneManager Ratis server initialized at port 11440
2020-06-11 20:47:13,744 [Listener at 127.0.0.1/11430] WARN  server.ServerUtils (ServerUtils.java:getDefaultRatisDirectory(237)) - Storage directory for Ratis is not configured. It is a good idea to map this to an SSD disk. Falling back to ozone.metadata.dirs
2020-06-11 20:47:13,744 [Listener at 127.0.0.1/11430] WARN  server.ServerUtils (ServerUtils.java:getDefaultRatisDirectory(237)) - Storage directory for Ratis is not configured. It is a good idea to map this to an SSD disk. Falling back to ozone.metadata.dirs
2020-06-11 20:47:13,744 [Listener at 127.0.0.1/11430] INFO  snapshot.OzoneManagerSnapshotProvider (OzoneManagerSnapshotProvider.java:<init>(77)) - Initializing OM Snapshot Provider
2020-06-11 20:47:13,745 [Listener at 127.0.0.1/11430] INFO  ipc.CallQueueManager (CallQueueManager.java:<init>(84)) - Using callQueue: class java.util.concurrent.LinkedBlockingQueue, queueCapacity: 2000, scheduler: class org.apache.hadoop.ipc.DefaultRpcScheduler, ipcBackoff: false.
2020-06-11 20:47:13,746 [Socket Reader #1 for port 11436] INFO  ipc.Server (Server.java:run(1219)) - Starting Socket Reader #1 for port 11436
2020-06-11 20:47:13,759 [pool-415-thread-1] INFO  storage.RaftStorageDirectory (RaftStorageDirectory.java:tryLock(343)) - Lock on /github/workspace/mnt/ozone/hadoop-ozone/integration-test/target/test-dir/MiniOzoneClusterImpl-1edd6e2e-9508-44e8-b6bf-1bcd4789e4cf/omNode-3/ratis/c9bc4cf4-3bc3-3c60-a66b-523986131536/in_use.lock acquired by nodename 3852@4413dbf4d9a4
2020-06-11 20:47:13,760 [pool-415-thread-1] INFO  storage.RaftStorage (RaftStorage.java:format(84)) - Storage directory /github/workspace/mnt/ozone/hadoop-ozone/integration-test/target/test-dir/MiniOzoneClusterImpl-1edd6e2e-9508-44e8-b6bf-1bcd4789e4cf/omNode-3/ratis/c9bc4cf4-3bc3-3c60-a66b-523986131536 has been successfully formatted.
2020-06-11 20:47:13,760 [pool-415-thread-1] INFO  ratis.OzoneManagerStateMachine (OzoneManagerStateMachine.java:getLatestSnapshot(147)) - Latest Snapshot Info 0#-1
2020-06-11 20:47:13,760 [pool-415-thread-1] INFO  server.RaftServerConfigKeys (ConfUtils.java:logGet(44)) - raft.server.notification.no-leader.timeout = 2s (custom)
2020-06-11 20:47:13,761 [pool-415-thread-1] INFO  server.RaftServerConfigKeys (ConfUtils.java:logGet(44)) - raft.server.log.use.memory = false (default)
2020-06-11 20:47:13,761 [pool-415-thread-1] INFO  server.RaftServerConfigKeys (ConfUtils.java:logGet(44)) - raft.server.log.purge.gap = 50 (custom)
2020-06-11 20:47:13,761 [pool-415-thread-1] INFO  server.RaftServerConfigKeys (ConfUtils.java:logGet(44)) - raft.server.log.appender.buffer.byte-limit = 33554432 (custom)
2020-06-11 20:47:13,761 [pool-415-thread-1] INFO  server.RaftServerConfigKeys (ConfUtils.java:logGet(44)) - raft.server.log.segment.size.max = 16384 (custom)
2020-06-11 20:47:13,761 [pool-415-thread-1] INFO  metrics.RatisMetrics (RatisMetrics.java:lambda$create$0(36)) - Creating Metrics Registry : ratis.log_worker.omNode-3@group-523986131536
2020-06-11 20:47:13,761 [pool-415-thread-1] INFO  server.RaftServerConfigKeys (ConfUtils.java:logGet(44)) - raft.server.log.segment.cache.num.max = 2 (custom)
2020-06-11 20:47:13,761 [pool-415-thread-1] INFO  segmented.SegmentedRaftLogWorker (SegmentedRaftLogWorker.java:<init>(180)) - new omNode-3@group-523986131536-SegmentedRaftLogWorker for RaftStorage:Storage Directory /github/workspace/mnt/ozone/hadoop-ozone/integration-test/target/test-dir/MiniOzoneClusterImpl-1edd6e2e-9508-44e8-b6bf-1bcd4789e4cf/omNode-3/ratis/c9bc4cf4-3bc3-3c60-a66b-523986131536
2020-06-11 20:47:13,761 [pool-415-thread-1] INFO  server.RaftServerConfigKeys (ConfUtils.java:logGet(44)) - raft.server.log.queue.byte-limit = 64MB (=67108864) (default)
2020-06-11 20:47:13,761 [pool-415-thread-1] INFO  server.RaftServerConfigKeys (ConfUtils.java:logGet(44)) - raft.server.log.queue.element-limit = 4096 (default)
2020-06-11 20:47:13,761 [pool-415-thread-1] INFO  server.RaftServerConfigKeys (ConfUtils.java:logGet(44)) - raft.server.log.segment.size.max = 16384 (custom)
2020-06-11 20:47:13,761 [pool-415-thread-1] INFO  server.RaftServerConfigKeys (ConfUtils.java:logGet(44)) - raft.server.log.preallocated.size = 16384 (custom)
2020-06-11 20:47:13,761 [pool-415-thread-1] INFO  server.RaftServerConfigKeys (ConfUtils.java:logGet(44)) - raft.server.log.write.buffer.size = 64KB (=65536) (default)
2020-06-11 20:47:13,761 [pool-415-thread-1] INFO  server.RaftServerConfigKeys (ConfUtils.java:logGet(44)) - raft.server.log.force.sync.num = 128 (default)
2020-06-11 20:47:13,761 [pool-415-thread-1] INFO  server.RaftServerConfigKeys (ConfUtils.java:logGet(44)) - raft.server.log.statemachine.data.sync = true (default)
2020-06-11 20:47:13,762 [pool-415-thread-1] INFO  server.RaftServerConfigKeys (ConfUtils.java:logGet(44)) - raft.server.log.statemachine.data.sync.timeout = 10s (default)
2020-06-11 20:47:13,762 [pool-415-thread-1] INFO  server.RaftServerConfigKeys (ConfUtils.java:logGet(44)) - raft.server.log.statemachine.data.sync.timeout.retry = -1 (default)
2020-06-11 20:47:13,763 [pool-415-thread-1] INFO  server.RaftServerConfigKeys (ConfUtils.java:logGet(44)) - raft.server.log.statemachine.data.caching.enabled = false (default)
2020-06-11 20:47:13,763 [pool-415-thread-1] INFO  segmented.SegmentedRaftLogWorker (SegmentedRaftLogWorker.java:lambda$new$0(129)) - omNode-3@group-523986131536-SegmentedRaftLogWorker: flushIndex: setUnconditionally 0 -> -1
2020-06-11 20:47:13,763 [pool-415-thread-1] INFO  segmented.SegmentedRaftLogWorker (SegmentedRaftLogWorker.java:lambda$new$0(129)) - omNode-3@group-523986131536-SegmentedRaftLogWorker: safeCacheEvictIndex: setUnconditionally 0 -> -1
2020-06-11 20:47:13,766 [Listener at 127.0.0.1/11436] INFO  impl.MetricsSystemImpl (MetricsSystemImpl.java:init(158)) - OzoneManager metrics system started (again)
2020-06-11 20:47:13,766 [pool-415-thread-1] INFO  server.RaftServerConfigKeys (ConfUtils.java:logGet(44)) - raft.server.snapshot.auto.trigger.enabled = true (custom)
2020-06-11 20:47:13,767 [pool-415-thread-1] INFO  server.RaftServerConfigKeys (ConfUtils.java:logGet(44)) - raft.server.snapshot.auto.trigger.threshold = 50 (custom)
2020-06-11 20:47:13,767 [pool-415-thread-1] INFO  server.RaftServerConfigKeys (ConfUtils.java:logGet(44)) - raft.server.snapshot.retention.file.num = -1 (default)
2020-06-11 20:47:13,767 [pool-415-thread-1] INFO  server.RaftServerConfigKeys (ConfUtils.java:logGet(44)) - raft.server.log.purge.upto.snapshot.index = false (default)
2020-06-11 20:47:13,767 [pool-415-thread-1] INFO  server.RaftServerConfigKeys (ConfUtils.java:logGet(44)) - raft.server.retrycache.expirytime = 600000ms (custom)
2020-06-11 20:47:13,768 [pool-415-thread-1] INFO  metrics.RatisMetrics (RatisMetrics.java:lambda$create$0(36)) - Creating Metrics Registry : ratis.leader_election.omNode-3@group-523986131536
2020-06-11 20:47:13,768 [Listener at 127.0.0.1/11436] INFO  om.OzoneManager (OzoneManager.java:start(1086)) - OzoneManager RPC server is listening at localhost/127.0.0.1:11436
2020-06-11 20:47:13,768 [Listener at 127.0.0.1/11436] INFO  ratis.OzoneManagerRatisServer (OzoneManagerRatisServer.java:start(365)) - Starting OzoneManagerRatisServer omNode-3 at port 11440
2020-06-11 20:47:13,768 [pool-415-thread-1] INFO  metrics.RatisMetrics (RatisMetrics.java:lambda$create$0(36)) - Creating Metrics Registry : ratis.server.omNode-3@group-523986131536
2020-06-11 20:47:13,770 [Listener at 127.0.0.1/11436] INFO  impl.RaftServerImpl (RaftServerImpl.java:start(186)) - omNode-3@group-523986131536: start as a follower, conf=-1: [omNode-3:localhost:11440, omNode-1:localhost:11428, omNode-2:localhost:11434], old=null
2020-06-11 20:47:13,770 [Listener at 127.0.0.1/11436] INFO  impl.RaftServerImpl (RaftServerImpl.java:setRole(175)) - omNode-3@group-523986131536: changes role from      null to FOLLOWER at term 0 for startAsFollower
2020-06-11 20:47:13,770 [Listener at 127.0.0.1/11436] INFO  impl.RoleInfo (RoleInfo.java:updateAndGet(143)) - omNode-3: start FollowerState
2020-06-11 20:47:13,772 [Listener at 127.0.0.1/11436] INFO  util.JmxRegister (JmxRegister.java:tryRegister(44)) - Successfully registered JMX Bean with object name Ratis:service=RaftServer,group=group-523986131536,id=omNode-3
2020-06-11 20:47:13,773 [Listener at 127.0.0.1/11436] INFO  metrics.RatisMetrics (RatisMetrics.java:lambda$create$0(36)) - Creating Metrics Registry : ratis.state_machine.omNode-3@group-523986131536
2020-06-11 20:47:13,773 [Listener at 127.0.0.1/11436] INFO  impl.RaftServerProxy (RaftServerProxy.java:lambda$start$3(304)) - omNode-3: start RPC server
2020-06-11 20:47:13,774 [Listener at 127.0.0.1/11436] INFO  server.GrpcService (GrpcService.java:startImpl(160)) - omNode-3: GrpcService started, listening on 0.0.0.0/0.0.0.0:11440
2020-06-11 20:47:13,775 [IPC Server Responder] INFO  ipc.Server (Server.java:run(1460)) - IPC Server Responder: starting
2020-06-11 20:47:13,789 [IPC Server listener on 11436] INFO  ipc.Server (Server.java:run(1298)) - IPC Server listener on 11436: starting
2020-06-11 20:47:13,812 [Listener at 127.0.0.1/11436] INFO  http.BaseHttpServer (BaseHttpServer.java:newHttpServer2BuilderForOzone(205)) - Starting Web-server for ozoneManager at: http://0.0.0.0:11438
2020-06-11 20:47:13,813 [Listener at 127.0.0.1/11436] INFO  http.BaseHttpServer (BaseHttpServer.java:<init>(106)) - Hadoop Security Enabled: false Ozone Security Enabled: false Ozone HTTP Security Enabled: false 
2020-06-11 20:47:13,814 [Listener at 127.0.0.1/11436] INFO  server.AuthenticationFilter (AuthenticationFilter.java:constructSecretProvider(240)) - Unable to initialize FileSignerSecretProvider, falling back to use random secrets.
2020-06-11 20:47:13,814 [Listener at 127.0.0.1/11436] WARN  http.HttpRequestLog (HttpRequestLog.java:getRequestLog(103)) - Jetty request log can only be enabled using Log4j
2020-06-11 20:47:13,815 [Listener at 127.0.0.1/11436] INFO  http.HttpServer2 (HttpServer2.java:addGlobalFilter(993)) - Added global filter 'safety' (class=org.apache.hadoop.hdds.server.http.HttpServer2$QuotingInputFilter)
2020-06-11 20:47:13,816 [Listener at 127.0.0.1/11436] INFO  http.HttpServer2 (HttpServer2.java:addFilter(969)) - Added filter authentication (class=org.apache.hadoop.security.authentication.server.AuthenticationFilter) to context ozoneManager
2020-06-11 20:47:13,816 [Listener at 127.0.0.1/11436] INFO  http.HttpServer2 (HttpServer2.java:addFilter(977)) - Added filter authentication (class=org.apache.hadoop.security.authentication.server.AuthenticationFilter) to context static
2020-06-11 20:47:13,816 [Listener at 127.0.0.1/11436] INFO  http.HttpServer2 (HttpServer2.java:addFilter(977)) - Added filter authentication (class=org.apache.hadoop.security.authentication.server.AuthenticationFilter) to context logs
2020-06-11 20:47:13,816 [Listener at 127.0.0.1/11436] INFO  http.HttpServer2 (HttpServer2.java:bindListener(1211)) - Jetty bound to port 11438
2020-06-11 20:47:13,817 [Listener at 127.0.0.1/11436] INFO  server.Server (Server.java:doStart(359)) - jetty-9.4.26.v20200117; built: 2020-01-17T12:35:33.676Z; git: 7b38981d25d14afb4a12ff1f2596756144edf695; jvm 1.8.0_232-b09
2020-06-11 20:47:13,819 [Listener at 127.0.0.1/11436] INFO  server.session (DefaultSessionIdManager.java:doStart(333)) - DefaultSessionIdManager workerName=node0
2020-06-11 20:47:13,819 [Listener at 127.0.0.1/11436] INFO  server.session (DefaultSessionIdManager.java:doStart(338)) - No SessionScavenger set, using defaults
2020-06-11 20:47:13,819 [Listener at 127.0.0.1/11436] INFO  server.session (HouseKeeper.java:startScavenging(140)) - node0 Scavenging every 600000ms
2020-06-11 20:47:13,820 [Listener at 127.0.0.1/11436] INFO  server.AuthenticationFilter (AuthenticationFilter.java:constructSecretProvider(240)) - Unable to initialize FileSignerSecretProvider, falling back to use random secrets.
2020-06-11 20:47:13,821 [Listener at 127.0.0.1/11436] INFO  handler.ContextHandler (ContextHandler.java:doStart(825)) - Started o.e.j.s.ServletContextHandler@69d011a8{logs,/logs,file:///github/workspace/mnt/ozone/hadoop-ozone/integration-test/target/log,AVAILABLE}
2020-06-11 20:47:13,821 [Listener at 127.0.0.1/11436] INFO  handler.ContextHandler (ContextHandler.java:doStart(825)) - Started o.e.j.s.ServletContextHandler@4cc63361{static,/static,file:///github/workspace/mnt/ozone/hadoop-ozone/integration-test/target/test-classes/webapps/static,AVAILABLE}
2020-06-11 20:47:13,824 [Listener at 127.0.0.1/11436] INFO  handler.ContextHandler (ContextHandler.java:doStart(825)) - Started o.e.j.w.WebAppContext@660077e0{ozoneManager,/,file:///github/workspace/mnt/ozone/hadoop-ozone/integration-test/target/test-classes/webapps/ozoneManager/,AVAILABLE}{file:/github/workspace/mnt/ozone/hadoop-ozone/integration-test/target/test-classes/webapps/ozoneManager}
2020-06-11 20:47:13,833 [Listener at 127.0.0.1/11436] INFO  server.AbstractConnector (AbstractConnector.java:doStart(330)) - Started ServerConnector@702db36b{HTTP/1.1,[http/1.1]}{0.0.0.0:11438}
2020-06-11 20:47:13,833 [Listener at 127.0.0.1/11436] INFO  server.Server (Server.java:doStart(399)) - Started @79403ms
2020-06-11 20:47:13,833 [Listener at 127.0.0.1/11436] WARN  impl.MetricsSystemImpl (MetricsSystemImpl.java:register(276)) - Sink prometheus already exists!
2020-06-11 20:47:13,837 [Listener at 127.0.0.1/11436] INFO  http.BaseHttpServer (BaseHttpServer.java:updateConnectorAddress(325)) - HTTP server of ozoneManager listening at http://0.0.0.0:11438
2020-06-11 20:47:13,837 [Listener at 127.0.0.1/11436] INFO  ozone.MiniOzoneHAClusterImpl (MiniOzoneHAClusterImpl.java:createOMService(380)) - Started OzoneManager RPC server at localhost/127.0.0.1:11436
2020-06-11 20:47:13,843 [Listener at 127.0.0.1/11436] INFO  impl.MetricsSystemImpl (MetricsSystemImpl.java:init(158)) - HddsDatanode metrics system started (again)
2020-06-11 20:47:13,844 [org.apache.hadoop.util.JvmPauseMonitor$Monitor@e62bdae] INFO  util.JvmPauseMonitor (JvmPauseMonitor.java:run(188)) - Starting JVM pause monitor
2020-06-11 20:47:13,845 [Listener at 127.0.0.1/11436] INFO  ozone.HddsDatanodeService (HddsDatanodeService.java:start(197)) - HddsDatanodeService host:4413dbf4d9a4 ip:172.17.0.2
2020-06-11 20:47:13,849 [Listener at 127.0.0.1/11436] INFO  volume.HddsVolume (HddsVolume.java:<init>(176)) - Creating Volume: /github/workspace/mnt/ozone/hadoop-ozone/integration-test/target/test-dir/MiniOzoneClusterImpl-1edd6e2e-9508-44e8-b6bf-1bcd4789e4cf/datanode-0/data-0/containers/hdds of storage type : DISK and capacity : 9223372036854775807
2020-06-11 20:47:13,854 [Listener at 127.0.0.1/11436] INFO  volume.MutableVolumeSet (MutableVolumeSet.java:initializeVolumeSet(181)) - Added Volume : /github/workspace/mnt/ozone/hadoop-ozone/integration-test/target/test-dir/MiniOzoneClusterImpl-1edd6e2e-9508-44e8-b6bf-1bcd4789e4cf/datanode-0/data-0/containers/hdds to VolumeSet
2020-06-11 20:47:13,854 [Listener at 127.0.0.1/11436] INFO  volume.ThrottledAsyncChecker (ThrottledAsyncChecker.java:schedule(141)) - Scheduling a check for /github/workspace/mnt/ozone/hadoop-ozone/integration-test/target/test-dir/MiniOzoneClusterImpl-1edd6e2e-9508-44e8-b6bf-1bcd4789e4cf/datanode-0/data-0/containers/hdds
2020-06-11 20:47:13,857 [Listener at 127.0.0.1/11436] INFO  volume.HddsVolumeChecker (HddsVolumeChecker.java:checkAllVolumes(200)) - Scheduled health check for volume /github/workspace/mnt/ozone/hadoop-ozone/integration-test/target/test-dir/MiniOzoneClusterImpl-1edd6e2e-9508-44e8-b6bf-1bcd4789e4cf/datanode-0/data-0/containers/hdds
2020-06-11 20:47:13,871 [Listener at 127.0.0.1/11436] INFO  impl.RaftServerProxy (ConfUtils.java:logGet(44)) - raft.rpc.type = GRPC (default)
2020-06-11 20:47:13,871 [Listener at 127.0.0.1/11436] INFO  grpc.GrpcFactory (GrpcFactory.java:checkPooledByteBufAllocatorUseCacheForAllThreads(45)) - PERFORMANCE WARNING: useCacheForAllThreads is true that may cause Netty to create a lot garbage objects and, as a result, trigger GC.
	It is recommended to disable useCacheForAllThreads by setting -Dorg.apache.ratis.thirdparty.io.netty.allocator.useCacheForAllThreads=false in command line.
2020-06-11 20:47:13,872 [Listener at 127.0.0.1/11436] INFO  grpc.GrpcConfigKeys (ConfUtils.java:logGet(44)) - raft.grpc.server.port = 0 (default)
2020-06-11 20:47:13,872 [Listener at 127.0.0.1/11436] INFO  server.GrpcService (ConfUtils.java:logGet(44)) - raft.grpc.message.size.max = 32MB (=33554432) (custom)
2020-06-11 20:47:13,872 [Listener at 127.0.0.1/11436] INFO  server.RaftServerConfigKeys (ConfUtils.java:logGet(44)) - raft.server.log.appender.buffer.byte-limit = 33554432 (custom)
2020-06-11 20:47:13,872 [Listener at 127.0.0.1/11436] INFO  server.GrpcService (ConfUtils.java:logGet(44)) - raft.grpc.flow.control.window = 5MB (=5242880) (custom)
2020-06-11 20:47:13,872 [Listener at 127.0.0.1/11436] INFO  server.RaftServerConfigKeys (ConfUtils.java:logGet(44)) - raft.server.rpc.request.timeout = 60s (custom)
2020-06-11 20:47:13,873 [Listener at 127.0.0.1/11436] INFO  server.RaftServerConfigKeys (ConfUtils.java:logGet(44)) - raft.server.storage.dir = [/github/workspace/mnt/ozone/hadoop-ozone/integration-test/target/test-dir/MiniOzoneClusterImpl-1edd6e2e-9508-44e8-b6bf-1bcd4789e4cf/datanode-0/data/ratis] (custom)
2020-06-11 20:47:13,878 [Listener at 127.0.0.1/11436] INFO  http.BaseHttpServer (BaseHttpServer.java:newHttpServer2BuilderForOzone(205)) - Starting Web-server for hddsDatanode at: http://0.0.0.0:0
2020-06-11 20:47:13,878 [Listener at 127.0.0.1/11436] INFO  http.BaseHttpServer (BaseHttpServer.java:<init>(106)) - Hadoop Security Enabled: false Ozone Security Enabled: false Ozone HTTP Security Enabled: false 
2020-06-11 20:47:13,879 [Listener at 127.0.0.1/11436] INFO  server.AuthenticationFilter (AuthenticationFilter.java:constructSecretProvider(240)) - Unable to initialize FileSignerSecretProvider, falling back to use random secrets.
2020-06-11 20:47:13,880 [Listener at 127.0.0.1/11436] WARN  http.HttpRequestLog (HttpRequestLog.java:getRequestLog(103)) - Jetty request log can only be enabled using Log4j
2020-06-11 20:47:13,880 [Listener at 127.0.0.1/11436] INFO  http.HttpServer2 (HttpServer2.java:addGlobalFilter(993)) - Added global filter 'safety' (class=org.apache.hadoop.hdds.server.http.HttpServer2$QuotingInputFilter)
2020-06-11 20:47:13,881 [Listener at 127.0.0.1/11436] INFO  http.HttpServer2 (HttpServer2.java:addFilter(969)) - Added filter authentication (class=org.apache.hadoop.security.authentication.server.AuthenticationFilter) to context hddsDatanode
2020-06-11 20:47:13,881 [Listener at 127.0.0.1/11436] INFO  http.HttpServer2 (HttpServer2.java:addFilter(977)) - Added filter authentication (class=org.apache.hadoop.security.authentication.server.AuthenticationFilter) to context static
2020-06-11 20:47:13,881 [Listener at 127.0.0.1/11436] INFO  http.HttpServer2 (HttpServer2.java:addFilter(977)) - Added filter authentication (class=org.apache.hadoop.security.authentication.server.AuthenticationFilter) to context logs
2020-06-11 20:47:13,882 [Listener at 127.0.0.1/11436] INFO  http.HttpServer2 (HttpServer2.java:bindListener(1211)) - Jetty bound to port 35341
2020-06-11 20:47:13,882 [Listener at 127.0.0.1/11436] INFO  server.Server (Server.java:doStart(359)) - jetty-9.4.26.v20200117; built: 2020-01-17T12:35:33.676Z; git: 7b38981d25d14afb4a12ff1f2596756144edf695; jvm 1.8.0_232-b09
2020-06-11 20:47:13,883 [Listener at 127.0.0.1/11436] INFO  server.session (DefaultSessionIdManager.java:doStart(333)) - DefaultSessionIdManager workerName=node0
2020-06-11 20:47:13,883 [Listener at 127.0.0.1/11436] INFO  server.session (DefaultSessionIdManager.java:doStart(338)) - No SessionScavenger set, using defaults
2020-06-11 20:47:13,884 [Listener at 127.0.0.1/11436] INFO  server.session (HouseKeeper.java:startScavenging(140)) - node0 Scavenging every 600000ms
2020-06-11 20:47:13,884 [Listener at 127.0.0.1/11436] INFO  server.AuthenticationFilter (AuthenticationFilter.java:constructSecretProvider(240)) - Unable to initialize FileSignerSecretProvider, falling back to use random secrets.
2020-06-11 20:47:13,885 [Listener at 127.0.0.1/11436] INFO  handler.ContextHandler (ContextHandler.java:doStart(825)) - Started o.e.j.s.ServletContextHandler@14b21f68{logs,/logs,file:///github/workspace/mnt/ozone/hadoop-ozone/integration-test/target/log,AVAILABLE}
2020-06-11 20:47:13,885 [Listener at 127.0.0.1/11436] INFO  handler.ContextHandler (ContextHandler.java:doStart(825)) - Started o.e.j.s.ServletContextHandler@4a79f250{static,/static,jar:file:/home/user/.m2/repository/org/apache/hadoop/hadoop-hdds-container-service/0.6.0-SNAPSHOT/hadoop-hdds-container-service-0.6.0-SNAPSHOT.jar!/webapps/static,AVAILABLE}
2020-06-11 20:47:13,901 [Listener at 127.0.0.1/11436] INFO  handler.ContextHandler (ContextHandler.java:doStart(825)) - Started o.e.j.w.WebAppContext@4459acb5{hddsDatanode,/,file:///tmp/jetty-0_0_0_0-35341-hadoop-hdds-container-service-0_6_0-SNAPSHOT_jar-_-any-2806850447812741769.dir/webapp/,AVAILABLE}{jar:file:/home/user/.m2/repository/org/apache/hadoop/hadoop-hdds-container-service/0.6.0-SNAPSHOT/hadoop-hdds-container-service-0.6.0-SNAPSHOT.jar!/webapps/hddsDatanode}
2020-06-11 20:47:13,903 [Listener at 127.0.0.1/11436] INFO  server.AbstractConnector (AbstractConnector.java:doStart(330)) - Started ServerConnector@12d7e15c{HTTP/1.1,[http/1.1]}{0.0.0.0:35341}
2020-06-11 20:47:13,903 [Listener at 127.0.0.1/11436] INFO  server.Server (Server.java:doStart(399)) - Started @79473ms
2020-06-11 20:47:13,903 [Listener at 127.0.0.1/11436] WARN  impl.MetricsSystemImpl (MetricsSystemImpl.java:register(276)) - Sink prometheus already exists!
2020-06-11 20:47:13,907 [Listener at 127.0.0.1/11436] INFO  http.BaseHttpServer (BaseHttpServer.java:updateConnectorAddress(325)) - HTTP server of hddsDatanode listening at http://0.0.0.0:35341
2020-06-11 20:47:13,908 [Listener at 127.0.0.1/11436] INFO  impl.MetricsSystemImpl (MetricsSystemImpl.java:init(158)) - HddsDatanode metrics system started (again)
2020-06-11 20:47:13,910 [Listener at 127.0.0.1/11436] INFO  ozone.HddsDatanodeService (HddsDatanodeService.java:start(197)) - HddsDatanodeService host:4413dbf4d9a4 ip:172.17.0.2
2020-06-11 20:47:13,912 [Listener at 127.0.0.1/11436] INFO  volume.HddsVolume (HddsVolume.java:<init>(176)) - Creating Volume: /github/workspace/mnt/ozone/hadoop-ozone/integration-test/target/test-dir/MiniOzoneClusterImpl-1edd6e2e-9508-44e8-b6bf-1bcd4789e4cf/datanode-1/data-0/containers/hdds of storage type : DISK and capacity : 9223372036854775807
2020-06-11 20:47:13,913 [Listener at 127.0.0.1/11436] INFO  volume.MutableVolumeSet (MutableVolumeSet.java:initializeVolumeSet(181)) - Added Volume : /github/workspace/mnt/ozone/hadoop-ozone/integration-test/target/test-dir/MiniOzoneClusterImpl-1edd6e2e-9508-44e8-b6bf-1bcd4789e4cf/datanode-1/data-0/containers/hdds to VolumeSet
2020-06-11 20:47:13,913 [Listener at 127.0.0.1/11436] INFO  volume.ThrottledAsyncChecker (ThrottledAsyncChecker.java:schedule(141)) - Scheduling a check for /github/workspace/mnt/ozone/hadoop-ozone/integration-test/target/test-dir/MiniOzoneClusterImpl-1edd6e2e-9508-44e8-b6bf-1bcd4789e4cf/datanode-1/data-0/containers/hdds
2020-06-11 20:47:13,914 [Listener at 127.0.0.1/11436] INFO  volume.HddsVolumeChecker (HddsVolumeChecker.java:checkAllVolumes(200)) - Scheduled health check for volume /github/workspace/mnt/ozone/hadoop-ozone/integration-test/target/test-dir/MiniOzoneClusterImpl-1edd6e2e-9508-44e8-b6bf-1bcd4789e4cf/datanode-1/data-0/containers/hdds
2020-06-11 20:47:13,928 [org.apache.hadoop.util.JvmPauseMonitor$Monitor@6fc2929c] INFO  util.JvmPauseMonitor (JvmPauseMonitor.java:run(188)) - Starting JVM pause monitor
2020-06-11 20:47:13,930 [Listener at 127.0.0.1/11436] INFO  impl.RaftServerProxy (ConfUtils.java:logGet(44)) - raft.rpc.type = GRPC (default)
2020-06-11 20:47:13,930 [Listener at 127.0.0.1/11436] INFO  grpc.GrpcFactory (GrpcFactory.java:checkPooledByteBufAllocatorUseCacheForAllThreads(45)) - PERFORMANCE WARNING: useCacheForAllThreads is true that may cause Netty to create a lot garbage objects and, as a result, trigger GC.
	It is recommended to disable useCacheForAllThreads by setting -Dorg.apache.ratis.thirdparty.io.netty.allocator.useCacheForAllThreads=false in command line.
2020-06-11 20:47:13,930 [Listener at 127.0.0.1/11436] INFO  grpc.GrpcConfigKeys (ConfUtils.java:logGet(44)) - raft.grpc.server.port = 0 (default)
2020-06-11 20:47:13,931 [Listener at 127.0.0.1/11436] INFO  server.GrpcService (ConfUtils.java:logGet(44)) - raft.grpc.message.size.max = 32MB (=33554432) (custom)
2020-06-11 20:47:13,931 [Listener at 127.0.0.1/11436] INFO  server.RaftServerConfigKeys (ConfUtils.java:logGet(44)) - raft.server.log.appender.buffer.byte-limit = 33554432 (custom)
2020-06-11 20:47:13,931 [Listener at 127.0.0.1/11436] INFO  server.GrpcService (ConfUtils.java:logGet(44)) - raft.grpc.flow.control.window = 5MB (=5242880) (custom)
2020-06-11 20:47:13,931 [Listener at 127.0.0.1/11436] INFO  server.RaftServerConfigKeys (ConfUtils.java:logGet(44)) - raft.server.rpc.request.timeout = 60s (custom)
2020-06-11 20:47:13,932 [Listener at 127.0.0.1/11436] INFO  server.RaftServerConfigKeys (ConfUtils.java:logGet(44)) - raft.server.storage.dir = [/github/workspace/mnt/ozone/hadoop-ozone/integration-test/target/test-dir/MiniOzoneClusterImpl-1edd6e2e-9508-44e8-b6bf-1bcd4789e4cf/datanode-1/data/ratis] (custom)
2020-06-11 20:47:13,934 [Datanode State Machine Thread - 0] INFO  datanode.InitDatanodeState (InitDatanodeState.java:persistContainerDatanodeDetails(145)) - DatanodeDetails is persisted to /github/workspace/mnt/ozone/hadoop-ozone/integration-test/target/test-dir/MiniOzoneClusterImpl-1edd6e2e-9508-44e8-b6bf-1bcd4789e4cf/datanode-0/meta/datanode.id
2020-06-11 20:47:13,937 [Listener at 127.0.0.1/11436] INFO  http.BaseHttpServer (BaseHttpServer.java:newHttpServer2BuilderForOzone(205)) - Starting Web-server for hddsDatanode at: http://0.0.0.0:0
2020-06-11 20:47:13,937 [Listener at 127.0.0.1/11436] INFO  http.BaseHttpServer (BaseHttpServer.java:<init>(106)) - Hadoop Security Enabled: false Ozone Security Enabled: false Ozone HTTP Security Enabled: false 
2020-06-11 20:47:13,938 [Listener at 127.0.0.1/11436] INFO  server.AuthenticationFilter (AuthenticationFilter.java:constructSecretProvider(240)) - Unable to initialize FileSignerSecretProvider, falling back to use random secrets.
2020-06-11 20:47:13,939 [Listener at 127.0.0.1/11436] WARN  http.HttpRequestLog (HttpRequestLog.java:getRequestLog(103)) - Jetty request log can only be enabled using Log4j
2020-06-11 20:47:13,939 [Listener at 127.0.0.1/11436] INFO  http.HttpServer2 (HttpServer2.java:addGlobalFilter(993)) - Added global filter 'safety' (class=org.apache.hadoop.hdds.server.http.HttpServer2$QuotingInputFilter)
2020-06-11 20:47:13,940 [Listener at 127.0.0.1/11436] INFO  http.HttpServer2 (HttpServer2.java:addFilter(969)) - Added filter authentication (class=org.apache.hadoop.security.authentication.server.AuthenticationFilter) to context hddsDatanode
2020-06-11 20:47:13,940 [Listener at 127.0.0.1/11436] INFO  http.HttpServer2 (HttpServer2.java:addFilter(977)) - Added filter authentication (class=org.apache.hadoop.security.authentication.server.AuthenticationFilter) to context logs
2020-06-11 20:47:13,940 [Listener at 127.0.0.1/11436] INFO  http.HttpServer2 (HttpServer2.java:addFilter(977)) - Added filter authentication (class=org.apache.hadoop.security.authentication.server.AuthenticationFilter) to context static
2020-06-11 20:47:13,941 [Listener at 127.0.0.1/11436] INFO  http.HttpServer2 (HttpServer2.java:bindListener(1211)) - Jetty bound to port 33945
2020-06-11 20:47:13,941 [Listener at 127.0.0.1/11436] INFO  server.Server (Server.java:doStart(359)) - jetty-9.4.26.v20200117; built: 2020-01-17T12:35:33.676Z; git: 7b38981d25d14afb4a12ff1f2596756144edf695; jvm 1.8.0_232-b09
2020-06-11 20:47:13,945 [Listener at 127.0.0.1/11436] INFO  server.session (DefaultSessionIdManager.java:doStart(333)) - DefaultSessionIdManager workerName=node0
2020-06-11 20:47:13,946 [Listener at 127.0.0.1/11436] INFO  server.session (DefaultSessionIdManager.java:doStart(338)) - No SessionScavenger set, using defaults
2020-06-11 20:47:13,946 [Listener at 127.0.0.1/11436] INFO  server.session (HouseKeeper.java:startScavenging(140)) - node0 Scavenging every 660000ms
2020-06-11 20:47:13,946 [Listener at 127.0.0.1/11436] INFO  server.AuthenticationFilter (AuthenticationFilter.java:constructSecretProvider(240)) - Unable to initialize FileSignerSecretProvider, falling back to use random secrets.
2020-06-11 20:47:13,947 [Listener at 127.0.0.1/11436] INFO  handler.ContextHandler (ContextHandler.java:doStart(825)) - Started o.e.j.s.ServletContextHandler@14673132{logs,/logs,file:///github/workspace/mnt/ozone/hadoop-ozone/integration-test/target/log,AVAILABLE}
2020-06-11 20:47:13,947 [Listener at 127.0.0.1/11436] INFO  handler.ContextHandler (ContextHandler.java:doStart(825)) - Started o.e.j.s.ServletContextHandler@64296813{static,/static,jar:file:/home/user/.m2/repository/org/apache/hadoop/hadoop-hdds-container-service/0.6.0-SNAPSHOT/hadoop-hdds-container-service-0.6.0-SNAPSHOT.jar!/webapps/static,AVAILABLE}
2020-06-11 20:47:13,970 [Listener at 127.0.0.1/11436] INFO  handler.ContextHandler (ContextHandler.java:doStart(825)) - Started o.e.j.w.WebAppContext@2132421f{hddsDatanode,/,file:///tmp/jetty-0_0_0_0-33945-hadoop-hdds-container-service-0_6_0-SNAPSHOT_jar-_-any-8187456738255771071.dir/webapp/,AVAILABLE}{jar:file:/home/user/.m2/repository/org/apache/hadoop/hadoop-hdds-container-service/0.6.0-SNAPSHOT/hadoop-hdds-container-service-0.6.0-SNAPSHOT.jar!/webapps/hddsDatanode}
2020-06-11 20:47:13,972 [Listener at 127.0.0.1/11436] INFO  server.AbstractConnector (AbstractConnector.java:doStart(330)) - Started ServerConnector@1cd884cc{HTTP/1.1,[http/1.1]}{0.0.0.0:33945}
2020-06-11 20:47:13,972 [Listener at 127.0.0.1/11436] INFO  server.Server (Server.java:doStart(399)) - Started @79542ms
2020-06-11 20:47:13,972 [Listener at 127.0.0.1/11436] WARN  impl.MetricsSystemImpl (MetricsSystemImpl.java:register(276)) - Sink prometheus already exists!
2020-06-11 20:47:13,976 [Listener at 127.0.0.1/11436] INFO  http.BaseHttpServer (BaseHttpServer.java:updateConnectorAddress(325)) - HTTP server of hddsDatanode listening at http://0.0.0.0:33945
2020-06-11 20:47:13,977 [Listener at 127.0.0.1/11436] INFO  impl.MetricsSystemImpl (MetricsSystemImpl.java:init(158)) - HddsDatanode metrics system started (again)
2020-06-11 20:47:13,979 [Listener at 127.0.0.1/11436] INFO  ozone.HddsDatanodeService (HddsDatanodeService.java:start(197)) - HddsDatanodeService host:4413dbf4d9a4 ip:172.17.0.2
2020-06-11 20:47:13,982 [Listener at 127.0.0.1/11436] INFO  volume.HddsVolume (HddsVolume.java:<init>(176)) - Creating Volume: /github/workspace/mnt/ozone/hadoop-ozone/integration-test/target/test-dir/MiniOzoneClusterImpl-1edd6e2e-9508-44e8-b6bf-1bcd4789e4cf/datanode-2/data-0/containers/hdds of storage type : DISK and capacity : 9223372036854775807
2020-06-11 20:47:13,982 [Listener at 127.0.0.1/11436] INFO  volume.MutableVolumeSet (MutableVolumeSet.java:initializeVolumeSet(181)) - Added Volume : /github/workspace/mnt/ozone/hadoop-ozone/integration-test/target/test-dir/MiniOzoneClusterImpl-1edd6e2e-9508-44e8-b6bf-1bcd4789e4cf/datanode-2/data-0/containers/hdds to VolumeSet
2020-06-11 20:47:13,982 [Listener at 127.0.0.1/11436] INFO  volume.ThrottledAsyncChecker (ThrottledAsyncChecker.java:schedule(141)) - Scheduling a check for /github/workspace/mnt/ozone/hadoop-ozone/integration-test/target/test-dir/MiniOzoneClusterImpl-1edd6e2e-9508-44e8-b6bf-1bcd4789e4cf/datanode-2/data-0/containers/hdds
2020-06-11 20:47:13,983 [Listener at 127.0.0.1/11436] INFO  volume.HddsVolumeChecker (HddsVolumeChecker.java:checkAllVolumes(200)) - Scheduled health check for volume /github/workspace/mnt/ozone/hadoop-ozone/integration-test/target/test-dir/MiniOzoneClusterImpl-1edd6e2e-9508-44e8-b6bf-1bcd4789e4cf/datanode-2/data-0/containers/hdds
2020-06-11 20:47:14,008 [org.apache.hadoop.util.JvmPauseMonitor$Monitor@359c1584] INFO  util.JvmPauseMonitor (JvmPauseMonitor.java:run(188)) - Starting JVM pause monitor
2020-06-11 20:47:14,010 [Datanode State Machine Thread - 0] INFO  datanode.InitDatanodeState (InitDatanodeState.java:persistContainerDatanodeDetails(145)) - DatanodeDetails is persisted to /github/workspace/mnt/ozone/hadoop-ozone/integration-test/target/test-dir/MiniOzoneClusterImpl-1edd6e2e-9508-44e8-b6bf-1bcd4789e4cf/datanode-1/meta/datanode.id
2020-06-11 20:47:14,012 [Listener at 127.0.0.1/11436] INFO  impl.RaftServerProxy (ConfUtils.java:logGet(44)) - raft.rpc.type = GRPC (default)
2020-06-11 20:47:14,012 [Listener at 127.0.0.1/11436] INFO  grpc.GrpcFactory (GrpcFactory.java:checkPooledByteBufAllocatorUseCacheForAllThreads(45)) - PERFORMANCE WARNING: useCacheForAllThreads is true that may cause Netty to create a lot garbage objects and, as a result, trigger GC.
	It is recommended to disable useCacheForAllThreads by setting -Dorg.apache.ratis.thirdparty.io.netty.allocator.useCacheForAllThreads=false in command line.
2020-06-11 20:47:14,012 [Listener at 127.0.0.1/11436] INFO  grpc.GrpcConfigKeys (ConfUtils.java:logGet(44)) - raft.grpc.server.port = 0 (default)
2020-06-11 20:47:14,012 [Listener at 127.0.0.1/11436] INFO  server.GrpcService (ConfUtils.java:logGet(44)) - raft.grpc.message.size.max = 32MB (=33554432) (custom)
2020-06-11 20:47:14,012 [Listener at 127.0.0.1/11436] INFO  server.RaftServerConfigKeys (ConfUtils.java:logGet(44)) - raft.server.log.appender.buffer.byte-limit = 33554432 (custom)
2020-06-11 20:47:14,013 [Listener at 127.0.0.1/11436] INFO  server.GrpcService (ConfUtils.java:logGet(44)) - raft.grpc.flow.control.window = 5MB (=5242880) (custom)
2020-06-11 20:47:14,013 [Listener at 127.0.0.1/11436] INFO  server.RaftServerConfigKeys (ConfUtils.java:logGet(44)) - raft.server.rpc.request.timeout = 60s (custom)
2020-06-11 20:47:14,015 [Listener at 127.0.0.1/11436] INFO  server.RaftServerConfigKeys (ConfUtils.java:logGet(44)) - raft.server.storage.dir = [/github/workspace/mnt/ozone/hadoop-ozone/integration-test/target/test-dir/MiniOzoneClusterImpl-1edd6e2e-9508-44e8-b6bf-1bcd4789e4cf/datanode-2/data/ratis] (custom)
2020-06-11 20:47:14,021 [Listener at 127.0.0.1/11436] INFO  http.BaseHttpServer (BaseHttpServer.java:newHttpServer2BuilderForOzone(205)) - Starting Web-server for hddsDatanode at: http://0.0.0.0:0
2020-06-11 20:47:14,021 [Listener at 127.0.0.1/11436] INFO  http.BaseHttpServer (BaseHttpServer.java:<init>(106)) - Hadoop Security Enabled: false Ozone Security Enabled: false Ozone HTTP Security Enabled: false 
2020-06-11 20:47:14,022 [Listener at 127.0.0.1/11436] INFO  server.AuthenticationFilter (AuthenticationFilter.java:constructSecretProvider(240)) - Unable to initialize FileSignerSecretProvider, falling back to use random secrets.
2020-06-11 20:47:14,022 [Listener at 127.0.0.1/11436] WARN  http.HttpRequestLog (HttpRequestLog.java:getRequestLog(103)) - Jetty request log can only be enabled using Log4j
2020-06-11 20:47:14,024 [Listener at 127.0.0.1/11436] INFO  http.HttpServer2 (HttpServer2.java:addGlobalFilter(993)) - Added global filter 'safety' (class=org.apache.hadoop.hdds.server.http.HttpServer2$QuotingInputFilter)
2020-06-11 20:47:14,024 [Listener at 127.0.0.1/11436] INFO  http.HttpServer2 (HttpServer2.java:addFilter(969)) - Added filter authentication (class=org.apache.hadoop.security.authentication.server.AuthenticationFilter) to context hddsDatanode
2020-06-11 20:47:14,024 [Listener at 127.0.0.1/11436] INFO  http.HttpServer2 (HttpServer2.java:addFilter(977)) - Added filter authentication (class=org.apache.hadoop.security.authentication.server.AuthenticationFilter) to context static
2020-06-11 20:47:14,024 [Listener at 127.0.0.1/11436] INFO  http.HttpServer2 (HttpServer2.java:addFilter(977)) - Added filter authentication (class=org.apache.hadoop.security.authentication.server.AuthenticationFilter) to context logs
2020-06-11 20:47:14,025 [Listener at 127.0.0.1/11436] INFO  http.HttpServer2 (HttpServer2.java:bindListener(1211)) - Jetty bound to port 34133
2020-06-11 20:47:14,025 [Listener at 127.0.0.1/11436] INFO  server.Server (Server.java:doStart(359)) - jetty-9.4.26.v20200117; built: 2020-01-17T12:35:33.676Z; git: 7b38981d25d14afb4a12ff1f2596756144edf695; jvm 1.8.0_232-b09
2020-06-11 20:47:14,026 [Listener at 127.0.0.1/11436] INFO  server.session (DefaultSessionIdManager.java:doStart(333)) - DefaultSessionIdManager workerName=node0
2020-06-11 20:47:14,027 [Listener at 127.0.0.1/11436] INFO  server.session (DefaultSessionIdManager.java:doStart(338)) - No SessionScavenger set, using defaults
2020-06-11 20:47:14,027 [Listener at 127.0.0.1/11436] INFO  server.session (HouseKeeper.java:startScavenging(140)) - node0 Scavenging every 600000ms
2020-06-11 20:47:14,028 [Listener at 127.0.0.1/11436] INFO  server.AuthenticationFilter (AuthenticationFilter.java:constructSecretProvider(240)) - Unable to initialize FileSignerSecretProvider, falling back to use random secrets.
2020-06-11 20:47:14,028 [Listener at 127.0.0.1/11436] INFO  handler.ContextHandler (ContextHandler.java:doStart(825)) - Started o.e.j.s.ServletContextHandler@7d93442c{logs,/logs,file:///github/workspace/mnt/ozone/hadoop-ozone/integration-test/target/log,AVAILABLE}
2020-06-11 20:47:14,029 [Listener at 127.0.0.1/11436] INFO  handler.ContextHandler (ContextHandler.java:doStart(825)) - Started o.e.j.s.ServletContextHandler@3f921a5a{static,/static,jar:file:/home/user/.m2/repository/org/apache/hadoop/hadoop-hdds-container-service/0.6.0-SNAPSHOT/hadoop-hdds-container-service-0.6.0-SNAPSHOT.jar!/webapps/static,AVAILABLE}
2020-06-11 20:47:14,046 [Listener at 127.0.0.1/11436] INFO  handler.ContextHandler (ContextHandler.java:doStart(825)) - Started o.e.j.w.WebAppContext@2fceba70{hddsDatanode,/,file:///tmp/jetty-0_0_0_0-34133-hadoop-hdds-container-service-0_6_0-SNAPSHOT_jar-_-any-2363788835949382408.dir/webapp/,AVAILABLE}{jar:file:/home/user/.m2/repository/org/apache/hadoop/hadoop-hdds-container-service/0.6.0-SNAPSHOT/hadoop-hdds-container-service-0.6.0-SNAPSHOT.jar!/webapps/hddsDatanode}
2020-06-11 20:47:14,047 [Listener at 127.0.0.1/11436] INFO  server.AbstractConnector (AbstractConnector.java:doStart(330)) - Started ServerConnector@46e6dd1b{HTTP/1.1,[http/1.1]}{0.0.0.0:34133}
2020-06-11 20:47:14,048 [Listener at 127.0.0.1/11436] INFO  server.Server (Server.java:doStart(399)) - Started @79618ms
2020-06-11 20:47:14,048 [Listener at 127.0.0.1/11436] WARN  impl.MetricsSystemImpl (MetricsSystemImpl.java:register(276)) - Sink prometheus already exists!
2020-06-11 20:47:14,052 [Listener at 127.0.0.1/11436] INFO  http.BaseHttpServer (BaseHttpServer.java:updateConnectorAddress(325)) - HTTP server of hddsDatanode listening at http://0.0.0.0:34133
2020-06-11 20:47:14,052 [Listener at 127.0.0.1/11436] INFO  ozone.MiniOzoneClusterImpl (MiniOzoneClusterImpl.java:lambda$waitForClusterToBeReady$0(177)) - Waiting for nodes to be ready. Got 0 of 3 DN Heartbeats.
2020-06-11 20:47:14,052 [Listener at 127.0.0.1/11436] INFO  ozone.MiniOzoneClusterImpl (MiniOzoneClusterImpl.java:lambda$waitForClusterToBeReady$0(180)) - Waiting for cluster to exit safe mode
2020-06-11 20:47:14,056 [org.apache.hadoop.util.JvmPauseMonitor$Monitor@61f32fb1] INFO  util.JvmPauseMonitor (JvmPauseMonitor.java:run(188)) - Starting JVM pause monitor
2020-06-11 20:47:14,057 [Datanode State Machine Thread - 0] INFO  datanode.InitDatanodeState (InitDatanodeState.java:persistContainerDatanodeDetails(145)) - DatanodeDetails is persisted to /github/workspace/mnt/ozone/hadoop-ozone/integration-test/target/test-dir/MiniOzoneClusterImpl-1edd6e2e-9508-44e8-b6bf-1bcd4789e4cf/datanode-2/meta/datanode.id
2020-06-11 20:47:14,551 [Thread-1502] INFO  impl.FollowerState (FollowerState.java:run(108)) - omNode-1@group-523986131536-FollowerState: change to CANDIDATE, lastRpcTime:1055ms, electionTimeout:1054ms
2020-06-11 20:47:14,551 [Thread-1502] INFO  impl.RoleInfo (RoleInfo.java:shutdownFollowerState(121)) - omNode-1: shutdown FollowerState
2020-06-11 20:47:14,551 [Thread-1502] INFO  impl.RaftServerImpl (RaftServerImpl.java:setRole(175)) - omNode-1@group-523986131536: changes role from  FOLLOWER to CANDIDATE at term 0 for changeToCandidate
2020-06-11 20:47:14,551 [Thread-1502] INFO  impl.RoleInfo (RoleInfo.java:updateAndGet(143)) - omNode-1: start LeaderElection
2020-06-11 20:47:14,554 [omNode-1@group-523986131536-LeaderElection22] INFO  impl.LeaderElection (LeaderElection.java:askForVotes(206)) - omNode-1@group-523986131536-LeaderElection22: begin an election at term 1 for -1: [omNode-3:localhost:11440, omNode-1:localhost:11428, omNode-2:localhost:11434], old=null
2020-06-11 20:47:14,554 [omNode-1@group-523986131536-LeaderElection22] INFO  ratis.OzoneManagerStateMachine (OzoneManagerStateMachine.java:getLatestSnapshot(147)) - Latest Snapshot Info 0#-1
2020-06-11 20:47:14,563 [grpc-default-executor-2] INFO  impl.RaftServerImpl (RaftServerImpl.java:setRole(175)) - omNode-2@group-523986131536: changes role from  FOLLOWER to FOLLOWER at term 1 for recognizeCandidate:omNode-1
2020-06-11 20:47:14,563 [grpc-default-executor-2] INFO  impl.RoleInfo (RoleInfo.java:shutdownFollowerState(121)) - omNode-2: shutdown FollowerState
2020-06-11 20:47:14,563 [grpc-default-executor-2] INFO  impl.RoleInfo (RoleInfo.java:updateAndGet(143)) - omNode-2: start FollowerState
2020-06-11 20:47:14,564 [grpc-default-executor-2] INFO  ratis.OzoneManagerStateMachine (OzoneManagerStateMachine.java:getLatestSnapshot(147)) - Latest Snapshot Info 0#-1
2020-06-11 20:47:14,567 [Thread-1541] INFO  impl.FollowerState (FollowerState.java:run(117)) - omNode-2@group-523986131536-FollowerState was interrupted: java.lang.InterruptedException: sleep interrupted
2020-06-11 20:47:14,573 [omNode-1@group-523986131536-LeaderElection22] INFO  impl.LeaderElection (LeaderElection.java:logAndReturn(61)) - omNode-1@group-523986131536-LeaderElection22: Election PASSED; received 1 response(s) [omNode-1<-omNode-2#0:OK-t1] and 0 exception(s); omNode-1@group-523986131536:t1, leader=null, voted=omNode-1, raftlog=omNode-1@group-523986131536-SegmentedRaftLog:OPENED:c-1,f-1,i0, conf=-1: [omNode-3:localhost:11440, omNode-1:localhost:11428, omNode-2:localhost:11434], old=null
2020-06-11 20:47:14,573 [omNode-1@group-523986131536-LeaderElection22] INFO  impl.RoleInfo (RoleInfo.java:shutdownLeaderElection(134)) - omNode-1: shutdown LeaderElection
2020-06-11 20:47:14,573 [omNode-1@group-523986131536-LeaderElection22] INFO  impl.RaftServerImpl (RaftServerImpl.java:setRole(175)) - omNode-1@group-523986131536: changes role from CANDIDATE to LEADER at term 1 for changeToLeader
2020-06-11 20:47:14,574 [omNode-1@group-523986131536-LeaderElection22] INFO  impl.RaftServerImpl (ServerState.java:setLeader(255)) - omNode-1@group-523986131536: change Leader from null to omNode-1 at term 1 for becomeLeader, leader elected after 1097ms
2020-06-11 20:47:14,574 [omNode-1@group-523986131536-LeaderElection22] INFO  server.RaftServerConfigKeys (ConfUtils.java:logGet(44)) - raft.server.staging.catchup.gap = 1000 (default)
2020-06-11 20:47:14,574 [omNode-1@group-523986131536-LeaderElection22] INFO  server.RaftServerConfigKeys (ConfUtils.java:logGet(44)) - raft.server.rpc.sleep.time = 25ms (default)
2020-06-11 20:47:14,574 [omNode-1@group-523986131536-LeaderElection22] INFO  metrics.RatisMetrics (RatisMetrics.java:lambda$create$0(36)) - Creating Metrics Registry : ratis.log_appender.omNode-1@group-523986131536
2020-06-11 20:47:14,574 [omNode-1@group-523986131536-LeaderElection22] INFO  server.RaftServerConfigKeys (ConfUtils.java:logGet(44)) - raft.server.write.element-limit = 4096 (default)
2020-06-11 20:47:14,574 [omNode-1@group-523986131536-LeaderElection22] INFO  server.RaftServerConfigKeys (ConfUtils.java:logGet(44)) - raft.server.write.byte-limit = 64MB (=67108864) (default)
2020-06-11 20:47:14,574 [omNode-1@group-523986131536-LeaderElection22] INFO  server.RaftServerConfigKeys (ConfUtils.java:logGet(44)) - raft.server.watch.timeout = 10s (default)
2020-06-11 20:47:14,574 [omNode-1@group-523986131536-LeaderElection22] INFO  server.RaftServerConfigKeys (ConfUtils.java:logGet(44)) - raft.server.watch.timeout.denomination = 1s (default)
2020-06-11 20:47:14,574 [omNode-1@group-523986131536-LeaderElection22] INFO  server.RaftServerConfigKeys (ConfUtils.java:logGet(44)) - raft.server.watch.element-limit = 65536 (default)
2020-06-11 20:47:14,575 [omNode-1@group-523986131536-LeaderElection22] INFO  server.RaftServerConfigKeys (ConfUtils.java:logGet(44)) - raft.server.log.appender.snapshot.chunk.size.max = 16MB (=16777216) (default)
2020-06-11 20:47:14,575 [omNode-1@group-523986131536-LeaderElection22] INFO  server.RaftServerConfigKeys (ConfUtils.java:logGet(44)) - raft.server.log.appender.buffer.byte-limit = 33554432 (custom)
2020-06-11 20:47:14,575 [omNode-1@group-523986131536-LeaderElection22] INFO  server.RaftServerConfigKeys (ConfUtils.java:logGet(44)) - raft.server.log.appender.buffer.element-limit = 1024 (custom)
2020-06-11 20:47:14,575 [omNode-1@group-523986131536-LeaderElection22] INFO  grpc.GrpcConfigKeys (ConfUtils.java:logGet(44)) - raft.grpc.server.leader.outstanding.appends.max = 128 (default)
2020-06-11 20:47:14,575 [omNode-1@group-523986131536-LeaderElection22] INFO  server.RaftServerConfigKeys (ConfUtils.java:logGet(44)) - raft.server.rpc.request.timeout = 3000ms (default)
2020-06-11 20:47:14,575 [omNode-1@group-523986131536-LeaderElection22] INFO  server.RaftServerConfigKeys (ConfUtils.java:logGet(44)) - raft.server.log.appender.install.snapshot.enabled = false (custom)
2020-06-11 20:47:14,575 [omNode-1@group-523986131536-LeaderElection22] INFO  metrics.RatisMetrics (RatisMetrics.java:lambda$create$0(36)) - Creating Metrics Registry : ratis_grpc.log_appender.omNode-1@group-523986131536
2020-06-11 20:47:14,576 [omNode-1@group-523986131536-LeaderElection22] INFO  server.RaftServerConfigKeys (ConfUtils.java:logGet(44)) - raft.server.log.appender.snapshot.chunk.size.max = 16MB (=16777216) (default)
2020-06-11 20:47:14,576 [omNode-1@group-523986131536-LeaderElection22] INFO  server.RaftServerConfigKeys (ConfUtils.java:logGet(44)) - raft.server.log.appender.buffer.byte-limit = 33554432 (custom)
2020-06-11 20:47:14,576 [omNode-1@group-523986131536-LeaderElection22] INFO  server.RaftServerConfigKeys (ConfUtils.java:logGet(44)) - raft.server.log.appender.buffer.element-limit = 1024 (custom)
2020-06-11 20:47:14,577 [omNode-1@group-523986131536-LeaderElection22] INFO  grpc.GrpcConfigKeys (ConfUtils.java:logGet(44)) - raft.grpc.server.leader.outstanding.appends.max = 128 (default)
2020-06-11 20:47:14,578 [grpc-default-executor-2] INFO  impl.RaftServerImpl (RaftServerImpl.java:setRole(175)) - omNode-3@group-523986131536: changes role from  FOLLOWER to FOLLOWER at term 1 for recognizeCandidate:omNode-1
2020-06-11 20:47:14,578 [grpc-default-executor-2] INFO  impl.RoleInfo (RoleInfo.java:shutdownFollowerState(121)) - omNode-3: shutdown FollowerState
2020-06-11 20:47:14,578 [grpc-default-executor-2] INFO  impl.RoleInfo (RoleInfo.java:updateAndGet(143)) - omNode-3: start FollowerState
2020-06-11 20:47:14,578 [omNode-1@group-523986131536-LeaderElection22] INFO  server.RaftServerConfigKeys (ConfUtils.java:logGet(44)) - raft.server.rpc.request.timeout = 3000ms (default)
2020-06-11 20:47:14,578 [Thread-1580] INFO  impl.FollowerState (FollowerState.java:run(117)) - omNode-3@group-523986131536-FollowerState was interrupted: java.lang.InterruptedException: sleep interrupted
2020-06-11 20:47:14,579 [grpc-default-executor-2] INFO  ratis.OzoneManagerStateMachine (OzoneManagerStateMachine.java:getLatestSnapshot(147)) - Latest Snapshot Info 0#-1
2020-06-11 20:47:14,578 [omNode-1@group-523986131536-LeaderElection22] INFO  server.RaftServerConfigKeys (ConfUtils.java:logGet(44)) - raft.server.log.appender.install.snapshot.enabled = false (custom)
2020-06-11 20:47:14,581 [omNode-1@group-523986131536-LeaderElection22] INFO  impl.RoleInfo (RoleInfo.java:updateAndGet(143)) - omNode-1: start LeaderState
2020-06-11 20:47:14,581 [omNode-1@group-523986131536-LeaderElection22] INFO  segmented.SegmentedRaftLogWorker (SegmentedRaftLogWorker.java:startLogSegment(397)) - omNode-1@group-523986131536-SegmentedRaftLogWorker: Starting segment from index:0
2020-06-11 20:47:14,589 [omNode-1@group-523986131536-SegmentedRaftLogWorker] INFO  segmented.SegmentedRaftLogWorker (SegmentedRaftLogWorker.java:execute(596)) - omNode-1@group-523986131536-SegmentedRaftLogWorker: created new log segment /github/workspace/mnt/ozone/hadoop-ozone/integration-test/target/test-dir/MiniOzoneClusterImpl-1edd6e2e-9508-44e8-b6bf-1bcd4789e4cf/omNode-1/ratis/c9bc4cf4-3bc3-3c60-a66b-523986131536/current/log_inprogress_0
2020-06-11 20:47:14,590 [omNode-1@group-523986131536-LeaderElection22] INFO  impl.RaftServerImpl (ServerState.java:setRaftConf(356)) - omNode-1@group-523986131536: set configuration 0: [omNode-3:localhost:11440, omNode-1:localhost:11428, omNode-2:localhost:11434], old=null at 0
2020-06-11 20:47:14,595 [grpc-default-executor-2] INFO  impl.RaftServerImpl (ServerState.java:setLeader(255)) - omNode-2@group-523986131536: change Leader from null to omNode-1 at term 1 for appendEntries, leader elected after 969ms
2020-06-11 20:47:14,599 [grpc-default-executor-0] INFO  impl.RaftServerImpl (ServerState.java:setLeader(255)) - omNode-3@group-523986131536: change Leader from null to omNode-1 at term 1 for appendEntries, leader elected after 838ms
2020-06-11 20:47:14,600 [grpc-default-executor-0] INFO  ratis.OzoneManagerStateMachine (OzoneManagerStateMachine.java:getLatestSnapshot(147)) - Latest Snapshot Info 0#-1
2020-06-11 20:47:14,600 [grpc-default-executor-0] INFO  impl.RaftServerImpl (ServerState.java:setRaftConf(356)) - omNode-3@group-523986131536: set configuration 0: [omNode-3:localhost:11440, omNode-1:localhost:11428, omNode-2:localhost:11434], old=null at 0
2020-06-11 20:47:14,600 [grpc-default-executor-4] INFO  ratis.OzoneManagerStateMachine (OzoneManagerStateMachine.java:getLatestSnapshot(147)) - Latest Snapshot Info 0#-1
2020-06-11 20:47:14,601 [grpc-default-executor-4] INFO  impl.RaftServerImpl (ServerState.java:setRaftConf(356)) - omNode-2@group-523986131536: set configuration 0: [omNode-3:localhost:11440, omNode-1:localhost:11428, omNode-2:localhost:11434], old=null at 0
2020-06-11 20:47:14,602 [grpc-default-executor-0] INFO  segmented.SegmentedRaftLogWorker (SegmentedRaftLogWorker.java:startLogSegment(397)) - omNode-3@group-523986131536-SegmentedRaftLogWorker: Starting segment from index:0
2020-06-11 20:47:14,602 [grpc-default-executor-4] INFO  segmented.SegmentedRaftLogWorker (SegmentedRaftLogWorker.java:startLogSegment(397)) - omNode-2@group-523986131536-SegmentedRaftLogWorker: Starting segment from index:0
2020-06-11 20:47:14,604 [omNode-3@group-523986131536-SegmentedRaftLogWorker] INFO  segmented.SegmentedRaftLogWorker (SegmentedRaftLogWorker.java:execute(596)) - omNode-3@group-523986131536-SegmentedRaftLogWorker: created new log segment /github/workspace/mnt/ozone/hadoop-ozone/integration-test/target/test-dir/MiniOzoneClusterImpl-1edd6e2e-9508-44e8-b6bf-1bcd4789e4cf/omNode-3/ratis/c9bc4cf4-3bc3-3c60-a66b-523986131536/current/log_inprogress_0
2020-06-11 20:47:14,604 [omNode-2@group-523986131536-SegmentedRaftLogWorker] INFO  segmented.SegmentedRaftLogWorker (SegmentedRaftLogWorker.java:execute(596)) - omNode-2@group-523986131536-SegmentedRaftLogWorker: created new log segment /github/workspace/mnt/ozone/hadoop-ozone/integration-test/target/test-dir/MiniOzoneClusterImpl-1edd6e2e-9508-44e8-b6bf-1bcd4789e4cf/omNode-2/ratis/c9bc4cf4-3bc3-3c60-a66b-523986131536/current/log_inprogress_0
2020-06-11 20:47:15,053 [Listener at 127.0.0.1/11436] INFO  ozone.MiniOzoneClusterImpl (MiniOzoneClusterImpl.java:lambda$waitForClusterToBeReady$0(177)) - Waiting for nodes to be ready. Got 0 of 3 DN Heartbeats.
2020-06-11 20:47:15,053 [Listener at 127.0.0.1/11436] INFO  ozone.MiniOzoneClusterImpl (MiniOzoneClusterImpl.java:lambda$waitForClusterToBeReady$0(180)) - Waiting for cluster to exit safe mode
2020-06-11 20:47:15,108 [grpc-default-executor-0] INFO  ratis.OzoneManagerStateMachine (OzoneManagerStateMachine.java:getLatestSnapshot(147)) - Latest Snapshot Info 0#-1
2020-06-11 20:47:15,108 [grpc-default-executor-4] INFO  ratis.OzoneManagerStateMachine (OzoneManagerStateMachine.java:getLatestSnapshot(147)) - Latest Snapshot Info 0#-1
2020-06-11 20:47:15,610 [grpc-default-executor-0] INFO  ratis.OzoneManagerStateMachine (OzoneManagerStateMachine.java:getLatestSnapshot(147)) - Latest Snapshot Info 0#-1
2020-06-11 20:47:15,611 [grpc-default-executor-4] INFO  ratis.OzoneManagerStateMachine (OzoneManagerStateMachine.java:getLatestSnapshot(147)) - Latest Snapshot Info 0#-1
2020-06-11 20:47:15,936 [Datanode State Machine Thread - 0] INFO  ozoneimpl.OzoneContainer (OzoneContainer.java:start(232)) - Attempting to start container services.
2020-06-11 20:47:15,936 [Datanode State Machine Thread - 0] INFO  ozoneimpl.OzoneContainer (OzoneContainer.java:startContainerScrub(196)) - Background container scanner has been disabled.
2020-06-11 20:47:15,937 [Datanode State Machine Thread - 0] INFO  ratis.XceiverServerRatis (XceiverServerRatis.java:start(425)) - Starting XceiverServerRatis 52af0a34-bf0e-42df-b18d-b37a8c27e7c4 at port 0
2020-06-11 20:47:15,945 [Datanode State Machine Thread - 0] INFO  impl.RaftServerProxy (RaftServerProxy.java:lambda$start$3(304)) - 52af0a34-bf0e-42df-b18d-b37a8c27e7c4: start RPC server
2020-06-11 20:47:15,945 [Datanode State Machine Thread - 0] INFO  server.GrpcService (GrpcService.java:startImpl(160)) - 52af0a34-bf0e-42df-b18d-b37a8c27e7c4: GrpcService started, listening on 0.0.0.0/0.0.0.0:45795
2020-06-11 20:47:15,946 [Datanode State Machine Thread - 0] INFO  ratis.XceiverServerRatis (XceiverServerRatis.java:start(437)) - XceiverServerRatis 52af0a34-bf0e-42df-b18d-b37a8c27e7c4 is started using port 45795
2020-06-11 20:47:15,946 [Datanode State Machine Thread - 0] INFO  server.XceiverServerGrpc (XceiverServerGrpc.java:start(145)) - XceiverServerGrpc 52af0a34-bf0e-42df-b18d-b37a8c27e7c4 is started using port 46107
2020-06-11 20:47:16,013 [Datanode State Machine Thread - 0] INFO  ozoneimpl.OzoneContainer (OzoneContainer.java:start(232)) - Attempting to start container services.
2020-06-11 20:47:16,013 [Datanode State Machine Thread - 0] INFO  ozoneimpl.OzoneContainer (OzoneContainer.java:startContainerScrub(196)) - Background container scanner has been disabled.
2020-06-11 20:47:16,013 [Datanode State Machine Thread - 0] INFO  ratis.XceiverServerRatis (XceiverServerRatis.java:start(425)) - Starting XceiverServerRatis 151e5581-bdfa-4d31-9efc-bf6934df9aa9 at port 0
2020-06-11 20:47:16,014 [Datanode State Machine Thread - 0] INFO  impl.RaftServerProxy (RaftServerProxy.java:lambda$start$3(304)) - 151e5581-bdfa-4d31-9efc-bf6934df9aa9: start RPC server
2020-06-11 20:47:16,014 [Datanode State Machine Thread - 0] INFO  server.GrpcService (GrpcService.java:startImpl(160)) - 151e5581-bdfa-4d31-9efc-bf6934df9aa9: GrpcService started, listening on 0.0.0.0/0.0.0.0:35997
2020-06-11 20:47:16,015 [Datanode State Machine Thread - 0] INFO  ratis.XceiverServerRatis (XceiverServerRatis.java:start(437)) - XceiverServerRatis 151e5581-bdfa-4d31-9efc-bf6934df9aa9 is started using port 35997
2020-06-11 20:47:16,015 [Datanode State Machine Thread - 0] INFO  server.XceiverServerGrpc (XceiverServerGrpc.java:start(145)) - XceiverServerGrpc 151e5581-bdfa-4d31-9efc-bf6934df9aa9 is started using port 45547
2020-06-11 20:47:16,300 [Listener at 127.0.0.1/11436] INFO  ozone.MiniOzoneClusterImpl (MiniOzoneClusterImpl.java:lambda$waitForClusterToBeReady$0(177)) - Waiting for nodes to be ready. Got 0 of 3 DN Heartbeats.
2020-06-11 20:47:16,300 [Listener at 127.0.0.1/11436] INFO  ozone.MiniOzoneClusterImpl (MiniOzoneClusterImpl.java:lambda$waitForClusterToBeReady$0(180)) - Waiting for cluster to exit safe mode
2020-06-11 20:47:16,303 [grpc-default-executor-4] INFO  ratis.OzoneManagerStateMachine (OzoneManagerStateMachine.java:getLatestSnapshot(147)) - Latest Snapshot Info 0#-1
2020-06-11 20:47:16,305 [grpc-default-executor-0] INFO  ratis.OzoneManagerStateMachine (OzoneManagerStateMachine.java:getLatestSnapshot(147)) - Latest Snapshot Info 0#-1
2020-06-11 20:47:16,308 [Datanode State Machine Thread - 0] INFO  ozoneimpl.OzoneContainer (OzoneContainer.java:start(232)) - Attempting to start container services.
2020-06-11 20:47:16,309 [Datanode State Machine Thread - 0] INFO  ozoneimpl.OzoneContainer (OzoneContainer.java:startContainerScrub(196)) - Background container scanner has been disabled.
2020-06-11 20:47:16,309 [Datanode State Machine Thread - 0] INFO  ratis.XceiverServerRatis (XceiverServerRatis.java:start(425)) - Starting XceiverServerRatis b4a143ff-7c15-486f-80ea-22f5decb605d at port 0
2020-06-11 20:47:16,318 [Datanode State Machine Thread - 0] INFO  impl.RaftServerProxy (RaftServerProxy.java:lambda$start$3(304)) - b4a143ff-7c15-486f-80ea-22f5decb605d: start RPC server
2020-06-11 20:47:16,319 [Datanode State Machine Thread - 0] INFO  server.GrpcService (GrpcService.java:startImpl(160)) - b4a143ff-7c15-486f-80ea-22f5decb605d: GrpcService started, listening on 0.0.0.0/0.0.0.0:34853
2020-06-11 20:47:16,319 [Datanode State Machine Thread - 0] INFO  ratis.XceiverServerRatis (XceiverServerRatis.java:start(437)) - XceiverServerRatis b4a143ff-7c15-486f-80ea-22f5decb605d is started using port 34853
2020-06-11 20:47:16,323 [Datanode State Machine Thread - 0] INFO  server.XceiverServerGrpc (XceiverServerGrpc.java:start(145)) - XceiverServerGrpc b4a143ff-7c15-486f-80ea-22f5decb605d is started using port 37893
2020-06-11 20:47:16,829 [grpc-default-executor-0] INFO  ratis.OzoneManagerStateMachine (OzoneManagerStateMachine.java:getLatestSnapshot(147)) - Latest Snapshot Info 0#-1
2020-06-11 20:47:16,829 [grpc-default-executor-4] INFO  ratis.OzoneManagerStateMachine (OzoneManagerStateMachine.java:getLatestSnapshot(147)) - Latest Snapshot Info 0#-1
2020-06-11 20:47:17,300 [Listener at 127.0.0.1/11436] INFO  ozone.MiniOzoneClusterImpl (MiniOzoneClusterImpl.java:lambda$waitForClusterToBeReady$0(177)) - Waiting for nodes to be ready. Got 0 of 3 DN Heartbeats.
2020-06-11 20:47:17,300 [Listener at 127.0.0.1/11436] INFO  ozone.MiniOzoneClusterImpl (MiniOzoneClusterImpl.java:lambda$waitForClusterToBeReady$0(180)) - Waiting for cluster to exit safe mode
2020-06-11 20:47:17,332 [grpc-default-executor-0] INFO  ratis.OzoneManagerStateMachine (OzoneManagerStateMachine.java:getLatestSnapshot(147)) - Latest Snapshot Info 0#-1
2020-06-11 20:47:17,333 [grpc-default-executor-4] INFO  ratis.OzoneManagerStateMachine (OzoneManagerStateMachine.java:getLatestSnapshot(147)) - Latest Snapshot Info 0#-1
2020-06-11 20:47:17,835 [grpc-default-executor-4] INFO  ratis.OzoneManagerStateMachine (OzoneManagerStateMachine.java:getLatestSnapshot(147)) - Latest Snapshot Info 0#-1
2020-06-11 20:47:17,835 [grpc-default-executor-4] INFO  ratis.OzoneManagerStateMachine (OzoneManagerStateMachine.java:getLatestSnapshot(147)) - Latest Snapshot Info 0#-1
2020-06-11 20:47:17,931 [IPC Server handler 1 on default port 46427] INFO  net.NetworkTopology (NetworkTopologyImpl.java:add(111)) - Added a new node: /default-rack/52af0a34-bf0e-42df-b18d-b37a8c27e7c4
2020-06-11 20:47:17,931 [IPC Server handler 1 on default port 46427] INFO  node.SCMNodeManager (SCMNodeManager.java:register(268)) - Registered Data node : 52af0a34-bf0e-42df-b18d-b37a8c27e7c4{ip: 172.17.0.2, host: 4413dbf4d9a4, networkLocation: /default-rack, certSerialId: null}
2020-06-11 20:47:17,932 [RatisPipelineUtilsThread] INFO  pipeline.RatisPipelineProvider (RatisPipelineProvider.java:lambda$create$0(138)) - Sending CreatePipelineCommand for pipeline:PipelineID=2b10b51f-b6da-4e9a-8587-0efe0a522d66 to datanode:52af0a34-bf0e-42df-b18d-b37a8c27e7c4
2020-06-11 20:47:17,932 [EventQueue-NodeRegistrationContainerReportForContainerSafeModeRule] INFO  safemode.SCMSafeModeManager (SCMSafeModeManager.java:validateSafeModeExitRules(213)) - ContainerSafeModeRule rule is successfully validated
2020-06-11 20:47:17,933 [EventQueue-NodeRegistrationContainerReportForDataNodeSafeModeRule] INFO  safemode.SCMSafeModeManager (DataNodeSafeModeRule.java:process(71)) - SCM in safe mode. 1 DataNodes registered, 1 required.
2020-06-11 20:47:17,938 [RatisPipelineUtilsThread] INFO  pipeline.PipelineStateManager (PipelineStateManager.java:addPipeline(54)) - Created pipeline Pipeline[ Id: 2b10b51f-b6da-4e9a-8587-0efe0a522d66, Nodes: 52af0a34-bf0e-42df-b18d-b37a8c27e7c4{ip: 172.17.0.2, host: 4413dbf4d9a4, networkLocation: /default-rack, certSerialId: null}, Type:RATIS, Factor:ONE, State:ALLOCATED, leaderId:, CreationTimestamp2020-06-11T20:47:17.932Z]
2020-06-11 20:47:17,938 [RatisPipelineUtilsThread] ERROR pipeline.SCMPipelineManager (SCMPipelineManager.java:createPipeline(222)) - Failed to create pipeline of type RATIS and factor ONE. Exception: Cannot create pipeline of factor 1 using 0 nodes. Used 1 nodes. Healthy nodes 1
2020-06-11 20:47:17,938 [EventQueue-NodeRegistrationContainerReportForDataNodeSafeModeRule] INFO  safemode.SCMSafeModeManager (SCMSafeModeManager.java:validateSafeModeExitRules(213)) - DataNodeSafeModeRule rule is successfully validated
2020-06-11 20:47:17,938 [EventQueue-NodeRegistrationContainerReportForDataNodeSafeModeRule] INFO  safemode.SCMSafeModeManager (SCMSafeModeManager.java:completePreCheck(241)) - All SCM safe mode pre check rules have passed
2020-06-11 20:47:17,938 [RatisPipelineUtilsThread] ERROR pipeline.SCMPipelineManager (SCMPipelineManager.java:createPipeline(222)) - Failed to create pipeline of type RATIS and factor ONE. Exception: Cannot create pipeline of factor 1 using 0 nodes. Used 1 nodes. Healthy nodes 1
2020-06-11 20:47:17,938 [RatisPipelineUtilsThread] WARN  pipeline.PipelinePlacementPolicy (PipelinePlacementPolicy.java:filterViableNodes(133)) - Pipeline creation failed due to no sufficient healthy datanodes. Required 3. Found 1.
2020-06-11 20:47:17,939 [RatisPipelineUtilsThread] ERROR pipeline.SCMPipelineManager (SCMPipelineManager.java:createPipeline(222)) - Failed to create pipeline of type RATIS and factor THREE. Exception: Pipeline creation failed due to no sufficient healthy datanodes. Required 3. Found 1.
2020-06-11 20:47:18,009 [IPC Server handler 3 on default port 46427] INFO  net.NetworkTopology (NetworkTopologyImpl.java:add(111)) - Added a new node: /default-rack/151e5581-bdfa-4d31-9efc-bf6934df9aa9
2020-06-11 20:47:18,010 [IPC Server handler 3 on default port 46427] INFO  node.SCMNodeManager (SCMNodeManager.java:register(268)) - Registered Data node : 151e5581-bdfa-4d31-9efc-bf6934df9aa9{ip: 172.17.0.2, host: 4413dbf4d9a4, networkLocation: /default-rack, certSerialId: null}
2020-06-11 20:47:18,011 [EventQueue-NodeRegistrationContainerReportForDataNodeSafeModeRule] INFO  safemode.SCMSafeModeManager (SCMSafeModeManager.java:validateSafeModeExitRules(213)) - DataNodeSafeModeRule rule is successfully validated
2020-06-11 20:47:18,011 [EventQueue-NodeRegistrationContainerReportForContainerSafeModeRule] INFO  safemode.SCMSafeModeManager (SCMSafeModeManager.java:validateSafeModeExitRules(213)) - ContainerSafeModeRule rule is successfully validated
2020-06-11 20:47:18,011 [RatisPipelineUtilsThread] INFO  pipeline.RatisPipelineProvider (RatisPipelineProvider.java:lambda$create$0(138)) - Sending CreatePipelineCommand for pipeline:PipelineID=b20f5803-9f36-4e7a-bff1-4a0ae234db48 to datanode:151e5581-bdfa-4d31-9efc-bf6934df9aa9
2020-06-11 20:47:18,012 [RatisPipelineUtilsThread] INFO  pipeline.PipelineStateManager (PipelineStateManager.java:addPipeline(54)) - Created pipeline Pipeline[ Id: b20f5803-9f36-4e7a-bff1-4a0ae234db48, Nodes: 151e5581-bdfa-4d31-9efc-bf6934df9aa9{ip: 172.17.0.2, host: 4413dbf4d9a4, networkLocation: /default-rack, certSerialId: null}, Type:RATIS, Factor:ONE, State:ALLOCATED, leaderId:, CreationTimestamp2020-06-11T20:47:18.011Z]
2020-06-11 20:47:18,012 [RatisPipelineUtilsThread] ERROR pipeline.SCMPipelineManager (SCMPipelineManager.java:createPipeline(222)) - Failed to create pipeline of type RATIS and factor ONE. Exception: Cannot create pipeline of factor 1 using 0 nodes. Used 2 nodes. Healthy nodes 2
2020-06-11 20:47:18,013 [RatisPipelineUtilsThread] WARN  pipeline.PipelinePlacementPolicy (PipelinePlacementPolicy.java:filterViableNodes(133)) - Pipeline creation failed due to no sufficient healthy datanodes. Required 3. Found 2.
2020-06-11 20:47:18,013 [RatisPipelineUtilsThread] ERROR pipeline.SCMPipelineManager (SCMPipelineManager.java:createPipeline(222)) - Failed to create pipeline of type RATIS and factor THREE. Exception: Pipeline creation failed due to no sufficient healthy datanodes. Required 3. Found 2.
2020-06-11 20:47:18,300 [IPC Server handler 2 on default port 46427] INFO  net.NetworkTopology (NetworkTopologyImpl.java:add(111)) - Added a new node: /default-rack/b4a143ff-7c15-486f-80ea-22f5decb605d
2020-06-11 20:47:18,301 [IPC Server handler 2 on default port 46427] INFO  node.SCMNodeManager (SCMNodeManager.java:register(268)) - Registered Data node : b4a143ff-7c15-486f-80ea-22f5decb605d{ip: 172.17.0.2, host: 4413dbf4d9a4, networkLocation: /default-rack, certSerialId: null}
2020-06-11 20:47:18,301 [EventQueue-NodeRegistrationContainerReportForContainerSafeModeRule] INFO  safemode.SCMSafeModeManager (SCMSafeModeManager.java:validateSafeModeExitRules(213)) - ContainerSafeModeRule rule is successfully validated
2020-06-11 20:47:18,301 [RatisPipelineUtilsThread] INFO  pipeline.RatisPipelineProvider (RatisPipelineProvider.java:lambda$create$0(138)) - Sending CreatePipelineCommand for pipeline:PipelineID=15341fcf-b182-4cf8-b111-9a1883d60c20 to datanode:b4a143ff-7c15-486f-80ea-22f5decb605d
2020-06-11 20:47:18,301 [EventQueue-NodeRegistrationContainerReportForDataNodeSafeModeRule] INFO  safemode.SCMSafeModeManager (SCMSafeModeManager.java:validateSafeModeExitRules(213)) - DataNodeSafeModeRule rule is successfully validated
2020-06-11 20:47:18,301 [Listener at 127.0.0.1/11436] INFO  ozone.MiniOzoneClusterImpl (MiniOzoneClusterImpl.java:lambda$waitForClusterToBeReady$0(177)) - Nodes are ready. Got 3 of 3 DN Heartbeats.
2020-06-11 20:47:18,302 [Listener at 127.0.0.1/11436] INFO  ozone.MiniOzoneClusterImpl (MiniOzoneClusterImpl.java:lambda$waitForClusterToBeReady$0(180)) - Waiting for cluster to exit safe mode
2020-06-11 20:47:18,302 [RatisPipelineUtilsThread] INFO  pipeline.PipelineStateManager (PipelineStateManager.java:addPipeline(54)) - Created pipeline Pipeline[ Id: 15341fcf-b182-4cf8-b111-9a1883d60c20, Nodes: b4a143ff-7c15-486f-80ea-22f5decb605d{ip: 172.17.0.2, host: 4413dbf4d9a4, networkLocation: /default-rack, certSerialId: null}, Type:RATIS, Factor:ONE, State:ALLOCATED, leaderId:, CreationTimestamp2020-06-11T20:47:18.301Z]
2020-06-11 20:47:18,303 [RatisPipelineUtilsThread] ERROR pipeline.SCMPipelineManager (SCMPipelineManager.java:createPipeline(222)) - Failed to create pipeline of type RATIS and factor ONE. Exception: Cannot create pipeline of factor 1 using 0 nodes. Used 3 nodes. Healthy nodes 3
2020-06-11 20:47:18,303 [RatisPipelineUtilsThread] INFO  pipeline.RatisPipelineProvider (RatisPipelineProvider.java:lambda$create$0(138)) - Sending CreatePipelineCommand for pipeline:PipelineID=40d843be-a86a-44da-b46d-39baee5a5448 to datanode:151e5581-bdfa-4d31-9efc-bf6934df9aa9
2020-06-11 20:47:18,304 [RatisPipelineUtilsThread] INFO  pipeline.RatisPipelineProvider (RatisPipelineProvider.java:lambda$create$0(138)) - Sending CreatePipelineCommand for pipeline:PipelineID=40d843be-a86a-44da-b46d-39baee5a5448 to datanode:b4a143ff-7c15-486f-80ea-22f5decb605d
2020-06-11 20:47:18,304 [RatisPipelineUtilsThread] INFO  pipeline.RatisPipelineProvider (RatisPipelineProvider.java:lambda$create$0(138)) - Sending CreatePipelineCommand for pipeline:PipelineID=40d843be-a86a-44da-b46d-39baee5a5448 to datanode:52af0a34-bf0e-42df-b18d-b37a8c27e7c4
2020-06-11 20:47:18,304 [RatisPipelineUtilsThread] INFO  pipeline.PipelineStateManager (PipelineStateManager.java:addPipeline(54)) - Created pipeline Pipeline[ Id: 40d843be-a86a-44da-b46d-39baee5a5448, Nodes: 151e5581-bdfa-4d31-9efc-bf6934df9aa9{ip: 172.17.0.2, host: 4413dbf4d9a4, networkLocation: /default-rack, certSerialId: null}b4a143ff-7c15-486f-80ea-22f5decb605d{ip: 172.17.0.2, host: 4413dbf4d9a4, networkLocation: /default-rack, certSerialId: null}52af0a34-bf0e-42df-b18d-b37a8c27e7c4{ip: 172.17.0.2, host: 4413dbf4d9a4, networkLocation: /default-rack, certSerialId: null}, Type:RATIS, Factor:THREE, State:ALLOCATED, leaderId:, CreationTimestamp2020-06-11T20:47:18.303Z]
2020-06-11 20:47:18,304 [RatisPipelineUtilsThread] ERROR pipeline.SCMPipelineManager (SCMPipelineManager.java:createPipeline(222)) - Failed to create pipeline of type RATIS and factor THREE. Exception: Pipeline creation failed because nodes are engaged in other pipelines and every node can only be engaged in max 2 pipelines. Required 3. Found 0
2020-06-11 20:47:18,337 [grpc-default-executor-4] INFO  ratis.OzoneManagerStateMachine (OzoneManagerStateMachine.java:getLatestSnapshot(147)) - Latest Snapshot Info 0#-1
2020-06-11 20:47:18,340 [grpc-default-executor-0] INFO  ratis.OzoneManagerStateMachine (OzoneManagerStateMachine.java:getLatestSnapshot(147)) - Latest Snapshot Info 0#-1
2020-06-11 20:47:18,844 [grpc-default-executor-0] INFO  ratis.OzoneManagerStateMachine (OzoneManagerStateMachine.java:getLatestSnapshot(147)) - Latest Snapshot Info 0#-1
2020-06-11 20:47:18,844 [grpc-default-executor-4] INFO  ratis.OzoneManagerStateMachine (OzoneManagerStateMachine.java:getLatestSnapshot(147)) - Latest Snapshot Info 0#-1
2020-06-11 20:47:19,302 [Listener at 127.0.0.1/11436] INFO  ozone.MiniOzoneClusterImpl (MiniOzoneClusterImpl.java:lambda$waitForClusterToBeReady$0(177)) - Nodes are ready. Got 3 of 3 DN Heartbeats.
2020-06-11 20:47:19,302 [Listener at 127.0.0.1/11436] INFO  ozone.MiniOzoneClusterImpl (MiniOzoneClusterImpl.java:lambda$waitForClusterToBeReady$0(180)) - Waiting for cluster to exit safe mode
2020-06-11 20:47:19,347 [grpc-default-executor-4] INFO  ratis.OzoneManagerStateMachine (OzoneManagerStateMachine.java:getLatestSnapshot(147)) - Latest Snapshot Info 0#-1
2020-06-11 20:47:19,348 [grpc-default-executor-0] INFO  ratis.OzoneManagerStateMachine (OzoneManagerStateMachine.java:getLatestSnapshot(147)) - Latest Snapshot Info 0#-1
2020-06-11 20:47:19,849 [grpc-default-executor-0] INFO  ratis.OzoneManagerStateMachine (OzoneManagerStateMachine.java:getLatestSnapshot(147)) - Latest Snapshot Info 0#-1
2020-06-11 20:47:19,850 [grpc-default-executor-0] INFO  ratis.OzoneManagerStateMachine (OzoneManagerStateMachine.java:getLatestSnapshot(147)) - Latest Snapshot Info 0#-1
2020-06-11 20:47:20,302 [Listener at 127.0.0.1/11436] INFO  ozone.MiniOzoneClusterImpl (MiniOzoneClusterImpl.java:lambda$waitForClusterToBeReady$0(177)) - Nodes are ready. Got 3 of 3 DN Heartbeats.
2020-06-11 20:47:20,302 [Listener at 127.0.0.1/11436] INFO  ozone.MiniOzoneClusterImpl (MiniOzoneClusterImpl.java:lambda$waitForClusterToBeReady$0(180)) - Waiting for cluster to exit safe mode
2020-06-11 20:47:20,352 [grpc-default-executor-0] INFO  ratis.OzoneManagerStateMachine (OzoneManagerStateMachine.java:getLatestSnapshot(147)) - Latest Snapshot Info 0#-1
2020-06-11 20:47:20,352 [grpc-default-executor-4] INFO  ratis.OzoneManagerStateMachine (OzoneManagerStateMachine.java:getLatestSnapshot(147)) - Latest Snapshot Info 0#-1
2020-06-11 20:47:20,854 [grpc-default-executor-4] INFO  ratis.OzoneManagerStateMachine (OzoneManagerStateMachine.java:getLatestSnapshot(147)) - Latest Snapshot Info 0#-1
2020-06-11 20:47:20,854 [grpc-default-executor-0] INFO  ratis.OzoneManagerStateMachine (OzoneManagerStateMachine.java:getLatestSnapshot(147)) - Latest Snapshot Info 0#-1
2020-06-11 20:47:20,930 [Command processor thread] INFO  impl.RaftServerProxy (RaftServerProxy.java:addNew(89)) - 52af0a34-bf0e-42df-b18d-b37a8c27e7c4: addNew group-0EFE0A522D66:[52af0a34-bf0e-42df-b18d-b37a8c27e7c4:172.17.0.2:45795] returns group-0EFE0A522D66:java.util.concurrent.CompletableFuture@3804f08[Not completed]
2020-06-11 20:47:20,932 [pool-428-thread-1] INFO  impl.RaftServerImpl (RaftServerImpl.java:<init>(99)) - 52af0a34-bf0e-42df-b18d-b37a8c27e7c4: new RaftServerImpl for group-0EFE0A522D66:[52af0a34-bf0e-42df-b18d-b37a8c27e7c4:172.17.0.2:45795] with ContainerStateMachine:uninitialized
2020-06-11 20:47:20,932 [pool-428-thread-1] INFO  server.RaftServerConfigKeys (ConfUtils.java:logGet(44)) - raft.server.rpc.timeout.min = 5s (custom)
2020-06-11 20:47:20,933 [pool-428-thread-1] INFO  server.RaftServerConfigKeys (ConfUtils.java:logGet(44)) - raft.server.rpc.timeout.max = 5200ms (custom)
2020-06-11 20:47:20,933 [pool-428-thread-1] INFO  server.RaftServerConfigKeys (ConfUtils.java:logGet(44)) - raft.server.rpcslowness.timeout = 300s (custom)
2020-06-11 20:47:20,933 [pool-428-thread-1] INFO  server.RaftServerConfigKeys (ConfUtils.java:logGet(44)) - raft.server.sleep.deviation.threshold = 300 (default)
2020-06-11 20:47:20,933 [pool-428-thread-1] INFO  server.RaftServerConfigKeys (ConfUtils.java:logGet(44)) - raft.server.log.appender.install.snapshot.enabled = false (custom)
2020-06-11 20:47:20,933 [pool-428-thread-1] INFO  impl.RaftServerImpl (ServerState.java:<init>(103)) - 52af0a34-bf0e-42df-b18d-b37a8c27e7c4@group-0EFE0A522D66: ConfigurationManager, init=-1: [52af0a34-bf0e-42df-b18d-b37a8c27e7c4:172.17.0.2:45795], old=null, confs=<EMPTY_MAP>
2020-06-11 20:47:20,933 [pool-428-thread-1] INFO  server.RaftServerConfigKeys (ConfUtils.java:logGet(44)) - raft.server.storage.dir = [/github/workspace/mnt/ozone/hadoop-ozone/integration-test/target/test-dir/MiniOzoneClusterImpl-1edd6e2e-9508-44e8-b6bf-1bcd4789e4cf/datanode-0/data/ratis] (custom)
2020-06-11 20:47:20,934 [pool-428-thread-1] INFO  server.RaftServerConfigKeys (ConfUtils.java:logGet(44)) - raft.server.log.corruption.policy = EXCEPTION (default)
2020-06-11 20:47:20,934 [pool-428-thread-1] INFO  storage.RaftStorageDirectory (RaftStorageDirectory.java:analyzeStorage(261)) - The storage directory /github/workspace/mnt/ozone/hadoop-ozone/integration-test/target/test-dir/MiniOzoneClusterImpl-1edd6e2e-9508-44e8-b6bf-1bcd4789e4cf/datanode-0/data/ratis/2b10b51f-b6da-4e9a-8587-0efe0a522d66 does not exist. Creating ...
2020-06-11 20:47:20,937 [pool-428-thread-1] INFO  storage.RaftStorageDirectory (RaftStorageDirectory.java:tryLock(343)) - Lock on /github/workspace/mnt/ozone/hadoop-ozone/integration-test/target/test-dir/MiniOzoneClusterImpl-1edd6e2e-9508-44e8-b6bf-1bcd4789e4cf/datanode-0/data/ratis/2b10b51f-b6da-4e9a-8587-0efe0a522d66/in_use.lock acquired by nodename 3852@4413dbf4d9a4
2020-06-11 20:47:20,938 [pool-428-thread-1] INFO  storage.RaftStorage (RaftStorage.java:format(84)) - Storage directory /github/workspace/mnt/ozone/hadoop-ozone/integration-test/target/test-dir/MiniOzoneClusterImpl-1edd6e2e-9508-44e8-b6bf-1bcd4789e4cf/datanode-0/data/ratis/2b10b51f-b6da-4e9a-8587-0efe0a522d66 has been successfully formatted.
2020-06-11 20:47:20,940 [pool-428-thread-1] INFO  ratis.ContainerStateMachine (ContainerStateMachine.java:loadSnapshot(226)) - group-0EFE0A522D66: The snapshot info is null. Setting the last applied indexto:(t:0, i:~)
2020-06-11 20:47:20,940 [pool-428-thread-1] INFO  server.RaftServerConfigKeys (ConfUtils.java:logGet(44)) - raft.server.notification.no-leader.timeout = 60s (default)
2020-06-11 20:47:20,940 [pool-428-thread-1] INFO  server.RaftServerConfigKeys (ConfUtils.java:logGet(44)) - raft.server.log.use.memory = false (default)
2020-06-11 20:47:20,941 [EventQueue-PipelineReportForPipelineReportHandler] INFO  pipeline.PipelineStateManager (PipelineStateManager.java:openPipeline(131)) - Pipeline Pipeline[ Id: 2b10b51f-b6da-4e9a-8587-0efe0a522d66, Nodes: 52af0a34-bf0e-42df-b18d-b37a8c27e7c4{ip: 172.17.0.2, host: 4413dbf4d9a4, networkLocation: /default-rack, certSerialId: null}, Type:RATIS, Factor:ONE, State:ALLOCATED, leaderId:52af0a34-bf0e-42df-b18d-b37a8c27e7c4, CreationTimestamp2020-06-11T20:47:17.932Z] moved to OPEN state
2020-06-11 20:47:20,949 [pool-428-thread-1] INFO  server.RaftServerConfigKeys (ConfUtils.java:logGet(44)) - raft.server.log.purge.gap = 1000000 (custom)
2020-06-11 20:47:20,949 [pool-428-thread-1] INFO  server.RaftServerConfigKeys (ConfUtils.java:logGet(44)) - raft.server.log.appender.buffer.byte-limit = 33554432 (custom)
2020-06-11 20:47:20,949 [pool-428-thread-1] INFO  server.RaftServerConfigKeys (ConfUtils.java:logGet(44)) - raft.server.log.segment.size.max = 1048576 (custom)
2020-06-11 20:47:20,949 [EventQueue-OpenPipelineForHealthyPipelineSafeModeRule] INFO  safemode.SCMSafeModeManager (HealthyPipelineSafeModeRule.java:process(132)) - SCM in safe mode. Healthy pipelines reported count is 0, required healthy pipeline reported count is 1
2020-06-11 20:47:20,956 [EventQueue-OpenPipelineForOneReplicaPipelineSafeModeRule] INFO  safemode.SCMSafeModeManager (SCMSafeModeManager.java:validateSafeModeExitRules(213)) - AtleastOneDatanodeReportedRule rule is successfully validated
2020-06-11 20:47:20,949 [pool-428-thread-1] INFO  metrics.RatisMetrics (RatisMetrics.java:lambda$create$0(36)) - Creating Metrics Registry : ratis.log_worker.52af0a34-bf0e-42df-b18d-b37a8c27e7c4@group-0EFE0A522D66
2020-06-11 20:47:20,957 [pool-428-thread-1] INFO  server.RaftServerConfigKeys (ConfUtils.java:logGet(44)) - raft.server.log.segment.cache.num.max = 2 (custom)
2020-06-11 20:47:20,957 [pool-428-thread-1] INFO  segmented.SegmentedRaftLogWorker (SegmentedRaftLogWorker.java:<init>(180)) - new 52af0a34-bf0e-42df-b18d-b37a8c27e7c4@group-0EFE0A522D66-SegmentedRaftLogWorker for RaftStorage:Storage Directory /github/workspace/mnt/ozone/hadoop-ozone/integration-test/target/test-dir/MiniOzoneClusterImpl-1edd6e2e-9508-44e8-b6bf-1bcd4789e4cf/datanode-0/data/ratis/2b10b51f-b6da-4e9a-8587-0efe0a522d66
2020-06-11 20:47:20,957 [pool-428-thread-1] INFO  server.RaftServerConfigKeys (ConfUtils.java:logGet(44)) - raft.server.log.queue.byte-limit = 2147483647 (custom)
2020-06-11 20:47:20,957 [pool-428-thread-1] INFO  server.RaftServerConfigKeys (ConfUtils.java:logGet(44)) - raft.server.log.queue.element-limit = 1024 (custom)
2020-06-11 20:47:20,957 [pool-428-thread-1] INFO  server.RaftServerConfigKeys (ConfUtils.java:logGet(44)) - raft.server.log.segment.size.max = 1048576 (custom)
2020-06-11 20:47:20,957 [pool-428-thread-1] INFO  server.RaftServerConfigKeys (ConfUtils.java:logGet(44)) - raft.server.log.preallocated.size = 16384 (custom)
2020-06-11 20:47:20,957 [pool-428-thread-1] INFO  server.RaftServerConfigKeys (ConfUtils.java:logGet(44)) - raft.server.log.write.buffer.size = 1048576 (custom)
2020-06-11 20:47:20,957 [pool-428-thread-1] INFO  server.RaftServerConfigKeys (ConfUtils.java:logGet(44)) - raft.server.log.force.sync.num = 128 (default)
2020-06-11 20:47:20,957 [pool-428-thread-1] INFO  server.RaftServerConfigKeys (ConfUtils.java:logGet(44)) - raft.server.log.statemachine.data.sync = true (default)
2020-06-11 20:47:20,957 [pool-428-thread-1] INFO  server.RaftServerConfigKeys (ConfUtils.java:logGet(44)) - raft.server.log.statemachine.data.sync.timeout = 10s (default)
2020-06-11 20:47:20,957 [pool-428-thread-1] INFO  server.RaftServerConfigKeys (ConfUtils.java:logGet(44)) - raft.server.log.statemachine.data.sync.timeout.retry = -1 (default)
2020-06-11 20:47:20,959 [pool-428-thread-1] INFO  server.RaftServerConfigKeys (ConfUtils.java:logGet(44)) - raft.server.log.statemachine.data.caching.enabled = true (custom)
2020-06-11 20:47:20,960 [pool-428-thread-1] INFO  segmented.SegmentedRaftLogWorker (SegmentedRaftLogWorker.java:lambda$new$0(129)) - 52af0a34-bf0e-42df-b18d-b37a8c27e7c4@group-0EFE0A522D66-SegmentedRaftLogWorker: flushIndex: setUnconditionally 0 -> -1
2020-06-11 20:47:20,960 [pool-428-thread-1] INFO  segmented.SegmentedRaftLogWorker (SegmentedRaftLogWorker.java:lambda$new$0(129)) - 52af0a34-bf0e-42df-b18d-b37a8c27e7c4@group-0EFE0A522D66-SegmentedRaftLogWorker: safeCacheEvictIndex: setUnconditionally 0 -> -1
2020-06-11 20:47:20,960 [pool-428-thread-1] INFO  server.RaftServerConfigKeys (ConfUtils.java:logGet(44)) - raft.server.snapshot.auto.trigger.enabled = true (custom)
2020-06-11 20:47:20,960 [pool-428-thread-1] INFO  server.RaftServerConfigKeys (ConfUtils.java:logGet(44)) - raft.server.snapshot.auto.trigger.threshold = 10000 (custom)
2020-06-11 20:47:20,960 [pool-428-thread-1] INFO  server.RaftServerConfigKeys (ConfUtils.java:logGet(44)) - raft.server.snapshot.retention.file.num = 5 (custom)
2020-06-11 20:47:20,960 [pool-428-thread-1] INFO  server.RaftServerConfigKeys (ConfUtils.java:logGet(44)) - raft.server.log.purge.upto.snapshot.index = false (default)
2020-06-11 20:47:20,961 [pool-428-thread-1] INFO  server.RaftServerConfigKeys (ConfUtils.java:logGet(44)) - raft.server.retrycache.expirytime = 600000ms (custom)
2020-06-11 20:47:20,961 [pool-428-thread-1] INFO  metrics.RatisMetrics (RatisMetrics.java:lambda$create$0(36)) - Creating Metrics Registry : ratis.leader_election.52af0a34-bf0e-42df-b18d-b37a8c27e7c4@group-0EFE0A522D66
2020-06-11 20:47:20,961 [pool-428-thread-1] INFO  metrics.RatisMetrics (RatisMetrics.java:lambda$create$0(36)) - Creating Metrics Registry : ratis.server.52af0a34-bf0e-42df-b18d-b37a8c27e7c4@group-0EFE0A522D66
2020-06-11 20:47:20,962 [pool-428-thread-1] INFO  impl.RaftServerImpl (RaftServerImpl.java:start(186)) - 52af0a34-bf0e-42df-b18d-b37a8c27e7c4@group-0EFE0A522D66: start as a follower, conf=-1: [52af0a34-bf0e-42df-b18d-b37a8c27e7c4:172.17.0.2:45795], old=null
2020-06-11 20:47:20,962 [pool-428-thread-1] INFO  impl.RaftServerImpl (RaftServerImpl.java:setRole(175)) - 52af0a34-bf0e-42df-b18d-b37a8c27e7c4@group-0EFE0A522D66: changes role from      null to FOLLOWER at term 0 for startAsFollower
2020-06-11 20:47:20,962 [pool-428-thread-1] INFO  impl.RoleInfo (RoleInfo.java:updateAndGet(143)) - 52af0a34-bf0e-42df-b18d-b37a8c27e7c4: start FollowerState
2020-06-11 20:47:20,963 [pool-428-thread-1] INFO  util.JmxRegister (JmxRegister.java:tryRegister(44)) - Successfully registered JMX Bean with object name Ratis:service=RaftServer,group=group-0EFE0A522D66,id=52af0a34-bf0e-42df-b18d-b37a8c27e7c4
2020-06-11 20:47:20,963 [pool-428-thread-1] INFO  metrics.RatisMetrics (RatisMetrics.java:lambda$create$0(36)) - Creating Metrics Registry : ratis.state_machine.52af0a34-bf0e-42df-b18d-b37a8c27e7c4@group-0EFE0A522D66
2020-06-11 20:47:20,964 [Command processor thread] INFO  commandhandler.CreatePipelineCommandHandler (CreatePipelineCommandHandler.java:handle(109)) - Created Pipeline RATIS ONE #id: "2b10b51f-b6da-4e9a-8587-0efe0a522d66"
.
2020-06-11 20:47:20,964 [Command processor thread] INFO  impl.RaftServerProxy (RaftServerProxy.java:addNew(89)) - 52af0a34-bf0e-42df-b18d-b37a8c27e7c4: addNew group-39BAEE5A5448:[b4a143ff-7c15-486f-80ea-22f5decb605d:172.17.0.2:34853, 52af0a34-bf0e-42df-b18d-b37a8c27e7c4:172.17.0.2:45795, 151e5581-bdfa-4d31-9efc-bf6934df9aa9:172.17.0.2:35997] returns group-39BAEE5A5448:java.util.concurrent.CompletableFuture@7bfdba0[Not completed]
2020-06-11 20:47:20,965 [pool-428-thread-1] INFO  impl.RaftServerImpl (RaftServerImpl.java:<init>(99)) - 52af0a34-bf0e-42df-b18d-b37a8c27e7c4: new RaftServerImpl for group-39BAEE5A5448:[b4a143ff-7c15-486f-80ea-22f5decb605d:172.17.0.2:34853, 52af0a34-bf0e-42df-b18d-b37a8c27e7c4:172.17.0.2:45795, 151e5581-bdfa-4d31-9efc-bf6934df9aa9:172.17.0.2:35997] with ContainerStateMachine:uninitialized
2020-06-11 20:47:20,965 [pool-428-thread-1] INFO  server.RaftServerConfigKeys (ConfUtils.java:logGet(44)) - raft.server.rpc.timeout.min = 5s (custom)
2020-06-11 20:47:20,965 [pool-428-thread-1] INFO  server.RaftServerConfigKeys (ConfUtils.java:logGet(44)) - raft.server.rpc.timeout.max = 5200ms (custom)
2020-06-11 20:47:20,965 [pool-428-thread-1] INFO  server.RaftServerConfigKeys (ConfUtils.java:logGet(44)) - raft.server.rpcslowness.timeout = 300s (custom)
2020-06-11 20:47:20,965 [pool-428-thread-1] INFO  server.RaftServerConfigKeys (ConfUtils.java:logGet(44)) - raft.server.sleep.deviation.threshold = 300 (default)
2020-06-11 20:47:20,965 [pool-428-thread-1] INFO  server.RaftServerConfigKeys (ConfUtils.java:logGet(44)) - raft.server.log.appender.install.snapshot.enabled = false (custom)
2020-06-11 20:47:20,965 [pool-428-thread-1] INFO  impl.RaftServerImpl (ServerState.java:<init>(103)) - 52af0a34-bf0e-42df-b18d-b37a8c27e7c4@group-39BAEE5A5448: ConfigurationManager, init=-1: [b4a143ff-7c15-486f-80ea-22f5decb605d:172.17.0.2:34853, 52af0a34-bf0e-42df-b18d-b37a8c27e7c4:172.17.0.2:45795, 151e5581-bdfa-4d31-9efc-bf6934df9aa9:172.17.0.2:35997], old=null, confs=<EMPTY_MAP>
2020-06-11 20:47:20,965 [pool-428-thread-1] INFO  server.RaftServerConfigKeys (ConfUtils.java:logGet(44)) - raft.server.storage.dir = [/github/workspace/mnt/ozone/hadoop-ozone/integration-test/target/test-dir/MiniOzoneClusterImpl-1edd6e2e-9508-44e8-b6bf-1bcd4789e4cf/datanode-0/data/ratis] (custom)
2020-06-11 20:47:20,965 [pool-428-thread-1] INFO  server.RaftServerConfigKeys (ConfUtils.java:logGet(44)) - raft.server.log.corruption.policy = EXCEPTION (default)
2020-06-11 20:47:20,965 [pool-428-thread-1] INFO  storage.RaftStorageDirectory (RaftStorageDirectory.java:analyzeStorage(261)) - The storage directory /github/workspace/mnt/ozone/hadoop-ozone/integration-test/target/test-dir/MiniOzoneClusterImpl-1edd6e2e-9508-44e8-b6bf-1bcd4789e4cf/datanode-0/data/ratis/40d843be-a86a-44da-b46d-39baee5a5448 does not exist. Creating ...
2020-06-11 20:47:20,966 [pool-428-thread-1] INFO  storage.RaftStorageDirectory (RaftStorageDirectory.java:tryLock(343)) - Lock on /github/workspace/mnt/ozone/hadoop-ozone/integration-test/target/test-dir/MiniOzoneClusterImpl-1edd6e2e-9508-44e8-b6bf-1bcd4789e4cf/datanode-0/data/ratis/40d843be-a86a-44da-b46d-39baee5a5448/in_use.lock acquired by nodename 3852@4413dbf4d9a4
2020-06-11 20:47:20,968 [pool-428-thread-1] INFO  storage.RaftStorage (RaftStorage.java:format(84)) - Storage directory /github/workspace/mnt/ozone/hadoop-ozone/integration-test/target/test-dir/MiniOzoneClusterImpl-1edd6e2e-9508-44e8-b6bf-1bcd4789e4cf/datanode-0/data/ratis/40d843be-a86a-44da-b46d-39baee5a5448 has been successfully formatted.
2020-06-11 20:47:20,968 [pool-428-thread-1] INFO  ratis.ContainerStateMachine (ContainerStateMachine.java:loadSnapshot(226)) - group-39BAEE5A5448: The snapshot info is null. Setting the last applied indexto:(t:0, i:~)
2020-06-11 20:47:20,968 [pool-428-thread-1] INFO  server.RaftServerConfigKeys (ConfUtils.java:logGet(44)) - raft.server.notification.no-leader.timeout = 60s (default)
2020-06-11 20:47:20,968 [pool-428-thread-1] INFO  server.RaftServerConfigKeys (ConfUtils.java:logGet(44)) - raft.server.log.use.memory = false (default)
2020-06-11 20:47:20,968 [pool-428-thread-1] INFO  server.RaftServerConfigKeys (ConfUtils.java:logGet(44)) - raft.server.log.purge.gap = 1000000 (custom)
2020-06-11 20:47:20,969 [pool-428-thread-1] INFO  server.RaftServerConfigKeys (ConfUtils.java:logGet(44)) - raft.server.log.appender.buffer.byte-limit = 33554432 (custom)
2020-06-11 20:47:20,969 [pool-428-thread-1] INFO  server.RaftServerConfigKeys (ConfUtils.java:logGet(44)) - raft.server.log.segment.size.max = 1048576 (custom)
2020-06-11 20:47:20,969 [pool-428-thread-1] INFO  metrics.RatisMetrics (RatisMetrics.java:lambda$create$0(36)) - Creating Metrics Registry : ratis.log_worker.52af0a34-bf0e-42df-b18d-b37a8c27e7c4@group-39BAEE5A5448
2020-06-11 20:47:20,969 [pool-428-thread-1] INFO  server.RaftServerConfigKeys (ConfUtils.java:logGet(44)) - raft.server.log.segment.cache.num.max = 2 (custom)
2020-06-11 20:47:20,969 [pool-428-thread-1] INFO  segmented.SegmentedRaftLogWorker (SegmentedRaftLogWorker.java:<init>(180)) - new 52af0a34-bf0e-42df-b18d-b37a8c27e7c4@group-39BAEE5A5448-SegmentedRaftLogWorker for RaftStorage:Storage Directory /github/workspace/mnt/ozone/hadoop-ozone/integration-test/target/test-dir/MiniOzoneClusterImpl-1edd6e2e-9508-44e8-b6bf-1bcd4789e4cf/datanode-0/data/ratis/40d843be-a86a-44da-b46d-39baee5a5448
2020-06-11 20:47:20,970 [pool-428-thread-1] INFO  server.RaftServerConfigKeys (ConfUtils.java:logGet(44)) - raft.server.log.queue.byte-limit = 2147483647 (custom)
2020-06-11 20:47:20,970 [pool-428-thread-1] INFO  server.RaftServerConfigKeys (ConfUtils.java:logGet(44)) - raft.server.log.queue.element-limit = 1024 (custom)
2020-06-11 20:47:20,970 [pool-428-thread-1] INFO  server.RaftServerConfigKeys (ConfUtils.java:logGet(44)) - raft.server.log.segment.size.max = 1048576 (custom)
2020-06-11 20:47:20,970 [pool-428-thread-1] INFO  server.RaftServerConfigKeys (ConfUtils.java:logGet(44)) - raft.server.log.preallocated.size = 16384 (custom)
2020-06-11 20:47:20,970 [pool-428-thread-1] INFO  server.RaftServerConfigKeys (ConfUtils.java:logGet(44)) - raft.server.log.write.buffer.size = 1048576 (custom)
2020-06-11 20:47:20,970 [pool-428-thread-1] INFO  server.RaftServerConfigKeys (ConfUtils.java:logGet(44)) - raft.server.log.force.sync.num = 128 (default)
2020-06-11 20:47:20,970 [pool-428-thread-1] INFO  server.RaftServerConfigKeys (ConfUtils.java:logGet(44)) - raft.server.log.statemachine.data.sync = true (default)
2020-06-11 20:47:20,970 [pool-428-thread-1] INFO  server.RaftServerConfigKeys (ConfUtils.java:logGet(44)) - raft.server.log.statemachine.data.sync.timeout = 10s (default)
2020-06-11 20:47:20,971 [pool-428-thread-1] INFO  server.RaftServerConfigKeys (ConfUtils.java:logGet(44)) - raft.server.log.statemachine.data.sync.timeout.retry = -1 (default)
2020-06-11 20:47:20,972 [pool-428-thread-1] INFO  server.RaftServerConfigKeys (ConfUtils.java:logGet(44)) - raft.server.log.statemachine.data.caching.enabled = true (custom)
2020-06-11 20:47:20,972 [pool-428-thread-1] INFO  segmented.SegmentedRaftLogWorker (SegmentedRaftLogWorker.java:lambda$new$0(129)) - 52af0a34-bf0e-42df-b18d-b37a8c27e7c4@group-39BAEE5A5448-SegmentedRaftLogWorker: flushIndex: setUnconditionally 0 -> -1
2020-06-11 20:47:20,972 [pool-428-thread-1] INFO  segmented.SegmentedRaftLogWorker (SegmentedRaftLogWorker.java:lambda$new$0(129)) - 52af0a34-bf0e-42df-b18d-b37a8c27e7c4@group-39BAEE5A5448-SegmentedRaftLogWorker: safeCacheEvictIndex: setUnconditionally 0 -> -1
2020-06-11 20:47:20,972 [pool-428-thread-1] INFO  server.RaftServerConfigKeys (ConfUtils.java:logGet(44)) - raft.server.snapshot.auto.trigger.enabled = true (custom)
2020-06-11 20:47:20,972 [pool-428-thread-1] INFO  server.RaftServerConfigKeys (ConfUtils.java:logGet(44)) - raft.server.snapshot.auto.trigger.threshold = 10000 (custom)
2020-06-11 20:47:20,972 [pool-428-thread-1] INFO  server.RaftServerConfigKeys (ConfUtils.java:logGet(44)) - raft.server.snapshot.retention.file.num = 5 (custom)
2020-06-11 20:47:20,973 [pool-428-thread-1] INFO  server.RaftServerConfigKeys (ConfUtils.java:logGet(44)) - raft.server.log.purge.upto.snapshot.index = false (default)
2020-06-11 20:47:20,973 [pool-428-thread-1] INFO  server.RaftServerConfigKeys (ConfUtils.java:logGet(44)) - raft.server.retrycache.expirytime = 600000ms (custom)
2020-06-11 20:47:20,973 [pool-428-thread-1] INFO  metrics.RatisMetrics (RatisMetrics.java:lambda$create$0(36)) - Creating Metrics Registry : ratis.leader_election.52af0a34-bf0e-42df-b18d-b37a8c27e7c4@group-39BAEE5A5448
2020-06-11 20:47:20,973 [pool-428-thread-1] INFO  metrics.RatisMetrics (RatisMetrics.java:lambda$create$0(36)) - Creating Metrics Registry : ratis.server.52af0a34-bf0e-42df-b18d-b37a8c27e7c4@group-39BAEE5A5448
2020-06-11 20:47:20,974 [pool-428-thread-1] INFO  impl.RaftServerImpl (RaftServerImpl.java:start(186)) - 52af0a34-bf0e-42df-b18d-b37a8c27e7c4@group-39BAEE5A5448: start as a follower, conf=-1: [b4a143ff-7c15-486f-80ea-22f5decb605d:172.17.0.2:34853, 52af0a34-bf0e-42df-b18d-b37a8c27e7c4:172.17.0.2:45795, 151e5581-bdfa-4d31-9efc-bf6934df9aa9:172.17.0.2:35997], old=null
2020-06-11 20:47:20,974 [pool-428-thread-1] INFO  impl.RaftServerImpl (RaftServerImpl.java:setRole(175)) - 52af0a34-bf0e-42df-b18d-b37a8c27e7c4@group-39BAEE5A5448: changes role from      null to FOLLOWER at term 0 for startAsFollower
2020-06-11 20:47:20,974 [pool-428-thread-1] INFO  impl.RoleInfo (RoleInfo.java:updateAndGet(143)) - 52af0a34-bf0e-42df-b18d-b37a8c27e7c4: start FollowerState
2020-06-11 20:47:20,975 [pool-428-thread-1] INFO  util.JmxRegister (JmxRegister.java:tryRegister(44)) - Successfully registered JMX Bean with object name Ratis:service=RaftServer,group=group-39BAEE5A5448,id=52af0a34-bf0e-42df-b18d-b37a8c27e7c4
2020-06-11 20:47:20,975 [pool-428-thread-1] INFO  metrics.RatisMetrics (RatisMetrics.java:lambda$create$0(36)) - Creating Metrics Registry : ratis.state_machine.52af0a34-bf0e-42df-b18d-b37a8c27e7c4@group-39BAEE5A5448
2020-06-11 20:47:21,001 [grpc-default-executor-0] INFO  impl.RaftServerProxy (RaftServerProxy.java:addNew(89)) - 151e5581-bdfa-4d31-9efc-bf6934df9aa9: addNew group-39BAEE5A5448:[b4a143ff-7c15-486f-80ea-22f5decb605d:172.17.0.2:34853, 52af0a34-bf0e-42df-b18d-b37a8c27e7c4:172.17.0.2:45795, 151e5581-bdfa-4d31-9efc-bf6934df9aa9:172.17.0.2:35997] returns group-39BAEE5A5448:java.util.concurrent.CompletableFuture@54e44a31[Not completed]
2020-06-11 20:47:21,003 [pool-444-thread-1] INFO  impl.RaftServerImpl (RaftServerImpl.java:<init>(99)) - 151e5581-bdfa-4d31-9efc-bf6934df9aa9: new RaftServerImpl for group-39BAEE5A5448:[b4a143ff-7c15-486f-80ea-22f5decb605d:172.17.0.2:34853, 52af0a34-bf0e-42df-b18d-b37a8c27e7c4:172.17.0.2:45795, 151e5581-bdfa-4d31-9efc-bf6934df9aa9:172.17.0.2:35997] with ContainerStateMachine:uninitialized
2020-06-11 20:47:21,003 [pool-444-thread-1] INFO  server.RaftServerConfigKeys (ConfUtils.java:logGet(44)) - raft.server.rpc.timeout.min = 5s (custom)
2020-06-11 20:47:21,003 [pool-444-thread-1] INFO  server.RaftServerConfigKeys (ConfUtils.java:logGet(44)) - raft.server.rpc.timeout.max = 5200ms (custom)
2020-06-11 20:47:21,003 [pool-444-thread-1] INFO  server.RaftServerConfigKeys (ConfUtils.java:logGet(44)) - raft.server.rpcslowness.timeout = 300s (custom)
2020-06-11 20:47:21,003 [pool-444-thread-1] INFO  server.RaftServerConfigKeys (ConfUtils.java:logGet(44)) - raft.server.sleep.deviation.threshold = 300 (default)
2020-06-11 20:47:21,003 [pool-444-thread-1] INFO  server.RaftServerConfigKeys (ConfUtils.java:logGet(44)) - raft.server.log.appender.install.snapshot.enabled = false (custom)
2020-06-11 20:47:21,004 [pool-444-thread-1] INFO  impl.RaftServerImpl (ServerState.java:<init>(103)) - 151e5581-bdfa-4d31-9efc-bf6934df9aa9@group-39BAEE5A5448: ConfigurationManager, init=-1: [b4a143ff-7c15-486f-80ea-22f5decb605d:172.17.0.2:34853, 52af0a34-bf0e-42df-b18d-b37a8c27e7c4:172.17.0.2:45795, 151e5581-bdfa-4d31-9efc-bf6934df9aa9:172.17.0.2:35997], old=null, confs=<EMPTY_MAP>
2020-06-11 20:47:21,004 [pool-444-thread-1] INFO  server.RaftServerConfigKeys (ConfUtils.java:logGet(44)) - raft.server.storage.dir = [/github/workspace/mnt/ozone/hadoop-ozone/integration-test/target/test-dir/MiniOzoneClusterImpl-1edd6e2e-9508-44e8-b6bf-1bcd4789e4cf/datanode-1/data/ratis] (custom)
2020-06-11 20:47:21,004 [pool-444-thread-1] INFO  server.RaftServerConfigKeys (ConfUtils.java:logGet(44)) - raft.server.log.corruption.policy = EXCEPTION (default)
2020-06-11 20:47:21,004 [pool-444-thread-1] INFO  storage.RaftStorageDirectory (RaftStorageDirectory.java:analyzeStorage(261)) - The storage directory /github/workspace/mnt/ozone/hadoop-ozone/integration-test/target/test-dir/MiniOzoneClusterImpl-1edd6e2e-9508-44e8-b6bf-1bcd4789e4cf/datanode-1/data/ratis/40d843be-a86a-44da-b46d-39baee5a5448 does not exist. Creating ...
2020-06-11 20:47:21,005 [pool-444-thread-1] INFO  storage.RaftStorageDirectory (RaftStorageDirectory.java:tryLock(343)) - Lock on /github/workspace/mnt/ozone/hadoop-ozone/integration-test/target/test-dir/MiniOzoneClusterImpl-1edd6e2e-9508-44e8-b6bf-1bcd4789e4cf/datanode-1/data/ratis/40d843be-a86a-44da-b46d-39baee5a5448/in_use.lock acquired by nodename 3852@4413dbf4d9a4
2020-06-11 20:47:21,007 [pool-444-thread-1] INFO  storage.RaftStorage (RaftStorage.java:format(84)) - Storage directory /github/workspace/mnt/ozone/hadoop-ozone/integration-test/target/test-dir/MiniOzoneClusterImpl-1edd6e2e-9508-44e8-b6bf-1bcd4789e4cf/datanode-1/data/ratis/40d843be-a86a-44da-b46d-39baee5a5448 has been successfully formatted.
2020-06-11 20:47:21,007 [pool-444-thread-1] INFO  ratis.ContainerStateMachine (ContainerStateMachine.java:loadSnapshot(226)) - group-39BAEE5A5448: The snapshot info is null. Setting the last applied indexto:(t:0, i:~)
2020-06-11 20:47:21,008 [pool-444-thread-1] INFO  server.RaftServerConfigKeys (ConfUtils.java:logGet(44)) - raft.server.notification.no-leader.timeout = 60s (default)
2020-06-11 20:47:21,008 [pool-444-thread-1] INFO  server.RaftServerConfigKeys (ConfUtils.java:logGet(44)) - raft.server.log.use.memory = false (default)
2020-06-11 20:47:21,009 [pool-444-thread-1] INFO  server.RaftServerConfigKeys (ConfUtils.java:logGet(44)) - raft.server.log.purge.gap = 1000000 (custom)
2020-06-11 20:47:21,009 [pool-444-thread-1] INFO  server.RaftServerConfigKeys (ConfUtils.java:logGet(44)) - raft.server.log.appender.buffer.byte-limit = 33554432 (custom)
2020-06-11 20:47:21,009 [pool-444-thread-1] INFO  server.RaftServerConfigKeys (ConfUtils.java:logGet(44)) - raft.server.log.segment.size.max = 1048576 (custom)
2020-06-11 20:47:21,009 [Command processor thread] INFO  impl.RaftServerProxy (RaftServerProxy.java:addNew(89)) - 151e5581-bdfa-4d31-9efc-bf6934df9aa9: addNew group-4A0AE234DB48:[151e5581-bdfa-4d31-9efc-bf6934df9aa9:172.17.0.2:35997] returns group-4A0AE234DB48:java.util.concurrent.CompletableFuture@50da2f36[Not completed]
2020-06-11 20:47:21,009 [pool-444-thread-1] INFO  metrics.RatisMetrics (RatisMetrics.java:lambda$create$0(36)) - Creating Metrics Registry : ratis.log_worker.151e5581-bdfa-4d31-9efc-bf6934df9aa9@group-39BAEE5A5448
2020-06-11 20:47:21,009 [pool-444-thread-1] INFO  server.RaftServerConfigKeys (ConfUtils.java:logGet(44)) - raft.server.log.segment.cache.num.max = 2 (custom)
2020-06-11 20:47:21,009 [pool-444-thread-1] INFO  segmented.SegmentedRaftLogWorker (SegmentedRaftLogWorker.java:<init>(180)) - new 151e5581-bdfa-4d31-9efc-bf6934df9aa9@group-39BAEE5A5448-SegmentedRaftLogWorker for RaftStorage:Storage Directory /github/workspace/mnt/ozone/hadoop-ozone/integration-test/target/test-dir/MiniOzoneClusterImpl-1edd6e2e-9508-44e8-b6bf-1bcd4789e4cf/datanode-1/data/ratis/40d843be-a86a-44da-b46d-39baee5a5448
2020-06-11 20:47:21,009 [pool-444-thread-1] INFO  server.RaftServerConfigKeys (ConfUtils.java:logGet(44)) - raft.server.log.queue.byte-limit = 2147483647 (custom)
2020-06-11 20:47:21,010 [pool-444-thread-1] INFO  server.RaftServerConfigKeys (ConfUtils.java:logGet(44)) - raft.server.log.queue.element-limit = 1024 (custom)
2020-06-11 20:47:21,010 [pool-444-thread-1] INFO  server.RaftServerConfigKeys (ConfUtils.java:logGet(44)) - raft.server.log.segment.size.max = 1048576 (custom)
2020-06-11 20:47:21,010 [pool-444-thread-1] INFO  server.RaftServerConfigKeys (ConfUtils.java:logGet(44)) - raft.server.log.preallocated.size = 16384 (custom)
2020-06-11 20:47:21,010 [pool-444-thread-1] INFO  server.RaftServerConfigKeys (ConfUtils.java:logGet(44)) - raft.server.log.write.buffer.size = 1048576 (custom)
2020-06-11 20:47:21,010 [pool-444-thread-1] INFO  server.RaftServerConfigKeys (ConfUtils.java:logGet(44)) - raft.server.log.force.sync.num = 128 (default)
2020-06-11 20:47:21,010 [pool-444-thread-1] INFO  server.RaftServerConfigKeys (ConfUtils.java:logGet(44)) - raft.server.log.statemachine.data.sync = true (default)
2020-06-11 20:47:21,010 [pool-444-thread-1] INFO  server.RaftServerConfigKeys (ConfUtils.java:logGet(44)) - raft.server.log.statemachine.data.sync.timeout = 10s (default)
2020-06-11 20:47:21,011 [pool-444-thread-1] INFO  server.RaftServerConfigKeys (ConfUtils.java:logGet(44)) - raft.server.log.statemachine.data.sync.timeout.retry = -1 (default)
2020-06-11 20:47:21,013 [pool-444-thread-1] INFO  server.RaftServerConfigKeys (ConfUtils.java:logGet(44)) - raft.server.log.statemachine.data.caching.enabled = true (custom)
2020-06-11 20:47:21,013 [pool-444-thread-1] INFO  segmented.SegmentedRaftLogWorker (SegmentedRaftLogWorker.java:lambda$new$0(129)) - 151e5581-bdfa-4d31-9efc-bf6934df9aa9@group-39BAEE5A5448-SegmentedRaftLogWorker: flushIndex: setUnconditionally 0 -> -1
2020-06-11 20:47:21,013 [pool-444-thread-1] INFO  segmented.SegmentedRaftLogWorker (SegmentedRaftLogWorker.java:lambda$new$0(129)) - 151e5581-bdfa-4d31-9efc-bf6934df9aa9@group-39BAEE5A5448-SegmentedRaftLogWorker: safeCacheEvictIndex: setUnconditionally 0 -> -1
2020-06-11 20:47:21,014 [pool-444-thread-1] INFO  server.RaftServerConfigKeys (ConfUtils.java:logGet(44)) - raft.server.snapshot.auto.trigger.enabled = true (custom)
2020-06-11 20:47:21,014 [pool-444-thread-1] INFO  server.RaftServerConfigKeys (ConfUtils.java:logGet(44)) - raft.server.snapshot.auto.trigger.threshold = 10000 (custom)
2020-06-11 20:47:21,014 [pool-444-thread-1] INFO  server.RaftServerConfigKeys (ConfUtils.java:logGet(44)) - raft.server.snapshot.retention.file.num = 5 (custom)
2020-06-11 20:47:21,014 [pool-444-thread-1] INFO  server.RaftServerConfigKeys (ConfUtils.java:logGet(44)) - raft.server.log.purge.upto.snapshot.index = false (default)
2020-06-11 20:47:21,014 [pool-444-thread-1] INFO  server.RaftServerConfigKeys (ConfUtils.java:logGet(44)) - raft.server.retrycache.expirytime = 600000ms (custom)
2020-06-11 20:47:21,014 [pool-444-thread-1] INFO  metrics.RatisMetrics (RatisMetrics.java:lambda$create$0(36)) - Creating Metrics Registry : ratis.leader_election.151e5581-bdfa-4d31-9efc-bf6934df9aa9@group-39BAEE5A5448
2020-06-11 20:47:21,014 [pool-444-thread-1] INFO  metrics.RatisMetrics (RatisMetrics.java:lambda$create$0(36)) - Creating Metrics Registry : ratis.server.151e5581-bdfa-4d31-9efc-bf6934df9aa9@group-39BAEE5A5448
2020-06-11 20:47:21,016 [pool-444-thread-1] INFO  impl.RaftServerImpl (RaftServerImpl.java:<init>(99)) - 151e5581-bdfa-4d31-9efc-bf6934df9aa9: new RaftServerImpl for group-4A0AE234DB48:[151e5581-bdfa-4d31-9efc-bf6934df9aa9:172.17.0.2:35997] with ContainerStateMachine:uninitialized
2020-06-11 20:47:21,016 [pool-444-thread-1] INFO  server.RaftServerConfigKeys (ConfUtils.java:logGet(44)) - raft.server.rpc.timeout.min = 5s (custom)
2020-06-11 20:47:21,016 [pool-444-thread-1] INFO  server.RaftServerConfigKeys (ConfUtils.java:logGet(44)) - raft.server.rpc.timeout.max = 5200ms (custom)
2020-06-11 20:47:21,016 [pool-444-thread-1] INFO  server.RaftServerConfigKeys (ConfUtils.java:logGet(44)) - raft.server.rpcslowness.timeout = 300s (custom)
2020-06-11 20:47:21,016 [pool-444-thread-1] INFO  server.RaftServerConfigKeys (ConfUtils.java:logGet(44)) - raft.server.sleep.deviation.threshold = 300 (default)
2020-06-11 20:47:21,016 [pool-444-thread-1] INFO  server.RaftServerConfigKeys (ConfUtils.java:logGet(44)) - raft.server.log.appender.install.snapshot.enabled = false (custom)
2020-06-11 20:47:21,016 [pool-444-thread-1] INFO  impl.RaftServerImpl (ServerState.java:<init>(103)) - 151e5581-bdfa-4d31-9efc-bf6934df9aa9@group-4A0AE234DB48: ConfigurationManager, init=-1: [151e5581-bdfa-4d31-9efc-bf6934df9aa9:172.17.0.2:35997], old=null, confs=<EMPTY_MAP>
2020-06-11 20:47:21,017 [pool-444-thread-1] INFO  server.RaftServerConfigKeys (ConfUtils.java:logGet(44)) - raft.server.storage.dir = [/github/workspace/mnt/ozone/hadoop-ozone/integration-test/target/test-dir/MiniOzoneClusterImpl-1edd6e2e-9508-44e8-b6bf-1bcd4789e4cf/datanode-1/data/ratis] (custom)
2020-06-11 20:47:21,017 [pool-444-thread-1] INFO  server.RaftServerConfigKeys (ConfUtils.java:logGet(44)) - raft.server.log.corruption.policy = EXCEPTION (default)
2020-06-11 20:47:21,017 [pool-444-thread-1] INFO  storage.RaftStorageDirectory (RaftStorageDirectory.java:analyzeStorage(261)) - The storage directory /github/workspace/mnt/ozone/hadoop-ozone/integration-test/target/test-dir/MiniOzoneClusterImpl-1edd6e2e-9508-44e8-b6bf-1bcd4789e4cf/datanode-1/data/ratis/b20f5803-9f36-4e7a-bff1-4a0ae234db48 does not exist. Creating ...
2020-06-11 20:47:21,018 [pool-444-thread-1] INFO  storage.RaftStorageDirectory (RaftStorageDirectory.java:tryLock(343)) - Lock on /github/workspace/mnt/ozone/hadoop-ozone/integration-test/target/test-dir/MiniOzoneClusterImpl-1edd6e2e-9508-44e8-b6bf-1bcd4789e4cf/datanode-1/data/ratis/b20f5803-9f36-4e7a-bff1-4a0ae234db48/in_use.lock acquired by nodename 3852@4413dbf4d9a4
2020-06-11 20:47:21,019 [pool-444-thread-1] INFO  storage.RaftStorage (RaftStorage.java:format(84)) - Storage directory /github/workspace/mnt/ozone/hadoop-ozone/integration-test/target/test-dir/MiniOzoneClusterImpl-1edd6e2e-9508-44e8-b6bf-1bcd4789e4cf/datanode-1/data/ratis/b20f5803-9f36-4e7a-bff1-4a0ae234db48 has been successfully formatted.
2020-06-11 20:47:21,019 [pool-444-thread-1] INFO  ratis.ContainerStateMachine (ContainerStateMachine.java:loadSnapshot(226)) - group-4A0AE234DB48: The snapshot info is null. Setting the last applied indexto:(t:0, i:~)
2020-06-11 20:47:21,020 [pool-444-thread-1] INFO  server.RaftServerConfigKeys (ConfUtils.java:logGet(44)) - raft.server.notification.no-leader.timeout = 60s (default)
2020-06-11 20:47:21,021 [EventQueue-PipelineReportForPipelineReportHandler] INFO  pipeline.PipelineStateManager (PipelineStateManager.java:openPipeline(131)) - Pipeline Pipeline[ Id: b20f5803-9f36-4e7a-bff1-4a0ae234db48, Nodes: 151e5581-bdfa-4d31-9efc-bf6934df9aa9{ip: 172.17.0.2, host: 4413dbf4d9a4, networkLocation: /default-rack, certSerialId: null}, Type:RATIS, Factor:ONE, State:ALLOCATED, leaderId:151e5581-bdfa-4d31-9efc-bf6934df9aa9, CreationTimestamp2020-06-11T20:47:18.011Z] moved to OPEN state
2020-06-11 20:47:21,022 [EventQueue-OpenPipelineForHealthyPipelineSafeModeRule] INFO  safemode.SCMSafeModeManager (HealthyPipelineSafeModeRule.java:process(132)) - SCM in safe mode. Healthy pipelines reported count is 0, required healthy pipeline reported count is 1
2020-06-11 20:47:21,022 [EventQueue-OpenPipelineForOneReplicaPipelineSafeModeRule] INFO  safemode.SCMSafeModeManager (SCMSafeModeManager.java:validateSafeModeExitRules(213)) - AtleastOneDatanodeReportedRule rule is successfully validated
2020-06-11 20:47:21,022 [pool-444-thread-1] INFO  server.RaftServerConfigKeys (ConfUtils.java:logGet(44)) - raft.server.log.use.memory = false (default)
2020-06-11 20:47:21,023 [pool-444-thread-1] INFO  server.RaftServerConfigKeys (ConfUtils.java:logGet(44)) - raft.server.log.purge.gap = 1000000 (custom)
2020-06-11 20:47:21,023 [pool-444-thread-1] INFO  server.RaftServerConfigKeys (ConfUtils.java:logGet(44)) - raft.server.log.appender.buffer.byte-limit = 33554432 (custom)
2020-06-11 20:47:21,023 [pool-444-thread-1] INFO  server.RaftServerConfigKeys (ConfUtils.java:logGet(44)) - raft.server.log.segment.size.max = 1048576 (custom)
2020-06-11 20:47:21,023 [pool-444-thread-1] INFO  metrics.RatisMetrics (RatisMetrics.java:lambda$create$0(36)) - Creating Metrics Registry : ratis.log_worker.151e5581-bdfa-4d31-9efc-bf6934df9aa9@group-4A0AE234DB48
2020-06-11 20:47:21,023 [pool-444-thread-1] INFO  server.RaftServerConfigKeys (ConfUtils.java:logGet(44)) - raft.server.log.segment.cache.num.max = 2 (custom)
2020-06-11 20:47:21,023 [pool-444-thread-1] INFO  segmented.SegmentedRaftLogWorker (SegmentedRaftLogWorker.java:<init>(180)) - new 151e5581-bdfa-4d31-9efc-bf6934df9aa9@group-4A0AE234DB48-SegmentedRaftLogWorker for RaftStorage:Storage Directory /github/workspace/mnt/ozone/hadoop-ozone/integration-test/target/test-dir/MiniOzoneClusterImpl-1edd6e2e-9508-44e8-b6bf-1bcd4789e4cf/datanode-1/data/ratis/b20f5803-9f36-4e7a-bff1-4a0ae234db48
2020-06-11 20:47:21,023 [pool-444-thread-1] INFO  server.RaftServerConfigKeys (ConfUtils.java:logGet(44)) - raft.server.log.queue.byte-limit = 2147483647 (custom)
2020-06-11 20:47:21,023 [pool-444-thread-1] INFO  server.RaftServerConfigKeys (ConfUtils.java:logGet(44)) - raft.server.log.queue.element-limit = 1024 (custom)
2020-06-11 20:47:21,023 [pool-444-thread-1] INFO  server.RaftServerConfigKeys (ConfUtils.java:logGet(44)) - raft.server.log.segment.size.max = 1048576 (custom)
2020-06-11 20:47:21,023 [pool-444-thread-1] INFO  server.RaftServerConfigKeys (ConfUtils.java:logGet(44)) - raft.server.log.preallocated.size = 16384 (custom)
2020-06-11 20:47:21,023 [pool-444-thread-1] INFO  server.RaftServerConfigKeys (ConfUtils.java:logGet(44)) - raft.server.log.write.buffer.size = 1048576 (custom)
2020-06-11 20:47:21,024 [pool-444-thread-1] INFO  server.RaftServerConfigKeys (ConfUtils.java:logGet(44)) - raft.server.log.force.sync.num = 128 (default)
2020-06-11 20:47:21,024 [pool-444-thread-1] INFO  server.RaftServerConfigKeys (ConfUtils.java:logGet(44)) - raft.server.log.statemachine.data.sync = true (default)
2020-06-11 20:47:21,024 [pool-444-thread-1] INFO  server.RaftServerConfigKeys (ConfUtils.java:logGet(44)) - raft.server.log.statemachine.data.sync.timeout = 10s (default)
2020-06-11 20:47:21,024 [pool-444-thread-1] INFO  server.RaftServerConfigKeys (ConfUtils.java:logGet(44)) - raft.server.log.statemachine.data.sync.timeout.retry = -1 (default)
2020-06-11 20:47:21,026 [pool-444-thread-1] INFO  server.RaftServerConfigKeys (ConfUtils.java:logGet(44)) - raft.server.log.statemachine.data.caching.enabled = true (custom)
2020-06-11 20:47:21,026 [pool-444-thread-1] INFO  segmented.SegmentedRaftLogWorker (SegmentedRaftLogWorker.java:lambda$new$0(129)) - 151e5581-bdfa-4d31-9efc-bf6934df9aa9@group-4A0AE234DB48-SegmentedRaftLogWorker: flushIndex: setUnconditionally 0 -> -1
2020-06-11 20:47:21,026 [pool-444-thread-1] INFO  segmented.SegmentedRaftLogWorker (SegmentedRaftLogWorker.java:lambda$new$0(129)) - 151e5581-bdfa-4d31-9efc-bf6934df9aa9@group-4A0AE234DB48-SegmentedRaftLogWorker: safeCacheEvictIndex: setUnconditionally 0 -> -1
2020-06-11 20:47:21,026 [pool-444-thread-1] INFO  server.RaftServerConfigKeys (ConfUtils.java:logGet(44)) - raft.server.snapshot.auto.trigger.enabled = true (custom)
2020-06-11 20:47:21,026 [pool-444-thread-1] INFO  server.RaftServerConfigKeys (ConfUtils.java:logGet(44)) - raft.server.snapshot.auto.trigger.threshold = 10000 (custom)
2020-06-11 20:47:21,026 [pool-444-thread-1] INFO  server.RaftServerConfigKeys (ConfUtils.java:logGet(44)) - raft.server.snapshot.retention.file.num = 5 (custom)
2020-06-11 20:47:21,026 [pool-444-thread-1] INFO  server.RaftServerConfigKeys (ConfUtils.java:logGet(44)) - raft.server.log.purge.upto.snapshot.index = false (default)
2020-06-11 20:47:21,026 [pool-444-thread-1] INFO  server.RaftServerConfigKeys (ConfUtils.java:logGet(44)) - raft.server.retrycache.expirytime = 600000ms (custom)
2020-06-11 20:47:21,027 [pool-444-thread-1] INFO  metrics.RatisMetrics (RatisMetrics.java:lambda$create$0(36)) - Creating Metrics Registry : ratis.leader_election.151e5581-bdfa-4d31-9efc-bf6934df9aa9@group-4A0AE234DB48
2020-06-11 20:47:21,027 [pool-444-thread-1] INFO  metrics.RatisMetrics (RatisMetrics.java:lambda$create$0(36)) - Creating Metrics Registry : ratis.server.151e5581-bdfa-4d31-9efc-bf6934df9aa9@group-4A0AE234DB48
2020-06-11 20:47:21,028 [pool-444-thread-1] INFO  impl.RaftServerImpl (RaftServerImpl.java:start(186)) - 151e5581-bdfa-4d31-9efc-bf6934df9aa9@group-39BAEE5A5448: start as a follower, conf=-1: [b4a143ff-7c15-486f-80ea-22f5decb605d:172.17.0.2:34853, 52af0a34-bf0e-42df-b18d-b37a8c27e7c4:172.17.0.2:45795, 151e5581-bdfa-4d31-9efc-bf6934df9aa9:172.17.0.2:35997], old=null
2020-06-11 20:47:21,028 [pool-444-thread-1] INFO  impl.RaftServerImpl (RaftServerImpl.java:setRole(175)) - 151e5581-bdfa-4d31-9efc-bf6934df9aa9@group-39BAEE5A5448: changes role from      null to FOLLOWER at term 0 for startAsFollower
2020-06-11 20:47:21,028 [pool-444-thread-1] INFO  impl.RoleInfo (RoleInfo.java:updateAndGet(143)) - 151e5581-bdfa-4d31-9efc-bf6934df9aa9: start FollowerState
2020-06-11 20:47:21,029 [pool-444-thread-1] INFO  util.JmxRegister (JmxRegister.java:tryRegister(44)) - Successfully registered JMX Bean with object name Ratis:service=RaftServer,group=group-39BAEE5A5448,id=151e5581-bdfa-4d31-9efc-bf6934df9aa9
2020-06-11 20:47:21,029 [pool-444-thread-1] INFO  metrics.RatisMetrics (RatisMetrics.java:lambda$create$0(36)) - Creating Metrics Registry : ratis.state_machine.151e5581-bdfa-4d31-9efc-bf6934df9aa9@group-39BAEE5A5448
2020-06-11 20:47:21,030 [pool-444-thread-1] INFO  impl.RaftServerImpl (RaftServerImpl.java:start(186)) - 151e5581-bdfa-4d31-9efc-bf6934df9aa9@group-4A0AE234DB48: start as a follower, conf=-1: [151e5581-bdfa-4d31-9efc-bf6934df9aa9:172.17.0.2:35997], old=null
2020-06-11 20:47:21,030 [pool-444-thread-1] INFO  impl.RaftServerImpl (RaftServerImpl.java:setRole(175)) - 151e5581-bdfa-4d31-9efc-bf6934df9aa9@group-4A0AE234DB48: changes role from      null to FOLLOWER at term 0 for startAsFollower
2020-06-11 20:47:21,030 [pool-444-thread-1] INFO  impl.RoleInfo (RoleInfo.java:updateAndGet(143)) - 151e5581-bdfa-4d31-9efc-bf6934df9aa9: start FollowerState
2020-06-11 20:47:21,032 [pool-444-thread-1] INFO  util.JmxRegister (JmxRegister.java:tryRegister(44)) - Successfully registered JMX Bean with object name Ratis:service=RaftServer,group=group-4A0AE234DB48,id=151e5581-bdfa-4d31-9efc-bf6934df9aa9
2020-06-11 20:47:21,032 [pool-444-thread-1] INFO  metrics.RatisMetrics (RatisMetrics.java:lambda$create$0(36)) - Creating Metrics Registry : ratis.state_machine.151e5581-bdfa-4d31-9efc-bf6934df9aa9@group-4A0AE234DB48
2020-06-11 20:47:21,041 [Command processor thread] INFO  commandhandler.CreatePipelineCommandHandler (CreatePipelineCommandHandler.java:handle(109)) - Created Pipeline RATIS ONE #id: "b20f5803-9f36-4e7a-bff1-4a0ae234db48"
.
2020-06-11 20:47:21,050 [grpc-default-executor-0] INFO  impl.RaftServerProxy (RaftServerProxy.java:addNew(89)) - b4a143ff-7c15-486f-80ea-22f5decb605d: addNew group-39BAEE5A5448:[b4a143ff-7c15-486f-80ea-22f5decb605d:172.17.0.2:34853, 52af0a34-bf0e-42df-b18d-b37a8c27e7c4:172.17.0.2:45795, 151e5581-bdfa-4d31-9efc-bf6934df9aa9:172.17.0.2:35997] returns group-39BAEE5A5448:java.util.concurrent.CompletableFuture@5452654e[Not completed]
2020-06-11 20:47:21,051 [pool-460-thread-1] INFO  impl.RaftServerImpl (RaftServerImpl.java:<init>(99)) - b4a143ff-7c15-486f-80ea-22f5decb605d: new RaftServerImpl for group-39BAEE5A5448:[b4a143ff-7c15-486f-80ea-22f5decb605d:172.17.0.2:34853, 52af0a34-bf0e-42df-b18d-b37a8c27e7c4:172.17.0.2:45795, 151e5581-bdfa-4d31-9efc-bf6934df9aa9:172.17.0.2:35997] with ContainerStateMachine:uninitialized
2020-06-11 20:47:21,051 [pool-460-thread-1] INFO  server.RaftServerConfigKeys (ConfUtils.java:logGet(44)) - raft.server.rpc.timeout.min = 5s (custom)
2020-06-11 20:47:21,051 [pool-460-thread-1] INFO  server.RaftServerConfigKeys (ConfUtils.java:logGet(44)) - raft.server.rpc.timeout.max = 5200ms (custom)
2020-06-11 20:47:21,051 [pool-460-thread-1] INFO  server.RaftServerConfigKeys (ConfUtils.java:logGet(44)) - raft.server.rpcslowness.timeout = 300s (custom)
2020-06-11 20:47:21,051 [pool-460-thread-1] INFO  server.RaftServerConfigKeys (ConfUtils.java:logGet(44)) - raft.server.sleep.deviation.threshold = 300 (default)
2020-06-11 20:47:21,051 [pool-460-thread-1] INFO  server.RaftServerConfigKeys (ConfUtils.java:logGet(44)) - raft.server.log.appender.install.snapshot.enabled = false (custom)
2020-06-11 20:47:21,051 [pool-460-thread-1] INFO  impl.RaftServerImpl (ServerState.java:<init>(103)) - b4a143ff-7c15-486f-80ea-22f5decb605d@group-39BAEE5A5448: ConfigurationManager, init=-1: [b4a143ff-7c15-486f-80ea-22f5decb605d:172.17.0.2:34853, 52af0a34-bf0e-42df-b18d-b37a8c27e7c4:172.17.0.2:45795, 151e5581-bdfa-4d31-9efc-bf6934df9aa9:172.17.0.2:35997], old=null, confs=<EMPTY_MAP>
2020-06-11 20:47:21,051 [pool-460-thread-1] INFO  server.RaftServerConfigKeys (ConfUtils.java:logGet(44)) - raft.server.storage.dir = [/github/workspace/mnt/ozone/hadoop-ozone/integration-test/target/test-dir/MiniOzoneClusterImpl-1edd6e2e-9508-44e8-b6bf-1bcd4789e4cf/datanode-2/data/ratis] (custom)
2020-06-11 20:47:21,051 [pool-460-thread-1] INFO  server.RaftServerConfigKeys (ConfUtils.java:logGet(44)) - raft.server.log.corruption.policy = EXCEPTION (default)
2020-06-11 20:47:21,052 [pool-460-thread-1] INFO  storage.RaftStorageDirectory (RaftStorageDirectory.java:analyzeStorage(261)) - The storage directory /github/workspace/mnt/ozone/hadoop-ozone/integration-test/target/test-dir/MiniOzoneClusterImpl-1edd6e2e-9508-44e8-b6bf-1bcd4789e4cf/datanode-2/data/ratis/40d843be-a86a-44da-b46d-39baee5a5448 does not exist. Creating ...
2020-06-11 20:47:21,053 [pool-460-thread-1] INFO  storage.RaftStorageDirectory (RaftStorageDirectory.java:tryLock(343)) - Lock on /github/workspace/mnt/ozone/hadoop-ozone/integration-test/target/test-dir/MiniOzoneClusterImpl-1edd6e2e-9508-44e8-b6bf-1bcd4789e4cf/datanode-2/data/ratis/40d843be-a86a-44da-b46d-39baee5a5448/in_use.lock acquired by nodename 3852@4413dbf4d9a4
2020-06-11 20:47:21,054 [pool-460-thread-1] INFO  storage.RaftStorage (RaftStorage.java:format(84)) - Storage directory /github/workspace/mnt/ozone/hadoop-ozone/integration-test/target/test-dir/MiniOzoneClusterImpl-1edd6e2e-9508-44e8-b6bf-1bcd4789e4cf/datanode-2/data/ratis/40d843be-a86a-44da-b46d-39baee5a5448 has been successfully formatted.
2020-06-11 20:47:21,055 [pool-460-thread-1] INFO  ratis.ContainerStateMachine (ContainerStateMachine.java:loadSnapshot(226)) - group-39BAEE5A5448: The snapshot info is null. Setting the last applied indexto:(t:0, i:~)
2020-06-11 20:47:21,055 [pool-460-thread-1] INFO  server.RaftServerConfigKeys (ConfUtils.java:logGet(44)) - raft.server.notification.no-leader.timeout = 60s (default)
2020-06-11 20:47:21,056 [pool-460-thread-1] INFO  server.RaftServerConfigKeys (ConfUtils.java:logGet(44)) - raft.server.log.use.memory = false (default)
2020-06-11 20:47:21,056 [pool-460-thread-1] INFO  server.RaftServerConfigKeys (ConfUtils.java:logGet(44)) - raft.server.log.purge.gap = 1000000 (custom)
2020-06-11 20:47:21,056 [pool-460-thread-1] INFO  server.RaftServerConfigKeys (ConfUtils.java:logGet(44)) - raft.server.log.appender.buffer.byte-limit = 33554432 (custom)
2020-06-11 20:47:21,057 [pool-460-thread-1] INFO  server.RaftServerConfigKeys (ConfUtils.java:logGet(44)) - raft.server.log.segment.size.max = 1048576 (custom)
2020-06-11 20:47:21,057 [pool-460-thread-1] INFO  metrics.RatisMetrics (RatisMetrics.java:lambda$create$0(36)) - Creating Metrics Registry : ratis.log_worker.b4a143ff-7c15-486f-80ea-22f5decb605d@group-39BAEE5A5448
2020-06-11 20:47:21,057 [pool-460-thread-1] INFO  server.RaftServerConfigKeys (ConfUtils.java:logGet(44)) - raft.server.log.segment.cache.num.max = 2 (custom)
2020-06-11 20:47:21,058 [pool-460-thread-1] INFO  segmented.SegmentedRaftLogWorker (SegmentedRaftLogWorker.java:<init>(180)) - new b4a143ff-7c15-486f-80ea-22f5decb605d@group-39BAEE5A5448-SegmentedRaftLogWorker for RaftStorage:Storage Directory /github/workspace/mnt/ozone/hadoop-ozone/integration-test/target/test-dir/MiniOzoneClusterImpl-1edd6e2e-9508-44e8-b6bf-1bcd4789e4cf/datanode-2/data/ratis/40d843be-a86a-44da-b46d-39baee5a5448
2020-06-11 20:47:21,058 [pool-460-thread-1] INFO  server.RaftServerConfigKeys (ConfUtils.java:logGet(44)) - raft.server.log.queue.byte-limit = 2147483647 (custom)
2020-06-11 20:47:21,058 [pool-460-thread-1] INFO  server.RaftServerConfigKeys (ConfUtils.java:logGet(44)) - raft.server.log.queue.element-limit = 1024 (custom)
2020-06-11 20:47:21,058 [pool-460-thread-1] INFO  server.RaftServerConfigKeys (ConfUtils.java:logGet(44)) - raft.server.log.segment.size.max = 1048576 (custom)
2020-06-11 20:47:21,058 [pool-460-thread-1] INFO  server.RaftServerConfigKeys (ConfUtils.java:logGet(44)) - raft.server.log.preallocated.size = 16384 (custom)
2020-06-11 20:47:21,058 [pool-460-thread-1] INFO  server.RaftServerConfigKeys (ConfUtils.java:logGet(44)) - raft.server.log.write.buffer.size = 1048576 (custom)
2020-06-11 20:47:21,058 [pool-460-thread-1] INFO  server.RaftServerConfigKeys (ConfUtils.java:logGet(44)) - raft.server.log.force.sync.num = 128 (default)
2020-06-11 20:47:21,058 [pool-460-thread-1] INFO  server.RaftServerConfigKeys (ConfUtils.java:logGet(44)) - raft.server.log.statemachine.data.sync = true (default)
2020-06-11 20:47:21,058 [pool-460-thread-1] INFO  server.RaftServerConfigKeys (ConfUtils.java:logGet(44)) - raft.server.log.statemachine.data.sync.timeout = 10s (default)
2020-06-11 20:47:21,058 [pool-460-thread-1] INFO  server.RaftServerConfigKeys (ConfUtils.java:logGet(44)) - raft.server.log.statemachine.data.sync.timeout.retry = -1 (default)
2020-06-11 20:47:21,059 [pool-460-thread-1] INFO  server.RaftServerConfigKeys (ConfUtils.java:logGet(44)) - raft.server.log.statemachine.data.caching.enabled = true (custom)
2020-06-11 20:47:21,060 [pool-460-thread-1] INFO  segmented.SegmentedRaftLogWorker (SegmentedRaftLogWorker.java:lambda$new$0(129)) - b4a143ff-7c15-486f-80ea-22f5decb605d@group-39BAEE5A5448-SegmentedRaftLogWorker: flushIndex: setUnconditionally 0 -> -1
2020-06-11 20:47:21,060 [pool-460-thread-1] INFO  segmented.SegmentedRaftLogWorker (SegmentedRaftLogWorker.java:lambda$new$0(129)) - b4a143ff-7c15-486f-80ea-22f5decb605d@group-39BAEE5A5448-SegmentedRaftLogWorker: safeCacheEvictIndex: setUnconditionally 0 -> -1
2020-06-11 20:47:21,060 [pool-460-thread-1] INFO  server.RaftServerConfigKeys (ConfUtils.java:logGet(44)) - raft.server.snapshot.auto.trigger.enabled = true (custom)
2020-06-11 20:47:21,060 [pool-460-thread-1] INFO  server.RaftServerConfigKeys (ConfUtils.java:logGet(44)) - raft.server.snapshot.auto.trigger.threshold = 10000 (custom)
2020-06-11 20:47:21,060 [pool-460-thread-1] INFO  server.RaftServerConfigKeys (ConfUtils.java:logGet(44)) - raft.server.snapshot.retention.file.num = 5 (custom)
2020-06-11 20:47:21,060 [pool-460-thread-1] INFO  server.RaftServerConfigKeys (ConfUtils.java:logGet(44)) - raft.server.log.purge.upto.snapshot.index = false (default)
2020-06-11 20:47:21,061 [pool-460-thread-1] INFO  server.RaftServerConfigKeys (ConfUtils.java:logGet(44)) - raft.server.retrycache.expirytime = 600000ms (custom)
2020-06-11 20:47:21,061 [pool-460-thread-1] INFO  metrics.RatisMetrics (RatisMetrics.java:lambda$create$0(36)) - Creating Metrics Registry : ratis.leader_election.b4a143ff-7c15-486f-80ea-22f5decb605d@group-39BAEE5A5448
2020-06-11 20:47:21,061 [pool-460-thread-1] INFO  metrics.RatisMetrics (RatisMetrics.java:lambda$create$0(36)) - Creating Metrics Registry : ratis.server.b4a143ff-7c15-486f-80ea-22f5decb605d@group-39BAEE5A5448
2020-06-11 20:47:21,062 [pool-460-thread-1] INFO  impl.RaftServerImpl (RaftServerImpl.java:start(186)) - b4a143ff-7c15-486f-80ea-22f5decb605d@group-39BAEE5A5448: start as a follower, conf=-1: [b4a143ff-7c15-486f-80ea-22f5decb605d:172.17.0.2:34853, 52af0a34-bf0e-42df-b18d-b37a8c27e7c4:172.17.0.2:45795, 151e5581-bdfa-4d31-9efc-bf6934df9aa9:172.17.0.2:35997], old=null
2020-06-11 20:47:21,062 [pool-460-thread-1] INFO  impl.RaftServerImpl (RaftServerImpl.java:setRole(175)) - b4a143ff-7c15-486f-80ea-22f5decb605d@group-39BAEE5A5448: changes role from      null to FOLLOWER at term 0 for startAsFollower
2020-06-11 20:47:21,062 [pool-460-thread-1] INFO  impl.RoleInfo (RoleInfo.java:updateAndGet(143)) - b4a143ff-7c15-486f-80ea-22f5decb605d: start FollowerState
2020-06-11 20:47:21,063 [pool-460-thread-1] INFO  util.JmxRegister (JmxRegister.java:tryRegister(44)) - Successfully registered JMX Bean with object name Ratis:service=RaftServer,group=group-39BAEE5A5448,id=b4a143ff-7c15-486f-80ea-22f5decb605d
2020-06-11 20:47:21,063 [pool-460-thread-1] INFO  metrics.RatisMetrics (RatisMetrics.java:lambda$create$0(36)) - Creating Metrics Registry : ratis.state_machine.b4a143ff-7c15-486f-80ea-22f5decb605d@group-39BAEE5A5448
2020-06-11 20:47:21,074 [Command processor thread] INFO  commandhandler.CreatePipelineCommandHandler (CreatePipelineCommandHandler.java:handle(109)) - Created Pipeline RATIS THREE #id: "40d843be-a86a-44da-b46d-39baee5a5448"
.
2020-06-11 20:47:21,299 [Command processor thread] INFO  impl.RaftServerProxy (RaftServerProxy.java:addNew(89)) - b4a143ff-7c15-486f-80ea-22f5decb605d: addNew group-9A1883D60C20:[b4a143ff-7c15-486f-80ea-22f5decb605d:172.17.0.2:34853] returns group-9A1883D60C20:java.util.concurrent.CompletableFuture@501a8fa6[Not completed]
2020-06-11 20:47:21,301 [pool-460-thread-1] INFO  impl.RaftServerImpl (RaftServerImpl.java:<init>(99)) - b4a143ff-7c15-486f-80ea-22f5decb605d: new RaftServerImpl for group-9A1883D60C20:[b4a143ff-7c15-486f-80ea-22f5decb605d:172.17.0.2:34853] with ContainerStateMachine:uninitialized
2020-06-11 20:47:21,301 [pool-460-thread-1] INFO  server.RaftServerConfigKeys (ConfUtils.java:logGet(44)) - raft.server.rpc.timeout.min = 5s (custom)
2020-06-11 20:47:21,301 [pool-460-thread-1] INFO  server.RaftServerConfigKeys (ConfUtils.java:logGet(44)) - raft.server.rpc.timeout.max = 5200ms (custom)
2020-06-11 20:47:21,301 [pool-460-thread-1] INFO  server.RaftServerConfigKeys (ConfUtils.java:logGet(44)) - raft.server.rpcslowness.timeout = 300s (custom)
2020-06-11 20:47:21,301 [pool-460-thread-1] INFO  server.RaftServerConfigKeys (ConfUtils.java:logGet(44)) - raft.server.sleep.deviation.threshold = 300 (default)
2020-06-11 20:47:21,301 [pool-460-thread-1] INFO  server.RaftServerConfigKeys (ConfUtils.java:logGet(44)) - raft.server.log.appender.install.snapshot.enabled = false (custom)
2020-06-11 20:47:21,301 [pool-460-thread-1] INFO  impl.RaftServerImpl (ServerState.java:<init>(103)) - b4a143ff-7c15-486f-80ea-22f5decb605d@group-9A1883D60C20: ConfigurationManager, init=-1: [b4a143ff-7c15-486f-80ea-22f5decb605d:172.17.0.2:34853], old=null, confs=<EMPTY_MAP>
2020-06-11 20:47:21,301 [pool-460-thread-1] INFO  server.RaftServerConfigKeys (ConfUtils.java:logGet(44)) - raft.server.storage.dir = [/github/workspace/mnt/ozone/hadoop-ozone/integration-test/target/test-dir/MiniOzoneClusterImpl-1edd6e2e-9508-44e8-b6bf-1bcd4789e4cf/datanode-2/data/ratis] (custom)
2020-06-11 20:47:21,302 [pool-460-thread-1] INFO  server.RaftServerConfigKeys (ConfUtils.java:logGet(44)) - raft.server.log.corruption.policy = EXCEPTION (default)
2020-06-11 20:47:21,302 [Listener at 127.0.0.1/11436] INFO  ozone.MiniOzoneClusterImpl (MiniOzoneClusterImpl.java:lambda$waitForClusterToBeReady$0(177)) - Nodes are ready. Got 3 of 3 DN Heartbeats.
2020-06-11 20:47:21,303 [pool-460-thread-1] INFO  storage.RaftStorageDirectory (RaftStorageDirectory.java:analyzeStorage(261)) - The storage directory /github/workspace/mnt/ozone/hadoop-ozone/integration-test/target/test-dir/MiniOzoneClusterImpl-1edd6e2e-9508-44e8-b6bf-1bcd4789e4cf/datanode-2/data/ratis/15341fcf-b182-4cf8-b111-9a1883d60c20 does not exist. Creating ...
2020-06-11 20:47:21,303 [Listener at 127.0.0.1/11436] INFO  ozone.MiniOzoneClusterImpl (MiniOzoneClusterImpl.java:lambda$waitForClusterToBeReady$0(180)) - Waiting for cluster to exit safe mode
2020-06-11 20:47:21,304 [pool-460-thread-1] INFO  storage.RaftStorageDirectory (RaftStorageDirectory.java:tryLock(343)) - Lock on /github/workspace/mnt/ozone/hadoop-ozone/integration-test/target/test-dir/MiniOzoneClusterImpl-1edd6e2e-9508-44e8-b6bf-1bcd4789e4cf/datanode-2/data/ratis/15341fcf-b182-4cf8-b111-9a1883d60c20/in_use.lock acquired by nodename 3852@4413dbf4d9a4
2020-06-11 20:47:21,306 [pool-460-thread-1] INFO  storage.RaftStorage (RaftStorage.java:format(84)) - Storage directory /github/workspace/mnt/ozone/hadoop-ozone/integration-test/target/test-dir/MiniOzoneClusterImpl-1edd6e2e-9508-44e8-b6bf-1bcd4789e4cf/datanode-2/data/ratis/15341fcf-b182-4cf8-b111-9a1883d60c20 has been successfully formatted.
2020-06-11 20:47:21,306 [pool-460-thread-1] INFO  ratis.ContainerStateMachine (ContainerStateMachine.java:loadSnapshot(226)) - group-9A1883D60C20: The snapshot info is null. Setting the last applied indexto:(t:0, i:~)
2020-06-11 20:47:21,306 [pool-460-thread-1] INFO  server.RaftServerConfigKeys (ConfUtils.java:logGet(44)) - raft.server.notification.no-leader.timeout = 60s (default)
2020-06-11 20:47:21,306 [pool-460-thread-1] INFO  server.RaftServerConfigKeys (ConfUtils.java:logGet(44)) - raft.server.log.use.memory = false (default)
2020-06-11 20:47:21,306 [pool-460-thread-1] INFO  server.RaftServerConfigKeys (ConfUtils.java:logGet(44)) - raft.server.log.purge.gap = 1000000 (custom)
2020-06-11 20:47:21,306 [pool-460-thread-1] INFO  server.RaftServerConfigKeys (ConfUtils.java:logGet(44)) - raft.server.log.appender.buffer.byte-limit = 33554432 (custom)
2020-06-11 20:47:21,307 [EventQueue-PipelineReportForPipelineReportHandler] INFO  pipeline.PipelineStateManager (PipelineStateManager.java:openPipeline(131)) - Pipeline Pipeline[ Id: 15341fcf-b182-4cf8-b111-9a1883d60c20, Nodes: b4a143ff-7c15-486f-80ea-22f5decb605d{ip: 172.17.0.2, host: 4413dbf4d9a4, networkLocation: /default-rack, certSerialId: null}, Type:RATIS, Factor:ONE, State:ALLOCATED, leaderId:b4a143ff-7c15-486f-80ea-22f5decb605d, CreationTimestamp2020-06-11T20:47:18.301Z] moved to OPEN state
2020-06-11 20:47:21,307 [pool-460-thread-1] INFO  server.RaftServerConfigKeys (ConfUtils.java:logGet(44)) - raft.server.log.segment.size.max = 1048576 (custom)
2020-06-11 20:47:21,307 [EventQueue-OpenPipelineForOneReplicaPipelineSafeModeRule] INFO  safemode.SCMSafeModeManager (SCMSafeModeManager.java:validateSafeModeExitRules(213)) - AtleastOneDatanodeReportedRule rule is successfully validated
2020-06-11 20:47:21,307 [EventQueue-OpenPipelineForHealthyPipelineSafeModeRule] INFO  safemode.SCMSafeModeManager (HealthyPipelineSafeModeRule.java:process(132)) - SCM in safe mode. Healthy pipelines reported count is 0, required healthy pipeline reported count is 1
2020-06-11 20:47:21,307 [pool-460-thread-1] INFO  metrics.RatisMetrics (RatisMetrics.java:lambda$create$0(36)) - Creating Metrics Registry : ratis.log_worker.b4a143ff-7c15-486f-80ea-22f5decb605d@group-9A1883D60C20
2020-06-11 20:47:21,308 [pool-460-thread-1] INFO  server.RaftServerConfigKeys (ConfUtils.java:logGet(44)) - raft.server.log.segment.cache.num.max = 2 (custom)
2020-06-11 20:47:21,308 [pool-460-thread-1] INFO  segmented.SegmentedRaftLogWorker (SegmentedRaftLogWorker.java:<init>(180)) - new b4a143ff-7c15-486f-80ea-22f5decb605d@group-9A1883D60C20-SegmentedRaftLogWorker for RaftStorage:Storage Directory /github/workspace/mnt/ozone/hadoop-ozone/integration-test/target/test-dir/MiniOzoneClusterImpl-1edd6e2e-9508-44e8-b6bf-1bcd4789e4cf/datanode-2/data/ratis/15341fcf-b182-4cf8-b111-9a1883d60c20
2020-06-11 20:47:21,308 [pool-460-thread-1] INFO  server.RaftServerConfigKeys (ConfUtils.java:logGet(44)) - raft.server.log.queue.byte-limit = 2147483647 (custom)
2020-06-11 20:47:21,308 [pool-460-thread-1] INFO  server.RaftServerConfigKeys (ConfUtils.java:logGet(44)) - raft.server.log.queue.element-limit = 1024 (custom)
2020-06-11 20:47:21,308 [pool-460-thread-1] INFO  server.RaftServerConfigKeys (ConfUtils.java:logGet(44)) - raft.server.log.segment.size.max = 1048576 (custom)
2020-06-11 20:47:21,308 [pool-460-thread-1] INFO  server.RaftServerConfigKeys (ConfUtils.java:logGet(44)) - raft.server.log.preallocated.size = 16384 (custom)
2020-06-11 20:47:21,308 [pool-460-thread-1] INFO  server.RaftServerConfigKeys (ConfUtils.java:logGet(44)) - raft.server.log.write.buffer.size = 1048576 (custom)
2020-06-11 20:47:21,308 [pool-460-thread-1] INFO  server.RaftServerConfigKeys (ConfUtils.java:logGet(44)) - raft.server.log.force.sync.num = 128 (default)
2020-06-11 20:47:21,308 [pool-460-thread-1] INFO  server.RaftServerConfigKeys (ConfUtils.java:logGet(44)) - raft.server.log.statemachine.data.sync = true (default)
2020-06-11 20:47:21,309 [pool-460-thread-1] INFO  server.RaftServerConfigKeys (ConfUtils.java:logGet(44)) - raft.server.log.statemachine.data.sync.timeout = 10s (default)
2020-06-11 20:47:21,309 [pool-460-thread-1] INFO  server.RaftServerConfigKeys (ConfUtils.java:logGet(44)) - raft.server.log.statemachine.data.sync.timeout.retry = -1 (default)
2020-06-11 20:47:21,310 [pool-460-thread-1] INFO  server.RaftServerConfigKeys (ConfUtils.java:logGet(44)) - raft.server.log.statemachine.data.caching.enabled = true (custom)
2020-06-11 20:47:21,311 [pool-460-thread-1] INFO  segmented.SegmentedRaftLogWorker (SegmentedRaftLogWorker.java:lambda$new$0(129)) - b4a143ff-7c15-486f-80ea-22f5decb605d@group-9A1883D60C20-SegmentedRaftLogWorker: flushIndex: setUnconditionally 0 -> -1
2020-06-11 20:47:21,311 [pool-460-thread-1] INFO  segmented.SegmentedRaftLogWorker (SegmentedRaftLogWorker.java:lambda$new$0(129)) - b4a143ff-7c15-486f-80ea-22f5decb605d@group-9A1883D60C20-SegmentedRaftLogWorker: safeCacheEvictIndex: setUnconditionally 0 -> -1
2020-06-11 20:47:21,312 [pool-460-thread-1] INFO  server.RaftServerConfigKeys (ConfUtils.java:logGet(44)) - raft.server.snapshot.auto.trigger.enabled = true (custom)
2020-06-11 20:47:21,312 [pool-460-thread-1] INFO  server.RaftServerConfigKeys (ConfUtils.java:logGet(44)) - raft.server.snapshot.auto.trigger.threshold = 10000 (custom)
2020-06-11 20:47:21,312 [pool-460-thread-1] INFO  server.RaftServerConfigKeys (ConfUtils.java:logGet(44)) - raft.server.snapshot.retention.file.num = 5 (custom)
2020-06-11 20:47:21,312 [pool-460-thread-1] INFO  server.RaftServerConfigKeys (ConfUtils.java:logGet(44)) - raft.server.log.purge.upto.snapshot.index = false (default)
2020-06-11 20:47:21,313 [pool-460-thread-1] INFO  server.RaftServerConfigKeys (ConfUtils.java:logGet(44)) - raft.server.retrycache.expirytime = 600000ms (custom)
2020-06-11 20:47:21,313 [pool-460-thread-1] INFO  metrics.RatisMetrics (RatisMetrics.java:lambda$create$0(36)) - Creating Metrics Registry : ratis.leader_election.b4a143ff-7c15-486f-80ea-22f5decb605d@group-9A1883D60C20
2020-06-11 20:47:21,313 [pool-460-thread-1] INFO  metrics.RatisMetrics (RatisMetrics.java:lambda$create$0(36)) - Creating Metrics Registry : ratis.server.b4a143ff-7c15-486f-80ea-22f5decb605d@group-9A1883D60C20
2020-06-11 20:47:21,316 [pool-460-thread-1] INFO  impl.RaftServerImpl (RaftServerImpl.java:start(186)) - b4a143ff-7c15-486f-80ea-22f5decb605d@group-9A1883D60C20: start as a follower, conf=-1: [b4a143ff-7c15-486f-80ea-22f5decb605d:172.17.0.2:34853], old=null
2020-06-11 20:47:21,316 [pool-460-thread-1] INFO  impl.RaftServerImpl (RaftServerImpl.java:setRole(175)) - b4a143ff-7c15-486f-80ea-22f5decb605d@group-9A1883D60C20: changes role from      null to FOLLOWER at term 0 for startAsFollower
2020-06-11 20:47:21,316 [pool-460-thread-1] INFO  impl.RoleInfo (RoleInfo.java:updateAndGet(143)) - b4a143ff-7c15-486f-80ea-22f5decb605d: start FollowerState
2020-06-11 20:47:21,317 [pool-460-thread-1] INFO  util.JmxRegister (JmxRegister.java:tryRegister(44)) - Successfully registered JMX Bean with object name Ratis:service=RaftServer,group=group-9A1883D60C20,id=b4a143ff-7c15-486f-80ea-22f5decb605d
2020-06-11 20:47:21,317 [pool-460-thread-1] INFO  metrics.RatisMetrics (RatisMetrics.java:lambda$create$0(36)) - Creating Metrics Registry : ratis.state_machine.b4a143ff-7c15-486f-80ea-22f5decb605d@group-9A1883D60C20
2020-06-11 20:47:21,318 [Command processor thread] INFO  commandhandler.CreatePipelineCommandHandler (CreatePipelineCommandHandler.java:handle(109)) - Created Pipeline RATIS ONE #id: "15341fcf-b182-4cf8-b111-9a1883d60c20"
.
2020-06-11 20:47:21,356 [grpc-default-executor-0] INFO  ratis.OzoneManagerStateMachine (OzoneManagerStateMachine.java:getLatestSnapshot(147)) - Latest Snapshot Info 0#-1
2020-06-11 20:47:21,357 [grpc-default-executor-4] INFO  ratis.OzoneManagerStateMachine (OzoneManagerStateMachine.java:getLatestSnapshot(147)) - Latest Snapshot Info 0#-1
2020-06-11 20:47:21,860 [grpc-default-executor-4] INFO  ratis.OzoneManagerStateMachine (OzoneManagerStateMachine.java:getLatestSnapshot(147)) - Latest Snapshot Info 0#-1
2020-06-11 20:47:21,860 [grpc-default-executor-0] INFO  ratis.OzoneManagerStateMachine (OzoneManagerStateMachine.java:getLatestSnapshot(147)) - Latest Snapshot Info 0#-1
2020-06-11 20:47:22,303 [Listener at 127.0.0.1/11436] INFO  ozone.MiniOzoneClusterImpl (MiniOzoneClusterImpl.java:lambda$waitForClusterToBeReady$0(177)) - Nodes are ready. Got 3 of 3 DN Heartbeats.
2020-06-11 20:47:22,303 [Listener at 127.0.0.1/11436] INFO  ozone.MiniOzoneClusterImpl (MiniOzoneClusterImpl.java:lambda$waitForClusterToBeReady$0(180)) - Waiting for cluster to exit safe mode
2020-06-11 20:47:22,362 [grpc-default-executor-4] INFO  ratis.OzoneManagerStateMachine (OzoneManagerStateMachine.java:getLatestSnapshot(147)) - Latest Snapshot Info 0#-1
2020-06-11 20:47:22,362 [grpc-default-executor-0] INFO  ratis.OzoneManagerStateMachine (OzoneManagerStateMachine.java:getLatestSnapshot(147)) - Latest Snapshot Info 0#-1
2020-06-11 20:47:22,864 [grpc-default-executor-0] INFO  ratis.OzoneManagerStateMachine (OzoneManagerStateMachine.java:getLatestSnapshot(147)) - Latest Snapshot Info 0#-1
2020-06-11 20:47:22,865 [grpc-default-executor-4] INFO  ratis.OzoneManagerStateMachine (OzoneManagerStateMachine.java:getLatestSnapshot(147)) - Latest Snapshot Info 0#-1
2020-06-11 20:47:23,303 [Listener at 127.0.0.1/11436] INFO  ozone.MiniOzoneClusterImpl (MiniOzoneClusterImpl.java:lambda$waitForClusterToBeReady$0(177)) - Nodes are ready. Got 3 of 3 DN Heartbeats.
2020-06-11 20:47:23,304 [Listener at 127.0.0.1/11436] INFO  ozone.MiniOzoneClusterImpl (MiniOzoneClusterImpl.java:lambda$waitForClusterToBeReady$0(180)) - Waiting for cluster to exit safe mode
2020-06-11 20:47:23,367 [grpc-default-executor-4] INFO  ratis.OzoneManagerStateMachine (OzoneManagerStateMachine.java:getLatestSnapshot(147)) - Latest Snapshot Info 0#-1
2020-06-11 20:47:23,368 [grpc-default-executor-0] INFO  ratis.OzoneManagerStateMachine (OzoneManagerStateMachine.java:getLatestSnapshot(147)) - Latest Snapshot Info 0#-1
2020-06-11 20:47:23,869 [grpc-default-executor-0] INFO  ratis.OzoneManagerStateMachine (OzoneManagerStateMachine.java:getLatestSnapshot(147)) - Latest Snapshot Info 0#-1
2020-06-11 20:47:23,870 [grpc-default-executor-4] INFO  ratis.OzoneManagerStateMachine (OzoneManagerStateMachine.java:getLatestSnapshot(147)) - Latest Snapshot Info 0#-1
2020-06-11 20:47:24,304 [Listener at 127.0.0.1/11436] INFO  ozone.MiniOzoneClusterImpl (MiniOzoneClusterImpl.java:lambda$waitForClusterToBeReady$0(177)) - Nodes are ready. Got 3 of 3 DN Heartbeats.
2020-06-11 20:47:24,304 [Listener at 127.0.0.1/11436] INFO  ozone.MiniOzoneClusterImpl (MiniOzoneClusterImpl.java:lambda$waitForClusterToBeReady$0(180)) - Waiting for cluster to exit safe mode
2020-06-11 20:47:24,371 [grpc-default-executor-4] INFO  ratis.OzoneManagerStateMachine (OzoneManagerStateMachine.java:getLatestSnapshot(147)) - Latest Snapshot Info 0#-1
2020-06-11 20:47:24,371 [grpc-default-executor-0] INFO  ratis.OzoneManagerStateMachine (OzoneManagerStateMachine.java:getLatestSnapshot(147)) - Latest Snapshot Info 0#-1
2020-06-11 20:47:24,873 [grpc-default-executor-0] INFO  ratis.OzoneManagerStateMachine (OzoneManagerStateMachine.java:getLatestSnapshot(147)) - Latest Snapshot Info 0#-1
2020-06-11 20:47:24,875 [grpc-default-executor-0] INFO  ratis.OzoneManagerStateMachine (OzoneManagerStateMachine.java:getLatestSnapshot(147)) - Latest Snapshot Info 0#-1
2020-06-11 20:47:25,305 [Listener at 127.0.0.1/11436] INFO  ozone.MiniOzoneClusterImpl (MiniOzoneClusterImpl.java:lambda$waitForClusterToBeReady$0(177)) - Nodes are ready. Got 3 of 3 DN Heartbeats.
2020-06-11 20:47:25,305 [Listener at 127.0.0.1/11436] INFO  ozone.MiniOzoneClusterImpl (MiniOzoneClusterImpl.java:lambda$waitForClusterToBeReady$0(180)) - Waiting for cluster to exit safe mode
2020-06-11 20:47:25,375 [grpc-default-executor-0] INFO  ratis.OzoneManagerStateMachine (OzoneManagerStateMachine.java:getLatestSnapshot(147)) - Latest Snapshot Info 0#-1
2020-06-11 20:47:25,376 [grpc-default-executor-0] INFO  ratis.OzoneManagerStateMachine (OzoneManagerStateMachine.java:getLatestSnapshot(147)) - Latest Snapshot Info 0#-1
2020-06-11 20:47:25,877 [grpc-default-executor-4] INFO  ratis.OzoneManagerStateMachine (OzoneManagerStateMachine.java:getLatestSnapshot(147)) - Latest Snapshot Info 0#-1
2020-06-11 20:47:25,877 [grpc-default-executor-0] INFO  ratis.OzoneManagerStateMachine (OzoneManagerStateMachine.java:getLatestSnapshot(147)) - Latest Snapshot Info 0#-1
2020-06-11 20:47:25,968 [Thread-1701] INFO  impl.FollowerState (FollowerState.java:run(108)) - 52af0a34-bf0e-42df-b18d-b37a8c27e7c4@group-0EFE0A522D66-FollowerState: change to CANDIDATE, lastRpcTime:5005ms, electionTimeout:5004ms
2020-06-11 20:47:25,968 [Thread-1701] INFO  impl.RoleInfo (RoleInfo.java:shutdownFollowerState(121)) - 52af0a34-bf0e-42df-b18d-b37a8c27e7c4: shutdown FollowerState
2020-06-11 20:47:25,968 [Thread-1701] INFO  impl.RaftServerImpl (RaftServerImpl.java:setRole(175)) - 52af0a34-bf0e-42df-b18d-b37a8c27e7c4@group-0EFE0A522D66: changes role from  FOLLOWER to CANDIDATE at term 0 for changeToCandidate
2020-06-11 20:47:25,968 [Thread-1701] INFO  impl.RoleInfo (RoleInfo.java:updateAndGet(143)) - 52af0a34-bf0e-42df-b18d-b37a8c27e7c4: start LeaderElection
2020-06-11 20:47:25,973 [52af0a34-bf0e-42df-b18d-b37a8c27e7c4@group-0EFE0A522D66-LeaderElection23] INFO  impl.LeaderElection (LeaderElection.java:askForVotes(206)) - 52af0a34-bf0e-42df-b18d-b37a8c27e7c4@group-0EFE0A522D66-LeaderElection23: begin an election at term 1 for -1: [52af0a34-bf0e-42df-b18d-b37a8c27e7c4:172.17.0.2:45795], old=null
2020-06-11 20:47:25,973 [52af0a34-bf0e-42df-b18d-b37a8c27e7c4@group-0EFE0A522D66-LeaderElection23] INFO  impl.RoleInfo (RoleInfo.java:shutdownLeaderElection(134)) - 52af0a34-bf0e-42df-b18d-b37a8c27e7c4: shutdown LeaderElection
2020-06-11 20:47:25,973 [52af0a34-bf0e-42df-b18d-b37a8c27e7c4@group-0EFE0A522D66-LeaderElection23] INFO  impl.RaftServerImpl (RaftServerImpl.java:setRole(175)) - 52af0a34-bf0e-42df-b18d-b37a8c27e7c4@group-0EFE0A522D66: changes role from CANDIDATE to LEADER at term 1 for changeToLeader
2020-06-11 20:47:25,973 [52af0a34-bf0e-42df-b18d-b37a8c27e7c4@group-0EFE0A522D66-LeaderElection23] INFO  ratis.XceiverServerRatis (XceiverServerRatis.java:handleLeaderChangedNotification(762)) - Leader change notification received for group: group-0EFE0A522D66 with new leaderId: 52af0a34-bf0e-42df-b18d-b37a8c27e7c4
2020-06-11 20:47:25,973 [52af0a34-bf0e-42df-b18d-b37a8c27e7c4@group-0EFE0A522D66-LeaderElection23] INFO  impl.RaftServerImpl (ServerState.java:setLeader(255)) - 52af0a34-bf0e-42df-b18d-b37a8c27e7c4@group-0EFE0A522D66: change Leader from null to 52af0a34-bf0e-42df-b18d-b37a8c27e7c4 at term 1 for becomeLeader, leader elected after 5033ms
2020-06-11 20:47:25,973 [52af0a34-bf0e-42df-b18d-b37a8c27e7c4@group-0EFE0A522D66-LeaderElection23] INFO  server.RaftServerConfigKeys (ConfUtils.java:logGet(44)) - raft.server.staging.catchup.gap = 1000 (default)
2020-06-11 20:47:25,973 [52af0a34-bf0e-42df-b18d-b37a8c27e7c4@group-0EFE0A522D66-LeaderElection23] INFO  server.RaftServerConfigKeys (ConfUtils.java:logGet(44)) - raft.server.rpc.sleep.time = 25ms (default)
2020-06-11 20:47:25,974 [52af0a34-bf0e-42df-b18d-b37a8c27e7c4@group-0EFE0A522D66-LeaderElection23] INFO  metrics.RatisMetrics (RatisMetrics.java:lambda$create$0(36)) - Creating Metrics Registry : ratis.log_appender.52af0a34-bf0e-42df-b18d-b37a8c27e7c4@group-0EFE0A522D66
2020-06-11 20:47:25,984 [52af0a34-bf0e-42df-b18d-b37a8c27e7c4@group-0EFE0A522D66-LeaderElection23] INFO  server.RaftServerConfigKeys (ConfUtils.java:logGet(44)) - raft.server.write.element-limit = 1024 (custom)
2020-06-11 20:47:25,985 [52af0a34-bf0e-42df-b18d-b37a8c27e7c4@group-0EFE0A522D66-LeaderElection23] INFO  server.RaftServerConfigKeys (ConfUtils.java:logGet(44)) - raft.server.write.byte-limit = 1073741824 (custom)
2020-06-11 20:47:25,985 [52af0a34-bf0e-42df-b18d-b37a8c27e7c4@group-0EFE0A522D66-LeaderElection23] INFO  server.RaftServerConfigKeys (ConfUtils.java:logGet(44)) - raft.server.watch.timeout = 180s (custom)
2020-06-11 20:47:25,985 [52af0a34-bf0e-42df-b18d-b37a8c27e7c4@group-0EFE0A522D66-LeaderElection23] INFO  server.RaftServerConfigKeys (ConfUtils.java:logGet(44)) - raft.server.watch.timeout.denomination = 1s (default)
2020-06-11 20:47:25,985 [52af0a34-bf0e-42df-b18d-b37a8c27e7c4@group-0EFE0A522D66-LeaderElection23] INFO  server.RaftServerConfigKeys (ConfUtils.java:logGet(44)) - raft.server.watch.element-limit = 65536 (default)
2020-06-11 20:47:25,985 [52af0a34-bf0e-42df-b18d-b37a8c27e7c4@group-0EFE0A522D66-LeaderElection23] INFO  impl.RoleInfo (RoleInfo.java:updateAndGet(143)) - 52af0a34-bf0e-42df-b18d-b37a8c27e7c4: start LeaderState
2020-06-11 20:47:25,986 [52af0a34-bf0e-42df-b18d-b37a8c27e7c4@group-0EFE0A522D66-LeaderElection23] INFO  segmented.SegmentedRaftLogWorker (SegmentedRaftLogWorker.java:startLogSegment(397)) - 52af0a34-bf0e-42df-b18d-b37a8c27e7c4@group-0EFE0A522D66-SegmentedRaftLogWorker: Starting segment from index:0
2020-06-11 20:47:25,987 [52af0a34-bf0e-42df-b18d-b37a8c27e7c4@group-0EFE0A522D66-SegmentedRaftLogWorker] INFO  segmented.SegmentedRaftLogWorker (SegmentedRaftLogWorker.java:execute(596)) - 52af0a34-bf0e-42df-b18d-b37a8c27e7c4@group-0EFE0A522D66-SegmentedRaftLogWorker: created new log segment /github/workspace/mnt/ozone/hadoop-ozone/integration-test/target/test-dir/MiniOzoneClusterImpl-1edd6e2e-9508-44e8-b6bf-1bcd4789e4cf/datanode-0/data/ratis/2b10b51f-b6da-4e9a-8587-0efe0a522d66/current/log_inprogress_0
2020-06-11 20:47:25,992 [52af0a34-bf0e-42df-b18d-b37a8c27e7c4@group-0EFE0A522D66-LeaderElection23] INFO  impl.RaftServerImpl (ServerState.java:setRaftConf(356)) - 52af0a34-bf0e-42df-b18d-b37a8c27e7c4@group-0EFE0A522D66: set configuration 0: [52af0a34-bf0e-42df-b18d-b37a8c27e7c4:172.17.0.2:45795], old=null at 0
2020-06-11 20:47:26,075 [Thread-1708] INFO  impl.FollowerState (FollowerState.java:run(108)) - 151e5581-bdfa-4d31-9efc-bf6934df9aa9@group-4A0AE234DB48-FollowerState: change to CANDIDATE, lastRpcTime:5044ms, electionTimeout:5042ms
2020-06-11 20:47:26,075 [Thread-1708] INFO  impl.RoleInfo (RoleInfo.java:shutdownFollowerState(121)) - 151e5581-bdfa-4d31-9efc-bf6934df9aa9: shutdown FollowerState
2020-06-11 20:47:26,075 [Thread-1708] INFO  impl.RaftServerImpl (RaftServerImpl.java:setRole(175)) - 151e5581-bdfa-4d31-9efc-bf6934df9aa9@group-4A0AE234DB48: changes role from  FOLLOWER to CANDIDATE at term 0 for changeToCandidate
2020-06-11 20:47:26,075 [Thread-1708] INFO  impl.RoleInfo (RoleInfo.java:updateAndGet(143)) - 151e5581-bdfa-4d31-9efc-bf6934df9aa9: start LeaderElection
2020-06-11 20:47:26,081 [151e5581-bdfa-4d31-9efc-bf6934df9aa9@group-4A0AE234DB48-LeaderElection24] INFO  impl.LeaderElection (LeaderElection.java:askForVotes(206)) - 151e5581-bdfa-4d31-9efc-bf6934df9aa9@group-4A0AE234DB48-LeaderElection24: begin an election at term 1 for -1: [151e5581-bdfa-4d31-9efc-bf6934df9aa9:172.17.0.2:35997], old=null
2020-06-11 20:47:26,081 [151e5581-bdfa-4d31-9efc-bf6934df9aa9@group-4A0AE234DB48-LeaderElection24] INFO  impl.RoleInfo (RoleInfo.java:shutdownLeaderElection(134)) - 151e5581-bdfa-4d31-9efc-bf6934df9aa9: shutdown LeaderElection
2020-06-11 20:47:26,081 [151e5581-bdfa-4d31-9efc-bf6934df9aa9@group-4A0AE234DB48-LeaderElection24] INFO  impl.RaftServerImpl (RaftServerImpl.java:setRole(175)) - 151e5581-bdfa-4d31-9efc-bf6934df9aa9@group-4A0AE234DB48: changes role from CANDIDATE to LEADER at term 1 for changeToLeader
2020-06-11 20:47:26,081 [151e5581-bdfa-4d31-9efc-bf6934df9aa9@group-4A0AE234DB48-LeaderElection24] INFO  ratis.XceiverServerRatis (XceiverServerRatis.java:handleLeaderChangedNotification(762)) - Leader change notification received for group: group-4A0AE234DB48 with new leaderId: 151e5581-bdfa-4d31-9efc-bf6934df9aa9
2020-06-11 20:47:26,081 [151e5581-bdfa-4d31-9efc-bf6934df9aa9@group-4A0AE234DB48-LeaderElection24] INFO  impl.RaftServerImpl (ServerState.java:setLeader(255)) - 151e5581-bdfa-4d31-9efc-bf6934df9aa9@group-4A0AE234DB48: change Leader from null to 151e5581-bdfa-4d31-9efc-bf6934df9aa9 at term 1 for becomeLeader, leader elected after 5061ms
2020-06-11 20:47:26,081 [151e5581-bdfa-4d31-9efc-bf6934df9aa9@group-4A0AE234DB48-LeaderElection24] INFO  server.RaftServerConfigKeys (ConfUtils.java:logGet(44)) - raft.server.staging.catchup.gap = 1000 (default)
2020-06-11 20:47:26,083 [151e5581-bdfa-4d31-9efc-bf6934df9aa9@group-4A0AE234DB48-LeaderElection24] INFO  server.RaftServerConfigKeys (ConfUtils.java:logGet(44)) - raft.server.rpc.sleep.time = 25ms (default)
2020-06-11 20:47:26,083 [151e5581-bdfa-4d31-9efc-bf6934df9aa9@group-4A0AE234DB48-LeaderElection24] INFO  metrics.RatisMetrics (RatisMetrics.java:lambda$create$0(36)) - Creating Metrics Registry : ratis.log_appender.151e5581-bdfa-4d31-9efc-bf6934df9aa9@group-4A0AE234DB48
2020-06-11 20:47:26,083 [151e5581-bdfa-4d31-9efc-bf6934df9aa9@group-4A0AE234DB48-LeaderElection24] INFO  server.RaftServerConfigKeys (ConfUtils.java:logGet(44)) - raft.server.write.element-limit = 1024 (custom)
2020-06-11 20:47:26,084 [151e5581-bdfa-4d31-9efc-bf6934df9aa9@group-4A0AE234DB48-LeaderElection24] INFO  server.RaftServerConfigKeys (ConfUtils.java:logGet(44)) - raft.server.write.byte-limit = 1073741824 (custom)
2020-06-11 20:47:26,084 [151e5581-bdfa-4d31-9efc-bf6934df9aa9@group-4A0AE234DB48-LeaderElection24] INFO  server.RaftServerConfigKeys (ConfUtils.java:logGet(44)) - raft.server.watch.timeout = 180s (custom)
2020-06-11 20:47:26,085 [151e5581-bdfa-4d31-9efc-bf6934df9aa9@group-4A0AE234DB48-LeaderElection24] INFO  server.RaftServerConfigKeys (ConfUtils.java:logGet(44)) - raft.server.watch.timeout.denomination = 1s (default)
2020-06-11 20:47:26,085 [151e5581-bdfa-4d31-9efc-bf6934df9aa9@group-4A0AE234DB48-LeaderElection24] INFO  server.RaftServerConfigKeys (ConfUtils.java:logGet(44)) - raft.server.watch.element-limit = 65536 (default)
2020-06-11 20:47:26,086 [151e5581-bdfa-4d31-9efc-bf6934df9aa9@group-4A0AE234DB48-LeaderElection24] INFO  impl.RoleInfo (RoleInfo.java:updateAndGet(143)) - 151e5581-bdfa-4d31-9efc-bf6934df9aa9: start LeaderState
2020-06-11 20:47:26,086 [151e5581-bdfa-4d31-9efc-bf6934df9aa9@group-4A0AE234DB48-LeaderElection24] INFO  segmented.SegmentedRaftLogWorker (SegmentedRaftLogWorker.java:startLogSegment(397)) - 151e5581-bdfa-4d31-9efc-bf6934df9aa9@group-4A0AE234DB48-SegmentedRaftLogWorker: Starting segment from index:0
2020-06-11 20:47:26,087 [151e5581-bdfa-4d31-9efc-bf6934df9aa9@group-4A0AE234DB48-LeaderElection24] INFO  impl.RaftServerImpl (ServerState.java:setRaftConf(356)) - 151e5581-bdfa-4d31-9efc-bf6934df9aa9@group-4A0AE234DB48: set configuration 0: [151e5581-bdfa-4d31-9efc-bf6934df9aa9:172.17.0.2:35997], old=null at 0
2020-06-11 20:47:26,087 [151e5581-bdfa-4d31-9efc-bf6934df9aa9@group-4A0AE234DB48-SegmentedRaftLogWorker] INFO  segmented.SegmentedRaftLogWorker (SegmentedRaftLogWorker.java:execute(596)) - 151e5581-bdfa-4d31-9efc-bf6934df9aa9@group-4A0AE234DB48-SegmentedRaftLogWorker: created new log segment /github/workspace/mnt/ozone/hadoop-ozone/integration-test/target/test-dir/MiniOzoneClusterImpl-1edd6e2e-9508-44e8-b6bf-1bcd4789e4cf/datanode-1/data/ratis/b20f5803-9f36-4e7a-bff1-4a0ae234db48/current/log_inprogress_0
2020-06-11 20:47:26,135 [Thread-1703] INFO  impl.FollowerState (FollowerState.java:run(108)) - 52af0a34-bf0e-42df-b18d-b37a8c27e7c4@group-39BAEE5A5448-FollowerState: change to CANDIDATE, lastRpcTime:5160ms, electionTimeout:5159ms
2020-06-11 20:47:26,135 [Thread-1703] INFO  impl.RoleInfo (RoleInfo.java:shutdownFollowerState(121)) - 52af0a34-bf0e-42df-b18d-b37a8c27e7c4: shutdown FollowerState
2020-06-11 20:47:26,135 [Thread-1703] INFO  impl.RaftServerImpl (RaftServerImpl.java:setRole(175)) - 52af0a34-bf0e-42df-b18d-b37a8c27e7c4@group-39BAEE5A5448: changes role from  FOLLOWER to CANDIDATE at term 0 for changeToCandidate
2020-06-11 20:47:26,135 [Thread-1703] INFO  impl.RoleInfo (RoleInfo.java:updateAndGet(143)) - 52af0a34-bf0e-42df-b18d-b37a8c27e7c4: start LeaderElection
2020-06-11 20:47:26,141 [52af0a34-bf0e-42df-b18d-b37a8c27e7c4@group-39BAEE5A5448-LeaderElection25] INFO  impl.LeaderElection (LeaderElection.java:askForVotes(206)) - 52af0a34-bf0e-42df-b18d-b37a8c27e7c4@group-39BAEE5A5448-LeaderElection25: begin an election at term 1 for -1: [b4a143ff-7c15-486f-80ea-22f5decb605d:172.17.0.2:34853, 52af0a34-bf0e-42df-b18d-b37a8c27e7c4:172.17.0.2:45795, 151e5581-bdfa-4d31-9efc-bf6934df9aa9:172.17.0.2:35997], old=null
2020-06-11 20:47:26,148 [grpc-default-executor-0] INFO  impl.RaftServerImpl (RaftServerImpl.java:setRole(175)) - b4a143ff-7c15-486f-80ea-22f5decb605d@group-39BAEE5A5448: changes role from  FOLLOWER to FOLLOWER at term 1 for recognizeCandidate:52af0a34-bf0e-42df-b18d-b37a8c27e7c4
2020-06-11 20:47:26,148 [grpc-default-executor-0] INFO  impl.RoleInfo (RoleInfo.java:shutdownFollowerState(121)) - b4a143ff-7c15-486f-80ea-22f5decb605d: shutdown FollowerState
2020-06-11 20:47:26,148 [grpc-default-executor-0] INFO  impl.RoleInfo (RoleInfo.java:updateAndGet(143)) - b4a143ff-7c15-486f-80ea-22f5decb605d: start FollowerState
2020-06-11 20:47:26,148 [Thread-1710] INFO  impl.FollowerState (FollowerState.java:run(117)) - b4a143ff-7c15-486f-80ea-22f5decb605d@group-39BAEE5A5448-FollowerState was interrupted: java.lang.InterruptedException: sleep interrupted
2020-06-11 20:47:26,164 [52af0a34-bf0e-42df-b18d-b37a8c27e7c4@group-39BAEE5A5448-LeaderElection25] INFO  impl.LeaderElection (LeaderElection.java:logAndReturn(61)) - 52af0a34-bf0e-42df-b18d-b37a8c27e7c4@group-39BAEE5A5448-LeaderElection25: Election PASSED; received 1 response(s) [52af0a34-bf0e-42df-b18d-b37a8c27e7c4<-b4a143ff-7c15-486f-80ea-22f5decb605d#0:OK-t1] and 0 exception(s); 52af0a34-bf0e-42df-b18d-b37a8c27e7c4@group-39BAEE5A5448:t1, leader=null, voted=52af0a34-bf0e-42df-b18d-b37a8c27e7c4, raftlog=52af0a34-bf0e-42df-b18d-b37a8c27e7c4@group-39BAEE5A5448-SegmentedRaftLog:OPENED:c-1,f-1,i0, conf=-1: [b4a143ff-7c15-486f-80ea-22f5decb605d:172.17.0.2:34853, 52af0a34-bf0e-42df-b18d-b37a8c27e7c4:172.17.0.2:45795, 151e5581-bdfa-4d31-9efc-bf6934df9aa9:172.17.0.2:35997], old=null
2020-06-11 20:47:26,165 [grpc-default-executor-4] INFO  impl.RaftServerImpl (RaftServerImpl.java:setRole(175)) - 151e5581-bdfa-4d31-9efc-bf6934df9aa9@group-39BAEE5A5448: changes role from  FOLLOWER to FOLLOWER at term 1 for recognizeCandidate:52af0a34-bf0e-42df-b18d-b37a8c27e7c4
2020-06-11 20:47:26,165 [grpc-default-executor-4] INFO  impl.RoleInfo (RoleInfo.java:shutdownFollowerState(121)) - 151e5581-bdfa-4d31-9efc-bf6934df9aa9: shutdown FollowerState
2020-06-11 20:47:26,165 [52af0a34-bf0e-42df-b18d-b37a8c27e7c4@group-39BAEE5A5448-LeaderElection25] INFO  impl.RoleInfo (RoleInfo.java:shutdownLeaderElection(134)) - 52af0a34-bf0e-42df-b18d-b37a8c27e7c4: shutdown LeaderElection
2020-06-11 20:47:26,165 [Thread-1706] INFO  impl.FollowerState (FollowerState.java:run(117)) - 151e5581-bdfa-4d31-9efc-bf6934df9aa9@group-39BAEE5A5448-FollowerState was interrupted: java.lang.InterruptedException: sleep interrupted
2020-06-11 20:47:26,165 [grpc-default-executor-4] INFO  impl.RoleInfo (RoleInfo.java:updateAndGet(143)) - 151e5581-bdfa-4d31-9efc-bf6934df9aa9: start FollowerState
2020-06-11 20:47:26,167 [52af0a34-bf0e-42df-b18d-b37a8c27e7c4@group-39BAEE5A5448-LeaderElection25] INFO  impl.RaftServerImpl (RaftServerImpl.java:setRole(175)) - 52af0a34-bf0e-42df-b18d-b37a8c27e7c4@group-39BAEE5A5448: changes role from CANDIDATE to LEADER at term 1 for changeToLeader
2020-06-11 20:47:26,167 [52af0a34-bf0e-42df-b18d-b37a8c27e7c4@group-39BAEE5A5448-LeaderElection25] INFO  ratis.XceiverServerRatis (XceiverServerRatis.java:handleLeaderChangedNotification(762)) - Leader change notification received for group: group-39BAEE5A5448 with new leaderId: 52af0a34-bf0e-42df-b18d-b37a8c27e7c4
2020-06-11 20:47:26,167 [52af0a34-bf0e-42df-b18d-b37a8c27e7c4@group-39BAEE5A5448-LeaderElection25] INFO  impl.RaftServerImpl (ServerState.java:setLeader(255)) - 52af0a34-bf0e-42df-b18d-b37a8c27e7c4@group-39BAEE5A5448: change Leader from null to 52af0a34-bf0e-42df-b18d-b37a8c27e7c4 at term 1 for becomeLeader, leader elected after 5198ms
2020-06-11 20:47:26,168 [52af0a34-bf0e-42df-b18d-b37a8c27e7c4@group-39BAEE5A5448-LeaderElection25] INFO  server.RaftServerConfigKeys (ConfUtils.java:logGet(44)) - raft.server.staging.catchup.gap = 1000 (default)
2020-06-11 20:47:26,168 [52af0a34-bf0e-42df-b18d-b37a8c27e7c4@group-39BAEE5A5448-LeaderElection25] INFO  server.RaftServerConfigKeys (ConfUtils.java:logGet(44)) - raft.server.rpc.sleep.time = 25ms (default)
2020-06-11 20:47:26,168 [52af0a34-bf0e-42df-b18d-b37a8c27e7c4@group-39BAEE5A5448-LeaderElection25] INFO  metrics.RatisMetrics (RatisMetrics.java:lambda$create$0(36)) - Creating Metrics Registry : ratis.log_appender.52af0a34-bf0e-42df-b18d-b37a8c27e7c4@group-39BAEE5A5448
2020-06-11 20:47:26,169 [52af0a34-bf0e-42df-b18d-b37a8c27e7c4@group-39BAEE5A5448-LeaderElection25] INFO  server.RaftServerConfigKeys (ConfUtils.java:logGet(44)) - raft.server.write.element-limit = 1024 (custom)
2020-06-11 20:47:26,169 [52af0a34-bf0e-42df-b18d-b37a8c27e7c4@group-39BAEE5A5448-LeaderElection25] INFO  server.RaftServerConfigKeys (ConfUtils.java:logGet(44)) - raft.server.write.byte-limit = 1073741824 (custom)
2020-06-11 20:47:26,169 [EventQueue-PipelineReportForPipelineReportHandler] INFO  pipeline.PipelineStateManager (PipelineStateManager.java:openPipeline(131)) - Pipeline Pipeline[ Id: 40d843be-a86a-44da-b46d-39baee5a5448, Nodes: 151e5581-bdfa-4d31-9efc-bf6934df9aa9{ip: 172.17.0.2, host: 4413dbf4d9a4, networkLocation: /default-rack, certSerialId: null}b4a143ff-7c15-486f-80ea-22f5decb605d{ip: 172.17.0.2, host: 4413dbf4d9a4, networkLocation: /default-rack, certSerialId: null}52af0a34-bf0e-42df-b18d-b37a8c27e7c4{ip: 172.17.0.2, host: 4413dbf4d9a4, networkLocation: /default-rack, certSerialId: null}, Type:RATIS, Factor:THREE, State:ALLOCATED, leaderId:52af0a34-bf0e-42df-b18d-b37a8c27e7c4, CreationTimestamp2020-06-11T20:47:18.303Z] moved to OPEN state
2020-06-11 20:47:26,170 [EventQueue-OpenPipelineForOneReplicaPipelineSafeModeRule] INFO  safemode.SCMSafeModeManager (SCMSafeModeManager.java:validateSafeModeExitRules(213)) - AtleastOneDatanodeReportedRule rule is successfully validated
2020-06-11 20:47:26,170 [EventQueue-OpenPipelineForHealthyPipelineSafeModeRule] INFO  safemode.SCMSafeModeManager (HealthyPipelineSafeModeRule.java:process(132)) - SCM in safe mode. Healthy pipelines reported count is 1, required healthy pipeline reported count is 1
2020-06-11 20:47:26,170 [EventQueue-OpenPipelineForHealthyPipelineSafeModeRule] INFO  safemode.SCMSafeModeManager (SCMSafeModeManager.java:validateSafeModeExitRules(213)) - HealthyPipelineSafeModeRule rule is successfully validated
2020-06-11 20:47:26,171 [EventQueue-OpenPipelineForHealthyPipelineSafeModeRule] INFO  safemode.SCMSafeModeManager (SCMSafeModeManager.java:validateSafeModeExitRules(227)) - ScmSafeModeManager, all rules are successfully validated
2020-06-11 20:47:26,171 [EventQueue-OpenPipelineForHealthyPipelineSafeModeRule] INFO  safemode.SCMSafeModeManager (SCMSafeModeManager.java:exitSafeMode(256)) - SCM exiting safe mode.
2020-06-11 20:47:26,171 [52af0a34-bf0e-42df-b18d-b37a8c27e7c4@group-39BAEE5A5448-LeaderElection25] INFO  server.RaftServerConfigKeys (ConfUtils.java:logGet(44)) - raft.server.watch.timeout = 180s (custom)
2020-06-11 20:47:26,171 [52af0a34-bf0e-42df-b18d-b37a8c27e7c4@group-39BAEE5A5448-LeaderElection25] INFO  server.RaftServerConfigKeys (ConfUtils.java:logGet(44)) - raft.server.watch.timeout.denomination = 1s (default)
2020-06-11 20:47:26,171 [52af0a34-bf0e-42df-b18d-b37a8c27e7c4@group-39BAEE5A5448-LeaderElection25] INFO  server.RaftServerConfigKeys (ConfUtils.java:logGet(44)) - raft.server.watch.element-limit = 65536 (default)
2020-06-11 20:47:26,171 [52af0a34-bf0e-42df-b18d-b37a8c27e7c4@group-39BAEE5A5448-LeaderElection25] INFO  server.RaftServerConfigKeys (ConfUtils.java:logGet(44)) - raft.server.log.appender.snapshot.chunk.size.max = 16MB (=16777216) (default)
2020-06-11 20:47:26,171 [52af0a34-bf0e-42df-b18d-b37a8c27e7c4@group-39BAEE5A5448-LeaderElection25] INFO  server.RaftServerConfigKeys (ConfUtils.java:logGet(44)) - raft.server.log.appender.buffer.byte-limit = 33554432 (custom)
2020-06-11 20:47:26,171 [52af0a34-bf0e-42df-b18d-b37a8c27e7c4@group-39BAEE5A5448-LeaderElection25] INFO  server.RaftServerConfigKeys (ConfUtils.java:logGet(44)) - raft.server.log.appender.buffer.element-limit = 1 (custom)
2020-06-11 20:47:26,180 [52af0a34-bf0e-42df-b18d-b37a8c27e7c4@group-39BAEE5A5448-LeaderElection25] INFO  grpc.GrpcConfigKeys (ConfUtils.java:logGet(44)) - raft.grpc.server.leader.outstanding.appends.max = 128 (default)
2020-06-11 20:47:26,181 [52af0a34-bf0e-42df-b18d-b37a8c27e7c4@group-39BAEE5A5448-LeaderElection25] INFO  server.RaftServerConfigKeys (ConfUtils.java:logGet(44)) - raft.server.rpc.request.timeout = 60s (custom)
2020-06-11 20:47:26,181 [52af0a34-bf0e-42df-b18d-b37a8c27e7c4@group-39BAEE5A5448-LeaderElection25] INFO  server.RaftServerConfigKeys (ConfUtils.java:logGet(44)) - raft.server.log.appender.install.snapshot.enabled = false (custom)
2020-06-11 20:47:26,181 [52af0a34-bf0e-42df-b18d-b37a8c27e7c4@group-39BAEE5A5448-LeaderElection25] INFO  metrics.RatisMetrics (RatisMetrics.java:lambda$create$0(36)) - Creating Metrics Registry : ratis_grpc.log_appender.52af0a34-bf0e-42df-b18d-b37a8c27e7c4@group-39BAEE5A5448
2020-06-11 20:47:26,182 [52af0a34-bf0e-42df-b18d-b37a8c27e7c4@group-39BAEE5A5448-LeaderElection25] INFO  server.RaftServerConfigKeys (ConfUtils.java:logGet(44)) - raft.server.log.appender.snapshot.chunk.size.max = 16MB (=16777216) (default)
2020-06-11 20:47:26,182 [52af0a34-bf0e-42df-b18d-b37a8c27e7c4@group-39BAEE5A5448-LeaderElection25] INFO  server.RaftServerConfigKeys (ConfUtils.java:logGet(44)) - raft.server.log.appender.buffer.byte-limit = 33554432 (custom)
2020-06-11 20:47:26,182 [52af0a34-bf0e-42df-b18d-b37a8c27e7c4@group-39BAEE5A5448-LeaderElection25] INFO  server.RaftServerConfigKeys (ConfUtils.java:logGet(44)) - raft.server.log.appender.buffer.element-limit = 1 (custom)
2020-06-11 20:47:26,182 [52af0a34-bf0e-42df-b18d-b37a8c27e7c4@group-39BAEE5A5448-LeaderElection25] INFO  grpc.GrpcConfigKeys (ConfUtils.java:logGet(44)) - raft.grpc.server.leader.outstanding.appends.max = 128 (default)
2020-06-11 20:47:26,182 [52af0a34-bf0e-42df-b18d-b37a8c27e7c4@group-39BAEE5A5448-LeaderElection25] INFO  server.RaftServerConfigKeys (ConfUtils.java:logGet(44)) - raft.server.rpc.request.timeout = 60s (custom)
2020-06-11 20:47:26,183 [52af0a34-bf0e-42df-b18d-b37a8c27e7c4@group-39BAEE5A5448-LeaderElection25] INFO  server.RaftServerConfigKeys (ConfUtils.java:logGet(44)) - raft.server.log.appender.install.snapshot.enabled = false (custom)
2020-06-11 20:47:26,184 [52af0a34-bf0e-42df-b18d-b37a8c27e7c4@group-39BAEE5A5448-LeaderElection25] INFO  impl.RoleInfo (RoleInfo.java:updateAndGet(143)) - 52af0a34-bf0e-42df-b18d-b37a8c27e7c4: start LeaderState
2020-06-11 20:47:26,184 [52af0a34-bf0e-42df-b18d-b37a8c27e7c4@group-39BAEE5A5448-LeaderElection25] INFO  segmented.SegmentedRaftLogWorker (SegmentedRaftLogWorker.java:startLogSegment(397)) - 52af0a34-bf0e-42df-b18d-b37a8c27e7c4@group-39BAEE5A5448-SegmentedRaftLogWorker: Starting segment from index:0
2020-06-11 20:47:26,186 [52af0a34-bf0e-42df-b18d-b37a8c27e7c4@group-39BAEE5A5448-SegmentedRaftLogWorker] INFO  segmented.SegmentedRaftLogWorker (SegmentedRaftLogWorker.java:execute(596)) - 52af0a34-bf0e-42df-b18d-b37a8c27e7c4@group-39BAEE5A5448-SegmentedRaftLogWorker: created new log segment /github/workspace/mnt/ozone/hadoop-ozone/integration-test/target/test-dir/MiniOzoneClusterImpl-1edd6e2e-9508-44e8-b6bf-1bcd4789e4cf/datanode-0/data/ratis/40d843be-a86a-44da-b46d-39baee5a5448/current/log_inprogress_0
2020-06-11 20:47:26,188 [52af0a34-bf0e-42df-b18d-b37a8c27e7c4@group-39BAEE5A5448-LeaderElection25] INFO  impl.RaftServerImpl (ServerState.java:setRaftConf(356)) - 52af0a34-bf0e-42df-b18d-b37a8c27e7c4@group-39BAEE5A5448: set configuration 0: [b4a143ff-7c15-486f-80ea-22f5decb605d:172.17.0.2:34853, 52af0a34-bf0e-42df-b18d-b37a8c27e7c4:172.17.0.2:45795, 151e5581-bdfa-4d31-9efc-bf6934df9aa9:172.17.0.2:35997], old=null at 0
2020-06-11 20:47:26,190 [grpc-default-executor-4] INFO  ratis.XceiverServerRatis (XceiverServerRatis.java:handleLeaderChangedNotification(762)) - Leader change notification received for group: group-39BAEE5A5448 with new leaderId: 52af0a34-bf0e-42df-b18d-b37a8c27e7c4
2020-06-11 20:47:26,190 [grpc-default-executor-4] INFO  impl.RaftServerImpl (ServerState.java:setLeader(255)) - b4a143ff-7c15-486f-80ea-22f5decb605d@group-39BAEE5A5448: change Leader from null to 52af0a34-bf0e-42df-b18d-b37a8c27e7c4 at term 1 for appendEntries, leader elected after 5134ms
2020-06-11 20:47:26,198 [grpc-default-executor-0] INFO  ratis.XceiverServerRatis (XceiverServerRatis.java:handleLeaderChangedNotification(762)) - Leader change notification received for group: group-39BAEE5A5448 with new leaderId: 52af0a34-bf0e-42df-b18d-b37a8c27e7c4
2020-06-11 20:47:26,198 [grpc-default-executor-0] INFO  impl.RaftServerImpl (ServerState.java:setLeader(255)) - 151e5581-bdfa-4d31-9efc-bf6934df9aa9@group-39BAEE5A5448: change Leader from null to 52af0a34-bf0e-42df-b18d-b37a8c27e7c4 at term 1 for appendEntries, leader elected after 5190ms
2020-06-11 20:47:26,205 [grpc-default-executor-4] INFO  impl.RaftServerImpl (ServerState.java:setRaftConf(356)) - b4a143ff-7c15-486f-80ea-22f5decb605d@group-39BAEE5A5448: set configuration 0: [b4a143ff-7c15-486f-80ea-22f5decb605d:172.17.0.2:34853, 52af0a34-bf0e-42df-b18d-b37a8c27e7c4:172.17.0.2:45795, 151e5581-bdfa-4d31-9efc-bf6934df9aa9:172.17.0.2:35997], old=null at 0
2020-06-11 20:47:26,206 [grpc-default-executor-4] INFO  segmented.SegmentedRaftLogWorker (SegmentedRaftLogWorker.java:startLogSegment(397)) - b4a143ff-7c15-486f-80ea-22f5decb605d@group-39BAEE5A5448-SegmentedRaftLogWorker: Starting segment from index:0
2020-06-11 20:47:26,206 [grpc-default-executor-2] INFO  impl.RaftServerImpl (ServerState.java:setRaftConf(356)) - 151e5581-bdfa-4d31-9efc-bf6934df9aa9@group-39BAEE5A5448: set configuration 0: [b4a143ff-7c15-486f-80ea-22f5decb605d:172.17.0.2:34853, 52af0a34-bf0e-42df-b18d-b37a8c27e7c4:172.17.0.2:45795, 151e5581-bdfa-4d31-9efc-bf6934df9aa9:172.17.0.2:35997], old=null at 0
2020-06-11 20:47:26,207 [grpc-default-executor-2] INFO  segmented.SegmentedRaftLogWorker (SegmentedRaftLogWorker.java:startLogSegment(397)) - 151e5581-bdfa-4d31-9efc-bf6934df9aa9@group-39BAEE5A5448-SegmentedRaftLogWorker: Starting segment from index:0
2020-06-11 20:47:26,207 [b4a143ff-7c15-486f-80ea-22f5decb605d@group-39BAEE5A5448-SegmentedRaftLogWorker] INFO  segmented.SegmentedRaftLogWorker (SegmentedRaftLogWorker.java:execute(596)) - b4a143ff-7c15-486f-80ea-22f5decb605d@group-39BAEE5A5448-SegmentedRaftLogWorker: created new log segment /github/workspace/mnt/ozone/hadoop-ozone/integration-test/target/test-dir/MiniOzoneClusterImpl-1edd6e2e-9508-44e8-b6bf-1bcd4789e4cf/datanode-2/data/ratis/40d843be-a86a-44da-b46d-39baee5a5448/current/log_inprogress_0
2020-06-11 20:47:26,209 [151e5581-bdfa-4d31-9efc-bf6934df9aa9@group-39BAEE5A5448-SegmentedRaftLogWorker] INFO  segmented.SegmentedRaftLogWorker (SegmentedRaftLogWorker.java:execute(596)) - 151e5581-bdfa-4d31-9efc-bf6934df9aa9@group-39BAEE5A5448-SegmentedRaftLogWorker: created new log segment /github/workspace/mnt/ozone/hadoop-ozone/integration-test/target/test-dir/MiniOzoneClusterImpl-1edd6e2e-9508-44e8-b6bf-1bcd4789e4cf/datanode-1/data/ratis/40d843be-a86a-44da-b46d-39baee5a5448/current/log_inprogress_0
2020-06-11 20:47:26,305 [Listener at 127.0.0.1/11436] INFO  ozone.MiniOzoneClusterImpl (MiniOzoneClusterImpl.java:lambda$waitForClusterToBeReady$0(177)) - Nodes are ready. Got 3 of 3 DN Heartbeats.
2020-06-11 20:47:26,306 [Listener at 127.0.0.1/11436] INFO  ozone.MiniOzoneClusterImpl (MiniOzoneClusterImpl.java:lambda$waitForClusterToBeReady$0(180)) - Cluster exits safe mode
2020-06-11 20:47:26,333 [Listener at 127.0.0.1/11436] INFO  rpc.RpcClient (RpcClient.java:createVolume(310)) - Creating Volume: volume12019, with user82783 as owner.
2020-06-11 20:47:26,336 [grpc-default-executor-2] INFO  ratis.OzoneManagerStateMachine (OzoneManagerStateMachine.java:getLatestSnapshot(147)) - Latest Snapshot Info 0#-1
2020-06-11 20:47:26,336 [grpc-default-executor-2] INFO  ratis.OzoneManagerStateMachine (OzoneManagerStateMachine.java:getLatestSnapshot(147)) - Latest Snapshot Info 0#-1
2020-06-11 20:47:26,339 [grpc-default-executor-2] INFO  ratis.OzoneManagerStateMachine (OzoneManagerStateMachine.java:getLatestSnapshot(147)) - Latest Snapshot Info 0#-1
2020-06-11 20:47:26,339 [grpc-default-executor-2] INFO  ratis.OzoneManagerStateMachine (OzoneManagerStateMachine.java:getLatestSnapshot(147)) - Latest Snapshot Info 0#-1
2020-06-11 20:47:26,341 [grpc-default-executor-4] INFO  ratis.OzoneManagerStateMachine (OzoneManagerStateMachine.java:getLatestSnapshot(147)) - Latest Snapshot Info 0#-1
2020-06-11 20:47:26,341 [grpc-default-executor-4] INFO  ratis.OzoneManagerStateMachine (OzoneManagerStateMachine.java:getLatestSnapshot(147)) - Latest Snapshot Info 0#-1
2020-06-11 20:47:26,342 [OM StateMachine ApplyTransaction Thread - 0] INFO  volume.OMVolumeCreateRequest (OMVolumeCreateRequest.java:validateAndUpdateCache(204)) - created volume:volume12019 for user:user82783
2020-06-11 20:47:26,341 [grpc-default-executor-2] INFO  ratis.OzoneManagerStateMachine (OzoneManagerStateMachine.java:getLatestSnapshot(147)) - Latest Snapshot Info 0#-1
2020-06-11 20:47:26,343 [grpc-default-executor-2] INFO  ratis.OzoneManagerStateMachine (OzoneManagerStateMachine.java:getLatestSnapshot(147)) - Latest Snapshot Info 0#-1
2020-06-11 20:47:26,355 [Listener at 127.0.0.1/11436] INFO  rpc.RpcClient (RpcClient.java:createBucket(450)) - Creating Bucket: volume12019/4d84651b-f50d-4253-9995-f6e3576b3f1c, with Versioning false and Storage Type set to DISK and Encryption set to false 
2020-06-11 20:47:26,356 [OM StateMachine ApplyTransaction Thread - 0] INFO  volume.OMVolumeCreateRequest (OMVolumeCreateRequest.java:validateAndUpdateCache(204)) - created volume:volume12019 for user:user82783
2020-06-11 20:47:26,357 [OM StateMachine ApplyTransaction Thread - 0] INFO  volume.OMVolumeCreateRequest (OMVolumeCreateRequest.java:validateAndUpdateCache(204)) - created volume:volume12019 for user:user82783
2020-06-11 20:47:26,365 [grpc-default-executor-2] INFO  ratis.OzoneManagerStateMachine (OzoneManagerStateMachine.java:getLatestSnapshot(147)) - Latest Snapshot Info 0#-1
2020-06-11 20:47:26,365 [grpc-default-executor-2] INFO  ratis.OzoneManagerStateMachine (OzoneManagerStateMachine.java:getLatestSnapshot(147)) - Latest Snapshot Info 0#-1
2020-06-11 20:47:26,366 [grpc-default-executor-4] INFO  ratis.OzoneManagerStateMachine (OzoneManagerStateMachine.java:getLatestSnapshot(147)) - Latest Snapshot Info 0#-1
2020-06-11 20:47:26,366 [grpc-default-executor-4] INFO  ratis.OzoneManagerStateMachine (OzoneManagerStateMachine.java:getLatestSnapshot(147)) - Latest Snapshot Info 0#-1
2020-06-11 20:47:26,367 [Thread-1713] INFO  impl.FollowerState (FollowerState.java:run(108)) - b4a143ff-7c15-486f-80ea-22f5decb605d@group-9A1883D60C20-FollowerState: change to CANDIDATE, lastRpcTime:5051ms, electionTimeout:5050ms
2020-06-11 20:47:26,367 [Thread-1713] INFO  impl.RoleInfo (RoleInfo.java:shutdownFollowerState(121)) - b4a143ff-7c15-486f-80ea-22f5decb605d: shutdown FollowerState
2020-06-11 20:47:26,367 [Thread-1713] INFO  impl.RaftServerImpl (RaftServerImpl.java:setRole(175)) - b4a143ff-7c15-486f-80ea-22f5decb605d@group-9A1883D60C20: changes role from  FOLLOWER to CANDIDATE at term 0 for changeToCandidate
2020-06-11 20:47:26,371 [Thread-1713] INFO  impl.RoleInfo (RoleInfo.java:updateAndGet(143)) - b4a143ff-7c15-486f-80ea-22f5decb605d: start LeaderElection
2020-06-11 20:47:26,372 [grpc-default-executor-4] INFO  ratis.OzoneManagerStateMachine (OzoneManagerStateMachine.java:getLatestSnapshot(147)) - Latest Snapshot Info 0#-1
2020-06-11 20:47:26,372 [grpc-default-executor-4] INFO  ratis.OzoneManagerStateMachine (OzoneManagerStateMachine.java:getLatestSnapshot(147)) - Latest Snapshot Info 0#-1
2020-06-11 20:47:26,372 [grpc-default-executor-0] INFO  ratis.OzoneManagerStateMachine (OzoneManagerStateMachine.java:getLatestSnapshot(147)) - Latest Snapshot Info 0#-1
2020-06-11 20:47:26,372 [grpc-default-executor-0] INFO  ratis.OzoneManagerStateMachine (OzoneManagerStateMachine.java:getLatestSnapshot(147)) - Latest Snapshot Info 0#-1
2020-06-11 20:47:26,382 [grpc-default-executor-2] INFO  ratis.OzoneManagerStateMachine (OzoneManagerStateMachine.java:getLatestSnapshot(147)) - Latest Snapshot Info 0#-1
2020-06-11 20:47:26,382 [grpc-default-executor-2] INFO  ratis.OzoneManagerStateMachine (OzoneManagerStateMachine.java:getLatestSnapshot(147)) - Latest Snapshot Info 0#-1
2020-06-11 20:47:26,382 [grpc-default-executor-4] INFO  ratis.OzoneManagerStateMachine (OzoneManagerStateMachine.java:getLatestSnapshot(147)) - Latest Snapshot Info 0#-1
2020-06-11 20:47:26,383 [grpc-default-executor-4] INFO  ratis.OzoneManagerStateMachine (OzoneManagerStateMachine.java:getLatestSnapshot(147)) - Latest Snapshot Info 0#-1
2020-06-11 20:47:26,387 [Listener at 127.0.0.1/11436] INFO  ipc.Server (Server.java:stop(3359)) - Stopping server on 11424
2020-06-11 20:47:26,387 [grpc-default-executor-4] INFO  ratis.OzoneManagerStateMachine (OzoneManagerStateMachine.java:getLatestSnapshot(147)) - Latest Snapshot Info 0#-1
2020-06-11 20:47:26,387 [grpc-default-executor-4] INFO  ratis.OzoneManagerStateMachine (OzoneManagerStateMachine.java:getLatestSnapshot(147)) - Latest Snapshot Info 0#-1
2020-06-11 20:47:26,388 [grpc-default-executor-4] INFO  ratis.OzoneManagerStateMachine (OzoneManagerStateMachine.java:getLatestSnapshot(147)) - Latest Snapshot Info 0#-1
2020-06-11 20:47:26,388 [grpc-default-executor-4] INFO  ratis.OzoneManagerStateMachine (OzoneManagerStateMachine.java:getLatestSnapshot(147)) - Latest Snapshot Info 0#-1
2020-06-11 20:47:26,390 [b4a143ff-7c15-486f-80ea-22f5decb605d@group-9A1883D60C20-LeaderElection26] INFO  impl.LeaderElection (LeaderElection.java:askForVotes(206)) - b4a143ff-7c15-486f-80ea-22f5decb605d@group-9A1883D60C20-LeaderElection26: begin an election at term 1 for -1: [b4a143ff-7c15-486f-80ea-22f5decb605d:172.17.0.2:34853], old=null
2020-06-11 20:47:26,390 [b4a143ff-7c15-486f-80ea-22f5decb605d@group-9A1883D60C20-LeaderElection26] INFO  impl.RoleInfo (RoleInfo.java:shutdownLeaderElection(134)) - b4a143ff-7c15-486f-80ea-22f5decb605d: shutdown LeaderElection
2020-06-11 20:47:26,390 [b4a143ff-7c15-486f-80ea-22f5decb605d@group-9A1883D60C20-LeaderElection26] INFO  impl.RaftServerImpl (RaftServerImpl.java:setRole(175)) - b4a143ff-7c15-486f-80ea-22f5decb605d@group-9A1883D60C20: changes role from CANDIDATE to LEADER at term 1 for changeToLeader
2020-06-11 20:47:26,390 [b4a143ff-7c15-486f-80ea-22f5decb605d@group-9A1883D60C20-LeaderElection26] INFO  ratis.XceiverServerRatis (XceiverServerRatis.java:handleLeaderChangedNotification(762)) - Leader change notification received for group: group-9A1883D60C20 with new leaderId: b4a143ff-7c15-486f-80ea-22f5decb605d
2020-06-11 20:47:26,393 [b4a143ff-7c15-486f-80ea-22f5decb605d@group-9A1883D60C20-LeaderElection26] INFO  impl.RaftServerImpl (ServerState.java:setLeader(255)) - b4a143ff-7c15-486f-80ea-22f5decb605d@group-9A1883D60C20: change Leader from null to b4a143ff-7c15-486f-80ea-22f5decb605d at term 1 for becomeLeader, leader elected after 5083ms
2020-06-11 20:47:26,393 [b4a143ff-7c15-486f-80ea-22f5decb605d@group-9A1883D60C20-LeaderElection26] INFO  server.RaftServerConfigKeys (ConfUtils.java:logGet(44)) - raft.server.staging.catchup.gap = 1000 (default)
2020-06-11 20:47:26,393 [b4a143ff-7c15-486f-80ea-22f5decb605d@group-9A1883D60C20-LeaderElection26] INFO  server.RaftServerConfigKeys (ConfUtils.java:logGet(44)) - raft.server.rpc.sleep.time = 25ms (default)
2020-06-11 20:47:26,398 [Listener at 127.0.0.1/11436] INFO  impl.RaftServerProxy (RaftServerProxy.java:lambda$close$4(319)) - omNode-1: close
2020-06-11 20:47:26,398 [IPC Server Responder] INFO  ipc.Server (Server.java:run(1465)) - Stopping IPC Server Responder
2020-06-11 20:47:26,398 [Listener at 127.0.0.1/11436] INFO  impl.RaftServerImpl (RaftServerImpl.java:lambda$shutdown$3(252)) - omNode-1@group-523986131536: shutdown
2020-06-11 20:47:26,398 [Listener at 127.0.0.1/11436] INFO  util.JmxRegister (JmxRegister.java:unregister(73)) - Successfully un-registered JMX Bean with object name Ratis:service=RaftServer,group=group-523986131536,id=omNode-1
2020-06-11 20:47:26,398 [Listener at 127.0.0.1/11436] INFO  impl.RoleInfo (RoleInfo.java:shutdownLeaderState(104)) - omNode-1: shutdown LeaderState
2020-06-11 20:47:26,398 [Listener at 127.0.0.1/11436] INFO  metrics.RatisMetrics (RatisMetrics.java:unregister(43)) - Unregistering Metrics Registry : ratis_grpc.log_appender.omNode-1@group-523986131536
2020-06-11 20:47:26,398 [IPC Server listener on 11424] INFO  ipc.Server (Server.java:run(1330)) - Stopping IPC Server listener on 11424
2020-06-11 20:47:26,402 [Listener at 127.0.0.1/11436] INFO  metrics.RatisMetrics (RatisMetrics.java:unregister(43)) - Unregistering Metrics Registry : ratis_grpc.log_appender.omNode-1@group-523986131536
2020-06-11 20:47:26,402 [org.apache.ratis.server.impl.LogAppender$AppenderDaemon$$Lambda$336/740676522@6d2beec0] WARN  server.GrpcLogAppender (GrpcLogAppender.java:mayWait(153)) - omNode-1@group-523986131536->omNode-3-GrpcLogAppender: Wait interrupted by java.lang.InterruptedException
2020-06-11 20:47:26,403 [b4a143ff-7c15-486f-80ea-22f5decb605d@group-9A1883D60C20-LeaderElection26] INFO  metrics.RatisMetrics (RatisMetrics.java:lambda$create$0(36)) - Creating Metrics Registry : ratis.log_appender.b4a143ff-7c15-486f-80ea-22f5decb605d@group-9A1883D60C20
2020-06-11 20:47:26,403 [Listener at 127.0.0.1/11436] INFO  impl.PendingRequests (PendingRequests.java:sendNotLeaderResponses(249)) - omNode-1@group-523986131536-PendingRequests: sendNotLeaderResponses
2020-06-11 20:47:26,404 [grpc-default-executor-0] INFO  server.GrpcServerProtocolService (GrpcServerProtocolService.java:onCompleted(138)) - omNode-3: Completed APPEND_ENTRIES, lastRequest: omNode-1->omNode-3#29-t1, previous=(t:1, i:5), leaderCommit=5, initializing? false, entries: size=1, first=(t:1, i:6), METADATAENTRY(c:5)
2020-06-11 20:47:26,404 [grpc-default-executor-4] INFO  server.GrpcLogAppender (GrpcLogAppender.java:onCompleted(319)) - omNode-1@group-523986131536->omNode-3-AppendLogResponseHandler: follower responses appendEntries COMPLETED
2020-06-11 20:47:26,403 [org.apache.ratis.server.impl.LogAppender$AppenderDaemon$$Lambda$336/740676522@73bd7e58] WARN  server.GrpcLogAppender (GrpcLogAppender.java:mayWait(153)) - omNode-1@group-523986131536->omNode-2-GrpcLogAppender: Wait interrupted by java.lang.InterruptedException
2020-06-11 20:47:26,403 [b4a143ff-7c15-486f-80ea-22f5decb605d@group-9A1883D60C20-LeaderElection26] INFO  server.RaftServerConfigKeys (ConfUtils.java:logGet(44)) - raft.server.write.element-limit = 1024 (custom)
2020-06-11 20:47:26,409 [b4a143ff-7c15-486f-80ea-22f5decb605d@group-9A1883D60C20-LeaderElection26] INFO  server.RaftServerConfigKeys (ConfUtils.java:logGet(44)) - raft.server.write.byte-limit = 1073741824 (custom)
2020-06-11 20:47:26,410 [b4a143ff-7c15-486f-80ea-22f5decb605d@group-9A1883D60C20-LeaderElection26] INFO  server.RaftServerConfigKeys (ConfUtils.java:logGet(44)) - raft.server.watch.timeout = 180s (custom)
2020-06-11 20:47:26,410 [b4a143ff-7c15-486f-80ea-22f5decb605d@group-9A1883D60C20-LeaderElection26] INFO  server.RaftServerConfigKeys (ConfUtils.java:logGet(44)) - raft.server.watch.timeout.denomination = 1s (default)
2020-06-11 20:47:26,410 [b4a143ff-7c15-486f-80ea-22f5decb605d@group-9A1883D60C20-LeaderElection26] INFO  server.RaftServerConfigKeys (ConfUtils.java:logGet(44)) - raft.server.watch.element-limit = 65536 (default)
2020-06-11 20:47:26,410 [b4a143ff-7c15-486f-80ea-22f5decb605d@group-9A1883D60C20-LeaderElection26] INFO  impl.RoleInfo (RoleInfo.java:updateAndGet(143)) - b4a143ff-7c15-486f-80ea-22f5decb605d: start LeaderState
2020-06-11 20:47:26,410 [b4a143ff-7c15-486f-80ea-22f5decb605d@group-9A1883D60C20-LeaderElection26] INFO  segmented.SegmentedRaftLogWorker (SegmentedRaftLogWorker.java:startLogSegment(397)) - b4a143ff-7c15-486f-80ea-22f5decb605d@group-9A1883D60C20-SegmentedRaftLogWorker: Starting segment from index:0
2020-06-11 20:47:26,412 [grpc-default-executor-2] INFO  server.GrpcServerProtocolService (GrpcServerProtocolService.java:onCompleted(138)) - omNode-2: Completed APPEND_ENTRIES, lastRequest: omNode-1->omNode-2#29-t1, previous=(t:1, i:5), leaderCommit=5, initializing? false, entries: size=1, first=(t:1, i:6), METADATAENTRY(c:5)
2020-06-11 20:47:26,412 [grpc-default-executor-2] INFO  server.GrpcLogAppender (GrpcLogAppender.java:onCompleted(319)) - omNode-1@group-523986131536->omNode-2-AppendLogResponseHandler: follower responses appendEntries COMPLETED
2020-06-11 20:47:26,413 [b4a143ff-7c15-486f-80ea-22f5decb605d@group-9A1883D60C20-SegmentedRaftLogWorker] INFO  segmented.SegmentedRaftLogWorker (SegmentedRaftLogWorker.java:execute(596)) - b4a143ff-7c15-486f-80ea-22f5decb605d@group-9A1883D60C20-SegmentedRaftLogWorker: created new log segment /github/workspace/mnt/ozone/hadoop-ozone/integration-test/target/test-dir/MiniOzoneClusterImpl-1edd6e2e-9508-44e8-b6bf-1bcd4789e4cf/datanode-2/data/ratis/15341fcf-b182-4cf8-b111-9a1883d60c20/current/log_inprogress_0
2020-06-11 20:47:26,414 [b4a143ff-7c15-486f-80ea-22f5decb605d@group-9A1883D60C20-LeaderElection26] INFO  impl.RaftServerImpl (ServerState.java:setRaftConf(356)) - b4a143ff-7c15-486f-80ea-22f5decb605d@group-9A1883D60C20: set configuration 0: [b4a143ff-7c15-486f-80ea-22f5decb605d:172.17.0.2:34853], old=null at 0
2020-06-11 20:47:26,418 [grpc-default-executor-4] INFO  impl.FollowerInfo (FollowerInfo.java:lambda$new$0(51)) - omNode-1@group-523986131536->omNode-3: nextIndex: updateUnconditionally 7 -> 6
2020-06-11 20:47:26,418 [grpc-default-executor-2] INFO  impl.FollowerInfo (FollowerInfo.java:lambda$new$0(51)) - omNode-1@group-523986131536->omNode-2: nextIndex: updateUnconditionally 7 -> 6
2020-06-11 20:47:26,419 [Listener at 127.0.0.1/11436] INFO  metrics.RatisMetrics (RatisMetrics.java:unregister(43)) - Unregistering Metrics Registry : ratis.log_appender.omNode-1@group-523986131536
2020-06-11 20:47:26,419 [Listener at 127.0.0.1/11436] INFO  metrics.RatisMetrics (RatisMetrics.java:unregister(43)) - Unregistering Metrics Registry : ratis.server.omNode-1@group-523986131536
2020-06-11 20:47:26,420 [Listener at 127.0.0.1/11436] INFO  impl.StateMachineUpdater (StateMachineUpdater.java:stopAndJoin(142)) - omNode-1@group-523986131536-StateMachineUpdater: set stopIndex = 5
2020-06-11 20:47:26,420 [omNode-1@group-523986131536-StateMachineUpdater] INFO  ratis.OzoneManagerStateMachine (OzoneManagerStateMachine.java:takeSnapshot(355)) - Current Snapshot Index (t:1, i:5)
2020-06-11 20:47:26,420 [omNode-1@group-523986131536-StateMachineUpdater] INFO  impl.StateMachineUpdater (StateMachineUpdater.java:takeSnapshot(277)) - omNode-1@group-523986131536-StateMachineUpdater: Took a snapshot at index 5
2020-06-11 20:47:26,420 [omNode-1@group-523986131536-StateMachineUpdater] INFO  impl.StateMachineUpdater (StateMachineUpdater.java:lambda$new$0(87)) - omNode-1@group-523986131536-StateMachineUpdater: snapshotIndex: updateIncreasingly -1 -> 5
2020-06-11 20:47:26,421 [omNode-1@group-523986131536-StateMachineUpdater] INFO  metrics.RatisMetrics (RatisMetrics.java:unregister(43)) - Unregistering Metrics Registry : ratis.state_machine.omNode-1@group-523986131536
2020-06-11 20:47:26,421 [Listener at 127.0.0.1/11436] INFO  impl.RaftServerImpl (ServerState.java:close(387)) - omNode-1@group-523986131536: closes. applyIndex: 5
2020-06-11 20:47:26,421 [omNode-1@group-523986131536-SegmentedRaftLogWorker] INFO  segmented.SegmentedRaftLogWorker (SegmentedRaftLogWorker.java:run(327)) - omNode-1@group-523986131536-SegmentedRaftLogWorker was interrupted, exiting. There are 0 tasks remaining in the queue.
2020-06-11 20:47:26,422 [Listener at 127.0.0.1/11436] INFO  segmented.SegmentedRaftLogWorker (SegmentedRaftLogWorker.java:close(234)) - omNode-1@group-523986131536-SegmentedRaftLogWorker close()
2020-06-11 20:47:26,423 [Listener at 127.0.0.1/11436] INFO  metrics.RatisMetrics (RatisMetrics.java:unregister(43)) - Unregistering Metrics Registry : ratis.log_worker.omNode-1@group-523986131536
2020-06-11 20:47:26,423 [Listener at 127.0.0.1/11436] INFO  metrics.RatisMetrics (RatisMetrics.java:unregister(43)) - Unregistering Metrics Registry : ratis.leader_election.omNode-1@group-523986131536
2020-06-11 20:47:26,424 [Listener at 127.0.0.1/11436] INFO  metrics.RatisMetrics (RatisMetrics.java:unregister(43)) - Unregistering Metrics Registry : ratis.server.omNode-1@group-523986131536
2020-06-11 20:47:26,424 [Listener at 127.0.0.1/11436] INFO  server.GrpcService (GrpcService.java:closeImpl(166)) - omNode-1: shutdown server with port 11428 now
2020-06-11 20:47:26,424 [Listener at 127.0.0.1/11436] INFO  server.GrpcService (GrpcService.java:closeImpl(174)) - omNode-1: shutdown server with port 11428 successfully
2020-06-11 20:47:26,424 [Listener at 127.0.0.1/11436] INFO  ratis.OzoneManagerDoubleBuffer (OzoneManagerDoubleBuffer.java:stop(410)) - Stopping OMDoubleBuffer flush thread
2020-06-11 20:47:26,424 [OMDoubleBufferFlushThread] INFO  ratis.OzoneManagerDoubleBuffer (OzoneManagerDoubleBuffer.java:flushTransactions(342)) - OMDoubleBuffer flush thread OMDoubleBufferFlushThread is interrupted and will exit. OMDoubleBufferFlushThread
2020-06-11 20:47:26,425 [Listener at 127.0.0.1/11436] INFO  ratis.OzoneManagerStateMachine (HadoopExecutors.java:shutdown(118)) - Gracefully shutting down executor service. Waiting max 5 SECONDS
2020-06-11 20:47:26,425 [Listener at 127.0.0.1/11436] INFO  ratis.OzoneManagerStateMachine (HadoopExecutors.java:shutdown(129)) - Succesfully shutdown executor service
2020-06-11 20:47:26,425 [Listener at 127.0.0.1/11436] INFO  ratis.OzoneManagerStateMachine (HadoopExecutors.java:shutdown(118)) - Gracefully shutting down executor service. Waiting max 5 SECONDS
2020-06-11 20:47:26,425 [Listener at 127.0.0.1/11436] INFO  ratis.OzoneManagerStateMachine (HadoopExecutors.java:shutdown(129)) - Succesfully shutdown executor service
2020-06-11 20:47:26,425 [Listener at 127.0.0.1/11436] INFO  utils.BackgroundService (BackgroundService.java:shutdown(157)) - Shutting down service KeyDeletingService
2020-06-11 20:47:26,426 [Listener at 127.0.0.1/11436] INFO  handler.ContextHandler (ContextHandler.java:doStop(1016)) - Stopped o.e.j.w.WebAppContext@7770b4e7{ozoneManager,/,null,UNAVAILABLE}{file:/github/workspace/mnt/ozone/hadoop-ozone/integration-test/target/test-classes/webapps/ozoneManager}
2020-06-11 20:47:26,427 [Listener at 127.0.0.1/11436] INFO  server.AbstractConnector (AbstractConnector.java:doStop(380)) - Stopped ServerConnector@68681c49{HTTP/1.1,[http/1.1]}{0.0.0.0:11426}
2020-06-11 20:47:26,427 [Listener at 127.0.0.1/11436] INFO  server.session (HouseKeeper.java:stopScavenging(158)) - node0 Stopped scavenging
2020-06-11 20:47:26,427 [Listener at 127.0.0.1/11436] INFO  handler.ContextHandler (ContextHandler.java:doStop(1016)) - Stopped o.e.j.s.ServletContextHandler@56d10b0d{static,/static,file:///github/workspace/mnt/ozone/hadoop-ozone/integration-test/target/test-classes/webapps/static,UNAVAILABLE}
2020-06-11 20:47:26,427 [Listener at 127.0.0.1/11436] INFO  handler.ContextHandler (ContextHandler.java:doStop(1016)) - Stopped o.e.j.s.ServletContextHandler@4afb7375{logs,/logs,file:///github/workspace/mnt/ozone/hadoop-ozone/integration-test/target/log,UNAVAILABLE}
2020-06-11 20:47:27,737 [Thread-1650] INFO  impl.FollowerState (FollowerState.java:run(108)) - omNode-2@group-523986131536-FollowerState: change to CANDIDATE, lastRpcTime:1337ms, electionTimeout:1067ms
2020-06-11 20:47:27,737 [Thread-1650] INFO  impl.RoleInfo (RoleInfo.java:shutdownFollowerState(121)) - omNode-2: shutdown FollowerState
2020-06-11 20:47:27,737 [Thread-1650] INFO  impl.RaftServerImpl (RaftServerImpl.java:setRole(175)) - omNode-2@group-523986131536: changes role from  FOLLOWER to CANDIDATE at term 1 for changeToCandidate
2020-06-11 20:47:27,737 [Thread-1650] INFO  impl.RoleInfo (RoleInfo.java:updateAndGet(143)) - omNode-2: start LeaderElection
2020-06-11 20:47:27,741 [omNode-2@group-523986131536-LeaderElection27] INFO  impl.RaftServerImpl (ServerState.java:setLeader(255)) - omNode-2@group-523986131536: change Leader from omNode-1 to null at term 1 for initElection
2020-06-11 20:47:27,743 [omNode-2@group-523986131536-LeaderElection27] INFO  impl.LeaderElection (LeaderElection.java:askForVotes(206)) - omNode-2@group-523986131536-LeaderElection27: begin an election at term 2 for 0: [omNode-3:localhost:11440, omNode-1:localhost:11428, omNode-2:localhost:11434], old=null
2020-06-11 20:47:27,750 [omNode-2@group-523986131536-LeaderElection27] INFO  impl.LeaderElection (LogUtils.java:infoOrTrace(137)) - omNode-2@group-523986131536-LeaderElection27 got exception when requesting votes: java.util.concurrent.ExecutionException: org.apache.ratis.thirdparty.io.grpc.StatusRuntimeException: UNAVAILABLE: io exception
2020-06-11 20:47:27,757 [grpc-default-executor-2] INFO  impl.RaftServerImpl (ServerState.java:setLeader(255)) - omNode-3@group-523986131536: change Leader from omNode-1 to null at term 2 for updateCurrentTerm
2020-06-11 20:47:27,758 [grpc-default-executor-2] INFO  impl.RaftServerImpl (RaftServerImpl.java:setRole(175)) - omNode-3@group-523986131536: changes role from  FOLLOWER to FOLLOWER at term 2 for recognizeCandidate:omNode-2
2020-06-11 20:47:27,758 [grpc-default-executor-2] INFO  impl.RoleInfo (RoleInfo.java:shutdownFollowerState(121)) - omNode-3: shutdown FollowerState
2020-06-11 20:47:27,758 [grpc-default-executor-2] INFO  impl.RoleInfo (RoleInfo.java:updateAndGet(143)) - omNode-3: start FollowerState
2020-06-11 20:47:27,758 [Thread-1654] INFO  impl.FollowerState (FollowerState.java:run(117)) - omNode-3@group-523986131536-FollowerState was interrupted: java.lang.InterruptedException: sleep interrupted
2020-06-11 20:47:27,758 [grpc-default-executor-2] INFO  ratis.OzoneManagerStateMachine (OzoneManagerStateMachine.java:getLatestSnapshot(147)) - Latest Snapshot Info 0#-1
2020-06-11 20:47:27,766 [omNode-2@group-523986131536-LeaderElection27] INFO  impl.LeaderElection (LeaderElection.java:logAndReturn(61)) - omNode-2@group-523986131536-LeaderElection27: Election PASSED; received 1 response(s) [omNode-2<-omNode-3#0:OK-t2] and 1 exception(s); omNode-2@group-523986131536:t2, leader=null, voted=omNode-2, raftlog=omNode-2@group-523986131536-SegmentedRaftLog:OPENED:c5,f6,i6, conf=0: [omNode-3:localhost:11440, omNode-1:localhost:11428, omNode-2:localhost:11434], old=null
2020-06-11 20:47:27,766 [omNode-2@group-523986131536-LeaderElection27] INFO  impl.LeaderElection (LogUtils.java:infoOrTrace(137)) -   Exception 0: java.util.concurrent.ExecutionException: org.apache.ratis.thirdparty.io.grpc.StatusRuntimeException: UNAVAILABLE: io exception
2020-06-11 20:47:27,766 [omNode-2@group-523986131536-LeaderElection27] INFO  impl.RoleInfo (RoleInfo.java:shutdownLeaderElection(134)) - omNode-2: shutdown LeaderElection
2020-06-11 20:47:27,766 [omNode-2@group-523986131536-LeaderElection27] INFO  impl.RaftServerImpl (RaftServerImpl.java:setRole(175)) - omNode-2@group-523986131536: changes role from CANDIDATE to LEADER at term 2 for changeToLeader
2020-06-11 20:47:27,766 [omNode-2@group-523986131536-LeaderElection27] INFO  impl.RaftServerImpl (ServerState.java:setLeader(255)) - omNode-2@group-523986131536: change Leader from null to omNode-2 at term 2 for becomeLeader, leader elected after 24ms
2020-06-11 20:47:27,766 [omNode-2@group-523986131536-LeaderElection27] INFO  server.RaftServerConfigKeys (ConfUtils.java:logGet(44)) - raft.server.staging.catchup.gap = 1000 (default)
2020-06-11 20:47:27,767 [omNode-2@group-523986131536-LeaderElection27] INFO  server.RaftServerConfigKeys (ConfUtils.java:logGet(44)) - raft.server.rpc.sleep.time = 25ms (default)
2020-06-11 20:47:27,767 [omNode-2@group-523986131536-LeaderElection27] INFO  metrics.RatisMetrics (RatisMetrics.java:lambda$create$0(36)) - Creating Metrics Registry : ratis.log_appender.omNode-2@group-523986131536
2020-06-11 20:47:27,767 [omNode-2@group-523986131536-LeaderElection27] INFO  server.RaftServerConfigKeys (ConfUtils.java:logGet(44)) - raft.server.write.element-limit = 4096 (default)
2020-06-11 20:47:27,767 [omNode-2@group-523986131536-LeaderElection27] INFO  server.RaftServerConfigKeys (ConfUtils.java:logGet(44)) - raft.server.write.byte-limit = 64MB (=67108864) (default)
2020-06-11 20:47:27,767 [omNode-2@group-523986131536-LeaderElection27] INFO  server.RaftServerConfigKeys (ConfUtils.java:logGet(44)) - raft.server.watch.timeout = 10s (default)
2020-06-11 20:47:27,767 [omNode-2@group-523986131536-LeaderElection27] INFO  server.RaftServerConfigKeys (ConfUtils.java:logGet(44)) - raft.server.watch.timeout.denomination = 1s (default)
2020-06-11 20:47:27,767 [omNode-2@group-523986131536-LeaderElection27] INFO  server.RaftServerConfigKeys (ConfUtils.java:logGet(44)) - raft.server.watch.element-limit = 65536 (default)
2020-06-11 20:47:27,767 [omNode-2@group-523986131536-LeaderElection27] INFO  server.RaftServerConfigKeys (ConfUtils.java:logGet(44)) - raft.server.log.appender.snapshot.chunk.size.max = 16MB (=16777216) (default)
2020-06-11 20:47:27,767 [omNode-2@group-523986131536-LeaderElection27] INFO  server.RaftServerConfigKeys (ConfUtils.java:logGet(44)) - raft.server.log.appender.buffer.byte-limit = 33554432 (custom)
2020-06-11 20:47:27,768 [omNode-2@group-523986131536-LeaderElection27] INFO  server.RaftServerConfigKeys (ConfUtils.java:logGet(44)) - raft.server.log.appender.buffer.element-limit = 1024 (custom)
2020-06-11 20:47:27,768 [omNode-2@group-523986131536-LeaderElection27] INFO  grpc.GrpcConfigKeys (ConfUtils.java:logGet(44)) - raft.grpc.server.leader.outstanding.appends.max = 128 (default)
2020-06-11 20:47:27,768 [omNode-2@group-523986131536-LeaderElection27] INFO  server.RaftServerConfigKeys (ConfUtils.java:logGet(44)) - raft.server.rpc.request.timeout = 3000ms (default)
2020-06-11 20:47:27,768 [omNode-2@group-523986131536-LeaderElection27] INFO  server.RaftServerConfigKeys (ConfUtils.java:logGet(44)) - raft.server.log.appender.install.snapshot.enabled = false (custom)
2020-06-11 20:47:27,768 [omNode-2@group-523986131536-LeaderElection27] INFO  metrics.RatisMetrics (RatisMetrics.java:lambda$create$0(36)) - Creating Metrics Registry : ratis_grpc.log_appender.omNode-2@group-523986131536
2020-06-11 20:47:27,769 [omNode-2@group-523986131536-LeaderElection27] INFO  server.RaftServerConfigKeys (ConfUtils.java:logGet(44)) - raft.server.log.appender.snapshot.chunk.size.max = 16MB (=16777216) (default)
2020-06-11 20:47:27,769 [omNode-2@group-523986131536-LeaderElection27] INFO  server.RaftServerConfigKeys (ConfUtils.java:logGet(44)) - raft.server.log.appender.buffer.byte-limit = 33554432 (custom)
2020-06-11 20:47:27,769 [omNode-2@group-523986131536-LeaderElection27] INFO  server.RaftServerConfigKeys (ConfUtils.java:logGet(44)) - raft.server.log.appender.buffer.element-limit = 1024 (custom)
2020-06-11 20:47:27,769 [omNode-2@group-523986131536-LeaderElection27] INFO  grpc.GrpcConfigKeys (ConfUtils.java:logGet(44)) - raft.grpc.server.leader.outstanding.appends.max = 128 (default)
2020-06-11 20:47:27,769 [omNode-2@group-523986131536-LeaderElection27] INFO  server.RaftServerConfigKeys (ConfUtils.java:logGet(44)) - raft.server.rpc.request.timeout = 3000ms (default)
2020-06-11 20:47:27,769 [omNode-2@group-523986131536-LeaderElection27] INFO  server.RaftServerConfigKeys (ConfUtils.java:logGet(44)) - raft.server.log.appender.install.snapshot.enabled = false (custom)
2020-06-11 20:47:27,770 [omNode-2@group-523986131536-LeaderElection27] INFO  impl.RoleInfo (RoleInfo.java:updateAndGet(143)) - omNode-2: start LeaderState
2020-06-11 20:47:27,771 [omNode-2@group-523986131536-LeaderElection27] INFO  segmented.SegmentedRaftLogWorker (SegmentedRaftLogWorker.java:rollLogSegment(402)) - omNode-2@group-523986131536-SegmentedRaftLogWorker: Rolling segment log-0_6 to index:6
2020-06-11 20:47:27,771 [omNode-2@group-523986131536-SegmentedRaftLogWorker] INFO  segmented.SegmentedRaftLogWorker (SegmentedRaftLogWorker.java:execute(553)) - omNode-2@group-523986131536-SegmentedRaftLogWorker: Rolled log segment from /github/workspace/mnt/ozone/hadoop-ozone/integration-test/target/test-dir/MiniOzoneClusterImpl-1edd6e2e-9508-44e8-b6bf-1bcd4789e4cf/omNode-2/ratis/c9bc4cf4-3bc3-3c60-a66b-523986131536/current/log_inprogress_0 to /github/workspace/mnt/ozone/hadoop-ozone/integration-test/target/test-dir/MiniOzoneClusterImpl-1edd6e2e-9508-44e8-b6bf-1bcd4789e4cf/omNode-2/ratis/c9bc4cf4-3bc3-3c60-a66b-523986131536/current/log_0-6
2020-06-11 20:47:27,772 [omNode-2@group-523986131536-SegmentedRaftLogWorker] INFO  segmented.SegmentedRaftLogWorker (SegmentedRaftLogWorker.java:execute(596)) - omNode-2@group-523986131536-SegmentedRaftLogWorker: created new log segment /github/workspace/mnt/ozone/hadoop-ozone/integration-test/target/test-dir/MiniOzoneClusterImpl-1edd6e2e-9508-44e8-b6bf-1bcd4789e4cf/omNode-2/ratis/c9bc4cf4-3bc3-3c60-a66b-523986131536/current/log_inprogress_7
2020-06-11 20:47:27,778 [grpc-default-executor-2] INFO  impl.RaftServerImpl (ServerState.java:setLeader(255)) - omNode-3@group-523986131536: change Leader from null to omNode-2 at term 2 for appendEntries, leader elected after 21ms
2020-06-11 20:47:27,780 [grpc-default-executor-2] INFO  ratis.OzoneManagerStateMachine (OzoneManagerStateMachine.java:getLatestSnapshot(147)) - Latest Snapshot Info 0#-1
2020-06-11 20:47:27,779 [omNode-2@group-523986131536-LeaderElection27] INFO  impl.RaftServerImpl (ServerState.java:setRaftConf(356)) - omNode-2@group-523986131536: set configuration 7: [omNode-3:localhost:11440, omNode-1:localhost:11428, omNode-2:localhost:11434], old=null at 7
2020-06-11 20:47:27,783 [grpc-default-executor-2] INFO  ratis.OzoneManagerStateMachine (OzoneManagerStateMachine.java:getLatestSnapshot(147)) - Latest Snapshot Info 0#-1
2020-06-11 20:47:27,783 [grpc-default-executor-2] INFO  ratis.OzoneManagerStateMachine (OzoneManagerStateMachine.java:getLatestSnapshot(147)) - Latest Snapshot Info 0#-1
2020-06-11 20:47:27,783 [grpc-default-executor-2] INFO  impl.RaftServerImpl (ServerState.java:setRaftConf(356)) - omNode-3@group-523986131536: set configuration 7: [omNode-3:localhost:11440, omNode-1:localhost:11428, omNode-2:localhost:11434], old=null at 7
2020-06-11 20:47:27,783 [grpc-default-executor-2] INFO  segmented.SegmentedRaftLogWorker (SegmentedRaftLogWorker.java:rollLogSegment(402)) - omNode-3@group-523986131536-SegmentedRaftLogWorker: Rolling segment log-0_6 to index:6
2020-06-11 20:47:27,784 [omNode-3@group-523986131536-SegmentedRaftLogWorker] INFO  segmented.SegmentedRaftLogWorker (SegmentedRaftLogWorker.java:execute(553)) - omNode-3@group-523986131536-SegmentedRaftLogWorker: Rolled log segment from /github/workspace/mnt/ozone/hadoop-ozone/integration-test/target/test-dir/MiniOzoneClusterImpl-1edd6e2e-9508-44e8-b6bf-1bcd4789e4cf/omNode-3/ratis/c9bc4cf4-3bc3-3c60-a66b-523986131536/current/log_inprogress_0 to /github/workspace/mnt/ozone/hadoop-ozone/integration-test/target/test-dir/MiniOzoneClusterImpl-1edd6e2e-9508-44e8-b6bf-1bcd4789e4cf/omNode-3/ratis/c9bc4cf4-3bc3-3c60-a66b-523986131536/current/log_0-6
2020-06-11 20:47:27,783 [grpc-default-executor-4] WARN  server.GrpcLogAppender (LogUtils.java:warn(122)) - omNode-2@group-523986131536->omNode-1-AppendLogResponseHandler: Failed appendEntries: org.apache.ratis.thirdparty.io.grpc.StatusRuntimeException: UNAVAILABLE: io exception
2020-06-11 20:47:27,785 [omNode-3@group-523986131536-SegmentedRaftLogWorker] INFO  segmented.SegmentedRaftLogWorker (SegmentedRaftLogWorker.java:execute(596)) - omNode-3@group-523986131536-SegmentedRaftLogWorker: created new log segment /github/workspace/mnt/ozone/hadoop-ozone/integration-test/target/test-dir/MiniOzoneClusterImpl-1edd6e2e-9508-44e8-b6bf-1bcd4789e4cf/omNode-3/ratis/c9bc4cf4-3bc3-3c60-a66b-523986131536/current/log_inprogress_7
2020-06-11 20:47:27,786 [grpc-default-executor-4] INFO  impl.FollowerInfo (FollowerInfo.java:lambda$new$0(51)) - omNode-2@group-523986131536->omNode-1: nextIndex: updateUnconditionally 8 -> 1
2020-06-11 20:47:28,287 [grpc-default-executor-2] WARN  server.GrpcLogAppender (LogUtils.java:warn(122)) - omNode-2@group-523986131536->omNode-1-AppendLogResponseHandler: Failed appendEntries: org.apache.ratis.thirdparty.io.grpc.StatusRuntimeException: UNAVAILABLE: io exception
2020-06-11 20:47:28,290 [grpc-default-executor-2] INFO  impl.FollowerInfo (FollowerInfo.java:lambda$new$0(51)) - omNode-2@group-523986131536->omNode-1: nextIndex: updateUnconditionally 8 -> 1
2020-06-11 20:47:28,291 [grpc-default-executor-2] INFO  ratis.OzoneManagerStateMachine (OzoneManagerStateMachine.java:getLatestSnapshot(147)) - Latest Snapshot Info 0#-1
2020-06-11 20:47:28,790 [grpc-default-executor-4] WARN  server.GrpcLogAppender (LogUtils.java:warn(122)) - omNode-2@group-523986131536->omNode-1-AppendLogResponseHandler: Failed appendEntries: org.apache.ratis.thirdparty.io.grpc.StatusRuntimeException: UNAVAILABLE: io exception
2020-06-11 20:47:28,792 [grpc-default-executor-4] INFO  impl.FollowerInfo (FollowerInfo.java:lambda$new$0(51)) - omNode-2@group-523986131536->omNode-1: nextIndex: updateUnconditionally 8 -> 1
2020-06-11 20:47:28,793 [grpc-default-executor-4] INFO  ratis.OzoneManagerStateMachine (OzoneManagerStateMachine.java:getLatestSnapshot(147)) - Latest Snapshot Info 0#-1
2020-06-11 20:47:29,184 [EventQueue-Delayed safe mode statusForReplicationManager] INFO  container.ReplicationManager (ReplicationManager.java:start(176)) - Starting Replication Monitor Thread.
2020-06-11 20:47:29,185 [ReplicationMonitor] INFO  container.ReplicationManager (ReplicationManager.java:run(240)) - Replication Monitor Thread took 0 milliseconds for processing 0 containers.
2020-06-11 20:47:29,293 [grpc-default-executor-2] WARN  server.GrpcLogAppender (LogUtils.java:warn(122)) - omNode-2@group-523986131536->omNode-1-AppendLogResponseHandler: Failed appendEntries: org.apache.ratis.thirdparty.io.grpc.StatusRuntimeException: UNAVAILABLE: io exception
2020-06-11 20:47:29,295 [grpc-default-executor-2] INFO  impl.FollowerInfo (FollowerInfo.java:lambda$new$0(51)) - omNode-2@group-523986131536->omNode-1: nextIndex: updateUnconditionally 8 -> 1
2020-06-11 20:47:29,296 [grpc-default-executor-2] INFO  ratis.OzoneManagerStateMachine (OzoneManagerStateMachine.java:getLatestSnapshot(147)) - Latest Snapshot Info 0#-1
2020-06-11 20:47:29,794 [grpc-default-executor-4] WARN  server.GrpcLogAppender (LogUtils.java:warn(122)) - omNode-2@group-523986131536->omNode-1-AppendLogResponseHandler: Failed appendEntries: org.apache.ratis.thirdparty.io.grpc.StatusRuntimeException: UNAVAILABLE: io exception
2020-06-11 20:47:29,796 [grpc-default-executor-4] INFO  impl.FollowerInfo (FollowerInfo.java:lambda$new$0(51)) - omNode-2@group-523986131536->omNode-1: nextIndex: updateUnconditionally 8 -> 1
2020-06-11 20:47:29,797 [grpc-default-executor-4] INFO  ratis.OzoneManagerStateMachine (OzoneManagerStateMachine.java:getLatestSnapshot(147)) - Latest Snapshot Info 0#-1
2020-06-11 20:47:30,297 [grpc-default-executor-2] WARN  server.GrpcLogAppender (LogUtils.java:warn(122)) - omNode-2@group-523986131536->omNode-1-AppendLogResponseHandler: Failed appendEntries: org.apache.ratis.thirdparty.io.grpc.StatusRuntimeException: UNAVAILABLE: io exception
2020-06-11 20:47:30,300 [grpc-default-executor-2] INFO  impl.FollowerInfo (FollowerInfo.java:lambda$new$0(51)) - omNode-2@group-523986131536->omNode-1: nextIndex: updateUnconditionally 8 -> 1
2020-06-11 20:47:30,300 [grpc-default-executor-2] INFO  ratis.OzoneManagerStateMachine (OzoneManagerStateMachine.java:getLatestSnapshot(147)) - Latest Snapshot Info 0#-1
2020-06-11 20:47:30,439 [Listener at 127.0.0.1/11436] INFO  protocolPB.Hadoop3OmTransport (Hadoop3OmTransport.java:shouldRetry(178)) - RetryProxy: End of File Exception between local host is: "4413dbf4d9a4/172.17.0.2"; destination host is: "localhost":11424; : java.io.EOFException; For more details see:  http://wiki.apache.org/hadoop/EOFException
2020-06-11 20:47:30,440 [Listener at 127.0.0.1/11436] INFO  retry.RetryInvocationHandler (RetryInvocationHandler.java:log(411)) - com.google.protobuf.ServiceException: java.io.EOFException: End of File Exception between local host is: "4413dbf4d9a4/172.17.0.2"; destination host is: "localhost":11424; : java.io.EOFException; For more details see:  http://wiki.apache.org/hadoop/EOFException, while invoking $Proxy39.submitRequest over nodeId=omNode-1,nodeAddress=127.0.0.1:11424. Trying to failover immediately.
2020-06-11 20:47:30,452 [IPC Server handler 1 on default port 11430] INFO  ipc.Server (Server.java:logException(2976)) - IPC Server handler 1 on default port 11430, call Call#329 Retry#1 org.apache.hadoop.ozone.om.protocol.OzoneManagerProtocol.submitRequest from 127.0.0.1:51812
org.apache.hadoop.ozone.om.exceptions.OMLeaderNotReadyException: omNode-2@group-523986131536 is in LEADER state but not ready yet.
	at org.apache.hadoop.ozone.om.ratis.OzoneManagerRatisServer.processReply(OzoneManagerRatisServer.java:177)
	at org.apache.hadoop.ozone.om.ratis.OzoneManagerRatisServer.submitRequest(OzoneManagerRatisServer.java:136)
	at org.apache.hadoop.ozone.protocolPB.OzoneManagerProtocolServerSideTranslatorPB.submitRequestToRatis(OzoneManagerProtocolServerSideTranslatorPB.java:177)
	at org.apache.hadoop.ozone.protocolPB.OzoneManagerProtocolServerSideTranslatorPB.processRequest(OzoneManagerProtocolServerSideTranslatorPB.java:134)
	at org.apache.hadoop.hdds.server.OzoneProtocolMessageDispatcher.processRequest(OzoneProtocolMessageDispatcher.java:74)
	at org.apache.hadoop.ozone.protocolPB.OzoneManagerProtocolServerSideTranslatorPB.submitRequest(OzoneManagerProtocolServerSideTranslatorPB.java:113)
	at org.apache.hadoop.ozone.protocol.proto.OzoneManagerProtocolProtos$OzoneManagerService$2.callBlockingMethod(OzoneManagerProtocolProtos.java)
	at org.apache.hadoop.ipc.ProtobufRpcEngine$Server$ProtoBufRpcInvoker.call(ProtobufRpcEngine.java:528)
	at org.apache.hadoop.ipc.RPC$Server.call(RPC.java:1070)
	at org.apache.hadoop.ipc.Server$RpcCall.run(Server.java:999)
	at org.apache.hadoop.ipc.Server$RpcCall.run(Server.java:927)
	at java.security.AccessController.doPrivileged(Native Method)
	at javax.security.auth.Subject.doAs(Subject.java:422)
	at org.apache.hadoop.security.UserGroupInformation.doAs(UserGroupInformation.java:1730)
	at org.apache.hadoop.ipc.Server$Handler.run(Server.java:2915)
2020-06-11 20:47:30,454 [Listener at 127.0.0.1/11436] INFO  protocolPB.Hadoop3OmTransport (Hadoop3OmTransport.java:shouldRetry(156)) - RetryProxy: omNode-2@group-523986131536 is in LEADER state but not ready yet.
	at org.apache.hadoop.ozone.om.ratis.OzoneManagerRatisServer.processReply(OzoneManagerRatisServer.java:177)
	at org.apache.hadoop.ozone.om.ratis.OzoneManagerRatisServer.submitRequest(OzoneManagerRatisServer.java:136)
	at org.apache.hadoop.ozone.protocolPB.OzoneManagerProtocolServerSideTranslatorPB.submitRequestToRatis(OzoneManagerProtocolServerSideTranslatorPB.java:177)
	at org.apache.hadoop.ozone.protocolPB.OzoneManagerProtocolServerSideTranslatorPB.processRequest(OzoneManagerProtocolServerSideTranslatorPB.java:134)
	at org.apache.hadoop.hdds.server.OzoneProtocolMessageDispatcher.processRequest(OzoneProtocolMessageDispatcher.java:74)
	at org.apache.hadoop.ozone.protocolPB.OzoneManagerProtocolServerSideTranslatorPB.submitRequest(OzoneManagerProtocolServerSideTranslatorPB.java:113)
	at org.apache.hadoop.ozone.protocol.proto.OzoneManagerProtocolProtos$OzoneManagerService$2.callBlockingMethod(OzoneManagerProtocolProtos.java)
	at org.apache.hadoop.ipc.ProtobufRpcEngine$Server$ProtoBufRpcInvoker.call(ProtobufRpcEngine.java:528)
	at org.apache.hadoop.ipc.RPC$Server.call(RPC.java:1070)
	at org.apache.hadoop.ipc.Server$RpcCall.run(Server.java:999)
	at org.apache.hadoop.ipc.Server$RpcCall.run(Server.java:927)
	at java.security.AccessController.doPrivileged(Native Method)
	at javax.security.auth.Subject.doAs(Subject.java:422)
	at org.apache.hadoop.security.UserGroupInformation.doAs(UserGroupInformation.java:1730)
	at org.apache.hadoop.ipc.Server$Handler.run(Server.java:2915)

2020-06-11 20:47:30,454 [Listener at 127.0.0.1/11436] INFO  retry.RetryInvocationHandler (RetryInvocationHandler.java:log(411)) - com.google.protobuf.ServiceException: org.apache.hadoop.ipc.RemoteException(org.apache.hadoop.ozone.om.exceptions.OMLeaderNotReadyException): omNode-2@group-523986131536 is in LEADER state but not ready yet.
	at org.apache.hadoop.ozone.om.ratis.OzoneManagerRatisServer.processReply(OzoneManagerRatisServer.java:177)
	at org.apache.hadoop.ozone.om.ratis.OzoneManagerRatisServer.submitRequest(OzoneManagerRatisServer.java:136)
	at org.apache.hadoop.ozone.protocolPB.OzoneManagerProtocolServerSideTranslatorPB.submitRequestToRatis(OzoneManagerProtocolServerSideTranslatorPB.java:177)
	at org.apache.hadoop.ozone.protocolPB.OzoneManagerProtocolServerSideTranslatorPB.processRequest(OzoneManagerProtocolServerSideTranslatorPB.java:134)
	at org.apache.hadoop.hdds.server.OzoneProtocolMessageDispatcher.processRequest(OzoneProtocolMessageDispatcher.java:74)
	at org.apache.hadoop.ozone.protocolPB.OzoneManagerProtocolServerSideTranslatorPB.submitRequest(OzoneManagerProtocolServerSideTranslatorPB.java:113)
	at org.apache.hadoop.ozone.protocol.proto.OzoneManagerProtocolProtos$OzoneManagerService$2.callBlockingMethod(OzoneManagerProtocolProtos.java)
	at org.apache.hadoop.ipc.ProtobufRpcEngine$Server$ProtoBufRpcInvoker.call(ProtobufRpcEngine.java:528)
	at org.apache.hadoop.ipc.RPC$Server.call(RPC.java:1070)
	at org.apache.hadoop.ipc.Server$RpcCall.run(Server.java:999)
	at org.apache.hadoop.ipc.Server$RpcCall.run(Server.java:927)
	at java.security.AccessController.doPrivileged(Native Method)
	at javax.security.auth.Subject.doAs(Subject.java:422)
	at org.apache.hadoop.security.UserGroupInformation.doAs(UserGroupInformation.java:1730)
	at org.apache.hadoop.ipc.Server$Handler.run(Server.java:2915)
, while invoking $Proxy39.submitRequest over nodeId=omNode-2,nodeAddress=127.0.0.1:11430 after 1 failover attempts. Trying to failover after sleeping for 2000ms.
2020-06-11 20:47:30,779 [java.util.concurrent.ThreadPoolExecutor$Worker@3faa231c[State = -1, empty queue]] WARN  server.GrpcLogAppender (GrpcLogAppender.java:timeoutAppendRequest(219)) - omNode-2@group-523986131536->omNode-3-GrpcLogAppender:  appendEntries Timeout, request=AppendEntriesRequest:cid=1,entriesCount=1,lastEntry=(t:2, i:7)
2020-06-11 20:47:30,799 [grpc-default-executor-4] WARN  server.GrpcLogAppender (LogUtils.java:warn(122)) - omNode-2@group-523986131536->omNode-1-AppendLogResponseHandler: Failed appendEntries: org.apache.ratis.thirdparty.io.grpc.StatusRuntimeException: UNAVAILABLE: io exception
2020-06-11 20:47:30,801 [grpc-default-executor-4] INFO  impl.FollowerInfo (FollowerInfo.java:lambda$new$0(51)) - omNode-2@group-523986131536->omNode-1: nextIndex: updateUnconditionally 8 -> 1
2020-06-11 20:47:30,802 [grpc-default-executor-4] INFO  ratis.OzoneManagerStateMachine (OzoneManagerStateMachine.java:getLatestSnapshot(147)) - Latest Snapshot Info 0#-1
2020-06-11 20:47:31,302 [grpc-default-executor-2] WARN  server.GrpcLogAppender (LogUtils.java:warn(122)) - omNode-2@group-523986131536->omNode-1-AppendLogResponseHandler: Failed appendEntries: org.apache.ratis.thirdparty.io.grpc.StatusRuntimeException: UNAVAILABLE: io exception
2020-06-11 20:47:31,304 [grpc-default-executor-2] INFO  impl.FollowerInfo (FollowerInfo.java:lambda$new$0(51)) - omNode-2@group-523986131536->omNode-1: nextIndex: updateUnconditionally 8 -> 1
2020-06-11 20:47:31,304 [grpc-default-executor-2] INFO  ratis.OzoneManagerStateMachine (OzoneManagerStateMachine.java:getLatestSnapshot(147)) - Latest Snapshot Info 0#-1
2020-06-11 20:47:31,803 [grpc-default-executor-4] WARN  server.GrpcLogAppender (LogUtils.java:warn(122)) - omNode-2@group-523986131536->omNode-1-AppendLogResponseHandler: Failed appendEntries: org.apache.ratis.thirdparty.io.grpc.StatusRuntimeException: UNAVAILABLE: io exception
2020-06-11 20:47:31,806 [grpc-default-executor-4] INFO  impl.FollowerInfo (FollowerInfo.java:lambda$new$0(51)) - omNode-2@group-523986131536->omNode-1: nextIndex: updateUnconditionally 8 -> 1
2020-06-11 20:47:31,807 [grpc-default-executor-4] INFO  ratis.OzoneManagerStateMachine (OzoneManagerStateMachine.java:getLatestSnapshot(147)) - Latest Snapshot Info 0#-1
2020-06-11 20:47:32,306 [grpc-default-executor-2] WARN  server.GrpcLogAppender (LogUtils.java:warn(122)) - omNode-2@group-523986131536->omNode-1-AppendLogResponseHandler: Failed appendEntries: org.apache.ratis.thirdparty.io.grpc.StatusRuntimeException: UNAVAILABLE: io exception
2020-06-11 20:47:32,308 [grpc-default-executor-2] INFO  impl.FollowerInfo (FollowerInfo.java:lambda$new$0(51)) - omNode-2@group-523986131536->omNode-1: nextIndex: updateUnconditionally 8 -> 1
2020-06-11 20:47:32,312 [grpc-default-executor-2] INFO  ratis.OzoneManagerStateMachine (OzoneManagerStateMachine.java:getLatestSnapshot(147)) - Latest Snapshot Info 0#-1
2020-06-11 20:47:32,457 [IPC Server handler 5 on default port 11430] INFO  ipc.Server (Server.java:logException(2976)) - IPC Server handler 5 on default port 11430, call Call#329 Retry#2 org.apache.hadoop.ozone.om.protocol.OzoneManagerProtocol.submitRequest from 127.0.0.1:51812
org.apache.hadoop.ozone.om.exceptions.OMLeaderNotReadyException: omNode-2@group-523986131536 is in LEADER state but not ready yet.
	at org.apache.hadoop.ozone.om.ratis.OzoneManagerRatisServer.processReply(OzoneManagerRatisServer.java:177)
	at org.apache.hadoop.ozone.om.ratis.OzoneManagerRatisServer.submitRequest(OzoneManagerRatisServer.java:136)
	at org.apache.hadoop.ozone.protocolPB.OzoneManagerProtocolServerSideTranslatorPB.submitRequestToRatis(OzoneManagerProtocolServerSideTranslatorPB.java:177)
	at org.apache.hadoop.ozone.protocolPB.OzoneManagerProtocolServerSideTranslatorPB.processRequest(OzoneManagerProtocolServerSideTranslatorPB.java:134)
	at org.apache.hadoop.hdds.server.OzoneProtocolMessageDispatcher.processRequest(OzoneProtocolMessageDispatcher.java:74)
	at org.apache.hadoop.ozone.protocolPB.OzoneManagerProtocolServerSideTranslatorPB.submitRequest(OzoneManagerProtocolServerSideTranslatorPB.java:113)
	at org.apache.hadoop.ozone.protocol.proto.OzoneManagerProtocolProtos$OzoneManagerService$2.callBlockingMethod(OzoneManagerProtocolProtos.java)
	at org.apache.hadoop.ipc.ProtobufRpcEngine$Server$ProtoBufRpcInvoker.call(ProtobufRpcEngine.java:528)
	at org.apache.hadoop.ipc.RPC$Server.call(RPC.java:1070)
	at org.apache.hadoop.ipc.Server$RpcCall.run(Server.java:999)
	at org.apache.hadoop.ipc.Server$RpcCall.run(Server.java:927)
	at java.security.AccessController.doPrivileged(Native Method)
	at javax.security.auth.Subject.doAs(Subject.java:422)
	at org.apache.hadoop.security.UserGroupInformation.doAs(UserGroupInformation.java:1730)
	at org.apache.hadoop.ipc.Server$Handler.run(Server.java:2915)
2020-06-11 20:47:32,459 [Listener at 127.0.0.1/11436] INFO  protocolPB.Hadoop3OmTransport (Hadoop3OmTransport.java:shouldRetry(156)) - RetryProxy: omNode-2@group-523986131536 is in LEADER state but not ready yet.
	at org.apache.hadoop.ozone.om.ratis.OzoneManagerRatisServer.processReply(OzoneManagerRatisServer.java:177)
	at org.apache.hadoop.ozone.om.ratis.OzoneManagerRatisServer.submitRequest(OzoneManagerRatisServer.java:136)
	at org.apache.hadoop.ozone.protocolPB.OzoneManagerProtocolServerSideTranslatorPB.submitRequestToRatis(OzoneManagerProtocolServerSideTranslatorPB.java:177)
	at org.apache.hadoop.ozone.protocolPB.OzoneManagerProtocolServerSideTranslatorPB.processRequest(OzoneManagerProtocolServerSideTranslatorPB.java:134)
	at org.apache.hadoop.hdds.server.OzoneProtocolMessageDispatcher.processRequest(OzoneProtocolMessageDispatcher.java:74)
	at org.apache.hadoop.ozone.protocolPB.OzoneManagerProtocolServerSideTranslatorPB.submitRequest(OzoneManagerProtocolServerSideTranslatorPB.java:113)
	at org.apache.hadoop.ozone.protocol.proto.OzoneManagerProtocolProtos$OzoneManagerService$2.callBlockingMethod(OzoneManagerProtocolProtos.java)
	at org.apache.hadoop.ipc.ProtobufRpcEngine$Server$ProtoBufRpcInvoker.call(ProtobufRpcEngine.java:528)
	at org.apache.hadoop.ipc.RPC$Server.call(RPC.java:1070)
	at org.apache.hadoop.ipc.Server$RpcCall.run(Server.java:999)
	at org.apache.hadoop.ipc.Server$RpcCall.run(Server.java:927)
	at java.security.AccessController.doPrivileged(Native Method)
	at javax.security.auth.Subject.doAs(Subject.java:422)
	at org.apache.hadoop.security.UserGroupInformation.doAs(UserGroupInformation.java:1730)
	at org.apache.hadoop.ipc.Server$Handler.run(Server.java:2915)

2020-06-11 20:47:32,460 [Listener at 127.0.0.1/11436] INFO  retry.RetryInvocationHandler (RetryInvocationHandler.java:log(411)) - com.google.protobuf.ServiceException: org.apache.hadoop.ipc.RemoteException(org.apache.hadoop.ozone.om.exceptions.OMLeaderNotReadyException): omNode-2@group-523986131536 is in LEADER state but not ready yet.
	at org.apache.hadoop.ozone.om.ratis.OzoneManagerRatisServer.processReply(OzoneManagerRatisServer.java:177)
	at org.apache.hadoop.ozone.om.ratis.OzoneManagerRatisServer.submitRequest(OzoneManagerRatisServer.java:136)
	at org.apache.hadoop.ozone.protocolPB.OzoneManagerProtocolServerSideTranslatorPB.submitRequestToRatis(OzoneManagerProtocolServerSideTranslatorPB.java:177)
	at org.apache.hadoop.ozone.protocolPB.OzoneManagerProtocolServerSideTranslatorPB.processRequest(OzoneManagerProtocolServerSideTranslatorPB.java:134)
	at org.apache.hadoop.hdds.server.OzoneProtocolMessageDispatcher.processRequest(OzoneProtocolMessageDispatcher.java:74)
	at org.apache.hadoop.ozone.protocolPB.OzoneManagerProtocolServerSideTranslatorPB.submitRequest(OzoneManagerProtocolServerSideTranslatorPB.java:113)
	at org.apache.hadoop.ozone.protocol.proto.OzoneManagerProtocolProtos$OzoneManagerService$2.callBlockingMethod(OzoneManagerProtocolProtos.java)
	at org.apache.hadoop.ipc.ProtobufRpcEngine$Server$ProtoBufRpcInvoker.call(ProtobufRpcEngine.java:528)
	at org.apache.hadoop.ipc.RPC$Server.call(RPC.java:1070)
	at org.apache.hadoop.ipc.Server$RpcCall.run(Server.java:999)
	at org.apache.hadoop.ipc.Server$RpcCall.run(Server.java:927)
	at java.security.AccessController.doPrivileged(Native Method)
	at javax.security.auth.Subject.doAs(Subject.java:422)
	at org.apache.hadoop.security.UserGroupInformation.doAs(UserGroupInformation.java:1730)
	at org.apache.hadoop.ipc.Server$Handler.run(Server.java:2915)
, while invoking $Proxy39.submitRequest over nodeId=omNode-2,nodeAddress=127.0.0.1:11430 after 2 failover attempts. Trying to failover after sleeping for 4000ms.
2020-06-11 20:47:32,809 [grpc-default-executor-4] WARN  server.GrpcLogAppender (LogUtils.java:warn(122)) - omNode-2@group-523986131536->omNode-1-AppendLogResponseHandler: Failed appendEntries: org.apache.ratis.thirdparty.io.grpc.StatusRuntimeException: UNAVAILABLE: io exception
2020-06-11 20:47:32,813 [grpc-default-executor-4] INFO  impl.FollowerInfo (FollowerInfo.java:lambda$new$0(51)) - omNode-2@group-523986131536->omNode-1: nextIndex: updateUnconditionally 8 -> 1
2020-06-11 20:47:32,813 [grpc-default-executor-4] INFO  ratis.OzoneManagerStateMachine (OzoneManagerStateMachine.java:getLatestSnapshot(147)) - Latest Snapshot Info 0#-1
2020-06-11 20:47:33,311 [grpc-default-executor-2] WARN  server.GrpcLogAppender (LogUtils.java:warn(122)) - omNode-2@group-523986131536->omNode-1-AppendLogResponseHandler: Failed appendEntries: org.apache.ratis.thirdparty.io.grpc.StatusRuntimeException: UNAVAILABLE: io exception
2020-06-11 20:47:33,316 [grpc-default-executor-2] INFO  impl.FollowerInfo (FollowerInfo.java:lambda$new$0(51)) - omNode-2@group-523986131536->omNode-1: nextIndex: updateUnconditionally 8 -> 1
2020-06-11 20:47:33,316 [grpc-default-executor-4] INFO  ratis.OzoneManagerStateMachine (OzoneManagerStateMachine.java:getLatestSnapshot(147)) - Latest Snapshot Info 0#-1
2020-06-11 20:47:33,815 [grpc-default-executor-2] WARN  server.GrpcLogAppender (LogUtils.java:warn(122)) - omNode-2@group-523986131536->omNode-1-AppendLogResponseHandler: Failed appendEntries: org.apache.ratis.thirdparty.io.grpc.StatusRuntimeException: UNAVAILABLE: io exception
2020-06-11 20:47:33,817 [grpc-default-executor-2] INFO  impl.FollowerInfo (FollowerInfo.java:lambda$new$0(51)) - omNode-2@group-523986131536->omNode-1: nextIndex: updateUnconditionally 8 -> 1
2020-06-11 20:47:33,817 [grpc-default-executor-2] INFO  ratis.OzoneManagerStateMachine (OzoneManagerStateMachine.java:getLatestSnapshot(147)) - Latest Snapshot Info 0#-1
2020-06-11 20:47:34,324 [grpc-default-executor-4] INFO  ratis.OzoneManagerStateMachine (OzoneManagerStateMachine.java:getLatestSnapshot(147)) - Latest Snapshot Info 0#-1
2020-06-11 20:47:34,324 [grpc-default-executor-0] WARN  server.GrpcLogAppender (LogUtils.java:warn(122)) - omNode-2@group-523986131536->omNode-1-AppendLogResponseHandler: Failed appendEntries: org.apache.ratis.thirdparty.io.grpc.StatusRuntimeException: UNAVAILABLE: io exception
2020-06-11 20:47:34,329 [grpc-default-executor-0] INFO  impl.FollowerInfo (FollowerInfo.java:lambda$new$0(51)) - omNode-2@group-523986131536->omNode-1: nextIndex: updateUnconditionally 8 -> 1
2020-06-11 20:47:34,820 [grpc-default-executor-4] WARN  server.GrpcLogAppender (LogUtils.java:warn(122)) - omNode-2@group-523986131536->omNode-1-AppendLogResponseHandler: Failed appendEntries: org.apache.ratis.thirdparty.io.grpc.StatusRuntimeException: UNAVAILABLE: io exception
2020-06-11 20:47:34,826 [grpc-default-executor-4] INFO  impl.FollowerInfo (FollowerInfo.java:lambda$new$0(51)) - omNode-2@group-523986131536->omNode-1: nextIndex: updateUnconditionally 8 -> 1
2020-06-11 20:47:34,831 [grpc-default-executor-4] INFO  ratis.OzoneManagerStateMachine (OzoneManagerStateMachine.java:getLatestSnapshot(147)) - Latest Snapshot Info 0#-1
2020-06-11 20:47:35,323 [grpc-default-executor-0] WARN  server.GrpcLogAppender (LogUtils.java:warn(122)) - omNode-2@group-523986131536->omNode-1-AppendLogResponseHandler: Failed appendEntries: org.apache.ratis.thirdparty.io.grpc.StatusRuntimeException: UNAVAILABLE: io exception
2020-06-11 20:47:35,327 [grpc-default-executor-0] INFO  impl.FollowerInfo (FollowerInfo.java:lambda$new$0(51)) - omNode-2@group-523986131536->omNode-1: nextIndex: updateUnconditionally 8 -> 1
2020-06-11 20:47:35,333 [grpc-default-executor-0] INFO  ratis.OzoneManagerStateMachine (OzoneManagerStateMachine.java:getLatestSnapshot(147)) - Latest Snapshot Info 0#-1
2020-06-11 20:47:35,826 [grpc-default-executor-4] WARN  server.GrpcLogAppender (LogUtils.java:warn(122)) - omNode-2@group-523986131536->omNode-1-AppendLogResponseHandler: Failed appendEntries: org.apache.ratis.thirdparty.io.grpc.StatusRuntimeException: UNAVAILABLE: io exception
2020-06-11 20:47:35,829 [grpc-default-executor-4] INFO  impl.FollowerInfo (FollowerInfo.java:lambda$new$0(51)) - omNode-2@group-523986131536->omNode-1: nextIndex: updateUnconditionally 8 -> 1
2020-06-11 20:47:35,835 [grpc-default-executor-4] INFO  ratis.OzoneManagerStateMachine (OzoneManagerStateMachine.java:getLatestSnapshot(147)) - Latest Snapshot Info 0#-1
2020-06-11 20:47:36,329 [grpc-default-executor-0] WARN  server.GrpcLogAppender (LogUtils.java:warn(122)) - omNode-2@group-523986131536->omNode-1-AppendLogResponseHandler: Failed appendEntries: org.apache.ratis.thirdparty.io.grpc.StatusRuntimeException: UNAVAILABLE: io exception
2020-06-11 20:47:36,331 [grpc-default-executor-0] INFO  impl.FollowerInfo (FollowerInfo.java:lambda$new$0(51)) - omNode-2@group-523986131536->omNode-1: nextIndex: updateUnconditionally 8 -> 1
2020-06-11 20:47:36,336 [grpc-default-executor-0] INFO  ratis.OzoneManagerStateMachine (OzoneManagerStateMachine.java:getLatestSnapshot(147)) - Latest Snapshot Info 0#-1
2020-06-11 20:47:36,461 [IPC Server handler 0 on default port 11430] INFO  ipc.Server (Server.java:logException(2976)) - IPC Server handler 0 on default port 11430, call Call#329 Retry#3 org.apache.hadoop.ozone.om.protocol.OzoneManagerProtocol.submitRequest from 127.0.0.1:51812
org.apache.hadoop.ozone.om.exceptions.OMLeaderNotReadyException: omNode-2@group-523986131536 is in LEADER state but not ready yet.
	at org.apache.hadoop.ozone.om.ratis.OzoneManagerRatisServer.processReply(OzoneManagerRatisServer.java:177)
	at org.apache.hadoop.ozone.om.ratis.OzoneManagerRatisServer.submitRequest(OzoneManagerRatisServer.java:136)
	at org.apache.hadoop.ozone.protocolPB.OzoneManagerProtocolServerSideTranslatorPB.submitRequestToRatis(OzoneManagerProtocolServerSideTranslatorPB.java:177)
	at org.apache.hadoop.ozone.protocolPB.OzoneManagerProtocolServerSideTranslatorPB.processRequest(OzoneManagerProtocolServerSideTranslatorPB.java:134)
	at org.apache.hadoop.hdds.server.OzoneProtocolMessageDispatcher.processRequest(OzoneProtocolMessageDispatcher.java:74)
	at org.apache.hadoop.ozone.protocolPB.OzoneManagerProtocolServerSideTranslatorPB.submitRequest(OzoneManagerProtocolServerSideTranslatorPB.java:113)
	at org.apache.hadoop.ozone.protocol.proto.OzoneManagerProtocolProtos$OzoneManagerService$2.callBlockingMethod(OzoneManagerProtocolProtos.java)
	at org.apache.hadoop.ipc.ProtobufRpcEngine$Server$ProtoBufRpcInvoker.call(ProtobufRpcEngine.java:528)
	at org.apache.hadoop.ipc.RPC$Server.call(RPC.java:1070)
	at org.apache.hadoop.ipc.Server$RpcCall.run(Server.java:999)
	at org.apache.hadoop.ipc.Server$RpcCall.run(Server.java:927)
	at java.security.AccessController.doPrivileged(Native Method)
	at javax.security.auth.Subject.doAs(Subject.java:422)
	at org.apache.hadoop.security.UserGroupInformation.doAs(UserGroupInformation.java:1730)
	at org.apache.hadoop.ipc.Server$Handler.run(Server.java:2915)
2020-06-11 20:47:36,463 [Listener at 127.0.0.1/11436] INFO  protocolPB.Hadoop3OmTransport (Hadoop3OmTransport.java:shouldRetry(156)) - RetryProxy: omNode-2@group-523986131536 is in LEADER state but not ready yet.
	at org.apache.hadoop.ozone.om.ratis.OzoneManagerRatisServer.processReply(OzoneManagerRatisServer.java:177)
	at org.apache.hadoop.ozone.om.ratis.OzoneManagerRatisServer.submitRequest(OzoneManagerRatisServer.java:136)
	at org.apache.hadoop.ozone.protocolPB.OzoneManagerProtocolServerSideTranslatorPB.submitRequestToRatis(OzoneManagerProtocolServerSideTranslatorPB.java:177)
	at org.apache.hadoop.ozone.protocolPB.OzoneManagerProtocolServerSideTranslatorPB.processRequest(OzoneManagerProtocolServerSideTranslatorPB.java:134)
	at org.apache.hadoop.hdds.server.OzoneProtocolMessageDispatcher.processRequest(OzoneProtocolMessageDispatcher.java:74)
	at org.apache.hadoop.ozone.protocolPB.OzoneManagerProtocolServerSideTranslatorPB.submitRequest(OzoneManagerProtocolServerSideTranslatorPB.java:113)
	at org.apache.hadoop.ozone.protocol.proto.OzoneManagerProtocolProtos$OzoneManagerService$2.callBlockingMethod(OzoneManagerProtocolProtos.java)
	at org.apache.hadoop.ipc.ProtobufRpcEngine$Server$ProtoBufRpcInvoker.call(ProtobufRpcEngine.java:528)
	at org.apache.hadoop.ipc.RPC$Server.call(RPC.java:1070)
	at org.apache.hadoop.ipc.Server$RpcCall.run(Server.java:999)
	at org.apache.hadoop.ipc.Server$RpcCall.run(Server.java:927)
	at java.security.AccessController.doPrivileged(Native Method)
	at javax.security.auth.Subject.doAs(Subject.java:422)
	at org.apache.hadoop.security.UserGroupInformation.doAs(UserGroupInformation.java:1730)
	at org.apache.hadoop.ipc.Server$Handler.run(Server.java:2915)

2020-06-11 20:47:36,464 [Listener at 127.0.0.1/11436] INFO  retry.RetryInvocationHandler (RetryInvocationHandler.java:log(411)) - com.google.protobuf.ServiceException: org.apache.hadoop.ipc.RemoteException(org.apache.hadoop.ozone.om.exceptions.OMLeaderNotReadyException): omNode-2@group-523986131536 is in LEADER state but not ready yet.
	at org.apache.hadoop.ozone.om.ratis.OzoneManagerRatisServer.processReply(OzoneManagerRatisServer.java:177)
	at org.apache.hadoop.ozone.om.ratis.OzoneManagerRatisServer.submitRequest(OzoneManagerRatisServer.java:136)
	at org.apache.hadoop.ozone.protocolPB.OzoneManagerProtocolServerSideTranslatorPB.submitRequestToRatis(OzoneManagerProtocolServerSideTranslatorPB.java:177)
	at org.apache.hadoop.ozone.protocolPB.OzoneManagerProtocolServerSideTranslatorPB.processRequest(OzoneManagerProtocolServerSideTranslatorPB.java:134)
	at org.apache.hadoop.hdds.server.OzoneProtocolMessageDispatcher.processRequest(OzoneProtocolMessageDispatcher.java:74)
	at org.apache.hadoop.ozone.protocolPB.OzoneManagerProtocolServerSideTranslatorPB.submitRequest(OzoneManagerProtocolServerSideTranslatorPB.java:113)
	at org.apache.hadoop.ozone.protocol.proto.OzoneManagerProtocolProtos$OzoneManagerService$2.callBlockingMethod(OzoneManagerProtocolProtos.java)
	at org.apache.hadoop.ipc.ProtobufRpcEngine$Server$ProtoBufRpcInvoker.call(ProtobufRpcEngine.java:528)
	at org.apache.hadoop.ipc.RPC$Server.call(RPC.java:1070)
	at org.apache.hadoop.ipc.Server$RpcCall.run(Server.java:999)
	at org.apache.hadoop.ipc.Server$RpcCall.run(Server.java:927)
	at java.security.AccessController.doPrivileged(Native Method)
	at javax.security.auth.Subject.doAs(Subject.java:422)
	at org.apache.hadoop.security.UserGroupInformation.doAs(UserGroupInformation.java:1730)
	at org.apache.hadoop.ipc.Server$Handler.run(Server.java:2915)
, while invoking $Proxy39.submitRequest over nodeId=omNode-2,nodeAddress=127.0.0.1:11430 after 3 failover attempts. Trying to failover after sleeping for 6000ms.
2020-06-11 20:47:36,830 [grpc-default-executor-4] WARN  server.GrpcLogAppender (LogUtils.java:warn(122)) - omNode-2@group-523986131536->omNode-1-AppendLogResponseHandler: Failed appendEntries: org.apache.ratis.thirdparty.io.grpc.StatusRuntimeException: UNAVAILABLE: io exception
2020-06-11 20:47:36,838 [grpc-default-executor-4] INFO  impl.FollowerInfo (FollowerInfo.java:lambda$new$0(51)) - omNode-2@group-523986131536->omNode-1: nextIndex: updateUnconditionally 8 -> 1
2020-06-11 20:47:36,838 [grpc-default-executor-4] INFO  ratis.OzoneManagerStateMachine (OzoneManagerStateMachine.java:getLatestSnapshot(147)) - Latest Snapshot Info 0#-1
2020-06-11 20:47:37,333 [grpc-default-executor-0] WARN  server.GrpcLogAppender (LogUtils.java:warn(122)) - omNode-2@group-523986131536->omNode-1-AppendLogResponseHandler: Failed appendEntries: org.apache.ratis.thirdparty.io.grpc.StatusRuntimeException: UNAVAILABLE: io exception
2020-06-11 20:47:37,339 [grpc-default-executor-0] INFO  impl.FollowerInfo (FollowerInfo.java:lambda$new$0(51)) - omNode-2@group-523986131536->omNode-1: nextIndex: updateUnconditionally 8 -> 1
2020-06-11 20:47:37,340 [grpc-default-executor-0] INFO  ratis.OzoneManagerStateMachine (OzoneManagerStateMachine.java:getLatestSnapshot(147)) - Latest Snapshot Info 0#-1
2020-06-11 20:47:37,835 [grpc-default-executor-4] WARN  server.GrpcLogAppender (LogUtils.java:warn(122)) - omNode-2@group-523986131536->omNode-1-AppendLogResponseHandler: Failed appendEntries: org.apache.ratis.thirdparty.io.grpc.StatusRuntimeException: UNAVAILABLE: io exception
2020-06-11 20:47:37,837 [grpc-default-executor-4] INFO  impl.FollowerInfo (FollowerInfo.java:lambda$new$0(51)) - omNode-2@group-523986131536->omNode-1: nextIndex: updateUnconditionally 8 -> 1
2020-06-11 20:47:37,841 [grpc-default-executor-4] INFO  ratis.OzoneManagerStateMachine (OzoneManagerStateMachine.java:getLatestSnapshot(147)) - Latest Snapshot Info 0#-1
2020-06-11 20:47:38,338 [grpc-default-executor-0] WARN  server.GrpcLogAppender (LogUtils.java:warn(122)) - omNode-2@group-523986131536->omNode-1-AppendLogResponseHandler: Failed appendEntries: org.apache.ratis.thirdparty.io.grpc.StatusRuntimeException: UNAVAILABLE: io exception
2020-06-11 20:47:38,340 [grpc-default-executor-0] INFO  impl.FollowerInfo (FollowerInfo.java:lambda$new$0(51)) - omNode-2@group-523986131536->omNode-1: nextIndex: updateUnconditionally 8 -> 1
2020-06-11 20:47:38,344 [grpc-default-executor-0] INFO  ratis.OzoneManagerStateMachine (OzoneManagerStateMachine.java:getLatestSnapshot(147)) - Latest Snapshot Info 0#-1
2020-06-11 20:47:38,841 [grpc-default-executor-4] WARN  server.GrpcLogAppender (LogUtils.java:warn(122)) - omNode-2@group-523986131536->omNode-1-AppendLogResponseHandler: Failed appendEntries: org.apache.ratis.thirdparty.io.grpc.StatusRuntimeException: UNAVAILABLE: io exception
2020-06-11 20:47:38,842 [grpc-default-executor-4] INFO  impl.FollowerInfo (FollowerInfo.java:lambda$new$0(51)) - omNode-2@group-523986131536->omNode-1: nextIndex: updateUnconditionally 1 -> 0
2020-06-11 20:47:38,846 [grpc-default-executor-2] WARN  server.GrpcLogAppender (LogUtils.java:warn(122)) - omNode-2@group-523986131536->omNode-1-AppendLogResponseHandler: Failed appendEntries: org.apache.ratis.thirdparty.io.grpc.StatusRuntimeException: UNAVAILABLE: io exception
2020-06-11 20:47:38,846 [grpc-default-executor-0] INFO  ratis.OzoneManagerStateMachine (OzoneManagerStateMachine.java:getLatestSnapshot(147)) - Latest Snapshot Info 0#-1
2020-06-11 20:47:38,848 [grpc-default-executor-2] INFO  impl.FollowerInfo (FollowerInfo.java:lambda$new$0(51)) - omNode-2@group-523986131536->omNode-1: nextIndex: updateUnconditionally 8 -> 1
2020-06-11 20:47:39,349 [grpc-default-executor-0] WARN  server.GrpcLogAppender (LogUtils.java:warn(122)) - omNode-2@group-523986131536->omNode-1-AppendLogResponseHandler: Failed appendEntries: org.apache.ratis.thirdparty.io.grpc.StatusRuntimeException: UNAVAILABLE: io exception
2020-06-11 20:47:39,350 [grpc-default-executor-0] INFO  impl.FollowerInfo (FollowerInfo.java:lambda$new$0(51)) - omNode-2@group-523986131536->omNode-1: nextIndex: updateUnconditionally 8 -> 1
2020-06-11 20:47:39,350 [grpc-default-executor-2] INFO  ratis.OzoneManagerStateMachine (OzoneManagerStateMachine.java:getLatestSnapshot(147)) - Latest Snapshot Info 0#-1
2020-06-11 20:47:39,852 [grpc-default-executor-0] INFO  ratis.OzoneManagerStateMachine (OzoneManagerStateMachine.java:getLatestSnapshot(147)) - Latest Snapshot Info 0#-1
2020-06-11 20:47:39,853 [grpc-default-executor-4] WARN  server.GrpcLogAppender (LogUtils.java:warn(122)) - omNode-2@group-523986131536->omNode-1-AppendLogResponseHandler: Failed appendEntries: org.apache.ratis.thirdparty.io.grpc.StatusRuntimeException: UNAVAILABLE: io exception
2020-06-11 20:47:39,855 [grpc-default-executor-4] INFO  impl.FollowerInfo (FollowerInfo.java:lambda$new$0(51)) - omNode-2@group-523986131536->omNode-1: nextIndex: updateUnconditionally 8 -> 1
2020-06-11 20:47:40,354 [grpc-default-executor-0] WARN  server.GrpcLogAppender (LogUtils.java:warn(122)) - omNode-2@group-523986131536->omNode-1-AppendLogResponseHandler: Failed appendEntries: org.apache.ratis.thirdparty.io.grpc.StatusRuntimeException: UNAVAILABLE: io exception
2020-06-11 20:47:40,355 [grpc-default-executor-0] INFO  impl.FollowerInfo (FollowerInfo.java:lambda$new$0(51)) - omNode-2@group-523986131536->omNode-1: nextIndex: updateUnconditionally 8 -> 1
2020-06-11 20:47:40,356 [grpc-default-executor-0] INFO  ratis.OzoneManagerStateMachine (OzoneManagerStateMachine.java:getLatestSnapshot(147)) - Latest Snapshot Info 0#-1
2020-06-11 20:47:40,857 [grpc-default-executor-4] WARN  server.GrpcLogAppender (LogUtils.java:warn(122)) - omNode-2@group-523986131536->omNode-1-AppendLogResponseHandler: Failed appendEntries: org.apache.ratis.thirdparty.io.grpc.StatusRuntimeException: UNAVAILABLE: io exception
2020-06-11 20:47:40,859 [grpc-default-executor-4] INFO  impl.FollowerInfo (FollowerInfo.java:lambda$new$0(51)) - omNode-2@group-523986131536->omNode-1: nextIndex: updateUnconditionally 8 -> 1
2020-06-11 20:47:40,859 [grpc-default-executor-4] INFO  ratis.OzoneManagerStateMachine (OzoneManagerStateMachine.java:getLatestSnapshot(147)) - Latest Snapshot Info 0#-1
2020-06-11 20:47:41,360 [grpc-default-executor-0] WARN  server.GrpcLogAppender (LogUtils.java:warn(122)) - omNode-2@group-523986131536->omNode-1-AppendLogResponseHandler: Failed appendEntries: org.apache.ratis.thirdparty.io.grpc.StatusRuntimeException: UNAVAILABLE: io exception
2020-06-11 20:47:41,362 [grpc-default-executor-0] INFO  impl.FollowerInfo (FollowerInfo.java:lambda$new$0(51)) - omNode-2@group-523986131536->omNode-1: nextIndex: updateUnconditionally 8 -> 1
2020-06-11 20:47:41,362 [grpc-default-executor-0] INFO  ratis.OzoneManagerStateMachine (OzoneManagerStateMachine.java:getLatestSnapshot(147)) - Latest Snapshot Info 0#-1
2020-06-11 20:47:41,865 [grpc-default-executor-2] WARN  server.GrpcLogAppender (LogUtils.java:warn(122)) - omNode-2@group-523986131536->omNode-1-AppendLogResponseHandler: Failed appendEntries: org.apache.ratis.thirdparty.io.grpc.StatusRuntimeException: UNAVAILABLE: io exception
2020-06-11 20:47:41,865 [grpc-default-executor-0] INFO  ratis.OzoneManagerStateMachine (OzoneManagerStateMachine.java:getLatestSnapshot(147)) - Latest Snapshot Info 0#-1
2020-06-11 20:47:41,866 [grpc-default-executor-2] INFO  impl.FollowerInfo (FollowerInfo.java:lambda$new$0(51)) - omNode-2@group-523986131536->omNode-1: nextIndex: updateUnconditionally 8 -> 1
2020-06-11 20:47:42,367 [grpc-default-executor-2] WARN  server.GrpcLogAppender (LogUtils.java:warn(122)) - omNode-2@group-523986131536->omNode-1-AppendLogResponseHandler: Failed appendEntries: org.apache.ratis.thirdparty.io.grpc.StatusRuntimeException: UNAVAILABLE: io exception
2020-06-11 20:47:42,369 [grpc-default-executor-2] INFO  impl.FollowerInfo (FollowerInfo.java:lambda$new$0(51)) - omNode-2@group-523986131536->omNode-1: nextIndex: updateUnconditionally 8 -> 1
2020-06-11 20:47:42,369 [grpc-default-executor-2] INFO  ratis.OzoneManagerStateMachine (OzoneManagerStateMachine.java:getLatestSnapshot(147)) - Latest Snapshot Info 0#-1
2020-06-11 20:47:42,465 [IPC Server handler 6 on default port 11430] INFO  ipc.Server (Server.java:logException(2976)) - IPC Server handler 6 on default port 11430, call Call#329 Retry#4 org.apache.hadoop.ozone.om.protocol.OzoneManagerProtocol.submitRequest from 127.0.0.1:51812
org.apache.hadoop.ozone.om.exceptions.OMLeaderNotReadyException: omNode-2@group-523986131536 is in LEADER state but not ready yet.
	at org.apache.hadoop.ozone.om.ratis.OzoneManagerRatisServer.processReply(OzoneManagerRatisServer.java:177)
	at org.apache.hadoop.ozone.om.ratis.OzoneManagerRatisServer.submitRequest(OzoneManagerRatisServer.java:136)
	at org.apache.hadoop.ozone.protocolPB.OzoneManagerProtocolServerSideTranslatorPB.submitRequestToRatis(OzoneManagerProtocolServerSideTranslatorPB.java:177)
	at org.apache.hadoop.ozone.protocolPB.OzoneManagerProtocolServerSideTranslatorPB.processRequest(OzoneManagerProtocolServerSideTranslatorPB.java:134)
	at org.apache.hadoop.hdds.server.OzoneProtocolMessageDispatcher.processRequest(OzoneProtocolMessageDispatcher.java:74)
	at org.apache.hadoop.ozone.protocolPB.OzoneManagerProtocolServerSideTranslatorPB.submitRequest(OzoneManagerProtocolServerSideTranslatorPB.java:113)
	at org.apache.hadoop.ozone.protocol.proto.OzoneManagerProtocolProtos$OzoneManagerService$2.callBlockingMethod(OzoneManagerProtocolProtos.java)
	at org.apache.hadoop.ipc.ProtobufRpcEngine$Server$ProtoBufRpcInvoker.call(ProtobufRpcEngine.java:528)
	at org.apache.hadoop.ipc.RPC$Server.call(RPC.java:1070)
	at org.apache.hadoop.ipc.Server$RpcCall.run(Server.java:999)
	at org.apache.hadoop.ipc.Server$RpcCall.run(Server.java:927)
	at java.security.AccessController.doPrivileged(Native Method)
	at javax.security.auth.Subject.doAs(Subject.java:422)
	at org.apache.hadoop.security.UserGroupInformation.doAs(UserGroupInformation.java:1730)
	at org.apache.hadoop.ipc.Server$Handler.run(Server.java:2915)
2020-06-11 20:47:42,468 [Listener at 127.0.0.1/11436] INFO  protocolPB.Hadoop3OmTransport (Hadoop3OmTransport.java:shouldRetry(156)) - RetryProxy: omNode-2@group-523986131536 is in LEADER state but not ready yet.
	at org.apache.hadoop.ozone.om.ratis.OzoneManagerRatisServer.processReply(OzoneManagerRatisServer.java:177)
	at org.apache.hadoop.ozone.om.ratis.OzoneManagerRatisServer.submitRequest(OzoneManagerRatisServer.java:136)
	at org.apache.hadoop.ozone.protocolPB.OzoneManagerProtocolServerSideTranslatorPB.submitRequestToRatis(OzoneManagerProtocolServerSideTranslatorPB.java:177)
	at org.apache.hadoop.ozone.protocolPB.OzoneManagerProtocolServerSideTranslatorPB.processRequest(OzoneManagerProtocolServerSideTranslatorPB.java:134)
	at org.apache.hadoop.hdds.server.OzoneProtocolMessageDispatcher.processRequest(OzoneProtocolMessageDispatcher.java:74)
	at org.apache.hadoop.ozone.protocolPB.OzoneManagerProtocolServerSideTranslatorPB.submitRequest(OzoneManagerProtocolServerSideTranslatorPB.java:113)
	at org.apache.hadoop.ozone.protocol.proto.OzoneManagerProtocolProtos$OzoneManagerService$2.callBlockingMethod(OzoneManagerProtocolProtos.java)
	at org.apache.hadoop.ipc.ProtobufRpcEngine$Server$ProtoBufRpcInvoker.call(ProtobufRpcEngine.java:528)
	at org.apache.hadoop.ipc.RPC$Server.call(RPC.java:1070)
	at org.apache.hadoop.ipc.Server$RpcCall.run(Server.java:999)
	at org.apache.hadoop.ipc.Server$RpcCall.run(Server.java:927)
	at java.security.AccessController.doPrivileged(Native Method)
	at javax.security.auth.Subject.doAs(Subject.java:422)
	at org.apache.hadoop.security.UserGroupInformation.doAs(UserGroupInformation.java:1730)
	at org.apache.hadoop.ipc.Server$Handler.run(Server.java:2915)

2020-06-11 20:47:42,468 [Listener at 127.0.0.1/11436] INFO  retry.RetryInvocationHandler (RetryInvocationHandler.java:log(411)) - com.google.protobuf.ServiceException: org.apache.hadoop.ipc.RemoteException(org.apache.hadoop.ozone.om.exceptions.OMLeaderNotReadyException): omNode-2@group-523986131536 is in LEADER state but not ready yet.
	at org.apache.hadoop.ozone.om.ratis.OzoneManagerRatisServer.processReply(OzoneManagerRatisServer.java:177)
	at org.apache.hadoop.ozone.om.ratis.OzoneManagerRatisServer.submitRequest(OzoneManagerRatisServer.java:136)
	at org.apache.hadoop.ozone.protocolPB.OzoneManagerProtocolServerSideTranslatorPB.submitRequestToRatis(OzoneManagerProtocolServerSideTranslatorPB.java:177)
	at org.apache.hadoop.ozone.protocolPB.OzoneManagerProtocolServerSideTranslatorPB.processRequest(OzoneManagerProtocolServerSideTranslatorPB.java:134)
	at org.apache.hadoop.hdds.server.OzoneProtocolMessageDispatcher.processRequest(OzoneProtocolMessageDispatcher.java:74)
	at org.apache.hadoop.ozone.protocolPB.OzoneManagerProtocolServerSideTranslatorPB.submitRequest(OzoneManagerProtocolServerSideTranslatorPB.java:113)
	at org.apache.hadoop.ozone.protocol.proto.OzoneManagerProtocolProtos$OzoneManagerService$2.callBlockingMethod(OzoneManagerProtocolProtos.java)
	at org.apache.hadoop.ipc.ProtobufRpcEngine$Server$ProtoBufRpcInvoker.call(ProtobufRpcEngine.java:528)
	at org.apache.hadoop.ipc.RPC$Server.call(RPC.java:1070)
	at org.apache.hadoop.ipc.Server$RpcCall.run(Server.java:999)
	at org.apache.hadoop.ipc.Server$RpcCall.run(Server.java:927)
	at java.security.AccessController.doPrivileged(Native Method)
	at javax.security.auth.Subject.doAs(Subject.java:422)
	at org.apache.hadoop.security.UserGroupInformation.doAs(UserGroupInformation.java:1730)
	at org.apache.hadoop.ipc.Server$Handler.run(Server.java:2915)
, while invoking $Proxy39.submitRequest over nodeId=omNode-2,nodeAddress=127.0.0.1:11430 after 4 failover attempts. Trying to failover after sleeping for 8000ms.
2020-06-11 20:47:42,870 [grpc-default-executor-0] WARN  server.GrpcLogAppender (LogUtils.java:warn(122)) - omNode-2@group-523986131536->omNode-1-AppendLogResponseHandler: Failed appendEntries: org.apache.ratis.thirdparty.io.grpc.StatusRuntimeException: UNAVAILABLE: io exception
2020-06-11 20:47:42,871 [grpc-default-executor-2] INFO  ratis.OzoneManagerStateMachine (OzoneManagerStateMachine.java:getLatestSnapshot(147)) - Latest Snapshot Info 0#-1
2020-06-11 20:47:42,873 [grpc-default-executor-0] INFO  impl.FollowerInfo (FollowerInfo.java:lambda$new$0(51)) - omNode-2@group-523986131536->omNode-1: nextIndex: updateUnconditionally 8 -> 1
2020-06-11 20:47:43,371 [grpc-default-executor-0] WARN  server.GrpcLogAppender (LogUtils.java:warn(122)) - omNode-2@group-523986131536->omNode-1-AppendLogResponseHandler: Failed appendEntries: org.apache.ratis.thirdparty.io.grpc.StatusRuntimeException: UNAVAILABLE: io exception
2020-06-11 20:47:43,373 [grpc-default-executor-0] INFO  impl.FollowerInfo (FollowerInfo.java:lambda$new$0(51)) - omNode-2@group-523986131536->omNode-1: nextIndex: updateUnconditionally 8 -> 1
2020-06-11 20:47:43,376 [grpc-default-executor-0] INFO  ratis.OzoneManagerStateMachine (OzoneManagerStateMachine.java:getLatestSnapshot(147)) - Latest Snapshot Info 0#-1
2020-06-11 20:47:43,880 [grpc-default-executor-0] WARN  server.GrpcLogAppender (LogUtils.java:warn(122)) - omNode-2@group-523986131536->omNode-1-AppendLogResponseHandler: Failed appendEntries: org.apache.ratis.thirdparty.io.grpc.StatusRuntimeException: UNAVAILABLE: io exception
2020-06-11 20:47:43,880 [grpc-default-executor-0] INFO  impl.FollowerInfo (FollowerInfo.java:lambda$new$0(51)) - omNode-2@group-523986131536->omNode-1: nextIndex: updateUnconditionally 8 -> 1
2020-06-11 20:47:43,881 [grpc-default-executor-2] INFO  ratis.OzoneManagerStateMachine (OzoneManagerStateMachine.java:getLatestSnapshot(147)) - Latest Snapshot Info 0#-1
2020-06-11 20:47:44,376 [grpc-default-executor-0] WARN  server.GrpcLogAppender (LogUtils.java:warn(122)) - omNode-2@group-523986131536->omNode-1-AppendLogResponseHandler: Failed appendEntries: org.apache.ratis.thirdparty.io.grpc.StatusRuntimeException: UNAVAILABLE: io exception
2020-06-11 20:47:44,378 [grpc-default-executor-0] INFO  impl.FollowerInfo (FollowerInfo.java:lambda$new$0(51)) - omNode-2@group-523986131536->omNode-1: nextIndex: updateUnconditionally 8 -> 1
2020-06-11 20:47:44,382 [grpc-default-executor-0] INFO  ratis.OzoneManagerStateMachine (OzoneManagerStateMachine.java:getLatestSnapshot(147)) - Latest Snapshot Info 0#-1
2020-06-11 20:47:44,879 [grpc-default-executor-2] WARN  server.GrpcLogAppender (LogUtils.java:warn(122)) - omNode-2@group-523986131536->omNode-1-AppendLogResponseHandler: Failed appendEntries: org.apache.ratis.thirdparty.io.grpc.StatusRuntimeException: UNAVAILABLE: io exception
2020-06-11 20:47:44,883 [grpc-default-executor-2] INFO  impl.FollowerInfo (FollowerInfo.java:lambda$new$0(51)) - omNode-2@group-523986131536->omNode-1: nextIndex: updateUnconditionally 8 -> 1
2020-06-11 20:47:44,884 [grpc-default-executor-2] INFO  ratis.OzoneManagerStateMachine (OzoneManagerStateMachine.java:getLatestSnapshot(147)) - Latest Snapshot Info 0#-1
2020-06-11 20:47:45,381 [grpc-default-executor-0] WARN  server.GrpcLogAppender (LogUtils.java:warn(122)) - omNode-2@group-523986131536->omNode-1-AppendLogResponseHandler: Failed appendEntries: org.apache.ratis.thirdparty.io.grpc.StatusRuntimeException: UNAVAILABLE: io exception
2020-06-11 20:47:45,381 [grpc-default-executor-0] INFO  impl.FollowerInfo (FollowerInfo.java:lambda$new$0(51)) - omNode-2@group-523986131536->omNode-1: nextIndex: updateUnconditionally 8 -> 1
2020-06-11 20:47:45,386 [grpc-default-executor-0] INFO  ratis.OzoneManagerStateMachine (OzoneManagerStateMachine.java:getLatestSnapshot(147)) - Latest Snapshot Info 0#-1
2020-06-11 20:47:45,884 [grpc-default-executor-2] WARN  server.GrpcLogAppender (LogUtils.java:warn(122)) - omNode-2@group-523986131536->omNode-1-AppendLogResponseHandler: Failed appendEntries: org.apache.ratis.thirdparty.io.grpc.StatusRuntimeException: UNAVAILABLE: io exception
2020-06-11 20:47:45,884 [grpc-default-executor-2] INFO  impl.FollowerInfo (FollowerInfo.java:lambda$new$0(51)) - omNode-2@group-523986131536->omNode-1: nextIndex: updateUnconditionally 8 -> 1
2020-06-11 20:47:45,888 [grpc-default-executor-2] INFO  ratis.OzoneManagerStateMachine (OzoneManagerStateMachine.java:getLatestSnapshot(147)) - Latest Snapshot Info 0#-1
2020-06-11 20:47:46,386 [grpc-default-executor-2] WARN  server.GrpcLogAppender (LogUtils.java:warn(122)) - omNode-2@group-523986131536->omNode-1-AppendLogResponseHandler: Failed appendEntries: org.apache.ratis.thirdparty.io.grpc.StatusRuntimeException: UNAVAILABLE: io exception
2020-06-11 20:47:46,386 [grpc-default-executor-2] INFO  impl.FollowerInfo (FollowerInfo.java:lambda$new$0(51)) - omNode-2@group-523986131536->omNode-1: nextIndex: updateUnconditionally 8 -> 1
2020-06-11 20:47:46,389 [grpc-default-executor-2] INFO  ratis.OzoneManagerStateMachine (OzoneManagerStateMachine.java:getLatestSnapshot(147)) - Latest Snapshot Info 0#-1
2020-06-11 20:47:46,888 [grpc-default-executor-0] WARN  server.GrpcLogAppender (LogUtils.java:warn(122)) - omNode-2@group-523986131536->omNode-1-AppendLogResponseHandler: Failed appendEntries: org.apache.ratis.thirdparty.io.grpc.StatusRuntimeException: UNAVAILABLE: io exception
2020-06-11 20:47:46,888 [grpc-default-executor-0] INFO  impl.FollowerInfo (FollowerInfo.java:lambda$new$0(51)) - omNode-2@group-523986131536->omNode-1: nextIndex: updateUnconditionally 8 -> 1
2020-06-11 20:47:46,891 [grpc-default-executor-0] INFO  ratis.OzoneManagerStateMachine (OzoneManagerStateMachine.java:getLatestSnapshot(147)) - Latest Snapshot Info 0#-1
2020-06-11 20:47:47,391 [grpc-default-executor-2] WARN  server.GrpcLogAppender (LogUtils.java:warn(122)) - omNode-2@group-523986131536->omNode-1-AppendLogResponseHandler: Failed appendEntries: org.apache.ratis.thirdparty.io.grpc.StatusRuntimeException: UNAVAILABLE: io exception
2020-06-11 20:47:47,392 [grpc-default-executor-2] INFO  impl.FollowerInfo (FollowerInfo.java:lambda$new$0(51)) - omNode-2@group-523986131536->omNode-1: nextIndex: updateUnconditionally 8 -> 1
2020-06-11 20:47:47,392 [grpc-default-executor-2] INFO  ratis.OzoneManagerStateMachine (OzoneManagerStateMachine.java:getLatestSnapshot(147)) - Latest Snapshot Info 0#-1
2020-06-11 20:47:47,894 [grpc-default-executor-4] WARN  server.GrpcLogAppender (LogUtils.java:warn(122)) - omNode-2@group-523986131536->omNode-1-AppendLogResponseHandler: Failed appendEntries: org.apache.ratis.thirdparty.io.grpc.StatusRuntimeException: UNAVAILABLE: io exception
2020-06-11 20:47:47,894 [grpc-default-executor-0] INFO  ratis.OzoneManagerStateMachine (OzoneManagerStateMachine.java:getLatestSnapshot(147)) - Latest Snapshot Info 0#-1
2020-06-11 20:47:47,895 [grpc-default-executor-4] INFO  impl.FollowerInfo (FollowerInfo.java:lambda$new$0(51)) - omNode-2@group-523986131536->omNode-1: nextIndex: updateUnconditionally 8 -> 1
2020-06-11 20:47:48,396 [grpc-default-executor-2] WARN  server.GrpcLogAppender (LogUtils.java:warn(122)) - omNode-2@group-523986131536->omNode-1-AppendLogResponseHandler: Failed appendEntries: org.apache.ratis.thirdparty.io.grpc.StatusRuntimeException: UNAVAILABLE: io exception
2020-06-11 20:47:48,397 [grpc-default-executor-4] INFO  ratis.OzoneManagerStateMachine (OzoneManagerStateMachine.java:getLatestSnapshot(147)) - Latest Snapshot Info 0#-1
2020-06-11 20:47:48,397 [grpc-default-executor-2] INFO  impl.FollowerInfo (FollowerInfo.java:lambda$new$0(51)) - omNode-2@group-523986131536->omNode-1: nextIndex: updateUnconditionally 8 -> 1
2020-06-11 20:47:48,900 [grpc-default-executor-2] INFO  ratis.OzoneManagerStateMachine (OzoneManagerStateMachine.java:getLatestSnapshot(147)) - Latest Snapshot Info 0#-1
2020-06-11 20:47:48,900 [grpc-default-executor-0] WARN  server.GrpcLogAppender (LogUtils.java:warn(122)) - omNode-2@group-523986131536->omNode-1-AppendLogResponseHandler: Failed appendEntries: org.apache.ratis.thirdparty.io.grpc.StatusRuntimeException: UNAVAILABLE: io exception
2020-06-11 20:47:48,901 [grpc-default-executor-0] INFO  impl.FollowerInfo (FollowerInfo.java:lambda$new$0(51)) - omNode-2@group-523986131536->omNode-1: nextIndex: updateUnconditionally 8 -> 1
2020-06-11 20:47:49,401 [grpc-default-executor-2] WARN  server.GrpcLogAppender (LogUtils.java:warn(122)) - omNode-2@group-523986131536->omNode-1-AppendLogResponseHandler: Failed appendEntries: org.apache.ratis.thirdparty.io.grpc.StatusRuntimeException: UNAVAILABLE: io exception
2020-06-11 20:47:49,401 [grpc-default-executor-2] INFO  impl.FollowerInfo (FollowerInfo.java:lambda$new$0(51)) - omNode-2@group-523986131536->omNode-1: nextIndex: updateUnconditionally 8 -> 1
2020-06-11 20:47:49,402 [grpc-default-executor-2] INFO  ratis.OzoneManagerStateMachine (OzoneManagerStateMachine.java:getLatestSnapshot(147)) - Latest Snapshot Info 0#-1
2020-06-11 20:47:49,903 [grpc-default-executor-0] WARN  server.GrpcLogAppender (LogUtils.java:warn(122)) - omNode-2@group-523986131536->omNode-1-AppendLogResponseHandler: Failed appendEntries: org.apache.ratis.thirdparty.io.grpc.StatusRuntimeException: UNAVAILABLE: io exception
2020-06-11 20:47:49,903 [grpc-default-executor-0] INFO  impl.FollowerInfo (FollowerInfo.java:lambda$new$0(51)) - omNode-2@group-523986131536->omNode-1: nextIndex: updateUnconditionally 8 -> 1
2020-06-11 20:47:49,904 [grpc-default-executor-0] INFO  ratis.OzoneManagerStateMachine (OzoneManagerStateMachine.java:getLatestSnapshot(147)) - Latest Snapshot Info 0#-1
2020-06-11 20:47:50,405 [grpc-default-executor-2] WARN  server.GrpcLogAppender (LogUtils.java:warn(122)) - omNode-2@group-523986131536->omNode-1-AppendLogResponseHandler: Failed appendEntries: org.apache.ratis.thirdparty.io.grpc.StatusRuntimeException: UNAVAILABLE: io exception
2020-06-11 20:47:50,405 [grpc-default-executor-2] INFO  impl.FollowerInfo (FollowerInfo.java:lambda$new$0(51)) - omNode-2@group-523986131536->omNode-1: nextIndex: updateUnconditionally 8 -> 1
2020-06-11 20:47:50,405 [grpc-default-executor-0] INFO  ratis.OzoneManagerStateMachine (OzoneManagerStateMachine.java:getLatestSnapshot(147)) - Latest Snapshot Info 0#-1
2020-06-11 20:47:50,469 [IPC Server handler 3 on default port 11430] INFO  ipc.Server (Server.java:logException(2976)) - IPC Server handler 3 on default port 11430, call Call#329 Retry#5 org.apache.hadoop.ozone.om.protocol.OzoneManagerProtocol.submitRequest from 127.0.0.1:51812
org.apache.hadoop.ozone.om.exceptions.OMLeaderNotReadyException: omNode-2@group-523986131536 is in LEADER state but not ready yet.
	at org.apache.hadoop.ozone.om.ratis.OzoneManagerRatisServer.processReply(OzoneManagerRatisServer.java:177)
	at org.apache.hadoop.ozone.om.ratis.OzoneManagerRatisServer.submitRequest(OzoneManagerRatisServer.java:136)
	at org.apache.hadoop.ozone.protocolPB.OzoneManagerProtocolServerSideTranslatorPB.submitRequestToRatis(OzoneManagerProtocolServerSideTranslatorPB.java:177)
	at org.apache.hadoop.ozone.protocolPB.OzoneManagerProtocolServerSideTranslatorPB.processRequest(OzoneManagerProtocolServerSideTranslatorPB.java:134)
	at org.apache.hadoop.hdds.server.OzoneProtocolMessageDispatcher.processRequest(OzoneProtocolMessageDispatcher.java:74)
	at org.apache.hadoop.ozone.protocolPB.OzoneManagerProtocolServerSideTranslatorPB.submitRequest(OzoneManagerProtocolServerSideTranslatorPB.java:113)
	at org.apache.hadoop.ozone.protocol.proto.OzoneManagerProtocolProtos$OzoneManagerService$2.callBlockingMethod(OzoneManagerProtocolProtos.java)
	at org.apache.hadoop.ipc.ProtobufRpcEngine$Server$ProtoBufRpcInvoker.call(ProtobufRpcEngine.java:528)
	at org.apache.hadoop.ipc.RPC$Server.call(RPC.java:1070)
	at org.apache.hadoop.ipc.Server$RpcCall.run(Server.java:999)
	at org.apache.hadoop.ipc.Server$RpcCall.run(Server.java:927)
	at java.security.AccessController.doPrivileged(Native Method)
	at javax.security.auth.Subject.doAs(Subject.java:422)
	at org.apache.hadoop.security.UserGroupInformation.doAs(UserGroupInformation.java:1730)
	at org.apache.hadoop.ipc.Server$Handler.run(Server.java:2915)
2020-06-11 20:47:50,471 [Listener at 127.0.0.1/11436] INFO  protocolPB.Hadoop3OmTransport (Hadoop3OmTransport.java:shouldRetry(156)) - RetryProxy: omNode-2@group-523986131536 is in LEADER state but not ready yet.
	at org.apache.hadoop.ozone.om.ratis.OzoneManagerRatisServer.processReply(OzoneManagerRatisServer.java:177)
	at org.apache.hadoop.ozone.om.ratis.OzoneManagerRatisServer.submitRequest(OzoneManagerRatisServer.java:136)
	at org.apache.hadoop.ozone.protocolPB.OzoneManagerProtocolServerSideTranslatorPB.submitRequestToRatis(OzoneManagerProtocolServerSideTranslatorPB.java:177)
	at org.apache.hadoop.ozone.protocolPB.OzoneManagerProtocolServerSideTranslatorPB.processRequest(OzoneManagerProtocolServerSideTranslatorPB.java:134)
	at org.apache.hadoop.hdds.server.OzoneProtocolMessageDispatcher.processRequest(OzoneProtocolMessageDispatcher.java:74)
	at org.apache.hadoop.ozone.protocolPB.OzoneManagerProtocolServerSideTranslatorPB.submitRequest(OzoneManagerProtocolServerSideTranslatorPB.java:113)
	at org.apache.hadoop.ozone.protocol.proto.OzoneManagerProtocolProtos$OzoneManagerService$2.callBlockingMethod(OzoneManagerProtocolProtos.java)
	at org.apache.hadoop.ipc.ProtobufRpcEngine$Server$ProtoBufRpcInvoker.call(ProtobufRpcEngine.java:528)
	at org.apache.hadoop.ipc.RPC$Server.call(RPC.java:1070)
	at org.apache.hadoop.ipc.Server$RpcCall.run(Server.java:999)
	at org.apache.hadoop.ipc.Server$RpcCall.run(Server.java:927)
	at java.security.AccessController.doPrivileged(Native Method)
	at javax.security.auth.Subject.doAs(Subject.java:422)
	at org.apache.hadoop.security.UserGroupInformation.doAs(UserGroupInformation.java:1730)
	at org.apache.hadoop.ipc.Server$Handler.run(Server.java:2915)

2020-06-11 20:47:50,471 [Listener at 127.0.0.1/11436] ERROR protocolPB.Hadoop3OmTransport (Hadoop3OmTransport.java:getRetryAction(189)) - Failed to connect to OMs: [nodeId=omNode-3,nodeAddress=127.0.0.1:11436, nodeId=omNode-1,nodeAddress=127.0.0.1:11424, nodeId=omNode-2,nodeAddress=127.0.0.1:11430]. Attempted 5 failovers.
2020-06-11 20:47:50,473 [Listener at 127.0.0.1/11436] INFO  ozone.MiniOzoneClusterImpl (MiniOzoneClusterImpl.java:shutdown(387)) - Shutting down the Mini Ozone Cluster
2020-06-11 20:47:50,473 [Listener at 127.0.0.1/11436] INFO  ozone.MiniOzoneHAClusterImpl (MiniOzoneHAClusterImpl.java:stop(230)) - Stopping the OzoneManager omNode-3
2020-06-11 20:47:50,473 [Listener at 127.0.0.1/11436] INFO  ipc.Server (Server.java:stop(3359)) - Stopping server on 11436
2020-06-11 20:47:50,476 [IPC Server listener on 11436] INFO  ipc.Server (Server.java:run(1330)) - Stopping IPC Server listener on 11436
2020-06-11 20:47:50,477 [IPC Server Responder] INFO  ipc.Server (Server.java:run(1465)) - Stopping IPC Server Responder
2020-06-11 20:47:50,478 [Listener at 127.0.0.1/11436] INFO  impl.RaftServerProxy (RaftServerProxy.java:lambda$close$4(319)) - omNode-3: close
2020-06-11 20:47:50,478 [Listener at 127.0.0.1/11436] INFO  impl.RaftServerImpl (RaftServerImpl.java:lambda$shutdown$3(252)) - omNode-3@group-523986131536: shutdown
2020-06-11 20:47:50,478 [Listener at 127.0.0.1/11436] INFO  util.JmxRegister (JmxRegister.java:unregister(73)) - Successfully un-registered JMX Bean with object name Ratis:service=RaftServer,group=group-523986131536,id=omNode-3
2020-06-11 20:47:50,478 [Listener at 127.0.0.1/11436] INFO  impl.RoleInfo (RoleInfo.java:shutdownFollowerState(121)) - omNode-3: shutdown FollowerState
2020-06-11 20:47:50,478 [Thread-1775] INFO  impl.FollowerState (FollowerState.java:run(117)) - omNode-3@group-523986131536-FollowerState was interrupted: java.lang.InterruptedException: sleep interrupted
2020-06-11 20:47:50,479 [omNode-3@group-523986131536-StateMachineUpdater] INFO  ratis.OzoneManagerStateMachine (OzoneManagerStateMachine.java:takeSnapshot(355)) - Current Snapshot Index (t:1, i:5)
2020-06-11 20:47:50,479 [omNode-3@group-523986131536-StateMachineUpdater] INFO  impl.StateMachineUpdater (StateMachineUpdater.java:takeSnapshot(277)) - omNode-3@group-523986131536-StateMachineUpdater: Took a snapshot at index 5
2020-06-11 20:47:50,479 [omNode-3@group-523986131536-StateMachineUpdater] INFO  impl.StateMachineUpdater (StateMachineUpdater.java:lambda$new$0(87)) - omNode-3@group-523986131536-StateMachineUpdater: snapshotIndex: updateIncreasingly -1 -> 5
2020-06-11 20:47:50,479 [omNode-3@group-523986131536-StateMachineUpdater] INFO  metrics.RatisMetrics (RatisMetrics.java:unregister(43)) - Unregistering Metrics Registry : ratis.state_machine.omNode-3@group-523986131536
2020-06-11 20:47:50,480 [Listener at 127.0.0.1/11436] INFO  impl.StateMachineUpdater (StateMachineUpdater.java:stopAndJoin(142)) - omNode-3@group-523986131536-StateMachineUpdater: set stopIndex = 5
2020-06-11 20:47:50,480 [Listener at 127.0.0.1/11436] INFO  impl.RaftServerImpl (ServerState.java:close(387)) - omNode-3@group-523986131536: closes. applyIndex: 5
2020-06-11 20:47:50,480 [omNode-3@group-523986131536-SegmentedRaftLogWorker] INFO  segmented.SegmentedRaftLogWorker (SegmentedRaftLogWorker.java:run(327)) - omNode-3@group-523986131536-SegmentedRaftLogWorker was interrupted, exiting. There are 0 tasks remaining in the queue.
2020-06-11 20:47:50,481 [Listener at 127.0.0.1/11436] INFO  segmented.SegmentedRaftLogWorker (SegmentedRaftLogWorker.java:close(234)) - omNode-3@group-523986131536-SegmentedRaftLogWorker close()
2020-06-11 20:47:50,482 [Listener at 127.0.0.1/11436] INFO  metrics.RatisMetrics (RatisMetrics.java:unregister(43)) - Unregistering Metrics Registry : ratis.log_worker.omNode-3@group-523986131536
2020-06-11 20:47:50,482 [Listener at 127.0.0.1/11436] INFO  metrics.RatisMetrics (RatisMetrics.java:unregister(43)) - Unregistering Metrics Registry : ratis.leader_election.omNode-3@group-523986131536
2020-06-11 20:47:50,482 [Listener at 127.0.0.1/11436] INFO  metrics.RatisMetrics (RatisMetrics.java:unregister(43)) - Unregistering Metrics Registry : ratis.server.omNode-3@group-523986131536
2020-06-11 20:47:50,482 [Listener at 127.0.0.1/11436] INFO  server.GrpcService (GrpcService.java:closeImpl(166)) - omNode-3: shutdown server with port 11440 now
2020-06-11 20:47:50,484 [Listener at 127.0.0.1/11436] INFO  server.GrpcService (GrpcService.java:closeImpl(174)) - omNode-3: shutdown server with port 11440 successfully
2020-06-11 20:47:50,484 [Listener at 127.0.0.1/11436] INFO  ratis.OzoneManagerDoubleBuffer (OzoneManagerDoubleBuffer.java:stop(410)) - Stopping OMDoubleBuffer flush thread
2020-06-11 20:47:50,484 [OMDoubleBufferFlushThread] INFO  ratis.OzoneManagerDoubleBuffer (OzoneManagerDoubleBuffer.java:flushTransactions(342)) - OMDoubleBuffer flush thread OMDoubleBufferFlushThread is interrupted and will exit. OMDoubleBufferFlushThread
2020-06-11 20:47:50,484 [grpc-default-executor-2] WARN  server.GrpcServerProtocolService (LogUtils.java:warn(122)) - omNode-3: installSnapshot onError, lastRequest: omNode-2->omNode-3#1-t2, previous=(t:1, i:6), leaderCommit=5, initializing? false, entries: size=1, first=(t:2, i:7), CONFIGURATIONENTRY: org.apache.ratis.thirdparty.io.grpc.StatusRuntimeException: CANCELLED: cancelled before receiving half close
2020-06-11 20:47:50,484 [Listener at 127.0.0.1/11436] INFO  ratis.OzoneManagerStateMachine (HadoopExecutors.java:shutdown(118)) - Gracefully shutting down executor service. Waiting max 5 SECONDS
2020-06-11 20:47:50,485 [grpc-default-executor-0] WARN  server.GrpcLogAppender (LogUtils.java:warn(122)) - omNode-2@group-523986131536->omNode-3-AppendLogResponseHandler: Failed appendEntries: org.apache.ratis.thirdparty.io.grpc.StatusRuntimeException: CANCELLED: HTTP/2 error code: CANCEL
Received Rst Stream
2020-06-11 20:47:50,485 [Listener at 127.0.0.1/11436] INFO  ratis.OzoneManagerStateMachine (HadoopExecutors.java:shutdown(129)) - Succesfully shutdown executor service
2020-06-11 20:47:50,485 [Listener at 127.0.0.1/11436] INFO  ratis.OzoneManagerStateMachine (HadoopExecutors.java:shutdown(118)) - Gracefully shutting down executor service. Waiting max 5 SECONDS
2020-06-11 20:47:50,485 [Listener at 127.0.0.1/11436] INFO  ratis.OzoneManagerStateMachine (HadoopExecutors.java:shutdown(129)) - Succesfully shutdown executor service
2020-06-11 20:47:50,485 [Listener at 127.0.0.1/11436] INFO  utils.BackgroundService (BackgroundService.java:shutdown(157)) - Shutting down service KeyDeletingService
2020-06-11 20:47:50,485 [grpc-default-executor-0] INFO  impl.FollowerInfo (FollowerInfo.java:lambda$new$0(51)) - omNode-2@group-523986131536->omNode-3: nextIndex: updateUnconditionally 8 -> 1
2020-06-11 20:47:50,485 [Listener at 127.0.0.1/11436] INFO  handler.ContextHandler (ContextHandler.java:doStop(1016)) - Stopped o.e.j.w.WebAppContext@660077e0{ozoneManager,/,null,UNAVAILABLE}{file:/github/workspace/mnt/ozone/hadoop-ozone/integration-test/target/test-classes/webapps/ozoneManager}
2020-06-11 20:47:50,486 [Listener at 127.0.0.1/11436] INFO  server.AbstractConnector (AbstractConnector.java:doStop(380)) - Stopped ServerConnector@702db36b{HTTP/1.1,[http/1.1]}{0.0.0.0:11438}
2020-06-11 20:47:50,486 [Listener at 127.0.0.1/11436] INFO  server.session (HouseKeeper.java:stopScavenging(158)) - node0 Stopped scavenging
2020-06-11 20:47:50,486 [Listener at 127.0.0.1/11436] INFO  handler.ContextHandler (ContextHandler.java:doStop(1016)) - Stopped o.e.j.s.ServletContextHandler@4cc63361{static,/static,file:///github/workspace/mnt/ozone/hadoop-ozone/integration-test/target/test-classes/webapps/static,UNAVAILABLE}
2020-06-11 20:47:50,486 [Listener at 127.0.0.1/11436] INFO  handler.ContextHandler (ContextHandler.java:doStop(1016)) - Stopped o.e.j.s.ServletContextHandler@69d011a8{logs,/logs,file:///github/workspace/mnt/ozone/hadoop-ozone/integration-test/target/log,UNAVAILABLE}
2020-06-11 20:47:50,488 [Listener at 127.0.0.1/11436] INFO  ozone.MiniOzoneHAClusterImpl (MiniOzoneHAClusterImpl.java:stop(230)) - Stopping the OzoneManager omNode-1
2020-06-11 20:47:50,488 [Listener at 127.0.0.1/11436] INFO  ipc.Server (Server.java:stop(3359)) - Stopping server on 11424
2020-06-11 20:47:50,488 [Listener at 127.0.0.1/11436] INFO  ozone.MiniOzoneHAClusterImpl (MiniOzoneHAClusterImpl.java:stop(230)) - Stopping the OzoneManager omNode-2
2020-06-11 20:47:50,488 [Listener at 127.0.0.1/11436] INFO  ipc.Server (Server.java:stop(3359)) - Stopping server on 11430
2020-06-11 20:47:50,489 [IPC Server listener on 11430] INFO  ipc.Server (Server.java:run(1330)) - Stopping IPC Server listener on 11430
2020-06-11 20:47:50,491 [IPC Server Responder] INFO  ipc.Server (Server.java:run(1465)) - Stopping IPC Server Responder
2020-06-11 20:47:50,492 [Listener at 127.0.0.1/11436] INFO  impl.RaftServerProxy (RaftServerProxy.java:lambda$close$4(319)) - omNode-2: close
2020-06-11 20:47:50,492 [Listener at 127.0.0.1/11436] INFO  impl.RaftServerImpl (RaftServerImpl.java:lambda$shutdown$3(252)) - omNode-2@group-523986131536: shutdown
2020-06-11 20:47:50,492 [Listener at 127.0.0.1/11436] INFO  util.JmxRegister (JmxRegister.java:unregister(73)) - Successfully un-registered JMX Bean with object name Ratis:service=RaftServer,group=group-523986131536,id=omNode-2
2020-06-11 20:47:50,492 [Listener at 127.0.0.1/11436] INFO  impl.RoleInfo (RoleInfo.java:shutdownLeaderState(104)) - omNode-2: shutdown LeaderState
2020-06-11 20:47:50,492 [Listener at 127.0.0.1/11436] INFO  metrics.RatisMetrics (RatisMetrics.java:unregister(43)) - Unregistering Metrics Registry : ratis_grpc.log_appender.omNode-2@group-523986131536
2020-06-11 20:47:50,493 [Listener at 127.0.0.1/11436] INFO  metrics.RatisMetrics (RatisMetrics.java:unregister(43)) - Unregistering Metrics Registry : ratis_grpc.log_appender.omNode-2@group-523986131536
2020-06-11 20:47:50,493 [org.apache.ratis.server.impl.LogAppender$AppenderDaemon$$Lambda$336/740676522@60765c08] WARN  server.GrpcLogAppender (GrpcLogAppender.java:mayWait(153)) - omNode-2@group-523986131536->omNode-3-GrpcLogAppender: Wait interrupted by java.lang.InterruptedException
2020-06-11 20:47:50,494 [Listener at 127.0.0.1/11436] INFO  impl.PendingRequests (PendingRequests.java:sendNotLeaderResponses(249)) - omNode-2@group-523986131536-PendingRequests: sendNotLeaderResponses
2020-06-11 20:47:50,494 [org.apache.ratis.server.impl.LogAppender$AppenderDaemon$$Lambda$336/740676522@24c89cac] WARN  server.GrpcLogAppender (GrpcLogAppender.java:mayWait(153)) - omNode-2@group-523986131536->omNode-1-GrpcLogAppender: Wait interrupted by java.lang.InterruptedException
2020-06-11 20:47:50,495 [Listener at 127.0.0.1/11436] INFO  metrics.RatisMetrics (RatisMetrics.java:unregister(43)) - Unregistering Metrics Registry : ratis.log_appender.omNode-2@group-523986131536
2020-06-11 20:47:50,495 [Listener at 127.0.0.1/11436] INFO  metrics.RatisMetrics (RatisMetrics.java:unregister(43)) - Unregistering Metrics Registry : ratis.server.omNode-2@group-523986131536
2020-06-11 20:47:50,496 [Listener at 127.0.0.1/11436] INFO  impl.StateMachineUpdater (StateMachineUpdater.java:stopAndJoin(142)) - omNode-2@group-523986131536-StateMachineUpdater: set stopIndex = 5
2020-06-11 20:47:50,496 [omNode-2@group-523986131536-StateMachineUpdater] INFO  ratis.OzoneManagerStateMachine (OzoneManagerStateMachine.java:takeSnapshot(355)) - Current Snapshot Index (t:1, i:5)
2020-06-11 20:47:50,496 [omNode-2@group-523986131536-StateMachineUpdater] INFO  impl.StateMachineUpdater (StateMachineUpdater.java:takeSnapshot(277)) - omNode-2@group-523986131536-StateMachineUpdater: Took a snapshot at index 5
2020-06-11 20:47:50,496 [omNode-2@group-523986131536-StateMachineUpdater] INFO  impl.StateMachineUpdater (StateMachineUpdater.java:lambda$new$0(87)) - omNode-2@group-523986131536-StateMachineUpdater: snapshotIndex: updateIncreasingly -1 -> 5
2020-06-11 20:47:50,496 [omNode-2@group-523986131536-StateMachineUpdater] INFO  metrics.RatisMetrics (RatisMetrics.java:unregister(43)) - Unregistering Metrics Registry : ratis.state_machine.omNode-2@group-523986131536
2020-06-11 20:47:50,497 [Listener at 127.0.0.1/11436] INFO  impl.RaftServerImpl (ServerState.java:close(387)) - omNode-2@group-523986131536: closes. applyIndex: 5
2020-06-11 20:47:50,497 [omNode-2@group-523986131536-SegmentedRaftLogWorker] INFO  segmented.SegmentedRaftLogWorker (SegmentedRaftLogWorker.java:run(327)) - omNode-2@group-523986131536-SegmentedRaftLogWorker was interrupted, exiting. There are 0 tasks remaining in the queue.
2020-06-11 20:47:50,497 [Listener at 127.0.0.1/11436] INFO  segmented.SegmentedRaftLogWorker (SegmentedRaftLogWorker.java:close(234)) - omNode-2@group-523986131536-SegmentedRaftLogWorker close()
2020-06-11 20:47:50,498 [Listener at 127.0.0.1/11436] INFO  metrics.RatisMetrics (RatisMetrics.java:unregister(43)) - Unregistering Metrics Registry : ratis.log_worker.omNode-2@group-523986131536
2020-06-11 20:47:50,499 [Listener at 127.0.0.1/11436] INFO  metrics.RatisMetrics (RatisMetrics.java:unregister(43)) - Unregistering Metrics Registry : ratis.leader_election.omNode-2@group-523986131536
2020-06-11 20:47:50,499 [Listener at 127.0.0.1/11436] INFO  metrics.RatisMetrics (RatisMetrics.java:unregister(43)) - Unregistering Metrics Registry : ratis.server.omNode-2@group-523986131536
2020-06-11 20:47:50,499 [Listener at 127.0.0.1/11436] INFO  server.GrpcService (GrpcService.java:closeImpl(166)) - omNode-2: shutdown server with port 11434 now
2020-06-11 20:47:50,501 [Listener at 127.0.0.1/11436] INFO  server.GrpcService (GrpcService.java:closeImpl(174)) - omNode-2: shutdown server with port 11434 successfully
2020-06-11 20:47:50,501 [Listener at 127.0.0.1/11436] INFO  ratis.OzoneManagerDoubleBuffer (OzoneManagerDoubleBuffer.java:stop(410)) - Stopping OMDoubleBuffer flush thread
2020-06-11 20:47:50,501 [OMDoubleBufferFlushThread] INFO  ratis.OzoneManagerDoubleBuffer (OzoneManagerDoubleBuffer.java:flushTransactions(342)) - OMDoubleBuffer flush thread OMDoubleBufferFlushThread is interrupted and will exit. OMDoubleBufferFlushThread
2020-06-11 20:47:50,501 [Listener at 127.0.0.1/11436] INFO  ratis.OzoneManagerStateMachine (HadoopExecutors.java:shutdown(118)) - Gracefully shutting down executor service. Waiting max 5 SECONDS
2020-06-11 20:47:50,501 [Listener at 127.0.0.1/11436] INFO  ratis.OzoneManagerStateMachine (HadoopExecutors.java:shutdown(129)) - Succesfully shutdown executor service
2020-06-11 20:47:50,501 [Listener at 127.0.0.1/11436] INFO  ratis.OzoneManagerStateMachine (HadoopExecutors.java:shutdown(118)) - Gracefully shutting down executor service. Waiting max 5 SECONDS
2020-06-11 20:47:50,502 [Listener at 127.0.0.1/11436] INFO  ratis.OzoneManagerStateMachine (HadoopExecutors.java:shutdown(129)) - Succesfully shutdown executor service
2020-06-11 20:47:50,502 [Listener at 127.0.0.1/11436] INFO  utils.BackgroundService (BackgroundService.java:shutdown(157)) - Shutting down service KeyDeletingService
2020-06-11 20:47:50,502 [Listener at 127.0.0.1/11436] INFO  handler.ContextHandler (ContextHandler.java:doStop(1016)) - Stopped o.e.j.w.WebAppContext@732d9c51{ozoneManager,/,null,UNAVAILABLE}{file:/github/workspace/mnt/ozone/hadoop-ozone/integration-test/target/test-classes/webapps/ozoneManager}
2020-06-11 20:47:50,503 [Listener at 127.0.0.1/11436] INFO  server.AbstractConnector (AbstractConnector.java:doStop(380)) - Stopped ServerConnector@6f4dde92{HTTP/1.1,[http/1.1]}{0.0.0.0:11432}
2020-06-11 20:47:50,503 [Listener at 127.0.0.1/11436] INFO  server.session (HouseKeeper.java:stopScavenging(158)) - node0 Stopped scavenging
2020-06-11 20:47:50,503 [Listener at 127.0.0.1/11436] INFO  handler.ContextHandler (ContextHandler.java:doStop(1016)) - Stopped o.e.j.s.ServletContextHandler@21d2e0b4{static,/static,file:///github/workspace/mnt/ozone/hadoop-ozone/integration-test/target/test-classes/webapps/static,UNAVAILABLE}
2020-06-11 20:47:50,503 [Listener at 127.0.0.1/11436] INFO  handler.ContextHandler (ContextHandler.java:doStop(1016)) - Stopped o.e.j.s.ServletContextHandler@347720{logs,/logs,file:///github/workspace/mnt/ozone/hadoop-ozone/integration-test/target/log,UNAVAILABLE}
2020-06-11 20:47:50,505 [Listener at 127.0.0.1/11436] INFO  ozone.MiniOzoneClusterImpl (MiniOzoneClusterImpl.java:stop(402)) - Stopping the Mini Ozone Cluster
2020-06-11 20:47:50,505 [Listener at 127.0.0.1/11436] INFO  ozone.MiniOzoneClusterImpl (MiniOzoneClusterImpl.java:stopDatanodes(461)) - Stopping the HddsDatanodes
2020-06-11 20:47:51,085 [Datanode State Machine Thread - 0] INFO  statemachine.DatanodeStateMachine (DatanodeStateMachine.java:lambda$startDaemon$0(380)) - Ozone container server started.
2020-06-11 20:47:51,170 [Datanode State Machine Thread - 0] INFO  statemachine.DatanodeStateMachine (DatanodeStateMachine.java:lambda$startDaemon$0(380)) - Ozone container server started.
2020-06-11 20:47:55,506 [ForkJoinPool.commonPool-worker-1] INFO  ozoneimpl.OzoneContainer (OzoneContainer.java:stop(246)) - Attempting to stop container services.
2020-06-11 20:47:55,506 [ForkJoinPool.commonPool-worker-1] INFO  impl.RaftServerProxy (RaftServerProxy.java:lambda$close$4(319)) - 52af0a34-bf0e-42df-b18d-b37a8c27e7c4: close
2020-06-11 20:47:55,506 [Listener at 127.0.0.1/11436] INFO  ozoneimpl.OzoneContainer (OzoneContainer.java:stop(246)) - Attempting to stop container services.
2020-06-11 20:47:55,507 [ForkJoinPool.commonPool-worker-1] INFO  impl.RaftServerImpl (RaftServerImpl.java:lambda$shutdown$3(252)) - 52af0a34-bf0e-42df-b18d-b37a8c27e7c4@group-0EFE0A522D66: shutdown
2020-06-11 20:47:55,507 [Listener at 127.0.0.1/11436] INFO  impl.RaftServerProxy (RaftServerProxy.java:lambda$close$4(319)) - 151e5581-bdfa-4d31-9efc-bf6934df9aa9: close
2020-06-11 20:47:55,507 [Listener at 127.0.0.1/11436] INFO  impl.RaftServerImpl (RaftServerImpl.java:lambda$shutdown$3(252)) - 151e5581-bdfa-4d31-9efc-bf6934df9aa9@group-39BAEE5A5448: shutdown
2020-06-11 20:47:55,507 [Listener at 127.0.0.1/11436] INFO  util.JmxRegister (JmxRegister.java:unregister(73)) - Successfully un-registered JMX Bean with object name Ratis:service=RaftServer,group=group-39BAEE5A5448,id=151e5581-bdfa-4d31-9efc-bf6934df9aa9
2020-06-11 20:47:55,508 [Listener at 127.0.0.1/11436] INFO  impl.RoleInfo (RoleInfo.java:shutdownFollowerState(121)) - 151e5581-bdfa-4d31-9efc-bf6934df9aa9: shutdown FollowerState
2020-06-11 20:47:55,508 [Listener at 127.0.0.1/11436] INFO  impl.StateMachineUpdater (StateMachineUpdater.java:stopAndJoin(142)) - 151e5581-bdfa-4d31-9efc-bf6934df9aa9@group-39BAEE5A5448-StateMachineUpdater: set stopIndex = 0
2020-06-11 20:47:55,508 [151e5581-bdfa-4d31-9efc-bf6934df9aa9@group-39BAEE5A5448-StateMachineUpdater] INFO  ratis.ContainerStateMachine (ContainerStateMachine.java:takeSnapshot(288)) - group-39BAEE5A5448: Taking a snapshot at:(t:1, i:0) file /github/workspace/mnt/ozone/hadoop-ozone/integration-test/target/test-dir/MiniOzoneClusterImpl-1edd6e2e-9508-44e8-b6bf-1bcd4789e4cf/datanode-1/data/ratis/40d843be-a86a-44da-b46d-39baee5a5448/sm/snapshot.1_0
2020-06-11 20:47:55,507 [ForkJoinPool.commonPool-worker-1] INFO  util.JmxRegister (JmxRegister.java:unregister(73)) - Successfully un-registered JMX Bean with object name Ratis:service=RaftServer,group=group-0EFE0A522D66,id=52af0a34-bf0e-42df-b18d-b37a8c27e7c4
2020-06-11 20:47:55,509 [ForkJoinPool.commonPool-worker-1] INFO  impl.RoleInfo (RoleInfo.java:shutdownLeaderState(104)) - 52af0a34-bf0e-42df-b18d-b37a8c27e7c4: shutdown LeaderState
2020-06-11 20:47:55,508 [Thread-1744] INFO  impl.FollowerState (FollowerState.java:run(117)) - 151e5581-bdfa-4d31-9efc-bf6934df9aa9@group-39BAEE5A5448-FollowerState was interrupted: java.lang.InterruptedException: sleep interrupted
2020-06-11 20:47:55,511 [151e5581-bdfa-4d31-9efc-bf6934df9aa9@group-39BAEE5A5448-StateMachineUpdater] INFO  ratis.ContainerStateMachine (ContainerStateMachine.java:takeSnapshot(299)) - group-39BAEE5A5448: Finished taking a snapshot at:(t:1, i:0) file:/github/workspace/mnt/ozone/hadoop-ozone/integration-test/target/test-dir/MiniOzoneClusterImpl-1edd6e2e-9508-44e8-b6bf-1bcd4789e4cf/datanode-1/data/ratis/40d843be-a86a-44da-b46d-39baee5a5448/sm/snapshot.1_0 time:2
2020-06-11 20:47:55,511 [151e5581-bdfa-4d31-9efc-bf6934df9aa9@group-39BAEE5A5448-StateMachineUpdater] INFO  impl.StateMachineUpdater (StateMachineUpdater.java:takeSnapshot(277)) - 151e5581-bdfa-4d31-9efc-bf6934df9aa9@group-39BAEE5A5448-StateMachineUpdater: Took a snapshot at index 0
2020-06-11 20:47:55,511 [151e5581-bdfa-4d31-9efc-bf6934df9aa9@group-39BAEE5A5448-StateMachineUpdater] INFO  impl.StateMachineUpdater (StateMachineUpdater.java:lambda$new$0(87)) - 151e5581-bdfa-4d31-9efc-bf6934df9aa9@group-39BAEE5A5448-StateMachineUpdater: snapshotIndex: updateIncreasingly -1 -> 0
2020-06-11 20:47:55,511 [151e5581-bdfa-4d31-9efc-bf6934df9aa9@group-39BAEE5A5448-StateMachineUpdater] INFO  metrics.RatisMetrics (RatisMetrics.java:unregister(43)) - Unregistering Metrics Registry : ratis.state_machine.151e5581-bdfa-4d31-9efc-bf6934df9aa9@group-39BAEE5A5448
2020-06-11 20:47:55,511 [Listener at 127.0.0.1/11436] INFO  impl.RaftServerImpl (ServerState.java:close(387)) - 151e5581-bdfa-4d31-9efc-bf6934df9aa9@group-39BAEE5A5448: closes. applyIndex: 0
2020-06-11 20:47:55,512 [ForkJoinPool.commonPool-worker-1] INFO  impl.PendingRequests (PendingRequests.java:sendNotLeaderResponses(249)) - 52af0a34-bf0e-42df-b18d-b37a8c27e7c4@group-0EFE0A522D66-PendingRequests: sendNotLeaderResponses
2020-06-11 20:47:55,512 [151e5581-bdfa-4d31-9efc-bf6934df9aa9@group-39BAEE5A5448-SegmentedRaftLogWorker] INFO  segmented.SegmentedRaftLogWorker (SegmentedRaftLogWorker.java:run(327)) - 151e5581-bdfa-4d31-9efc-bf6934df9aa9@group-39BAEE5A5448-SegmentedRaftLogWorker was interrupted, exiting. There are 0 tasks remaining in the queue.
2020-06-11 20:47:55,517 [Listener at 127.0.0.1/11436] INFO  segmented.SegmentedRaftLogWorker (SegmentedRaftLogWorker.java:close(234)) - 151e5581-bdfa-4d31-9efc-bf6934df9aa9@group-39BAEE5A5448-SegmentedRaftLogWorker close()
2020-06-11 20:47:55,517 [ForkJoinPool.commonPool-worker-1] INFO  metrics.RatisMetrics (RatisMetrics.java:unregister(43)) - Unregistering Metrics Registry : ratis.log_appender.52af0a34-bf0e-42df-b18d-b37a8c27e7c4@group-0EFE0A522D66
2020-06-11 20:47:55,517 [ForkJoinPool.commonPool-worker-1] INFO  metrics.RatisMetrics (RatisMetrics.java:unregister(43)) - Unregistering Metrics Registry : ratis.server.52af0a34-bf0e-42df-b18d-b37a8c27e7c4@group-0EFE0A522D66
2020-06-11 20:47:55,518 [52af0a34-bf0e-42df-b18d-b37a8c27e7c4@group-0EFE0A522D66-StateMachineUpdater] INFO  ratis.ContainerStateMachine (ContainerStateMachine.java:takeSnapshot(288)) - group-0EFE0A522D66: Taking a snapshot at:(t:1, i:0) file /github/workspace/mnt/ozone/hadoop-ozone/integration-test/target/test-dir/MiniOzoneClusterImpl-1edd6e2e-9508-44e8-b6bf-1bcd4789e4cf/datanode-0/data/ratis/2b10b51f-b6da-4e9a-8587-0efe0a522d66/sm/snapshot.1_0
2020-06-11 20:47:55,518 [ForkJoinPool.commonPool-worker-1] INFO  impl.StateMachineUpdater (StateMachineUpdater.java:stopAndJoin(142)) - 52af0a34-bf0e-42df-b18d-b37a8c27e7c4@group-0EFE0A522D66-StateMachineUpdater: set stopIndex = 0
2020-06-11 20:47:55,520 [Listener at 127.0.0.1/11436] INFO  metrics.RatisMetrics (RatisMetrics.java:unregister(43)) - Unregistering Metrics Registry : ratis.log_worker.151e5581-bdfa-4d31-9efc-bf6934df9aa9@group-39BAEE5A5448
2020-06-11 20:47:55,520 [Listener at 127.0.0.1/11436] INFO  metrics.RatisMetrics (RatisMetrics.java:unregister(43)) - Unregistering Metrics Registry : ratis.leader_election.151e5581-bdfa-4d31-9efc-bf6934df9aa9@group-39BAEE5A5448
2020-06-11 20:47:55,520 [Listener at 127.0.0.1/11436] INFO  metrics.RatisMetrics (RatisMetrics.java:unregister(43)) - Unregistering Metrics Registry : ratis.server.151e5581-bdfa-4d31-9efc-bf6934df9aa9@group-39BAEE5A5448
2020-06-11 20:47:55,520 [Listener at 127.0.0.1/11436] INFO  impl.RaftServerImpl (RaftServerImpl.java:lambda$shutdown$3(252)) - 151e5581-bdfa-4d31-9efc-bf6934df9aa9@group-4A0AE234DB48: shutdown
2020-06-11 20:47:55,520 [Listener at 127.0.0.1/11436] INFO  util.JmxRegister (JmxRegister.java:unregister(73)) - Successfully un-registered JMX Bean with object name Ratis:service=RaftServer,group=group-4A0AE234DB48,id=151e5581-bdfa-4d31-9efc-bf6934df9aa9
2020-06-11 20:47:55,520 [Listener at 127.0.0.1/11436] INFO  impl.RoleInfo (RoleInfo.java:shutdownLeaderState(104)) - 151e5581-bdfa-4d31-9efc-bf6934df9aa9: shutdown LeaderState
2020-06-11 20:47:55,521 [Listener at 127.0.0.1/11436] INFO  impl.PendingRequests (PendingRequests.java:sendNotLeaderResponses(249)) - 151e5581-bdfa-4d31-9efc-bf6934df9aa9@group-4A0AE234DB48-PendingRequests: sendNotLeaderResponses
2020-06-11 20:47:55,521 [Listener at 127.0.0.1/11436] INFO  metrics.RatisMetrics (RatisMetrics.java:unregister(43)) - Unregistering Metrics Registry : ratis.log_appender.151e5581-bdfa-4d31-9efc-bf6934df9aa9@group-4A0AE234DB48
2020-06-11 20:47:55,521 [Listener at 127.0.0.1/11436] INFO  metrics.RatisMetrics (RatisMetrics.java:unregister(43)) - Unregistering Metrics Registry : ratis.server.151e5581-bdfa-4d31-9efc-bf6934df9aa9@group-4A0AE234DB48
2020-06-11 20:47:55,521 [Listener at 127.0.0.1/11436] INFO  impl.StateMachineUpdater (StateMachineUpdater.java:stopAndJoin(142)) - 151e5581-bdfa-4d31-9efc-bf6934df9aa9@group-4A0AE234DB48-StateMachineUpdater: set stopIndex = 0
2020-06-11 20:47:55,522 [52af0a34-bf0e-42df-b18d-b37a8c27e7c4@group-0EFE0A522D66-StateMachineUpdater] INFO  ratis.ContainerStateMachine (ContainerStateMachine.java:takeSnapshot(299)) - group-0EFE0A522D66: Finished taking a snapshot at:(t:1, i:0) file:/github/workspace/mnt/ozone/hadoop-ozone/integration-test/target/test-dir/MiniOzoneClusterImpl-1edd6e2e-9508-44e8-b6bf-1bcd4789e4cf/datanode-0/data/ratis/2b10b51f-b6da-4e9a-8587-0efe0a522d66/sm/snapshot.1_0 time:3
2020-06-11 20:47:55,522 [151e5581-bdfa-4d31-9efc-bf6934df9aa9@group-4A0AE234DB48-StateMachineUpdater] INFO  ratis.ContainerStateMachine (ContainerStateMachine.java:takeSnapshot(288)) - group-4A0AE234DB48: Taking a snapshot at:(t:1, i:0) file /github/workspace/mnt/ozone/hadoop-ozone/integration-test/target/test-dir/MiniOzoneClusterImpl-1edd6e2e-9508-44e8-b6bf-1bcd4789e4cf/datanode-1/data/ratis/b20f5803-9f36-4e7a-bff1-4a0ae234db48/sm/snapshot.1_0
2020-06-11 20:47:55,522 [52af0a34-bf0e-42df-b18d-b37a8c27e7c4@group-0EFE0A522D66-StateMachineUpdater] INFO  impl.StateMachineUpdater (StateMachineUpdater.java:takeSnapshot(277)) - 52af0a34-bf0e-42df-b18d-b37a8c27e7c4@group-0EFE0A522D66-StateMachineUpdater: Took a snapshot at index 0
2020-06-11 20:47:55,522 [52af0a34-bf0e-42df-b18d-b37a8c27e7c4@group-0EFE0A522D66-StateMachineUpdater] INFO  impl.StateMachineUpdater (StateMachineUpdater.java:lambda$new$0(87)) - 52af0a34-bf0e-42df-b18d-b37a8c27e7c4@group-0EFE0A522D66-StateMachineUpdater: snapshotIndex: updateIncreasingly -1 -> 0
2020-06-11 20:47:55,522 [52af0a34-bf0e-42df-b18d-b37a8c27e7c4@group-0EFE0A522D66-StateMachineUpdater] INFO  metrics.RatisMetrics (RatisMetrics.java:unregister(43)) - Unregistering Metrics Registry : ratis.state_machine.52af0a34-bf0e-42df-b18d-b37a8c27e7c4@group-0EFE0A522D66
2020-06-11 20:47:55,522 [ForkJoinPool.commonPool-worker-1] INFO  impl.RaftServerImpl (ServerState.java:close(387)) - 52af0a34-bf0e-42df-b18d-b37a8c27e7c4@group-0EFE0A522D66: closes. applyIndex: 0
2020-06-11 20:47:55,522 [52af0a34-bf0e-42df-b18d-b37a8c27e7c4@group-0EFE0A522D66-SegmentedRaftLogWorker] INFO  segmented.SegmentedRaftLogWorker (SegmentedRaftLogWorker.java:run(327)) - 52af0a34-bf0e-42df-b18d-b37a8c27e7c4@group-0EFE0A522D66-SegmentedRaftLogWorker was interrupted, exiting. There are 0 tasks remaining in the queue.
2020-06-11 20:47:55,523 [151e5581-bdfa-4d31-9efc-bf6934df9aa9@group-4A0AE234DB48-StateMachineUpdater] INFO  ratis.ContainerStateMachine (ContainerStateMachine.java:takeSnapshot(299)) - group-4A0AE234DB48: Finished taking a snapshot at:(t:1, i:0) file:/github/workspace/mnt/ozone/hadoop-ozone/integration-test/target/test-dir/MiniOzoneClusterImpl-1edd6e2e-9508-44e8-b6bf-1bcd4789e4cf/datanode-1/data/ratis/b20f5803-9f36-4e7a-bff1-4a0ae234db48/sm/snapshot.1_0 time:2
2020-06-11 20:47:55,523 [ForkJoinPool.commonPool-worker-1] INFO  segmented.SegmentedRaftLogWorker (SegmentedRaftLogWorker.java:close(234)) - 52af0a34-bf0e-42df-b18d-b37a8c27e7c4@group-0EFE0A522D66-SegmentedRaftLogWorker close()
2020-06-11 20:47:55,523 [151e5581-bdfa-4d31-9efc-bf6934df9aa9@group-4A0AE234DB48-StateMachineUpdater] INFO  impl.StateMachineUpdater (StateMachineUpdater.java:takeSnapshot(277)) - 151e5581-bdfa-4d31-9efc-bf6934df9aa9@group-4A0AE234DB48-StateMachineUpdater: Took a snapshot at index 0
2020-06-11 20:47:55,524 [151e5581-bdfa-4d31-9efc-bf6934df9aa9@group-4A0AE234DB48-StateMachineUpdater] INFO  impl.StateMachineUpdater (StateMachineUpdater.java:lambda$new$0(87)) - 151e5581-bdfa-4d31-9efc-bf6934df9aa9@group-4A0AE234DB48-StateMachineUpdater: snapshotIndex: updateIncreasingly -1 -> 0
2020-06-11 20:47:55,524 [ForkJoinPool.commonPool-worker-1] INFO  metrics.RatisMetrics (RatisMetrics.java:unregister(43)) - Unregistering Metrics Registry : ratis.log_worker.52af0a34-bf0e-42df-b18d-b37a8c27e7c4@group-0EFE0A522D66
2020-06-11 20:47:55,524 [ForkJoinPool.commonPool-worker-1] INFO  metrics.RatisMetrics (RatisMetrics.java:unregister(43)) - Unregistering Metrics Registry : ratis.leader_election.52af0a34-bf0e-42df-b18d-b37a8c27e7c4@group-0EFE0A522D66
2020-06-11 20:47:55,524 [ForkJoinPool.commonPool-worker-1] INFO  metrics.RatisMetrics (RatisMetrics.java:unregister(43)) - Unregistering Metrics Registry : ratis.server.52af0a34-bf0e-42df-b18d-b37a8c27e7c4@group-0EFE0A522D66
2020-06-11 20:47:55,525 [ForkJoinPool.commonPool-worker-1] INFO  impl.RaftServerImpl (RaftServerImpl.java:lambda$shutdown$3(252)) - 52af0a34-bf0e-42df-b18d-b37a8c27e7c4@group-39BAEE5A5448: shutdown
2020-06-11 20:47:55,525 [ForkJoinPool.commonPool-worker-1] INFO  util.JmxRegister (JmxRegister.java:unregister(73)) - Successfully un-registered JMX Bean with object name Ratis:service=RaftServer,group=group-39BAEE5A5448,id=52af0a34-bf0e-42df-b18d-b37a8c27e7c4
2020-06-11 20:47:55,525 [ForkJoinPool.commonPool-worker-1] INFO  impl.RoleInfo (RoleInfo.java:shutdownLeaderState(104)) - 52af0a34-bf0e-42df-b18d-b37a8c27e7c4: shutdown LeaderState
2020-06-11 20:47:55,525 [ForkJoinPool.commonPool-worker-1] INFO  metrics.RatisMetrics (RatisMetrics.java:unregister(43)) - Unregistering Metrics Registry : ratis_grpc.log_appender.52af0a34-bf0e-42df-b18d-b37a8c27e7c4@group-39BAEE5A5448
2020-06-11 20:47:55,524 [151e5581-bdfa-4d31-9efc-bf6934df9aa9@group-4A0AE234DB48-StateMachineUpdater] INFO  metrics.RatisMetrics (RatisMetrics.java:unregister(43)) - Unregistering Metrics Registry : ratis.state_machine.151e5581-bdfa-4d31-9efc-bf6934df9aa9@group-4A0AE234DB48
2020-06-11 20:47:55,525 [org.apache.ratis.server.impl.LogAppender$AppenderDaemon$$Lambda$336/740676522@451e7b07] WARN  server.GrpcLogAppender (GrpcLogAppender.java:mayWait(153)) - 52af0a34-bf0e-42df-b18d-b37a8c27e7c4@group-39BAEE5A5448->b4a143ff-7c15-486f-80ea-22f5decb605d-GrpcLogAppender: Wait interrupted by java.lang.InterruptedException
2020-06-11 20:47:55,526 [Listener at 127.0.0.1/11436] INFO  impl.RaftServerImpl (ServerState.java:close(387)) - 151e5581-bdfa-4d31-9efc-bf6934df9aa9@group-4A0AE234DB48: closes. applyIndex: 0
2020-06-11 20:47:55,526 [ForkJoinPool.commonPool-worker-1] INFO  metrics.RatisMetrics (RatisMetrics.java:unregister(43)) - Unregistering Metrics Registry : ratis_grpc.log_appender.52af0a34-bf0e-42df-b18d-b37a8c27e7c4@group-39BAEE5A5448
2020-06-11 20:47:55,526 [151e5581-bdfa-4d31-9efc-bf6934df9aa9@group-4A0AE234DB48-SegmentedRaftLogWorker] INFO  segmented.SegmentedRaftLogWorker (SegmentedRaftLogWorker.java:run(327)) - 151e5581-bdfa-4d31-9efc-bf6934df9aa9@group-4A0AE234DB48-SegmentedRaftLogWorker was interrupted, exiting. There are 0 tasks remaining in the queue.
2020-06-11 20:47:55,526 [grpc-default-executor-2] INFO  server.GrpcServerProtocolService (GrpcServerProtocolService.java:onCompleted(138)) - b4a143ff-7c15-486f-80ea-22f5decb605d: Completed APPEND_ENTRIES, lastRequest: 52af0a34-bf0e-42df-b18d-b37a8c27e7c4->b4a143ff-7c15-486f-80ea-22f5decb605d#1-t1, previous=(t:0, i:0), leaderCommit=-1, initializing? false, entries: size=1, first=(t:1, i:0), CONFIGURATIONENTRY
2020-06-11 20:47:55,527 [Listener at 127.0.0.1/11436] INFO  segmented.SegmentedRaftLogWorker (SegmentedRaftLogWorker.java:close(234)) - 151e5581-bdfa-4d31-9efc-bf6934df9aa9@group-4A0AE234DB48-SegmentedRaftLogWorker close()
2020-06-11 20:47:55,527 [org.apache.ratis.server.impl.LogAppender$AppenderDaemon$$Lambda$336/740676522@1c3be15f] WARN  server.GrpcLogAppender (GrpcLogAppender.java:mayWait(153)) - 52af0a34-bf0e-42df-b18d-b37a8c27e7c4@group-39BAEE5A5448->151e5581-bdfa-4d31-9efc-bf6934df9aa9-GrpcLogAppender: Wait interrupted by java.lang.InterruptedException
2020-06-11 20:47:55,527 [grpc-default-executor-0] INFO  server.GrpcLogAppender (GrpcLogAppender.java:onCompleted(319)) - 52af0a34-bf0e-42df-b18d-b37a8c27e7c4@group-39BAEE5A5448->b4a143ff-7c15-486f-80ea-22f5decb605d-AppendLogResponseHandler: follower responses appendEntries COMPLETED
2020-06-11 20:47:55,528 [ForkJoinPool.commonPool-worker-1] INFO  impl.PendingRequests (PendingRequests.java:sendNotLeaderResponses(249)) - 52af0a34-bf0e-42df-b18d-b37a8c27e7c4@group-39BAEE5A5448-PendingRequests: sendNotLeaderResponses
2020-06-11 20:47:55,528 [ForkJoinPool.commonPool-worker-1] INFO  metrics.RatisMetrics (RatisMetrics.java:unregister(43)) - Unregistering Metrics Registry : ratis.log_appender.52af0a34-bf0e-42df-b18d-b37a8c27e7c4@group-39BAEE5A5448
2020-06-11 20:47:55,528 [ForkJoinPool.commonPool-worker-1] INFO  metrics.RatisMetrics (RatisMetrics.java:unregister(43)) - Unregistering Metrics Registry : ratis.server.52af0a34-bf0e-42df-b18d-b37a8c27e7c4@group-39BAEE5A5448
2020-06-11 20:47:55,528 [grpc-default-executor-2] INFO  server.GrpcServerProtocolService (GrpcServerProtocolService.java:onCompleted(138)) - 151e5581-bdfa-4d31-9efc-bf6934df9aa9: Completed APPEND_ENTRIES, lastRequest: 52af0a34-bf0e-42df-b18d-b37a8c27e7c4->151e5581-bdfa-4d31-9efc-bf6934df9aa9#1-t1, previous=(t:0, i:0), leaderCommit=0, initializing? false, entries: size=1, first=(t:1, i:0), CONFIGURATIONENTRY
2020-06-11 20:47:55,528 [grpc-default-executor-0] INFO  impl.FollowerInfo (FollowerInfo.java:lambda$new$0(51)) - 52af0a34-bf0e-42df-b18d-b37a8c27e7c4@group-39BAEE5A5448->b4a143ff-7c15-486f-80ea-22f5decb605d: nextIndex: updateUnconditionally 1 -> 0
2020-06-11 20:47:55,529 [ForkJoinPool.commonPool-worker-1] INFO  impl.StateMachineUpdater (StateMachineUpdater.java:stopAndJoin(142)) - 52af0a34-bf0e-42df-b18d-b37a8c27e7c4@group-39BAEE5A5448-StateMachineUpdater: set stopIndex = 0
2020-06-11 20:47:55,530 [grpc-default-executor-2] INFO  server.GrpcLogAppender (GrpcLogAppender.java:onCompleted(319)) - 52af0a34-bf0e-42df-b18d-b37a8c27e7c4@group-39BAEE5A5448->151e5581-bdfa-4d31-9efc-bf6934df9aa9-AppendLogResponseHandler: follower responses appendEntries COMPLETED
2020-06-11 20:47:55,530 [52af0a34-bf0e-42df-b18d-b37a8c27e7c4@group-39BAEE5A5448-StateMachineUpdater] INFO  ratis.ContainerStateMachine (ContainerStateMachine.java:takeSnapshot(288)) - group-39BAEE5A5448: Taking a snapshot at:(t:1, i:0) file /github/workspace/mnt/ozone/hadoop-ozone/integration-test/target/test-dir/MiniOzoneClusterImpl-1edd6e2e-9508-44e8-b6bf-1bcd4789e4cf/datanode-0/data/ratis/40d843be-a86a-44da-b46d-39baee5a5448/sm/snapshot.1_0
2020-06-11 20:47:55,530 [Listener at 127.0.0.1/11436] INFO  metrics.RatisMetrics (RatisMetrics.java:unregister(43)) - Unregistering Metrics Registry : ratis.log_worker.151e5581-bdfa-4d31-9efc-bf6934df9aa9@group-4A0AE234DB48
2020-06-11 20:47:55,531 [Listener at 127.0.0.1/11436] INFO  metrics.RatisMetrics (RatisMetrics.java:unregister(43)) - Unregistering Metrics Registry : ratis.leader_election.151e5581-bdfa-4d31-9efc-bf6934df9aa9@group-4A0AE234DB48
2020-06-11 20:47:55,531 [Listener at 127.0.0.1/11436] INFO  metrics.RatisMetrics (RatisMetrics.java:unregister(43)) - Unregistering Metrics Registry : ratis.server.151e5581-bdfa-4d31-9efc-bf6934df9aa9@group-4A0AE234DB48
2020-06-11 20:47:55,531 [grpc-default-executor-2] INFO  impl.FollowerInfo (FollowerInfo.java:lambda$new$0(51)) - 52af0a34-bf0e-42df-b18d-b37a8c27e7c4@group-39BAEE5A5448->151e5581-bdfa-4d31-9efc-bf6934df9aa9: nextIndex: updateUnconditionally 1 -> 0
2020-06-11 20:47:55,531 [52af0a34-bf0e-42df-b18d-b37a8c27e7c4@group-39BAEE5A5448-StateMachineUpdater] INFO  ratis.ContainerStateMachine (ContainerStateMachine.java:takeSnapshot(299)) - group-39BAEE5A5448: Finished taking a snapshot at:(t:1, i:0) file:/github/workspace/mnt/ozone/hadoop-ozone/integration-test/target/test-dir/MiniOzoneClusterImpl-1edd6e2e-9508-44e8-b6bf-1bcd4789e4cf/datanode-0/data/ratis/40d843be-a86a-44da-b46d-39baee5a5448/sm/snapshot.1_0 time:1
2020-06-11 20:47:55,531 [52af0a34-bf0e-42df-b18d-b37a8c27e7c4@group-39BAEE5A5448-StateMachineUpdater] INFO  impl.StateMachineUpdater (StateMachineUpdater.java:takeSnapshot(277)) - 52af0a34-bf0e-42df-b18d-b37a8c27e7c4@group-39BAEE5A5448-StateMachineUpdater: Took a snapshot at index 0
2020-06-11 20:47:55,531 [52af0a34-bf0e-42df-b18d-b37a8c27e7c4@group-39BAEE5A5448-StateMachineUpdater] INFO  impl.StateMachineUpdater (StateMachineUpdater.java:lambda$new$0(87)) - 52af0a34-bf0e-42df-b18d-b37a8c27e7c4@group-39BAEE5A5448-StateMachineUpdater: snapshotIndex: updateIncreasingly -1 -> 0
2020-06-11 20:47:55,531 [52af0a34-bf0e-42df-b18d-b37a8c27e7c4@group-39BAEE5A5448-StateMachineUpdater] INFO  metrics.RatisMetrics (RatisMetrics.java:unregister(43)) - Unregistering Metrics Registry : ratis.state_machine.52af0a34-bf0e-42df-b18d-b37a8c27e7c4@group-39BAEE5A5448
2020-06-11 20:47:55,531 [Listener at 127.0.0.1/11436] INFO  server.GrpcService (GrpcService.java:closeImpl(166)) - 151e5581-bdfa-4d31-9efc-bf6934df9aa9: shutdown server with port 35997 now
2020-06-11 20:47:55,532 [ForkJoinPool.commonPool-worker-1] INFO  impl.RaftServerImpl (ServerState.java:close(387)) - 52af0a34-bf0e-42df-b18d-b37a8c27e7c4@group-39BAEE5A5448: closes. applyIndex: 0
2020-06-11 20:47:55,532 [Listener at 127.0.0.1/11436] INFO  server.GrpcService (GrpcService.java:closeImpl(174)) - 151e5581-bdfa-4d31-9efc-bf6934df9aa9: shutdown server with port 35997 successfully
2020-06-11 20:47:55,532 [52af0a34-bf0e-42df-b18d-b37a8c27e7c4@group-39BAEE5A5448-SegmentedRaftLogWorker] INFO  segmented.SegmentedRaftLogWorker (SegmentedRaftLogWorker.java:run(327)) - 52af0a34-bf0e-42df-b18d-b37a8c27e7c4@group-39BAEE5A5448-SegmentedRaftLogWorker was interrupted, exiting. There are 0 tasks remaining in the queue.
2020-06-11 20:47:55,533 [ForkJoinPool.commonPool-worker-1] INFO  segmented.SegmentedRaftLogWorker (SegmentedRaftLogWorker.java:close(234)) - 52af0a34-bf0e-42df-b18d-b37a8c27e7c4@group-39BAEE5A5448-SegmentedRaftLogWorker close()
2020-06-11 20:47:55,534 [ForkJoinPool.commonPool-worker-1] INFO  metrics.RatisMetrics (RatisMetrics.java:unregister(43)) - Unregistering Metrics Registry : ratis.log_worker.52af0a34-bf0e-42df-b18d-b37a8c27e7c4@group-39BAEE5A5448
2020-06-11 20:47:55,534 [ForkJoinPool.commonPool-worker-1] INFO  metrics.RatisMetrics (RatisMetrics.java:unregister(43)) - Unregistering Metrics Registry : ratis.leader_election.52af0a34-bf0e-42df-b18d-b37a8c27e7c4@group-39BAEE5A5448
2020-06-11 20:47:55,534 [ForkJoinPool.commonPool-worker-1] INFO  metrics.RatisMetrics (RatisMetrics.java:unregister(43)) - Unregistering Metrics Registry : ratis.server.52af0a34-bf0e-42df-b18d-b37a8c27e7c4@group-39BAEE5A5448
2020-06-11 20:47:55,534 [ForkJoinPool.commonPool-worker-1] INFO  server.GrpcService (GrpcService.java:closeImpl(166)) - 52af0a34-bf0e-42df-b18d-b37a8c27e7c4: shutdown server with port 45795 now
2020-06-11 20:47:55,535 [ForkJoinPool.commonPool-worker-1] INFO  server.GrpcService (GrpcService.java:closeImpl(174)) - 52af0a34-bf0e-42df-b18d-b37a8c27e7c4: shutdown server with port 45795 successfully
2020-06-11 20:47:55,535 [Listener at 127.0.0.1/11436] INFO  utils.BackgroundService (BackgroundService.java:shutdown(157)) - Shutting down service BlockDeletingService
2020-06-11 20:47:55,537 [ForkJoinPool.commonPool-worker-1] INFO  utils.BackgroundService (BackgroundService.java:shutdown(157)) - Shutting down service BlockDeletingService
2020-06-11 20:47:55,539 [Listener at 127.0.0.1/11436] INFO  statemachine.DatanodeStateMachine (DatanodeStateMachine.java:stopDaemon(428)) - Ozone container server stopped.
2020-06-11 20:47:55,539 [ForkJoinPool.commonPool-worker-1] INFO  statemachine.DatanodeStateMachine (DatanodeStateMachine.java:stopDaemon(428)) - Ozone container server stopped.
2020-06-11 20:47:55,541 [Listener at 127.0.0.1/11436] INFO  handler.ContextHandler (ContextHandler.java:doStop(1016)) - Stopped o.e.j.w.WebAppContext@2132421f{hddsDatanode,/,null,UNAVAILABLE}{jar:file:/home/user/.m2/repository/org/apache/hadoop/hadoop-hdds-container-service/0.6.0-SNAPSHOT/hadoop-hdds-container-service-0.6.0-SNAPSHOT.jar!/webapps/hddsDatanode}
2020-06-11 20:47:55,542 [Listener at 127.0.0.1/11436] INFO  server.AbstractConnector (AbstractConnector.java:doStop(380)) - Stopped ServerConnector@1cd884cc{HTTP/1.1,[http/1.1]}{0.0.0.0:0}
2020-06-11 20:47:55,542 [Listener at 127.0.0.1/11436] INFO  server.session (HouseKeeper.java:stopScavenging(158)) - node0 Stopped scavenging
2020-06-11 20:47:55,542 [Listener at 127.0.0.1/11436] INFO  handler.ContextHandler (ContextHandler.java:doStop(1016)) - Stopped o.e.j.s.ServletContextHandler@64296813{static,/static,jar:file:/home/user/.m2/repository/org/apache/hadoop/hadoop-hdds-container-service/0.6.0-SNAPSHOT/hadoop-hdds-container-service-0.6.0-SNAPSHOT.jar!/webapps/static,UNAVAILABLE}
2020-06-11 20:47:55,542 [Listener at 127.0.0.1/11436] INFO  handler.ContextHandler (ContextHandler.java:doStop(1016)) - Stopped o.e.j.s.ServletContextHandler@14673132{logs,/logs,file:///github/workspace/mnt/ozone/hadoop-ozone/integration-test/target/log,UNAVAILABLE}
2020-06-11 20:47:55,546 [ForkJoinPool.commonPool-worker-1] INFO  handler.ContextHandler (ContextHandler.java:doStop(1016)) - Stopped o.e.j.w.WebAppContext@4459acb5{hddsDatanode,/,null,UNAVAILABLE}{jar:file:/home/user/.m2/repository/org/apache/hadoop/hadoop-hdds-container-service/0.6.0-SNAPSHOT/hadoop-hdds-container-service-0.6.0-SNAPSHOT.jar!/webapps/hddsDatanode}
2020-06-11 20:47:55,547 [ForkJoinPool.commonPool-worker-1] INFO  server.AbstractConnector (AbstractConnector.java:doStop(380)) - Stopped ServerConnector@12d7e15c{HTTP/1.1,[http/1.1]}{0.0.0.0:0}
2020-06-11 20:47:55,547 [ForkJoinPool.commonPool-worker-1] INFO  server.session (HouseKeeper.java:stopScavenging(158)) - node0 Stopped scavenging
2020-06-11 20:47:55,548 [ForkJoinPool.commonPool-worker-1] INFO  handler.ContextHandler (ContextHandler.java:doStop(1016)) - Stopped o.e.j.s.ServletContextHandler@4a79f250{static,/static,jar:file:/home/user/.m2/repository/org/apache/hadoop/hadoop-hdds-container-service/0.6.0-SNAPSHOT/hadoop-hdds-container-service-0.6.0-SNAPSHOT.jar!/webapps/static,UNAVAILABLE}
2020-06-11 20:47:55,551 [ForkJoinPool.commonPool-worker-1] INFO  handler.ContextHandler (ContextHandler.java:doStop(1016)) - Stopped o.e.j.s.ServletContextHandler@14b21f68{logs,/logs,file:///github/workspace/mnt/ozone/hadoop-ozone/integration-test/target/log,UNAVAILABLE}
2020-06-11 20:47:56,397 [Datanode State Machine Thread - 0] INFO  statemachine.DatanodeStateMachine (DatanodeStateMachine.java:lambda$startDaemon$0(380)) - Ozone container server started.
2020-06-11 20:48:00,543 [Listener at 127.0.0.1/11436] INFO  ozoneimpl.OzoneContainer (OzoneContainer.java:stop(246)) - Attempting to stop container services.
2020-06-11 20:48:00,544 [Listener at 127.0.0.1/11436] INFO  impl.RaftServerProxy (RaftServerProxy.java:lambda$close$4(319)) - b4a143ff-7c15-486f-80ea-22f5decb605d: close
2020-06-11 20:48:00,545 [Listener at 127.0.0.1/11436] INFO  impl.RaftServerImpl (RaftServerImpl.java:lambda$shutdown$3(252)) - b4a143ff-7c15-486f-80ea-22f5decb605d@group-39BAEE5A5448: shutdown
2020-06-11 20:48:00,545 [Listener at 127.0.0.1/11436] INFO  util.JmxRegister (JmxRegister.java:unregister(73)) - Successfully un-registered JMX Bean with object name Ratis:service=RaftServer,group=group-39BAEE5A5448,id=b4a143ff-7c15-486f-80ea-22f5decb605d
2020-06-11 20:48:00,545 [Listener at 127.0.0.1/11436] INFO  impl.RoleInfo (RoleInfo.java:shutdownFollowerState(121)) - b4a143ff-7c15-486f-80ea-22f5decb605d: shutdown FollowerState
2020-06-11 20:48:00,545 [Listener at 127.0.0.1/11436] INFO  impl.StateMachineUpdater (StateMachineUpdater.java:stopAndJoin(142)) - b4a143ff-7c15-486f-80ea-22f5decb605d@group-39BAEE5A5448-StateMachineUpdater: set stopIndex = 0
2020-06-11 20:48:00,546 [b4a143ff-7c15-486f-80ea-22f5decb605d@group-39BAEE5A5448-StateMachineUpdater] INFO  ratis.ContainerStateMachine (ContainerStateMachine.java:takeSnapshot(288)) - group-39BAEE5A5448: Taking a snapshot at:(t:1, i:0) file /github/workspace/mnt/ozone/hadoop-ozone/integration-test/target/test-dir/MiniOzoneClusterImpl-1edd6e2e-9508-44e8-b6bf-1bcd4789e4cf/datanode-2/data/ratis/40d843be-a86a-44da-b46d-39baee5a5448/sm/snapshot.1_0
2020-06-11 20:48:00,545 [ForkJoinPool.commonPool-worker-0] INFO  impl.RaftServerImpl (RaftServerImpl.java:lambda$shutdown$3(252)) - b4a143ff-7c15-486f-80ea-22f5decb605d@group-9A1883D60C20: shutdown
2020-06-11 20:48:00,546 [ForkJoinPool.commonPool-worker-0] INFO  util.JmxRegister (JmxRegister.java:unregister(73)) - Successfully un-registered JMX Bean with object name Ratis:service=RaftServer,group=group-9A1883D60C20,id=b4a143ff-7c15-486f-80ea-22f5decb605d
2020-06-11 20:48:00,546 [ForkJoinPool.commonPool-worker-0] INFO  impl.RoleInfo (RoleInfo.java:shutdownLeaderState(104)) - b4a143ff-7c15-486f-80ea-22f5decb605d: shutdown LeaderState
2020-06-11 20:48:00,546 [ForkJoinPool.commonPool-worker-0] INFO  impl.PendingRequests (PendingRequests.java:sendNotLeaderResponses(249)) - b4a143ff-7c15-486f-80ea-22f5decb605d@group-9A1883D60C20-PendingRequests: sendNotLeaderResponses
2020-06-11 20:48:00,546 [ForkJoinPool.commonPool-worker-0] INFO  metrics.RatisMetrics (RatisMetrics.java:unregister(43)) - Unregistering Metrics Registry : ratis.log_appender.b4a143ff-7c15-486f-80ea-22f5decb605d@group-9A1883D60C20
2020-06-11 20:48:00,547 [ForkJoinPool.commonPool-worker-0] INFO  metrics.RatisMetrics (RatisMetrics.java:unregister(43)) - Unregistering Metrics Registry : ratis.server.b4a143ff-7c15-486f-80ea-22f5decb605d@group-9A1883D60C20
2020-06-11 20:48:00,547 [b4a143ff-7c15-486f-80ea-22f5decb605d@group-39BAEE5A5448-StateMachineUpdater] INFO  ratis.ContainerStateMachine (ContainerStateMachine.java:takeSnapshot(299)) - group-39BAEE5A5448: Finished taking a snapshot at:(t:1, i:0) file:/github/workspace/mnt/ozone/hadoop-ozone/integration-test/target/test-dir/MiniOzoneClusterImpl-1edd6e2e-9508-44e8-b6bf-1bcd4789e4cf/datanode-2/data/ratis/40d843be-a86a-44da-b46d-39baee5a5448/sm/snapshot.1_0 time:1
2020-06-11 20:48:00,547 [b4a143ff-7c15-486f-80ea-22f5decb605d@group-39BAEE5A5448-StateMachineUpdater] INFO  impl.StateMachineUpdater (StateMachineUpdater.java:takeSnapshot(277)) - b4a143ff-7c15-486f-80ea-22f5decb605d@group-39BAEE5A5448-StateMachineUpdater: Took a snapshot at index 0
2020-06-11 20:48:00,547 [b4a143ff-7c15-486f-80ea-22f5decb605d@group-39BAEE5A5448-StateMachineUpdater] INFO  impl.StateMachineUpdater (StateMachineUpdater.java:lambda$new$0(87)) - b4a143ff-7c15-486f-80ea-22f5decb605d@group-39BAEE5A5448-StateMachineUpdater: snapshotIndex: updateIncreasingly -1 -> 0
2020-06-11 20:48:00,547 [b4a143ff-7c15-486f-80ea-22f5decb605d@group-39BAEE5A5448-StateMachineUpdater] INFO  metrics.RatisMetrics (RatisMetrics.java:unregister(43)) - Unregistering Metrics Registry : ratis.state_machine.b4a143ff-7c15-486f-80ea-22f5decb605d@group-39BAEE5A5448
2020-06-11 20:48:00,547 [Listener at 127.0.0.1/11436] INFO  impl.RaftServerImpl (ServerState.java:close(387)) - b4a143ff-7c15-486f-80ea-22f5decb605d@group-39BAEE5A5448: closes. applyIndex: 0
2020-06-11 20:48:00,548 [ForkJoinPool.commonPool-worker-0] INFO  impl.StateMachineUpdater (StateMachineUpdater.java:stopAndJoin(142)) - b4a143ff-7c15-486f-80ea-22f5decb605d@group-9A1883D60C20-StateMachineUpdater: set stopIndex = 0
2020-06-11 20:48:00,548 [b4a143ff-7c15-486f-80ea-22f5decb605d@group-9A1883D60C20-StateMachineUpdater] INFO  ratis.ContainerStateMachine (ContainerStateMachine.java:takeSnapshot(288)) - group-9A1883D60C20: Taking a snapshot at:(t:1, i:0) file /github/workspace/mnt/ozone/hadoop-ozone/integration-test/target/test-dir/MiniOzoneClusterImpl-1edd6e2e-9508-44e8-b6bf-1bcd4789e4cf/datanode-2/data/ratis/15341fcf-b182-4cf8-b111-9a1883d60c20/sm/snapshot.1_0
2020-06-11 20:48:00,548 [Thread-1743] INFO  impl.FollowerState (FollowerState.java:run(117)) - b4a143ff-7c15-486f-80ea-22f5decb605d@group-39BAEE5A5448-FollowerState was interrupted: java.lang.InterruptedException: sleep interrupted
2020-06-11 20:48:00,548 [b4a143ff-7c15-486f-80ea-22f5decb605d@group-39BAEE5A5448-SegmentedRaftLogWorker] INFO  segmented.SegmentedRaftLogWorker (SegmentedRaftLogWorker.java:run(327)) - b4a143ff-7c15-486f-80ea-22f5decb605d@group-39BAEE5A5448-SegmentedRaftLogWorker was interrupted, exiting. There are 0 tasks remaining in the queue.
2020-06-11 20:48:00,550 [Listener at 127.0.0.1/11436] INFO  segmented.SegmentedRaftLogWorker (SegmentedRaftLogWorker.java:close(234)) - b4a143ff-7c15-486f-80ea-22f5decb605d@group-39BAEE5A5448-SegmentedRaftLogWorker close()
2020-06-11 20:48:00,550 [b4a143ff-7c15-486f-80ea-22f5decb605d@group-9A1883D60C20-StateMachineUpdater] INFO  ratis.ContainerStateMachine (ContainerStateMachine.java:takeSnapshot(299)) - group-9A1883D60C20: Finished taking a snapshot at:(t:1, i:0) file:/github/workspace/mnt/ozone/hadoop-ozone/integration-test/target/test-dir/MiniOzoneClusterImpl-1edd6e2e-9508-44e8-b6bf-1bcd4789e4cf/datanode-2/data/ratis/15341fcf-b182-4cf8-b111-9a1883d60c20/sm/snapshot.1_0 time:2
2020-06-11 20:48:00,551 [b4a143ff-7c15-486f-80ea-22f5decb605d@group-9A1883D60C20-StateMachineUpdater] INFO  impl.StateMachineUpdater (StateMachineUpdater.java:takeSnapshot(277)) - b4a143ff-7c15-486f-80ea-22f5decb605d@group-9A1883D60C20-StateMachineUpdater: Took a snapshot at index 0
2020-06-11 20:48:00,551 [b4a143ff-7c15-486f-80ea-22f5decb605d@group-9A1883D60C20-StateMachineUpdater] INFO  impl.StateMachineUpdater (StateMachineUpdater.java:lambda$new$0(87)) - b4a143ff-7c15-486f-80ea-22f5decb605d@group-9A1883D60C20-StateMachineUpdater: snapshotIndex: updateIncreasingly -1 -> 0
2020-06-11 20:48:00,551 [b4a143ff-7c15-486f-80ea-22f5decb605d@group-9A1883D60C20-StateMachineUpdater] INFO  metrics.RatisMetrics (RatisMetrics.java:unregister(43)) - Unregistering Metrics Registry : ratis.state_machine.b4a143ff-7c15-486f-80ea-22f5decb605d@group-9A1883D60C20
2020-06-11 20:48:00,551 [ForkJoinPool.commonPool-worker-0] INFO  impl.RaftServerImpl (ServerState.java:close(387)) - b4a143ff-7c15-486f-80ea-22f5decb605d@group-9A1883D60C20: closes. applyIndex: 0
2020-06-11 20:48:00,552 [Listener at 127.0.0.1/11436] INFO  metrics.RatisMetrics (RatisMetrics.java:unregister(43)) - Unregistering Metrics Registry : ratis.log_worker.b4a143ff-7c15-486f-80ea-22f5decb605d@group-39BAEE5A5448
2020-06-11 20:48:00,552 [Listener at 127.0.0.1/11436] INFO  metrics.RatisMetrics (RatisMetrics.java:unregister(43)) - Unregistering Metrics Registry : ratis.leader_election.b4a143ff-7c15-486f-80ea-22f5decb605d@group-39BAEE5A5448
2020-06-11 20:48:00,552 [Listener at 127.0.0.1/11436] INFO  metrics.RatisMetrics (RatisMetrics.java:unregister(43)) - Unregistering Metrics Registry : ratis.server.b4a143ff-7c15-486f-80ea-22f5decb605d@group-39BAEE5A5448
2020-06-11 20:48:00,552 [b4a143ff-7c15-486f-80ea-22f5decb605d@group-9A1883D60C20-SegmentedRaftLogWorker] INFO  segmented.SegmentedRaftLogWorker (SegmentedRaftLogWorker.java:run(327)) - b4a143ff-7c15-486f-80ea-22f5decb605d@group-9A1883D60C20-SegmentedRaftLogWorker was interrupted, exiting. There are 0 tasks remaining in the queue.
2020-06-11 20:48:00,554 [ForkJoinPool.commonPool-worker-0] INFO  segmented.SegmentedRaftLogWorker (SegmentedRaftLogWorker.java:close(234)) - b4a143ff-7c15-486f-80ea-22f5decb605d@group-9A1883D60C20-SegmentedRaftLogWorker close()
2020-06-11 20:48:00,555 [ForkJoinPool.commonPool-worker-0] INFO  metrics.RatisMetrics (RatisMetrics.java:unregister(43)) - Unregistering Metrics Registry : ratis.log_worker.b4a143ff-7c15-486f-80ea-22f5decb605d@group-9A1883D60C20
2020-06-11 20:48:00,555 [ForkJoinPool.commonPool-worker-0] INFO  metrics.RatisMetrics (RatisMetrics.java:unregister(43)) - Unregistering Metrics Registry : ratis.leader_election.b4a143ff-7c15-486f-80ea-22f5decb605d@group-9A1883D60C20
2020-06-11 20:48:00,555 [ForkJoinPool.commonPool-worker-0] INFO  metrics.RatisMetrics (RatisMetrics.java:unregister(43)) - Unregistering Metrics Registry : ratis.server.b4a143ff-7c15-486f-80ea-22f5decb605d@group-9A1883D60C20
2020-06-11 20:48:00,555 [Listener at 127.0.0.1/11436] INFO  server.GrpcService (GrpcService.java:closeImpl(166)) - b4a143ff-7c15-486f-80ea-22f5decb605d: shutdown server with port 34853 now
2020-06-11 20:48:00,556 [Listener at 127.0.0.1/11436] INFO  server.GrpcService (GrpcService.java:closeImpl(174)) - b4a143ff-7c15-486f-80ea-22f5decb605d: shutdown server with port 34853 successfully
2020-06-11 20:48:00,556 [Listener at 127.0.0.1/11436] INFO  utils.BackgroundService (BackgroundService.java:shutdown(157)) - Shutting down service BlockDeletingService
2020-06-11 20:48:00,559 [Listener at 127.0.0.1/11436] INFO  statemachine.DatanodeStateMachine (DatanodeStateMachine.java:stopDaemon(428)) - Ozone container server stopped.
2020-06-11 20:48:00,560 [Listener at 127.0.0.1/11436] INFO  handler.ContextHandler (ContextHandler.java:doStop(1016)) - Stopped o.e.j.w.WebAppContext@2fceba70{hddsDatanode,/,null,UNAVAILABLE}{jar:file:/home/user/.m2/repository/org/apache/hadoop/hadoop-hdds-container-service/0.6.0-SNAPSHOT/hadoop-hdds-container-service-0.6.0-SNAPSHOT.jar!/webapps/hddsDatanode}
2020-06-11 20:48:00,561 [Listener at 127.0.0.1/11436] INFO  server.AbstractConnector (AbstractConnector.java:doStop(380)) - Stopped ServerConnector@46e6dd1b{HTTP/1.1,[http/1.1]}{0.0.0.0:0}
2020-06-11 20:48:00,561 [Listener at 127.0.0.1/11436] INFO  server.session (HouseKeeper.java:stopScavenging(158)) - node0 Stopped scavenging
2020-06-11 20:48:00,561 [Listener at 127.0.0.1/11436] INFO  handler.ContextHandler (ContextHandler.java:doStop(1016)) - Stopped o.e.j.s.ServletContextHandler@3f921a5a{static,/static,jar:file:/home/user/.m2/repository/org/apache/hadoop/hadoop-hdds-container-service/0.6.0-SNAPSHOT/hadoop-hdds-container-service-0.6.0-SNAPSHOT.jar!/webapps/static,UNAVAILABLE}
2020-06-11 20:48:00,561 [Listener at 127.0.0.1/11436] INFO  handler.ContextHandler (ContextHandler.java:doStop(1016)) - Stopped o.e.j.s.ServletContextHandler@7d93442c{logs,/logs,file:///github/workspace/mnt/ozone/hadoop-ozone/integration-test/target/log,UNAVAILABLE}
2020-06-11 20:48:00,562 [Listener at 127.0.0.1/11436] INFO  ozone.MiniOzoneClusterImpl (MiniOzoneClusterImpl.java:stopSCM(476)) - Stopping the StorageContainerManager
2020-06-11 20:48:00,562 [Listener at 127.0.0.1/11436] INFO  server.StorageContainerManager (StorageContainerManager.java:stop(824)) - Stopping Replication Manager Service.
2020-06-11 20:48:00,562 [Listener at 127.0.0.1/11436] INFO  container.ReplicationManager (ReplicationManager.java:stop(217)) - Stopping Replication Monitor Thread.
2020-06-11 20:48:00,563 [Listener at 127.0.0.1/11436] INFO  server.StorageContainerManager (StorageContainerManager.java:stop(831)) - Stopping Lease Manager of the command watchers
2020-06-11 20:48:00,563 [CommandWatcher-LeaseManager#LeaseMonitor] ERROR lease.LeaseManager (LeaseManager.java:run(238)) - Execution was interrupted 
java.lang.InterruptedException: sleep interrupted
	at java.lang.Thread.sleep(Native Method)
	at org.apache.hadoop.ozone.lease.LeaseManager$LeaseMonitor.run(LeaseManager.java:234)
	at java.lang.Thread.run(Thread.java:748)
2020-06-11 20:48:00,563 [Listener at 127.0.0.1/11436] INFO  server.StorageContainerManager (StorageContainerManager.java:stop(838)) - Stopping datanode service RPC server
2020-06-11 20:48:00,563 [Listener at 127.0.0.1/11436] INFO  server.SCMDatanodeProtocolServer (SCMDatanodeProtocolServer.java:stop(361)) - Stopping the RPC server for DataNodes
2020-06-11 20:48:00,563 [Listener at 127.0.0.1/11436] INFO  ipc.Server (Server.java:stop(3359)) - Stopping server on 46427
2020-06-11 20:48:00,564 [IPC Server listener on 0] INFO  ipc.Server (Server.java:run(1330)) - Stopping IPC Server listener on 0
2020-06-11 20:48:00,567 [IPC Server Responder] INFO  ipc.Server (Server.java:run(1465)) - Stopping IPC Server Responder
2020-06-11 20:48:00,583 [SCM Heartbeat Processing Thread - 0] WARN  node.NodeStateManager (NodeStateManager.java:scheduleNextHealthCheck(661)) - Current Thread is interrupted, shutting down HB processing thread for Node Manager.
2020-06-11 20:48:00,583 [Listener at 127.0.0.1/11436] INFO  server.StorageContainerManager (StorageContainerManager.java:stop(846)) - Stopping block service RPC server
2020-06-11 20:48:00,584 [Listener at 127.0.0.1/11436] INFO  server.SCMBlockProtocolServer (SCMBlockProtocolServer.java:stop(158)) - Stopping the RPC server for Block Protocol
2020-06-11 20:48:00,584 [Listener at 127.0.0.1/11436] INFO  ipc.Server (Server.java:stop(3359)) - Stopping server on 41007
2020-06-11 20:48:00,586 [IPC Server listener on 0] INFO  ipc.Server (Server.java:run(1330)) - Stopping IPC Server listener on 0
2020-06-11 20:48:00,589 [IPC Server Responder] INFO  ipc.Server (Server.java:run(1465)) - Stopping IPC Server Responder
2020-06-11 20:48:00,589 [Listener at 127.0.0.1/11436] INFO  server.StorageContainerManager (StorageContainerManager.java:stop(853)) - Stopping the StorageContainerLocationProtocol RPC server
2020-06-11 20:48:00,589 [Listener at 127.0.0.1/11436] INFO  server.SCMClientProtocolServer (SCMClientProtocolServer.java:stop(164)) - Stopping the RPC server for Client Protocol
2020-06-11 20:48:00,589 [Listener at 127.0.0.1/11436] INFO  ipc.Server (Server.java:stop(3359)) - Stopping server on 37519
2020-06-11 20:48:00,591 [IPC Server listener on 0] INFO  ipc.Server (Server.java:run(1330)) - Stopping IPC Server listener on 0
2020-06-11 20:48:00,591 [IPC Server Responder] INFO  ipc.Server (Server.java:run(1465)) - Stopping IPC Server Responder
2020-06-11 20:48:00,591 [Listener at 127.0.0.1/11436] INFO  server.StorageContainerManager (StorageContainerManager.java:stop(860)) - Stopping Storage Container Manager HTTP server.
2020-06-11 20:48:00,592 [Listener at 127.0.0.1/11436] INFO  handler.ContextHandler (ContextHandler.java:doStop(1016)) - Stopped o.e.j.w.WebAppContext@75db16be{scm,/,null,UNAVAILABLE}{file:/github/workspace/mnt/ozone/hadoop-ozone/integration-test/target/test-classes/webapps/scm}
2020-06-11 20:48:00,593 [Listener at 127.0.0.1/11436] INFO  server.AbstractConnector (AbstractConnector.java:doStop(380)) - Stopped ServerConnector@6d9cf485{HTTP/1.1,[http/1.1]}{0.0.0.0:0}
2020-06-11 20:48:00,593 [Listener at 127.0.0.1/11436] INFO  server.session (HouseKeeper.java:stopScavenging(158)) - node0 Stopped scavenging
2020-06-11 20:48:00,593 [Listener at 127.0.0.1/11436] INFO  handler.ContextHandler (ContextHandler.java:doStop(1016)) - Stopped o.e.j.s.ServletContextHandler@11ae7d9e{static,/static,file:///github/workspace/mnt/ozone/hadoop-ozone/integration-test/target/test-classes/webapps/static,UNAVAILABLE}
2020-06-11 20:48:00,593 [Listener at 127.0.0.1/11436] INFO  handler.ContextHandler (ContextHandler.java:doStop(1016)) - Stopped o.e.j.s.ServletContextHandler@5ca090a9{logs,/logs,file:///github/workspace/mnt/ozone/hadoop-ozone/integration-test/target/log,UNAVAILABLE}
2020-06-11 20:48:00,594 [Listener at 127.0.0.1/11436] INFO  server.StorageContainerManager (StorageContainerManager.java:stop(871)) - Stopping Block Manager Service.
2020-06-11 20:48:00,594 [Listener at 127.0.0.1/11436] INFO  utils.BackgroundService (BackgroundService.java:shutdown(157)) - Shutting down service SCMBlockDeletingService
2020-06-11 20:48:00,594 [Listener at 127.0.0.1/11436] INFO  utils.BackgroundService (BackgroundService.java:shutdown(157)) - Shutting down service SCMBlockDeletingService
2020-06-11 20:48:00,594 [Listener at 127.0.0.1/11436] INFO  server.StorageContainerManager (StorageContainerManager.java:stop(896)) - Stopping SCM Event Queue.
2020-06-11 20:48:00,599 [Listener at 127.0.0.1/11436] INFO  impl.MetricsSystemImpl (MetricsSystemImpl.java:stop(210)) - Stopping HddsDatanode metrics system...
2020-06-11 20:48:00,604 [Listener at 127.0.0.1/11436] INFO  impl.MetricsSystemImpl (MetricsSystemImpl.java:stop(216)) - HddsDatanode metrics system stopped.
]]></system-out>
    <system-err><![CDATA[Jun 11, 2020 8:47:20 PM org.apache.ratis.thirdparty.io.grpc.internal.ManagedChannelOrphanWrapper$ManagedChannelReference cleanQueue
SEVERE: *~*~*~ Channel ManagedChannelImpl{logId=155, target=172.17.0.2:43225} was not shutdown properly!!! ~*~*~*
    Make sure to call shutdown()/shutdownNow() and wait until awaitTermination() returns true.
java.lang.RuntimeException: ManagedChannel allocation site
	at org.apache.ratis.thirdparty.io.grpc.internal.ManagedChannelOrphanWrapper$ManagedChannelReference.<init>(ManagedChannelOrphanWrapper.java:94)
	at org.apache.ratis.thirdparty.io.grpc.internal.ManagedChannelOrphanWrapper.<init>(ManagedChannelOrphanWrapper.java:52)
	at org.apache.ratis.thirdparty.io.grpc.internal.ManagedChannelOrphanWrapper.<init>(ManagedChannelOrphanWrapper.java:43)
	at org.apache.ratis.thirdparty.io.grpc.internal.AbstractManagedChannelImplBuilder.build(AbstractManagedChannelImplBuilder.java:518)
	at org.apache.hadoop.hdds.scm.XceiverClientGrpc.connectToDatanode(XceiverClientGrpc.java:193)
	at org.apache.hadoop.hdds.scm.XceiverClientGrpc.connect(XceiverClientGrpc.java:142)
	at org.apache.hadoop.hdds.scm.XceiverClientManager$2.call(XceiverClientManager.java:246)
	at org.apache.hadoop.hdds.scm.XceiverClientManager$2.call(XceiverClientManager.java:230)
	at com.google.common.cache.LocalCache$LocalManualCache$1.load(LocalCache.java:4876)
	at com.google.common.cache.LocalCache$LoadingValueReference.loadFuture(LocalCache.java:3529)
	at com.google.common.cache.LocalCache$Segment.loadSync(LocalCache.java:2278)
	at com.google.common.cache.LocalCache$Segment.lockedGetOrLoad(LocalCache.java:2155)
	at com.google.common.cache.LocalCache$Segment.get(LocalCache.java:2045)
	at com.google.common.cache.LocalCache.get(LocalCache.java:3951)
	at com.google.common.cache.LocalCache$LocalManualCache.get(LocalCache.java:4871)
	at org.apache.hadoop.hdds.scm.XceiverClientManager.getClient(XceiverClientManager.java:230)
	at org.apache.hadoop.hdds.scm.XceiverClientManager.acquireClient(XceiverClientManager.java:176)
	at org.apache.hadoop.hdds.scm.XceiverClientManager.acquireClient(XceiverClientManager.java:150)
	at org.apache.hadoop.hdds.scm.storage.BlockOutputStream.<init>(BlockOutputStream.java:149)
	at org.apache.hadoop.ozone.client.io.BlockOutputStreamEntry.checkStream(BlockOutputStreamEntry.java:116)
	at org.apache.hadoop.ozone.client.io.BlockOutputStreamEntry.write(BlockOutputStreamEntry.java:134)
	at org.apache.hadoop.ozone.client.io.KeyOutputStream.writeToOutputStream(KeyOutputStream.java:242)
	at org.apache.hadoop.ozone.client.io.KeyOutputStream.handleWrite(KeyOutputStream.java:220)
	at org.apache.hadoop.ozone.client.io.KeyOutputStream.write(KeyOutputStream.java:200)
	at org.apache.hadoop.ozone.client.io.OzoneOutputStream.write(OzoneOutputStream.java:49)
	at org.apache.hadoop.ozone.om.TestOzoneManagerHA.createKey(TestOzoneManagerHA.java:173)
	at org.apache.hadoop.ozone.om.TestOzoneManagerHAWithData.testOMRatisSnapshot(TestOzoneManagerHAWithData.java:440)
	at sun.reflect.NativeMethodAccessorImpl.invoke0(Native Method)
	at sun.reflect.NativeMethodAccessorImpl.invoke(NativeMethodAccessorImpl.java:62)
	at sun.reflect.DelegatingMethodAccessorImpl.invoke(DelegatingMethodAccessorImpl.java:43)
	at java.lang.reflect.Method.invoke(Method.java:498)
	at org.junit.runners.model.FrameworkMethod$1.runReflectiveCall(FrameworkMethod.java:47)
	at org.junit.internal.runners.model.ReflectiveCallable.run(ReflectiveCallable.java:12)
	at org.junit.runners.model.FrameworkMethod.invokeExplosively(FrameworkMethod.java:44)
	at org.junit.internal.runners.statements.InvokeMethod.evaluate(InvokeMethod.java:17)
	at org.junit.internal.runners.statements.RunBefores.evaluate(RunBefores.java:26)
	at org.junit.internal.runners.statements.RunAfters.evaluate(RunAfters.java:27)
	at org.junit.rules.ExpectedException$ExpectedExceptionStatement.evaluate(ExpectedException.java:168)
	at org.junit.internal.runners.statements.FailOnTimeout$StatementThread.run(FailOnTimeout.java:74)

Jun 11, 2020 8:47:20 PM org.apache.ratis.thirdparty.io.grpc.internal.ManagedChannelOrphanWrapper$ManagedChannelReference cleanQueue
SEVERE: *~*~*~ Channel ManagedChannelImpl{logId=240, target=172.17.0.2:33767} was not shutdown properly!!! ~*~*~*
    Make sure to call shutdown()/shutdownNow() and wait until awaitTermination() returns true.
java.lang.RuntimeException: ManagedChannel allocation site
	at org.apache.ratis.thirdparty.io.grpc.internal.ManagedChannelOrphanWrapper$ManagedChannelReference.<init>(ManagedChannelOrphanWrapper.java:94)
	at org.apache.ratis.thirdparty.io.grpc.internal.ManagedChannelOrphanWrapper.<init>(ManagedChannelOrphanWrapper.java:52)
	at org.apache.ratis.thirdparty.io.grpc.internal.ManagedChannelOrphanWrapper.<init>(ManagedChannelOrphanWrapper.java:43)
	at org.apache.ratis.thirdparty.io.grpc.internal.AbstractManagedChannelImplBuilder.build(AbstractManagedChannelImplBuilder.java:518)
	at org.apache.hadoop.hdds.scm.XceiverClientGrpc.connectToDatanode(XceiverClientGrpc.java:193)
	at org.apache.hadoop.hdds.scm.XceiverClientGrpc.connect(XceiverClientGrpc.java:142)
	at org.apache.hadoop.hdds.scm.XceiverClientManager$2.call(XceiverClientManager.java:246)
	at org.apache.hadoop.hdds.scm.XceiverClientManager$2.call(XceiverClientManager.java:230)
	at com.google.common.cache.LocalCache$LocalManualCache$1.load(LocalCache.java:4876)
	at com.google.common.cache.LocalCache$LoadingValueReference.loadFuture(LocalCache.java:3529)
	at com.google.common.cache.LocalCache$Segment.loadSync(LocalCache.java:2278)
	at com.google.common.cache.LocalCache$Segment.lockedGetOrLoad(LocalCache.java:2155)
	at com.google.common.cache.LocalCache$Segment.get(LocalCache.java:2045)
	at com.google.common.cache.LocalCache.get(LocalCache.java:3951)
	at com.google.common.cache.LocalCache$LocalManualCache.get(LocalCache.java:4871)
	at org.apache.hadoop.hdds.scm.XceiverClientManager.getClient(XceiverClientManager.java:230)
	at org.apache.hadoop.hdds.scm.XceiverClientManager.acquireClient(XceiverClientManager.java:176)
	at org.apache.hadoop.hdds.scm.XceiverClientManager.acquireClientForReadData(XceiverClientManager.java:165)
	at org.apache.hadoop.hdds.scm.storage.BlockInputStream.getChunkInfos(BlockInputStream.java:184)
	at org.apache.hadoop.hdds.scm.storage.BlockInputStream.initialize(BlockInputStream.java:133)
	at org.apache.hadoop.hdds.scm.storage.BlockInputStream.read(BlockInputStream.java:254)
	at org.apache.hadoop.ozone.client.io.KeyInputStream.read(KeyInputStream.java:199)
	at org.apache.hadoop.ozone.client.io.OzoneInputStream.read(OzoneInputStream.java:47)
	at java.io.InputStream.read(InputStream.java:101)
	at org.apache.hadoop.ozone.om.TestOzoneManagerHAWithData.testCreateFile(TestOzoneManagerHAWithData.java:244)
	at org.apache.hadoop.ozone.om.TestOzoneManagerHAWithData.testFileOperationsWithRecursive(TestOzoneManagerHAWithData.java:122)
	at sun.reflect.NativeMethodAccessorImpl.invoke0(Native Method)
	at sun.reflect.NativeMethodAccessorImpl.invoke(NativeMethodAccessorImpl.java:62)
	at sun.reflect.DelegatingMethodAccessorImpl.invoke(DelegatingMethodAccessorImpl.java:43)
	at java.lang.reflect.Method.invoke(Method.java:498)
	at org.junit.runners.model.FrameworkMethod$1.runReflectiveCall(FrameworkMethod.java:47)
	at org.junit.internal.runners.model.ReflectiveCallable.run(ReflectiveCallable.java:12)
	at org.junit.runners.model.FrameworkMethod.invokeExplosively(FrameworkMethod.java:44)
	at org.junit.internal.runners.statements.InvokeMethod.evaluate(InvokeMethod.java:17)
	at org.junit.internal.runners.statements.RunBefores.evaluate(RunBefores.java:26)
	at org.junit.internal.runners.statements.RunAfters.evaluate(RunAfters.java:27)
	at org.junit.rules.ExpectedException$ExpectedExceptionStatement.evaluate(ExpectedException.java:168)
	at org.junit.internal.runners.statements.FailOnTimeout$StatementThread.run(FailOnTimeout.java:74)

Jun 11, 2020 8:47:20 PM org.apache.ratis.thirdparty.io.grpc.internal.ManagedChannelOrphanWrapper$ManagedChannelReference cleanQueue
SEVERE: *~*~*~ Channel ManagedChannelImpl{logId=250, target=172.17.0.2:34479} was not shutdown properly!!! ~*~*~*
    Make sure to call shutdown()/shutdownNow() and wait until awaitTermination() returns true.
java.lang.RuntimeException: ManagedChannel allocation site
	at org.apache.ratis.thirdparty.io.grpc.internal.ManagedChannelOrphanWrapper$ManagedChannelReference.<init>(ManagedChannelOrphanWrapper.java:94)
	at org.apache.ratis.thirdparty.io.grpc.internal.ManagedChannelOrphanWrapper.<init>(ManagedChannelOrphanWrapper.java:52)
	at org.apache.ratis.thirdparty.io.grpc.internal.ManagedChannelOrphanWrapper.<init>(ManagedChannelOrphanWrapper.java:43)
	at org.apache.ratis.thirdparty.io.grpc.internal.AbstractManagedChannelImplBuilder.build(AbstractManagedChannelImplBuilder.java:518)
	at org.apache.hadoop.hdds.scm.XceiverClientGrpc.connectToDatanode(XceiverClientGrpc.java:193)
	at org.apache.hadoop.hdds.scm.XceiverClientGrpc.connect(XceiverClientGrpc.java:142)
	at org.apache.hadoop.hdds.scm.XceiverClientManager$2.call(XceiverClientManager.java:246)
	at org.apache.hadoop.hdds.scm.XceiverClientManager$2.call(XceiverClientManager.java:230)
	at com.google.common.cache.LocalCache$LocalManualCache$1.load(LocalCache.java:4876)
	at com.google.common.cache.LocalCache$LoadingValueReference.loadFuture(LocalCache.java:3529)
	at com.google.common.cache.LocalCache$Segment.loadSync(LocalCache.java:2278)
	at com.google.common.cache.LocalCache$Segment.lockedGetOrLoad(LocalCache.java:2155)
	at com.google.common.cache.LocalCache$Segment.get(LocalCache.java:2045)
	at com.google.common.cache.LocalCache.get(LocalCache.java:3951)
	at com.google.common.cache.LocalCache$LocalManualCache.get(LocalCache.java:4871)
	at org.apache.hadoop.hdds.scm.XceiverClientManager.getClient(XceiverClientManager.java:230)
	at org.apache.hadoop.hdds.scm.XceiverClientManager.acquireClient(XceiverClientManager.java:176)
	at org.apache.hadoop.hdds.scm.XceiverClientManager.acquireClientForReadData(XceiverClientManager.java:165)
	at org.apache.hadoop.hdds.scm.storage.BlockInputStream.getChunkInfos(BlockInputStream.java:184)
	at org.apache.hadoop.hdds.scm.storage.BlockInputStream.initialize(BlockInputStream.java:133)
	at org.apache.hadoop.hdds.scm.storage.BlockInputStream.read(BlockInputStream.java:254)
	at org.apache.hadoop.ozone.client.io.KeyInputStream.read(KeyInputStream.java:199)
	at org.apache.hadoop.ozone.client.io.OzoneInputStream.read(OzoneInputStream.java:47)
	at java.io.InputStream.read(InputStream.java:101)
	at org.apache.hadoop.ozone.om.TestOzoneManagerHAWithData.testCreateFile(TestOzoneManagerHAWithData.java:244)
	at org.apache.hadoop.ozone.om.TestOzoneManagerHAWithData.testFileOperationsWithRecursive(TestOzoneManagerHAWithData.java:126)
	at sun.reflect.NativeMethodAccessorImpl.invoke0(Native Method)
	at sun.reflect.NativeMethodAccessorImpl.invoke(NativeMethodAccessorImpl.java:62)
	at sun.reflect.DelegatingMethodAccessorImpl.invoke(DelegatingMethodAccessorImpl.java:43)
	at java.lang.reflect.Method.invoke(Method.java:498)
	at org.junit.runners.model.FrameworkMethod$1.runReflectiveCall(FrameworkMethod.java:47)
	at org.junit.internal.runners.model.ReflectiveCallable.run(ReflectiveCallable.java:12)
	at org.junit.runners.model.FrameworkMethod.invokeExplosively(FrameworkMethod.java:44)
	at org.junit.internal.runners.statements.InvokeMethod.evaluate(InvokeMethod.java:17)
	at org.junit.internal.runners.statements.RunBefores.evaluate(RunBefores.java:26)
	at org.junit.internal.runners.statements.RunAfters.evaluate(RunAfters.java:27)
	at org.junit.rules.ExpectedException$ExpectedExceptionStatement.evaluate(ExpectedException.java:168)
	at org.junit.internal.runners.statements.FailOnTimeout$StatementThread.run(FailOnTimeout.java:74)

Jun 11, 2020 8:47:20 PM org.apache.ratis.thirdparty.io.grpc.internal.ManagedChannelOrphanWrapper$ManagedChannelReference cleanQueue
SEVERE: *~*~*~ Channel ManagedChannelImpl{logId=93, target=172.17.0.2:36255} was not shutdown properly!!! ~*~*~*
    Make sure to call shutdown()/shutdownNow() and wait until awaitTermination() returns true.
java.lang.RuntimeException: ManagedChannel allocation site
	at org.apache.ratis.thirdparty.io.grpc.internal.ManagedChannelOrphanWrapper$ManagedChannelReference.<init>(ManagedChannelOrphanWrapper.java:94)
	at org.apache.ratis.thirdparty.io.grpc.internal.ManagedChannelOrphanWrapper.<init>(ManagedChannelOrphanWrapper.java:52)
	at org.apache.ratis.thirdparty.io.grpc.internal.ManagedChannelOrphanWrapper.<init>(ManagedChannelOrphanWrapper.java:43)
	at org.apache.ratis.thirdparty.io.grpc.internal.AbstractManagedChannelImplBuilder.build(AbstractManagedChannelImplBuilder.java:518)
	at org.apache.hadoop.hdds.scm.XceiverClientGrpc.connectToDatanode(XceiverClientGrpc.java:193)
	at org.apache.hadoop.hdds.scm.XceiverClientGrpc.connect(XceiverClientGrpc.java:142)
	at org.apache.hadoop.hdds.scm.XceiverClientManager$2.call(XceiverClientManager.java:246)
	at org.apache.hadoop.hdds.scm.XceiverClientManager$2.call(XceiverClientManager.java:230)
	at com.google.common.cache.LocalCache$LocalManualCache$1.load(LocalCache.java:4876)
	at com.google.common.cache.LocalCache$LoadingValueReference.loadFuture(LocalCache.java:3529)
	at com.google.common.cache.LocalCache$Segment.loadSync(LocalCache.java:2278)
	at com.google.common.cache.LocalCache$Segment.lockedGetOrLoad(LocalCache.java:2155)
	at com.google.common.cache.LocalCache$Segment.get(LocalCache.java:2045)
	at com.google.common.cache.LocalCache.get(LocalCache.java:3951)
	at com.google.common.cache.LocalCache$LocalManualCache.get(LocalCache.java:4871)
	at org.apache.hadoop.hdds.scm.XceiverClientManager.getClient(XceiverClientManager.java:230)
	at org.apache.hadoop.hdds.scm.XceiverClientManager.acquireClient(XceiverClientManager.java:176)
	at org.apache.hadoop.hdds.scm.XceiverClientManager.acquireClientForReadData(XceiverClientManager.java:165)
	at org.apache.hadoop.hdds.scm.storage.BlockInputStream.getChunkInfos(BlockInputStream.java:184)
	at org.apache.hadoop.hdds.scm.storage.BlockInputStream.initialize(BlockInputStream.java:133)
	at org.apache.hadoop.hdds.scm.storage.BlockInputStream.read(BlockInputStream.java:254)
	at org.apache.hadoop.ozone.client.io.KeyInputStream.read(KeyInputStream.java:199)
	at org.apache.hadoop.ozone.client.io.OzoneInputStream.read(OzoneInputStream.java:47)
	at java.io.InputStream.read(InputStream.java:101)
	at org.apache.hadoop.ozone.om.TestOzoneManagerHAWithData.createMultipartKeyAndReadKey(TestOzoneManagerHAWithData.java:349)
	at org.apache.hadoop.ozone.om.TestOzoneManagerHAWithData.testMultipartUpload(TestOzoneManagerHAWithData.java:109)
	at sun.reflect.NativeMethodAccessorImpl.invoke0(Native Method)
	at sun.reflect.NativeMethodAccessorImpl.invoke(NativeMethodAccessorImpl.java:62)
	at sun.reflect.DelegatingMethodAccessorImpl.invoke(DelegatingMethodAccessorImpl.java:43)
	at java.lang.reflect.Method.invoke(Method.java:498)
	at org.junit.runners.model.FrameworkMethod$1.runReflectiveCall(FrameworkMethod.java:47)
	at org.junit.internal.runners.model.ReflectiveCallable.run(ReflectiveCallable.java:12)
	at org.junit.runners.model.FrameworkMethod.invokeExplosively(FrameworkMethod.java:44)
	at org.junit.internal.runners.statements.InvokeMethod.evaluate(InvokeMethod.java:17)
	at org.junit.internal.runners.statements.RunBefores.evaluate(RunBefores.java:26)
	at org.junit.internal.runners.statements.RunAfters.evaluate(RunAfters.java:27)
	at org.junit.rules.ExpectedException$ExpectedExceptionStatement.evaluate(ExpectedException.java:168)
	at org.junit.internal.runners.statements.FailOnTimeout$StatementThread.run(FailOnTimeout.java:74)

]]></system-err>
  </testcase>
  <testcase name="testAllOMNodesRunning" classname="org.apache.hadoop.ozone.om.TestOzoneManagerHAWithData" time="24.24"/>
  <testcase name="testIncrementalWaitTimeWithSameNodeFailover" classname="org.apache.hadoop.ozone.om.TestOzoneManagerHAWithData" time="28.26"/>
  <testcase name="testListParts" classname="org.apache.hadoop.ozone.om.TestOzoneManagerHAWithData" time="28.455"/>
  <testcase name="testFileOperationsWithNonRecursive" classname="org.apache.hadoop.ozone.om.TestOzoneManagerHAWithData" time="24.678"/>
  <testcase name="testOneOMNodeDown" classname="org.apache.hadoop.ozone.om.TestOzoneManagerHAWithData" time="28.271"/>
  <testcase name="testTwoOMNodesDown" classname="org.apache.hadoop.ozone.om.TestOzoneManagerHAWithData" time="0">
    <skipped message="This test is failing randomly. It will be enabled after fixing it."/>
  </testcase>
  <testcase name="testOMRestart" classname="org.apache.hadoop.ozone.om.TestOzoneManagerHAWithData" time="30.094"/>
</testsuite>