<?xml version="1.0" encoding="UTF-8"?>
<testsuite xmlns:xsi="http://www.w3.org/2001/XMLSchema-instance" xsi:noNamespaceSchemaLocation="https://maven.apache.org/surefire/maven-surefire-plugin/xsd/surefire-test-report-3.0.xsd" version="3.0" name="org.apache.hadoop.fs.ozone.TestSnapshotDeletingService" time="253.811" tests="3" errors="1" skipped="0" failures="0">
  <properties>
    <property name="awt.toolkit" value="sun.awt.X11.XToolkit"/>
    <property name="file.encoding.pkg" value="sun.io"/>
    <property name="java.specification.version" value="1.8"/>
    <property name="sun.cpu.isalist" value=""/>
    <property name="sun.jnu.encoding" value="UTF-8"/>
    <property name="java.class.path" value="/home/runner/work/ozone/ozone/hadoop-ozone/integration-test/target/test-classes:/home/runner/work/ozone/ozone/hadoop-ozone/integration-test/target/classes:/home/runner/.m2/repository/org/apache/ozone/ozone-common/1.4.0-SNAPSHOT/ozone-common-1.4.0-SNAPSHOT.jar:/home/runner/.m2/repository/io/grpc/grpc-netty/1.51.1/grpc-netty-1.51.1.jar:/home/runner/.m2/repository/io/grpc/grpc-core/1.51.1/grpc-core-1.51.1.jar:/home/runner/.m2/repository/com/google/android/annotations/4.1.1.4/annotations-4.1.1.4.jar:/home/runner/.m2/repository/org/codehaus/mojo/animal-sniffer-annotations/1.21/animal-sniffer-annotations-1.21.jar:/home/runner/.m2/repository/com/google/errorprone/error_prone_annotations/2.2.0/error_prone_annotations-2.2.0.jar:/home/runner/.m2/repository/io/perfmark/perfmark-api/0.25.0/perfmark-api-0.25.0.jar:/home/runner/.m2/repository/io/netty/netty-codec-http2/4.1.86.Final/netty-codec-http2-4.1.86.Final.jar:/home/runner/.m2/repository/io/netty/netty-common/4.1.86.Final/netty-common-4.1.86.Final.jar:/home/runner/.m2/repository/io/netty/netty-buffer/4.1.86.Final/netty-buffer-4.1.86.Final.jar:/home/runner/.m2/repository/io/netty/netty-codec-http/4.1.86.Final/netty-codec-http-4.1.86.Final.jar:/home/runner/.m2/repository/io/netty/netty-handler-proxy/4.1.86.Final/netty-handler-proxy-4.1.86.Final.jar:/home/runner/.m2/repository/io/netty/netty-codec-socks/4.1.86.Final/netty-codec-socks-4.1.86.Final.jar:/home/runner/.m2/repository/io/netty/netty-tcnative-boringssl-static/2.0.54.Final/netty-tcnative-boringssl-static-2.0.54.Final.jar:/home/runner/.m2/repository/io/netty/netty-tcnative-classes/2.0.54.Final/netty-tcnative-classes-2.0.54.Final.jar:/home/runner/.m2/repository/io/netty/netty-tcnative-boringssl-static/2.0.54.Final/netty-tcnative-boringssl-static-2.0.54.Final-linux-x86_64.jar:/home/runner/.m2/repository/io/netty/netty-tcnative-boringssl-static/2.0.54.Final/netty-tcnative-boringssl-static-2.0.54.Final-linux-aarch_64.jar:/home/runner/.m2/repository/io/netty/netty-tcnative-boringssl-static/2.0.54.Final/netty-tcnative-boringssl-static-2.0.54.Final-osx-x86_64.jar:/home/runner/.m2/repository/io/netty/netty-tcnative-boringssl-static/2.0.54.Final/netty-tcnative-boringssl-static-2.0.54.Final-osx-aarch_64.jar:/home/runner/.m2/repository/io/netty/netty-tcnative-boringssl-static/2.0.54.Final/netty-tcnative-boringssl-static-2.0.54.Final-windows-x86_64.jar:/home/runner/.m2/repository/org/apache/commons/commons-compress/1.21/commons-compress-1.21.jar:/home/runner/.m2/repository/org/apache/ozone/hdds-common/1.4.0-SNAPSHOT/hdds-common-1.4.0-SNAPSHOT.jar:/home/runner/.m2/repository/org/apache/ozone/hdds-client/1.4.0-SNAPSHOT/hdds-client-1.4.0-SNAPSHOT.jar:/home/runner/.m2/repository/org/apache/ozone/ozone-interface-client/1.4.0-SNAPSHOT/ozone-interface-client-1.4.0-SNAPSHOT.jar:/home/runner/.m2/repository/org/apache/hadoop/hadoop-hdfs-client/3.3.5/hadoop-hdfs-client-3.3.5.jar:/home/runner/.m2/repository/com/squareup/okhttp3/okhttp/4.9.3/okhttp-4.9.3.jar:/home/runner/.m2/repository/com/squareup/okio/okio/2.8.0/okio-2.8.0.jar:/home/runner/.m2/repository/org/jetbrains/kotlin/kotlin-stdlib-common/1.6.21/kotlin-stdlib-common-1.6.21.jar:/home/runner/.m2/repository/org/apache/ozone/hdds-test-utils/1.4.0-SNAPSHOT/hdds-test-utils-1.4.0-SNAPSHOT.jar:/home/runner/.m2/repository/com/google/guava/guava/31.1-jre/guava-31.1-jre.jar:/home/runner/.m2/repository/com/google/guava/failureaccess/1.0.1/failureaccess-1.0.1.jar:/home/runner/.m2/repository/com/google/guava/listenablefuture/9999.0-empty-to-avoid-conflict-with-guava/listenablefuture-9999.0-empty-to-avoid-conflict-with-guava.jar:/home/runner/.m2/repository/com/google/code/findbugs/jsr305/3.0.0/jsr305-3.0.0.jar:/home/runner/.m2/repository/org/checkerframework/checker-qual/3.12.0/checker-qual-3.12.0.jar:/home/runner/.m2/repository/com/google/j2objc/j2objc-annotations/1.3/j2objc-annotations-1.3.jar:/home/runner/.m2/repository/commons-io/commons-io/2.11.0/commons-io-2.11.0.jar:/home/runner/.m2/repository/commons-logging/commons-logging/1.2/commons-logging-1.2.jar:/home/runner/.m2/repository/ch/qos/reload4j/reload4j/1.2.22/reload4j-1.2.22.jar:/home/runner/.m2/repository/org/slf4j/slf4j-api/1.7.36/slf4j-api-1.7.36.jar:/home/runner/.m2/repository/org/apache/ozone/hdds-server-scm/1.4.0-SNAPSHOT/hdds-server-scm-1.4.0-SNAPSHOT.jar:/home/runner/.m2/repository/org/apache/ozone/hdds-container-service/1.4.0-SNAPSHOT/hdds-container-service-1.4.0-SNAPSHOT.jar:/home/runner/.m2/repository/org/apache/ozone/hdds-hadoop-dependency-server/1.4.0-SNAPSHOT/hdds-hadoop-dependency-server-1.4.0-SNAPSHOT.jar:/home/runner/.m2/repository/org/apache/hadoop/hadoop-hdfs/3.3.5/hadoop-hdfs-3.3.5.jar:/home/runner/.m2/repository/commons-daemon/commons-daemon/1.0.13/commons-daemon-1.0.13.jar:/home/runner/.m2/repository/org/apache/ozone/hdds-server-framework/1.4.0-SNAPSHOT/hdds-server-framework-1.4.0-SNAPSHOT.jar:/home/runner/.m2/repository/io/dropwizard/metrics/metrics-core/3.2.4/metrics-core-3.2.4.jar:/home/runner/.m2/repository/org/apache/commons/commons-text/1.10.0/commons-text-1.10.0.jar:/home/runner/.m2/repository/org/bouncycastle/bcprov-jdk15on/1.67/bcprov-jdk15on-1.67.jar:/home/runner/.m2/repository/com/google/protobuf/protobuf-java/2.5.0/protobuf-java-2.5.0.jar:/home/runner/.m2/repository/org/apache/ozone/hdds-server-framework/1.4.0-SNAPSHOT/hdds-server-framework-1.4.0-SNAPSHOT-tests.jar:/home/runner/.m2/repository/org/apache/ozone/hdds-interface-server/1.4.0-SNAPSHOT/hdds-interface-server-1.4.0-SNAPSHOT.jar:/home/runner/.m2/repository/org/apache/ozone/hdds-interface-admin/1.4.0-SNAPSHOT/hdds-interface-admin-1.4.0-SNAPSHOT.jar:/home/runner/.m2/repository/org/apache/ozone/hdds-managed-rocksdb/1.4.0-SNAPSHOT/hdds-managed-rocksdb-1.4.0-SNAPSHOT.jar:/home/runner/.m2/repository/org/rocksdb/rocksdbjni/7.7.3/rocksdbjni-7.7.3.jar:/home/runner/.m2/repository/org/slf4j/slf4j-reload4j/1.7.36/slf4j-reload4j-1.7.36.jar:/home/runner/.m2/repository/org/apache/commons/commons-configuration2/2.1.1/commons-configuration2-2.1.1.jar:/home/runner/.m2/repository/org/apache/logging/log4j/log4j-core/2.17.1/log4j-core-2.17.1.jar:/home/runner/.m2/repository/com/lmax/disruptor/3.4.2/disruptor-3.4.2.jar:/home/runner/.m2/repository/org/eclipse/jetty/jetty-util/9.4.51.v20230217/jetty-util-9.4.51.v20230217.jar:/home/runner/.m2/repository/org/eclipse/jetty/jetty-server/9.4.51.v20230217/jetty-server-9.4.51.v20230217.jar:/home/runner/.m2/repository/org/eclipse/jetty/jetty-http/9.4.51.v20230217/jetty-http-9.4.51.v20230217.jar:/home/runner/.m2/repository/org/eclipse/jetty/jetty-io/9.4.51.v20230217/jetty-io-9.4.51.v20230217.jar:/home/runner/.m2/repository/org/eclipse/jetty/jetty-servlet/9.4.51.v20230217/jetty-servlet-9.4.51.v20230217.jar:/home/runner/.m2/repository/org/eclipse/jetty/jetty-security/9.4.51.v20230217/jetty-security-9.4.51.v20230217.jar:/home/runner/.m2/repository/org/eclipse/jetty/jetty-util-ajax/9.4.51.v20230217/jetty-util-ajax-9.4.51.v20230217.jar:/home/runner/.m2/repository/org/eclipse/jetty/jetty-webapp/9.4.51.v20230217/jetty-webapp-9.4.51.v20230217.jar:/home/runner/.m2/repository/org/eclipse/jetty/jetty-xml/9.4.51.v20230217/jetty-xml-9.4.51.v20230217.jar:/home/runner/.m2/repository/org/apache/ratis/ratis-server/2.5.1/ratis-server-2.5.1.jar:/home/runner/.m2/repository/org/apache/ratis/ratis-thirdparty-misc/1.0.4/ratis-thirdparty-misc-1.0.4.jar:/home/runner/.m2/repository/org/apache/ratis/ratis-proto/2.5.1/ratis-proto-2.5.1.jar:/home/runner/.m2/repository/org/apache/ratis/ratis-common/2.5.1/ratis-common-2.5.1.jar:/home/runner/.m2/repository/org/apache/ratis/ratis-client/2.5.1/ratis-client-2.5.1.jar:/home/runner/.m2/repository/org/apache/ratis/ratis-server-api/2.5.1/ratis-server-api-2.5.1.jar:/home/runner/.m2/repository/org/apache/ratis/ratis-metrics/2.5.1/ratis-metrics-2.5.1.jar:/home/runner/.m2/repository/io/prometheus/simpleclient_dropwizard/0.7.0/simpleclient_dropwizard-0.7.0.jar:/home/runner/.m2/repository/io/prometheus/simpleclient/0.7.0/simpleclient-0.7.0.jar:/home/runner/.m2/repository/io/prometheus/simpleclient_common/0.7.0/simpleclient_common-0.7.0.jar:/home/runner/.m2/repository/com/fasterxml/jackson/datatype/jackson-datatype-jsr310/2.13.4/jackson-datatype-jsr310-2.13.4.jar:/home/runner/.m2/repository/com/fasterxml/jackson/core/jackson-core/2.13.4/jackson-core-2.13.4.jar:/home/runner/.m2/repository/com/github/spotbugs/spotbugs-annotations/3.1.12/spotbugs-annotations-3.1.12.jar:/home/runner/.m2/repository/org/apache/ozone/rocksdb-checkpoint-differ/1.4.0-SNAPSHOT/rocksdb-checkpoint-differ-1.4.0-SNAPSHOT.jar:/home/runner/.m2/repository/org/awaitility/awaitility/4.2.0/awaitility-4.2.0.jar:/home/runner/.m2/repository/org/hamcrest/hamcrest/2.1/hamcrest-2.1.jar:/home/runner/.m2/repository/org/apache/ozone/ozone-manager/1.4.0-SNAPSHOT/ozone-manager-1.4.0-SNAPSHOT.jar:/home/runner/.m2/repository/org/aspectj/aspectjrt/1.9.7/aspectjrt-1.9.7.jar:/home/runner/.m2/repository/org/aspectj/aspectjweaver/1.9.7/aspectjweaver-1.9.7.jar:/home/runner/.m2/repository/org/apache/ozone/hdds-interface-client/1.4.0-SNAPSHOT/hdds-interface-client-1.4.0-SNAPSHOT.jar:/home/runner/.m2/repository/org/apache/hadoop/thirdparty/hadoop-shaded-protobuf_3_7/1.1.1/hadoop-shaded-protobuf_3_7-1.1.1.jar:/home/runner/.m2/repository/org/apache/ozone/ozone-interface-storage/1.4.0-SNAPSHOT/ozone-interface-storage-1.4.0-SNAPSHOT.jar:/home/runner/.m2/repository/org/reflections/reflections/0.9.11/reflections-0.9.11.jar:/home/runner/.m2/repository/com/sun/jersey/jersey-client/1.19/jersey-client-1.19.jar:/home/runner/.m2/repository/org/codehaus/jackson/jackson-core-asl/1.9.13/jackson-core-asl-1.9.13.jar:/home/runner/.m2/repository/org/codehaus/jackson/jackson-mapper-asl/1.9.13/jackson-mapper-asl-1.9.13.jar:/home/runner/.m2/repository/org/codehaus/jackson/jackson-jaxrs/1.9.13/jackson-jaxrs-1.9.13.jar:/home/runner/.m2/repository/org/apache/ranger/ranger-intg/2.3.0/ranger-intg-2.3.0.jar:/home/runner/.m2/repository/org/apache/ranger/ranger-plugins-common/2.3.0/ranger-plugins-common-2.3.0.jar:/home/runner/.m2/repository/commons-lang/commons-lang/2.6/commons-lang-2.6.jar:/home/runner/.m2/repository/org/apache/ranger/ranger-plugins-cred/2.3.0/ranger-plugins-cred-2.3.0.jar:/home/runner/.m2/repository/org/apache/ranger/ranger-plugins-audit/2.3.0/ranger-plugins-audit-2.3.0.jar:/home/runner/.m2/repository/org/eclipse/jetty/jetty-client/9.4.51.v20230217/jetty-client-9.4.51.v20230217.jar:/home/runner/.m2/repository/org/apache/httpcomponents/httpmime/4.5.6/httpmime-4.5.6.jar:/home/runner/.m2/repository/org/apache/httpcomponents/httpcore-nio/4.4.13/httpcore-nio-4.4.13.jar:/home/runner/.m2/repository/org/apache/httpcomponents/httpasyncclient/4.1.3/httpasyncclient-4.1.3.jar:/home/runner/.m2/repository/com/carrotsearch/hppc/0.8.0/hppc-0.8.0.jar:/home/runner/.m2/repository/org/apache/orc/orc-core/1.5.8/orc-core-1.5.8.jar:/home/runner/.m2/repository/net/java/dev/jna/jna/5.2.0/jna-5.2.0.jar:/home/runner/.m2/repository/net/java/dev/jna/jna-platform/5.2.0/jna-platform-5.2.0.jar:/home/runner/.m2/repository/com/kstruct/gethostname4j/0.0.2/gethostname4j-0.0.2.jar:/home/runner/.m2/repository/org/apache/ranger/ranger-plugin-classloader/2.3.0/ranger-plugin-classloader-2.3.0.jar:/home/runner/.m2/repository/org/apache/ozone/hdds-rocks-native/1.4.0-SNAPSHOT/hdds-rocks-native-1.4.0-SNAPSHOT.jar:/home/runner/.m2/repository/org/apache/hadoop/hadoop-minikdc/3.3.5/hadoop-minikdc-3.3.5.jar:/home/runner/.m2/repository/org/apache/kerby/kerb-simplekdc/1.0.1/kerb-simplekdc-1.0.1.jar:/home/runner/.m2/repository/org/apache/kerby/kerb-client/1.0.1/kerb-client-1.0.1.jar:/home/runner/.m2/repository/org/apache/kerby/kerby-config/1.0.1/kerby-config-1.0.1.jar:/home/runner/.m2/repository/org/apache/kerby/kerb-common/1.0.1/kerb-common-1.0.1.jar:/home/runner/.m2/repository/org/apache/kerby/kerb-crypto/1.0.1/kerb-crypto-1.0.1.jar:/home/runner/.m2/repository/org/apache/kerby/kerb-util/1.0.1/kerb-util-1.0.1.jar:/home/runner/.m2/repository/org/apache/kerby/token-provider/1.0.1/token-provider-1.0.1.jar:/home/runner/.m2/repository/org/apache/kerby/kerb-admin/1.0.1/kerb-admin-1.0.1.jar:/home/runner/.m2/repository/org/apache/kerby/kerb-server/1.0.1/kerb-server-1.0.1.jar:/home/runner/.m2/repository/org/apache/kerby/kerb-identity/1.0.1/kerb-identity-1.0.1.jar:/home/runner/.m2/repository/org/apache/kerby/kerby-xdr/1.0.1/kerby-xdr-1.0.1.jar:/home/runner/.m2/repository/org/apache/ozone/ozone-s3gateway/1.4.0-SNAPSHOT/ozone-s3gateway-1.4.0-SNAPSHOT.jar:/home/runner/.m2/repository/org/javassist/javassist/3.21.0-GA/javassist-3.21.0-GA.jar:/home/runner/.m2/repository/org/jboss/weld/servlet/weld-servlet-shaded/3.1.9.Final/weld-servlet-shaded-3.1.9.Final.jar:/home/runner/.m2/repository/org/glassfish/jersey/containers/jersey-container-servlet-core/2.34/jersey-container-servlet-core-2.34.jar:/home/runner/.m2/repository/org/glassfish/hk2/external/jakarta.inject/2.6.1/jakarta.inject-2.6.1.jar:/home/runner/.m2/repository/org/glassfish/jersey/core/jersey-common/2.34/jersey-common-2.34.jar:/home/runner/.m2/repository/jakarta/ws/rs/jakarta.ws.rs-api/2.1.6/jakarta.ws.rs-api-2.1.6.jar:/home/runner/.m2/repository/org/glassfish/jersey/ext/cdi/jersey-cdi1x/2.34/jersey-cdi1x-2.34.jar:/home/runner/.m2/repository/org/glassfish/jersey/inject/jersey-hk2/2.34/jersey-hk2-2.34.jar:/home/runner/.m2/repository/org/glassfish/hk2/hk2-locator/2.6.1/hk2-locator-2.6.1.jar:/home/runner/.m2/repository/org/glassfish/jersey/media/jersey-media-jaxb/2.34/jersey-media-jaxb-2.34.jar:/home/runner/.m2/repository/org/glassfish/hk2/osgi-resource-locator/1.0.3/osgi-resource-locator-1.0.3.jar:/home/runner/.m2/repository/org/glassfish/hk2/hk2-api/2.5.0/hk2-api-2.5.0.jar:/home/runner/.m2/repository/org/glassfish/hk2/hk2-utils/2.5.0/hk2-utils-2.5.0.jar:/home/runner/.m2/repository/org/glassfish/hk2/external/aopalliance-repackaged/2.5.0/aopalliance-repackaged-2.5.0.jar:/home/runner/.m2/repository/com/fasterxml/jackson/dataformat/jackson-dataformat-xml/2.13.4/jackson-dataformat-xml-2.13.4.jar:/home/runner/.m2/repository/org/codehaus/woodstox/stax2-api/4.2.1/stax2-api-4.2.1.jar:/home/runner/.m2/repository/com/fasterxml/woodstox/woodstox-core/5.4.0/woodstox-core-5.4.0.jar:/home/runner/.m2/repository/com/fasterxml/jackson/module/jackson-module-jaxb-annotations/2.13.4/jackson-module-jaxb-annotations-2.13.4.jar:/home/runner/.m2/repository/jakarta/xml/bind/jakarta.xml.bind-api/2.3.3/jakarta.xml.bind-api-2.3.3.jar:/home/runner/.m2/repository/jakarta/activation/jakarta.activation-api/1.2.2/jakarta.activation-api-1.2.2.jar:/home/runner/.m2/repository/javax/enterprise/cdi-api/2.0/cdi-api-2.0.jar:/home/runner/.m2/repository/javax/el/javax.el-api/3.0.0/javax.el-api-3.0.0.jar:/home/runner/.m2/repository/javax/interceptor/javax.interceptor-api/1.2/javax.interceptor-api-1.2.jar:/home/runner/.m2/repository/javax/inject/javax.inject/1/javax.inject-1.jar:/home/runner/.m2/repository/javax/xml/bind/jaxb-api/2.3.0/jaxb-api-2.3.0.jar:/home/runner/.m2/repository/org/glassfish/jaxb/jaxb-runtime/2.3.0.1/jaxb-runtime-2.3.0.1.jar:/home/runner/.m2/repository/org/glassfish/jaxb/jaxb-core/2.3.0.1/jaxb-core-2.3.0.1.jar:/home/runner/.m2/repository/org/glassfish/jaxb/txw2/2.3.0.1/txw2-2.3.0.1.jar:/home/runner/.m2/repository/com/sun/istack/istack-commons-runtime/3.0.5/istack-commons-runtime-3.0.5.jar:/home/runner/.m2/repository/org/jvnet/staxex/stax-ex/1.7.8/stax-ex-1.7.8.jar:/home/runner/.m2/repository/com/sun/xml/fastinfoset/FastInfoset/1.2.13/FastInfoset-1.2.13.jar:/home/runner/.m2/repository/javax/activation/activation/1.1.1/activation-1.1.1.jar:/home/runner/.m2/repository/io/grpc/grpc-protobuf/1.51.1/grpc-protobuf-1.51.1.jar:/home/runner/.m2/repository/com/google/api/grpc/proto-google-common-protos/2.9.0/proto-google-common-protos-2.9.0.jar:/home/runner/.m2/repository/io/grpc/grpc-protobuf-lite/1.51.1/grpc-protobuf-lite-1.51.1.jar:/home/runner/.m2/repository/io/grpc/grpc-stub/1.51.1/grpc-stub-1.51.1.jar:/home/runner/.m2/repository/io/netty/netty-transport/4.1.86.Final/netty-transport-4.1.86.Final.jar:/home/runner/.m2/repository/io/netty/netty-resolver/4.1.86.Final/netty-resolver-4.1.86.Final.jar:/home/runner/.m2/repository/org/apache/ozone/ozone-csi/1.4.0-SNAPSHOT/ozone-csi-1.4.0-SNAPSHOT.jar:/home/runner/.m2/repository/com/google/protobuf/protobuf-java-util/3.19.6/protobuf-java-util-3.19.6.jar:/home/runner/.m2/repository/com/google/code/gson/gson/2.9.0/gson-2.9.0.jar:/home/runner/.m2/repository/org/apache/ozone/hdds-config/1.4.0-SNAPSHOT/hdds-config-1.4.0-SNAPSHOT.jar:/home/runner/.m2/repository/io/netty/netty-transport-native-epoll/4.1.86.Final/netty-transport-native-epoll-4.1.86.Final-linux-x86_64.jar:/home/runner/.m2/repository/io/netty/netty-transport-classes-epoll/4.1.86.Final/netty-transport-classes-epoll-4.1.86.Final.jar:/home/runner/.m2/repository/io/netty/netty-transport-native-unix-common/4.1.86.Final/netty-transport-native-unix-common-4.1.86.Final.jar:/home/runner/.m2/repository/org/apache/ozone/ozone-recon/1.4.0-SNAPSHOT/ozone-recon-1.4.0-SNAPSHOT.jar:/home/runner/.m2/repository/org/apache/ozone/ozone-reconcodegen/1.4.0-SNAPSHOT/ozone-reconcodegen-1.4.0-SNAPSHOT.jar:/home/runner/.m2/repository/com/google/inject/guice/5.1.0/guice-5.1.0.jar:/home/runner/.m2/repository/aopalliance/aopalliance/1.0/aopalliance-1.0.jar:/home/runner/.m2/repository/com/google/inject/extensions/guice-assistedinject/5.1.0/guice-assistedinject-5.1.0.jar:/home/runner/.m2/repository/com/google/inject/extensions/guice-servlet/5.1.0/guice-servlet-5.1.0.jar:/home/runner/.m2/repository/org/glassfish/jersey/containers/jersey-container-servlet/2.34/jersey-container-servlet-2.34.jar:/home/runner/.m2/repository/org/glassfish/hk2/guice-bridge/2.5.0/guice-bridge-2.5.0.jar:/home/runner/.m2/repository/org/glassfish/jersey/core/jersey-server/2.34/jersey-server-2.34.jar:/home/runner/.m2/repository/org/glassfish/jersey/core/jersey-client/2.34/jersey-client-2.34.jar:/home/runner/.m2/repository/jakarta/annotation/jakarta.annotation-api/1.3.5/jakarta.annotation-api-1.3.5.jar:/home/runner/.m2/repository/jakarta/validation/jakarta.validation-api/2.0.2/jakarta.validation-api-2.0.2.jar:/home/runner/.m2/repository/org/glassfish/jersey/media/jersey-media-json-jackson/2.34/jersey-media-json-jackson-2.34.jar:/home/runner/.m2/repository/org/glassfish/jersey/ext/jersey-entity-filtering/2.34/jersey-entity-filtering-2.34.jar:/home/runner/.m2/repository/org/jooq/jooq/3.11.10/jooq-3.11.10.jar:/home/runner/.m2/repository/org/jooq/jooq-meta/3.11.10/jooq-meta-3.11.10.jar:/home/runner/.m2/repository/org/jooq/jooq-codegen/3.11.10/jooq-codegen-3.11.10.jar:/home/runner/.m2/repository/com/jolbox/bonecp/0.8.0.RELEASE/bonecp-0.8.0.RELEASE.jar:/home/runner/.m2/repository/org/apache/derby/derby/10.14.2.0/derby-10.14.2.0.jar:/home/runner/.m2/repository/org/xerial/sqlite-jdbc/3.41.2.2/sqlite-jdbc-3.41.2.2.jar:/home/runner/.m2/repository/org/springframework/spring-jdbc/5.3.27/spring-jdbc-5.3.27.jar:/home/runner/.m2/repository/org/springframework/spring-beans/5.3.27/spring-beans-5.3.27.jar:/home/runner/.m2/repository/org/springframework/spring-core/5.3.27/spring-core-5.3.27.jar:/home/runner/.m2/repository/org/springframework/spring-tx/5.3.27/spring-tx-5.3.27.jar:/home/runner/.m2/repository/org/apache/ozone/ozone-client/1.4.0-SNAPSHOT/ozone-client-1.4.0-SNAPSHOT.jar:/home/runner/.m2/repository/org/apache/ozone/hdds-erasurecode/1.4.0-SNAPSHOT/hdds-erasurecode-1.4.0-SNAPSHOT.jar:/home/runner/.m2/repository/org/apache/ozone/ozone-filesystem/1.4.0-SNAPSHOT/ozone-filesystem-1.4.0-SNAPSHOT.jar:/home/runner/.m2/repository/org/apache/ozone/ozone-filesystem-common/1.4.0-SNAPSHOT/ozone-filesystem-common-1.4.0-SNAPSHOT.jar:/home/runner/.m2/repository/org/apache/ozone/ozone-tools/1.4.0-SNAPSHOT/ozone-tools-1.4.0-SNAPSHOT.jar:/home/runner/.m2/repository/com/amazonaws/aws-java-sdk-core/1.12.261/aws-java-sdk-core-1.12.261.jar:/home/runner/.m2/repository/org/apache/httpcomponents/httpclient/4.5.13/httpclient-4.5.13.jar:/home/runner/.m2/repository/org/apache/httpcomponents/httpcore/4.4.13/httpcore-4.4.13.jar:/home/runner/.m2/repository/software/amazon/ion/ion-java/1.0.2/ion-java-1.0.2.jar:/home/runner/.m2/repository/com/fasterxml/jackson/dataformat/jackson-dataformat-cbor/2.13.4/jackson-dataformat-cbor-2.13.4.jar:/home/runner/.m2/repository/joda-time/joda-time/2.10.6/joda-time-2.10.6.jar:/home/runner/.m2/repository/com/amazonaws/aws-java-sdk-s3/1.12.261/aws-java-sdk-s3-1.12.261.jar:/home/runner/.m2/repository/com/amazonaws/aws-java-sdk-kms/1.12.261/aws-java-sdk-kms-1.12.261.jar:/home/runner/.m2/repository/com/amazonaws/jmespath-java/1.12.261/jmespath-java-1.12.261.jar:/home/runner/.m2/repository/org/kohsuke/metainf-services/metainf-services/1.8/metainf-services-1.8.jar:/home/runner/.m2/repository/org/apache/ozone/hdds-tools/1.4.0-SNAPSHOT/hdds-tools-1.4.0-SNAPSHOT.jar:/home/runner/.m2/repository/org/apache/ratis/ratis-tools/2.5.1/ratis-tools-2.5.1.jar:/home/runner/.m2/repository/commons-cli/commons-cli/1.2/commons-cli-1.2.jar:/home/runner/.m2/repository/org/apache/commons/commons-lang3/3.7/commons-lang3-3.7.jar:/home/runner/.m2/repository/org/apache/ozone/ozone-manager/1.4.0-SNAPSHOT/ozone-manager-1.4.0-SNAPSHOT-tests.jar:/home/runner/.m2/repository/org/apache/ozone/hdds-common/1.4.0-SNAPSHOT/hdds-common-1.4.0-SNAPSHOT-tests.jar:/home/runner/.m2/repository/org/apache/ozone/hdds-hadoop-dependency-client/1.4.0-SNAPSHOT/hdds-hadoop-dependency-client-1.4.0-SNAPSHOT.jar:/home/runner/.m2/repository/info/picocli/picocli/4.6.1/picocli-4.6.1.jar:/home/runner/.m2/repository/com/fasterxml/jackson/core/jackson-annotations/2.13.4/jackson-annotations-2.13.4.jar:/home/runner/.m2/repository/org/apache/ozone/hdds-annotation-processing/1.4.0-SNAPSHOT/hdds-annotation-processing-1.4.0-SNAPSHOT.jar:/home/runner/.m2/repository/javax/annotation/javax.annotation-api/1.2/javax.annotation-api-1.2.jar:/home/runner/.m2/repository/org/apache/ratis/ratis-netty/2.5.1/ratis-netty-2.5.1.jar:/home/runner/.m2/repository/org/apache/ratis/ratis-grpc/2.5.1/ratis-grpc-2.5.1.jar:/home/runner/.m2/repository/org/apache/logging/log4j/log4j-api/2.17.1/log4j-api-2.17.1.jar:/home/runner/.m2/repository/org/apache/commons/commons-pool2/2.6.0/commons-pool2-2.6.0.jar:/home/runner/.m2/repository/org/bouncycastle/bcpkix-jdk15on/1.67/bcpkix-jdk15on-1.67.jar:/home/runner/.m2/repository/commons-validator/commons-validator/1.6/commons-validator-1.6.jar:/home/runner/.m2/repository/commons-beanutils/commons-beanutils/1.9.4/commons-beanutils-1.9.4.jar:/home/runner/.m2/repository/commons-digester/commons-digester/1.8.1/commons-digester-1.8.1.jar:/home/runner/.m2/repository/commons-collections/commons-collections/3.2.2/commons-collections-3.2.2.jar:/home/runner/.m2/repository/io/jaegertracing/jaeger-client/1.6.0/jaeger-client-1.6.0.jar:/home/runner/.m2/repository/io/jaegertracing/jaeger-thrift/1.6.0/jaeger-thrift-1.6.0.jar:/home/runner/.m2/repository/org/apache/thrift/libthrift/0.14.1/libthrift-0.14.1.jar:/home/runner/.m2/repository/io/jaegertracing/jaeger-core/1.6.0/jaeger-core-1.6.0.jar:/home/runner/.m2/repository/io/jaegertracing/jaeger-tracerresolver/1.6.0/jaeger-tracerresolver-1.6.0.jar:/home/runner/.m2/repository/io/opentracing/contrib/opentracing-tracerresolver/0.1.8/opentracing-tracerresolver-0.1.8.jar:/home/runner/.m2/repository/org/jetbrains/kotlin/kotlin-stdlib/1.6.21/kotlin-stdlib-1.6.21.jar:/home/runner/.m2/repository/org/jetbrains/annotations/13.0/annotations-13.0.jar:/home/runner/.m2/repository/io/opentracing/opentracing-util/0.33.0/opentracing-util-0.33.0.jar:/home/runner/.m2/repository/io/opentracing/opentracing-api/0.33.0/opentracing-api-0.33.0.jar:/home/runner/.m2/repository/io/opentracing/opentracing-noop/0.33.0/opentracing-noop-0.33.0.jar:/home/runner/.m2/repository/org/yaml/snakeyaml/2.0/snakeyaml-2.0.jar:/home/runner/.m2/repository/io/grpc/grpc-api/1.51.1/grpc-api-1.51.1.jar:/home/runner/.m2/repository/io/grpc/grpc-context/1.51.1/grpc-context-1.51.1.jar:/home/runner/.m2/repository/junit/junit/4.13.1/junit-4.13.1.jar:/home/runner/.m2/repository/org/hamcrest/hamcrest-core/1.3/hamcrest-core-1.3.jar:/home/runner/.m2/repository/org/junit/jupiter/junit-jupiter-api/5.8.2/junit-jupiter-api-5.8.2.jar:/home/runner/.m2/repository/org/opentest4j/opentest4j/1.2.0/opentest4j-1.2.0.jar:/home/runner/.m2/repository/org/junit/platform/junit-platform-commons/1.8.2/junit-platform-commons-1.8.2.jar:/home/runner/.m2/repository/org/apiguardian/apiguardian-api/1.1.2/apiguardian-api-1.1.2.jar:/home/runner/.m2/repository/org/junit/jupiter/junit-jupiter-params/5.8.2/junit-jupiter-params-5.8.2.jar:/home/runner/.m2/repository/org/junit/jupiter/junit-jupiter-migrationsupport/5.8.2/junit-jupiter-migrationsupport-5.8.2.jar:/home/runner/.m2/repository/org/junit/jupiter/junit-jupiter-engine/5.8.2/junit-jupiter-engine-5.8.2.jar:/home/runner/.m2/repository/org/junit/platform/junit-platform-engine/1.8.2/junit-platform-engine-1.8.2.jar:/home/runner/.m2/repository/org/junit/vintage/junit-vintage-engine/5.8.2/junit-vintage-engine-5.8.2.jar:/home/runner/.m2/repository/org/junit/platform/junit-platform-launcher/1.8.2/junit-platform-launcher-1.8.2.jar:/home/runner/.m2/repository/org/mockito/mockito-core/3.5.9/mockito-core-3.5.9.jar:/home/runner/.m2/repository/net/bytebuddy/byte-buddy/1.10.13/byte-buddy-1.10.13.jar:/home/runner/.m2/repository/net/bytebuddy/byte-buddy-agent/1.10.13/byte-buddy-agent-1.10.13.jar:/home/runner/.m2/repository/org/objenesis/objenesis/1.0/objenesis-1.0.jar:/home/runner/.m2/repository/org/apache/hadoop/hadoop-kms/3.3.5/hadoop-kms-3.3.5.jar:/home/runner/.m2/repository/org/apache/hadoop/hadoop-auth/3.3.5/hadoop-auth-3.3.5.jar:/home/runner/.m2/repository/com/nimbusds/nimbus-jose-jwt/9.8.1/nimbus-jose-jwt-9.8.1.jar:/home/runner/.m2/repository/com/github/stephenc/jcip/jcip-annotations/1.0-1/jcip-annotations-1.0-1.jar:/home/runner/.m2/repository/net/minidev/json-smart/2.4.7/json-smart-2.4.7.jar:/home/runner/.m2/repository/net/minidev/accessors-smart/2.4.7/accessors-smart-2.4.7.jar:/home/runner/.m2/repository/org/ow2/asm/asm/5.0.4/asm-5.0.4.jar:/home/runner/.m2/repository/org/apache/zookeeper/zookeeper/3.5.6/zookeeper-3.5.6.jar:/home/runner/.m2/repository/org/apache/zookeeper/zookeeper-jute/3.5.6/zookeeper-jute-3.5.6.jar:/home/runner/.m2/repository/org/apache/yetus/audience-annotations/0.5.0/audience-annotations-0.5.0.jar:/home/runner/.m2/repository/org/apache/curator/curator-framework/4.2.0/curator-framework-4.2.0.jar:/home/runner/.m2/repository/org/apache/hadoop/thirdparty/hadoop-shaded-guava/1.1.1/hadoop-shaded-guava-1.1.1.jar:/home/runner/.m2/repository/com/sun/jersey/jersey-core/1.19/jersey-core-1.19.jar:/home/runner/.m2/repository/javax/ws/rs/jsr311-api/1.1.1/jsr311-api-1.1.1.jar:/home/runner/.m2/repository/com/sun/jersey/jersey-server/1.19/jersey-server-1.19.jar:/home/runner/.m2/repository/javax/servlet/javax.servlet-api/3.1.0/javax.servlet-api-3.1.0.jar:/home/runner/.m2/repository/org/apache/hadoop/hadoop-common/3.3.5/hadoop-common-3.3.5.jar:/home/runner/.m2/repository/org/apache/commons/commons-math3/3.1.1/commons-math3-3.1.1.jar:/home/runner/.m2/repository/commons-net/commons-net/3.9.0/commons-net-3.9.0.jar:/home/runner/.m2/repository/com/sun/jersey/jersey-servlet/1.19/jersey-servlet-1.19.jar:/home/runner/.m2/repository/com/github/pjfanning/jersey-json/1.20/jersey-json-1.20.jar:/home/runner/.m2/repository/org/codehaus/jettison/jettison/1.1/jettison-1.1.jar:/home/runner/.m2/repository/com/sun/xml/bind/jaxb-impl/2.2.3-1/jaxb-impl-2.2.3-1.jar:/home/runner/.m2/repository/com/google/re2j/re2j/1.1/re2j-1.1.jar:/home/runner/.m2/repository/com/jcraft/jsch/0.1.54/jsch-0.1.54.jar:/home/runner/.m2/repository/org/apache/curator/curator-client/4.2.0/curator-client-4.2.0.jar:/home/runner/.m2/repository/org/apache/curator/curator-recipes/4.2.0/curator-recipes-4.2.0.jar:/home/runner/.m2/repository/org/apache/kerby/kerb-core/1.0.1/kerb-core-1.0.1.jar:/home/runner/.m2/repository/org/apache/kerby/kerby-pkix/1.0.1/kerby-pkix-1.0.1.jar:/home/runner/.m2/repository/org/apache/kerby/kerby-asn1/1.0.1/kerby-asn1-1.0.1.jar:/home/runner/.m2/repository/org/apache/kerby/kerby-util/1.0.1/kerby-util-1.0.1.jar:/home/runner/.m2/repository/dnsjava/dnsjava/2.1.7/dnsjava-2.1.7.jar:/home/runner/.m2/repository/org/xerial/snappy/snappy-java/1.1.8.2/snappy-java-1.1.8.2.jar:/home/runner/.m2/repository/com/fasterxml/jackson/core/jackson-databind/2.13.4.2/jackson-databind-2.13.4.2.jar:/home/runner/.m2/repository/org/apache/hadoop/hadoop-kms/3.3.5/hadoop-kms-3.3.5-tests.jar:/home/runner/.m2/repository/org/apache/ozone/hdds-server-scm/1.4.0-SNAPSHOT/hdds-server-scm-1.4.0-SNAPSHOT-tests.jar:/home/runner/.m2/repository/org/apache/ozone/hdds-container-service/1.4.0-SNAPSHOT/hdds-container-service-1.4.0-SNAPSHOT-tests.jar:/home/runner/.m2/repository/com/github/luben/zstd-jni/1.5.2-5/zstd-jni-1.5.2-5.jar:/home/runner/.m2/repository/commons-codec/commons-codec/1.15/commons-codec-1.15.jar:/home/runner/.m2/repository/io/netty/netty-codec/4.1.86.Final/netty-codec-4.1.86.Final.jar:/home/runner/.m2/repository/io/netty/netty-handler/4.1.86.Final/netty-handler-4.1.86.Final.jar:/home/runner/.m2/repository/org/apache/ozone/hdds-hadoop-dependency-test/1.4.0-SNAPSHOT/hdds-hadoop-dependency-test-1.4.0-SNAPSHOT.jar:/home/runner/.m2/repository/org/apache/hadoop/hadoop-common/3.3.5/hadoop-common-3.3.5-tests.jar:/home/runner/.m2/repository/org/apache/hadoop/hadoop-hdfs/3.3.5/hadoop-hdfs-3.3.5-tests.jar:/home/runner/.m2/repository/org/assertj/assertj-core/3.12.2/assertj-core-3.12.2.jar:/home/runner/.m2/repository/org/apache/hadoop/hadoop-distcp/3.3.5/hadoop-distcp-3.3.5.jar:/home/runner/.m2/repository/org/apache/hadoop/hadoop-mapreduce-client-jobclient/3.3.5/hadoop-mapreduce-client-jobclient-3.3.5.jar:/home/runner/.m2/repository/org/apache/hadoop/hadoop-mapreduce-client-common/3.3.5/hadoop-mapreduce-client-common-3.3.5.jar:/home/runner/.m2/repository/org/apache/hadoop/hadoop-yarn-common/3.3.5/hadoop-yarn-common-3.3.5.jar:/home/runner/.m2/repository/org/apache/hadoop/hadoop-yarn-api/3.3.5/hadoop-yarn-api-3.3.5.jar:/home/runner/.m2/repository/com/sun/jersey/contribs/jersey-guice/1.19/jersey-guice-1.19.jar:/home/runner/.m2/repository/com/fasterxml/jackson/jaxrs/jackson-jaxrs-json-provider/2.13.4/jackson-jaxrs-json-provider-2.13.4.jar:/home/runner/.m2/repository/com/fasterxml/jackson/jaxrs/jackson-jaxrs-base/2.13.4/jackson-jaxrs-base-2.13.4.jar:/home/runner/.m2/repository/org/apache/hadoop/hadoop-yarn-client/3.3.5/hadoop-yarn-client-3.3.5.jar:/home/runner/.m2/repository/org/eclipse/jetty/websocket/websocket-client/9.4.48.v20220622/websocket-client-9.4.48.v20220622.jar:/home/runner/.m2/repository/org/eclipse/jetty/websocket/websocket-common/9.4.48.v20220622/websocket-common-9.4.48.v20220622.jar:/home/runner/.m2/repository/org/eclipse/jetty/websocket/websocket-api/9.4.48.v20220622/websocket-api-9.4.48.v20220622.jar:/home/runner/.m2/repository/org/jline/jline/3.9.0/jline-3.9.0.jar:/home/runner/.m2/repository/org/apache/hadoop/hadoop-mapreduce-client-core/3.3.5/hadoop-mapreduce-client-core-3.3.5.jar:/home/runner/.m2/repository/org/apache/avro/avro/1.7.7/avro-1.7.7.jar:/home/runner/.m2/repository/com/thoughtworks/paranamer/paranamer/2.3/paranamer-2.3.jar:/home/runner/.m2/repository/org/apache/hadoop/hadoop-annotations/3.3.5/hadoop-annotations-3.3.5.jar:/usr/lib/jvm/temurin-8-jdk-amd64/jre/../lib/tools.jar:/home/runner/.m2/repository/io/netty/netty/3.10.6.Final/netty-3.10.6.Final.jar:/home/runner/.m2/repository/org/apache/hadoop/hadoop-distcp/3.3.5/hadoop-distcp-3.3.5-tests.jar:/home/runner/.m2/repository/org/slf4j/jul-to-slf4j/1.7.36/jul-to-slf4j-1.7.36.jar:"/>
    <property name="java.vm.vendor" value="Temurin"/>
    <property name="sun.arch.data.model" value="64"/>
    <property name="test.build.dir" value="/home/runner/work/ozone/ozone/hadoop-ozone/integration-test/target/test-dir"/>
    <property name="test.cache.data" value=""/>
    <property name="java.vendor.url" value="https://adoptium.net/"/>
    <property name="user.timezone" value="Etc/UTC"/>
    <property name="java.vm.specification.version" value="1.8"/>
    <property name="os.name" value="Linux"/>
    <property name="test.build.data" value="/home/runner/work/ozone/ozone/hadoop-ozone/integration-test/target/test-dir"/>
    <property name="sun.java.launcher" value="SUN_STANDARD"/>
    <property name="sun.boot.library.path" value="/usr/lib/jvm/temurin-8-jdk-amd64/jre/lib/amd64"/>
    <property name="sun.java.command" value="/home/runner/work/ozone/ozone/hadoop-ozone/integration-test/target/surefire/surefirebooter5142057103097389297.jar /home/runner/work/ozone/ozone/hadoop-ozone/integration-test/target/surefire 2023-06-17T13-37-02_128-jvmRun1 surefire997202974897356745tmp surefire_38610326826026744720tmp"/>
    <property name="native.lib.tmp.dir" value="/tmp"/>
    <property name="surefire.test.class.path" value="/home/runner/work/ozone/ozone/hadoop-ozone/integration-test/target/test-classes:/home/runner/work/ozone/ozone/hadoop-ozone/integration-test/target/classes:/home/runner/.m2/repository/org/apache/ozone/ozone-common/1.4.0-SNAPSHOT/ozone-common-1.4.0-SNAPSHOT.jar:/home/runner/.m2/repository/io/grpc/grpc-netty/1.51.1/grpc-netty-1.51.1.jar:/home/runner/.m2/repository/io/grpc/grpc-core/1.51.1/grpc-core-1.51.1.jar:/home/runner/.m2/repository/com/google/android/annotations/4.1.1.4/annotations-4.1.1.4.jar:/home/runner/.m2/repository/org/codehaus/mojo/animal-sniffer-annotations/1.21/animal-sniffer-annotations-1.21.jar:/home/runner/.m2/repository/com/google/errorprone/error_prone_annotations/2.2.0/error_prone_annotations-2.2.0.jar:/home/runner/.m2/repository/io/perfmark/perfmark-api/0.25.0/perfmark-api-0.25.0.jar:/home/runner/.m2/repository/io/netty/netty-codec-http2/4.1.86.Final/netty-codec-http2-4.1.86.Final.jar:/home/runner/.m2/repository/io/netty/netty-common/4.1.86.Final/netty-common-4.1.86.Final.jar:/home/runner/.m2/repository/io/netty/netty-buffer/4.1.86.Final/netty-buffer-4.1.86.Final.jar:/home/runner/.m2/repository/io/netty/netty-codec-http/4.1.86.Final/netty-codec-http-4.1.86.Final.jar:/home/runner/.m2/repository/io/netty/netty-handler-proxy/4.1.86.Final/netty-handler-proxy-4.1.86.Final.jar:/home/runner/.m2/repository/io/netty/netty-codec-socks/4.1.86.Final/netty-codec-socks-4.1.86.Final.jar:/home/runner/.m2/repository/io/netty/netty-tcnative-boringssl-static/2.0.54.Final/netty-tcnative-boringssl-static-2.0.54.Final.jar:/home/runner/.m2/repository/io/netty/netty-tcnative-classes/2.0.54.Final/netty-tcnative-classes-2.0.54.Final.jar:/home/runner/.m2/repository/io/netty/netty-tcnative-boringssl-static/2.0.54.Final/netty-tcnative-boringssl-static-2.0.54.Final-linux-x86_64.jar:/home/runner/.m2/repository/io/netty/netty-tcnative-boringssl-static/2.0.54.Final/netty-tcnative-boringssl-static-2.0.54.Final-linux-aarch_64.jar:/home/runner/.m2/repository/io/netty/netty-tcnative-boringssl-static/2.0.54.Final/netty-tcnative-boringssl-static-2.0.54.Final-osx-x86_64.jar:/home/runner/.m2/repository/io/netty/netty-tcnative-boringssl-static/2.0.54.Final/netty-tcnative-boringssl-static-2.0.54.Final-osx-aarch_64.jar:/home/runner/.m2/repository/io/netty/netty-tcnative-boringssl-static/2.0.54.Final/netty-tcnative-boringssl-static-2.0.54.Final-windows-x86_64.jar:/home/runner/.m2/repository/org/apache/commons/commons-compress/1.21/commons-compress-1.21.jar:/home/runner/.m2/repository/org/apache/ozone/hdds-common/1.4.0-SNAPSHOT/hdds-common-1.4.0-SNAPSHOT.jar:/home/runner/.m2/repository/org/apache/ozone/hdds-client/1.4.0-SNAPSHOT/hdds-client-1.4.0-SNAPSHOT.jar:/home/runner/.m2/repository/org/apache/ozone/ozone-interface-client/1.4.0-SNAPSHOT/ozone-interface-client-1.4.0-SNAPSHOT.jar:/home/runner/.m2/repository/org/apache/hadoop/hadoop-hdfs-client/3.3.5/hadoop-hdfs-client-3.3.5.jar:/home/runner/.m2/repository/com/squareup/okhttp3/okhttp/4.9.3/okhttp-4.9.3.jar:/home/runner/.m2/repository/com/squareup/okio/okio/2.8.0/okio-2.8.0.jar:/home/runner/.m2/repository/org/jetbrains/kotlin/kotlin-stdlib-common/1.6.21/kotlin-stdlib-common-1.6.21.jar:/home/runner/.m2/repository/org/apache/ozone/hdds-test-utils/1.4.0-SNAPSHOT/hdds-test-utils-1.4.0-SNAPSHOT.jar:/home/runner/.m2/repository/com/google/guava/guava/31.1-jre/guava-31.1-jre.jar:/home/runner/.m2/repository/com/google/guava/failureaccess/1.0.1/failureaccess-1.0.1.jar:/home/runner/.m2/repository/com/google/guava/listenablefuture/9999.0-empty-to-avoid-conflict-with-guava/listenablefuture-9999.0-empty-to-avoid-conflict-with-guava.jar:/home/runner/.m2/repository/com/google/code/findbugs/jsr305/3.0.0/jsr305-3.0.0.jar:/home/runner/.m2/repository/org/checkerframework/checker-qual/3.12.0/checker-qual-3.12.0.jar:/home/runner/.m2/repository/com/google/j2objc/j2objc-annotations/1.3/j2objc-annotations-1.3.jar:/home/runner/.m2/repository/commons-io/commons-io/2.11.0/commons-io-2.11.0.jar:/home/runner/.m2/repository/commons-logging/commons-logging/1.2/commons-logging-1.2.jar:/home/runner/.m2/repository/ch/qos/reload4j/reload4j/1.2.22/reload4j-1.2.22.jar:/home/runner/.m2/repository/org/slf4j/slf4j-api/1.7.36/slf4j-api-1.7.36.jar:/home/runner/.m2/repository/org/apache/ozone/hdds-server-scm/1.4.0-SNAPSHOT/hdds-server-scm-1.4.0-SNAPSHOT.jar:/home/runner/.m2/repository/org/apache/ozone/hdds-container-service/1.4.0-SNAPSHOT/hdds-container-service-1.4.0-SNAPSHOT.jar:/home/runner/.m2/repository/org/apache/ozone/hdds-hadoop-dependency-server/1.4.0-SNAPSHOT/hdds-hadoop-dependency-server-1.4.0-SNAPSHOT.jar:/home/runner/.m2/repository/org/apache/hadoop/hadoop-hdfs/3.3.5/hadoop-hdfs-3.3.5.jar:/home/runner/.m2/repository/commons-daemon/commons-daemon/1.0.13/commons-daemon-1.0.13.jar:/home/runner/.m2/repository/org/apache/ozone/hdds-server-framework/1.4.0-SNAPSHOT/hdds-server-framework-1.4.0-SNAPSHOT.jar:/home/runner/.m2/repository/io/dropwizard/metrics/metrics-core/3.2.4/metrics-core-3.2.4.jar:/home/runner/.m2/repository/org/apache/commons/commons-text/1.10.0/commons-text-1.10.0.jar:/home/runner/.m2/repository/org/bouncycastle/bcprov-jdk15on/1.67/bcprov-jdk15on-1.67.jar:/home/runner/.m2/repository/com/google/protobuf/protobuf-java/2.5.0/protobuf-java-2.5.0.jar:/home/runner/.m2/repository/org/apache/ozone/hdds-server-framework/1.4.0-SNAPSHOT/hdds-server-framework-1.4.0-SNAPSHOT-tests.jar:/home/runner/.m2/repository/org/apache/ozone/hdds-interface-server/1.4.0-SNAPSHOT/hdds-interface-server-1.4.0-SNAPSHOT.jar:/home/runner/.m2/repository/org/apache/ozone/hdds-interface-admin/1.4.0-SNAPSHOT/hdds-interface-admin-1.4.0-SNAPSHOT.jar:/home/runner/.m2/repository/org/apache/ozone/hdds-managed-rocksdb/1.4.0-SNAPSHOT/hdds-managed-rocksdb-1.4.0-SNAPSHOT.jar:/home/runner/.m2/repository/org/rocksdb/rocksdbjni/7.7.3/rocksdbjni-7.7.3.jar:/home/runner/.m2/repository/org/slf4j/slf4j-reload4j/1.7.36/slf4j-reload4j-1.7.36.jar:/home/runner/.m2/repository/org/apache/commons/commons-configuration2/2.1.1/commons-configuration2-2.1.1.jar:/home/runner/.m2/repository/org/apache/logging/log4j/log4j-core/2.17.1/log4j-core-2.17.1.jar:/home/runner/.m2/repository/com/lmax/disruptor/3.4.2/disruptor-3.4.2.jar:/home/runner/.m2/repository/org/eclipse/jetty/jetty-util/9.4.51.v20230217/jetty-util-9.4.51.v20230217.jar:/home/runner/.m2/repository/org/eclipse/jetty/jetty-server/9.4.51.v20230217/jetty-server-9.4.51.v20230217.jar:/home/runner/.m2/repository/org/eclipse/jetty/jetty-http/9.4.51.v20230217/jetty-http-9.4.51.v20230217.jar:/home/runner/.m2/repository/org/eclipse/jetty/jetty-io/9.4.51.v20230217/jetty-io-9.4.51.v20230217.jar:/home/runner/.m2/repository/org/eclipse/jetty/jetty-servlet/9.4.51.v20230217/jetty-servlet-9.4.51.v20230217.jar:/home/runner/.m2/repository/org/eclipse/jetty/jetty-security/9.4.51.v20230217/jetty-security-9.4.51.v20230217.jar:/home/runner/.m2/repository/org/eclipse/jetty/jetty-util-ajax/9.4.51.v20230217/jetty-util-ajax-9.4.51.v20230217.jar:/home/runner/.m2/repository/org/eclipse/jetty/jetty-webapp/9.4.51.v20230217/jetty-webapp-9.4.51.v20230217.jar:/home/runner/.m2/repository/org/eclipse/jetty/jetty-xml/9.4.51.v20230217/jetty-xml-9.4.51.v20230217.jar:/home/runner/.m2/repository/org/apache/ratis/ratis-server/2.5.1/ratis-server-2.5.1.jar:/home/runner/.m2/repository/org/apache/ratis/ratis-thirdparty-misc/1.0.4/ratis-thirdparty-misc-1.0.4.jar:/home/runner/.m2/repository/org/apache/ratis/ratis-proto/2.5.1/ratis-proto-2.5.1.jar:/home/runner/.m2/repository/org/apache/ratis/ratis-common/2.5.1/ratis-common-2.5.1.jar:/home/runner/.m2/repository/org/apache/ratis/ratis-client/2.5.1/ratis-client-2.5.1.jar:/home/runner/.m2/repository/org/apache/ratis/ratis-server-api/2.5.1/ratis-server-api-2.5.1.jar:/home/runner/.m2/repository/org/apache/ratis/ratis-metrics/2.5.1/ratis-metrics-2.5.1.jar:/home/runner/.m2/repository/io/prometheus/simpleclient_dropwizard/0.7.0/simpleclient_dropwizard-0.7.0.jar:/home/runner/.m2/repository/io/prometheus/simpleclient/0.7.0/simpleclient-0.7.0.jar:/home/runner/.m2/repository/io/prometheus/simpleclient_common/0.7.0/simpleclient_common-0.7.0.jar:/home/runner/.m2/repository/com/fasterxml/jackson/datatype/jackson-datatype-jsr310/2.13.4/jackson-datatype-jsr310-2.13.4.jar:/home/runner/.m2/repository/com/fasterxml/jackson/core/jackson-core/2.13.4/jackson-core-2.13.4.jar:/home/runner/.m2/repository/com/github/spotbugs/spotbugs-annotations/3.1.12/spotbugs-annotations-3.1.12.jar:/home/runner/.m2/repository/org/apache/ozone/rocksdb-checkpoint-differ/1.4.0-SNAPSHOT/rocksdb-checkpoint-differ-1.4.0-SNAPSHOT.jar:/home/runner/.m2/repository/org/awaitility/awaitility/4.2.0/awaitility-4.2.0.jar:/home/runner/.m2/repository/org/hamcrest/hamcrest/2.1/hamcrest-2.1.jar:/home/runner/.m2/repository/org/apache/ozone/ozone-manager/1.4.0-SNAPSHOT/ozone-manager-1.4.0-SNAPSHOT.jar:/home/runner/.m2/repository/org/aspectj/aspectjrt/1.9.7/aspectjrt-1.9.7.jar:/home/runner/.m2/repository/org/aspectj/aspectjweaver/1.9.7/aspectjweaver-1.9.7.jar:/home/runner/.m2/repository/org/apache/ozone/hdds-interface-client/1.4.0-SNAPSHOT/hdds-interface-client-1.4.0-SNAPSHOT.jar:/home/runner/.m2/repository/org/apache/hadoop/thirdparty/hadoop-shaded-protobuf_3_7/1.1.1/hadoop-shaded-protobuf_3_7-1.1.1.jar:/home/runner/.m2/repository/org/apache/ozone/ozone-interface-storage/1.4.0-SNAPSHOT/ozone-interface-storage-1.4.0-SNAPSHOT.jar:/home/runner/.m2/repository/org/reflections/reflections/0.9.11/reflections-0.9.11.jar:/home/runner/.m2/repository/com/sun/jersey/jersey-client/1.19/jersey-client-1.19.jar:/home/runner/.m2/repository/org/codehaus/jackson/jackson-core-asl/1.9.13/jackson-core-asl-1.9.13.jar:/home/runner/.m2/repository/org/codehaus/jackson/jackson-mapper-asl/1.9.13/jackson-mapper-asl-1.9.13.jar:/home/runner/.m2/repository/org/codehaus/jackson/jackson-jaxrs/1.9.13/jackson-jaxrs-1.9.13.jar:/home/runner/.m2/repository/org/apache/ranger/ranger-intg/2.3.0/ranger-intg-2.3.0.jar:/home/runner/.m2/repository/org/apache/ranger/ranger-plugins-common/2.3.0/ranger-plugins-common-2.3.0.jar:/home/runner/.m2/repository/commons-lang/commons-lang/2.6/commons-lang-2.6.jar:/home/runner/.m2/repository/org/apache/ranger/ranger-plugins-cred/2.3.0/ranger-plugins-cred-2.3.0.jar:/home/runner/.m2/repository/org/apache/ranger/ranger-plugins-audit/2.3.0/ranger-plugins-audit-2.3.0.jar:/home/runner/.m2/repository/org/eclipse/jetty/jetty-client/9.4.51.v20230217/jetty-client-9.4.51.v20230217.jar:/home/runner/.m2/repository/org/apache/httpcomponents/httpmime/4.5.6/httpmime-4.5.6.jar:/home/runner/.m2/repository/org/apache/httpcomponents/httpcore-nio/4.4.13/httpcore-nio-4.4.13.jar:/home/runner/.m2/repository/org/apache/httpcomponents/httpasyncclient/4.1.3/httpasyncclient-4.1.3.jar:/home/runner/.m2/repository/com/carrotsearch/hppc/0.8.0/hppc-0.8.0.jar:/home/runner/.m2/repository/org/apache/orc/orc-core/1.5.8/orc-core-1.5.8.jar:/home/runner/.m2/repository/net/java/dev/jna/jna/5.2.0/jna-5.2.0.jar:/home/runner/.m2/repository/net/java/dev/jna/jna-platform/5.2.0/jna-platform-5.2.0.jar:/home/runner/.m2/repository/com/kstruct/gethostname4j/0.0.2/gethostname4j-0.0.2.jar:/home/runner/.m2/repository/org/apache/ranger/ranger-plugin-classloader/2.3.0/ranger-plugin-classloader-2.3.0.jar:/home/runner/.m2/repository/org/apache/ozone/hdds-rocks-native/1.4.0-SNAPSHOT/hdds-rocks-native-1.4.0-SNAPSHOT.jar:/home/runner/.m2/repository/org/apache/hadoop/hadoop-minikdc/3.3.5/hadoop-minikdc-3.3.5.jar:/home/runner/.m2/repository/org/apache/kerby/kerb-simplekdc/1.0.1/kerb-simplekdc-1.0.1.jar:/home/runner/.m2/repository/org/apache/kerby/kerb-client/1.0.1/kerb-client-1.0.1.jar:/home/runner/.m2/repository/org/apache/kerby/kerby-config/1.0.1/kerby-config-1.0.1.jar:/home/runner/.m2/repository/org/apache/kerby/kerb-common/1.0.1/kerb-common-1.0.1.jar:/home/runner/.m2/repository/org/apache/kerby/kerb-crypto/1.0.1/kerb-crypto-1.0.1.jar:/home/runner/.m2/repository/org/apache/kerby/kerb-util/1.0.1/kerb-util-1.0.1.jar:/home/runner/.m2/repository/org/apache/kerby/token-provider/1.0.1/token-provider-1.0.1.jar:/home/runner/.m2/repository/org/apache/kerby/kerb-admin/1.0.1/kerb-admin-1.0.1.jar:/home/runner/.m2/repository/org/apache/kerby/kerb-server/1.0.1/kerb-server-1.0.1.jar:/home/runner/.m2/repository/org/apache/kerby/kerb-identity/1.0.1/kerb-identity-1.0.1.jar:/home/runner/.m2/repository/org/apache/kerby/kerby-xdr/1.0.1/kerby-xdr-1.0.1.jar:/home/runner/.m2/repository/org/apache/ozone/ozone-s3gateway/1.4.0-SNAPSHOT/ozone-s3gateway-1.4.0-SNAPSHOT.jar:/home/runner/.m2/repository/org/javassist/javassist/3.21.0-GA/javassist-3.21.0-GA.jar:/home/runner/.m2/repository/org/jboss/weld/servlet/weld-servlet-shaded/3.1.9.Final/weld-servlet-shaded-3.1.9.Final.jar:/home/runner/.m2/repository/org/glassfish/jersey/containers/jersey-container-servlet-core/2.34/jersey-container-servlet-core-2.34.jar:/home/runner/.m2/repository/org/glassfish/hk2/external/jakarta.inject/2.6.1/jakarta.inject-2.6.1.jar:/home/runner/.m2/repository/org/glassfish/jersey/core/jersey-common/2.34/jersey-common-2.34.jar:/home/runner/.m2/repository/jakarta/ws/rs/jakarta.ws.rs-api/2.1.6/jakarta.ws.rs-api-2.1.6.jar:/home/runner/.m2/repository/org/glassfish/jersey/ext/cdi/jersey-cdi1x/2.34/jersey-cdi1x-2.34.jar:/home/runner/.m2/repository/org/glassfish/jersey/inject/jersey-hk2/2.34/jersey-hk2-2.34.jar:/home/runner/.m2/repository/org/glassfish/hk2/hk2-locator/2.6.1/hk2-locator-2.6.1.jar:/home/runner/.m2/repository/org/glassfish/jersey/media/jersey-media-jaxb/2.34/jersey-media-jaxb-2.34.jar:/home/runner/.m2/repository/org/glassfish/hk2/osgi-resource-locator/1.0.3/osgi-resource-locator-1.0.3.jar:/home/runner/.m2/repository/org/glassfish/hk2/hk2-api/2.5.0/hk2-api-2.5.0.jar:/home/runner/.m2/repository/org/glassfish/hk2/hk2-utils/2.5.0/hk2-utils-2.5.0.jar:/home/runner/.m2/repository/org/glassfish/hk2/external/aopalliance-repackaged/2.5.0/aopalliance-repackaged-2.5.0.jar:/home/runner/.m2/repository/com/fasterxml/jackson/dataformat/jackson-dataformat-xml/2.13.4/jackson-dataformat-xml-2.13.4.jar:/home/runner/.m2/repository/org/codehaus/woodstox/stax2-api/4.2.1/stax2-api-4.2.1.jar:/home/runner/.m2/repository/com/fasterxml/woodstox/woodstox-core/5.4.0/woodstox-core-5.4.0.jar:/home/runner/.m2/repository/com/fasterxml/jackson/module/jackson-module-jaxb-annotations/2.13.4/jackson-module-jaxb-annotations-2.13.4.jar:/home/runner/.m2/repository/jakarta/xml/bind/jakarta.xml.bind-api/2.3.3/jakarta.xml.bind-api-2.3.3.jar:/home/runner/.m2/repository/jakarta/activation/jakarta.activation-api/1.2.2/jakarta.activation-api-1.2.2.jar:/home/runner/.m2/repository/javax/enterprise/cdi-api/2.0/cdi-api-2.0.jar:/home/runner/.m2/repository/javax/el/javax.el-api/3.0.0/javax.el-api-3.0.0.jar:/home/runner/.m2/repository/javax/interceptor/javax.interceptor-api/1.2/javax.interceptor-api-1.2.jar:/home/runner/.m2/repository/javax/inject/javax.inject/1/javax.inject-1.jar:/home/runner/.m2/repository/javax/xml/bind/jaxb-api/2.3.0/jaxb-api-2.3.0.jar:/home/runner/.m2/repository/org/glassfish/jaxb/jaxb-runtime/2.3.0.1/jaxb-runtime-2.3.0.1.jar:/home/runner/.m2/repository/org/glassfish/jaxb/jaxb-core/2.3.0.1/jaxb-core-2.3.0.1.jar:/home/runner/.m2/repository/org/glassfish/jaxb/txw2/2.3.0.1/txw2-2.3.0.1.jar:/home/runner/.m2/repository/com/sun/istack/istack-commons-runtime/3.0.5/istack-commons-runtime-3.0.5.jar:/home/runner/.m2/repository/org/jvnet/staxex/stax-ex/1.7.8/stax-ex-1.7.8.jar:/home/runner/.m2/repository/com/sun/xml/fastinfoset/FastInfoset/1.2.13/FastInfoset-1.2.13.jar:/home/runner/.m2/repository/javax/activation/activation/1.1.1/activation-1.1.1.jar:/home/runner/.m2/repository/io/grpc/grpc-protobuf/1.51.1/grpc-protobuf-1.51.1.jar:/home/runner/.m2/repository/com/google/api/grpc/proto-google-common-protos/2.9.0/proto-google-common-protos-2.9.0.jar:/home/runner/.m2/repository/io/grpc/grpc-protobuf-lite/1.51.1/grpc-protobuf-lite-1.51.1.jar:/home/runner/.m2/repository/io/grpc/grpc-stub/1.51.1/grpc-stub-1.51.1.jar:/home/runner/.m2/repository/io/netty/netty-transport/4.1.86.Final/netty-transport-4.1.86.Final.jar:/home/runner/.m2/repository/io/netty/netty-resolver/4.1.86.Final/netty-resolver-4.1.86.Final.jar:/home/runner/.m2/repository/org/apache/ozone/ozone-csi/1.4.0-SNAPSHOT/ozone-csi-1.4.0-SNAPSHOT.jar:/home/runner/.m2/repository/com/google/protobuf/protobuf-java-util/3.19.6/protobuf-java-util-3.19.6.jar:/home/runner/.m2/repository/com/google/code/gson/gson/2.9.0/gson-2.9.0.jar:/home/runner/.m2/repository/org/apache/ozone/hdds-config/1.4.0-SNAPSHOT/hdds-config-1.4.0-SNAPSHOT.jar:/home/runner/.m2/repository/io/netty/netty-transport-native-epoll/4.1.86.Final/netty-transport-native-epoll-4.1.86.Final-linux-x86_64.jar:/home/runner/.m2/repository/io/netty/netty-transport-classes-epoll/4.1.86.Final/netty-transport-classes-epoll-4.1.86.Final.jar:/home/runner/.m2/repository/io/netty/netty-transport-native-unix-common/4.1.86.Final/netty-transport-native-unix-common-4.1.86.Final.jar:/home/runner/.m2/repository/org/apache/ozone/ozone-recon/1.4.0-SNAPSHOT/ozone-recon-1.4.0-SNAPSHOT.jar:/home/runner/.m2/repository/org/apache/ozone/ozone-reconcodegen/1.4.0-SNAPSHOT/ozone-reconcodegen-1.4.0-SNAPSHOT.jar:/home/runner/.m2/repository/com/google/inject/guice/5.1.0/guice-5.1.0.jar:/home/runner/.m2/repository/aopalliance/aopalliance/1.0/aopalliance-1.0.jar:/home/runner/.m2/repository/com/google/inject/extensions/guice-assistedinject/5.1.0/guice-assistedinject-5.1.0.jar:/home/runner/.m2/repository/com/google/inject/extensions/guice-servlet/5.1.0/guice-servlet-5.1.0.jar:/home/runner/.m2/repository/org/glassfish/jersey/containers/jersey-container-servlet/2.34/jersey-container-servlet-2.34.jar:/home/runner/.m2/repository/org/glassfish/hk2/guice-bridge/2.5.0/guice-bridge-2.5.0.jar:/home/runner/.m2/repository/org/glassfish/jersey/core/jersey-server/2.34/jersey-server-2.34.jar:/home/runner/.m2/repository/org/glassfish/jersey/core/jersey-client/2.34/jersey-client-2.34.jar:/home/runner/.m2/repository/jakarta/annotation/jakarta.annotation-api/1.3.5/jakarta.annotation-api-1.3.5.jar:/home/runner/.m2/repository/jakarta/validation/jakarta.validation-api/2.0.2/jakarta.validation-api-2.0.2.jar:/home/runner/.m2/repository/org/glassfish/jersey/media/jersey-media-json-jackson/2.34/jersey-media-json-jackson-2.34.jar:/home/runner/.m2/repository/org/glassfish/jersey/ext/jersey-entity-filtering/2.34/jersey-entity-filtering-2.34.jar:/home/runner/.m2/repository/org/jooq/jooq/3.11.10/jooq-3.11.10.jar:/home/runner/.m2/repository/org/jooq/jooq-meta/3.11.10/jooq-meta-3.11.10.jar:/home/runner/.m2/repository/org/jooq/jooq-codegen/3.11.10/jooq-codegen-3.11.10.jar:/home/runner/.m2/repository/com/jolbox/bonecp/0.8.0.RELEASE/bonecp-0.8.0.RELEASE.jar:/home/runner/.m2/repository/org/apache/derby/derby/10.14.2.0/derby-10.14.2.0.jar:/home/runner/.m2/repository/org/xerial/sqlite-jdbc/3.41.2.2/sqlite-jdbc-3.41.2.2.jar:/home/runner/.m2/repository/org/springframework/spring-jdbc/5.3.27/spring-jdbc-5.3.27.jar:/home/runner/.m2/repository/org/springframework/spring-beans/5.3.27/spring-beans-5.3.27.jar:/home/runner/.m2/repository/org/springframework/spring-core/5.3.27/spring-core-5.3.27.jar:/home/runner/.m2/repository/org/springframework/spring-tx/5.3.27/spring-tx-5.3.27.jar:/home/runner/.m2/repository/org/apache/ozone/ozone-client/1.4.0-SNAPSHOT/ozone-client-1.4.0-SNAPSHOT.jar:/home/runner/.m2/repository/org/apache/ozone/hdds-erasurecode/1.4.0-SNAPSHOT/hdds-erasurecode-1.4.0-SNAPSHOT.jar:/home/runner/.m2/repository/org/apache/ozone/ozone-filesystem/1.4.0-SNAPSHOT/ozone-filesystem-1.4.0-SNAPSHOT.jar:/home/runner/.m2/repository/org/apache/ozone/ozone-filesystem-common/1.4.0-SNAPSHOT/ozone-filesystem-common-1.4.0-SNAPSHOT.jar:/home/runner/.m2/repository/org/apache/ozone/ozone-tools/1.4.0-SNAPSHOT/ozone-tools-1.4.0-SNAPSHOT.jar:/home/runner/.m2/repository/com/amazonaws/aws-java-sdk-core/1.12.261/aws-java-sdk-core-1.12.261.jar:/home/runner/.m2/repository/org/apache/httpcomponents/httpclient/4.5.13/httpclient-4.5.13.jar:/home/runner/.m2/repository/org/apache/httpcomponents/httpcore/4.4.13/httpcore-4.4.13.jar:/home/runner/.m2/repository/software/amazon/ion/ion-java/1.0.2/ion-java-1.0.2.jar:/home/runner/.m2/repository/com/fasterxml/jackson/dataformat/jackson-dataformat-cbor/2.13.4/jackson-dataformat-cbor-2.13.4.jar:/home/runner/.m2/repository/joda-time/joda-time/2.10.6/joda-time-2.10.6.jar:/home/runner/.m2/repository/com/amazonaws/aws-java-sdk-s3/1.12.261/aws-java-sdk-s3-1.12.261.jar:/home/runner/.m2/repository/com/amazonaws/aws-java-sdk-kms/1.12.261/aws-java-sdk-kms-1.12.261.jar:/home/runner/.m2/repository/com/amazonaws/jmespath-java/1.12.261/jmespath-java-1.12.261.jar:/home/runner/.m2/repository/org/kohsuke/metainf-services/metainf-services/1.8/metainf-services-1.8.jar:/home/runner/.m2/repository/org/apache/ozone/hdds-tools/1.4.0-SNAPSHOT/hdds-tools-1.4.0-SNAPSHOT.jar:/home/runner/.m2/repository/org/apache/ratis/ratis-tools/2.5.1/ratis-tools-2.5.1.jar:/home/runner/.m2/repository/commons-cli/commons-cli/1.2/commons-cli-1.2.jar:/home/runner/.m2/repository/org/apache/commons/commons-lang3/3.7/commons-lang3-3.7.jar:/home/runner/.m2/repository/org/apache/ozone/ozone-manager/1.4.0-SNAPSHOT/ozone-manager-1.4.0-SNAPSHOT-tests.jar:/home/runner/.m2/repository/org/apache/ozone/hdds-common/1.4.0-SNAPSHOT/hdds-common-1.4.0-SNAPSHOT-tests.jar:/home/runner/.m2/repository/org/apache/ozone/hdds-hadoop-dependency-client/1.4.0-SNAPSHOT/hdds-hadoop-dependency-client-1.4.0-SNAPSHOT.jar:/home/runner/.m2/repository/info/picocli/picocli/4.6.1/picocli-4.6.1.jar:/home/runner/.m2/repository/com/fasterxml/jackson/core/jackson-annotations/2.13.4/jackson-annotations-2.13.4.jar:/home/runner/.m2/repository/org/apache/ozone/hdds-annotation-processing/1.4.0-SNAPSHOT/hdds-annotation-processing-1.4.0-SNAPSHOT.jar:/home/runner/.m2/repository/javax/annotation/javax.annotation-api/1.2/javax.annotation-api-1.2.jar:/home/runner/.m2/repository/org/apache/ratis/ratis-netty/2.5.1/ratis-netty-2.5.1.jar:/home/runner/.m2/repository/org/apache/ratis/ratis-grpc/2.5.1/ratis-grpc-2.5.1.jar:/home/runner/.m2/repository/org/apache/logging/log4j/log4j-api/2.17.1/log4j-api-2.17.1.jar:/home/runner/.m2/repository/org/apache/commons/commons-pool2/2.6.0/commons-pool2-2.6.0.jar:/home/runner/.m2/repository/org/bouncycastle/bcpkix-jdk15on/1.67/bcpkix-jdk15on-1.67.jar:/home/runner/.m2/repository/commons-validator/commons-validator/1.6/commons-validator-1.6.jar:/home/runner/.m2/repository/commons-beanutils/commons-beanutils/1.9.4/commons-beanutils-1.9.4.jar:/home/runner/.m2/repository/commons-digester/commons-digester/1.8.1/commons-digester-1.8.1.jar:/home/runner/.m2/repository/commons-collections/commons-collections/3.2.2/commons-collections-3.2.2.jar:/home/runner/.m2/repository/io/jaegertracing/jaeger-client/1.6.0/jaeger-client-1.6.0.jar:/home/runner/.m2/repository/io/jaegertracing/jaeger-thrift/1.6.0/jaeger-thrift-1.6.0.jar:/home/runner/.m2/repository/org/apache/thrift/libthrift/0.14.1/libthrift-0.14.1.jar:/home/runner/.m2/repository/io/jaegertracing/jaeger-core/1.6.0/jaeger-core-1.6.0.jar:/home/runner/.m2/repository/io/jaegertracing/jaeger-tracerresolver/1.6.0/jaeger-tracerresolver-1.6.0.jar:/home/runner/.m2/repository/io/opentracing/contrib/opentracing-tracerresolver/0.1.8/opentracing-tracerresolver-0.1.8.jar:/home/runner/.m2/repository/org/jetbrains/kotlin/kotlin-stdlib/1.6.21/kotlin-stdlib-1.6.21.jar:/home/runner/.m2/repository/org/jetbrains/annotations/13.0/annotations-13.0.jar:/home/runner/.m2/repository/io/opentracing/opentracing-util/0.33.0/opentracing-util-0.33.0.jar:/home/runner/.m2/repository/io/opentracing/opentracing-api/0.33.0/opentracing-api-0.33.0.jar:/home/runner/.m2/repository/io/opentracing/opentracing-noop/0.33.0/opentracing-noop-0.33.0.jar:/home/runner/.m2/repository/org/yaml/snakeyaml/2.0/snakeyaml-2.0.jar:/home/runner/.m2/repository/io/grpc/grpc-api/1.51.1/grpc-api-1.51.1.jar:/home/runner/.m2/repository/io/grpc/grpc-context/1.51.1/grpc-context-1.51.1.jar:/home/runner/.m2/repository/junit/junit/4.13.1/junit-4.13.1.jar:/home/runner/.m2/repository/org/hamcrest/hamcrest-core/1.3/hamcrest-core-1.3.jar:/home/runner/.m2/repository/org/junit/jupiter/junit-jupiter-api/5.8.2/junit-jupiter-api-5.8.2.jar:/home/runner/.m2/repository/org/opentest4j/opentest4j/1.2.0/opentest4j-1.2.0.jar:/home/runner/.m2/repository/org/junit/platform/junit-platform-commons/1.8.2/junit-platform-commons-1.8.2.jar:/home/runner/.m2/repository/org/apiguardian/apiguardian-api/1.1.2/apiguardian-api-1.1.2.jar:/home/runner/.m2/repository/org/junit/jupiter/junit-jupiter-params/5.8.2/junit-jupiter-params-5.8.2.jar:/home/runner/.m2/repository/org/junit/jupiter/junit-jupiter-migrationsupport/5.8.2/junit-jupiter-migrationsupport-5.8.2.jar:/home/runner/.m2/repository/org/junit/jupiter/junit-jupiter-engine/5.8.2/junit-jupiter-engine-5.8.2.jar:/home/runner/.m2/repository/org/junit/platform/junit-platform-engine/1.8.2/junit-platform-engine-1.8.2.jar:/home/runner/.m2/repository/org/junit/vintage/junit-vintage-engine/5.8.2/junit-vintage-engine-5.8.2.jar:/home/runner/.m2/repository/org/junit/platform/junit-platform-launcher/1.8.2/junit-platform-launcher-1.8.2.jar:/home/runner/.m2/repository/org/mockito/mockito-core/3.5.9/mockito-core-3.5.9.jar:/home/runner/.m2/repository/net/bytebuddy/byte-buddy/1.10.13/byte-buddy-1.10.13.jar:/home/runner/.m2/repository/net/bytebuddy/byte-buddy-agent/1.10.13/byte-buddy-agent-1.10.13.jar:/home/runner/.m2/repository/org/objenesis/objenesis/1.0/objenesis-1.0.jar:/home/runner/.m2/repository/org/apache/hadoop/hadoop-kms/3.3.5/hadoop-kms-3.3.5.jar:/home/runner/.m2/repository/org/apache/hadoop/hadoop-auth/3.3.5/hadoop-auth-3.3.5.jar:/home/runner/.m2/repository/com/nimbusds/nimbus-jose-jwt/9.8.1/nimbus-jose-jwt-9.8.1.jar:/home/runner/.m2/repository/com/github/stephenc/jcip/jcip-annotations/1.0-1/jcip-annotations-1.0-1.jar:/home/runner/.m2/repository/net/minidev/json-smart/2.4.7/json-smart-2.4.7.jar:/home/runner/.m2/repository/net/minidev/accessors-smart/2.4.7/accessors-smart-2.4.7.jar:/home/runner/.m2/repository/org/ow2/asm/asm/5.0.4/asm-5.0.4.jar:/home/runner/.m2/repository/org/apache/zookeeper/zookeeper/3.5.6/zookeeper-3.5.6.jar:/home/runner/.m2/repository/org/apache/zookeeper/zookeeper-jute/3.5.6/zookeeper-jute-3.5.6.jar:/home/runner/.m2/repository/org/apache/yetus/audience-annotations/0.5.0/audience-annotations-0.5.0.jar:/home/runner/.m2/repository/org/apache/curator/curator-framework/4.2.0/curator-framework-4.2.0.jar:/home/runner/.m2/repository/org/apache/hadoop/thirdparty/hadoop-shaded-guava/1.1.1/hadoop-shaded-guava-1.1.1.jar:/home/runner/.m2/repository/com/sun/jersey/jersey-core/1.19/jersey-core-1.19.jar:/home/runner/.m2/repository/javax/ws/rs/jsr311-api/1.1.1/jsr311-api-1.1.1.jar:/home/runner/.m2/repository/com/sun/jersey/jersey-server/1.19/jersey-server-1.19.jar:/home/runner/.m2/repository/javax/servlet/javax.servlet-api/3.1.0/javax.servlet-api-3.1.0.jar:/home/runner/.m2/repository/org/apache/hadoop/hadoop-common/3.3.5/hadoop-common-3.3.5.jar:/home/runner/.m2/repository/org/apache/commons/commons-math3/3.1.1/commons-math3-3.1.1.jar:/home/runner/.m2/repository/commons-net/commons-net/3.9.0/commons-net-3.9.0.jar:/home/runner/.m2/repository/com/sun/jersey/jersey-servlet/1.19/jersey-servlet-1.19.jar:/home/runner/.m2/repository/com/github/pjfanning/jersey-json/1.20/jersey-json-1.20.jar:/home/runner/.m2/repository/org/codehaus/jettison/jettison/1.1/jettison-1.1.jar:/home/runner/.m2/repository/com/sun/xml/bind/jaxb-impl/2.2.3-1/jaxb-impl-2.2.3-1.jar:/home/runner/.m2/repository/com/google/re2j/re2j/1.1/re2j-1.1.jar:/home/runner/.m2/repository/com/jcraft/jsch/0.1.54/jsch-0.1.54.jar:/home/runner/.m2/repository/org/apache/curator/curator-client/4.2.0/curator-client-4.2.0.jar:/home/runner/.m2/repository/org/apache/curator/curator-recipes/4.2.0/curator-recipes-4.2.0.jar:/home/runner/.m2/repository/org/apache/kerby/kerb-core/1.0.1/kerb-core-1.0.1.jar:/home/runner/.m2/repository/org/apache/kerby/kerby-pkix/1.0.1/kerby-pkix-1.0.1.jar:/home/runner/.m2/repository/org/apache/kerby/kerby-asn1/1.0.1/kerby-asn1-1.0.1.jar:/home/runner/.m2/repository/org/apache/kerby/kerby-util/1.0.1/kerby-util-1.0.1.jar:/home/runner/.m2/repository/dnsjava/dnsjava/2.1.7/dnsjava-2.1.7.jar:/home/runner/.m2/repository/org/xerial/snappy/snappy-java/1.1.8.2/snappy-java-1.1.8.2.jar:/home/runner/.m2/repository/com/fasterxml/jackson/core/jackson-databind/2.13.4.2/jackson-databind-2.13.4.2.jar:/home/runner/.m2/repository/org/apache/hadoop/hadoop-kms/3.3.5/hadoop-kms-3.3.5-tests.jar:/home/runner/.m2/repository/org/apache/ozone/hdds-server-scm/1.4.0-SNAPSHOT/hdds-server-scm-1.4.0-SNAPSHOT-tests.jar:/home/runner/.m2/repository/org/apache/ozone/hdds-container-service/1.4.0-SNAPSHOT/hdds-container-service-1.4.0-SNAPSHOT-tests.jar:/home/runner/.m2/repository/com/github/luben/zstd-jni/1.5.2-5/zstd-jni-1.5.2-5.jar:/home/runner/.m2/repository/commons-codec/commons-codec/1.15/commons-codec-1.15.jar:/home/runner/.m2/repository/io/netty/netty-codec/4.1.86.Final/netty-codec-4.1.86.Final.jar:/home/runner/.m2/repository/io/netty/netty-handler/4.1.86.Final/netty-handler-4.1.86.Final.jar:/home/runner/.m2/repository/org/apache/ozone/hdds-hadoop-dependency-test/1.4.0-SNAPSHOT/hdds-hadoop-dependency-test-1.4.0-SNAPSHOT.jar:/home/runner/.m2/repository/org/apache/hadoop/hadoop-common/3.3.5/hadoop-common-3.3.5-tests.jar:/home/runner/.m2/repository/org/apache/hadoop/hadoop-hdfs/3.3.5/hadoop-hdfs-3.3.5-tests.jar:/home/runner/.m2/repository/org/assertj/assertj-core/3.12.2/assertj-core-3.12.2.jar:/home/runner/.m2/repository/org/apache/hadoop/hadoop-distcp/3.3.5/hadoop-distcp-3.3.5.jar:/home/runner/.m2/repository/org/apache/hadoop/hadoop-mapreduce-client-jobclient/3.3.5/hadoop-mapreduce-client-jobclient-3.3.5.jar:/home/runner/.m2/repository/org/apache/hadoop/hadoop-mapreduce-client-common/3.3.5/hadoop-mapreduce-client-common-3.3.5.jar:/home/runner/.m2/repository/org/apache/hadoop/hadoop-yarn-common/3.3.5/hadoop-yarn-common-3.3.5.jar:/home/runner/.m2/repository/org/apache/hadoop/hadoop-yarn-api/3.3.5/hadoop-yarn-api-3.3.5.jar:/home/runner/.m2/repository/com/sun/jersey/contribs/jersey-guice/1.19/jersey-guice-1.19.jar:/home/runner/.m2/repository/com/fasterxml/jackson/jaxrs/jackson-jaxrs-json-provider/2.13.4/jackson-jaxrs-json-provider-2.13.4.jar:/home/runner/.m2/repository/com/fasterxml/jackson/jaxrs/jackson-jaxrs-base/2.13.4/jackson-jaxrs-base-2.13.4.jar:/home/runner/.m2/repository/org/apache/hadoop/hadoop-yarn-client/3.3.5/hadoop-yarn-client-3.3.5.jar:/home/runner/.m2/repository/org/eclipse/jetty/websocket/websocket-client/9.4.48.v20220622/websocket-client-9.4.48.v20220622.jar:/home/runner/.m2/repository/org/eclipse/jetty/websocket/websocket-common/9.4.48.v20220622/websocket-common-9.4.48.v20220622.jar:/home/runner/.m2/repository/org/eclipse/jetty/websocket/websocket-api/9.4.48.v20220622/websocket-api-9.4.48.v20220622.jar:/home/runner/.m2/repository/org/jline/jline/3.9.0/jline-3.9.0.jar:/home/runner/.m2/repository/org/apache/hadoop/hadoop-mapreduce-client-core/3.3.5/hadoop-mapreduce-client-core-3.3.5.jar:/home/runner/.m2/repository/org/apache/avro/avro/1.7.7/avro-1.7.7.jar:/home/runner/.m2/repository/com/thoughtworks/paranamer/paranamer/2.3/paranamer-2.3.jar:/home/runner/.m2/repository/org/apache/hadoop/hadoop-annotations/3.3.5/hadoop-annotations-3.3.5.jar:/usr/lib/jvm/temurin-8-jdk-amd64/jre/../lib/tools.jar:/home/runner/.m2/repository/io/netty/netty/3.10.6.Final/netty-3.10.6.Final.jar:/home/runner/.m2/repository/org/apache/hadoop/hadoop-distcp/3.3.5/hadoop-distcp-3.3.5-tests.jar:/home/runner/.m2/repository/org/slf4j/jul-to-slf4j/1.7.36/jul-to-slf4j-1.7.36.jar:"/>
    <property name="sun.cpu.endian" value="little"/>
    <property name="user.home" value="/home/runner"/>
    <property name="user.language" value="en"/>
    <property name="java.specification.vendor" value="Oracle Corporation"/>
    <property name="java.home" value="/usr/lib/jvm/temurin-8-jdk-amd64/jre"/>
    <property name="java.security.krb5.conf" value="/home/runner/work/ozone/ozone/hadoop-ozone/integration-test/target/test-classes/krb5.conf"/>
    <property name="basedir" value="/home/runner/work/ozone/ozone/hadoop-ozone/integration-test"/>
    <property name="file.separator" value="/"/>
    <property name="line.separator" value="&#10;"/>
    <property name="java.vm.specification.vendor" value="Oracle Corporation"/>
    <property name="java.specification.name" value="Java Platform API Specification"/>
    <property name="java.awt.graphicsenv" value="sun.awt.X11GraphicsEnvironment"/>
    <property name="skip.installnpx" value="true"/>
    <property name="surefire.real.class.path" value="/home/runner/work/ozone/ozone/hadoop-ozone/integration-test/target/surefire/surefirebooter5142057103097389297.jar:/home/runner/.m2/repository/org/jacoco/org.jacoco.agent/0.8.5/org.jacoco.agent-0.8.5-runtime.jar"/>
    <property name="hadoop.log.dir" value="/home/runner/work/ozone/ozone/hadoop-ozone/integration-test/target/log"/>
    <property name="sun.boot.class.path" value="/usr/lib/jvm/temurin-8-jdk-amd64/jre/lib/resources.jar:/usr/lib/jvm/temurin-8-jdk-amd64/jre/lib/rt.jar:/usr/lib/jvm/temurin-8-jdk-amd64/jre/lib/sunrsasign.jar:/usr/lib/jvm/temurin-8-jdk-amd64/jre/lib/jsse.jar:/usr/lib/jvm/temurin-8-jdk-amd64/jre/lib/jce.jar:/usr/lib/jvm/temurin-8-jdk-amd64/jre/lib/charsets.jar:/usr/lib/jvm/temurin-8-jdk-amd64/jre/lib/jfr.jar:/usr/lib/jvm/temurin-8-jdk-amd64/jre/classes"/>
    <property name="sun.management.compiler" value="HotSpot 64-Bit Tiered Compilers"/>
    <property name="skip.npx" value="true"/>
    <property name="java.runtime.version" value="1.8.0_372-b07"/>
    <property name="java.net.preferIPv4Stack" value="true"/>
    <property name="user.name" value="runner"/>
    <property name="path.separator" value=":"/>
    <property name="java.security.egd" value="file:///dev/urandom"/>
    <property name="os.version" value="5.15.0-1039-azure"/>
    <property name="java.endorsed.dirs" value="/usr/lib/jvm/temurin-8-jdk-amd64/jre/lib/endorsed"/>
    <property name="java.runtime.name" value="OpenJDK Runtime Environment"/>
    <property name="file.encoding" value="UTF-8"/>
    <property name="java.vm.name" value="OpenJDK 64-Bit Server VM"/>
    <property name="test.build.webapps" value=""/>
    <property name="localRepository" value="/home/runner/.m2/repository"/>
    <property name="jetty.git.hash" value="b45c405e4544384de066f814ed42ae3dceacdd49"/>
    <property name="java.vendor.url.bug" value="https://github.com/adoptium/adoptium-support/issues"/>
    <property name="java.io.tmpdir" value="/tmp"/>
    <property name="require.test.libhadoop" value=""/>
    <property name="java.version" value="1.8.0_372"/>
    <property name="user.dir" value="/home/runner/work/ozone/ozone/hadoop-ozone/integration-test"/>
    <property name="os.arch" value="amd64"/>
    <property name="java.vm.specification.name" value="Java Virtual Machine Specification"/>
    <property name="test.build.classes" value="/home/runner/work/ozone/ozone/hadoop-ozone/integration-test/target/test-classes"/>
    <property name="java.awt.printerjob" value="sun.print.PSPrinterJob"/>
    <property name="sun.os.patch.level" value="unknown"/>
    <property name="org.apache.ratis.thirdparty.io.netty.allocator.useCacheForAllThreads" value="false"/>
    <property name="hadoop.tmp.dir" value="/home/runner/work/ozone/ozone/hadoop-ozone/integration-test/target/tmp"/>
    <property name="java.library.path" value="/usr/java/packages/lib/amd64:/usr/lib64:/lib64:/lib:/usr/lib"/>
    <property name="java.vm.info" value="mixed mode"/>
    <property name="java.vendor" value="Temurin"/>
    <property name="java.vm.version" value="25.372-b07"/>
    <property name="java.specification.maintenance.version" value="4"/>
    <property name="java.ext.dirs" value="/usr/lib/jvm/temurin-8-jdk-amd64/jre/lib/ext:/usr/java/packages/lib/ext"/>
    <property name="sun.io.unicode.encoding" value="UnicodeLittle"/>
    <property name="java.class.version" value="52.0"/>
  </properties>
  <testcase name="testSnapshotWithFSO" classname="org.apache.hadoop.fs.ozone.TestSnapshotDeletingService" time="188.443">
    <error type="java.util.concurrent.TimeoutException"><![CDATA[java.util.concurrent.TimeoutException: 
Timed out waiting for condition. Thread diagnostics:
Timestamp: 2023-06-17 02:27:30,721

"EventQueue-OpenPipelineForHealthyPipelineSafeModeRule" daemon prio=5 tid=332 in Object.wait()
java.lang.Thread.State: WAITING (on object monitor)
        at sun.misc.Unsafe.park(Native Method)
        at java.util.concurrent.locks.LockSupport.park(LockSupport.java:175)
        at java.util.concurrent.locks.AbstractQueuedSynchronizer$ConditionObject.await(AbstractQueuedSynchronizer.java:2039)
        at java.util.concurrent.LinkedBlockingQueue.take(LinkedBlockingQueue.java:442)
        at java.util.concurrent.ThreadPoolExecutor.getTask(ThreadPoolExecutor.java:1074)
        at java.util.concurrent.ThreadPoolExecutor.runWorker(ThreadPoolExecutor.java:1134)
        at java.util.concurrent.ThreadPoolExecutor$Worker.run(ThreadPoolExecutor.java:624)
        at java.lang.Thread.run(Thread.java:750)
"IPC Server handler 13 on default port 15000" daemon prio=5 tid=62 timed_waiting
java.lang.Thread.State: TIMED_WAITING
        at sun.misc.Unsafe.park(Native Method)
        at java.util.concurrent.locks.LockSupport.parkNanos(LockSupport.java:215)
        at java.util.concurrent.locks.AbstractQueuedSynchronizer$ConditionObject.awaitNanos(AbstractQueuedSynchronizer.java:2078)
        at java.util.concurrent.LinkedBlockingQueue.poll(LinkedBlockingQueue.java:467)
        at org.apache.hadoop.ipc.CallQueueManager.take(CallQueueManager.java:317)
        at org.apache.hadoop.ipc.Server$Handler.run(Server.java:2992)
"PartialTableCache Cleanup Thread - 0" daemon prio=5 tid=760 in Object.wait()
java.lang.Thread.State: WAITING (on object monitor)
        at sun.misc.Unsafe.park(Native Method)
        at java.util.concurrent.locks.LockSupport.park(LockSupport.java:175)
        at java.util.concurrent.locks.AbstractQueuedSynchronizer$ConditionObject.await(AbstractQueuedSynchronizer.java:2039)
        at java.util.concurrent.LinkedBlockingQueue.take(LinkedBlockingQueue.java:442)
        at java.util.concurrent.ThreadPoolExecutor.getTask(ThreadPoolExecutor.java:1074)
        at java.util.concurrent.ThreadPoolExecutor.runWorker(ThreadPoolExecutor.java:1134)
        at java.util.concurrent.ThreadPoolExecutor$Worker.run(ThreadPoolExecutor.java:624)
        at java.lang.Thread.run(Thread.java:750)
"9b904d97-ba57-4d1c-b750-04e93ad7e320@group-CA04535E9BA0-StateMachineUpdater" daemon prio=5 tid=331 timed_waiting
java.lang.Thread.State: TIMED_WAITING
        at sun.misc.Unsafe.park(Native Method)
        at java.util.concurrent.locks.LockSupport.parkNanos(LockSupport.java:215)
        at java.util.concurrent.locks.AbstractQueuedSynchronizer$ConditionObject.await(AbstractQueuedSynchronizer.java:2163)
        at org.apache.ratis.util.AwaitForSignal.await(AwaitForSignal.java:62)
        at org.apache.ratis.server.impl.StateMachineUpdater.waitForCommit(StateMachineUpdater.java:209)
        at org.apache.ratis.server.impl.StateMachineUpdater.run(StateMachineUpdater.java:178)
        at java.lang.Thread.run(Thread.java:750)
"IPC Server idle connection scanner for port 15000" daemon prio=5 tid=35 timed_waiting
java.lang.Thread.State: TIMED_WAITING
        at java.lang.Object.wait(Native Method)
        at java.util.TimerThread.mainLoop(Timer.java:552)
        at java.util.TimerThread.run(Timer.java:505)
"qtp392959448-263" daemon prio=5 tid=263 timed_waiting
java.lang.Thread.State: TIMED_WAITING
        at sun.misc.Unsafe.park(Native Method)
        at java.util.concurrent.locks.LockSupport.parkNanos(LockSupport.java:215)
        at java.util.concurrent.locks.AbstractQueuedSynchronizer$ConditionObject.awaitNanos(AbstractQueuedSynchronizer.java:2078)
        at org.eclipse.jetty.util.BlockingArrayQueue.poll(BlockingArrayQueue.java:382)
        at org.eclipse.jetty.util.thread.QueuedThreadPool$Runner.idleJobPoll(QueuedThreadPool.java:974)
        at org.eclipse.jetty.util.thread.QueuedThreadPool$Runner.run(QueuedThreadPool.java:1018)
        at java.lang.Thread.run(Thread.java:750)
"ContainerOp-8722a696-13c5-4ce8-9392-7aa2029a76d4-6"  prio=5 tid=544 in Object.wait()
java.lang.Thread.State: WAITING (on object monitor)
        at sun.misc.Unsafe.park(Native Method)
        at java.util.concurrent.locks.LockSupport.park(LockSupport.java:175)
        at java.util.concurrent.locks.AbstractQueuedSynchronizer$ConditionObject.await(AbstractQueuedSynchronizer.java:2039)
        at java.util.concurrent.LinkedBlockingQueue.take(LinkedBlockingQueue.java:442)
        at java.util.concurrent.ThreadPoolExecutor.getTask(ThreadPoolExecutor.java:1074)
        at java.util.concurrent.ThreadPoolExecutor.runWorker(ThreadPoolExecutor.java:1134)
        at java.util.concurrent.ThreadPoolExecutor$Worker.run(ThreadPoolExecutor.java:624)
        at java.lang.Thread.run(Thread.java:750)
"StaleRecoveringContainerScrubbingService#3" daemon prio=5 tid=1006 in Object.wait()
java.lang.Thread.State: WAITING (on object monitor)
        at sun.misc.Unsafe.park(Native Method)
        at java.util.concurrent.locks.LockSupport.park(LockSupport.java:175)
        at java.util.concurrent.locks.AbstractQueuedSynchronizer$ConditionObject.await(AbstractQueuedSynchronizer.java:2039)
        at java.util.concurrent.ScheduledThreadPoolExecutor$DelayedWorkQueue.take(ScheduledThreadPoolExecutor.java:1088)
        at java.util.concurrent.ScheduledThreadPoolExecutor$DelayedWorkQueue.take(ScheduledThreadPoolExecutor.java:809)
        at java.util.concurrent.ThreadPoolExecutor.getTask(ThreadPoolExecutor.java:1074)
        at java.util.concurrent.ThreadPoolExecutor.runWorker(ThreadPoolExecutor.java:1134)
        at java.util.concurrent.ThreadPoolExecutor$Worker.run(ThreadPoolExecutor.java:624)
        at java.lang.Thread.run(Thread.java:750)
"ContainerOp-069d6f8c-1a4c-4c87-8230-4103141b7879-0"  prio=5 tid=482 in Object.wait()
java.lang.Thread.State: WAITING (on object monitor)
        at sun.misc.Unsafe.park(Native Method)
        at java.util.concurrent.locks.LockSupport.park(LockSupport.java:175)
        at java.util.concurrent.locks.AbstractQueuedSynchronizer$ConditionObject.await(AbstractQueuedSynchronizer.java:2039)
        at java.util.concurrent.LinkedBlockingQueue.take(LinkedBlockingQueue.java:442)
        at java.util.concurrent.ThreadPoolExecutor.getTask(ThreadPoolExecutor.java:1074)
        at java.util.concurrent.ThreadPoolExecutor.runWorker(ThreadPoolExecutor.java:1134)
        at java.util.concurrent.ThreadPoolExecutor$Worker.run(ThreadPoolExecutor.java:624)
        at java.lang.Thread.run(Thread.java:750)
"50e7a123-fb10-4f6b-bd10-2c6e895f4416@group-4103141B7879-FollowerState" daemon prio=5 tid=422 timed_waiting
java.lang.Thread.State: TIMED_WAITING
        at java.lang.Thread.sleep(Native Method)
        at java.lang.Thread.sleep(Thread.java:342)
        at java.util.concurrent.TimeUnit.sleep(TimeUnit.java:386)
        at org.apache.ratis.util.TimeDuration.sleep(TimeDuration.java:325)
        at org.apache.ratis.util.TimeDuration.sleep(TimeDuration.java:310)
        at org.apache.ratis.server.impl.FollowerState.run(FollowerState.java:128)
"FixedThreadPoolWithAffinityExecutor-8-0" daemon prio=5 tid=46 timed_waiting
java.lang.Thread.State: TIMED_WAITING
        at sun.misc.Unsafe.park(Native Method)
        at java.util.concurrent.locks.LockSupport.parkNanos(LockSupport.java:215)
        at java.util.concurrent.locks.AbstractQueuedSynchronizer$ConditionObject.awaitNanos(AbstractQueuedSynchronizer.java:2078)
        at java.util.concurrent.LinkedBlockingQueue.poll(LinkedBlockingQueue.java:467)
        at org.apache.hadoop.hdds.scm.server.ContainerReportQueue.poll(ContainerReportQueue.java:266)
        at org.apache.hadoop.hdds.scm.server.ContainerReportQueue.poll(ContainerReportQueue.java:42)
        at org.apache.hadoop.hdds.server.events.FixedThreadPoolWithAffinityExecutor$ContainerReportProcessTask.run(FixedThreadPoolWithAffinityExecutor.java:247)
        at java.util.concurrent.Executors$RunnableAdapter.call(Executors.java:511)
        at java.util.concurrent.FutureTask.run(FutureTask.java:266)
        at java.util.concurrent.ThreadPoolExecutor.runWorker(ThreadPoolExecutor.java:1149)
        at java.util.concurrent.ThreadPoolExecutor$Worker.run(ThreadPoolExecutor.java:624)
        at java.lang.Thread.run(Thread.java:750)
"IPC Server handler 4 on default port 15001" daemon prio=5 tid=73 timed_waiting
java.lang.Thread.State: TIMED_WAITING
        at sun.misc.Unsafe.park(Native Method)
        at java.util.concurrent.locks.LockSupport.parkNanos(LockSupport.java:215)
        at java.util.concurrent.locks.AbstractQueuedSynchronizer$ConditionObject.awaitNanos(AbstractQueuedSynchronizer.java:2078)
        at java.util.concurrent.LinkedBlockingQueue.poll(LinkedBlockingQueue.java:467)
        at org.apache.hadoop.ipc.CallQueueManager.take(CallQueueManager.java:317)
        at org.apache.hadoop.ipc.Server$Handler.run(Server.java:2992)
"9b904d97-ba57-4d1c-b750-04e93ad7e320-server-thread6" daemon prio=5 tid=534 timed_waiting
java.lang.Thread.State: TIMED_WAITING
        at sun.misc.Unsafe.park(Native Method)
        at java.util.concurrent.locks.LockSupport.parkNanos(LockSupport.java:215)
        at java.util.concurrent.SynchronousQueue$TransferStack.awaitFulfill(SynchronousQueue.java:460)
        at java.util.concurrent.SynchronousQueue$TransferStack.transfer(SynchronousQueue.java:362)
        at java.util.concurrent.SynchronousQueue.poll(SynchronousQueue.java:941)
        at java.util.concurrent.ThreadPoolExecutor.getTask(ThreadPoolExecutor.java:1073)
        at java.util.concurrent.ThreadPoolExecutor.runWorker(ThreadPoolExecutor.java:1134)
        at java.util.concurrent.ThreadPoolExecutor$Worker.run(ThreadPoolExecutor.java:624)
        at java.lang.Thread.run(Thread.java:750)
"Datanode State Machine Task Thread - 1"  prio=5 tid=307 in Object.wait()
java.lang.Thread.State: WAITING (on object monitor)
        at sun.misc.Unsafe.park(Native Method)
        at java.util.concurrent.locks.LockSupport.park(LockSupport.java:175)
        at java.util.concurrent.locks.AbstractQueuedSynchronizer$ConditionObject.await(AbstractQueuedSynchronizer.java:2039)
        at java.util.concurrent.LinkedBlockingQueue.take(LinkedBlockingQueue.java:442)
        at java.util.concurrent.ThreadPoolExecutor.getTask(ThreadPoolExecutor.java:1074)
        at java.util.concurrent.ThreadPoolExecutor.runWorker(ThreadPoolExecutor.java:1134)
        at java.util.concurrent.ThreadPoolExecutor$Worker.run(ThreadPoolExecutor.java:624)
        at java.lang.Thread.run(Thread.java:750)
"JvmPauseMonitor2" daemon prio=5 tid=289 timed_waiting
java.lang.Thread.State: TIMED_WAITING
        at java.lang.Thread.sleep(Native Method)
        at java.lang.Thread.sleep(Thread.java:342)
        at java.util.concurrent.TimeUnit.sleep(TimeUnit.java:386)
        at org.apache.ratis.util.TimeDuration.sleep(TimeDuration.java:325)
        at org.apache.ratis.util.TimeDuration.sleep(TimeDuration.java:310)
        at org.apache.ratis.util.JvmPauseMonitor.detectPause(JvmPauseMonitor.java:117)
        at org.apache.ratis.util.JvmPauseMonitor.run(JvmPauseMonitor.java:106)
        at org.apache.ratis.util.JvmPauseMonitor$$Lambda$485/1387446869.run(Unknown Source)
        at java.lang.Thread.run(Thread.java:750)
"IPC Server listener on 15019" daemon prio=5 tid=235 runnable
java.lang.Thread.State: RUNNABLE
        at sun.nio.ch.EPollArrayWrapper.epollWait(Native Method)
        at sun.nio.ch.EPollArrayWrapper.poll(EPollArrayWrapper.java:269)
        at sun.nio.ch.EPollSelectorImpl.doSelect(EPollSelectorImpl.java:93)
        at sun.nio.ch.SelectorImpl.lockAndDoSelect(SelectorImpl.java:86)
        at sun.nio.ch.SelectorImpl.select(SelectorImpl.java:97)
        at sun.nio.ch.SelectorImpl.select(SelectorImpl.java:101)
        at org.apache.hadoop.ipc.Server$Listener.run(Server.java:1404)
"qtp371820985-226" daemon prio=5 tid=226 runnable
java.lang.Thread.State: RUNNABLE
        at sun.nio.ch.EPollArrayWrapper.epollWait(Native Method)
        at sun.nio.ch.EPollArrayWrapper.poll(EPollArrayWrapper.java:269)
        at sun.nio.ch.EPollSelectorImpl.doSelect(EPollSelectorImpl.java:93)
        at sun.nio.ch.SelectorImpl.lockAndDoSelect(SelectorImpl.java:86)
        at sun.nio.ch.SelectorImpl.select(SelectorImpl.java:97)
        at sun.nio.ch.SelectorImpl.select(SelectorImpl.java:101)
        at org.eclipse.jetty.io.ManagedSelector.nioSelect(ManagedSelector.java:183)
        at org.eclipse.jetty.io.ManagedSelector.select(ManagedSelector.java:190)
        at org.eclipse.jetty.io.ManagedSelector$SelectorProducer.select(ManagedSelector.java:606)
        at org.eclipse.jetty.io.ManagedSelector$SelectorProducer.produce(ManagedSelector.java:543)
        at org.eclipse.jetty.util.thread.strategy.EatWhatYouKill.produceTask(EatWhatYouKill.java:362)
        at org.eclipse.jetty.util.thread.strategy.EatWhatYouKill.doProduce(EatWhatYouKill.java:186)
        at org.eclipse.jetty.util.thread.strategy.EatWhatYouKill.tryProduce(EatWhatYouKill.java:173)
        at org.eclipse.jetty.util.thread.strategy.EatWhatYouKill.produce(EatWhatYouKill.java:137)
        at org.eclipse.jetty.io.ManagedSelector$$Lambda$519/1710789435.run(Unknown Source)
        at org.eclipse.jetty.util.thread.QueuedThreadPool.runJob(QueuedThreadPool.java:883)
        at org.eclipse.jetty.util.thread.QueuedThreadPool$Runner.run(QueuedThreadPool.java:1034)
        at java.lang.Thread.run(Thread.java:750)
"BlockDeletingService#2" daemon prio=5 tid=1004 in Object.wait()
java.lang.Thread.State: WAITING (on object monitor)
        at sun.misc.Unsafe.park(Native Method)
        at java.util.concurrent.locks.LockSupport.park(LockSupport.java:175)
        at java.util.concurrent.locks.AbstractQueuedSynchronizer$ConditionObject.await(AbstractQueuedSynchronizer.java:2039)
        at java.util.concurrent.ScheduledThreadPoolExecutor$DelayedWorkQueue.take(ScheduledThreadPoolExecutor.java:1088)
        at java.util.concurrent.ScheduledThreadPoolExecutor$DelayedWorkQueue.take(ScheduledThreadPoolExecutor.java:809)
        at java.util.concurrent.ThreadPoolExecutor.getTask(ThreadPoolExecutor.java:1074)
        at java.util.concurrent.ThreadPoolExecutor.runWorker(ThreadPoolExecutor.java:1134)
        at java.util.concurrent.ThreadPoolExecutor$Worker.run(ThreadPoolExecutor.java:624)
        at java.lang.Thread.run(Thread.java:750)
"BlockDeletingService#1" daemon prio=5 tid=294 in Object.wait()
java.lang.Thread.State: WAITING (on object monitor)
        at sun.misc.Unsafe.park(Native Method)
        at java.util.concurrent.locks.LockSupport.park(LockSupport.java:175)
        at java.util.concurrent.locks.AbstractQueuedSynchronizer$ConditionObject.await(AbstractQueuedSynchronizer.java:2039)
        at java.util.concurrent.ScheduledThreadPoolExecutor$DelayedWorkQueue.take(ScheduledThreadPoolExecutor.java:1088)
        at java.util.concurrent.ScheduledThreadPoolExecutor$DelayedWorkQueue.take(ScheduledThreadPoolExecutor.java:809)
        at java.util.concurrent.ThreadPoolExecutor.getTask(ThreadPoolExecutor.java:1074)
        at java.util.concurrent.ThreadPoolExecutor.runWorker(ThreadPoolExecutor.java:1134)
        at java.util.concurrent.ThreadPoolExecutor$Worker.run(ThreadPoolExecutor.java:624)
        at java.lang.Thread.run(Thread.java:750)
"EventQueue-NodeRegistrationContainerReportForDataNodeSafeModeRule" daemon prio=5 tid=321 in Object.wait()
java.lang.Thread.State: WAITING (on object monitor)
        at sun.misc.Unsafe.park(Native Method)
        at java.util.concurrent.locks.LockSupport.park(LockSupport.java:175)
        at java.util.concurrent.locks.AbstractQueuedSynchronizer$ConditionObject.await(AbstractQueuedSynchronizer.java:2039)
        at java.util.concurrent.LinkedBlockingQueue.take(LinkedBlockingQueue.java:442)
        at java.util.concurrent.ThreadPoolExecutor.getTask(ThreadPoolExecutor.java:1074)
        at java.util.concurrent.ThreadPoolExecutor.runWorker(ThreadPoolExecutor.java:1134)
        at java.util.concurrent.ThreadPoolExecutor$Worker.run(ThreadPoolExecutor.java:624)
        at java.lang.Thread.run(Thread.java:750)
"8624e205-2d39-4523-82ac-4c9e49e08d77@group-4103141B7879-SegmentedRaftLogWorker"  prio=5 tid=344 timed_waiting
java.lang.Thread.State: TIMED_WAITING
        at sun.misc.Unsafe.park(Native Method)
        at java.util.concurrent.locks.LockSupport.parkNanos(LockSupport.java:215)
        at java.util.concurrent.locks.AbstractQueuedSynchronizer$ConditionObject.awaitNanos(AbstractQueuedSynchronizer.java:2078)
        at org.apache.ratis.util.DataBlockingQueue.poll(DataBlockingQueue.java:148)
        at org.apache.ratis.server.raftlog.segmented.SegmentedRaftLogWorker.run(SegmentedRaftLogWorker.java:307)
        at org.apache.ratis.server.raftlog.segmented.SegmentedRaftLogWorker$$Lambda$810/1436683595.run(Unknown Source)
        at java.util.concurrent.Executors$RunnableAdapter.call(Executors.java:511)
        at java.util.concurrent.FutureTask.run(FutureTask.java:266)
        at java.util.concurrent.ThreadPoolExecutor.runWorker(ThreadPoolExecutor.java:1149)
        at java.util.concurrent.ThreadPoolExecutor$Worker.run(ThreadPoolExecutor.java:624)
        at java.lang.Thread.run(Thread.java:750)
"ChunkReader-ELG-0" daemon prio=5 tid=290 runnable
java.lang.Thread.State: RUNNABLE
        at org.apache.ratis.thirdparty.io.netty.channel.epoll.Native.epollWait(Native Method)
        at org.apache.ratis.thirdparty.io.netty.channel.epoll.Native.epollWait(Native.java:209)
        at org.apache.ratis.thirdparty.io.netty.channel.epoll.Native.epollWait(Native.java:202)
        at org.apache.ratis.thirdparty.io.netty.channel.epoll.EpollEventLoop.epollWaitNoTimerChange(EpollEventLoop.java:306)
        at org.apache.ratis.thirdparty.io.netty.channel.epoll.EpollEventLoop.run(EpollEventLoop.java:363)
        at org.apache.ratis.thirdparty.io.netty.util.concurrent.SingleThreadEventExecutor$4.run(SingleThreadEventExecutor.java:997)
        at org.apache.ratis.thirdparty.io.netty.util.internal.ThreadExecutorMap$2.run(ThreadExecutorMap.java:74)
        at java.lang.Thread.run(Thread.java:750)
"timer4" daemon prio=5 tid=431 timed_waiting
java.lang.Thread.State: TIMED_WAITING
        at java.lang.Object.wait(Native Method)
        at java.util.TimerThread.mainLoop(Timer.java:552)
        at java.util.TimerThread.run(Timer.java:505)
"Signal Dispatcher" daemon prio=9 tid=4 runnable
java.lang.Thread.State: RUNNABLE
"IPC Server handler 6 on default port 15004" daemon prio=5 tid=168 timed_waiting
java.lang.Thread.State: TIMED_WAITING
        at sun.misc.Unsafe.park(Native Method)
        at java.util.concurrent.locks.LockSupport.parkNanos(LockSupport.java:215)
        at java.util.concurrent.locks.AbstractQueuedSynchronizer$ConditionObject.awaitNanos(AbstractQueuedSynchronizer.java:2078)
        at java.util.concurrent.LinkedBlockingQueue.poll(LinkedBlockingQueue.java:467)
        at org.apache.hadoop.ipc.CallQueueManager.take(CallQueueManager.java:317)
        at org.apache.hadoop.ipc.Server$Handler.run(Server.java:2992)
"ContainerOp-069d6f8c-1a4c-4c87-8230-4103141b7879-7"  prio=5 tid=504 in Object.wait()
java.lang.Thread.State: WAITING (on object monitor)
        at sun.misc.Unsafe.park(Native Method)
        at java.util.concurrent.locks.LockSupport.park(LockSupport.java:175)
        at java.util.concurrent.locks.AbstractQueuedSynchronizer$ConditionObject.await(AbstractQueuedSynchronizer.java:2039)
        at java.util.concurrent.LinkedBlockingQueue.take(LinkedBlockingQueue.java:442)
        at java.util.concurrent.ThreadPoolExecutor.getTask(ThreadPoolExecutor.java:1074)
        at java.util.concurrent.ThreadPoolExecutor.runWorker(ThreadPoolExecutor.java:1134)
        at java.util.concurrent.ThreadPoolExecutor$Worker.run(ThreadPoolExecutor.java:624)
        at java.lang.Thread.run(Thread.java:750)
"50e7a123-fb10-4f6b-bd10-2c6e895f4416@group-F1BA168EBC4E-SegmentedRaftLogWorker"  prio=5 tid=358 timed_waiting
java.lang.Thread.State: TIMED_WAITING
        at sun.misc.Unsafe.park(Native Method)
        at java.util.concurrent.locks.LockSupport.parkNanos(LockSupport.java:215)
        at java.util.concurrent.locks.AbstractQueuedSynchronizer$ConditionObject.awaitNanos(AbstractQueuedSynchronizer.java:2078)
        at org.apache.ratis.util.DataBlockingQueue.poll(DataBlockingQueue.java:148)
        at org.apache.ratis.server.raftlog.segmented.SegmentedRaftLogWorker.run(SegmentedRaftLogWorker.java:307)
        at org.apache.ratis.server.raftlog.segmented.SegmentedRaftLogWorker$$Lambda$810/1436683595.run(Unknown Source)
        at java.util.concurrent.Executors$RunnableAdapter.call(Executors.java:511)
        at java.util.concurrent.FutureTask.run(FutureTask.java:266)
        at java.util.concurrent.ThreadPoolExecutor.runWorker(ThreadPoolExecutor.java:1149)
        at java.util.concurrent.ThreadPoolExecutor$Worker.run(ThreadPoolExecutor.java:624)
        at java.lang.Thread.run(Thread.java:750)
"StaleRecoveringContainerScrubbingService#0" daemon prio=5 tid=292 timed_waiting
java.lang.Thread.State: TIMED_WAITING
        at sun.misc.Unsafe.park(Native Method)
        at java.util.concurrent.locks.LockSupport.parkNanos(LockSupport.java:215)
        at java.util.concurrent.locks.AbstractQueuedSynchronizer$ConditionObject.awaitNanos(AbstractQueuedSynchronizer.java:2078)
        at java.util.concurrent.ScheduledThreadPoolExecutor$DelayedWorkQueue.take(ScheduledThreadPoolExecutor.java:1093)
        at java.util.concurrent.ScheduledThreadPoolExecutor$DelayedWorkQueue.take(ScheduledThreadPoolExecutor.java:809)
        at java.util.concurrent.ThreadPoolExecutor.getTask(ThreadPoolExecutor.java:1074)
        at java.util.concurrent.ThreadPoolExecutor.runWorker(ThreadPoolExecutor.java:1134)
        at java.util.concurrent.ThreadPoolExecutor$Worker.run(ThreadPoolExecutor.java:624)
        at java.lang.Thread.run(Thread.java:750)
"OMDoubleBufferFlushThread" daemon prio=5 tid=130 timed_waiting
java.lang.Thread.State: TIMED_WAITING
        at java.lang.Object.wait(Native Method)
        at org.apache.hadoop.ozone.om.ratis.OzoneManagerDoubleBuffer.canFlush(OzoneManagerDoubleBuffer.java:627)
        at org.apache.hadoop.ozone.om.ratis.OzoneManagerDoubleBuffer.flushTransactions(OzoneManagerDoubleBuffer.java:278)
        at org.apache.hadoop.ozone.om.ratis.OzoneManagerDoubleBuffer$$Lambda$623/419309885.run(Unknown Source)
        at java.lang.Thread.run(Thread.java:750)
"9b904d97-ba57-4d1c-b750-04e93ad7e320@group-7AA2029A76D4-StateMachineUpdater" daemon prio=5 tid=379 timed_waiting
java.lang.Thread.State: TIMED_WAITING
        at sun.misc.Unsafe.park(Native Method)
        at java.util.concurrent.locks.LockSupport.parkNanos(LockSupport.java:215)
        at java.util.concurrent.locks.AbstractQueuedSynchronizer$ConditionObject.await(AbstractQueuedSynchronizer.java:2163)
        at org.apache.ratis.util.AwaitForSignal.await(AwaitForSignal.java:62)
        at org.apache.ratis.server.impl.StateMachineUpdater.waitForCommit(StateMachineUpdater.java:209)
        at org.apache.ratis.server.impl.StateMachineUpdater.run(StateMachineUpdater.java:178)
        at java.lang.Thread.run(Thread.java:750)
"Datanode ReportManager Thread - 3" daemon prio=5 tid=212 in Object.wait()
java.lang.Thread.State: WAITING (on object monitor)
        at sun.misc.Unsafe.park(Native Method)
        at java.util.concurrent.locks.LockSupport.park(LockSupport.java:175)
        at java.util.concurrent.locks.AbstractQueuedSynchronizer$ConditionObject.await(AbstractQueuedSynchronizer.java:2039)
        at java.util.concurrent.ScheduledThreadPoolExecutor$DelayedWorkQueue.take(ScheduledThreadPoolExecutor.java:1088)
        at java.util.concurrent.ScheduledThreadPoolExecutor$DelayedWorkQueue.take(ScheduledThreadPoolExecutor.java:809)
        at java.util.concurrent.ThreadPoolExecutor.getTask(ThreadPoolExecutor.java:1074)
        at java.util.concurrent.ThreadPoolExecutor.runWorker(ThreadPoolExecutor.java:1134)
        at java.util.concurrent.ThreadPoolExecutor$Worker.run(ThreadPoolExecutor.java:624)
        at java.lang.Thread.run(Thread.java:750)
"qtp1709501349-115" daemon prio=5 tid=115 timed_waiting
java.lang.Thread.State: TIMED_WAITING
        at sun.misc.Unsafe.park(Native Method)
        at java.util.concurrent.locks.LockSupport.parkNanos(LockSupport.java:215)
        at java.util.concurrent.locks.AbstractQueuedSynchronizer$ConditionObject.awaitNanos(AbstractQueuedSynchronizer.java:2078)
        at org.eclipse.jetty.util.BlockingArrayQueue.poll(BlockingArrayQueue.java:382)
        at org.eclipse.jetty.util.thread.QueuedThreadPool$Runner.idleJobPoll(QueuedThreadPool.java:974)
        at org.eclipse.jetty.util.thread.QueuedThreadPool$Runner.run(QueuedThreadPool.java:1018)
        at java.lang.Thread.run(Thread.java:750)
"IPC Server handler 15 on default port 15002" daemon prio=5 tid=104 timed_waiting
java.lang.Thread.State: TIMED_WAITING
        at sun.misc.Unsafe.park(Native Method)
        at java.util.concurrent.locks.LockSupport.parkNanos(LockSupport.java:215)
        at java.util.concurrent.locks.AbstractQueuedSynchronizer$ConditionObject.awaitNanos(AbstractQueuedSynchronizer.java:2078)
        at java.util.concurrent.LinkedBlockingQueue.poll(LinkedBlockingQueue.java:467)
        at org.apache.hadoop.ipc.CallQueueManager.take(CallQueueManager.java:317)
        at org.apache.hadoop.ipc.Server$Handler.run(Server.java:2992)
"ContainerOp-069d6f8c-1a4c-4c87-8230-4103141b7879-2"  prio=5 tid=492 in Object.wait()
java.lang.Thread.State: WAITING (on object monitor)
        at sun.misc.Unsafe.park(Native Method)
        at java.util.concurrent.locks.LockSupport.park(LockSupport.java:175)
        at java.util.concurrent.locks.AbstractQueuedSynchronizer$ConditionObject.await(AbstractQueuedSynchronizer.java:2039)
        at java.util.concurrent.LinkedBlockingQueue.take(LinkedBlockingQueue.java:442)
        at java.util.concurrent.ThreadPoolExecutor.getTask(ThreadPoolExecutor.java:1074)
        at java.util.concurrent.ThreadPoolExecutor.runWorker(ThreadPoolExecutor.java:1134)
        at java.util.concurrent.ThreadPoolExecutor$Worker.run(ThreadPoolExecutor.java:624)
        at java.lang.Thread.run(Thread.java:750)
"IPC Server listener on 15028" daemon prio=5 tid=267 runnable
java.lang.Thread.State: RUNNABLE
        at sun.nio.ch.EPollArrayWrapper.epollWait(Native Method)
        at sun.nio.ch.EPollArrayWrapper.poll(EPollArrayWrapper.java:269)
        at sun.nio.ch.EPollSelectorImpl.doSelect(EPollSelectorImpl.java:93)
        at sun.nio.ch.SelectorImpl.lockAndDoSelect(SelectorImpl.java:86)
        at sun.nio.ch.SelectorImpl.select(SelectorImpl.java:97)
        at sun.nio.ch.SelectorImpl.select(SelectorImpl.java:101)
        at org.apache.hadoop.ipc.Server$Listener.run(Server.java:1404)
"qtp1609724165-199" daemon prio=5 tid=199 timed_waiting
java.lang.Thread.State: TIMED_WAITING
        at sun.misc.Unsafe.park(Native Method)
        at java.util.concurrent.locks.LockSupport.parkNanos(LockSupport.java:215)
        at java.util.concurrent.locks.AbstractQueuedSynchronizer$ConditionObject.awaitNanos(AbstractQueuedSynchronizer.java:2078)
        at org.eclipse.jetty.util.BlockingArrayQueue.poll(BlockingArrayQueue.java:382)
        at org.eclipse.jetty.util.thread.QueuedThreadPool$Runner.idleJobPoll(QueuedThreadPool.java:974)
        at org.eclipse.jetty.util.thread.QueuedThreadPool$Runner.run(QueuedThreadPool.java:1018)
        at java.lang.Thread.run(Thread.java:750)
"grpc-default-executor-3" daemon prio=5 tid=426 timed_waiting
java.lang.Thread.State: TIMED_WAITING
        at sun.misc.Unsafe.park(Native Method)
        at java.util.concurrent.locks.LockSupport.parkNanos(LockSupport.java:215)
        at java.util.concurrent.SynchronousQueue$TransferStack.awaitFulfill(SynchronousQueue.java:460)
        at java.util.concurrent.SynchronousQueue$TransferStack.transfer(SynchronousQueue.java:362)
        at java.util.concurrent.SynchronousQueue.poll(SynchronousQueue.java:941)
        at java.util.concurrent.ThreadPoolExecutor.getTask(ThreadPoolExecutor.java:1073)
        at java.util.concurrent.ThreadPoolExecutor.runWorker(ThreadPoolExecutor.java:1134)
        at java.util.concurrent.ThreadPoolExecutor$Worker.run(ThreadPoolExecutor.java:624)
        at java.lang.Thread.run(Thread.java:750)
"ContainerOp-069d6f8c-1a4c-4c87-8230-4103141b7879-4"  prio=5 tid=494 in Object.wait()
java.lang.Thread.State: WAITING (on object monitor)
        at sun.misc.Unsafe.park(Native Method)
        at java.util.concurrent.locks.LockSupport.park(LockSupport.java:175)
        at java.util.concurrent.locks.AbstractQueuedSynchronizer$ConditionObject.await(AbstractQueuedSynchronizer.java:2039)
        at java.util.concurrent.LinkedBlockingQueue.take(LinkedBlockingQueue.java:442)
        at java.util.concurrent.ThreadPoolExecutor.getTask(ThreadPoolExecutor.java:1074)
        at java.util.concurrent.ThreadPoolExecutor.runWorker(ThreadPoolExecutor.java:1134)
        at java.util.concurrent.ThreadPoolExecutor$Worker.run(ThreadPoolExecutor.java:624)
        at java.lang.Thread.run(Thread.java:750)
"Command processor thread" daemon prio=5 tid=247 timed_waiting
java.lang.Thread.State: TIMED_WAITING
        at java.lang.Thread.sleep(Native Method)
        at org.apache.hadoop.ozone.container.common.statemachine.DatanodeStateMachine.lambda$initCommandHandlerThread$3(DatanodeStateMachine.java:659)
        at org.apache.hadoop.ozone.container.common.statemachine.DatanodeStateMachine$$Lambda$913/1783417805.run(Unknown Source)
        at java.lang.Thread.run(Thread.java:750)
"qtp1609724165-198" daemon prio=5 tid=198 timed_waiting
java.lang.Thread.State: TIMED_WAITING
        at sun.misc.Unsafe.park(Native Method)
        at java.util.concurrent.locks.LockSupport.parkNanos(LockSupport.java:215)
        at java.util.concurrent.locks.AbstractQueuedSynchronizer$ConditionObject.awaitNanos(AbstractQueuedSynchronizer.java:2078)
        at org.eclipse.jetty.util.BlockingArrayQueue.poll(BlockingArrayQueue.java:382)
        at org.eclipse.jetty.util.thread.QueuedThreadPool$Runner.idleJobPoll(QueuedThreadPool.java:974)
        at org.eclipse.jetty.util.thread.QueuedThreadPool$Runner.run(QueuedThreadPool.java:1018)
        at java.lang.Thread.run(Thread.java:750)
"9b904d97-ba57-4d1c-b750-04e93ad7e320@group-4103141B7879-LeaderStateImpl" daemon prio=5 tid=421 timed_waiting
java.lang.Thread.State: TIMED_WAITING
        at sun.misc.Unsafe.park(Native Method)
        at java.util.concurrent.locks.LockSupport.parkNanos(LockSupport.java:215)
        at java.util.concurrent.locks.AbstractQueuedSynchronizer$ConditionObject.awaitNanos(AbstractQueuedSynchronizer.java:2078)
        at java.util.concurrent.ArrayBlockingQueue.poll(ArrayBlockingQueue.java:418)
        at org.apache.ratis.server.impl.LeaderStateImpl$EventQueue.poll(LeaderStateImpl.java:164)
        at org.apache.ratis.server.impl.LeaderStateImpl$EventProcessor.run(LeaderStateImpl.java:702)
"IPC Server handler 6 on default port 15002" daemon prio=5 tid=95 timed_waiting
java.lang.Thread.State: TIMED_WAITING
        at sun.misc.Unsafe.park(Native Method)
        at java.util.concurrent.locks.LockSupport.parkNanos(LockSupport.java:215)
        at java.util.concurrent.locks.AbstractQueuedSynchronizer$ConditionObject.awaitNanos(AbstractQueuedSynchronizer.java:2078)
        at java.util.concurrent.LinkedBlockingQueue.poll(LinkedBlockingQueue.java:467)
        at org.apache.hadoop.ipc.CallQueueManager.take(CallQueueManager.java:317)
        at org.apache.hadoop.ipc.Server$Handler.run(Server.java:2992)
"BlockDeletingService#2" daemon prio=5 tid=1001 in Object.wait()
java.lang.Thread.State: WAITING (on object monitor)
        at sun.misc.Unsafe.park(Native Method)
        at java.util.concurrent.locks.LockSupport.park(LockSupport.java:175)
        at java.util.concurrent.locks.AbstractQueuedSynchronizer$ConditionObject.await(AbstractQueuedSynchronizer.java:2039)
        at java.util.concurrent.ScheduledThreadPoolExecutor$DelayedWorkQueue.take(ScheduledThreadPoolExecutor.java:1088)
        at java.util.concurrent.ScheduledThreadPoolExecutor$DelayedWorkQueue.take(ScheduledThreadPoolExecutor.java:809)
        at java.util.concurrent.ThreadPoolExecutor.getTask(ThreadPoolExecutor.java:1074)
        at java.util.concurrent.ThreadPoolExecutor.runWorker(ThreadPoolExecutor.java:1134)
        at java.util.concurrent.ThreadPoolExecutor$Worker.run(ThreadPoolExecutor.java:624)
        at java.lang.Thread.run(Thread.java:750)
"StaleRecoveringContainerScrubbingService#0" daemon prio=5 tid=316 timed_waiting
java.lang.Thread.State: TIMED_WAITING
        at sun.misc.Unsafe.park(Native Method)
        at java.util.concurrent.locks.LockSupport.parkNanos(LockSupport.java:215)
        at java.util.concurrent.locks.AbstractQueuedSynchronizer$ConditionObject.awaitNanos(AbstractQueuedSynchronizer.java:2078)
        at java.util.concurrent.ScheduledThreadPoolExecutor$DelayedWorkQueue.take(ScheduledThreadPoolExecutor.java:1093)
        at java.util.concurrent.ScheduledThreadPoolExecutor$DelayedWorkQueue.take(ScheduledThreadPoolExecutor.java:809)
        at java.util.concurrent.ThreadPoolExecutor.getTask(ThreadPoolExecutor.java:1074)
        at java.util.concurrent.ThreadPoolExecutor.runWorker(ThreadPoolExecutor.java:1134)
        at java.util.concurrent.ThreadPoolExecutor$Worker.run(ThreadPoolExecutor.java:624)
        at java.lang.Thread.run(Thread.java:750)
"IPC Server handler 1 on default port 15004" daemon prio=5 tid=163 timed_waiting
java.lang.Thread.State: TIMED_WAITING
        at sun.misc.Unsafe.park(Native Method)
        at java.util.concurrent.locks.LockSupport.parkNanos(LockSupport.java:215)
        at java.util.concurrent.locks.AbstractQueuedSynchronizer$ConditionObject.awaitNanos(AbstractQueuedSynchronizer.java:2078)
        at java.util.concurrent.LinkedBlockingQueue.poll(LinkedBlockingQueue.java:467)
        at org.apache.hadoop.ipc.CallQueueManager.take(CallQueueManager.java:317)
        at org.apache.hadoop.ipc.Server$Handler.run(Server.java:2992)
"IPC Server handler 3 on default port 15004" daemon prio=5 tid=165 timed_waiting
java.lang.Thread.State: TIMED_WAITING
        at sun.misc.Unsafe.park(Native Method)
        at java.util.concurrent.locks.LockSupport.parkNanos(LockSupport.java:215)
        at java.util.concurrent.locks.AbstractQueuedSynchronizer$ConditionObject.awaitNanos(AbstractQueuedSynchronizer.java:2078)
        at java.util.concurrent.LinkedBlockingQueue.poll(LinkedBlockingQueue.java:467)
        at org.apache.hadoop.ipc.CallQueueManager.take(CallQueueManager.java:317)
        at org.apache.hadoop.ipc.Server$Handler.run(Server.java:2992)
"ContainerOp-069d6f8c-1a4c-4c87-8230-4103141b7879-7"  prio=5 tid=508 in Object.wait()
java.lang.Thread.State: WAITING (on object monitor)
        at sun.misc.Unsafe.park(Native Method)
        at java.util.concurrent.locks.LockSupport.park(LockSupport.java:175)
        at java.util.concurrent.locks.AbstractQueuedSynchronizer$ConditionObject.await(AbstractQueuedSynchronizer.java:2039)
        at java.util.concurrent.LinkedBlockingQueue.take(LinkedBlockingQueue.java:442)
        at java.util.concurrent.ThreadPoolExecutor.getTask(ThreadPoolExecutor.java:1074)
        at java.util.concurrent.ThreadPoolExecutor.runWorker(ThreadPoolExecutor.java:1134)
        at java.util.concurrent.ThreadPoolExecutor$Worker.run(ThreadPoolExecutor.java:624)
        at java.lang.Thread.run(Thread.java:750)
"FixedThreadPoolWithAffinityExecutor-2-0" daemon prio=5 tid=40 timed_waiting
java.lang.Thread.State: TIMED_WAITING
        at sun.misc.Unsafe.park(Native Method)
        at java.util.concurrent.locks.LockSupport.parkNanos(LockSupport.java:215)
        at java.util.concurrent.locks.AbstractQueuedSynchronizer$ConditionObject.awaitNanos(AbstractQueuedSynchronizer.java:2078)
        at java.util.concurrent.LinkedBlockingQueue.poll(LinkedBlockingQueue.java:467)
        at org.apache.hadoop.hdds.scm.server.ContainerReportQueue.poll(ContainerReportQueue.java:266)
        at org.apache.hadoop.hdds.scm.server.ContainerReportQueue.poll(ContainerReportQueue.java:42)
        at org.apache.hadoop.hdds.server.events.FixedThreadPoolWithAffinityExecutor$ContainerReportProcessTask.run(FixedThreadPoolWithAffinityExecutor.java:247)
        at java.util.concurrent.Executors$RunnableAdapter.call(Executors.java:511)
        at java.util.concurrent.FutureTask.run(FutureTask.java:266)
        at java.util.concurrent.ThreadPoolExecutor.runWorker(ThreadPoolExecutor.java:1149)
        at java.util.concurrent.ThreadPoolExecutor$Worker.run(ThreadPoolExecutor.java:624)
        at java.lang.Thread.run(Thread.java:750)
"Datanode ReportManager Thread - 3" daemon prio=5 tid=277 in Object.wait()
java.lang.Thread.State: WAITING (on object monitor)
        at sun.misc.Unsafe.park(Native Method)
        at java.util.concurrent.locks.LockSupport.park(LockSupport.java:175)
        at java.util.concurrent.locks.AbstractQueuedSynchronizer$ConditionObject.await(AbstractQueuedSynchronizer.java:2039)
        at java.util.concurrent.ScheduledThreadPoolExecutor$DelayedWorkQueue.take(ScheduledThreadPoolExecutor.java:1088)
        at java.util.concurrent.ScheduledThreadPoolExecutor$DelayedWorkQueue.take(ScheduledThreadPoolExecutor.java:809)
        at java.util.concurrent.ThreadPoolExecutor.getTask(ThreadPoolExecutor.java:1074)
        at java.util.concurrent.ThreadPoolExecutor.runWorker(ThreadPoolExecutor.java:1134)
        at java.util.concurrent.ThreadPoolExecutor$Worker.run(ThreadPoolExecutor.java:624)
        at java.lang.Thread.run(Thread.java:750)
"IPC Server handler 13 on default port 15002" daemon prio=5 tid=102 timed_waiting
java.lang.Thread.State: TIMED_WAITING
        at sun.misc.Unsafe.park(Native Method)
        at java.util.concurrent.locks.LockSupport.parkNanos(LockSupport.java:215)
        at java.util.concurrent.locks.AbstractQueuedSynchronizer$ConditionObject.awaitNanos(AbstractQueuedSynchronizer.java:2078)
        at java.util.concurrent.LinkedBlockingQueue.poll(LinkedBlockingQueue.java:467)
        at org.apache.hadoop.ipc.CallQueueManager.take(CallQueueManager.java:317)
        at org.apache.hadoop.ipc.Server$Handler.run(Server.java:2992)
"Datanode ReportManager Thread - 1" daemon prio=5 tid=275 in Object.wait()
java.lang.Thread.State: WAITING (on object monitor)
        at sun.misc.Unsafe.park(Native Method)
        at java.util.concurrent.locks.LockSupport.park(LockSupport.java:175)
        at java.util.concurrent.locks.AbstractQueuedSynchronizer$ConditionObject.await(AbstractQueuedSynchronizer.java:2039)
        at java.util.concurrent.ScheduledThreadPoolExecutor$DelayedWorkQueue.take(ScheduledThreadPoolExecutor.java:1088)
        at java.util.concurrent.ScheduledThreadPoolExecutor$DelayedWorkQueue.take(ScheduledThreadPoolExecutor.java:809)
        at java.util.concurrent.ThreadPoolExecutor.getTask(ThreadPoolExecutor.java:1074)
        at java.util.concurrent.ThreadPoolExecutor.runWorker(ThreadPoolExecutor.java:1134)
        at java.util.concurrent.ThreadPoolExecutor$Worker.run(ThreadPoolExecutor.java:624)
        at java.lang.Thread.run(Thread.java:750)
"9b904d97-ba57-4d1c-b750-04e93ad7e320-groupManagement"  prio=5 tid=328 in Object.wait()
java.lang.Thread.State: WAITING (on object monitor)
        at sun.misc.Unsafe.park(Native Method)
        at java.util.concurrent.locks.LockSupport.park(LockSupport.java:175)
        at java.util.concurrent.locks.AbstractQueuedSynchronizer$ConditionObject.await(AbstractQueuedSynchronizer.java:2039)
        at java.util.concurrent.LinkedBlockingQueue.take(LinkedBlockingQueue.java:442)
        at java.util.concurrent.ThreadPoolExecutor.getTask(ThreadPoolExecutor.java:1074)
        at java.util.concurrent.ThreadPoolExecutor.runWorker(ThreadPoolExecutor.java:1134)
        at java.util.concurrent.ThreadPoolExecutor$Worker.run(ThreadPoolExecutor.java:624)
        at java.lang.Thread.run(Thread.java:750)
"50e7a123-fb10-4f6b-bd10-2c6e895f4416-server-thread1" daemon prio=5 tid=434 timed_waiting
java.lang.Thread.State: TIMED_WAITING
        at sun.misc.Unsafe.park(Native Method)
        at java.util.concurrent.locks.LockSupport.parkNanos(LockSupport.java:215)
        at java.util.concurrent.SynchronousQueue$TransferStack.awaitFulfill(SynchronousQueue.java:460)
        at java.util.concurrent.SynchronousQueue$TransferStack.transfer(SynchronousQueue.java:362)
        at java.util.concurrent.SynchronousQueue.poll(SynchronousQueue.java:941)
        at java.util.concurrent.ThreadPoolExecutor.getTask(ThreadPoolExecutor.java:1073)
        at java.util.concurrent.ThreadPoolExecutor.runWorker(ThreadPoolExecutor.java:1134)
        at java.util.concurrent.ThreadPoolExecutor$Worker.run(ThreadPoolExecutor.java:624)
        at java.lang.Thread.run(Thread.java:750)
"timer1" daemon prio=5 tid=427 timed_waiting
java.lang.Thread.State: TIMED_WAITING
        at java.lang.Object.wait(Native Method)
        at java.util.TimerThread.mainLoop(Timer.java:552)
        at java.util.TimerThread.run(Timer.java:505)
"FixedThreadPoolWithAffinityExecutor-7-0" daemon prio=5 tid=45 timed_waiting
java.lang.Thread.State: TIMED_WAITING
        at sun.misc.Unsafe.park(Native Method)
        at java.util.concurrent.locks.LockSupport.parkNanos(LockSupport.java:215)
        at java.util.concurrent.locks.AbstractQueuedSynchronizer$ConditionObject.awaitNanos(AbstractQueuedSynchronizer.java:2078)
        at java.util.concurrent.LinkedBlockingQueue.poll(LinkedBlockingQueue.java:467)
        at org.apache.hadoop.hdds.scm.server.ContainerReportQueue.poll(ContainerReportQueue.java:266)
        at org.apache.hadoop.hdds.scm.server.ContainerReportQueue.poll(ContainerReportQueue.java:42)
        at org.apache.hadoop.hdds.server.events.FixedThreadPoolWithAffinityExecutor$ContainerReportProcessTask.run(FixedThreadPoolWithAffinityExecutor.java:247)
        at java.util.concurrent.Executors$RunnableAdapter.call(Executors.java:511)
        at java.util.concurrent.FutureTask.run(FutureTask.java:266)
        at java.util.concurrent.ThreadPoolExecutor.runWorker(ThreadPoolExecutor.java:1149)
        at java.util.concurrent.ThreadPoolExecutor$Worker.run(ThreadPoolExecutor.java:624)
        at java.lang.Thread.run(Thread.java:750)
"ContainerOp-069d6f8c-1a4c-4c87-8230-4103141b7879-1"  prio=5 tid=486 in Object.wait()
java.lang.Thread.State: WAITING (on object monitor)
        at sun.misc.Unsafe.park(Native Method)
        at java.util.concurrent.locks.LockSupport.park(LockSupport.java:175)
        at java.util.concurrent.locks.AbstractQueuedSynchronizer$ConditionObject.await(AbstractQueuedSynchronizer.java:2039)
        at java.util.concurrent.LinkedBlockingQueue.take(LinkedBlockingQueue.java:442)
        at java.util.concurrent.ThreadPoolExecutor.getTask(ThreadPoolExecutor.java:1074)
        at java.util.concurrent.ThreadPoolExecutor.runWorker(ThreadPoolExecutor.java:1134)
        at java.util.concurrent.ThreadPoolExecutor$Worker.run(ThreadPoolExecutor.java:624)
        at java.lang.Thread.run(Thread.java:750)
"Hadoop-Metrics-Updater-0" daemon prio=5 tid=239 timed_waiting
java.lang.Thread.State: TIMED_WAITING
        at sun.misc.Unsafe.park(Native Method)
        at java.util.concurrent.locks.LockSupport.parkNanos(LockSupport.java:215)
        at java.util.concurrent.locks.AbstractQueuedSynchronizer$ConditionObject.awaitNanos(AbstractQueuedSynchronizer.java:2078)
        at java.util.concurrent.ScheduledThreadPoolExecutor$DelayedWorkQueue.take(ScheduledThreadPoolExecutor.java:1093)
        at java.util.concurrent.ScheduledThreadPoolExecutor$DelayedWorkQueue.take(ScheduledThreadPoolExecutor.java:809)
        at java.util.concurrent.ThreadPoolExecutor.getTask(ThreadPoolExecutor.java:1074)
        at java.util.concurrent.ThreadPoolExecutor.runWorker(ThreadPoolExecutor.java:1134)
        at java.util.concurrent.ThreadPoolExecutor$Worker.run(ThreadPoolExecutor.java:624)
        at java.lang.Thread.run(Thread.java:750)
"om1@group-C5BA1605619E-SegmentedRaftLogWorker"  prio=5 tid=141 timed_waiting
java.lang.Thread.State: TIMED_WAITING
        at sun.misc.Unsafe.park(Native Method)
        at java.util.concurrent.locks.LockSupport.parkNanos(LockSupport.java:215)
        at java.util.concurrent.locks.AbstractQueuedSynchronizer$ConditionObject.awaitNanos(AbstractQueuedSynchronizer.java:2078)
        at org.apache.ratis.util.DataBlockingQueue.poll(DataBlockingQueue.java:148)
        at org.apache.ratis.server.raftlog.segmented.SegmentedRaftLogWorker.run(SegmentedRaftLogWorker.java:307)
        at org.apache.ratis.server.raftlog.segmented.SegmentedRaftLogWorker$$Lambda$810/1436683595.run(Unknown Source)
        at java.util.concurrent.Executors$RunnableAdapter.call(Executors.java:511)
        at java.util.concurrent.FutureTask.run(FutureTask.java:266)
        at java.util.concurrent.ThreadPoolExecutor.runWorker(ThreadPoolExecutor.java:1149)
        at java.util.concurrent.ThreadPoolExecutor$Worker.run(ThreadPoolExecutor.java:624)
        at java.lang.Thread.run(Thread.java:750)
"ContainerOp-069d6f8c-1a4c-4c87-8230-4103141b7879-3"  prio=5 tid=493 in Object.wait()
java.lang.Thread.State: WAITING (on object monitor)
        at sun.misc.Unsafe.park(Native Method)
        at java.util.concurrent.locks.LockSupport.park(LockSupport.java:175)
        at java.util.concurrent.locks.AbstractQueuedSynchronizer$ConditionObject.await(AbstractQueuedSynchronizer.java:2039)
        at java.util.concurrent.LinkedBlockingQueue.take(LinkedBlockingQueue.java:442)
        at java.util.concurrent.ThreadPoolExecutor.getTask(ThreadPoolExecutor.java:1074)
        at java.util.concurrent.ThreadPoolExecutor.runWorker(ThreadPoolExecutor.java:1134)
        at java.util.concurrent.ThreadPoolExecutor$Worker.run(ThreadPoolExecutor.java:624)
        at java.lang.Thread.run(Thread.java:750)
"Socket Reader #1 for port 15002"  prio=5 tid=24 runnable
java.lang.Thread.State: RUNNABLE
        at sun.nio.ch.EPollArrayWrapper.epollWait(Native Method)
        at sun.nio.ch.EPollArrayWrapper.poll(EPollArrayWrapper.java:269)
        at sun.nio.ch.EPollSelectorImpl.doSelect(EPollSelectorImpl.java:93)
        at sun.nio.ch.SelectorImpl.lockAndDoSelect(SelectorImpl.java:86)
        at sun.nio.ch.SelectorImpl.select(SelectorImpl.java:97)
        at sun.nio.ch.SelectorImpl.select(SelectorImpl.java:101)
        at org.apache.hadoop.ipc.Server$Listener$Reader.doRunLoop(Server.java:1342)
        at org.apache.hadoop.ipc.Server$Listener$Reader.run(Server.java:1321)
"IPC Server handler 5 on default port 15001" daemon prio=5 tid=74 timed_waiting
java.lang.Thread.State: TIMED_WAITING
        at sun.misc.Unsafe.park(Native Method)
        at java.util.concurrent.locks.LockSupport.parkNanos(LockSupport.java:215)
        at java.util.concurrent.locks.AbstractQueuedSynchronizer$ConditionObject.awaitNanos(AbstractQueuedSynchronizer.java:2078)
        at java.util.concurrent.LinkedBlockingQueue.poll(LinkedBlockingQueue.java:467)
        at org.apache.hadoop.ipc.CallQueueManager.take(CallQueueManager.java:317)
        at org.apache.hadoop.ipc.Server$Handler.run(Server.java:2992)
"9b904d97-ba57-4d1c-b750-04e93ad7e320@group-CA04535E9BA0-SegmentedRaftLogWorker"  prio=5 tid=329 timed_waiting
java.lang.Thread.State: TIMED_WAITING
        at sun.misc.Unsafe.park(Native Method)
        at java.util.concurrent.locks.LockSupport.parkNanos(LockSupport.java:215)
        at java.util.concurrent.locks.AbstractQueuedSynchronizer$ConditionObject.awaitNanos(AbstractQueuedSynchronizer.java:2078)
        at org.apache.ratis.util.DataBlockingQueue.poll(DataBlockingQueue.java:148)
        at org.apache.ratis.server.raftlog.segmented.SegmentedRaftLogWorker.run(SegmentedRaftLogWorker.java:307)
        at org.apache.ratis.server.raftlog.segmented.SegmentedRaftLogWorker$$Lambda$810/1436683595.run(Unknown Source)
        at java.util.concurrent.Executors$RunnableAdapter.call(Executors.java:511)
        at java.util.concurrent.FutureTask.run(FutureTask.java:266)
        at java.util.concurrent.ThreadPoolExecutor.runWorker(ThreadPoolExecutor.java:1149)
        at java.util.concurrent.ThreadPoolExecutor$Worker.run(ThreadPoolExecutor.java:624)
        at java.lang.Thread.run(Thread.java:750)
"ChunkWriter-1-0" daemon prio=5 tid=298 in Object.wait()
java.lang.Thread.State: WAITING (on object monitor)
        at sun.misc.Unsafe.park(Native Method)
        at java.util.concurrent.locks.LockSupport.park(LockSupport.java:175)
        at java.util.concurrent.locks.AbstractQueuedSynchronizer$ConditionObject.await(AbstractQueuedSynchronizer.java:2039)
        at java.util.concurrent.LinkedBlockingDeque.takeFirst(LinkedBlockingDeque.java:492)
        at java.util.concurrent.LinkedBlockingDeque.take(LinkedBlockingDeque.java:680)
        at java.util.concurrent.ThreadPoolExecutor.getTask(ThreadPoolExecutor.java:1074)
        at java.util.concurrent.ThreadPoolExecutor.runWorker(ThreadPoolExecutor.java:1134)
        at java.util.concurrent.ThreadPoolExecutor$Worker.run(ThreadPoolExecutor.java:624)
        at java.lang.Thread.run(Thread.java:750)
"Socket Reader #1 for port 15000"  prio=5 tid=34 runnable
java.lang.Thread.State: RUNNABLE
        at sun.nio.ch.EPollArrayWrapper.epollWait(Native Method)
        at sun.nio.ch.EPollArrayWrapper.poll(EPollArrayWrapper.java:269)
        at sun.nio.ch.EPollSelectorImpl.doSelect(EPollSelectorImpl.java:93)
        at sun.nio.ch.SelectorImpl.lockAndDoSelect(SelectorImpl.java:86)
        at sun.nio.ch.SelectorImpl.select(SelectorImpl.java:97)
        at sun.nio.ch.SelectorImpl.select(SelectorImpl.java:101)
        at org.apache.hadoop.ipc.Server$Listener$Reader.doRunLoop(Server.java:1342)
        at org.apache.hadoop.ipc.Server$Listener$Reader.run(Server.java:1321)
"IPC Server handler 1 on default port 15001" daemon prio=5 tid=70 timed_waiting
java.lang.Thread.State: TIMED_WAITING
        at sun.misc.Unsafe.park(Native Method)
        at java.util.concurrent.locks.LockSupport.parkNanos(LockSupport.java:215)
        at java.util.concurrent.locks.AbstractQueuedSynchronizer$ConditionObject.awaitNanos(AbstractQueuedSynchronizer.java:2078)
        at java.util.concurrent.LinkedBlockingQueue.poll(LinkedBlockingQueue.java:467)
        at org.apache.hadoop.ipc.CallQueueManager.take(CallQueueManager.java:317)
        at org.apache.hadoop.ipc.Server$Handler.run(Server.java:2992)
"ContainerOp-8722a696-13c5-4ce8-9392-7aa2029a76d4-4"  prio=5 tid=542 in Object.wait()
java.lang.Thread.State: WAITING (on object monitor)
        at sun.misc.Unsafe.park(Native Method)
        at java.util.concurrent.locks.LockSupport.park(LockSupport.java:175)
        at java.util.concurrent.locks.AbstractQueuedSynchronizer$ConditionObject.await(AbstractQueuedSynchronizer.java:2039)
        at java.util.concurrent.LinkedBlockingQueue.take(LinkedBlockingQueue.java:442)
        at java.util.concurrent.ThreadPoolExecutor.getTask(ThreadPoolExecutor.java:1074)
        at java.util.concurrent.ThreadPoolExecutor.runWorker(ThreadPoolExecutor.java:1134)
        at java.util.concurrent.ThreadPoolExecutor$Worker.run(ThreadPoolExecutor.java:624)
        at java.lang.Thread.run(Thread.java:750)
"Command processor thread" daemon prio=5 tid=214 timed_waiting
java.lang.Thread.State: TIMED_WAITING
        at java.lang.Thread.sleep(Native Method)
        at org.apache.hadoop.ozone.container.common.statemachine.DatanodeStateMachine.lambda$initCommandHandlerThread$3(DatanodeStateMachine.java:659)
        at org.apache.hadoop.ozone.container.common.statemachine.DatanodeStateMachine$$Lambda$913/1783417805.run(Unknown Source)
        at java.lang.Thread.run(Thread.java:750)
"ContainerOp-069d6f8c-1a4c-4c87-8230-4103141b7879-0"  prio=5 tid=483 in Object.wait()
java.lang.Thread.State: WAITING (on object monitor)
        at sun.misc.Unsafe.park(Native Method)
        at java.util.concurrent.locks.LockSupport.park(LockSupport.java:175)
        at java.util.concurrent.locks.AbstractQueuedSynchronizer$ConditionObject.await(AbstractQueuedSynchronizer.java:2039)
        at java.util.concurrent.LinkedBlockingQueue.take(LinkedBlockingQueue.java:442)
        at java.util.concurrent.ThreadPoolExecutor.getTask(ThreadPoolExecutor.java:1074)
        at java.util.concurrent.ThreadPoolExecutor.runWorker(ThreadPoolExecutor.java:1134)
        at java.util.concurrent.ThreadPoolExecutor$Worker.run(ThreadPoolExecutor.java:624)
        at java.lang.Thread.run(Thread.java:750)
"IPC Server handler 17 on default port 15000" daemon prio=5 tid=66 timed_waiting
java.lang.Thread.State: TIMED_WAITING
        at sun.misc.Unsafe.park(Native Method)
        at java.util.concurrent.locks.LockSupport.parkNanos(LockSupport.java:215)
        at java.util.concurrent.locks.AbstractQueuedSynchronizer$ConditionObject.awaitNanos(AbstractQueuedSynchronizer.java:2078)
        at java.util.concurrent.LinkedBlockingQueue.poll(LinkedBlockingQueue.java:467)
        at org.apache.hadoop.ipc.CallQueueManager.take(CallQueueManager.java:317)
        at org.apache.hadoop.ipc.Server$Handler.run(Server.java:2992)
"ContainerOp-8722a696-13c5-4ce8-9392-7aa2029a76d4-4"  prio=5 tid=546 in Object.wait()
java.lang.Thread.State: WAITING (on object monitor)
        at sun.misc.Unsafe.park(Native Method)
        at java.util.concurrent.locks.LockSupport.park(LockSupport.java:175)
        at java.util.concurrent.locks.AbstractQueuedSynchronizer$ConditionObject.await(AbstractQueuedSynchronizer.java:2039)
        at java.util.concurrent.LinkedBlockingQueue.take(LinkedBlockingQueue.java:442)
        at java.util.concurrent.ThreadPoolExecutor.getTask(ThreadPoolExecutor.java:1074)
        at java.util.concurrent.ThreadPoolExecutor.runWorker(ThreadPoolExecutor.java:1134)
        at java.util.concurrent.ThreadPoolExecutor$Worker.run(ThreadPoolExecutor.java:624)
        at java.lang.Thread.run(Thread.java:750)
"IPC Server idle connection scanner for port 15028" daemon prio=5 tid=269 timed_waiting
java.lang.Thread.State: TIMED_WAITING
        at java.lang.Object.wait(Native Method)
        at java.util.TimerThread.mainLoop(Timer.java:552)
        at java.util.TimerThread.run(Timer.java:505)
"IPC Server handler 13 on default port 15001" daemon prio=5 tid=82 timed_waiting
java.lang.Thread.State: TIMED_WAITING
        at sun.misc.Unsafe.park(Native Method)
        at java.util.concurrent.locks.LockSupport.parkNanos(LockSupport.java:215)
        at java.util.concurrent.locks.AbstractQueuedSynchronizer$ConditionObject.awaitNanos(AbstractQueuedSynchronizer.java:2078)
        at java.util.concurrent.LinkedBlockingQueue.poll(LinkedBlockingQueue.java:467)
        at org.apache.hadoop.ipc.CallQueueManager.take(CallQueueManager.java:317)
        at org.apache.hadoop.ipc.Server$Handler.run(Server.java:2992)
"EventQueue-DatanodeCommandForSCMNodeManager"  prio=5 tid=324 in Object.wait()
java.lang.Thread.State: WAITING (on object monitor)
        at sun.misc.Unsafe.park(Native Method)
        at java.util.concurrent.locks.LockSupport.park(LockSupport.java:175)
        at java.util.concurrent.locks.AbstractQueuedSynchronizer$ConditionObject.await(AbstractQueuedSynchronizer.java:2039)
        at java.util.concurrent.LinkedBlockingQueue.take(LinkedBlockingQueue.java:442)
        at java.util.concurrent.ThreadPoolExecutor.getTask(ThreadPoolExecutor.java:1074)
        at java.util.concurrent.ThreadPoolExecutor.runWorker(ThreadPoolExecutor.java:1134)
        at java.util.concurrent.ThreadPoolExecutor$Worker.run(ThreadPoolExecutor.java:624)
        at java.lang.Thread.run(Thread.java:750)
"qtp1709501349-116" daemon prio=5 tid=116 timed_waiting
java.lang.Thread.State: TIMED_WAITING
        at sun.misc.Unsafe.park(Native Method)
        at java.util.concurrent.locks.LockSupport.parkNanos(LockSupport.java:215)
        at java.util.concurrent.locks.AbstractQueuedSynchronizer$ConditionObject.awaitNanos(AbstractQueuedSynchronizer.java:2078)
        at org.eclipse.jetty.util.BlockingArrayQueue.poll(BlockingArrayQueue.java:382)
        at org.eclipse.jetty.util.thread.QueuedThreadPool$Runner.idleJobPoll(QueuedThreadPool.java:974)
        at org.eclipse.jetty.util.thread.QueuedThreadPool$Runner.run(QueuedThreadPool.java:1018)
        at java.lang.Thread.run(Thread.java:750)
"EventQueue-NodeRegistrationContainerReportForContainerSafeModeRule" daemon prio=5 tid=320 in Object.wait()
java.lang.Thread.State: WAITING (on object monitor)
        at sun.misc.Unsafe.park(Native Method)
        at java.util.concurrent.locks.LockSupport.park(LockSupport.java:175)
        at java.util.concurrent.locks.AbstractQueuedSynchronizer$ConditionObject.await(AbstractQueuedSynchronizer.java:2039)
        at java.util.concurrent.LinkedBlockingQueue.take(LinkedBlockingQueue.java:442)
        at java.util.concurrent.ThreadPoolExecutor.getTask(ThreadPoolExecutor.java:1074)
        at java.util.concurrent.ThreadPoolExecutor.runWorker(ThreadPoolExecutor.java:1134)
        at java.util.concurrent.ThreadPoolExecutor$Worker.run(ThreadPoolExecutor.java:624)
        at java.lang.Thread.run(Thread.java:750)
"IPC Server Responder" daemon prio=5 tid=270 runnable
java.lang.Thread.State: RUNNABLE
        at sun.nio.ch.EPollArrayWrapper.epollWait(Native Method)
        at sun.nio.ch.EPollArrayWrapper.poll(EPollArrayWrapper.java:269)
        at sun.nio.ch.EPollSelectorImpl.doSelect(EPollSelectorImpl.java:93)
        at sun.nio.ch.SelectorImpl.lockAndDoSelect(SelectorImpl.java:86)
        at sun.nio.ch.SelectorImpl.select(SelectorImpl.java:97)
        at org.apache.hadoop.ipc.Server$Responder.doRunLoop(Server.java:1578)
        at org.apache.hadoop.ipc.Server$Responder.run(Server.java:1561)
"Reference Handler" daemon prio=10 tid=2 in Object.wait()
java.lang.Thread.State: WAITING (on object monitor)
        at java.lang.Object.wait(Native Method)
        at java.lang.Object.wait(Object.java:502)
        at java.lang.ref.Reference.tryHandlePending(Reference.java:191)
        at java.lang.ref.Reference$ReferenceHandler.run(Reference.java:153)
"ContainerOp-069d6f8c-1a4c-4c87-8230-4103141b7879-4"  prio=5 tid=500 in Object.wait()
java.lang.Thread.State: WAITING (on object monitor)
        at sun.misc.Unsafe.park(Native Method)
        at java.util.concurrent.locks.LockSupport.park(LockSupport.java:175)
        at java.util.concurrent.locks.AbstractQueuedSynchronizer$ConditionObject.await(AbstractQueuedSynchronizer.java:2039)
        at java.util.concurrent.LinkedBlockingQueue.take(LinkedBlockingQueue.java:442)
        at java.util.concurrent.ThreadPoolExecutor.getTask(ThreadPoolExecutor.java:1074)
        at java.util.concurrent.ThreadPoolExecutor.runWorker(ThreadPoolExecutor.java:1134)
        at java.util.concurrent.ThreadPoolExecutor$Worker.run(ThreadPoolExecutor.java:624)
        at java.lang.Thread.run(Thread.java:750)
"qtp1709501349-118" daemon prio=5 tid=118 timed_waiting
java.lang.Thread.State: TIMED_WAITING
        at sun.misc.Unsafe.park(Native Method)
        at java.util.concurrent.locks.LockSupport.parkNanos(LockSupport.java:215)
        at java.util.concurrent.locks.AbstractQueuedSynchronizer$ConditionObject.awaitNanos(AbstractQueuedSynchronizer.java:2078)
        at org.eclipse.jetty.util.BlockingArrayQueue.poll(BlockingArrayQueue.java:382)
        at org.eclipse.jetty.util.thread.QueuedThreadPool$Runner.idleJobPoll(QueuedThreadPool.java:974)
        at org.eclipse.jetty.util.thread.QueuedThreadPool$Runner.run(QueuedThreadPool.java:1018)
        at java.lang.Thread.run(Thread.java:750)
"Hadoop-Metrics-Updater-0" daemon prio=5 tid=205 timed_waiting
java.lang.Thread.State: TIMED_WAITING
        at sun.misc.Unsafe.park(Native Method)
        at java.util.concurrent.locks.LockSupport.parkNanos(LockSupport.java:215)
        at java.util.concurrent.locks.AbstractQueuedSynchronizer$ConditionObject.awaitNanos(AbstractQueuedSynchronizer.java:2078)
        at java.util.concurrent.ScheduledThreadPoolExecutor$DelayedWorkQueue.take(ScheduledThreadPoolExecutor.java:1093)
        at java.util.concurrent.ScheduledThreadPoolExecutor$DelayedWorkQueue.take(ScheduledThreadPoolExecutor.java:809)
        at java.util.concurrent.ThreadPoolExecutor.getTask(ThreadPoolExecutor.java:1074)
        at java.util.concurrent.ThreadPoolExecutor.runWorker(ThreadPoolExecutor.java:1134)
        at java.util.concurrent.ThreadPoolExecutor$Worker.run(ThreadPoolExecutor.java:624)
        at java.lang.Thread.run(Thread.java:750)
"main"  prio=5 tid=1 runnable
java.lang.Thread.State: RUNNABLE
        at java.lang.Thread.dumpThreads(Native Method)
        at java.lang.Thread.getAllStackTraces(Thread.java:1615)
        at org.apache.ozone.test.TimedOutTestsListener.buildThreadDump(TimedOutTestsListener.java:93)
        at org.apache.ozone.test.TimedOutTestsListener.buildThreadDiagnosticString(TimedOutTestsListener.java:79)
        at org.apache.ozone.test.GenericTestUtils.waitFor(GenericTestUtils.java:232)
        at org.apache.hadoop.fs.ozone.TestSnapshotDeletingService.assertTableRowCount(TestSnapshotDeletingService.java:548)
        at org.apache.hadoop.fs.ozone.TestSnapshotDeletingService.testSnapshotWithFSO(TestSnapshotDeletingService.java:422)
        at sun.reflect.NativeMethodAccessorImpl.invoke0(Native Method)
        at sun.reflect.NativeMethodAccessorImpl.invoke(NativeMethodAccessorImpl.java:62)
        at sun.reflect.DelegatingMethodAccessorImpl.invoke(DelegatingMethodAccessorImpl.java:43)
        at java.lang.reflect.Method.invoke(Method.java:498)
        at org.junit.platform.commons.util.ReflectionUtils.invokeMethod(ReflectionUtils.java:725)
        at org.junit.jupiter.engine.execution.MethodInvocation.proceed(MethodInvocation.java:60)
        at org.junit.jupiter.engine.execution.InvocationInterceptorChain$ValidatingInvocation.proceed(InvocationInterceptorChain.java:131)
        at org.junit.jupiter.engine.extension.TimeoutExtension.intercept(TimeoutExtension.java:149)
        at org.junit.jupiter.engine.extension.TimeoutExtension.interceptTestableMethod(TimeoutExtension.java:140)
        at org.junit.jupiter.engine.extension.TimeoutExtension.interceptTestMethod(TimeoutExtension.java:84)
        at org.junit.jupiter.engine.descriptor.TestMethodTestDescriptor$$Lambda$158/1894369629.apply(Unknown Source)
        at org.junit.jupiter.engine.execution.ExecutableInvoker$ReflectiveInterceptorCall.lambda$ofVoidMethod$0(ExecutableInvoker.java:115)
        at org.junit.jupiter.engine.execution.ExecutableInvoker$ReflectiveInterceptorCall$$Lambda$159/778731861.apply(Unknown Source)
        at org.junit.jupiter.engine.execution.ExecutableInvoker.lambda$invoke$0(ExecutableInvoker.java:105)
        at org.junit.jupiter.engine.execution.ExecutableInvoker$$Lambda$318/1871680329.apply(Unknown Source)
        at org.junit.jupiter.engine.execution.InvocationInterceptorChain$InterceptedInvocation.proceed(InvocationInterceptorChain.java:106)
        at org.junit.jupiter.engine.execution.InvocationInterceptorChain.proceed(InvocationInterceptorChain.java:64)
        at org.junit.jupiter.engine.execution.InvocationInterceptorChain.chainAndInvoke(InvocationInterceptorChain.java:45)
        at org.junit.jupiter.engine.execution.InvocationInterceptorChain.invoke(InvocationInterceptorChain.java:37)
        at org.junit.jupiter.engine.execution.ExecutableInvoker.invoke(ExecutableInvoker.java:104)
        at org.junit.jupiter.engine.execution.ExecutableInvoker.invoke(ExecutableInvoker.java:98)
        at org.junit.jupiter.engine.descriptor.TestMethodTestDescriptor.lambda$invokeTestMethod$7(TestMethodTestDescriptor.java:214)
        at org.junit.jupiter.engine.descriptor.TestMethodTestDescriptor$$Lambda$1334/555823292.execute(Unknown Source)
        at org.junit.platform.engine.support.hierarchical.ThrowableCollector.execute(ThrowableCollector.java:73)
        at org.junit.jupiter.engine.descriptor.TestMethodTestDescriptor.invokeTestMethod(TestMethodTestDescriptor.java:210)
        at org.junit.jupiter.engine.descriptor.TestMethodTestDescriptor.execute(TestMethodTestDescriptor.java:135)
        at org.junit.jupiter.engine.descriptor.TestMethodTestDescriptor.execute(TestMethodTestDescriptor.java:66)
        at org.junit.platform.engine.support.hierarchical.NodeTestTask.lambda$executeRecursively$6(NodeTestTask.java:151)
        at org.junit.platform.engine.support.hierarchical.NodeTestTask$$Lambda$258/1834361038.execute(Unknown Source)
        at org.junit.platform.engine.support.hierarchical.ThrowableCollector.execute(ThrowableCollector.java:73)
        at org.junit.platform.engine.support.hierarchical.NodeTestTask.lambda$executeRecursively$8(NodeTestTask.java:141)
        at org.junit.platform.engine.support.hierarchical.NodeTestTask$$Lambda$257/1096485705.invoke(Unknown Source)
        at org.junit.platform.engine.support.hierarchical.Node.around(Node.java:137)
        at org.junit.platform.engine.support.hierarchical.NodeTestTask.lambda$executeRecursively$9(NodeTestTask.java:139)
        at org.junit.platform.engine.support.hierarchical.NodeTestTask$$Lambda$256/795321555.execute(Unknown Source)
        at org.junit.platform.engine.support.hierarchical.ThrowableCollector.execute(ThrowableCollector.java:73)
        at org.junit.platform.engine.support.hierarchical.NodeTestTask.executeRecursively(NodeTestTask.java:138)
        at org.junit.platform.engine.support.hierarchical.NodeTestTask.execute(NodeTestTask.java:95)
        at org.junit.platform.engine.support.hierarchical.SameThreadHierarchicalTestExecutorService$$Lambda$262/343812839.accept(Unknown Source)
        at java.util.ArrayList.forEach(ArrayList.java:1259)
        at org.junit.platform.engine.support.hierarchical.SameThreadHierarchicalTestExecutorService.invokeAll(SameThreadHierarchicalTestExecutorService.java:41)
        at org.junit.platform.engine.support.hierarchical.NodeTestTask.lambda$executeRecursively$6(NodeTestTask.java:155)
        at org.junit.platform.engine.support.hierarchical.NodeTestTask$$Lambda$258/1834361038.execute(Unknown Source)
        at org.junit.platform.engine.support.hierarchical.ThrowableCollector.execute(ThrowableCollector.java:73)
        at org.junit.platform.engine.support.hierarchical.NodeTestTask.lambda$executeRecursively$8(NodeTestTask.java:141)
        at org.junit.platform.engine.support.hierarchical.NodeTestTask$$Lambda$257/1096485705.invoke(Unknown Source)
        at org.junit.platform.engine.support.hierarchical.Node.around(Node.java:137)
        at org.junit.platform.engine.support.hierarchical.NodeTestTask.lambda$executeRecursively$9(NodeTestTask.java:139)
        at org.junit.platform.engine.support.hierarchical.NodeTestTask$$Lambda$256/795321555.execute(Unknown Source)
        at org.junit.platform.engine.support.hierarchical.ThrowableCollector.execute(ThrowableCollector.java:73)
        at org.junit.platform.engine.support.hierarchical.NodeTestTask.executeRecursively(NodeTestTask.java:138)
        at org.junit.platform.engine.support.hierarchical.NodeTestTask.execute(NodeTestTask.java:95)
        at org.junit.platform.engine.support.hierarchical.SameThreadHierarchicalTestExecutorService$$Lambda$262/343812839.accept(Unknown Source)
        at java.util.ArrayList.forEach(ArrayList.java:1259)
        at org.junit.platform.engine.support.hierarchical.SameThreadHierarchicalTestExecutorService.invokeAll(SameThreadHierarchicalTestExecutorService.java:41)
        at org.junit.platform.engine.support.hierarchical.NodeTestTask.lambda$executeRecursively$6(NodeTestTask.java:155)
        at org.junit.platform.engine.support.hierarchical.NodeTestTask$$Lambda$258/1834361038.execute(Unknown Source)
        at org.junit.platform.engine.support.hierarchical.ThrowableCollector.execute(ThrowableCollector.java:73)
        at org.junit.platform.engine.support.hierarchical.NodeTestTask.lambda$executeRecursively$8(NodeTestTask.java:141)
        at org.junit.platform.engine.support.hierarchical.NodeTestTask$$Lambda$257/1096485705.invoke(Unknown Source)
        at org.junit.platform.engine.support.hierarchical.Node.around(Node.java:137)
        at org.junit.platform.engine.support.hierarchical.NodeTestTask.lambda$executeRecursively$9(NodeTestTask.java:139)
        at org.junit.platform.engine.support.hierarchical.NodeTestTask$$Lambda$256/795321555.execute(Unknown Source)
        at org.junit.platform.engine.support.hierarchical.ThrowableCollector.execute(ThrowableCollector.java:73)
        at org.junit.platform.engine.support.hierarchical.NodeTestTask.executeRecursively(NodeTestTask.java:138)
        at org.junit.platform.engine.support.hierarchical.NodeTestTask.execute(NodeTestTask.java:95)
        at org.junit.platform.engine.support.hierarchical.SameThreadHierarchicalTestExecutorService.submit(SameThreadHierarchicalTestExecutorService.java:35)
        at org.junit.platform.engine.support.hierarchical.HierarchicalTestExecutor.execute(HierarchicalTestExecutor.java:57)
        at org.junit.platform.engine.support.hierarchical.HierarchicalTestEngine.execute(HierarchicalTestEngine.java:54)
        at org.junit.platform.launcher.core.EngineExecutionOrchestrator.execute(EngineExecutionOrchestrator.java:107)
        at org.junit.platform.launcher.core.EngineExecutionOrchestrator.execute(EngineExecutionOrchestrator.java:88)
        at org.junit.platform.launcher.core.EngineExecutionOrchestrator.lambda$execute$0(EngineExecutionOrchestrator.java:54)
        at org.junit.platform.launcher.core.EngineExecutionOrchestrator$$Lambda$214/272678513.accept(Unknown Source)
        at org.junit.platform.launcher.core.EngineExecutionOrchestrator.withInterceptedStreams(EngineExecutionOrchestrator.java:67)
        at org.junit.platform.launcher.core.EngineExecutionOrchestrator.execute(EngineExecutionOrchestrator.java:52)
        at org.junit.platform.launcher.core.DefaultLauncher.execute(DefaultLauncher.java:114)
        at org.junit.platform.launcher.core.DefaultLauncher.execute(DefaultLauncher.java:86)
        at org.junit.platform.launcher.core.DefaultLauncherSession$DelegatingLauncher.execute(DefaultLauncherSession.java:86)
        at org.junit.platform.launcher.core.SessionPerRequestLauncher.execute(SessionPerRequestLauncher.java:53)
        at org.apache.maven.surefire.junitplatform.JUnitPlatformProvider.execute(JUnitPlatformProvider.java:188)
        at org.apache.maven.surefire.junitplatform.JUnitPlatformProvider.invokeAllTests(JUnitPlatformProvider.java:154)
        at org.apache.maven.surefire.junitplatform.JUnitPlatformProvider.invoke(JUnitPlatformProvider.java:124)
        at org.apache.maven.surefire.booter.ForkedBooter.runSuitesInProcess(ForkedBooter.java:428)
        at org.apache.maven.surefire.booter.ForkedBooter.execute(ForkedBooter.java:162)
        at org.apache.maven.surefire.booter.ForkedBooter.run(ForkedBooter.java:562)
        at org.apache.maven.surefire.booter.ForkedBooter.main(ForkedBooter.java:548)
"Datanode State Machine Daemon Thread" daemon prio=5 tid=241 timed_waiting
java.lang.Thread.State: TIMED_WAITING
        at java.lang.Thread.sleep(Native Method)
        at org.apache.hadoop.ozone.container.common.statemachine.DatanodeStateMachine.startStateMachineThread(DatanodeStateMachine.java:349)
        at org.apache.hadoop.ozone.container.common.statemachine.DatanodeStateMachine.lambda$startDaemon$0(DatanodeStateMachine.java:532)
        at org.apache.hadoop.ozone.container.common.statemachine.DatanodeStateMachine$$Lambda$907/324744640.run(Unknown Source)
        at java.lang.Thread.run(Thread.java:750)
"BlockDeletingService#1" daemon prio=5 tid=306 in Object.wait()
java.lang.Thread.State: WAITING (on object monitor)
        at sun.misc.Unsafe.park(Native Method)
        at java.util.concurrent.locks.LockSupport.park(LockSupport.java:175)
        at java.util.concurrent.locks.AbstractQueuedSynchronizer$ConditionObject.await(AbstractQueuedSynchronizer.java:2039)
        at java.util.concurrent.ScheduledThreadPoolExecutor$DelayedWorkQueue.take(ScheduledThreadPoolExecutor.java:1088)
        at java.util.concurrent.ScheduledThreadPoolExecutor$DelayedWorkQueue.take(ScheduledThreadPoolExecutor.java:809)
        at java.util.concurrent.ThreadPoolExecutor.getTask(ThreadPoolExecutor.java:1074)
        at java.util.concurrent.ThreadPoolExecutor.runWorker(ThreadPoolExecutor.java:1134)
        at java.util.concurrent.ThreadPoolExecutor$Worker.run(ThreadPoolExecutor.java:624)
        at java.lang.Thread.run(Thread.java:750)
"ReplicationMonitor" daemon prio=5 tid=18 timed_waiting
java.lang.Thread.State: TIMED_WAITING
        at java.lang.Object.wait(Native Method)
        at org.apache.hadoop.hdds.scm.container.replication.ReplicationManager.run(ReplicationManager.java:914)
        at org.apache.hadoop.hdds.scm.container.replication.ReplicationManager$$Lambda$447/747024618.run(Unknown Source)
        at java.lang.Thread.run(Thread.java:750)
"IPC Client (1074933780) connection to 0.0.0.0/0.0.0.0:15002 from runner" daemon prio=5 tid=283 timed_waiting
java.lang.Thread.State: TIMED_WAITING
        at java.lang.Object.wait(Native Method)
        at org.apache.hadoop.ipc.Client$Connection.waitForWork(Client.java:1043)
        at org.apache.hadoop.ipc.Client$Connection.run(Client.java:1094)
"qtp1609724165-192" daemon prio=5 tid=192 runnable
java.lang.Thread.State: RUNNABLE
        at sun.nio.ch.EPollArrayWrapper.epollWait(Native Method)
        at sun.nio.ch.EPollArrayWrapper.poll(EPollArrayWrapper.java:269)
        at sun.nio.ch.EPollSelectorImpl.doSelect(EPollSelectorImpl.java:93)
        at sun.nio.ch.SelectorImpl.lockAndDoSelect(SelectorImpl.java:86)
        at sun.nio.ch.SelectorImpl.select(SelectorImpl.java:97)
        at sun.nio.ch.SelectorImpl.select(SelectorImpl.java:101)
        at org.eclipse.jetty.io.ManagedSelector.nioSelect(ManagedSelector.java:183)
        at org.eclipse.jetty.io.ManagedSelector.select(ManagedSelector.java:190)
        at org.eclipse.jetty.io.ManagedSelector$SelectorProducer.select(ManagedSelector.java:606)
        at org.eclipse.jetty.io.ManagedSelector$SelectorProducer.produce(ManagedSelector.java:543)
        at org.eclipse.jetty.util.thread.strategy.EatWhatYouKill.produceTask(EatWhatYouKill.java:362)
        at org.eclipse.jetty.util.thread.strategy.EatWhatYouKill.doProduce(EatWhatYouKill.java:186)
        at org.eclipse.jetty.util.thread.strategy.EatWhatYouKill.tryProduce(EatWhatYouKill.java:173)
        at org.eclipse.jetty.util.thread.strategy.EatWhatYouKill.produce(EatWhatYouKill.java:137)
        at org.eclipse.jetty.io.ManagedSelector$$Lambda$519/1710789435.run(Unknown Source)
        at org.eclipse.jetty.util.thread.QueuedThreadPool.runJob(QueuedThreadPool.java:883)
        at org.eclipse.jetty.util.thread.QueuedThreadPool$Runner.run(QueuedThreadPool.java:1034)
        at java.lang.Thread.run(Thread.java:750)
"IPC Server handler 7 on default port 15002" daemon prio=5 tid=96 timed_waiting
java.lang.Thread.State: TIMED_WAITING
        at sun.misc.Unsafe.park(Native Method)
        at java.util.concurrent.locks.LockSupport.parkNanos(LockSupport.java:215)
        at java.util.concurrent.locks.AbstractQueuedSynchronizer$ConditionObject.awaitNanos(AbstractQueuedSynchronizer.java:2078)
        at java.util.concurrent.LinkedBlockingQueue.poll(LinkedBlockingQueue.java:467)
        at org.apache.hadoop.ipc.CallQueueManager.take(CallQueueManager.java:317)
        at org.apache.hadoop.ipc.Server$Handler.run(Server.java:2992)
"PipelineCommandHandlerThread-0"  prio=5 tid=327 in Object.wait()
java.lang.Thread.State: WAITING (on object monitor)
        at sun.misc.Unsafe.park(Native Method)
        at java.util.concurrent.locks.LockSupport.park(LockSupport.java:175)
        at java.util.concurrent.locks.AbstractQueuedSynchronizer$ConditionObject.await(AbstractQueuedSynchronizer.java:2039)
        at java.util.concurrent.LinkedBlockingQueue.take(LinkedBlockingQueue.java:442)
        at java.util.concurrent.ThreadPoolExecutor.getTask(ThreadPoolExecutor.java:1074)
        at java.util.concurrent.ThreadPoolExecutor.runWorker(ThreadPoolExecutor.java:1134)
        at java.util.concurrent.ThreadPoolExecutor$Worker.run(ThreadPoolExecutor.java:624)
        at java.lang.Thread.run(Thread.java:750)
"8624e205-2d39-4523-82ac-4c9e49e08d77-NettyServerStreamRpc-bossGroup--thread1"  prio=5 tid=222 runnable
java.lang.Thread.State: RUNNABLE
        at sun.nio.ch.EPollArrayWrapper.epollWait(Native Method)
        at sun.nio.ch.EPollArrayWrapper.poll(EPollArrayWrapper.java:269)
        at sun.nio.ch.EPollSelectorImpl.doSelect(EPollSelectorImpl.java:93)
        at sun.nio.ch.SelectorImpl.lockAndDoSelect(SelectorImpl.java:86)
        at sun.nio.ch.SelectorImpl.select(SelectorImpl.java:97)
        at sun.nio.ch.SelectorImpl.select(SelectorImpl.java:101)
        at org.apache.ratis.thirdparty.io.netty.channel.nio.SelectedSelectionKeySetSelector.select(SelectedSelectionKeySetSelector.java:68)
        at org.apache.ratis.thirdparty.io.netty.channel.nio.NioEventLoop.select(NioEventLoop.java:879)
        at org.apache.ratis.thirdparty.io.netty.channel.nio.NioEventLoop.run(NioEventLoop.java:526)
        at org.apache.ratis.thirdparty.io.netty.util.concurrent.SingleThreadEventExecutor$4.run(SingleThreadEventExecutor.java:997)
        at org.apache.ratis.thirdparty.io.netty.util.internal.ThreadExecutorMap$2.run(ThreadExecutorMap.java:74)
        at java.lang.Thread.run(Thread.java:750)
"JvmPauseMonitor3" daemon prio=5 tid=301 timed_waiting
java.lang.Thread.State: TIMED_WAITING
        at java.lang.Thread.sleep(Native Method)
        at java.lang.Thread.sleep(Thread.java:342)
        at java.util.concurrent.TimeUnit.sleep(TimeUnit.java:386)
        at org.apache.ratis.util.TimeDuration.sleep(TimeDuration.java:325)
        at org.apache.ratis.util.TimeDuration.sleep(TimeDuration.java:310)
        at org.apache.ratis.util.JvmPauseMonitor.detectPause(JvmPauseMonitor.java:117)
        at org.apache.ratis.util.JvmPauseMonitor.run(JvmPauseMonitor.java:106)
        at org.apache.ratis.util.JvmPauseMonitor$$Lambda$485/1387446869.run(Unknown Source)
        at java.lang.Thread.run(Thread.java:750)
"grpc-default-worker-ELG-3-2" daemon prio=5 tid=340 runnable
java.lang.Thread.State: RUNNABLE
        at org.apache.ratis.thirdparty.io.netty.channel.epoll.Native.epollWait0(Native Method)
        at org.apache.ratis.thirdparty.io.netty.channel.epoll.Native.epollWait(Native.java:182)
        at org.apache.ratis.thirdparty.io.netty.channel.epoll.EpollEventLoop.epollWait(EpollEventLoop.java:302)
        at org.apache.ratis.thirdparty.io.netty.channel.epoll.EpollEventLoop.run(EpollEventLoop.java:366)
        at org.apache.ratis.thirdparty.io.netty.util.concurrent.SingleThreadEventExecutor$4.run(SingleThreadEventExecutor.java:997)
        at org.apache.ratis.thirdparty.io.netty.util.internal.ThreadExecutorMap$2.run(ThreadExecutorMap.java:74)
        at org.apache.ratis.thirdparty.io.netty.util.concurrent.FastThreadLocalRunnable.run(FastThreadLocalRunnable.java:30)
        at java.lang.Thread.run(Thread.java:750)
"50e7a123-fb10-4f6b-bd10-2c6e895f4416@group-4103141B7879-SegmentedRaftLogWorker"  prio=5 tid=363 timed_waiting
java.lang.Thread.State: TIMED_WAITING
        at sun.misc.Unsafe.park(Native Method)
        at java.util.concurrent.locks.LockSupport.parkNanos(LockSupport.java:215)
        at java.util.concurrent.locks.AbstractQueuedSynchronizer$ConditionObject.awaitNanos(AbstractQueuedSynchronizer.java:2078)
        at org.apache.ratis.util.DataBlockingQueue.poll(DataBlockingQueue.java:148)
        at org.apache.ratis.server.raftlog.segmented.SegmentedRaftLogWorker.run(SegmentedRaftLogWorker.java:307)
        at org.apache.ratis.server.raftlog.segmented.SegmentedRaftLogWorker$$Lambda$810/1436683595.run(Unknown Source)
        at java.util.concurrent.Executors$RunnableAdapter.call(Executors.java:511)
        at java.util.concurrent.FutureTask.run(FutureTask.java:266)
        at java.util.concurrent.ThreadPoolExecutor.runWorker(ThreadPoolExecutor.java:1149)
        at java.util.concurrent.ThreadPoolExecutor$Worker.run(ThreadPoolExecutor.java:624)
        at java.lang.Thread.run(Thread.java:750)
"IPC Server handler 10 on default port 15004" daemon prio=5 tid=172 timed_waiting
java.lang.Thread.State: TIMED_WAITING
        at sun.misc.Unsafe.park(Native Method)
        at java.util.concurrent.locks.LockSupport.parkNanos(LockSupport.java:215)
        at java.util.concurrent.locks.AbstractQueuedSynchronizer$ConditionObject.awaitNanos(AbstractQueuedSynchronizer.java:2078)
        at java.util.concurrent.LinkedBlockingQueue.poll(LinkedBlockingQueue.java:467)
        at org.apache.hadoop.ipc.CallQueueManager.take(CallQueueManager.java:317)
        at org.apache.hadoop.ipc.Server$Handler.run(Server.java:2992)
"IPC Server Responder" daemon prio=5 tid=204 runnable
java.lang.Thread.State: RUNNABLE
        at sun.nio.ch.EPollArrayWrapper.epollWait(Native Method)
        at sun.nio.ch.EPollArrayWrapper.poll(EPollArrayWrapper.java:269)
        at sun.nio.ch.EPollSelectorImpl.doSelect(EPollSelectorImpl.java:93)
        at sun.nio.ch.SelectorImpl.lockAndDoSelect(SelectorImpl.java:86)
        at sun.nio.ch.SelectorImpl.select(SelectorImpl.java:97)
        at org.apache.hadoop.ipc.Server$Responder.doRunLoop(Server.java:1578)
        at org.apache.hadoop.ipc.Server$Responder.run(Server.java:1561)
"om1-groupManagement"  prio=5 tid=132 in Object.wait()
java.lang.Thread.State: WAITING (on object monitor)
        at sun.misc.Unsafe.park(Native Method)
        at java.util.concurrent.locks.LockSupport.park(LockSupport.java:175)
        at java.util.concurrent.locks.AbstractQueuedSynchronizer$ConditionObject.await(AbstractQueuedSynchronizer.java:2039)
        at java.util.concurrent.LinkedBlockingQueue.take(LinkedBlockingQueue.java:442)
        at java.util.concurrent.ThreadPoolExecutor.getTask(ThreadPoolExecutor.java:1074)
        at java.util.concurrent.ThreadPoolExecutor.runWorker(ThreadPoolExecutor.java:1134)
        at java.util.concurrent.ThreadPoolExecutor$Worker.run(ThreadPoolExecutor.java:624)
        at java.lang.Thread.run(Thread.java:750)
"ContainerOp-8722a696-13c5-4ce8-9392-7aa2029a76d4-0"  prio=5 tid=524 in Object.wait()
java.lang.Thread.State: WAITING (on object monitor)
        at sun.misc.Unsafe.park(Native Method)
        at java.util.concurrent.locks.LockSupport.park(LockSupport.java:175)
        at java.util.concurrent.locks.AbstractQueuedSynchronizer$ConditionObject.await(AbstractQueuedSynchronizer.java:2039)
        at java.util.concurrent.LinkedBlockingQueue.take(LinkedBlockingQueue.java:442)
        at java.util.concurrent.ThreadPoolExecutor.getTask(ThreadPoolExecutor.java:1074)
        at java.util.concurrent.ThreadPoolExecutor.runWorker(ThreadPoolExecutor.java:1134)
        at java.util.concurrent.ThreadPoolExecutor$Worker.run(ThreadPoolExecutor.java:624)
        at java.lang.Thread.run(Thread.java:750)
"Hadoop-Metrics-Updater-0" daemon prio=5 tid=271 timed_waiting
java.lang.Thread.State: TIMED_WAITING
        at sun.misc.Unsafe.park(Native Method)
        at java.util.concurrent.locks.LockSupport.parkNanos(LockSupport.java:215)
        at java.util.concurrent.locks.AbstractQueuedSynchronizer$ConditionObject.awaitNanos(AbstractQueuedSynchronizer.java:2078)
        at java.util.concurrent.ScheduledThreadPoolExecutor$DelayedWorkQueue.take(ScheduledThreadPoolExecutor.java:1093)
        at java.util.concurrent.ScheduledThreadPoolExecutor$DelayedWorkQueue.take(ScheduledThreadPoolExecutor.java:809)
        at java.util.concurrent.ThreadPoolExecutor.getTask(ThreadPoolExecutor.java:1074)
        at java.util.concurrent.ThreadPoolExecutor.runWorker(ThreadPoolExecutor.java:1134)
        at java.util.concurrent.ThreadPoolExecutor$Worker.run(ThreadPoolExecutor.java:624)
        at java.lang.Thread.run(Thread.java:750)
"IPC Server listener on 15010" daemon prio=5 tid=201 runnable
java.lang.Thread.State: RUNNABLE
        at sun.nio.ch.EPollArrayWrapper.epollWait(Native Method)
        at sun.nio.ch.EPollArrayWrapper.poll(EPollArrayWrapper.java:269)
        at sun.nio.ch.EPollSelectorImpl.doSelect(EPollSelectorImpl.java:93)
        at sun.nio.ch.SelectorImpl.lockAndDoSelect(SelectorImpl.java:86)
        at sun.nio.ch.SelectorImpl.select(SelectorImpl.java:97)
        at sun.nio.ch.SelectorImpl.select(SelectorImpl.java:101)
        at org.apache.hadoop.ipc.Server$Listener.run(Server.java:1404)
"9b904d97-ba57-4d1c-b750-04e93ad7e320-server-thread4"  prio=5 tid=530 timed_waiting
java.lang.Thread.State: TIMED_WAITING
        at sun.misc.Unsafe.park(Native Method)
        at java.util.concurrent.locks.LockSupport.parkNanos(LockSupport.java:215)
        at java.util.concurrent.SynchronousQueue$TransferStack.awaitFulfill(SynchronousQueue.java:460)
        at java.util.concurrent.SynchronousQueue$TransferStack.transfer(SynchronousQueue.java:362)
        at java.util.concurrent.SynchronousQueue.poll(SynchronousQueue.java:941)
        at java.util.concurrent.ThreadPoolExecutor.getTask(ThreadPoolExecutor.java:1073)
        at java.util.concurrent.ThreadPoolExecutor.runWorker(ThreadPoolExecutor.java:1134)
        at java.util.concurrent.ThreadPoolExecutor$Worker.run(ThreadPoolExecutor.java:624)
        at java.lang.Thread.run(Thread.java:750)
"ContainerOp-8722a696-13c5-4ce8-9392-7aa2029a76d4-9"  prio=5 tid=560 in Object.wait()
java.lang.Thread.State: WAITING (on object monitor)
        at sun.misc.Unsafe.park(Native Method)
        at java.util.concurrent.locks.LockSupport.park(LockSupport.java:175)
        at java.util.concurrent.locks.AbstractQueuedSynchronizer$ConditionObject.await(AbstractQueuedSynchronizer.java:2039)
        at java.util.concurrent.LinkedBlockingQueue.take(LinkedBlockingQueue.java:442)
        at java.util.concurrent.ThreadPoolExecutor.getTask(ThreadPoolExecutor.java:1074)
        at java.util.concurrent.ThreadPoolExecutor.runWorker(ThreadPoolExecutor.java:1134)
        at java.util.concurrent.ThreadPoolExecutor$Worker.run(ThreadPoolExecutor.java:624)
        at java.lang.Thread.run(Thread.java:750)
"SnapshotDeletingService#0" daemon prio=5 tid=151 timed_waiting
java.lang.Thread.State: TIMED_WAITING
        at sun.misc.Unsafe.park(Native Method)
        at java.util.concurrent.locks.LockSupport.parkNanos(LockSupport.java:215)
        at java.util.concurrent.locks.AbstractQueuedSynchronizer$ConditionObject.awaitNanos(AbstractQueuedSynchronizer.java:2078)
        at java.util.concurrent.ScheduledThreadPoolExecutor$DelayedWorkQueue.take(ScheduledThreadPoolExecutor.java:1093)
        at java.util.concurrent.ScheduledThreadPoolExecutor$DelayedWorkQueue.take(ScheduledThreadPoolExecutor.java:809)
        at java.util.concurrent.ThreadPoolExecutor.getTask(ThreadPoolExecutor.java:1074)
        at java.util.concurrent.ThreadPoolExecutor.runWorker(ThreadPoolExecutor.java:1134)
        at java.util.concurrent.ThreadPoolExecutor$Worker.run(ThreadPoolExecutor.java:624)
        at java.lang.Thread.run(Thread.java:750)
"Session-HouseKeeper-1e2eab74-1"  prio=5 tid=200 timed_waiting
java.lang.Thread.State: TIMED_WAITING
        at sun.misc.Unsafe.park(Native Method)
        at java.util.concurrent.locks.LockSupport.parkNanos(LockSupport.java:215)
        at java.util.concurrent.locks.AbstractQueuedSynchronizer$ConditionObject.awaitNanos(AbstractQueuedSynchronizer.java:2078)
        at java.util.concurrent.ScheduledThreadPoolExecutor$DelayedWorkQueue.take(ScheduledThreadPoolExecutor.java:1093)
        at java.util.concurrent.ScheduledThreadPoolExecutor$DelayedWorkQueue.take(ScheduledThreadPoolExecutor.java:809)
        at java.util.concurrent.ThreadPoolExecutor.getTask(ThreadPoolExecutor.java:1074)
        at java.util.concurrent.ThreadPoolExecutor.runWorker(ThreadPoolExecutor.java:1134)
        at java.util.concurrent.ThreadPoolExecutor$Worker.run(ThreadPoolExecutor.java:624)
        at java.lang.Thread.run(Thread.java:750)
"IPC Server handler 14 on default port 15002" daemon prio=5 tid=103 timed_waiting
java.lang.Thread.State: TIMED_WAITING
        at sun.misc.Unsafe.park(Native Method)
        at java.util.concurrent.locks.LockSupport.parkNanos(LockSupport.java:215)
        at java.util.concurrent.locks.AbstractQueuedSynchronizer$ConditionObject.awaitNanos(AbstractQueuedSynchronizer.java:2078)
        at java.util.concurrent.LinkedBlockingQueue.poll(LinkedBlockingQueue.java:467)
        at org.apache.hadoop.ipc.CallQueueManager.take(CallQueueManager.java:317)
        at org.apache.hadoop.ipc.Server$Handler.run(Server.java:2992)
"IPC Server handler 0 on default port 15002" daemon prio=5 tid=89 timed_waiting
java.lang.Thread.State: TIMED_WAITING
        at sun.misc.Unsafe.park(Native Method)
        at java.util.concurrent.locks.LockSupport.parkNanos(LockSupport.java:215)
        at java.util.concurrent.locks.AbstractQueuedSynchronizer$ConditionObject.awaitNanos(AbstractQueuedSynchronizer.java:2078)
        at java.util.concurrent.LinkedBlockingQueue.poll(LinkedBlockingQueue.java:467)
        at org.apache.hadoop.ipc.CallQueueManager.take(CallQueueManager.java:317)
        at org.apache.hadoop.ipc.Server$Handler.run(Server.java:2992)
"Datanode ReportManager Thread - 2" daemon prio=5 tid=276 in Object.wait()
java.lang.Thread.State: WAITING (on object monitor)
        at sun.misc.Unsafe.park(Native Method)
        at java.util.concurrent.locks.LockSupport.park(LockSupport.java:175)
        at java.util.concurrent.locks.AbstractQueuedSynchronizer$ConditionObject.await(AbstractQueuedSynchronizer.java:2039)
        at java.util.concurrent.ScheduledThreadPoolExecutor$DelayedWorkQueue.take(ScheduledThreadPoolExecutor.java:1088)
        at java.util.concurrent.ScheduledThreadPoolExecutor$DelayedWorkQueue.take(ScheduledThreadPoolExecutor.java:809)
        at java.util.concurrent.ThreadPoolExecutor.getTask(ThreadPoolExecutor.java:1074)
        at java.util.concurrent.ThreadPoolExecutor.runWorker(ThreadPoolExecutor.java:1134)
        at java.util.concurrent.ThreadPoolExecutor$Worker.run(ThreadPoolExecutor.java:624)
        at java.lang.Thread.run(Thread.java:750)
"BackgroundPipelineScrubberThread" daemon prio=5 tid=16 timed_waiting
java.lang.Thread.State: TIMED_WAITING
        at java.lang.Object.wait(Native Method)
        at org.apache.hadoop.hdds.scm.ha.BackgroundSCMService.run(BackgroundSCMService.java:110)
        at org.apache.hadoop.hdds.scm.ha.BackgroundSCMService$$Lambda$434/1128958264.run(Unknown Source)
        at java.lang.Thread.run(Thread.java:750)
"timer6" daemon prio=5 tid=461 timed_waiting
java.lang.Thread.State: TIMED_WAITING
        at java.lang.Object.wait(Native Method)
        at java.util.TimerThread.mainLoop(Timer.java:552)
        at java.util.TimerThread.run(Timer.java:505)
"Datanode ReportManager Thread - 2" daemon prio=5 tid=211 in Object.wait()
java.lang.Thread.State: WAITING (on object monitor)
        at sun.misc.Unsafe.park(Native Method)
        at java.util.concurrent.locks.LockSupport.park(LockSupport.java:175)
        at java.util.concurrent.locks.AbstractQueuedSynchronizer$ConditionObject.await(AbstractQueuedSynchronizer.java:2039)
        at java.util.concurrent.ScheduledThreadPoolExecutor$DelayedWorkQueue.take(ScheduledThreadPoolExecutor.java:1088)
        at java.util.concurrent.ScheduledThreadPoolExecutor$DelayedWorkQueue.take(ScheduledThreadPoolExecutor.java:809)
        at java.util.concurrent.ThreadPoolExecutor.getTask(ThreadPoolExecutor.java:1074)
        at java.util.concurrent.ThreadPoolExecutor.runWorker(ThreadPoolExecutor.java:1134)
        at java.util.concurrent.ThreadPoolExecutor$Worker.run(ThreadPoolExecutor.java:624)
        at java.lang.Thread.run(Thread.java:750)
"BlockDeletingService#1" daemon prio=5 tid=317 in Object.wait()
java.lang.Thread.State: WAITING (on object monitor)
        at sun.misc.Unsafe.park(Native Method)
        at java.util.concurrent.locks.LockSupport.park(LockSupport.java:175)
        at java.util.concurrent.locks.AbstractQueuedSynchronizer$ConditionObject.await(AbstractQueuedSynchronizer.java:2039)
        at java.util.concurrent.ScheduledThreadPoolExecutor$DelayedWorkQueue.take(ScheduledThreadPoolExecutor.java:1088)
        at java.util.concurrent.ScheduledThreadPoolExecutor$DelayedWorkQueue.take(ScheduledThreadPoolExecutor.java:809)
        at java.util.concurrent.ThreadPoolExecutor.getTask(ThreadPoolExecutor.java:1074)
        at java.util.concurrent.ThreadPoolExecutor.runWorker(ThreadPoolExecutor.java:1134)
        at java.util.concurrent.ThreadPoolExecutor$Worker.run(ThreadPoolExecutor.java:624)
        at java.lang.Thread.run(Thread.java:750)
"FixedThreadPoolWithAffinityExecutor-0-0" daemon prio=5 tid=38 timed_waiting
java.lang.Thread.State: TIMED_WAITING
        at sun.misc.Unsafe.park(Native Method)
        at java.util.concurrent.locks.LockSupport.parkNanos(LockSupport.java:215)
        at java.util.concurrent.locks.AbstractQueuedSynchronizer$ConditionObject.awaitNanos(AbstractQueuedSynchronizer.java:2078)
        at java.util.concurrent.LinkedBlockingQueue.poll(LinkedBlockingQueue.java:467)
        at org.apache.hadoop.hdds.scm.server.ContainerReportQueue.poll(ContainerReportQueue.java:266)
        at org.apache.hadoop.hdds.scm.server.ContainerReportQueue.poll(ContainerReportQueue.java:42)
        at org.apache.hadoop.hdds.server.events.FixedThreadPoolWithAffinityExecutor$ContainerReportProcessTask.run(FixedThreadPoolWithAffinityExecutor.java:247)
        at java.util.concurrent.Executors$RunnableAdapter.call(Executors.java:511)
        at java.util.concurrent.FutureTask.run(FutureTask.java:266)
        at java.util.concurrent.ThreadPoolExecutor.runWorker(ThreadPoolExecutor.java:1149)
        at java.util.concurrent.ThreadPoolExecutor$Worker.run(ThreadPoolExecutor.java:624)
        at java.lang.Thread.run(Thread.java:750)
"IPC Server Responder" daemon prio=5 tid=31 runnable
java.lang.Thread.State: RUNNABLE
        at sun.nio.ch.EPollArrayWrapper.epollWait(Native Method)
        at sun.nio.ch.EPollArrayWrapper.poll(EPollArrayWrapper.java:269)
        at sun.nio.ch.EPollSelectorImpl.doSelect(EPollSelectorImpl.java:93)
        at sun.nio.ch.SelectorImpl.lockAndDoSelect(SelectorImpl.java:86)
        at sun.nio.ch.SelectorImpl.select(SelectorImpl.java:97)
        at org.apache.hadoop.ipc.Server$Responder.doRunLoop(Server.java:1578)
        at org.apache.hadoop.ipc.Server$Responder.run(Server.java:1561)
"SCM Heartbeat Processing Thread - 0" daemon prio=5 tid=14 timed_waiting
java.lang.Thread.State: TIMED_WAITING
        at sun.misc.Unsafe.park(Native Method)
        at java.util.concurrent.locks.LockSupport.parkNanos(LockSupport.java:215)
        at java.util.concurrent.locks.AbstractQueuedSynchronizer$ConditionObject.awaitNanos(AbstractQueuedSynchronizer.java:2078)
        at java.util.concurrent.ScheduledThreadPoolExecutor$DelayedWorkQueue.take(ScheduledThreadPoolExecutor.java:1093)
        at java.util.concurrent.ScheduledThreadPoolExecutor$DelayedWorkQueue.take(ScheduledThreadPoolExecutor.java:809)
        at java.util.concurrent.ThreadPoolExecutor.getTask(ThreadPoolExecutor.java:1074)
        at java.util.concurrent.ThreadPoolExecutor.runWorker(ThreadPoolExecutor.java:1134)
        at java.util.concurrent.ThreadPoolExecutor$Worker.run(ThreadPoolExecutor.java:624)
        at java.lang.Thread.run(Thread.java:750)
"IPC Server handler 19 on default port 15000" daemon prio=5 tid=68 timed_waiting
java.lang.Thread.State: TIMED_WAITING
        at sun.misc.Unsafe.park(Native Method)
        at java.util.concurrent.locks.LockSupport.parkNanos(LockSupport.java:215)
        at java.util.concurrent.locks.AbstractQueuedSynchronizer$ConditionObject.awaitNanos(AbstractQueuedSynchronizer.java:2078)
        at java.util.concurrent.LinkedBlockingQueue.poll(LinkedBlockingQueue.java:467)
        at org.apache.hadoop.ipc.CallQueueManager.take(CallQueueManager.java:317)
        at org.apache.hadoop.ipc.Server$Handler.run(Server.java:2992)
"IPC Server handler 18 on default port 15001" daemon prio=5 tid=87 timed_waiting
java.lang.Thread.State: TIMED_WAITING
        at sun.misc.Unsafe.park(Native Method)
        at java.util.concurrent.locks.LockSupport.parkNanos(LockSupport.java:215)
        at java.util.concurrent.locks.AbstractQueuedSynchronizer$ConditionObject.awaitNanos(AbstractQueuedSynchronizer.java:2078)
        at java.util.concurrent.LinkedBlockingQueue.poll(LinkedBlockingQueue.java:467)
        at org.apache.hadoop.ipc.CallQueueManager.take(CallQueueManager.java:317)
        at org.apache.hadoop.ipc.Server$Handler.run(Server.java:2992)
"IPC Server idle connection scanner for port 15019" daemon prio=5 tid=237 timed_waiting
java.lang.Thread.State: TIMED_WAITING
        at java.lang.Object.wait(Native Method)
        at java.util.TimerThread.mainLoop(Timer.java:552)
        at java.util.TimerThread.run(Timer.java:505)
"EventQueue-NewNodeForNewNodeHandler" daemon prio=5 tid=319 in Object.wait()
java.lang.Thread.State: WAITING (on object monitor)
        at sun.misc.Unsafe.park(Native Method)
        at java.util.concurrent.locks.LockSupport.park(LockSupport.java:175)
        at java.util.concurrent.locks.AbstractQueuedSynchronizer$ConditionObject.await(AbstractQueuedSynchronizer.java:2039)
        at java.util.concurrent.LinkedBlockingQueue.take(LinkedBlockingQueue.java:442)
        at java.util.concurrent.ThreadPoolExecutor.getTask(ThreadPoolExecutor.java:1074)
        at java.util.concurrent.ThreadPoolExecutor.runWorker(ThreadPoolExecutor.java:1134)
        at java.util.concurrent.ThreadPoolExecutor$Worker.run(ThreadPoolExecutor.java:624)
        at java.lang.Thread.run(Thread.java:750)
"qtp371820985-229" daemon prio=5 tid=229 timed_waiting
java.lang.Thread.State: TIMED_WAITING
        at sun.misc.Unsafe.park(Native Method)
        at java.util.concurrent.locks.LockSupport.parkNanos(LockSupport.java:215)
        at java.util.concurrent.locks.AbstractQueuedSynchronizer$ConditionObject.awaitNanos(AbstractQueuedSynchronizer.java:2078)
        at org.eclipse.jetty.util.BlockingArrayQueue.poll(BlockingArrayQueue.java:382)
        at org.eclipse.jetty.util.thread.QueuedThreadPool$Runner.idleJobPoll(QueuedThreadPool.java:974)
        at org.eclipse.jetty.util.thread.QueuedThreadPool$Runner.run(QueuedThreadPool.java:1018)
        at java.lang.Thread.run(Thread.java:750)
"qtp1934342177-158" daemon prio=5 tid=158 timed_waiting
java.lang.Thread.State: TIMED_WAITING
        at sun.misc.Unsafe.park(Native Method)
        at java.util.concurrent.locks.LockSupport.parkNanos(LockSupport.java:215)
        at java.util.concurrent.locks.AbstractQueuedSynchronizer$ConditionObject.awaitNanos(AbstractQueuedSynchronizer.java:2078)
        at org.eclipse.jetty.util.BlockingArrayQueue.poll(BlockingArrayQueue.java:382)
        at org.eclipse.jetty.util.thread.QueuedThreadPool$Runner.idleJobPoll(QueuedThreadPool.java:974)
        at org.eclipse.jetty.util.thread.QueuedThreadPool$Runner.run(QueuedThreadPool.java:1018)
        at java.lang.Thread.run(Thread.java:750)
"qtp392959448-259-acceptor-0@a9379f2-ServerConnector@707d735{HTTP/1.1, (http/1.1)}{0.0.0.0:15027}" daemon prio=3 tid=259 runnable
java.lang.Thread.State: RUNNABLE
        at sun.nio.ch.ServerSocketChannelImpl.accept0(Native Method)
        at sun.nio.ch.ServerSocketChannelImpl.accept(ServerSocketChannelImpl.java:421)
        at sun.nio.ch.ServerSocketChannelImpl.accept(ServerSocketChannelImpl.java:249)
        at org.eclipse.jetty.server.ServerConnector.accept(ServerConnector.java:388)
        at org.eclipse.jetty.server.AbstractConnector$Acceptor.run(AbstractConnector.java:704)
        at org.eclipse.jetty.util.thread.QueuedThreadPool.runJob(QueuedThreadPool.java:883)
        at org.eclipse.jetty.util.thread.QueuedThreadPool$Runner.run(QueuedThreadPool.java:1034)
        at java.lang.Thread.run(Thread.java:750)
"IPC Server handler 10 on default port 15001" daemon prio=5 tid=79 timed_waiting
java.lang.Thread.State: TIMED_WAITING
        at sun.misc.Unsafe.park(Native Method)
        at java.util.concurrent.locks.LockSupport.parkNanos(LockSupport.java:215)
        at java.util.concurrent.locks.AbstractQueuedSynchronizer$ConditionObject.awaitNanos(AbstractQueuedSynchronizer.java:2078)
        at java.util.concurrent.LinkedBlockingQueue.poll(LinkedBlockingQueue.java:467)
        at org.apache.hadoop.ipc.CallQueueManager.take(CallQueueManager.java:317)
        at org.apache.hadoop.ipc.Server$Handler.run(Server.java:2992)
"IPC Server handler 9 on default port 15000" daemon prio=5 tid=58 timed_waiting
java.lang.Thread.State: TIMED_WAITING
        at sun.misc.Unsafe.park(Native Method)
        at java.util.concurrent.locks.LockSupport.parkNanos(LockSupport.java:215)
        at java.util.concurrent.locks.AbstractQueuedSynchronizer$ConditionObject.awaitNanos(AbstractQueuedSynchronizer.java:2078)
        at java.util.concurrent.LinkedBlockingQueue.poll(LinkedBlockingQueue.java:467)
        at org.apache.hadoop.ipc.CallQueueManager.take(CallQueueManager.java:317)
        at org.apache.hadoop.ipc.Server$Handler.run(Server.java:2992)
"9b904d97-ba57-4d1c-b750-04e93ad7e320-NettyServerStreamRpc-bossGroup--thread1"  prio=5 tid=188 runnable
java.lang.Thread.State: RUNNABLE
        at sun.nio.ch.EPollArrayWrapper.epollWait(Native Method)
        at sun.nio.ch.EPollArrayWrapper.poll(EPollArrayWrapper.java:269)
        at sun.nio.ch.EPollSelectorImpl.doSelect(EPollSelectorImpl.java:93)
        at sun.nio.ch.SelectorImpl.lockAndDoSelect(SelectorImpl.java:86)
        at sun.nio.ch.SelectorImpl.select(SelectorImpl.java:97)
        at sun.nio.ch.SelectorImpl.select(SelectorImpl.java:101)
        at org.apache.ratis.thirdparty.io.netty.channel.nio.SelectedSelectionKeySetSelector.select(SelectedSelectionKeySetSelector.java:68)
        at org.apache.ratis.thirdparty.io.netty.channel.nio.NioEventLoop.select(NioEventLoop.java:879)
        at org.apache.ratis.thirdparty.io.netty.channel.nio.NioEventLoop.run(NioEventLoop.java:526)
        at org.apache.ratis.thirdparty.io.netty.util.concurrent.SingleThreadEventExecutor$4.run(SingleThreadEventExecutor.java:997)
        at org.apache.ratis.thirdparty.io.netty.util.internal.ThreadExecutorMap$2.run(ThreadExecutorMap.java:74)
        at java.lang.Thread.run(Thread.java:750)
"ContainerOp-8722a696-13c5-4ce8-9392-7aa2029a76d4-2"  prio=5 tid=527 in Object.wait()
java.lang.Thread.State: WAITING (on object monitor)
        at sun.misc.Unsafe.park(Native Method)
        at java.util.concurrent.locks.LockSupport.park(LockSupport.java:175)
        at java.util.concurrent.locks.AbstractQueuedSynchronizer$ConditionObject.await(AbstractQueuedSynchronizer.java:2039)
        at java.util.concurrent.LinkedBlockingQueue.take(LinkedBlockingQueue.java:442)
        at java.util.concurrent.ThreadPoolExecutor.getTask(ThreadPoolExecutor.java:1074)
        at java.util.concurrent.ThreadPoolExecutor.runWorker(ThreadPoolExecutor.java:1134)
        at java.util.concurrent.ThreadPoolExecutor$Worker.run(ThreadPoolExecutor.java:624)
        at java.lang.Thread.run(Thread.java:750)
"ContainerOp-069d6f8c-1a4c-4c87-8230-4103141b7879-6"  prio=5 tid=505 in Object.wait()
java.lang.Thread.State: WAITING (on object monitor)
        at sun.misc.Unsafe.park(Native Method)
        at java.util.concurrent.locks.LockSupport.park(LockSupport.java:175)
        at java.util.concurrent.locks.AbstractQueuedSynchronizer$ConditionObject.await(AbstractQueuedSynchronizer.java:2039)
        at java.util.concurrent.LinkedBlockingQueue.take(LinkedBlockingQueue.java:442)
        at java.util.concurrent.ThreadPoolExecutor.getTask(ThreadPoolExecutor.java:1074)
        at java.util.concurrent.ThreadPoolExecutor.runWorker(ThreadPoolExecutor.java:1134)
        at java.util.concurrent.ThreadPoolExecutor$Worker.run(ThreadPoolExecutor.java:624)
        at java.lang.Thread.run(Thread.java:750)
"pool-66-thread-1"  prio=5 tid=152 timed_waiting
java.lang.Thread.State: TIMED_WAITING
        at sun.misc.Unsafe.park(Native Method)
        at java.util.concurrent.locks.LockSupport.parkNanos(LockSupport.java:215)
        at java.util.concurrent.locks.AbstractQueuedSynchronizer$ConditionObject.awaitNanos(AbstractQueuedSynchronizer.java:2078)
        at java.util.concurrent.ScheduledThreadPoolExecutor$DelayedWorkQueue.take(ScheduledThreadPoolExecutor.java:1093)
        at java.util.concurrent.ScheduledThreadPoolExecutor$DelayedWorkQueue.take(ScheduledThreadPoolExecutor.java:809)
        at java.util.concurrent.ThreadPoolExecutor.getTask(ThreadPoolExecutor.java:1074)
        at java.util.concurrent.ThreadPoolExecutor.runWorker(ThreadPoolExecutor.java:1134)
        at java.util.concurrent.ThreadPoolExecutor$Worker.run(ThreadPoolExecutor.java:624)
        at java.lang.Thread.run(Thread.java:750)
"IPC Server Responder" daemon prio=5 tid=138 runnable
java.lang.Thread.State: RUNNABLE
        at sun.nio.ch.EPollArrayWrapper.epollWait(Native Method)
        at sun.nio.ch.EPollArrayWrapper.poll(EPollArrayWrapper.java:269)
        at sun.nio.ch.EPollSelectorImpl.doSelect(EPollSelectorImpl.java:93)
        at sun.nio.ch.SelectorImpl.lockAndDoSelect(SelectorImpl.java:86)
        at sun.nio.ch.SelectorImpl.select(SelectorImpl.java:97)
        at org.apache.hadoop.ipc.Server$Responder.doRunLoop(Server.java:1578)
        at org.apache.hadoop.ipc.Server$Responder.run(Server.java:1561)
"ContainerOp-8722a696-13c5-4ce8-9392-7aa2029a76d4-9"  prio=5 tid=558 in Object.wait()
java.lang.Thread.State: WAITING (on object monitor)
        at sun.misc.Unsafe.park(Native Method)
        at java.util.concurrent.locks.LockSupport.park(LockSupport.java:175)
        at java.util.concurrent.locks.AbstractQueuedSynchronizer$ConditionObject.await(AbstractQueuedSynchronizer.java:2039)
        at java.util.concurrent.LinkedBlockingQueue.take(LinkedBlockingQueue.java:442)
        at java.util.concurrent.ThreadPoolExecutor.getTask(ThreadPoolExecutor.java:1074)
        at java.util.concurrent.ThreadPoolExecutor.runWorker(ThreadPoolExecutor.java:1134)
        at java.util.concurrent.ThreadPoolExecutor$Worker.run(ThreadPoolExecutor.java:624)
        at java.lang.Thread.run(Thread.java:750)
"IPC Server Responder" daemon prio=5 tid=238 runnable
java.lang.Thread.State: RUNNABLE
        at sun.nio.ch.EPollArrayWrapper.epollWait(Native Method)
        at sun.nio.ch.EPollArrayWrapper.poll(EPollArrayWrapper.java:269)
        at sun.nio.ch.EPollSelectorImpl.doSelect(EPollSelectorImpl.java:93)
        at sun.nio.ch.SelectorImpl.lockAndDoSelect(SelectorImpl.java:86)
        at sun.nio.ch.SelectorImpl.select(SelectorImpl.java:97)
        at org.apache.hadoop.ipc.Server$Responder.doRunLoop(Server.java:1578)
        at org.apache.hadoop.ipc.Server$Responder.run(Server.java:1561)
"qtp1709501349-114-acceptor-0@4bbc3b50-ServerConnector@1eff74f2{HTTP/1.1, (http/1.1)}{0.0.0.0:15003}" daemon prio=3 tid=114 runnable
java.lang.Thread.State: RUNNABLE
        at sun.nio.ch.ServerSocketChannelImpl.accept0(Native Method)
        at sun.nio.ch.ServerSocketChannelImpl.accept(ServerSocketChannelImpl.java:421)
        at sun.nio.ch.ServerSocketChannelImpl.accept(ServerSocketChannelImpl.java:249)
        at org.eclipse.jetty.server.ServerConnector.accept(ServerConnector.java:388)
        at org.eclipse.jetty.server.AbstractConnector$Acceptor.run(AbstractConnector.java:704)
        at org.eclipse.jetty.util.thread.QueuedThreadPool.runJob(QueuedThreadPool.java:883)
        at org.eclipse.jetty.util.thread.QueuedThreadPool$Runner.run(QueuedThreadPool.java:1034)
        at java.lang.Thread.run(Thread.java:750)
"pool-120-thread-1" daemon prio=5 tid=252 timed_waiting
java.lang.Thread.State: TIMED_WAITING
        at sun.misc.Unsafe.park(Native Method)
        at java.util.concurrent.locks.LockSupport.parkNanos(LockSupport.java:215)
        at java.util.concurrent.locks.AbstractQueuedSynchronizer$ConditionObject.awaitNanos(AbstractQueuedSynchronizer.java:2078)
        at java.util.concurrent.ScheduledThreadPoolExecutor$DelayedWorkQueue.take(ScheduledThreadPoolExecutor.java:1093)
        at java.util.concurrent.ScheduledThreadPoolExecutor$DelayedWorkQueue.take(ScheduledThreadPoolExecutor.java:809)
        at java.util.concurrent.ThreadPoolExecutor.getTask(ThreadPoolExecutor.java:1074)
        at java.util.concurrent.ThreadPoolExecutor.runWorker(ThreadPoolExecutor.java:1134)
        at java.util.concurrent.ThreadPoolExecutor$Worker.run(ThreadPoolExecutor.java:624)
        at java.lang.Thread.run(Thread.java:750)
"IPC Server handler 12 on default port 15002" daemon prio=5 tid=101 timed_waiting
java.lang.Thread.State: TIMED_WAITING
        at sun.misc.Unsafe.park(Native Method)
        at java.util.concurrent.locks.LockSupport.parkNanos(LockSupport.java:215)
        at java.util.concurrent.locks.AbstractQueuedSynchronizer$ConditionObject.awaitNanos(AbstractQueuedSynchronizer.java:2078)
        at java.util.concurrent.LinkedBlockingQueue.poll(LinkedBlockingQueue.java:467)
        at org.apache.hadoop.ipc.CallQueueManager.take(CallQueueManager.java:317)
        at org.apache.hadoop.ipc.Server$Handler.run(Server.java:2992)
"PartialTableCache Cleanup Thread - 0" daemon prio=5 tid=477 in Object.wait()
java.lang.Thread.State: WAITING (on object monitor)
        at sun.misc.Unsafe.park(Native Method)
        at java.util.concurrent.locks.LockSupport.park(LockSupport.java:175)
        at java.util.concurrent.locks.AbstractQueuedSynchronizer$ConditionObject.await(AbstractQueuedSynchronizer.java:2039)
        at java.util.concurrent.LinkedBlockingQueue.take(LinkedBlockingQueue.java:442)
        at java.util.concurrent.ThreadPoolExecutor.getTask(ThreadPoolExecutor.java:1074)
        at java.util.concurrent.ThreadPoolExecutor.runWorker(ThreadPoolExecutor.java:1134)
        at java.util.concurrent.ThreadPoolExecutor$Worker.run(ThreadPoolExecutor.java:624)
        at java.lang.Thread.run(Thread.java:750)
"IPC Server handler 19 on default port 15002" daemon prio=5 tid=108 timed_waiting
java.lang.Thread.State: TIMED_WAITING
        at sun.misc.Unsafe.park(Native Method)
        at java.util.concurrent.locks.LockSupport.parkNanos(LockSupport.java:215)
        at java.util.concurrent.locks.AbstractQueuedSynchronizer$ConditionObject.awaitNanos(AbstractQueuedSynchronizer.java:2078)
        at java.util.concurrent.LinkedBlockingQueue.poll(LinkedBlockingQueue.java:467)
        at org.apache.hadoop.ipc.CallQueueManager.take(CallQueueManager.java:317)
        at org.apache.hadoop.ipc.Server$Handler.run(Server.java:2992)
"Datanode State Machine Task Thread - 0"  prio=5 tid=280 in Object.wait()
java.lang.Thread.State: WAITING (on object monitor)
        at sun.misc.Unsafe.park(Native Method)
        at java.util.concurrent.locks.LockSupport.park(LockSupport.java:175)
        at java.util.concurrent.locks.AbstractQueuedSynchronizer$ConditionObject.await(AbstractQueuedSynchronizer.java:2039)
        at java.util.concurrent.LinkedBlockingQueue.take(LinkedBlockingQueue.java:442)
        at java.util.concurrent.ThreadPoolExecutor.getTask(ThreadPoolExecutor.java:1074)
        at java.util.concurrent.ThreadPoolExecutor.runWorker(ThreadPoolExecutor.java:1134)
        at java.util.concurrent.ThreadPoolExecutor$Worker.run(ThreadPoolExecutor.java:624)
        at java.lang.Thread.run(Thread.java:750)
"IPC Server handler 2 on default port 15004" daemon prio=5 tid=164 timed_waiting
java.lang.Thread.State: TIMED_WAITING
        at sun.misc.Unsafe.park(Native Method)
        at java.util.concurrent.locks.LockSupport.parkNanos(LockSupport.java:215)
        at java.util.concurrent.locks.AbstractQueuedSynchronizer$ConditionObject.awaitNanos(AbstractQueuedSynchronizer.java:2078)
        at java.util.concurrent.LinkedBlockingQueue.poll(LinkedBlockingQueue.java:467)
        at org.apache.hadoop.ipc.CallQueueManager.take(CallQueueManager.java:317)
        at org.apache.hadoop.ipc.Server$Handler.run(Server.java:2992)
"IPC Server handler 7 on default port 15001" daemon prio=5 tid=76 timed_waiting
java.lang.Thread.State: TIMED_WAITING
        at sun.misc.Unsafe.park(Native Method)
        at java.util.concurrent.locks.LockSupport.parkNanos(LockSupport.java:215)
        at java.util.concurrent.locks.AbstractQueuedSynchronizer$ConditionObject.awaitNanos(AbstractQueuedSynchronizer.java:2078)
        at java.util.concurrent.LinkedBlockingQueue.poll(LinkedBlockingQueue.java:467)
        at org.apache.hadoop.ipc.CallQueueManager.take(CallQueueManager.java:317)
        at org.apache.hadoop.ipc.Server$Handler.run(Server.java:2992)
"IPC Server handler 0 on default port 15004" daemon prio=5 tid=162 timed_waiting
java.lang.Thread.State: TIMED_WAITING
        at sun.misc.Unsafe.park(Native Method)
        at java.util.concurrent.locks.LockSupport.parkNanos(LockSupport.java:215)
        at java.util.concurrent.locks.AbstractQueuedSynchronizer$ConditionObject.awaitNanos(AbstractQueuedSynchronizer.java:2078)
        at java.util.concurrent.LinkedBlockingQueue.poll(LinkedBlockingQueue.java:467)
        at org.apache.hadoop.ipc.CallQueueManager.take(CallQueueManager.java:317)
        at org.apache.hadoop.ipc.Server$Handler.run(Server.java:2992)
"StaleRecoveringContainerScrubbingService#2" daemon prio=5 tid=1000 in Object.wait()
java.lang.Thread.State: WAITING (on object monitor)
        at sun.misc.Unsafe.park(Native Method)
        at java.util.concurrent.locks.LockSupport.park(LockSupport.java:175)
        at java.util.concurrent.locks.AbstractQueuedSynchronizer$ConditionObject.await(AbstractQueuedSynchronizer.java:2039)
        at java.util.concurrent.ScheduledThreadPoolExecutor$DelayedWorkQueue.take(ScheduledThreadPoolExecutor.java:1088)
        at java.util.concurrent.ScheduledThreadPoolExecutor$DelayedWorkQueue.take(ScheduledThreadPoolExecutor.java:809)
        at java.util.concurrent.ThreadPoolExecutor.getTask(ThreadPoolExecutor.java:1074)
        at java.util.concurrent.ThreadPoolExecutor.runWorker(ThreadPoolExecutor.java:1134)
        at java.util.concurrent.ThreadPoolExecutor$Worker.run(ThreadPoolExecutor.java:624)
        at java.lang.Thread.run(Thread.java:750)
"IPC Server handler 3 on default port 15001" daemon prio=5 tid=72 timed_waiting
java.lang.Thread.State: TIMED_WAITING
        at sun.misc.Unsafe.park(Native Method)
        at java.util.concurrent.locks.LockSupport.parkNanos(LockSupport.java:215)
        at java.util.concurrent.locks.AbstractQueuedSynchronizer$ConditionObject.awaitNanos(AbstractQueuedSynchronizer.java:2078)
        at java.util.concurrent.LinkedBlockingQueue.poll(LinkedBlockingQueue.java:467)
        at org.apache.hadoop.ipc.CallQueueManager.take(CallQueueManager.java:317)
        at org.apache.hadoop.ipc.Server$Handler.run(Server.java:2992)
"8624e205-2d39-4523-82ac-4c9e49e08d77@group-7AA2029A76D4-StateMachineUpdater" daemon prio=5 tid=381 timed_waiting
java.lang.Thread.State: TIMED_WAITING
        at sun.misc.Unsafe.park(Native Method)
        at java.util.concurrent.locks.LockSupport.parkNanos(LockSupport.java:215)
        at java.util.concurrent.locks.AbstractQueuedSynchronizer$ConditionObject.await(AbstractQueuedSynchronizer.java:2163)
        at org.apache.ratis.util.AwaitForSignal.await(AwaitForSignal.java:62)
        at org.apache.ratis.server.impl.StateMachineUpdater.waitForCommit(StateMachineUpdater.java:209)
        at org.apache.ratis.server.impl.StateMachineUpdater.run(StateMachineUpdater.java:178)
        at java.lang.Thread.run(Thread.java:750)
"IPC Server handler 11 on default port 15000" daemon prio=5 tid=60 timed_waiting
java.lang.Thread.State: TIMED_WAITING
        at sun.misc.Unsafe.park(Native Method)
        at java.util.concurrent.locks.LockSupport.parkNanos(LockSupport.java:215)
        at java.util.concurrent.locks.AbstractQueuedSynchronizer$ConditionObject.awaitNanos(AbstractQueuedSynchronizer.java:2078)
        at java.util.concurrent.LinkedBlockingQueue.poll(LinkedBlockingQueue.java:467)
        at org.apache.hadoop.ipc.CallQueueManager.take(CallQueueManager.java:317)
        at org.apache.hadoop.ipc.Server$Handler.run(Server.java:2992)
"ContainerOp-8722a696-13c5-4ce8-9392-7aa2029a76d4-9"  prio=5 tid=559 in Object.wait()
java.lang.Thread.State: WAITING (on object monitor)
        at sun.misc.Unsafe.park(Native Method)
        at java.util.concurrent.locks.LockSupport.park(LockSupport.java:175)
        at java.util.concurrent.locks.AbstractQueuedSynchronizer$ConditionObject.await(AbstractQueuedSynchronizer.java:2039)
        at java.util.concurrent.LinkedBlockingQueue.take(LinkedBlockingQueue.java:442)
        at java.util.concurrent.ThreadPoolExecutor.getTask(ThreadPoolExecutor.java:1074)
        at java.util.concurrent.ThreadPoolExecutor.runWorker(ThreadPoolExecutor.java:1134)
        at java.util.concurrent.ThreadPoolExecutor$Worker.run(ThreadPoolExecutor.java:624)
        at java.lang.Thread.run(Thread.java:750)
"ContainerOp-8722a696-13c5-4ce8-9392-7aa2029a76d4-5"  prio=5 tid=550 in Object.wait()
java.lang.Thread.State: WAITING (on object monitor)
        at sun.misc.Unsafe.park(Native Method)
        at java.util.concurrent.locks.LockSupport.park(LockSupport.java:175)
        at java.util.concurrent.locks.AbstractQueuedSynchronizer$ConditionObject.await(AbstractQueuedSynchronizer.java:2039)
        at java.util.concurrent.LinkedBlockingQueue.take(LinkedBlockingQueue.java:442)
        at java.util.concurrent.ThreadPoolExecutor.getTask(ThreadPoolExecutor.java:1074)
        at java.util.concurrent.ThreadPoolExecutor.runWorker(ThreadPoolExecutor.java:1134)
        at java.util.concurrent.ThreadPoolExecutor$Worker.run(ThreadPoolExecutor.java:624)
        at java.lang.Thread.run(Thread.java:750)
"IPC Server handler 9 on default port 15001" daemon prio=5 tid=78 timed_waiting
java.lang.Thread.State: TIMED_WAITING
        at sun.misc.Unsafe.park(Native Method)
        at java.util.concurrent.locks.LockSupport.parkNanos(LockSupport.java:215)
        at java.util.concurrent.locks.AbstractQueuedSynchronizer$ConditionObject.awaitNanos(AbstractQueuedSynchronizer.java:2078)
        at java.util.concurrent.LinkedBlockingQueue.poll(LinkedBlockingQueue.java:467)
        at org.apache.hadoop.ipc.CallQueueManager.take(CallQueueManager.java:317)
        at org.apache.hadoop.ipc.Server$Handler.run(Server.java:2992)
"BlockDeletingService#3" daemon prio=5 tid=1009 in Object.wait()
java.lang.Thread.State: WAITING (on object monitor)
        at sun.misc.Unsafe.park(Native Method)
        at java.util.concurrent.locks.LockSupport.park(LockSupport.java:175)
        at java.util.concurrent.locks.AbstractQueuedSynchronizer$ConditionObject.await(AbstractQueuedSynchronizer.java:2039)
        at java.util.concurrent.ScheduledThreadPoolExecutor$DelayedWorkQueue.take(ScheduledThreadPoolExecutor.java:1088)
        at java.util.concurrent.ScheduledThreadPoolExecutor$DelayedWorkQueue.take(ScheduledThreadPoolExecutor.java:809)
        at java.util.concurrent.ThreadPoolExecutor.getTask(ThreadPoolExecutor.java:1074)
        at java.util.concurrent.ThreadPoolExecutor.runWorker(ThreadPoolExecutor.java:1134)
        at java.util.concurrent.ThreadPoolExecutor$Worker.run(ThreadPoolExecutor.java:624)
        at java.lang.Thread.run(Thread.java:750)
"9b904d97-ba57-4d1c-b750-04e93ad7e320@group-4103141B7879->50e7a123-fb10-4f6b-bd10-2c6e895f4416-GrpcLogAppender-LogAppenderDaemon" daemon prio=5 tid=423 timed_waiting
java.lang.Thread.State: TIMED_WAITING
        at sun.misc.Unsafe.park(Native Method)
        at java.util.concurrent.locks.LockSupport.parkNanos(LockSupport.java:215)
        at java.util.concurrent.locks.AbstractQueuedSynchronizer$ConditionObject.await(AbstractQueuedSynchronizer.java:2163)
        at org.apache.ratis.util.AwaitForSignal.await(AwaitForSignal.java:62)
        at org.apache.ratis.grpc.server.GrpcLogAppender.mayWait(GrpcLogAppender.java:197)
        at org.apache.ratis.grpc.server.GrpcLogAppender.run(GrpcLogAppender.java:148)
        at org.apache.ratis.server.leader.LogAppenderDaemon.run(LogAppenderDaemon.java:78)
        at org.apache.ratis.server.leader.LogAppenderDaemon$$Lambda$1210/1636380871.run(Unknown Source)
        at java.lang.Thread.run(Thread.java:750)
"RatisPipelineUtilsThread - 0"  prio=5 tid=15 timed_waiting
java.lang.Thread.State: TIMED_WAITING
        at java.lang.Object.wait(Native Method)
        at org.apache.hadoop.hdds.scm.pipeline.BackgroundPipelineCreator.run(BackgroundPipelineCreator.java:176)
        at org.apache.hadoop.hdds.scm.pipeline.BackgroundPipelineCreator$$Lambda$432/1475150566.run(Unknown Source)
        at java.lang.Thread.run(Thread.java:750)
"IPC Server handler 4 on default port 15004" daemon prio=5 tid=166 timed_waiting
java.lang.Thread.State: TIMED_WAITING
        at sun.misc.Unsafe.park(Native Method)
        at java.util.concurrent.locks.LockSupport.parkNanos(LockSupport.java:215)
        at java.util.concurrent.locks.AbstractQueuedSynchronizer$ConditionObject.awaitNanos(AbstractQueuedSynchronizer.java:2078)
        at java.util.concurrent.LinkedBlockingQueue.poll(LinkedBlockingQueue.java:467)
        at org.apache.hadoop.ipc.CallQueueManager.take(CallQueueManager.java:317)
        at org.apache.hadoop.ipc.Server$Handler.run(Server.java:2992)
"ContainerOp-069d6f8c-1a4c-4c87-8230-4103141b7879-1"  prio=5 tid=485 in Object.wait()
java.lang.Thread.State: WAITING (on object monitor)
        at sun.misc.Unsafe.park(Native Method)
        at java.util.concurrent.locks.LockSupport.park(LockSupport.java:175)
        at java.util.concurrent.locks.AbstractQueuedSynchronizer$ConditionObject.await(AbstractQueuedSynchronizer.java:2039)
        at java.util.concurrent.LinkedBlockingQueue.take(LinkedBlockingQueue.java:442)
        at java.util.concurrent.ThreadPoolExecutor.getTask(ThreadPoolExecutor.java:1074)
        at java.util.concurrent.ThreadPoolExecutor.runWorker(ThreadPoolExecutor.java:1134)
        at java.util.concurrent.ThreadPoolExecutor$Worker.run(ThreadPoolExecutor.java:624)
        at java.lang.Thread.run(Thread.java:750)
"IPC Server Responder" daemon prio=5 tid=36 runnable
java.lang.Thread.State: RUNNABLE
        at sun.nio.ch.EPollArrayWrapper.epollWait(Native Method)
        at sun.nio.ch.EPollArrayWrapper.poll(EPollArrayWrapper.java:269)
        at sun.nio.ch.EPollSelectorImpl.doSelect(EPollSelectorImpl.java:93)
        at sun.nio.ch.SelectorImpl.lockAndDoSelect(SelectorImpl.java:86)
        at sun.nio.ch.SelectorImpl.select(SelectorImpl.java:97)
        at org.apache.hadoop.ipc.Server$Responder.doRunLoop(Server.java:1578)
        at org.apache.hadoop.ipc.Server$Responder.run(Server.java:1561)
"Hadoop-Metrics-Updater-0" daemon prio=5 tid=32 timed_waiting
java.lang.Thread.State: TIMED_WAITING
        at sun.misc.Unsafe.park(Native Method)
        at java.util.concurrent.locks.LockSupport.parkNanos(LockSupport.java:215)
        at java.util.concurrent.locks.AbstractQueuedSynchronizer$ConditionObject.awaitNanos(AbstractQueuedSynchronizer.java:2078)
        at java.util.concurrent.ScheduledThreadPoolExecutor$DelayedWorkQueue.take(ScheduledThreadPoolExecutor.java:1093)
        at java.util.concurrent.ScheduledThreadPoolExecutor$DelayedWorkQueue.take(ScheduledThreadPoolExecutor.java:809)
        at java.util.concurrent.ThreadPoolExecutor.getTask(ThreadPoolExecutor.java:1074)
        at java.util.concurrent.ThreadPoolExecutor.runWorker(ThreadPoolExecutor.java:1134)
        at java.util.concurrent.ThreadPoolExecutor$Worker.run(ThreadPoolExecutor.java:624)
        at java.lang.Thread.run(Thread.java:750)
"IPC Server handler 3 on default port 15000" daemon prio=5 tid=52 timed_waiting
java.lang.Thread.State: TIMED_WAITING
        at sun.misc.Unsafe.park(Native Method)
        at java.util.concurrent.locks.LockSupport.parkNanos(LockSupport.java:215)
        at java.util.concurrent.locks.AbstractQueuedSynchronizer$ConditionObject.awaitNanos(AbstractQueuedSynchronizer.java:2078)
        at java.util.concurrent.LinkedBlockingQueue.poll(LinkedBlockingQueue.java:467)
        at org.apache.hadoop.ipc.CallQueueManager.take(CallQueueManager.java:317)
        at org.apache.hadoop.ipc.Server$Handler.run(Server.java:2992)
"qtp392959448-264" daemon prio=5 tid=264 timed_waiting
java.lang.Thread.State: TIMED_WAITING
        at sun.misc.Unsafe.park(Native Method)
        at java.util.concurrent.locks.LockSupport.parkNanos(LockSupport.java:215)
        at java.util.concurrent.locks.AbstractQueuedSynchronizer$ConditionObject.awaitNanos(AbstractQueuedSynchronizer.java:2078)
        at org.eclipse.jetty.util.BlockingArrayQueue.poll(BlockingArrayQueue.java:382)
        at org.eclipse.jetty.util.thread.QueuedThreadPool$Runner.idleJobPoll(QueuedThreadPool.java:974)
        at org.eclipse.jetty.util.thread.QueuedThreadPool$Runner.run(QueuedThreadPool.java:1018)
        at java.lang.Thread.run(Thread.java:750)
"ContainerOp-8722a696-13c5-4ce8-9392-7aa2029a76d4-7"  prio=5 tid=545 in Object.wait()
java.lang.Thread.State: WAITING (on object monitor)
        at sun.misc.Unsafe.park(Native Method)
        at java.util.concurrent.locks.LockSupport.park(LockSupport.java:175)
        at java.util.concurrent.locks.AbstractQueuedSynchronizer$ConditionObject.await(AbstractQueuedSynchronizer.java:2039)
        at java.util.concurrent.LinkedBlockingQueue.take(LinkedBlockingQueue.java:442)
        at java.util.concurrent.ThreadPoolExecutor.getTask(ThreadPoolExecutor.java:1074)
        at java.util.concurrent.ThreadPoolExecutor.runWorker(ThreadPoolExecutor.java:1134)
        at java.util.concurrent.ThreadPoolExecutor$Worker.run(ThreadPoolExecutor.java:624)
        at java.lang.Thread.run(Thread.java:750)
"9b904d97-ba57-4d1c-b750-04e93ad7e320@group-4103141B7879->8624e205-2d39-4523-82ac-4c9e49e08d77-GrpcLogAppender-LogAppenderDaemon" daemon prio=5 tid=424 timed_waiting
java.lang.Thread.State: TIMED_WAITING
        at sun.misc.Unsafe.park(Native Method)
        at java.util.concurrent.locks.LockSupport.parkNanos(LockSupport.java:215)
        at java.util.concurrent.locks.AbstractQueuedSynchronizer$ConditionObject.await(AbstractQueuedSynchronizer.java:2163)
        at org.apache.ratis.util.AwaitForSignal.await(AwaitForSignal.java:62)
        at org.apache.ratis.grpc.server.GrpcLogAppender.mayWait(GrpcLogAppender.java:197)
        at org.apache.ratis.grpc.server.GrpcLogAppender.run(GrpcLogAppender.java:148)
        at org.apache.ratis.server.leader.LogAppenderDaemon.run(LogAppenderDaemon.java:78)
        at org.apache.ratis.server.leader.LogAppenderDaemon$$Lambda$1210/1636380871.run(Unknown Source)
        at java.lang.Thread.run(Thread.java:750)
"qtp1709501349-117" daemon prio=5 tid=117 timed_waiting
java.lang.Thread.State: TIMED_WAITING
        at sun.misc.Unsafe.park(Native Method)
        at java.util.concurrent.locks.LockSupport.parkNanos(LockSupport.java:215)
        at java.util.concurrent.locks.AbstractQueuedSynchronizer$ConditionObject.awaitNanos(AbstractQueuedSynchronizer.java:2078)
        at org.eclipse.jetty.util.BlockingArrayQueue.poll(BlockingArrayQueue.java:382)
        at org.eclipse.jetty.util.thread.QueuedThreadPool$Runner.idleJobPoll(QueuedThreadPool.java:974)
        at org.eclipse.jetty.util.thread.QueuedThreadPool$Runner.run(QueuedThreadPool.java:1018)
        at java.lang.Thread.run(Thread.java:750)
"Socket Reader #1 for port 15001"  prio=5 tid=29 runnable
java.lang.Thread.State: RUNNABLE
        at sun.nio.ch.EPollArrayWrapper.epollWait(Native Method)
        at sun.nio.ch.EPollArrayWrapper.poll(EPollArrayWrapper.java:269)
        at sun.nio.ch.EPollSelectorImpl.doSelect(EPollSelectorImpl.java:93)
        at sun.nio.ch.SelectorImpl.lockAndDoSelect(SelectorImpl.java:86)
        at sun.nio.ch.SelectorImpl.select(SelectorImpl.java:97)
        at sun.nio.ch.SelectorImpl.select(SelectorImpl.java:101)
        at org.apache.hadoop.ipc.Server$Listener$Reader.doRunLoop(Server.java:1342)
        at org.apache.hadoop.ipc.Server$Listener$Reader.run(Server.java:1321)
"prometheus" daemon prio=5 tid=122 in Object.wait()
java.lang.Thread.State: WAITING (on object monitor)
        at java.lang.Object.wait(Native Method)
        at java.lang.Object.wait(Object.java:502)
        at org.apache.hadoop.metrics2.impl.SinkQueue.waitForData(SinkQueue.java:114)
        at org.apache.hadoop.metrics2.impl.SinkQueue.consumeAll(SinkQueue.java:83)
        at org.apache.hadoop.metrics2.impl.MetricsSinkAdapter.publishMetricsFromQueue(MetricsSinkAdapter.java:135)
        at org.apache.hadoop.metrics2.impl.MetricsSinkAdapter$1.run(MetricsSinkAdapter.java:89)
"PipelineCommandHandlerThread-0"  prio=5 tid=348 in Object.wait()
java.lang.Thread.State: WAITING (on object monitor)
        at sun.misc.Unsafe.park(Native Method)
        at java.util.concurrent.locks.LockSupport.park(LockSupport.java:175)
        at java.util.concurrent.locks.AbstractQueuedSynchronizer$ConditionObject.await(AbstractQueuedSynchronizer.java:2039)
        at java.util.concurrent.LinkedBlockingQueue.take(LinkedBlockingQueue.java:442)
        at java.util.concurrent.ThreadPoolExecutor.getTask(ThreadPoolExecutor.java:1074)
        at java.util.concurrent.ThreadPoolExecutor.runWorker(ThreadPoolExecutor.java:1134)
        at java.util.concurrent.ThreadPoolExecutor$Worker.run(ThreadPoolExecutor.java:624)
        at java.lang.Thread.run(Thread.java:750)
"qtp392959448-262" daemon prio=5 tid=262 timed_waiting
java.lang.Thread.State: TIMED_WAITING
        at sun.misc.Unsafe.park(Native Method)
        at java.util.concurrent.locks.LockSupport.parkNanos(LockSupport.java:215)
        at java.util.concurrent.locks.AbstractQueuedSynchronizer$ConditionObject.awaitNanos(AbstractQueuedSynchronizer.java:2078)
        at org.eclipse.jetty.util.BlockingArrayQueue.poll(BlockingArrayQueue.java:382)
        at org.eclipse.jetty.util.thread.QueuedThreadPool$Runner.idleJobPoll(QueuedThreadPool.java:974)
        at org.eclipse.jetty.util.thread.QueuedThreadPool$Runner.run(QueuedThreadPool.java:1018)
        at java.lang.Thread.run(Thread.java:750)
"timer0" daemon prio=5 tid=468 timed_waiting
java.lang.Thread.State: TIMED_WAITING
        at java.lang.Object.wait(Native Method)
        at java.util.TimerThread.mainLoop(Timer.java:552)
        at java.util.TimerThread.run(Timer.java:505)
"qtp1709501349-119" daemon prio=5 tid=119 timed_waiting
java.lang.Thread.State: TIMED_WAITING
        at sun.misc.Unsafe.park(Native Method)
        at java.util.concurrent.locks.LockSupport.parkNanos(LockSupport.java:215)
        at java.util.concurrent.locks.AbstractQueuedSynchronizer$ConditionObject.awaitNanos(AbstractQueuedSynchronizer.java:2078)
        at org.eclipse.jetty.util.BlockingArrayQueue.poll(BlockingArrayQueue.java:382)
        at org.eclipse.jetty.util.thread.QueuedThreadPool$Runner.idleJobPoll(QueuedThreadPool.java:974)
        at org.eclipse.jetty.util.thread.QueuedThreadPool$Runner.run(QueuedThreadPool.java:1018)
        at java.lang.Thread.run(Thread.java:750)
"Socket Reader #1 for port 15010"  prio=5 tid=202 runnable
java.lang.Thread.State: RUNNABLE
        at sun.nio.ch.EPollArrayWrapper.epollWait(Native Method)
        at sun.nio.ch.EPollArrayWrapper.poll(EPollArrayWrapper.java:269)
        at sun.nio.ch.EPollSelectorImpl.doSelect(EPollSelectorImpl.java:93)
        at sun.nio.ch.SelectorImpl.lockAndDoSelect(SelectorImpl.java:86)
        at sun.nio.ch.SelectorImpl.select(SelectorImpl.java:97)
        at sun.nio.ch.SelectorImpl.select(SelectorImpl.java:101)
        at org.apache.hadoop.ipc.Server$Listener$Reader.doRunLoop(Server.java:1342)
        at org.apache.hadoop.ipc.Server$Listener$Reader.run(Server.java:1321)
"8624e205-2d39-4523-82ac-4c9e49e08d77@group-7AA2029A76D4-FollowerState" daemon prio=5 tid=456 timed_waiting
java.lang.Thread.State: TIMED_WAITING
        at java.lang.Thread.sleep(Native Method)
        at java.lang.Thread.sleep(Thread.java:342)
        at java.util.concurrent.TimeUnit.sleep(TimeUnit.java:386)
        at org.apache.ratis.util.TimeDuration.sleep(TimeDuration.java:325)
        at org.apache.ratis.util.TimeDuration.sleep(TimeDuration.java:310)
        at org.apache.ratis.server.impl.FollowerState.run(FollowerState.java:128)
"8624e205-2d39-4523-82ac-4c9e49e08d77@group-4103141B7879-FollowerState" daemon prio=5 tid=420 timed_waiting
java.lang.Thread.State: TIMED_WAITING
        at java.lang.Thread.sleep(Native Method)
        at java.lang.Thread.sleep(Thread.java:342)
        at java.util.concurrent.TimeUnit.sleep(TimeUnit.java:386)
        at org.apache.ratis.util.TimeDuration.sleep(TimeDuration.java:325)
        at org.apache.ratis.util.TimeDuration.sleep(TimeDuration.java:310)
        at org.apache.ratis.server.impl.FollowerState.run(FollowerState.java:128)
"ContainerOp-069d6f8c-1a4c-4c87-8230-4103141b7879-8"  prio=5 tid=506 in Object.wait()
java.lang.Thread.State: WAITING (on object monitor)
        at sun.misc.Unsafe.park(Native Method)
        at java.util.concurrent.locks.LockSupport.park(LockSupport.java:175)
        at java.util.concurrent.locks.AbstractQueuedSynchronizer$ConditionObject.await(AbstractQueuedSynchronizer.java:2039)
        at java.util.concurrent.LinkedBlockingQueue.take(LinkedBlockingQueue.java:442)
        at java.util.concurrent.ThreadPoolExecutor.getTask(ThreadPoolExecutor.java:1074)
        at java.util.concurrent.ThreadPoolExecutor.runWorker(ThreadPoolExecutor.java:1134)
        at java.util.concurrent.ThreadPoolExecutor$Worker.run(ThreadPoolExecutor.java:624)
        at java.lang.Thread.run(Thread.java:750)
"surefire-forkedjvm-command-thread" daemon prio=5 tid=10 runnable
java.lang.Thread.State: RUNNABLE
        at java.io.FileInputStream.readBytes(Native Method)
        at java.io.FileInputStream.read(FileInputStream.java:255)
        at java.io.BufferedInputStream.read1(BufferedInputStream.java:284)
        at java.io.BufferedInputStream.read(BufferedInputStream.java:345)
        at java.io.BufferedInputStream.fill(BufferedInputStream.java:246)
        at java.io.BufferedInputStream.read1(BufferedInputStream.java:286)
        at java.io.BufferedInputStream.read(BufferedInputStream.java:345)
        at org.apache.maven.surefire.api.util.internal.Channels$3.readImpl(Channels.java:214)
        at org.apache.maven.surefire.api.util.internal.AbstractNoninterruptibleReadableChannel.read(AbstractNoninterruptibleReadableChannel.java:54)
        at org.apache.maven.surefire.booter.spi.LegacyMasterProcessChannelDecoder.decode(LegacyMasterProcessChannelDecoder.java:80)
        at org.apache.maven.surefire.booter.CommandReader$CommandRunnable.run(CommandReader.java:343)
        at java.lang.Thread.run(Thread.java:750)
"Datanode ReportManager Thread - 2" daemon prio=5 tid=244 in Object.wait()
java.lang.Thread.State: WAITING (on object monitor)
        at sun.misc.Unsafe.park(Native Method)
        at java.util.concurrent.locks.LockSupport.park(LockSupport.java:175)
        at java.util.concurrent.locks.AbstractQueuedSynchronizer$ConditionObject.await(AbstractQueuedSynchronizer.java:2039)
        at java.util.concurrent.ScheduledThreadPoolExecutor$DelayedWorkQueue.take(ScheduledThreadPoolExecutor.java:1088)
        at java.util.concurrent.ScheduledThreadPoolExecutor$DelayedWorkQueue.take(ScheduledThreadPoolExecutor.java:809)
        at java.util.concurrent.ThreadPoolExecutor.getTask(ThreadPoolExecutor.java:1074)
        at java.util.concurrent.ThreadPoolExecutor.runWorker(ThreadPoolExecutor.java:1134)
        at java.util.concurrent.ThreadPoolExecutor$Worker.run(ThreadPoolExecutor.java:624)
        at java.lang.Thread.run(Thread.java:750)
"ContainerOp-8722a696-13c5-4ce8-9392-7aa2029a76d4-1"  prio=5 tid=525 in Object.wait()
java.lang.Thread.State: WAITING (on object monitor)
        at sun.misc.Unsafe.park(Native Method)
        at java.util.concurrent.locks.LockSupport.park(LockSupport.java:175)
        at java.util.concurrent.locks.AbstractQueuedSynchronizer$ConditionObject.await(AbstractQueuedSynchronizer.java:2039)
        at java.util.concurrent.LinkedBlockingQueue.take(LinkedBlockingQueue.java:442)
        at java.util.concurrent.ThreadPoolExecutor.getTask(ThreadPoolExecutor.java:1074)
        at java.util.concurrent.ThreadPoolExecutor.runWorker(ThreadPoolExecutor.java:1134)
        at java.util.concurrent.ThreadPoolExecutor$Worker.run(ThreadPoolExecutor.java:624)
        at java.lang.Thread.run(Thread.java:750)
"ContainerOp-069d6f8c-1a4c-4c87-8230-4103141b7879-3"  prio=5 tid=499 in Object.wait()
java.lang.Thread.State: WAITING (on object monitor)
        at sun.misc.Unsafe.park(Native Method)
        at java.util.concurrent.locks.LockSupport.park(LockSupport.java:175)
        at java.util.concurrent.locks.AbstractQueuedSynchronizer$ConditionObject.await(AbstractQueuedSynchronizer.java:2039)
        at java.util.concurrent.LinkedBlockingQueue.take(LinkedBlockingQueue.java:442)
        at java.util.concurrent.ThreadPoolExecutor.getTask(ThreadPoolExecutor.java:1074)
        at java.util.concurrent.ThreadPoolExecutor.runWorker(ThreadPoolExecutor.java:1134)
        at java.util.concurrent.ThreadPoolExecutor$Worker.run(ThreadPoolExecutor.java:624)
        at java.lang.Thread.run(Thread.java:750)
"EndpointStateMachine task thread for /0.0.0.0:15002 - 0 "  prio=5 tid=308 in Object.wait()
java.lang.Thread.State: WAITING (on object monitor)
        at sun.misc.Unsafe.park(Native Method)
        at java.util.concurrent.locks.LockSupport.park(LockSupport.java:175)
        at java.util.concurrent.locks.AbstractQueuedSynchronizer$ConditionObject.await(AbstractQueuedSynchronizer.java:2039)
        at java.util.concurrent.LinkedBlockingQueue.take(LinkedBlockingQueue.java:442)
        at java.util.concurrent.ThreadPoolExecutor.getTask(ThreadPoolExecutor.java:1074)
        at java.util.concurrent.ThreadPoolExecutor.runWorker(ThreadPoolExecutor.java:1134)
        at java.util.concurrent.ThreadPoolExecutor$Worker.run(ThreadPoolExecutor.java:624)
        at java.lang.Thread.run(Thread.java:750)
"ChunkWriter-2-0" daemon prio=5 tid=311 in Object.wait()
java.lang.Thread.State: WAITING (on object monitor)
        at sun.misc.Unsafe.park(Native Method)
        at java.util.concurrent.locks.LockSupport.park(LockSupport.java:175)
        at java.util.concurrent.locks.AbstractQueuedSynchronizer$ConditionObject.await(AbstractQueuedSynchronizer.java:2039)
        at java.util.concurrent.LinkedBlockingDeque.takeFirst(LinkedBlockingDeque.java:492)
        at java.util.concurrent.LinkedBlockingDeque.take(LinkedBlockingDeque.java:680)
        at java.util.concurrent.ThreadPoolExecutor.getTask(ThreadPoolExecutor.java:1074)
        at java.util.concurrent.ThreadPoolExecutor.runWorker(ThreadPoolExecutor.java:1134)
        at java.util.concurrent.ThreadPoolExecutor$Worker.run(ThreadPoolExecutor.java:624)
        at java.lang.Thread.run(Thread.java:750)
"IPC Server handler 16 on default port 15004" daemon prio=5 tid=178 timed_waiting
java.lang.Thread.State: TIMED_WAITING
        at sun.misc.Unsafe.park(Native Method)
        at java.util.concurrent.locks.LockSupport.parkNanos(LockSupport.java:215)
        at java.util.concurrent.locks.AbstractQueuedSynchronizer$ConditionObject.awaitNanos(AbstractQueuedSynchronizer.java:2078)
        at java.util.concurrent.LinkedBlockingQueue.poll(LinkedBlockingQueue.java:467)
        at org.apache.hadoop.ipc.CallQueueManager.take(CallQueueManager.java:317)
        at org.apache.hadoop.ipc.Server$Handler.run(Server.java:2992)
"Under Replicated Processor" daemon prio=5 tid=19 timed_waiting
java.lang.Thread.State: TIMED_WAITING
        at java.lang.Object.wait(Native Method)
        at org.apache.hadoop.hdds.scm.container.replication.UnhealthyReplicationProcessor.run(UnhealthyReplicationProcessor.java:172)
        at java.lang.Thread.run(Thread.java:750)
"ChunkReader-ELG-0" daemon prio=5 tid=302 runnable
java.lang.Thread.State: RUNNABLE
        at org.apache.ratis.thirdparty.io.netty.channel.epoll.Native.epollWait(Native Method)
        at org.apache.ratis.thirdparty.io.netty.channel.epoll.Native.epollWait(Native.java:209)
        at org.apache.ratis.thirdparty.io.netty.channel.epoll.Native.epollWait(Native.java:202)
        at org.apache.ratis.thirdparty.io.netty.channel.epoll.EpollEventLoop.epollWaitNoTimerChange(EpollEventLoop.java:306)
        at org.apache.ratis.thirdparty.io.netty.channel.epoll.EpollEventLoop.run(EpollEventLoop.java:363)
        at org.apache.ratis.thirdparty.io.netty.util.concurrent.SingleThreadEventExecutor$4.run(SingleThreadEventExecutor.java:997)
        at org.apache.ratis.thirdparty.io.netty.util.internal.ThreadExecutorMap$2.run(ThreadExecutorMap.java:74)
        at java.lang.Thread.run(Thread.java:750)
"IPC Server handler 2 on default port 15000" daemon prio=5 tid=51 timed_waiting
java.lang.Thread.State: TIMED_WAITING
        at sun.misc.Unsafe.park(Native Method)
        at java.util.concurrent.locks.LockSupport.parkNanos(LockSupport.java:215)
        at java.util.concurrent.locks.AbstractQueuedSynchronizer$ConditionObject.awaitNanos(AbstractQueuedSynchronizer.java:2078)
        at java.util.concurrent.LinkedBlockingQueue.poll(LinkedBlockingQueue.java:467)
        at org.apache.hadoop.ipc.CallQueueManager.take(CallQueueManager.java:317)
        at org.apache.hadoop.ipc.Server$Handler.run(Server.java:2992)
"Session-HouseKeeper-254a0ce8-1"  prio=5 tid=266 timed_waiting
java.lang.Thread.State: TIMED_WAITING
        at sun.misc.Unsafe.park(Native Method)
        at java.util.concurrent.locks.LockSupport.parkNanos(LockSupport.java:215)
        at java.util.concurrent.locks.AbstractQueuedSynchronizer$ConditionObject.awaitNanos(AbstractQueuedSynchronizer.java:2078)
        at java.util.concurrent.ScheduledThreadPoolExecutor$DelayedWorkQueue.take(ScheduledThreadPoolExecutor.java:1093)
        at java.util.concurrent.ScheduledThreadPoolExecutor$DelayedWorkQueue.take(ScheduledThreadPoolExecutor.java:809)
        at java.util.concurrent.ThreadPoolExecutor.getTask(ThreadPoolExecutor.java:1074)
        at java.util.concurrent.ThreadPoolExecutor.runWorker(ThreadPoolExecutor.java:1134)
        at java.util.concurrent.ThreadPoolExecutor$Worker.run(ThreadPoolExecutor.java:624)
        at java.lang.Thread.run(Thread.java:750)
"PartialTableCache Cleanup Thread - 0" daemon prio=5 tid=759 in Object.wait()
java.lang.Thread.State: WAITING (on object monitor)
        at sun.misc.Unsafe.park(Native Method)
        at java.util.concurrent.locks.LockSupport.park(LockSupport.java:175)
        at java.util.concurrent.locks.AbstractQueuedSynchronizer$ConditionObject.await(AbstractQueuedSynchronizer.java:2039)
        at java.util.concurrent.LinkedBlockingQueue.take(LinkedBlockingQueue.java:442)
        at java.util.concurrent.ThreadPoolExecutor.getTask(ThreadPoolExecutor.java:1074)
        at java.util.concurrent.ThreadPoolExecutor.runWorker(ThreadPoolExecutor.java:1134)
        at java.util.concurrent.ThreadPoolExecutor$Worker.run(ThreadPoolExecutor.java:624)
        at java.lang.Thread.run(Thread.java:750)
"EventQueue-NodeReportForNodeReportHandler" daemon prio=5 tid=999 in Object.wait()
java.lang.Thread.State: WAITING (on object monitor)
        at sun.misc.Unsafe.park(Native Method)
        at java.util.concurrent.locks.LockSupport.park(LockSupport.java:175)
        at java.util.concurrent.locks.AbstractQueuedSynchronizer$ConditionObject.await(AbstractQueuedSynchronizer.java:2039)
        at java.util.concurrent.LinkedBlockingQueue.take(LinkedBlockingQueue.java:442)
        at java.util.concurrent.ThreadPoolExecutor.getTask(ThreadPoolExecutor.java:1074)
        at java.util.concurrent.ThreadPoolExecutor.runWorker(ThreadPoolExecutor.java:1134)
        at java.util.concurrent.ThreadPoolExecutor$Worker.run(ThreadPoolExecutor.java:624)
        at java.lang.Thread.run(Thread.java:750)
"Timer-0"  prio=5 tid=146 timed_waiting
java.lang.Thread.State: TIMED_WAITING
        at java.lang.Object.wait(Native Method)
        at java.util.TimerThread.mainLoop(Timer.java:552)
        at java.util.TimerThread.run(Timer.java:505)
"ContainerOp-069d6f8c-1a4c-4c87-8230-4103141b7879-4"  prio=5 tid=496 in Object.wait()
java.lang.Thread.State: WAITING (on object monitor)
        at sun.misc.Unsafe.park(Native Method)
        at java.util.concurrent.locks.LockSupport.park(LockSupport.java:175)
        at java.util.concurrent.locks.AbstractQueuedSynchronizer$ConditionObject.await(AbstractQueuedSynchronizer.java:2039)
        at java.util.concurrent.LinkedBlockingQueue.take(LinkedBlockingQueue.java:442)
        at java.util.concurrent.ThreadPoolExecutor.getTask(ThreadPoolExecutor.java:1074)
        at java.util.concurrent.ThreadPoolExecutor.runWorker(ThreadPoolExecutor.java:1134)
        at java.util.concurrent.ThreadPoolExecutor$Worker.run(ThreadPoolExecutor.java:624)
        at java.lang.Thread.run(Thread.java:750)
"IPC Server handler 2 on default port 15001" daemon prio=5 tid=71 timed_waiting
java.lang.Thread.State: TIMED_WAITING
        at sun.misc.Unsafe.park(Native Method)
        at java.util.concurrent.locks.LockSupport.parkNanos(LockSupport.java:215)
        at java.util.concurrent.locks.AbstractQueuedSynchronizer$ConditionObject.awaitNanos(AbstractQueuedSynchronizer.java:2078)
        at java.util.concurrent.LinkedBlockingQueue.poll(LinkedBlockingQueue.java:467)
        at org.apache.hadoop.ipc.CallQueueManager.take(CallQueueManager.java:317)
        at org.apache.hadoop.ipc.Server$Handler.run(Server.java:2992)
"ContainerOp-8722a696-13c5-4ce8-9392-7aa2029a76d4-1"  prio=5 tid=538 in Object.wait()
java.lang.Thread.State: WAITING (on object monitor)
        at sun.misc.Unsafe.park(Native Method)
        at java.util.concurrent.locks.LockSupport.park(LockSupport.java:175)
        at java.util.concurrent.locks.AbstractQueuedSynchronizer$ConditionObject.await(AbstractQueuedSynchronizer.java:2039)
        at java.util.concurrent.LinkedBlockingQueue.take(LinkedBlockingQueue.java:442)
        at java.util.concurrent.ThreadPoolExecutor.getTask(ThreadPoolExecutor.java:1074)
        at java.util.concurrent.ThreadPoolExecutor.runWorker(ThreadPoolExecutor.java:1134)
        at java.util.concurrent.ThreadPoolExecutor$Worker.run(ThreadPoolExecutor.java:624)
        at java.lang.Thread.run(Thread.java:750)
"9b904d97-ba57-4d1c-b750-04e93ad7e320@group-7AA2029A76D4-SegmentedRaftLogWorker"  prio=5 tid=376 timed_waiting
java.lang.Thread.State: TIMED_WAITING
        at sun.misc.Unsafe.park(Native Method)
        at java.util.concurrent.locks.LockSupport.parkNanos(LockSupport.java:215)
        at java.util.concurrent.locks.AbstractQueuedSynchronizer$ConditionObject.awaitNanos(AbstractQueuedSynchronizer.java:2078)
        at org.apache.ratis.util.DataBlockingQueue.poll(DataBlockingQueue.java:148)
        at org.apache.ratis.server.raftlog.segmented.SegmentedRaftLogWorker.run(SegmentedRaftLogWorker.java:307)
        at org.apache.ratis.server.raftlog.segmented.SegmentedRaftLogWorker$$Lambda$810/1436683595.run(Unknown Source)
        at java.util.concurrent.Executors$RunnableAdapter.call(Executors.java:511)
        at java.util.concurrent.FutureTask.run(FutureTask.java:266)
        at java.util.concurrent.ThreadPoolExecutor.runWorker(ThreadPoolExecutor.java:1149)
        at java.util.concurrent.ThreadPoolExecutor$Worker.run(ThreadPoolExecutor.java:624)
        at java.lang.Thread.run(Thread.java:750)
"Periodic HDDS volume checker" daemon prio=5 tid=250 timed_waiting
java.lang.Thread.State: TIMED_WAITING
        at sun.misc.Unsafe.park(Native Method)
        at java.util.concurrent.locks.LockSupport.parkNanos(LockSupport.java:215)
        at java.util.concurrent.locks.AbstractQueuedSynchronizer$ConditionObject.awaitNanos(AbstractQueuedSynchronizer.java:2078)
        at java.util.concurrent.ScheduledThreadPoolExecutor$DelayedWorkQueue.take(ScheduledThreadPoolExecutor.java:1093)
        at java.util.concurrent.ScheduledThreadPoolExecutor$DelayedWorkQueue.take(ScheduledThreadPoolExecutor.java:809)
        at java.util.concurrent.ThreadPoolExecutor.getTask(ThreadPoolExecutor.java:1074)
        at java.util.concurrent.ThreadPoolExecutor.runWorker(ThreadPoolExecutor.java:1134)
        at java.util.concurrent.ThreadPoolExecutor$Worker.run(ThreadPoolExecutor.java:624)
        at java.lang.Thread.run(Thread.java:750)
"IPC Server handler 15 on default port 15004" daemon prio=5 tid=177 timed_waiting
java.lang.Thread.State: TIMED_WAITING
        at sun.misc.Unsafe.park(Native Method)
        at java.util.concurrent.locks.LockSupport.parkNanos(LockSupport.java:215)
        at java.util.concurrent.locks.AbstractQueuedSynchronizer$ConditionObject.awaitNanos(AbstractQueuedSynchronizer.java:2078)
        at java.util.concurrent.LinkedBlockingQueue.poll(LinkedBlockingQueue.java:467)
        at org.apache.hadoop.ipc.CallQueueManager.take(CallQueueManager.java:317)
        at org.apache.hadoop.ipc.Server$Handler.run(Server.java:2992)
"StaleRecoveringContainerScrubbingService#1" daemon prio=5 tid=318 in Object.wait()
java.lang.Thread.State: WAITING (on object monitor)
        at sun.misc.Unsafe.park(Native Method)
        at java.util.concurrent.locks.LockSupport.park(LockSupport.java:175)
        at java.util.concurrent.locks.AbstractQueuedSynchronizer$ConditionObject.await(AbstractQueuedSynchronizer.java:2039)
        at java.util.concurrent.ScheduledThreadPoolExecutor$DelayedWorkQueue.take(ScheduledThreadPoolExecutor.java:1088)
        at java.util.concurrent.ScheduledThreadPoolExecutor$DelayedWorkQueue.take(ScheduledThreadPoolExecutor.java:809)
        at java.util.concurrent.ThreadPoolExecutor.getTask(ThreadPoolExecutor.java:1074)
        at java.util.concurrent.ThreadPoolExecutor.runWorker(ThreadPoolExecutor.java:1134)
        at java.util.concurrent.ThreadPoolExecutor$Worker.run(ThreadPoolExecutor.java:624)
        at java.lang.Thread.run(Thread.java:750)
"ChunkWriter-1-0" daemon prio=5 tid=286 in Object.wait()
java.lang.Thread.State: WAITING (on object monitor)
        at sun.misc.Unsafe.park(Native Method)
        at java.util.concurrent.locks.LockSupport.park(LockSupport.java:175)
        at java.util.concurrent.locks.AbstractQueuedSynchronizer$ConditionObject.await(AbstractQueuedSynchronizer.java:2039)
        at java.util.concurrent.LinkedBlockingDeque.takeFirst(LinkedBlockingDeque.java:492)
        at java.util.concurrent.LinkedBlockingDeque.take(LinkedBlockingDeque.java:680)
        at java.util.concurrent.ThreadPoolExecutor.getTask(ThreadPoolExecutor.java:1074)
        at java.util.concurrent.ThreadPoolExecutor.runWorker(ThreadPoolExecutor.java:1134)
        at java.util.concurrent.ThreadPoolExecutor$Worker.run(ThreadPoolExecutor.java:624)
        at java.lang.Thread.run(Thread.java:750)
"qtp392959448-261" daemon prio=5 tid=261 timed_waiting
java.lang.Thread.State: TIMED_WAITING
        at sun.misc.Unsafe.park(Native Method)
        at java.util.concurrent.locks.LockSupport.parkNanos(LockSupport.java:215)
        at java.util.concurrent.locks.AbstractQueuedSynchronizer$ConditionObject.awaitNanos(AbstractQueuedSynchronizer.java:2078)
        at org.eclipse.jetty.util.BlockingArrayQueue.poll(BlockingArrayQueue.java:382)
        at org.eclipse.jetty.util.thread.QueuedThreadPool$Runner.idleJobPoll(QueuedThreadPool.java:974)
        at org.eclipse.jetty.util.thread.QueuedThreadPool$Runner.run(QueuedThreadPool.java:1018)
        at java.lang.Thread.run(Thread.java:750)
"SCMBlockDeletingService#0" daemon prio=5 tid=109 timed_waiting
java.lang.Thread.State: TIMED_WAITING
        at sun.misc.Unsafe.park(Native Method)
        at java.util.concurrent.locks.LockSupport.parkNanos(LockSupport.java:215)
        at java.util.concurrent.locks.AbstractQueuedSynchronizer$ConditionObject.awaitNanos(AbstractQueuedSynchronizer.java:2078)
        at java.util.concurrent.ScheduledThreadPoolExecutor$DelayedWorkQueue.take(ScheduledThreadPoolExecutor.java:1093)
        at java.util.concurrent.ScheduledThreadPoolExecutor$DelayedWorkQueue.take(ScheduledThreadPoolExecutor.java:809)
        at java.util.concurrent.ThreadPoolExecutor.getTask(ThreadPoolExecutor.java:1074)
        at java.util.concurrent.ThreadPoolExecutor.runWorker(ThreadPoolExecutor.java:1134)
        at java.util.concurrent.ThreadPoolExecutor$Worker.run(ThreadPoolExecutor.java:624)
        at java.lang.Thread.run(Thread.java:750)
"IPC Server handler 8 on default port 15002" daemon prio=5 tid=97 timed_waiting
java.lang.Thread.State: TIMED_WAITING
        at sun.misc.Unsafe.park(Native Method)
        at java.util.concurrent.locks.LockSupport.parkNanos(LockSupport.java:215)
        at java.util.concurrent.locks.AbstractQueuedSynchronizer$ConditionObject.awaitNanos(AbstractQueuedSynchronizer.java:2078)
        at java.util.concurrent.LinkedBlockingQueue.poll(LinkedBlockingQueue.java:467)
        at org.apache.hadoop.ipc.CallQueueManager.take(CallQueueManager.java:317)
        at org.apache.hadoop.ipc.Server$Handler.run(Server.java:2992)
"StaleRecoveringContainerScrubbingService#3" daemon prio=5 tid=1008 in Object.wait()
java.lang.Thread.State: WAITING (on object monitor)
        at sun.misc.Unsafe.park(Native Method)
        at java.util.concurrent.locks.LockSupport.park(LockSupport.java:175)
        at java.util.concurrent.locks.AbstractQueuedSynchronizer$ConditionObject.await(AbstractQueuedSynchronizer.java:2039)
        at java.util.concurrent.ScheduledThreadPoolExecutor$DelayedWorkQueue.take(ScheduledThreadPoolExecutor.java:1088)
        at java.util.concurrent.ScheduledThreadPoolExecutor$DelayedWorkQueue.take(ScheduledThreadPoolExecutor.java:809)
        at java.util.concurrent.ThreadPoolExecutor.getTask(ThreadPoolExecutor.java:1074)
        at java.util.concurrent.ThreadPoolExecutor.runWorker(ThreadPoolExecutor.java:1134)
        at java.util.concurrent.ThreadPoolExecutor$Worker.run(ThreadPoolExecutor.java:624)
        at java.lang.Thread.run(Thread.java:750)
"IPC Parameter Sending Thread for 0.0.0.0/0.0.0.0:15002" daemon prio=5 tid=284 timed_waiting
java.lang.Thread.State: TIMED_WAITING
        at sun.misc.Unsafe.park(Native Method)
        at java.util.concurrent.locks.LockSupport.parkNanos(LockSupport.java:215)
        at java.util.concurrent.SynchronousQueue$TransferQueue.awaitFulfill(SynchronousQueue.java:764)
        at java.util.concurrent.SynchronousQueue$TransferQueue.transfer(SynchronousQueue.java:695)
        at java.util.concurrent.SynchronousQueue.poll(SynchronousQueue.java:941)
        at org.apache.hadoop.ipc.Client$Connection$RpcRequestSender.run(Client.java:1122)
        at java.lang.Thread.run(Thread.java:750)
"9b904d97-ba57-4d1c-b750-04e93ad7e320@group-4103141B7879-StateMachineUpdater" daemon prio=5 tid=335 timed_waiting
java.lang.Thread.State: TIMED_WAITING
        at sun.misc.Unsafe.park(Native Method)
        at java.util.concurrent.locks.LockSupport.parkNanos(LockSupport.java:215)
        at java.util.concurrent.locks.AbstractQueuedSynchronizer$ConditionObject.await(AbstractQueuedSynchronizer.java:2163)
        at org.apache.ratis.util.AwaitForSignal.await(AwaitForSignal.java:62)
        at org.apache.ratis.server.impl.StateMachineUpdater.waitForCommit(StateMachineUpdater.java:209)
        at org.apache.ratis.server.impl.StateMachineUpdater.run(StateMachineUpdater.java:178)
        at java.lang.Thread.run(Thread.java:750)
"IPC Server handler 16 on default port 15001" daemon prio=5 tid=85 timed_waiting
java.lang.Thread.State: TIMED_WAITING
        at sun.misc.Unsafe.park(Native Method)
        at java.util.concurrent.locks.LockSupport.parkNanos(LockSupport.java:215)
        at java.util.concurrent.locks.AbstractQueuedSynchronizer$ConditionObject.awaitNanos(AbstractQueuedSynchronizer.java:2078)
        at java.util.concurrent.LinkedBlockingQueue.poll(LinkedBlockingQueue.java:467)
        at org.apache.hadoop.ipc.CallQueueManager.take(CallQueueManager.java:317)
        at org.apache.hadoop.ipc.Server$Handler.run(Server.java:2992)
"Socket Reader #1 for port 15004"  prio=5 tid=136 runnable
java.lang.Thread.State: RUNNABLE
        at sun.nio.ch.EPollArrayWrapper.epollWait(Native Method)
        at sun.nio.ch.EPollArrayWrapper.poll(EPollArrayWrapper.java:269)
        at sun.nio.ch.EPollSelectorImpl.doSelect(EPollSelectorImpl.java:93)
        at sun.nio.ch.SelectorImpl.lockAndDoSelect(SelectorImpl.java:86)
        at sun.nio.ch.SelectorImpl.select(SelectorImpl.java:97)
        at sun.nio.ch.SelectorImpl.select(SelectorImpl.java:101)
        at org.apache.hadoop.ipc.Server$Listener$Reader.doRunLoop(Server.java:1342)
        at org.apache.hadoop.ipc.Server$Listener$Reader.run(Server.java:1321)
"ContainerOp-069d6f8c-1a4c-4c87-8230-4103141b7879-5"  prio=5 tid=498 in Object.wait()
java.lang.Thread.State: WAITING (on object monitor)
        at sun.misc.Unsafe.park(Native Method)
        at java.util.concurrent.locks.LockSupport.park(LockSupport.java:175)
        at java.util.concurrent.locks.AbstractQueuedSynchronizer$ConditionObject.await(AbstractQueuedSynchronizer.java:2039)
        at java.util.concurrent.LinkedBlockingQueue.take(LinkedBlockingQueue.java:442)
        at java.util.concurrent.ThreadPoolExecutor.getTask(ThreadPoolExecutor.java:1074)
        at java.util.concurrent.ThreadPoolExecutor.runWorker(ThreadPoolExecutor.java:1134)
        at java.util.concurrent.ThreadPoolExecutor$Worker.run(ThreadPoolExecutor.java:624)
        at java.lang.Thread.run(Thread.java:750)
"BlockDeletingService#2" daemon prio=5 tid=1003 in Object.wait()
java.lang.Thread.State: WAITING (on object monitor)
        at sun.misc.Unsafe.park(Native Method)
        at java.util.concurrent.locks.LockSupport.park(LockSupport.java:175)
        at java.util.concurrent.locks.AbstractQueuedSynchronizer$ConditionObject.await(AbstractQueuedSynchronizer.java:2039)
        at java.util.concurrent.ScheduledThreadPoolExecutor$DelayedWorkQueue.take(ScheduledThreadPoolExecutor.java:1088)
        at java.util.concurrent.ScheduledThreadPoolExecutor$DelayedWorkQueue.take(ScheduledThreadPoolExecutor.java:809)
        at java.util.concurrent.ThreadPoolExecutor.getTask(ThreadPoolExecutor.java:1074)
        at java.util.concurrent.ThreadPoolExecutor.runWorker(ThreadPoolExecutor.java:1134)
        at java.util.concurrent.ThreadPoolExecutor$Worker.run(ThreadPoolExecutor.java:624)
        at java.lang.Thread.run(Thread.java:750)
"IPC Server handler 18 on default port 15004" daemon prio=5 tid=180 timed_waiting
java.lang.Thread.State: TIMED_WAITING
        at sun.misc.Unsafe.park(Native Method)
        at java.util.concurrent.locks.LockSupport.parkNanos(LockSupport.java:215)
        at java.util.concurrent.locks.AbstractQueuedSynchronizer$ConditionObject.awaitNanos(AbstractQueuedSynchronizer.java:2078)
        at java.util.concurrent.LinkedBlockingQueue.poll(LinkedBlockingQueue.java:467)
        at org.apache.hadoop.ipc.CallQueueManager.take(CallQueueManager.java:317)
        at org.apache.hadoop.ipc.Server$Handler.run(Server.java:2992)
"IPC Server listener on 15002" daemon prio=5 tid=23 runnable
java.lang.Thread.State: RUNNABLE
        at sun.nio.ch.EPollArrayWrapper.epollWait(Native Method)
        at sun.nio.ch.EPollArrayWrapper.poll(EPollArrayWrapper.java:269)
        at sun.nio.ch.EPollSelectorImpl.doSelect(EPollSelectorImpl.java:93)
        at sun.nio.ch.SelectorImpl.lockAndDoSelect(SelectorImpl.java:86)
        at sun.nio.ch.SelectorImpl.select(SelectorImpl.java:97)
        at sun.nio.ch.SelectorImpl.select(SelectorImpl.java:101)
        at org.apache.hadoop.ipc.Server$Listener.run(Server.java:1404)
"qtp1609724165-195" daemon prio=5 tid=195 timed_waiting
java.lang.Thread.State: TIMED_WAITING
        at sun.misc.Unsafe.park(Native Method)
        at java.util.concurrent.locks.LockSupport.parkNanos(LockSupport.java:215)
        at java.util.concurrent.locks.AbstractQueuedSynchronizer$ConditionObject.awaitNanos(AbstractQueuedSynchronizer.java:2078)
        at org.eclipse.jetty.util.BlockingArrayQueue.poll(BlockingArrayQueue.java:382)
        at org.eclipse.jetty.util.thread.QueuedThreadPool$Runner.idleJobPoll(QueuedThreadPool.java:974)
        at org.eclipse.jetty.util.thread.QueuedThreadPool$Runner.run(QueuedThreadPool.java:1018)
        at java.lang.Thread.run(Thread.java:750)
"50e7a123-fb10-4f6b-bd10-2c6e895f4416@group-F1BA168EBC4E-StateMachineUpdater" daemon prio=5 tid=360 timed_waiting
java.lang.Thread.State: TIMED_WAITING
        at sun.misc.Unsafe.park(Native Method)
        at java.util.concurrent.locks.LockSupport.parkNanos(LockSupport.java:215)
        at java.util.concurrent.locks.AbstractQueuedSynchronizer$ConditionObject.await(AbstractQueuedSynchronizer.java:2163)
        at org.apache.ratis.util.AwaitForSignal.await(AwaitForSignal.java:62)
        at org.apache.ratis.server.impl.StateMachineUpdater.waitForCommit(StateMachineUpdater.java:209)
        at org.apache.ratis.server.impl.StateMachineUpdater.run(StateMachineUpdater.java:178)
        at java.lang.Thread.run(Thread.java:750)
"IPC Server handler 8 on default port 15004" daemon prio=5 tid=170 timed_waiting
java.lang.Thread.State: TIMED_WAITING
        at sun.misc.Unsafe.park(Native Method)
        at java.util.concurrent.locks.LockSupport.parkNanos(LockSupport.java:215)
        at java.util.concurrent.locks.AbstractQueuedSynchronizer$ConditionObject.awaitNanos(AbstractQueuedSynchronizer.java:2078)
        at java.util.concurrent.LinkedBlockingQueue.poll(LinkedBlockingQueue.java:467)
        at org.apache.hadoop.ipc.CallQueueManager.take(CallQueueManager.java:317)
        at org.apache.hadoop.ipc.Server$Handler.run(Server.java:2992)
"IPC Server handler 15 on default port 15001" daemon prio=5 tid=84 timed_waiting
java.lang.Thread.State: TIMED_WAITING
        at sun.misc.Unsafe.park(Native Method)
        at java.util.concurrent.locks.LockSupport.parkNanos(LockSupport.java:215)
        at java.util.concurrent.locks.AbstractQueuedSynchronizer$ConditionObject.awaitNanos(AbstractQueuedSynchronizer.java:2078)
        at java.util.concurrent.LinkedBlockingQueue.poll(LinkedBlockingQueue.java:467)
        at org.apache.hadoop.ipc.CallQueueManager.take(CallQueueManager.java:317)
        at org.apache.hadoop.ipc.Server$Handler.run(Server.java:2992)
"9b904d97-ba57-4d1c-b750-04e93ad7e320@group-7AA2029A76D4-FollowerState" daemon prio=5 tid=455 timed_waiting
java.lang.Thread.State: TIMED_WAITING
        at java.lang.Thread.sleep(Native Method)
        at java.lang.Thread.sleep(Thread.java:342)
        at java.util.concurrent.TimeUnit.sleep(TimeUnit.java:386)
        at org.apache.ratis.util.TimeDuration.sleep(TimeDuration.java:325)
        at org.apache.ratis.util.TimeDuration.sleep(TimeDuration.java:310)
        at org.apache.ratis.server.impl.FollowerState.run(FollowerState.java:128)
"Periodic HDDS volume checker" daemon prio=5 tid=218 timed_waiting
java.lang.Thread.State: TIMED_WAITING
        at sun.misc.Unsafe.park(Native Method)
        at java.util.concurrent.locks.LockSupport.parkNanos(LockSupport.java:215)
        at java.util.concurrent.locks.AbstractQueuedSynchronizer$ConditionObject.awaitNanos(AbstractQueuedSynchronizer.java:2078)
        at java.util.concurrent.ScheduledThreadPoolExecutor$DelayedWorkQueue.take(ScheduledThreadPoolExecutor.java:1093)
        at java.util.concurrent.ScheduledThreadPoolExecutor$DelayedWorkQueue.take(ScheduledThreadPoolExecutor.java:809)
        at java.util.concurrent.ThreadPoolExecutor.getTask(ThreadPoolExecutor.java:1074)
        at java.util.concurrent.ThreadPoolExecutor.runWorker(ThreadPoolExecutor.java:1134)
        at java.util.concurrent.ThreadPoolExecutor$Worker.run(ThreadPoolExecutor.java:624)
        at java.lang.Thread.run(Thread.java:750)
"IPC Server handler 13 on default port 15004" daemon prio=5 tid=175 timed_waiting
java.lang.Thread.State: TIMED_WAITING
        at sun.misc.Unsafe.park(Native Method)
        at java.util.concurrent.locks.LockSupport.parkNanos(LockSupport.java:215)
        at java.util.concurrent.locks.AbstractQueuedSynchronizer$ConditionObject.awaitNanos(AbstractQueuedSynchronizer.java:2078)
        at java.util.concurrent.LinkedBlockingQueue.poll(LinkedBlockingQueue.java:467)
        at org.apache.hadoop.ipc.CallQueueManager.take(CallQueueManager.java:317)
        at org.apache.hadoop.ipc.Server$Handler.run(Server.java:2992)
"StaleRecoveringContainerScrubbingService#1" daemon prio=5 tid=305 in Object.wait()
java.lang.Thread.State: WAITING (on object monitor)
        at sun.misc.Unsafe.park(Native Method)
        at java.util.concurrent.locks.LockSupport.park(LockSupport.java:175)
        at java.util.concurrent.locks.AbstractQueuedSynchronizer$ConditionObject.await(AbstractQueuedSynchronizer.java:2039)
        at java.util.concurrent.ScheduledThreadPoolExecutor$DelayedWorkQueue.take(ScheduledThreadPoolExecutor.java:1088)
        at java.util.concurrent.ScheduledThreadPoolExecutor$DelayedWorkQueue.take(ScheduledThreadPoolExecutor.java:809)
        at java.util.concurrent.ThreadPoolExecutor.getTask(ThreadPoolExecutor.java:1074)
        at java.util.concurrent.ThreadPoolExecutor.runWorker(ThreadPoolExecutor.java:1134)
        at java.util.concurrent.ThreadPoolExecutor$Worker.run(ThreadPoolExecutor.java:624)
        at java.lang.Thread.run(Thread.java:750)
"IPC Server handler 10 on default port 15000" daemon prio=5 tid=59 timed_waiting
java.lang.Thread.State: TIMED_WAITING
        at sun.misc.Unsafe.park(Native Method)
        at java.util.concurrent.locks.LockSupport.parkNanos(LockSupport.java:215)
        at java.util.concurrent.locks.AbstractQueuedSynchronizer$ConditionObject.awaitNanos(AbstractQueuedSynchronizer.java:2078)
        at java.util.concurrent.LinkedBlockingQueue.poll(LinkedBlockingQueue.java:467)
        at org.apache.hadoop.ipc.CallQueueManager.take(CallQueueManager.java:317)
        at org.apache.hadoop.ipc.Server$Handler.run(Server.java:2992)
"ContainerOp-8722a696-13c5-4ce8-9392-7aa2029a76d4-5"  prio=5 tid=547 in Object.wait()
java.lang.Thread.State: WAITING (on object monitor)
        at sun.misc.Unsafe.park(Native Method)
        at java.util.concurrent.locks.LockSupport.park(LockSupport.java:175)
        at java.util.concurrent.locks.AbstractQueuedSynchronizer$ConditionObject.await(AbstractQueuedSynchronizer.java:2039)
        at java.util.concurrent.LinkedBlockingQueue.take(LinkedBlockingQueue.java:442)
        at java.util.concurrent.ThreadPoolExecutor.getTask(ThreadPoolExecutor.java:1074)
        at java.util.concurrent.ThreadPoolExecutor.runWorker(ThreadPoolExecutor.java:1134)
        at java.util.concurrent.ThreadPoolExecutor$Worker.run(ThreadPoolExecutor.java:624)
        at java.lang.Thread.run(Thread.java:750)
"org.apache.hadoop.ozone.container.common.statemachine.commandhandler.DeleteBlocksCommandHandler$DeleteCmdWorker@75888cb" daemon prio=5 tid=224 timed_waiting
java.lang.Thread.State: TIMED_WAITING
        at java.lang.Thread.sleep(Native Method)
        at org.apache.hadoop.ozone.container.common.statemachine.commandhandler.DeleteBlocksCommandHandler$DeleteCmdWorker.run(DeleteBlocksCommandHandler.java:187)
        at java.lang.Thread.run(Thread.java:750)
"qtp1934342177-156" daemon prio=5 tid=156 timed_waiting
java.lang.Thread.State: TIMED_WAITING
        at sun.misc.Unsafe.park(Native Method)
        at java.util.concurrent.locks.LockSupport.parkNanos(LockSupport.java:215)
        at java.util.concurrent.locks.AbstractQueuedSynchronizer$ConditionObject.awaitNanos(AbstractQueuedSynchronizer.java:2078)
        at org.eclipse.jetty.util.BlockingArrayQueue.poll(BlockingArrayQueue.java:382)
        at org.eclipse.jetty.util.thread.QueuedThreadPool$Runner.idleJobPoll(QueuedThreadPool.java:974)
        at org.eclipse.jetty.util.thread.QueuedThreadPool$Runner.run(QueuedThreadPool.java:1018)
        at java.lang.Thread.run(Thread.java:750)
"IPC Server handler 15 on default port 15000" daemon prio=5 tid=64 timed_waiting
java.lang.Thread.State: TIMED_WAITING
        at sun.misc.Unsafe.park(Native Method)
        at java.util.concurrent.locks.LockSupport.parkNanos(LockSupport.java:215)
        at java.util.concurrent.locks.AbstractQueuedSynchronizer$ConditionObject.awaitNanos(AbstractQueuedSynchronizer.java:2078)
        at java.util.concurrent.LinkedBlockingQueue.poll(LinkedBlockingQueue.java:467)
        at org.apache.hadoop.ipc.CallQueueManager.take(CallQueueManager.java:317)
        at org.apache.hadoop.ipc.Server$Handler.run(Server.java:2992)
"50e7a123-fb10-4f6b-bd10-2c6e895f4416@group-7AA2029A76D4-SegmentedRaftLogWorker"  prio=5 tid=394 timed_waiting
java.lang.Thread.State: TIMED_WAITING
        at sun.misc.Unsafe.park(Native Method)
        at java.util.concurrent.locks.LockSupport.parkNanos(LockSupport.java:215)
        at java.util.concurrent.locks.AbstractQueuedSynchronizer$ConditionObject.awaitNanos(AbstractQueuedSynchronizer.java:2078)
        at org.apache.ratis.util.DataBlockingQueue.poll(DataBlockingQueue.java:148)
        at org.apache.ratis.server.raftlog.segmented.SegmentedRaftLogWorker.run(SegmentedRaftLogWorker.java:307)
        at org.apache.ratis.server.raftlog.segmented.SegmentedRaftLogWorker$$Lambda$810/1436683595.run(Unknown Source)
        at java.util.concurrent.Executors$RunnableAdapter.call(Executors.java:511)
        at java.util.concurrent.FutureTask.run(FutureTask.java:266)
        at java.util.concurrent.ThreadPoolExecutor.runWorker(ThreadPoolExecutor.java:1149)
        at java.util.concurrent.ThreadPoolExecutor$Worker.run(ThreadPoolExecutor.java:624)
        at java.lang.Thread.run(Thread.java:750)
"Lease Manager-LeaseManager#LeaseMonitor" daemon prio=5 tid=110 timed_waiting
java.lang.Thread.State: TIMED_WAITING
        at sun.misc.Unsafe.park(Native Method)
        at java.util.concurrent.locks.LockSupport.parkNanos(LockSupport.java:215)
        at java.util.concurrent.locks.AbstractQueuedSynchronizer.doAcquireSharedNanos(AbstractQueuedSynchronizer.java:1037)
        at java.util.concurrent.locks.AbstractQueuedSynchronizer.tryAcquireSharedNanos(AbstractQueuedSynchronizer.java:1328)
        at java.util.concurrent.Semaphore.tryAcquire(Semaphore.java:409)
        at org.apache.hadoop.ozone.lease.LeaseManager$LeaseMonitor.run(LeaseManager.java:270)
        at java.lang.Thread.run(Thread.java:750)
"OpenKeyCleanupService#0" daemon prio=5 tid=149 timed_waiting
java.lang.Thread.State: TIMED_WAITING
        at sun.misc.Unsafe.park(Native Method)
        at java.util.concurrent.locks.LockSupport.parkNanos(LockSupport.java:215)
        at java.util.concurrent.locks.AbstractQueuedSynchronizer$ConditionObject.awaitNanos(AbstractQueuedSynchronizer.java:2078)
        at java.util.concurrent.ScheduledThreadPoolExecutor$DelayedWorkQueue.take(ScheduledThreadPoolExecutor.java:1093)
        at java.util.concurrent.ScheduledThreadPoolExecutor$DelayedWorkQueue.take(ScheduledThreadPoolExecutor.java:809)
        at java.util.concurrent.ThreadPoolExecutor.getTask(ThreadPoolExecutor.java:1074)
        at java.util.concurrent.ThreadPoolExecutor.runWorker(ThreadPoolExecutor.java:1134)
        at java.util.concurrent.ThreadPoolExecutor$Worker.run(ThreadPoolExecutor.java:624)
        at java.lang.Thread.run(Thread.java:750)
"Datanode ReportManager Thread - 0" daemon prio=5 tid=209 in Object.wait()
java.lang.Thread.State: WAITING (on object monitor)
        at sun.misc.Unsafe.park(Native Method)
        at java.util.concurrent.locks.LockSupport.park(LockSupport.java:175)
        at java.util.concurrent.locks.AbstractQueuedSynchronizer$ConditionObject.await(AbstractQueuedSynchronizer.java:2039)
        at java.util.concurrent.ScheduledThreadPoolExecutor$DelayedWorkQueue.take(ScheduledThreadPoolExecutor.java:1088)
        at java.util.concurrent.ScheduledThreadPoolExecutor$DelayedWorkQueue.take(ScheduledThreadPoolExecutor.java:809)
        at java.util.concurrent.ThreadPoolExecutor.getTask(ThreadPoolExecutor.java:1074)
        at java.util.concurrent.ThreadPoolExecutor.runWorker(ThreadPoolExecutor.java:1134)
        at java.util.concurrent.ThreadPoolExecutor$Worker.run(ThreadPoolExecutor.java:624)
        at java.lang.Thread.run(Thread.java:750)
"Datanode State Machine Task Thread - 1"  prio=5 tid=281 in Object.wait()
java.lang.Thread.State: WAITING (on object monitor)
        at sun.misc.Unsafe.park(Native Method)
        at java.util.concurrent.locks.LockSupport.park(LockSupport.java:175)
        at java.util.concurrent.locks.AbstractQueuedSynchronizer$ConditionObject.await(AbstractQueuedSynchronizer.java:2039)
        at java.util.concurrent.LinkedBlockingQueue.take(LinkedBlockingQueue.java:442)
        at java.util.concurrent.ThreadPoolExecutor.getTask(ThreadPoolExecutor.java:1074)
        at java.util.concurrent.ThreadPoolExecutor.runWorker(ThreadPoolExecutor.java:1134)
        at java.util.concurrent.ThreadPoolExecutor$Worker.run(ThreadPoolExecutor.java:624)
        at java.lang.Thread.run(Thread.java:750)
"StaleRecoveringContainerScrubbingService#2" daemon prio=5 tid=1002 in Object.wait()
java.lang.Thread.State: WAITING (on object monitor)
        at sun.misc.Unsafe.park(Native Method)
        at java.util.concurrent.locks.LockSupport.park(LockSupport.java:175)
        at java.util.concurrent.locks.AbstractQueuedSynchronizer$ConditionObject.await(AbstractQueuedSynchronizer.java:2039)
        at java.util.concurrent.ScheduledThreadPoolExecutor$DelayedWorkQueue.take(ScheduledThreadPoolExecutor.java:1088)
        at java.util.concurrent.ScheduledThreadPoolExecutor$DelayedWorkQueue.take(ScheduledThreadPoolExecutor.java:809)
        at java.util.concurrent.ThreadPoolExecutor.getTask(ThreadPoolExecutor.java:1074)
        at java.util.concurrent.ThreadPoolExecutor.runWorker(ThreadPoolExecutor.java:1134)
        at java.util.concurrent.ThreadPoolExecutor$Worker.run(ThreadPoolExecutor.java:624)
        at java.lang.Thread.run(Thread.java:750)
"ContainerOp-8722a696-13c5-4ce8-9392-7aa2029a76d4-4"  prio=5 tid=548 in Object.wait()
java.lang.Thread.State: WAITING (on object monitor)
        at sun.misc.Unsafe.park(Native Method)
        at java.util.concurrent.locks.LockSupport.park(LockSupport.java:175)
        at java.util.concurrent.locks.AbstractQueuedSynchronizer$ConditionObject.await(AbstractQueuedSynchronizer.java:2039)
        at java.util.concurrent.LinkedBlockingQueue.take(LinkedBlockingQueue.java:442)
        at java.util.concurrent.ThreadPoolExecutor.getTask(ThreadPoolExecutor.java:1074)
        at java.util.concurrent.ThreadPoolExecutor.runWorker(ThreadPoolExecutor.java:1134)
        at java.util.concurrent.ThreadPoolExecutor$Worker.run(ThreadPoolExecutor.java:624)
        at java.lang.Thread.run(Thread.java:750)
"grpc-default-executor-1" daemon prio=5 tid=347 timed_waiting
java.lang.Thread.State: TIMED_WAITING
        at sun.misc.Unsafe.park(Native Method)
        at java.util.concurrent.locks.LockSupport.parkNanos(LockSupport.java:215)
        at java.util.concurrent.SynchronousQueue$TransferStack.awaitFulfill(SynchronousQueue.java:460)
        at java.util.concurrent.SynchronousQueue$TransferStack.transfer(SynchronousQueue.java:362)
        at java.util.concurrent.SynchronousQueue.poll(SynchronousQueue.java:941)
        at java.util.concurrent.ThreadPoolExecutor.getTask(ThreadPoolExecutor.java:1073)
        at java.util.concurrent.ThreadPoolExecutor.runWorker(ThreadPoolExecutor.java:1134)
        at java.util.concurrent.ThreadPoolExecutor$Worker.run(ThreadPoolExecutor.java:624)
        at java.lang.Thread.run(Thread.java:750)
"SstFilteringService#0" daemon prio=5 tid=150 timed_waiting
java.lang.Thread.State: TIMED_WAITING
        at sun.misc.Unsafe.park(Native Method)
        at java.util.concurrent.locks.LockSupport.parkNanos(LockSupport.java:215)
        at java.util.concurrent.locks.AbstractQueuedSynchronizer$ConditionObject.awaitNanos(AbstractQueuedSynchronizer.java:2078)
        at java.util.concurrent.ScheduledThreadPoolExecutor$DelayedWorkQueue.take(ScheduledThreadPoolExecutor.java:1093)
        at java.util.concurrent.ScheduledThreadPoolExecutor$DelayedWorkQueue.take(ScheduledThreadPoolExecutor.java:809)
        at java.util.concurrent.ThreadPoolExecutor.getTask(ThreadPoolExecutor.java:1074)
        at java.util.concurrent.ThreadPoolExecutor.runWorker(ThreadPoolExecutor.java:1134)
        at java.util.concurrent.ThreadPoolExecutor$Worker.run(ThreadPoolExecutor.java:624)
        at java.lang.Thread.run(Thread.java:750)
"JvmPauseMonitor1" daemon prio=5 tid=145 timed_waiting
java.lang.Thread.State: TIMED_WAITING
        at java.lang.Thread.sleep(Native Method)
        at java.lang.Thread.sleep(Thread.java:342)
        at java.util.concurrent.TimeUnit.sleep(TimeUnit.java:386)
        at org.apache.ratis.util.TimeDuration.sleep(TimeDuration.java:325)
        at org.apache.ratis.util.TimeDuration.sleep(TimeDuration.java:310)
        at org.apache.ratis.util.JvmPauseMonitor.detectPause(JvmPauseMonitor.java:117)
        at org.apache.ratis.util.JvmPauseMonitor.run(JvmPauseMonitor.java:106)
        at org.apache.ratis.util.JvmPauseMonitor$$Lambda$485/1387446869.run(Unknown Source)
        at java.lang.Thread.run(Thread.java:750)
"ChunkWriter-3-0" daemon prio=5 tid=288 in Object.wait()
java.lang.Thread.State: WAITING (on object monitor)
        at sun.misc.Unsafe.park(Native Method)
        at java.util.concurrent.locks.LockSupport.park(LockSupport.java:175)
        at java.util.concurrent.locks.AbstractQueuedSynchronizer$ConditionObject.await(AbstractQueuedSynchronizer.java:2039)
        at java.util.concurrent.LinkedBlockingDeque.takeFirst(LinkedBlockingDeque.java:492)
        at java.util.concurrent.LinkedBlockingDeque.take(LinkedBlockingDeque.java:680)
        at java.util.concurrent.ThreadPoolExecutor.getTask(ThreadPoolExecutor.java:1074)
        at java.util.concurrent.ThreadPoolExecutor.runWorker(ThreadPoolExecutor.java:1134)
        at java.util.concurrent.ThreadPoolExecutor$Worker.run(ThreadPoolExecutor.java:624)
        at java.lang.Thread.run(Thread.java:750)
"FullTableCache Cleanup Thread - 0" daemon prio=5 tid=473 in Object.wait()
java.lang.Thread.State: WAITING (on object monitor)
        at sun.misc.Unsafe.park(Native Method)
        at java.util.concurrent.locks.LockSupport.park(LockSupport.java:175)
        at java.util.concurrent.locks.AbstractQueuedSynchronizer$ConditionObject.await(AbstractQueuedSynchronizer.java:2039)
        at java.util.concurrent.LinkedBlockingQueue.take(LinkedBlockingQueue.java:442)
        at java.util.concurrent.ThreadPoolExecutor.getTask(ThreadPoolExecutor.java:1074)
        at java.util.concurrent.ThreadPoolExecutor.runWorker(ThreadPoolExecutor.java:1134)
        at java.util.concurrent.ThreadPoolExecutor$Worker.run(ThreadPoolExecutor.java:624)
        at java.lang.Thread.run(Thread.java:750)
"ContainerOp-069d6f8c-1a4c-4c87-8230-4103141b7879-9"  prio=5 tid=512 in Object.wait()
java.lang.Thread.State: WAITING (on object monitor)
        at sun.misc.Unsafe.park(Native Method)
        at java.util.concurrent.locks.LockSupport.park(LockSupport.java:175)
        at java.util.concurrent.locks.AbstractQueuedSynchronizer$ConditionObject.await(AbstractQueuedSynchronizer.java:2039)
        at java.util.concurrent.LinkedBlockingQueue.take(LinkedBlockingQueue.java:442)
        at java.util.concurrent.ThreadPoolExecutor.getTask(ThreadPoolExecutor.java:1074)
        at java.util.concurrent.ThreadPoolExecutor.runWorker(ThreadPoolExecutor.java:1134)
        at java.util.concurrent.ThreadPoolExecutor$Worker.run(ThreadPoolExecutor.java:624)
        at java.lang.Thread.run(Thread.java:750)
"PartialTableCache Cleanup Thread - 0" daemon prio=5 tid=521 in Object.wait()
java.lang.Thread.State: WAITING (on object monitor)
        at sun.misc.Unsafe.park(Native Method)
        at java.util.concurrent.locks.LockSupport.park(LockSupport.java:175)
        at java.util.concurrent.locks.AbstractQueuedSynchronizer$ConditionObject.await(AbstractQueuedSynchronizer.java:2039)
        at java.util.concurrent.LinkedBlockingQueue.take(LinkedBlockingQueue.java:442)
        at java.util.concurrent.ThreadPoolExecutor.getTask(ThreadPoolExecutor.java:1074)
        at java.util.concurrent.ThreadPoolExecutor.runWorker(ThreadPoolExecutor.java:1134)
        at java.util.concurrent.ThreadPoolExecutor$Worker.run(ThreadPoolExecutor.java:624)
        at java.lang.Thread.run(Thread.java:750)
"Command processor thread" daemon prio=5 tid=279 timed_waiting
java.lang.Thread.State: TIMED_WAITING
        at java.lang.Thread.sleep(Native Method)
        at org.apache.hadoop.ozone.container.common.statemachine.DatanodeStateMachine.lambda$initCommandHandlerThread$3(DatanodeStateMachine.java:659)
        at org.apache.hadoop.ozone.container.common.statemachine.DatanodeStateMachine$$Lambda$913/1783417805.run(Unknown Source)
        at java.lang.Thread.run(Thread.java:750)
"FixedThreadPoolWithAffinityExecutor-5-0" daemon prio=5 tid=43 timed_waiting
java.lang.Thread.State: TIMED_WAITING
        at sun.misc.Unsafe.park(Native Method)
        at java.util.concurrent.locks.LockSupport.parkNanos(LockSupport.java:215)
        at java.util.concurrent.locks.AbstractQueuedSynchronizer$ConditionObject.awaitNanos(AbstractQueuedSynchronizer.java:2078)
        at java.util.concurrent.LinkedBlockingQueue.poll(LinkedBlockingQueue.java:467)
        at org.apache.hadoop.hdds.scm.server.ContainerReportQueue.poll(ContainerReportQueue.java:266)
        at org.apache.hadoop.hdds.scm.server.ContainerReportQueue.poll(ContainerReportQueue.java:42)
        at org.apache.hadoop.hdds.server.events.FixedThreadPoolWithAffinityExecutor$ContainerReportProcessTask.run(FixedThreadPoolWithAffinityExecutor.java:247)
        at java.util.concurrent.Executors$RunnableAdapter.call(Executors.java:511)
        at java.util.concurrent.FutureTask.run(FutureTask.java:266)
        at java.util.concurrent.ThreadPoolExecutor.runWorker(ThreadPoolExecutor.java:1149)
        at java.util.concurrent.ThreadPoolExecutor$Worker.run(ThreadPoolExecutor.java:624)
        at java.lang.Thread.run(Thread.java:750)
"IPC Server handler 6 on default port 15000" daemon prio=5 tid=55 timed_waiting
java.lang.Thread.State: TIMED_WAITING
        at sun.misc.Unsafe.park(Native Method)
        at java.util.concurrent.locks.LockSupport.parkNanos(LockSupport.java:215)
        at java.util.concurrent.locks.AbstractQueuedSynchronizer$ConditionObject.awaitNanos(AbstractQueuedSynchronizer.java:2078)
        at java.util.concurrent.LinkedBlockingQueue.poll(LinkedBlockingQueue.java:467)
        at org.apache.hadoop.ipc.CallQueueManager.take(CallQueueManager.java:317)
        at org.apache.hadoop.ipc.Server$Handler.run(Server.java:2992)
"IPC Server handler 17 on default port 15002" daemon prio=5 tid=106 timed_waiting
java.lang.Thread.State: TIMED_WAITING
        at sun.misc.Unsafe.park(Native Method)
        at java.util.concurrent.locks.LockSupport.parkNanos(LockSupport.java:215)
        at java.util.concurrent.locks.AbstractQueuedSynchronizer$ConditionObject.awaitNanos(AbstractQueuedSynchronizer.java:2078)
        at java.util.concurrent.LinkedBlockingQueue.poll(LinkedBlockingQueue.java:467)
        at org.apache.hadoop.ipc.CallQueueManager.take(CallQueueManager.java:317)
        at org.apache.hadoop.ipc.Server$Handler.run(Server.java:2992)
"IPC Server handler 9 on default port 15004" daemon prio=5 tid=171 timed_waiting
java.lang.Thread.State: TIMED_WAITING
        at sun.misc.Unsafe.park(Native Method)
        at java.util.concurrent.locks.LockSupport.parkNanos(LockSupport.java:215)
        at java.util.concurrent.locks.AbstractQueuedSynchronizer$ConditionObject.awaitNanos(AbstractQueuedSynchronizer.java:2078)
        at java.util.concurrent.LinkedBlockingQueue.poll(LinkedBlockingQueue.java:467)
        at org.apache.hadoop.ipc.CallQueueManager.take(CallQueueManager.java:317)
        at org.apache.hadoop.ipc.Server$Handler.run(Server.java:2992)
"IPC Server handler 18 on default port 15002" daemon prio=5 tid=107 timed_waiting
java.lang.Thread.State: TIMED_WAITING
        at sun.misc.Unsafe.park(Native Method)
        at java.util.concurrent.locks.LockSupport.parkNanos(LockSupport.java:215)
        at java.util.concurrent.locks.AbstractQueuedSynchronizer$ConditionObject.awaitNanos(AbstractQueuedSynchronizer.java:2078)
        at java.util.concurrent.LinkedBlockingQueue.poll(LinkedBlockingQueue.java:467)
        at org.apache.hadoop.ipc.CallQueueManager.take(CallQueueManager.java:317)
        at org.apache.hadoop.ipc.Server$Handler.run(Server.java:2992)
"Session-HouseKeeper-6c327e8c-1"  prio=5 tid=234 timed_waiting
java.lang.Thread.State: TIMED_WAITING
        at sun.misc.Unsafe.park(Native Method)
        at java.util.concurrent.locks.LockSupport.parkNanos(LockSupport.java:215)
        at java.util.concurrent.locks.AbstractQueuedSynchronizer$ConditionObject.awaitNanos(AbstractQueuedSynchronizer.java:2078)
        at java.util.concurrent.ScheduledThreadPoolExecutor$DelayedWorkQueue.take(ScheduledThreadPoolExecutor.java:1093)
        at java.util.concurrent.ScheduledThreadPoolExecutor$DelayedWorkQueue.take(ScheduledThreadPoolExecutor.java:809)
        at java.util.concurrent.ThreadPoolExecutor.getTask(ThreadPoolExecutor.java:1074)
        at java.util.concurrent.ThreadPoolExecutor.runWorker(ThreadPoolExecutor.java:1134)
        at java.util.concurrent.ThreadPoolExecutor$Worker.run(ThreadPoolExecutor.java:624)
        at java.lang.Thread.run(Thread.java:750)
"grpc-default-boss-ELG-1-1" daemon prio=5 tid=144 runnable
java.lang.Thread.State: RUNNABLE
        at org.apache.ratis.thirdparty.io.netty.channel.epoll.Native.epollWait(Native Method)
        at org.apache.ratis.thirdparty.io.netty.channel.epoll.Native.epollWait(Native.java:209)
        at org.apache.ratis.thirdparty.io.netty.channel.epoll.Native.epollWait(Native.java:202)
        at org.apache.ratis.thirdparty.io.netty.channel.epoll.EpollEventLoop.epollWaitNoTimerChange(EpollEventLoop.java:306)
        at org.apache.ratis.thirdparty.io.netty.channel.epoll.EpollEventLoop.run(EpollEventLoop.java:363)
        at org.apache.ratis.thirdparty.io.netty.util.concurrent.SingleThreadEventExecutor$4.run(SingleThreadEventExecutor.java:997)
        at org.apache.ratis.thirdparty.io.netty.util.internal.ThreadExecutorMap$2.run(ThreadExecutorMap.java:74)
        at org.apache.ratis.thirdparty.io.netty.util.concurrent.FastThreadLocalRunnable.run(FastThreadLocalRunnable.java:30)
        at java.lang.Thread.run(Thread.java:750)
"ContainerOp-8722a696-13c5-4ce8-9392-7aa2029a76d4-1"  prio=5 tid=529 in Object.wait()
java.lang.Thread.State: WAITING (on object monitor)
        at sun.misc.Unsafe.park(Native Method)
        at java.util.concurrent.locks.LockSupport.park(LockSupport.java:175)
        at java.util.concurrent.locks.AbstractQueuedSynchronizer$ConditionObject.await(AbstractQueuedSynchronizer.java:2039)
        at java.util.concurrent.LinkedBlockingQueue.take(LinkedBlockingQueue.java:442)
        at java.util.concurrent.ThreadPoolExecutor.getTask(ThreadPoolExecutor.java:1074)
        at java.util.concurrent.ThreadPoolExecutor.runWorker(ThreadPoolExecutor.java:1134)
        at java.util.concurrent.ThreadPoolExecutor$Worker.run(ThreadPoolExecutor.java:624)
        at java.lang.Thread.run(Thread.java:750)
"IPC Server idle connection scanner for port 15004" daemon prio=5 tid=137 timed_waiting
java.lang.Thread.State: TIMED_WAITING
        at java.lang.Object.wait(Native Method)
        at java.util.TimerThread.mainLoop(Timer.java:552)
        at java.util.TimerThread.run(Timer.java:505)
"IPC Server handler 16 on default port 15000" daemon prio=5 tid=65 timed_waiting
java.lang.Thread.State: TIMED_WAITING
        at sun.misc.Unsafe.park(Native Method)
        at java.util.concurrent.locks.LockSupport.parkNanos(LockSupport.java:215)
        at java.util.concurrent.locks.AbstractQueuedSynchronizer$ConditionObject.awaitNanos(AbstractQueuedSynchronizer.java:2078)
        at java.util.concurrent.LinkedBlockingQueue.poll(LinkedBlockingQueue.java:467)
        at org.apache.hadoop.ipc.CallQueueManager.take(CallQueueManager.java:317)
        at org.apache.hadoop.ipc.Server$Handler.run(Server.java:2992)
"IPC Server handler 0 on default port 15019" daemon prio=5 tid=240 timed_waiting
java.lang.Thread.State: TIMED_WAITING
        at sun.misc.Unsafe.park(Native Method)
        at java.util.concurrent.locks.LockSupport.parkNanos(LockSupport.java:215)
        at java.util.concurrent.locks.AbstractQueuedSynchronizer$ConditionObject.awaitNanos(AbstractQueuedSynchronizer.java:2078)
        at java.util.concurrent.LinkedBlockingQueue.poll(LinkedBlockingQueue.java:467)
        at org.apache.hadoop.ipc.CallQueueManager.take(CallQueueManager.java:317)
        at org.apache.hadoop.ipc.Server$Handler.run(Server.java:2992)
"BlockDeletingService#0" daemon prio=5 tid=291 timed_waiting
java.lang.Thread.State: TIMED_WAITING
        at sun.misc.Unsafe.park(Native Method)
        at java.util.concurrent.locks.LockSupport.parkNanos(LockSupport.java:215)
        at java.util.concurrent.locks.AbstractQueuedSynchronizer$ConditionObject.awaitNanos(AbstractQueuedSynchronizer.java:2078)
        at java.util.concurrent.ScheduledThreadPoolExecutor$DelayedWorkQueue.take(ScheduledThreadPoolExecutor.java:1093)
        at java.util.concurrent.ScheduledThreadPoolExecutor$DelayedWorkQueue.take(ScheduledThreadPoolExecutor.java:809)
        at java.util.concurrent.ThreadPoolExecutor.getTask(ThreadPoolExecutor.java:1074)
        at java.util.concurrent.ThreadPoolExecutor.runWorker(ThreadPoolExecutor.java:1134)
        at java.util.concurrent.ThreadPoolExecutor$Worker.run(ThreadPoolExecutor.java:624)
        at java.lang.Thread.run(Thread.java:750)
"grpc-default-worker-ELG-3-1" daemon prio=5 tid=337 runnable
java.lang.Thread.State: RUNNABLE
        at org.apache.ratis.thirdparty.io.netty.channel.epoll.Native.epollWait0(Native Method)
        at org.apache.ratis.thirdparty.io.netty.channel.epoll.Native.epollWait(Native.java:182)
        at org.apache.ratis.thirdparty.io.netty.channel.epoll.EpollEventLoop.epollWait(EpollEventLoop.java:302)
        at org.apache.ratis.thirdparty.io.netty.channel.epoll.EpollEventLoop.run(EpollEventLoop.java:366)
        at org.apache.ratis.thirdparty.io.netty.util.concurrent.SingleThreadEventExecutor$4.run(SingleThreadEventExecutor.java:997)
        at org.apache.ratis.thirdparty.io.netty.util.internal.ThreadExecutorMap$2.run(ThreadExecutorMap.java:74)
        at org.apache.ratis.thirdparty.io.netty.util.concurrent.FastThreadLocalRunnable.run(FastThreadLocalRunnable.java:30)
        at java.lang.Thread.run(Thread.java:750)
"ContainerOp-069d6f8c-1a4c-4c87-8230-4103141b7879-6"  prio=5 tid=503 in Object.wait()
java.lang.Thread.State: WAITING (on object monitor)
        at sun.misc.Unsafe.park(Native Method)
        at java.util.concurrent.locks.LockSupport.park(LockSupport.java:175)
        at java.util.concurrent.locks.AbstractQueuedSynchronizer$ConditionObject.await(AbstractQueuedSynchronizer.java:2039)
        at java.util.concurrent.LinkedBlockingQueue.take(LinkedBlockingQueue.java:442)
        at java.util.concurrent.ThreadPoolExecutor.getTask(ThreadPoolExecutor.java:1074)
        at java.util.concurrent.ThreadPoolExecutor.runWorker(ThreadPoolExecutor.java:1134)
        at java.util.concurrent.ThreadPoolExecutor$Worker.run(ThreadPoolExecutor.java:624)
        at java.lang.Thread.run(Thread.java:750)
"IPC Server idle connection scanner for port 15002" daemon prio=5 tid=25 timed_waiting
java.lang.Thread.State: TIMED_WAITING
        at java.lang.Object.wait(Native Method)
        at java.util.TimerThread.mainLoop(Timer.java:552)
        at java.util.TimerThread.run(Timer.java:505)
"pool-36-thread-1"  prio=5 tid=127 timed_waiting
java.lang.Thread.State: TIMED_WAITING
        at sun.misc.Unsafe.park(Native Method)
        at java.util.concurrent.locks.LockSupport.parkNanos(LockSupport.java:215)
        at java.util.concurrent.locks.AbstractQueuedSynchronizer$ConditionObject.awaitNanos(AbstractQueuedSynchronizer.java:2078)
        at java.util.concurrent.ScheduledThreadPoolExecutor$DelayedWorkQueue.take(ScheduledThreadPoolExecutor.java:1093)
        at java.util.concurrent.ScheduledThreadPoolExecutor$DelayedWorkQueue.take(ScheduledThreadPoolExecutor.java:809)
        at java.util.concurrent.ThreadPoolExecutor.getTask(ThreadPoolExecutor.java:1074)
        at java.util.concurrent.ThreadPoolExecutor.runWorker(ThreadPoolExecutor.java:1134)
        at java.util.concurrent.ThreadPoolExecutor$Worker.run(ThreadPoolExecutor.java:624)
        at java.lang.Thread.run(Thread.java:750)
"qtp1709501349-113" daemon prio=5 tid=113 runnable
java.lang.Thread.State: RUNNABLE
        at sun.nio.ch.EPollArrayWrapper.epollWait(Native Method)
        at sun.nio.ch.EPollArrayWrapper.poll(EPollArrayWrapper.java:269)
        at sun.nio.ch.EPollSelectorImpl.doSelect(EPollSelectorImpl.java:93)
        at sun.nio.ch.SelectorImpl.lockAndDoSelect(SelectorImpl.java:86)
        at sun.nio.ch.SelectorImpl.select(SelectorImpl.java:97)
        at sun.nio.ch.SelectorImpl.select(SelectorImpl.java:101)
        at org.eclipse.jetty.io.ManagedSelector.nioSelect(ManagedSelector.java:183)
        at org.eclipse.jetty.io.ManagedSelector.select(ManagedSelector.java:190)
        at org.eclipse.jetty.io.ManagedSelector$SelectorProducer.select(ManagedSelector.java:606)
        at org.eclipse.jetty.io.ManagedSelector$SelectorProducer.produce(ManagedSelector.java:543)
        at org.eclipse.jetty.util.thread.strategy.EatWhatYouKill.produceTask(EatWhatYouKill.java:362)
        at org.eclipse.jetty.util.thread.strategy.EatWhatYouKill.doProduce(EatWhatYouKill.java:186)
        at org.eclipse.jetty.util.thread.strategy.EatWhatYouKill.tryProduce(EatWhatYouKill.java:173)
        at org.eclipse.jetty.util.thread.strategy.EatWhatYouKill.produce(EatWhatYouKill.java:137)
        at org.eclipse.jetty.io.ManagedSelector$$Lambda$519/1710789435.run(Unknown Source)
        at org.eclipse.jetty.util.thread.QueuedThreadPool.runJob(QueuedThreadPool.java:883)
        at org.eclipse.jetty.util.thread.QueuedThreadPool$Runner.run(QueuedThreadPool.java:1034)
        at java.lang.Thread.run(Thread.java:750)
"Hadoop-Metrics-Updater-0" daemon prio=5 tid=37 timed_waiting
java.lang.Thread.State: TIMED_WAITING
        at sun.misc.Unsafe.park(Native Method)
        at java.util.concurrent.locks.LockSupport.parkNanos(LockSupport.java:215)
        at java.util.concurrent.locks.AbstractQueuedSynchronizer$ConditionObject.awaitNanos(AbstractQueuedSynchronizer.java:2078)
        at java.util.concurrent.ScheduledThreadPoolExecutor$DelayedWorkQueue.take(ScheduledThreadPoolExecutor.java:1093)
        at java.util.concurrent.ScheduledThreadPoolExecutor$DelayedWorkQueue.take(ScheduledThreadPoolExecutor.java:809)
        at java.util.concurrent.ThreadPoolExecutor.getTask(ThreadPoolExecutor.java:1074)
        at java.util.concurrent.ThreadPoolExecutor.runWorker(ThreadPoolExecutor.java:1134)
        at java.util.concurrent.ThreadPoolExecutor$Worker.run(ThreadPoolExecutor.java:624)
        at java.lang.Thread.run(Thread.java:750)
"ChunkWriter-2-0" daemon prio=5 tid=287 in Object.wait()
java.lang.Thread.State: WAITING (on object monitor)
        at sun.misc.Unsafe.park(Native Method)
        at java.util.concurrent.locks.LockSupport.park(LockSupport.java:175)
        at java.util.concurrent.locks.AbstractQueuedSynchronizer$ConditionObject.await(AbstractQueuedSynchronizer.java:2039)
        at java.util.concurrent.LinkedBlockingDeque.takeFirst(LinkedBlockingDeque.java:492)
        at java.util.concurrent.LinkedBlockingDeque.take(LinkedBlockingDeque.java:680)
        at java.util.concurrent.ThreadPoolExecutor.getTask(ThreadPoolExecutor.java:1074)
        at java.util.concurrent.ThreadPoolExecutor.runWorker(ThreadPoolExecutor.java:1134)
        at java.util.concurrent.ThreadPoolExecutor$Worker.run(ThreadPoolExecutor.java:624)
        at java.lang.Thread.run(Thread.java:750)
"ContainerOp-8722a696-13c5-4ce8-9392-7aa2029a76d4-3"  prio=5 tid=541 in Object.wait()
java.lang.Thread.State: WAITING (on object monitor)
        at sun.misc.Unsafe.park(Native Method)
        at java.util.concurrent.locks.LockSupport.park(LockSupport.java:175)
        at java.util.concurrent.locks.AbstractQueuedSynchronizer$ConditionObject.await(AbstractQueuedSynchronizer.java:2039)
        at java.util.concurrent.LinkedBlockingQueue.take(LinkedBlockingQueue.java:442)
        at java.util.concurrent.ThreadPoolExecutor.getTask(ThreadPoolExecutor.java:1074)
        at java.util.concurrent.ThreadPoolExecutor.runWorker(ThreadPoolExecutor.java:1134)
        at java.util.concurrent.ThreadPoolExecutor$Worker.run(ThreadPoolExecutor.java:624)
        at java.lang.Thread.run(Thread.java:750)
"IPC Server handler 2 on default port 15002" daemon prio=5 tid=91 timed_waiting
java.lang.Thread.State: TIMED_WAITING
        at sun.misc.Unsafe.park(Native Method)
        at java.util.concurrent.locks.LockSupport.parkNanos(LockSupport.java:215)
        at java.util.concurrent.locks.AbstractQueuedSynchronizer$ConditionObject.awaitNanos(AbstractQueuedSynchronizer.java:2078)
        at java.util.concurrent.LinkedBlockingQueue.poll(LinkedBlockingQueue.java:467)
        at org.apache.hadoop.ipc.CallQueueManager.take(CallQueueManager.java:317)
        at org.apache.hadoop.ipc.Server$Handler.run(Server.java:2992)
"PartialTableCache Cleanup Thread - 0" daemon prio=5 tid=778 in Object.wait()
java.lang.Thread.State: WAITING (on object monitor)
        at sun.misc.Unsafe.park(Native Method)
        at java.util.concurrent.locks.LockSupport.park(LockSupport.java:175)
        at java.util.concurrent.locks.AbstractQueuedSynchronizer$ConditionObject.await(AbstractQueuedSynchronizer.java:2039)
        at java.util.concurrent.LinkedBlockingQueue.take(LinkedBlockingQueue.java:442)
        at java.util.concurrent.ThreadPoolExecutor.getTask(ThreadPoolExecutor.java:1074)
        at java.util.concurrent.ThreadPoolExecutor.runWorker(ThreadPoolExecutor.java:1134)
        at java.util.concurrent.ThreadPoolExecutor$Worker.run(ThreadPoolExecutor.java:624)
        at java.lang.Thread.run(Thread.java:750)
"pool-34-thread-1"  prio=5 tid=112 timed_waiting
java.lang.Thread.State: TIMED_WAITING
        at sun.misc.Unsafe.park(Native Method)
        at java.util.concurrent.locks.LockSupport.parkNanos(LockSupport.java:215)
        at java.util.concurrent.locks.AbstractQueuedSynchronizer$ConditionObject.awaitNanos(AbstractQueuedSynchronizer.java:2078)
        at java.util.concurrent.ScheduledThreadPoolExecutor$DelayedWorkQueue.take(ScheduledThreadPoolExecutor.java:1093)
        at java.util.concurrent.ScheduledThreadPoolExecutor$DelayedWorkQueue.take(ScheduledThreadPoolExecutor.java:809)
        at java.util.concurrent.ThreadPoolExecutor.getTask(ThreadPoolExecutor.java:1074)
        at java.util.concurrent.ThreadPoolExecutor.runWorker(ThreadPoolExecutor.java:1134)
        at java.util.concurrent.ThreadPoolExecutor$Worker.run(ThreadPoolExecutor.java:624)
        at java.lang.Thread.run(Thread.java:750)
"ChunkWriter-3-0" daemon prio=5 tid=312 in Object.wait()
java.lang.Thread.State: WAITING (on object monitor)
        at sun.misc.Unsafe.park(Native Method)
        at java.util.concurrent.locks.LockSupport.park(LockSupport.java:175)
        at java.util.concurrent.locks.AbstractQueuedSynchronizer$ConditionObject.await(AbstractQueuedSynchronizer.java:2039)
        at java.util.concurrent.LinkedBlockingDeque.takeFirst(LinkedBlockingDeque.java:492)
        at java.util.concurrent.LinkedBlockingDeque.take(LinkedBlockingDeque.java:680)
        at java.util.concurrent.ThreadPoolExecutor.getTask(ThreadPoolExecutor.java:1074)
        at java.util.concurrent.ThreadPoolExecutor.runWorker(ThreadPoolExecutor.java:1134)
        at java.util.concurrent.ThreadPoolExecutor$Worker.run(ThreadPoolExecutor.java:624)
        at java.lang.Thread.run(Thread.java:750)
"ContainerOp-069d6f8c-1a4c-4c87-8230-4103141b7879-0"  prio=5 tid=484 in Object.wait()
java.lang.Thread.State: WAITING (on object monitor)
        at sun.misc.Unsafe.park(Native Method)
        at java.util.concurrent.locks.LockSupport.park(LockSupport.java:175)
        at java.util.concurrent.locks.AbstractQueuedSynchronizer$ConditionObject.await(AbstractQueuedSynchronizer.java:2039)
        at java.util.concurrent.LinkedBlockingQueue.take(LinkedBlockingQueue.java:442)
        at java.util.concurrent.ThreadPoolExecutor.getTask(ThreadPoolExecutor.java:1074)
        at java.util.concurrent.ThreadPoolExecutor.runWorker(ThreadPoolExecutor.java:1134)
        at java.util.concurrent.ThreadPoolExecutor$Worker.run(ThreadPoolExecutor.java:624)
        at java.lang.Thread.run(Thread.java:750)
"ContainerOp-069d6f8c-1a4c-4c87-8230-4103141b7879-2"  prio=5 tid=489 in Object.wait()
java.lang.Thread.State: WAITING (on object monitor)
        at sun.misc.Unsafe.park(Native Method)
        at java.util.concurrent.locks.LockSupport.park(LockSupport.java:175)
        at java.util.concurrent.locks.AbstractQueuedSynchronizer$ConditionObject.await(AbstractQueuedSynchronizer.java:2039)
        at java.util.concurrent.LinkedBlockingQueue.take(LinkedBlockingQueue.java:442)
        at java.util.concurrent.ThreadPoolExecutor.getTask(ThreadPoolExecutor.java:1074)
        at java.util.concurrent.ThreadPoolExecutor.runWorker(ThreadPoolExecutor.java:1134)
        at java.util.concurrent.ThreadPoolExecutor$Worker.run(ThreadPoolExecutor.java:624)
        at java.lang.Thread.run(Thread.java:750)
"ChunkWriter-2-0" daemon prio=5 tid=299 in Object.wait()
java.lang.Thread.State: WAITING (on object monitor)
        at sun.misc.Unsafe.park(Native Method)
        at java.util.concurrent.locks.LockSupport.park(LockSupport.java:175)
        at java.util.concurrent.locks.AbstractQueuedSynchronizer$ConditionObject.await(AbstractQueuedSynchronizer.java:2039)
        at java.util.concurrent.LinkedBlockingDeque.takeFirst(LinkedBlockingDeque.java:492)
        at java.util.concurrent.LinkedBlockingDeque.take(LinkedBlockingDeque.java:680)
        at java.util.concurrent.ThreadPoolExecutor.getTask(ThreadPoolExecutor.java:1074)
        at java.util.concurrent.ThreadPoolExecutor.runWorker(ThreadPoolExecutor.java:1134)
        at java.util.concurrent.ThreadPoolExecutor$Worker.run(ThreadPoolExecutor.java:624)
        at java.lang.Thread.run(Thread.java:750)
"50e7a123-fb10-4f6b-bd10-2c6e895f4416-groupManagement"  prio=5 tid=351 in Object.wait()
java.lang.Thread.State: WAITING (on object monitor)
        at sun.misc.Unsafe.park(Native Method)
        at java.util.concurrent.locks.LockSupport.park(LockSupport.java:175)
        at java.util.concurrent.locks.AbstractQueuedSynchronizer$ConditionObject.await(AbstractQueuedSynchronizer.java:2039)
        at java.util.concurrent.LinkedBlockingQueue.take(LinkedBlockingQueue.java:442)
        at java.util.concurrent.ThreadPoolExecutor.getTask(ThreadPoolExecutor.java:1074)
        at java.util.concurrent.ThreadPoolExecutor.runWorker(ThreadPoolExecutor.java:1134)
        at java.util.concurrent.ThreadPoolExecutor$Worker.run(ThreadPoolExecutor.java:624)
        at java.lang.Thread.run(Thread.java:750)
"IPC Server handler 7 on default port 15004" daemon prio=5 tid=169 timed_waiting
java.lang.Thread.State: TIMED_WAITING
        at sun.misc.Unsafe.park(Native Method)
        at java.util.concurrent.locks.LockSupport.parkNanos(LockSupport.java:215)
        at java.util.concurrent.locks.AbstractQueuedSynchronizer$ConditionObject.awaitNanos(AbstractQueuedSynchronizer.java:2078)
        at java.util.concurrent.LinkedBlockingQueue.poll(LinkedBlockingQueue.java:467)
        at org.apache.hadoop.ipc.CallQueueManager.take(CallQueueManager.java:317)
        at org.apache.hadoop.ipc.Server$Handler.run(Server.java:2992)
"IPC Server handler 10 on default port 15002" daemon prio=5 tid=99 timed_waiting
java.lang.Thread.State: TIMED_WAITING
        at sun.misc.Unsafe.park(Native Method)
        at java.util.concurrent.locks.LockSupport.parkNanos(LockSupport.java:215)
        at java.util.concurrent.locks.AbstractQueuedSynchronizer$ConditionObject.awaitNanos(AbstractQueuedSynchronizer.java:2078)
        at java.util.concurrent.LinkedBlockingQueue.poll(LinkedBlockingQueue.java:467)
        at org.apache.hadoop.ipc.CallQueueManager.take(CallQueueManager.java:317)
        at org.apache.hadoop.ipc.Server$Handler.run(Server.java:2992)
"IPC Server handler 14 on default port 15001" daemon prio=5 tid=83 timed_waiting
java.lang.Thread.State: TIMED_WAITING
        at sun.misc.Unsafe.park(Native Method)
        at java.util.concurrent.locks.LockSupport.parkNanos(LockSupport.java:215)
        at java.util.concurrent.locks.AbstractQueuedSynchronizer$ConditionObject.awaitNanos(AbstractQueuedSynchronizer.java:2078)
        at java.util.concurrent.LinkedBlockingQueue.poll(LinkedBlockingQueue.java:467)
        at org.apache.hadoop.ipc.CallQueueManager.take(CallQueueManager.java:317)
        at org.apache.hadoop.ipc.Server$Handler.run(Server.java:2992)
"IPC Server handler 1 on default port 15000" daemon prio=5 tid=50 timed_waiting
java.lang.Thread.State: TIMED_WAITING
        at sun.misc.Unsafe.park(Native Method)
        at java.util.concurrent.locks.LockSupport.parkNanos(LockSupport.java:215)
        at java.util.concurrent.locks.AbstractQueuedSynchronizer$ConditionObject.awaitNanos(AbstractQueuedSynchronizer.java:2078)
        at java.util.concurrent.LinkedBlockingQueue.poll(LinkedBlockingQueue.java:467)
        at org.apache.hadoop.ipc.CallQueueManager.take(CallQueueManager.java:317)
        at org.apache.hadoop.ipc.Server$Handler.run(Server.java:2992)
"IPC Server handler 1 on default port 15002" daemon prio=5 tid=90 timed_waiting
java.lang.Thread.State: TIMED_WAITING
        at sun.misc.Unsafe.park(Native Method)
        at java.util.concurrent.locks.LockSupport.parkNanos(LockSupport.java:215)
        at java.util.concurrent.locks.AbstractQueuedSynchronizer$ConditionObject.awaitNanos(AbstractQueuedSynchronizer.java:2078)
        at java.util.concurrent.LinkedBlockingQueue.poll(LinkedBlockingQueue.java:467)
        at org.apache.hadoop.ipc.CallQueueManager.take(CallQueueManager.java:317)
        at org.apache.hadoop.ipc.Server$Handler.run(Server.java:2992)
"BlockDeletingService#3" daemon prio=5 tid=1010 in Object.wait()
java.lang.Thread.State: WAITING (on object monitor)
        at sun.misc.Unsafe.park(Native Method)
        at java.util.concurrent.locks.LockSupport.park(LockSupport.java:175)
        at java.util.concurrent.locks.AbstractQueuedSynchronizer$ConditionObject.await(AbstractQueuedSynchronizer.java:2039)
        at java.util.concurrent.ScheduledThreadPoolExecutor$DelayedWorkQueue.take(ScheduledThreadPoolExecutor.java:1088)
        at java.util.concurrent.ScheduledThreadPoolExecutor$DelayedWorkQueue.take(ScheduledThreadPoolExecutor.java:809)
        at java.util.concurrent.ThreadPoolExecutor.getTask(ThreadPoolExecutor.java:1074)
        at java.util.concurrent.ThreadPoolExecutor.runWorker(ThreadPoolExecutor.java:1134)
        at java.util.concurrent.ThreadPoolExecutor$Worker.run(ThreadPoolExecutor.java:624)
        at java.lang.Thread.run(Thread.java:750)
"BlockDeletingService#0" daemon prio=5 tid=315 timed_waiting
java.lang.Thread.State: TIMED_WAITING
        at sun.misc.Unsafe.park(Native Method)
        at java.util.concurrent.locks.LockSupport.parkNanos(LockSupport.java:215)
        at java.util.concurrent.locks.AbstractQueuedSynchronizer$ConditionObject.awaitNanos(AbstractQueuedSynchronizer.java:2078)
        at java.util.concurrent.ScheduledThreadPoolExecutor$DelayedWorkQueue.take(ScheduledThreadPoolExecutor.java:1093)
        at java.util.concurrent.ScheduledThreadPoolExecutor$DelayedWorkQueue.take(ScheduledThreadPoolExecutor.java:809)
        at java.util.concurrent.ThreadPoolExecutor.getTask(ThreadPoolExecutor.java:1074)
        at java.util.concurrent.ThreadPoolExecutor.runWorker(ThreadPoolExecutor.java:1134)
        at java.util.concurrent.ThreadPoolExecutor$Worker.run(ThreadPoolExecutor.java:624)
        at java.lang.Thread.run(Thread.java:750)
"ChunkWriter-0-0" daemon prio=5 tid=285 in Object.wait()
java.lang.Thread.State: WAITING (on object monitor)
        at sun.misc.Unsafe.park(Native Method)
        at java.util.concurrent.locks.LockSupport.park(LockSupport.java:175)
        at java.util.concurrent.locks.AbstractQueuedSynchronizer$ConditionObject.await(AbstractQueuedSynchronizer.java:2039)
        at java.util.concurrent.LinkedBlockingDeque.takeFirst(LinkedBlockingDeque.java:492)
        at java.util.concurrent.LinkedBlockingDeque.take(LinkedBlockingDeque.java:680)
        at java.util.concurrent.ThreadPoolExecutor.getTask(ThreadPoolExecutor.java:1074)
        at java.util.concurrent.ThreadPoolExecutor.runWorker(ThreadPoolExecutor.java:1134)
        at java.util.concurrent.ThreadPoolExecutor$Worker.run(ThreadPoolExecutor.java:624)
        at java.lang.Thread.run(Thread.java:750)
"IPC Server handler 9 on default port 15002" daemon prio=5 tid=98 timed_waiting
java.lang.Thread.State: TIMED_WAITING
        at sun.misc.Unsafe.park(Native Method)
        at java.util.concurrent.locks.LockSupport.parkNanos(LockSupport.java:215)
        at java.util.concurrent.locks.AbstractQueuedSynchronizer$ConditionObject.awaitNanos(AbstractQueuedSynchronizer.java:2078)
        at java.util.concurrent.LinkedBlockingQueue.poll(LinkedBlockingQueue.java:467)
        at org.apache.hadoop.ipc.CallQueueManager.take(CallQueueManager.java:317)
        at org.apache.hadoop.ipc.Server$Handler.run(Server.java:2992)
"IPC Server idle connection scanner for port 15001" daemon prio=5 tid=30 timed_waiting
java.lang.Thread.State: TIMED_WAITING
        at java.lang.Object.wait(Native Method)
        at java.util.TimerThread.mainLoop(Timer.java:552)
        at java.util.TimerThread.run(Timer.java:505)
"ContainerOp-8722a696-13c5-4ce8-9392-7aa2029a76d4-8"  prio=5 tid=555 in Object.wait()
java.lang.Thread.State: WAITING (on object monitor)
        at sun.misc.Unsafe.park(Native Method)
        at java.util.concurrent.locks.LockSupport.park(LockSupport.java:175)
        at java.util.concurrent.locks.AbstractQueuedSynchronizer$ConditionObject.await(AbstractQueuedSynchronizer.java:2039)
        at java.util.concurrent.LinkedBlockingQueue.take(LinkedBlockingQueue.java:442)
        at java.util.concurrent.ThreadPoolExecutor.getTask(ThreadPoolExecutor.java:1074)
        at java.util.concurrent.ThreadPoolExecutor.runWorker(ThreadPoolExecutor.java:1134)
        at java.util.concurrent.ThreadPoolExecutor$Worker.run(ThreadPoolExecutor.java:624)
        at java.lang.Thread.run(Thread.java:750)
"StaleRecoveringContainerScrubbingService#3" daemon prio=5 tid=1011 in Object.wait()
java.lang.Thread.State: WAITING (on object monitor)
        at sun.misc.Unsafe.park(Native Method)
        at java.util.concurrent.locks.LockSupport.park(LockSupport.java:175)
        at java.util.concurrent.locks.AbstractQueuedSynchronizer$ConditionObject.await(AbstractQueuedSynchronizer.java:2039)
        at java.util.concurrent.ScheduledThreadPoolExecutor$DelayedWorkQueue.take(ScheduledThreadPoolExecutor.java:1088)
        at java.util.concurrent.ScheduledThreadPoolExecutor$DelayedWorkQueue.take(ScheduledThreadPoolExecutor.java:809)
        at java.util.concurrent.ThreadPoolExecutor.getTask(ThreadPoolExecutor.java:1074)
        at java.util.concurrent.ThreadPoolExecutor.runWorker(ThreadPoolExecutor.java:1134)
        at java.util.concurrent.ThreadPoolExecutor$Worker.run(ThreadPoolExecutor.java:624)
        at java.lang.Thread.run(Thread.java:750)
"ContainerOp-069d6f8c-1a4c-4c87-8230-4103141b7879-5"  prio=5 tid=497 in Object.wait()
java.lang.Thread.State: WAITING (on object monitor)
        at sun.misc.Unsafe.park(Native Method)
        at java.util.concurrent.locks.LockSupport.park(LockSupport.java:175)
        at java.util.concurrent.locks.AbstractQueuedSynchronizer$ConditionObject.await(AbstractQueuedSynchronizer.java:2039)
        at java.util.concurrent.LinkedBlockingQueue.take(LinkedBlockingQueue.java:442)
        at java.util.concurrent.ThreadPoolExecutor.getTask(ThreadPoolExecutor.java:1074)
        at java.util.concurrent.ThreadPoolExecutor.runWorker(ThreadPoolExecutor.java:1134)
        at java.util.concurrent.ThreadPoolExecutor$Worker.run(ThreadPoolExecutor.java:624)
        at java.lang.Thread.run(Thread.java:750)
"8624e205-2d39-4523-82ac-4c9e49e08d77@group-D40AD2ACF1D8-LeaderStateImpl" daemon prio=5 tid=437 timed_waiting
java.lang.Thread.State: TIMED_WAITING
        at sun.misc.Unsafe.park(Native Method)
        at java.util.concurrent.locks.LockSupport.parkNanos(LockSupport.java:215)
        at java.util.concurrent.locks.AbstractQueuedSynchronizer$ConditionObject.awaitNanos(AbstractQueuedSynchronizer.java:2078)
        at java.util.concurrent.ArrayBlockingQueue.poll(ArrayBlockingQueue.java:418)
        at org.apache.ratis.server.impl.LeaderStateImpl$EventQueue.poll(LeaderStateImpl.java:164)
        at org.apache.ratis.server.impl.LeaderStateImpl$EventProcessor.run(LeaderStateImpl.java:702)
"StaleRecoveringContainerScrubbingService#1" daemon prio=5 tid=293 in Object.wait()
java.lang.Thread.State: WAITING (on object monitor)
        at sun.misc.Unsafe.park(Native Method)
        at java.util.concurrent.locks.LockSupport.park(LockSupport.java:175)
        at java.util.concurrent.locks.AbstractQueuedSynchronizer$ConditionObject.await(AbstractQueuedSynchronizer.java:2039)
        at java.util.concurrent.ScheduledThreadPoolExecutor$DelayedWorkQueue.take(ScheduledThreadPoolExecutor.java:1088)
        at java.util.concurrent.ScheduledThreadPoolExecutor$DelayedWorkQueue.take(ScheduledThreadPoolExecutor.java:809)
        at java.util.concurrent.ThreadPoolExecutor.getTask(ThreadPoolExecutor.java:1074)
        at java.util.concurrent.ThreadPoolExecutor.runWorker(ThreadPoolExecutor.java:1134)
        at java.util.concurrent.ThreadPoolExecutor$Worker.run(ThreadPoolExecutor.java:624)
        at java.lang.Thread.run(Thread.java:750)
"timer3" daemon prio=5 tid=430 timed_waiting
java.lang.Thread.State: TIMED_WAITING
        at java.lang.Object.wait(Native Method)
        at java.util.TimerThread.mainLoop(Timer.java:552)
        at java.util.TimerThread.run(Timer.java:505)
"IPC Server handler 12 on default port 15004" daemon prio=5 tid=174 timed_waiting
java.lang.Thread.State: TIMED_WAITING
        at sun.misc.Unsafe.park(Native Method)
        at java.util.concurrent.locks.LockSupport.parkNanos(LockSupport.java:215)
        at java.util.concurrent.locks.AbstractQueuedSynchronizer$ConditionObject.awaitNanos(AbstractQueuedSynchronizer.java:2078)
        at java.util.concurrent.LinkedBlockingQueue.poll(LinkedBlockingQueue.java:467)
        at org.apache.hadoop.ipc.CallQueueManager.take(CallQueueManager.java:317)
        at org.apache.hadoop.ipc.Server$Handler.run(Server.java:2992)
"Datanode ReportManager Thread - 3" daemon prio=5 tid=245 in Object.wait()
java.lang.Thread.State: WAITING (on object monitor)
        at sun.misc.Unsafe.park(Native Method)
        at java.util.concurrent.locks.LockSupport.park(LockSupport.java:175)
        at java.util.concurrent.locks.AbstractQueuedSynchronizer$ConditionObject.await(AbstractQueuedSynchronizer.java:2039)
        at java.util.concurrent.ScheduledThreadPoolExecutor$DelayedWorkQueue.take(ScheduledThreadPoolExecutor.java:1088)
        at java.util.concurrent.ScheduledThreadPoolExecutor$DelayedWorkQueue.take(ScheduledThreadPoolExecutor.java:809)
        at java.util.concurrent.ThreadPoolExecutor.getTask(ThreadPoolExecutor.java:1074)
        at java.util.concurrent.ThreadPoolExecutor.runWorker(ThreadPoolExecutor.java:1134)
        at java.util.concurrent.ThreadPoolExecutor$Worker.run(ThreadPoolExecutor.java:624)
        at java.lang.Thread.run(Thread.java:750)
"pool-95-thread-1" daemon prio=5 tid=220 timed_waiting
java.lang.Thread.State: TIMED_WAITING
        at sun.misc.Unsafe.park(Native Method)
        at java.util.concurrent.locks.LockSupport.parkNanos(LockSupport.java:215)
        at java.util.concurrent.locks.AbstractQueuedSynchronizer$ConditionObject.awaitNanos(AbstractQueuedSynchronizer.java:2078)
        at java.util.concurrent.ScheduledThreadPoolExecutor$DelayedWorkQueue.take(ScheduledThreadPoolExecutor.java:1093)
        at java.util.concurrent.ScheduledThreadPoolExecutor$DelayedWorkQueue.take(ScheduledThreadPoolExecutor.java:809)
        at java.util.concurrent.ThreadPoolExecutor.getTask(ThreadPoolExecutor.java:1074)
        at java.util.concurrent.ThreadPoolExecutor.runWorker(ThreadPoolExecutor.java:1134)
        at java.util.concurrent.ThreadPoolExecutor$Worker.run(ThreadPoolExecutor.java:624)
        at java.lang.Thread.run(Thread.java:750)
"Datanode State Machine Task Thread - 0"  prio=5 tid=215 in Object.wait()
java.lang.Thread.State: WAITING (on object monitor)
        at sun.misc.Unsafe.park(Native Method)
        at java.util.concurrent.locks.LockSupport.park(LockSupport.java:175)
        at java.util.concurrent.locks.AbstractQueuedSynchronizer$ConditionObject.await(AbstractQueuedSynchronizer.java:2039)
        at java.util.concurrent.LinkedBlockingQueue.take(LinkedBlockingQueue.java:442)
        at java.util.concurrent.ThreadPoolExecutor.getTask(ThreadPoolExecutor.java:1074)
        at java.util.concurrent.ThreadPoolExecutor.runWorker(ThreadPoolExecutor.java:1134)
        at java.util.concurrent.ThreadPoolExecutor$Worker.run(ThreadPoolExecutor.java:624)
        at java.lang.Thread.run(Thread.java:750)
"qtp1609724165-193-acceptor-0@589cc348-ServerConnector@4ca8d348{HTTP/1.1, (http/1.1)}{0.0.0.0:15009}" daemon prio=3 tid=193 runnable
java.lang.Thread.State: RUNNABLE
        at sun.nio.ch.ServerSocketChannelImpl.accept0(Native Method)
        at sun.nio.ch.ServerSocketChannelImpl.accept(ServerSocketChannelImpl.java:421)
        at sun.nio.ch.ServerSocketChannelImpl.accept(ServerSocketChannelImpl.java:249)
        at org.eclipse.jetty.server.ServerConnector.accept(ServerConnector.java:388)
        at org.eclipse.jetty.server.AbstractConnector$Acceptor.run(AbstractConnector.java:704)
        at org.eclipse.jetty.util.thread.QueuedThreadPool.runJob(QueuedThreadPool.java:883)
        at org.eclipse.jetty.util.thread.QueuedThreadPool$Runner.run(QueuedThreadPool.java:1034)
        at java.lang.Thread.run(Thread.java:750)
"50e7a123-fb10-4f6b-bd10-2c6e895f4416@group-7AA2029A76D4->9b904d97-ba57-4d1c-b750-04e93ad7e320-GrpcLogAppender-LogAppenderDaemon" daemon prio=5 tid=459 timed_waiting
java.lang.Thread.State: TIMED_WAITING
        at sun.misc.Unsafe.park(Native Method)
        at java.util.concurrent.locks.LockSupport.parkNanos(LockSupport.java:215)
        at java.util.concurrent.locks.AbstractQueuedSynchronizer$ConditionObject.await(AbstractQueuedSynchronizer.java:2163)
        at org.apache.ratis.util.AwaitForSignal.await(AwaitForSignal.java:62)
        at org.apache.ratis.grpc.server.GrpcLogAppender.mayWait(GrpcLogAppender.java:197)
        at org.apache.ratis.grpc.server.GrpcLogAppender.run(GrpcLogAppender.java:148)
        at org.apache.ratis.server.leader.LogAppenderDaemon.run(LogAppenderDaemon.java:78)
        at org.apache.ratis.server.leader.LogAppenderDaemon$$Lambda$1210/1636380871.run(Unknown Source)
        at java.lang.Thread.run(Thread.java:750)
"IPC Server handler 14 on default port 15004" daemon prio=5 tid=176 timed_waiting
java.lang.Thread.State: TIMED_WAITING
        at sun.misc.Unsafe.park(Native Method)
        at java.util.concurrent.locks.LockSupport.parkNanos(LockSupport.java:215)
        at java.util.concurrent.locks.AbstractQueuedSynchronizer$ConditionObject.awaitNanos(AbstractQueuedSynchronizer.java:2078)
        at java.util.concurrent.LinkedBlockingQueue.poll(LinkedBlockingQueue.java:467)
        at org.apache.hadoop.ipc.CallQueueManager.take(CallQueueManager.java:317)
        at org.apache.hadoop.ipc.Server$Handler.run(Server.java:2992)
"IPC Server handler 8 on default port 15001" daemon prio=5 tid=77 timed_waiting
java.lang.Thread.State: TIMED_WAITING
        at sun.misc.Unsafe.park(Native Method)
        at java.util.concurrent.locks.LockSupport.parkNanos(LockSupport.java:215)
        at java.util.concurrent.locks.AbstractQueuedSynchronizer$ConditionObject.awaitNanos(AbstractQueuedSynchronizer.java:2078)
        at java.util.concurrent.LinkedBlockingQueue.poll(LinkedBlockingQueue.java:467)
        at org.apache.hadoop.ipc.CallQueueManager.take(CallQueueManager.java:317)
        at org.apache.hadoop.ipc.Server$Handler.run(Server.java:2992)
"50e7a123-fb10-4f6b-bd10-2c6e895f4416@group-7AA2029A76D4->8624e205-2d39-4523-82ac-4c9e49e08d77-GrpcLogAppender-LogAppenderDaemon" daemon prio=5 tid=458 timed_waiting
java.lang.Thread.State: TIMED_WAITING
        at sun.misc.Unsafe.park(Native Method)
        at java.util.concurrent.locks.LockSupport.parkNanos(LockSupport.java:215)
        at java.util.concurrent.locks.AbstractQueuedSynchronizer$ConditionObject.await(AbstractQueuedSynchronizer.java:2163)
        at org.apache.ratis.util.AwaitForSignal.await(AwaitForSignal.java:62)
        at org.apache.ratis.grpc.server.GrpcLogAppender.mayWait(GrpcLogAppender.java:197)
        at org.apache.ratis.grpc.server.GrpcLogAppender.run(GrpcLogAppender.java:148)
        at org.apache.ratis.server.leader.LogAppenderDaemon.run(LogAppenderDaemon.java:78)
        at org.apache.ratis.server.leader.LogAppenderDaemon$$Lambda$1210/1636380871.run(Unknown Source)
        at java.lang.Thread.run(Thread.java:750)
"50e7a123-fb10-4f6b-bd10-2c6e895f4416-server-thread5"  prio=5 tid=514 timed_waiting
java.lang.Thread.State: TIMED_WAITING
        at sun.misc.Unsafe.park(Native Method)
        at java.util.concurrent.locks.LockSupport.parkNanos(LockSupport.java:215)
        at java.util.concurrent.SynchronousQueue$TransferStack.awaitFulfill(SynchronousQueue.java:460)
        at java.util.concurrent.SynchronousQueue$TransferStack.transfer(SynchronousQueue.java:362)
        at java.util.concurrent.SynchronousQueue.poll(SynchronousQueue.java:941)
        at java.util.concurrent.ThreadPoolExecutor.getTask(ThreadPoolExecutor.java:1073)
        at java.util.concurrent.ThreadPoolExecutor.runWorker(ThreadPoolExecutor.java:1134)
        at java.util.concurrent.ThreadPoolExecutor$Worker.run(ThreadPoolExecutor.java:624)
        at java.lang.Thread.run(Thread.java:750)
"qtp392959448-265" daemon prio=5 tid=265 timed_waiting
java.lang.Thread.State: TIMED_WAITING
        at sun.misc.Unsafe.park(Native Method)
        at java.util.concurrent.locks.LockSupport.parkNanos(LockSupport.java:215)
        at java.util.concurrent.locks.AbstractQueuedSynchronizer$ConditionObject.awaitNanos(AbstractQueuedSynchronizer.java:2078)
        at org.eclipse.jetty.util.BlockingArrayQueue.poll(BlockingArrayQueue.java:382)
        at org.eclipse.jetty.util.thread.QueuedThreadPool$Runner.idleJobPoll(QueuedThreadPool.java:974)
        at org.eclipse.jetty.util.thread.QueuedThreadPool$Runner.run(QueuedThreadPool.java:1018)
        at java.lang.Thread.run(Thread.java:750)
"IPC Server handler 4 on default port 15000" daemon prio=5 tid=53 timed_waiting
java.lang.Thread.State: TIMED_WAITING
        at sun.misc.Unsafe.park(Native Method)
        at java.util.concurrent.locks.LockSupport.parkNanos(LockSupport.java:215)
        at java.util.concurrent.locks.AbstractQueuedSynchronizer$ConditionObject.awaitNanos(AbstractQueuedSynchronizer.java:2078)
        at java.util.concurrent.LinkedBlockingQueue.poll(LinkedBlockingQueue.java:467)
        at org.apache.hadoop.ipc.CallQueueManager.take(CallQueueManager.java:317)
        at org.apache.hadoop.ipc.Server$Handler.run(Server.java:2992)
"Session-HouseKeeper-306f439c-1"  prio=5 tid=121 timed_waiting
java.lang.Thread.State: TIMED_WAITING
        at sun.misc.Unsafe.park(Native Method)
        at java.util.concurrent.locks.LockSupport.parkNanos(LockSupport.java:215)
        at java.util.concurrent.locks.AbstractQueuedSynchronizer$ConditionObject.awaitNanos(AbstractQueuedSynchronizer.java:2078)
        at java.util.concurrent.ScheduledThreadPoolExecutor$DelayedWorkQueue.take(ScheduledThreadPoolExecutor.java:1093)
        at java.util.concurrent.ScheduledThreadPoolExecutor$DelayedWorkQueue.take(ScheduledThreadPoolExecutor.java:809)
        at java.util.concurrent.ThreadPoolExecutor.getTask(ThreadPoolExecutor.java:1074)
        at java.util.concurrent.ThreadPoolExecutor.runWorker(ThreadPoolExecutor.java:1134)
        at java.util.concurrent.ThreadPoolExecutor$Worker.run(ThreadPoolExecutor.java:624)
        at java.lang.Thread.run(Thread.java:750)
"Socket Reader #1 for port 15019"  prio=5 tid=236 runnable
java.lang.Thread.State: RUNNABLE
        at sun.nio.ch.EPollArrayWrapper.epollWait(Native Method)
        at sun.nio.ch.EPollArrayWrapper.poll(EPollArrayWrapper.java:269)
        at sun.nio.ch.EPollSelectorImpl.doSelect(EPollSelectorImpl.java:93)
        at sun.nio.ch.SelectorImpl.lockAndDoSelect(SelectorImpl.java:86)
        at sun.nio.ch.SelectorImpl.select(SelectorImpl.java:97)
        at sun.nio.ch.SelectorImpl.select(SelectorImpl.java:101)
        at org.apache.hadoop.ipc.Server$Listener$Reader.doRunLoop(Server.java:1342)
        at org.apache.hadoop.ipc.Server$Listener$Reader.run(Server.java:1321)
"qtp371820985-231" daemon prio=5 tid=231 timed_waiting
java.lang.Thread.State: TIMED_WAITING
        at sun.misc.Unsafe.park(Native Method)
        at java.util.concurrent.locks.LockSupport.parkNanos(LockSupport.java:215)
        at java.util.concurrent.locks.AbstractQueuedSynchronizer$ConditionObject.awaitNanos(AbstractQueuedSynchronizer.java:2078)
        at org.eclipse.jetty.util.BlockingArrayQueue.poll(BlockingArrayQueue.java:382)
        at org.eclipse.jetty.util.thread.QueuedThreadPool$Runner.idleJobPoll(QueuedThreadPool.java:974)
        at org.eclipse.jetty.util.thread.QueuedThreadPool$Runner.run(QueuedThreadPool.java:1018)
        at java.lang.Thread.run(Thread.java:750)
"om1@group-C5BA1605619E-StateMachineUpdater" daemon prio=5 tid=143 timed_waiting
java.lang.Thread.State: TIMED_WAITING
        at sun.misc.Unsafe.park(Native Method)
        at java.util.concurrent.locks.LockSupport.parkNanos(LockSupport.java:215)
        at java.util.concurrent.locks.AbstractQueuedSynchronizer$ConditionObject.await(AbstractQueuedSynchronizer.java:2163)
        at org.apache.ratis.util.AwaitForSignal.await(AwaitForSignal.java:62)
        at org.apache.ratis.server.impl.StateMachineUpdater.waitForCommit(StateMachineUpdater.java:209)
        at org.apache.ratis.server.impl.StateMachineUpdater.run(StateMachineUpdater.java:178)
        at java.lang.Thread.run(Thread.java:750)
"PartialTableCache Cleanup Thread - 0" daemon prio=5 tid=478 in Object.wait()
java.lang.Thread.State: WAITING (on object monitor)
        at sun.misc.Unsafe.park(Native Method)
        at java.util.concurrent.locks.LockSupport.park(LockSupport.java:175)
        at java.util.concurrent.locks.AbstractQueuedSynchronizer$ConditionObject.await(AbstractQueuedSynchronizer.java:2039)
        at java.util.concurrent.LinkedBlockingQueue.take(LinkedBlockingQueue.java:442)
        at java.util.concurrent.ThreadPoolExecutor.getTask(ThreadPoolExecutor.java:1074)
        at java.util.concurrent.ThreadPoolExecutor.runWorker(ThreadPoolExecutor.java:1134)
        at java.util.concurrent.ThreadPoolExecutor$Worker.run(ThreadPoolExecutor.java:624)
        at java.lang.Thread.run(Thread.java:750)
"IPC Server handler 19 on default port 15004" daemon prio=5 tid=181 timed_waiting
java.lang.Thread.State: TIMED_WAITING
        at sun.misc.Unsafe.park(Native Method)
        at java.util.concurrent.locks.LockSupport.parkNanos(LockSupport.java:215)
        at java.util.concurrent.locks.AbstractQueuedSynchronizer$ConditionObject.awaitNanos(AbstractQueuedSynchronizer.java:2078)
        at java.util.concurrent.LinkedBlockingQueue.poll(LinkedBlockingQueue.java:467)
        at org.apache.hadoop.ipc.CallQueueManager.take(CallQueueManager.java:317)
        at org.apache.hadoop.ipc.Server$Handler.run(Server.java:2992)
"ChunkWriter-0-0" daemon prio=5 tid=309 in Object.wait()
java.lang.Thread.State: WAITING (on object monitor)
        at sun.misc.Unsafe.park(Native Method)
        at java.util.concurrent.locks.LockSupport.park(LockSupport.java:175)
        at java.util.concurrent.locks.AbstractQueuedSynchronizer$ConditionObject.await(AbstractQueuedSynchronizer.java:2039)
        at java.util.concurrent.LinkedBlockingDeque.takeFirst(LinkedBlockingDeque.java:492)
        at java.util.concurrent.LinkedBlockingDeque.take(LinkedBlockingDeque.java:680)
        at java.util.concurrent.ThreadPoolExecutor.getTask(ThreadPoolExecutor.java:1074)
        at java.util.concurrent.ThreadPoolExecutor.runWorker(ThreadPoolExecutor.java:1134)
        at java.util.concurrent.ThreadPoolExecutor$Worker.run(ThreadPoolExecutor.java:624)
        at java.lang.Thread.run(Thread.java:750)
"qtp371820985-232" daemon prio=5 tid=232 timed_waiting
java.lang.Thread.State: TIMED_WAITING
        at sun.misc.Unsafe.park(Native Method)
        at java.util.concurrent.locks.LockSupport.parkNanos(LockSupport.java:215)
        at java.util.concurrent.locks.AbstractQueuedSynchronizer$ConditionObject.awaitNanos(AbstractQueuedSynchronizer.java:2078)
        at org.eclipse.jetty.util.BlockingArrayQueue.poll(BlockingArrayQueue.java:382)
        at org.eclipse.jetty.util.thread.QueuedThreadPool$Runner.idleJobPoll(QueuedThreadPool.java:974)
        at org.eclipse.jetty.util.thread.QueuedThreadPool$Runner.run(QueuedThreadPool.java:1018)
        at java.lang.Thread.run(Thread.java:750)
"Finalizer" daemon prio=8 tid=3 in Object.wait()
java.lang.Thread.State: WAITING (on object monitor)
        at java.lang.Object.wait(Native Method)
        at java.lang.ref.ReferenceQueue.remove(ReferenceQueue.java:144)
        at java.lang.ref.ReferenceQueue.remove(ReferenceQueue.java:165)
        at java.lang.ref.Finalizer$FinalizerThread.run(Finalizer.java:188)
"ContainerOp-8722a696-13c5-4ce8-9392-7aa2029a76d4-2"  prio=5 tid=535 in Object.wait()
java.lang.Thread.State: WAITING (on object monitor)
        at sun.misc.Unsafe.park(Native Method)
        at java.util.concurrent.locks.LockSupport.park(LockSupport.java:175)
        at java.util.concurrent.locks.AbstractQueuedSynchronizer$ConditionObject.await(AbstractQueuedSynchronizer.java:2039)
        at java.util.concurrent.LinkedBlockingQueue.take(LinkedBlockingQueue.java:442)
        at java.util.concurrent.ThreadPoolExecutor.getTask(ThreadPoolExecutor.java:1074)
        at java.util.concurrent.ThreadPoolExecutor.runWorker(ThreadPoolExecutor.java:1134)
        at java.util.concurrent.ThreadPoolExecutor$Worker.run(ThreadPoolExecutor.java:624)
        at java.lang.Thread.run(Thread.java:750)
"Datanode ReportManager Thread - 4" daemon prio=5 tid=246 in Object.wait()
java.lang.Thread.State: WAITING (on object monitor)
        at sun.misc.Unsafe.park(Native Method)
        at java.util.concurrent.locks.LockSupport.park(LockSupport.java:175)
        at java.util.concurrent.locks.AbstractQueuedSynchronizer$ConditionObject.await(AbstractQueuedSynchronizer.java:2039)
        at java.util.concurrent.ScheduledThreadPoolExecutor$DelayedWorkQueue.take(ScheduledThreadPoolExecutor.java:1088)
        at java.util.concurrent.ScheduledThreadPoolExecutor$DelayedWorkQueue.take(ScheduledThreadPoolExecutor.java:809)
        at java.util.concurrent.ThreadPoolExecutor.getTask(ThreadPoolExecutor.java:1074)
        at java.util.concurrent.ThreadPoolExecutor.runWorker(ThreadPoolExecutor.java:1134)
        at java.util.concurrent.ThreadPoolExecutor$Worker.run(ThreadPoolExecutor.java:624)
        at java.lang.Thread.run(Thread.java:750)
"qtp1934342177-153" daemon prio=5 tid=153 runnable
java.lang.Thread.State: RUNNABLE
        at sun.nio.ch.EPollArrayWrapper.epollWait(Native Method)
        at sun.nio.ch.EPollArrayWrapper.poll(EPollArrayWrapper.java:269)
        at sun.nio.ch.EPollSelectorImpl.doSelect(EPollSelectorImpl.java:93)
        at sun.nio.ch.SelectorImpl.lockAndDoSelect(SelectorImpl.java:86)
        at sun.nio.ch.SelectorImpl.select(SelectorImpl.java:97)
        at sun.nio.ch.SelectorImpl.select(SelectorImpl.java:101)
        at org.eclipse.jetty.io.ManagedSelector.nioSelect(ManagedSelector.java:183)
        at org.eclipse.jetty.io.ManagedSelector.select(ManagedSelector.java:190)
        at org.eclipse.jetty.io.ManagedSelector$SelectorProducer.select(ManagedSelector.java:606)
        at org.eclipse.jetty.io.ManagedSelector$SelectorProducer.produce(ManagedSelector.java:543)
        at org.eclipse.jetty.util.thread.strategy.EatWhatYouKill.produceTask(EatWhatYouKill.java:362)
        at org.eclipse.jetty.util.thread.strategy.EatWhatYouKill.doProduce(EatWhatYouKill.java:186)
        at org.eclipse.jetty.util.thread.strategy.EatWhatYouKill.tryProduce(EatWhatYouKill.java:173)
        at org.eclipse.jetty.util.thread.strategy.EatWhatYouKill.produce(EatWhatYouKill.java:137)
        at org.eclipse.jetty.io.ManagedSelector$$Lambda$519/1710789435.run(Unknown Source)
        at org.eclipse.jetty.util.thread.QueuedThreadPool.runJob(QueuedThreadPool.java:883)
        at org.eclipse.jetty.util.thread.QueuedThreadPool$Runner.run(QueuedThreadPool.java:1034)
        at java.lang.Thread.run(Thread.java:750)
"IPC Server handler 0 on default port 15000" daemon prio=5 tid=49 timed_waiting
java.lang.Thread.State: TIMED_WAITING
        at sun.misc.Unsafe.park(Native Method)
        at java.util.concurrent.locks.LockSupport.parkNanos(LockSupport.java:215)
        at java.util.concurrent.locks.AbstractQueuedSynchronizer$ConditionObject.awaitNanos(AbstractQueuedSynchronizer.java:2078)
        at java.util.concurrent.LinkedBlockingQueue.poll(LinkedBlockingQueue.java:467)
        at org.apache.hadoop.ipc.CallQueueManager.take(CallQueueManager.java:317)
        at org.apache.hadoop.ipc.Server$Handler.run(Server.java:2992)
"IPC Server handler 11 on default port 15001" daemon prio=5 tid=80 timed_waiting
java.lang.Thread.State: TIMED_WAITING
        at sun.misc.Unsafe.park(Native Method)
        at java.util.concurrent.locks.LockSupport.parkNanos(LockSupport.java:215)
        at java.util.concurrent.locks.AbstractQueuedSynchronizer$ConditionObject.awaitNanos(AbstractQueuedSynchronizer.java:2078)
        at java.util.concurrent.LinkedBlockingQueue.poll(LinkedBlockingQueue.java:467)
        at org.apache.hadoop.ipc.CallQueueManager.take(CallQueueManager.java:317)
        at org.apache.hadoop.ipc.Server$Handler.run(Server.java:2992)
"ContainerOp-8722a696-13c5-4ce8-9392-7aa2029a76d4-6"  prio=5 tid=549 in Object.wait()
java.lang.Thread.State: WAITING (on object monitor)
        at sun.misc.Unsafe.park(Native Method)
        at java.util.concurrent.locks.LockSupport.park(LockSupport.java:175)
        at java.util.concurrent.locks.AbstractQueuedSynchronizer$ConditionObject.await(AbstractQueuedSynchronizer.java:2039)
        at java.util.concurrent.LinkedBlockingQueue.take(LinkedBlockingQueue.java:442)
        at java.util.concurrent.ThreadPoolExecutor.getTask(ThreadPoolExecutor.java:1074)
        at java.util.concurrent.ThreadPoolExecutor.runWorker(ThreadPoolExecutor.java:1134)
        at java.util.concurrent.ThreadPoolExecutor$Worker.run(ThreadPoolExecutor.java:624)
        at java.lang.Thread.run(Thread.java:750)
"IPC Server handler 3 on default port 15002" daemon prio=5 tid=92 timed_waiting
java.lang.Thread.State: TIMED_WAITING
        at sun.misc.Unsafe.park(Native Method)
        at java.util.concurrent.locks.LockSupport.parkNanos(LockSupport.java:215)
        at java.util.concurrent.locks.AbstractQueuedSynchronizer$ConditionObject.awaitNanos(AbstractQueuedSynchronizer.java:2078)
        at java.util.concurrent.LinkedBlockingQueue.poll(LinkedBlockingQueue.java:467)
        at org.apache.hadoop.ipc.CallQueueManager.take(CallQueueManager.java:317)
        at org.apache.hadoop.ipc.Server$Handler.run(Server.java:2992)
"BlockDeletingService#0" daemon prio=5 tid=303 timed_waiting
java.lang.Thread.State: TIMED_WAITING
        at sun.misc.Unsafe.park(Native Method)
        at java.util.concurrent.locks.LockSupport.parkNanos(LockSupport.java:215)
        at java.util.concurrent.locks.AbstractQueuedSynchronizer$ConditionObject.awaitNanos(AbstractQueuedSynchronizer.java:2078)
        at java.util.concurrent.ScheduledThreadPoolExecutor$DelayedWorkQueue.take(ScheduledThreadPoolExecutor.java:1093)
        at java.util.concurrent.ScheduledThreadPoolExecutor$DelayedWorkQueue.take(ScheduledThreadPoolExecutor.java:809)
        at java.util.concurrent.ThreadPoolExecutor.getTask(ThreadPoolExecutor.java:1074)
        at java.util.concurrent.ThreadPoolExecutor.runWorker(ThreadPoolExecutor.java:1134)
        at java.util.concurrent.ThreadPoolExecutor$Worker.run(ThreadPoolExecutor.java:624)
        at java.lang.Thread.run(Thread.java:750)
"qtp1934342177-157" daemon prio=5 tid=157 timed_waiting
java.lang.Thread.State: TIMED_WAITING
        at sun.misc.Unsafe.park(Native Method)
        at java.util.concurrent.locks.LockSupport.parkNanos(LockSupport.java:215)
        at java.util.concurrent.locks.AbstractQueuedSynchronizer$ConditionObject.awaitNanos(AbstractQueuedSynchronizer.java:2078)
        at org.eclipse.jetty.util.BlockingArrayQueue.poll(BlockingArrayQueue.java:382)
        at org.eclipse.jetty.util.thread.QueuedThreadPool$Runner.idleJobPoll(QueuedThreadPool.java:974)
        at org.eclipse.jetty.util.thread.QueuedThreadPool$Runner.run(QueuedThreadPool.java:1018)
        at java.lang.Thread.run(Thread.java:750)
"StaleRecoveringContainerScrubbingService#0" daemon prio=5 tid=304 timed_waiting
java.lang.Thread.State: TIMED_WAITING
        at sun.misc.Unsafe.park(Native Method)
        at java.util.concurrent.locks.LockSupport.parkNanos(LockSupport.java:215)
        at java.util.concurrent.locks.AbstractQueuedSynchronizer$ConditionObject.awaitNanos(AbstractQueuedSynchronizer.java:2078)
        at java.util.concurrent.ScheduledThreadPoolExecutor$DelayedWorkQueue.take(ScheduledThreadPoolExecutor.java:1093)
        at java.util.concurrent.ScheduledThreadPoolExecutor$DelayedWorkQueue.take(ScheduledThreadPoolExecutor.java:809)
        at java.util.concurrent.ThreadPoolExecutor.getTask(ThreadPoolExecutor.java:1074)
        at java.util.concurrent.ThreadPoolExecutor.runWorker(ThreadPoolExecutor.java:1134)
        at java.util.concurrent.ThreadPoolExecutor$Worker.run(ThreadPoolExecutor.java:624)
        at java.lang.Thread.run(Thread.java:750)
"ContainerOp-069d6f8c-1a4c-4c87-8230-4103141b7879-9"  prio=5 tid=511 in Object.wait()
java.lang.Thread.State: WAITING (on object monitor)
        at sun.misc.Unsafe.park(Native Method)
        at java.util.concurrent.locks.LockSupport.park(LockSupport.java:175)
        at java.util.concurrent.locks.AbstractQueuedSynchronizer$ConditionObject.await(AbstractQueuedSynchronizer.java:2039)
        at java.util.concurrent.LinkedBlockingQueue.take(LinkedBlockingQueue.java:442)
        at java.util.concurrent.ThreadPoolExecutor.getTask(ThreadPoolExecutor.java:1074)
        at java.util.concurrent.ThreadPoolExecutor.runWorker(ThreadPoolExecutor.java:1134)
        at java.util.concurrent.ThreadPoolExecutor$Worker.run(ThreadPoolExecutor.java:624)
        at java.lang.Thread.run(Thread.java:750)
"IPC Server handler 11 on default port 15004" daemon prio=5 tid=173 timed_waiting
java.lang.Thread.State: TIMED_WAITING
        at sun.misc.Unsafe.park(Native Method)
        at java.util.concurrent.locks.LockSupport.parkNanos(LockSupport.java:215)
        at java.util.concurrent.locks.AbstractQueuedSynchronizer$ConditionObject.awaitNanos(AbstractQueuedSynchronizer.java:2078)
        at java.util.concurrent.LinkedBlockingQueue.poll(LinkedBlockingQueue.java:467)
        at org.apache.hadoop.ipc.CallQueueManager.take(CallQueueManager.java:317)
        at org.apache.hadoop.ipc.Server$Handler.run(Server.java:2992)
"IPC Server handler 17 on default port 15004" daemon prio=5 tid=179 timed_waiting
java.lang.Thread.State: TIMED_WAITING
        at sun.misc.Unsafe.park(Native Method)
        at java.util.concurrent.locks.LockSupport.parkNanos(LockSupport.java:215)
        at java.util.concurrent.locks.AbstractQueuedSynchronizer$ConditionObject.awaitNanos(AbstractQueuedSynchronizer.java:2078)
        at java.util.concurrent.LinkedBlockingQueue.poll(LinkedBlockingQueue.java:467)
        at org.apache.hadoop.ipc.CallQueueManager.take(CallQueueManager.java:317)
        at org.apache.hadoop.ipc.Server$Handler.run(Server.java:2992)
"ContainerOp-069d6f8c-1a4c-4c87-8230-4103141b7879-1"  prio=5 tid=487 in Object.wait()
java.lang.Thread.State: WAITING (on object monitor)
        at sun.misc.Unsafe.park(Native Method)
        at java.util.concurrent.locks.LockSupport.park(LockSupport.java:175)
        at java.util.concurrent.locks.AbstractQueuedSynchronizer$ConditionObject.await(AbstractQueuedSynchronizer.java:2039)
        at java.util.concurrent.LinkedBlockingQueue.take(LinkedBlockingQueue.java:442)
        at java.util.concurrent.ThreadPoolExecutor.getTask(ThreadPoolExecutor.java:1074)
        at java.util.concurrent.ThreadPoolExecutor.runWorker(ThreadPoolExecutor.java:1134)
        at java.util.concurrent.ThreadPoolExecutor$Worker.run(ThreadPoolExecutor.java:624)
        at java.lang.Thread.run(Thread.java:750)
"ChunkWriter-3-0" daemon prio=5 tid=300 in Object.wait()
java.lang.Thread.State: WAITING (on object monitor)
        at sun.misc.Unsafe.park(Native Method)
        at java.util.concurrent.locks.LockSupport.park(LockSupport.java:175)
        at java.util.concurrent.locks.AbstractQueuedSynchronizer$ConditionObject.await(AbstractQueuedSynchronizer.java:2039)
        at java.util.concurrent.LinkedBlockingDeque.takeFirst(LinkedBlockingDeque.java:492)
        at java.util.concurrent.LinkedBlockingDeque.take(LinkedBlockingDeque.java:680)
        at java.util.concurrent.ThreadPoolExecutor.getTask(ThreadPoolExecutor.java:1074)
        at java.util.concurrent.ThreadPoolExecutor.runWorker(ThreadPoolExecutor.java:1134)
        at java.util.concurrent.ThreadPoolExecutor$Worker.run(ThreadPoolExecutor.java:624)
        at java.lang.Thread.run(Thread.java:750)
"ContainerOp-8722a696-13c5-4ce8-9392-7aa2029a76d4-5"  prio=5 tid=543 in Object.wait()
java.lang.Thread.State: WAITING (on object monitor)
        at sun.misc.Unsafe.park(Native Method)
        at java.util.concurrent.locks.LockSupport.park(LockSupport.java:175)
        at java.util.concurrent.locks.AbstractQueuedSynchronizer$ConditionObject.await(AbstractQueuedSynchronizer.java:2039)
        at java.util.concurrent.LinkedBlockingQueue.take(LinkedBlockingQueue.java:442)
        at java.util.concurrent.ThreadPoolExecutor.getTask(ThreadPoolExecutor.java:1074)
        at java.util.concurrent.ThreadPoolExecutor.runWorker(ThreadPoolExecutor.java:1134)
        at java.util.concurrent.ThreadPoolExecutor$Worker.run(ThreadPoolExecutor.java:624)
        at java.lang.Thread.run(Thread.java:750)
"qtp1934342177-159" daemon prio=5 tid=159 timed_waiting
java.lang.Thread.State: TIMED_WAITING
        at sun.misc.Unsafe.park(Native Method)
        at java.util.concurrent.locks.LockSupport.parkNanos(LockSupport.java:215)
        at java.util.concurrent.locks.AbstractQueuedSynchronizer$ConditionObject.awaitNanos(AbstractQueuedSynchronizer.java:2078)
        at org.eclipse.jetty.util.BlockingArrayQueue.poll(BlockingArrayQueue.java:382)
        at org.eclipse.jetty.util.thread.QueuedThreadPool$Runner.idleJobPoll(QueuedThreadPool.java:974)
        at org.eclipse.jetty.util.thread.QueuedThreadPool$Runner.run(QueuedThreadPool.java:1018)
        at java.lang.Thread.run(Thread.java:750)
"IPC Server handler 8 on default port 15000" daemon prio=5 tid=57 timed_waiting
java.lang.Thread.State: TIMED_WAITING
        at sun.misc.Unsafe.park(Native Method)
        at java.util.concurrent.locks.LockSupport.parkNanos(LockSupport.java:215)
        at java.util.concurrent.locks.AbstractQueuedSynchronizer$ConditionObject.awaitNanos(AbstractQueuedSynchronizer.java:2078)
        at java.util.concurrent.LinkedBlockingQueue.poll(LinkedBlockingQueue.java:467)
        at org.apache.hadoop.ipc.CallQueueManager.take(CallQueueManager.java:317)
        at org.apache.hadoop.ipc.Server$Handler.run(Server.java:2992)
"ContainerOp-8722a696-13c5-4ce8-9392-7aa2029a76d4-0"  prio=5 tid=536 in Object.wait()
java.lang.Thread.State: WAITING (on object monitor)
        at sun.misc.Unsafe.park(Native Method)
        at java.util.concurrent.locks.LockSupport.park(LockSupport.java:175)
        at java.util.concurrent.locks.AbstractQueuedSynchronizer$ConditionObject.await(AbstractQueuedSynchronizer.java:2039)
        at java.util.concurrent.LinkedBlockingQueue.take(LinkedBlockingQueue.java:442)
        at java.util.concurrent.ThreadPoolExecutor.getTask(ThreadPoolExecutor.java:1074)
        at java.util.concurrent.ThreadPoolExecutor.runWorker(ThreadPoolExecutor.java:1134)
        at java.util.concurrent.ThreadPoolExecutor$Worker.run(ThreadPoolExecutor.java:624)
        at java.lang.Thread.run(Thread.java:750)
"50e7a123-fb10-4f6b-bd10-2c6e895f4416@group-7AA2029A76D4-LeaderStateImpl" daemon prio=5 tid=457 timed_waiting
java.lang.Thread.State: TIMED_WAITING
        at sun.misc.Unsafe.park(Native Method)
        at java.util.concurrent.locks.LockSupport.parkNanos(LockSupport.java:215)
        at java.util.concurrent.locks.AbstractQueuedSynchronizer$ConditionObject.awaitNanos(AbstractQueuedSynchronizer.java:2078)
        at java.util.concurrent.ArrayBlockingQueue.poll(ArrayBlockingQueue.java:418)
        at org.apache.ratis.server.impl.LeaderStateImpl$EventQueue.poll(LeaderStateImpl.java:164)
        at org.apache.ratis.server.impl.LeaderStateImpl$EventProcessor.run(LeaderStateImpl.java:702)
"FixedThreadPoolWithAffinityExecutor-3-0" daemon prio=5 tid=41 timed_waiting
java.lang.Thread.State: TIMED_WAITING
        at sun.misc.Unsafe.park(Native Method)
        at java.util.concurrent.locks.LockSupport.parkNanos(LockSupport.java:215)
        at java.util.concurrent.locks.AbstractQueuedSynchronizer$ConditionObject.awaitNanos(AbstractQueuedSynchronizer.java:2078)
        at java.util.concurrent.LinkedBlockingQueue.poll(LinkedBlockingQueue.java:467)
        at org.apache.hadoop.hdds.scm.server.ContainerReportQueue.poll(ContainerReportQueue.java:266)
        at org.apache.hadoop.hdds.scm.server.ContainerReportQueue.poll(ContainerReportQueue.java:42)
        at org.apache.hadoop.hdds.server.events.FixedThreadPoolWithAffinityExecutor$ContainerReportProcessTask.run(FixedThreadPoolWithAffinityExecutor.java:247)
        at java.util.concurrent.Executors$RunnableAdapter.call(Executors.java:511)
        at java.util.concurrent.FutureTask.run(FutureTask.java:266)
        at java.util.concurrent.ThreadPoolExecutor.runWorker(ThreadPoolExecutor.java:1149)
        at java.util.concurrent.ThreadPoolExecutor$Worker.run(ThreadPoolExecutor.java:624)
        at java.lang.Thread.run(Thread.java:750)
"IPC Server handler 18 on default port 15000" daemon prio=5 tid=67 timed_waiting
java.lang.Thread.State: TIMED_WAITING
        at sun.misc.Unsafe.park(Native Method)
        at java.util.concurrent.locks.LockSupport.parkNanos(LockSupport.java:215)
        at java.util.concurrent.locks.AbstractQueuedSynchronizer$ConditionObject.awaitNanos(AbstractQueuedSynchronizer.java:2078)
        at java.util.concurrent.LinkedBlockingQueue.poll(LinkedBlockingQueue.java:467)
        at org.apache.hadoop.ipc.CallQueueManager.take(CallQueueManager.java:317)
        at org.apache.hadoop.ipc.Server$Handler.run(Server.java:2992)
"qtp371820985-230" daemon prio=5 tid=230 timed_waiting
java.lang.Thread.State: TIMED_WAITING
        at sun.misc.Unsafe.park(Native Method)
        at java.util.concurrent.locks.LockSupport.parkNanos(LockSupport.java:215)
        at java.util.concurrent.locks.AbstractQueuedSynchronizer$ConditionObject.awaitNanos(AbstractQueuedSynchronizer.java:2078)
        at org.eclipse.jetty.util.BlockingArrayQueue.poll(BlockingArrayQueue.java:382)
        at org.eclipse.jetty.util.thread.QueuedThreadPool$Runner.idleJobPoll(QueuedThreadPool.java:974)
        at org.eclipse.jetty.util.thread.QueuedThreadPool$Runner.run(QueuedThreadPool.java:1018)
        at java.lang.Thread.run(Thread.java:750)
"OM StateMachine ApplyTransaction Thread - 0" daemon prio=5 tid=472 in Object.wait()
java.lang.Thread.State: WAITING (on object monitor)
        at sun.misc.Unsafe.park(Native Method)
        at java.util.concurrent.locks.LockSupport.park(LockSupport.java:175)
        at java.util.concurrent.locks.AbstractQueuedSynchronizer$ConditionObject.await(AbstractQueuedSynchronizer.java:2039)
        at java.util.concurrent.LinkedBlockingQueue.take(LinkedBlockingQueue.java:442)
        at java.util.concurrent.ThreadPoolExecutor.getTask(ThreadPoolExecutor.java:1074)
        at java.util.concurrent.ThreadPoolExecutor.runWorker(ThreadPoolExecutor.java:1134)
        at java.util.concurrent.ThreadPoolExecutor$Worker.run(ThreadPoolExecutor.java:624)
        at java.lang.Thread.run(Thread.java:750)
"Session-HouseKeeper-807b29c-1"  prio=5 tid=161 timed_waiting
java.lang.Thread.State: TIMED_WAITING
        at sun.misc.Unsafe.park(Native Method)
        at java.util.concurrent.locks.LockSupport.parkNanos(LockSupport.java:215)
        at java.util.concurrent.locks.AbstractQueuedSynchronizer$ConditionObject.awaitNanos(AbstractQueuedSynchronizer.java:2078)
        at java.util.concurrent.ScheduledThreadPoolExecutor$DelayedWorkQueue.take(ScheduledThreadPoolExecutor.java:1093)
        at java.util.concurrent.ScheduledThreadPoolExecutor$DelayedWorkQueue.take(ScheduledThreadPoolExecutor.java:809)
        at java.util.concurrent.ThreadPoolExecutor.getTask(ThreadPoolExecutor.java:1074)
        at java.util.concurrent.ThreadPoolExecutor.runWorker(ThreadPoolExecutor.java:1134)
        at java.util.concurrent.ThreadPoolExecutor$Worker.run(ThreadPoolExecutor.java:624)
        at java.lang.Thread.run(Thread.java:750)
"qtp1609724165-194" daemon prio=5 tid=194 timed_waiting
java.lang.Thread.State: TIMED_WAITING
        at sun.misc.Unsafe.park(Native Method)
        at java.util.concurrent.locks.LockSupport.parkNanos(LockSupport.java:215)
        at java.util.concurrent.locks.AbstractQueuedSynchronizer$ConditionObject.awaitNanos(AbstractQueuedSynchronizer.java:2078)
        at org.eclipse.jetty.util.BlockingArrayQueue.poll(BlockingArrayQueue.java:382)
        at org.eclipse.jetty.util.thread.QueuedThreadPool$Runner.idleJobPoll(QueuedThreadPool.java:974)
        at org.eclipse.jetty.util.thread.QueuedThreadPool$Runner.run(QueuedThreadPool.java:1018)
        at java.lang.Thread.run(Thread.java:750)
"FixedThreadPoolWithAffinityExecutor-6-0" daemon prio=5 tid=44 timed_waiting
java.lang.Thread.State: TIMED_WAITING
        at sun.misc.Unsafe.park(Native Method)
        at java.util.concurrent.locks.LockSupport.parkNanos(LockSupport.java:215)
        at java.util.concurrent.locks.AbstractQueuedSynchronizer$ConditionObject.awaitNanos(AbstractQueuedSynchronizer.java:2078)
        at java.util.concurrent.LinkedBlockingQueue.poll(LinkedBlockingQueue.java:467)
        at org.apache.hadoop.hdds.scm.server.ContainerReportQueue.poll(ContainerReportQueue.java:266)
        at org.apache.hadoop.hdds.scm.server.ContainerReportQueue.poll(ContainerReportQueue.java:42)
        at org.apache.hadoop.hdds.server.events.FixedThreadPoolWithAffinityExecutor$ContainerReportProcessTask.run(FixedThreadPoolWithAffinityExecutor.java:247)
        at java.util.concurrent.Executors$RunnableAdapter.call(Executors.java:511)
        at java.util.concurrent.FutureTask.run(FutureTask.java:266)
        at java.util.concurrent.ThreadPoolExecutor.runWorker(ThreadPoolExecutor.java:1149)
        at java.util.concurrent.ThreadPoolExecutor$Worker.run(ThreadPoolExecutor.java:624)
        at java.lang.Thread.run(Thread.java:750)
"ContainerOp-069d6f8c-1a4c-4c87-8230-4103141b7879-9"  prio=5 tid=515 in Object.wait()
java.lang.Thread.State: WAITING (on object monitor)
        at sun.misc.Unsafe.park(Native Method)
        at java.util.concurrent.locks.LockSupport.park(LockSupport.java:175)
        at java.util.concurrent.locks.AbstractQueuedSynchronizer$ConditionObject.await(AbstractQueuedSynchronizer.java:2039)
        at java.util.concurrent.LinkedBlockingQueue.take(LinkedBlockingQueue.java:442)
        at java.util.concurrent.ThreadPoolExecutor.getTask(ThreadPoolExecutor.java:1074)
        at java.util.concurrent.ThreadPoolExecutor.runWorker(ThreadPoolExecutor.java:1134)
        at java.util.concurrent.ThreadPoolExecutor$Worker.run(ThreadPoolExecutor.java:624)
        at java.lang.Thread.run(Thread.java:750)
"8624e205-2d39-4523-82ac-4c9e49e08d77-server-thread2" daemon prio=5 tid=462 timed_waiting
java.lang.Thread.State: TIMED_WAITING
        at sun.misc.Unsafe.park(Native Method)
        at java.util.concurrent.locks.LockSupport.parkNanos(LockSupport.java:215)
        at java.util.concurrent.SynchronousQueue$TransferStack.awaitFulfill(SynchronousQueue.java:460)
        at java.util.concurrent.SynchronousQueue$TransferStack.transfer(SynchronousQueue.java:362)
        at java.util.concurrent.SynchronousQueue.poll(SynchronousQueue.java:941)
        at java.util.concurrent.ThreadPoolExecutor.getTask(ThreadPoolExecutor.java:1073)
        at java.util.concurrent.ThreadPoolExecutor.runWorker(ThreadPoolExecutor.java:1134)
        at java.util.concurrent.ThreadPoolExecutor$Worker.run(ThreadPoolExecutor.java:624)
        at java.lang.Thread.run(Thread.java:750)
"50e7a123-fb10-4f6b-bd10-2c6e895f4416@group-4103141B7879-StateMachineUpdater" daemon prio=5 tid=365 timed_waiting
java.lang.Thread.State: TIMED_WAITING
        at sun.misc.Unsafe.park(Native Method)
        at java.util.concurrent.locks.LockSupport.parkNanos(LockSupport.java:215)
        at java.util.concurrent.locks.AbstractQueuedSynchronizer$ConditionObject.await(AbstractQueuedSynchronizer.java:2163)
        at org.apache.ratis.util.AwaitForSignal.await(AwaitForSignal.java:62)
        at org.apache.ratis.server.impl.StateMachineUpdater.waitForCommit(StateMachineUpdater.java:209)
        at org.apache.ratis.server.impl.StateMachineUpdater.run(StateMachineUpdater.java:178)
        at java.lang.Thread.run(Thread.java:750)
"FixedThreadPoolWithAffinityExecutor-4-0" daemon prio=5 tid=42 timed_waiting
java.lang.Thread.State: TIMED_WAITING
        at sun.misc.Unsafe.park(Native Method)
        at java.util.concurrent.locks.LockSupport.parkNanos(LockSupport.java:215)
        at java.util.concurrent.locks.AbstractQueuedSynchronizer$ConditionObject.awaitNanos(AbstractQueuedSynchronizer.java:2078)
        at java.util.concurrent.LinkedBlockingQueue.poll(LinkedBlockingQueue.java:467)
        at org.apache.hadoop.hdds.scm.server.ContainerReportQueue.poll(ContainerReportQueue.java:266)
        at org.apache.hadoop.hdds.scm.server.ContainerReportQueue.poll(ContainerReportQueue.java:42)
        at org.apache.hadoop.hdds.server.events.FixedThreadPoolWithAffinityExecutor$ContainerReportProcessTask.run(FixedThreadPoolWithAffinityExecutor.java:247)
        at java.util.concurrent.Executors$RunnableAdapter.call(Executors.java:511)
        at java.util.concurrent.FutureTask.run(FutureTask.java:266)
        at java.util.concurrent.ThreadPoolExecutor.runWorker(ThreadPoolExecutor.java:1149)
        at java.util.concurrent.ThreadPoolExecutor$Worker.run(ThreadPoolExecutor.java:624)
        at java.lang.Thread.run(Thread.java:750)
"FixedThreadPoolWithAffinityExecutor-9-0" daemon prio=5 tid=47 timed_waiting
java.lang.Thread.State: TIMED_WAITING
        at sun.misc.Unsafe.park(Native Method)
        at java.util.concurrent.locks.LockSupport.parkNanos(LockSupport.java:215)
        at java.util.concurrent.locks.AbstractQueuedSynchronizer$ConditionObject.awaitNanos(AbstractQueuedSynchronizer.java:2078)
        at java.util.concurrent.LinkedBlockingQueue.poll(LinkedBlockingQueue.java:467)
        at org.apache.hadoop.hdds.scm.server.ContainerReportQueue.poll(ContainerReportQueue.java:266)
        at org.apache.hadoop.hdds.scm.server.ContainerReportQueue.poll(ContainerReportQueue.java:42)
        at org.apache.hadoop.hdds.server.events.FixedThreadPoolWithAffinityExecutor$ContainerReportProcessTask.run(FixedThreadPoolWithAffinityExecutor.java:247)
        at java.util.concurrent.Executors$RunnableAdapter.call(Executors.java:511)
        at java.util.concurrent.FutureTask.run(FutureTask.java:266)
        at java.util.concurrent.ThreadPoolExecutor.runWorker(ThreadPoolExecutor.java:1149)
        at java.util.concurrent.ThreadPoolExecutor$Worker.run(ThreadPoolExecutor.java:624)
        at java.lang.Thread.run(Thread.java:750)
"IPC Server handler 16 on default port 15002" daemon prio=5 tid=105 timed_waiting
java.lang.Thread.State: TIMED_WAITING
        at sun.misc.Unsafe.park(Native Method)
        at java.util.concurrent.locks.LockSupport.parkNanos(LockSupport.java:215)
        at java.util.concurrent.locks.AbstractQueuedSynchronizer$ConditionObject.awaitNanos(AbstractQueuedSynchronizer.java:2078)
        at java.util.concurrent.LinkedBlockingQueue.poll(LinkedBlockingQueue.java:467)
        at org.apache.hadoop.ipc.CallQueueManager.take(CallQueueManager.java:317)
        at org.apache.hadoop.ipc.Server$Handler.run(Server.java:2992)
"Datanode State Machine Daemon Thread" daemon prio=5 tid=273 timed_waiting
java.lang.Thread.State: TIMED_WAITING
        at java.lang.Thread.sleep(Native Method)
        at org.apache.hadoop.ozone.container.common.statemachine.DatanodeStateMachine.startStateMachineThread(DatanodeStateMachine.java:349)
        at org.apache.hadoop.ozone.container.common.statemachine.DatanodeStateMachine.lambda$startDaemon$0(DatanodeStateMachine.java:532)
        at org.apache.hadoop.ozone.container.common.statemachine.DatanodeStateMachine$$Lambda$907/324744640.run(Unknown Source)
        at java.lang.Thread.run(Thread.java:750)
"IPC Server handler 7 on default port 15000" daemon prio=5 tid=56 timed_waiting
java.lang.Thread.State: TIMED_WAITING
        at sun.misc.Unsafe.park(Native Method)
        at java.util.concurrent.locks.LockSupport.parkNanos(LockSupport.java:215)
        at java.util.concurrent.locks.AbstractQueuedSynchronizer$ConditionObject.awaitNanos(AbstractQueuedSynchronizer.java:2078)
        at java.util.concurrent.LinkedBlockingQueue.poll(LinkedBlockingQueue.java:467)
        at org.apache.hadoop.ipc.CallQueueManager.take(CallQueueManager.java:317)
        at org.apache.hadoop.ipc.Server$Handler.run(Server.java:2992)
"ContainerOp-8722a696-13c5-4ce8-9392-7aa2029a76d4-7"  prio=5 tid=554 in Object.wait()
java.lang.Thread.State: WAITING (on object monitor)
        at sun.misc.Unsafe.park(Native Method)
        at java.util.concurrent.locks.LockSupport.park(LockSupport.java:175)
        at java.util.concurrent.locks.AbstractQueuedSynchronizer$ConditionObject.await(AbstractQueuedSynchronizer.java:2039)
        at java.util.concurrent.LinkedBlockingQueue.take(LinkedBlockingQueue.java:442)
        at java.util.concurrent.ThreadPoolExecutor.getTask(ThreadPoolExecutor.java:1074)
        at java.util.concurrent.ThreadPoolExecutor.runWorker(ThreadPoolExecutor.java:1134)
        at java.util.concurrent.ThreadPoolExecutor$Worker.run(ThreadPoolExecutor.java:624)
        at java.lang.Thread.run(Thread.java:750)
"Hadoop-Metrics-Updater-0" daemon prio=5 tid=139 timed_waiting
java.lang.Thread.State: TIMED_WAITING
        at sun.misc.Unsafe.park(Native Method)
        at java.util.concurrent.locks.LockSupport.parkNanos(LockSupport.java:215)
        at java.util.concurrent.locks.AbstractQueuedSynchronizer$ConditionObject.awaitNanos(AbstractQueuedSynchronizer.java:2078)
        at java.util.concurrent.ScheduledThreadPoolExecutor$DelayedWorkQueue.take(ScheduledThreadPoolExecutor.java:1093)
        at java.util.concurrent.ScheduledThreadPoolExecutor$DelayedWorkQueue.take(ScheduledThreadPoolExecutor.java:809)
        at java.util.concurrent.ThreadPoolExecutor.getTask(ThreadPoolExecutor.java:1074)
        at java.util.concurrent.ThreadPoolExecutor.runWorker(ThreadPoolExecutor.java:1134)
        at java.util.concurrent.ThreadPoolExecutor$Worker.run(ThreadPoolExecutor.java:624)
        at java.lang.Thread.run(Thread.java:750)
"IPC Server handler 6 on default port 15001" daemon prio=5 tid=75 timed_waiting
java.lang.Thread.State: TIMED_WAITING
        at sun.misc.Unsafe.park(Native Method)
        at java.util.concurrent.locks.LockSupport.parkNanos(LockSupport.java:215)
        at java.util.concurrent.locks.AbstractQueuedSynchronizer$ConditionObject.awaitNanos(AbstractQueuedSynchronizer.java:2078)
        at java.util.concurrent.LinkedBlockingQueue.poll(LinkedBlockingQueue.java:467)
        at org.apache.hadoop.ipc.CallQueueManager.take(CallQueueManager.java:317)
        at org.apache.hadoop.ipc.Server$Handler.run(Server.java:2992)
"IPC Server handler 5 on default port 15000" daemon prio=5 tid=54 timed_waiting
java.lang.Thread.State: TIMED_WAITING
        at sun.misc.Unsafe.park(Native Method)
        at java.util.concurrent.locks.LockSupport.parkNanos(LockSupport.java:215)
        at java.util.concurrent.locks.AbstractQueuedSynchronizer$ConditionObject.awaitNanos(AbstractQueuedSynchronizer.java:2078)
        at java.util.concurrent.LinkedBlockingQueue.poll(LinkedBlockingQueue.java:467)
        at org.apache.hadoop.ipc.CallQueueManager.take(CallQueueManager.java:317)
        at org.apache.hadoop.ipc.Server$Handler.run(Server.java:2992)
"ChunkWriter-0-0" daemon prio=5 tid=297 in Object.wait()
java.lang.Thread.State: WAITING (on object monitor)
        at sun.misc.Unsafe.park(Native Method)
        at java.util.concurrent.locks.LockSupport.park(LockSupport.java:175)
        at java.util.concurrent.locks.AbstractQueuedSynchronizer$ConditionObject.await(AbstractQueuedSynchronizer.java:2039)
        at java.util.concurrent.LinkedBlockingDeque.takeFirst(LinkedBlockingDeque.java:492)
        at java.util.concurrent.LinkedBlockingDeque.take(LinkedBlockingDeque.java:680)
        at java.util.concurrent.ThreadPoolExecutor.getTask(ThreadPoolExecutor.java:1074)
        at java.util.concurrent.ThreadPoolExecutor.runWorker(ThreadPoolExecutor.java:1134)
        at java.util.concurrent.ThreadPoolExecutor$Worker.run(ThreadPoolExecutor.java:624)
        at java.lang.Thread.run(Thread.java:750)
"org.apache.hadoop.ozone.container.common.statemachine.commandhandler.DeleteBlocksCommandHandler$DeleteCmdWorker@203cc120" daemon prio=5 tid=256 timed_waiting
java.lang.Thread.State: TIMED_WAITING
        at java.lang.Thread.sleep(Native Method)
        at org.apache.hadoop.ozone.container.common.statemachine.commandhandler.DeleteBlocksCommandHandler$DeleteCmdWorker.run(DeleteBlocksCommandHandler.java:187)
        at java.lang.Thread.run(Thread.java:750)
"Datanode ReportManager Thread - 0" daemon prio=5 tid=242 timed_waiting
java.lang.Thread.State: TIMED_WAITING
        at sun.misc.Unsafe.park(Native Method)
        at java.util.concurrent.locks.LockSupport.parkNanos(LockSupport.java:215)
        at java.util.concurrent.locks.AbstractQueuedSynchronizer$ConditionObject.awaitNanos(AbstractQueuedSynchronizer.java:2078)
        at java.util.concurrent.ScheduledThreadPoolExecutor$DelayedWorkQueue.take(ScheduledThreadPoolExecutor.java:1093)
        at java.util.concurrent.ScheduledThreadPoolExecutor$DelayedWorkQueue.take(ScheduledThreadPoolExecutor.java:809)
        at java.util.concurrent.ThreadPoolExecutor.getTask(ThreadPoolExecutor.java:1074)
        at java.util.concurrent.ThreadPoolExecutor.runWorker(ThreadPoolExecutor.java:1134)
        at java.util.concurrent.ThreadPoolExecutor$Worker.run(ThreadPoolExecutor.java:624)
        at java.lang.Thread.run(Thread.java:750)
"IPC Server handler 5 on default port 15004" daemon prio=5 tid=167 timed_waiting
java.lang.Thread.State: TIMED_WAITING
        at sun.misc.Unsafe.park(Native Method)
        at java.util.concurrent.locks.LockSupport.parkNanos(LockSupport.java:215)
        at java.util.concurrent.locks.AbstractQueuedSynchronizer$ConditionObject.awaitNanos(AbstractQueuedSynchronizer.java:2078)
        at java.util.concurrent.LinkedBlockingQueue.poll(LinkedBlockingQueue.java:467)
        at org.apache.hadoop.ipc.CallQueueManager.take(CallQueueManager.java:317)
        at org.apache.hadoop.ipc.Server$Handler.run(Server.java:2992)
"Datanode ReportManager Thread - 4" daemon prio=5 tid=278 in Object.wait()
java.lang.Thread.State: WAITING (on object monitor)
        at sun.misc.Unsafe.park(Native Method)
        at java.util.concurrent.locks.LockSupport.park(LockSupport.java:175)
        at java.util.concurrent.locks.AbstractQueuedSynchronizer$ConditionObject.await(AbstractQueuedSynchronizer.java:2039)
        at java.util.concurrent.ScheduledThreadPoolExecutor$DelayedWorkQueue.take(ScheduledThreadPoolExecutor.java:1088)
        at java.util.concurrent.ScheduledThreadPoolExecutor$DelayedWorkQueue.take(ScheduledThreadPoolExecutor.java:809)
        at java.util.concurrent.ThreadPoolExecutor.getTask(ThreadPoolExecutor.java:1074)
        at java.util.concurrent.ThreadPoolExecutor.runWorker(ThreadPoolExecutor.java:1134)
        at java.util.concurrent.ThreadPoolExecutor$Worker.run(ThreadPoolExecutor.java:624)
        at java.lang.Thread.run(Thread.java:750)
"pool-136-thread-1"  prio=5 tid=257 timed_waiting
java.lang.Thread.State: TIMED_WAITING
        at sun.misc.Unsafe.park(Native Method)
        at java.util.concurrent.locks.LockSupport.parkNanos(LockSupport.java:215)
        at java.util.concurrent.locks.AbstractQueuedSynchronizer$ConditionObject.awaitNanos(AbstractQueuedSynchronizer.java:2078)
        at java.util.concurrent.ScheduledThreadPoolExecutor$DelayedWorkQueue.take(ScheduledThreadPoolExecutor.java:1093)
        at java.util.concurrent.ScheduledThreadPoolExecutor$DelayedWorkQueue.take(ScheduledThreadPoolExecutor.java:809)
        at java.util.concurrent.ThreadPoolExecutor.getTask(ThreadPoolExecutor.java:1074)
        at java.util.concurrent.ThreadPoolExecutor.runWorker(ThreadPoolExecutor.java:1134)
        at java.util.concurrent.ThreadPoolExecutor$Worker.run(ThreadPoolExecutor.java:624)
        at java.lang.Thread.run(Thread.java:750)
"IPC Server handler 4 on default port 15002" daemon prio=5 tid=93 timed_waiting
java.lang.Thread.State: TIMED_WAITING
        at sun.misc.Unsafe.park(Native Method)
        at java.util.concurrent.locks.LockSupport.parkNanos(LockSupport.java:215)
        at java.util.concurrent.locks.AbstractQueuedSynchronizer$ConditionObject.awaitNanos(AbstractQueuedSynchronizer.java:2078)
        at java.util.concurrent.LinkedBlockingQueue.poll(LinkedBlockingQueue.java:467)
        at org.apache.hadoop.ipc.CallQueueManager.take(CallQueueManager.java:317)
        at org.apache.hadoop.ipc.Server$Handler.run(Server.java:2992)
"ContainerOp-069d6f8c-1a4c-4c87-8230-4103141b7879-8"  prio=5 tid=509 in Object.wait()
java.lang.Thread.State: WAITING (on object monitor)
        at sun.misc.Unsafe.park(Native Method)
        at java.util.concurrent.locks.LockSupport.park(LockSupport.java:175)
        at java.util.concurrent.locks.AbstractQueuedSynchronizer$ConditionObject.await(AbstractQueuedSynchronizer.java:2039)
        at java.util.concurrent.LinkedBlockingQueue.take(LinkedBlockingQueue.java:442)
        at java.util.concurrent.ThreadPoolExecutor.getTask(ThreadPoolExecutor.java:1074)
        at java.util.concurrent.ThreadPoolExecutor.runWorker(ThreadPoolExecutor.java:1134)
        at java.util.concurrent.ThreadPoolExecutor$Worker.run(ThreadPoolExecutor.java:624)
        at java.lang.Thread.run(Thread.java:750)
"EndpointStateMachine task thread for /0.0.0.0:15002 - 0 "  prio=5 tid=296 in Object.wait()
java.lang.Thread.State: WAITING (on object monitor)
        at sun.misc.Unsafe.park(Native Method)
        at java.util.concurrent.locks.LockSupport.park(LockSupport.java:175)
        at java.util.concurrent.locks.AbstractQueuedSynchronizer$ConditionObject.await(AbstractQueuedSynchronizer.java:2039)
        at java.util.concurrent.LinkedBlockingQueue.take(LinkedBlockingQueue.java:442)
        at java.util.concurrent.ThreadPoolExecutor.getTask(ThreadPoolExecutor.java:1074)
        at java.util.concurrent.ThreadPoolExecutor.runWorker(ThreadPoolExecutor.java:1134)
        at java.util.concurrent.ThreadPoolExecutor$Worker.run(ThreadPoolExecutor.java:624)
        at java.lang.Thread.run(Thread.java:750)
"pool-88-thread-1"  prio=5 tid=191 timed_waiting
java.lang.Thread.State: TIMED_WAITING
        at sun.misc.Unsafe.park(Native Method)
        at java.util.concurrent.locks.LockSupport.parkNanos(LockSupport.java:215)
        at java.util.concurrent.locks.AbstractQueuedSynchronizer$ConditionObject.awaitNanos(AbstractQueuedSynchronizer.java:2078)
        at java.util.concurrent.ScheduledThreadPoolExecutor$DelayedWorkQueue.take(ScheduledThreadPoolExecutor.java:1093)
        at java.util.concurrent.ScheduledThreadPoolExecutor$DelayedWorkQueue.take(ScheduledThreadPoolExecutor.java:809)
        at java.util.concurrent.ThreadPoolExecutor.getTask(ThreadPoolExecutor.java:1074)
        at java.util.concurrent.ThreadPoolExecutor.runWorker(ThreadPoolExecutor.java:1134)
        at java.util.concurrent.ThreadPoolExecutor$Worker.run(ThreadPoolExecutor.java:624)
        at java.lang.Thread.run(Thread.java:750)
"Over Replicated Processor" daemon prio=5 tid=20 timed_waiting
java.lang.Thread.State: TIMED_WAITING
        at java.lang.Object.wait(Native Method)
        at org.apache.hadoop.hdds.scm.container.replication.UnhealthyReplicationProcessor.run(UnhealthyReplicationProcessor.java:172)
        at java.lang.Thread.run(Thread.java:750)
"ContainerOp-069d6f8c-1a4c-4c87-8230-4103141b7879-2"  prio=5 tid=495 in Object.wait()
java.lang.Thread.State: WAITING (on object monitor)
        at sun.misc.Unsafe.park(Native Method)
        at java.util.concurrent.locks.LockSupport.park(LockSupport.java:175)
        at java.util.concurrent.locks.AbstractQueuedSynchronizer$ConditionObject.await(AbstractQueuedSynchronizer.java:2039)
        at java.util.concurrent.LinkedBlockingQueue.take(LinkedBlockingQueue.java:442)
        at java.util.concurrent.ThreadPoolExecutor.getTask(ThreadPoolExecutor.java:1074)
        at java.util.concurrent.ThreadPoolExecutor.runWorker(ThreadPoolExecutor.java:1134)
        at java.util.concurrent.ThreadPoolExecutor$Worker.run(ThreadPoolExecutor.java:624)
        at java.lang.Thread.run(Thread.java:750)
"IPC Server handler 11 on default port 15002" daemon prio=5 tid=100 timed_waiting
java.lang.Thread.State: TIMED_WAITING
        at sun.misc.Unsafe.park(Native Method)
        at java.util.concurrent.locks.LockSupport.parkNanos(LockSupport.java:215)
        at java.util.concurrent.locks.AbstractQueuedSynchronizer$ConditionObject.awaitNanos(AbstractQueuedSynchronizer.java:2078)
        at java.util.concurrent.LinkedBlockingQueue.poll(LinkedBlockingQueue.java:467)
        at org.apache.hadoop.ipc.CallQueueManager.take(CallQueueManager.java:317)
        at org.apache.hadoop.ipc.Server$Handler.run(Server.java:2992)
"Datanode State Machine Task Thread - 0"  prio=5 tid=248 in Object.wait()
java.lang.Thread.State: WAITING (on object monitor)
        at sun.misc.Unsafe.park(Native Method)
        at java.util.concurrent.locks.LockSupport.park(LockSupport.java:175)
        at java.util.concurrent.locks.AbstractQueuedSynchronizer$ConditionObject.await(AbstractQueuedSynchronizer.java:2039)
        at java.util.concurrent.LinkedBlockingQueue.take(LinkedBlockingQueue.java:442)
        at java.util.concurrent.ThreadPoolExecutor.getTask(ThreadPoolExecutor.java:1074)
        at java.util.concurrent.ThreadPoolExecutor.runWorker(ThreadPoolExecutor.java:1134)
        at java.util.concurrent.ThreadPoolExecutor$Worker.run(ThreadPoolExecutor.java:624)
        at java.lang.Thread.run(Thread.java:750)
"9b904d97-ba57-4d1c-b750-04e93ad7e320@group-CA04535E9BA0-LeaderStateImpl" daemon prio=5 tid=414 timed_waiting
java.lang.Thread.State: TIMED_WAITING
        at sun.misc.Unsafe.park(Native Method)
        at java.util.concurrent.locks.LockSupport.parkNanos(LockSupport.java:215)
        at java.util.concurrent.locks.AbstractQueuedSynchronizer$ConditionObject.awaitNanos(AbstractQueuedSynchronizer.java:2078)
        at java.util.concurrent.ArrayBlockingQueue.poll(ArrayBlockingQueue.java:418)
        at org.apache.ratis.server.impl.LeaderStateImpl$EventQueue.poll(LeaderStateImpl.java:164)
        at org.apache.ratis.server.impl.LeaderStateImpl$EventProcessor.run(LeaderStateImpl.java:702)
"IPC Server handler 0 on default port 15001" daemon prio=5 tid=69 timed_waiting
java.lang.Thread.State: TIMED_WAITING
        at sun.misc.Unsafe.park(Native Method)
        at java.util.concurrent.locks.LockSupport.parkNanos(LockSupport.java:215)
        at java.util.concurrent.locks.AbstractQueuedSynchronizer$ConditionObject.awaitNanos(AbstractQueuedSynchronizer.java:2078)
        at java.util.concurrent.LinkedBlockingQueue.poll(LinkedBlockingQueue.java:467)
        at org.apache.hadoop.ipc.CallQueueManager.take(CallQueueManager.java:317)
        at org.apache.hadoop.ipc.Server$Handler.run(Server.java:2992)
"qtp1934342177-154-acceptor-0@3ddc3e99-ServerConnector@349cb820{HTTP/1.1, (http/1.1)}{0.0.0.0:15005}" daemon prio=3 tid=154 runnable
java.lang.Thread.State: RUNNABLE
        at sun.nio.ch.ServerSocketChannelImpl.accept0(Native Method)
        at sun.nio.ch.ServerSocketChannelImpl.accept(ServerSocketChannelImpl.java:421)
        at sun.nio.ch.ServerSocketChannelImpl.accept(ServerSocketChannelImpl.java:249)
        at org.eclipse.jetty.server.ServerConnector.accept(ServerConnector.java:388)
        at org.eclipse.jetty.server.AbstractConnector$Acceptor.run(AbstractConnector.java:704)
        at org.eclipse.jetty.util.thread.QueuedThreadPool.runJob(QueuedThreadPool.java:883)
        at org.eclipse.jetty.util.thread.QueuedThreadPool$Runner.run(QueuedThreadPool.java:1034)
        at java.lang.Thread.run(Thread.java:750)
"ContainerOp-069d6f8c-1a4c-4c87-8230-4103141b7879-6"  prio=5 tid=502 in Object.wait()
java.lang.Thread.State: WAITING (on object monitor)
        at sun.misc.Unsafe.park(Native Method)
        at java.util.concurrent.locks.LockSupport.park(LockSupport.java:175)
        at java.util.concurrent.locks.AbstractQueuedSynchronizer$ConditionObject.await(AbstractQueuedSynchronizer.java:2039)
        at java.util.concurrent.LinkedBlockingQueue.take(LinkedBlockingQueue.java:442)
        at java.util.concurrent.ThreadPoolExecutor.getTask(ThreadPoolExecutor.java:1074)
        at java.util.concurrent.ThreadPoolExecutor.runWorker(ThreadPoolExecutor.java:1134)
        at java.util.concurrent.ThreadPoolExecutor$Worker.run(ThreadPoolExecutor.java:624)
        at java.lang.Thread.run(Thread.java:750)
"8624e205-2d39-4523-82ac-4c9e49e08d77@group-D40AD2ACF1D8-SegmentedRaftLogWorker"  prio=5 tid=341 timed_waiting
java.lang.Thread.State: TIMED_WAITING
        at sun.misc.Unsafe.park(Native Method)
        at java.util.concurrent.locks.LockSupport.parkNanos(LockSupport.java:215)
        at java.util.concurrent.locks.AbstractQueuedSynchronizer$ConditionObject.awaitNanos(AbstractQueuedSynchronizer.java:2078)
        at org.apache.ratis.util.DataBlockingQueue.poll(DataBlockingQueue.java:148)
        at org.apache.ratis.server.raftlog.segmented.SegmentedRaftLogWorker.run(SegmentedRaftLogWorker.java:307)
        at org.apache.ratis.server.raftlog.segmented.SegmentedRaftLogWorker$$Lambda$810/1436683595.run(Unknown Source)
        at java.util.concurrent.Executors$RunnableAdapter.call(Executors.java:511)
        at java.util.concurrent.FutureTask.run(FutureTask.java:266)
        at java.util.concurrent.ThreadPoolExecutor.runWorker(ThreadPoolExecutor.java:1149)
        at java.util.concurrent.ThreadPoolExecutor$Worker.run(ThreadPoolExecutor.java:624)
        at java.lang.Thread.run(Thread.java:750)
"JvmPauseMonitor4" daemon prio=5 tid=313 timed_waiting
java.lang.Thread.State: TIMED_WAITING
        at java.lang.Thread.sleep(Native Method)
        at java.lang.Thread.sleep(Thread.java:342)
        at java.util.concurrent.TimeUnit.sleep(TimeUnit.java:386)
        at org.apache.ratis.util.TimeDuration.sleep(TimeDuration.java:325)
        at org.apache.ratis.util.TimeDuration.sleep(TimeDuration.java:310)
        at org.apache.ratis.util.JvmPauseMonitor.detectPause(JvmPauseMonitor.java:117)
        at org.apache.ratis.util.JvmPauseMonitor.run(JvmPauseMonitor.java:106)
        at org.apache.ratis.util.JvmPauseMonitor$$Lambda$485/1387446869.run(Unknown Source)
        at java.lang.Thread.run(Thread.java:750)
"ContainerOp-8722a696-13c5-4ce8-9392-7aa2029a76d4-3"  prio=5 tid=537 in Object.wait()
java.lang.Thread.State: WAITING (on object monitor)
        at sun.misc.Unsafe.park(Native Method)
        at java.util.concurrent.locks.LockSupport.park(LockSupport.java:175)
        at java.util.concurrent.locks.AbstractQueuedSynchronizer$ConditionObject.await(AbstractQueuedSynchronizer.java:2039)
        at java.util.concurrent.LinkedBlockingQueue.take(LinkedBlockingQueue.java:442)
        at java.util.concurrent.ThreadPoolExecutor.getTask(ThreadPoolExecutor.java:1074)
        at java.util.concurrent.ThreadPoolExecutor.runWorker(ThreadPoolExecutor.java:1134)
        at java.util.concurrent.ThreadPoolExecutor$Worker.run(ThreadPoolExecutor.java:624)
        at java.lang.Thread.run(Thread.java:750)
"qtp1609724165-196" daemon prio=5 tid=196 timed_waiting
java.lang.Thread.State: TIMED_WAITING
        at sun.misc.Unsafe.park(Native Method)
        at java.util.concurrent.locks.LockSupport.parkNanos(LockSupport.java:215)
        at java.util.concurrent.locks.AbstractQueuedSynchronizer$ConditionObject.awaitNanos(AbstractQueuedSynchronizer.java:2078)
        at org.eclipse.jetty.util.BlockingArrayQueue.poll(BlockingArrayQueue.java:382)
        at org.eclipse.jetty.util.thread.QueuedThreadPool$Runner.idleJobPoll(QueuedThreadPool.java:974)
        at org.eclipse.jetty.util.thread.QueuedThreadPool$Runner.run(QueuedThreadPool.java:1018)
        at java.lang.Thread.run(Thread.java:750)
"50e7a123-fb10-4f6b-bd10-2c6e895f4416-NettyServerStreamRpc-bossGroup--thread1"  prio=5 tid=254 runnable
java.lang.Thread.State: RUNNABLE
        at sun.nio.ch.EPollArrayWrapper.epollWait(Native Method)
        at sun.nio.ch.EPollArrayWrapper.poll(EPollArrayWrapper.java:269)
        at sun.nio.ch.EPollSelectorImpl.doSelect(EPollSelectorImpl.java:93)
        at sun.nio.ch.SelectorImpl.lockAndDoSelect(SelectorImpl.java:86)
        at sun.nio.ch.SelectorImpl.select(SelectorImpl.java:97)
        at sun.nio.ch.SelectorImpl.select(SelectorImpl.java:101)
        at org.apache.ratis.thirdparty.io.netty.channel.nio.SelectedSelectionKeySetSelector.select(SelectedSelectionKeySetSelector.java:68)
        at org.apache.ratis.thirdparty.io.netty.channel.nio.NioEventLoop.select(NioEventLoop.java:879)
        at org.apache.ratis.thirdparty.io.netty.channel.nio.NioEventLoop.run(NioEventLoop.java:526)
        at org.apache.ratis.thirdparty.io.netty.util.concurrent.SingleThreadEventExecutor$4.run(SingleThreadEventExecutor.java:997)
        at org.apache.ratis.thirdparty.io.netty.util.internal.ThreadExecutorMap$2.run(ThreadExecutorMap.java:74)
        at java.lang.Thread.run(Thread.java:750)
"8624e205-2d39-4523-82ac-4c9e49e08d77@group-7AA2029A76D4-SegmentedRaftLogWorker"  prio=5 tid=377 timed_waiting
java.lang.Thread.State: TIMED_WAITING
        at sun.misc.Unsafe.park(Native Method)
        at java.util.concurrent.locks.LockSupport.parkNanos(LockSupport.java:215)
        at java.util.concurrent.locks.AbstractQueuedSynchronizer$ConditionObject.awaitNanos(AbstractQueuedSynchronizer.java:2078)
        at org.apache.ratis.util.DataBlockingQueue.poll(DataBlockingQueue.java:148)
        at org.apache.ratis.server.raftlog.segmented.SegmentedRaftLogWorker.run(SegmentedRaftLogWorker.java:307)
        at org.apache.ratis.server.raftlog.segmented.SegmentedRaftLogWorker$$Lambda$810/1436683595.run(Unknown Source)
        at java.util.concurrent.Executors$RunnableAdapter.call(Executors.java:511)
        at java.util.concurrent.FutureTask.run(FutureTask.java:266)
        at java.util.concurrent.ThreadPoolExecutor.runWorker(ThreadPoolExecutor.java:1149)
        at java.util.concurrent.ThreadPoolExecutor$Worker.run(ThreadPoolExecutor.java:624)
        at java.lang.Thread.run(Thread.java:750)
"IPC Server listener on 15000" daemon prio=5 tid=33 runnable
java.lang.Thread.State: RUNNABLE
        at sun.nio.ch.EPollArrayWrapper.epollWait(Native Method)
        at sun.nio.ch.EPollArrayWrapper.poll(EPollArrayWrapper.java:269)
        at sun.nio.ch.EPollSelectorImpl.doSelect(EPollSelectorImpl.java:93)
        at sun.nio.ch.SelectorImpl.lockAndDoSelect(SelectorImpl.java:86)
        at sun.nio.ch.SelectorImpl.select(SelectorImpl.java:97)
        at sun.nio.ch.SelectorImpl.select(SelectorImpl.java:101)
        at org.apache.hadoop.ipc.Server$Listener.run(Server.java:1404)
"IPC Server handler 5 on default port 15002" daemon prio=5 tid=94 timed_waiting
java.lang.Thread.State: TIMED_WAITING
        at sun.misc.Unsafe.park(Native Method)
        at java.util.concurrent.locks.LockSupport.parkNanos(LockSupport.java:215)
        at java.util.concurrent.locks.AbstractQueuedSynchronizer$ConditionObject.awaitNanos(AbstractQueuedSynchronizer.java:2078)
        at java.util.concurrent.LinkedBlockingQueue.poll(LinkedBlockingQueue.java:467)
        at org.apache.hadoop.ipc.CallQueueManager.take(CallQueueManager.java:317)
        at org.apache.hadoop.ipc.Server$Handler.run(Server.java:2992)
"qtp392959448-258" daemon prio=5 tid=258 runnable
java.lang.Thread.State: RUNNABLE
        at sun.nio.ch.EPollArrayWrapper.epollWait(Native Method)
        at sun.nio.ch.EPollArrayWrapper.poll(EPollArrayWrapper.java:269)
        at sun.nio.ch.EPollSelectorImpl.doSelect(EPollSelectorImpl.java:93)
        at sun.nio.ch.SelectorImpl.lockAndDoSelect(SelectorImpl.java:86)
        at sun.nio.ch.SelectorImpl.select(SelectorImpl.java:97)
        at sun.nio.ch.SelectorImpl.select(SelectorImpl.java:101)
        at org.eclipse.jetty.io.ManagedSelector.nioSelect(ManagedSelector.java:183)
        at org.eclipse.jetty.io.ManagedSelector.select(ManagedSelector.java:190)
        at org.eclipse.jetty.io.ManagedSelector$SelectorProducer.select(ManagedSelector.java:606)
        at org.eclipse.jetty.io.ManagedSelector$SelectorProducer.produce(ManagedSelector.java:543)
        at org.eclipse.jetty.util.thread.strategy.EatWhatYouKill.produceTask(EatWhatYouKill.java:362)
        at org.eclipse.jetty.util.thread.strategy.EatWhatYouKill.doProduce(EatWhatYouKill.java:186)
        at org.eclipse.jetty.util.thread.strategy.EatWhatYouKill.tryProduce(EatWhatYouKill.java:173)
        at org.eclipse.jetty.util.thread.strategy.EatWhatYouKill.produce(EatWhatYouKill.java:137)
        at org.eclipse.jetty.io.ManagedSelector$$Lambda$519/1710789435.run(Unknown Source)
        at org.eclipse.jetty.util.thread.QueuedThreadPool.runJob(QueuedThreadPool.java:883)
        at org.eclipse.jetty.util.thread.QueuedThreadPool$Runner.run(QueuedThreadPool.java:1034)
        at java.lang.Thread.run(Thread.java:750)
"EndpointStateMachine task thread for /0.0.0.0:15002 - 0 "  prio=5 tid=282 in Object.wait()
java.lang.Thread.State: WAITING (on object monitor)
        at sun.misc.Unsafe.park(Native Method)
        at java.util.concurrent.locks.LockSupport.park(LockSupport.java:175)
        at java.util.concurrent.locks.AbstractQueuedSynchronizer$ConditionObject.await(AbstractQueuedSynchronizer.java:2039)
        at java.util.concurrent.LinkedBlockingQueue.take(LinkedBlockingQueue.java:442)
        at java.util.concurrent.ThreadPoolExecutor.getTask(ThreadPoolExecutor.java:1074)
        at java.util.concurrent.ThreadPoolExecutor.runWorker(ThreadPoolExecutor.java:1134)
        at java.util.concurrent.ThreadPoolExecutor$Worker.run(ThreadPoolExecutor.java:624)
        at java.lang.Thread.run(Thread.java:750)
"8624e205-2d39-4523-82ac-4c9e49e08d77-server-thread5"  prio=5 tid=767 timed_waiting
java.lang.Thread.State: TIMED_WAITING
        at sun.misc.Unsafe.park(Native Method)
        at java.util.concurrent.locks.LockSupport.parkNanos(LockSupport.java:215)
        at java.util.concurrent.SynchronousQueue$TransferStack.awaitFulfill(SynchronousQueue.java:460)
        at java.util.concurrent.SynchronousQueue$TransferStack.transfer(SynchronousQueue.java:362)
        at java.util.concurrent.SynchronousQueue.poll(SynchronousQueue.java:941)
        at java.util.concurrent.ThreadPoolExecutor.getTask(ThreadPoolExecutor.java:1073)
        at java.util.concurrent.ThreadPoolExecutor.runWorker(ThreadPoolExecutor.java:1134)
        at java.util.concurrent.ThreadPoolExecutor$Worker.run(ThreadPoolExecutor.java:624)
        at java.lang.Thread.run(Thread.java:750)
"ContainerOp-8722a696-13c5-4ce8-9392-7aa2029a76d4-6"  prio=5 tid=553 in Object.wait()
java.lang.Thread.State: WAITING (on object monitor)
        at sun.misc.Unsafe.park(Native Method)
        at java.util.concurrent.locks.LockSupport.park(LockSupport.java:175)
        at java.util.concurrent.locks.AbstractQueuedSynchronizer$ConditionObject.await(AbstractQueuedSynchronizer.java:2039)
        at java.util.concurrent.LinkedBlockingQueue.take(LinkedBlockingQueue.java:442)
        at java.util.concurrent.ThreadPoolExecutor.getTask(ThreadPoolExecutor.java:1074)
        at java.util.concurrent.ThreadPoolExecutor.runWorker(ThreadPoolExecutor.java:1134)
        at java.util.concurrent.ThreadPoolExecutor$Worker.run(ThreadPoolExecutor.java:624)
        at java.lang.Thread.run(Thread.java:750)
"50e7a123-fb10-4f6b-bd10-2c6e895f4416@group-F1BA168EBC4E-LeaderStateImpl" daemon prio=5 tid=443 timed_waiting
java.lang.Thread.State: TIMED_WAITING
        at sun.misc.Unsafe.park(Native Method)
        at java.util.concurrent.locks.LockSupport.parkNanos(LockSupport.java:215)
        at java.util.concurrent.locks.AbstractQueuedSynchronizer$ConditionObject.awaitNanos(AbstractQueuedSynchronizer.java:2078)
        at java.util.concurrent.ArrayBlockingQueue.poll(ArrayBlockingQueue.java:418)
        at org.apache.ratis.server.impl.LeaderStateImpl$EventQueue.poll(LeaderStateImpl.java:164)
        at org.apache.ratis.server.impl.LeaderStateImpl$EventProcessor.run(LeaderStateImpl.java:702)
"8624e205-2d39-4523-82ac-4c9e49e08d77-server-thread3" daemon prio=5 tid=441 timed_waiting
java.lang.Thread.State: TIMED_WAITING
        at sun.misc.Unsafe.park(Native Method)
        at java.util.concurrent.locks.LockSupport.parkNanos(LockSupport.java:215)
        at java.util.concurrent.SynchronousQueue$TransferStack.awaitFulfill(SynchronousQueue.java:460)
        at java.util.concurrent.SynchronousQueue$TransferStack.transfer(SynchronousQueue.java:362)
        at java.util.concurrent.SynchronousQueue.poll(SynchronousQueue.java:941)
        at java.util.concurrent.ThreadPoolExecutor.getTask(ThreadPoolExecutor.java:1073)
        at java.util.concurrent.ThreadPoolExecutor.runWorker(ThreadPoolExecutor.java:1134)
        at java.util.concurrent.ThreadPoolExecutor$Worker.run(ThreadPoolExecutor.java:624)
        at java.lang.Thread.run(Thread.java:750)
"IPC Server handler 12 on default port 15000" daemon prio=5 tid=61 timed_waiting
java.lang.Thread.State: TIMED_WAITING
        at sun.misc.Unsafe.park(Native Method)
        at java.util.concurrent.locks.LockSupport.parkNanos(LockSupport.java:215)
        at java.util.concurrent.locks.AbstractQueuedSynchronizer$ConditionObject.awaitNanos(AbstractQueuedSynchronizer.java:2078)
        at java.util.concurrent.LinkedBlockingQueue.poll(LinkedBlockingQueue.java:467)
        at org.apache.hadoop.ipc.CallQueueManager.take(CallQueueManager.java:317)
        at org.apache.hadoop.ipc.Server$Handler.run(Server.java:2992)
"ChunkWriter-1-0" daemon prio=5 tid=310 in Object.wait()
java.lang.Thread.State: WAITING (on object monitor)
        at sun.misc.Unsafe.park(Native Method)
        at java.util.concurrent.locks.LockSupport.park(LockSupport.java:175)
        at java.util.concurrent.locks.AbstractQueuedSynchronizer$ConditionObject.await(AbstractQueuedSynchronizer.java:2039)
        at java.util.concurrent.LinkedBlockingDeque.takeFirst(LinkedBlockingDeque.java:492)
        at java.util.concurrent.LinkedBlockingDeque.take(LinkedBlockingDeque.java:680)
        at java.util.concurrent.ThreadPoolExecutor.getTask(ThreadPoolExecutor.java:1074)
        at java.util.concurrent.ThreadPoolExecutor.runWorker(ThreadPoolExecutor.java:1134)
        at java.util.concurrent.ThreadPoolExecutor$Worker.run(ThreadPoolExecutor.java:624)
        at java.lang.Thread.run(Thread.java:750)
"IPC Server idle connection scanner for port 15010" daemon prio=5 tid=203 timed_waiting
java.lang.Thread.State: TIMED_WAITING
        at java.lang.Object.wait(Native Method)
        at java.util.TimerThread.mainLoop(Timer.java:552)
        at java.util.TimerThread.run(Timer.java:505)
"ContainerOp-8722a696-13c5-4ce8-9392-7aa2029a76d4-0"  prio=5 tid=526 in Object.wait()
java.lang.Thread.State: WAITING (on object monitor)
        at sun.misc.Unsafe.park(Native Method)
        at java.util.concurrent.locks.LockSupport.park(LockSupport.java:175)
        at java.util.concurrent.locks.AbstractQueuedSynchronizer$ConditionObject.await(AbstractQueuedSynchronizer.java:2039)
        at java.util.concurrent.LinkedBlockingQueue.take(LinkedBlockingQueue.java:442)
        at java.util.concurrent.ThreadPoolExecutor.getTask(ThreadPoolExecutor.java:1074)
        at java.util.concurrent.ThreadPoolExecutor.runWorker(ThreadPoolExecutor.java:1134)
        at java.util.concurrent.ThreadPoolExecutor$Worker.run(ThreadPoolExecutor.java:624)
        at java.lang.Thread.run(Thread.java:750)
"Datanode State Machine Task Thread - 1"  prio=5 tid=295 in Object.wait()
java.lang.Thread.State: WAITING (on object monitor)
        at sun.misc.Unsafe.park(Native Method)
        at java.util.concurrent.locks.LockSupport.park(LockSupport.java:175)
        at java.util.concurrent.locks.AbstractQueuedSynchronizer$ConditionObject.await(AbstractQueuedSynchronizer.java:2039)
        at java.util.concurrent.LinkedBlockingQueue.take(LinkedBlockingQueue.java:442)
        at java.util.concurrent.ThreadPoolExecutor.getTask(ThreadPoolExecutor.java:1074)
        at java.util.concurrent.ThreadPoolExecutor.runWorker(ThreadPoolExecutor.java:1134)
        at java.util.concurrent.ThreadPoolExecutor$Worker.run(ThreadPoolExecutor.java:624)
        at java.lang.Thread.run(Thread.java:750)
"DatanodeAdminManager-0" daemon prio=5 tid=21 timed_waiting
java.lang.Thread.State: TIMED_WAITING
        at sun.misc.Unsafe.park(Native Method)
        at java.util.concurrent.locks.LockSupport.parkNanos(LockSupport.java:215)
        at java.util.concurrent.locks.AbstractQueuedSynchronizer$ConditionObject.awaitNanos(AbstractQueuedSynchronizer.java:2078)
        at java.util.concurrent.ScheduledThreadPoolExecutor$DelayedWorkQueue.take(ScheduledThreadPoolExecutor.java:1093)
        at java.util.concurrent.ScheduledThreadPoolExecutor$DelayedWorkQueue.take(ScheduledThreadPoolExecutor.java:809)
        at java.util.concurrent.ThreadPoolExecutor.getTask(ThreadPoolExecutor.java:1074)
        at java.util.concurrent.ThreadPoolExecutor.runWorker(ThreadPoolExecutor.java:1134)
        at java.util.concurrent.ThreadPoolExecutor$Worker.run(ThreadPoolExecutor.java:624)
        at java.lang.Thread.run(Thread.java:750)
"Datanode ReportManager Thread - 0" daemon prio=5 tid=274 timed_waiting
java.lang.Thread.State: TIMED_WAITING
        at sun.misc.Unsafe.park(Native Method)
        at java.util.concurrent.locks.LockSupport.parkNanos(LockSupport.java:215)
        at java.util.concurrent.locks.AbstractQueuedSynchronizer$ConditionObject.awaitNanos(AbstractQueuedSynchronizer.java:2078)
        at java.util.concurrent.ScheduledThreadPoolExecutor$DelayedWorkQueue.take(ScheduledThreadPoolExecutor.java:1093)
        at java.util.concurrent.ScheduledThreadPoolExecutor$DelayedWorkQueue.take(ScheduledThreadPoolExecutor.java:809)
        at java.util.concurrent.ThreadPoolExecutor.getTask(ThreadPoolExecutor.java:1074)
        at java.util.concurrent.ThreadPoolExecutor.runWorker(ThreadPoolExecutor.java:1134)
        at java.util.concurrent.ThreadPoolExecutor$Worker.run(ThreadPoolExecutor.java:624)
        at java.lang.Thread.run(Thread.java:750)
"ExpiredContainerReplicaOpScrubberThread" daemon prio=5 tid=17 timed_waiting
java.lang.Thread.State: TIMED_WAITING
        at java.lang.Object.wait(Native Method)
        at org.apache.hadoop.hdds.scm.ha.BackgroundSCMService.run(BackgroundSCMService.java:110)
        at org.apache.hadoop.hdds.scm.ha.BackgroundSCMService$$Lambda$434/1128958264.run(Unknown Source)
        at java.lang.Thread.run(Thread.java:750)
"ContainerOp-069d6f8c-1a4c-4c87-8230-4103141b7879-8"  prio=5 tid=510 in Object.wait()
java.lang.Thread.State: WAITING (on object monitor)
        at sun.misc.Unsafe.park(Native Method)
        at java.util.concurrent.locks.LockSupport.park(LockSupport.java:175)
        at java.util.concurrent.locks.AbstractQueuedSynchronizer$ConditionObject.await(AbstractQueuedSynchronizer.java:2039)
        at java.util.concurrent.LinkedBlockingQueue.take(LinkedBlockingQueue.java:442)
        at java.util.concurrent.ThreadPoolExecutor.getTask(ThreadPoolExecutor.java:1074)
        at java.util.concurrent.ThreadPoolExecutor.runWorker(ThreadPoolExecutor.java:1134)
        at java.util.concurrent.ThreadPoolExecutor$Worker.run(ThreadPoolExecutor.java:624)
        at java.lang.Thread.run(Thread.java:750)
"IPC Server handler 14 on default port 15000" daemon prio=5 tid=63 timed_waiting
java.lang.Thread.State: TIMED_WAITING
        at sun.misc.Unsafe.park(Native Method)
        at java.util.concurrent.locks.LockSupport.parkNanos(LockSupport.java:215)
        at java.util.concurrent.locks.AbstractQueuedSynchronizer$ConditionObject.awaitNanos(AbstractQueuedSynchronizer.java:2078)
        at java.util.concurrent.LinkedBlockingQueue.poll(LinkedBlockingQueue.java:467)
        at org.apache.hadoop.ipc.CallQueueManager.take(CallQueueManager.java:317)
        at org.apache.hadoop.ipc.Server$Handler.run(Server.java:2992)
"9b904d97-ba57-4d1c-b750-04e93ad7e320@group-4103141B7879-SegmentedRaftLogWorker"  prio=5 tid=333 timed_waiting
java.lang.Thread.State: TIMED_WAITING
        at sun.misc.Unsafe.park(Native Method)
        at java.util.concurrent.locks.LockSupport.parkNanos(LockSupport.java:215)
        at java.util.concurrent.locks.AbstractQueuedSynchronizer$ConditionObject.awaitNanos(AbstractQueuedSynchronizer.java:2078)
        at org.apache.ratis.util.DataBlockingQueue.poll(DataBlockingQueue.java:148)
        at org.apache.ratis.server.raftlog.segmented.SegmentedRaftLogWorker.run(SegmentedRaftLogWorker.java:307)
        at org.apache.ratis.server.raftlog.segmented.SegmentedRaftLogWorker$$Lambda$810/1436683595.run(Unknown Source)
        at java.util.concurrent.Executors$RunnableAdapter.call(Executors.java:511)
        at java.util.concurrent.FutureTask.run(FutureTask.java:266)
        at java.util.concurrent.ThreadPoolExecutor.runWorker(ThreadPoolExecutor.java:1149)
        at java.util.concurrent.ThreadPoolExecutor$Worker.run(ThreadPoolExecutor.java:624)
        at java.lang.Thread.run(Thread.java:750)
"IPC Server listener on 15001" daemon prio=5 tid=28 runnable
java.lang.Thread.State: RUNNABLE
        at sun.nio.ch.EPollArrayWrapper.epollWait(Native Method)
        at sun.nio.ch.EPollArrayWrapper.poll(EPollArrayWrapper.java:269)
        at sun.nio.ch.EPollSelectorImpl.doSelect(EPollSelectorImpl.java:93)
        at sun.nio.ch.SelectorImpl.lockAndDoSelect(SelectorImpl.java:86)
        at sun.nio.ch.SelectorImpl.select(SelectorImpl.java:97)
        at sun.nio.ch.SelectorImpl.select(SelectorImpl.java:101)
        at org.apache.hadoop.ipc.Server$Listener.run(Server.java:1404)
"SnapshotDiffCleanupService#0" daemon prio=5 tid=128 timed_waiting
java.lang.Thread.State: TIMED_WAITING
        at sun.misc.Unsafe.park(Native Method)
        at java.util.concurrent.locks.LockSupport.parkNanos(LockSupport.java:215)
        at java.util.concurrent.locks.AbstractQueuedSynchronizer$ConditionObject.awaitNanos(AbstractQueuedSynchronizer.java:2078)
        at java.util.concurrent.ScheduledThreadPoolExecutor$DelayedWorkQueue.take(ScheduledThreadPoolExecutor.java:1093)
        at java.util.concurrent.ScheduledThreadPoolExecutor$DelayedWorkQueue.take(ScheduledThreadPoolExecutor.java:809)
        at java.util.concurrent.ThreadPoolExecutor.getTask(ThreadPoolExecutor.java:1074)
        at java.util.concurrent.ThreadPoolExecutor.runWorker(ThreadPoolExecutor.java:1134)
        at java.util.concurrent.ThreadPoolExecutor$Worker.run(ThreadPoolExecutor.java:624)
        at java.lang.Thread.run(Thread.java:750)
"pool-112-thread-1"  prio=5 tid=225 timed_waiting
java.lang.Thread.State: TIMED_WAITING
        at sun.misc.Unsafe.park(Native Method)
        at java.util.concurrent.locks.LockSupport.parkNanos(LockSupport.java:215)
        at java.util.concurrent.locks.AbstractQueuedSynchronizer$ConditionObject.awaitNanos(AbstractQueuedSynchronizer.java:2078)
        at java.util.concurrent.ScheduledThreadPoolExecutor$DelayedWorkQueue.take(ScheduledThreadPoolExecutor.java:1093)
        at java.util.concurrent.ScheduledThreadPoolExecutor$DelayedWorkQueue.take(ScheduledThreadPoolExecutor.java:809)
        at java.util.concurrent.ThreadPoolExecutor.getTask(ThreadPoolExecutor.java:1074)
        at java.util.concurrent.ThreadPoolExecutor.runWorker(ThreadPoolExecutor.java:1134)
        at java.util.concurrent.ThreadPoolExecutor$Worker.run(ThreadPoolExecutor.java:624)
        at java.lang.Thread.run(Thread.java:750)
"FixedThreadPoolWithAffinityExecutor-1-0" daemon prio=5 tid=39 timed_waiting
java.lang.Thread.State: TIMED_WAITING
        at sun.misc.Unsafe.park(Native Method)
        at java.util.concurrent.locks.LockSupport.parkNanos(LockSupport.java:215)
        at java.util.concurrent.locks.AbstractQueuedSynchronizer$ConditionObject.awaitNanos(AbstractQueuedSynchronizer.java:2078)
        at java.util.concurrent.LinkedBlockingQueue.poll(LinkedBlockingQueue.java:467)
        at org.apache.hadoop.hdds.scm.server.ContainerReportQueue.poll(ContainerReportQueue.java:266)
        at org.apache.hadoop.hdds.scm.server.ContainerReportQueue.poll(ContainerReportQueue.java:42)
        at org.apache.hadoop.hdds.server.events.FixedThreadPoolWithAffinityExecutor$ContainerReportProcessTask.run(FixedThreadPoolWithAffinityExecutor.java:247)
        at java.util.concurrent.Executors$RunnableAdapter.call(Executors.java:511)
        at java.util.concurrent.FutureTask.run(FutureTask.java:266)
        at java.util.concurrent.ThreadPoolExecutor.runWorker(ThreadPoolExecutor.java:1149)
        at java.util.concurrent.ThreadPoolExecutor$Worker.run(ThreadPoolExecutor.java:624)
        at java.lang.Thread.run(Thread.java:750)
"IPC Server handler 19 on default port 15001" daemon prio=5 tid=88 timed_waiting
java.lang.Thread.State: TIMED_WAITING
        at sun.misc.Unsafe.park(Native Method)
        at java.util.concurrent.locks.LockSupport.parkNanos(LockSupport.java:215)
        at java.util.concurrent.locks.AbstractQueuedSynchronizer$ConditionObject.awaitNanos(AbstractQueuedSynchronizer.java:2078)
        at java.util.concurrent.LinkedBlockingQueue.poll(LinkedBlockingQueue.java:467)
        at org.apache.hadoop.ipc.CallQueueManager.take(CallQueueManager.java:317)
        at org.apache.hadoop.ipc.Server$Handler.run(Server.java:2992)
"Timer for 'StorageContainerManager' metrics system" daemon prio=5 tid=48 timed_waiting
java.lang.Thread.State: TIMED_WAITING
        at java.lang.Object.wait(Native Method)
        at java.util.TimerThread.mainLoop(Timer.java:552)
        at java.util.TimerThread.run(Timer.java:505)
"JvmPauseMonitor0" daemon prio=5 tid=111 timed_waiting
java.lang.Thread.State: TIMED_WAITING
        at java.lang.Thread.sleep(Native Method)
        at java.lang.Thread.sleep(Thread.java:342)
        at java.util.concurrent.TimeUnit.sleep(TimeUnit.java:386)
        at org.apache.ratis.util.TimeDuration.sleep(TimeDuration.java:325)
        at org.apache.ratis.util.TimeDuration.sleep(TimeDuration.java:310)
        at org.apache.ratis.util.JvmPauseMonitor.detectPause(JvmPauseMonitor.java:117)
        at org.apache.ratis.util.JvmPauseMonitor.run(JvmPauseMonitor.java:106)
        at org.apache.ratis.util.JvmPauseMonitor$$Lambda$485/1387446869.run(Unknown Source)
        at java.lang.Thread.run(Thread.java:750)
"8624e205-2d39-4523-82ac-4c9e49e08d77@group-D40AD2ACF1D8-StateMachineUpdater" daemon prio=5 tid=343 timed_waiting
java.lang.Thread.State: TIMED_WAITING
        at sun.misc.Unsafe.park(Native Method)
        at java.util.concurrent.locks.LockSupport.parkNanos(LockSupport.java:215)
        at java.util.concurrent.locks.AbstractQueuedSynchronizer$ConditionObject.await(AbstractQueuedSynchronizer.java:2163)
        at org.apache.ratis.util.AwaitForSignal.await(AwaitForSignal.java:62)
        at org.apache.ratis.server.impl.StateMachineUpdater.waitForCommit(StateMachineUpdater.java:209)
        at org.apache.ratis.server.impl.StateMachineUpdater.run(StateMachineUpdater.java:178)
        at java.lang.Thread.run(Thread.java:750)
"8624e205-2d39-4523-82ac-4c9e49e08d77@group-4103141B7879-StateMachineUpdater" daemon prio=5 tid=346 timed_waiting
java.lang.Thread.State: TIMED_WAITING
        at sun.misc.Unsafe.park(Native Method)
        at java.util.concurrent.locks.LockSupport.parkNanos(LockSupport.java:215)
        at java.util.concurrent.locks.AbstractQueuedSynchronizer$ConditionObject.await(AbstractQueuedSynchronizer.java:2163)
        at org.apache.ratis.util.AwaitForSignal.await(AwaitForSignal.java:62)
        at org.apache.ratis.server.impl.StateMachineUpdater.waitForCommit(StateMachineUpdater.java:209)
        at org.apache.ratis.server.impl.StateMachineUpdater.run(StateMachineUpdater.java:178)
        at java.lang.Thread.run(Thread.java:750)
"ContainerOp-069d6f8c-1a4c-4c87-8230-4103141b7879-7"  prio=5 tid=507 in Object.wait()
java.lang.Thread.State: WAITING (on object monitor)
        at sun.misc.Unsafe.park(Native Method)
        at java.util.concurrent.locks.LockSupport.park(LockSupport.java:175)
        at java.util.concurrent.locks.AbstractQueuedSynchronizer$ConditionObject.await(AbstractQueuedSynchronizer.java:2039)
        at java.util.concurrent.LinkedBlockingQueue.take(LinkedBlockingQueue.java:442)
        at java.util.concurrent.ThreadPoolExecutor.getTask(ThreadPoolExecutor.java:1074)
        at java.util.concurrent.ThreadPoolExecutor.runWorker(ThreadPoolExecutor.java:1134)
        at java.util.concurrent.ThreadPoolExecutor$Worker.run(ThreadPoolExecutor.java:624)
        at java.lang.Thread.run(Thread.java:750)
"EventQueue-PipelineReportForPipelineReportHandler" daemon prio=5 tid=322 in Object.wait()
java.lang.Thread.State: WAITING (on object monitor)
        at sun.misc.Unsafe.park(Native Method)
        at java.util.concurrent.locks.LockSupport.park(LockSupport.java:175)
        at java.util.concurrent.locks.AbstractQueuedSynchronizer$ConditionObject.await(AbstractQueuedSynchronizer.java:2039)
        at java.util.concurrent.LinkedBlockingQueue.take(LinkedBlockingQueue.java:442)
        at java.util.concurrent.ThreadPoolExecutor.getTask(ThreadPoolExecutor.java:1074)
        at java.util.concurrent.ThreadPoolExecutor.runWorker(ThreadPoolExecutor.java:1134)
        at java.util.concurrent.ThreadPoolExecutor$Worker.run(ThreadPoolExecutor.java:624)
        at java.lang.Thread.run(Thread.java:750)
"ChunkReader-ELG-0" daemon prio=5 tid=314 runnable
java.lang.Thread.State: RUNNABLE
        at org.apache.ratis.thirdparty.io.netty.channel.epoll.Native.epollWait(Native Method)
        at org.apache.ratis.thirdparty.io.netty.channel.epoll.Native.epollWait(Native.java:209)
        at org.apache.ratis.thirdparty.io.netty.channel.epoll.Native.epollWait(Native.java:202)
        at org.apache.ratis.thirdparty.io.netty.channel.epoll.EpollEventLoop.epollWaitNoTimerChange(EpollEventLoop.java:306)
        at org.apache.ratis.thirdparty.io.netty.channel.epoll.EpollEventLoop.run(EpollEventLoop.java:363)
        at org.apache.ratis.thirdparty.io.netty.util.concurrent.SingleThreadEventExecutor$4.run(SingleThreadEventExecutor.java:997)
        at org.apache.ratis.thirdparty.io.netty.util.internal.ThreadExecutorMap$2.run(ThreadExecutorMap.java:74)
        at java.lang.Thread.run(Thread.java:750)
"timer5" daemon prio=5 tid=460 timed_waiting
java.lang.Thread.State: TIMED_WAITING
        at java.lang.Object.wait(Native Method)
        at java.util.TimerThread.mainLoop(Timer.java:552)
        at java.util.TimerThread.run(Timer.java:505)
"qtp371820985-233" daemon prio=5 tid=233 timed_waiting
java.lang.Thread.State: TIMED_WAITING
        at sun.misc.Unsafe.park(Native Method)
        at java.util.concurrent.locks.LockSupport.parkNanos(LockSupport.java:215)
        at java.util.concurrent.locks.AbstractQueuedSynchronizer$ConditionObject.awaitNanos(AbstractQueuedSynchronizer.java:2078)
        at org.eclipse.jetty.util.BlockingArrayQueue.poll(BlockingArrayQueue.java:382)
        at org.eclipse.jetty.util.thread.QueuedThreadPool$Runner.idleJobPoll(QueuedThreadPool.java:974)
        at org.eclipse.jetty.util.thread.QueuedThreadPool$Runner.run(QueuedThreadPool.java:1018)
        at java.lang.Thread.run(Thread.java:750)
"Datanode ReportManager Thread - 4" daemon prio=5 tid=213 timed_waiting
java.lang.Thread.State: TIMED_WAITING
        at sun.misc.Unsafe.park(Native Method)
        at java.util.concurrent.locks.LockSupport.parkNanos(LockSupport.java:215)
        at java.util.concurrent.locks.AbstractQueuedSynchronizer$ConditionObject.awaitNanos(AbstractQueuedSynchronizer.java:2078)
        at java.util.concurrent.ScheduledThreadPoolExecutor$DelayedWorkQueue.take(ScheduledThreadPoolExecutor.java:1093)
        at java.util.concurrent.ScheduledThreadPoolExecutor$DelayedWorkQueue.take(ScheduledThreadPoolExecutor.java:809)
        at java.util.concurrent.ThreadPoolExecutor.getTask(ThreadPoolExecutor.java:1074)
        at java.util.concurrent.ThreadPoolExecutor.runWorker(ThreadPoolExecutor.java:1134)
        at java.util.concurrent.ThreadPoolExecutor$Worker.run(ThreadPoolExecutor.java:624)
        at java.lang.Thread.run(Thread.java:750)
"qtp1709501349-120" daemon prio=5 tid=120 timed_waiting
java.lang.Thread.State: TIMED_WAITING
        at sun.misc.Unsafe.park(Native Method)
        at java.util.concurrent.locks.LockSupport.parkNanos(LockSupport.java:215)
        at java.util.concurrent.locks.AbstractQueuedSynchronizer$ConditionObject.awaitNanos(AbstractQueuedSynchronizer.java:2078)
        at org.eclipse.jetty.util.BlockingArrayQueue.poll(BlockingArrayQueue.java:382)
        at org.eclipse.jetty.util.thread.QueuedThreadPool$Runner.idleJobPoll(QueuedThreadPool.java:974)
        at org.eclipse.jetty.util.thread.QueuedThreadPool$Runner.run(QueuedThreadPool.java:1018)
        at java.lang.Thread.run(Thread.java:750)
"om1@group-C5BA1605619E-LeaderStateImpl" daemon prio=5 tid=216 timed_waiting
java.lang.Thread.State: TIMED_WAITING
        at sun.misc.Unsafe.park(Native Method)
        at java.util.concurrent.locks.LockSupport.parkNanos(LockSupport.java:215)
        at java.util.concurrent.locks.AbstractQueuedSynchronizer$ConditionObject.awaitNanos(AbstractQueuedSynchronizer.java:2078)
        at java.util.concurrent.ArrayBlockingQueue.poll(ArrayBlockingQueue.java:418)
        at org.apache.ratis.server.impl.LeaderStateImpl$EventQueue.poll(LeaderStateImpl.java:164)
        at org.apache.ratis.server.impl.LeaderStateImpl$EventProcessor.run(LeaderStateImpl.java:702)
"KeyDeletingService#0" daemon prio=5 tid=147 timed_waiting
java.lang.Thread.State: TIMED_WAITING
        at sun.misc.Unsafe.park(Native Method)
        at java.util.concurrent.locks.LockSupport.parkNanos(LockSupport.java:215)
        at java.util.concurrent.locks.AbstractQueuedSynchronizer$ConditionObject.awaitNanos(AbstractQueuedSynchronizer.java:2078)
        at java.util.concurrent.ScheduledThreadPoolExecutor$DelayedWorkQueue.take(ScheduledThreadPoolExecutor.java:1093)
        at java.util.concurrent.ScheduledThreadPoolExecutor$DelayedWorkQueue.take(ScheduledThreadPoolExecutor.java:809)
        at java.util.concurrent.ThreadPoolExecutor.getTask(ThreadPoolExecutor.java:1074)
        at java.util.concurrent.ThreadPoolExecutor.runWorker(ThreadPoolExecutor.java:1134)
        at java.util.concurrent.ThreadPoolExecutor$Worker.run(ThreadPoolExecutor.java:624)
        at java.lang.Thread.run(Thread.java:750)
"ContainerOp-8722a696-13c5-4ce8-9392-7aa2029a76d4-7"  prio=5 tid=552 in Object.wait()
java.lang.Thread.State: WAITING (on object monitor)
        at sun.misc.Unsafe.park(Native Method)
        at java.util.concurrent.locks.LockSupport.park(LockSupport.java:175)
        at java.util.concurrent.locks.AbstractQueuedSynchronizer$ConditionObject.await(AbstractQueuedSynchronizer.java:2039)
        at java.util.concurrent.LinkedBlockingQueue.take(LinkedBlockingQueue.java:442)
        at java.util.concurrent.ThreadPoolExecutor.getTask(ThreadPoolExecutor.java:1074)
        at java.util.concurrent.ThreadPoolExecutor.runWorker(ThreadPoolExecutor.java:1134)
        at java.util.concurrent.ThreadPoolExecutor$Worker.run(ThreadPoolExecutor.java:624)
        at java.lang.Thread.run(Thread.java:750)
"StaleRecoveringContainerScrubbingService#2" daemon prio=5 tid=1005 in Object.wait()
java.lang.Thread.State: WAITING (on object monitor)
        at sun.misc.Unsafe.park(Native Method)
        at java.util.concurrent.locks.LockSupport.park(LockSupport.java:175)
        at java.util.concurrent.locks.AbstractQueuedSynchronizer$ConditionObject.await(AbstractQueuedSynchronizer.java:2039)
        at java.util.concurrent.ScheduledThreadPoolExecutor$DelayedWorkQueue.take(ScheduledThreadPoolExecutor.java:1088)
        at java.util.concurrent.ScheduledThreadPoolExecutor$DelayedWorkQueue.take(ScheduledThreadPoolExecutor.java:809)
        at java.util.concurrent.ThreadPoolExecutor.getTask(ThreadPoolExecutor.java:1074)
        at java.util.concurrent.ThreadPoolExecutor.runWorker(ThreadPoolExecutor.java:1134)
        at java.util.concurrent.ThreadPoolExecutor$Worker.run(ThreadPoolExecutor.java:624)
        at java.lang.Thread.run(Thread.java:750)
"Datanode ReportManager Thread - 1" daemon prio=5 tid=243 in Object.wait()
java.lang.Thread.State: WAITING (on object monitor)
        at sun.misc.Unsafe.park(Native Method)
        at java.util.concurrent.locks.LockSupport.park(LockSupport.java:175)
        at java.util.concurrent.locks.AbstractQueuedSynchronizer$ConditionObject.await(AbstractQueuedSynchronizer.java:2039)
        at java.util.concurrent.ScheduledThreadPoolExecutor$DelayedWorkQueue.take(ScheduledThreadPoolExecutor.java:1088)
        at java.util.concurrent.ScheduledThreadPoolExecutor$DelayedWorkQueue.take(ScheduledThreadPoolExecutor.java:809)
        at java.util.concurrent.ThreadPoolExecutor.getTask(ThreadPoolExecutor.java:1074)
        at java.util.concurrent.ThreadPoolExecutor.runWorker(ThreadPoolExecutor.java:1134)
        at java.util.concurrent.ThreadPoolExecutor$Worker.run(ThreadPoolExecutor.java:624)
        at java.lang.Thread.run(Thread.java:750)
"IPC Server handler 0 on default port 15010" daemon prio=5 tid=206 timed_waiting
java.lang.Thread.State: TIMED_WAITING
        at sun.misc.Unsafe.park(Native Method)
        at java.util.concurrent.locks.LockSupport.parkNanos(LockSupport.java:215)
        at java.util.concurrent.locks.AbstractQueuedSynchronizer$ConditionObject.awaitNanos(AbstractQueuedSynchronizer.java:2078)
        at java.util.concurrent.LinkedBlockingQueue.poll(LinkedBlockingQueue.java:467)
        at org.apache.hadoop.ipc.CallQueueManager.take(CallQueueManager.java:317)
        at org.apache.hadoop.ipc.Server$Handler.run(Server.java:2992)
"timer2" daemon prio=5 tid=428 timed_waiting
java.lang.Thread.State: TIMED_WAITING
        at java.lang.Object.wait(Native Method)
        at java.util.TimerThread.mainLoop(Timer.java:552)
        at java.util.TimerThread.run(Timer.java:505)
"ContainerOp-8722a696-13c5-4ce8-9392-7aa2029a76d4-3"  prio=5 tid=533 in Object.wait()
java.lang.Thread.State: WAITING (on object monitor)
        at sun.misc.Unsafe.park(Native Method)
        at java.util.concurrent.locks.LockSupport.park(LockSupport.java:175)
        at java.util.concurrent.locks.AbstractQueuedSynchronizer$ConditionObject.await(AbstractQueuedSynchronizer.java:2039)
        at java.util.concurrent.LinkedBlockingQueue.take(LinkedBlockingQueue.java:442)
        at java.util.concurrent.ThreadPoolExecutor.getTask(ThreadPoolExecutor.java:1074)
        at java.util.concurrent.ThreadPoolExecutor.runWorker(ThreadPoolExecutor.java:1134)
        at java.util.concurrent.ThreadPoolExecutor$Worker.run(ThreadPoolExecutor.java:624)
        at java.lang.Thread.run(Thread.java:750)
"BlockDeletingService#3" daemon prio=5 tid=1007 in Object.wait()
java.lang.Thread.State: WAITING (on object monitor)
        at sun.misc.Unsafe.park(Native Method)
        at java.util.concurrent.locks.LockSupport.park(LockSupport.java:175)
        at java.util.concurrent.locks.AbstractQueuedSynchronizer$ConditionObject.await(AbstractQueuedSynchronizer.java:2039)
        at java.util.concurrent.ScheduledThreadPoolExecutor$DelayedWorkQueue.take(ScheduledThreadPoolExecutor.java:1088)
        at java.util.concurrent.ScheduledThreadPoolExecutor$DelayedWorkQueue.take(ScheduledThreadPoolExecutor.java:809)
        at java.util.concurrent.ThreadPoolExecutor.getTask(ThreadPoolExecutor.java:1074)
        at java.util.concurrent.ThreadPoolExecutor.runWorker(ThreadPoolExecutor.java:1134)
        at java.util.concurrent.ThreadPoolExecutor$Worker.run(ThreadPoolExecutor.java:624)
        at java.lang.Thread.run(Thread.java:750)
"qtp392959448-260" daemon prio=5 tid=260 timed_waiting
java.lang.Thread.State: TIMED_WAITING
        at sun.misc.Unsafe.park(Native Method)
        at java.util.concurrent.locks.LockSupport.parkNanos(LockSupport.java:215)
        at java.util.concurrent.locks.AbstractQueuedSynchronizer$ConditionObject.awaitNanos(AbstractQueuedSynchronizer.java:2078)
        at org.eclipse.jetty.util.BlockingArrayQueue.poll(BlockingArrayQueue.java:382)
        at org.eclipse.jetty.util.thread.QueuedThreadPool$Runner.idleJobPoll(QueuedThreadPool.java:974)
        at org.eclipse.jetty.util.thread.QueuedThreadPool$Runner.run(QueuedThreadPool.java:1018)
        at java.lang.Thread.run(Thread.java:750)
"qtp1934342177-155" daemon prio=5 tid=155 timed_waiting
java.lang.Thread.State: TIMED_WAITING
        at sun.misc.Unsafe.park(Native Method)
        at java.util.concurrent.locks.LockSupport.parkNanos(LockSupport.java:215)
        at java.util.concurrent.locks.AbstractQueuedSynchronizer$ConditionObject.awaitNanos(AbstractQueuedSynchronizer.java:2078)
        at org.eclipse.jetty.util.BlockingArrayQueue.poll(BlockingArrayQueue.java:382)
        at org.eclipse.jetty.util.thread.QueuedThreadPool$Runner.idleJobPoll(QueuedThreadPool.java:974)
        at org.eclipse.jetty.util.thread.QueuedThreadPool$Runner.run(QueuedThreadPool.java:1018)
        at java.lang.Thread.run(Thread.java:750)
"EventQueue-PipelineReportForOneReplicaPipelineSafeModeRule" daemon prio=5 tid=323 in Object.wait()
java.lang.Thread.State: WAITING (on object monitor)
        at sun.misc.Unsafe.park(Native Method)
        at java.util.concurrent.locks.LockSupport.park(LockSupport.java:175)
        at java.util.concurrent.locks.AbstractQueuedSynchronizer$ConditionObject.await(AbstractQueuedSynchronizer.java:2039)
        at java.util.concurrent.LinkedBlockingQueue.take(LinkedBlockingQueue.java:442)
        at java.util.concurrent.ThreadPoolExecutor.getTask(ThreadPoolExecutor.java:1074)
        at java.util.concurrent.ThreadPoolExecutor.runWorker(ThreadPoolExecutor.java:1134)
        at java.util.concurrent.ThreadPoolExecutor$Worker.run(ThreadPoolExecutor.java:624)
        at java.lang.Thread.run(Thread.java:750)
"IPC Server Responder" daemon prio=5 tid=26 runnable
java.lang.Thread.State: RUNNABLE
        at sun.nio.ch.EPollArrayWrapper.epollWait(Native Method)
        at sun.nio.ch.EPollArrayWrapper.poll(EPollArrayWrapper.java:269)
        at sun.nio.ch.EPollSelectorImpl.doSelect(EPollSelectorImpl.java:93)
        at sun.nio.ch.SelectorImpl.lockAndDoSelect(SelectorImpl.java:86)
        at sun.nio.ch.SelectorImpl.select(SelectorImpl.java:97)
        at org.apache.hadoop.ipc.Server$Responder.doRunLoop(Server.java:1578)
        at org.apache.hadoop.ipc.Server$Responder.run(Server.java:1561)
"50e7a123-fb10-4f6b-bd10-2c6e895f4416@group-7AA2029A76D4-StateMachineUpdater" daemon prio=5 tid=396 timed_waiting
java.lang.Thread.State: TIMED_WAITING
        at sun.misc.Unsafe.park(Native Method)
        at java.util.concurrent.locks.LockSupport.parkNanos(LockSupport.java:215)
        at java.util.concurrent.locks.AbstractQueuedSynchronizer$ConditionObject.await(AbstractQueuedSynchronizer.java:2163)
        at org.apache.ratis.util.AwaitForSignal.await(AwaitForSignal.java:62)
        at org.apache.ratis.server.impl.StateMachineUpdater.waitForCommit(StateMachineUpdater.java:209)
        at org.apache.ratis.server.impl.StateMachineUpdater.run(StateMachineUpdater.java:178)
        at java.lang.Thread.run(Thread.java:750)
"KeyDeletingService#0" daemon prio=5 tid=148 timed_waiting
java.lang.Thread.State: TIMED_WAITING
        at sun.misc.Unsafe.park(Native Method)
        at java.util.concurrent.locks.LockSupport.parkNanos(LockSupport.java:215)
        at java.util.concurrent.locks.AbstractQueuedSynchronizer$ConditionObject.awaitNanos(AbstractQueuedSynchronizer.java:2078)
        at java.util.concurrent.ScheduledThreadPoolExecutor$DelayedWorkQueue.take(ScheduledThreadPoolExecutor.java:1093)
        at java.util.concurrent.ScheduledThreadPoolExecutor$DelayedWorkQueue.take(ScheduledThreadPoolExecutor.java:809)
        at java.util.concurrent.ThreadPoolExecutor.getTask(ThreadPoolExecutor.java:1074)
        at java.util.concurrent.ThreadPoolExecutor.runWorker(ThreadPoolExecutor.java:1134)
        at java.util.concurrent.ThreadPoolExecutor$Worker.run(ThreadPoolExecutor.java:624)
        at java.lang.Thread.run(Thread.java:750)
"PartialTableCache Cleanup Thread - 0" daemon prio=5 tid=520 in Object.wait()
java.lang.Thread.State: WAITING (on object monitor)
        at sun.misc.Unsafe.park(Native Method)
        at java.util.concurrent.locks.LockSupport.park(LockSupport.java:175)
        at java.util.concurrent.locks.AbstractQueuedSynchronizer$ConditionObject.await(AbstractQueuedSynchronizer.java:2039)
        at java.util.concurrent.LinkedBlockingQueue.take(LinkedBlockingQueue.java:442)
        at java.util.concurrent.ThreadPoolExecutor.getTask(ThreadPoolExecutor.java:1074)
        at java.util.concurrent.ThreadPoolExecutor.runWorker(ThreadPoolExecutor.java:1134)
        at java.util.concurrent.ThreadPoolExecutor$Worker.run(ThreadPoolExecutor.java:624)
        at java.lang.Thread.run(Thread.java:750)
"ContainerOp-8722a696-13c5-4ce8-9392-7aa2029a76d4-2"  prio=5 tid=540 in Object.wait()
java.lang.Thread.State: WAITING (on object monitor)
        at sun.misc.Unsafe.park(Native Method)
        at java.util.concurrent.locks.LockSupport.park(LockSupport.java:175)
        at java.util.concurrent.locks.AbstractQueuedSynchronizer$ConditionObject.await(AbstractQueuedSynchronizer.java:2039)
        at java.util.concurrent.LinkedBlockingQueue.take(LinkedBlockingQueue.java:442)
        at java.util.concurrent.ThreadPoolExecutor.getTask(ThreadPoolExecutor.java:1074)
        at java.util.concurrent.ThreadPoolExecutor.runWorker(ThreadPoolExecutor.java:1134)
        at java.util.concurrent.ThreadPoolExecutor$Worker.run(ThreadPoolExecutor.java:624)
        at java.lang.Thread.run(Thread.java:750)
"EventQueue-DatanodeCommandQueueUpdatedForDatanodeCommandCountUpdatedHandler" daemon prio=5 tid=326 in Object.wait()
java.lang.Thread.State: WAITING (on object monitor)
        at sun.misc.Unsafe.park(Native Method)
        at java.util.concurrent.locks.LockSupport.park(LockSupport.java:175)
        at java.util.concurrent.locks.AbstractQueuedSynchronizer$ConditionObject.await(AbstractQueuedSynchronizer.java:2039)
        at java.util.concurrent.LinkedBlockingQueue.take(LinkedBlockingQueue.java:442)
        at java.util.concurrent.ThreadPoolExecutor.getTask(ThreadPoolExecutor.java:1074)
        at java.util.concurrent.ThreadPoolExecutor.runWorker(ThreadPoolExecutor.java:1134)
        at java.util.concurrent.ThreadPoolExecutor$Worker.run(ThreadPoolExecutor.java:624)
        at java.lang.Thread.run(Thread.java:750)
"Hadoop-Metrics-Updater-0" daemon prio=5 tid=27 timed_waiting
java.lang.Thread.State: TIMED_WAITING
        at sun.misc.Unsafe.park(Native Method)
        at java.util.concurrent.locks.LockSupport.parkNanos(LockSupport.java:215)
        at java.util.concurrent.locks.AbstractQueuedSynchronizer$ConditionObject.awaitNanos(AbstractQueuedSynchronizer.java:2078)
        at java.util.concurrent.ScheduledThreadPoolExecutor$DelayedWorkQueue.take(ScheduledThreadPoolExecutor.java:1093)
        at java.util.concurrent.ScheduledThreadPoolExecutor$DelayedWorkQueue.take(ScheduledThreadPoolExecutor.java:809)
        at java.util.concurrent.ThreadPoolExecutor.getTask(ThreadPoolExecutor.java:1074)
        at java.util.concurrent.ThreadPoolExecutor.runWorker(ThreadPoolExecutor.java:1134)
        at java.util.concurrent.ThreadPoolExecutor$Worker.run(ThreadPoolExecutor.java:624)
        at java.lang.Thread.run(Thread.java:750)
"pool-71-thread-1" daemon prio=5 tid=185 timed_waiting
java.lang.Thread.State: TIMED_WAITING
        at sun.misc.Unsafe.park(Native Method)
        at java.util.concurrent.locks.LockSupport.parkNanos(LockSupport.java:215)
        at java.util.concurrent.locks.AbstractQueuedSynchronizer$ConditionObject.awaitNanos(AbstractQueuedSynchronizer.java:2078)
        at java.util.concurrent.ScheduledThreadPoolExecutor$DelayedWorkQueue.take(ScheduledThreadPoolExecutor.java:1093)
        at java.util.concurrent.ScheduledThreadPoolExecutor$DelayedWorkQueue.take(ScheduledThreadPoolExecutor.java:809)
        at java.util.concurrent.ThreadPoolExecutor.getTask(ThreadPoolExecutor.java:1074)
        at java.util.concurrent.ThreadPoolExecutor.runWorker(ThreadPoolExecutor.java:1134)
        at java.util.concurrent.ThreadPoolExecutor$Worker.run(ThreadPoolExecutor.java:624)
        at java.lang.Thread.run(Thread.java:750)
"IPC Server listener on 15004" daemon prio=5 tid=135 runnable
java.lang.Thread.State: RUNNABLE
        at sun.nio.ch.EPollArrayWrapper.epollWait(Native Method)
        at sun.nio.ch.EPollArrayWrapper.poll(EPollArrayWrapper.java:269)
        at sun.nio.ch.EPollSelectorImpl.doSelect(EPollSelectorImpl.java:93)
        at sun.nio.ch.SelectorImpl.lockAndDoSelect(SelectorImpl.java:86)
        at sun.nio.ch.SelectorImpl.select(SelectorImpl.java:97)
        at sun.nio.ch.SelectorImpl.select(SelectorImpl.java:101)
        at org.apache.hadoop.ipc.Server$Listener.run(Server.java:1404)
"ContainerOp-8722a696-13c5-4ce8-9392-7aa2029a76d4-8"  prio=5 tid=557 in Object.wait()
java.lang.Thread.State: WAITING (on object monitor)
        at sun.misc.Unsafe.park(Native Method)
        at java.util.concurrent.locks.LockSupport.park(LockSupport.java:175)
        at java.util.concurrent.locks.AbstractQueuedSynchronizer$ConditionObject.await(AbstractQueuedSynchronizer.java:2039)
        at java.util.concurrent.LinkedBlockingQueue.take(LinkedBlockingQueue.java:442)
        at java.util.concurrent.ThreadPoolExecutor.getTask(ThreadPoolExecutor.java:1074)
        at java.util.concurrent.ThreadPoolExecutor.runWorker(ThreadPoolExecutor.java:1134)
        at java.util.concurrent.ThreadPoolExecutor$Worker.run(ThreadPoolExecutor.java:624)
        at java.lang.Thread.run(Thread.java:750)
"qtp1609724165-197" daemon prio=5 tid=197 timed_waiting
java.lang.Thread.State: TIMED_WAITING
        at sun.misc.Unsafe.park(Native Method)
        at java.util.concurrent.locks.LockSupport.parkNanos(LockSupport.java:215)
        at java.util.concurrent.locks.AbstractQueuedSynchronizer$ConditionObject.awaitNanos(AbstractQueuedSynchronizer.java:2078)
        at org.eclipse.jetty.util.BlockingArrayQueue.poll(BlockingArrayQueue.java:382)
        at org.eclipse.jetty.util.thread.QueuedThreadPool$Runner.idleJobPoll(QueuedThreadPool.java:974)
        at org.eclipse.jetty.util.thread.QueuedThreadPool$Runner.run(QueuedThreadPool.java:1018)
        at java.lang.Thread.run(Thread.java:750)
"qtp371820985-228" daemon prio=5 tid=228 timed_waiting
java.lang.Thread.State: TIMED_WAITING
        at sun.misc.Unsafe.park(Native Method)
        at java.util.concurrent.locks.LockSupport.parkNanos(LockSupport.java:215)
        at java.util.concurrent.locks.AbstractQueuedSynchronizer$ConditionObject.awaitNanos(AbstractQueuedSynchronizer.java:2078)
        at org.eclipse.jetty.util.BlockingArrayQueue.poll(BlockingArrayQueue.java:382)
        at org.eclipse.jetty.util.thread.QueuedThreadPool$Runner.idleJobPoll(QueuedThreadPool.java:974)
        at org.eclipse.jetty.util.thread.QueuedThreadPool$Runner.run(QueuedThreadPool.java:1018)
        at java.lang.Thread.run(Thread.java:750)
"org.apache.hadoop.ozone.container.common.statemachine.commandhandler.DeleteBlocksCommandHandler$DeleteCmdWorker@405e4435" daemon prio=5 tid=190 timed_waiting
java.lang.Thread.State: TIMED_WAITING
        at java.lang.Thread.sleep(Native Method)
        at org.apache.hadoop.ozone.container.common.statemachine.commandhandler.DeleteBlocksCommandHandler$DeleteCmdWorker.run(DeleteBlocksCommandHandler.java:187)
        at java.lang.Thread.run(Thread.java:750)
"PipelineCommandHandlerThread-0"  prio=5 tid=336 in Object.wait()
java.lang.Thread.State: WAITING (on object monitor)
        at sun.misc.Unsafe.park(Native Method)
        at java.util.concurrent.locks.LockSupport.park(LockSupport.java:175)
        at java.util.concurrent.locks.AbstractQueuedSynchronizer$ConditionObject.await(AbstractQueuedSynchronizer.java:2039)
        at java.util.concurrent.LinkedBlockingQueue.take(LinkedBlockingQueue.java:442)
        at java.util.concurrent.ThreadPoolExecutor.getTask(ThreadPoolExecutor.java:1074)
        at java.util.concurrent.ThreadPoolExecutor.runWorker(ThreadPoolExecutor.java:1134)
        at java.util.concurrent.ThreadPoolExecutor$Worker.run(ThreadPoolExecutor.java:624)
        at java.lang.Thread.run(Thread.java:750)
"ContainerOp-069d6f8c-1a4c-4c87-8230-4103141b7879-3"  prio=5 tid=490 in Object.wait()
java.lang.Thread.State: WAITING (on object monitor)
        at sun.misc.Unsafe.park(Native Method)
        at java.util.concurrent.locks.LockSupport.park(LockSupport.java:175)
        at java.util.concurrent.locks.AbstractQueuedSynchronizer$ConditionObject.await(AbstractQueuedSynchronizer.java:2039)
        at java.util.concurrent.LinkedBlockingQueue.take(LinkedBlockingQueue.java:442)
        at java.util.concurrent.ThreadPoolExecutor.getTask(ThreadPoolExecutor.java:1074)
        at java.util.concurrent.ThreadPoolExecutor.runWorker(ThreadPoolExecutor.java:1134)
        at java.util.concurrent.ThreadPoolExecutor$Worker.run(ThreadPoolExecutor.java:624)
        at java.lang.Thread.run(Thread.java:750)
"8624e205-2d39-4523-82ac-4c9e49e08d77-server-thread1" daemon prio=5 tid=432 timed_waiting
java.lang.Thread.State: TIMED_WAITING
        at sun.misc.Unsafe.park(Native Method)
        at java.util.concurrent.locks.LockSupport.parkNanos(LockSupport.java:215)
        at java.util.concurrent.SynchronousQueue$TransferStack.awaitFulfill(SynchronousQueue.java:460)
        at java.util.concurrent.SynchronousQueue$TransferStack.transfer(SynchronousQueue.java:362)
        at java.util.concurrent.SynchronousQueue.poll(SynchronousQueue.java:941)
        at java.util.concurrent.ThreadPoolExecutor.getTask(ThreadPoolExecutor.java:1073)
        at java.util.concurrent.ThreadPoolExecutor.runWorker(ThreadPoolExecutor.java:1134)
        at java.util.concurrent.ThreadPoolExecutor$Worker.run(ThreadPoolExecutor.java:624)
        at java.lang.Thread.run(Thread.java:750)
"8624e205-2d39-4523-82ac-4c9e49e08d77-groupManagement"  prio=5 tid=338 in Object.wait()
java.lang.Thread.State: WAITING (on object monitor)
        at sun.misc.Unsafe.park(Native Method)
        at java.util.concurrent.locks.LockSupport.park(LockSupport.java:175)
        at java.util.concurrent.locks.AbstractQueuedSynchronizer$ConditionObject.await(AbstractQueuedSynchronizer.java:2039)
        at java.util.concurrent.LinkedBlockingQueue.take(LinkedBlockingQueue.java:442)
        at java.util.concurrent.ThreadPoolExecutor.getTask(ThreadPoolExecutor.java:1074)
        at java.util.concurrent.ThreadPoolExecutor.runWorker(ThreadPoolExecutor.java:1134)
        at java.util.concurrent.ThreadPoolExecutor$Worker.run(ThreadPoolExecutor.java:624)
        at java.lang.Thread.run(Thread.java:750)
"qtp1934342177-160" daemon prio=5 tid=160 timed_waiting
java.lang.Thread.State: TIMED_WAITING
        at sun.misc.Unsafe.park(Native Method)
        at java.util.concurrent.locks.LockSupport.parkNanos(LockSupport.java:215)
        at java.util.concurrent.locks.AbstractQueuedSynchronizer$ConditionObject.awaitNanos(AbstractQueuedSynchronizer.java:2078)
        at org.eclipse.jetty.util.BlockingArrayQueue.poll(BlockingArrayQueue.java:382)
        at org.eclipse.jetty.util.thread.QueuedThreadPool$Runner.idleJobPoll(QueuedThreadPool.java:974)
        at org.eclipse.jetty.util.thread.QueuedThreadPool$Runner.run(QueuedThreadPool.java:1018)
        at java.lang.Thread.run(Thread.java:750)
"ContainerOp-8722a696-13c5-4ce8-9392-7aa2029a76d4-8"  prio=5 tid=556 in Object.wait()
java.lang.Thread.State: WAITING (on object monitor)
        at sun.misc.Unsafe.park(Native Method)
        at java.util.concurrent.locks.LockSupport.park(LockSupport.java:175)
        at java.util.concurrent.locks.AbstractQueuedSynchronizer$ConditionObject.await(AbstractQueuedSynchronizer.java:2039)
        at java.util.concurrent.LinkedBlockingQueue.take(LinkedBlockingQueue.java:442)
        at java.util.concurrent.ThreadPoolExecutor.getTask(ThreadPoolExecutor.java:1074)
        at java.util.concurrent.ThreadPoolExecutor.runWorker(ThreadPoolExecutor.java:1134)
        at java.util.concurrent.ThreadPoolExecutor$Worker.run(ThreadPoolExecutor.java:624)
        at java.lang.Thread.run(Thread.java:750)
"qtp371820985-227-acceptor-0@33c6e62a-ServerConnector@6356da2e{HTTP/1.1, (http/1.1)}{0.0.0.0:15018}" daemon prio=3 tid=227 runnable
java.lang.Thread.State: RUNNABLE
        at sun.nio.ch.ServerSocketChannelImpl.accept0(Native Method)
        at sun.nio.ch.ServerSocketChannelImpl.accept(ServerSocketChannelImpl.java:421)
        at sun.nio.ch.ServerSocketChannelImpl.accept(ServerSocketChannelImpl.java:249)
        at org.eclipse.jetty.server.ServerConnector.accept(ServerConnector.java:388)
        at org.eclipse.jetty.server.AbstractConnector$Acceptor.run(AbstractConnector.java:704)
        at org.eclipse.jetty.util.thread.QueuedThreadPool.runJob(QueuedThreadPool.java:883)
        at org.eclipse.jetty.util.thread.QueuedThreadPool$Runner.run(QueuedThreadPool.java:1034)
        at java.lang.Thread.run(Thread.java:750)
"IPC Server handler 17 on default port 15001" daemon prio=5 tid=86 timed_waiting
java.lang.Thread.State: TIMED_WAITING
        at sun.misc.Unsafe.park(Native Method)
        at java.util.concurrent.locks.LockSupport.parkNanos(LockSupport.java:215)
        at java.util.concurrent.locks.AbstractQueuedSynchronizer$ConditionObject.awaitNanos(AbstractQueuedSynchronizer.java:2078)
        at java.util.concurrent.LinkedBlockingQueue.poll(LinkedBlockingQueue.java:467)
        at org.apache.hadoop.ipc.CallQueueManager.take(CallQueueManager.java:317)
        at org.apache.hadoop.ipc.Server$Handler.run(Server.java:2992)
"FullTableCache Cleanup Thread - 0" daemon prio=5 tid=474 in Object.wait()
java.lang.Thread.State: WAITING (on object monitor)
        at sun.misc.Unsafe.park(Native Method)
        at java.util.concurrent.locks.LockSupport.park(LockSupport.java:175)
        at java.util.concurrent.locks.AbstractQueuedSynchronizer$ConditionObject.await(AbstractQueuedSynchronizer.java:2039)
        at java.util.concurrent.LinkedBlockingQueue.take(LinkedBlockingQueue.java:442)
        at java.util.concurrent.ThreadPoolExecutor.getTask(ThreadPoolExecutor.java:1074)
        at java.util.concurrent.ThreadPoolExecutor.runWorker(ThreadPoolExecutor.java:1134)
        at java.util.concurrent.ThreadPoolExecutor$Worker.run(ThreadPoolExecutor.java:624)
        at java.lang.Thread.run(Thread.java:750)
"Socket Reader #1 for port 15028"  prio=5 tid=268 runnable
java.lang.Thread.State: RUNNABLE
        at sun.nio.ch.EPollArrayWrapper.epollWait(Native Method)
        at sun.nio.ch.EPollArrayWrapper.poll(EPollArrayWrapper.java:269)
        at sun.nio.ch.EPollSelectorImpl.doSelect(EPollSelectorImpl.java:93)
        at sun.nio.ch.SelectorImpl.lockAndDoSelect(SelectorImpl.java:86)
        at sun.nio.ch.SelectorImpl.select(SelectorImpl.java:97)
        at sun.nio.ch.SelectorImpl.select(SelectorImpl.java:101)
        at org.apache.hadoop.ipc.Server$Listener$Reader.doRunLoop(Server.java:1342)
        at org.apache.hadoop.ipc.Server$Listener$Reader.run(Server.java:1321)
"Datanode ReportManager Thread - 1" daemon prio=5 tid=210 in Object.wait()
java.lang.Thread.State: WAITING (on object monitor)
        at sun.misc.Unsafe.park(Native Method)
        at java.util.concurrent.locks.LockSupport.park(LockSupport.java:175)
        at java.util.concurrent.locks.AbstractQueuedSynchronizer$ConditionObject.await(AbstractQueuedSynchronizer.java:2039)
        at java.util.concurrent.ScheduledThreadPoolExecutor$DelayedWorkQueue.take(ScheduledThreadPoolExecutor.java:1088)
        at java.util.concurrent.ScheduledThreadPoolExecutor$DelayedWorkQueue.take(ScheduledThreadPoolExecutor.java:809)
        at java.util.concurrent.ThreadPoolExecutor.getTask(ThreadPoolExecutor.java:1074)
        at java.util.concurrent.ThreadPoolExecutor.runWorker(ThreadPoolExecutor.java:1134)
        at java.util.concurrent.ThreadPoolExecutor$Worker.run(ThreadPoolExecutor.java:624)
        at java.lang.Thread.run(Thread.java:750)
"Datanode State Machine Daemon Thread" daemon prio=5 tid=207 timed_waiting
java.lang.Thread.State: TIMED_WAITING
        at java.lang.Thread.sleep(Native Method)
        at org.apache.hadoop.ozone.container.common.statemachine.DatanodeStateMachine.startStateMachineThread(DatanodeStateMachine.java:349)
        at org.apache.hadoop.ozone.container.common.statemachine.DatanodeStateMachine.lambda$startDaemon$0(DatanodeStateMachine.java:532)
        at org.apache.hadoop.ozone.container.common.statemachine.DatanodeStateMachine$$Lambda$907/324744640.run(Unknown Source)
        at java.lang.Thread.run(Thread.java:750)
"IPC Server handler 0 on default port 15028" daemon prio=5 tid=272 timed_waiting
java.lang.Thread.State: TIMED_WAITING
        at sun.misc.Unsafe.park(Native Method)
        at java.util.concurrent.locks.LockSupport.parkNanos(LockSupport.java:215)
        at java.util.concurrent.locks.AbstractQueuedSynchronizer$ConditionObject.awaitNanos(AbstractQueuedSynchronizer.java:2078)
        at java.util.concurrent.LinkedBlockingQueue.poll(LinkedBlockingQueue.java:467)
        at org.apache.hadoop.ipc.CallQueueManager.take(CallQueueManager.java:317)
        at org.apache.hadoop.ipc.Server$Handler.run(Server.java:2992)
"IPC Server handler 12 on default port 15001" daemon prio=5 tid=81 timed_waiting
java.lang.Thread.State: TIMED_WAITING
        at sun.misc.Unsafe.park(Native Method)
        at java.util.concurrent.locks.LockSupport.parkNanos(LockSupport.java:215)
        at java.util.concurrent.locks.AbstractQueuedSynchronizer$ConditionObject.awaitNanos(AbstractQueuedSynchronizer.java:2078)
        at java.util.concurrent.LinkedBlockingQueue.poll(LinkedBlockingQueue.java:467)
        at org.apache.hadoop.ipc.CallQueueManager.take(CallQueueManager.java:317)
        at org.apache.hadoop.ipc.Server$Handler.run(Server.java:2992)
"timer7" daemon prio=5 tid=463 timed_waiting
java.lang.Thread.State: TIMED_WAITING
        at java.lang.Object.wait(Native Method)
        at java.util.TimerThread.mainLoop(Timer.java:552)
        at java.util.TimerThread.run(Timer.java:505)
"ContainerOp-069d6f8c-1a4c-4c87-8230-4103141b7879-5"  prio=5 tid=501 in Object.wait()
java.lang.Thread.State: WAITING (on object monitor)
        at sun.misc.Unsafe.park(Native Method)
        at java.util.concurrent.locks.LockSupport.park(LockSupport.java:175)
        at java.util.concurrent.locks.AbstractQueuedSynchronizer$ConditionObject.await(AbstractQueuedSynchronizer.java:2039)
        at java.util.concurrent.LinkedBlockingQueue.take(LinkedBlockingQueue.java:442)
        at java.util.concurrent.ThreadPoolExecutor.getTask(ThreadPoolExecutor.java:1074)
        at java.util.concurrent.ThreadPoolExecutor.runWorker(ThreadPoolExecutor.java:1134)
        at java.util.concurrent.ThreadPoolExecutor$Worker.run(ThreadPoolExecutor.java:624)
        at java.lang.Thread.run(Thread.java:750)
"Periodic HDDS volume checker" daemon prio=5 tid=183 timed_waiting
java.lang.Thread.State: TIMED_WAITING
        at sun.misc.Unsafe.park(Native Method)
        at java.util.concurrent.locks.LockSupport.parkNanos(LockSupport.java:215)
        at java.util.concurrent.locks.AbstractQueuedSynchronizer$ConditionObject.awaitNanos(AbstractQueuedSynchronizer.java:2078)
        at java.util.concurrent.ScheduledThreadPoolExecutor$DelayedWorkQueue.take(ScheduledThreadPoolExecutor.java:1093)
        at java.util.concurrent.ScheduledThreadPoolExecutor$DelayedWorkQueue.take(ScheduledThreadPoolExecutor.java:809)
        at java.util.concurrent.ThreadPoolExecutor.getTask(ThreadPoolExecutor.java:1074)
        at java.util.concurrent.ThreadPoolExecutor.runWorker(ThreadPoolExecutor.java:1134)
        at java.util.concurrent.ThreadPoolExecutor$Worker.run(ThreadPoolExecutor.java:624)
        at java.lang.Thread.run(Thread.java:750)


	at org.apache.ozone.test.GenericTestUtils.waitFor(GenericTestUtils.java:232)
	at org.apache.hadoop.fs.ozone.TestSnapshotDeletingService.assertTableRowCount(TestSnapshotDeletingService.java:548)
	at org.apache.hadoop.fs.ozone.TestSnapshotDeletingService.testSnapshotWithFSO(TestSnapshotDeletingService.java:422)
	at sun.reflect.NativeMethodAccessorImpl.invoke0(Native Method)
	at sun.reflect.NativeMethodAccessorImpl.invoke(NativeMethodAccessorImpl.java:62)
	at sun.reflect.DelegatingMethodAccessorImpl.invoke(DelegatingMethodAccessorImpl.java:43)
	at java.lang.reflect.Method.invoke(Method.java:498)
	at org.junit.platform.commons.util.ReflectionUtils.invokeMethod(ReflectionUtils.java:725)
	at org.junit.jupiter.engine.execution.MethodInvocation.proceed(MethodInvocation.java:60)
	at org.junit.jupiter.engine.execution.InvocationInterceptorChain$ValidatingInvocation.proceed(InvocationInterceptorChain.java:131)
	at org.junit.jupiter.engine.extension.TimeoutExtension.intercept(TimeoutExtension.java:149)
	at org.junit.jupiter.engine.extension.TimeoutExtension.interceptTestableMethod(TimeoutExtension.java:140)
	at org.junit.jupiter.engine.extension.TimeoutExtension.interceptTestMethod(TimeoutExtension.java:84)
	at org.junit.jupiter.engine.execution.ExecutableInvoker$ReflectiveInterceptorCall.lambda$ofVoidMethod$0(ExecutableInvoker.java:115)
	at org.junit.jupiter.engine.execution.ExecutableInvoker.lambda$invoke$0(ExecutableInvoker.java:105)
	at org.junit.jupiter.engine.execution.InvocationInterceptorChain$InterceptedInvocation.proceed(InvocationInterceptorChain.java:106)
	at org.junit.jupiter.engine.execution.InvocationInterceptorChain.proceed(InvocationInterceptorChain.java:64)
	at org.junit.jupiter.engine.execution.InvocationInterceptorChain.chainAndInvoke(InvocationInterceptorChain.java:45)
	at org.junit.jupiter.engine.execution.InvocationInterceptorChain.invoke(InvocationInterceptorChain.java:37)
	at org.junit.jupiter.engine.execution.ExecutableInvoker.invoke(ExecutableInvoker.java:104)
	at org.junit.jupiter.engine.execution.ExecutableInvoker.invoke(ExecutableInvoker.java:98)
	at org.junit.jupiter.engine.descriptor.TestMethodTestDescriptor.lambda$invokeTestMethod$7(TestMethodTestDescriptor.java:214)
	at org.junit.platform.engine.support.hierarchical.ThrowableCollector.execute(ThrowableCollector.java:73)
	at org.junit.jupiter.engine.descriptor.TestMethodTestDescriptor.invokeTestMethod(TestMethodTestDescriptor.java:210)
	at org.junit.jupiter.engine.descriptor.TestMethodTestDescriptor.execute(TestMethodTestDescriptor.java:135)
	at org.junit.jupiter.engine.descriptor.TestMethodTestDescriptor.execute(TestMethodTestDescriptor.java:66)
	at org.junit.platform.engine.support.hierarchical.NodeTestTask.lambda$executeRecursively$6(NodeTestTask.java:151)
	at org.junit.platform.engine.support.hierarchical.ThrowableCollector.execute(ThrowableCollector.java:73)
	at org.junit.platform.engine.support.hierarchical.NodeTestTask.lambda$executeRecursively$8(NodeTestTask.java:141)
	at org.junit.platform.engine.support.hierarchical.Node.around(Node.java:137)
	at org.junit.platform.engine.support.hierarchical.NodeTestTask.lambda$executeRecursively$9(NodeTestTask.java:139)
	at org.junit.platform.engine.support.hierarchical.ThrowableCollector.execute(ThrowableCollector.java:73)
	at org.junit.platform.engine.support.hierarchical.NodeTestTask.executeRecursively(NodeTestTask.java:138)
	at org.junit.platform.engine.support.hierarchical.NodeTestTask.execute(NodeTestTask.java:95)
	at java.util.ArrayList.forEach(ArrayList.java:1259)
	at org.junit.platform.engine.support.hierarchical.SameThreadHierarchicalTestExecutorService.invokeAll(SameThreadHierarchicalTestExecutorService.java:41)
	at org.junit.platform.engine.support.hierarchical.NodeTestTask.lambda$executeRecursively$6(NodeTestTask.java:155)
	at org.junit.platform.engine.support.hierarchical.ThrowableCollector.execute(ThrowableCollector.java:73)
	at org.junit.platform.engine.support.hierarchical.NodeTestTask.lambda$executeRecursively$8(NodeTestTask.java:141)
	at org.junit.platform.engine.support.hierarchical.Node.around(Node.java:137)
	at org.junit.platform.engine.support.hierarchical.NodeTestTask.lambda$executeRecursively$9(NodeTestTask.java:139)
	at org.junit.platform.engine.support.hierarchical.ThrowableCollector.execute(ThrowableCollector.java:73)
	at org.junit.platform.engine.support.hierarchical.NodeTestTask.executeRecursively(NodeTestTask.java:138)
	at org.junit.platform.engine.support.hierarchical.NodeTestTask.execute(NodeTestTask.java:95)
	at java.util.ArrayList.forEach(ArrayList.java:1259)
	at org.junit.platform.engine.support.hierarchical.SameThreadHierarchicalTestExecutorService.invokeAll(SameThreadHierarchicalTestExecutorService.java:41)
	at org.junit.platform.engine.support.hierarchical.NodeTestTask.lambda$executeRecursively$6(NodeTestTask.java:155)
	at org.junit.platform.engine.support.hierarchical.ThrowableCollector.execute(ThrowableCollector.java:73)
	at org.junit.platform.engine.support.hierarchical.NodeTestTask.lambda$executeRecursively$8(NodeTestTask.java:141)
	at org.junit.platform.engine.support.hierarchical.Node.around(Node.java:137)
	at org.junit.platform.engine.support.hierarchical.NodeTestTask.lambda$executeRecursively$9(NodeTestTask.java:139)
	at org.junit.platform.engine.support.hierarchical.ThrowableCollector.execute(ThrowableCollector.java:73)
	at org.junit.platform.engine.support.hierarchical.NodeTestTask.executeRecursively(NodeTestTask.java:138)
	at org.junit.platform.engine.support.hierarchical.NodeTestTask.execute(NodeTestTask.java:95)
	at org.junit.platform.engine.support.hierarchical.SameThreadHierarchicalTestExecutorService.submit(SameThreadHierarchicalTestExecutorService.java:35)
	at org.junit.platform.engine.support.hierarchical.HierarchicalTestExecutor.execute(HierarchicalTestExecutor.java:57)
	at org.junit.platform.engine.support.hierarchical.HierarchicalTestEngine.execute(HierarchicalTestEngine.java:54)
	at org.junit.platform.launcher.core.EngineExecutionOrchestrator.execute(EngineExecutionOrchestrator.java:107)
	at org.junit.platform.launcher.core.EngineExecutionOrchestrator.execute(EngineExecutionOrchestrator.java:88)
	at org.junit.platform.launcher.core.EngineExecutionOrchestrator.lambda$execute$0(EngineExecutionOrchestrator.java:54)
	at org.junit.platform.launcher.core.EngineExecutionOrchestrator.withInterceptedStreams(EngineExecutionOrchestrator.java:67)
	at org.junit.platform.launcher.core.EngineExecutionOrchestrator.execute(EngineExecutionOrchestrator.java:52)
	at org.junit.platform.launcher.core.DefaultLauncher.execute(DefaultLauncher.java:114)
	at org.junit.platform.launcher.core.DefaultLauncher.execute(DefaultLauncher.java:86)
	at org.junit.platform.launcher.core.DefaultLauncherSession$DelegatingLauncher.execute(DefaultLauncherSession.java:86)
	at org.junit.platform.launcher.core.SessionPerRequestLauncher.execute(SessionPerRequestLauncher.java:53)
	at org.apache.maven.surefire.junitplatform.JUnitPlatformProvider.execute(JUnitPlatformProvider.java:188)
	at org.apache.maven.surefire.junitplatform.JUnitPlatformProvider.invokeAllTests(JUnitPlatformProvider.java:154)
	at org.apache.maven.surefire.junitplatform.JUnitPlatformProvider.invoke(JUnitPlatformProvider.java:124)
	at org.apache.maven.surefire.booter.ForkedBooter.runSuitesInProcess(ForkedBooter.java:428)
	at org.apache.maven.surefire.booter.ForkedBooter.execute(ForkedBooter.java:162)
	at org.apache.maven.surefire.booter.ForkedBooter.run(ForkedBooter.java:562)
	at org.apache.maven.surefire.booter.ForkedBooter.main(ForkedBooter.java:548)
]]></error>
    <system-out><![CDATA[2023-06-17 14:24:26,383 [main] WARN  server.ServerUtils (ServerUtils.java:getScmDbDir(155)) - ozone.scm.db.dirs is not configured. We recommend adding this setting. Falling back to ozone.metadata.dirs instead.
2023-06-17 14:24:26,622 [main] INFO  reflections.Reflections (Reflections.java:scan(232)) - Reflections took 172 ms to scan 7 urls, producing 158 keys and 368 values 
2023-06-17 14:24:26,790 [main] WARN  server.ServerUtils (ServerUtils.java:getScmDbDir(155)) - ozone.scm.db.dirs is not configured. We recommend adding this setting. Falling back to ozone.metadata.dirs instead.
2023-06-17 14:24:26,795 [main] INFO  ha.SCMHANodeDetails (SCMHANodeDetails.java:loadSCMHAConfig(210)) - ServiceID for StorageContainerManager is null
2023-06-17 14:24:26,803 [main] WARN  ha.SCMHANodeDetails (SCMHANodeDetails.java:validateSCMHAConfig(183)) - Invalid config ozone.scm.ratis.enable. The config was not specified, but the default value true conflicts with the expected config value false. Falling back to the expected value. Current State of SCM: SCM is running in Non-HA without Ratis Ratis SCM -> Non Ratis SCM or Non HA SCM -> HA SCM is not supported
2023-06-17 14:24:26,804 [main] INFO  ha.SCMHANodeDetails (SCMHANodeDetails.java:loadSCMHAConfig(215)) - ozone.scm.default.service.id is not defined, falling back to ozone.scm.service.ids to find serviceID for StorageContainerManager if it is HA enabled cluster
2023-06-17 14:24:27,500 [main] WARN  utils.HAUtils (HAUtils.java:getMetaDir(339)) - ozone.scm.db.dirs is not configured. We recommend adding this setting. Falling back to ozone.metadata.dirs instead.
2023-06-17 14:24:27,641 [main] WARN  db.DBStoreBuilder (DBStoreBuilder.java:applyDBDefinition(165)) - ozone.scm.db.dirs is not configured. We recommend adding this setting. Falling back to ozone.metadata.dirs instead.
2023-06-17 14:24:27,855 [main] INFO  net.NodeSchemaLoader (NodeSchemaLoader.java:loadSchemaFromFile(129)) - Loading schema from [jar:file:/home/runner/.m2/repository/org/apache/ozone/hdds-common/1.4.0-SNAPSHOT/hdds-common-1.4.0-SNAPSHOT.jar!/network-topology-default.xml]
2023-06-17 14:24:27,857 [main] INFO  net.NodeSchemaLoader (NodeSchemaLoader.java:loadSchema(176)) - Loading network topology layer schema file
2023-06-17 14:24:27,901 [main] INFO  metrics.MetricRegistries (MetricRegistriesLoader.java:load(64)) - Loaded MetricRegistries class org.apache.ratis.metrics.impl.MetricRegistriesImpl
2023-06-17 14:24:27,915 [main] INFO  upgrade.AbstractLayoutVersionManager (AbstractLayoutVersionManager.java:init(83)) - Initializing Layout version manager with metadata layout = HADOOP_PRC_PORTS_IN_DATANODEDETAILS (version = 7), software layout = HADOOP_PRC_PORTS_IN_DATANODEDETAILS (version = 7)
2023-06-17 14:24:28,090 [main] INFO  ha.SequenceIdGenerator (SequenceIdGenerator.java:upgradeToSequenceId(349)) - upgrade localId to 111677748019200000
2023-06-17 14:24:28,091 [main] INFO  ha.SequenceIdGenerator (SequenceIdGenerator.java:upgradeToSequenceId(359)) - upgrade delTxnId to 0
2023-06-17 14:24:28,096 [main] INFO  ha.SequenceIdGenerator (SequenceIdGenerator.java:upgradeToSequenceId(376)) - upgrade containerId to 0
2023-06-17 14:24:28,097 [main] INFO  ha.SequenceIdGenerator (SequenceIdGenerator.java:<init>(220)) - Init the HA SequenceIdGenerator.
2023-06-17 14:24:28,151 [main] WARN  server.ServerUtils (ServerUtils.java:sanitizeUserArgs(80)) - ozone.scm.stale.node.interval value = 300000 is larger than max = 100000 based on the key value of ozone.scm.heartbeat.thread.interval, reset to the max value 100000.
2023-06-17 14:24:28,152 [main] WARN  server.ServerUtils (ServerUtils.java:sanitizeUserArgs(80)) - ozone.scm.stale.node.interval value = 300000 is larger than max = 100000 based on the key value of ozone.scm.heartbeat.thread.interval, reset to the max value 100000.
2023-06-17 14:24:28,159 [main] INFO  node.SCMNodeManager (SCMNodeManager.java:<init>(158)) - Entering startup safe mode.
2023-06-17 14:24:28,178 [main] INFO  algorithms.ContainerPlacementPolicyFactory (ContainerPlacementPolicyFactory.java:getPolicyInternal(86)) - Create container placement policy of type org.apache.hadoop.hdds.scm.container.placement.algorithms.SCMContainerPlacementRackAware
2023-06-17 14:24:28,181 [main] INFO  algorithms.ContainerPlacementPolicyFactory (ContainerPlacementPolicyFactory.java:getPolicyInternal(86)) - Create container placement policy of type org.apache.hadoop.hdds.scm.container.placement.algorithms.SCMContainerPlacementRackScatter
2023-06-17 14:24:28,191 [main] INFO  pipeline.PipelineStateManagerImpl (PipelineStateManagerImpl.java:initialize(78)) - No pipeline exists in current db
2023-06-17 14:24:28,206 [main] INFO  algorithms.LeaderChoosePolicyFactory (LeaderChoosePolicyFactory.java:getPolicy(57)) - Create leader choose policy of type org.apache.hadoop.hdds.scm.pipeline.leader.choose.algorithms.MinLeaderCountChoosePolicy
2023-06-17 14:24:28,207 [main] INFO  algorithms.ContainerPlacementPolicyFactory (ContainerPlacementPolicyFactory.java:getPolicyInternal(86)) - Create container placement policy of type org.apache.hadoop.hdds.scm.container.placement.algorithms.SCMContainerPlacementRackScatter
2023-06-17 14:24:28,213 [main] INFO  ha.SCMServiceManager (SCMServiceManager.java:register(42)) - Registering service BackgroundPipelineCreator.
2023-06-17 14:24:28,213 [main] INFO  pipeline.BackgroundPipelineCreator (BackgroundPipelineCreator.java:start(124)) - Starting RatisPipelineUtilsThread.
2023-06-17 14:24:28,220 [main] INFO  BackgroundPipelineScrubber (BackgroundSCMService.java:start(68)) - Starting BackgroundPipelineScrubber Service.
2023-06-17 14:24:28,226 [main] INFO  ha.SCMServiceManager (SCMServiceManager.java:register(42)) - Registering service BackgroundPipelineScrubber.
2023-06-17 14:24:28,235 [main] INFO  ExpiredContainerReplicaOpScrubber (BackgroundSCMService.java:start(68)) - Starting ExpiredContainerReplicaOpScrubber Service.
2023-06-17 14:24:28,235 [main] INFO  ha.SCMServiceManager (SCMServiceManager.java:register(42)) - Registering service ExpiredContainerReplicaOpScrubber.
2023-06-17 14:24:28,280 [main] INFO  algorithms.PipelineChoosePolicyFactory (PipelineChoosePolicyFactory.java:createPipelineChoosePolicyFromClass(73)) - Create pipeline choose policy of type org.apache.hadoop.hdds.scm.pipeline.choose.algorithms.RandomPipelineChoosePolicy
2023-06-17 14:24:28,300 [main] INFO  ha.SCMServiceManager (SCMServiceManager.java:register(42)) - Registering service SCMBlockDeletingService.
2023-06-17 14:24:28,364 [main] INFO  replication.ReplicationManager (ReplicationManager.java:start(286)) - Starting Replication Monitor Thread.
2023-06-17 14:24:28,377 [main] INFO  ha.SCMServiceManager (SCMServiceManager.java:register(42)) - Registering service ReplicationManager.
2023-06-17 14:24:28,382 [ReplicationMonitor] INFO  replication.ReplicationManager (ReplicationManager.java:processAll(361)) - Replication Manager is not ready to run until 3000ms after safemode exit
2023-06-17 14:24:28,391 [main] INFO  safemode.ContainerSafeModeRule (ContainerSafeModeRule.java:<init>(89)) - containers with one replica threshold count 0
2023-06-17 14:24:28,394 [main] INFO  safemode.HealthyPipelineSafeModeRule (HealthyPipelineSafeModeRule.java:initializeRule(169)) - Total pipeline count is 0, healthy pipeline threshold count is 1
2023-06-17 14:24:28,397 [main] INFO  safemode.OneReplicaPipelineSafeModeRule (OneReplicaPipelineSafeModeRule.java:initializeRule(180)) - Total pipeline count is 0, pipeline's with at least one datanode reported threshold count is 0
2023-06-17 14:24:28,454 [main] INFO  server.StorageContainerManager (StorageContainerManager.java:<init>(414)) - SCM start with adminUsers: [runner]
2023-06-17 14:24:28,895 [main] INFO  audit.AuditLogger (AuditLogger.java:refreshDebugCmdSet(126)) - Refresh DebugCmdSet for SCMAudit to [].
2023-06-17 14:24:28,933 [main] INFO  ipc.CallQueueManager (CallQueueManager.java:<init>(90)) - Using callQueue: class java.util.concurrent.LinkedBlockingQueue, queueCapacity: 2000, scheduler: class org.apache.hadoop.ipc.DefaultRpcScheduler, ipcBackoff: false.
2023-06-17 14:24:28,981 [Socket Reader #1 for port 15002] INFO  ipc.Server (Server.java:run(1319)) - Starting Socket Reader #1 for port 15002
2023-06-17 14:24:29,018 [Listener at 0.0.0.0/15002] INFO  hdds.HddsUtils (HddsUtils.java:preserveThreadName(848)) - Restoring thread name: main
2023-06-17 14:24:29,047 [main] INFO  audit.AuditLogger (AuditLogger.java:refreshDebugCmdSet(126)) - Refresh DebugCmdSet for SCMAudit to [].
2023-06-17 14:24:29,053 [main] INFO  ipc.CallQueueManager (CallQueueManager.java:<init>(90)) - Using callQueue: class java.util.concurrent.LinkedBlockingQueue, queueCapacity: 2000, scheduler: class org.apache.hadoop.ipc.DefaultRpcScheduler, ipcBackoff: false.
2023-06-17 14:24:29,054 [Socket Reader #1 for port 15001] INFO  ipc.Server (Server.java:run(1319)) - Starting Socket Reader #1 for port 15001
2023-06-17 14:24:29,058 [Listener at 0.0.0.0/15001] INFO  hdds.HddsUtils (HddsUtils.java:preserveThreadName(848)) - Restoring thread name: main
2023-06-17 14:24:29,089 [main] INFO  audit.AuditLogger (AuditLogger.java:refreshDebugCmdSet(126)) - Refresh DebugCmdSet for SCMAudit to [].
2023-06-17 14:24:29,105 [main] INFO  ipc.CallQueueManager (CallQueueManager.java:<init>(90)) - Using callQueue: class java.util.concurrent.LinkedBlockingQueue, queueCapacity: 2000, scheduler: class org.apache.hadoop.ipc.DefaultRpcScheduler, ipcBackoff: false.
2023-06-17 14:24:29,106 [Socket Reader #1 for port 15000] INFO  ipc.Server (Server.java:run(1319)) - Starting Socket Reader #1 for port 15000
2023-06-17 14:24:29,113 [Listener at 0.0.0.0/15000] INFO  hdds.HddsUtils (HddsUtils.java:preserveThreadName(848)) - Restoring thread name: main
2023-06-17 14:24:29,174 [main] INFO  ha.SCMServiceManager (SCMServiceManager.java:register(42)) - Registering service ContainerBalancer.
2023-06-17 14:24:29,175 [main] INFO  server.StorageContainerManager (StorageContainerManager.java:<init>(427)) - 
Container Balancer status:
Key                            Value
Running                        false
Container Balancer Configuration values:
Key                                                Value
Threshold                                          10
Max Datanodes to Involve per Iteration(percent)    20
Max Size to Move per Iteration                     500GB
Max Size Entering Target per Iteration             26GB
Max Size Leaving Source per Iteration              26GB

2023-06-17 14:24:29,176 [main] INFO  ha.SCMContext (SCMContext.java:updateSafeModeStatus(228)) - Update SafeModeStatus from SafeModeStatus{safeModeStatus=true, preCheckPassed=false} to SafeModeStatus{safeModeStatus=true, preCheckPassed=false}.
2023-06-17 14:24:29,180 [main] INFO  server.StorageContainerManager (StorageContainerManager.java:start(1483)) - StorageContainerLocationProtocol RPC server is listening at /0.0.0.0:15000
2023-06-17 14:24:29,261 [main] WARN  impl.MetricsConfig (MetricsConfig.java:loadFirst(136)) - Cannot locate configuration: tried hadoop-metrics2-storagecontainermanager.properties,hadoop-metrics2.properties
2023-06-17 14:24:29,277 [main] INFO  impl.MetricsSystemImpl (MetricsSystemImpl.java:startTimer(378)) - Scheduled Metric snapshot period at 10 second(s).
2023-06-17 14:24:29,277 [main] INFO  impl.MetricsSystemImpl (MetricsSystemImpl.java:start(191)) - StorageContainerManager metrics system started
2023-06-17 14:24:29,591 [main] INFO  server.SCMClientProtocolServer (SCMClientProtocolServer.java:start(201)) - RPC server for Client  is listening at /0.0.0.0:15000
2023-06-17 14:24:29,592 [IPC Server Responder] INFO  ipc.Server (Server.java:run(1558)) - IPC Server Responder: starting
2023-06-17 14:24:29,606 [main] INFO  server.StorageContainerManager (StorageContainerManager.java:start(1496)) - ScmBlockLocationProtocol RPC server is listening at /0.0.0.0:15001
2023-06-17 14:24:29,622 [main] INFO  server.SCMBlockProtocolServer (SCMBlockProtocolServer.java:start(152)) - RPC server for Block Protocol is listening at /0.0.0.0:15001
2023-06-17 14:24:29,593 [IPC Server listener on 15000] INFO  ipc.Server (Server.java:run(1398)) - IPC Server listener on 15000: starting
2023-06-17 14:24:29,632 [IPC Server Responder] INFO  ipc.Server (Server.java:run(1558)) - IPC Server Responder: starting
2023-06-17 14:24:29,633 [IPC Server listener on 15001] INFO  ipc.Server (Server.java:run(1398)) - IPC Server listener on 15001: starting
2023-06-17 14:24:29,637 [main] INFO  server.SCMDatanodeProtocolServer (SCMDatanodeProtocolServer.java:start(193)) - ScmDatanodeProtocol RPC server for DataNodes is listening at /0.0.0.0:15002
2023-06-17 14:24:29,638 [IPC Server Responder] INFO  ipc.Server (Server.java:run(1558)) - IPC Server Responder: starting
2023-06-17 14:24:29,656 [IPC Server listener on 15002] INFO  ipc.Server (Server.java:run(1398)) - IPC Server listener on 15002: starting
2023-06-17 14:24:29,669 [JvmPauseMonitor0] INFO  util.JvmPauseMonitor (JvmPauseMonitor.java:run(103)) - JvmPauseMonitor-0aa584ac-4d5b-4696-bff0-297d3fe874ad: Started
2023-06-17 14:24:29,678 [main] INFO  http.BaseHttpServer (BaseHttpServer.java:newHttpServer2BuilderForOzone(224)) - Starting Web-server for scm at: http://0.0.0.0:15003
2023-06-17 14:24:29,678 [main] INFO  http.BaseHttpServer (BaseHttpServer.java:<init>(111)) - Hadoop Security Enabled: false Ozone Security Enabled: false Ozone HTTP Security Enabled: false 
2023-06-17 14:24:29,707 [main] INFO  util.log (Log.java:initialized(170)) - Logging initialized @5068ms to org.eclipse.jetty.util.log.Slf4jLog
2023-06-17 14:24:29,820 [main] WARN  server.AuthenticationFilter (AuthenticationFilter.java:constructSecretProvider(240)) - Unable to initialize FileSignerSecretProvider, falling back to use random secrets. Reason: Could not read signature secret file: /home/runner/hadoop-http-auth-signature-secret
2023-06-17 14:24:29,832 [main] INFO  http.HttpRequestLog (HttpRequestLog.java:getRequestLog(86)) - Http request log for http.requests.scm is not defined
2023-06-17 14:24:29,841 [main] INFO  http.HttpServer2 (HttpServer2.java:addGlobalFilter(1031)) - Added global filter 'safety' (class=org.apache.hadoop.hdds.server.http.HttpServer2$QuotingInputFilter)
2023-06-17 14:24:29,844 [main] INFO  http.HttpServer2 (HttpServer2.java:addFilter(1007)) - Added filter static_user_filter (class=org.apache.hadoop.http.lib.StaticUserWebFilter$StaticUserFilter) to context scm
2023-06-17 14:24:29,844 [main] INFO  http.HttpServer2 (HttpServer2.java:addFilter(1015)) - Added filter static_user_filter (class=org.apache.hadoop.http.lib.StaticUserWebFilter$StaticUserFilter) to context logs
2023-06-17 14:24:29,845 [main] INFO  http.HttpServer2 (HttpServer2.java:addFilter(1015)) - Added filter static_user_filter (class=org.apache.hadoop.http.lib.StaticUserWebFilter$StaticUserFilter) to context static
2023-06-17 14:24:29,890 [main] INFO  http.BaseHttpServer (BaseHttpServer.java:<init>(190)) - HTTP server of scm uses base directory /home/runner/work/ozone/ozone/hadoop-ozone/integration-test/target/test-dir/MiniOzoneClusterImpl-68882fc2-21fb-4ea4-940d-4f92d2da87ec/ozone-meta/webserver
2023-06-17 14:24:29,891 [main] INFO  http.HttpServer2 (HttpServer2.java:bindListener(1250)) - Jetty bound to port 15003
2023-06-17 14:24:29,893 [main] INFO  server.Server (Server.java:doStart(375)) - jetty-9.4.51.v20230217; built: 2023-02-17T08:19:37.309Z; git: b45c405e4544384de066f814ed42ae3dceacdd49; jvm 1.8.0_372-b07
2023-06-17 14:24:29,931 [main] INFO  server.session (DefaultSessionIdManager.java:doStart(334)) - DefaultSessionIdManager workerName=node0
2023-06-17 14:24:29,932 [main] INFO  server.session (DefaultSessionIdManager.java:doStart(339)) - No SessionScavenger set, using defaults
2023-06-17 14:24:29,934 [main] INFO  server.session (HouseKeeper.java:startScavenging(132)) - node0 Scavenging every 600000ms
2023-06-17 14:24:29,949 [main] INFO  handler.ContextHandler (ContextHandler.java:doStart(921)) - Started o.e.j.s.ServletContextHandler@42599b84{logs,/logs,file:///home/runner/work/ozone/ozone/hadoop-ozone/integration-test/target/log,AVAILABLE}
2023-06-17 14:24:29,950 [main] INFO  handler.ContextHandler (ContextHandler.java:doStart(921)) - Started o.e.j.s.ServletContextHandler@17c3e33{static,/static,file:///home/runner/work/ozone/ozone/hadoop-ozone/integration-test/target/test-classes/webapps/static,AVAILABLE}
2023-06-17 14:24:30,009 [main] INFO  handler.ContextHandler (ContextHandler.java:doStart(921)) - Started o.e.j.w.WebAppContext@4ca50bb9{scm,/,file:///home/runner/work/ozone/ozone/hadoop-ozone/integration-test/target/test-classes/webapps/scm/,AVAILABLE}{file:/home/runner/work/ozone/ozone/hadoop-ozone/integration-test/target/test-classes/webapps/scm}
2023-06-17 14:24:30,024 [main] INFO  server.AbstractConnector (AbstractConnector.java:doStart(333)) - Started ServerConnector@1eff74f2{HTTP/1.1, (http/1.1)}{0.0.0.0:15003}
2023-06-17 14:24:30,024 [main] INFO  server.Server (Server.java:doStart(415)) - Started @5385ms
2023-06-17 14:24:30,028 [main] INFO  impl.MetricsSinkAdapter (MetricsSinkAdapter.java:start(204)) - Sink prometheus started
2023-06-17 14:24:30,028 [main] INFO  impl.MetricsSystemImpl (MetricsSystemImpl.java:registerSink(305)) - Registered sink prometheus
2023-06-17 14:24:30,030 [main] INFO  http.BaseHttpServer (BaseHttpServer.java:updateConnectorAddress(344)) - HTTP server of scm listening at http://0.0.0.0:15003
2023-06-17 14:24:30,037 [main] WARN  server.ServerUtils (ServerUtils.java:getDBPath(311)) - ozone.om.db.dirs is not configured. We recommend adding this setting. Falling back to ozone.metadata.dirs instead.
2023-06-17 14:24:30,097 [main] INFO  audit.AuditLogger (AuditLogger.java:refreshDebugCmdSet(126)) - Refresh DebugCmdSet for OMAudit to [].
2023-06-17 14:24:30,193 [main] INFO  ha.OMHANodeDetails (OMHANodeDetails.java:loadOMHAConfig(115)) - ozone.om.internal.service.id is not defined, falling back to ozone.om.service.ids to find serviceID for OzoneManager if it is HA enabled cluster
2023-06-17 14:24:30,199 [main] INFO  ha.OMHANodeDetails (OMHANodeDetails.java:loadOMHAConfig(226)) - Configuration does not have ozone.om.address set. Falling back to the default OM address /127.0.0.1:15004
2023-06-17 14:24:30,199 [main] INFO  ha.OMHANodeDetails (OMHANodeDetails.java:getOMNodeDetailsForNonHA(254)) - OM Service ID is not set. Setting it to the default ID: omServiceIdDefault
2023-06-17 14:24:30,199 [main] INFO  ha.OMHANodeDetails (OMHANodeDetails.java:getOMNodeDetailsForNonHA(261)) - OM Node ID is not set. Setting it to the default ID: om1
2023-06-17 14:24:30,204 [main] WARN  server.ServerUtils (ServerUtils.java:getDBPath(311)) - ozone.om.db.dirs is not configured. We recommend adding this setting. Falling back to ozone.metadata.dirs instead.
2023-06-17 14:24:30,209 [main] INFO  upgrade.AbstractLayoutVersionManager (AbstractLayoutVersionManager.java:init(83)) - Initializing Layout version manager with metadata layout = FILESYSTEM_SNAPSHOT (version = 5), software layout = FILESYSTEM_SNAPSHOT (version = 5)
2023-06-17 14:24:30,308 [main] INFO  reflections.Reflections (Reflections.java:scan(232)) - Reflections took 95 ms to scan 2 urls, producing 181 keys and 499 values [using 2 cores]
2023-06-17 14:24:30,315 [main] INFO  upgrade.OMLayoutVersionManager (OMLayoutVersionManager.java:lambda$0(115)) - Skipping Upgrade Action MockOmUpgradeAction since it has been finalized.
2023-06-17 14:24:30,319 [main] WARN  server.ServerUtils (ServerUtils.java:getDBPath(311)) - ozone.om.db.dirs is not configured. We recommend adding this setting. Falling back to ozone.metadata.dirs instead.
2023-06-17 14:24:30,478 [main] INFO  proxy.SCMBlockLocationFailoverProxyProvider (SCMBlockLocationFailoverProxyProvider.java:<init>(114)) - Created block location fail-over proxy with 1 nodes: [nodeId=scmNodeId,nodeAddress=/0.0.0.0:15001]
2023-06-17 14:24:30,518 [main] INFO  proxy.SCMBlockLocationFailoverProxyProvider (SCMBlockLocationFailoverProxyProvider.java:<init>(114)) - Created block location fail-over proxy with 1 nodes: [nodeId=scmNodeId,nodeAddress=/0.0.0.0:15001]
2023-06-17 14:24:30,762 [main] INFO  om.OzoneManager (OzoneManager.java:<init>(644)) - OM start with adminUsers: [runner]
2023-06-17 14:24:30,773 [main] WARN  server.ServerUtils (ServerUtils.java:getDBPath(311)) - ozone.om.db.dirs is not configured. We recommend adding this setting. Falling back to ozone.metadata.dirs instead.
2023-06-17 14:24:30,808 [main] INFO  helpers.OmKeyInfo (OmKeyInfo.java:getCodec(71)) - OmKeyInfo.getCodec ignorePipeline = true
2023-06-17 14:24:31,090 [main] INFO  om.OzoneManager (OzoneManager.java:instantiateServices(773)) - S3 Multi-Tenancy is disabled
2023-06-17 14:24:31,158 [main] INFO  om.OmSnapshotManager (OmSnapshotManager.java:<init>(170)) - Ozone filesystem snapshot feature is enabled.
2023-06-17 14:24:31,167 [main] WARN  server.ServerUtils (ServerUtils.java:getDBPath(311)) - ozone.om.snapshot.diff.db.dir is not configured. We recommend adding this setting. Falling back to ozone.metadata.dirs instead.
2023-06-17 14:24:31,203 [main] INFO  utils.NativeLibraryLoader (NativeLibraryLoader.java:loadLibrary(105)) - Loading Library: ozone_rocksdb_tools
2023-06-17 14:24:31,205 [main] INFO  snapshot.SnapshotDiffManager (SnapshotDiffManager.java:closeExecutorService(1267)) - Shutting down executorService: 'SstDumpToolExecutor'
2023-06-17 14:24:31,277 [main] INFO  om.OzoneManager (OzoneManager.java:addS3GVolumeToDB(4237)) - Created Volume s3v With Owner runner required for S3Gateway operations.
2023-06-17 14:24:31,340 [main] WARN  server.ServerUtils (ServerUtils.java:getDefaultRatisDirectory(323)) - Storage directory for Ratis is not configured. It is a good idea to map this to an SSD disk. Falling back to ozone.metadata.dirs
2023-06-17 14:24:31,340 [main] WARN  utils.OzoneManagerRatisUtils (OzoneManagerRatisUtils.java:getOMRatisSnapshotDirectory(461)) - ozone.om.ratis.snapshot.dir is not configured. Falling back to ozone.metadata.dirs config
2023-06-17 14:24:31,355 [main] WARN  server.ServerUtils (ServerUtils.java:getDefaultRatisDirectory(323)) - Storage directory for Ratis is not configured. It is a good idea to map this to an SSD disk. Falling back to ozone.metadata.dirs
2023-06-17 14:24:31,379 [main] INFO  ratis.OzoneManagerRatisServer (OzoneManagerRatisServer.java:<init>(163)) - Instantiating OM Ratis server with groupID: omServiceIdDefault and peers: localhost:15007
2023-06-17 14:24:31,389 [main] INFO  ratis.OzoneManagerStateMachine (OzoneManagerStateMachine.java:loadSnapshotInfoFromDB(670)) - LastAppliedIndex is set from TransactionInfo from OM DB as (t:0, i:~)
2023-06-17 14:24:31,445 [main] INFO  server.RaftServer (ConfUtils.java:logGet(46)) - raft.rpc.type = GRPC (default)
2023-06-17 14:24:31,454 [main] INFO  grpc.GrpcConfigKeys (ConfUtils.java:logFallback(53)) - raft.grpc.admin.host = null (fallback to raft.grpc.server.host)
2023-06-17 14:24:31,456 [main] INFO  grpc.GrpcConfigKeys (ConfUtils.java:logFallback(53)) - raft.grpc.admin.port = 15007 (fallback to raft.grpc.server.port)
2023-06-17 14:24:31,456 [main] INFO  grpc.GrpcConfigKeys (ConfUtils.java:logFallback(53)) - raft.grpc.client.host = null (fallback to raft.grpc.server.host)
2023-06-17 14:24:31,457 [main] INFO  grpc.GrpcConfigKeys (ConfUtils.java:logFallback(53)) - raft.grpc.client.port = 15007 (fallback to raft.grpc.server.port)
2023-06-17 14:24:31,457 [main] INFO  grpc.GrpcConfigKeys (ConfUtils.java:logGet(46)) - raft.grpc.server.host = null (default)
2023-06-17 14:24:31,457 [main] INFO  grpc.GrpcConfigKeys (ConfUtils.java:logGet(46)) - raft.grpc.server.port = 15007 (custom)
2023-06-17 14:24:31,458 [main] INFO  server.GrpcService (ConfUtils.java:logGet(46)) - raft.grpc.message.size.max = 33554432 (custom)
2023-06-17 14:24:31,459 [main] INFO  server.RaftServerConfigKeys (ConfUtils.java:logGet(46)) - raft.server.log.appender.buffer.byte-limit = 33554432 (custom)
2023-06-17 14:24:31,460 [main] INFO  server.GrpcService (ConfUtils.java:logGet(46)) - raft.grpc.flow.control.window = 1MB (=1048576) (default)
2023-06-17 14:24:31,461 [main] INFO  server.RaftServerConfigKeys (ConfUtils.java:logGet(46)) - raft.server.rpc.request.timeout = 3000ms (default)
2023-06-17 14:24:31,473 [main] INFO  grpc.GrpcConfigKeys (ConfUtils.java:logGet(46)) - raft.grpc.server.heartbeat.channel = true (default)
2023-06-17 14:24:31,476 [main] INFO  grpc.GrpcConfigKeys (ConfUtils.java:logGet(46)) - raft.grpc.server.async.request.thread.pool.cached = true (default)
2023-06-17 14:24:31,477 [main] INFO  grpc.GrpcConfigKeys (ConfUtils.java:logGet(46)) - raft.grpc.server.async.request.thread.pool.size = 32 (default)
2023-06-17 14:24:31,689 [main] INFO  impl.DataStreamServerImpl (ConfUtils.java:logGet(46)) - raft.datastream.type = DISABLED (default)
2023-06-17 14:24:31,692 [main] INFO  server.RaftServerConfigKeys (ConfUtils.java:logGet(46)) - raft.server.threadpool.proxy.cached = true (default)
2023-06-17 14:24:31,693 [main] INFO  server.RaftServerConfigKeys (ConfUtils.java:logGet(46)) - raft.server.threadpool.proxy.size = 0 (default)
2023-06-17 14:24:31,693 [main] INFO  server.RaftServerConfigKeys (ConfUtils.java:logGet(46)) - raft.server.rpc.slowness.timeout = 120s (custom)
2023-06-17 14:24:31,693 [main] INFO  server.RaftServerConfigKeys (ConfUtils.java:logGet(46)) - raft.server.leaderelection.leader.step-down.wait-time = 10s (default)
2023-06-17 14:24:31,695 [main] INFO  server.RaftServerConfigKeys (ConfUtils.java:logGet(46)) - raft.server.storage.dir = [/home/runner/work/ozone/ozone/hadoop-ozone/integration-test/target/test-dir/MiniOzoneClusterImpl-68882fc2-21fb-4ea4-940d-4f92d2da87ec/ozone-meta/ratis] (custom)
2023-06-17 14:24:31,702 [main] INFO  server.RaftServer (RaftServerProxy.java:addNew(98)) - om1: addNew group-C5BA1605619E:[om1|rpc:localhost:15007|priority:0|startupRole:FOLLOWER] returns group-C5BA1605619E:java.util.concurrent.CompletableFuture@5fe46369[Not completed]
2023-06-17 14:24:31,702 [main] INFO  om.OzoneManager (OzoneManager.java:initializeRatisServer(2106)) - OzoneManager Ratis server initialized at port 15007
2023-06-17 14:24:31,705 [main] INFO  om.OzoneManager (OzoneManager.java:getRpcServer(1166)) - Creating RPC Server
2023-06-17 14:24:31,719 [om1-groupManagement] INFO  server.RaftServer$Division (RaftServerImpl.java:<init>(198)) - om1: new RaftServerImpl for group-C5BA1605619E:[om1|rpc:localhost:15007|priority:0|startupRole:FOLLOWER] with OzoneManagerStateMachine:uninitialized
2023-06-17 14:24:31,723 [om1-groupManagement] INFO  server.RaftServerConfigKeys (ConfUtils.java:logGet(46)) - raft.server.rpc.timeout.min = 1s (custom)
2023-06-17 14:24:31,723 [om1-groupManagement] INFO  server.RaftServerConfigKeys (ConfUtils.java:logGet(46)) - raft.server.rpc.timeout.max = 1200ms (custom)
2023-06-17 14:24:31,723 [om1-groupManagement] INFO  server.RaftServerConfigKeys (ConfUtils.java:logGet(46)) - raft.server.rpc.sleep.time = 25ms (default)
2023-06-17 14:24:31,724 [om1-groupManagement] INFO  server.RaftServerConfigKeys (ConfUtils.java:logGet(46)) - raft.server.rpc.slowness.timeout = 120s (custom)
2023-06-17 14:24:31,724 [om1-groupManagement] INFO  server.RaftServerConfigKeys (ConfUtils.java:logGet(46)) - raft.server.leaderelection.leader.step-down.wait-time = 10s (default)
2023-06-17 14:24:31,725 [om1-groupManagement] INFO  server.RaftServerConfigKeys (ConfUtils.java:logGet(46)) - raft.server.sleep.deviation.threshold = 300ms (default)
2023-06-17 14:24:31,758 [om1-groupManagement] INFO  server.RaftServer$Division (ServerState.java:<init>(120)) - om1@group-C5BA1605619E: ConfigurationManager, init=-1: peers:[om1|rpc:localhost:15007|priority:0|startupRole:FOLLOWER]|listeners:[], old=null, confs=<EMPTY_MAP>
2023-06-17 14:24:31,759 [om1-groupManagement] INFO  server.RaftServerConfigKeys (ConfUtils.java:logGet(46)) - raft.server.storage.dir = [/home/runner/work/ozone/ozone/hadoop-ozone/integration-test/target/test-dir/MiniOzoneClusterImpl-68882fc2-21fb-4ea4-940d-4f92d2da87ec/ozone-meta/ratis] (custom)
2023-06-17 14:24:31,912 [om1-groupManagement] INFO  server.RaftServerConfigKeys (ConfUtils.java:logGet(46)) - raft.server.log.corruption.policy = EXCEPTION (default)
2023-06-17 14:24:31,913 [om1-groupManagement] INFO  server.RaftServerConfigKeys (ConfUtils.java:logGet(46)) - raft.server.storage.free-space.min = 0MB (=0) (default)
2023-06-17 14:24:31,925 [om1-groupManagement] INFO  server.RaftServerConfigKeys (ConfUtils.java:logGet(46)) - raft.server.notification.no-leader.timeout = 120s (custom)
2023-06-17 14:24:31,934 [om1-groupManagement] INFO  server.RaftServerConfigKeys (ConfUtils.java:logGet(46)) - raft.server.read.timeout = 10s (default)
2023-06-17 14:24:31,957 [om1-groupManagement] INFO  server.RaftServerConfigKeys (ConfUtils.java:logGet(46)) - raft.server.retrycache.expirytime = 300s (custom)
2023-06-17 14:24:31,957 [om1-groupManagement] INFO  server.RaftServerConfigKeys (ConfUtils.java:logGet(46)) - raft.server.retrycache.statistics.expirytime = 100μs (default)
2023-06-17 14:24:32,021 [om1-groupManagement] INFO  server.RaftServerConfigKeys (ConfUtils.java:logGet(46)) - raft.server.read.option = DEFAULT (default)
2023-06-17 14:24:32,062 [om1-groupManagement] INFO  server.RaftServerConfigKeys (ConfUtils.java:logGet(46)) - raft.server.rpc.request.timeout = 3000ms (default)
2023-06-17 14:24:32,065 [om1-groupManagement] INFO  server.RaftServerConfigKeys (ConfUtils.java:logGet(46)) - raft.server.log.appender.install.snapshot.enabled = false (custom)
2023-06-17 14:24:32,066 [om1-groupManagement] INFO  server.RaftServerConfigKeys (ConfUtils.java:logGet(46)) - raft.server.threadpool.server.cached = true (default)
2023-06-17 14:24:32,066 [om1-groupManagement] INFO  server.RaftServerConfigKeys (ConfUtils.java:logGet(46)) - raft.server.threadpool.server.size = 0 (default)
2023-06-17 14:24:32,067 [om1-groupManagement] INFO  server.RaftServerConfigKeys (ConfUtils.java:logGet(46)) - raft.server.threadpool.client.cached = true (default)
2023-06-17 14:24:32,067 [om1-groupManagement] INFO  server.RaftServerConfigKeys (ConfUtils.java:logGet(46)) - raft.server.threadpool.client.size = 0 (default)
2023-06-17 14:24:32,722 [main] INFO  reflections.Reflections (Reflections.java:scan(232)) - Reflections took 805 ms to scan 19 urls, producing 69 keys and 5365 values [using 2 cores]
2023-06-17 14:24:32,984 [main] INFO  ipc.CallQueueManager (CallQueueManager.java:<init>(90)) - Using callQueue: class java.util.concurrent.LinkedBlockingQueue, queueCapacity: 2000, scheduler: class org.apache.hadoop.ipc.DefaultRpcScheduler, ipcBackoff: false.
2023-06-17 14:24:32,985 [Socket Reader #1 for port 15004] INFO  ipc.Server (Server.java:run(1319)) - Starting Socket Reader #1 for port 15004
2023-06-17 14:24:32,994 [Listener at 127.0.0.1/15004] INFO  hdds.HddsUtils (HddsUtils.java:preserveThreadName(848)) - Restoring thread name: main
2023-06-17 14:24:33,031 [main] INFO  impl.MetricsSystemImpl (MetricsSystemImpl.java:init(158)) - OzoneManager metrics system started (again)
2023-06-17 14:24:33,046 [main] INFO  om.OzoneManager (OzoneManager.java:start(1588)) - OzoneManager RPC server is listening at localhost/127.0.0.1:15004
2023-06-17 14:24:33,046 [main] INFO  ratis.OzoneManagerRatisServer (OzoneManagerRatisServer.java:start(558)) - Starting OzoneManagerRatisServer om1 at port 15007
2023-06-17 14:24:33,049 [om1-impl-thread1] INFO  storage.RaftStorageDirectory (RaftStorageDirectoryImpl.java:analyzeStorage(137)) - The storage directory /home/runner/work/ozone/ozone/hadoop-ozone/integration-test/target/test-dir/MiniOzoneClusterImpl-68882fc2-21fb-4ea4-940d-4f92d2da87ec/ozone-meta/ratis/bf265839-605b-3f16-9796-c5ba1605619e does not exist. Creating ...
2023-06-17 14:24:33,054 [om1-impl-thread1] INFO  storage.RaftStorageDirectory (RaftStorageDirectoryImpl.java:tryLock(231)) - Lock on /home/runner/work/ozone/ozone/hadoop-ozone/integration-test/target/test-dir/MiniOzoneClusterImpl-68882fc2-21fb-4ea4-940d-4f92d2da87ec/ozone-meta/ratis/bf265839-605b-3f16-9796-c5ba1605619e/in_use.lock acquired by nodename 109811@fv-az1035-386
2023-06-17 14:24:33,059 [om1-impl-thread1] INFO  storage.RaftStorage (RaftStorageImpl.java:format(96)) - Storage directory /home/runner/work/ozone/ozone/hadoop-ozone/integration-test/target/test-dir/MiniOzoneClusterImpl-68882fc2-21fb-4ea4-940d-4f92d2da87ec/ozone-meta/ratis/bf265839-605b-3f16-9796-c5ba1605619e has been successfully formatted.
2023-06-17 14:24:33,062 [om1-impl-thread1] INFO  server.RaftServerConfigKeys (ConfUtils.java:logGet(46)) - raft.server.log.use.memory = false (default)
2023-06-17 14:24:33,069 [om1-impl-thread1] INFO  server.RaftServerConfigKeys (ConfUtils.java:logGet(46)) - raft.server.log.purge.gap = 1000000 (custom)
2023-06-17 14:24:33,069 [om1-impl-thread1] INFO  server.RaftServerConfigKeys (ConfUtils.java:logGet(46)) - raft.server.log.appender.buffer.byte-limit = 33554432 (custom)
2023-06-17 14:24:33,071 [om1-impl-thread1] INFO  server.RaftServerConfigKeys (ConfUtils.java:logGet(46)) - raft.server.log.statemachine.data.read.timeout = 1000ms (default)
2023-06-17 14:24:33,072 [om1-impl-thread1] INFO  server.RaftServerConfigKeys (ConfUtils.java:logGet(46)) - raft.server.log.purge.preservation.log.num = 0 (default)
2023-06-17 14:24:33,074 [om1-impl-thread1] INFO  server.RaftServerConfigKeys (ConfUtils.java:logGet(46)) - raft.server.log.segment.size.max = 4194304 (custom)
2023-06-17 14:24:33,079 [om1-impl-thread1] INFO  server.RaftServerConfigKeys (ConfUtils.java:logGet(46)) - raft.server.log.segment.cache.num.max = 2 (custom)
2023-06-17 14:24:33,079 [om1-impl-thread1] INFO  server.RaftServerConfigKeys (ConfUtils.java:logGet(46)) - raft.server.log.segment.cache.size.max = 200MB (=209715200) (default)
2023-06-17 14:24:33,080 [om1-impl-thread1] INFO  server.RaftServerConfigKeys (ConfUtils.java:logGet(46)) - raft.server.log.appender.buffer.byte-limit = 33554432 (custom)
2023-06-17 14:24:33,085 [om1-impl-thread1] INFO  segmented.SegmentedRaftLogWorker (SegmentedRaftLogWorker.java:<init>(188)) - new om1@group-C5BA1605619E-SegmentedRaftLogWorker for RaftStorageImpl:Storage Directory /home/runner/work/ozone/ozone/hadoop-ozone/integration-test/target/test-dir/MiniOzoneClusterImpl-68882fc2-21fb-4ea4-940d-4f92d2da87ec/ozone-meta/ratis/bf265839-605b-3f16-9796-c5ba1605619e
2023-06-17 14:24:33,085 [om1-impl-thread1] INFO  server.RaftServerConfigKeys (ConfUtils.java:logGet(46)) - raft.server.log.queue.byte-limit = 64MB (=67108864) (default)
2023-06-17 14:24:33,086 [om1-impl-thread1] INFO  server.RaftServerConfigKeys (ConfUtils.java:logGet(46)) - raft.server.log.queue.element-limit = 4096 (default)
2023-06-17 14:24:33,087 [om1-impl-thread1] INFO  server.RaftServerConfigKeys (ConfUtils.java:logGet(46)) - raft.server.log.segment.size.max = 4194304 (custom)
2023-06-17 14:24:33,087 [om1-impl-thread1] INFO  server.RaftServerConfigKeys (ConfUtils.java:logGet(46)) - raft.server.log.preallocated.size = 4194304 (custom)
2023-06-17 14:24:33,087 [om1-impl-thread1] INFO  server.RaftServerConfigKeys (ConfUtils.java:logGet(46)) - raft.server.log.force.sync.num = 128 (default)
2023-06-17 14:24:33,088 [om1-impl-thread1] INFO  server.RaftServerConfigKeys (ConfUtils.java:logGet(46)) - raft.server.log.statemachine.data.sync = true (default)
2023-06-17 14:24:33,088 [om1-impl-thread1] INFO  server.RaftServerConfigKeys (ConfUtils.java:logGet(46)) - raft.server.log.statemachine.data.sync.timeout = 10s (default)
2023-06-17 14:24:33,089 [om1-impl-thread1] INFO  server.RaftServerConfigKeys (ConfUtils.java:logGet(46)) - raft.server.log.statemachine.data.sync.timeout.retry = -1 (default)
2023-06-17 14:24:33,097 [om1-impl-thread1] INFO  server.RaftServerConfigKeys (ConfUtils.java:logGet(46)) - raft.server.log.write.buffer.size = 64KB (=65536) (default)
2023-06-17 14:24:33,097 [om1-impl-thread1] INFO  server.RaftServerConfigKeys (ConfUtils.java:logGet(46)) - raft.server.log.appender.buffer.byte-limit = 33554432 (custom)
2023-06-17 14:24:33,106 [om1-impl-thread1] INFO  server.RaftServerConfigKeys (ConfUtils.java:logGet(46)) - raft.server.log.unsafe-flush.enabled = false (default)
2023-06-17 14:24:33,106 [om1-impl-thread1] INFO  server.RaftServerConfigKeys (ConfUtils.java:logGet(46)) - raft.server.log.async-flush.enabled = false (default)
2023-06-17 14:24:33,107 [om1-impl-thread1] INFO  server.RaftServerConfigKeys (ConfUtils.java:logGet(46)) - raft.server.log.statemachine.data.caching.enabled = false (default)
2023-06-17 14:24:33,112 [om1-impl-thread1] INFO  segmented.SegmentedRaftLogWorker (SegmentedRaftLogWorker.java:lambda$new$0(135)) - om1@group-C5BA1605619E-SegmentedRaftLogWorker: flushIndex: setUnconditionally 0 -> -1
2023-06-17 14:24:33,113 [om1-impl-thread1] INFO  segmented.SegmentedRaftLogWorker (SegmentedRaftLogWorker.java:lambda$new$0(135)) - om1@group-C5BA1605619E-SegmentedRaftLogWorker: safeCacheEvictIndex: setUnconditionally 0 -> -1
2023-06-17 14:24:33,114 [om1-impl-thread1] INFO  server.RaftServer$Division (RaftServerImpl.java:start(342)) - om1@group-C5BA1605619E: start as a follower, conf=-1: peers:[om1|rpc:localhost:15007|priority:0|startupRole:FOLLOWER]|listeners:[], old=null
2023-06-17 14:24:33,115 [om1-impl-thread1] INFO  server.RaftServer$Division (RaftServerImpl.java:setRole(329)) - om1@group-C5BA1605619E: changes role from      null to FOLLOWER at term 0 for startAsFollower
2023-06-17 14:24:33,118 [om1-impl-thread1] INFO  impl.RoleInfo (RoleInfo.java:updateAndGet(139)) - om1: start om1@group-C5BA1605619E-FollowerState
2023-06-17 14:24:33,118 [om1@group-C5BA1605619E-FollowerState] INFO  server.RaftServerConfigKeys (ConfUtils.java:logFallback(53)) - raft.server.rpc.first-election.timeout.min = 1s (fallback to raft.server.rpc.timeout.min)
2023-06-17 14:24:33,119 [om1-impl-thread1] INFO  util.JmxRegister (JmxRegister.java:tryRegister(44)) - Successfully registered JMX Bean with object name Ratis:service=RaftServer,group=group-C5BA1605619E,id=om1
2023-06-17 14:24:33,121 [om1@group-C5BA1605619E-FollowerState] INFO  server.RaftServerConfigKeys (ConfUtils.java:logFallback(53)) - raft.server.rpc.first-election.timeout.max = 1200ms (fallback to raft.server.rpc.timeout.max)
2023-06-17 14:24:33,123 [om1-impl-thread1] INFO  server.RaftServerConfigKeys (ConfUtils.java:logGet(46)) - raft.server.snapshot.auto.trigger.enabled = true (custom)
2023-06-17 14:24:33,123 [om1-impl-thread1] INFO  server.RaftServerConfigKeys (ConfUtils.java:logGet(46)) - raft.server.snapshot.auto.trigger.threshold = 400000 (default)
2023-06-17 14:24:33,123 [om1-impl-thread1] INFO  server.RaftServerConfigKeys (ConfUtils.java:logGet(46)) - raft.server.snapshot.retention.file.num = -1 (default)
2023-06-17 14:24:33,124 [om1-impl-thread1] INFO  server.RaftServerConfigKeys (ConfUtils.java:logGet(46)) - raft.server.log.purge.upto.snapshot.index = true (custom)
2023-06-17 14:24:33,127 [main] INFO  server.RaftServer (RaftServerProxy.java:startImpl(400)) - om1: start RPC server
2023-06-17 14:24:33,185 [main] INFO  server.GrpcService (GrpcService.java:startImpl(302)) - om1: GrpcService started, listening on 15007
2023-06-17 14:24:33,185 [JvmPauseMonitor1] INFO  util.JvmPauseMonitor (JvmPauseMonitor.java:run(103)) - JvmPauseMonitor-om1: Started
2023-06-17 14:24:33,186 [main] INFO  om.OzoneManager (OzoneManager.java:start(1604)) - Version File has different layout version (5) than OM DB (null). That is expected if this OM has never been finalized to a newer layout version.
2023-06-17 14:24:33,204 [main] INFO  http.BaseHttpServer (BaseHttpServer.java:newHttpServer2BuilderForOzone(224)) - Starting Web-server for ozoneManager at: http://0.0.0.0:15005
2023-06-17 14:24:33,205 [main] INFO  http.BaseHttpServer (BaseHttpServer.java:<init>(111)) - Hadoop Security Enabled: false Ozone Security Enabled: false Ozone HTTP Security Enabled: false 
2023-06-17 14:24:33,207 [main] WARN  server.AuthenticationFilter (AuthenticationFilter.java:constructSecretProvider(240)) - Unable to initialize FileSignerSecretProvider, falling back to use random secrets. Reason: Could not read signature secret file: /home/runner/hadoop-http-auth-signature-secret
2023-06-17 14:24:33,212 [main] INFO  http.HttpRequestLog (HttpRequestLog.java:getRequestLog(86)) - Http request log for http.requests.ozoneManager is not defined
2023-06-17 14:24:33,218 [main] INFO  http.HttpServer2 (HttpServer2.java:addGlobalFilter(1031)) - Added global filter 'safety' (class=org.apache.hadoop.hdds.server.http.HttpServer2$QuotingInputFilter)
2023-06-17 14:24:33,219 [main] INFO  http.HttpServer2 (HttpServer2.java:addFilter(1007)) - Added filter static_user_filter (class=org.apache.hadoop.http.lib.StaticUserWebFilter$StaticUserFilter) to context ozoneManager
2023-06-17 14:24:33,220 [main] INFO  http.HttpServer2 (HttpServer2.java:addFilter(1015)) - Added filter static_user_filter (class=org.apache.hadoop.http.lib.StaticUserWebFilter$StaticUserFilter) to context logs
2023-06-17 14:24:33,220 [main] INFO  http.HttpServer2 (HttpServer2.java:addFilter(1015)) - Added filter static_user_filter (class=org.apache.hadoop.http.lib.StaticUserWebFilter$StaticUserFilter) to context static
2023-06-17 14:24:33,222 [main] INFO  http.BaseHttpServer (BaseHttpServer.java:<init>(190)) - HTTP server of ozoneManager uses base directory /home/runner/work/ozone/ozone/hadoop-ozone/integration-test/target/test-dir/MiniOzoneClusterImpl-68882fc2-21fb-4ea4-940d-4f92d2da87ec/ozone-meta/webserver
2023-06-17 14:24:33,230 [main] INFO  http.HttpServer2 (HttpServer2.java:bindListener(1250)) - Jetty bound to port 15005
2023-06-17 14:24:33,230 [main] INFO  server.Server (Server.java:doStart(375)) - jetty-9.4.51.v20230217; built: 2023-02-17T08:19:37.309Z; git: b45c405e4544384de066f814ed42ae3dceacdd49; jvm 1.8.0_372-b07
2023-06-17 14:24:33,235 [main] INFO  server.session (DefaultSessionIdManager.java:doStart(334)) - DefaultSessionIdManager workerName=node0
2023-06-17 14:24:33,235 [main] INFO  server.session (DefaultSessionIdManager.java:doStart(339)) - No SessionScavenger set, using defaults
2023-06-17 14:24:33,236 [main] INFO  server.session (HouseKeeper.java:startScavenging(132)) - node0 Scavenging every 600000ms
2023-06-17 14:24:33,236 [main] INFO  handler.ContextHandler (ContextHandler.java:doStart(921)) - Started o.e.j.s.ServletContextHandler@21dcd0b5{logs,/logs,file:///home/runner/work/ozone/ozone/hadoop-ozone/integration-test/target/log,AVAILABLE}
2023-06-17 14:24:33,237 [main] INFO  handler.ContextHandler (ContextHandler.java:doStart(921)) - Started o.e.j.s.ServletContextHandler@730fcd33{static,/static,file:///home/runner/work/ozone/ozone/hadoop-ozone/integration-test/target/test-classes/webapps/static,AVAILABLE}
2023-06-17 14:24:33,241 [main] INFO  handler.ContextHandler (ContextHandler.java:doStart(921)) - Started o.e.j.w.WebAppContext@171908b7{ozoneManager,/,file:///home/runner/work/ozone/ozone/hadoop-ozone/integration-test/target/test-classes/webapps/ozoneManager/,AVAILABLE}{file:/home/runner/work/ozone/ozone/hadoop-ozone/integration-test/target/test-classes/webapps/ozoneManager}
2023-06-17 14:24:33,243 [main] INFO  server.AbstractConnector (AbstractConnector.java:doStart(333)) - Started ServerConnector@349cb820{HTTP/1.1, (http/1.1)}{0.0.0.0:15005}
2023-06-17 14:24:33,243 [main] INFO  server.Server (Server.java:doStart(415)) - Started @8605ms
2023-06-17 14:24:33,243 [main] WARN  impl.MetricsSystemImpl (MetricsSystemImpl.java:register(279)) - Sink prometheus already exists!
2023-06-17 14:24:33,244 [main] INFO  http.BaseHttpServer (BaseHttpServer.java:updateConnectorAddress(344)) - HTTP server of ozoneManager listening at http://0.0.0.0:15005
2023-06-17 14:24:33,250 [IPC Server Responder] INFO  ipc.Server (Server.java:run(1558)) - IPC Server Responder: starting
2023-06-17 14:24:33,250 [IPC Server listener on 15004] INFO  ipc.Server (Server.java:run(1398)) - IPC Server listener on 15004: starting
2023-06-17 14:24:33,253 [main] INFO  om.OzoneManager (OzoneManager.java:startTrashEmptier(2059)) - Trash Interval set to 0. Files deleted won't move to trash
2023-06-17 14:24:33,388 [main] WARN  impl.MetricRegistriesImpl (MetricRegistriesImpl.java:addReporterRegistration(111)) - New reporters are added after registries were created. Some metrics will be missing from the reporter. Please add reporter before adding any new registry.
2023-06-17 14:24:33,388 [main] WARN  impl.MetricRegistriesImpl (MetricRegistriesImpl.java:addReporterRegistration(111)) - New reporters are added after registries were created. Some metrics will be missing from the reporter. Please add reporter before adding any new registry.
2023-06-17 14:24:33,389 [main] INFO  impl.MetricsSystemImpl (MetricsSystemImpl.java:init(158)) - HddsDatanode metrics system started (again)
2023-06-17 14:24:33,410 [main] INFO  ozone.HddsDatanodeService (HddsDatanodeService.java:start(262)) - HddsDatanodeService host:fv-az1035-386.p4kjid14prhuxkk4m0x4prg4bg.cx.internal.cloudapp.net ip:10.1.0.30
2023-06-17 14:24:33,445 [main] INFO  upgrade.AbstractLayoutVersionManager (AbstractLayoutVersionManager.java:init(83)) - Initializing Layout version manager with metadata layout = HADOOP_PRC_PORTS_IN_DATANODEDETAILS (version = 7), software layout = HADOOP_PRC_PORTS_IN_DATANODEDETAILS (version = 7)
2023-06-17 14:24:33,449 [main] INFO  statemachine.DatanodeStateMachine (DatanodeStateMachine.java:getEndPointTaskThreadPoolSize(279)) - Datanode State Machine Task Thread Pool size 2
2023-06-17 14:24:33,513 [main] INFO  volume.HddsVolume (HddsVolume.java:<init>(130)) - Creating HddsVolume: /home/runner/work/ozone/ozone/hadoop-ozone/integration-test/target/test-dir/MiniOzoneClusterImpl-68882fc2-21fb-4ea4-940d-4f92d2da87ec/datanode-0/data-0/containers/hdds of storage type : DISK capacity : 9223372036854775807
2023-06-17 14:24:33,516 [main] INFO  volume.MutableVolumeSet (MutableVolumeSet.java:initializeVolumeSet(175)) - Added Volume : /home/runner/work/ozone/ozone/hadoop-ozone/integration-test/target/test-dir/MiniOzoneClusterImpl-68882fc2-21fb-4ea4-940d-4f92d2da87ec/datanode-0/data-0/containers/hdds to VolumeSet
2023-06-17 14:24:33,517 [main] INFO  volume.ThrottledAsyncChecker (ThrottledAsyncChecker.java:schedule(141)) - Scheduling a check for /home/runner/work/ozone/ozone/hadoop-ozone/integration-test/target/test-dir/MiniOzoneClusterImpl-68882fc2-21fb-4ea4-940d-4f92d2da87ec/datanode-0/data-0/containers/hdds
2023-06-17 14:24:33,542 [main] INFO  volume.StorageVolumeChecker (StorageVolumeChecker.java:checkAllVolumes(202)) - Scheduled health check for volume /home/runner/work/ozone/ozone/hadoop-ozone/integration-test/target/test-dir/MiniOzoneClusterImpl-68882fc2-21fb-4ea4-940d-4f92d2da87ec/datanode-0/data-0/containers/hdds
2023-06-17 14:24:33,564 [main] INFO  volume.MutableVolumeSet (MutableVolumeSet.java:initializeVolumeSet(175)) - Added Volume : /home/runner/work/ozone/ozone/hadoop-ozone/integration-test/target/test-dir/MiniOzoneClusterImpl-68882fc2-21fb-4ea4-940d-4f92d2da87ec/datanode-0/data/ratis to VolumeSet
2023-06-17 14:24:33,566 [main] INFO  volume.ThrottledAsyncChecker (ThrottledAsyncChecker.java:schedule(141)) - Scheduling a check for /home/runner/work/ozone/ozone/hadoop-ozone/integration-test/target/test-dir/MiniOzoneClusterImpl-68882fc2-21fb-4ea4-940d-4f92d2da87ec/datanode-0/data/ratis
2023-06-17 14:24:33,567 [main] INFO  volume.StorageVolumeChecker (StorageVolumeChecker.java:checkAllVolumes(202)) - Scheduled health check for volume /home/runner/work/ozone/ozone/hadoop-ozone/integration-test/target/test-dir/MiniOzoneClusterImpl-68882fc2-21fb-4ea4-940d-4f92d2da87ec/datanode-0/data/ratis
2023-06-17 14:24:33,598 [Thread-140] INFO  ozoneimpl.ContainerReader (ContainerReader.java:readVolume(175)) - Finish verifying containers on volume /home/runner/work/ozone/ozone/hadoop-ozone/integration-test/target/test-dir/MiniOzoneClusterImpl-68882fc2-21fb-4ea4-940d-4f92d2da87ec/datanode-0/data-0/containers/hdds
2023-06-17 14:24:33,598 [main] INFO  ozoneimpl.OzoneContainer (OzoneContainer.java:buildContainerSet(316)) - Build ContainerSet costs 0s
2023-06-17 14:24:33,655 [main] INFO  audit.AuditLogger (AuditLogger.java:refreshDebugCmdSet(126)) - Refresh DebugCmdSet for DNAudit to [].
2023-06-17 14:24:33,690 [main] INFO  server.RaftServer (ConfUtils.java:logGet(46)) - raft.rpc.type = GRPC (default)
2023-06-17 14:24:33,693 [main] INFO  grpc.GrpcConfigKeys (ConfUtils.java:logFallback(53)) - raft.grpc.admin.host = null (fallback to raft.grpc.server.host)
2023-06-17 14:24:33,694 [main] INFO  grpc.GrpcConfigKeys (ConfUtils.java:logGet(46)) - raft.grpc.admin.port = 15013 (custom)
2023-06-17 14:24:33,698 [main] INFO  grpc.GrpcConfigKeys (ConfUtils.java:logFallback(53)) - raft.grpc.client.host = null (fallback to raft.grpc.server.host)
2023-06-17 14:24:33,699 [main] INFO  grpc.GrpcConfigKeys (ConfUtils.java:logGet(46)) - raft.grpc.client.port = 15012 (custom)
2023-06-17 14:24:33,699 [main] INFO  grpc.GrpcConfigKeys (ConfUtils.java:logGet(46)) - raft.grpc.server.host = null (default)
2023-06-17 14:24:33,699 [main] INFO  grpc.GrpcConfigKeys (ConfUtils.java:logGet(46)) - raft.grpc.server.port = 15014 (custom)
2023-06-17 14:24:33,699 [main] INFO  server.GrpcService (ConfUtils.java:logGet(46)) - raft.grpc.message.size.max = 32MB (=33554432) (custom)
2023-06-17 14:24:33,699 [main] INFO  server.RaftServerConfigKeys (ConfUtils.java:logGet(46)) - raft.server.log.appender.buffer.byte-limit = 33554432 (custom)
2023-06-17 14:24:33,699 [main] INFO  server.GrpcService (ConfUtils.java:logGet(46)) - raft.grpc.flow.control.window = 5MB (=5242880) (custom)
2023-06-17 14:24:33,700 [main] INFO  server.RaftServerConfigKeys (ConfUtils.java:logGet(46)) - raft.server.rpc.request.timeout = 60s (custom)
2023-06-17 14:24:33,700 [main] INFO  grpc.GrpcConfigKeys (ConfUtils.java:logGet(46)) - raft.grpc.server.heartbeat.channel = true (default)
2023-06-17 14:24:33,700 [main] INFO  grpc.GrpcConfigKeys (ConfUtils.java:logGet(46)) - raft.grpc.server.async.request.thread.pool.cached = true (default)
2023-06-17 14:24:33,700 [main] INFO  grpc.GrpcConfigKeys (ConfUtils.java:logGet(46)) - raft.grpc.server.async.request.thread.pool.size = 32 (default)
2023-06-17 14:24:33,704 [main] INFO  impl.DataStreamServerImpl (ConfUtils.java:logGet(46)) - raft.datastream.type = NETTY (custom)
2023-06-17 14:24:33,715 [main] INFO  server.RaftServerConfigKeys (ConfUtils.java:logGet(46)) - raft.server.data-stream.async.request.thread.pool.cached = false (default)
2023-06-17 14:24:33,716 [main] INFO  server.RaftServerConfigKeys (ConfUtils.java:logGet(46)) - raft.server.data-stream.async.request.thread.pool.size = 20 (custom)
2023-06-17 14:24:33,717 [main] INFO  server.RaftServerConfigKeys (ConfUtils.java:logGet(46)) - raft.server.data-stream.async.write.thread.pool.size = 16 (default)
2023-06-17 14:24:33,718 [main] INFO  server.RaftServerConfigKeys (ConfUtils.java:logGet(46)) - raft.server.data-stream.client.pool.size = 10 (default)
2023-06-17 14:24:33,721 [main] INFO  netty.NettyConfigKeys$DataStream (ConfUtils.java:logGet(46)) - raft.netty.dataStream.server.use-epoll = false (default)
2023-06-17 14:24:33,721 [main] INFO  netty.NettyConfigKeys$DataStream (ConfUtils.java:logGet(46)) - raft.netty.dataStream.server.boss-group.size = 0 (default)
2023-06-17 14:24:33,728 [main] INFO  netty.NettyConfigKeys$DataStream (ConfUtils.java:logGet(46)) - raft.netty.dataStream.server.worker-group.size = 0 (default)
2023-06-17 14:24:33,729 [main] INFO  netty.NettyConfigKeys$DataStream (ConfUtils.java:logGet(46)) - raft.netty.dataStream.server.tls.conf = null (default)
2023-06-17 14:24:33,731 [main] INFO  netty.NettyConfigKeys$DataStream (ConfUtils.java:logGet(46)) - raft.netty.dataStream.host = null (default)
2023-06-17 14:24:33,731 [main] INFO  netty.NettyConfigKeys$DataStream (ConfUtils.java:logGet(46)) - raft.netty.dataStream.port = 15015 (custom)
2023-06-17 14:24:33,740 [main] INFO  server.RaftServerConfigKeys (ConfUtils.java:logGet(46)) - raft.server.threadpool.proxy.cached = true (default)
2023-06-17 14:24:33,740 [main] INFO  server.RaftServerConfigKeys (ConfUtils.java:logGet(46)) - raft.server.threadpool.proxy.size = 0 (default)
2023-06-17 14:24:33,741 [main] INFO  server.RaftServerConfigKeys (ConfUtils.java:logGet(46)) - raft.server.rpc.slowness.timeout = 300s (custom)
2023-06-17 14:24:33,741 [main] INFO  server.RaftServerConfigKeys (ConfUtils.java:logGet(46)) - raft.server.leaderelection.leader.step-down.wait-time = 10s (default)
2023-06-17 14:24:33,741 [main] INFO  server.RaftServerConfigKeys (ConfUtils.java:logGet(46)) - raft.server.storage.dir = [/home/runner/work/ozone/ozone/hadoop-ozone/integration-test/target/test-dir/MiniOzoneClusterImpl-68882fc2-21fb-4ea4-940d-4f92d2da87ec/datanode-0/data/ratis] (custom)
2023-06-17 14:24:33,770 [9b904d97-ba57-4d1c-b750-04e93ad7e320-NettyServerStreamRpc-bossGroup--thread1] INFO  logging.LoggingHandler (AbstractInternalLogger.java:log(148)) - [id: 0x294925a8] REGISTERED
2023-06-17 14:24:33,770 [9b904d97-ba57-4d1c-b750-04e93ad7e320-NettyServerStreamRpc-bossGroup--thread1] INFO  logging.LoggingHandler (AbstractInternalLogger.java:log(148)) - [id: 0x294925a8] BIND: 0.0.0.0/0.0.0.0:15015
2023-06-17 14:24:33,771 [9b904d97-ba57-4d1c-b750-04e93ad7e320-NettyServerStreamRpc-bossGroup--thread1] INFO  logging.LoggingHandler (AbstractInternalLogger.java:log(148)) - [id: 0x294925a8, L:/0:0:0:0:0:0:0:0:15015] ACTIVE
2023-06-17 14:24:33,788 [main] INFO  server.XceiverServerGrpc (XceiverServerGrpc.java:<init>(132)) - GrpcServer channel type EpollServerSocketChannel
2023-06-17 14:24:33,827 [main] INFO  replication.ReplicationSupervisor (ReplicationSupervisor.java:nodeStateUpdated(305)) - Node state updated to IN_SERVICE, scaling executor pool size to 10
2023-06-17 14:24:33,876 [main] INFO  http.BaseHttpServer (BaseHttpServer.java:newHttpServer2BuilderForOzone(224)) - Starting Web-server for hddsDatanode at: http://0.0.0.0:15009
2023-06-17 14:24:33,878 [main] INFO  http.BaseHttpServer (BaseHttpServer.java:<init>(111)) - Hadoop Security Enabled: false Ozone Security Enabled: false Ozone HTTP Security Enabled: false 
2023-06-17 14:24:33,880 [main] WARN  server.AuthenticationFilter (AuthenticationFilter.java:constructSecretProvider(240)) - Unable to initialize FileSignerSecretProvider, falling back to use random secrets. Reason: Could not read signature secret file: /home/runner/hadoop-http-auth-signature-secret
2023-06-17 14:24:33,881 [main] INFO  http.HttpRequestLog (HttpRequestLog.java:getRequestLog(86)) - Http request log for http.requests.hddsDatanode is not defined
2023-06-17 14:24:33,883 [main] INFO  http.HttpServer2 (HttpServer2.java:addGlobalFilter(1031)) - Added global filter 'safety' (class=org.apache.hadoop.hdds.server.http.HttpServer2$QuotingInputFilter)
2023-06-17 14:24:33,884 [main] INFO  http.HttpServer2 (HttpServer2.java:addFilter(1007)) - Added filter static_user_filter (class=org.apache.hadoop.http.lib.StaticUserWebFilter$StaticUserFilter) to context hddsDatanode
2023-06-17 14:24:33,884 [main] INFO  http.HttpServer2 (HttpServer2.java:addFilter(1015)) - Added filter static_user_filter (class=org.apache.hadoop.http.lib.StaticUserWebFilter$StaticUserFilter) to context logs
2023-06-17 14:24:33,884 [main] INFO  http.HttpServer2 (HttpServer2.java:addFilter(1015)) - Added filter static_user_filter (class=org.apache.hadoop.http.lib.StaticUserWebFilter$StaticUserFilter) to context static
2023-06-17 14:24:33,885 [main] INFO  http.BaseHttpServer (BaseHttpServer.java:<init>(190)) - HTTP server of hddsDatanode uses base directory /home/runner/work/ozone/ozone/hadoop-ozone/integration-test/target/test-dir/MiniOzoneClusterImpl-68882fc2-21fb-4ea4-940d-4f92d2da87ec/datanode-0/meta/webserver
2023-06-17 14:24:33,885 [main] INFO  http.HttpServer2 (HttpServer2.java:bindListener(1250)) - Jetty bound to port 15009
2023-06-17 14:24:33,887 [main] INFO  server.Server (Server.java:doStart(375)) - jetty-9.4.51.v20230217; built: 2023-02-17T08:19:37.309Z; git: b45c405e4544384de066f814ed42ae3dceacdd49; jvm 1.8.0_372-b07
2023-06-17 14:24:33,890 [main] INFO  server.session (DefaultSessionIdManager.java:doStart(334)) - DefaultSessionIdManager workerName=node0
2023-06-17 14:24:33,890 [main] INFO  server.session (DefaultSessionIdManager.java:doStart(339)) - No SessionScavenger set, using defaults
2023-06-17 14:24:33,890 [main] INFO  server.session (HouseKeeper.java:startScavenging(132)) - node0 Scavenging every 660000ms
2023-06-17 14:24:33,891 [main] INFO  handler.ContextHandler (ContextHandler.java:doStart(921)) - Started o.e.j.s.ServletContextHandler@a019aea{logs,/logs,file:///home/runner/work/ozone/ozone/hadoop-ozone/integration-test/target/log,AVAILABLE}
2023-06-17 14:24:33,892 [main] INFO  handler.ContextHandler (ContextHandler.java:doStart(921)) - Started o.e.j.s.ServletContextHandler@4c198bd5{static,/static,jar:file:/home/runner/.m2/repository/org/apache/ozone/hdds-container-service/1.4.0-SNAPSHOT/hdds-container-service-1.4.0-SNAPSHOT.jar!/webapps/static,AVAILABLE}
2023-06-17 14:24:34,145 [main] INFO  handler.ContextHandler (ContextHandler.java:doStart(921)) - Started o.e.j.w.WebAppContext@42707ecf{hddsDatanode,/,file:///home/runner/work/ozone/ozone/hadoop-ozone/integration-test/target/test-dir/MiniOzoneClusterImpl-68882fc2-21fb-4ea4-940d-4f92d2da87ec/datanode-0/meta/webserver/jetty-0_0_0_0-15009-hdds-container-service-1_4_0-SNAPSHOT_jar-_-any-9007333427303361003/webapp/,AVAILABLE}{jar:file:/home/runner/.m2/repository/org/apache/ozone/hdds-container-service/1.4.0-SNAPSHOT/hdds-container-service-1.4.0-SNAPSHOT.jar!/webapps/hddsDatanode}
2023-06-17 14:24:34,147 [main] INFO  server.AbstractConnector (AbstractConnector.java:doStart(333)) - Started ServerConnector@4ca8d348{HTTP/1.1, (http/1.1)}{0.0.0.0:15009}
2023-06-17 14:24:34,148 [main] INFO  server.Server (Server.java:doStart(415)) - Started @9509ms
2023-06-17 14:24:34,148 [main] WARN  impl.MetricsSystemImpl (MetricsSystemImpl.java:register(279)) - Sink prometheus already exists!
2023-06-17 14:24:34,149 [main] INFO  http.BaseHttpServer (BaseHttpServer.java:updateConnectorAddress(344)) - HTTP server of hddsDatanode listening at http://0.0.0.0:15009
2023-06-17 14:24:34,153 [main] INFO  ipc.CallQueueManager (CallQueueManager.java:<init>(90)) - Using callQueue: class java.util.concurrent.LinkedBlockingQueue, queueCapacity: 100, scheduler: class org.apache.hadoop.ipc.DefaultRpcScheduler, ipcBackoff: false.
2023-06-17 14:24:34,155 [om1@group-C5BA1605619E-FollowerState] INFO  impl.FollowerState (FollowerState.java:run(143)) - om1@group-C5BA1605619E-FollowerState: change to CANDIDATE, lastRpcElapsedTime:1037975929ns, electionTimeout:1033ms
2023-06-17 14:24:34,156 [Socket Reader #1 for port 15010] INFO  ipc.Server (Server.java:run(1319)) - Starting Socket Reader #1 for port 15010
2023-06-17 14:24:34,163 [Listener at 0.0.0.0/15010] INFO  hdds.HddsUtils (HddsUtils.java:preserveThreadName(848)) - Restoring thread name: main
2023-06-17 14:24:34,163 [main] INFO  ozone.HddsDatanodeService (HddsDatanodeService.java:start(344)) - Datanode start with admins: [runner]
2023-06-17 14:24:34,163 [main] INFO  ozone.HddsDatanodeClientProtocolServer (HddsDatanodeClientProtocolServer.java:start(72)) - RPC server for Client /0.0.0.0:15010
2023-06-17 14:24:34,164 [IPC Server Responder] INFO  ipc.Server (Server.java:run(1558)) - IPC Server Responder: starting
2023-06-17 14:24:34,164 [IPC Server listener on 15010] INFO  ipc.Server (Server.java:run(1398)) - IPC Server listener on 15010: starting
2023-06-17 14:24:34,166 [main] WARN  impl.MetricRegistriesImpl (MetricRegistriesImpl.java:addReporterRegistration(111)) - New reporters are added after registries were created. Some metrics will be missing from the reporter. Please add reporter before adding any new registry.
2023-06-17 14:24:34,166 [main] WARN  impl.MetricRegistriesImpl (MetricRegistriesImpl.java:addReporterRegistration(111)) - New reporters are added after registries were created. Some metrics will be missing from the reporter. Please add reporter before adding any new registry.
2023-06-17 14:24:34,166 [main] INFO  impl.MetricsSystemImpl (MetricsSystemImpl.java:init(158)) - HddsDatanode metrics system started (again)
2023-06-17 14:24:34,162 [om1@group-C5BA1605619E-FollowerState] INFO  impl.RoleInfo (RoleInfo.java:shutdownFollowerState(110)) - om1: shutdown om1@group-C5BA1605619E-FollowerState
2023-06-17 14:24:34,171 [om1@group-C5BA1605619E-FollowerState] INFO  server.RaftServer$Division (RaftServerImpl.java:setRole(329)) - om1@group-C5BA1605619E: changes role from  FOLLOWER to CANDIDATE at term 0 for changeToCandidate
2023-06-17 14:24:34,175 [om1@group-C5BA1605619E-FollowerState] INFO  server.RaftServerConfigKeys (ConfUtils.java:logGet(46)) - raft.server.leaderelection.pre-vote = true (default)
2023-06-17 14:24:34,175 [om1@group-C5BA1605619E-FollowerState] INFO  impl.RoleInfo (RoleInfo.java:updateAndGet(139)) - om1: start om1@group-C5BA1605619E-LeaderElection1
2023-06-17 14:24:34,176 [Datanode State Machine Daemon Thread] INFO  statemachine.DatanodeStateMachine (DatanodeStateMachine.java:lambda$startDaemon$0(531)) - Ozone container server started.
2023-06-17 14:24:34,187 [om1@group-C5BA1605619E-LeaderElection1] INFO  impl.LeaderElection (LeaderElection.java:askForVotes(321)) - om1@group-C5BA1605619E-LeaderElection1 PRE_VOTE round 0: submit vote requests at term 0 for -1: peers:[om1|rpc:localhost:15007|priority:0|startupRole:FOLLOWER]|listeners:[], old=null
2023-06-17 14:24:34,191 [om1@group-C5BA1605619E-LeaderElection1] INFO  impl.LeaderElection (LeaderElection.java:askForVotes(323)) - om1@group-C5BA1605619E-LeaderElection1 PRE_VOTE round 0: result PASSED (term=0)
2023-06-17 14:24:34,194 [om1@group-C5BA1605619E-LeaderElection1] INFO  impl.LeaderElection (LeaderElection.java:askForVotes(321)) - om1@group-C5BA1605619E-LeaderElection1 ELECTION round 0: submit vote requests at term 1 for -1: peers:[om1|rpc:localhost:15007|priority:0|startupRole:FOLLOWER]|listeners:[], old=null
2023-06-17 14:24:34,194 [om1@group-C5BA1605619E-LeaderElection1] INFO  impl.LeaderElection (LeaderElection.java:askForVotes(323)) - om1@group-C5BA1605619E-LeaderElection1 ELECTION round 0: result PASSED (term=1)
2023-06-17 14:24:34,194 [om1@group-C5BA1605619E-LeaderElection1] INFO  impl.RoleInfo (RoleInfo.java:shutdownLeaderElection(130)) - om1: shutdown om1@group-C5BA1605619E-LeaderElection1
2023-06-17 14:24:34,195 [om1@group-C5BA1605619E-LeaderElection1] INFO  server.RaftServer$Division (RaftServerImpl.java:setRole(329)) - om1@group-C5BA1605619E: changes role from CANDIDATE to LEADER at term 1 for changeToLeader
2023-06-17 14:24:34,202 [om1@group-C5BA1605619E-LeaderElection1] INFO  server.RaftServer$Division (ServerState.java:setLeader(317)) - om1@group-C5BA1605619E: change Leader from null to om1 at term 1 for becomeLeader, leader elected after 2269ms
2023-06-17 14:24:34,206 [main] INFO  ozone.HddsDatanodeService (HddsDatanodeService.java:start(262)) - HddsDatanodeService host:fv-az1035-386.p4kjid14prhuxkk4m0x4prg4bg.cx.internal.cloudapp.net ip:10.1.0.30
2023-06-17 14:24:34,212 [om1@group-C5BA1605619E-LeaderElection1] INFO  server.RaftServerConfigKeys (ConfUtils.java:logGet(46)) - raft.server.staging.catchup.gap = 1000 (default)
2023-06-17 14:24:34,233 [om1@group-C5BA1605619E-LeaderElection1] INFO  server.RaftServerConfigKeys (ConfUtils.java:logGet(46)) - raft.server.write.element-limit = 4096 (default)
2023-06-17 14:24:34,234 [om1@group-C5BA1605619E-LeaderElection1] INFO  server.RaftServerConfigKeys (ConfUtils.java:logGet(46)) - raft.server.write.byte-limit = 64MB (=67108864) (default)
2023-06-17 14:24:34,239 [om1@group-C5BA1605619E-LeaderElection1] INFO  server.RaftServerConfigKeys (ConfUtils.java:logGet(46)) - raft.server.watch.timeout = 10s (default)
2023-06-17 14:24:34,240 [om1@group-C5BA1605619E-LeaderElection1] INFO  server.RaftServerConfigKeys (ConfUtils.java:logGet(46)) - raft.server.watch.timeout.denomination = 1s (default)
2023-06-17 14:24:34,240 [om1@group-C5BA1605619E-LeaderElection1] INFO  server.RaftServerConfigKeys (ConfUtils.java:logGet(46)) - raft.server.watch.element-limit = 65536 (default)
2023-06-17 14:24:34,241 [main] INFO  upgrade.AbstractLayoutVersionManager (AbstractLayoutVersionManager.java:init(83)) - Initializing Layout version manager with metadata layout = HADOOP_PRC_PORTS_IN_DATANODEDETAILS (version = 7), software layout = HADOOP_PRC_PORTS_IN_DATANODEDETAILS (version = 7)
2023-06-17 14:24:34,243 [main] INFO  statemachine.DatanodeStateMachine (DatanodeStateMachine.java:getEndPointTaskThreadPoolSize(279)) - Datanode State Machine Task Thread Pool size 2
2023-06-17 14:24:34,249 [om1@group-C5BA1605619E-LeaderElection1] INFO  server.RaftServerConfigKeys (ConfUtils.java:logGet(46)) - raft.server.write.element-limit = 4096 (default)
2023-06-17 14:24:34,257 [main] INFO  volume.HddsVolume (HddsVolume.java:<init>(130)) - Creating HddsVolume: /home/runner/work/ozone/ozone/hadoop-ozone/integration-test/target/test-dir/MiniOzoneClusterImpl-68882fc2-21fb-4ea4-940d-4f92d2da87ec/datanode-1/data-0/containers/hdds of storage type : DISK capacity : 9223372036854775807
2023-06-17 14:24:34,259 [main] INFO  volume.MutableVolumeSet (MutableVolumeSet.java:initializeVolumeSet(175)) - Added Volume : /home/runner/work/ozone/ozone/hadoop-ozone/integration-test/target/test-dir/MiniOzoneClusterImpl-68882fc2-21fb-4ea4-940d-4f92d2da87ec/datanode-1/data-0/containers/hdds to VolumeSet
2023-06-17 14:24:34,259 [main] INFO  volume.ThrottledAsyncChecker (ThrottledAsyncChecker.java:schedule(141)) - Scheduling a check for /home/runner/work/ozone/ozone/hadoop-ozone/integration-test/target/test-dir/MiniOzoneClusterImpl-68882fc2-21fb-4ea4-940d-4f92d2da87ec/datanode-1/data-0/containers/hdds
2023-06-17 14:24:34,262 [om1@group-C5BA1605619E-LeaderElection1] INFO  server.RaftServerConfigKeys (ConfUtils.java:logGet(46)) - raft.server.write.follower.gap.ratio.max = -1.0 (default)
2023-06-17 14:24:34,265 [om1@group-C5BA1605619E-LeaderElection1] INFO  impl.RoleInfo (RoleInfo.java:updateAndGet(139)) - om1: start om1@group-C5BA1605619E-LeaderStateImpl
2023-06-17 14:24:34,273 [main] INFO  volume.StorageVolumeChecker (StorageVolumeChecker.java:checkAllVolumes(202)) - Scheduled health check for volume /home/runner/work/ozone/ozone/hadoop-ozone/integration-test/target/test-dir/MiniOzoneClusterImpl-68882fc2-21fb-4ea4-940d-4f92d2da87ec/datanode-1/data-0/containers/hdds
2023-06-17 14:24:34,306 [main] INFO  volume.MutableVolumeSet (MutableVolumeSet.java:initializeVolumeSet(175)) - Added Volume : /home/runner/work/ozone/ozone/hadoop-ozone/integration-test/target/test-dir/MiniOzoneClusterImpl-68882fc2-21fb-4ea4-940d-4f92d2da87ec/datanode-1/data/ratis to VolumeSet
2023-06-17 14:24:34,307 [main] INFO  volume.ThrottledAsyncChecker (ThrottledAsyncChecker.java:schedule(141)) - Scheduling a check for /home/runner/work/ozone/ozone/hadoop-ozone/integration-test/target/test-dir/MiniOzoneClusterImpl-68882fc2-21fb-4ea4-940d-4f92d2da87ec/datanode-1/data/ratis
2023-06-17 14:24:34,307 [main] INFO  volume.StorageVolumeChecker (StorageVolumeChecker.java:checkAllVolumes(202)) - Scheduled health check for volume /home/runner/work/ozone/ozone/hadoop-ozone/integration-test/target/test-dir/MiniOzoneClusterImpl-68882fc2-21fb-4ea4-940d-4f92d2da87ec/datanode-1/data/ratis
2023-06-17 14:24:34,337 [om1@group-C5BA1605619E-LeaderElection1] INFO  segmented.SegmentedRaftLogWorker (SegmentedRaftLogWorker.java:startLogSegment(447)) - om1@group-C5BA1605619E-SegmentedRaftLogWorker: Starting segment from index:0
2023-06-17 14:24:34,369 [Thread-159] INFO  ozoneimpl.ContainerReader (ContainerReader.java:readVolume(175)) - Finish verifying containers on volume /home/runner/work/ozone/ozone/hadoop-ozone/integration-test/target/test-dir/MiniOzoneClusterImpl-68882fc2-21fb-4ea4-940d-4f92d2da87ec/datanode-1/data-0/containers/hdds
2023-06-17 14:24:34,370 [main] INFO  ozoneimpl.OzoneContainer (OzoneContainer.java:buildContainerSet(316)) - Build ContainerSet costs 0s
2023-06-17 14:24:34,381 [main] INFO  server.RaftServer (ConfUtils.java:logGet(46)) - raft.rpc.type = GRPC (default)
2023-06-17 14:24:34,382 [main] INFO  grpc.GrpcConfigKeys (ConfUtils.java:logFallback(53)) - raft.grpc.admin.host = null (fallback to raft.grpc.server.host)
2023-06-17 14:24:34,382 [main] INFO  grpc.GrpcConfigKeys (ConfUtils.java:logGet(46)) - raft.grpc.admin.port = 15022 (custom)
2023-06-17 14:24:34,382 [main] INFO  grpc.GrpcConfigKeys (ConfUtils.java:logFallback(53)) - raft.grpc.client.host = null (fallback to raft.grpc.server.host)
2023-06-17 14:24:34,382 [main] INFO  grpc.GrpcConfigKeys (ConfUtils.java:logGet(46)) - raft.grpc.client.port = 15021 (custom)
2023-06-17 14:24:34,382 [main] INFO  grpc.GrpcConfigKeys (ConfUtils.java:logGet(46)) - raft.grpc.server.host = null (default)
2023-06-17 14:24:34,382 [main] INFO  grpc.GrpcConfigKeys (ConfUtils.java:logGet(46)) - raft.grpc.server.port = 15023 (custom)
2023-06-17 14:24:34,383 [main] INFO  server.GrpcService (ConfUtils.java:logGet(46)) - raft.grpc.message.size.max = 32MB (=33554432) (custom)
2023-06-17 14:24:34,383 [main] INFO  server.RaftServerConfigKeys (ConfUtils.java:logGet(46)) - raft.server.log.appender.buffer.byte-limit = 33554432 (custom)
2023-06-17 14:24:34,383 [main] INFO  server.GrpcService (ConfUtils.java:logGet(46)) - raft.grpc.flow.control.window = 5MB (=5242880) (custom)
2023-06-17 14:24:34,383 [main] INFO  server.RaftServerConfigKeys (ConfUtils.java:logGet(46)) - raft.server.rpc.request.timeout = 60s (custom)
2023-06-17 14:24:34,383 [main] INFO  grpc.GrpcConfigKeys (ConfUtils.java:logGet(46)) - raft.grpc.server.heartbeat.channel = true (default)
2023-06-17 14:24:34,383 [main] INFO  grpc.GrpcConfigKeys (ConfUtils.java:logGet(46)) - raft.grpc.server.async.request.thread.pool.cached = true (default)
2023-06-17 14:24:34,384 [main] INFO  grpc.GrpcConfigKeys (ConfUtils.java:logGet(46)) - raft.grpc.server.async.request.thread.pool.size = 32 (default)
2023-06-17 14:24:34,393 [main] INFO  impl.DataStreamServerImpl (ConfUtils.java:logGet(46)) - raft.datastream.type = NETTY (custom)
2023-06-17 14:24:34,394 [main] INFO  server.RaftServerConfigKeys (ConfUtils.java:logGet(46)) - raft.server.data-stream.async.request.thread.pool.cached = false (default)
2023-06-17 14:24:34,394 [main] INFO  server.RaftServerConfigKeys (ConfUtils.java:logGet(46)) - raft.server.data-stream.async.request.thread.pool.size = 20 (custom)
2023-06-17 14:24:34,394 [main] INFO  server.RaftServerConfigKeys (ConfUtils.java:logGet(46)) - raft.server.data-stream.async.write.thread.pool.size = 16 (default)
2023-06-17 14:24:34,394 [main] INFO  server.RaftServerConfigKeys (ConfUtils.java:logGet(46)) - raft.server.data-stream.client.pool.size = 10 (default)
2023-06-17 14:24:34,395 [main] INFO  netty.NettyConfigKeys$DataStream (ConfUtils.java:logGet(46)) - raft.netty.dataStream.server.use-epoll = false (default)
2023-06-17 14:24:34,395 [main] INFO  netty.NettyConfigKeys$DataStream (ConfUtils.java:logGet(46)) - raft.netty.dataStream.server.boss-group.size = 0 (default)
2023-06-17 14:24:34,395 [main] INFO  netty.NettyConfigKeys$DataStream (ConfUtils.java:logGet(46)) - raft.netty.dataStream.server.worker-group.size = 0 (default)
2023-06-17 14:24:34,396 [main] INFO  netty.NettyConfigKeys$DataStream (ConfUtils.java:logGet(46)) - raft.netty.dataStream.server.tls.conf = null (default)
2023-06-17 14:24:34,396 [main] INFO  netty.NettyConfigKeys$DataStream (ConfUtils.java:logGet(46)) - raft.netty.dataStream.host = null (default)
2023-06-17 14:24:34,396 [main] INFO  netty.NettyConfigKeys$DataStream (ConfUtils.java:logGet(46)) - raft.netty.dataStream.port = 15024 (custom)
2023-06-17 14:24:34,402 [main] INFO  server.RaftServerConfigKeys (ConfUtils.java:logGet(46)) - raft.server.threadpool.proxy.cached = true (default)
2023-06-17 14:24:34,402 [main] INFO  server.RaftServerConfigKeys (ConfUtils.java:logGet(46)) - raft.server.threadpool.proxy.size = 0 (default)
2023-06-17 14:24:34,402 [main] INFO  server.RaftServerConfigKeys (ConfUtils.java:logGet(46)) - raft.server.rpc.slowness.timeout = 300s (custom)
2023-06-17 14:24:34,403 [main] INFO  server.RaftServerConfigKeys (ConfUtils.java:logGet(46)) - raft.server.leaderelection.leader.step-down.wait-time = 10s (default)
2023-06-17 14:24:34,403 [main] INFO  server.RaftServerConfigKeys (ConfUtils.java:logGet(46)) - raft.server.storage.dir = [/home/runner/work/ozone/ozone/hadoop-ozone/integration-test/target/test-dir/MiniOzoneClusterImpl-68882fc2-21fb-4ea4-940d-4f92d2da87ec/datanode-1/data/ratis] (custom)
2023-06-17 14:24:34,421 [main] INFO  server.XceiverServerGrpc (XceiverServerGrpc.java:<init>(132)) - GrpcServer channel type EpollServerSocketChannel
2023-06-17 14:24:34,427 [om1@group-C5BA1605619E-LeaderElection1] INFO  server.RaftServer$Division (ServerState.java:setRaftConf(434)) - om1@group-C5BA1605619E: set configuration 0: peers:[om1|rpc:localhost:15007|admin:|client:|dataStream:|priority:0|startupRole:FOLLOWER]|listeners:[], old=null
2023-06-17 14:24:34,422 [8624e205-2d39-4523-82ac-4c9e49e08d77-NettyServerStreamRpc-bossGroup--thread1] INFO  logging.LoggingHandler (AbstractInternalLogger.java:log(148)) - [id: 0xc58ba78b] REGISTERED
2023-06-17 14:24:34,428 [8624e205-2d39-4523-82ac-4c9e49e08d77-NettyServerStreamRpc-bossGroup--thread1] INFO  logging.LoggingHandler (AbstractInternalLogger.java:log(148)) - [id: 0xc58ba78b] BIND: 0.0.0.0/0.0.0.0:15024
2023-06-17 14:24:34,428 [8624e205-2d39-4523-82ac-4c9e49e08d77-NettyServerStreamRpc-bossGroup--thread1] INFO  logging.LoggingHandler (AbstractInternalLogger.java:log(148)) - [id: 0xc58ba78b, L:/0:0:0:0:0:0:0:0:15024] ACTIVE
2023-06-17 14:24:34,436 [main] INFO  replication.ReplicationSupervisor (ReplicationSupervisor.java:nodeStateUpdated(305)) - Node state updated to IN_SERVICE, scaling executor pool size to 10
2023-06-17 14:24:34,446 [main] INFO  http.BaseHttpServer (BaseHttpServer.java:newHttpServer2BuilderForOzone(224)) - Starting Web-server for hddsDatanode at: http://0.0.0.0:15018
2023-06-17 14:24:34,446 [main] INFO  http.BaseHttpServer (BaseHttpServer.java:<init>(111)) - Hadoop Security Enabled: false Ozone Security Enabled: false Ozone HTTP Security Enabled: false 
2023-06-17 14:24:34,448 [main] WARN  server.AuthenticationFilter (AuthenticationFilter.java:constructSecretProvider(240)) - Unable to initialize FileSignerSecretProvider, falling back to use random secrets. Reason: Could not read signature secret file: /home/runner/hadoop-http-auth-signature-secret
2023-06-17 14:24:34,449 [main] INFO  http.HttpRequestLog (HttpRequestLog.java:getRequestLog(86)) - Http request log for http.requests.hddsDatanode is not defined
2023-06-17 14:24:34,451 [main] INFO  http.HttpServer2 (HttpServer2.java:addGlobalFilter(1031)) - Added global filter 'safety' (class=org.apache.hadoop.hdds.server.http.HttpServer2$QuotingInputFilter)
2023-06-17 14:24:34,452 [main] INFO  http.HttpServer2 (HttpServer2.java:addFilter(1007)) - Added filter static_user_filter (class=org.apache.hadoop.http.lib.StaticUserWebFilter$StaticUserFilter) to context hddsDatanode
2023-06-17 14:24:34,452 [main] INFO  http.HttpServer2 (HttpServer2.java:addFilter(1015)) - Added filter static_user_filter (class=org.apache.hadoop.http.lib.StaticUserWebFilter$StaticUserFilter) to context logs
2023-06-17 14:24:34,452 [main] INFO  http.HttpServer2 (HttpServer2.java:addFilter(1015)) - Added filter static_user_filter (class=org.apache.hadoop.http.lib.StaticUserWebFilter$StaticUserFilter) to context static
2023-06-17 14:24:34,453 [main] INFO  http.BaseHttpServer (BaseHttpServer.java:<init>(190)) - HTTP server of hddsDatanode uses base directory /home/runner/work/ozone/ozone/hadoop-ozone/integration-test/target/test-dir/MiniOzoneClusterImpl-68882fc2-21fb-4ea4-940d-4f92d2da87ec/datanode-1/meta/webserver
2023-06-17 14:24:34,453 [main] INFO  http.HttpServer2 (HttpServer2.java:bindListener(1250)) - Jetty bound to port 15018
2023-06-17 14:24:34,453 [main] INFO  server.Server (Server.java:doStart(375)) - jetty-9.4.51.v20230217; built: 2023-02-17T08:19:37.309Z; git: b45c405e4544384de066f814ed42ae3dceacdd49; jvm 1.8.0_372-b07
2023-06-17 14:24:34,477 [main] INFO  server.session (DefaultSessionIdManager.java:doStart(334)) - DefaultSessionIdManager workerName=node0
2023-06-17 14:24:34,477 [main] INFO  server.session (DefaultSessionIdManager.java:doStart(339)) - No SessionScavenger set, using defaults
2023-06-17 14:24:34,477 [main] INFO  server.session (HouseKeeper.java:startScavenging(132)) - node0 Scavenging every 600000ms
2023-06-17 14:24:34,478 [main] INFO  handler.ContextHandler (ContextHandler.java:doStart(921)) - Started o.e.j.s.ServletContextHandler@7b165203{logs,/logs,file:///home/runner/work/ozone/ozone/hadoop-ozone/integration-test/target/log,AVAILABLE}
2023-06-17 14:24:34,479 [main] INFO  handler.ContextHandler (ContextHandler.java:doStart(921)) - Started o.e.j.s.ServletContextHandler@1b4d1b22{static,/static,jar:file:/home/runner/.m2/repository/org/apache/ozone/hdds-container-service/1.4.0-SNAPSHOT/hdds-container-service-1.4.0-SNAPSHOT.jar!/webapps/static,AVAILABLE}
2023-06-17 14:24:34,491 [Datanode State Machine Task Thread - 0] INFO  datanode.InitDatanodeState (InitDatanodeState.java:persistContainerDatanodeDetails(138)) - DatanodeDetails is persisted to /home/runner/work/ozone/ozone/hadoop-ozone/integration-test/target/test-dir/MiniOzoneClusterImpl-68882fc2-21fb-4ea4-940d-4f92d2da87ec/datanode-0/meta/datanode.id
2023-06-17 14:24:34,524 [om1@group-C5BA1605619E-SegmentedRaftLogWorker] INFO  segmented.SegmentedRaftLogWorker (SegmentedRaftLogWorker.java:execute(651)) - om1@group-C5BA1605619E-SegmentedRaftLogWorker: created new log segment /home/runner/work/ozone/ozone/hadoop-ozone/integration-test/target/test-dir/MiniOzoneClusterImpl-68882fc2-21fb-4ea4-940d-4f92d2da87ec/ozone-meta/ratis/bf265839-605b-3f16-9796-c5ba1605619e/current/log_inprogress_0
2023-06-17 14:24:34,625 [om1@group-C5BA1605619E-StateMachineUpdater] INFO  ratis.OzoneManagerStateMachine (OzoneManagerStateMachine.java:notifyConfigurationChanged(201)) - Received Configuration change notification from Ratis. New Peer list:
[id: "om1"
address: "localhost:15007"
startupRole: FOLLOWER
]
2023-06-17 14:24:34,705 [main] INFO  handler.ContextHandler (ContextHandler.java:doStart(921)) - Started o.e.j.w.WebAppContext@2ad6820d{hddsDatanode,/,file:///home/runner/work/ozone/ozone/hadoop-ozone/integration-test/target/test-dir/MiniOzoneClusterImpl-68882fc2-21fb-4ea4-940d-4f92d2da87ec/datanode-1/meta/webserver/jetty-0_0_0_0-15018-hdds-container-service-1_4_0-SNAPSHOT_jar-_-any-8271872269649336648/webapp/,AVAILABLE}{jar:file:/home/runner/.m2/repository/org/apache/ozone/hdds-container-service/1.4.0-SNAPSHOT/hdds-container-service-1.4.0-SNAPSHOT.jar!/webapps/hddsDatanode}
2023-06-17 14:24:34,707 [main] INFO  server.AbstractConnector (AbstractConnector.java:doStart(333)) - Started ServerConnector@6356da2e{HTTP/1.1, (http/1.1)}{0.0.0.0:15018}
2023-06-17 14:24:34,707 [main] INFO  server.Server (Server.java:doStart(415)) - Started @10068ms
2023-06-17 14:24:34,707 [main] WARN  impl.MetricsSystemImpl (MetricsSystemImpl.java:register(279)) - Sink prometheus already exists!
2023-06-17 14:24:34,708 [main] INFO  http.BaseHttpServer (BaseHttpServer.java:updateConnectorAddress(344)) - HTTP server of hddsDatanode listening at http://0.0.0.0:15018
2023-06-17 14:24:34,708 [main] INFO  ipc.CallQueueManager (CallQueueManager.java:<init>(90)) - Using callQueue: class java.util.concurrent.LinkedBlockingQueue, queueCapacity: 100, scheduler: class org.apache.hadoop.ipc.DefaultRpcScheduler, ipcBackoff: false.
2023-06-17 14:24:34,709 [Socket Reader #1 for port 15019] INFO  ipc.Server (Server.java:run(1319)) - Starting Socket Reader #1 for port 15019
2023-06-17 14:24:34,717 [Listener at 0.0.0.0/15019] INFO  hdds.HddsUtils (HddsUtils.java:preserveThreadName(848)) - Restoring thread name: main
2023-06-17 14:24:34,718 [main] INFO  ozone.HddsDatanodeService (HddsDatanodeService.java:start(344)) - Datanode start with admins: [runner]
2023-06-17 14:24:34,718 [main] INFO  ozone.HddsDatanodeClientProtocolServer (HddsDatanodeClientProtocolServer.java:start(72)) - RPC server for Client /0.0.0.0:15019
2023-06-17 14:24:34,718 [IPC Server Responder] INFO  ipc.Server (Server.java:run(1558)) - IPC Server Responder: starting
2023-06-17 14:24:34,722 [IPC Server listener on 15019] INFO  ipc.Server (Server.java:run(1398)) - IPC Server listener on 15019: starting
2023-06-17 14:24:34,722 [Datanode State Machine Daemon Thread] INFO  statemachine.DatanodeStateMachine (DatanodeStateMachine.java:lambda$startDaemon$0(531)) - Ozone container server started.
2023-06-17 14:24:34,722 [main] WARN  impl.MetricRegistriesImpl (MetricRegistriesImpl.java:addReporterRegistration(111)) - New reporters are added after registries were created. Some metrics will be missing from the reporter. Please add reporter before adding any new registry.
2023-06-17 14:24:34,723 [main] WARN  impl.MetricRegistriesImpl (MetricRegistriesImpl.java:addReporterRegistration(111)) - New reporters are added after registries were created. Some metrics will be missing from the reporter. Please add reporter before adding any new registry.
2023-06-17 14:24:34,723 [main] INFO  impl.MetricsSystemImpl (MetricsSystemImpl.java:init(158)) - HddsDatanode metrics system started (again)
2023-06-17 14:24:34,741 [Datanode State Machine Task Thread - 0] INFO  datanode.InitDatanodeState (InitDatanodeState.java:persistContainerDatanodeDetails(138)) - DatanodeDetails is persisted to /home/runner/work/ozone/ozone/hadoop-ozone/integration-test/target/test-dir/MiniOzoneClusterImpl-68882fc2-21fb-4ea4-940d-4f92d2da87ec/datanode-1/meta/datanode.id
2023-06-17 14:24:34,754 [main] INFO  ozone.HddsDatanodeService (HddsDatanodeService.java:start(262)) - HddsDatanodeService host:fv-az1035-386.p4kjid14prhuxkk4m0x4prg4bg.cx.internal.cloudapp.net ip:10.1.0.30
2023-06-17 14:24:34,778 [main] INFO  upgrade.AbstractLayoutVersionManager (AbstractLayoutVersionManager.java:init(83)) - Initializing Layout version manager with metadata layout = HADOOP_PRC_PORTS_IN_DATANODEDETAILS (version = 7), software layout = HADOOP_PRC_PORTS_IN_DATANODEDETAILS (version = 7)
2023-06-17 14:24:34,783 [main] INFO  statemachine.DatanodeStateMachine (DatanodeStateMachine.java:getEndPointTaskThreadPoolSize(279)) - Datanode State Machine Task Thread Pool size 2
2023-06-17 14:24:34,790 [main] INFO  volume.HddsVolume (HddsVolume.java:<init>(130)) - Creating HddsVolume: /home/runner/work/ozone/ozone/hadoop-ozone/integration-test/target/test-dir/MiniOzoneClusterImpl-68882fc2-21fb-4ea4-940d-4f92d2da87ec/datanode-2/data-0/containers/hdds of storage type : DISK capacity : 9223372036854775807
2023-06-17 14:24:34,791 [main] INFO  volume.MutableVolumeSet (MutableVolumeSet.java:initializeVolumeSet(175)) - Added Volume : /home/runner/work/ozone/ozone/hadoop-ozone/integration-test/target/test-dir/MiniOzoneClusterImpl-68882fc2-21fb-4ea4-940d-4f92d2da87ec/datanode-2/data-0/containers/hdds to VolumeSet
2023-06-17 14:24:34,791 [main] INFO  volume.ThrottledAsyncChecker (ThrottledAsyncChecker.java:schedule(141)) - Scheduling a check for /home/runner/work/ozone/ozone/hadoop-ozone/integration-test/target/test-dir/MiniOzoneClusterImpl-68882fc2-21fb-4ea4-940d-4f92d2da87ec/datanode-2/data-0/containers/hdds
2023-06-17 14:24:34,792 [main] INFO  volume.StorageVolumeChecker (StorageVolumeChecker.java:checkAllVolumes(202)) - Scheduled health check for volume /home/runner/work/ozone/ozone/hadoop-ozone/integration-test/target/test-dir/MiniOzoneClusterImpl-68882fc2-21fb-4ea4-940d-4f92d2da87ec/datanode-2/data-0/containers/hdds
2023-06-17 14:24:34,805 [main] INFO  volume.MutableVolumeSet (MutableVolumeSet.java:initializeVolumeSet(175)) - Added Volume : /home/runner/work/ozone/ozone/hadoop-ozone/integration-test/target/test-dir/MiniOzoneClusterImpl-68882fc2-21fb-4ea4-940d-4f92d2da87ec/datanode-2/data/ratis to VolumeSet
2023-06-17 14:24:34,805 [main] INFO  volume.ThrottledAsyncChecker (ThrottledAsyncChecker.java:schedule(141)) - Scheduling a check for /home/runner/work/ozone/ozone/hadoop-ozone/integration-test/target/test-dir/MiniOzoneClusterImpl-68882fc2-21fb-4ea4-940d-4f92d2da87ec/datanode-2/data/ratis
2023-06-17 14:24:34,806 [main] INFO  volume.StorageVolumeChecker (StorageVolumeChecker.java:checkAllVolumes(202)) - Scheduled health check for volume /home/runner/work/ozone/ozone/hadoop-ozone/integration-test/target/test-dir/MiniOzoneClusterImpl-68882fc2-21fb-4ea4-940d-4f92d2da87ec/datanode-2/data/ratis
2023-06-17 14:24:34,819 [Thread-176] INFO  ozoneimpl.ContainerReader (ContainerReader.java:readVolume(175)) - Finish verifying containers on volume /home/runner/work/ozone/ozone/hadoop-ozone/integration-test/target/test-dir/MiniOzoneClusterImpl-68882fc2-21fb-4ea4-940d-4f92d2da87ec/datanode-2/data-0/containers/hdds
2023-06-17 14:24:34,819 [main] INFO  ozoneimpl.OzoneContainer (OzoneContainer.java:buildContainerSet(316)) - Build ContainerSet costs 0s
2023-06-17 14:24:34,823 [main] INFO  server.RaftServer (ConfUtils.java:logGet(46)) - raft.rpc.type = GRPC (default)
2023-06-17 14:24:34,823 [main] INFO  grpc.GrpcConfigKeys (ConfUtils.java:logFallback(53)) - raft.grpc.admin.host = null (fallback to raft.grpc.server.host)
2023-06-17 14:24:34,823 [main] INFO  grpc.GrpcConfigKeys (ConfUtils.java:logGet(46)) - raft.grpc.admin.port = 15031 (custom)
2023-06-17 14:24:34,824 [main] INFO  grpc.GrpcConfigKeys (ConfUtils.java:logFallback(53)) - raft.grpc.client.host = null (fallback to raft.grpc.server.host)
2023-06-17 14:24:34,824 [main] INFO  grpc.GrpcConfigKeys (ConfUtils.java:logGet(46)) - raft.grpc.client.port = 15030 (custom)
2023-06-17 14:24:34,824 [main] INFO  grpc.GrpcConfigKeys (ConfUtils.java:logGet(46)) - raft.grpc.server.host = null (default)
2023-06-17 14:24:34,824 [main] INFO  grpc.GrpcConfigKeys (ConfUtils.java:logGet(46)) - raft.grpc.server.port = 15032 (custom)
2023-06-17 14:24:34,824 [main] INFO  server.GrpcService (ConfUtils.java:logGet(46)) - raft.grpc.message.size.max = 32MB (=33554432) (custom)
2023-06-17 14:24:34,824 [main] INFO  server.RaftServerConfigKeys (ConfUtils.java:logGet(46)) - raft.server.log.appender.buffer.byte-limit = 33554432 (custom)
2023-06-17 14:24:34,824 [main] INFO  server.GrpcService (ConfUtils.java:logGet(46)) - raft.grpc.flow.control.window = 5MB (=5242880) (custom)
2023-06-17 14:24:34,825 [main] INFO  server.RaftServerConfigKeys (ConfUtils.java:logGet(46)) - raft.server.rpc.request.timeout = 60s (custom)
2023-06-17 14:24:34,825 [main] INFO  grpc.GrpcConfigKeys (ConfUtils.java:logGet(46)) - raft.grpc.server.heartbeat.channel = true (default)
2023-06-17 14:24:34,825 [main] INFO  grpc.GrpcConfigKeys (ConfUtils.java:logGet(46)) - raft.grpc.server.async.request.thread.pool.cached = true (default)
2023-06-17 14:24:34,825 [main] INFO  grpc.GrpcConfigKeys (ConfUtils.java:logGet(46)) - raft.grpc.server.async.request.thread.pool.size = 32 (default)
2023-06-17 14:24:34,828 [main] INFO  impl.DataStreamServerImpl (ConfUtils.java:logGet(46)) - raft.datastream.type = NETTY (custom)
2023-06-17 14:24:34,828 [main] INFO  server.RaftServerConfigKeys (ConfUtils.java:logGet(46)) - raft.server.data-stream.async.request.thread.pool.cached = false (default)
2023-06-17 14:24:34,828 [main] INFO  server.RaftServerConfigKeys (ConfUtils.java:logGet(46)) - raft.server.data-stream.async.request.thread.pool.size = 20 (custom)
2023-06-17 14:24:34,829 [main] INFO  server.RaftServerConfigKeys (ConfUtils.java:logGet(46)) - raft.server.data-stream.async.write.thread.pool.size = 16 (default)
2023-06-17 14:24:34,829 [main] INFO  server.RaftServerConfigKeys (ConfUtils.java:logGet(46)) - raft.server.data-stream.client.pool.size = 10 (default)
2023-06-17 14:24:34,829 [main] INFO  netty.NettyConfigKeys$DataStream (ConfUtils.java:logGet(46)) - raft.netty.dataStream.server.use-epoll = false (default)
2023-06-17 14:24:34,829 [main] INFO  netty.NettyConfigKeys$DataStream (ConfUtils.java:logGet(46)) - raft.netty.dataStream.server.boss-group.size = 0 (default)
2023-06-17 14:24:34,830 [main] INFO  netty.NettyConfigKeys$DataStream (ConfUtils.java:logGet(46)) - raft.netty.dataStream.server.worker-group.size = 0 (default)
2023-06-17 14:24:34,830 [main] INFO  netty.NettyConfigKeys$DataStream (ConfUtils.java:logGet(46)) - raft.netty.dataStream.server.tls.conf = null (default)
2023-06-17 14:24:34,830 [main] INFO  netty.NettyConfigKeys$DataStream (ConfUtils.java:logGet(46)) - raft.netty.dataStream.host = null (default)
2023-06-17 14:24:34,830 [main] INFO  netty.NettyConfigKeys$DataStream (ConfUtils.java:logGet(46)) - raft.netty.dataStream.port = 15033 (custom)
2023-06-17 14:24:34,831 [main] INFO  server.RaftServerConfigKeys (ConfUtils.java:logGet(46)) - raft.server.threadpool.proxy.cached = true (default)
2023-06-17 14:24:34,831 [main] INFO  server.RaftServerConfigKeys (ConfUtils.java:logGet(46)) - raft.server.threadpool.proxy.size = 0 (default)
2023-06-17 14:24:34,831 [main] INFO  server.RaftServerConfigKeys (ConfUtils.java:logGet(46)) - raft.server.rpc.slowness.timeout = 300s (custom)
2023-06-17 14:24:34,831 [main] INFO  server.RaftServerConfigKeys (ConfUtils.java:logGet(46)) - raft.server.leaderelection.leader.step-down.wait-time = 10s (default)
2023-06-17 14:24:34,832 [main] INFO  server.RaftServerConfigKeys (ConfUtils.java:logGet(46)) - raft.server.storage.dir = [/home/runner/work/ozone/ozone/hadoop-ozone/integration-test/target/test-dir/MiniOzoneClusterImpl-68882fc2-21fb-4ea4-940d-4f92d2da87ec/datanode-2/data/ratis] (custom)
2023-06-17 14:24:34,835 [50e7a123-fb10-4f6b-bd10-2c6e895f4416-NettyServerStreamRpc-bossGroup--thread1] INFO  logging.LoggingHandler (AbstractInternalLogger.java:log(148)) - [id: 0x14640dd0] REGISTERED
2023-06-17 14:24:34,835 [50e7a123-fb10-4f6b-bd10-2c6e895f4416-NettyServerStreamRpc-bossGroup--thread1] INFO  logging.LoggingHandler (AbstractInternalLogger.java:log(148)) - [id: 0x14640dd0] BIND: 0.0.0.0/0.0.0.0:15033
2023-06-17 14:24:34,835 [50e7a123-fb10-4f6b-bd10-2c6e895f4416-NettyServerStreamRpc-bossGroup--thread1] INFO  logging.LoggingHandler (AbstractInternalLogger.java:log(148)) - [id: 0x14640dd0, L:/0:0:0:0:0:0:0:0:15033] ACTIVE
2023-06-17 14:24:34,840 [main] INFO  server.XceiverServerGrpc (XceiverServerGrpc.java:<init>(132)) - GrpcServer channel type EpollServerSocketChannel
2023-06-17 14:24:34,842 [main] INFO  replication.ReplicationSupervisor (ReplicationSupervisor.java:nodeStateUpdated(305)) - Node state updated to IN_SERVICE, scaling executor pool size to 10
2023-06-17 14:24:34,849 [main] INFO  http.BaseHttpServer (BaseHttpServer.java:newHttpServer2BuilderForOzone(224)) - Starting Web-server for hddsDatanode at: http://0.0.0.0:15027
2023-06-17 14:24:34,849 [main] INFO  http.BaseHttpServer (BaseHttpServer.java:<init>(111)) - Hadoop Security Enabled: false Ozone Security Enabled: false Ozone HTTP Security Enabled: false 
2023-06-17 14:24:34,851 [main] WARN  server.AuthenticationFilter (AuthenticationFilter.java:constructSecretProvider(240)) - Unable to initialize FileSignerSecretProvider, falling back to use random secrets. Reason: Could not read signature secret file: /home/runner/hadoop-http-auth-signature-secret
2023-06-17 14:24:34,852 [main] INFO  http.HttpRequestLog (HttpRequestLog.java:getRequestLog(86)) - Http request log for http.requests.hddsDatanode is not defined
2023-06-17 14:24:34,853 [main] INFO  http.HttpServer2 (HttpServer2.java:addGlobalFilter(1031)) - Added global filter 'safety' (class=org.apache.hadoop.hdds.server.http.HttpServer2$QuotingInputFilter)
2023-06-17 14:24:34,854 [main] INFO  http.HttpServer2 (HttpServer2.java:addFilter(1007)) - Added filter static_user_filter (class=org.apache.hadoop.http.lib.StaticUserWebFilter$StaticUserFilter) to context hddsDatanode
2023-06-17 14:24:34,855 [main] INFO  http.HttpServer2 (HttpServer2.java:addFilter(1015)) - Added filter static_user_filter (class=org.apache.hadoop.http.lib.StaticUserWebFilter$StaticUserFilter) to context logs
2023-06-17 14:24:34,855 [main] INFO  http.HttpServer2 (HttpServer2.java:addFilter(1015)) - Added filter static_user_filter (class=org.apache.hadoop.http.lib.StaticUserWebFilter$StaticUserFilter) to context static
2023-06-17 14:24:34,855 [main] INFO  http.BaseHttpServer (BaseHttpServer.java:<init>(190)) - HTTP server of hddsDatanode uses base directory /home/runner/work/ozone/ozone/hadoop-ozone/integration-test/target/test-dir/MiniOzoneClusterImpl-68882fc2-21fb-4ea4-940d-4f92d2da87ec/datanode-2/meta/webserver
2023-06-17 14:24:34,856 [main] INFO  http.HttpServer2 (HttpServer2.java:bindListener(1250)) - Jetty bound to port 15027
2023-06-17 14:24:34,856 [main] INFO  server.Server (Server.java:doStart(375)) - jetty-9.4.51.v20230217; built: 2023-02-17T08:19:37.309Z; git: b45c405e4544384de066f814ed42ae3dceacdd49; jvm 1.8.0_372-b07
2023-06-17 14:24:34,858 [main] INFO  server.session (DefaultSessionIdManager.java:doStart(334)) - DefaultSessionIdManager workerName=node0
2023-06-17 14:24:34,858 [main] INFO  server.session (DefaultSessionIdManager.java:doStart(339)) - No SessionScavenger set, using defaults
2023-06-17 14:24:34,858 [main] INFO  server.session (HouseKeeper.java:startScavenging(132)) - node0 Scavenging every 660000ms
2023-06-17 14:24:34,859 [main] INFO  handler.ContextHandler (ContextHandler.java:doStart(921)) - Started o.e.j.s.ServletContextHandler@5aadd895{logs,/logs,file:///home/runner/work/ozone/ozone/hadoop-ozone/integration-test/target/log,AVAILABLE}
2023-06-17 14:24:34,860 [main] INFO  handler.ContextHandler (ContextHandler.java:doStart(921)) - Started o.e.j.s.ServletContextHandler@69f320de{static,/static,jar:file:/home/runner/.m2/repository/org/apache/ozone/hdds-container-service/1.4.0-SNAPSHOT/hdds-container-service-1.4.0-SNAPSHOT.jar!/webapps/static,AVAILABLE}
2023-06-17 14:24:35,069 [main] INFO  handler.ContextHandler (ContextHandler.java:doStart(921)) - Started o.e.j.w.WebAppContext@1b3d68b6{hddsDatanode,/,file:///home/runner/work/ozone/ozone/hadoop-ozone/integration-test/target/test-dir/MiniOzoneClusterImpl-68882fc2-21fb-4ea4-940d-4f92d2da87ec/datanode-2/meta/webserver/jetty-0_0_0_0-15027-hdds-container-service-1_4_0-SNAPSHOT_jar-_-any-5081576905898956032/webapp/,AVAILABLE}{jar:file:/home/runner/.m2/repository/org/apache/ozone/hdds-container-service/1.4.0-SNAPSHOT/hdds-container-service-1.4.0-SNAPSHOT.jar!/webapps/hddsDatanode}
2023-06-17 14:24:35,071 [main] INFO  server.AbstractConnector (AbstractConnector.java:doStart(333)) - Started ServerConnector@707d735{HTTP/1.1, (http/1.1)}{0.0.0.0:15027}
2023-06-17 14:24:35,071 [main] INFO  server.Server (Server.java:doStart(415)) - Started @10433ms
2023-06-17 14:24:35,071 [main] WARN  impl.MetricsSystemImpl (MetricsSystemImpl.java:register(279)) - Sink prometheus already exists!
2023-06-17 14:24:35,072 [main] INFO  http.BaseHttpServer (BaseHttpServer.java:updateConnectorAddress(344)) - HTTP server of hddsDatanode listening at http://0.0.0.0:15027
2023-06-17 14:24:35,073 [main] INFO  ipc.CallQueueManager (CallQueueManager.java:<init>(90)) - Using callQueue: class java.util.concurrent.LinkedBlockingQueue, queueCapacity: 100, scheduler: class org.apache.hadoop.ipc.DefaultRpcScheduler, ipcBackoff: false.
2023-06-17 14:24:35,073 [Socket Reader #1 for port 15028] INFO  ipc.Server (Server.java:run(1319)) - Starting Socket Reader #1 for port 15028
2023-06-17 14:24:35,078 [Listener at 0.0.0.0/15028] INFO  hdds.HddsUtils (HddsUtils.java:preserveThreadName(848)) - Restoring thread name: main
2023-06-17 14:24:35,078 [main] INFO  ozone.HddsDatanodeService (HddsDatanodeService.java:start(344)) - Datanode start with admins: [runner]
2023-06-17 14:24:35,078 [main] INFO  ozone.HddsDatanodeClientProtocolServer (HddsDatanodeClientProtocolServer.java:start(72)) - RPC server for Client /0.0.0.0:15028
2023-06-17 14:24:35,079 [IPC Server Responder] INFO  ipc.Server (Server.java:run(1558)) - IPC Server Responder: starting
2023-06-17 14:24:35,080 [IPC Server listener on 15028] INFO  ipc.Server (Server.java:run(1398)) - IPC Server listener on 15028: starting
2023-06-17 14:24:35,080 [Datanode State Machine Daemon Thread] INFO  statemachine.DatanodeStateMachine (DatanodeStateMachine.java:lambda$startDaemon$0(531)) - Ozone container server started.
2023-06-17 14:24:35,087 [main] INFO  ozone.MiniOzoneClusterImpl (MiniOzoneClusterImpl.java:lambda$waitForClusterToBeReady$0(224)) - Waiting for nodes to be ready. Got 0 of 3 DN Heartbeats.
2023-06-17 14:24:35,087 [main] INFO  ozone.MiniOzoneClusterImpl (MiniOzoneClusterImpl.java:lambda$waitForClusterToBeReady$0(227)) - Waiting for cluster to exit safe mode
2023-06-17 14:24:35,087 [main] INFO  ozone.MiniOzoneClusterImpl (MiniOzoneClusterImpl.java:lambda$waitForClusterToBeReady$0(229)) - SCM became leader
2023-06-17 14:24:35,092 [Datanode State Machine Task Thread - 0] INFO  datanode.InitDatanodeState (InitDatanodeState.java:persistContainerDatanodeDetails(138)) - DatanodeDetails is persisted to /home/runner/work/ozone/ozone/hadoop-ozone/integration-test/target/test-dir/MiniOzoneClusterImpl-68882fc2-21fb-4ea4-940d-4f92d2da87ec/datanode-2/meta/datanode.id
2023-06-17 14:24:36,088 [main] INFO  ozone.MiniOzoneClusterImpl (MiniOzoneClusterImpl.java:lambda$waitForClusterToBeReady$0(224)) - Waiting for nodes to be ready. Got 0 of 3 DN Heartbeats.
2023-06-17 14:24:36,088 [main] INFO  ozone.MiniOzoneClusterImpl (MiniOzoneClusterImpl.java:lambda$waitForClusterToBeReady$0(227)) - Waiting for cluster to exit safe mode
2023-06-17 14:24:36,088 [main] INFO  ozone.MiniOzoneClusterImpl (MiniOzoneClusterImpl.java:lambda$waitForClusterToBeReady$0(229)) - SCM became leader
2023-06-17 14:24:36,331 [EndpointStateMachine task thread for /0.0.0.0:15002 - 0 ] INFO  utils.DatanodeStoreCache (DatanodeStoreCache.java:addDB(66)) - Added db /home/runner/work/ozone/ozone/hadoop-ozone/integration-test/target/test-dir/MiniOzoneClusterImpl-68882fc2-21fb-4ea4-940d-4f92d2da87ec/datanode-0/data-0/containers/hdds/68882fc2-21fb-4ea4-940d-4f92d2da87ec/DS-8a5bea49-045d-4f9a-8ece-67df7551cc09/container.db to cache
2023-06-17 14:24:36,332 [EndpointStateMachine task thread for /0.0.0.0:15002 - 0 ] INFO  volume.HddsVolume (HddsVolume.java:createDbStore(350)) - SchemaV3 db is created and loaded at /home/runner/work/ozone/ozone/hadoop-ozone/integration-test/target/test-dir/MiniOzoneClusterImpl-68882fc2-21fb-4ea4-940d-4f92d2da87ec/datanode-0/data-0/containers/hdds/68882fc2-21fb-4ea4-940d-4f92d2da87ec/DS-8a5bea49-045d-4f9a-8ece-67df7551cc09/container.db for volume DS-8a5bea49-045d-4f9a-8ece-67df7551cc09
2023-06-17 14:24:36,335 [EndpointStateMachine task thread for /0.0.0.0:15002 - 0 ] INFO  ozoneimpl.OzoneContainer (OzoneContainer.java:start(411)) - Attempting to start container services.
2023-06-17 14:24:36,338 [EndpointStateMachine task thread for /0.0.0.0:15002 - 0 ] INFO  ozoneimpl.OzoneContainer (OzoneContainer.java:startContainerScrub(327)) - Scheduled background container scanners and the on-demand container scanner have been disabled.
2023-06-17 14:24:36,340 [EndpointStateMachine task thread for /0.0.0.0:15002 - 0 ] INFO  replication.ReplicationServer (ReplicationServer.java:start(128)) - ReplicationServer is started using port 15016
2023-06-17 14:24:36,340 [EndpointStateMachine task thread for /0.0.0.0:15002 - 0 ] INFO  ratis.XceiverServerRatis (XceiverServerRatis.java:start(517)) - Starting XceiverServerRatis 9b904d97-ba57-4d1c-b750-04e93ad7e320
2023-06-17 14:24:36,346 [EndpointStateMachine task thread for /0.0.0.0:15002 - 0 ] INFO  server.RaftServer (RaftServerProxy.java:startImpl(400)) - 9b904d97-ba57-4d1c-b750-04e93ad7e320: start RPC server
2023-06-17 14:24:36,349 [EndpointStateMachine task thread for /0.0.0.0:15002 - 0 ] INFO  server.GrpcService (GrpcService.java:startImpl(302)) - 9b904d97-ba57-4d1c-b750-04e93ad7e320: GrpcService started, listening on 15012
2023-06-17 14:24:36,351 [EndpointStateMachine task thread for /0.0.0.0:15002 - 0 ] INFO  server.GrpcService (GrpcService.java:startImpl(302)) - 9b904d97-ba57-4d1c-b750-04e93ad7e320: GrpcService started, listening on 15014
2023-06-17 14:24:36,352 [EndpointStateMachine task thread for /0.0.0.0:15002 - 0 ] INFO  server.GrpcService (GrpcService.java:startImpl(302)) - 9b904d97-ba57-4d1c-b750-04e93ad7e320: GrpcService started, listening on 15013
2023-06-17 14:24:36,357 [EndpointStateMachine task thread for /0.0.0.0:15002 - 0 ] INFO  ratis.XceiverServerRatis (XceiverServerRatis.java:getRealPort(543)) - XceiverServerRatis 9b904d97-ba57-4d1c-b750-04e93ad7e320 is started using port 15012 for RATIS
2023-06-17 14:24:36,357 [EndpointStateMachine task thread for /0.0.0.0:15002 - 0 ] INFO  ratis.XceiverServerRatis (XceiverServerRatis.java:getRealPort(543)) - XceiverServerRatis 9b904d97-ba57-4d1c-b750-04e93ad7e320 is started using port 15013 for RATIS_ADMIN
2023-06-17 14:24:36,357 [EndpointStateMachine task thread for /0.0.0.0:15002 - 0 ] INFO  ratis.XceiverServerRatis (XceiverServerRatis.java:getRealPort(543)) - XceiverServerRatis 9b904d97-ba57-4d1c-b750-04e93ad7e320 is started using port 15014 for RATIS_SERVER
2023-06-17 14:24:36,358 [EndpointStateMachine task thread for /0.0.0.0:15002 - 0 ] INFO  ratis.XceiverServerRatis (XceiverServerRatis.java:getRealPort(543)) - XceiverServerRatis 9b904d97-ba57-4d1c-b750-04e93ad7e320 is started using port 15015 for RATIS_DATASTREAM
2023-06-17 14:24:36,358 [JvmPauseMonitor2] INFO  util.JvmPauseMonitor (JvmPauseMonitor.java:run(103)) - JvmPauseMonitor-9b904d97-ba57-4d1c-b750-04e93ad7e320: Started
2023-06-17 14:24:36,379 [BlockDeletingService#0] INFO  interfaces.ContainerDeletionChoosingPolicyTemplate (ContainerDeletionChoosingPolicyTemplate.java:chooseContainerForBlockDeletion(83)) - Chosen 0/5000 blocks from 0 candidate containers.
2023-06-17 14:24:36,766 [EndpointStateMachine task thread for /0.0.0.0:15002 - 0 ] INFO  utils.DatanodeStoreCache (DatanodeStoreCache.java:addDB(66)) - Added db /home/runner/work/ozone/ozone/hadoop-ozone/integration-test/target/test-dir/MiniOzoneClusterImpl-68882fc2-21fb-4ea4-940d-4f92d2da87ec/datanode-1/data-0/containers/hdds/68882fc2-21fb-4ea4-940d-4f92d2da87ec/DS-f0892971-f7ca-4008-96eb-f01a08725006/container.db to cache
2023-06-17 14:24:36,767 [EndpointStateMachine task thread for /0.0.0.0:15002 - 0 ] INFO  volume.HddsVolume (HddsVolume.java:createDbStore(350)) - SchemaV3 db is created and loaded at /home/runner/work/ozone/ozone/hadoop-ozone/integration-test/target/test-dir/MiniOzoneClusterImpl-68882fc2-21fb-4ea4-940d-4f92d2da87ec/datanode-1/data-0/containers/hdds/68882fc2-21fb-4ea4-940d-4f92d2da87ec/DS-f0892971-f7ca-4008-96eb-f01a08725006/container.db for volume DS-f0892971-f7ca-4008-96eb-f01a08725006
2023-06-17 14:24:36,768 [EndpointStateMachine task thread for /0.0.0.0:15002 - 0 ] INFO  ozoneimpl.OzoneContainer (OzoneContainer.java:start(411)) - Attempting to start container services.
2023-06-17 14:24:36,768 [EndpointStateMachine task thread for /0.0.0.0:15002 - 0 ] INFO  ozoneimpl.OzoneContainer (OzoneContainer.java:startContainerScrub(327)) - Scheduled background container scanners and the on-demand container scanner have been disabled.
2023-06-17 14:24:36,770 [EndpointStateMachine task thread for /0.0.0.0:15002 - 0 ] INFO  replication.ReplicationServer (ReplicationServer.java:start(128)) - ReplicationServer is started using port 15025
2023-06-17 14:24:36,771 [EndpointStateMachine task thread for /0.0.0.0:15002 - 0 ] INFO  ratis.XceiverServerRatis (XceiverServerRatis.java:start(517)) - Starting XceiverServerRatis 8624e205-2d39-4523-82ac-4c9e49e08d77
2023-06-17 14:24:36,774 [EndpointStateMachine task thread for /0.0.0.0:15002 - 0 ] INFO  server.RaftServer (RaftServerProxy.java:startImpl(400)) - 8624e205-2d39-4523-82ac-4c9e49e08d77: start RPC server
2023-06-17 14:24:36,779 [EndpointStateMachine task thread for /0.0.0.0:15002 - 0 ] INFO  server.GrpcService (GrpcService.java:startImpl(302)) - 8624e205-2d39-4523-82ac-4c9e49e08d77: GrpcService started, listening on 15021
2023-06-17 14:24:36,780 [EndpointStateMachine task thread for /0.0.0.0:15002 - 0 ] INFO  server.GrpcService (GrpcService.java:startImpl(302)) - 8624e205-2d39-4523-82ac-4c9e49e08d77: GrpcService started, listening on 15023
2023-06-17 14:24:36,782 [EndpointStateMachine task thread for /0.0.0.0:15002 - 0 ] INFO  server.GrpcService (GrpcService.java:startImpl(302)) - 8624e205-2d39-4523-82ac-4c9e49e08d77: GrpcService started, listening on 15022
2023-06-17 14:24:36,783 [EndpointStateMachine task thread for /0.0.0.0:15002 - 0 ] INFO  ratis.XceiverServerRatis (XceiverServerRatis.java:getRealPort(543)) - XceiverServerRatis 8624e205-2d39-4523-82ac-4c9e49e08d77 is started using port 15021 for RATIS
2023-06-17 14:24:36,783 [EndpointStateMachine task thread for /0.0.0.0:15002 - 0 ] INFO  ratis.XceiverServerRatis (XceiverServerRatis.java:getRealPort(543)) - XceiverServerRatis 8624e205-2d39-4523-82ac-4c9e49e08d77 is started using port 15022 for RATIS_ADMIN
2023-06-17 14:24:36,783 [EndpointStateMachine task thread for /0.0.0.0:15002 - 0 ] INFO  ratis.XceiverServerRatis (XceiverServerRatis.java:getRealPort(543)) - XceiverServerRatis 8624e205-2d39-4523-82ac-4c9e49e08d77 is started using port 15023 for RATIS_SERVER
2023-06-17 14:24:36,783 [EndpointStateMachine task thread for /0.0.0.0:15002 - 0 ] INFO  ratis.XceiverServerRatis (XceiverServerRatis.java:getRealPort(543)) - XceiverServerRatis 8624e205-2d39-4523-82ac-4c9e49e08d77 is started using port 15024 for RATIS_DATASTREAM
2023-06-17 14:24:36,784 [JvmPauseMonitor3] INFO  util.JvmPauseMonitor (JvmPauseMonitor.java:run(103)) - JvmPauseMonitor-8624e205-2d39-4523-82ac-4c9e49e08d77: Started
2023-06-17 14:24:36,793 [BlockDeletingService#0] INFO  interfaces.ContainerDeletionChoosingPolicyTemplate (ContainerDeletionChoosingPolicyTemplate.java:chooseContainerForBlockDeletion(83)) - Chosen 0/5000 blocks from 0 candidate containers.
2023-06-17 14:24:37,089 [main] INFO  ozone.MiniOzoneClusterImpl (MiniOzoneClusterImpl.java:lambda$waitForClusterToBeReady$0(224)) - Waiting for nodes to be ready. Got 0 of 3 DN Heartbeats.
2023-06-17 14:24:37,089 [main] INFO  ozone.MiniOzoneClusterImpl (MiniOzoneClusterImpl.java:lambda$waitForClusterToBeReady$0(227)) - Waiting for cluster to exit safe mode
2023-06-17 14:24:37,089 [main] INFO  ozone.MiniOzoneClusterImpl (MiniOzoneClusterImpl.java:lambda$waitForClusterToBeReady$0(229)) - SCM became leader
2023-06-17 14:24:37,128 [EndpointStateMachine task thread for /0.0.0.0:15002 - 0 ] INFO  utils.DatanodeStoreCache (DatanodeStoreCache.java:addDB(66)) - Added db /home/runner/work/ozone/ozone/hadoop-ozone/integration-test/target/test-dir/MiniOzoneClusterImpl-68882fc2-21fb-4ea4-940d-4f92d2da87ec/datanode-2/data-0/containers/hdds/68882fc2-21fb-4ea4-940d-4f92d2da87ec/DS-2482cd3b-ff7c-4211-987c-387c0e830f9e/container.db to cache
2023-06-17 14:24:37,129 [EndpointStateMachine task thread for /0.0.0.0:15002 - 0 ] INFO  volume.HddsVolume (HddsVolume.java:createDbStore(350)) - SchemaV3 db is created and loaded at /home/runner/work/ozone/ozone/hadoop-ozone/integration-test/target/test-dir/MiniOzoneClusterImpl-68882fc2-21fb-4ea4-940d-4f92d2da87ec/datanode-2/data-0/containers/hdds/68882fc2-21fb-4ea4-940d-4f92d2da87ec/DS-2482cd3b-ff7c-4211-987c-387c0e830f9e/container.db for volume DS-2482cd3b-ff7c-4211-987c-387c0e830f9e
2023-06-17 14:24:37,129 [EndpointStateMachine task thread for /0.0.0.0:15002 - 0 ] INFO  ozoneimpl.OzoneContainer (OzoneContainer.java:start(411)) - Attempting to start container services.
2023-06-17 14:24:37,130 [EndpointStateMachine task thread for /0.0.0.0:15002 - 0 ] INFO  ozoneimpl.OzoneContainer (OzoneContainer.java:startContainerScrub(327)) - Scheduled background container scanners and the on-demand container scanner have been disabled.
2023-06-17 14:24:37,132 [EndpointStateMachine task thread for /0.0.0.0:15002 - 0 ] INFO  replication.ReplicationServer (ReplicationServer.java:start(128)) - ReplicationServer is started using port 15034
2023-06-17 14:24:37,132 [EndpointStateMachine task thread for /0.0.0.0:15002 - 0 ] INFO  ratis.XceiverServerRatis (XceiverServerRatis.java:start(517)) - Starting XceiverServerRatis 50e7a123-fb10-4f6b-bd10-2c6e895f4416
2023-06-17 14:24:37,133 [EndpointStateMachine task thread for /0.0.0.0:15002 - 0 ] INFO  server.RaftServer (RaftServerProxy.java:startImpl(400)) - 50e7a123-fb10-4f6b-bd10-2c6e895f4416: start RPC server
2023-06-17 14:24:37,135 [EndpointStateMachine task thread for /0.0.0.0:15002 - 0 ] INFO  server.GrpcService (GrpcService.java:startImpl(302)) - 50e7a123-fb10-4f6b-bd10-2c6e895f4416: GrpcService started, listening on 15030
2023-06-17 14:24:37,136 [EndpointStateMachine task thread for /0.0.0.0:15002 - 0 ] INFO  server.GrpcService (GrpcService.java:startImpl(302)) - 50e7a123-fb10-4f6b-bd10-2c6e895f4416: GrpcService started, listening on 15032
2023-06-17 14:24:37,138 [EndpointStateMachine task thread for /0.0.0.0:15002 - 0 ] INFO  server.GrpcService (GrpcService.java:startImpl(302)) - 50e7a123-fb10-4f6b-bd10-2c6e895f4416: GrpcService started, listening on 15031
2023-06-17 14:24:37,138 [EndpointStateMachine task thread for /0.0.0.0:15002 - 0 ] INFO  ratis.XceiverServerRatis (XceiverServerRatis.java:getRealPort(543)) - XceiverServerRatis 50e7a123-fb10-4f6b-bd10-2c6e895f4416 is started using port 15030 for RATIS
2023-06-17 14:24:37,138 [EndpointStateMachine task thread for /0.0.0.0:15002 - 0 ] INFO  ratis.XceiverServerRatis (XceiverServerRatis.java:getRealPort(543)) - XceiverServerRatis 50e7a123-fb10-4f6b-bd10-2c6e895f4416 is started using port 15031 for RATIS_ADMIN
2023-06-17 14:24:37,138 [EndpointStateMachine task thread for /0.0.0.0:15002 - 0 ] INFO  ratis.XceiverServerRatis (XceiverServerRatis.java:getRealPort(543)) - XceiverServerRatis 50e7a123-fb10-4f6b-bd10-2c6e895f4416 is started using port 15032 for RATIS_SERVER
2023-06-17 14:24:37,138 [JvmPauseMonitor4] INFO  util.JvmPauseMonitor (JvmPauseMonitor.java:run(103)) - JvmPauseMonitor-50e7a123-fb10-4f6b-bd10-2c6e895f4416: Started
2023-06-17 14:24:37,139 [EndpointStateMachine task thread for /0.0.0.0:15002 - 0 ] INFO  ratis.XceiverServerRatis (XceiverServerRatis.java:getRealPort(543)) - XceiverServerRatis 50e7a123-fb10-4f6b-bd10-2c6e895f4416 is started using port 15033 for RATIS_DATASTREAM
2023-06-17 14:24:37,144 [BlockDeletingService#0] INFO  interfaces.ContainerDeletionChoosingPolicyTemplate (ContainerDeletionChoosingPolicyTemplate.java:chooseContainerForBlockDeletion(83)) - Chosen 0/5000 blocks from 0 candidate containers.
2023-06-17 14:24:38,090 [main] INFO  ozone.MiniOzoneClusterImpl (MiniOzoneClusterImpl.java:lambda$waitForClusterToBeReady$0(224)) - Waiting for nodes to be ready. Got 0 of 3 DN Heartbeats.
2023-06-17 14:24:38,090 [main] INFO  ozone.MiniOzoneClusterImpl (MiniOzoneClusterImpl.java:lambda$waitForClusterToBeReady$0(227)) - Waiting for cluster to exit safe mode
2023-06-17 14:24:38,090 [main] INFO  ozone.MiniOzoneClusterImpl (MiniOzoneClusterImpl.java:lambda$waitForClusterToBeReady$0(229)) - SCM became leader
2023-06-17 14:24:38,228 [IPC Server handler 2 on default port 15002] INFO  net.NetworkTopologyImpl (NetworkTopologyImpl.java:add(112)) - Added a new node: /default-rack/9b904d97-ba57-4d1c-b750-04e93ad7e320
2023-06-17 14:24:38,236 [IPC Server handler 2 on default port 15002] INFO  node.SCMNodeManager (SCMNodeManager.java:register(406)) - Registered Data node : 9b904d97-ba57-4d1c-b750-04e93ad7e320{ip: 10.1.0.30, host: fv-az1035-386.p4kjid14prhuxkk4m0x4prg4bg.cx.internal.cloudapp.net, ports: [HTTP=15009, CLIENT_RPC=15010, REPLICATION=15016, RATIS=15012, RATIS_ADMIN=15013, RATIS_SERVER=15014, RATIS_DATASTREAM=15015, STANDALONE=15011], networkLocation: /default-rack, certSerialId: null, persistedOpState: null, persistedOpStateExpiryEpochSec: 0}
2023-06-17 14:24:38,242 [EventQueue-NodeRegistrationContainerReportForContainerSafeModeRule] INFO  safemode.SCMSafeModeManager (SCMSafeModeManager.java:validateSafeModeExitRules(200)) - ContainerSafeModeRule rule is successfully validated
2023-06-17 14:24:38,242 [EventQueue-NodeRegistrationContainerReportForDataNodeSafeModeRule] INFO  safemode.SCMSafeModeManager (DataNodeSafeModeRule.java:process(71)) - SCM in safe mode. 1 DataNodes registered, 3 required.
2023-06-17 14:24:38,244 [EventQueue-NewNodeForNewNodeHandler] INFO  pipeline.BackgroundPipelineCreator (BackgroundPipelineCreator.java:notifyEventTriggered(276)) - trigger a one-shot run on RatisPipelineUtilsThread.
2023-06-17 14:24:38,254 [EventQueue-PipelineReportForOneReplicaPipelineSafeModeRule] INFO  safemode.SCMSafeModeManager (SCMSafeModeManager.java:validateSafeModeExitRules(200)) - AtleastOneDatanodeReportedRule rule is successfully validated
2023-06-17 14:24:38,268 [RatisPipelineUtilsThread - 0] INFO  pipeline.RatisPipelineProvider (RatisPipelineProvider.java:lambda$create$0(206)) - Sending CreatePipelineCommand for pipeline:PipelineID=4a5841fe-122a-447a-a9f8-ca04535e9ba0 to datanode:9b904d97-ba57-4d1c-b750-04e93ad7e320
2023-06-17 14:24:38,289 [RatisPipelineUtilsThread - 0] INFO  pipeline.PipelineStateManagerImpl (PipelineStateManagerImpl.java:addPipeline(103)) - Created pipeline Pipeline[ Id: 4a5841fe-122a-447a-a9f8-ca04535e9ba0, Nodes: 9b904d97-ba57-4d1c-b750-04e93ad7e320(fv-az1035-386.p4kjid14prhuxkk4m0x4prg4bg.cx.internal.cloudapp.net/10.1.0.30), ReplicationConfig: RATIS/ONE, State:ALLOCATED, leaderId:, CreationTimestamp2023-06-17T14:24:38.267Z[Etc/UTC]].
2023-06-17 14:24:38,736 [IPC Server handler 0 on default port 15002] INFO  net.NetworkTopologyImpl (NetworkTopologyImpl.java:add(112)) - Added a new node: /default-rack/8624e205-2d39-4523-82ac-4c9e49e08d77
2023-06-17 14:24:38,736 [IPC Server handler 0 on default port 15002] INFO  node.SCMNodeManager (SCMNodeManager.java:register(406)) - Registered Data node : 8624e205-2d39-4523-82ac-4c9e49e08d77{ip: 10.1.0.30, host: fv-az1035-386.p4kjid14prhuxkk4m0x4prg4bg.cx.internal.cloudapp.net, ports: [HTTP=15018, CLIENT_RPC=15019, REPLICATION=15025, RATIS=15021, RATIS_ADMIN=15022, RATIS_SERVER=15023, RATIS_DATASTREAM=15024, STANDALONE=15020], networkLocation: /default-rack, certSerialId: null, persistedOpState: null, persistedOpStateExpiryEpochSec: 0}
2023-06-17 14:24:38,738 [EventQueue-NodeRegistrationContainerReportForDataNodeSafeModeRule] INFO  safemode.SCMSafeModeManager (DataNodeSafeModeRule.java:process(71)) - SCM in safe mode. 2 DataNodes registered, 3 required.
2023-06-17 14:24:38,739 [EventQueue-NewNodeForNewNodeHandler] INFO  pipeline.BackgroundPipelineCreator (BackgroundPipelineCreator.java:notifyEventTriggered(276)) - trigger a one-shot run on RatisPipelineUtilsThread.
2023-06-17 14:24:38,741 [RatisPipelineUtilsThread - 0] INFO  pipeline.RatisPipelineProvider (RatisPipelineProvider.java:lambda$create$0(206)) - Sending CreatePipelineCommand for pipeline:PipelineID=960348f6-8480-4b89-8883-d40ad2acf1d8 to datanode:8624e205-2d39-4523-82ac-4c9e49e08d77
2023-06-17 14:24:38,742 [RatisPipelineUtilsThread - 0] INFO  pipeline.PipelineStateManagerImpl (PipelineStateManagerImpl.java:addPipeline(103)) - Created pipeline Pipeline[ Id: 960348f6-8480-4b89-8883-d40ad2acf1d8, Nodes: 8624e205-2d39-4523-82ac-4c9e49e08d77(fv-az1035-386.p4kjid14prhuxkk4m0x4prg4bg.cx.internal.cloudapp.net/10.1.0.30), ReplicationConfig: RATIS/ONE, State:ALLOCATED, leaderId:, CreationTimestamp2023-06-17T14:24:38.741Z[Etc/UTC]].
2023-06-17 14:24:39,091 [main] INFO  ozone.MiniOzoneClusterImpl (MiniOzoneClusterImpl.java:lambda$waitForClusterToBeReady$0(224)) - Waiting for nodes to be ready. Got 2 of 3 DN Heartbeats.
2023-06-17 14:24:39,091 [main] INFO  ozone.MiniOzoneClusterImpl (MiniOzoneClusterImpl.java:lambda$waitForClusterToBeReady$0(227)) - Waiting for cluster to exit safe mode
2023-06-17 14:24:39,091 [main] INFO  ozone.MiniOzoneClusterImpl (MiniOzoneClusterImpl.java:lambda$waitForClusterToBeReady$0(229)) - SCM became leader
2023-06-17 14:24:39,094 [IPC Server handler 1 on default port 15002] INFO  net.NetworkTopologyImpl (NetworkTopologyImpl.java:add(112)) - Added a new node: /default-rack/50e7a123-fb10-4f6b-bd10-2c6e895f4416
2023-06-17 14:24:39,095 [IPC Server handler 1 on default port 15002] INFO  node.SCMNodeManager (SCMNodeManager.java:register(406)) - Registered Data node : 50e7a123-fb10-4f6b-bd10-2c6e895f4416{ip: 10.1.0.30, host: fv-az1035-386.p4kjid14prhuxkk4m0x4prg4bg.cx.internal.cloudapp.net, ports: [HTTP=15027, CLIENT_RPC=15028, REPLICATION=15034, RATIS=15030, RATIS_ADMIN=15031, RATIS_SERVER=15032, RATIS_DATASTREAM=15033, STANDALONE=15029], networkLocation: /default-rack, certSerialId: null, persistedOpState: null, persistedOpStateExpiryEpochSec: 0}
2023-06-17 14:24:39,095 [EventQueue-NewNodeForNewNodeHandler] INFO  pipeline.BackgroundPipelineCreator (BackgroundPipelineCreator.java:notifyEventTriggered(276)) - trigger a one-shot run on RatisPipelineUtilsThread.
2023-06-17 14:24:39,095 [EventQueue-NodeRegistrationContainerReportForDataNodeSafeModeRule] INFO  safemode.SCMSafeModeManager (DataNodeSafeModeRule.java:process(71)) - SCM in safe mode. 3 DataNodes registered, 3 required.
2023-06-17 14:24:39,096 [RatisPipelineUtilsThread - 0] INFO  pipeline.RatisPipelineProvider (RatisPipelineProvider.java:lambda$create$0(206)) - Sending CreatePipelineCommand for pipeline:PipelineID=6178a0a1-3159-459d-9c03-f1ba168ebc4e to datanode:50e7a123-fb10-4f6b-bd10-2c6e895f4416
2023-06-17 14:24:39,097 [EventQueue-NodeRegistrationContainerReportForDataNodeSafeModeRule] INFO  safemode.SCMSafeModeManager (SCMSafeModeManager.java:validateSafeModeExitRules(200)) - DataNodeSafeModeRule rule is successfully validated
2023-06-17 14:24:39,097 [EventQueue-NodeRegistrationContainerReportForDataNodeSafeModeRule] INFO  safemode.SCMSafeModeManager (SCMSafeModeManager.java:completePreCheck(229)) - All SCM safe mode pre check rules have passed
2023-06-17 14:24:39,097 [EventQueue-NodeRegistrationContainerReportForDataNodeSafeModeRule] INFO  ha.SCMContext (SCMContext.java:updateSafeModeStatus(228)) - Update SafeModeStatus from SafeModeStatus{safeModeStatus=true, preCheckPassed=false} to SafeModeStatus{safeModeStatus=true, preCheckPassed=true}.
2023-06-17 14:24:39,097 [EventQueue-NodeRegistrationContainerReportForDataNodeSafeModeRule] INFO  pipeline.BackgroundPipelineCreator (BackgroundPipelineCreator.java:notifyEventTriggered(276)) - trigger a one-shot run on RatisPipelineUtilsThread.
2023-06-17 14:24:39,098 [RatisPipelineUtilsThread - 0] INFO  pipeline.PipelineStateManagerImpl (PipelineStateManagerImpl.java:addPipeline(103)) - Created pipeline Pipeline[ Id: 6178a0a1-3159-459d-9c03-f1ba168ebc4e, Nodes: 50e7a123-fb10-4f6b-bd10-2c6e895f4416(fv-az1035-386.p4kjid14prhuxkk4m0x4prg4bg.cx.internal.cloudapp.net/10.1.0.30), ReplicationConfig: RATIS/ONE, State:ALLOCATED, leaderId:, CreationTimestamp2023-06-17T14:24:39.096Z[Etc/UTC]].
2023-06-17 14:24:39,104 [RatisPipelineUtilsThread - 0] INFO  pipeline.RatisPipelineProvider (RatisPipelineProvider.java:lambda$create$0(206)) - Sending CreatePipelineCommand for pipeline:PipelineID=069d6f8c-1a4c-4c87-8230-4103141b7879 to datanode:8624e205-2d39-4523-82ac-4c9e49e08d77
2023-06-17 14:24:39,104 [RatisPipelineUtilsThread - 0] INFO  pipeline.RatisPipelineProvider (RatisPipelineProvider.java:lambda$create$0(206)) - Sending CreatePipelineCommand for pipeline:PipelineID=069d6f8c-1a4c-4c87-8230-4103141b7879 to datanode:9b904d97-ba57-4d1c-b750-04e93ad7e320
2023-06-17 14:24:39,104 [RatisPipelineUtilsThread - 0] INFO  pipeline.RatisPipelineProvider (RatisPipelineProvider.java:lambda$create$0(206)) - Sending CreatePipelineCommand for pipeline:PipelineID=069d6f8c-1a4c-4c87-8230-4103141b7879 to datanode:50e7a123-fb10-4f6b-bd10-2c6e895f4416
2023-06-17 14:24:39,105 [RatisPipelineUtilsThread - 0] INFO  pipeline.PipelineStateManagerImpl (PipelineStateManagerImpl.java:addPipeline(103)) - Created pipeline Pipeline[ Id: 069d6f8c-1a4c-4c87-8230-4103141b7879, Nodes: 8624e205-2d39-4523-82ac-4c9e49e08d77(fv-az1035-386.p4kjid14prhuxkk4m0x4prg4bg.cx.internal.cloudapp.net/10.1.0.30)9b904d97-ba57-4d1c-b750-04e93ad7e320(fv-az1035-386.p4kjid14prhuxkk4m0x4prg4bg.cx.internal.cloudapp.net/10.1.0.30)50e7a123-fb10-4f6b-bd10-2c6e895f4416(fv-az1035-386.p4kjid14prhuxkk4m0x4prg4bg.cx.internal.cloudapp.net/10.1.0.30), ReplicationConfig: RATIS/THREE, State:ALLOCATED, leaderId:, CreationTimestamp2023-06-17T14:24:39.104Z[Etc/UTC]].
2023-06-17 14:24:39,107 [RatisPipelineUtilsThread - 0] INFO  pipeline.RatisPipelineProvider (RatisPipelineProvider.java:lambda$create$0(206)) - Sending CreatePipelineCommand for pipeline:PipelineID=8722a696-13c5-4ce8-9392-7aa2029a76d4 to datanode:8624e205-2d39-4523-82ac-4c9e49e08d77
2023-06-17 14:24:39,107 [RatisPipelineUtilsThread - 0] INFO  pipeline.RatisPipelineProvider (RatisPipelineProvider.java:lambda$create$0(206)) - Sending CreatePipelineCommand for pipeline:PipelineID=8722a696-13c5-4ce8-9392-7aa2029a76d4 to datanode:9b904d97-ba57-4d1c-b750-04e93ad7e320
2023-06-17 14:24:39,107 [RatisPipelineUtilsThread - 0] INFO  pipeline.RatisPipelineProvider (RatisPipelineProvider.java:lambda$create$0(206)) - Sending CreatePipelineCommand for pipeline:PipelineID=8722a696-13c5-4ce8-9392-7aa2029a76d4 to datanode:50e7a123-fb10-4f6b-bd10-2c6e895f4416
2023-06-17 14:24:39,109 [RatisPipelineUtilsThread - 0] INFO  pipeline.PipelineStateManagerImpl (PipelineStateManagerImpl.java:addPipeline(103)) - Created pipeline Pipeline[ Id: 8722a696-13c5-4ce8-9392-7aa2029a76d4, Nodes: 8624e205-2d39-4523-82ac-4c9e49e08d77(fv-az1035-386.p4kjid14prhuxkk4m0x4prg4bg.cx.internal.cloudapp.net/10.1.0.30)9b904d97-ba57-4d1c-b750-04e93ad7e320(fv-az1035-386.p4kjid14prhuxkk4m0x4prg4bg.cx.internal.cloudapp.net/10.1.0.30)50e7a123-fb10-4f6b-bd10-2c6e895f4416(fv-az1035-386.p4kjid14prhuxkk4m0x4prg4bg.cx.internal.cloudapp.net/10.1.0.30), ReplicationConfig: RATIS/THREE, State:ALLOCATED, leaderId:, CreationTimestamp2023-06-17T14:24:39.107Z[Etc/UTC]].
2023-06-17 14:24:39,111 [RatisPipelineUtilsThread - 0] INFO  pipeline.PipelineManagerImpl (PipelineManagerImpl.java:recordMetricsForPipeline(826)) - Pipeline: PipelineID=8722a696-13c5-4ce8-9392-7aa2029a76d4 contains same datanodes as previous pipelines: PipelineID=069d6f8c-1a4c-4c87-8230-4103141b7879 nodeIds: 8624e205-2d39-4523-82ac-4c9e49e08d77, 9b904d97-ba57-4d1c-b750-04e93ad7e320, 50e7a123-fb10-4f6b-bd10-2c6e895f4416
2023-06-17 14:24:39,112 [RatisPipelineUtilsThread - 0] WARN  pipeline.PipelinePlacementPolicy (PipelinePlacementPolicy.java:filterViableNodes(166)) - Pipeline creation failed due to no sufficient healthy datanodes. Required 3. Found 0. Excluded 3.
2023-06-17 14:24:39,113 [RatisPipelineUtilsThread - 0] WARN  pipeline.PipelinePlacementPolicy (PipelinePlacementPolicy.java:filterViableNodes(166)) - Pipeline creation failed due to no sufficient healthy datanodes. Required 3. Found 0. Excluded 3.
2023-06-17 14:24:40,092 [main] INFO  ozone.MiniOzoneClusterImpl (MiniOzoneClusterImpl.java:lambda$waitForClusterToBeReady$0(224)) - Nodes are ready. Got 3 of 3 DN Heartbeats.
2023-06-17 14:24:40,093 [main] INFO  ozone.MiniOzoneClusterImpl (MiniOzoneClusterImpl.java:lambda$waitForClusterToBeReady$0(227)) - Waiting for cluster to exit safe mode
2023-06-17 14:24:40,093 [main] INFO  ozone.MiniOzoneClusterImpl (MiniOzoneClusterImpl.java:lambda$waitForClusterToBeReady$0(229)) - SCM became leader
2023-06-17 14:24:41,094 [main] INFO  ozone.MiniOzoneClusterImpl (MiniOzoneClusterImpl.java:lambda$waitForClusterToBeReady$0(224)) - Nodes are ready. Got 3 of 3 DN Heartbeats.
2023-06-17 14:24:41,095 [main] INFO  ozone.MiniOzoneClusterImpl (MiniOzoneClusterImpl.java:lambda$waitForClusterToBeReady$0(227)) - Waiting for cluster to exit safe mode
2023-06-17 14:24:41,095 [main] INFO  ozone.MiniOzoneClusterImpl (MiniOzoneClusterImpl.java:lambda$waitForClusterToBeReady$0(229)) - SCM became leader
2023-06-17 14:24:41,239 [PipelineCommandHandlerThread-0] INFO  server.RaftServer (RaftServerProxy.java:addNew(98)) - 9b904d97-ba57-4d1c-b750-04e93ad7e320: addNew group-CA04535E9BA0:[9b904d97-ba57-4d1c-b750-04e93ad7e320|rpc:10.1.0.30:15014|admin:10.1.0.30:15013|client:10.1.0.30:15012|dataStream:10.1.0.30:15015|priority:1|startupRole:FOLLOWER] returns group-CA04535E9BA0:java.util.concurrent.CompletableFuture@6a6da0f0[Not completed]
2023-06-17 14:24:41,253 [9b904d97-ba57-4d1c-b750-04e93ad7e320-groupManagement] INFO  server.RaftServer$Division (RaftServerImpl.java:<init>(198)) - 9b904d97-ba57-4d1c-b750-04e93ad7e320: new RaftServerImpl for group-CA04535E9BA0:[9b904d97-ba57-4d1c-b750-04e93ad7e320|rpc:10.1.0.30:15014|admin:10.1.0.30:15013|client:10.1.0.30:15012|dataStream:10.1.0.30:15015|priority:1|startupRole:FOLLOWER] with ContainerStateMachine:uninitialized
2023-06-17 14:24:41,253 [9b904d97-ba57-4d1c-b750-04e93ad7e320-groupManagement] INFO  server.RaftServerConfigKeys (ConfUtils.java:logGet(46)) - raft.server.rpc.timeout.min = 5s (custom)
2023-06-17 14:24:41,253 [9b904d97-ba57-4d1c-b750-04e93ad7e320-groupManagement] INFO  server.RaftServerConfigKeys (ConfUtils.java:logGet(46)) - raft.server.rpc.timeout.max = 5200ms (custom)
2023-06-17 14:24:41,253 [9b904d97-ba57-4d1c-b750-04e93ad7e320-groupManagement] INFO  server.RaftServerConfigKeys (ConfUtils.java:logGet(46)) - raft.server.rpc.sleep.time = 25ms (default)
2023-06-17 14:24:41,253 [9b904d97-ba57-4d1c-b750-04e93ad7e320-groupManagement] INFO  server.RaftServerConfigKeys (ConfUtils.java:logGet(46)) - raft.server.rpc.slowness.timeout = 300s (custom)
2023-06-17 14:24:41,253 [9b904d97-ba57-4d1c-b750-04e93ad7e320-groupManagement] INFO  server.RaftServerConfigKeys (ConfUtils.java:logGet(46)) - raft.server.leaderelection.leader.step-down.wait-time = 10s (default)
2023-06-17 14:24:41,253 [9b904d97-ba57-4d1c-b750-04e93ad7e320-groupManagement] INFO  server.RaftServerConfigKeys (ConfUtils.java:logGet(46)) - raft.server.sleep.deviation.threshold = 300ms (default)
2023-06-17 14:24:41,254 [9b904d97-ba57-4d1c-b750-04e93ad7e320-groupManagement] INFO  server.RaftServer$Division (ServerState.java:<init>(120)) - 9b904d97-ba57-4d1c-b750-04e93ad7e320@group-CA04535E9BA0: ConfigurationManager, init=-1: peers:[9b904d97-ba57-4d1c-b750-04e93ad7e320|rpc:10.1.0.30:15014|admin:10.1.0.30:15013|client:10.1.0.30:15012|dataStream:10.1.0.30:15015|priority:1|startupRole:FOLLOWER]|listeners:[], old=null, confs=<EMPTY_MAP>
2023-06-17 14:24:41,254 [9b904d97-ba57-4d1c-b750-04e93ad7e320-groupManagement] INFO  server.RaftServerConfigKeys (ConfUtils.java:logGet(46)) - raft.server.storage.dir = [/home/runner/work/ozone/ozone/hadoop-ozone/integration-test/target/test-dir/MiniOzoneClusterImpl-68882fc2-21fb-4ea4-940d-4f92d2da87ec/datanode-0/data/ratis] (custom)
2023-06-17 14:24:41,254 [9b904d97-ba57-4d1c-b750-04e93ad7e320-groupManagement] INFO  server.RaftServerConfigKeys (ConfUtils.java:logGet(46)) - raft.server.log.corruption.policy = EXCEPTION (default)
2023-06-17 14:24:41,254 [9b904d97-ba57-4d1c-b750-04e93ad7e320-groupManagement] INFO  server.RaftServerConfigKeys (ConfUtils.java:logGet(46)) - raft.server.storage.free-space.min = 0MB (=0) (default)
2023-06-17 14:24:41,254 [9b904d97-ba57-4d1c-b750-04e93ad7e320-groupManagement] INFO  server.RaftServerConfigKeys (ConfUtils.java:logGet(46)) - raft.server.notification.no-leader.timeout = 300s (custom)
2023-06-17 14:24:41,254 [9b904d97-ba57-4d1c-b750-04e93ad7e320-groupManagement] INFO  server.RaftServerConfigKeys (ConfUtils.java:logGet(46)) - raft.server.read.timeout = 10s (default)
2023-06-17 14:24:41,255 [9b904d97-ba57-4d1c-b750-04e93ad7e320-groupManagement] INFO  server.RaftServerConfigKeys (ConfUtils.java:logGet(46)) - raft.server.retrycache.expirytime = 600000ms (custom)
2023-06-17 14:24:41,255 [9b904d97-ba57-4d1c-b750-04e93ad7e320-groupManagement] INFO  server.RaftServerConfigKeys (ConfUtils.java:logGet(46)) - raft.server.retrycache.statistics.expirytime = 100μs (default)
2023-06-17 14:24:41,255 [9b904d97-ba57-4d1c-b750-04e93ad7e320-groupManagement] INFO  server.RaftServerConfigKeys (ConfUtils.java:logGet(46)) - raft.server.read.option = DEFAULT (default)
2023-06-17 14:24:41,257 [9b904d97-ba57-4d1c-b750-04e93ad7e320-groupManagement] INFO  server.RaftServerConfigKeys (ConfUtils.java:logGet(46)) - raft.server.rpc.request.timeout = 60s (custom)
2023-06-17 14:24:41,257 [9b904d97-ba57-4d1c-b750-04e93ad7e320-groupManagement] INFO  server.RaftServerConfigKeys (ConfUtils.java:logGet(46)) - raft.server.log.appender.install.snapshot.enabled = false (custom)
2023-06-17 14:24:41,257 [9b904d97-ba57-4d1c-b750-04e93ad7e320-groupManagement] INFO  server.RaftServerConfigKeys (ConfUtils.java:logGet(46)) - raft.server.threadpool.server.cached = true (default)
2023-06-17 14:24:41,257 [9b904d97-ba57-4d1c-b750-04e93ad7e320-groupManagement] INFO  server.RaftServerConfigKeys (ConfUtils.java:logGet(46)) - raft.server.threadpool.server.size = 0 (default)
2023-06-17 14:24:41,258 [9b904d97-ba57-4d1c-b750-04e93ad7e320-groupManagement] INFO  server.RaftServerConfigKeys (ConfUtils.java:logGet(46)) - raft.server.threadpool.client.cached = true (default)
2023-06-17 14:24:41,258 [9b904d97-ba57-4d1c-b750-04e93ad7e320-groupManagement] INFO  server.RaftServerConfigKeys (ConfUtils.java:logGet(46)) - raft.server.threadpool.client.size = 0 (default)
2023-06-17 14:24:41,259 [9b904d97-ba57-4d1c-b750-04e93ad7e320-groupManagement] INFO  storage.RaftStorageDirectory (RaftStorageDirectoryImpl.java:analyzeStorage(137)) - The storage directory /home/runner/work/ozone/ozone/hadoop-ozone/integration-test/target/test-dir/MiniOzoneClusterImpl-68882fc2-21fb-4ea4-940d-4f92d2da87ec/datanode-0/data/ratis/4a5841fe-122a-447a-a9f8-ca04535e9ba0 does not exist. Creating ...
2023-06-17 14:24:41,261 [9b904d97-ba57-4d1c-b750-04e93ad7e320-groupManagement] INFO  storage.RaftStorageDirectory (RaftStorageDirectoryImpl.java:tryLock(231)) - Lock on /home/runner/work/ozone/ozone/hadoop-ozone/integration-test/target/test-dir/MiniOzoneClusterImpl-68882fc2-21fb-4ea4-940d-4f92d2da87ec/datanode-0/data/ratis/4a5841fe-122a-447a-a9f8-ca04535e9ba0/in_use.lock acquired by nodename 109811@fv-az1035-386
2023-06-17 14:24:41,263 [9b904d97-ba57-4d1c-b750-04e93ad7e320-groupManagement] INFO  storage.RaftStorage (RaftStorageImpl.java:format(96)) - Storage directory /home/runner/work/ozone/ozone/hadoop-ozone/integration-test/target/test-dir/MiniOzoneClusterImpl-68882fc2-21fb-4ea4-940d-4f92d2da87ec/datanode-0/data/ratis/4a5841fe-122a-447a-a9f8-ca04535e9ba0 has been successfully formatted.
2023-06-17 14:24:41,270 [9b904d97-ba57-4d1c-b750-04e93ad7e320-groupManagement] INFO  ratis.ContainerStateMachine (ContainerStateMachine.java:loadSnapshot(262)) - group-CA04535E9BA0: The snapshot info is null. Setting the last applied indexto:(t:0, i:~)
2023-06-17 14:24:41,270 [9b904d97-ba57-4d1c-b750-04e93ad7e320-groupManagement] INFO  server.RaftServerConfigKeys (ConfUtils.java:logGet(46)) - raft.server.log.use.memory = false (default)
2023-06-17 14:24:41,270 [9b904d97-ba57-4d1c-b750-04e93ad7e320-groupManagement] INFO  server.RaftServerConfigKeys (ConfUtils.java:logGet(46)) - raft.server.log.purge.gap = 1000000 (custom)
2023-06-17 14:24:41,271 [9b904d97-ba57-4d1c-b750-04e93ad7e320-groupManagement] INFO  server.RaftServerConfigKeys (ConfUtils.java:logGet(46)) - raft.server.log.appender.buffer.byte-limit = 33554432 (custom)
2023-06-17 14:24:41,271 [9b904d97-ba57-4d1c-b750-04e93ad7e320-groupManagement] INFO  server.RaftServerConfigKeys (ConfUtils.java:logGet(46)) - raft.server.log.statemachine.data.read.timeout = 1000ms (default)
2023-06-17 14:24:41,271 [9b904d97-ba57-4d1c-b750-04e93ad7e320-groupManagement] INFO  server.RaftServerConfigKeys (ConfUtils.java:logGet(46)) - raft.server.log.purge.preservation.log.num = 0 (default)
2023-06-17 14:24:41,271 [9b904d97-ba57-4d1c-b750-04e93ad7e320-groupManagement] INFO  server.RaftServerConfigKeys (ConfUtils.java:logGet(46)) - raft.server.log.segment.size.max = 1048576 (custom)
2023-06-17 14:24:41,272 [9b904d97-ba57-4d1c-b750-04e93ad7e320-groupManagement] INFO  server.RaftServerConfigKeys (ConfUtils.java:logGet(46)) - raft.server.log.segment.cache.num.max = 2 (custom)
2023-06-17 14:24:41,272 [9b904d97-ba57-4d1c-b750-04e93ad7e320-groupManagement] INFO  server.RaftServerConfigKeys (ConfUtils.java:logGet(46)) - raft.server.log.segment.cache.size.max = 200MB (=209715200) (default)
2023-06-17 14:24:41,272 [9b904d97-ba57-4d1c-b750-04e93ad7e320-groupManagement] INFO  server.RaftServerConfigKeys (ConfUtils.java:logGet(46)) - raft.server.log.appender.buffer.byte-limit = 33554432 (custom)
2023-06-17 14:24:41,272 [9b904d97-ba57-4d1c-b750-04e93ad7e320-groupManagement] INFO  segmented.SegmentedRaftLogWorker (SegmentedRaftLogWorker.java:<init>(188)) - new 9b904d97-ba57-4d1c-b750-04e93ad7e320@group-CA04535E9BA0-SegmentedRaftLogWorker for RaftStorageImpl:Storage Directory /home/runner/work/ozone/ozone/hadoop-ozone/integration-test/target/test-dir/MiniOzoneClusterImpl-68882fc2-21fb-4ea4-940d-4f92d2da87ec/datanode-0/data/ratis/4a5841fe-122a-447a-a9f8-ca04535e9ba0
2023-06-17 14:24:41,272 [9b904d97-ba57-4d1c-b750-04e93ad7e320-groupManagement] INFO  server.RaftServerConfigKeys (ConfUtils.java:logGet(46)) - raft.server.log.queue.byte-limit = 4294967296 (custom)
2023-06-17 14:24:41,272 [9b904d97-ba57-4d1c-b750-04e93ad7e320-groupManagement] INFO  server.RaftServerConfigKeys (ConfUtils.java:logGet(46)) - raft.server.log.queue.element-limit = 1024 (custom)
2023-06-17 14:24:41,273 [9b904d97-ba57-4d1c-b750-04e93ad7e320-groupManagement] INFO  server.RaftServerConfigKeys (ConfUtils.java:logGet(46)) - raft.server.log.segment.size.max = 1048576 (custom)
2023-06-17 14:24:41,273 [9b904d97-ba57-4d1c-b750-04e93ad7e320-groupManagement] INFO  server.RaftServerConfigKeys (ConfUtils.java:logGet(46)) - raft.server.log.preallocated.size = 16384 (custom)
2023-06-17 14:24:41,273 [9b904d97-ba57-4d1c-b750-04e93ad7e320-groupManagement] INFO  server.RaftServerConfigKeys (ConfUtils.java:logGet(46)) - raft.server.log.force.sync.num = 128 (default)
2023-06-17 14:24:41,273 [9b904d97-ba57-4d1c-b750-04e93ad7e320-groupManagement] INFO  server.RaftServerConfigKeys (ConfUtils.java:logGet(46)) - raft.server.log.statemachine.data.sync = true (default)
2023-06-17 14:24:41,273 [9b904d97-ba57-4d1c-b750-04e93ad7e320-groupManagement] INFO  server.RaftServerConfigKeys (ConfUtils.java:logGet(46)) - raft.server.log.statemachine.data.sync.timeout = 10s (default)
2023-06-17 14:24:41,273 [9b904d97-ba57-4d1c-b750-04e93ad7e320-groupManagement] INFO  server.RaftServerConfigKeys (ConfUtils.java:logGet(46)) - raft.server.log.statemachine.data.sync.timeout.retry = -1 (default)
2023-06-17 14:24:41,275 [9b904d97-ba57-4d1c-b750-04e93ad7e320-groupManagement] INFO  server.RaftServerConfigKeys (ConfUtils.java:logGet(46)) - raft.server.log.write.buffer.size = 1048576 (custom)
2023-06-17 14:24:41,275 [9b904d97-ba57-4d1c-b750-04e93ad7e320-groupManagement] INFO  server.RaftServerConfigKeys (ConfUtils.java:logGet(46)) - raft.server.log.appender.buffer.byte-limit = 33554432 (custom)
2023-06-17 14:24:41,294 [9b904d97-ba57-4d1c-b750-04e93ad7e320-groupManagement] INFO  server.RaftServerConfigKeys (ConfUtils.java:logGet(46)) - raft.server.log.unsafe-flush.enabled = false (default)
2023-06-17 14:24:41,294 [9b904d97-ba57-4d1c-b750-04e93ad7e320-groupManagement] INFO  server.RaftServerConfigKeys (ConfUtils.java:logGet(46)) - raft.server.log.async-flush.enabled = false (default)
2023-06-17 14:24:41,294 [9b904d97-ba57-4d1c-b750-04e93ad7e320-groupManagement] INFO  server.RaftServerConfigKeys (ConfUtils.java:logGet(46)) - raft.server.log.statemachine.data.caching.enabled = true (custom)
2023-06-17 14:24:41,294 [9b904d97-ba57-4d1c-b750-04e93ad7e320-groupManagement] INFO  segmented.SegmentedRaftLogWorker (SegmentedRaftLogWorker.java:lambda$new$0(135)) - 9b904d97-ba57-4d1c-b750-04e93ad7e320@group-CA04535E9BA0-SegmentedRaftLogWorker: flushIndex: setUnconditionally 0 -> -1
2023-06-17 14:24:41,294 [9b904d97-ba57-4d1c-b750-04e93ad7e320-groupManagement] INFO  segmented.SegmentedRaftLogWorker (SegmentedRaftLogWorker.java:lambda$new$0(135)) - 9b904d97-ba57-4d1c-b750-04e93ad7e320@group-CA04535E9BA0-SegmentedRaftLogWorker: safeCacheEvictIndex: setUnconditionally 0 -> -1
2023-06-17 14:24:41,296 [9b904d97-ba57-4d1c-b750-04e93ad7e320-groupManagement] INFO  server.RaftServer$Division (RaftServerImpl.java:start(342)) - 9b904d97-ba57-4d1c-b750-04e93ad7e320@group-CA04535E9BA0: start as a follower, conf=-1: peers:[9b904d97-ba57-4d1c-b750-04e93ad7e320|rpc:10.1.0.30:15014|admin:10.1.0.30:15013|client:10.1.0.30:15012|dataStream:10.1.0.30:15015|priority:1|startupRole:FOLLOWER]|listeners:[], old=null
2023-06-17 14:24:41,296 [9b904d97-ba57-4d1c-b750-04e93ad7e320-groupManagement] INFO  server.RaftServer$Division (RaftServerImpl.java:setRole(329)) - 9b904d97-ba57-4d1c-b750-04e93ad7e320@group-CA04535E9BA0: changes role from      null to FOLLOWER at term 0 for startAsFollower
2023-06-17 14:24:41,296 [9b904d97-ba57-4d1c-b750-04e93ad7e320-groupManagement] INFO  impl.RoleInfo (RoleInfo.java:updateAndGet(139)) - 9b904d97-ba57-4d1c-b750-04e93ad7e320: start 9b904d97-ba57-4d1c-b750-04e93ad7e320@group-CA04535E9BA0-FollowerState
2023-06-17 14:24:41,297 [9b904d97-ba57-4d1c-b750-04e93ad7e320-groupManagement] INFO  util.JmxRegister (JmxRegister.java:tryRegister(44)) - Successfully registered JMX Bean with object name Ratis:service=RaftServer,group=group-CA04535E9BA0,id=9b904d97-ba57-4d1c-b750-04e93ad7e320
2023-06-17 14:24:41,304 [9b904d97-ba57-4d1c-b750-04e93ad7e320-groupManagement] INFO  server.RaftServerConfigKeys (ConfUtils.java:logGet(46)) - raft.server.snapshot.auto.trigger.enabled = true (custom)
2023-06-17 14:24:41,304 [9b904d97-ba57-4d1c-b750-04e93ad7e320-groupManagement] INFO  server.RaftServerConfigKeys (ConfUtils.java:logGet(46)) - raft.server.snapshot.auto.trigger.threshold = 10000 (custom)
2023-06-17 14:24:41,304 [9b904d97-ba57-4d1c-b750-04e93ad7e320-groupManagement] INFO  server.RaftServerConfigKeys (ConfUtils.java:logGet(46)) - raft.server.snapshot.retention.file.num = 5 (custom)
2023-06-17 14:24:41,304 [9b904d97-ba57-4d1c-b750-04e93ad7e320@group-CA04535E9BA0-FollowerState] INFO  server.RaftServerConfigKeys (ConfUtils.java:logFallback(53)) - raft.server.rpc.first-election.timeout.min = 5s (fallback to raft.server.rpc.timeout.min)
2023-06-17 14:24:41,304 [9b904d97-ba57-4d1c-b750-04e93ad7e320-groupManagement] INFO  server.RaftServerConfigKeys (ConfUtils.java:logGet(46)) - raft.server.log.purge.upto.snapshot.index = false (default)
2023-06-17 14:24:41,306 [9b904d97-ba57-4d1c-b750-04e93ad7e320@group-CA04535E9BA0-FollowerState] INFO  server.RaftServerConfigKeys (ConfUtils.java:logFallback(53)) - raft.server.rpc.first-election.timeout.max = 5200ms (fallback to raft.server.rpc.timeout.max)
2023-06-17 14:24:41,306 [EventQueue-PipelineReportForPipelineReportHandler] INFO  pipeline.PipelineManagerImpl (PipelineManagerImpl.java:openPipeline(367)) - Pipeline Pipeline[ Id: 4a5841fe-122a-447a-a9f8-ca04535e9ba0, Nodes: 9b904d97-ba57-4d1c-b750-04e93ad7e320(fv-az1035-386.p4kjid14prhuxkk4m0x4prg4bg.cx.internal.cloudapp.net/10.1.0.30), ReplicationConfig: RATIS/ONE, State:ALLOCATED, leaderId:9b904d97-ba57-4d1c-b750-04e93ad7e320, CreationTimestamp2023-06-17T14:24:38.267Z[Etc/UTC]] moved to OPEN state
2023-06-17 14:24:41,314 [EventQueue-OpenPipelineForHealthyPipelineSafeModeRule] INFO  safemode.SCMSafeModeManager (HealthyPipelineSafeModeRule.java:process(137)) - SCM in safe mode. Healthy pipelines reported count is 0, required healthy pipeline reported count is 1
2023-06-17 14:24:41,317 [PipelineCommandHandlerThread-0] INFO  ratis.XceiverServerRatis (XceiverServerRatis.java:addGroup(804)) - Created group PipelineID=4a5841fe-122a-447a-a9f8-ca04535e9ba0
2023-06-17 14:24:41,318 [PipelineCommandHandlerThread-0] INFO  commandhandler.CreatePipelineCommandHandler (CreatePipelineCommandHandler.java:lambda$handle$2(124)) - Created Pipeline RATIS ONE PipelineID=4a5841fe-122a-447a-a9f8-ca04535e9ba0.
2023-06-17 14:24:41,318 [PipelineCommandHandlerThread-0] INFO  server.RaftServer (RaftServerProxy.java:addNew(98)) - 9b904d97-ba57-4d1c-b750-04e93ad7e320: addNew group-4103141B7879:[50e7a123-fb10-4f6b-bd10-2c6e895f4416|rpc:10.1.0.30:15032|admin:10.1.0.30:15031|client:10.1.0.30:15030|dataStream:10.1.0.30:15033|priority:0|startupRole:FOLLOWER, 8624e205-2d39-4523-82ac-4c9e49e08d77|rpc:10.1.0.30:15023|admin:10.1.0.30:15022|client:10.1.0.30:15021|dataStream:10.1.0.30:15024|priority:0|startupRole:FOLLOWER, 9b904d97-ba57-4d1c-b750-04e93ad7e320|rpc:10.1.0.30:15014|admin:10.1.0.30:15013|client:10.1.0.30:15012|dataStream:10.1.0.30:15015|priority:1|startupRole:FOLLOWER] returns group-4103141B7879:java.util.concurrent.CompletableFuture@41d9d5a3[Not completed]
2023-06-17 14:24:41,320 [9b904d97-ba57-4d1c-b750-04e93ad7e320-groupManagement] INFO  server.RaftServer$Division (RaftServerImpl.java:<init>(198)) - 9b904d97-ba57-4d1c-b750-04e93ad7e320: new RaftServerImpl for group-4103141B7879:[50e7a123-fb10-4f6b-bd10-2c6e895f4416|rpc:10.1.0.30:15032|admin:10.1.0.30:15031|client:10.1.0.30:15030|dataStream:10.1.0.30:15033|priority:0|startupRole:FOLLOWER, 8624e205-2d39-4523-82ac-4c9e49e08d77|rpc:10.1.0.30:15023|admin:10.1.0.30:15022|client:10.1.0.30:15021|dataStream:10.1.0.30:15024|priority:0|startupRole:FOLLOWER, 9b904d97-ba57-4d1c-b750-04e93ad7e320|rpc:10.1.0.30:15014|admin:10.1.0.30:15013|client:10.1.0.30:15012|dataStream:10.1.0.30:15015|priority:1|startupRole:FOLLOWER] with ContainerStateMachine:uninitialized
2023-06-17 14:24:41,320 [9b904d97-ba57-4d1c-b750-04e93ad7e320-groupManagement] INFO  server.RaftServerConfigKeys (ConfUtils.java:logGet(46)) - raft.server.rpc.timeout.min = 5s (custom)
2023-06-17 14:24:41,320 [9b904d97-ba57-4d1c-b750-04e93ad7e320-groupManagement] INFO  server.RaftServerConfigKeys (ConfUtils.java:logGet(46)) - raft.server.rpc.timeout.max = 5200ms (custom)
2023-06-17 14:24:41,320 [9b904d97-ba57-4d1c-b750-04e93ad7e320-groupManagement] INFO  server.RaftServerConfigKeys (ConfUtils.java:logGet(46)) - raft.server.rpc.sleep.time = 25ms (default)
2023-06-17 14:24:41,320 [9b904d97-ba57-4d1c-b750-04e93ad7e320-groupManagement] INFO  server.RaftServerConfigKeys (ConfUtils.java:logGet(46)) - raft.server.rpc.slowness.timeout = 300s (custom)
2023-06-17 14:24:41,320 [9b904d97-ba57-4d1c-b750-04e93ad7e320-groupManagement] INFO  server.RaftServerConfigKeys (ConfUtils.java:logGet(46)) - raft.server.leaderelection.leader.step-down.wait-time = 10s (default)
2023-06-17 14:24:41,320 [9b904d97-ba57-4d1c-b750-04e93ad7e320-groupManagement] INFO  server.RaftServerConfigKeys (ConfUtils.java:logGet(46)) - raft.server.sleep.deviation.threshold = 300ms (default)
2023-06-17 14:24:41,320 [9b904d97-ba57-4d1c-b750-04e93ad7e320-groupManagement] INFO  server.RaftServer$Division (ServerState.java:<init>(120)) - 9b904d97-ba57-4d1c-b750-04e93ad7e320@group-4103141B7879: ConfigurationManager, init=-1: peers:[50e7a123-fb10-4f6b-bd10-2c6e895f4416|rpc:10.1.0.30:15032|admin:10.1.0.30:15031|client:10.1.0.30:15030|dataStream:10.1.0.30:15033|priority:0|startupRole:FOLLOWER, 8624e205-2d39-4523-82ac-4c9e49e08d77|rpc:10.1.0.30:15023|admin:10.1.0.30:15022|client:10.1.0.30:15021|dataStream:10.1.0.30:15024|priority:0|startupRole:FOLLOWER, 9b904d97-ba57-4d1c-b750-04e93ad7e320|rpc:10.1.0.30:15014|admin:10.1.0.30:15013|client:10.1.0.30:15012|dataStream:10.1.0.30:15015|priority:1|startupRole:FOLLOWER]|listeners:[], old=null, confs=<EMPTY_MAP>
2023-06-17 14:24:41,320 [9b904d97-ba57-4d1c-b750-04e93ad7e320-groupManagement] INFO  server.RaftServerConfigKeys (ConfUtils.java:logGet(46)) - raft.server.storage.dir = [/home/runner/work/ozone/ozone/hadoop-ozone/integration-test/target/test-dir/MiniOzoneClusterImpl-68882fc2-21fb-4ea4-940d-4f92d2da87ec/datanode-0/data/ratis] (custom)
2023-06-17 14:24:41,321 [9b904d97-ba57-4d1c-b750-04e93ad7e320-groupManagement] INFO  server.RaftServerConfigKeys (ConfUtils.java:logGet(46)) - raft.server.log.corruption.policy = EXCEPTION (default)
2023-06-17 14:24:41,321 [9b904d97-ba57-4d1c-b750-04e93ad7e320-groupManagement] INFO  server.RaftServerConfigKeys (ConfUtils.java:logGet(46)) - raft.server.storage.free-space.min = 0MB (=0) (default)
2023-06-17 14:24:41,321 [9b904d97-ba57-4d1c-b750-04e93ad7e320-groupManagement] INFO  server.RaftServerConfigKeys (ConfUtils.java:logGet(46)) - raft.server.notification.no-leader.timeout = 300s (custom)
2023-06-17 14:24:41,321 [9b904d97-ba57-4d1c-b750-04e93ad7e320-groupManagement] INFO  server.RaftServerConfigKeys (ConfUtils.java:logGet(46)) - raft.server.read.timeout = 10s (default)
2023-06-17 14:24:41,321 [9b904d97-ba57-4d1c-b750-04e93ad7e320-groupManagement] INFO  server.RaftServerConfigKeys (ConfUtils.java:logGet(46)) - raft.server.retrycache.expirytime = 600000ms (custom)
2023-06-17 14:24:41,321 [9b904d97-ba57-4d1c-b750-04e93ad7e320-groupManagement] INFO  server.RaftServerConfigKeys (ConfUtils.java:logGet(46)) - raft.server.retrycache.statistics.expirytime = 100μs (default)
2023-06-17 14:24:41,321 [9b904d97-ba57-4d1c-b750-04e93ad7e320-groupManagement] INFO  server.RaftServerConfigKeys (ConfUtils.java:logGet(46)) - raft.server.read.option = DEFAULT (default)
2023-06-17 14:24:41,323 [9b904d97-ba57-4d1c-b750-04e93ad7e320-groupManagement] INFO  server.RaftServerConfigKeys (ConfUtils.java:logGet(46)) - raft.server.rpc.request.timeout = 60s (custom)
2023-06-17 14:24:41,323 [9b904d97-ba57-4d1c-b750-04e93ad7e320-groupManagement] INFO  server.RaftServerConfigKeys (ConfUtils.java:logGet(46)) - raft.server.log.appender.install.snapshot.enabled = false (custom)
2023-06-17 14:24:41,323 [9b904d97-ba57-4d1c-b750-04e93ad7e320-groupManagement] INFO  server.RaftServerConfigKeys (ConfUtils.java:logGet(46)) - raft.server.threadpool.server.cached = true (default)
2023-06-17 14:24:41,323 [9b904d97-ba57-4d1c-b750-04e93ad7e320-groupManagement] INFO  server.RaftServerConfigKeys (ConfUtils.java:logGet(46)) - raft.server.threadpool.server.size = 0 (default)
2023-06-17 14:24:41,323 [9b904d97-ba57-4d1c-b750-04e93ad7e320-groupManagement] INFO  server.RaftServerConfigKeys (ConfUtils.java:logGet(46)) - raft.server.threadpool.client.cached = true (default)
2023-06-17 14:24:41,323 [9b904d97-ba57-4d1c-b750-04e93ad7e320-groupManagement] INFO  server.RaftServerConfigKeys (ConfUtils.java:logGet(46)) - raft.server.threadpool.client.size = 0 (default)
2023-06-17 14:24:41,323 [9b904d97-ba57-4d1c-b750-04e93ad7e320-groupManagement] INFO  storage.RaftStorageDirectory (RaftStorageDirectoryImpl.java:analyzeStorage(137)) - The storage directory /home/runner/work/ozone/ozone/hadoop-ozone/integration-test/target/test-dir/MiniOzoneClusterImpl-68882fc2-21fb-4ea4-940d-4f92d2da87ec/datanode-0/data/ratis/069d6f8c-1a4c-4c87-8230-4103141b7879 does not exist. Creating ...
2023-06-17 14:24:41,324 [9b904d97-ba57-4d1c-b750-04e93ad7e320-groupManagement] INFO  storage.RaftStorageDirectory (RaftStorageDirectoryImpl.java:tryLock(231)) - Lock on /home/runner/work/ozone/ozone/hadoop-ozone/integration-test/target/test-dir/MiniOzoneClusterImpl-68882fc2-21fb-4ea4-940d-4f92d2da87ec/datanode-0/data/ratis/069d6f8c-1a4c-4c87-8230-4103141b7879/in_use.lock acquired by nodename 109811@fv-az1035-386
2023-06-17 14:24:41,325 [9b904d97-ba57-4d1c-b750-04e93ad7e320-groupManagement] INFO  storage.RaftStorage (RaftStorageImpl.java:format(96)) - Storage directory /home/runner/work/ozone/ozone/hadoop-ozone/integration-test/target/test-dir/MiniOzoneClusterImpl-68882fc2-21fb-4ea4-940d-4f92d2da87ec/datanode-0/data/ratis/069d6f8c-1a4c-4c87-8230-4103141b7879 has been successfully formatted.
2023-06-17 14:24:41,333 [9b904d97-ba57-4d1c-b750-04e93ad7e320-groupManagement] INFO  ratis.ContainerStateMachine (ContainerStateMachine.java:loadSnapshot(262)) - group-4103141B7879: The snapshot info is null. Setting the last applied indexto:(t:0, i:~)
2023-06-17 14:24:41,333 [9b904d97-ba57-4d1c-b750-04e93ad7e320-groupManagement] INFO  server.RaftServerConfigKeys (ConfUtils.java:logGet(46)) - raft.server.log.use.memory = false (default)
2023-06-17 14:24:41,333 [9b904d97-ba57-4d1c-b750-04e93ad7e320-groupManagement] INFO  server.RaftServerConfigKeys (ConfUtils.java:logGet(46)) - raft.server.log.purge.gap = 1000000 (custom)
2023-06-17 14:24:41,333 [9b904d97-ba57-4d1c-b750-04e93ad7e320-groupManagement] INFO  server.RaftServerConfigKeys (ConfUtils.java:logGet(46)) - raft.server.log.appender.buffer.byte-limit = 33554432 (custom)
2023-06-17 14:24:41,333 [9b904d97-ba57-4d1c-b750-04e93ad7e320-groupManagement] INFO  server.RaftServerConfigKeys (ConfUtils.java:logGet(46)) - raft.server.log.statemachine.data.read.timeout = 1000ms (default)
2023-06-17 14:24:41,333 [9b904d97-ba57-4d1c-b750-04e93ad7e320-groupManagement] INFO  server.RaftServerConfigKeys (ConfUtils.java:logGet(46)) - raft.server.log.purge.preservation.log.num = 0 (default)
2023-06-17 14:24:41,334 [EventQueue-OpenPipelineForHealthyPipelineSafeModeRule] INFO  safemode.SCMSafeModeManager (HealthyPipelineSafeModeRule.java:process(137)) - SCM in safe mode. Healthy pipelines reported count is 0, required healthy pipeline reported count is 1
2023-06-17 14:24:41,336 [9b904d97-ba57-4d1c-b750-04e93ad7e320-groupManagement] INFO  server.RaftServerConfigKeys (ConfUtils.java:logGet(46)) - raft.server.log.segment.size.max = 1048576 (custom)
2023-06-17 14:24:41,336 [9b904d97-ba57-4d1c-b750-04e93ad7e320-groupManagement] INFO  server.RaftServerConfigKeys (ConfUtils.java:logGet(46)) - raft.server.log.segment.cache.num.max = 2 (custom)
2023-06-17 14:24:41,336 [9b904d97-ba57-4d1c-b750-04e93ad7e320-groupManagement] INFO  server.RaftServerConfigKeys (ConfUtils.java:logGet(46)) - raft.server.log.segment.cache.size.max = 200MB (=209715200) (default)
2023-06-17 14:24:41,336 [9b904d97-ba57-4d1c-b750-04e93ad7e320-groupManagement] INFO  server.RaftServerConfigKeys (ConfUtils.java:logGet(46)) - raft.server.log.appender.buffer.byte-limit = 33554432 (custom)
2023-06-17 14:24:41,339 [9b904d97-ba57-4d1c-b750-04e93ad7e320-groupManagement] INFO  segmented.SegmentedRaftLogWorker (SegmentedRaftLogWorker.java:<init>(188)) - new 9b904d97-ba57-4d1c-b750-04e93ad7e320@group-4103141B7879-SegmentedRaftLogWorker for RaftStorageImpl:Storage Directory /home/runner/work/ozone/ozone/hadoop-ozone/integration-test/target/test-dir/MiniOzoneClusterImpl-68882fc2-21fb-4ea4-940d-4f92d2da87ec/datanode-0/data/ratis/069d6f8c-1a4c-4c87-8230-4103141b7879
2023-06-17 14:24:41,339 [9b904d97-ba57-4d1c-b750-04e93ad7e320-groupManagement] INFO  server.RaftServerConfigKeys (ConfUtils.java:logGet(46)) - raft.server.log.queue.byte-limit = 4294967296 (custom)
2023-06-17 14:24:41,339 [9b904d97-ba57-4d1c-b750-04e93ad7e320-groupManagement] INFO  server.RaftServerConfigKeys (ConfUtils.java:logGet(46)) - raft.server.log.queue.element-limit = 1024 (custom)
2023-06-17 14:24:41,339 [9b904d97-ba57-4d1c-b750-04e93ad7e320-groupManagement] INFO  server.RaftServerConfigKeys (ConfUtils.java:logGet(46)) - raft.server.log.segment.size.max = 1048576 (custom)
2023-06-17 14:24:41,339 [9b904d97-ba57-4d1c-b750-04e93ad7e320-groupManagement] INFO  server.RaftServerConfigKeys (ConfUtils.java:logGet(46)) - raft.server.log.preallocated.size = 16384 (custom)
2023-06-17 14:24:41,339 [9b904d97-ba57-4d1c-b750-04e93ad7e320-groupManagement] INFO  server.RaftServerConfigKeys (ConfUtils.java:logGet(46)) - raft.server.log.force.sync.num = 128 (default)
2023-06-17 14:24:41,339 [9b904d97-ba57-4d1c-b750-04e93ad7e320-groupManagement] INFO  server.RaftServerConfigKeys (ConfUtils.java:logGet(46)) - raft.server.log.statemachine.data.sync = true (default)
2023-06-17 14:24:41,339 [9b904d97-ba57-4d1c-b750-04e93ad7e320-groupManagement] INFO  server.RaftServerConfigKeys (ConfUtils.java:logGet(46)) - raft.server.log.statemachine.data.sync.timeout = 10s (default)
2023-06-17 14:24:41,339 [9b904d97-ba57-4d1c-b750-04e93ad7e320-groupManagement] INFO  server.RaftServerConfigKeys (ConfUtils.java:logGet(46)) - raft.server.log.statemachine.data.sync.timeout.retry = -1 (default)
2023-06-17 14:24:41,342 [9b904d97-ba57-4d1c-b750-04e93ad7e320-groupManagement] INFO  server.RaftServerConfigKeys (ConfUtils.java:logGet(46)) - raft.server.log.write.buffer.size = 1048576 (custom)
2023-06-17 14:24:41,344 [9b904d97-ba57-4d1c-b750-04e93ad7e320-groupManagement] INFO  server.RaftServerConfigKeys (ConfUtils.java:logGet(46)) - raft.server.log.appender.buffer.byte-limit = 33554432 (custom)
2023-06-17 14:24:41,559 [JvmPauseMonitor2] WARN  util.JvmPauseMonitor (JvmPauseMonitor.java:detectPause(124)) - JvmPauseMonitor-9b904d97-ba57-4d1c-b750-04e93ad7e320: Detected pause in JVM or host machine approximately 0.197s with 0.203s GC time.
GC pool 'PS MarkSweep' had collection(s): count=1 time=133ms
GC pool 'PS Scavenge' had collection(s): count=1 time=70ms
2023-06-17 14:24:41,571 [9b904d97-ba57-4d1c-b750-04e93ad7e320-groupManagement] INFO  server.RaftServerConfigKeys (ConfUtils.java:logGet(46)) - raft.server.log.unsafe-flush.enabled = false (default)
2023-06-17 14:24:41,571 [9b904d97-ba57-4d1c-b750-04e93ad7e320-groupManagement] INFO  server.RaftServerConfigKeys (ConfUtils.java:logGet(46)) - raft.server.log.async-flush.enabled = false (default)
2023-06-17 14:24:41,571 [9b904d97-ba57-4d1c-b750-04e93ad7e320-groupManagement] INFO  server.RaftServerConfigKeys (ConfUtils.java:logGet(46)) - raft.server.log.statemachine.data.caching.enabled = true (custom)
2023-06-17 14:24:41,572 [9b904d97-ba57-4d1c-b750-04e93ad7e320-groupManagement] INFO  segmented.SegmentedRaftLogWorker (SegmentedRaftLogWorker.java:lambda$new$0(135)) - 9b904d97-ba57-4d1c-b750-04e93ad7e320@group-4103141B7879-SegmentedRaftLogWorker: flushIndex: setUnconditionally 0 -> -1
2023-06-17 14:24:41,572 [9b904d97-ba57-4d1c-b750-04e93ad7e320-groupManagement] INFO  segmented.SegmentedRaftLogWorker (SegmentedRaftLogWorker.java:lambda$new$0(135)) - 9b904d97-ba57-4d1c-b750-04e93ad7e320@group-4103141B7879-SegmentedRaftLogWorker: safeCacheEvictIndex: setUnconditionally 0 -> -1
2023-06-17 14:24:41,572 [9b904d97-ba57-4d1c-b750-04e93ad7e320-groupManagement] INFO  server.RaftServer$Division (RaftServerImpl.java:start(342)) - 9b904d97-ba57-4d1c-b750-04e93ad7e320@group-4103141B7879: start as a follower, conf=-1: peers:[50e7a123-fb10-4f6b-bd10-2c6e895f4416|rpc:10.1.0.30:15032|admin:10.1.0.30:15031|client:10.1.0.30:15030|dataStream:10.1.0.30:15033|priority:0|startupRole:FOLLOWER, 8624e205-2d39-4523-82ac-4c9e49e08d77|rpc:10.1.0.30:15023|admin:10.1.0.30:15022|client:10.1.0.30:15021|dataStream:10.1.0.30:15024|priority:0|startupRole:FOLLOWER, 9b904d97-ba57-4d1c-b750-04e93ad7e320|rpc:10.1.0.30:15014|admin:10.1.0.30:15013|client:10.1.0.30:15012|dataStream:10.1.0.30:15015|priority:1|startupRole:FOLLOWER]|listeners:[], old=null
2023-06-17 14:24:41,572 [9b904d97-ba57-4d1c-b750-04e93ad7e320-groupManagement] INFO  server.RaftServer$Division (RaftServerImpl.java:setRole(329)) - 9b904d97-ba57-4d1c-b750-04e93ad7e320@group-4103141B7879: changes role from      null to FOLLOWER at term 0 for startAsFollower
2023-06-17 14:24:41,572 [9b904d97-ba57-4d1c-b750-04e93ad7e320-groupManagement] INFO  impl.RoleInfo (RoleInfo.java:updateAndGet(139)) - 9b904d97-ba57-4d1c-b750-04e93ad7e320: start 9b904d97-ba57-4d1c-b750-04e93ad7e320@group-4103141B7879-FollowerState
2023-06-17 14:24:41,573 [9b904d97-ba57-4d1c-b750-04e93ad7e320-groupManagement] INFO  util.JmxRegister (JmxRegister.java:tryRegister(44)) - Successfully registered JMX Bean with object name Ratis:service=RaftServer,group=group-4103141B7879,id=9b904d97-ba57-4d1c-b750-04e93ad7e320
2023-06-17 14:24:41,573 [9b904d97-ba57-4d1c-b750-04e93ad7e320-groupManagement] INFO  server.RaftServerConfigKeys (ConfUtils.java:logGet(46)) - raft.server.snapshot.auto.trigger.enabled = true (custom)
2023-06-17 14:24:41,573 [9b904d97-ba57-4d1c-b750-04e93ad7e320-groupManagement] INFO  server.RaftServerConfigKeys (ConfUtils.java:logGet(46)) - raft.server.snapshot.auto.trigger.threshold = 10000 (custom)
2023-06-17 14:24:41,573 [9b904d97-ba57-4d1c-b750-04e93ad7e320-groupManagement] INFO  server.RaftServerConfigKeys (ConfUtils.java:logGet(46)) - raft.server.snapshot.retention.file.num = 5 (custom)
2023-06-17 14:24:41,573 [9b904d97-ba57-4d1c-b750-04e93ad7e320-groupManagement] INFO  server.RaftServerConfigKeys (ConfUtils.java:logGet(46)) - raft.server.log.purge.upto.snapshot.index = false (default)
2023-06-17 14:24:41,576 [9b904d97-ba57-4d1c-b750-04e93ad7e320@group-4103141B7879-FollowerState] INFO  server.RaftServerConfigKeys (ConfUtils.java:logFallback(53)) - raft.server.rpc.first-election.timeout.min = 5s (fallback to raft.server.rpc.timeout.min)
2023-06-17 14:24:41,583 [PipelineCommandHandlerThread-0] INFO  ratis.XceiverServerRatis (XceiverServerRatis.java:addGroup(804)) - Created group PipelineID=069d6f8c-1a4c-4c87-8230-4103141b7879
2023-06-17 14:24:41,583 [9b904d97-ba57-4d1c-b750-04e93ad7e320@group-4103141B7879-FollowerState] INFO  server.RaftServerConfigKeys (ConfUtils.java:logFallback(53)) - raft.server.rpc.first-election.timeout.max = 5200ms (fallback to raft.server.rpc.timeout.max)
2023-06-17 14:24:41,737 [PipelineCommandHandlerThread-0] INFO  server.RaftServer (RaftServerProxy.java:addNew(98)) - 8624e205-2d39-4523-82ac-4c9e49e08d77: addNew group-D40AD2ACF1D8:[8624e205-2d39-4523-82ac-4c9e49e08d77|rpc:10.1.0.30:15023|admin:10.1.0.30:15022|client:10.1.0.30:15021|dataStream:10.1.0.30:15024|priority:1|startupRole:FOLLOWER] returns group-D40AD2ACF1D8:java.util.concurrent.CompletableFuture@7ce95dfa[Not completed]
2023-06-17 14:24:41,740 [8624e205-2d39-4523-82ac-4c9e49e08d77-groupManagement] INFO  server.RaftServer$Division (RaftServerImpl.java:<init>(198)) - 8624e205-2d39-4523-82ac-4c9e49e08d77: new RaftServerImpl for group-D40AD2ACF1D8:[8624e205-2d39-4523-82ac-4c9e49e08d77|rpc:10.1.0.30:15023|admin:10.1.0.30:15022|client:10.1.0.30:15021|dataStream:10.1.0.30:15024|priority:1|startupRole:FOLLOWER] with ContainerStateMachine:uninitialized
2023-06-17 14:24:41,740 [8624e205-2d39-4523-82ac-4c9e49e08d77-groupManagement] INFO  server.RaftServerConfigKeys (ConfUtils.java:logGet(46)) - raft.server.rpc.timeout.min = 5s (custom)
2023-06-17 14:24:41,740 [8624e205-2d39-4523-82ac-4c9e49e08d77-groupManagement] INFO  server.RaftServerConfigKeys (ConfUtils.java:logGet(46)) - raft.server.rpc.timeout.max = 5200ms (custom)
2023-06-17 14:24:41,740 [8624e205-2d39-4523-82ac-4c9e49e08d77-groupManagement] INFO  server.RaftServerConfigKeys (ConfUtils.java:logGet(46)) - raft.server.rpc.sleep.time = 25ms (default)
2023-06-17 14:24:41,740 [8624e205-2d39-4523-82ac-4c9e49e08d77-groupManagement] INFO  server.RaftServerConfigKeys (ConfUtils.java:logGet(46)) - raft.server.rpc.slowness.timeout = 300s (custom)
2023-06-17 14:24:41,740 [8624e205-2d39-4523-82ac-4c9e49e08d77-groupManagement] INFO  server.RaftServerConfigKeys (ConfUtils.java:logGet(46)) - raft.server.leaderelection.leader.step-down.wait-time = 10s (default)
2023-06-17 14:24:41,741 [8624e205-2d39-4523-82ac-4c9e49e08d77-groupManagement] INFO  server.RaftServerConfigKeys (ConfUtils.java:logGet(46)) - raft.server.sleep.deviation.threshold = 300ms (default)
2023-06-17 14:24:41,741 [8624e205-2d39-4523-82ac-4c9e49e08d77-groupManagement] INFO  server.RaftServer$Division (ServerState.java:<init>(120)) - 8624e205-2d39-4523-82ac-4c9e49e08d77@group-D40AD2ACF1D8: ConfigurationManager, init=-1: peers:[8624e205-2d39-4523-82ac-4c9e49e08d77|rpc:10.1.0.30:15023|admin:10.1.0.30:15022|client:10.1.0.30:15021|dataStream:10.1.0.30:15024|priority:1|startupRole:FOLLOWER]|listeners:[], old=null, confs=<EMPTY_MAP>
2023-06-17 14:24:41,741 [8624e205-2d39-4523-82ac-4c9e49e08d77-groupManagement] INFO  server.RaftServerConfigKeys (ConfUtils.java:logGet(46)) - raft.server.storage.dir = [/home/runner/work/ozone/ozone/hadoop-ozone/integration-test/target/test-dir/MiniOzoneClusterImpl-68882fc2-21fb-4ea4-940d-4f92d2da87ec/datanode-1/data/ratis] (custom)
2023-06-17 14:24:41,742 [8624e205-2d39-4523-82ac-4c9e49e08d77-groupManagement] INFO  server.RaftServerConfigKeys (ConfUtils.java:logGet(46)) - raft.server.log.corruption.policy = EXCEPTION (default)
2023-06-17 14:24:41,742 [8624e205-2d39-4523-82ac-4c9e49e08d77-groupManagement] INFO  server.RaftServerConfigKeys (ConfUtils.java:logGet(46)) - raft.server.storage.free-space.min = 0MB (=0) (default)
2023-06-17 14:24:41,742 [8624e205-2d39-4523-82ac-4c9e49e08d77-groupManagement] INFO  server.RaftServerConfigKeys (ConfUtils.java:logGet(46)) - raft.server.notification.no-leader.timeout = 300s (custom)
2023-06-17 14:24:41,742 [8624e205-2d39-4523-82ac-4c9e49e08d77-groupManagement] INFO  server.RaftServerConfigKeys (ConfUtils.java:logGet(46)) - raft.server.read.timeout = 10s (default)
2023-06-17 14:24:41,742 [8624e205-2d39-4523-82ac-4c9e49e08d77-groupManagement] INFO  server.RaftServerConfigKeys (ConfUtils.java:logGet(46)) - raft.server.retrycache.expirytime = 600000ms (custom)
2023-06-17 14:24:41,742 [8624e205-2d39-4523-82ac-4c9e49e08d77-groupManagement] INFO  server.RaftServerConfigKeys (ConfUtils.java:logGet(46)) - raft.server.retrycache.statistics.expirytime = 100μs (default)
2023-06-17 14:24:41,742 [8624e205-2d39-4523-82ac-4c9e49e08d77-groupManagement] INFO  server.RaftServerConfigKeys (ConfUtils.java:logGet(46)) - raft.server.read.option = DEFAULT (default)
2023-06-17 14:24:41,748 [8624e205-2d39-4523-82ac-4c9e49e08d77-groupManagement] INFO  server.RaftServerConfigKeys (ConfUtils.java:logGet(46)) - raft.server.rpc.request.timeout = 60s (custom)
2023-06-17 14:24:41,748 [8624e205-2d39-4523-82ac-4c9e49e08d77-groupManagement] INFO  server.RaftServerConfigKeys (ConfUtils.java:logGet(46)) - raft.server.log.appender.install.snapshot.enabled = false (custom)
2023-06-17 14:24:41,748 [8624e205-2d39-4523-82ac-4c9e49e08d77-groupManagement] INFO  server.RaftServerConfigKeys (ConfUtils.java:logGet(46)) - raft.server.threadpool.server.cached = true (default)
2023-06-17 14:24:41,748 [8624e205-2d39-4523-82ac-4c9e49e08d77-groupManagement] INFO  server.RaftServerConfigKeys (ConfUtils.java:logGet(46)) - raft.server.threadpool.server.size = 0 (default)
2023-06-17 14:24:41,748 [8624e205-2d39-4523-82ac-4c9e49e08d77-groupManagement] INFO  server.RaftServerConfigKeys (ConfUtils.java:logGet(46)) - raft.server.threadpool.client.cached = true (default)
2023-06-17 14:24:41,748 [8624e205-2d39-4523-82ac-4c9e49e08d77-groupManagement] INFO  server.RaftServerConfigKeys (ConfUtils.java:logGet(46)) - raft.server.threadpool.client.size = 0 (default)
2023-06-17 14:24:41,748 [8624e205-2d39-4523-82ac-4c9e49e08d77-groupManagement] INFO  storage.RaftStorageDirectory (RaftStorageDirectoryImpl.java:analyzeStorage(137)) - The storage directory /home/runner/work/ozone/ozone/hadoop-ozone/integration-test/target/test-dir/MiniOzoneClusterImpl-68882fc2-21fb-4ea4-940d-4f92d2da87ec/datanode-1/data/ratis/960348f6-8480-4b89-8883-d40ad2acf1d8 does not exist. Creating ...
2023-06-17 14:24:41,750 [8624e205-2d39-4523-82ac-4c9e49e08d77-groupManagement] INFO  storage.RaftStorageDirectory (RaftStorageDirectoryImpl.java:tryLock(231)) - Lock on /home/runner/work/ozone/ozone/hadoop-ozone/integration-test/target/test-dir/MiniOzoneClusterImpl-68882fc2-21fb-4ea4-940d-4f92d2da87ec/datanode-1/data/ratis/960348f6-8480-4b89-8883-d40ad2acf1d8/in_use.lock acquired by nodename 109811@fv-az1035-386
2023-06-17 14:24:41,752 [8624e205-2d39-4523-82ac-4c9e49e08d77-groupManagement] INFO  storage.RaftStorage (RaftStorageImpl.java:format(96)) - Storage directory /home/runner/work/ozone/ozone/hadoop-ozone/integration-test/target/test-dir/MiniOzoneClusterImpl-68882fc2-21fb-4ea4-940d-4f92d2da87ec/datanode-1/data/ratis/960348f6-8480-4b89-8883-d40ad2acf1d8 has been successfully formatted.
2023-06-17 14:24:41,753 [8624e205-2d39-4523-82ac-4c9e49e08d77-groupManagement] INFO  ratis.ContainerStateMachine (ContainerStateMachine.java:loadSnapshot(262)) - group-D40AD2ACF1D8: The snapshot info is null. Setting the last applied indexto:(t:0, i:~)
2023-06-17 14:24:41,755 [8624e205-2d39-4523-82ac-4c9e49e08d77-groupManagement] INFO  server.RaftServerConfigKeys (ConfUtils.java:logGet(46)) - raft.server.log.use.memory = false (default)
2023-06-17 14:24:41,755 [8624e205-2d39-4523-82ac-4c9e49e08d77-groupManagement] INFO  server.RaftServerConfigKeys (ConfUtils.java:logGet(46)) - raft.server.log.purge.gap = 1000000 (custom)
2023-06-17 14:24:41,755 [8624e205-2d39-4523-82ac-4c9e49e08d77-groupManagement] INFO  server.RaftServerConfigKeys (ConfUtils.java:logGet(46)) - raft.server.log.appender.buffer.byte-limit = 33554432 (custom)
2023-06-17 14:24:41,755 [8624e205-2d39-4523-82ac-4c9e49e08d77-groupManagement] INFO  server.RaftServerConfigKeys (ConfUtils.java:logGet(46)) - raft.server.log.statemachine.data.read.timeout = 1000ms (default)
2023-06-17 14:24:41,755 [8624e205-2d39-4523-82ac-4c9e49e08d77-groupManagement] INFO  server.RaftServerConfigKeys (ConfUtils.java:logGet(46)) - raft.server.log.purge.preservation.log.num = 0 (default)
2023-06-17 14:24:41,757 [8624e205-2d39-4523-82ac-4c9e49e08d77-groupManagement] INFO  server.RaftServerConfigKeys (ConfUtils.java:logGet(46)) - raft.server.log.segment.size.max = 1048576 (custom)
2023-06-17 14:24:41,757 [8624e205-2d39-4523-82ac-4c9e49e08d77-groupManagement] INFO  server.RaftServerConfigKeys (ConfUtils.java:logGet(46)) - raft.server.log.segment.cache.num.max = 2 (custom)
2023-06-17 14:24:41,757 [8624e205-2d39-4523-82ac-4c9e49e08d77-groupManagement] INFO  server.RaftServerConfigKeys (ConfUtils.java:logGet(46)) - raft.server.log.segment.cache.size.max = 200MB (=209715200) (default)
2023-06-17 14:24:41,757 [8624e205-2d39-4523-82ac-4c9e49e08d77-groupManagement] INFO  server.RaftServerConfigKeys (ConfUtils.java:logGet(46)) - raft.server.log.appender.buffer.byte-limit = 33554432 (custom)
2023-06-17 14:24:41,757 [8624e205-2d39-4523-82ac-4c9e49e08d77-groupManagement] INFO  segmented.SegmentedRaftLogWorker (SegmentedRaftLogWorker.java:<init>(188)) - new 8624e205-2d39-4523-82ac-4c9e49e08d77@group-D40AD2ACF1D8-SegmentedRaftLogWorker for RaftStorageImpl:Storage Directory /home/runner/work/ozone/ozone/hadoop-ozone/integration-test/target/test-dir/MiniOzoneClusterImpl-68882fc2-21fb-4ea4-940d-4f92d2da87ec/datanode-1/data/ratis/960348f6-8480-4b89-8883-d40ad2acf1d8
2023-06-17 14:24:41,757 [8624e205-2d39-4523-82ac-4c9e49e08d77-groupManagement] INFO  server.RaftServerConfigKeys (ConfUtils.java:logGet(46)) - raft.server.log.queue.byte-limit = 4294967296 (custom)
2023-06-17 14:24:41,759 [EventQueue-PipelineReportForPipelineReportHandler] INFO  pipeline.PipelineManagerImpl (PipelineManagerImpl.java:openPipeline(367)) - Pipeline Pipeline[ Id: 960348f6-8480-4b89-8883-d40ad2acf1d8, Nodes: 8624e205-2d39-4523-82ac-4c9e49e08d77(fv-az1035-386.p4kjid14prhuxkk4m0x4prg4bg.cx.internal.cloudapp.net/10.1.0.30), ReplicationConfig: RATIS/ONE, State:ALLOCATED, leaderId:8624e205-2d39-4523-82ac-4c9e49e08d77, CreationTimestamp2023-06-17T14:24:38.741Z[Etc/UTC]] moved to OPEN state
2023-06-17 14:24:41,760 [EventQueue-OpenPipelineForHealthyPipelineSafeModeRule] INFO  safemode.SCMSafeModeManager (HealthyPipelineSafeModeRule.java:process(137)) - SCM in safe mode. Healthy pipelines reported count is 0, required healthy pipeline reported count is 1
2023-06-17 14:24:41,761 [8624e205-2d39-4523-82ac-4c9e49e08d77-groupManagement] INFO  server.RaftServerConfigKeys (ConfUtils.java:logGet(46)) - raft.server.log.queue.element-limit = 1024 (custom)
2023-06-17 14:24:41,761 [8624e205-2d39-4523-82ac-4c9e49e08d77-groupManagement] INFO  server.RaftServerConfigKeys (ConfUtils.java:logGet(46)) - raft.server.log.segment.size.max = 1048576 (custom)
2023-06-17 14:24:41,761 [8624e205-2d39-4523-82ac-4c9e49e08d77-groupManagement] INFO  server.RaftServerConfigKeys (ConfUtils.java:logGet(46)) - raft.server.log.preallocated.size = 16384 (custom)
2023-06-17 14:24:41,761 [8624e205-2d39-4523-82ac-4c9e49e08d77-groupManagement] INFO  server.RaftServerConfigKeys (ConfUtils.java:logGet(46)) - raft.server.log.force.sync.num = 128 (default)
2023-06-17 14:24:41,761 [8624e205-2d39-4523-82ac-4c9e49e08d77-groupManagement] INFO  server.RaftServerConfigKeys (ConfUtils.java:logGet(46)) - raft.server.log.statemachine.data.sync = true (default)
2023-06-17 14:24:41,761 [8624e205-2d39-4523-82ac-4c9e49e08d77-groupManagement] INFO  server.RaftServerConfigKeys (ConfUtils.java:logGet(46)) - raft.server.log.statemachine.data.sync.timeout = 10s (default)
2023-06-17 14:24:41,761 [8624e205-2d39-4523-82ac-4c9e49e08d77-groupManagement] INFO  server.RaftServerConfigKeys (ConfUtils.java:logGet(46)) - raft.server.log.statemachine.data.sync.timeout.retry = -1 (default)
2023-06-17 14:24:41,765 [8624e205-2d39-4523-82ac-4c9e49e08d77-groupManagement] INFO  server.RaftServerConfigKeys (ConfUtils.java:logGet(46)) - raft.server.log.write.buffer.size = 1048576 (custom)
2023-06-17 14:24:41,765 [8624e205-2d39-4523-82ac-4c9e49e08d77-groupManagement] INFO  server.RaftServerConfigKeys (ConfUtils.java:logGet(46)) - raft.server.log.appender.buffer.byte-limit = 33554432 (custom)
2023-06-17 14:24:41,777 [8624e205-2d39-4523-82ac-4c9e49e08d77-groupManagement] INFO  server.RaftServerConfigKeys (ConfUtils.java:logGet(46)) - raft.server.log.unsafe-flush.enabled = false (default)
2023-06-17 14:24:41,777 [8624e205-2d39-4523-82ac-4c9e49e08d77-groupManagement] INFO  server.RaftServerConfigKeys (ConfUtils.java:logGet(46)) - raft.server.log.async-flush.enabled = false (default)
2023-06-17 14:24:41,777 [8624e205-2d39-4523-82ac-4c9e49e08d77-groupManagement] INFO  server.RaftServerConfigKeys (ConfUtils.java:logGet(46)) - raft.server.log.statemachine.data.caching.enabled = true (custom)
2023-06-17 14:24:41,777 [8624e205-2d39-4523-82ac-4c9e49e08d77-groupManagement] INFO  segmented.SegmentedRaftLogWorker (SegmentedRaftLogWorker.java:lambda$new$0(135)) - 8624e205-2d39-4523-82ac-4c9e49e08d77@group-D40AD2ACF1D8-SegmentedRaftLogWorker: flushIndex: setUnconditionally 0 -> -1
2023-06-17 14:24:41,778 [8624e205-2d39-4523-82ac-4c9e49e08d77-groupManagement] INFO  segmented.SegmentedRaftLogWorker (SegmentedRaftLogWorker.java:lambda$new$0(135)) - 8624e205-2d39-4523-82ac-4c9e49e08d77@group-D40AD2ACF1D8-SegmentedRaftLogWorker: safeCacheEvictIndex: setUnconditionally 0 -> -1
2023-06-17 14:24:41,778 [8624e205-2d39-4523-82ac-4c9e49e08d77-groupManagement] INFO  server.RaftServer$Division (RaftServerImpl.java:start(342)) - 8624e205-2d39-4523-82ac-4c9e49e08d77@group-D40AD2ACF1D8: start as a follower, conf=-1: peers:[8624e205-2d39-4523-82ac-4c9e49e08d77|rpc:10.1.0.30:15023|admin:10.1.0.30:15022|client:10.1.0.30:15021|dataStream:10.1.0.30:15024|priority:1|startupRole:FOLLOWER]|listeners:[], old=null
2023-06-17 14:24:41,779 [8624e205-2d39-4523-82ac-4c9e49e08d77-groupManagement] INFO  server.RaftServer$Division (RaftServerImpl.java:setRole(329)) - 8624e205-2d39-4523-82ac-4c9e49e08d77@group-D40AD2ACF1D8: changes role from      null to FOLLOWER at term 0 for startAsFollower
2023-06-17 14:24:41,779 [8624e205-2d39-4523-82ac-4c9e49e08d77-groupManagement] INFO  impl.RoleInfo (RoleInfo.java:updateAndGet(139)) - 8624e205-2d39-4523-82ac-4c9e49e08d77: start 8624e205-2d39-4523-82ac-4c9e49e08d77@group-D40AD2ACF1D8-FollowerState
2023-06-17 14:24:41,779 [8624e205-2d39-4523-82ac-4c9e49e08d77-groupManagement] INFO  util.JmxRegister (JmxRegister.java:tryRegister(44)) - Successfully registered JMX Bean with object name Ratis:service=RaftServer,group=group-D40AD2ACF1D8,id=8624e205-2d39-4523-82ac-4c9e49e08d77
2023-06-17 14:24:41,779 [8624e205-2d39-4523-82ac-4c9e49e08d77-groupManagement] INFO  server.RaftServerConfigKeys (ConfUtils.java:logGet(46)) - raft.server.snapshot.auto.trigger.enabled = true (custom)
2023-06-17 14:24:41,779 [8624e205-2d39-4523-82ac-4c9e49e08d77-groupManagement] INFO  server.RaftServerConfigKeys (ConfUtils.java:logGet(46)) - raft.server.snapshot.auto.trigger.threshold = 10000 (custom)
2023-06-17 14:24:41,779 [8624e205-2d39-4523-82ac-4c9e49e08d77-groupManagement] INFO  server.RaftServerConfigKeys (ConfUtils.java:logGet(46)) - raft.server.snapshot.retention.file.num = 5 (custom)
2023-06-17 14:24:41,780 [8624e205-2d39-4523-82ac-4c9e49e08d77@group-D40AD2ACF1D8-FollowerState] INFO  server.RaftServerConfigKeys (ConfUtils.java:logFallback(53)) - raft.server.rpc.first-election.timeout.min = 5s (fallback to raft.server.rpc.timeout.min)
2023-06-17 14:24:41,780 [8624e205-2d39-4523-82ac-4c9e49e08d77@group-D40AD2ACF1D8-FollowerState] INFO  server.RaftServerConfigKeys (ConfUtils.java:logFallback(53)) - raft.server.rpc.first-election.timeout.max = 5200ms (fallback to raft.server.rpc.timeout.max)
2023-06-17 14:24:41,781 [8624e205-2d39-4523-82ac-4c9e49e08d77-groupManagement] INFO  server.RaftServerConfigKeys (ConfUtils.java:logGet(46)) - raft.server.log.purge.upto.snapshot.index = false (default)
2023-06-17 14:24:41,788 [PipelineCommandHandlerThread-0] INFO  ratis.XceiverServerRatis (XceiverServerRatis.java:addGroup(804)) - Created group PipelineID=960348f6-8480-4b89-8883-d40ad2acf1d8
2023-06-17 14:24:41,788 [PipelineCommandHandlerThread-0] INFO  commandhandler.CreatePipelineCommandHandler (CreatePipelineCommandHandler.java:lambda$handle$2(124)) - Created Pipeline RATIS ONE PipelineID=960348f6-8480-4b89-8883-d40ad2acf1d8.
2023-06-17 14:24:41,788 [PipelineCommandHandlerThread-0] INFO  server.RaftServer (RaftServerProxy.java:addNew(98)) - 8624e205-2d39-4523-82ac-4c9e49e08d77: addNew group-4103141B7879:[50e7a123-fb10-4f6b-bd10-2c6e895f4416|rpc:10.1.0.30:15032|admin:10.1.0.30:15031|client:10.1.0.30:15030|dataStream:10.1.0.30:15033|priority:0|startupRole:FOLLOWER, 8624e205-2d39-4523-82ac-4c9e49e08d77|rpc:10.1.0.30:15023|admin:10.1.0.30:15022|client:10.1.0.30:15021|dataStream:10.1.0.30:15024|priority:0|startupRole:FOLLOWER, 9b904d97-ba57-4d1c-b750-04e93ad7e320|rpc:10.1.0.30:15014|admin:10.1.0.30:15013|client:10.1.0.30:15012|dataStream:10.1.0.30:15015|priority:1|startupRole:FOLLOWER] returns group-4103141B7879:java.util.concurrent.CompletableFuture@78d6c6bf[Not completed]
2023-06-17 14:24:41,790 [8624e205-2d39-4523-82ac-4c9e49e08d77-groupManagement] INFO  server.RaftServer$Division (RaftServerImpl.java:<init>(198)) - 8624e205-2d39-4523-82ac-4c9e49e08d77: new RaftServerImpl for group-4103141B7879:[50e7a123-fb10-4f6b-bd10-2c6e895f4416|rpc:10.1.0.30:15032|admin:10.1.0.30:15031|client:10.1.0.30:15030|dataStream:10.1.0.30:15033|priority:0|startupRole:FOLLOWER, 8624e205-2d39-4523-82ac-4c9e49e08d77|rpc:10.1.0.30:15023|admin:10.1.0.30:15022|client:10.1.0.30:15021|dataStream:10.1.0.30:15024|priority:0|startupRole:FOLLOWER, 9b904d97-ba57-4d1c-b750-04e93ad7e320|rpc:10.1.0.30:15014|admin:10.1.0.30:15013|client:10.1.0.30:15012|dataStream:10.1.0.30:15015|priority:1|startupRole:FOLLOWER] with ContainerStateMachine:uninitialized
2023-06-17 14:24:41,790 [8624e205-2d39-4523-82ac-4c9e49e08d77-groupManagement] INFO  server.RaftServerConfigKeys (ConfUtils.java:logGet(46)) - raft.server.rpc.timeout.min = 5s (custom)
2023-06-17 14:24:41,790 [8624e205-2d39-4523-82ac-4c9e49e08d77-groupManagement] INFO  server.RaftServerConfigKeys (ConfUtils.java:logGet(46)) - raft.server.rpc.timeout.max = 5200ms (custom)
2023-06-17 14:24:41,790 [8624e205-2d39-4523-82ac-4c9e49e08d77-groupManagement] INFO  server.RaftServerConfigKeys (ConfUtils.java:logGet(46)) - raft.server.rpc.sleep.time = 25ms (default)
2023-06-17 14:24:41,790 [8624e205-2d39-4523-82ac-4c9e49e08d77-groupManagement] INFO  server.RaftServerConfigKeys (ConfUtils.java:logGet(46)) - raft.server.rpc.slowness.timeout = 300s (custom)
2023-06-17 14:24:41,790 [8624e205-2d39-4523-82ac-4c9e49e08d77-groupManagement] INFO  server.RaftServerConfigKeys (ConfUtils.java:logGet(46)) - raft.server.leaderelection.leader.step-down.wait-time = 10s (default)
2023-06-17 14:24:41,790 [8624e205-2d39-4523-82ac-4c9e49e08d77-groupManagement] INFO  server.RaftServerConfigKeys (ConfUtils.java:logGet(46)) - raft.server.sleep.deviation.threshold = 300ms (default)
2023-06-17 14:24:41,791 [8624e205-2d39-4523-82ac-4c9e49e08d77-groupManagement] INFO  server.RaftServer$Division (ServerState.java:<init>(120)) - 8624e205-2d39-4523-82ac-4c9e49e08d77@group-4103141B7879: ConfigurationManager, init=-1: peers:[50e7a123-fb10-4f6b-bd10-2c6e895f4416|rpc:10.1.0.30:15032|admin:10.1.0.30:15031|client:10.1.0.30:15030|dataStream:10.1.0.30:15033|priority:0|startupRole:FOLLOWER, 8624e205-2d39-4523-82ac-4c9e49e08d77|rpc:10.1.0.30:15023|admin:10.1.0.30:15022|client:10.1.0.30:15021|dataStream:10.1.0.30:15024|priority:0|startupRole:FOLLOWER, 9b904d97-ba57-4d1c-b750-04e93ad7e320|rpc:10.1.0.30:15014|admin:10.1.0.30:15013|client:10.1.0.30:15012|dataStream:10.1.0.30:15015|priority:1|startupRole:FOLLOWER]|listeners:[], old=null, confs=<EMPTY_MAP>
2023-06-17 14:24:41,791 [8624e205-2d39-4523-82ac-4c9e49e08d77-groupManagement] INFO  server.RaftServerConfigKeys (ConfUtils.java:logGet(46)) - raft.server.storage.dir = [/home/runner/work/ozone/ozone/hadoop-ozone/integration-test/target/test-dir/MiniOzoneClusterImpl-68882fc2-21fb-4ea4-940d-4f92d2da87ec/datanode-1/data/ratis] (custom)
2023-06-17 14:24:41,791 [8624e205-2d39-4523-82ac-4c9e49e08d77-groupManagement] INFO  server.RaftServerConfigKeys (ConfUtils.java:logGet(46)) - raft.server.log.corruption.policy = EXCEPTION (default)
2023-06-17 14:24:41,791 [8624e205-2d39-4523-82ac-4c9e49e08d77-groupManagement] INFO  server.RaftServerConfigKeys (ConfUtils.java:logGet(46)) - raft.server.storage.free-space.min = 0MB (=0) (default)
2023-06-17 14:24:41,791 [8624e205-2d39-4523-82ac-4c9e49e08d77-groupManagement] INFO  server.RaftServerConfigKeys (ConfUtils.java:logGet(46)) - raft.server.notification.no-leader.timeout = 300s (custom)
2023-06-17 14:24:41,791 [8624e205-2d39-4523-82ac-4c9e49e08d77-groupManagement] INFO  server.RaftServerConfigKeys (ConfUtils.java:logGet(46)) - raft.server.read.timeout = 10s (default)
2023-06-17 14:24:41,791 [8624e205-2d39-4523-82ac-4c9e49e08d77-groupManagement] INFO  server.RaftServerConfigKeys (ConfUtils.java:logGet(46)) - raft.server.retrycache.expirytime = 600000ms (custom)
2023-06-17 14:24:41,791 [8624e205-2d39-4523-82ac-4c9e49e08d77-groupManagement] INFO  server.RaftServerConfigKeys (ConfUtils.java:logGet(46)) - raft.server.retrycache.statistics.expirytime = 100μs (default)
2023-06-17 14:24:41,792 [8624e205-2d39-4523-82ac-4c9e49e08d77-groupManagement] INFO  server.RaftServerConfigKeys (ConfUtils.java:logGet(46)) - raft.server.read.option = DEFAULT (default)
2023-06-17 14:24:41,793 [8624e205-2d39-4523-82ac-4c9e49e08d77-groupManagement] INFO  server.RaftServerConfigKeys (ConfUtils.java:logGet(46)) - raft.server.rpc.request.timeout = 60s (custom)
2023-06-17 14:24:41,793 [8624e205-2d39-4523-82ac-4c9e49e08d77-groupManagement] INFO  server.RaftServerConfigKeys (ConfUtils.java:logGet(46)) - raft.server.log.appender.install.snapshot.enabled = false (custom)
2023-06-17 14:24:41,793 [8624e205-2d39-4523-82ac-4c9e49e08d77-groupManagement] INFO  server.RaftServerConfigKeys (ConfUtils.java:logGet(46)) - raft.server.threadpool.server.cached = true (default)
2023-06-17 14:24:41,793 [8624e205-2d39-4523-82ac-4c9e49e08d77-groupManagement] INFO  server.RaftServerConfigKeys (ConfUtils.java:logGet(46)) - raft.server.threadpool.server.size = 0 (default)
2023-06-17 14:24:41,793 [8624e205-2d39-4523-82ac-4c9e49e08d77-groupManagement] INFO  server.RaftServerConfigKeys (ConfUtils.java:logGet(46)) - raft.server.threadpool.client.cached = true (default)
2023-06-17 14:24:41,793 [8624e205-2d39-4523-82ac-4c9e49e08d77-groupManagement] INFO  server.RaftServerConfigKeys (ConfUtils.java:logGet(46)) - raft.server.threadpool.client.size = 0 (default)
2023-06-17 14:24:41,793 [8624e205-2d39-4523-82ac-4c9e49e08d77-groupManagement] INFO  storage.RaftStorageDirectory (RaftStorageDirectoryImpl.java:analyzeStorage(137)) - The storage directory /home/runner/work/ozone/ozone/hadoop-ozone/integration-test/target/test-dir/MiniOzoneClusterImpl-68882fc2-21fb-4ea4-940d-4f92d2da87ec/datanode-1/data/ratis/069d6f8c-1a4c-4c87-8230-4103141b7879 does not exist. Creating ...
2023-06-17 14:24:41,794 [8624e205-2d39-4523-82ac-4c9e49e08d77-groupManagement] INFO  storage.RaftStorageDirectory (RaftStorageDirectoryImpl.java:tryLock(231)) - Lock on /home/runner/work/ozone/ozone/hadoop-ozone/integration-test/target/test-dir/MiniOzoneClusterImpl-68882fc2-21fb-4ea4-940d-4f92d2da87ec/datanode-1/data/ratis/069d6f8c-1a4c-4c87-8230-4103141b7879/in_use.lock acquired by nodename 109811@fv-az1035-386
2023-06-17 14:24:41,796 [8624e205-2d39-4523-82ac-4c9e49e08d77-groupManagement] INFO  storage.RaftStorage (RaftStorageImpl.java:format(96)) - Storage directory /home/runner/work/ozone/ozone/hadoop-ozone/integration-test/target/test-dir/MiniOzoneClusterImpl-68882fc2-21fb-4ea4-940d-4f92d2da87ec/datanode-1/data/ratis/069d6f8c-1a4c-4c87-8230-4103141b7879 has been successfully formatted.
2023-06-17 14:24:41,804 [8624e205-2d39-4523-82ac-4c9e49e08d77-groupManagement] INFO  ratis.ContainerStateMachine (ContainerStateMachine.java:loadSnapshot(262)) - group-4103141B7879: The snapshot info is null. Setting the last applied indexto:(t:0, i:~)
2023-06-17 14:24:41,804 [8624e205-2d39-4523-82ac-4c9e49e08d77-groupManagement] INFO  server.RaftServerConfigKeys (ConfUtils.java:logGet(46)) - raft.server.log.use.memory = false (default)
2023-06-17 14:24:41,804 [8624e205-2d39-4523-82ac-4c9e49e08d77-groupManagement] INFO  server.RaftServerConfigKeys (ConfUtils.java:logGet(46)) - raft.server.log.purge.gap = 1000000 (custom)
2023-06-17 14:24:41,805 [EventQueue-OpenPipelineForHealthyPipelineSafeModeRule] INFO  safemode.SCMSafeModeManager (HealthyPipelineSafeModeRule.java:process(137)) - SCM in safe mode. Healthy pipelines reported count is 0, required healthy pipeline reported count is 1
2023-06-17 14:24:41,818 [8624e205-2d39-4523-82ac-4c9e49e08d77-groupManagement] INFO  server.RaftServerConfigKeys (ConfUtils.java:logGet(46)) - raft.server.log.appender.buffer.byte-limit = 33554432 (custom)
2023-06-17 14:24:41,818 [8624e205-2d39-4523-82ac-4c9e49e08d77-groupManagement] INFO  server.RaftServerConfigKeys (ConfUtils.java:logGet(46)) - raft.server.log.statemachine.data.read.timeout = 1000ms (default)
2023-06-17 14:24:41,818 [8624e205-2d39-4523-82ac-4c9e49e08d77-groupManagement] INFO  server.RaftServerConfigKeys (ConfUtils.java:logGet(46)) - raft.server.log.purge.preservation.log.num = 0 (default)
2023-06-17 14:24:41,818 [8624e205-2d39-4523-82ac-4c9e49e08d77-groupManagement] INFO  server.RaftServerConfigKeys (ConfUtils.java:logGet(46)) - raft.server.log.segment.size.max = 1048576 (custom)
2023-06-17 14:24:41,820 [8624e205-2d39-4523-82ac-4c9e49e08d77-groupManagement] INFO  server.RaftServerConfigKeys (ConfUtils.java:logGet(46)) - raft.server.log.segment.cache.num.max = 2 (custom)
2023-06-17 14:24:41,820 [8624e205-2d39-4523-82ac-4c9e49e08d77-groupManagement] INFO  server.RaftServerConfigKeys (ConfUtils.java:logGet(46)) - raft.server.log.segment.cache.size.max = 200MB (=209715200) (default)
2023-06-17 14:24:41,820 [8624e205-2d39-4523-82ac-4c9e49e08d77-groupManagement] INFO  server.RaftServerConfigKeys (ConfUtils.java:logGet(46)) - raft.server.log.appender.buffer.byte-limit = 33554432 (custom)
2023-06-17 14:24:41,820 [8624e205-2d39-4523-82ac-4c9e49e08d77-groupManagement] INFO  segmented.SegmentedRaftLogWorker (SegmentedRaftLogWorker.java:<init>(188)) - new 8624e205-2d39-4523-82ac-4c9e49e08d77@group-4103141B7879-SegmentedRaftLogWorker for RaftStorageImpl:Storage Directory /home/runner/work/ozone/ozone/hadoop-ozone/integration-test/target/test-dir/MiniOzoneClusterImpl-68882fc2-21fb-4ea4-940d-4f92d2da87ec/datanode-1/data/ratis/069d6f8c-1a4c-4c87-8230-4103141b7879
2023-06-17 14:24:41,820 [8624e205-2d39-4523-82ac-4c9e49e08d77-groupManagement] INFO  server.RaftServerConfigKeys (ConfUtils.java:logGet(46)) - raft.server.log.queue.byte-limit = 4294967296 (custom)
2023-06-17 14:24:41,820 [8624e205-2d39-4523-82ac-4c9e49e08d77-groupManagement] INFO  server.RaftServerConfigKeys (ConfUtils.java:logGet(46)) - raft.server.log.queue.element-limit = 1024 (custom)
2023-06-17 14:24:41,820 [8624e205-2d39-4523-82ac-4c9e49e08d77-groupManagement] INFO  server.RaftServerConfigKeys (ConfUtils.java:logGet(46)) - raft.server.log.segment.size.max = 1048576 (custom)
2023-06-17 14:24:41,820 [8624e205-2d39-4523-82ac-4c9e49e08d77-groupManagement] INFO  server.RaftServerConfigKeys (ConfUtils.java:logGet(46)) - raft.server.log.preallocated.size = 16384 (custom)
2023-06-17 14:24:41,820 [8624e205-2d39-4523-82ac-4c9e49e08d77-groupManagement] INFO  server.RaftServerConfigKeys (ConfUtils.java:logGet(46)) - raft.server.log.force.sync.num = 128 (default)
2023-06-17 14:24:41,820 [8624e205-2d39-4523-82ac-4c9e49e08d77-groupManagement] INFO  server.RaftServerConfigKeys (ConfUtils.java:logGet(46)) - raft.server.log.statemachine.data.sync = true (default)
2023-06-17 14:24:41,820 [8624e205-2d39-4523-82ac-4c9e49e08d77-groupManagement] INFO  server.RaftServerConfigKeys (ConfUtils.java:logGet(46)) - raft.server.log.statemachine.data.sync.timeout = 10s (default)
2023-06-17 14:24:41,820 [8624e205-2d39-4523-82ac-4c9e49e08d77-groupManagement] INFO  server.RaftServerConfigKeys (ConfUtils.java:logGet(46)) - raft.server.log.statemachine.data.sync.timeout.retry = -1 (default)
2023-06-17 14:24:41,822 [8624e205-2d39-4523-82ac-4c9e49e08d77-groupManagement] INFO  server.RaftServerConfigKeys (ConfUtils.java:logGet(46)) - raft.server.log.write.buffer.size = 1048576 (custom)
2023-06-17 14:24:41,828 [8624e205-2d39-4523-82ac-4c9e49e08d77-groupManagement] INFO  server.RaftServerConfigKeys (ConfUtils.java:logGet(46)) - raft.server.log.appender.buffer.byte-limit = 33554432 (custom)
2023-06-17 14:24:41,843 [8624e205-2d39-4523-82ac-4c9e49e08d77-groupManagement] INFO  server.RaftServerConfigKeys (ConfUtils.java:logGet(46)) - raft.server.log.unsafe-flush.enabled = false (default)
2023-06-17 14:24:41,844 [8624e205-2d39-4523-82ac-4c9e49e08d77-groupManagement] INFO  server.RaftServerConfigKeys (ConfUtils.java:logGet(46)) - raft.server.log.async-flush.enabled = false (default)
2023-06-17 14:24:41,844 [8624e205-2d39-4523-82ac-4c9e49e08d77-groupManagement] INFO  server.RaftServerConfigKeys (ConfUtils.java:logGet(46)) - raft.server.log.statemachine.data.caching.enabled = true (custom)
2023-06-17 14:24:41,851 [8624e205-2d39-4523-82ac-4c9e49e08d77-groupManagement] INFO  segmented.SegmentedRaftLogWorker (SegmentedRaftLogWorker.java:lambda$new$0(135)) - 8624e205-2d39-4523-82ac-4c9e49e08d77@group-4103141B7879-SegmentedRaftLogWorker: flushIndex: setUnconditionally 0 -> -1
2023-06-17 14:24:41,851 [8624e205-2d39-4523-82ac-4c9e49e08d77-groupManagement] INFO  segmented.SegmentedRaftLogWorker (SegmentedRaftLogWorker.java:lambda$new$0(135)) - 8624e205-2d39-4523-82ac-4c9e49e08d77@group-4103141B7879-SegmentedRaftLogWorker: safeCacheEvictIndex: setUnconditionally 0 -> -1
2023-06-17 14:24:41,855 [8624e205-2d39-4523-82ac-4c9e49e08d77-groupManagement] INFO  server.RaftServer$Division (RaftServerImpl.java:start(342)) - 8624e205-2d39-4523-82ac-4c9e49e08d77@group-4103141B7879: start as a follower, conf=-1: peers:[50e7a123-fb10-4f6b-bd10-2c6e895f4416|rpc:10.1.0.30:15032|admin:10.1.0.30:15031|client:10.1.0.30:15030|dataStream:10.1.0.30:15033|priority:0|startupRole:FOLLOWER, 8624e205-2d39-4523-82ac-4c9e49e08d77|rpc:10.1.0.30:15023|admin:10.1.0.30:15022|client:10.1.0.30:15021|dataStream:10.1.0.30:15024|priority:0|startupRole:FOLLOWER, 9b904d97-ba57-4d1c-b750-04e93ad7e320|rpc:10.1.0.30:15014|admin:10.1.0.30:15013|client:10.1.0.30:15012|dataStream:10.1.0.30:15015|priority:1|startupRole:FOLLOWER]|listeners:[], old=null
2023-06-17 14:24:41,855 [8624e205-2d39-4523-82ac-4c9e49e08d77-groupManagement] INFO  server.RaftServer$Division (RaftServerImpl.java:setRole(329)) - 8624e205-2d39-4523-82ac-4c9e49e08d77@group-4103141B7879: changes role from      null to FOLLOWER at term 0 for startAsFollower
2023-06-17 14:24:41,855 [8624e205-2d39-4523-82ac-4c9e49e08d77-groupManagement] INFO  impl.RoleInfo (RoleInfo.java:updateAndGet(139)) - 8624e205-2d39-4523-82ac-4c9e49e08d77: start 8624e205-2d39-4523-82ac-4c9e49e08d77@group-4103141B7879-FollowerState
2023-06-17 14:24:41,865 [8624e205-2d39-4523-82ac-4c9e49e08d77-groupManagement] INFO  util.JmxRegister (JmxRegister.java:tryRegister(44)) - Successfully registered JMX Bean with object name Ratis:service=RaftServer,group=group-4103141B7879,id=8624e205-2d39-4523-82ac-4c9e49e08d77
2023-06-17 14:24:41,865 [8624e205-2d39-4523-82ac-4c9e49e08d77-groupManagement] INFO  server.RaftServerConfigKeys (ConfUtils.java:logGet(46)) - raft.server.snapshot.auto.trigger.enabled = true (custom)
2023-06-17 14:24:41,865 [8624e205-2d39-4523-82ac-4c9e49e08d77-groupManagement] INFO  server.RaftServerConfigKeys (ConfUtils.java:logGet(46)) - raft.server.snapshot.auto.trigger.threshold = 10000 (custom)
2023-06-17 14:24:41,865 [8624e205-2d39-4523-82ac-4c9e49e08d77-groupManagement] INFO  server.RaftServerConfigKeys (ConfUtils.java:logGet(46)) - raft.server.snapshot.retention.file.num = 5 (custom)
2023-06-17 14:24:41,865 [8624e205-2d39-4523-82ac-4c9e49e08d77-groupManagement] INFO  server.RaftServerConfigKeys (ConfUtils.java:logGet(46)) - raft.server.log.purge.upto.snapshot.index = false (default)
2023-06-17 14:24:41,866 [8624e205-2d39-4523-82ac-4c9e49e08d77@group-4103141B7879-FollowerState] INFO  server.RaftServerConfigKeys (ConfUtils.java:logFallback(53)) - raft.server.rpc.first-election.timeout.min = 5s (fallback to raft.server.rpc.timeout.min)
2023-06-17 14:24:41,869 [PipelineCommandHandlerThread-0] INFO  ratis.XceiverServerRatis (XceiverServerRatis.java:addGroup(804)) - Created group PipelineID=069d6f8c-1a4c-4c87-8230-4103141b7879
2023-06-17 14:24:41,870 [8624e205-2d39-4523-82ac-4c9e49e08d77@group-4103141B7879-FollowerState] INFO  server.RaftServerConfigKeys (ConfUtils.java:logFallback(53)) - raft.server.rpc.first-election.timeout.max = 5200ms (fallback to raft.server.rpc.timeout.max)
2023-06-17 14:24:42,095 [main] INFO  ozone.MiniOzoneClusterImpl (MiniOzoneClusterImpl.java:lambda$waitForClusterToBeReady$0(224)) - Nodes are ready. Got 3 of 3 DN Heartbeats.
2023-06-17 14:24:42,096 [main] INFO  ozone.MiniOzoneClusterImpl (MiniOzoneClusterImpl.java:lambda$waitForClusterToBeReady$0(227)) - Waiting for cluster to exit safe mode
2023-06-17 14:24:42,096 [main] INFO  ozone.MiniOzoneClusterImpl (MiniOzoneClusterImpl.java:lambda$waitForClusterToBeReady$0(229)) - SCM became leader
2023-06-17 14:24:42,122 [PipelineCommandHandlerThread-0] INFO  server.RaftServer (RaftServerProxy.java:addNew(98)) - 50e7a123-fb10-4f6b-bd10-2c6e895f4416: addNew group-F1BA168EBC4E:[50e7a123-fb10-4f6b-bd10-2c6e895f4416|rpc:10.1.0.30:15032|admin:10.1.0.30:15031|client:10.1.0.30:15030|dataStream:10.1.0.30:15033|priority:1|startupRole:FOLLOWER] returns group-F1BA168EBC4E:java.util.concurrent.CompletableFuture@36a3482b[Not completed]
2023-06-17 14:24:42,137 [50e7a123-fb10-4f6b-bd10-2c6e895f4416-groupManagement] INFO  server.RaftServer$Division (RaftServerImpl.java:<init>(198)) - 50e7a123-fb10-4f6b-bd10-2c6e895f4416: new RaftServerImpl for group-F1BA168EBC4E:[50e7a123-fb10-4f6b-bd10-2c6e895f4416|rpc:10.1.0.30:15032|admin:10.1.0.30:15031|client:10.1.0.30:15030|dataStream:10.1.0.30:15033|priority:1|startupRole:FOLLOWER] with ContainerStateMachine:uninitialized
2023-06-17 14:24:42,138 [50e7a123-fb10-4f6b-bd10-2c6e895f4416-groupManagement] INFO  server.RaftServerConfigKeys (ConfUtils.java:logGet(46)) - raft.server.rpc.timeout.min = 5s (custom)
2023-06-17 14:24:42,138 [50e7a123-fb10-4f6b-bd10-2c6e895f4416-groupManagement] INFO  server.RaftServerConfigKeys (ConfUtils.java:logGet(46)) - raft.server.rpc.timeout.max = 5200ms (custom)
2023-06-17 14:24:42,138 [50e7a123-fb10-4f6b-bd10-2c6e895f4416-groupManagement] INFO  server.RaftServerConfigKeys (ConfUtils.java:logGet(46)) - raft.server.rpc.sleep.time = 25ms (default)
2023-06-17 14:24:42,138 [50e7a123-fb10-4f6b-bd10-2c6e895f4416-groupManagement] INFO  server.RaftServerConfigKeys (ConfUtils.java:logGet(46)) - raft.server.rpc.slowness.timeout = 300s (custom)
2023-06-17 14:24:42,138 [50e7a123-fb10-4f6b-bd10-2c6e895f4416-groupManagement] INFO  server.RaftServerConfigKeys (ConfUtils.java:logGet(46)) - raft.server.leaderelection.leader.step-down.wait-time = 10s (default)
2023-06-17 14:24:42,138 [50e7a123-fb10-4f6b-bd10-2c6e895f4416-groupManagement] INFO  server.RaftServerConfigKeys (ConfUtils.java:logGet(46)) - raft.server.sleep.deviation.threshold = 300ms (default)
2023-06-17 14:24:42,138 [50e7a123-fb10-4f6b-bd10-2c6e895f4416-groupManagement] INFO  server.RaftServer$Division (ServerState.java:<init>(120)) - 50e7a123-fb10-4f6b-bd10-2c6e895f4416@group-F1BA168EBC4E: ConfigurationManager, init=-1: peers:[50e7a123-fb10-4f6b-bd10-2c6e895f4416|rpc:10.1.0.30:15032|admin:10.1.0.30:15031|client:10.1.0.30:15030|dataStream:10.1.0.30:15033|priority:1|startupRole:FOLLOWER]|listeners:[], old=null, confs=<EMPTY_MAP>
2023-06-17 14:24:42,138 [50e7a123-fb10-4f6b-bd10-2c6e895f4416-groupManagement] INFO  server.RaftServerConfigKeys (ConfUtils.java:logGet(46)) - raft.server.storage.dir = [/home/runner/work/ozone/ozone/hadoop-ozone/integration-test/target/test-dir/MiniOzoneClusterImpl-68882fc2-21fb-4ea4-940d-4f92d2da87ec/datanode-2/data/ratis] (custom)
2023-06-17 14:24:42,139 [50e7a123-fb10-4f6b-bd10-2c6e895f4416-groupManagement] INFO  server.RaftServerConfigKeys (ConfUtils.java:logGet(46)) - raft.server.log.corruption.policy = EXCEPTION (default)
2023-06-17 14:24:42,139 [50e7a123-fb10-4f6b-bd10-2c6e895f4416-groupManagement] INFO  server.RaftServerConfigKeys (ConfUtils.java:logGet(46)) - raft.server.storage.free-space.min = 0MB (=0) (default)
2023-06-17 14:24:42,139 [50e7a123-fb10-4f6b-bd10-2c6e895f4416-groupManagement] INFO  server.RaftServerConfigKeys (ConfUtils.java:logGet(46)) - raft.server.notification.no-leader.timeout = 300s (custom)
2023-06-17 14:24:42,139 [50e7a123-fb10-4f6b-bd10-2c6e895f4416-groupManagement] INFO  server.RaftServerConfigKeys (ConfUtils.java:logGet(46)) - raft.server.read.timeout = 10s (default)
2023-06-17 14:24:42,139 [50e7a123-fb10-4f6b-bd10-2c6e895f4416-groupManagement] INFO  server.RaftServerConfigKeys (ConfUtils.java:logGet(46)) - raft.server.retrycache.expirytime = 600000ms (custom)
2023-06-17 14:24:42,139 [50e7a123-fb10-4f6b-bd10-2c6e895f4416-groupManagement] INFO  server.RaftServerConfigKeys (ConfUtils.java:logGet(46)) - raft.server.retrycache.statistics.expirytime = 100μs (default)
2023-06-17 14:24:42,139 [50e7a123-fb10-4f6b-bd10-2c6e895f4416-groupManagement] INFO  server.RaftServerConfigKeys (ConfUtils.java:logGet(46)) - raft.server.read.option = DEFAULT (default)
2023-06-17 14:24:42,150 [50e7a123-fb10-4f6b-bd10-2c6e895f4416-groupManagement] INFO  server.RaftServerConfigKeys (ConfUtils.java:logGet(46)) - raft.server.rpc.request.timeout = 60s (custom)
2023-06-17 14:24:42,150 [50e7a123-fb10-4f6b-bd10-2c6e895f4416-groupManagement] INFO  server.RaftServerConfigKeys (ConfUtils.java:logGet(46)) - raft.server.log.appender.install.snapshot.enabled = false (custom)
2023-06-17 14:24:42,150 [50e7a123-fb10-4f6b-bd10-2c6e895f4416-groupManagement] INFO  server.RaftServerConfigKeys (ConfUtils.java:logGet(46)) - raft.server.threadpool.server.cached = true (default)
2023-06-17 14:24:42,150 [50e7a123-fb10-4f6b-bd10-2c6e895f4416-groupManagement] INFO  server.RaftServerConfigKeys (ConfUtils.java:logGet(46)) - raft.server.threadpool.server.size = 0 (default)
2023-06-17 14:24:42,150 [50e7a123-fb10-4f6b-bd10-2c6e895f4416-groupManagement] INFO  server.RaftServerConfigKeys (ConfUtils.java:logGet(46)) - raft.server.threadpool.client.cached = true (default)
2023-06-17 14:24:42,150 [50e7a123-fb10-4f6b-bd10-2c6e895f4416-groupManagement] INFO  server.RaftServerConfigKeys (ConfUtils.java:logGet(46)) - raft.server.threadpool.client.size = 0 (default)
2023-06-17 14:24:42,150 [50e7a123-fb10-4f6b-bd10-2c6e895f4416-groupManagement] INFO  storage.RaftStorageDirectory (RaftStorageDirectoryImpl.java:analyzeStorage(137)) - The storage directory /home/runner/work/ozone/ozone/hadoop-ozone/integration-test/target/test-dir/MiniOzoneClusterImpl-68882fc2-21fb-4ea4-940d-4f92d2da87ec/datanode-2/data/ratis/6178a0a1-3159-459d-9c03-f1ba168ebc4e does not exist. Creating ...
2023-06-17 14:24:42,157 [50e7a123-fb10-4f6b-bd10-2c6e895f4416-groupManagement] INFO  storage.RaftStorageDirectory (RaftStorageDirectoryImpl.java:tryLock(231)) - Lock on /home/runner/work/ozone/ozone/hadoop-ozone/integration-test/target/test-dir/MiniOzoneClusterImpl-68882fc2-21fb-4ea4-940d-4f92d2da87ec/datanode-2/data/ratis/6178a0a1-3159-459d-9c03-f1ba168ebc4e/in_use.lock acquired by nodename 109811@fv-az1035-386
2023-06-17 14:24:42,159 [50e7a123-fb10-4f6b-bd10-2c6e895f4416-groupManagement] INFO  storage.RaftStorage (RaftStorageImpl.java:format(96)) - Storage directory /home/runner/work/ozone/ozone/hadoop-ozone/integration-test/target/test-dir/MiniOzoneClusterImpl-68882fc2-21fb-4ea4-940d-4f92d2da87ec/datanode-2/data/ratis/6178a0a1-3159-459d-9c03-f1ba168ebc4e has been successfully formatted.
2023-06-17 14:24:42,162 [50e7a123-fb10-4f6b-bd10-2c6e895f4416-groupManagement] INFO  ratis.ContainerStateMachine (ContainerStateMachine.java:loadSnapshot(262)) - group-F1BA168EBC4E: The snapshot info is null. Setting the last applied indexto:(t:0, i:~)
2023-06-17 14:24:42,164 [50e7a123-fb10-4f6b-bd10-2c6e895f4416-groupManagement] INFO  server.RaftServerConfigKeys (ConfUtils.java:logGet(46)) - raft.server.log.use.memory = false (default)
2023-06-17 14:24:42,164 [50e7a123-fb10-4f6b-bd10-2c6e895f4416-groupManagement] INFO  server.RaftServerConfigKeys (ConfUtils.java:logGet(46)) - raft.server.log.purge.gap = 1000000 (custom)
2023-06-17 14:24:42,164 [50e7a123-fb10-4f6b-bd10-2c6e895f4416-groupManagement] INFO  server.RaftServerConfigKeys (ConfUtils.java:logGet(46)) - raft.server.log.appender.buffer.byte-limit = 33554432 (custom)
2023-06-17 14:24:42,164 [50e7a123-fb10-4f6b-bd10-2c6e895f4416-groupManagement] INFO  server.RaftServerConfigKeys (ConfUtils.java:logGet(46)) - raft.server.log.statemachine.data.read.timeout = 1000ms (default)
2023-06-17 14:24:42,164 [50e7a123-fb10-4f6b-bd10-2c6e895f4416-groupManagement] INFO  server.RaftServerConfigKeys (ConfUtils.java:logGet(46)) - raft.server.log.purge.preservation.log.num = 0 (default)
2023-06-17 14:24:42,165 [50e7a123-fb10-4f6b-bd10-2c6e895f4416-groupManagement] INFO  server.RaftServerConfigKeys (ConfUtils.java:logGet(46)) - raft.server.log.segment.size.max = 1048576 (custom)
2023-06-17 14:24:42,165 [50e7a123-fb10-4f6b-bd10-2c6e895f4416-groupManagement] INFO  server.RaftServerConfigKeys (ConfUtils.java:logGet(46)) - raft.server.log.segment.cache.num.max = 2 (custom)
2023-06-17 14:24:42,165 [50e7a123-fb10-4f6b-bd10-2c6e895f4416-groupManagement] INFO  server.RaftServerConfigKeys (ConfUtils.java:logGet(46)) - raft.server.log.segment.cache.size.max = 200MB (=209715200) (default)
2023-06-17 14:24:42,165 [50e7a123-fb10-4f6b-bd10-2c6e895f4416-groupManagement] INFO  server.RaftServerConfigKeys (ConfUtils.java:logGet(46)) - raft.server.log.appender.buffer.byte-limit = 33554432 (custom)
2023-06-17 14:24:42,165 [50e7a123-fb10-4f6b-bd10-2c6e895f4416-groupManagement] INFO  segmented.SegmentedRaftLogWorker (SegmentedRaftLogWorker.java:<init>(188)) - new 50e7a123-fb10-4f6b-bd10-2c6e895f4416@group-F1BA168EBC4E-SegmentedRaftLogWorker for RaftStorageImpl:Storage Directory /home/runner/work/ozone/ozone/hadoop-ozone/integration-test/target/test-dir/MiniOzoneClusterImpl-68882fc2-21fb-4ea4-940d-4f92d2da87ec/datanode-2/data/ratis/6178a0a1-3159-459d-9c03-f1ba168ebc4e
2023-06-17 14:24:42,165 [50e7a123-fb10-4f6b-bd10-2c6e895f4416-groupManagement] INFO  server.RaftServerConfigKeys (ConfUtils.java:logGet(46)) - raft.server.log.queue.byte-limit = 4294967296 (custom)
2023-06-17 14:24:42,165 [50e7a123-fb10-4f6b-bd10-2c6e895f4416-groupManagement] INFO  server.RaftServerConfigKeys (ConfUtils.java:logGet(46)) - raft.server.log.queue.element-limit = 1024 (custom)
2023-06-17 14:24:42,166 [50e7a123-fb10-4f6b-bd10-2c6e895f4416-groupManagement] INFO  server.RaftServerConfigKeys (ConfUtils.java:logGet(46)) - raft.server.log.segment.size.max = 1048576 (custom)
2023-06-17 14:24:42,169 [50e7a123-fb10-4f6b-bd10-2c6e895f4416-groupManagement] INFO  server.RaftServerConfigKeys (ConfUtils.java:logGet(46)) - raft.server.log.preallocated.size = 16384 (custom)
2023-06-17 14:24:42,169 [50e7a123-fb10-4f6b-bd10-2c6e895f4416-groupManagement] INFO  server.RaftServerConfigKeys (ConfUtils.java:logGet(46)) - raft.server.log.force.sync.num = 128 (default)
2023-06-17 14:24:42,169 [50e7a123-fb10-4f6b-bd10-2c6e895f4416-groupManagement] INFO  server.RaftServerConfigKeys (ConfUtils.java:logGet(46)) - raft.server.log.statemachine.data.sync = true (default)
2023-06-17 14:24:42,169 [50e7a123-fb10-4f6b-bd10-2c6e895f4416-groupManagement] INFO  server.RaftServerConfigKeys (ConfUtils.java:logGet(46)) - raft.server.log.statemachine.data.sync.timeout = 10s (default)
2023-06-17 14:24:42,169 [50e7a123-fb10-4f6b-bd10-2c6e895f4416-groupManagement] INFO  server.RaftServerConfigKeys (ConfUtils.java:logGet(46)) - raft.server.log.statemachine.data.sync.timeout.retry = -1 (default)
2023-06-17 14:24:42,175 [50e7a123-fb10-4f6b-bd10-2c6e895f4416-groupManagement] INFO  server.RaftServerConfigKeys (ConfUtils.java:logGet(46)) - raft.server.log.write.buffer.size = 1048576 (custom)
2023-06-17 14:24:42,176 [50e7a123-fb10-4f6b-bd10-2c6e895f4416-groupManagement] INFO  server.RaftServerConfigKeys (ConfUtils.java:logGet(46)) - raft.server.log.appender.buffer.byte-limit = 33554432 (custom)
2023-06-17 14:24:42,176 [EventQueue-PipelineReportForPipelineReportHandler] INFO  pipeline.PipelineManagerImpl (PipelineManagerImpl.java:openPipeline(367)) - Pipeline Pipeline[ Id: 6178a0a1-3159-459d-9c03-f1ba168ebc4e, Nodes: 50e7a123-fb10-4f6b-bd10-2c6e895f4416(fv-az1035-386.p4kjid14prhuxkk4m0x4prg4bg.cx.internal.cloudapp.net/10.1.0.30), ReplicationConfig: RATIS/ONE, State:ALLOCATED, leaderId:50e7a123-fb10-4f6b-bd10-2c6e895f4416, CreationTimestamp2023-06-17T14:24:39.096Z[Etc/UTC]] moved to OPEN state
2023-06-17 14:24:42,177 [EventQueue-OpenPipelineForHealthyPipelineSafeModeRule] INFO  safemode.SCMSafeModeManager (HealthyPipelineSafeModeRule.java:process(137)) - SCM in safe mode. Healthy pipelines reported count is 0, required healthy pipeline reported count is 1
2023-06-17 14:24:42,187 [50e7a123-fb10-4f6b-bd10-2c6e895f4416-groupManagement] INFO  server.RaftServerConfigKeys (ConfUtils.java:logGet(46)) - raft.server.log.unsafe-flush.enabled = false (default)
2023-06-17 14:24:42,187 [50e7a123-fb10-4f6b-bd10-2c6e895f4416-groupManagement] INFO  server.RaftServerConfigKeys (ConfUtils.java:logGet(46)) - raft.server.log.async-flush.enabled = false (default)
2023-06-17 14:24:42,187 [50e7a123-fb10-4f6b-bd10-2c6e895f4416-groupManagement] INFO  server.RaftServerConfigKeys (ConfUtils.java:logGet(46)) - raft.server.log.statemachine.data.caching.enabled = true (custom)
2023-06-17 14:24:42,187 [50e7a123-fb10-4f6b-bd10-2c6e895f4416-groupManagement] INFO  segmented.SegmentedRaftLogWorker (SegmentedRaftLogWorker.java:lambda$new$0(135)) - 50e7a123-fb10-4f6b-bd10-2c6e895f4416@group-F1BA168EBC4E-SegmentedRaftLogWorker: flushIndex: setUnconditionally 0 -> -1
2023-06-17 14:24:42,188 [50e7a123-fb10-4f6b-bd10-2c6e895f4416-groupManagement] INFO  segmented.SegmentedRaftLogWorker (SegmentedRaftLogWorker.java:lambda$new$0(135)) - 50e7a123-fb10-4f6b-bd10-2c6e895f4416@group-F1BA168EBC4E-SegmentedRaftLogWorker: safeCacheEvictIndex: setUnconditionally 0 -> -1
2023-06-17 14:24:42,188 [50e7a123-fb10-4f6b-bd10-2c6e895f4416-groupManagement] INFO  server.RaftServer$Division (RaftServerImpl.java:start(342)) - 50e7a123-fb10-4f6b-bd10-2c6e895f4416@group-F1BA168EBC4E: start as a follower, conf=-1: peers:[50e7a123-fb10-4f6b-bd10-2c6e895f4416|rpc:10.1.0.30:15032|admin:10.1.0.30:15031|client:10.1.0.30:15030|dataStream:10.1.0.30:15033|priority:1|startupRole:FOLLOWER]|listeners:[], old=null
2023-06-17 14:24:42,188 [50e7a123-fb10-4f6b-bd10-2c6e895f4416-groupManagement] INFO  server.RaftServer$Division (RaftServerImpl.java:setRole(329)) - 50e7a123-fb10-4f6b-bd10-2c6e895f4416@group-F1BA168EBC4E: changes role from      null to FOLLOWER at term 0 for startAsFollower
2023-06-17 14:24:42,188 [50e7a123-fb10-4f6b-bd10-2c6e895f4416-groupManagement] INFO  impl.RoleInfo (RoleInfo.java:updateAndGet(139)) - 50e7a123-fb10-4f6b-bd10-2c6e895f4416: start 50e7a123-fb10-4f6b-bd10-2c6e895f4416@group-F1BA168EBC4E-FollowerState
2023-06-17 14:24:42,201 [50e7a123-fb10-4f6b-bd10-2c6e895f4416-groupManagement] INFO  util.JmxRegister (JmxRegister.java:tryRegister(44)) - Successfully registered JMX Bean with object name Ratis:service=RaftServer,group=group-F1BA168EBC4E,id=50e7a123-fb10-4f6b-bd10-2c6e895f4416
2023-06-17 14:24:42,201 [50e7a123-fb10-4f6b-bd10-2c6e895f4416-groupManagement] INFO  server.RaftServerConfigKeys (ConfUtils.java:logGet(46)) - raft.server.snapshot.auto.trigger.enabled = true (custom)
2023-06-17 14:24:42,202 [50e7a123-fb10-4f6b-bd10-2c6e895f4416-groupManagement] INFO  server.RaftServerConfigKeys (ConfUtils.java:logGet(46)) - raft.server.snapshot.auto.trigger.threshold = 10000 (custom)
2023-06-17 14:24:42,202 [50e7a123-fb10-4f6b-bd10-2c6e895f4416-groupManagement] INFO  server.RaftServerConfigKeys (ConfUtils.java:logGet(46)) - raft.server.snapshot.retention.file.num = 5 (custom)
2023-06-17 14:24:42,202 [50e7a123-fb10-4f6b-bd10-2c6e895f4416-groupManagement] INFO  server.RaftServerConfigKeys (ConfUtils.java:logGet(46)) - raft.server.log.purge.upto.snapshot.index = false (default)
2023-06-17 14:24:42,202 [50e7a123-fb10-4f6b-bd10-2c6e895f4416@group-F1BA168EBC4E-FollowerState] INFO  server.RaftServerConfigKeys (ConfUtils.java:logFallback(53)) - raft.server.rpc.first-election.timeout.min = 5s (fallback to raft.server.rpc.timeout.min)
2023-06-17 14:24:42,203 [50e7a123-fb10-4f6b-bd10-2c6e895f4416@group-F1BA168EBC4E-FollowerState] INFO  server.RaftServerConfigKeys (ConfUtils.java:logFallback(53)) - raft.server.rpc.first-election.timeout.max = 5200ms (fallback to raft.server.rpc.timeout.max)
2023-06-17 14:24:42,203 [PipelineCommandHandlerThread-0] INFO  ratis.XceiverServerRatis (XceiverServerRatis.java:addGroup(804)) - Created group PipelineID=6178a0a1-3159-459d-9c03-f1ba168ebc4e
2023-06-17 14:24:42,203 [PipelineCommandHandlerThread-0] INFO  commandhandler.CreatePipelineCommandHandler (CreatePipelineCommandHandler.java:lambda$handle$2(124)) - Created Pipeline RATIS ONE PipelineID=6178a0a1-3159-459d-9c03-f1ba168ebc4e.
2023-06-17 14:24:42,207 [PipelineCommandHandlerThread-0] INFO  server.RaftServer (RaftServerProxy.java:addNew(98)) - 50e7a123-fb10-4f6b-bd10-2c6e895f4416: addNew group-4103141B7879:[50e7a123-fb10-4f6b-bd10-2c6e895f4416|rpc:10.1.0.30:15032|admin:10.1.0.30:15031|client:10.1.0.30:15030|dataStream:10.1.0.30:15033|priority:0|startupRole:FOLLOWER, 8624e205-2d39-4523-82ac-4c9e49e08d77|rpc:10.1.0.30:15023|admin:10.1.0.30:15022|client:10.1.0.30:15021|dataStream:10.1.0.30:15024|priority:0|startupRole:FOLLOWER, 9b904d97-ba57-4d1c-b750-04e93ad7e320|rpc:10.1.0.30:15014|admin:10.1.0.30:15013|client:10.1.0.30:15012|dataStream:10.1.0.30:15015|priority:1|startupRole:FOLLOWER] returns group-4103141B7879:java.util.concurrent.CompletableFuture@329cda27[Not completed]
2023-06-17 14:24:42,209 [50e7a123-fb10-4f6b-bd10-2c6e895f4416-groupManagement] INFO  server.RaftServer$Division (RaftServerImpl.java:<init>(198)) - 50e7a123-fb10-4f6b-bd10-2c6e895f4416: new RaftServerImpl for group-4103141B7879:[50e7a123-fb10-4f6b-bd10-2c6e895f4416|rpc:10.1.0.30:15032|admin:10.1.0.30:15031|client:10.1.0.30:15030|dataStream:10.1.0.30:15033|priority:0|startupRole:FOLLOWER, 8624e205-2d39-4523-82ac-4c9e49e08d77|rpc:10.1.0.30:15023|admin:10.1.0.30:15022|client:10.1.0.30:15021|dataStream:10.1.0.30:15024|priority:0|startupRole:FOLLOWER, 9b904d97-ba57-4d1c-b750-04e93ad7e320|rpc:10.1.0.30:15014|admin:10.1.0.30:15013|client:10.1.0.30:15012|dataStream:10.1.0.30:15015|priority:1|startupRole:FOLLOWER] with ContainerStateMachine:uninitialized
2023-06-17 14:24:42,209 [50e7a123-fb10-4f6b-bd10-2c6e895f4416-groupManagement] INFO  server.RaftServerConfigKeys (ConfUtils.java:logGet(46)) - raft.server.rpc.timeout.min = 5s (custom)
2023-06-17 14:24:42,209 [50e7a123-fb10-4f6b-bd10-2c6e895f4416-groupManagement] INFO  server.RaftServerConfigKeys (ConfUtils.java:logGet(46)) - raft.server.rpc.timeout.max = 5200ms (custom)
2023-06-17 14:24:42,210 [50e7a123-fb10-4f6b-bd10-2c6e895f4416-groupManagement] INFO  server.RaftServerConfigKeys (ConfUtils.java:logGet(46)) - raft.server.rpc.sleep.time = 25ms (default)
2023-06-17 14:24:42,210 [50e7a123-fb10-4f6b-bd10-2c6e895f4416-groupManagement] INFO  server.RaftServerConfigKeys (ConfUtils.java:logGet(46)) - raft.server.rpc.slowness.timeout = 300s (custom)
2023-06-17 14:24:42,210 [50e7a123-fb10-4f6b-bd10-2c6e895f4416-groupManagement] INFO  server.RaftServerConfigKeys (ConfUtils.java:logGet(46)) - raft.server.leaderelection.leader.step-down.wait-time = 10s (default)
2023-06-17 14:24:42,210 [50e7a123-fb10-4f6b-bd10-2c6e895f4416-groupManagement] INFO  server.RaftServerConfigKeys (ConfUtils.java:logGet(46)) - raft.server.sleep.deviation.threshold = 300ms (default)
2023-06-17 14:24:42,210 [50e7a123-fb10-4f6b-bd10-2c6e895f4416-groupManagement] INFO  server.RaftServer$Division (ServerState.java:<init>(120)) - 50e7a123-fb10-4f6b-bd10-2c6e895f4416@group-4103141B7879: ConfigurationManager, init=-1: peers:[50e7a123-fb10-4f6b-bd10-2c6e895f4416|rpc:10.1.0.30:15032|admin:10.1.0.30:15031|client:10.1.0.30:15030|dataStream:10.1.0.30:15033|priority:0|startupRole:FOLLOWER, 8624e205-2d39-4523-82ac-4c9e49e08d77|rpc:10.1.0.30:15023|admin:10.1.0.30:15022|client:10.1.0.30:15021|dataStream:10.1.0.30:15024|priority:0|startupRole:FOLLOWER, 9b904d97-ba57-4d1c-b750-04e93ad7e320|rpc:10.1.0.30:15014|admin:10.1.0.30:15013|client:10.1.0.30:15012|dataStream:10.1.0.30:15015|priority:1|startupRole:FOLLOWER]|listeners:[], old=null, confs=<EMPTY_MAP>
2023-06-17 14:24:42,210 [50e7a123-fb10-4f6b-bd10-2c6e895f4416-groupManagement] INFO  server.RaftServerConfigKeys (ConfUtils.java:logGet(46)) - raft.server.storage.dir = [/home/runner/work/ozone/ozone/hadoop-ozone/integration-test/target/test-dir/MiniOzoneClusterImpl-68882fc2-21fb-4ea4-940d-4f92d2da87ec/datanode-2/data/ratis] (custom)
2023-06-17 14:24:42,210 [50e7a123-fb10-4f6b-bd10-2c6e895f4416-groupManagement] INFO  server.RaftServerConfigKeys (ConfUtils.java:logGet(46)) - raft.server.log.corruption.policy = EXCEPTION (default)
2023-06-17 14:24:42,210 [50e7a123-fb10-4f6b-bd10-2c6e895f4416-groupManagement] INFO  server.RaftServerConfigKeys (ConfUtils.java:logGet(46)) - raft.server.storage.free-space.min = 0MB (=0) (default)
2023-06-17 14:24:42,210 [50e7a123-fb10-4f6b-bd10-2c6e895f4416-groupManagement] INFO  server.RaftServerConfigKeys (ConfUtils.java:logGet(46)) - raft.server.notification.no-leader.timeout = 300s (custom)
2023-06-17 14:24:42,210 [50e7a123-fb10-4f6b-bd10-2c6e895f4416-groupManagement] INFO  server.RaftServerConfigKeys (ConfUtils.java:logGet(46)) - raft.server.read.timeout = 10s (default)
2023-06-17 14:24:42,210 [50e7a123-fb10-4f6b-bd10-2c6e895f4416-groupManagement] INFO  server.RaftServerConfigKeys (ConfUtils.java:logGet(46)) - raft.server.retrycache.expirytime = 600000ms (custom)
2023-06-17 14:24:42,210 [50e7a123-fb10-4f6b-bd10-2c6e895f4416-groupManagement] INFO  server.RaftServerConfigKeys (ConfUtils.java:logGet(46)) - raft.server.retrycache.statistics.expirytime = 100μs (default)
2023-06-17 14:24:42,211 [50e7a123-fb10-4f6b-bd10-2c6e895f4416-groupManagement] INFO  server.RaftServerConfigKeys (ConfUtils.java:logGet(46)) - raft.server.read.option = DEFAULT (default)
2023-06-17 14:24:42,212 [50e7a123-fb10-4f6b-bd10-2c6e895f4416-groupManagement] INFO  server.RaftServerConfigKeys (ConfUtils.java:logGet(46)) - raft.server.rpc.request.timeout = 60s (custom)
2023-06-17 14:24:42,212 [50e7a123-fb10-4f6b-bd10-2c6e895f4416-groupManagement] INFO  server.RaftServerConfigKeys (ConfUtils.java:logGet(46)) - raft.server.log.appender.install.snapshot.enabled = false (custom)
2023-06-17 14:24:42,212 [50e7a123-fb10-4f6b-bd10-2c6e895f4416-groupManagement] INFO  server.RaftServerConfigKeys (ConfUtils.java:logGet(46)) - raft.server.threadpool.server.cached = true (default)
2023-06-17 14:24:42,212 [50e7a123-fb10-4f6b-bd10-2c6e895f4416-groupManagement] INFO  server.RaftServerConfigKeys (ConfUtils.java:logGet(46)) - raft.server.threadpool.server.size = 0 (default)
2023-06-17 14:24:42,212 [50e7a123-fb10-4f6b-bd10-2c6e895f4416-groupManagement] INFO  server.RaftServerConfigKeys (ConfUtils.java:logGet(46)) - raft.server.threadpool.client.cached = true (default)
2023-06-17 14:24:42,212 [50e7a123-fb10-4f6b-bd10-2c6e895f4416-groupManagement] INFO  server.RaftServerConfigKeys (ConfUtils.java:logGet(46)) - raft.server.threadpool.client.size = 0 (default)
2023-06-17 14:24:42,213 [50e7a123-fb10-4f6b-bd10-2c6e895f4416-groupManagement] INFO  storage.RaftStorageDirectory (RaftStorageDirectoryImpl.java:analyzeStorage(137)) - The storage directory /home/runner/work/ozone/ozone/hadoop-ozone/integration-test/target/test-dir/MiniOzoneClusterImpl-68882fc2-21fb-4ea4-940d-4f92d2da87ec/datanode-2/data/ratis/069d6f8c-1a4c-4c87-8230-4103141b7879 does not exist. Creating ...
2023-06-17 14:24:42,221 [50e7a123-fb10-4f6b-bd10-2c6e895f4416-groupManagement] INFO  storage.RaftStorageDirectory (RaftStorageDirectoryImpl.java:tryLock(231)) - Lock on /home/runner/work/ozone/ozone/hadoop-ozone/integration-test/target/test-dir/MiniOzoneClusterImpl-68882fc2-21fb-4ea4-940d-4f92d2da87ec/datanode-2/data/ratis/069d6f8c-1a4c-4c87-8230-4103141b7879/in_use.lock acquired by nodename 109811@fv-az1035-386
2023-06-17 14:24:42,222 [50e7a123-fb10-4f6b-bd10-2c6e895f4416-groupManagement] INFO  storage.RaftStorage (RaftStorageImpl.java:format(96)) - Storage directory /home/runner/work/ozone/ozone/hadoop-ozone/integration-test/target/test-dir/MiniOzoneClusterImpl-68882fc2-21fb-4ea4-940d-4f92d2da87ec/datanode-2/data/ratis/069d6f8c-1a4c-4c87-8230-4103141b7879 has been successfully formatted.
2023-06-17 14:24:42,225 [50e7a123-fb10-4f6b-bd10-2c6e895f4416-groupManagement] INFO  ratis.ContainerStateMachine (ContainerStateMachine.java:loadSnapshot(262)) - group-4103141B7879: The snapshot info is null. Setting the last applied indexto:(t:0, i:~)
2023-06-17 14:24:42,225 [50e7a123-fb10-4f6b-bd10-2c6e895f4416-groupManagement] INFO  server.RaftServerConfigKeys (ConfUtils.java:logGet(46)) - raft.server.log.use.memory = false (default)
2023-06-17 14:24:42,225 [50e7a123-fb10-4f6b-bd10-2c6e895f4416-groupManagement] INFO  server.RaftServerConfigKeys (ConfUtils.java:logGet(46)) - raft.server.log.purge.gap = 1000000 (custom)
2023-06-17 14:24:42,226 [50e7a123-fb10-4f6b-bd10-2c6e895f4416-groupManagement] INFO  server.RaftServerConfigKeys (ConfUtils.java:logGet(46)) - raft.server.log.appender.buffer.byte-limit = 33554432 (custom)
2023-06-17 14:24:42,226 [50e7a123-fb10-4f6b-bd10-2c6e895f4416-groupManagement] INFO  server.RaftServerConfigKeys (ConfUtils.java:logGet(46)) - raft.server.log.statemachine.data.read.timeout = 1000ms (default)
2023-06-17 14:24:42,226 [50e7a123-fb10-4f6b-bd10-2c6e895f4416-groupManagement] INFO  server.RaftServerConfigKeys (ConfUtils.java:logGet(46)) - raft.server.log.purge.preservation.log.num = 0 (default)
2023-06-17 14:24:42,227 [EventQueue-OpenPipelineForHealthyPipelineSafeModeRule] INFO  safemode.SCMSafeModeManager (HealthyPipelineSafeModeRule.java:process(137)) - SCM in safe mode. Healthy pipelines reported count is 0, required healthy pipeline reported count is 1
2023-06-17 14:24:42,229 [50e7a123-fb10-4f6b-bd10-2c6e895f4416-groupManagement] INFO  server.RaftServerConfigKeys (ConfUtils.java:logGet(46)) - raft.server.log.segment.size.max = 1048576 (custom)
2023-06-17 14:24:42,231 [50e7a123-fb10-4f6b-bd10-2c6e895f4416-groupManagement] INFO  server.RaftServerConfigKeys (ConfUtils.java:logGet(46)) - raft.server.log.segment.cache.num.max = 2 (custom)
2023-06-17 14:24:42,231 [50e7a123-fb10-4f6b-bd10-2c6e895f4416-groupManagement] INFO  server.RaftServerConfigKeys (ConfUtils.java:logGet(46)) - raft.server.log.segment.cache.size.max = 200MB (=209715200) (default)
2023-06-17 14:24:42,231 [50e7a123-fb10-4f6b-bd10-2c6e895f4416-groupManagement] INFO  server.RaftServerConfigKeys (ConfUtils.java:logGet(46)) - raft.server.log.appender.buffer.byte-limit = 33554432 (custom)
2023-06-17 14:24:42,231 [50e7a123-fb10-4f6b-bd10-2c6e895f4416-groupManagement] INFO  segmented.SegmentedRaftLogWorker (SegmentedRaftLogWorker.java:<init>(188)) - new 50e7a123-fb10-4f6b-bd10-2c6e895f4416@group-4103141B7879-SegmentedRaftLogWorker for RaftStorageImpl:Storage Directory /home/runner/work/ozone/ozone/hadoop-ozone/integration-test/target/test-dir/MiniOzoneClusterImpl-68882fc2-21fb-4ea4-940d-4f92d2da87ec/datanode-2/data/ratis/069d6f8c-1a4c-4c87-8230-4103141b7879
2023-06-17 14:24:42,231 [50e7a123-fb10-4f6b-bd10-2c6e895f4416-groupManagement] INFO  server.RaftServerConfigKeys (ConfUtils.java:logGet(46)) - raft.server.log.queue.byte-limit = 4294967296 (custom)
2023-06-17 14:24:42,231 [50e7a123-fb10-4f6b-bd10-2c6e895f4416-groupManagement] INFO  server.RaftServerConfigKeys (ConfUtils.java:logGet(46)) - raft.server.log.queue.element-limit = 1024 (custom)
2023-06-17 14:24:42,231 [50e7a123-fb10-4f6b-bd10-2c6e895f4416-groupManagement] INFO  server.RaftServerConfigKeys (ConfUtils.java:logGet(46)) - raft.server.log.segment.size.max = 1048576 (custom)
2023-06-17 14:24:42,231 [50e7a123-fb10-4f6b-bd10-2c6e895f4416-groupManagement] INFO  server.RaftServerConfigKeys (ConfUtils.java:logGet(46)) - raft.server.log.preallocated.size = 16384 (custom)
2023-06-17 14:24:42,231 [50e7a123-fb10-4f6b-bd10-2c6e895f4416-groupManagement] INFO  server.RaftServerConfigKeys (ConfUtils.java:logGet(46)) - raft.server.log.force.sync.num = 128 (default)
2023-06-17 14:24:42,231 [50e7a123-fb10-4f6b-bd10-2c6e895f4416-groupManagement] INFO  server.RaftServerConfigKeys (ConfUtils.java:logGet(46)) - raft.server.log.statemachine.data.sync = true (default)
2023-06-17 14:24:42,231 [50e7a123-fb10-4f6b-bd10-2c6e895f4416-groupManagement] INFO  server.RaftServerConfigKeys (ConfUtils.java:logGet(46)) - raft.server.log.statemachine.data.sync.timeout = 10s (default)
2023-06-17 14:24:42,231 [50e7a123-fb10-4f6b-bd10-2c6e895f4416-groupManagement] INFO  server.RaftServerConfigKeys (ConfUtils.java:logGet(46)) - raft.server.log.statemachine.data.sync.timeout.retry = -1 (default)
2023-06-17 14:24:42,232 [50e7a123-fb10-4f6b-bd10-2c6e895f4416-groupManagement] INFO  server.RaftServerConfigKeys (ConfUtils.java:logGet(46)) - raft.server.log.write.buffer.size = 1048576 (custom)
2023-06-17 14:24:42,233 [50e7a123-fb10-4f6b-bd10-2c6e895f4416-groupManagement] INFO  server.RaftServerConfigKeys (ConfUtils.java:logGet(46)) - raft.server.log.appender.buffer.byte-limit = 33554432 (custom)
2023-06-17 14:24:42,246 [50e7a123-fb10-4f6b-bd10-2c6e895f4416-groupManagement] INFO  server.RaftServerConfigKeys (ConfUtils.java:logGet(46)) - raft.server.log.unsafe-flush.enabled = false (default)
2023-06-17 14:24:42,246 [50e7a123-fb10-4f6b-bd10-2c6e895f4416-groupManagement] INFO  server.RaftServerConfigKeys (ConfUtils.java:logGet(46)) - raft.server.log.async-flush.enabled = false (default)
2023-06-17 14:24:42,246 [50e7a123-fb10-4f6b-bd10-2c6e895f4416-groupManagement] INFO  server.RaftServerConfigKeys (ConfUtils.java:logGet(46)) - raft.server.log.statemachine.data.caching.enabled = true (custom)
2023-06-17 14:24:42,246 [50e7a123-fb10-4f6b-bd10-2c6e895f4416-groupManagement] INFO  segmented.SegmentedRaftLogWorker (SegmentedRaftLogWorker.java:lambda$new$0(135)) - 50e7a123-fb10-4f6b-bd10-2c6e895f4416@group-4103141B7879-SegmentedRaftLogWorker: flushIndex: setUnconditionally 0 -> -1
2023-06-17 14:24:42,247 [50e7a123-fb10-4f6b-bd10-2c6e895f4416-groupManagement] INFO  segmented.SegmentedRaftLogWorker (SegmentedRaftLogWorker.java:lambda$new$0(135)) - 50e7a123-fb10-4f6b-bd10-2c6e895f4416@group-4103141B7879-SegmentedRaftLogWorker: safeCacheEvictIndex: setUnconditionally 0 -> -1
2023-06-17 14:24:42,247 [50e7a123-fb10-4f6b-bd10-2c6e895f4416-groupManagement] INFO  server.RaftServer$Division (RaftServerImpl.java:start(342)) - 50e7a123-fb10-4f6b-bd10-2c6e895f4416@group-4103141B7879: start as a follower, conf=-1: peers:[50e7a123-fb10-4f6b-bd10-2c6e895f4416|rpc:10.1.0.30:15032|admin:10.1.0.30:15031|client:10.1.0.30:15030|dataStream:10.1.0.30:15033|priority:0|startupRole:FOLLOWER, 8624e205-2d39-4523-82ac-4c9e49e08d77|rpc:10.1.0.30:15023|admin:10.1.0.30:15022|client:10.1.0.30:15021|dataStream:10.1.0.30:15024|priority:0|startupRole:FOLLOWER, 9b904d97-ba57-4d1c-b750-04e93ad7e320|rpc:10.1.0.30:15014|admin:10.1.0.30:15013|client:10.1.0.30:15012|dataStream:10.1.0.30:15015|priority:1|startupRole:FOLLOWER]|listeners:[], old=null
2023-06-17 14:24:42,247 [50e7a123-fb10-4f6b-bd10-2c6e895f4416-groupManagement] INFO  server.RaftServer$Division (RaftServerImpl.java:setRole(329)) - 50e7a123-fb10-4f6b-bd10-2c6e895f4416@group-4103141B7879: changes role from      null to FOLLOWER at term 0 for startAsFollower
2023-06-17 14:24:42,247 [50e7a123-fb10-4f6b-bd10-2c6e895f4416-groupManagement] INFO  impl.RoleInfo (RoleInfo.java:updateAndGet(139)) - 50e7a123-fb10-4f6b-bd10-2c6e895f4416: start 50e7a123-fb10-4f6b-bd10-2c6e895f4416@group-4103141B7879-FollowerState
2023-06-17 14:24:42,247 [50e7a123-fb10-4f6b-bd10-2c6e895f4416-groupManagement] INFO  util.JmxRegister (JmxRegister.java:tryRegister(44)) - Successfully registered JMX Bean with object name Ratis:service=RaftServer,group=group-4103141B7879,id=50e7a123-fb10-4f6b-bd10-2c6e895f4416
2023-06-17 14:24:42,248 [50e7a123-fb10-4f6b-bd10-2c6e895f4416-groupManagement] INFO  server.RaftServerConfigKeys (ConfUtils.java:logGet(46)) - raft.server.snapshot.auto.trigger.enabled = true (custom)
2023-06-17 14:24:42,248 [50e7a123-fb10-4f6b-bd10-2c6e895f4416-groupManagement] INFO  server.RaftServerConfigKeys (ConfUtils.java:logGet(46)) - raft.server.snapshot.auto.trigger.threshold = 10000 (custom)
2023-06-17 14:24:42,248 [50e7a123-fb10-4f6b-bd10-2c6e895f4416-groupManagement] INFO  server.RaftServerConfigKeys (ConfUtils.java:logGet(46)) - raft.server.snapshot.retention.file.num = 5 (custom)
2023-06-17 14:24:42,248 [50e7a123-fb10-4f6b-bd10-2c6e895f4416-groupManagement] INFO  server.RaftServerConfigKeys (ConfUtils.java:logGet(46)) - raft.server.log.purge.upto.snapshot.index = false (default)
2023-06-17 14:24:42,248 [50e7a123-fb10-4f6b-bd10-2c6e895f4416@group-4103141B7879-FollowerState] INFO  server.RaftServerConfigKeys (ConfUtils.java:logFallback(53)) - raft.server.rpc.first-election.timeout.min = 5s (fallback to raft.server.rpc.timeout.min)
2023-06-17 14:24:42,258 [50e7a123-fb10-4f6b-bd10-2c6e895f4416@group-4103141B7879-FollowerState] INFO  server.RaftServerConfigKeys (ConfUtils.java:logFallback(53)) - raft.server.rpc.first-election.timeout.max = 5200ms (fallback to raft.server.rpc.timeout.max)
2023-06-17 14:24:42,249 [PipelineCommandHandlerThread-0] INFO  ratis.XceiverServerRatis (XceiverServerRatis.java:addGroup(804)) - Created group PipelineID=069d6f8c-1a4c-4c87-8230-4103141b7879
2023-06-17 14:24:42,268 [PipelineCommandHandlerThread-0] INFO  commandhandler.CreatePipelineCommandHandler (CreatePipelineCommandHandler.java:lambda$handle$2(124)) - Created Pipeline RATIS THREE PipelineID=069d6f8c-1a4c-4c87-8230-4103141b7879.
2023-06-17 14:24:42,269 [PipelineCommandHandlerThread-0] INFO  server.RaftServer (RaftServerProxy.java:addNew(98)) - 9b904d97-ba57-4d1c-b750-04e93ad7e320: addNew group-7AA2029A76D4:[50e7a123-fb10-4f6b-bd10-2c6e895f4416|rpc:10.1.0.30:15032|admin:10.1.0.30:15031|client:10.1.0.30:15030|dataStream:10.1.0.30:15033|priority:1|startupRole:FOLLOWER, 8624e205-2d39-4523-82ac-4c9e49e08d77|rpc:10.1.0.30:15023|admin:10.1.0.30:15022|client:10.1.0.30:15021|dataStream:10.1.0.30:15024|priority:0|startupRole:FOLLOWER, 9b904d97-ba57-4d1c-b750-04e93ad7e320|rpc:10.1.0.30:15014|admin:10.1.0.30:15013|client:10.1.0.30:15012|dataStream:10.1.0.30:15015|priority:0|startupRole:FOLLOWER] returns group-7AA2029A76D4:java.util.concurrent.CompletableFuture@40116735[Not completed]
2023-06-17 14:24:42,270 [PipelineCommandHandlerThread-0] INFO  commandhandler.CreatePipelineCommandHandler (CreatePipelineCommandHandler.java:lambda$handle$2(124)) - Created Pipeline RATIS THREE PipelineID=069d6f8c-1a4c-4c87-8230-4103141b7879.
2023-06-17 14:24:42,272 [PipelineCommandHandlerThread-0] INFO  server.RaftServer (RaftServerProxy.java:addNew(98)) - 8624e205-2d39-4523-82ac-4c9e49e08d77: addNew group-7AA2029A76D4:[50e7a123-fb10-4f6b-bd10-2c6e895f4416|rpc:10.1.0.30:15032|admin:10.1.0.30:15031|client:10.1.0.30:15030|dataStream:10.1.0.30:15033|priority:1|startupRole:FOLLOWER, 8624e205-2d39-4523-82ac-4c9e49e08d77|rpc:10.1.0.30:15023|admin:10.1.0.30:15022|client:10.1.0.30:15021|dataStream:10.1.0.30:15024|priority:0|startupRole:FOLLOWER, 9b904d97-ba57-4d1c-b750-04e93ad7e320|rpc:10.1.0.30:15014|admin:10.1.0.30:15013|client:10.1.0.30:15012|dataStream:10.1.0.30:15015|priority:0|startupRole:FOLLOWER] returns group-7AA2029A76D4:java.util.concurrent.CompletableFuture@716692fd[Not completed]
2023-06-17 14:24:42,274 [9b904d97-ba57-4d1c-b750-04e93ad7e320-groupManagement] INFO  server.RaftServer$Division (RaftServerImpl.java:<init>(198)) - 9b904d97-ba57-4d1c-b750-04e93ad7e320: new RaftServerImpl for group-7AA2029A76D4:[50e7a123-fb10-4f6b-bd10-2c6e895f4416|rpc:10.1.0.30:15032|admin:10.1.0.30:15031|client:10.1.0.30:15030|dataStream:10.1.0.30:15033|priority:1|startupRole:FOLLOWER, 8624e205-2d39-4523-82ac-4c9e49e08d77|rpc:10.1.0.30:15023|admin:10.1.0.30:15022|client:10.1.0.30:15021|dataStream:10.1.0.30:15024|priority:0|startupRole:FOLLOWER, 9b904d97-ba57-4d1c-b750-04e93ad7e320|rpc:10.1.0.30:15014|admin:10.1.0.30:15013|client:10.1.0.30:15012|dataStream:10.1.0.30:15015|priority:0|startupRole:FOLLOWER] with ContainerStateMachine:uninitialized
2023-06-17 14:24:42,277 [8624e205-2d39-4523-82ac-4c9e49e08d77-groupManagement] INFO  server.RaftServer$Division (RaftServerImpl.java:<init>(198)) - 8624e205-2d39-4523-82ac-4c9e49e08d77: new RaftServerImpl for group-7AA2029A76D4:[50e7a123-fb10-4f6b-bd10-2c6e895f4416|rpc:10.1.0.30:15032|admin:10.1.0.30:15031|client:10.1.0.30:15030|dataStream:10.1.0.30:15033|priority:1|startupRole:FOLLOWER, 8624e205-2d39-4523-82ac-4c9e49e08d77|rpc:10.1.0.30:15023|admin:10.1.0.30:15022|client:10.1.0.30:15021|dataStream:10.1.0.30:15024|priority:0|startupRole:FOLLOWER, 9b904d97-ba57-4d1c-b750-04e93ad7e320|rpc:10.1.0.30:15014|admin:10.1.0.30:15013|client:10.1.0.30:15012|dataStream:10.1.0.30:15015|priority:0|startupRole:FOLLOWER] with ContainerStateMachine:uninitialized
2023-06-17 14:24:42,282 [9b904d97-ba57-4d1c-b750-04e93ad7e320-groupManagement] INFO  server.RaftServerConfigKeys (ConfUtils.java:logGet(46)) - raft.server.rpc.timeout.min = 5s (custom)
2023-06-17 14:24:42,285 [9b904d97-ba57-4d1c-b750-04e93ad7e320-groupManagement] INFO  server.RaftServerConfigKeys (ConfUtils.java:logGet(46)) - raft.server.rpc.timeout.max = 5200ms (custom)
2023-06-17 14:24:42,285 [9b904d97-ba57-4d1c-b750-04e93ad7e320-groupManagement] INFO  server.RaftServerConfigKeys (ConfUtils.java:logGet(46)) - raft.server.rpc.sleep.time = 25ms (default)
2023-06-17 14:24:42,285 [9b904d97-ba57-4d1c-b750-04e93ad7e320-groupManagement] INFO  server.RaftServerConfigKeys (ConfUtils.java:logGet(46)) - raft.server.rpc.slowness.timeout = 300s (custom)
2023-06-17 14:24:42,285 [9b904d97-ba57-4d1c-b750-04e93ad7e320-groupManagement] INFO  server.RaftServerConfigKeys (ConfUtils.java:logGet(46)) - raft.server.leaderelection.leader.step-down.wait-time = 10s (default)
2023-06-17 14:24:42,285 [9b904d97-ba57-4d1c-b750-04e93ad7e320-groupManagement] INFO  server.RaftServerConfigKeys (ConfUtils.java:logGet(46)) - raft.server.sleep.deviation.threshold = 300ms (default)
2023-06-17 14:24:42,285 [9b904d97-ba57-4d1c-b750-04e93ad7e320-groupManagement] INFO  server.RaftServer$Division (ServerState.java:<init>(120)) - 9b904d97-ba57-4d1c-b750-04e93ad7e320@group-7AA2029A76D4: ConfigurationManager, init=-1: peers:[50e7a123-fb10-4f6b-bd10-2c6e895f4416|rpc:10.1.0.30:15032|admin:10.1.0.30:15031|client:10.1.0.30:15030|dataStream:10.1.0.30:15033|priority:1|startupRole:FOLLOWER, 8624e205-2d39-4523-82ac-4c9e49e08d77|rpc:10.1.0.30:15023|admin:10.1.0.30:15022|client:10.1.0.30:15021|dataStream:10.1.0.30:15024|priority:0|startupRole:FOLLOWER, 9b904d97-ba57-4d1c-b750-04e93ad7e320|rpc:10.1.0.30:15014|admin:10.1.0.30:15013|client:10.1.0.30:15012|dataStream:10.1.0.30:15015|priority:0|startupRole:FOLLOWER]|listeners:[], old=null, confs=<EMPTY_MAP>
2023-06-17 14:24:42,285 [9b904d97-ba57-4d1c-b750-04e93ad7e320-groupManagement] INFO  server.RaftServerConfigKeys (ConfUtils.java:logGet(46)) - raft.server.storage.dir = [/home/runner/work/ozone/ozone/hadoop-ozone/integration-test/target/test-dir/MiniOzoneClusterImpl-68882fc2-21fb-4ea4-940d-4f92d2da87ec/datanode-0/data/ratis] (custom)
2023-06-17 14:24:42,283 [8624e205-2d39-4523-82ac-4c9e49e08d77-groupManagement] INFO  server.RaftServerConfigKeys (ConfUtils.java:logGet(46)) - raft.server.rpc.timeout.min = 5s (custom)
2023-06-17 14:24:42,285 [9b904d97-ba57-4d1c-b750-04e93ad7e320-groupManagement] INFO  server.RaftServerConfigKeys (ConfUtils.java:logGet(46)) - raft.server.log.corruption.policy = EXCEPTION (default)
2023-06-17 14:24:42,290 [8624e205-2d39-4523-82ac-4c9e49e08d77-groupManagement] INFO  server.RaftServerConfigKeys (ConfUtils.java:logGet(46)) - raft.server.rpc.timeout.max = 5200ms (custom)
2023-06-17 14:24:42,290 [8624e205-2d39-4523-82ac-4c9e49e08d77-groupManagement] INFO  server.RaftServerConfigKeys (ConfUtils.java:logGet(46)) - raft.server.rpc.sleep.time = 25ms (default)
2023-06-17 14:24:42,290 [8624e205-2d39-4523-82ac-4c9e49e08d77-groupManagement] INFO  server.RaftServerConfigKeys (ConfUtils.java:logGet(46)) - raft.server.rpc.slowness.timeout = 300s (custom)
2023-06-17 14:24:42,290 [8624e205-2d39-4523-82ac-4c9e49e08d77-groupManagement] INFO  server.RaftServerConfigKeys (ConfUtils.java:logGet(46)) - raft.server.leaderelection.leader.step-down.wait-time = 10s (default)
2023-06-17 14:24:42,290 [9b904d97-ba57-4d1c-b750-04e93ad7e320-groupManagement] INFO  server.RaftServerConfigKeys (ConfUtils.java:logGet(46)) - raft.server.storage.free-space.min = 0MB (=0) (default)
2023-06-17 14:24:42,290 [8624e205-2d39-4523-82ac-4c9e49e08d77-groupManagement] INFO  server.RaftServerConfigKeys (ConfUtils.java:logGet(46)) - raft.server.sleep.deviation.threshold = 300ms (default)
2023-06-17 14:24:42,290 [9b904d97-ba57-4d1c-b750-04e93ad7e320-groupManagement] INFO  server.RaftServerConfigKeys (ConfUtils.java:logGet(46)) - raft.server.notification.no-leader.timeout = 300s (custom)
2023-06-17 14:24:42,290 [8624e205-2d39-4523-82ac-4c9e49e08d77-groupManagement] INFO  server.RaftServer$Division (ServerState.java:<init>(120)) - 8624e205-2d39-4523-82ac-4c9e49e08d77@group-7AA2029A76D4: ConfigurationManager, init=-1: peers:[50e7a123-fb10-4f6b-bd10-2c6e895f4416|rpc:10.1.0.30:15032|admin:10.1.0.30:15031|client:10.1.0.30:15030|dataStream:10.1.0.30:15033|priority:1|startupRole:FOLLOWER, 8624e205-2d39-4523-82ac-4c9e49e08d77|rpc:10.1.0.30:15023|admin:10.1.0.30:15022|client:10.1.0.30:15021|dataStream:10.1.0.30:15024|priority:0|startupRole:FOLLOWER, 9b904d97-ba57-4d1c-b750-04e93ad7e320|rpc:10.1.0.30:15014|admin:10.1.0.30:15013|client:10.1.0.30:15012|dataStream:10.1.0.30:15015|priority:0|startupRole:FOLLOWER]|listeners:[], old=null, confs=<EMPTY_MAP>
2023-06-17 14:24:42,290 [9b904d97-ba57-4d1c-b750-04e93ad7e320-groupManagement] INFO  server.RaftServerConfigKeys (ConfUtils.java:logGet(46)) - raft.server.read.timeout = 10s (default)
2023-06-17 14:24:42,290 [8624e205-2d39-4523-82ac-4c9e49e08d77-groupManagement] INFO  server.RaftServerConfigKeys (ConfUtils.java:logGet(46)) - raft.server.storage.dir = [/home/runner/work/ozone/ozone/hadoop-ozone/integration-test/target/test-dir/MiniOzoneClusterImpl-68882fc2-21fb-4ea4-940d-4f92d2da87ec/datanode-1/data/ratis] (custom)
2023-06-17 14:24:42,290 [9b904d97-ba57-4d1c-b750-04e93ad7e320-groupManagement] INFO  server.RaftServerConfigKeys (ConfUtils.java:logGet(46)) - raft.server.retrycache.expirytime = 600000ms (custom)
2023-06-17 14:24:42,291 [9b904d97-ba57-4d1c-b750-04e93ad7e320-groupManagement] INFO  server.RaftServerConfigKeys (ConfUtils.java:logGet(46)) - raft.server.retrycache.statistics.expirytime = 100μs (default)
2023-06-17 14:24:42,291 [8624e205-2d39-4523-82ac-4c9e49e08d77-groupManagement] INFO  server.RaftServerConfigKeys (ConfUtils.java:logGet(46)) - raft.server.log.corruption.policy = EXCEPTION (default)
2023-06-17 14:24:42,291 [9b904d97-ba57-4d1c-b750-04e93ad7e320-groupManagement] INFO  server.RaftServerConfigKeys (ConfUtils.java:logGet(46)) - raft.server.read.option = DEFAULT (default)
2023-06-17 14:24:42,291 [8624e205-2d39-4523-82ac-4c9e49e08d77-groupManagement] INFO  server.RaftServerConfigKeys (ConfUtils.java:logGet(46)) - raft.server.storage.free-space.min = 0MB (=0) (default)
2023-06-17 14:24:42,291 [8624e205-2d39-4523-82ac-4c9e49e08d77-groupManagement] INFO  server.RaftServerConfigKeys (ConfUtils.java:logGet(46)) - raft.server.notification.no-leader.timeout = 300s (custom)
2023-06-17 14:24:42,291 [8624e205-2d39-4523-82ac-4c9e49e08d77-groupManagement] INFO  server.RaftServerConfigKeys (ConfUtils.java:logGet(46)) - raft.server.read.timeout = 10s (default)
2023-06-17 14:24:42,291 [8624e205-2d39-4523-82ac-4c9e49e08d77-groupManagement] INFO  server.RaftServerConfigKeys (ConfUtils.java:logGet(46)) - raft.server.retrycache.expirytime = 600000ms (custom)
2023-06-17 14:24:42,291 [8624e205-2d39-4523-82ac-4c9e49e08d77-groupManagement] INFO  server.RaftServerConfigKeys (ConfUtils.java:logGet(46)) - raft.server.retrycache.statistics.expirytime = 100μs (default)
2023-06-17 14:24:42,291 [8624e205-2d39-4523-82ac-4c9e49e08d77-groupManagement] INFO  server.RaftServerConfigKeys (ConfUtils.java:logGet(46)) - raft.server.read.option = DEFAULT (default)
2023-06-17 14:24:42,293 [9b904d97-ba57-4d1c-b750-04e93ad7e320-groupManagement] INFO  server.RaftServerConfigKeys (ConfUtils.java:logGet(46)) - raft.server.rpc.request.timeout = 60s (custom)
2023-06-17 14:24:42,294 [9b904d97-ba57-4d1c-b750-04e93ad7e320-groupManagement] INFO  server.RaftServerConfigKeys (ConfUtils.java:logGet(46)) - raft.server.log.appender.install.snapshot.enabled = false (custom)
2023-06-17 14:24:42,294 [9b904d97-ba57-4d1c-b750-04e93ad7e320-groupManagement] INFO  server.RaftServerConfigKeys (ConfUtils.java:logGet(46)) - raft.server.threadpool.server.cached = true (default)
2023-06-17 14:24:42,294 [9b904d97-ba57-4d1c-b750-04e93ad7e320-groupManagement] INFO  server.RaftServerConfigKeys (ConfUtils.java:logGet(46)) - raft.server.threadpool.server.size = 0 (default)
2023-06-17 14:24:42,294 [9b904d97-ba57-4d1c-b750-04e93ad7e320-groupManagement] INFO  server.RaftServerConfigKeys (ConfUtils.java:logGet(46)) - raft.server.threadpool.client.cached = true (default)
2023-06-17 14:24:42,294 [9b904d97-ba57-4d1c-b750-04e93ad7e320-groupManagement] INFO  server.RaftServerConfigKeys (ConfUtils.java:logGet(46)) - raft.server.threadpool.client.size = 0 (default)
2023-06-17 14:24:42,294 [8624e205-2d39-4523-82ac-4c9e49e08d77-groupManagement] INFO  server.RaftServerConfigKeys (ConfUtils.java:logGet(46)) - raft.server.rpc.request.timeout = 60s (custom)
2023-06-17 14:24:42,294 [8624e205-2d39-4523-82ac-4c9e49e08d77-groupManagement] INFO  server.RaftServerConfigKeys (ConfUtils.java:logGet(46)) - raft.server.log.appender.install.snapshot.enabled = false (custom)
2023-06-17 14:24:42,294 [9b904d97-ba57-4d1c-b750-04e93ad7e320-groupManagement] INFO  storage.RaftStorageDirectory (RaftStorageDirectoryImpl.java:analyzeStorage(137)) - The storage directory /home/runner/work/ozone/ozone/hadoop-ozone/integration-test/target/test-dir/MiniOzoneClusterImpl-68882fc2-21fb-4ea4-940d-4f92d2da87ec/datanode-0/data/ratis/8722a696-13c5-4ce8-9392-7aa2029a76d4 does not exist. Creating ...
2023-06-17 14:24:42,294 [8624e205-2d39-4523-82ac-4c9e49e08d77-groupManagement] INFO  server.RaftServerConfigKeys (ConfUtils.java:logGet(46)) - raft.server.threadpool.server.cached = true (default)
2023-06-17 14:24:42,295 [8624e205-2d39-4523-82ac-4c9e49e08d77-groupManagement] INFO  server.RaftServerConfigKeys (ConfUtils.java:logGet(46)) - raft.server.threadpool.server.size = 0 (default)
2023-06-17 14:24:42,295 [8624e205-2d39-4523-82ac-4c9e49e08d77-groupManagement] INFO  server.RaftServerConfigKeys (ConfUtils.java:logGet(46)) - raft.server.threadpool.client.cached = true (default)
2023-06-17 14:24:42,295 [8624e205-2d39-4523-82ac-4c9e49e08d77-groupManagement] INFO  server.RaftServerConfigKeys (ConfUtils.java:logGet(46)) - raft.server.threadpool.client.size = 0 (default)
2023-06-17 14:24:42,295 [8624e205-2d39-4523-82ac-4c9e49e08d77-groupManagement] INFO  storage.RaftStorageDirectory (RaftStorageDirectoryImpl.java:analyzeStorage(137)) - The storage directory /home/runner/work/ozone/ozone/hadoop-ozone/integration-test/target/test-dir/MiniOzoneClusterImpl-68882fc2-21fb-4ea4-940d-4f92d2da87ec/datanode-1/data/ratis/8722a696-13c5-4ce8-9392-7aa2029a76d4 does not exist. Creating ...
2023-06-17 14:24:42,296 [9b904d97-ba57-4d1c-b750-04e93ad7e320-groupManagement] INFO  storage.RaftStorageDirectory (RaftStorageDirectoryImpl.java:tryLock(231)) - Lock on /home/runner/work/ozone/ozone/hadoop-ozone/integration-test/target/test-dir/MiniOzoneClusterImpl-68882fc2-21fb-4ea4-940d-4f92d2da87ec/datanode-0/data/ratis/8722a696-13c5-4ce8-9392-7aa2029a76d4/in_use.lock acquired by nodename 109811@fv-az1035-386
2023-06-17 14:24:42,297 [8624e205-2d39-4523-82ac-4c9e49e08d77-groupManagement] INFO  storage.RaftStorageDirectory (RaftStorageDirectoryImpl.java:tryLock(231)) - Lock on /home/runner/work/ozone/ozone/hadoop-ozone/integration-test/target/test-dir/MiniOzoneClusterImpl-68882fc2-21fb-4ea4-940d-4f92d2da87ec/datanode-1/data/ratis/8722a696-13c5-4ce8-9392-7aa2029a76d4/in_use.lock acquired by nodename 109811@fv-az1035-386
2023-06-17 14:24:42,298 [9b904d97-ba57-4d1c-b750-04e93ad7e320-groupManagement] INFO  storage.RaftStorage (RaftStorageImpl.java:format(96)) - Storage directory /home/runner/work/ozone/ozone/hadoop-ozone/integration-test/target/test-dir/MiniOzoneClusterImpl-68882fc2-21fb-4ea4-940d-4f92d2da87ec/datanode-0/data/ratis/8722a696-13c5-4ce8-9392-7aa2029a76d4 has been successfully formatted.
2023-06-17 14:24:42,298 [8624e205-2d39-4523-82ac-4c9e49e08d77-groupManagement] INFO  storage.RaftStorage (RaftStorageImpl.java:format(96)) - Storage directory /home/runner/work/ozone/ozone/hadoop-ozone/integration-test/target/test-dir/MiniOzoneClusterImpl-68882fc2-21fb-4ea4-940d-4f92d2da87ec/datanode-1/data/ratis/8722a696-13c5-4ce8-9392-7aa2029a76d4 has been successfully formatted.
2023-06-17 14:24:42,301 [8624e205-2d39-4523-82ac-4c9e49e08d77-groupManagement] INFO  ratis.ContainerStateMachine (ContainerStateMachine.java:loadSnapshot(262)) - group-7AA2029A76D4: The snapshot info is null. Setting the last applied indexto:(t:0, i:~)
2023-06-17 14:24:42,301 [8624e205-2d39-4523-82ac-4c9e49e08d77-groupManagement] INFO  server.RaftServerConfigKeys (ConfUtils.java:logGet(46)) - raft.server.log.use.memory = false (default)
2023-06-17 14:24:42,301 [8624e205-2d39-4523-82ac-4c9e49e08d77-groupManagement] INFO  server.RaftServerConfigKeys (ConfUtils.java:logGet(46)) - raft.server.log.purge.gap = 1000000 (custom)
2023-06-17 14:24:42,301 [8624e205-2d39-4523-82ac-4c9e49e08d77-groupManagement] INFO  server.RaftServerConfigKeys (ConfUtils.java:logGet(46)) - raft.server.log.appender.buffer.byte-limit = 33554432 (custom)
2023-06-17 14:24:42,301 [8624e205-2d39-4523-82ac-4c9e49e08d77-groupManagement] INFO  server.RaftServerConfigKeys (ConfUtils.java:logGet(46)) - raft.server.log.statemachine.data.read.timeout = 1000ms (default)
2023-06-17 14:24:42,301 [8624e205-2d39-4523-82ac-4c9e49e08d77-groupManagement] INFO  server.RaftServerConfigKeys (ConfUtils.java:logGet(46)) - raft.server.log.purge.preservation.log.num = 0 (default)
2023-06-17 14:24:42,302 [8624e205-2d39-4523-82ac-4c9e49e08d77-groupManagement] INFO  server.RaftServerConfigKeys (ConfUtils.java:logGet(46)) - raft.server.log.segment.size.max = 1048576 (custom)
2023-06-17 14:24:42,302 [9b904d97-ba57-4d1c-b750-04e93ad7e320-groupManagement] INFO  ratis.ContainerStateMachine (ContainerStateMachine.java:loadSnapshot(262)) - group-7AA2029A76D4: The snapshot info is null. Setting the last applied indexto:(t:0, i:~)
2023-06-17 14:24:42,302 [9b904d97-ba57-4d1c-b750-04e93ad7e320-groupManagement] INFO  server.RaftServerConfigKeys (ConfUtils.java:logGet(46)) - raft.server.log.use.memory = false (default)
2023-06-17 14:24:42,302 [9b904d97-ba57-4d1c-b750-04e93ad7e320-groupManagement] INFO  server.RaftServerConfigKeys (ConfUtils.java:logGet(46)) - raft.server.log.purge.gap = 1000000 (custom)
2023-06-17 14:24:42,302 [9b904d97-ba57-4d1c-b750-04e93ad7e320-groupManagement] INFO  server.RaftServerConfigKeys (ConfUtils.java:logGet(46)) - raft.server.log.appender.buffer.byte-limit = 33554432 (custom)
2023-06-17 14:24:42,302 [9b904d97-ba57-4d1c-b750-04e93ad7e320-groupManagement] INFO  server.RaftServerConfigKeys (ConfUtils.java:logGet(46)) - raft.server.log.statemachine.data.read.timeout = 1000ms (default)
2023-06-17 14:24:42,302 [9b904d97-ba57-4d1c-b750-04e93ad7e320-groupManagement] INFO  server.RaftServerConfigKeys (ConfUtils.java:logGet(46)) - raft.server.log.purge.preservation.log.num = 0 (default)
2023-06-17 14:24:42,302 [9b904d97-ba57-4d1c-b750-04e93ad7e320-groupManagement] INFO  server.RaftServerConfigKeys (ConfUtils.java:logGet(46)) - raft.server.log.segment.size.max = 1048576 (custom)
2023-06-17 14:24:42,303 [9b904d97-ba57-4d1c-b750-04e93ad7e320-groupManagement] INFO  server.RaftServerConfigKeys (ConfUtils.java:logGet(46)) - raft.server.log.segment.cache.num.max = 2 (custom)
2023-06-17 14:24:42,303 [9b904d97-ba57-4d1c-b750-04e93ad7e320-groupManagement] INFO  server.RaftServerConfigKeys (ConfUtils.java:logGet(46)) - raft.server.log.segment.cache.size.max = 200MB (=209715200) (default)
2023-06-17 14:24:42,303 [9b904d97-ba57-4d1c-b750-04e93ad7e320-groupManagement] INFO  server.RaftServerConfigKeys (ConfUtils.java:logGet(46)) - raft.server.log.appender.buffer.byte-limit = 33554432 (custom)
2023-06-17 14:24:42,303 [9b904d97-ba57-4d1c-b750-04e93ad7e320-groupManagement] INFO  segmented.SegmentedRaftLogWorker (SegmentedRaftLogWorker.java:<init>(188)) - new 9b904d97-ba57-4d1c-b750-04e93ad7e320@group-7AA2029A76D4-SegmentedRaftLogWorker for RaftStorageImpl:Storage Directory /home/runner/work/ozone/ozone/hadoop-ozone/integration-test/target/test-dir/MiniOzoneClusterImpl-68882fc2-21fb-4ea4-940d-4f92d2da87ec/datanode-0/data/ratis/8722a696-13c5-4ce8-9392-7aa2029a76d4
2023-06-17 14:24:42,303 [9b904d97-ba57-4d1c-b750-04e93ad7e320-groupManagement] INFO  server.RaftServerConfigKeys (ConfUtils.java:logGet(46)) - raft.server.log.queue.byte-limit = 4294967296 (custom)
2023-06-17 14:24:42,303 [9b904d97-ba57-4d1c-b750-04e93ad7e320-groupManagement] INFO  server.RaftServerConfigKeys (ConfUtils.java:logGet(46)) - raft.server.log.queue.element-limit = 1024 (custom)
2023-06-17 14:24:42,302 [8624e205-2d39-4523-82ac-4c9e49e08d77-groupManagement] INFO  server.RaftServerConfigKeys (ConfUtils.java:logGet(46)) - raft.server.log.segment.cache.num.max = 2 (custom)
2023-06-17 14:24:42,314 [8624e205-2d39-4523-82ac-4c9e49e08d77-groupManagement] INFO  server.RaftServerConfigKeys (ConfUtils.java:logGet(46)) - raft.server.log.segment.cache.size.max = 200MB (=209715200) (default)
2023-06-17 14:24:42,314 [8624e205-2d39-4523-82ac-4c9e49e08d77-groupManagement] INFO  server.RaftServerConfigKeys (ConfUtils.java:logGet(46)) - raft.server.log.appender.buffer.byte-limit = 33554432 (custom)
2023-06-17 14:24:42,313 [9b904d97-ba57-4d1c-b750-04e93ad7e320-groupManagement] INFO  server.RaftServerConfigKeys (ConfUtils.java:logGet(46)) - raft.server.log.segment.size.max = 1048576 (custom)
2023-06-17 14:24:42,309 [EventQueue-OpenPipelineForHealthyPipelineSafeModeRule] INFO  safemode.SCMSafeModeManager (HealthyPipelineSafeModeRule.java:process(137)) - SCM in safe mode. Healthy pipelines reported count is 0, required healthy pipeline reported count is 1
2023-06-17 14:24:42,314 [9b904d97-ba57-4d1c-b750-04e93ad7e320-groupManagement] INFO  server.RaftServerConfigKeys (ConfUtils.java:logGet(46)) - raft.server.log.preallocated.size = 16384 (custom)
2023-06-17 14:24:42,314 [9b904d97-ba57-4d1c-b750-04e93ad7e320-groupManagement] INFO  server.RaftServerConfigKeys (ConfUtils.java:logGet(46)) - raft.server.log.force.sync.num = 128 (default)
2023-06-17 14:24:42,314 [9b904d97-ba57-4d1c-b750-04e93ad7e320-groupManagement] INFO  server.RaftServerConfigKeys (ConfUtils.java:logGet(46)) - raft.server.log.statemachine.data.sync = true (default)
2023-06-17 14:24:42,314 [9b904d97-ba57-4d1c-b750-04e93ad7e320-groupManagement] INFO  server.RaftServerConfigKeys (ConfUtils.java:logGet(46)) - raft.server.log.statemachine.data.sync.timeout = 10s (default)
2023-06-17 14:24:42,315 [9b904d97-ba57-4d1c-b750-04e93ad7e320-groupManagement] INFO  server.RaftServerConfigKeys (ConfUtils.java:logGet(46)) - raft.server.log.statemachine.data.sync.timeout.retry = -1 (default)
2023-06-17 14:24:42,315 [EventQueue-OpenPipelineForHealthyPipelineSafeModeRule] INFO  safemode.SCMSafeModeManager (HealthyPipelineSafeModeRule.java:process(137)) - SCM in safe mode. Healthy pipelines reported count is 0, required healthy pipeline reported count is 1
2023-06-17 14:24:42,315 [9b904d97-ba57-4d1c-b750-04e93ad7e320-groupManagement] INFO  server.RaftServerConfigKeys (ConfUtils.java:logGet(46)) - raft.server.log.write.buffer.size = 1048576 (custom)
2023-06-17 14:24:42,314 [8624e205-2d39-4523-82ac-4c9e49e08d77-groupManagement] INFO  segmented.SegmentedRaftLogWorker (SegmentedRaftLogWorker.java:<init>(188)) - new 8624e205-2d39-4523-82ac-4c9e49e08d77@group-7AA2029A76D4-SegmentedRaftLogWorker for RaftStorageImpl:Storage Directory /home/runner/work/ozone/ozone/hadoop-ozone/integration-test/target/test-dir/MiniOzoneClusterImpl-68882fc2-21fb-4ea4-940d-4f92d2da87ec/datanode-1/data/ratis/8722a696-13c5-4ce8-9392-7aa2029a76d4
2023-06-17 14:24:42,316 [8624e205-2d39-4523-82ac-4c9e49e08d77-groupManagement] INFO  server.RaftServerConfigKeys (ConfUtils.java:logGet(46)) - raft.server.log.queue.byte-limit = 4294967296 (custom)
2023-06-17 14:24:42,316 [9b904d97-ba57-4d1c-b750-04e93ad7e320-groupManagement] INFO  server.RaftServerConfigKeys (ConfUtils.java:logGet(46)) - raft.server.log.appender.buffer.byte-limit = 33554432 (custom)
2023-06-17 14:24:42,316 [8624e205-2d39-4523-82ac-4c9e49e08d77-groupManagement] INFO  server.RaftServerConfigKeys (ConfUtils.java:logGet(46)) - raft.server.log.queue.element-limit = 1024 (custom)
2023-06-17 14:24:42,316 [8624e205-2d39-4523-82ac-4c9e49e08d77-groupManagement] INFO  server.RaftServerConfigKeys (ConfUtils.java:logGet(46)) - raft.server.log.segment.size.max = 1048576 (custom)
2023-06-17 14:24:42,316 [8624e205-2d39-4523-82ac-4c9e49e08d77-groupManagement] INFO  server.RaftServerConfigKeys (ConfUtils.java:logGet(46)) - raft.server.log.preallocated.size = 16384 (custom)
2023-06-17 14:24:42,316 [8624e205-2d39-4523-82ac-4c9e49e08d77-groupManagement] INFO  server.RaftServerConfigKeys (ConfUtils.java:logGet(46)) - raft.server.log.force.sync.num = 128 (default)
2023-06-17 14:24:42,316 [8624e205-2d39-4523-82ac-4c9e49e08d77-groupManagement] INFO  server.RaftServerConfigKeys (ConfUtils.java:logGet(46)) - raft.server.log.statemachine.data.sync = true (default)
2023-06-17 14:24:42,316 [8624e205-2d39-4523-82ac-4c9e49e08d77-groupManagement] INFO  server.RaftServerConfigKeys (ConfUtils.java:logGet(46)) - raft.server.log.statemachine.data.sync.timeout = 10s (default)
2023-06-17 14:24:42,316 [8624e205-2d39-4523-82ac-4c9e49e08d77-groupManagement] INFO  server.RaftServerConfigKeys (ConfUtils.java:logGet(46)) - raft.server.log.statemachine.data.sync.timeout.retry = -1 (default)
2023-06-17 14:24:42,317 [8624e205-2d39-4523-82ac-4c9e49e08d77-groupManagement] INFO  server.RaftServerConfigKeys (ConfUtils.java:logGet(46)) - raft.server.log.write.buffer.size = 1048576 (custom)
2023-06-17 14:24:42,318 [8624e205-2d39-4523-82ac-4c9e49e08d77-groupManagement] INFO  server.RaftServerConfigKeys (ConfUtils.java:logGet(46)) - raft.server.log.appender.buffer.byte-limit = 33554432 (custom)
2023-06-17 14:24:42,331 [8624e205-2d39-4523-82ac-4c9e49e08d77-groupManagement] INFO  server.RaftServerConfigKeys (ConfUtils.java:logGet(46)) - raft.server.log.unsafe-flush.enabled = false (default)
2023-06-17 14:24:42,332 [8624e205-2d39-4523-82ac-4c9e49e08d77-groupManagement] INFO  server.RaftServerConfigKeys (ConfUtils.java:logGet(46)) - raft.server.log.async-flush.enabled = false (default)
2023-06-17 14:24:42,332 [8624e205-2d39-4523-82ac-4c9e49e08d77-groupManagement] INFO  server.RaftServerConfigKeys (ConfUtils.java:logGet(46)) - raft.server.log.statemachine.data.caching.enabled = true (custom)
2023-06-17 14:24:42,338 [9b904d97-ba57-4d1c-b750-04e93ad7e320-groupManagement] INFO  server.RaftServerConfigKeys (ConfUtils.java:logGet(46)) - raft.server.log.unsafe-flush.enabled = false (default)
2023-06-17 14:24:42,338 [9b904d97-ba57-4d1c-b750-04e93ad7e320-groupManagement] INFO  server.RaftServerConfigKeys (ConfUtils.java:logGet(46)) - raft.server.log.async-flush.enabled = false (default)
2023-06-17 14:24:42,338 [9b904d97-ba57-4d1c-b750-04e93ad7e320-groupManagement] INFO  server.RaftServerConfigKeys (ConfUtils.java:logGet(46)) - raft.server.log.statemachine.data.caching.enabled = true (custom)
2023-06-17 14:24:42,338 [9b904d97-ba57-4d1c-b750-04e93ad7e320-groupManagement] INFO  segmented.SegmentedRaftLogWorker (SegmentedRaftLogWorker.java:lambda$new$0(135)) - 9b904d97-ba57-4d1c-b750-04e93ad7e320@group-7AA2029A76D4-SegmentedRaftLogWorker: flushIndex: setUnconditionally 0 -> -1
2023-06-17 14:24:42,338 [9b904d97-ba57-4d1c-b750-04e93ad7e320-groupManagement] INFO  segmented.SegmentedRaftLogWorker (SegmentedRaftLogWorker.java:lambda$new$0(135)) - 9b904d97-ba57-4d1c-b750-04e93ad7e320@group-7AA2029A76D4-SegmentedRaftLogWorker: safeCacheEvictIndex: setUnconditionally 0 -> -1
2023-06-17 14:24:42,339 [8624e205-2d39-4523-82ac-4c9e49e08d77-groupManagement] INFO  segmented.SegmentedRaftLogWorker (SegmentedRaftLogWorker.java:lambda$new$0(135)) - 8624e205-2d39-4523-82ac-4c9e49e08d77@group-7AA2029A76D4-SegmentedRaftLogWorker: flushIndex: setUnconditionally 0 -> -1
2023-06-17 14:24:42,339 [8624e205-2d39-4523-82ac-4c9e49e08d77-groupManagement] INFO  segmented.SegmentedRaftLogWorker (SegmentedRaftLogWorker.java:lambda$new$0(135)) - 8624e205-2d39-4523-82ac-4c9e49e08d77@group-7AA2029A76D4-SegmentedRaftLogWorker: safeCacheEvictIndex: setUnconditionally 0 -> -1
2023-06-17 14:24:42,344 [9b904d97-ba57-4d1c-b750-04e93ad7e320-groupManagement] INFO  server.RaftServer$Division (RaftServerImpl.java:start(342)) - 9b904d97-ba57-4d1c-b750-04e93ad7e320@group-7AA2029A76D4: start as a follower, conf=-1: peers:[50e7a123-fb10-4f6b-bd10-2c6e895f4416|rpc:10.1.0.30:15032|admin:10.1.0.30:15031|client:10.1.0.30:15030|dataStream:10.1.0.30:15033|priority:1|startupRole:FOLLOWER, 8624e205-2d39-4523-82ac-4c9e49e08d77|rpc:10.1.0.30:15023|admin:10.1.0.30:15022|client:10.1.0.30:15021|dataStream:10.1.0.30:15024|priority:0|startupRole:FOLLOWER, 9b904d97-ba57-4d1c-b750-04e93ad7e320|rpc:10.1.0.30:15014|admin:10.1.0.30:15013|client:10.1.0.30:15012|dataStream:10.1.0.30:15015|priority:0|startupRole:FOLLOWER]|listeners:[], old=null
2023-06-17 14:24:42,344 [9b904d97-ba57-4d1c-b750-04e93ad7e320-groupManagement] INFO  server.RaftServer$Division (RaftServerImpl.java:setRole(329)) - 9b904d97-ba57-4d1c-b750-04e93ad7e320@group-7AA2029A76D4: changes role from      null to FOLLOWER at term 0 for startAsFollower
2023-06-17 14:24:42,344 [9b904d97-ba57-4d1c-b750-04e93ad7e320-groupManagement] INFO  impl.RoleInfo (RoleInfo.java:updateAndGet(139)) - 9b904d97-ba57-4d1c-b750-04e93ad7e320: start 9b904d97-ba57-4d1c-b750-04e93ad7e320@group-7AA2029A76D4-FollowerState
2023-06-17 14:24:42,345 [9b904d97-ba57-4d1c-b750-04e93ad7e320-groupManagement] INFO  util.JmxRegister (JmxRegister.java:tryRegister(44)) - Successfully registered JMX Bean with object name Ratis:service=RaftServer,group=group-7AA2029A76D4,id=9b904d97-ba57-4d1c-b750-04e93ad7e320
2023-06-17 14:24:42,345 [9b904d97-ba57-4d1c-b750-04e93ad7e320@group-7AA2029A76D4-FollowerState] INFO  server.RaftServerConfigKeys (ConfUtils.java:logFallback(53)) - raft.server.rpc.first-election.timeout.min = 5s (fallback to raft.server.rpc.timeout.min)
2023-06-17 14:24:42,346 [8624e205-2d39-4523-82ac-4c9e49e08d77-groupManagement] INFO  server.RaftServer$Division (RaftServerImpl.java:start(342)) - 8624e205-2d39-4523-82ac-4c9e49e08d77@group-7AA2029A76D4: start as a follower, conf=-1: peers:[50e7a123-fb10-4f6b-bd10-2c6e895f4416|rpc:10.1.0.30:15032|admin:10.1.0.30:15031|client:10.1.0.30:15030|dataStream:10.1.0.30:15033|priority:1|startupRole:FOLLOWER, 8624e205-2d39-4523-82ac-4c9e49e08d77|rpc:10.1.0.30:15023|admin:10.1.0.30:15022|client:10.1.0.30:15021|dataStream:10.1.0.30:15024|priority:0|startupRole:FOLLOWER, 9b904d97-ba57-4d1c-b750-04e93ad7e320|rpc:10.1.0.30:15014|admin:10.1.0.30:15013|client:10.1.0.30:15012|dataStream:10.1.0.30:15015|priority:0|startupRole:FOLLOWER]|listeners:[], old=null
2023-06-17 14:24:42,345 [9b904d97-ba57-4d1c-b750-04e93ad7e320-groupManagement] INFO  server.RaftServerConfigKeys (ConfUtils.java:logGet(46)) - raft.server.snapshot.auto.trigger.enabled = true (custom)
2023-06-17 14:24:42,354 [9b904d97-ba57-4d1c-b750-04e93ad7e320-groupManagement] INFO  server.RaftServerConfigKeys (ConfUtils.java:logGet(46)) - raft.server.snapshot.auto.trigger.threshold = 10000 (custom)
2023-06-17 14:24:42,354 [9b904d97-ba57-4d1c-b750-04e93ad7e320-groupManagement] INFO  server.RaftServerConfigKeys (ConfUtils.java:logGet(46)) - raft.server.snapshot.retention.file.num = 5 (custom)
2023-06-17 14:24:42,354 [9b904d97-ba57-4d1c-b750-04e93ad7e320-groupManagement] INFO  server.RaftServerConfigKeys (ConfUtils.java:logGet(46)) - raft.server.log.purge.upto.snapshot.index = false (default)
2023-06-17 14:24:42,354 [8624e205-2d39-4523-82ac-4c9e49e08d77-groupManagement] INFO  server.RaftServer$Division (RaftServerImpl.java:setRole(329)) - 8624e205-2d39-4523-82ac-4c9e49e08d77@group-7AA2029A76D4: changes role from      null to FOLLOWER at term 0 for startAsFollower
2023-06-17 14:24:42,358 [8624e205-2d39-4523-82ac-4c9e49e08d77-groupManagement] INFO  impl.RoleInfo (RoleInfo.java:updateAndGet(139)) - 8624e205-2d39-4523-82ac-4c9e49e08d77: start 8624e205-2d39-4523-82ac-4c9e49e08d77@group-7AA2029A76D4-FollowerState
2023-06-17 14:24:42,355 [PipelineCommandHandlerThread-0] INFO  ratis.XceiverServerRatis (XceiverServerRatis.java:addGroup(804)) - Created group PipelineID=8722a696-13c5-4ce8-9392-7aa2029a76d4
2023-06-17 14:24:42,359 [8624e205-2d39-4523-82ac-4c9e49e08d77-groupManagement] INFO  util.JmxRegister (JmxRegister.java:tryRegister(44)) - Successfully registered JMX Bean with object name Ratis:service=RaftServer,group=group-7AA2029A76D4,id=8624e205-2d39-4523-82ac-4c9e49e08d77
2023-06-17 14:24:42,359 [8624e205-2d39-4523-82ac-4c9e49e08d77-groupManagement] INFO  server.RaftServerConfigKeys (ConfUtils.java:logGet(46)) - raft.server.snapshot.auto.trigger.enabled = true (custom)
2023-06-17 14:24:42,359 [8624e205-2d39-4523-82ac-4c9e49e08d77-groupManagement] INFO  server.RaftServerConfigKeys (ConfUtils.java:logGet(46)) - raft.server.snapshot.auto.trigger.threshold = 10000 (custom)
2023-06-17 14:24:42,359 [8624e205-2d39-4523-82ac-4c9e49e08d77-groupManagement] INFO  server.RaftServerConfigKeys (ConfUtils.java:logGet(46)) - raft.server.snapshot.retention.file.num = 5 (custom)
2023-06-17 14:24:42,360 [8624e205-2d39-4523-82ac-4c9e49e08d77-groupManagement] INFO  server.RaftServerConfigKeys (ConfUtils.java:logGet(46)) - raft.server.log.purge.upto.snapshot.index = false (default)
2023-06-17 14:24:42,360 [8624e205-2d39-4523-82ac-4c9e49e08d77@group-7AA2029A76D4-FollowerState] INFO  server.RaftServerConfigKeys (ConfUtils.java:logFallback(53)) - raft.server.rpc.first-election.timeout.min = 5s (fallback to raft.server.rpc.timeout.min)
2023-06-17 14:24:42,360 [8624e205-2d39-4523-82ac-4c9e49e08d77@group-7AA2029A76D4-FollowerState] INFO  server.RaftServerConfigKeys (ConfUtils.java:logFallback(53)) - raft.server.rpc.first-election.timeout.max = 5200ms (fallback to raft.server.rpc.timeout.max)
2023-06-17 14:24:42,361 [PipelineCommandHandlerThread-0] INFO  ratis.XceiverServerRatis (XceiverServerRatis.java:addGroup(804)) - Created group PipelineID=8722a696-13c5-4ce8-9392-7aa2029a76d4
2023-06-17 14:24:42,367 [9b904d97-ba57-4d1c-b750-04e93ad7e320@group-7AA2029A76D4-FollowerState] INFO  server.RaftServerConfigKeys (ConfUtils.java:logFallback(53)) - raft.server.rpc.first-election.timeout.max = 5200ms (fallback to raft.server.rpc.timeout.max)
2023-06-17 14:24:42,454 [PipelineCommandHandlerThread-0] INFO  commandhandler.CreatePipelineCommandHandler (CreatePipelineCommandHandler.java:lambda$handle$2(124)) - Created Pipeline RATIS THREE PipelineID=069d6f8c-1a4c-4c87-8230-4103141b7879.
2023-06-17 14:24:42,454 [PipelineCommandHandlerThread-0] INFO  server.RaftServer (RaftServerProxy.java:addNew(98)) - 50e7a123-fb10-4f6b-bd10-2c6e895f4416: addNew group-7AA2029A76D4:[50e7a123-fb10-4f6b-bd10-2c6e895f4416|rpc:10.1.0.30:15032|admin:10.1.0.30:15031|client:10.1.0.30:15030|dataStream:10.1.0.30:15033|priority:1|startupRole:FOLLOWER, 8624e205-2d39-4523-82ac-4c9e49e08d77|rpc:10.1.0.30:15023|admin:10.1.0.30:15022|client:10.1.0.30:15021|dataStream:10.1.0.30:15024|priority:0|startupRole:FOLLOWER, 9b904d97-ba57-4d1c-b750-04e93ad7e320|rpc:10.1.0.30:15014|admin:10.1.0.30:15013|client:10.1.0.30:15012|dataStream:10.1.0.30:15015|priority:0|startupRole:FOLLOWER] returns group-7AA2029A76D4:java.util.concurrent.CompletableFuture@385dda8e[Not completed]
2023-06-17 14:24:42,456 [50e7a123-fb10-4f6b-bd10-2c6e895f4416-groupManagement] INFO  server.RaftServer$Division (RaftServerImpl.java:<init>(198)) - 50e7a123-fb10-4f6b-bd10-2c6e895f4416: new RaftServerImpl for group-7AA2029A76D4:[50e7a123-fb10-4f6b-bd10-2c6e895f4416|rpc:10.1.0.30:15032|admin:10.1.0.30:15031|client:10.1.0.30:15030|dataStream:10.1.0.30:15033|priority:1|startupRole:FOLLOWER, 8624e205-2d39-4523-82ac-4c9e49e08d77|rpc:10.1.0.30:15023|admin:10.1.0.30:15022|client:10.1.0.30:15021|dataStream:10.1.0.30:15024|priority:0|startupRole:FOLLOWER, 9b904d97-ba57-4d1c-b750-04e93ad7e320|rpc:10.1.0.30:15014|admin:10.1.0.30:15013|client:10.1.0.30:15012|dataStream:10.1.0.30:15015|priority:0|startupRole:FOLLOWER] with ContainerStateMachine:uninitialized
2023-06-17 14:24:42,456 [50e7a123-fb10-4f6b-bd10-2c6e895f4416-groupManagement] INFO  server.RaftServerConfigKeys (ConfUtils.java:logGet(46)) - raft.server.rpc.timeout.min = 5s (custom)
2023-06-17 14:24:42,456 [50e7a123-fb10-4f6b-bd10-2c6e895f4416-groupManagement] INFO  server.RaftServerConfigKeys (ConfUtils.java:logGet(46)) - raft.server.rpc.timeout.max = 5200ms (custom)
2023-06-17 14:24:42,456 [50e7a123-fb10-4f6b-bd10-2c6e895f4416-groupManagement] INFO  server.RaftServerConfigKeys (ConfUtils.java:logGet(46)) - raft.server.rpc.sleep.time = 25ms (default)
2023-06-17 14:24:42,456 [50e7a123-fb10-4f6b-bd10-2c6e895f4416-groupManagement] INFO  server.RaftServerConfigKeys (ConfUtils.java:logGet(46)) - raft.server.rpc.slowness.timeout = 300s (custom)
2023-06-17 14:24:42,456 [50e7a123-fb10-4f6b-bd10-2c6e895f4416-groupManagement] INFO  server.RaftServerConfigKeys (ConfUtils.java:logGet(46)) - raft.server.leaderelection.leader.step-down.wait-time = 10s (default)
2023-06-17 14:24:42,456 [50e7a123-fb10-4f6b-bd10-2c6e895f4416-groupManagement] INFO  server.RaftServerConfigKeys (ConfUtils.java:logGet(46)) - raft.server.sleep.deviation.threshold = 300ms (default)
2023-06-17 14:24:42,456 [50e7a123-fb10-4f6b-bd10-2c6e895f4416-groupManagement] INFO  server.RaftServer$Division (ServerState.java:<init>(120)) - 50e7a123-fb10-4f6b-bd10-2c6e895f4416@group-7AA2029A76D4: ConfigurationManager, init=-1: peers:[50e7a123-fb10-4f6b-bd10-2c6e895f4416|rpc:10.1.0.30:15032|admin:10.1.0.30:15031|client:10.1.0.30:15030|dataStream:10.1.0.30:15033|priority:1|startupRole:FOLLOWER, 8624e205-2d39-4523-82ac-4c9e49e08d77|rpc:10.1.0.30:15023|admin:10.1.0.30:15022|client:10.1.0.30:15021|dataStream:10.1.0.30:15024|priority:0|startupRole:FOLLOWER, 9b904d97-ba57-4d1c-b750-04e93ad7e320|rpc:10.1.0.30:15014|admin:10.1.0.30:15013|client:10.1.0.30:15012|dataStream:10.1.0.30:15015|priority:0|startupRole:FOLLOWER]|listeners:[], old=null, confs=<EMPTY_MAP>
2023-06-17 14:24:42,456 [50e7a123-fb10-4f6b-bd10-2c6e895f4416-groupManagement] INFO  server.RaftServerConfigKeys (ConfUtils.java:logGet(46)) - raft.server.storage.dir = [/home/runner/work/ozone/ozone/hadoop-ozone/integration-test/target/test-dir/MiniOzoneClusterImpl-68882fc2-21fb-4ea4-940d-4f92d2da87ec/datanode-2/data/ratis] (custom)
2023-06-17 14:24:42,457 [50e7a123-fb10-4f6b-bd10-2c6e895f4416-groupManagement] INFO  server.RaftServerConfigKeys (ConfUtils.java:logGet(46)) - raft.server.log.corruption.policy = EXCEPTION (default)
2023-06-17 14:24:42,457 [50e7a123-fb10-4f6b-bd10-2c6e895f4416-groupManagement] INFO  server.RaftServerConfigKeys (ConfUtils.java:logGet(46)) - raft.server.storage.free-space.min = 0MB (=0) (default)
2023-06-17 14:24:42,457 [50e7a123-fb10-4f6b-bd10-2c6e895f4416-groupManagement] INFO  server.RaftServerConfigKeys (ConfUtils.java:logGet(46)) - raft.server.notification.no-leader.timeout = 300s (custom)
2023-06-17 14:24:42,457 [50e7a123-fb10-4f6b-bd10-2c6e895f4416-groupManagement] INFO  server.RaftServerConfigKeys (ConfUtils.java:logGet(46)) - raft.server.read.timeout = 10s (default)
2023-06-17 14:24:42,457 [50e7a123-fb10-4f6b-bd10-2c6e895f4416-groupManagement] INFO  server.RaftServerConfigKeys (ConfUtils.java:logGet(46)) - raft.server.retrycache.expirytime = 600000ms (custom)
2023-06-17 14:24:42,457 [50e7a123-fb10-4f6b-bd10-2c6e895f4416-groupManagement] INFO  server.RaftServerConfigKeys (ConfUtils.java:logGet(46)) - raft.server.retrycache.statistics.expirytime = 100μs (default)
2023-06-17 14:24:42,457 [50e7a123-fb10-4f6b-bd10-2c6e895f4416-groupManagement] INFO  server.RaftServerConfigKeys (ConfUtils.java:logGet(46)) - raft.server.read.option = DEFAULT (default)
2023-06-17 14:24:42,458 [50e7a123-fb10-4f6b-bd10-2c6e895f4416-groupManagement] INFO  server.RaftServerConfigKeys (ConfUtils.java:logGet(46)) - raft.server.rpc.request.timeout = 60s (custom)
2023-06-17 14:24:42,458 [50e7a123-fb10-4f6b-bd10-2c6e895f4416-groupManagement] INFO  server.RaftServerConfigKeys (ConfUtils.java:logGet(46)) - raft.server.log.appender.install.snapshot.enabled = false (custom)
2023-06-17 14:24:42,458 [50e7a123-fb10-4f6b-bd10-2c6e895f4416-groupManagement] INFO  server.RaftServerConfigKeys (ConfUtils.java:logGet(46)) - raft.server.threadpool.server.cached = true (default)
2023-06-17 14:24:42,458 [50e7a123-fb10-4f6b-bd10-2c6e895f4416-groupManagement] INFO  server.RaftServerConfigKeys (ConfUtils.java:logGet(46)) - raft.server.threadpool.server.size = 0 (default)
2023-06-17 14:24:42,458 [50e7a123-fb10-4f6b-bd10-2c6e895f4416-groupManagement] INFO  server.RaftServerConfigKeys (ConfUtils.java:logGet(46)) - raft.server.threadpool.client.cached = true (default)
2023-06-17 14:24:42,459 [50e7a123-fb10-4f6b-bd10-2c6e895f4416-groupManagement] INFO  server.RaftServerConfigKeys (ConfUtils.java:logGet(46)) - raft.server.threadpool.client.size = 0 (default)
2023-06-17 14:24:42,459 [50e7a123-fb10-4f6b-bd10-2c6e895f4416-groupManagement] INFO  storage.RaftStorageDirectory (RaftStorageDirectoryImpl.java:analyzeStorage(137)) - The storage directory /home/runner/work/ozone/ozone/hadoop-ozone/integration-test/target/test-dir/MiniOzoneClusterImpl-68882fc2-21fb-4ea4-940d-4f92d2da87ec/datanode-2/data/ratis/8722a696-13c5-4ce8-9392-7aa2029a76d4 does not exist. Creating ...
2023-06-17 14:24:42,460 [50e7a123-fb10-4f6b-bd10-2c6e895f4416-groupManagement] INFO  storage.RaftStorageDirectory (RaftStorageDirectoryImpl.java:tryLock(231)) - Lock on /home/runner/work/ozone/ozone/hadoop-ozone/integration-test/target/test-dir/MiniOzoneClusterImpl-68882fc2-21fb-4ea4-940d-4f92d2da87ec/datanode-2/data/ratis/8722a696-13c5-4ce8-9392-7aa2029a76d4/in_use.lock acquired by nodename 109811@fv-az1035-386
2023-06-17 14:24:42,467 [50e7a123-fb10-4f6b-bd10-2c6e895f4416-groupManagement] INFO  storage.RaftStorage (RaftStorageImpl.java:format(96)) - Storage directory /home/runner/work/ozone/ozone/hadoop-ozone/integration-test/target/test-dir/MiniOzoneClusterImpl-68882fc2-21fb-4ea4-940d-4f92d2da87ec/datanode-2/data/ratis/8722a696-13c5-4ce8-9392-7aa2029a76d4 has been successfully formatted.
2023-06-17 14:24:42,476 [50e7a123-fb10-4f6b-bd10-2c6e895f4416-groupManagement] INFO  ratis.ContainerStateMachine (ContainerStateMachine.java:loadSnapshot(262)) - group-7AA2029A76D4: The snapshot info is null. Setting the last applied indexto:(t:0, i:~)
2023-06-17 14:24:42,476 [50e7a123-fb10-4f6b-bd10-2c6e895f4416-groupManagement] INFO  server.RaftServerConfigKeys (ConfUtils.java:logGet(46)) - raft.server.log.use.memory = false (default)
2023-06-17 14:24:42,477 [50e7a123-fb10-4f6b-bd10-2c6e895f4416-groupManagement] INFO  server.RaftServerConfigKeys (ConfUtils.java:logGet(46)) - raft.server.log.purge.gap = 1000000 (custom)
2023-06-17 14:24:42,477 [50e7a123-fb10-4f6b-bd10-2c6e895f4416-groupManagement] INFO  server.RaftServerConfigKeys (ConfUtils.java:logGet(46)) - raft.server.log.appender.buffer.byte-limit = 33554432 (custom)
2023-06-17 14:24:42,477 [50e7a123-fb10-4f6b-bd10-2c6e895f4416-groupManagement] INFO  server.RaftServerConfigKeys (ConfUtils.java:logGet(46)) - raft.server.log.statemachine.data.read.timeout = 1000ms (default)
2023-06-17 14:24:42,477 [50e7a123-fb10-4f6b-bd10-2c6e895f4416-groupManagement] INFO  server.RaftServerConfigKeys (ConfUtils.java:logGet(46)) - raft.server.log.purge.preservation.log.num = 0 (default)
2023-06-17 14:24:42,477 [50e7a123-fb10-4f6b-bd10-2c6e895f4416-groupManagement] INFO  server.RaftServerConfigKeys (ConfUtils.java:logGet(46)) - raft.server.log.segment.size.max = 1048576 (custom)
2023-06-17 14:24:42,481 [50e7a123-fb10-4f6b-bd10-2c6e895f4416-groupManagement] INFO  server.RaftServerConfigKeys (ConfUtils.java:logGet(46)) - raft.server.log.segment.cache.num.max = 2 (custom)
2023-06-17 14:24:42,481 [50e7a123-fb10-4f6b-bd10-2c6e895f4416-groupManagement] INFO  server.RaftServerConfigKeys (ConfUtils.java:logGet(46)) - raft.server.log.segment.cache.size.max = 200MB (=209715200) (default)
2023-06-17 14:24:42,481 [50e7a123-fb10-4f6b-bd10-2c6e895f4416-groupManagement] INFO  server.RaftServerConfigKeys (ConfUtils.java:logGet(46)) - raft.server.log.appender.buffer.byte-limit = 33554432 (custom)
2023-06-17 14:24:42,481 [50e7a123-fb10-4f6b-bd10-2c6e895f4416-groupManagement] INFO  segmented.SegmentedRaftLogWorker (SegmentedRaftLogWorker.java:<init>(188)) - new 50e7a123-fb10-4f6b-bd10-2c6e895f4416@group-7AA2029A76D4-SegmentedRaftLogWorker for RaftStorageImpl:Storage Directory /home/runner/work/ozone/ozone/hadoop-ozone/integration-test/target/test-dir/MiniOzoneClusterImpl-68882fc2-21fb-4ea4-940d-4f92d2da87ec/datanode-2/data/ratis/8722a696-13c5-4ce8-9392-7aa2029a76d4
2023-06-17 14:24:42,481 [50e7a123-fb10-4f6b-bd10-2c6e895f4416-groupManagement] INFO  server.RaftServerConfigKeys (ConfUtils.java:logGet(46)) - raft.server.log.queue.byte-limit = 4294967296 (custom)
2023-06-17 14:24:42,481 [50e7a123-fb10-4f6b-bd10-2c6e895f4416-groupManagement] INFO  server.RaftServerConfigKeys (ConfUtils.java:logGet(46)) - raft.server.log.queue.element-limit = 1024 (custom)
2023-06-17 14:24:42,481 [50e7a123-fb10-4f6b-bd10-2c6e895f4416-groupManagement] INFO  server.RaftServerConfigKeys (ConfUtils.java:logGet(46)) - raft.server.log.segment.size.max = 1048576 (custom)
2023-06-17 14:24:42,481 [50e7a123-fb10-4f6b-bd10-2c6e895f4416-groupManagement] INFO  server.RaftServerConfigKeys (ConfUtils.java:logGet(46)) - raft.server.log.preallocated.size = 16384 (custom)
2023-06-17 14:24:42,481 [50e7a123-fb10-4f6b-bd10-2c6e895f4416-groupManagement] INFO  server.RaftServerConfigKeys (ConfUtils.java:logGet(46)) - raft.server.log.force.sync.num = 128 (default)
2023-06-17 14:24:42,481 [50e7a123-fb10-4f6b-bd10-2c6e895f4416-groupManagement] INFO  server.RaftServerConfigKeys (ConfUtils.java:logGet(46)) - raft.server.log.statemachine.data.sync = true (default)
2023-06-17 14:24:42,481 [50e7a123-fb10-4f6b-bd10-2c6e895f4416-groupManagement] INFO  server.RaftServerConfigKeys (ConfUtils.java:logGet(46)) - raft.server.log.statemachine.data.sync.timeout = 10s (default)
2023-06-17 14:24:42,481 [50e7a123-fb10-4f6b-bd10-2c6e895f4416-groupManagement] INFO  server.RaftServerConfigKeys (ConfUtils.java:logGet(46)) - raft.server.log.statemachine.data.sync.timeout.retry = -1 (default)
2023-06-17 14:24:42,482 [50e7a123-fb10-4f6b-bd10-2c6e895f4416-groupManagement] INFO  server.RaftServerConfigKeys (ConfUtils.java:logGet(46)) - raft.server.log.write.buffer.size = 1048576 (custom)
2023-06-17 14:24:42,486 [50e7a123-fb10-4f6b-bd10-2c6e895f4416-groupManagement] INFO  server.RaftServerConfigKeys (ConfUtils.java:logGet(46)) - raft.server.log.appender.buffer.byte-limit = 33554432 (custom)
2023-06-17 14:24:42,496 [50e7a123-fb10-4f6b-bd10-2c6e895f4416-groupManagement] INFO  server.RaftServerConfigKeys (ConfUtils.java:logGet(46)) - raft.server.log.unsafe-flush.enabled = false (default)
2023-06-17 14:24:42,496 [50e7a123-fb10-4f6b-bd10-2c6e895f4416-groupManagement] INFO  server.RaftServerConfigKeys (ConfUtils.java:logGet(46)) - raft.server.log.async-flush.enabled = false (default)
2023-06-17 14:24:42,496 [50e7a123-fb10-4f6b-bd10-2c6e895f4416-groupManagement] INFO  server.RaftServerConfigKeys (ConfUtils.java:logGet(46)) - raft.server.log.statemachine.data.caching.enabled = true (custom)
2023-06-17 14:24:42,497 [50e7a123-fb10-4f6b-bd10-2c6e895f4416-groupManagement] INFO  segmented.SegmentedRaftLogWorker (SegmentedRaftLogWorker.java:lambda$new$0(135)) - 50e7a123-fb10-4f6b-bd10-2c6e895f4416@group-7AA2029A76D4-SegmentedRaftLogWorker: flushIndex: setUnconditionally 0 -> -1
2023-06-17 14:24:42,497 [50e7a123-fb10-4f6b-bd10-2c6e895f4416-groupManagement] INFO  segmented.SegmentedRaftLogWorker (SegmentedRaftLogWorker.java:lambda$new$0(135)) - 50e7a123-fb10-4f6b-bd10-2c6e895f4416@group-7AA2029A76D4-SegmentedRaftLogWorker: safeCacheEvictIndex: setUnconditionally 0 -> -1
2023-06-17 14:24:42,498 [50e7a123-fb10-4f6b-bd10-2c6e895f4416-groupManagement] INFO  server.RaftServer$Division (RaftServerImpl.java:start(342)) - 50e7a123-fb10-4f6b-bd10-2c6e895f4416@group-7AA2029A76D4: start as a follower, conf=-1: peers:[50e7a123-fb10-4f6b-bd10-2c6e895f4416|rpc:10.1.0.30:15032|admin:10.1.0.30:15031|client:10.1.0.30:15030|dataStream:10.1.0.30:15033|priority:1|startupRole:FOLLOWER, 8624e205-2d39-4523-82ac-4c9e49e08d77|rpc:10.1.0.30:15023|admin:10.1.0.30:15022|client:10.1.0.30:15021|dataStream:10.1.0.30:15024|priority:0|startupRole:FOLLOWER, 9b904d97-ba57-4d1c-b750-04e93ad7e320|rpc:10.1.0.30:15014|admin:10.1.0.30:15013|client:10.1.0.30:15012|dataStream:10.1.0.30:15015|priority:0|startupRole:FOLLOWER]|listeners:[], old=null
2023-06-17 14:24:42,498 [50e7a123-fb10-4f6b-bd10-2c6e895f4416-groupManagement] INFO  server.RaftServer$Division (RaftServerImpl.java:setRole(329)) - 50e7a123-fb10-4f6b-bd10-2c6e895f4416@group-7AA2029A76D4: changes role from      null to FOLLOWER at term 0 for startAsFollower
2023-06-17 14:24:42,498 [50e7a123-fb10-4f6b-bd10-2c6e895f4416-groupManagement] INFO  impl.RoleInfo (RoleInfo.java:updateAndGet(139)) - 50e7a123-fb10-4f6b-bd10-2c6e895f4416: start 50e7a123-fb10-4f6b-bd10-2c6e895f4416@group-7AA2029A76D4-FollowerState
2023-06-17 14:24:42,498 [50e7a123-fb10-4f6b-bd10-2c6e895f4416-groupManagement] INFO  util.JmxRegister (JmxRegister.java:tryRegister(44)) - Successfully registered JMX Bean with object name Ratis:service=RaftServer,group=group-7AA2029A76D4,id=50e7a123-fb10-4f6b-bd10-2c6e895f4416
2023-06-17 14:24:42,498 [50e7a123-fb10-4f6b-bd10-2c6e895f4416-groupManagement] INFO  server.RaftServerConfigKeys (ConfUtils.java:logGet(46)) - raft.server.snapshot.auto.trigger.enabled = true (custom)
2023-06-17 14:24:42,498 [50e7a123-fb10-4f6b-bd10-2c6e895f4416-groupManagement] INFO  server.RaftServerConfigKeys (ConfUtils.java:logGet(46)) - raft.server.snapshot.auto.trigger.threshold = 10000 (custom)
2023-06-17 14:24:42,499 [50e7a123-fb10-4f6b-bd10-2c6e895f4416-groupManagement] INFO  server.RaftServerConfigKeys (ConfUtils.java:logGet(46)) - raft.server.snapshot.retention.file.num = 5 (custom)
2023-06-17 14:24:42,499 [50e7a123-fb10-4f6b-bd10-2c6e895f4416-groupManagement] INFO  server.RaftServerConfigKeys (ConfUtils.java:logGet(46)) - raft.server.log.purge.upto.snapshot.index = false (default)
2023-06-17 14:24:42,499 [50e7a123-fb10-4f6b-bd10-2c6e895f4416@group-7AA2029A76D4-FollowerState] INFO  server.RaftServerConfigKeys (ConfUtils.java:logFallback(53)) - raft.server.rpc.first-election.timeout.min = 5s (fallback to raft.server.rpc.timeout.min)
2023-06-17 14:24:42,501 [PipelineCommandHandlerThread-0] INFO  ratis.XceiverServerRatis (XceiverServerRatis.java:addGroup(804)) - Created group PipelineID=8722a696-13c5-4ce8-9392-7aa2029a76d4
2023-06-17 14:24:42,501 [EventQueue-OpenPipelineForHealthyPipelineSafeModeRule] INFO  safemode.SCMSafeModeManager (HealthyPipelineSafeModeRule.java:process(137)) - SCM in safe mode. Healthy pipelines reported count is 0, required healthy pipeline reported count is 1
2023-06-17 14:24:42,507 [50e7a123-fb10-4f6b-bd10-2c6e895f4416@group-7AA2029A76D4-FollowerState] INFO  server.RaftServerConfigKeys (ConfUtils.java:logFallback(53)) - raft.server.rpc.first-election.timeout.max = 5200ms (fallback to raft.server.rpc.timeout.max)
2023-06-17 14:24:42,554 [PipelineCommandHandlerThread-0] INFO  commandhandler.CreatePipelineCommandHandler (CreatePipelineCommandHandler.java:lambda$handle$2(124)) - Created Pipeline RATIS THREE PipelineID=8722a696-13c5-4ce8-9392-7aa2029a76d4.
2023-06-17 14:24:42,569 [PipelineCommandHandlerThread-0] INFO  commandhandler.CreatePipelineCommandHandler (CreatePipelineCommandHandler.java:lambda$handle$2(124)) - Created Pipeline RATIS THREE PipelineID=8722a696-13c5-4ce8-9392-7aa2029a76d4.
2023-06-17 14:24:42,600 [PipelineCommandHandlerThread-0] INFO  commandhandler.CreatePipelineCommandHandler (CreatePipelineCommandHandler.java:lambda$handle$2(124)) - Created Pipeline RATIS THREE PipelineID=8722a696-13c5-4ce8-9392-7aa2029a76d4.
2023-06-17 14:24:43,096 [main] INFO  ozone.MiniOzoneClusterImpl (MiniOzoneClusterImpl.java:lambda$waitForClusterToBeReady$0(224)) - Nodes are ready. Got 3 of 3 DN Heartbeats.
2023-06-17 14:24:43,097 [main] INFO  ozone.MiniOzoneClusterImpl (MiniOzoneClusterImpl.java:lambda$waitForClusterToBeReady$0(227)) - Waiting for cluster to exit safe mode
2023-06-17 14:24:43,097 [main] INFO  ozone.MiniOzoneClusterImpl (MiniOzoneClusterImpl.java:lambda$waitForClusterToBeReady$0(229)) - SCM became leader
2023-06-17 14:24:44,099 [main] INFO  ozone.MiniOzoneClusterImpl (MiniOzoneClusterImpl.java:lambda$waitForClusterToBeReady$0(224)) - Nodes are ready. Got 3 of 3 DN Heartbeats.
2023-06-17 14:24:44,099 [main] INFO  ozone.MiniOzoneClusterImpl (MiniOzoneClusterImpl.java:lambda$waitForClusterToBeReady$0(227)) - Waiting for cluster to exit safe mode
2023-06-17 14:24:44,099 [main] INFO  ozone.MiniOzoneClusterImpl (MiniOzoneClusterImpl.java:lambda$waitForClusterToBeReady$0(229)) - SCM became leader
2023-06-17 14:24:45,100 [main] INFO  ozone.MiniOzoneClusterImpl (MiniOzoneClusterImpl.java:lambda$waitForClusterToBeReady$0(224)) - Nodes are ready. Got 3 of 3 DN Heartbeats.
2023-06-17 14:24:45,100 [main] INFO  ozone.MiniOzoneClusterImpl (MiniOzoneClusterImpl.java:lambda$waitForClusterToBeReady$0(227)) - Waiting for cluster to exit safe mode
2023-06-17 14:24:45,100 [main] INFO  ozone.MiniOzoneClusterImpl (MiniOzoneClusterImpl.java:lambda$waitForClusterToBeReady$0(229)) - SCM became leader
2023-06-17 14:24:46,101 [main] INFO  ozone.MiniOzoneClusterImpl (MiniOzoneClusterImpl.java:lambda$waitForClusterToBeReady$0(224)) - Nodes are ready. Got 3 of 3 DN Heartbeats.
2023-06-17 14:24:46,101 [main] INFO  ozone.MiniOzoneClusterImpl (MiniOzoneClusterImpl.java:lambda$waitForClusterToBeReady$0(227)) - Waiting for cluster to exit safe mode
2023-06-17 14:24:46,101 [main] INFO  ozone.MiniOzoneClusterImpl (MiniOzoneClusterImpl.java:lambda$waitForClusterToBeReady$0(229)) - SCM became leader
2023-06-17 14:24:46,392 [9b904d97-ba57-4d1c-b750-04e93ad7e320@group-CA04535E9BA0-FollowerState] INFO  impl.FollowerState (FollowerState.java:run(143)) - 9b904d97-ba57-4d1c-b750-04e93ad7e320@group-CA04535E9BA0-FollowerState: change to CANDIDATE, lastRpcElapsedTime:5096123261ns, electionTimeout:5081ms
2023-06-17 14:24:46,393 [9b904d97-ba57-4d1c-b750-04e93ad7e320@group-CA04535E9BA0-FollowerState] INFO  impl.RoleInfo (RoleInfo.java:shutdownFollowerState(110)) - 9b904d97-ba57-4d1c-b750-04e93ad7e320: shutdown 9b904d97-ba57-4d1c-b750-04e93ad7e320@group-CA04535E9BA0-FollowerState
2023-06-17 14:24:46,393 [9b904d97-ba57-4d1c-b750-04e93ad7e320@group-CA04535E9BA0-FollowerState] INFO  server.RaftServer$Division (RaftServerImpl.java:setRole(329)) - 9b904d97-ba57-4d1c-b750-04e93ad7e320@group-CA04535E9BA0: changes role from  FOLLOWER to CANDIDATE at term 0 for changeToCandidate
2023-06-17 14:24:46,394 [9b904d97-ba57-4d1c-b750-04e93ad7e320@group-CA04535E9BA0-FollowerState] INFO  server.RaftServerConfigKeys (ConfUtils.java:logGet(46)) - raft.server.leaderelection.pre-vote = true (default)
2023-06-17 14:24:46,394 [9b904d97-ba57-4d1c-b750-04e93ad7e320@group-CA04535E9BA0-FollowerState] INFO  impl.RoleInfo (RoleInfo.java:updateAndGet(139)) - 9b904d97-ba57-4d1c-b750-04e93ad7e320: start 9b904d97-ba57-4d1c-b750-04e93ad7e320@group-CA04535E9BA0-LeaderElection2
2023-06-17 14:24:46,397 [9b904d97-ba57-4d1c-b750-04e93ad7e320@group-CA04535E9BA0-LeaderElection2] INFO  impl.LeaderElection (LeaderElection.java:askForVotes(321)) - 9b904d97-ba57-4d1c-b750-04e93ad7e320@group-CA04535E9BA0-LeaderElection2 PRE_VOTE round 0: submit vote requests at term 0 for -1: peers:[9b904d97-ba57-4d1c-b750-04e93ad7e320|rpc:10.1.0.30:15014|admin:10.1.0.30:15013|client:10.1.0.30:15012|dataStream:10.1.0.30:15015|priority:1|startupRole:FOLLOWER]|listeners:[], old=null
2023-06-17 14:24:46,397 [9b904d97-ba57-4d1c-b750-04e93ad7e320@group-CA04535E9BA0-LeaderElection2] INFO  impl.LeaderElection (LeaderElection.java:askForVotes(323)) - 9b904d97-ba57-4d1c-b750-04e93ad7e320@group-CA04535E9BA0-LeaderElection2 PRE_VOTE round 0: result PASSED (term=0)
2023-06-17 14:24:46,398 [9b904d97-ba57-4d1c-b750-04e93ad7e320@group-CA04535E9BA0-LeaderElection2] INFO  impl.LeaderElection (LeaderElection.java:askForVotes(321)) - 9b904d97-ba57-4d1c-b750-04e93ad7e320@group-CA04535E9BA0-LeaderElection2 ELECTION round 0: submit vote requests at term 1 for -1: peers:[9b904d97-ba57-4d1c-b750-04e93ad7e320|rpc:10.1.0.30:15014|admin:10.1.0.30:15013|client:10.1.0.30:15012|dataStream:10.1.0.30:15015|priority:1|startupRole:FOLLOWER]|listeners:[], old=null
2023-06-17 14:24:46,398 [9b904d97-ba57-4d1c-b750-04e93ad7e320@group-CA04535E9BA0-LeaderElection2] INFO  impl.LeaderElection (LeaderElection.java:askForVotes(323)) - 9b904d97-ba57-4d1c-b750-04e93ad7e320@group-CA04535E9BA0-LeaderElection2 ELECTION round 0: result PASSED (term=1)
2023-06-17 14:24:46,398 [9b904d97-ba57-4d1c-b750-04e93ad7e320@group-CA04535E9BA0-LeaderElection2] INFO  impl.RoleInfo (RoleInfo.java:shutdownLeaderElection(130)) - 9b904d97-ba57-4d1c-b750-04e93ad7e320: shutdown 9b904d97-ba57-4d1c-b750-04e93ad7e320@group-CA04535E9BA0-LeaderElection2
2023-06-17 14:24:46,398 [9b904d97-ba57-4d1c-b750-04e93ad7e320@group-CA04535E9BA0-LeaderElection2] INFO  server.RaftServer$Division (RaftServerImpl.java:setRole(329)) - 9b904d97-ba57-4d1c-b750-04e93ad7e320@group-CA04535E9BA0: changes role from CANDIDATE to LEADER at term 1 for changeToLeader
2023-06-17 14:24:46,399 [9b904d97-ba57-4d1c-b750-04e93ad7e320@group-CA04535E9BA0-LeaderElection2] INFO  ratis.XceiverServerRatis (XceiverServerRatis.java:handleLeaderChangedNotification(902)) - Leader change notification received for group: group-CA04535E9BA0 with new leaderId: 9b904d97-ba57-4d1c-b750-04e93ad7e320
2023-06-17 14:24:46,399 [9b904d97-ba57-4d1c-b750-04e93ad7e320@group-CA04535E9BA0-LeaderElection2] INFO  server.RaftServer$Division (ServerState.java:setLeader(317)) - 9b904d97-ba57-4d1c-b750-04e93ad7e320@group-CA04535E9BA0: change Leader from null to 9b904d97-ba57-4d1c-b750-04e93ad7e320 at term 1 for becomeLeader, leader elected after 5144ms
2023-06-17 14:24:46,399 [9b904d97-ba57-4d1c-b750-04e93ad7e320@group-CA04535E9BA0-LeaderElection2] INFO  server.RaftServerConfigKeys (ConfUtils.java:logGet(46)) - raft.server.staging.catchup.gap = 1000 (default)
2023-06-17 14:24:46,407 [EventQueue-OpenPipelineForHealthyPipelineSafeModeRule] INFO  safemode.SCMSafeModeManager (HealthyPipelineSafeModeRule.java:process(137)) - SCM in safe mode. Healthy pipelines reported count is 0, required healthy pipeline reported count is 1
2023-06-17 14:24:46,409 [9b904d97-ba57-4d1c-b750-04e93ad7e320@group-CA04535E9BA0-LeaderElection2] INFO  server.RaftServerConfigKeys (ConfUtils.java:logGet(46)) - raft.server.write.element-limit = 1024 (custom)
2023-06-17 14:24:46,409 [9b904d97-ba57-4d1c-b750-04e93ad7e320@group-CA04535E9BA0-LeaderElection2] INFO  server.RaftServerConfigKeys (ConfUtils.java:logGet(46)) - raft.server.write.byte-limit = 1024 M (=1073741824) (custom)
2023-06-17 14:24:46,409 [9b904d97-ba57-4d1c-b750-04e93ad7e320@group-CA04535E9BA0-LeaderElection2] INFO  server.RaftServerConfigKeys (ConfUtils.java:logGet(46)) - raft.server.watch.timeout = 180s (custom)
2023-06-17 14:24:46,409 [9b904d97-ba57-4d1c-b750-04e93ad7e320@group-CA04535E9BA0-LeaderElection2] INFO  server.RaftServerConfigKeys (ConfUtils.java:logGet(46)) - raft.server.watch.timeout.denomination = 1s (default)
2023-06-17 14:24:46,410 [9b904d97-ba57-4d1c-b750-04e93ad7e320@group-CA04535E9BA0-LeaderElection2] INFO  server.RaftServerConfigKeys (ConfUtils.java:logGet(46)) - raft.server.watch.element-limit = 65536 (default)
2023-06-17 14:24:46,410 [9b904d97-ba57-4d1c-b750-04e93ad7e320@group-CA04535E9BA0-LeaderElection2] INFO  server.RaftServerConfigKeys (ConfUtils.java:logGet(46)) - raft.server.write.element-limit = 1024 (custom)
2023-06-17 14:24:46,410 [9b904d97-ba57-4d1c-b750-04e93ad7e320@group-CA04535E9BA0-LeaderElection2] INFO  server.RaftServerConfigKeys (ConfUtils.java:logGet(46)) - raft.server.write.follower.gap.ratio.max = -1.0 (default)
2023-06-17 14:24:46,410 [9b904d97-ba57-4d1c-b750-04e93ad7e320@group-CA04535E9BA0-LeaderElection2] INFO  impl.RoleInfo (RoleInfo.java:updateAndGet(139)) - 9b904d97-ba57-4d1c-b750-04e93ad7e320: start 9b904d97-ba57-4d1c-b750-04e93ad7e320@group-CA04535E9BA0-LeaderStateImpl
2023-06-17 14:24:46,410 [9b904d97-ba57-4d1c-b750-04e93ad7e320@group-CA04535E9BA0-LeaderElection2] INFO  segmented.SegmentedRaftLogWorker (SegmentedRaftLogWorker.java:startLogSegment(447)) - 9b904d97-ba57-4d1c-b750-04e93ad7e320@group-CA04535E9BA0-SegmentedRaftLogWorker: Starting segment from index:0
2023-06-17 14:24:46,412 [9b904d97-ba57-4d1c-b750-04e93ad7e320@group-CA04535E9BA0-LeaderElection2] INFO  server.RaftServer$Division (ServerState.java:setRaftConf(434)) - 9b904d97-ba57-4d1c-b750-04e93ad7e320@group-CA04535E9BA0: set configuration 0: peers:[9b904d97-ba57-4d1c-b750-04e93ad7e320|rpc:10.1.0.30:15014|admin:10.1.0.30:15013|client:10.1.0.30:15012|dataStream:10.1.0.30:15015|priority:1|startupRole:FOLLOWER]|listeners:[], old=null
2023-06-17 14:24:46,413 [9b904d97-ba57-4d1c-b750-04e93ad7e320@group-CA04535E9BA0-SegmentedRaftLogWorker] INFO  segmented.SegmentedRaftLogWorker (SegmentedRaftLogWorker.java:execute(651)) - 9b904d97-ba57-4d1c-b750-04e93ad7e320@group-CA04535E9BA0-SegmentedRaftLogWorker: created new log segment /home/runner/work/ozone/ozone/hadoop-ozone/integration-test/target/test-dir/MiniOzoneClusterImpl-68882fc2-21fb-4ea4-940d-4f92d2da87ec/datanode-0/data/ratis/4a5841fe-122a-447a-a9f8-ca04535e9ba0/current/log_inprogress_0
2023-06-17 14:24:46,717 [9b904d97-ba57-4d1c-b750-04e93ad7e320@group-4103141B7879-FollowerState] INFO  impl.FollowerState (FollowerState.java:run(143)) - 9b904d97-ba57-4d1c-b750-04e93ad7e320@group-4103141B7879-FollowerState: change to CANDIDATE, lastRpcElapsedTime:5144483069ns, electionTimeout:5134ms
2023-06-17 14:24:46,719 [9b904d97-ba57-4d1c-b750-04e93ad7e320@group-4103141B7879-FollowerState] INFO  impl.RoleInfo (RoleInfo.java:shutdownFollowerState(110)) - 9b904d97-ba57-4d1c-b750-04e93ad7e320: shutdown 9b904d97-ba57-4d1c-b750-04e93ad7e320@group-4103141B7879-FollowerState
2023-06-17 14:24:46,719 [9b904d97-ba57-4d1c-b750-04e93ad7e320@group-4103141B7879-FollowerState] INFO  server.RaftServer$Division (RaftServerImpl.java:setRole(329)) - 9b904d97-ba57-4d1c-b750-04e93ad7e320@group-4103141B7879: changes role from  FOLLOWER to CANDIDATE at term 0 for changeToCandidate
2023-06-17 14:24:46,720 [9b904d97-ba57-4d1c-b750-04e93ad7e320@group-4103141B7879-FollowerState] INFO  server.RaftServerConfigKeys (ConfUtils.java:logGet(46)) - raft.server.leaderelection.pre-vote = true (default)
2023-06-17 14:24:46,720 [9b904d97-ba57-4d1c-b750-04e93ad7e320@group-4103141B7879-FollowerState] INFO  impl.RoleInfo (RoleInfo.java:updateAndGet(139)) - 9b904d97-ba57-4d1c-b750-04e93ad7e320: start 9b904d97-ba57-4d1c-b750-04e93ad7e320@group-4103141B7879-LeaderElection3
2023-06-17 14:24:46,723 [9b904d97-ba57-4d1c-b750-04e93ad7e320@group-4103141B7879-LeaderElection3] INFO  impl.LeaderElection (LeaderElection.java:askForVotes(321)) - 9b904d97-ba57-4d1c-b750-04e93ad7e320@group-4103141B7879-LeaderElection3 PRE_VOTE round 0: submit vote requests at term 0 for -1: peers:[50e7a123-fb10-4f6b-bd10-2c6e895f4416|rpc:10.1.0.30:15032|admin:10.1.0.30:15031|client:10.1.0.30:15030|dataStream:10.1.0.30:15033|priority:0|startupRole:FOLLOWER, 8624e205-2d39-4523-82ac-4c9e49e08d77|rpc:10.1.0.30:15023|admin:10.1.0.30:15022|client:10.1.0.30:15021|dataStream:10.1.0.30:15024|priority:0|startupRole:FOLLOWER, 9b904d97-ba57-4d1c-b750-04e93ad7e320|rpc:10.1.0.30:15014|admin:10.1.0.30:15013|client:10.1.0.30:15012|dataStream:10.1.0.30:15015|priority:1|startupRole:FOLLOWER]|listeners:[], old=null
2023-06-17 14:24:46,730 [9b904d97-ba57-4d1c-b750-04e93ad7e320@group-4103141B7879-LeaderElection3] INFO  server.RaftServerConfigKeys (ConfUtils.java:logFallback(53)) - raft.server.rpc.first-election.timeout.min = 5s (fallback to raft.server.rpc.timeout.min)
2023-06-17 14:24:46,731 [9b904d97-ba57-4d1c-b750-04e93ad7e320@group-4103141B7879-LeaderElection3] INFO  server.RaftServerConfigKeys (ConfUtils.java:logFallback(53)) - raft.server.rpc.first-election.timeout.max = 5200ms (fallback to raft.server.rpc.timeout.max)
2023-06-17 14:24:46,733 [9b904d97-ba57-4d1c-b750-04e93ad7e320@group-4103141B7879-LeaderElection3-1] INFO  server.GrpcServerProtocolClient (GrpcServerProtocolClient.java:<init>(65)) - Build channel for 50e7a123-fb10-4f6b-bd10-2c6e895f4416
2023-06-17 14:24:46,735 [9b904d97-ba57-4d1c-b750-04e93ad7e320@group-4103141B7879-LeaderElection3-2] INFO  server.GrpcServerProtocolClient (GrpcServerProtocolClient.java:<init>(65)) - Build channel for 8624e205-2d39-4523-82ac-4c9e49e08d77
2023-06-17 14:24:46,758 [grpc-default-executor-0] INFO  server.RaftServer$Division (RaftServerImpl.java:requestVote(1302)) - 50e7a123-fb10-4f6b-bd10-2c6e895f4416@group-4103141B7879: receive requestVote(PRE_VOTE, 9b904d97-ba57-4d1c-b750-04e93ad7e320, group-4103141B7879, 0, (t:0, i:0))
2023-06-17 14:24:46,760 [grpc-default-executor-1] INFO  server.RaftServer$Division (RaftServerImpl.java:requestVote(1302)) - 8624e205-2d39-4523-82ac-4c9e49e08d77@group-4103141B7879: receive requestVote(PRE_VOTE, 9b904d97-ba57-4d1c-b750-04e93ad7e320, group-4103141B7879, 0, (t:0, i:0))
2023-06-17 14:24:46,761 [grpc-default-executor-1] INFO  impl.VoteContext (VoteContext.java:log(49)) - 8624e205-2d39-4523-82ac-4c9e49e08d77@group-4103141B7879-FOLLOWER: accept PRE_VOTE from 9b904d97-ba57-4d1c-b750-04e93ad7e320: our priority 0 <= candidate's priority 1
2023-06-17 14:24:46,762 [grpc-default-executor-0] INFO  impl.VoteContext (VoteContext.java:log(49)) - 50e7a123-fb10-4f6b-bd10-2c6e895f4416@group-4103141B7879-FOLLOWER: accept PRE_VOTE from 9b904d97-ba57-4d1c-b750-04e93ad7e320: our priority 0 <= candidate's priority 1
2023-06-17 14:24:46,768 [grpc-default-executor-1] INFO  server.RaftServer$Division (RaftServerImpl.java:requestVote(1335)) - 8624e205-2d39-4523-82ac-4c9e49e08d77@group-4103141B7879 replies to PRE_VOTE vote request: 9b904d97-ba57-4d1c-b750-04e93ad7e320<-8624e205-2d39-4523-82ac-4c9e49e08d77#0:OK-t0. Peer's state: 8624e205-2d39-4523-82ac-4c9e49e08d77@group-4103141B7879:t0, leader=null, voted=, raftlog=Memoized:8624e205-2d39-4523-82ac-4c9e49e08d77@group-4103141B7879-SegmentedRaftLog:OPENED:c-1, conf=-1: peers:[50e7a123-fb10-4f6b-bd10-2c6e895f4416|rpc:10.1.0.30:15032|admin:10.1.0.30:15031|client:10.1.0.30:15030|dataStream:10.1.0.30:15033|priority:0|startupRole:FOLLOWER, 8624e205-2d39-4523-82ac-4c9e49e08d77|rpc:10.1.0.30:15023|admin:10.1.0.30:15022|client:10.1.0.30:15021|dataStream:10.1.0.30:15024|priority:0|startupRole:FOLLOWER, 9b904d97-ba57-4d1c-b750-04e93ad7e320|rpc:10.1.0.30:15014|admin:10.1.0.30:15013|client:10.1.0.30:15012|dataStream:10.1.0.30:15015|priority:1|startupRole:FOLLOWER]|listeners:[], old=null
2023-06-17 14:24:46,768 [grpc-default-executor-0] INFO  server.RaftServer$Division (RaftServerImpl.java:requestVote(1335)) - 50e7a123-fb10-4f6b-bd10-2c6e895f4416@group-4103141B7879 replies to PRE_VOTE vote request: 9b904d97-ba57-4d1c-b750-04e93ad7e320<-50e7a123-fb10-4f6b-bd10-2c6e895f4416#0:OK-t0. Peer's state: 50e7a123-fb10-4f6b-bd10-2c6e895f4416@group-4103141B7879:t0, leader=null, voted=, raftlog=Memoized:50e7a123-fb10-4f6b-bd10-2c6e895f4416@group-4103141B7879-SegmentedRaftLog:OPENED:c-1, conf=-1: peers:[50e7a123-fb10-4f6b-bd10-2c6e895f4416|rpc:10.1.0.30:15032|admin:10.1.0.30:15031|client:10.1.0.30:15030|dataStream:10.1.0.30:15033|priority:0|startupRole:FOLLOWER, 8624e205-2d39-4523-82ac-4c9e49e08d77|rpc:10.1.0.30:15023|admin:10.1.0.30:15022|client:10.1.0.30:15021|dataStream:10.1.0.30:15024|priority:0|startupRole:FOLLOWER, 9b904d97-ba57-4d1c-b750-04e93ad7e320|rpc:10.1.0.30:15014|admin:10.1.0.30:15013|client:10.1.0.30:15012|dataStream:10.1.0.30:15015|priority:1|startupRole:FOLLOWER]|listeners:[], old=null
2023-06-17 14:24:46,776 [9b904d97-ba57-4d1c-b750-04e93ad7e320@group-4103141B7879-LeaderElection3] INFO  impl.LeaderElection (LeaderElection.java:logAndReturn(90)) - 9b904d97-ba57-4d1c-b750-04e93ad7e320@group-4103141B7879-LeaderElection3: PRE_VOTE PASSED received 1 response(s) and 0 exception(s):
2023-06-17 14:24:46,777 [9b904d97-ba57-4d1c-b750-04e93ad7e320@group-4103141B7879-LeaderElection3] INFO  impl.LeaderElection (LeaderElection.java:logAndReturn(94)) -   Response 0: 9b904d97-ba57-4d1c-b750-04e93ad7e320<-8624e205-2d39-4523-82ac-4c9e49e08d77#0:OK-t0
2023-06-17 14:24:46,777 [9b904d97-ba57-4d1c-b750-04e93ad7e320@group-4103141B7879-LeaderElection3] INFO  impl.LeaderElection (LeaderElection.java:askForVotes(323)) - 9b904d97-ba57-4d1c-b750-04e93ad7e320@group-4103141B7879-LeaderElection3 PRE_VOTE round 0: result PASSED
2023-06-17 14:24:46,779 [9b904d97-ba57-4d1c-b750-04e93ad7e320@group-4103141B7879-LeaderElection3] INFO  impl.LeaderElection (LeaderElection.java:askForVotes(321)) - 9b904d97-ba57-4d1c-b750-04e93ad7e320@group-4103141B7879-LeaderElection3 ELECTION round 0: submit vote requests at term 1 for -1: peers:[50e7a123-fb10-4f6b-bd10-2c6e895f4416|rpc:10.1.0.30:15032|admin:10.1.0.30:15031|client:10.1.0.30:15030|dataStream:10.1.0.30:15033|priority:0|startupRole:FOLLOWER, 8624e205-2d39-4523-82ac-4c9e49e08d77|rpc:10.1.0.30:15023|admin:10.1.0.30:15022|client:10.1.0.30:15021|dataStream:10.1.0.30:15024|priority:0|startupRole:FOLLOWER, 9b904d97-ba57-4d1c-b750-04e93ad7e320|rpc:10.1.0.30:15014|admin:10.1.0.30:15013|client:10.1.0.30:15012|dataStream:10.1.0.30:15015|priority:1|startupRole:FOLLOWER]|listeners:[], old=null
2023-06-17 14:24:46,780 [9b904d97-ba57-4d1c-b750-04e93ad7e320@group-4103141B7879-LeaderElection3] INFO  server.RaftServerConfigKeys (ConfUtils.java:logFallback(53)) - raft.server.rpc.first-election.timeout.min = 5s (fallback to raft.server.rpc.timeout.min)
2023-06-17 14:24:46,780 [9b904d97-ba57-4d1c-b750-04e93ad7e320@group-4103141B7879-LeaderElection3] INFO  server.RaftServerConfigKeys (ConfUtils.java:logFallback(53)) - raft.server.rpc.first-election.timeout.max = 5200ms (fallback to raft.server.rpc.timeout.max)
2023-06-17 14:24:46,785 [grpc-default-executor-0] INFO  server.RaftServer$Division (RaftServerImpl.java:requestVote(1302)) - 8624e205-2d39-4523-82ac-4c9e49e08d77@group-4103141B7879: receive requestVote(ELECTION, 9b904d97-ba57-4d1c-b750-04e93ad7e320, group-4103141B7879, 1, (t:0, i:0))
2023-06-17 14:24:46,787 [grpc-default-executor-0] INFO  impl.VoteContext (VoteContext.java:log(49)) - 8624e205-2d39-4523-82ac-4c9e49e08d77@group-4103141B7879-FOLLOWER: accept ELECTION from 9b904d97-ba57-4d1c-b750-04e93ad7e320: our priority 0 <= candidate's priority 1
2023-06-17 14:24:46,787 [grpc-default-executor-0] INFO  server.RaftServer$Division (RaftServerImpl.java:setRole(329)) - 8624e205-2d39-4523-82ac-4c9e49e08d77@group-4103141B7879: changes role from  FOLLOWER to FOLLOWER at term 1 for candidate:9b904d97-ba57-4d1c-b750-04e93ad7e320
2023-06-17 14:24:46,787 [grpc-default-executor-0] INFO  impl.RoleInfo (RoleInfo.java:shutdownFollowerState(110)) - 8624e205-2d39-4523-82ac-4c9e49e08d77: shutdown 8624e205-2d39-4523-82ac-4c9e49e08d77@group-4103141B7879-FollowerState
2023-06-17 14:24:46,789 [grpc-default-executor-0] INFO  impl.RoleInfo (RoleInfo.java:updateAndGet(139)) - 8624e205-2d39-4523-82ac-4c9e49e08d77: start 8624e205-2d39-4523-82ac-4c9e49e08d77@group-4103141B7879-FollowerState
2023-06-17 14:24:46,789 [8624e205-2d39-4523-82ac-4c9e49e08d77@group-4103141B7879-FollowerState] INFO  impl.FollowerState (FollowerState.java:run(152)) - 8624e205-2d39-4523-82ac-4c9e49e08d77@group-4103141B7879-FollowerState was interrupted
2023-06-17 14:24:46,798 [grpc-default-executor-0] INFO  server.RaftServer$Division (RaftServerImpl.java:requestVote(1335)) - 8624e205-2d39-4523-82ac-4c9e49e08d77@group-4103141B7879 replies to ELECTION vote request: 9b904d97-ba57-4d1c-b750-04e93ad7e320<-8624e205-2d39-4523-82ac-4c9e49e08d77#0:OK-t1. Peer's state: 8624e205-2d39-4523-82ac-4c9e49e08d77@group-4103141B7879:t1, leader=null, voted=9b904d97-ba57-4d1c-b750-04e93ad7e320, raftlog=Memoized:8624e205-2d39-4523-82ac-4c9e49e08d77@group-4103141B7879-SegmentedRaftLog:OPENED:c-1, conf=-1: peers:[50e7a123-fb10-4f6b-bd10-2c6e895f4416|rpc:10.1.0.30:15032|admin:10.1.0.30:15031|client:10.1.0.30:15030|dataStream:10.1.0.30:15033|priority:0|startupRole:FOLLOWER, 8624e205-2d39-4523-82ac-4c9e49e08d77|rpc:10.1.0.30:15023|admin:10.1.0.30:15022|client:10.1.0.30:15021|dataStream:10.1.0.30:15024|priority:0|startupRole:FOLLOWER, 9b904d97-ba57-4d1c-b750-04e93ad7e320|rpc:10.1.0.30:15014|admin:10.1.0.30:15013|client:10.1.0.30:15012|dataStream:10.1.0.30:15015|priority:1|startupRole:FOLLOWER]|listeners:[], old=null
2023-06-17 14:24:46,800 [9b904d97-ba57-4d1c-b750-04e93ad7e320@group-4103141B7879-LeaderElection3] INFO  impl.LeaderElection (LeaderElection.java:logAndReturn(90)) - 9b904d97-ba57-4d1c-b750-04e93ad7e320@group-4103141B7879-LeaderElection3: ELECTION PASSED received 1 response(s) and 0 exception(s):
2023-06-17 14:24:46,800 [9b904d97-ba57-4d1c-b750-04e93ad7e320@group-4103141B7879-LeaderElection3] INFO  impl.LeaderElection (LeaderElection.java:logAndReturn(94)) -   Response 0: 9b904d97-ba57-4d1c-b750-04e93ad7e320<-8624e205-2d39-4523-82ac-4c9e49e08d77#0:OK-t1
2023-06-17 14:24:46,800 [9b904d97-ba57-4d1c-b750-04e93ad7e320@group-4103141B7879-LeaderElection3] INFO  impl.LeaderElection (LeaderElection.java:askForVotes(323)) - 9b904d97-ba57-4d1c-b750-04e93ad7e320@group-4103141B7879-LeaderElection3 ELECTION round 0: result PASSED
2023-06-17 14:24:46,800 [9b904d97-ba57-4d1c-b750-04e93ad7e320@group-4103141B7879-LeaderElection3] INFO  impl.RoleInfo (RoleInfo.java:shutdownLeaderElection(130)) - 9b904d97-ba57-4d1c-b750-04e93ad7e320: shutdown 9b904d97-ba57-4d1c-b750-04e93ad7e320@group-4103141B7879-LeaderElection3
2023-06-17 14:24:46,801 [9b904d97-ba57-4d1c-b750-04e93ad7e320@group-4103141B7879-LeaderElection3] INFO  server.RaftServer$Division (RaftServerImpl.java:setRole(329)) - 9b904d97-ba57-4d1c-b750-04e93ad7e320@group-4103141B7879: changes role from CANDIDATE to LEADER at term 1 for changeToLeader
2023-06-17 14:24:46,801 [9b904d97-ba57-4d1c-b750-04e93ad7e320@group-4103141B7879-LeaderElection3] INFO  ratis.XceiverServerRatis (XceiverServerRatis.java:handleLeaderChangedNotification(902)) - Leader change notification received for group: group-4103141B7879 with new leaderId: 9b904d97-ba57-4d1c-b750-04e93ad7e320
2023-06-17 14:24:46,801 [9b904d97-ba57-4d1c-b750-04e93ad7e320@group-4103141B7879-LeaderElection3] INFO  server.RaftServer$Division (ServerState.java:setLeader(317)) - 9b904d97-ba57-4d1c-b750-04e93ad7e320@group-4103141B7879: change Leader from null to 9b904d97-ba57-4d1c-b750-04e93ad7e320 at term 1 for becomeLeader, leader elected after 5480ms
2023-06-17 14:24:46,801 [9b904d97-ba57-4d1c-b750-04e93ad7e320@group-4103141B7879-LeaderElection3] INFO  server.RaftServerConfigKeys (ConfUtils.java:logGet(46)) - raft.server.staging.catchup.gap = 1000 (default)
2023-06-17 14:24:46,802 [9b904d97-ba57-4d1c-b750-04e93ad7e320@group-4103141B7879-LeaderElection3] INFO  server.RaftServerConfigKeys (ConfUtils.java:logGet(46)) - raft.server.write.element-limit = 1024 (custom)
2023-06-17 14:24:46,802 [9b904d97-ba57-4d1c-b750-04e93ad7e320@group-4103141B7879-LeaderElection3] INFO  server.RaftServerConfigKeys (ConfUtils.java:logGet(46)) - raft.server.write.byte-limit = 1024 M (=1073741824) (custom)
2023-06-17 14:24:46,802 [9b904d97-ba57-4d1c-b750-04e93ad7e320@group-4103141B7879-LeaderElection3] INFO  server.RaftServerConfigKeys (ConfUtils.java:logGet(46)) - raft.server.watch.timeout = 180s (custom)
2023-06-17 14:24:46,802 [9b904d97-ba57-4d1c-b750-04e93ad7e320@group-4103141B7879-LeaderElection3] INFO  server.RaftServerConfigKeys (ConfUtils.java:logGet(46)) - raft.server.watch.timeout.denomination = 1s (default)
2023-06-17 14:24:46,802 [9b904d97-ba57-4d1c-b750-04e93ad7e320@group-4103141B7879-LeaderElection3] INFO  server.RaftServerConfigKeys (ConfUtils.java:logGet(46)) - raft.server.watch.element-limit = 65536 (default)
2023-06-17 14:24:46,802 [9b904d97-ba57-4d1c-b750-04e93ad7e320@group-4103141B7879-LeaderElection3] INFO  server.RaftServerConfigKeys (ConfUtils.java:logGet(46)) - raft.server.write.element-limit = 1024 (custom)
2023-06-17 14:24:46,802 [9b904d97-ba57-4d1c-b750-04e93ad7e320@group-4103141B7879-LeaderElection3] INFO  server.RaftServerConfigKeys (ConfUtils.java:logGet(46)) - raft.server.write.follower.gap.ratio.max = -1.0 (default)
2023-06-17 14:24:46,807 [EventQueue-PipelineReportForPipelineReportHandler] INFO  pipeline.PipelineManagerImpl (PipelineManagerImpl.java:openPipeline(367)) - Pipeline Pipeline[ Id: 069d6f8c-1a4c-4c87-8230-4103141b7879, Nodes: 8624e205-2d39-4523-82ac-4c9e49e08d77(fv-az1035-386.p4kjid14prhuxkk4m0x4prg4bg.cx.internal.cloudapp.net/10.1.0.30)9b904d97-ba57-4d1c-b750-04e93ad7e320(fv-az1035-386.p4kjid14prhuxkk4m0x4prg4bg.cx.internal.cloudapp.net/10.1.0.30)50e7a123-fb10-4f6b-bd10-2c6e895f4416(fv-az1035-386.p4kjid14prhuxkk4m0x4prg4bg.cx.internal.cloudapp.net/10.1.0.30), ReplicationConfig: RATIS/THREE, State:ALLOCATED, leaderId:9b904d97-ba57-4d1c-b750-04e93ad7e320, CreationTimestamp2023-06-17T14:24:39.104Z[Etc/UTC]] moved to OPEN state
2023-06-17 14:24:46,807 [EventQueue-OpenPipelineForHealthyPipelineSafeModeRule] INFO  safemode.SCMSafeModeManager (HealthyPipelineSafeModeRule.java:process(137)) - SCM in safe mode. Healthy pipelines reported count is 0, required healthy pipeline reported count is 1
2023-06-17 14:24:46,809 [EventQueue-OpenPipelineForHealthyPipelineSafeModeRule] INFO  safemode.SCMSafeModeManager (HealthyPipelineSafeModeRule.java:process(137)) - SCM in safe mode. Healthy pipelines reported count is 1, required healthy pipeline reported count is 1
2023-06-17 14:24:46,809 [EventQueue-OpenPipelineForHealthyPipelineSafeModeRule] INFO  safemode.SCMSafeModeManager (SCMSafeModeManager.java:validateSafeModeExitRules(200)) - HealthyPipelineSafeModeRule rule is successfully validated
2023-06-17 14:24:46,809 [EventQueue-OpenPipelineForHealthyPipelineSafeModeRule] INFO  safemode.SCMSafeModeManager (SCMSafeModeManager.java:validateSafeModeExitRules(215)) - ScmSafeModeManager, all rules are successfully validated
2023-06-17 14:24:46,809 [EventQueue-OpenPipelineForHealthyPipelineSafeModeRule] INFO  safemode.SCMSafeModeManager (SCMSafeModeManager.java:exitSafeMode(244)) - SCM exiting safe mode.
2023-06-17 14:24:46,809 [EventQueue-OpenPipelineForHealthyPipelineSafeModeRule] INFO  ha.SCMContext (SCMContext.java:updateSafeModeStatus(228)) - Update SafeModeStatus from SafeModeStatus{safeModeStatus=true, preCheckPassed=true} to SafeModeStatus{safeModeStatus=false, preCheckPassed=true}.
2023-06-17 14:24:46,809 [EventQueue-OpenPipelineForHealthyPipelineSafeModeRule] INFO  pipeline.BackgroundPipelineCreator (BackgroundPipelineCreator.java:notifyStatusChanged(254)) - Service BackgroundPipelineCreator transitions to RUNNING.
2023-06-17 14:24:46,809 [EventQueue-OpenPipelineForHealthyPipelineSafeModeRule] INFO  BackgroundPipelineScrubber (BackgroundSCMService.java:notifyStatusChanged(82)) - Service BackgroundPipelineScrubber transitions to RUNNING.
2023-06-17 14:24:46,809 [EventQueue-OpenPipelineForHealthyPipelineSafeModeRule] INFO  ExpiredContainerReplicaOpScrubber (BackgroundSCMService.java:notifyStatusChanged(82)) - Service ExpiredContainerReplicaOpScrubber transitions to RUNNING.
2023-06-17 14:24:46,809 [EventQueue-OpenPipelineForHealthyPipelineSafeModeRule] INFO  replication.ReplicationManager (ReplicationManager.java:notifyStatusChanged(1361)) - Service ReplicationManager transitions to RUNNING.
2023-06-17 14:24:46,812 [grpc-default-executor-1] INFO  server.RaftServer$Division (RaftServerImpl.java:requestVote(1302)) - 50e7a123-fb10-4f6b-bd10-2c6e895f4416@group-4103141B7879: receive requestVote(ELECTION, 9b904d97-ba57-4d1c-b750-04e93ad7e320, group-4103141B7879, 1, (t:0, i:0))
2023-06-17 14:24:46,813 [EventQueue-OpenPipelineForHealthyPipelineSafeModeRule] WARN  balancer.ContainerBalancer (ContainerBalancer.java:shouldRun(135)) - Could not find persisted configuration for ContainerBalancer when checking if ContainerBalancer should run. ContainerBalancer should not run now.
2023-06-17 14:24:46,817 [grpc-default-executor-1] INFO  impl.VoteContext (VoteContext.java:log(49)) - 50e7a123-fb10-4f6b-bd10-2c6e895f4416@group-4103141B7879-FOLLOWER: accept ELECTION from 9b904d97-ba57-4d1c-b750-04e93ad7e320: our priority 0 <= candidate's priority 1
2023-06-17 14:24:46,817 [grpc-default-executor-1] INFO  server.RaftServer$Division (RaftServerImpl.java:setRole(329)) - 50e7a123-fb10-4f6b-bd10-2c6e895f4416@group-4103141B7879: changes role from  FOLLOWER to FOLLOWER at term 1 for candidate:9b904d97-ba57-4d1c-b750-04e93ad7e320
2023-06-17 14:24:46,817 [grpc-default-executor-1] INFO  impl.RoleInfo (RoleInfo.java:shutdownFollowerState(110)) - 50e7a123-fb10-4f6b-bd10-2c6e895f4416: shutdown 50e7a123-fb10-4f6b-bd10-2c6e895f4416@group-4103141B7879-FollowerState
2023-06-17 14:24:46,817 [grpc-default-executor-1] INFO  impl.RoleInfo (RoleInfo.java:updateAndGet(139)) - 50e7a123-fb10-4f6b-bd10-2c6e895f4416: start 50e7a123-fb10-4f6b-bd10-2c6e895f4416@group-4103141B7879-FollowerState
2023-06-17 14:24:46,818 [50e7a123-fb10-4f6b-bd10-2c6e895f4416@group-4103141B7879-FollowerState] INFO  impl.FollowerState (FollowerState.java:run(152)) - 50e7a123-fb10-4f6b-bd10-2c6e895f4416@group-4103141B7879-FollowerState was interrupted
2023-06-17 14:24:46,821 [grpc-default-executor-1] INFO  server.RaftServer$Division (RaftServerImpl.java:requestVote(1335)) - 50e7a123-fb10-4f6b-bd10-2c6e895f4416@group-4103141B7879 replies to ELECTION vote request: 9b904d97-ba57-4d1c-b750-04e93ad7e320<-50e7a123-fb10-4f6b-bd10-2c6e895f4416#0:OK-t1. Peer's state: 50e7a123-fb10-4f6b-bd10-2c6e895f4416@group-4103141B7879:t1, leader=null, voted=9b904d97-ba57-4d1c-b750-04e93ad7e320, raftlog=Memoized:50e7a123-fb10-4f6b-bd10-2c6e895f4416@group-4103141B7879-SegmentedRaftLog:OPENED:c-1, conf=-1: peers:[50e7a123-fb10-4f6b-bd10-2c6e895f4416|rpc:10.1.0.30:15032|admin:10.1.0.30:15031|client:10.1.0.30:15030|dataStream:10.1.0.30:15033|priority:0|startupRole:FOLLOWER, 8624e205-2d39-4523-82ac-4c9e49e08d77|rpc:10.1.0.30:15023|admin:10.1.0.30:15022|client:10.1.0.30:15021|dataStream:10.1.0.30:15024|priority:0|startupRole:FOLLOWER, 9b904d97-ba57-4d1c-b750-04e93ad7e320|rpc:10.1.0.30:15014|admin:10.1.0.30:15013|client:10.1.0.30:15012|dataStream:10.1.0.30:15015|priority:1|startupRole:FOLLOWER]|listeners:[], old=null
2023-06-17 14:24:46,825 [9b904d97-ba57-4d1c-b750-04e93ad7e320@group-4103141B7879-LeaderElection3] INFO  server.RaftServerConfigKeys (ConfUtils.java:logGet(46)) - raft.server.log.appender.snapshot.chunk.size.max = 16MB (=16777216) (default)
2023-06-17 14:24:46,826 [9b904d97-ba57-4d1c-b750-04e93ad7e320@group-4103141B7879-LeaderElection3] INFO  server.RaftServerConfigKeys (ConfUtils.java:logGet(46)) - raft.server.log.appender.buffer.byte-limit = 33554432 (custom)
2023-06-17 14:24:46,826 [9b904d97-ba57-4d1c-b750-04e93ad7e320@group-4103141B7879-LeaderElection3] INFO  server.RaftServerConfigKeys (ConfUtils.java:logGet(46)) - raft.server.log.appender.buffer.element-limit = 1 (custom)
2023-06-17 14:24:46,828 [9b904d97-ba57-4d1c-b750-04e93ad7e320@group-4103141B7879-LeaderElection3] INFO  server.RaftServerConfigKeys (ConfUtils.java:logGet(46)) - raft.server.log.appender.wait-time.min = 10ms (default)
2023-06-17 14:24:46,829 [9b904d97-ba57-4d1c-b750-04e93ad7e320@group-4103141B7879-LeaderElection3] INFO  grpc.GrpcConfigKeys (ConfUtils.java:logGet(46)) - raft.grpc.server.leader.outstanding.appends.max = 128 (default)
2023-06-17 14:24:46,829 [9b904d97-ba57-4d1c-b750-04e93ad7e320@group-4103141B7879-LeaderElection3] INFO  server.RaftServerConfigKeys (ConfUtils.java:logGet(46)) - raft.server.rpc.request.timeout = 60s (custom)
2023-06-17 14:24:46,829 [9b904d97-ba57-4d1c-b750-04e93ad7e320@group-4103141B7879-LeaderElection3] INFO  grpc.GrpcConfigKeys (ConfUtils.java:logGet(46)) - raft.grpc.server.install_snapshot.request.element-limit = 8 (default)
2023-06-17 14:24:46,829 [9b904d97-ba57-4d1c-b750-04e93ad7e320@group-4103141B7879-LeaderElection3] INFO  grpc.GrpcConfigKeys (ConfUtils.java:logGet(46)) - raft.grpc.server.install_snapshot.request.timeout = 3000ms (default)
2023-06-17 14:24:46,830 [9b904d97-ba57-4d1c-b750-04e93ad7e320@group-4103141B7879-LeaderElection3] INFO  server.RaftServerConfigKeys (ConfUtils.java:logGet(46)) - raft.server.log.appender.install.snapshot.enabled = false (custom)
2023-06-17 14:24:46,830 [9b904d97-ba57-4d1c-b750-04e93ad7e320@group-4103141B7879-LeaderElection3] INFO  grpc.GrpcConfigKeys (ConfUtils.java:logGet(46)) - raft.grpc.server.heartbeat.channel = true (default)
2023-06-17 14:24:46,832 [9b904d97-ba57-4d1c-b750-04e93ad7e320@group-4103141B7879-LeaderElection3] INFO  server.RaftServerConfigKeys (ConfUtils.java:logGet(46)) - raft.server.log.appender.snapshot.chunk.size.max = 16MB (=16777216) (default)
2023-06-17 14:24:46,832 [9b904d97-ba57-4d1c-b750-04e93ad7e320@group-4103141B7879-LeaderElection3] INFO  server.RaftServerConfigKeys (ConfUtils.java:logGet(46)) - raft.server.log.appender.buffer.byte-limit = 33554432 (custom)
2023-06-17 14:24:46,832 [9b904d97-ba57-4d1c-b750-04e93ad7e320@group-4103141B7879-LeaderElection3] INFO  server.RaftServerConfigKeys (ConfUtils.java:logGet(46)) - raft.server.log.appender.buffer.element-limit = 1 (custom)
2023-06-17 14:24:46,832 [9b904d97-ba57-4d1c-b750-04e93ad7e320@group-4103141B7879-LeaderElection3] INFO  server.RaftServerConfigKeys (ConfUtils.java:logGet(46)) - raft.server.log.appender.wait-time.min = 10ms (default)
2023-06-17 14:24:46,832 [9b904d97-ba57-4d1c-b750-04e93ad7e320@group-4103141B7879-LeaderElection3] INFO  grpc.GrpcConfigKeys (ConfUtils.java:logGet(46)) - raft.grpc.server.leader.outstanding.appends.max = 128 (default)
2023-06-17 14:24:46,832 [9b904d97-ba57-4d1c-b750-04e93ad7e320@group-4103141B7879-LeaderElection3] INFO  server.RaftServerConfigKeys (ConfUtils.java:logGet(46)) - raft.server.rpc.request.timeout = 60s (custom)
2023-06-17 14:24:46,832 [9b904d97-ba57-4d1c-b750-04e93ad7e320@group-4103141B7879-LeaderElection3] INFO  grpc.GrpcConfigKeys (ConfUtils.java:logGet(46)) - raft.grpc.server.install_snapshot.request.element-limit = 8 (default)
2023-06-17 14:24:46,832 [9b904d97-ba57-4d1c-b750-04e93ad7e320@group-4103141B7879-LeaderElection3] INFO  grpc.GrpcConfigKeys (ConfUtils.java:logGet(46)) - raft.grpc.server.install_snapshot.request.timeout = 3000ms (default)
2023-06-17 14:24:46,832 [9b904d97-ba57-4d1c-b750-04e93ad7e320@group-4103141B7879-LeaderElection3] INFO  server.RaftServerConfigKeys (ConfUtils.java:logGet(46)) - raft.server.log.appender.install.snapshot.enabled = false (custom)
2023-06-17 14:24:46,832 [9b904d97-ba57-4d1c-b750-04e93ad7e320@group-4103141B7879-LeaderElection3] INFO  grpc.GrpcConfigKeys (ConfUtils.java:logGet(46)) - raft.grpc.server.heartbeat.channel = true (default)
2023-06-17 14:24:46,833 [9b904d97-ba57-4d1c-b750-04e93ad7e320@group-4103141B7879-LeaderElection3] INFO  impl.RoleInfo (RoleInfo.java:updateAndGet(139)) - 9b904d97-ba57-4d1c-b750-04e93ad7e320: start 9b904d97-ba57-4d1c-b750-04e93ad7e320@group-4103141B7879-LeaderStateImpl
2023-06-17 14:24:46,834 [9b904d97-ba57-4d1c-b750-04e93ad7e320@group-4103141B7879-LeaderElection3] INFO  segmented.SegmentedRaftLogWorker (SegmentedRaftLogWorker.java:startLogSegment(447)) - 9b904d97-ba57-4d1c-b750-04e93ad7e320@group-4103141B7879-SegmentedRaftLogWorker: Starting segment from index:0
2023-06-17 14:24:46,835 [9b904d97-ba57-4d1c-b750-04e93ad7e320@group-4103141B7879-SegmentedRaftLogWorker] INFO  segmented.SegmentedRaftLogWorker (SegmentedRaftLogWorker.java:execute(651)) - 9b904d97-ba57-4d1c-b750-04e93ad7e320@group-4103141B7879-SegmentedRaftLogWorker: created new log segment /home/runner/work/ozone/ozone/hadoop-ozone/integration-test/target/test-dir/MiniOzoneClusterImpl-68882fc2-21fb-4ea4-940d-4f92d2da87ec/datanode-0/data/ratis/069d6f8c-1a4c-4c87-8230-4103141b7879/current/log_inprogress_0
2023-06-17 14:24:46,847 [9b904d97-ba57-4d1c-b750-04e93ad7e320@group-4103141B7879-LeaderElection3] INFO  server.RaftServer$Division (ServerState.java:setRaftConf(434)) - 9b904d97-ba57-4d1c-b750-04e93ad7e320@group-4103141B7879: set configuration 0: peers:[50e7a123-fb10-4f6b-bd10-2c6e895f4416|rpc:10.1.0.30:15032|admin:10.1.0.30:15031|client:10.1.0.30:15030|dataStream:10.1.0.30:15033|priority:0|startupRole:FOLLOWER, 8624e205-2d39-4523-82ac-4c9e49e08d77|rpc:10.1.0.30:15023|admin:10.1.0.30:15022|client:10.1.0.30:15021|dataStream:10.1.0.30:15024|priority:0|startupRole:FOLLOWER, 9b904d97-ba57-4d1c-b750-04e93ad7e320|rpc:10.1.0.30:15014|admin:10.1.0.30:15013|client:10.1.0.30:15012|dataStream:10.1.0.30:15015|priority:1|startupRole:FOLLOWER]|listeners:[], old=null
2023-06-17 14:24:46,870 [8624e205-2d39-4523-82ac-4c9e49e08d77@group-D40AD2ACF1D8-FollowerState] INFO  impl.FollowerState (FollowerState.java:run(143)) - 8624e205-2d39-4523-82ac-4c9e49e08d77@group-D40AD2ACF1D8-FollowerState: change to CANDIDATE, lastRpcElapsedTime:5091253320ns, electionTimeout:5090ms
2023-06-17 14:24:46,870 [8624e205-2d39-4523-82ac-4c9e49e08d77@group-D40AD2ACF1D8-FollowerState] INFO  impl.RoleInfo (RoleInfo.java:shutdownFollowerState(110)) - 8624e205-2d39-4523-82ac-4c9e49e08d77: shutdown 8624e205-2d39-4523-82ac-4c9e49e08d77@group-D40AD2ACF1D8-FollowerState
2023-06-17 14:24:46,870 [8624e205-2d39-4523-82ac-4c9e49e08d77@group-D40AD2ACF1D8-FollowerState] INFO  server.RaftServer$Division (RaftServerImpl.java:setRole(329)) - 8624e205-2d39-4523-82ac-4c9e49e08d77@group-D40AD2ACF1D8: changes role from  FOLLOWER to CANDIDATE at term 0 for changeToCandidate
2023-06-17 14:24:46,871 [8624e205-2d39-4523-82ac-4c9e49e08d77@group-D40AD2ACF1D8-FollowerState] INFO  server.RaftServerConfigKeys (ConfUtils.java:logGet(46)) - raft.server.leaderelection.pre-vote = true (default)
2023-06-17 14:24:46,872 [8624e205-2d39-4523-82ac-4c9e49e08d77@group-D40AD2ACF1D8-FollowerState] INFO  impl.RoleInfo (RoleInfo.java:updateAndGet(139)) - 8624e205-2d39-4523-82ac-4c9e49e08d77: start 8624e205-2d39-4523-82ac-4c9e49e08d77@group-D40AD2ACF1D8-LeaderElection4
2023-06-17 14:24:46,898 [8624e205-2d39-4523-82ac-4c9e49e08d77@group-D40AD2ACF1D8-LeaderElection4] INFO  impl.LeaderElection (LeaderElection.java:askForVotes(321)) - 8624e205-2d39-4523-82ac-4c9e49e08d77@group-D40AD2ACF1D8-LeaderElection4 PRE_VOTE round 0: submit vote requests at term 0 for -1: peers:[8624e205-2d39-4523-82ac-4c9e49e08d77|rpc:10.1.0.30:15023|admin:10.1.0.30:15022|client:10.1.0.30:15021|dataStream:10.1.0.30:15024|priority:1|startupRole:FOLLOWER]|listeners:[], old=null
2023-06-17 14:24:46,904 [8624e205-2d39-4523-82ac-4c9e49e08d77@group-D40AD2ACF1D8-LeaderElection4] INFO  impl.LeaderElection (LeaderElection.java:askForVotes(323)) - 8624e205-2d39-4523-82ac-4c9e49e08d77@group-D40AD2ACF1D8-LeaderElection4 PRE_VOTE round 0: result PASSED (term=0)
2023-06-17 14:24:46,902 [8624e205-2d39-4523-82ac-4c9e49e08d77-server-thread1] INFO  ratis.XceiverServerRatis (XceiverServerRatis.java:handleLeaderChangedNotification(902)) - Leader change notification received for group: group-4103141B7879 with new leaderId: 9b904d97-ba57-4d1c-b750-04e93ad7e320
2023-06-17 14:24:46,904 [8624e205-2d39-4523-82ac-4c9e49e08d77-server-thread1] INFO  server.RaftServer$Division (ServerState.java:setLeader(317)) - 8624e205-2d39-4523-82ac-4c9e49e08d77@group-4103141B7879: change Leader from null to 9b904d97-ba57-4d1c-b750-04e93ad7e320 at term 1 for appendEntries, leader elected after 5110ms
2023-06-17 14:24:46,901 [50e7a123-fb10-4f6b-bd10-2c6e895f4416-server-thread1] INFO  ratis.XceiverServerRatis (XceiverServerRatis.java:handleLeaderChangedNotification(902)) - Leader change notification received for group: group-4103141B7879 with new leaderId: 9b904d97-ba57-4d1c-b750-04e93ad7e320
2023-06-17 14:24:46,905 [50e7a123-fb10-4f6b-bd10-2c6e895f4416-server-thread1] INFO  server.RaftServer$Division (ServerState.java:setLeader(317)) - 50e7a123-fb10-4f6b-bd10-2c6e895f4416@group-4103141B7879: change Leader from null to 9b904d97-ba57-4d1c-b750-04e93ad7e320 at term 1 for appendEntries, leader elected after 4691ms
2023-06-17 14:24:46,908 [8624e205-2d39-4523-82ac-4c9e49e08d77@group-D40AD2ACF1D8-LeaderElection4] INFO  impl.LeaderElection (LeaderElection.java:askForVotes(321)) - 8624e205-2d39-4523-82ac-4c9e49e08d77@group-D40AD2ACF1D8-LeaderElection4 ELECTION round 0: submit vote requests at term 1 for -1: peers:[8624e205-2d39-4523-82ac-4c9e49e08d77|rpc:10.1.0.30:15023|admin:10.1.0.30:15022|client:10.1.0.30:15021|dataStream:10.1.0.30:15024|priority:1|startupRole:FOLLOWER]|listeners:[], old=null
2023-06-17 14:24:46,908 [8624e205-2d39-4523-82ac-4c9e49e08d77@group-D40AD2ACF1D8-LeaderElection4] INFO  impl.LeaderElection (LeaderElection.java:askForVotes(323)) - 8624e205-2d39-4523-82ac-4c9e49e08d77@group-D40AD2ACF1D8-LeaderElection4 ELECTION round 0: result PASSED (term=1)
2023-06-17 14:24:46,908 [8624e205-2d39-4523-82ac-4c9e49e08d77@group-D40AD2ACF1D8-LeaderElection4] INFO  impl.RoleInfo (RoleInfo.java:shutdownLeaderElection(130)) - 8624e205-2d39-4523-82ac-4c9e49e08d77: shutdown 8624e205-2d39-4523-82ac-4c9e49e08d77@group-D40AD2ACF1D8-LeaderElection4
2023-06-17 14:24:46,908 [8624e205-2d39-4523-82ac-4c9e49e08d77@group-D40AD2ACF1D8-LeaderElection4] INFO  server.RaftServer$Division (RaftServerImpl.java:setRole(329)) - 8624e205-2d39-4523-82ac-4c9e49e08d77@group-D40AD2ACF1D8: changes role from CANDIDATE to LEADER at term 1 for changeToLeader
2023-06-17 14:24:46,908 [8624e205-2d39-4523-82ac-4c9e49e08d77@group-D40AD2ACF1D8-LeaderElection4] INFO  ratis.XceiverServerRatis (XceiverServerRatis.java:handleLeaderChangedNotification(902)) - Leader change notification received for group: group-D40AD2ACF1D8 with new leaderId: 8624e205-2d39-4523-82ac-4c9e49e08d77
2023-06-17 14:24:46,908 [8624e205-2d39-4523-82ac-4c9e49e08d77@group-D40AD2ACF1D8-LeaderElection4] INFO  server.RaftServer$Division (ServerState.java:setLeader(317)) - 8624e205-2d39-4523-82ac-4c9e49e08d77@group-D40AD2ACF1D8: change Leader from null to 8624e205-2d39-4523-82ac-4c9e49e08d77 at term 1 for becomeLeader, leader elected after 5166ms
2023-06-17 14:24:46,909 [8624e205-2d39-4523-82ac-4c9e49e08d77@group-D40AD2ACF1D8-LeaderElection4] INFO  server.RaftServerConfigKeys (ConfUtils.java:logGet(46)) - raft.server.staging.catchup.gap = 1000 (default)
2023-06-17 14:24:46,912 [8624e205-2d39-4523-82ac-4c9e49e08d77@group-D40AD2ACF1D8-LeaderElection4] INFO  server.RaftServerConfigKeys (ConfUtils.java:logGet(46)) - raft.server.write.element-limit = 1024 (custom)
2023-06-17 14:24:46,912 [8624e205-2d39-4523-82ac-4c9e49e08d77@group-D40AD2ACF1D8-LeaderElection4] INFO  server.RaftServerConfigKeys (ConfUtils.java:logGet(46)) - raft.server.write.byte-limit = 1024 M (=1073741824) (custom)
2023-06-17 14:24:46,912 [8624e205-2d39-4523-82ac-4c9e49e08d77@group-D40AD2ACF1D8-LeaderElection4] INFO  server.RaftServerConfigKeys (ConfUtils.java:logGet(46)) - raft.server.watch.timeout = 180s (custom)
2023-06-17 14:24:46,912 [8624e205-2d39-4523-82ac-4c9e49e08d77@group-D40AD2ACF1D8-LeaderElection4] INFO  server.RaftServerConfigKeys (ConfUtils.java:logGet(46)) - raft.server.watch.timeout.denomination = 1s (default)
2023-06-17 14:24:46,912 [8624e205-2d39-4523-82ac-4c9e49e08d77@group-D40AD2ACF1D8-LeaderElection4] INFO  server.RaftServerConfigKeys (ConfUtils.java:logGet(46)) - raft.server.watch.element-limit = 65536 (default)
2023-06-17 14:24:46,912 [8624e205-2d39-4523-82ac-4c9e49e08d77@group-D40AD2ACF1D8-LeaderElection4] INFO  server.RaftServerConfigKeys (ConfUtils.java:logGet(46)) - raft.server.write.element-limit = 1024 (custom)
2023-06-17 14:24:46,913 [8624e205-2d39-4523-82ac-4c9e49e08d77@group-D40AD2ACF1D8-LeaderElection4] INFO  server.RaftServerConfigKeys (ConfUtils.java:logGet(46)) - raft.server.write.follower.gap.ratio.max = -1.0 (default)
2023-06-17 14:24:46,913 [50e7a123-fb10-4f6b-bd10-2c6e895f4416-server-thread1] INFO  server.RaftServer$Division (ServerState.java:setRaftConf(434)) - 50e7a123-fb10-4f6b-bd10-2c6e895f4416@group-4103141B7879: set configuration 0: peers:[50e7a123-fb10-4f6b-bd10-2c6e895f4416|rpc:10.1.0.30:15032|admin:10.1.0.30:15031|client:10.1.0.30:15030|dataStream:10.1.0.30:15033|priority:0|startupRole:FOLLOWER, 8624e205-2d39-4523-82ac-4c9e49e08d77|rpc:10.1.0.30:15023|admin:10.1.0.30:15022|client:10.1.0.30:15021|dataStream:10.1.0.30:15024|priority:0|startupRole:FOLLOWER, 9b904d97-ba57-4d1c-b750-04e93ad7e320|rpc:10.1.0.30:15014|admin:10.1.0.30:15013|client:10.1.0.30:15012|dataStream:10.1.0.30:15015|priority:1|startupRole:FOLLOWER]|listeners:[], old=null
2023-06-17 14:24:46,914 [50e7a123-fb10-4f6b-bd10-2c6e895f4416-server-thread1] INFO  segmented.SegmentedRaftLogWorker (SegmentedRaftLogWorker.java:startLogSegment(447)) - 50e7a123-fb10-4f6b-bd10-2c6e895f4416@group-4103141B7879-SegmentedRaftLogWorker: Starting segment from index:0
2023-06-17 14:24:46,914 [8624e205-2d39-4523-82ac-4c9e49e08d77-server-thread1] INFO  server.RaftServer$Division (ServerState.java:setRaftConf(434)) - 8624e205-2d39-4523-82ac-4c9e49e08d77@group-4103141B7879: set configuration 0: peers:[50e7a123-fb10-4f6b-bd10-2c6e895f4416|rpc:10.1.0.30:15032|admin:10.1.0.30:15031|client:10.1.0.30:15030|dataStream:10.1.0.30:15033|priority:0|startupRole:FOLLOWER, 8624e205-2d39-4523-82ac-4c9e49e08d77|rpc:10.1.0.30:15023|admin:10.1.0.30:15022|client:10.1.0.30:15021|dataStream:10.1.0.30:15024|priority:0|startupRole:FOLLOWER, 9b904d97-ba57-4d1c-b750-04e93ad7e320|rpc:10.1.0.30:15014|admin:10.1.0.30:15013|client:10.1.0.30:15012|dataStream:10.1.0.30:15015|priority:1|startupRole:FOLLOWER]|listeners:[], old=null
2023-06-17 14:24:46,916 [8624e205-2d39-4523-82ac-4c9e49e08d77-server-thread1] INFO  segmented.SegmentedRaftLogWorker (SegmentedRaftLogWorker.java:startLogSegment(447)) - 8624e205-2d39-4523-82ac-4c9e49e08d77@group-4103141B7879-SegmentedRaftLogWorker: Starting segment from index:0
2023-06-17 14:24:46,916 [8624e205-2d39-4523-82ac-4c9e49e08d77@group-D40AD2ACF1D8-LeaderElection4] INFO  impl.RoleInfo (RoleInfo.java:updateAndGet(139)) - 8624e205-2d39-4523-82ac-4c9e49e08d77: start 8624e205-2d39-4523-82ac-4c9e49e08d77@group-D40AD2ACF1D8-LeaderStateImpl
2023-06-17 14:24:46,918 [8624e205-2d39-4523-82ac-4c9e49e08d77@group-D40AD2ACF1D8-LeaderElection4] INFO  segmented.SegmentedRaftLogWorker (SegmentedRaftLogWorker.java:startLogSegment(447)) - 8624e205-2d39-4523-82ac-4c9e49e08d77@group-D40AD2ACF1D8-SegmentedRaftLogWorker: Starting segment from index:0
2023-06-17 14:24:46,916 [50e7a123-fb10-4f6b-bd10-2c6e895f4416@group-4103141B7879-SegmentedRaftLogWorker] INFO  segmented.SegmentedRaftLogWorker (SegmentedRaftLogWorker.java:execute(651)) - 50e7a123-fb10-4f6b-bd10-2c6e895f4416@group-4103141B7879-SegmentedRaftLogWorker: created new log segment /home/runner/work/ozone/ozone/hadoop-ozone/integration-test/target/test-dir/MiniOzoneClusterImpl-68882fc2-21fb-4ea4-940d-4f92d2da87ec/datanode-2/data/ratis/069d6f8c-1a4c-4c87-8230-4103141b7879/current/log_inprogress_0
2023-06-17 14:24:46,917 [8624e205-2d39-4523-82ac-4c9e49e08d77@group-4103141B7879-SegmentedRaftLogWorker] INFO  segmented.SegmentedRaftLogWorker (SegmentedRaftLogWorker.java:execute(651)) - 8624e205-2d39-4523-82ac-4c9e49e08d77@group-4103141B7879-SegmentedRaftLogWorker: created new log segment /home/runner/work/ozone/ozone/hadoop-ozone/integration-test/target/test-dir/MiniOzoneClusterImpl-68882fc2-21fb-4ea4-940d-4f92d2da87ec/datanode-1/data/ratis/069d6f8c-1a4c-4c87-8230-4103141b7879/current/log_inprogress_0
2023-06-17 14:24:46,920 [8624e205-2d39-4523-82ac-4c9e49e08d77@group-D40AD2ACF1D8-SegmentedRaftLogWorker] INFO  segmented.SegmentedRaftLogWorker (SegmentedRaftLogWorker.java:execute(651)) - 8624e205-2d39-4523-82ac-4c9e49e08d77@group-D40AD2ACF1D8-SegmentedRaftLogWorker: created new log segment /home/runner/work/ozone/ozone/hadoop-ozone/integration-test/target/test-dir/MiniOzoneClusterImpl-68882fc2-21fb-4ea4-940d-4f92d2da87ec/datanode-1/data/ratis/960348f6-8480-4b89-8883-d40ad2acf1d8/current/log_inprogress_0
2023-06-17 14:24:46,926 [8624e205-2d39-4523-82ac-4c9e49e08d77@group-D40AD2ACF1D8-LeaderElection4] INFO  server.RaftServer$Division (ServerState.java:setRaftConf(434)) - 8624e205-2d39-4523-82ac-4c9e49e08d77@group-D40AD2ACF1D8: set configuration 0: peers:[8624e205-2d39-4523-82ac-4c9e49e08d77|rpc:10.1.0.30:15023|admin:10.1.0.30:15022|client:10.1.0.30:15021|dataStream:10.1.0.30:15024|priority:1|startupRole:FOLLOWER]|listeners:[], old=null
2023-06-17 14:24:47,102 [main] INFO  ozone.MiniOzoneClusterImpl (MiniOzoneClusterImpl.java:lambda$waitForClusterToBeReady$0(224)) - Nodes are ready. Got 3 of 3 DN Heartbeats.
2023-06-17 14:24:47,102 [main] INFO  ozone.MiniOzoneClusterImpl (MiniOzoneClusterImpl.java:lambda$waitForClusterToBeReady$0(227)) - Cluster exits safe mode
2023-06-17 14:24:47,102 [main] INFO  ozone.MiniOzoneClusterImpl (MiniOzoneClusterImpl.java:lambda$waitForClusterToBeReady$0(229)) - SCM became leader
2023-06-17 14:24:47,272 [50e7a123-fb10-4f6b-bd10-2c6e895f4416@group-F1BA168EBC4E-FollowerState] INFO  impl.FollowerState (FollowerState.java:run(143)) - 50e7a123-fb10-4f6b-bd10-2c6e895f4416@group-F1BA168EBC4E-FollowerState: change to CANDIDATE, lastRpcElapsedTime:5083696377ns, electionTimeout:5069ms
2023-06-17 14:24:47,272 [50e7a123-fb10-4f6b-bd10-2c6e895f4416@group-F1BA168EBC4E-FollowerState] INFO  impl.RoleInfo (RoleInfo.java:shutdownFollowerState(110)) - 50e7a123-fb10-4f6b-bd10-2c6e895f4416: shutdown 50e7a123-fb10-4f6b-bd10-2c6e895f4416@group-F1BA168EBC4E-FollowerState
2023-06-17 14:24:47,272 [50e7a123-fb10-4f6b-bd10-2c6e895f4416@group-F1BA168EBC4E-FollowerState] INFO  server.RaftServer$Division (RaftServerImpl.java:setRole(329)) - 50e7a123-fb10-4f6b-bd10-2c6e895f4416@group-F1BA168EBC4E: changes role from  FOLLOWER to CANDIDATE at term 0 for changeToCandidate
2023-06-17 14:24:47,272 [50e7a123-fb10-4f6b-bd10-2c6e895f4416@group-F1BA168EBC4E-FollowerState] INFO  server.RaftServerConfigKeys (ConfUtils.java:logGet(46)) - raft.server.leaderelection.pre-vote = true (default)
2023-06-17 14:24:47,272 [50e7a123-fb10-4f6b-bd10-2c6e895f4416@group-F1BA168EBC4E-FollowerState] INFO  impl.RoleInfo (RoleInfo.java:updateAndGet(139)) - 50e7a123-fb10-4f6b-bd10-2c6e895f4416: start 50e7a123-fb10-4f6b-bd10-2c6e895f4416@group-F1BA168EBC4E-LeaderElection5
2023-06-17 14:24:47,276 [50e7a123-fb10-4f6b-bd10-2c6e895f4416@group-F1BA168EBC4E-LeaderElection5] INFO  impl.LeaderElection (LeaderElection.java:askForVotes(321)) - 50e7a123-fb10-4f6b-bd10-2c6e895f4416@group-F1BA168EBC4E-LeaderElection5 PRE_VOTE round 0: submit vote requests at term 0 for -1: peers:[50e7a123-fb10-4f6b-bd10-2c6e895f4416|rpc:10.1.0.30:15032|admin:10.1.0.30:15031|client:10.1.0.30:15030|dataStream:10.1.0.30:15033|priority:1|startupRole:FOLLOWER]|listeners:[], old=null
2023-06-17 14:24:47,276 [50e7a123-fb10-4f6b-bd10-2c6e895f4416@group-F1BA168EBC4E-LeaderElection5] INFO  impl.LeaderElection (LeaderElection.java:askForVotes(323)) - 50e7a123-fb10-4f6b-bd10-2c6e895f4416@group-F1BA168EBC4E-LeaderElection5 PRE_VOTE round 0: result PASSED (term=0)
2023-06-17 14:24:47,278 [50e7a123-fb10-4f6b-bd10-2c6e895f4416@group-F1BA168EBC4E-LeaderElection5] INFO  impl.LeaderElection (LeaderElection.java:askForVotes(321)) - 50e7a123-fb10-4f6b-bd10-2c6e895f4416@group-F1BA168EBC4E-LeaderElection5 ELECTION round 0: submit vote requests at term 1 for -1: peers:[50e7a123-fb10-4f6b-bd10-2c6e895f4416|rpc:10.1.0.30:15032|admin:10.1.0.30:15031|client:10.1.0.30:15030|dataStream:10.1.0.30:15033|priority:1|startupRole:FOLLOWER]|listeners:[], old=null
2023-06-17 14:24:47,278 [50e7a123-fb10-4f6b-bd10-2c6e895f4416@group-F1BA168EBC4E-LeaderElection5] INFO  impl.LeaderElection (LeaderElection.java:askForVotes(323)) - 50e7a123-fb10-4f6b-bd10-2c6e895f4416@group-F1BA168EBC4E-LeaderElection5 ELECTION round 0: result PASSED (term=1)
2023-06-17 14:24:47,278 [50e7a123-fb10-4f6b-bd10-2c6e895f4416@group-F1BA168EBC4E-LeaderElection5] INFO  impl.RoleInfo (RoleInfo.java:shutdownLeaderElection(130)) - 50e7a123-fb10-4f6b-bd10-2c6e895f4416: shutdown 50e7a123-fb10-4f6b-bd10-2c6e895f4416@group-F1BA168EBC4E-LeaderElection5
2023-06-17 14:24:47,278 [50e7a123-fb10-4f6b-bd10-2c6e895f4416@group-F1BA168EBC4E-LeaderElection5] INFO  server.RaftServer$Division (RaftServerImpl.java:setRole(329)) - 50e7a123-fb10-4f6b-bd10-2c6e895f4416@group-F1BA168EBC4E: changes role from CANDIDATE to LEADER at term 1 for changeToLeader
2023-06-17 14:24:47,278 [50e7a123-fb10-4f6b-bd10-2c6e895f4416@group-F1BA168EBC4E-LeaderElection5] INFO  ratis.XceiverServerRatis (XceiverServerRatis.java:handleLeaderChangedNotification(902)) - Leader change notification received for group: group-F1BA168EBC4E with new leaderId: 50e7a123-fb10-4f6b-bd10-2c6e895f4416
2023-06-17 14:24:47,284 [50e7a123-fb10-4f6b-bd10-2c6e895f4416@group-F1BA168EBC4E-LeaderElection5] INFO  server.RaftServer$Division (ServerState.java:setLeader(317)) - 50e7a123-fb10-4f6b-bd10-2c6e895f4416@group-F1BA168EBC4E: change Leader from null to 50e7a123-fb10-4f6b-bd10-2c6e895f4416 at term 1 for becomeLeader, leader elected after 5139ms
2023-06-17 14:24:47,284 [50e7a123-fb10-4f6b-bd10-2c6e895f4416@group-F1BA168EBC4E-LeaderElection5] INFO  server.RaftServerConfigKeys (ConfUtils.java:logGet(46)) - raft.server.staging.catchup.gap = 1000 (default)
2023-06-17 14:24:47,285 [50e7a123-fb10-4f6b-bd10-2c6e895f4416@group-F1BA168EBC4E-LeaderElection5] INFO  server.RaftServerConfigKeys (ConfUtils.java:logGet(46)) - raft.server.write.element-limit = 1024 (custom)
2023-06-17 14:24:47,286 [50e7a123-fb10-4f6b-bd10-2c6e895f4416@group-F1BA168EBC4E-LeaderElection5] INFO  server.RaftServerConfigKeys (ConfUtils.java:logGet(46)) - raft.server.write.byte-limit = 1024 M (=1073741824) (custom)
2023-06-17 14:24:47,287 [50e7a123-fb10-4f6b-bd10-2c6e895f4416@group-F1BA168EBC4E-LeaderElection5] INFO  server.RaftServerConfigKeys (ConfUtils.java:logGet(46)) - raft.server.watch.timeout = 180s (custom)
2023-06-17 14:24:47,287 [50e7a123-fb10-4f6b-bd10-2c6e895f4416@group-F1BA168EBC4E-LeaderElection5] INFO  server.RaftServerConfigKeys (ConfUtils.java:logGet(46)) - raft.server.watch.timeout.denomination = 1s (default)
2023-06-17 14:24:47,287 [50e7a123-fb10-4f6b-bd10-2c6e895f4416@group-F1BA168EBC4E-LeaderElection5] INFO  server.RaftServerConfigKeys (ConfUtils.java:logGet(46)) - raft.server.watch.element-limit = 65536 (default)
2023-06-17 14:24:47,287 [50e7a123-fb10-4f6b-bd10-2c6e895f4416@group-F1BA168EBC4E-LeaderElection5] INFO  server.RaftServerConfigKeys (ConfUtils.java:logGet(46)) - raft.server.write.element-limit = 1024 (custom)
2023-06-17 14:24:47,287 [50e7a123-fb10-4f6b-bd10-2c6e895f4416@group-F1BA168EBC4E-LeaderElection5] INFO  server.RaftServerConfigKeys (ConfUtils.java:logGet(46)) - raft.server.write.follower.gap.ratio.max = -1.0 (default)
2023-06-17 14:24:47,287 [50e7a123-fb10-4f6b-bd10-2c6e895f4416@group-F1BA168EBC4E-LeaderElection5] INFO  impl.RoleInfo (RoleInfo.java:updateAndGet(139)) - 50e7a123-fb10-4f6b-bd10-2c6e895f4416: start 50e7a123-fb10-4f6b-bd10-2c6e895f4416@group-F1BA168EBC4E-LeaderStateImpl
2023-06-17 14:24:47,288 [50e7a123-fb10-4f6b-bd10-2c6e895f4416@group-F1BA168EBC4E-LeaderElection5] INFO  segmented.SegmentedRaftLogWorker (SegmentedRaftLogWorker.java:startLogSegment(447)) - 50e7a123-fb10-4f6b-bd10-2c6e895f4416@group-F1BA168EBC4E-SegmentedRaftLogWorker: Starting segment from index:0
2023-06-17 14:24:47,289 [50e7a123-fb10-4f6b-bd10-2c6e895f4416@group-F1BA168EBC4E-SegmentedRaftLogWorker] INFO  segmented.SegmentedRaftLogWorker (SegmentedRaftLogWorker.java:execute(651)) - 50e7a123-fb10-4f6b-bd10-2c6e895f4416@group-F1BA168EBC4E-SegmentedRaftLogWorker: created new log segment /home/runner/work/ozone/ozone/hadoop-ozone/integration-test/target/test-dir/MiniOzoneClusterImpl-68882fc2-21fb-4ea4-940d-4f92d2da87ec/datanode-2/data/ratis/6178a0a1-3159-459d-9c03-f1ba168ebc4e/current/log_inprogress_0
2023-06-17 14:24:47,298 [50e7a123-fb10-4f6b-bd10-2c6e895f4416@group-F1BA168EBC4E-LeaderElection5] INFO  server.RaftServer$Division (ServerState.java:setRaftConf(434)) - 50e7a123-fb10-4f6b-bd10-2c6e895f4416@group-F1BA168EBC4E: set configuration 0: peers:[50e7a123-fb10-4f6b-bd10-2c6e895f4416|rpc:10.1.0.30:15032|admin:10.1.0.30:15031|client:10.1.0.30:15030|dataStream:10.1.0.30:15033|priority:1|startupRole:FOLLOWER]|listeners:[], old=null
2023-06-17 14:24:47,464 [8624e205-2d39-4523-82ac-4c9e49e08d77@group-7AA2029A76D4-FollowerState] INFO  impl.FollowerState (FollowerState.java:run(143)) - 8624e205-2d39-4523-82ac-4c9e49e08d77@group-7AA2029A76D4-FollowerState: change to CANDIDATE, lastRpcElapsedTime:5106760946ns, electionTimeout:5104ms
2023-06-17 14:24:47,465 [8624e205-2d39-4523-82ac-4c9e49e08d77@group-7AA2029A76D4-FollowerState] INFO  impl.RoleInfo (RoleInfo.java:shutdownFollowerState(110)) - 8624e205-2d39-4523-82ac-4c9e49e08d77: shutdown 8624e205-2d39-4523-82ac-4c9e49e08d77@group-7AA2029A76D4-FollowerState
2023-06-17 14:24:47,465 [8624e205-2d39-4523-82ac-4c9e49e08d77@group-7AA2029A76D4-FollowerState] INFO  server.RaftServer$Division (RaftServerImpl.java:setRole(329)) - 8624e205-2d39-4523-82ac-4c9e49e08d77@group-7AA2029A76D4: changes role from  FOLLOWER to CANDIDATE at term 0 for changeToCandidate
2023-06-17 14:24:47,465 [8624e205-2d39-4523-82ac-4c9e49e08d77@group-7AA2029A76D4-FollowerState] INFO  server.RaftServerConfigKeys (ConfUtils.java:logGet(46)) - raft.server.leaderelection.pre-vote = true (default)
2023-06-17 14:24:47,465 [8624e205-2d39-4523-82ac-4c9e49e08d77@group-7AA2029A76D4-FollowerState] INFO  impl.RoleInfo (RoleInfo.java:updateAndGet(139)) - 8624e205-2d39-4523-82ac-4c9e49e08d77: start 8624e205-2d39-4523-82ac-4c9e49e08d77@group-7AA2029A76D4-LeaderElection6
2023-06-17 14:24:47,472 [8624e205-2d39-4523-82ac-4c9e49e08d77@group-7AA2029A76D4-LeaderElection6] INFO  impl.LeaderElection (LeaderElection.java:askForVotes(321)) - 8624e205-2d39-4523-82ac-4c9e49e08d77@group-7AA2029A76D4-LeaderElection6 PRE_VOTE round 0: submit vote requests at term 0 for -1: peers:[50e7a123-fb10-4f6b-bd10-2c6e895f4416|rpc:10.1.0.30:15032|admin:10.1.0.30:15031|client:10.1.0.30:15030|dataStream:10.1.0.30:15033|priority:1|startupRole:FOLLOWER, 8624e205-2d39-4523-82ac-4c9e49e08d77|rpc:10.1.0.30:15023|admin:10.1.0.30:15022|client:10.1.0.30:15021|dataStream:10.1.0.30:15024|priority:0|startupRole:FOLLOWER, 9b904d97-ba57-4d1c-b750-04e93ad7e320|rpc:10.1.0.30:15014|admin:10.1.0.30:15013|client:10.1.0.30:15012|dataStream:10.1.0.30:15015|priority:0|startupRole:FOLLOWER]|listeners:[], old=null
2023-06-17 14:24:47,476 [8624e205-2d39-4523-82ac-4c9e49e08d77@group-7AA2029A76D4-LeaderElection6-1] INFO  server.GrpcServerProtocolClient (GrpcServerProtocolClient.java:<init>(65)) - Build channel for 50e7a123-fb10-4f6b-bd10-2c6e895f4416
2023-06-17 14:24:47,484 [8624e205-2d39-4523-82ac-4c9e49e08d77@group-7AA2029A76D4-LeaderElection6] INFO  server.RaftServerConfigKeys (ConfUtils.java:logFallback(53)) - raft.server.rpc.first-election.timeout.min = 5s (fallback to raft.server.rpc.timeout.min)
2023-06-17 14:24:47,485 [8624e205-2d39-4523-82ac-4c9e49e08d77@group-7AA2029A76D4-LeaderElection6] INFO  server.RaftServerConfigKeys (ConfUtils.java:logFallback(53)) - raft.server.rpc.first-election.timeout.max = 5200ms (fallback to raft.server.rpc.timeout.max)
2023-06-17 14:24:47,486 [8624e205-2d39-4523-82ac-4c9e49e08d77@group-7AA2029A76D4-LeaderElection6-2] INFO  server.GrpcServerProtocolClient (GrpcServerProtocolClient.java:<init>(65)) - Build channel for 9b904d97-ba57-4d1c-b750-04e93ad7e320
2023-06-17 14:24:47,497 [grpc-default-executor-4] INFO  server.RaftServer$Division (RaftServerImpl.java:requestVote(1302)) - 50e7a123-fb10-4f6b-bd10-2c6e895f4416@group-7AA2029A76D4: receive requestVote(PRE_VOTE, 8624e205-2d39-4523-82ac-4c9e49e08d77, group-7AA2029A76D4, 0, (t:0, i:0))
2023-06-17 14:24:47,497 [grpc-default-executor-4] INFO  impl.VoteContext (VoteContext.java:log(49)) - 50e7a123-fb10-4f6b-bd10-2c6e895f4416@group-7AA2029A76D4-FOLLOWER: reject PRE_VOTE from 8624e205-2d39-4523-82ac-4c9e49e08d77: our priority 1 > candidate's priority 0
2023-06-17 14:24:47,497 [grpc-default-executor-4] INFO  server.RaftServer$Division (RaftServerImpl.java:requestVote(1335)) - 50e7a123-fb10-4f6b-bd10-2c6e895f4416@group-7AA2029A76D4 replies to PRE_VOTE vote request: 8624e205-2d39-4523-82ac-4c9e49e08d77<-50e7a123-fb10-4f6b-bd10-2c6e895f4416#0:FAIL-t0. Peer's state: 50e7a123-fb10-4f6b-bd10-2c6e895f4416@group-7AA2029A76D4:t0, leader=null, voted=, raftlog=Memoized:50e7a123-fb10-4f6b-bd10-2c6e895f4416@group-7AA2029A76D4-SegmentedRaftLog:OPENED:c-1, conf=-1: peers:[50e7a123-fb10-4f6b-bd10-2c6e895f4416|rpc:10.1.0.30:15032|admin:10.1.0.30:15031|client:10.1.0.30:15030|dataStream:10.1.0.30:15033|priority:1|startupRole:FOLLOWER, 8624e205-2d39-4523-82ac-4c9e49e08d77|rpc:10.1.0.30:15023|admin:10.1.0.30:15022|client:10.1.0.30:15021|dataStream:10.1.0.30:15024|priority:0|startupRole:FOLLOWER, 9b904d97-ba57-4d1c-b750-04e93ad7e320|rpc:10.1.0.30:15014|admin:10.1.0.30:15013|client:10.1.0.30:15012|dataStream:10.1.0.30:15015|priority:0|startupRole:FOLLOWER]|listeners:[], old=null
2023-06-17 14:24:47,505 [8624e205-2d39-4523-82ac-4c9e49e08d77@group-7AA2029A76D4-LeaderElection6] INFO  impl.LeaderElection (LeaderElection.java:logAndReturn(90)) - 8624e205-2d39-4523-82ac-4c9e49e08d77@group-7AA2029A76D4-LeaderElection6: PRE_VOTE REJECTED received 1 response(s) and 0 exception(s):
2023-06-17 14:24:47,506 [8624e205-2d39-4523-82ac-4c9e49e08d77@group-7AA2029A76D4-LeaderElection6] INFO  impl.LeaderElection (LeaderElection.java:logAndReturn(94)) -   Response 0: 8624e205-2d39-4523-82ac-4c9e49e08d77<-50e7a123-fb10-4f6b-bd10-2c6e895f4416#0:FAIL-t0
2023-06-17 14:24:47,506 [8624e205-2d39-4523-82ac-4c9e49e08d77@group-7AA2029A76D4-LeaderElection6] INFO  impl.LeaderElection (LeaderElection.java:askForVotes(323)) - 8624e205-2d39-4523-82ac-4c9e49e08d77@group-7AA2029A76D4-LeaderElection6 PRE_VOTE round 0: result REJECTED
2023-06-17 14:24:47,506 [8624e205-2d39-4523-82ac-4c9e49e08d77@group-7AA2029A76D4-LeaderElection6] INFO  server.RaftServer$Division (RaftServerImpl.java:setRole(329)) - 8624e205-2d39-4523-82ac-4c9e49e08d77@group-7AA2029A76D4: changes role from CANDIDATE to FOLLOWER at term 0 for REJECTED
2023-06-17 14:24:47,506 [8624e205-2d39-4523-82ac-4c9e49e08d77@group-7AA2029A76D4-LeaderElection6] INFO  impl.RoleInfo (RoleInfo.java:shutdownLeaderElection(130)) - 8624e205-2d39-4523-82ac-4c9e49e08d77: shutdown 8624e205-2d39-4523-82ac-4c9e49e08d77@group-7AA2029A76D4-LeaderElection6
2023-06-17 14:24:47,506 [8624e205-2d39-4523-82ac-4c9e49e08d77@group-7AA2029A76D4-LeaderElection6] INFO  impl.RoleInfo (RoleInfo.java:updateAndGet(139)) - 8624e205-2d39-4523-82ac-4c9e49e08d77: start 8624e205-2d39-4523-82ac-4c9e49e08d77@group-7AA2029A76D4-FollowerState
2023-06-17 14:24:47,515 [grpc-default-executor-4] INFO  server.RaftServer$Division (RaftServerImpl.java:requestVote(1302)) - 9b904d97-ba57-4d1c-b750-04e93ad7e320@group-7AA2029A76D4: receive requestVote(PRE_VOTE, 8624e205-2d39-4523-82ac-4c9e49e08d77, group-7AA2029A76D4, 0, (t:0, i:0))
2023-06-17 14:24:47,515 [grpc-default-executor-4] INFO  impl.VoteContext (VoteContext.java:log(49)) - 9b904d97-ba57-4d1c-b750-04e93ad7e320@group-7AA2029A76D4-FOLLOWER: accept PRE_VOTE from 8624e205-2d39-4523-82ac-4c9e49e08d77: our priority 0 <= candidate's priority 0
2023-06-17 14:24:47,516 [grpc-default-executor-4] INFO  server.RaftServer$Division (RaftServerImpl.java:requestVote(1335)) - 9b904d97-ba57-4d1c-b750-04e93ad7e320@group-7AA2029A76D4 replies to PRE_VOTE vote request: 8624e205-2d39-4523-82ac-4c9e49e08d77<-9b904d97-ba57-4d1c-b750-04e93ad7e320#0:OK-t0. Peer's state: 9b904d97-ba57-4d1c-b750-04e93ad7e320@group-7AA2029A76D4:t0, leader=null, voted=, raftlog=Memoized:9b904d97-ba57-4d1c-b750-04e93ad7e320@group-7AA2029A76D4-SegmentedRaftLog:OPENED:c-1, conf=-1: peers:[50e7a123-fb10-4f6b-bd10-2c6e895f4416|rpc:10.1.0.30:15032|admin:10.1.0.30:15031|client:10.1.0.30:15030|dataStream:10.1.0.30:15033|priority:1|startupRole:FOLLOWER, 8624e205-2d39-4523-82ac-4c9e49e08d77|rpc:10.1.0.30:15023|admin:10.1.0.30:15022|client:10.1.0.30:15021|dataStream:10.1.0.30:15024|priority:0|startupRole:FOLLOWER, 9b904d97-ba57-4d1c-b750-04e93ad7e320|rpc:10.1.0.30:15014|admin:10.1.0.30:15013|client:10.1.0.30:15012|dataStream:10.1.0.30:15015|priority:0|startupRole:FOLLOWER]|listeners:[], old=null
2023-06-17 14:24:47,522 [9b904d97-ba57-4d1c-b750-04e93ad7e320@group-7AA2029A76D4-FollowerState] INFO  server.RaftServerConfigKeys (ConfUtils.java:logFallback(53)) - raft.server.rpc.first-election.timeout.min = 5s (fallback to raft.server.rpc.timeout.min)
2023-06-17 14:24:47,522 [9b904d97-ba57-4d1c-b750-04e93ad7e320@group-7AA2029A76D4-FollowerState] INFO  server.RaftServerConfigKeys (ConfUtils.java:logFallback(53)) - raft.server.rpc.first-election.timeout.max = 5200ms (fallback to raft.server.rpc.timeout.max)
2023-06-17 14:24:47,586 [50e7a123-fb10-4f6b-bd10-2c6e895f4416@group-7AA2029A76D4-FollowerState] INFO  impl.FollowerState (FollowerState.java:run(143)) - 50e7a123-fb10-4f6b-bd10-2c6e895f4416@group-7AA2029A76D4-FollowerState: change to CANDIDATE, lastRpcElapsedTime:5088035776ns, electionTimeout:5077ms
2023-06-17 14:24:47,587 [50e7a123-fb10-4f6b-bd10-2c6e895f4416@group-7AA2029A76D4-FollowerState] INFO  impl.RoleInfo (RoleInfo.java:shutdownFollowerState(110)) - 50e7a123-fb10-4f6b-bd10-2c6e895f4416: shutdown 50e7a123-fb10-4f6b-bd10-2c6e895f4416@group-7AA2029A76D4-FollowerState
2023-06-17 14:24:47,587 [50e7a123-fb10-4f6b-bd10-2c6e895f4416@group-7AA2029A76D4-FollowerState] INFO  server.RaftServer$Division (RaftServerImpl.java:setRole(329)) - 50e7a123-fb10-4f6b-bd10-2c6e895f4416@group-7AA2029A76D4: changes role from  FOLLOWER to CANDIDATE at term 0 for changeToCandidate
2023-06-17 14:24:47,587 [50e7a123-fb10-4f6b-bd10-2c6e895f4416@group-7AA2029A76D4-FollowerState] INFO  server.RaftServerConfigKeys (ConfUtils.java:logGet(46)) - raft.server.leaderelection.pre-vote = true (default)
2023-06-17 14:24:47,587 [50e7a123-fb10-4f6b-bd10-2c6e895f4416@group-7AA2029A76D4-FollowerState] INFO  impl.RoleInfo (RoleInfo.java:updateAndGet(139)) - 50e7a123-fb10-4f6b-bd10-2c6e895f4416: start 50e7a123-fb10-4f6b-bd10-2c6e895f4416@group-7AA2029A76D4-LeaderElection7
2023-06-17 14:24:47,590 [50e7a123-fb10-4f6b-bd10-2c6e895f4416@group-7AA2029A76D4-LeaderElection7] INFO  impl.LeaderElection (LeaderElection.java:askForVotes(321)) - 50e7a123-fb10-4f6b-bd10-2c6e895f4416@group-7AA2029A76D4-LeaderElection7 PRE_VOTE round 0: submit vote requests at term 0 for -1: peers:[50e7a123-fb10-4f6b-bd10-2c6e895f4416|rpc:10.1.0.30:15032|admin:10.1.0.30:15031|client:10.1.0.30:15030|dataStream:10.1.0.30:15033|priority:1|startupRole:FOLLOWER, 8624e205-2d39-4523-82ac-4c9e49e08d77|rpc:10.1.0.30:15023|admin:10.1.0.30:15022|client:10.1.0.30:15021|dataStream:10.1.0.30:15024|priority:0|startupRole:FOLLOWER, 9b904d97-ba57-4d1c-b750-04e93ad7e320|rpc:10.1.0.30:15014|admin:10.1.0.30:15013|client:10.1.0.30:15012|dataStream:10.1.0.30:15015|priority:0|startupRole:FOLLOWER]|listeners:[], old=null
2023-06-17 14:24:47,592 [50e7a123-fb10-4f6b-bd10-2c6e895f4416@group-7AA2029A76D4-LeaderElection7-1] INFO  server.GrpcServerProtocolClient (GrpcServerProtocolClient.java:<init>(65)) - Build channel for 8624e205-2d39-4523-82ac-4c9e49e08d77
2023-06-17 14:24:47,597 [50e7a123-fb10-4f6b-bd10-2c6e895f4416@group-7AA2029A76D4-LeaderElection7] INFO  server.RaftServerConfigKeys (ConfUtils.java:logFallback(53)) - raft.server.rpc.first-election.timeout.min = 5s (fallback to raft.server.rpc.timeout.min)
2023-06-17 14:24:47,599 [50e7a123-fb10-4f6b-bd10-2c6e895f4416@group-7AA2029A76D4-LeaderElection7] INFO  server.RaftServerConfigKeys (ConfUtils.java:logFallback(53)) - raft.server.rpc.first-election.timeout.max = 5200ms (fallback to raft.server.rpc.timeout.max)
2023-06-17 14:24:47,599 [50e7a123-fb10-4f6b-bd10-2c6e895f4416@group-7AA2029A76D4-LeaderElection7-2] INFO  server.GrpcServerProtocolClient (GrpcServerProtocolClient.java:<init>(65)) - Build channel for 9b904d97-ba57-4d1c-b750-04e93ad7e320
2023-06-17 14:24:47,616 [grpc-default-executor-4] INFO  server.RaftServer$Division (RaftServerImpl.java:requestVote(1302)) - 8624e205-2d39-4523-82ac-4c9e49e08d77@group-7AA2029A76D4: receive requestVote(PRE_VOTE, 50e7a123-fb10-4f6b-bd10-2c6e895f4416, group-7AA2029A76D4, 0, (t:0, i:0))
2023-06-17 14:24:47,617 [grpc-default-executor-4] INFO  impl.VoteContext (VoteContext.java:log(49)) - 8624e205-2d39-4523-82ac-4c9e49e08d77@group-7AA2029A76D4-FOLLOWER: accept PRE_VOTE from 50e7a123-fb10-4f6b-bd10-2c6e895f4416: our priority 0 <= candidate's priority 1
2023-06-17 14:24:47,617 [grpc-default-executor-4] INFO  server.RaftServer$Division (RaftServerImpl.java:requestVote(1335)) - 8624e205-2d39-4523-82ac-4c9e49e08d77@group-7AA2029A76D4 replies to PRE_VOTE vote request: 50e7a123-fb10-4f6b-bd10-2c6e895f4416<-8624e205-2d39-4523-82ac-4c9e49e08d77#0:OK-t0. Peer's state: 8624e205-2d39-4523-82ac-4c9e49e08d77@group-7AA2029A76D4:t0, leader=null, voted=, raftlog=Memoized:8624e205-2d39-4523-82ac-4c9e49e08d77@group-7AA2029A76D4-SegmentedRaftLog:OPENED:c-1, conf=-1: peers:[50e7a123-fb10-4f6b-bd10-2c6e895f4416|rpc:10.1.0.30:15032|admin:10.1.0.30:15031|client:10.1.0.30:15030|dataStream:10.1.0.30:15033|priority:1|startupRole:FOLLOWER, 8624e205-2d39-4523-82ac-4c9e49e08d77|rpc:10.1.0.30:15023|admin:10.1.0.30:15022|client:10.1.0.30:15021|dataStream:10.1.0.30:15024|priority:0|startupRole:FOLLOWER, 9b904d97-ba57-4d1c-b750-04e93ad7e320|rpc:10.1.0.30:15014|admin:10.1.0.30:15013|client:10.1.0.30:15012|dataStream:10.1.0.30:15015|priority:0|startupRole:FOLLOWER]|listeners:[], old=null
2023-06-17 14:24:47,635 [50e7a123-fb10-4f6b-bd10-2c6e895f4416@group-7AA2029A76D4-LeaderElection7] INFO  impl.LeaderElection (LeaderElection.java:logAndReturn(90)) - 50e7a123-fb10-4f6b-bd10-2c6e895f4416@group-7AA2029A76D4-LeaderElection7: PRE_VOTE PASSED received 1 response(s) and 0 exception(s):
2023-06-17 14:24:47,635 [50e7a123-fb10-4f6b-bd10-2c6e895f4416@group-7AA2029A76D4-LeaderElection7] INFO  impl.LeaderElection (LeaderElection.java:logAndReturn(94)) -   Response 0: 50e7a123-fb10-4f6b-bd10-2c6e895f4416<-8624e205-2d39-4523-82ac-4c9e49e08d77#0:OK-t0
2023-06-17 14:24:47,635 [50e7a123-fb10-4f6b-bd10-2c6e895f4416@group-7AA2029A76D4-LeaderElection7] INFO  impl.LeaderElection (LeaderElection.java:askForVotes(323)) - 50e7a123-fb10-4f6b-bd10-2c6e895f4416@group-7AA2029A76D4-LeaderElection7 PRE_VOTE round 0: result PASSED
2023-06-17 14:24:47,638 [50e7a123-fb10-4f6b-bd10-2c6e895f4416@group-7AA2029A76D4-LeaderElection7] INFO  impl.LeaderElection (LeaderElection.java:askForVotes(321)) - 50e7a123-fb10-4f6b-bd10-2c6e895f4416@group-7AA2029A76D4-LeaderElection7 ELECTION round 0: submit vote requests at term 1 for -1: peers:[50e7a123-fb10-4f6b-bd10-2c6e895f4416|rpc:10.1.0.30:15032|admin:10.1.0.30:15031|client:10.1.0.30:15030|dataStream:10.1.0.30:15033|priority:1|startupRole:FOLLOWER, 8624e205-2d39-4523-82ac-4c9e49e08d77|rpc:10.1.0.30:15023|admin:10.1.0.30:15022|client:10.1.0.30:15021|dataStream:10.1.0.30:15024|priority:0|startupRole:FOLLOWER, 9b904d97-ba57-4d1c-b750-04e93ad7e320|rpc:10.1.0.30:15014|admin:10.1.0.30:15013|client:10.1.0.30:15012|dataStream:10.1.0.30:15015|priority:0|startupRole:FOLLOWER]|listeners:[], old=null
2023-06-17 14:24:47,643 [50e7a123-fb10-4f6b-bd10-2c6e895f4416@group-7AA2029A76D4-LeaderElection7] INFO  server.RaftServerConfigKeys (ConfUtils.java:logFallback(53)) - raft.server.rpc.first-election.timeout.min = 5s (fallback to raft.server.rpc.timeout.min)
2023-06-17 14:24:47,644 [50e7a123-fb10-4f6b-bd10-2c6e895f4416@group-7AA2029A76D4-LeaderElection7] INFO  server.RaftServerConfigKeys (ConfUtils.java:logFallback(53)) - raft.server.rpc.first-election.timeout.max = 5200ms (fallback to raft.server.rpc.timeout.max)
2023-06-17 14:24:47,651 [grpc-default-executor-1] INFO  server.RaftServer$Division (RaftServerImpl.java:requestVote(1302)) - 9b904d97-ba57-4d1c-b750-04e93ad7e320@group-7AA2029A76D4: receive requestVote(PRE_VOTE, 50e7a123-fb10-4f6b-bd10-2c6e895f4416, group-7AA2029A76D4, 0, (t:0, i:0))
2023-06-17 14:24:47,652 [grpc-default-executor-1] INFO  impl.VoteContext (VoteContext.java:log(49)) - 9b904d97-ba57-4d1c-b750-04e93ad7e320@group-7AA2029A76D4-FOLLOWER: accept PRE_VOTE from 50e7a123-fb10-4f6b-bd10-2c6e895f4416: our priority 0 <= candidate's priority 1
2023-06-17 14:24:47,652 [grpc-default-executor-1] INFO  server.RaftServer$Division (RaftServerImpl.java:requestVote(1335)) - 9b904d97-ba57-4d1c-b750-04e93ad7e320@group-7AA2029A76D4 replies to PRE_VOTE vote request: 50e7a123-fb10-4f6b-bd10-2c6e895f4416<-9b904d97-ba57-4d1c-b750-04e93ad7e320#0:OK-t0. Peer's state: 9b904d97-ba57-4d1c-b750-04e93ad7e320@group-7AA2029A76D4:t0, leader=null, voted=, raftlog=Memoized:9b904d97-ba57-4d1c-b750-04e93ad7e320@group-7AA2029A76D4-SegmentedRaftLog:OPENED:c-1, conf=-1: peers:[50e7a123-fb10-4f6b-bd10-2c6e895f4416|rpc:10.1.0.30:15032|admin:10.1.0.30:15031|client:10.1.0.30:15030|dataStream:10.1.0.30:15033|priority:1|startupRole:FOLLOWER, 8624e205-2d39-4523-82ac-4c9e49e08d77|rpc:10.1.0.30:15023|admin:10.1.0.30:15022|client:10.1.0.30:15021|dataStream:10.1.0.30:15024|priority:0|startupRole:FOLLOWER, 9b904d97-ba57-4d1c-b750-04e93ad7e320|rpc:10.1.0.30:15014|admin:10.1.0.30:15013|client:10.1.0.30:15012|dataStream:10.1.0.30:15015|priority:0|startupRole:FOLLOWER]|listeners:[], old=null
2023-06-17 14:24:47,651 [grpc-default-executor-4] INFO  server.RaftServer$Division (RaftServerImpl.java:requestVote(1302)) - 9b904d97-ba57-4d1c-b750-04e93ad7e320@group-7AA2029A76D4: receive requestVote(ELECTION, 50e7a123-fb10-4f6b-bd10-2c6e895f4416, group-7AA2029A76D4, 1, (t:0, i:0))
2023-06-17 14:24:47,653 [grpc-default-executor-4] INFO  impl.VoteContext (VoteContext.java:log(49)) - 9b904d97-ba57-4d1c-b750-04e93ad7e320@group-7AA2029A76D4-FOLLOWER: accept ELECTION from 50e7a123-fb10-4f6b-bd10-2c6e895f4416: our priority 0 <= candidate's priority 1
2023-06-17 14:24:47,653 [grpc-default-executor-4] INFO  server.RaftServer$Division (RaftServerImpl.java:setRole(329)) - 9b904d97-ba57-4d1c-b750-04e93ad7e320@group-7AA2029A76D4: changes role from  FOLLOWER to FOLLOWER at term 1 for candidate:50e7a123-fb10-4f6b-bd10-2c6e895f4416
2023-06-17 14:24:47,653 [grpc-default-executor-4] INFO  impl.RoleInfo (RoleInfo.java:shutdownFollowerState(110)) - 9b904d97-ba57-4d1c-b750-04e93ad7e320: shutdown 9b904d97-ba57-4d1c-b750-04e93ad7e320@group-7AA2029A76D4-FollowerState
2023-06-17 14:24:47,653 [grpc-default-executor-4] INFO  impl.RoleInfo (RoleInfo.java:updateAndGet(139)) - 9b904d97-ba57-4d1c-b750-04e93ad7e320: start 9b904d97-ba57-4d1c-b750-04e93ad7e320@group-7AA2029A76D4-FollowerState
2023-06-17 14:24:47,653 [9b904d97-ba57-4d1c-b750-04e93ad7e320@group-7AA2029A76D4-FollowerState] INFO  impl.FollowerState (FollowerState.java:run(152)) - 9b904d97-ba57-4d1c-b750-04e93ad7e320@group-7AA2029A76D4-FollowerState was interrupted
2023-06-17 14:24:47,667 [grpc-default-executor-1] INFO  server.RaftServer$Division (RaftServerImpl.java:requestVote(1302)) - 8624e205-2d39-4523-82ac-4c9e49e08d77@group-7AA2029A76D4: receive requestVote(ELECTION, 50e7a123-fb10-4f6b-bd10-2c6e895f4416, group-7AA2029A76D4, 1, (t:0, i:0))
2023-06-17 14:24:47,667 [grpc-default-executor-1] INFO  impl.VoteContext (VoteContext.java:log(49)) - 8624e205-2d39-4523-82ac-4c9e49e08d77@group-7AA2029A76D4-FOLLOWER: accept ELECTION from 50e7a123-fb10-4f6b-bd10-2c6e895f4416: our priority 0 <= candidate's priority 1
2023-06-17 14:24:47,667 [grpc-default-executor-1] INFO  server.RaftServer$Division (RaftServerImpl.java:setRole(329)) - 8624e205-2d39-4523-82ac-4c9e49e08d77@group-7AA2029A76D4: changes role from  FOLLOWER to FOLLOWER at term 1 for candidate:50e7a123-fb10-4f6b-bd10-2c6e895f4416
2023-06-17 14:24:47,667 [grpc-default-executor-1] INFO  impl.RoleInfo (RoleInfo.java:shutdownFollowerState(110)) - 8624e205-2d39-4523-82ac-4c9e49e08d77: shutdown 8624e205-2d39-4523-82ac-4c9e49e08d77@group-7AA2029A76D4-FollowerState
2023-06-17 14:24:47,667 [grpc-default-executor-1] INFO  impl.RoleInfo (RoleInfo.java:updateAndGet(139)) - 8624e205-2d39-4523-82ac-4c9e49e08d77: start 8624e205-2d39-4523-82ac-4c9e49e08d77@group-7AA2029A76D4-FollowerState
2023-06-17 14:24:47,668 [8624e205-2d39-4523-82ac-4c9e49e08d77@group-7AA2029A76D4-FollowerState] INFO  impl.FollowerState (FollowerState.java:run(152)) - 8624e205-2d39-4523-82ac-4c9e49e08d77@group-7AA2029A76D4-FollowerState was interrupted
2023-06-17 14:24:47,669 [grpc-default-executor-1] INFO  server.RaftServer$Division (RaftServerImpl.java:requestVote(1335)) - 8624e205-2d39-4523-82ac-4c9e49e08d77@group-7AA2029A76D4 replies to ELECTION vote request: 50e7a123-fb10-4f6b-bd10-2c6e895f4416<-8624e205-2d39-4523-82ac-4c9e49e08d77#0:OK-t1. Peer's state: 8624e205-2d39-4523-82ac-4c9e49e08d77@group-7AA2029A76D4:t1, leader=null, voted=50e7a123-fb10-4f6b-bd10-2c6e895f4416, raftlog=Memoized:8624e205-2d39-4523-82ac-4c9e49e08d77@group-7AA2029A76D4-SegmentedRaftLog:OPENED:c-1, conf=-1: peers:[50e7a123-fb10-4f6b-bd10-2c6e895f4416|rpc:10.1.0.30:15032|admin:10.1.0.30:15031|client:10.1.0.30:15030|dataStream:10.1.0.30:15033|priority:1|startupRole:FOLLOWER, 8624e205-2d39-4523-82ac-4c9e49e08d77|rpc:10.1.0.30:15023|admin:10.1.0.30:15022|client:10.1.0.30:15021|dataStream:10.1.0.30:15024|priority:0|startupRole:FOLLOWER, 9b904d97-ba57-4d1c-b750-04e93ad7e320|rpc:10.1.0.30:15014|admin:10.1.0.30:15013|client:10.1.0.30:15012|dataStream:10.1.0.30:15015|priority:0|startupRole:FOLLOWER]|listeners:[], old=null
2023-06-17 14:24:47,670 [grpc-default-executor-4] INFO  server.RaftServer$Division (RaftServerImpl.java:requestVote(1335)) - 9b904d97-ba57-4d1c-b750-04e93ad7e320@group-7AA2029A76D4 replies to ELECTION vote request: 50e7a123-fb10-4f6b-bd10-2c6e895f4416<-9b904d97-ba57-4d1c-b750-04e93ad7e320#0:OK-t1. Peer's state: 9b904d97-ba57-4d1c-b750-04e93ad7e320@group-7AA2029A76D4:t1, leader=null, voted=50e7a123-fb10-4f6b-bd10-2c6e895f4416, raftlog=Memoized:9b904d97-ba57-4d1c-b750-04e93ad7e320@group-7AA2029A76D4-SegmentedRaftLog:OPENED:c-1, conf=-1: peers:[50e7a123-fb10-4f6b-bd10-2c6e895f4416|rpc:10.1.0.30:15032|admin:10.1.0.30:15031|client:10.1.0.30:15030|dataStream:10.1.0.30:15033|priority:1|startupRole:FOLLOWER, 8624e205-2d39-4523-82ac-4c9e49e08d77|rpc:10.1.0.30:15023|admin:10.1.0.30:15022|client:10.1.0.30:15021|dataStream:10.1.0.30:15024|priority:0|startupRole:FOLLOWER, 9b904d97-ba57-4d1c-b750-04e93ad7e320|rpc:10.1.0.30:15014|admin:10.1.0.30:15013|client:10.1.0.30:15012|dataStream:10.1.0.30:15015|priority:0|startupRole:FOLLOWER]|listeners:[], old=null
2023-06-17 14:24:47,672 [50e7a123-fb10-4f6b-bd10-2c6e895f4416@group-7AA2029A76D4-LeaderElection7] INFO  impl.LeaderElection (LeaderElection.java:logAndReturn(90)) - 50e7a123-fb10-4f6b-bd10-2c6e895f4416@group-7AA2029A76D4-LeaderElection7: ELECTION PASSED received 1 response(s) and 0 exception(s):
2023-06-17 14:24:47,674 [50e7a123-fb10-4f6b-bd10-2c6e895f4416@group-7AA2029A76D4-LeaderElection7] INFO  impl.LeaderElection (LeaderElection.java:logAndReturn(94)) -   Response 0: 50e7a123-fb10-4f6b-bd10-2c6e895f4416<-9b904d97-ba57-4d1c-b750-04e93ad7e320#0:OK-t1
2023-06-17 14:24:47,675 [50e7a123-fb10-4f6b-bd10-2c6e895f4416@group-7AA2029A76D4-LeaderElection7] INFO  impl.LeaderElection (LeaderElection.java:askForVotes(323)) - 50e7a123-fb10-4f6b-bd10-2c6e895f4416@group-7AA2029A76D4-LeaderElection7 ELECTION round 0: result PASSED
2023-06-17 14:24:47,675 [50e7a123-fb10-4f6b-bd10-2c6e895f4416@group-7AA2029A76D4-LeaderElection7] INFO  impl.RoleInfo (RoleInfo.java:shutdownLeaderElection(130)) - 50e7a123-fb10-4f6b-bd10-2c6e895f4416: shutdown 50e7a123-fb10-4f6b-bd10-2c6e895f4416@group-7AA2029A76D4-LeaderElection7
2023-06-17 14:24:47,675 [50e7a123-fb10-4f6b-bd10-2c6e895f4416@group-7AA2029A76D4-LeaderElection7] INFO  server.RaftServer$Division (RaftServerImpl.java:setRole(329)) - 50e7a123-fb10-4f6b-bd10-2c6e895f4416@group-7AA2029A76D4: changes role from CANDIDATE to LEADER at term 1 for changeToLeader
2023-06-17 14:24:47,675 [50e7a123-fb10-4f6b-bd10-2c6e895f4416@group-7AA2029A76D4-LeaderElection7] INFO  ratis.XceiverServerRatis (XceiverServerRatis.java:handleLeaderChangedNotification(902)) - Leader change notification received for group: group-7AA2029A76D4 with new leaderId: 50e7a123-fb10-4f6b-bd10-2c6e895f4416
2023-06-17 14:24:47,675 [50e7a123-fb10-4f6b-bd10-2c6e895f4416@group-7AA2029A76D4-LeaderElection7] INFO  server.RaftServer$Division (ServerState.java:setLeader(317)) - 50e7a123-fb10-4f6b-bd10-2c6e895f4416@group-7AA2029A76D4: change Leader from null to 50e7a123-fb10-4f6b-bd10-2c6e895f4416 at term 1 for becomeLeader, leader elected after 5218ms
2023-06-17 14:24:47,676 [50e7a123-fb10-4f6b-bd10-2c6e895f4416@group-7AA2029A76D4-LeaderElection7] INFO  server.RaftServerConfigKeys (ConfUtils.java:logGet(46)) - raft.server.staging.catchup.gap = 1000 (default)
2023-06-17 14:24:47,676 [50e7a123-fb10-4f6b-bd10-2c6e895f4416@group-7AA2029A76D4-LeaderElection7] INFO  server.RaftServerConfigKeys (ConfUtils.java:logGet(46)) - raft.server.write.element-limit = 1024 (custom)
2023-06-17 14:24:47,676 [50e7a123-fb10-4f6b-bd10-2c6e895f4416@group-7AA2029A76D4-LeaderElection7] INFO  server.RaftServerConfigKeys (ConfUtils.java:logGet(46)) - raft.server.write.byte-limit = 1024 M (=1073741824) (custom)
2023-06-17 14:24:47,676 [50e7a123-fb10-4f6b-bd10-2c6e895f4416@group-7AA2029A76D4-LeaderElection7] INFO  server.RaftServerConfigKeys (ConfUtils.java:logGet(46)) - raft.server.watch.timeout = 180s (custom)
2023-06-17 14:24:47,676 [50e7a123-fb10-4f6b-bd10-2c6e895f4416@group-7AA2029A76D4-LeaderElection7] INFO  server.RaftServerConfigKeys (ConfUtils.java:logGet(46)) - raft.server.watch.timeout.denomination = 1s (default)
2023-06-17 14:24:47,676 [50e7a123-fb10-4f6b-bd10-2c6e895f4416@group-7AA2029A76D4-LeaderElection7] INFO  server.RaftServerConfigKeys (ConfUtils.java:logGet(46)) - raft.server.watch.element-limit = 65536 (default)
2023-06-17 14:24:47,676 [50e7a123-fb10-4f6b-bd10-2c6e895f4416@group-7AA2029A76D4-LeaderElection7] INFO  server.RaftServerConfigKeys (ConfUtils.java:logGet(46)) - raft.server.write.element-limit = 1024 (custom)
2023-06-17 14:24:47,676 [50e7a123-fb10-4f6b-bd10-2c6e895f4416@group-7AA2029A76D4-LeaderElection7] INFO  server.RaftServerConfigKeys (ConfUtils.java:logGet(46)) - raft.server.write.follower.gap.ratio.max = -1.0 (default)
2023-06-17 14:24:47,677 [50e7a123-fb10-4f6b-bd10-2c6e895f4416@group-7AA2029A76D4-LeaderElection7] INFO  server.RaftServerConfigKeys (ConfUtils.java:logGet(46)) - raft.server.log.appender.snapshot.chunk.size.max = 16MB (=16777216) (default)
2023-06-17 14:24:47,677 [50e7a123-fb10-4f6b-bd10-2c6e895f4416@group-7AA2029A76D4-LeaderElection7] INFO  server.RaftServerConfigKeys (ConfUtils.java:logGet(46)) - raft.server.log.appender.buffer.byte-limit = 33554432 (custom)
2023-06-17 14:24:47,677 [50e7a123-fb10-4f6b-bd10-2c6e895f4416@group-7AA2029A76D4-LeaderElection7] INFO  server.RaftServerConfigKeys (ConfUtils.java:logGet(46)) - raft.server.log.appender.buffer.element-limit = 1 (custom)
2023-06-17 14:24:47,677 [50e7a123-fb10-4f6b-bd10-2c6e895f4416@group-7AA2029A76D4-LeaderElection7] INFO  server.RaftServerConfigKeys (ConfUtils.java:logGet(46)) - raft.server.log.appender.wait-time.min = 10ms (default)
2023-06-17 14:24:47,677 [50e7a123-fb10-4f6b-bd10-2c6e895f4416@group-7AA2029A76D4-LeaderElection7] INFO  grpc.GrpcConfigKeys (ConfUtils.java:logGet(46)) - raft.grpc.server.leader.outstanding.appends.max = 128 (default)
2023-06-17 14:24:47,678 [50e7a123-fb10-4f6b-bd10-2c6e895f4416@group-7AA2029A76D4-LeaderElection7] INFO  server.RaftServerConfigKeys (ConfUtils.java:logGet(46)) - raft.server.rpc.request.timeout = 60s (custom)
2023-06-17 14:24:47,678 [50e7a123-fb10-4f6b-bd10-2c6e895f4416@group-7AA2029A76D4-LeaderElection7] INFO  grpc.GrpcConfigKeys (ConfUtils.java:logGet(46)) - raft.grpc.server.install_snapshot.request.element-limit = 8 (default)
2023-06-17 14:24:47,678 [50e7a123-fb10-4f6b-bd10-2c6e895f4416@group-7AA2029A76D4-LeaderElection7] INFO  grpc.GrpcConfigKeys (ConfUtils.java:logGet(46)) - raft.grpc.server.install_snapshot.request.timeout = 3000ms (default)
2023-06-17 14:24:47,678 [50e7a123-fb10-4f6b-bd10-2c6e895f4416@group-7AA2029A76D4-LeaderElection7] INFO  server.RaftServerConfigKeys (ConfUtils.java:logGet(46)) - raft.server.log.appender.install.snapshot.enabled = false (custom)
2023-06-17 14:24:47,678 [50e7a123-fb10-4f6b-bd10-2c6e895f4416@group-7AA2029A76D4-LeaderElection7] INFO  grpc.GrpcConfigKeys (ConfUtils.java:logGet(46)) - raft.grpc.server.heartbeat.channel = true (default)
2023-06-17 14:24:47,679 [50e7a123-fb10-4f6b-bd10-2c6e895f4416@group-7AA2029A76D4-LeaderElection7] INFO  server.RaftServerConfigKeys (ConfUtils.java:logGet(46)) - raft.server.log.appender.snapshot.chunk.size.max = 16MB (=16777216) (default)
2023-06-17 14:24:47,679 [50e7a123-fb10-4f6b-bd10-2c6e895f4416@group-7AA2029A76D4-LeaderElection7] INFO  server.RaftServerConfigKeys (ConfUtils.java:logGet(46)) - raft.server.log.appender.buffer.byte-limit = 33554432 (custom)
2023-06-17 14:24:47,679 [50e7a123-fb10-4f6b-bd10-2c6e895f4416@group-7AA2029A76D4-LeaderElection7] INFO  server.RaftServerConfigKeys (ConfUtils.java:logGet(46)) - raft.server.log.appender.buffer.element-limit = 1 (custom)
2023-06-17 14:24:47,679 [50e7a123-fb10-4f6b-bd10-2c6e895f4416@group-7AA2029A76D4-LeaderElection7] INFO  server.RaftServerConfigKeys (ConfUtils.java:logGet(46)) - raft.server.log.appender.wait-time.min = 10ms (default)
2023-06-17 14:24:47,679 [50e7a123-fb10-4f6b-bd10-2c6e895f4416@group-7AA2029A76D4-LeaderElection7] INFO  grpc.GrpcConfigKeys (ConfUtils.java:logGet(46)) - raft.grpc.server.leader.outstanding.appends.max = 128 (default)
2023-06-17 14:24:47,679 [50e7a123-fb10-4f6b-bd10-2c6e895f4416@group-7AA2029A76D4-LeaderElection7] INFO  server.RaftServerConfigKeys (ConfUtils.java:logGet(46)) - raft.server.rpc.request.timeout = 60s (custom)
2023-06-17 14:24:47,679 [50e7a123-fb10-4f6b-bd10-2c6e895f4416@group-7AA2029A76D4-LeaderElection7] INFO  grpc.GrpcConfigKeys (ConfUtils.java:logGet(46)) - raft.grpc.server.install_snapshot.request.element-limit = 8 (default)
2023-06-17 14:24:47,679 [50e7a123-fb10-4f6b-bd10-2c6e895f4416@group-7AA2029A76D4-LeaderElection7] INFO  grpc.GrpcConfigKeys (ConfUtils.java:logGet(46)) - raft.grpc.server.install_snapshot.request.timeout = 3000ms (default)
2023-06-17 14:24:47,679 [50e7a123-fb10-4f6b-bd10-2c6e895f4416@group-7AA2029A76D4-LeaderElection7] INFO  server.RaftServerConfigKeys (ConfUtils.java:logGet(46)) - raft.server.log.appender.install.snapshot.enabled = false (custom)
2023-06-17 14:24:47,680 [50e7a123-fb10-4f6b-bd10-2c6e895f4416@group-7AA2029A76D4-LeaderElection7] INFO  grpc.GrpcConfigKeys (ConfUtils.java:logGet(46)) - raft.grpc.server.heartbeat.channel = true (default)
2023-06-17 14:24:47,686 [50e7a123-fb10-4f6b-bd10-2c6e895f4416@group-7AA2029A76D4-LeaderElection7] INFO  impl.RoleInfo (RoleInfo.java:updateAndGet(139)) - 50e7a123-fb10-4f6b-bd10-2c6e895f4416: start 50e7a123-fb10-4f6b-bd10-2c6e895f4416@group-7AA2029A76D4-LeaderStateImpl
2023-06-17 14:24:47,686 [50e7a123-fb10-4f6b-bd10-2c6e895f4416@group-7AA2029A76D4-LeaderElection7] INFO  segmented.SegmentedRaftLogWorker (SegmentedRaftLogWorker.java:startLogSegment(447)) - 50e7a123-fb10-4f6b-bd10-2c6e895f4416@group-7AA2029A76D4-SegmentedRaftLogWorker: Starting segment from index:0
2023-06-17 14:24:47,687 [50e7a123-fb10-4f6b-bd10-2c6e895f4416@group-7AA2029A76D4-SegmentedRaftLogWorker] INFO  segmented.SegmentedRaftLogWorker (SegmentedRaftLogWorker.java:execute(651)) - 50e7a123-fb10-4f6b-bd10-2c6e895f4416@group-7AA2029A76D4-SegmentedRaftLogWorker: created new log segment /home/runner/work/ozone/ozone/hadoop-ozone/integration-test/target/test-dir/MiniOzoneClusterImpl-68882fc2-21fb-4ea4-940d-4f92d2da87ec/datanode-2/data/ratis/8722a696-13c5-4ce8-9392-7aa2029a76d4/current/log_inprogress_0
2023-06-17 14:24:47,706 [50e7a123-fb10-4f6b-bd10-2c6e895f4416@group-7AA2029A76D4-LeaderElection7] INFO  server.RaftServer$Division (ServerState.java:setRaftConf(434)) - 50e7a123-fb10-4f6b-bd10-2c6e895f4416@group-7AA2029A76D4: set configuration 0: peers:[50e7a123-fb10-4f6b-bd10-2c6e895f4416|rpc:10.1.0.30:15032|admin:10.1.0.30:15031|client:10.1.0.30:15030|dataStream:10.1.0.30:15033|priority:1|startupRole:FOLLOWER, 8624e205-2d39-4523-82ac-4c9e49e08d77|rpc:10.1.0.30:15023|admin:10.1.0.30:15022|client:10.1.0.30:15021|dataStream:10.1.0.30:15024|priority:0|startupRole:FOLLOWER, 9b904d97-ba57-4d1c-b750-04e93ad7e320|rpc:10.1.0.30:15014|admin:10.1.0.30:15013|client:10.1.0.30:15012|dataStream:10.1.0.30:15015|priority:0|startupRole:FOLLOWER]|listeners:[], old=null
2023-06-17 14:24:47,710 [EventQueue-PipelineReportForPipelineReportHandler] INFO  pipeline.PipelineManagerImpl (PipelineManagerImpl.java:openPipeline(367)) - Pipeline Pipeline[ Id: 8722a696-13c5-4ce8-9392-7aa2029a76d4, Nodes: 8624e205-2d39-4523-82ac-4c9e49e08d77(fv-az1035-386.p4kjid14prhuxkk4m0x4prg4bg.cx.internal.cloudapp.net/10.1.0.30)9b904d97-ba57-4d1c-b750-04e93ad7e320(fv-az1035-386.p4kjid14prhuxkk4m0x4prg4bg.cx.internal.cloudapp.net/10.1.0.30)50e7a123-fb10-4f6b-bd10-2c6e895f4416(fv-az1035-386.p4kjid14prhuxkk4m0x4prg4bg.cx.internal.cloudapp.net/10.1.0.30), ReplicationConfig: RATIS/THREE, State:ALLOCATED, leaderId:50e7a123-fb10-4f6b-bd10-2c6e895f4416, CreationTimestamp2023-06-17T14:24:39.107Z[Etc/UTC]] moved to OPEN state
2023-06-17 14:24:47,732 [8624e205-2d39-4523-82ac-4c9e49e08d77-server-thread2] INFO  ratis.XceiverServerRatis (XceiverServerRatis.java:handleLeaderChangedNotification(902)) - Leader change notification received for group: group-7AA2029A76D4 with new leaderId: 50e7a123-fb10-4f6b-bd10-2c6e895f4416
2023-06-17 14:24:47,732 [8624e205-2d39-4523-82ac-4c9e49e08d77-server-thread2] INFO  server.RaftServer$Division (ServerState.java:setLeader(317)) - 8624e205-2d39-4523-82ac-4c9e49e08d77@group-7AA2029A76D4: change Leader from null to 50e7a123-fb10-4f6b-bd10-2c6e895f4416 at term 1 for appendEntries, leader elected after 5440ms
2023-06-17 14:24:47,739 [8624e205-2d39-4523-82ac-4c9e49e08d77-server-thread1] INFO  server.RaftServer$Division (ServerState.java:setRaftConf(434)) - 8624e205-2d39-4523-82ac-4c9e49e08d77@group-7AA2029A76D4: set configuration 0: peers:[50e7a123-fb10-4f6b-bd10-2c6e895f4416|rpc:10.1.0.30:15032|admin:10.1.0.30:15031|client:10.1.0.30:15030|dataStream:10.1.0.30:15033|priority:1|startupRole:FOLLOWER, 8624e205-2d39-4523-82ac-4c9e49e08d77|rpc:10.1.0.30:15023|admin:10.1.0.30:15022|client:10.1.0.30:15021|dataStream:10.1.0.30:15024|priority:0|startupRole:FOLLOWER, 9b904d97-ba57-4d1c-b750-04e93ad7e320|rpc:10.1.0.30:15014|admin:10.1.0.30:15013|client:10.1.0.30:15012|dataStream:10.1.0.30:15015|priority:0|startupRole:FOLLOWER]|listeners:[], old=null
2023-06-17 14:24:47,740 [8624e205-2d39-4523-82ac-4c9e49e08d77-server-thread1] INFO  segmented.SegmentedRaftLogWorker (SegmentedRaftLogWorker.java:startLogSegment(447)) - 8624e205-2d39-4523-82ac-4c9e49e08d77@group-7AA2029A76D4-SegmentedRaftLogWorker: Starting segment from index:0
2023-06-17 14:24:47,748 [9b904d97-ba57-4d1c-b750-04e93ad7e320-server-thread1] INFO  ratis.XceiverServerRatis (XceiverServerRatis.java:handleLeaderChangedNotification(902)) - Leader change notification received for group: group-7AA2029A76D4 with new leaderId: 50e7a123-fb10-4f6b-bd10-2c6e895f4416
2023-06-17 14:24:47,748 [9b904d97-ba57-4d1c-b750-04e93ad7e320-server-thread1] INFO  server.RaftServer$Division (ServerState.java:setLeader(317)) - 9b904d97-ba57-4d1c-b750-04e93ad7e320@group-7AA2029A76D4: change Leader from null to 50e7a123-fb10-4f6b-bd10-2c6e895f4416 at term 1 for appendEntries, leader elected after 5458ms
2023-06-17 14:24:47,749 [8624e205-2d39-4523-82ac-4c9e49e08d77@group-7AA2029A76D4-SegmentedRaftLogWorker] INFO  segmented.SegmentedRaftLogWorker (SegmentedRaftLogWorker.java:execute(651)) - 8624e205-2d39-4523-82ac-4c9e49e08d77@group-7AA2029A76D4-SegmentedRaftLogWorker: created new log segment /home/runner/work/ozone/ozone/hadoop-ozone/integration-test/target/test-dir/MiniOzoneClusterImpl-68882fc2-21fb-4ea4-940d-4f92d2da87ec/datanode-1/data/ratis/8722a696-13c5-4ce8-9392-7aa2029a76d4/current/log_inprogress_0
2023-06-17 14:24:47,762 [main] INFO  rpc.RpcClient (RpcClient.java:createVolume(458)) - Creating Volume: vol1, with user31750 as owner and space quota set to -1 bytes, counts quota set to -1
2023-06-17 14:24:47,764 [9b904d97-ba57-4d1c-b750-04e93ad7e320-server-thread3] INFO  server.RaftServer$Division (ServerState.java:setRaftConf(434)) - 9b904d97-ba57-4d1c-b750-04e93ad7e320@group-7AA2029A76D4: set configuration 0: peers:[50e7a123-fb10-4f6b-bd10-2c6e895f4416|rpc:10.1.0.30:15032|admin:10.1.0.30:15031|client:10.1.0.30:15030|dataStream:10.1.0.30:15033|priority:1|startupRole:FOLLOWER, 8624e205-2d39-4523-82ac-4c9e49e08d77|rpc:10.1.0.30:15023|admin:10.1.0.30:15022|client:10.1.0.30:15021|dataStream:10.1.0.30:15024|priority:0|startupRole:FOLLOWER, 9b904d97-ba57-4d1c-b750-04e93ad7e320|rpc:10.1.0.30:15014|admin:10.1.0.30:15013|client:10.1.0.30:15012|dataStream:10.1.0.30:15015|priority:0|startupRole:FOLLOWER]|listeners:[], old=null
2023-06-17 14:24:47,765 [9b904d97-ba57-4d1c-b750-04e93ad7e320-server-thread3] INFO  segmented.SegmentedRaftLogWorker (SegmentedRaftLogWorker.java:startLogSegment(447)) - 9b904d97-ba57-4d1c-b750-04e93ad7e320@group-7AA2029A76D4-SegmentedRaftLogWorker: Starting segment from index:0
2023-06-17 14:24:47,770 [9b904d97-ba57-4d1c-b750-04e93ad7e320@group-7AA2029A76D4-SegmentedRaftLogWorker] INFO  segmented.SegmentedRaftLogWorker (SegmentedRaftLogWorker.java:execute(651)) - 9b904d97-ba57-4d1c-b750-04e93ad7e320@group-7AA2029A76D4-SegmentedRaftLogWorker: created new log segment /home/runner/work/ozone/ozone/hadoop-ozone/integration-test/target/test-dir/MiniOzoneClusterImpl-68882fc2-21fb-4ea4-940d-4f92d2da87ec/datanode-0/data/ratis/8722a696-13c5-4ce8-9392-7aa2029a76d4/current/log_inprogress_0
2023-06-17 14:24:47,846 [OM StateMachine ApplyTransaction Thread - 0] INFO  volume.OMVolumeCreateRequest (OMVolumeCreateRequest.java:validateAndUpdateCache(196)) - created volume:vol1 for user:user31750
2023-06-17 14:24:47,875 [main] INFO  rpc.RpcClient (RpcClient.java:createBucket(685)) - Creating Bucket: vol1/bucket1, with bucket layout LEGACY, runner as owner, Versioning false, Storage Type set to DISK and Encryption set to false, Replication Type set to server-side default replication type, Namespace Quota set to -1, Space Quota set to -1 
2023-06-17 14:24:47,897 [OM StateMachine ApplyTransaction Thread - 0] INFO  bucket.OMBucketCreateRequest (OMBucketCreateRequest.java:validateAndUpdateCache(270)) - created bucket: bucket1 of layout LEGACY in volume: vol1
2023-06-17 14:24:47,915 [main] INFO  rpc.RpcClient (RpcClient.java:createBucket(685)) - Creating Bucket: vol1/bucket2, with bucket layout FILE_SYSTEM_OPTIMIZED, runner as owner, Versioning false, Storage Type set to DISK and Encryption set to false, Replication Type set to server-side default replication type, Namespace Quota set to -1, Space Quota set to -1 
2023-06-17 14:24:47,919 [OM StateMachine ApplyTransaction Thread - 0] INFO  bucket.OMBucketCreateRequest (OMBucketCreateRequest.java:validateAndUpdateCache(270)) - created bucket: bucket2 of layout FILE_SYSTEM_OPTIMIZED in volume: vol1
2023-06-17 14:24:47,986 [IPC Server handler 3 on default port 15001] INFO  ha.SequenceIdGenerator (SequenceIdGenerator.java:getNextId(128)) - Allocate a batch for containerId, change lastId from 0 to 1000.
2023-06-17 14:24:47,998 [IPC Server handler 3 on default port 15001] WARN  ha.SequenceIdGenerator (SequenceIdGenerator.java:allocateBatch(237)) - Failed to allocate a batch for localId, expected lastId is 0, actual lastId is 111677748019200000.
2023-06-17 14:24:47,999 [IPC Server handler 3 on default port 15001] INFO  ha.SequenceIdGenerator (SequenceIdGenerator.java:getNextId(128)) - Allocate a batch for localId, change lastId from 111677748019200000 to 111677748019201000.
2023-06-17 14:24:48,421 [JvmPauseMonitor1] WARN  util.JvmPauseMonitor (JvmPauseMonitor.java:detectPause(124)) - JvmPauseMonitor-om1: Detected pause in JVM or host machine approximately 0.218s with 0.404s GC time.
GC pool 'PS MarkSweep' had collection(s): count=1 time=265ms
GC pool 'PS Scavenge' had collection(s): count=1 time=139ms
2023-06-17 14:24:48,424 [JvmPauseMonitor2] WARN  util.JvmPauseMonitor (JvmPauseMonitor.java:detectPause(124)) - JvmPauseMonitor-9b904d97-ba57-4d1c-b750-04e93ad7e320: Detected pause in JVM or host machine approximately 0.359s with 0.404s GC time.
GC pool 'PS MarkSweep' had collection(s): count=1 time=265ms
GC pool 'PS Scavenge' had collection(s): count=1 time=139ms
2023-06-17 14:24:48,422 [JvmPauseMonitor4] WARN  util.JvmPauseMonitor (JvmPauseMonitor.java:detectPause(124)) - JvmPauseMonitor-50e7a123-fb10-4f6b-bd10-2c6e895f4416: Detected pause in JVM or host machine approximately 0.278s with 0.404s GC time.
GC pool 'PS MarkSweep' had collection(s): count=1 time=265ms
GC pool 'PS Scavenge' had collection(s): count=1 time=139ms
2023-06-17 14:24:48,424 [JvmPauseMonitor3] WARN  util.JvmPauseMonitor (JvmPauseMonitor.java:detectPause(124)) - JvmPauseMonitor-8624e205-2d39-4523-82ac-4c9e49e08d77: Detected pause in JVM or host machine approximately 0.111s with 0.404s GC time.
GC pool 'PS MarkSweep' had collection(s): count=1 time=265ms
GC pool 'PS Scavenge' had collection(s): count=1 time=139ms
2023-06-17 14:24:48,422 [JvmPauseMonitor0] WARN  util.JvmPauseMonitor (JvmPauseMonitor.java:detectPause(124)) - JvmPauseMonitor-0aa584ac-4d5b-4696-bff0-297d3fe874ad: Detected pause in JVM or host machine approximately 0.231s with 0.404s GC time.
GC pool 'PS MarkSweep' had collection(s): count=1 time=265ms
GC pool 'PS Scavenge' had collection(s): count=1 time=139ms
2023-06-17 14:24:48,514 [main] INFO  impl.MetricsSystemImpl (MetricsSystemImpl.java:init(158)) - XceiverClientMetrics metrics system started (again)
2023-06-17 14:24:48,515 [main] INFO  lib.Interns (Interns.java:removeEldestEntry(50)) - Metrics intern cache overflow at 2011 for MetricsSystem={MetricsSystem=MetricsInfoImpl{name=MetricsSystem, description=MetricsSystem}, MetricsSystem record=MetricsInfoImpl{name=MetricsSystem, description=MetricsSystem record}}
2023-06-17 14:25:12,997 [main] INFO  ozone.TestSnapshotDeletingService (TestSnapshotDeletingService.java:assertTableRowCount(558)) - directoryTable actual row count=12, expectedCount=12
2023-06-17 14:25:12,997 [main] INFO  ozone.TestSnapshotDeletingService (TestSnapshotDeletingService.java:assertTableRowCount(558)) - fileTable actual row count=24, expectedCount=24
2023-06-17 14:25:12,998 [main] INFO  ozone.TestSnapshotDeletingService (TestSnapshotDeletingService.java:assertTableRowCount(558)) - deletedDirectoryTable actual row count=0, expectedCount=0
2023-06-17 14:25:13,023 [OM StateMachine ApplyTransaction Thread - 0] INFO  snapshot.OMSnapshotCreateRequest (OMSnapshotCreateRequest.java:validateAndUpdateCache(193)) - Created snapshot: 'snap1' with snapshotId: '17398c75-3dfd-4a30-ae60-62e844da0f90' under path 'vol1/bucket2'
2023-06-17 14:25:13,030 [main] INFO  ozone.TestSnapshotDeletingService (TestSnapshotDeletingService.java:assertTableRowCount(558)) - snapshotInfoTable actual row count=0, expectedCount=1
2023-06-17 14:25:13,052 [OMDoubleBufferFlushThread] INFO  db.RDBCheckpointManager (RDBCheckpointManager.java:createCheckpoint(89)) - Created checkpoint in rocksDB at /home/runner/work/ozone/ozone/hadoop-ozone/integration-test/target/test-dir/MiniOzoneClusterImpl-68882fc2-21fb-4ea4-940d-4f92d2da87ec/ozone-meta/db.snapshots/checkpointState/om.db-17398c75-3dfd-4a30-ae60-62e844da0f90 in 28 milliseconds
2023-06-17 14:25:13,071 [OMDoubleBufferFlushThread] INFO  db.RDBCheckpointUtils (RDBCheckpointUtils.java:waitForCheckpointDirectoryExist(59)) - Waited for 17 milliseconds for checkpoint directory /home/runner/work/ozone/ozone/hadoop-ozone/integration-test/target/test-dir/MiniOzoneClusterImpl-68882fc2-21fb-4ea4-940d-4f92d2da87ec/ozone-meta/db.snapshots/checkpointState/om.db-17398c75-3dfd-4a30-ae60-62e844da0f90 availability.
2023-06-17 14:25:13,073 [OMDoubleBufferFlushThread] INFO  om.OmSnapshotManager (OmSnapshotManager.java:createOmSnapshotCheckpoint(409)) - Created checkpoint : /home/runner/work/ozone/ozone/hadoop-ozone/integration-test/target/test-dir/MiniOzoneClusterImpl-68882fc2-21fb-4ea4-940d-4f92d2da87ec/ozone-meta/db.snapshots/checkpointState/om.db-17398c75-3dfd-4a30-ae60-62e844da0f90 for snapshot snap1
2023-06-17 14:25:14,031 [main] INFO  ozone.TestSnapshotDeletingService (TestSnapshotDeletingService.java:assertTableRowCount(558)) - snapshotInfoTable actual row count=1, expectedCount=1
2023-06-17 14:25:15,438 [KeyDeletingService#0] WARN  server.ServerUtils (ServerUtils.java:getDBPath(311)) - ozone.om.db.dirs is not configured. We recommend adding this setting. Falling back to ozone.metadata.dirs instead.
2023-06-17 14:25:15,439 [KeyDeletingService#0] INFO  helpers.OmKeyInfo (OmKeyInfo.java:getCodec(71)) - OmKeyInfo.getCodec ignorePipeline = true
2023-06-17 14:25:15,532 [KeyDeletingService#0] INFO  audit.AuditLogger (AuditLogger.java:refreshDebugCmdSet(126)) - Refresh DebugCmdSet for OMAudit to [].
2023-06-17 14:25:16,824 [main] INFO  ozone.TestSnapshotDeletingService (TestSnapshotDeletingService.java:assertTableRowCount(558)) - fileTable actual row count=24, expectedCount=24
2023-06-17 14:25:16,907 [main] INFO  ozone.TestSnapshotDeletingService (TestSnapshotDeletingService.java:assertTableRowCount(558)) - snapshotRenamedTable actual row count=4, expectedCount=4
2023-06-17 14:25:16,933 [main] INFO  ozone.TestSnapshotDeletingService (TestSnapshotDeletingService.java:assertTableRowCount(558)) - deletedTable actual row count=11, expectedCount=11
2023-06-17 14:25:16,933 [main] INFO  ozone.TestSnapshotDeletingService (TestSnapshotDeletingService.java:assertTableRowCount(558)) - deletedDirectoryTable actual row count=3, expectedCount=3
2023-06-17 14:25:16,933 [main] INFO  ozone.TestSnapshotDeletingService (TestSnapshotDeletingService.java:assertTableRowCount(558)) - directoryTable actual row count=9, expectedCount=9
2023-06-17 14:25:16,933 [main] INFO  ozone.TestSnapshotDeletingService (TestSnapshotDeletingService.java:assertTableRowCount(558)) - snapshotRenamedTable actual row count=4, expectedCount=4
2023-06-17 14:25:16,942 [KeyDeletingService#0] WARN  server.ServerUtils (ServerUtils.java:getDBPath(311)) - ozone.om.db.dirs is not configured. We recommend adding this setting. Falling back to ozone.metadata.dirs instead.
2023-06-17 14:25:16,944 [OM StateMachine ApplyTransaction Thread - 0] INFO  snapshot.OMSnapshotCreateRequest (OMSnapshotCreateRequest.java:validateAndUpdateCache(193)) - Created snapshot: 'snap2' with snapshotId: '92765430-f426-4c44-a483-4e56adff74a6' under path 'vol1/bucket2'
2023-06-17 14:25:16,945 [main] INFO  ozone.TestSnapshotDeletingService (TestSnapshotDeletingService.java:assertTableRowCount(558)) - snapshotInfoTable actual row count=1, expectedCount=2
2023-06-17 14:25:17,945 [main] INFO  ozone.TestSnapshotDeletingService (TestSnapshotDeletingService.java:assertTableRowCount(558)) - snapshotInfoTable actual row count=1, expectedCount=2
2023-06-17 14:25:18,946 [main] INFO  ozone.TestSnapshotDeletingService (TestSnapshotDeletingService.java:assertTableRowCount(558)) - snapshotInfoTable actual row count=1, expectedCount=2
2023-06-17 14:25:19,947 [main] INFO  ozone.TestSnapshotDeletingService (TestSnapshotDeletingService.java:assertTableRowCount(558)) - snapshotInfoTable actual row count=1, expectedCount=2
2023-06-17 14:25:20,948 [main] INFO  ozone.TestSnapshotDeletingService (TestSnapshotDeletingService.java:assertTableRowCount(558)) - snapshotInfoTable actual row count=1, expectedCount=2
2023-06-17 14:25:21,948 [main] INFO  ozone.TestSnapshotDeletingService (TestSnapshotDeletingService.java:assertTableRowCount(558)) - snapshotInfoTable actual row count=1, expectedCount=2
2023-06-17 14:25:21,964 [KeyDeletingService#0] INFO  db.RDBCheckpointUtils (RDBCheckpointUtils.java:waitForCheckpointDirectoryExist(65)) - Checkpoint directory: /home/runner/work/ozone/ozone/hadoop-ozone/integration-test/target/test-dir/MiniOzoneClusterImpl-68882fc2-21fb-4ea4-940d-4f92d2da87ec/ozone-meta/db.snapshots/checkpointState/om.db-92765430-f426-4c44-a483-4e56adff74a6 didn't get created in 5 secs.
2023-06-17 14:25:21,968 [KeyDeletingService#0] ERROR om.OmSnapshotManager (OmSnapshotManager.java:load(322)) - Failed to retrieve snapshot: /vol1/bucket2/snap2
2023-06-17 14:25:21,970 [KeyDeletingService#0] ERROR service.KeyDeletingService (KeyDeletingService.java:call(149)) - Error while running delete keys background task. Will retry at next run.
java.io.IOException: FILE_NOT_FOUND org.apache.hadoop.ozone.om.exceptions.OMException: Unable to load snapshot. Snapshot checkpoint directory '/home/runner/work/ozone/ozone/hadoop-ozone/integration-test/target/test-dir/MiniOzoneClusterImpl-68882fc2-21fb-4ea4-940d-4f92d2da87ec/ozone-meta/db.snapshots/checkpointState/om.db-92765430-f426-4c44-a483-4e56adff74a6' does not exists.
	at org.apache.hadoop.ozone.om.OmSnapshotManager.checkForSnapshot(OmSnapshotManager.java:627)
	at org.apache.hadoop.ozone.om.OmMetadataManagerImpl.getLatestActiveSnapshot(OmMetadataManagerImpl.java:1667)
	at org.apache.hadoop.ozone.om.OmMetadataManagerImpl.getPendingDeletionKeys(OmMetadataManagerImpl.java:1523)
	at org.apache.hadoop.ozone.om.KeyManagerImpl.getPendingDeletionKeys(KeyManagerImpl.java:607)
	at org.apache.hadoop.ozone.om.service.KeyDeletingService$KeyDeletingTask.call(KeyDeletingService.java:139)
	at org.apache.hadoop.hdds.utils.BackgroundService$PeriodicalTask.lambda$run$0(BackgroundService.java:121)
	at java.util.concurrent.CompletableFuture$AsyncRun.run(CompletableFuture.java:1640)
	at java.util.concurrent.Executors$RunnableAdapter.call(Executors.java:511)
	at java.util.concurrent.FutureTask.run(FutureTask.java:266)
	at java.util.concurrent.ScheduledThreadPoolExecutor$ScheduledFutureTask.access$201(ScheduledThreadPoolExecutor.java:180)
	at java.util.concurrent.ScheduledThreadPoolExecutor$ScheduledFutureTask.run(ScheduledThreadPoolExecutor.java:293)
	at java.util.concurrent.ThreadPoolExecutor.runWorker(ThreadPoolExecutor.java:1149)
	at java.util.concurrent.ThreadPoolExecutor$Worker.run(ThreadPoolExecutor.java:624)
	at java.lang.Thread.run(Thread.java:750)
Caused by: FILE_NOT_FOUND org.apache.hadoop.ozone.om.exceptions.OMException: Unable to load snapshot. Snapshot checkpoint directory '/home/runner/work/ozone/ozone/hadoop-ozone/integration-test/target/test-dir/MiniOzoneClusterImpl-68882fc2-21fb-4ea4-940d-4f92d2da87ec/ozone-meta/db.snapshots/checkpointState/om.db-92765430-f426-4c44-a483-4e56adff74a6' does not exists.
	at org.apache.hadoop.ozone.om.snapshot.SnapshotUtils.checkSnapshotDirExist(SnapshotUtils.java:97)
	at org.apache.hadoop.ozone.om.OmMetadataManagerImpl.<init>(OmMetadataManagerImpl.java:381)
	at org.apache.hadoop.ozone.om.OmSnapshotManager$1.load(OmSnapshotManager.java:319)
	at org.apache.hadoop.ozone.om.OmSnapshotManager$1.load(OmSnapshotManager.java:1)
	at com.google.common.cache.LocalCache$LoadingValueReference.loadFuture(LocalCache.java:3533)
	at com.google.common.cache.LocalCache$Segment.loadSync(LocalCache.java:2282)
	at com.google.common.cache.LocalCache$Segment.lockedGetOrLoad(LocalCache.java:2159)
	at com.google.common.cache.LocalCache$Segment.get(LocalCache.java:2049)
	at com.google.common.cache.LocalCache.get(LocalCache.java:3966)
	at com.google.common.cache.LocalCache.getOrLoad(LocalCache.java:3989)
	at com.google.common.cache.LocalCache$LocalLoadingCache.get(LocalCache.java:4950)
	at org.apache.hadoop.ozone.om.OmSnapshotManager.checkForSnapshot(OmSnapshotManager.java:625)
	... 13 more
2023-06-17 14:25:21,993 [OMDoubleBufferFlushThread] INFO  db.RDBCheckpointManager (RDBCheckpointManager.java:createCheckpoint(89)) - Created checkpoint in rocksDB at /home/runner/work/ozone/ozone/hadoop-ozone/integration-test/target/test-dir/MiniOzoneClusterImpl-68882fc2-21fb-4ea4-940d-4f92d2da87ec/ozone-meta/db.snapshots/checkpointState/om.db-92765430-f426-4c44-a483-4e56adff74a6 in 21 milliseconds
2023-06-17 14:25:21,994 [OMDoubleBufferFlushThread] INFO  db.RDBCheckpointUtils (RDBCheckpointUtils.java:waitForCheckpointDirectoryExist(59)) - Waited for 0 milliseconds for checkpoint directory /home/runner/work/ozone/ozone/hadoop-ozone/integration-test/target/test-dir/MiniOzoneClusterImpl-68882fc2-21fb-4ea4-940d-4f92d2da87ec/ozone-meta/db.snapshots/checkpointState/om.db-92765430-f426-4c44-a483-4e56adff74a6 availability.
2023-06-17 14:25:21,995 [OMDoubleBufferFlushThread] WARN  om.OmSnapshotManager (OmSnapshotManager.java:findEndKeyGivenPrefix(529)) - Took 110202 ns to find endKey. Caller is deleteKeysFromDelKeyTableInSnapshotScope
2023-06-17 14:25:21,996 [OMDoubleBufferFlushThread] INFO  om.OmSnapshotManager (OmSnapshotManager.java:createOmSnapshotCheckpoint(409)) - Created checkpoint : /home/runner/work/ozone/ozone/hadoop-ozone/integration-test/target/test-dir/MiniOzoneClusterImpl-68882fc2-21fb-4ea4-940d-4f92d2da87ec/ozone-meta/db.snapshots/checkpointState/om.db-92765430-f426-4c44-a483-4e56adff74a6 for snapshot snap2
2023-06-17 14:25:22,949 [main] INFO  ozone.TestSnapshotDeletingService (TestSnapshotDeletingService.java:assertTableRowCount(558)) - snapshotInfoTable actual row count=2, expectedCount=2
2023-06-17 14:25:22,950 [main] INFO  ozone.TestSnapshotDeletingService (TestSnapshotDeletingService.java:assertTableRowCount(558)) - snapshotRenamedTable actual row count=0, expectedCount=0
2023-06-17 14:25:22,950 [main] INFO  ozone.TestSnapshotDeletingService (TestSnapshotDeletingService.java:assertTableRowCount(558)) - deletedTable actual row count=0, expectedCount=0
2023-06-17 14:25:22,950 [main] INFO  ozone.TestSnapshotDeletingService (TestSnapshotDeletingService.java:assertTableRowCount(558)) - deletedDirectoryTable actual row count=0, expectedCount=0
2023-06-17 14:25:22,972 [KeyDeletingService#0] WARN  server.ServerUtils (ServerUtils.java:getDBPath(311)) - ozone.om.db.dirs is not configured. We recommend adding this setting. Falling back to ozone.metadata.dirs instead.
2023-06-17 14:25:22,973 [KeyDeletingService#0] INFO  helpers.OmKeyInfo (OmKeyInfo.java:getCodec(71)) - OmKeyInfo.getCodec ignorePipeline = true
2023-06-17 14:25:24,526 [main] INFO  ozone.TestSnapshotDeletingService (TestSnapshotDeletingService.java:assertTableRowCount(558)) - deletedTable actual row count=6, expectedCount=7
2023-06-17 14:25:25,527 [main] INFO  ozone.TestSnapshotDeletingService (TestSnapshotDeletingService.java:assertTableRowCount(558)) - deletedTable actual row count=7, expectedCount=7
2023-06-17 14:25:25,531 [OM StateMachine ApplyTransaction Thread - 0] INFO  snapshot.OMSnapshotCreateRequest (OMSnapshotCreateRequest.java:validateAndUpdateCache(193)) - Created snapshot: 'snap3' with snapshotId: '71f0e7b7-4095-40ec-b657-ffbb1263efe4' under path 'vol1/bucket2'
2023-06-17 14:25:25,533 [main] INFO  ozone.TestSnapshotDeletingService (TestSnapshotDeletingService.java:assertTableRowCount(558)) - snapshotInfoTable actual row count=2, expectedCount=3
2023-06-17 14:25:25,553 [OMDoubleBufferFlushThread] INFO  db.RDBCheckpointManager (RDBCheckpointManager.java:createCheckpoint(89)) - Created checkpoint in rocksDB at /home/runner/work/ozone/ozone/hadoop-ozone/integration-test/target/test-dir/MiniOzoneClusterImpl-68882fc2-21fb-4ea4-940d-4f92d2da87ec/ozone-meta/db.snapshots/checkpointState/om.db-71f0e7b7-4095-40ec-b657-ffbb1263efe4 in 20 milliseconds
2023-06-17 14:25:25,554 [OMDoubleBufferFlushThread] INFO  db.RDBCheckpointUtils (RDBCheckpointUtils.java:waitForCheckpointDirectoryExist(59)) - Waited for 1 milliseconds for checkpoint directory /home/runner/work/ozone/ozone/hadoop-ozone/integration-test/target/test-dir/MiniOzoneClusterImpl-68882fc2-21fb-4ea4-940d-4f92d2da87ec/ozone-meta/db.snapshots/checkpointState/om.db-71f0e7b7-4095-40ec-b657-ffbb1263efe4 availability.
2023-06-17 14:25:25,555 [OMDoubleBufferFlushThread] INFO  om.OmSnapshotManager (OmSnapshotManager.java:createOmSnapshotCheckpoint(409)) - Created checkpoint : /home/runner/work/ozone/ozone/hadoop-ozone/integration-test/target/test-dir/MiniOzoneClusterImpl-68882fc2-21fb-4ea4-940d-4f92d2da87ec/ozone-meta/db.snapshots/checkpointState/om.db-71f0e7b7-4095-40ec-b657-ffbb1263efe4 for snapshot snap3
2023-06-17 14:25:26,534 [main] INFO  ozone.TestSnapshotDeletingService (TestSnapshotDeletingService.java:assertTableRowCount(558)) - snapshotInfoTable actual row count=3, expectedCount=3
2023-06-17 14:25:26,534 [main] INFO  ozone.TestSnapshotDeletingService (TestSnapshotDeletingService.java:assertTableRowCount(558)) - snapshotRenamedTable actual row count=0, expectedCount=0
2023-06-17 14:25:26,534 [main] INFO  ozone.TestSnapshotDeletingService (TestSnapshotDeletingService.java:assertTableRowCount(558)) - deletedDirectoryTable actual row count=0, expectedCount=0
2023-06-17 14:25:26,535 [main] INFO  ozone.TestSnapshotDeletingService (TestSnapshotDeletingService.java:assertTableRowCount(558)) - deletedTable actual row count=0, expectedCount=0
2023-06-17 14:25:26,535 [main] INFO  ozone.TestSnapshotDeletingService (TestSnapshotDeletingService.java:assertTableRowCount(558)) - fileTable actual row count=11, expectedCount=11
2023-06-17 14:25:26,550 [OM StateMachine ApplyTransaction Thread - 0] INFO  snapshot.OMSnapshotDeleteRequest (OMSnapshotDeleteRequest.java:validateAndUpdateCache(225)) - Deleted snapshot 'snap2' under path 'vol1/bucket2'
2023-06-17 14:25:26,552 [main] INFO  ozone.TestSnapshotDeletingService (TestSnapshotDeletingService.java:assertTableRowCount(558)) - snapshotInfoTable actual row count=3, expectedCount=2
2023-06-17 14:25:26,992 [OM StateMachine ApplyTransaction Thread - 0] INFO  upgrade.AbstractLayoutVersionManager (AbstractLayoutVersionManager.java:init(83)) - Initializing Layout version manager with metadata layout = FILESYSTEM_SNAPSHOT (version = 5), software layout = FILESYSTEM_SNAPSHOT (version = 5)
2023-06-17 14:25:26,993 [OM StateMachine ApplyTransaction Thread - 0] WARN  server.ServerUtils (ServerUtils.java:getDBPath(311)) - ozone.om.db.dirs is not configured. We recommend adding this setting. Falling back to ozone.metadata.dirs instead.
2023-06-17 14:25:26,994 [OM StateMachine ApplyTransaction Thread - 0] INFO  helpers.OmKeyInfo (OmKeyInfo.java:getCodec(71)) - OmKeyInfo.getCodec ignorePipeline = true
2023-06-17 14:25:27,553 [main] INFO  ozone.TestSnapshotDeletingService (TestSnapshotDeletingService.java:assertTableRowCount(558)) - snapshotInfoTable actual row count=2, expectedCount=2
2023-06-17 14:25:27,565 [main] INFO  ozone.TestSnapshotDeletingService (TestSnapshotDeletingService.java:assertTableRowCount(558)) - deletedTable actual row count=1, expectedCount=2
2023-06-17 14:25:28,566 [main] INFO  ozone.TestSnapshotDeletingService (TestSnapshotDeletingService.java:assertTableRowCount(558)) - deletedTable actual row count=2, expectedCount=2
2023-06-17 14:25:28,567 [main] INFO  ozone.TestSnapshotDeletingService (TestSnapshotDeletingService.java:assertTableRowCount(558)) - snapshotInfoTable actual row count=2, expectedCount=2
2023-06-17 14:25:28,569 [main] INFO  ozone.TestSnapshotDeletingService (TestSnapshotDeletingService.java:assertTableRowCount(558)) - snapshotRenamedTable actual row count=4, expectedCount=4
2023-06-17 14:25:28,569 [main] INFO  ozone.TestSnapshotDeletingService (TestSnapshotDeletingService.java:assertTableRowCount(558)) - deletedDirectoryTable actual row count=3, expectedCount=3
2023-06-17 14:25:28,570 [main] INFO  ozone.TestSnapshotDeletingService (TestSnapshotDeletingService.java:assertTableRowCount(558)) - deletedTable actual row count=15, expectedCount=15
2023-06-17 14:25:28,570 [main] INFO  ozone.TestSnapshotDeletingService (TestSnapshotDeletingService.java:assertTableRowCount(558)) - snapshotRenamedTable actual row count=0, expectedCount=0
2023-06-17 14:25:28,570 [main] INFO  ozone.TestSnapshotDeletingService (TestSnapshotDeletingService.java:assertTableRowCount(558)) - deletedDirectoryTable actual row count=0, expectedCount=0
2023-06-17 14:25:28,571 [main] INFO  ozone.TestSnapshotDeletingService (TestSnapshotDeletingService.java:assertTableRowCount(558)) - deletedTable actual row count=2, expectedCount=2
2023-06-17 14:25:28,575 [OM StateMachine ApplyTransaction Thread - 0] INFO  snapshot.OMSnapshotDeleteRequest (OMSnapshotDeleteRequest.java:validateAndUpdateCache(225)) - Deleted snapshot 'snap3' under path 'vol1/bucket2'
2023-06-17 14:25:28,577 [main] INFO  ozone.TestSnapshotDeletingService (TestSnapshotDeletingService.java:assertTableRowCount(558)) - snapshotInfoTable actual row count=2, expectedCount=1
2023-06-17 14:25:28,957 [OM StateMachine ApplyTransaction Thread - 0] INFO  upgrade.AbstractLayoutVersionManager (AbstractLayoutVersionManager.java:init(83)) - Initializing Layout version manager with metadata layout = FILESYSTEM_SNAPSHOT (version = 5), software layout = FILESYSTEM_SNAPSHOT (version = 5)
2023-06-17 14:25:28,992 [IPC Server handler 5 on default port 15001] INFO  ha.SequenceIdGenerator (SequenceIdGenerator.java:getNextId(128)) - Allocate a batch for delTxnId, change lastId from 0 to 1000.
2023-06-17 14:25:29,455 [OM StateMachine ApplyTransaction Thread - 0] INFO  upgrade.AbstractLayoutVersionManager (AbstractLayoutVersionManager.java:init(83)) - Initializing Layout version manager with metadata layout = FILESYSTEM_SNAPSHOT (version = 5), software layout = FILESYSTEM_SNAPSHOT (version = 5)
2023-06-17 14:25:29,577 [main] INFO  ozone.TestSnapshotDeletingService (TestSnapshotDeletingService.java:assertTableRowCount(558)) - snapshotInfoTable actual row count=2, expectedCount=1
2023-06-17 14:25:30,578 [main] INFO  ozone.TestSnapshotDeletingService (TestSnapshotDeletingService.java:assertTableRowCount(558)) - snapshotInfoTable actual row count=1, expectedCount=1
2023-06-17 14:25:30,579 [main] INFO  ozone.TestSnapshotDeletingService (TestSnapshotDeletingService.java:assertTableRowCount(558)) - snapshotRenamedTable actual row count=4, expectedCount=4
2023-06-17 14:25:30,579 [main] INFO  ozone.TestSnapshotDeletingService (TestSnapshotDeletingService.java:assertTableRowCount(558)) - deletedDirectoryTable actual row count=3, expectedCount=3
2023-06-17 14:25:30,591 [main] INFO  ozone.TestSnapshotDeletingService (TestSnapshotDeletingService.java:assertTableRowCount(558)) - deletedTable actual row count=13, expectedCount=15
2023-06-17 14:25:31,592 [main] INFO  ozone.TestSnapshotDeletingService (TestSnapshotDeletingService.java:assertTableRowCount(558)) - deletedTable actual row count=13, expectedCount=15
2023-06-17 14:25:32,593 [main] INFO  ozone.TestSnapshotDeletingService (TestSnapshotDeletingService.java:assertTableRowCount(558)) - deletedTable actual row count=13, expectedCount=15
2023-06-17 14:25:33,211 [SstFilteringService#0] WARN  server.ServerUtils (ServerUtils.java:getDBPath(311)) - ozone.om.db.dirs is not configured. We recommend adding this setting. Falling back to ozone.metadata.dirs instead.
2023-06-17 14:25:33,215 [SstFilteringService#0] INFO  helpers.OmKeyInfo (OmKeyInfo.java:getCodec(71)) - OmKeyInfo.getCodec ignorePipeline = true
2023-06-17 14:25:33,594 [main] INFO  ozone.TestSnapshotDeletingService (TestSnapshotDeletingService.java:assertTableRowCount(558)) - deletedTable actual row count=13, expectedCount=15
2023-06-17 14:25:34,595 [main] INFO  ozone.TestSnapshotDeletingService (TestSnapshotDeletingService.java:assertTableRowCount(558)) - deletedTable actual row count=13, expectedCount=15
2023-06-17 14:25:35,596 [main] INFO  ozone.TestSnapshotDeletingService (TestSnapshotDeletingService.java:assertTableRowCount(558)) - deletedTable actual row count=13, expectedCount=15
2023-06-17 14:25:36,379 [BlockDeletingService#0] INFO  interfaces.ContainerDeletionChoosingPolicyTemplate (ContainerDeletionChoosingPolicyTemplate.java:chooseContainerForBlockDeletion(83)) - Chosen 0/5000 blocks from 0 candidate containers.
2023-06-17 14:25:36,597 [main] INFO  ozone.TestSnapshotDeletingService (TestSnapshotDeletingService.java:assertTableRowCount(558)) - deletedTable actual row count=13, expectedCount=15
2023-06-17 14:25:36,794 [BlockDeletingService#0] INFO  interfaces.ContainerDeletionChoosingPolicyTemplate (ContainerDeletionChoosingPolicyTemplate.java:chooseContainerForBlockDeletion(83)) - Chosen 0/5000 blocks from 0 candidate containers.
2023-06-17 14:25:37,145 [BlockDeletingService#0] INFO  interfaces.ContainerDeletionChoosingPolicyTemplate (ContainerDeletionChoosingPolicyTemplate.java:chooseContainerForBlockDeletion(83)) - Chosen 0/5000 blocks from 0 candidate containers.
2023-06-17 14:25:37,598 [main] INFO  ozone.TestSnapshotDeletingService (TestSnapshotDeletingService.java:assertTableRowCount(558)) - deletedTable actual row count=13, expectedCount=15
2023-06-17 14:25:38,599 [main] INFO  ozone.TestSnapshotDeletingService (TestSnapshotDeletingService.java:assertTableRowCount(558)) - deletedTable actual row count=13, expectedCount=15
2023-06-17 14:25:39,600 [main] INFO  ozone.TestSnapshotDeletingService (TestSnapshotDeletingService.java:assertTableRowCount(558)) - deletedTable actual row count=13, expectedCount=15
2023-06-17 14:25:40,601 [main] INFO  ozone.TestSnapshotDeletingService (TestSnapshotDeletingService.java:assertTableRowCount(558)) - deletedTable actual row count=13, expectedCount=15
2023-06-17 14:25:41,603 [main] INFO  ozone.TestSnapshotDeletingService (TestSnapshotDeletingService.java:assertTableRowCount(558)) - deletedTable actual row count=13, expectedCount=15
2023-06-17 14:25:42,604 [main] INFO  ozone.TestSnapshotDeletingService (TestSnapshotDeletingService.java:assertTableRowCount(558)) - deletedTable actual row count=13, expectedCount=15
2023-06-17 14:25:43,605 [main] INFO  ozone.TestSnapshotDeletingService (TestSnapshotDeletingService.java:assertTableRowCount(558)) - deletedTable actual row count=13, expectedCount=15
2023-06-17 14:25:44,606 [main] INFO  ozone.TestSnapshotDeletingService (TestSnapshotDeletingService.java:assertTableRowCount(558)) - deletedTable actual row count=13, expectedCount=15
2023-06-17 14:25:45,607 [main] INFO  ozone.TestSnapshotDeletingService (TestSnapshotDeletingService.java:assertTableRowCount(558)) - deletedTable actual row count=13, expectedCount=15
2023-06-17 14:25:46,608 [main] INFO  ozone.TestSnapshotDeletingService (TestSnapshotDeletingService.java:assertTableRowCount(558)) - deletedTable actual row count=13, expectedCount=15
2023-06-17 14:25:47,610 [main] INFO  ozone.TestSnapshotDeletingService (TestSnapshotDeletingService.java:assertTableRowCount(558)) - deletedTable actual row count=13, expectedCount=15
2023-06-17 14:25:48,611 [main] INFO  ozone.TestSnapshotDeletingService (TestSnapshotDeletingService.java:assertTableRowCount(558)) - deletedTable actual row count=13, expectedCount=15
2023-06-17 14:25:49,612 [main] INFO  ozone.TestSnapshotDeletingService (TestSnapshotDeletingService.java:assertTableRowCount(558)) - deletedTable actual row count=13, expectedCount=15
2023-06-17 14:25:50,613 [main] INFO  ozone.TestSnapshotDeletingService (TestSnapshotDeletingService.java:assertTableRowCount(558)) - deletedTable actual row count=13, expectedCount=15
2023-06-17 14:25:51,614 [main] INFO  ozone.TestSnapshotDeletingService (TestSnapshotDeletingService.java:assertTableRowCount(558)) - deletedTable actual row count=13, expectedCount=15
2023-06-17 14:25:52,615 [main] INFO  ozone.TestSnapshotDeletingService (TestSnapshotDeletingService.java:assertTableRowCount(558)) - deletedTable actual row count=13, expectedCount=15
2023-06-17 14:25:53,616 [main] INFO  ozone.TestSnapshotDeletingService (TestSnapshotDeletingService.java:assertTableRowCount(558)) - deletedTable actual row count=13, expectedCount=15
2023-06-17 14:25:54,617 [main] INFO  ozone.TestSnapshotDeletingService (TestSnapshotDeletingService.java:assertTableRowCount(558)) - deletedTable actual row count=13, expectedCount=15
2023-06-17 14:25:55,618 [main] INFO  ozone.TestSnapshotDeletingService (TestSnapshotDeletingService.java:assertTableRowCount(558)) - deletedTable actual row count=13, expectedCount=15
2023-06-17 14:25:56,619 [main] INFO  ozone.TestSnapshotDeletingService (TestSnapshotDeletingService.java:assertTableRowCount(558)) - deletedTable actual row count=13, expectedCount=15
2023-06-17 14:25:57,620 [main] INFO  ozone.TestSnapshotDeletingService (TestSnapshotDeletingService.java:assertTableRowCount(558)) - deletedTable actual row count=13, expectedCount=15
2023-06-17 14:25:58,621 [main] INFO  ozone.TestSnapshotDeletingService (TestSnapshotDeletingService.java:assertTableRowCount(558)) - deletedTable actual row count=13, expectedCount=15
2023-06-17 14:25:59,622 [main] INFO  ozone.TestSnapshotDeletingService (TestSnapshotDeletingService.java:assertTableRowCount(558)) - deletedTable actual row count=13, expectedCount=15
2023-06-17 14:26:00,623 [main] INFO  ozone.TestSnapshotDeletingService (TestSnapshotDeletingService.java:assertTableRowCount(558)) - deletedTable actual row count=13, expectedCount=15
2023-06-17 14:26:01,624 [main] INFO  ozone.TestSnapshotDeletingService (TestSnapshotDeletingService.java:assertTableRowCount(558)) - deletedTable actual row count=13, expectedCount=15
2023-06-17 14:26:02,625 [main] INFO  ozone.TestSnapshotDeletingService (TestSnapshotDeletingService.java:assertTableRowCount(558)) - deletedTable actual row count=13, expectedCount=15
2023-06-17 14:26:03,626 [main] INFO  ozone.TestSnapshotDeletingService (TestSnapshotDeletingService.java:assertTableRowCount(558)) - deletedTable actual row count=13, expectedCount=15
2023-06-17 14:26:04,627 [main] INFO  ozone.TestSnapshotDeletingService (TestSnapshotDeletingService.java:assertTableRowCount(558)) - deletedTable actual row count=13, expectedCount=15
2023-06-17 14:26:05,628 [main] INFO  ozone.TestSnapshotDeletingService (TestSnapshotDeletingService.java:assertTableRowCount(558)) - deletedTable actual row count=13, expectedCount=15
2023-06-17 14:26:06,629 [main] INFO  ozone.TestSnapshotDeletingService (TestSnapshotDeletingService.java:assertTableRowCount(558)) - deletedTable actual row count=13, expectedCount=15
2023-06-17 14:26:07,631 [main] INFO  ozone.TestSnapshotDeletingService (TestSnapshotDeletingService.java:assertTableRowCount(558)) - deletedTable actual row count=13, expectedCount=15
2023-06-17 14:26:08,632 [main] INFO  ozone.TestSnapshotDeletingService (TestSnapshotDeletingService.java:assertTableRowCount(558)) - deletedTable actual row count=13, expectedCount=15
2023-06-17 14:26:09,632 [main] INFO  ozone.TestSnapshotDeletingService (TestSnapshotDeletingService.java:assertTableRowCount(558)) - deletedTable actual row count=13, expectedCount=15
2023-06-17 14:26:10,633 [main] INFO  ozone.TestSnapshotDeletingService (TestSnapshotDeletingService.java:assertTableRowCount(558)) - deletedTable actual row count=13, expectedCount=15
2023-06-17 14:26:11,635 [main] INFO  ozone.TestSnapshotDeletingService (TestSnapshotDeletingService.java:assertTableRowCount(558)) - deletedTable actual row count=13, expectedCount=15
2023-06-17 14:26:12,636 [main] INFO  ozone.TestSnapshotDeletingService (TestSnapshotDeletingService.java:assertTableRowCount(558)) - deletedTable actual row count=13, expectedCount=15
2023-06-17 14:26:13,637 [main] INFO  ozone.TestSnapshotDeletingService (TestSnapshotDeletingService.java:assertTableRowCount(558)) - deletedTable actual row count=13, expectedCount=15
2023-06-17 14:26:14,638 [main] INFO  ozone.TestSnapshotDeletingService (TestSnapshotDeletingService.java:assertTableRowCount(558)) - deletedTable actual row count=13, expectedCount=15
2023-06-17 14:26:15,639 [main] INFO  ozone.TestSnapshotDeletingService (TestSnapshotDeletingService.java:assertTableRowCount(558)) - deletedTable actual row count=13, expectedCount=15
2023-06-17 14:26:16,640 [main] INFO  ozone.TestSnapshotDeletingService (TestSnapshotDeletingService.java:assertTableRowCount(558)) - deletedTable actual row count=13, expectedCount=15
2023-06-17 14:26:17,641 [main] INFO  ozone.TestSnapshotDeletingService (TestSnapshotDeletingService.java:assertTableRowCount(558)) - deletedTable actual row count=13, expectedCount=15
2023-06-17 14:26:18,642 [main] INFO  ozone.TestSnapshotDeletingService (TestSnapshotDeletingService.java:assertTableRowCount(558)) - deletedTable actual row count=13, expectedCount=15
2023-06-17 14:26:19,643 [main] INFO  ozone.TestSnapshotDeletingService (TestSnapshotDeletingService.java:assertTableRowCount(558)) - deletedTable actual row count=13, expectedCount=15
2023-06-17 14:26:20,644 [main] INFO  ozone.TestSnapshotDeletingService (TestSnapshotDeletingService.java:assertTableRowCount(558)) - deletedTable actual row count=13, expectedCount=15
2023-06-17 14:26:21,645 [main] INFO  ozone.TestSnapshotDeletingService (TestSnapshotDeletingService.java:assertTableRowCount(558)) - deletedTable actual row count=13, expectedCount=15
2023-06-17 14:26:22,647 [main] INFO  ozone.TestSnapshotDeletingService (TestSnapshotDeletingService.java:assertTableRowCount(558)) - deletedTable actual row count=13, expectedCount=15
2023-06-17 14:26:23,648 [main] INFO  ozone.TestSnapshotDeletingService (TestSnapshotDeletingService.java:assertTableRowCount(558)) - deletedTable actual row count=13, expectedCount=15
2023-06-17 14:26:24,649 [main] INFO  ozone.TestSnapshotDeletingService (TestSnapshotDeletingService.java:assertTableRowCount(558)) - deletedTable actual row count=13, expectedCount=15
2023-06-17 14:26:25,650 [main] INFO  ozone.TestSnapshotDeletingService (TestSnapshotDeletingService.java:assertTableRowCount(558)) - deletedTable actual row count=13, expectedCount=15
2023-06-17 14:26:26,651 [main] INFO  ozone.TestSnapshotDeletingService (TestSnapshotDeletingService.java:assertTableRowCount(558)) - deletedTable actual row count=13, expectedCount=15
2023-06-17 14:26:27,652 [main] INFO  ozone.TestSnapshotDeletingService (TestSnapshotDeletingService.java:assertTableRowCount(558)) - deletedTable actual row count=13, expectedCount=15
2023-06-17 14:26:28,653 [main] INFO  ozone.TestSnapshotDeletingService (TestSnapshotDeletingService.java:assertTableRowCount(558)) - deletedTable actual row count=13, expectedCount=15
2023-06-17 14:26:29,654 [main] INFO  ozone.TestSnapshotDeletingService (TestSnapshotDeletingService.java:assertTableRowCount(558)) - deletedTable actual row count=13, expectedCount=15
2023-06-17 14:26:30,655 [main] INFO  ozone.TestSnapshotDeletingService (TestSnapshotDeletingService.java:assertTableRowCount(558)) - deletedTable actual row count=13, expectedCount=15
2023-06-17 14:26:31,656 [main] INFO  ozone.TestSnapshotDeletingService (TestSnapshotDeletingService.java:assertTableRowCount(558)) - deletedTable actual row count=13, expectedCount=15
2023-06-17 14:26:32,658 [main] INFO  ozone.TestSnapshotDeletingService (TestSnapshotDeletingService.java:assertTableRowCount(558)) - deletedTable actual row count=13, expectedCount=15
2023-06-17 14:26:33,211 [SstFilteringService#0] WARN  server.ServerUtils (ServerUtils.java:getDBPath(311)) - ozone.om.db.dirs is not configured. We recommend adding this setting. Falling back to ozone.metadata.dirs instead.
2023-06-17 14:26:33,659 [main] INFO  ozone.TestSnapshotDeletingService (TestSnapshotDeletingService.java:assertTableRowCount(558)) - deletedTable actual row count=13, expectedCount=15
2023-06-17 14:26:34,660 [main] INFO  ozone.TestSnapshotDeletingService (TestSnapshotDeletingService.java:assertTableRowCount(558)) - deletedTable actual row count=13, expectedCount=15
2023-06-17 14:26:35,661 [main] INFO  ozone.TestSnapshotDeletingService (TestSnapshotDeletingService.java:assertTableRowCount(558)) - deletedTable actual row count=13, expectedCount=15
2023-06-17 14:26:36,381 [BlockDeletingService#1] INFO  interfaces.ContainerDeletionChoosingPolicyTemplate (ContainerDeletionChoosingPolicyTemplate.java:chooseContainerForBlockDeletion(83)) - Chosen 0/5000 blocks from 0 candidate containers.
2023-06-17 14:26:36,662 [main] INFO  ozone.TestSnapshotDeletingService (TestSnapshotDeletingService.java:assertTableRowCount(558)) - deletedTable actual row count=13, expectedCount=15
2023-06-17 14:26:36,797 [BlockDeletingService#1] INFO  interfaces.ContainerDeletionChoosingPolicyTemplate (ContainerDeletionChoosingPolicyTemplate.java:chooseContainerForBlockDeletion(83)) - Chosen 0/5000 blocks from 0 candidate containers.
2023-06-17 14:26:37,147 [BlockDeletingService#1] INFO  interfaces.ContainerDeletionChoosingPolicyTemplate (ContainerDeletionChoosingPolicyTemplate.java:chooseContainerForBlockDeletion(83)) - Chosen 0/5000 blocks from 0 candidate containers.
2023-06-17 14:26:37,663 [main] INFO  ozone.TestSnapshotDeletingService (TestSnapshotDeletingService.java:assertTableRowCount(558)) - deletedTable actual row count=13, expectedCount=15
2023-06-17 14:26:38,664 [main] INFO  ozone.TestSnapshotDeletingService (TestSnapshotDeletingService.java:assertTableRowCount(558)) - deletedTable actual row count=13, expectedCount=15
2023-06-17 14:26:39,117 [RatisPipelineUtilsThread - 0] WARN  pipeline.PipelinePlacementPolicy (PipelinePlacementPolicy.java:filterViableNodes(166)) - Pipeline creation failed due to no sufficient healthy datanodes. Required 3. Found 0. Excluded 3.
2023-06-17 14:26:39,665 [main] INFO  ozone.TestSnapshotDeletingService (TestSnapshotDeletingService.java:assertTableRowCount(558)) - deletedTable actual row count=13, expectedCount=15
2023-06-17 14:26:40,666 [main] INFO  ozone.TestSnapshotDeletingService (TestSnapshotDeletingService.java:assertTableRowCount(558)) - deletedTable actual row count=13, expectedCount=15
2023-06-17 14:26:41,667 [main] INFO  ozone.TestSnapshotDeletingService (TestSnapshotDeletingService.java:assertTableRowCount(558)) - deletedTable actual row count=13, expectedCount=15
2023-06-17 14:26:42,668 [main] INFO  ozone.TestSnapshotDeletingService (TestSnapshotDeletingService.java:assertTableRowCount(558)) - deletedTable actual row count=13, expectedCount=15
2023-06-17 14:26:43,669 [main] INFO  ozone.TestSnapshotDeletingService (TestSnapshotDeletingService.java:assertTableRowCount(558)) - deletedTable actual row count=13, expectedCount=15
2023-06-17 14:26:44,670 [main] INFO  ozone.TestSnapshotDeletingService (TestSnapshotDeletingService.java:assertTableRowCount(558)) - deletedTable actual row count=13, expectedCount=15
2023-06-17 14:26:45,671 [main] INFO  ozone.TestSnapshotDeletingService (TestSnapshotDeletingService.java:assertTableRowCount(558)) - deletedTable actual row count=13, expectedCount=15
2023-06-17 14:26:46,672 [main] INFO  ozone.TestSnapshotDeletingService (TestSnapshotDeletingService.java:assertTableRowCount(558)) - deletedTable actual row count=13, expectedCount=15
2023-06-17 14:26:47,673 [main] INFO  ozone.TestSnapshotDeletingService (TestSnapshotDeletingService.java:assertTableRowCount(558)) - deletedTable actual row count=13, expectedCount=15
2023-06-17 14:26:48,674 [main] INFO  ozone.TestSnapshotDeletingService (TestSnapshotDeletingService.java:assertTableRowCount(558)) - deletedTable actual row count=13, expectedCount=15
2023-06-17 14:26:49,675 [main] INFO  ozone.TestSnapshotDeletingService (TestSnapshotDeletingService.java:assertTableRowCount(558)) - deletedTable actual row count=13, expectedCount=15
2023-06-17 14:26:50,676 [main] INFO  ozone.TestSnapshotDeletingService (TestSnapshotDeletingService.java:assertTableRowCount(558)) - deletedTable actual row count=13, expectedCount=15
2023-06-17 14:26:51,677 [main] INFO  ozone.TestSnapshotDeletingService (TestSnapshotDeletingService.java:assertTableRowCount(558)) - deletedTable actual row count=13, expectedCount=15
2023-06-17 14:26:52,679 [main] INFO  ozone.TestSnapshotDeletingService (TestSnapshotDeletingService.java:assertTableRowCount(558)) - deletedTable actual row count=13, expectedCount=15
2023-06-17 14:26:53,680 [main] INFO  ozone.TestSnapshotDeletingService (TestSnapshotDeletingService.java:assertTableRowCount(558)) - deletedTable actual row count=13, expectedCount=15
2023-06-17 14:26:54,681 [main] INFO  ozone.TestSnapshotDeletingService (TestSnapshotDeletingService.java:assertTableRowCount(558)) - deletedTable actual row count=13, expectedCount=15
2023-06-17 14:26:55,682 [main] INFO  ozone.TestSnapshotDeletingService (TestSnapshotDeletingService.java:assertTableRowCount(558)) - deletedTable actual row count=13, expectedCount=15
2023-06-17 14:26:56,683 [main] INFO  ozone.TestSnapshotDeletingService (TestSnapshotDeletingService.java:assertTableRowCount(558)) - deletedTable actual row count=13, expectedCount=15
2023-06-17 14:26:57,684 [main] INFO  ozone.TestSnapshotDeletingService (TestSnapshotDeletingService.java:assertTableRowCount(558)) - deletedTable actual row count=13, expectedCount=15
2023-06-17 14:26:58,685 [main] INFO  ozone.TestSnapshotDeletingService (TestSnapshotDeletingService.java:assertTableRowCount(558)) - deletedTable actual row count=13, expectedCount=15
2023-06-17 14:26:59,686 [main] INFO  ozone.TestSnapshotDeletingService (TestSnapshotDeletingService.java:assertTableRowCount(558)) - deletedTable actual row count=13, expectedCount=15
2023-06-17 14:27:00,687 [main] INFO  ozone.TestSnapshotDeletingService (TestSnapshotDeletingService.java:assertTableRowCount(558)) - deletedTable actual row count=13, expectedCount=15
2023-06-17 14:27:01,688 [main] INFO  ozone.TestSnapshotDeletingService (TestSnapshotDeletingService.java:assertTableRowCount(558)) - deletedTable actual row count=13, expectedCount=15
2023-06-17 14:27:02,689 [main] INFO  ozone.TestSnapshotDeletingService (TestSnapshotDeletingService.java:assertTableRowCount(558)) - deletedTable actual row count=13, expectedCount=15
2023-06-17 14:27:03,690 [main] INFO  ozone.TestSnapshotDeletingService (TestSnapshotDeletingService.java:assertTableRowCount(558)) - deletedTable actual row count=13, expectedCount=15
2023-06-17 14:27:04,691 [main] INFO  ozone.TestSnapshotDeletingService (TestSnapshotDeletingService.java:assertTableRowCount(558)) - deletedTable actual row count=13, expectedCount=15
2023-06-17 14:27:05,692 [main] INFO  ozone.TestSnapshotDeletingService (TestSnapshotDeletingService.java:assertTableRowCount(558)) - deletedTable actual row count=13, expectedCount=15
2023-06-17 14:27:06,693 [main] INFO  ozone.TestSnapshotDeletingService (TestSnapshotDeletingService.java:assertTableRowCount(558)) - deletedTable actual row count=13, expectedCount=15
2023-06-17 14:27:07,694 [main] INFO  ozone.TestSnapshotDeletingService (TestSnapshotDeletingService.java:assertTableRowCount(558)) - deletedTable actual row count=13, expectedCount=15
2023-06-17 14:27:08,695 [main] INFO  ozone.TestSnapshotDeletingService (TestSnapshotDeletingService.java:assertTableRowCount(558)) - deletedTable actual row count=13, expectedCount=15
2023-06-17 14:27:09,696 [main] INFO  ozone.TestSnapshotDeletingService (TestSnapshotDeletingService.java:assertTableRowCount(558)) - deletedTable actual row count=13, expectedCount=15
2023-06-17 14:27:10,697 [main] INFO  ozone.TestSnapshotDeletingService (TestSnapshotDeletingService.java:assertTableRowCount(558)) - deletedTable actual row count=13, expectedCount=15
2023-06-17 14:27:11,698 [main] INFO  ozone.TestSnapshotDeletingService (TestSnapshotDeletingService.java:assertTableRowCount(558)) - deletedTable actual row count=13, expectedCount=15
2023-06-17 14:27:12,699 [main] INFO  ozone.TestSnapshotDeletingService (TestSnapshotDeletingService.java:assertTableRowCount(558)) - deletedTable actual row count=13, expectedCount=15
2023-06-17 14:27:13,700 [main] INFO  ozone.TestSnapshotDeletingService (TestSnapshotDeletingService.java:assertTableRowCount(558)) - deletedTable actual row count=13, expectedCount=15
2023-06-17 14:27:14,701 [main] INFO  ozone.TestSnapshotDeletingService (TestSnapshotDeletingService.java:assertTableRowCount(558)) - deletedTable actual row count=13, expectedCount=15
2023-06-17 14:27:15,703 [main] INFO  ozone.TestSnapshotDeletingService (TestSnapshotDeletingService.java:assertTableRowCount(558)) - deletedTable actual row count=13, expectedCount=15
2023-06-17 14:27:16,704 [main] INFO  ozone.TestSnapshotDeletingService (TestSnapshotDeletingService.java:assertTableRowCount(558)) - deletedTable actual row count=13, expectedCount=15
2023-06-17 14:27:17,705 [main] INFO  ozone.TestSnapshotDeletingService (TestSnapshotDeletingService.java:assertTableRowCount(558)) - deletedTable actual row count=13, expectedCount=15
2023-06-17 14:27:18,706 [main] INFO  ozone.TestSnapshotDeletingService (TestSnapshotDeletingService.java:assertTableRowCount(558)) - deletedTable actual row count=13, expectedCount=15
2023-06-17 14:27:19,707 [main] INFO  ozone.TestSnapshotDeletingService (TestSnapshotDeletingService.java:assertTableRowCount(558)) - deletedTable actual row count=13, expectedCount=15
2023-06-17 14:27:20,708 [main] INFO  ozone.TestSnapshotDeletingService (TestSnapshotDeletingService.java:assertTableRowCount(558)) - deletedTable actual row count=13, expectedCount=15
2023-06-17 14:27:21,709 [main] INFO  ozone.TestSnapshotDeletingService (TestSnapshotDeletingService.java:assertTableRowCount(558)) - deletedTable actual row count=13, expectedCount=15
2023-06-17 14:27:22,710 [main] INFO  ozone.TestSnapshotDeletingService (TestSnapshotDeletingService.java:assertTableRowCount(558)) - deletedTable actual row count=13, expectedCount=15
2023-06-17 14:27:23,711 [main] INFO  ozone.TestSnapshotDeletingService (TestSnapshotDeletingService.java:assertTableRowCount(558)) - deletedTable actual row count=13, expectedCount=15
2023-06-17 14:27:24,712 [main] INFO  ozone.TestSnapshotDeletingService (TestSnapshotDeletingService.java:assertTableRowCount(558)) - deletedTable actual row count=13, expectedCount=15
2023-06-17 14:27:25,713 [main] INFO  ozone.TestSnapshotDeletingService (TestSnapshotDeletingService.java:assertTableRowCount(558)) - deletedTable actual row count=13, expectedCount=15
2023-06-17 14:27:26,714 [main] INFO  ozone.TestSnapshotDeletingService (TestSnapshotDeletingService.java:assertTableRowCount(558)) - deletedTable actual row count=13, expectedCount=15
2023-06-17 14:27:27,715 [main] INFO  ozone.TestSnapshotDeletingService (TestSnapshotDeletingService.java:assertTableRowCount(558)) - deletedTable actual row count=13, expectedCount=15
2023-06-17 14:27:28,716 [main] INFO  ozone.TestSnapshotDeletingService (TestSnapshotDeletingService.java:assertTableRowCount(558)) - deletedTable actual row count=13, expectedCount=15
2023-06-17 14:27:29,717 [main] INFO  ozone.TestSnapshotDeletingService (TestSnapshotDeletingService.java:assertTableRowCount(558)) - deletedTable actual row count=13, expectedCount=15
2023-06-17 14:27:30,718 [main] INFO  ozone.TestSnapshotDeletingService (TestSnapshotDeletingService.java:assertTableRowCount(558)) - deletedTable actual row count=13, expectedCount=15
2023-06-17 14:27:30,798 [main] INFO  ozone.MiniOzoneClusterImpl (MiniOzoneClusterImpl.java:shutdown(444)) - Shutting down the Mini Ozone Cluster
2023-06-17 14:27:30,799 [main] INFO  ozone.MiniOzoneClusterImpl (MiniOzoneClusterImpl.java:stop(461)) - Stopping the Mini Ozone Cluster
2023-06-17 14:27:30,800 [main] INFO  ozone.MiniOzoneClusterImpl (MiniOzoneClusterImpl.java:stopOM(552)) - Stopping the OzoneManager
2023-06-17 14:27:30,800 [main] INFO  om.OzoneManager (OzoneManager.java:stop(2165)) - om1[localhost:15004]: Stopping Ozone Manager
2023-06-17 14:27:30,800 [main] INFO  ipc.Server (Server.java:stop(3501)) - Stopping server on 15004
2023-06-17 14:27:30,801 [IPC Server listener on 15004] INFO  ipc.Server (Server.java:run(1430)) - Stopping IPC Server listener on 15004
2023-06-17 14:27:30,803 [IPC Server Responder] INFO  ipc.Server (Server.java:run(1563)) - Stopping IPC Server Responder
2023-06-17 14:27:30,805 [main] INFO  server.RaftServer (RaftServerProxy.java:lambda$close$6(416)) - om1: close
2023-06-17 14:27:30,806 [main] INFO  server.GrpcService (GrpcService.java:closeImpl(311)) - om1: shutdown server GrpcServerProtocolService now
2023-06-17 14:27:30,806 [om1-impl-thread2] INFO  server.RaftServer$Division (RaftServerImpl.java:lambda$close$4(466)) - om1@group-C5BA1605619E: shutdown
2023-06-17 14:27:30,807 [om1-impl-thread2] INFO  util.JmxRegister (JmxRegister.java:unregister(73)) - Successfully un-registered JMX Bean with object name Ratis:service=RaftServer,group=group-C5BA1605619E,id=om1
2023-06-17 14:27:30,807 [om1-impl-thread2] INFO  impl.RoleInfo (RoleInfo.java:shutdownLeaderState(93)) - om1: shutdown om1@group-C5BA1605619E-LeaderStateImpl
2023-06-17 14:27:30,807 [om1-impl-thread2] INFO  impl.PendingRequests (PendingRequests.java:sendNotLeaderResponses(289)) - om1@group-C5BA1605619E-PendingRequests: sendNotLeaderResponses
2023-06-17 14:27:30,820 [main] INFO  server.GrpcService (GrpcService.java:closeImpl(320)) - om1: shutdown server GrpcServerProtocolService successfully
2023-06-17 14:27:30,821 [om1-impl-thread2] INFO  impl.StateMachineUpdater (StateMachineUpdater.java:stopAndJoin(155)) - om1@group-C5BA1605619E-StateMachineUpdater: set stopIndex = 218
2023-06-17 14:27:30,822 [om1@group-C5BA1605619E-StateMachineUpdater] INFO  ratis.OzoneManagerStateMachine (OzoneManagerStateMachine.java:takeSnapshot(479)) - Current Snapshot Index (t:1, i:218)
2023-06-17 14:27:30,849 [om1@group-C5BA1605619E-StateMachineUpdater] INFO  impl.StateMachineUpdater (StateMachineUpdater.java:takeSnapshot(291)) - om1@group-C5BA1605619E-StateMachineUpdater: Took a snapshot at index 218
2023-06-17 14:27:30,851 [om1@group-C5BA1605619E-StateMachineUpdater] INFO  impl.StateMachineUpdater (StateMachineUpdater.java:lambda$new$0(97)) - om1@group-C5BA1605619E-StateMachineUpdater: snapshotIndex: updateIncreasingly -1 -> 218
2023-06-17 14:27:30,851 [om1@group-C5BA1605619E-StateMachineUpdater] INFO  ratis.OzoneManagerStateMachine (OzoneManagerStateMachine.java:close(533)) - StateMachine has shutdown. Shutdown OzoneManager if not already shutdown.
2023-06-17 14:27:30,851 [om1@group-C5BA1605619E-StateMachineUpdater] INFO  ratis.OzoneManagerDoubleBuffer (OzoneManagerDoubleBuffer.java:stopDaemon(551)) - Stopping OMDoubleBuffer flush thread
2023-06-17 14:27:30,851 [OMDoubleBufferFlushThread] INFO  ratis.OzoneManagerDoubleBuffer (OzoneManagerDoubleBuffer.java:canFlush(638)) - OMDoubleBuffer flush thread OMDoubleBufferFlushThread is interrupted and will exit.
2023-06-17 14:27:30,855 [Thread-810] INFO  rocksdiff.RocksDBCheckpointDiffer (RocksDBCheckpointDiffer.java:onCompactionCompleted(527)) - Skipped the compaction entry. Compaction input files: [/home/runner/work/ozone/ozone/hadoop-ozone/integration-test/target/test-dir/MiniOzoneClusterImpl-68882fc2-21fb-4ea4-940d-4f92d2da87ec/ozone-meta/om.db/000082.sst, /home/runner/work/ozone/ozone/hadoop-ozone/integration-test/target/test-dir/MiniOzoneClusterImpl-68882fc2-21fb-4ea4-940d-4f92d2da87ec/ozone-meta/om.db/000073.sst, /home/runner/work/ozone/ozone/hadoop-ozone/integration-test/target/test-dir/MiniOzoneClusterImpl-68882fc2-21fb-4ea4-940d-4f92d2da87ec/ozone-meta/om.db/000063.sst, /home/runner/work/ozone/ozone/hadoop-ozone/integration-test/target/test-dir/MiniOzoneClusterImpl-68882fc2-21fb-4ea4-940d-4f92d2da87ec/ozone-meta/om.db/000054.sst] and output files: [/home/runner/work/ozone/ozone/hadoop-ozone/integration-test/target/test-dir/MiniOzoneClusterImpl-68882fc2-21fb-4ea4-940d-4f92d2da87ec/ozone-meta/om.db/000082.sst, /home/runner/work/ozone/ozone/hadoop-ozone/integration-test/target/test-dir/MiniOzoneClusterImpl-68882fc2-21fb-4ea4-940d-4f92d2da87ec/ozone-meta/om.db/000073.sst, /home/runner/work/ozone/ozone/hadoop-ozone/integration-test/target/test-dir/MiniOzoneClusterImpl-68882fc2-21fb-4ea4-940d-4f92d2da87ec/ozone-meta/om.db/000063.sst, /home/runner/work/ozone/ozone/hadoop-ozone/integration-test/target/test-dir/MiniOzoneClusterImpl-68882fc2-21fb-4ea4-940d-4f92d2da87ec/ozone-meta/om.db/000054.sst] are same.
2023-06-17 14:27:30,856 [om1-impl-thread2] INFO  server.RaftServer$Division (ServerState.java:close(472)) - om1@group-C5BA1605619E: closes. applyIndex: 218
2023-06-17 14:27:30,953 [om1-impl-thread2] INFO  segmented.SegmentedRaftLogWorker (SegmentedRaftLogWorker.java:close(252)) - om1@group-C5BA1605619E-SegmentedRaftLogWorker close()
2023-06-17 14:27:30,955 [JvmPauseMonitor1] INFO  util.JvmPauseMonitor (JvmPauseMonitor.java:run(109)) - JvmPauseMonitor-om1: Stopped
2023-06-17 14:27:30,955 [main] INFO  ratis.OzoneManagerStateMachine (OzoneManagerStateMachine.java:close(533)) - StateMachine has shutdown. Shutdown OzoneManager if not already shutdown.
2023-06-17 14:27:30,956 [main] INFO  ratis.OzoneManagerDoubleBuffer (OzoneManagerDoubleBuffer.java:stopDaemon(560)) - OMDoubleBuffer flush thread is not running.
2023-06-17 14:27:30,957 [main] INFO  utils.BackgroundService (BackgroundService.java:shutdown(141)) - Shutting down service KeyDeletingService
2023-06-17 14:27:30,957 [main] INFO  utils.BackgroundService (BackgroundService.java:shutdown(141)) - Shutting down service KeyDeletingService
2023-06-17 14:27:30,958 [main] INFO  utils.BackgroundService (BackgroundService.java:shutdown(141)) - Shutting down service OpenKeyCleanupService
2023-06-17 14:27:30,958 [main] INFO  utils.BackgroundService (BackgroundService.java:shutdown(141)) - Shutting down service SstFilteringService
2023-06-17 14:27:30,958 [main] INFO  utils.BackgroundService (BackgroundService.java:shutdown(141)) - Shutting down service SnapshotDeletingService
2023-06-17 14:27:30,961 [main] INFO  handler.ContextHandler (ContextHandler.java:doStop(1159)) - Stopped o.e.j.w.WebAppContext@171908b7{ozoneManager,/,null,STOPPED}{file:/home/runner/work/ozone/ozone/hadoop-ozone/integration-test/target/test-classes/webapps/ozoneManager}
2023-06-17 14:27:30,966 [main] INFO  server.AbstractConnector (AbstractConnector.java:doStop(383)) - Stopped ServerConnector@349cb820{HTTP/1.1, (http/1.1)}{0.0.0.0:15005}
2023-06-17 14:27:30,967 [main] INFO  server.session (HouseKeeper.java:stopScavenging(149)) - node0 Stopped scavenging
2023-06-17 14:27:30,967 [main] INFO  handler.ContextHandler (ContextHandler.java:doStop(1159)) - Stopped o.e.j.s.ServletContextHandler@730fcd33{static,/static,file:///home/runner/work/ozone/ozone/hadoop-ozone/integration-test/target/test-classes/webapps/static,STOPPED}
2023-06-17 14:27:30,967 [main] INFO  handler.ContextHandler (ContextHandler.java:doStop(1159)) - Stopped o.e.j.s.ServletContextHandler@21dcd0b5{logs,/logs,file:///home/runner/work/ozone/ozone/hadoop-ozone/integration-test/target/log,STOPPED}
2023-06-17 14:27:30,973 [main] INFO  snapshot.SnapshotDiffManager (SnapshotDiffManager.java:closeExecutorService(1267)) - Shutting down executorService: 'SnapDiffExecutor'
2023-06-17 14:27:30,974 [main] INFO  snapshot.SnapshotDiffManager (SnapshotDiffManager.java:closeExecutorService(1267)) - Shutting down executorService: 'SstDumpToolExecutor'
2023-06-17 14:27:30,983 [main] INFO  utils.BackgroundService (BackgroundService.java:shutdown(141)) - Shutting down service SnapshotDiffCleanupService
2023-06-17 14:27:30,985 [main] INFO  ozone.MiniOzoneClusterImpl (MiniOzoneClusterImpl.java:stopDatanodes(529)) - Stopping the HddsDatanodes
2023-06-17 14:27:30,993 [main] INFO  ozoneimpl.OzoneContainer (OzoneContainer.java:stop(433)) - Attempting to stop container services.
2023-06-17 14:27:30,998 [main] INFO  server.RaftServer (RaftServerProxy.java:lambda$close$6(416)) - 8624e205-2d39-4523-82ac-4c9e49e08d77: close
2023-06-17 14:27:30,998 [ForkJoinPool.commonPool-worker-0] INFO  ozoneimpl.OzoneContainer (OzoneContainer.java:stop(433)) - Attempting to stop container services.
2023-06-17 14:27:31,007 [8624e205-2d39-4523-82ac-4c9e49e08d77-impl-thread2] INFO  server.RaftServer$Division (RaftServerImpl.java:lambda$close$4(466)) - 8624e205-2d39-4523-82ac-4c9e49e08d77@group-D40AD2ACF1D8: shutdown
2023-06-17 14:27:31,008 [8624e205-2d39-4523-82ac-4c9e49e08d77-impl-thread2] INFO  util.JmxRegister (JmxRegister.java:unregister(73)) - Successfully un-registered JMX Bean with object name Ratis:service=RaftServer,group=group-D40AD2ACF1D8,id=8624e205-2d39-4523-82ac-4c9e49e08d77
2023-06-17 14:27:31,008 [8624e205-2d39-4523-82ac-4c9e49e08d77-impl-thread2] INFO  impl.RoleInfo (RoleInfo.java:shutdownLeaderState(93)) - 8624e205-2d39-4523-82ac-4c9e49e08d77: shutdown 8624e205-2d39-4523-82ac-4c9e49e08d77@group-D40AD2ACF1D8-LeaderStateImpl
2023-06-17 14:27:31,008 [8624e205-2d39-4523-82ac-4c9e49e08d77-impl-thread2] INFO  impl.PendingRequests (PendingRequests.java:sendNotLeaderResponses(289)) - 8624e205-2d39-4523-82ac-4c9e49e08d77@group-D40AD2ACF1D8-PendingRequests: sendNotLeaderResponses
2023-06-17 14:27:31,015 [ForkJoinPool.commonPool-worker-0] INFO  server.RaftServer (RaftServerProxy.java:lambda$close$6(416)) - 9b904d97-ba57-4d1c-b750-04e93ad7e320: close
2023-06-17 14:27:31,015 [8624e205-2d39-4523-82ac-4c9e49e08d77-impl-thread2] INFO  impl.StateMachineUpdater (StateMachineUpdater.java:stopAndJoin(155)) - 8624e205-2d39-4523-82ac-4c9e49e08d77@group-D40AD2ACF1D8-StateMachineUpdater: set stopIndex = 0
2023-06-17 14:27:31,015 [8624e205-2d39-4523-82ac-4c9e49e08d77@group-D40AD2ACF1D8-StateMachineUpdater] INFO  ratis.ContainerStateMachine (ContainerStateMachine.java:takeSnapshot(330)) - group-D40AD2ACF1D8: Taking a snapshot at:(t:1, i:0) file /home/runner/work/ozone/ozone/hadoop-ozone/integration-test/target/test-dir/MiniOzoneClusterImpl-68882fc2-21fb-4ea4-940d-4f92d2da87ec/datanode-1/data/ratis/960348f6-8480-4b89-8883-d40ad2acf1d8/sm/snapshot.1_0
2023-06-17 14:27:31,018 [9b904d97-ba57-4d1c-b750-04e93ad7e320-impl-thread2] INFO  server.RaftServer$Division (RaftServerImpl.java:lambda$close$4(466)) - 9b904d97-ba57-4d1c-b750-04e93ad7e320@group-CA04535E9BA0: shutdown
2023-06-17 14:27:31,018 [9b904d97-ba57-4d1c-b750-04e93ad7e320-impl-thread2] INFO  util.JmxRegister (JmxRegister.java:unregister(73)) - Successfully un-registered JMX Bean with object name Ratis:service=RaftServer,group=group-CA04535E9BA0,id=9b904d97-ba57-4d1c-b750-04e93ad7e320
2023-06-17 14:27:31,018 [9b904d97-ba57-4d1c-b750-04e93ad7e320-impl-thread2] INFO  impl.RoleInfo (RoleInfo.java:shutdownLeaderState(93)) - 9b904d97-ba57-4d1c-b750-04e93ad7e320: shutdown 9b904d97-ba57-4d1c-b750-04e93ad7e320@group-CA04535E9BA0-LeaderStateImpl
2023-06-17 14:27:31,018 [9b904d97-ba57-4d1c-b750-04e93ad7e320-impl-thread2] INFO  impl.PendingRequests (PendingRequests.java:sendNotLeaderResponses(289)) - 9b904d97-ba57-4d1c-b750-04e93ad7e320@group-CA04535E9BA0-PendingRequests: sendNotLeaderResponses
2023-06-17 14:27:31,018 [9b904d97-ba57-4d1c-b750-04e93ad7e320-impl-thread2] INFO  impl.StateMachineUpdater (StateMachineUpdater.java:stopAndJoin(155)) - 9b904d97-ba57-4d1c-b750-04e93ad7e320@group-CA04535E9BA0-StateMachineUpdater: set stopIndex = 0
2023-06-17 14:27:31,019 [9b904d97-ba57-4d1c-b750-04e93ad7e320@group-CA04535E9BA0-StateMachineUpdater] INFO  ratis.ContainerStateMachine (ContainerStateMachine.java:takeSnapshot(330)) - group-CA04535E9BA0: Taking a snapshot at:(t:1, i:0) file /home/runner/work/ozone/ozone/hadoop-ozone/integration-test/target/test-dir/MiniOzoneClusterImpl-68882fc2-21fb-4ea4-940d-4f92d2da87ec/datanode-0/data/ratis/4a5841fe-122a-447a-a9f8-ca04535e9ba0/sm/snapshot.1_0
2023-06-17 14:27:31,019 [9b904d97-ba57-4d1c-b750-04e93ad7e320-impl-thread3] INFO  server.RaftServer$Division (RaftServerImpl.java:lambda$close$4(466)) - 9b904d97-ba57-4d1c-b750-04e93ad7e320@group-7AA2029A76D4: shutdown
2023-06-17 14:27:31,019 [9b904d97-ba57-4d1c-b750-04e93ad7e320-impl-thread3] INFO  util.JmxRegister (JmxRegister.java:unregister(73)) - Successfully un-registered JMX Bean with object name Ratis:service=RaftServer,group=group-7AA2029A76D4,id=9b904d97-ba57-4d1c-b750-04e93ad7e320
2023-06-17 14:27:31,019 [9b904d97-ba57-4d1c-b750-04e93ad7e320-impl-thread3] INFO  impl.RoleInfo (RoleInfo.java:shutdownFollowerState(110)) - 9b904d97-ba57-4d1c-b750-04e93ad7e320: shutdown 9b904d97-ba57-4d1c-b750-04e93ad7e320@group-7AA2029A76D4-FollowerState
2023-06-17 14:27:31,019 [ForkJoinPool.commonPool-worker-0] INFO  server.GrpcService (GrpcService.java:closeImpl(311)) - 9b904d97-ba57-4d1c-b750-04e93ad7e320: shutdown server org.apache.ratis.grpc.server.GrpcClientProtocolService now
2023-06-17 14:27:31,020 [9b904d97-ba57-4d1c-b750-04e93ad7e320-impl-thread4] INFO  server.RaftServer$Division (RaftServerImpl.java:lambda$close$4(466)) - 9b904d97-ba57-4d1c-b750-04e93ad7e320@group-4103141B7879: shutdown
2023-06-17 14:27:31,020 [9b904d97-ba57-4d1c-b750-04e93ad7e320-impl-thread4] INFO  util.JmxRegister (JmxRegister.java:unregister(73)) - Successfully un-registered JMX Bean with object name Ratis:service=RaftServer,group=group-4103141B7879,id=9b904d97-ba57-4d1c-b750-04e93ad7e320
2023-06-17 14:27:31,020 [9b904d97-ba57-4d1c-b750-04e93ad7e320-impl-thread4] INFO  impl.RoleInfo (RoleInfo.java:shutdownLeaderState(93)) - 9b904d97-ba57-4d1c-b750-04e93ad7e320: shutdown 9b904d97-ba57-4d1c-b750-04e93ad7e320@group-4103141B7879-LeaderStateImpl
2023-06-17 14:27:31,024 [8624e205-2d39-4523-82ac-4c9e49e08d77-impl-thread3] INFO  server.RaftServer$Division (RaftServerImpl.java:lambda$close$4(466)) - 8624e205-2d39-4523-82ac-4c9e49e08d77@group-7AA2029A76D4: shutdown
2023-06-17 14:27:31,024 [8624e205-2d39-4523-82ac-4c9e49e08d77-impl-thread3] INFO  util.JmxRegister (JmxRegister.java:unregister(73)) - Successfully un-registered JMX Bean with object name Ratis:service=RaftServer,group=group-7AA2029A76D4,id=8624e205-2d39-4523-82ac-4c9e49e08d77
2023-06-17 14:27:31,024 [8624e205-2d39-4523-82ac-4c9e49e08d77-impl-thread3] INFO  impl.RoleInfo (RoleInfo.java:shutdownFollowerState(110)) - 8624e205-2d39-4523-82ac-4c9e49e08d77: shutdown 8624e205-2d39-4523-82ac-4c9e49e08d77@group-7AA2029A76D4-FollowerState
2023-06-17 14:27:31,025 [8624e205-2d39-4523-82ac-4c9e49e08d77@group-7AA2029A76D4-FollowerState] INFO  impl.FollowerState (FollowerState.java:run(152)) - 8624e205-2d39-4523-82ac-4c9e49e08d77@group-7AA2029A76D4-FollowerState was interrupted
2023-06-17 14:27:31,025 [8624e205-2d39-4523-82ac-4c9e49e08d77@group-7AA2029A76D4-StateMachineUpdater] INFO  ratis.ContainerStateMachine (ContainerStateMachine.java:takeSnapshot(330)) - group-7AA2029A76D4: Taking a snapshot at:(t:1, i:1039) file /home/runner/work/ozone/ozone/hadoop-ozone/integration-test/target/test-dir/MiniOzoneClusterImpl-68882fc2-21fb-4ea4-940d-4f92d2da87ec/datanode-1/data/ratis/8722a696-13c5-4ce8-9392-7aa2029a76d4/sm/snapshot.1_1039
2023-06-17 14:27:31,025 [8624e205-2d39-4523-82ac-4c9e49e08d77-impl-thread3] INFO  impl.StateMachineUpdater (StateMachineUpdater.java:stopAndJoin(155)) - 8624e205-2d39-4523-82ac-4c9e49e08d77@group-7AA2029A76D4-StateMachineUpdater: set stopIndex = 1039
2023-06-17 14:27:31,026 [main] INFO  server.GrpcService (GrpcService.java:closeImpl(311)) - 8624e205-2d39-4523-82ac-4c9e49e08d77: shutdown server org.apache.ratis.grpc.server.GrpcClientProtocolService now
2023-06-17 14:27:31,027 [8624e205-2d39-4523-82ac-4c9e49e08d77-impl-thread4] INFO  server.RaftServer$Division (RaftServerImpl.java:lambda$close$4(466)) - 8624e205-2d39-4523-82ac-4c9e49e08d77@group-4103141B7879: shutdown
2023-06-17 14:27:31,027 [8624e205-2d39-4523-82ac-4c9e49e08d77-impl-thread4] INFO  util.JmxRegister (JmxRegister.java:unregister(73)) - Successfully un-registered JMX Bean with object name Ratis:service=RaftServer,group=group-4103141B7879,id=8624e205-2d39-4523-82ac-4c9e49e08d77
2023-06-17 14:27:31,027 [8624e205-2d39-4523-82ac-4c9e49e08d77-impl-thread4] INFO  impl.RoleInfo (RoleInfo.java:shutdownFollowerState(110)) - 8624e205-2d39-4523-82ac-4c9e49e08d77: shutdown 8624e205-2d39-4523-82ac-4c9e49e08d77@group-4103141B7879-FollowerState
2023-06-17 14:27:31,027 [8624e205-2d39-4523-82ac-4c9e49e08d77@group-4103141B7879-StateMachineUpdater] INFO  ratis.ContainerStateMachine (ContainerStateMachine.java:takeSnapshot(330)) - group-4103141B7879: Taking a snapshot at:(t:1, i:1040) file /home/runner/work/ozone/ozone/hadoop-ozone/integration-test/target/test-dir/MiniOzoneClusterImpl-68882fc2-21fb-4ea4-940d-4f92d2da87ec/datanode-1/data/ratis/069d6f8c-1a4c-4c87-8230-4103141b7879/sm/snapshot.1_1040
2023-06-17 14:27:31,028 [8624e205-2d39-4523-82ac-4c9e49e08d77-impl-thread4] INFO  impl.StateMachineUpdater (StateMachineUpdater.java:stopAndJoin(155)) - 8624e205-2d39-4523-82ac-4c9e49e08d77@group-4103141B7879-StateMachineUpdater: set stopIndex = 1040
2023-06-17 14:27:31,030 [9b904d97-ba57-4d1c-b750-04e93ad7e320-impl-thread3] INFO  impl.StateMachineUpdater (StateMachineUpdater.java:stopAndJoin(155)) - 9b904d97-ba57-4d1c-b750-04e93ad7e320@group-7AA2029A76D4-StateMachineUpdater: set stopIndex = 1039
2023-06-17 14:27:31,030 [Thread-837] INFO  server.GrpcServerProtocolClient (GrpcServerProtocolClient.java:close(103)) - 50e7a123-fb10-4f6b-bd10-2c6e895f4416 Close channels
2023-06-17 14:27:31,030 [9b904d97-ba57-4d1c-b750-04e93ad7e320@group-7AA2029A76D4-StateMachineUpdater] INFO  ratis.ContainerStateMachine (ContainerStateMachine.java:takeSnapshot(330)) - group-7AA2029A76D4: Taking a snapshot at:(t:1, i:1039) file /home/runner/work/ozone/ozone/hadoop-ozone/integration-test/target/test-dir/MiniOzoneClusterImpl-68882fc2-21fb-4ea4-940d-4f92d2da87ec/datanode-0/data/ratis/8722a696-13c5-4ce8-9392-7aa2029a76d4/sm/snapshot.1_1039
2023-06-17 14:27:31,030 [9b904d97-ba57-4d1c-b750-04e93ad7e320@group-7AA2029A76D4-FollowerState] INFO  impl.FollowerState (FollowerState.java:run(152)) - 9b904d97-ba57-4d1c-b750-04e93ad7e320@group-7AA2029A76D4-FollowerState was interrupted
2023-06-17 14:27:31,031 [Thread-838] INFO  server.GrpcServerProtocolClient (GrpcServerProtocolClient.java:close(103)) - 8624e205-2d39-4523-82ac-4c9e49e08d77 Close channels
2023-06-17 14:27:31,039 [8624e205-2d39-4523-82ac-4c9e49e08d77@group-4103141B7879-FollowerState] INFO  impl.FollowerState (FollowerState.java:run(152)) - 8624e205-2d39-4523-82ac-4c9e49e08d77@group-4103141B7879-FollowerState was interrupted
2023-06-17 14:27:31,039 [9b904d97-ba57-4d1c-b750-04e93ad7e320@group-4103141B7879->8624e205-2d39-4523-82ac-4c9e49e08d77-GrpcLogAppender-LogAppenderDaemon] WARN  server.GrpcLogAppender (GrpcLogAppender.java:mayWait(199)) - 9b904d97-ba57-4d1c-b750-04e93ad7e320@group-4103141B7879->8624e205-2d39-4523-82ac-4c9e49e08d77-GrpcLogAppender: Wait interrupted by java.lang.InterruptedException
2023-06-17 14:27:31,041 [grpc-default-executor-1] INFO  server.GrpcServerProtocolService (GrpcServerProtocolService.java:onCompleted(155)) - 8624e205-2d39-4523-82ac-4c9e49e08d77: Completed APPEND_ENTRIES, lastRequest: null
2023-06-17 14:27:31,039 [9b904d97-ba57-4d1c-b750-04e93ad7e320-impl-thread4] INFO  impl.PendingRequests (PendingRequests.java:sendNotLeaderResponses(289)) - 9b904d97-ba57-4d1c-b750-04e93ad7e320@group-4103141B7879-PendingRequests: sendNotLeaderResponses
2023-06-17 14:27:31,042 [Thread-840] INFO  server.GrpcServerProtocolClient (GrpcServerProtocolClient.java:close(103)) - 50e7a123-fb10-4f6b-bd10-2c6e895f4416 Close channels
2023-06-17 14:27:31,039 [9b904d97-ba57-4d1c-b750-04e93ad7e320@group-4103141B7879->50e7a123-fb10-4f6b-bd10-2c6e895f4416-GrpcLogAppender-LogAppenderDaemon] WARN  server.GrpcLogAppender (GrpcLogAppender.java:mayWait(199)) - 9b904d97-ba57-4d1c-b750-04e93ad7e320@group-4103141B7879->50e7a123-fb10-4f6b-bd10-2c6e895f4416-GrpcLogAppender: Wait interrupted by java.lang.InterruptedException
2023-06-17 14:27:31,050 [grpc-default-executor-1] INFO  server.GrpcServerProtocolService (GrpcServerProtocolService.java:lambda$onCompleted$5(157)) - 8624e205-2d39-4523-82ac-4c9e49e08d77: Completed APPEND_ENTRIES, lastReply: serverReply {
  requestorId: "9b904d97-ba57-4d1c-b750-04e93ad7e320"
  replyId: "8624e205-2d39-4523-82ac-4c9e49e08d77"
  raftGroupId {
    id: "\006\235o\214\032LL\207\2020A\003\024\033xy"
  }
  callId: 1225
  success: true
}
term: 1
nextIndex: 1041
followerCommit: 1040
matchIndex: 18446744073709551615
isHearbeat: true

2023-06-17 14:27:31,047 [grpc-default-executor-3] INFO  server.GrpcServerProtocolService (GrpcServerProtocolService.java:onCompleted(155)) - 8624e205-2d39-4523-82ac-4c9e49e08d77: Completed APPEND_ENTRIES, lastRequest: 9b904d97-ba57-4d1c-b750-04e93ad7e320->8624e205-2d39-4523-82ac-4c9e49e08d77#1175-t1,previous=(t:1, i:1039),leaderCommit=1040,initializing? true,entries: size=1, first=(t:1, i:1040), METADATAENTRY(c:1039)
2023-06-17 14:27:31,047 [9b904d97-ba57-4d1c-b750-04e93ad7e320@group-4103141B7879-StateMachineUpdater] INFO  ratis.ContainerStateMachine (ContainerStateMachine.java:takeSnapshot(330)) - group-4103141B7879: Taking a snapshot at:(t:1, i:1040) file /home/runner/work/ozone/ozone/hadoop-ozone/integration-test/target/test-dir/MiniOzoneClusterImpl-68882fc2-21fb-4ea4-940d-4f92d2da87ec/datanode-0/data/ratis/069d6f8c-1a4c-4c87-8230-4103141b7879/sm/snapshot.1_1040
2023-06-17 14:27:31,047 [9b904d97-ba57-4d1c-b750-04e93ad7e320-impl-thread4] INFO  impl.StateMachineUpdater (StateMachineUpdater.java:stopAndJoin(155)) - 9b904d97-ba57-4d1c-b750-04e93ad7e320@group-4103141B7879-StateMachineUpdater: set stopIndex = 1040
2023-06-17 14:27:31,056 [grpc-default-executor-3] INFO  server.GrpcServerProtocolService (GrpcServerProtocolService.java:lambda$onCompleted$5(157)) - 8624e205-2d39-4523-82ac-4c9e49e08d77: Completed APPEND_ENTRIES, lastReply: null
2023-06-17 14:27:31,057 [Thread-842] INFO  server.GrpcServerProtocolClient (GrpcServerProtocolClient.java:close(103)) - 9b904d97-ba57-4d1c-b750-04e93ad7e320 Close channels
2023-06-17 14:27:31,058 [grpc-default-executor-1] INFO  server.GrpcLogAppender (GrpcLogAppender.java:onCompleted(428)) - 9b904d97-ba57-4d1c-b750-04e93ad7e320@group-4103141B7879->8624e205-2d39-4523-82ac-4c9e49e08d77-AppendLogResponseHandler: follower responses appendEntries COMPLETED
2023-06-17 14:27:31,058 [ForkJoinPool.commonPool-worker-1] INFO  ozoneimpl.OzoneContainer (OzoneContainer.java:stop(433)) - Attempting to stop container services.
2023-06-17 14:27:31,059 [ForkJoinPool.commonPool-worker-1] INFO  server.RaftServer (RaftServerProxy.java:lambda$close$6(416)) - 50e7a123-fb10-4f6b-bd10-2c6e895f4416: close
2023-06-17 14:27:31,059 [grpc-default-executor-1] WARN  server.GrpcLogAppender (GrpcLogAppender.java:resetClient(137)) - 9b904d97-ba57-4d1c-b750-04e93ad7e320@group-4103141B7879->8624e205-2d39-4523-82ac-4c9e49e08d77-GrpcLogAppender: Failed to getClient for 8624e205-2d39-4523-82ac-4c9e49e08d77
org.apache.ratis.protocol.exceptions.AlreadyClosedException: 9b904d97-ba57-4d1c-b750-04e93ad7e320 is already CLOSED
	at org.apache.ratis.util.PeerProxyMap$PeerAndProxy.getProxy(PeerProxyMap.java:61)
	at org.apache.ratis.util.PeerProxyMap.getProxy(PeerProxyMap.java:115)
	at org.apache.ratis.grpc.server.GrpcLogAppender.getClient(GrpcLogAppender.java:112)
	at org.apache.ratis.grpc.server.GrpcLogAppender.resetClient(GrpcLogAppender.java:117)
	at org.apache.ratis.grpc.server.GrpcLogAppender.access$500(GrpcLogAppender.java:56)
	at org.apache.ratis.grpc.server.GrpcLogAppender$AppendLogResponseHandler.onCompleted(GrpcLogAppender.java:429)
	at org.apache.ratis.thirdparty.io.grpc.stub.ClientCalls$StreamObserverToCallListenerAdapter.onClose(ClientCalls.java:485)
	at org.apache.ratis.thirdparty.io.grpc.internal.DelayedClientCall$DelayedListener$3.run(DelayedClientCall.java:471)
	at org.apache.ratis.thirdparty.io.grpc.internal.DelayedClientCall$DelayedListener.delayOrExecute(DelayedClientCall.java:435)
	at org.apache.ratis.thirdparty.io.grpc.internal.DelayedClientCall$DelayedListener.onClose(DelayedClientCall.java:468)
	at org.apache.ratis.thirdparty.io.grpc.internal.ClientCallImpl.closeObserver(ClientCallImpl.java:563)
	at org.apache.ratis.thirdparty.io.grpc.internal.ClientCallImpl.access$300(ClientCallImpl.java:70)
	at org.apache.ratis.thirdparty.io.grpc.internal.ClientCallImpl$ClientStreamListenerImpl$1StreamClosed.runInternal(ClientCallImpl.java:744)
	at org.apache.ratis.thirdparty.io.grpc.internal.ClientCallImpl$ClientStreamListenerImpl$1StreamClosed.runInContext(ClientCallImpl.java:723)
	at org.apache.ratis.thirdparty.io.grpc.internal.ContextRunnable.run(ContextRunnable.java:37)
	at org.apache.ratis.thirdparty.io.grpc.internal.SerializingExecutor.run(SerializingExecutor.java:133)
	at java.util.concurrent.ThreadPoolExecutor.runWorker(ThreadPoolExecutor.java:1149)
	at java.util.concurrent.ThreadPoolExecutor$Worker.run(ThreadPoolExecutor.java:624)
	at java.lang.Thread.run(Thread.java:750)
2023-06-17 14:27:31,059 [50e7a123-fb10-4f6b-bd10-2c6e895f4416-impl-thread2] INFO  server.RaftServer$Division (RaftServerImpl.java:lambda$close$4(466)) - 50e7a123-fb10-4f6b-bd10-2c6e895f4416@group-F1BA168EBC4E: shutdown
2023-06-17 14:27:31,061 [grpc-default-executor-6] INFO  server.GrpcServerProtocolService (GrpcServerProtocolService.java:onCompleted(155)) - 50e7a123-fb10-4f6b-bd10-2c6e895f4416: Completed APPEND_ENTRIES, lastRequest: 9b904d97-ba57-4d1c-b750-04e93ad7e320->50e7a123-fb10-4f6b-bd10-2c6e895f4416#1188-t1,previous=(t:1, i:1039),leaderCommit=1039,initializing? true,entries: size=1, first=(t:1, i:1040), METADATAENTRY(c:1039)
2023-06-17 14:27:31,061 [50e7a123-fb10-4f6b-bd10-2c6e895f4416-impl-thread2] INFO  util.JmxRegister (JmxRegister.java:unregister(73)) - Successfully un-registered JMX Bean with object name Ratis:service=RaftServer,group=group-F1BA168EBC4E,id=50e7a123-fb10-4f6b-bd10-2c6e895f4416
2023-06-17 14:27:31,061 [50e7a123-fb10-4f6b-bd10-2c6e895f4416-impl-thread2] INFO  impl.RoleInfo (RoleInfo.java:shutdownLeaderState(93)) - 50e7a123-fb10-4f6b-bd10-2c6e895f4416: shutdown 50e7a123-fb10-4f6b-bd10-2c6e895f4416@group-F1BA168EBC4E-LeaderStateImpl
2023-06-17 14:27:31,062 [50e7a123-fb10-4f6b-bd10-2c6e895f4416-impl-thread2] INFO  impl.PendingRequests (PendingRequests.java:sendNotLeaderResponses(289)) - 50e7a123-fb10-4f6b-bd10-2c6e895f4416@group-F1BA168EBC4E-PendingRequests: sendNotLeaderResponses
2023-06-17 14:27:31,062 [50e7a123-fb10-4f6b-bd10-2c6e895f4416@group-F1BA168EBC4E-StateMachineUpdater] INFO  ratis.ContainerStateMachine (ContainerStateMachine.java:takeSnapshot(330)) - group-F1BA168EBC4E: Taking a snapshot at:(t:1, i:0) file /home/runner/work/ozone/ozone/hadoop-ozone/integration-test/target/test-dir/MiniOzoneClusterImpl-68882fc2-21fb-4ea4-940d-4f92d2da87ec/datanode-2/data/ratis/6178a0a1-3159-459d-9c03-f1ba168ebc4e/sm/snapshot.1_0
2023-06-17 14:27:31,061 [grpc-default-executor-6] INFO  server.GrpcServerProtocolService (GrpcServerProtocolService.java:lambda$onCompleted$5(157)) - 50e7a123-fb10-4f6b-bd10-2c6e895f4416: Completed APPEND_ENTRIES, lastReply: null
2023-06-17 14:27:31,063 [50e7a123-fb10-4f6b-bd10-2c6e895f4416-impl-thread2] INFO  impl.StateMachineUpdater (StateMachineUpdater.java:stopAndJoin(155)) - 50e7a123-fb10-4f6b-bd10-2c6e895f4416@group-F1BA168EBC4E-StateMachineUpdater: set stopIndex = 0
2023-06-17 14:27:31,063 [50e7a123-fb10-4f6b-bd10-2c6e895f4416-impl-thread3] INFO  server.RaftServer$Division (RaftServerImpl.java:lambda$close$4(466)) - 50e7a123-fb10-4f6b-bd10-2c6e895f4416@group-7AA2029A76D4: shutdown
2023-06-17 14:27:31,063 [50e7a123-fb10-4f6b-bd10-2c6e895f4416-impl-thread3] INFO  util.JmxRegister (JmxRegister.java:unregister(73)) - Successfully un-registered JMX Bean with object name Ratis:service=RaftServer,group=group-7AA2029A76D4,id=50e7a123-fb10-4f6b-bd10-2c6e895f4416
2023-06-17 14:27:31,063 [50e7a123-fb10-4f6b-bd10-2c6e895f4416-impl-thread3] INFO  impl.RoleInfo (RoleInfo.java:shutdownLeaderState(93)) - 50e7a123-fb10-4f6b-bd10-2c6e895f4416: shutdown 50e7a123-fb10-4f6b-bd10-2c6e895f4416@group-7AA2029A76D4-LeaderStateImpl
2023-06-17 14:27:31,066 [ForkJoinPool.commonPool-worker-1] INFO  server.GrpcService (GrpcService.java:closeImpl(311)) - 50e7a123-fb10-4f6b-bd10-2c6e895f4416: shutdown server org.apache.ratis.grpc.server.GrpcClientProtocolService now
2023-06-17 14:27:31,066 [50e7a123-fb10-4f6b-bd10-2c6e895f4416-impl-thread4] INFO  server.RaftServer$Division (RaftServerImpl.java:lambda$close$4(466)) - 50e7a123-fb10-4f6b-bd10-2c6e895f4416@group-4103141B7879: shutdown
2023-06-17 14:27:31,066 [50e7a123-fb10-4f6b-bd10-2c6e895f4416-impl-thread4] INFO  util.JmxRegister (JmxRegister.java:unregister(73)) - Successfully un-registered JMX Bean with object name Ratis:service=RaftServer,group=group-4103141B7879,id=50e7a123-fb10-4f6b-bd10-2c6e895f4416
2023-06-17 14:27:31,066 [50e7a123-fb10-4f6b-bd10-2c6e895f4416-impl-thread4] INFO  impl.RoleInfo (RoleInfo.java:shutdownFollowerState(110)) - 50e7a123-fb10-4f6b-bd10-2c6e895f4416: shutdown 50e7a123-fb10-4f6b-bd10-2c6e895f4416@group-4103141B7879-FollowerState
2023-06-17 14:27:31,086 [Thread-847] INFO  server.GrpcServerProtocolClient (GrpcServerProtocolClient.java:close(103)) - 8624e205-2d39-4523-82ac-4c9e49e08d77 Close channels
2023-06-17 14:27:31,088 [50e7a123-fb10-4f6b-bd10-2c6e895f4416-impl-thread4] INFO  impl.StateMachineUpdater (StateMachineUpdater.java:stopAndJoin(155)) - 50e7a123-fb10-4f6b-bd10-2c6e895f4416@group-4103141B7879-StateMachineUpdater: set stopIndex = 1040
2023-06-17 14:27:31,088 [50e7a123-fb10-4f6b-bd10-2c6e895f4416@group-4103141B7879-FollowerState] INFO  impl.FollowerState (FollowerState.java:run(152)) - 50e7a123-fb10-4f6b-bd10-2c6e895f4416@group-4103141B7879-FollowerState was interrupted
2023-06-17 14:27:31,088 [50e7a123-fb10-4f6b-bd10-2c6e895f4416-impl-thread3] INFO  impl.PendingRequests (PendingRequests.java:sendNotLeaderResponses(289)) - 50e7a123-fb10-4f6b-bd10-2c6e895f4416@group-7AA2029A76D4-PendingRequests: sendNotLeaderResponses
2023-06-17 14:27:31,088 [50e7a123-fb10-4f6b-bd10-2c6e895f4416@group-7AA2029A76D4->8624e205-2d39-4523-82ac-4c9e49e08d77-GrpcLogAppender-LogAppenderDaemon] WARN  server.GrpcLogAppender (GrpcLogAppender.java:mayWait(199)) - 50e7a123-fb10-4f6b-bd10-2c6e895f4416@group-7AA2029A76D4->8624e205-2d39-4523-82ac-4c9e49e08d77-GrpcLogAppender: Wait interrupted by java.lang.InterruptedException
2023-06-17 14:27:31,089 [50e7a123-fb10-4f6b-bd10-2c6e895f4416@group-7AA2029A76D4->9b904d97-ba57-4d1c-b750-04e93ad7e320-GrpcLogAppender-LogAppenderDaemon] WARN  server.GrpcLogAppender (GrpcLogAppender.java:mayWait(199)) - 50e7a123-fb10-4f6b-bd10-2c6e895f4416@group-7AA2029A76D4->9b904d97-ba57-4d1c-b750-04e93ad7e320-GrpcLogAppender: Wait interrupted by java.lang.InterruptedException
2023-06-17 14:27:31,090 [grpc-default-executor-6] INFO  server.GrpcLogAppender (GrpcLogAppender.java:onCompleted(428)) - 9b904d97-ba57-4d1c-b750-04e93ad7e320@group-4103141B7879->50e7a123-fb10-4f6b-bd10-2c6e895f4416-AppendLogResponseHandler: follower responses appendEntries COMPLETED
2023-06-17 14:27:31,090 [grpc-default-executor-6] WARN  server.GrpcLogAppender (GrpcLogAppender.java:resetClient(137)) - 9b904d97-ba57-4d1c-b750-04e93ad7e320@group-4103141B7879->50e7a123-fb10-4f6b-bd10-2c6e895f4416-GrpcLogAppender: Failed to getClient for 50e7a123-fb10-4f6b-bd10-2c6e895f4416
org.apache.ratis.protocol.exceptions.AlreadyClosedException: 9b904d97-ba57-4d1c-b750-04e93ad7e320 is already CLOSED
	at org.apache.ratis.util.PeerProxyMap$PeerAndProxy.getProxy(PeerProxyMap.java:61)
	at org.apache.ratis.util.PeerProxyMap.getProxy(PeerProxyMap.java:115)
	at org.apache.ratis.grpc.server.GrpcLogAppender.getClient(GrpcLogAppender.java:112)
	at org.apache.ratis.grpc.server.GrpcLogAppender.resetClient(GrpcLogAppender.java:117)
	at org.apache.ratis.grpc.server.GrpcLogAppender.access$500(GrpcLogAppender.java:56)
	at org.apache.ratis.grpc.server.GrpcLogAppender$AppendLogResponseHandler.onCompleted(GrpcLogAppender.java:429)
	at org.apache.ratis.thirdparty.io.grpc.stub.ClientCalls$StreamObserverToCallListenerAdapter.onClose(ClientCalls.java:485)
	at org.apache.ratis.thirdparty.io.grpc.internal.ClientCallImpl.closeObserver(ClientCallImpl.java:563)
	at org.apache.ratis.thirdparty.io.grpc.internal.ClientCallImpl.access$300(ClientCallImpl.java:70)
	at org.apache.ratis.thirdparty.io.grpc.internal.ClientCallImpl$ClientStreamListenerImpl$1StreamClosed.runInternal(ClientCallImpl.java:744)
	at org.apache.ratis.thirdparty.io.grpc.internal.ClientCallImpl$ClientStreamListenerImpl$1StreamClosed.runInContext(ClientCallImpl.java:723)
	at org.apache.ratis.thirdparty.io.grpc.internal.ContextRunnable.run(ContextRunnable.java:37)
	at org.apache.ratis.thirdparty.io.grpc.internal.SerializingExecutor.run(SerializingExecutor.java:133)
	at java.util.concurrent.ThreadPoolExecutor.runWorker(ThreadPoolExecutor.java:1149)
	at java.util.concurrent.ThreadPoolExecutor$Worker.run(ThreadPoolExecutor.java:624)
	at java.lang.Thread.run(Thread.java:750)
2023-06-17 14:27:31,090 [grpc-default-executor-1] INFO  server.GrpcLogAppender (GrpcLogAppender.java:onCompleted(428)) - 9b904d97-ba57-4d1c-b750-04e93ad7e320@group-4103141B7879->8624e205-2d39-4523-82ac-4c9e49e08d77-AppendLogResponseHandler: follower responses appendEntries COMPLETED
2023-06-17 14:27:31,090 [grpc-default-executor-1] WARN  server.GrpcLogAppender (GrpcLogAppender.java:resetClient(137)) - 9b904d97-ba57-4d1c-b750-04e93ad7e320@group-4103141B7879->8624e205-2d39-4523-82ac-4c9e49e08d77-GrpcLogAppender: Failed to getClient for 8624e205-2d39-4523-82ac-4c9e49e08d77
org.apache.ratis.protocol.exceptions.AlreadyClosedException: 9b904d97-ba57-4d1c-b750-04e93ad7e320 is already CLOSED
	at org.apache.ratis.util.PeerProxyMap$PeerAndProxy.getProxy(PeerProxyMap.java:61)
	at org.apache.ratis.util.PeerProxyMap.getProxy(PeerProxyMap.java:115)
	at org.apache.ratis.grpc.server.GrpcLogAppender.getClient(GrpcLogAppender.java:112)
	at org.apache.ratis.grpc.server.GrpcLogAppender.resetClient(GrpcLogAppender.java:117)
	at org.apache.ratis.grpc.server.GrpcLogAppender.access$500(GrpcLogAppender.java:56)
	at org.apache.ratis.grpc.server.GrpcLogAppender$AppendLogResponseHandler.onCompleted(GrpcLogAppender.java:429)
	at org.apache.ratis.thirdparty.io.grpc.stub.ClientCalls$StreamObserverToCallListenerAdapter.onClose(ClientCalls.java:485)
	at org.apache.ratis.thirdparty.io.grpc.internal.ClientCallImpl.closeObserver(ClientCallImpl.java:563)
	at org.apache.ratis.thirdparty.io.grpc.internal.ClientCallImpl.access$300(ClientCallImpl.java:70)
	at org.apache.ratis.thirdparty.io.grpc.internal.ClientCallImpl$ClientStreamListenerImpl$1StreamClosed.runInternal(ClientCallImpl.java:744)
	at org.apache.ratis.thirdparty.io.grpc.internal.ClientCallImpl$ClientStreamListenerImpl$1StreamClosed.runInContext(ClientCallImpl.java:723)
	at org.apache.ratis.thirdparty.io.grpc.internal.ContextRunnable.run(ContextRunnable.java:37)
	at org.apache.ratis.thirdparty.io.grpc.internal.SerializingExecutor.run(SerializingExecutor.java:133)
	at java.util.concurrent.ThreadPoolExecutor.runWorker(ThreadPoolExecutor.java:1149)
	at java.util.concurrent.ThreadPoolExecutor$Worker.run(ThreadPoolExecutor.java:624)
	at java.lang.Thread.run(Thread.java:750)
2023-06-17 14:27:31,092 [50e7a123-fb10-4f6b-bd10-2c6e895f4416@group-F1BA168EBC4E-StateMachineUpdater] INFO  ratis.ContainerStateMachine (ContainerStateMachine.java:takeSnapshot(341)) - group-F1BA168EBC4E: Finished taking a snapshot at:(t:1, i:0) file:/home/runner/work/ozone/ozone/hadoop-ozone/integration-test/target/test-dir/MiniOzoneClusterImpl-68882fc2-21fb-4ea4-940d-4f92d2da87ec/datanode-2/data/ratis/6178a0a1-3159-459d-9c03-f1ba168ebc4e/sm/snapshot.1_0 took: 30 ms
2023-06-17 14:27:31,092 [8624e205-2d39-4523-82ac-4c9e49e08d77@group-D40AD2ACF1D8-StateMachineUpdater] INFO  ratis.ContainerStateMachine (ContainerStateMachine.java:takeSnapshot(341)) - group-D40AD2ACF1D8: Finished taking a snapshot at:(t:1, i:0) file:/home/runner/work/ozone/ozone/hadoop-ozone/integration-test/target/test-dir/MiniOzoneClusterImpl-68882fc2-21fb-4ea4-940d-4f92d2da87ec/datanode-1/data/ratis/960348f6-8480-4b89-8883-d40ad2acf1d8/sm/snapshot.1_0 took: 77 ms
2023-06-17 14:27:31,095 [8624e205-2d39-4523-82ac-4c9e49e08d77@group-D40AD2ACF1D8-StateMachineUpdater] INFO  impl.StateMachineUpdater (StateMachineUpdater.java:takeSnapshot(291)) - 8624e205-2d39-4523-82ac-4c9e49e08d77@group-D40AD2ACF1D8-StateMachineUpdater: Took a snapshot at index 0
2023-06-17 14:27:31,095 [8624e205-2d39-4523-82ac-4c9e49e08d77@group-D40AD2ACF1D8-StateMachineUpdater] INFO  impl.StateMachineUpdater (StateMachineUpdater.java:lambda$new$0(97)) - 8624e205-2d39-4523-82ac-4c9e49e08d77@group-D40AD2ACF1D8-StateMachineUpdater: snapshotIndex: updateIncreasingly -1 -> 0
2023-06-17 14:27:31,096 [50e7a123-fb10-4f6b-bd10-2c6e895f4416@group-4103141B7879-StateMachineUpdater] INFO  ratis.ContainerStateMachine (ContainerStateMachine.java:takeSnapshot(330)) - group-4103141B7879: Taking a snapshot at:(t:1, i:1040) file /home/runner/work/ozone/ozone/hadoop-ozone/integration-test/target/test-dir/MiniOzoneClusterImpl-68882fc2-21fb-4ea4-940d-4f92d2da87ec/datanode-2/data/ratis/069d6f8c-1a4c-4c87-8230-4103141b7879/sm/snapshot.1_1040
2023-06-17 14:27:31,092 [9b904d97-ba57-4d1c-b750-04e93ad7e320@group-CA04535E9BA0-StateMachineUpdater] INFO  ratis.ContainerStateMachine (ContainerStateMachine.java:takeSnapshot(341)) - group-CA04535E9BA0: Finished taking a snapshot at:(t:1, i:0) file:/home/runner/work/ozone/ozone/hadoop-ozone/integration-test/target/test-dir/MiniOzoneClusterImpl-68882fc2-21fb-4ea4-940d-4f92d2da87ec/datanode-0/data/ratis/4a5841fe-122a-447a-a9f8-ca04535e9ba0/sm/snapshot.1_0 took: 73 ms
2023-06-17 14:27:31,097 [9b904d97-ba57-4d1c-b750-04e93ad7e320@group-CA04535E9BA0-StateMachineUpdater] INFO  impl.StateMachineUpdater (StateMachineUpdater.java:takeSnapshot(291)) - 9b904d97-ba57-4d1c-b750-04e93ad7e320@group-CA04535E9BA0-StateMachineUpdater: Took a snapshot at index 0
2023-06-17 14:27:31,097 [9b904d97-ba57-4d1c-b750-04e93ad7e320@group-CA04535E9BA0-StateMachineUpdater] INFO  impl.StateMachineUpdater (StateMachineUpdater.java:lambda$new$0(97)) - 9b904d97-ba57-4d1c-b750-04e93ad7e320@group-CA04535E9BA0-StateMachineUpdater: snapshotIndex: updateIncreasingly -1 -> 0
2023-06-17 14:27:31,097 [50e7a123-fb10-4f6b-bd10-2c6e895f4416@group-4103141B7879-StateMachineUpdater] INFO  ratis.ContainerStateMachine (ContainerStateMachine.java:takeSnapshot(341)) - group-4103141B7879: Finished taking a snapshot at:(t:1, i:1040) file:/home/runner/work/ozone/ozone/hadoop-ozone/integration-test/target/test-dir/MiniOzoneClusterImpl-68882fc2-21fb-4ea4-940d-4f92d2da87ec/datanode-2/data/ratis/069d6f8c-1a4c-4c87-8230-4103141b7879/sm/snapshot.1_1040 took: 1 ms
2023-06-17 14:27:31,097 [9b904d97-ba57-4d1c-b750-04e93ad7e320@group-4103141B7879-StateMachineUpdater] INFO  ratis.ContainerStateMachine (ContainerStateMachine.java:takeSnapshot(341)) - group-4103141B7879: Finished taking a snapshot at:(t:1, i:1040) file:/home/runner/work/ozone/ozone/hadoop-ozone/integration-test/target/test-dir/MiniOzoneClusterImpl-68882fc2-21fb-4ea4-940d-4f92d2da87ec/datanode-0/data/ratis/069d6f8c-1a4c-4c87-8230-4103141b7879/sm/snapshot.1_1040 took: 50 ms
2023-06-17 14:27:31,101 [8624e205-2d39-4523-82ac-4c9e49e08d77@group-7AA2029A76D4-StateMachineUpdater] INFO  ratis.ContainerStateMachine (ContainerStateMachine.java:takeSnapshot(341)) - group-7AA2029A76D4: Finished taking a snapshot at:(t:1, i:1039) file:/home/runner/work/ozone/ozone/hadoop-ozone/integration-test/target/test-dir/MiniOzoneClusterImpl-68882fc2-21fb-4ea4-940d-4f92d2da87ec/datanode-1/data/ratis/8722a696-13c5-4ce8-9392-7aa2029a76d4/sm/snapshot.1_1039 took: 77 ms
2023-06-17 14:27:31,101 [9b904d97-ba57-4d1c-b750-04e93ad7e320@group-7AA2029A76D4-StateMachineUpdater] INFO  ratis.ContainerStateMachine (ContainerStateMachine.java:takeSnapshot(341)) - group-7AA2029A76D4: Finished taking a snapshot at:(t:1, i:1039) file:/home/runner/work/ozone/ozone/hadoop-ozone/integration-test/target/test-dir/MiniOzoneClusterImpl-68882fc2-21fb-4ea4-940d-4f92d2da87ec/datanode-0/data/ratis/8722a696-13c5-4ce8-9392-7aa2029a76d4/sm/snapshot.1_1039 took: 72 ms
2023-06-17 14:27:31,102 [8624e205-2d39-4523-82ac-4c9e49e08d77@group-7AA2029A76D4-StateMachineUpdater] INFO  impl.StateMachineUpdater (StateMachineUpdater.java:takeSnapshot(291)) - 8624e205-2d39-4523-82ac-4c9e49e08d77@group-7AA2029A76D4-StateMachineUpdater: Took a snapshot at index 1039
2023-06-17 14:27:31,102 [8624e205-2d39-4523-82ac-4c9e49e08d77@group-7AA2029A76D4-StateMachineUpdater] INFO  impl.StateMachineUpdater (StateMachineUpdater.java:lambda$new$0(97)) - 8624e205-2d39-4523-82ac-4c9e49e08d77@group-7AA2029A76D4-StateMachineUpdater: snapshotIndex: updateIncreasingly -1 -> 1039
2023-06-17 14:27:31,102 [9b904d97-ba57-4d1c-b750-04e93ad7e320@group-7AA2029A76D4-StateMachineUpdater] INFO  impl.StateMachineUpdater (StateMachineUpdater.java:takeSnapshot(291)) - 9b904d97-ba57-4d1c-b750-04e93ad7e320@group-7AA2029A76D4-StateMachineUpdater: Took a snapshot at index 1039
2023-06-17 14:27:31,102 [9b904d97-ba57-4d1c-b750-04e93ad7e320@group-7AA2029A76D4-StateMachineUpdater] INFO  impl.StateMachineUpdater (StateMachineUpdater.java:lambda$new$0(97)) - 9b904d97-ba57-4d1c-b750-04e93ad7e320@group-7AA2029A76D4-StateMachineUpdater: snapshotIndex: updateIncreasingly -1 -> 1039
2023-06-17 14:27:31,102 [Thread-848] INFO  server.GrpcServerProtocolClient (GrpcServerProtocolClient.java:close(103)) - 9b904d97-ba57-4d1c-b750-04e93ad7e320 Close channels
2023-06-17 14:27:31,102 [9b904d97-ba57-4d1c-b750-04e93ad7e320@group-4103141B7879-StateMachineUpdater] INFO  impl.StateMachineUpdater (StateMachineUpdater.java:takeSnapshot(291)) - 9b904d97-ba57-4d1c-b750-04e93ad7e320@group-4103141B7879-StateMachineUpdater: Took a snapshot at index 1040
2023-06-17 14:27:31,102 [9b904d97-ba57-4d1c-b750-04e93ad7e320@group-4103141B7879-StateMachineUpdater] INFO  impl.StateMachineUpdater (StateMachineUpdater.java:lambda$new$0(97)) - 9b904d97-ba57-4d1c-b750-04e93ad7e320@group-4103141B7879-StateMachineUpdater: snapshotIndex: updateIncreasingly -1 -> 1040
2023-06-17 14:27:31,102 [50e7a123-fb10-4f6b-bd10-2c6e895f4416@group-4103141B7879-StateMachineUpdater] INFO  impl.StateMachineUpdater (StateMachineUpdater.java:takeSnapshot(291)) - 50e7a123-fb10-4f6b-bd10-2c6e895f4416@group-4103141B7879-StateMachineUpdater: Took a snapshot at index 1040
2023-06-17 14:27:31,103 [50e7a123-fb10-4f6b-bd10-2c6e895f4416@group-4103141B7879-StateMachineUpdater] INFO  impl.StateMachineUpdater (StateMachineUpdater.java:lambda$new$0(97)) - 50e7a123-fb10-4f6b-bd10-2c6e895f4416@group-4103141B7879-StateMachineUpdater: snapshotIndex: updateIncreasingly -1 -> 1040
2023-06-17 14:27:31,103 [8624e205-2d39-4523-82ac-4c9e49e08d77@group-4103141B7879-StateMachineUpdater] INFO  ratis.ContainerStateMachine (ContainerStateMachine.java:takeSnapshot(341)) - group-4103141B7879: Finished taking a snapshot at:(t:1, i:1040) file:/home/runner/work/ozone/ozone/hadoop-ozone/integration-test/target/test-dir/MiniOzoneClusterImpl-68882fc2-21fb-4ea4-940d-4f92d2da87ec/datanode-1/data/ratis/069d6f8c-1a4c-4c87-8230-4103141b7879/sm/snapshot.1_1040 took: 76 ms
2023-06-17 14:27:31,104 [8624e205-2d39-4523-82ac-4c9e49e08d77@group-4103141B7879-StateMachineUpdater] INFO  impl.StateMachineUpdater (StateMachineUpdater.java:takeSnapshot(291)) - 8624e205-2d39-4523-82ac-4c9e49e08d77@group-4103141B7879-StateMachineUpdater: Took a snapshot at index 1040
2023-06-17 14:27:31,104 [8624e205-2d39-4523-82ac-4c9e49e08d77@group-4103141B7879-StateMachineUpdater] INFO  impl.StateMachineUpdater (StateMachineUpdater.java:lambda$new$0(97)) - 8624e205-2d39-4523-82ac-4c9e49e08d77@group-4103141B7879-StateMachineUpdater: snapshotIndex: updateIncreasingly -1 -> 1040
2023-06-17 14:27:31,104 [50e7a123-fb10-4f6b-bd10-2c6e895f4416@group-F1BA168EBC4E-StateMachineUpdater] INFO  impl.StateMachineUpdater (StateMachineUpdater.java:takeSnapshot(291)) - 50e7a123-fb10-4f6b-bd10-2c6e895f4416@group-F1BA168EBC4E-StateMachineUpdater: Took a snapshot at index 0
2023-06-17 14:27:31,104 [50e7a123-fb10-4f6b-bd10-2c6e895f4416@group-F1BA168EBC4E-StateMachineUpdater] INFO  impl.StateMachineUpdater (StateMachineUpdater.java:lambda$new$0(97)) - 50e7a123-fb10-4f6b-bd10-2c6e895f4416@group-F1BA168EBC4E-StateMachineUpdater: snapshotIndex: updateIncreasingly -1 -> 0
2023-06-17 14:27:31,104 [main] INFO  server.GrpcService (GrpcService.java:closeImpl(320)) - 8624e205-2d39-4523-82ac-4c9e49e08d77: shutdown server org.apache.ratis.grpc.server.GrpcClientProtocolService successfully
2023-06-17 14:27:31,104 [main] INFO  server.GrpcService (GrpcService.java:closeImpl(311)) - 8624e205-2d39-4523-82ac-4c9e49e08d77: shutdown server GrpcServerProtocolService now
2023-06-17 14:27:31,107 [8624e205-2d39-4523-82ac-4c9e49e08d77-impl-thread2] INFO  server.RaftServer$Division (ServerState.java:close(472)) - 8624e205-2d39-4523-82ac-4c9e49e08d77@group-D40AD2ACF1D8: closes. applyIndex: 0
2023-06-17 14:27:31,107 [9b904d97-ba57-4d1c-b750-04e93ad7e320-impl-thread2] INFO  server.RaftServer$Division (ServerState.java:close(472)) - 9b904d97-ba57-4d1c-b750-04e93ad7e320@group-CA04535E9BA0: closes. applyIndex: 0
2023-06-17 14:27:31,107 [grpc-default-executor-1] INFO  server.GrpcServerProtocolService (GrpcServerProtocolService.java:onCompleted(155)) - 50e7a123-fb10-4f6b-bd10-2c6e895f4416: Completed APPEND_ENTRIES, lastRequest: null
2023-06-17 14:27:31,108 [grpc-default-executor-1] INFO  server.GrpcServerProtocolService (GrpcServerProtocolService.java:lambda$onCompleted$5(157)) - 50e7a123-fb10-4f6b-bd10-2c6e895f4416: Completed APPEND_ENTRIES, lastReply: serverReply {
  requestorId: "9b904d97-ba57-4d1c-b750-04e93ad7e320"
  replyId: "50e7a123-fb10-4f6b-bd10-2c6e895f4416"
  raftGroupId {
    id: "\006\235o\214\032LL\207\2020A\003\024\033xy"
  }
  callId: 1240
  success: true
}
term: 1
nextIndex: 1041
followerCommit: 1040
matchIndex: 18446744073709551615
isHearbeat: true

2023-06-17 14:27:31,108 [grpc-default-executor-6] INFO  server.GrpcServerProtocolService (GrpcServerProtocolService.java:onCompleted(155)) - 9b904d97-ba57-4d1c-b750-04e93ad7e320: Completed APPEND_ENTRIES, lastRequest: null
2023-06-17 14:27:31,109 [grpc-default-executor-6] INFO  server.GrpcServerProtocolService (GrpcServerProtocolService.java:lambda$onCompleted$5(157)) - 9b904d97-ba57-4d1c-b750-04e93ad7e320: Completed APPEND_ENTRIES, lastReply: serverReply {
  requestorId: "50e7a123-fb10-4f6b-bd10-2c6e895f4416"
  replyId: "9b904d97-ba57-4d1c-b750-04e93ad7e320"
  raftGroupId {
    id: "\207\"\246\226\023\305L\350\223\222z\242\002\232v\324"
  }
  callId: 1243
  success: true
}
term: 1
nextIndex: 1040
followerCommit: 1039
matchIndex: 18446744073709551615
isHearbeat: true

2023-06-17 14:27:31,110 [grpc-default-executor-1] INFO  server.GrpcServerProtocolService (GrpcServerProtocolService.java:onCompleted(155)) - 8624e205-2d39-4523-82ac-4c9e49e08d77: Completed APPEND_ENTRIES, lastRequest: 50e7a123-fb10-4f6b-bd10-2c6e895f4416->8624e205-2d39-4523-82ac-4c9e49e08d77#1177-t1,previous=(t:1, i:1038),leaderCommit=1038,initializing? true,entries: size=1, first=(t:1, i:1039), METADATAENTRY(c:1038)
2023-06-17 14:27:31,110 [grpc-default-executor-1] INFO  server.GrpcServerProtocolService (GrpcServerProtocolService.java:lambda$onCompleted$5(157)) - 8624e205-2d39-4523-82ac-4c9e49e08d77: Completed APPEND_ENTRIES, lastReply: null
2023-06-17 14:27:31,110 [grpc-default-executor-6] INFO  server.GrpcServerProtocolService (GrpcServerProtocolService.java:onCompleted(155)) - 8624e205-2d39-4523-82ac-4c9e49e08d77: Completed APPEND_ENTRIES, lastRequest: null
2023-06-17 14:27:31,110 [grpc-default-executor-6] INFO  server.GrpcServerProtocolService (GrpcServerProtocolService.java:lambda$onCompleted$5(157)) - 8624e205-2d39-4523-82ac-4c9e49e08d77: Completed APPEND_ENTRIES, lastReply: serverReply {
  requestorId: "50e7a123-fb10-4f6b-bd10-2c6e895f4416"
  replyId: "8624e205-2d39-4523-82ac-4c9e49e08d77"
  raftGroupId {
    id: "\207\"\246\226\023\305L\350\223\222z\242\002\232v\324"
  }
  callId: 1232
  success: true
}
term: 1
nextIndex: 1040
followerCommit: 1039
matchIndex: 18446744073709551615
isHearbeat: true

2023-06-17 14:27:31,111 [grpc-default-executor-3] INFO  server.GrpcServerProtocolService (GrpcServerProtocolService.java:onCompleted(155)) - 9b904d97-ba57-4d1c-b750-04e93ad7e320: Completed APPEND_ENTRIES, lastRequest: 50e7a123-fb10-4f6b-bd10-2c6e895f4416->9b904d97-ba57-4d1c-b750-04e93ad7e320#1190-t1,previous=(t:1, i:1038),leaderCommit=1038,initializing? true,entries: size=1, first=(t:1, i:1039), METADATAENTRY(c:1038)
2023-06-17 14:27:31,111 [grpc-default-executor-3] INFO  server.GrpcServerProtocolService (GrpcServerProtocolService.java:lambda$onCompleted$5(157)) - 9b904d97-ba57-4d1c-b750-04e93ad7e320: Completed APPEND_ENTRIES, lastReply: null
2023-06-17 14:27:31,115 [50e7a123-fb10-4f6b-bd10-2c6e895f4416-impl-thread2] INFO  server.RaftServer$Division (ServerState.java:close(472)) - 50e7a123-fb10-4f6b-bd10-2c6e895f4416@group-F1BA168EBC4E: closes. applyIndex: 0
2023-06-17 14:27:31,122 [50e7a123-fb10-4f6b-bd10-2c6e895f4416-impl-thread4] INFO  server.RaftServer$Division (ServerState.java:close(472)) - 50e7a123-fb10-4f6b-bd10-2c6e895f4416@group-4103141B7879: closes. applyIndex: 1040
2023-06-17 14:27:31,122 [8624e205-2d39-4523-82ac-4c9e49e08d77-impl-thread3] INFO  server.RaftServer$Division (ServerState.java:close(472)) - 8624e205-2d39-4523-82ac-4c9e49e08d77@group-7AA2029A76D4: closes. applyIndex: 1039
2023-06-17 14:27:31,123 [9b904d97-ba57-4d1c-b750-04e93ad7e320-impl-thread4] INFO  server.RaftServer$Division (ServerState.java:close(472)) - 9b904d97-ba57-4d1c-b750-04e93ad7e320@group-4103141B7879: closes. applyIndex: 1040
2023-06-17 14:27:31,123 [9b904d97-ba57-4d1c-b750-04e93ad7e320-impl-thread3] INFO  server.RaftServer$Division (ServerState.java:close(472)) - 9b904d97-ba57-4d1c-b750-04e93ad7e320@group-7AA2029A76D4: closes. applyIndex: 1039
2023-06-17 14:27:31,125 [50e7a123-fb10-4f6b-bd10-2c6e895f4416-impl-thread3] INFO  impl.StateMachineUpdater (StateMachineUpdater.java:stopAndJoin(155)) - 50e7a123-fb10-4f6b-bd10-2c6e895f4416@group-7AA2029A76D4-StateMachineUpdater: set stopIndex = 1039
2023-06-17 14:27:31,125 [50e7a123-fb10-4f6b-bd10-2c6e895f4416@group-7AA2029A76D4-StateMachineUpdater] INFO  ratis.ContainerStateMachine (ContainerStateMachine.java:takeSnapshot(330)) - group-7AA2029A76D4: Taking a snapshot at:(t:1, i:1039) file /home/runner/work/ozone/ozone/hadoop-ozone/integration-test/target/test-dir/MiniOzoneClusterImpl-68882fc2-21fb-4ea4-940d-4f92d2da87ec/datanode-2/data/ratis/8722a696-13c5-4ce8-9392-7aa2029a76d4/sm/snapshot.1_1039
2023-06-17 14:27:31,127 [50e7a123-fb10-4f6b-bd10-2c6e895f4416@group-7AA2029A76D4-StateMachineUpdater] INFO  ratis.ContainerStateMachine (ContainerStateMachine.java:takeSnapshot(341)) - group-7AA2029A76D4: Finished taking a snapshot at:(t:1, i:1039) file:/home/runner/work/ozone/ozone/hadoop-ozone/integration-test/target/test-dir/MiniOzoneClusterImpl-68882fc2-21fb-4ea4-940d-4f92d2da87ec/datanode-2/data/ratis/8722a696-13c5-4ce8-9392-7aa2029a76d4/sm/snapshot.1_1039 took: 2 ms
2023-06-17 14:27:31,128 [50e7a123-fb10-4f6b-bd10-2c6e895f4416@group-7AA2029A76D4-StateMachineUpdater] INFO  impl.StateMachineUpdater (StateMachineUpdater.java:takeSnapshot(291)) - 50e7a123-fb10-4f6b-bd10-2c6e895f4416@group-7AA2029A76D4-StateMachineUpdater: Took a snapshot at index 1039
2023-06-17 14:27:31,128 [50e7a123-fb10-4f6b-bd10-2c6e895f4416@group-7AA2029A76D4-StateMachineUpdater] INFO  impl.StateMachineUpdater (StateMachineUpdater.java:lambda$new$0(97)) - 50e7a123-fb10-4f6b-bd10-2c6e895f4416@group-7AA2029A76D4-StateMachineUpdater: snapshotIndex: updateIncreasingly -1 -> 1039
2023-06-17 14:27:31,129 [50e7a123-fb10-4f6b-bd10-2c6e895f4416-impl-thread3] INFO  server.RaftServer$Division (ServerState.java:close(472)) - 50e7a123-fb10-4f6b-bd10-2c6e895f4416@group-7AA2029A76D4: closes. applyIndex: 1039
2023-06-17 14:27:31,136 [8624e205-2d39-4523-82ac-4c9e49e08d77-impl-thread4] INFO  server.RaftServer$Division (ServerState.java:close(472)) - 8624e205-2d39-4523-82ac-4c9e49e08d77@group-4103141B7879: closes. applyIndex: 1040
2023-06-17 14:27:31,137 [main] INFO  server.GrpcService (GrpcService.java:closeImpl(320)) - 8624e205-2d39-4523-82ac-4c9e49e08d77: shutdown server GrpcServerProtocolService successfully
2023-06-17 14:27:31,137 [grpc-default-executor-1] INFO  server.GrpcLogAppender (GrpcLogAppender.java:onCompleted(428)) - 9b904d97-ba57-4d1c-b750-04e93ad7e320@group-4103141B7879->50e7a123-fb10-4f6b-bd10-2c6e895f4416-AppendLogResponseHandler: follower responses appendEntries COMPLETED
2023-06-17 14:27:31,137 [main] INFO  server.GrpcService (GrpcService.java:closeImpl(311)) - 8624e205-2d39-4523-82ac-4c9e49e08d77: shutdown server org.apache.ratis.grpc.server.GrpcAdminProtocolService now
2023-06-17 14:27:31,137 [grpc-default-executor-1] WARN  server.GrpcLogAppender (GrpcLogAppender.java:resetClient(137)) - 9b904d97-ba57-4d1c-b750-04e93ad7e320@group-4103141B7879->50e7a123-fb10-4f6b-bd10-2c6e895f4416-GrpcLogAppender: Failed to getClient for 50e7a123-fb10-4f6b-bd10-2c6e895f4416
org.apache.ratis.protocol.exceptions.AlreadyClosedException: 9b904d97-ba57-4d1c-b750-04e93ad7e320 is already CLOSED
	at org.apache.ratis.util.PeerProxyMap$PeerAndProxy.getProxy(PeerProxyMap.java:61)
	at org.apache.ratis.util.PeerProxyMap.getProxy(PeerProxyMap.java:115)
	at org.apache.ratis.grpc.server.GrpcLogAppender.getClient(GrpcLogAppender.java:112)
	at org.apache.ratis.grpc.server.GrpcLogAppender.resetClient(GrpcLogAppender.java:117)
	at org.apache.ratis.grpc.server.GrpcLogAppender.access$500(GrpcLogAppender.java:56)
	at org.apache.ratis.grpc.server.GrpcLogAppender$AppendLogResponseHandler.onCompleted(GrpcLogAppender.java:429)
	at org.apache.ratis.thirdparty.io.grpc.stub.ClientCalls$StreamObserverToCallListenerAdapter.onClose(ClientCalls.java:485)
	at org.apache.ratis.thirdparty.io.grpc.internal.ClientCallImpl.closeObserver(ClientCallImpl.java:563)
	at org.apache.ratis.thirdparty.io.grpc.internal.ClientCallImpl.access$300(ClientCallImpl.java:70)
	at org.apache.ratis.thirdparty.io.grpc.internal.ClientCallImpl$ClientStreamListenerImpl$1StreamClosed.runInternal(ClientCallImpl.java:744)
	at org.apache.ratis.thirdparty.io.grpc.internal.ClientCallImpl$ClientStreamListenerImpl$1StreamClosed.runInContext(ClientCallImpl.java:723)
	at org.apache.ratis.thirdparty.io.grpc.internal.ContextRunnable.run(ContextRunnable.java:37)
	at org.apache.ratis.thirdparty.io.grpc.internal.SerializingExecutor.run(SerializingExecutor.java:133)
	at java.util.concurrent.ThreadPoolExecutor.runWorker(ThreadPoolExecutor.java:1149)
	at java.util.concurrent.ThreadPoolExecutor$Worker.run(ThreadPoolExecutor.java:624)
	at java.lang.Thread.run(Thread.java:750)
2023-06-17 14:27:31,138 [grpc-default-executor-6] INFO  server.GrpcLogAppender (GrpcLogAppender.java:onCompleted(428)) - 50e7a123-fb10-4f6b-bd10-2c6e895f4416@group-7AA2029A76D4->9b904d97-ba57-4d1c-b750-04e93ad7e320-AppendLogResponseHandler: follower responses appendEntries COMPLETED
2023-06-17 14:27:31,145 [grpc-default-executor-6] WARN  server.GrpcLogAppender (GrpcLogAppender.java:resetClient(137)) - 50e7a123-fb10-4f6b-bd10-2c6e895f4416@group-7AA2029A76D4->9b904d97-ba57-4d1c-b750-04e93ad7e320-GrpcLogAppender: Failed to getClient for 9b904d97-ba57-4d1c-b750-04e93ad7e320
org.apache.ratis.protocol.exceptions.AlreadyClosedException: 50e7a123-fb10-4f6b-bd10-2c6e895f4416 is already CLOSED
	at org.apache.ratis.util.PeerProxyMap$PeerAndProxy.getProxy(PeerProxyMap.java:61)
	at org.apache.ratis.util.PeerProxyMap.getProxy(PeerProxyMap.java:115)
	at org.apache.ratis.grpc.server.GrpcLogAppender.getClient(GrpcLogAppender.java:112)
	at org.apache.ratis.grpc.server.GrpcLogAppender.resetClient(GrpcLogAppender.java:117)
	at org.apache.ratis.grpc.server.GrpcLogAppender.access$500(GrpcLogAppender.java:56)
	at org.apache.ratis.grpc.server.GrpcLogAppender$AppendLogResponseHandler.onCompleted(GrpcLogAppender.java:429)
	at org.apache.ratis.thirdparty.io.grpc.stub.ClientCalls$StreamObserverToCallListenerAdapter.onClose(ClientCalls.java:485)
	at org.apache.ratis.thirdparty.io.grpc.internal.ClientCallImpl.closeObserver(ClientCallImpl.java:563)
	at org.apache.ratis.thirdparty.io.grpc.internal.ClientCallImpl.access$300(ClientCallImpl.java:70)
	at org.apache.ratis.thirdparty.io.grpc.internal.ClientCallImpl$ClientStreamListenerImpl$1StreamClosed.runInternal(ClientCallImpl.java:744)
	at org.apache.ratis.thirdparty.io.grpc.internal.ClientCallImpl$ClientStreamListenerImpl$1StreamClosed.runInContext(ClientCallImpl.java:723)
	at org.apache.ratis.thirdparty.io.grpc.internal.ContextRunnable.run(ContextRunnable.java:37)
	at org.apache.ratis.thirdparty.io.grpc.internal.SerializingExecutor.run(SerializingExecutor.java:133)
	at java.util.concurrent.ThreadPoolExecutor.runWorker(ThreadPoolExecutor.java:1149)
	at java.util.concurrent.ThreadPoolExecutor$Worker.run(ThreadPoolExecutor.java:624)
	at java.lang.Thread.run(Thread.java:750)
2023-06-17 14:27:31,145 [grpc-default-executor-3] INFO  server.GrpcLogAppender (GrpcLogAppender.java:onError(417)) - 50e7a123-fb10-4f6b-bd10-2c6e895f4416@group-7AA2029A76D4->8624e205-2d39-4523-82ac-4c9e49e08d77-GrpcLogAppender is already stopped
2023-06-17 14:27:31,146 [main] INFO  server.GrpcService (GrpcService.java:closeImpl(320)) - 8624e205-2d39-4523-82ac-4c9e49e08d77: shutdown server org.apache.ratis.grpc.server.GrpcAdminProtocolService successfully
2023-06-17 14:27:31,146 [grpc-default-executor-8] INFO  server.GrpcLogAppender (GrpcLogAppender.java:onCompleted(428)) - 50e7a123-fb10-4f6b-bd10-2c6e895f4416@group-7AA2029A76D4->9b904d97-ba57-4d1c-b750-04e93ad7e320-AppendLogResponseHandler: follower responses appendEntries COMPLETED
2023-06-17 14:27:31,147 [grpc-default-executor-8] WARN  server.GrpcLogAppender (GrpcLogAppender.java:resetClient(137)) - 50e7a123-fb10-4f6b-bd10-2c6e895f4416@group-7AA2029A76D4->9b904d97-ba57-4d1c-b750-04e93ad7e320-GrpcLogAppender: Failed to getClient for 9b904d97-ba57-4d1c-b750-04e93ad7e320
org.apache.ratis.protocol.exceptions.AlreadyClosedException: 50e7a123-fb10-4f6b-bd10-2c6e895f4416 is already CLOSED
	at org.apache.ratis.util.PeerProxyMap$PeerAndProxy.getProxy(PeerProxyMap.java:61)
	at org.apache.ratis.util.PeerProxyMap.getProxy(PeerProxyMap.java:115)
	at org.apache.ratis.grpc.server.GrpcLogAppender.getClient(GrpcLogAppender.java:112)
	at org.apache.ratis.grpc.server.GrpcLogAppender.resetClient(GrpcLogAppender.java:117)
	at org.apache.ratis.grpc.server.GrpcLogAppender.access$500(GrpcLogAppender.java:56)
	at org.apache.ratis.grpc.server.GrpcLogAppender$AppendLogResponseHandler.onCompleted(GrpcLogAppender.java:429)
	at org.apache.ratis.thirdparty.io.grpc.stub.ClientCalls$StreamObserverToCallListenerAdapter.onClose(ClientCalls.java:485)
	at org.apache.ratis.thirdparty.io.grpc.internal.ClientCallImpl.closeObserver(ClientCallImpl.java:563)
	at org.apache.ratis.thirdparty.io.grpc.internal.ClientCallImpl.access$300(ClientCallImpl.java:70)
	at org.apache.ratis.thirdparty.io.grpc.internal.ClientCallImpl$ClientStreamListenerImpl$1StreamClosed.runInternal(ClientCallImpl.java:744)
	at org.apache.ratis.thirdparty.io.grpc.internal.ClientCallImpl$ClientStreamListenerImpl$1StreamClosed.runInContext(ClientCallImpl.java:723)
	at org.apache.ratis.thirdparty.io.grpc.internal.ContextRunnable.run(ContextRunnable.java:37)
	at org.apache.ratis.thirdparty.io.grpc.internal.SerializingExecutor.run(SerializingExecutor.java:133)
	at java.util.concurrent.ThreadPoolExecutor.runWorker(ThreadPoolExecutor.java:1149)
	at java.util.concurrent.ThreadPoolExecutor$Worker.run(ThreadPoolExecutor.java:624)
	at java.lang.Thread.run(Thread.java:750)
2023-06-17 14:27:31,147 [8624e205-2d39-4523-82ac-4c9e49e08d77-NettyServerStreamRpc-bossGroup--thread1] INFO  logging.LoggingHandler (AbstractInternalLogger.java:log(148)) - [id: 0xc58ba78b, L:/0:0:0:0:0:0:0:0:15024] CLOSE
2023-06-17 14:27:31,147 [8624e205-2d39-4523-82ac-4c9e49e08d77-NettyServerStreamRpc-bossGroup--thread1] INFO  logging.LoggingHandler (AbstractInternalLogger.java:log(148)) - [id: 0xc58ba78b, L:/0:0:0:0:0:0:0:0:15024] INACTIVE
2023-06-17 14:27:31,147 [8624e205-2d39-4523-82ac-4c9e49e08d77-NettyServerStreamRpc-bossGroup--thread1] INFO  logging.LoggingHandler (AbstractInternalLogger.java:log(148)) - [id: 0xc58ba78b, L:/0:0:0:0:0:0:0:0:15024] UNREGISTERED
2023-06-17 14:27:31,156 [grpc-default-executor-7] INFO  server.GrpcLogAppender (GrpcLogAppender.java:onError(417)) - 50e7a123-fb10-4f6b-bd10-2c6e895f4416@group-7AA2029A76D4->8624e205-2d39-4523-82ac-4c9e49e08d77-GrpcLogAppender is already stopped
2023-06-17 14:27:31,158 [9b904d97-ba57-4d1c-b750-04e93ad7e320-impl-thread3] INFO  segmented.SegmentedRaftLogWorker (SegmentedRaftLogWorker.java:close(252)) - 9b904d97-ba57-4d1c-b750-04e93ad7e320@group-7AA2029A76D4-SegmentedRaftLogWorker close()
2023-06-17 14:27:31,158 [ForkJoinPool.commonPool-worker-0] INFO  server.GrpcService (GrpcService.java:closeImpl(320)) - 9b904d97-ba57-4d1c-b750-04e93ad7e320: shutdown server org.apache.ratis.grpc.server.GrpcClientProtocolService successfully
2023-06-17 14:27:31,158 [ForkJoinPool.commonPool-worker-0] INFO  server.GrpcService (GrpcService.java:closeImpl(311)) - 9b904d97-ba57-4d1c-b750-04e93ad7e320: shutdown server GrpcServerProtocolService now
2023-06-17 14:27:31,158 [ForkJoinPool.commonPool-worker-1] INFO  server.GrpcService (GrpcService.java:closeImpl(320)) - 50e7a123-fb10-4f6b-bd10-2c6e895f4416: shutdown server org.apache.ratis.grpc.server.GrpcClientProtocolService successfully
2023-06-17 14:27:31,158 [ForkJoinPool.commonPool-worker-1] INFO  server.GrpcService (GrpcService.java:closeImpl(311)) - 50e7a123-fb10-4f6b-bd10-2c6e895f4416: shutdown server GrpcServerProtocolService now
2023-06-17 14:27:31,169 [ForkJoinPool.commonPool-worker-1] INFO  server.GrpcService (GrpcService.java:closeImpl(320)) - 50e7a123-fb10-4f6b-bd10-2c6e895f4416: shutdown server GrpcServerProtocolService successfully
2023-06-17 14:27:31,169 [ForkJoinPool.commonPool-worker-1] INFO  server.GrpcService (GrpcService.java:closeImpl(311)) - 50e7a123-fb10-4f6b-bd10-2c6e895f4416: shutdown server org.apache.ratis.grpc.server.GrpcAdminProtocolService now
2023-06-17 14:27:31,170 [50e7a123-fb10-4f6b-bd10-2c6e895f4416-impl-thread3] INFO  segmented.SegmentedRaftLogWorker (SegmentedRaftLogWorker.java:close(252)) - 50e7a123-fb10-4f6b-bd10-2c6e895f4416@group-7AA2029A76D4-SegmentedRaftLogWorker close()
2023-06-17 14:27:31,170 [8624e205-2d39-4523-82ac-4c9e49e08d77-impl-thread3] INFO  segmented.SegmentedRaftLogWorker (SegmentedRaftLogWorker.java:close(252)) - 8624e205-2d39-4523-82ac-4c9e49e08d77@group-7AA2029A76D4-SegmentedRaftLogWorker close()
2023-06-17 14:27:31,175 [ForkJoinPool.commonPool-worker-0] INFO  server.GrpcService (GrpcService.java:closeImpl(320)) - 9b904d97-ba57-4d1c-b750-04e93ad7e320: shutdown server GrpcServerProtocolService successfully
2023-06-17 14:27:31,175 [ForkJoinPool.commonPool-worker-0] INFO  server.GrpcService (GrpcService.java:closeImpl(311)) - 9b904d97-ba57-4d1c-b750-04e93ad7e320: shutdown server org.apache.ratis.grpc.server.GrpcAdminProtocolService now
2023-06-17 14:27:31,186 [ForkJoinPool.commonPool-worker-1] INFO  server.GrpcService (GrpcService.java:closeImpl(320)) - 50e7a123-fb10-4f6b-bd10-2c6e895f4416: shutdown server org.apache.ratis.grpc.server.GrpcAdminProtocolService successfully
2023-06-17 14:27:31,186 [50e7a123-fb10-4f6b-bd10-2c6e895f4416-NettyServerStreamRpc-bossGroup--thread1] INFO  logging.LoggingHandler (AbstractInternalLogger.java:log(148)) - [id: 0x14640dd0, L:/0:0:0:0:0:0:0:0:15033] CLOSE
2023-06-17 14:27:31,187 [50e7a123-fb10-4f6b-bd10-2c6e895f4416-NettyServerStreamRpc-bossGroup--thread1] INFO  logging.LoggingHandler (AbstractInternalLogger.java:log(148)) - [id: 0x14640dd0, L:/0:0:0:0:0:0:0:0:15033] INACTIVE
2023-06-17 14:27:31,187 [50e7a123-fb10-4f6b-bd10-2c6e895f4416-NettyServerStreamRpc-bossGroup--thread1] INFO  logging.LoggingHandler (AbstractInternalLogger.java:log(148)) - [id: 0x14640dd0, L:/0:0:0:0:0:0:0:0:15033] UNREGISTERED
2023-06-17 14:27:31,194 [ForkJoinPool.commonPool-worker-0] INFO  server.GrpcService (GrpcService.java:closeImpl(320)) - 9b904d97-ba57-4d1c-b750-04e93ad7e320: shutdown server org.apache.ratis.grpc.server.GrpcAdminProtocolService successfully
2023-06-17 14:27:31,194 [9b904d97-ba57-4d1c-b750-04e93ad7e320-NettyServerStreamRpc-bossGroup--thread1] INFO  logging.LoggingHandler (AbstractInternalLogger.java:log(148)) - [id: 0x294925a8, L:/0:0:0:0:0:0:0:0:15015] CLOSE
2023-06-17 14:27:31,194 [9b904d97-ba57-4d1c-b750-04e93ad7e320-NettyServerStreamRpc-bossGroup--thread1] INFO  logging.LoggingHandler (AbstractInternalLogger.java:log(148)) - [id: 0x294925a8, L:/0:0:0:0:0:0:0:0:15015] INACTIVE
2023-06-17 14:27:31,194 [9b904d97-ba57-4d1c-b750-04e93ad7e320-NettyServerStreamRpc-bossGroup--thread1] INFO  logging.LoggingHandler (AbstractInternalLogger.java:log(148)) - [id: 0x294925a8, L:/0:0:0:0:0:0:0:0:15015] UNREGISTERED
2023-06-17 14:27:31,435 [9b904d97-ba57-4d1c-b750-04e93ad7e320-impl-thread2] INFO  segmented.SegmentedRaftLogWorker (SegmentedRaftLogWorker.java:close(252)) - 9b904d97-ba57-4d1c-b750-04e93ad7e320@group-CA04535E9BA0-SegmentedRaftLogWorker close()
2023-06-17 14:27:31,437 [50e7a123-fb10-4f6b-bd10-2c6e895f4416-impl-thread2] INFO  segmented.SegmentedRaftLogWorker (SegmentedRaftLogWorker.java:close(252)) - 50e7a123-fb10-4f6b-bd10-2c6e895f4416@group-F1BA168EBC4E-SegmentedRaftLogWorker close()
2023-06-17 14:27:31,517 [9b904d97-ba57-4d1c-b750-04e93ad7e320-impl-thread4] INFO  segmented.SegmentedRaftLogWorker (SegmentedRaftLogWorker.java:close(252)) - 9b904d97-ba57-4d1c-b750-04e93ad7e320@group-4103141B7879-SegmentedRaftLogWorker close()
2023-06-17 14:27:31,519 [JvmPauseMonitor2] INFO  util.JvmPauseMonitor (JvmPauseMonitor.java:run(109)) - JvmPauseMonitor-9b904d97-ba57-4d1c-b750-04e93ad7e320: Stopped
2023-06-17 14:27:31,526 [50e7a123-fb10-4f6b-bd10-2c6e895f4416-impl-thread4] INFO  segmented.SegmentedRaftLogWorker (SegmentedRaftLogWorker.java:close(252)) - 50e7a123-fb10-4f6b-bd10-2c6e895f4416@group-4103141B7879-SegmentedRaftLogWorker close()
2023-06-17 14:27:31,528 [JvmPauseMonitor4] INFO  util.JvmPauseMonitor (JvmPauseMonitor.java:run(109)) - JvmPauseMonitor-50e7a123-fb10-4f6b-bd10-2c6e895f4416: Stopped
2023-06-17 14:27:31,538 [8624e205-2d39-4523-82ac-4c9e49e08d77-impl-thread4] INFO  segmented.SegmentedRaftLogWorker (SegmentedRaftLogWorker.java:close(252)) - 8624e205-2d39-4523-82ac-4c9e49e08d77@group-4103141B7879-SegmentedRaftLogWorker close()
2023-06-17 14:27:31,937 [8624e205-2d39-4523-82ac-4c9e49e08d77-impl-thread2] INFO  segmented.SegmentedRaftLogWorker (SegmentedRaftLogWorker.java:close(252)) - 8624e205-2d39-4523-82ac-4c9e49e08d77@group-D40AD2ACF1D8-SegmentedRaftLogWorker close()
2023-06-17 14:27:31,939 [JvmPauseMonitor3] INFO  util.JvmPauseMonitor (JvmPauseMonitor.java:run(109)) - JvmPauseMonitor-8624e205-2d39-4523-82ac-4c9e49e08d77: Stopped
2023-06-17 14:27:33,549 [ForkJoinPool.commonPool-worker-0] INFO  utils.DatanodeStoreCache (DatanodeStoreCache.java:shutdownCache(110)) - Skip clearing cache in mini cluster mode. Entries left: [/home/runner/work/ozone/ozone/hadoop-ozone/integration-test/target/test-dir/MiniOzoneClusterImpl-68882fc2-21fb-4ea4-940d-4f92d2da87ec/datanode-0/data-0/containers/hdds/68882fc2-21fb-4ea4-940d-4f92d2da87ec/DS-8a5bea49-045d-4f9a-8ece-67df7551cc09/container.db, /home/runner/work/ozone/ozone/hadoop-ozone/integration-test/target/test-dir/MiniOzoneClusterImpl-68882fc2-21fb-4ea4-940d-4f92d2da87ec/datanode-1/data-0/containers/hdds/68882fc2-21fb-4ea4-940d-4f92d2da87ec/DS-f0892971-f7ca-4008-96eb-f01a08725006/container.db, /home/runner/work/ozone/ozone/hadoop-ozone/integration-test/target/test-dir/MiniOzoneClusterImpl-68882fc2-21fb-4ea4-940d-4f92d2da87ec/datanode-2/data-0/containers/hdds/68882fc2-21fb-4ea4-940d-4f92d2da87ec/DS-2482cd3b-ff7c-4211-987c-387c0e830f9e/container.db]
2023-06-17 14:27:33,549 [ForkJoinPool.commonPool-worker-1] INFO  utils.DatanodeStoreCache (DatanodeStoreCache.java:shutdownCache(110)) - Skip clearing cache in mini cluster mode. Entries left: [/home/runner/work/ozone/ozone/hadoop-ozone/integration-test/target/test-dir/MiniOzoneClusterImpl-68882fc2-21fb-4ea4-940d-4f92d2da87ec/datanode-0/data-0/containers/hdds/68882fc2-21fb-4ea4-940d-4f92d2da87ec/DS-8a5bea49-045d-4f9a-8ece-67df7551cc09/container.db, /home/runner/work/ozone/ozone/hadoop-ozone/integration-test/target/test-dir/MiniOzoneClusterImpl-68882fc2-21fb-4ea4-940d-4f92d2da87ec/datanode-1/data-0/containers/hdds/68882fc2-21fb-4ea4-940d-4f92d2da87ec/DS-f0892971-f7ca-4008-96eb-f01a08725006/container.db, /home/runner/work/ozone/ozone/hadoop-ozone/integration-test/target/test-dir/MiniOzoneClusterImpl-68882fc2-21fb-4ea4-940d-4f92d2da87ec/datanode-2/data-0/containers/hdds/68882fc2-21fb-4ea4-940d-4f92d2da87ec/DS-2482cd3b-ff7c-4211-987c-387c0e830f9e/container.db]
2023-06-17 14:27:33,557 [ForkJoinPool.commonPool-worker-1] INFO  utils.DatanodeStoreCache (DatanodeStoreCache.java:removeDB(104)) - Removed db /home/runner/work/ozone/ozone/hadoop-ozone/integration-test/target/test-dir/MiniOzoneClusterImpl-68882fc2-21fb-4ea4-940d-4f92d2da87ec/datanode-2/data-0/containers/hdds/68882fc2-21fb-4ea4-940d-4f92d2da87ec/DS-2482cd3b-ff7c-4211-987c-387c0e830f9e/container.db from cache
2023-06-17 14:27:33,557 [ForkJoinPool.commonPool-worker-1] INFO  volume.HddsVolume (HddsVolume.java:closeDbStore(437)) - SchemaV3 db is stopped at /home/runner/work/ozone/ozone/hadoop-ozone/integration-test/target/test-dir/MiniOzoneClusterImpl-68882fc2-21fb-4ea4-940d-4f92d2da87ec/datanode-2/data-0/containers/hdds/68882fc2-21fb-4ea4-940d-4f92d2da87ec/DS-2482cd3b-ff7c-4211-987c-387c0e830f9e/container.db for volume DS-2482cd3b-ff7c-4211-987c-387c0e830f9e
2023-06-17 14:27:33,558 [ForkJoinPool.commonPool-worker-1] INFO  utils.BackgroundService (BackgroundService.java:shutdown(141)) - Shutting down service BlockDeletingService
2023-06-17 14:27:33,558 [ForkJoinPool.commonPool-worker-0] INFO  utils.DatanodeStoreCache (DatanodeStoreCache.java:removeDB(104)) - Removed db /home/runner/work/ozone/ozone/hadoop-ozone/integration-test/target/test-dir/MiniOzoneClusterImpl-68882fc2-21fb-4ea4-940d-4f92d2da87ec/datanode-0/data-0/containers/hdds/68882fc2-21fb-4ea4-940d-4f92d2da87ec/DS-8a5bea49-045d-4f9a-8ece-67df7551cc09/container.db from cache
2023-06-17 14:27:33,558 [ForkJoinPool.commonPool-worker-0] INFO  volume.HddsVolume (HddsVolume.java:closeDbStore(437)) - SchemaV3 db is stopped at /home/runner/work/ozone/ozone/hadoop-ozone/integration-test/target/test-dir/MiniOzoneClusterImpl-68882fc2-21fb-4ea4-940d-4f92d2da87ec/datanode-0/data-0/containers/hdds/68882fc2-21fb-4ea4-940d-4f92d2da87ec/DS-8a5bea49-045d-4f9a-8ece-67df7551cc09/container.db for volume DS-8a5bea49-045d-4f9a-8ece-67df7551cc09
2023-06-17 14:27:33,559 [ForkJoinPool.commonPool-worker-1] INFO  utils.BackgroundService (BackgroundService.java:shutdown(141)) - Shutting down service StaleRecoveringContainerScrubbingService
2023-06-17 14:27:33,562 [ForkJoinPool.commonPool-worker-0] INFO  utils.BackgroundService (BackgroundService.java:shutdown(141)) - Shutting down service BlockDeletingService
2023-06-17 14:27:33,564 [ForkJoinPool.commonPool-worker-0] INFO  utils.BackgroundService (BackgroundService.java:shutdown(141)) - Shutting down service StaleRecoveringContainerScrubbingService
2023-06-17 14:27:33,564 [ForkJoinPool.commonPool-worker-1] INFO  statemachine.DatanodeStateMachine (DatanodeStateMachine.java:stopDaemon(613)) - Ozone container server stopped.
2023-06-17 14:27:33,564 [ForkJoinPool.commonPool-worker-0] INFO  statemachine.DatanodeStateMachine (DatanodeStateMachine.java:stopDaemon(613)) - Ozone container server stopped.
2023-06-17 14:27:33,582 [ForkJoinPool.commonPool-worker-1] INFO  handler.ContextHandler (ContextHandler.java:doStop(1159)) - Stopped o.e.j.w.WebAppContext@1b3d68b6{hddsDatanode,/,null,STOPPED}{jar:file:/home/runner/.m2/repository/org/apache/ozone/hdds-container-service/1.4.0-SNAPSHOT/hdds-container-service-1.4.0-SNAPSHOT.jar!/webapps/hddsDatanode}
2023-06-17 14:27:33,590 [ForkJoinPool.commonPool-worker-1] INFO  server.AbstractConnector (AbstractConnector.java:doStop(383)) - Stopped ServerConnector@707d735{HTTP/1.1, (http/1.1)}{0.0.0.0:15027}
2023-06-17 14:27:33,592 [ForkJoinPool.commonPool-worker-1] INFO  server.session (HouseKeeper.java:stopScavenging(149)) - node0 Stopped scavenging
2023-06-17 14:27:33,598 [ForkJoinPool.commonPool-worker-1] INFO  handler.ContextHandler (ContextHandler.java:doStop(1159)) - Stopped o.e.j.s.ServletContextHandler@69f320de{static,/static,jar:file:/home/runner/.m2/repository/org/apache/ozone/hdds-container-service/1.4.0-SNAPSHOT/hdds-container-service-1.4.0-SNAPSHOT.jar!/webapps/static,STOPPED}
2023-06-17 14:27:33,599 [ForkJoinPool.commonPool-worker-1] INFO  handler.ContextHandler (ContextHandler.java:doStop(1159)) - Stopped o.e.j.s.ServletContextHandler@5aadd895{logs,/logs,file:///home/runner/work/ozone/ozone/hadoop-ozone/integration-test/target/log,STOPPED}
2023-06-17 14:27:33,601 [ForkJoinPool.commonPool-worker-1] INFO  ozone.HddsDatanodeClientProtocolServer (HddsDatanodeClientProtocolServer.java:stop(78)) - Stopping the RPC server for Client Protocol
2023-06-17 14:27:33,601 [ForkJoinPool.commonPool-worker-1] INFO  ipc.Server (Server.java:stop(3501)) - Stopping server on 15028
2023-06-17 14:27:33,602 [IPC Server listener on 15028] INFO  ipc.Server (Server.java:run(1430)) - Stopping IPC Server listener on 15028
2023-06-17 14:27:33,602 [IPC Server Responder] INFO  ipc.Server (Server.java:run(1563)) - Stopping IPC Server Responder
2023-06-17 14:27:33,606 [ForkJoinPool.commonPool-worker-0] INFO  handler.ContextHandler (ContextHandler.java:doStop(1159)) - Stopped o.e.j.w.WebAppContext@42707ecf{hddsDatanode,/,null,STOPPED}{jar:file:/home/runner/.m2/repository/org/apache/ozone/hdds-container-service/1.4.0-SNAPSHOT/hdds-container-service-1.4.0-SNAPSHOT.jar!/webapps/hddsDatanode}
2023-06-17 14:27:33,607 [ForkJoinPool.commonPool-worker-0] INFO  server.AbstractConnector (AbstractConnector.java:doStop(383)) - Stopped ServerConnector@4ca8d348{HTTP/1.1, (http/1.1)}{0.0.0.0:15009}
2023-06-17 14:27:33,607 [ForkJoinPool.commonPool-worker-0] INFO  server.session (HouseKeeper.java:stopScavenging(149)) - node0 Stopped scavenging
2023-06-17 14:27:33,607 [ForkJoinPool.commonPool-worker-0] INFO  handler.ContextHandler (ContextHandler.java:doStop(1159)) - Stopped o.e.j.s.ServletContextHandler@4c198bd5{static,/static,jar:file:/home/runner/.m2/repository/org/apache/ozone/hdds-container-service/1.4.0-SNAPSHOT/hdds-container-service-1.4.0-SNAPSHOT.jar!/webapps/static,STOPPED}
2023-06-17 14:27:33,610 [ForkJoinPool.commonPool-worker-0] INFO  handler.ContextHandler (ContextHandler.java:doStop(1159)) - Stopped o.e.j.s.ServletContextHandler@a019aea{logs,/logs,file:///home/runner/work/ozone/ozone/hadoop-ozone/integration-test/target/log,STOPPED}
2023-06-17 14:27:33,614 [ForkJoinPool.commonPool-worker-0] INFO  ozone.HddsDatanodeClientProtocolServer (HddsDatanodeClientProtocolServer.java:stop(78)) - Stopping the RPC server for Client Protocol
2023-06-17 14:27:33,615 [ForkJoinPool.commonPool-worker-0] INFO  ipc.Server (Server.java:stop(3501)) - Stopping server on 15010
2023-06-17 14:27:33,616 [IPC Server listener on 15010] INFO  ipc.Server (Server.java:run(1430)) - Stopping IPC Server listener on 15010
2023-06-17 14:27:33,616 [IPC Server Responder] INFO  ipc.Server (Server.java:run(1563)) - Stopping IPC Server Responder
2023-06-17 14:27:33,944 [main] INFO  utils.DatanodeStoreCache (DatanodeStoreCache.java:shutdownCache(110)) - Skip clearing cache in mini cluster mode. Entries left: [/home/runner/work/ozone/ozone/hadoop-ozone/integration-test/target/test-dir/MiniOzoneClusterImpl-68882fc2-21fb-4ea4-940d-4f92d2da87ec/datanode-1/data-0/containers/hdds/68882fc2-21fb-4ea4-940d-4f92d2da87ec/DS-f0892971-f7ca-4008-96eb-f01a08725006/container.db]
2023-06-17 14:27:33,947 [main] INFO  utils.DatanodeStoreCache (DatanodeStoreCache.java:removeDB(104)) - Removed db /home/runner/work/ozone/ozone/hadoop-ozone/integration-test/target/test-dir/MiniOzoneClusterImpl-68882fc2-21fb-4ea4-940d-4f92d2da87ec/datanode-1/data-0/containers/hdds/68882fc2-21fb-4ea4-940d-4f92d2da87ec/DS-f0892971-f7ca-4008-96eb-f01a08725006/container.db from cache
2023-06-17 14:27:33,947 [main] INFO  volume.HddsVolume (HddsVolume.java:closeDbStore(437)) - SchemaV3 db is stopped at /home/runner/work/ozone/ozone/hadoop-ozone/integration-test/target/test-dir/MiniOzoneClusterImpl-68882fc2-21fb-4ea4-940d-4f92d2da87ec/datanode-1/data-0/containers/hdds/68882fc2-21fb-4ea4-940d-4f92d2da87ec/DS-f0892971-f7ca-4008-96eb-f01a08725006/container.db for volume DS-f0892971-f7ca-4008-96eb-f01a08725006
2023-06-17 14:27:33,948 [main] INFO  utils.BackgroundService (BackgroundService.java:shutdown(141)) - Shutting down service BlockDeletingService
2023-06-17 14:27:33,949 [main] INFO  utils.BackgroundService (BackgroundService.java:shutdown(141)) - Shutting down service StaleRecoveringContainerScrubbingService
2023-06-17 14:27:33,950 [main] INFO  statemachine.DatanodeStateMachine (DatanodeStateMachine.java:stopDaemon(613)) - Ozone container server stopped.
2023-06-17 14:27:33,964 [main] INFO  handler.ContextHandler (ContextHandler.java:doStop(1159)) - Stopped o.e.j.w.WebAppContext@2ad6820d{hddsDatanode,/,null,STOPPED}{jar:file:/home/runner/.m2/repository/org/apache/ozone/hdds-container-service/1.4.0-SNAPSHOT/hdds-container-service-1.4.0-SNAPSHOT.jar!/webapps/hddsDatanode}
2023-06-17 14:27:33,965 [main] INFO  server.AbstractConnector (AbstractConnector.java:doStop(383)) - Stopped ServerConnector@6356da2e{HTTP/1.1, (http/1.1)}{0.0.0.0:15018}
2023-06-17 14:27:33,965 [main] INFO  server.session (HouseKeeper.java:stopScavenging(149)) - node0 Stopped scavenging
2023-06-17 14:27:33,965 [main] INFO  handler.ContextHandler (ContextHandler.java:doStop(1159)) - Stopped o.e.j.s.ServletContextHandler@1b4d1b22{static,/static,jar:file:/home/runner/.m2/repository/org/apache/ozone/hdds-container-service/1.4.0-SNAPSHOT/hdds-container-service-1.4.0-SNAPSHOT.jar!/webapps/static,STOPPED}
2023-06-17 14:27:33,965 [main] INFO  handler.ContextHandler (ContextHandler.java:doStop(1159)) - Stopped o.e.j.s.ServletContextHandler@7b165203{logs,/logs,file:///home/runner/work/ozone/ozone/hadoop-ozone/integration-test/target/log,STOPPED}
2023-06-17 14:27:33,967 [main] INFO  ozone.HddsDatanodeClientProtocolServer (HddsDatanodeClientProtocolServer.java:stop(78)) - Stopping the RPC server for Client Protocol
2023-06-17 14:27:33,967 [main] INFO  ipc.Server (Server.java:stop(3501)) - Stopping server on 15019
2023-06-17 14:27:33,974 [IPC Server listener on 15019] INFO  ipc.Server (Server.java:run(1430)) - Stopping IPC Server listener on 15019
2023-06-17 14:27:33,974 [IPC Server Responder] INFO  ipc.Server (Server.java:run(1563)) - Stopping IPC Server Responder
2023-06-17 14:27:33,976 [main] INFO  ozone.MiniOzoneClusterImpl (MiniOzoneClusterImpl.java:stopSCM(544)) - Stopping the StorageContainerManager
2023-06-17 14:27:33,976 [main] INFO  server.StorageContainerManager (StorageContainerManager.java:stop(1584)) - Container Balancer is not running.
2023-06-17 14:27:33,977 [main] INFO  server.StorageContainerManager (StorageContainerManager.java:stopReplicationManager(1717)) - Stopping Replication Manager Service.
2023-06-17 14:27:33,977 [main] INFO  replication.ReplicationManager (ReplicationManager.java:stop(319)) - Stopping Replication Monitor Thread.
2023-06-17 14:27:33,978 [Under Replicated Processor] WARN  replication.UnhealthyReplicationProcessor (UnhealthyReplicationProcessor.java:run(178)) - Under Replicated Processor interrupted. Exiting...
2023-06-17 14:27:33,978 [Over Replicated Processor] WARN  replication.UnhealthyReplicationProcessor (UnhealthyReplicationProcessor.java:run(178)) - Over Replicated Processor interrupted. Exiting...
2023-06-17 14:27:33,978 [main] INFO  server.StorageContainerManager (StorageContainerManager.java:stop(1593)) - Stopping the Datanode Admin Monitor.
2023-06-17 14:27:33,978 [ReplicationMonitor] INFO  replication.ReplicationManager (ReplicationManager.java:run(918)) - Replication Monitor Thread is stopped
2023-06-17 14:27:33,979 [main] INFO  server.StorageContainerManager (StorageContainerManager.java:stop(1600)) - Stopping datanode service RPC server
2023-06-17 14:27:33,979 [main] INFO  server.SCMDatanodeProtocolServer (SCMDatanodeProtocolServer.java:stop(424)) - Stopping the RPC server for DataNodes
2023-06-17 14:27:33,979 [main] INFO  ipc.Server (Server.java:stop(3501)) - Stopping server on 15002
2023-06-17 14:27:33,980 [IPC Server listener on 15002] INFO  ipc.Server (Server.java:run(1430)) - Stopping IPC Server listener on 15002
2023-06-17 14:27:33,981 [IPC Server Responder] INFO  ipc.Server (Server.java:run(1563)) - Stopping IPC Server Responder
2023-06-17 14:27:34,032 [SCM Heartbeat Processing Thread - 0] WARN  node.NodeStateManager (NodeStateManager.java:scheduleNextHealthCheck(870)) - Current Thread is interrupted, shutting down HB processing thread for Node Manager.
2023-06-17 14:27:34,033 [main] INFO  server.StorageContainerManager (StorageContainerManager.java:stop(1608)) - Stopping block service RPC server
2023-06-17 14:27:34,033 [main] INFO  server.SCMBlockProtocolServer (SCMBlockProtocolServer.java:stop(161)) - Stopping the RPC server for Block Protocol
2023-06-17 14:27:34,033 [main] INFO  ipc.Server (Server.java:stop(3501)) - Stopping server on 15001
2023-06-17 14:27:34,036 [IPC Server listener on 15001] INFO  ipc.Server (Server.java:run(1430)) - Stopping IPC Server listener on 15001
2023-06-17 14:27:34,037 [IPC Server Responder] INFO  ipc.Server (Server.java:run(1563)) - Stopping IPC Server Responder
2023-06-17 14:27:34,037 [main] INFO  server.StorageContainerManager (StorageContainerManager.java:stop(1615)) - Stopping the StorageContainerLocationProtocol RPC server
2023-06-17 14:27:34,038 [main] INFO  server.SCMClientProtocolServer (SCMClientProtocolServer.java:stop(210)) - Stopping the RPC server for Client Protocol
2023-06-17 14:27:34,038 [main] INFO  ipc.Server (Server.java:stop(3501)) - Stopping server on 15000
2023-06-17 14:27:34,039 [IPC Server listener on 15000] INFO  ipc.Server (Server.java:run(1430)) - Stopping IPC Server listener on 15000
2023-06-17 14:27:34,040 [IPC Server Responder] INFO  ipc.Server (Server.java:run(1563)) - Stopping IPC Server Responder
2023-06-17 14:27:34,041 [main] INFO  server.StorageContainerManager (StorageContainerManager.java:stop(1622)) - Stopping Storage Container Manager HTTP server.
2023-06-17 14:27:34,043 [main] INFO  handler.ContextHandler (ContextHandler.java:doStop(1159)) - Stopped o.e.j.w.WebAppContext@4ca50bb9{scm,/,null,STOPPED}{file:/home/runner/work/ozone/ozone/hadoop-ozone/integration-test/target/test-classes/webapps/scm}
2023-06-17 14:27:34,043 [main] INFO  server.AbstractConnector (AbstractConnector.java:doStop(383)) - Stopped ServerConnector@1eff74f2{HTTP/1.1, (http/1.1)}{0.0.0.0:15003}
2023-06-17 14:27:34,044 [main] INFO  server.session (HouseKeeper.java:stopScavenging(149)) - node0 Stopped scavenging
2023-06-17 14:27:34,044 [main] INFO  handler.ContextHandler (ContextHandler.java:doStop(1159)) - Stopped o.e.j.s.ServletContextHandler@17c3e33{static,/static,file:///home/runner/work/ozone/ozone/hadoop-ozone/integration-test/target/test-classes/webapps/static,STOPPED}
2023-06-17 14:27:34,044 [main] INFO  handler.ContextHandler (ContextHandler.java:doStop(1159)) - Stopped o.e.j.s.ServletContextHandler@42599b84{logs,/logs,file:///home/runner/work/ozone/ozone/hadoop-ozone/integration-test/target/log,STOPPED}
2023-06-17 14:27:34,045 [main] INFO  server.StorageContainerManager (StorageContainerManager.java:stop(1630)) - Stopping SCM LayoutVersionManager Service.
2023-06-17 14:27:34,046 [main] INFO  server.StorageContainerManager (StorageContainerManager.java:stop(1642)) - Stopping Block Manager Service.
2023-06-17 14:27:34,046 [main] INFO  utils.BackgroundService (BackgroundService.java:shutdown(141)) - Shutting down service SCMBlockDeletingService
2023-06-17 14:27:34,047 [main] INFO  utils.BackgroundService (BackgroundService.java:shutdown(141)) - Shutting down service SCMBlockDeletingService
2023-06-17 14:27:34,048 [main] INFO  server.StorageContainerManager (StorageContainerManager.java:stop(1662)) - Stopping SCM Event Queue.
2023-06-17 14:27:34,051 [JvmPauseMonitor0] INFO  util.JvmPauseMonitor (JvmPauseMonitor.java:run(109)) - JvmPauseMonitor-0aa584ac-4d5b-4696-bff0-297d3fe874ad: Stopped
2023-06-17 14:27:34,052 [main] INFO  server.StorageContainerManager (StorageContainerManager.java:stop(1673)) - Stopping SCM HA services.
2023-06-17 14:27:34,052 [main] INFO  pipeline.BackgroundPipelineCreator (BackgroundPipelineCreator.java:stop(149)) - Stopping RatisPipelineUtilsThread.
2023-06-17 14:27:34,052 [RatisPipelineUtilsThread - 0] WARN  pipeline.BackgroundPipelineCreator (BackgroundPipelineCreator.java:run(180)) - RatisPipelineUtilsThread is interrupted.
2023-06-17 14:27:34,052 [BackgroundPipelineScrubberThread] WARN  BackgroundPipelineScrubber (BackgroundSCMService.java:run(115)) - BackgroundPipelineScrubber is interrupted, exit
2023-06-17 14:27:34,052 [main] INFO  BackgroundPipelineScrubber (BackgroundSCMService.java:stop(131)) - Stopping BackgroundPipelineScrubber Service.
2023-06-17 14:27:34,054 [main] INFO  impl.MetricsSystemImpl (MetricsSystemImpl.java:stop(210)) - Stopping XceiverClientMetrics metrics system...
2023-06-17 14:27:34,056 [prometheus] INFO  impl.MetricsSinkAdapter (MetricsSinkAdapter.java:publishMetricsFromQueue(141)) - prometheus thread interrupted.
2023-06-17 14:27:34,056 [main] INFO  impl.MetricsSystemImpl (MetricsSystemImpl.java:stop(216)) - XceiverClientMetrics metrics system stopped.
2023-06-17 14:27:34,057 [main] WARN  pipeline.BackgroundPipelineCreator (BackgroundPipelineCreator.java:stop(145)) - RatisPipelineUtilsThread is not running, just ignore.
2023-06-17 14:27:34,057 [main] INFO  BackgroundPipelineScrubber (BackgroundSCMService.java:stop(126)) - BackgroundPipelineScrubber Service is not running, skip stop.
2023-06-17 14:27:34,057 [ExpiredContainerReplicaOpScrubberThread] WARN  ExpiredContainerReplicaOpScrubber (BackgroundSCMService.java:run(115)) - ExpiredContainerReplicaOpScrubber is interrupted, exit
2023-06-17 14:27:34,058 [main] INFO  ExpiredContainerReplicaOpScrubber (BackgroundSCMService.java:stop(131)) - Stopping ExpiredContainerReplicaOpScrubber Service.
2023-06-17 14:27:34,058 [main] INFO  utils.BackgroundService (BackgroundService.java:shutdown(141)) - Shutting down service SCMBlockDeletingService
2023-06-17 14:27:34,058 [main] INFO  replication.ReplicationManager (ReplicationManager.java:stop(329)) - Replication Monitor Thread is not running.
2023-06-17 14:27:34,058 [main] WARN  balancer.ContainerBalancer (ContainerBalancer.java:stop(328)) - Cannot stop Container Balancer because it's not running or stopping
2023-06-17 14:27:34,059 [Lease Manager-LeaseManager#LeaseMonitor] WARN  lease.LeaseManager (LeaseManager.java:run(272)) - Lease manager is interrupted. Shutting down...
java.lang.InterruptedException
	at java.util.concurrent.locks.AbstractQueuedSynchronizer.doAcquireSharedNanos(AbstractQueuedSynchronizer.java:1039)
	at java.util.concurrent.locks.AbstractQueuedSynchronizer.tryAcquireSharedNanos(AbstractQueuedSynchronizer.java:1328)
	at java.util.concurrent.Semaphore.tryAcquire(Semaphore.java:409)
	at org.apache.hadoop.ozone.lease.LeaseManager$LeaseMonitor.run(LeaseManager.java:270)
	at java.lang.Thread.run(Thread.java:750)
2023-06-17 14:27:34,059 [main] INFO  server.StorageContainerManager (StorageContainerManager.java:stop(1708)) - Stopping SCM MetadataStore.
]]></system-out>
  </testcase>
  <testcase name="testMultipleSnapshotKeyReclaim" classname="org.apache.hadoop.fs.ozone.TestSnapshotDeletingService" time="34.642">
    <system-out><![CDATA[2023-06-17 14:27:34,469 [main] WARN  server.ServerUtils (ServerUtils.java:getScmDbDir(155)) - ozone.scm.db.dirs is not configured. We recommend adding this setting. Falling back to ozone.metadata.dirs instead.
2023-06-17 14:27:34,474 [main] WARN  server.ServerUtils (ServerUtils.java:getScmDbDir(155)) - ozone.scm.db.dirs is not configured. We recommend adding this setting. Falling back to ozone.metadata.dirs instead.
2023-06-17 14:27:34,475 [main] INFO  ha.SCMHANodeDetails (SCMHANodeDetails.java:loadSCMHAConfig(210)) - ServiceID for StorageContainerManager is null
2023-06-17 14:27:34,475 [main] INFO  ha.SCMHANodeDetails (SCMHANodeDetails.java:loadSCMHAConfig(215)) - ozone.scm.default.service.id is not defined, falling back to ozone.scm.service.ids to find serviceID for StorageContainerManager if it is HA enabled cluster
2023-06-17 14:27:34,476 [main] WARN  utils.HAUtils (HAUtils.java:getMetaDir(339)) - ozone.scm.db.dirs is not configured. We recommend adding this setting. Falling back to ozone.metadata.dirs instead.
2023-06-17 14:27:34,476 [main] WARN  db.DBStoreBuilder (DBStoreBuilder.java:applyDBDefinition(165)) - ozone.scm.db.dirs is not configured. We recommend adding this setting. Falling back to ozone.metadata.dirs instead.
2023-06-17 14:27:34,579 [main] INFO  net.NodeSchemaLoader (NodeSchemaLoader.java:loadSchemaFromFile(129)) - Loading schema from [jar:file:/home/runner/.m2/repository/org/apache/ozone/hdds-common/1.4.0-SNAPSHOT/hdds-common-1.4.0-SNAPSHOT.jar!/network-topology-default.xml]
2023-06-17 14:27:34,580 [main] INFO  net.NodeSchemaLoader (NodeSchemaLoader.java:loadSchema(176)) - Loading network topology layer schema file
2023-06-17 14:27:34,582 [main] INFO  upgrade.AbstractLayoutVersionManager (AbstractLayoutVersionManager.java:init(83)) - Initializing Layout version manager with metadata layout = HADOOP_PRC_PORTS_IN_DATANODEDETAILS (version = 7), software layout = HADOOP_PRC_PORTS_IN_DATANODEDETAILS (version = 7)
2023-06-17 14:27:34,584 [main] INFO  ha.SequenceIdGenerator (SequenceIdGenerator.java:upgradeToSequenceId(349)) - upgrade localId to 111677748019200000
2023-06-17 14:27:34,585 [main] INFO  ha.SequenceIdGenerator (SequenceIdGenerator.java:upgradeToSequenceId(359)) - upgrade delTxnId to 0
2023-06-17 14:27:34,586 [main] INFO  ha.SequenceIdGenerator (SequenceIdGenerator.java:upgradeToSequenceId(376)) - upgrade containerId to 0
2023-06-17 14:27:34,586 [main] INFO  ha.SequenceIdGenerator (SequenceIdGenerator.java:<init>(220)) - Init the HA SequenceIdGenerator.
2023-06-17 14:27:34,587 [main] WARN  server.ServerUtils (ServerUtils.java:sanitizeUserArgs(80)) - ozone.scm.stale.node.interval value = 300000 is larger than max = 100000 based on the key value of ozone.scm.heartbeat.thread.interval, reset to the max value 100000.
2023-06-17 14:27:34,587 [main] WARN  server.ServerUtils (ServerUtils.java:sanitizeUserArgs(80)) - ozone.scm.stale.node.interval value = 300000 is larger than max = 100000 based on the key value of ozone.scm.heartbeat.thread.interval, reset to the max value 100000.
2023-06-17 14:27:34,590 [main] INFO  node.SCMNodeManager (SCMNodeManager.java:<init>(158)) - Entering startup safe mode.
2023-06-17 14:27:34,590 [main] INFO  algorithms.ContainerPlacementPolicyFactory (ContainerPlacementPolicyFactory.java:getPolicyInternal(86)) - Create container placement policy of type org.apache.hadoop.hdds.scm.container.placement.algorithms.SCMContainerPlacementRackAware
2023-06-17 14:27:34,591 [main] INFO  algorithms.ContainerPlacementPolicyFactory (ContainerPlacementPolicyFactory.java:getPolicyInternal(86)) - Create container placement policy of type org.apache.hadoop.hdds.scm.container.placement.algorithms.SCMContainerPlacementRackScatter
2023-06-17 14:27:34,591 [main] INFO  pipeline.PipelineStateManagerImpl (PipelineStateManagerImpl.java:initialize(78)) - No pipeline exists in current db
2023-06-17 14:27:34,591 [main] INFO  algorithms.LeaderChoosePolicyFactory (LeaderChoosePolicyFactory.java:getPolicy(57)) - Create leader choose policy of type org.apache.hadoop.hdds.scm.pipeline.leader.choose.algorithms.MinLeaderCountChoosePolicy
2023-06-17 14:27:34,591 [main] INFO  algorithms.ContainerPlacementPolicyFactory (ContainerPlacementPolicyFactory.java:getPolicyInternal(86)) - Create container placement policy of type org.apache.hadoop.hdds.scm.container.placement.algorithms.SCMContainerPlacementRackScatter
2023-06-17 14:27:34,592 [main] INFO  ha.SCMServiceManager (SCMServiceManager.java:register(42)) - Registering service BackgroundPipelineCreator.
2023-06-17 14:27:34,592 [main] INFO  pipeline.BackgroundPipelineCreator (BackgroundPipelineCreator.java:start(124)) - Starting RatisPipelineUtilsThread.
2023-06-17 14:27:34,592 [main] INFO  BackgroundPipelineScrubber (BackgroundSCMService.java:start(68)) - Starting BackgroundPipelineScrubber Service.
2023-06-17 14:27:34,592 [main] INFO  ha.SCMServiceManager (SCMServiceManager.java:register(42)) - Registering service BackgroundPipelineScrubber.
2023-06-17 14:27:34,593 [main] INFO  ExpiredContainerReplicaOpScrubber (BackgroundSCMService.java:start(68)) - Starting ExpiredContainerReplicaOpScrubber Service.
2023-06-17 14:27:34,593 [main] INFO  ha.SCMServiceManager (SCMServiceManager.java:register(42)) - Registering service ExpiredContainerReplicaOpScrubber.
2023-06-17 14:27:34,595 [main] INFO  algorithms.PipelineChoosePolicyFactory (PipelineChoosePolicyFactory.java:createPipelineChoosePolicyFromClass(73)) - Create pipeline choose policy of type org.apache.hadoop.hdds.scm.pipeline.choose.algorithms.RandomPipelineChoosePolicy
2023-06-17 14:27:34,595 [main] INFO  ha.SCMServiceManager (SCMServiceManager.java:register(42)) - Registering service SCMBlockDeletingService.
2023-06-17 14:27:34,596 [main] INFO  replication.ReplicationManager (ReplicationManager.java:start(286)) - Starting Replication Monitor Thread.
2023-06-17 14:27:34,598 [main] INFO  ha.SCMServiceManager (SCMServiceManager.java:register(42)) - Registering service ReplicationManager.
2023-06-17 14:27:34,598 [main] INFO  safemode.ContainerSafeModeRule (ContainerSafeModeRule.java:<init>(89)) - containers with one replica threshold count 0
2023-06-17 14:27:34,599 [main] INFO  safemode.HealthyPipelineSafeModeRule (HealthyPipelineSafeModeRule.java:initializeRule(169)) - Total pipeline count is 0, healthy pipeline threshold count is 1
2023-06-17 14:27:34,599 [main] INFO  safemode.OneReplicaPipelineSafeModeRule (OneReplicaPipelineSafeModeRule.java:initializeRule(180)) - Total pipeline count is 0, pipeline's with at least one datanode reported threshold count is 0
2023-06-17 14:27:34,600 [main] INFO  server.StorageContainerManager (StorageContainerManager.java:<init>(414)) - SCM start with adminUsers: [runner]
2023-06-17 14:27:34,600 [main] INFO  ipc.CallQueueManager (CallQueueManager.java:<init>(90)) - Using callQueue: class java.util.concurrent.LinkedBlockingQueue, queueCapacity: 2000, scheduler: class org.apache.hadoop.ipc.DefaultRpcScheduler, ipcBackoff: false.
2023-06-17 14:27:34,601 [Socket Reader #1 for port 15037] INFO  ipc.Server (Server.java:run(1319)) - Starting Socket Reader #1 for port 15037
2023-06-17 14:27:34,602 [Listener at 0.0.0.0/15037] INFO  hdds.HddsUtils (HddsUtils.java:preserveThreadName(848)) - Restoring thread name: main
2023-06-17 14:27:34,602 [main] INFO  ipc.CallQueueManager (CallQueueManager.java:<init>(90)) - Using callQueue: class java.util.concurrent.LinkedBlockingQueue, queueCapacity: 2000, scheduler: class org.apache.hadoop.ipc.DefaultRpcScheduler, ipcBackoff: false.
2023-06-17 14:27:34,603 [Socket Reader #1 for port 15036] INFO  ipc.Server (Server.java:run(1319)) - Starting Socket Reader #1 for port 15036
2023-06-17 14:27:34,604 [ReplicationMonitor] INFO  replication.ReplicationManager (ReplicationManager.java:processAll(361)) - Replication Manager is not ready to run until 3000ms after safemode exit
2023-06-17 14:27:34,605 [Listener at 0.0.0.0/15036] INFO  hdds.HddsUtils (HddsUtils.java:preserveThreadName(848)) - Restoring thread name: main
2023-06-17 14:27:34,606 [main] INFO  ipc.CallQueueManager (CallQueueManager.java:<init>(90)) - Using callQueue: class java.util.concurrent.LinkedBlockingQueue, queueCapacity: 2000, scheduler: class org.apache.hadoop.ipc.DefaultRpcScheduler, ipcBackoff: false.
2023-06-17 14:27:34,608 [Socket Reader #1 for port 15035] INFO  ipc.Server (Server.java:run(1319)) - Starting Socket Reader #1 for port 15035
2023-06-17 14:27:34,608 [Listener at 0.0.0.0/15035] INFO  hdds.HddsUtils (HddsUtils.java:preserveThreadName(848)) - Restoring thread name: main
2023-06-17 14:27:34,613 [main] INFO  ha.SCMServiceManager (SCMServiceManager.java:register(42)) - Registering service ContainerBalancer.
2023-06-17 14:27:34,613 [main] INFO  server.StorageContainerManager (StorageContainerManager.java:<init>(427)) - 
Container Balancer status:
Key                            Value
Running                        false
Container Balancer Configuration values:
Key                                                Value
Threshold                                          10
Max Datanodes to Involve per Iteration(percent)    20
Max Size to Move per Iteration                     500GB
Max Size Entering Target per Iteration             26GB
Max Size Leaving Source per Iteration              26GB

2023-06-17 14:27:34,613 [main] INFO  ha.SCMContext (SCMContext.java:updateSafeModeStatus(228)) - Update SafeModeStatus from SafeModeStatus{safeModeStatus=true, preCheckPassed=false} to SafeModeStatus{safeModeStatus=true, preCheckPassed=false}.
2023-06-17 14:27:34,614 [main] INFO  server.StorageContainerManager (StorageContainerManager.java:start(1483)) - StorageContainerLocationProtocol RPC server is listening at /0.0.0.0:15035
2023-06-17 14:27:34,615 [main] WARN  impl.MetricsConfig (MetricsConfig.java:loadFirst(136)) - Cannot locate configuration: tried hadoop-metrics2-storagecontainermanager.properties,hadoop-metrics2.properties
2023-06-17 14:27:34,623 [main] INFO  impl.MetricsSystemImpl (MetricsSystemImpl.java:startTimer(378)) - Scheduled Metric snapshot period at 10 second(s).
2023-06-17 14:27:34,623 [main] INFO  impl.MetricsSystemImpl (MetricsSystemImpl.java:start(191)) - StorageContainerManager metrics system started
2023-06-17 14:27:34,647 [main] INFO  impl.MetricsSinkAdapter (MetricsSinkAdapter.java:start(204)) - Sink prometheus started
2023-06-17 14:27:34,652 [main] INFO  impl.MetricsSystemImpl (MetricsSystemImpl.java:registerSink(305)) - Registered sink prometheus
2023-06-17 14:27:34,666 [main] INFO  server.SCMClientProtocolServer (SCMClientProtocolServer.java:start(201)) - RPC server for Client  is listening at /0.0.0.0:15035
2023-06-17 14:27:34,667 [IPC Server Responder] INFO  ipc.Server (Server.java:run(1558)) - IPC Server Responder: starting
2023-06-17 14:27:34,667 [IPC Server listener on 15035] INFO  ipc.Server (Server.java:run(1398)) - IPC Server listener on 15035: starting
2023-06-17 14:27:34,681 [main] INFO  server.StorageContainerManager (StorageContainerManager.java:start(1496)) - ScmBlockLocationProtocol RPC server is listening at /0.0.0.0:15036
2023-06-17 14:27:34,681 [main] INFO  server.SCMBlockProtocolServer (SCMBlockProtocolServer.java:start(152)) - RPC server for Block Protocol is listening at /0.0.0.0:15036
2023-06-17 14:27:34,682 [IPC Server Responder] INFO  ipc.Server (Server.java:run(1558)) - IPC Server Responder: starting
2023-06-17 14:27:34,682 [IPC Server listener on 15036] INFO  ipc.Server (Server.java:run(1398)) - IPC Server listener on 15036: starting
2023-06-17 14:27:34,686 [main] INFO  server.SCMDatanodeProtocolServer (SCMDatanodeProtocolServer.java:start(193)) - ScmDatanodeProtocol RPC server for DataNodes is listening at /0.0.0.0:15037
2023-06-17 14:27:34,687 [IPC Server Responder] INFO  ipc.Server (Server.java:run(1558)) - IPC Server Responder: starting
2023-06-17 14:27:34,687 [IPC Server listener on 15037] INFO  ipc.Server (Server.java:run(1398)) - IPC Server listener on 15037: starting
2023-06-17 14:27:34,692 [JvmPauseMonitor5] INFO  util.JvmPauseMonitor (JvmPauseMonitor.java:run(103)) - JvmPauseMonitor-14ce1149-14c3-448d-a6f6-d0099dc54a22: Started
2023-06-17 14:27:34,693 [main] INFO  http.BaseHttpServer (BaseHttpServer.java:newHttpServer2BuilderForOzone(224)) - Starting Web-server for scm at: http://0.0.0.0:15038
2023-06-17 14:27:34,694 [main] INFO  http.BaseHttpServer (BaseHttpServer.java:<init>(111)) - Hadoop Security Enabled: false Ozone Security Enabled: false Ozone HTTP Security Enabled: false 
2023-06-17 14:27:34,696 [main] WARN  server.AuthenticationFilter (AuthenticationFilter.java:constructSecretProvider(240)) - Unable to initialize FileSignerSecretProvider, falling back to use random secrets. Reason: Could not read signature secret file: /home/runner/hadoop-http-auth-signature-secret
2023-06-17 14:27:34,697 [main] INFO  http.HttpRequestLog (HttpRequestLog.java:getRequestLog(86)) - Http request log for http.requests.scm is not defined
2023-06-17 14:27:34,699 [main] INFO  http.HttpServer2 (HttpServer2.java:addGlobalFilter(1031)) - Added global filter 'safety' (class=org.apache.hadoop.hdds.server.http.HttpServer2$QuotingInputFilter)
2023-06-17 14:27:34,701 [main] INFO  http.HttpServer2 (HttpServer2.java:addFilter(1007)) - Added filter static_user_filter (class=org.apache.hadoop.http.lib.StaticUserWebFilter$StaticUserFilter) to context scm
2023-06-17 14:27:34,701 [main] INFO  http.HttpServer2 (HttpServer2.java:addFilter(1015)) - Added filter static_user_filter (class=org.apache.hadoop.http.lib.StaticUserWebFilter$StaticUserFilter) to context logs
2023-06-17 14:27:34,701 [main] INFO  http.HttpServer2 (HttpServer2.java:addFilter(1015)) - Added filter static_user_filter (class=org.apache.hadoop.http.lib.StaticUserWebFilter$StaticUserFilter) to context static
2023-06-17 14:27:34,703 [main] INFO  http.BaseHttpServer (BaseHttpServer.java:<init>(190)) - HTTP server of scm uses base directory /home/runner/work/ozone/ozone/hadoop-ozone/integration-test/target/test-dir/MiniOzoneClusterImpl-a6c569a4-67a5-46a9-84bc-d3902a35496e/ozone-meta/webserver
2023-06-17 14:27:34,703 [main] INFO  http.HttpServer2 (HttpServer2.java:bindListener(1250)) - Jetty bound to port 15038
2023-06-17 14:27:34,703 [main] INFO  server.Server (Server.java:doStart(375)) - jetty-9.4.51.v20230217; built: 2023-02-17T08:19:37.309Z; git: b45c405e4544384de066f814ed42ae3dceacdd49; jvm 1.8.0_372-b07
2023-06-17 14:27:34,705 [main] INFO  server.session (DefaultSessionIdManager.java:doStart(334)) - DefaultSessionIdManager workerName=node0
2023-06-17 14:27:34,705 [main] INFO  server.session (DefaultSessionIdManager.java:doStart(339)) - No SessionScavenger set, using defaults
2023-06-17 14:27:34,706 [main] INFO  server.session (HouseKeeper.java:startScavenging(132)) - node0 Scavenging every 660000ms
2023-06-17 14:27:34,707 [main] INFO  handler.ContextHandler (ContextHandler.java:doStart(921)) - Started o.e.j.s.ServletContextHandler@1a6dbd2d{logs,/logs,file:///home/runner/work/ozone/ozone/hadoop-ozone/integration-test/target/log,AVAILABLE}
2023-06-17 14:27:34,708 [main] INFO  handler.ContextHandler (ContextHandler.java:doStart(921)) - Started o.e.j.s.ServletContextHandler@382e57e2{static,/static,file:///home/runner/work/ozone/ozone/hadoop-ozone/integration-test/target/test-classes/webapps/static,AVAILABLE}
2023-06-17 14:27:34,714 [main] INFO  handler.ContextHandler (ContextHandler.java:doStart(921)) - Started o.e.j.w.WebAppContext@27d085c2{scm,/,file:///home/runner/work/ozone/ozone/hadoop-ozone/integration-test/target/test-classes/webapps/scm/,AVAILABLE}{file:/home/runner/work/ozone/ozone/hadoop-ozone/integration-test/target/test-classes/webapps/scm}
2023-06-17 14:27:34,716 [main] INFO  server.AbstractConnector (AbstractConnector.java:doStart(333)) - Started ServerConnector@1d3a0154{HTTP/1.1, (http/1.1)}{0.0.0.0:15038}
2023-06-17 14:27:34,718 [main] INFO  server.Server (Server.java:doStart(415)) - Started @190079ms
2023-06-17 14:27:34,718 [main] WARN  impl.MetricsSystemImpl (MetricsSystemImpl.java:register(279)) - Sink prometheus already exists!
2023-06-17 14:27:34,719 [main] INFO  http.BaseHttpServer (BaseHttpServer.java:updateConnectorAddress(344)) - HTTP server of scm listening at http://0.0.0.0:15038
2023-06-17 14:27:34,719 [main] WARN  server.ServerUtils (ServerUtils.java:getDBPath(311)) - ozone.om.db.dirs is not configured. We recommend adding this setting. Falling back to ozone.metadata.dirs instead.
2023-06-17 14:27:34,723 [main] INFO  ha.OMHANodeDetails (OMHANodeDetails.java:loadOMHAConfig(115)) - ozone.om.internal.service.id is not defined, falling back to ozone.om.service.ids to find serviceID for OzoneManager if it is HA enabled cluster
2023-06-17 14:27:34,724 [main] INFO  ha.OMHANodeDetails (OMHANodeDetails.java:loadOMHAConfig(226)) - Configuration does not have ozone.om.address set. Falling back to the default OM address /127.0.0.1:15039
2023-06-17 14:27:34,724 [main] INFO  ha.OMHANodeDetails (OMHANodeDetails.java:getOMNodeDetailsForNonHA(254)) - OM Service ID is not set. Setting it to the default ID: omServiceIdDefault
2023-06-17 14:27:34,724 [main] INFO  ha.OMHANodeDetails (OMHANodeDetails.java:getOMNodeDetailsForNonHA(261)) - OM Node ID is not set. Setting it to the default ID: om1
2023-06-17 14:27:34,724 [main] WARN  server.ServerUtils (ServerUtils.java:getDBPath(311)) - ozone.om.db.dirs is not configured. We recommend adding this setting. Falling back to ozone.metadata.dirs instead.
2023-06-17 14:27:34,726 [main] INFO  upgrade.AbstractLayoutVersionManager (AbstractLayoutVersionManager.java:init(83)) - Initializing Layout version manager with metadata layout = FILESYSTEM_SNAPSHOT (version = 5), software layout = FILESYSTEM_SNAPSHOT (version = 5)
2023-06-17 14:27:34,822 [main] INFO  reflections.Reflections (Reflections.java:scan(232)) - Reflections took 95 ms to scan 2 urls, producing 181 keys and 499 values [using 2 cores]
2023-06-17 14:27:34,823 [main] INFO  upgrade.OMLayoutVersionManager (OMLayoutVersionManager.java:lambda$0(115)) - Skipping Upgrade Action MockOmUpgradeAction since it has been finalized.
2023-06-17 14:27:34,823 [main] WARN  server.ServerUtils (ServerUtils.java:getDBPath(311)) - ozone.om.db.dirs is not configured. We recommend adding this setting. Falling back to ozone.metadata.dirs instead.
2023-06-17 14:27:34,824 [main] INFO  proxy.SCMBlockLocationFailoverProxyProvider (SCMBlockLocationFailoverProxyProvider.java:<init>(114)) - Created block location fail-over proxy with 1 nodes: [nodeId=scmNodeId,nodeAddress=/0.0.0.0:15036]
2023-06-17 14:27:34,828 [main] INFO  proxy.SCMBlockLocationFailoverProxyProvider (SCMBlockLocationFailoverProxyProvider.java:<init>(114)) - Created block location fail-over proxy with 1 nodes: [nodeId=scmNodeId,nodeAddress=/0.0.0.0:15036]
2023-06-17 14:27:34,836 [main] INFO  om.OzoneManager (OzoneManager.java:<init>(644)) - OM start with adminUsers: [runner]
2023-06-17 14:27:34,837 [main] WARN  server.ServerUtils (ServerUtils.java:getDBPath(311)) - ozone.om.db.dirs is not configured. We recommend adding this setting. Falling back to ozone.metadata.dirs instead.
2023-06-17 14:27:34,839 [main] INFO  helpers.OmKeyInfo (OmKeyInfo.java:getCodec(71)) - OmKeyInfo.getCodec ignorePipeline = true
2023-06-17 14:27:35,019 [main] INFO  om.OzoneManager (OzoneManager.java:instantiateServices(773)) - S3 Multi-Tenancy is disabled
2023-06-17 14:27:35,020 [main] INFO  om.OmSnapshotManager (OmSnapshotManager.java:<init>(170)) - Ozone filesystem snapshot feature is enabled.
2023-06-17 14:27:35,020 [main] WARN  server.ServerUtils (ServerUtils.java:getDBPath(311)) - ozone.om.snapshot.diff.db.dir is not configured. We recommend adding this setting. Falling back to ozone.metadata.dirs instead.
2023-06-17 14:27:35,040 [main] INFO  snapshot.SnapshotDiffManager (SnapshotDiffManager.java:closeExecutorService(1267)) - Shutting down executorService: 'SstDumpToolExecutor'
2023-06-17 14:27:35,043 [main] INFO  om.OzoneManager (OzoneManager.java:addS3GVolumeToDB(4237)) - Created Volume s3v With Owner runner required for S3Gateway operations.
2023-06-17 14:27:35,043 [main] WARN  server.ServerUtils (ServerUtils.java:getDefaultRatisDirectory(323)) - Storage directory for Ratis is not configured. It is a good idea to map this to an SSD disk. Falling back to ozone.metadata.dirs
2023-06-17 14:27:35,043 [main] WARN  utils.OzoneManagerRatisUtils (OzoneManagerRatisUtils.java:getOMRatisSnapshotDirectory(461)) - ozone.om.ratis.snapshot.dir is not configured. Falling back to ozone.metadata.dirs config
2023-06-17 14:27:35,044 [main] WARN  server.ServerUtils (ServerUtils.java:getDefaultRatisDirectory(323)) - Storage directory for Ratis is not configured. It is a good idea to map this to an SSD disk. Falling back to ozone.metadata.dirs
2023-06-17 14:27:35,047 [main] INFO  ratis.OzoneManagerRatisServer (OzoneManagerRatisServer.java:<init>(163)) - Instantiating OM Ratis server with groupID: omServiceIdDefault and peers: localhost:15042
2023-06-17 14:27:35,047 [main] INFO  ratis.OzoneManagerStateMachine (OzoneManagerStateMachine.java:loadSnapshotInfoFromDB(670)) - LastAppliedIndex is set from TransactionInfo from OM DB as (t:0, i:~)
2023-06-17 14:27:35,048 [main] INFO  server.RaftServer (ConfUtils.java:logGet(46)) - raft.rpc.type = GRPC (default)
2023-06-17 14:27:35,048 [main] INFO  grpc.GrpcConfigKeys (ConfUtils.java:logFallback(53)) - raft.grpc.admin.host = null (fallback to raft.grpc.server.host)
2023-06-17 14:27:35,048 [main] INFO  grpc.GrpcConfigKeys (ConfUtils.java:logFallback(53)) - raft.grpc.admin.port = 15042 (fallback to raft.grpc.server.port)
2023-06-17 14:27:35,048 [main] INFO  grpc.GrpcConfigKeys (ConfUtils.java:logFallback(53)) - raft.grpc.client.host = null (fallback to raft.grpc.server.host)
2023-06-17 14:27:35,048 [main] INFO  grpc.GrpcConfigKeys (ConfUtils.java:logFallback(53)) - raft.grpc.client.port = 15042 (fallback to raft.grpc.server.port)
2023-06-17 14:27:35,049 [main] INFO  grpc.GrpcConfigKeys (ConfUtils.java:logGet(46)) - raft.grpc.server.host = null (default)
2023-06-17 14:27:35,049 [main] INFO  grpc.GrpcConfigKeys (ConfUtils.java:logGet(46)) - raft.grpc.server.port = 15042 (custom)
2023-06-17 14:27:35,050 [main] INFO  server.GrpcService (ConfUtils.java:logGet(46)) - raft.grpc.message.size.max = 33554432 (custom)
2023-06-17 14:27:35,050 [main] INFO  server.RaftServerConfigKeys (ConfUtils.java:logGet(46)) - raft.server.log.appender.buffer.byte-limit = 33554432 (custom)
2023-06-17 14:27:35,050 [main] INFO  server.GrpcService (ConfUtils.java:logGet(46)) - raft.grpc.flow.control.window = 1MB (=1048576) (default)
2023-06-17 14:27:35,050 [main] INFO  server.RaftServerConfigKeys (ConfUtils.java:logGet(46)) - raft.server.rpc.request.timeout = 3000ms (default)
2023-06-17 14:27:35,050 [main] INFO  grpc.GrpcConfigKeys (ConfUtils.java:logGet(46)) - raft.grpc.server.heartbeat.channel = true (default)
2023-06-17 14:27:35,050 [main] INFO  grpc.GrpcConfigKeys (ConfUtils.java:logGet(46)) - raft.grpc.server.async.request.thread.pool.cached = true (default)
2023-06-17 14:27:35,051 [main] INFO  grpc.GrpcConfigKeys (ConfUtils.java:logGet(46)) - raft.grpc.server.async.request.thread.pool.size = 32 (default)
2023-06-17 14:27:35,052 [main] INFO  impl.DataStreamServerImpl (ConfUtils.java:logGet(46)) - raft.datastream.type = DISABLED (default)
2023-06-17 14:27:35,053 [main] INFO  server.RaftServerConfigKeys (ConfUtils.java:logGet(46)) - raft.server.threadpool.proxy.cached = true (default)
2023-06-17 14:27:35,053 [main] INFO  server.RaftServerConfigKeys (ConfUtils.java:logGet(46)) - raft.server.threadpool.proxy.size = 0 (default)
2023-06-17 14:27:35,053 [main] INFO  server.RaftServerConfigKeys (ConfUtils.java:logGet(46)) - raft.server.rpc.slowness.timeout = 120s (custom)
2023-06-17 14:27:35,053 [main] INFO  server.RaftServerConfigKeys (ConfUtils.java:logGet(46)) - raft.server.leaderelection.leader.step-down.wait-time = 10s (default)
2023-06-17 14:27:35,053 [main] INFO  server.RaftServerConfigKeys (ConfUtils.java:logGet(46)) - raft.server.storage.dir = [/home/runner/work/ozone/ozone/hadoop-ozone/integration-test/target/test-dir/MiniOzoneClusterImpl-a6c569a4-67a5-46a9-84bc-d3902a35496e/ozone-meta/ratis] (custom)
2023-06-17 14:27:35,054 [main] INFO  server.RaftServer (RaftServerProxy.java:addNew(98)) - om1: addNew group-C5BA1605619E:[om1|rpc:localhost:15042|priority:0|startupRole:FOLLOWER] returns group-C5BA1605619E:java.util.concurrent.CompletableFuture@6c06e61a[Not completed]
2023-06-17 14:27:35,054 [main] INFO  om.OzoneManager (OzoneManager.java:initializeRatisServer(2106)) - OzoneManager Ratis server initialized at port 15042
2023-06-17 14:27:35,055 [om1-groupManagement] INFO  server.RaftServer$Division (RaftServerImpl.java:<init>(198)) - om1: new RaftServerImpl for group-C5BA1605619E:[om1|rpc:localhost:15042|priority:0|startupRole:FOLLOWER] with OzoneManagerStateMachine:uninitialized
2023-06-17 14:27:35,055 [main] INFO  om.OzoneManager (OzoneManager.java:getRpcServer(1166)) - Creating RPC Server
2023-06-17 14:27:35,055 [om1-groupManagement] INFO  server.RaftServerConfigKeys (ConfUtils.java:logGet(46)) - raft.server.rpc.timeout.min = 1s (custom)
2023-06-17 14:27:35,056 [om1-groupManagement] INFO  server.RaftServerConfigKeys (ConfUtils.java:logGet(46)) - raft.server.rpc.timeout.max = 1200ms (custom)
2023-06-17 14:27:35,056 [om1-groupManagement] INFO  server.RaftServerConfigKeys (ConfUtils.java:logGet(46)) - raft.server.rpc.sleep.time = 25ms (default)
2023-06-17 14:27:35,056 [om1-groupManagement] INFO  server.RaftServerConfigKeys (ConfUtils.java:logGet(46)) - raft.server.rpc.slowness.timeout = 120s (custom)
2023-06-17 14:27:35,056 [om1-groupManagement] INFO  server.RaftServerConfigKeys (ConfUtils.java:logGet(46)) - raft.server.leaderelection.leader.step-down.wait-time = 10s (default)
2023-06-17 14:27:35,056 [om1-groupManagement] INFO  server.RaftServerConfigKeys (ConfUtils.java:logGet(46)) - raft.server.sleep.deviation.threshold = 300ms (default)
2023-06-17 14:27:35,056 [om1-groupManagement] INFO  server.RaftServer$Division (ServerState.java:<init>(120)) - om1@group-C5BA1605619E: ConfigurationManager, init=-1: peers:[om1|rpc:localhost:15042|priority:0|startupRole:FOLLOWER]|listeners:[], old=null, confs=<EMPTY_MAP>
2023-06-17 14:27:35,056 [om1-groupManagement] INFO  server.RaftServerConfigKeys (ConfUtils.java:logGet(46)) - raft.server.storage.dir = [/home/runner/work/ozone/ozone/hadoop-ozone/integration-test/target/test-dir/MiniOzoneClusterImpl-a6c569a4-67a5-46a9-84bc-d3902a35496e/ozone-meta/ratis] (custom)
2023-06-17 14:27:35,057 [om1-groupManagement] INFO  server.RaftServerConfigKeys (ConfUtils.java:logGet(46)) - raft.server.log.corruption.policy = EXCEPTION (default)
2023-06-17 14:27:35,057 [om1-groupManagement] INFO  server.RaftServerConfigKeys (ConfUtils.java:logGet(46)) - raft.server.storage.free-space.min = 0MB (=0) (default)
2023-06-17 14:27:35,058 [om1-groupManagement] INFO  server.RaftServerConfigKeys (ConfUtils.java:logGet(46)) - raft.server.notification.no-leader.timeout = 120s (custom)
2023-06-17 14:27:35,058 [om1-groupManagement] INFO  server.RaftServerConfigKeys (ConfUtils.java:logGet(46)) - raft.server.read.timeout = 10s (default)
2023-06-17 14:27:35,059 [om1-groupManagement] INFO  server.RaftServerConfigKeys (ConfUtils.java:logGet(46)) - raft.server.retrycache.expirytime = 300s (custom)
2023-06-17 14:27:35,059 [om1-groupManagement] INFO  server.RaftServerConfigKeys (ConfUtils.java:logGet(46)) - raft.server.retrycache.statistics.expirytime = 100μs (default)
2023-06-17 14:27:35,059 [om1-groupManagement] INFO  server.RaftServerConfigKeys (ConfUtils.java:logGet(46)) - raft.server.read.option = DEFAULT (default)
2023-06-17 14:27:35,059 [om1-groupManagement] INFO  server.RaftServerConfigKeys (ConfUtils.java:logGet(46)) - raft.server.rpc.request.timeout = 3000ms (default)
2023-06-17 14:27:35,059 [om1-groupManagement] INFO  server.RaftServerConfigKeys (ConfUtils.java:logGet(46)) - raft.server.log.appender.install.snapshot.enabled = false (custom)
2023-06-17 14:27:35,060 [om1-groupManagement] INFO  server.RaftServerConfigKeys (ConfUtils.java:logGet(46)) - raft.server.threadpool.server.cached = true (default)
2023-06-17 14:27:35,060 [om1-groupManagement] INFO  server.RaftServerConfigKeys (ConfUtils.java:logGet(46)) - raft.server.threadpool.server.size = 0 (default)
2023-06-17 14:27:35,060 [om1-groupManagement] INFO  server.RaftServerConfigKeys (ConfUtils.java:logGet(46)) - raft.server.threadpool.client.cached = true (default)
2023-06-17 14:27:35,060 [om1-groupManagement] INFO  server.RaftServerConfigKeys (ConfUtils.java:logGet(46)) - raft.server.threadpool.client.size = 0 (default)
2023-06-17 14:27:35,535 [main] INFO  reflections.Reflections (Reflections.java:scan(232)) - Reflections took 476 ms to scan 19 urls, producing 69 keys and 5365 values [using 2 cores]
2023-06-17 14:27:35,536 [main] INFO  ipc.CallQueueManager (CallQueueManager.java:<init>(90)) - Using callQueue: class java.util.concurrent.LinkedBlockingQueue, queueCapacity: 2000, scheduler: class org.apache.hadoop.ipc.DefaultRpcScheduler, ipcBackoff: false.
2023-06-17 14:27:35,539 [Socket Reader #1 for port 15039] INFO  ipc.Server (Server.java:run(1319)) - Starting Socket Reader #1 for port 15039
2023-06-17 14:27:35,544 [Listener at 127.0.0.1/15039] INFO  hdds.HddsUtils (HddsUtils.java:preserveThreadName(848)) - Restoring thread name: main
2023-06-17 14:27:35,563 [main] INFO  impl.MetricsSystemImpl (MetricsSystemImpl.java:init(158)) - OzoneManager metrics system started (again)
2023-06-17 14:27:35,576 [main] INFO  om.OzoneManager (OzoneManager.java:start(1588)) - OzoneManager RPC server is listening at localhost/127.0.0.1:15039
2023-06-17 14:27:35,576 [main] INFO  ratis.OzoneManagerRatisServer (OzoneManagerRatisServer.java:start(558)) - Starting OzoneManagerRatisServer om1 at port 15042
2023-06-17 14:27:35,577 [om1-impl-thread1] INFO  storage.RaftStorageDirectory (RaftStorageDirectoryImpl.java:analyzeStorage(137)) - The storage directory /home/runner/work/ozone/ozone/hadoop-ozone/integration-test/target/test-dir/MiniOzoneClusterImpl-a6c569a4-67a5-46a9-84bc-d3902a35496e/ozone-meta/ratis/bf265839-605b-3f16-9796-c5ba1605619e does not exist. Creating ...
2023-06-17 14:27:35,578 [om1-impl-thread1] INFO  storage.RaftStorageDirectory (RaftStorageDirectoryImpl.java:tryLock(231)) - Lock on /home/runner/work/ozone/ozone/hadoop-ozone/integration-test/target/test-dir/MiniOzoneClusterImpl-a6c569a4-67a5-46a9-84bc-d3902a35496e/ozone-meta/ratis/bf265839-605b-3f16-9796-c5ba1605619e/in_use.lock acquired by nodename 109811@fv-az1035-386
2023-06-17 14:27:35,579 [om1-impl-thread1] INFO  storage.RaftStorage (RaftStorageImpl.java:format(96)) - Storage directory /home/runner/work/ozone/ozone/hadoop-ozone/integration-test/target/test-dir/MiniOzoneClusterImpl-a6c569a4-67a5-46a9-84bc-d3902a35496e/ozone-meta/ratis/bf265839-605b-3f16-9796-c5ba1605619e has been successfully formatted.
2023-06-17 14:27:35,579 [om1-impl-thread1] INFO  server.RaftServerConfigKeys (ConfUtils.java:logGet(46)) - raft.server.log.use.memory = false (default)
2023-06-17 14:27:35,579 [om1-impl-thread1] INFO  server.RaftServerConfigKeys (ConfUtils.java:logGet(46)) - raft.server.log.purge.gap = 1000000 (custom)
2023-06-17 14:27:35,580 [om1-impl-thread1] INFO  server.RaftServerConfigKeys (ConfUtils.java:logGet(46)) - raft.server.log.appender.buffer.byte-limit = 33554432 (custom)
2023-06-17 14:27:35,580 [om1-impl-thread1] INFO  server.RaftServerConfigKeys (ConfUtils.java:logGet(46)) - raft.server.log.statemachine.data.read.timeout = 1000ms (default)
2023-06-17 14:27:35,580 [om1-impl-thread1] INFO  server.RaftServerConfigKeys (ConfUtils.java:logGet(46)) - raft.server.log.purge.preservation.log.num = 0 (default)
2023-06-17 14:27:35,580 [om1-impl-thread1] INFO  server.RaftServerConfigKeys (ConfUtils.java:logGet(46)) - raft.server.log.segment.size.max = 4194304 (custom)
2023-06-17 14:27:35,580 [om1-impl-thread1] INFO  server.RaftServerConfigKeys (ConfUtils.java:logGet(46)) - raft.server.log.segment.cache.num.max = 2 (custom)
2023-06-17 14:27:35,580 [om1-impl-thread1] INFO  server.RaftServerConfigKeys (ConfUtils.java:logGet(46)) - raft.server.log.segment.cache.size.max = 200MB (=209715200) (default)
2023-06-17 14:27:35,580 [om1-impl-thread1] INFO  server.RaftServerConfigKeys (ConfUtils.java:logGet(46)) - raft.server.log.appender.buffer.byte-limit = 33554432 (custom)
2023-06-17 14:27:35,580 [om1-impl-thread1] INFO  segmented.SegmentedRaftLogWorker (SegmentedRaftLogWorker.java:<init>(188)) - new om1@group-C5BA1605619E-SegmentedRaftLogWorker for RaftStorageImpl:Storage Directory /home/runner/work/ozone/ozone/hadoop-ozone/integration-test/target/test-dir/MiniOzoneClusterImpl-a6c569a4-67a5-46a9-84bc-d3902a35496e/ozone-meta/ratis/bf265839-605b-3f16-9796-c5ba1605619e
2023-06-17 14:27:35,580 [om1-impl-thread1] INFO  server.RaftServerConfigKeys (ConfUtils.java:logGet(46)) - raft.server.log.queue.byte-limit = 64MB (=67108864) (default)
2023-06-17 14:27:35,580 [om1-impl-thread1] INFO  server.RaftServerConfigKeys (ConfUtils.java:logGet(46)) - raft.server.log.queue.element-limit = 4096 (default)
2023-06-17 14:27:35,580 [om1-impl-thread1] INFO  server.RaftServerConfigKeys (ConfUtils.java:logGet(46)) - raft.server.log.segment.size.max = 4194304 (custom)
2023-06-17 14:27:35,580 [om1-impl-thread1] INFO  server.RaftServerConfigKeys (ConfUtils.java:logGet(46)) - raft.server.log.preallocated.size = 4194304 (custom)
2023-06-17 14:27:35,580 [om1-impl-thread1] INFO  server.RaftServerConfigKeys (ConfUtils.java:logGet(46)) - raft.server.log.force.sync.num = 128 (default)
2023-06-17 14:27:35,580 [om1-impl-thread1] INFO  server.RaftServerConfigKeys (ConfUtils.java:logGet(46)) - raft.server.log.statemachine.data.sync = true (default)
2023-06-17 14:27:35,581 [om1-impl-thread1] INFO  server.RaftServerConfigKeys (ConfUtils.java:logGet(46)) - raft.server.log.statemachine.data.sync.timeout = 10s (default)
2023-06-17 14:27:35,581 [om1-impl-thread1] INFO  server.RaftServerConfigKeys (ConfUtils.java:logGet(46)) - raft.server.log.statemachine.data.sync.timeout.retry = -1 (default)
2023-06-17 14:27:35,581 [om1-impl-thread1] INFO  server.RaftServerConfigKeys (ConfUtils.java:logGet(46)) - raft.server.log.write.buffer.size = 64KB (=65536) (default)
2023-06-17 14:27:35,581 [om1-impl-thread1] INFO  server.RaftServerConfigKeys (ConfUtils.java:logGet(46)) - raft.server.log.appender.buffer.byte-limit = 33554432 (custom)
2023-06-17 14:27:35,590 [om1-impl-thread1] INFO  server.RaftServerConfigKeys (ConfUtils.java:logGet(46)) - raft.server.log.unsafe-flush.enabled = false (default)
2023-06-17 14:27:35,590 [om1-impl-thread1] INFO  server.RaftServerConfigKeys (ConfUtils.java:logGet(46)) - raft.server.log.async-flush.enabled = false (default)
2023-06-17 14:27:35,590 [om1-impl-thread1] INFO  server.RaftServerConfigKeys (ConfUtils.java:logGet(46)) - raft.server.log.statemachine.data.caching.enabled = false (default)
2023-06-17 14:27:35,591 [om1-impl-thread1] INFO  segmented.SegmentedRaftLogWorker (SegmentedRaftLogWorker.java:lambda$new$0(135)) - om1@group-C5BA1605619E-SegmentedRaftLogWorker: flushIndex: setUnconditionally 0 -> -1
2023-06-17 14:27:35,591 [om1-impl-thread1] INFO  segmented.SegmentedRaftLogWorker (SegmentedRaftLogWorker.java:lambda$new$0(135)) - om1@group-C5BA1605619E-SegmentedRaftLogWorker: safeCacheEvictIndex: setUnconditionally 0 -> -1
2023-06-17 14:27:35,591 [om1-impl-thread1] INFO  server.RaftServer$Division (RaftServerImpl.java:start(342)) - om1@group-C5BA1605619E: start as a follower, conf=-1: peers:[om1|rpc:localhost:15042|priority:0|startupRole:FOLLOWER]|listeners:[], old=null
2023-06-17 14:27:35,591 [om1-impl-thread1] INFO  server.RaftServer$Division (RaftServerImpl.java:setRole(329)) - om1@group-C5BA1605619E: changes role from      null to FOLLOWER at term 0 for startAsFollower
2023-06-17 14:27:35,592 [om1-impl-thread1] INFO  impl.RoleInfo (RoleInfo.java:updateAndGet(139)) - om1: start om1@group-C5BA1605619E-FollowerState
2023-06-17 14:27:35,592 [om1@group-C5BA1605619E-FollowerState] INFO  server.RaftServerConfigKeys (ConfUtils.java:logFallback(53)) - raft.server.rpc.first-election.timeout.min = 1s (fallback to raft.server.rpc.timeout.min)
2023-06-17 14:27:35,592 [om1-impl-thread1] INFO  util.JmxRegister (JmxRegister.java:tryRegister(44)) - Successfully registered JMX Bean with object name Ratis:service=RaftServer,group=group-C5BA1605619E,id=om1
2023-06-17 14:27:35,592 [om1@group-C5BA1605619E-FollowerState] INFO  server.RaftServerConfigKeys (ConfUtils.java:logFallback(53)) - raft.server.rpc.first-election.timeout.max = 1200ms (fallback to raft.server.rpc.timeout.max)
2023-06-17 14:27:35,592 [om1-impl-thread1] INFO  server.RaftServerConfigKeys (ConfUtils.java:logGet(46)) - raft.server.snapshot.auto.trigger.enabled = true (custom)
2023-06-17 14:27:35,592 [om1-impl-thread1] INFO  server.RaftServerConfigKeys (ConfUtils.java:logGet(46)) - raft.server.snapshot.auto.trigger.threshold = 400000 (default)
2023-06-17 14:27:35,592 [om1-impl-thread1] INFO  server.RaftServerConfigKeys (ConfUtils.java:logGet(46)) - raft.server.snapshot.retention.file.num = -1 (default)
2023-06-17 14:27:35,593 [om1-impl-thread1] INFO  server.RaftServerConfigKeys (ConfUtils.java:logGet(46)) - raft.server.log.purge.upto.snapshot.index = true (custom)
2023-06-17 14:27:35,593 [main] INFO  server.RaftServer (RaftServerProxy.java:startImpl(400)) - om1: start RPC server
2023-06-17 14:27:35,598 [main] INFO  server.GrpcService (GrpcService.java:startImpl(302)) - om1: GrpcService started, listening on 15042
2023-06-17 14:27:35,599 [main] INFO  om.OzoneManager (OzoneManager.java:start(1604)) - Version File has different layout version (5) than OM DB (null). That is expected if this OM has never been finalized to a newer layout version.
2023-06-17 14:27:35,599 [JvmPauseMonitor6] INFO  util.JvmPauseMonitor (JvmPauseMonitor.java:run(103)) - JvmPauseMonitor-om1: Started
2023-06-17 14:27:35,604 [main] INFO  http.BaseHttpServer (BaseHttpServer.java:newHttpServer2BuilderForOzone(224)) - Starting Web-server for ozoneManager at: http://0.0.0.0:15040
2023-06-17 14:27:35,604 [main] INFO  http.BaseHttpServer (BaseHttpServer.java:<init>(111)) - Hadoop Security Enabled: false Ozone Security Enabled: false Ozone HTTP Security Enabled: false 
2023-06-17 14:27:35,606 [main] WARN  server.AuthenticationFilter (AuthenticationFilter.java:constructSecretProvider(240)) - Unable to initialize FileSignerSecretProvider, falling back to use random secrets. Reason: Could not read signature secret file: /home/runner/hadoop-http-auth-signature-secret
2023-06-17 14:27:35,607 [main] INFO  http.HttpRequestLog (HttpRequestLog.java:getRequestLog(86)) - Http request log for http.requests.ozoneManager is not defined
2023-06-17 14:27:35,609 [main] INFO  http.HttpServer2 (HttpServer2.java:addGlobalFilter(1031)) - Added global filter 'safety' (class=org.apache.hadoop.hdds.server.http.HttpServer2$QuotingInputFilter)
2023-06-17 14:27:35,609 [main] INFO  http.HttpServer2 (HttpServer2.java:addFilter(1007)) - Added filter static_user_filter (class=org.apache.hadoop.http.lib.StaticUserWebFilter$StaticUserFilter) to context ozoneManager
2023-06-17 14:27:35,610 [main] INFO  http.HttpServer2 (HttpServer2.java:addFilter(1015)) - Added filter static_user_filter (class=org.apache.hadoop.http.lib.StaticUserWebFilter$StaticUserFilter) to context static
2023-06-17 14:27:35,610 [main] INFO  http.HttpServer2 (HttpServer2.java:addFilter(1015)) - Added filter static_user_filter (class=org.apache.hadoop.http.lib.StaticUserWebFilter$StaticUserFilter) to context logs
2023-06-17 14:27:35,610 [main] INFO  http.BaseHttpServer (BaseHttpServer.java:<init>(190)) - HTTP server of ozoneManager uses base directory /home/runner/work/ozone/ozone/hadoop-ozone/integration-test/target/test-dir/MiniOzoneClusterImpl-a6c569a4-67a5-46a9-84bc-d3902a35496e/ozone-meta/webserver
2023-06-17 14:27:35,611 [main] INFO  http.HttpServer2 (HttpServer2.java:bindListener(1250)) - Jetty bound to port 15040
2023-06-17 14:27:35,611 [main] INFO  server.Server (Server.java:doStart(375)) - jetty-9.4.51.v20230217; built: 2023-02-17T08:19:37.309Z; git: b45c405e4544384de066f814ed42ae3dceacdd49; jvm 1.8.0_372-b07
2023-06-17 14:27:35,623 [main] INFO  server.session (DefaultSessionIdManager.java:doStart(334)) - DefaultSessionIdManager workerName=node0
2023-06-17 14:27:35,623 [main] INFO  server.session (DefaultSessionIdManager.java:doStart(339)) - No SessionScavenger set, using defaults
2023-06-17 14:27:35,623 [main] INFO  server.session (HouseKeeper.java:startScavenging(132)) - node0 Scavenging every 600000ms
2023-06-17 14:27:35,624 [main] INFO  handler.ContextHandler (ContextHandler.java:doStart(921)) - Started o.e.j.s.ServletContextHandler@1ea9c046{logs,/logs,file:///home/runner/work/ozone/ozone/hadoop-ozone/integration-test/target/log,AVAILABLE}
2023-06-17 14:27:35,625 [main] INFO  handler.ContextHandler (ContextHandler.java:doStart(921)) - Started o.e.j.s.ServletContextHandler@1df8663b{static,/static,file:///home/runner/work/ozone/ozone/hadoop-ozone/integration-test/target/test-classes/webapps/static,AVAILABLE}
2023-06-17 14:27:35,629 [main] INFO  handler.ContextHandler (ContextHandler.java:doStart(921)) - Started o.e.j.w.WebAppContext@1ff67f85{ozoneManager,/,file:///home/runner/work/ozone/ozone/hadoop-ozone/integration-test/target/test-classes/webapps/ozoneManager/,AVAILABLE}{file:/home/runner/work/ozone/ozone/hadoop-ozone/integration-test/target/test-classes/webapps/ozoneManager}
2023-06-17 14:27:35,630 [main] INFO  server.AbstractConnector (AbstractConnector.java:doStart(333)) - Started ServerConnector@114f20bc{HTTP/1.1, (http/1.1)}{0.0.0.0:15040}
2023-06-17 14:27:35,631 [main] INFO  server.Server (Server.java:doStart(415)) - Started @190992ms
2023-06-17 14:27:35,631 [main] WARN  impl.MetricsSystemImpl (MetricsSystemImpl.java:register(279)) - Sink prometheus already exists!
2023-06-17 14:27:35,631 [main] INFO  http.BaseHttpServer (BaseHttpServer.java:updateConnectorAddress(344)) - HTTP server of ozoneManager listening at http://0.0.0.0:15040
2023-06-17 14:27:35,632 [IPC Server Responder] INFO  ipc.Server (Server.java:run(1558)) - IPC Server Responder: starting
2023-06-17 14:27:35,634 [IPC Server listener on 15039] INFO  ipc.Server (Server.java:run(1398)) - IPC Server listener on 15039: starting
2023-06-17 14:27:35,640 [main] INFO  om.OzoneManager (OzoneManager.java:startTrashEmptier(2059)) - Trash Interval set to 0. Files deleted won't move to trash
2023-06-17 14:27:35,660 [main] WARN  impl.MetricRegistriesImpl (MetricRegistriesImpl.java:addReporterRegistration(111)) - New reporters are added after registries were created. Some metrics will be missing from the reporter. Please add reporter before adding any new registry.
2023-06-17 14:27:35,660 [main] WARN  impl.MetricRegistriesImpl (MetricRegistriesImpl.java:addReporterRegistration(111)) - New reporters are added after registries were created. Some metrics will be missing from the reporter. Please add reporter before adding any new registry.
2023-06-17 14:27:35,660 [main] INFO  impl.MetricsSystemImpl (MetricsSystemImpl.java:init(158)) - HddsDatanode metrics system started (again)
2023-06-17 14:27:35,681 [main] INFO  ozone.HddsDatanodeService (HddsDatanodeService.java:start(262)) - HddsDatanodeService host:fv-az1035-386.p4kjid14prhuxkk4m0x4prg4bg.cx.internal.cloudapp.net ip:10.1.0.30
2023-06-17 14:27:35,703 [main] INFO  upgrade.AbstractLayoutVersionManager (AbstractLayoutVersionManager.java:init(83)) - Initializing Layout version manager with metadata layout = HADOOP_PRC_PORTS_IN_DATANODEDETAILS (version = 7), software layout = HADOOP_PRC_PORTS_IN_DATANODEDETAILS (version = 7)
2023-06-17 14:27:35,704 [main] INFO  statemachine.DatanodeStateMachine (DatanodeStateMachine.java:getEndPointTaskThreadPoolSize(279)) - Datanode State Machine Task Thread Pool size 2
2023-06-17 14:27:35,707 [main] INFO  volume.HddsVolume (HddsVolume.java:<init>(130)) - Creating HddsVolume: /home/runner/work/ozone/ozone/hadoop-ozone/integration-test/target/test-dir/MiniOzoneClusterImpl-a6c569a4-67a5-46a9-84bc-d3902a35496e/datanode-0/data-0/containers/hdds of storage type : DISK capacity : 9223372036854775807
2023-06-17 14:27:35,708 [main] INFO  volume.MutableVolumeSet (MutableVolumeSet.java:initializeVolumeSet(175)) - Added Volume : /home/runner/work/ozone/ozone/hadoop-ozone/integration-test/target/test-dir/MiniOzoneClusterImpl-a6c569a4-67a5-46a9-84bc-d3902a35496e/datanode-0/data-0/containers/hdds to VolumeSet
2023-06-17 14:27:35,708 [main] INFO  volume.ThrottledAsyncChecker (ThrottledAsyncChecker.java:schedule(141)) - Scheduling a check for /home/runner/work/ozone/ozone/hadoop-ozone/integration-test/target/test-dir/MiniOzoneClusterImpl-a6c569a4-67a5-46a9-84bc-d3902a35496e/datanode-0/data-0/containers/hdds
2023-06-17 14:27:35,708 [main] INFO  volume.StorageVolumeChecker (StorageVolumeChecker.java:checkAllVolumes(202)) - Scheduled health check for volume /home/runner/work/ozone/ozone/hadoop-ozone/integration-test/target/test-dir/MiniOzoneClusterImpl-a6c569a4-67a5-46a9-84bc-d3902a35496e/datanode-0/data-0/containers/hdds
2023-06-17 14:27:35,724 [main] INFO  volume.MutableVolumeSet (MutableVolumeSet.java:initializeVolumeSet(175)) - Added Volume : /home/runner/work/ozone/ozone/hadoop-ozone/integration-test/target/test-dir/MiniOzoneClusterImpl-a6c569a4-67a5-46a9-84bc-d3902a35496e/datanode-0/data/ratis to VolumeSet
2023-06-17 14:27:35,725 [main] INFO  volume.ThrottledAsyncChecker (ThrottledAsyncChecker.java:schedule(141)) - Scheduling a check for /home/runner/work/ozone/ozone/hadoop-ozone/integration-test/target/test-dir/MiniOzoneClusterImpl-a6c569a4-67a5-46a9-84bc-d3902a35496e/datanode-0/data/ratis
2023-06-17 14:27:35,725 [main] INFO  volume.StorageVolumeChecker (StorageVolumeChecker.java:checkAllVolumes(202)) - Scheduled health check for volume /home/runner/work/ozone/ozone/hadoop-ozone/integration-test/target/test-dir/MiniOzoneClusterImpl-a6c569a4-67a5-46a9-84bc-d3902a35496e/datanode-0/data/ratis
2023-06-17 14:27:35,738 [Thread-1081] INFO  ozoneimpl.ContainerReader (ContainerReader.java:readVolume(175)) - Finish verifying containers on volume /home/runner/work/ozone/ozone/hadoop-ozone/integration-test/target/test-dir/MiniOzoneClusterImpl-a6c569a4-67a5-46a9-84bc-d3902a35496e/datanode-0/data-0/containers/hdds
2023-06-17 14:27:35,738 [main] INFO  ozoneimpl.OzoneContainer (OzoneContainer.java:buildContainerSet(316)) - Build ContainerSet costs 0s
2023-06-17 14:27:35,741 [main] INFO  server.RaftServer (ConfUtils.java:logGet(46)) - raft.rpc.type = GRPC (default)
2023-06-17 14:27:35,742 [main] INFO  grpc.GrpcConfigKeys (ConfUtils.java:logFallback(53)) - raft.grpc.admin.host = null (fallback to raft.grpc.server.host)
2023-06-17 14:27:35,742 [main] INFO  grpc.GrpcConfigKeys (ConfUtils.java:logGet(46)) - raft.grpc.admin.port = 15048 (custom)
2023-06-17 14:27:35,742 [main] INFO  grpc.GrpcConfigKeys (ConfUtils.java:logFallback(53)) - raft.grpc.client.host = null (fallback to raft.grpc.server.host)
2023-06-17 14:27:35,742 [main] INFO  grpc.GrpcConfigKeys (ConfUtils.java:logGet(46)) - raft.grpc.client.port = 15047 (custom)
2023-06-17 14:27:35,742 [main] INFO  grpc.GrpcConfigKeys (ConfUtils.java:logGet(46)) - raft.grpc.server.host = null (default)
2023-06-17 14:27:35,743 [main] INFO  grpc.GrpcConfigKeys (ConfUtils.java:logGet(46)) - raft.grpc.server.port = 15049 (custom)
2023-06-17 14:27:35,743 [main] INFO  server.GrpcService (ConfUtils.java:logGet(46)) - raft.grpc.message.size.max = 32MB (=33554432) (custom)
2023-06-17 14:27:35,743 [main] INFO  server.RaftServerConfigKeys (ConfUtils.java:logGet(46)) - raft.server.log.appender.buffer.byte-limit = 33554432 (custom)
2023-06-17 14:27:35,743 [main] INFO  server.GrpcService (ConfUtils.java:logGet(46)) - raft.grpc.flow.control.window = 5MB (=5242880) (custom)
2023-06-17 14:27:35,743 [main] INFO  server.RaftServerConfigKeys (ConfUtils.java:logGet(46)) - raft.server.rpc.request.timeout = 60s (custom)
2023-06-17 14:27:35,744 [main] INFO  grpc.GrpcConfigKeys (ConfUtils.java:logGet(46)) - raft.grpc.server.heartbeat.channel = true (default)
2023-06-17 14:27:35,744 [main] INFO  grpc.GrpcConfigKeys (ConfUtils.java:logGet(46)) - raft.grpc.server.async.request.thread.pool.cached = true (default)
2023-06-17 14:27:35,744 [main] INFO  grpc.GrpcConfigKeys (ConfUtils.java:logGet(46)) - raft.grpc.server.async.request.thread.pool.size = 32 (default)
2023-06-17 14:27:35,747 [main] INFO  impl.DataStreamServerImpl (ConfUtils.java:logGet(46)) - raft.datastream.type = NETTY (custom)
2023-06-17 14:27:35,747 [main] INFO  server.RaftServerConfigKeys (ConfUtils.java:logGet(46)) - raft.server.data-stream.async.request.thread.pool.cached = false (default)
2023-06-17 14:27:35,748 [main] INFO  server.RaftServerConfigKeys (ConfUtils.java:logGet(46)) - raft.server.data-stream.async.request.thread.pool.size = 20 (custom)
2023-06-17 14:27:35,748 [main] INFO  server.RaftServerConfigKeys (ConfUtils.java:logGet(46)) - raft.server.data-stream.async.write.thread.pool.size = 16 (default)
2023-06-17 14:27:35,748 [main] INFO  server.RaftServerConfigKeys (ConfUtils.java:logGet(46)) - raft.server.data-stream.client.pool.size = 10 (default)
2023-06-17 14:27:35,748 [main] INFO  netty.NettyConfigKeys$DataStream (ConfUtils.java:logGet(46)) - raft.netty.dataStream.server.use-epoll = false (default)
2023-06-17 14:27:35,748 [main] INFO  netty.NettyConfigKeys$DataStream (ConfUtils.java:logGet(46)) - raft.netty.dataStream.server.boss-group.size = 0 (default)
2023-06-17 14:27:35,749 [main] INFO  netty.NettyConfigKeys$DataStream (ConfUtils.java:logGet(46)) - raft.netty.dataStream.server.worker-group.size = 0 (default)
2023-06-17 14:27:35,750 [main] INFO  netty.NettyConfigKeys$DataStream (ConfUtils.java:logGet(46)) - raft.netty.dataStream.server.tls.conf = null (default)
2023-06-17 14:27:35,750 [main] INFO  netty.NettyConfigKeys$DataStream (ConfUtils.java:logGet(46)) - raft.netty.dataStream.host = null (default)
2023-06-17 14:27:35,750 [main] INFO  netty.NettyConfigKeys$DataStream (ConfUtils.java:logGet(46)) - raft.netty.dataStream.port = 15050 (custom)
2023-06-17 14:27:35,751 [main] INFO  server.RaftServerConfigKeys (ConfUtils.java:logGet(46)) - raft.server.threadpool.proxy.cached = true (default)
2023-06-17 14:27:35,751 [main] INFO  server.RaftServerConfigKeys (ConfUtils.java:logGet(46)) - raft.server.threadpool.proxy.size = 0 (default)
2023-06-17 14:27:35,751 [3350fcee-efa5-466a-bd09-11f11345576c-NettyServerStreamRpc-bossGroup--thread1] INFO  logging.LoggingHandler (AbstractInternalLogger.java:log(148)) - [id: 0x16fec1db] REGISTERED
2023-06-17 14:27:35,752 [main] INFO  server.RaftServerConfigKeys (ConfUtils.java:logGet(46)) - raft.server.rpc.slowness.timeout = 300s (custom)
2023-06-17 14:27:35,752 [3350fcee-efa5-466a-bd09-11f11345576c-NettyServerStreamRpc-bossGroup--thread1] INFO  logging.LoggingHandler (AbstractInternalLogger.java:log(148)) - [id: 0x16fec1db] BIND: 0.0.0.0/0.0.0.0:15050
2023-06-17 14:27:35,752 [main] INFO  server.RaftServerConfigKeys (ConfUtils.java:logGet(46)) - raft.server.leaderelection.leader.step-down.wait-time = 10s (default)
2023-06-17 14:27:35,752 [3350fcee-efa5-466a-bd09-11f11345576c-NettyServerStreamRpc-bossGroup--thread1] INFO  logging.LoggingHandler (AbstractInternalLogger.java:log(148)) - [id: 0x16fec1db, L:/0:0:0:0:0:0:0:0:15050] ACTIVE
2023-06-17 14:27:35,752 [main] INFO  server.RaftServerConfigKeys (ConfUtils.java:logGet(46)) - raft.server.storage.dir = [/home/runner/work/ozone/ozone/hadoop-ozone/integration-test/target/test-dir/MiniOzoneClusterImpl-a6c569a4-67a5-46a9-84bc-d3902a35496e/datanode-0/data/ratis] (custom)
2023-06-17 14:27:35,754 [main] INFO  server.XceiverServerGrpc (XceiverServerGrpc.java:<init>(132)) - GrpcServer channel type EpollServerSocketChannel
2023-06-17 14:27:35,756 [main] INFO  replication.ReplicationSupervisor (ReplicationSupervisor.java:nodeStateUpdated(305)) - Node state updated to IN_SERVICE, scaling executor pool size to 10
2023-06-17 14:27:35,759 [main] INFO  http.BaseHttpServer (BaseHttpServer.java:newHttpServer2BuilderForOzone(224)) - Starting Web-server for hddsDatanode at: http://0.0.0.0:15044
2023-06-17 14:27:35,759 [main] INFO  http.BaseHttpServer (BaseHttpServer.java:<init>(111)) - Hadoop Security Enabled: false Ozone Security Enabled: false Ozone HTTP Security Enabled: false 
2023-06-17 14:27:35,761 [main] WARN  server.AuthenticationFilter (AuthenticationFilter.java:constructSecretProvider(240)) - Unable to initialize FileSignerSecretProvider, falling back to use random secrets. Reason: Could not read signature secret file: /home/runner/hadoop-http-auth-signature-secret
2023-06-17 14:27:35,761 [main] INFO  http.HttpRequestLog (HttpRequestLog.java:getRequestLog(86)) - Http request log for http.requests.hddsDatanode is not defined
2023-06-17 14:27:35,763 [main] INFO  http.HttpServer2 (HttpServer2.java:addGlobalFilter(1031)) - Added global filter 'safety' (class=org.apache.hadoop.hdds.server.http.HttpServer2$QuotingInputFilter)
2023-06-17 14:27:35,764 [main] INFO  http.HttpServer2 (HttpServer2.java:addFilter(1007)) - Added filter static_user_filter (class=org.apache.hadoop.http.lib.StaticUserWebFilter$StaticUserFilter) to context hddsDatanode
2023-06-17 14:27:35,764 [main] INFO  http.HttpServer2 (HttpServer2.java:addFilter(1015)) - Added filter static_user_filter (class=org.apache.hadoop.http.lib.StaticUserWebFilter$StaticUserFilter) to context logs
2023-06-17 14:27:35,764 [main] INFO  http.HttpServer2 (HttpServer2.java:addFilter(1015)) - Added filter static_user_filter (class=org.apache.hadoop.http.lib.StaticUserWebFilter$StaticUserFilter) to context static
2023-06-17 14:27:35,765 [main] INFO  http.BaseHttpServer (BaseHttpServer.java:<init>(190)) - HTTP server of hddsDatanode uses base directory /home/runner/work/ozone/ozone/hadoop-ozone/integration-test/target/test-dir/MiniOzoneClusterImpl-a6c569a4-67a5-46a9-84bc-d3902a35496e/datanode-0/meta/webserver
2023-06-17 14:27:35,766 [main] INFO  http.HttpServer2 (HttpServer2.java:bindListener(1250)) - Jetty bound to port 15044
2023-06-17 14:27:35,766 [main] INFO  server.Server (Server.java:doStart(375)) - jetty-9.4.51.v20230217; built: 2023-02-17T08:19:37.309Z; git: b45c405e4544384de066f814ed42ae3dceacdd49; jvm 1.8.0_372-b07
2023-06-17 14:27:35,767 [main] INFO  server.session (DefaultSessionIdManager.java:doStart(334)) - DefaultSessionIdManager workerName=node0
2023-06-17 14:27:35,767 [main] INFO  server.session (DefaultSessionIdManager.java:doStart(339)) - No SessionScavenger set, using defaults
2023-06-17 14:27:35,768 [main] INFO  server.session (HouseKeeper.java:startScavenging(132)) - node0 Scavenging every 660000ms
2023-06-17 14:27:35,768 [main] INFO  handler.ContextHandler (ContextHandler.java:doStart(921)) - Started o.e.j.s.ServletContextHandler@6ff43a85{logs,/logs,file:///home/runner/work/ozone/ozone/hadoop-ozone/integration-test/target/log,AVAILABLE}
2023-06-17 14:27:35,769 [main] INFO  handler.ContextHandler (ContextHandler.java:doStart(921)) - Started o.e.j.s.ServletContextHandler@75c84f34{static,/static,jar:file:/home/runner/.m2/repository/org/apache/ozone/hdds-container-service/1.4.0-SNAPSHOT/hdds-container-service-1.4.0-SNAPSHOT.jar!/webapps/static,AVAILABLE}
2023-06-17 14:27:36,379 [JvmPauseMonitor5] WARN  util.JvmPauseMonitor (JvmPauseMonitor.java:detectPause(124)) - JvmPauseMonitor-14ce1149-14c3-448d-a6f6-d0099dc54a22: Detected pause in JVM or host machine approximately 0.186s with 0.519s GC time.
GC pool 'PS MarkSweep' had collection(s): count=1 time=374ms
GC pool 'PS Scavenge' had collection(s): count=1 time=145ms
2023-06-17 14:27:36,383 [JvmPauseMonitor6] WARN  util.JvmPauseMonitor (JvmPauseMonitor.java:detectPause(124)) - JvmPauseMonitor-om1: Detected pause in JVM or host machine approximately 0.283s with 0.519s GC time.
GC pool 'PS MarkSweep' had collection(s): count=1 time=374ms
GC pool 'PS Scavenge' had collection(s): count=1 time=145ms
2023-06-17 14:27:36,523 [main] INFO  handler.ContextHandler (ContextHandler.java:doStart(921)) - Started o.e.j.w.WebAppContext@53dba802{hddsDatanode,/,file:///home/runner/work/ozone/ozone/hadoop-ozone/integration-test/target/test-dir/MiniOzoneClusterImpl-a6c569a4-67a5-46a9-84bc-d3902a35496e/datanode-0/meta/webserver/jetty-0_0_0_0-15044-hdds-container-service-1_4_0-SNAPSHOT_jar-_-any-3878631084349923099/webapp/,AVAILABLE}{jar:file:/home/runner/.m2/repository/org/apache/ozone/hdds-container-service/1.4.0-SNAPSHOT/hdds-container-service-1.4.0-SNAPSHOT.jar!/webapps/hddsDatanode}
2023-06-17 14:27:36,526 [main] INFO  server.AbstractConnector (AbstractConnector.java:doStart(333)) - Started ServerConnector@c335f37{HTTP/1.1, (http/1.1)}{0.0.0.0:15044}
2023-06-17 14:27:36,526 [main] INFO  server.Server (Server.java:doStart(415)) - Started @191888ms
2023-06-17 14:27:36,526 [main] WARN  impl.MetricsSystemImpl (MetricsSystemImpl.java:register(279)) - Sink prometheus already exists!
2023-06-17 14:27:36,527 [main] INFO  http.BaseHttpServer (BaseHttpServer.java:updateConnectorAddress(344)) - HTTP server of hddsDatanode listening at http://0.0.0.0:15044
2023-06-17 14:27:36,528 [main] INFO  ipc.CallQueueManager (CallQueueManager.java:<init>(90)) - Using callQueue: class java.util.concurrent.LinkedBlockingQueue, queueCapacity: 100, scheduler: class org.apache.hadoop.ipc.DefaultRpcScheduler, ipcBackoff: false.
2023-06-17 14:27:36,529 [Socket Reader #1 for port 15045] INFO  ipc.Server (Server.java:run(1319)) - Starting Socket Reader #1 for port 15045
2023-06-17 14:27:36,534 [Listener at 0.0.0.0/15045] INFO  hdds.HddsUtils (HddsUtils.java:preserveThreadName(848)) - Restoring thread name: main
2023-06-17 14:27:36,534 [main] INFO  ozone.HddsDatanodeService (HddsDatanodeService.java:start(344)) - Datanode start with admins: [runner]
2023-06-17 14:27:36,534 [main] INFO  ozone.HddsDatanodeClientProtocolServer (HddsDatanodeClientProtocolServer.java:start(72)) - RPC server for Client /0.0.0.0:15045
2023-06-17 14:27:36,539 [IPC Server Responder] INFO  ipc.Server (Server.java:run(1558)) - IPC Server Responder: starting
2023-06-17 14:27:36,540 [IPC Server listener on 15045] INFO  ipc.Server (Server.java:run(1398)) - IPC Server listener on 15045: starting
2023-06-17 14:27:36,542 [main] WARN  impl.MetricRegistriesImpl (MetricRegistriesImpl.java:addReporterRegistration(111)) - New reporters are added after registries were created. Some metrics will be missing from the reporter. Please add reporter before adding any new registry.
2023-06-17 14:27:36,543 [main] WARN  impl.MetricRegistriesImpl (MetricRegistriesImpl.java:addReporterRegistration(111)) - New reporters are added after registries were created. Some metrics will be missing from the reporter. Please add reporter before adding any new registry.
2023-06-17 14:27:36,543 [main] INFO  impl.MetricsSystemImpl (MetricsSystemImpl.java:init(158)) - HddsDatanode metrics system started (again)
2023-06-17 14:27:36,546 [Datanode State Machine Daemon Thread] INFO  statemachine.DatanodeStateMachine (DatanodeStateMachine.java:lambda$startDaemon$0(531)) - Ozone container server started.
2023-06-17 14:27:36,564 [main] INFO  ozone.HddsDatanodeService (HddsDatanodeService.java:start(262)) - HddsDatanodeService host:fv-az1035-386.p4kjid14prhuxkk4m0x4prg4bg.cx.internal.cloudapp.net ip:10.1.0.30
2023-06-17 14:27:36,573 [Datanode State Machine Task Thread - 0] INFO  datanode.InitDatanodeState (InitDatanodeState.java:persistContainerDatanodeDetails(138)) - DatanodeDetails is persisted to /home/runner/work/ozone/ozone/hadoop-ozone/integration-test/target/test-dir/MiniOzoneClusterImpl-a6c569a4-67a5-46a9-84bc-d3902a35496e/datanode-0/meta/datanode.id
2023-06-17 14:27:36,592 [main] INFO  upgrade.AbstractLayoutVersionManager (AbstractLayoutVersionManager.java:init(83)) - Initializing Layout version manager with metadata layout = HADOOP_PRC_PORTS_IN_DATANODEDETAILS (version = 7), software layout = HADOOP_PRC_PORTS_IN_DATANODEDETAILS (version = 7)
2023-06-17 14:27:36,593 [main] INFO  statemachine.DatanodeStateMachine (DatanodeStateMachine.java:getEndPointTaskThreadPoolSize(279)) - Datanode State Machine Task Thread Pool size 2
2023-06-17 14:27:36,596 [main] INFO  volume.HddsVolume (HddsVolume.java:<init>(130)) - Creating HddsVolume: /home/runner/work/ozone/ozone/hadoop-ozone/integration-test/target/test-dir/MiniOzoneClusterImpl-a6c569a4-67a5-46a9-84bc-d3902a35496e/datanode-1/data-0/containers/hdds of storage type : DISK capacity : 9223372036854775807
2023-06-17 14:27:36,597 [main] INFO  volume.MutableVolumeSet (MutableVolumeSet.java:initializeVolumeSet(175)) - Added Volume : /home/runner/work/ozone/ozone/hadoop-ozone/integration-test/target/test-dir/MiniOzoneClusterImpl-a6c569a4-67a5-46a9-84bc-d3902a35496e/datanode-1/data-0/containers/hdds to VolumeSet
2023-06-17 14:27:36,597 [main] INFO  volume.ThrottledAsyncChecker (ThrottledAsyncChecker.java:schedule(141)) - Scheduling a check for /home/runner/work/ozone/ozone/hadoop-ozone/integration-test/target/test-dir/MiniOzoneClusterImpl-a6c569a4-67a5-46a9-84bc-d3902a35496e/datanode-1/data-0/containers/hdds
2023-06-17 14:27:36,601 [main] INFO  volume.StorageVolumeChecker (StorageVolumeChecker.java:checkAllVolumes(202)) - Scheduled health check for volume /home/runner/work/ozone/ozone/hadoop-ozone/integration-test/target/test-dir/MiniOzoneClusterImpl-a6c569a4-67a5-46a9-84bc-d3902a35496e/datanode-1/data-0/containers/hdds
2023-06-17 14:27:36,614 [main] INFO  volume.MutableVolumeSet (MutableVolumeSet.java:initializeVolumeSet(175)) - Added Volume : /home/runner/work/ozone/ozone/hadoop-ozone/integration-test/target/test-dir/MiniOzoneClusterImpl-a6c569a4-67a5-46a9-84bc-d3902a35496e/datanode-1/data/ratis to VolumeSet
2023-06-17 14:27:36,615 [main] INFO  volume.ThrottledAsyncChecker (ThrottledAsyncChecker.java:schedule(141)) - Scheduling a check for /home/runner/work/ozone/ozone/hadoop-ozone/integration-test/target/test-dir/MiniOzoneClusterImpl-a6c569a4-67a5-46a9-84bc-d3902a35496e/datanode-1/data/ratis
2023-06-17 14:27:36,615 [main] INFO  volume.StorageVolumeChecker (StorageVolumeChecker.java:checkAllVolumes(202)) - Scheduled health check for volume /home/runner/work/ozone/ozone/hadoop-ozone/integration-test/target/test-dir/MiniOzoneClusterImpl-a6c569a4-67a5-46a9-84bc-d3902a35496e/datanode-1/data/ratis
2023-06-17 14:27:36,626 [om1@group-C5BA1605619E-FollowerState] INFO  impl.FollowerState (FollowerState.java:run(143)) - om1@group-C5BA1605619E-FollowerState: change to CANDIDATE, lastRpcElapsedTime:1034727908ns, electionTimeout:1034ms
2023-06-17 14:27:36,627 [om1@group-C5BA1605619E-FollowerState] INFO  impl.RoleInfo (RoleInfo.java:shutdownFollowerState(110)) - om1: shutdown om1@group-C5BA1605619E-FollowerState
2023-06-17 14:27:36,627 [om1@group-C5BA1605619E-FollowerState] INFO  server.RaftServer$Division (RaftServerImpl.java:setRole(329)) - om1@group-C5BA1605619E: changes role from  FOLLOWER to CANDIDATE at term 0 for changeToCandidate
2023-06-17 14:27:36,627 [om1@group-C5BA1605619E-FollowerState] INFO  server.RaftServerConfigKeys (ConfUtils.java:logGet(46)) - raft.server.leaderelection.pre-vote = true (default)
2023-06-17 14:27:36,627 [om1@group-C5BA1605619E-FollowerState] INFO  impl.RoleInfo (RoleInfo.java:updateAndGet(139)) - om1: start om1@group-C5BA1605619E-LeaderElection8
2023-06-17 14:27:36,632 [om1@group-C5BA1605619E-LeaderElection8] INFO  impl.LeaderElection (LeaderElection.java:askForVotes(321)) - om1@group-C5BA1605619E-LeaderElection8 PRE_VOTE round 0: submit vote requests at term 0 for -1: peers:[om1|rpc:localhost:15042|priority:0|startupRole:FOLLOWER]|listeners:[], old=null
2023-06-17 14:27:36,632 [om1@group-C5BA1605619E-LeaderElection8] INFO  impl.LeaderElection (LeaderElection.java:askForVotes(323)) - om1@group-C5BA1605619E-LeaderElection8 PRE_VOTE round 0: result PASSED (term=0)
2023-06-17 14:27:36,633 [om1@group-C5BA1605619E-LeaderElection8] INFO  impl.LeaderElection (LeaderElection.java:askForVotes(321)) - om1@group-C5BA1605619E-LeaderElection8 ELECTION round 0: submit vote requests at term 1 for -1: peers:[om1|rpc:localhost:15042|priority:0|startupRole:FOLLOWER]|listeners:[], old=null
2023-06-17 14:27:36,634 [om1@group-C5BA1605619E-LeaderElection8] INFO  impl.LeaderElection (LeaderElection.java:askForVotes(323)) - om1@group-C5BA1605619E-LeaderElection8 ELECTION round 0: result PASSED (term=1)
2023-06-17 14:27:36,634 [om1@group-C5BA1605619E-LeaderElection8] INFO  impl.RoleInfo (RoleInfo.java:shutdownLeaderElection(130)) - om1: shutdown om1@group-C5BA1605619E-LeaderElection8
2023-06-17 14:27:36,634 [om1@group-C5BA1605619E-LeaderElection8] INFO  server.RaftServer$Division (RaftServerImpl.java:setRole(329)) - om1@group-C5BA1605619E: changes role from CANDIDATE to LEADER at term 1 for changeToLeader
2023-06-17 14:27:36,639 [om1@group-C5BA1605619E-LeaderElection8] INFO  server.RaftServer$Division (ServerState.java:setLeader(317)) - om1@group-C5BA1605619E: change Leader from null to om1 at term 1 for becomeLeader, leader elected after 1575ms
2023-06-17 14:27:36,639 [om1@group-C5BA1605619E-LeaderElection8] INFO  server.RaftServerConfigKeys (ConfUtils.java:logGet(46)) - raft.server.staging.catchup.gap = 1000 (default)
2023-06-17 14:27:36,639 [om1@group-C5BA1605619E-LeaderElection8] INFO  server.RaftServerConfigKeys (ConfUtils.java:logGet(46)) - raft.server.write.element-limit = 4096 (default)
2023-06-17 14:27:36,640 [om1@group-C5BA1605619E-LeaderElection8] INFO  server.RaftServerConfigKeys (ConfUtils.java:logGet(46)) - raft.server.write.byte-limit = 64MB (=67108864) (default)
2023-06-17 14:27:36,640 [om1@group-C5BA1605619E-LeaderElection8] INFO  server.RaftServerConfigKeys (ConfUtils.java:logGet(46)) - raft.server.watch.timeout = 10s (default)
2023-06-17 14:27:36,640 [om1@group-C5BA1605619E-LeaderElection8] INFO  server.RaftServerConfigKeys (ConfUtils.java:logGet(46)) - raft.server.watch.timeout.denomination = 1s (default)
2023-06-17 14:27:36,640 [om1@group-C5BA1605619E-LeaderElection8] INFO  server.RaftServerConfigKeys (ConfUtils.java:logGet(46)) - raft.server.watch.element-limit = 65536 (default)
2023-06-17 14:27:36,640 [om1@group-C5BA1605619E-LeaderElection8] INFO  server.RaftServerConfigKeys (ConfUtils.java:logGet(46)) - raft.server.write.element-limit = 4096 (default)
2023-06-17 14:27:36,640 [om1@group-C5BA1605619E-LeaderElection8] INFO  server.RaftServerConfigKeys (ConfUtils.java:logGet(46)) - raft.server.write.follower.gap.ratio.max = -1.0 (default)
2023-06-17 14:27:36,640 [om1@group-C5BA1605619E-LeaderElection8] INFO  impl.RoleInfo (RoleInfo.java:updateAndGet(139)) - om1: start om1@group-C5BA1605619E-LeaderStateImpl
2023-06-17 14:27:36,641 [om1@group-C5BA1605619E-LeaderElection8] INFO  segmented.SegmentedRaftLogWorker (SegmentedRaftLogWorker.java:startLogSegment(447)) - om1@group-C5BA1605619E-SegmentedRaftLogWorker: Starting segment from index:0
2023-06-17 14:27:36,646 [Thread-1099] INFO  ozoneimpl.ContainerReader (ContainerReader.java:readVolume(175)) - Finish verifying containers on volume /home/runner/work/ozone/ozone/hadoop-ozone/integration-test/target/test-dir/MiniOzoneClusterImpl-a6c569a4-67a5-46a9-84bc-d3902a35496e/datanode-1/data-0/containers/hdds
2023-06-17 14:27:36,646 [main] INFO  ozoneimpl.OzoneContainer (OzoneContainer.java:buildContainerSet(316)) - Build ContainerSet costs 0s
2023-06-17 14:27:36,654 [main] INFO  server.RaftServer (ConfUtils.java:logGet(46)) - raft.rpc.type = GRPC (default)
2023-06-17 14:27:36,654 [main] INFO  grpc.GrpcConfigKeys (ConfUtils.java:logFallback(53)) - raft.grpc.admin.host = null (fallback to raft.grpc.server.host)
2023-06-17 14:27:36,655 [om1@group-C5BA1605619E-SegmentedRaftLogWorker] INFO  segmented.SegmentedRaftLogWorker (SegmentedRaftLogWorker.java:execute(651)) - om1@group-C5BA1605619E-SegmentedRaftLogWorker: created new log segment /home/runner/work/ozone/ozone/hadoop-ozone/integration-test/target/test-dir/MiniOzoneClusterImpl-a6c569a4-67a5-46a9-84bc-d3902a35496e/ozone-meta/ratis/bf265839-605b-3f16-9796-c5ba1605619e/current/log_inprogress_0
2023-06-17 14:27:36,656 [om1@group-C5BA1605619E-LeaderElection8] INFO  server.RaftServer$Division (ServerState.java:setRaftConf(434)) - om1@group-C5BA1605619E: set configuration 0: peers:[om1|rpc:localhost:15042|admin:|client:|dataStream:|priority:0|startupRole:FOLLOWER]|listeners:[], old=null
2023-06-17 14:27:36,655 [main] INFO  grpc.GrpcConfigKeys (ConfUtils.java:logGet(46)) - raft.grpc.admin.port = 15057 (custom)
2023-06-17 14:27:36,657 [main] INFO  grpc.GrpcConfigKeys (ConfUtils.java:logFallback(53)) - raft.grpc.client.host = null (fallback to raft.grpc.server.host)
2023-06-17 14:27:36,657 [main] INFO  grpc.GrpcConfigKeys (ConfUtils.java:logGet(46)) - raft.grpc.client.port = 15056 (custom)
2023-06-17 14:27:36,657 [main] INFO  grpc.GrpcConfigKeys (ConfUtils.java:logGet(46)) - raft.grpc.server.host = null (default)
2023-06-17 14:27:36,658 [main] INFO  grpc.GrpcConfigKeys (ConfUtils.java:logGet(46)) - raft.grpc.server.port = 15058 (custom)
2023-06-17 14:27:36,658 [main] INFO  server.GrpcService (ConfUtils.java:logGet(46)) - raft.grpc.message.size.max = 32MB (=33554432) (custom)
2023-06-17 14:27:36,658 [main] INFO  server.RaftServerConfigKeys (ConfUtils.java:logGet(46)) - raft.server.log.appender.buffer.byte-limit = 33554432 (custom)
2023-06-17 14:27:36,658 [main] INFO  server.GrpcService (ConfUtils.java:logGet(46)) - raft.grpc.flow.control.window = 5MB (=5242880) (custom)
2023-06-17 14:27:36,658 [om1@group-C5BA1605619E-StateMachineUpdater] INFO  ratis.OzoneManagerStateMachine (OzoneManagerStateMachine.java:notifyConfigurationChanged(201)) - Received Configuration change notification from Ratis. New Peer list:
[id: "om1"
address: "localhost:15042"
startupRole: FOLLOWER
]
2023-06-17 14:27:36,659 [main] INFO  server.RaftServerConfigKeys (ConfUtils.java:logGet(46)) - raft.server.rpc.request.timeout = 60s (custom)
2023-06-17 14:27:36,659 [main] INFO  grpc.GrpcConfigKeys (ConfUtils.java:logGet(46)) - raft.grpc.server.heartbeat.channel = true (default)
2023-06-17 14:27:36,659 [main] INFO  grpc.GrpcConfigKeys (ConfUtils.java:logGet(46)) - raft.grpc.server.async.request.thread.pool.cached = true (default)
2023-06-17 14:27:36,659 [main] INFO  grpc.GrpcConfigKeys (ConfUtils.java:logGet(46)) - raft.grpc.server.async.request.thread.pool.size = 32 (default)
2023-06-17 14:27:36,663 [main] INFO  impl.DataStreamServerImpl (ConfUtils.java:logGet(46)) - raft.datastream.type = NETTY (custom)
2023-06-17 14:27:36,663 [main] INFO  server.RaftServerConfigKeys (ConfUtils.java:logGet(46)) - raft.server.data-stream.async.request.thread.pool.cached = false (default)
2023-06-17 14:27:36,663 [main] INFO  server.RaftServerConfigKeys (ConfUtils.java:logGet(46)) - raft.server.data-stream.async.request.thread.pool.size = 20 (custom)
2023-06-17 14:27:36,663 [main] INFO  server.RaftServerConfigKeys (ConfUtils.java:logGet(46)) - raft.server.data-stream.async.write.thread.pool.size = 16 (default)
2023-06-17 14:27:36,663 [main] INFO  server.RaftServerConfigKeys (ConfUtils.java:logGet(46)) - raft.server.data-stream.client.pool.size = 10 (default)
2023-06-17 14:27:36,664 [main] INFO  netty.NettyConfigKeys$DataStream (ConfUtils.java:logGet(46)) - raft.netty.dataStream.server.use-epoll = false (default)
2023-06-17 14:27:36,664 [main] INFO  netty.NettyConfigKeys$DataStream (ConfUtils.java:logGet(46)) - raft.netty.dataStream.server.boss-group.size = 0 (default)
2023-06-17 14:27:36,664 [main] INFO  netty.NettyConfigKeys$DataStream (ConfUtils.java:logGet(46)) - raft.netty.dataStream.server.worker-group.size = 0 (default)
2023-06-17 14:27:36,665 [main] INFO  netty.NettyConfigKeys$DataStream (ConfUtils.java:logGet(46)) - raft.netty.dataStream.server.tls.conf = null (default)
2023-06-17 14:27:36,665 [main] INFO  netty.NettyConfigKeys$DataStream (ConfUtils.java:logGet(46)) - raft.netty.dataStream.host = null (default)
2023-06-17 14:27:36,665 [main] INFO  netty.NettyConfigKeys$DataStream (ConfUtils.java:logGet(46)) - raft.netty.dataStream.port = 15059 (custom)
2023-06-17 14:27:36,666 [main] INFO  server.RaftServerConfigKeys (ConfUtils.java:logGet(46)) - raft.server.threadpool.proxy.cached = true (default)
2023-06-17 14:27:36,666 [main] INFO  server.RaftServerConfigKeys (ConfUtils.java:logGet(46)) - raft.server.threadpool.proxy.size = 0 (default)
2023-06-17 14:27:36,666 [main] INFO  server.RaftServerConfigKeys (ConfUtils.java:logGet(46)) - raft.server.rpc.slowness.timeout = 300s (custom)
2023-06-17 14:27:36,666 [ed11e02f-92ab-4020-a18d-0125a70774e0-NettyServerStreamRpc-bossGroup--thread1] INFO  logging.LoggingHandler (AbstractInternalLogger.java:log(148)) - [id: 0xda4d8868] REGISTERED
2023-06-17 14:27:36,666 [main] INFO  server.RaftServerConfigKeys (ConfUtils.java:logGet(46)) - raft.server.leaderelection.leader.step-down.wait-time = 10s (default)
2023-06-17 14:27:36,666 [ed11e02f-92ab-4020-a18d-0125a70774e0-NettyServerStreamRpc-bossGroup--thread1] INFO  logging.LoggingHandler (AbstractInternalLogger.java:log(148)) - [id: 0xda4d8868] BIND: 0.0.0.0/0.0.0.0:15059
2023-06-17 14:27:36,667 [main] INFO  server.RaftServerConfigKeys (ConfUtils.java:logGet(46)) - raft.server.storage.dir = [/home/runner/work/ozone/ozone/hadoop-ozone/integration-test/target/test-dir/MiniOzoneClusterImpl-a6c569a4-67a5-46a9-84bc-d3902a35496e/datanode-1/data/ratis] (custom)
2023-06-17 14:27:36,667 [ed11e02f-92ab-4020-a18d-0125a70774e0-NettyServerStreamRpc-bossGroup--thread1] INFO  logging.LoggingHandler (AbstractInternalLogger.java:log(148)) - [id: 0xda4d8868, L:/0:0:0:0:0:0:0:0:15059] ACTIVE
2023-06-17 14:27:36,668 [main] INFO  server.XceiverServerGrpc (XceiverServerGrpc.java:<init>(132)) - GrpcServer channel type EpollServerSocketChannel
2023-06-17 14:27:36,670 [main] INFO  replication.ReplicationSupervisor (ReplicationSupervisor.java:nodeStateUpdated(305)) - Node state updated to IN_SERVICE, scaling executor pool size to 10
2023-06-17 14:27:36,672 [main] INFO  http.BaseHttpServer (BaseHttpServer.java:newHttpServer2BuilderForOzone(224)) - Starting Web-server for hddsDatanode at: http://0.0.0.0:15053
2023-06-17 14:27:36,672 [main] INFO  http.BaseHttpServer (BaseHttpServer.java:<init>(111)) - Hadoop Security Enabled: false Ozone Security Enabled: false Ozone HTTP Security Enabled: false 
2023-06-17 14:27:36,674 [main] WARN  server.AuthenticationFilter (AuthenticationFilter.java:constructSecretProvider(240)) - Unable to initialize FileSignerSecretProvider, falling back to use random secrets. Reason: Could not read signature secret file: /home/runner/hadoop-http-auth-signature-secret
2023-06-17 14:27:36,675 [main] INFO  http.HttpRequestLog (HttpRequestLog.java:getRequestLog(86)) - Http request log for http.requests.hddsDatanode is not defined
2023-06-17 14:27:36,676 [main] INFO  http.HttpServer2 (HttpServer2.java:addGlobalFilter(1031)) - Added global filter 'safety' (class=org.apache.hadoop.hdds.server.http.HttpServer2$QuotingInputFilter)
2023-06-17 14:27:36,677 [main] INFO  http.HttpServer2 (HttpServer2.java:addFilter(1007)) - Added filter static_user_filter (class=org.apache.hadoop.http.lib.StaticUserWebFilter$StaticUserFilter) to context hddsDatanode
2023-06-17 14:27:36,677 [main] INFO  http.HttpServer2 (HttpServer2.java:addFilter(1015)) - Added filter static_user_filter (class=org.apache.hadoop.http.lib.StaticUserWebFilter$StaticUserFilter) to context logs
2023-06-17 14:27:36,677 [main] INFO  http.HttpServer2 (HttpServer2.java:addFilter(1015)) - Added filter static_user_filter (class=org.apache.hadoop.http.lib.StaticUserWebFilter$StaticUserFilter) to context static
2023-06-17 14:27:36,678 [main] INFO  http.BaseHttpServer (BaseHttpServer.java:<init>(190)) - HTTP server of hddsDatanode uses base directory /home/runner/work/ozone/ozone/hadoop-ozone/integration-test/target/test-dir/MiniOzoneClusterImpl-a6c569a4-67a5-46a9-84bc-d3902a35496e/datanode-1/meta/webserver
2023-06-17 14:27:36,679 [main] INFO  http.HttpServer2 (HttpServer2.java:bindListener(1250)) - Jetty bound to port 15053
2023-06-17 14:27:36,679 [main] INFO  server.Server (Server.java:doStart(375)) - jetty-9.4.51.v20230217; built: 2023-02-17T08:19:37.309Z; git: b45c405e4544384de066f814ed42ae3dceacdd49; jvm 1.8.0_372-b07
2023-06-17 14:27:36,680 [main] INFO  server.session (DefaultSessionIdManager.java:doStart(334)) - DefaultSessionIdManager workerName=node0
2023-06-17 14:27:36,680 [main] INFO  server.session (DefaultSessionIdManager.java:doStart(339)) - No SessionScavenger set, using defaults
2023-06-17 14:27:36,680 [main] INFO  server.session (HouseKeeper.java:startScavenging(132)) - node0 Scavenging every 660000ms
2023-06-17 14:27:36,681 [main] INFO  handler.ContextHandler (ContextHandler.java:doStart(921)) - Started o.e.j.s.ServletContextHandler@7cd9be59{logs,/logs,file:///home/runner/work/ozone/ozone/hadoop-ozone/integration-test/target/log,AVAILABLE}
2023-06-17 14:27:36,682 [main] INFO  handler.ContextHandler (ContextHandler.java:doStart(921)) - Started o.e.j.s.ServletContextHandler@4ce631bf{static,/static,jar:file:/home/runner/.m2/repository/org/apache/ozone/hdds-container-service/1.4.0-SNAPSHOT/hdds-container-service-1.4.0-SNAPSHOT.jar!/webapps/static,AVAILABLE}
2023-06-17 14:27:36,888 [main] INFO  handler.ContextHandler (ContextHandler.java:doStart(921)) - Started o.e.j.w.WebAppContext@7c22947b{hddsDatanode,/,file:///home/runner/work/ozone/ozone/hadoop-ozone/integration-test/target/test-dir/MiniOzoneClusterImpl-a6c569a4-67a5-46a9-84bc-d3902a35496e/datanode-1/meta/webserver/jetty-0_0_0_0-15053-hdds-container-service-1_4_0-SNAPSHOT_jar-_-any-2547784374159088343/webapp/,AVAILABLE}{jar:file:/home/runner/.m2/repository/org/apache/ozone/hdds-container-service/1.4.0-SNAPSHOT/hdds-container-service-1.4.0-SNAPSHOT.jar!/webapps/hddsDatanode}
2023-06-17 14:27:36,890 [main] INFO  server.AbstractConnector (AbstractConnector.java:doStart(333)) - Started ServerConnector@1ffb6da1{HTTP/1.1, (http/1.1)}{0.0.0.0:15053}
2023-06-17 14:27:36,890 [main] INFO  server.Server (Server.java:doStart(415)) - Started @192252ms
2023-06-17 14:27:36,890 [main] WARN  impl.MetricsSystemImpl (MetricsSystemImpl.java:register(279)) - Sink prometheus already exists!
2023-06-17 14:27:36,891 [main] INFO  http.BaseHttpServer (BaseHttpServer.java:updateConnectorAddress(344)) - HTTP server of hddsDatanode listening at http://0.0.0.0:15053
2023-06-17 14:27:36,892 [main] INFO  ipc.CallQueueManager (CallQueueManager.java:<init>(90)) - Using callQueue: class java.util.concurrent.LinkedBlockingQueue, queueCapacity: 100, scheduler: class org.apache.hadoop.ipc.DefaultRpcScheduler, ipcBackoff: false.
2023-06-17 14:27:36,893 [Socket Reader #1 for port 15054] INFO  ipc.Server (Server.java:run(1319)) - Starting Socket Reader #1 for port 15054
2023-06-17 14:27:36,895 [Listener at 0.0.0.0/15054] INFO  hdds.HddsUtils (HddsUtils.java:preserveThreadName(848)) - Restoring thread name: main
2023-06-17 14:27:36,896 [main] INFO  ozone.HddsDatanodeService (HddsDatanodeService.java:start(344)) - Datanode start with admins: [runner]
2023-06-17 14:27:36,896 [main] INFO  ozone.HddsDatanodeClientProtocolServer (HddsDatanodeClientProtocolServer.java:start(72)) - RPC server for Client /0.0.0.0:15054
2023-06-17 14:27:36,896 [IPC Server Responder] INFO  ipc.Server (Server.java:run(1558)) - IPC Server Responder: starting
2023-06-17 14:27:36,898 [Datanode State Machine Daemon Thread] INFO  statemachine.DatanodeStateMachine (DatanodeStateMachine.java:lambda$startDaemon$0(531)) - Ozone container server started.
2023-06-17 14:27:36,899 [IPC Server listener on 15054] INFO  ipc.Server (Server.java:run(1398)) - IPC Server listener on 15054: starting
2023-06-17 14:27:36,899 [main] WARN  impl.MetricRegistriesImpl (MetricRegistriesImpl.java:addReporterRegistration(111)) - New reporters are added after registries were created. Some metrics will be missing from the reporter. Please add reporter before adding any new registry.
2023-06-17 14:27:36,900 [main] WARN  impl.MetricRegistriesImpl (MetricRegistriesImpl.java:addReporterRegistration(111)) - New reporters are added after registries were created. Some metrics will be missing from the reporter. Please add reporter before adding any new registry.
2023-06-17 14:27:36,900 [main] INFO  impl.MetricsSystemImpl (MetricsSystemImpl.java:init(158)) - HddsDatanode metrics system started (again)
2023-06-17 14:27:36,916 [main] INFO  ozone.HddsDatanodeService (HddsDatanodeService.java:start(262)) - HddsDatanodeService host:fv-az1035-386.p4kjid14prhuxkk4m0x4prg4bg.cx.internal.cloudapp.net ip:10.1.0.30
2023-06-17 14:27:36,925 [Datanode State Machine Task Thread - 0] INFO  datanode.InitDatanodeState (InitDatanodeState.java:persistContainerDatanodeDetails(138)) - DatanodeDetails is persisted to /home/runner/work/ozone/ozone/hadoop-ozone/integration-test/target/test-dir/MiniOzoneClusterImpl-a6c569a4-67a5-46a9-84bc-d3902a35496e/datanode-1/meta/datanode.id
2023-06-17 14:27:36,944 [main] INFO  upgrade.AbstractLayoutVersionManager (AbstractLayoutVersionManager.java:init(83)) - Initializing Layout version manager with metadata layout = HADOOP_PRC_PORTS_IN_DATANODEDETAILS (version = 7), software layout = HADOOP_PRC_PORTS_IN_DATANODEDETAILS (version = 7)
2023-06-17 14:27:36,945 [main] INFO  statemachine.DatanodeStateMachine (DatanodeStateMachine.java:getEndPointTaskThreadPoolSize(279)) - Datanode State Machine Task Thread Pool size 2
2023-06-17 14:27:36,946 [main] INFO  volume.HddsVolume (HddsVolume.java:<init>(130)) - Creating HddsVolume: /home/runner/work/ozone/ozone/hadoop-ozone/integration-test/target/test-dir/MiniOzoneClusterImpl-a6c569a4-67a5-46a9-84bc-d3902a35496e/datanode-2/data-0/containers/hdds of storage type : DISK capacity : 9223372036854775807
2023-06-17 14:27:36,947 [main] INFO  volume.MutableVolumeSet (MutableVolumeSet.java:initializeVolumeSet(175)) - Added Volume : /home/runner/work/ozone/ozone/hadoop-ozone/integration-test/target/test-dir/MiniOzoneClusterImpl-a6c569a4-67a5-46a9-84bc-d3902a35496e/datanode-2/data-0/containers/hdds to VolumeSet
2023-06-17 14:27:36,947 [main] INFO  volume.ThrottledAsyncChecker (ThrottledAsyncChecker.java:schedule(141)) - Scheduling a check for /home/runner/work/ozone/ozone/hadoop-ozone/integration-test/target/test-dir/MiniOzoneClusterImpl-a6c569a4-67a5-46a9-84bc-d3902a35496e/datanode-2/data-0/containers/hdds
2023-06-17 14:27:36,950 [main] INFO  volume.StorageVolumeChecker (StorageVolumeChecker.java:checkAllVolumes(202)) - Scheduled health check for volume /home/runner/work/ozone/ozone/hadoop-ozone/integration-test/target/test-dir/MiniOzoneClusterImpl-a6c569a4-67a5-46a9-84bc-d3902a35496e/datanode-2/data-0/containers/hdds
2023-06-17 14:27:36,964 [main] INFO  volume.MutableVolumeSet (MutableVolumeSet.java:initializeVolumeSet(175)) - Added Volume : /home/runner/work/ozone/ozone/hadoop-ozone/integration-test/target/test-dir/MiniOzoneClusterImpl-a6c569a4-67a5-46a9-84bc-d3902a35496e/datanode-2/data/ratis to VolumeSet
2023-06-17 14:27:36,964 [main] INFO  volume.ThrottledAsyncChecker (ThrottledAsyncChecker.java:schedule(141)) - Scheduling a check for /home/runner/work/ozone/ozone/hadoop-ozone/integration-test/target/test-dir/MiniOzoneClusterImpl-a6c569a4-67a5-46a9-84bc-d3902a35496e/datanode-2/data/ratis
2023-06-17 14:27:36,965 [main] INFO  volume.StorageVolumeChecker (StorageVolumeChecker.java:checkAllVolumes(202)) - Scheduled health check for volume /home/runner/work/ozone/ozone/hadoop-ozone/integration-test/target/test-dir/MiniOzoneClusterImpl-a6c569a4-67a5-46a9-84bc-d3902a35496e/datanode-2/data/ratis
2023-06-17 14:27:36,981 [Thread-1117] INFO  ozoneimpl.ContainerReader (ContainerReader.java:readVolume(175)) - Finish verifying containers on volume /home/runner/work/ozone/ozone/hadoop-ozone/integration-test/target/test-dir/MiniOzoneClusterImpl-a6c569a4-67a5-46a9-84bc-d3902a35496e/datanode-2/data-0/containers/hdds
2023-06-17 14:27:36,981 [main] INFO  ozoneimpl.OzoneContainer (OzoneContainer.java:buildContainerSet(316)) - Build ContainerSet costs 0s
2023-06-17 14:27:36,985 [main] INFO  server.RaftServer (ConfUtils.java:logGet(46)) - raft.rpc.type = GRPC (default)
2023-06-17 14:27:36,985 [main] INFO  grpc.GrpcConfigKeys (ConfUtils.java:logFallback(53)) - raft.grpc.admin.host = null (fallback to raft.grpc.server.host)
2023-06-17 14:27:36,986 [main] INFO  grpc.GrpcConfigKeys (ConfUtils.java:logGet(46)) - raft.grpc.admin.port = 15066 (custom)
2023-06-17 14:27:36,986 [main] INFO  grpc.GrpcConfigKeys (ConfUtils.java:logFallback(53)) - raft.grpc.client.host = null (fallback to raft.grpc.server.host)
2023-06-17 14:27:36,986 [main] INFO  grpc.GrpcConfigKeys (ConfUtils.java:logGet(46)) - raft.grpc.client.port = 15065 (custom)
2023-06-17 14:27:36,986 [main] INFO  grpc.GrpcConfigKeys (ConfUtils.java:logGet(46)) - raft.grpc.server.host = null (default)
2023-06-17 14:27:36,986 [main] INFO  grpc.GrpcConfigKeys (ConfUtils.java:logGet(46)) - raft.grpc.server.port = 15067 (custom)
2023-06-17 14:27:36,986 [main] INFO  server.GrpcService (ConfUtils.java:logGet(46)) - raft.grpc.message.size.max = 32MB (=33554432) (custom)
2023-06-17 14:27:36,986 [main] INFO  server.RaftServerConfigKeys (ConfUtils.java:logGet(46)) - raft.server.log.appender.buffer.byte-limit = 33554432 (custom)
2023-06-17 14:27:36,987 [main] INFO  server.GrpcService (ConfUtils.java:logGet(46)) - raft.grpc.flow.control.window = 5MB (=5242880) (custom)
2023-06-17 14:27:36,987 [main] INFO  server.RaftServerConfigKeys (ConfUtils.java:logGet(46)) - raft.server.rpc.request.timeout = 60s (custom)
2023-06-17 14:27:36,987 [main] INFO  grpc.GrpcConfigKeys (ConfUtils.java:logGet(46)) - raft.grpc.server.heartbeat.channel = true (default)
2023-06-17 14:27:36,987 [main] INFO  grpc.GrpcConfigKeys (ConfUtils.java:logGet(46)) - raft.grpc.server.async.request.thread.pool.cached = true (default)
2023-06-17 14:27:36,987 [main] INFO  grpc.GrpcConfigKeys (ConfUtils.java:logGet(46)) - raft.grpc.server.async.request.thread.pool.size = 32 (default)
2023-06-17 14:27:36,990 [main] INFO  impl.DataStreamServerImpl (ConfUtils.java:logGet(46)) - raft.datastream.type = NETTY (custom)
2023-06-17 14:27:36,991 [main] INFO  server.RaftServerConfigKeys (ConfUtils.java:logGet(46)) - raft.server.data-stream.async.request.thread.pool.cached = false (default)
2023-06-17 14:27:36,991 [main] INFO  server.RaftServerConfigKeys (ConfUtils.java:logGet(46)) - raft.server.data-stream.async.request.thread.pool.size = 20 (custom)
2023-06-17 14:27:36,991 [main] INFO  server.RaftServerConfigKeys (ConfUtils.java:logGet(46)) - raft.server.data-stream.async.write.thread.pool.size = 16 (default)
2023-06-17 14:27:36,991 [main] INFO  server.RaftServerConfigKeys (ConfUtils.java:logGet(46)) - raft.server.data-stream.client.pool.size = 10 (default)
2023-06-17 14:27:36,991 [main] INFO  netty.NettyConfigKeys$DataStream (ConfUtils.java:logGet(46)) - raft.netty.dataStream.server.use-epoll = false (default)
2023-06-17 14:27:36,991 [main] INFO  netty.NettyConfigKeys$DataStream (ConfUtils.java:logGet(46)) - raft.netty.dataStream.server.boss-group.size = 0 (default)
2023-06-17 14:27:36,992 [main] INFO  netty.NettyConfigKeys$DataStream (ConfUtils.java:logGet(46)) - raft.netty.dataStream.server.worker-group.size = 0 (default)
2023-06-17 14:27:36,992 [main] INFO  netty.NettyConfigKeys$DataStream (ConfUtils.java:logGet(46)) - raft.netty.dataStream.server.tls.conf = null (default)
2023-06-17 14:27:36,993 [main] INFO  netty.NettyConfigKeys$DataStream (ConfUtils.java:logGet(46)) - raft.netty.dataStream.host = null (default)
2023-06-17 14:27:36,993 [main] INFO  netty.NettyConfigKeys$DataStream (ConfUtils.java:logGet(46)) - raft.netty.dataStream.port = 15068 (custom)
2023-06-17 14:27:36,994 [main] INFO  server.RaftServerConfigKeys (ConfUtils.java:logGet(46)) - raft.server.threadpool.proxy.cached = true (default)
2023-06-17 14:27:36,994 [main] INFO  server.RaftServerConfigKeys (ConfUtils.java:logGet(46)) - raft.server.threadpool.proxy.size = 0 (default)
2023-06-17 14:27:36,994 [main] INFO  server.RaftServerConfigKeys (ConfUtils.java:logGet(46)) - raft.server.rpc.slowness.timeout = 300s (custom)
2023-06-17 14:27:36,994 [main] INFO  server.RaftServerConfigKeys (ConfUtils.java:logGet(46)) - raft.server.leaderelection.leader.step-down.wait-time = 10s (default)
2023-06-17 14:27:36,994 [main] INFO  server.RaftServerConfigKeys (ConfUtils.java:logGet(46)) - raft.server.storage.dir = [/home/runner/work/ozone/ozone/hadoop-ozone/integration-test/target/test-dir/MiniOzoneClusterImpl-a6c569a4-67a5-46a9-84bc-d3902a35496e/datanode-2/data/ratis] (custom)
2023-06-17 14:27:36,995 [11f1b3f3-e9f6-4126-b930-768e27d5f26c-NettyServerStreamRpc-bossGroup--thread1] INFO  logging.LoggingHandler (AbstractInternalLogger.java:log(148)) - [id: 0x5bcb3725] REGISTERED
2023-06-17 14:27:36,995 [11f1b3f3-e9f6-4126-b930-768e27d5f26c-NettyServerStreamRpc-bossGroup--thread1] INFO  logging.LoggingHandler (AbstractInternalLogger.java:log(148)) - [id: 0x5bcb3725] BIND: 0.0.0.0/0.0.0.0:15068
2023-06-17 14:27:36,995 [11f1b3f3-e9f6-4126-b930-768e27d5f26c-NettyServerStreamRpc-bossGroup--thread1] INFO  logging.LoggingHandler (AbstractInternalLogger.java:log(148)) - [id: 0x5bcb3725, L:/0:0:0:0:0:0:0:0:15068] ACTIVE
2023-06-17 14:27:36,998 [main] INFO  server.XceiverServerGrpc (XceiverServerGrpc.java:<init>(132)) - GrpcServer channel type EpollServerSocketChannel
2023-06-17 14:27:37,000 [main] INFO  replication.ReplicationSupervisor (ReplicationSupervisor.java:nodeStateUpdated(305)) - Node state updated to IN_SERVICE, scaling executor pool size to 10
2023-06-17 14:27:37,001 [main] INFO  http.BaseHttpServer (BaseHttpServer.java:newHttpServer2BuilderForOzone(224)) - Starting Web-server for hddsDatanode at: http://0.0.0.0:15062
2023-06-17 14:27:37,002 [main] INFO  http.BaseHttpServer (BaseHttpServer.java:<init>(111)) - Hadoop Security Enabled: false Ozone Security Enabled: false Ozone HTTP Security Enabled: false 
2023-06-17 14:27:37,003 [main] WARN  server.AuthenticationFilter (AuthenticationFilter.java:constructSecretProvider(240)) - Unable to initialize FileSignerSecretProvider, falling back to use random secrets. Reason: Could not read signature secret file: /home/runner/hadoop-http-auth-signature-secret
2023-06-17 14:27:37,004 [main] INFO  http.HttpRequestLog (HttpRequestLog.java:getRequestLog(86)) - Http request log for http.requests.hddsDatanode is not defined
2023-06-17 14:27:37,006 [main] INFO  http.HttpServer2 (HttpServer2.java:addGlobalFilter(1031)) - Added global filter 'safety' (class=org.apache.hadoop.hdds.server.http.HttpServer2$QuotingInputFilter)
2023-06-17 14:27:37,006 [main] INFO  http.HttpServer2 (HttpServer2.java:addFilter(1007)) - Added filter static_user_filter (class=org.apache.hadoop.http.lib.StaticUserWebFilter$StaticUserFilter) to context hddsDatanode
2023-06-17 14:27:37,007 [main] INFO  http.HttpServer2 (HttpServer2.java:addFilter(1015)) - Added filter static_user_filter (class=org.apache.hadoop.http.lib.StaticUserWebFilter$StaticUserFilter) to context logs
2023-06-17 14:27:37,007 [main] INFO  http.HttpServer2 (HttpServer2.java:addFilter(1015)) - Added filter static_user_filter (class=org.apache.hadoop.http.lib.StaticUserWebFilter$StaticUserFilter) to context static
2023-06-17 14:27:37,007 [main] INFO  http.BaseHttpServer (BaseHttpServer.java:<init>(190)) - HTTP server of hddsDatanode uses base directory /home/runner/work/ozone/ozone/hadoop-ozone/integration-test/target/test-dir/MiniOzoneClusterImpl-a6c569a4-67a5-46a9-84bc-d3902a35496e/datanode-2/meta/webserver
2023-06-17 14:27:37,008 [main] INFO  http.HttpServer2 (HttpServer2.java:bindListener(1250)) - Jetty bound to port 15062
2023-06-17 14:27:37,008 [main] INFO  server.Server (Server.java:doStart(375)) - jetty-9.4.51.v20230217; built: 2023-02-17T08:19:37.309Z; git: b45c405e4544384de066f814ed42ae3dceacdd49; jvm 1.8.0_372-b07
2023-06-17 14:27:37,009 [main] INFO  server.session (DefaultSessionIdManager.java:doStart(334)) - DefaultSessionIdManager workerName=node0
2023-06-17 14:27:37,010 [main] INFO  server.session (DefaultSessionIdManager.java:doStart(339)) - No SessionScavenger set, using defaults
2023-06-17 14:27:37,010 [main] INFO  server.session (HouseKeeper.java:startScavenging(132)) - node0 Scavenging every 660000ms
2023-06-17 14:27:37,011 [main] INFO  handler.ContextHandler (ContextHandler.java:doStart(921)) - Started o.e.j.s.ServletContextHandler@55690a38{logs,/logs,file:///home/runner/work/ozone/ozone/hadoop-ozone/integration-test/target/log,AVAILABLE}
2023-06-17 14:27:37,011 [main] INFO  handler.ContextHandler (ContextHandler.java:doStart(921)) - Started o.e.j.s.ServletContextHandler@190db09c{static,/static,jar:file:/home/runner/.m2/repository/org/apache/ozone/hdds-container-service/1.4.0-SNAPSHOT/hdds-container-service-1.4.0-SNAPSHOT.jar!/webapps/static,AVAILABLE}
2023-06-17 14:27:37,216 [main] INFO  handler.ContextHandler (ContextHandler.java:doStart(921)) - Started o.e.j.w.WebAppContext@6e3a479f{hddsDatanode,/,file:///home/runner/work/ozone/ozone/hadoop-ozone/integration-test/target/test-dir/MiniOzoneClusterImpl-a6c569a4-67a5-46a9-84bc-d3902a35496e/datanode-2/meta/webserver/jetty-0_0_0_0-15062-hdds-container-service-1_4_0-SNAPSHOT_jar-_-any-6705710013418287846/webapp/,AVAILABLE}{jar:file:/home/runner/.m2/repository/org/apache/ozone/hdds-container-service/1.4.0-SNAPSHOT/hdds-container-service-1.4.0-SNAPSHOT.jar!/webapps/hddsDatanode}
2023-06-17 14:27:37,218 [main] INFO  server.AbstractConnector (AbstractConnector.java:doStart(333)) - Started ServerConnector@322eded1{HTTP/1.1, (http/1.1)}{0.0.0.0:15062}
2023-06-17 14:27:37,218 [main] INFO  server.Server (Server.java:doStart(415)) - Started @192580ms
2023-06-17 14:27:37,219 [main] WARN  impl.MetricsSystemImpl (MetricsSystemImpl.java:register(279)) - Sink prometheus already exists!
2023-06-17 14:27:37,219 [main] INFO  http.BaseHttpServer (BaseHttpServer.java:updateConnectorAddress(344)) - HTTP server of hddsDatanode listening at http://0.0.0.0:15062
2023-06-17 14:27:37,220 [main] INFO  ipc.CallQueueManager (CallQueueManager.java:<init>(90)) - Using callQueue: class java.util.concurrent.LinkedBlockingQueue, queueCapacity: 100, scheduler: class org.apache.hadoop.ipc.DefaultRpcScheduler, ipcBackoff: false.
2023-06-17 14:27:37,221 [Socket Reader #1 for port 15063] INFO  ipc.Server (Server.java:run(1319)) - Starting Socket Reader #1 for port 15063
2023-06-17 14:27:37,228 [Listener at 0.0.0.0/15063] INFO  hdds.HddsUtils (HddsUtils.java:preserveThreadName(848)) - Restoring thread name: main
2023-06-17 14:27:37,228 [main] INFO  ozone.HddsDatanodeService (HddsDatanodeService.java:start(344)) - Datanode start with admins: [runner]
2023-06-17 14:27:37,228 [main] INFO  ozone.HddsDatanodeClientProtocolServer (HddsDatanodeClientProtocolServer.java:start(72)) - RPC server for Client /0.0.0.0:15063
2023-06-17 14:27:37,228 [IPC Server Responder] INFO  ipc.Server (Server.java:run(1558)) - IPC Server Responder: starting
2023-06-17 14:27:37,229 [IPC Server listener on 15063] INFO  ipc.Server (Server.java:run(1398)) - IPC Server listener on 15063: starting
2023-06-17 14:27:37,232 [main] INFO  ozone.MiniOzoneClusterImpl (MiniOzoneClusterImpl.java:lambda$waitForClusterToBeReady$0(224)) - Waiting for nodes to be ready. Got 0 of 3 DN Heartbeats.
2023-06-17 14:27:37,232 [main] INFO  ozone.MiniOzoneClusterImpl (MiniOzoneClusterImpl.java:lambda$waitForClusterToBeReady$0(227)) - Waiting for cluster to exit safe mode
2023-06-17 14:27:37,232 [main] INFO  ozone.MiniOzoneClusterImpl (MiniOzoneClusterImpl.java:lambda$waitForClusterToBeReady$0(229)) - SCM became leader
2023-06-17 14:27:37,232 [Datanode State Machine Daemon Thread] INFO  statemachine.DatanodeStateMachine (DatanodeStateMachine.java:lambda$startDaemon$0(531)) - Ozone container server started.
2023-06-17 14:27:37,240 [Datanode State Machine Task Thread - 0] INFO  datanode.InitDatanodeState (InitDatanodeState.java:persistContainerDatanodeDetails(138)) - DatanodeDetails is persisted to /home/runner/work/ozone/ozone/hadoop-ozone/integration-test/target/test-dir/MiniOzoneClusterImpl-a6c569a4-67a5-46a9-84bc-d3902a35496e/datanode-2/meta/datanode.id
2023-06-17 14:27:38,232 [main] INFO  ozone.MiniOzoneClusterImpl (MiniOzoneClusterImpl.java:lambda$waitForClusterToBeReady$0(224)) - Waiting for nodes to be ready. Got 0 of 3 DN Heartbeats.
2023-06-17 14:27:38,233 [main] INFO  ozone.MiniOzoneClusterImpl (MiniOzoneClusterImpl.java:lambda$waitForClusterToBeReady$0(227)) - Waiting for cluster to exit safe mode
2023-06-17 14:27:38,233 [main] INFO  ozone.MiniOzoneClusterImpl (MiniOzoneClusterImpl.java:lambda$waitForClusterToBeReady$0(229)) - SCM became leader
2023-06-17 14:27:38,602 [EndpointStateMachine task thread for /0.0.0.0:15037 - 0 ] INFO  utils.DatanodeStoreCache (DatanodeStoreCache.java:addDB(66)) - Added db /home/runner/work/ozone/ozone/hadoop-ozone/integration-test/target/test-dir/MiniOzoneClusterImpl-a6c569a4-67a5-46a9-84bc-d3902a35496e/datanode-0/data-0/containers/hdds/a6c569a4-67a5-46a9-84bc-d3902a35496e/DS-056ce8db-04e6-4eac-b4d4-83aec7f04e1f/container.db to cache
2023-06-17 14:27:38,602 [EndpointStateMachine task thread for /0.0.0.0:15037 - 0 ] INFO  volume.HddsVolume (HddsVolume.java:createDbStore(350)) - SchemaV3 db is created and loaded at /home/runner/work/ozone/ozone/hadoop-ozone/integration-test/target/test-dir/MiniOzoneClusterImpl-a6c569a4-67a5-46a9-84bc-d3902a35496e/datanode-0/data-0/containers/hdds/a6c569a4-67a5-46a9-84bc-d3902a35496e/DS-056ce8db-04e6-4eac-b4d4-83aec7f04e1f/container.db for volume DS-056ce8db-04e6-4eac-b4d4-83aec7f04e1f
2023-06-17 14:27:38,603 [EndpointStateMachine task thread for /0.0.0.0:15037 - 0 ] INFO  ozoneimpl.OzoneContainer (OzoneContainer.java:start(411)) - Attempting to start container services.
2023-06-17 14:27:38,603 [EndpointStateMachine task thread for /0.0.0.0:15037 - 0 ] INFO  ozoneimpl.OzoneContainer (OzoneContainer.java:startContainerScrub(327)) - Scheduled background container scanners and the on-demand container scanner have been disabled.
2023-06-17 14:27:38,606 [EndpointStateMachine task thread for /0.0.0.0:15037 - 0 ] INFO  replication.ReplicationServer (ReplicationServer.java:start(128)) - ReplicationServer is started using port 15051
2023-06-17 14:27:38,606 [EndpointStateMachine task thread for /0.0.0.0:15037 - 0 ] INFO  ratis.XceiverServerRatis (XceiverServerRatis.java:start(517)) - Starting XceiverServerRatis 3350fcee-efa5-466a-bd09-11f11345576c
2023-06-17 14:27:38,606 [EndpointStateMachine task thread for /0.0.0.0:15037 - 0 ] INFO  server.RaftServer (RaftServerProxy.java:startImpl(400)) - 3350fcee-efa5-466a-bd09-11f11345576c: start RPC server
2023-06-17 14:27:38,608 [EndpointStateMachine task thread for /0.0.0.0:15037 - 0 ] INFO  server.GrpcService (GrpcService.java:startImpl(302)) - 3350fcee-efa5-466a-bd09-11f11345576c: GrpcService started, listening on 15047
2023-06-17 14:27:38,611 [EndpointStateMachine task thread for /0.0.0.0:15037 - 0 ] INFO  server.GrpcService (GrpcService.java:startImpl(302)) - 3350fcee-efa5-466a-bd09-11f11345576c: GrpcService started, listening on 15049
2023-06-17 14:27:38,612 [EndpointStateMachine task thread for /0.0.0.0:15037 - 0 ] INFO  server.GrpcService (GrpcService.java:startImpl(302)) - 3350fcee-efa5-466a-bd09-11f11345576c: GrpcService started, listening on 15048
2023-06-17 14:27:38,612 [EndpointStateMachine task thread for /0.0.0.0:15037 - 0 ] INFO  ratis.XceiverServerRatis (XceiverServerRatis.java:getRealPort(543)) - XceiverServerRatis 3350fcee-efa5-466a-bd09-11f11345576c is started using port 15047 for RATIS
2023-06-17 14:27:38,612 [EndpointStateMachine task thread for /0.0.0.0:15037 - 0 ] INFO  ratis.XceiverServerRatis (XceiverServerRatis.java:getRealPort(543)) - XceiverServerRatis 3350fcee-efa5-466a-bd09-11f11345576c is started using port 15048 for RATIS_ADMIN
2023-06-17 14:27:38,612 [JvmPauseMonitor7] INFO  util.JvmPauseMonitor (JvmPauseMonitor.java:run(103)) - JvmPauseMonitor-3350fcee-efa5-466a-bd09-11f11345576c: Started
2023-06-17 14:27:38,612 [EndpointStateMachine task thread for /0.0.0.0:15037 - 0 ] INFO  ratis.XceiverServerRatis (XceiverServerRatis.java:getRealPort(543)) - XceiverServerRatis 3350fcee-efa5-466a-bd09-11f11345576c is started using port 15049 for RATIS_SERVER
2023-06-17 14:27:38,612 [EndpointStateMachine task thread for /0.0.0.0:15037 - 0 ] INFO  ratis.XceiverServerRatis (XceiverServerRatis.java:getRealPort(543)) - XceiverServerRatis 3350fcee-efa5-466a-bd09-11f11345576c is started using port 15050 for RATIS_DATASTREAM
2023-06-17 14:27:38,617 [BlockDeletingService#0] INFO  interfaces.ContainerDeletionChoosingPolicyTemplate (ContainerDeletionChoosingPolicyTemplate.java:chooseContainerForBlockDeletion(83)) - Chosen 0/5000 blocks from 0 candidate containers.
2023-06-17 14:27:38,961 [EndpointStateMachine task thread for /0.0.0.0:15037 - 0 ] INFO  utils.DatanodeStoreCache (DatanodeStoreCache.java:addDB(66)) - Added db /home/runner/work/ozone/ozone/hadoop-ozone/integration-test/target/test-dir/MiniOzoneClusterImpl-a6c569a4-67a5-46a9-84bc-d3902a35496e/datanode-1/data-0/containers/hdds/a6c569a4-67a5-46a9-84bc-d3902a35496e/DS-5c259be2-a082-4f2c-a39e-50f3d320429c/container.db to cache
2023-06-17 14:27:38,962 [EndpointStateMachine task thread for /0.0.0.0:15037 - 0 ] INFO  volume.HddsVolume (HddsVolume.java:createDbStore(350)) - SchemaV3 db is created and loaded at /home/runner/work/ozone/ozone/hadoop-ozone/integration-test/target/test-dir/MiniOzoneClusterImpl-a6c569a4-67a5-46a9-84bc-d3902a35496e/datanode-1/data-0/containers/hdds/a6c569a4-67a5-46a9-84bc-d3902a35496e/DS-5c259be2-a082-4f2c-a39e-50f3d320429c/container.db for volume DS-5c259be2-a082-4f2c-a39e-50f3d320429c
2023-06-17 14:27:38,962 [EndpointStateMachine task thread for /0.0.0.0:15037 - 0 ] INFO  ozoneimpl.OzoneContainer (OzoneContainer.java:start(411)) - Attempting to start container services.
2023-06-17 14:27:38,962 [EndpointStateMachine task thread for /0.0.0.0:15037 - 0 ] INFO  ozoneimpl.OzoneContainer (OzoneContainer.java:startContainerScrub(327)) - Scheduled background container scanners and the on-demand container scanner have been disabled.
2023-06-17 14:27:38,967 [EndpointStateMachine task thread for /0.0.0.0:15037 - 0 ] INFO  replication.ReplicationServer (ReplicationServer.java:start(128)) - ReplicationServer is started using port 15060
2023-06-17 14:27:38,967 [EndpointStateMachine task thread for /0.0.0.0:15037 - 0 ] INFO  ratis.XceiverServerRatis (XceiverServerRatis.java:start(517)) - Starting XceiverServerRatis ed11e02f-92ab-4020-a18d-0125a70774e0
2023-06-17 14:27:38,968 [EndpointStateMachine task thread for /0.0.0.0:15037 - 0 ] INFO  server.RaftServer (RaftServerProxy.java:startImpl(400)) - ed11e02f-92ab-4020-a18d-0125a70774e0: start RPC server
2023-06-17 14:27:38,973 [EndpointStateMachine task thread for /0.0.0.0:15037 - 0 ] INFO  server.GrpcService (GrpcService.java:startImpl(302)) - ed11e02f-92ab-4020-a18d-0125a70774e0: GrpcService started, listening on 15056
2023-06-17 14:27:38,975 [EndpointStateMachine task thread for /0.0.0.0:15037 - 0 ] INFO  server.GrpcService (GrpcService.java:startImpl(302)) - ed11e02f-92ab-4020-a18d-0125a70774e0: GrpcService started, listening on 15058
2023-06-17 14:27:38,982 [EndpointStateMachine task thread for /0.0.0.0:15037 - 0 ] INFO  server.GrpcService (GrpcService.java:startImpl(302)) - ed11e02f-92ab-4020-a18d-0125a70774e0: GrpcService started, listening on 15057
2023-06-17 14:27:38,982 [EndpointStateMachine task thread for /0.0.0.0:15037 - 0 ] INFO  ratis.XceiverServerRatis (XceiverServerRatis.java:getRealPort(543)) - XceiverServerRatis ed11e02f-92ab-4020-a18d-0125a70774e0 is started using port 15056 for RATIS
2023-06-17 14:27:38,982 [EndpointStateMachine task thread for /0.0.0.0:15037 - 0 ] INFO  ratis.XceiverServerRatis (XceiverServerRatis.java:getRealPort(543)) - XceiverServerRatis ed11e02f-92ab-4020-a18d-0125a70774e0 is started using port 15057 for RATIS_ADMIN
2023-06-17 14:27:38,982 [EndpointStateMachine task thread for /0.0.0.0:15037 - 0 ] INFO  ratis.XceiverServerRatis (XceiverServerRatis.java:getRealPort(543)) - XceiverServerRatis ed11e02f-92ab-4020-a18d-0125a70774e0 is started using port 15058 for RATIS_SERVER
2023-06-17 14:27:38,982 [EndpointStateMachine task thread for /0.0.0.0:15037 - 0 ] INFO  ratis.XceiverServerRatis (XceiverServerRatis.java:getRealPort(543)) - XceiverServerRatis ed11e02f-92ab-4020-a18d-0125a70774e0 is started using port 15059 for RATIS_DATASTREAM
2023-06-17 14:27:38,984 [JvmPauseMonitor8] INFO  util.JvmPauseMonitor (JvmPauseMonitor.java:run(103)) - JvmPauseMonitor-ed11e02f-92ab-4020-a18d-0125a70774e0: Started
2023-06-17 14:27:38,992 [BlockDeletingService#0] INFO  interfaces.ContainerDeletionChoosingPolicyTemplate (ContainerDeletionChoosingPolicyTemplate.java:chooseContainerForBlockDeletion(83)) - Chosen 0/5000 blocks from 0 candidate containers.
2023-06-17 14:27:39,233 [main] INFO  ozone.MiniOzoneClusterImpl (MiniOzoneClusterImpl.java:lambda$waitForClusterToBeReady$0(224)) - Waiting for nodes to be ready. Got 0 of 3 DN Heartbeats.
2023-06-17 14:27:39,234 [main] INFO  ozone.MiniOzoneClusterImpl (MiniOzoneClusterImpl.java:lambda$waitForClusterToBeReady$0(227)) - Waiting for cluster to exit safe mode
2023-06-17 14:27:39,234 [main] INFO  ozone.MiniOzoneClusterImpl (MiniOzoneClusterImpl.java:lambda$waitForClusterToBeReady$0(229)) - SCM became leader
2023-06-17 14:27:39,272 [EndpointStateMachine task thread for /0.0.0.0:15037 - 0 ] INFO  utils.DatanodeStoreCache (DatanodeStoreCache.java:addDB(66)) - Added db /home/runner/work/ozone/ozone/hadoop-ozone/integration-test/target/test-dir/MiniOzoneClusterImpl-a6c569a4-67a5-46a9-84bc-d3902a35496e/datanode-2/data-0/containers/hdds/a6c569a4-67a5-46a9-84bc-d3902a35496e/DS-16223857-aaf0-4840-942d-bbae400a5f5c/container.db to cache
2023-06-17 14:27:39,272 [EndpointStateMachine task thread for /0.0.0.0:15037 - 0 ] INFO  volume.HddsVolume (HddsVolume.java:createDbStore(350)) - SchemaV3 db is created and loaded at /home/runner/work/ozone/ozone/hadoop-ozone/integration-test/target/test-dir/MiniOzoneClusterImpl-a6c569a4-67a5-46a9-84bc-d3902a35496e/datanode-2/data-0/containers/hdds/a6c569a4-67a5-46a9-84bc-d3902a35496e/DS-16223857-aaf0-4840-942d-bbae400a5f5c/container.db for volume DS-16223857-aaf0-4840-942d-bbae400a5f5c
2023-06-17 14:27:39,273 [EndpointStateMachine task thread for /0.0.0.0:15037 - 0 ] INFO  ozoneimpl.OzoneContainer (OzoneContainer.java:start(411)) - Attempting to start container services.
2023-06-17 14:27:39,273 [EndpointStateMachine task thread for /0.0.0.0:15037 - 0 ] INFO  ozoneimpl.OzoneContainer (OzoneContainer.java:startContainerScrub(327)) - Scheduled background container scanners and the on-demand container scanner have been disabled.
2023-06-17 14:27:39,283 [EndpointStateMachine task thread for /0.0.0.0:15037 - 0 ] INFO  replication.ReplicationServer (ReplicationServer.java:start(128)) - ReplicationServer is started using port 15069
2023-06-17 14:27:39,283 [EndpointStateMachine task thread for /0.0.0.0:15037 - 0 ] INFO  ratis.XceiverServerRatis (XceiverServerRatis.java:start(517)) - Starting XceiverServerRatis 11f1b3f3-e9f6-4126-b930-768e27d5f26c
2023-06-17 14:27:39,284 [EndpointStateMachine task thread for /0.0.0.0:15037 - 0 ] INFO  server.RaftServer (RaftServerProxy.java:startImpl(400)) - 11f1b3f3-e9f6-4126-b930-768e27d5f26c: start RPC server
2023-06-17 14:27:39,287 [EndpointStateMachine task thread for /0.0.0.0:15037 - 0 ] INFO  server.GrpcService (GrpcService.java:startImpl(302)) - 11f1b3f3-e9f6-4126-b930-768e27d5f26c: GrpcService started, listening on 15065
2023-06-17 14:27:39,290 [EndpointStateMachine task thread for /0.0.0.0:15037 - 0 ] INFO  server.GrpcService (GrpcService.java:startImpl(302)) - 11f1b3f3-e9f6-4126-b930-768e27d5f26c: GrpcService started, listening on 15067
2023-06-17 14:27:39,295 [EndpointStateMachine task thread for /0.0.0.0:15037 - 0 ] INFO  server.GrpcService (GrpcService.java:startImpl(302)) - 11f1b3f3-e9f6-4126-b930-768e27d5f26c: GrpcService started, listening on 15066
2023-06-17 14:27:39,298 [EndpointStateMachine task thread for /0.0.0.0:15037 - 0 ] INFO  ratis.XceiverServerRatis (XceiverServerRatis.java:getRealPort(543)) - XceiverServerRatis 11f1b3f3-e9f6-4126-b930-768e27d5f26c is started using port 15065 for RATIS
2023-06-17 14:27:39,298 [EndpointStateMachine task thread for /0.0.0.0:15037 - 0 ] INFO  ratis.XceiverServerRatis (XceiverServerRatis.java:getRealPort(543)) - XceiverServerRatis 11f1b3f3-e9f6-4126-b930-768e27d5f26c is started using port 15066 for RATIS_ADMIN
2023-06-17 14:27:39,298 [EndpointStateMachine task thread for /0.0.0.0:15037 - 0 ] INFO  ratis.XceiverServerRatis (XceiverServerRatis.java:getRealPort(543)) - XceiverServerRatis 11f1b3f3-e9f6-4126-b930-768e27d5f26c is started using port 15067 for RATIS_SERVER
2023-06-17 14:27:39,298 [EndpointStateMachine task thread for /0.0.0.0:15037 - 0 ] INFO  ratis.XceiverServerRatis (XceiverServerRatis.java:getRealPort(543)) - XceiverServerRatis 11f1b3f3-e9f6-4126-b930-768e27d5f26c is started using port 15068 for RATIS_DATASTREAM
2023-06-17 14:27:39,298 [JvmPauseMonitor9] INFO  util.JvmPauseMonitor (JvmPauseMonitor.java:run(103)) - JvmPauseMonitor-11f1b3f3-e9f6-4126-b930-768e27d5f26c: Started
2023-06-17 14:27:39,310 [BlockDeletingService#0] INFO  interfaces.ContainerDeletionChoosingPolicyTemplate (ContainerDeletionChoosingPolicyTemplate.java:chooseContainerForBlockDeletion(83)) - Chosen 0/5000 blocks from 0 candidate containers.
2023-06-17 14:27:40,234 [main] INFO  ozone.MiniOzoneClusterImpl (MiniOzoneClusterImpl.java:lambda$waitForClusterToBeReady$0(224)) - Waiting for nodes to be ready. Got 0 of 3 DN Heartbeats.
2023-06-17 14:27:40,234 [main] INFO  ozone.MiniOzoneClusterImpl (MiniOzoneClusterImpl.java:lambda$waitForClusterToBeReady$0(227)) - Waiting for cluster to exit safe mode
2023-06-17 14:27:40,234 [main] INFO  ozone.MiniOzoneClusterImpl (MiniOzoneClusterImpl.java:lambda$waitForClusterToBeReady$0(229)) - SCM became leader
2023-06-17 14:27:40,568 [IPC Server handler 2 on default port 15037] INFO  net.NetworkTopologyImpl (NetworkTopologyImpl.java:add(112)) - Added a new node: /default-rack/3350fcee-efa5-466a-bd09-11f11345576c
2023-06-17 14:27:40,568 [IPC Server handler 2 on default port 15037] INFO  node.SCMNodeManager (SCMNodeManager.java:register(406)) - Registered Data node : 3350fcee-efa5-466a-bd09-11f11345576c{ip: 10.1.0.30, host: fv-az1035-386.p4kjid14prhuxkk4m0x4prg4bg.cx.internal.cloudapp.net, ports: [HTTP=15044, CLIENT_RPC=15045, REPLICATION=15051, RATIS=15047, RATIS_ADMIN=15048, RATIS_SERVER=15049, RATIS_DATASTREAM=15050, STANDALONE=15046], networkLocation: /default-rack, certSerialId: null, persistedOpState: null, persistedOpStateExpiryEpochSec: 0}
2023-06-17 14:27:40,575 [EventQueue-NodeRegistrationContainerReportForContainerSafeModeRule] INFO  safemode.SCMSafeModeManager (SCMSafeModeManager.java:validateSafeModeExitRules(200)) - ContainerSafeModeRule rule is successfully validated
2023-06-17 14:27:40,576 [EventQueue-NodeRegistrationContainerReportForDataNodeSafeModeRule] INFO  safemode.SCMSafeModeManager (DataNodeSafeModeRule.java:process(71)) - SCM in safe mode. 1 DataNodes registered, 3 required.
2023-06-17 14:27:40,578 [EventQueue-PipelineReportForOneReplicaPipelineSafeModeRule] INFO  safemode.SCMSafeModeManager (SCMSafeModeManager.java:validateSafeModeExitRules(200)) - AtleastOneDatanodeReportedRule rule is successfully validated
2023-06-17 14:27:40,579 [EventQueue-NewNodeForNewNodeHandler] INFO  pipeline.BackgroundPipelineCreator (BackgroundPipelineCreator.java:notifyEventTriggered(276)) - trigger a one-shot run on RatisPipelineUtilsThread.
2023-06-17 14:27:40,579 [RatisPipelineUtilsThread - 0] INFO  pipeline.RatisPipelineProvider (RatisPipelineProvider.java:lambda$create$0(206)) - Sending CreatePipelineCommand for pipeline:PipelineID=9f06d97b-7dc9-4ecc-8cfb-df823c0fe170 to datanode:3350fcee-efa5-466a-bd09-11f11345576c
2023-06-17 14:27:40,581 [RatisPipelineUtilsThread - 0] INFO  pipeline.PipelineStateManagerImpl (PipelineStateManagerImpl.java:addPipeline(103)) - Created pipeline Pipeline[ Id: 9f06d97b-7dc9-4ecc-8cfb-df823c0fe170, Nodes: 3350fcee-efa5-466a-bd09-11f11345576c(fv-az1035-386.p4kjid14prhuxkk4m0x4prg4bg.cx.internal.cloudapp.net/10.1.0.30), ReplicationConfig: RATIS/ONE, State:ALLOCATED, leaderId:, CreationTimestamp2023-06-17T14:27:40.579Z[Etc/UTC]].
2023-06-17 14:27:40,925 [IPC Server handler 1 on default port 15037] INFO  net.NetworkTopologyImpl (NetworkTopologyImpl.java:add(112)) - Added a new node: /default-rack/ed11e02f-92ab-4020-a18d-0125a70774e0
2023-06-17 14:27:40,926 [IPC Server handler 1 on default port 15037] INFO  node.SCMNodeManager (SCMNodeManager.java:register(406)) - Registered Data node : ed11e02f-92ab-4020-a18d-0125a70774e0{ip: 10.1.0.30, host: fv-az1035-386.p4kjid14prhuxkk4m0x4prg4bg.cx.internal.cloudapp.net, ports: [HTTP=15053, CLIENT_RPC=15054, REPLICATION=15060, RATIS=15056, RATIS_ADMIN=15057, RATIS_SERVER=15058, RATIS_DATASTREAM=15059, STANDALONE=15055], networkLocation: /default-rack, certSerialId: null, persistedOpState: null, persistedOpStateExpiryEpochSec: 0}
2023-06-17 14:27:40,927 [EventQueue-NodeRegistrationContainerReportForDataNodeSafeModeRule] INFO  safemode.SCMSafeModeManager (DataNodeSafeModeRule.java:process(71)) - SCM in safe mode. 2 DataNodes registered, 3 required.
2023-06-17 14:27:40,927 [EventQueue-NewNodeForNewNodeHandler] INFO  pipeline.BackgroundPipelineCreator (BackgroundPipelineCreator.java:notifyEventTriggered(276)) - trigger a one-shot run on RatisPipelineUtilsThread.
2023-06-17 14:27:40,930 [RatisPipelineUtilsThread - 0] INFO  pipeline.RatisPipelineProvider (RatisPipelineProvider.java:lambda$create$0(206)) - Sending CreatePipelineCommand for pipeline:PipelineID=e3331097-e406-4cef-be8d-75b6c75bbf69 to datanode:ed11e02f-92ab-4020-a18d-0125a70774e0
2023-06-17 14:27:40,931 [RatisPipelineUtilsThread - 0] INFO  pipeline.PipelineStateManagerImpl (PipelineStateManagerImpl.java:addPipeline(103)) - Created pipeline Pipeline[ Id: e3331097-e406-4cef-be8d-75b6c75bbf69, Nodes: ed11e02f-92ab-4020-a18d-0125a70774e0(fv-az1035-386.p4kjid14prhuxkk4m0x4prg4bg.cx.internal.cloudapp.net/10.1.0.30), ReplicationConfig: RATIS/ONE, State:ALLOCATED, leaderId:, CreationTimestamp2023-06-17T14:27:40.930Z[Etc/UTC]].
2023-06-17 14:27:41,235 [main] INFO  ozone.MiniOzoneClusterImpl (MiniOzoneClusterImpl.java:lambda$waitForClusterToBeReady$0(224)) - Waiting for nodes to be ready. Got 2 of 3 DN Heartbeats.
2023-06-17 14:27:41,235 [main] INFO  ozone.MiniOzoneClusterImpl (MiniOzoneClusterImpl.java:lambda$waitForClusterToBeReady$0(227)) - Waiting for cluster to exit safe mode
2023-06-17 14:27:41,235 [main] INFO  ozone.MiniOzoneClusterImpl (MiniOzoneClusterImpl.java:lambda$waitForClusterToBeReady$0(229)) - SCM became leader
2023-06-17 14:27:41,236 [IPC Server handler 2 on default port 15037] INFO  net.NetworkTopologyImpl (NetworkTopologyImpl.java:add(112)) - Added a new node: /default-rack/11f1b3f3-e9f6-4126-b930-768e27d5f26c
2023-06-17 14:27:41,237 [IPC Server handler 2 on default port 15037] INFO  node.SCMNodeManager (SCMNodeManager.java:register(406)) - Registered Data node : 11f1b3f3-e9f6-4126-b930-768e27d5f26c{ip: 10.1.0.30, host: fv-az1035-386.p4kjid14prhuxkk4m0x4prg4bg.cx.internal.cloudapp.net, ports: [HTTP=15062, CLIENT_RPC=15063, REPLICATION=15069, RATIS=15065, RATIS_ADMIN=15066, RATIS_SERVER=15067, RATIS_DATASTREAM=15068, STANDALONE=15064], networkLocation: /default-rack, certSerialId: null, persistedOpState: null, persistedOpStateExpiryEpochSec: 0}
2023-06-17 14:27:41,238 [EventQueue-NodeRegistrationContainerReportForDataNodeSafeModeRule] INFO  safemode.SCMSafeModeManager (DataNodeSafeModeRule.java:process(71)) - SCM in safe mode. 3 DataNodes registered, 3 required.
2023-06-17 14:27:41,239 [EventQueue-NodeRegistrationContainerReportForDataNodeSafeModeRule] INFO  safemode.SCMSafeModeManager (SCMSafeModeManager.java:validateSafeModeExitRules(200)) - DataNodeSafeModeRule rule is successfully validated
2023-06-17 14:27:41,239 [EventQueue-NodeRegistrationContainerReportForDataNodeSafeModeRule] INFO  safemode.SCMSafeModeManager (SCMSafeModeManager.java:completePreCheck(229)) - All SCM safe mode pre check rules have passed
2023-06-17 14:27:41,239 [EventQueue-NodeRegistrationContainerReportForDataNodeSafeModeRule] INFO  ha.SCMContext (SCMContext.java:updateSafeModeStatus(228)) - Update SafeModeStatus from SafeModeStatus{safeModeStatus=true, preCheckPassed=false} to SafeModeStatus{safeModeStatus=true, preCheckPassed=true}.
2023-06-17 14:27:41,239 [EventQueue-NodeRegistrationContainerReportForDataNodeSafeModeRule] INFO  pipeline.BackgroundPipelineCreator (BackgroundPipelineCreator.java:notifyEventTriggered(276)) - trigger a one-shot run on RatisPipelineUtilsThread.
2023-06-17 14:27:41,239 [RatisPipelineUtilsThread - 0] INFO  pipeline.RatisPipelineProvider (RatisPipelineProvider.java:lambda$create$0(206)) - Sending CreatePipelineCommand for pipeline:PipelineID=ef90b4c0-7591-46fd-b96c-a92fa6730100 to datanode:11f1b3f3-e9f6-4126-b930-768e27d5f26c
2023-06-17 14:27:41,239 [EventQueue-NewNodeForNewNodeHandler] INFO  pipeline.BackgroundPipelineCreator (BackgroundPipelineCreator.java:notifyEventTriggered(276)) - trigger a one-shot run on RatisPipelineUtilsThread.
2023-06-17 14:27:41,240 [RatisPipelineUtilsThread - 0] INFO  pipeline.PipelineStateManagerImpl (PipelineStateManagerImpl.java:addPipeline(103)) - Created pipeline Pipeline[ Id: ef90b4c0-7591-46fd-b96c-a92fa6730100, Nodes: 11f1b3f3-e9f6-4126-b930-768e27d5f26c(fv-az1035-386.p4kjid14prhuxkk4m0x4prg4bg.cx.internal.cloudapp.net/10.1.0.30), ReplicationConfig: RATIS/ONE, State:ALLOCATED, leaderId:, CreationTimestamp2023-06-17T14:27:41.239Z[Etc/UTC]].
2023-06-17 14:27:41,240 [RatisPipelineUtilsThread - 0] INFO  pipeline.RatisPipelineProvider (RatisPipelineProvider.java:lambda$create$0(206)) - Sending CreatePipelineCommand for pipeline:PipelineID=c21ba41b-e2b9-4624-80d3-3dc03f0a7933 to datanode:ed11e02f-92ab-4020-a18d-0125a70774e0
2023-06-17 14:27:41,240 [RatisPipelineUtilsThread - 0] INFO  pipeline.RatisPipelineProvider (RatisPipelineProvider.java:lambda$create$0(206)) - Sending CreatePipelineCommand for pipeline:PipelineID=c21ba41b-e2b9-4624-80d3-3dc03f0a7933 to datanode:3350fcee-efa5-466a-bd09-11f11345576c
2023-06-17 14:27:41,240 [RatisPipelineUtilsThread - 0] INFO  pipeline.RatisPipelineProvider (RatisPipelineProvider.java:lambda$create$0(206)) - Sending CreatePipelineCommand for pipeline:PipelineID=c21ba41b-e2b9-4624-80d3-3dc03f0a7933 to datanode:11f1b3f3-e9f6-4126-b930-768e27d5f26c
2023-06-17 14:27:41,241 [RatisPipelineUtilsThread - 0] INFO  pipeline.PipelineStateManagerImpl (PipelineStateManagerImpl.java:addPipeline(103)) - Created pipeline Pipeline[ Id: c21ba41b-e2b9-4624-80d3-3dc03f0a7933, Nodes: ed11e02f-92ab-4020-a18d-0125a70774e0(fv-az1035-386.p4kjid14prhuxkk4m0x4prg4bg.cx.internal.cloudapp.net/10.1.0.30)3350fcee-efa5-466a-bd09-11f11345576c(fv-az1035-386.p4kjid14prhuxkk4m0x4prg4bg.cx.internal.cloudapp.net/10.1.0.30)11f1b3f3-e9f6-4126-b930-768e27d5f26c(fv-az1035-386.p4kjid14prhuxkk4m0x4prg4bg.cx.internal.cloudapp.net/10.1.0.30), ReplicationConfig: RATIS/THREE, State:ALLOCATED, leaderId:, CreationTimestamp2023-06-17T14:27:41.240Z[Etc/UTC]].
2023-06-17 14:27:41,241 [RatisPipelineUtilsThread - 0] INFO  pipeline.RatisPipelineProvider (RatisPipelineProvider.java:lambda$create$0(206)) - Sending CreatePipelineCommand for pipeline:PipelineID=9c2b6952-5138-498d-9e29-aacfba3d99e5 to datanode:11f1b3f3-e9f6-4126-b930-768e27d5f26c
2023-06-17 14:27:41,242 [RatisPipelineUtilsThread - 0] INFO  pipeline.RatisPipelineProvider (RatisPipelineProvider.java:lambda$create$0(206)) - Sending CreatePipelineCommand for pipeline:PipelineID=9c2b6952-5138-498d-9e29-aacfba3d99e5 to datanode:3350fcee-efa5-466a-bd09-11f11345576c
2023-06-17 14:27:41,242 [RatisPipelineUtilsThread - 0] INFO  pipeline.RatisPipelineProvider (RatisPipelineProvider.java:lambda$create$0(206)) - Sending CreatePipelineCommand for pipeline:PipelineID=9c2b6952-5138-498d-9e29-aacfba3d99e5 to datanode:ed11e02f-92ab-4020-a18d-0125a70774e0
2023-06-17 14:27:41,242 [RatisPipelineUtilsThread - 0] INFO  pipeline.PipelineStateManagerImpl (PipelineStateManagerImpl.java:addPipeline(103)) - Created pipeline Pipeline[ Id: 9c2b6952-5138-498d-9e29-aacfba3d99e5, Nodes: 11f1b3f3-e9f6-4126-b930-768e27d5f26c(fv-az1035-386.p4kjid14prhuxkk4m0x4prg4bg.cx.internal.cloudapp.net/10.1.0.30)3350fcee-efa5-466a-bd09-11f11345576c(fv-az1035-386.p4kjid14prhuxkk4m0x4prg4bg.cx.internal.cloudapp.net/10.1.0.30)ed11e02f-92ab-4020-a18d-0125a70774e0(fv-az1035-386.p4kjid14prhuxkk4m0x4prg4bg.cx.internal.cloudapp.net/10.1.0.30), ReplicationConfig: RATIS/THREE, State:ALLOCATED, leaderId:, CreationTimestamp2023-06-17T14:27:41.241Z[Etc/UTC]].
2023-06-17 14:27:41,242 [RatisPipelineUtilsThread - 0] INFO  pipeline.PipelineManagerImpl (PipelineManagerImpl.java:recordMetricsForPipeline(826)) - Pipeline: PipelineID=9c2b6952-5138-498d-9e29-aacfba3d99e5 contains same datanodes as previous pipelines: PipelineID=c21ba41b-e2b9-4624-80d3-3dc03f0a7933 nodeIds: 11f1b3f3-e9f6-4126-b930-768e27d5f26c, 3350fcee-efa5-466a-bd09-11f11345576c, ed11e02f-92ab-4020-a18d-0125a70774e0
2023-06-17 14:27:41,243 [RatisPipelineUtilsThread - 0] WARN  pipeline.PipelinePlacementPolicy (PipelinePlacementPolicy.java:filterViableNodes(166)) - Pipeline creation failed due to no sufficient healthy datanodes. Required 3. Found 0. Excluded 3.
2023-06-17 14:27:41,243 [RatisPipelineUtilsThread - 0] WARN  pipeline.PipelinePlacementPolicy (PipelinePlacementPolicy.java:filterViableNodes(166)) - Pipeline creation failed due to no sufficient healthy datanodes. Required 3. Found 0. Excluded 3.
2023-06-17 14:27:42,236 [main] INFO  ozone.MiniOzoneClusterImpl (MiniOzoneClusterImpl.java:lambda$waitForClusterToBeReady$0(224)) - Nodes are ready. Got 3 of 3 DN Heartbeats.
2023-06-17 14:27:42,237 [main] INFO  ozone.MiniOzoneClusterImpl (MiniOzoneClusterImpl.java:lambda$waitForClusterToBeReady$0(227)) - Waiting for cluster to exit safe mode
2023-06-17 14:27:42,237 [main] INFO  ozone.MiniOzoneClusterImpl (MiniOzoneClusterImpl.java:lambda$waitForClusterToBeReady$0(229)) - SCM became leader
2023-06-17 14:27:43,237 [main] INFO  ozone.MiniOzoneClusterImpl (MiniOzoneClusterImpl.java:lambda$waitForClusterToBeReady$0(224)) - Nodes are ready. Got 3 of 3 DN Heartbeats.
2023-06-17 14:27:43,237 [main] INFO  ozone.MiniOzoneClusterImpl (MiniOzoneClusterImpl.java:lambda$waitForClusterToBeReady$0(227)) - Waiting for cluster to exit safe mode
2023-06-17 14:27:43,238 [main] INFO  ozone.MiniOzoneClusterImpl (MiniOzoneClusterImpl.java:lambda$waitForClusterToBeReady$0(229)) - SCM became leader
2023-06-17 14:27:43,569 [PipelineCommandHandlerThread-0] INFO  server.RaftServer (RaftServerProxy.java:addNew(98)) - 3350fcee-efa5-466a-bd09-11f11345576c: addNew group-DF823C0FE170:[3350fcee-efa5-466a-bd09-11f11345576c|rpc:10.1.0.30:15049|admin:10.1.0.30:15048|client:10.1.0.30:15047|dataStream:10.1.0.30:15050|priority:1|startupRole:FOLLOWER] returns group-DF823C0FE170:java.util.concurrent.CompletableFuture@60b36dff[Not completed]
2023-06-17 14:27:43,571 [3350fcee-efa5-466a-bd09-11f11345576c-groupManagement] INFO  server.RaftServer$Division (RaftServerImpl.java:<init>(198)) - 3350fcee-efa5-466a-bd09-11f11345576c: new RaftServerImpl for group-DF823C0FE170:[3350fcee-efa5-466a-bd09-11f11345576c|rpc:10.1.0.30:15049|admin:10.1.0.30:15048|client:10.1.0.30:15047|dataStream:10.1.0.30:15050|priority:1|startupRole:FOLLOWER] with ContainerStateMachine:uninitialized
2023-06-17 14:27:43,571 [3350fcee-efa5-466a-bd09-11f11345576c-groupManagement] INFO  server.RaftServerConfigKeys (ConfUtils.java:logGet(46)) - raft.server.rpc.timeout.min = 5s (custom)
2023-06-17 14:27:43,571 [3350fcee-efa5-466a-bd09-11f11345576c-groupManagement] INFO  server.RaftServerConfigKeys (ConfUtils.java:logGet(46)) - raft.server.rpc.timeout.max = 5200ms (custom)
2023-06-17 14:27:43,571 [3350fcee-efa5-466a-bd09-11f11345576c-groupManagement] INFO  server.RaftServerConfigKeys (ConfUtils.java:logGet(46)) - raft.server.rpc.sleep.time = 25ms (default)
2023-06-17 14:27:43,572 [3350fcee-efa5-466a-bd09-11f11345576c-groupManagement] INFO  server.RaftServerConfigKeys (ConfUtils.java:logGet(46)) - raft.server.rpc.slowness.timeout = 300s (custom)
2023-06-17 14:27:43,572 [3350fcee-efa5-466a-bd09-11f11345576c-groupManagement] INFO  server.RaftServerConfigKeys (ConfUtils.java:logGet(46)) - raft.server.leaderelection.leader.step-down.wait-time = 10s (default)
2023-06-17 14:27:43,572 [3350fcee-efa5-466a-bd09-11f11345576c-groupManagement] INFO  server.RaftServerConfigKeys (ConfUtils.java:logGet(46)) - raft.server.sleep.deviation.threshold = 300ms (default)
2023-06-17 14:27:43,572 [3350fcee-efa5-466a-bd09-11f11345576c-groupManagement] INFO  server.RaftServer$Division (ServerState.java:<init>(120)) - 3350fcee-efa5-466a-bd09-11f11345576c@group-DF823C0FE170: ConfigurationManager, init=-1: peers:[3350fcee-efa5-466a-bd09-11f11345576c|rpc:10.1.0.30:15049|admin:10.1.0.30:15048|client:10.1.0.30:15047|dataStream:10.1.0.30:15050|priority:1|startupRole:FOLLOWER]|listeners:[], old=null, confs=<EMPTY_MAP>
2023-06-17 14:27:43,572 [3350fcee-efa5-466a-bd09-11f11345576c-groupManagement] INFO  server.RaftServerConfigKeys (ConfUtils.java:logGet(46)) - raft.server.storage.dir = [/home/runner/work/ozone/ozone/hadoop-ozone/integration-test/target/test-dir/MiniOzoneClusterImpl-a6c569a4-67a5-46a9-84bc-d3902a35496e/datanode-0/data/ratis] (custom)
2023-06-17 14:27:43,572 [3350fcee-efa5-466a-bd09-11f11345576c-groupManagement] INFO  server.RaftServerConfigKeys (ConfUtils.java:logGet(46)) - raft.server.log.corruption.policy = EXCEPTION (default)
2023-06-17 14:27:43,572 [3350fcee-efa5-466a-bd09-11f11345576c-groupManagement] INFO  server.RaftServerConfigKeys (ConfUtils.java:logGet(46)) - raft.server.storage.free-space.min = 0MB (=0) (default)
2023-06-17 14:27:43,572 [3350fcee-efa5-466a-bd09-11f11345576c-groupManagement] INFO  server.RaftServerConfigKeys (ConfUtils.java:logGet(46)) - raft.server.notification.no-leader.timeout = 300s (custom)
2023-06-17 14:27:43,573 [3350fcee-efa5-466a-bd09-11f11345576c-groupManagement] INFO  server.RaftServerConfigKeys (ConfUtils.java:logGet(46)) - raft.server.read.timeout = 10s (default)
2023-06-17 14:27:43,573 [3350fcee-efa5-466a-bd09-11f11345576c-groupManagement] INFO  server.RaftServerConfigKeys (ConfUtils.java:logGet(46)) - raft.server.retrycache.expirytime = 600000ms (custom)
2023-06-17 14:27:43,573 [3350fcee-efa5-466a-bd09-11f11345576c-groupManagement] INFO  server.RaftServerConfigKeys (ConfUtils.java:logGet(46)) - raft.server.retrycache.statistics.expirytime = 100μs (default)
2023-06-17 14:27:43,573 [3350fcee-efa5-466a-bd09-11f11345576c-groupManagement] INFO  server.RaftServerConfigKeys (ConfUtils.java:logGet(46)) - raft.server.read.option = DEFAULT (default)
2023-06-17 14:27:43,575 [3350fcee-efa5-466a-bd09-11f11345576c-groupManagement] INFO  server.RaftServerConfigKeys (ConfUtils.java:logGet(46)) - raft.server.rpc.request.timeout = 60s (custom)
2023-06-17 14:27:43,575 [3350fcee-efa5-466a-bd09-11f11345576c-groupManagement] INFO  server.RaftServerConfigKeys (ConfUtils.java:logGet(46)) - raft.server.log.appender.install.snapshot.enabled = false (custom)
2023-06-17 14:27:43,575 [3350fcee-efa5-466a-bd09-11f11345576c-groupManagement] INFO  server.RaftServerConfigKeys (ConfUtils.java:logGet(46)) - raft.server.threadpool.server.cached = true (default)
2023-06-17 14:27:43,575 [3350fcee-efa5-466a-bd09-11f11345576c-groupManagement] INFO  server.RaftServerConfigKeys (ConfUtils.java:logGet(46)) - raft.server.threadpool.server.size = 0 (default)
2023-06-17 14:27:43,575 [3350fcee-efa5-466a-bd09-11f11345576c-groupManagement] INFO  server.RaftServerConfigKeys (ConfUtils.java:logGet(46)) - raft.server.threadpool.client.cached = true (default)
2023-06-17 14:27:43,575 [3350fcee-efa5-466a-bd09-11f11345576c-groupManagement] INFO  server.RaftServerConfigKeys (ConfUtils.java:logGet(46)) - raft.server.threadpool.client.size = 0 (default)
2023-06-17 14:27:43,576 [3350fcee-efa5-466a-bd09-11f11345576c-groupManagement] INFO  storage.RaftStorageDirectory (RaftStorageDirectoryImpl.java:analyzeStorage(137)) - The storage directory /home/runner/work/ozone/ozone/hadoop-ozone/integration-test/target/test-dir/MiniOzoneClusterImpl-a6c569a4-67a5-46a9-84bc-d3902a35496e/datanode-0/data/ratis/9f06d97b-7dc9-4ecc-8cfb-df823c0fe170 does not exist. Creating ...
2023-06-17 14:27:43,577 [3350fcee-efa5-466a-bd09-11f11345576c-groupManagement] INFO  storage.RaftStorageDirectory (RaftStorageDirectoryImpl.java:tryLock(231)) - Lock on /home/runner/work/ozone/ozone/hadoop-ozone/integration-test/target/test-dir/MiniOzoneClusterImpl-a6c569a4-67a5-46a9-84bc-d3902a35496e/datanode-0/data/ratis/9f06d97b-7dc9-4ecc-8cfb-df823c0fe170/in_use.lock acquired by nodename 109811@fv-az1035-386
2023-06-17 14:27:43,578 [3350fcee-efa5-466a-bd09-11f11345576c-groupManagement] INFO  storage.RaftStorage (RaftStorageImpl.java:format(96)) - Storage directory /home/runner/work/ozone/ozone/hadoop-ozone/integration-test/target/test-dir/MiniOzoneClusterImpl-a6c569a4-67a5-46a9-84bc-d3902a35496e/datanode-0/data/ratis/9f06d97b-7dc9-4ecc-8cfb-df823c0fe170 has been successfully formatted.
2023-06-17 14:27:43,580 [3350fcee-efa5-466a-bd09-11f11345576c-groupManagement] INFO  ratis.ContainerStateMachine (ContainerStateMachine.java:loadSnapshot(262)) - group-DF823C0FE170: The snapshot info is null. Setting the last applied indexto:(t:0, i:~)
2023-06-17 14:27:43,580 [3350fcee-efa5-466a-bd09-11f11345576c-groupManagement] INFO  server.RaftServerConfigKeys (ConfUtils.java:logGet(46)) - raft.server.log.use.memory = false (default)
2023-06-17 14:27:43,580 [3350fcee-efa5-466a-bd09-11f11345576c-groupManagement] INFO  server.RaftServerConfigKeys (ConfUtils.java:logGet(46)) - raft.server.log.purge.gap = 1000000 (custom)
2023-06-17 14:27:43,580 [3350fcee-efa5-466a-bd09-11f11345576c-groupManagement] INFO  server.RaftServerConfigKeys (ConfUtils.java:logGet(46)) - raft.server.log.appender.buffer.byte-limit = 33554432 (custom)
2023-06-17 14:27:43,580 [3350fcee-efa5-466a-bd09-11f11345576c-groupManagement] INFO  server.RaftServerConfigKeys (ConfUtils.java:logGet(46)) - raft.server.log.statemachine.data.read.timeout = 1000ms (default)
2023-06-17 14:27:43,580 [3350fcee-efa5-466a-bd09-11f11345576c-groupManagement] INFO  server.RaftServerConfigKeys (ConfUtils.java:logGet(46)) - raft.server.log.purge.preservation.log.num = 0 (default)
2023-06-17 14:27:43,580 [3350fcee-efa5-466a-bd09-11f11345576c-groupManagement] INFO  server.RaftServerConfigKeys (ConfUtils.java:logGet(46)) - raft.server.log.segment.size.max = 1048576 (custom)
2023-06-17 14:27:43,581 [3350fcee-efa5-466a-bd09-11f11345576c-groupManagement] INFO  server.RaftServerConfigKeys (ConfUtils.java:logGet(46)) - raft.server.log.segment.cache.num.max = 2 (custom)
2023-06-17 14:27:43,581 [3350fcee-efa5-466a-bd09-11f11345576c-groupManagement] INFO  server.RaftServerConfigKeys (ConfUtils.java:logGet(46)) - raft.server.log.segment.cache.size.max = 200MB (=209715200) (default)
2023-06-17 14:27:43,581 [3350fcee-efa5-466a-bd09-11f11345576c-groupManagement] INFO  server.RaftServerConfigKeys (ConfUtils.java:logGet(46)) - raft.server.log.appender.buffer.byte-limit = 33554432 (custom)
2023-06-17 14:27:43,581 [3350fcee-efa5-466a-bd09-11f11345576c-groupManagement] INFO  segmented.SegmentedRaftLogWorker (SegmentedRaftLogWorker.java:<init>(188)) - new 3350fcee-efa5-466a-bd09-11f11345576c@group-DF823C0FE170-SegmentedRaftLogWorker for RaftStorageImpl:Storage Directory /home/runner/work/ozone/ozone/hadoop-ozone/integration-test/target/test-dir/MiniOzoneClusterImpl-a6c569a4-67a5-46a9-84bc-d3902a35496e/datanode-0/data/ratis/9f06d97b-7dc9-4ecc-8cfb-df823c0fe170
2023-06-17 14:27:43,581 [3350fcee-efa5-466a-bd09-11f11345576c-groupManagement] INFO  server.RaftServerConfigKeys (ConfUtils.java:logGet(46)) - raft.server.log.queue.byte-limit = 4294967296 (custom)
2023-06-17 14:27:43,581 [3350fcee-efa5-466a-bd09-11f11345576c-groupManagement] INFO  server.RaftServerConfigKeys (ConfUtils.java:logGet(46)) - raft.server.log.queue.element-limit = 1024 (custom)
2023-06-17 14:27:43,581 [3350fcee-efa5-466a-bd09-11f11345576c-groupManagement] INFO  server.RaftServerConfigKeys (ConfUtils.java:logGet(46)) - raft.server.log.segment.size.max = 1048576 (custom)
2023-06-17 14:27:43,581 [3350fcee-efa5-466a-bd09-11f11345576c-groupManagement] INFO  server.RaftServerConfigKeys (ConfUtils.java:logGet(46)) - raft.server.log.preallocated.size = 16384 (custom)
2023-06-17 14:27:43,581 [3350fcee-efa5-466a-bd09-11f11345576c-groupManagement] INFO  server.RaftServerConfigKeys (ConfUtils.java:logGet(46)) - raft.server.log.force.sync.num = 128 (default)
2023-06-17 14:27:43,581 [3350fcee-efa5-466a-bd09-11f11345576c-groupManagement] INFO  server.RaftServerConfigKeys (ConfUtils.java:logGet(46)) - raft.server.log.statemachine.data.sync = true (default)
2023-06-17 14:27:43,581 [3350fcee-efa5-466a-bd09-11f11345576c-groupManagement] INFO  server.RaftServerConfigKeys (ConfUtils.java:logGet(46)) - raft.server.log.statemachine.data.sync.timeout = 10s (default)
2023-06-17 14:27:43,581 [3350fcee-efa5-466a-bd09-11f11345576c-groupManagement] INFO  server.RaftServerConfigKeys (ConfUtils.java:logGet(46)) - raft.server.log.statemachine.data.sync.timeout.retry = -1 (default)
2023-06-17 14:27:43,582 [EventQueue-PipelineReportForPipelineReportHandler] INFO  pipeline.PipelineManagerImpl (PipelineManagerImpl.java:openPipeline(367)) - Pipeline Pipeline[ Id: 9f06d97b-7dc9-4ecc-8cfb-df823c0fe170, Nodes: 3350fcee-efa5-466a-bd09-11f11345576c(fv-az1035-386.p4kjid14prhuxkk4m0x4prg4bg.cx.internal.cloudapp.net/10.1.0.30), ReplicationConfig: RATIS/ONE, State:ALLOCATED, leaderId:3350fcee-efa5-466a-bd09-11f11345576c, CreationTimestamp2023-06-17T14:27:40.579Z[Etc/UTC]] moved to OPEN state
2023-06-17 14:27:43,582 [3350fcee-efa5-466a-bd09-11f11345576c-groupManagement] INFO  server.RaftServerConfigKeys (ConfUtils.java:logGet(46)) - raft.server.log.write.buffer.size = 1048576 (custom)
2023-06-17 14:27:43,583 [3350fcee-efa5-466a-bd09-11f11345576c-groupManagement] INFO  server.RaftServerConfigKeys (ConfUtils.java:logGet(46)) - raft.server.log.appender.buffer.byte-limit = 33554432 (custom)
2023-06-17 14:27:43,593 [3350fcee-efa5-466a-bd09-11f11345576c-groupManagement] INFO  server.RaftServerConfigKeys (ConfUtils.java:logGet(46)) - raft.server.log.unsafe-flush.enabled = false (default)
2023-06-17 14:27:43,593 [3350fcee-efa5-466a-bd09-11f11345576c-groupManagement] INFO  server.RaftServerConfigKeys (ConfUtils.java:logGet(46)) - raft.server.log.async-flush.enabled = false (default)
2023-06-17 14:27:43,593 [3350fcee-efa5-466a-bd09-11f11345576c-groupManagement] INFO  server.RaftServerConfigKeys (ConfUtils.java:logGet(46)) - raft.server.log.statemachine.data.caching.enabled = true (custom)
2023-06-17 14:27:43,594 [3350fcee-efa5-466a-bd09-11f11345576c-groupManagement] INFO  segmented.SegmentedRaftLogWorker (SegmentedRaftLogWorker.java:lambda$new$0(135)) - 3350fcee-efa5-466a-bd09-11f11345576c@group-DF823C0FE170-SegmentedRaftLogWorker: flushIndex: setUnconditionally 0 -> -1
2023-06-17 14:27:43,594 [3350fcee-efa5-466a-bd09-11f11345576c-groupManagement] INFO  segmented.SegmentedRaftLogWorker (SegmentedRaftLogWorker.java:lambda$new$0(135)) - 3350fcee-efa5-466a-bd09-11f11345576c@group-DF823C0FE170-SegmentedRaftLogWorker: safeCacheEvictIndex: setUnconditionally 0 -> -1
2023-06-17 14:27:43,594 [3350fcee-efa5-466a-bd09-11f11345576c-groupManagement] INFO  server.RaftServer$Division (RaftServerImpl.java:start(342)) - 3350fcee-efa5-466a-bd09-11f11345576c@group-DF823C0FE170: start as a follower, conf=-1: peers:[3350fcee-efa5-466a-bd09-11f11345576c|rpc:10.1.0.30:15049|admin:10.1.0.30:15048|client:10.1.0.30:15047|dataStream:10.1.0.30:15050|priority:1|startupRole:FOLLOWER]|listeners:[], old=null
2023-06-17 14:27:43,594 [3350fcee-efa5-466a-bd09-11f11345576c-groupManagement] INFO  server.RaftServer$Division (RaftServerImpl.java:setRole(329)) - 3350fcee-efa5-466a-bd09-11f11345576c@group-DF823C0FE170: changes role from      null to FOLLOWER at term 0 for startAsFollower
2023-06-17 14:27:43,594 [3350fcee-efa5-466a-bd09-11f11345576c-groupManagement] INFO  impl.RoleInfo (RoleInfo.java:updateAndGet(139)) - 3350fcee-efa5-466a-bd09-11f11345576c: start 3350fcee-efa5-466a-bd09-11f11345576c@group-DF823C0FE170-FollowerState
2023-06-17 14:27:43,595 [3350fcee-efa5-466a-bd09-11f11345576c-groupManagement] INFO  util.JmxRegister (JmxRegister.java:tryRegister(44)) - Successfully registered JMX Bean with object name Ratis:service=RaftServer,group=group-DF823C0FE170,id=3350fcee-efa5-466a-bd09-11f11345576c
2023-06-17 14:27:43,595 [3350fcee-efa5-466a-bd09-11f11345576c-groupManagement] INFO  server.RaftServerConfigKeys (ConfUtils.java:logGet(46)) - raft.server.snapshot.auto.trigger.enabled = true (custom)
2023-06-17 14:27:43,595 [3350fcee-efa5-466a-bd09-11f11345576c-groupManagement] INFO  server.RaftServerConfigKeys (ConfUtils.java:logGet(46)) - raft.server.snapshot.auto.trigger.threshold = 10000 (custom)
2023-06-17 14:27:43,595 [3350fcee-efa5-466a-bd09-11f11345576c-groupManagement] INFO  server.RaftServerConfigKeys (ConfUtils.java:logGet(46)) - raft.server.snapshot.retention.file.num = 5 (custom)
2023-06-17 14:27:43,595 [3350fcee-efa5-466a-bd09-11f11345576c-groupManagement] INFO  server.RaftServerConfigKeys (ConfUtils.java:logGet(46)) - raft.server.log.purge.upto.snapshot.index = false (default)
2023-06-17 14:27:43,596 [3350fcee-efa5-466a-bd09-11f11345576c@group-DF823C0FE170-FollowerState] INFO  server.RaftServerConfigKeys (ConfUtils.java:logFallback(53)) - raft.server.rpc.first-election.timeout.min = 5s (fallback to raft.server.rpc.timeout.min)
2023-06-17 14:27:43,596 [3350fcee-efa5-466a-bd09-11f11345576c@group-DF823C0FE170-FollowerState] INFO  server.RaftServerConfigKeys (ConfUtils.java:logFallback(53)) - raft.server.rpc.first-election.timeout.max = 5200ms (fallback to raft.server.rpc.timeout.max)
2023-06-17 14:27:43,596 [PipelineCommandHandlerThread-0] INFO  ratis.XceiverServerRatis (XceiverServerRatis.java:addGroup(804)) - Created group PipelineID=9f06d97b-7dc9-4ecc-8cfb-df823c0fe170
2023-06-17 14:27:43,596 [PipelineCommandHandlerThread-0] INFO  commandhandler.CreatePipelineCommandHandler (CreatePipelineCommandHandler.java:lambda$handle$2(124)) - Created Pipeline RATIS ONE PipelineID=9f06d97b-7dc9-4ecc-8cfb-df823c0fe170.
2023-06-17 14:27:43,596 [PipelineCommandHandlerThread-0] INFO  server.RaftServer (RaftServerProxy.java:addNew(98)) - 3350fcee-efa5-466a-bd09-11f11345576c: addNew group-3DC03F0A7933:[ed11e02f-92ab-4020-a18d-0125a70774e0|rpc:10.1.0.30:15058|admin:10.1.0.30:15057|client:10.1.0.30:15056|dataStream:10.1.0.30:15059|priority:0|startupRole:FOLLOWER, 3350fcee-efa5-466a-bd09-11f11345576c|rpc:10.1.0.30:15049|admin:10.1.0.30:15048|client:10.1.0.30:15047|dataStream:10.1.0.30:15050|priority:1|startupRole:FOLLOWER, 11f1b3f3-e9f6-4126-b930-768e27d5f26c|rpc:10.1.0.30:15067|admin:10.1.0.30:15066|client:10.1.0.30:15065|dataStream:10.1.0.30:15068|priority:0|startupRole:FOLLOWER] returns group-3DC03F0A7933:java.util.concurrent.CompletableFuture@648cf531[Not completed]
2023-06-17 14:27:43,598 [3350fcee-efa5-466a-bd09-11f11345576c-groupManagement] INFO  server.RaftServer$Division (RaftServerImpl.java:<init>(198)) - 3350fcee-efa5-466a-bd09-11f11345576c: new RaftServerImpl for group-3DC03F0A7933:[ed11e02f-92ab-4020-a18d-0125a70774e0|rpc:10.1.0.30:15058|admin:10.1.0.30:15057|client:10.1.0.30:15056|dataStream:10.1.0.30:15059|priority:0|startupRole:FOLLOWER, 3350fcee-efa5-466a-bd09-11f11345576c|rpc:10.1.0.30:15049|admin:10.1.0.30:15048|client:10.1.0.30:15047|dataStream:10.1.0.30:15050|priority:1|startupRole:FOLLOWER, 11f1b3f3-e9f6-4126-b930-768e27d5f26c|rpc:10.1.0.30:15067|admin:10.1.0.30:15066|client:10.1.0.30:15065|dataStream:10.1.0.30:15068|priority:0|startupRole:FOLLOWER] with ContainerStateMachine:uninitialized
2023-06-17 14:27:43,598 [3350fcee-efa5-466a-bd09-11f11345576c-groupManagement] INFO  server.RaftServerConfigKeys (ConfUtils.java:logGet(46)) - raft.server.rpc.timeout.min = 5s (custom)
2023-06-17 14:27:43,598 [3350fcee-efa5-466a-bd09-11f11345576c-groupManagement] INFO  server.RaftServerConfigKeys (ConfUtils.java:logGet(46)) - raft.server.rpc.timeout.max = 5200ms (custom)
2023-06-17 14:27:43,598 [3350fcee-efa5-466a-bd09-11f11345576c-groupManagement] INFO  server.RaftServerConfigKeys (ConfUtils.java:logGet(46)) - raft.server.rpc.sleep.time = 25ms (default)
2023-06-17 14:27:43,598 [3350fcee-efa5-466a-bd09-11f11345576c-groupManagement] INFO  server.RaftServerConfigKeys (ConfUtils.java:logGet(46)) - raft.server.rpc.slowness.timeout = 300s (custom)
2023-06-17 14:27:43,598 [3350fcee-efa5-466a-bd09-11f11345576c-groupManagement] INFO  server.RaftServerConfigKeys (ConfUtils.java:logGet(46)) - raft.server.leaderelection.leader.step-down.wait-time = 10s (default)
2023-06-17 14:27:43,598 [3350fcee-efa5-466a-bd09-11f11345576c-groupManagement] INFO  server.RaftServerConfigKeys (ConfUtils.java:logGet(46)) - raft.server.sleep.deviation.threshold = 300ms (default)
2023-06-17 14:27:43,598 [3350fcee-efa5-466a-bd09-11f11345576c-groupManagement] INFO  server.RaftServer$Division (ServerState.java:<init>(120)) - 3350fcee-efa5-466a-bd09-11f11345576c@group-3DC03F0A7933: ConfigurationManager, init=-1: peers:[ed11e02f-92ab-4020-a18d-0125a70774e0|rpc:10.1.0.30:15058|admin:10.1.0.30:15057|client:10.1.0.30:15056|dataStream:10.1.0.30:15059|priority:0|startupRole:FOLLOWER, 3350fcee-efa5-466a-bd09-11f11345576c|rpc:10.1.0.30:15049|admin:10.1.0.30:15048|client:10.1.0.30:15047|dataStream:10.1.0.30:15050|priority:1|startupRole:FOLLOWER, 11f1b3f3-e9f6-4126-b930-768e27d5f26c|rpc:10.1.0.30:15067|admin:10.1.0.30:15066|client:10.1.0.30:15065|dataStream:10.1.0.30:15068|priority:0|startupRole:FOLLOWER]|listeners:[], old=null, confs=<EMPTY_MAP>
2023-06-17 14:27:43,598 [3350fcee-efa5-466a-bd09-11f11345576c-groupManagement] INFO  server.RaftServerConfigKeys (ConfUtils.java:logGet(46)) - raft.server.storage.dir = [/home/runner/work/ozone/ozone/hadoop-ozone/integration-test/target/test-dir/MiniOzoneClusterImpl-a6c569a4-67a5-46a9-84bc-d3902a35496e/datanode-0/data/ratis] (custom)
2023-06-17 14:27:43,598 [3350fcee-efa5-466a-bd09-11f11345576c-groupManagement] INFO  server.RaftServerConfigKeys (ConfUtils.java:logGet(46)) - raft.server.log.corruption.policy = EXCEPTION (default)
2023-06-17 14:27:43,598 [3350fcee-efa5-466a-bd09-11f11345576c-groupManagement] INFO  server.RaftServerConfigKeys (ConfUtils.java:logGet(46)) - raft.server.storage.free-space.min = 0MB (=0) (default)
2023-06-17 14:27:43,599 [3350fcee-efa5-466a-bd09-11f11345576c-groupManagement] INFO  server.RaftServerConfigKeys (ConfUtils.java:logGet(46)) - raft.server.notification.no-leader.timeout = 300s (custom)
2023-06-17 14:27:43,599 [3350fcee-efa5-466a-bd09-11f11345576c-groupManagement] INFO  server.RaftServerConfigKeys (ConfUtils.java:logGet(46)) - raft.server.read.timeout = 10s (default)
2023-06-17 14:27:43,599 [3350fcee-efa5-466a-bd09-11f11345576c-groupManagement] INFO  server.RaftServerConfigKeys (ConfUtils.java:logGet(46)) - raft.server.retrycache.expirytime = 600000ms (custom)
2023-06-17 14:27:43,599 [3350fcee-efa5-466a-bd09-11f11345576c-groupManagement] INFO  server.RaftServerConfigKeys (ConfUtils.java:logGet(46)) - raft.server.retrycache.statistics.expirytime = 100μs (default)
2023-06-17 14:27:43,599 [3350fcee-efa5-466a-bd09-11f11345576c-groupManagement] INFO  server.RaftServerConfigKeys (ConfUtils.java:logGet(46)) - raft.server.read.option = DEFAULT (default)
2023-06-17 14:27:43,600 [3350fcee-efa5-466a-bd09-11f11345576c-groupManagement] INFO  server.RaftServerConfigKeys (ConfUtils.java:logGet(46)) - raft.server.rpc.request.timeout = 60s (custom)
2023-06-17 14:27:43,600 [3350fcee-efa5-466a-bd09-11f11345576c-groupManagement] INFO  server.RaftServerConfigKeys (ConfUtils.java:logGet(46)) - raft.server.log.appender.install.snapshot.enabled = false (custom)
2023-06-17 14:27:43,600 [3350fcee-efa5-466a-bd09-11f11345576c-groupManagement] INFO  server.RaftServerConfigKeys (ConfUtils.java:logGet(46)) - raft.server.threadpool.server.cached = true (default)
2023-06-17 14:27:43,600 [3350fcee-efa5-466a-bd09-11f11345576c-groupManagement] INFO  server.RaftServerConfigKeys (ConfUtils.java:logGet(46)) - raft.server.threadpool.server.size = 0 (default)
2023-06-17 14:27:43,600 [3350fcee-efa5-466a-bd09-11f11345576c-groupManagement] INFO  server.RaftServerConfigKeys (ConfUtils.java:logGet(46)) - raft.server.threadpool.client.cached = true (default)
2023-06-17 14:27:43,600 [3350fcee-efa5-466a-bd09-11f11345576c-groupManagement] INFO  server.RaftServerConfigKeys (ConfUtils.java:logGet(46)) - raft.server.threadpool.client.size = 0 (default)
2023-06-17 14:27:43,600 [3350fcee-efa5-466a-bd09-11f11345576c-groupManagement] INFO  storage.RaftStorageDirectory (RaftStorageDirectoryImpl.java:analyzeStorage(137)) - The storage directory /home/runner/work/ozone/ozone/hadoop-ozone/integration-test/target/test-dir/MiniOzoneClusterImpl-a6c569a4-67a5-46a9-84bc-d3902a35496e/datanode-0/data/ratis/c21ba41b-e2b9-4624-80d3-3dc03f0a7933 does not exist. Creating ...
2023-06-17 14:27:43,601 [3350fcee-efa5-466a-bd09-11f11345576c-groupManagement] INFO  storage.RaftStorageDirectory (RaftStorageDirectoryImpl.java:tryLock(231)) - Lock on /home/runner/work/ozone/ozone/hadoop-ozone/integration-test/target/test-dir/MiniOzoneClusterImpl-a6c569a4-67a5-46a9-84bc-d3902a35496e/datanode-0/data/ratis/c21ba41b-e2b9-4624-80d3-3dc03f0a7933/in_use.lock acquired by nodename 109811@fv-az1035-386
2023-06-17 14:27:43,602 [3350fcee-efa5-466a-bd09-11f11345576c-groupManagement] INFO  storage.RaftStorage (RaftStorageImpl.java:format(96)) - Storage directory /home/runner/work/ozone/ozone/hadoop-ozone/integration-test/target/test-dir/MiniOzoneClusterImpl-a6c569a4-67a5-46a9-84bc-d3902a35496e/datanode-0/data/ratis/c21ba41b-e2b9-4624-80d3-3dc03f0a7933 has been successfully formatted.
2023-06-17 14:27:43,603 [3350fcee-efa5-466a-bd09-11f11345576c-groupManagement] INFO  ratis.ContainerStateMachine (ContainerStateMachine.java:loadSnapshot(262)) - group-3DC03F0A7933: The snapshot info is null. Setting the last applied indexto:(t:0, i:~)
2023-06-17 14:27:43,603 [3350fcee-efa5-466a-bd09-11f11345576c-groupManagement] INFO  server.RaftServerConfigKeys (ConfUtils.java:logGet(46)) - raft.server.log.use.memory = false (default)
2023-06-17 14:27:43,603 [3350fcee-efa5-466a-bd09-11f11345576c-groupManagement] INFO  server.RaftServerConfigKeys (ConfUtils.java:logGet(46)) - raft.server.log.purge.gap = 1000000 (custom)
2023-06-17 14:27:43,603 [3350fcee-efa5-466a-bd09-11f11345576c-groupManagement] INFO  server.RaftServerConfigKeys (ConfUtils.java:logGet(46)) - raft.server.log.appender.buffer.byte-limit = 33554432 (custom)
2023-06-17 14:27:43,603 [3350fcee-efa5-466a-bd09-11f11345576c-groupManagement] INFO  server.RaftServerConfigKeys (ConfUtils.java:logGet(46)) - raft.server.log.statemachine.data.read.timeout = 1000ms (default)
2023-06-17 14:27:43,603 [3350fcee-efa5-466a-bd09-11f11345576c-groupManagement] INFO  server.RaftServerConfigKeys (ConfUtils.java:logGet(46)) - raft.server.log.purge.preservation.log.num = 0 (default)
2023-06-17 14:27:43,604 [3350fcee-efa5-466a-bd09-11f11345576c-groupManagement] INFO  server.RaftServerConfigKeys (ConfUtils.java:logGet(46)) - raft.server.log.segment.size.max = 1048576 (custom)
2023-06-17 14:27:43,605 [3350fcee-efa5-466a-bd09-11f11345576c-groupManagement] INFO  server.RaftServerConfigKeys (ConfUtils.java:logGet(46)) - raft.server.log.segment.cache.num.max = 2 (custom)
2023-06-17 14:27:43,605 [3350fcee-efa5-466a-bd09-11f11345576c-groupManagement] INFO  server.RaftServerConfigKeys (ConfUtils.java:logGet(46)) - raft.server.log.segment.cache.size.max = 200MB (=209715200) (default)
2023-06-17 14:27:43,605 [3350fcee-efa5-466a-bd09-11f11345576c-groupManagement] INFO  server.RaftServerConfigKeys (ConfUtils.java:logGet(46)) - raft.server.log.appender.buffer.byte-limit = 33554432 (custom)
2023-06-17 14:27:43,605 [3350fcee-efa5-466a-bd09-11f11345576c-groupManagement] INFO  segmented.SegmentedRaftLogWorker (SegmentedRaftLogWorker.java:<init>(188)) - new 3350fcee-efa5-466a-bd09-11f11345576c@group-3DC03F0A7933-SegmentedRaftLogWorker for RaftStorageImpl:Storage Directory /home/runner/work/ozone/ozone/hadoop-ozone/integration-test/target/test-dir/MiniOzoneClusterImpl-a6c569a4-67a5-46a9-84bc-d3902a35496e/datanode-0/data/ratis/c21ba41b-e2b9-4624-80d3-3dc03f0a7933
2023-06-17 14:27:43,605 [3350fcee-efa5-466a-bd09-11f11345576c-groupManagement] INFO  server.RaftServerConfigKeys (ConfUtils.java:logGet(46)) - raft.server.log.queue.byte-limit = 4294967296 (custom)
2023-06-17 14:27:43,605 [3350fcee-efa5-466a-bd09-11f11345576c-groupManagement] INFO  server.RaftServerConfigKeys (ConfUtils.java:logGet(46)) - raft.server.log.queue.element-limit = 1024 (custom)
2023-06-17 14:27:43,605 [3350fcee-efa5-466a-bd09-11f11345576c-groupManagement] INFO  server.RaftServerConfigKeys (ConfUtils.java:logGet(46)) - raft.server.log.segment.size.max = 1048576 (custom)
2023-06-17 14:27:43,605 [3350fcee-efa5-466a-bd09-11f11345576c-groupManagement] INFO  server.RaftServerConfigKeys (ConfUtils.java:logGet(46)) - raft.server.log.preallocated.size = 16384 (custom)
2023-06-17 14:27:43,605 [3350fcee-efa5-466a-bd09-11f11345576c-groupManagement] INFO  server.RaftServerConfigKeys (ConfUtils.java:logGet(46)) - raft.server.log.force.sync.num = 128 (default)
2023-06-17 14:27:43,605 [3350fcee-efa5-466a-bd09-11f11345576c-groupManagement] INFO  server.RaftServerConfigKeys (ConfUtils.java:logGet(46)) - raft.server.log.statemachine.data.sync = true (default)
2023-06-17 14:27:43,605 [3350fcee-efa5-466a-bd09-11f11345576c-groupManagement] INFO  server.RaftServerConfigKeys (ConfUtils.java:logGet(46)) - raft.server.log.statemachine.data.sync.timeout = 10s (default)
2023-06-17 14:27:43,605 [3350fcee-efa5-466a-bd09-11f11345576c-groupManagement] INFO  server.RaftServerConfigKeys (ConfUtils.java:logGet(46)) - raft.server.log.statemachine.data.sync.timeout.retry = -1 (default)
2023-06-17 14:27:43,606 [EventQueue-OpenPipelineForHealthyPipelineSafeModeRule] INFO  safemode.SCMSafeModeManager (HealthyPipelineSafeModeRule.java:process(137)) - SCM in safe mode. Healthy pipelines reported count is 0, required healthy pipeline reported count is 1
2023-06-17 14:27:43,606 [EventQueue-OpenPipelineForHealthyPipelineSafeModeRule] INFO  safemode.SCMSafeModeManager (HealthyPipelineSafeModeRule.java:process(137)) - SCM in safe mode. Healthy pipelines reported count is 0, required healthy pipeline reported count is 1
2023-06-17 14:27:43,607 [3350fcee-efa5-466a-bd09-11f11345576c-groupManagement] INFO  server.RaftServerConfigKeys (ConfUtils.java:logGet(46)) - raft.server.log.write.buffer.size = 1048576 (custom)
2023-06-17 14:27:43,607 [3350fcee-efa5-466a-bd09-11f11345576c-groupManagement] INFO  server.RaftServerConfigKeys (ConfUtils.java:logGet(46)) - raft.server.log.appender.buffer.byte-limit = 33554432 (custom)
2023-06-17 14:27:43,616 [3350fcee-efa5-466a-bd09-11f11345576c-groupManagement] INFO  server.RaftServerConfigKeys (ConfUtils.java:logGet(46)) - raft.server.log.unsafe-flush.enabled = false (default)
2023-06-17 14:27:43,616 [3350fcee-efa5-466a-bd09-11f11345576c-groupManagement] INFO  server.RaftServerConfigKeys (ConfUtils.java:logGet(46)) - raft.server.log.async-flush.enabled = false (default)
2023-06-17 14:27:43,616 [3350fcee-efa5-466a-bd09-11f11345576c-groupManagement] INFO  server.RaftServerConfigKeys (ConfUtils.java:logGet(46)) - raft.server.log.statemachine.data.caching.enabled = true (custom)
2023-06-17 14:27:43,616 [3350fcee-efa5-466a-bd09-11f11345576c-groupManagement] INFO  segmented.SegmentedRaftLogWorker (SegmentedRaftLogWorker.java:lambda$new$0(135)) - 3350fcee-efa5-466a-bd09-11f11345576c@group-3DC03F0A7933-SegmentedRaftLogWorker: flushIndex: setUnconditionally 0 -> -1
2023-06-17 14:27:43,617 [3350fcee-efa5-466a-bd09-11f11345576c-groupManagement] INFO  segmented.SegmentedRaftLogWorker (SegmentedRaftLogWorker.java:lambda$new$0(135)) - 3350fcee-efa5-466a-bd09-11f11345576c@group-3DC03F0A7933-SegmentedRaftLogWorker: safeCacheEvictIndex: setUnconditionally 0 -> -1
2023-06-17 14:27:43,617 [3350fcee-efa5-466a-bd09-11f11345576c-groupManagement] INFO  server.RaftServer$Division (RaftServerImpl.java:start(342)) - 3350fcee-efa5-466a-bd09-11f11345576c@group-3DC03F0A7933: start as a follower, conf=-1: peers:[ed11e02f-92ab-4020-a18d-0125a70774e0|rpc:10.1.0.30:15058|admin:10.1.0.30:15057|client:10.1.0.30:15056|dataStream:10.1.0.30:15059|priority:0|startupRole:FOLLOWER, 3350fcee-efa5-466a-bd09-11f11345576c|rpc:10.1.0.30:15049|admin:10.1.0.30:15048|client:10.1.0.30:15047|dataStream:10.1.0.30:15050|priority:1|startupRole:FOLLOWER, 11f1b3f3-e9f6-4126-b930-768e27d5f26c|rpc:10.1.0.30:15067|admin:10.1.0.30:15066|client:10.1.0.30:15065|dataStream:10.1.0.30:15068|priority:0|startupRole:FOLLOWER]|listeners:[], old=null
2023-06-17 14:27:43,617 [3350fcee-efa5-466a-bd09-11f11345576c-groupManagement] INFO  server.RaftServer$Division (RaftServerImpl.java:setRole(329)) - 3350fcee-efa5-466a-bd09-11f11345576c@group-3DC03F0A7933: changes role from      null to FOLLOWER at term 0 for startAsFollower
2023-06-17 14:27:43,617 [3350fcee-efa5-466a-bd09-11f11345576c-groupManagement] INFO  impl.RoleInfo (RoleInfo.java:updateAndGet(139)) - 3350fcee-efa5-466a-bd09-11f11345576c: start 3350fcee-efa5-466a-bd09-11f11345576c@group-3DC03F0A7933-FollowerState
2023-06-17 14:27:43,617 [3350fcee-efa5-466a-bd09-11f11345576c@group-3DC03F0A7933-FollowerState] INFO  server.RaftServerConfigKeys (ConfUtils.java:logFallback(53)) - raft.server.rpc.first-election.timeout.min = 5s (fallback to raft.server.rpc.timeout.min)
2023-06-17 14:27:43,617 [3350fcee-efa5-466a-bd09-11f11345576c-groupManagement] INFO  util.JmxRegister (JmxRegister.java:tryRegister(44)) - Successfully registered JMX Bean with object name Ratis:service=RaftServer,group=group-3DC03F0A7933,id=3350fcee-efa5-466a-bd09-11f11345576c
2023-06-17 14:27:43,617 [3350fcee-efa5-466a-bd09-11f11345576c@group-3DC03F0A7933-FollowerState] INFO  server.RaftServerConfigKeys (ConfUtils.java:logFallback(53)) - raft.server.rpc.first-election.timeout.max = 5200ms (fallback to raft.server.rpc.timeout.max)
2023-06-17 14:27:43,618 [3350fcee-efa5-466a-bd09-11f11345576c-groupManagement] INFO  server.RaftServerConfigKeys (ConfUtils.java:logGet(46)) - raft.server.snapshot.auto.trigger.enabled = true (custom)
2023-06-17 14:27:43,618 [3350fcee-efa5-466a-bd09-11f11345576c-groupManagement] INFO  server.RaftServerConfigKeys (ConfUtils.java:logGet(46)) - raft.server.snapshot.auto.trigger.threshold = 10000 (custom)
2023-06-17 14:27:43,618 [3350fcee-efa5-466a-bd09-11f11345576c-groupManagement] INFO  server.RaftServerConfigKeys (ConfUtils.java:logGet(46)) - raft.server.snapshot.retention.file.num = 5 (custom)
2023-06-17 14:27:43,618 [3350fcee-efa5-466a-bd09-11f11345576c-groupManagement] INFO  server.RaftServerConfigKeys (ConfUtils.java:logGet(46)) - raft.server.log.purge.upto.snapshot.index = false (default)
2023-06-17 14:27:43,618 [PipelineCommandHandlerThread-0] INFO  ratis.XceiverServerRatis (XceiverServerRatis.java:addGroup(804)) - Created group PipelineID=c21ba41b-e2b9-4624-80d3-3dc03f0a7933
2023-06-17 14:27:43,644 [grpc-default-executor-0] INFO  server.RaftServer (RaftServerProxy.java:addNew(98)) - ed11e02f-92ab-4020-a18d-0125a70774e0: addNew group-3DC03F0A7933:[ed11e02f-92ab-4020-a18d-0125a70774e0|rpc:10.1.0.30:15058|admin:10.1.0.30:15057|client:10.1.0.30:15056|dataStream:10.1.0.30:15059|priority:0|startupRole:FOLLOWER, 3350fcee-efa5-466a-bd09-11f11345576c|rpc:10.1.0.30:15049|admin:10.1.0.30:15048|client:10.1.0.30:15047|dataStream:10.1.0.30:15050|priority:1|startupRole:FOLLOWER, 11f1b3f3-e9f6-4126-b930-768e27d5f26c|rpc:10.1.0.30:15067|admin:10.1.0.30:15066|client:10.1.0.30:15065|dataStream:10.1.0.30:15068|priority:0|startupRole:FOLLOWER] returns group-3DC03F0A7933:java.util.concurrent.CompletableFuture@2b779224[Not completed]
2023-06-17 14:27:43,644 [ed11e02f-92ab-4020-a18d-0125a70774e0-groupManagement] INFO  server.RaftServer$Division (RaftServerImpl.java:<init>(198)) - ed11e02f-92ab-4020-a18d-0125a70774e0: new RaftServerImpl for group-3DC03F0A7933:[ed11e02f-92ab-4020-a18d-0125a70774e0|rpc:10.1.0.30:15058|admin:10.1.0.30:15057|client:10.1.0.30:15056|dataStream:10.1.0.30:15059|priority:0|startupRole:FOLLOWER, 3350fcee-efa5-466a-bd09-11f11345576c|rpc:10.1.0.30:15049|admin:10.1.0.30:15048|client:10.1.0.30:15047|dataStream:10.1.0.30:15050|priority:1|startupRole:FOLLOWER, 11f1b3f3-e9f6-4126-b930-768e27d5f26c|rpc:10.1.0.30:15067|admin:10.1.0.30:15066|client:10.1.0.30:15065|dataStream:10.1.0.30:15068|priority:0|startupRole:FOLLOWER] with ContainerStateMachine:uninitialized
2023-06-17 14:27:43,644 [ed11e02f-92ab-4020-a18d-0125a70774e0-groupManagement] INFO  server.RaftServerConfigKeys (ConfUtils.java:logGet(46)) - raft.server.rpc.timeout.min = 5s (custom)
2023-06-17 14:27:43,644 [ed11e02f-92ab-4020-a18d-0125a70774e0-groupManagement] INFO  server.RaftServerConfigKeys (ConfUtils.java:logGet(46)) - raft.server.rpc.timeout.max = 5200ms (custom)
2023-06-17 14:27:43,644 [ed11e02f-92ab-4020-a18d-0125a70774e0-groupManagement] INFO  server.RaftServerConfigKeys (ConfUtils.java:logGet(46)) - raft.server.rpc.sleep.time = 25ms (default)
2023-06-17 14:27:43,644 [ed11e02f-92ab-4020-a18d-0125a70774e0-groupManagement] INFO  server.RaftServerConfigKeys (ConfUtils.java:logGet(46)) - raft.server.rpc.slowness.timeout = 300s (custom)
2023-06-17 14:27:43,644 [ed11e02f-92ab-4020-a18d-0125a70774e0-groupManagement] INFO  server.RaftServerConfigKeys (ConfUtils.java:logGet(46)) - raft.server.leaderelection.leader.step-down.wait-time = 10s (default)
2023-06-17 14:27:43,644 [ed11e02f-92ab-4020-a18d-0125a70774e0-groupManagement] INFO  server.RaftServerConfigKeys (ConfUtils.java:logGet(46)) - raft.server.sleep.deviation.threshold = 300ms (default)
2023-06-17 14:27:43,644 [ed11e02f-92ab-4020-a18d-0125a70774e0-groupManagement] INFO  server.RaftServer$Division (ServerState.java:<init>(120)) - ed11e02f-92ab-4020-a18d-0125a70774e0@group-3DC03F0A7933: ConfigurationManager, init=-1: peers:[ed11e02f-92ab-4020-a18d-0125a70774e0|rpc:10.1.0.30:15058|admin:10.1.0.30:15057|client:10.1.0.30:15056|dataStream:10.1.0.30:15059|priority:0|startupRole:FOLLOWER, 3350fcee-efa5-466a-bd09-11f11345576c|rpc:10.1.0.30:15049|admin:10.1.0.30:15048|client:10.1.0.30:15047|dataStream:10.1.0.30:15050|priority:1|startupRole:FOLLOWER, 11f1b3f3-e9f6-4126-b930-768e27d5f26c|rpc:10.1.0.30:15067|admin:10.1.0.30:15066|client:10.1.0.30:15065|dataStream:10.1.0.30:15068|priority:0|startupRole:FOLLOWER]|listeners:[], old=null, confs=<EMPTY_MAP>
2023-06-17 14:27:43,644 [ed11e02f-92ab-4020-a18d-0125a70774e0-groupManagement] INFO  server.RaftServerConfigKeys (ConfUtils.java:logGet(46)) - raft.server.storage.dir = [/home/runner/work/ozone/ozone/hadoop-ozone/integration-test/target/test-dir/MiniOzoneClusterImpl-a6c569a4-67a5-46a9-84bc-d3902a35496e/datanode-1/data/ratis] (custom)
2023-06-17 14:27:43,645 [ed11e02f-92ab-4020-a18d-0125a70774e0-groupManagement] INFO  server.RaftServerConfigKeys (ConfUtils.java:logGet(46)) - raft.server.log.corruption.policy = EXCEPTION (default)
2023-06-17 14:27:43,645 [ed11e02f-92ab-4020-a18d-0125a70774e0-groupManagement] INFO  server.RaftServerConfigKeys (ConfUtils.java:logGet(46)) - raft.server.storage.free-space.min = 0MB (=0) (default)
2023-06-17 14:27:43,645 [ed11e02f-92ab-4020-a18d-0125a70774e0-groupManagement] INFO  server.RaftServerConfigKeys (ConfUtils.java:logGet(46)) - raft.server.notification.no-leader.timeout = 300s (custom)
2023-06-17 14:27:43,645 [ed11e02f-92ab-4020-a18d-0125a70774e0-groupManagement] INFO  server.RaftServerConfigKeys (ConfUtils.java:logGet(46)) - raft.server.read.timeout = 10s (default)
2023-06-17 14:27:43,645 [ed11e02f-92ab-4020-a18d-0125a70774e0-groupManagement] INFO  server.RaftServerConfigKeys (ConfUtils.java:logGet(46)) - raft.server.retrycache.expirytime = 600000ms (custom)
2023-06-17 14:27:43,645 [ed11e02f-92ab-4020-a18d-0125a70774e0-groupManagement] INFO  server.RaftServerConfigKeys (ConfUtils.java:logGet(46)) - raft.server.retrycache.statistics.expirytime = 100μs (default)
2023-06-17 14:27:43,645 [ed11e02f-92ab-4020-a18d-0125a70774e0-groupManagement] INFO  server.RaftServerConfigKeys (ConfUtils.java:logGet(46)) - raft.server.read.option = DEFAULT (default)
2023-06-17 14:27:43,647 [ed11e02f-92ab-4020-a18d-0125a70774e0-groupManagement] INFO  server.RaftServerConfigKeys (ConfUtils.java:logGet(46)) - raft.server.rpc.request.timeout = 60s (custom)
2023-06-17 14:27:43,647 [ed11e02f-92ab-4020-a18d-0125a70774e0-groupManagement] INFO  server.RaftServerConfigKeys (ConfUtils.java:logGet(46)) - raft.server.log.appender.install.snapshot.enabled = false (custom)
2023-06-17 14:27:43,647 [ed11e02f-92ab-4020-a18d-0125a70774e0-groupManagement] INFO  server.RaftServerConfigKeys (ConfUtils.java:logGet(46)) - raft.server.threadpool.server.cached = true (default)
2023-06-17 14:27:43,647 [ed11e02f-92ab-4020-a18d-0125a70774e0-groupManagement] INFO  server.RaftServerConfigKeys (ConfUtils.java:logGet(46)) - raft.server.threadpool.server.size = 0 (default)
2023-06-17 14:27:43,647 [ed11e02f-92ab-4020-a18d-0125a70774e0-groupManagement] INFO  server.RaftServerConfigKeys (ConfUtils.java:logGet(46)) - raft.server.threadpool.client.cached = true (default)
2023-06-17 14:27:43,648 [ed11e02f-92ab-4020-a18d-0125a70774e0-groupManagement] INFO  server.RaftServerConfigKeys (ConfUtils.java:logGet(46)) - raft.server.threadpool.client.size = 0 (default)
2023-06-17 14:27:43,648 [ed11e02f-92ab-4020-a18d-0125a70774e0-groupManagement] INFO  storage.RaftStorageDirectory (RaftStorageDirectoryImpl.java:analyzeStorage(137)) - The storage directory /home/runner/work/ozone/ozone/hadoop-ozone/integration-test/target/test-dir/MiniOzoneClusterImpl-a6c569a4-67a5-46a9-84bc-d3902a35496e/datanode-1/data/ratis/c21ba41b-e2b9-4624-80d3-3dc03f0a7933 does not exist. Creating ...
2023-06-17 14:27:43,649 [ed11e02f-92ab-4020-a18d-0125a70774e0-groupManagement] INFO  storage.RaftStorageDirectory (RaftStorageDirectoryImpl.java:tryLock(231)) - Lock on /home/runner/work/ozone/ozone/hadoop-ozone/integration-test/target/test-dir/MiniOzoneClusterImpl-a6c569a4-67a5-46a9-84bc-d3902a35496e/datanode-1/data/ratis/c21ba41b-e2b9-4624-80d3-3dc03f0a7933/in_use.lock acquired by nodename 109811@fv-az1035-386
2023-06-17 14:27:43,650 [ed11e02f-92ab-4020-a18d-0125a70774e0-groupManagement] INFO  storage.RaftStorage (RaftStorageImpl.java:format(96)) - Storage directory /home/runner/work/ozone/ozone/hadoop-ozone/integration-test/target/test-dir/MiniOzoneClusterImpl-a6c569a4-67a5-46a9-84bc-d3902a35496e/datanode-1/data/ratis/c21ba41b-e2b9-4624-80d3-3dc03f0a7933 has been successfully formatted.
2023-06-17 14:27:43,651 [ed11e02f-92ab-4020-a18d-0125a70774e0-groupManagement] INFO  ratis.ContainerStateMachine (ContainerStateMachine.java:loadSnapshot(262)) - group-3DC03F0A7933: The snapshot info is null. Setting the last applied indexto:(t:0, i:~)
2023-06-17 14:27:43,651 [ed11e02f-92ab-4020-a18d-0125a70774e0-groupManagement] INFO  server.RaftServerConfigKeys (ConfUtils.java:logGet(46)) - raft.server.log.use.memory = false (default)
2023-06-17 14:27:43,651 [ed11e02f-92ab-4020-a18d-0125a70774e0-groupManagement] INFO  server.RaftServerConfigKeys (ConfUtils.java:logGet(46)) - raft.server.log.purge.gap = 1000000 (custom)
2023-06-17 14:27:43,651 [ed11e02f-92ab-4020-a18d-0125a70774e0-groupManagement] INFO  server.RaftServerConfigKeys (ConfUtils.java:logGet(46)) - raft.server.log.appender.buffer.byte-limit = 33554432 (custom)
2023-06-17 14:27:43,651 [ed11e02f-92ab-4020-a18d-0125a70774e0-groupManagement] INFO  server.RaftServerConfigKeys (ConfUtils.java:logGet(46)) - raft.server.log.statemachine.data.read.timeout = 1000ms (default)
2023-06-17 14:27:43,651 [ed11e02f-92ab-4020-a18d-0125a70774e0-groupManagement] INFO  server.RaftServerConfigKeys (ConfUtils.java:logGet(46)) - raft.server.log.purge.preservation.log.num = 0 (default)
2023-06-17 14:27:43,652 [ed11e02f-92ab-4020-a18d-0125a70774e0-groupManagement] INFO  server.RaftServerConfigKeys (ConfUtils.java:logGet(46)) - raft.server.log.segment.size.max = 1048576 (custom)
2023-06-17 14:27:43,652 [ed11e02f-92ab-4020-a18d-0125a70774e0-groupManagement] INFO  server.RaftServerConfigKeys (ConfUtils.java:logGet(46)) - raft.server.log.segment.cache.num.max = 2 (custom)
2023-06-17 14:27:43,652 [ed11e02f-92ab-4020-a18d-0125a70774e0-groupManagement] INFO  server.RaftServerConfigKeys (ConfUtils.java:logGet(46)) - raft.server.log.segment.cache.size.max = 200MB (=209715200) (default)
2023-06-17 14:27:43,652 [ed11e02f-92ab-4020-a18d-0125a70774e0-groupManagement] INFO  server.RaftServerConfigKeys (ConfUtils.java:logGet(46)) - raft.server.log.appender.buffer.byte-limit = 33554432 (custom)
2023-06-17 14:27:43,652 [ed11e02f-92ab-4020-a18d-0125a70774e0-groupManagement] INFO  segmented.SegmentedRaftLogWorker (SegmentedRaftLogWorker.java:<init>(188)) - new ed11e02f-92ab-4020-a18d-0125a70774e0@group-3DC03F0A7933-SegmentedRaftLogWorker for RaftStorageImpl:Storage Directory /home/runner/work/ozone/ozone/hadoop-ozone/integration-test/target/test-dir/MiniOzoneClusterImpl-a6c569a4-67a5-46a9-84bc-d3902a35496e/datanode-1/data/ratis/c21ba41b-e2b9-4624-80d3-3dc03f0a7933
2023-06-17 14:27:43,652 [ed11e02f-92ab-4020-a18d-0125a70774e0-groupManagement] INFO  server.RaftServerConfigKeys (ConfUtils.java:logGet(46)) - raft.server.log.queue.byte-limit = 4294967296 (custom)
2023-06-17 14:27:43,652 [ed11e02f-92ab-4020-a18d-0125a70774e0-groupManagement] INFO  server.RaftServerConfigKeys (ConfUtils.java:logGet(46)) - raft.server.log.queue.element-limit = 1024 (custom)
2023-06-17 14:27:43,652 [ed11e02f-92ab-4020-a18d-0125a70774e0-groupManagement] INFO  server.RaftServerConfigKeys (ConfUtils.java:logGet(46)) - raft.server.log.segment.size.max = 1048576 (custom)
2023-06-17 14:27:43,652 [ed11e02f-92ab-4020-a18d-0125a70774e0-groupManagement] INFO  server.RaftServerConfigKeys (ConfUtils.java:logGet(46)) - raft.server.log.preallocated.size = 16384 (custom)
2023-06-17 14:27:43,652 [ed11e02f-92ab-4020-a18d-0125a70774e0-groupManagement] INFO  server.RaftServerConfigKeys (ConfUtils.java:logGet(46)) - raft.server.log.force.sync.num = 128 (default)
2023-06-17 14:27:43,652 [ed11e02f-92ab-4020-a18d-0125a70774e0-groupManagement] INFO  server.RaftServerConfigKeys (ConfUtils.java:logGet(46)) - raft.server.log.statemachine.data.sync = true (default)
2023-06-17 14:27:43,652 [ed11e02f-92ab-4020-a18d-0125a70774e0-groupManagement] INFO  server.RaftServerConfigKeys (ConfUtils.java:logGet(46)) - raft.server.log.statemachine.data.sync.timeout = 10s (default)
2023-06-17 14:27:43,652 [ed11e02f-92ab-4020-a18d-0125a70774e0-groupManagement] INFO  server.RaftServerConfigKeys (ConfUtils.java:logGet(46)) - raft.server.log.statemachine.data.sync.timeout.retry = -1 (default)
2023-06-17 14:27:43,653 [ed11e02f-92ab-4020-a18d-0125a70774e0-groupManagement] INFO  server.RaftServerConfigKeys (ConfUtils.java:logGet(46)) - raft.server.log.write.buffer.size = 1048576 (custom)
2023-06-17 14:27:43,653 [ed11e02f-92ab-4020-a18d-0125a70774e0-groupManagement] INFO  server.RaftServerConfigKeys (ConfUtils.java:logGet(46)) - raft.server.log.appender.buffer.byte-limit = 33554432 (custom)
2023-06-17 14:27:43,662 [ed11e02f-92ab-4020-a18d-0125a70774e0-groupManagement] INFO  server.RaftServerConfigKeys (ConfUtils.java:logGet(46)) - raft.server.log.unsafe-flush.enabled = false (default)
2023-06-17 14:27:43,662 [ed11e02f-92ab-4020-a18d-0125a70774e0-groupManagement] INFO  server.RaftServerConfigKeys (ConfUtils.java:logGet(46)) - raft.server.log.async-flush.enabled = false (default)
2023-06-17 14:27:43,662 [ed11e02f-92ab-4020-a18d-0125a70774e0-groupManagement] INFO  server.RaftServerConfigKeys (ConfUtils.java:logGet(46)) - raft.server.log.statemachine.data.caching.enabled = true (custom)
2023-06-17 14:27:43,663 [ed11e02f-92ab-4020-a18d-0125a70774e0-groupManagement] INFO  segmented.SegmentedRaftLogWorker (SegmentedRaftLogWorker.java:lambda$new$0(135)) - ed11e02f-92ab-4020-a18d-0125a70774e0@group-3DC03F0A7933-SegmentedRaftLogWorker: flushIndex: setUnconditionally 0 -> -1
2023-06-17 14:27:43,663 [ed11e02f-92ab-4020-a18d-0125a70774e0-groupManagement] INFO  segmented.SegmentedRaftLogWorker (SegmentedRaftLogWorker.java:lambda$new$0(135)) - ed11e02f-92ab-4020-a18d-0125a70774e0@group-3DC03F0A7933-SegmentedRaftLogWorker: safeCacheEvictIndex: setUnconditionally 0 -> -1
2023-06-17 14:27:43,663 [ed11e02f-92ab-4020-a18d-0125a70774e0-groupManagement] INFO  server.RaftServer$Division (RaftServerImpl.java:start(342)) - ed11e02f-92ab-4020-a18d-0125a70774e0@group-3DC03F0A7933: start as a follower, conf=-1: peers:[ed11e02f-92ab-4020-a18d-0125a70774e0|rpc:10.1.0.30:15058|admin:10.1.0.30:15057|client:10.1.0.30:15056|dataStream:10.1.0.30:15059|priority:0|startupRole:FOLLOWER, 3350fcee-efa5-466a-bd09-11f11345576c|rpc:10.1.0.30:15049|admin:10.1.0.30:15048|client:10.1.0.30:15047|dataStream:10.1.0.30:15050|priority:1|startupRole:FOLLOWER, 11f1b3f3-e9f6-4126-b930-768e27d5f26c|rpc:10.1.0.30:15067|admin:10.1.0.30:15066|client:10.1.0.30:15065|dataStream:10.1.0.30:15068|priority:0|startupRole:FOLLOWER]|listeners:[], old=null
2023-06-17 14:27:43,663 [ed11e02f-92ab-4020-a18d-0125a70774e0-groupManagement] INFO  server.RaftServer$Division (RaftServerImpl.java:setRole(329)) - ed11e02f-92ab-4020-a18d-0125a70774e0@group-3DC03F0A7933: changes role from      null to FOLLOWER at term 0 for startAsFollower
2023-06-17 14:27:43,663 [ed11e02f-92ab-4020-a18d-0125a70774e0-groupManagement] INFO  impl.RoleInfo (RoleInfo.java:updateAndGet(139)) - ed11e02f-92ab-4020-a18d-0125a70774e0: start ed11e02f-92ab-4020-a18d-0125a70774e0@group-3DC03F0A7933-FollowerState
2023-06-17 14:27:43,664 [ed11e02f-92ab-4020-a18d-0125a70774e0@group-3DC03F0A7933-FollowerState] INFO  server.RaftServerConfigKeys (ConfUtils.java:logFallback(53)) - raft.server.rpc.first-election.timeout.min = 5s (fallback to raft.server.rpc.timeout.min)
2023-06-17 14:27:43,664 [ed11e02f-92ab-4020-a18d-0125a70774e0@group-3DC03F0A7933-FollowerState] INFO  server.RaftServerConfigKeys (ConfUtils.java:logFallback(53)) - raft.server.rpc.first-election.timeout.max = 5200ms (fallback to raft.server.rpc.timeout.max)
2023-06-17 14:27:43,664 [ed11e02f-92ab-4020-a18d-0125a70774e0-groupManagement] INFO  util.JmxRegister (JmxRegister.java:tryRegister(44)) - Successfully registered JMX Bean with object name Ratis:service=RaftServer,group=group-3DC03F0A7933,id=ed11e02f-92ab-4020-a18d-0125a70774e0
2023-06-17 14:27:43,664 [ed11e02f-92ab-4020-a18d-0125a70774e0-groupManagement] INFO  server.RaftServerConfigKeys (ConfUtils.java:logGet(46)) - raft.server.snapshot.auto.trigger.enabled = true (custom)
2023-06-17 14:27:43,664 [ed11e02f-92ab-4020-a18d-0125a70774e0-groupManagement] INFO  server.RaftServerConfigKeys (ConfUtils.java:logGet(46)) - raft.server.snapshot.auto.trigger.threshold = 10000 (custom)
2023-06-17 14:27:43,664 [ed11e02f-92ab-4020-a18d-0125a70774e0-groupManagement] INFO  server.RaftServerConfigKeys (ConfUtils.java:logGet(46)) - raft.server.snapshot.retention.file.num = 5 (custom)
2023-06-17 14:27:43,664 [ed11e02f-92ab-4020-a18d-0125a70774e0-groupManagement] INFO  server.RaftServerConfigKeys (ConfUtils.java:logGet(46)) - raft.server.log.purge.upto.snapshot.index = false (default)
2023-06-17 14:27:43,688 [grpc-default-executor-0] INFO  server.RaftServer (RaftServerProxy.java:addNew(98)) - 11f1b3f3-e9f6-4126-b930-768e27d5f26c: addNew group-3DC03F0A7933:[ed11e02f-92ab-4020-a18d-0125a70774e0|rpc:10.1.0.30:15058|admin:10.1.0.30:15057|client:10.1.0.30:15056|dataStream:10.1.0.30:15059|priority:0|startupRole:FOLLOWER, 3350fcee-efa5-466a-bd09-11f11345576c|rpc:10.1.0.30:15049|admin:10.1.0.30:15048|client:10.1.0.30:15047|dataStream:10.1.0.30:15050|priority:1|startupRole:FOLLOWER, 11f1b3f3-e9f6-4126-b930-768e27d5f26c|rpc:10.1.0.30:15067|admin:10.1.0.30:15066|client:10.1.0.30:15065|dataStream:10.1.0.30:15068|priority:0|startupRole:FOLLOWER] returns group-3DC03F0A7933:java.util.concurrent.CompletableFuture@d001a6c[Not completed]
2023-06-17 14:27:43,689 [11f1b3f3-e9f6-4126-b930-768e27d5f26c-groupManagement] INFO  server.RaftServer$Division (RaftServerImpl.java:<init>(198)) - 11f1b3f3-e9f6-4126-b930-768e27d5f26c: new RaftServerImpl for group-3DC03F0A7933:[ed11e02f-92ab-4020-a18d-0125a70774e0|rpc:10.1.0.30:15058|admin:10.1.0.30:15057|client:10.1.0.30:15056|dataStream:10.1.0.30:15059|priority:0|startupRole:FOLLOWER, 3350fcee-efa5-466a-bd09-11f11345576c|rpc:10.1.0.30:15049|admin:10.1.0.30:15048|client:10.1.0.30:15047|dataStream:10.1.0.30:15050|priority:1|startupRole:FOLLOWER, 11f1b3f3-e9f6-4126-b930-768e27d5f26c|rpc:10.1.0.30:15067|admin:10.1.0.30:15066|client:10.1.0.30:15065|dataStream:10.1.0.30:15068|priority:0|startupRole:FOLLOWER] with ContainerStateMachine:uninitialized
2023-06-17 14:27:43,690 [11f1b3f3-e9f6-4126-b930-768e27d5f26c-groupManagement] INFO  server.RaftServerConfigKeys (ConfUtils.java:logGet(46)) - raft.server.rpc.timeout.min = 5s (custom)
2023-06-17 14:27:43,690 [11f1b3f3-e9f6-4126-b930-768e27d5f26c-groupManagement] INFO  server.RaftServerConfigKeys (ConfUtils.java:logGet(46)) - raft.server.rpc.timeout.max = 5200ms (custom)
2023-06-17 14:27:43,690 [11f1b3f3-e9f6-4126-b930-768e27d5f26c-groupManagement] INFO  server.RaftServerConfigKeys (ConfUtils.java:logGet(46)) - raft.server.rpc.sleep.time = 25ms (default)
2023-06-17 14:27:43,690 [11f1b3f3-e9f6-4126-b930-768e27d5f26c-groupManagement] INFO  server.RaftServerConfigKeys (ConfUtils.java:logGet(46)) - raft.server.rpc.slowness.timeout = 300s (custom)
2023-06-17 14:27:43,690 [11f1b3f3-e9f6-4126-b930-768e27d5f26c-groupManagement] INFO  server.RaftServerConfigKeys (ConfUtils.java:logGet(46)) - raft.server.leaderelection.leader.step-down.wait-time = 10s (default)
2023-06-17 14:27:43,690 [11f1b3f3-e9f6-4126-b930-768e27d5f26c-groupManagement] INFO  server.RaftServerConfigKeys (ConfUtils.java:logGet(46)) - raft.server.sleep.deviation.threshold = 300ms (default)
2023-06-17 14:27:43,690 [11f1b3f3-e9f6-4126-b930-768e27d5f26c-groupManagement] INFO  server.RaftServer$Division (ServerState.java:<init>(120)) - 11f1b3f3-e9f6-4126-b930-768e27d5f26c@group-3DC03F0A7933: ConfigurationManager, init=-1: peers:[ed11e02f-92ab-4020-a18d-0125a70774e0|rpc:10.1.0.30:15058|admin:10.1.0.30:15057|client:10.1.0.30:15056|dataStream:10.1.0.30:15059|priority:0|startupRole:FOLLOWER, 3350fcee-efa5-466a-bd09-11f11345576c|rpc:10.1.0.30:15049|admin:10.1.0.30:15048|client:10.1.0.30:15047|dataStream:10.1.0.30:15050|priority:1|startupRole:FOLLOWER, 11f1b3f3-e9f6-4126-b930-768e27d5f26c|rpc:10.1.0.30:15067|admin:10.1.0.30:15066|client:10.1.0.30:15065|dataStream:10.1.0.30:15068|priority:0|startupRole:FOLLOWER]|listeners:[], old=null, confs=<EMPTY_MAP>
2023-06-17 14:27:43,690 [11f1b3f3-e9f6-4126-b930-768e27d5f26c-groupManagement] INFO  server.RaftServerConfigKeys (ConfUtils.java:logGet(46)) - raft.server.storage.dir = [/home/runner/work/ozone/ozone/hadoop-ozone/integration-test/target/test-dir/MiniOzoneClusterImpl-a6c569a4-67a5-46a9-84bc-d3902a35496e/datanode-2/data/ratis] (custom)
2023-06-17 14:27:43,690 [11f1b3f3-e9f6-4126-b930-768e27d5f26c-groupManagement] INFO  server.RaftServerConfigKeys (ConfUtils.java:logGet(46)) - raft.server.log.corruption.policy = EXCEPTION (default)
2023-06-17 14:27:43,690 [11f1b3f3-e9f6-4126-b930-768e27d5f26c-groupManagement] INFO  server.RaftServerConfigKeys (ConfUtils.java:logGet(46)) - raft.server.storage.free-space.min = 0MB (=0) (default)
2023-06-17 14:27:43,690 [11f1b3f3-e9f6-4126-b930-768e27d5f26c-groupManagement] INFO  server.RaftServerConfigKeys (ConfUtils.java:logGet(46)) - raft.server.notification.no-leader.timeout = 300s (custom)
2023-06-17 14:27:43,690 [11f1b3f3-e9f6-4126-b930-768e27d5f26c-groupManagement] INFO  server.RaftServerConfigKeys (ConfUtils.java:logGet(46)) - raft.server.read.timeout = 10s (default)
2023-06-17 14:27:43,690 [11f1b3f3-e9f6-4126-b930-768e27d5f26c-groupManagement] INFO  server.RaftServerConfigKeys (ConfUtils.java:logGet(46)) - raft.server.retrycache.expirytime = 600000ms (custom)
2023-06-17 14:27:43,691 [11f1b3f3-e9f6-4126-b930-768e27d5f26c-groupManagement] INFO  server.RaftServerConfigKeys (ConfUtils.java:logGet(46)) - raft.server.retrycache.statistics.expirytime = 100μs (default)
2023-06-17 14:27:43,691 [11f1b3f3-e9f6-4126-b930-768e27d5f26c-groupManagement] INFO  server.RaftServerConfigKeys (ConfUtils.java:logGet(46)) - raft.server.read.option = DEFAULT (default)
2023-06-17 14:27:43,696 [11f1b3f3-e9f6-4126-b930-768e27d5f26c-groupManagement] INFO  server.RaftServerConfigKeys (ConfUtils.java:logGet(46)) - raft.server.rpc.request.timeout = 60s (custom)
2023-06-17 14:27:43,696 [11f1b3f3-e9f6-4126-b930-768e27d5f26c-groupManagement] INFO  server.RaftServerConfigKeys (ConfUtils.java:logGet(46)) - raft.server.log.appender.install.snapshot.enabled = false (custom)
2023-06-17 14:27:43,696 [11f1b3f3-e9f6-4126-b930-768e27d5f26c-groupManagement] INFO  server.RaftServerConfigKeys (ConfUtils.java:logGet(46)) - raft.server.threadpool.server.cached = true (default)
2023-06-17 14:27:43,696 [11f1b3f3-e9f6-4126-b930-768e27d5f26c-groupManagement] INFO  server.RaftServerConfigKeys (ConfUtils.java:logGet(46)) - raft.server.threadpool.server.size = 0 (default)
2023-06-17 14:27:43,696 [11f1b3f3-e9f6-4126-b930-768e27d5f26c-groupManagement] INFO  server.RaftServerConfigKeys (ConfUtils.java:logGet(46)) - raft.server.threadpool.client.cached = true (default)
2023-06-17 14:27:43,696 [11f1b3f3-e9f6-4126-b930-768e27d5f26c-groupManagement] INFO  server.RaftServerConfigKeys (ConfUtils.java:logGet(46)) - raft.server.threadpool.client.size = 0 (default)
2023-06-17 14:27:43,696 [11f1b3f3-e9f6-4126-b930-768e27d5f26c-groupManagement] INFO  storage.RaftStorageDirectory (RaftStorageDirectoryImpl.java:analyzeStorage(137)) - The storage directory /home/runner/work/ozone/ozone/hadoop-ozone/integration-test/target/test-dir/MiniOzoneClusterImpl-a6c569a4-67a5-46a9-84bc-d3902a35496e/datanode-2/data/ratis/c21ba41b-e2b9-4624-80d3-3dc03f0a7933 does not exist. Creating ...
2023-06-17 14:27:43,698 [11f1b3f3-e9f6-4126-b930-768e27d5f26c-groupManagement] INFO  storage.RaftStorageDirectory (RaftStorageDirectoryImpl.java:tryLock(231)) - Lock on /home/runner/work/ozone/ozone/hadoop-ozone/integration-test/target/test-dir/MiniOzoneClusterImpl-a6c569a4-67a5-46a9-84bc-d3902a35496e/datanode-2/data/ratis/c21ba41b-e2b9-4624-80d3-3dc03f0a7933/in_use.lock acquired by nodename 109811@fv-az1035-386
2023-06-17 14:27:43,700 [11f1b3f3-e9f6-4126-b930-768e27d5f26c-groupManagement] INFO  storage.RaftStorage (RaftStorageImpl.java:format(96)) - Storage directory /home/runner/work/ozone/ozone/hadoop-ozone/integration-test/target/test-dir/MiniOzoneClusterImpl-a6c569a4-67a5-46a9-84bc-d3902a35496e/datanode-2/data/ratis/c21ba41b-e2b9-4624-80d3-3dc03f0a7933 has been successfully formatted.
2023-06-17 14:27:43,701 [11f1b3f3-e9f6-4126-b930-768e27d5f26c-groupManagement] INFO  ratis.ContainerStateMachine (ContainerStateMachine.java:loadSnapshot(262)) - group-3DC03F0A7933: The snapshot info is null. Setting the last applied indexto:(t:0, i:~)
2023-06-17 14:27:43,701 [11f1b3f3-e9f6-4126-b930-768e27d5f26c-groupManagement] INFO  server.RaftServerConfigKeys (ConfUtils.java:logGet(46)) - raft.server.log.use.memory = false (default)
2023-06-17 14:27:43,701 [11f1b3f3-e9f6-4126-b930-768e27d5f26c-groupManagement] INFO  server.RaftServerConfigKeys (ConfUtils.java:logGet(46)) - raft.server.log.purge.gap = 1000000 (custom)
2023-06-17 14:27:43,701 [11f1b3f3-e9f6-4126-b930-768e27d5f26c-groupManagement] INFO  server.RaftServerConfigKeys (ConfUtils.java:logGet(46)) - raft.server.log.appender.buffer.byte-limit = 33554432 (custom)
2023-06-17 14:27:43,701 [11f1b3f3-e9f6-4126-b930-768e27d5f26c-groupManagement] INFO  server.RaftServerConfigKeys (ConfUtils.java:logGet(46)) - raft.server.log.statemachine.data.read.timeout = 1000ms (default)
2023-06-17 14:27:43,701 [11f1b3f3-e9f6-4126-b930-768e27d5f26c-groupManagement] INFO  server.RaftServerConfigKeys (ConfUtils.java:logGet(46)) - raft.server.log.purge.preservation.log.num = 0 (default)
2023-06-17 14:27:43,702 [11f1b3f3-e9f6-4126-b930-768e27d5f26c-groupManagement] INFO  server.RaftServerConfigKeys (ConfUtils.java:logGet(46)) - raft.server.log.segment.size.max = 1048576 (custom)
2023-06-17 14:27:43,703 [11f1b3f3-e9f6-4126-b930-768e27d5f26c-groupManagement] INFO  server.RaftServerConfigKeys (ConfUtils.java:logGet(46)) - raft.server.log.segment.cache.num.max = 2 (custom)
2023-06-17 14:27:43,703 [11f1b3f3-e9f6-4126-b930-768e27d5f26c-groupManagement] INFO  server.RaftServerConfigKeys (ConfUtils.java:logGet(46)) - raft.server.log.segment.cache.size.max = 200MB (=209715200) (default)
2023-06-17 14:27:43,703 [11f1b3f3-e9f6-4126-b930-768e27d5f26c-groupManagement] INFO  server.RaftServerConfigKeys (ConfUtils.java:logGet(46)) - raft.server.log.appender.buffer.byte-limit = 33554432 (custom)
2023-06-17 14:27:43,703 [11f1b3f3-e9f6-4126-b930-768e27d5f26c-groupManagement] INFO  segmented.SegmentedRaftLogWorker (SegmentedRaftLogWorker.java:<init>(188)) - new 11f1b3f3-e9f6-4126-b930-768e27d5f26c@group-3DC03F0A7933-SegmentedRaftLogWorker for RaftStorageImpl:Storage Directory /home/runner/work/ozone/ozone/hadoop-ozone/integration-test/target/test-dir/MiniOzoneClusterImpl-a6c569a4-67a5-46a9-84bc-d3902a35496e/datanode-2/data/ratis/c21ba41b-e2b9-4624-80d3-3dc03f0a7933
2023-06-17 14:27:43,703 [11f1b3f3-e9f6-4126-b930-768e27d5f26c-groupManagement] INFO  server.RaftServerConfigKeys (ConfUtils.java:logGet(46)) - raft.server.log.queue.byte-limit = 4294967296 (custom)
2023-06-17 14:27:43,703 [11f1b3f3-e9f6-4126-b930-768e27d5f26c-groupManagement] INFO  server.RaftServerConfigKeys (ConfUtils.java:logGet(46)) - raft.server.log.queue.element-limit = 1024 (custom)
2023-06-17 14:27:43,703 [11f1b3f3-e9f6-4126-b930-768e27d5f26c-groupManagement] INFO  server.RaftServerConfigKeys (ConfUtils.java:logGet(46)) - raft.server.log.segment.size.max = 1048576 (custom)
2023-06-17 14:27:43,703 [11f1b3f3-e9f6-4126-b930-768e27d5f26c-groupManagement] INFO  server.RaftServerConfigKeys (ConfUtils.java:logGet(46)) - raft.server.log.preallocated.size = 16384 (custom)
2023-06-17 14:27:43,703 [11f1b3f3-e9f6-4126-b930-768e27d5f26c-groupManagement] INFO  server.RaftServerConfigKeys (ConfUtils.java:logGet(46)) - raft.server.log.force.sync.num = 128 (default)
2023-06-17 14:27:43,703 [11f1b3f3-e9f6-4126-b930-768e27d5f26c-groupManagement] INFO  server.RaftServerConfigKeys (ConfUtils.java:logGet(46)) - raft.server.log.statemachine.data.sync = true (default)
2023-06-17 14:27:43,703 [11f1b3f3-e9f6-4126-b930-768e27d5f26c-groupManagement] INFO  server.RaftServerConfigKeys (ConfUtils.java:logGet(46)) - raft.server.log.statemachine.data.sync.timeout = 10s (default)
2023-06-17 14:27:43,703 [11f1b3f3-e9f6-4126-b930-768e27d5f26c-groupManagement] INFO  server.RaftServerConfigKeys (ConfUtils.java:logGet(46)) - raft.server.log.statemachine.data.sync.timeout.retry = -1 (default)
2023-06-17 14:27:43,704 [11f1b3f3-e9f6-4126-b930-768e27d5f26c-groupManagement] INFO  server.RaftServerConfigKeys (ConfUtils.java:logGet(46)) - raft.server.log.write.buffer.size = 1048576 (custom)
2023-06-17 14:27:43,704 [11f1b3f3-e9f6-4126-b930-768e27d5f26c-groupManagement] INFO  server.RaftServerConfigKeys (ConfUtils.java:logGet(46)) - raft.server.log.appender.buffer.byte-limit = 33554432 (custom)
2023-06-17 14:27:43,713 [11f1b3f3-e9f6-4126-b930-768e27d5f26c-groupManagement] INFO  server.RaftServerConfigKeys (ConfUtils.java:logGet(46)) - raft.server.log.unsafe-flush.enabled = false (default)
2023-06-17 14:27:43,713 [11f1b3f3-e9f6-4126-b930-768e27d5f26c-groupManagement] INFO  server.RaftServerConfigKeys (ConfUtils.java:logGet(46)) - raft.server.log.async-flush.enabled = false (default)
2023-06-17 14:27:43,713 [11f1b3f3-e9f6-4126-b930-768e27d5f26c-groupManagement] INFO  server.RaftServerConfigKeys (ConfUtils.java:logGet(46)) - raft.server.log.statemachine.data.caching.enabled = true (custom)
2023-06-17 14:27:43,713 [11f1b3f3-e9f6-4126-b930-768e27d5f26c-groupManagement] INFO  segmented.SegmentedRaftLogWorker (SegmentedRaftLogWorker.java:lambda$new$0(135)) - 11f1b3f3-e9f6-4126-b930-768e27d5f26c@group-3DC03F0A7933-SegmentedRaftLogWorker: flushIndex: setUnconditionally 0 -> -1
2023-06-17 14:27:43,713 [11f1b3f3-e9f6-4126-b930-768e27d5f26c-groupManagement] INFO  segmented.SegmentedRaftLogWorker (SegmentedRaftLogWorker.java:lambda$new$0(135)) - 11f1b3f3-e9f6-4126-b930-768e27d5f26c@group-3DC03F0A7933-SegmentedRaftLogWorker: safeCacheEvictIndex: setUnconditionally 0 -> -1
2023-06-17 14:27:43,713 [11f1b3f3-e9f6-4126-b930-768e27d5f26c-groupManagement] INFO  server.RaftServer$Division (RaftServerImpl.java:start(342)) - 11f1b3f3-e9f6-4126-b930-768e27d5f26c@group-3DC03F0A7933: start as a follower, conf=-1: peers:[ed11e02f-92ab-4020-a18d-0125a70774e0|rpc:10.1.0.30:15058|admin:10.1.0.30:15057|client:10.1.0.30:15056|dataStream:10.1.0.30:15059|priority:0|startupRole:FOLLOWER, 3350fcee-efa5-466a-bd09-11f11345576c|rpc:10.1.0.30:15049|admin:10.1.0.30:15048|client:10.1.0.30:15047|dataStream:10.1.0.30:15050|priority:1|startupRole:FOLLOWER, 11f1b3f3-e9f6-4126-b930-768e27d5f26c|rpc:10.1.0.30:15067|admin:10.1.0.30:15066|client:10.1.0.30:15065|dataStream:10.1.0.30:15068|priority:0|startupRole:FOLLOWER]|listeners:[], old=null
2023-06-17 14:27:43,714 [11f1b3f3-e9f6-4126-b930-768e27d5f26c-groupManagement] INFO  server.RaftServer$Division (RaftServerImpl.java:setRole(329)) - 11f1b3f3-e9f6-4126-b930-768e27d5f26c@group-3DC03F0A7933: changes role from      null to FOLLOWER at term 0 for startAsFollower
2023-06-17 14:27:43,714 [11f1b3f3-e9f6-4126-b930-768e27d5f26c-groupManagement] INFO  impl.RoleInfo (RoleInfo.java:updateAndGet(139)) - 11f1b3f3-e9f6-4126-b930-768e27d5f26c: start 11f1b3f3-e9f6-4126-b930-768e27d5f26c@group-3DC03F0A7933-FollowerState
2023-06-17 14:27:43,717 [11f1b3f3-e9f6-4126-b930-768e27d5f26c-groupManagement] INFO  util.JmxRegister (JmxRegister.java:tryRegister(44)) - Successfully registered JMX Bean with object name Ratis:service=RaftServer,group=group-3DC03F0A7933,id=11f1b3f3-e9f6-4126-b930-768e27d5f26c
2023-06-17 14:27:43,717 [11f1b3f3-e9f6-4126-b930-768e27d5f26c-groupManagement] INFO  server.RaftServerConfigKeys (ConfUtils.java:logGet(46)) - raft.server.snapshot.auto.trigger.enabled = true (custom)
2023-06-17 14:27:43,717 [11f1b3f3-e9f6-4126-b930-768e27d5f26c-groupManagement] INFO  server.RaftServerConfigKeys (ConfUtils.java:logGet(46)) - raft.server.snapshot.auto.trigger.threshold = 10000 (custom)
2023-06-17 14:27:43,717 [11f1b3f3-e9f6-4126-b930-768e27d5f26c-groupManagement] INFO  server.RaftServerConfigKeys (ConfUtils.java:logGet(46)) - raft.server.snapshot.retention.file.num = 5 (custom)
2023-06-17 14:27:43,719 [11f1b3f3-e9f6-4126-b930-768e27d5f26c-groupManagement] INFO  server.RaftServerConfigKeys (ConfUtils.java:logGet(46)) - raft.server.log.purge.upto.snapshot.index = false (default)
2023-06-17 14:27:43,720 [11f1b3f3-e9f6-4126-b930-768e27d5f26c@group-3DC03F0A7933-FollowerState] INFO  server.RaftServerConfigKeys (ConfUtils.java:logFallback(53)) - raft.server.rpc.first-election.timeout.min = 5s (fallback to raft.server.rpc.timeout.min)
2023-06-17 14:27:43,720 [11f1b3f3-e9f6-4126-b930-768e27d5f26c@group-3DC03F0A7933-FollowerState] INFO  server.RaftServerConfigKeys (ConfUtils.java:logFallback(53)) - raft.server.rpc.first-election.timeout.max = 5200ms (fallback to raft.server.rpc.timeout.max)
2023-06-17 14:27:43,729 [PipelineCommandHandlerThread-0] INFO  commandhandler.CreatePipelineCommandHandler (CreatePipelineCommandHandler.java:lambda$handle$2(124)) - Created Pipeline RATIS THREE PipelineID=c21ba41b-e2b9-4624-80d3-3dc03f0a7933.
2023-06-17 14:27:43,729 [PipelineCommandHandlerThread-0] INFO  server.RaftServer (RaftServerProxy.java:addNew(98)) - 3350fcee-efa5-466a-bd09-11f11345576c: addNew group-AACFBA3D99E5:[ed11e02f-92ab-4020-a18d-0125a70774e0|rpc:10.1.0.30:15058|admin:10.1.0.30:15057|client:10.1.0.30:15056|dataStream:10.1.0.30:15059|priority:0|startupRole:FOLLOWER, 3350fcee-efa5-466a-bd09-11f11345576c|rpc:10.1.0.30:15049|admin:10.1.0.30:15048|client:10.1.0.30:15047|dataStream:10.1.0.30:15050|priority:0|startupRole:FOLLOWER, 11f1b3f3-e9f6-4126-b930-768e27d5f26c|rpc:10.1.0.30:15067|admin:10.1.0.30:15066|client:10.1.0.30:15065|dataStream:10.1.0.30:15068|priority:1|startupRole:FOLLOWER] returns group-AACFBA3D99E5:java.util.concurrent.CompletableFuture@152634fa[Not completed]
2023-06-17 14:27:43,730 [3350fcee-efa5-466a-bd09-11f11345576c-groupManagement] INFO  server.RaftServer$Division (RaftServerImpl.java:<init>(198)) - 3350fcee-efa5-466a-bd09-11f11345576c: new RaftServerImpl for group-AACFBA3D99E5:[ed11e02f-92ab-4020-a18d-0125a70774e0|rpc:10.1.0.30:15058|admin:10.1.0.30:15057|client:10.1.0.30:15056|dataStream:10.1.0.30:15059|priority:0|startupRole:FOLLOWER, 3350fcee-efa5-466a-bd09-11f11345576c|rpc:10.1.0.30:15049|admin:10.1.0.30:15048|client:10.1.0.30:15047|dataStream:10.1.0.30:15050|priority:0|startupRole:FOLLOWER, 11f1b3f3-e9f6-4126-b930-768e27d5f26c|rpc:10.1.0.30:15067|admin:10.1.0.30:15066|client:10.1.0.30:15065|dataStream:10.1.0.30:15068|priority:1|startupRole:FOLLOWER] with ContainerStateMachine:uninitialized
2023-06-17 14:27:43,730 [3350fcee-efa5-466a-bd09-11f11345576c-groupManagement] INFO  server.RaftServerConfigKeys (ConfUtils.java:logGet(46)) - raft.server.rpc.timeout.min = 5s (custom)
2023-06-17 14:27:43,730 [3350fcee-efa5-466a-bd09-11f11345576c-groupManagement] INFO  server.RaftServerConfigKeys (ConfUtils.java:logGet(46)) - raft.server.rpc.timeout.max = 5200ms (custom)
2023-06-17 14:27:43,730 [3350fcee-efa5-466a-bd09-11f11345576c-groupManagement] INFO  server.RaftServerConfigKeys (ConfUtils.java:logGet(46)) - raft.server.rpc.sleep.time = 25ms (default)
2023-06-17 14:27:43,730 [3350fcee-efa5-466a-bd09-11f11345576c-groupManagement] INFO  server.RaftServerConfigKeys (ConfUtils.java:logGet(46)) - raft.server.rpc.slowness.timeout = 300s (custom)
2023-06-17 14:27:43,731 [3350fcee-efa5-466a-bd09-11f11345576c-groupManagement] INFO  server.RaftServerConfigKeys (ConfUtils.java:logGet(46)) - raft.server.leaderelection.leader.step-down.wait-time = 10s (default)
2023-06-17 14:27:43,731 [3350fcee-efa5-466a-bd09-11f11345576c-groupManagement] INFO  server.RaftServerConfigKeys (ConfUtils.java:logGet(46)) - raft.server.sleep.deviation.threshold = 300ms (default)
2023-06-17 14:27:43,731 [3350fcee-efa5-466a-bd09-11f11345576c-groupManagement] INFO  server.RaftServer$Division (ServerState.java:<init>(120)) - 3350fcee-efa5-466a-bd09-11f11345576c@group-AACFBA3D99E5: ConfigurationManager, init=-1: peers:[ed11e02f-92ab-4020-a18d-0125a70774e0|rpc:10.1.0.30:15058|admin:10.1.0.30:15057|client:10.1.0.30:15056|dataStream:10.1.0.30:15059|priority:0|startupRole:FOLLOWER, 3350fcee-efa5-466a-bd09-11f11345576c|rpc:10.1.0.30:15049|admin:10.1.0.30:15048|client:10.1.0.30:15047|dataStream:10.1.0.30:15050|priority:0|startupRole:FOLLOWER, 11f1b3f3-e9f6-4126-b930-768e27d5f26c|rpc:10.1.0.30:15067|admin:10.1.0.30:15066|client:10.1.0.30:15065|dataStream:10.1.0.30:15068|priority:1|startupRole:FOLLOWER]|listeners:[], old=null, confs=<EMPTY_MAP>
2023-06-17 14:27:43,731 [3350fcee-efa5-466a-bd09-11f11345576c-groupManagement] INFO  server.RaftServerConfigKeys (ConfUtils.java:logGet(46)) - raft.server.storage.dir = [/home/runner/work/ozone/ozone/hadoop-ozone/integration-test/target/test-dir/MiniOzoneClusterImpl-a6c569a4-67a5-46a9-84bc-d3902a35496e/datanode-0/data/ratis] (custom)
2023-06-17 14:27:43,731 [3350fcee-efa5-466a-bd09-11f11345576c-groupManagement] INFO  server.RaftServerConfigKeys (ConfUtils.java:logGet(46)) - raft.server.log.corruption.policy = EXCEPTION (default)
2023-06-17 14:27:43,731 [3350fcee-efa5-466a-bd09-11f11345576c-groupManagement] INFO  server.RaftServerConfigKeys (ConfUtils.java:logGet(46)) - raft.server.storage.free-space.min = 0MB (=0) (default)
2023-06-17 14:27:43,732 [3350fcee-efa5-466a-bd09-11f11345576c-groupManagement] INFO  server.RaftServerConfigKeys (ConfUtils.java:logGet(46)) - raft.server.notification.no-leader.timeout = 300s (custom)
2023-06-17 14:27:43,732 [3350fcee-efa5-466a-bd09-11f11345576c-groupManagement] INFO  server.RaftServerConfigKeys (ConfUtils.java:logGet(46)) - raft.server.read.timeout = 10s (default)
2023-06-17 14:27:43,732 [3350fcee-efa5-466a-bd09-11f11345576c-groupManagement] INFO  server.RaftServerConfigKeys (ConfUtils.java:logGet(46)) - raft.server.retrycache.expirytime = 600000ms (custom)
2023-06-17 14:27:43,732 [3350fcee-efa5-466a-bd09-11f11345576c-groupManagement] INFO  server.RaftServerConfigKeys (ConfUtils.java:logGet(46)) - raft.server.retrycache.statistics.expirytime = 100μs (default)
2023-06-17 14:27:43,732 [3350fcee-efa5-466a-bd09-11f11345576c-groupManagement] INFO  server.RaftServerConfigKeys (ConfUtils.java:logGet(46)) - raft.server.read.option = DEFAULT (default)
2023-06-17 14:27:43,736 [3350fcee-efa5-466a-bd09-11f11345576c-groupManagement] INFO  server.RaftServerConfigKeys (ConfUtils.java:logGet(46)) - raft.server.rpc.request.timeout = 60s (custom)
2023-06-17 14:27:43,736 [3350fcee-efa5-466a-bd09-11f11345576c-groupManagement] INFO  server.RaftServerConfigKeys (ConfUtils.java:logGet(46)) - raft.server.log.appender.install.snapshot.enabled = false (custom)
2023-06-17 14:27:43,736 [3350fcee-efa5-466a-bd09-11f11345576c-groupManagement] INFO  server.RaftServerConfigKeys (ConfUtils.java:logGet(46)) - raft.server.threadpool.server.cached = true (default)
2023-06-17 14:27:43,736 [3350fcee-efa5-466a-bd09-11f11345576c-groupManagement] INFO  server.RaftServerConfigKeys (ConfUtils.java:logGet(46)) - raft.server.threadpool.server.size = 0 (default)
2023-06-17 14:27:43,736 [3350fcee-efa5-466a-bd09-11f11345576c-groupManagement] INFO  server.RaftServerConfigKeys (ConfUtils.java:logGet(46)) - raft.server.threadpool.client.cached = true (default)
2023-06-17 14:27:43,736 [3350fcee-efa5-466a-bd09-11f11345576c-groupManagement] INFO  server.RaftServerConfigKeys (ConfUtils.java:logGet(46)) - raft.server.threadpool.client.size = 0 (default)
2023-06-17 14:27:43,737 [3350fcee-efa5-466a-bd09-11f11345576c-groupManagement] INFO  storage.RaftStorageDirectory (RaftStorageDirectoryImpl.java:analyzeStorage(137)) - The storage directory /home/runner/work/ozone/ozone/hadoop-ozone/integration-test/target/test-dir/MiniOzoneClusterImpl-a6c569a4-67a5-46a9-84bc-d3902a35496e/datanode-0/data/ratis/9c2b6952-5138-498d-9e29-aacfba3d99e5 does not exist. Creating ...
2023-06-17 14:27:43,738 [3350fcee-efa5-466a-bd09-11f11345576c-groupManagement] INFO  storage.RaftStorageDirectory (RaftStorageDirectoryImpl.java:tryLock(231)) - Lock on /home/runner/work/ozone/ozone/hadoop-ozone/integration-test/target/test-dir/MiniOzoneClusterImpl-a6c569a4-67a5-46a9-84bc-d3902a35496e/datanode-0/data/ratis/9c2b6952-5138-498d-9e29-aacfba3d99e5/in_use.lock acquired by nodename 109811@fv-az1035-386
2023-06-17 14:27:43,739 [3350fcee-efa5-466a-bd09-11f11345576c-groupManagement] INFO  storage.RaftStorage (RaftStorageImpl.java:format(96)) - Storage directory /home/runner/work/ozone/ozone/hadoop-ozone/integration-test/target/test-dir/MiniOzoneClusterImpl-a6c569a4-67a5-46a9-84bc-d3902a35496e/datanode-0/data/ratis/9c2b6952-5138-498d-9e29-aacfba3d99e5 has been successfully formatted.
2023-06-17 14:27:43,740 [3350fcee-efa5-466a-bd09-11f11345576c-groupManagement] INFO  ratis.ContainerStateMachine (ContainerStateMachine.java:loadSnapshot(262)) - group-AACFBA3D99E5: The snapshot info is null. Setting the last applied indexto:(t:0, i:~)
2023-06-17 14:27:43,740 [3350fcee-efa5-466a-bd09-11f11345576c-groupManagement] INFO  server.RaftServerConfigKeys (ConfUtils.java:logGet(46)) - raft.server.log.use.memory = false (default)
2023-06-17 14:27:43,740 [3350fcee-efa5-466a-bd09-11f11345576c-groupManagement] INFO  server.RaftServerConfigKeys (ConfUtils.java:logGet(46)) - raft.server.log.purge.gap = 1000000 (custom)
2023-06-17 14:27:43,740 [3350fcee-efa5-466a-bd09-11f11345576c-groupManagement] INFO  server.RaftServerConfigKeys (ConfUtils.java:logGet(46)) - raft.server.log.appender.buffer.byte-limit = 33554432 (custom)
2023-06-17 14:27:43,740 [3350fcee-efa5-466a-bd09-11f11345576c-groupManagement] INFO  server.RaftServerConfigKeys (ConfUtils.java:logGet(46)) - raft.server.log.statemachine.data.read.timeout = 1000ms (default)
2023-06-17 14:27:43,740 [3350fcee-efa5-466a-bd09-11f11345576c-groupManagement] INFO  server.RaftServerConfigKeys (ConfUtils.java:logGet(46)) - raft.server.log.purge.preservation.log.num = 0 (default)
2023-06-17 14:27:43,741 [EventQueue-OpenPipelineForHealthyPipelineSafeModeRule] INFO  safemode.SCMSafeModeManager (HealthyPipelineSafeModeRule.java:process(137)) - SCM in safe mode. Healthy pipelines reported count is 0, required healthy pipeline reported count is 1
2023-06-17 14:27:43,741 [3350fcee-efa5-466a-bd09-11f11345576c-groupManagement] INFO  server.RaftServerConfigKeys (ConfUtils.java:logGet(46)) - raft.server.log.segment.size.max = 1048576 (custom)
2023-06-17 14:27:43,742 [3350fcee-efa5-466a-bd09-11f11345576c-groupManagement] INFO  server.RaftServerConfigKeys (ConfUtils.java:logGet(46)) - raft.server.log.segment.cache.num.max = 2 (custom)
2023-06-17 14:27:43,742 [3350fcee-efa5-466a-bd09-11f11345576c-groupManagement] INFO  server.RaftServerConfigKeys (ConfUtils.java:logGet(46)) - raft.server.log.segment.cache.size.max = 200MB (=209715200) (default)
2023-06-17 14:27:43,742 [3350fcee-efa5-466a-bd09-11f11345576c-groupManagement] INFO  server.RaftServerConfigKeys (ConfUtils.java:logGet(46)) - raft.server.log.appender.buffer.byte-limit = 33554432 (custom)
2023-06-17 14:27:43,742 [3350fcee-efa5-466a-bd09-11f11345576c-groupManagement] INFO  segmented.SegmentedRaftLogWorker (SegmentedRaftLogWorker.java:<init>(188)) - new 3350fcee-efa5-466a-bd09-11f11345576c@group-AACFBA3D99E5-SegmentedRaftLogWorker for RaftStorageImpl:Storage Directory /home/runner/work/ozone/ozone/hadoop-ozone/integration-test/target/test-dir/MiniOzoneClusterImpl-a6c569a4-67a5-46a9-84bc-d3902a35496e/datanode-0/data/ratis/9c2b6952-5138-498d-9e29-aacfba3d99e5
2023-06-17 14:27:43,742 [3350fcee-efa5-466a-bd09-11f11345576c-groupManagement] INFO  server.RaftServerConfigKeys (ConfUtils.java:logGet(46)) - raft.server.log.queue.byte-limit = 4294967296 (custom)
2023-06-17 14:27:43,742 [3350fcee-efa5-466a-bd09-11f11345576c-groupManagement] INFO  server.RaftServerConfigKeys (ConfUtils.java:logGet(46)) - raft.server.log.queue.element-limit = 1024 (custom)
2023-06-17 14:27:43,742 [3350fcee-efa5-466a-bd09-11f11345576c-groupManagement] INFO  server.RaftServerConfigKeys (ConfUtils.java:logGet(46)) - raft.server.log.segment.size.max = 1048576 (custom)
2023-06-17 14:27:43,742 [3350fcee-efa5-466a-bd09-11f11345576c-groupManagement] INFO  server.RaftServerConfigKeys (ConfUtils.java:logGet(46)) - raft.server.log.preallocated.size = 16384 (custom)
2023-06-17 14:27:43,742 [3350fcee-efa5-466a-bd09-11f11345576c-groupManagement] INFO  server.RaftServerConfigKeys (ConfUtils.java:logGet(46)) - raft.server.log.force.sync.num = 128 (default)
2023-06-17 14:27:43,742 [3350fcee-efa5-466a-bd09-11f11345576c-groupManagement] INFO  server.RaftServerConfigKeys (ConfUtils.java:logGet(46)) - raft.server.log.statemachine.data.sync = true (default)
2023-06-17 14:27:43,742 [3350fcee-efa5-466a-bd09-11f11345576c-groupManagement] INFO  server.RaftServerConfigKeys (ConfUtils.java:logGet(46)) - raft.server.log.statemachine.data.sync.timeout = 10s (default)
2023-06-17 14:27:43,742 [3350fcee-efa5-466a-bd09-11f11345576c-groupManagement] INFO  server.RaftServerConfigKeys (ConfUtils.java:logGet(46)) - raft.server.log.statemachine.data.sync.timeout.retry = -1 (default)
2023-06-17 14:27:43,743 [3350fcee-efa5-466a-bd09-11f11345576c-groupManagement] INFO  server.RaftServerConfigKeys (ConfUtils.java:logGet(46)) - raft.server.log.write.buffer.size = 1048576 (custom)
2023-06-17 14:27:43,743 [3350fcee-efa5-466a-bd09-11f11345576c-groupManagement] INFO  server.RaftServerConfigKeys (ConfUtils.java:logGet(46)) - raft.server.log.appender.buffer.byte-limit = 33554432 (custom)
2023-06-17 14:27:43,752 [3350fcee-efa5-466a-bd09-11f11345576c-groupManagement] INFO  server.RaftServerConfigKeys (ConfUtils.java:logGet(46)) - raft.server.log.unsafe-flush.enabled = false (default)
2023-06-17 14:27:43,752 [3350fcee-efa5-466a-bd09-11f11345576c-groupManagement] INFO  server.RaftServerConfigKeys (ConfUtils.java:logGet(46)) - raft.server.log.async-flush.enabled = false (default)
2023-06-17 14:27:43,752 [3350fcee-efa5-466a-bd09-11f11345576c-groupManagement] INFO  server.RaftServerConfigKeys (ConfUtils.java:logGet(46)) - raft.server.log.statemachine.data.caching.enabled = true (custom)
2023-06-17 14:27:43,753 [3350fcee-efa5-466a-bd09-11f11345576c-groupManagement] INFO  segmented.SegmentedRaftLogWorker (SegmentedRaftLogWorker.java:lambda$new$0(135)) - 3350fcee-efa5-466a-bd09-11f11345576c@group-AACFBA3D99E5-SegmentedRaftLogWorker: flushIndex: setUnconditionally 0 -> -1
2023-06-17 14:27:43,753 [3350fcee-efa5-466a-bd09-11f11345576c-groupManagement] INFO  segmented.SegmentedRaftLogWorker (SegmentedRaftLogWorker.java:lambda$new$0(135)) - 3350fcee-efa5-466a-bd09-11f11345576c@group-AACFBA3D99E5-SegmentedRaftLogWorker: safeCacheEvictIndex: setUnconditionally 0 -> -1
2023-06-17 14:27:43,753 [3350fcee-efa5-466a-bd09-11f11345576c-groupManagement] INFO  server.RaftServer$Division (RaftServerImpl.java:start(342)) - 3350fcee-efa5-466a-bd09-11f11345576c@group-AACFBA3D99E5: start as a follower, conf=-1: peers:[ed11e02f-92ab-4020-a18d-0125a70774e0|rpc:10.1.0.30:15058|admin:10.1.0.30:15057|client:10.1.0.30:15056|dataStream:10.1.0.30:15059|priority:0|startupRole:FOLLOWER, 3350fcee-efa5-466a-bd09-11f11345576c|rpc:10.1.0.30:15049|admin:10.1.0.30:15048|client:10.1.0.30:15047|dataStream:10.1.0.30:15050|priority:0|startupRole:FOLLOWER, 11f1b3f3-e9f6-4126-b930-768e27d5f26c|rpc:10.1.0.30:15067|admin:10.1.0.30:15066|client:10.1.0.30:15065|dataStream:10.1.0.30:15068|priority:1|startupRole:FOLLOWER]|listeners:[], old=null
2023-06-17 14:27:43,753 [3350fcee-efa5-466a-bd09-11f11345576c-groupManagement] INFO  server.RaftServer$Division (RaftServerImpl.java:setRole(329)) - 3350fcee-efa5-466a-bd09-11f11345576c@group-AACFBA3D99E5: changes role from      null to FOLLOWER at term 0 for startAsFollower
2023-06-17 14:27:43,753 [3350fcee-efa5-466a-bd09-11f11345576c-groupManagement] INFO  impl.RoleInfo (RoleInfo.java:updateAndGet(139)) - 3350fcee-efa5-466a-bd09-11f11345576c: start 3350fcee-efa5-466a-bd09-11f11345576c@group-AACFBA3D99E5-FollowerState
2023-06-17 14:27:43,753 [3350fcee-efa5-466a-bd09-11f11345576c@group-AACFBA3D99E5-FollowerState] INFO  server.RaftServerConfigKeys (ConfUtils.java:logFallback(53)) - raft.server.rpc.first-election.timeout.min = 5s (fallback to raft.server.rpc.timeout.min)
2023-06-17 14:27:43,753 [3350fcee-efa5-466a-bd09-11f11345576c-groupManagement] INFO  util.JmxRegister (JmxRegister.java:tryRegister(44)) - Successfully registered JMX Bean with object name Ratis:service=RaftServer,group=group-AACFBA3D99E5,id=3350fcee-efa5-466a-bd09-11f11345576c
2023-06-17 14:27:43,754 [3350fcee-efa5-466a-bd09-11f11345576c@group-AACFBA3D99E5-FollowerState] INFO  server.RaftServerConfigKeys (ConfUtils.java:logFallback(53)) - raft.server.rpc.first-election.timeout.max = 5200ms (fallback to raft.server.rpc.timeout.max)
2023-06-17 14:27:43,754 [3350fcee-efa5-466a-bd09-11f11345576c-groupManagement] INFO  server.RaftServerConfigKeys (ConfUtils.java:logGet(46)) - raft.server.snapshot.auto.trigger.enabled = true (custom)
2023-06-17 14:27:43,754 [3350fcee-efa5-466a-bd09-11f11345576c-groupManagement] INFO  server.RaftServerConfigKeys (ConfUtils.java:logGet(46)) - raft.server.snapshot.auto.trigger.threshold = 10000 (custom)
2023-06-17 14:27:43,754 [3350fcee-efa5-466a-bd09-11f11345576c-groupManagement] INFO  server.RaftServerConfigKeys (ConfUtils.java:logGet(46)) - raft.server.snapshot.retention.file.num = 5 (custom)
2023-06-17 14:27:43,754 [3350fcee-efa5-466a-bd09-11f11345576c-groupManagement] INFO  server.RaftServerConfigKeys (ConfUtils.java:logGet(46)) - raft.server.log.purge.upto.snapshot.index = false (default)
2023-06-17 14:27:43,754 [PipelineCommandHandlerThread-0] INFO  ratis.XceiverServerRatis (XceiverServerRatis.java:addGroup(804)) - Created group PipelineID=9c2b6952-5138-498d-9e29-aacfba3d99e5
2023-06-17 14:27:43,769 [grpc-default-executor-0] INFO  server.RaftServer (RaftServerProxy.java:addNew(98)) - 11f1b3f3-e9f6-4126-b930-768e27d5f26c: addNew group-AACFBA3D99E5:[ed11e02f-92ab-4020-a18d-0125a70774e0|rpc:10.1.0.30:15058|admin:10.1.0.30:15057|client:10.1.0.30:15056|dataStream:10.1.0.30:15059|priority:0|startupRole:FOLLOWER, 3350fcee-efa5-466a-bd09-11f11345576c|rpc:10.1.0.30:15049|admin:10.1.0.30:15048|client:10.1.0.30:15047|dataStream:10.1.0.30:15050|priority:0|startupRole:FOLLOWER, 11f1b3f3-e9f6-4126-b930-768e27d5f26c|rpc:10.1.0.30:15067|admin:10.1.0.30:15066|client:10.1.0.30:15065|dataStream:10.1.0.30:15068|priority:1|startupRole:FOLLOWER] returns group-AACFBA3D99E5:java.util.concurrent.CompletableFuture@4a630686[Not completed]
2023-06-17 14:27:43,770 [11f1b3f3-e9f6-4126-b930-768e27d5f26c-groupManagement] INFO  server.RaftServer$Division (RaftServerImpl.java:<init>(198)) - 11f1b3f3-e9f6-4126-b930-768e27d5f26c: new RaftServerImpl for group-AACFBA3D99E5:[ed11e02f-92ab-4020-a18d-0125a70774e0|rpc:10.1.0.30:15058|admin:10.1.0.30:15057|client:10.1.0.30:15056|dataStream:10.1.0.30:15059|priority:0|startupRole:FOLLOWER, 3350fcee-efa5-466a-bd09-11f11345576c|rpc:10.1.0.30:15049|admin:10.1.0.30:15048|client:10.1.0.30:15047|dataStream:10.1.0.30:15050|priority:0|startupRole:FOLLOWER, 11f1b3f3-e9f6-4126-b930-768e27d5f26c|rpc:10.1.0.30:15067|admin:10.1.0.30:15066|client:10.1.0.30:15065|dataStream:10.1.0.30:15068|priority:1|startupRole:FOLLOWER] with ContainerStateMachine:uninitialized
2023-06-17 14:27:43,770 [11f1b3f3-e9f6-4126-b930-768e27d5f26c-groupManagement] INFO  server.RaftServerConfigKeys (ConfUtils.java:logGet(46)) - raft.server.rpc.timeout.min = 5s (custom)
2023-06-17 14:27:43,770 [11f1b3f3-e9f6-4126-b930-768e27d5f26c-groupManagement] INFO  server.RaftServerConfigKeys (ConfUtils.java:logGet(46)) - raft.server.rpc.timeout.max = 5200ms (custom)
2023-06-17 14:27:43,770 [11f1b3f3-e9f6-4126-b930-768e27d5f26c-groupManagement] INFO  server.RaftServerConfigKeys (ConfUtils.java:logGet(46)) - raft.server.rpc.sleep.time = 25ms (default)
2023-06-17 14:27:43,770 [11f1b3f3-e9f6-4126-b930-768e27d5f26c-groupManagement] INFO  server.RaftServerConfigKeys (ConfUtils.java:logGet(46)) - raft.server.rpc.slowness.timeout = 300s (custom)
2023-06-17 14:27:43,770 [11f1b3f3-e9f6-4126-b930-768e27d5f26c-groupManagement] INFO  server.RaftServerConfigKeys (ConfUtils.java:logGet(46)) - raft.server.leaderelection.leader.step-down.wait-time = 10s (default)
2023-06-17 14:27:43,770 [11f1b3f3-e9f6-4126-b930-768e27d5f26c-groupManagement] INFO  server.RaftServerConfigKeys (ConfUtils.java:logGet(46)) - raft.server.sleep.deviation.threshold = 300ms (default)
2023-06-17 14:27:43,770 [11f1b3f3-e9f6-4126-b930-768e27d5f26c-groupManagement] INFO  server.RaftServer$Division (ServerState.java:<init>(120)) - 11f1b3f3-e9f6-4126-b930-768e27d5f26c@group-AACFBA3D99E5: ConfigurationManager, init=-1: peers:[ed11e02f-92ab-4020-a18d-0125a70774e0|rpc:10.1.0.30:15058|admin:10.1.0.30:15057|client:10.1.0.30:15056|dataStream:10.1.0.30:15059|priority:0|startupRole:FOLLOWER, 3350fcee-efa5-466a-bd09-11f11345576c|rpc:10.1.0.30:15049|admin:10.1.0.30:15048|client:10.1.0.30:15047|dataStream:10.1.0.30:15050|priority:0|startupRole:FOLLOWER, 11f1b3f3-e9f6-4126-b930-768e27d5f26c|rpc:10.1.0.30:15067|admin:10.1.0.30:15066|client:10.1.0.30:15065|dataStream:10.1.0.30:15068|priority:1|startupRole:FOLLOWER]|listeners:[], old=null, confs=<EMPTY_MAP>
2023-06-17 14:27:43,770 [11f1b3f3-e9f6-4126-b930-768e27d5f26c-groupManagement] INFO  server.RaftServerConfigKeys (ConfUtils.java:logGet(46)) - raft.server.storage.dir = [/home/runner/work/ozone/ozone/hadoop-ozone/integration-test/target/test-dir/MiniOzoneClusterImpl-a6c569a4-67a5-46a9-84bc-d3902a35496e/datanode-2/data/ratis] (custom)
2023-06-17 14:27:43,771 [11f1b3f3-e9f6-4126-b930-768e27d5f26c-groupManagement] INFO  server.RaftServerConfigKeys (ConfUtils.java:logGet(46)) - raft.server.log.corruption.policy = EXCEPTION (default)
2023-06-17 14:27:43,771 [11f1b3f3-e9f6-4126-b930-768e27d5f26c-groupManagement] INFO  server.RaftServerConfigKeys (ConfUtils.java:logGet(46)) - raft.server.storage.free-space.min = 0MB (=0) (default)
2023-06-17 14:27:43,771 [11f1b3f3-e9f6-4126-b930-768e27d5f26c-groupManagement] INFO  server.RaftServerConfigKeys (ConfUtils.java:logGet(46)) - raft.server.notification.no-leader.timeout = 300s (custom)
2023-06-17 14:27:43,771 [11f1b3f3-e9f6-4126-b930-768e27d5f26c-groupManagement] INFO  server.RaftServerConfigKeys (ConfUtils.java:logGet(46)) - raft.server.read.timeout = 10s (default)
2023-06-17 14:27:43,771 [11f1b3f3-e9f6-4126-b930-768e27d5f26c-groupManagement] INFO  server.RaftServerConfigKeys (ConfUtils.java:logGet(46)) - raft.server.retrycache.expirytime = 600000ms (custom)
2023-06-17 14:27:43,771 [11f1b3f3-e9f6-4126-b930-768e27d5f26c-groupManagement] INFO  server.RaftServerConfigKeys (ConfUtils.java:logGet(46)) - raft.server.retrycache.statistics.expirytime = 100μs (default)
2023-06-17 14:27:43,771 [11f1b3f3-e9f6-4126-b930-768e27d5f26c-groupManagement] INFO  server.RaftServerConfigKeys (ConfUtils.java:logGet(46)) - raft.server.read.option = DEFAULT (default)
2023-06-17 14:27:43,772 [11f1b3f3-e9f6-4126-b930-768e27d5f26c-groupManagement] INFO  server.RaftServerConfigKeys (ConfUtils.java:logGet(46)) - raft.server.rpc.request.timeout = 60s (custom)
2023-06-17 14:27:43,772 [11f1b3f3-e9f6-4126-b930-768e27d5f26c-groupManagement] INFO  server.RaftServerConfigKeys (ConfUtils.java:logGet(46)) - raft.server.log.appender.install.snapshot.enabled = false (custom)
2023-06-17 14:27:43,772 [11f1b3f3-e9f6-4126-b930-768e27d5f26c-groupManagement] INFO  server.RaftServerConfigKeys (ConfUtils.java:logGet(46)) - raft.server.threadpool.server.cached = true (default)
2023-06-17 14:27:43,772 [11f1b3f3-e9f6-4126-b930-768e27d5f26c-groupManagement] INFO  server.RaftServerConfigKeys (ConfUtils.java:logGet(46)) - raft.server.threadpool.server.size = 0 (default)
2023-06-17 14:27:43,772 [11f1b3f3-e9f6-4126-b930-768e27d5f26c-groupManagement] INFO  server.RaftServerConfigKeys (ConfUtils.java:logGet(46)) - raft.server.threadpool.client.cached = true (default)
2023-06-17 14:27:43,772 [11f1b3f3-e9f6-4126-b930-768e27d5f26c-groupManagement] INFO  server.RaftServerConfigKeys (ConfUtils.java:logGet(46)) - raft.server.threadpool.client.size = 0 (default)
2023-06-17 14:27:43,772 [11f1b3f3-e9f6-4126-b930-768e27d5f26c-groupManagement] INFO  storage.RaftStorageDirectory (RaftStorageDirectoryImpl.java:analyzeStorage(137)) - The storage directory /home/runner/work/ozone/ozone/hadoop-ozone/integration-test/target/test-dir/MiniOzoneClusterImpl-a6c569a4-67a5-46a9-84bc-d3902a35496e/datanode-2/data/ratis/9c2b6952-5138-498d-9e29-aacfba3d99e5 does not exist. Creating ...
2023-06-17 14:27:43,775 [11f1b3f3-e9f6-4126-b930-768e27d5f26c-groupManagement] INFO  storage.RaftStorageDirectory (RaftStorageDirectoryImpl.java:tryLock(231)) - Lock on /home/runner/work/ozone/ozone/hadoop-ozone/integration-test/target/test-dir/MiniOzoneClusterImpl-a6c569a4-67a5-46a9-84bc-d3902a35496e/datanode-2/data/ratis/9c2b6952-5138-498d-9e29-aacfba3d99e5/in_use.lock acquired by nodename 109811@fv-az1035-386
2023-06-17 14:27:43,776 [11f1b3f3-e9f6-4126-b930-768e27d5f26c-groupManagement] INFO  storage.RaftStorage (RaftStorageImpl.java:format(96)) - Storage directory /home/runner/work/ozone/ozone/hadoop-ozone/integration-test/target/test-dir/MiniOzoneClusterImpl-a6c569a4-67a5-46a9-84bc-d3902a35496e/datanode-2/data/ratis/9c2b6952-5138-498d-9e29-aacfba3d99e5 has been successfully formatted.
2023-06-17 14:27:43,777 [11f1b3f3-e9f6-4126-b930-768e27d5f26c-groupManagement] INFO  ratis.ContainerStateMachine (ContainerStateMachine.java:loadSnapshot(262)) - group-AACFBA3D99E5: The snapshot info is null. Setting the last applied indexto:(t:0, i:~)
2023-06-17 14:27:43,777 [11f1b3f3-e9f6-4126-b930-768e27d5f26c-groupManagement] INFO  server.RaftServerConfigKeys (ConfUtils.java:logGet(46)) - raft.server.log.use.memory = false (default)
2023-06-17 14:27:43,777 [11f1b3f3-e9f6-4126-b930-768e27d5f26c-groupManagement] INFO  server.RaftServerConfigKeys (ConfUtils.java:logGet(46)) - raft.server.log.purge.gap = 1000000 (custom)
2023-06-17 14:27:43,778 [11f1b3f3-e9f6-4126-b930-768e27d5f26c-groupManagement] INFO  server.RaftServerConfigKeys (ConfUtils.java:logGet(46)) - raft.server.log.appender.buffer.byte-limit = 33554432 (custom)
2023-06-17 14:27:43,778 [11f1b3f3-e9f6-4126-b930-768e27d5f26c-groupManagement] INFO  server.RaftServerConfigKeys (ConfUtils.java:logGet(46)) - raft.server.log.statemachine.data.read.timeout = 1000ms (default)
2023-06-17 14:27:43,778 [11f1b3f3-e9f6-4126-b930-768e27d5f26c-groupManagement] INFO  server.RaftServerConfigKeys (ConfUtils.java:logGet(46)) - raft.server.log.purge.preservation.log.num = 0 (default)
2023-06-17 14:27:43,778 [11f1b3f3-e9f6-4126-b930-768e27d5f26c-groupManagement] INFO  server.RaftServerConfigKeys (ConfUtils.java:logGet(46)) - raft.server.log.segment.size.max = 1048576 (custom)
2023-06-17 14:27:43,779 [11f1b3f3-e9f6-4126-b930-768e27d5f26c-groupManagement] INFO  server.RaftServerConfigKeys (ConfUtils.java:logGet(46)) - raft.server.log.segment.cache.num.max = 2 (custom)
2023-06-17 14:27:43,779 [11f1b3f3-e9f6-4126-b930-768e27d5f26c-groupManagement] INFO  server.RaftServerConfigKeys (ConfUtils.java:logGet(46)) - raft.server.log.segment.cache.size.max = 200MB (=209715200) (default)
2023-06-17 14:27:43,779 [11f1b3f3-e9f6-4126-b930-768e27d5f26c-groupManagement] INFO  server.RaftServerConfigKeys (ConfUtils.java:logGet(46)) - raft.server.log.appender.buffer.byte-limit = 33554432 (custom)
2023-06-17 14:27:43,779 [11f1b3f3-e9f6-4126-b930-768e27d5f26c-groupManagement] INFO  segmented.SegmentedRaftLogWorker (SegmentedRaftLogWorker.java:<init>(188)) - new 11f1b3f3-e9f6-4126-b930-768e27d5f26c@group-AACFBA3D99E5-SegmentedRaftLogWorker for RaftStorageImpl:Storage Directory /home/runner/work/ozone/ozone/hadoop-ozone/integration-test/target/test-dir/MiniOzoneClusterImpl-a6c569a4-67a5-46a9-84bc-d3902a35496e/datanode-2/data/ratis/9c2b6952-5138-498d-9e29-aacfba3d99e5
2023-06-17 14:27:43,779 [11f1b3f3-e9f6-4126-b930-768e27d5f26c-groupManagement] INFO  server.RaftServerConfigKeys (ConfUtils.java:logGet(46)) - raft.server.log.queue.byte-limit = 4294967296 (custom)
2023-06-17 14:27:43,779 [11f1b3f3-e9f6-4126-b930-768e27d5f26c-groupManagement] INFO  server.RaftServerConfigKeys (ConfUtils.java:logGet(46)) - raft.server.log.queue.element-limit = 1024 (custom)
2023-06-17 14:27:43,779 [11f1b3f3-e9f6-4126-b930-768e27d5f26c-groupManagement] INFO  server.RaftServerConfigKeys (ConfUtils.java:logGet(46)) - raft.server.log.segment.size.max = 1048576 (custom)
2023-06-17 14:27:43,779 [11f1b3f3-e9f6-4126-b930-768e27d5f26c-groupManagement] INFO  server.RaftServerConfigKeys (ConfUtils.java:logGet(46)) - raft.server.log.preallocated.size = 16384 (custom)
2023-06-17 14:27:43,779 [11f1b3f3-e9f6-4126-b930-768e27d5f26c-groupManagement] INFO  server.RaftServerConfigKeys (ConfUtils.java:logGet(46)) - raft.server.log.force.sync.num = 128 (default)
2023-06-17 14:27:43,779 [11f1b3f3-e9f6-4126-b930-768e27d5f26c-groupManagement] INFO  server.RaftServerConfigKeys (ConfUtils.java:logGet(46)) - raft.server.log.statemachine.data.sync = true (default)
2023-06-17 14:27:43,779 [11f1b3f3-e9f6-4126-b930-768e27d5f26c-groupManagement] INFO  server.RaftServerConfigKeys (ConfUtils.java:logGet(46)) - raft.server.log.statemachine.data.sync.timeout = 10s (default)
2023-06-17 14:27:43,779 [11f1b3f3-e9f6-4126-b930-768e27d5f26c-groupManagement] INFO  server.RaftServerConfigKeys (ConfUtils.java:logGet(46)) - raft.server.log.statemachine.data.sync.timeout.retry = -1 (default)
2023-06-17 14:27:43,780 [11f1b3f3-e9f6-4126-b930-768e27d5f26c-groupManagement] INFO  server.RaftServerConfigKeys (ConfUtils.java:logGet(46)) - raft.server.log.write.buffer.size = 1048576 (custom)
2023-06-17 14:27:43,780 [11f1b3f3-e9f6-4126-b930-768e27d5f26c-groupManagement] INFO  server.RaftServerConfigKeys (ConfUtils.java:logGet(46)) - raft.server.log.appender.buffer.byte-limit = 33554432 (custom)
2023-06-17 14:27:43,789 [11f1b3f3-e9f6-4126-b930-768e27d5f26c-groupManagement] INFO  server.RaftServerConfigKeys (ConfUtils.java:logGet(46)) - raft.server.log.unsafe-flush.enabled = false (default)
2023-06-17 14:27:43,789 [11f1b3f3-e9f6-4126-b930-768e27d5f26c-groupManagement] INFO  server.RaftServerConfigKeys (ConfUtils.java:logGet(46)) - raft.server.log.async-flush.enabled = false (default)
2023-06-17 14:27:43,789 [11f1b3f3-e9f6-4126-b930-768e27d5f26c-groupManagement] INFO  server.RaftServerConfigKeys (ConfUtils.java:logGet(46)) - raft.server.log.statemachine.data.caching.enabled = true (custom)
2023-06-17 14:27:43,789 [11f1b3f3-e9f6-4126-b930-768e27d5f26c-groupManagement] INFO  segmented.SegmentedRaftLogWorker (SegmentedRaftLogWorker.java:lambda$new$0(135)) - 11f1b3f3-e9f6-4126-b930-768e27d5f26c@group-AACFBA3D99E5-SegmentedRaftLogWorker: flushIndex: setUnconditionally 0 -> -1
2023-06-17 14:27:43,790 [11f1b3f3-e9f6-4126-b930-768e27d5f26c-groupManagement] INFO  segmented.SegmentedRaftLogWorker (SegmentedRaftLogWorker.java:lambda$new$0(135)) - 11f1b3f3-e9f6-4126-b930-768e27d5f26c@group-AACFBA3D99E5-SegmentedRaftLogWorker: safeCacheEvictIndex: setUnconditionally 0 -> -1
2023-06-17 14:27:43,790 [11f1b3f3-e9f6-4126-b930-768e27d5f26c-groupManagement] INFO  server.RaftServer$Division (RaftServerImpl.java:start(342)) - 11f1b3f3-e9f6-4126-b930-768e27d5f26c@group-AACFBA3D99E5: start as a follower, conf=-1: peers:[ed11e02f-92ab-4020-a18d-0125a70774e0|rpc:10.1.0.30:15058|admin:10.1.0.30:15057|client:10.1.0.30:15056|dataStream:10.1.0.30:15059|priority:0|startupRole:FOLLOWER, 3350fcee-efa5-466a-bd09-11f11345576c|rpc:10.1.0.30:15049|admin:10.1.0.30:15048|client:10.1.0.30:15047|dataStream:10.1.0.30:15050|priority:0|startupRole:FOLLOWER, 11f1b3f3-e9f6-4126-b930-768e27d5f26c|rpc:10.1.0.30:15067|admin:10.1.0.30:15066|client:10.1.0.30:15065|dataStream:10.1.0.30:15068|priority:1|startupRole:FOLLOWER]|listeners:[], old=null
2023-06-17 14:27:43,790 [11f1b3f3-e9f6-4126-b930-768e27d5f26c-groupManagement] INFO  server.RaftServer$Division (RaftServerImpl.java:setRole(329)) - 11f1b3f3-e9f6-4126-b930-768e27d5f26c@group-AACFBA3D99E5: changes role from      null to FOLLOWER at term 0 for startAsFollower
2023-06-17 14:27:43,790 [11f1b3f3-e9f6-4126-b930-768e27d5f26c-groupManagement] INFO  impl.RoleInfo (RoleInfo.java:updateAndGet(139)) - 11f1b3f3-e9f6-4126-b930-768e27d5f26c: start 11f1b3f3-e9f6-4126-b930-768e27d5f26c@group-AACFBA3D99E5-FollowerState
2023-06-17 14:27:43,792 [11f1b3f3-e9f6-4126-b930-768e27d5f26c-groupManagement] INFO  util.JmxRegister (JmxRegister.java:tryRegister(44)) - Successfully registered JMX Bean with object name Ratis:service=RaftServer,group=group-AACFBA3D99E5,id=11f1b3f3-e9f6-4126-b930-768e27d5f26c
2023-06-17 14:27:43,792 [11f1b3f3-e9f6-4126-b930-768e27d5f26c-groupManagement] INFO  server.RaftServerConfigKeys (ConfUtils.java:logGet(46)) - raft.server.snapshot.auto.trigger.enabled = true (custom)
2023-06-17 14:27:43,792 [11f1b3f3-e9f6-4126-b930-768e27d5f26c-groupManagement] INFO  server.RaftServerConfigKeys (ConfUtils.java:logGet(46)) - raft.server.snapshot.auto.trigger.threshold = 10000 (custom)
2023-06-17 14:27:43,792 [11f1b3f3-e9f6-4126-b930-768e27d5f26c-groupManagement] INFO  server.RaftServerConfigKeys (ConfUtils.java:logGet(46)) - raft.server.snapshot.retention.file.num = 5 (custom)
2023-06-17 14:27:43,792 [11f1b3f3-e9f6-4126-b930-768e27d5f26c-groupManagement] INFO  server.RaftServerConfigKeys (ConfUtils.java:logGet(46)) - raft.server.log.purge.upto.snapshot.index = false (default)
2023-06-17 14:27:43,793 [11f1b3f3-e9f6-4126-b930-768e27d5f26c@group-AACFBA3D99E5-FollowerState] INFO  server.RaftServerConfigKeys (ConfUtils.java:logFallback(53)) - raft.server.rpc.first-election.timeout.min = 5s (fallback to raft.server.rpc.timeout.min)
2023-06-17 14:27:43,793 [11f1b3f3-e9f6-4126-b930-768e27d5f26c@group-AACFBA3D99E5-FollowerState] INFO  server.RaftServerConfigKeys (ConfUtils.java:logFallback(53)) - raft.server.rpc.first-election.timeout.max = 5200ms (fallback to raft.server.rpc.timeout.max)
2023-06-17 14:27:43,817 [grpc-default-executor-0] INFO  server.RaftServer (RaftServerProxy.java:addNew(98)) - ed11e02f-92ab-4020-a18d-0125a70774e0: addNew group-AACFBA3D99E5:[ed11e02f-92ab-4020-a18d-0125a70774e0|rpc:10.1.0.30:15058|admin:10.1.0.30:15057|client:10.1.0.30:15056|dataStream:10.1.0.30:15059|priority:0|startupRole:FOLLOWER, 3350fcee-efa5-466a-bd09-11f11345576c|rpc:10.1.0.30:15049|admin:10.1.0.30:15048|client:10.1.0.30:15047|dataStream:10.1.0.30:15050|priority:0|startupRole:FOLLOWER, 11f1b3f3-e9f6-4126-b930-768e27d5f26c|rpc:10.1.0.30:15067|admin:10.1.0.30:15066|client:10.1.0.30:15065|dataStream:10.1.0.30:15068|priority:1|startupRole:FOLLOWER] returns group-AACFBA3D99E5:java.util.concurrent.CompletableFuture@5a3c5c00[Not completed]
2023-06-17 14:27:43,818 [ed11e02f-92ab-4020-a18d-0125a70774e0-groupManagement] INFO  server.RaftServer$Division (RaftServerImpl.java:<init>(198)) - ed11e02f-92ab-4020-a18d-0125a70774e0: new RaftServerImpl for group-AACFBA3D99E5:[ed11e02f-92ab-4020-a18d-0125a70774e0|rpc:10.1.0.30:15058|admin:10.1.0.30:15057|client:10.1.0.30:15056|dataStream:10.1.0.30:15059|priority:0|startupRole:FOLLOWER, 3350fcee-efa5-466a-bd09-11f11345576c|rpc:10.1.0.30:15049|admin:10.1.0.30:15048|client:10.1.0.30:15047|dataStream:10.1.0.30:15050|priority:0|startupRole:FOLLOWER, 11f1b3f3-e9f6-4126-b930-768e27d5f26c|rpc:10.1.0.30:15067|admin:10.1.0.30:15066|client:10.1.0.30:15065|dataStream:10.1.0.30:15068|priority:1|startupRole:FOLLOWER] with ContainerStateMachine:uninitialized
2023-06-17 14:27:43,818 [ed11e02f-92ab-4020-a18d-0125a70774e0-groupManagement] INFO  server.RaftServerConfigKeys (ConfUtils.java:logGet(46)) - raft.server.rpc.timeout.min = 5s (custom)
2023-06-17 14:27:43,818 [ed11e02f-92ab-4020-a18d-0125a70774e0-groupManagement] INFO  server.RaftServerConfigKeys (ConfUtils.java:logGet(46)) - raft.server.rpc.timeout.max = 5200ms (custom)
2023-06-17 14:27:43,818 [ed11e02f-92ab-4020-a18d-0125a70774e0-groupManagement] INFO  server.RaftServerConfigKeys (ConfUtils.java:logGet(46)) - raft.server.rpc.sleep.time = 25ms (default)
2023-06-17 14:27:43,818 [ed11e02f-92ab-4020-a18d-0125a70774e0-groupManagement] INFO  server.RaftServerConfigKeys (ConfUtils.java:logGet(46)) - raft.server.rpc.slowness.timeout = 300s (custom)
2023-06-17 14:27:43,818 [ed11e02f-92ab-4020-a18d-0125a70774e0-groupManagement] INFO  server.RaftServerConfigKeys (ConfUtils.java:logGet(46)) - raft.server.leaderelection.leader.step-down.wait-time = 10s (default)
2023-06-17 14:27:43,818 [ed11e02f-92ab-4020-a18d-0125a70774e0-groupManagement] INFO  server.RaftServerConfigKeys (ConfUtils.java:logGet(46)) - raft.server.sleep.deviation.threshold = 300ms (default)
2023-06-17 14:27:43,818 [ed11e02f-92ab-4020-a18d-0125a70774e0-groupManagement] INFO  server.RaftServer$Division (ServerState.java:<init>(120)) - ed11e02f-92ab-4020-a18d-0125a70774e0@group-AACFBA3D99E5: ConfigurationManager, init=-1: peers:[ed11e02f-92ab-4020-a18d-0125a70774e0|rpc:10.1.0.30:15058|admin:10.1.0.30:15057|client:10.1.0.30:15056|dataStream:10.1.0.30:15059|priority:0|startupRole:FOLLOWER, 3350fcee-efa5-466a-bd09-11f11345576c|rpc:10.1.0.30:15049|admin:10.1.0.30:15048|client:10.1.0.30:15047|dataStream:10.1.0.30:15050|priority:0|startupRole:FOLLOWER, 11f1b3f3-e9f6-4126-b930-768e27d5f26c|rpc:10.1.0.30:15067|admin:10.1.0.30:15066|client:10.1.0.30:15065|dataStream:10.1.0.30:15068|priority:1|startupRole:FOLLOWER]|listeners:[], old=null, confs=<EMPTY_MAP>
2023-06-17 14:27:43,818 [ed11e02f-92ab-4020-a18d-0125a70774e0-groupManagement] INFO  server.RaftServerConfigKeys (ConfUtils.java:logGet(46)) - raft.server.storage.dir = [/home/runner/work/ozone/ozone/hadoop-ozone/integration-test/target/test-dir/MiniOzoneClusterImpl-a6c569a4-67a5-46a9-84bc-d3902a35496e/datanode-1/data/ratis] (custom)
2023-06-17 14:27:43,819 [ed11e02f-92ab-4020-a18d-0125a70774e0-groupManagement] INFO  server.RaftServerConfigKeys (ConfUtils.java:logGet(46)) - raft.server.log.corruption.policy = EXCEPTION (default)
2023-06-17 14:27:43,819 [ed11e02f-92ab-4020-a18d-0125a70774e0-groupManagement] INFO  server.RaftServerConfigKeys (ConfUtils.java:logGet(46)) - raft.server.storage.free-space.min = 0MB (=0) (default)
2023-06-17 14:27:43,819 [ed11e02f-92ab-4020-a18d-0125a70774e0-groupManagement] INFO  server.RaftServerConfigKeys (ConfUtils.java:logGet(46)) - raft.server.notification.no-leader.timeout = 300s (custom)
2023-06-17 14:27:43,819 [ed11e02f-92ab-4020-a18d-0125a70774e0-groupManagement] INFO  server.RaftServerConfigKeys (ConfUtils.java:logGet(46)) - raft.server.read.timeout = 10s (default)
2023-06-17 14:27:43,819 [ed11e02f-92ab-4020-a18d-0125a70774e0-groupManagement] INFO  server.RaftServerConfigKeys (ConfUtils.java:logGet(46)) - raft.server.retrycache.expirytime = 600000ms (custom)
2023-06-17 14:27:43,819 [ed11e02f-92ab-4020-a18d-0125a70774e0-groupManagement] INFO  server.RaftServerConfigKeys (ConfUtils.java:logGet(46)) - raft.server.retrycache.statistics.expirytime = 100μs (default)
2023-06-17 14:27:43,819 [ed11e02f-92ab-4020-a18d-0125a70774e0-groupManagement] INFO  server.RaftServerConfigKeys (ConfUtils.java:logGet(46)) - raft.server.read.option = DEFAULT (default)
2023-06-17 14:27:43,820 [ed11e02f-92ab-4020-a18d-0125a70774e0-groupManagement] INFO  server.RaftServerConfigKeys (ConfUtils.java:logGet(46)) - raft.server.rpc.request.timeout = 60s (custom)
2023-06-17 14:27:43,820 [ed11e02f-92ab-4020-a18d-0125a70774e0-groupManagement] INFO  server.RaftServerConfigKeys (ConfUtils.java:logGet(46)) - raft.server.log.appender.install.snapshot.enabled = false (custom)
2023-06-17 14:27:43,821 [ed11e02f-92ab-4020-a18d-0125a70774e0-groupManagement] INFO  server.RaftServerConfigKeys (ConfUtils.java:logGet(46)) - raft.server.threadpool.server.cached = true (default)
2023-06-17 14:27:43,821 [ed11e02f-92ab-4020-a18d-0125a70774e0-groupManagement] INFO  server.RaftServerConfigKeys (ConfUtils.java:logGet(46)) - raft.server.threadpool.server.size = 0 (default)
2023-06-17 14:27:43,821 [ed11e02f-92ab-4020-a18d-0125a70774e0-groupManagement] INFO  server.RaftServerConfigKeys (ConfUtils.java:logGet(46)) - raft.server.threadpool.client.cached = true (default)
2023-06-17 14:27:43,821 [ed11e02f-92ab-4020-a18d-0125a70774e0-groupManagement] INFO  server.RaftServerConfigKeys (ConfUtils.java:logGet(46)) - raft.server.threadpool.client.size = 0 (default)
2023-06-17 14:27:43,821 [ed11e02f-92ab-4020-a18d-0125a70774e0-groupManagement] INFO  storage.RaftStorageDirectory (RaftStorageDirectoryImpl.java:analyzeStorage(137)) - The storage directory /home/runner/work/ozone/ozone/hadoop-ozone/integration-test/target/test-dir/MiniOzoneClusterImpl-a6c569a4-67a5-46a9-84bc-d3902a35496e/datanode-1/data/ratis/9c2b6952-5138-498d-9e29-aacfba3d99e5 does not exist. Creating ...
2023-06-17 14:27:43,823 [ed11e02f-92ab-4020-a18d-0125a70774e0-groupManagement] INFO  storage.RaftStorageDirectory (RaftStorageDirectoryImpl.java:tryLock(231)) - Lock on /home/runner/work/ozone/ozone/hadoop-ozone/integration-test/target/test-dir/MiniOzoneClusterImpl-a6c569a4-67a5-46a9-84bc-d3902a35496e/datanode-1/data/ratis/9c2b6952-5138-498d-9e29-aacfba3d99e5/in_use.lock acquired by nodename 109811@fv-az1035-386
2023-06-17 14:27:43,825 [ed11e02f-92ab-4020-a18d-0125a70774e0-groupManagement] INFO  storage.RaftStorage (RaftStorageImpl.java:format(96)) - Storage directory /home/runner/work/ozone/ozone/hadoop-ozone/integration-test/target/test-dir/MiniOzoneClusterImpl-a6c569a4-67a5-46a9-84bc-d3902a35496e/datanode-1/data/ratis/9c2b6952-5138-498d-9e29-aacfba3d99e5 has been successfully formatted.
2023-06-17 14:27:43,827 [ed11e02f-92ab-4020-a18d-0125a70774e0-groupManagement] INFO  ratis.ContainerStateMachine (ContainerStateMachine.java:loadSnapshot(262)) - group-AACFBA3D99E5: The snapshot info is null. Setting the last applied indexto:(t:0, i:~)
2023-06-17 14:27:43,827 [ed11e02f-92ab-4020-a18d-0125a70774e0-groupManagement] INFO  server.RaftServerConfigKeys (ConfUtils.java:logGet(46)) - raft.server.log.use.memory = false (default)
2023-06-17 14:27:43,827 [ed11e02f-92ab-4020-a18d-0125a70774e0-groupManagement] INFO  server.RaftServerConfigKeys (ConfUtils.java:logGet(46)) - raft.server.log.purge.gap = 1000000 (custom)
2023-06-17 14:27:43,827 [ed11e02f-92ab-4020-a18d-0125a70774e0-groupManagement] INFO  server.RaftServerConfigKeys (ConfUtils.java:logGet(46)) - raft.server.log.appender.buffer.byte-limit = 33554432 (custom)
2023-06-17 14:27:43,827 [ed11e02f-92ab-4020-a18d-0125a70774e0-groupManagement] INFO  server.RaftServerConfigKeys (ConfUtils.java:logGet(46)) - raft.server.log.statemachine.data.read.timeout = 1000ms (default)
2023-06-17 14:27:43,827 [ed11e02f-92ab-4020-a18d-0125a70774e0-groupManagement] INFO  server.RaftServerConfigKeys (ConfUtils.java:logGet(46)) - raft.server.log.purge.preservation.log.num = 0 (default)
2023-06-17 14:27:43,827 [ed11e02f-92ab-4020-a18d-0125a70774e0-groupManagement] INFO  server.RaftServerConfigKeys (ConfUtils.java:logGet(46)) - raft.server.log.segment.size.max = 1048576 (custom)
2023-06-17 14:27:43,828 [ed11e02f-92ab-4020-a18d-0125a70774e0-groupManagement] INFO  server.RaftServerConfigKeys (ConfUtils.java:logGet(46)) - raft.server.log.segment.cache.num.max = 2 (custom)
2023-06-17 14:27:43,828 [ed11e02f-92ab-4020-a18d-0125a70774e0-groupManagement] INFO  server.RaftServerConfigKeys (ConfUtils.java:logGet(46)) - raft.server.log.segment.cache.size.max = 200MB (=209715200) (default)
2023-06-17 14:27:43,828 [ed11e02f-92ab-4020-a18d-0125a70774e0-groupManagement] INFO  server.RaftServerConfigKeys (ConfUtils.java:logGet(46)) - raft.server.log.appender.buffer.byte-limit = 33554432 (custom)
2023-06-17 14:27:43,828 [ed11e02f-92ab-4020-a18d-0125a70774e0-groupManagement] INFO  segmented.SegmentedRaftLogWorker (SegmentedRaftLogWorker.java:<init>(188)) - new ed11e02f-92ab-4020-a18d-0125a70774e0@group-AACFBA3D99E5-SegmentedRaftLogWorker for RaftStorageImpl:Storage Directory /home/runner/work/ozone/ozone/hadoop-ozone/integration-test/target/test-dir/MiniOzoneClusterImpl-a6c569a4-67a5-46a9-84bc-d3902a35496e/datanode-1/data/ratis/9c2b6952-5138-498d-9e29-aacfba3d99e5
2023-06-17 14:27:43,828 [ed11e02f-92ab-4020-a18d-0125a70774e0-groupManagement] INFO  server.RaftServerConfigKeys (ConfUtils.java:logGet(46)) - raft.server.log.queue.byte-limit = 4294967296 (custom)
2023-06-17 14:27:43,828 [ed11e02f-92ab-4020-a18d-0125a70774e0-groupManagement] INFO  server.RaftServerConfigKeys (ConfUtils.java:logGet(46)) - raft.server.log.queue.element-limit = 1024 (custom)
2023-06-17 14:27:43,828 [ed11e02f-92ab-4020-a18d-0125a70774e0-groupManagement] INFO  server.RaftServerConfigKeys (ConfUtils.java:logGet(46)) - raft.server.log.segment.size.max = 1048576 (custom)
2023-06-17 14:27:43,828 [ed11e02f-92ab-4020-a18d-0125a70774e0-groupManagement] INFO  server.RaftServerConfigKeys (ConfUtils.java:logGet(46)) - raft.server.log.preallocated.size = 16384 (custom)
2023-06-17 14:27:43,828 [ed11e02f-92ab-4020-a18d-0125a70774e0-groupManagement] INFO  server.RaftServerConfigKeys (ConfUtils.java:logGet(46)) - raft.server.log.force.sync.num = 128 (default)
2023-06-17 14:27:43,828 [ed11e02f-92ab-4020-a18d-0125a70774e0-groupManagement] INFO  server.RaftServerConfigKeys (ConfUtils.java:logGet(46)) - raft.server.log.statemachine.data.sync = true (default)
2023-06-17 14:27:43,828 [ed11e02f-92ab-4020-a18d-0125a70774e0-groupManagement] INFO  server.RaftServerConfigKeys (ConfUtils.java:logGet(46)) - raft.server.log.statemachine.data.sync.timeout = 10s (default)
2023-06-17 14:27:43,828 [ed11e02f-92ab-4020-a18d-0125a70774e0-groupManagement] INFO  server.RaftServerConfigKeys (ConfUtils.java:logGet(46)) - raft.server.log.statemachine.data.sync.timeout.retry = -1 (default)
2023-06-17 14:27:43,829 [ed11e02f-92ab-4020-a18d-0125a70774e0-groupManagement] INFO  server.RaftServerConfigKeys (ConfUtils.java:logGet(46)) - raft.server.log.write.buffer.size = 1048576 (custom)
2023-06-17 14:27:43,829 [ed11e02f-92ab-4020-a18d-0125a70774e0-groupManagement] INFO  server.RaftServerConfigKeys (ConfUtils.java:logGet(46)) - raft.server.log.appender.buffer.byte-limit = 33554432 (custom)
2023-06-17 14:27:43,847 [ed11e02f-92ab-4020-a18d-0125a70774e0-groupManagement] INFO  server.RaftServerConfigKeys (ConfUtils.java:logGet(46)) - raft.server.log.unsafe-flush.enabled = false (default)
2023-06-17 14:27:43,847 [ed11e02f-92ab-4020-a18d-0125a70774e0-groupManagement] INFO  server.RaftServerConfigKeys (ConfUtils.java:logGet(46)) - raft.server.log.async-flush.enabled = false (default)
2023-06-17 14:27:43,847 [ed11e02f-92ab-4020-a18d-0125a70774e0-groupManagement] INFO  server.RaftServerConfigKeys (ConfUtils.java:logGet(46)) - raft.server.log.statemachine.data.caching.enabled = true (custom)
2023-06-17 14:27:43,847 [ed11e02f-92ab-4020-a18d-0125a70774e0-groupManagement] INFO  segmented.SegmentedRaftLogWorker (SegmentedRaftLogWorker.java:lambda$new$0(135)) - ed11e02f-92ab-4020-a18d-0125a70774e0@group-AACFBA3D99E5-SegmentedRaftLogWorker: flushIndex: setUnconditionally 0 -> -1
2023-06-17 14:27:43,847 [ed11e02f-92ab-4020-a18d-0125a70774e0-groupManagement] INFO  segmented.SegmentedRaftLogWorker (SegmentedRaftLogWorker.java:lambda$new$0(135)) - ed11e02f-92ab-4020-a18d-0125a70774e0@group-AACFBA3D99E5-SegmentedRaftLogWorker: safeCacheEvictIndex: setUnconditionally 0 -> -1
2023-06-17 14:27:43,848 [ed11e02f-92ab-4020-a18d-0125a70774e0-groupManagement] INFO  server.RaftServer$Division (RaftServerImpl.java:start(342)) - ed11e02f-92ab-4020-a18d-0125a70774e0@group-AACFBA3D99E5: start as a follower, conf=-1: peers:[ed11e02f-92ab-4020-a18d-0125a70774e0|rpc:10.1.0.30:15058|admin:10.1.0.30:15057|client:10.1.0.30:15056|dataStream:10.1.0.30:15059|priority:0|startupRole:FOLLOWER, 3350fcee-efa5-466a-bd09-11f11345576c|rpc:10.1.0.30:15049|admin:10.1.0.30:15048|client:10.1.0.30:15047|dataStream:10.1.0.30:15050|priority:0|startupRole:FOLLOWER, 11f1b3f3-e9f6-4126-b930-768e27d5f26c|rpc:10.1.0.30:15067|admin:10.1.0.30:15066|client:10.1.0.30:15065|dataStream:10.1.0.30:15068|priority:1|startupRole:FOLLOWER]|listeners:[], old=null
2023-06-17 14:27:43,848 [ed11e02f-92ab-4020-a18d-0125a70774e0-groupManagement] INFO  server.RaftServer$Division (RaftServerImpl.java:setRole(329)) - ed11e02f-92ab-4020-a18d-0125a70774e0@group-AACFBA3D99E5: changes role from      null to FOLLOWER at term 0 for startAsFollower
2023-06-17 14:27:43,848 [ed11e02f-92ab-4020-a18d-0125a70774e0-groupManagement] INFO  impl.RoleInfo (RoleInfo.java:updateAndGet(139)) - ed11e02f-92ab-4020-a18d-0125a70774e0: start ed11e02f-92ab-4020-a18d-0125a70774e0@group-AACFBA3D99E5-FollowerState
2023-06-17 14:27:43,848 [ed11e02f-92ab-4020-a18d-0125a70774e0-groupManagement] INFO  util.JmxRegister (JmxRegister.java:tryRegister(44)) - Successfully registered JMX Bean with object name Ratis:service=RaftServer,group=group-AACFBA3D99E5,id=ed11e02f-92ab-4020-a18d-0125a70774e0
2023-06-17 14:27:43,848 [ed11e02f-92ab-4020-a18d-0125a70774e0-groupManagement] INFO  server.RaftServerConfigKeys (ConfUtils.java:logGet(46)) - raft.server.snapshot.auto.trigger.enabled = true (custom)
2023-06-17 14:27:43,848 [ed11e02f-92ab-4020-a18d-0125a70774e0-groupManagement] INFO  server.RaftServerConfigKeys (ConfUtils.java:logGet(46)) - raft.server.snapshot.auto.trigger.threshold = 10000 (custom)
2023-06-17 14:27:43,848 [ed11e02f-92ab-4020-a18d-0125a70774e0-groupManagement] INFO  server.RaftServerConfigKeys (ConfUtils.java:logGet(46)) - raft.server.snapshot.retention.file.num = 5 (custom)
2023-06-17 14:27:43,848 [ed11e02f-92ab-4020-a18d-0125a70774e0-groupManagement] INFO  server.RaftServerConfigKeys (ConfUtils.java:logGet(46)) - raft.server.log.purge.upto.snapshot.index = false (default)
2023-06-17 14:27:43,852 [ed11e02f-92ab-4020-a18d-0125a70774e0@group-AACFBA3D99E5-FollowerState] INFO  server.RaftServerConfigKeys (ConfUtils.java:logFallback(53)) - raft.server.rpc.first-election.timeout.min = 5s (fallback to raft.server.rpc.timeout.min)
2023-06-17 14:27:43,852 [ed11e02f-92ab-4020-a18d-0125a70774e0@group-AACFBA3D99E5-FollowerState] INFO  server.RaftServerConfigKeys (ConfUtils.java:logFallback(53)) - raft.server.rpc.first-election.timeout.max = 5200ms (fallback to raft.server.rpc.timeout.max)
2023-06-17 14:27:43,859 [PipelineCommandHandlerThread-0] INFO  commandhandler.CreatePipelineCommandHandler (CreatePipelineCommandHandler.java:lambda$handle$2(124)) - Created Pipeline RATIS THREE PipelineID=9c2b6952-5138-498d-9e29-aacfba3d99e5.
2023-06-17 14:27:43,922 [PipelineCommandHandlerThread-0] INFO  server.RaftServer (RaftServerProxy.java:addNew(98)) - ed11e02f-92ab-4020-a18d-0125a70774e0: addNew group-75B6C75BBF69:[ed11e02f-92ab-4020-a18d-0125a70774e0|rpc:10.1.0.30:15058|admin:10.1.0.30:15057|client:10.1.0.30:15056|dataStream:10.1.0.30:15059|priority:1|startupRole:FOLLOWER] returns group-75B6C75BBF69:java.util.concurrent.CompletableFuture@34d6dedf[Not completed]
2023-06-17 14:27:43,923 [ed11e02f-92ab-4020-a18d-0125a70774e0-groupManagement] INFO  server.RaftServer$Division (RaftServerImpl.java:<init>(198)) - ed11e02f-92ab-4020-a18d-0125a70774e0: new RaftServerImpl for group-75B6C75BBF69:[ed11e02f-92ab-4020-a18d-0125a70774e0|rpc:10.1.0.30:15058|admin:10.1.0.30:15057|client:10.1.0.30:15056|dataStream:10.1.0.30:15059|priority:1|startupRole:FOLLOWER] with ContainerStateMachine:uninitialized
2023-06-17 14:27:43,923 [ed11e02f-92ab-4020-a18d-0125a70774e0-groupManagement] INFO  server.RaftServerConfigKeys (ConfUtils.java:logGet(46)) - raft.server.rpc.timeout.min = 5s (custom)
2023-06-17 14:27:43,923 [ed11e02f-92ab-4020-a18d-0125a70774e0-groupManagement] INFO  server.RaftServerConfigKeys (ConfUtils.java:logGet(46)) - raft.server.rpc.timeout.max = 5200ms (custom)
2023-06-17 14:27:43,923 [ed11e02f-92ab-4020-a18d-0125a70774e0-groupManagement] INFO  server.RaftServerConfigKeys (ConfUtils.java:logGet(46)) - raft.server.rpc.sleep.time = 25ms (default)
2023-06-17 14:27:43,923 [ed11e02f-92ab-4020-a18d-0125a70774e0-groupManagement] INFO  server.RaftServerConfigKeys (ConfUtils.java:logGet(46)) - raft.server.rpc.slowness.timeout = 300s (custom)
2023-06-17 14:27:43,923 [ed11e02f-92ab-4020-a18d-0125a70774e0-groupManagement] INFO  server.RaftServerConfigKeys (ConfUtils.java:logGet(46)) - raft.server.leaderelection.leader.step-down.wait-time = 10s (default)
2023-06-17 14:27:43,923 [ed11e02f-92ab-4020-a18d-0125a70774e0-groupManagement] INFO  server.RaftServerConfigKeys (ConfUtils.java:logGet(46)) - raft.server.sleep.deviation.threshold = 300ms (default)
2023-06-17 14:27:43,923 [ed11e02f-92ab-4020-a18d-0125a70774e0-groupManagement] INFO  server.RaftServer$Division (ServerState.java:<init>(120)) - ed11e02f-92ab-4020-a18d-0125a70774e0@group-75B6C75BBF69: ConfigurationManager, init=-1: peers:[ed11e02f-92ab-4020-a18d-0125a70774e0|rpc:10.1.0.30:15058|admin:10.1.0.30:15057|client:10.1.0.30:15056|dataStream:10.1.0.30:15059|priority:1|startupRole:FOLLOWER]|listeners:[], old=null, confs=<EMPTY_MAP>
2023-06-17 14:27:43,923 [ed11e02f-92ab-4020-a18d-0125a70774e0-groupManagement] INFO  server.RaftServerConfigKeys (ConfUtils.java:logGet(46)) - raft.server.storage.dir = [/home/runner/work/ozone/ozone/hadoop-ozone/integration-test/target/test-dir/MiniOzoneClusterImpl-a6c569a4-67a5-46a9-84bc-d3902a35496e/datanode-1/data/ratis] (custom)
2023-06-17 14:27:43,924 [ed11e02f-92ab-4020-a18d-0125a70774e0-groupManagement] INFO  server.RaftServerConfigKeys (ConfUtils.java:logGet(46)) - raft.server.log.corruption.policy = EXCEPTION (default)
2023-06-17 14:27:43,924 [ed11e02f-92ab-4020-a18d-0125a70774e0-groupManagement] INFO  server.RaftServerConfigKeys (ConfUtils.java:logGet(46)) - raft.server.storage.free-space.min = 0MB (=0) (default)
2023-06-17 14:27:43,924 [ed11e02f-92ab-4020-a18d-0125a70774e0-groupManagement] INFO  server.RaftServerConfigKeys (ConfUtils.java:logGet(46)) - raft.server.notification.no-leader.timeout = 300s (custom)
2023-06-17 14:27:43,924 [ed11e02f-92ab-4020-a18d-0125a70774e0-groupManagement] INFO  server.RaftServerConfigKeys (ConfUtils.java:logGet(46)) - raft.server.read.timeout = 10s (default)
2023-06-17 14:27:43,924 [ed11e02f-92ab-4020-a18d-0125a70774e0-groupManagement] INFO  server.RaftServerConfigKeys (ConfUtils.java:logGet(46)) - raft.server.retrycache.expirytime = 600000ms (custom)
2023-06-17 14:27:43,924 [ed11e02f-92ab-4020-a18d-0125a70774e0-groupManagement] INFO  server.RaftServerConfigKeys (ConfUtils.java:logGet(46)) - raft.server.retrycache.statistics.expirytime = 100μs (default)
2023-06-17 14:27:43,924 [ed11e02f-92ab-4020-a18d-0125a70774e0-groupManagement] INFO  server.RaftServerConfigKeys (ConfUtils.java:logGet(46)) - raft.server.read.option = DEFAULT (default)
2023-06-17 14:27:43,926 [ed11e02f-92ab-4020-a18d-0125a70774e0-groupManagement] INFO  server.RaftServerConfigKeys (ConfUtils.java:logGet(46)) - raft.server.rpc.request.timeout = 60s (custom)
2023-06-17 14:27:43,926 [ed11e02f-92ab-4020-a18d-0125a70774e0-groupManagement] INFO  server.RaftServerConfigKeys (ConfUtils.java:logGet(46)) - raft.server.log.appender.install.snapshot.enabled = false (custom)
2023-06-17 14:27:43,926 [ed11e02f-92ab-4020-a18d-0125a70774e0-groupManagement] INFO  server.RaftServerConfigKeys (ConfUtils.java:logGet(46)) - raft.server.threadpool.server.cached = true (default)
2023-06-17 14:27:43,926 [ed11e02f-92ab-4020-a18d-0125a70774e0-groupManagement] INFO  server.RaftServerConfigKeys (ConfUtils.java:logGet(46)) - raft.server.threadpool.server.size = 0 (default)
2023-06-17 14:27:43,926 [ed11e02f-92ab-4020-a18d-0125a70774e0-groupManagement] INFO  server.RaftServerConfigKeys (ConfUtils.java:logGet(46)) - raft.server.threadpool.client.cached = true (default)
2023-06-17 14:27:43,926 [ed11e02f-92ab-4020-a18d-0125a70774e0-groupManagement] INFO  server.RaftServerConfigKeys (ConfUtils.java:logGet(46)) - raft.server.threadpool.client.size = 0 (default)
2023-06-17 14:27:43,926 [ed11e02f-92ab-4020-a18d-0125a70774e0-groupManagement] INFO  storage.RaftStorageDirectory (RaftStorageDirectoryImpl.java:analyzeStorage(137)) - The storage directory /home/runner/work/ozone/ozone/hadoop-ozone/integration-test/target/test-dir/MiniOzoneClusterImpl-a6c569a4-67a5-46a9-84bc-d3902a35496e/datanode-1/data/ratis/e3331097-e406-4cef-be8d-75b6c75bbf69 does not exist. Creating ...
2023-06-17 14:27:43,927 [ed11e02f-92ab-4020-a18d-0125a70774e0-groupManagement] INFO  storage.RaftStorageDirectory (RaftStorageDirectoryImpl.java:tryLock(231)) - Lock on /home/runner/work/ozone/ozone/hadoop-ozone/integration-test/target/test-dir/MiniOzoneClusterImpl-a6c569a4-67a5-46a9-84bc-d3902a35496e/datanode-1/data/ratis/e3331097-e406-4cef-be8d-75b6c75bbf69/in_use.lock acquired by nodename 109811@fv-az1035-386
2023-06-17 14:27:43,929 [ed11e02f-92ab-4020-a18d-0125a70774e0-groupManagement] INFO  storage.RaftStorage (RaftStorageImpl.java:format(96)) - Storage directory /home/runner/work/ozone/ozone/hadoop-ozone/integration-test/target/test-dir/MiniOzoneClusterImpl-a6c569a4-67a5-46a9-84bc-d3902a35496e/datanode-1/data/ratis/e3331097-e406-4cef-be8d-75b6c75bbf69 has been successfully formatted.
2023-06-17 14:27:43,931 [EventQueue-PipelineReportForPipelineReportHandler] INFO  pipeline.PipelineManagerImpl (PipelineManagerImpl.java:openPipeline(367)) - Pipeline Pipeline[ Id: e3331097-e406-4cef-be8d-75b6c75bbf69, Nodes: ed11e02f-92ab-4020-a18d-0125a70774e0(fv-az1035-386.p4kjid14prhuxkk4m0x4prg4bg.cx.internal.cloudapp.net/10.1.0.30), ReplicationConfig: RATIS/ONE, State:ALLOCATED, leaderId:ed11e02f-92ab-4020-a18d-0125a70774e0, CreationTimestamp2023-06-17T14:27:40.930Z[Etc/UTC]] moved to OPEN state
2023-06-17 14:27:43,931 [EventQueue-OpenPipelineForHealthyPipelineSafeModeRule] INFO  safemode.SCMSafeModeManager (HealthyPipelineSafeModeRule.java:process(137)) - SCM in safe mode. Healthy pipelines reported count is 0, required healthy pipeline reported count is 1
2023-06-17 14:27:43,932 [ed11e02f-92ab-4020-a18d-0125a70774e0-groupManagement] INFO  ratis.ContainerStateMachine (ContainerStateMachine.java:loadSnapshot(262)) - group-75B6C75BBF69: The snapshot info is null. Setting the last applied indexto:(t:0, i:~)
2023-06-17 14:27:43,932 [ed11e02f-92ab-4020-a18d-0125a70774e0-groupManagement] INFO  server.RaftServerConfigKeys (ConfUtils.java:logGet(46)) - raft.server.log.use.memory = false (default)
2023-06-17 14:27:43,932 [ed11e02f-92ab-4020-a18d-0125a70774e0-groupManagement] INFO  server.RaftServerConfigKeys (ConfUtils.java:logGet(46)) - raft.server.log.purge.gap = 1000000 (custom)
2023-06-17 14:27:43,932 [ed11e02f-92ab-4020-a18d-0125a70774e0-groupManagement] INFO  server.RaftServerConfigKeys (ConfUtils.java:logGet(46)) - raft.server.log.appender.buffer.byte-limit = 33554432 (custom)
2023-06-17 14:27:43,932 [ed11e02f-92ab-4020-a18d-0125a70774e0-groupManagement] INFO  server.RaftServerConfigKeys (ConfUtils.java:logGet(46)) - raft.server.log.statemachine.data.read.timeout = 1000ms (default)
2023-06-17 14:27:43,933 [ed11e02f-92ab-4020-a18d-0125a70774e0-groupManagement] INFO  server.RaftServerConfigKeys (ConfUtils.java:logGet(46)) - raft.server.log.purge.preservation.log.num = 0 (default)
2023-06-17 14:27:43,933 [ed11e02f-92ab-4020-a18d-0125a70774e0-groupManagement] INFO  server.RaftServerConfigKeys (ConfUtils.java:logGet(46)) - raft.server.log.segment.size.max = 1048576 (custom)
2023-06-17 14:27:43,933 [ed11e02f-92ab-4020-a18d-0125a70774e0-groupManagement] INFO  server.RaftServerConfigKeys (ConfUtils.java:logGet(46)) - raft.server.log.segment.cache.num.max = 2 (custom)
2023-06-17 14:27:43,933 [ed11e02f-92ab-4020-a18d-0125a70774e0-groupManagement] INFO  server.RaftServerConfigKeys (ConfUtils.java:logGet(46)) - raft.server.log.segment.cache.size.max = 200MB (=209715200) (default)
2023-06-17 14:27:43,933 [ed11e02f-92ab-4020-a18d-0125a70774e0-groupManagement] INFO  server.RaftServerConfigKeys (ConfUtils.java:logGet(46)) - raft.server.log.appender.buffer.byte-limit = 33554432 (custom)
2023-06-17 14:27:43,933 [ed11e02f-92ab-4020-a18d-0125a70774e0-groupManagement] INFO  segmented.SegmentedRaftLogWorker (SegmentedRaftLogWorker.java:<init>(188)) - new ed11e02f-92ab-4020-a18d-0125a70774e0@group-75B6C75BBF69-SegmentedRaftLogWorker for RaftStorageImpl:Storage Directory /home/runner/work/ozone/ozone/hadoop-ozone/integration-test/target/test-dir/MiniOzoneClusterImpl-a6c569a4-67a5-46a9-84bc-d3902a35496e/datanode-1/data/ratis/e3331097-e406-4cef-be8d-75b6c75bbf69
2023-06-17 14:27:43,933 [ed11e02f-92ab-4020-a18d-0125a70774e0-groupManagement] INFO  server.RaftServerConfigKeys (ConfUtils.java:logGet(46)) - raft.server.log.queue.byte-limit = 4294967296 (custom)
2023-06-17 14:27:43,933 [ed11e02f-92ab-4020-a18d-0125a70774e0-groupManagement] INFO  server.RaftServerConfigKeys (ConfUtils.java:logGet(46)) - raft.server.log.queue.element-limit = 1024 (custom)
2023-06-17 14:27:43,933 [ed11e02f-92ab-4020-a18d-0125a70774e0-groupManagement] INFO  server.RaftServerConfigKeys (ConfUtils.java:logGet(46)) - raft.server.log.segment.size.max = 1048576 (custom)
2023-06-17 14:27:43,933 [ed11e02f-92ab-4020-a18d-0125a70774e0-groupManagement] INFO  server.RaftServerConfigKeys (ConfUtils.java:logGet(46)) - raft.server.log.preallocated.size = 16384 (custom)
2023-06-17 14:27:43,933 [ed11e02f-92ab-4020-a18d-0125a70774e0-groupManagement] INFO  server.RaftServerConfigKeys (ConfUtils.java:logGet(46)) - raft.server.log.force.sync.num = 128 (default)
2023-06-17 14:27:43,933 [ed11e02f-92ab-4020-a18d-0125a70774e0-groupManagement] INFO  server.RaftServerConfigKeys (ConfUtils.java:logGet(46)) - raft.server.log.statemachine.data.sync = true (default)
2023-06-17 14:27:43,936 [ed11e02f-92ab-4020-a18d-0125a70774e0-groupManagement] INFO  server.RaftServerConfigKeys (ConfUtils.java:logGet(46)) - raft.server.log.statemachine.data.sync.timeout = 10s (default)
2023-06-17 14:27:43,936 [ed11e02f-92ab-4020-a18d-0125a70774e0-groupManagement] INFO  server.RaftServerConfigKeys (ConfUtils.java:logGet(46)) - raft.server.log.statemachine.data.sync.timeout.retry = -1 (default)
2023-06-17 14:27:43,936 [ed11e02f-92ab-4020-a18d-0125a70774e0-groupManagement] INFO  server.RaftServerConfigKeys (ConfUtils.java:logGet(46)) - raft.server.log.write.buffer.size = 1048576 (custom)
2023-06-17 14:27:43,936 [ed11e02f-92ab-4020-a18d-0125a70774e0-groupManagement] INFO  server.RaftServerConfigKeys (ConfUtils.java:logGet(46)) - raft.server.log.appender.buffer.byte-limit = 33554432 (custom)
2023-06-17 14:27:43,945 [ed11e02f-92ab-4020-a18d-0125a70774e0-groupManagement] INFO  server.RaftServerConfigKeys (ConfUtils.java:logGet(46)) - raft.server.log.unsafe-flush.enabled = false (default)
2023-06-17 14:27:43,945 [ed11e02f-92ab-4020-a18d-0125a70774e0-groupManagement] INFO  server.RaftServerConfigKeys (ConfUtils.java:logGet(46)) - raft.server.log.async-flush.enabled = false (default)
2023-06-17 14:27:43,945 [ed11e02f-92ab-4020-a18d-0125a70774e0-groupManagement] INFO  server.RaftServerConfigKeys (ConfUtils.java:logGet(46)) - raft.server.log.statemachine.data.caching.enabled = true (custom)
2023-06-17 14:27:43,946 [ed11e02f-92ab-4020-a18d-0125a70774e0-groupManagement] INFO  segmented.SegmentedRaftLogWorker (SegmentedRaftLogWorker.java:lambda$new$0(135)) - ed11e02f-92ab-4020-a18d-0125a70774e0@group-75B6C75BBF69-SegmentedRaftLogWorker: flushIndex: setUnconditionally 0 -> -1
2023-06-17 14:27:43,946 [ed11e02f-92ab-4020-a18d-0125a70774e0-groupManagement] INFO  segmented.SegmentedRaftLogWorker (SegmentedRaftLogWorker.java:lambda$new$0(135)) - ed11e02f-92ab-4020-a18d-0125a70774e0@group-75B6C75BBF69-SegmentedRaftLogWorker: safeCacheEvictIndex: setUnconditionally 0 -> -1
2023-06-17 14:27:43,946 [ed11e02f-92ab-4020-a18d-0125a70774e0-groupManagement] INFO  server.RaftServer$Division (RaftServerImpl.java:start(342)) - ed11e02f-92ab-4020-a18d-0125a70774e0@group-75B6C75BBF69: start as a follower, conf=-1: peers:[ed11e02f-92ab-4020-a18d-0125a70774e0|rpc:10.1.0.30:15058|admin:10.1.0.30:15057|client:10.1.0.30:15056|dataStream:10.1.0.30:15059|priority:1|startupRole:FOLLOWER]|listeners:[], old=null
2023-06-17 14:27:43,946 [ed11e02f-92ab-4020-a18d-0125a70774e0-groupManagement] INFO  server.RaftServer$Division (RaftServerImpl.java:setRole(329)) - ed11e02f-92ab-4020-a18d-0125a70774e0@group-75B6C75BBF69: changes role from      null to FOLLOWER at term 0 for startAsFollower
2023-06-17 14:27:43,946 [ed11e02f-92ab-4020-a18d-0125a70774e0-groupManagement] INFO  impl.RoleInfo (RoleInfo.java:updateAndGet(139)) - ed11e02f-92ab-4020-a18d-0125a70774e0: start ed11e02f-92ab-4020-a18d-0125a70774e0@group-75B6C75BBF69-FollowerState
2023-06-17 14:27:43,946 [ed11e02f-92ab-4020-a18d-0125a70774e0-groupManagement] INFO  util.JmxRegister (JmxRegister.java:tryRegister(44)) - Successfully registered JMX Bean with object name Ratis:service=RaftServer,group=group-75B6C75BBF69,id=ed11e02f-92ab-4020-a18d-0125a70774e0
2023-06-17 14:27:43,946 [ed11e02f-92ab-4020-a18d-0125a70774e0@group-75B6C75BBF69-FollowerState] INFO  server.RaftServerConfigKeys (ConfUtils.java:logFallback(53)) - raft.server.rpc.first-election.timeout.min = 5s (fallback to raft.server.rpc.timeout.min)
2023-06-17 14:27:43,947 [ed11e02f-92ab-4020-a18d-0125a70774e0-groupManagement] INFO  server.RaftServerConfigKeys (ConfUtils.java:logGet(46)) - raft.server.snapshot.auto.trigger.enabled = true (custom)
2023-06-17 14:27:43,947 [ed11e02f-92ab-4020-a18d-0125a70774e0@group-75B6C75BBF69-FollowerState] INFO  server.RaftServerConfigKeys (ConfUtils.java:logFallback(53)) - raft.server.rpc.first-election.timeout.max = 5200ms (fallback to raft.server.rpc.timeout.max)
2023-06-17 14:27:43,947 [ed11e02f-92ab-4020-a18d-0125a70774e0-groupManagement] INFO  server.RaftServerConfigKeys (ConfUtils.java:logGet(46)) - raft.server.snapshot.auto.trigger.threshold = 10000 (custom)
2023-06-17 14:27:43,947 [ed11e02f-92ab-4020-a18d-0125a70774e0-groupManagement] INFO  server.RaftServerConfigKeys (ConfUtils.java:logGet(46)) - raft.server.snapshot.retention.file.num = 5 (custom)
2023-06-17 14:27:43,947 [ed11e02f-92ab-4020-a18d-0125a70774e0-groupManagement] INFO  server.RaftServerConfigKeys (ConfUtils.java:logGet(46)) - raft.server.log.purge.upto.snapshot.index = false (default)
2023-06-17 14:27:43,947 [PipelineCommandHandlerThread-0] INFO  ratis.XceiverServerRatis (XceiverServerRatis.java:addGroup(804)) - Created group PipelineID=e3331097-e406-4cef-be8d-75b6c75bbf69
2023-06-17 14:27:43,948 [PipelineCommandHandlerThread-0] INFO  commandhandler.CreatePipelineCommandHandler (CreatePipelineCommandHandler.java:lambda$handle$2(124)) - Created Pipeline RATIS ONE PipelineID=e3331097-e406-4cef-be8d-75b6c75bbf69.
2023-06-17 14:27:44,235 [PipelineCommandHandlerThread-0] INFO  server.RaftServer (RaftServerProxy.java:addNew(98)) - 11f1b3f3-e9f6-4126-b930-768e27d5f26c: addNew group-A92FA6730100:[11f1b3f3-e9f6-4126-b930-768e27d5f26c|rpc:10.1.0.30:15067|admin:10.1.0.30:15066|client:10.1.0.30:15065|dataStream:10.1.0.30:15068|priority:1|startupRole:FOLLOWER] returns group-A92FA6730100:java.util.concurrent.CompletableFuture@11b462d3[Not completed]
2023-06-17 14:27:44,238 [11f1b3f3-e9f6-4126-b930-768e27d5f26c-groupManagement] INFO  server.RaftServer$Division (RaftServerImpl.java:<init>(198)) - 11f1b3f3-e9f6-4126-b930-768e27d5f26c: new RaftServerImpl for group-A92FA6730100:[11f1b3f3-e9f6-4126-b930-768e27d5f26c|rpc:10.1.0.30:15067|admin:10.1.0.30:15066|client:10.1.0.30:15065|dataStream:10.1.0.30:15068|priority:1|startupRole:FOLLOWER] with ContainerStateMachine:uninitialized
2023-06-17 14:27:44,238 [11f1b3f3-e9f6-4126-b930-768e27d5f26c-groupManagement] INFO  server.RaftServerConfigKeys (ConfUtils.java:logGet(46)) - raft.server.rpc.timeout.min = 5s (custom)
2023-06-17 14:27:44,238 [11f1b3f3-e9f6-4126-b930-768e27d5f26c-groupManagement] INFO  server.RaftServerConfigKeys (ConfUtils.java:logGet(46)) - raft.server.rpc.timeout.max = 5200ms (custom)
2023-06-17 14:27:44,238 [11f1b3f3-e9f6-4126-b930-768e27d5f26c-groupManagement] INFO  server.RaftServerConfigKeys (ConfUtils.java:logGet(46)) - raft.server.rpc.sleep.time = 25ms (default)
2023-06-17 14:27:44,238 [11f1b3f3-e9f6-4126-b930-768e27d5f26c-groupManagement] INFO  server.RaftServerConfigKeys (ConfUtils.java:logGet(46)) - raft.server.rpc.slowness.timeout = 300s (custom)
2023-06-17 14:27:44,238 [11f1b3f3-e9f6-4126-b930-768e27d5f26c-groupManagement] INFO  server.RaftServerConfigKeys (ConfUtils.java:logGet(46)) - raft.server.leaderelection.leader.step-down.wait-time = 10s (default)
2023-06-17 14:27:44,238 [11f1b3f3-e9f6-4126-b930-768e27d5f26c-groupManagement] INFO  server.RaftServerConfigKeys (ConfUtils.java:logGet(46)) - raft.server.sleep.deviation.threshold = 300ms (default)
2023-06-17 14:27:44,239 [11f1b3f3-e9f6-4126-b930-768e27d5f26c-groupManagement] INFO  server.RaftServer$Division (ServerState.java:<init>(120)) - 11f1b3f3-e9f6-4126-b930-768e27d5f26c@group-A92FA6730100: ConfigurationManager, init=-1: peers:[11f1b3f3-e9f6-4126-b930-768e27d5f26c|rpc:10.1.0.30:15067|admin:10.1.0.30:15066|client:10.1.0.30:15065|dataStream:10.1.0.30:15068|priority:1|startupRole:FOLLOWER]|listeners:[], old=null, confs=<EMPTY_MAP>
2023-06-17 14:27:44,239 [11f1b3f3-e9f6-4126-b930-768e27d5f26c-groupManagement] INFO  server.RaftServerConfigKeys (ConfUtils.java:logGet(46)) - raft.server.storage.dir = [/home/runner/work/ozone/ozone/hadoop-ozone/integration-test/target/test-dir/MiniOzoneClusterImpl-a6c569a4-67a5-46a9-84bc-d3902a35496e/datanode-2/data/ratis] (custom)
2023-06-17 14:27:44,239 [11f1b3f3-e9f6-4126-b930-768e27d5f26c-groupManagement] INFO  server.RaftServerConfigKeys (ConfUtils.java:logGet(46)) - raft.server.log.corruption.policy = EXCEPTION (default)
2023-06-17 14:27:44,239 [11f1b3f3-e9f6-4126-b930-768e27d5f26c-groupManagement] INFO  server.RaftServerConfigKeys (ConfUtils.java:logGet(46)) - raft.server.storage.free-space.min = 0MB (=0) (default)
2023-06-17 14:27:44,239 [11f1b3f3-e9f6-4126-b930-768e27d5f26c-groupManagement] INFO  server.RaftServerConfigKeys (ConfUtils.java:logGet(46)) - raft.server.notification.no-leader.timeout = 300s (custom)
2023-06-17 14:27:44,239 [11f1b3f3-e9f6-4126-b930-768e27d5f26c-groupManagement] INFO  server.RaftServerConfigKeys (ConfUtils.java:logGet(46)) - raft.server.read.timeout = 10s (default)
2023-06-17 14:27:44,239 [11f1b3f3-e9f6-4126-b930-768e27d5f26c-groupManagement] INFO  server.RaftServerConfigKeys (ConfUtils.java:logGet(46)) - raft.server.retrycache.expirytime = 600000ms (custom)
2023-06-17 14:27:44,239 [11f1b3f3-e9f6-4126-b930-768e27d5f26c-groupManagement] INFO  server.RaftServerConfigKeys (ConfUtils.java:logGet(46)) - raft.server.retrycache.statistics.expirytime = 100μs (default)
2023-06-17 14:27:44,239 [11f1b3f3-e9f6-4126-b930-768e27d5f26c-groupManagement] INFO  server.RaftServerConfigKeys (ConfUtils.java:logGet(46)) - raft.server.read.option = DEFAULT (default)
2023-06-17 14:27:44,240 [11f1b3f3-e9f6-4126-b930-768e27d5f26c-groupManagement] INFO  server.RaftServerConfigKeys (ConfUtils.java:logGet(46)) - raft.server.rpc.request.timeout = 60s (custom)
2023-06-17 14:27:44,240 [11f1b3f3-e9f6-4126-b930-768e27d5f26c-groupManagement] INFO  server.RaftServerConfigKeys (ConfUtils.java:logGet(46)) - raft.server.log.appender.install.snapshot.enabled = false (custom)
2023-06-17 14:27:44,240 [11f1b3f3-e9f6-4126-b930-768e27d5f26c-groupManagement] INFO  server.RaftServerConfigKeys (ConfUtils.java:logGet(46)) - raft.server.threadpool.server.cached = true (default)
2023-06-17 14:27:44,240 [11f1b3f3-e9f6-4126-b930-768e27d5f26c-groupManagement] INFO  server.RaftServerConfigKeys (ConfUtils.java:logGet(46)) - raft.server.threadpool.server.size = 0 (default)
2023-06-17 14:27:44,240 [11f1b3f3-e9f6-4126-b930-768e27d5f26c-groupManagement] INFO  server.RaftServerConfigKeys (ConfUtils.java:logGet(46)) - raft.server.threadpool.client.cached = true (default)
2023-06-17 14:27:44,240 [11f1b3f3-e9f6-4126-b930-768e27d5f26c-groupManagement] INFO  server.RaftServerConfigKeys (ConfUtils.java:logGet(46)) - raft.server.threadpool.client.size = 0 (default)
2023-06-17 14:27:44,241 [11f1b3f3-e9f6-4126-b930-768e27d5f26c-groupManagement] INFO  storage.RaftStorageDirectory (RaftStorageDirectoryImpl.java:analyzeStorage(137)) - The storage directory /home/runner/work/ozone/ozone/hadoop-ozone/integration-test/target/test-dir/MiniOzoneClusterImpl-a6c569a4-67a5-46a9-84bc-d3902a35496e/datanode-2/data/ratis/ef90b4c0-7591-46fd-b96c-a92fa6730100 does not exist. Creating ...
2023-06-17 14:27:44,241 [main] INFO  ozone.MiniOzoneClusterImpl (MiniOzoneClusterImpl.java:lambda$waitForClusterToBeReady$0(224)) - Nodes are ready. Got 3 of 3 DN Heartbeats.
2023-06-17 14:27:44,241 [main] INFO  ozone.MiniOzoneClusterImpl (MiniOzoneClusterImpl.java:lambda$waitForClusterToBeReady$0(227)) - Waiting for cluster to exit safe mode
2023-06-17 14:27:44,241 [main] INFO  ozone.MiniOzoneClusterImpl (MiniOzoneClusterImpl.java:lambda$waitForClusterToBeReady$0(229)) - SCM became leader
2023-06-17 14:27:44,242 [11f1b3f3-e9f6-4126-b930-768e27d5f26c-groupManagement] INFO  storage.RaftStorageDirectory (RaftStorageDirectoryImpl.java:tryLock(231)) - Lock on /home/runner/work/ozone/ozone/hadoop-ozone/integration-test/target/test-dir/MiniOzoneClusterImpl-a6c569a4-67a5-46a9-84bc-d3902a35496e/datanode-2/data/ratis/ef90b4c0-7591-46fd-b96c-a92fa6730100/in_use.lock acquired by nodename 109811@fv-az1035-386
2023-06-17 14:27:44,243 [11f1b3f3-e9f6-4126-b930-768e27d5f26c-groupManagement] INFO  storage.RaftStorage (RaftStorageImpl.java:format(96)) - Storage directory /home/runner/work/ozone/ozone/hadoop-ozone/integration-test/target/test-dir/MiniOzoneClusterImpl-a6c569a4-67a5-46a9-84bc-d3902a35496e/datanode-2/data/ratis/ef90b4c0-7591-46fd-b96c-a92fa6730100 has been successfully formatted.
2023-06-17 14:27:44,244 [11f1b3f3-e9f6-4126-b930-768e27d5f26c-groupManagement] INFO  ratis.ContainerStateMachine (ContainerStateMachine.java:loadSnapshot(262)) - group-A92FA6730100: The snapshot info is null. Setting the last applied indexto:(t:0, i:~)
2023-06-17 14:27:44,244 [11f1b3f3-e9f6-4126-b930-768e27d5f26c-groupManagement] INFO  server.RaftServerConfigKeys (ConfUtils.java:logGet(46)) - raft.server.log.use.memory = false (default)
2023-06-17 14:27:44,244 [11f1b3f3-e9f6-4126-b930-768e27d5f26c-groupManagement] INFO  server.RaftServerConfigKeys (ConfUtils.java:logGet(46)) - raft.server.log.purge.gap = 1000000 (custom)
2023-06-17 14:27:44,244 [11f1b3f3-e9f6-4126-b930-768e27d5f26c-groupManagement] INFO  server.RaftServerConfigKeys (ConfUtils.java:logGet(46)) - raft.server.log.appender.buffer.byte-limit = 33554432 (custom)
2023-06-17 14:27:44,245 [EventQueue-PipelineReportForPipelineReportHandler] INFO  pipeline.PipelineManagerImpl (PipelineManagerImpl.java:openPipeline(367)) - Pipeline Pipeline[ Id: ef90b4c0-7591-46fd-b96c-a92fa6730100, Nodes: 11f1b3f3-e9f6-4126-b930-768e27d5f26c(fv-az1035-386.p4kjid14prhuxkk4m0x4prg4bg.cx.internal.cloudapp.net/10.1.0.30), ReplicationConfig: RATIS/ONE, State:ALLOCATED, leaderId:11f1b3f3-e9f6-4126-b930-768e27d5f26c, CreationTimestamp2023-06-17T14:27:41.239Z[Etc/UTC]] moved to OPEN state
2023-06-17 14:27:44,246 [EventQueue-OpenPipelineForHealthyPipelineSafeModeRule] INFO  safemode.SCMSafeModeManager (HealthyPipelineSafeModeRule.java:process(137)) - SCM in safe mode. Healthy pipelines reported count is 0, required healthy pipeline reported count is 1
2023-06-17 14:27:44,246 [11f1b3f3-e9f6-4126-b930-768e27d5f26c-groupManagement] INFO  server.RaftServerConfigKeys (ConfUtils.java:logGet(46)) - raft.server.log.statemachine.data.read.timeout = 1000ms (default)
2023-06-17 14:27:44,246 [11f1b3f3-e9f6-4126-b930-768e27d5f26c-groupManagement] INFO  server.RaftServerConfigKeys (ConfUtils.java:logGet(46)) - raft.server.log.purge.preservation.log.num = 0 (default)
2023-06-17 14:27:44,247 [11f1b3f3-e9f6-4126-b930-768e27d5f26c-groupManagement] INFO  server.RaftServerConfigKeys (ConfUtils.java:logGet(46)) - raft.server.log.segment.size.max = 1048576 (custom)
2023-06-17 14:27:44,247 [11f1b3f3-e9f6-4126-b930-768e27d5f26c-groupManagement] INFO  server.RaftServerConfigKeys (ConfUtils.java:logGet(46)) - raft.server.log.segment.cache.num.max = 2 (custom)
2023-06-17 14:27:44,247 [11f1b3f3-e9f6-4126-b930-768e27d5f26c-groupManagement] INFO  server.RaftServerConfigKeys (ConfUtils.java:logGet(46)) - raft.server.log.segment.cache.size.max = 200MB (=209715200) (default)
2023-06-17 14:27:44,247 [11f1b3f3-e9f6-4126-b930-768e27d5f26c-groupManagement] INFO  server.RaftServerConfigKeys (ConfUtils.java:logGet(46)) - raft.server.log.appender.buffer.byte-limit = 33554432 (custom)
2023-06-17 14:27:44,247 [11f1b3f3-e9f6-4126-b930-768e27d5f26c-groupManagement] INFO  segmented.SegmentedRaftLogWorker (SegmentedRaftLogWorker.java:<init>(188)) - new 11f1b3f3-e9f6-4126-b930-768e27d5f26c@group-A92FA6730100-SegmentedRaftLogWorker for RaftStorageImpl:Storage Directory /home/runner/work/ozone/ozone/hadoop-ozone/integration-test/target/test-dir/MiniOzoneClusterImpl-a6c569a4-67a5-46a9-84bc-d3902a35496e/datanode-2/data/ratis/ef90b4c0-7591-46fd-b96c-a92fa6730100
2023-06-17 14:27:44,247 [11f1b3f3-e9f6-4126-b930-768e27d5f26c-groupManagement] INFO  server.RaftServerConfigKeys (ConfUtils.java:logGet(46)) - raft.server.log.queue.byte-limit = 4294967296 (custom)
2023-06-17 14:27:44,247 [11f1b3f3-e9f6-4126-b930-768e27d5f26c-groupManagement] INFO  server.RaftServerConfigKeys (ConfUtils.java:logGet(46)) - raft.server.log.queue.element-limit = 1024 (custom)
2023-06-17 14:27:44,247 [11f1b3f3-e9f6-4126-b930-768e27d5f26c-groupManagement] INFO  server.RaftServerConfigKeys (ConfUtils.java:logGet(46)) - raft.server.log.segment.size.max = 1048576 (custom)
2023-06-17 14:27:44,247 [11f1b3f3-e9f6-4126-b930-768e27d5f26c-groupManagement] INFO  server.RaftServerConfigKeys (ConfUtils.java:logGet(46)) - raft.server.log.preallocated.size = 16384 (custom)
2023-06-17 14:27:44,247 [11f1b3f3-e9f6-4126-b930-768e27d5f26c-groupManagement] INFO  server.RaftServerConfigKeys (ConfUtils.java:logGet(46)) - raft.server.log.force.sync.num = 128 (default)
2023-06-17 14:27:44,247 [11f1b3f3-e9f6-4126-b930-768e27d5f26c-groupManagement] INFO  server.RaftServerConfigKeys (ConfUtils.java:logGet(46)) - raft.server.log.statemachine.data.sync = true (default)
2023-06-17 14:27:44,247 [11f1b3f3-e9f6-4126-b930-768e27d5f26c-groupManagement] INFO  server.RaftServerConfigKeys (ConfUtils.java:logGet(46)) - raft.server.log.statemachine.data.sync.timeout = 10s (default)
2023-06-17 14:27:44,247 [11f1b3f3-e9f6-4126-b930-768e27d5f26c-groupManagement] INFO  server.RaftServerConfigKeys (ConfUtils.java:logGet(46)) - raft.server.log.statemachine.data.sync.timeout.retry = -1 (default)
2023-06-17 14:27:44,248 [11f1b3f3-e9f6-4126-b930-768e27d5f26c-groupManagement] INFO  server.RaftServerConfigKeys (ConfUtils.java:logGet(46)) - raft.server.log.write.buffer.size = 1048576 (custom)
2023-06-17 14:27:44,248 [11f1b3f3-e9f6-4126-b930-768e27d5f26c-groupManagement] INFO  server.RaftServerConfigKeys (ConfUtils.java:logGet(46)) - raft.server.log.appender.buffer.byte-limit = 33554432 (custom)
2023-06-17 14:27:44,257 [11f1b3f3-e9f6-4126-b930-768e27d5f26c-groupManagement] INFO  server.RaftServerConfigKeys (ConfUtils.java:logGet(46)) - raft.server.log.unsafe-flush.enabled = false (default)
2023-06-17 14:27:44,257 [11f1b3f3-e9f6-4126-b930-768e27d5f26c-groupManagement] INFO  server.RaftServerConfigKeys (ConfUtils.java:logGet(46)) - raft.server.log.async-flush.enabled = false (default)
2023-06-17 14:27:44,257 [11f1b3f3-e9f6-4126-b930-768e27d5f26c-groupManagement] INFO  server.RaftServerConfigKeys (ConfUtils.java:logGet(46)) - raft.server.log.statemachine.data.caching.enabled = true (custom)
2023-06-17 14:27:44,258 [11f1b3f3-e9f6-4126-b930-768e27d5f26c-groupManagement] INFO  segmented.SegmentedRaftLogWorker (SegmentedRaftLogWorker.java:lambda$new$0(135)) - 11f1b3f3-e9f6-4126-b930-768e27d5f26c@group-A92FA6730100-SegmentedRaftLogWorker: flushIndex: setUnconditionally 0 -> -1
2023-06-17 14:27:44,258 [11f1b3f3-e9f6-4126-b930-768e27d5f26c-groupManagement] INFO  segmented.SegmentedRaftLogWorker (SegmentedRaftLogWorker.java:lambda$new$0(135)) - 11f1b3f3-e9f6-4126-b930-768e27d5f26c@group-A92FA6730100-SegmentedRaftLogWorker: safeCacheEvictIndex: setUnconditionally 0 -> -1
2023-06-17 14:27:44,258 [11f1b3f3-e9f6-4126-b930-768e27d5f26c-groupManagement] INFO  server.RaftServer$Division (RaftServerImpl.java:start(342)) - 11f1b3f3-e9f6-4126-b930-768e27d5f26c@group-A92FA6730100: start as a follower, conf=-1: peers:[11f1b3f3-e9f6-4126-b930-768e27d5f26c|rpc:10.1.0.30:15067|admin:10.1.0.30:15066|client:10.1.0.30:15065|dataStream:10.1.0.30:15068|priority:1|startupRole:FOLLOWER]|listeners:[], old=null
2023-06-17 14:27:44,258 [11f1b3f3-e9f6-4126-b930-768e27d5f26c-groupManagement] INFO  server.RaftServer$Division (RaftServerImpl.java:setRole(329)) - 11f1b3f3-e9f6-4126-b930-768e27d5f26c@group-A92FA6730100: changes role from      null to FOLLOWER at term 0 for startAsFollower
2023-06-17 14:27:44,259 [11f1b3f3-e9f6-4126-b930-768e27d5f26c-groupManagement] INFO  impl.RoleInfo (RoleInfo.java:updateAndGet(139)) - 11f1b3f3-e9f6-4126-b930-768e27d5f26c: start 11f1b3f3-e9f6-4126-b930-768e27d5f26c@group-A92FA6730100-FollowerState
2023-06-17 14:27:44,259 [11f1b3f3-e9f6-4126-b930-768e27d5f26c@group-A92FA6730100-FollowerState] INFO  server.RaftServerConfigKeys (ConfUtils.java:logFallback(53)) - raft.server.rpc.first-election.timeout.min = 5s (fallback to raft.server.rpc.timeout.min)
2023-06-17 14:27:44,262 [11f1b3f3-e9f6-4126-b930-768e27d5f26c-groupManagement] INFO  util.JmxRegister (JmxRegister.java:tryRegister(44)) - Successfully registered JMX Bean with object name Ratis:service=RaftServer,group=group-A92FA6730100,id=11f1b3f3-e9f6-4126-b930-768e27d5f26c
2023-06-17 14:27:44,262 [11f1b3f3-e9f6-4126-b930-768e27d5f26c@group-A92FA6730100-FollowerState] INFO  server.RaftServerConfigKeys (ConfUtils.java:logFallback(53)) - raft.server.rpc.first-election.timeout.max = 5200ms (fallback to raft.server.rpc.timeout.max)
2023-06-17 14:27:44,263 [11f1b3f3-e9f6-4126-b930-768e27d5f26c-groupManagement] INFO  server.RaftServerConfigKeys (ConfUtils.java:logGet(46)) - raft.server.snapshot.auto.trigger.enabled = true (custom)
2023-06-17 14:27:44,263 [11f1b3f3-e9f6-4126-b930-768e27d5f26c-groupManagement] INFO  server.RaftServerConfigKeys (ConfUtils.java:logGet(46)) - raft.server.snapshot.auto.trigger.threshold = 10000 (custom)
2023-06-17 14:27:44,263 [11f1b3f3-e9f6-4126-b930-768e27d5f26c-groupManagement] INFO  server.RaftServerConfigKeys (ConfUtils.java:logGet(46)) - raft.server.snapshot.retention.file.num = 5 (custom)
2023-06-17 14:27:44,263 [11f1b3f3-e9f6-4126-b930-768e27d5f26c-groupManagement] INFO  server.RaftServerConfigKeys (ConfUtils.java:logGet(46)) - raft.server.log.purge.upto.snapshot.index = false (default)
2023-06-17 14:27:44,264 [PipelineCommandHandlerThread-0] INFO  ratis.XceiverServerRatis (XceiverServerRatis.java:addGroup(804)) - Created group PipelineID=ef90b4c0-7591-46fd-b96c-a92fa6730100
2023-06-17 14:27:44,264 [PipelineCommandHandlerThread-0] INFO  commandhandler.CreatePipelineCommandHandler (CreatePipelineCommandHandler.java:lambda$handle$2(124)) - Created Pipeline RATIS ONE PipelineID=ef90b4c0-7591-46fd-b96c-a92fa6730100.
2023-06-17 14:27:45,242 [main] INFO  ozone.MiniOzoneClusterImpl (MiniOzoneClusterImpl.java:lambda$waitForClusterToBeReady$0(224)) - Nodes are ready. Got 3 of 3 DN Heartbeats.
2023-06-17 14:27:45,242 [main] INFO  ozone.MiniOzoneClusterImpl (MiniOzoneClusterImpl.java:lambda$waitForClusterToBeReady$0(227)) - Waiting for cluster to exit safe mode
2023-06-17 14:27:45,242 [main] INFO  ozone.MiniOzoneClusterImpl (MiniOzoneClusterImpl.java:lambda$waitForClusterToBeReady$0(229)) - SCM became leader
2023-06-17 14:27:46,243 [main] INFO  ozone.MiniOzoneClusterImpl (MiniOzoneClusterImpl.java:lambda$waitForClusterToBeReady$0(224)) - Nodes are ready. Got 3 of 3 DN Heartbeats.
2023-06-17 14:27:46,243 [main] INFO  ozone.MiniOzoneClusterImpl (MiniOzoneClusterImpl.java:lambda$waitForClusterToBeReady$0(227)) - Waiting for cluster to exit safe mode
2023-06-17 14:27:46,243 [main] INFO  ozone.MiniOzoneClusterImpl (MiniOzoneClusterImpl.java:lambda$waitForClusterToBeReady$0(229)) - SCM became leader
2023-06-17 14:27:47,243 [main] INFO  ozone.MiniOzoneClusterImpl (MiniOzoneClusterImpl.java:lambda$waitForClusterToBeReady$0(224)) - Nodes are ready. Got 3 of 3 DN Heartbeats.
2023-06-17 14:27:47,244 [main] INFO  ozone.MiniOzoneClusterImpl (MiniOzoneClusterImpl.java:lambda$waitForClusterToBeReady$0(227)) - Waiting for cluster to exit safe mode
2023-06-17 14:27:47,244 [main] INFO  ozone.MiniOzoneClusterImpl (MiniOzoneClusterImpl.java:lambda$waitForClusterToBeReady$0(229)) - SCM became leader
2023-06-17 14:27:48,244 [main] INFO  ozone.MiniOzoneClusterImpl (MiniOzoneClusterImpl.java:lambda$waitForClusterToBeReady$0(224)) - Nodes are ready. Got 3 of 3 DN Heartbeats.
2023-06-17 14:27:48,245 [main] INFO  ozone.MiniOzoneClusterImpl (MiniOzoneClusterImpl.java:lambda$waitForClusterToBeReady$0(227)) - Waiting for cluster to exit safe mode
2023-06-17 14:27:48,245 [main] INFO  ozone.MiniOzoneClusterImpl (MiniOzoneClusterImpl.java:lambda$waitForClusterToBeReady$0(229)) - SCM became leader
2023-06-17 14:27:48,695 [3350fcee-efa5-466a-bd09-11f11345576c@group-DF823C0FE170-FollowerState] INFO  impl.FollowerState (FollowerState.java:run(143)) - 3350fcee-efa5-466a-bd09-11f11345576c@group-DF823C0FE170-FollowerState: change to CANDIDATE, lastRpcElapsedTime:5100636065ns, electionTimeout:5099ms
2023-06-17 14:27:48,695 [3350fcee-efa5-466a-bd09-11f11345576c@group-DF823C0FE170-FollowerState] INFO  impl.RoleInfo (RoleInfo.java:shutdownFollowerState(110)) - 3350fcee-efa5-466a-bd09-11f11345576c: shutdown 3350fcee-efa5-466a-bd09-11f11345576c@group-DF823C0FE170-FollowerState
2023-06-17 14:27:48,695 [3350fcee-efa5-466a-bd09-11f11345576c@group-DF823C0FE170-FollowerState] INFO  server.RaftServer$Division (RaftServerImpl.java:setRole(329)) - 3350fcee-efa5-466a-bd09-11f11345576c@group-DF823C0FE170: changes role from  FOLLOWER to CANDIDATE at term 0 for changeToCandidate
2023-06-17 14:27:48,695 [3350fcee-efa5-466a-bd09-11f11345576c@group-DF823C0FE170-FollowerState] INFO  server.RaftServerConfigKeys (ConfUtils.java:logGet(46)) - raft.server.leaderelection.pre-vote = true (default)
2023-06-17 14:27:48,696 [3350fcee-efa5-466a-bd09-11f11345576c@group-DF823C0FE170-FollowerState] INFO  impl.RoleInfo (RoleInfo.java:updateAndGet(139)) - 3350fcee-efa5-466a-bd09-11f11345576c: start 3350fcee-efa5-466a-bd09-11f11345576c@group-DF823C0FE170-LeaderElection9
2023-06-17 14:27:48,698 [3350fcee-efa5-466a-bd09-11f11345576c@group-DF823C0FE170-LeaderElection9] INFO  impl.LeaderElection (LeaderElection.java:askForVotes(321)) - 3350fcee-efa5-466a-bd09-11f11345576c@group-DF823C0FE170-LeaderElection9 PRE_VOTE round 0: submit vote requests at term 0 for -1: peers:[3350fcee-efa5-466a-bd09-11f11345576c|rpc:10.1.0.30:15049|admin:10.1.0.30:15048|client:10.1.0.30:15047|dataStream:10.1.0.30:15050|priority:1|startupRole:FOLLOWER]|listeners:[], old=null
2023-06-17 14:27:48,698 [3350fcee-efa5-466a-bd09-11f11345576c@group-DF823C0FE170-LeaderElection9] INFO  impl.LeaderElection (LeaderElection.java:askForVotes(323)) - 3350fcee-efa5-466a-bd09-11f11345576c@group-DF823C0FE170-LeaderElection9 PRE_VOTE round 0: result PASSED (term=0)
2023-06-17 14:27:48,700 [3350fcee-efa5-466a-bd09-11f11345576c@group-DF823C0FE170-LeaderElection9] INFO  impl.LeaderElection (LeaderElection.java:askForVotes(321)) - 3350fcee-efa5-466a-bd09-11f11345576c@group-DF823C0FE170-LeaderElection9 ELECTION round 0: submit vote requests at term 1 for -1: peers:[3350fcee-efa5-466a-bd09-11f11345576c|rpc:10.1.0.30:15049|admin:10.1.0.30:15048|client:10.1.0.30:15047|dataStream:10.1.0.30:15050|priority:1|startupRole:FOLLOWER]|listeners:[], old=null
2023-06-17 14:27:48,700 [3350fcee-efa5-466a-bd09-11f11345576c@group-DF823C0FE170-LeaderElection9] INFO  impl.LeaderElection (LeaderElection.java:askForVotes(323)) - 3350fcee-efa5-466a-bd09-11f11345576c@group-DF823C0FE170-LeaderElection9 ELECTION round 0: result PASSED (term=1)
2023-06-17 14:27:48,700 [3350fcee-efa5-466a-bd09-11f11345576c@group-DF823C0FE170-LeaderElection9] INFO  impl.RoleInfo (RoleInfo.java:shutdownLeaderElection(130)) - 3350fcee-efa5-466a-bd09-11f11345576c: shutdown 3350fcee-efa5-466a-bd09-11f11345576c@group-DF823C0FE170-LeaderElection9
2023-06-17 14:27:48,700 [3350fcee-efa5-466a-bd09-11f11345576c@group-DF823C0FE170-LeaderElection9] INFO  server.RaftServer$Division (RaftServerImpl.java:setRole(329)) - 3350fcee-efa5-466a-bd09-11f11345576c@group-DF823C0FE170: changes role from CANDIDATE to LEADER at term 1 for changeToLeader
2023-06-17 14:27:48,700 [3350fcee-efa5-466a-bd09-11f11345576c@group-DF823C0FE170-LeaderElection9] INFO  ratis.XceiverServerRatis (XceiverServerRatis.java:handleLeaderChangedNotification(902)) - Leader change notification received for group: group-DF823C0FE170 with new leaderId: 3350fcee-efa5-466a-bd09-11f11345576c
2023-06-17 14:27:48,700 [3350fcee-efa5-466a-bd09-11f11345576c@group-DF823C0FE170-LeaderElection9] INFO  server.RaftServer$Division (ServerState.java:setLeader(317)) - 3350fcee-efa5-466a-bd09-11f11345576c@group-DF823C0FE170: change Leader from null to 3350fcee-efa5-466a-bd09-11f11345576c at term 1 for becomeLeader, leader elected after 5127ms
2023-06-17 14:27:48,701 [3350fcee-efa5-466a-bd09-11f11345576c@group-DF823C0FE170-LeaderElection9] INFO  server.RaftServerConfigKeys (ConfUtils.java:logGet(46)) - raft.server.staging.catchup.gap = 1000 (default)
2023-06-17 14:27:48,701 [3350fcee-efa5-466a-bd09-11f11345576c@group-DF823C0FE170-LeaderElection9] INFO  server.RaftServerConfigKeys (ConfUtils.java:logGet(46)) - raft.server.write.element-limit = 1024 (custom)
2023-06-17 14:27:48,701 [3350fcee-efa5-466a-bd09-11f11345576c@group-DF823C0FE170-LeaderElection9] INFO  server.RaftServerConfigKeys (ConfUtils.java:logGet(46)) - raft.server.write.byte-limit = 1024 M (=1073741824) (custom)
2023-06-17 14:27:48,701 [3350fcee-efa5-466a-bd09-11f11345576c@group-DF823C0FE170-LeaderElection9] INFO  server.RaftServerConfigKeys (ConfUtils.java:logGet(46)) - raft.server.watch.timeout = 180s (custom)
2023-06-17 14:27:48,701 [3350fcee-efa5-466a-bd09-11f11345576c@group-DF823C0FE170-LeaderElection9] INFO  server.RaftServerConfigKeys (ConfUtils.java:logGet(46)) - raft.server.watch.timeout.denomination = 1s (default)
2023-06-17 14:27:48,701 [3350fcee-efa5-466a-bd09-11f11345576c@group-DF823C0FE170-LeaderElection9] INFO  server.RaftServerConfigKeys (ConfUtils.java:logGet(46)) - raft.server.watch.element-limit = 65536 (default)
2023-06-17 14:27:48,701 [3350fcee-efa5-466a-bd09-11f11345576c@group-DF823C0FE170-LeaderElection9] INFO  server.RaftServerConfigKeys (ConfUtils.java:logGet(46)) - raft.server.write.element-limit = 1024 (custom)
2023-06-17 14:27:48,701 [3350fcee-efa5-466a-bd09-11f11345576c@group-DF823C0FE170-LeaderElection9] INFO  server.RaftServerConfigKeys (ConfUtils.java:logGet(46)) - raft.server.write.follower.gap.ratio.max = -1.0 (default)
2023-06-17 14:27:48,702 [3350fcee-efa5-466a-bd09-11f11345576c@group-DF823C0FE170-LeaderElection9] INFO  impl.RoleInfo (RoleInfo.java:updateAndGet(139)) - 3350fcee-efa5-466a-bd09-11f11345576c: start 3350fcee-efa5-466a-bd09-11f11345576c@group-DF823C0FE170-LeaderStateImpl
2023-06-17 14:27:48,702 [3350fcee-efa5-466a-bd09-11f11345576c@group-DF823C0FE170-LeaderElection9] INFO  segmented.SegmentedRaftLogWorker (SegmentedRaftLogWorker.java:startLogSegment(447)) - 3350fcee-efa5-466a-bd09-11f11345576c@group-DF823C0FE170-SegmentedRaftLogWorker: Starting segment from index:0
2023-06-17 14:27:48,707 [3350fcee-efa5-466a-bd09-11f11345576c@group-DF823C0FE170-LeaderElection9] INFO  server.RaftServer$Division (ServerState.java:setRaftConf(434)) - 3350fcee-efa5-466a-bd09-11f11345576c@group-DF823C0FE170: set configuration 0: peers:[3350fcee-efa5-466a-bd09-11f11345576c|rpc:10.1.0.30:15049|admin:10.1.0.30:15048|client:10.1.0.30:15047|dataStream:10.1.0.30:15050|priority:1|startupRole:FOLLOWER]|listeners:[], old=null
2023-06-17 14:27:48,711 [3350fcee-efa5-466a-bd09-11f11345576c@group-DF823C0FE170-SegmentedRaftLogWorker] INFO  segmented.SegmentedRaftLogWorker (SegmentedRaftLogWorker.java:execute(651)) - 3350fcee-efa5-466a-bd09-11f11345576c@group-DF823C0FE170-SegmentedRaftLogWorker: created new log segment /home/runner/work/ozone/ozone/hadoop-ozone/integration-test/target/test-dir/MiniOzoneClusterImpl-a6c569a4-67a5-46a9-84bc-d3902a35496e/datanode-0/data/ratis/9f06d97b-7dc9-4ecc-8cfb-df823c0fe170/current/log_inprogress_0
2023-06-17 14:27:48,712 [EventQueue-OpenPipelineForHealthyPipelineSafeModeRule] INFO  safemode.SCMSafeModeManager (HealthyPipelineSafeModeRule.java:process(137)) - SCM in safe mode. Healthy pipelines reported count is 0, required healthy pipeline reported count is 1
2023-06-17 14:27:48,739 [3350fcee-efa5-466a-bd09-11f11345576c@group-3DC03F0A7933-FollowerState] INFO  impl.FollowerState (FollowerState.java:run(143)) - 3350fcee-efa5-466a-bd09-11f11345576c@group-3DC03F0A7933-FollowerState: change to CANDIDATE, lastRpcElapsedTime:5121695517ns, electionTimeout:5121ms
2023-06-17 14:27:48,739 [3350fcee-efa5-466a-bd09-11f11345576c@group-3DC03F0A7933-FollowerState] INFO  impl.RoleInfo (RoleInfo.java:shutdownFollowerState(110)) - 3350fcee-efa5-466a-bd09-11f11345576c: shutdown 3350fcee-efa5-466a-bd09-11f11345576c@group-3DC03F0A7933-FollowerState
2023-06-17 14:27:48,739 [3350fcee-efa5-466a-bd09-11f11345576c@group-3DC03F0A7933-FollowerState] INFO  server.RaftServer$Division (RaftServerImpl.java:setRole(329)) - 3350fcee-efa5-466a-bd09-11f11345576c@group-3DC03F0A7933: changes role from  FOLLOWER to CANDIDATE at term 0 for changeToCandidate
2023-06-17 14:27:48,739 [3350fcee-efa5-466a-bd09-11f11345576c@group-3DC03F0A7933-FollowerState] INFO  server.RaftServerConfigKeys (ConfUtils.java:logGet(46)) - raft.server.leaderelection.pre-vote = true (default)
2023-06-17 14:27:48,739 [3350fcee-efa5-466a-bd09-11f11345576c@group-3DC03F0A7933-FollowerState] INFO  impl.RoleInfo (RoleInfo.java:updateAndGet(139)) - 3350fcee-efa5-466a-bd09-11f11345576c: start 3350fcee-efa5-466a-bd09-11f11345576c@group-3DC03F0A7933-LeaderElection10
2023-06-17 14:27:48,748 [3350fcee-efa5-466a-bd09-11f11345576c@group-3DC03F0A7933-LeaderElection10] INFO  impl.LeaderElection (LeaderElection.java:askForVotes(321)) - 3350fcee-efa5-466a-bd09-11f11345576c@group-3DC03F0A7933-LeaderElection10 PRE_VOTE round 0: submit vote requests at term 0 for -1: peers:[ed11e02f-92ab-4020-a18d-0125a70774e0|rpc:10.1.0.30:15058|admin:10.1.0.30:15057|client:10.1.0.30:15056|dataStream:10.1.0.30:15059|priority:0|startupRole:FOLLOWER, 3350fcee-efa5-466a-bd09-11f11345576c|rpc:10.1.0.30:15049|admin:10.1.0.30:15048|client:10.1.0.30:15047|dataStream:10.1.0.30:15050|priority:1|startupRole:FOLLOWER, 11f1b3f3-e9f6-4126-b930-768e27d5f26c|rpc:10.1.0.30:15067|admin:10.1.0.30:15066|client:10.1.0.30:15065|dataStream:10.1.0.30:15068|priority:0|startupRole:FOLLOWER]|listeners:[], old=null
2023-06-17 14:27:48,748 [3350fcee-efa5-466a-bd09-11f11345576c@group-3DC03F0A7933-LeaderElection10] INFO  server.RaftServerConfigKeys (ConfUtils.java:logFallback(53)) - raft.server.rpc.first-election.timeout.min = 5s (fallback to raft.server.rpc.timeout.min)
2023-06-17 14:27:48,748 [3350fcee-efa5-466a-bd09-11f11345576c@group-3DC03F0A7933-LeaderElection10-1] INFO  server.GrpcServerProtocolClient (GrpcServerProtocolClient.java:<init>(65)) - Build channel for ed11e02f-92ab-4020-a18d-0125a70774e0
2023-06-17 14:27:48,748 [3350fcee-efa5-466a-bd09-11f11345576c@group-3DC03F0A7933-LeaderElection10] INFO  server.RaftServerConfigKeys (ConfUtils.java:logFallback(53)) - raft.server.rpc.first-election.timeout.max = 5200ms (fallback to raft.server.rpc.timeout.max)
2023-06-17 14:27:48,749 [3350fcee-efa5-466a-bd09-11f11345576c@group-3DC03F0A7933-LeaderElection10-2] INFO  server.GrpcServerProtocolClient (GrpcServerProtocolClient.java:<init>(65)) - Build channel for 11f1b3f3-e9f6-4126-b930-768e27d5f26c
2023-06-17 14:27:48,753 [ed11e02f-92ab-4020-a18d-0125a70774e0@group-3DC03F0A7933-FollowerState] INFO  impl.FollowerState (FollowerState.java:run(143)) - ed11e02f-92ab-4020-a18d-0125a70774e0@group-3DC03F0A7933-FollowerState: change to CANDIDATE, lastRpcElapsedTime:5089563222ns, electionTimeout:5089ms
2023-06-17 14:27:48,753 [ed11e02f-92ab-4020-a18d-0125a70774e0@group-3DC03F0A7933-FollowerState] INFO  impl.RoleInfo (RoleInfo.java:shutdownFollowerState(110)) - ed11e02f-92ab-4020-a18d-0125a70774e0: shutdown ed11e02f-92ab-4020-a18d-0125a70774e0@group-3DC03F0A7933-FollowerState
2023-06-17 14:27:48,753 [ed11e02f-92ab-4020-a18d-0125a70774e0@group-3DC03F0A7933-FollowerState] INFO  server.RaftServer$Division (RaftServerImpl.java:setRole(329)) - ed11e02f-92ab-4020-a18d-0125a70774e0@group-3DC03F0A7933: changes role from  FOLLOWER to CANDIDATE at term 0 for changeToCandidate
2023-06-17 14:27:48,754 [ed11e02f-92ab-4020-a18d-0125a70774e0@group-3DC03F0A7933-FollowerState] INFO  server.RaftServerConfigKeys (ConfUtils.java:logGet(46)) - raft.server.leaderelection.pre-vote = true (default)
2023-06-17 14:27:48,754 [ed11e02f-92ab-4020-a18d-0125a70774e0@group-3DC03F0A7933-FollowerState] INFO  impl.RoleInfo (RoleInfo.java:updateAndGet(139)) - ed11e02f-92ab-4020-a18d-0125a70774e0: start ed11e02f-92ab-4020-a18d-0125a70774e0@group-3DC03F0A7933-LeaderElection11
2023-06-17 14:27:48,766 [ed11e02f-92ab-4020-a18d-0125a70774e0@group-3DC03F0A7933-LeaderElection11] INFO  impl.LeaderElection (LeaderElection.java:askForVotes(321)) - ed11e02f-92ab-4020-a18d-0125a70774e0@group-3DC03F0A7933-LeaderElection11 PRE_VOTE round 0: submit vote requests at term 0 for -1: peers:[ed11e02f-92ab-4020-a18d-0125a70774e0|rpc:10.1.0.30:15058|admin:10.1.0.30:15057|client:10.1.0.30:15056|dataStream:10.1.0.30:15059|priority:0|startupRole:FOLLOWER, 3350fcee-efa5-466a-bd09-11f11345576c|rpc:10.1.0.30:15049|admin:10.1.0.30:15048|client:10.1.0.30:15047|dataStream:10.1.0.30:15050|priority:1|startupRole:FOLLOWER, 11f1b3f3-e9f6-4126-b930-768e27d5f26c|rpc:10.1.0.30:15067|admin:10.1.0.30:15066|client:10.1.0.30:15065|dataStream:10.1.0.30:15068|priority:0|startupRole:FOLLOWER]|listeners:[], old=null
2023-06-17 14:27:48,767 [ed11e02f-92ab-4020-a18d-0125a70774e0@group-3DC03F0A7933-LeaderElection11-1] INFO  server.GrpcServerProtocolClient (GrpcServerProtocolClient.java:<init>(65)) - Build channel for 3350fcee-efa5-466a-bd09-11f11345576c
2023-06-17 14:27:48,772 [ed11e02f-92ab-4020-a18d-0125a70774e0@group-3DC03F0A7933-LeaderElection11] INFO  server.RaftServerConfigKeys (ConfUtils.java:logFallback(53)) - raft.server.rpc.first-election.timeout.min = 5s (fallback to raft.server.rpc.timeout.min)
2023-06-17 14:27:48,772 [ed11e02f-92ab-4020-a18d-0125a70774e0@group-3DC03F0A7933-LeaderElection11] INFO  server.RaftServerConfigKeys (ConfUtils.java:logFallback(53)) - raft.server.rpc.first-election.timeout.max = 5200ms (fallback to raft.server.rpc.timeout.max)
2023-06-17 14:27:48,774 [ed11e02f-92ab-4020-a18d-0125a70774e0@group-3DC03F0A7933-LeaderElection11-2] INFO  server.GrpcServerProtocolClient (GrpcServerProtocolClient.java:<init>(65)) - Build channel for 11f1b3f3-e9f6-4126-b930-768e27d5f26c
2023-06-17 14:27:48,787 [grpc-default-executor-0] INFO  server.RaftServer$Division (RaftServerImpl.java:requestVote(1302)) - ed11e02f-92ab-4020-a18d-0125a70774e0@group-3DC03F0A7933: receive requestVote(PRE_VOTE, 3350fcee-efa5-466a-bd09-11f11345576c, group-3DC03F0A7933, 0, (t:0, i:0))
2023-06-17 14:27:48,787 [grpc-default-executor-0] INFO  impl.VoteContext (VoteContext.java:log(49)) - ed11e02f-92ab-4020-a18d-0125a70774e0@group-3DC03F0A7933-CANDIDATE: accept PRE_VOTE from 3350fcee-efa5-466a-bd09-11f11345576c: our priority 0 <= candidate's priority 1
2023-06-17 14:27:48,787 [grpc-default-executor-0] INFO  server.RaftServer$Division (RaftServerImpl.java:requestVote(1335)) - ed11e02f-92ab-4020-a18d-0125a70774e0@group-3DC03F0A7933 replies to PRE_VOTE vote request: 3350fcee-efa5-466a-bd09-11f11345576c<-ed11e02f-92ab-4020-a18d-0125a70774e0#0:OK-t0. Peer's state: ed11e02f-92ab-4020-a18d-0125a70774e0@group-3DC03F0A7933:t0, leader=null, voted=, raftlog=Memoized:ed11e02f-92ab-4020-a18d-0125a70774e0@group-3DC03F0A7933-SegmentedRaftLog:OPENED:c-1, conf=-1: peers:[ed11e02f-92ab-4020-a18d-0125a70774e0|rpc:10.1.0.30:15058|admin:10.1.0.30:15057|client:10.1.0.30:15056|dataStream:10.1.0.30:15059|priority:0|startupRole:FOLLOWER, 3350fcee-efa5-466a-bd09-11f11345576c|rpc:10.1.0.30:15049|admin:10.1.0.30:15048|client:10.1.0.30:15047|dataStream:10.1.0.30:15050|priority:1|startupRole:FOLLOWER, 11f1b3f3-e9f6-4126-b930-768e27d5f26c|rpc:10.1.0.30:15067|admin:10.1.0.30:15066|client:10.1.0.30:15065|dataStream:10.1.0.30:15068|priority:0|startupRole:FOLLOWER]|listeners:[], old=null
2023-06-17 14:27:48,789 [3350fcee-efa5-466a-bd09-11f11345576c@group-3DC03F0A7933-LeaderElection10] INFO  impl.LeaderElection (LeaderElection.java:logAndReturn(90)) - 3350fcee-efa5-466a-bd09-11f11345576c@group-3DC03F0A7933-LeaderElection10: PRE_VOTE PASSED received 1 response(s) and 0 exception(s):
2023-06-17 14:27:48,789 [3350fcee-efa5-466a-bd09-11f11345576c@group-3DC03F0A7933-LeaderElection10] INFO  impl.LeaderElection (LeaderElection.java:logAndReturn(94)) -   Response 0: 3350fcee-efa5-466a-bd09-11f11345576c<-ed11e02f-92ab-4020-a18d-0125a70774e0#0:OK-t0
2023-06-17 14:27:48,789 [3350fcee-efa5-466a-bd09-11f11345576c@group-3DC03F0A7933-LeaderElection10] INFO  impl.LeaderElection (LeaderElection.java:askForVotes(323)) - 3350fcee-efa5-466a-bd09-11f11345576c@group-3DC03F0A7933-LeaderElection10 PRE_VOTE round 0: result PASSED
2023-06-17 14:27:48,790 [grpc-default-executor-1] INFO  server.RaftServer$Division (RaftServerImpl.java:requestVote(1302)) - 11f1b3f3-e9f6-4126-b930-768e27d5f26c@group-3DC03F0A7933: receive requestVote(PRE_VOTE, 3350fcee-efa5-466a-bd09-11f11345576c, group-3DC03F0A7933, 0, (t:0, i:0))
2023-06-17 14:27:48,791 [grpc-default-executor-1] INFO  impl.VoteContext (VoteContext.java:log(49)) - 11f1b3f3-e9f6-4126-b930-768e27d5f26c@group-3DC03F0A7933-FOLLOWER: accept PRE_VOTE from 3350fcee-efa5-466a-bd09-11f11345576c: our priority 0 <= candidate's priority 1
2023-06-17 14:27:48,792 [3350fcee-efa5-466a-bd09-11f11345576c@group-3DC03F0A7933-LeaderElection10] INFO  impl.LeaderElection (LeaderElection.java:askForVotes(321)) - 3350fcee-efa5-466a-bd09-11f11345576c@group-3DC03F0A7933-LeaderElection10 ELECTION round 0: submit vote requests at term 1 for -1: peers:[ed11e02f-92ab-4020-a18d-0125a70774e0|rpc:10.1.0.30:15058|admin:10.1.0.30:15057|client:10.1.0.30:15056|dataStream:10.1.0.30:15059|priority:0|startupRole:FOLLOWER, 3350fcee-efa5-466a-bd09-11f11345576c|rpc:10.1.0.30:15049|admin:10.1.0.30:15048|client:10.1.0.30:15047|dataStream:10.1.0.30:15050|priority:1|startupRole:FOLLOWER, 11f1b3f3-e9f6-4126-b930-768e27d5f26c|rpc:10.1.0.30:15067|admin:10.1.0.30:15066|client:10.1.0.30:15065|dataStream:10.1.0.30:15068|priority:0|startupRole:FOLLOWER]|listeners:[], old=null
2023-06-17 14:27:48,792 [grpc-default-executor-1] INFO  server.RaftServer$Division (RaftServerImpl.java:requestVote(1335)) - 11f1b3f3-e9f6-4126-b930-768e27d5f26c@group-3DC03F0A7933 replies to PRE_VOTE vote request: 3350fcee-efa5-466a-bd09-11f11345576c<-11f1b3f3-e9f6-4126-b930-768e27d5f26c#0:OK-t0. Peer's state: 11f1b3f3-e9f6-4126-b930-768e27d5f26c@group-3DC03F0A7933:t0, leader=null, voted=, raftlog=Memoized:11f1b3f3-e9f6-4126-b930-768e27d5f26c@group-3DC03F0A7933-SegmentedRaftLog:OPENED:c-1, conf=-1: peers:[ed11e02f-92ab-4020-a18d-0125a70774e0|rpc:10.1.0.30:15058|admin:10.1.0.30:15057|client:10.1.0.30:15056|dataStream:10.1.0.30:15059|priority:0|startupRole:FOLLOWER, 3350fcee-efa5-466a-bd09-11f11345576c|rpc:10.1.0.30:15049|admin:10.1.0.30:15048|client:10.1.0.30:15047|dataStream:10.1.0.30:15050|priority:1|startupRole:FOLLOWER, 11f1b3f3-e9f6-4126-b930-768e27d5f26c|rpc:10.1.0.30:15067|admin:10.1.0.30:15066|client:10.1.0.30:15065|dataStream:10.1.0.30:15068|priority:0|startupRole:FOLLOWER]|listeners:[], old=null
2023-06-17 14:27:48,796 [3350fcee-efa5-466a-bd09-11f11345576c@group-3DC03F0A7933-LeaderElection10] INFO  server.RaftServerConfigKeys (ConfUtils.java:logFallback(53)) - raft.server.rpc.first-election.timeout.min = 5s (fallback to raft.server.rpc.timeout.min)
2023-06-17 14:27:48,796 [3350fcee-efa5-466a-bd09-11f11345576c@group-3DC03F0A7933-LeaderElection10] INFO  server.RaftServerConfigKeys (ConfUtils.java:logFallback(53)) - raft.server.rpc.first-election.timeout.max = 5200ms (fallback to raft.server.rpc.timeout.max)
2023-06-17 14:27:48,807 [grpc-default-executor-3] INFO  server.RaftServer$Division (RaftServerImpl.java:requestVote(1302)) - ed11e02f-92ab-4020-a18d-0125a70774e0@group-3DC03F0A7933: receive requestVote(ELECTION, 3350fcee-efa5-466a-bd09-11f11345576c, group-3DC03F0A7933, 1, (t:0, i:0))
2023-06-17 14:27:48,807 [grpc-default-executor-3] INFO  impl.VoteContext (VoteContext.java:log(49)) - ed11e02f-92ab-4020-a18d-0125a70774e0@group-3DC03F0A7933-CANDIDATE: accept ELECTION from 3350fcee-efa5-466a-bd09-11f11345576c: our priority 0 <= candidate's priority 1
2023-06-17 14:27:48,808 [grpc-default-executor-3] INFO  server.RaftServer$Division (RaftServerImpl.java:setRole(329)) - ed11e02f-92ab-4020-a18d-0125a70774e0@group-3DC03F0A7933: changes role from CANDIDATE to FOLLOWER at term 1 for candidate:3350fcee-efa5-466a-bd09-11f11345576c
2023-06-17 14:27:48,808 [grpc-default-executor-3] INFO  impl.RoleInfo (RoleInfo.java:shutdownLeaderElection(130)) - ed11e02f-92ab-4020-a18d-0125a70774e0: shutdown ed11e02f-92ab-4020-a18d-0125a70774e0@group-3DC03F0A7933-LeaderElection11
2023-06-17 14:27:48,808 [grpc-default-executor-3] INFO  impl.RoleInfo (RoleInfo.java:updateAndGet(139)) - ed11e02f-92ab-4020-a18d-0125a70774e0: start ed11e02f-92ab-4020-a18d-0125a70774e0@group-3DC03F0A7933-FollowerState
2023-06-17 14:27:48,818 [grpc-default-executor-1] INFO  server.RaftServer$Division (RaftServerImpl.java:requestVote(1302)) - 3350fcee-efa5-466a-bd09-11f11345576c@group-3DC03F0A7933: receive requestVote(PRE_VOTE, ed11e02f-92ab-4020-a18d-0125a70774e0, group-3DC03F0A7933, 0, (t:0, i:0))
2023-06-17 14:27:48,819 [grpc-default-executor-1] INFO  impl.VoteContext (VoteContext.java:log(49)) - 3350fcee-efa5-466a-bd09-11f11345576c@group-3DC03F0A7933-CANDIDATE: reject PRE_VOTE from ed11e02f-92ab-4020-a18d-0125a70774e0: our priority 1 > candidate's priority 0
2023-06-17 14:27:48,819 [grpc-default-executor-1] INFO  server.RaftServer$Division (RaftServerImpl.java:requestVote(1335)) - 3350fcee-efa5-466a-bd09-11f11345576c@group-3DC03F0A7933 replies to PRE_VOTE vote request: ed11e02f-92ab-4020-a18d-0125a70774e0<-3350fcee-efa5-466a-bd09-11f11345576c#0:FAIL-t1. Peer's state: 3350fcee-efa5-466a-bd09-11f11345576c@group-3DC03F0A7933:t1, leader=null, voted=3350fcee-efa5-466a-bd09-11f11345576c, raftlog=Memoized:3350fcee-efa5-466a-bd09-11f11345576c@group-3DC03F0A7933-SegmentedRaftLog:OPENED:c-1, conf=-1: peers:[ed11e02f-92ab-4020-a18d-0125a70774e0|rpc:10.1.0.30:15058|admin:10.1.0.30:15057|client:10.1.0.30:15056|dataStream:10.1.0.30:15059|priority:0|startupRole:FOLLOWER, 3350fcee-efa5-466a-bd09-11f11345576c|rpc:10.1.0.30:15049|admin:10.1.0.30:15048|client:10.1.0.30:15047|dataStream:10.1.0.30:15050|priority:1|startupRole:FOLLOWER, 11f1b3f3-e9f6-4126-b930-768e27d5f26c|rpc:10.1.0.30:15067|admin:10.1.0.30:15066|client:10.1.0.30:15065|dataStream:10.1.0.30:15068|priority:0|startupRole:FOLLOWER]|listeners:[], old=null
2023-06-17 14:27:48,821 [ed11e02f-92ab-4020-a18d-0125a70774e0@group-3DC03F0A7933-LeaderElection11] INFO  impl.LeaderElection (LeaderElection.java:logAndReturn(90)) - ed11e02f-92ab-4020-a18d-0125a70774e0@group-3DC03F0A7933-LeaderElection11: PRE_VOTE DISCOVERED_A_NEW_TERM (term=1) received 1 response(s) and 0 exception(s):
2023-06-17 14:27:48,821 [ed11e02f-92ab-4020-a18d-0125a70774e0@group-3DC03F0A7933-LeaderElection11] INFO  impl.LeaderElection (LeaderElection.java:logAndReturn(94)) -   Response 0: ed11e02f-92ab-4020-a18d-0125a70774e0<-3350fcee-efa5-466a-bd09-11f11345576c#0:FAIL-t1
2023-06-17 14:27:48,821 [ed11e02f-92ab-4020-a18d-0125a70774e0@group-3DC03F0A7933-LeaderElection11] INFO  impl.LeaderElection (LeaderElection.java:askForVotes(323)) - ed11e02f-92ab-4020-a18d-0125a70774e0@group-3DC03F0A7933-LeaderElection11 PRE_VOTE round 0: result DISCOVERED_A_NEW_TERM (term=1)
2023-06-17 14:27:48,822 [grpc-default-executor-1] INFO  server.RaftServer$Division (RaftServerImpl.java:requestVote(1302)) - 11f1b3f3-e9f6-4126-b930-768e27d5f26c@group-3DC03F0A7933: receive requestVote(PRE_VOTE, ed11e02f-92ab-4020-a18d-0125a70774e0, group-3DC03F0A7933, 0, (t:0, i:0))
2023-06-17 14:27:48,822 [grpc-default-executor-1] INFO  impl.VoteContext (VoteContext.java:log(49)) - 11f1b3f3-e9f6-4126-b930-768e27d5f26c@group-3DC03F0A7933-FOLLOWER: accept PRE_VOTE from ed11e02f-92ab-4020-a18d-0125a70774e0: our priority 0 <= candidate's priority 0
2023-06-17 14:27:48,822 [grpc-default-executor-3] INFO  server.RaftServer$Division (RaftServerImpl.java:requestVote(1335)) - ed11e02f-92ab-4020-a18d-0125a70774e0@group-3DC03F0A7933 replies to ELECTION vote request: 3350fcee-efa5-466a-bd09-11f11345576c<-ed11e02f-92ab-4020-a18d-0125a70774e0#0:OK-t1. Peer's state: ed11e02f-92ab-4020-a18d-0125a70774e0@group-3DC03F0A7933:t1, leader=null, voted=3350fcee-efa5-466a-bd09-11f11345576c, raftlog=Memoized:ed11e02f-92ab-4020-a18d-0125a70774e0@group-3DC03F0A7933-SegmentedRaftLog:OPENED:c-1, conf=-1: peers:[ed11e02f-92ab-4020-a18d-0125a70774e0|rpc:10.1.0.30:15058|admin:10.1.0.30:15057|client:10.1.0.30:15056|dataStream:10.1.0.30:15059|priority:0|startupRole:FOLLOWER, 3350fcee-efa5-466a-bd09-11f11345576c|rpc:10.1.0.30:15049|admin:10.1.0.30:15048|client:10.1.0.30:15047|dataStream:10.1.0.30:15050|priority:1|startupRole:FOLLOWER, 11f1b3f3-e9f6-4126-b930-768e27d5f26c|rpc:10.1.0.30:15067|admin:10.1.0.30:15066|client:10.1.0.30:15065|dataStream:10.1.0.30:15068|priority:0|startupRole:FOLLOWER]|listeners:[], old=null
2023-06-17 14:27:48,823 [grpc-default-executor-2] INFO  server.RaftServer$Division (RaftServerImpl.java:requestVote(1302)) - 11f1b3f3-e9f6-4126-b930-768e27d5f26c@group-3DC03F0A7933: receive requestVote(ELECTION, 3350fcee-efa5-466a-bd09-11f11345576c, group-3DC03F0A7933, 1, (t:0, i:0))
2023-06-17 14:27:48,822 [grpc-default-executor-1] INFO  server.RaftServer$Division (RaftServerImpl.java:requestVote(1335)) - 11f1b3f3-e9f6-4126-b930-768e27d5f26c@group-3DC03F0A7933 replies to PRE_VOTE vote request: ed11e02f-92ab-4020-a18d-0125a70774e0<-11f1b3f3-e9f6-4126-b930-768e27d5f26c#0:OK-t0. Peer's state: 11f1b3f3-e9f6-4126-b930-768e27d5f26c@group-3DC03F0A7933:t0, leader=null, voted=, raftlog=Memoized:11f1b3f3-e9f6-4126-b930-768e27d5f26c@group-3DC03F0A7933-SegmentedRaftLog:OPENED:c-1, conf=-1: peers:[ed11e02f-92ab-4020-a18d-0125a70774e0|rpc:10.1.0.30:15058|admin:10.1.0.30:15057|client:10.1.0.30:15056|dataStream:10.1.0.30:15059|priority:0|startupRole:FOLLOWER, 3350fcee-efa5-466a-bd09-11f11345576c|rpc:10.1.0.30:15049|admin:10.1.0.30:15048|client:10.1.0.30:15047|dataStream:10.1.0.30:15050|priority:1|startupRole:FOLLOWER, 11f1b3f3-e9f6-4126-b930-768e27d5f26c|rpc:10.1.0.30:15067|admin:10.1.0.30:15066|client:10.1.0.30:15065|dataStream:10.1.0.30:15068|priority:0|startupRole:FOLLOWER]|listeners:[], old=null
2023-06-17 14:27:48,825 [grpc-default-executor-2] INFO  impl.VoteContext (VoteContext.java:log(49)) - 11f1b3f3-e9f6-4126-b930-768e27d5f26c@group-3DC03F0A7933-FOLLOWER: accept ELECTION from 3350fcee-efa5-466a-bd09-11f11345576c: our priority 0 <= candidate's priority 1
2023-06-17 14:27:48,825 [grpc-default-executor-2] INFO  server.RaftServer$Division (RaftServerImpl.java:setRole(329)) - 11f1b3f3-e9f6-4126-b930-768e27d5f26c@group-3DC03F0A7933: changes role from  FOLLOWER to FOLLOWER at term 1 for candidate:3350fcee-efa5-466a-bd09-11f11345576c
2023-06-17 14:27:48,825 [grpc-default-executor-2] INFO  impl.RoleInfo (RoleInfo.java:shutdownFollowerState(110)) - 11f1b3f3-e9f6-4126-b930-768e27d5f26c: shutdown 11f1b3f3-e9f6-4126-b930-768e27d5f26c@group-3DC03F0A7933-FollowerState
2023-06-17 14:27:48,826 [11f1b3f3-e9f6-4126-b930-768e27d5f26c@group-3DC03F0A7933-FollowerState] INFO  impl.FollowerState (FollowerState.java:run(152)) - 11f1b3f3-e9f6-4126-b930-768e27d5f26c@group-3DC03F0A7933-FollowerState was interrupted
2023-06-17 14:27:48,834 [3350fcee-efa5-466a-bd09-11f11345576c@group-3DC03F0A7933-LeaderElection10] INFO  impl.LeaderElection (LeaderElection.java:logAndReturn(90)) - 3350fcee-efa5-466a-bd09-11f11345576c@group-3DC03F0A7933-LeaderElection10: ELECTION PASSED received 1 response(s) and 0 exception(s):
2023-06-17 14:27:48,834 [3350fcee-efa5-466a-bd09-11f11345576c@group-3DC03F0A7933-LeaderElection10] INFO  impl.LeaderElection (LeaderElection.java:logAndReturn(94)) -   Response 0: 3350fcee-efa5-466a-bd09-11f11345576c<-ed11e02f-92ab-4020-a18d-0125a70774e0#0:OK-t1
2023-06-17 14:27:48,834 [3350fcee-efa5-466a-bd09-11f11345576c@group-3DC03F0A7933-LeaderElection10] INFO  impl.LeaderElection (LeaderElection.java:askForVotes(323)) - 3350fcee-efa5-466a-bd09-11f11345576c@group-3DC03F0A7933-LeaderElection10 ELECTION round 0: result PASSED
2023-06-17 14:27:48,834 [3350fcee-efa5-466a-bd09-11f11345576c@group-3DC03F0A7933-LeaderElection10] INFO  impl.RoleInfo (RoleInfo.java:shutdownLeaderElection(130)) - 3350fcee-efa5-466a-bd09-11f11345576c: shutdown 3350fcee-efa5-466a-bd09-11f11345576c@group-3DC03F0A7933-LeaderElection10
2023-06-17 14:27:48,834 [3350fcee-efa5-466a-bd09-11f11345576c@group-3DC03F0A7933-LeaderElection10] INFO  server.RaftServer$Division (RaftServerImpl.java:setRole(329)) - 3350fcee-efa5-466a-bd09-11f11345576c@group-3DC03F0A7933: changes role from CANDIDATE to LEADER at term 1 for changeToLeader
2023-06-17 14:27:48,834 [3350fcee-efa5-466a-bd09-11f11345576c@group-3DC03F0A7933-LeaderElection10] INFO  ratis.XceiverServerRatis (XceiverServerRatis.java:handleLeaderChangedNotification(902)) - Leader change notification received for group: group-3DC03F0A7933 with new leaderId: 3350fcee-efa5-466a-bd09-11f11345576c
2023-06-17 14:27:48,834 [3350fcee-efa5-466a-bd09-11f11345576c@group-3DC03F0A7933-LeaderElection10] INFO  server.RaftServer$Division (ServerState.java:setLeader(317)) - 3350fcee-efa5-466a-bd09-11f11345576c@group-3DC03F0A7933: change Leader from null to 3350fcee-efa5-466a-bd09-11f11345576c at term 1 for becomeLeader, leader elected after 5235ms
2023-06-17 14:27:48,834 [3350fcee-efa5-466a-bd09-11f11345576c@group-3DC03F0A7933-LeaderElection10] INFO  server.RaftServerConfigKeys (ConfUtils.java:logGet(46)) - raft.server.staging.catchup.gap = 1000 (default)
2023-06-17 14:27:48,835 [3350fcee-efa5-466a-bd09-11f11345576c@group-3DC03F0A7933-LeaderElection10] INFO  server.RaftServerConfigKeys (ConfUtils.java:logGet(46)) - raft.server.write.element-limit = 1024 (custom)
2023-06-17 14:27:48,835 [3350fcee-efa5-466a-bd09-11f11345576c@group-3DC03F0A7933-LeaderElection10] INFO  server.RaftServerConfigKeys (ConfUtils.java:logGet(46)) - raft.server.write.byte-limit = 1024 M (=1073741824) (custom)
2023-06-17 14:27:48,835 [3350fcee-efa5-466a-bd09-11f11345576c@group-3DC03F0A7933-LeaderElection10] INFO  server.RaftServerConfigKeys (ConfUtils.java:logGet(46)) - raft.server.watch.timeout = 180s (custom)
2023-06-17 14:27:48,835 [3350fcee-efa5-466a-bd09-11f11345576c@group-3DC03F0A7933-LeaderElection10] INFO  server.RaftServerConfigKeys (ConfUtils.java:logGet(46)) - raft.server.watch.timeout.denomination = 1s (default)
2023-06-17 14:27:48,835 [3350fcee-efa5-466a-bd09-11f11345576c@group-3DC03F0A7933-LeaderElection10] INFO  server.RaftServerConfigKeys (ConfUtils.java:logGet(46)) - raft.server.watch.element-limit = 65536 (default)
2023-06-17 14:27:48,836 [3350fcee-efa5-466a-bd09-11f11345576c@group-3DC03F0A7933-LeaderElection10] INFO  server.RaftServerConfigKeys (ConfUtils.java:logGet(46)) - raft.server.write.element-limit = 1024 (custom)
2023-06-17 14:27:48,836 [3350fcee-efa5-466a-bd09-11f11345576c@group-3DC03F0A7933-LeaderElection10] INFO  server.RaftServerConfigKeys (ConfUtils.java:logGet(46)) - raft.server.write.follower.gap.ratio.max = -1.0 (default)
2023-06-17 14:27:48,837 [3350fcee-efa5-466a-bd09-11f11345576c@group-3DC03F0A7933-LeaderElection10] INFO  server.RaftServerConfigKeys (ConfUtils.java:logGet(46)) - raft.server.log.appender.snapshot.chunk.size.max = 16MB (=16777216) (default)
2023-06-17 14:27:48,837 [EventQueue-PipelineReportForPipelineReportHandler] INFO  pipeline.PipelineManagerImpl (PipelineManagerImpl.java:openPipeline(367)) - Pipeline Pipeline[ Id: c21ba41b-e2b9-4624-80d3-3dc03f0a7933, Nodes: ed11e02f-92ab-4020-a18d-0125a70774e0(fv-az1035-386.p4kjid14prhuxkk4m0x4prg4bg.cx.internal.cloudapp.net/10.1.0.30)3350fcee-efa5-466a-bd09-11f11345576c(fv-az1035-386.p4kjid14prhuxkk4m0x4prg4bg.cx.internal.cloudapp.net/10.1.0.30)11f1b3f3-e9f6-4126-b930-768e27d5f26c(fv-az1035-386.p4kjid14prhuxkk4m0x4prg4bg.cx.internal.cloudapp.net/10.1.0.30), ReplicationConfig: RATIS/THREE, State:ALLOCATED, leaderId:3350fcee-efa5-466a-bd09-11f11345576c, CreationTimestamp2023-06-17T14:27:41.240Z[Etc/UTC]] moved to OPEN state
2023-06-17 14:27:48,837 [3350fcee-efa5-466a-bd09-11f11345576c@group-3DC03F0A7933-LeaderElection10] INFO  server.RaftServerConfigKeys (ConfUtils.java:logGet(46)) - raft.server.log.appender.buffer.byte-limit = 33554432 (custom)
2023-06-17 14:27:48,842 [3350fcee-efa5-466a-bd09-11f11345576c@group-3DC03F0A7933-LeaderElection10] INFO  server.RaftServerConfigKeys (ConfUtils.java:logGet(46)) - raft.server.log.appender.buffer.element-limit = 1 (custom)
2023-06-17 14:27:48,842 [3350fcee-efa5-466a-bd09-11f11345576c@group-3DC03F0A7933-LeaderElection10] INFO  server.RaftServerConfigKeys (ConfUtils.java:logGet(46)) - raft.server.log.appender.wait-time.min = 10ms (default)
2023-06-17 14:27:48,842 [3350fcee-efa5-466a-bd09-11f11345576c@group-3DC03F0A7933-LeaderElection10] INFO  grpc.GrpcConfigKeys (ConfUtils.java:logGet(46)) - raft.grpc.server.leader.outstanding.appends.max = 128 (default)
2023-06-17 14:27:48,842 [3350fcee-efa5-466a-bd09-11f11345576c@group-3DC03F0A7933-LeaderElection10] INFO  server.RaftServerConfigKeys (ConfUtils.java:logGet(46)) - raft.server.rpc.request.timeout = 60s (custom)
2023-06-17 14:27:48,842 [3350fcee-efa5-466a-bd09-11f11345576c@group-3DC03F0A7933-LeaderElection10] INFO  grpc.GrpcConfigKeys (ConfUtils.java:logGet(46)) - raft.grpc.server.install_snapshot.request.element-limit = 8 (default)
2023-06-17 14:27:48,842 [3350fcee-efa5-466a-bd09-11f11345576c@group-3DC03F0A7933-LeaderElection10] INFO  grpc.GrpcConfigKeys (ConfUtils.java:logGet(46)) - raft.grpc.server.install_snapshot.request.timeout = 3000ms (default)
2023-06-17 14:27:48,842 [EventQueue-OpenPipelineForHealthyPipelineSafeModeRule] INFO  safemode.SCMSafeModeManager (HealthyPipelineSafeModeRule.java:process(137)) - SCM in safe mode. Healthy pipelines reported count is 1, required healthy pipeline reported count is 1
2023-06-17 14:27:48,842 [EventQueue-OpenPipelineForHealthyPipelineSafeModeRule] INFO  safemode.SCMSafeModeManager (SCMSafeModeManager.java:validateSafeModeExitRules(200)) - HealthyPipelineSafeModeRule rule is successfully validated
2023-06-17 14:27:48,842 [EventQueue-OpenPipelineForHealthyPipelineSafeModeRule] INFO  safemode.SCMSafeModeManager (SCMSafeModeManager.java:validateSafeModeExitRules(215)) - ScmSafeModeManager, all rules are successfully validated
2023-06-17 14:27:48,842 [EventQueue-OpenPipelineForHealthyPipelineSafeModeRule] INFO  safemode.SCMSafeModeManager (SCMSafeModeManager.java:exitSafeMode(244)) - SCM exiting safe mode.
2023-06-17 14:27:48,842 [3350fcee-efa5-466a-bd09-11f11345576c@group-3DC03F0A7933-LeaderElection10] INFO  server.RaftServerConfigKeys (ConfUtils.java:logGet(46)) - raft.server.log.appender.install.snapshot.enabled = false (custom)
2023-06-17 14:27:48,842 [3350fcee-efa5-466a-bd09-11f11345576c@group-3DC03F0A7933-LeaderElection10] INFO  grpc.GrpcConfigKeys (ConfUtils.java:logGet(46)) - raft.grpc.server.heartbeat.channel = true (default)
2023-06-17 14:27:48,843 [grpc-default-executor-2] INFO  impl.RoleInfo (RoleInfo.java:updateAndGet(139)) - 11f1b3f3-e9f6-4126-b930-768e27d5f26c: start 11f1b3f3-e9f6-4126-b930-768e27d5f26c@group-3DC03F0A7933-FollowerState
2023-06-17 14:27:48,842 [EventQueue-OpenPipelineForHealthyPipelineSafeModeRule] INFO  ha.SCMContext (SCMContext.java:updateSafeModeStatus(228)) - Update SafeModeStatus from SafeModeStatus{safeModeStatus=true, preCheckPassed=true} to SafeModeStatus{safeModeStatus=false, preCheckPassed=true}.
2023-06-17 14:27:48,843 [EventQueue-OpenPipelineForHealthyPipelineSafeModeRule] INFO  pipeline.BackgroundPipelineCreator (BackgroundPipelineCreator.java:notifyStatusChanged(254)) - Service BackgroundPipelineCreator transitions to RUNNING.
2023-06-17 14:27:48,843 [EventQueue-OpenPipelineForHealthyPipelineSafeModeRule] INFO  BackgroundPipelineScrubber (BackgroundSCMService.java:notifyStatusChanged(82)) - Service BackgroundPipelineScrubber transitions to RUNNING.
2023-06-17 14:27:48,843 [EventQueue-OpenPipelineForHealthyPipelineSafeModeRule] INFO  ExpiredContainerReplicaOpScrubber (BackgroundSCMService.java:notifyStatusChanged(82)) - Service ExpiredContainerReplicaOpScrubber transitions to RUNNING.
2023-06-17 14:27:48,843 [EventQueue-OpenPipelineForHealthyPipelineSafeModeRule] INFO  replication.ReplicationManager (ReplicationManager.java:notifyStatusChanged(1361)) - Service ReplicationManager transitions to RUNNING.
2023-06-17 14:27:48,843 [3350fcee-efa5-466a-bd09-11f11345576c@group-3DC03F0A7933-LeaderElection10] INFO  server.RaftServerConfigKeys (ConfUtils.java:logGet(46)) - raft.server.log.appender.snapshot.chunk.size.max = 16MB (=16777216) (default)
2023-06-17 14:27:48,843 [3350fcee-efa5-466a-bd09-11f11345576c@group-3DC03F0A7933-LeaderElection10] INFO  server.RaftServerConfigKeys (ConfUtils.java:logGet(46)) - raft.server.log.appender.buffer.byte-limit = 33554432 (custom)
2023-06-17 14:27:48,843 [EventQueue-OpenPipelineForHealthyPipelineSafeModeRule] WARN  balancer.ContainerBalancer (ContainerBalancer.java:shouldRun(135)) - Could not find persisted configuration for ContainerBalancer when checking if ContainerBalancer should run. ContainerBalancer should not run now.
2023-06-17 14:27:48,843 [3350fcee-efa5-466a-bd09-11f11345576c@group-3DC03F0A7933-LeaderElection10] INFO  server.RaftServerConfigKeys (ConfUtils.java:logGet(46)) - raft.server.log.appender.buffer.element-limit = 1 (custom)
2023-06-17 14:27:48,844 [3350fcee-efa5-466a-bd09-11f11345576c@group-3DC03F0A7933-LeaderElection10] INFO  server.RaftServerConfigKeys (ConfUtils.java:logGet(46)) - raft.server.log.appender.wait-time.min = 10ms (default)
2023-06-17 14:27:48,844 [3350fcee-efa5-466a-bd09-11f11345576c@group-3DC03F0A7933-LeaderElection10] INFO  grpc.GrpcConfigKeys (ConfUtils.java:logGet(46)) - raft.grpc.server.leader.outstanding.appends.max = 128 (default)
2023-06-17 14:27:48,844 [3350fcee-efa5-466a-bd09-11f11345576c@group-3DC03F0A7933-LeaderElection10] INFO  server.RaftServerConfigKeys (ConfUtils.java:logGet(46)) - raft.server.rpc.request.timeout = 60s (custom)
2023-06-17 14:27:48,844 [3350fcee-efa5-466a-bd09-11f11345576c@group-3DC03F0A7933-LeaderElection10] INFO  grpc.GrpcConfigKeys (ConfUtils.java:logGet(46)) - raft.grpc.server.install_snapshot.request.element-limit = 8 (default)
2023-06-17 14:27:48,845 [3350fcee-efa5-466a-bd09-11f11345576c@group-3DC03F0A7933-LeaderElection10] INFO  grpc.GrpcConfigKeys (ConfUtils.java:logGet(46)) - raft.grpc.server.install_snapshot.request.timeout = 3000ms (default)
2023-06-17 14:27:48,845 [3350fcee-efa5-466a-bd09-11f11345576c@group-3DC03F0A7933-LeaderElection10] INFO  server.RaftServerConfigKeys (ConfUtils.java:logGet(46)) - raft.server.log.appender.install.snapshot.enabled = false (custom)
2023-06-17 14:27:48,845 [3350fcee-efa5-466a-bd09-11f11345576c@group-3DC03F0A7933-LeaderElection10] INFO  grpc.GrpcConfigKeys (ConfUtils.java:logGet(46)) - raft.grpc.server.heartbeat.channel = true (default)
2023-06-17 14:27:48,845 [3350fcee-efa5-466a-bd09-11f11345576c@group-3DC03F0A7933-LeaderElection10] INFO  impl.RoleInfo (RoleInfo.java:updateAndGet(139)) - 3350fcee-efa5-466a-bd09-11f11345576c: start 3350fcee-efa5-466a-bd09-11f11345576c@group-3DC03F0A7933-LeaderStateImpl
2023-06-17 14:27:48,845 [grpc-default-executor-2] INFO  server.RaftServer$Division (RaftServerImpl.java:requestVote(1335)) - 11f1b3f3-e9f6-4126-b930-768e27d5f26c@group-3DC03F0A7933 replies to ELECTION vote request: 3350fcee-efa5-466a-bd09-11f11345576c<-11f1b3f3-e9f6-4126-b930-768e27d5f26c#0:OK-t1. Peer's state: 11f1b3f3-e9f6-4126-b930-768e27d5f26c@group-3DC03F0A7933:t1, leader=null, voted=3350fcee-efa5-466a-bd09-11f11345576c, raftlog=Memoized:11f1b3f3-e9f6-4126-b930-768e27d5f26c@group-3DC03F0A7933-SegmentedRaftLog:OPENED:c-1, conf=-1: peers:[ed11e02f-92ab-4020-a18d-0125a70774e0|rpc:10.1.0.30:15058|admin:10.1.0.30:15057|client:10.1.0.30:15056|dataStream:10.1.0.30:15059|priority:0|startupRole:FOLLOWER, 3350fcee-efa5-466a-bd09-11f11345576c|rpc:10.1.0.30:15049|admin:10.1.0.30:15048|client:10.1.0.30:15047|dataStream:10.1.0.30:15050|priority:1|startupRole:FOLLOWER, 11f1b3f3-e9f6-4126-b930-768e27d5f26c|rpc:10.1.0.30:15067|admin:10.1.0.30:15066|client:10.1.0.30:15065|dataStream:10.1.0.30:15068|priority:0|startupRole:FOLLOWER]|listeners:[], old=null
2023-06-17 14:27:48,846 [3350fcee-efa5-466a-bd09-11f11345576c@group-3DC03F0A7933-LeaderElection10] INFO  segmented.SegmentedRaftLogWorker (SegmentedRaftLogWorker.java:startLogSegment(447)) - 3350fcee-efa5-466a-bd09-11f11345576c@group-3DC03F0A7933-SegmentedRaftLogWorker: Starting segment from index:0
2023-06-17 14:27:48,850 [3350fcee-efa5-466a-bd09-11f11345576c@group-3DC03F0A7933-LeaderElection10] INFO  server.RaftServer$Division (ServerState.java:setRaftConf(434)) - 3350fcee-efa5-466a-bd09-11f11345576c@group-3DC03F0A7933: set configuration 0: peers:[ed11e02f-92ab-4020-a18d-0125a70774e0|rpc:10.1.0.30:15058|admin:10.1.0.30:15057|client:10.1.0.30:15056|dataStream:10.1.0.30:15059|priority:0|startupRole:FOLLOWER, 3350fcee-efa5-466a-bd09-11f11345576c|rpc:10.1.0.30:15049|admin:10.1.0.30:15048|client:10.1.0.30:15047|dataStream:10.1.0.30:15050|priority:1|startupRole:FOLLOWER, 11f1b3f3-e9f6-4126-b930-768e27d5f26c|rpc:10.1.0.30:15067|admin:10.1.0.30:15066|client:10.1.0.30:15065|dataStream:10.1.0.30:15068|priority:0|startupRole:FOLLOWER]|listeners:[], old=null
2023-06-17 14:27:48,851 [3350fcee-efa5-466a-bd09-11f11345576c@group-3DC03F0A7933-SegmentedRaftLogWorker] INFO  segmented.SegmentedRaftLogWorker (SegmentedRaftLogWorker.java:execute(651)) - 3350fcee-efa5-466a-bd09-11f11345576c@group-3DC03F0A7933-SegmentedRaftLogWorker: created new log segment /home/runner/work/ozone/ozone/hadoop-ozone/integration-test/target/test-dir/MiniOzoneClusterImpl-a6c569a4-67a5-46a9-84bc-d3902a35496e/datanode-0/data/ratis/c21ba41b-e2b9-4624-80d3-3dc03f0a7933/current/log_inprogress_0
2023-06-17 14:27:48,862 [ed11e02f-92ab-4020-a18d-0125a70774e0-server-thread1] INFO  ratis.XceiverServerRatis (XceiverServerRatis.java:handleLeaderChangedNotification(902)) - Leader change notification received for group: group-3DC03F0A7933 with new leaderId: 3350fcee-efa5-466a-bd09-11f11345576c
2023-06-17 14:27:48,865 [ed11e02f-92ab-4020-a18d-0125a70774e0-server-thread1] INFO  server.RaftServer$Division (ServerState.java:setLeader(317)) - ed11e02f-92ab-4020-a18d-0125a70774e0@group-3DC03F0A7933: change Leader from null to 3350fcee-efa5-466a-bd09-11f11345576c at term 1 for appendEntries, leader elected after 5217ms
2023-06-17 14:27:48,865 [11f1b3f3-e9f6-4126-b930-768e27d5f26c-server-thread1] INFO  ratis.XceiverServerRatis (XceiverServerRatis.java:handleLeaderChangedNotification(902)) - Leader change notification received for group: group-3DC03F0A7933 with new leaderId: 3350fcee-efa5-466a-bd09-11f11345576c
2023-06-17 14:27:48,866 [11f1b3f3-e9f6-4126-b930-768e27d5f26c-server-thread1] INFO  server.RaftServer$Division (ServerState.java:setLeader(317)) - 11f1b3f3-e9f6-4126-b930-768e27d5f26c@group-3DC03F0A7933: change Leader from null to 3350fcee-efa5-466a-bd09-11f11345576c at term 1 for appendEntries, leader elected after 5175ms
2023-06-17 14:27:48,875 [11f1b3f3-e9f6-4126-b930-768e27d5f26c-server-thread1] INFO  server.RaftServer$Division (ServerState.java:setRaftConf(434)) - 11f1b3f3-e9f6-4126-b930-768e27d5f26c@group-3DC03F0A7933: set configuration 0: peers:[ed11e02f-92ab-4020-a18d-0125a70774e0|rpc:10.1.0.30:15058|admin:10.1.0.30:15057|client:10.1.0.30:15056|dataStream:10.1.0.30:15059|priority:0|startupRole:FOLLOWER, 3350fcee-efa5-466a-bd09-11f11345576c|rpc:10.1.0.30:15049|admin:10.1.0.30:15048|client:10.1.0.30:15047|dataStream:10.1.0.30:15050|priority:1|startupRole:FOLLOWER, 11f1b3f3-e9f6-4126-b930-768e27d5f26c|rpc:10.1.0.30:15067|admin:10.1.0.30:15066|client:10.1.0.30:15065|dataStream:10.1.0.30:15068|priority:0|startupRole:FOLLOWER]|listeners:[], old=null
2023-06-17 14:27:48,875 [11f1b3f3-e9f6-4126-b930-768e27d5f26c-server-thread1] INFO  segmented.SegmentedRaftLogWorker (SegmentedRaftLogWorker.java:startLogSegment(447)) - 11f1b3f3-e9f6-4126-b930-768e27d5f26c@group-3DC03F0A7933-SegmentedRaftLogWorker: Starting segment from index:0
2023-06-17 14:27:48,876 [ed11e02f-92ab-4020-a18d-0125a70774e0-server-thread2] INFO  server.RaftServer$Division (ServerState.java:setRaftConf(434)) - ed11e02f-92ab-4020-a18d-0125a70774e0@group-3DC03F0A7933: set configuration 0: peers:[ed11e02f-92ab-4020-a18d-0125a70774e0|rpc:10.1.0.30:15058|admin:10.1.0.30:15057|client:10.1.0.30:15056|dataStream:10.1.0.30:15059|priority:0|startupRole:FOLLOWER, 3350fcee-efa5-466a-bd09-11f11345576c|rpc:10.1.0.30:15049|admin:10.1.0.30:15048|client:10.1.0.30:15047|dataStream:10.1.0.30:15050|priority:1|startupRole:FOLLOWER, 11f1b3f3-e9f6-4126-b930-768e27d5f26c|rpc:10.1.0.30:15067|admin:10.1.0.30:15066|client:10.1.0.30:15065|dataStream:10.1.0.30:15068|priority:0|startupRole:FOLLOWER]|listeners:[], old=null
2023-06-17 14:27:48,876 [ed11e02f-92ab-4020-a18d-0125a70774e0-server-thread2] INFO  segmented.SegmentedRaftLogWorker (SegmentedRaftLogWorker.java:startLogSegment(447)) - ed11e02f-92ab-4020-a18d-0125a70774e0@group-3DC03F0A7933-SegmentedRaftLogWorker: Starting segment from index:0
2023-06-17 14:27:48,876 [11f1b3f3-e9f6-4126-b930-768e27d5f26c@group-3DC03F0A7933-SegmentedRaftLogWorker] INFO  segmented.SegmentedRaftLogWorker (SegmentedRaftLogWorker.java:execute(651)) - 11f1b3f3-e9f6-4126-b930-768e27d5f26c@group-3DC03F0A7933-SegmentedRaftLogWorker: created new log segment /home/runner/work/ozone/ozone/hadoop-ozone/integration-test/target/test-dir/MiniOzoneClusterImpl-a6c569a4-67a5-46a9-84bc-d3902a35496e/datanode-2/data/ratis/c21ba41b-e2b9-4624-80d3-3dc03f0a7933/current/log_inprogress_0
2023-06-17 14:27:48,878 [ed11e02f-92ab-4020-a18d-0125a70774e0@group-3DC03F0A7933-SegmentedRaftLogWorker] INFO  segmented.SegmentedRaftLogWorker (SegmentedRaftLogWorker.java:execute(651)) - ed11e02f-92ab-4020-a18d-0125a70774e0@group-3DC03F0A7933-SegmentedRaftLogWorker: created new log segment /home/runner/work/ozone/ozone/hadoop-ozone/integration-test/target/test-dir/MiniOzoneClusterImpl-a6c569a4-67a5-46a9-84bc-d3902a35496e/datanode-1/data/ratis/c21ba41b-e2b9-4624-80d3-3dc03f0a7933/current/log_inprogress_0
2023-06-17 14:27:48,883 [11f1b3f3-e9f6-4126-b930-768e27d5f26c@group-AACFBA3D99E5-FollowerState] INFO  impl.FollowerState (FollowerState.java:run(143)) - 11f1b3f3-e9f6-4126-b930-768e27d5f26c@group-AACFBA3D99E5-FollowerState: change to CANDIDATE, lastRpcElapsedTime:5093212549ns, electionTimeout:5090ms
2023-06-17 14:27:48,883 [11f1b3f3-e9f6-4126-b930-768e27d5f26c@group-AACFBA3D99E5-FollowerState] INFO  impl.RoleInfo (RoleInfo.java:shutdownFollowerState(110)) - 11f1b3f3-e9f6-4126-b930-768e27d5f26c: shutdown 11f1b3f3-e9f6-4126-b930-768e27d5f26c@group-AACFBA3D99E5-FollowerState
2023-06-17 14:27:48,883 [11f1b3f3-e9f6-4126-b930-768e27d5f26c@group-AACFBA3D99E5-FollowerState] INFO  server.RaftServer$Division (RaftServerImpl.java:setRole(329)) - 11f1b3f3-e9f6-4126-b930-768e27d5f26c@group-AACFBA3D99E5: changes role from  FOLLOWER to CANDIDATE at term 0 for changeToCandidate
2023-06-17 14:27:48,884 [11f1b3f3-e9f6-4126-b930-768e27d5f26c@group-AACFBA3D99E5-FollowerState] INFO  server.RaftServerConfigKeys (ConfUtils.java:logGet(46)) - raft.server.leaderelection.pre-vote = true (default)
2023-06-17 14:27:48,885 [11f1b3f3-e9f6-4126-b930-768e27d5f26c@group-AACFBA3D99E5-FollowerState] INFO  impl.RoleInfo (RoleInfo.java:updateAndGet(139)) - 11f1b3f3-e9f6-4126-b930-768e27d5f26c: start 11f1b3f3-e9f6-4126-b930-768e27d5f26c@group-AACFBA3D99E5-LeaderElection12
2023-06-17 14:27:48,886 [11f1b3f3-e9f6-4126-b930-768e27d5f26c@group-AACFBA3D99E5-LeaderElection12] INFO  impl.LeaderElection (LeaderElection.java:askForVotes(321)) - 11f1b3f3-e9f6-4126-b930-768e27d5f26c@group-AACFBA3D99E5-LeaderElection12 PRE_VOTE round 0: submit vote requests at term 0 for -1: peers:[ed11e02f-92ab-4020-a18d-0125a70774e0|rpc:10.1.0.30:15058|admin:10.1.0.30:15057|client:10.1.0.30:15056|dataStream:10.1.0.30:15059|priority:0|startupRole:FOLLOWER, 3350fcee-efa5-466a-bd09-11f11345576c|rpc:10.1.0.30:15049|admin:10.1.0.30:15048|client:10.1.0.30:15047|dataStream:10.1.0.30:15050|priority:0|startupRole:FOLLOWER, 11f1b3f3-e9f6-4126-b930-768e27d5f26c|rpc:10.1.0.30:15067|admin:10.1.0.30:15066|client:10.1.0.30:15065|dataStream:10.1.0.30:15068|priority:1|startupRole:FOLLOWER]|listeners:[], old=null
2023-06-17 14:27:48,890 [11f1b3f3-e9f6-4126-b930-768e27d5f26c@group-AACFBA3D99E5-LeaderElection12-1] INFO  server.GrpcServerProtocolClient (GrpcServerProtocolClient.java:<init>(65)) - Build channel for ed11e02f-92ab-4020-a18d-0125a70774e0
2023-06-17 14:27:48,891 [11f1b3f3-e9f6-4126-b930-768e27d5f26c@group-AACFBA3D99E5-LeaderElection12] INFO  server.RaftServerConfigKeys (ConfUtils.java:logFallback(53)) - raft.server.rpc.first-election.timeout.min = 5s (fallback to raft.server.rpc.timeout.min)
2023-06-17 14:27:48,891 [11f1b3f3-e9f6-4126-b930-768e27d5f26c@group-AACFBA3D99E5-LeaderElection12-2] INFO  server.GrpcServerProtocolClient (GrpcServerProtocolClient.java:<init>(65)) - Build channel for 3350fcee-efa5-466a-bd09-11f11345576c
2023-06-17 14:27:48,891 [11f1b3f3-e9f6-4126-b930-768e27d5f26c@group-AACFBA3D99E5-LeaderElection12] INFO  server.RaftServerConfigKeys (ConfUtils.java:logFallback(53)) - raft.server.rpc.first-election.timeout.max = 5200ms (fallback to raft.server.rpc.timeout.max)
2023-06-17 14:27:48,905 [grpc-default-executor-1] INFO  server.RaftServer$Division (RaftServerImpl.java:requestVote(1302)) - 3350fcee-efa5-466a-bd09-11f11345576c@group-AACFBA3D99E5: receive requestVote(PRE_VOTE, 11f1b3f3-e9f6-4126-b930-768e27d5f26c, group-AACFBA3D99E5, 0, (t:0, i:0))
2023-06-17 14:27:48,905 [grpc-default-executor-1] INFO  impl.VoteContext (VoteContext.java:log(49)) - 3350fcee-efa5-466a-bd09-11f11345576c@group-AACFBA3D99E5-FOLLOWER: accept PRE_VOTE from 11f1b3f3-e9f6-4126-b930-768e27d5f26c: our priority 0 <= candidate's priority 1
2023-06-17 14:27:48,905 [grpc-default-executor-1] INFO  server.RaftServer$Division (RaftServerImpl.java:requestVote(1335)) - 3350fcee-efa5-466a-bd09-11f11345576c@group-AACFBA3D99E5 replies to PRE_VOTE vote request: 11f1b3f3-e9f6-4126-b930-768e27d5f26c<-3350fcee-efa5-466a-bd09-11f11345576c#0:OK-t0. Peer's state: 3350fcee-efa5-466a-bd09-11f11345576c@group-AACFBA3D99E5:t0, leader=null, voted=, raftlog=Memoized:3350fcee-efa5-466a-bd09-11f11345576c@group-AACFBA3D99E5-SegmentedRaftLog:OPENED:c-1, conf=-1: peers:[ed11e02f-92ab-4020-a18d-0125a70774e0|rpc:10.1.0.30:15058|admin:10.1.0.30:15057|client:10.1.0.30:15056|dataStream:10.1.0.30:15059|priority:0|startupRole:FOLLOWER, 3350fcee-efa5-466a-bd09-11f11345576c|rpc:10.1.0.30:15049|admin:10.1.0.30:15048|client:10.1.0.30:15047|dataStream:10.1.0.30:15050|priority:0|startupRole:FOLLOWER, 11f1b3f3-e9f6-4126-b930-768e27d5f26c|rpc:10.1.0.30:15067|admin:10.1.0.30:15066|client:10.1.0.30:15065|dataStream:10.1.0.30:15068|priority:1|startupRole:FOLLOWER]|listeners:[], old=null
2023-06-17 14:27:48,909 [3350fcee-efa5-466a-bd09-11f11345576c@group-AACFBA3D99E5-FollowerState] INFO  server.RaftServerConfigKeys (ConfUtils.java:logFallback(53)) - raft.server.rpc.first-election.timeout.min = 5s (fallback to raft.server.rpc.timeout.min)
2023-06-17 14:27:48,909 [3350fcee-efa5-466a-bd09-11f11345576c@group-AACFBA3D99E5-FollowerState] INFO  server.RaftServerConfigKeys (ConfUtils.java:logFallback(53)) - raft.server.rpc.first-election.timeout.max = 5200ms (fallback to raft.server.rpc.timeout.max)
2023-06-17 14:27:48,913 [11f1b3f3-e9f6-4126-b930-768e27d5f26c@group-AACFBA3D99E5-LeaderElection12] INFO  impl.LeaderElection (LeaderElection.java:logAndReturn(90)) - 11f1b3f3-e9f6-4126-b930-768e27d5f26c@group-AACFBA3D99E5-LeaderElection12: PRE_VOTE PASSED received 1 response(s) and 0 exception(s):
2023-06-17 14:27:48,913 [11f1b3f3-e9f6-4126-b930-768e27d5f26c@group-AACFBA3D99E5-LeaderElection12] INFO  impl.LeaderElection (LeaderElection.java:logAndReturn(94)) -   Response 0: 11f1b3f3-e9f6-4126-b930-768e27d5f26c<-3350fcee-efa5-466a-bd09-11f11345576c#0:OK-t0
2023-06-17 14:27:48,913 [11f1b3f3-e9f6-4126-b930-768e27d5f26c@group-AACFBA3D99E5-LeaderElection12] INFO  impl.LeaderElection (LeaderElection.java:askForVotes(323)) - 11f1b3f3-e9f6-4126-b930-768e27d5f26c@group-AACFBA3D99E5-LeaderElection12 PRE_VOTE round 0: result PASSED
2023-06-17 14:27:48,916 [11f1b3f3-e9f6-4126-b930-768e27d5f26c@group-AACFBA3D99E5-LeaderElection12] INFO  impl.LeaderElection (LeaderElection.java:askForVotes(321)) - 11f1b3f3-e9f6-4126-b930-768e27d5f26c@group-AACFBA3D99E5-LeaderElection12 ELECTION round 0: submit vote requests at term 1 for -1: peers:[ed11e02f-92ab-4020-a18d-0125a70774e0|rpc:10.1.0.30:15058|admin:10.1.0.30:15057|client:10.1.0.30:15056|dataStream:10.1.0.30:15059|priority:0|startupRole:FOLLOWER, 3350fcee-efa5-466a-bd09-11f11345576c|rpc:10.1.0.30:15049|admin:10.1.0.30:15048|client:10.1.0.30:15047|dataStream:10.1.0.30:15050|priority:0|startupRole:FOLLOWER, 11f1b3f3-e9f6-4126-b930-768e27d5f26c|rpc:10.1.0.30:15067|admin:10.1.0.30:15066|client:10.1.0.30:15065|dataStream:10.1.0.30:15068|priority:1|startupRole:FOLLOWER]|listeners:[], old=null
2023-06-17 14:27:48,917 [11f1b3f3-e9f6-4126-b930-768e27d5f26c@group-AACFBA3D99E5-LeaderElection12] INFO  server.RaftServerConfigKeys (ConfUtils.java:logFallback(53)) - raft.server.rpc.first-election.timeout.min = 5s (fallback to raft.server.rpc.timeout.min)
2023-06-17 14:27:48,917 [11f1b3f3-e9f6-4126-b930-768e27d5f26c@group-AACFBA3D99E5-LeaderElection12] INFO  server.RaftServerConfigKeys (ConfUtils.java:logFallback(53)) - raft.server.rpc.first-election.timeout.max = 5200ms (fallback to raft.server.rpc.timeout.max)
2023-06-17 14:27:48,925 [grpc-default-executor-2] INFO  server.RaftServer$Division (RaftServerImpl.java:requestVote(1302)) - ed11e02f-92ab-4020-a18d-0125a70774e0@group-AACFBA3D99E5: receive requestVote(ELECTION, 11f1b3f3-e9f6-4126-b930-768e27d5f26c, group-AACFBA3D99E5, 1, (t:0, i:0))
2023-06-17 14:27:48,925 [grpc-default-executor-2] INFO  impl.VoteContext (VoteContext.java:log(49)) - ed11e02f-92ab-4020-a18d-0125a70774e0@group-AACFBA3D99E5-FOLLOWER: accept ELECTION from 11f1b3f3-e9f6-4126-b930-768e27d5f26c: our priority 0 <= candidate's priority 1
2023-06-17 14:27:48,926 [grpc-default-executor-2] INFO  server.RaftServer$Division (RaftServerImpl.java:setRole(329)) - ed11e02f-92ab-4020-a18d-0125a70774e0@group-AACFBA3D99E5: changes role from  FOLLOWER to FOLLOWER at term 1 for candidate:11f1b3f3-e9f6-4126-b930-768e27d5f26c
2023-06-17 14:27:48,926 [grpc-default-executor-2] INFO  impl.RoleInfo (RoleInfo.java:shutdownFollowerState(110)) - ed11e02f-92ab-4020-a18d-0125a70774e0: shutdown ed11e02f-92ab-4020-a18d-0125a70774e0@group-AACFBA3D99E5-FollowerState
2023-06-17 14:27:48,926 [ed11e02f-92ab-4020-a18d-0125a70774e0@group-AACFBA3D99E5-FollowerState] INFO  impl.FollowerState (FollowerState.java:run(152)) - ed11e02f-92ab-4020-a18d-0125a70774e0@group-AACFBA3D99E5-FollowerState was interrupted
2023-06-17 14:27:48,931 [grpc-default-executor-1] INFO  server.RaftServer$Division (RaftServerImpl.java:requestVote(1302)) - 3350fcee-efa5-466a-bd09-11f11345576c@group-AACFBA3D99E5: receive requestVote(ELECTION, 11f1b3f3-e9f6-4126-b930-768e27d5f26c, group-AACFBA3D99E5, 1, (t:0, i:0))
2023-06-17 14:27:48,932 [grpc-default-executor-1] INFO  impl.VoteContext (VoteContext.java:log(49)) - 3350fcee-efa5-466a-bd09-11f11345576c@group-AACFBA3D99E5-FOLLOWER: accept ELECTION from 11f1b3f3-e9f6-4126-b930-768e27d5f26c: our priority 0 <= candidate's priority 1
2023-06-17 14:27:48,932 [grpc-default-executor-1] INFO  server.RaftServer$Division (RaftServerImpl.java:setRole(329)) - 3350fcee-efa5-466a-bd09-11f11345576c@group-AACFBA3D99E5: changes role from  FOLLOWER to FOLLOWER at term 1 for candidate:11f1b3f3-e9f6-4126-b930-768e27d5f26c
2023-06-17 14:27:48,932 [grpc-default-executor-1] INFO  impl.RoleInfo (RoleInfo.java:shutdownFollowerState(110)) - 3350fcee-efa5-466a-bd09-11f11345576c: shutdown 3350fcee-efa5-466a-bd09-11f11345576c@group-AACFBA3D99E5-FollowerState
2023-06-17 14:27:48,932 [grpc-default-executor-2] INFO  impl.RoleInfo (RoleInfo.java:updateAndGet(139)) - ed11e02f-92ab-4020-a18d-0125a70774e0: start ed11e02f-92ab-4020-a18d-0125a70774e0@group-AACFBA3D99E5-FollowerState
2023-06-17 14:27:48,932 [3350fcee-efa5-466a-bd09-11f11345576c@group-AACFBA3D99E5-FollowerState] INFO  impl.FollowerState (FollowerState.java:run(152)) - 3350fcee-efa5-466a-bd09-11f11345576c@group-AACFBA3D99E5-FollowerState was interrupted
2023-06-17 14:27:48,932 [grpc-default-executor-3] INFO  server.RaftServer$Division (RaftServerImpl.java:requestVote(1302)) - ed11e02f-92ab-4020-a18d-0125a70774e0@group-AACFBA3D99E5: receive requestVote(PRE_VOTE, 11f1b3f3-e9f6-4126-b930-768e27d5f26c, group-AACFBA3D99E5, 0, (t:0, i:0))
2023-06-17 14:27:48,936 [grpc-default-executor-1] INFO  impl.RoleInfo (RoleInfo.java:updateAndGet(139)) - 3350fcee-efa5-466a-bd09-11f11345576c: start 3350fcee-efa5-466a-bd09-11f11345576c@group-AACFBA3D99E5-FollowerState
2023-06-17 14:27:48,938 [grpc-default-executor-2] INFO  server.RaftServer$Division (RaftServerImpl.java:requestVote(1335)) - ed11e02f-92ab-4020-a18d-0125a70774e0@group-AACFBA3D99E5 replies to ELECTION vote request: 11f1b3f3-e9f6-4126-b930-768e27d5f26c<-ed11e02f-92ab-4020-a18d-0125a70774e0#0:OK-t1. Peer's state: ed11e02f-92ab-4020-a18d-0125a70774e0@group-AACFBA3D99E5:t1, leader=null, voted=11f1b3f3-e9f6-4126-b930-768e27d5f26c, raftlog=Memoized:ed11e02f-92ab-4020-a18d-0125a70774e0@group-AACFBA3D99E5-SegmentedRaftLog:OPENED:c-1, conf=-1: peers:[ed11e02f-92ab-4020-a18d-0125a70774e0|rpc:10.1.0.30:15058|admin:10.1.0.30:15057|client:10.1.0.30:15056|dataStream:10.1.0.30:15059|priority:0|startupRole:FOLLOWER, 3350fcee-efa5-466a-bd09-11f11345576c|rpc:10.1.0.30:15049|admin:10.1.0.30:15048|client:10.1.0.30:15047|dataStream:10.1.0.30:15050|priority:0|startupRole:FOLLOWER, 11f1b3f3-e9f6-4126-b930-768e27d5f26c|rpc:10.1.0.30:15067|admin:10.1.0.30:15066|client:10.1.0.30:15065|dataStream:10.1.0.30:15068|priority:1|startupRole:FOLLOWER]|listeners:[], old=null
2023-06-17 14:27:48,939 [11f1b3f3-e9f6-4126-b930-768e27d5f26c@group-AACFBA3D99E5-LeaderElection12] INFO  impl.LeaderElection (LeaderElection.java:logAndReturn(90)) - 11f1b3f3-e9f6-4126-b930-768e27d5f26c@group-AACFBA3D99E5-LeaderElection12: ELECTION PASSED received 1 response(s) and 0 exception(s):
2023-06-17 14:27:48,939 [11f1b3f3-e9f6-4126-b930-768e27d5f26c@group-AACFBA3D99E5-LeaderElection12] INFO  impl.LeaderElection (LeaderElection.java:logAndReturn(94)) -   Response 0: 11f1b3f3-e9f6-4126-b930-768e27d5f26c<-ed11e02f-92ab-4020-a18d-0125a70774e0#0:OK-t1
2023-06-17 14:27:48,939 [11f1b3f3-e9f6-4126-b930-768e27d5f26c@group-AACFBA3D99E5-LeaderElection12] INFO  impl.LeaderElection (LeaderElection.java:askForVotes(323)) - 11f1b3f3-e9f6-4126-b930-768e27d5f26c@group-AACFBA3D99E5-LeaderElection12 ELECTION round 0: result PASSED
2023-06-17 14:27:48,939 [11f1b3f3-e9f6-4126-b930-768e27d5f26c@group-AACFBA3D99E5-LeaderElection12] INFO  impl.RoleInfo (RoleInfo.java:shutdownLeaderElection(130)) - 11f1b3f3-e9f6-4126-b930-768e27d5f26c: shutdown 11f1b3f3-e9f6-4126-b930-768e27d5f26c@group-AACFBA3D99E5-LeaderElection12
2023-06-17 14:27:48,940 [11f1b3f3-e9f6-4126-b930-768e27d5f26c@group-AACFBA3D99E5-LeaderElection12] INFO  server.RaftServer$Division (RaftServerImpl.java:setRole(329)) - 11f1b3f3-e9f6-4126-b930-768e27d5f26c@group-AACFBA3D99E5: changes role from CANDIDATE to LEADER at term 1 for changeToLeader
2023-06-17 14:27:48,940 [11f1b3f3-e9f6-4126-b930-768e27d5f26c@group-AACFBA3D99E5-LeaderElection12] INFO  ratis.XceiverServerRatis (XceiverServerRatis.java:handleLeaderChangedNotification(902)) - Leader change notification received for group: group-AACFBA3D99E5 with new leaderId: 11f1b3f3-e9f6-4126-b930-768e27d5f26c
2023-06-17 14:27:48,940 [11f1b3f3-e9f6-4126-b930-768e27d5f26c@group-AACFBA3D99E5-LeaderElection12] INFO  server.RaftServer$Division (ServerState.java:setLeader(317)) - 11f1b3f3-e9f6-4126-b930-768e27d5f26c@group-AACFBA3D99E5: change Leader from null to 11f1b3f3-e9f6-4126-b930-768e27d5f26c at term 1 for becomeLeader, leader elected after 5168ms
2023-06-17 14:27:48,940 [11f1b3f3-e9f6-4126-b930-768e27d5f26c@group-AACFBA3D99E5-LeaderElection12] INFO  server.RaftServerConfigKeys (ConfUtils.java:logGet(46)) - raft.server.staging.catchup.gap = 1000 (default)
2023-06-17 14:27:48,940 [grpc-default-executor-3] INFO  impl.VoteContext (VoteContext.java:log(49)) - ed11e02f-92ab-4020-a18d-0125a70774e0@group-AACFBA3D99E5-FOLLOWER: accept PRE_VOTE from 11f1b3f3-e9f6-4126-b930-768e27d5f26c: our priority 0 <= candidate's priority 1
2023-06-17 14:27:48,940 [grpc-default-executor-3] INFO  server.RaftServer$Division (RaftServerImpl.java:requestVote(1335)) - ed11e02f-92ab-4020-a18d-0125a70774e0@group-AACFBA3D99E5 replies to PRE_VOTE vote request: 11f1b3f3-e9f6-4126-b930-768e27d5f26c<-ed11e02f-92ab-4020-a18d-0125a70774e0#0:OK-t1. Peer's state: ed11e02f-92ab-4020-a18d-0125a70774e0@group-AACFBA3D99E5:t1, leader=null, voted=11f1b3f3-e9f6-4126-b930-768e27d5f26c, raftlog=Memoized:ed11e02f-92ab-4020-a18d-0125a70774e0@group-AACFBA3D99E5-SegmentedRaftLog:OPENED:c-1, conf=-1: peers:[ed11e02f-92ab-4020-a18d-0125a70774e0|rpc:10.1.0.30:15058|admin:10.1.0.30:15057|client:10.1.0.30:15056|dataStream:10.1.0.30:15059|priority:0|startupRole:FOLLOWER, 3350fcee-efa5-466a-bd09-11f11345576c|rpc:10.1.0.30:15049|admin:10.1.0.30:15048|client:10.1.0.30:15047|dataStream:10.1.0.30:15050|priority:0|startupRole:FOLLOWER, 11f1b3f3-e9f6-4126-b930-768e27d5f26c|rpc:10.1.0.30:15067|admin:10.1.0.30:15066|client:10.1.0.30:15065|dataStream:10.1.0.30:15068|priority:1|startupRole:FOLLOWER]|listeners:[], old=null
2023-06-17 14:27:48,942 [grpc-default-executor-1] INFO  server.RaftServer$Division (RaftServerImpl.java:requestVote(1335)) - 3350fcee-efa5-466a-bd09-11f11345576c@group-AACFBA3D99E5 replies to ELECTION vote request: 11f1b3f3-e9f6-4126-b930-768e27d5f26c<-3350fcee-efa5-466a-bd09-11f11345576c#0:OK-t1. Peer's state: 3350fcee-efa5-466a-bd09-11f11345576c@group-AACFBA3D99E5:t1, leader=null, voted=11f1b3f3-e9f6-4126-b930-768e27d5f26c, raftlog=Memoized:3350fcee-efa5-466a-bd09-11f11345576c@group-AACFBA3D99E5-SegmentedRaftLog:OPENED:c-1, conf=-1: peers:[ed11e02f-92ab-4020-a18d-0125a70774e0|rpc:10.1.0.30:15058|admin:10.1.0.30:15057|client:10.1.0.30:15056|dataStream:10.1.0.30:15059|priority:0|startupRole:FOLLOWER, 3350fcee-efa5-466a-bd09-11f11345576c|rpc:10.1.0.30:15049|admin:10.1.0.30:15048|client:10.1.0.30:15047|dataStream:10.1.0.30:15050|priority:0|startupRole:FOLLOWER, 11f1b3f3-e9f6-4126-b930-768e27d5f26c|rpc:10.1.0.30:15067|admin:10.1.0.30:15066|client:10.1.0.30:15065|dataStream:10.1.0.30:15068|priority:1|startupRole:FOLLOWER]|listeners:[], old=null
2023-06-17 14:27:48,945 [11f1b3f3-e9f6-4126-b930-768e27d5f26c@group-AACFBA3D99E5-LeaderElection12] INFO  server.RaftServerConfigKeys (ConfUtils.java:logGet(46)) - raft.server.write.element-limit = 1024 (custom)
2023-06-17 14:27:48,945 [11f1b3f3-e9f6-4126-b930-768e27d5f26c@group-AACFBA3D99E5-LeaderElection12] INFO  server.RaftServerConfigKeys (ConfUtils.java:logGet(46)) - raft.server.write.byte-limit = 1024 M (=1073741824) (custom)
2023-06-17 14:27:48,945 [11f1b3f3-e9f6-4126-b930-768e27d5f26c@group-AACFBA3D99E5-LeaderElection12] INFO  server.RaftServerConfigKeys (ConfUtils.java:logGet(46)) - raft.server.watch.timeout = 180s (custom)
2023-06-17 14:27:48,945 [11f1b3f3-e9f6-4126-b930-768e27d5f26c@group-AACFBA3D99E5-LeaderElection12] INFO  server.RaftServerConfigKeys (ConfUtils.java:logGet(46)) - raft.server.watch.timeout.denomination = 1s (default)
2023-06-17 14:27:48,945 [11f1b3f3-e9f6-4126-b930-768e27d5f26c@group-AACFBA3D99E5-LeaderElection12] INFO  server.RaftServerConfigKeys (ConfUtils.java:logGet(46)) - raft.server.watch.element-limit = 65536 (default)
2023-06-17 14:27:48,945 [11f1b3f3-e9f6-4126-b930-768e27d5f26c@group-AACFBA3D99E5-LeaderElection12] INFO  server.RaftServerConfigKeys (ConfUtils.java:logGet(46)) - raft.server.write.element-limit = 1024 (custom)
2023-06-17 14:27:48,945 [11f1b3f3-e9f6-4126-b930-768e27d5f26c@group-AACFBA3D99E5-LeaderElection12] INFO  server.RaftServerConfigKeys (ConfUtils.java:logGet(46)) - raft.server.write.follower.gap.ratio.max = -1.0 (default)
2023-06-17 14:27:48,945 [EventQueue-PipelineReportForPipelineReportHandler] INFO  pipeline.PipelineManagerImpl (PipelineManagerImpl.java:openPipeline(367)) - Pipeline Pipeline[ Id: 9c2b6952-5138-498d-9e29-aacfba3d99e5, Nodes: 11f1b3f3-e9f6-4126-b930-768e27d5f26c(fv-az1035-386.p4kjid14prhuxkk4m0x4prg4bg.cx.internal.cloudapp.net/10.1.0.30)3350fcee-efa5-466a-bd09-11f11345576c(fv-az1035-386.p4kjid14prhuxkk4m0x4prg4bg.cx.internal.cloudapp.net/10.1.0.30)ed11e02f-92ab-4020-a18d-0125a70774e0(fv-az1035-386.p4kjid14prhuxkk4m0x4prg4bg.cx.internal.cloudapp.net/10.1.0.30), ReplicationConfig: RATIS/THREE, State:ALLOCATED, leaderId:11f1b3f3-e9f6-4126-b930-768e27d5f26c, CreationTimestamp2023-06-17T14:27:41.241Z[Etc/UTC]] moved to OPEN state
2023-06-17 14:27:48,946 [11f1b3f3-e9f6-4126-b930-768e27d5f26c@group-AACFBA3D99E5-LeaderElection12] INFO  server.RaftServerConfigKeys (ConfUtils.java:logGet(46)) - raft.server.log.appender.snapshot.chunk.size.max = 16MB (=16777216) (default)
2023-06-17 14:27:48,946 [11f1b3f3-e9f6-4126-b930-768e27d5f26c@group-AACFBA3D99E5-LeaderElection12] INFO  server.RaftServerConfigKeys (ConfUtils.java:logGet(46)) - raft.server.log.appender.buffer.byte-limit = 33554432 (custom)
2023-06-17 14:27:48,946 [11f1b3f3-e9f6-4126-b930-768e27d5f26c@group-AACFBA3D99E5-LeaderElection12] INFO  server.RaftServerConfigKeys (ConfUtils.java:logGet(46)) - raft.server.log.appender.buffer.element-limit = 1 (custom)
2023-06-17 14:27:48,946 [11f1b3f3-e9f6-4126-b930-768e27d5f26c@group-AACFBA3D99E5-LeaderElection12] INFO  server.RaftServerConfigKeys (ConfUtils.java:logGet(46)) - raft.server.log.appender.wait-time.min = 10ms (default)
2023-06-17 14:27:48,946 [11f1b3f3-e9f6-4126-b930-768e27d5f26c@group-AACFBA3D99E5-LeaderElection12] INFO  grpc.GrpcConfigKeys (ConfUtils.java:logGet(46)) - raft.grpc.server.leader.outstanding.appends.max = 128 (default)
2023-06-17 14:27:48,946 [11f1b3f3-e9f6-4126-b930-768e27d5f26c@group-AACFBA3D99E5-LeaderElection12] INFO  server.RaftServerConfigKeys (ConfUtils.java:logGet(46)) - raft.server.rpc.request.timeout = 60s (custom)
2023-06-17 14:27:48,946 [11f1b3f3-e9f6-4126-b930-768e27d5f26c@group-AACFBA3D99E5-LeaderElection12] INFO  grpc.GrpcConfigKeys (ConfUtils.java:logGet(46)) - raft.grpc.server.install_snapshot.request.element-limit = 8 (default)
2023-06-17 14:27:48,946 [11f1b3f3-e9f6-4126-b930-768e27d5f26c@group-AACFBA3D99E5-LeaderElection12] INFO  grpc.GrpcConfigKeys (ConfUtils.java:logGet(46)) - raft.grpc.server.install_snapshot.request.timeout = 3000ms (default)
2023-06-17 14:27:48,946 [11f1b3f3-e9f6-4126-b930-768e27d5f26c@group-AACFBA3D99E5-LeaderElection12] INFO  server.RaftServerConfigKeys (ConfUtils.java:logGet(46)) - raft.server.log.appender.install.snapshot.enabled = false (custom)
2023-06-17 14:27:48,946 [11f1b3f3-e9f6-4126-b930-768e27d5f26c@group-AACFBA3D99E5-LeaderElection12] INFO  grpc.GrpcConfigKeys (ConfUtils.java:logGet(46)) - raft.grpc.server.heartbeat.channel = true (default)
2023-06-17 14:27:48,947 [11f1b3f3-e9f6-4126-b930-768e27d5f26c@group-AACFBA3D99E5-LeaderElection12] INFO  server.RaftServerConfigKeys (ConfUtils.java:logGet(46)) - raft.server.log.appender.snapshot.chunk.size.max = 16MB (=16777216) (default)
2023-06-17 14:27:48,947 [11f1b3f3-e9f6-4126-b930-768e27d5f26c@group-AACFBA3D99E5-LeaderElection12] INFO  server.RaftServerConfigKeys (ConfUtils.java:logGet(46)) - raft.server.log.appender.buffer.byte-limit = 33554432 (custom)
2023-06-17 14:27:48,947 [11f1b3f3-e9f6-4126-b930-768e27d5f26c@group-AACFBA3D99E5-LeaderElection12] INFO  server.RaftServerConfigKeys (ConfUtils.java:logGet(46)) - raft.server.log.appender.buffer.element-limit = 1 (custom)
2023-06-17 14:27:48,947 [11f1b3f3-e9f6-4126-b930-768e27d5f26c@group-AACFBA3D99E5-LeaderElection12] INFO  server.RaftServerConfigKeys (ConfUtils.java:logGet(46)) - raft.server.log.appender.wait-time.min = 10ms (default)
2023-06-17 14:27:48,947 [11f1b3f3-e9f6-4126-b930-768e27d5f26c@group-AACFBA3D99E5-LeaderElection12] INFO  grpc.GrpcConfigKeys (ConfUtils.java:logGet(46)) - raft.grpc.server.leader.outstanding.appends.max = 128 (default)
2023-06-17 14:27:48,947 [11f1b3f3-e9f6-4126-b930-768e27d5f26c@group-AACFBA3D99E5-LeaderElection12] INFO  server.RaftServerConfigKeys (ConfUtils.java:logGet(46)) - raft.server.rpc.request.timeout = 60s (custom)
2023-06-17 14:27:48,947 [11f1b3f3-e9f6-4126-b930-768e27d5f26c@group-AACFBA3D99E5-LeaderElection12] INFO  grpc.GrpcConfigKeys (ConfUtils.java:logGet(46)) - raft.grpc.server.install_snapshot.request.element-limit = 8 (default)
2023-06-17 14:27:48,947 [11f1b3f3-e9f6-4126-b930-768e27d5f26c@group-AACFBA3D99E5-LeaderElection12] INFO  grpc.GrpcConfigKeys (ConfUtils.java:logGet(46)) - raft.grpc.server.install_snapshot.request.timeout = 3000ms (default)
2023-06-17 14:27:48,947 [11f1b3f3-e9f6-4126-b930-768e27d5f26c@group-AACFBA3D99E5-LeaderElection12] INFO  server.RaftServerConfigKeys (ConfUtils.java:logGet(46)) - raft.server.log.appender.install.snapshot.enabled = false (custom)
2023-06-17 14:27:48,947 [11f1b3f3-e9f6-4126-b930-768e27d5f26c@group-AACFBA3D99E5-LeaderElection12] INFO  grpc.GrpcConfigKeys (ConfUtils.java:logGet(46)) - raft.grpc.server.heartbeat.channel = true (default)
2023-06-17 14:27:48,947 [11f1b3f3-e9f6-4126-b930-768e27d5f26c@group-AACFBA3D99E5-LeaderElection12] INFO  impl.RoleInfo (RoleInfo.java:updateAndGet(139)) - 11f1b3f3-e9f6-4126-b930-768e27d5f26c: start 11f1b3f3-e9f6-4126-b930-768e27d5f26c@group-AACFBA3D99E5-LeaderStateImpl
2023-06-17 14:27:48,947 [11f1b3f3-e9f6-4126-b930-768e27d5f26c@group-AACFBA3D99E5-LeaderElection12] INFO  segmented.SegmentedRaftLogWorker (SegmentedRaftLogWorker.java:startLogSegment(447)) - 11f1b3f3-e9f6-4126-b930-768e27d5f26c@group-AACFBA3D99E5-SegmentedRaftLogWorker: Starting segment from index:0
2023-06-17 14:27:48,950 [11f1b3f3-e9f6-4126-b930-768e27d5f26c@group-AACFBA3D99E5-SegmentedRaftLogWorker] INFO  segmented.SegmentedRaftLogWorker (SegmentedRaftLogWorker.java:execute(651)) - 11f1b3f3-e9f6-4126-b930-768e27d5f26c@group-AACFBA3D99E5-SegmentedRaftLogWorker: created new log segment /home/runner/work/ozone/ozone/hadoop-ozone/integration-test/target/test-dir/MiniOzoneClusterImpl-a6c569a4-67a5-46a9-84bc-d3902a35496e/datanode-2/data/ratis/9c2b6952-5138-498d-9e29-aacfba3d99e5/current/log_inprogress_0
2023-06-17 14:27:48,962 [11f1b3f3-e9f6-4126-b930-768e27d5f26c@group-AACFBA3D99E5-LeaderElection12] INFO  server.RaftServer$Division (ServerState.java:setRaftConf(434)) - 11f1b3f3-e9f6-4126-b930-768e27d5f26c@group-AACFBA3D99E5: set configuration 0: peers:[ed11e02f-92ab-4020-a18d-0125a70774e0|rpc:10.1.0.30:15058|admin:10.1.0.30:15057|client:10.1.0.30:15056|dataStream:10.1.0.30:15059|priority:0|startupRole:FOLLOWER, 3350fcee-efa5-466a-bd09-11f11345576c|rpc:10.1.0.30:15049|admin:10.1.0.30:15048|client:10.1.0.30:15047|dataStream:10.1.0.30:15050|priority:0|startupRole:FOLLOWER, 11f1b3f3-e9f6-4126-b930-768e27d5f26c|rpc:10.1.0.30:15067|admin:10.1.0.30:15066|client:10.1.0.30:15065|dataStream:10.1.0.30:15068|priority:1|startupRole:FOLLOWER]|listeners:[], old=null
2023-06-17 14:27:48,973 [ed11e02f-92ab-4020-a18d-0125a70774e0-server-thread1] INFO  ratis.XceiverServerRatis (XceiverServerRatis.java:handleLeaderChangedNotification(902)) - Leader change notification received for group: group-AACFBA3D99E5 with new leaderId: 11f1b3f3-e9f6-4126-b930-768e27d5f26c
2023-06-17 14:27:48,973 [ed11e02f-92ab-4020-a18d-0125a70774e0-server-thread1] INFO  server.RaftServer$Division (ServerState.java:setLeader(317)) - ed11e02f-92ab-4020-a18d-0125a70774e0@group-AACFBA3D99E5: change Leader from null to 11f1b3f3-e9f6-4126-b930-768e27d5f26c at term 1 for appendEntries, leader elected after 5154ms
2023-06-17 14:27:48,974 [3350fcee-efa5-466a-bd09-11f11345576c-server-thread1] INFO  ratis.XceiverServerRatis (XceiverServerRatis.java:handleLeaderChangedNotification(902)) - Leader change notification received for group: group-AACFBA3D99E5 with new leaderId: 11f1b3f3-e9f6-4126-b930-768e27d5f26c
2023-06-17 14:27:48,974 [3350fcee-efa5-466a-bd09-11f11345576c-server-thread1] INFO  server.RaftServer$Division (ServerState.java:setLeader(317)) - 3350fcee-efa5-466a-bd09-11f11345576c@group-AACFBA3D99E5: change Leader from null to 11f1b3f3-e9f6-4126-b930-768e27d5f26c at term 1 for appendEntries, leader elected after 5242ms
2023-06-17 14:27:48,988 [3350fcee-efa5-466a-bd09-11f11345576c-server-thread3] INFO  server.RaftServer$Division (ServerState.java:setRaftConf(434)) - 3350fcee-efa5-466a-bd09-11f11345576c@group-AACFBA3D99E5: set configuration 0: peers:[ed11e02f-92ab-4020-a18d-0125a70774e0|rpc:10.1.0.30:15058|admin:10.1.0.30:15057|client:10.1.0.30:15056|dataStream:10.1.0.30:15059|priority:0|startupRole:FOLLOWER, 3350fcee-efa5-466a-bd09-11f11345576c|rpc:10.1.0.30:15049|admin:10.1.0.30:15048|client:10.1.0.30:15047|dataStream:10.1.0.30:15050|priority:0|startupRole:FOLLOWER, 11f1b3f3-e9f6-4126-b930-768e27d5f26c|rpc:10.1.0.30:15067|admin:10.1.0.30:15066|client:10.1.0.30:15065|dataStream:10.1.0.30:15068|priority:1|startupRole:FOLLOWER]|listeners:[], old=null
2023-06-17 14:27:48,988 [3350fcee-efa5-466a-bd09-11f11345576c-server-thread3] INFO  segmented.SegmentedRaftLogWorker (SegmentedRaftLogWorker.java:startLogSegment(447)) - 3350fcee-efa5-466a-bd09-11f11345576c@group-AACFBA3D99E5-SegmentedRaftLogWorker: Starting segment from index:0
2023-06-17 14:27:48,990 [3350fcee-efa5-466a-bd09-11f11345576c@group-AACFBA3D99E5-SegmentedRaftLogWorker] INFO  segmented.SegmentedRaftLogWorker (SegmentedRaftLogWorker.java:execute(651)) - 3350fcee-efa5-466a-bd09-11f11345576c@group-AACFBA3D99E5-SegmentedRaftLogWorker: created new log segment /home/runner/work/ozone/ozone/hadoop-ozone/integration-test/target/test-dir/MiniOzoneClusterImpl-a6c569a4-67a5-46a9-84bc-d3902a35496e/datanode-0/data/ratis/9c2b6952-5138-498d-9e29-aacfba3d99e5/current/log_inprogress_0
2023-06-17 14:27:48,990 [ed11e02f-92ab-4020-a18d-0125a70774e0-server-thread2] INFO  server.RaftServer$Division (ServerState.java:setRaftConf(434)) - ed11e02f-92ab-4020-a18d-0125a70774e0@group-AACFBA3D99E5: set configuration 0: peers:[ed11e02f-92ab-4020-a18d-0125a70774e0|rpc:10.1.0.30:15058|admin:10.1.0.30:15057|client:10.1.0.30:15056|dataStream:10.1.0.30:15059|priority:0|startupRole:FOLLOWER, 3350fcee-efa5-466a-bd09-11f11345576c|rpc:10.1.0.30:15049|admin:10.1.0.30:15048|client:10.1.0.30:15047|dataStream:10.1.0.30:15050|priority:0|startupRole:FOLLOWER, 11f1b3f3-e9f6-4126-b930-768e27d5f26c|rpc:10.1.0.30:15067|admin:10.1.0.30:15066|client:10.1.0.30:15065|dataStream:10.1.0.30:15068|priority:1|startupRole:FOLLOWER]|listeners:[], old=null
2023-06-17 14:27:48,991 [ed11e02f-92ab-4020-a18d-0125a70774e0-server-thread2] INFO  segmented.SegmentedRaftLogWorker (SegmentedRaftLogWorker.java:startLogSegment(447)) - ed11e02f-92ab-4020-a18d-0125a70774e0@group-AACFBA3D99E5-SegmentedRaftLogWorker: Starting segment from index:0
2023-06-17 14:27:48,992 [ed11e02f-92ab-4020-a18d-0125a70774e0@group-AACFBA3D99E5-SegmentedRaftLogWorker] INFO  segmented.SegmentedRaftLogWorker (SegmentedRaftLogWorker.java:execute(651)) - ed11e02f-92ab-4020-a18d-0125a70774e0@group-AACFBA3D99E5-SegmentedRaftLogWorker: created new log segment /home/runner/work/ozone/ozone/hadoop-ozone/integration-test/target/test-dir/MiniOzoneClusterImpl-a6c569a4-67a5-46a9-84bc-d3902a35496e/datanode-1/data/ratis/9c2b6952-5138-498d-9e29-aacfba3d99e5/current/log_inprogress_0
2023-06-17 14:27:49,026 [ed11e02f-92ab-4020-a18d-0125a70774e0@group-75B6C75BBF69-FollowerState] INFO  impl.FollowerState (FollowerState.java:run(143)) - ed11e02f-92ab-4020-a18d-0125a70774e0@group-75B6C75BBF69-FollowerState: change to CANDIDATE, lastRpcElapsedTime:5079709064ns, electionTimeout:5079ms
2023-06-17 14:27:49,026 [ed11e02f-92ab-4020-a18d-0125a70774e0@group-75B6C75BBF69-FollowerState] INFO  impl.RoleInfo (RoleInfo.java:shutdownFollowerState(110)) - ed11e02f-92ab-4020-a18d-0125a70774e0: shutdown ed11e02f-92ab-4020-a18d-0125a70774e0@group-75B6C75BBF69-FollowerState
2023-06-17 14:27:49,026 [ed11e02f-92ab-4020-a18d-0125a70774e0@group-75B6C75BBF69-FollowerState] INFO  server.RaftServer$Division (RaftServerImpl.java:setRole(329)) - ed11e02f-92ab-4020-a18d-0125a70774e0@group-75B6C75BBF69: changes role from  FOLLOWER to CANDIDATE at term 0 for changeToCandidate
2023-06-17 14:27:49,028 [ed11e02f-92ab-4020-a18d-0125a70774e0@group-75B6C75BBF69-FollowerState] INFO  server.RaftServerConfigKeys (ConfUtils.java:logGet(46)) - raft.server.leaderelection.pre-vote = true (default)
2023-06-17 14:27:49,028 [ed11e02f-92ab-4020-a18d-0125a70774e0@group-75B6C75BBF69-FollowerState] INFO  impl.RoleInfo (RoleInfo.java:updateAndGet(139)) - ed11e02f-92ab-4020-a18d-0125a70774e0: start ed11e02f-92ab-4020-a18d-0125a70774e0@group-75B6C75BBF69-LeaderElection13
2023-06-17 14:27:49,029 [ed11e02f-92ab-4020-a18d-0125a70774e0@group-75B6C75BBF69-LeaderElection13] INFO  impl.LeaderElection (LeaderElection.java:askForVotes(321)) - ed11e02f-92ab-4020-a18d-0125a70774e0@group-75B6C75BBF69-LeaderElection13 PRE_VOTE round 0: submit vote requests at term 0 for -1: peers:[ed11e02f-92ab-4020-a18d-0125a70774e0|rpc:10.1.0.30:15058|admin:10.1.0.30:15057|client:10.1.0.30:15056|dataStream:10.1.0.30:15059|priority:1|startupRole:FOLLOWER]|listeners:[], old=null
2023-06-17 14:27:49,029 [ed11e02f-92ab-4020-a18d-0125a70774e0@group-75B6C75BBF69-LeaderElection13] INFO  impl.LeaderElection (LeaderElection.java:askForVotes(323)) - ed11e02f-92ab-4020-a18d-0125a70774e0@group-75B6C75BBF69-LeaderElection13 PRE_VOTE round 0: result PASSED (term=0)
2023-06-17 14:27:49,031 [ed11e02f-92ab-4020-a18d-0125a70774e0@group-75B6C75BBF69-LeaderElection13] INFO  impl.LeaderElection (LeaderElection.java:askForVotes(321)) - ed11e02f-92ab-4020-a18d-0125a70774e0@group-75B6C75BBF69-LeaderElection13 ELECTION round 0: submit vote requests at term 1 for -1: peers:[ed11e02f-92ab-4020-a18d-0125a70774e0|rpc:10.1.0.30:15058|admin:10.1.0.30:15057|client:10.1.0.30:15056|dataStream:10.1.0.30:15059|priority:1|startupRole:FOLLOWER]|listeners:[], old=null
2023-06-17 14:27:49,031 [ed11e02f-92ab-4020-a18d-0125a70774e0@group-75B6C75BBF69-LeaderElection13] INFO  impl.LeaderElection (LeaderElection.java:askForVotes(323)) - ed11e02f-92ab-4020-a18d-0125a70774e0@group-75B6C75BBF69-LeaderElection13 ELECTION round 0: result PASSED (term=1)
2023-06-17 14:27:49,031 [ed11e02f-92ab-4020-a18d-0125a70774e0@group-75B6C75BBF69-LeaderElection13] INFO  impl.RoleInfo (RoleInfo.java:shutdownLeaderElection(130)) - ed11e02f-92ab-4020-a18d-0125a70774e0: shutdown ed11e02f-92ab-4020-a18d-0125a70774e0@group-75B6C75BBF69-LeaderElection13
2023-06-17 14:27:49,031 [ed11e02f-92ab-4020-a18d-0125a70774e0@group-75B6C75BBF69-LeaderElection13] INFO  server.RaftServer$Division (RaftServerImpl.java:setRole(329)) - ed11e02f-92ab-4020-a18d-0125a70774e0@group-75B6C75BBF69: changes role from CANDIDATE to LEADER at term 1 for changeToLeader
2023-06-17 14:27:49,031 [ed11e02f-92ab-4020-a18d-0125a70774e0@group-75B6C75BBF69-LeaderElection13] INFO  ratis.XceiverServerRatis (XceiverServerRatis.java:handleLeaderChangedNotification(902)) - Leader change notification received for group: group-75B6C75BBF69 with new leaderId: ed11e02f-92ab-4020-a18d-0125a70774e0
2023-06-17 14:27:49,032 [ed11e02f-92ab-4020-a18d-0125a70774e0@group-75B6C75BBF69-LeaderElection13] INFO  server.RaftServer$Division (ServerState.java:setLeader(317)) - ed11e02f-92ab-4020-a18d-0125a70774e0@group-75B6C75BBF69: change Leader from null to ed11e02f-92ab-4020-a18d-0125a70774e0 at term 1 for becomeLeader, leader elected after 5107ms
2023-06-17 14:27:49,032 [ed11e02f-92ab-4020-a18d-0125a70774e0@group-75B6C75BBF69-LeaderElection13] INFO  server.RaftServerConfigKeys (ConfUtils.java:logGet(46)) - raft.server.staging.catchup.gap = 1000 (default)
2023-06-17 14:27:49,032 [ed11e02f-92ab-4020-a18d-0125a70774e0@group-75B6C75BBF69-LeaderElection13] INFO  server.RaftServerConfigKeys (ConfUtils.java:logGet(46)) - raft.server.write.element-limit = 1024 (custom)
2023-06-17 14:27:49,032 [ed11e02f-92ab-4020-a18d-0125a70774e0@group-75B6C75BBF69-LeaderElection13] INFO  server.RaftServerConfigKeys (ConfUtils.java:logGet(46)) - raft.server.write.byte-limit = 1024 M (=1073741824) (custom)
2023-06-17 14:27:49,032 [ed11e02f-92ab-4020-a18d-0125a70774e0@group-75B6C75BBF69-LeaderElection13] INFO  server.RaftServerConfigKeys (ConfUtils.java:logGet(46)) - raft.server.watch.timeout = 180s (custom)
2023-06-17 14:27:49,032 [ed11e02f-92ab-4020-a18d-0125a70774e0@group-75B6C75BBF69-LeaderElection13] INFO  server.RaftServerConfigKeys (ConfUtils.java:logGet(46)) - raft.server.watch.timeout.denomination = 1s (default)
2023-06-17 14:27:49,032 [ed11e02f-92ab-4020-a18d-0125a70774e0@group-75B6C75BBF69-LeaderElection13] INFO  server.RaftServerConfigKeys (ConfUtils.java:logGet(46)) - raft.server.watch.element-limit = 65536 (default)
2023-06-17 14:27:49,033 [ed11e02f-92ab-4020-a18d-0125a70774e0@group-75B6C75BBF69-LeaderElection13] INFO  server.RaftServerConfigKeys (ConfUtils.java:logGet(46)) - raft.server.write.element-limit = 1024 (custom)
2023-06-17 14:27:49,033 [ed11e02f-92ab-4020-a18d-0125a70774e0@group-75B6C75BBF69-LeaderElection13] INFO  server.RaftServerConfigKeys (ConfUtils.java:logGet(46)) - raft.server.write.follower.gap.ratio.max = -1.0 (default)
2023-06-17 14:27:49,033 [ed11e02f-92ab-4020-a18d-0125a70774e0@group-75B6C75BBF69-LeaderElection13] INFO  impl.RoleInfo (RoleInfo.java:updateAndGet(139)) - ed11e02f-92ab-4020-a18d-0125a70774e0: start ed11e02f-92ab-4020-a18d-0125a70774e0@group-75B6C75BBF69-LeaderStateImpl
2023-06-17 14:27:49,033 [ed11e02f-92ab-4020-a18d-0125a70774e0@group-75B6C75BBF69-LeaderElection13] INFO  segmented.SegmentedRaftLogWorker (SegmentedRaftLogWorker.java:startLogSegment(447)) - ed11e02f-92ab-4020-a18d-0125a70774e0@group-75B6C75BBF69-SegmentedRaftLogWorker: Starting segment from index:0
2023-06-17 14:27:49,035 [ed11e02f-92ab-4020-a18d-0125a70774e0@group-75B6C75BBF69-SegmentedRaftLogWorker] INFO  segmented.SegmentedRaftLogWorker (SegmentedRaftLogWorker.java:execute(651)) - ed11e02f-92ab-4020-a18d-0125a70774e0@group-75B6C75BBF69-SegmentedRaftLogWorker: created new log segment /home/runner/work/ozone/ozone/hadoop-ozone/integration-test/target/test-dir/MiniOzoneClusterImpl-a6c569a4-67a5-46a9-84bc-d3902a35496e/datanode-1/data/ratis/e3331097-e406-4cef-be8d-75b6c75bbf69/current/log_inprogress_0
2023-06-17 14:27:49,035 [ed11e02f-92ab-4020-a18d-0125a70774e0@group-75B6C75BBF69-LeaderElection13] INFO  server.RaftServer$Division (ServerState.java:setRaftConf(434)) - ed11e02f-92ab-4020-a18d-0125a70774e0@group-75B6C75BBF69: set configuration 0: peers:[ed11e02f-92ab-4020-a18d-0125a70774e0|rpc:10.1.0.30:15058|admin:10.1.0.30:15057|client:10.1.0.30:15056|dataStream:10.1.0.30:15059|priority:1|startupRole:FOLLOWER]|listeners:[], old=null
2023-06-17 14:27:49,245 [main] INFO  ozone.MiniOzoneClusterImpl (MiniOzoneClusterImpl.java:lambda$waitForClusterToBeReady$0(224)) - Nodes are ready. Got 3 of 3 DN Heartbeats.
2023-06-17 14:27:49,246 [main] INFO  ozone.MiniOzoneClusterImpl (MiniOzoneClusterImpl.java:lambda$waitForClusterToBeReady$0(227)) - Cluster exits safe mode
2023-06-17 14:27:49,246 [main] INFO  ozone.MiniOzoneClusterImpl (MiniOzoneClusterImpl.java:lambda$waitForClusterToBeReady$0(229)) - SCM became leader
2023-06-17 14:27:49,285 [main] INFO  rpc.RpcClient (RpcClient.java:createVolume(458)) - Creating Volume: vol1, with user45393 as owner and space quota set to -1 bytes, counts quota set to -1
2023-06-17 14:27:49,306 [OM StateMachine ApplyTransaction Thread - 0] INFO  volume.OMVolumeCreateRequest (OMVolumeCreateRequest.java:validateAndUpdateCache(196)) - created volume:vol1 for user:user45393
2023-06-17 14:27:49,326 [main] INFO  rpc.RpcClient (RpcClient.java:createBucket(685)) - Creating Bucket: vol1/bucket1, with bucket layout LEGACY, runner as owner, Versioning false, Storage Type set to DISK and Encryption set to false, Replication Type set to server-side default replication type, Namespace Quota set to -1, Space Quota set to -1 
2023-06-17 14:27:49,329 [OM StateMachine ApplyTransaction Thread - 0] INFO  bucket.OMBucketCreateRequest (OMBucketCreateRequest.java:validateAndUpdateCache(270)) - created bucket: bucket1 of layout LEGACY in volume: vol1
2023-06-17 14:27:49,349 [IPC Server handler 1 on default port 15036] INFO  ha.SequenceIdGenerator (SequenceIdGenerator.java:getNextId(128)) - Allocate a batch for containerId, change lastId from 0 to 1000.
2023-06-17 14:27:49,350 [IPC Server handler 1 on default port 15036] WARN  ha.SequenceIdGenerator (SequenceIdGenerator.java:allocateBatch(237)) - Failed to allocate a batch for localId, expected lastId is 0, actual lastId is 111677748019200000.
2023-06-17 14:27:49,350 [IPC Server handler 1 on default port 15036] INFO  ha.SequenceIdGenerator (SequenceIdGenerator.java:getNextId(128)) - Allocate a batch for localId, change lastId from 111677748019200000 to 111677748019201000.
2023-06-17 14:27:49,409 [11f1b3f3-e9f6-4126-b930-768e27d5f26c@group-A92FA6730100-FollowerState] INFO  impl.FollowerState (FollowerState.java:run(143)) - 11f1b3f3-e9f6-4126-b930-768e27d5f26c@group-A92FA6730100-FollowerState: change to CANDIDATE, lastRpcElapsedTime:5150324579ns, electionTimeout:5146ms
2023-06-17 14:27:49,409 [11f1b3f3-e9f6-4126-b930-768e27d5f26c@group-A92FA6730100-FollowerState] INFO  impl.RoleInfo (RoleInfo.java:shutdownFollowerState(110)) - 11f1b3f3-e9f6-4126-b930-768e27d5f26c: shutdown 11f1b3f3-e9f6-4126-b930-768e27d5f26c@group-A92FA6730100-FollowerState
2023-06-17 14:27:49,409 [11f1b3f3-e9f6-4126-b930-768e27d5f26c@group-A92FA6730100-FollowerState] INFO  server.RaftServer$Division (RaftServerImpl.java:setRole(329)) - 11f1b3f3-e9f6-4126-b930-768e27d5f26c@group-A92FA6730100: changes role from  FOLLOWER to CANDIDATE at term 0 for changeToCandidate
2023-06-17 14:27:49,417 [11f1b3f3-e9f6-4126-b930-768e27d5f26c@group-A92FA6730100-FollowerState] INFO  server.RaftServerConfigKeys (ConfUtils.java:logGet(46)) - raft.server.leaderelection.pre-vote = true (default)
2023-06-17 14:27:49,417 [11f1b3f3-e9f6-4126-b930-768e27d5f26c@group-A92FA6730100-FollowerState] INFO  impl.RoleInfo (RoleInfo.java:updateAndGet(139)) - 11f1b3f3-e9f6-4126-b930-768e27d5f26c: start 11f1b3f3-e9f6-4126-b930-768e27d5f26c@group-A92FA6730100-LeaderElection14
2023-06-17 14:27:49,437 [11f1b3f3-e9f6-4126-b930-768e27d5f26c@group-A92FA6730100-LeaderElection14] INFO  impl.LeaderElection (LeaderElection.java:askForVotes(321)) - 11f1b3f3-e9f6-4126-b930-768e27d5f26c@group-A92FA6730100-LeaderElection14 PRE_VOTE round 0: submit vote requests at term 0 for -1: peers:[11f1b3f3-e9f6-4126-b930-768e27d5f26c|rpc:10.1.0.30:15067|admin:10.1.0.30:15066|client:10.1.0.30:15065|dataStream:10.1.0.30:15068|priority:1|startupRole:FOLLOWER]|listeners:[], old=null
2023-06-17 14:27:49,437 [11f1b3f3-e9f6-4126-b930-768e27d5f26c@group-A92FA6730100-LeaderElection14] INFO  impl.LeaderElection (LeaderElection.java:askForVotes(323)) - 11f1b3f3-e9f6-4126-b930-768e27d5f26c@group-A92FA6730100-LeaderElection14 PRE_VOTE round 0: result PASSED (term=0)
2023-06-17 14:27:49,440 [11f1b3f3-e9f6-4126-b930-768e27d5f26c@group-A92FA6730100-LeaderElection14] INFO  impl.LeaderElection (LeaderElection.java:askForVotes(321)) - 11f1b3f3-e9f6-4126-b930-768e27d5f26c@group-A92FA6730100-LeaderElection14 ELECTION round 0: submit vote requests at term 1 for -1: peers:[11f1b3f3-e9f6-4126-b930-768e27d5f26c|rpc:10.1.0.30:15067|admin:10.1.0.30:15066|client:10.1.0.30:15065|dataStream:10.1.0.30:15068|priority:1|startupRole:FOLLOWER]|listeners:[], old=null
2023-06-17 14:27:49,440 [11f1b3f3-e9f6-4126-b930-768e27d5f26c@group-A92FA6730100-LeaderElection14] INFO  impl.LeaderElection (LeaderElection.java:askForVotes(323)) - 11f1b3f3-e9f6-4126-b930-768e27d5f26c@group-A92FA6730100-LeaderElection14 ELECTION round 0: result PASSED (term=1)
2023-06-17 14:27:49,440 [11f1b3f3-e9f6-4126-b930-768e27d5f26c@group-A92FA6730100-LeaderElection14] INFO  impl.RoleInfo (RoleInfo.java:shutdownLeaderElection(130)) - 11f1b3f3-e9f6-4126-b930-768e27d5f26c: shutdown 11f1b3f3-e9f6-4126-b930-768e27d5f26c@group-A92FA6730100-LeaderElection14
2023-06-17 14:27:49,440 [11f1b3f3-e9f6-4126-b930-768e27d5f26c@group-A92FA6730100-LeaderElection14] INFO  server.RaftServer$Division (RaftServerImpl.java:setRole(329)) - 11f1b3f3-e9f6-4126-b930-768e27d5f26c@group-A92FA6730100: changes role from CANDIDATE to LEADER at term 1 for changeToLeader
2023-06-17 14:27:49,440 [11f1b3f3-e9f6-4126-b930-768e27d5f26c@group-A92FA6730100-LeaderElection14] INFO  ratis.XceiverServerRatis (XceiverServerRatis.java:handleLeaderChangedNotification(902)) - Leader change notification received for group: group-A92FA6730100 with new leaderId: 11f1b3f3-e9f6-4126-b930-768e27d5f26c
2023-06-17 14:27:49,442 [11f1b3f3-e9f6-4126-b930-768e27d5f26c@group-A92FA6730100-LeaderElection14] INFO  server.RaftServer$Division (ServerState.java:setLeader(317)) - 11f1b3f3-e9f6-4126-b930-768e27d5f26c@group-A92FA6730100: change Leader from null to 11f1b3f3-e9f6-4126-b930-768e27d5f26c at term 1 for becomeLeader, leader elected after 5201ms
2023-06-17 14:27:49,442 [11f1b3f3-e9f6-4126-b930-768e27d5f26c@group-A92FA6730100-LeaderElection14] INFO  server.RaftServerConfigKeys (ConfUtils.java:logGet(46)) - raft.server.staging.catchup.gap = 1000 (default)
2023-06-17 14:27:49,442 [11f1b3f3-e9f6-4126-b930-768e27d5f26c@group-A92FA6730100-LeaderElection14] INFO  server.RaftServerConfigKeys (ConfUtils.java:logGet(46)) - raft.server.write.element-limit = 1024 (custom)
2023-06-17 14:27:49,442 [11f1b3f3-e9f6-4126-b930-768e27d5f26c@group-A92FA6730100-LeaderElection14] INFO  server.RaftServerConfigKeys (ConfUtils.java:logGet(46)) - raft.server.write.byte-limit = 1024 M (=1073741824) (custom)
2023-06-17 14:27:49,442 [11f1b3f3-e9f6-4126-b930-768e27d5f26c@group-A92FA6730100-LeaderElection14] INFO  server.RaftServerConfigKeys (ConfUtils.java:logGet(46)) - raft.server.watch.timeout = 180s (custom)
2023-06-17 14:27:49,442 [11f1b3f3-e9f6-4126-b930-768e27d5f26c@group-A92FA6730100-LeaderElection14] INFO  server.RaftServerConfigKeys (ConfUtils.java:logGet(46)) - raft.server.watch.timeout.denomination = 1s (default)
2023-06-17 14:27:49,442 [11f1b3f3-e9f6-4126-b930-768e27d5f26c@group-A92FA6730100-LeaderElection14] INFO  server.RaftServerConfigKeys (ConfUtils.java:logGet(46)) - raft.server.watch.element-limit = 65536 (default)
2023-06-17 14:27:49,445 [11f1b3f3-e9f6-4126-b930-768e27d5f26c@group-A92FA6730100-LeaderElection14] INFO  server.RaftServerConfigKeys (ConfUtils.java:logGet(46)) - raft.server.write.element-limit = 1024 (custom)
2023-06-17 14:27:49,445 [11f1b3f3-e9f6-4126-b930-768e27d5f26c@group-A92FA6730100-LeaderElection14] INFO  server.RaftServerConfigKeys (ConfUtils.java:logGet(46)) - raft.server.write.follower.gap.ratio.max = -1.0 (default)
2023-06-17 14:27:49,445 [11f1b3f3-e9f6-4126-b930-768e27d5f26c@group-A92FA6730100-LeaderElection14] INFO  impl.RoleInfo (RoleInfo.java:updateAndGet(139)) - 11f1b3f3-e9f6-4126-b930-768e27d5f26c: start 11f1b3f3-e9f6-4126-b930-768e27d5f26c@group-A92FA6730100-LeaderStateImpl
2023-06-17 14:27:49,446 [11f1b3f3-e9f6-4126-b930-768e27d5f26c@group-A92FA6730100-LeaderElection14] INFO  segmented.SegmentedRaftLogWorker (SegmentedRaftLogWorker.java:startLogSegment(447)) - 11f1b3f3-e9f6-4126-b930-768e27d5f26c@group-A92FA6730100-SegmentedRaftLogWorker: Starting segment from index:0
2023-06-17 14:27:49,464 [11f1b3f3-e9f6-4126-b930-768e27d5f26c@group-A92FA6730100-SegmentedRaftLogWorker] INFO  segmented.SegmentedRaftLogWorker (SegmentedRaftLogWorker.java:execute(651)) - 11f1b3f3-e9f6-4126-b930-768e27d5f26c@group-A92FA6730100-SegmentedRaftLogWorker: created new log segment /home/runner/work/ozone/ozone/hadoop-ozone/integration-test/target/test-dir/MiniOzoneClusterImpl-a6c569a4-67a5-46a9-84bc-d3902a35496e/datanode-2/data/ratis/ef90b4c0-7591-46fd-b96c-a92fa6730100/current/log_inprogress_0
2023-06-17 14:27:49,482 [11f1b3f3-e9f6-4126-b930-768e27d5f26c@group-A92FA6730100-LeaderElection14] INFO  server.RaftServer$Division (ServerState.java:setRaftConf(434)) - 11f1b3f3-e9f6-4126-b930-768e27d5f26c@group-A92FA6730100: set configuration 0: peers:[11f1b3f3-e9f6-4126-b930-768e27d5f26c|rpc:10.1.0.30:15067|admin:10.1.0.30:15066|client:10.1.0.30:15065|dataStream:10.1.0.30:15068|priority:1|startupRole:FOLLOWER]|listeners:[], old=null
2023-06-17 14:27:51,009 [main] INFO  ozone.TestSnapshotDeletingService (TestSnapshotDeletingService.java:assertTableRowCount(558)) - keyTable actual row count=2, expectedCount=2
2023-06-17 14:27:51,019 [OM StateMachine ApplyTransaction Thread - 0] INFO  snapshot.OMSnapshotCreateRequest (OMSnapshotCreateRequest.java:validateAndUpdateCache(193)) - Created snapshot: 'bucket1snap1' with snapshotId: '82f92287-f924-4c95-93d2-dc1aa3940486' under path 'vol1/bucket1'
2023-06-17 14:27:51,025 [main] INFO  ozone.TestSnapshotDeletingService (TestSnapshotDeletingService.java:assertTableRowCount(558)) - snapshotInfoTable actual row count=0, expectedCount=1
2023-06-17 14:27:51,043 [OMDoubleBufferFlushThread] INFO  db.RDBCheckpointManager (RDBCheckpointManager.java:createCheckpoint(89)) - Created checkpoint in rocksDB at /home/runner/work/ozone/ozone/hadoop-ozone/integration-test/target/test-dir/MiniOzoneClusterImpl-a6c569a4-67a5-46a9-84bc-d3902a35496e/ozone-meta/db.snapshots/checkpointState/om.db-82f92287-f924-4c95-93d2-dc1aa3940486 in 21 milliseconds
2023-06-17 14:27:51,043 [OMDoubleBufferFlushThread] INFO  db.RDBCheckpointUtils (RDBCheckpointUtils.java:waitForCheckpointDirectoryExist(59)) - Waited for 0 milliseconds for checkpoint directory /home/runner/work/ozone/ozone/hadoop-ozone/integration-test/target/test-dir/MiniOzoneClusterImpl-a6c569a4-67a5-46a9-84bc-d3902a35496e/ozone-meta/db.snapshots/checkpointState/om.db-82f92287-f924-4c95-93d2-dc1aa3940486 availability.
2023-06-17 14:27:51,044 [OMDoubleBufferFlushThread] INFO  om.OmSnapshotManager (OmSnapshotManager.java:createOmSnapshotCheckpoint(409)) - Created checkpoint : /home/runner/work/ozone/ozone/hadoop-ozone/integration-test/target/test-dir/MiniOzoneClusterImpl-a6c569a4-67a5-46a9-84bc-d3902a35496e/ozone-meta/db.snapshots/checkpointState/om.db-82f92287-f924-4c95-93d2-dc1aa3940486 for snapshot bucket1snap1
2023-06-17 14:27:52,026 [main] INFO  ozone.TestSnapshotDeletingService (TestSnapshotDeletingService.java:assertTableRowCount(558)) - snapshotInfoTable actual row count=1, expectedCount=1
2023-06-17 14:27:52,895 [KeyDeletingService#0] WARN  server.ServerUtils (ServerUtils.java:getDBPath(311)) - ozone.om.db.dirs is not configured. We recommend adding this setting. Falling back to ozone.metadata.dirs instead.
2023-06-17 14:27:52,896 [KeyDeletingService#0] INFO  helpers.OmKeyInfo (OmKeyInfo.java:getCodec(71)) - OmKeyInfo.getCodec ignorePipeline = true
2023-06-17 14:27:53,605 [main] INFO  ozone.TestSnapshotDeletingService (TestSnapshotDeletingService.java:assertTableRowCount(558)) - keyTable actual row count=0, expectedCount=0
2023-06-17 14:27:53,605 [main] INFO  ozone.TestSnapshotDeletingService (TestSnapshotDeletingService.java:assertTableRowCount(558)) - deletedTable actual row count=3, expectedCount=1
2023-06-17 14:27:53,898 [IPC Server handler 1 on default port 15036] INFO  ha.SequenceIdGenerator (SequenceIdGenerator.java:getNextId(128)) - Allocate a batch for delTxnId, change lastId from 0 to 1000.
2023-06-17 14:27:54,606 [main] INFO  ozone.TestSnapshotDeletingService (TestSnapshotDeletingService.java:assertTableRowCount(558)) - deletedTable actual row count=1, expectedCount=1
2023-06-17 14:27:54,610 [OM StateMachine ApplyTransaction Thread - 0] INFO  snapshot.OMSnapshotCreateRequest (OMSnapshotCreateRequest.java:validateAndUpdateCache(193)) - Created snapshot: 'bucket1snap2' with snapshotId: '52691f63-bd19-484b-ab37-2c91c4524ffa' under path 'vol1/bucket1'
2023-06-17 14:27:54,612 [main] INFO  ozone.TestSnapshotDeletingService (TestSnapshotDeletingService.java:assertTableRowCount(558)) - snapshotInfoTable actual row count=1, expectedCount=2
2023-06-17 14:27:54,641 [OMDoubleBufferFlushThread] INFO  db.RDBCheckpointManager (RDBCheckpointManager.java:createCheckpoint(89)) - Created checkpoint in rocksDB at /home/runner/work/ozone/ozone/hadoop-ozone/integration-test/target/test-dir/MiniOzoneClusterImpl-a6c569a4-67a5-46a9-84bc-d3902a35496e/ozone-meta/db.snapshots/checkpointState/om.db-52691f63-bd19-484b-ab37-2c91c4524ffa in 29 milliseconds
2023-06-17 14:27:54,642 [OMDoubleBufferFlushThread] INFO  db.RDBCheckpointUtils (RDBCheckpointUtils.java:waitForCheckpointDirectoryExist(59)) - Waited for 1 milliseconds for checkpoint directory /home/runner/work/ozone/ozone/hadoop-ozone/integration-test/target/test-dir/MiniOzoneClusterImpl-a6c569a4-67a5-46a9-84bc-d3902a35496e/ozone-meta/db.snapshots/checkpointState/om.db-52691f63-bd19-484b-ab37-2c91c4524ffa availability.
2023-06-17 14:27:54,643 [OMDoubleBufferFlushThread] INFO  om.OmSnapshotManager (OmSnapshotManager.java:createOmSnapshotCheckpoint(409)) - Created checkpoint : /home/runner/work/ozone/ozone/hadoop-ozone/integration-test/target/test-dir/MiniOzoneClusterImpl-a6c569a4-67a5-46a9-84bc-d3902a35496e/ozone-meta/db.snapshots/checkpointState/om.db-52691f63-bd19-484b-ab37-2c91c4524ffa for snapshot bucket1snap2
2023-06-17 14:27:55,612 [main] INFO  ozone.TestSnapshotDeletingService (TestSnapshotDeletingService.java:assertTableRowCount(558)) - snapshotInfoTable actual row count=2, expectedCount=2
2023-06-17 14:27:55,613 [main] INFO  ozone.TestSnapshotDeletingService (TestSnapshotDeletingService.java:assertTableRowCount(558)) - deletedTable actual row count=0, expectedCount=0
2023-06-17 14:27:57,365 [main] INFO  ozone.TestSnapshotDeletingService (TestSnapshotDeletingService.java:assertTableRowCount(558)) - keyTable actual row count=1, expectedCount=1
2023-06-17 14:27:57,365 [main] INFO  ozone.TestSnapshotDeletingService (TestSnapshotDeletingService.java:assertTableRowCount(558)) - deletedTable actual row count=1, expectedCount=0
2023-06-17 14:27:57,397 [KeyDeletingService#0] WARN  server.ServerUtils (ServerUtils.java:getDBPath(311)) - ozone.om.db.dirs is not configured. We recommend adding this setting. Falling back to ozone.metadata.dirs instead.
2023-06-17 14:27:57,398 [KeyDeletingService#0] INFO  helpers.OmKeyInfo (OmKeyInfo.java:getCodec(71)) - OmKeyInfo.getCodec ignorePipeline = true
2023-06-17 14:27:58,366 [main] INFO  ozone.TestSnapshotDeletingService (TestSnapshotDeletingService.java:assertTableRowCount(558)) - deletedTable actual row count=0, expectedCount=0
2023-06-17 14:27:58,371 [OM StateMachine ApplyTransaction Thread - 0] INFO  snapshot.OMSnapshotCreateRequest (OMSnapshotCreateRequest.java:validateAndUpdateCache(193)) - Created snapshot: 'bucket1snap3' with snapshotId: '3e6c536c-17ff-4760-a2f1-73f4634f2bef' under path 'vol1/bucket1'
2023-06-17 14:27:58,373 [main] INFO  ozone.TestSnapshotDeletingService (TestSnapshotDeletingService.java:assertTableRowCount(558)) - snapshotInfoTable actual row count=2, expectedCount=3
2023-06-17 14:27:58,390 [OMDoubleBufferFlushThread] INFO  db.RDBCheckpointManager (RDBCheckpointManager.java:createCheckpoint(89)) - Created checkpoint in rocksDB at /home/runner/work/ozone/ozone/hadoop-ozone/integration-test/target/test-dir/MiniOzoneClusterImpl-a6c569a4-67a5-46a9-84bc-d3902a35496e/ozone-meta/db.snapshots/checkpointState/om.db-3e6c536c-17ff-4760-a2f1-73f4634f2bef in 18 milliseconds
2023-06-17 14:27:58,391 [OMDoubleBufferFlushThread] INFO  db.RDBCheckpointUtils (RDBCheckpointUtils.java:waitForCheckpointDirectoryExist(59)) - Waited for 1 milliseconds for checkpoint directory /home/runner/work/ozone/ozone/hadoop-ozone/integration-test/target/test-dir/MiniOzoneClusterImpl-a6c569a4-67a5-46a9-84bc-d3902a35496e/ozone-meta/db.snapshots/checkpointState/om.db-3e6c536c-17ff-4760-a2f1-73f4634f2bef availability.
2023-06-17 14:27:58,392 [OMDoubleBufferFlushThread] INFO  om.OmSnapshotManager (OmSnapshotManager.java:createOmSnapshotCheckpoint(409)) - Created checkpoint : /home/runner/work/ozone/ozone/hadoop-ozone/integration-test/target/test-dir/MiniOzoneClusterImpl-a6c569a4-67a5-46a9-84bc-d3902a35496e/ozone-meta/db.snapshots/checkpointState/om.db-3e6c536c-17ff-4760-a2f1-73f4634f2bef for snapshot bucket1snap3
2023-06-17 14:27:59,374 [main] INFO  ozone.TestSnapshotDeletingService (TestSnapshotDeletingService.java:assertTableRowCount(558)) - snapshotInfoTable actual row count=3, expectedCount=3
2023-06-17 14:27:59,380 [OM StateMachine ApplyTransaction Thread - 0] INFO  snapshot.OMSnapshotDeleteRequest (OMSnapshotDeleteRequest.java:validateAndUpdateCache(225)) - Deleted snapshot 'bucket1snap2' under path 'vol1/bucket1'
2023-06-17 14:27:59,383 [main] INFO  ozone.TestSnapshotDeletingService (TestSnapshotDeletingService.java:assertTableRowCount(558)) - snapshotInfoTable actual row count=3, expectedCount=2
2023-06-17 14:27:59,411 [OM StateMachine ApplyTransaction Thread - 0] INFO  upgrade.AbstractLayoutVersionManager (AbstractLayoutVersionManager.java:init(83)) - Initializing Layout version manager with metadata layout = FILESYSTEM_SNAPSHOT (version = 5), software layout = FILESYSTEM_SNAPSHOT (version = 5)
2023-06-17 14:27:59,412 [OM StateMachine ApplyTransaction Thread - 0] WARN  server.ServerUtils (ServerUtils.java:getDBPath(311)) - ozone.om.db.dirs is not configured. We recommend adding this setting. Falling back to ozone.metadata.dirs instead.
2023-06-17 14:27:59,413 [OM StateMachine ApplyTransaction Thread - 0] INFO  helpers.OmKeyInfo (OmKeyInfo.java:getCodec(71)) - OmKeyInfo.getCodec ignorePipeline = true
2023-06-17 14:28:00,384 [main] INFO  ozone.TestSnapshotDeletingService (TestSnapshotDeletingService.java:assertTableRowCount(558)) - snapshotInfoTable actual row count=2, expectedCount=2
2023-06-17 14:28:00,388 [main] INFO  rpc.RpcClient (RpcClient.java:createBucket(685)) - Creating Bucket: vol1/bucket2, with bucket layout LEGACY, runner as owner, Versioning false, Storage Type set to DISK and Encryption set to false, Replication Type set to server-side default replication type, Namespace Quota set to -1, Space Quota set to -1 
2023-06-17 14:28:00,393 [OM StateMachine ApplyTransaction Thread - 0] INFO  bucket.OMBucketCreateRequest (OMBucketCreateRequest.java:validateAndUpdateCache(270)) - created bucket: bucket2 of layout LEGACY in volume: vol1
2023-06-17 14:28:02,794 [JvmPauseMonitor7] WARN  util.JvmPauseMonitor (JvmPauseMonitor.java:detectPause(124)) - JvmPauseMonitor-3350fcee-efa5-466a-bd09-11f11345576c: Detected pause in JVM or host machine approximately 0.175s with 0.622s GC time.
GC pool 'PS MarkSweep' had collection(s): count=1 time=526ms
GC pool 'PS Scavenge' had collection(s): count=1 time=96ms
2023-06-17 14:28:02,794 [JvmPauseMonitor8] WARN  util.JvmPauseMonitor (JvmPauseMonitor.java:detectPause(124)) - JvmPauseMonitor-ed11e02f-92ab-4020-a18d-0125a70774e0: Detected pause in JVM or host machine approximately 0.300s with 0.622s GC time.
GC pool 'PS MarkSweep' had collection(s): count=1 time=526ms
GC pool 'PS Scavenge' had collection(s): count=1 time=96ms
2023-06-17 14:28:02,796 [JvmPauseMonitor5] WARN  util.JvmPauseMonitor (JvmPauseMonitor.java:detectPause(124)) - JvmPauseMonitor-14ce1149-14c3-448d-a6f6-d0099dc54a22: Detected pause in JVM or host machine approximately 0.395s with 0.622s GC time.
GC pool 'PS MarkSweep' had collection(s): count=1 time=526ms
GC pool 'PS Scavenge' had collection(s): count=1 time=96ms
2023-06-17 14:28:02,805 [JvmPauseMonitor9] WARN  util.JvmPauseMonitor (JvmPauseMonitor.java:detectPause(124)) - JvmPauseMonitor-11f1b3f3-e9f6-4126-b930-768e27d5f26c: Detected pause in JVM or host machine approximately 0.485s with 0.622s GC time.
GC pool 'PS MarkSweep' had collection(s): count=1 time=526ms
GC pool 'PS Scavenge' had collection(s): count=1 time=96ms
2023-06-17 14:28:02,805 [JvmPauseMonitor6] WARN  util.JvmPauseMonitor (JvmPauseMonitor.java:detectPause(124)) - JvmPauseMonitor-om1: Detected pause in JVM or host machine approximately 0.397s with 0.622s GC time.
GC pool 'PS MarkSweep' had collection(s): count=1 time=526ms
GC pool 'PS Scavenge' had collection(s): count=1 time=96ms
2023-06-17 14:28:02,971 [OM StateMachine ApplyTransaction Thread - 0] INFO  snapshot.OMSnapshotCreateRequest (OMSnapshotCreateRequest.java:validateAndUpdateCache(193)) - Created snapshot: 'bucket2snap1' with snapshotId: 'c32f136a-b2d8-4617-8d6b-c8f24cb1b30c' under path 'vol1/bucket2'
2023-06-17 14:28:02,977 [main] INFO  ozone.TestSnapshotDeletingService (TestSnapshotDeletingService.java:assertTableRowCount(558)) - snapshotInfoTable actual row count=2, expectedCount=3
2023-06-17 14:28:02,982 [Thread-1500] INFO  rocksdiff.RocksDBCheckpointDiffer (RocksDBCheckpointDiffer.java:onCompactionCompleted(527)) - Skipped the compaction entry. Compaction input files: [/home/runner/work/ozone/ozone/hadoop-ozone/integration-test/target/test-dir/MiniOzoneClusterImpl-a6c569a4-67a5-46a9-84bc-d3902a35496e/ozone-meta/om.db/000065.sst, /home/runner/work/ozone/ozone/hadoop-ozone/integration-test/target/test-dir/MiniOzoneClusterImpl-a6c569a4-67a5-46a9-84bc-d3902a35496e/ozone-meta/om.db/000058.sst, /home/runner/work/ozone/ozone/hadoop-ozone/integration-test/target/test-dir/MiniOzoneClusterImpl-a6c569a4-67a5-46a9-84bc-d3902a35496e/ozone-meta/om.db/000051.sst] and output files: [/home/runner/work/ozone/ozone/hadoop-ozone/integration-test/target/test-dir/MiniOzoneClusterImpl-a6c569a4-67a5-46a9-84bc-d3902a35496e/ozone-meta/om.db/000065.sst, /home/runner/work/ozone/ozone/hadoop-ozone/integration-test/target/test-dir/MiniOzoneClusterImpl-a6c569a4-67a5-46a9-84bc-d3902a35496e/ozone-meta/om.db/000058.sst, /home/runner/work/ozone/ozone/hadoop-ozone/integration-test/target/test-dir/MiniOzoneClusterImpl-a6c569a4-67a5-46a9-84bc-d3902a35496e/ozone-meta/om.db/000051.sst] are same.
2023-06-17 14:28:02,993 [Thread-1534] INFO  rocksdiff.RocksDBCheckpointDiffer (RocksDBCheckpointDiffer.java:onCompactionCompleted(527)) - Skipped the compaction entry. Compaction input files: [/home/runner/work/ozone/ozone/hadoop-ozone/integration-test/target/test-dir/MiniOzoneClusterImpl-a6c569a4-67a5-46a9-84bc-d3902a35496e/ozone-meta/om.db/000075.sst, /home/runner/work/ozone/ozone/hadoop-ozone/integration-test/target/test-dir/MiniOzoneClusterImpl-a6c569a4-67a5-46a9-84bc-d3902a35496e/ozone-meta/om.db/000067.sst, /home/runner/work/ozone/ozone/hadoop-ozone/integration-test/target/test-dir/MiniOzoneClusterImpl-a6c569a4-67a5-46a9-84bc-d3902a35496e/ozone-meta/om.db/000060.sst, /home/runner/work/ozone/ozone/hadoop-ozone/integration-test/target/test-dir/MiniOzoneClusterImpl-a6c569a4-67a5-46a9-84bc-d3902a35496e/ozone-meta/om.db/000053.sst] and output files: [/home/runner/work/ozone/ozone/hadoop-ozone/integration-test/target/test-dir/MiniOzoneClusterImpl-a6c569a4-67a5-46a9-84bc-d3902a35496e/ozone-meta/om.db/000075.sst, /home/runner/work/ozone/ozone/hadoop-ozone/integration-test/target/test-dir/MiniOzoneClusterImpl-a6c569a4-67a5-46a9-84bc-d3902a35496e/ozone-meta/om.db/000067.sst, /home/runner/work/ozone/ozone/hadoop-ozone/integration-test/target/test-dir/MiniOzoneClusterImpl-a6c569a4-67a5-46a9-84bc-d3902a35496e/ozone-meta/om.db/000060.sst, /home/runner/work/ozone/ozone/hadoop-ozone/integration-test/target/test-dir/MiniOzoneClusterImpl-a6c569a4-67a5-46a9-84bc-d3902a35496e/ozone-meta/om.db/000053.sst] are same.
2023-06-17 14:28:03,002 [OMDoubleBufferFlushThread] INFO  db.RDBCheckpointManager (RDBCheckpointManager.java:createCheckpoint(89)) - Created checkpoint in rocksDB at /home/runner/work/ozone/ozone/hadoop-ozone/integration-test/target/test-dir/MiniOzoneClusterImpl-a6c569a4-67a5-46a9-84bc-d3902a35496e/ozone-meta/db.snapshots/checkpointState/om.db-c32f136a-b2d8-4617-8d6b-c8f24cb1b30c in 27 milliseconds
2023-06-17 14:28:03,002 [OMDoubleBufferFlushThread] INFO  db.RDBCheckpointUtils (RDBCheckpointUtils.java:waitForCheckpointDirectoryExist(59)) - Waited for 0 milliseconds for checkpoint directory /home/runner/work/ozone/ozone/hadoop-ozone/integration-test/target/test-dir/MiniOzoneClusterImpl-a6c569a4-67a5-46a9-84bc-d3902a35496e/ozone-meta/db.snapshots/checkpointState/om.db-c32f136a-b2d8-4617-8d6b-c8f24cb1b30c availability.
2023-06-17 14:28:03,003 [OMDoubleBufferFlushThread] INFO  om.OmSnapshotManager (OmSnapshotManager.java:createOmSnapshotCheckpoint(409)) - Created checkpoint : /home/runner/work/ozone/ozone/hadoop-ozone/integration-test/target/test-dir/MiniOzoneClusterImpl-a6c569a4-67a5-46a9-84bc-d3902a35496e/ozone-meta/db.snapshots/checkpointState/om.db-c32f136a-b2d8-4617-8d6b-c8f24cb1b30c for snapshot bucket2snap1
2023-06-17 14:28:03,981 [main] INFO  ozone.TestSnapshotDeletingService (TestSnapshotDeletingService.java:assertTableRowCount(558)) - snapshotInfoTable actual row count=3, expectedCount=3
2023-06-17 14:28:03,991 [main] INFO  ozone.TestSnapshotDeletingService (TestSnapshotDeletingService.java:assertTableRowCount(558)) - deletedTable actual row count=2, expectedCount=2
2023-06-17 14:28:03,993 [OM StateMachine ApplyTransaction Thread - 0] INFO  snapshot.OMSnapshotDeleteRequest (OMSnapshotDeleteRequest.java:validateAndUpdateCache(225)) - Deleted snapshot 'bucket2snap1' under path 'vol1/bucket2'
2023-06-17 14:28:03,994 [main] INFO  ozone.TestSnapshotDeletingService (TestSnapshotDeletingService.java:assertTableRowCount(558)) - snapshotInfoTable actual row count=3, expectedCount=2
2023-06-17 14:28:04,297 [SnapshotDeletingService#0] WARN  server.ServerUtils (ServerUtils.java:getDBPath(311)) - ozone.om.db.dirs is not configured. We recommend adding this setting. Falling back to ozone.metadata.dirs instead.
2023-06-17 14:28:04,297 [SnapshotDeletingService#0] INFO  helpers.OmKeyInfo (OmKeyInfo.java:getCodec(71)) - OmKeyInfo.getCodec ignorePipeline = true
2023-06-17 14:28:04,995 [main] INFO  ozone.TestSnapshotDeletingService (TestSnapshotDeletingService.java:assertTableRowCount(558)) - snapshotInfoTable actual row count=2, expectedCount=2
2023-06-17 14:28:04,995 [main] INFO  ozone.TestSnapshotDeletingService (TestSnapshotDeletingService.java:assertTableRowCount(558)) - deletedTable actual row count=0, expectedCount=0
2023-06-17 14:28:05,015 [main] INFO  ozone.MiniOzoneClusterImpl (MiniOzoneClusterImpl.java:shutdown(444)) - Shutting down the Mini Ozone Cluster
2023-06-17 14:28:05,016 [main] INFO  ozone.MiniOzoneClusterImpl (MiniOzoneClusterImpl.java:stop(461)) - Stopping the Mini Ozone Cluster
2023-06-17 14:28:05,016 [main] INFO  ozone.MiniOzoneClusterImpl (MiniOzoneClusterImpl.java:stopOM(552)) - Stopping the OzoneManager
2023-06-17 14:28:05,016 [main] INFO  om.OzoneManager (OzoneManager.java:stop(2165)) - om1[localhost:15039]: Stopping Ozone Manager
2023-06-17 14:28:05,016 [main] INFO  ipc.Server (Server.java:stop(3501)) - Stopping server on 15039
2023-06-17 14:28:05,022 [IPC Server listener on 15039] INFO  ipc.Server (Server.java:run(1430)) - Stopping IPC Server listener on 15039
2023-06-17 14:28:05,022 [IPC Server Responder] INFO  ipc.Server (Server.java:run(1563)) - Stopping IPC Server Responder
2023-06-17 14:28:05,024 [main] INFO  server.RaftServer (RaftServerProxy.java:lambda$close$6(416)) - om1: close
2023-06-17 14:28:05,024 [main] INFO  server.GrpcService (GrpcService.java:closeImpl(311)) - om1: shutdown server GrpcServerProtocolService now
2023-06-17 14:28:05,024 [om1-impl-thread1] INFO  server.RaftServer$Division (RaftServerImpl.java:lambda$close$4(466)) - om1@group-C5BA1605619E: shutdown
2023-06-17 14:28:05,025 [om1-impl-thread1] INFO  util.JmxRegister (JmxRegister.java:unregister(73)) - Successfully un-registered JMX Bean with object name Ratis:service=RaftServer,group=group-C5BA1605619E,id=om1
2023-06-17 14:28:05,025 [om1-impl-thread1] INFO  impl.RoleInfo (RoleInfo.java:shutdownLeaderState(93)) - om1: shutdown om1@group-C5BA1605619E-LeaderStateImpl
2023-06-17 14:28:05,025 [om1-impl-thread1] INFO  impl.PendingRequests (PendingRequests.java:sendNotLeaderResponses(289)) - om1@group-C5BA1605619E-PendingRequests: sendNotLeaderResponses
2023-06-17 14:28:05,034 [om1-impl-thread1] INFO  impl.StateMachineUpdater (StateMachineUpdater.java:stopAndJoin(155)) - om1@group-C5BA1605619E-StateMachineUpdater: set stopIndex = 76
2023-06-17 14:28:05,034 [om1@group-C5BA1605619E-StateMachineUpdater] INFO  ratis.OzoneManagerStateMachine (OzoneManagerStateMachine.java:takeSnapshot(479)) - Current Snapshot Index (t:1, i:76)
2023-06-17 14:28:05,034 [main] INFO  server.GrpcService (GrpcService.java:closeImpl(320)) - om1: shutdown server GrpcServerProtocolService successfully
2023-06-17 14:28:05,048 [om1@group-C5BA1605619E-StateMachineUpdater] INFO  impl.StateMachineUpdater (StateMachineUpdater.java:takeSnapshot(291)) - om1@group-C5BA1605619E-StateMachineUpdater: Took a snapshot at index 76
2023-06-17 14:28:05,048 [om1@group-C5BA1605619E-StateMachineUpdater] INFO  impl.StateMachineUpdater (StateMachineUpdater.java:lambda$new$0(97)) - om1@group-C5BA1605619E-StateMachineUpdater: snapshotIndex: updateIncreasingly -1 -> 76
2023-06-17 14:28:05,048 [om1@group-C5BA1605619E-StateMachineUpdater] INFO  ratis.OzoneManagerStateMachine (OzoneManagerStateMachine.java:close(533)) - StateMachine has shutdown. Shutdown OzoneManager if not already shutdown.
2023-06-17 14:28:05,048 [om1@group-C5BA1605619E-StateMachineUpdater] INFO  ratis.OzoneManagerDoubleBuffer (OzoneManagerDoubleBuffer.java:stopDaemon(551)) - Stopping OMDoubleBuffer flush thread
2023-06-17 14:28:05,050 [OMDoubleBufferFlushThread] INFO  ratis.OzoneManagerDoubleBuffer (OzoneManagerDoubleBuffer.java:canFlush(638)) - OMDoubleBuffer flush thread OMDoubleBufferFlushThread is interrupted and will exit.
2023-06-17 14:28:05,050 [om1-impl-thread1] INFO  server.RaftServer$Division (ServerState.java:close(472)) - om1@group-C5BA1605619E: closes. applyIndex: 76
2023-06-17 14:28:05,804 [om1-impl-thread1] INFO  segmented.SegmentedRaftLogWorker (SegmentedRaftLogWorker.java:close(252)) - om1@group-C5BA1605619E-SegmentedRaftLogWorker close()
2023-06-17 14:28:05,805 [JvmPauseMonitor6] INFO  util.JvmPauseMonitor (JvmPauseMonitor.java:run(109)) - JvmPauseMonitor-om1: Stopped
2023-06-17 14:28:05,806 [main] INFO  ratis.OzoneManagerStateMachine (OzoneManagerStateMachine.java:close(533)) - StateMachine has shutdown. Shutdown OzoneManager if not already shutdown.
2023-06-17 14:28:05,807 [main] INFO  ratis.OzoneManagerDoubleBuffer (OzoneManagerDoubleBuffer.java:stopDaemon(560)) - OMDoubleBuffer flush thread is not running.
2023-06-17 14:28:05,812 [main] INFO  utils.BackgroundService (BackgroundService.java:shutdown(141)) - Shutting down service KeyDeletingService
2023-06-17 14:28:05,812 [main] INFO  utils.BackgroundService (BackgroundService.java:shutdown(141)) - Shutting down service KeyDeletingService
2023-06-17 14:28:05,812 [main] INFO  utils.BackgroundService (BackgroundService.java:shutdown(141)) - Shutting down service OpenKeyCleanupService
2023-06-17 14:28:05,812 [main] INFO  utils.BackgroundService (BackgroundService.java:shutdown(141)) - Shutting down service SstFilteringService
2023-06-17 14:28:05,812 [main] INFO  utils.BackgroundService (BackgroundService.java:shutdown(141)) - Shutting down service SnapshotDeletingService
2023-06-17 14:28:05,813 [main] INFO  handler.ContextHandler (ContextHandler.java:doStop(1159)) - Stopped o.e.j.w.WebAppContext@1ff67f85{ozoneManager,/,null,STOPPED}{file:/home/runner/work/ozone/ozone/hadoop-ozone/integration-test/target/test-classes/webapps/ozoneManager}
2023-06-17 14:28:05,814 [main] INFO  server.AbstractConnector (AbstractConnector.java:doStop(383)) - Stopped ServerConnector@114f20bc{HTTP/1.1, (http/1.1)}{0.0.0.0:15040}
2023-06-17 14:28:05,814 [main] INFO  server.session (HouseKeeper.java:stopScavenging(149)) - node0 Stopped scavenging
2023-06-17 14:28:05,815 [main] INFO  handler.ContextHandler (ContextHandler.java:doStop(1159)) - Stopped o.e.j.s.ServletContextHandler@1df8663b{static,/static,file:///home/runner/work/ozone/ozone/hadoop-ozone/integration-test/target/test-classes/webapps/static,STOPPED}
2023-06-17 14:28:05,815 [main] INFO  handler.ContextHandler (ContextHandler.java:doStop(1159)) - Stopped o.e.j.s.ServletContextHandler@1ea9c046{logs,/logs,file:///home/runner/work/ozone/ozone/hadoop-ozone/integration-test/target/log,STOPPED}
2023-06-17 14:28:05,821 [main] INFO  snapshot.SnapshotDiffManager (SnapshotDiffManager.java:closeExecutorService(1267)) - Shutting down executorService: 'SnapDiffExecutor'
2023-06-17 14:28:05,821 [main] INFO  snapshot.SnapshotDiffManager (SnapshotDiffManager.java:closeExecutorService(1267)) - Shutting down executorService: 'SstDumpToolExecutor'
2023-06-17 14:28:05,833 [main] INFO  utils.BackgroundService (BackgroundService.java:shutdown(141)) - Shutting down service SnapshotDiffCleanupService
2023-06-17 14:28:05,834 [main] INFO  ozone.MiniOzoneClusterImpl (MiniOzoneClusterImpl.java:stopDatanodes(529)) - Stopping the HddsDatanodes
2023-06-17 14:28:05,839 [main] INFO  ozoneimpl.OzoneContainer (OzoneContainer.java:stop(433)) - Attempting to stop container services.
2023-06-17 14:28:05,840 [ForkJoinPool.commonPool-worker-1] INFO  ozoneimpl.OzoneContainer (OzoneContainer.java:stop(433)) - Attempting to stop container services.
2023-06-17 14:28:05,840 [main] INFO  server.RaftServer (RaftServerProxy.java:lambda$close$6(416)) - ed11e02f-92ab-4020-a18d-0125a70774e0: close
2023-06-17 14:28:05,841 [ed11e02f-92ab-4020-a18d-0125a70774e0-impl-thread1] INFO  server.RaftServer$Division (RaftServerImpl.java:lambda$close$4(466)) - ed11e02f-92ab-4020-a18d-0125a70774e0@group-AACFBA3D99E5: shutdown
2023-06-17 14:28:05,841 [ed11e02f-92ab-4020-a18d-0125a70774e0-impl-thread1] INFO  util.JmxRegister (JmxRegister.java:unregister(73)) - Successfully un-registered JMX Bean with object name Ratis:service=RaftServer,group=group-AACFBA3D99E5,id=ed11e02f-92ab-4020-a18d-0125a70774e0
2023-06-17 14:28:05,841 [ed11e02f-92ab-4020-a18d-0125a70774e0-impl-thread1] INFO  impl.RoleInfo (RoleInfo.java:shutdownFollowerState(110)) - ed11e02f-92ab-4020-a18d-0125a70774e0: shutdown ed11e02f-92ab-4020-a18d-0125a70774e0@group-AACFBA3D99E5-FollowerState
2023-06-17 14:28:05,844 [ed11e02f-92ab-4020-a18d-0125a70774e0-impl-thread2] INFO  server.RaftServer$Division (RaftServerImpl.java:lambda$close$4(466)) - ed11e02f-92ab-4020-a18d-0125a70774e0@group-75B6C75BBF69: shutdown
2023-06-17 14:28:05,844 [ed11e02f-92ab-4020-a18d-0125a70774e0-impl-thread2] INFO  util.JmxRegister (JmxRegister.java:unregister(73)) - Successfully un-registered JMX Bean with object name Ratis:service=RaftServer,group=group-75B6C75BBF69,id=ed11e02f-92ab-4020-a18d-0125a70774e0
2023-06-17 14:28:05,844 [ed11e02f-92ab-4020-a18d-0125a70774e0-impl-thread2] INFO  impl.RoleInfo (RoleInfo.java:shutdownLeaderState(93)) - ed11e02f-92ab-4020-a18d-0125a70774e0: shutdown ed11e02f-92ab-4020-a18d-0125a70774e0@group-75B6C75BBF69-LeaderStateImpl
2023-06-17 14:28:05,845 [ed11e02f-92ab-4020-a18d-0125a70774e0-impl-thread2] INFO  impl.PendingRequests (PendingRequests.java:sendNotLeaderResponses(289)) - ed11e02f-92ab-4020-a18d-0125a70774e0@group-75B6C75BBF69-PendingRequests: sendNotLeaderResponses
2023-06-17 14:28:05,845 [ed11e02f-92ab-4020-a18d-0125a70774e0@group-75B6C75BBF69-StateMachineUpdater] INFO  ratis.ContainerStateMachine (ContainerStateMachine.java:takeSnapshot(330)) - group-75B6C75BBF69: Taking a snapshot at:(t:1, i:0) file /home/runner/work/ozone/ozone/hadoop-ozone/integration-test/target/test-dir/MiniOzoneClusterImpl-a6c569a4-67a5-46a9-84bc-d3902a35496e/datanode-1/data/ratis/e3331097-e406-4cef-be8d-75b6c75bbf69/sm/snapshot.1_0
2023-06-17 14:28:05,845 [ed11e02f-92ab-4020-a18d-0125a70774e0-impl-thread2] INFO  impl.StateMachineUpdater (StateMachineUpdater.java:stopAndJoin(155)) - ed11e02f-92ab-4020-a18d-0125a70774e0@group-75B6C75BBF69-StateMachineUpdater: set stopIndex = 0
2023-06-17 14:28:05,847 [ForkJoinPool.commonPool-worker-1] INFO  server.RaftServer (RaftServerProxy.java:lambda$close$6(416)) - 3350fcee-efa5-466a-bd09-11f11345576c: close
2023-06-17 14:28:05,850 [ed11e02f-92ab-4020-a18d-0125a70774e0-impl-thread3] INFO  server.RaftServer$Division (RaftServerImpl.java:lambda$close$4(466)) - ed11e02f-92ab-4020-a18d-0125a70774e0@group-3DC03F0A7933: shutdown
2023-06-17 14:28:05,847 [main] INFO  server.GrpcService (GrpcService.java:closeImpl(311)) - ed11e02f-92ab-4020-a18d-0125a70774e0: shutdown server org.apache.ratis.grpc.server.GrpcClientProtocolService now
2023-06-17 14:28:05,847 [ed11e02f-92ab-4020-a18d-0125a70774e0@group-AACFBA3D99E5-StateMachineUpdater] INFO  ratis.ContainerStateMachine (ContainerStateMachine.java:takeSnapshot(330)) - group-AACFBA3D99E5: Taking a snapshot at:(t:1, i:305) file /home/runner/work/ozone/ozone/hadoop-ozone/integration-test/target/test-dir/MiniOzoneClusterImpl-a6c569a4-67a5-46a9-84bc-d3902a35496e/datanode-1/data/ratis/9c2b6952-5138-498d-9e29-aacfba3d99e5/sm/snapshot.1_305
2023-06-17 14:28:05,851 [ed11e02f-92ab-4020-a18d-0125a70774e0-impl-thread3] INFO  util.JmxRegister (JmxRegister.java:unregister(73)) - Successfully un-registered JMX Bean with object name Ratis:service=RaftServer,group=group-3DC03F0A7933,id=ed11e02f-92ab-4020-a18d-0125a70774e0
2023-06-17 14:28:05,851 [ed11e02f-92ab-4020-a18d-0125a70774e0-impl-thread3] INFO  impl.RoleInfo (RoleInfo.java:shutdownFollowerState(110)) - ed11e02f-92ab-4020-a18d-0125a70774e0: shutdown ed11e02f-92ab-4020-a18d-0125a70774e0@group-3DC03F0A7933-FollowerState
2023-06-17 14:28:05,847 [ed11e02f-92ab-4020-a18d-0125a70774e0@group-75B6C75BBF69-StateMachineUpdater] INFO  ratis.ContainerStateMachine (ContainerStateMachine.java:takeSnapshot(341)) - group-75B6C75BBF69: Finished taking a snapshot at:(t:1, i:0) file:/home/runner/work/ozone/ozone/hadoop-ozone/integration-test/target/test-dir/MiniOzoneClusterImpl-a6c569a4-67a5-46a9-84bc-d3902a35496e/datanode-1/data/ratis/e3331097-e406-4cef-be8d-75b6c75bbf69/sm/snapshot.1_0 took: 2 ms
2023-06-17 14:28:05,856 [ed11e02f-92ab-4020-a18d-0125a70774e0@group-75B6C75BBF69-StateMachineUpdater] INFO  impl.StateMachineUpdater (StateMachineUpdater.java:takeSnapshot(291)) - ed11e02f-92ab-4020-a18d-0125a70774e0@group-75B6C75BBF69-StateMachineUpdater: Took a snapshot at index 0
2023-06-17 14:28:05,856 [ed11e02f-92ab-4020-a18d-0125a70774e0@group-75B6C75BBF69-StateMachineUpdater] INFO  impl.StateMachineUpdater (StateMachineUpdater.java:lambda$new$0(97)) - ed11e02f-92ab-4020-a18d-0125a70774e0@group-75B6C75BBF69-StateMachineUpdater: snapshotIndex: updateIncreasingly -1 -> 0
2023-06-17 14:28:05,847 [ed11e02f-92ab-4020-a18d-0125a70774e0@group-AACFBA3D99E5-FollowerState] INFO  impl.FollowerState (FollowerState.java:run(152)) - ed11e02f-92ab-4020-a18d-0125a70774e0@group-AACFBA3D99E5-FollowerState was interrupted
2023-06-17 14:28:05,847 [ed11e02f-92ab-4020-a18d-0125a70774e0-impl-thread1] INFO  impl.StateMachineUpdater (StateMachineUpdater.java:stopAndJoin(155)) - ed11e02f-92ab-4020-a18d-0125a70774e0@group-AACFBA3D99E5-StateMachineUpdater: set stopIndex = 305
2023-06-17 14:28:05,856 [ed11e02f-92ab-4020-a18d-0125a70774e0-impl-thread2] INFO  server.RaftServer$Division (ServerState.java:close(472)) - ed11e02f-92ab-4020-a18d-0125a70774e0@group-75B6C75BBF69: closes. applyIndex: 0
2023-06-17 14:28:05,855 [ed11e02f-92ab-4020-a18d-0125a70774e0@group-AACFBA3D99E5-StateMachineUpdater] INFO  ratis.ContainerStateMachine (ContainerStateMachine.java:takeSnapshot(341)) - group-AACFBA3D99E5: Finished taking a snapshot at:(t:1, i:305) file:/home/runner/work/ozone/ozone/hadoop-ozone/integration-test/target/test-dir/MiniOzoneClusterImpl-a6c569a4-67a5-46a9-84bc-d3902a35496e/datanode-1/data/ratis/9c2b6952-5138-498d-9e29-aacfba3d99e5/sm/snapshot.1_305 took: 7 ms
2023-06-17 14:28:05,857 [ed11e02f-92ab-4020-a18d-0125a70774e0@group-AACFBA3D99E5-StateMachineUpdater] INFO  impl.StateMachineUpdater (StateMachineUpdater.java:takeSnapshot(291)) - ed11e02f-92ab-4020-a18d-0125a70774e0@group-AACFBA3D99E5-StateMachineUpdater: Took a snapshot at index 305
2023-06-17 14:28:05,857 [ed11e02f-92ab-4020-a18d-0125a70774e0@group-AACFBA3D99E5-StateMachineUpdater] INFO  impl.StateMachineUpdater (StateMachineUpdater.java:lambda$new$0(97)) - ed11e02f-92ab-4020-a18d-0125a70774e0@group-AACFBA3D99E5-StateMachineUpdater: snapshotIndex: updateIncreasingly -1 -> 305
2023-06-17 14:28:05,857 [3350fcee-efa5-466a-bd09-11f11345576c-impl-thread2] INFO  server.RaftServer$Division (RaftServerImpl.java:lambda$close$4(466)) - 3350fcee-efa5-466a-bd09-11f11345576c@group-3DC03F0A7933: shutdown
2023-06-17 14:28:05,857 [3350fcee-efa5-466a-bd09-11f11345576c-impl-thread2] INFO  util.JmxRegister (JmxRegister.java:unregister(73)) - Successfully un-registered JMX Bean with object name Ratis:service=RaftServer,group=group-3DC03F0A7933,id=3350fcee-efa5-466a-bd09-11f11345576c
2023-06-17 14:28:05,858 [3350fcee-efa5-466a-bd09-11f11345576c-impl-thread2] INFO  impl.RoleInfo (RoleInfo.java:shutdownLeaderState(93)) - 3350fcee-efa5-466a-bd09-11f11345576c: shutdown 3350fcee-efa5-466a-bd09-11f11345576c@group-3DC03F0A7933-LeaderStateImpl
2023-06-17 14:28:05,858 [ForkJoinPool.commonPool-worker-1] INFO  server.GrpcService (GrpcService.java:closeImpl(311)) - 3350fcee-efa5-466a-bd09-11f11345576c: shutdown server org.apache.ratis.grpc.server.GrpcClientProtocolService now
2023-06-17 14:28:05,858 [3350fcee-efa5-466a-bd09-11f11345576c-impl-thread3] INFO  server.RaftServer$Division (RaftServerImpl.java:lambda$close$4(466)) - 3350fcee-efa5-466a-bd09-11f11345576c@group-DF823C0FE170: shutdown
2023-06-17 14:28:05,858 [3350fcee-efa5-466a-bd09-11f11345576c-impl-thread3] INFO  util.JmxRegister (JmxRegister.java:unregister(73)) - Successfully un-registered JMX Bean with object name Ratis:service=RaftServer,group=group-DF823C0FE170,id=3350fcee-efa5-466a-bd09-11f11345576c
2023-06-17 14:28:05,858 [3350fcee-efa5-466a-bd09-11f11345576c-impl-thread3] INFO  impl.RoleInfo (RoleInfo.java:shutdownLeaderState(93)) - 3350fcee-efa5-466a-bd09-11f11345576c: shutdown 3350fcee-efa5-466a-bd09-11f11345576c@group-DF823C0FE170-LeaderStateImpl
2023-06-17 14:28:05,858 [3350fcee-efa5-466a-bd09-11f11345576c-impl-thread3] INFO  impl.PendingRequests (PendingRequests.java:sendNotLeaderResponses(289)) - 3350fcee-efa5-466a-bd09-11f11345576c@group-DF823C0FE170-PendingRequests: sendNotLeaderResponses
2023-06-17 14:28:05,859 [3350fcee-efa5-466a-bd09-11f11345576c@group-DF823C0FE170-StateMachineUpdater] INFO  ratis.ContainerStateMachine (ContainerStateMachine.java:takeSnapshot(330)) - group-DF823C0FE170: Taking a snapshot at:(t:1, i:0) file /home/runner/work/ozone/ozone/hadoop-ozone/integration-test/target/test-dir/MiniOzoneClusterImpl-a6c569a4-67a5-46a9-84bc-d3902a35496e/datanode-0/data/ratis/9f06d97b-7dc9-4ecc-8cfb-df823c0fe170/sm/snapshot.1_0
2023-06-17 14:28:05,859 [3350fcee-efa5-466a-bd09-11f11345576c-impl-thread3] INFO  impl.StateMachineUpdater (StateMachineUpdater.java:stopAndJoin(155)) - 3350fcee-efa5-466a-bd09-11f11345576c@group-DF823C0FE170-StateMachineUpdater: set stopIndex = 0
2023-06-17 14:28:05,859 [3350fcee-efa5-466a-bd09-11f11345576c-impl-thread1] INFO  server.RaftServer$Division (RaftServerImpl.java:lambda$close$4(466)) - 3350fcee-efa5-466a-bd09-11f11345576c@group-AACFBA3D99E5: shutdown
2023-06-17 14:28:05,859 [3350fcee-efa5-466a-bd09-11f11345576c-impl-thread2] INFO  impl.PendingRequests (PendingRequests.java:sendNotLeaderResponses(289)) - 3350fcee-efa5-466a-bd09-11f11345576c@group-3DC03F0A7933-PendingRequests: sendNotLeaderResponses
2023-06-17 14:28:05,859 [3350fcee-efa5-466a-bd09-11f11345576c@group-DF823C0FE170-StateMachineUpdater] INFO  ratis.ContainerStateMachine (ContainerStateMachine.java:takeSnapshot(341)) - group-DF823C0FE170: Finished taking a snapshot at:(t:1, i:0) file:/home/runner/work/ozone/ozone/hadoop-ozone/integration-test/target/test-dir/MiniOzoneClusterImpl-a6c569a4-67a5-46a9-84bc-d3902a35496e/datanode-0/data/ratis/9f06d97b-7dc9-4ecc-8cfb-df823c0fe170/sm/snapshot.1_0 took: 0 ms
2023-06-17 14:28:05,859 [3350fcee-efa5-466a-bd09-11f11345576c@group-DF823C0FE170-StateMachineUpdater] INFO  impl.StateMachineUpdater (StateMachineUpdater.java:takeSnapshot(291)) - 3350fcee-efa5-466a-bd09-11f11345576c@group-DF823C0FE170-StateMachineUpdater: Took a snapshot at index 0
2023-06-17 14:28:05,859 [3350fcee-efa5-466a-bd09-11f11345576c@group-DF823C0FE170-StateMachineUpdater] INFO  impl.StateMachineUpdater (StateMachineUpdater.java:lambda$new$0(97)) - 3350fcee-efa5-466a-bd09-11f11345576c@group-DF823C0FE170-StateMachineUpdater: snapshotIndex: updateIncreasingly -1 -> 0
2023-06-17 14:28:05,860 [3350fcee-efa5-466a-bd09-11f11345576c@group-3DC03F0A7933-StateMachineUpdater] INFO  ratis.ContainerStateMachine (ContainerStateMachine.java:takeSnapshot(330)) - group-3DC03F0A7933: Taking a snapshot at:(t:1, i:269) file /home/runner/work/ozone/ozone/hadoop-ozone/integration-test/target/test-dir/MiniOzoneClusterImpl-a6c569a4-67a5-46a9-84bc-d3902a35496e/datanode-0/data/ratis/c21ba41b-e2b9-4624-80d3-3dc03f0a7933/sm/snapshot.1_269
2023-06-17 14:28:05,860 [3350fcee-efa5-466a-bd09-11f11345576c-impl-thread2] INFO  impl.StateMachineUpdater (StateMachineUpdater.java:stopAndJoin(155)) - 3350fcee-efa5-466a-bd09-11f11345576c@group-3DC03F0A7933-StateMachineUpdater: set stopIndex = 269
2023-06-17 14:28:05,861 [3350fcee-efa5-466a-bd09-11f11345576c@group-3DC03F0A7933-StateMachineUpdater] INFO  ratis.ContainerStateMachine (ContainerStateMachine.java:takeSnapshot(341)) - group-3DC03F0A7933: Finished taking a snapshot at:(t:1, i:269) file:/home/runner/work/ozone/ozone/hadoop-ozone/integration-test/target/test-dir/MiniOzoneClusterImpl-a6c569a4-67a5-46a9-84bc-d3902a35496e/datanode-0/data/ratis/c21ba41b-e2b9-4624-80d3-3dc03f0a7933/sm/snapshot.1_269 took: 1 ms
2023-06-17 14:28:05,861 [3350fcee-efa5-466a-bd09-11f11345576c@group-3DC03F0A7933-StateMachineUpdater] INFO  impl.StateMachineUpdater (StateMachineUpdater.java:takeSnapshot(291)) - 3350fcee-efa5-466a-bd09-11f11345576c@group-3DC03F0A7933-StateMachineUpdater: Took a snapshot at index 269
2023-06-17 14:28:05,861 [3350fcee-efa5-466a-bd09-11f11345576c@group-3DC03F0A7933-StateMachineUpdater] INFO  impl.StateMachineUpdater (StateMachineUpdater.java:lambda$new$0(97)) - 3350fcee-efa5-466a-bd09-11f11345576c@group-3DC03F0A7933-StateMachineUpdater: snapshotIndex: updateIncreasingly -1 -> 269
2023-06-17 14:28:05,861 [3350fcee-efa5-466a-bd09-11f11345576c-impl-thread1] INFO  util.JmxRegister (JmxRegister.java:unregister(73)) - Successfully un-registered JMX Bean with object name Ratis:service=RaftServer,group=group-AACFBA3D99E5,id=3350fcee-efa5-466a-bd09-11f11345576c
2023-06-17 14:28:05,861 [3350fcee-efa5-466a-bd09-11f11345576c@group-3DC03F0A7933->ed11e02f-92ab-4020-a18d-0125a70774e0-GrpcLogAppender-LogAppenderDaemon] WARN  server.GrpcLogAppender (GrpcLogAppender.java:mayWait(199)) - 3350fcee-efa5-466a-bd09-11f11345576c@group-3DC03F0A7933->ed11e02f-92ab-4020-a18d-0125a70774e0-GrpcLogAppender: Wait interrupted by java.lang.InterruptedException
2023-06-17 14:28:05,861 [3350fcee-efa5-466a-bd09-11f11345576c@group-3DC03F0A7933->11f1b3f3-e9f6-4126-b930-768e27d5f26c-GrpcLogAppender-LogAppenderDaemon] WARN  server.GrpcLogAppender (GrpcLogAppender.java:mayWait(199)) - 3350fcee-efa5-466a-bd09-11f11345576c@group-3DC03F0A7933->11f1b3f3-e9f6-4126-b930-768e27d5f26c-GrpcLogAppender: Wait interrupted by java.lang.InterruptedException
2023-06-17 14:28:05,861 [3350fcee-efa5-466a-bd09-11f11345576c-impl-thread1] INFO  impl.RoleInfo (RoleInfo.java:shutdownFollowerState(110)) - 3350fcee-efa5-466a-bd09-11f11345576c: shutdown 3350fcee-efa5-466a-bd09-11f11345576c@group-AACFBA3D99E5-FollowerState
2023-06-17 14:28:05,863 [grpc-default-executor-3] INFO  server.GrpcServerProtocolService (GrpcServerProtocolService.java:onCompleted(155)) - ed11e02f-92ab-4020-a18d-0125a70774e0: Completed APPEND_ENTRIES, lastRequest: null
2023-06-17 14:28:05,863 [grpc-default-executor-0] INFO  server.GrpcServerProtocolService (GrpcServerProtocolService.java:onCompleted(155)) - ed11e02f-92ab-4020-a18d-0125a70774e0: Completed APPEND_ENTRIES, lastRequest: 3350fcee-efa5-466a-bd09-11f11345576c->ed11e02f-92ab-4020-a18d-0125a70774e0#298-t1,previous=(t:1, i:268),leaderCommit=268,initializing? true,entries: size=1, first=(t:1, i:269), METADATAENTRY(c:268)
2023-06-17 14:28:05,863 [grpc-default-executor-0] INFO  server.GrpcServerProtocolService (GrpcServerProtocolService.java:lambda$onCompleted$5(157)) - ed11e02f-92ab-4020-a18d-0125a70774e0: Completed APPEND_ENTRIES, lastReply: null
2023-06-17 14:28:05,863 [grpc-default-executor-3] INFO  server.GrpcServerProtocolService (GrpcServerProtocolService.java:lambda$onCompleted$5(157)) - ed11e02f-92ab-4020-a18d-0125a70774e0: Completed APPEND_ENTRIES, lastReply: serverReply {
  requestorId: "3350fcee-efa5-466a-bd09-11f11345576c"
  replyId: "ed11e02f-92ab-4020-a18d-0125a70774e0"
  raftGroupId {
    id: "\302\033\244\033\342\271F$\200\323=\300?\ny3"
  }
  callId: 301
  success: true
}
term: 1
nextIndex: 270
followerCommit: 269
matchIndex: 18446744073709551615
isHearbeat: true

2023-06-17 14:28:05,863 [grpc-default-executor-1] INFO  server.GrpcServerProtocolService (GrpcServerProtocolService.java:onCompleted(155)) - 11f1b3f3-e9f6-4126-b930-768e27d5f26c: Completed APPEND_ENTRIES, lastRequest: null
2023-06-17 14:28:05,864 [grpc-default-executor-4] INFO  server.GrpcLogAppender (GrpcLogAppender.java:onCompleted(428)) - 3350fcee-efa5-466a-bd09-11f11345576c@group-3DC03F0A7933->ed11e02f-92ab-4020-a18d-0125a70774e0-AppendLogResponseHandler: follower responses appendEntries COMPLETED
2023-06-17 14:28:05,864 [grpc-default-executor-1] INFO  server.GrpcServerProtocolService (GrpcServerProtocolService.java:lambda$onCompleted$5(157)) - 11f1b3f3-e9f6-4126-b930-768e27d5f26c: Completed APPEND_ENTRIES, lastReply: serverReply {
  requestorId: "3350fcee-efa5-466a-bd09-11f11345576c"
  replyId: "11f1b3f3-e9f6-4126-b930-768e27d5f26c"
  raftGroupId {
    id: "\302\033\244\033\342\271F$\200\323=\300?\ny3"
  }
  callId: 309
  success: true
}
term: 1
nextIndex: 270
followerCommit: 269
matchIndex: 18446744073709551615
isHearbeat: true

2023-06-17 14:28:05,864 [grpc-default-executor-3] INFO  server.GrpcServerProtocolService (GrpcServerProtocolService.java:onCompleted(155)) - 11f1b3f3-e9f6-4126-b930-768e27d5f26c: Completed APPEND_ENTRIES, lastRequest: 3350fcee-efa5-466a-bd09-11f11345576c->11f1b3f3-e9f6-4126-b930-768e27d5f26c#306-t1,previous=(t:1, i:268),leaderCommit=268,initializing? true,entries: size=1, first=(t:1, i:269), METADATAENTRY(c:268)
2023-06-17 14:28:05,864 [grpc-default-executor-3] INFO  server.GrpcServerProtocolService (GrpcServerProtocolService.java:lambda$onCompleted$5(157)) - 11f1b3f3-e9f6-4126-b930-768e27d5f26c: Completed APPEND_ENTRIES, lastReply: null
2023-06-17 14:28:05,866 [grpc-default-executor-2] INFO  server.GrpcLogAppender (GrpcLogAppender.java:onCompleted(428)) - 3350fcee-efa5-466a-bd09-11f11345576c@group-3DC03F0A7933->ed11e02f-92ab-4020-a18d-0125a70774e0-AppendLogResponseHandler: follower responses appendEntries COMPLETED
2023-06-17 14:28:05,867 [grpc-default-executor-0] INFO  server.GrpcLogAppender (GrpcLogAppender.java:onCompleted(428)) - 3350fcee-efa5-466a-bd09-11f11345576c@group-3DC03F0A7933->11f1b3f3-e9f6-4126-b930-768e27d5f26c-AppendLogResponseHandler: follower responses appendEntries COMPLETED
2023-06-17 14:28:05,868 [grpc-default-executor-3] INFO  server.GrpcLogAppender (GrpcLogAppender.java:onCompleted(428)) - 3350fcee-efa5-466a-bd09-11f11345576c@group-3DC03F0A7933->11f1b3f3-e9f6-4126-b930-768e27d5f26c-AppendLogResponseHandler: follower responses appendEntries COMPLETED
2023-06-17 14:28:05,869 [grpc-default-executor-0] INFO  leader.FollowerInfo (FollowerInfoImpl.java:lambda$new$0(52)) - 3350fcee-efa5-466a-bd09-11f11345576c@group-3DC03F0A7933->11f1b3f3-e9f6-4126-b930-768e27d5f26c: decreaseNextIndex nextIndex: updateUnconditionally 270 -> 269
2023-06-17 14:28:05,878 [ed11e02f-92ab-4020-a18d-0125a70774e0-impl-thread3] INFO  impl.StateMachineUpdater (StateMachineUpdater.java:stopAndJoin(155)) - ed11e02f-92ab-4020-a18d-0125a70774e0@group-3DC03F0A7933-StateMachineUpdater: set stopIndex = 269
2023-06-17 14:28:05,878 [ed11e02f-92ab-4020-a18d-0125a70774e0@group-3DC03F0A7933-FollowerState] INFO  impl.FollowerState (FollowerState.java:run(152)) - ed11e02f-92ab-4020-a18d-0125a70774e0@group-3DC03F0A7933-FollowerState was interrupted
2023-06-17 14:28:05,878 [ed11e02f-92ab-4020-a18d-0125a70774e0@group-3DC03F0A7933-StateMachineUpdater] INFO  ratis.ContainerStateMachine (ContainerStateMachine.java:takeSnapshot(330)) - group-3DC03F0A7933: Taking a snapshot at:(t:1, i:269) file /home/runner/work/ozone/ozone/hadoop-ozone/integration-test/target/test-dir/MiniOzoneClusterImpl-a6c569a4-67a5-46a9-84bc-d3902a35496e/datanode-1/data/ratis/c21ba41b-e2b9-4624-80d3-3dc03f0a7933/sm/snapshot.1_269
2023-06-17 14:28:05,879 [3350fcee-efa5-466a-bd09-11f11345576c-impl-thread1] INFO  impl.StateMachineUpdater (StateMachineUpdater.java:stopAndJoin(155)) - 3350fcee-efa5-466a-bd09-11f11345576c@group-AACFBA3D99E5-StateMachineUpdater: set stopIndex = 305
2023-06-17 14:28:05,879 [3350fcee-efa5-466a-bd09-11f11345576c@group-AACFBA3D99E5-StateMachineUpdater] INFO  ratis.ContainerStateMachine (ContainerStateMachine.java:takeSnapshot(330)) - group-AACFBA3D99E5: Taking a snapshot at:(t:1, i:305) file /home/runner/work/ozone/ozone/hadoop-ozone/integration-test/target/test-dir/MiniOzoneClusterImpl-a6c569a4-67a5-46a9-84bc-d3902a35496e/datanode-0/data/ratis/9c2b6952-5138-498d-9e29-aacfba3d99e5/sm/snapshot.1_305
2023-06-17 14:28:05,880 [ed11e02f-92ab-4020-a18d-0125a70774e0@group-3DC03F0A7933-StateMachineUpdater] INFO  ratis.ContainerStateMachine (ContainerStateMachine.java:takeSnapshot(341)) - group-3DC03F0A7933: Finished taking a snapshot at:(t:1, i:269) file:/home/runner/work/ozone/ozone/hadoop-ozone/integration-test/target/test-dir/MiniOzoneClusterImpl-a6c569a4-67a5-46a9-84bc-d3902a35496e/datanode-1/data/ratis/c21ba41b-e2b9-4624-80d3-3dc03f0a7933/sm/snapshot.1_269 took: 2 ms
2023-06-17 14:28:05,879 [3350fcee-efa5-466a-bd09-11f11345576c@group-AACFBA3D99E5-FollowerState] INFO  impl.FollowerState (FollowerState.java:run(152)) - 3350fcee-efa5-466a-bd09-11f11345576c@group-AACFBA3D99E5-FollowerState was interrupted
2023-06-17 14:28:05,880 [ed11e02f-92ab-4020-a18d-0125a70774e0@group-3DC03F0A7933-StateMachineUpdater] INFO  impl.StateMachineUpdater (StateMachineUpdater.java:takeSnapshot(291)) - ed11e02f-92ab-4020-a18d-0125a70774e0@group-3DC03F0A7933-StateMachineUpdater: Took a snapshot at index 269
2023-06-17 14:28:05,880 [ed11e02f-92ab-4020-a18d-0125a70774e0@group-3DC03F0A7933-StateMachineUpdater] INFO  impl.StateMachineUpdater (StateMachineUpdater.java:lambda$new$0(97)) - ed11e02f-92ab-4020-a18d-0125a70774e0@group-3DC03F0A7933-StateMachineUpdater: snapshotIndex: updateIncreasingly -1 -> 269
2023-06-17 14:28:05,881 [3350fcee-efa5-466a-bd09-11f11345576c@group-AACFBA3D99E5-StateMachineUpdater] INFO  ratis.ContainerStateMachine (ContainerStateMachine.java:takeSnapshot(341)) - group-AACFBA3D99E5: Finished taking a snapshot at:(t:1, i:305) file:/home/runner/work/ozone/ozone/hadoop-ozone/integration-test/target/test-dir/MiniOzoneClusterImpl-a6c569a4-67a5-46a9-84bc-d3902a35496e/datanode-0/data/ratis/9c2b6952-5138-498d-9e29-aacfba3d99e5/sm/snapshot.1_305 took: 2 ms
2023-06-17 14:28:05,881 [3350fcee-efa5-466a-bd09-11f11345576c@group-AACFBA3D99E5-StateMachineUpdater] INFO  impl.StateMachineUpdater (StateMachineUpdater.java:takeSnapshot(291)) - 3350fcee-efa5-466a-bd09-11f11345576c@group-AACFBA3D99E5-StateMachineUpdater: Took a snapshot at index 305
2023-06-17 14:28:05,881 [3350fcee-efa5-466a-bd09-11f11345576c@group-AACFBA3D99E5-StateMachineUpdater] INFO  impl.StateMachineUpdater (StateMachineUpdater.java:lambda$new$0(97)) - 3350fcee-efa5-466a-bd09-11f11345576c@group-AACFBA3D99E5-StateMachineUpdater: snapshotIndex: updateIncreasingly -1 -> 305
2023-06-17 14:28:05,886 [ForkJoinPool.commonPool-worker-2] INFO  ozoneimpl.OzoneContainer (OzoneContainer.java:stop(433)) - Attempting to stop container services.
2023-06-17 14:28:05,886 [ed11e02f-92ab-4020-a18d-0125a70774e0-impl-thread1] INFO  server.RaftServer$Division (ServerState.java:close(472)) - ed11e02f-92ab-4020-a18d-0125a70774e0@group-AACFBA3D99E5: closes. applyIndex: 305
2023-06-17 14:28:05,886 [Thread-1649] INFO  server.GrpcServerProtocolClient (GrpcServerProtocolClient.java:close(103)) - 3350fcee-efa5-466a-bd09-11f11345576c Close channels
2023-06-17 14:28:05,887 [Thread-1650] INFO  server.GrpcServerProtocolClient (GrpcServerProtocolClient.java:close(103)) - 11f1b3f3-e9f6-4126-b930-768e27d5f26c Close channels
2023-06-17 14:28:05,888 [3350fcee-efa5-466a-bd09-11f11345576c-impl-thread2] INFO  server.RaftServer$Division (ServerState.java:close(472)) - 3350fcee-efa5-466a-bd09-11f11345576c@group-3DC03F0A7933: closes. applyIndex: 269
2023-06-17 14:28:05,888 [Thread-1653] INFO  server.GrpcServerProtocolClient (GrpcServerProtocolClient.java:close(103)) - ed11e02f-92ab-4020-a18d-0125a70774e0 Close channels
2023-06-17 14:28:05,888 [ForkJoinPool.commonPool-worker-2] INFO  server.RaftServer (RaftServerProxy.java:lambda$close$6(416)) - 11f1b3f3-e9f6-4126-b930-768e27d5f26c: close
2023-06-17 14:28:05,869 [grpc-default-executor-4] INFO  leader.FollowerInfo (FollowerInfoImpl.java:lambda$new$0(52)) - 3350fcee-efa5-466a-bd09-11f11345576c@group-3DC03F0A7933->ed11e02f-92ab-4020-a18d-0125a70774e0: decreaseNextIndex nextIndex: updateUnconditionally 270 -> 269
2023-06-17 14:28:05,888 [11f1b3f3-e9f6-4126-b930-768e27d5f26c-impl-thread1] INFO  server.RaftServer$Division (RaftServerImpl.java:lambda$close$4(466)) - 11f1b3f3-e9f6-4126-b930-768e27d5f26c@group-AACFBA3D99E5: shutdown
2023-06-17 14:28:05,888 [grpc-default-executor-2] WARN  server.GrpcLogAppender (GrpcLogAppender.java:resetClient(137)) - 3350fcee-efa5-466a-bd09-11f11345576c@group-3DC03F0A7933->ed11e02f-92ab-4020-a18d-0125a70774e0-GrpcLogAppender: Failed to getClient for ed11e02f-92ab-4020-a18d-0125a70774e0
org.apache.ratis.protocol.exceptions.AlreadyClosedException: 3350fcee-efa5-466a-bd09-11f11345576c is already CLOSED
	at org.apache.ratis.util.PeerProxyMap$PeerAndProxy.getProxy(PeerProxyMap.java:61)
	at org.apache.ratis.util.PeerProxyMap.getProxy(PeerProxyMap.java:115)
	at org.apache.ratis.grpc.server.GrpcLogAppender.getClient(GrpcLogAppender.java:112)
	at org.apache.ratis.grpc.server.GrpcLogAppender.resetClient(GrpcLogAppender.java:117)
	at org.apache.ratis.grpc.server.GrpcLogAppender.access$500(GrpcLogAppender.java:56)
	at org.apache.ratis.grpc.server.GrpcLogAppender$AppendLogResponseHandler.onCompleted(GrpcLogAppender.java:429)
	at org.apache.ratis.thirdparty.io.grpc.stub.ClientCalls$StreamObserverToCallListenerAdapter.onClose(ClientCalls.java:485)
	at org.apache.ratis.thirdparty.io.grpc.internal.ClientCallImpl.closeObserver(ClientCallImpl.java:563)
	at org.apache.ratis.thirdparty.io.grpc.internal.ClientCallImpl.access$300(ClientCallImpl.java:70)
	at org.apache.ratis.thirdparty.io.grpc.internal.ClientCallImpl$ClientStreamListenerImpl$1StreamClosed.runInternal(ClientCallImpl.java:744)
	at org.apache.ratis.thirdparty.io.grpc.internal.ClientCallImpl$ClientStreamListenerImpl$1StreamClosed.runInContext(ClientCallImpl.java:723)
	at org.apache.ratis.thirdparty.io.grpc.internal.ContextRunnable.run(ContextRunnable.java:37)
	at org.apache.ratis.thirdparty.io.grpc.internal.SerializingExecutor.run(SerializingExecutor.java:133)
	at java.util.concurrent.ThreadPoolExecutor.runWorker(ThreadPoolExecutor.java:1149)
	at java.util.concurrent.ThreadPoolExecutor$Worker.run(ThreadPoolExecutor.java:624)
	at java.lang.Thread.run(Thread.java:750)
2023-06-17 14:28:05,889 [3350fcee-efa5-466a-bd09-11f11345576c-impl-thread3] INFO  server.RaftServer$Division (ServerState.java:close(472)) - 3350fcee-efa5-466a-bd09-11f11345576c@group-DF823C0FE170: closes. applyIndex: 0
2023-06-17 14:28:05,869 [grpc-default-executor-3] INFO  leader.FollowerInfo (FollowerInfoImpl.java:lambda$new$0(52)) - 3350fcee-efa5-466a-bd09-11f11345576c@group-3DC03F0A7933->11f1b3f3-e9f6-4126-b930-768e27d5f26c: decreaseNextIndex nextIndex: updateUnconditionally 269 -> 268
2023-06-17 14:28:05,888 [11f1b3f3-e9f6-4126-b930-768e27d5f26c-impl-thread1] INFO  util.JmxRegister (JmxRegister.java:unregister(73)) - Successfully un-registered JMX Bean with object name Ratis:service=RaftServer,group=group-AACFBA3D99E5,id=11f1b3f3-e9f6-4126-b930-768e27d5f26c
2023-06-17 14:28:05,889 [11f1b3f3-e9f6-4126-b930-768e27d5f26c-impl-thread1] INFO  impl.RoleInfo (RoleInfo.java:shutdownLeaderState(93)) - 11f1b3f3-e9f6-4126-b930-768e27d5f26c: shutdown 11f1b3f3-e9f6-4126-b930-768e27d5f26c@group-AACFBA3D99E5-LeaderStateImpl
2023-06-17 14:28:05,889 [Thread-1655] INFO  server.GrpcServerProtocolClient (GrpcServerProtocolClient.java:close(103)) - 11f1b3f3-e9f6-4126-b930-768e27d5f26c Close channels
2023-06-17 14:28:05,890 [11f1b3f3-e9f6-4126-b930-768e27d5f26c@group-AACFBA3D99E5->ed11e02f-92ab-4020-a18d-0125a70774e0-GrpcLogAppender-LogAppenderDaemon] WARN  server.GrpcLogAppender (GrpcLogAppender.java:mayWait(199)) - 11f1b3f3-e9f6-4126-b930-768e27d5f26c@group-AACFBA3D99E5->ed11e02f-92ab-4020-a18d-0125a70774e0-GrpcLogAppender: Wait interrupted by java.lang.InterruptedException
2023-06-17 14:28:05,890 [11f1b3f3-e9f6-4126-b930-768e27d5f26c-impl-thread1] INFO  impl.PendingRequests (PendingRequests.java:sendNotLeaderResponses(289)) - 11f1b3f3-e9f6-4126-b930-768e27d5f26c@group-AACFBA3D99E5-PendingRequests: sendNotLeaderResponses
2023-06-17 14:28:05,890 [11f1b3f3-e9f6-4126-b930-768e27d5f26c@group-AACFBA3D99E5->3350fcee-efa5-466a-bd09-11f11345576c-GrpcLogAppender-LogAppenderDaemon] WARN  server.GrpcLogAppender (GrpcLogAppender.java:mayWait(199)) - 11f1b3f3-e9f6-4126-b930-768e27d5f26c@group-AACFBA3D99E5->3350fcee-efa5-466a-bd09-11f11345576c-GrpcLogAppender: Wait interrupted by java.lang.InterruptedException
2023-06-17 14:28:05,891 [11f1b3f3-e9f6-4126-b930-768e27d5f26c-impl-thread2] INFO  server.RaftServer$Division (RaftServerImpl.java:lambda$close$4(466)) - 11f1b3f3-e9f6-4126-b930-768e27d5f26c@group-3DC03F0A7933: shutdown
2023-06-17 14:28:05,891 [3350fcee-efa5-466a-bd09-11f11345576c-impl-thread1] INFO  server.RaftServer$Division (ServerState.java:close(472)) - 3350fcee-efa5-466a-bd09-11f11345576c@group-AACFBA3D99E5: closes. applyIndex: 305
2023-06-17 14:28:05,891 [11f1b3f3-e9f6-4126-b930-768e27d5f26c-impl-thread2] INFO  util.JmxRegister (JmxRegister.java:unregister(73)) - Successfully un-registered JMX Bean with object name Ratis:service=RaftServer,group=group-3DC03F0A7933,id=11f1b3f3-e9f6-4126-b930-768e27d5f26c
2023-06-17 14:28:05,891 [11f1b3f3-e9f6-4126-b930-768e27d5f26c-impl-thread2] INFO  impl.RoleInfo (RoleInfo.java:shutdownFollowerState(110)) - 11f1b3f3-e9f6-4126-b930-768e27d5f26c: shutdown 11f1b3f3-e9f6-4126-b930-768e27d5f26c@group-3DC03F0A7933-FollowerState
2023-06-17 14:28:05,891 [ed11e02f-92ab-4020-a18d-0125a70774e0-impl-thread3] INFO  server.RaftServer$Division (ServerState.java:close(472)) - ed11e02f-92ab-4020-a18d-0125a70774e0@group-3DC03F0A7933: closes. applyIndex: 269
2023-06-17 14:28:05,891 [11f1b3f3-e9f6-4126-b930-768e27d5f26c@group-3DC03F0A7933-FollowerState] INFO  impl.FollowerState (FollowerState.java:run(152)) - 11f1b3f3-e9f6-4126-b930-768e27d5f26c@group-3DC03F0A7933-FollowerState was interrupted
2023-06-17 14:28:05,891 [11f1b3f3-e9f6-4126-b930-768e27d5f26c-impl-thread2] INFO  impl.StateMachineUpdater (StateMachineUpdater.java:stopAndJoin(155)) - 11f1b3f3-e9f6-4126-b930-768e27d5f26c@group-3DC03F0A7933-StateMachineUpdater: set stopIndex = 269
2023-06-17 14:28:05,891 [11f1b3f3-e9f6-4126-b930-768e27d5f26c@group-3DC03F0A7933-StateMachineUpdater] INFO  ratis.ContainerStateMachine (ContainerStateMachine.java:takeSnapshot(330)) - group-3DC03F0A7933: Taking a snapshot at:(t:1, i:269) file /home/runner/work/ozone/ozone/hadoop-ozone/integration-test/target/test-dir/MiniOzoneClusterImpl-a6c569a4-67a5-46a9-84bc-d3902a35496e/datanode-2/data/ratis/c21ba41b-e2b9-4624-80d3-3dc03f0a7933/sm/snapshot.1_269
2023-06-17 14:28:05,892 [11f1b3f3-e9f6-4126-b930-768e27d5f26c@group-3DC03F0A7933-StateMachineUpdater] INFO  ratis.ContainerStateMachine (ContainerStateMachine.java:takeSnapshot(341)) - group-3DC03F0A7933: Finished taking a snapshot at:(t:1, i:269) file:/home/runner/work/ozone/ozone/hadoop-ozone/integration-test/target/test-dir/MiniOzoneClusterImpl-a6c569a4-67a5-46a9-84bc-d3902a35496e/datanode-2/data/ratis/c21ba41b-e2b9-4624-80d3-3dc03f0a7933/sm/snapshot.1_269 took: 1 ms
2023-06-17 14:28:05,893 [11f1b3f3-e9f6-4126-b930-768e27d5f26c@group-3DC03F0A7933-StateMachineUpdater] INFO  impl.StateMachineUpdater (StateMachineUpdater.java:takeSnapshot(291)) - 11f1b3f3-e9f6-4126-b930-768e27d5f26c@group-3DC03F0A7933-StateMachineUpdater: Took a snapshot at index 269
2023-06-17 14:28:05,893 [11f1b3f3-e9f6-4126-b930-768e27d5f26c@group-3DC03F0A7933-StateMachineUpdater] INFO  impl.StateMachineUpdater (StateMachineUpdater.java:lambda$new$0(97)) - 11f1b3f3-e9f6-4126-b930-768e27d5f26c@group-3DC03F0A7933-StateMachineUpdater: snapshotIndex: updateIncreasingly -1 -> 269
2023-06-17 14:28:05,895 [ForkJoinPool.commonPool-worker-2] INFO  server.GrpcService (GrpcService.java:closeImpl(311)) - 11f1b3f3-e9f6-4126-b930-768e27d5f26c: shutdown server org.apache.ratis.grpc.server.GrpcClientProtocolService now
2023-06-17 14:28:05,901 [11f1b3f3-e9f6-4126-b930-768e27d5f26c-impl-thread3] INFO  server.RaftServer$Division (RaftServerImpl.java:lambda$close$4(466)) - 11f1b3f3-e9f6-4126-b930-768e27d5f26c@group-A92FA6730100: shutdown
2023-06-17 14:28:05,902 [11f1b3f3-e9f6-4126-b930-768e27d5f26c-impl-thread3] INFO  util.JmxRegister (JmxRegister.java:unregister(73)) - Successfully un-registered JMX Bean with object name Ratis:service=RaftServer,group=group-A92FA6730100,id=11f1b3f3-e9f6-4126-b930-768e27d5f26c
2023-06-17 14:28:05,902 [11f1b3f3-e9f6-4126-b930-768e27d5f26c-impl-thread3] INFO  impl.RoleInfo (RoleInfo.java:shutdownLeaderState(93)) - 11f1b3f3-e9f6-4126-b930-768e27d5f26c: shutdown 11f1b3f3-e9f6-4126-b930-768e27d5f26c@group-A92FA6730100-LeaderStateImpl
2023-06-17 14:28:05,902 [11f1b3f3-e9f6-4126-b930-768e27d5f26c-impl-thread3] INFO  impl.PendingRequests (PendingRequests.java:sendNotLeaderResponses(289)) - 11f1b3f3-e9f6-4126-b930-768e27d5f26c@group-A92FA6730100-PendingRequests: sendNotLeaderResponses
2023-06-17 14:28:05,902 [11f1b3f3-e9f6-4126-b930-768e27d5f26c-impl-thread3] INFO  impl.StateMachineUpdater (StateMachineUpdater.java:stopAndJoin(155)) - 11f1b3f3-e9f6-4126-b930-768e27d5f26c@group-A92FA6730100-StateMachineUpdater: set stopIndex = 0
2023-06-17 14:28:05,902 [11f1b3f3-e9f6-4126-b930-768e27d5f26c@group-A92FA6730100-StateMachineUpdater] INFO  ratis.ContainerStateMachine (ContainerStateMachine.java:takeSnapshot(330)) - group-A92FA6730100: Taking a snapshot at:(t:1, i:0) file /home/runner/work/ozone/ozone/hadoop-ozone/integration-test/target/test-dir/MiniOzoneClusterImpl-a6c569a4-67a5-46a9-84bc-d3902a35496e/datanode-2/data/ratis/ef90b4c0-7591-46fd-b96c-a92fa6730100/sm/snapshot.1_0
2023-06-17 14:28:05,903 [main] INFO  server.GrpcService (GrpcService.java:closeImpl(320)) - ed11e02f-92ab-4020-a18d-0125a70774e0: shutdown server org.apache.ratis.grpc.server.GrpcClientProtocolService successfully
2023-06-17 14:28:05,904 [main] INFO  server.GrpcService (GrpcService.java:closeImpl(311)) - ed11e02f-92ab-4020-a18d-0125a70774e0: shutdown server GrpcServerProtocolService now
2023-06-17 14:28:05,904 [grpc-default-executor-3] INFO  server.GrpcServerProtocolService (GrpcServerProtocolService.java:onCompleted(155)) - 3350fcee-efa5-466a-bd09-11f11345576c: Completed APPEND_ENTRIES, lastRequest: null
2023-06-17 14:28:05,904 [grpc-default-executor-2] INFO  server.GrpcServerProtocolService (GrpcServerProtocolService.java:onCompleted(155)) - ed11e02f-92ab-4020-a18d-0125a70774e0: Completed APPEND_ENTRIES, lastRequest: 11f1b3f3-e9f6-4126-b930-768e27d5f26c->ed11e02f-92ab-4020-a18d-0125a70774e0#326-t1,previous=(t:1, i:304),leaderCommit=304,initializing? true,entries: size=1, first=(t:1, i:305), METADATAENTRY(c:304)
2023-06-17 14:28:05,904 [grpc-default-executor-2] INFO  server.GrpcServerProtocolService (GrpcServerProtocolService.java:lambda$onCompleted$5(157)) - ed11e02f-92ab-4020-a18d-0125a70774e0: Completed APPEND_ENTRIES, lastReply: null
2023-06-17 14:28:05,903 [11f1b3f3-e9f6-4126-b930-768e27d5f26c-impl-thread1] INFO  impl.StateMachineUpdater (StateMachineUpdater.java:stopAndJoin(155)) - 11f1b3f3-e9f6-4126-b930-768e27d5f26c@group-AACFBA3D99E5-StateMachineUpdater: set stopIndex = 305
2023-06-17 14:28:05,905 [11f1b3f3-e9f6-4126-b930-768e27d5f26c@group-A92FA6730100-StateMachineUpdater] INFO  ratis.ContainerStateMachine (ContainerStateMachine.java:takeSnapshot(341)) - group-A92FA6730100: Finished taking a snapshot at:(t:1, i:0) file:/home/runner/work/ozone/ozone/hadoop-ozone/integration-test/target/test-dir/MiniOzoneClusterImpl-a6c569a4-67a5-46a9-84bc-d3902a35496e/datanode-2/data/ratis/ef90b4c0-7591-46fd-b96c-a92fa6730100/sm/snapshot.1_0 took: 2 ms
2023-06-17 14:28:05,905 [11f1b3f3-e9f6-4126-b930-768e27d5f26c@group-A92FA6730100-StateMachineUpdater] INFO  impl.StateMachineUpdater (StateMachineUpdater.java:takeSnapshot(291)) - 11f1b3f3-e9f6-4126-b930-768e27d5f26c@group-A92FA6730100-StateMachineUpdater: Took a snapshot at index 0
2023-06-17 14:28:05,905 [11f1b3f3-e9f6-4126-b930-768e27d5f26c@group-A92FA6730100-StateMachineUpdater] INFO  impl.StateMachineUpdater (StateMachineUpdater.java:lambda$new$0(97)) - 11f1b3f3-e9f6-4126-b930-768e27d5f26c@group-A92FA6730100-StateMachineUpdater: snapshotIndex: updateIncreasingly -1 -> 0
2023-06-17 14:28:05,905 [grpc-default-executor-3] INFO  server.GrpcServerProtocolService (GrpcServerProtocolService.java:lambda$onCompleted$5(157)) - 3350fcee-efa5-466a-bd09-11f11345576c: Completed APPEND_ENTRIES, lastReply: serverReply {
  requestorId: "11f1b3f3-e9f6-4126-b930-768e27d5f26c"
  replyId: "3350fcee-efa5-466a-bd09-11f11345576c"
  raftGroupId {
    id: "\234+iRQ8I\215\236)\252\317\272=\231\345"
  }
  callId: 336
  success: true
}
term: 1
nextIndex: 306
followerCommit: 305
matchIndex: 18446744073709551615
isHearbeat: true

2023-06-17 14:28:05,904 [11f1b3f3-e9f6-4126-b930-768e27d5f26c@group-AACFBA3D99E5-StateMachineUpdater] INFO  ratis.ContainerStateMachine (ContainerStateMachine.java:takeSnapshot(330)) - group-AACFBA3D99E5: Taking a snapshot at:(t:1, i:305) file /home/runner/work/ozone/ozone/hadoop-ozone/integration-test/target/test-dir/MiniOzoneClusterImpl-a6c569a4-67a5-46a9-84bc-d3902a35496e/datanode-2/data/ratis/9c2b6952-5138-498d-9e29-aacfba3d99e5/sm/snapshot.1_305
2023-06-17 14:28:05,909 [11f1b3f3-e9f6-4126-b930-768e27d5f26c@group-AACFBA3D99E5-StateMachineUpdater] INFO  ratis.ContainerStateMachine (ContainerStateMachine.java:takeSnapshot(341)) - group-AACFBA3D99E5: Finished taking a snapshot at:(t:1, i:305) file:/home/runner/work/ozone/ozone/hadoop-ozone/integration-test/target/test-dir/MiniOzoneClusterImpl-a6c569a4-67a5-46a9-84bc-d3902a35496e/datanode-2/data/ratis/9c2b6952-5138-498d-9e29-aacfba3d99e5/sm/snapshot.1_305 took: 6 ms
2023-06-17 14:28:05,910 [grpc-default-executor-3] INFO  server.GrpcLogAppender (GrpcLogAppender.java:onCompleted(428)) - 11f1b3f3-e9f6-4126-b930-768e27d5f26c@group-AACFBA3D99E5->ed11e02f-92ab-4020-a18d-0125a70774e0-AppendLogResponseHandler: follower responses appendEntries COMPLETED
2023-06-17 14:28:05,910 [11f1b3f3-e9f6-4126-b930-768e27d5f26c@group-AACFBA3D99E5-StateMachineUpdater] INFO  impl.StateMachineUpdater (StateMachineUpdater.java:takeSnapshot(291)) - 11f1b3f3-e9f6-4126-b930-768e27d5f26c@group-AACFBA3D99E5-StateMachineUpdater: Took a snapshot at index 305
2023-06-17 14:28:05,910 [11f1b3f3-e9f6-4126-b930-768e27d5f26c@group-AACFBA3D99E5-StateMachineUpdater] INFO  impl.StateMachineUpdater (StateMachineUpdater.java:lambda$new$0(97)) - 11f1b3f3-e9f6-4126-b930-768e27d5f26c@group-AACFBA3D99E5-StateMachineUpdater: snapshotIndex: updateIncreasingly -1 -> 305
2023-06-17 14:28:05,910 [grpc-default-executor-3] INFO  leader.FollowerInfo (FollowerInfoImpl.java:lambda$new$0(52)) - 11f1b3f3-e9f6-4126-b930-768e27d5f26c@group-AACFBA3D99E5->ed11e02f-92ab-4020-a18d-0125a70774e0: decreaseNextIndex nextIndex: updateUnconditionally 306 -> 305
2023-06-17 14:28:05,911 [11f1b3f3-e9f6-4126-b930-768e27d5f26c-impl-thread1] INFO  server.RaftServer$Division (ServerState.java:close(472)) - 11f1b3f3-e9f6-4126-b930-768e27d5f26c@group-AACFBA3D99E5: closes. applyIndex: 305
2023-06-17 14:28:05,911 [11f1b3f3-e9f6-4126-b930-768e27d5f26c-impl-thread2] INFO  server.RaftServer$Division (ServerState.java:close(472)) - 11f1b3f3-e9f6-4126-b930-768e27d5f26c@group-3DC03F0A7933: closes. applyIndex: 269
2023-06-17 14:28:05,911 [11f1b3f3-e9f6-4126-b930-768e27d5f26c-impl-thread3] INFO  server.RaftServer$Division (ServerState.java:close(472)) - 11f1b3f3-e9f6-4126-b930-768e27d5f26c@group-A92FA6730100: closes. applyIndex: 0
2023-06-17 14:28:05,913 [Thread-1659] INFO  server.GrpcServerProtocolClient (GrpcServerProtocolClient.java:close(103)) - ed11e02f-92ab-4020-a18d-0125a70774e0 Close channels
2023-06-17 14:28:05,913 [Thread-1660] INFO  server.GrpcServerProtocolClient (GrpcServerProtocolClient.java:close(103)) - 3350fcee-efa5-466a-bd09-11f11345576c Close channels
2023-06-17 14:28:05,915 [grpc-default-executor-2] WARN  server.GrpcServerProtocolService (LogUtils.java:warn(122)) - ed11e02f-92ab-4020-a18d-0125a70774e0: APPEND_ENTRIES onError, lastRequest: null: org.apache.ratis.thirdparty.io.grpc.StatusRuntimeException: CANCELLED: client cancelled
2023-06-17 14:28:05,916 [main] INFO  server.GrpcService (GrpcService.java:closeImpl(320)) - ed11e02f-92ab-4020-a18d-0125a70774e0: shutdown server GrpcServerProtocolService successfully
2023-06-17 14:28:05,916 [main] INFO  server.GrpcService (GrpcService.java:closeImpl(311)) - ed11e02f-92ab-4020-a18d-0125a70774e0: shutdown server org.apache.ratis.grpc.server.GrpcAdminProtocolService now
2023-06-17 14:28:05,918 [grpc-default-executor-4] INFO  server.GrpcLogAppender (GrpcLogAppender.java:onError(417)) - 11f1b3f3-e9f6-4126-b930-768e27d5f26c@group-AACFBA3D99E5->ed11e02f-92ab-4020-a18d-0125a70774e0-GrpcLogAppender is already stopped
2023-06-17 14:28:05,926 [grpc-default-executor-2] INFO  server.GrpcServerProtocolService (GrpcServerProtocolService.java:onCompleted(155)) - 3350fcee-efa5-466a-bd09-11f11345576c: Completed APPEND_ENTRIES, lastRequest: 11f1b3f3-e9f6-4126-b930-768e27d5f26c->3350fcee-efa5-466a-bd09-11f11345576c#332-t1,previous=(t:1, i:304),leaderCommit=304,initializing? true,entries: size=1, first=(t:1, i:305), METADATAENTRY(c:304)
2023-06-17 14:28:05,927 [grpc-default-executor-2] INFO  server.GrpcServerProtocolService (GrpcServerProtocolService.java:lambda$onCompleted$5(157)) - 3350fcee-efa5-466a-bd09-11f11345576c: Completed APPEND_ENTRIES, lastReply: null
2023-06-17 14:28:05,927 [main] INFO  server.GrpcService (GrpcService.java:closeImpl(320)) - ed11e02f-92ab-4020-a18d-0125a70774e0: shutdown server org.apache.ratis.grpc.server.GrpcAdminProtocolService successfully
2023-06-17 14:28:05,927 [ed11e02f-92ab-4020-a18d-0125a70774e0-NettyServerStreamRpc-bossGroup--thread1] INFO  logging.LoggingHandler (AbstractInternalLogger.java:log(148)) - [id: 0xda4d8868, L:/0:0:0:0:0:0:0:0:15059] CLOSE
2023-06-17 14:28:05,927 [ed11e02f-92ab-4020-a18d-0125a70774e0-NettyServerStreamRpc-bossGroup--thread1] INFO  logging.LoggingHandler (AbstractInternalLogger.java:log(148)) - [id: 0xda4d8868, L:/0:0:0:0:0:0:0:0:15059] INACTIVE
2023-06-17 14:28:05,927 [ed11e02f-92ab-4020-a18d-0125a70774e0-NettyServerStreamRpc-bossGroup--thread1] INFO  logging.LoggingHandler (AbstractInternalLogger.java:log(148)) - [id: 0xda4d8868, L:/0:0:0:0:0:0:0:0:15059] UNREGISTERED
2023-06-17 14:28:05,928 [ForkJoinPool.commonPool-worker-1] INFO  server.GrpcService (GrpcService.java:closeImpl(320)) - 3350fcee-efa5-466a-bd09-11f11345576c: shutdown server org.apache.ratis.grpc.server.GrpcClientProtocolService successfully
2023-06-17 14:28:05,928 [ForkJoinPool.commonPool-worker-1] INFO  server.GrpcService (GrpcService.java:closeImpl(311)) - 3350fcee-efa5-466a-bd09-11f11345576c: shutdown server GrpcServerProtocolService now
2023-06-17 14:28:05,933 [grpc-default-executor-4] INFO  server.GrpcLogAppender (GrpcLogAppender.java:onCompleted(428)) - 11f1b3f3-e9f6-4126-b930-768e27d5f26c@group-AACFBA3D99E5->3350fcee-efa5-466a-bd09-11f11345576c-AppendLogResponseHandler: follower responses appendEntries COMPLETED
2023-06-17 14:28:05,934 [grpc-default-executor-4] WARN  server.GrpcLogAppender (GrpcLogAppender.java:resetClient(137)) - 11f1b3f3-e9f6-4126-b930-768e27d5f26c@group-AACFBA3D99E5->3350fcee-efa5-466a-bd09-11f11345576c-GrpcLogAppender: Failed to getClient for 3350fcee-efa5-466a-bd09-11f11345576c
org.apache.ratis.protocol.exceptions.AlreadyClosedException: 11f1b3f3-e9f6-4126-b930-768e27d5f26c is already CLOSED
	at org.apache.ratis.util.PeerProxyMap$PeerAndProxy.getProxy(PeerProxyMap.java:61)
	at org.apache.ratis.util.PeerProxyMap.getProxy(PeerProxyMap.java:115)
	at org.apache.ratis.grpc.server.GrpcLogAppender.getClient(GrpcLogAppender.java:112)
	at org.apache.ratis.grpc.server.GrpcLogAppender.resetClient(GrpcLogAppender.java:117)
	at org.apache.ratis.grpc.server.GrpcLogAppender.access$500(GrpcLogAppender.java:56)
	at org.apache.ratis.grpc.server.GrpcLogAppender$AppendLogResponseHandler.onCompleted(GrpcLogAppender.java:429)
	at org.apache.ratis.thirdparty.io.grpc.stub.ClientCalls$StreamObserverToCallListenerAdapter.onClose(ClientCalls.java:485)
	at org.apache.ratis.thirdparty.io.grpc.internal.DelayedClientCall$DelayedListener$3.run(DelayedClientCall.java:471)
	at org.apache.ratis.thirdparty.io.grpc.internal.DelayedClientCall$DelayedListener.delayOrExecute(DelayedClientCall.java:435)
	at org.apache.ratis.thirdparty.io.grpc.internal.DelayedClientCall$DelayedListener.onClose(DelayedClientCall.java:468)
	at org.apache.ratis.thirdparty.io.grpc.internal.ClientCallImpl.closeObserver(ClientCallImpl.java:563)
	at org.apache.ratis.thirdparty.io.grpc.internal.ClientCallImpl.access$300(ClientCallImpl.java:70)
	at org.apache.ratis.thirdparty.io.grpc.internal.ClientCallImpl$ClientStreamListenerImpl$1StreamClosed.runInternal(ClientCallImpl.java:744)
	at org.apache.ratis.thirdparty.io.grpc.internal.ClientCallImpl$ClientStreamListenerImpl$1StreamClosed.runInContext(ClientCallImpl.java:723)
	at org.apache.ratis.thirdparty.io.grpc.internal.ContextRunnable.run(ContextRunnable.java:37)
	at org.apache.ratis.thirdparty.io.grpc.internal.SerializingExecutor.run(SerializingExecutor.java:133)
	at java.util.concurrent.ThreadPoolExecutor.runWorker(ThreadPoolExecutor.java:1149)
	at java.util.concurrent.ThreadPoolExecutor$Worker.run(ThreadPoolExecutor.java:624)
	at java.lang.Thread.run(Thread.java:750)
2023-06-17 14:28:05,935 [grpc-default-executor-2] INFO  server.GrpcLogAppender (GrpcLogAppender.java:onCompleted(428)) - 11f1b3f3-e9f6-4126-b930-768e27d5f26c@group-AACFBA3D99E5->3350fcee-efa5-466a-bd09-11f11345576c-AppendLogResponseHandler: follower responses appendEntries COMPLETED
2023-06-17 14:28:05,941 [grpc-default-executor-2] WARN  server.GrpcLogAppender (GrpcLogAppender.java:resetClient(137)) - 11f1b3f3-e9f6-4126-b930-768e27d5f26c@group-AACFBA3D99E5->3350fcee-efa5-466a-bd09-11f11345576c-GrpcLogAppender: Failed to getClient for 3350fcee-efa5-466a-bd09-11f11345576c
org.apache.ratis.protocol.exceptions.AlreadyClosedException: 11f1b3f3-e9f6-4126-b930-768e27d5f26c is already CLOSED
	at org.apache.ratis.util.PeerProxyMap$PeerAndProxy.getProxy(PeerProxyMap.java:61)
	at org.apache.ratis.util.PeerProxyMap.getProxy(PeerProxyMap.java:115)
	at org.apache.ratis.grpc.server.GrpcLogAppender.getClient(GrpcLogAppender.java:112)
	at org.apache.ratis.grpc.server.GrpcLogAppender.resetClient(GrpcLogAppender.java:117)
	at org.apache.ratis.grpc.server.GrpcLogAppender.access$500(GrpcLogAppender.java:56)
	at org.apache.ratis.grpc.server.GrpcLogAppender$AppendLogResponseHandler.onCompleted(GrpcLogAppender.java:429)
	at org.apache.ratis.thirdparty.io.grpc.stub.ClientCalls$StreamObserverToCallListenerAdapter.onClose(ClientCalls.java:485)
	at org.apache.ratis.thirdparty.io.grpc.internal.ClientCallImpl.closeObserver(ClientCallImpl.java:563)
	at org.apache.ratis.thirdparty.io.grpc.internal.ClientCallImpl.access$300(ClientCallImpl.java:70)
	at org.apache.ratis.thirdparty.io.grpc.internal.ClientCallImpl$ClientStreamListenerImpl$1StreamClosed.runInternal(ClientCallImpl.java:744)
	at org.apache.ratis.thirdparty.io.grpc.internal.ClientCallImpl$ClientStreamListenerImpl$1StreamClosed.runInContext(ClientCallImpl.java:723)
	at org.apache.ratis.thirdparty.io.grpc.internal.ContextRunnable.run(ContextRunnable.java:37)
	at org.apache.ratis.thirdparty.io.grpc.internal.SerializingExecutor.run(SerializingExecutor.java:133)
	at java.util.concurrent.ThreadPoolExecutor.runWorker(ThreadPoolExecutor.java:1149)
	at java.util.concurrent.ThreadPoolExecutor$Worker.run(ThreadPoolExecutor.java:624)
	at java.lang.Thread.run(Thread.java:750)
2023-06-17 14:28:05,941 [ForkJoinPool.commonPool-worker-2] INFO  server.GrpcService (GrpcService.java:closeImpl(320)) - 11f1b3f3-e9f6-4126-b930-768e27d5f26c: shutdown server org.apache.ratis.grpc.server.GrpcClientProtocolService successfully
2023-06-17 14:28:05,942 [ForkJoinPool.commonPool-worker-2] INFO  server.GrpcService (GrpcService.java:closeImpl(311)) - 11f1b3f3-e9f6-4126-b930-768e27d5f26c: shutdown server GrpcServerProtocolService now
2023-06-17 14:28:05,956 [ForkJoinPool.commonPool-worker-1] INFO  server.GrpcService (GrpcService.java:closeImpl(320)) - 3350fcee-efa5-466a-bd09-11f11345576c: shutdown server GrpcServerProtocolService successfully
2023-06-17 14:28:05,956 [ForkJoinPool.commonPool-worker-1] INFO  server.GrpcService (GrpcService.java:closeImpl(311)) - 3350fcee-efa5-466a-bd09-11f11345576c: shutdown server org.apache.ratis.grpc.server.GrpcAdminProtocolService now
2023-06-17 14:28:05,956 [ForkJoinPool.commonPool-worker-2] INFO  server.GrpcService (GrpcService.java:closeImpl(320)) - 11f1b3f3-e9f6-4126-b930-768e27d5f26c: shutdown server GrpcServerProtocolService successfully
2023-06-17 14:28:05,956 [ForkJoinPool.commonPool-worker-2] INFO  server.GrpcService (GrpcService.java:closeImpl(311)) - 11f1b3f3-e9f6-4126-b930-768e27d5f26c: shutdown server org.apache.ratis.grpc.server.GrpcAdminProtocolService now
2023-06-17 14:28:05,967 [ForkJoinPool.commonPool-worker-1] INFO  server.GrpcService (GrpcService.java:closeImpl(320)) - 3350fcee-efa5-466a-bd09-11f11345576c: shutdown server org.apache.ratis.grpc.server.GrpcAdminProtocolService successfully
2023-06-17 14:28:05,968 [3350fcee-efa5-466a-bd09-11f11345576c-NettyServerStreamRpc-bossGroup--thread1] INFO  logging.LoggingHandler (AbstractInternalLogger.java:log(148)) - [id: 0x16fec1db, L:/0:0:0:0:0:0:0:0:15050] CLOSE
2023-06-17 14:28:05,968 [3350fcee-efa5-466a-bd09-11f11345576c-NettyServerStreamRpc-bossGroup--thread1] INFO  logging.LoggingHandler (AbstractInternalLogger.java:log(148)) - [id: 0x16fec1db, L:/0:0:0:0:0:0:0:0:15050] INACTIVE
2023-06-17 14:28:05,968 [3350fcee-efa5-466a-bd09-11f11345576c-NettyServerStreamRpc-bossGroup--thread1] INFO  logging.LoggingHandler (AbstractInternalLogger.java:log(148)) - [id: 0x16fec1db, L:/0:0:0:0:0:0:0:0:15050] UNREGISTERED
2023-06-17 14:28:05,969 [3350fcee-efa5-466a-bd09-11f11345576c-impl-thread2] INFO  segmented.SegmentedRaftLogWorker (SegmentedRaftLogWorker.java:close(252)) - 3350fcee-efa5-466a-bd09-11f11345576c@group-3DC03F0A7933-SegmentedRaftLogWorker close()
2023-06-17 14:28:05,976 [11f1b3f3-e9f6-4126-b930-768e27d5f26c-impl-thread2] INFO  segmented.SegmentedRaftLogWorker (SegmentedRaftLogWorker.java:close(252)) - 11f1b3f3-e9f6-4126-b930-768e27d5f26c@group-3DC03F0A7933-SegmentedRaftLogWorker close()
2023-06-17 14:28:05,977 [ed11e02f-92ab-4020-a18d-0125a70774e0-impl-thread3] INFO  segmented.SegmentedRaftLogWorker (SegmentedRaftLogWorker.java:close(252)) - ed11e02f-92ab-4020-a18d-0125a70774e0@group-3DC03F0A7933-SegmentedRaftLogWorker close()
2023-06-17 14:28:05,983 [ForkJoinPool.commonPool-worker-2] INFO  server.GrpcService (GrpcService.java:closeImpl(320)) - 11f1b3f3-e9f6-4126-b930-768e27d5f26c: shutdown server org.apache.ratis.grpc.server.GrpcAdminProtocolService successfully
2023-06-17 14:28:05,991 [11f1b3f3-e9f6-4126-b930-768e27d5f26c-NettyServerStreamRpc-bossGroup--thread1] INFO  logging.LoggingHandler (AbstractInternalLogger.java:log(148)) - [id: 0x5bcb3725, L:/0:0:0:0:0:0:0:0:15068] CLOSE
2023-06-17 14:28:05,991 [11f1b3f3-e9f6-4126-b930-768e27d5f26c-NettyServerStreamRpc-bossGroup--thread1] INFO  logging.LoggingHandler (AbstractInternalLogger.java:log(148)) - [id: 0x5bcb3725, L:/0:0:0:0:0:0:0:0:15068] INACTIVE
2023-06-17 14:28:05,991 [11f1b3f3-e9f6-4126-b930-768e27d5f26c-NettyServerStreamRpc-bossGroup--thread1] INFO  logging.LoggingHandler (AbstractInternalLogger.java:log(148)) - [id: 0x5bcb3725, L:/0:0:0:0:0:0:0:0:15068] UNREGISTERED
2023-06-17 14:28:06,039 [ed11e02f-92ab-4020-a18d-0125a70774e0-impl-thread2] INFO  segmented.SegmentedRaftLogWorker (SegmentedRaftLogWorker.java:close(252)) - ed11e02f-92ab-4020-a18d-0125a70774e0@group-75B6C75BBF69-SegmentedRaftLogWorker close()
2023-06-17 14:28:06,153 [11f1b3f3-e9f6-4126-b930-768e27d5f26c-impl-thread1] INFO  segmented.SegmentedRaftLogWorker (SegmentedRaftLogWorker.java:close(252)) - 11f1b3f3-e9f6-4126-b930-768e27d5f26c@group-AACFBA3D99E5-SegmentedRaftLogWorker close()
2023-06-17 14:28:06,788 [3350fcee-efa5-466a-bd09-11f11345576c-impl-thread3] INFO  segmented.SegmentedRaftLogWorker (SegmentedRaftLogWorker.java:close(252)) - 3350fcee-efa5-466a-bd09-11f11345576c@group-DF823C0FE170-SegmentedRaftLogWorker close()
2023-06-17 14:28:06,795 [11f1b3f3-e9f6-4126-b930-768e27d5f26c-impl-thread3] INFO  segmented.SegmentedRaftLogWorker (SegmentedRaftLogWorker.java:close(252)) - 11f1b3f3-e9f6-4126-b930-768e27d5f26c@group-A92FA6730100-SegmentedRaftLogWorker close()
2023-06-17 14:28:06,796 [JvmPauseMonitor9] INFO  util.JvmPauseMonitor (JvmPauseMonitor.java:run(109)) - JvmPauseMonitor-11f1b3f3-e9f6-4126-b930-768e27d5f26c: Stopped
2023-06-17 14:28:06,799 [ed11e02f-92ab-4020-a18d-0125a70774e0-impl-thread1] INFO  segmented.SegmentedRaftLogWorker (SegmentedRaftLogWorker.java:close(252)) - ed11e02f-92ab-4020-a18d-0125a70774e0@group-AACFBA3D99E5-SegmentedRaftLogWorker close()
2023-06-17 14:28:06,801 [JvmPauseMonitor8] INFO  util.JvmPauseMonitor (JvmPauseMonitor.java:run(109)) - JvmPauseMonitor-ed11e02f-92ab-4020-a18d-0125a70774e0: Stopped
2023-06-17 14:28:06,801 [3350fcee-efa5-466a-bd09-11f11345576c-impl-thread1] INFO  segmented.SegmentedRaftLogWorker (SegmentedRaftLogWorker.java:close(252)) - 3350fcee-efa5-466a-bd09-11f11345576c@group-AACFBA3D99E5-SegmentedRaftLogWorker close()
2023-06-17 14:28:06,803 [JvmPauseMonitor7] INFO  util.JvmPauseMonitor (JvmPauseMonitor.java:run(109)) - JvmPauseMonitor-3350fcee-efa5-466a-bd09-11f11345576c: Stopped
2023-06-17 14:28:08,802 [ForkJoinPool.commonPool-worker-2] INFO  utils.DatanodeStoreCache (DatanodeStoreCache.java:shutdownCache(110)) - Skip clearing cache in mini cluster mode. Entries left: [/home/runner/work/ozone/ozone/hadoop-ozone/integration-test/target/test-dir/MiniOzoneClusterImpl-a6c569a4-67a5-46a9-84bc-d3902a35496e/datanode-0/data-0/containers/hdds/a6c569a4-67a5-46a9-84bc-d3902a35496e/DS-056ce8db-04e6-4eac-b4d4-83aec7f04e1f/container.db, /home/runner/work/ozone/ozone/hadoop-ozone/integration-test/target/test-dir/MiniOzoneClusterImpl-a6c569a4-67a5-46a9-84bc-d3902a35496e/datanode-1/data-0/containers/hdds/a6c569a4-67a5-46a9-84bc-d3902a35496e/DS-5c259be2-a082-4f2c-a39e-50f3d320429c/container.db, /home/runner/work/ozone/ozone/hadoop-ozone/integration-test/target/test-dir/MiniOzoneClusterImpl-a6c569a4-67a5-46a9-84bc-d3902a35496e/datanode-2/data-0/containers/hdds/a6c569a4-67a5-46a9-84bc-d3902a35496e/DS-16223857-aaf0-4840-942d-bbae400a5f5c/container.db]
2023-06-17 14:28:08,814 [ForkJoinPool.commonPool-worker-2] INFO  utils.DatanodeStoreCache (DatanodeStoreCache.java:removeDB(104)) - Removed db /home/runner/work/ozone/ozone/hadoop-ozone/integration-test/target/test-dir/MiniOzoneClusterImpl-a6c569a4-67a5-46a9-84bc-d3902a35496e/datanode-2/data-0/containers/hdds/a6c569a4-67a5-46a9-84bc-d3902a35496e/DS-16223857-aaf0-4840-942d-bbae400a5f5c/container.db from cache
2023-06-17 14:28:08,815 [ForkJoinPool.commonPool-worker-2] INFO  volume.HddsVolume (HddsVolume.java:closeDbStore(437)) - SchemaV3 db is stopped at /home/runner/work/ozone/ozone/hadoop-ozone/integration-test/target/test-dir/MiniOzoneClusterImpl-a6c569a4-67a5-46a9-84bc-d3902a35496e/datanode-2/data-0/containers/hdds/a6c569a4-67a5-46a9-84bc-d3902a35496e/DS-16223857-aaf0-4840-942d-bbae400a5f5c/container.db for volume DS-16223857-aaf0-4840-942d-bbae400a5f5c
2023-06-17 14:28:08,816 [ForkJoinPool.commonPool-worker-2] INFO  utils.BackgroundService (BackgroundService.java:shutdown(141)) - Shutting down service BlockDeletingService
2023-06-17 14:28:08,817 [ForkJoinPool.commonPool-worker-2] INFO  utils.BackgroundService (BackgroundService.java:shutdown(141)) - Shutting down service StaleRecoveringContainerScrubbingService
2023-06-17 14:28:08,818 [ForkJoinPool.commonPool-worker-1] INFO  utils.DatanodeStoreCache (DatanodeStoreCache.java:shutdownCache(110)) - Skip clearing cache in mini cluster mode. Entries left: [/home/runner/work/ozone/ozone/hadoop-ozone/integration-test/target/test-dir/MiniOzoneClusterImpl-a6c569a4-67a5-46a9-84bc-d3902a35496e/datanode-0/data-0/containers/hdds/a6c569a4-67a5-46a9-84bc-d3902a35496e/DS-056ce8db-04e6-4eac-b4d4-83aec7f04e1f/container.db, /home/runner/work/ozone/ozone/hadoop-ozone/integration-test/target/test-dir/MiniOzoneClusterImpl-a6c569a4-67a5-46a9-84bc-d3902a35496e/datanode-1/data-0/containers/hdds/a6c569a4-67a5-46a9-84bc-d3902a35496e/DS-5c259be2-a082-4f2c-a39e-50f3d320429c/container.db]
2023-06-17 14:28:08,819 [main] INFO  utils.DatanodeStoreCache (DatanodeStoreCache.java:shutdownCache(110)) - Skip clearing cache in mini cluster mode. Entries left: [/home/runner/work/ozone/ozone/hadoop-ozone/integration-test/target/test-dir/MiniOzoneClusterImpl-a6c569a4-67a5-46a9-84bc-d3902a35496e/datanode-0/data-0/containers/hdds/a6c569a4-67a5-46a9-84bc-d3902a35496e/DS-056ce8db-04e6-4eac-b4d4-83aec7f04e1f/container.db, /home/runner/work/ozone/ozone/hadoop-ozone/integration-test/target/test-dir/MiniOzoneClusterImpl-a6c569a4-67a5-46a9-84bc-d3902a35496e/datanode-1/data-0/containers/hdds/a6c569a4-67a5-46a9-84bc-d3902a35496e/DS-5c259be2-a082-4f2c-a39e-50f3d320429c/container.db]
2023-06-17 14:28:08,821 [ForkJoinPool.commonPool-worker-1] INFO  utils.DatanodeStoreCache (DatanodeStoreCache.java:removeDB(104)) - Removed db /home/runner/work/ozone/ozone/hadoop-ozone/integration-test/target/test-dir/MiniOzoneClusterImpl-a6c569a4-67a5-46a9-84bc-d3902a35496e/datanode-0/data-0/containers/hdds/a6c569a4-67a5-46a9-84bc-d3902a35496e/DS-056ce8db-04e6-4eac-b4d4-83aec7f04e1f/container.db from cache
2023-06-17 14:28:08,821 [ForkJoinPool.commonPool-worker-1] INFO  volume.HddsVolume (HddsVolume.java:closeDbStore(437)) - SchemaV3 db is stopped at /home/runner/work/ozone/ozone/hadoop-ozone/integration-test/target/test-dir/MiniOzoneClusterImpl-a6c569a4-67a5-46a9-84bc-d3902a35496e/datanode-0/data-0/containers/hdds/a6c569a4-67a5-46a9-84bc-d3902a35496e/DS-056ce8db-04e6-4eac-b4d4-83aec7f04e1f/container.db for volume DS-056ce8db-04e6-4eac-b4d4-83aec7f04e1f
2023-06-17 14:28:08,822 [ForkJoinPool.commonPool-worker-1] INFO  utils.BackgroundService (BackgroundService.java:shutdown(141)) - Shutting down service BlockDeletingService
2023-06-17 14:28:08,823 [main] INFO  utils.DatanodeStoreCache (DatanodeStoreCache.java:removeDB(104)) - Removed db /home/runner/work/ozone/ozone/hadoop-ozone/integration-test/target/test-dir/MiniOzoneClusterImpl-a6c569a4-67a5-46a9-84bc-d3902a35496e/datanode-1/data-0/containers/hdds/a6c569a4-67a5-46a9-84bc-d3902a35496e/DS-5c259be2-a082-4f2c-a39e-50f3d320429c/container.db from cache
2023-06-17 14:28:08,823 [main] INFO  volume.HddsVolume (HddsVolume.java:closeDbStore(437)) - SchemaV3 db is stopped at /home/runner/work/ozone/ozone/hadoop-ozone/integration-test/target/test-dir/MiniOzoneClusterImpl-a6c569a4-67a5-46a9-84bc-d3902a35496e/datanode-1/data-0/containers/hdds/a6c569a4-67a5-46a9-84bc-d3902a35496e/DS-5c259be2-a082-4f2c-a39e-50f3d320429c/container.db for volume DS-5c259be2-a082-4f2c-a39e-50f3d320429c
2023-06-17 14:28:08,823 [main] INFO  utils.BackgroundService (BackgroundService.java:shutdown(141)) - Shutting down service BlockDeletingService
2023-06-17 14:28:08,823 [ForkJoinPool.commonPool-worker-1] INFO  utils.BackgroundService (BackgroundService.java:shutdown(141)) - Shutting down service StaleRecoveringContainerScrubbingService
2023-06-17 14:28:08,824 [main] INFO  utils.BackgroundService (BackgroundService.java:shutdown(141)) - Shutting down service StaleRecoveringContainerScrubbingService
2023-06-17 14:28:08,827 [ForkJoinPool.commonPool-worker-2] INFO  statemachine.DatanodeStateMachine (DatanodeStateMachine.java:stopDaemon(613)) - Ozone container server stopped.
2023-06-17 14:28:08,827 [ForkJoinPool.commonPool-worker-1] INFO  statemachine.DatanodeStateMachine (DatanodeStateMachine.java:stopDaemon(613)) - Ozone container server stopped.
2023-06-17 14:28:08,830 [main] INFO  statemachine.DatanodeStateMachine (DatanodeStateMachine.java:stopDaemon(613)) - Ozone container server stopped.
2023-06-17 14:28:08,844 [ForkJoinPool.commonPool-worker-1] INFO  handler.ContextHandler (ContextHandler.java:doStop(1159)) - Stopped o.e.j.w.WebAppContext@53dba802{hddsDatanode,/,null,STOPPED}{jar:file:/home/runner/.m2/repository/org/apache/ozone/hdds-container-service/1.4.0-SNAPSHOT/hdds-container-service-1.4.0-SNAPSHOT.jar!/webapps/hddsDatanode}
2023-06-17 14:28:08,846 [ForkJoinPool.commonPool-worker-1] INFO  server.AbstractConnector (AbstractConnector.java:doStop(383)) - Stopped ServerConnector@c335f37{HTTP/1.1, (http/1.1)}{0.0.0.0:15044}
2023-06-17 14:28:08,846 [ForkJoinPool.commonPool-worker-1] INFO  server.session (HouseKeeper.java:stopScavenging(149)) - node0 Stopped scavenging
2023-06-17 14:28:08,847 [ForkJoinPool.commonPool-worker-1] INFO  handler.ContextHandler (ContextHandler.java:doStop(1159)) - Stopped o.e.j.s.ServletContextHandler@75c84f34{static,/static,jar:file:/home/runner/.m2/repository/org/apache/ozone/hdds-container-service/1.4.0-SNAPSHOT/hdds-container-service-1.4.0-SNAPSHOT.jar!/webapps/static,STOPPED}
2023-06-17 14:28:08,848 [ForkJoinPool.commonPool-worker-1] INFO  handler.ContextHandler (ContextHandler.java:doStop(1159)) - Stopped o.e.j.s.ServletContextHandler@6ff43a85{logs,/logs,file:///home/runner/work/ozone/ozone/hadoop-ozone/integration-test/target/log,STOPPED}
2023-06-17 14:28:08,851 [ForkJoinPool.commonPool-worker-1] INFO  ozone.HddsDatanodeClientProtocolServer (HddsDatanodeClientProtocolServer.java:stop(78)) - Stopping the RPC server for Client Protocol
2023-06-17 14:28:08,852 [ForkJoinPool.commonPool-worker-1] INFO  ipc.Server (Server.java:stop(3501)) - Stopping server on 15045
2023-06-17 14:28:08,853 [IPC Server listener on 15045] INFO  ipc.Server (Server.java:run(1430)) - Stopping IPC Server listener on 15045
2023-06-17 14:28:08,853 [IPC Server Responder] INFO  ipc.Server (Server.java:run(1563)) - Stopping IPC Server Responder
2023-06-17 14:28:08,862 [ForkJoinPool.commonPool-worker-2] INFO  handler.ContextHandler (ContextHandler.java:doStop(1159)) - Stopped o.e.j.w.WebAppContext@6e3a479f{hddsDatanode,/,null,STOPPED}{jar:file:/home/runner/.m2/repository/org/apache/ozone/hdds-container-service/1.4.0-SNAPSHOT/hdds-container-service-1.4.0-SNAPSHOT.jar!/webapps/hddsDatanode}
2023-06-17 14:28:08,862 [main] INFO  handler.ContextHandler (ContextHandler.java:doStop(1159)) - Stopped o.e.j.w.WebAppContext@7c22947b{hddsDatanode,/,null,STOPPED}{jar:file:/home/runner/.m2/repository/org/apache/ozone/hdds-container-service/1.4.0-SNAPSHOT/hdds-container-service-1.4.0-SNAPSHOT.jar!/webapps/hddsDatanode}
2023-06-17 14:28:08,863 [main] INFO  server.AbstractConnector (AbstractConnector.java:doStop(383)) - Stopped ServerConnector@1ffb6da1{HTTP/1.1, (http/1.1)}{0.0.0.0:15053}
2023-06-17 14:28:08,863 [main] INFO  server.session (HouseKeeper.java:stopScavenging(149)) - node0 Stopped scavenging
2023-06-17 14:28:08,864 [main] INFO  handler.ContextHandler (ContextHandler.java:doStop(1159)) - Stopped o.e.j.s.ServletContextHandler@4ce631bf{static,/static,jar:file:/home/runner/.m2/repository/org/apache/ozone/hdds-container-service/1.4.0-SNAPSHOT/hdds-container-service-1.4.0-SNAPSHOT.jar!/webapps/static,STOPPED}
2023-06-17 14:28:08,864 [main] INFO  handler.ContextHandler (ContextHandler.java:doStop(1159)) - Stopped o.e.j.s.ServletContextHandler@7cd9be59{logs,/logs,file:///home/runner/work/ozone/ozone/hadoop-ozone/integration-test/target/log,STOPPED}
2023-06-17 14:28:08,864 [ForkJoinPool.commonPool-worker-2] INFO  server.AbstractConnector (AbstractConnector.java:doStop(383)) - Stopped ServerConnector@322eded1{HTTP/1.1, (http/1.1)}{0.0.0.0:15062}
2023-06-17 14:28:08,866 [ForkJoinPool.commonPool-worker-2] INFO  server.session (HouseKeeper.java:stopScavenging(149)) - node0 Stopped scavenging
2023-06-17 14:28:08,867 [ForkJoinPool.commonPool-worker-2] INFO  handler.ContextHandler (ContextHandler.java:doStop(1159)) - Stopped o.e.j.s.ServletContextHandler@190db09c{static,/static,jar:file:/home/runner/.m2/repository/org/apache/ozone/hdds-container-service/1.4.0-SNAPSHOT/hdds-container-service-1.4.0-SNAPSHOT.jar!/webapps/static,STOPPED}
2023-06-17 14:28:08,868 [ForkJoinPool.commonPool-worker-2] INFO  handler.ContextHandler (ContextHandler.java:doStop(1159)) - Stopped o.e.j.s.ServletContextHandler@55690a38{logs,/logs,file:///home/runner/work/ozone/ozone/hadoop-ozone/integration-test/target/log,STOPPED}
2023-06-17 14:28:08,868 [main] INFO  ozone.HddsDatanodeClientProtocolServer (HddsDatanodeClientProtocolServer.java:stop(78)) - Stopping the RPC server for Client Protocol
2023-06-17 14:28:08,868 [main] INFO  ipc.Server (Server.java:stop(3501)) - Stopping server on 15054
2023-06-17 14:28:08,870 [IPC Server Responder] INFO  ipc.Server (Server.java:run(1563)) - Stopping IPC Server Responder
2023-06-17 14:28:08,870 [IPC Server listener on 15054] INFO  ipc.Server (Server.java:run(1430)) - Stopping IPC Server listener on 15054
2023-06-17 14:28:08,870 [ForkJoinPool.commonPool-worker-2] INFO  ozone.HddsDatanodeClientProtocolServer (HddsDatanodeClientProtocolServer.java:stop(78)) - Stopping the RPC server for Client Protocol
2023-06-17 14:28:08,871 [ForkJoinPool.commonPool-worker-2] INFO  ipc.Server (Server.java:stop(3501)) - Stopping server on 15063
2023-06-17 14:28:08,871 [IPC Server listener on 15063] INFO  ipc.Server (Server.java:run(1430)) - Stopping IPC Server listener on 15063
2023-06-17 14:28:08,877 [IPC Server Responder] INFO  ipc.Server (Server.java:run(1563)) - Stopping IPC Server Responder
2023-06-17 14:28:08,882 [main] INFO  ozone.MiniOzoneClusterImpl (MiniOzoneClusterImpl.java:stopSCM(544)) - Stopping the StorageContainerManager
2023-06-17 14:28:08,882 [main] INFO  server.StorageContainerManager (StorageContainerManager.java:stop(1584)) - Container Balancer is not running.
2023-06-17 14:28:08,882 [main] INFO  server.StorageContainerManager (StorageContainerManager.java:stopReplicationManager(1717)) - Stopping Replication Manager Service.
2023-06-17 14:28:08,882 [main] INFO  replication.ReplicationManager (ReplicationManager.java:stop(319)) - Stopping Replication Monitor Thread.
2023-06-17 14:28:08,882 [Under Replicated Processor] WARN  replication.UnhealthyReplicationProcessor (UnhealthyReplicationProcessor.java:run(178)) - Under Replicated Processor interrupted. Exiting...
2023-06-17 14:28:08,883 [Over Replicated Processor] WARN  replication.UnhealthyReplicationProcessor (UnhealthyReplicationProcessor.java:run(178)) - Over Replicated Processor interrupted. Exiting...
2023-06-17 14:28:08,883 [ReplicationMonitor] INFO  replication.ReplicationManager (ReplicationManager.java:run(918)) - Replication Monitor Thread is stopped
2023-06-17 14:28:08,883 [main] INFO  server.StorageContainerManager (StorageContainerManager.java:stop(1593)) - Stopping the Datanode Admin Monitor.
2023-06-17 14:28:08,883 [main] INFO  server.StorageContainerManager (StorageContainerManager.java:stop(1600)) - Stopping datanode service RPC server
2023-06-17 14:28:08,884 [main] INFO  server.SCMDatanodeProtocolServer (SCMDatanodeProtocolServer.java:stop(424)) - Stopping the RPC server for DataNodes
2023-06-17 14:28:08,884 [main] INFO  ipc.Server (Server.java:stop(3501)) - Stopping server on 15037
2023-06-17 14:28:08,885 [IPC Server listener on 15037] INFO  ipc.Server (Server.java:run(1430)) - Stopping IPC Server listener on 15037
2023-06-17 14:28:08,886 [IPC Server Responder] INFO  ipc.Server (Server.java:run(1563)) - Stopping IPC Server Responder
2023-06-17 14:28:08,915 [SCM Heartbeat Processing Thread - 0] WARN  node.NodeStateManager (NodeStateManager.java:scheduleNextHealthCheck(870)) - Current Thread is interrupted, shutting down HB processing thread for Node Manager.
2023-06-17 14:28:08,916 [main] INFO  server.StorageContainerManager (StorageContainerManager.java:stop(1608)) - Stopping block service RPC server
2023-06-17 14:28:08,916 [main] INFO  server.SCMBlockProtocolServer (SCMBlockProtocolServer.java:stop(161)) - Stopping the RPC server for Block Protocol
2023-06-17 14:28:08,916 [main] INFO  ipc.Server (Server.java:stop(3501)) - Stopping server on 15036
2023-06-17 14:28:08,918 [IPC Server listener on 15036] INFO  ipc.Server (Server.java:run(1430)) - Stopping IPC Server listener on 15036
2023-06-17 14:28:08,922 [IPC Server Responder] INFO  ipc.Server (Server.java:run(1563)) - Stopping IPC Server Responder
2023-06-17 14:28:08,923 [main] INFO  server.StorageContainerManager (StorageContainerManager.java:stop(1615)) - Stopping the StorageContainerLocationProtocol RPC server
2023-06-17 14:28:08,923 [main] INFO  server.SCMClientProtocolServer (SCMClientProtocolServer.java:stop(210)) - Stopping the RPC server for Client Protocol
2023-06-17 14:28:08,923 [main] INFO  ipc.Server (Server.java:stop(3501)) - Stopping server on 15035
2023-06-17 14:28:08,925 [IPC Server listener on 15035] INFO  ipc.Server (Server.java:run(1430)) - Stopping IPC Server listener on 15035
2023-06-17 14:28:08,926 [IPC Server Responder] INFO  ipc.Server (Server.java:run(1563)) - Stopping IPC Server Responder
2023-06-17 14:28:08,927 [main] INFO  server.StorageContainerManager (StorageContainerManager.java:stop(1622)) - Stopping Storage Container Manager HTTP server.
2023-06-17 14:28:08,928 [main] INFO  handler.ContextHandler (ContextHandler.java:doStop(1159)) - Stopped o.e.j.w.WebAppContext@27d085c2{scm,/,null,STOPPED}{file:/home/runner/work/ozone/ozone/hadoop-ozone/integration-test/target/test-classes/webapps/scm}
2023-06-17 14:28:08,929 [main] INFO  server.AbstractConnector (AbstractConnector.java:doStop(383)) - Stopped ServerConnector@1d3a0154{HTTP/1.1, (http/1.1)}{0.0.0.0:15038}
2023-06-17 14:28:08,929 [main] INFO  server.session (HouseKeeper.java:stopScavenging(149)) - node0 Stopped scavenging
2023-06-17 14:28:08,930 [main] INFO  handler.ContextHandler (ContextHandler.java:doStop(1159)) - Stopped o.e.j.s.ServletContextHandler@382e57e2{static,/static,file:///home/runner/work/ozone/ozone/hadoop-ozone/integration-test/target/test-classes/webapps/static,STOPPED}
2023-06-17 14:28:08,930 [main] INFO  handler.ContextHandler (ContextHandler.java:doStop(1159)) - Stopped o.e.j.s.ServletContextHandler@1a6dbd2d{logs,/logs,file:///home/runner/work/ozone/ozone/hadoop-ozone/integration-test/target/log,STOPPED}
2023-06-17 14:28:08,931 [main] INFO  server.StorageContainerManager (StorageContainerManager.java:stop(1630)) - Stopping SCM LayoutVersionManager Service.
2023-06-17 14:28:08,932 [main] INFO  server.StorageContainerManager (StorageContainerManager.java:stop(1642)) - Stopping Block Manager Service.
2023-06-17 14:28:08,932 [main] INFO  utils.BackgroundService (BackgroundService.java:shutdown(141)) - Shutting down service SCMBlockDeletingService
2023-06-17 14:28:08,932 [main] INFO  utils.BackgroundService (BackgroundService.java:shutdown(141)) - Shutting down service SCMBlockDeletingService
2023-06-17 14:28:08,932 [main] INFO  server.StorageContainerManager (StorageContainerManager.java:stop(1662)) - Stopping SCM Event Queue.
2023-06-17 14:28:08,934 [JvmPauseMonitor5] INFO  util.JvmPauseMonitor (JvmPauseMonitor.java:run(109)) - JvmPauseMonitor-14ce1149-14c3-448d-a6f6-d0099dc54a22: Stopped
2023-06-17 14:28:08,934 [main] INFO  server.StorageContainerManager (StorageContainerManager.java:stop(1673)) - Stopping SCM HA services.
2023-06-17 14:28:08,935 [main] INFO  pipeline.BackgroundPipelineCreator (BackgroundPipelineCreator.java:stop(149)) - Stopping RatisPipelineUtilsThread.
2023-06-17 14:28:08,935 [RatisPipelineUtilsThread - 0] WARN  pipeline.BackgroundPipelineCreator (BackgroundPipelineCreator.java:run(180)) - RatisPipelineUtilsThread is interrupted.
2023-06-17 14:28:08,935 [BackgroundPipelineScrubberThread] WARN  BackgroundPipelineScrubber (BackgroundSCMService.java:run(115)) - BackgroundPipelineScrubber is interrupted, exit
2023-06-17 14:28:08,936 [main] INFO  BackgroundPipelineScrubber (BackgroundSCMService.java:stop(131)) - Stopping BackgroundPipelineScrubber Service.
2023-06-17 14:28:08,936 [main] INFO  impl.MetricsSystemImpl (MetricsSystemImpl.java:stop(210)) - Stopping HddsDatanode metrics system...
2023-06-17 14:28:08,939 [prometheus] INFO  impl.MetricsSinkAdapter (MetricsSinkAdapter.java:publishMetricsFromQueue(141)) - prometheus thread interrupted.
2023-06-17 14:28:08,942 [main] INFO  impl.MetricsSystemImpl (MetricsSystemImpl.java:stop(216)) - HddsDatanode metrics system stopped.
2023-06-17 14:28:08,942 [main] WARN  pipeline.BackgroundPipelineCreator (BackgroundPipelineCreator.java:stop(145)) - RatisPipelineUtilsThread is not running, just ignore.
2023-06-17 14:28:08,942 [main] INFO  BackgroundPipelineScrubber (BackgroundSCMService.java:stop(126)) - BackgroundPipelineScrubber Service is not running, skip stop.
2023-06-17 14:28:08,942 [main] INFO  ExpiredContainerReplicaOpScrubber (BackgroundSCMService.java:stop(131)) - Stopping ExpiredContainerReplicaOpScrubber Service.
2023-06-17 14:28:08,942 [ExpiredContainerReplicaOpScrubberThread] WARN  ExpiredContainerReplicaOpScrubber (BackgroundSCMService.java:run(115)) - ExpiredContainerReplicaOpScrubber is interrupted, exit
2023-06-17 14:28:08,942 [main] INFO  utils.BackgroundService (BackgroundService.java:shutdown(141)) - Shutting down service SCMBlockDeletingService
2023-06-17 14:28:08,942 [main] INFO  replication.ReplicationManager (ReplicationManager.java:stop(329)) - Replication Monitor Thread is not running.
2023-06-17 14:28:08,943 [main] WARN  balancer.ContainerBalancer (ContainerBalancer.java:stop(328)) - Cannot stop Container Balancer because it's not running or stopping
2023-06-17 14:28:08,944 [main] INFO  server.StorageContainerManager (StorageContainerManager.java:stop(1708)) - Stopping SCM MetadataStore.
]]></system-out>
  </testcase>
  <testcase name="testSnapshotSplitAndMove" classname="org.apache.hadoop.fs.ozone.TestSnapshotDeletingService" time="30.592">
    <system-out><![CDATA[2023-06-17 14:28:09,100 [main] WARN  server.ServerUtils (ServerUtils.java:getScmDbDir(155)) - ozone.scm.db.dirs is not configured. We recommend adding this setting. Falling back to ozone.metadata.dirs instead.
2023-06-17 14:28:09,105 [main] WARN  server.ServerUtils (ServerUtils.java:getScmDbDir(155)) - ozone.scm.db.dirs is not configured. We recommend adding this setting. Falling back to ozone.metadata.dirs instead.
2023-06-17 14:28:09,106 [main] INFO  ha.SCMHANodeDetails (SCMHANodeDetails.java:loadSCMHAConfig(210)) - ServiceID for StorageContainerManager is null
2023-06-17 14:28:09,106 [main] INFO  ha.SCMHANodeDetails (SCMHANodeDetails.java:loadSCMHAConfig(215)) - ozone.scm.default.service.id is not defined, falling back to ozone.scm.service.ids to find serviceID for StorageContainerManager if it is HA enabled cluster
2023-06-17 14:28:09,107 [main] WARN  utils.HAUtils (HAUtils.java:getMetaDir(339)) - ozone.scm.db.dirs is not configured. We recommend adding this setting. Falling back to ozone.metadata.dirs instead.
2023-06-17 14:28:09,107 [main] WARN  db.DBStoreBuilder (DBStoreBuilder.java:applyDBDefinition(165)) - ozone.scm.db.dirs is not configured. We recommend adding this setting. Falling back to ozone.metadata.dirs instead.
2023-06-17 14:28:09,221 [main] INFO  net.NodeSchemaLoader (NodeSchemaLoader.java:loadSchemaFromFile(129)) - Loading schema from [jar:file:/home/runner/.m2/repository/org/apache/ozone/hdds-common/1.4.0-SNAPSHOT/hdds-common-1.4.0-SNAPSHOT.jar!/network-topology-default.xml]
2023-06-17 14:28:09,221 [main] INFO  net.NodeSchemaLoader (NodeSchemaLoader.java:loadSchema(176)) - Loading network topology layer schema file
2023-06-17 14:28:09,224 [main] INFO  upgrade.AbstractLayoutVersionManager (AbstractLayoutVersionManager.java:init(83)) - Initializing Layout version manager with metadata layout = HADOOP_PRC_PORTS_IN_DATANODEDETAILS (version = 7), software layout = HADOOP_PRC_PORTS_IN_DATANODEDETAILS (version = 7)
2023-06-17 14:28:09,226 [main] INFO  ha.SequenceIdGenerator (SequenceIdGenerator.java:upgradeToSequenceId(349)) - upgrade localId to 111677748019200000
2023-06-17 14:28:09,227 [main] INFO  ha.SequenceIdGenerator (SequenceIdGenerator.java:upgradeToSequenceId(359)) - upgrade delTxnId to 0
2023-06-17 14:28:09,228 [main] INFO  ha.SequenceIdGenerator (SequenceIdGenerator.java:upgradeToSequenceId(376)) - upgrade containerId to 0
2023-06-17 14:28:09,228 [main] INFO  ha.SequenceIdGenerator (SequenceIdGenerator.java:<init>(220)) - Init the HA SequenceIdGenerator.
2023-06-17 14:28:09,228 [main] WARN  server.ServerUtils (ServerUtils.java:sanitizeUserArgs(80)) - ozone.scm.stale.node.interval value = 300000 is larger than max = 100000 based on the key value of ozone.scm.heartbeat.thread.interval, reset to the max value 100000.
2023-06-17 14:28:09,228 [main] WARN  server.ServerUtils (ServerUtils.java:sanitizeUserArgs(80)) - ozone.scm.stale.node.interval value = 300000 is larger than max = 100000 based on the key value of ozone.scm.heartbeat.thread.interval, reset to the max value 100000.
2023-06-17 14:28:09,229 [main] INFO  node.SCMNodeManager (SCMNodeManager.java:<init>(158)) - Entering startup safe mode.
2023-06-17 14:28:09,229 [main] INFO  algorithms.ContainerPlacementPolicyFactory (ContainerPlacementPolicyFactory.java:getPolicyInternal(86)) - Create container placement policy of type org.apache.hadoop.hdds.scm.container.placement.algorithms.SCMContainerPlacementRackAware
2023-06-17 14:28:09,229 [main] INFO  algorithms.ContainerPlacementPolicyFactory (ContainerPlacementPolicyFactory.java:getPolicyInternal(86)) - Create container placement policy of type org.apache.hadoop.hdds.scm.container.placement.algorithms.SCMContainerPlacementRackScatter
2023-06-17 14:28:09,230 [main] INFO  pipeline.PipelineStateManagerImpl (PipelineStateManagerImpl.java:initialize(78)) - No pipeline exists in current db
2023-06-17 14:28:09,230 [main] INFO  algorithms.LeaderChoosePolicyFactory (LeaderChoosePolicyFactory.java:getPolicy(57)) - Create leader choose policy of type org.apache.hadoop.hdds.scm.pipeline.leader.choose.algorithms.MinLeaderCountChoosePolicy
2023-06-17 14:28:09,230 [main] INFO  algorithms.ContainerPlacementPolicyFactory (ContainerPlacementPolicyFactory.java:getPolicyInternal(86)) - Create container placement policy of type org.apache.hadoop.hdds.scm.container.placement.algorithms.SCMContainerPlacementRackScatter
2023-06-17 14:28:09,230 [main] INFO  ha.SCMServiceManager (SCMServiceManager.java:register(42)) - Registering service BackgroundPipelineCreator.
2023-06-17 14:28:09,230 [main] INFO  pipeline.BackgroundPipelineCreator (BackgroundPipelineCreator.java:start(124)) - Starting RatisPipelineUtilsThread.
2023-06-17 14:28:09,232 [main] INFO  BackgroundPipelineScrubber (BackgroundSCMService.java:start(68)) - Starting BackgroundPipelineScrubber Service.
2023-06-17 14:28:09,232 [main] INFO  ha.SCMServiceManager (SCMServiceManager.java:register(42)) - Registering service BackgroundPipelineScrubber.
2023-06-17 14:28:09,232 [main] INFO  ExpiredContainerReplicaOpScrubber (BackgroundSCMService.java:start(68)) - Starting ExpiredContainerReplicaOpScrubber Service.
2023-06-17 14:28:09,233 [main] INFO  ha.SCMServiceManager (SCMServiceManager.java:register(42)) - Registering service ExpiredContainerReplicaOpScrubber.
2023-06-17 14:28:09,235 [main] INFO  algorithms.PipelineChoosePolicyFactory (PipelineChoosePolicyFactory.java:createPipelineChoosePolicyFromClass(73)) - Create pipeline choose policy of type org.apache.hadoop.hdds.scm.pipeline.choose.algorithms.RandomPipelineChoosePolicy
2023-06-17 14:28:09,235 [main] INFO  ha.SCMServiceManager (SCMServiceManager.java:register(42)) - Registering service SCMBlockDeletingService.
2023-06-17 14:28:09,236 [main] INFO  replication.ReplicationManager (ReplicationManager.java:start(286)) - Starting Replication Monitor Thread.
2023-06-17 14:28:09,242 [main] INFO  ha.SCMServiceManager (SCMServiceManager.java:register(42)) - Registering service ReplicationManager.
2023-06-17 14:28:09,242 [main] INFO  safemode.ContainerSafeModeRule (ContainerSafeModeRule.java:<init>(89)) - containers with one replica threshold count 0
2023-06-17 14:28:09,242 [main] INFO  safemode.HealthyPipelineSafeModeRule (HealthyPipelineSafeModeRule.java:initializeRule(169)) - Total pipeline count is 0, healthy pipeline threshold count is 1
2023-06-17 14:28:09,242 [main] INFO  safemode.OneReplicaPipelineSafeModeRule (OneReplicaPipelineSafeModeRule.java:initializeRule(180)) - Total pipeline count is 0, pipeline's with at least one datanode reported threshold count is 0
2023-06-17 14:28:09,243 [ReplicationMonitor] INFO  replication.ReplicationManager (ReplicationManager.java:processAll(361)) - Replication Manager is not ready to run until 3000ms after safemode exit
2023-06-17 14:28:09,243 [main] INFO  server.StorageContainerManager (StorageContainerManager.java:<init>(414)) - SCM start with adminUsers: [runner]
2023-06-17 14:28:09,243 [main] INFO  ipc.CallQueueManager (CallQueueManager.java:<init>(90)) - Using callQueue: class java.util.concurrent.LinkedBlockingQueue, queueCapacity: 2000, scheduler: class org.apache.hadoop.ipc.DefaultRpcScheduler, ipcBackoff: false.
2023-06-17 14:28:09,244 [Socket Reader #1 for port 15072] INFO  ipc.Server (Server.java:run(1319)) - Starting Socket Reader #1 for port 15072
2023-06-17 14:28:09,245 [Listener at 0.0.0.0/15072] INFO  hdds.HddsUtils (HddsUtils.java:preserveThreadName(848)) - Restoring thread name: main
2023-06-17 14:28:09,246 [main] INFO  ipc.CallQueueManager (CallQueueManager.java:<init>(90)) - Using callQueue: class java.util.concurrent.LinkedBlockingQueue, queueCapacity: 2000, scheduler: class org.apache.hadoop.ipc.DefaultRpcScheduler, ipcBackoff: false.
2023-06-17 14:28:09,249 [Socket Reader #1 for port 15071] INFO  ipc.Server (Server.java:run(1319)) - Starting Socket Reader #1 for port 15071
2023-06-17 14:28:09,254 [Listener at 0.0.0.0/15071] INFO  hdds.HddsUtils (HddsUtils.java:preserveThreadName(848)) - Restoring thread name: main
2023-06-17 14:28:09,254 [main] INFO  ipc.CallQueueManager (CallQueueManager.java:<init>(90)) - Using callQueue: class java.util.concurrent.LinkedBlockingQueue, queueCapacity: 2000, scheduler: class org.apache.hadoop.ipc.DefaultRpcScheduler, ipcBackoff: false.
2023-06-17 14:28:09,256 [Listener at 0.0.0.0/15070] INFO  hdds.HddsUtils (HddsUtils.java:preserveThreadName(848)) - Restoring thread name: main
2023-06-17 14:28:09,256 [Socket Reader #1 for port 15070] INFO  ipc.Server (Server.java:run(1319)) - Starting Socket Reader #1 for port 15070
2023-06-17 14:28:09,259 [main] INFO  ha.SCMServiceManager (SCMServiceManager.java:register(42)) - Registering service ContainerBalancer.
2023-06-17 14:28:09,259 [main] INFO  server.StorageContainerManager (StorageContainerManager.java:<init>(427)) - 
Container Balancer status:
Key                            Value
Running                        false
Container Balancer Configuration values:
Key                                                Value
Threshold                                          10
Max Datanodes to Involve per Iteration(percent)    20
Max Size to Move per Iteration                     500GB
Max Size Entering Target per Iteration             26GB
Max Size Leaving Source per Iteration              26GB

2023-06-17 14:28:09,259 [main] INFO  ha.SCMContext (SCMContext.java:updateSafeModeStatus(228)) - Update SafeModeStatus from SafeModeStatus{safeModeStatus=true, preCheckPassed=false} to SafeModeStatus{safeModeStatus=true, preCheckPassed=false}.
2023-06-17 14:28:09,260 [main] INFO  server.StorageContainerManager (StorageContainerManager.java:start(1483)) - StorageContainerLocationProtocol RPC server is listening at /0.0.0.0:15070
2023-06-17 14:28:09,261 [main] WARN  impl.MetricsConfig (MetricsConfig.java:loadFirst(136)) - Cannot locate configuration: tried hadoop-metrics2-storagecontainermanager.properties,hadoop-metrics2.properties
2023-06-17 14:28:09,263 [main] INFO  impl.MetricsSystemImpl (MetricsSystemImpl.java:startTimer(378)) - Scheduled Metric snapshot period at 10 second(s).
2023-06-17 14:28:09,263 [main] INFO  impl.MetricsSystemImpl (MetricsSystemImpl.java:start(191)) - StorageContainerManager metrics system started
2023-06-17 14:28:09,296 [main] INFO  impl.MetricsSinkAdapter (MetricsSinkAdapter.java:start(204)) - Sink prometheus started
2023-06-17 14:28:09,297 [main] INFO  impl.MetricsSystemImpl (MetricsSystemImpl.java:registerSink(305)) - Registered sink prometheus
2023-06-17 14:28:09,320 [main] INFO  server.SCMClientProtocolServer (SCMClientProtocolServer.java:start(201)) - RPC server for Client  is listening at /0.0.0.0:15070
2023-06-17 14:28:09,321 [IPC Server Responder] INFO  ipc.Server (Server.java:run(1558)) - IPC Server Responder: starting
2023-06-17 14:28:09,326 [IPC Server listener on 15070] INFO  ipc.Server (Server.java:run(1398)) - IPC Server listener on 15070: starting
2023-06-17 14:28:09,346 [main] INFO  server.StorageContainerManager (StorageContainerManager.java:start(1496)) - ScmBlockLocationProtocol RPC server is listening at /0.0.0.0:15071
2023-06-17 14:28:09,347 [main] INFO  server.SCMBlockProtocolServer (SCMBlockProtocolServer.java:start(152)) - RPC server for Block Protocol is listening at /0.0.0.0:15071
2023-06-17 14:28:09,347 [IPC Server Responder] INFO  ipc.Server (Server.java:run(1558)) - IPC Server Responder: starting
2023-06-17 14:28:09,352 [IPC Server listener on 15071] INFO  ipc.Server (Server.java:run(1398)) - IPC Server listener on 15071: starting
2023-06-17 14:28:09,354 [main] INFO  server.SCMDatanodeProtocolServer (SCMDatanodeProtocolServer.java:start(193)) - ScmDatanodeProtocol RPC server for DataNodes is listening at /0.0.0.0:15072
2023-06-17 14:28:09,363 [IPC Server Responder] INFO  ipc.Server (Server.java:run(1558)) - IPC Server Responder: starting
2023-06-17 14:28:09,363 [IPC Server listener on 15072] INFO  ipc.Server (Server.java:run(1398)) - IPC Server listener on 15072: starting
2023-06-17 14:28:09,371 [JvmPauseMonitor10] INFO  util.JvmPauseMonitor (JvmPauseMonitor.java:run(103)) - JvmPauseMonitor-cc72a6d8-2bcc-42fe-bed9-8d327035db36: Started
2023-06-17 14:28:09,376 [main] INFO  http.BaseHttpServer (BaseHttpServer.java:newHttpServer2BuilderForOzone(224)) - Starting Web-server for scm at: http://0.0.0.0:15073
2023-06-17 14:28:09,376 [main] INFO  http.BaseHttpServer (BaseHttpServer.java:<init>(111)) - Hadoop Security Enabled: false Ozone Security Enabled: false Ozone HTTP Security Enabled: false 
2023-06-17 14:28:09,378 [main] WARN  server.AuthenticationFilter (AuthenticationFilter.java:constructSecretProvider(240)) - Unable to initialize FileSignerSecretProvider, falling back to use random secrets. Reason: Could not read signature secret file: /home/runner/hadoop-http-auth-signature-secret
2023-06-17 14:28:09,379 [main] INFO  http.HttpRequestLog (HttpRequestLog.java:getRequestLog(86)) - Http request log for http.requests.scm is not defined
2023-06-17 14:28:09,381 [main] INFO  http.HttpServer2 (HttpServer2.java:addGlobalFilter(1031)) - Added global filter 'safety' (class=org.apache.hadoop.hdds.server.http.HttpServer2$QuotingInputFilter)
2023-06-17 14:28:09,382 [main] INFO  http.HttpServer2 (HttpServer2.java:addFilter(1007)) - Added filter static_user_filter (class=org.apache.hadoop.http.lib.StaticUserWebFilter$StaticUserFilter) to context scm
2023-06-17 14:28:09,382 [main] INFO  http.HttpServer2 (HttpServer2.java:addFilter(1015)) - Added filter static_user_filter (class=org.apache.hadoop.http.lib.StaticUserWebFilter$StaticUserFilter) to context logs
2023-06-17 14:28:09,382 [main] INFO  http.HttpServer2 (HttpServer2.java:addFilter(1015)) - Added filter static_user_filter (class=org.apache.hadoop.http.lib.StaticUserWebFilter$StaticUserFilter) to context static
2023-06-17 14:28:09,383 [main] INFO  http.BaseHttpServer (BaseHttpServer.java:<init>(190)) - HTTP server of scm uses base directory /home/runner/work/ozone/ozone/hadoop-ozone/integration-test/target/test-dir/MiniOzoneClusterImpl-8d772b0e-b617-4196-a398-7a8a47ee7084/ozone-meta/webserver
2023-06-17 14:28:09,383 [main] INFO  http.HttpServer2 (HttpServer2.java:bindListener(1250)) - Jetty bound to port 15073
2023-06-17 14:28:09,383 [main] INFO  server.Server (Server.java:doStart(375)) - jetty-9.4.51.v20230217; built: 2023-02-17T08:19:37.309Z; git: b45c405e4544384de066f814ed42ae3dceacdd49; jvm 1.8.0_372-b07
2023-06-17 14:28:09,385 [main] INFO  server.session (DefaultSessionIdManager.java:doStart(334)) - DefaultSessionIdManager workerName=node0
2023-06-17 14:28:09,385 [main] INFO  server.session (DefaultSessionIdManager.java:doStart(339)) - No SessionScavenger set, using defaults
2023-06-17 14:28:09,385 [main] INFO  server.session (HouseKeeper.java:startScavenging(132)) - node0 Scavenging every 600000ms
2023-06-17 14:28:09,386 [main] INFO  handler.ContextHandler (ContextHandler.java:doStart(921)) - Started o.e.j.s.ServletContextHandler@1b844e16{logs,/logs,file:///home/runner/work/ozone/ozone/hadoop-ozone/integration-test/target/log,AVAILABLE}
2023-06-17 14:28:09,387 [main] INFO  handler.ContextHandler (ContextHandler.java:doStart(921)) - Started o.e.j.s.ServletContextHandler@1b4b7aa5{static,/static,file:///home/runner/work/ozone/ozone/hadoop-ozone/integration-test/target/test-classes/webapps/static,AVAILABLE}
2023-06-17 14:28:09,390 [main] INFO  handler.ContextHandler (ContextHandler.java:doStart(921)) - Started o.e.j.w.WebAppContext@6102a05e{scm,/,file:///home/runner/work/ozone/ozone/hadoop-ozone/integration-test/target/test-classes/webapps/scm/,AVAILABLE}{file:/home/runner/work/ozone/ozone/hadoop-ozone/integration-test/target/test-classes/webapps/scm}
2023-06-17 14:28:09,391 [main] INFO  server.AbstractConnector (AbstractConnector.java:doStart(333)) - Started ServerConnector@2f787374{HTTP/1.1, (http/1.1)}{0.0.0.0:15073}
2023-06-17 14:28:09,391 [main] INFO  server.Server (Server.java:doStart(415)) - Started @224753ms
2023-06-17 14:28:09,391 [main] WARN  impl.MetricsSystemImpl (MetricsSystemImpl.java:register(279)) - Sink prometheus already exists!
2023-06-17 14:28:09,392 [main] INFO  http.BaseHttpServer (BaseHttpServer.java:updateConnectorAddress(344)) - HTTP server of scm listening at http://0.0.0.0:15073
2023-06-17 14:28:09,392 [main] WARN  server.ServerUtils (ServerUtils.java:getDBPath(311)) - ozone.om.db.dirs is not configured. We recommend adding this setting. Falling back to ozone.metadata.dirs instead.
2023-06-17 14:28:09,394 [main] INFO  ha.OMHANodeDetails (OMHANodeDetails.java:loadOMHAConfig(115)) - ozone.om.internal.service.id is not defined, falling back to ozone.om.service.ids to find serviceID for OzoneManager if it is HA enabled cluster
2023-06-17 14:28:09,394 [main] INFO  ha.OMHANodeDetails (OMHANodeDetails.java:loadOMHAConfig(226)) - Configuration does not have ozone.om.address set. Falling back to the default OM address /127.0.0.1:15074
2023-06-17 14:28:09,394 [main] INFO  ha.OMHANodeDetails (OMHANodeDetails.java:getOMNodeDetailsForNonHA(254)) - OM Service ID is not set. Setting it to the default ID: omServiceIdDefault
2023-06-17 14:28:09,394 [main] INFO  ha.OMHANodeDetails (OMHANodeDetails.java:getOMNodeDetailsForNonHA(261)) - OM Node ID is not set. Setting it to the default ID: om1
2023-06-17 14:28:09,395 [main] WARN  server.ServerUtils (ServerUtils.java:getDBPath(311)) - ozone.om.db.dirs is not configured. We recommend adding this setting. Falling back to ozone.metadata.dirs instead.
2023-06-17 14:28:09,396 [main] INFO  upgrade.AbstractLayoutVersionManager (AbstractLayoutVersionManager.java:init(83)) - Initializing Layout version manager with metadata layout = FILESYSTEM_SNAPSHOT (version = 5), software layout = FILESYSTEM_SNAPSHOT (version = 5)
2023-06-17 14:28:09,470 [main] INFO  reflections.Reflections (Reflections.java:scan(232)) - Reflections took 73 ms to scan 2 urls, producing 181 keys and 499 values [using 2 cores]
2023-06-17 14:28:09,471 [main] INFO  upgrade.OMLayoutVersionManager (OMLayoutVersionManager.java:lambda$0(115)) - Skipping Upgrade Action MockOmUpgradeAction since it has been finalized.
2023-06-17 14:28:09,471 [main] WARN  server.ServerUtils (ServerUtils.java:getDBPath(311)) - ozone.om.db.dirs is not configured. We recommend adding this setting. Falling back to ozone.metadata.dirs instead.
2023-06-17 14:28:09,473 [main] INFO  proxy.SCMBlockLocationFailoverProxyProvider (SCMBlockLocationFailoverProxyProvider.java:<init>(114)) - Created block location fail-over proxy with 1 nodes: [nodeId=scmNodeId,nodeAddress=/0.0.0.0:15071]
2023-06-17 14:28:09,475 [main] INFO  proxy.SCMBlockLocationFailoverProxyProvider (SCMBlockLocationFailoverProxyProvider.java:<init>(114)) - Created block location fail-over proxy with 1 nodes: [nodeId=scmNodeId,nodeAddress=/0.0.0.0:15071]
2023-06-17 14:28:09,487 [main] INFO  om.OzoneManager (OzoneManager.java:<init>(644)) - OM start with adminUsers: [runner]
2023-06-17 14:28:09,488 [main] WARN  server.ServerUtils (ServerUtils.java:getDBPath(311)) - ozone.om.db.dirs is not configured. We recommend adding this setting. Falling back to ozone.metadata.dirs instead.
2023-06-17 14:28:09,488 [main] INFO  helpers.OmKeyInfo (OmKeyInfo.java:getCodec(71)) - OmKeyInfo.getCodec ignorePipeline = true
2023-06-17 14:28:09,655 [main] INFO  om.OzoneManager (OzoneManager.java:instantiateServices(773)) - S3 Multi-Tenancy is disabled
2023-06-17 14:28:09,656 [main] INFO  om.OmSnapshotManager (OmSnapshotManager.java:<init>(170)) - Ozone filesystem snapshot feature is enabled.
2023-06-17 14:28:09,656 [main] WARN  server.ServerUtils (ServerUtils.java:getDBPath(311)) - ozone.om.snapshot.diff.db.dir is not configured. We recommend adding this setting. Falling back to ozone.metadata.dirs instead.
2023-06-17 14:28:09,682 [main] INFO  snapshot.SnapshotDiffManager (SnapshotDiffManager.java:closeExecutorService(1267)) - Shutting down executorService: 'SstDumpToolExecutor'
2023-06-17 14:28:09,685 [main] INFO  om.OzoneManager (OzoneManager.java:addS3GVolumeToDB(4237)) - Created Volume s3v With Owner runner required for S3Gateway operations.
2023-06-17 14:28:09,685 [main] WARN  server.ServerUtils (ServerUtils.java:getDefaultRatisDirectory(323)) - Storage directory for Ratis is not configured. It is a good idea to map this to an SSD disk. Falling back to ozone.metadata.dirs
2023-06-17 14:28:09,685 [main] WARN  utils.OzoneManagerRatisUtils (OzoneManagerRatisUtils.java:getOMRatisSnapshotDirectory(461)) - ozone.om.ratis.snapshot.dir is not configured. Falling back to ozone.metadata.dirs config
2023-06-17 14:28:09,685 [main] WARN  server.ServerUtils (ServerUtils.java:getDefaultRatisDirectory(323)) - Storage directory for Ratis is not configured. It is a good idea to map this to an SSD disk. Falling back to ozone.metadata.dirs
2023-06-17 14:28:09,687 [main] INFO  ratis.OzoneManagerRatisServer (OzoneManagerRatisServer.java:<init>(163)) - Instantiating OM Ratis server with groupID: omServiceIdDefault and peers: localhost:15077
2023-06-17 14:28:09,688 [main] INFO  ratis.OzoneManagerStateMachine (OzoneManagerStateMachine.java:loadSnapshotInfoFromDB(670)) - LastAppliedIndex is set from TransactionInfo from OM DB as (t:0, i:~)
2023-06-17 14:28:09,688 [main] INFO  server.RaftServer (ConfUtils.java:logGet(46)) - raft.rpc.type = GRPC (default)
2023-06-17 14:28:09,688 [main] INFO  grpc.GrpcConfigKeys (ConfUtils.java:logFallback(53)) - raft.grpc.admin.host = null (fallback to raft.grpc.server.host)
2023-06-17 14:28:09,688 [main] INFO  grpc.GrpcConfigKeys (ConfUtils.java:logFallback(53)) - raft.grpc.admin.port = 15077 (fallback to raft.grpc.server.port)
2023-06-17 14:28:09,688 [main] INFO  grpc.GrpcConfigKeys (ConfUtils.java:logFallback(53)) - raft.grpc.client.host = null (fallback to raft.grpc.server.host)
2023-06-17 14:28:09,689 [main] INFO  grpc.GrpcConfigKeys (ConfUtils.java:logFallback(53)) - raft.grpc.client.port = 15077 (fallback to raft.grpc.server.port)
2023-06-17 14:28:09,689 [main] INFO  grpc.GrpcConfigKeys (ConfUtils.java:logGet(46)) - raft.grpc.server.host = null (default)
2023-06-17 14:28:09,689 [main] INFO  grpc.GrpcConfigKeys (ConfUtils.java:logGet(46)) - raft.grpc.server.port = 15077 (custom)
2023-06-17 14:28:09,689 [main] INFO  server.GrpcService (ConfUtils.java:logGet(46)) - raft.grpc.message.size.max = 33554432 (custom)
2023-06-17 14:28:09,689 [main] INFO  server.RaftServerConfigKeys (ConfUtils.java:logGet(46)) - raft.server.log.appender.buffer.byte-limit = 33554432 (custom)
2023-06-17 14:28:09,689 [main] INFO  server.GrpcService (ConfUtils.java:logGet(46)) - raft.grpc.flow.control.window = 1MB (=1048576) (default)
2023-06-17 14:28:09,689 [main] INFO  server.RaftServerConfigKeys (ConfUtils.java:logGet(46)) - raft.server.rpc.request.timeout = 3000ms (default)
2023-06-17 14:28:09,689 [main] INFO  grpc.GrpcConfigKeys (ConfUtils.java:logGet(46)) - raft.grpc.server.heartbeat.channel = true (default)
2023-06-17 14:28:09,690 [main] INFO  grpc.GrpcConfigKeys (ConfUtils.java:logGet(46)) - raft.grpc.server.async.request.thread.pool.cached = true (default)
2023-06-17 14:28:09,690 [main] INFO  grpc.GrpcConfigKeys (ConfUtils.java:logGet(46)) - raft.grpc.server.async.request.thread.pool.size = 32 (default)
2023-06-17 14:28:09,691 [main] INFO  impl.DataStreamServerImpl (ConfUtils.java:logGet(46)) - raft.datastream.type = DISABLED (default)
2023-06-17 14:28:09,692 [main] INFO  server.RaftServerConfigKeys (ConfUtils.java:logGet(46)) - raft.server.threadpool.proxy.cached = true (default)
2023-06-17 14:28:09,692 [main] INFO  server.RaftServerConfigKeys (ConfUtils.java:logGet(46)) - raft.server.threadpool.proxy.size = 0 (default)
2023-06-17 14:28:09,692 [main] INFO  server.RaftServerConfigKeys (ConfUtils.java:logGet(46)) - raft.server.rpc.slowness.timeout = 120s (custom)
2023-06-17 14:28:09,692 [main] INFO  server.RaftServerConfigKeys (ConfUtils.java:logGet(46)) - raft.server.leaderelection.leader.step-down.wait-time = 10s (default)
2023-06-17 14:28:09,692 [main] INFO  server.RaftServerConfigKeys (ConfUtils.java:logGet(46)) - raft.server.storage.dir = [/home/runner/work/ozone/ozone/hadoop-ozone/integration-test/target/test-dir/MiniOzoneClusterImpl-8d772b0e-b617-4196-a398-7a8a47ee7084/ozone-meta/ratis] (custom)
2023-06-17 14:28:09,694 [main] INFO  server.RaftServer (RaftServerProxy.java:addNew(98)) - om1: addNew group-C5BA1605619E:[om1|rpc:localhost:15077|priority:0|startupRole:FOLLOWER] returns group-C5BA1605619E:java.util.concurrent.CompletableFuture@489e1fb9[Not completed]
2023-06-17 14:28:09,694 [main] INFO  om.OzoneManager (OzoneManager.java:initializeRatisServer(2106)) - OzoneManager Ratis server initialized at port 15077
2023-06-17 14:28:09,694 [main] INFO  om.OzoneManager (OzoneManager.java:getRpcServer(1166)) - Creating RPC Server
2023-06-17 14:28:09,696 [om1-groupManagement] INFO  server.RaftServer$Division (RaftServerImpl.java:<init>(198)) - om1: new RaftServerImpl for group-C5BA1605619E:[om1|rpc:localhost:15077|priority:0|startupRole:FOLLOWER] with OzoneManagerStateMachine:uninitialized
2023-06-17 14:28:09,696 [om1-groupManagement] INFO  server.RaftServerConfigKeys (ConfUtils.java:logGet(46)) - raft.server.rpc.timeout.min = 1s (custom)
2023-06-17 14:28:09,696 [om1-groupManagement] INFO  server.RaftServerConfigKeys (ConfUtils.java:logGet(46)) - raft.server.rpc.timeout.max = 1200ms (custom)
2023-06-17 14:28:09,696 [om1-groupManagement] INFO  server.RaftServerConfigKeys (ConfUtils.java:logGet(46)) - raft.server.rpc.sleep.time = 25ms (default)
2023-06-17 14:28:09,696 [om1-groupManagement] INFO  server.RaftServerConfigKeys (ConfUtils.java:logGet(46)) - raft.server.rpc.slowness.timeout = 120s (custom)
2023-06-17 14:28:09,696 [om1-groupManagement] INFO  server.RaftServerConfigKeys (ConfUtils.java:logGet(46)) - raft.server.leaderelection.leader.step-down.wait-time = 10s (default)
2023-06-17 14:28:09,696 [om1-groupManagement] INFO  server.RaftServerConfigKeys (ConfUtils.java:logGet(46)) - raft.server.sleep.deviation.threshold = 300ms (default)
2023-06-17 14:28:09,696 [om1-groupManagement] INFO  server.RaftServer$Division (ServerState.java:<init>(120)) - om1@group-C5BA1605619E: ConfigurationManager, init=-1: peers:[om1|rpc:localhost:15077|priority:0|startupRole:FOLLOWER]|listeners:[], old=null, confs=<EMPTY_MAP>
2023-06-17 14:28:09,696 [om1-groupManagement] INFO  server.RaftServerConfigKeys (ConfUtils.java:logGet(46)) - raft.server.storage.dir = [/home/runner/work/ozone/ozone/hadoop-ozone/integration-test/target/test-dir/MiniOzoneClusterImpl-8d772b0e-b617-4196-a398-7a8a47ee7084/ozone-meta/ratis] (custom)
2023-06-17 14:28:09,696 [om1-groupManagement] INFO  server.RaftServerConfigKeys (ConfUtils.java:logGet(46)) - raft.server.log.corruption.policy = EXCEPTION (default)
2023-06-17 14:28:09,696 [om1-groupManagement] INFO  server.RaftServerConfigKeys (ConfUtils.java:logGet(46)) - raft.server.storage.free-space.min = 0MB (=0) (default)
2023-06-17 14:28:09,697 [om1-groupManagement] INFO  server.RaftServerConfigKeys (ConfUtils.java:logGet(46)) - raft.server.notification.no-leader.timeout = 120s (custom)
2023-06-17 14:28:09,697 [om1-groupManagement] INFO  server.RaftServerConfigKeys (ConfUtils.java:logGet(46)) - raft.server.read.timeout = 10s (default)
2023-06-17 14:28:09,697 [om1-groupManagement] INFO  server.RaftServerConfigKeys (ConfUtils.java:logGet(46)) - raft.server.retrycache.expirytime = 300s (custom)
2023-06-17 14:28:09,697 [om1-groupManagement] INFO  server.RaftServerConfigKeys (ConfUtils.java:logGet(46)) - raft.server.retrycache.statistics.expirytime = 100μs (default)
2023-06-17 14:28:09,697 [om1-groupManagement] INFO  server.RaftServerConfigKeys (ConfUtils.java:logGet(46)) - raft.server.read.option = DEFAULT (default)
2023-06-17 14:28:09,697 [om1-groupManagement] INFO  server.RaftServerConfigKeys (ConfUtils.java:logGet(46)) - raft.server.rpc.request.timeout = 3000ms (default)
2023-06-17 14:28:09,697 [om1-groupManagement] INFO  server.RaftServerConfigKeys (ConfUtils.java:logGet(46)) - raft.server.log.appender.install.snapshot.enabled = false (custom)
2023-06-17 14:28:09,697 [om1-groupManagement] INFO  server.RaftServerConfigKeys (ConfUtils.java:logGet(46)) - raft.server.threadpool.server.cached = true (default)
2023-06-17 14:28:09,697 [om1-groupManagement] INFO  server.RaftServerConfigKeys (ConfUtils.java:logGet(46)) - raft.server.threadpool.server.size = 0 (default)
2023-06-17 14:28:09,698 [om1-groupManagement] INFO  server.RaftServerConfigKeys (ConfUtils.java:logGet(46)) - raft.server.threadpool.client.cached = true (default)
2023-06-17 14:28:09,698 [om1-groupManagement] INFO  server.RaftServerConfigKeys (ConfUtils.java:logGet(46)) - raft.server.threadpool.client.size = 0 (default)
2023-06-17 14:28:10,025 [main] INFO  reflections.Reflections (Reflections.java:scan(232)) - Reflections took 329 ms to scan 19 urls, producing 69 keys and 5365 values [using 2 cores]
2023-06-17 14:28:10,026 [main] INFO  ipc.CallQueueManager (CallQueueManager.java:<init>(90)) - Using callQueue: class java.util.concurrent.LinkedBlockingQueue, queueCapacity: 2000, scheduler: class org.apache.hadoop.ipc.DefaultRpcScheduler, ipcBackoff: false.
2023-06-17 14:28:10,027 [Socket Reader #1 for port 15074] INFO  ipc.Server (Server.java:run(1319)) - Starting Socket Reader #1 for port 15074
2023-06-17 14:28:10,030 [Listener at 127.0.0.1/15074] INFO  hdds.HddsUtils (HddsUtils.java:preserveThreadName(848)) - Restoring thread name: main
2023-06-17 14:28:10,048 [main] INFO  impl.MetricsSystemImpl (MetricsSystemImpl.java:init(158)) - OzoneManager metrics system started (again)
2023-06-17 14:28:10,060 [main] INFO  om.OzoneManager (OzoneManager.java:start(1588)) - OzoneManager RPC server is listening at localhost/127.0.0.1:15074
2023-06-17 14:28:10,061 [main] INFO  ratis.OzoneManagerRatisServer (OzoneManagerRatisServer.java:start(558)) - Starting OzoneManagerRatisServer om1 at port 15077
2023-06-17 14:28:10,061 [om1-impl-thread1] INFO  storage.RaftStorageDirectory (RaftStorageDirectoryImpl.java:analyzeStorage(137)) - The storage directory /home/runner/work/ozone/ozone/hadoop-ozone/integration-test/target/test-dir/MiniOzoneClusterImpl-8d772b0e-b617-4196-a398-7a8a47ee7084/ozone-meta/ratis/bf265839-605b-3f16-9796-c5ba1605619e does not exist. Creating ...
2023-06-17 14:28:10,062 [om1-impl-thread1] INFO  storage.RaftStorageDirectory (RaftStorageDirectoryImpl.java:tryLock(231)) - Lock on /home/runner/work/ozone/ozone/hadoop-ozone/integration-test/target/test-dir/MiniOzoneClusterImpl-8d772b0e-b617-4196-a398-7a8a47ee7084/ozone-meta/ratis/bf265839-605b-3f16-9796-c5ba1605619e/in_use.lock acquired by nodename 109811@fv-az1035-386
2023-06-17 14:28:10,064 [om1-impl-thread1] INFO  storage.RaftStorage (RaftStorageImpl.java:format(96)) - Storage directory /home/runner/work/ozone/ozone/hadoop-ozone/integration-test/target/test-dir/MiniOzoneClusterImpl-8d772b0e-b617-4196-a398-7a8a47ee7084/ozone-meta/ratis/bf265839-605b-3f16-9796-c5ba1605619e has been successfully formatted.
2023-06-17 14:28:10,064 [om1-impl-thread1] INFO  server.RaftServerConfigKeys (ConfUtils.java:logGet(46)) - raft.server.log.use.memory = false (default)
2023-06-17 14:28:10,064 [om1-impl-thread1] INFO  server.RaftServerConfigKeys (ConfUtils.java:logGet(46)) - raft.server.log.purge.gap = 1000000 (custom)
2023-06-17 14:28:10,064 [om1-impl-thread1] INFO  server.RaftServerConfigKeys (ConfUtils.java:logGet(46)) - raft.server.log.appender.buffer.byte-limit = 33554432 (custom)
2023-06-17 14:28:10,064 [om1-impl-thread1] INFO  server.RaftServerConfigKeys (ConfUtils.java:logGet(46)) - raft.server.log.statemachine.data.read.timeout = 1000ms (default)
2023-06-17 14:28:10,064 [om1-impl-thread1] INFO  server.RaftServerConfigKeys (ConfUtils.java:logGet(46)) - raft.server.log.purge.preservation.log.num = 0 (default)
2023-06-17 14:28:10,064 [om1-impl-thread1] INFO  server.RaftServerConfigKeys (ConfUtils.java:logGet(46)) - raft.server.log.segment.size.max = 4194304 (custom)
2023-06-17 14:28:10,065 [om1-impl-thread1] INFO  server.RaftServerConfigKeys (ConfUtils.java:logGet(46)) - raft.server.log.segment.cache.num.max = 2 (custom)
2023-06-17 14:28:10,065 [om1-impl-thread1] INFO  server.RaftServerConfigKeys (ConfUtils.java:logGet(46)) - raft.server.log.segment.cache.size.max = 200MB (=209715200) (default)
2023-06-17 14:28:10,065 [om1-impl-thread1] INFO  server.RaftServerConfigKeys (ConfUtils.java:logGet(46)) - raft.server.log.appender.buffer.byte-limit = 33554432 (custom)
2023-06-17 14:28:10,065 [om1-impl-thread1] INFO  segmented.SegmentedRaftLogWorker (SegmentedRaftLogWorker.java:<init>(188)) - new om1@group-C5BA1605619E-SegmentedRaftLogWorker for RaftStorageImpl:Storage Directory /home/runner/work/ozone/ozone/hadoop-ozone/integration-test/target/test-dir/MiniOzoneClusterImpl-8d772b0e-b617-4196-a398-7a8a47ee7084/ozone-meta/ratis/bf265839-605b-3f16-9796-c5ba1605619e
2023-06-17 14:28:10,065 [om1-impl-thread1] INFO  server.RaftServerConfigKeys (ConfUtils.java:logGet(46)) - raft.server.log.queue.byte-limit = 64MB (=67108864) (default)
2023-06-17 14:28:10,065 [om1-impl-thread1] INFO  server.RaftServerConfigKeys (ConfUtils.java:logGet(46)) - raft.server.log.queue.element-limit = 4096 (default)
2023-06-17 14:28:10,065 [om1-impl-thread1] INFO  server.RaftServerConfigKeys (ConfUtils.java:logGet(46)) - raft.server.log.segment.size.max = 4194304 (custom)
2023-06-17 14:28:10,065 [om1-impl-thread1] INFO  server.RaftServerConfigKeys (ConfUtils.java:logGet(46)) - raft.server.log.preallocated.size = 4194304 (custom)
2023-06-17 14:28:10,065 [om1-impl-thread1] INFO  server.RaftServerConfigKeys (ConfUtils.java:logGet(46)) - raft.server.log.force.sync.num = 128 (default)
2023-06-17 14:28:10,065 [om1-impl-thread1] INFO  server.RaftServerConfigKeys (ConfUtils.java:logGet(46)) - raft.server.log.statemachine.data.sync = true (default)
2023-06-17 14:28:10,065 [om1-impl-thread1] INFO  server.RaftServerConfigKeys (ConfUtils.java:logGet(46)) - raft.server.log.statemachine.data.sync.timeout = 10s (default)
2023-06-17 14:28:10,065 [om1-impl-thread1] INFO  server.RaftServerConfigKeys (ConfUtils.java:logGet(46)) - raft.server.log.statemachine.data.sync.timeout.retry = -1 (default)
2023-06-17 14:28:10,065 [om1-impl-thread1] INFO  server.RaftServerConfigKeys (ConfUtils.java:logGet(46)) - raft.server.log.write.buffer.size = 64KB (=65536) (default)
2023-06-17 14:28:10,065 [om1-impl-thread1] INFO  server.RaftServerConfigKeys (ConfUtils.java:logGet(46)) - raft.server.log.appender.buffer.byte-limit = 33554432 (custom)
2023-06-17 14:28:10,074 [om1-impl-thread1] INFO  server.RaftServerConfigKeys (ConfUtils.java:logGet(46)) - raft.server.log.unsafe-flush.enabled = false (default)
2023-06-17 14:28:10,074 [om1-impl-thread1] INFO  server.RaftServerConfigKeys (ConfUtils.java:logGet(46)) - raft.server.log.async-flush.enabled = false (default)
2023-06-17 14:28:10,074 [om1-impl-thread1] INFO  server.RaftServerConfigKeys (ConfUtils.java:logGet(46)) - raft.server.log.statemachine.data.caching.enabled = false (default)
2023-06-17 14:28:10,074 [om1-impl-thread1] INFO  segmented.SegmentedRaftLogWorker (SegmentedRaftLogWorker.java:lambda$new$0(135)) - om1@group-C5BA1605619E-SegmentedRaftLogWorker: flushIndex: setUnconditionally 0 -> -1
2023-06-17 14:28:10,074 [om1-impl-thread1] INFO  segmented.SegmentedRaftLogWorker (SegmentedRaftLogWorker.java:lambda$new$0(135)) - om1@group-C5BA1605619E-SegmentedRaftLogWorker: safeCacheEvictIndex: setUnconditionally 0 -> -1
2023-06-17 14:28:10,075 [om1-impl-thread1] INFO  server.RaftServer$Division (RaftServerImpl.java:start(342)) - om1@group-C5BA1605619E: start as a follower, conf=-1: peers:[om1|rpc:localhost:15077|priority:0|startupRole:FOLLOWER]|listeners:[], old=null
2023-06-17 14:28:10,075 [om1-impl-thread1] INFO  server.RaftServer$Division (RaftServerImpl.java:setRole(329)) - om1@group-C5BA1605619E: changes role from      null to FOLLOWER at term 0 for startAsFollower
2023-06-17 14:28:10,076 [om1-impl-thread1] INFO  impl.RoleInfo (RoleInfo.java:updateAndGet(139)) - om1: start om1@group-C5BA1605619E-FollowerState
2023-06-17 14:28:10,076 [om1-impl-thread1] INFO  util.JmxRegister (JmxRegister.java:tryRegister(44)) - Successfully registered JMX Bean with object name Ratis:service=RaftServer,group=group-C5BA1605619E,id=om1
2023-06-17 14:28:10,076 [om1-impl-thread1] INFO  server.RaftServerConfigKeys (ConfUtils.java:logGet(46)) - raft.server.snapshot.auto.trigger.enabled = true (custom)
2023-06-17 14:28:10,076 [om1-impl-thread1] INFO  server.RaftServerConfigKeys (ConfUtils.java:logGet(46)) - raft.server.snapshot.auto.trigger.threshold = 400000 (default)
2023-06-17 14:28:10,076 [om1-impl-thread1] INFO  server.RaftServerConfigKeys (ConfUtils.java:logGet(46)) - raft.server.snapshot.retention.file.num = -1 (default)
2023-06-17 14:28:10,076 [om1-impl-thread1] INFO  server.RaftServerConfigKeys (ConfUtils.java:logGet(46)) - raft.server.log.purge.upto.snapshot.index = true (custom)
2023-06-17 14:28:10,077 [om1@group-C5BA1605619E-FollowerState] INFO  server.RaftServerConfigKeys (ConfUtils.java:logFallback(53)) - raft.server.rpc.first-election.timeout.min = 1s (fallback to raft.server.rpc.timeout.min)
2023-06-17 14:28:10,077 [main] INFO  server.RaftServer (RaftServerProxy.java:startImpl(400)) - om1: start RPC server
2023-06-17 14:28:10,077 [om1@group-C5BA1605619E-FollowerState] INFO  server.RaftServerConfigKeys (ConfUtils.java:logFallback(53)) - raft.server.rpc.first-election.timeout.max = 1200ms (fallback to raft.server.rpc.timeout.max)
2023-06-17 14:28:10,081 [main] INFO  server.GrpcService (GrpcService.java:startImpl(302)) - om1: GrpcService started, listening on 15077
2023-06-17 14:28:10,081 [main] INFO  om.OzoneManager (OzoneManager.java:start(1604)) - Version File has different layout version (5) than OM DB (null). That is expected if this OM has never been finalized to a newer layout version.
2023-06-17 14:28:10,082 [JvmPauseMonitor11] INFO  util.JvmPauseMonitor (JvmPauseMonitor.java:run(103)) - JvmPauseMonitor-om1: Started
2023-06-17 14:28:10,085 [main] INFO  http.BaseHttpServer (BaseHttpServer.java:newHttpServer2BuilderForOzone(224)) - Starting Web-server for ozoneManager at: http://0.0.0.0:15075
2023-06-17 14:28:10,085 [main] INFO  http.BaseHttpServer (BaseHttpServer.java:<init>(111)) - Hadoop Security Enabled: false Ozone Security Enabled: false Ozone HTTP Security Enabled: false 
2023-06-17 14:28:10,087 [main] WARN  server.AuthenticationFilter (AuthenticationFilter.java:constructSecretProvider(240)) - Unable to initialize FileSignerSecretProvider, falling back to use random secrets. Reason: Could not read signature secret file: /home/runner/hadoop-http-auth-signature-secret
2023-06-17 14:28:10,088 [main] INFO  http.HttpRequestLog (HttpRequestLog.java:getRequestLog(86)) - Http request log for http.requests.ozoneManager is not defined
2023-06-17 14:28:10,090 [main] INFO  http.HttpServer2 (HttpServer2.java:addGlobalFilter(1031)) - Added global filter 'safety' (class=org.apache.hadoop.hdds.server.http.HttpServer2$QuotingInputFilter)
2023-06-17 14:28:10,091 [main] INFO  http.HttpServer2 (HttpServer2.java:addFilter(1007)) - Added filter static_user_filter (class=org.apache.hadoop.http.lib.StaticUserWebFilter$StaticUserFilter) to context ozoneManager
2023-06-17 14:28:10,091 [main] INFO  http.HttpServer2 (HttpServer2.java:addFilter(1015)) - Added filter static_user_filter (class=org.apache.hadoop.http.lib.StaticUserWebFilter$StaticUserFilter) to context logs
2023-06-17 14:28:10,091 [main] INFO  http.HttpServer2 (HttpServer2.java:addFilter(1015)) - Added filter static_user_filter (class=org.apache.hadoop.http.lib.StaticUserWebFilter$StaticUserFilter) to context static
2023-06-17 14:28:10,091 [main] INFO  http.BaseHttpServer (BaseHttpServer.java:<init>(190)) - HTTP server of ozoneManager uses base directory /home/runner/work/ozone/ozone/hadoop-ozone/integration-test/target/test-dir/MiniOzoneClusterImpl-8d772b0e-b617-4196-a398-7a8a47ee7084/ozone-meta/webserver
2023-06-17 14:28:10,092 [main] INFO  http.HttpServer2 (HttpServer2.java:bindListener(1250)) - Jetty bound to port 15075
2023-06-17 14:28:10,092 [main] INFO  server.Server (Server.java:doStart(375)) - jetty-9.4.51.v20230217; built: 2023-02-17T08:19:37.309Z; git: b45c405e4544384de066f814ed42ae3dceacdd49; jvm 1.8.0_372-b07
2023-06-17 14:28:10,093 [main] INFO  server.session (DefaultSessionIdManager.java:doStart(334)) - DefaultSessionIdManager workerName=node0
2023-06-17 14:28:10,094 [main] INFO  server.session (DefaultSessionIdManager.java:doStart(339)) - No SessionScavenger set, using defaults
2023-06-17 14:28:10,094 [main] INFO  server.session (HouseKeeper.java:startScavenging(132)) - node0 Scavenging every 660000ms
2023-06-17 14:28:10,095 [main] INFO  handler.ContextHandler (ContextHandler.java:doStart(921)) - Started o.e.j.s.ServletContextHandler@5af7b9c5{logs,/logs,file:///home/runner/work/ozone/ozone/hadoop-ozone/integration-test/target/log,AVAILABLE}
2023-06-17 14:28:10,096 [main] INFO  handler.ContextHandler (ContextHandler.java:doStart(921)) - Started o.e.j.s.ServletContextHandler@5e78e7ff{static,/static,file:///home/runner/work/ozone/ozone/hadoop-ozone/integration-test/target/test-classes/webapps/static,AVAILABLE}
2023-06-17 14:28:10,099 [main] INFO  handler.ContextHandler (ContextHandler.java:doStart(921)) - Started o.e.j.w.WebAppContext@70c28772{ozoneManager,/,file:///home/runner/work/ozone/ozone/hadoop-ozone/integration-test/target/test-classes/webapps/ozoneManager/,AVAILABLE}{file:/home/runner/work/ozone/ozone/hadoop-ozone/integration-test/target/test-classes/webapps/ozoneManager}
2023-06-17 14:28:10,101 [main] INFO  server.AbstractConnector (AbstractConnector.java:doStart(333)) - Started ServerConnector@6ef8494b{HTTP/1.1, (http/1.1)}{0.0.0.0:15075}
2023-06-17 14:28:10,101 [main] INFO  server.Server (Server.java:doStart(415)) - Started @225462ms
2023-06-17 14:28:10,101 [main] WARN  impl.MetricsSystemImpl (MetricsSystemImpl.java:register(279)) - Sink prometheus already exists!
2023-06-17 14:28:10,102 [main] INFO  http.BaseHttpServer (BaseHttpServer.java:updateConnectorAddress(344)) - HTTP server of ozoneManager listening at http://0.0.0.0:15075
2023-06-17 14:28:10,106 [IPC Server Responder] INFO  ipc.Server (Server.java:run(1558)) - IPC Server Responder: starting
2023-06-17 14:28:10,107 [IPC Server listener on 15074] INFO  ipc.Server (Server.java:run(1398)) - IPC Server listener on 15074: starting
2023-06-17 14:28:10,112 [main] INFO  om.OzoneManager (OzoneManager.java:startTrashEmptier(2059)) - Trash Interval set to 0. Files deleted won't move to trash
2023-06-17 14:28:10,125 [main] WARN  impl.MetricRegistriesImpl (MetricRegistriesImpl.java:addReporterRegistration(111)) - New reporters are added after registries were created. Some metrics will be missing from the reporter. Please add reporter before adding any new registry.
2023-06-17 14:28:10,125 [main] WARN  impl.MetricRegistriesImpl (MetricRegistriesImpl.java:addReporterRegistration(111)) - New reporters are added after registries were created. Some metrics will be missing from the reporter. Please add reporter before adding any new registry.
2023-06-17 14:28:10,125 [main] INFO  impl.MetricsSystemImpl (MetricsSystemImpl.java:init(158)) - HddsDatanode metrics system started (again)
2023-06-17 14:28:10,139 [main] INFO  ozone.HddsDatanodeService (HddsDatanodeService.java:start(262)) - HddsDatanodeService host:fv-az1035-386.p4kjid14prhuxkk4m0x4prg4bg.cx.internal.cloudapp.net ip:10.1.0.30
2023-06-17 14:28:10,160 [main] INFO  upgrade.AbstractLayoutVersionManager (AbstractLayoutVersionManager.java:init(83)) - Initializing Layout version manager with metadata layout = HADOOP_PRC_PORTS_IN_DATANODEDETAILS (version = 7), software layout = HADOOP_PRC_PORTS_IN_DATANODEDETAILS (version = 7)
2023-06-17 14:28:10,161 [main] INFO  statemachine.DatanodeStateMachine (DatanodeStateMachine.java:getEndPointTaskThreadPoolSize(279)) - Datanode State Machine Task Thread Pool size 2
2023-06-17 14:28:10,170 [main] INFO  volume.HddsVolume (HddsVolume.java:<init>(130)) - Creating HddsVolume: /home/runner/work/ozone/ozone/hadoop-ozone/integration-test/target/test-dir/MiniOzoneClusterImpl-8d772b0e-b617-4196-a398-7a8a47ee7084/datanode-0/data-0/containers/hdds of storage type : DISK capacity : 9223372036854775807
2023-06-17 14:28:10,170 [main] INFO  volume.MutableVolumeSet (MutableVolumeSet.java:initializeVolumeSet(175)) - Added Volume : /home/runner/work/ozone/ozone/hadoop-ozone/integration-test/target/test-dir/MiniOzoneClusterImpl-8d772b0e-b617-4196-a398-7a8a47ee7084/datanode-0/data-0/containers/hdds to VolumeSet
2023-06-17 14:28:10,171 [main] INFO  volume.ThrottledAsyncChecker (ThrottledAsyncChecker.java:schedule(141)) - Scheduling a check for /home/runner/work/ozone/ozone/hadoop-ozone/integration-test/target/test-dir/MiniOzoneClusterImpl-8d772b0e-b617-4196-a398-7a8a47ee7084/datanode-0/data-0/containers/hdds
2023-06-17 14:28:10,171 [main] INFO  volume.StorageVolumeChecker (StorageVolumeChecker.java:checkAllVolumes(202)) - Scheduled health check for volume /home/runner/work/ozone/ozone/hadoop-ozone/integration-test/target/test-dir/MiniOzoneClusterImpl-8d772b0e-b617-4196-a398-7a8a47ee7084/datanode-0/data-0/containers/hdds
2023-06-17 14:28:10,184 [main] INFO  volume.MutableVolumeSet (MutableVolumeSet.java:initializeVolumeSet(175)) - Added Volume : /home/runner/work/ozone/ozone/hadoop-ozone/integration-test/target/test-dir/MiniOzoneClusterImpl-8d772b0e-b617-4196-a398-7a8a47ee7084/datanode-0/data/ratis to VolumeSet
2023-06-17 14:28:10,185 [main] INFO  volume.ThrottledAsyncChecker (ThrottledAsyncChecker.java:schedule(141)) - Scheduling a check for /home/runner/work/ozone/ozone/hadoop-ozone/integration-test/target/test-dir/MiniOzoneClusterImpl-8d772b0e-b617-4196-a398-7a8a47ee7084/datanode-0/data/ratis
2023-06-17 14:28:10,185 [main] INFO  volume.StorageVolumeChecker (StorageVolumeChecker.java:checkAllVolumes(202)) - Scheduled health check for volume /home/runner/work/ozone/ozone/hadoop-ozone/integration-test/target/test-dir/MiniOzoneClusterImpl-8d772b0e-b617-4196-a398-7a8a47ee7084/datanode-0/data/ratis
2023-06-17 14:28:10,197 [Thread-1893] INFO  ozoneimpl.ContainerReader (ContainerReader.java:readVolume(175)) - Finish verifying containers on volume /home/runner/work/ozone/ozone/hadoop-ozone/integration-test/target/test-dir/MiniOzoneClusterImpl-8d772b0e-b617-4196-a398-7a8a47ee7084/datanode-0/data-0/containers/hdds
2023-06-17 14:28:10,198 [main] INFO  ozoneimpl.OzoneContainer (OzoneContainer.java:buildContainerSet(316)) - Build ContainerSet costs 0s
2023-06-17 14:28:10,200 [main] INFO  server.RaftServer (ConfUtils.java:logGet(46)) - raft.rpc.type = GRPC (default)
2023-06-17 14:28:10,201 [main] INFO  grpc.GrpcConfigKeys (ConfUtils.java:logFallback(53)) - raft.grpc.admin.host = null (fallback to raft.grpc.server.host)
2023-06-17 14:28:10,201 [main] INFO  grpc.GrpcConfigKeys (ConfUtils.java:logGet(46)) - raft.grpc.admin.port = 15083 (custom)
2023-06-17 14:28:10,201 [main] INFO  grpc.GrpcConfigKeys (ConfUtils.java:logFallback(53)) - raft.grpc.client.host = null (fallback to raft.grpc.server.host)
2023-06-17 14:28:10,201 [main] INFO  grpc.GrpcConfigKeys (ConfUtils.java:logGet(46)) - raft.grpc.client.port = 15082 (custom)
2023-06-17 14:28:10,201 [main] INFO  grpc.GrpcConfigKeys (ConfUtils.java:logGet(46)) - raft.grpc.server.host = null (default)
2023-06-17 14:28:10,201 [main] INFO  grpc.GrpcConfigKeys (ConfUtils.java:logGet(46)) - raft.grpc.server.port = 15084 (custom)
2023-06-17 14:28:10,201 [main] INFO  server.GrpcService (ConfUtils.java:logGet(46)) - raft.grpc.message.size.max = 32MB (=33554432) (custom)
2023-06-17 14:28:10,202 [main] INFO  server.RaftServerConfigKeys (ConfUtils.java:logGet(46)) - raft.server.log.appender.buffer.byte-limit = 33554432 (custom)
2023-06-17 14:28:10,202 [main] INFO  server.GrpcService (ConfUtils.java:logGet(46)) - raft.grpc.flow.control.window = 5MB (=5242880) (custom)
2023-06-17 14:28:10,202 [main] INFO  server.RaftServerConfigKeys (ConfUtils.java:logGet(46)) - raft.server.rpc.request.timeout = 60s (custom)
2023-06-17 14:28:10,202 [main] INFO  grpc.GrpcConfigKeys (ConfUtils.java:logGet(46)) - raft.grpc.server.heartbeat.channel = true (default)
2023-06-17 14:28:10,202 [main] INFO  grpc.GrpcConfigKeys (ConfUtils.java:logGet(46)) - raft.grpc.server.async.request.thread.pool.cached = true (default)
2023-06-17 14:28:10,202 [main] INFO  grpc.GrpcConfigKeys (ConfUtils.java:logGet(46)) - raft.grpc.server.async.request.thread.pool.size = 32 (default)
2023-06-17 14:28:10,205 [main] INFO  impl.DataStreamServerImpl (ConfUtils.java:logGet(46)) - raft.datastream.type = NETTY (custom)
2023-06-17 14:28:10,205 [main] INFO  server.RaftServerConfigKeys (ConfUtils.java:logGet(46)) - raft.server.data-stream.async.request.thread.pool.cached = false (default)
2023-06-17 14:28:10,205 [main] INFO  server.RaftServerConfigKeys (ConfUtils.java:logGet(46)) - raft.server.data-stream.async.request.thread.pool.size = 20 (custom)
2023-06-17 14:28:10,206 [main] INFO  server.RaftServerConfigKeys (ConfUtils.java:logGet(46)) - raft.server.data-stream.async.write.thread.pool.size = 16 (default)
2023-06-17 14:28:10,206 [main] INFO  server.RaftServerConfigKeys (ConfUtils.java:logGet(46)) - raft.server.data-stream.client.pool.size = 10 (default)
2023-06-17 14:28:10,206 [main] INFO  netty.NettyConfigKeys$DataStream (ConfUtils.java:logGet(46)) - raft.netty.dataStream.server.use-epoll = false (default)
2023-06-17 14:28:10,206 [main] INFO  netty.NettyConfigKeys$DataStream (ConfUtils.java:logGet(46)) - raft.netty.dataStream.server.boss-group.size = 0 (default)
2023-06-17 14:28:10,206 [main] INFO  netty.NettyConfigKeys$DataStream (ConfUtils.java:logGet(46)) - raft.netty.dataStream.server.worker-group.size = 0 (default)
2023-06-17 14:28:10,207 [main] INFO  netty.NettyConfigKeys$DataStream (ConfUtils.java:logGet(46)) - raft.netty.dataStream.server.tls.conf = null (default)
2023-06-17 14:28:10,207 [main] INFO  netty.NettyConfigKeys$DataStream (ConfUtils.java:logGet(46)) - raft.netty.dataStream.host = null (default)
2023-06-17 14:28:10,207 [main] INFO  netty.NettyConfigKeys$DataStream (ConfUtils.java:logGet(46)) - raft.netty.dataStream.port = 15085 (custom)
2023-06-17 14:28:10,208 [main] INFO  server.RaftServerConfigKeys (ConfUtils.java:logGet(46)) - raft.server.threadpool.proxy.cached = true (default)
2023-06-17 14:28:10,208 [main] INFO  server.RaftServerConfigKeys (ConfUtils.java:logGet(46)) - raft.server.threadpool.proxy.size = 0 (default)
2023-06-17 14:28:10,208 [main] INFO  server.RaftServerConfigKeys (ConfUtils.java:logGet(46)) - raft.server.rpc.slowness.timeout = 300s (custom)
2023-06-17 14:28:10,208 [d8e5db2f-8a5f-4279-a0a7-2a0e2e29a318-NettyServerStreamRpc-bossGroup--thread1] INFO  logging.LoggingHandler (AbstractInternalLogger.java:log(148)) - [id: 0x799827b1] REGISTERED
2023-06-17 14:28:10,208 [main] INFO  server.RaftServerConfigKeys (ConfUtils.java:logGet(46)) - raft.server.leaderelection.leader.step-down.wait-time = 10s (default)
2023-06-17 14:28:10,208 [d8e5db2f-8a5f-4279-a0a7-2a0e2e29a318-NettyServerStreamRpc-bossGroup--thread1] INFO  logging.LoggingHandler (AbstractInternalLogger.java:log(148)) - [id: 0x799827b1] BIND: 0.0.0.0/0.0.0.0:15085
2023-06-17 14:28:10,209 [main] INFO  server.RaftServerConfigKeys (ConfUtils.java:logGet(46)) - raft.server.storage.dir = [/home/runner/work/ozone/ozone/hadoop-ozone/integration-test/target/test-dir/MiniOzoneClusterImpl-8d772b0e-b617-4196-a398-7a8a47ee7084/datanode-0/data/ratis] (custom)
2023-06-17 14:28:10,209 [d8e5db2f-8a5f-4279-a0a7-2a0e2e29a318-NettyServerStreamRpc-bossGroup--thread1] INFO  logging.LoggingHandler (AbstractInternalLogger.java:log(148)) - [id: 0x799827b1, L:/0:0:0:0:0:0:0:0:15085] ACTIVE
2023-06-17 14:28:10,211 [main] INFO  server.XceiverServerGrpc (XceiverServerGrpc.java:<init>(132)) - GrpcServer channel type EpollServerSocketChannel
2023-06-17 14:28:10,213 [main] INFO  replication.ReplicationSupervisor (ReplicationSupervisor.java:nodeStateUpdated(305)) - Node state updated to IN_SERVICE, scaling executor pool size to 10
2023-06-17 14:28:10,215 [main] INFO  http.BaseHttpServer (BaseHttpServer.java:newHttpServer2BuilderForOzone(224)) - Starting Web-server for hddsDatanode at: http://0.0.0.0:15079
2023-06-17 14:28:10,215 [main] INFO  http.BaseHttpServer (BaseHttpServer.java:<init>(111)) - Hadoop Security Enabled: false Ozone Security Enabled: false Ozone HTTP Security Enabled: false 
2023-06-17 14:28:10,219 [main] WARN  server.AuthenticationFilter (AuthenticationFilter.java:constructSecretProvider(240)) - Unable to initialize FileSignerSecretProvider, falling back to use random secrets. Reason: Could not read signature secret file: /home/runner/hadoop-http-auth-signature-secret
2023-06-17 14:28:10,225 [main] INFO  http.HttpRequestLog (HttpRequestLog.java:getRequestLog(86)) - Http request log for http.requests.hddsDatanode is not defined
2023-06-17 14:28:10,228 [main] INFO  http.HttpServer2 (HttpServer2.java:addGlobalFilter(1031)) - Added global filter 'safety' (class=org.apache.hadoop.hdds.server.http.HttpServer2$QuotingInputFilter)
2023-06-17 14:28:10,229 [main] INFO  http.HttpServer2 (HttpServer2.java:addFilter(1007)) - Added filter static_user_filter (class=org.apache.hadoop.http.lib.StaticUserWebFilter$StaticUserFilter) to context hddsDatanode
2023-06-17 14:28:10,229 [main] INFO  http.HttpServer2 (HttpServer2.java:addFilter(1015)) - Added filter static_user_filter (class=org.apache.hadoop.http.lib.StaticUserWebFilter$StaticUserFilter) to context static
2023-06-17 14:28:10,230 [main] INFO  http.HttpServer2 (HttpServer2.java:addFilter(1015)) - Added filter static_user_filter (class=org.apache.hadoop.http.lib.StaticUserWebFilter$StaticUserFilter) to context logs
2023-06-17 14:28:10,230 [main] INFO  http.BaseHttpServer (BaseHttpServer.java:<init>(190)) - HTTP server of hddsDatanode uses base directory /home/runner/work/ozone/ozone/hadoop-ozone/integration-test/target/test-dir/MiniOzoneClusterImpl-8d772b0e-b617-4196-a398-7a8a47ee7084/datanode-0/meta/webserver
2023-06-17 14:28:10,231 [main] INFO  http.HttpServer2 (HttpServer2.java:bindListener(1250)) - Jetty bound to port 15079
2023-06-17 14:28:10,231 [main] INFO  server.Server (Server.java:doStart(375)) - jetty-9.4.51.v20230217; built: 2023-02-17T08:19:37.309Z; git: b45c405e4544384de066f814ed42ae3dceacdd49; jvm 1.8.0_372-b07
2023-06-17 14:28:10,232 [main] INFO  server.session (DefaultSessionIdManager.java:doStart(334)) - DefaultSessionIdManager workerName=node0
2023-06-17 14:28:10,232 [main] INFO  server.session (DefaultSessionIdManager.java:doStart(339)) - No SessionScavenger set, using defaults
2023-06-17 14:28:10,233 [main] INFO  server.session (HouseKeeper.java:startScavenging(132)) - node0 Scavenging every 660000ms
2023-06-17 14:28:10,233 [main] INFO  handler.ContextHandler (ContextHandler.java:doStart(921)) - Started o.e.j.s.ServletContextHandler@75b8a37e{logs,/logs,file:///home/runner/work/ozone/ozone/hadoop-ozone/integration-test/target/log,AVAILABLE}
2023-06-17 14:28:10,234 [main] INFO  handler.ContextHandler (ContextHandler.java:doStart(921)) - Started o.e.j.s.ServletContextHandler@2e872974{static,/static,jar:file:/home/runner/.m2/repository/org/apache/ozone/hdds-container-service/1.4.0-SNAPSHOT/hdds-container-service-1.4.0-SNAPSHOT.jar!/webapps/static,AVAILABLE}
2023-06-17 14:28:10,440 [main] INFO  handler.ContextHandler (ContextHandler.java:doStart(921)) - Started o.e.j.w.WebAppContext@5860fa7e{hddsDatanode,/,file:///home/runner/work/ozone/ozone/hadoop-ozone/integration-test/target/test-dir/MiniOzoneClusterImpl-8d772b0e-b617-4196-a398-7a8a47ee7084/datanode-0/meta/webserver/jetty-0_0_0_0-15079-hdds-container-service-1_4_0-SNAPSHOT_jar-_-any-2199035167682124222/webapp/,AVAILABLE}{jar:file:/home/runner/.m2/repository/org/apache/ozone/hdds-container-service/1.4.0-SNAPSHOT/hdds-container-service-1.4.0-SNAPSHOT.jar!/webapps/hddsDatanode}
2023-06-17 14:28:10,442 [main] INFO  server.AbstractConnector (AbstractConnector.java:doStart(333)) - Started ServerConnector@7ffa145a{HTTP/1.1, (http/1.1)}{0.0.0.0:15079}
2023-06-17 14:28:10,442 [main] INFO  server.Server (Server.java:doStart(415)) - Started @225803ms
2023-06-17 14:28:10,442 [main] WARN  impl.MetricsSystemImpl (MetricsSystemImpl.java:register(279)) - Sink prometheus already exists!
2023-06-17 14:28:10,443 [main] INFO  http.BaseHttpServer (BaseHttpServer.java:updateConnectorAddress(344)) - HTTP server of hddsDatanode listening at http://0.0.0.0:15079
2023-06-17 14:28:10,443 [main] INFO  ipc.CallQueueManager (CallQueueManager.java:<init>(90)) - Using callQueue: class java.util.concurrent.LinkedBlockingQueue, queueCapacity: 100, scheduler: class org.apache.hadoop.ipc.DefaultRpcScheduler, ipcBackoff: false.
2023-06-17 14:28:10,444 [Socket Reader #1 for port 15080] INFO  ipc.Server (Server.java:run(1319)) - Starting Socket Reader #1 for port 15080
2023-06-17 14:28:10,451 [Listener at 0.0.0.0/15080] INFO  hdds.HddsUtils (HddsUtils.java:preserveThreadName(848)) - Restoring thread name: main
2023-06-17 14:28:10,451 [main] INFO  ozone.HddsDatanodeService (HddsDatanodeService.java:start(344)) - Datanode start with admins: [runner]
2023-06-17 14:28:10,452 [main] INFO  ozone.HddsDatanodeClientProtocolServer (HddsDatanodeClientProtocolServer.java:start(72)) - RPC server for Client /0.0.0.0:15080
2023-06-17 14:28:10,452 [IPC Server Responder] INFO  ipc.Server (Server.java:run(1558)) - IPC Server Responder: starting
2023-06-17 14:28:10,452 [IPC Server listener on 15080] INFO  ipc.Server (Server.java:run(1398)) - IPC Server listener on 15080: starting
2023-06-17 14:28:10,452 [Datanode State Machine Daemon Thread] INFO  statemachine.DatanodeStateMachine (DatanodeStateMachine.java:lambda$startDaemon$0(531)) - Ozone container server started.
2023-06-17 14:28:10,453 [main] WARN  impl.MetricRegistriesImpl (MetricRegistriesImpl.java:addReporterRegistration(111)) - New reporters are added after registries were created. Some metrics will be missing from the reporter. Please add reporter before adding any new registry.
2023-06-17 14:28:10,453 [main] WARN  impl.MetricRegistriesImpl (MetricRegistriesImpl.java:addReporterRegistration(111)) - New reporters are added after registries were created. Some metrics will be missing from the reporter. Please add reporter before adding any new registry.
2023-06-17 14:28:10,453 [main] INFO  impl.MetricsSystemImpl (MetricsSystemImpl.java:init(158)) - HddsDatanode metrics system started (again)
2023-06-17 14:28:10,473 [main] INFO  ozone.HddsDatanodeService (HddsDatanodeService.java:start(262)) - HddsDatanodeService host:fv-az1035-386.p4kjid14prhuxkk4m0x4prg4bg.cx.internal.cloudapp.net ip:10.1.0.30
2023-06-17 14:28:10,479 [Datanode State Machine Task Thread - 0] INFO  datanode.InitDatanodeState (InitDatanodeState.java:persistContainerDatanodeDetails(138)) - DatanodeDetails is persisted to /home/runner/work/ozone/ozone/hadoop-ozone/integration-test/target/test-dir/MiniOzoneClusterImpl-8d772b0e-b617-4196-a398-7a8a47ee7084/datanode-0/meta/datanode.id
2023-06-17 14:28:10,497 [main] INFO  upgrade.AbstractLayoutVersionManager (AbstractLayoutVersionManager.java:init(83)) - Initializing Layout version manager with metadata layout = HADOOP_PRC_PORTS_IN_DATANODEDETAILS (version = 7), software layout = HADOOP_PRC_PORTS_IN_DATANODEDETAILS (version = 7)
2023-06-17 14:28:10,498 [main] INFO  statemachine.DatanodeStateMachine (DatanodeStateMachine.java:getEndPointTaskThreadPoolSize(279)) - Datanode State Machine Task Thread Pool size 2
2023-06-17 14:28:10,500 [main] INFO  volume.HddsVolume (HddsVolume.java:<init>(130)) - Creating HddsVolume: /home/runner/work/ozone/ozone/hadoop-ozone/integration-test/target/test-dir/MiniOzoneClusterImpl-8d772b0e-b617-4196-a398-7a8a47ee7084/datanode-1/data-0/containers/hdds of storage type : DISK capacity : 9223372036854775807
2023-06-17 14:28:10,500 [main] INFO  volume.MutableVolumeSet (MutableVolumeSet.java:initializeVolumeSet(175)) - Added Volume : /home/runner/work/ozone/ozone/hadoop-ozone/integration-test/target/test-dir/MiniOzoneClusterImpl-8d772b0e-b617-4196-a398-7a8a47ee7084/datanode-1/data-0/containers/hdds to VolumeSet
2023-06-17 14:28:10,500 [main] INFO  volume.ThrottledAsyncChecker (ThrottledAsyncChecker.java:schedule(141)) - Scheduling a check for /home/runner/work/ozone/ozone/hadoop-ozone/integration-test/target/test-dir/MiniOzoneClusterImpl-8d772b0e-b617-4196-a398-7a8a47ee7084/datanode-1/data-0/containers/hdds
2023-06-17 14:28:10,501 [main] INFO  volume.StorageVolumeChecker (StorageVolumeChecker.java:checkAllVolumes(202)) - Scheduled health check for volume /home/runner/work/ozone/ozone/hadoop-ozone/integration-test/target/test-dir/MiniOzoneClusterImpl-8d772b0e-b617-4196-a398-7a8a47ee7084/datanode-1/data-0/containers/hdds
2023-06-17 14:28:10,513 [main] INFO  volume.MutableVolumeSet (MutableVolumeSet.java:initializeVolumeSet(175)) - Added Volume : /home/runner/work/ozone/ozone/hadoop-ozone/integration-test/target/test-dir/MiniOzoneClusterImpl-8d772b0e-b617-4196-a398-7a8a47ee7084/datanode-1/data/ratis to VolumeSet
2023-06-17 14:28:10,514 [main] INFO  volume.ThrottledAsyncChecker (ThrottledAsyncChecker.java:schedule(141)) - Scheduling a check for /home/runner/work/ozone/ozone/hadoop-ozone/integration-test/target/test-dir/MiniOzoneClusterImpl-8d772b0e-b617-4196-a398-7a8a47ee7084/datanode-1/data/ratis
2023-06-17 14:28:10,514 [main] INFO  volume.StorageVolumeChecker (StorageVolumeChecker.java:checkAllVolumes(202)) - Scheduled health check for volume /home/runner/work/ozone/ozone/hadoop-ozone/integration-test/target/test-dir/MiniOzoneClusterImpl-8d772b0e-b617-4196-a398-7a8a47ee7084/datanode-1/data/ratis
2023-06-17 14:28:10,525 [Thread-1910] INFO  ozoneimpl.ContainerReader (ContainerReader.java:readVolume(175)) - Finish verifying containers on volume /home/runner/work/ozone/ozone/hadoop-ozone/integration-test/target/test-dir/MiniOzoneClusterImpl-8d772b0e-b617-4196-a398-7a8a47ee7084/datanode-1/data-0/containers/hdds
2023-06-17 14:28:10,525 [main] INFO  ozoneimpl.OzoneContainer (OzoneContainer.java:buildContainerSet(316)) - Build ContainerSet costs 0s
2023-06-17 14:28:10,527 [main] INFO  server.RaftServer (ConfUtils.java:logGet(46)) - raft.rpc.type = GRPC (default)
2023-06-17 14:28:10,528 [main] INFO  grpc.GrpcConfigKeys (ConfUtils.java:logFallback(53)) - raft.grpc.admin.host = null (fallback to raft.grpc.server.host)
2023-06-17 14:28:10,528 [main] INFO  grpc.GrpcConfigKeys (ConfUtils.java:logGet(46)) - raft.grpc.admin.port = 15092 (custom)
2023-06-17 14:28:10,528 [main] INFO  grpc.GrpcConfigKeys (ConfUtils.java:logFallback(53)) - raft.grpc.client.host = null (fallback to raft.grpc.server.host)
2023-06-17 14:28:10,528 [main] INFO  grpc.GrpcConfigKeys (ConfUtils.java:logGet(46)) - raft.grpc.client.port = 15091 (custom)
2023-06-17 14:28:10,528 [main] INFO  grpc.GrpcConfigKeys (ConfUtils.java:logGet(46)) - raft.grpc.server.host = null (default)
2023-06-17 14:28:10,528 [main] INFO  grpc.GrpcConfigKeys (ConfUtils.java:logGet(46)) - raft.grpc.server.port = 15093 (custom)
2023-06-17 14:28:10,528 [main] INFO  server.GrpcService (ConfUtils.java:logGet(46)) - raft.grpc.message.size.max = 32MB (=33554432) (custom)
2023-06-17 14:28:10,529 [main] INFO  server.RaftServerConfigKeys (ConfUtils.java:logGet(46)) - raft.server.log.appender.buffer.byte-limit = 33554432 (custom)
2023-06-17 14:28:10,529 [main] INFO  server.GrpcService (ConfUtils.java:logGet(46)) - raft.grpc.flow.control.window = 5MB (=5242880) (custom)
2023-06-17 14:28:10,529 [main] INFO  server.RaftServerConfigKeys (ConfUtils.java:logGet(46)) - raft.server.rpc.request.timeout = 60s (custom)
2023-06-17 14:28:10,529 [main] INFO  grpc.GrpcConfigKeys (ConfUtils.java:logGet(46)) - raft.grpc.server.heartbeat.channel = true (default)
2023-06-17 14:28:10,529 [main] INFO  grpc.GrpcConfigKeys (ConfUtils.java:logGet(46)) - raft.grpc.server.async.request.thread.pool.cached = true (default)
2023-06-17 14:28:10,529 [main] INFO  grpc.GrpcConfigKeys (ConfUtils.java:logGet(46)) - raft.grpc.server.async.request.thread.pool.size = 32 (default)
2023-06-17 14:28:10,532 [main] INFO  impl.DataStreamServerImpl (ConfUtils.java:logGet(46)) - raft.datastream.type = NETTY (custom)
2023-06-17 14:28:10,532 [main] INFO  server.RaftServerConfigKeys (ConfUtils.java:logGet(46)) - raft.server.data-stream.async.request.thread.pool.cached = false (default)
2023-06-17 14:28:10,532 [main] INFO  server.RaftServerConfigKeys (ConfUtils.java:logGet(46)) - raft.server.data-stream.async.request.thread.pool.size = 20 (custom)
2023-06-17 14:28:10,532 [main] INFO  server.RaftServerConfigKeys (ConfUtils.java:logGet(46)) - raft.server.data-stream.async.write.thread.pool.size = 16 (default)
2023-06-17 14:28:10,532 [main] INFO  server.RaftServerConfigKeys (ConfUtils.java:logGet(46)) - raft.server.data-stream.client.pool.size = 10 (default)
2023-06-17 14:28:10,533 [main] INFO  netty.NettyConfigKeys$DataStream (ConfUtils.java:logGet(46)) - raft.netty.dataStream.server.use-epoll = false (default)
2023-06-17 14:28:10,533 [main] INFO  netty.NettyConfigKeys$DataStream (ConfUtils.java:logGet(46)) - raft.netty.dataStream.server.boss-group.size = 0 (default)
2023-06-17 14:28:10,533 [main] INFO  netty.NettyConfigKeys$DataStream (ConfUtils.java:logGet(46)) - raft.netty.dataStream.server.worker-group.size = 0 (default)
2023-06-17 14:28:10,533 [main] INFO  netty.NettyConfigKeys$DataStream (ConfUtils.java:logGet(46)) - raft.netty.dataStream.server.tls.conf = null (default)
2023-06-17 14:28:10,534 [main] INFO  netty.NettyConfigKeys$DataStream (ConfUtils.java:logGet(46)) - raft.netty.dataStream.host = null (default)
2023-06-17 14:28:10,534 [main] INFO  netty.NettyConfigKeys$DataStream (ConfUtils.java:logGet(46)) - raft.netty.dataStream.port = 15094 (custom)
2023-06-17 14:28:10,534 [main] INFO  server.RaftServerConfigKeys (ConfUtils.java:logGet(46)) - raft.server.threadpool.proxy.cached = true (default)
2023-06-17 14:28:10,534 [main] INFO  server.RaftServerConfigKeys (ConfUtils.java:logGet(46)) - raft.server.threadpool.proxy.size = 0 (default)
2023-06-17 14:28:10,535 [47048eaa-a072-4fd8-9d87-63c2f7da8b3d-NettyServerStreamRpc-bossGroup--thread1] INFO  logging.LoggingHandler (AbstractInternalLogger.java:log(148)) - [id: 0xfba71794] REGISTERED
2023-06-17 14:28:10,535 [main] INFO  server.RaftServerConfigKeys (ConfUtils.java:logGet(46)) - raft.server.rpc.slowness.timeout = 300s (custom)
2023-06-17 14:28:10,535 [main] INFO  server.RaftServerConfigKeys (ConfUtils.java:logGet(46)) - raft.server.leaderelection.leader.step-down.wait-time = 10s (default)
2023-06-17 14:28:10,535 [main] INFO  server.RaftServerConfigKeys (ConfUtils.java:logGet(46)) - raft.server.storage.dir = [/home/runner/work/ozone/ozone/hadoop-ozone/integration-test/target/test-dir/MiniOzoneClusterImpl-8d772b0e-b617-4196-a398-7a8a47ee7084/datanode-1/data/ratis] (custom)
2023-06-17 14:28:10,535 [47048eaa-a072-4fd8-9d87-63c2f7da8b3d-NettyServerStreamRpc-bossGroup--thread1] INFO  logging.LoggingHandler (AbstractInternalLogger.java:log(148)) - [id: 0xfba71794] BIND: 0.0.0.0/0.0.0.0:15094
2023-06-17 14:28:10,535 [47048eaa-a072-4fd8-9d87-63c2f7da8b3d-NettyServerStreamRpc-bossGroup--thread1] INFO  logging.LoggingHandler (AbstractInternalLogger.java:log(148)) - [id: 0xfba71794, L:/0:0:0:0:0:0:0:0:15094] ACTIVE
2023-06-17 14:28:10,537 [main] INFO  server.XceiverServerGrpc (XceiverServerGrpc.java:<init>(132)) - GrpcServer channel type EpollServerSocketChannel
2023-06-17 14:28:10,538 [main] INFO  replication.ReplicationSupervisor (ReplicationSupervisor.java:nodeStateUpdated(305)) - Node state updated to IN_SERVICE, scaling executor pool size to 10
2023-06-17 14:28:10,540 [main] INFO  http.BaseHttpServer (BaseHttpServer.java:newHttpServer2BuilderForOzone(224)) - Starting Web-server for hddsDatanode at: http://0.0.0.0:15088
2023-06-17 14:28:10,540 [main] INFO  http.BaseHttpServer (BaseHttpServer.java:<init>(111)) - Hadoop Security Enabled: false Ozone Security Enabled: false Ozone HTTP Security Enabled: false 
2023-06-17 14:28:10,541 [main] WARN  server.AuthenticationFilter (AuthenticationFilter.java:constructSecretProvider(240)) - Unable to initialize FileSignerSecretProvider, falling back to use random secrets. Reason: Could not read signature secret file: /home/runner/hadoop-http-auth-signature-secret
2023-06-17 14:28:10,542 [main] INFO  http.HttpRequestLog (HttpRequestLog.java:getRequestLog(86)) - Http request log for http.requests.hddsDatanode is not defined
2023-06-17 14:28:10,543 [main] INFO  http.HttpServer2 (HttpServer2.java:addGlobalFilter(1031)) - Added global filter 'safety' (class=org.apache.hadoop.hdds.server.http.HttpServer2$QuotingInputFilter)
2023-06-17 14:28:10,544 [main] INFO  http.HttpServer2 (HttpServer2.java:addFilter(1007)) - Added filter static_user_filter (class=org.apache.hadoop.http.lib.StaticUserWebFilter$StaticUserFilter) to context hddsDatanode
2023-06-17 14:28:10,544 [main] INFO  http.HttpServer2 (HttpServer2.java:addFilter(1015)) - Added filter static_user_filter (class=org.apache.hadoop.http.lib.StaticUserWebFilter$StaticUserFilter) to context logs
2023-06-17 14:28:10,544 [main] INFO  http.HttpServer2 (HttpServer2.java:addFilter(1015)) - Added filter static_user_filter (class=org.apache.hadoop.http.lib.StaticUserWebFilter$StaticUserFilter) to context static
2023-06-17 14:28:10,545 [main] INFO  http.BaseHttpServer (BaseHttpServer.java:<init>(190)) - HTTP server of hddsDatanode uses base directory /home/runner/work/ozone/ozone/hadoop-ozone/integration-test/target/test-dir/MiniOzoneClusterImpl-8d772b0e-b617-4196-a398-7a8a47ee7084/datanode-1/meta/webserver
2023-06-17 14:28:10,545 [main] INFO  http.HttpServer2 (HttpServer2.java:bindListener(1250)) - Jetty bound to port 15088
2023-06-17 14:28:10,545 [main] INFO  server.Server (Server.java:doStart(375)) - jetty-9.4.51.v20230217; built: 2023-02-17T08:19:37.309Z; git: b45c405e4544384de066f814ed42ae3dceacdd49; jvm 1.8.0_372-b07
2023-06-17 14:28:10,551 [main] INFO  server.session (DefaultSessionIdManager.java:doStart(334)) - DefaultSessionIdManager workerName=node0
2023-06-17 14:28:10,551 [main] INFO  server.session (DefaultSessionIdManager.java:doStart(339)) - No SessionScavenger set, using defaults
2023-06-17 14:28:10,551 [main] INFO  server.session (HouseKeeper.java:startScavenging(132)) - node0 Scavenging every 600000ms
2023-06-17 14:28:10,552 [main] INFO  handler.ContextHandler (ContextHandler.java:doStart(921)) - Started o.e.j.s.ServletContextHandler@243ebbbe{logs,/logs,file:///home/runner/work/ozone/ozone/hadoop-ozone/integration-test/target/log,AVAILABLE}
2023-06-17 14:28:10,552 [main] INFO  handler.ContextHandler (ContextHandler.java:doStart(921)) - Started o.e.j.s.ServletContextHandler@1f5ac2c2{static,/static,jar:file:/home/runner/.m2/repository/org/apache/ozone/hdds-container-service/1.4.0-SNAPSHOT/hdds-container-service-1.4.0-SNAPSHOT.jar!/webapps/static,AVAILABLE}
2023-06-17 14:28:10,756 [main] INFO  handler.ContextHandler (ContextHandler.java:doStart(921)) - Started o.e.j.w.WebAppContext@1634c79c{hddsDatanode,/,file:///home/runner/work/ozone/ozone/hadoop-ozone/integration-test/target/test-dir/MiniOzoneClusterImpl-8d772b0e-b617-4196-a398-7a8a47ee7084/datanode-1/meta/webserver/jetty-0_0_0_0-15088-hdds-container-service-1_4_0-SNAPSHOT_jar-_-any-2585436911515842162/webapp/,AVAILABLE}{jar:file:/home/runner/.m2/repository/org/apache/ozone/hdds-container-service/1.4.0-SNAPSHOT/hdds-container-service-1.4.0-SNAPSHOT.jar!/webapps/hddsDatanode}
2023-06-17 14:28:10,759 [main] INFO  server.AbstractConnector (AbstractConnector.java:doStart(333)) - Started ServerConnector@fb7e773{HTTP/1.1, (http/1.1)}{0.0.0.0:15088}
2023-06-17 14:28:10,759 [main] INFO  server.Server (Server.java:doStart(415)) - Started @226121ms
2023-06-17 14:28:10,759 [main] WARN  impl.MetricsSystemImpl (MetricsSystemImpl.java:register(279)) - Sink prometheus already exists!
2023-06-17 14:28:10,760 [main] INFO  http.BaseHttpServer (BaseHttpServer.java:updateConnectorAddress(344)) - HTTP server of hddsDatanode listening at http://0.0.0.0:15088
2023-06-17 14:28:10,761 [main] INFO  ipc.CallQueueManager (CallQueueManager.java:<init>(90)) - Using callQueue: class java.util.concurrent.LinkedBlockingQueue, queueCapacity: 100, scheduler: class org.apache.hadoop.ipc.DefaultRpcScheduler, ipcBackoff: false.
2023-06-17 14:28:10,762 [Socket Reader #1 for port 15089] INFO  ipc.Server (Server.java:run(1319)) - Starting Socket Reader #1 for port 15089
2023-06-17 14:28:10,764 [Listener at 0.0.0.0/15089] INFO  hdds.HddsUtils (HddsUtils.java:preserveThreadName(848)) - Restoring thread name: main
2023-06-17 14:28:10,764 [main] INFO  ozone.HddsDatanodeService (HddsDatanodeService.java:start(344)) - Datanode start with admins: [runner]
2023-06-17 14:28:10,764 [main] INFO  ozone.HddsDatanodeClientProtocolServer (HddsDatanodeClientProtocolServer.java:start(72)) - RPC server for Client /0.0.0.0:15089
2023-06-17 14:28:10,765 [IPC Server Responder] INFO  ipc.Server (Server.java:run(1558)) - IPC Server Responder: starting
2023-06-17 14:28:10,765 [IPC Server listener on 15089] INFO  ipc.Server (Server.java:run(1398)) - IPC Server listener on 15089: starting
2023-06-17 14:28:10,766 [main] WARN  impl.MetricRegistriesImpl (MetricRegistriesImpl.java:addReporterRegistration(111)) - New reporters are added after registries were created. Some metrics will be missing from the reporter. Please add reporter before adding any new registry.
2023-06-17 14:28:10,766 [main] WARN  impl.MetricRegistriesImpl (MetricRegistriesImpl.java:addReporterRegistration(111)) - New reporters are added after registries were created. Some metrics will be missing from the reporter. Please add reporter before adding any new registry.
2023-06-17 14:28:10,766 [main] INFO  impl.MetricsSystemImpl (MetricsSystemImpl.java:init(158)) - HddsDatanode metrics system started (again)
2023-06-17 14:28:10,776 [Datanode State Machine Daemon Thread] INFO  statemachine.DatanodeStateMachine (DatanodeStateMachine.java:lambda$startDaemon$0(531)) - Ozone container server started.
2023-06-17 14:28:10,796 [Datanode State Machine Task Thread - 0] INFO  datanode.InitDatanodeState (InitDatanodeState.java:persistContainerDatanodeDetails(138)) - DatanodeDetails is persisted to /home/runner/work/ozone/ozone/hadoop-ozone/integration-test/target/test-dir/MiniOzoneClusterImpl-8d772b0e-b617-4196-a398-7a8a47ee7084/datanode-1/meta/datanode.id
2023-06-17 14:28:10,799 [main] INFO  ozone.HddsDatanodeService (HddsDatanodeService.java:start(262)) - HddsDatanodeService host:fv-az1035-386.p4kjid14prhuxkk4m0x4prg4bg.cx.internal.cloudapp.net ip:10.1.0.30
2023-06-17 14:28:10,819 [main] INFO  upgrade.AbstractLayoutVersionManager (AbstractLayoutVersionManager.java:init(83)) - Initializing Layout version manager with metadata layout = HADOOP_PRC_PORTS_IN_DATANODEDETAILS (version = 7), software layout = HADOOP_PRC_PORTS_IN_DATANODEDETAILS (version = 7)
2023-06-17 14:28:10,820 [main] INFO  statemachine.DatanodeStateMachine (DatanodeStateMachine.java:getEndPointTaskThreadPoolSize(279)) - Datanode State Machine Task Thread Pool size 2
2023-06-17 14:28:10,822 [main] INFO  volume.HddsVolume (HddsVolume.java:<init>(130)) - Creating HddsVolume: /home/runner/work/ozone/ozone/hadoop-ozone/integration-test/target/test-dir/MiniOzoneClusterImpl-8d772b0e-b617-4196-a398-7a8a47ee7084/datanode-2/data-0/containers/hdds of storage type : DISK capacity : 9223372036854775807
2023-06-17 14:28:10,822 [main] INFO  volume.MutableVolumeSet (MutableVolumeSet.java:initializeVolumeSet(175)) - Added Volume : /home/runner/work/ozone/ozone/hadoop-ozone/integration-test/target/test-dir/MiniOzoneClusterImpl-8d772b0e-b617-4196-a398-7a8a47ee7084/datanode-2/data-0/containers/hdds to VolumeSet
2023-06-17 14:28:10,823 [main] INFO  volume.ThrottledAsyncChecker (ThrottledAsyncChecker.java:schedule(141)) - Scheduling a check for /home/runner/work/ozone/ozone/hadoop-ozone/integration-test/target/test-dir/MiniOzoneClusterImpl-8d772b0e-b617-4196-a398-7a8a47ee7084/datanode-2/data-0/containers/hdds
2023-06-17 14:28:10,827 [main] INFO  volume.StorageVolumeChecker (StorageVolumeChecker.java:checkAllVolumes(202)) - Scheduled health check for volume /home/runner/work/ozone/ozone/hadoop-ozone/integration-test/target/test-dir/MiniOzoneClusterImpl-8d772b0e-b617-4196-a398-7a8a47ee7084/datanode-2/data-0/containers/hdds
2023-06-17 14:28:10,841 [main] INFO  volume.MutableVolumeSet (MutableVolumeSet.java:initializeVolumeSet(175)) - Added Volume : /home/runner/work/ozone/ozone/hadoop-ozone/integration-test/target/test-dir/MiniOzoneClusterImpl-8d772b0e-b617-4196-a398-7a8a47ee7084/datanode-2/data/ratis to VolumeSet
2023-06-17 14:28:10,841 [main] INFO  volume.ThrottledAsyncChecker (ThrottledAsyncChecker.java:schedule(141)) - Scheduling a check for /home/runner/work/ozone/ozone/hadoop-ozone/integration-test/target/test-dir/MiniOzoneClusterImpl-8d772b0e-b617-4196-a398-7a8a47ee7084/datanode-2/data/ratis
2023-06-17 14:28:10,841 [main] INFO  volume.StorageVolumeChecker (StorageVolumeChecker.java:checkAllVolumes(202)) - Scheduled health check for volume /home/runner/work/ozone/ozone/hadoop-ozone/integration-test/target/test-dir/MiniOzoneClusterImpl-8d772b0e-b617-4196-a398-7a8a47ee7084/datanode-2/data/ratis
2023-06-17 14:28:10,853 [Thread-1927] INFO  ozoneimpl.ContainerReader (ContainerReader.java:readVolume(175)) - Finish verifying containers on volume /home/runner/work/ozone/ozone/hadoop-ozone/integration-test/target/test-dir/MiniOzoneClusterImpl-8d772b0e-b617-4196-a398-7a8a47ee7084/datanode-2/data-0/containers/hdds
2023-06-17 14:28:10,853 [main] INFO  ozoneimpl.OzoneContainer (OzoneContainer.java:buildContainerSet(316)) - Build ContainerSet costs 0s
2023-06-17 14:28:10,858 [main] INFO  server.RaftServer (ConfUtils.java:logGet(46)) - raft.rpc.type = GRPC (default)
2023-06-17 14:28:10,858 [main] INFO  grpc.GrpcConfigKeys (ConfUtils.java:logFallback(53)) - raft.grpc.admin.host = null (fallback to raft.grpc.server.host)
2023-06-17 14:28:10,858 [main] INFO  grpc.GrpcConfigKeys (ConfUtils.java:logGet(46)) - raft.grpc.admin.port = 15101 (custom)
2023-06-17 14:28:10,858 [main] INFO  grpc.GrpcConfigKeys (ConfUtils.java:logFallback(53)) - raft.grpc.client.host = null (fallback to raft.grpc.server.host)
2023-06-17 14:28:10,858 [main] INFO  grpc.GrpcConfigKeys (ConfUtils.java:logGet(46)) - raft.grpc.client.port = 15100 (custom)
2023-06-17 14:28:10,859 [main] INFO  grpc.GrpcConfigKeys (ConfUtils.java:logGet(46)) - raft.grpc.server.host = null (default)
2023-06-17 14:28:10,859 [main] INFO  grpc.GrpcConfigKeys (ConfUtils.java:logGet(46)) - raft.grpc.server.port = 15102 (custom)
2023-06-17 14:28:10,859 [main] INFO  server.GrpcService (ConfUtils.java:logGet(46)) - raft.grpc.message.size.max = 32MB (=33554432) (custom)
2023-06-17 14:28:10,859 [main] INFO  server.RaftServerConfigKeys (ConfUtils.java:logGet(46)) - raft.server.log.appender.buffer.byte-limit = 33554432 (custom)
2023-06-17 14:28:10,859 [main] INFO  server.GrpcService (ConfUtils.java:logGet(46)) - raft.grpc.flow.control.window = 5MB (=5242880) (custom)
2023-06-17 14:28:10,859 [main] INFO  server.RaftServerConfigKeys (ConfUtils.java:logGet(46)) - raft.server.rpc.request.timeout = 60s (custom)
2023-06-17 14:28:10,859 [main] INFO  grpc.GrpcConfigKeys (ConfUtils.java:logGet(46)) - raft.grpc.server.heartbeat.channel = true (default)
2023-06-17 14:28:10,859 [main] INFO  grpc.GrpcConfigKeys (ConfUtils.java:logGet(46)) - raft.grpc.server.async.request.thread.pool.cached = true (default)
2023-06-17 14:28:10,860 [main] INFO  grpc.GrpcConfigKeys (ConfUtils.java:logGet(46)) - raft.grpc.server.async.request.thread.pool.size = 32 (default)
2023-06-17 14:28:10,862 [main] INFO  impl.DataStreamServerImpl (ConfUtils.java:logGet(46)) - raft.datastream.type = NETTY (custom)
2023-06-17 14:28:10,863 [main] INFO  server.RaftServerConfigKeys (ConfUtils.java:logGet(46)) - raft.server.data-stream.async.request.thread.pool.cached = false (default)
2023-06-17 14:28:10,863 [main] INFO  server.RaftServerConfigKeys (ConfUtils.java:logGet(46)) - raft.server.data-stream.async.request.thread.pool.size = 20 (custom)
2023-06-17 14:28:10,863 [main] INFO  server.RaftServerConfigKeys (ConfUtils.java:logGet(46)) - raft.server.data-stream.async.write.thread.pool.size = 16 (default)
2023-06-17 14:28:10,866 [main] INFO  server.RaftServerConfigKeys (ConfUtils.java:logGet(46)) - raft.server.data-stream.client.pool.size = 10 (default)
2023-06-17 14:28:10,866 [main] INFO  netty.NettyConfigKeys$DataStream (ConfUtils.java:logGet(46)) - raft.netty.dataStream.server.use-epoll = false (default)
2023-06-17 14:28:10,867 [main] INFO  netty.NettyConfigKeys$DataStream (ConfUtils.java:logGet(46)) - raft.netty.dataStream.server.boss-group.size = 0 (default)
2023-06-17 14:28:10,868 [main] INFO  netty.NettyConfigKeys$DataStream (ConfUtils.java:logGet(46)) - raft.netty.dataStream.server.worker-group.size = 0 (default)
2023-06-17 14:28:10,869 [main] INFO  netty.NettyConfigKeys$DataStream (ConfUtils.java:logGet(46)) - raft.netty.dataStream.server.tls.conf = null (default)
2023-06-17 14:28:10,870 [main] INFO  netty.NettyConfigKeys$DataStream (ConfUtils.java:logGet(46)) - raft.netty.dataStream.host = null (default)
2023-06-17 14:28:10,870 [main] INFO  netty.NettyConfigKeys$DataStream (ConfUtils.java:logGet(46)) - raft.netty.dataStream.port = 15103 (custom)
2023-06-17 14:28:10,873 [077cb259-20d2-413a-a89a-37aebebbc151-NettyServerStreamRpc-bossGroup--thread1] INFO  logging.LoggingHandler (AbstractInternalLogger.java:log(148)) - [id: 0x619a338c] REGISTERED
2023-06-17 14:28:10,874 [077cb259-20d2-413a-a89a-37aebebbc151-NettyServerStreamRpc-bossGroup--thread1] INFO  logging.LoggingHandler (AbstractInternalLogger.java:log(148)) - [id: 0x619a338c] BIND: 0.0.0.0/0.0.0.0:15103
2023-06-17 14:28:10,874 [077cb259-20d2-413a-a89a-37aebebbc151-NettyServerStreamRpc-bossGroup--thread1] INFO  logging.LoggingHandler (AbstractInternalLogger.java:log(148)) - [id: 0x619a338c, L:/0:0:0:0:0:0:0:0:15103] ACTIVE
2023-06-17 14:28:10,874 [main] INFO  server.RaftServerConfigKeys (ConfUtils.java:logGet(46)) - raft.server.threadpool.proxy.cached = true (default)
2023-06-17 14:28:10,875 [main] INFO  server.RaftServerConfigKeys (ConfUtils.java:logGet(46)) - raft.server.threadpool.proxy.size = 0 (default)
2023-06-17 14:28:10,876 [main] INFO  server.RaftServerConfigKeys (ConfUtils.java:logGet(46)) - raft.server.rpc.slowness.timeout = 300s (custom)
2023-06-17 14:28:10,876 [main] INFO  server.RaftServerConfigKeys (ConfUtils.java:logGet(46)) - raft.server.leaderelection.leader.step-down.wait-time = 10s (default)
2023-06-17 14:28:10,876 [main] INFO  server.RaftServerConfigKeys (ConfUtils.java:logGet(46)) - raft.server.storage.dir = [/home/runner/work/ozone/ozone/hadoop-ozone/integration-test/target/test-dir/MiniOzoneClusterImpl-8d772b0e-b617-4196-a398-7a8a47ee7084/datanode-2/data/ratis] (custom)
2023-06-17 14:28:10,878 [main] INFO  server.XceiverServerGrpc (XceiverServerGrpc.java:<init>(132)) - GrpcServer channel type EpollServerSocketChannel
2023-06-17 14:28:10,880 [main] INFO  replication.ReplicationSupervisor (ReplicationSupervisor.java:nodeStateUpdated(305)) - Node state updated to IN_SERVICE, scaling executor pool size to 10
2023-06-17 14:28:10,882 [main] INFO  http.BaseHttpServer (BaseHttpServer.java:newHttpServer2BuilderForOzone(224)) - Starting Web-server for hddsDatanode at: http://0.0.0.0:15097
2023-06-17 14:28:10,883 [main] INFO  http.BaseHttpServer (BaseHttpServer.java:<init>(111)) - Hadoop Security Enabled: false Ozone Security Enabled: false Ozone HTTP Security Enabled: false 
2023-06-17 14:28:10,884 [main] WARN  server.AuthenticationFilter (AuthenticationFilter.java:constructSecretProvider(240)) - Unable to initialize FileSignerSecretProvider, falling back to use random secrets. Reason: Could not read signature secret file: /home/runner/hadoop-http-auth-signature-secret
2023-06-17 14:28:10,885 [main] INFO  http.HttpRequestLog (HttpRequestLog.java:getRequestLog(86)) - Http request log for http.requests.hddsDatanode is not defined
2023-06-17 14:28:10,886 [main] INFO  http.HttpServer2 (HttpServer2.java:addGlobalFilter(1031)) - Added global filter 'safety' (class=org.apache.hadoop.hdds.server.http.HttpServer2$QuotingInputFilter)
2023-06-17 14:28:10,887 [main] INFO  http.HttpServer2 (HttpServer2.java:addFilter(1007)) - Added filter static_user_filter (class=org.apache.hadoop.http.lib.StaticUserWebFilter$StaticUserFilter) to context hddsDatanode
2023-06-17 14:28:10,887 [main] INFO  http.HttpServer2 (HttpServer2.java:addFilter(1015)) - Added filter static_user_filter (class=org.apache.hadoop.http.lib.StaticUserWebFilter$StaticUserFilter) to context static
2023-06-17 14:28:10,887 [main] INFO  http.HttpServer2 (HttpServer2.java:addFilter(1015)) - Added filter static_user_filter (class=org.apache.hadoop.http.lib.StaticUserWebFilter$StaticUserFilter) to context logs
2023-06-17 14:28:10,888 [main] INFO  http.BaseHttpServer (BaseHttpServer.java:<init>(190)) - HTTP server of hddsDatanode uses base directory /home/runner/work/ozone/ozone/hadoop-ozone/integration-test/target/test-dir/MiniOzoneClusterImpl-8d772b0e-b617-4196-a398-7a8a47ee7084/datanode-2/meta/webserver
2023-06-17 14:28:10,888 [main] INFO  http.HttpServer2 (HttpServer2.java:bindListener(1250)) - Jetty bound to port 15097
2023-06-17 14:28:10,888 [main] INFO  server.Server (Server.java:doStart(375)) - jetty-9.4.51.v20230217; built: 2023-02-17T08:19:37.309Z; git: b45c405e4544384de066f814ed42ae3dceacdd49; jvm 1.8.0_372-b07
2023-06-17 14:28:10,893 [main] INFO  server.session (DefaultSessionIdManager.java:doStart(334)) - DefaultSessionIdManager workerName=node0
2023-06-17 14:28:10,893 [main] INFO  server.session (DefaultSessionIdManager.java:doStart(339)) - No SessionScavenger set, using defaults
2023-06-17 14:28:10,893 [main] INFO  server.session (HouseKeeper.java:startScavenging(132)) - node0 Scavenging every 600000ms
2023-06-17 14:28:10,894 [main] INFO  handler.ContextHandler (ContextHandler.java:doStart(921)) - Started o.e.j.s.ServletContextHandler@47d91a2d{logs,/logs,file:///home/runner/work/ozone/ozone/hadoop-ozone/integration-test/target/log,AVAILABLE}
2023-06-17 14:28:10,894 [main] INFO  handler.ContextHandler (ContextHandler.java:doStart(921)) - Started o.e.j.s.ServletContextHandler@11a44b24{static,/static,jar:file:/home/runner/.m2/repository/org/apache/ozone/hdds-container-service/1.4.0-SNAPSHOT/hdds-container-service-1.4.0-SNAPSHOT.jar!/webapps/static,AVAILABLE}
2023-06-17 14:28:11,094 [main] INFO  handler.ContextHandler (ContextHandler.java:doStart(921)) - Started o.e.j.w.WebAppContext@407d9fcd{hddsDatanode,/,file:///home/runner/work/ozone/ozone/hadoop-ozone/integration-test/target/test-dir/MiniOzoneClusterImpl-8d772b0e-b617-4196-a398-7a8a47ee7084/datanode-2/meta/webserver/jetty-0_0_0_0-15097-hdds-container-service-1_4_0-SNAPSHOT_jar-_-any-8455990715069673652/webapp/,AVAILABLE}{jar:file:/home/runner/.m2/repository/org/apache/ozone/hdds-container-service/1.4.0-SNAPSHOT/hdds-container-service-1.4.0-SNAPSHOT.jar!/webapps/hddsDatanode}
2023-06-17 14:28:11,096 [main] INFO  server.AbstractConnector (AbstractConnector.java:doStart(333)) - Started ServerConnector@6e28f079{HTTP/1.1, (http/1.1)}{0.0.0.0:15097}
2023-06-17 14:28:11,097 [main] INFO  server.Server (Server.java:doStart(415)) - Started @226458ms
2023-06-17 14:28:11,097 [main] WARN  impl.MetricsSystemImpl (MetricsSystemImpl.java:register(279)) - Sink prometheus already exists!
2023-06-17 14:28:11,099 [main] INFO  http.BaseHttpServer (BaseHttpServer.java:updateConnectorAddress(344)) - HTTP server of hddsDatanode listening at http://0.0.0.0:15097
2023-06-17 14:28:11,099 [main] INFO  ipc.CallQueueManager (CallQueueManager.java:<init>(90)) - Using callQueue: class java.util.concurrent.LinkedBlockingQueue, queueCapacity: 100, scheduler: class org.apache.hadoop.ipc.DefaultRpcScheduler, ipcBackoff: false.
2023-06-17 14:28:11,100 [Socket Reader #1 for port 15098] INFO  ipc.Server (Server.java:run(1319)) - Starting Socket Reader #1 for port 15098
2023-06-17 14:28:11,106 [Listener at 0.0.0.0/15098] INFO  hdds.HddsUtils (HddsUtils.java:preserveThreadName(848)) - Restoring thread name: main
2023-06-17 14:28:11,107 [main] INFO  ozone.HddsDatanodeService (HddsDatanodeService.java:start(344)) - Datanode start with admins: [runner]
2023-06-17 14:28:11,107 [main] INFO  ozone.HddsDatanodeClientProtocolServer (HddsDatanodeClientProtocolServer.java:start(72)) - RPC server for Client /0.0.0.0:15098
2023-06-17 14:28:11,108 [IPC Server Responder] INFO  ipc.Server (Server.java:run(1558)) - IPC Server Responder: starting
2023-06-17 14:28:11,108 [IPC Server listener on 15098] INFO  ipc.Server (Server.java:run(1398)) - IPC Server listener on 15098: starting
2023-06-17 14:28:11,110 [Datanode State Machine Daemon Thread] INFO  statemachine.DatanodeStateMachine (DatanodeStateMachine.java:lambda$startDaemon$0(531)) - Ozone container server started.
2023-06-17 14:28:11,111 [main] INFO  ozone.MiniOzoneClusterImpl (MiniOzoneClusterImpl.java:lambda$waitForClusterToBeReady$0(224)) - Waiting for nodes to be ready. Got 0 of 3 DN Heartbeats.
2023-06-17 14:28:11,111 [main] INFO  ozone.MiniOzoneClusterImpl (MiniOzoneClusterImpl.java:lambda$waitForClusterToBeReady$0(227)) - Waiting for cluster to exit safe mode
2023-06-17 14:28:11,111 [main] INFO  ozone.MiniOzoneClusterImpl (MiniOzoneClusterImpl.java:lambda$waitForClusterToBeReady$0(229)) - SCM became leader
2023-06-17 14:28:11,115 [Datanode State Machine Task Thread - 0] INFO  datanode.InitDatanodeState (InitDatanodeState.java:persistContainerDatanodeDetails(138)) - DatanodeDetails is persisted to /home/runner/work/ozone/ozone/hadoop-ozone/integration-test/target/test-dir/MiniOzoneClusterImpl-8d772b0e-b617-4196-a398-7a8a47ee7084/datanode-2/meta/datanode.id
2023-06-17 14:28:11,263 [om1@group-C5BA1605619E-FollowerState] INFO  impl.FollowerState (FollowerState.java:run(143)) - om1@group-C5BA1605619E-FollowerState: change to CANDIDATE, lastRpcElapsedTime:1187876531ns, electionTimeout:1186ms
2023-06-17 14:28:11,264 [om1@group-C5BA1605619E-FollowerState] INFO  impl.RoleInfo (RoleInfo.java:shutdownFollowerState(110)) - om1: shutdown om1@group-C5BA1605619E-FollowerState
2023-06-17 14:28:11,264 [om1@group-C5BA1605619E-FollowerState] INFO  server.RaftServer$Division (RaftServerImpl.java:setRole(329)) - om1@group-C5BA1605619E: changes role from  FOLLOWER to CANDIDATE at term 0 for changeToCandidate
2023-06-17 14:28:11,264 [om1@group-C5BA1605619E-FollowerState] INFO  server.RaftServerConfigKeys (ConfUtils.java:logGet(46)) - raft.server.leaderelection.pre-vote = true (default)
2023-06-17 14:28:11,264 [om1@group-C5BA1605619E-FollowerState] INFO  impl.RoleInfo (RoleInfo.java:updateAndGet(139)) - om1: start om1@group-C5BA1605619E-LeaderElection15
2023-06-17 14:28:11,271 [om1@group-C5BA1605619E-LeaderElection15] INFO  impl.LeaderElection (LeaderElection.java:askForVotes(321)) - om1@group-C5BA1605619E-LeaderElection15 PRE_VOTE round 0: submit vote requests at term 0 for -1: peers:[om1|rpc:localhost:15077|priority:0|startupRole:FOLLOWER]|listeners:[], old=null
2023-06-17 14:28:11,271 [om1@group-C5BA1605619E-LeaderElection15] INFO  impl.LeaderElection (LeaderElection.java:askForVotes(323)) - om1@group-C5BA1605619E-LeaderElection15 PRE_VOTE round 0: result PASSED (term=0)
2023-06-17 14:28:11,274 [om1@group-C5BA1605619E-LeaderElection15] INFO  impl.LeaderElection (LeaderElection.java:askForVotes(321)) - om1@group-C5BA1605619E-LeaderElection15 ELECTION round 0: submit vote requests at term 1 for -1: peers:[om1|rpc:localhost:15077|priority:0|startupRole:FOLLOWER]|listeners:[], old=null
2023-06-17 14:28:11,274 [om1@group-C5BA1605619E-LeaderElection15] INFO  impl.LeaderElection (LeaderElection.java:askForVotes(323)) - om1@group-C5BA1605619E-LeaderElection15 ELECTION round 0: result PASSED (term=1)
2023-06-17 14:28:11,274 [om1@group-C5BA1605619E-LeaderElection15] INFO  impl.RoleInfo (RoleInfo.java:shutdownLeaderElection(130)) - om1: shutdown om1@group-C5BA1605619E-LeaderElection15
2023-06-17 14:28:11,274 [om1@group-C5BA1605619E-LeaderElection15] INFO  server.RaftServer$Division (RaftServerImpl.java:setRole(329)) - om1@group-C5BA1605619E: changes role from CANDIDATE to LEADER at term 1 for changeToLeader
2023-06-17 14:28:11,275 [om1@group-C5BA1605619E-LeaderElection15] INFO  server.RaftServer$Division (ServerState.java:setLeader(317)) - om1@group-C5BA1605619E: change Leader from null to om1 at term 1 for becomeLeader, leader elected after 1577ms
2023-06-17 14:28:11,275 [om1@group-C5BA1605619E-LeaderElection15] INFO  server.RaftServerConfigKeys (ConfUtils.java:logGet(46)) - raft.server.staging.catchup.gap = 1000 (default)
2023-06-17 14:28:11,275 [om1@group-C5BA1605619E-LeaderElection15] INFO  server.RaftServerConfigKeys (ConfUtils.java:logGet(46)) - raft.server.write.element-limit = 4096 (default)
2023-06-17 14:28:11,275 [om1@group-C5BA1605619E-LeaderElection15] INFO  server.RaftServerConfigKeys (ConfUtils.java:logGet(46)) - raft.server.write.byte-limit = 64MB (=67108864) (default)
2023-06-17 14:28:11,275 [om1@group-C5BA1605619E-LeaderElection15] INFO  server.RaftServerConfigKeys (ConfUtils.java:logGet(46)) - raft.server.watch.timeout = 10s (default)
2023-06-17 14:28:11,275 [om1@group-C5BA1605619E-LeaderElection15] INFO  server.RaftServerConfigKeys (ConfUtils.java:logGet(46)) - raft.server.watch.timeout.denomination = 1s (default)
2023-06-17 14:28:11,275 [om1@group-C5BA1605619E-LeaderElection15] INFO  server.RaftServerConfigKeys (ConfUtils.java:logGet(46)) - raft.server.watch.element-limit = 65536 (default)
2023-06-17 14:28:11,275 [om1@group-C5BA1605619E-LeaderElection15] INFO  server.RaftServerConfigKeys (ConfUtils.java:logGet(46)) - raft.server.write.element-limit = 4096 (default)
2023-06-17 14:28:11,275 [om1@group-C5BA1605619E-LeaderElection15] INFO  server.RaftServerConfigKeys (ConfUtils.java:logGet(46)) - raft.server.write.follower.gap.ratio.max = -1.0 (default)
2023-06-17 14:28:11,276 [om1@group-C5BA1605619E-LeaderElection15] INFO  impl.RoleInfo (RoleInfo.java:updateAndGet(139)) - om1: start om1@group-C5BA1605619E-LeaderStateImpl
2023-06-17 14:28:11,276 [om1@group-C5BA1605619E-LeaderElection15] INFO  segmented.SegmentedRaftLogWorker (SegmentedRaftLogWorker.java:startLogSegment(447)) - om1@group-C5BA1605619E-SegmentedRaftLogWorker: Starting segment from index:0
2023-06-17 14:28:11,289 [om1@group-C5BA1605619E-LeaderElection15] INFO  server.RaftServer$Division (ServerState.java:setRaftConf(434)) - om1@group-C5BA1605619E: set configuration 0: peers:[om1|rpc:localhost:15077|admin:|client:|dataStream:|priority:0|startupRole:FOLLOWER]|listeners:[], old=null
2023-06-17 14:28:11,290 [om1@group-C5BA1605619E-SegmentedRaftLogWorker] INFO  segmented.SegmentedRaftLogWorker (SegmentedRaftLogWorker.java:execute(651)) - om1@group-C5BA1605619E-SegmentedRaftLogWorker: created new log segment /home/runner/work/ozone/ozone/hadoop-ozone/integration-test/target/test-dir/MiniOzoneClusterImpl-8d772b0e-b617-4196-a398-7a8a47ee7084/ozone-meta/ratis/bf265839-605b-3f16-9796-c5ba1605619e/current/log_inprogress_0
2023-06-17 14:28:11,291 [om1@group-C5BA1605619E-StateMachineUpdater] INFO  ratis.OzoneManagerStateMachine (OzoneManagerStateMachine.java:notifyConfigurationChanged(201)) - Received Configuration change notification from Ratis. New Peer list:
[id: "om1"
address: "localhost:15077"
startupRole: FOLLOWER
]
2023-06-17 14:28:12,111 [main] INFO  ozone.MiniOzoneClusterImpl (MiniOzoneClusterImpl.java:lambda$waitForClusterToBeReady$0(224)) - Waiting for nodes to be ready. Got 0 of 3 DN Heartbeats.
2023-06-17 14:28:12,112 [main] INFO  ozone.MiniOzoneClusterImpl (MiniOzoneClusterImpl.java:lambda$waitForClusterToBeReady$0(227)) - Waiting for cluster to exit safe mode
2023-06-17 14:28:12,112 [main] INFO  ozone.MiniOzoneClusterImpl (MiniOzoneClusterImpl.java:lambda$waitForClusterToBeReady$0(229)) - SCM became leader
2023-06-17 14:28:12,517 [EndpointStateMachine task thread for /0.0.0.0:15072 - 0 ] INFO  utils.DatanodeStoreCache (DatanodeStoreCache.java:addDB(66)) - Added db /home/runner/work/ozone/ozone/hadoop-ozone/integration-test/target/test-dir/MiniOzoneClusterImpl-8d772b0e-b617-4196-a398-7a8a47ee7084/datanode-0/data-0/containers/hdds/8d772b0e-b617-4196-a398-7a8a47ee7084/DS-a4154b1d-978d-44e6-93a1-e82a28df0f5d/container.db to cache
2023-06-17 14:28:12,517 [EndpointStateMachine task thread for /0.0.0.0:15072 - 0 ] INFO  volume.HddsVolume (HddsVolume.java:createDbStore(350)) - SchemaV3 db is created and loaded at /home/runner/work/ozone/ozone/hadoop-ozone/integration-test/target/test-dir/MiniOzoneClusterImpl-8d772b0e-b617-4196-a398-7a8a47ee7084/datanode-0/data-0/containers/hdds/8d772b0e-b617-4196-a398-7a8a47ee7084/DS-a4154b1d-978d-44e6-93a1-e82a28df0f5d/container.db for volume DS-a4154b1d-978d-44e6-93a1-e82a28df0f5d
2023-06-17 14:28:12,518 [EndpointStateMachine task thread for /0.0.0.0:15072 - 0 ] INFO  ozoneimpl.OzoneContainer (OzoneContainer.java:start(411)) - Attempting to start container services.
2023-06-17 14:28:12,518 [EndpointStateMachine task thread for /0.0.0.0:15072 - 0 ] INFO  ozoneimpl.OzoneContainer (OzoneContainer.java:startContainerScrub(327)) - Scheduled background container scanners and the on-demand container scanner have been disabled.
2023-06-17 14:28:12,521 [EndpointStateMachine task thread for /0.0.0.0:15072 - 0 ] INFO  replication.ReplicationServer (ReplicationServer.java:start(128)) - ReplicationServer is started using port 15086
2023-06-17 14:28:12,521 [EndpointStateMachine task thread for /0.0.0.0:15072 - 0 ] INFO  ratis.XceiverServerRatis (XceiverServerRatis.java:start(517)) - Starting XceiverServerRatis d8e5db2f-8a5f-4279-a0a7-2a0e2e29a318
2023-06-17 14:28:12,522 [EndpointStateMachine task thread for /0.0.0.0:15072 - 0 ] INFO  server.RaftServer (RaftServerProxy.java:startImpl(400)) - d8e5db2f-8a5f-4279-a0a7-2a0e2e29a318: start RPC server
2023-06-17 14:28:12,526 [EndpointStateMachine task thread for /0.0.0.0:15072 - 0 ] INFO  server.GrpcService (GrpcService.java:startImpl(302)) - d8e5db2f-8a5f-4279-a0a7-2a0e2e29a318: GrpcService started, listening on 15082
2023-06-17 14:28:12,529 [EndpointStateMachine task thread for /0.0.0.0:15072 - 0 ] INFO  server.GrpcService (GrpcService.java:startImpl(302)) - d8e5db2f-8a5f-4279-a0a7-2a0e2e29a318: GrpcService started, listening on 15084
2023-06-17 14:28:12,530 [EndpointStateMachine task thread for /0.0.0.0:15072 - 0 ] INFO  server.GrpcService (GrpcService.java:startImpl(302)) - d8e5db2f-8a5f-4279-a0a7-2a0e2e29a318: GrpcService started, listening on 15083
2023-06-17 14:28:12,531 [EndpointStateMachine task thread for /0.0.0.0:15072 - 0 ] INFO  ratis.XceiverServerRatis (XceiverServerRatis.java:getRealPort(543)) - XceiverServerRatis d8e5db2f-8a5f-4279-a0a7-2a0e2e29a318 is started using port 15082 for RATIS
2023-06-17 14:28:12,531 [EndpointStateMachine task thread for /0.0.0.0:15072 - 0 ] INFO  ratis.XceiverServerRatis (XceiverServerRatis.java:getRealPort(543)) - XceiverServerRatis d8e5db2f-8a5f-4279-a0a7-2a0e2e29a318 is started using port 15083 for RATIS_ADMIN
2023-06-17 14:28:12,531 [EndpointStateMachine task thread for /0.0.0.0:15072 - 0 ] INFO  ratis.XceiverServerRatis (XceiverServerRatis.java:getRealPort(543)) - XceiverServerRatis d8e5db2f-8a5f-4279-a0a7-2a0e2e29a318 is started using port 15084 for RATIS_SERVER
2023-06-17 14:28:12,531 [EndpointStateMachine task thread for /0.0.0.0:15072 - 0 ] INFO  ratis.XceiverServerRatis (XceiverServerRatis.java:getRealPort(543)) - XceiverServerRatis d8e5db2f-8a5f-4279-a0a7-2a0e2e29a318 is started using port 15085 for RATIS_DATASTREAM
2023-06-17 14:28:12,531 [JvmPauseMonitor12] INFO  util.JvmPauseMonitor (JvmPauseMonitor.java:run(103)) - JvmPauseMonitor-d8e5db2f-8a5f-4279-a0a7-2a0e2e29a318: Started
2023-06-17 14:28:12,548 [BlockDeletingService#0] INFO  interfaces.ContainerDeletionChoosingPolicyTemplate (ContainerDeletionChoosingPolicyTemplate.java:chooseContainerForBlockDeletion(83)) - Chosen 0/5000 blocks from 0 candidate containers.
2023-06-17 14:28:12,828 [EndpointStateMachine task thread for /0.0.0.0:15072 - 0 ] INFO  utils.DatanodeStoreCache (DatanodeStoreCache.java:addDB(66)) - Added db /home/runner/work/ozone/ozone/hadoop-ozone/integration-test/target/test-dir/MiniOzoneClusterImpl-8d772b0e-b617-4196-a398-7a8a47ee7084/datanode-1/data-0/containers/hdds/8d772b0e-b617-4196-a398-7a8a47ee7084/DS-cbfed412-f049-4f4f-ae80-293180acecb4/container.db to cache
2023-06-17 14:28:12,828 [EndpointStateMachine task thread for /0.0.0.0:15072 - 0 ] INFO  volume.HddsVolume (HddsVolume.java:createDbStore(350)) - SchemaV3 db is created and loaded at /home/runner/work/ozone/ozone/hadoop-ozone/integration-test/target/test-dir/MiniOzoneClusterImpl-8d772b0e-b617-4196-a398-7a8a47ee7084/datanode-1/data-0/containers/hdds/8d772b0e-b617-4196-a398-7a8a47ee7084/DS-cbfed412-f049-4f4f-ae80-293180acecb4/container.db for volume DS-cbfed412-f049-4f4f-ae80-293180acecb4
2023-06-17 14:28:12,828 [EndpointStateMachine task thread for /0.0.0.0:15072 - 0 ] INFO  ozoneimpl.OzoneContainer (OzoneContainer.java:start(411)) - Attempting to start container services.
2023-06-17 14:28:12,828 [EndpointStateMachine task thread for /0.0.0.0:15072 - 0 ] INFO  ozoneimpl.OzoneContainer (OzoneContainer.java:startContainerScrub(327)) - Scheduled background container scanners and the on-demand container scanner have been disabled.
2023-06-17 14:28:12,835 [EndpointStateMachine task thread for /0.0.0.0:15072 - 0 ] INFO  replication.ReplicationServer (ReplicationServer.java:start(128)) - ReplicationServer is started using port 15095
2023-06-17 14:28:12,835 [EndpointStateMachine task thread for /0.0.0.0:15072 - 0 ] INFO  ratis.XceiverServerRatis (XceiverServerRatis.java:start(517)) - Starting XceiverServerRatis 47048eaa-a072-4fd8-9d87-63c2f7da8b3d
2023-06-17 14:28:12,837 [EndpointStateMachine task thread for /0.0.0.0:15072 - 0 ] INFO  server.RaftServer (RaftServerProxy.java:startImpl(400)) - 47048eaa-a072-4fd8-9d87-63c2f7da8b3d: start RPC server
2023-06-17 14:28:12,839 [EndpointStateMachine task thread for /0.0.0.0:15072 - 0 ] INFO  server.GrpcService (GrpcService.java:startImpl(302)) - 47048eaa-a072-4fd8-9d87-63c2f7da8b3d: GrpcService started, listening on 15091
2023-06-17 14:28:12,840 [EndpointStateMachine task thread for /0.0.0.0:15072 - 0 ] INFO  server.GrpcService (GrpcService.java:startImpl(302)) - 47048eaa-a072-4fd8-9d87-63c2f7da8b3d: GrpcService started, listening on 15093
2023-06-17 14:28:12,843 [EndpointStateMachine task thread for /0.0.0.0:15072 - 0 ] INFO  server.GrpcService (GrpcService.java:startImpl(302)) - 47048eaa-a072-4fd8-9d87-63c2f7da8b3d: GrpcService started, listening on 15092
2023-06-17 14:28:12,844 [EndpointStateMachine task thread for /0.0.0.0:15072 - 0 ] INFO  ratis.XceiverServerRatis (XceiverServerRatis.java:getRealPort(543)) - XceiverServerRatis 47048eaa-a072-4fd8-9d87-63c2f7da8b3d is started using port 15091 for RATIS
2023-06-17 14:28:12,844 [EndpointStateMachine task thread for /0.0.0.0:15072 - 0 ] INFO  ratis.XceiverServerRatis (XceiverServerRatis.java:getRealPort(543)) - XceiverServerRatis 47048eaa-a072-4fd8-9d87-63c2f7da8b3d is started using port 15092 for RATIS_ADMIN
2023-06-17 14:28:12,844 [JvmPauseMonitor13] INFO  util.JvmPauseMonitor (JvmPauseMonitor.java:run(103)) - JvmPauseMonitor-47048eaa-a072-4fd8-9d87-63c2f7da8b3d: Started
2023-06-17 14:28:12,844 [EndpointStateMachine task thread for /0.0.0.0:15072 - 0 ] INFO  ratis.XceiverServerRatis (XceiverServerRatis.java:getRealPort(543)) - XceiverServerRatis 47048eaa-a072-4fd8-9d87-63c2f7da8b3d is started using port 15093 for RATIS_SERVER
2023-06-17 14:28:12,844 [EndpointStateMachine task thread for /0.0.0.0:15072 - 0 ] INFO  ratis.XceiverServerRatis (XceiverServerRatis.java:getRealPort(543)) - XceiverServerRatis 47048eaa-a072-4fd8-9d87-63c2f7da8b3d is started using port 15094 for RATIS_DATASTREAM
2023-06-17 14:28:12,849 [BlockDeletingService#0] INFO  interfaces.ContainerDeletionChoosingPolicyTemplate (ContainerDeletionChoosingPolicyTemplate.java:chooseContainerForBlockDeletion(83)) - Chosen 0/5000 blocks from 0 candidate containers.
2023-06-17 14:28:13,112 [main] INFO  ozone.MiniOzoneClusterImpl (MiniOzoneClusterImpl.java:lambda$waitForClusterToBeReady$0(224)) - Waiting for nodes to be ready. Got 0 of 3 DN Heartbeats.
2023-06-17 14:28:13,113 [main] INFO  ozone.MiniOzoneClusterImpl (MiniOzoneClusterImpl.java:lambda$waitForClusterToBeReady$0(227)) - Waiting for cluster to exit safe mode
2023-06-17 14:28:13,113 [main] INFO  ozone.MiniOzoneClusterImpl (MiniOzoneClusterImpl.java:lambda$waitForClusterToBeReady$0(229)) - SCM became leader
2023-06-17 14:28:13,156 [EndpointStateMachine task thread for /0.0.0.0:15072 - 0 ] INFO  utils.DatanodeStoreCache (DatanodeStoreCache.java:addDB(66)) - Added db /home/runner/work/ozone/ozone/hadoop-ozone/integration-test/target/test-dir/MiniOzoneClusterImpl-8d772b0e-b617-4196-a398-7a8a47ee7084/datanode-2/data-0/containers/hdds/8d772b0e-b617-4196-a398-7a8a47ee7084/DS-a5d69628-a747-4498-8155-5b2fcfa22db6/container.db to cache
2023-06-17 14:28:13,156 [EndpointStateMachine task thread for /0.0.0.0:15072 - 0 ] INFO  volume.HddsVolume (HddsVolume.java:createDbStore(350)) - SchemaV3 db is created and loaded at /home/runner/work/ozone/ozone/hadoop-ozone/integration-test/target/test-dir/MiniOzoneClusterImpl-8d772b0e-b617-4196-a398-7a8a47ee7084/datanode-2/data-0/containers/hdds/8d772b0e-b617-4196-a398-7a8a47ee7084/DS-a5d69628-a747-4498-8155-5b2fcfa22db6/container.db for volume DS-a5d69628-a747-4498-8155-5b2fcfa22db6
2023-06-17 14:28:13,156 [EndpointStateMachine task thread for /0.0.0.0:15072 - 0 ] INFO  ozoneimpl.OzoneContainer (OzoneContainer.java:start(411)) - Attempting to start container services.
2023-06-17 14:28:13,156 [EndpointStateMachine task thread for /0.0.0.0:15072 - 0 ] INFO  ozoneimpl.OzoneContainer (OzoneContainer.java:startContainerScrub(327)) - Scheduled background container scanners and the on-demand container scanner have been disabled.
2023-06-17 14:28:13,164 [EndpointStateMachine task thread for /0.0.0.0:15072 - 0 ] INFO  replication.ReplicationServer (ReplicationServer.java:start(128)) - ReplicationServer is started using port 15104
2023-06-17 14:28:13,164 [EndpointStateMachine task thread for /0.0.0.0:15072 - 0 ] INFO  ratis.XceiverServerRatis (XceiverServerRatis.java:start(517)) - Starting XceiverServerRatis 077cb259-20d2-413a-a89a-37aebebbc151
2023-06-17 14:28:13,165 [EndpointStateMachine task thread for /0.0.0.0:15072 - 0 ] INFO  server.RaftServer (RaftServerProxy.java:startImpl(400)) - 077cb259-20d2-413a-a89a-37aebebbc151: start RPC server
2023-06-17 14:28:13,170 [EndpointStateMachine task thread for /0.0.0.0:15072 - 0 ] INFO  server.GrpcService (GrpcService.java:startImpl(302)) - 077cb259-20d2-413a-a89a-37aebebbc151: GrpcService started, listening on 15100
2023-06-17 14:28:13,172 [EndpointStateMachine task thread for /0.0.0.0:15072 - 0 ] INFO  server.GrpcService (GrpcService.java:startImpl(302)) - 077cb259-20d2-413a-a89a-37aebebbc151: GrpcService started, listening on 15102
2023-06-17 14:28:13,174 [EndpointStateMachine task thread for /0.0.0.0:15072 - 0 ] INFO  server.GrpcService (GrpcService.java:startImpl(302)) - 077cb259-20d2-413a-a89a-37aebebbc151: GrpcService started, listening on 15101
2023-06-17 14:28:13,175 [EndpointStateMachine task thread for /0.0.0.0:15072 - 0 ] INFO  ratis.XceiverServerRatis (XceiverServerRatis.java:getRealPort(543)) - XceiverServerRatis 077cb259-20d2-413a-a89a-37aebebbc151 is started using port 15100 for RATIS
2023-06-17 14:28:13,175 [JvmPauseMonitor14] INFO  util.JvmPauseMonitor (JvmPauseMonitor.java:run(103)) - JvmPauseMonitor-077cb259-20d2-413a-a89a-37aebebbc151: Started
2023-06-17 14:28:13,175 [EndpointStateMachine task thread for /0.0.0.0:15072 - 0 ] INFO  ratis.XceiverServerRatis (XceiverServerRatis.java:getRealPort(543)) - XceiverServerRatis 077cb259-20d2-413a-a89a-37aebebbc151 is started using port 15101 for RATIS_ADMIN
2023-06-17 14:28:13,176 [EndpointStateMachine task thread for /0.0.0.0:15072 - 0 ] INFO  ratis.XceiverServerRatis (XceiverServerRatis.java:getRealPort(543)) - XceiverServerRatis 077cb259-20d2-413a-a89a-37aebebbc151 is started using port 15102 for RATIS_SERVER
2023-06-17 14:28:13,176 [EndpointStateMachine task thread for /0.0.0.0:15072 - 0 ] INFO  ratis.XceiverServerRatis (XceiverServerRatis.java:getRealPort(543)) - XceiverServerRatis 077cb259-20d2-413a-a89a-37aebebbc151 is started using port 15103 for RATIS_DATASTREAM
2023-06-17 14:28:13,180 [BlockDeletingService#0] INFO  interfaces.ContainerDeletionChoosingPolicyTemplate (ContainerDeletionChoosingPolicyTemplate.java:chooseContainerForBlockDeletion(83)) - Chosen 0/5000 blocks from 0 candidate containers.
2023-06-17 14:28:14,113 [main] INFO  ozone.MiniOzoneClusterImpl (MiniOzoneClusterImpl.java:lambda$waitForClusterToBeReady$0(224)) - Waiting for nodes to be ready. Got 0 of 3 DN Heartbeats.
2023-06-17 14:28:14,113 [main] INFO  ozone.MiniOzoneClusterImpl (MiniOzoneClusterImpl.java:lambda$waitForClusterToBeReady$0(227)) - Waiting for cluster to exit safe mode
2023-06-17 14:28:14,113 [main] INFO  ozone.MiniOzoneClusterImpl (MiniOzoneClusterImpl.java:lambda$waitForClusterToBeReady$0(229)) - SCM became leader
2023-06-17 14:28:14,473 [IPC Server handler 2 on default port 15072] INFO  net.NetworkTopologyImpl (NetworkTopologyImpl.java:add(112)) - Added a new node: /default-rack/d8e5db2f-8a5f-4279-a0a7-2a0e2e29a318
2023-06-17 14:28:14,473 [IPC Server handler 2 on default port 15072] INFO  node.SCMNodeManager (SCMNodeManager.java:register(406)) - Registered Data node : d8e5db2f-8a5f-4279-a0a7-2a0e2e29a318{ip: 10.1.0.30, host: fv-az1035-386.p4kjid14prhuxkk4m0x4prg4bg.cx.internal.cloudapp.net, ports: [HTTP=15079, CLIENT_RPC=15080, REPLICATION=15086, RATIS=15082, RATIS_ADMIN=15083, RATIS_SERVER=15084, RATIS_DATASTREAM=15085, STANDALONE=15081], networkLocation: /default-rack, certSerialId: null, persistedOpState: null, persistedOpStateExpiryEpochSec: 0}
2023-06-17 14:28:14,482 [EventQueue-NodeRegistrationContainerReportForDataNodeSafeModeRule] INFO  safemode.SCMSafeModeManager (DataNodeSafeModeRule.java:process(71)) - SCM in safe mode. 1 DataNodes registered, 3 required.
2023-06-17 14:28:14,483 [EventQueue-NewNodeForNewNodeHandler] INFO  pipeline.BackgroundPipelineCreator (BackgroundPipelineCreator.java:notifyEventTriggered(276)) - trigger a one-shot run on RatisPipelineUtilsThread.
2023-06-17 14:28:14,484 [EventQueue-NodeRegistrationContainerReportForContainerSafeModeRule] INFO  safemode.SCMSafeModeManager (SCMSafeModeManager.java:validateSafeModeExitRules(200)) - ContainerSafeModeRule rule is successfully validated
2023-06-17 14:28:14,484 [RatisPipelineUtilsThread - 0] INFO  pipeline.RatisPipelineProvider (RatisPipelineProvider.java:lambda$create$0(206)) - Sending CreatePipelineCommand for pipeline:PipelineID=e7b8ac2b-af7d-487a-9ec4-6ad0a22bf8e3 to datanode:d8e5db2f-8a5f-4279-a0a7-2a0e2e29a318
2023-06-17 14:28:14,500 [EventQueue-PipelineReportForOneReplicaPipelineSafeModeRule] INFO  safemode.SCMSafeModeManager (SCMSafeModeManager.java:validateSafeModeExitRules(200)) - AtleastOneDatanodeReportedRule rule is successfully validated
2023-06-17 14:28:14,501 [RatisPipelineUtilsThread - 0] INFO  pipeline.PipelineStateManagerImpl (PipelineStateManagerImpl.java:addPipeline(103)) - Created pipeline Pipeline[ Id: e7b8ac2b-af7d-487a-9ec4-6ad0a22bf8e3, Nodes: d8e5db2f-8a5f-4279-a0a7-2a0e2e29a318(fv-az1035-386.p4kjid14prhuxkk4m0x4prg4bg.cx.internal.cloudapp.net/10.1.0.30), ReplicationConfig: RATIS/ONE, State:ALLOCATED, leaderId:, CreationTimestamp2023-06-17T14:28:14.484Z[Etc/UTC]].
2023-06-17 14:28:14,795 [IPC Server handler 3 on default port 15072] INFO  net.NetworkTopologyImpl (NetworkTopologyImpl.java:add(112)) - Added a new node: /default-rack/47048eaa-a072-4fd8-9d87-63c2f7da8b3d
2023-06-17 14:28:14,795 [IPC Server handler 3 on default port 15072] INFO  node.SCMNodeManager (SCMNodeManager.java:register(406)) - Registered Data node : 47048eaa-a072-4fd8-9d87-63c2f7da8b3d{ip: 10.1.0.30, host: fv-az1035-386.p4kjid14prhuxkk4m0x4prg4bg.cx.internal.cloudapp.net, ports: [HTTP=15088, CLIENT_RPC=15089, REPLICATION=15095, RATIS=15091, RATIS_ADMIN=15092, RATIS_SERVER=15093, RATIS_DATASTREAM=15094, STANDALONE=15090], networkLocation: /default-rack, certSerialId: null, persistedOpState: null, persistedOpStateExpiryEpochSec: 0}
2023-06-17 14:28:14,797 [EventQueue-NewNodeForNewNodeHandler] INFO  pipeline.BackgroundPipelineCreator (BackgroundPipelineCreator.java:notifyEventTriggered(276)) - trigger a one-shot run on RatisPipelineUtilsThread.
2023-06-17 14:28:14,797 [EventQueue-NodeRegistrationContainerReportForDataNodeSafeModeRule] INFO  safemode.SCMSafeModeManager (DataNodeSafeModeRule.java:process(71)) - SCM in safe mode. 2 DataNodes registered, 3 required.
2023-06-17 14:28:14,797 [RatisPipelineUtilsThread - 0] INFO  pipeline.RatisPipelineProvider (RatisPipelineProvider.java:lambda$create$0(206)) - Sending CreatePipelineCommand for pipeline:PipelineID=0d507de8-ebd0-461d-9e58-d867a173262d to datanode:47048eaa-a072-4fd8-9d87-63c2f7da8b3d
2023-06-17 14:28:14,798 [RatisPipelineUtilsThread - 0] INFO  pipeline.PipelineStateManagerImpl (PipelineStateManagerImpl.java:addPipeline(103)) - Created pipeline Pipeline[ Id: 0d507de8-ebd0-461d-9e58-d867a173262d, Nodes: 47048eaa-a072-4fd8-9d87-63c2f7da8b3d(fv-az1035-386.p4kjid14prhuxkk4m0x4prg4bg.cx.internal.cloudapp.net/10.1.0.30), ReplicationConfig: RATIS/ONE, State:ALLOCATED, leaderId:, CreationTimestamp2023-06-17T14:28:14.797Z[Etc/UTC]].
2023-06-17 14:28:15,114 [main] INFO  ozone.MiniOzoneClusterImpl (MiniOzoneClusterImpl.java:lambda$waitForClusterToBeReady$0(224)) - Waiting for nodes to be ready. Got 2 of 3 DN Heartbeats.
2023-06-17 14:28:15,114 [main] INFO  ozone.MiniOzoneClusterImpl (MiniOzoneClusterImpl.java:lambda$waitForClusterToBeReady$0(227)) - Waiting for cluster to exit safe mode
2023-06-17 14:28:15,114 [main] INFO  ozone.MiniOzoneClusterImpl (MiniOzoneClusterImpl.java:lambda$waitForClusterToBeReady$0(229)) - SCM became leader
2023-06-17 14:28:15,116 [IPC Server handler 4 on default port 15072] INFO  net.NetworkTopologyImpl (NetworkTopologyImpl.java:add(112)) - Added a new node: /default-rack/077cb259-20d2-413a-a89a-37aebebbc151
2023-06-17 14:28:15,116 [IPC Server handler 4 on default port 15072] INFO  node.SCMNodeManager (SCMNodeManager.java:register(406)) - Registered Data node : 077cb259-20d2-413a-a89a-37aebebbc151{ip: 10.1.0.30, host: fv-az1035-386.p4kjid14prhuxkk4m0x4prg4bg.cx.internal.cloudapp.net, ports: [HTTP=15097, CLIENT_RPC=15098, REPLICATION=15104, RATIS=15100, RATIS_ADMIN=15101, RATIS_SERVER=15102, RATIS_DATASTREAM=15103, STANDALONE=15099], networkLocation: /default-rack, certSerialId: null, persistedOpState: null, persistedOpStateExpiryEpochSec: 0}
2023-06-17 14:28:15,118 [EventQueue-NodeRegistrationContainerReportForDataNodeSafeModeRule] INFO  safemode.SCMSafeModeManager (DataNodeSafeModeRule.java:process(71)) - SCM in safe mode. 3 DataNodes registered, 3 required.
2023-06-17 14:28:15,118 [EventQueue-NodeRegistrationContainerReportForDataNodeSafeModeRule] INFO  safemode.SCMSafeModeManager (SCMSafeModeManager.java:validateSafeModeExitRules(200)) - DataNodeSafeModeRule rule is successfully validated
2023-06-17 14:28:15,118 [EventQueue-NodeRegistrationContainerReportForDataNodeSafeModeRule] INFO  safemode.SCMSafeModeManager (SCMSafeModeManager.java:completePreCheck(229)) - All SCM safe mode pre check rules have passed
2023-06-17 14:28:15,118 [EventQueue-NodeRegistrationContainerReportForDataNodeSafeModeRule] INFO  ha.SCMContext (SCMContext.java:updateSafeModeStatus(228)) - Update SafeModeStatus from SafeModeStatus{safeModeStatus=true, preCheckPassed=false} to SafeModeStatus{safeModeStatus=true, preCheckPassed=true}.
2023-06-17 14:28:15,118 [EventQueue-NodeRegistrationContainerReportForDataNodeSafeModeRule] INFO  pipeline.BackgroundPipelineCreator (BackgroundPipelineCreator.java:notifyEventTriggered(276)) - trigger a one-shot run on RatisPipelineUtilsThread.
2023-06-17 14:28:15,118 [RatisPipelineUtilsThread - 0] INFO  pipeline.RatisPipelineProvider (RatisPipelineProvider.java:lambda$create$0(206)) - Sending CreatePipelineCommand for pipeline:PipelineID=9a7df78e-0780-44a2-b5db-1ed2ac36bd69 to datanode:077cb259-20d2-413a-a89a-37aebebbc151
2023-06-17 14:28:15,119 [RatisPipelineUtilsThread - 0] INFO  pipeline.PipelineStateManagerImpl (PipelineStateManagerImpl.java:addPipeline(103)) - Created pipeline Pipeline[ Id: 9a7df78e-0780-44a2-b5db-1ed2ac36bd69, Nodes: 077cb259-20d2-413a-a89a-37aebebbc151(fv-az1035-386.p4kjid14prhuxkk4m0x4prg4bg.cx.internal.cloudapp.net/10.1.0.30), ReplicationConfig: RATIS/ONE, State:ALLOCATED, leaderId:, CreationTimestamp2023-06-17T14:28:15.118Z[Etc/UTC]].
2023-06-17 14:28:15,120 [RatisPipelineUtilsThread - 0] INFO  pipeline.RatisPipelineProvider (RatisPipelineProvider.java:lambda$create$0(206)) - Sending CreatePipelineCommand for pipeline:PipelineID=ce281716-1701-4aca-b3c1-5cf3aa90d698 to datanode:077cb259-20d2-413a-a89a-37aebebbc151
2023-06-17 14:28:15,120 [RatisPipelineUtilsThread - 0] INFO  pipeline.RatisPipelineProvider (RatisPipelineProvider.java:lambda$create$0(206)) - Sending CreatePipelineCommand for pipeline:PipelineID=ce281716-1701-4aca-b3c1-5cf3aa90d698 to datanode:d8e5db2f-8a5f-4279-a0a7-2a0e2e29a318
2023-06-17 14:28:15,120 [RatisPipelineUtilsThread - 0] INFO  pipeline.RatisPipelineProvider (RatisPipelineProvider.java:lambda$create$0(206)) - Sending CreatePipelineCommand for pipeline:PipelineID=ce281716-1701-4aca-b3c1-5cf3aa90d698 to datanode:47048eaa-a072-4fd8-9d87-63c2f7da8b3d
2023-06-17 14:28:15,120 [RatisPipelineUtilsThread - 0] INFO  pipeline.PipelineStateManagerImpl (PipelineStateManagerImpl.java:addPipeline(103)) - Created pipeline Pipeline[ Id: ce281716-1701-4aca-b3c1-5cf3aa90d698, Nodes: 077cb259-20d2-413a-a89a-37aebebbc151(fv-az1035-386.p4kjid14prhuxkk4m0x4prg4bg.cx.internal.cloudapp.net/10.1.0.30)d8e5db2f-8a5f-4279-a0a7-2a0e2e29a318(fv-az1035-386.p4kjid14prhuxkk4m0x4prg4bg.cx.internal.cloudapp.net/10.1.0.30)47048eaa-a072-4fd8-9d87-63c2f7da8b3d(fv-az1035-386.p4kjid14prhuxkk4m0x4prg4bg.cx.internal.cloudapp.net/10.1.0.30), ReplicationConfig: RATIS/THREE, State:ALLOCATED, leaderId:, CreationTimestamp2023-06-17T14:28:15.120Z[Etc/UTC]].
2023-06-17 14:28:15,121 [EventQueue-NewNodeForNewNodeHandler] INFO  pipeline.BackgroundPipelineCreator (BackgroundPipelineCreator.java:notifyEventTriggered(276)) - trigger a one-shot run on RatisPipelineUtilsThread.
2023-06-17 14:28:15,121 [RatisPipelineUtilsThread - 0] INFO  pipeline.RatisPipelineProvider (RatisPipelineProvider.java:lambda$create$0(206)) - Sending CreatePipelineCommand for pipeline:PipelineID=a2919bfd-34c8-410d-96d9-48a1bd7b7b47 to datanode:47048eaa-a072-4fd8-9d87-63c2f7da8b3d
2023-06-17 14:28:15,121 [RatisPipelineUtilsThread - 0] INFO  pipeline.RatisPipelineProvider (RatisPipelineProvider.java:lambda$create$0(206)) - Sending CreatePipelineCommand for pipeline:PipelineID=a2919bfd-34c8-410d-96d9-48a1bd7b7b47 to datanode:077cb259-20d2-413a-a89a-37aebebbc151
2023-06-17 14:28:15,121 [RatisPipelineUtilsThread - 0] INFO  pipeline.RatisPipelineProvider (RatisPipelineProvider.java:lambda$create$0(206)) - Sending CreatePipelineCommand for pipeline:PipelineID=a2919bfd-34c8-410d-96d9-48a1bd7b7b47 to datanode:d8e5db2f-8a5f-4279-a0a7-2a0e2e29a318
2023-06-17 14:28:15,122 [RatisPipelineUtilsThread - 0] INFO  pipeline.PipelineStateManagerImpl (PipelineStateManagerImpl.java:addPipeline(103)) - Created pipeline Pipeline[ Id: a2919bfd-34c8-410d-96d9-48a1bd7b7b47, Nodes: 47048eaa-a072-4fd8-9d87-63c2f7da8b3d(fv-az1035-386.p4kjid14prhuxkk4m0x4prg4bg.cx.internal.cloudapp.net/10.1.0.30)077cb259-20d2-413a-a89a-37aebebbc151(fv-az1035-386.p4kjid14prhuxkk4m0x4prg4bg.cx.internal.cloudapp.net/10.1.0.30)d8e5db2f-8a5f-4279-a0a7-2a0e2e29a318(fv-az1035-386.p4kjid14prhuxkk4m0x4prg4bg.cx.internal.cloudapp.net/10.1.0.30), ReplicationConfig: RATIS/THREE, State:ALLOCATED, leaderId:, CreationTimestamp2023-06-17T14:28:15.121Z[Etc/UTC]].
2023-06-17 14:28:15,122 [RatisPipelineUtilsThread - 0] INFO  pipeline.PipelineManagerImpl (PipelineManagerImpl.java:recordMetricsForPipeline(826)) - Pipeline: PipelineID=a2919bfd-34c8-410d-96d9-48a1bd7b7b47 contains same datanodes as previous pipelines: PipelineID=ce281716-1701-4aca-b3c1-5cf3aa90d698 nodeIds: 47048eaa-a072-4fd8-9d87-63c2f7da8b3d, 077cb259-20d2-413a-a89a-37aebebbc151, d8e5db2f-8a5f-4279-a0a7-2a0e2e29a318
2023-06-17 14:28:15,122 [RatisPipelineUtilsThread - 0] WARN  pipeline.PipelinePlacementPolicy (PipelinePlacementPolicy.java:filterViableNodes(166)) - Pipeline creation failed due to no sufficient healthy datanodes. Required 3. Found 0. Excluded 3.
2023-06-17 14:28:15,122 [RatisPipelineUtilsThread - 0] WARN  pipeline.PipelinePlacementPolicy (PipelinePlacementPolicy.java:filterViableNodes(166)) - Pipeline creation failed due to no sufficient healthy datanodes. Required 3. Found 0. Excluded 3.
2023-06-17 14:28:16,114 [main] INFO  ozone.MiniOzoneClusterImpl (MiniOzoneClusterImpl.java:lambda$waitForClusterToBeReady$0(224)) - Nodes are ready. Got 3 of 3 DN Heartbeats.
2023-06-17 14:28:16,115 [main] INFO  ozone.MiniOzoneClusterImpl (MiniOzoneClusterImpl.java:lambda$waitForClusterToBeReady$0(227)) - Waiting for cluster to exit safe mode
2023-06-17 14:28:16,115 [main] INFO  ozone.MiniOzoneClusterImpl (MiniOzoneClusterImpl.java:lambda$waitForClusterToBeReady$0(229)) - SCM became leader
2023-06-17 14:28:17,115 [main] INFO  ozone.MiniOzoneClusterImpl (MiniOzoneClusterImpl.java:lambda$waitForClusterToBeReady$0(224)) - Nodes are ready. Got 3 of 3 DN Heartbeats.
2023-06-17 14:28:17,116 [main] INFO  ozone.MiniOzoneClusterImpl (MiniOzoneClusterImpl.java:lambda$waitForClusterToBeReady$0(227)) - Waiting for cluster to exit safe mode
2023-06-17 14:28:17,116 [main] INFO  ozone.MiniOzoneClusterImpl (MiniOzoneClusterImpl.java:lambda$waitForClusterToBeReady$0(229)) - SCM became leader
2023-06-17 14:28:17,473 [PipelineCommandHandlerThread-0] INFO  server.RaftServer (RaftServerProxy.java:addNew(98)) - d8e5db2f-8a5f-4279-a0a7-2a0e2e29a318: addNew group-6AD0A22BF8E3:[d8e5db2f-8a5f-4279-a0a7-2a0e2e29a318|rpc:10.1.0.30:15084|admin:10.1.0.30:15083|client:10.1.0.30:15082|dataStream:10.1.0.30:15085|priority:1|startupRole:FOLLOWER] returns group-6AD0A22BF8E3:java.util.concurrent.CompletableFuture@1dfac0a9[Not completed]
2023-06-17 14:28:17,475 [d8e5db2f-8a5f-4279-a0a7-2a0e2e29a318-groupManagement] INFO  server.RaftServer$Division (RaftServerImpl.java:<init>(198)) - d8e5db2f-8a5f-4279-a0a7-2a0e2e29a318: new RaftServerImpl for group-6AD0A22BF8E3:[d8e5db2f-8a5f-4279-a0a7-2a0e2e29a318|rpc:10.1.0.30:15084|admin:10.1.0.30:15083|client:10.1.0.30:15082|dataStream:10.1.0.30:15085|priority:1|startupRole:FOLLOWER] with ContainerStateMachine:uninitialized
2023-06-17 14:28:17,475 [d8e5db2f-8a5f-4279-a0a7-2a0e2e29a318-groupManagement] INFO  server.RaftServerConfigKeys (ConfUtils.java:logGet(46)) - raft.server.rpc.timeout.min = 5s (custom)
2023-06-17 14:28:17,475 [d8e5db2f-8a5f-4279-a0a7-2a0e2e29a318-groupManagement] INFO  server.RaftServerConfigKeys (ConfUtils.java:logGet(46)) - raft.server.rpc.timeout.max = 5200ms (custom)
2023-06-17 14:28:17,475 [d8e5db2f-8a5f-4279-a0a7-2a0e2e29a318-groupManagement] INFO  server.RaftServerConfigKeys (ConfUtils.java:logGet(46)) - raft.server.rpc.sleep.time = 25ms (default)
2023-06-17 14:28:17,475 [d8e5db2f-8a5f-4279-a0a7-2a0e2e29a318-groupManagement] INFO  server.RaftServerConfigKeys (ConfUtils.java:logGet(46)) - raft.server.rpc.slowness.timeout = 300s (custom)
2023-06-17 14:28:17,475 [d8e5db2f-8a5f-4279-a0a7-2a0e2e29a318-groupManagement] INFO  server.RaftServerConfigKeys (ConfUtils.java:logGet(46)) - raft.server.leaderelection.leader.step-down.wait-time = 10s (default)
2023-06-17 14:28:17,475 [d8e5db2f-8a5f-4279-a0a7-2a0e2e29a318-groupManagement] INFO  server.RaftServerConfigKeys (ConfUtils.java:logGet(46)) - raft.server.sleep.deviation.threshold = 300ms (default)
2023-06-17 14:28:17,475 [d8e5db2f-8a5f-4279-a0a7-2a0e2e29a318-groupManagement] INFO  server.RaftServer$Division (ServerState.java:<init>(120)) - d8e5db2f-8a5f-4279-a0a7-2a0e2e29a318@group-6AD0A22BF8E3: ConfigurationManager, init=-1: peers:[d8e5db2f-8a5f-4279-a0a7-2a0e2e29a318|rpc:10.1.0.30:15084|admin:10.1.0.30:15083|client:10.1.0.30:15082|dataStream:10.1.0.30:15085|priority:1|startupRole:FOLLOWER]|listeners:[], old=null, confs=<EMPTY_MAP>
2023-06-17 14:28:17,475 [d8e5db2f-8a5f-4279-a0a7-2a0e2e29a318-groupManagement] INFO  server.RaftServerConfigKeys (ConfUtils.java:logGet(46)) - raft.server.storage.dir = [/home/runner/work/ozone/ozone/hadoop-ozone/integration-test/target/test-dir/MiniOzoneClusterImpl-8d772b0e-b617-4196-a398-7a8a47ee7084/datanode-0/data/ratis] (custom)
2023-06-17 14:28:17,476 [d8e5db2f-8a5f-4279-a0a7-2a0e2e29a318-groupManagement] INFO  server.RaftServerConfigKeys (ConfUtils.java:logGet(46)) - raft.server.log.corruption.policy = EXCEPTION (default)
2023-06-17 14:28:17,476 [d8e5db2f-8a5f-4279-a0a7-2a0e2e29a318-groupManagement] INFO  server.RaftServerConfigKeys (ConfUtils.java:logGet(46)) - raft.server.storage.free-space.min = 0MB (=0) (default)
2023-06-17 14:28:17,476 [d8e5db2f-8a5f-4279-a0a7-2a0e2e29a318-groupManagement] INFO  server.RaftServerConfigKeys (ConfUtils.java:logGet(46)) - raft.server.notification.no-leader.timeout = 300s (custom)
2023-06-17 14:28:17,476 [d8e5db2f-8a5f-4279-a0a7-2a0e2e29a318-groupManagement] INFO  server.RaftServerConfigKeys (ConfUtils.java:logGet(46)) - raft.server.read.timeout = 10s (default)
2023-06-17 14:28:17,476 [d8e5db2f-8a5f-4279-a0a7-2a0e2e29a318-groupManagement] INFO  server.RaftServerConfigKeys (ConfUtils.java:logGet(46)) - raft.server.retrycache.expirytime = 600000ms (custom)
2023-06-17 14:28:17,476 [d8e5db2f-8a5f-4279-a0a7-2a0e2e29a318-groupManagement] INFO  server.RaftServerConfigKeys (ConfUtils.java:logGet(46)) - raft.server.retrycache.statistics.expirytime = 100μs (default)
2023-06-17 14:28:17,476 [d8e5db2f-8a5f-4279-a0a7-2a0e2e29a318-groupManagement] INFO  server.RaftServerConfigKeys (ConfUtils.java:logGet(46)) - raft.server.read.option = DEFAULT (default)
2023-06-17 14:28:17,480 [d8e5db2f-8a5f-4279-a0a7-2a0e2e29a318-groupManagement] INFO  server.RaftServerConfigKeys (ConfUtils.java:logGet(46)) - raft.server.rpc.request.timeout = 60s (custom)
2023-06-17 14:28:17,480 [d8e5db2f-8a5f-4279-a0a7-2a0e2e29a318-groupManagement] INFO  server.RaftServerConfigKeys (ConfUtils.java:logGet(46)) - raft.server.log.appender.install.snapshot.enabled = false (custom)
2023-06-17 14:28:17,480 [d8e5db2f-8a5f-4279-a0a7-2a0e2e29a318-groupManagement] INFO  server.RaftServerConfigKeys (ConfUtils.java:logGet(46)) - raft.server.threadpool.server.cached = true (default)
2023-06-17 14:28:17,480 [d8e5db2f-8a5f-4279-a0a7-2a0e2e29a318-groupManagement] INFO  server.RaftServerConfigKeys (ConfUtils.java:logGet(46)) - raft.server.threadpool.server.size = 0 (default)
2023-06-17 14:28:17,480 [d8e5db2f-8a5f-4279-a0a7-2a0e2e29a318-groupManagement] INFO  server.RaftServerConfigKeys (ConfUtils.java:logGet(46)) - raft.server.threadpool.client.cached = true (default)
2023-06-17 14:28:17,480 [d8e5db2f-8a5f-4279-a0a7-2a0e2e29a318-groupManagement] INFO  server.RaftServerConfigKeys (ConfUtils.java:logGet(46)) - raft.server.threadpool.client.size = 0 (default)
2023-06-17 14:28:17,480 [d8e5db2f-8a5f-4279-a0a7-2a0e2e29a318-groupManagement] INFO  storage.RaftStorageDirectory (RaftStorageDirectoryImpl.java:analyzeStorage(137)) - The storage directory /home/runner/work/ozone/ozone/hadoop-ozone/integration-test/target/test-dir/MiniOzoneClusterImpl-8d772b0e-b617-4196-a398-7a8a47ee7084/datanode-0/data/ratis/e7b8ac2b-af7d-487a-9ec4-6ad0a22bf8e3 does not exist. Creating ...
2023-06-17 14:28:17,481 [d8e5db2f-8a5f-4279-a0a7-2a0e2e29a318-groupManagement] INFO  storage.RaftStorageDirectory (RaftStorageDirectoryImpl.java:tryLock(231)) - Lock on /home/runner/work/ozone/ozone/hadoop-ozone/integration-test/target/test-dir/MiniOzoneClusterImpl-8d772b0e-b617-4196-a398-7a8a47ee7084/datanode-0/data/ratis/e7b8ac2b-af7d-487a-9ec4-6ad0a22bf8e3/in_use.lock acquired by nodename 109811@fv-az1035-386
2023-06-17 14:28:17,482 [d8e5db2f-8a5f-4279-a0a7-2a0e2e29a318-groupManagement] INFO  storage.RaftStorage (RaftStorageImpl.java:format(96)) - Storage directory /home/runner/work/ozone/ozone/hadoop-ozone/integration-test/target/test-dir/MiniOzoneClusterImpl-8d772b0e-b617-4196-a398-7a8a47ee7084/datanode-0/data/ratis/e7b8ac2b-af7d-487a-9ec4-6ad0a22bf8e3 has been successfully formatted.
2023-06-17 14:28:17,484 [d8e5db2f-8a5f-4279-a0a7-2a0e2e29a318-groupManagement] INFO  ratis.ContainerStateMachine (ContainerStateMachine.java:loadSnapshot(262)) - group-6AD0A22BF8E3: The snapshot info is null. Setting the last applied indexto:(t:0, i:~)
2023-06-17 14:28:17,484 [d8e5db2f-8a5f-4279-a0a7-2a0e2e29a318-groupManagement] INFO  server.RaftServerConfigKeys (ConfUtils.java:logGet(46)) - raft.server.log.use.memory = false (default)
2023-06-17 14:28:17,484 [d8e5db2f-8a5f-4279-a0a7-2a0e2e29a318-groupManagement] INFO  server.RaftServerConfigKeys (ConfUtils.java:logGet(46)) - raft.server.log.purge.gap = 1000000 (custom)
2023-06-17 14:28:17,484 [d8e5db2f-8a5f-4279-a0a7-2a0e2e29a318-groupManagement] INFO  server.RaftServerConfigKeys (ConfUtils.java:logGet(46)) - raft.server.log.appender.buffer.byte-limit = 33554432 (custom)
2023-06-17 14:28:17,484 [d8e5db2f-8a5f-4279-a0a7-2a0e2e29a318-groupManagement] INFO  server.RaftServerConfigKeys (ConfUtils.java:logGet(46)) - raft.server.log.statemachine.data.read.timeout = 1000ms (default)
2023-06-17 14:28:17,484 [d8e5db2f-8a5f-4279-a0a7-2a0e2e29a318-groupManagement] INFO  server.RaftServerConfigKeys (ConfUtils.java:logGet(46)) - raft.server.log.purge.preservation.log.num = 0 (default)
2023-06-17 14:28:17,485 [d8e5db2f-8a5f-4279-a0a7-2a0e2e29a318-groupManagement] INFO  server.RaftServerConfigKeys (ConfUtils.java:logGet(46)) - raft.server.log.segment.size.max = 1048576 (custom)
2023-06-17 14:28:17,485 [d8e5db2f-8a5f-4279-a0a7-2a0e2e29a318-groupManagement] INFO  server.RaftServerConfigKeys (ConfUtils.java:logGet(46)) - raft.server.log.segment.cache.num.max = 2 (custom)
2023-06-17 14:28:17,486 [EventQueue-PipelineReportForPipelineReportHandler] INFO  pipeline.PipelineManagerImpl (PipelineManagerImpl.java:openPipeline(367)) - Pipeline Pipeline[ Id: e7b8ac2b-af7d-487a-9ec4-6ad0a22bf8e3, Nodes: d8e5db2f-8a5f-4279-a0a7-2a0e2e29a318(fv-az1035-386.p4kjid14prhuxkk4m0x4prg4bg.cx.internal.cloudapp.net/10.1.0.30), ReplicationConfig: RATIS/ONE, State:ALLOCATED, leaderId:d8e5db2f-8a5f-4279-a0a7-2a0e2e29a318, CreationTimestamp2023-06-17T14:28:14.484Z[Etc/UTC]] moved to OPEN state
2023-06-17 14:28:17,489 [EventQueue-OpenPipelineForHealthyPipelineSafeModeRule] INFO  safemode.SCMSafeModeManager (HealthyPipelineSafeModeRule.java:process(137)) - SCM in safe mode. Healthy pipelines reported count is 0, required healthy pipeline reported count is 1
2023-06-17 14:28:17,498 [d8e5db2f-8a5f-4279-a0a7-2a0e2e29a318-groupManagement] INFO  server.RaftServerConfigKeys (ConfUtils.java:logGet(46)) - raft.server.log.segment.cache.size.max = 200MB (=209715200) (default)
2023-06-17 14:28:17,498 [d8e5db2f-8a5f-4279-a0a7-2a0e2e29a318-groupManagement] INFO  server.RaftServerConfigKeys (ConfUtils.java:logGet(46)) - raft.server.log.appender.buffer.byte-limit = 33554432 (custom)
2023-06-17 14:28:17,498 [d8e5db2f-8a5f-4279-a0a7-2a0e2e29a318-groupManagement] INFO  segmented.SegmentedRaftLogWorker (SegmentedRaftLogWorker.java:<init>(188)) - new d8e5db2f-8a5f-4279-a0a7-2a0e2e29a318@group-6AD0A22BF8E3-SegmentedRaftLogWorker for RaftStorageImpl:Storage Directory /home/runner/work/ozone/ozone/hadoop-ozone/integration-test/target/test-dir/MiniOzoneClusterImpl-8d772b0e-b617-4196-a398-7a8a47ee7084/datanode-0/data/ratis/e7b8ac2b-af7d-487a-9ec4-6ad0a22bf8e3
2023-06-17 14:28:17,498 [d8e5db2f-8a5f-4279-a0a7-2a0e2e29a318-groupManagement] INFO  server.RaftServerConfigKeys (ConfUtils.java:logGet(46)) - raft.server.log.queue.byte-limit = 4294967296 (custom)
2023-06-17 14:28:17,498 [d8e5db2f-8a5f-4279-a0a7-2a0e2e29a318-groupManagement] INFO  server.RaftServerConfigKeys (ConfUtils.java:logGet(46)) - raft.server.log.queue.element-limit = 1024 (custom)
2023-06-17 14:28:17,498 [d8e5db2f-8a5f-4279-a0a7-2a0e2e29a318-groupManagement] INFO  server.RaftServerConfigKeys (ConfUtils.java:logGet(46)) - raft.server.log.segment.size.max = 1048576 (custom)
2023-06-17 14:28:17,498 [d8e5db2f-8a5f-4279-a0a7-2a0e2e29a318-groupManagement] INFO  server.RaftServerConfigKeys (ConfUtils.java:logGet(46)) - raft.server.log.preallocated.size = 16384 (custom)
2023-06-17 14:28:17,498 [d8e5db2f-8a5f-4279-a0a7-2a0e2e29a318-groupManagement] INFO  server.RaftServerConfigKeys (ConfUtils.java:logGet(46)) - raft.server.log.force.sync.num = 128 (default)
2023-06-17 14:28:17,498 [d8e5db2f-8a5f-4279-a0a7-2a0e2e29a318-groupManagement] INFO  server.RaftServerConfigKeys (ConfUtils.java:logGet(46)) - raft.server.log.statemachine.data.sync = true (default)
2023-06-17 14:28:17,498 [d8e5db2f-8a5f-4279-a0a7-2a0e2e29a318-groupManagement] INFO  server.RaftServerConfigKeys (ConfUtils.java:logGet(46)) - raft.server.log.statemachine.data.sync.timeout = 10s (default)
2023-06-17 14:28:17,498 [d8e5db2f-8a5f-4279-a0a7-2a0e2e29a318-groupManagement] INFO  server.RaftServerConfigKeys (ConfUtils.java:logGet(46)) - raft.server.log.statemachine.data.sync.timeout.retry = -1 (default)
2023-06-17 14:28:17,499 [d8e5db2f-8a5f-4279-a0a7-2a0e2e29a318-groupManagement] INFO  server.RaftServerConfigKeys (ConfUtils.java:logGet(46)) - raft.server.log.write.buffer.size = 1048576 (custom)
2023-06-17 14:28:17,499 [d8e5db2f-8a5f-4279-a0a7-2a0e2e29a318-groupManagement] INFO  server.RaftServerConfigKeys (ConfUtils.java:logGet(46)) - raft.server.log.appender.buffer.byte-limit = 33554432 (custom)
2023-06-17 14:28:17,507 [d8e5db2f-8a5f-4279-a0a7-2a0e2e29a318-groupManagement] INFO  server.RaftServerConfigKeys (ConfUtils.java:logGet(46)) - raft.server.log.unsafe-flush.enabled = false (default)
2023-06-17 14:28:17,507 [d8e5db2f-8a5f-4279-a0a7-2a0e2e29a318-groupManagement] INFO  server.RaftServerConfigKeys (ConfUtils.java:logGet(46)) - raft.server.log.async-flush.enabled = false (default)
2023-06-17 14:28:17,508 [d8e5db2f-8a5f-4279-a0a7-2a0e2e29a318-groupManagement] INFO  server.RaftServerConfigKeys (ConfUtils.java:logGet(46)) - raft.server.log.statemachine.data.caching.enabled = true (custom)
2023-06-17 14:28:17,508 [d8e5db2f-8a5f-4279-a0a7-2a0e2e29a318-groupManagement] INFO  segmented.SegmentedRaftLogWorker (SegmentedRaftLogWorker.java:lambda$new$0(135)) - d8e5db2f-8a5f-4279-a0a7-2a0e2e29a318@group-6AD0A22BF8E3-SegmentedRaftLogWorker: flushIndex: setUnconditionally 0 -> -1
2023-06-17 14:28:17,508 [d8e5db2f-8a5f-4279-a0a7-2a0e2e29a318-groupManagement] INFO  segmented.SegmentedRaftLogWorker (SegmentedRaftLogWorker.java:lambda$new$0(135)) - d8e5db2f-8a5f-4279-a0a7-2a0e2e29a318@group-6AD0A22BF8E3-SegmentedRaftLogWorker: safeCacheEvictIndex: setUnconditionally 0 -> -1
2023-06-17 14:28:17,508 [d8e5db2f-8a5f-4279-a0a7-2a0e2e29a318-groupManagement] INFO  server.RaftServer$Division (RaftServerImpl.java:start(342)) - d8e5db2f-8a5f-4279-a0a7-2a0e2e29a318@group-6AD0A22BF8E3: start as a follower, conf=-1: peers:[d8e5db2f-8a5f-4279-a0a7-2a0e2e29a318|rpc:10.1.0.30:15084|admin:10.1.0.30:15083|client:10.1.0.30:15082|dataStream:10.1.0.30:15085|priority:1|startupRole:FOLLOWER]|listeners:[], old=null
2023-06-17 14:28:17,510 [d8e5db2f-8a5f-4279-a0a7-2a0e2e29a318-groupManagement] INFO  server.RaftServer$Division (RaftServerImpl.java:setRole(329)) - d8e5db2f-8a5f-4279-a0a7-2a0e2e29a318@group-6AD0A22BF8E3: changes role from      null to FOLLOWER at term 0 for startAsFollower
2023-06-17 14:28:17,510 [d8e5db2f-8a5f-4279-a0a7-2a0e2e29a318-groupManagement] INFO  impl.RoleInfo (RoleInfo.java:updateAndGet(139)) - d8e5db2f-8a5f-4279-a0a7-2a0e2e29a318: start d8e5db2f-8a5f-4279-a0a7-2a0e2e29a318@group-6AD0A22BF8E3-FollowerState
2023-06-17 14:28:17,518 [d8e5db2f-8a5f-4279-a0a7-2a0e2e29a318-groupManagement] INFO  util.JmxRegister (JmxRegister.java:tryRegister(44)) - Successfully registered JMX Bean with object name Ratis:service=RaftServer,group=group-6AD0A22BF8E3,id=d8e5db2f-8a5f-4279-a0a7-2a0e2e29a318
2023-06-17 14:28:17,518 [d8e5db2f-8a5f-4279-a0a7-2a0e2e29a318-groupManagement] INFO  server.RaftServerConfigKeys (ConfUtils.java:logGet(46)) - raft.server.snapshot.auto.trigger.enabled = true (custom)
2023-06-17 14:28:17,518 [d8e5db2f-8a5f-4279-a0a7-2a0e2e29a318-groupManagement] INFO  server.RaftServerConfigKeys (ConfUtils.java:logGet(46)) - raft.server.snapshot.auto.trigger.threshold = 10000 (custom)
2023-06-17 14:28:17,518 [d8e5db2f-8a5f-4279-a0a7-2a0e2e29a318-groupManagement] INFO  server.RaftServerConfigKeys (ConfUtils.java:logGet(46)) - raft.server.snapshot.retention.file.num = 5 (custom)
2023-06-17 14:28:17,518 [d8e5db2f-8a5f-4279-a0a7-2a0e2e29a318-groupManagement] INFO  server.RaftServerConfigKeys (ConfUtils.java:logGet(46)) - raft.server.log.purge.upto.snapshot.index = false (default)
2023-06-17 14:28:17,519 [d8e5db2f-8a5f-4279-a0a7-2a0e2e29a318@group-6AD0A22BF8E3-FollowerState] INFO  server.RaftServerConfigKeys (ConfUtils.java:logFallback(53)) - raft.server.rpc.first-election.timeout.min = 5s (fallback to raft.server.rpc.timeout.min)
2023-06-17 14:28:17,519 [d8e5db2f-8a5f-4279-a0a7-2a0e2e29a318@group-6AD0A22BF8E3-FollowerState] INFO  server.RaftServerConfigKeys (ConfUtils.java:logFallback(53)) - raft.server.rpc.first-election.timeout.max = 5200ms (fallback to raft.server.rpc.timeout.max)
2023-06-17 14:28:17,526 [PipelineCommandHandlerThread-0] INFO  ratis.XceiverServerRatis (XceiverServerRatis.java:addGroup(804)) - Created group PipelineID=e7b8ac2b-af7d-487a-9ec4-6ad0a22bf8e3
2023-06-17 14:28:17,526 [PipelineCommandHandlerThread-0] INFO  commandhandler.CreatePipelineCommandHandler (CreatePipelineCommandHandler.java:lambda$handle$2(124)) - Created Pipeline RATIS ONE PipelineID=e7b8ac2b-af7d-487a-9ec4-6ad0a22bf8e3.
2023-06-17 14:28:17,526 [PipelineCommandHandlerThread-0] INFO  server.RaftServer (RaftServerProxy.java:addNew(98)) - d8e5db2f-8a5f-4279-a0a7-2a0e2e29a318: addNew group-5CF3AA90D698:[47048eaa-a072-4fd8-9d87-63c2f7da8b3d|rpc:10.1.0.30:15093|admin:10.1.0.30:15092|client:10.1.0.30:15091|dataStream:10.1.0.30:15094|priority:0|startupRole:FOLLOWER, d8e5db2f-8a5f-4279-a0a7-2a0e2e29a318|rpc:10.1.0.30:15084|admin:10.1.0.30:15083|client:10.1.0.30:15082|dataStream:10.1.0.30:15085|priority:0|startupRole:FOLLOWER, 077cb259-20d2-413a-a89a-37aebebbc151|rpc:10.1.0.30:15102|admin:10.1.0.30:15101|client:10.1.0.30:15100|dataStream:10.1.0.30:15103|priority:1|startupRole:FOLLOWER] returns group-5CF3AA90D698:java.util.concurrent.CompletableFuture@19c557ce[Not completed]
2023-06-17 14:28:17,529 [d8e5db2f-8a5f-4279-a0a7-2a0e2e29a318-groupManagement] INFO  server.RaftServer$Division (RaftServerImpl.java:<init>(198)) - d8e5db2f-8a5f-4279-a0a7-2a0e2e29a318: new RaftServerImpl for group-5CF3AA90D698:[47048eaa-a072-4fd8-9d87-63c2f7da8b3d|rpc:10.1.0.30:15093|admin:10.1.0.30:15092|client:10.1.0.30:15091|dataStream:10.1.0.30:15094|priority:0|startupRole:FOLLOWER, d8e5db2f-8a5f-4279-a0a7-2a0e2e29a318|rpc:10.1.0.30:15084|admin:10.1.0.30:15083|client:10.1.0.30:15082|dataStream:10.1.0.30:15085|priority:0|startupRole:FOLLOWER, 077cb259-20d2-413a-a89a-37aebebbc151|rpc:10.1.0.30:15102|admin:10.1.0.30:15101|client:10.1.0.30:15100|dataStream:10.1.0.30:15103|priority:1|startupRole:FOLLOWER] with ContainerStateMachine:uninitialized
2023-06-17 14:28:17,530 [d8e5db2f-8a5f-4279-a0a7-2a0e2e29a318-groupManagement] INFO  server.RaftServerConfigKeys (ConfUtils.java:logGet(46)) - raft.server.rpc.timeout.min = 5s (custom)
2023-06-17 14:28:17,530 [d8e5db2f-8a5f-4279-a0a7-2a0e2e29a318-groupManagement] INFO  server.RaftServerConfigKeys (ConfUtils.java:logGet(46)) - raft.server.rpc.timeout.max = 5200ms (custom)
2023-06-17 14:28:17,530 [d8e5db2f-8a5f-4279-a0a7-2a0e2e29a318-groupManagement] INFO  server.RaftServerConfigKeys (ConfUtils.java:logGet(46)) - raft.server.rpc.sleep.time = 25ms (default)
2023-06-17 14:28:17,530 [d8e5db2f-8a5f-4279-a0a7-2a0e2e29a318-groupManagement] INFO  server.RaftServerConfigKeys (ConfUtils.java:logGet(46)) - raft.server.rpc.slowness.timeout = 300s (custom)
2023-06-17 14:28:17,530 [d8e5db2f-8a5f-4279-a0a7-2a0e2e29a318-groupManagement] INFO  server.RaftServerConfigKeys (ConfUtils.java:logGet(46)) - raft.server.leaderelection.leader.step-down.wait-time = 10s (default)
2023-06-17 14:28:17,530 [d8e5db2f-8a5f-4279-a0a7-2a0e2e29a318-groupManagement] INFO  server.RaftServerConfigKeys (ConfUtils.java:logGet(46)) - raft.server.sleep.deviation.threshold = 300ms (default)
2023-06-17 14:28:17,530 [d8e5db2f-8a5f-4279-a0a7-2a0e2e29a318-groupManagement] INFO  server.RaftServer$Division (ServerState.java:<init>(120)) - d8e5db2f-8a5f-4279-a0a7-2a0e2e29a318@group-5CF3AA90D698: ConfigurationManager, init=-1: peers:[47048eaa-a072-4fd8-9d87-63c2f7da8b3d|rpc:10.1.0.30:15093|admin:10.1.0.30:15092|client:10.1.0.30:15091|dataStream:10.1.0.30:15094|priority:0|startupRole:FOLLOWER, d8e5db2f-8a5f-4279-a0a7-2a0e2e29a318|rpc:10.1.0.30:15084|admin:10.1.0.30:15083|client:10.1.0.30:15082|dataStream:10.1.0.30:15085|priority:0|startupRole:FOLLOWER, 077cb259-20d2-413a-a89a-37aebebbc151|rpc:10.1.0.30:15102|admin:10.1.0.30:15101|client:10.1.0.30:15100|dataStream:10.1.0.30:15103|priority:1|startupRole:FOLLOWER]|listeners:[], old=null, confs=<EMPTY_MAP>
2023-06-17 14:28:17,530 [d8e5db2f-8a5f-4279-a0a7-2a0e2e29a318-groupManagement] INFO  server.RaftServerConfigKeys (ConfUtils.java:logGet(46)) - raft.server.storage.dir = [/home/runner/work/ozone/ozone/hadoop-ozone/integration-test/target/test-dir/MiniOzoneClusterImpl-8d772b0e-b617-4196-a398-7a8a47ee7084/datanode-0/data/ratis] (custom)
2023-06-17 14:28:17,530 [d8e5db2f-8a5f-4279-a0a7-2a0e2e29a318-groupManagement] INFO  server.RaftServerConfigKeys (ConfUtils.java:logGet(46)) - raft.server.log.corruption.policy = EXCEPTION (default)
2023-06-17 14:28:17,530 [d8e5db2f-8a5f-4279-a0a7-2a0e2e29a318-groupManagement] INFO  server.RaftServerConfigKeys (ConfUtils.java:logGet(46)) - raft.server.storage.free-space.min = 0MB (=0) (default)
2023-06-17 14:28:17,530 [d8e5db2f-8a5f-4279-a0a7-2a0e2e29a318-groupManagement] INFO  server.RaftServerConfigKeys (ConfUtils.java:logGet(46)) - raft.server.notification.no-leader.timeout = 300s (custom)
2023-06-17 14:28:17,531 [d8e5db2f-8a5f-4279-a0a7-2a0e2e29a318-groupManagement] INFO  server.RaftServerConfigKeys (ConfUtils.java:logGet(46)) - raft.server.read.timeout = 10s (default)
2023-06-17 14:28:17,531 [d8e5db2f-8a5f-4279-a0a7-2a0e2e29a318-groupManagement] INFO  server.RaftServerConfigKeys (ConfUtils.java:logGet(46)) - raft.server.retrycache.expirytime = 600000ms (custom)
2023-06-17 14:28:17,531 [d8e5db2f-8a5f-4279-a0a7-2a0e2e29a318-groupManagement] INFO  server.RaftServerConfigKeys (ConfUtils.java:logGet(46)) - raft.server.retrycache.statistics.expirytime = 100μs (default)
2023-06-17 14:28:17,531 [d8e5db2f-8a5f-4279-a0a7-2a0e2e29a318-groupManagement] INFO  server.RaftServerConfigKeys (ConfUtils.java:logGet(46)) - raft.server.read.option = DEFAULT (default)
2023-06-17 14:28:17,532 [d8e5db2f-8a5f-4279-a0a7-2a0e2e29a318-groupManagement] INFO  server.RaftServerConfigKeys (ConfUtils.java:logGet(46)) - raft.server.rpc.request.timeout = 60s (custom)
2023-06-17 14:28:17,532 [d8e5db2f-8a5f-4279-a0a7-2a0e2e29a318-groupManagement] INFO  server.RaftServerConfigKeys (ConfUtils.java:logGet(46)) - raft.server.log.appender.install.snapshot.enabled = false (custom)
2023-06-17 14:28:17,532 [d8e5db2f-8a5f-4279-a0a7-2a0e2e29a318-groupManagement] INFO  server.RaftServerConfigKeys (ConfUtils.java:logGet(46)) - raft.server.threadpool.server.cached = true (default)
2023-06-17 14:28:17,532 [d8e5db2f-8a5f-4279-a0a7-2a0e2e29a318-groupManagement] INFO  server.RaftServerConfigKeys (ConfUtils.java:logGet(46)) - raft.server.threadpool.server.size = 0 (default)
2023-06-17 14:28:17,532 [d8e5db2f-8a5f-4279-a0a7-2a0e2e29a318-groupManagement] INFO  server.RaftServerConfigKeys (ConfUtils.java:logGet(46)) - raft.server.threadpool.client.cached = true (default)
2023-06-17 14:28:17,532 [d8e5db2f-8a5f-4279-a0a7-2a0e2e29a318-groupManagement] INFO  server.RaftServerConfigKeys (ConfUtils.java:logGet(46)) - raft.server.threadpool.client.size = 0 (default)
2023-06-17 14:28:17,532 [d8e5db2f-8a5f-4279-a0a7-2a0e2e29a318-groupManagement] INFO  storage.RaftStorageDirectory (RaftStorageDirectoryImpl.java:analyzeStorage(137)) - The storage directory /home/runner/work/ozone/ozone/hadoop-ozone/integration-test/target/test-dir/MiniOzoneClusterImpl-8d772b0e-b617-4196-a398-7a8a47ee7084/datanode-0/data/ratis/ce281716-1701-4aca-b3c1-5cf3aa90d698 does not exist. Creating ...
2023-06-17 14:28:17,533 [d8e5db2f-8a5f-4279-a0a7-2a0e2e29a318-groupManagement] INFO  storage.RaftStorageDirectory (RaftStorageDirectoryImpl.java:tryLock(231)) - Lock on /home/runner/work/ozone/ozone/hadoop-ozone/integration-test/target/test-dir/MiniOzoneClusterImpl-8d772b0e-b617-4196-a398-7a8a47ee7084/datanode-0/data/ratis/ce281716-1701-4aca-b3c1-5cf3aa90d698/in_use.lock acquired by nodename 109811@fv-az1035-386
2023-06-17 14:28:17,534 [d8e5db2f-8a5f-4279-a0a7-2a0e2e29a318-groupManagement] INFO  storage.RaftStorage (RaftStorageImpl.java:format(96)) - Storage directory /home/runner/work/ozone/ozone/hadoop-ozone/integration-test/target/test-dir/MiniOzoneClusterImpl-8d772b0e-b617-4196-a398-7a8a47ee7084/datanode-0/data/ratis/ce281716-1701-4aca-b3c1-5cf3aa90d698 has been successfully formatted.
2023-06-17 14:28:17,534 [d8e5db2f-8a5f-4279-a0a7-2a0e2e29a318-groupManagement] INFO  ratis.ContainerStateMachine (ContainerStateMachine.java:loadSnapshot(262)) - group-5CF3AA90D698: The snapshot info is null. Setting the last applied indexto:(t:0, i:~)
2023-06-17 14:28:17,534 [d8e5db2f-8a5f-4279-a0a7-2a0e2e29a318-groupManagement] INFO  server.RaftServerConfigKeys (ConfUtils.java:logGet(46)) - raft.server.log.use.memory = false (default)
2023-06-17 14:28:17,534 [d8e5db2f-8a5f-4279-a0a7-2a0e2e29a318-groupManagement] INFO  server.RaftServerConfigKeys (ConfUtils.java:logGet(46)) - raft.server.log.purge.gap = 1000000 (custom)
2023-06-17 14:28:17,534 [d8e5db2f-8a5f-4279-a0a7-2a0e2e29a318-groupManagement] INFO  server.RaftServerConfigKeys (ConfUtils.java:logGet(46)) - raft.server.log.appender.buffer.byte-limit = 33554432 (custom)
2023-06-17 14:28:17,534 [d8e5db2f-8a5f-4279-a0a7-2a0e2e29a318-groupManagement] INFO  server.RaftServerConfigKeys (ConfUtils.java:logGet(46)) - raft.server.log.statemachine.data.read.timeout = 1000ms (default)
2023-06-17 14:28:17,534 [d8e5db2f-8a5f-4279-a0a7-2a0e2e29a318-groupManagement] INFO  server.RaftServerConfigKeys (ConfUtils.java:logGet(46)) - raft.server.log.purge.preservation.log.num = 0 (default)
2023-06-17 14:28:17,535 [d8e5db2f-8a5f-4279-a0a7-2a0e2e29a318-groupManagement] INFO  server.RaftServerConfigKeys (ConfUtils.java:logGet(46)) - raft.server.log.segment.size.max = 1048576 (custom)
2023-06-17 14:28:17,538 [EventQueue-OpenPipelineForHealthyPipelineSafeModeRule] INFO  safemode.SCMSafeModeManager (HealthyPipelineSafeModeRule.java:process(137)) - SCM in safe mode. Healthy pipelines reported count is 0, required healthy pipeline reported count is 1
2023-06-17 14:28:17,538 [d8e5db2f-8a5f-4279-a0a7-2a0e2e29a318-groupManagement] INFO  server.RaftServerConfigKeys (ConfUtils.java:logGet(46)) - raft.server.log.segment.cache.num.max = 2 (custom)
2023-06-17 14:28:17,538 [d8e5db2f-8a5f-4279-a0a7-2a0e2e29a318-groupManagement] INFO  server.RaftServerConfigKeys (ConfUtils.java:logGet(46)) - raft.server.log.segment.cache.size.max = 200MB (=209715200) (default)
2023-06-17 14:28:17,538 [d8e5db2f-8a5f-4279-a0a7-2a0e2e29a318-groupManagement] INFO  server.RaftServerConfigKeys (ConfUtils.java:logGet(46)) - raft.server.log.appender.buffer.byte-limit = 33554432 (custom)
2023-06-17 14:28:17,538 [d8e5db2f-8a5f-4279-a0a7-2a0e2e29a318-groupManagement] INFO  segmented.SegmentedRaftLogWorker (SegmentedRaftLogWorker.java:<init>(188)) - new d8e5db2f-8a5f-4279-a0a7-2a0e2e29a318@group-5CF3AA90D698-SegmentedRaftLogWorker for RaftStorageImpl:Storage Directory /home/runner/work/ozone/ozone/hadoop-ozone/integration-test/target/test-dir/MiniOzoneClusterImpl-8d772b0e-b617-4196-a398-7a8a47ee7084/datanode-0/data/ratis/ce281716-1701-4aca-b3c1-5cf3aa90d698
2023-06-17 14:28:17,538 [d8e5db2f-8a5f-4279-a0a7-2a0e2e29a318-groupManagement] INFO  server.RaftServerConfigKeys (ConfUtils.java:logGet(46)) - raft.server.log.queue.byte-limit = 4294967296 (custom)
2023-06-17 14:28:17,538 [d8e5db2f-8a5f-4279-a0a7-2a0e2e29a318-groupManagement] INFO  server.RaftServerConfigKeys (ConfUtils.java:logGet(46)) - raft.server.log.queue.element-limit = 1024 (custom)
2023-06-17 14:28:17,538 [d8e5db2f-8a5f-4279-a0a7-2a0e2e29a318-groupManagement] INFO  server.RaftServerConfigKeys (ConfUtils.java:logGet(46)) - raft.server.log.segment.size.max = 1048576 (custom)
2023-06-17 14:28:17,538 [d8e5db2f-8a5f-4279-a0a7-2a0e2e29a318-groupManagement] INFO  server.RaftServerConfigKeys (ConfUtils.java:logGet(46)) - raft.server.log.preallocated.size = 16384 (custom)
2023-06-17 14:28:17,538 [d8e5db2f-8a5f-4279-a0a7-2a0e2e29a318-groupManagement] INFO  server.RaftServerConfigKeys (ConfUtils.java:logGet(46)) - raft.server.log.force.sync.num = 128 (default)
2023-06-17 14:28:17,538 [d8e5db2f-8a5f-4279-a0a7-2a0e2e29a318-groupManagement] INFO  server.RaftServerConfigKeys (ConfUtils.java:logGet(46)) - raft.server.log.statemachine.data.sync = true (default)
2023-06-17 14:28:17,538 [d8e5db2f-8a5f-4279-a0a7-2a0e2e29a318-groupManagement] INFO  server.RaftServerConfigKeys (ConfUtils.java:logGet(46)) - raft.server.log.statemachine.data.sync.timeout = 10s (default)
2023-06-17 14:28:17,538 [d8e5db2f-8a5f-4279-a0a7-2a0e2e29a318-groupManagement] INFO  server.RaftServerConfigKeys (ConfUtils.java:logGet(46)) - raft.server.log.statemachine.data.sync.timeout.retry = -1 (default)
2023-06-17 14:28:17,539 [d8e5db2f-8a5f-4279-a0a7-2a0e2e29a318-groupManagement] INFO  server.RaftServerConfigKeys (ConfUtils.java:logGet(46)) - raft.server.log.write.buffer.size = 1048576 (custom)
2023-06-17 14:28:17,539 [d8e5db2f-8a5f-4279-a0a7-2a0e2e29a318-groupManagement] INFO  server.RaftServerConfigKeys (ConfUtils.java:logGet(46)) - raft.server.log.appender.buffer.byte-limit = 33554432 (custom)
2023-06-17 14:28:17,548 [d8e5db2f-8a5f-4279-a0a7-2a0e2e29a318-groupManagement] INFO  server.RaftServerConfigKeys (ConfUtils.java:logGet(46)) - raft.server.log.unsafe-flush.enabled = false (default)
2023-06-17 14:28:17,548 [d8e5db2f-8a5f-4279-a0a7-2a0e2e29a318-groupManagement] INFO  server.RaftServerConfigKeys (ConfUtils.java:logGet(46)) - raft.server.log.async-flush.enabled = false (default)
2023-06-17 14:28:17,548 [d8e5db2f-8a5f-4279-a0a7-2a0e2e29a318-groupManagement] INFO  server.RaftServerConfigKeys (ConfUtils.java:logGet(46)) - raft.server.log.statemachine.data.caching.enabled = true (custom)
2023-06-17 14:28:17,548 [d8e5db2f-8a5f-4279-a0a7-2a0e2e29a318-groupManagement] INFO  segmented.SegmentedRaftLogWorker (SegmentedRaftLogWorker.java:lambda$new$0(135)) - d8e5db2f-8a5f-4279-a0a7-2a0e2e29a318@group-5CF3AA90D698-SegmentedRaftLogWorker: flushIndex: setUnconditionally 0 -> -1
2023-06-17 14:28:17,548 [d8e5db2f-8a5f-4279-a0a7-2a0e2e29a318-groupManagement] INFO  segmented.SegmentedRaftLogWorker (SegmentedRaftLogWorker.java:lambda$new$0(135)) - d8e5db2f-8a5f-4279-a0a7-2a0e2e29a318@group-5CF3AA90D698-SegmentedRaftLogWorker: safeCacheEvictIndex: setUnconditionally 0 -> -1
2023-06-17 14:28:17,550 [d8e5db2f-8a5f-4279-a0a7-2a0e2e29a318-groupManagement] INFO  server.RaftServer$Division (RaftServerImpl.java:start(342)) - d8e5db2f-8a5f-4279-a0a7-2a0e2e29a318@group-5CF3AA90D698: start as a follower, conf=-1: peers:[47048eaa-a072-4fd8-9d87-63c2f7da8b3d|rpc:10.1.0.30:15093|admin:10.1.0.30:15092|client:10.1.0.30:15091|dataStream:10.1.0.30:15094|priority:0|startupRole:FOLLOWER, d8e5db2f-8a5f-4279-a0a7-2a0e2e29a318|rpc:10.1.0.30:15084|admin:10.1.0.30:15083|client:10.1.0.30:15082|dataStream:10.1.0.30:15085|priority:0|startupRole:FOLLOWER, 077cb259-20d2-413a-a89a-37aebebbc151|rpc:10.1.0.30:15102|admin:10.1.0.30:15101|client:10.1.0.30:15100|dataStream:10.1.0.30:15103|priority:1|startupRole:FOLLOWER]|listeners:[], old=null
2023-06-17 14:28:17,550 [d8e5db2f-8a5f-4279-a0a7-2a0e2e29a318-groupManagement] INFO  server.RaftServer$Division (RaftServerImpl.java:setRole(329)) - d8e5db2f-8a5f-4279-a0a7-2a0e2e29a318@group-5CF3AA90D698: changes role from      null to FOLLOWER at term 0 for startAsFollower
2023-06-17 14:28:17,550 [d8e5db2f-8a5f-4279-a0a7-2a0e2e29a318-groupManagement] INFO  impl.RoleInfo (RoleInfo.java:updateAndGet(139)) - d8e5db2f-8a5f-4279-a0a7-2a0e2e29a318: start d8e5db2f-8a5f-4279-a0a7-2a0e2e29a318@group-5CF3AA90D698-FollowerState
2023-06-17 14:28:17,552 [d8e5db2f-8a5f-4279-a0a7-2a0e2e29a318@group-5CF3AA90D698-FollowerState] INFO  server.RaftServerConfigKeys (ConfUtils.java:logFallback(53)) - raft.server.rpc.first-election.timeout.min = 5s (fallback to raft.server.rpc.timeout.min)
2023-06-17 14:28:17,552 [d8e5db2f-8a5f-4279-a0a7-2a0e2e29a318-groupManagement] INFO  util.JmxRegister (JmxRegister.java:tryRegister(44)) - Successfully registered JMX Bean with object name Ratis:service=RaftServer,group=group-5CF3AA90D698,id=d8e5db2f-8a5f-4279-a0a7-2a0e2e29a318
2023-06-17 14:28:17,552 [d8e5db2f-8a5f-4279-a0a7-2a0e2e29a318-groupManagement] INFO  server.RaftServerConfigKeys (ConfUtils.java:logGet(46)) - raft.server.snapshot.auto.trigger.enabled = true (custom)
2023-06-17 14:28:17,552 [d8e5db2f-8a5f-4279-a0a7-2a0e2e29a318-groupManagement] INFO  server.RaftServerConfigKeys (ConfUtils.java:logGet(46)) - raft.server.snapshot.auto.trigger.threshold = 10000 (custom)
2023-06-17 14:28:17,552 [d8e5db2f-8a5f-4279-a0a7-2a0e2e29a318-groupManagement] INFO  server.RaftServerConfigKeys (ConfUtils.java:logGet(46)) - raft.server.snapshot.retention.file.num = 5 (custom)
2023-06-17 14:28:17,553 [d8e5db2f-8a5f-4279-a0a7-2a0e2e29a318-groupManagement] INFO  server.RaftServerConfigKeys (ConfUtils.java:logGet(46)) - raft.server.log.purge.upto.snapshot.index = false (default)
2023-06-17 14:28:17,553 [PipelineCommandHandlerThread-0] INFO  ratis.XceiverServerRatis (XceiverServerRatis.java:addGroup(804)) - Created group PipelineID=ce281716-1701-4aca-b3c1-5cf3aa90d698
2023-06-17 14:28:17,557 [d8e5db2f-8a5f-4279-a0a7-2a0e2e29a318@group-5CF3AA90D698-FollowerState] INFO  server.RaftServerConfigKeys (ConfUtils.java:logFallback(53)) - raft.server.rpc.first-election.timeout.max = 5200ms (fallback to raft.server.rpc.timeout.max)
2023-06-17 14:28:17,571 [grpc-default-executor-0] INFO  server.RaftServer (RaftServerProxy.java:addNew(98)) - 077cb259-20d2-413a-a89a-37aebebbc151: addNew group-5CF3AA90D698:[47048eaa-a072-4fd8-9d87-63c2f7da8b3d|rpc:10.1.0.30:15093|admin:10.1.0.30:15092|client:10.1.0.30:15091|dataStream:10.1.0.30:15094|priority:0|startupRole:FOLLOWER, d8e5db2f-8a5f-4279-a0a7-2a0e2e29a318|rpc:10.1.0.30:15084|admin:10.1.0.30:15083|client:10.1.0.30:15082|dataStream:10.1.0.30:15085|priority:0|startupRole:FOLLOWER, 077cb259-20d2-413a-a89a-37aebebbc151|rpc:10.1.0.30:15102|admin:10.1.0.30:15101|client:10.1.0.30:15100|dataStream:10.1.0.30:15103|priority:1|startupRole:FOLLOWER] returns group-5CF3AA90D698:java.util.concurrent.CompletableFuture@4d431028[Not completed]
2023-06-17 14:28:17,572 [077cb259-20d2-413a-a89a-37aebebbc151-groupManagement] INFO  server.RaftServer$Division (RaftServerImpl.java:<init>(198)) - 077cb259-20d2-413a-a89a-37aebebbc151: new RaftServerImpl for group-5CF3AA90D698:[47048eaa-a072-4fd8-9d87-63c2f7da8b3d|rpc:10.1.0.30:15093|admin:10.1.0.30:15092|client:10.1.0.30:15091|dataStream:10.1.0.30:15094|priority:0|startupRole:FOLLOWER, d8e5db2f-8a5f-4279-a0a7-2a0e2e29a318|rpc:10.1.0.30:15084|admin:10.1.0.30:15083|client:10.1.0.30:15082|dataStream:10.1.0.30:15085|priority:0|startupRole:FOLLOWER, 077cb259-20d2-413a-a89a-37aebebbc151|rpc:10.1.0.30:15102|admin:10.1.0.30:15101|client:10.1.0.30:15100|dataStream:10.1.0.30:15103|priority:1|startupRole:FOLLOWER] with ContainerStateMachine:uninitialized
2023-06-17 14:28:17,572 [077cb259-20d2-413a-a89a-37aebebbc151-groupManagement] INFO  server.RaftServerConfigKeys (ConfUtils.java:logGet(46)) - raft.server.rpc.timeout.min = 5s (custom)
2023-06-17 14:28:17,572 [077cb259-20d2-413a-a89a-37aebebbc151-groupManagement] INFO  server.RaftServerConfigKeys (ConfUtils.java:logGet(46)) - raft.server.rpc.timeout.max = 5200ms (custom)
2023-06-17 14:28:17,572 [077cb259-20d2-413a-a89a-37aebebbc151-groupManagement] INFO  server.RaftServerConfigKeys (ConfUtils.java:logGet(46)) - raft.server.rpc.sleep.time = 25ms (default)
2023-06-17 14:28:17,572 [077cb259-20d2-413a-a89a-37aebebbc151-groupManagement] INFO  server.RaftServerConfigKeys (ConfUtils.java:logGet(46)) - raft.server.rpc.slowness.timeout = 300s (custom)
2023-06-17 14:28:17,572 [077cb259-20d2-413a-a89a-37aebebbc151-groupManagement] INFO  server.RaftServerConfigKeys (ConfUtils.java:logGet(46)) - raft.server.leaderelection.leader.step-down.wait-time = 10s (default)
2023-06-17 14:28:17,572 [077cb259-20d2-413a-a89a-37aebebbc151-groupManagement] INFO  server.RaftServerConfigKeys (ConfUtils.java:logGet(46)) - raft.server.sleep.deviation.threshold = 300ms (default)
2023-06-17 14:28:17,572 [077cb259-20d2-413a-a89a-37aebebbc151-groupManagement] INFO  server.RaftServer$Division (ServerState.java:<init>(120)) - 077cb259-20d2-413a-a89a-37aebebbc151@group-5CF3AA90D698: ConfigurationManager, init=-1: peers:[47048eaa-a072-4fd8-9d87-63c2f7da8b3d|rpc:10.1.0.30:15093|admin:10.1.0.30:15092|client:10.1.0.30:15091|dataStream:10.1.0.30:15094|priority:0|startupRole:FOLLOWER, d8e5db2f-8a5f-4279-a0a7-2a0e2e29a318|rpc:10.1.0.30:15084|admin:10.1.0.30:15083|client:10.1.0.30:15082|dataStream:10.1.0.30:15085|priority:0|startupRole:FOLLOWER, 077cb259-20d2-413a-a89a-37aebebbc151|rpc:10.1.0.30:15102|admin:10.1.0.30:15101|client:10.1.0.30:15100|dataStream:10.1.0.30:15103|priority:1|startupRole:FOLLOWER]|listeners:[], old=null, confs=<EMPTY_MAP>
2023-06-17 14:28:17,573 [077cb259-20d2-413a-a89a-37aebebbc151-groupManagement] INFO  server.RaftServerConfigKeys (ConfUtils.java:logGet(46)) - raft.server.storage.dir = [/home/runner/work/ozone/ozone/hadoop-ozone/integration-test/target/test-dir/MiniOzoneClusterImpl-8d772b0e-b617-4196-a398-7a8a47ee7084/datanode-2/data/ratis] (custom)
2023-06-17 14:28:17,573 [077cb259-20d2-413a-a89a-37aebebbc151-groupManagement] INFO  server.RaftServerConfigKeys (ConfUtils.java:logGet(46)) - raft.server.log.corruption.policy = EXCEPTION (default)
2023-06-17 14:28:17,573 [077cb259-20d2-413a-a89a-37aebebbc151-groupManagement] INFO  server.RaftServerConfigKeys (ConfUtils.java:logGet(46)) - raft.server.storage.free-space.min = 0MB (=0) (default)
2023-06-17 14:28:17,573 [077cb259-20d2-413a-a89a-37aebebbc151-groupManagement] INFO  server.RaftServerConfigKeys (ConfUtils.java:logGet(46)) - raft.server.notification.no-leader.timeout = 300s (custom)
2023-06-17 14:28:17,573 [077cb259-20d2-413a-a89a-37aebebbc151-groupManagement] INFO  server.RaftServerConfigKeys (ConfUtils.java:logGet(46)) - raft.server.read.timeout = 10s (default)
2023-06-17 14:28:17,573 [077cb259-20d2-413a-a89a-37aebebbc151-groupManagement] INFO  server.RaftServerConfigKeys (ConfUtils.java:logGet(46)) - raft.server.retrycache.expirytime = 600000ms (custom)
2023-06-17 14:28:17,573 [077cb259-20d2-413a-a89a-37aebebbc151-groupManagement] INFO  server.RaftServerConfigKeys (ConfUtils.java:logGet(46)) - raft.server.retrycache.statistics.expirytime = 100μs (default)
2023-06-17 14:28:17,573 [077cb259-20d2-413a-a89a-37aebebbc151-groupManagement] INFO  server.RaftServerConfigKeys (ConfUtils.java:logGet(46)) - raft.server.read.option = DEFAULT (default)
2023-06-17 14:28:17,574 [077cb259-20d2-413a-a89a-37aebebbc151-groupManagement] INFO  server.RaftServerConfigKeys (ConfUtils.java:logGet(46)) - raft.server.rpc.request.timeout = 60s (custom)
2023-06-17 14:28:17,574 [077cb259-20d2-413a-a89a-37aebebbc151-groupManagement] INFO  server.RaftServerConfigKeys (ConfUtils.java:logGet(46)) - raft.server.log.appender.install.snapshot.enabled = false (custom)
2023-06-17 14:28:17,574 [077cb259-20d2-413a-a89a-37aebebbc151-groupManagement] INFO  server.RaftServerConfigKeys (ConfUtils.java:logGet(46)) - raft.server.threadpool.server.cached = true (default)
2023-06-17 14:28:17,574 [077cb259-20d2-413a-a89a-37aebebbc151-groupManagement] INFO  server.RaftServerConfigKeys (ConfUtils.java:logGet(46)) - raft.server.threadpool.server.size = 0 (default)
2023-06-17 14:28:17,574 [077cb259-20d2-413a-a89a-37aebebbc151-groupManagement] INFO  server.RaftServerConfigKeys (ConfUtils.java:logGet(46)) - raft.server.threadpool.client.cached = true (default)
2023-06-17 14:28:17,574 [077cb259-20d2-413a-a89a-37aebebbc151-groupManagement] INFO  server.RaftServerConfigKeys (ConfUtils.java:logGet(46)) - raft.server.threadpool.client.size = 0 (default)
2023-06-17 14:28:17,574 [077cb259-20d2-413a-a89a-37aebebbc151-groupManagement] INFO  storage.RaftStorageDirectory (RaftStorageDirectoryImpl.java:analyzeStorage(137)) - The storage directory /home/runner/work/ozone/ozone/hadoop-ozone/integration-test/target/test-dir/MiniOzoneClusterImpl-8d772b0e-b617-4196-a398-7a8a47ee7084/datanode-2/data/ratis/ce281716-1701-4aca-b3c1-5cf3aa90d698 does not exist. Creating ...
2023-06-17 14:28:17,575 [077cb259-20d2-413a-a89a-37aebebbc151-groupManagement] INFO  storage.RaftStorageDirectory (RaftStorageDirectoryImpl.java:tryLock(231)) - Lock on /home/runner/work/ozone/ozone/hadoop-ozone/integration-test/target/test-dir/MiniOzoneClusterImpl-8d772b0e-b617-4196-a398-7a8a47ee7084/datanode-2/data/ratis/ce281716-1701-4aca-b3c1-5cf3aa90d698/in_use.lock acquired by nodename 109811@fv-az1035-386
2023-06-17 14:28:17,576 [077cb259-20d2-413a-a89a-37aebebbc151-groupManagement] INFO  storage.RaftStorage (RaftStorageImpl.java:format(96)) - Storage directory /home/runner/work/ozone/ozone/hadoop-ozone/integration-test/target/test-dir/MiniOzoneClusterImpl-8d772b0e-b617-4196-a398-7a8a47ee7084/datanode-2/data/ratis/ce281716-1701-4aca-b3c1-5cf3aa90d698 has been successfully formatted.
2023-06-17 14:28:17,578 [077cb259-20d2-413a-a89a-37aebebbc151-groupManagement] INFO  ratis.ContainerStateMachine (ContainerStateMachine.java:loadSnapshot(262)) - group-5CF3AA90D698: The snapshot info is null. Setting the last applied indexto:(t:0, i:~)
2023-06-17 14:28:17,578 [077cb259-20d2-413a-a89a-37aebebbc151-groupManagement] INFO  server.RaftServerConfigKeys (ConfUtils.java:logGet(46)) - raft.server.log.use.memory = false (default)
2023-06-17 14:28:17,578 [077cb259-20d2-413a-a89a-37aebebbc151-groupManagement] INFO  server.RaftServerConfigKeys (ConfUtils.java:logGet(46)) - raft.server.log.purge.gap = 1000000 (custom)
2023-06-17 14:28:17,578 [077cb259-20d2-413a-a89a-37aebebbc151-groupManagement] INFO  server.RaftServerConfigKeys (ConfUtils.java:logGet(46)) - raft.server.log.appender.buffer.byte-limit = 33554432 (custom)
2023-06-17 14:28:17,578 [077cb259-20d2-413a-a89a-37aebebbc151-groupManagement] INFO  server.RaftServerConfigKeys (ConfUtils.java:logGet(46)) - raft.server.log.statemachine.data.read.timeout = 1000ms (default)
2023-06-17 14:28:17,578 [077cb259-20d2-413a-a89a-37aebebbc151-groupManagement] INFO  server.RaftServerConfigKeys (ConfUtils.java:logGet(46)) - raft.server.log.purge.preservation.log.num = 0 (default)
2023-06-17 14:28:17,578 [077cb259-20d2-413a-a89a-37aebebbc151-groupManagement] INFO  server.RaftServerConfigKeys (ConfUtils.java:logGet(46)) - raft.server.log.segment.size.max = 1048576 (custom)
2023-06-17 14:28:17,579 [077cb259-20d2-413a-a89a-37aebebbc151-groupManagement] INFO  server.RaftServerConfigKeys (ConfUtils.java:logGet(46)) - raft.server.log.segment.cache.num.max = 2 (custom)
2023-06-17 14:28:17,582 [077cb259-20d2-413a-a89a-37aebebbc151-groupManagement] INFO  server.RaftServerConfigKeys (ConfUtils.java:logGet(46)) - raft.server.log.segment.cache.size.max = 200MB (=209715200) (default)
2023-06-17 14:28:17,582 [077cb259-20d2-413a-a89a-37aebebbc151-groupManagement] INFO  server.RaftServerConfigKeys (ConfUtils.java:logGet(46)) - raft.server.log.appender.buffer.byte-limit = 33554432 (custom)
2023-06-17 14:28:17,582 [077cb259-20d2-413a-a89a-37aebebbc151-groupManagement] INFO  segmented.SegmentedRaftLogWorker (SegmentedRaftLogWorker.java:<init>(188)) - new 077cb259-20d2-413a-a89a-37aebebbc151@group-5CF3AA90D698-SegmentedRaftLogWorker for RaftStorageImpl:Storage Directory /home/runner/work/ozone/ozone/hadoop-ozone/integration-test/target/test-dir/MiniOzoneClusterImpl-8d772b0e-b617-4196-a398-7a8a47ee7084/datanode-2/data/ratis/ce281716-1701-4aca-b3c1-5cf3aa90d698
2023-06-17 14:28:17,582 [077cb259-20d2-413a-a89a-37aebebbc151-groupManagement] INFO  server.RaftServerConfigKeys (ConfUtils.java:logGet(46)) - raft.server.log.queue.byte-limit = 4294967296 (custom)
2023-06-17 14:28:17,582 [077cb259-20d2-413a-a89a-37aebebbc151-groupManagement] INFO  server.RaftServerConfigKeys (ConfUtils.java:logGet(46)) - raft.server.log.queue.element-limit = 1024 (custom)
2023-06-17 14:28:17,582 [077cb259-20d2-413a-a89a-37aebebbc151-groupManagement] INFO  server.RaftServerConfigKeys (ConfUtils.java:logGet(46)) - raft.server.log.segment.size.max = 1048576 (custom)
2023-06-17 14:28:17,582 [077cb259-20d2-413a-a89a-37aebebbc151-groupManagement] INFO  server.RaftServerConfigKeys (ConfUtils.java:logGet(46)) - raft.server.log.preallocated.size = 16384 (custom)
2023-06-17 14:28:17,583 [077cb259-20d2-413a-a89a-37aebebbc151-groupManagement] INFO  server.RaftServerConfigKeys (ConfUtils.java:logGet(46)) - raft.server.log.force.sync.num = 128 (default)
2023-06-17 14:28:17,583 [077cb259-20d2-413a-a89a-37aebebbc151-groupManagement] INFO  server.RaftServerConfigKeys (ConfUtils.java:logGet(46)) - raft.server.log.statemachine.data.sync = true (default)
2023-06-17 14:28:17,583 [077cb259-20d2-413a-a89a-37aebebbc151-groupManagement] INFO  server.RaftServerConfigKeys (ConfUtils.java:logGet(46)) - raft.server.log.statemachine.data.sync.timeout = 10s (default)
2023-06-17 14:28:17,583 [077cb259-20d2-413a-a89a-37aebebbc151-groupManagement] INFO  server.RaftServerConfigKeys (ConfUtils.java:logGet(46)) - raft.server.log.statemachine.data.sync.timeout.retry = -1 (default)
2023-06-17 14:28:17,584 [077cb259-20d2-413a-a89a-37aebebbc151-groupManagement] INFO  server.RaftServerConfigKeys (ConfUtils.java:logGet(46)) - raft.server.log.write.buffer.size = 1048576 (custom)
2023-06-17 14:28:17,584 [077cb259-20d2-413a-a89a-37aebebbc151-groupManagement] INFO  server.RaftServerConfigKeys (ConfUtils.java:logGet(46)) - raft.server.log.appender.buffer.byte-limit = 33554432 (custom)
2023-06-17 14:28:17,594 [077cb259-20d2-413a-a89a-37aebebbc151-groupManagement] INFO  server.RaftServerConfigKeys (ConfUtils.java:logGet(46)) - raft.server.log.unsafe-flush.enabled = false (default)
2023-06-17 14:28:17,594 [077cb259-20d2-413a-a89a-37aebebbc151-groupManagement] INFO  server.RaftServerConfigKeys (ConfUtils.java:logGet(46)) - raft.server.log.async-flush.enabled = false (default)
2023-06-17 14:28:17,594 [077cb259-20d2-413a-a89a-37aebebbc151-groupManagement] INFO  server.RaftServerConfigKeys (ConfUtils.java:logGet(46)) - raft.server.log.statemachine.data.caching.enabled = true (custom)
2023-06-17 14:28:17,594 [077cb259-20d2-413a-a89a-37aebebbc151-groupManagement] INFO  segmented.SegmentedRaftLogWorker (SegmentedRaftLogWorker.java:lambda$new$0(135)) - 077cb259-20d2-413a-a89a-37aebebbc151@group-5CF3AA90D698-SegmentedRaftLogWorker: flushIndex: setUnconditionally 0 -> -1
2023-06-17 14:28:17,594 [077cb259-20d2-413a-a89a-37aebebbc151-groupManagement] INFO  segmented.SegmentedRaftLogWorker (SegmentedRaftLogWorker.java:lambda$new$0(135)) - 077cb259-20d2-413a-a89a-37aebebbc151@group-5CF3AA90D698-SegmentedRaftLogWorker: safeCacheEvictIndex: setUnconditionally 0 -> -1
2023-06-17 14:28:17,595 [077cb259-20d2-413a-a89a-37aebebbc151-groupManagement] INFO  server.RaftServer$Division (RaftServerImpl.java:start(342)) - 077cb259-20d2-413a-a89a-37aebebbc151@group-5CF3AA90D698: start as a follower, conf=-1: peers:[47048eaa-a072-4fd8-9d87-63c2f7da8b3d|rpc:10.1.0.30:15093|admin:10.1.0.30:15092|client:10.1.0.30:15091|dataStream:10.1.0.30:15094|priority:0|startupRole:FOLLOWER, d8e5db2f-8a5f-4279-a0a7-2a0e2e29a318|rpc:10.1.0.30:15084|admin:10.1.0.30:15083|client:10.1.0.30:15082|dataStream:10.1.0.30:15085|priority:0|startupRole:FOLLOWER, 077cb259-20d2-413a-a89a-37aebebbc151|rpc:10.1.0.30:15102|admin:10.1.0.30:15101|client:10.1.0.30:15100|dataStream:10.1.0.30:15103|priority:1|startupRole:FOLLOWER]|listeners:[], old=null
2023-06-17 14:28:17,595 [077cb259-20d2-413a-a89a-37aebebbc151-groupManagement] INFO  server.RaftServer$Division (RaftServerImpl.java:setRole(329)) - 077cb259-20d2-413a-a89a-37aebebbc151@group-5CF3AA90D698: changes role from      null to FOLLOWER at term 0 for startAsFollower
2023-06-17 14:28:17,595 [077cb259-20d2-413a-a89a-37aebebbc151-groupManagement] INFO  impl.RoleInfo (RoleInfo.java:updateAndGet(139)) - 077cb259-20d2-413a-a89a-37aebebbc151: start 077cb259-20d2-413a-a89a-37aebebbc151@group-5CF3AA90D698-FollowerState
2023-06-17 14:28:17,598 [077cb259-20d2-413a-a89a-37aebebbc151-groupManagement] INFO  util.JmxRegister (JmxRegister.java:tryRegister(44)) - Successfully registered JMX Bean with object name Ratis:service=RaftServer,group=group-5CF3AA90D698,id=077cb259-20d2-413a-a89a-37aebebbc151
2023-06-17 14:28:17,598 [077cb259-20d2-413a-a89a-37aebebbc151-groupManagement] INFO  server.RaftServerConfigKeys (ConfUtils.java:logGet(46)) - raft.server.snapshot.auto.trigger.enabled = true (custom)
2023-06-17 14:28:17,598 [077cb259-20d2-413a-a89a-37aebebbc151-groupManagement] INFO  server.RaftServerConfigKeys (ConfUtils.java:logGet(46)) - raft.server.snapshot.auto.trigger.threshold = 10000 (custom)
2023-06-17 14:28:17,598 [077cb259-20d2-413a-a89a-37aebebbc151-groupManagement] INFO  server.RaftServerConfigKeys (ConfUtils.java:logGet(46)) - raft.server.snapshot.retention.file.num = 5 (custom)
2023-06-17 14:28:17,598 [077cb259-20d2-413a-a89a-37aebebbc151-groupManagement] INFO  server.RaftServerConfigKeys (ConfUtils.java:logGet(46)) - raft.server.log.purge.upto.snapshot.index = false (default)
2023-06-17 14:28:17,599 [077cb259-20d2-413a-a89a-37aebebbc151@group-5CF3AA90D698-FollowerState] INFO  server.RaftServerConfigKeys (ConfUtils.java:logFallback(53)) - raft.server.rpc.first-election.timeout.min = 5s (fallback to raft.server.rpc.timeout.min)
2023-06-17 14:28:17,599 [077cb259-20d2-413a-a89a-37aebebbc151@group-5CF3AA90D698-FollowerState] INFO  server.RaftServerConfigKeys (ConfUtils.java:logFallback(53)) - raft.server.rpc.first-election.timeout.max = 5200ms (fallback to raft.server.rpc.timeout.max)
2023-06-17 14:28:17,625 [grpc-default-executor-0] INFO  server.RaftServer (RaftServerProxy.java:addNew(98)) - 47048eaa-a072-4fd8-9d87-63c2f7da8b3d: addNew group-5CF3AA90D698:[47048eaa-a072-4fd8-9d87-63c2f7da8b3d|rpc:10.1.0.30:15093|admin:10.1.0.30:15092|client:10.1.0.30:15091|dataStream:10.1.0.30:15094|priority:0|startupRole:FOLLOWER, d8e5db2f-8a5f-4279-a0a7-2a0e2e29a318|rpc:10.1.0.30:15084|admin:10.1.0.30:15083|client:10.1.0.30:15082|dataStream:10.1.0.30:15085|priority:0|startupRole:FOLLOWER, 077cb259-20d2-413a-a89a-37aebebbc151|rpc:10.1.0.30:15102|admin:10.1.0.30:15101|client:10.1.0.30:15100|dataStream:10.1.0.30:15103|priority:1|startupRole:FOLLOWER] returns group-5CF3AA90D698:java.util.concurrent.CompletableFuture@3bdf2e94[Not completed]
2023-06-17 14:28:17,627 [47048eaa-a072-4fd8-9d87-63c2f7da8b3d-groupManagement] INFO  server.RaftServer$Division (RaftServerImpl.java:<init>(198)) - 47048eaa-a072-4fd8-9d87-63c2f7da8b3d: new RaftServerImpl for group-5CF3AA90D698:[47048eaa-a072-4fd8-9d87-63c2f7da8b3d|rpc:10.1.0.30:15093|admin:10.1.0.30:15092|client:10.1.0.30:15091|dataStream:10.1.0.30:15094|priority:0|startupRole:FOLLOWER, d8e5db2f-8a5f-4279-a0a7-2a0e2e29a318|rpc:10.1.0.30:15084|admin:10.1.0.30:15083|client:10.1.0.30:15082|dataStream:10.1.0.30:15085|priority:0|startupRole:FOLLOWER, 077cb259-20d2-413a-a89a-37aebebbc151|rpc:10.1.0.30:15102|admin:10.1.0.30:15101|client:10.1.0.30:15100|dataStream:10.1.0.30:15103|priority:1|startupRole:FOLLOWER] with ContainerStateMachine:uninitialized
2023-06-17 14:28:17,628 [47048eaa-a072-4fd8-9d87-63c2f7da8b3d-groupManagement] INFO  server.RaftServerConfigKeys (ConfUtils.java:logGet(46)) - raft.server.rpc.timeout.min = 5s (custom)
2023-06-17 14:28:17,628 [47048eaa-a072-4fd8-9d87-63c2f7da8b3d-groupManagement] INFO  server.RaftServerConfigKeys (ConfUtils.java:logGet(46)) - raft.server.rpc.timeout.max = 5200ms (custom)
2023-06-17 14:28:17,628 [47048eaa-a072-4fd8-9d87-63c2f7da8b3d-groupManagement] INFO  server.RaftServerConfigKeys (ConfUtils.java:logGet(46)) - raft.server.rpc.sleep.time = 25ms (default)
2023-06-17 14:28:17,628 [47048eaa-a072-4fd8-9d87-63c2f7da8b3d-groupManagement] INFO  server.RaftServerConfigKeys (ConfUtils.java:logGet(46)) - raft.server.rpc.slowness.timeout = 300s (custom)
2023-06-17 14:28:17,628 [47048eaa-a072-4fd8-9d87-63c2f7da8b3d-groupManagement] INFO  server.RaftServerConfigKeys (ConfUtils.java:logGet(46)) - raft.server.leaderelection.leader.step-down.wait-time = 10s (default)
2023-06-17 14:28:17,628 [47048eaa-a072-4fd8-9d87-63c2f7da8b3d-groupManagement] INFO  server.RaftServerConfigKeys (ConfUtils.java:logGet(46)) - raft.server.sleep.deviation.threshold = 300ms (default)
2023-06-17 14:28:17,628 [47048eaa-a072-4fd8-9d87-63c2f7da8b3d-groupManagement] INFO  server.RaftServer$Division (ServerState.java:<init>(120)) - 47048eaa-a072-4fd8-9d87-63c2f7da8b3d@group-5CF3AA90D698: ConfigurationManager, init=-1: peers:[47048eaa-a072-4fd8-9d87-63c2f7da8b3d|rpc:10.1.0.30:15093|admin:10.1.0.30:15092|client:10.1.0.30:15091|dataStream:10.1.0.30:15094|priority:0|startupRole:FOLLOWER, d8e5db2f-8a5f-4279-a0a7-2a0e2e29a318|rpc:10.1.0.30:15084|admin:10.1.0.30:15083|client:10.1.0.30:15082|dataStream:10.1.0.30:15085|priority:0|startupRole:FOLLOWER, 077cb259-20d2-413a-a89a-37aebebbc151|rpc:10.1.0.30:15102|admin:10.1.0.30:15101|client:10.1.0.30:15100|dataStream:10.1.0.30:15103|priority:1|startupRole:FOLLOWER]|listeners:[], old=null, confs=<EMPTY_MAP>
2023-06-17 14:28:17,628 [47048eaa-a072-4fd8-9d87-63c2f7da8b3d-groupManagement] INFO  server.RaftServerConfigKeys (ConfUtils.java:logGet(46)) - raft.server.storage.dir = [/home/runner/work/ozone/ozone/hadoop-ozone/integration-test/target/test-dir/MiniOzoneClusterImpl-8d772b0e-b617-4196-a398-7a8a47ee7084/datanode-1/data/ratis] (custom)
2023-06-17 14:28:17,628 [47048eaa-a072-4fd8-9d87-63c2f7da8b3d-groupManagement] INFO  server.RaftServerConfigKeys (ConfUtils.java:logGet(46)) - raft.server.log.corruption.policy = EXCEPTION (default)
2023-06-17 14:28:17,628 [47048eaa-a072-4fd8-9d87-63c2f7da8b3d-groupManagement] INFO  server.RaftServerConfigKeys (ConfUtils.java:logGet(46)) - raft.server.storage.free-space.min = 0MB (=0) (default)
2023-06-17 14:28:17,628 [47048eaa-a072-4fd8-9d87-63c2f7da8b3d-groupManagement] INFO  server.RaftServerConfigKeys (ConfUtils.java:logGet(46)) - raft.server.notification.no-leader.timeout = 300s (custom)
2023-06-17 14:28:17,628 [47048eaa-a072-4fd8-9d87-63c2f7da8b3d-groupManagement] INFO  server.RaftServerConfigKeys (ConfUtils.java:logGet(46)) - raft.server.read.timeout = 10s (default)
2023-06-17 14:28:17,629 [47048eaa-a072-4fd8-9d87-63c2f7da8b3d-groupManagement] INFO  server.RaftServerConfigKeys (ConfUtils.java:logGet(46)) - raft.server.retrycache.expirytime = 600000ms (custom)
2023-06-17 14:28:17,629 [47048eaa-a072-4fd8-9d87-63c2f7da8b3d-groupManagement] INFO  server.RaftServerConfigKeys (ConfUtils.java:logGet(46)) - raft.server.retrycache.statistics.expirytime = 100μs (default)
2023-06-17 14:28:17,629 [47048eaa-a072-4fd8-9d87-63c2f7da8b3d-groupManagement] INFO  server.RaftServerConfigKeys (ConfUtils.java:logGet(46)) - raft.server.read.option = DEFAULT (default)
2023-06-17 14:28:17,630 [47048eaa-a072-4fd8-9d87-63c2f7da8b3d-groupManagement] INFO  server.RaftServerConfigKeys (ConfUtils.java:logGet(46)) - raft.server.rpc.request.timeout = 60s (custom)
2023-06-17 14:28:17,631 [47048eaa-a072-4fd8-9d87-63c2f7da8b3d-groupManagement] INFO  server.RaftServerConfigKeys (ConfUtils.java:logGet(46)) - raft.server.log.appender.install.snapshot.enabled = false (custom)
2023-06-17 14:28:17,631 [47048eaa-a072-4fd8-9d87-63c2f7da8b3d-groupManagement] INFO  server.RaftServerConfigKeys (ConfUtils.java:logGet(46)) - raft.server.threadpool.server.cached = true (default)
2023-06-17 14:28:17,631 [47048eaa-a072-4fd8-9d87-63c2f7da8b3d-groupManagement] INFO  server.RaftServerConfigKeys (ConfUtils.java:logGet(46)) - raft.server.threadpool.server.size = 0 (default)
2023-06-17 14:28:17,631 [47048eaa-a072-4fd8-9d87-63c2f7da8b3d-groupManagement] INFO  server.RaftServerConfigKeys (ConfUtils.java:logGet(46)) - raft.server.threadpool.client.cached = true (default)
2023-06-17 14:28:17,631 [47048eaa-a072-4fd8-9d87-63c2f7da8b3d-groupManagement] INFO  server.RaftServerConfigKeys (ConfUtils.java:logGet(46)) - raft.server.threadpool.client.size = 0 (default)
2023-06-17 14:28:17,631 [47048eaa-a072-4fd8-9d87-63c2f7da8b3d-groupManagement] INFO  storage.RaftStorageDirectory (RaftStorageDirectoryImpl.java:analyzeStorage(137)) - The storage directory /home/runner/work/ozone/ozone/hadoop-ozone/integration-test/target/test-dir/MiniOzoneClusterImpl-8d772b0e-b617-4196-a398-7a8a47ee7084/datanode-1/data/ratis/ce281716-1701-4aca-b3c1-5cf3aa90d698 does not exist. Creating ...
2023-06-17 14:28:17,632 [47048eaa-a072-4fd8-9d87-63c2f7da8b3d-groupManagement] INFO  storage.RaftStorageDirectory (RaftStorageDirectoryImpl.java:tryLock(231)) - Lock on /home/runner/work/ozone/ozone/hadoop-ozone/integration-test/target/test-dir/MiniOzoneClusterImpl-8d772b0e-b617-4196-a398-7a8a47ee7084/datanode-1/data/ratis/ce281716-1701-4aca-b3c1-5cf3aa90d698/in_use.lock acquired by nodename 109811@fv-az1035-386
2023-06-17 14:28:17,633 [47048eaa-a072-4fd8-9d87-63c2f7da8b3d-groupManagement] INFO  storage.RaftStorage (RaftStorageImpl.java:format(96)) - Storage directory /home/runner/work/ozone/ozone/hadoop-ozone/integration-test/target/test-dir/MiniOzoneClusterImpl-8d772b0e-b617-4196-a398-7a8a47ee7084/datanode-1/data/ratis/ce281716-1701-4aca-b3c1-5cf3aa90d698 has been successfully formatted.
2023-06-17 14:28:17,635 [47048eaa-a072-4fd8-9d87-63c2f7da8b3d-groupManagement] INFO  ratis.ContainerStateMachine (ContainerStateMachine.java:loadSnapshot(262)) - group-5CF3AA90D698: The snapshot info is null. Setting the last applied indexto:(t:0, i:~)
2023-06-17 14:28:17,635 [47048eaa-a072-4fd8-9d87-63c2f7da8b3d-groupManagement] INFO  server.RaftServerConfigKeys (ConfUtils.java:logGet(46)) - raft.server.log.use.memory = false (default)
2023-06-17 14:28:17,635 [47048eaa-a072-4fd8-9d87-63c2f7da8b3d-groupManagement] INFO  server.RaftServerConfigKeys (ConfUtils.java:logGet(46)) - raft.server.log.purge.gap = 1000000 (custom)
2023-06-17 14:28:17,636 [47048eaa-a072-4fd8-9d87-63c2f7da8b3d-groupManagement] INFO  server.RaftServerConfigKeys (ConfUtils.java:logGet(46)) - raft.server.log.appender.buffer.byte-limit = 33554432 (custom)
2023-06-17 14:28:17,636 [47048eaa-a072-4fd8-9d87-63c2f7da8b3d-groupManagement] INFO  server.RaftServerConfigKeys (ConfUtils.java:logGet(46)) - raft.server.log.statemachine.data.read.timeout = 1000ms (default)
2023-06-17 14:28:17,636 [47048eaa-a072-4fd8-9d87-63c2f7da8b3d-groupManagement] INFO  server.RaftServerConfigKeys (ConfUtils.java:logGet(46)) - raft.server.log.purge.preservation.log.num = 0 (default)
2023-06-17 14:28:17,636 [47048eaa-a072-4fd8-9d87-63c2f7da8b3d-groupManagement] INFO  server.RaftServerConfigKeys (ConfUtils.java:logGet(46)) - raft.server.log.segment.size.max = 1048576 (custom)
2023-06-17 14:28:17,636 [47048eaa-a072-4fd8-9d87-63c2f7da8b3d-groupManagement] INFO  server.RaftServerConfigKeys (ConfUtils.java:logGet(46)) - raft.server.log.segment.cache.num.max = 2 (custom)
2023-06-17 14:28:17,636 [47048eaa-a072-4fd8-9d87-63c2f7da8b3d-groupManagement] INFO  server.RaftServerConfigKeys (ConfUtils.java:logGet(46)) - raft.server.log.segment.cache.size.max = 200MB (=209715200) (default)
2023-06-17 14:28:17,637 [47048eaa-a072-4fd8-9d87-63c2f7da8b3d-groupManagement] INFO  server.RaftServerConfigKeys (ConfUtils.java:logGet(46)) - raft.server.log.appender.buffer.byte-limit = 33554432 (custom)
2023-06-17 14:28:17,637 [47048eaa-a072-4fd8-9d87-63c2f7da8b3d-groupManagement] INFO  segmented.SegmentedRaftLogWorker (SegmentedRaftLogWorker.java:<init>(188)) - new 47048eaa-a072-4fd8-9d87-63c2f7da8b3d@group-5CF3AA90D698-SegmentedRaftLogWorker for RaftStorageImpl:Storage Directory /home/runner/work/ozone/ozone/hadoop-ozone/integration-test/target/test-dir/MiniOzoneClusterImpl-8d772b0e-b617-4196-a398-7a8a47ee7084/datanode-1/data/ratis/ce281716-1701-4aca-b3c1-5cf3aa90d698
2023-06-17 14:28:17,637 [47048eaa-a072-4fd8-9d87-63c2f7da8b3d-groupManagement] INFO  server.RaftServerConfigKeys (ConfUtils.java:logGet(46)) - raft.server.log.queue.byte-limit = 4294967296 (custom)
2023-06-17 14:28:17,637 [47048eaa-a072-4fd8-9d87-63c2f7da8b3d-groupManagement] INFO  server.RaftServerConfigKeys (ConfUtils.java:logGet(46)) - raft.server.log.queue.element-limit = 1024 (custom)
2023-06-17 14:28:17,637 [47048eaa-a072-4fd8-9d87-63c2f7da8b3d-groupManagement] INFO  server.RaftServerConfigKeys (ConfUtils.java:logGet(46)) - raft.server.log.segment.size.max = 1048576 (custom)
2023-06-17 14:28:17,637 [47048eaa-a072-4fd8-9d87-63c2f7da8b3d-groupManagement] INFO  server.RaftServerConfigKeys (ConfUtils.java:logGet(46)) - raft.server.log.preallocated.size = 16384 (custom)
2023-06-17 14:28:17,637 [47048eaa-a072-4fd8-9d87-63c2f7da8b3d-groupManagement] INFO  server.RaftServerConfigKeys (ConfUtils.java:logGet(46)) - raft.server.log.force.sync.num = 128 (default)
2023-06-17 14:28:17,637 [47048eaa-a072-4fd8-9d87-63c2f7da8b3d-groupManagement] INFO  server.RaftServerConfigKeys (ConfUtils.java:logGet(46)) - raft.server.log.statemachine.data.sync = true (default)
2023-06-17 14:28:17,637 [47048eaa-a072-4fd8-9d87-63c2f7da8b3d-groupManagement] INFO  server.RaftServerConfigKeys (ConfUtils.java:logGet(46)) - raft.server.log.statemachine.data.sync.timeout = 10s (default)
2023-06-17 14:28:17,637 [47048eaa-a072-4fd8-9d87-63c2f7da8b3d-groupManagement] INFO  server.RaftServerConfigKeys (ConfUtils.java:logGet(46)) - raft.server.log.statemachine.data.sync.timeout.retry = -1 (default)
2023-06-17 14:28:17,638 [47048eaa-a072-4fd8-9d87-63c2f7da8b3d-groupManagement] INFO  server.RaftServerConfigKeys (ConfUtils.java:logGet(46)) - raft.server.log.write.buffer.size = 1048576 (custom)
2023-06-17 14:28:17,638 [47048eaa-a072-4fd8-9d87-63c2f7da8b3d-groupManagement] INFO  server.RaftServerConfigKeys (ConfUtils.java:logGet(46)) - raft.server.log.appender.buffer.byte-limit = 33554432 (custom)
2023-06-17 14:28:17,647 [47048eaa-a072-4fd8-9d87-63c2f7da8b3d-groupManagement] INFO  server.RaftServerConfigKeys (ConfUtils.java:logGet(46)) - raft.server.log.unsafe-flush.enabled = false (default)
2023-06-17 14:28:17,647 [47048eaa-a072-4fd8-9d87-63c2f7da8b3d-groupManagement] INFO  server.RaftServerConfigKeys (ConfUtils.java:logGet(46)) - raft.server.log.async-flush.enabled = false (default)
2023-06-17 14:28:17,647 [47048eaa-a072-4fd8-9d87-63c2f7da8b3d-groupManagement] INFO  server.RaftServerConfigKeys (ConfUtils.java:logGet(46)) - raft.server.log.statemachine.data.caching.enabled = true (custom)
2023-06-17 14:28:17,647 [47048eaa-a072-4fd8-9d87-63c2f7da8b3d-groupManagement] INFO  segmented.SegmentedRaftLogWorker (SegmentedRaftLogWorker.java:lambda$new$0(135)) - 47048eaa-a072-4fd8-9d87-63c2f7da8b3d@group-5CF3AA90D698-SegmentedRaftLogWorker: flushIndex: setUnconditionally 0 -> -1
2023-06-17 14:28:17,648 [47048eaa-a072-4fd8-9d87-63c2f7da8b3d-groupManagement] INFO  segmented.SegmentedRaftLogWorker (SegmentedRaftLogWorker.java:lambda$new$0(135)) - 47048eaa-a072-4fd8-9d87-63c2f7da8b3d@group-5CF3AA90D698-SegmentedRaftLogWorker: safeCacheEvictIndex: setUnconditionally 0 -> -1
2023-06-17 14:28:17,648 [47048eaa-a072-4fd8-9d87-63c2f7da8b3d-groupManagement] INFO  server.RaftServer$Division (RaftServerImpl.java:start(342)) - 47048eaa-a072-4fd8-9d87-63c2f7da8b3d@group-5CF3AA90D698: start as a follower, conf=-1: peers:[47048eaa-a072-4fd8-9d87-63c2f7da8b3d|rpc:10.1.0.30:15093|admin:10.1.0.30:15092|client:10.1.0.30:15091|dataStream:10.1.0.30:15094|priority:0|startupRole:FOLLOWER, d8e5db2f-8a5f-4279-a0a7-2a0e2e29a318|rpc:10.1.0.30:15084|admin:10.1.0.30:15083|client:10.1.0.30:15082|dataStream:10.1.0.30:15085|priority:0|startupRole:FOLLOWER, 077cb259-20d2-413a-a89a-37aebebbc151|rpc:10.1.0.30:15102|admin:10.1.0.30:15101|client:10.1.0.30:15100|dataStream:10.1.0.30:15103|priority:1|startupRole:FOLLOWER]|listeners:[], old=null
2023-06-17 14:28:17,648 [47048eaa-a072-4fd8-9d87-63c2f7da8b3d-groupManagement] INFO  server.RaftServer$Division (RaftServerImpl.java:setRole(329)) - 47048eaa-a072-4fd8-9d87-63c2f7da8b3d@group-5CF3AA90D698: changes role from      null to FOLLOWER at term 0 for startAsFollower
2023-06-17 14:28:17,648 [47048eaa-a072-4fd8-9d87-63c2f7da8b3d-groupManagement] INFO  impl.RoleInfo (RoleInfo.java:updateAndGet(139)) - 47048eaa-a072-4fd8-9d87-63c2f7da8b3d: start 47048eaa-a072-4fd8-9d87-63c2f7da8b3d@group-5CF3AA90D698-FollowerState
2023-06-17 14:28:17,650 [47048eaa-a072-4fd8-9d87-63c2f7da8b3d-groupManagement] INFO  util.JmxRegister (JmxRegister.java:tryRegister(44)) - Successfully registered JMX Bean with object name Ratis:service=RaftServer,group=group-5CF3AA90D698,id=47048eaa-a072-4fd8-9d87-63c2f7da8b3d
2023-06-17 14:28:17,650 [47048eaa-a072-4fd8-9d87-63c2f7da8b3d-groupManagement] INFO  server.RaftServerConfigKeys (ConfUtils.java:logGet(46)) - raft.server.snapshot.auto.trigger.enabled = true (custom)
2023-06-17 14:28:17,650 [47048eaa-a072-4fd8-9d87-63c2f7da8b3d-groupManagement] INFO  server.RaftServerConfigKeys (ConfUtils.java:logGet(46)) - raft.server.snapshot.auto.trigger.threshold = 10000 (custom)
2023-06-17 14:28:17,650 [47048eaa-a072-4fd8-9d87-63c2f7da8b3d-groupManagement] INFO  server.RaftServerConfigKeys (ConfUtils.java:logGet(46)) - raft.server.snapshot.retention.file.num = 5 (custom)
2023-06-17 14:28:17,650 [47048eaa-a072-4fd8-9d87-63c2f7da8b3d-groupManagement] INFO  server.RaftServerConfigKeys (ConfUtils.java:logGet(46)) - raft.server.log.purge.upto.snapshot.index = false (default)
2023-06-17 14:28:17,651 [47048eaa-a072-4fd8-9d87-63c2f7da8b3d@group-5CF3AA90D698-FollowerState] INFO  server.RaftServerConfigKeys (ConfUtils.java:logFallback(53)) - raft.server.rpc.first-election.timeout.min = 5s (fallback to raft.server.rpc.timeout.min)
2023-06-17 14:28:17,651 [47048eaa-a072-4fd8-9d87-63c2f7da8b3d@group-5CF3AA90D698-FollowerState] INFO  server.RaftServerConfigKeys (ConfUtils.java:logFallback(53)) - raft.server.rpc.first-election.timeout.max = 5200ms (fallback to raft.server.rpc.timeout.max)
2023-06-17 14:28:17,665 [PipelineCommandHandlerThread-0] INFO  commandhandler.CreatePipelineCommandHandler (CreatePipelineCommandHandler.java:lambda$handle$2(124)) - Created Pipeline RATIS THREE PipelineID=ce281716-1701-4aca-b3c1-5cf3aa90d698.
2023-06-17 14:28:17,666 [PipelineCommandHandlerThread-0] INFO  server.RaftServer (RaftServerProxy.java:addNew(98)) - d8e5db2f-8a5f-4279-a0a7-2a0e2e29a318: addNew group-48A1BD7B7B47:[47048eaa-a072-4fd8-9d87-63c2f7da8b3d|rpc:10.1.0.30:15093|admin:10.1.0.30:15092|client:10.1.0.30:15091|dataStream:10.1.0.30:15094|priority:0|startupRole:FOLLOWER, d8e5db2f-8a5f-4279-a0a7-2a0e2e29a318|rpc:10.1.0.30:15084|admin:10.1.0.30:15083|client:10.1.0.30:15082|dataStream:10.1.0.30:15085|priority:1|startupRole:FOLLOWER, 077cb259-20d2-413a-a89a-37aebebbc151|rpc:10.1.0.30:15102|admin:10.1.0.30:15101|client:10.1.0.30:15100|dataStream:10.1.0.30:15103|priority:0|startupRole:FOLLOWER] returns group-48A1BD7B7B47:java.util.concurrent.CompletableFuture@36a8caf8[Not completed]
2023-06-17 14:28:17,667 [d8e5db2f-8a5f-4279-a0a7-2a0e2e29a318-groupManagement] INFO  server.RaftServer$Division (RaftServerImpl.java:<init>(198)) - d8e5db2f-8a5f-4279-a0a7-2a0e2e29a318: new RaftServerImpl for group-48A1BD7B7B47:[47048eaa-a072-4fd8-9d87-63c2f7da8b3d|rpc:10.1.0.30:15093|admin:10.1.0.30:15092|client:10.1.0.30:15091|dataStream:10.1.0.30:15094|priority:0|startupRole:FOLLOWER, d8e5db2f-8a5f-4279-a0a7-2a0e2e29a318|rpc:10.1.0.30:15084|admin:10.1.0.30:15083|client:10.1.0.30:15082|dataStream:10.1.0.30:15085|priority:1|startupRole:FOLLOWER, 077cb259-20d2-413a-a89a-37aebebbc151|rpc:10.1.0.30:15102|admin:10.1.0.30:15101|client:10.1.0.30:15100|dataStream:10.1.0.30:15103|priority:0|startupRole:FOLLOWER] with ContainerStateMachine:uninitialized
2023-06-17 14:28:17,667 [d8e5db2f-8a5f-4279-a0a7-2a0e2e29a318-groupManagement] INFO  server.RaftServerConfigKeys (ConfUtils.java:logGet(46)) - raft.server.rpc.timeout.min = 5s (custom)
2023-06-17 14:28:17,667 [d8e5db2f-8a5f-4279-a0a7-2a0e2e29a318-groupManagement] INFO  server.RaftServerConfigKeys (ConfUtils.java:logGet(46)) - raft.server.rpc.timeout.max = 5200ms (custom)
2023-06-17 14:28:17,667 [d8e5db2f-8a5f-4279-a0a7-2a0e2e29a318-groupManagement] INFO  server.RaftServerConfigKeys (ConfUtils.java:logGet(46)) - raft.server.rpc.sleep.time = 25ms (default)
2023-06-17 14:28:17,667 [d8e5db2f-8a5f-4279-a0a7-2a0e2e29a318-groupManagement] INFO  server.RaftServerConfigKeys (ConfUtils.java:logGet(46)) - raft.server.rpc.slowness.timeout = 300s (custom)
2023-06-17 14:28:17,667 [d8e5db2f-8a5f-4279-a0a7-2a0e2e29a318-groupManagement] INFO  server.RaftServerConfigKeys (ConfUtils.java:logGet(46)) - raft.server.leaderelection.leader.step-down.wait-time = 10s (default)
2023-06-17 14:28:17,667 [d8e5db2f-8a5f-4279-a0a7-2a0e2e29a318-groupManagement] INFO  server.RaftServerConfigKeys (ConfUtils.java:logGet(46)) - raft.server.sleep.deviation.threshold = 300ms (default)
2023-06-17 14:28:17,667 [d8e5db2f-8a5f-4279-a0a7-2a0e2e29a318-groupManagement] INFO  server.RaftServer$Division (ServerState.java:<init>(120)) - d8e5db2f-8a5f-4279-a0a7-2a0e2e29a318@group-48A1BD7B7B47: ConfigurationManager, init=-1: peers:[47048eaa-a072-4fd8-9d87-63c2f7da8b3d|rpc:10.1.0.30:15093|admin:10.1.0.30:15092|client:10.1.0.30:15091|dataStream:10.1.0.30:15094|priority:0|startupRole:FOLLOWER, d8e5db2f-8a5f-4279-a0a7-2a0e2e29a318|rpc:10.1.0.30:15084|admin:10.1.0.30:15083|client:10.1.0.30:15082|dataStream:10.1.0.30:15085|priority:1|startupRole:FOLLOWER, 077cb259-20d2-413a-a89a-37aebebbc151|rpc:10.1.0.30:15102|admin:10.1.0.30:15101|client:10.1.0.30:15100|dataStream:10.1.0.30:15103|priority:0|startupRole:FOLLOWER]|listeners:[], old=null, confs=<EMPTY_MAP>
2023-06-17 14:28:17,667 [d8e5db2f-8a5f-4279-a0a7-2a0e2e29a318-groupManagement] INFO  server.RaftServerConfigKeys (ConfUtils.java:logGet(46)) - raft.server.storage.dir = [/home/runner/work/ozone/ozone/hadoop-ozone/integration-test/target/test-dir/MiniOzoneClusterImpl-8d772b0e-b617-4196-a398-7a8a47ee7084/datanode-0/data/ratis] (custom)
2023-06-17 14:28:17,667 [d8e5db2f-8a5f-4279-a0a7-2a0e2e29a318-groupManagement] INFO  server.RaftServerConfigKeys (ConfUtils.java:logGet(46)) - raft.server.log.corruption.policy = EXCEPTION (default)
2023-06-17 14:28:17,668 [d8e5db2f-8a5f-4279-a0a7-2a0e2e29a318-groupManagement] INFO  server.RaftServerConfigKeys (ConfUtils.java:logGet(46)) - raft.server.storage.free-space.min = 0MB (=0) (default)
2023-06-17 14:28:17,668 [d8e5db2f-8a5f-4279-a0a7-2a0e2e29a318-groupManagement] INFO  server.RaftServerConfigKeys (ConfUtils.java:logGet(46)) - raft.server.notification.no-leader.timeout = 300s (custom)
2023-06-17 14:28:17,668 [d8e5db2f-8a5f-4279-a0a7-2a0e2e29a318-groupManagement] INFO  server.RaftServerConfigKeys (ConfUtils.java:logGet(46)) - raft.server.read.timeout = 10s (default)
2023-06-17 14:28:17,668 [d8e5db2f-8a5f-4279-a0a7-2a0e2e29a318-groupManagement] INFO  server.RaftServerConfigKeys (ConfUtils.java:logGet(46)) - raft.server.retrycache.expirytime = 600000ms (custom)
2023-06-17 14:28:17,668 [d8e5db2f-8a5f-4279-a0a7-2a0e2e29a318-groupManagement] INFO  server.RaftServerConfigKeys (ConfUtils.java:logGet(46)) - raft.server.retrycache.statistics.expirytime = 100μs (default)
2023-06-17 14:28:17,668 [d8e5db2f-8a5f-4279-a0a7-2a0e2e29a318-groupManagement] INFO  server.RaftServerConfigKeys (ConfUtils.java:logGet(46)) - raft.server.read.option = DEFAULT (default)
2023-06-17 14:28:17,668 [d8e5db2f-8a5f-4279-a0a7-2a0e2e29a318-groupManagement] INFO  server.RaftServerConfigKeys (ConfUtils.java:logGet(46)) - raft.server.rpc.request.timeout = 60s (custom)
2023-06-17 14:28:17,668 [d8e5db2f-8a5f-4279-a0a7-2a0e2e29a318-groupManagement] INFO  server.RaftServerConfigKeys (ConfUtils.java:logGet(46)) - raft.server.log.appender.install.snapshot.enabled = false (custom)
2023-06-17 14:28:17,669 [d8e5db2f-8a5f-4279-a0a7-2a0e2e29a318-groupManagement] INFO  server.RaftServerConfigKeys (ConfUtils.java:logGet(46)) - raft.server.threadpool.server.cached = true (default)
2023-06-17 14:28:17,669 [d8e5db2f-8a5f-4279-a0a7-2a0e2e29a318-groupManagement] INFO  server.RaftServerConfigKeys (ConfUtils.java:logGet(46)) - raft.server.threadpool.server.size = 0 (default)
2023-06-17 14:28:17,669 [d8e5db2f-8a5f-4279-a0a7-2a0e2e29a318-groupManagement] INFO  server.RaftServerConfigKeys (ConfUtils.java:logGet(46)) - raft.server.threadpool.client.cached = true (default)
2023-06-17 14:28:17,669 [d8e5db2f-8a5f-4279-a0a7-2a0e2e29a318-groupManagement] INFO  server.RaftServerConfigKeys (ConfUtils.java:logGet(46)) - raft.server.threadpool.client.size = 0 (default)
2023-06-17 14:28:17,669 [d8e5db2f-8a5f-4279-a0a7-2a0e2e29a318-groupManagement] INFO  storage.RaftStorageDirectory (RaftStorageDirectoryImpl.java:analyzeStorage(137)) - The storage directory /home/runner/work/ozone/ozone/hadoop-ozone/integration-test/target/test-dir/MiniOzoneClusterImpl-8d772b0e-b617-4196-a398-7a8a47ee7084/datanode-0/data/ratis/a2919bfd-34c8-410d-96d9-48a1bd7b7b47 does not exist. Creating ...
2023-06-17 14:28:17,670 [d8e5db2f-8a5f-4279-a0a7-2a0e2e29a318-groupManagement] INFO  storage.RaftStorageDirectory (RaftStorageDirectoryImpl.java:tryLock(231)) - Lock on /home/runner/work/ozone/ozone/hadoop-ozone/integration-test/target/test-dir/MiniOzoneClusterImpl-8d772b0e-b617-4196-a398-7a8a47ee7084/datanode-0/data/ratis/a2919bfd-34c8-410d-96d9-48a1bd7b7b47/in_use.lock acquired by nodename 109811@fv-az1035-386
2023-06-17 14:28:17,671 [d8e5db2f-8a5f-4279-a0a7-2a0e2e29a318-groupManagement] INFO  storage.RaftStorage (RaftStorageImpl.java:format(96)) - Storage directory /home/runner/work/ozone/ozone/hadoop-ozone/integration-test/target/test-dir/MiniOzoneClusterImpl-8d772b0e-b617-4196-a398-7a8a47ee7084/datanode-0/data/ratis/a2919bfd-34c8-410d-96d9-48a1bd7b7b47 has been successfully formatted.
2023-06-17 14:28:17,671 [d8e5db2f-8a5f-4279-a0a7-2a0e2e29a318-groupManagement] INFO  ratis.ContainerStateMachine (ContainerStateMachine.java:loadSnapshot(262)) - group-48A1BD7B7B47: The snapshot info is null. Setting the last applied indexto:(t:0, i:~)
2023-06-17 14:28:17,671 [d8e5db2f-8a5f-4279-a0a7-2a0e2e29a318-groupManagement] INFO  server.RaftServerConfigKeys (ConfUtils.java:logGet(46)) - raft.server.log.use.memory = false (default)
2023-06-17 14:28:17,671 [d8e5db2f-8a5f-4279-a0a7-2a0e2e29a318-groupManagement] INFO  server.RaftServerConfigKeys (ConfUtils.java:logGet(46)) - raft.server.log.purge.gap = 1000000 (custom)
2023-06-17 14:28:17,671 [d8e5db2f-8a5f-4279-a0a7-2a0e2e29a318-groupManagement] INFO  server.RaftServerConfigKeys (ConfUtils.java:logGet(46)) - raft.server.log.appender.buffer.byte-limit = 33554432 (custom)
2023-06-17 14:28:17,671 [d8e5db2f-8a5f-4279-a0a7-2a0e2e29a318-groupManagement] INFO  server.RaftServerConfigKeys (ConfUtils.java:logGet(46)) - raft.server.log.statemachine.data.read.timeout = 1000ms (default)
2023-06-17 14:28:17,671 [d8e5db2f-8a5f-4279-a0a7-2a0e2e29a318-groupManagement] INFO  server.RaftServerConfigKeys (ConfUtils.java:logGet(46)) - raft.server.log.purge.preservation.log.num = 0 (default)
2023-06-17 14:28:17,672 [d8e5db2f-8a5f-4279-a0a7-2a0e2e29a318-groupManagement] INFO  server.RaftServerConfigKeys (ConfUtils.java:logGet(46)) - raft.server.log.segment.size.max = 1048576 (custom)
2023-06-17 14:28:17,672 [d8e5db2f-8a5f-4279-a0a7-2a0e2e29a318-groupManagement] INFO  server.RaftServerConfigKeys (ConfUtils.java:logGet(46)) - raft.server.log.segment.cache.num.max = 2 (custom)
2023-06-17 14:28:17,672 [d8e5db2f-8a5f-4279-a0a7-2a0e2e29a318-groupManagement] INFO  server.RaftServerConfigKeys (ConfUtils.java:logGet(46)) - raft.server.log.segment.cache.size.max = 200MB (=209715200) (default)
2023-06-17 14:28:17,672 [d8e5db2f-8a5f-4279-a0a7-2a0e2e29a318-groupManagement] INFO  server.RaftServerConfigKeys (ConfUtils.java:logGet(46)) - raft.server.log.appender.buffer.byte-limit = 33554432 (custom)
2023-06-17 14:28:17,672 [d8e5db2f-8a5f-4279-a0a7-2a0e2e29a318-groupManagement] INFO  segmented.SegmentedRaftLogWorker (SegmentedRaftLogWorker.java:<init>(188)) - new d8e5db2f-8a5f-4279-a0a7-2a0e2e29a318@group-48A1BD7B7B47-SegmentedRaftLogWorker for RaftStorageImpl:Storage Directory /home/runner/work/ozone/ozone/hadoop-ozone/integration-test/target/test-dir/MiniOzoneClusterImpl-8d772b0e-b617-4196-a398-7a8a47ee7084/datanode-0/data/ratis/a2919bfd-34c8-410d-96d9-48a1bd7b7b47
2023-06-17 14:28:17,672 [d8e5db2f-8a5f-4279-a0a7-2a0e2e29a318-groupManagement] INFO  server.RaftServerConfigKeys (ConfUtils.java:logGet(46)) - raft.server.log.queue.byte-limit = 4294967296 (custom)
2023-06-17 14:28:17,672 [d8e5db2f-8a5f-4279-a0a7-2a0e2e29a318-groupManagement] INFO  server.RaftServerConfigKeys (ConfUtils.java:logGet(46)) - raft.server.log.queue.element-limit = 1024 (custom)
2023-06-17 14:28:17,672 [d8e5db2f-8a5f-4279-a0a7-2a0e2e29a318-groupManagement] INFO  server.RaftServerConfigKeys (ConfUtils.java:logGet(46)) - raft.server.log.segment.size.max = 1048576 (custom)
2023-06-17 14:28:17,672 [d8e5db2f-8a5f-4279-a0a7-2a0e2e29a318-groupManagement] INFO  server.RaftServerConfigKeys (ConfUtils.java:logGet(46)) - raft.server.log.preallocated.size = 16384 (custom)
2023-06-17 14:28:17,672 [d8e5db2f-8a5f-4279-a0a7-2a0e2e29a318-groupManagement] INFO  server.RaftServerConfigKeys (ConfUtils.java:logGet(46)) - raft.server.log.force.sync.num = 128 (default)
2023-06-17 14:28:17,672 [d8e5db2f-8a5f-4279-a0a7-2a0e2e29a318-groupManagement] INFO  server.RaftServerConfigKeys (ConfUtils.java:logGet(46)) - raft.server.log.statemachine.data.sync = true (default)
2023-06-17 14:28:17,672 [d8e5db2f-8a5f-4279-a0a7-2a0e2e29a318-groupManagement] INFO  server.RaftServerConfigKeys (ConfUtils.java:logGet(46)) - raft.server.log.statemachine.data.sync.timeout = 10s (default)
2023-06-17 14:28:17,672 [d8e5db2f-8a5f-4279-a0a7-2a0e2e29a318-groupManagement] INFO  server.RaftServerConfigKeys (ConfUtils.java:logGet(46)) - raft.server.log.statemachine.data.sync.timeout.retry = -1 (default)
2023-06-17 14:28:17,673 [d8e5db2f-8a5f-4279-a0a7-2a0e2e29a318-groupManagement] INFO  server.RaftServerConfigKeys (ConfUtils.java:logGet(46)) - raft.server.log.write.buffer.size = 1048576 (custom)
2023-06-17 14:28:17,673 [EventQueue-OpenPipelineForHealthyPipelineSafeModeRule] INFO  safemode.SCMSafeModeManager (HealthyPipelineSafeModeRule.java:process(137)) - SCM in safe mode. Healthy pipelines reported count is 0, required healthy pipeline reported count is 1
2023-06-17 14:28:17,673 [d8e5db2f-8a5f-4279-a0a7-2a0e2e29a318-groupManagement] INFO  server.RaftServerConfigKeys (ConfUtils.java:logGet(46)) - raft.server.log.appender.buffer.byte-limit = 33554432 (custom)
2023-06-17 14:28:17,682 [d8e5db2f-8a5f-4279-a0a7-2a0e2e29a318-groupManagement] INFO  server.RaftServerConfigKeys (ConfUtils.java:logGet(46)) - raft.server.log.unsafe-flush.enabled = false (default)
2023-06-17 14:28:17,682 [d8e5db2f-8a5f-4279-a0a7-2a0e2e29a318-groupManagement] INFO  server.RaftServerConfigKeys (ConfUtils.java:logGet(46)) - raft.server.log.async-flush.enabled = false (default)
2023-06-17 14:28:17,682 [d8e5db2f-8a5f-4279-a0a7-2a0e2e29a318-groupManagement] INFO  server.RaftServerConfigKeys (ConfUtils.java:logGet(46)) - raft.server.log.statemachine.data.caching.enabled = true (custom)
2023-06-17 14:28:17,682 [d8e5db2f-8a5f-4279-a0a7-2a0e2e29a318-groupManagement] INFO  segmented.SegmentedRaftLogWorker (SegmentedRaftLogWorker.java:lambda$new$0(135)) - d8e5db2f-8a5f-4279-a0a7-2a0e2e29a318@group-48A1BD7B7B47-SegmentedRaftLogWorker: flushIndex: setUnconditionally 0 -> -1
2023-06-17 14:28:17,682 [d8e5db2f-8a5f-4279-a0a7-2a0e2e29a318-groupManagement] INFO  segmented.SegmentedRaftLogWorker (SegmentedRaftLogWorker.java:lambda$new$0(135)) - d8e5db2f-8a5f-4279-a0a7-2a0e2e29a318@group-48A1BD7B7B47-SegmentedRaftLogWorker: safeCacheEvictIndex: setUnconditionally 0 -> -1
2023-06-17 14:28:17,683 [d8e5db2f-8a5f-4279-a0a7-2a0e2e29a318-groupManagement] INFO  server.RaftServer$Division (RaftServerImpl.java:start(342)) - d8e5db2f-8a5f-4279-a0a7-2a0e2e29a318@group-48A1BD7B7B47: start as a follower, conf=-1: peers:[47048eaa-a072-4fd8-9d87-63c2f7da8b3d|rpc:10.1.0.30:15093|admin:10.1.0.30:15092|client:10.1.0.30:15091|dataStream:10.1.0.30:15094|priority:0|startupRole:FOLLOWER, d8e5db2f-8a5f-4279-a0a7-2a0e2e29a318|rpc:10.1.0.30:15084|admin:10.1.0.30:15083|client:10.1.0.30:15082|dataStream:10.1.0.30:15085|priority:1|startupRole:FOLLOWER, 077cb259-20d2-413a-a89a-37aebebbc151|rpc:10.1.0.30:15102|admin:10.1.0.30:15101|client:10.1.0.30:15100|dataStream:10.1.0.30:15103|priority:0|startupRole:FOLLOWER]|listeners:[], old=null
2023-06-17 14:28:17,683 [d8e5db2f-8a5f-4279-a0a7-2a0e2e29a318-groupManagement] INFO  server.RaftServer$Division (RaftServerImpl.java:setRole(329)) - d8e5db2f-8a5f-4279-a0a7-2a0e2e29a318@group-48A1BD7B7B47: changes role from      null to FOLLOWER at term 0 for startAsFollower
2023-06-17 14:28:17,683 [d8e5db2f-8a5f-4279-a0a7-2a0e2e29a318-groupManagement] INFO  impl.RoleInfo (RoleInfo.java:updateAndGet(139)) - d8e5db2f-8a5f-4279-a0a7-2a0e2e29a318: start d8e5db2f-8a5f-4279-a0a7-2a0e2e29a318@group-48A1BD7B7B47-FollowerState
2023-06-17 14:28:17,683 [d8e5db2f-8a5f-4279-a0a7-2a0e2e29a318-groupManagement] INFO  util.JmxRegister (JmxRegister.java:tryRegister(44)) - Successfully registered JMX Bean with object name Ratis:service=RaftServer,group=group-48A1BD7B7B47,id=d8e5db2f-8a5f-4279-a0a7-2a0e2e29a318
2023-06-17 14:28:17,683 [d8e5db2f-8a5f-4279-a0a7-2a0e2e29a318-groupManagement] INFO  server.RaftServerConfigKeys (ConfUtils.java:logGet(46)) - raft.server.snapshot.auto.trigger.enabled = true (custom)
2023-06-17 14:28:17,683 [d8e5db2f-8a5f-4279-a0a7-2a0e2e29a318-groupManagement] INFO  server.RaftServerConfigKeys (ConfUtils.java:logGet(46)) - raft.server.snapshot.auto.trigger.threshold = 10000 (custom)
2023-06-17 14:28:17,683 [d8e5db2f-8a5f-4279-a0a7-2a0e2e29a318-groupManagement] INFO  server.RaftServerConfigKeys (ConfUtils.java:logGet(46)) - raft.server.snapshot.retention.file.num = 5 (custom)
2023-06-17 14:28:17,683 [d8e5db2f-8a5f-4279-a0a7-2a0e2e29a318-groupManagement] INFO  server.RaftServerConfigKeys (ConfUtils.java:logGet(46)) - raft.server.log.purge.upto.snapshot.index = false (default)
2023-06-17 14:28:17,684 [d8e5db2f-8a5f-4279-a0a7-2a0e2e29a318@group-48A1BD7B7B47-FollowerState] INFO  server.RaftServerConfigKeys (ConfUtils.java:logFallback(53)) - raft.server.rpc.first-election.timeout.min = 5s (fallback to raft.server.rpc.timeout.min)
2023-06-17 14:28:17,684 [d8e5db2f-8a5f-4279-a0a7-2a0e2e29a318@group-48A1BD7B7B47-FollowerState] INFO  server.RaftServerConfigKeys (ConfUtils.java:logFallback(53)) - raft.server.rpc.first-election.timeout.max = 5200ms (fallback to raft.server.rpc.timeout.max)
2023-06-17 14:28:17,686 [PipelineCommandHandlerThread-0] INFO  ratis.XceiverServerRatis (XceiverServerRatis.java:addGroup(804)) - Created group PipelineID=a2919bfd-34c8-410d-96d9-48a1bd7b7b47
2023-06-17 14:28:17,695 [grpc-default-executor-0] INFO  server.RaftServer (RaftServerProxy.java:addNew(98)) - 47048eaa-a072-4fd8-9d87-63c2f7da8b3d: addNew group-48A1BD7B7B47:[47048eaa-a072-4fd8-9d87-63c2f7da8b3d|rpc:10.1.0.30:15093|admin:10.1.0.30:15092|client:10.1.0.30:15091|dataStream:10.1.0.30:15094|priority:0|startupRole:FOLLOWER, d8e5db2f-8a5f-4279-a0a7-2a0e2e29a318|rpc:10.1.0.30:15084|admin:10.1.0.30:15083|client:10.1.0.30:15082|dataStream:10.1.0.30:15085|priority:1|startupRole:FOLLOWER, 077cb259-20d2-413a-a89a-37aebebbc151|rpc:10.1.0.30:15102|admin:10.1.0.30:15101|client:10.1.0.30:15100|dataStream:10.1.0.30:15103|priority:0|startupRole:FOLLOWER] returns group-48A1BD7B7B47:java.util.concurrent.CompletableFuture@58fe6ac8[Not completed]
2023-06-17 14:28:17,696 [47048eaa-a072-4fd8-9d87-63c2f7da8b3d-groupManagement] INFO  server.RaftServer$Division (RaftServerImpl.java:<init>(198)) - 47048eaa-a072-4fd8-9d87-63c2f7da8b3d: new RaftServerImpl for group-48A1BD7B7B47:[47048eaa-a072-4fd8-9d87-63c2f7da8b3d|rpc:10.1.0.30:15093|admin:10.1.0.30:15092|client:10.1.0.30:15091|dataStream:10.1.0.30:15094|priority:0|startupRole:FOLLOWER, d8e5db2f-8a5f-4279-a0a7-2a0e2e29a318|rpc:10.1.0.30:15084|admin:10.1.0.30:15083|client:10.1.0.30:15082|dataStream:10.1.0.30:15085|priority:1|startupRole:FOLLOWER, 077cb259-20d2-413a-a89a-37aebebbc151|rpc:10.1.0.30:15102|admin:10.1.0.30:15101|client:10.1.0.30:15100|dataStream:10.1.0.30:15103|priority:0|startupRole:FOLLOWER] with ContainerStateMachine:uninitialized
2023-06-17 14:28:17,696 [47048eaa-a072-4fd8-9d87-63c2f7da8b3d-groupManagement] INFO  server.RaftServerConfigKeys (ConfUtils.java:logGet(46)) - raft.server.rpc.timeout.min = 5s (custom)
2023-06-17 14:28:17,696 [47048eaa-a072-4fd8-9d87-63c2f7da8b3d-groupManagement] INFO  server.RaftServerConfigKeys (ConfUtils.java:logGet(46)) - raft.server.rpc.timeout.max = 5200ms (custom)
2023-06-17 14:28:17,696 [47048eaa-a072-4fd8-9d87-63c2f7da8b3d-groupManagement] INFO  server.RaftServerConfigKeys (ConfUtils.java:logGet(46)) - raft.server.rpc.sleep.time = 25ms (default)
2023-06-17 14:28:17,697 [47048eaa-a072-4fd8-9d87-63c2f7da8b3d-groupManagement] INFO  server.RaftServerConfigKeys (ConfUtils.java:logGet(46)) - raft.server.rpc.slowness.timeout = 300s (custom)
2023-06-17 14:28:17,697 [47048eaa-a072-4fd8-9d87-63c2f7da8b3d-groupManagement] INFO  server.RaftServerConfigKeys (ConfUtils.java:logGet(46)) - raft.server.leaderelection.leader.step-down.wait-time = 10s (default)
2023-06-17 14:28:17,697 [47048eaa-a072-4fd8-9d87-63c2f7da8b3d-groupManagement] INFO  server.RaftServerConfigKeys (ConfUtils.java:logGet(46)) - raft.server.sleep.deviation.threshold = 300ms (default)
2023-06-17 14:28:17,697 [47048eaa-a072-4fd8-9d87-63c2f7da8b3d-groupManagement] INFO  server.RaftServer$Division (ServerState.java:<init>(120)) - 47048eaa-a072-4fd8-9d87-63c2f7da8b3d@group-48A1BD7B7B47: ConfigurationManager, init=-1: peers:[47048eaa-a072-4fd8-9d87-63c2f7da8b3d|rpc:10.1.0.30:15093|admin:10.1.0.30:15092|client:10.1.0.30:15091|dataStream:10.1.0.30:15094|priority:0|startupRole:FOLLOWER, d8e5db2f-8a5f-4279-a0a7-2a0e2e29a318|rpc:10.1.0.30:15084|admin:10.1.0.30:15083|client:10.1.0.30:15082|dataStream:10.1.0.30:15085|priority:1|startupRole:FOLLOWER, 077cb259-20d2-413a-a89a-37aebebbc151|rpc:10.1.0.30:15102|admin:10.1.0.30:15101|client:10.1.0.30:15100|dataStream:10.1.0.30:15103|priority:0|startupRole:FOLLOWER]|listeners:[], old=null, confs=<EMPTY_MAP>
2023-06-17 14:28:17,697 [47048eaa-a072-4fd8-9d87-63c2f7da8b3d-groupManagement] INFO  server.RaftServerConfigKeys (ConfUtils.java:logGet(46)) - raft.server.storage.dir = [/home/runner/work/ozone/ozone/hadoop-ozone/integration-test/target/test-dir/MiniOzoneClusterImpl-8d772b0e-b617-4196-a398-7a8a47ee7084/datanode-1/data/ratis] (custom)
2023-06-17 14:28:17,697 [47048eaa-a072-4fd8-9d87-63c2f7da8b3d-groupManagement] INFO  server.RaftServerConfigKeys (ConfUtils.java:logGet(46)) - raft.server.log.corruption.policy = EXCEPTION (default)
2023-06-17 14:28:17,697 [47048eaa-a072-4fd8-9d87-63c2f7da8b3d-groupManagement] INFO  server.RaftServerConfigKeys (ConfUtils.java:logGet(46)) - raft.server.storage.free-space.min = 0MB (=0) (default)
2023-06-17 14:28:17,697 [47048eaa-a072-4fd8-9d87-63c2f7da8b3d-groupManagement] INFO  server.RaftServerConfigKeys (ConfUtils.java:logGet(46)) - raft.server.notification.no-leader.timeout = 300s (custom)
2023-06-17 14:28:17,697 [47048eaa-a072-4fd8-9d87-63c2f7da8b3d-groupManagement] INFO  server.RaftServerConfigKeys (ConfUtils.java:logGet(46)) - raft.server.read.timeout = 10s (default)
2023-06-17 14:28:17,697 [47048eaa-a072-4fd8-9d87-63c2f7da8b3d-groupManagement] INFO  server.RaftServerConfigKeys (ConfUtils.java:logGet(46)) - raft.server.retrycache.expirytime = 600000ms (custom)
2023-06-17 14:28:17,697 [47048eaa-a072-4fd8-9d87-63c2f7da8b3d-groupManagement] INFO  server.RaftServerConfigKeys (ConfUtils.java:logGet(46)) - raft.server.retrycache.statistics.expirytime = 100μs (default)
2023-06-17 14:28:17,697 [47048eaa-a072-4fd8-9d87-63c2f7da8b3d-groupManagement] INFO  server.RaftServerConfigKeys (ConfUtils.java:logGet(46)) - raft.server.read.option = DEFAULT (default)
2023-06-17 14:28:17,698 [47048eaa-a072-4fd8-9d87-63c2f7da8b3d-groupManagement] INFO  server.RaftServerConfigKeys (ConfUtils.java:logGet(46)) - raft.server.rpc.request.timeout = 60s (custom)
2023-06-17 14:28:17,698 [47048eaa-a072-4fd8-9d87-63c2f7da8b3d-groupManagement] INFO  server.RaftServerConfigKeys (ConfUtils.java:logGet(46)) - raft.server.log.appender.install.snapshot.enabled = false (custom)
2023-06-17 14:28:17,698 [47048eaa-a072-4fd8-9d87-63c2f7da8b3d-groupManagement] INFO  server.RaftServerConfigKeys (ConfUtils.java:logGet(46)) - raft.server.threadpool.server.cached = true (default)
2023-06-17 14:28:17,698 [47048eaa-a072-4fd8-9d87-63c2f7da8b3d-groupManagement] INFO  server.RaftServerConfigKeys (ConfUtils.java:logGet(46)) - raft.server.threadpool.server.size = 0 (default)
2023-06-17 14:28:17,698 [47048eaa-a072-4fd8-9d87-63c2f7da8b3d-groupManagement] INFO  server.RaftServerConfigKeys (ConfUtils.java:logGet(46)) - raft.server.threadpool.client.cached = true (default)
2023-06-17 14:28:17,698 [47048eaa-a072-4fd8-9d87-63c2f7da8b3d-groupManagement] INFO  server.RaftServerConfigKeys (ConfUtils.java:logGet(46)) - raft.server.threadpool.client.size = 0 (default)
2023-06-17 14:28:17,699 [47048eaa-a072-4fd8-9d87-63c2f7da8b3d-groupManagement] INFO  storage.RaftStorageDirectory (RaftStorageDirectoryImpl.java:analyzeStorage(137)) - The storage directory /home/runner/work/ozone/ozone/hadoop-ozone/integration-test/target/test-dir/MiniOzoneClusterImpl-8d772b0e-b617-4196-a398-7a8a47ee7084/datanode-1/data/ratis/a2919bfd-34c8-410d-96d9-48a1bd7b7b47 does not exist. Creating ...
2023-06-17 14:28:17,700 [47048eaa-a072-4fd8-9d87-63c2f7da8b3d-groupManagement] INFO  storage.RaftStorageDirectory (RaftStorageDirectoryImpl.java:tryLock(231)) - Lock on /home/runner/work/ozone/ozone/hadoop-ozone/integration-test/target/test-dir/MiniOzoneClusterImpl-8d772b0e-b617-4196-a398-7a8a47ee7084/datanode-1/data/ratis/a2919bfd-34c8-410d-96d9-48a1bd7b7b47/in_use.lock acquired by nodename 109811@fv-az1035-386
2023-06-17 14:28:17,701 [47048eaa-a072-4fd8-9d87-63c2f7da8b3d-groupManagement] INFO  storage.RaftStorage (RaftStorageImpl.java:format(96)) - Storage directory /home/runner/work/ozone/ozone/hadoop-ozone/integration-test/target/test-dir/MiniOzoneClusterImpl-8d772b0e-b617-4196-a398-7a8a47ee7084/datanode-1/data/ratis/a2919bfd-34c8-410d-96d9-48a1bd7b7b47 has been successfully formatted.
2023-06-17 14:28:17,702 [47048eaa-a072-4fd8-9d87-63c2f7da8b3d-groupManagement] INFO  ratis.ContainerStateMachine (ContainerStateMachine.java:loadSnapshot(262)) - group-48A1BD7B7B47: The snapshot info is null. Setting the last applied indexto:(t:0, i:~)
2023-06-17 14:28:17,702 [47048eaa-a072-4fd8-9d87-63c2f7da8b3d-groupManagement] INFO  server.RaftServerConfigKeys (ConfUtils.java:logGet(46)) - raft.server.log.use.memory = false (default)
2023-06-17 14:28:17,702 [47048eaa-a072-4fd8-9d87-63c2f7da8b3d-groupManagement] INFO  server.RaftServerConfigKeys (ConfUtils.java:logGet(46)) - raft.server.log.purge.gap = 1000000 (custom)
2023-06-17 14:28:17,702 [47048eaa-a072-4fd8-9d87-63c2f7da8b3d-groupManagement] INFO  server.RaftServerConfigKeys (ConfUtils.java:logGet(46)) - raft.server.log.appender.buffer.byte-limit = 33554432 (custom)
2023-06-17 14:28:17,702 [47048eaa-a072-4fd8-9d87-63c2f7da8b3d-groupManagement] INFO  server.RaftServerConfigKeys (ConfUtils.java:logGet(46)) - raft.server.log.statemachine.data.read.timeout = 1000ms (default)
2023-06-17 14:28:17,702 [47048eaa-a072-4fd8-9d87-63c2f7da8b3d-groupManagement] INFO  server.RaftServerConfigKeys (ConfUtils.java:logGet(46)) - raft.server.log.purge.preservation.log.num = 0 (default)
2023-06-17 14:28:17,703 [47048eaa-a072-4fd8-9d87-63c2f7da8b3d-groupManagement] INFO  server.RaftServerConfigKeys (ConfUtils.java:logGet(46)) - raft.server.log.segment.size.max = 1048576 (custom)
2023-06-17 14:28:17,703 [47048eaa-a072-4fd8-9d87-63c2f7da8b3d-groupManagement] INFO  server.RaftServerConfigKeys (ConfUtils.java:logGet(46)) - raft.server.log.segment.cache.num.max = 2 (custom)
2023-06-17 14:28:17,703 [47048eaa-a072-4fd8-9d87-63c2f7da8b3d-groupManagement] INFO  server.RaftServerConfigKeys (ConfUtils.java:logGet(46)) - raft.server.log.segment.cache.size.max = 200MB (=209715200) (default)
2023-06-17 14:28:17,703 [47048eaa-a072-4fd8-9d87-63c2f7da8b3d-groupManagement] INFO  server.RaftServerConfigKeys (ConfUtils.java:logGet(46)) - raft.server.log.appender.buffer.byte-limit = 33554432 (custom)
2023-06-17 14:28:17,703 [47048eaa-a072-4fd8-9d87-63c2f7da8b3d-groupManagement] INFO  segmented.SegmentedRaftLogWorker (SegmentedRaftLogWorker.java:<init>(188)) - new 47048eaa-a072-4fd8-9d87-63c2f7da8b3d@group-48A1BD7B7B47-SegmentedRaftLogWorker for RaftStorageImpl:Storage Directory /home/runner/work/ozone/ozone/hadoop-ozone/integration-test/target/test-dir/MiniOzoneClusterImpl-8d772b0e-b617-4196-a398-7a8a47ee7084/datanode-1/data/ratis/a2919bfd-34c8-410d-96d9-48a1bd7b7b47
2023-06-17 14:28:17,703 [47048eaa-a072-4fd8-9d87-63c2f7da8b3d-groupManagement] INFO  server.RaftServerConfigKeys (ConfUtils.java:logGet(46)) - raft.server.log.queue.byte-limit = 4294967296 (custom)
2023-06-17 14:28:17,703 [47048eaa-a072-4fd8-9d87-63c2f7da8b3d-groupManagement] INFO  server.RaftServerConfigKeys (ConfUtils.java:logGet(46)) - raft.server.log.queue.element-limit = 1024 (custom)
2023-06-17 14:28:17,703 [47048eaa-a072-4fd8-9d87-63c2f7da8b3d-groupManagement] INFO  server.RaftServerConfigKeys (ConfUtils.java:logGet(46)) - raft.server.log.segment.size.max = 1048576 (custom)
2023-06-17 14:28:17,703 [47048eaa-a072-4fd8-9d87-63c2f7da8b3d-groupManagement] INFO  server.RaftServerConfigKeys (ConfUtils.java:logGet(46)) - raft.server.log.preallocated.size = 16384 (custom)
2023-06-17 14:28:17,703 [47048eaa-a072-4fd8-9d87-63c2f7da8b3d-groupManagement] INFO  server.RaftServerConfigKeys (ConfUtils.java:logGet(46)) - raft.server.log.force.sync.num = 128 (default)
2023-06-17 14:28:17,704 [47048eaa-a072-4fd8-9d87-63c2f7da8b3d-groupManagement] INFO  server.RaftServerConfigKeys (ConfUtils.java:logGet(46)) - raft.server.log.statemachine.data.sync = true (default)
2023-06-17 14:28:17,704 [47048eaa-a072-4fd8-9d87-63c2f7da8b3d-groupManagement] INFO  server.RaftServerConfigKeys (ConfUtils.java:logGet(46)) - raft.server.log.statemachine.data.sync.timeout = 10s (default)
2023-06-17 14:28:17,704 [47048eaa-a072-4fd8-9d87-63c2f7da8b3d-groupManagement] INFO  server.RaftServerConfigKeys (ConfUtils.java:logGet(46)) - raft.server.log.statemachine.data.sync.timeout.retry = -1 (default)
2023-06-17 14:28:17,704 [47048eaa-a072-4fd8-9d87-63c2f7da8b3d-groupManagement] INFO  server.RaftServerConfigKeys (ConfUtils.java:logGet(46)) - raft.server.log.write.buffer.size = 1048576 (custom)
2023-06-17 14:28:17,704 [47048eaa-a072-4fd8-9d87-63c2f7da8b3d-groupManagement] INFO  server.RaftServerConfigKeys (ConfUtils.java:logGet(46)) - raft.server.log.appender.buffer.byte-limit = 33554432 (custom)
2023-06-17 14:28:17,713 [47048eaa-a072-4fd8-9d87-63c2f7da8b3d-groupManagement] INFO  server.RaftServerConfigKeys (ConfUtils.java:logGet(46)) - raft.server.log.unsafe-flush.enabled = false (default)
2023-06-17 14:28:17,713 [47048eaa-a072-4fd8-9d87-63c2f7da8b3d-groupManagement] INFO  server.RaftServerConfigKeys (ConfUtils.java:logGet(46)) - raft.server.log.async-flush.enabled = false (default)
2023-06-17 14:28:17,713 [47048eaa-a072-4fd8-9d87-63c2f7da8b3d-groupManagement] INFO  server.RaftServerConfigKeys (ConfUtils.java:logGet(46)) - raft.server.log.statemachine.data.caching.enabled = true (custom)
2023-06-17 14:28:17,714 [47048eaa-a072-4fd8-9d87-63c2f7da8b3d-groupManagement] INFO  segmented.SegmentedRaftLogWorker (SegmentedRaftLogWorker.java:lambda$new$0(135)) - 47048eaa-a072-4fd8-9d87-63c2f7da8b3d@group-48A1BD7B7B47-SegmentedRaftLogWorker: flushIndex: setUnconditionally 0 -> -1
2023-06-17 14:28:17,714 [47048eaa-a072-4fd8-9d87-63c2f7da8b3d-groupManagement] INFO  segmented.SegmentedRaftLogWorker (SegmentedRaftLogWorker.java:lambda$new$0(135)) - 47048eaa-a072-4fd8-9d87-63c2f7da8b3d@group-48A1BD7B7B47-SegmentedRaftLogWorker: safeCacheEvictIndex: setUnconditionally 0 -> -1
2023-06-17 14:28:17,714 [47048eaa-a072-4fd8-9d87-63c2f7da8b3d-groupManagement] INFO  server.RaftServer$Division (RaftServerImpl.java:start(342)) - 47048eaa-a072-4fd8-9d87-63c2f7da8b3d@group-48A1BD7B7B47: start as a follower, conf=-1: peers:[47048eaa-a072-4fd8-9d87-63c2f7da8b3d|rpc:10.1.0.30:15093|admin:10.1.0.30:15092|client:10.1.0.30:15091|dataStream:10.1.0.30:15094|priority:0|startupRole:FOLLOWER, d8e5db2f-8a5f-4279-a0a7-2a0e2e29a318|rpc:10.1.0.30:15084|admin:10.1.0.30:15083|client:10.1.0.30:15082|dataStream:10.1.0.30:15085|priority:1|startupRole:FOLLOWER, 077cb259-20d2-413a-a89a-37aebebbc151|rpc:10.1.0.30:15102|admin:10.1.0.30:15101|client:10.1.0.30:15100|dataStream:10.1.0.30:15103|priority:0|startupRole:FOLLOWER]|listeners:[], old=null
2023-06-17 14:28:17,714 [47048eaa-a072-4fd8-9d87-63c2f7da8b3d-groupManagement] INFO  server.RaftServer$Division (RaftServerImpl.java:setRole(329)) - 47048eaa-a072-4fd8-9d87-63c2f7da8b3d@group-48A1BD7B7B47: changes role from      null to FOLLOWER at term 0 for startAsFollower
2023-06-17 14:28:17,714 [47048eaa-a072-4fd8-9d87-63c2f7da8b3d-groupManagement] INFO  impl.RoleInfo (RoleInfo.java:updateAndGet(139)) - 47048eaa-a072-4fd8-9d87-63c2f7da8b3d: start 47048eaa-a072-4fd8-9d87-63c2f7da8b3d@group-48A1BD7B7B47-FollowerState
2023-06-17 14:28:17,718 [47048eaa-a072-4fd8-9d87-63c2f7da8b3d-groupManagement] INFO  util.JmxRegister (JmxRegister.java:tryRegister(44)) - Successfully registered JMX Bean with object name Ratis:service=RaftServer,group=group-48A1BD7B7B47,id=47048eaa-a072-4fd8-9d87-63c2f7da8b3d
2023-06-17 14:28:17,718 [47048eaa-a072-4fd8-9d87-63c2f7da8b3d-groupManagement] INFO  server.RaftServerConfigKeys (ConfUtils.java:logGet(46)) - raft.server.snapshot.auto.trigger.enabled = true (custom)
2023-06-17 14:28:17,718 [47048eaa-a072-4fd8-9d87-63c2f7da8b3d-groupManagement] INFO  server.RaftServerConfigKeys (ConfUtils.java:logGet(46)) - raft.server.snapshot.auto.trigger.threshold = 10000 (custom)
2023-06-17 14:28:17,718 [47048eaa-a072-4fd8-9d87-63c2f7da8b3d-groupManagement] INFO  server.RaftServerConfigKeys (ConfUtils.java:logGet(46)) - raft.server.snapshot.retention.file.num = 5 (custom)
2023-06-17 14:28:17,718 [47048eaa-a072-4fd8-9d87-63c2f7da8b3d-groupManagement] INFO  server.RaftServerConfigKeys (ConfUtils.java:logGet(46)) - raft.server.log.purge.upto.snapshot.index = false (default)
2023-06-17 14:28:17,718 [47048eaa-a072-4fd8-9d87-63c2f7da8b3d@group-48A1BD7B7B47-FollowerState] INFO  server.RaftServerConfigKeys (ConfUtils.java:logFallback(53)) - raft.server.rpc.first-election.timeout.min = 5s (fallback to raft.server.rpc.timeout.min)
2023-06-17 14:28:17,719 [47048eaa-a072-4fd8-9d87-63c2f7da8b3d@group-48A1BD7B7B47-FollowerState] INFO  server.RaftServerConfigKeys (ConfUtils.java:logFallback(53)) - raft.server.rpc.first-election.timeout.max = 5200ms (fallback to raft.server.rpc.timeout.max)
2023-06-17 14:28:17,734 [grpc-default-executor-0] INFO  server.RaftServer (RaftServerProxy.java:addNew(98)) - 077cb259-20d2-413a-a89a-37aebebbc151: addNew group-48A1BD7B7B47:[47048eaa-a072-4fd8-9d87-63c2f7da8b3d|rpc:10.1.0.30:15093|admin:10.1.0.30:15092|client:10.1.0.30:15091|dataStream:10.1.0.30:15094|priority:0|startupRole:FOLLOWER, d8e5db2f-8a5f-4279-a0a7-2a0e2e29a318|rpc:10.1.0.30:15084|admin:10.1.0.30:15083|client:10.1.0.30:15082|dataStream:10.1.0.30:15085|priority:1|startupRole:FOLLOWER, 077cb259-20d2-413a-a89a-37aebebbc151|rpc:10.1.0.30:15102|admin:10.1.0.30:15101|client:10.1.0.30:15100|dataStream:10.1.0.30:15103|priority:0|startupRole:FOLLOWER] returns group-48A1BD7B7B47:java.util.concurrent.CompletableFuture@539205d0[Not completed]
2023-06-17 14:28:17,735 [077cb259-20d2-413a-a89a-37aebebbc151-groupManagement] INFO  server.RaftServer$Division (RaftServerImpl.java:<init>(198)) - 077cb259-20d2-413a-a89a-37aebebbc151: new RaftServerImpl for group-48A1BD7B7B47:[47048eaa-a072-4fd8-9d87-63c2f7da8b3d|rpc:10.1.0.30:15093|admin:10.1.0.30:15092|client:10.1.0.30:15091|dataStream:10.1.0.30:15094|priority:0|startupRole:FOLLOWER, d8e5db2f-8a5f-4279-a0a7-2a0e2e29a318|rpc:10.1.0.30:15084|admin:10.1.0.30:15083|client:10.1.0.30:15082|dataStream:10.1.0.30:15085|priority:1|startupRole:FOLLOWER, 077cb259-20d2-413a-a89a-37aebebbc151|rpc:10.1.0.30:15102|admin:10.1.0.30:15101|client:10.1.0.30:15100|dataStream:10.1.0.30:15103|priority:0|startupRole:FOLLOWER] with ContainerStateMachine:uninitialized
2023-06-17 14:28:17,735 [077cb259-20d2-413a-a89a-37aebebbc151-groupManagement] INFO  server.RaftServerConfigKeys (ConfUtils.java:logGet(46)) - raft.server.rpc.timeout.min = 5s (custom)
2023-06-17 14:28:17,735 [077cb259-20d2-413a-a89a-37aebebbc151-groupManagement] INFO  server.RaftServerConfigKeys (ConfUtils.java:logGet(46)) - raft.server.rpc.timeout.max = 5200ms (custom)
2023-06-17 14:28:17,735 [077cb259-20d2-413a-a89a-37aebebbc151-groupManagement] INFO  server.RaftServerConfigKeys (ConfUtils.java:logGet(46)) - raft.server.rpc.sleep.time = 25ms (default)
2023-06-17 14:28:17,735 [077cb259-20d2-413a-a89a-37aebebbc151-groupManagement] INFO  server.RaftServerConfigKeys (ConfUtils.java:logGet(46)) - raft.server.rpc.slowness.timeout = 300s (custom)
2023-06-17 14:28:17,735 [077cb259-20d2-413a-a89a-37aebebbc151-groupManagement] INFO  server.RaftServerConfigKeys (ConfUtils.java:logGet(46)) - raft.server.leaderelection.leader.step-down.wait-time = 10s (default)
2023-06-17 14:28:17,735 [077cb259-20d2-413a-a89a-37aebebbc151-groupManagement] INFO  server.RaftServerConfigKeys (ConfUtils.java:logGet(46)) - raft.server.sleep.deviation.threshold = 300ms (default)
2023-06-17 14:28:17,736 [077cb259-20d2-413a-a89a-37aebebbc151-groupManagement] INFO  server.RaftServer$Division (ServerState.java:<init>(120)) - 077cb259-20d2-413a-a89a-37aebebbc151@group-48A1BD7B7B47: ConfigurationManager, init=-1: peers:[47048eaa-a072-4fd8-9d87-63c2f7da8b3d|rpc:10.1.0.30:15093|admin:10.1.0.30:15092|client:10.1.0.30:15091|dataStream:10.1.0.30:15094|priority:0|startupRole:FOLLOWER, d8e5db2f-8a5f-4279-a0a7-2a0e2e29a318|rpc:10.1.0.30:15084|admin:10.1.0.30:15083|client:10.1.0.30:15082|dataStream:10.1.0.30:15085|priority:1|startupRole:FOLLOWER, 077cb259-20d2-413a-a89a-37aebebbc151|rpc:10.1.0.30:15102|admin:10.1.0.30:15101|client:10.1.0.30:15100|dataStream:10.1.0.30:15103|priority:0|startupRole:FOLLOWER]|listeners:[], old=null, confs=<EMPTY_MAP>
2023-06-17 14:28:17,736 [077cb259-20d2-413a-a89a-37aebebbc151-groupManagement] INFO  server.RaftServerConfigKeys (ConfUtils.java:logGet(46)) - raft.server.storage.dir = [/home/runner/work/ozone/ozone/hadoop-ozone/integration-test/target/test-dir/MiniOzoneClusterImpl-8d772b0e-b617-4196-a398-7a8a47ee7084/datanode-2/data/ratis] (custom)
2023-06-17 14:28:17,736 [077cb259-20d2-413a-a89a-37aebebbc151-groupManagement] INFO  server.RaftServerConfigKeys (ConfUtils.java:logGet(46)) - raft.server.log.corruption.policy = EXCEPTION (default)
2023-06-17 14:28:17,736 [077cb259-20d2-413a-a89a-37aebebbc151-groupManagement] INFO  server.RaftServerConfigKeys (ConfUtils.java:logGet(46)) - raft.server.storage.free-space.min = 0MB (=0) (default)
2023-06-17 14:28:17,736 [077cb259-20d2-413a-a89a-37aebebbc151-groupManagement] INFO  server.RaftServerConfigKeys (ConfUtils.java:logGet(46)) - raft.server.notification.no-leader.timeout = 300s (custom)
2023-06-17 14:28:17,736 [077cb259-20d2-413a-a89a-37aebebbc151-groupManagement] INFO  server.RaftServerConfigKeys (ConfUtils.java:logGet(46)) - raft.server.read.timeout = 10s (default)
2023-06-17 14:28:17,736 [077cb259-20d2-413a-a89a-37aebebbc151-groupManagement] INFO  server.RaftServerConfigKeys (ConfUtils.java:logGet(46)) - raft.server.retrycache.expirytime = 600000ms (custom)
2023-06-17 14:28:17,736 [077cb259-20d2-413a-a89a-37aebebbc151-groupManagement] INFO  server.RaftServerConfigKeys (ConfUtils.java:logGet(46)) - raft.server.retrycache.statistics.expirytime = 100μs (default)
2023-06-17 14:28:17,736 [077cb259-20d2-413a-a89a-37aebebbc151-groupManagement] INFO  server.RaftServerConfigKeys (ConfUtils.java:logGet(46)) - raft.server.read.option = DEFAULT (default)
2023-06-17 14:28:17,737 [077cb259-20d2-413a-a89a-37aebebbc151-groupManagement] INFO  server.RaftServerConfigKeys (ConfUtils.java:logGet(46)) - raft.server.rpc.request.timeout = 60s (custom)
2023-06-17 14:28:17,737 [077cb259-20d2-413a-a89a-37aebebbc151-groupManagement] INFO  server.RaftServerConfigKeys (ConfUtils.java:logGet(46)) - raft.server.log.appender.install.snapshot.enabled = false (custom)
2023-06-17 14:28:17,737 [077cb259-20d2-413a-a89a-37aebebbc151-groupManagement] INFO  server.RaftServerConfigKeys (ConfUtils.java:logGet(46)) - raft.server.threadpool.server.cached = true (default)
2023-06-17 14:28:17,737 [077cb259-20d2-413a-a89a-37aebebbc151-groupManagement] INFO  server.RaftServerConfigKeys (ConfUtils.java:logGet(46)) - raft.server.threadpool.server.size = 0 (default)
2023-06-17 14:28:17,737 [077cb259-20d2-413a-a89a-37aebebbc151-groupManagement] INFO  server.RaftServerConfigKeys (ConfUtils.java:logGet(46)) - raft.server.threadpool.client.cached = true (default)
2023-06-17 14:28:17,737 [077cb259-20d2-413a-a89a-37aebebbc151-groupManagement] INFO  server.RaftServerConfigKeys (ConfUtils.java:logGet(46)) - raft.server.threadpool.client.size = 0 (default)
2023-06-17 14:28:17,737 [077cb259-20d2-413a-a89a-37aebebbc151-groupManagement] INFO  storage.RaftStorageDirectory (RaftStorageDirectoryImpl.java:analyzeStorage(137)) - The storage directory /home/runner/work/ozone/ozone/hadoop-ozone/integration-test/target/test-dir/MiniOzoneClusterImpl-8d772b0e-b617-4196-a398-7a8a47ee7084/datanode-2/data/ratis/a2919bfd-34c8-410d-96d9-48a1bd7b7b47 does not exist. Creating ...
2023-06-17 14:28:17,740 [077cb259-20d2-413a-a89a-37aebebbc151-groupManagement] INFO  storage.RaftStorageDirectory (RaftStorageDirectoryImpl.java:tryLock(231)) - Lock on /home/runner/work/ozone/ozone/hadoop-ozone/integration-test/target/test-dir/MiniOzoneClusterImpl-8d772b0e-b617-4196-a398-7a8a47ee7084/datanode-2/data/ratis/a2919bfd-34c8-410d-96d9-48a1bd7b7b47/in_use.lock acquired by nodename 109811@fv-az1035-386
2023-06-17 14:28:17,742 [077cb259-20d2-413a-a89a-37aebebbc151-groupManagement] INFO  storage.RaftStorage (RaftStorageImpl.java:format(96)) - Storage directory /home/runner/work/ozone/ozone/hadoop-ozone/integration-test/target/test-dir/MiniOzoneClusterImpl-8d772b0e-b617-4196-a398-7a8a47ee7084/datanode-2/data/ratis/a2919bfd-34c8-410d-96d9-48a1bd7b7b47 has been successfully formatted.
2023-06-17 14:28:17,744 [077cb259-20d2-413a-a89a-37aebebbc151-groupManagement] INFO  ratis.ContainerStateMachine (ContainerStateMachine.java:loadSnapshot(262)) - group-48A1BD7B7B47: The snapshot info is null. Setting the last applied indexto:(t:0, i:~)
2023-06-17 14:28:17,744 [077cb259-20d2-413a-a89a-37aebebbc151-groupManagement] INFO  server.RaftServerConfigKeys (ConfUtils.java:logGet(46)) - raft.server.log.use.memory = false (default)
2023-06-17 14:28:17,744 [077cb259-20d2-413a-a89a-37aebebbc151-groupManagement] INFO  server.RaftServerConfigKeys (ConfUtils.java:logGet(46)) - raft.server.log.purge.gap = 1000000 (custom)
2023-06-17 14:28:17,744 [077cb259-20d2-413a-a89a-37aebebbc151-groupManagement] INFO  server.RaftServerConfigKeys (ConfUtils.java:logGet(46)) - raft.server.log.appender.buffer.byte-limit = 33554432 (custom)
2023-06-17 14:28:17,744 [077cb259-20d2-413a-a89a-37aebebbc151-groupManagement] INFO  server.RaftServerConfigKeys (ConfUtils.java:logGet(46)) - raft.server.log.statemachine.data.read.timeout = 1000ms (default)
2023-06-17 14:28:17,744 [077cb259-20d2-413a-a89a-37aebebbc151-groupManagement] INFO  server.RaftServerConfigKeys (ConfUtils.java:logGet(46)) - raft.server.log.purge.preservation.log.num = 0 (default)
2023-06-17 14:28:17,744 [077cb259-20d2-413a-a89a-37aebebbc151-groupManagement] INFO  server.RaftServerConfigKeys (ConfUtils.java:logGet(46)) - raft.server.log.segment.size.max = 1048576 (custom)
2023-06-17 14:28:17,745 [077cb259-20d2-413a-a89a-37aebebbc151-groupManagement] INFO  server.RaftServerConfigKeys (ConfUtils.java:logGet(46)) - raft.server.log.segment.cache.num.max = 2 (custom)
2023-06-17 14:28:17,745 [077cb259-20d2-413a-a89a-37aebebbc151-groupManagement] INFO  server.RaftServerConfigKeys (ConfUtils.java:logGet(46)) - raft.server.log.segment.cache.size.max = 200MB (=209715200) (default)
2023-06-17 14:28:17,745 [077cb259-20d2-413a-a89a-37aebebbc151-groupManagement] INFO  server.RaftServerConfigKeys (ConfUtils.java:logGet(46)) - raft.server.log.appender.buffer.byte-limit = 33554432 (custom)
2023-06-17 14:28:17,745 [077cb259-20d2-413a-a89a-37aebebbc151-groupManagement] INFO  segmented.SegmentedRaftLogWorker (SegmentedRaftLogWorker.java:<init>(188)) - new 077cb259-20d2-413a-a89a-37aebebbc151@group-48A1BD7B7B47-SegmentedRaftLogWorker for RaftStorageImpl:Storage Directory /home/runner/work/ozone/ozone/hadoop-ozone/integration-test/target/test-dir/MiniOzoneClusterImpl-8d772b0e-b617-4196-a398-7a8a47ee7084/datanode-2/data/ratis/a2919bfd-34c8-410d-96d9-48a1bd7b7b47
2023-06-17 14:28:17,745 [077cb259-20d2-413a-a89a-37aebebbc151-groupManagement] INFO  server.RaftServerConfigKeys (ConfUtils.java:logGet(46)) - raft.server.log.queue.byte-limit = 4294967296 (custom)
2023-06-17 14:28:17,745 [077cb259-20d2-413a-a89a-37aebebbc151-groupManagement] INFO  server.RaftServerConfigKeys (ConfUtils.java:logGet(46)) - raft.server.log.queue.element-limit = 1024 (custom)
2023-06-17 14:28:17,745 [077cb259-20d2-413a-a89a-37aebebbc151-groupManagement] INFO  server.RaftServerConfigKeys (ConfUtils.java:logGet(46)) - raft.server.log.segment.size.max = 1048576 (custom)
2023-06-17 14:28:17,745 [077cb259-20d2-413a-a89a-37aebebbc151-groupManagement] INFO  server.RaftServerConfigKeys (ConfUtils.java:logGet(46)) - raft.server.log.preallocated.size = 16384 (custom)
2023-06-17 14:28:17,745 [077cb259-20d2-413a-a89a-37aebebbc151-groupManagement] INFO  server.RaftServerConfigKeys (ConfUtils.java:logGet(46)) - raft.server.log.force.sync.num = 128 (default)
2023-06-17 14:28:17,745 [077cb259-20d2-413a-a89a-37aebebbc151-groupManagement] INFO  server.RaftServerConfigKeys (ConfUtils.java:logGet(46)) - raft.server.log.statemachine.data.sync = true (default)
2023-06-17 14:28:17,745 [077cb259-20d2-413a-a89a-37aebebbc151-groupManagement] INFO  server.RaftServerConfigKeys (ConfUtils.java:logGet(46)) - raft.server.log.statemachine.data.sync.timeout = 10s (default)
2023-06-17 14:28:17,745 [077cb259-20d2-413a-a89a-37aebebbc151-groupManagement] INFO  server.RaftServerConfigKeys (ConfUtils.java:logGet(46)) - raft.server.log.statemachine.data.sync.timeout.retry = -1 (default)
2023-06-17 14:28:17,745 [077cb259-20d2-413a-a89a-37aebebbc151-groupManagement] INFO  server.RaftServerConfigKeys (ConfUtils.java:logGet(46)) - raft.server.log.write.buffer.size = 1048576 (custom)
2023-06-17 14:28:17,746 [077cb259-20d2-413a-a89a-37aebebbc151-groupManagement] INFO  server.RaftServerConfigKeys (ConfUtils.java:logGet(46)) - raft.server.log.appender.buffer.byte-limit = 33554432 (custom)
2023-06-17 14:28:17,759 [077cb259-20d2-413a-a89a-37aebebbc151-groupManagement] INFO  server.RaftServerConfigKeys (ConfUtils.java:logGet(46)) - raft.server.log.unsafe-flush.enabled = false (default)
2023-06-17 14:28:17,759 [077cb259-20d2-413a-a89a-37aebebbc151-groupManagement] INFO  server.RaftServerConfigKeys (ConfUtils.java:logGet(46)) - raft.server.log.async-flush.enabled = false (default)
2023-06-17 14:28:17,759 [077cb259-20d2-413a-a89a-37aebebbc151-groupManagement] INFO  server.RaftServerConfigKeys (ConfUtils.java:logGet(46)) - raft.server.log.statemachine.data.caching.enabled = true (custom)
2023-06-17 14:28:17,759 [077cb259-20d2-413a-a89a-37aebebbc151-groupManagement] INFO  segmented.SegmentedRaftLogWorker (SegmentedRaftLogWorker.java:lambda$new$0(135)) - 077cb259-20d2-413a-a89a-37aebebbc151@group-48A1BD7B7B47-SegmentedRaftLogWorker: flushIndex: setUnconditionally 0 -> -1
2023-06-17 14:28:17,759 [077cb259-20d2-413a-a89a-37aebebbc151-groupManagement] INFO  segmented.SegmentedRaftLogWorker (SegmentedRaftLogWorker.java:lambda$new$0(135)) - 077cb259-20d2-413a-a89a-37aebebbc151@group-48A1BD7B7B47-SegmentedRaftLogWorker: safeCacheEvictIndex: setUnconditionally 0 -> -1
2023-06-17 14:28:17,759 [077cb259-20d2-413a-a89a-37aebebbc151-groupManagement] INFO  server.RaftServer$Division (RaftServerImpl.java:start(342)) - 077cb259-20d2-413a-a89a-37aebebbc151@group-48A1BD7B7B47: start as a follower, conf=-1: peers:[47048eaa-a072-4fd8-9d87-63c2f7da8b3d|rpc:10.1.0.30:15093|admin:10.1.0.30:15092|client:10.1.0.30:15091|dataStream:10.1.0.30:15094|priority:0|startupRole:FOLLOWER, d8e5db2f-8a5f-4279-a0a7-2a0e2e29a318|rpc:10.1.0.30:15084|admin:10.1.0.30:15083|client:10.1.0.30:15082|dataStream:10.1.0.30:15085|priority:1|startupRole:FOLLOWER, 077cb259-20d2-413a-a89a-37aebebbc151|rpc:10.1.0.30:15102|admin:10.1.0.30:15101|client:10.1.0.30:15100|dataStream:10.1.0.30:15103|priority:0|startupRole:FOLLOWER]|listeners:[], old=null
2023-06-17 14:28:17,760 [077cb259-20d2-413a-a89a-37aebebbc151-groupManagement] INFO  server.RaftServer$Division (RaftServerImpl.java:setRole(329)) - 077cb259-20d2-413a-a89a-37aebebbc151@group-48A1BD7B7B47: changes role from      null to FOLLOWER at term 0 for startAsFollower
2023-06-17 14:28:17,760 [077cb259-20d2-413a-a89a-37aebebbc151-groupManagement] INFO  impl.RoleInfo (RoleInfo.java:updateAndGet(139)) - 077cb259-20d2-413a-a89a-37aebebbc151: start 077cb259-20d2-413a-a89a-37aebebbc151@group-48A1BD7B7B47-FollowerState
2023-06-17 14:28:17,760 [077cb259-20d2-413a-a89a-37aebebbc151-groupManagement] INFO  util.JmxRegister (JmxRegister.java:tryRegister(44)) - Successfully registered JMX Bean with object name Ratis:service=RaftServer,group=group-48A1BD7B7B47,id=077cb259-20d2-413a-a89a-37aebebbc151
2023-06-17 14:28:17,760 [077cb259-20d2-413a-a89a-37aebebbc151-groupManagement] INFO  server.RaftServerConfigKeys (ConfUtils.java:logGet(46)) - raft.server.snapshot.auto.trigger.enabled = true (custom)
2023-06-17 14:28:17,760 [077cb259-20d2-413a-a89a-37aebebbc151-groupManagement] INFO  server.RaftServerConfigKeys (ConfUtils.java:logGet(46)) - raft.server.snapshot.auto.trigger.threshold = 10000 (custom)
2023-06-17 14:28:17,760 [077cb259-20d2-413a-a89a-37aebebbc151-groupManagement] INFO  server.RaftServerConfigKeys (ConfUtils.java:logGet(46)) - raft.server.snapshot.retention.file.num = 5 (custom)
2023-06-17 14:28:17,760 [077cb259-20d2-413a-a89a-37aebebbc151-groupManagement] INFO  server.RaftServerConfigKeys (ConfUtils.java:logGet(46)) - raft.server.log.purge.upto.snapshot.index = false (default)
2023-06-17 14:28:17,761 [077cb259-20d2-413a-a89a-37aebebbc151@group-48A1BD7B7B47-FollowerState] INFO  server.RaftServerConfigKeys (ConfUtils.java:logFallback(53)) - raft.server.rpc.first-election.timeout.min = 5s (fallback to raft.server.rpc.timeout.min)
2023-06-17 14:28:17,761 [077cb259-20d2-413a-a89a-37aebebbc151@group-48A1BD7B7B47-FollowerState] INFO  server.RaftServerConfigKeys (ConfUtils.java:logFallback(53)) - raft.server.rpc.first-election.timeout.max = 5200ms (fallback to raft.server.rpc.timeout.max)
2023-06-17 14:28:17,768 [PipelineCommandHandlerThread-0] INFO  commandhandler.CreatePipelineCommandHandler (CreatePipelineCommandHandler.java:lambda$handle$2(124)) - Created Pipeline RATIS THREE PipelineID=a2919bfd-34c8-410d-96d9-48a1bd7b7b47.
2023-06-17 14:28:17,795 [PipelineCommandHandlerThread-0] INFO  server.RaftServer (RaftServerProxy.java:addNew(98)) - 47048eaa-a072-4fd8-9d87-63c2f7da8b3d: addNew group-D867A173262D:[47048eaa-a072-4fd8-9d87-63c2f7da8b3d|rpc:10.1.0.30:15093|admin:10.1.0.30:15092|client:10.1.0.30:15091|dataStream:10.1.0.30:15094|priority:1|startupRole:FOLLOWER] returns group-D867A173262D:java.util.concurrent.CompletableFuture@2afee845[Not completed]
2023-06-17 14:28:17,796 [47048eaa-a072-4fd8-9d87-63c2f7da8b3d-groupManagement] INFO  server.RaftServer$Division (RaftServerImpl.java:<init>(198)) - 47048eaa-a072-4fd8-9d87-63c2f7da8b3d: new RaftServerImpl for group-D867A173262D:[47048eaa-a072-4fd8-9d87-63c2f7da8b3d|rpc:10.1.0.30:15093|admin:10.1.0.30:15092|client:10.1.0.30:15091|dataStream:10.1.0.30:15094|priority:1|startupRole:FOLLOWER] with ContainerStateMachine:uninitialized
2023-06-17 14:28:17,796 [47048eaa-a072-4fd8-9d87-63c2f7da8b3d-groupManagement] INFO  server.RaftServerConfigKeys (ConfUtils.java:logGet(46)) - raft.server.rpc.timeout.min = 5s (custom)
2023-06-17 14:28:17,796 [47048eaa-a072-4fd8-9d87-63c2f7da8b3d-groupManagement] INFO  server.RaftServerConfigKeys (ConfUtils.java:logGet(46)) - raft.server.rpc.timeout.max = 5200ms (custom)
2023-06-17 14:28:17,796 [47048eaa-a072-4fd8-9d87-63c2f7da8b3d-groupManagement] INFO  server.RaftServerConfigKeys (ConfUtils.java:logGet(46)) - raft.server.rpc.sleep.time = 25ms (default)
2023-06-17 14:28:17,796 [47048eaa-a072-4fd8-9d87-63c2f7da8b3d-groupManagement] INFO  server.RaftServerConfigKeys (ConfUtils.java:logGet(46)) - raft.server.rpc.slowness.timeout = 300s (custom)
2023-06-17 14:28:17,796 [47048eaa-a072-4fd8-9d87-63c2f7da8b3d-groupManagement] INFO  server.RaftServerConfigKeys (ConfUtils.java:logGet(46)) - raft.server.leaderelection.leader.step-down.wait-time = 10s (default)
2023-06-17 14:28:17,796 [47048eaa-a072-4fd8-9d87-63c2f7da8b3d-groupManagement] INFO  server.RaftServerConfigKeys (ConfUtils.java:logGet(46)) - raft.server.sleep.deviation.threshold = 300ms (default)
2023-06-17 14:28:17,796 [47048eaa-a072-4fd8-9d87-63c2f7da8b3d-groupManagement] INFO  server.RaftServer$Division (ServerState.java:<init>(120)) - 47048eaa-a072-4fd8-9d87-63c2f7da8b3d@group-D867A173262D: ConfigurationManager, init=-1: peers:[47048eaa-a072-4fd8-9d87-63c2f7da8b3d|rpc:10.1.0.30:15093|admin:10.1.0.30:15092|client:10.1.0.30:15091|dataStream:10.1.0.30:15094|priority:1|startupRole:FOLLOWER]|listeners:[], old=null, confs=<EMPTY_MAP>
2023-06-17 14:28:17,796 [47048eaa-a072-4fd8-9d87-63c2f7da8b3d-groupManagement] INFO  server.RaftServerConfigKeys (ConfUtils.java:logGet(46)) - raft.server.storage.dir = [/home/runner/work/ozone/ozone/hadoop-ozone/integration-test/target/test-dir/MiniOzoneClusterImpl-8d772b0e-b617-4196-a398-7a8a47ee7084/datanode-1/data/ratis] (custom)
2023-06-17 14:28:17,796 [47048eaa-a072-4fd8-9d87-63c2f7da8b3d-groupManagement] INFO  server.RaftServerConfigKeys (ConfUtils.java:logGet(46)) - raft.server.log.corruption.policy = EXCEPTION (default)
2023-06-17 14:28:17,796 [47048eaa-a072-4fd8-9d87-63c2f7da8b3d-groupManagement] INFO  server.RaftServerConfigKeys (ConfUtils.java:logGet(46)) - raft.server.storage.free-space.min = 0MB (=0) (default)
2023-06-17 14:28:17,797 [47048eaa-a072-4fd8-9d87-63c2f7da8b3d-groupManagement] INFO  server.RaftServerConfigKeys (ConfUtils.java:logGet(46)) - raft.server.notification.no-leader.timeout = 300s (custom)
2023-06-17 14:28:17,797 [47048eaa-a072-4fd8-9d87-63c2f7da8b3d-groupManagement] INFO  server.RaftServerConfigKeys (ConfUtils.java:logGet(46)) - raft.server.read.timeout = 10s (default)
2023-06-17 14:28:17,797 [47048eaa-a072-4fd8-9d87-63c2f7da8b3d-groupManagement] INFO  server.RaftServerConfigKeys (ConfUtils.java:logGet(46)) - raft.server.retrycache.expirytime = 600000ms (custom)
2023-06-17 14:28:17,797 [47048eaa-a072-4fd8-9d87-63c2f7da8b3d-groupManagement] INFO  server.RaftServerConfigKeys (ConfUtils.java:logGet(46)) - raft.server.retrycache.statistics.expirytime = 100μs (default)
2023-06-17 14:28:17,797 [47048eaa-a072-4fd8-9d87-63c2f7da8b3d-groupManagement] INFO  server.RaftServerConfigKeys (ConfUtils.java:logGet(46)) - raft.server.read.option = DEFAULT (default)
2023-06-17 14:28:17,797 [47048eaa-a072-4fd8-9d87-63c2f7da8b3d-groupManagement] INFO  server.RaftServerConfigKeys (ConfUtils.java:logGet(46)) - raft.server.rpc.request.timeout = 60s (custom)
2023-06-17 14:28:17,798 [47048eaa-a072-4fd8-9d87-63c2f7da8b3d-groupManagement] INFO  server.RaftServerConfigKeys (ConfUtils.java:logGet(46)) - raft.server.log.appender.install.snapshot.enabled = false (custom)
2023-06-17 14:28:17,798 [47048eaa-a072-4fd8-9d87-63c2f7da8b3d-groupManagement] INFO  server.RaftServerConfigKeys (ConfUtils.java:logGet(46)) - raft.server.threadpool.server.cached = true (default)
2023-06-17 14:28:17,798 [47048eaa-a072-4fd8-9d87-63c2f7da8b3d-groupManagement] INFO  server.RaftServerConfigKeys (ConfUtils.java:logGet(46)) - raft.server.threadpool.server.size = 0 (default)
2023-06-17 14:28:17,798 [47048eaa-a072-4fd8-9d87-63c2f7da8b3d-groupManagement] INFO  server.RaftServerConfigKeys (ConfUtils.java:logGet(46)) - raft.server.threadpool.client.cached = true (default)
2023-06-17 14:28:17,798 [47048eaa-a072-4fd8-9d87-63c2f7da8b3d-groupManagement] INFO  server.RaftServerConfigKeys (ConfUtils.java:logGet(46)) - raft.server.threadpool.client.size = 0 (default)
2023-06-17 14:28:17,798 [47048eaa-a072-4fd8-9d87-63c2f7da8b3d-groupManagement] INFO  storage.RaftStorageDirectory (RaftStorageDirectoryImpl.java:analyzeStorage(137)) - The storage directory /home/runner/work/ozone/ozone/hadoop-ozone/integration-test/target/test-dir/MiniOzoneClusterImpl-8d772b0e-b617-4196-a398-7a8a47ee7084/datanode-1/data/ratis/0d507de8-ebd0-461d-9e58-d867a173262d does not exist. Creating ...
2023-06-17 14:28:17,799 [47048eaa-a072-4fd8-9d87-63c2f7da8b3d-groupManagement] INFO  storage.RaftStorageDirectory (RaftStorageDirectoryImpl.java:tryLock(231)) - Lock on /home/runner/work/ozone/ozone/hadoop-ozone/integration-test/target/test-dir/MiniOzoneClusterImpl-8d772b0e-b617-4196-a398-7a8a47ee7084/datanode-1/data/ratis/0d507de8-ebd0-461d-9e58-d867a173262d/in_use.lock acquired by nodename 109811@fv-az1035-386
2023-06-17 14:28:17,800 [47048eaa-a072-4fd8-9d87-63c2f7da8b3d-groupManagement] INFO  storage.RaftStorage (RaftStorageImpl.java:format(96)) - Storage directory /home/runner/work/ozone/ozone/hadoop-ozone/integration-test/target/test-dir/MiniOzoneClusterImpl-8d772b0e-b617-4196-a398-7a8a47ee7084/datanode-1/data/ratis/0d507de8-ebd0-461d-9e58-d867a173262d has been successfully formatted.
2023-06-17 14:28:17,801 [47048eaa-a072-4fd8-9d87-63c2f7da8b3d-groupManagement] INFO  ratis.ContainerStateMachine (ContainerStateMachine.java:loadSnapshot(262)) - group-D867A173262D: The snapshot info is null. Setting the last applied indexto:(t:0, i:~)
2023-06-17 14:28:17,801 [47048eaa-a072-4fd8-9d87-63c2f7da8b3d-groupManagement] INFO  server.RaftServerConfigKeys (ConfUtils.java:logGet(46)) - raft.server.log.use.memory = false (default)
2023-06-17 14:28:17,801 [47048eaa-a072-4fd8-9d87-63c2f7da8b3d-groupManagement] INFO  server.RaftServerConfigKeys (ConfUtils.java:logGet(46)) - raft.server.log.purge.gap = 1000000 (custom)
2023-06-17 14:28:17,801 [47048eaa-a072-4fd8-9d87-63c2f7da8b3d-groupManagement] INFO  server.RaftServerConfigKeys (ConfUtils.java:logGet(46)) - raft.server.log.appender.buffer.byte-limit = 33554432 (custom)
2023-06-17 14:28:17,801 [47048eaa-a072-4fd8-9d87-63c2f7da8b3d-groupManagement] INFO  server.RaftServerConfigKeys (ConfUtils.java:logGet(46)) - raft.server.log.statemachine.data.read.timeout = 1000ms (default)
2023-06-17 14:28:17,801 [47048eaa-a072-4fd8-9d87-63c2f7da8b3d-groupManagement] INFO  server.RaftServerConfigKeys (ConfUtils.java:logGet(46)) - raft.server.log.purge.preservation.log.num = 0 (default)
2023-06-17 14:28:17,802 [EventQueue-PipelineReportForPipelineReportHandler] INFO  pipeline.PipelineManagerImpl (PipelineManagerImpl.java:openPipeline(367)) - Pipeline Pipeline[ Id: 0d507de8-ebd0-461d-9e58-d867a173262d, Nodes: 47048eaa-a072-4fd8-9d87-63c2f7da8b3d(fv-az1035-386.p4kjid14prhuxkk4m0x4prg4bg.cx.internal.cloudapp.net/10.1.0.30), ReplicationConfig: RATIS/ONE, State:ALLOCATED, leaderId:47048eaa-a072-4fd8-9d87-63c2f7da8b3d, CreationTimestamp2023-06-17T14:28:14.797Z[Etc/UTC]] moved to OPEN state
2023-06-17 14:28:17,802 [EventQueue-OpenPipelineForHealthyPipelineSafeModeRule] INFO  safemode.SCMSafeModeManager (HealthyPipelineSafeModeRule.java:process(137)) - SCM in safe mode. Healthy pipelines reported count is 0, required healthy pipeline reported count is 1
2023-06-17 14:28:17,803 [47048eaa-a072-4fd8-9d87-63c2f7da8b3d-groupManagement] INFO  server.RaftServerConfigKeys (ConfUtils.java:logGet(46)) - raft.server.log.segment.size.max = 1048576 (custom)
2023-06-17 14:28:17,803 [47048eaa-a072-4fd8-9d87-63c2f7da8b3d-groupManagement] INFO  server.RaftServerConfigKeys (ConfUtils.java:logGet(46)) - raft.server.log.segment.cache.num.max = 2 (custom)
2023-06-17 14:28:17,803 [47048eaa-a072-4fd8-9d87-63c2f7da8b3d-groupManagement] INFO  server.RaftServerConfigKeys (ConfUtils.java:logGet(46)) - raft.server.log.segment.cache.size.max = 200MB (=209715200) (default)
2023-06-17 14:28:17,803 [47048eaa-a072-4fd8-9d87-63c2f7da8b3d-groupManagement] INFO  server.RaftServerConfigKeys (ConfUtils.java:logGet(46)) - raft.server.log.appender.buffer.byte-limit = 33554432 (custom)
2023-06-17 14:28:17,803 [47048eaa-a072-4fd8-9d87-63c2f7da8b3d-groupManagement] INFO  segmented.SegmentedRaftLogWorker (SegmentedRaftLogWorker.java:<init>(188)) - new 47048eaa-a072-4fd8-9d87-63c2f7da8b3d@group-D867A173262D-SegmentedRaftLogWorker for RaftStorageImpl:Storage Directory /home/runner/work/ozone/ozone/hadoop-ozone/integration-test/target/test-dir/MiniOzoneClusterImpl-8d772b0e-b617-4196-a398-7a8a47ee7084/datanode-1/data/ratis/0d507de8-ebd0-461d-9e58-d867a173262d
2023-06-17 14:28:17,803 [47048eaa-a072-4fd8-9d87-63c2f7da8b3d-groupManagement] INFO  server.RaftServerConfigKeys (ConfUtils.java:logGet(46)) - raft.server.log.queue.byte-limit = 4294967296 (custom)
2023-06-17 14:28:17,803 [47048eaa-a072-4fd8-9d87-63c2f7da8b3d-groupManagement] INFO  server.RaftServerConfigKeys (ConfUtils.java:logGet(46)) - raft.server.log.queue.element-limit = 1024 (custom)
2023-06-17 14:28:17,803 [47048eaa-a072-4fd8-9d87-63c2f7da8b3d-groupManagement] INFO  server.RaftServerConfigKeys (ConfUtils.java:logGet(46)) - raft.server.log.segment.size.max = 1048576 (custom)
2023-06-17 14:28:17,803 [47048eaa-a072-4fd8-9d87-63c2f7da8b3d-groupManagement] INFO  server.RaftServerConfigKeys (ConfUtils.java:logGet(46)) - raft.server.log.preallocated.size = 16384 (custom)
2023-06-17 14:28:17,803 [47048eaa-a072-4fd8-9d87-63c2f7da8b3d-groupManagement] INFO  server.RaftServerConfigKeys (ConfUtils.java:logGet(46)) - raft.server.log.force.sync.num = 128 (default)
2023-06-17 14:28:17,803 [47048eaa-a072-4fd8-9d87-63c2f7da8b3d-groupManagement] INFO  server.RaftServerConfigKeys (ConfUtils.java:logGet(46)) - raft.server.log.statemachine.data.sync = true (default)
2023-06-17 14:28:17,803 [47048eaa-a072-4fd8-9d87-63c2f7da8b3d-groupManagement] INFO  server.RaftServerConfigKeys (ConfUtils.java:logGet(46)) - raft.server.log.statemachine.data.sync.timeout = 10s (default)
2023-06-17 14:28:17,803 [47048eaa-a072-4fd8-9d87-63c2f7da8b3d-groupManagement] INFO  server.RaftServerConfigKeys (ConfUtils.java:logGet(46)) - raft.server.log.statemachine.data.sync.timeout.retry = -1 (default)
2023-06-17 14:28:17,804 [47048eaa-a072-4fd8-9d87-63c2f7da8b3d-groupManagement] INFO  server.RaftServerConfigKeys (ConfUtils.java:logGet(46)) - raft.server.log.write.buffer.size = 1048576 (custom)
2023-06-17 14:28:17,805 [47048eaa-a072-4fd8-9d87-63c2f7da8b3d-groupManagement] INFO  server.RaftServerConfigKeys (ConfUtils.java:logGet(46)) - raft.server.log.appender.buffer.byte-limit = 33554432 (custom)
2023-06-17 14:28:17,815 [47048eaa-a072-4fd8-9d87-63c2f7da8b3d-groupManagement] INFO  server.RaftServerConfigKeys (ConfUtils.java:logGet(46)) - raft.server.log.unsafe-flush.enabled = false (default)
2023-06-17 14:28:17,815 [47048eaa-a072-4fd8-9d87-63c2f7da8b3d-groupManagement] INFO  server.RaftServerConfigKeys (ConfUtils.java:logGet(46)) - raft.server.log.async-flush.enabled = false (default)
2023-06-17 14:28:17,815 [47048eaa-a072-4fd8-9d87-63c2f7da8b3d-groupManagement] INFO  server.RaftServerConfigKeys (ConfUtils.java:logGet(46)) - raft.server.log.statemachine.data.caching.enabled = true (custom)
2023-06-17 14:28:17,816 [47048eaa-a072-4fd8-9d87-63c2f7da8b3d-groupManagement] INFO  segmented.SegmentedRaftLogWorker (SegmentedRaftLogWorker.java:lambda$new$0(135)) - 47048eaa-a072-4fd8-9d87-63c2f7da8b3d@group-D867A173262D-SegmentedRaftLogWorker: flushIndex: setUnconditionally 0 -> -1
2023-06-17 14:28:17,816 [47048eaa-a072-4fd8-9d87-63c2f7da8b3d-groupManagement] INFO  segmented.SegmentedRaftLogWorker (SegmentedRaftLogWorker.java:lambda$new$0(135)) - 47048eaa-a072-4fd8-9d87-63c2f7da8b3d@group-D867A173262D-SegmentedRaftLogWorker: safeCacheEvictIndex: setUnconditionally 0 -> -1
2023-06-17 14:28:17,817 [47048eaa-a072-4fd8-9d87-63c2f7da8b3d-groupManagement] INFO  server.RaftServer$Division (RaftServerImpl.java:start(342)) - 47048eaa-a072-4fd8-9d87-63c2f7da8b3d@group-D867A173262D: start as a follower, conf=-1: peers:[47048eaa-a072-4fd8-9d87-63c2f7da8b3d|rpc:10.1.0.30:15093|admin:10.1.0.30:15092|client:10.1.0.30:15091|dataStream:10.1.0.30:15094|priority:1|startupRole:FOLLOWER]|listeners:[], old=null
2023-06-17 14:28:17,817 [47048eaa-a072-4fd8-9d87-63c2f7da8b3d-groupManagement] INFO  server.RaftServer$Division (RaftServerImpl.java:setRole(329)) - 47048eaa-a072-4fd8-9d87-63c2f7da8b3d@group-D867A173262D: changes role from      null to FOLLOWER at term 0 for startAsFollower
2023-06-17 14:28:17,817 [47048eaa-a072-4fd8-9d87-63c2f7da8b3d-groupManagement] INFO  impl.RoleInfo (RoleInfo.java:updateAndGet(139)) - 47048eaa-a072-4fd8-9d87-63c2f7da8b3d: start 47048eaa-a072-4fd8-9d87-63c2f7da8b3d@group-D867A173262D-FollowerState
2023-06-17 14:28:17,818 [47048eaa-a072-4fd8-9d87-63c2f7da8b3d-groupManagement] INFO  util.JmxRegister (JmxRegister.java:tryRegister(44)) - Successfully registered JMX Bean with object name Ratis:service=RaftServer,group=group-D867A173262D,id=47048eaa-a072-4fd8-9d87-63c2f7da8b3d
2023-06-17 14:28:17,818 [47048eaa-a072-4fd8-9d87-63c2f7da8b3d-groupManagement] INFO  server.RaftServerConfigKeys (ConfUtils.java:logGet(46)) - raft.server.snapshot.auto.trigger.enabled = true (custom)
2023-06-17 14:28:17,818 [47048eaa-a072-4fd8-9d87-63c2f7da8b3d-groupManagement] INFO  server.RaftServerConfigKeys (ConfUtils.java:logGet(46)) - raft.server.snapshot.auto.trigger.threshold = 10000 (custom)
2023-06-17 14:28:17,818 [47048eaa-a072-4fd8-9d87-63c2f7da8b3d-groupManagement] INFO  server.RaftServerConfigKeys (ConfUtils.java:logGet(46)) - raft.server.snapshot.retention.file.num = 5 (custom)
2023-06-17 14:28:17,818 [47048eaa-a072-4fd8-9d87-63c2f7da8b3d-groupManagement] INFO  server.RaftServerConfigKeys (ConfUtils.java:logGet(46)) - raft.server.log.purge.upto.snapshot.index = false (default)
2023-06-17 14:28:17,819 [47048eaa-a072-4fd8-9d87-63c2f7da8b3d@group-D867A173262D-FollowerState] INFO  server.RaftServerConfigKeys (ConfUtils.java:logFallback(53)) - raft.server.rpc.first-election.timeout.min = 5s (fallback to raft.server.rpc.timeout.min)
2023-06-17 14:28:17,819 [47048eaa-a072-4fd8-9d87-63c2f7da8b3d@group-D867A173262D-FollowerState] INFO  server.RaftServerConfigKeys (ConfUtils.java:logFallback(53)) - raft.server.rpc.first-election.timeout.max = 5200ms (fallback to raft.server.rpc.timeout.max)
2023-06-17 14:28:17,819 [PipelineCommandHandlerThread-0] INFO  ratis.XceiverServerRatis (XceiverServerRatis.java:addGroup(804)) - Created group PipelineID=0d507de8-ebd0-461d-9e58-d867a173262d
2023-06-17 14:28:17,819 [PipelineCommandHandlerThread-0] INFO  commandhandler.CreatePipelineCommandHandler (CreatePipelineCommandHandler.java:lambda$handle$2(124)) - Created Pipeline RATIS ONE PipelineID=0d507de8-ebd0-461d-9e58-d867a173262d.
2023-06-17 14:28:18,113 [PipelineCommandHandlerThread-0] INFO  server.RaftServer (RaftServerProxy.java:addNew(98)) - 077cb259-20d2-413a-a89a-37aebebbc151: addNew group-1ED2AC36BD69:[077cb259-20d2-413a-a89a-37aebebbc151|rpc:10.1.0.30:15102|admin:10.1.0.30:15101|client:10.1.0.30:15100|dataStream:10.1.0.30:15103|priority:1|startupRole:FOLLOWER] returns group-1ED2AC36BD69:java.util.concurrent.CompletableFuture@43110828[Not completed]
2023-06-17 14:28:18,114 [077cb259-20d2-413a-a89a-37aebebbc151-groupManagement] INFO  server.RaftServer$Division (RaftServerImpl.java:<init>(198)) - 077cb259-20d2-413a-a89a-37aebebbc151: new RaftServerImpl for group-1ED2AC36BD69:[077cb259-20d2-413a-a89a-37aebebbc151|rpc:10.1.0.30:15102|admin:10.1.0.30:15101|client:10.1.0.30:15100|dataStream:10.1.0.30:15103|priority:1|startupRole:FOLLOWER] with ContainerStateMachine:uninitialized
2023-06-17 14:28:18,114 [077cb259-20d2-413a-a89a-37aebebbc151-groupManagement] INFO  server.RaftServerConfigKeys (ConfUtils.java:logGet(46)) - raft.server.rpc.timeout.min = 5s (custom)
2023-06-17 14:28:18,114 [077cb259-20d2-413a-a89a-37aebebbc151-groupManagement] INFO  server.RaftServerConfigKeys (ConfUtils.java:logGet(46)) - raft.server.rpc.timeout.max = 5200ms (custom)
2023-06-17 14:28:18,114 [077cb259-20d2-413a-a89a-37aebebbc151-groupManagement] INFO  server.RaftServerConfigKeys (ConfUtils.java:logGet(46)) - raft.server.rpc.sleep.time = 25ms (default)
2023-06-17 14:28:18,114 [077cb259-20d2-413a-a89a-37aebebbc151-groupManagement] INFO  server.RaftServerConfigKeys (ConfUtils.java:logGet(46)) - raft.server.rpc.slowness.timeout = 300s (custom)
2023-06-17 14:28:18,114 [077cb259-20d2-413a-a89a-37aebebbc151-groupManagement] INFO  server.RaftServerConfigKeys (ConfUtils.java:logGet(46)) - raft.server.leaderelection.leader.step-down.wait-time = 10s (default)
2023-06-17 14:28:18,114 [077cb259-20d2-413a-a89a-37aebebbc151-groupManagement] INFO  server.RaftServerConfigKeys (ConfUtils.java:logGet(46)) - raft.server.sleep.deviation.threshold = 300ms (default)
2023-06-17 14:28:18,114 [077cb259-20d2-413a-a89a-37aebebbc151-groupManagement] INFO  server.RaftServer$Division (ServerState.java:<init>(120)) - 077cb259-20d2-413a-a89a-37aebebbc151@group-1ED2AC36BD69: ConfigurationManager, init=-1: peers:[077cb259-20d2-413a-a89a-37aebebbc151|rpc:10.1.0.30:15102|admin:10.1.0.30:15101|client:10.1.0.30:15100|dataStream:10.1.0.30:15103|priority:1|startupRole:FOLLOWER]|listeners:[], old=null, confs=<EMPTY_MAP>
2023-06-17 14:28:18,114 [077cb259-20d2-413a-a89a-37aebebbc151-groupManagement] INFO  server.RaftServerConfigKeys (ConfUtils.java:logGet(46)) - raft.server.storage.dir = [/home/runner/work/ozone/ozone/hadoop-ozone/integration-test/target/test-dir/MiniOzoneClusterImpl-8d772b0e-b617-4196-a398-7a8a47ee7084/datanode-2/data/ratis] (custom)
2023-06-17 14:28:18,115 [077cb259-20d2-413a-a89a-37aebebbc151-groupManagement] INFO  server.RaftServerConfigKeys (ConfUtils.java:logGet(46)) - raft.server.log.corruption.policy = EXCEPTION (default)
2023-06-17 14:28:18,115 [077cb259-20d2-413a-a89a-37aebebbc151-groupManagement] INFO  server.RaftServerConfigKeys (ConfUtils.java:logGet(46)) - raft.server.storage.free-space.min = 0MB (=0) (default)
2023-06-17 14:28:18,115 [077cb259-20d2-413a-a89a-37aebebbc151-groupManagement] INFO  server.RaftServerConfigKeys (ConfUtils.java:logGet(46)) - raft.server.notification.no-leader.timeout = 300s (custom)
2023-06-17 14:28:18,115 [077cb259-20d2-413a-a89a-37aebebbc151-groupManagement] INFO  server.RaftServerConfigKeys (ConfUtils.java:logGet(46)) - raft.server.read.timeout = 10s (default)
2023-06-17 14:28:18,115 [077cb259-20d2-413a-a89a-37aebebbc151-groupManagement] INFO  server.RaftServerConfigKeys (ConfUtils.java:logGet(46)) - raft.server.retrycache.expirytime = 600000ms (custom)
2023-06-17 14:28:18,115 [077cb259-20d2-413a-a89a-37aebebbc151-groupManagement] INFO  server.RaftServerConfigKeys (ConfUtils.java:logGet(46)) - raft.server.retrycache.statistics.expirytime = 100μs (default)
2023-06-17 14:28:18,115 [077cb259-20d2-413a-a89a-37aebebbc151-groupManagement] INFO  server.RaftServerConfigKeys (ConfUtils.java:logGet(46)) - raft.server.read.option = DEFAULT (default)
2023-06-17 14:28:18,116 [077cb259-20d2-413a-a89a-37aebebbc151-groupManagement] INFO  server.RaftServerConfigKeys (ConfUtils.java:logGet(46)) - raft.server.rpc.request.timeout = 60s (custom)
2023-06-17 14:28:18,116 [077cb259-20d2-413a-a89a-37aebebbc151-groupManagement] INFO  server.RaftServerConfigKeys (ConfUtils.java:logGet(46)) - raft.server.log.appender.install.snapshot.enabled = false (custom)
2023-06-17 14:28:18,116 [077cb259-20d2-413a-a89a-37aebebbc151-groupManagement] INFO  server.RaftServerConfigKeys (ConfUtils.java:logGet(46)) - raft.server.threadpool.server.cached = true (default)
2023-06-17 14:28:18,116 [077cb259-20d2-413a-a89a-37aebebbc151-groupManagement] INFO  server.RaftServerConfigKeys (ConfUtils.java:logGet(46)) - raft.server.threadpool.server.size = 0 (default)
2023-06-17 14:28:18,116 [077cb259-20d2-413a-a89a-37aebebbc151-groupManagement] INFO  server.RaftServerConfigKeys (ConfUtils.java:logGet(46)) - raft.server.threadpool.client.cached = true (default)
2023-06-17 14:28:18,116 [077cb259-20d2-413a-a89a-37aebebbc151-groupManagement] INFO  server.RaftServerConfigKeys (ConfUtils.java:logGet(46)) - raft.server.threadpool.client.size = 0 (default)
2023-06-17 14:28:18,116 [main] INFO  ozone.MiniOzoneClusterImpl (MiniOzoneClusterImpl.java:lambda$waitForClusterToBeReady$0(224)) - Nodes are ready. Got 3 of 3 DN Heartbeats.
2023-06-17 14:28:18,117 [main] INFO  ozone.MiniOzoneClusterImpl (MiniOzoneClusterImpl.java:lambda$waitForClusterToBeReady$0(227)) - Waiting for cluster to exit safe mode
2023-06-17 14:28:18,117 [main] INFO  ozone.MiniOzoneClusterImpl (MiniOzoneClusterImpl.java:lambda$waitForClusterToBeReady$0(229)) - SCM became leader
2023-06-17 14:28:18,117 [077cb259-20d2-413a-a89a-37aebebbc151-groupManagement] INFO  storage.RaftStorageDirectory (RaftStorageDirectoryImpl.java:analyzeStorage(137)) - The storage directory /home/runner/work/ozone/ozone/hadoop-ozone/integration-test/target/test-dir/MiniOzoneClusterImpl-8d772b0e-b617-4196-a398-7a8a47ee7084/datanode-2/data/ratis/9a7df78e-0780-44a2-b5db-1ed2ac36bd69 does not exist. Creating ...
2023-06-17 14:28:18,118 [077cb259-20d2-413a-a89a-37aebebbc151-groupManagement] INFO  storage.RaftStorageDirectory (RaftStorageDirectoryImpl.java:tryLock(231)) - Lock on /home/runner/work/ozone/ozone/hadoop-ozone/integration-test/target/test-dir/MiniOzoneClusterImpl-8d772b0e-b617-4196-a398-7a8a47ee7084/datanode-2/data/ratis/9a7df78e-0780-44a2-b5db-1ed2ac36bd69/in_use.lock acquired by nodename 109811@fv-az1035-386
2023-06-17 14:28:18,119 [077cb259-20d2-413a-a89a-37aebebbc151-groupManagement] INFO  storage.RaftStorage (RaftStorageImpl.java:format(96)) - Storage directory /home/runner/work/ozone/ozone/hadoop-ozone/integration-test/target/test-dir/MiniOzoneClusterImpl-8d772b0e-b617-4196-a398-7a8a47ee7084/datanode-2/data/ratis/9a7df78e-0780-44a2-b5db-1ed2ac36bd69 has been successfully formatted.
2023-06-17 14:28:18,120 [077cb259-20d2-413a-a89a-37aebebbc151-groupManagement] INFO  ratis.ContainerStateMachine (ContainerStateMachine.java:loadSnapshot(262)) - group-1ED2AC36BD69: The snapshot info is null. Setting the last applied indexto:(t:0, i:~)
2023-06-17 14:28:18,120 [077cb259-20d2-413a-a89a-37aebebbc151-groupManagement] INFO  server.RaftServerConfigKeys (ConfUtils.java:logGet(46)) - raft.server.log.use.memory = false (default)
2023-06-17 14:28:18,120 [077cb259-20d2-413a-a89a-37aebebbc151-groupManagement] INFO  server.RaftServerConfigKeys (ConfUtils.java:logGet(46)) - raft.server.log.purge.gap = 1000000 (custom)
2023-06-17 14:28:18,120 [077cb259-20d2-413a-a89a-37aebebbc151-groupManagement] INFO  server.RaftServerConfigKeys (ConfUtils.java:logGet(46)) - raft.server.log.appender.buffer.byte-limit = 33554432 (custom)
2023-06-17 14:28:18,120 [077cb259-20d2-413a-a89a-37aebebbc151-groupManagement] INFO  server.RaftServerConfigKeys (ConfUtils.java:logGet(46)) - raft.server.log.statemachine.data.read.timeout = 1000ms (default)
2023-06-17 14:28:18,120 [077cb259-20d2-413a-a89a-37aebebbc151-groupManagement] INFO  server.RaftServerConfigKeys (ConfUtils.java:logGet(46)) - raft.server.log.purge.preservation.log.num = 0 (default)
2023-06-17 14:28:18,120 [077cb259-20d2-413a-a89a-37aebebbc151-groupManagement] INFO  server.RaftServerConfigKeys (ConfUtils.java:logGet(46)) - raft.server.log.segment.size.max = 1048576 (custom)
2023-06-17 14:28:18,121 [EventQueue-PipelineReportForPipelineReportHandler] INFO  pipeline.PipelineManagerImpl (PipelineManagerImpl.java:openPipeline(367)) - Pipeline Pipeline[ Id: 9a7df78e-0780-44a2-b5db-1ed2ac36bd69, Nodes: 077cb259-20d2-413a-a89a-37aebebbc151(fv-az1035-386.p4kjid14prhuxkk4m0x4prg4bg.cx.internal.cloudapp.net/10.1.0.30), ReplicationConfig: RATIS/ONE, State:ALLOCATED, leaderId:077cb259-20d2-413a-a89a-37aebebbc151, CreationTimestamp2023-06-17T14:28:15.118Z[Etc/UTC]] moved to OPEN state
2023-06-17 14:28:18,122 [EventQueue-OpenPipelineForHealthyPipelineSafeModeRule] INFO  safemode.SCMSafeModeManager (HealthyPipelineSafeModeRule.java:process(137)) - SCM in safe mode. Healthy pipelines reported count is 0, required healthy pipeline reported count is 1
2023-06-17 14:28:18,122 [077cb259-20d2-413a-a89a-37aebebbc151-groupManagement] INFO  server.RaftServerConfigKeys (ConfUtils.java:logGet(46)) - raft.server.log.segment.cache.num.max = 2 (custom)
2023-06-17 14:28:18,122 [077cb259-20d2-413a-a89a-37aebebbc151-groupManagement] INFO  server.RaftServerConfigKeys (ConfUtils.java:logGet(46)) - raft.server.log.segment.cache.size.max = 200MB (=209715200) (default)
2023-06-17 14:28:18,123 [077cb259-20d2-413a-a89a-37aebebbc151-groupManagement] INFO  server.RaftServerConfigKeys (ConfUtils.java:logGet(46)) - raft.server.log.appender.buffer.byte-limit = 33554432 (custom)
2023-06-17 14:28:18,123 [077cb259-20d2-413a-a89a-37aebebbc151-groupManagement] INFO  segmented.SegmentedRaftLogWorker (SegmentedRaftLogWorker.java:<init>(188)) - new 077cb259-20d2-413a-a89a-37aebebbc151@group-1ED2AC36BD69-SegmentedRaftLogWorker for RaftStorageImpl:Storage Directory /home/runner/work/ozone/ozone/hadoop-ozone/integration-test/target/test-dir/MiniOzoneClusterImpl-8d772b0e-b617-4196-a398-7a8a47ee7084/datanode-2/data/ratis/9a7df78e-0780-44a2-b5db-1ed2ac36bd69
2023-06-17 14:28:18,123 [077cb259-20d2-413a-a89a-37aebebbc151-groupManagement] INFO  server.RaftServerConfigKeys (ConfUtils.java:logGet(46)) - raft.server.log.queue.byte-limit = 4294967296 (custom)
2023-06-17 14:28:18,123 [077cb259-20d2-413a-a89a-37aebebbc151-groupManagement] INFO  server.RaftServerConfigKeys (ConfUtils.java:logGet(46)) - raft.server.log.queue.element-limit = 1024 (custom)
2023-06-17 14:28:18,123 [077cb259-20d2-413a-a89a-37aebebbc151-groupManagement] INFO  server.RaftServerConfigKeys (ConfUtils.java:logGet(46)) - raft.server.log.segment.size.max = 1048576 (custom)
2023-06-17 14:28:18,123 [077cb259-20d2-413a-a89a-37aebebbc151-groupManagement] INFO  server.RaftServerConfigKeys (ConfUtils.java:logGet(46)) - raft.server.log.preallocated.size = 16384 (custom)
2023-06-17 14:28:18,123 [077cb259-20d2-413a-a89a-37aebebbc151-groupManagement] INFO  server.RaftServerConfigKeys (ConfUtils.java:logGet(46)) - raft.server.log.force.sync.num = 128 (default)
2023-06-17 14:28:18,123 [077cb259-20d2-413a-a89a-37aebebbc151-groupManagement] INFO  server.RaftServerConfigKeys (ConfUtils.java:logGet(46)) - raft.server.log.statemachine.data.sync = true (default)
2023-06-17 14:28:18,123 [077cb259-20d2-413a-a89a-37aebebbc151-groupManagement] INFO  server.RaftServerConfigKeys (ConfUtils.java:logGet(46)) - raft.server.log.statemachine.data.sync.timeout = 10s (default)
2023-06-17 14:28:18,123 [077cb259-20d2-413a-a89a-37aebebbc151-groupManagement] INFO  server.RaftServerConfigKeys (ConfUtils.java:logGet(46)) - raft.server.log.statemachine.data.sync.timeout.retry = -1 (default)
2023-06-17 14:28:18,124 [077cb259-20d2-413a-a89a-37aebebbc151-groupManagement] INFO  server.RaftServerConfigKeys (ConfUtils.java:logGet(46)) - raft.server.log.write.buffer.size = 1048576 (custom)
2023-06-17 14:28:18,125 [077cb259-20d2-413a-a89a-37aebebbc151-groupManagement] INFO  server.RaftServerConfigKeys (ConfUtils.java:logGet(46)) - raft.server.log.appender.buffer.byte-limit = 33554432 (custom)
2023-06-17 14:28:18,134 [077cb259-20d2-413a-a89a-37aebebbc151-groupManagement] INFO  server.RaftServerConfigKeys (ConfUtils.java:logGet(46)) - raft.server.log.unsafe-flush.enabled = false (default)
2023-06-17 14:28:18,134 [077cb259-20d2-413a-a89a-37aebebbc151-groupManagement] INFO  server.RaftServerConfigKeys (ConfUtils.java:logGet(46)) - raft.server.log.async-flush.enabled = false (default)
2023-06-17 14:28:18,134 [077cb259-20d2-413a-a89a-37aebebbc151-groupManagement] INFO  server.RaftServerConfigKeys (ConfUtils.java:logGet(46)) - raft.server.log.statemachine.data.caching.enabled = true (custom)
2023-06-17 14:28:18,134 [077cb259-20d2-413a-a89a-37aebebbc151-groupManagement] INFO  segmented.SegmentedRaftLogWorker (SegmentedRaftLogWorker.java:lambda$new$0(135)) - 077cb259-20d2-413a-a89a-37aebebbc151@group-1ED2AC36BD69-SegmentedRaftLogWorker: flushIndex: setUnconditionally 0 -> -1
2023-06-17 14:28:18,134 [077cb259-20d2-413a-a89a-37aebebbc151-groupManagement] INFO  segmented.SegmentedRaftLogWorker (SegmentedRaftLogWorker.java:lambda$new$0(135)) - 077cb259-20d2-413a-a89a-37aebebbc151@group-1ED2AC36BD69-SegmentedRaftLogWorker: safeCacheEvictIndex: setUnconditionally 0 -> -1
2023-06-17 14:28:18,134 [077cb259-20d2-413a-a89a-37aebebbc151-groupManagement] INFO  server.RaftServer$Division (RaftServerImpl.java:start(342)) - 077cb259-20d2-413a-a89a-37aebebbc151@group-1ED2AC36BD69: start as a follower, conf=-1: peers:[077cb259-20d2-413a-a89a-37aebebbc151|rpc:10.1.0.30:15102|admin:10.1.0.30:15101|client:10.1.0.30:15100|dataStream:10.1.0.30:15103|priority:1|startupRole:FOLLOWER]|listeners:[], old=null
2023-06-17 14:28:18,134 [077cb259-20d2-413a-a89a-37aebebbc151-groupManagement] INFO  server.RaftServer$Division (RaftServerImpl.java:setRole(329)) - 077cb259-20d2-413a-a89a-37aebebbc151@group-1ED2AC36BD69: changes role from      null to FOLLOWER at term 0 for startAsFollower
2023-06-17 14:28:18,134 [077cb259-20d2-413a-a89a-37aebebbc151-groupManagement] INFO  impl.RoleInfo (RoleInfo.java:updateAndGet(139)) - 077cb259-20d2-413a-a89a-37aebebbc151: start 077cb259-20d2-413a-a89a-37aebebbc151@group-1ED2AC36BD69-FollowerState
2023-06-17 14:28:18,135 [077cb259-20d2-413a-a89a-37aebebbc151-groupManagement] INFO  util.JmxRegister (JmxRegister.java:tryRegister(44)) - Successfully registered JMX Bean with object name Ratis:service=RaftServer,group=group-1ED2AC36BD69,id=077cb259-20d2-413a-a89a-37aebebbc151
2023-06-17 14:28:18,135 [077cb259-20d2-413a-a89a-37aebebbc151-groupManagement] INFO  server.RaftServerConfigKeys (ConfUtils.java:logGet(46)) - raft.server.snapshot.auto.trigger.enabled = true (custom)
2023-06-17 14:28:18,135 [077cb259-20d2-413a-a89a-37aebebbc151-groupManagement] INFO  server.RaftServerConfigKeys (ConfUtils.java:logGet(46)) - raft.server.snapshot.auto.trigger.threshold = 10000 (custom)
2023-06-17 14:28:18,135 [077cb259-20d2-413a-a89a-37aebebbc151-groupManagement] INFO  server.RaftServerConfigKeys (ConfUtils.java:logGet(46)) - raft.server.snapshot.retention.file.num = 5 (custom)
2023-06-17 14:28:18,135 [077cb259-20d2-413a-a89a-37aebebbc151-groupManagement] INFO  server.RaftServerConfigKeys (ConfUtils.java:logGet(46)) - raft.server.log.purge.upto.snapshot.index = false (default)
2023-06-17 14:28:18,136 [077cb259-20d2-413a-a89a-37aebebbc151@group-1ED2AC36BD69-FollowerState] INFO  server.RaftServerConfigKeys (ConfUtils.java:logFallback(53)) - raft.server.rpc.first-election.timeout.min = 5s (fallback to raft.server.rpc.timeout.min)
2023-06-17 14:28:18,136 [077cb259-20d2-413a-a89a-37aebebbc151@group-1ED2AC36BD69-FollowerState] INFO  server.RaftServerConfigKeys (ConfUtils.java:logFallback(53)) - raft.server.rpc.first-election.timeout.max = 5200ms (fallback to raft.server.rpc.timeout.max)
2023-06-17 14:28:18,138 [PipelineCommandHandlerThread-0] INFO  ratis.XceiverServerRatis (XceiverServerRatis.java:addGroup(804)) - Created group PipelineID=9a7df78e-0780-44a2-b5db-1ed2ac36bd69
2023-06-17 14:28:18,138 [PipelineCommandHandlerThread-0] INFO  commandhandler.CreatePipelineCommandHandler (CreatePipelineCommandHandler.java:lambda$handle$2(124)) - Created Pipeline RATIS ONE PipelineID=9a7df78e-0780-44a2-b5db-1ed2ac36bd69.
2023-06-17 14:28:19,117 [main] INFO  ozone.MiniOzoneClusterImpl (MiniOzoneClusterImpl.java:lambda$waitForClusterToBeReady$0(224)) - Nodes are ready. Got 3 of 3 DN Heartbeats.
2023-06-17 14:28:19,117 [main] INFO  ozone.MiniOzoneClusterImpl (MiniOzoneClusterImpl.java:lambda$waitForClusterToBeReady$0(227)) - Waiting for cluster to exit safe mode
2023-06-17 14:28:19,118 [main] INFO  ozone.MiniOzoneClusterImpl (MiniOzoneClusterImpl.java:lambda$waitForClusterToBeReady$0(229)) - SCM became leader
2023-06-17 14:28:20,118 [main] INFO  ozone.MiniOzoneClusterImpl (MiniOzoneClusterImpl.java:lambda$waitForClusterToBeReady$0(224)) - Nodes are ready. Got 3 of 3 DN Heartbeats.
2023-06-17 14:28:20,118 [main] INFO  ozone.MiniOzoneClusterImpl (MiniOzoneClusterImpl.java:lambda$waitForClusterToBeReady$0(227)) - Waiting for cluster to exit safe mode
2023-06-17 14:28:20,118 [main] INFO  ozone.MiniOzoneClusterImpl (MiniOzoneClusterImpl.java:lambda$waitForClusterToBeReady$0(229)) - SCM became leader
2023-06-17 14:28:21,119 [main] INFO  ozone.MiniOzoneClusterImpl (MiniOzoneClusterImpl.java:lambda$waitForClusterToBeReady$0(224)) - Nodes are ready. Got 3 of 3 DN Heartbeats.
2023-06-17 14:28:21,119 [main] INFO  ozone.MiniOzoneClusterImpl (MiniOzoneClusterImpl.java:lambda$waitForClusterToBeReady$0(227)) - Waiting for cluster to exit safe mode
2023-06-17 14:28:21,119 [main] INFO  ozone.MiniOzoneClusterImpl (MiniOzoneClusterImpl.java:lambda$waitForClusterToBeReady$0(229)) - SCM became leader
2023-06-17 14:28:22,120 [main] INFO  ozone.MiniOzoneClusterImpl (MiniOzoneClusterImpl.java:lambda$waitForClusterToBeReady$0(224)) - Nodes are ready. Got 3 of 3 DN Heartbeats.
2023-06-17 14:28:22,120 [main] INFO  ozone.MiniOzoneClusterImpl (MiniOzoneClusterImpl.java:lambda$waitForClusterToBeReady$0(227)) - Waiting for cluster to exit safe mode
2023-06-17 14:28:22,120 [main] INFO  ozone.MiniOzoneClusterImpl (MiniOzoneClusterImpl.java:lambda$waitForClusterToBeReady$0(229)) - SCM became leader
2023-06-17 14:28:22,538 [d8e5db2f-8a5f-4279-a0a7-2a0e2e29a318@group-6AD0A22BF8E3-FollowerState] INFO  impl.FollowerState (FollowerState.java:run(143)) - d8e5db2f-8a5f-4279-a0a7-2a0e2e29a318@group-6AD0A22BF8E3-FollowerState: change to CANDIDATE, lastRpcElapsedTime:5028355621ns, electionTimeout:5019ms
2023-06-17 14:28:22,539 [d8e5db2f-8a5f-4279-a0a7-2a0e2e29a318@group-6AD0A22BF8E3-FollowerState] INFO  impl.RoleInfo (RoleInfo.java:shutdownFollowerState(110)) - d8e5db2f-8a5f-4279-a0a7-2a0e2e29a318: shutdown d8e5db2f-8a5f-4279-a0a7-2a0e2e29a318@group-6AD0A22BF8E3-FollowerState
2023-06-17 14:28:22,539 [d8e5db2f-8a5f-4279-a0a7-2a0e2e29a318@group-6AD0A22BF8E3-FollowerState] INFO  server.RaftServer$Division (RaftServerImpl.java:setRole(329)) - d8e5db2f-8a5f-4279-a0a7-2a0e2e29a318@group-6AD0A22BF8E3: changes role from  FOLLOWER to CANDIDATE at term 0 for changeToCandidate
2023-06-17 14:28:22,539 [d8e5db2f-8a5f-4279-a0a7-2a0e2e29a318@group-6AD0A22BF8E3-FollowerState] INFO  server.RaftServerConfigKeys (ConfUtils.java:logGet(46)) - raft.server.leaderelection.pre-vote = true (default)
2023-06-17 14:28:22,539 [d8e5db2f-8a5f-4279-a0a7-2a0e2e29a318@group-6AD0A22BF8E3-FollowerState] INFO  impl.RoleInfo (RoleInfo.java:updateAndGet(139)) - d8e5db2f-8a5f-4279-a0a7-2a0e2e29a318: start d8e5db2f-8a5f-4279-a0a7-2a0e2e29a318@group-6AD0A22BF8E3-LeaderElection16
2023-06-17 14:28:22,542 [d8e5db2f-8a5f-4279-a0a7-2a0e2e29a318@group-6AD0A22BF8E3-LeaderElection16] INFO  impl.LeaderElection (LeaderElection.java:askForVotes(321)) - d8e5db2f-8a5f-4279-a0a7-2a0e2e29a318@group-6AD0A22BF8E3-LeaderElection16 PRE_VOTE round 0: submit vote requests at term 0 for -1: peers:[d8e5db2f-8a5f-4279-a0a7-2a0e2e29a318|rpc:10.1.0.30:15084|admin:10.1.0.30:15083|client:10.1.0.30:15082|dataStream:10.1.0.30:15085|priority:1|startupRole:FOLLOWER]|listeners:[], old=null
2023-06-17 14:28:22,542 [d8e5db2f-8a5f-4279-a0a7-2a0e2e29a318@group-6AD0A22BF8E3-LeaderElection16] INFO  impl.LeaderElection (LeaderElection.java:askForVotes(323)) - d8e5db2f-8a5f-4279-a0a7-2a0e2e29a318@group-6AD0A22BF8E3-LeaderElection16 PRE_VOTE round 0: result PASSED (term=0)
2023-06-17 14:28:22,543 [d8e5db2f-8a5f-4279-a0a7-2a0e2e29a318@group-6AD0A22BF8E3-LeaderElection16] INFO  impl.LeaderElection (LeaderElection.java:askForVotes(321)) - d8e5db2f-8a5f-4279-a0a7-2a0e2e29a318@group-6AD0A22BF8E3-LeaderElection16 ELECTION round 0: submit vote requests at term 1 for -1: peers:[d8e5db2f-8a5f-4279-a0a7-2a0e2e29a318|rpc:10.1.0.30:15084|admin:10.1.0.30:15083|client:10.1.0.30:15082|dataStream:10.1.0.30:15085|priority:1|startupRole:FOLLOWER]|listeners:[], old=null
2023-06-17 14:28:22,544 [d8e5db2f-8a5f-4279-a0a7-2a0e2e29a318@group-6AD0A22BF8E3-LeaderElection16] INFO  impl.LeaderElection (LeaderElection.java:askForVotes(323)) - d8e5db2f-8a5f-4279-a0a7-2a0e2e29a318@group-6AD0A22BF8E3-LeaderElection16 ELECTION round 0: result PASSED (term=1)
2023-06-17 14:28:22,544 [d8e5db2f-8a5f-4279-a0a7-2a0e2e29a318@group-6AD0A22BF8E3-LeaderElection16] INFO  impl.RoleInfo (RoleInfo.java:shutdownLeaderElection(130)) - d8e5db2f-8a5f-4279-a0a7-2a0e2e29a318: shutdown d8e5db2f-8a5f-4279-a0a7-2a0e2e29a318@group-6AD0A22BF8E3-LeaderElection16
2023-06-17 14:28:22,544 [d8e5db2f-8a5f-4279-a0a7-2a0e2e29a318@group-6AD0A22BF8E3-LeaderElection16] INFO  server.RaftServer$Division (RaftServerImpl.java:setRole(329)) - d8e5db2f-8a5f-4279-a0a7-2a0e2e29a318@group-6AD0A22BF8E3: changes role from CANDIDATE to LEADER at term 1 for changeToLeader
2023-06-17 14:28:22,544 [d8e5db2f-8a5f-4279-a0a7-2a0e2e29a318@group-6AD0A22BF8E3-LeaderElection16] INFO  ratis.XceiverServerRatis (XceiverServerRatis.java:handleLeaderChangedNotification(902)) - Leader change notification received for group: group-6AD0A22BF8E3 with new leaderId: d8e5db2f-8a5f-4279-a0a7-2a0e2e29a318
2023-06-17 14:28:22,544 [d8e5db2f-8a5f-4279-a0a7-2a0e2e29a318@group-6AD0A22BF8E3-LeaderElection16] INFO  server.RaftServer$Division (ServerState.java:setLeader(317)) - d8e5db2f-8a5f-4279-a0a7-2a0e2e29a318@group-6AD0A22BF8E3: change Leader from null to d8e5db2f-8a5f-4279-a0a7-2a0e2e29a318 at term 1 for becomeLeader, leader elected after 5068ms
2023-06-17 14:28:22,544 [d8e5db2f-8a5f-4279-a0a7-2a0e2e29a318@group-6AD0A22BF8E3-LeaderElection16] INFO  server.RaftServerConfigKeys (ConfUtils.java:logGet(46)) - raft.server.staging.catchup.gap = 1000 (default)
2023-06-17 14:28:22,546 [EventQueue-OpenPipelineForHealthyPipelineSafeModeRule] INFO  safemode.SCMSafeModeManager (HealthyPipelineSafeModeRule.java:process(137)) - SCM in safe mode. Healthy pipelines reported count is 0, required healthy pipeline reported count is 1
2023-06-17 14:28:22,546 [d8e5db2f-8a5f-4279-a0a7-2a0e2e29a318@group-6AD0A22BF8E3-LeaderElection16] INFO  server.RaftServerConfigKeys (ConfUtils.java:logGet(46)) - raft.server.write.element-limit = 1024 (custom)
2023-06-17 14:28:22,546 [d8e5db2f-8a5f-4279-a0a7-2a0e2e29a318@group-6AD0A22BF8E3-LeaderElection16] INFO  server.RaftServerConfigKeys (ConfUtils.java:logGet(46)) - raft.server.write.byte-limit = 1024 M (=1073741824) (custom)
2023-06-17 14:28:22,547 [d8e5db2f-8a5f-4279-a0a7-2a0e2e29a318@group-6AD0A22BF8E3-LeaderElection16] INFO  server.RaftServerConfigKeys (ConfUtils.java:logGet(46)) - raft.server.watch.timeout = 180s (custom)
2023-06-17 14:28:22,547 [d8e5db2f-8a5f-4279-a0a7-2a0e2e29a318@group-6AD0A22BF8E3-LeaderElection16] INFO  server.RaftServerConfigKeys (ConfUtils.java:logGet(46)) - raft.server.watch.timeout.denomination = 1s (default)
2023-06-17 14:28:22,547 [d8e5db2f-8a5f-4279-a0a7-2a0e2e29a318@group-6AD0A22BF8E3-LeaderElection16] INFO  server.RaftServerConfigKeys (ConfUtils.java:logGet(46)) - raft.server.watch.element-limit = 65536 (default)
2023-06-17 14:28:22,547 [d8e5db2f-8a5f-4279-a0a7-2a0e2e29a318@group-6AD0A22BF8E3-LeaderElection16] INFO  server.RaftServerConfigKeys (ConfUtils.java:logGet(46)) - raft.server.write.element-limit = 1024 (custom)
2023-06-17 14:28:22,547 [d8e5db2f-8a5f-4279-a0a7-2a0e2e29a318@group-6AD0A22BF8E3-LeaderElection16] INFO  server.RaftServerConfigKeys (ConfUtils.java:logGet(46)) - raft.server.write.follower.gap.ratio.max = -1.0 (default)
2023-06-17 14:28:22,547 [d8e5db2f-8a5f-4279-a0a7-2a0e2e29a318@group-6AD0A22BF8E3-LeaderElection16] INFO  impl.RoleInfo (RoleInfo.java:updateAndGet(139)) - d8e5db2f-8a5f-4279-a0a7-2a0e2e29a318: start d8e5db2f-8a5f-4279-a0a7-2a0e2e29a318@group-6AD0A22BF8E3-LeaderStateImpl
2023-06-17 14:28:22,547 [d8e5db2f-8a5f-4279-a0a7-2a0e2e29a318@group-6AD0A22BF8E3-LeaderElection16] INFO  segmented.SegmentedRaftLogWorker (SegmentedRaftLogWorker.java:startLogSegment(447)) - d8e5db2f-8a5f-4279-a0a7-2a0e2e29a318@group-6AD0A22BF8E3-SegmentedRaftLogWorker: Starting segment from index:0
2023-06-17 14:28:22,549 [d8e5db2f-8a5f-4279-a0a7-2a0e2e29a318@group-6AD0A22BF8E3-LeaderElection16] INFO  server.RaftServer$Division (ServerState.java:setRaftConf(434)) - d8e5db2f-8a5f-4279-a0a7-2a0e2e29a318@group-6AD0A22BF8E3: set configuration 0: peers:[d8e5db2f-8a5f-4279-a0a7-2a0e2e29a318|rpc:10.1.0.30:15084|admin:10.1.0.30:15083|client:10.1.0.30:15082|dataStream:10.1.0.30:15085|priority:1|startupRole:FOLLOWER]|listeners:[], old=null
2023-06-17 14:28:22,550 [d8e5db2f-8a5f-4279-a0a7-2a0e2e29a318@group-6AD0A22BF8E3-SegmentedRaftLogWorker] INFO  segmented.SegmentedRaftLogWorker (SegmentedRaftLogWorker.java:execute(651)) - d8e5db2f-8a5f-4279-a0a7-2a0e2e29a318@group-6AD0A22BF8E3-SegmentedRaftLogWorker: created new log segment /home/runner/work/ozone/ozone/hadoop-ozone/integration-test/target/test-dir/MiniOzoneClusterImpl-8d772b0e-b617-4196-a398-7a8a47ee7084/datanode-0/data/ratis/e7b8ac2b-af7d-487a-9ec4-6ad0a22bf8e3/current/log_inprogress_0
2023-06-17 14:28:22,657 [47048eaa-a072-4fd8-9d87-63c2f7da8b3d@group-5CF3AA90D698-FollowerState] INFO  impl.FollowerState (FollowerState.java:run(143)) - 47048eaa-a072-4fd8-9d87-63c2f7da8b3d@group-5CF3AA90D698-FollowerState: change to CANDIDATE, lastRpcElapsedTime:5009050037ns, electionTimeout:5006ms
2023-06-17 14:28:22,657 [47048eaa-a072-4fd8-9d87-63c2f7da8b3d@group-5CF3AA90D698-FollowerState] INFO  impl.RoleInfo (RoleInfo.java:shutdownFollowerState(110)) - 47048eaa-a072-4fd8-9d87-63c2f7da8b3d: shutdown 47048eaa-a072-4fd8-9d87-63c2f7da8b3d@group-5CF3AA90D698-FollowerState
2023-06-17 14:28:22,658 [47048eaa-a072-4fd8-9d87-63c2f7da8b3d@group-5CF3AA90D698-FollowerState] INFO  server.RaftServer$Division (RaftServerImpl.java:setRole(329)) - 47048eaa-a072-4fd8-9d87-63c2f7da8b3d@group-5CF3AA90D698: changes role from  FOLLOWER to CANDIDATE at term 0 for changeToCandidate
2023-06-17 14:28:22,659 [47048eaa-a072-4fd8-9d87-63c2f7da8b3d@group-5CF3AA90D698-FollowerState] INFO  server.RaftServerConfigKeys (ConfUtils.java:logGet(46)) - raft.server.leaderelection.pre-vote = true (default)
2023-06-17 14:28:22,659 [47048eaa-a072-4fd8-9d87-63c2f7da8b3d@group-5CF3AA90D698-FollowerState] INFO  impl.RoleInfo (RoleInfo.java:updateAndGet(139)) - 47048eaa-a072-4fd8-9d87-63c2f7da8b3d: start 47048eaa-a072-4fd8-9d87-63c2f7da8b3d@group-5CF3AA90D698-LeaderElection17
2023-06-17 14:28:22,662 [47048eaa-a072-4fd8-9d87-63c2f7da8b3d@group-5CF3AA90D698-LeaderElection17] INFO  impl.LeaderElection (LeaderElection.java:askForVotes(321)) - 47048eaa-a072-4fd8-9d87-63c2f7da8b3d@group-5CF3AA90D698-LeaderElection17 PRE_VOTE round 0: submit vote requests at term 0 for -1: peers:[47048eaa-a072-4fd8-9d87-63c2f7da8b3d|rpc:10.1.0.30:15093|admin:10.1.0.30:15092|client:10.1.0.30:15091|dataStream:10.1.0.30:15094|priority:0|startupRole:FOLLOWER, d8e5db2f-8a5f-4279-a0a7-2a0e2e29a318|rpc:10.1.0.30:15084|admin:10.1.0.30:15083|client:10.1.0.30:15082|dataStream:10.1.0.30:15085|priority:0|startupRole:FOLLOWER, 077cb259-20d2-413a-a89a-37aebebbc151|rpc:10.1.0.30:15102|admin:10.1.0.30:15101|client:10.1.0.30:15100|dataStream:10.1.0.30:15103|priority:1|startupRole:FOLLOWER]|listeners:[], old=null
2023-06-17 14:28:22,662 [47048eaa-a072-4fd8-9d87-63c2f7da8b3d@group-5CF3AA90D698-LeaderElection17] INFO  server.RaftServerConfigKeys (ConfUtils.java:logFallback(53)) - raft.server.rpc.first-election.timeout.min = 5s (fallback to raft.server.rpc.timeout.min)
2023-06-17 14:28:22,662 [47048eaa-a072-4fd8-9d87-63c2f7da8b3d@group-5CF3AA90D698-LeaderElection17] INFO  server.RaftServerConfigKeys (ConfUtils.java:logFallback(53)) - raft.server.rpc.first-election.timeout.max = 5200ms (fallback to raft.server.rpc.timeout.max)
2023-06-17 14:28:22,662 [47048eaa-a072-4fd8-9d87-63c2f7da8b3d@group-5CF3AA90D698-LeaderElection17-1] INFO  server.GrpcServerProtocolClient (GrpcServerProtocolClient.java:<init>(65)) - Build channel for d8e5db2f-8a5f-4279-a0a7-2a0e2e29a318
2023-06-17 14:28:22,663 [47048eaa-a072-4fd8-9d87-63c2f7da8b3d@group-5CF3AA90D698-LeaderElection17-2] INFO  server.GrpcServerProtocolClient (GrpcServerProtocolClient.java:<init>(65)) - Build channel for 077cb259-20d2-413a-a89a-37aebebbc151
2023-06-17 14:28:22,669 [d8e5db2f-8a5f-4279-a0a7-2a0e2e29a318@group-5CF3AA90D698-FollowerState] INFO  impl.FollowerState (FollowerState.java:run(143)) - d8e5db2f-8a5f-4279-a0a7-2a0e2e29a318@group-5CF3AA90D698-FollowerState: change to CANDIDATE, lastRpcElapsedTime:5118945507ns, electionTimeout:5112ms
2023-06-17 14:28:22,669 [d8e5db2f-8a5f-4279-a0a7-2a0e2e29a318@group-5CF3AA90D698-FollowerState] INFO  impl.RoleInfo (RoleInfo.java:shutdownFollowerState(110)) - d8e5db2f-8a5f-4279-a0a7-2a0e2e29a318: shutdown d8e5db2f-8a5f-4279-a0a7-2a0e2e29a318@group-5CF3AA90D698-FollowerState
2023-06-17 14:28:22,669 [d8e5db2f-8a5f-4279-a0a7-2a0e2e29a318@group-5CF3AA90D698-FollowerState] INFO  server.RaftServer$Division (RaftServerImpl.java:setRole(329)) - d8e5db2f-8a5f-4279-a0a7-2a0e2e29a318@group-5CF3AA90D698: changes role from  FOLLOWER to CANDIDATE at term 0 for changeToCandidate
2023-06-17 14:28:22,669 [d8e5db2f-8a5f-4279-a0a7-2a0e2e29a318@group-5CF3AA90D698-FollowerState] INFO  server.RaftServerConfigKeys (ConfUtils.java:logGet(46)) - raft.server.leaderelection.pre-vote = true (default)
2023-06-17 14:28:22,669 [d8e5db2f-8a5f-4279-a0a7-2a0e2e29a318@group-5CF3AA90D698-FollowerState] INFO  impl.RoleInfo (RoleInfo.java:updateAndGet(139)) - d8e5db2f-8a5f-4279-a0a7-2a0e2e29a318: start d8e5db2f-8a5f-4279-a0a7-2a0e2e29a318@group-5CF3AA90D698-LeaderElection18
2023-06-17 14:28:22,679 [d8e5db2f-8a5f-4279-a0a7-2a0e2e29a318@group-5CF3AA90D698-LeaderElection18] INFO  impl.LeaderElection (LeaderElection.java:askForVotes(321)) - d8e5db2f-8a5f-4279-a0a7-2a0e2e29a318@group-5CF3AA90D698-LeaderElection18 PRE_VOTE round 0: submit vote requests at term 0 for -1: peers:[47048eaa-a072-4fd8-9d87-63c2f7da8b3d|rpc:10.1.0.30:15093|admin:10.1.0.30:15092|client:10.1.0.30:15091|dataStream:10.1.0.30:15094|priority:0|startupRole:FOLLOWER, d8e5db2f-8a5f-4279-a0a7-2a0e2e29a318|rpc:10.1.0.30:15084|admin:10.1.0.30:15083|client:10.1.0.30:15082|dataStream:10.1.0.30:15085|priority:0|startupRole:FOLLOWER, 077cb259-20d2-413a-a89a-37aebebbc151|rpc:10.1.0.30:15102|admin:10.1.0.30:15101|client:10.1.0.30:15100|dataStream:10.1.0.30:15103|priority:1|startupRole:FOLLOWER]|listeners:[], old=null
2023-06-17 14:28:22,682 [d8e5db2f-8a5f-4279-a0a7-2a0e2e29a318@group-5CF3AA90D698-LeaderElection18-1] INFO  server.GrpcServerProtocolClient (GrpcServerProtocolClient.java:<init>(65)) - Build channel for 47048eaa-a072-4fd8-9d87-63c2f7da8b3d
2023-06-17 14:28:22,688 [d8e5db2f-8a5f-4279-a0a7-2a0e2e29a318@group-5CF3AA90D698-LeaderElection18] INFO  server.RaftServerConfigKeys (ConfUtils.java:logFallback(53)) - raft.server.rpc.first-election.timeout.min = 5s (fallback to raft.server.rpc.timeout.min)
2023-06-17 14:28:22,688 [d8e5db2f-8a5f-4279-a0a7-2a0e2e29a318@group-5CF3AA90D698-LeaderElection18] INFO  server.RaftServerConfigKeys (ConfUtils.java:logFallback(53)) - raft.server.rpc.first-election.timeout.max = 5200ms (fallback to raft.server.rpc.timeout.max)
2023-06-17 14:28:22,688 [d8e5db2f-8a5f-4279-a0a7-2a0e2e29a318@group-5CF3AA90D698-LeaderElection18-2] INFO  server.GrpcServerProtocolClient (GrpcServerProtocolClient.java:<init>(65)) - Build channel for 077cb259-20d2-413a-a89a-37aebebbc151
2023-06-17 14:28:22,692 [grpc-default-executor-0] INFO  server.RaftServer$Division (RaftServerImpl.java:requestVote(1302)) - 077cb259-20d2-413a-a89a-37aebebbc151@group-5CF3AA90D698: receive requestVote(PRE_VOTE, 47048eaa-a072-4fd8-9d87-63c2f7da8b3d, group-5CF3AA90D698, 0, (t:0, i:0))
2023-06-17 14:28:22,693 [grpc-default-executor-0] INFO  impl.VoteContext (VoteContext.java:log(49)) - 077cb259-20d2-413a-a89a-37aebebbc151@group-5CF3AA90D698-FOLLOWER: reject PRE_VOTE from 47048eaa-a072-4fd8-9d87-63c2f7da8b3d: our priority 1 > candidate's priority 0
2023-06-17 14:28:22,693 [grpc-default-executor-0] INFO  server.RaftServer$Division (RaftServerImpl.java:requestVote(1335)) - 077cb259-20d2-413a-a89a-37aebebbc151@group-5CF3AA90D698 replies to PRE_VOTE vote request: 47048eaa-a072-4fd8-9d87-63c2f7da8b3d<-077cb259-20d2-413a-a89a-37aebebbc151#0:FAIL-t0. Peer's state: 077cb259-20d2-413a-a89a-37aebebbc151@group-5CF3AA90D698:t0, leader=null, voted=, raftlog=Memoized:077cb259-20d2-413a-a89a-37aebebbc151@group-5CF3AA90D698-SegmentedRaftLog:OPENED:c-1, conf=-1: peers:[47048eaa-a072-4fd8-9d87-63c2f7da8b3d|rpc:10.1.0.30:15093|admin:10.1.0.30:15092|client:10.1.0.30:15091|dataStream:10.1.0.30:15094|priority:0|startupRole:FOLLOWER, d8e5db2f-8a5f-4279-a0a7-2a0e2e29a318|rpc:10.1.0.30:15084|admin:10.1.0.30:15083|client:10.1.0.30:15082|dataStream:10.1.0.30:15085|priority:0|startupRole:FOLLOWER, 077cb259-20d2-413a-a89a-37aebebbc151|rpc:10.1.0.30:15102|admin:10.1.0.30:15101|client:10.1.0.30:15100|dataStream:10.1.0.30:15103|priority:1|startupRole:FOLLOWER]|listeners:[], old=null
2023-06-17 14:28:22,694 [grpc-default-executor-1] INFO  server.RaftServer$Division (RaftServerImpl.java:requestVote(1302)) - d8e5db2f-8a5f-4279-a0a7-2a0e2e29a318@group-5CF3AA90D698: receive requestVote(PRE_VOTE, 47048eaa-a072-4fd8-9d87-63c2f7da8b3d, group-5CF3AA90D698, 0, (t:0, i:0))
2023-06-17 14:28:22,694 [grpc-default-executor-1] INFO  impl.VoteContext (VoteContext.java:log(49)) - d8e5db2f-8a5f-4279-a0a7-2a0e2e29a318@group-5CF3AA90D698-CANDIDATE: accept PRE_VOTE from 47048eaa-a072-4fd8-9d87-63c2f7da8b3d: our priority 0 <= candidate's priority 0
2023-06-17 14:28:22,694 [grpc-default-executor-1] INFO  server.RaftServer$Division (RaftServerImpl.java:requestVote(1335)) - d8e5db2f-8a5f-4279-a0a7-2a0e2e29a318@group-5CF3AA90D698 replies to PRE_VOTE vote request: 47048eaa-a072-4fd8-9d87-63c2f7da8b3d<-d8e5db2f-8a5f-4279-a0a7-2a0e2e29a318#0:OK-t0. Peer's state: d8e5db2f-8a5f-4279-a0a7-2a0e2e29a318@group-5CF3AA90D698:t0, leader=null, voted=, raftlog=Memoized:d8e5db2f-8a5f-4279-a0a7-2a0e2e29a318@group-5CF3AA90D698-SegmentedRaftLog:OPENED:c-1, conf=-1: peers:[47048eaa-a072-4fd8-9d87-63c2f7da8b3d|rpc:10.1.0.30:15093|admin:10.1.0.30:15092|client:10.1.0.30:15091|dataStream:10.1.0.30:15094|priority:0|startupRole:FOLLOWER, d8e5db2f-8a5f-4279-a0a7-2a0e2e29a318|rpc:10.1.0.30:15084|admin:10.1.0.30:15083|client:10.1.0.30:15082|dataStream:10.1.0.30:15085|priority:0|startupRole:FOLLOWER, 077cb259-20d2-413a-a89a-37aebebbc151|rpc:10.1.0.30:15102|admin:10.1.0.30:15101|client:10.1.0.30:15100|dataStream:10.1.0.30:15103|priority:1|startupRole:FOLLOWER]|listeners:[], old=null
2023-06-17 14:28:22,699 [47048eaa-a072-4fd8-9d87-63c2f7da8b3d@group-5CF3AA90D698-LeaderElection17] INFO  impl.LeaderElection (LeaderElection.java:logAndReturn(90)) - 47048eaa-a072-4fd8-9d87-63c2f7da8b3d@group-5CF3AA90D698-LeaderElection17: PRE_VOTE REJECTED received 1 response(s) and 0 exception(s):
2023-06-17 14:28:22,699 [47048eaa-a072-4fd8-9d87-63c2f7da8b3d@group-5CF3AA90D698-LeaderElection17] INFO  impl.LeaderElection (LeaderElection.java:logAndReturn(94)) -   Response 0: 47048eaa-a072-4fd8-9d87-63c2f7da8b3d<-077cb259-20d2-413a-a89a-37aebebbc151#0:FAIL-t0
2023-06-17 14:28:22,699 [47048eaa-a072-4fd8-9d87-63c2f7da8b3d@group-5CF3AA90D698-LeaderElection17] INFO  impl.LeaderElection (LeaderElection.java:askForVotes(323)) - 47048eaa-a072-4fd8-9d87-63c2f7da8b3d@group-5CF3AA90D698-LeaderElection17 PRE_VOTE round 0: result REJECTED
2023-06-17 14:28:22,699 [47048eaa-a072-4fd8-9d87-63c2f7da8b3d@group-5CF3AA90D698-LeaderElection17] INFO  server.RaftServer$Division (RaftServerImpl.java:setRole(329)) - 47048eaa-a072-4fd8-9d87-63c2f7da8b3d@group-5CF3AA90D698: changes role from CANDIDATE to FOLLOWER at term 0 for REJECTED
2023-06-17 14:28:22,699 [47048eaa-a072-4fd8-9d87-63c2f7da8b3d@group-5CF3AA90D698-LeaderElection17] INFO  impl.RoleInfo (RoleInfo.java:shutdownLeaderElection(130)) - 47048eaa-a072-4fd8-9d87-63c2f7da8b3d: shutdown 47048eaa-a072-4fd8-9d87-63c2f7da8b3d@group-5CF3AA90D698-LeaderElection17
2023-06-17 14:28:22,699 [47048eaa-a072-4fd8-9d87-63c2f7da8b3d@group-5CF3AA90D698-LeaderElection17] INFO  impl.RoleInfo (RoleInfo.java:updateAndGet(139)) - 47048eaa-a072-4fd8-9d87-63c2f7da8b3d: start 47048eaa-a072-4fd8-9d87-63c2f7da8b3d@group-5CF3AA90D698-FollowerState
2023-06-17 14:28:22,711 [grpc-default-executor-1] INFO  server.RaftServer$Division (RaftServerImpl.java:requestVote(1302)) - 47048eaa-a072-4fd8-9d87-63c2f7da8b3d@group-5CF3AA90D698: receive requestVote(PRE_VOTE, d8e5db2f-8a5f-4279-a0a7-2a0e2e29a318, group-5CF3AA90D698, 0, (t:0, i:0))
2023-06-17 14:28:22,711 [grpc-default-executor-1] INFO  impl.VoteContext (VoteContext.java:log(49)) - 47048eaa-a072-4fd8-9d87-63c2f7da8b3d@group-5CF3AA90D698-FOLLOWER: accept PRE_VOTE from d8e5db2f-8a5f-4279-a0a7-2a0e2e29a318: our priority 0 <= candidate's priority 0
2023-06-17 14:28:22,714 [grpc-default-executor-1] INFO  server.RaftServer$Division (RaftServerImpl.java:requestVote(1335)) - 47048eaa-a072-4fd8-9d87-63c2f7da8b3d@group-5CF3AA90D698 replies to PRE_VOTE vote request: d8e5db2f-8a5f-4279-a0a7-2a0e2e29a318<-47048eaa-a072-4fd8-9d87-63c2f7da8b3d#0:OK-t0. Peer's state: 47048eaa-a072-4fd8-9d87-63c2f7da8b3d@group-5CF3AA90D698:t0, leader=null, voted=, raftlog=Memoized:47048eaa-a072-4fd8-9d87-63c2f7da8b3d@group-5CF3AA90D698-SegmentedRaftLog:OPENED:c-1, conf=-1: peers:[47048eaa-a072-4fd8-9d87-63c2f7da8b3d|rpc:10.1.0.30:15093|admin:10.1.0.30:15092|client:10.1.0.30:15091|dataStream:10.1.0.30:15094|priority:0|startupRole:FOLLOWER, d8e5db2f-8a5f-4279-a0a7-2a0e2e29a318|rpc:10.1.0.30:15084|admin:10.1.0.30:15083|client:10.1.0.30:15082|dataStream:10.1.0.30:15085|priority:0|startupRole:FOLLOWER, 077cb259-20d2-413a-a89a-37aebebbc151|rpc:10.1.0.30:15102|admin:10.1.0.30:15101|client:10.1.0.30:15100|dataStream:10.1.0.30:15103|priority:1|startupRole:FOLLOWER]|listeners:[], old=null
2023-06-17 14:28:22,720 [grpc-default-executor-3] INFO  server.RaftServer$Division (RaftServerImpl.java:requestVote(1302)) - 077cb259-20d2-413a-a89a-37aebebbc151@group-5CF3AA90D698: receive requestVote(PRE_VOTE, d8e5db2f-8a5f-4279-a0a7-2a0e2e29a318, group-5CF3AA90D698, 0, (t:0, i:0))
2023-06-17 14:28:22,721 [grpc-default-executor-3] INFO  impl.VoteContext (VoteContext.java:log(49)) - 077cb259-20d2-413a-a89a-37aebebbc151@group-5CF3AA90D698-FOLLOWER: reject PRE_VOTE from d8e5db2f-8a5f-4279-a0a7-2a0e2e29a318: our priority 1 > candidate's priority 0
2023-06-17 14:28:22,721 [grpc-default-executor-3] INFO  server.RaftServer$Division (RaftServerImpl.java:requestVote(1335)) - 077cb259-20d2-413a-a89a-37aebebbc151@group-5CF3AA90D698 replies to PRE_VOTE vote request: d8e5db2f-8a5f-4279-a0a7-2a0e2e29a318<-077cb259-20d2-413a-a89a-37aebebbc151#0:FAIL-t0. Peer's state: 077cb259-20d2-413a-a89a-37aebebbc151@group-5CF3AA90D698:t0, leader=null, voted=, raftlog=Memoized:077cb259-20d2-413a-a89a-37aebebbc151@group-5CF3AA90D698-SegmentedRaftLog:OPENED:c-1, conf=-1: peers:[47048eaa-a072-4fd8-9d87-63c2f7da8b3d|rpc:10.1.0.30:15093|admin:10.1.0.30:15092|client:10.1.0.30:15091|dataStream:10.1.0.30:15094|priority:0|startupRole:FOLLOWER, d8e5db2f-8a5f-4279-a0a7-2a0e2e29a318|rpc:10.1.0.30:15084|admin:10.1.0.30:15083|client:10.1.0.30:15082|dataStream:10.1.0.30:15085|priority:0|startupRole:FOLLOWER, 077cb259-20d2-413a-a89a-37aebebbc151|rpc:10.1.0.30:15102|admin:10.1.0.30:15101|client:10.1.0.30:15100|dataStream:10.1.0.30:15103|priority:1|startupRole:FOLLOWER]|listeners:[], old=null
2023-06-17 14:28:22,726 [d8e5db2f-8a5f-4279-a0a7-2a0e2e29a318@group-5CF3AA90D698-LeaderElection18] INFO  impl.LeaderElection (LeaderElection.java:logAndReturn(90)) - d8e5db2f-8a5f-4279-a0a7-2a0e2e29a318@group-5CF3AA90D698-LeaderElection18: PRE_VOTE REJECTED received 2 response(s) and 0 exception(s):
2023-06-17 14:28:22,726 [d8e5db2f-8a5f-4279-a0a7-2a0e2e29a318@group-5CF3AA90D698-LeaderElection18] INFO  impl.LeaderElection (LeaderElection.java:logAndReturn(94)) -   Response 0: d8e5db2f-8a5f-4279-a0a7-2a0e2e29a318<-47048eaa-a072-4fd8-9d87-63c2f7da8b3d#0:OK-t0
2023-06-17 14:28:22,726 [d8e5db2f-8a5f-4279-a0a7-2a0e2e29a318@group-5CF3AA90D698-LeaderElection18] INFO  impl.LeaderElection (LeaderElection.java:logAndReturn(94)) -   Response 1: d8e5db2f-8a5f-4279-a0a7-2a0e2e29a318<-077cb259-20d2-413a-a89a-37aebebbc151#0:FAIL-t0
2023-06-17 14:28:22,726 [d8e5db2f-8a5f-4279-a0a7-2a0e2e29a318@group-5CF3AA90D698-LeaderElection18] INFO  impl.LeaderElection (LeaderElection.java:askForVotes(323)) - d8e5db2f-8a5f-4279-a0a7-2a0e2e29a318@group-5CF3AA90D698-LeaderElection18 PRE_VOTE round 0: result REJECTED
2023-06-17 14:28:22,726 [d8e5db2f-8a5f-4279-a0a7-2a0e2e29a318@group-5CF3AA90D698-LeaderElection18] INFO  server.RaftServer$Division (RaftServerImpl.java:setRole(329)) - d8e5db2f-8a5f-4279-a0a7-2a0e2e29a318@group-5CF3AA90D698: changes role from CANDIDATE to FOLLOWER at term 0 for REJECTED
2023-06-17 14:28:22,726 [d8e5db2f-8a5f-4279-a0a7-2a0e2e29a318@group-5CF3AA90D698-LeaderElection18] INFO  impl.RoleInfo (RoleInfo.java:shutdownLeaderElection(130)) - d8e5db2f-8a5f-4279-a0a7-2a0e2e29a318: shutdown d8e5db2f-8a5f-4279-a0a7-2a0e2e29a318@group-5CF3AA90D698-LeaderElection18
2023-06-17 14:28:22,726 [d8e5db2f-8a5f-4279-a0a7-2a0e2e29a318@group-5CF3AA90D698-LeaderElection18] INFO  impl.RoleInfo (RoleInfo.java:updateAndGet(139)) - d8e5db2f-8a5f-4279-a0a7-2a0e2e29a318: start d8e5db2f-8a5f-4279-a0a7-2a0e2e29a318@group-5CF3AA90D698-FollowerState
2023-06-17 14:28:22,742 [47048eaa-a072-4fd8-9d87-63c2f7da8b3d@group-48A1BD7B7B47-FollowerState] INFO  impl.FollowerState (FollowerState.java:run(143)) - 47048eaa-a072-4fd8-9d87-63c2f7da8b3d@group-48A1BD7B7B47-FollowerState: change to CANDIDATE, lastRpcElapsedTime:5027674310ns, electionTimeout:5023ms
2023-06-17 14:28:22,742 [47048eaa-a072-4fd8-9d87-63c2f7da8b3d@group-48A1BD7B7B47-FollowerState] INFO  impl.RoleInfo (RoleInfo.java:shutdownFollowerState(110)) - 47048eaa-a072-4fd8-9d87-63c2f7da8b3d: shutdown 47048eaa-a072-4fd8-9d87-63c2f7da8b3d@group-48A1BD7B7B47-FollowerState
2023-06-17 14:28:22,742 [47048eaa-a072-4fd8-9d87-63c2f7da8b3d@group-48A1BD7B7B47-FollowerState] INFO  server.RaftServer$Division (RaftServerImpl.java:setRole(329)) - 47048eaa-a072-4fd8-9d87-63c2f7da8b3d@group-48A1BD7B7B47: changes role from  FOLLOWER to CANDIDATE at term 0 for changeToCandidate
2023-06-17 14:28:22,743 [47048eaa-a072-4fd8-9d87-63c2f7da8b3d@group-48A1BD7B7B47-FollowerState] INFO  server.RaftServerConfigKeys (ConfUtils.java:logGet(46)) - raft.server.leaderelection.pre-vote = true (default)
2023-06-17 14:28:22,743 [47048eaa-a072-4fd8-9d87-63c2f7da8b3d@group-48A1BD7B7B47-FollowerState] INFO  impl.RoleInfo (RoleInfo.java:updateAndGet(139)) - 47048eaa-a072-4fd8-9d87-63c2f7da8b3d: start 47048eaa-a072-4fd8-9d87-63c2f7da8b3d@group-48A1BD7B7B47-LeaderElection19
2023-06-17 14:28:22,751 [077cb259-20d2-413a-a89a-37aebebbc151@group-5CF3AA90D698-FollowerState] INFO  impl.FollowerState (FollowerState.java:run(143)) - 077cb259-20d2-413a-a89a-37aebebbc151@group-5CF3AA90D698-FollowerState: change to CANDIDATE, lastRpcElapsedTime:5156119696ns, electionTimeout:5148ms
2023-06-17 14:28:22,751 [077cb259-20d2-413a-a89a-37aebebbc151@group-5CF3AA90D698-FollowerState] INFO  impl.RoleInfo (RoleInfo.java:shutdownFollowerState(110)) - 077cb259-20d2-413a-a89a-37aebebbc151: shutdown 077cb259-20d2-413a-a89a-37aebebbc151@group-5CF3AA90D698-FollowerState
2023-06-17 14:28:22,752 [47048eaa-a072-4fd8-9d87-63c2f7da8b3d@group-48A1BD7B7B47-LeaderElection19] INFO  impl.LeaderElection (LeaderElection.java:askForVotes(321)) - 47048eaa-a072-4fd8-9d87-63c2f7da8b3d@group-48A1BD7B7B47-LeaderElection19 PRE_VOTE round 0: submit vote requests at term 0 for -1: peers:[47048eaa-a072-4fd8-9d87-63c2f7da8b3d|rpc:10.1.0.30:15093|admin:10.1.0.30:15092|client:10.1.0.30:15091|dataStream:10.1.0.30:15094|priority:0|startupRole:FOLLOWER, d8e5db2f-8a5f-4279-a0a7-2a0e2e29a318|rpc:10.1.0.30:15084|admin:10.1.0.30:15083|client:10.1.0.30:15082|dataStream:10.1.0.30:15085|priority:1|startupRole:FOLLOWER, 077cb259-20d2-413a-a89a-37aebebbc151|rpc:10.1.0.30:15102|admin:10.1.0.30:15101|client:10.1.0.30:15100|dataStream:10.1.0.30:15103|priority:0|startupRole:FOLLOWER]|listeners:[], old=null
2023-06-17 14:28:22,752 [077cb259-20d2-413a-a89a-37aebebbc151@group-5CF3AA90D698-FollowerState] INFO  server.RaftServer$Division (RaftServerImpl.java:setRole(329)) - 077cb259-20d2-413a-a89a-37aebebbc151@group-5CF3AA90D698: changes role from  FOLLOWER to CANDIDATE at term 0 for changeToCandidate
2023-06-17 14:28:22,753 [47048eaa-a072-4fd8-9d87-63c2f7da8b3d@group-48A1BD7B7B47-LeaderElection19] INFO  server.RaftServerConfigKeys (ConfUtils.java:logFallback(53)) - raft.server.rpc.first-election.timeout.min = 5s (fallback to raft.server.rpc.timeout.min)
2023-06-17 14:28:22,753 [47048eaa-a072-4fd8-9d87-63c2f7da8b3d@group-48A1BD7B7B47-LeaderElection19] INFO  server.RaftServerConfigKeys (ConfUtils.java:logFallback(53)) - raft.server.rpc.first-election.timeout.max = 5200ms (fallback to raft.server.rpc.timeout.max)
2023-06-17 14:28:22,758 [077cb259-20d2-413a-a89a-37aebebbc151@group-5CF3AA90D698-FollowerState] INFO  server.RaftServerConfigKeys (ConfUtils.java:logGet(46)) - raft.server.leaderelection.pre-vote = true (default)
2023-06-17 14:28:22,758 [077cb259-20d2-413a-a89a-37aebebbc151@group-5CF3AA90D698-FollowerState] INFO  impl.RoleInfo (RoleInfo.java:updateAndGet(139)) - 077cb259-20d2-413a-a89a-37aebebbc151: start 077cb259-20d2-413a-a89a-37aebebbc151@group-5CF3AA90D698-LeaderElection20
2023-06-17 14:28:22,763 [grpc-default-executor-3] INFO  server.RaftServer$Division (RaftServerImpl.java:requestVote(1302)) - d8e5db2f-8a5f-4279-a0a7-2a0e2e29a318@group-48A1BD7B7B47: receive requestVote(PRE_VOTE, 47048eaa-a072-4fd8-9d87-63c2f7da8b3d, group-48A1BD7B7B47, 0, (t:0, i:0))
2023-06-17 14:28:22,763 [grpc-default-executor-3] INFO  impl.VoteContext (VoteContext.java:log(49)) - d8e5db2f-8a5f-4279-a0a7-2a0e2e29a318@group-48A1BD7B7B47-FOLLOWER: reject PRE_VOTE from 47048eaa-a072-4fd8-9d87-63c2f7da8b3d: our priority 1 > candidate's priority 0
2023-06-17 14:28:22,763 [grpc-default-executor-3] INFO  server.RaftServer$Division (RaftServerImpl.java:requestVote(1335)) - d8e5db2f-8a5f-4279-a0a7-2a0e2e29a318@group-48A1BD7B7B47 replies to PRE_VOTE vote request: 47048eaa-a072-4fd8-9d87-63c2f7da8b3d<-d8e5db2f-8a5f-4279-a0a7-2a0e2e29a318#0:FAIL-t0. Peer's state: d8e5db2f-8a5f-4279-a0a7-2a0e2e29a318@group-48A1BD7B7B47:t0, leader=null, voted=, raftlog=Memoized:d8e5db2f-8a5f-4279-a0a7-2a0e2e29a318@group-48A1BD7B7B47-SegmentedRaftLog:OPENED:c-1, conf=-1: peers:[47048eaa-a072-4fd8-9d87-63c2f7da8b3d|rpc:10.1.0.30:15093|admin:10.1.0.30:15092|client:10.1.0.30:15091|dataStream:10.1.0.30:15094|priority:0|startupRole:FOLLOWER, d8e5db2f-8a5f-4279-a0a7-2a0e2e29a318|rpc:10.1.0.30:15084|admin:10.1.0.30:15083|client:10.1.0.30:15082|dataStream:10.1.0.30:15085|priority:1|startupRole:FOLLOWER, 077cb259-20d2-413a-a89a-37aebebbc151|rpc:10.1.0.30:15102|admin:10.1.0.30:15101|client:10.1.0.30:15100|dataStream:10.1.0.30:15103|priority:0|startupRole:FOLLOWER]|listeners:[], old=null
2023-06-17 14:28:22,764 [47048eaa-a072-4fd8-9d87-63c2f7da8b3d@group-48A1BD7B7B47-LeaderElection19] INFO  impl.LeaderElection (LeaderElection.java:logAndReturn(90)) - 47048eaa-a072-4fd8-9d87-63c2f7da8b3d@group-48A1BD7B7B47-LeaderElection19: PRE_VOTE REJECTED received 1 response(s) and 0 exception(s):
2023-06-17 14:28:22,764 [47048eaa-a072-4fd8-9d87-63c2f7da8b3d@group-48A1BD7B7B47-LeaderElection19] INFO  impl.LeaderElection (LeaderElection.java:logAndReturn(94)) -   Response 0: 47048eaa-a072-4fd8-9d87-63c2f7da8b3d<-d8e5db2f-8a5f-4279-a0a7-2a0e2e29a318#0:FAIL-t0
2023-06-17 14:28:22,764 [47048eaa-a072-4fd8-9d87-63c2f7da8b3d@group-48A1BD7B7B47-LeaderElection19] INFO  impl.LeaderElection (LeaderElection.java:askForVotes(323)) - 47048eaa-a072-4fd8-9d87-63c2f7da8b3d@group-48A1BD7B7B47-LeaderElection19 PRE_VOTE round 0: result REJECTED
2023-06-17 14:28:22,765 [47048eaa-a072-4fd8-9d87-63c2f7da8b3d@group-48A1BD7B7B47-LeaderElection19] INFO  server.RaftServer$Division (RaftServerImpl.java:setRole(329)) - 47048eaa-a072-4fd8-9d87-63c2f7da8b3d@group-48A1BD7B7B47: changes role from CANDIDATE to FOLLOWER at term 0 for REJECTED
2023-06-17 14:28:22,765 [47048eaa-a072-4fd8-9d87-63c2f7da8b3d@group-48A1BD7B7B47-LeaderElection19] INFO  impl.RoleInfo (RoleInfo.java:shutdownLeaderElection(130)) - 47048eaa-a072-4fd8-9d87-63c2f7da8b3d: shutdown 47048eaa-a072-4fd8-9d87-63c2f7da8b3d@group-48A1BD7B7B47-LeaderElection19
2023-06-17 14:28:22,765 [47048eaa-a072-4fd8-9d87-63c2f7da8b3d@group-48A1BD7B7B47-LeaderElection19] INFO  impl.RoleInfo (RoleInfo.java:updateAndGet(139)) - 47048eaa-a072-4fd8-9d87-63c2f7da8b3d: start 47048eaa-a072-4fd8-9d87-63c2f7da8b3d@group-48A1BD7B7B47-FollowerState
2023-06-17 14:28:22,765 [077cb259-20d2-413a-a89a-37aebebbc151@group-5CF3AA90D698-LeaderElection20] INFO  impl.LeaderElection (LeaderElection.java:askForVotes(321)) - 077cb259-20d2-413a-a89a-37aebebbc151@group-5CF3AA90D698-LeaderElection20 PRE_VOTE round 0: submit vote requests at term 0 for -1: peers:[47048eaa-a072-4fd8-9d87-63c2f7da8b3d|rpc:10.1.0.30:15093|admin:10.1.0.30:15092|client:10.1.0.30:15091|dataStream:10.1.0.30:15094|priority:0|startupRole:FOLLOWER, d8e5db2f-8a5f-4279-a0a7-2a0e2e29a318|rpc:10.1.0.30:15084|admin:10.1.0.30:15083|client:10.1.0.30:15082|dataStream:10.1.0.30:15085|priority:0|startupRole:FOLLOWER, 077cb259-20d2-413a-a89a-37aebebbc151|rpc:10.1.0.30:15102|admin:10.1.0.30:15101|client:10.1.0.30:15100|dataStream:10.1.0.30:15103|priority:1|startupRole:FOLLOWER]|listeners:[], old=null
2023-06-17 14:28:22,768 [grpc-default-executor-3] INFO  server.RaftServer$Division (RaftServerImpl.java:requestVote(1302)) - 077cb259-20d2-413a-a89a-37aebebbc151@group-48A1BD7B7B47: receive requestVote(PRE_VOTE, 47048eaa-a072-4fd8-9d87-63c2f7da8b3d, group-48A1BD7B7B47, 0, (t:0, i:0))
2023-06-17 14:28:22,768 [grpc-default-executor-3] INFO  impl.VoteContext (VoteContext.java:log(49)) - 077cb259-20d2-413a-a89a-37aebebbc151@group-48A1BD7B7B47-FOLLOWER: accept PRE_VOTE from 47048eaa-a072-4fd8-9d87-63c2f7da8b3d: our priority 0 <= candidate's priority 0
2023-06-17 14:28:22,768 [grpc-default-executor-3] INFO  server.RaftServer$Division (RaftServerImpl.java:requestVote(1335)) - 077cb259-20d2-413a-a89a-37aebebbc151@group-48A1BD7B7B47 replies to PRE_VOTE vote request: 47048eaa-a072-4fd8-9d87-63c2f7da8b3d<-077cb259-20d2-413a-a89a-37aebebbc151#0:OK-t0. Peer's state: 077cb259-20d2-413a-a89a-37aebebbc151@group-48A1BD7B7B47:t0, leader=null, voted=, raftlog=Memoized:077cb259-20d2-413a-a89a-37aebebbc151@group-48A1BD7B7B47-SegmentedRaftLog:OPENED:c-1, conf=-1: peers:[47048eaa-a072-4fd8-9d87-63c2f7da8b3d|rpc:10.1.0.30:15093|admin:10.1.0.30:15092|client:10.1.0.30:15091|dataStream:10.1.0.30:15094|priority:0|startupRole:FOLLOWER, d8e5db2f-8a5f-4279-a0a7-2a0e2e29a318|rpc:10.1.0.30:15084|admin:10.1.0.30:15083|client:10.1.0.30:15082|dataStream:10.1.0.30:15085|priority:1|startupRole:FOLLOWER, 077cb259-20d2-413a-a89a-37aebebbc151|rpc:10.1.0.30:15102|admin:10.1.0.30:15101|client:10.1.0.30:15100|dataStream:10.1.0.30:15103|priority:0|startupRole:FOLLOWER]|listeners:[], old=null
2023-06-17 14:28:22,774 [077cb259-20d2-413a-a89a-37aebebbc151@group-5CF3AA90D698-LeaderElection20-1] INFO  server.GrpcServerProtocolClient (GrpcServerProtocolClient.java:<init>(65)) - Build channel for 47048eaa-a072-4fd8-9d87-63c2f7da8b3d
2023-06-17 14:28:22,782 [077cb259-20d2-413a-a89a-37aebebbc151@group-5CF3AA90D698-LeaderElection20] INFO  server.RaftServerConfigKeys (ConfUtils.java:logFallback(53)) - raft.server.rpc.first-election.timeout.min = 5s (fallback to raft.server.rpc.timeout.min)
2023-06-17 14:28:22,782 [077cb259-20d2-413a-a89a-37aebebbc151@group-5CF3AA90D698-LeaderElection20] INFO  server.RaftServerConfigKeys (ConfUtils.java:logFallback(53)) - raft.server.rpc.first-election.timeout.max = 5200ms (fallback to raft.server.rpc.timeout.max)
2023-06-17 14:28:22,787 [d8e5db2f-8a5f-4279-a0a7-2a0e2e29a318@group-48A1BD7B7B47-FollowerState] INFO  impl.FollowerState (FollowerState.java:run(143)) - d8e5db2f-8a5f-4279-a0a7-2a0e2e29a318@group-48A1BD7B7B47-FollowerState: change to CANDIDATE, lastRpcElapsedTime:5104209476ns, electionTimeout:5088ms
2023-06-17 14:28:22,787 [grpc-default-executor-3] INFO  server.RaftServer$Division (RaftServerImpl.java:requestVote(1302)) - 47048eaa-a072-4fd8-9d87-63c2f7da8b3d@group-5CF3AA90D698: receive requestVote(PRE_VOTE, 077cb259-20d2-413a-a89a-37aebebbc151, group-5CF3AA90D698, 0, (t:0, i:0))
2023-06-17 14:28:22,787 [d8e5db2f-8a5f-4279-a0a7-2a0e2e29a318@group-48A1BD7B7B47-FollowerState] INFO  impl.RoleInfo (RoleInfo.java:shutdownFollowerState(110)) - d8e5db2f-8a5f-4279-a0a7-2a0e2e29a318: shutdown d8e5db2f-8a5f-4279-a0a7-2a0e2e29a318@group-48A1BD7B7B47-FollowerState
2023-06-17 14:28:22,787 [grpc-default-executor-3] INFO  impl.VoteContext (VoteContext.java:log(49)) - 47048eaa-a072-4fd8-9d87-63c2f7da8b3d@group-5CF3AA90D698-FOLLOWER: accept PRE_VOTE from 077cb259-20d2-413a-a89a-37aebebbc151: our priority 0 <= candidate's priority 1
2023-06-17 14:28:22,787 [d8e5db2f-8a5f-4279-a0a7-2a0e2e29a318@group-48A1BD7B7B47-FollowerState] INFO  server.RaftServer$Division (RaftServerImpl.java:setRole(329)) - d8e5db2f-8a5f-4279-a0a7-2a0e2e29a318@group-48A1BD7B7B47: changes role from  FOLLOWER to CANDIDATE at term 0 for changeToCandidate
2023-06-17 14:28:22,788 [grpc-default-executor-3] INFO  server.RaftServer$Division (RaftServerImpl.java:requestVote(1335)) - 47048eaa-a072-4fd8-9d87-63c2f7da8b3d@group-5CF3AA90D698 replies to PRE_VOTE vote request: 077cb259-20d2-413a-a89a-37aebebbc151<-47048eaa-a072-4fd8-9d87-63c2f7da8b3d#0:OK-t0. Peer's state: 47048eaa-a072-4fd8-9d87-63c2f7da8b3d@group-5CF3AA90D698:t0, leader=null, voted=, raftlog=Memoized:47048eaa-a072-4fd8-9d87-63c2f7da8b3d@group-5CF3AA90D698-SegmentedRaftLog:OPENED:c-1, conf=-1: peers:[47048eaa-a072-4fd8-9d87-63c2f7da8b3d|rpc:10.1.0.30:15093|admin:10.1.0.30:15092|client:10.1.0.30:15091|dataStream:10.1.0.30:15094|priority:0|startupRole:FOLLOWER, d8e5db2f-8a5f-4279-a0a7-2a0e2e29a318|rpc:10.1.0.30:15084|admin:10.1.0.30:15083|client:10.1.0.30:15082|dataStream:10.1.0.30:15085|priority:0|startupRole:FOLLOWER, 077cb259-20d2-413a-a89a-37aebebbc151|rpc:10.1.0.30:15102|admin:10.1.0.30:15101|client:10.1.0.30:15100|dataStream:10.1.0.30:15103|priority:1|startupRole:FOLLOWER]|listeners:[], old=null
2023-06-17 14:28:22,788 [077cb259-20d2-413a-a89a-37aebebbc151@group-5CF3AA90D698-LeaderElection20-2] INFO  server.GrpcServerProtocolClient (GrpcServerProtocolClient.java:<init>(65)) - Build channel for d8e5db2f-8a5f-4279-a0a7-2a0e2e29a318
2023-06-17 14:28:22,789 [077cb259-20d2-413a-a89a-37aebebbc151@group-5CF3AA90D698-LeaderElection20] INFO  impl.LeaderElection (LeaderElection.java:logAndReturn(90)) - 077cb259-20d2-413a-a89a-37aebebbc151@group-5CF3AA90D698-LeaderElection20: PRE_VOTE PASSED received 1 response(s) and 0 exception(s):
2023-06-17 14:28:22,789 [077cb259-20d2-413a-a89a-37aebebbc151@group-5CF3AA90D698-LeaderElection20] INFO  impl.LeaderElection (LeaderElection.java:logAndReturn(94)) -   Response 0: 077cb259-20d2-413a-a89a-37aebebbc151<-47048eaa-a072-4fd8-9d87-63c2f7da8b3d#0:OK-t0
2023-06-17 14:28:22,789 [077cb259-20d2-413a-a89a-37aebebbc151@group-5CF3AA90D698-LeaderElection20] INFO  impl.LeaderElection (LeaderElection.java:askForVotes(323)) - 077cb259-20d2-413a-a89a-37aebebbc151@group-5CF3AA90D698-LeaderElection20 PRE_VOTE round 0: result PASSED
2023-06-17 14:28:22,791 [d8e5db2f-8a5f-4279-a0a7-2a0e2e29a318@group-48A1BD7B7B47-FollowerState] INFO  server.RaftServerConfigKeys (ConfUtils.java:logGet(46)) - raft.server.leaderelection.pre-vote = true (default)
2023-06-17 14:28:22,791 [d8e5db2f-8a5f-4279-a0a7-2a0e2e29a318@group-48A1BD7B7B47-FollowerState] INFO  impl.RoleInfo (RoleInfo.java:updateAndGet(139)) - d8e5db2f-8a5f-4279-a0a7-2a0e2e29a318: start d8e5db2f-8a5f-4279-a0a7-2a0e2e29a318@group-48A1BD7B7B47-LeaderElection21
2023-06-17 14:28:22,794 [077cb259-20d2-413a-a89a-37aebebbc151@group-5CF3AA90D698-LeaderElection20] INFO  impl.LeaderElection (LeaderElection.java:askForVotes(321)) - 077cb259-20d2-413a-a89a-37aebebbc151@group-5CF3AA90D698-LeaderElection20 ELECTION round 0: submit vote requests at term 1 for -1: peers:[47048eaa-a072-4fd8-9d87-63c2f7da8b3d|rpc:10.1.0.30:15093|admin:10.1.0.30:15092|client:10.1.0.30:15091|dataStream:10.1.0.30:15094|priority:0|startupRole:FOLLOWER, d8e5db2f-8a5f-4279-a0a7-2a0e2e29a318|rpc:10.1.0.30:15084|admin:10.1.0.30:15083|client:10.1.0.30:15082|dataStream:10.1.0.30:15085|priority:0|startupRole:FOLLOWER, 077cb259-20d2-413a-a89a-37aebebbc151|rpc:10.1.0.30:15102|admin:10.1.0.30:15101|client:10.1.0.30:15100|dataStream:10.1.0.30:15103|priority:1|startupRole:FOLLOWER]|listeners:[], old=null
2023-06-17 14:28:22,796 [077cb259-20d2-413a-a89a-37aebebbc151@group-5CF3AA90D698-LeaderElection20] INFO  server.RaftServerConfigKeys (ConfUtils.java:logFallback(53)) - raft.server.rpc.first-election.timeout.min = 5s (fallback to raft.server.rpc.timeout.min)
2023-06-17 14:28:22,796 [077cb259-20d2-413a-a89a-37aebebbc151@group-5CF3AA90D698-LeaderElection20] INFO  server.RaftServerConfigKeys (ConfUtils.java:logFallback(53)) - raft.server.rpc.first-election.timeout.max = 5200ms (fallback to raft.server.rpc.timeout.max)
2023-06-17 14:28:22,797 [grpc-default-executor-3] INFO  server.RaftServer$Division (RaftServerImpl.java:requestVote(1302)) - 47048eaa-a072-4fd8-9d87-63c2f7da8b3d@group-5CF3AA90D698: receive requestVote(ELECTION, 077cb259-20d2-413a-a89a-37aebebbc151, group-5CF3AA90D698, 1, (t:0, i:0))
2023-06-17 14:28:22,797 [grpc-default-executor-3] INFO  impl.VoteContext (VoteContext.java:log(49)) - 47048eaa-a072-4fd8-9d87-63c2f7da8b3d@group-5CF3AA90D698-FOLLOWER: accept ELECTION from 077cb259-20d2-413a-a89a-37aebebbc151: our priority 0 <= candidate's priority 1
2023-06-17 14:28:22,798 [d8e5db2f-8a5f-4279-a0a7-2a0e2e29a318@group-48A1BD7B7B47-LeaderElection21] INFO  impl.LeaderElection (LeaderElection.java:askForVotes(321)) - d8e5db2f-8a5f-4279-a0a7-2a0e2e29a318@group-48A1BD7B7B47-LeaderElection21 PRE_VOTE round 0: submit vote requests at term 0 for -1: peers:[47048eaa-a072-4fd8-9d87-63c2f7da8b3d|rpc:10.1.0.30:15093|admin:10.1.0.30:15092|client:10.1.0.30:15091|dataStream:10.1.0.30:15094|priority:0|startupRole:FOLLOWER, d8e5db2f-8a5f-4279-a0a7-2a0e2e29a318|rpc:10.1.0.30:15084|admin:10.1.0.30:15083|client:10.1.0.30:15082|dataStream:10.1.0.30:15085|priority:1|startupRole:FOLLOWER, 077cb259-20d2-413a-a89a-37aebebbc151|rpc:10.1.0.30:15102|admin:10.1.0.30:15101|client:10.1.0.30:15100|dataStream:10.1.0.30:15103|priority:0|startupRole:FOLLOWER]|listeners:[], old=null
2023-06-17 14:28:22,798 [grpc-default-executor-3] INFO  server.RaftServer$Division (RaftServerImpl.java:setRole(329)) - 47048eaa-a072-4fd8-9d87-63c2f7da8b3d@group-5CF3AA90D698: changes role from  FOLLOWER to FOLLOWER at term 1 for candidate:077cb259-20d2-413a-a89a-37aebebbc151
2023-06-17 14:28:22,798 [grpc-default-executor-3] INFO  impl.RoleInfo (RoleInfo.java:shutdownFollowerState(110)) - 47048eaa-a072-4fd8-9d87-63c2f7da8b3d: shutdown 47048eaa-a072-4fd8-9d87-63c2f7da8b3d@group-5CF3AA90D698-FollowerState
2023-06-17 14:28:22,798 [grpc-default-executor-3] INFO  impl.RoleInfo (RoleInfo.java:updateAndGet(139)) - 47048eaa-a072-4fd8-9d87-63c2f7da8b3d: start 47048eaa-a072-4fd8-9d87-63c2f7da8b3d@group-5CF3AA90D698-FollowerState
2023-06-17 14:28:22,798 [47048eaa-a072-4fd8-9d87-63c2f7da8b3d@group-5CF3AA90D698-FollowerState] INFO  impl.FollowerState (FollowerState.java:run(152)) - 47048eaa-a072-4fd8-9d87-63c2f7da8b3d@group-5CF3AA90D698-FollowerState was interrupted
2023-06-17 14:28:22,801 [grpc-default-executor-3] INFO  server.RaftServer$Division (RaftServerImpl.java:requestVote(1335)) - 47048eaa-a072-4fd8-9d87-63c2f7da8b3d@group-5CF3AA90D698 replies to ELECTION vote request: 077cb259-20d2-413a-a89a-37aebebbc151<-47048eaa-a072-4fd8-9d87-63c2f7da8b3d#0:OK-t1. Peer's state: 47048eaa-a072-4fd8-9d87-63c2f7da8b3d@group-5CF3AA90D698:t1, leader=null, voted=077cb259-20d2-413a-a89a-37aebebbc151, raftlog=Memoized:47048eaa-a072-4fd8-9d87-63c2f7da8b3d@group-5CF3AA90D698-SegmentedRaftLog:OPENED:c-1, conf=-1: peers:[47048eaa-a072-4fd8-9d87-63c2f7da8b3d|rpc:10.1.0.30:15093|admin:10.1.0.30:15092|client:10.1.0.30:15091|dataStream:10.1.0.30:15094|priority:0|startupRole:FOLLOWER, d8e5db2f-8a5f-4279-a0a7-2a0e2e29a318|rpc:10.1.0.30:15084|admin:10.1.0.30:15083|client:10.1.0.30:15082|dataStream:10.1.0.30:15085|priority:0|startupRole:FOLLOWER, 077cb259-20d2-413a-a89a-37aebebbc151|rpc:10.1.0.30:15102|admin:10.1.0.30:15101|client:10.1.0.30:15100|dataStream:10.1.0.30:15103|priority:1|startupRole:FOLLOWER]|listeners:[], old=null
2023-06-17 14:28:22,801 [d8e5db2f-8a5f-4279-a0a7-2a0e2e29a318@group-48A1BD7B7B47-LeaderElection21] INFO  server.RaftServerConfigKeys (ConfUtils.java:logFallback(53)) - raft.server.rpc.first-election.timeout.min = 5s (fallback to raft.server.rpc.timeout.min)
2023-06-17 14:28:22,801 [d8e5db2f-8a5f-4279-a0a7-2a0e2e29a318@group-48A1BD7B7B47-LeaderElection21] INFO  server.RaftServerConfigKeys (ConfUtils.java:logFallback(53)) - raft.server.rpc.first-election.timeout.max = 5200ms (fallback to raft.server.rpc.timeout.max)
2023-06-17 14:28:22,807 [grpc-default-executor-2] INFO  server.RaftServer$Division (RaftServerImpl.java:requestVote(1302)) - 47048eaa-a072-4fd8-9d87-63c2f7da8b3d@group-48A1BD7B7B47: receive requestVote(PRE_VOTE, d8e5db2f-8a5f-4279-a0a7-2a0e2e29a318, group-48A1BD7B7B47, 0, (t:0, i:0))
2023-06-17 14:28:22,808 [grpc-default-executor-2] INFO  impl.VoteContext (VoteContext.java:log(49)) - 47048eaa-a072-4fd8-9d87-63c2f7da8b3d@group-48A1BD7B7B47-FOLLOWER: accept PRE_VOTE from d8e5db2f-8a5f-4279-a0a7-2a0e2e29a318: our priority 0 <= candidate's priority 1
2023-06-17 14:28:22,808 [grpc-default-executor-2] INFO  server.RaftServer$Division (RaftServerImpl.java:requestVote(1335)) - 47048eaa-a072-4fd8-9d87-63c2f7da8b3d@group-48A1BD7B7B47 replies to PRE_VOTE vote request: d8e5db2f-8a5f-4279-a0a7-2a0e2e29a318<-47048eaa-a072-4fd8-9d87-63c2f7da8b3d#0:OK-t0. Peer's state: 47048eaa-a072-4fd8-9d87-63c2f7da8b3d@group-48A1BD7B7B47:t0, leader=null, voted=, raftlog=Memoized:47048eaa-a072-4fd8-9d87-63c2f7da8b3d@group-48A1BD7B7B47-SegmentedRaftLog:OPENED:c-1, conf=-1: peers:[47048eaa-a072-4fd8-9d87-63c2f7da8b3d|rpc:10.1.0.30:15093|admin:10.1.0.30:15092|client:10.1.0.30:15091|dataStream:10.1.0.30:15094|priority:0|startupRole:FOLLOWER, d8e5db2f-8a5f-4279-a0a7-2a0e2e29a318|rpc:10.1.0.30:15084|admin:10.1.0.30:15083|client:10.1.0.30:15082|dataStream:10.1.0.30:15085|priority:1|startupRole:FOLLOWER, 077cb259-20d2-413a-a89a-37aebebbc151|rpc:10.1.0.30:15102|admin:10.1.0.30:15101|client:10.1.0.30:15100|dataStream:10.1.0.30:15103|priority:0|startupRole:FOLLOWER]|listeners:[], old=null
2023-06-17 14:28:22,808 [d8e5db2f-8a5f-4279-a0a7-2a0e2e29a318@group-48A1BD7B7B47-LeaderElection21] INFO  impl.LeaderElection (LeaderElection.java:logAndReturn(90)) - d8e5db2f-8a5f-4279-a0a7-2a0e2e29a318@group-48A1BD7B7B47-LeaderElection21: PRE_VOTE PASSED received 1 response(s) and 0 exception(s):
2023-06-17 14:28:22,809 [d8e5db2f-8a5f-4279-a0a7-2a0e2e29a318@group-48A1BD7B7B47-LeaderElection21] INFO  impl.LeaderElection (LeaderElection.java:logAndReturn(94)) -   Response 0: d8e5db2f-8a5f-4279-a0a7-2a0e2e29a318<-47048eaa-a072-4fd8-9d87-63c2f7da8b3d#0:OK-t0
2023-06-17 14:28:22,809 [d8e5db2f-8a5f-4279-a0a7-2a0e2e29a318@group-48A1BD7B7B47-LeaderElection21] INFO  impl.LeaderElection (LeaderElection.java:askForVotes(323)) - d8e5db2f-8a5f-4279-a0a7-2a0e2e29a318@group-48A1BD7B7B47-LeaderElection21 PRE_VOTE round 0: result PASSED
2023-06-17 14:28:22,814 [077cb259-20d2-413a-a89a-37aebebbc151@group-5CF3AA90D698-LeaderElection20] INFO  impl.LeaderElection (LeaderElection.java:logAndReturn(90)) - 077cb259-20d2-413a-a89a-37aebebbc151@group-5CF3AA90D698-LeaderElection20: ELECTION PASSED received 1 response(s) and 0 exception(s):
2023-06-17 14:28:22,814 [077cb259-20d2-413a-a89a-37aebebbc151@group-5CF3AA90D698-LeaderElection20] INFO  impl.LeaderElection (LeaderElection.java:logAndReturn(94)) -   Response 0: 077cb259-20d2-413a-a89a-37aebebbc151<-47048eaa-a072-4fd8-9d87-63c2f7da8b3d#0:OK-t1
2023-06-17 14:28:22,814 [077cb259-20d2-413a-a89a-37aebebbc151@group-5CF3AA90D698-LeaderElection20] INFO  impl.LeaderElection (LeaderElection.java:askForVotes(323)) - 077cb259-20d2-413a-a89a-37aebebbc151@group-5CF3AA90D698-LeaderElection20 ELECTION round 0: result PASSED
2023-06-17 14:28:22,814 [077cb259-20d2-413a-a89a-37aebebbc151@group-5CF3AA90D698-LeaderElection20] INFO  impl.RoleInfo (RoleInfo.java:shutdownLeaderElection(130)) - 077cb259-20d2-413a-a89a-37aebebbc151: shutdown 077cb259-20d2-413a-a89a-37aebebbc151@group-5CF3AA90D698-LeaderElection20
2023-06-17 14:28:22,814 [077cb259-20d2-413a-a89a-37aebebbc151@group-5CF3AA90D698-LeaderElection20] INFO  server.RaftServer$Division (RaftServerImpl.java:setRole(329)) - 077cb259-20d2-413a-a89a-37aebebbc151@group-5CF3AA90D698: changes role from CANDIDATE to LEADER at term 1 for changeToLeader
2023-06-17 14:28:22,814 [077cb259-20d2-413a-a89a-37aebebbc151@group-5CF3AA90D698-LeaderElection20] INFO  ratis.XceiverServerRatis (XceiverServerRatis.java:handleLeaderChangedNotification(902)) - Leader change notification received for group: group-5CF3AA90D698 with new leaderId: 077cb259-20d2-413a-a89a-37aebebbc151
2023-06-17 14:28:22,815 [077cb259-20d2-413a-a89a-37aebebbc151@group-5CF3AA90D698-LeaderElection20] INFO  server.RaftServer$Division (ServerState.java:setLeader(317)) - 077cb259-20d2-413a-a89a-37aebebbc151@group-5CF3AA90D698: change Leader from null to 077cb259-20d2-413a-a89a-37aebebbc151 at term 1 for becomeLeader, leader elected after 5241ms
2023-06-17 14:28:22,815 [077cb259-20d2-413a-a89a-37aebebbc151@group-5CF3AA90D698-LeaderElection20] INFO  server.RaftServerConfigKeys (ConfUtils.java:logGet(46)) - raft.server.staging.catchup.gap = 1000 (default)
2023-06-17 14:28:22,815 [077cb259-20d2-413a-a89a-37aebebbc151@group-5CF3AA90D698-LeaderElection20] INFO  server.RaftServerConfigKeys (ConfUtils.java:logGet(46)) - raft.server.write.element-limit = 1024 (custom)
2023-06-17 14:28:22,815 [077cb259-20d2-413a-a89a-37aebebbc151@group-5CF3AA90D698-LeaderElection20] INFO  server.RaftServerConfigKeys (ConfUtils.java:logGet(46)) - raft.server.write.byte-limit = 1024 M (=1073741824) (custom)
2023-06-17 14:28:22,815 [077cb259-20d2-413a-a89a-37aebebbc151@group-5CF3AA90D698-LeaderElection20] INFO  server.RaftServerConfigKeys (ConfUtils.java:logGet(46)) - raft.server.watch.timeout = 180s (custom)
2023-06-17 14:28:22,815 [077cb259-20d2-413a-a89a-37aebebbc151@group-5CF3AA90D698-LeaderElection20] INFO  server.RaftServerConfigKeys (ConfUtils.java:logGet(46)) - raft.server.watch.timeout.denomination = 1s (default)
2023-06-17 14:28:22,815 [077cb259-20d2-413a-a89a-37aebebbc151@group-5CF3AA90D698-LeaderElection20] INFO  server.RaftServerConfigKeys (ConfUtils.java:logGet(46)) - raft.server.watch.element-limit = 65536 (default)
2023-06-17 14:28:22,815 [077cb259-20d2-413a-a89a-37aebebbc151@group-5CF3AA90D698-LeaderElection20] INFO  server.RaftServerConfigKeys (ConfUtils.java:logGet(46)) - raft.server.write.element-limit = 1024 (custom)
2023-06-17 14:28:22,815 [077cb259-20d2-413a-a89a-37aebebbc151@group-5CF3AA90D698-LeaderElection20] INFO  server.RaftServerConfigKeys (ConfUtils.java:logGet(46)) - raft.server.write.follower.gap.ratio.max = -1.0 (default)
2023-06-17 14:28:22,816 [077cb259-20d2-413a-a89a-37aebebbc151@group-5CF3AA90D698-LeaderElection20] INFO  server.RaftServerConfigKeys (ConfUtils.java:logGet(46)) - raft.server.log.appender.snapshot.chunk.size.max = 16MB (=16777216) (default)
2023-06-17 14:28:22,816 [077cb259-20d2-413a-a89a-37aebebbc151@group-5CF3AA90D698-LeaderElection20] INFO  server.RaftServerConfigKeys (ConfUtils.java:logGet(46)) - raft.server.log.appender.buffer.byte-limit = 33554432 (custom)
2023-06-17 14:28:22,816 [077cb259-20d2-413a-a89a-37aebebbc151@group-5CF3AA90D698-LeaderElection20] INFO  server.RaftServerConfigKeys (ConfUtils.java:logGet(46)) - raft.server.log.appender.buffer.element-limit = 1 (custom)
2023-06-17 14:28:22,816 [077cb259-20d2-413a-a89a-37aebebbc151@group-5CF3AA90D698-LeaderElection20] INFO  server.RaftServerConfigKeys (ConfUtils.java:logGet(46)) - raft.server.log.appender.wait-time.min = 10ms (default)
2023-06-17 14:28:22,816 [077cb259-20d2-413a-a89a-37aebebbc151@group-5CF3AA90D698-LeaderElection20] INFO  grpc.GrpcConfigKeys (ConfUtils.java:logGet(46)) - raft.grpc.server.leader.outstanding.appends.max = 128 (default)
2023-06-17 14:28:22,816 [077cb259-20d2-413a-a89a-37aebebbc151@group-5CF3AA90D698-LeaderElection20] INFO  server.RaftServerConfigKeys (ConfUtils.java:logGet(46)) - raft.server.rpc.request.timeout = 60s (custom)
2023-06-17 14:28:22,816 [077cb259-20d2-413a-a89a-37aebebbc151@group-5CF3AA90D698-LeaderElection20] INFO  grpc.GrpcConfigKeys (ConfUtils.java:logGet(46)) - raft.grpc.server.install_snapshot.request.element-limit = 8 (default)
2023-06-17 14:28:22,816 [077cb259-20d2-413a-a89a-37aebebbc151@group-5CF3AA90D698-LeaderElection20] INFO  grpc.GrpcConfigKeys (ConfUtils.java:logGet(46)) - raft.grpc.server.install_snapshot.request.timeout = 3000ms (default)
2023-06-17 14:28:22,816 [077cb259-20d2-413a-a89a-37aebebbc151@group-5CF3AA90D698-LeaderElection20] INFO  server.RaftServerConfigKeys (ConfUtils.java:logGet(46)) - raft.server.log.appender.install.snapshot.enabled = false (custom)
2023-06-17 14:28:22,816 [077cb259-20d2-413a-a89a-37aebebbc151@group-5CF3AA90D698-LeaderElection20] INFO  grpc.GrpcConfigKeys (ConfUtils.java:logGet(46)) - raft.grpc.server.heartbeat.channel = true (default)
2023-06-17 14:28:23,430 [077cb259-20d2-413a-a89a-37aebebbc151@group-5CF3AA90D698-LeaderElection20] INFO  server.RaftServerConfigKeys (ConfUtils.java:logGet(46)) - raft.server.log.appender.snapshot.chunk.size.max = 16MB (=16777216) (default)
2023-06-17 14:28:23,430 [077cb259-20d2-413a-a89a-37aebebbc151@group-5CF3AA90D698-LeaderElection20] INFO  server.RaftServerConfigKeys (ConfUtils.java:logGet(46)) - raft.server.log.appender.buffer.byte-limit = 33554432 (custom)
2023-06-17 14:28:23,430 [077cb259-20d2-413a-a89a-37aebebbc151@group-5CF3AA90D698-LeaderElection20] INFO  server.RaftServerConfigKeys (ConfUtils.java:logGet(46)) - raft.server.log.appender.buffer.element-limit = 1 (custom)
2023-06-17 14:28:23,430 [077cb259-20d2-413a-a89a-37aebebbc151@group-5CF3AA90D698-LeaderElection20] INFO  server.RaftServerConfigKeys (ConfUtils.java:logGet(46)) - raft.server.log.appender.wait-time.min = 10ms (default)
2023-06-17 14:28:23,430 [077cb259-20d2-413a-a89a-37aebebbc151@group-5CF3AA90D698-LeaderElection20] INFO  grpc.GrpcConfigKeys (ConfUtils.java:logGet(46)) - raft.grpc.server.leader.outstanding.appends.max = 128 (default)
2023-06-17 14:28:23,430 [077cb259-20d2-413a-a89a-37aebebbc151@group-5CF3AA90D698-LeaderElection20] INFO  server.RaftServerConfigKeys (ConfUtils.java:logGet(46)) - raft.server.rpc.request.timeout = 60s (custom)
2023-06-17 14:28:23,431 [077cb259-20d2-413a-a89a-37aebebbc151@group-5CF3AA90D698-LeaderElection20] INFO  grpc.GrpcConfigKeys (ConfUtils.java:logGet(46)) - raft.grpc.server.install_snapshot.request.element-limit = 8 (default)
2023-06-17 14:28:23,431 [077cb259-20d2-413a-a89a-37aebebbc151@group-5CF3AA90D698-LeaderElection20] INFO  grpc.GrpcConfigKeys (ConfUtils.java:logGet(46)) - raft.grpc.server.install_snapshot.request.timeout = 3000ms (default)
2023-06-17 14:28:23,431 [077cb259-20d2-413a-a89a-37aebebbc151@group-5CF3AA90D698-LeaderElection20] INFO  server.RaftServerConfigKeys (ConfUtils.java:logGet(46)) - raft.server.log.appender.install.snapshot.enabled = false (custom)
2023-06-17 14:28:23,431 [077cb259-20d2-413a-a89a-37aebebbc151@group-5CF3AA90D698-LeaderElection20] INFO  grpc.GrpcConfigKeys (ConfUtils.java:logGet(46)) - raft.grpc.server.heartbeat.channel = true (default)
2023-06-17 14:28:23,431 [077cb259-20d2-413a-a89a-37aebebbc151@group-5CF3AA90D698-LeaderElection20] INFO  impl.RoleInfo (RoleInfo.java:updateAndGet(139)) - 077cb259-20d2-413a-a89a-37aebebbc151: start 077cb259-20d2-413a-a89a-37aebebbc151@group-5CF3AA90D698-LeaderStateImpl
2023-06-17 14:28:23,431 [077cb259-20d2-413a-a89a-37aebebbc151@group-5CF3AA90D698-LeaderElection20] INFO  segmented.SegmentedRaftLogWorker (SegmentedRaftLogWorker.java:startLogSegment(447)) - 077cb259-20d2-413a-a89a-37aebebbc151@group-5CF3AA90D698-SegmentedRaftLogWorker: Starting segment from index:0
2023-06-17 14:28:22,818 [d8e5db2f-8a5f-4279-a0a7-2a0e2e29a318@group-48A1BD7B7B47-LeaderElection21] INFO  impl.LeaderElection (LeaderElection.java:askForVotes(321)) - d8e5db2f-8a5f-4279-a0a7-2a0e2e29a318@group-48A1BD7B7B47-LeaderElection21 ELECTION round 0: submit vote requests at term 1 for -1: peers:[47048eaa-a072-4fd8-9d87-63c2f7da8b3d|rpc:10.1.0.30:15093|admin:10.1.0.30:15092|client:10.1.0.30:15091|dataStream:10.1.0.30:15094|priority:0|startupRole:FOLLOWER, d8e5db2f-8a5f-4279-a0a7-2a0e2e29a318|rpc:10.1.0.30:15084|admin:10.1.0.30:15083|client:10.1.0.30:15082|dataStream:10.1.0.30:15085|priority:1|startupRole:FOLLOWER, 077cb259-20d2-413a-a89a-37aebebbc151|rpc:10.1.0.30:15102|admin:10.1.0.30:15101|client:10.1.0.30:15100|dataStream:10.1.0.30:15103|priority:0|startupRole:FOLLOWER]|listeners:[], old=null
2023-06-17 14:28:22,818 [EventQueue-OpenPipelineForHealthyPipelineSafeModeRule] INFO  safemode.SCMSafeModeManager (HealthyPipelineSafeModeRule.java:process(137)) - SCM in safe mode. Healthy pipelines reported count is 0, required healthy pipeline reported count is 1
2023-06-17 14:28:22,818 [EventQueue-PipelineReportForPipelineReportHandler] INFO  pipeline.PipelineManagerImpl (PipelineManagerImpl.java:openPipeline(367)) - Pipeline Pipeline[ Id: ce281716-1701-4aca-b3c1-5cf3aa90d698, Nodes: 077cb259-20d2-413a-a89a-37aebebbc151(fv-az1035-386.p4kjid14prhuxkk4m0x4prg4bg.cx.internal.cloudapp.net/10.1.0.30)d8e5db2f-8a5f-4279-a0a7-2a0e2e29a318(fv-az1035-386.p4kjid14prhuxkk4m0x4prg4bg.cx.internal.cloudapp.net/10.1.0.30)47048eaa-a072-4fd8-9d87-63c2f7da8b3d(fv-az1035-386.p4kjid14prhuxkk4m0x4prg4bg.cx.internal.cloudapp.net/10.1.0.30), ReplicationConfig: RATIS/THREE, State:ALLOCATED, leaderId:077cb259-20d2-413a-a89a-37aebebbc151, CreationTimestamp2023-06-17T14:28:15.120Z[Etc/UTC]] moved to OPEN state
2023-06-17 14:28:23,439 [077cb259-20d2-413a-a89a-37aebebbc151@group-48A1BD7B7B47-FollowerState] WARN  impl.FollowerState (FollowerState.java:run(130)) - Unexpected long sleep: sleep 5067ms but took extra 610782702ns (> threshold = 300ms)
2023-06-17 14:28:23,450 [077cb259-20d2-413a-a89a-37aebebbc151@group-48A1BD7B7B47-FollowerState] INFO  server.RaftServerConfigKeys (ConfUtils.java:logFallback(53)) - raft.server.rpc.first-election.timeout.min = 5s (fallback to raft.server.rpc.timeout.min)
2023-06-17 14:28:23,450 [077cb259-20d2-413a-a89a-37aebebbc151@group-48A1BD7B7B47-FollowerState] INFO  server.RaftServerConfigKeys (ConfUtils.java:logFallback(53)) - raft.server.rpc.first-election.timeout.max = 5200ms (fallback to raft.server.rpc.timeout.max)
2023-06-17 14:28:23,439 [JvmPauseMonitor13] WARN  util.JvmPauseMonitor (JvmPauseMonitor.java:detectPause(124)) - JvmPauseMonitor-47048eaa-a072-4fd8-9d87-63c2f7da8b3d: Detected pause in JVM or host machine approximately 0.592s with 0.607s GC time.
GC pool 'PS MarkSweep' had collection(s): count=1 time=454ms
GC pool 'PS Scavenge' had collection(s): count=1 time=153ms
2023-06-17 14:28:23,438 [JvmPauseMonitor10] WARN  util.JvmPauseMonitor (JvmPauseMonitor.java:detectPause(124)) - JvmPauseMonitor-cc72a6d8-2bcc-42fe-bed9-8d327035db36: Detected pause in JVM or host machine approximately 0.564s with 0.607s GC time.
GC pool 'PS MarkSweep' had collection(s): count=1 time=454ms
GC pool 'PS Scavenge' had collection(s): count=1 time=153ms
2023-06-17 14:28:23,438 [47048eaa-a072-4fd8-9d87-63c2f7da8b3d@group-D867A173262D-FollowerState] WARN  impl.FollowerState (FollowerState.java:run(130)) - Unexpected long sleep: sleep 5141ms but took extra 478509326ns (> threshold = 300ms)
2023-06-17 14:28:23,450 [47048eaa-a072-4fd8-9d87-63c2f7da8b3d@group-D867A173262D-FollowerState] INFO  server.RaftServerConfigKeys (ConfUtils.java:logFallback(53)) - raft.server.rpc.first-election.timeout.min = 5s (fallback to raft.server.rpc.timeout.min)
2023-06-17 14:28:23,450 [47048eaa-a072-4fd8-9d87-63c2f7da8b3d@group-D867A173262D-FollowerState] INFO  server.RaftServerConfigKeys (ConfUtils.java:logFallback(53)) - raft.server.rpc.first-election.timeout.max = 5200ms (fallback to raft.server.rpc.timeout.max)
2023-06-17 14:28:23,438 [JvmPauseMonitor12] WARN  util.JvmPauseMonitor (JvmPauseMonitor.java:detectPause(124)) - JvmPauseMonitor-d8e5db2f-8a5f-4279-a0a7-2a0e2e29a318: Detected pause in JVM or host machine approximately 0.404s with 0.607s GC time.
GC pool 'PS MarkSweep' had collection(s): count=1 time=454ms
GC pool 'PS Scavenge' had collection(s): count=1 time=153ms
2023-06-17 14:28:23,438 [JvmPauseMonitor11] WARN  util.JvmPauseMonitor (JvmPauseMonitor.java:detectPause(124)) - JvmPauseMonitor-om1: Detected pause in JVM or host machine approximately 0.352s with 0.607s GC time.
GC pool 'PS MarkSweep' had collection(s): count=1 time=454ms
GC pool 'PS Scavenge' had collection(s): count=1 time=153ms
2023-06-17 14:28:23,437 [main] INFO  ozone.MiniOzoneClusterImpl (MiniOzoneClusterImpl.java:lambda$waitForClusterToBeReady$0(224)) - Nodes are ready. Got 3 of 3 DN Heartbeats.
2023-06-17 14:28:23,451 [main] INFO  ozone.MiniOzoneClusterImpl (MiniOzoneClusterImpl.java:lambda$waitForClusterToBeReady$0(227)) - Waiting for cluster to exit safe mode
2023-06-17 14:28:23,451 [main] INFO  ozone.MiniOzoneClusterImpl (MiniOzoneClusterImpl.java:lambda$waitForClusterToBeReady$0(229)) - SCM became leader
2023-06-17 14:28:23,437 [077cb259-20d2-413a-a89a-37aebebbc151@group-1ED2AC36BD69-FollowerState] INFO  impl.FollowerState (FollowerState.java:run(143)) - 077cb259-20d2-413a-a89a-37aebebbc151@group-1ED2AC36BD69-FollowerState: change to CANDIDATE, lastRpcElapsedTime:5302385447ns, electionTimeout:5013ms
2023-06-17 14:28:23,451 [077cb259-20d2-413a-a89a-37aebebbc151@group-1ED2AC36BD69-FollowerState] INFO  impl.RoleInfo (RoleInfo.java:shutdownFollowerState(110)) - 077cb259-20d2-413a-a89a-37aebebbc151: shutdown 077cb259-20d2-413a-a89a-37aebebbc151@group-1ED2AC36BD69-FollowerState
2023-06-17 14:28:23,451 [077cb259-20d2-413a-a89a-37aebebbc151@group-1ED2AC36BD69-FollowerState] INFO  server.RaftServer$Division (RaftServerImpl.java:setRole(329)) - 077cb259-20d2-413a-a89a-37aebebbc151@group-1ED2AC36BD69: changes role from  FOLLOWER to CANDIDATE at term 0 for changeToCandidate
2023-06-17 14:28:23,437 [JvmPauseMonitor14] WARN  util.JvmPauseMonitor (JvmPauseMonitor.java:detectPause(124)) - JvmPauseMonitor-077cb259-20d2-413a-a89a-37aebebbc151: Detected pause in JVM or host machine approximately 0.248s with 0.607s GC time.
GC pool 'PS MarkSweep' had collection(s): count=1 time=454ms
GC pool 'PS Scavenge' had collection(s): count=1 time=153ms
2023-06-17 14:28:23,452 [EventQueue-OpenPipelineForHealthyPipelineSafeModeRule] INFO  safemode.SCMSafeModeManager (HealthyPipelineSafeModeRule.java:process(137)) - SCM in safe mode. Healthy pipelines reported count is 1, required healthy pipeline reported count is 1
2023-06-17 14:28:23,452 [EventQueue-OpenPipelineForHealthyPipelineSafeModeRule] INFO  safemode.SCMSafeModeManager (SCMSafeModeManager.java:validateSafeModeExitRules(200)) - HealthyPipelineSafeModeRule rule is successfully validated
2023-06-17 14:28:23,452 [EventQueue-OpenPipelineForHealthyPipelineSafeModeRule] INFO  safemode.SCMSafeModeManager (SCMSafeModeManager.java:validateSafeModeExitRules(215)) - ScmSafeModeManager, all rules are successfully validated
2023-06-17 14:28:23,452 [EventQueue-OpenPipelineForHealthyPipelineSafeModeRule] INFO  safemode.SCMSafeModeManager (SCMSafeModeManager.java:exitSafeMode(244)) - SCM exiting safe mode.
2023-06-17 14:28:23,452 [EventQueue-OpenPipelineForHealthyPipelineSafeModeRule] INFO  ha.SCMContext (SCMContext.java:updateSafeModeStatus(228)) - Update SafeModeStatus from SafeModeStatus{safeModeStatus=true, preCheckPassed=true} to SafeModeStatus{safeModeStatus=false, preCheckPassed=true}.
2023-06-17 14:28:23,452 [EventQueue-OpenPipelineForHealthyPipelineSafeModeRule] INFO  pipeline.BackgroundPipelineCreator (BackgroundPipelineCreator.java:notifyStatusChanged(254)) - Service BackgroundPipelineCreator transitions to RUNNING.
2023-06-17 14:28:23,452 [EventQueue-OpenPipelineForHealthyPipelineSafeModeRule] INFO  BackgroundPipelineScrubber (BackgroundSCMService.java:notifyStatusChanged(82)) - Service BackgroundPipelineScrubber transitions to RUNNING.
2023-06-17 14:28:23,452 [EventQueue-OpenPipelineForHealthyPipelineSafeModeRule] INFO  ExpiredContainerReplicaOpScrubber (BackgroundSCMService.java:notifyStatusChanged(82)) - Service ExpiredContainerReplicaOpScrubber transitions to RUNNING.
2023-06-17 14:28:23,452 [EventQueue-OpenPipelineForHealthyPipelineSafeModeRule] INFO  replication.ReplicationManager (ReplicationManager.java:notifyStatusChanged(1361)) - Service ReplicationManager transitions to RUNNING.
2023-06-17 14:28:23,453 [EventQueue-OpenPipelineForHealthyPipelineSafeModeRule] WARN  balancer.ContainerBalancer (ContainerBalancer.java:shouldRun(135)) - Could not find persisted configuration for ContainerBalancer when checking if ContainerBalancer should run. ContainerBalancer should not run now.
2023-06-17 14:28:23,469 [grpc-default-executor-2] INFO  server.RaftServer$Division (RaftServerImpl.java:requestVote(1302)) - 077cb259-20d2-413a-a89a-37aebebbc151@group-48A1BD7B7B47: receive requestVote(PRE_VOTE, d8e5db2f-8a5f-4279-a0a7-2a0e2e29a318, group-48A1BD7B7B47, 0, (t:0, i:0))
2023-06-17 14:28:23,469 [grpc-default-executor-3] INFO  server.RaftServer$Division (RaftServerImpl.java:requestVote(1302)) - d8e5db2f-8a5f-4279-a0a7-2a0e2e29a318@group-5CF3AA90D698: receive requestVote(PRE_VOTE, 077cb259-20d2-413a-a89a-37aebebbc151, group-5CF3AA90D698, 0, (t:0, i:0))
2023-06-17 14:28:23,469 [grpc-default-executor-3] INFO  impl.VoteContext (VoteContext.java:log(49)) - d8e5db2f-8a5f-4279-a0a7-2a0e2e29a318@group-5CF3AA90D698-FOLLOWER: accept PRE_VOTE from 077cb259-20d2-413a-a89a-37aebebbc151: our priority 0 <= candidate's priority 1
2023-06-17 14:28:23,470 [grpc-default-executor-1] INFO  server.RaftServer$Division (RaftServerImpl.java:requestVote(1302)) - d8e5db2f-8a5f-4279-a0a7-2a0e2e29a318@group-5CF3AA90D698: receive requestVote(ELECTION, 077cb259-20d2-413a-a89a-37aebebbc151, group-5CF3AA90D698, 1, (t:0, i:0))
2023-06-17 14:28:23,470 [grpc-default-executor-3] INFO  server.RaftServer$Division (RaftServerImpl.java:requestVote(1335)) - d8e5db2f-8a5f-4279-a0a7-2a0e2e29a318@group-5CF3AA90D698 replies to PRE_VOTE vote request: 077cb259-20d2-413a-a89a-37aebebbc151<-d8e5db2f-8a5f-4279-a0a7-2a0e2e29a318#0:OK-t0. Peer's state: d8e5db2f-8a5f-4279-a0a7-2a0e2e29a318@group-5CF3AA90D698:t0, leader=null, voted=, raftlog=Memoized:d8e5db2f-8a5f-4279-a0a7-2a0e2e29a318@group-5CF3AA90D698-SegmentedRaftLog:OPENED:c-1, conf=-1: peers:[47048eaa-a072-4fd8-9d87-63c2f7da8b3d|rpc:10.1.0.30:15093|admin:10.1.0.30:15092|client:10.1.0.30:15091|dataStream:10.1.0.30:15094|priority:0|startupRole:FOLLOWER, d8e5db2f-8a5f-4279-a0a7-2a0e2e29a318|rpc:10.1.0.30:15084|admin:10.1.0.30:15083|client:10.1.0.30:15082|dataStream:10.1.0.30:15085|priority:0|startupRole:FOLLOWER, 077cb259-20d2-413a-a89a-37aebebbc151|rpc:10.1.0.30:15102|admin:10.1.0.30:15101|client:10.1.0.30:15100|dataStream:10.1.0.30:15103|priority:1|startupRole:FOLLOWER]|listeners:[], old=null
2023-06-17 14:28:23,470 [077cb259-20d2-413a-a89a-37aebebbc151@group-5CF3AA90D698-SegmentedRaftLogWorker] INFO  segmented.SegmentedRaftLogWorker (SegmentedRaftLogWorker.java:execute(651)) - 077cb259-20d2-413a-a89a-37aebebbc151@group-5CF3AA90D698-SegmentedRaftLogWorker: created new log segment /home/runner/work/ozone/ozone/hadoop-ozone/integration-test/target/test-dir/MiniOzoneClusterImpl-8d772b0e-b617-4196-a398-7a8a47ee7084/datanode-2/data/ratis/ce281716-1701-4aca-b3c1-5cf3aa90d698/current/log_inprogress_0
2023-06-17 14:28:23,474 [077cb259-20d2-413a-a89a-37aebebbc151@group-5CF3AA90D698-LeaderElection20] INFO  server.RaftServer$Division (ServerState.java:setRaftConf(434)) - 077cb259-20d2-413a-a89a-37aebebbc151@group-5CF3AA90D698: set configuration 0: peers:[47048eaa-a072-4fd8-9d87-63c2f7da8b3d|rpc:10.1.0.30:15093|admin:10.1.0.30:15092|client:10.1.0.30:15091|dataStream:10.1.0.30:15094|priority:0|startupRole:FOLLOWER, d8e5db2f-8a5f-4279-a0a7-2a0e2e29a318|rpc:10.1.0.30:15084|admin:10.1.0.30:15083|client:10.1.0.30:15082|dataStream:10.1.0.30:15085|priority:0|startupRole:FOLLOWER, 077cb259-20d2-413a-a89a-37aebebbc151|rpc:10.1.0.30:15102|admin:10.1.0.30:15101|client:10.1.0.30:15100|dataStream:10.1.0.30:15103|priority:1|startupRole:FOLLOWER]|listeners:[], old=null
2023-06-17 14:28:23,473 [grpc-default-executor-2] INFO  impl.VoteContext (VoteContext.java:log(49)) - 077cb259-20d2-413a-a89a-37aebebbc151@group-48A1BD7B7B47-FOLLOWER: accept PRE_VOTE from d8e5db2f-8a5f-4279-a0a7-2a0e2e29a318: our priority 0 <= candidate's priority 1
2023-06-17 14:28:23,475 [grpc-default-executor-2] INFO  server.RaftServer$Division (RaftServerImpl.java:requestVote(1335)) - 077cb259-20d2-413a-a89a-37aebebbc151@group-48A1BD7B7B47 replies to PRE_VOTE vote request: d8e5db2f-8a5f-4279-a0a7-2a0e2e29a318<-077cb259-20d2-413a-a89a-37aebebbc151#0:OK-t0. Peer's state: 077cb259-20d2-413a-a89a-37aebebbc151@group-48A1BD7B7B47:t0, leader=null, voted=, raftlog=Memoized:077cb259-20d2-413a-a89a-37aebebbc151@group-48A1BD7B7B47-SegmentedRaftLog:OPENED:c-1, conf=-1: peers:[47048eaa-a072-4fd8-9d87-63c2f7da8b3d|rpc:10.1.0.30:15093|admin:10.1.0.30:15092|client:10.1.0.30:15091|dataStream:10.1.0.30:15094|priority:0|startupRole:FOLLOWER, d8e5db2f-8a5f-4279-a0a7-2a0e2e29a318|rpc:10.1.0.30:15084|admin:10.1.0.30:15083|client:10.1.0.30:15082|dataStream:10.1.0.30:15085|priority:1|startupRole:FOLLOWER, 077cb259-20d2-413a-a89a-37aebebbc151|rpc:10.1.0.30:15102|admin:10.1.0.30:15101|client:10.1.0.30:15100|dataStream:10.1.0.30:15103|priority:0|startupRole:FOLLOWER]|listeners:[], old=null
2023-06-17 14:28:23,473 [077cb259-20d2-413a-a89a-37aebebbc151@group-1ED2AC36BD69-FollowerState] INFO  server.RaftServerConfigKeys (ConfUtils.java:logGet(46)) - raft.server.leaderelection.pre-vote = true (default)
2023-06-17 14:28:23,475 [077cb259-20d2-413a-a89a-37aebebbc151@group-1ED2AC36BD69-FollowerState] INFO  impl.RoleInfo (RoleInfo.java:updateAndGet(139)) - 077cb259-20d2-413a-a89a-37aebebbc151: start 077cb259-20d2-413a-a89a-37aebebbc151@group-1ED2AC36BD69-LeaderElection22
2023-06-17 14:28:23,470 [d8e5db2f-8a5f-4279-a0a7-2a0e2e29a318@group-48A1BD7B7B47-LeaderElection21] INFO  server.RaftServerConfigKeys (ConfUtils.java:logFallback(53)) - raft.server.rpc.first-election.timeout.min = 5s (fallback to raft.server.rpc.timeout.min)
2023-06-17 14:28:23,476 [d8e5db2f-8a5f-4279-a0a7-2a0e2e29a318@group-48A1BD7B7B47-LeaderElection21] INFO  server.RaftServerConfigKeys (ConfUtils.java:logFallback(53)) - raft.server.rpc.first-election.timeout.max = 5200ms (fallback to raft.server.rpc.timeout.max)
2023-06-17 14:28:23,470 [grpc-default-executor-1] INFO  impl.VoteContext (VoteContext.java:log(49)) - d8e5db2f-8a5f-4279-a0a7-2a0e2e29a318@group-5CF3AA90D698-FOLLOWER: accept ELECTION from 077cb259-20d2-413a-a89a-37aebebbc151: our priority 0 <= candidate's priority 1
2023-06-17 14:28:23,476 [grpc-default-executor-1] INFO  server.RaftServer$Division (RaftServerImpl.java:setRole(329)) - d8e5db2f-8a5f-4279-a0a7-2a0e2e29a318@group-5CF3AA90D698: changes role from  FOLLOWER to FOLLOWER at term 1 for candidate:077cb259-20d2-413a-a89a-37aebebbc151
2023-06-17 14:28:23,476 [grpc-default-executor-1] INFO  impl.RoleInfo (RoleInfo.java:shutdownFollowerState(110)) - d8e5db2f-8a5f-4279-a0a7-2a0e2e29a318: shutdown d8e5db2f-8a5f-4279-a0a7-2a0e2e29a318@group-5CF3AA90D698-FollowerState
2023-06-17 14:28:23,477 [grpc-default-executor-2] INFO  server.RaftServer$Division (RaftServerImpl.java:requestVote(1302)) - 47048eaa-a072-4fd8-9d87-63c2f7da8b3d@group-48A1BD7B7B47: receive requestVote(ELECTION, d8e5db2f-8a5f-4279-a0a7-2a0e2e29a318, group-48A1BD7B7B47, 1, (t:0, i:0))
2023-06-17 14:28:23,477 [grpc-default-executor-2] INFO  impl.VoteContext (VoteContext.java:log(49)) - 47048eaa-a072-4fd8-9d87-63c2f7da8b3d@group-48A1BD7B7B47-FOLLOWER: accept ELECTION from d8e5db2f-8a5f-4279-a0a7-2a0e2e29a318: our priority 0 <= candidate's priority 1
2023-06-17 14:28:23,477 [grpc-default-executor-2] INFO  server.RaftServer$Division (RaftServerImpl.java:setRole(329)) - 47048eaa-a072-4fd8-9d87-63c2f7da8b3d@group-48A1BD7B7B47: changes role from  FOLLOWER to FOLLOWER at term 1 for candidate:d8e5db2f-8a5f-4279-a0a7-2a0e2e29a318
2023-06-17 14:28:23,477 [grpc-default-executor-2] INFO  impl.RoleInfo (RoleInfo.java:shutdownFollowerState(110)) - 47048eaa-a072-4fd8-9d87-63c2f7da8b3d: shutdown 47048eaa-a072-4fd8-9d87-63c2f7da8b3d@group-48A1BD7B7B47-FollowerState
2023-06-17 14:28:23,480 [grpc-default-executor-2] INFO  impl.RoleInfo (RoleInfo.java:updateAndGet(139)) - 47048eaa-a072-4fd8-9d87-63c2f7da8b3d: start 47048eaa-a072-4fd8-9d87-63c2f7da8b3d@group-48A1BD7B7B47-FollowerState
2023-06-17 14:28:23,480 [47048eaa-a072-4fd8-9d87-63c2f7da8b3d@group-48A1BD7B7B47-FollowerState] INFO  impl.FollowerState (FollowerState.java:run(152)) - 47048eaa-a072-4fd8-9d87-63c2f7da8b3d@group-48A1BD7B7B47-FollowerState was interrupted
2023-06-17 14:28:23,482 [grpc-default-executor-1] INFO  impl.RoleInfo (RoleInfo.java:updateAndGet(139)) - d8e5db2f-8a5f-4279-a0a7-2a0e2e29a318: start d8e5db2f-8a5f-4279-a0a7-2a0e2e29a318@group-5CF3AA90D698-FollowerState
2023-06-17 14:28:23,482 [d8e5db2f-8a5f-4279-a0a7-2a0e2e29a318@group-5CF3AA90D698-FollowerState] INFO  impl.FollowerState (FollowerState.java:run(152)) - d8e5db2f-8a5f-4279-a0a7-2a0e2e29a318@group-5CF3AA90D698-FollowerState was interrupted
2023-06-17 14:28:23,494 [grpc-default-executor-2] INFO  server.RaftServer$Division (RaftServerImpl.java:requestVote(1335)) - 47048eaa-a072-4fd8-9d87-63c2f7da8b3d@group-48A1BD7B7B47 replies to ELECTION vote request: d8e5db2f-8a5f-4279-a0a7-2a0e2e29a318<-47048eaa-a072-4fd8-9d87-63c2f7da8b3d#0:OK-t1. Peer's state: 47048eaa-a072-4fd8-9d87-63c2f7da8b3d@group-48A1BD7B7B47:t1, leader=null, voted=d8e5db2f-8a5f-4279-a0a7-2a0e2e29a318, raftlog=Memoized:47048eaa-a072-4fd8-9d87-63c2f7da8b3d@group-48A1BD7B7B47-SegmentedRaftLog:OPENED:c-1, conf=-1: peers:[47048eaa-a072-4fd8-9d87-63c2f7da8b3d|rpc:10.1.0.30:15093|admin:10.1.0.30:15092|client:10.1.0.30:15091|dataStream:10.1.0.30:15094|priority:0|startupRole:FOLLOWER, d8e5db2f-8a5f-4279-a0a7-2a0e2e29a318|rpc:10.1.0.30:15084|admin:10.1.0.30:15083|client:10.1.0.30:15082|dataStream:10.1.0.30:15085|priority:1|startupRole:FOLLOWER, 077cb259-20d2-413a-a89a-37aebebbc151|rpc:10.1.0.30:15102|admin:10.1.0.30:15101|client:10.1.0.30:15100|dataStream:10.1.0.30:15103|priority:0|startupRole:FOLLOWER]|listeners:[], old=null
2023-06-17 14:28:23,497 [grpc-default-executor-1] INFO  server.RaftServer$Division (RaftServerImpl.java:requestVote(1335)) - d8e5db2f-8a5f-4279-a0a7-2a0e2e29a318@group-5CF3AA90D698 replies to ELECTION vote request: 077cb259-20d2-413a-a89a-37aebebbc151<-d8e5db2f-8a5f-4279-a0a7-2a0e2e29a318#0:OK-t1. Peer's state: d8e5db2f-8a5f-4279-a0a7-2a0e2e29a318@group-5CF3AA90D698:t1, leader=null, voted=077cb259-20d2-413a-a89a-37aebebbc151, raftlog=Memoized:d8e5db2f-8a5f-4279-a0a7-2a0e2e29a318@group-5CF3AA90D698-SegmentedRaftLog:OPENED:c-1, conf=-1: peers:[47048eaa-a072-4fd8-9d87-63c2f7da8b3d|rpc:10.1.0.30:15093|admin:10.1.0.30:15092|client:10.1.0.30:15091|dataStream:10.1.0.30:15094|priority:0|startupRole:FOLLOWER, d8e5db2f-8a5f-4279-a0a7-2a0e2e29a318|rpc:10.1.0.30:15084|admin:10.1.0.30:15083|client:10.1.0.30:15082|dataStream:10.1.0.30:15085|priority:0|startupRole:FOLLOWER, 077cb259-20d2-413a-a89a-37aebebbc151|rpc:10.1.0.30:15102|admin:10.1.0.30:15101|client:10.1.0.30:15100|dataStream:10.1.0.30:15103|priority:1|startupRole:FOLLOWER]|listeners:[], old=null
2023-06-17 14:28:23,504 [d8e5db2f-8a5f-4279-a0a7-2a0e2e29a318-server-thread1] INFO  ratis.XceiverServerRatis (XceiverServerRatis.java:handleLeaderChangedNotification(902)) - Leader change notification received for group: group-5CF3AA90D698 with new leaderId: 077cb259-20d2-413a-a89a-37aebebbc151
2023-06-17 14:28:23,504 [d8e5db2f-8a5f-4279-a0a7-2a0e2e29a318-server-thread1] INFO  server.RaftServer$Division (ServerState.java:setLeader(317)) - d8e5db2f-8a5f-4279-a0a7-2a0e2e29a318@group-5CF3AA90D698: change Leader from null to 077cb259-20d2-413a-a89a-37aebebbc151 at term 1 for appendEntries, leader elected after 5973ms
2023-06-17 14:28:23,504 [grpc-default-executor-4] INFO  server.RaftServer$Division (RaftServerImpl.java:requestVote(1302)) - 077cb259-20d2-413a-a89a-37aebebbc151@group-48A1BD7B7B47: receive requestVote(ELECTION, d8e5db2f-8a5f-4279-a0a7-2a0e2e29a318, group-48A1BD7B7B47, 1, (t:0, i:0))
2023-06-17 14:28:23,504 [grpc-default-executor-4] INFO  impl.VoteContext (VoteContext.java:log(49)) - 077cb259-20d2-413a-a89a-37aebebbc151@group-48A1BD7B7B47-FOLLOWER: accept ELECTION from d8e5db2f-8a5f-4279-a0a7-2a0e2e29a318: our priority 0 <= candidate's priority 1
2023-06-17 14:28:23,504 [grpc-default-executor-4] INFO  server.RaftServer$Division (RaftServerImpl.java:setRole(329)) - 077cb259-20d2-413a-a89a-37aebebbc151@group-48A1BD7B7B47: changes role from  FOLLOWER to FOLLOWER at term 1 for candidate:d8e5db2f-8a5f-4279-a0a7-2a0e2e29a318
2023-06-17 14:28:23,504 [grpc-default-executor-4] INFO  impl.RoleInfo (RoleInfo.java:shutdownFollowerState(110)) - 077cb259-20d2-413a-a89a-37aebebbc151: shutdown 077cb259-20d2-413a-a89a-37aebebbc151@group-48A1BD7B7B47-FollowerState
2023-06-17 14:28:23,505 [077cb259-20d2-413a-a89a-37aebebbc151@group-48A1BD7B7B47-FollowerState] INFO  impl.FollowerState (FollowerState.java:run(152)) - 077cb259-20d2-413a-a89a-37aebebbc151@group-48A1BD7B7B47-FollowerState was interrupted
2023-06-17 14:28:23,505 [d8e5db2f-8a5f-4279-a0a7-2a0e2e29a318@group-48A1BD7B7B47-LeaderElection21] INFO  impl.LeaderElection (LeaderElection.java:logAndReturn(90)) - d8e5db2f-8a5f-4279-a0a7-2a0e2e29a318@group-48A1BD7B7B47-LeaderElection21: ELECTION PASSED received 1 response(s) and 0 exception(s):
2023-06-17 14:28:23,506 [d8e5db2f-8a5f-4279-a0a7-2a0e2e29a318@group-48A1BD7B7B47-LeaderElection21] INFO  impl.LeaderElection (LeaderElection.java:logAndReturn(94)) -   Response 0: d8e5db2f-8a5f-4279-a0a7-2a0e2e29a318<-47048eaa-a072-4fd8-9d87-63c2f7da8b3d#0:OK-t1
2023-06-17 14:28:23,506 [d8e5db2f-8a5f-4279-a0a7-2a0e2e29a318@group-48A1BD7B7B47-LeaderElection21] INFO  impl.LeaderElection (LeaderElection.java:askForVotes(323)) - d8e5db2f-8a5f-4279-a0a7-2a0e2e29a318@group-48A1BD7B7B47-LeaderElection21 ELECTION round 0: result PASSED
2023-06-17 14:28:23,506 [d8e5db2f-8a5f-4279-a0a7-2a0e2e29a318@group-48A1BD7B7B47-LeaderElection21] INFO  impl.RoleInfo (RoleInfo.java:shutdownLeaderElection(130)) - d8e5db2f-8a5f-4279-a0a7-2a0e2e29a318: shutdown d8e5db2f-8a5f-4279-a0a7-2a0e2e29a318@group-48A1BD7B7B47-LeaderElection21
2023-06-17 14:28:23,506 [d8e5db2f-8a5f-4279-a0a7-2a0e2e29a318@group-48A1BD7B7B47-LeaderElection21] INFO  server.RaftServer$Division (RaftServerImpl.java:setRole(329)) - d8e5db2f-8a5f-4279-a0a7-2a0e2e29a318@group-48A1BD7B7B47: changes role from CANDIDATE to LEADER at term 1 for changeToLeader
2023-06-17 14:28:23,506 [d8e5db2f-8a5f-4279-a0a7-2a0e2e29a318@group-48A1BD7B7B47-LeaderElection21] INFO  ratis.XceiverServerRatis (XceiverServerRatis.java:handleLeaderChangedNotification(902)) - Leader change notification received for group: group-48A1BD7B7B47 with new leaderId: d8e5db2f-8a5f-4279-a0a7-2a0e2e29a318
2023-06-17 14:28:23,506 [d8e5db2f-8a5f-4279-a0a7-2a0e2e29a318@group-48A1BD7B7B47-LeaderElection21] INFO  server.RaftServer$Division (ServerState.java:setLeader(317)) - d8e5db2f-8a5f-4279-a0a7-2a0e2e29a318@group-48A1BD7B7B47: change Leader from null to d8e5db2f-8a5f-4279-a0a7-2a0e2e29a318 at term 1 for becomeLeader, leader elected after 5838ms
2023-06-17 14:28:23,506 [d8e5db2f-8a5f-4279-a0a7-2a0e2e29a318@group-48A1BD7B7B47-LeaderElection21] INFO  server.RaftServerConfigKeys (ConfUtils.java:logGet(46)) - raft.server.staging.catchup.gap = 1000 (default)
2023-06-17 14:28:23,506 [d8e5db2f-8a5f-4279-a0a7-2a0e2e29a318@group-48A1BD7B7B47-LeaderElection21] INFO  server.RaftServerConfigKeys (ConfUtils.java:logGet(46)) - raft.server.write.element-limit = 1024 (custom)
2023-06-17 14:28:23,506 [d8e5db2f-8a5f-4279-a0a7-2a0e2e29a318@group-48A1BD7B7B47-LeaderElection21] INFO  server.RaftServerConfigKeys (ConfUtils.java:logGet(46)) - raft.server.write.byte-limit = 1024 M (=1073741824) (custom)
2023-06-17 14:28:23,506 [d8e5db2f-8a5f-4279-a0a7-2a0e2e29a318@group-48A1BD7B7B47-LeaderElection21] INFO  server.RaftServerConfigKeys (ConfUtils.java:logGet(46)) - raft.server.watch.timeout = 180s (custom)
2023-06-17 14:28:23,507 [d8e5db2f-8a5f-4279-a0a7-2a0e2e29a318@group-48A1BD7B7B47-LeaderElection21] INFO  server.RaftServerConfigKeys (ConfUtils.java:logGet(46)) - raft.server.watch.timeout.denomination = 1s (default)
2023-06-17 14:28:23,507 [d8e5db2f-8a5f-4279-a0a7-2a0e2e29a318@group-48A1BD7B7B47-LeaderElection21] INFO  server.RaftServerConfigKeys (ConfUtils.java:logGet(46)) - raft.server.watch.element-limit = 65536 (default)
2023-06-17 14:28:23,507 [d8e5db2f-8a5f-4279-a0a7-2a0e2e29a318@group-48A1BD7B7B47-LeaderElection21] INFO  server.RaftServerConfigKeys (ConfUtils.java:logGet(46)) - raft.server.write.element-limit = 1024 (custom)
2023-06-17 14:28:23,507 [d8e5db2f-8a5f-4279-a0a7-2a0e2e29a318@group-48A1BD7B7B47-LeaderElection21] INFO  server.RaftServerConfigKeys (ConfUtils.java:logGet(46)) - raft.server.write.follower.gap.ratio.max = -1.0 (default)
2023-06-17 14:28:23,507 [d8e5db2f-8a5f-4279-a0a7-2a0e2e29a318@group-48A1BD7B7B47-LeaderElection21] INFO  server.RaftServerConfigKeys (ConfUtils.java:logGet(46)) - raft.server.log.appender.snapshot.chunk.size.max = 16MB (=16777216) (default)
2023-06-17 14:28:23,507 [d8e5db2f-8a5f-4279-a0a7-2a0e2e29a318@group-48A1BD7B7B47-LeaderElection21] INFO  server.RaftServerConfigKeys (ConfUtils.java:logGet(46)) - raft.server.log.appender.buffer.byte-limit = 33554432 (custom)
2023-06-17 14:28:23,507 [d8e5db2f-8a5f-4279-a0a7-2a0e2e29a318@group-48A1BD7B7B47-LeaderElection21] INFO  server.RaftServerConfigKeys (ConfUtils.java:logGet(46)) - raft.server.log.appender.buffer.element-limit = 1 (custom)
2023-06-17 14:28:23,507 [d8e5db2f-8a5f-4279-a0a7-2a0e2e29a318@group-48A1BD7B7B47-LeaderElection21] INFO  server.RaftServerConfigKeys (ConfUtils.java:logGet(46)) - raft.server.log.appender.wait-time.min = 10ms (default)
2023-06-17 14:28:23,507 [d8e5db2f-8a5f-4279-a0a7-2a0e2e29a318@group-48A1BD7B7B47-LeaderElection21] INFO  grpc.GrpcConfigKeys (ConfUtils.java:logGet(46)) - raft.grpc.server.leader.outstanding.appends.max = 128 (default)
2023-06-17 14:28:23,507 [d8e5db2f-8a5f-4279-a0a7-2a0e2e29a318@group-48A1BD7B7B47-LeaderElection21] INFO  server.RaftServerConfigKeys (ConfUtils.java:logGet(46)) - raft.server.rpc.request.timeout = 60s (custom)
2023-06-17 14:28:23,507 [d8e5db2f-8a5f-4279-a0a7-2a0e2e29a318@group-48A1BD7B7B47-LeaderElection21] INFO  grpc.GrpcConfigKeys (ConfUtils.java:logGet(46)) - raft.grpc.server.install_snapshot.request.element-limit = 8 (default)
2023-06-17 14:28:23,507 [d8e5db2f-8a5f-4279-a0a7-2a0e2e29a318@group-48A1BD7B7B47-LeaderElection21] INFO  grpc.GrpcConfigKeys (ConfUtils.java:logGet(46)) - raft.grpc.server.install_snapshot.request.timeout = 3000ms (default)
2023-06-17 14:28:23,508 [d8e5db2f-8a5f-4279-a0a7-2a0e2e29a318@group-48A1BD7B7B47-LeaderElection21] INFO  server.RaftServerConfigKeys (ConfUtils.java:logGet(46)) - raft.server.log.appender.install.snapshot.enabled = false (custom)
2023-06-17 14:28:23,508 [d8e5db2f-8a5f-4279-a0a7-2a0e2e29a318@group-48A1BD7B7B47-LeaderElection21] INFO  grpc.GrpcConfigKeys (ConfUtils.java:logGet(46)) - raft.grpc.server.heartbeat.channel = true (default)
2023-06-17 14:28:23,508 [d8e5db2f-8a5f-4279-a0a7-2a0e2e29a318@group-48A1BD7B7B47-LeaderElection21] INFO  server.RaftServerConfigKeys (ConfUtils.java:logGet(46)) - raft.server.log.appender.snapshot.chunk.size.max = 16MB (=16777216) (default)
2023-06-17 14:28:23,508 [d8e5db2f-8a5f-4279-a0a7-2a0e2e29a318@group-48A1BD7B7B47-LeaderElection21] INFO  server.RaftServerConfigKeys (ConfUtils.java:logGet(46)) - raft.server.log.appender.buffer.byte-limit = 33554432 (custom)
2023-06-17 14:28:23,508 [d8e5db2f-8a5f-4279-a0a7-2a0e2e29a318@group-48A1BD7B7B47-LeaderElection21] INFO  server.RaftServerConfigKeys (ConfUtils.java:logGet(46)) - raft.server.log.appender.buffer.element-limit = 1 (custom)
2023-06-17 14:28:23,508 [d8e5db2f-8a5f-4279-a0a7-2a0e2e29a318@group-48A1BD7B7B47-LeaderElection21] INFO  server.RaftServerConfigKeys (ConfUtils.java:logGet(46)) - raft.server.log.appender.wait-time.min = 10ms (default)
2023-06-17 14:28:23,508 [d8e5db2f-8a5f-4279-a0a7-2a0e2e29a318@group-48A1BD7B7B47-LeaderElection21] INFO  grpc.GrpcConfigKeys (ConfUtils.java:logGet(46)) - raft.grpc.server.leader.outstanding.appends.max = 128 (default)
2023-06-17 14:28:23,508 [d8e5db2f-8a5f-4279-a0a7-2a0e2e29a318@group-48A1BD7B7B47-LeaderElection21] INFO  server.RaftServerConfigKeys (ConfUtils.java:logGet(46)) - raft.server.rpc.request.timeout = 60s (custom)
2023-06-17 14:28:23,508 [d8e5db2f-8a5f-4279-a0a7-2a0e2e29a318@group-48A1BD7B7B47-LeaderElection21] INFO  grpc.GrpcConfigKeys (ConfUtils.java:logGet(46)) - raft.grpc.server.install_snapshot.request.element-limit = 8 (default)
2023-06-17 14:28:23,508 [d8e5db2f-8a5f-4279-a0a7-2a0e2e29a318@group-48A1BD7B7B47-LeaderElection21] INFO  grpc.GrpcConfigKeys (ConfUtils.java:logGet(46)) - raft.grpc.server.install_snapshot.request.timeout = 3000ms (default)
2023-06-17 14:28:23,508 [d8e5db2f-8a5f-4279-a0a7-2a0e2e29a318@group-48A1BD7B7B47-LeaderElection21] INFO  server.RaftServerConfigKeys (ConfUtils.java:logGet(46)) - raft.server.log.appender.install.snapshot.enabled = false (custom)
2023-06-17 14:28:23,508 [d8e5db2f-8a5f-4279-a0a7-2a0e2e29a318@group-48A1BD7B7B47-LeaderElection21] INFO  grpc.GrpcConfigKeys (ConfUtils.java:logGet(46)) - raft.grpc.server.heartbeat.channel = true (default)
2023-06-17 14:28:23,509 [d8e5db2f-8a5f-4279-a0a7-2a0e2e29a318@group-48A1BD7B7B47-LeaderElection21] INFO  impl.RoleInfo (RoleInfo.java:updateAndGet(139)) - d8e5db2f-8a5f-4279-a0a7-2a0e2e29a318: start d8e5db2f-8a5f-4279-a0a7-2a0e2e29a318@group-48A1BD7B7B47-LeaderStateImpl
2023-06-17 14:28:23,509 [d8e5db2f-8a5f-4279-a0a7-2a0e2e29a318@group-48A1BD7B7B47-LeaderElection21] INFO  segmented.SegmentedRaftLogWorker (SegmentedRaftLogWorker.java:startLogSegment(447)) - d8e5db2f-8a5f-4279-a0a7-2a0e2e29a318@group-48A1BD7B7B47-SegmentedRaftLogWorker: Starting segment from index:0
2023-06-17 14:28:23,510 [EventQueue-PipelineReportForPipelineReportHandler] INFO  pipeline.PipelineManagerImpl (PipelineManagerImpl.java:openPipeline(367)) - Pipeline Pipeline[ Id: a2919bfd-34c8-410d-96d9-48a1bd7b7b47, Nodes: 47048eaa-a072-4fd8-9d87-63c2f7da8b3d(fv-az1035-386.p4kjid14prhuxkk4m0x4prg4bg.cx.internal.cloudapp.net/10.1.0.30)077cb259-20d2-413a-a89a-37aebebbc151(fv-az1035-386.p4kjid14prhuxkk4m0x4prg4bg.cx.internal.cloudapp.net/10.1.0.30)d8e5db2f-8a5f-4279-a0a7-2a0e2e29a318(fv-az1035-386.p4kjid14prhuxkk4m0x4prg4bg.cx.internal.cloudapp.net/10.1.0.30), ReplicationConfig: RATIS/THREE, State:ALLOCATED, leaderId:d8e5db2f-8a5f-4279-a0a7-2a0e2e29a318, CreationTimestamp2023-06-17T14:28:15.121Z[Etc/UTC]] moved to OPEN state
2023-06-17 14:28:23,512 [077cb259-20d2-413a-a89a-37aebebbc151@group-1ED2AC36BD69-LeaderElection22] INFO  impl.LeaderElection (LeaderElection.java:askForVotes(321)) - 077cb259-20d2-413a-a89a-37aebebbc151@group-1ED2AC36BD69-LeaderElection22 PRE_VOTE round 0: submit vote requests at term 0 for -1: peers:[077cb259-20d2-413a-a89a-37aebebbc151|rpc:10.1.0.30:15102|admin:10.1.0.30:15101|client:10.1.0.30:15100|dataStream:10.1.0.30:15103|priority:1|startupRole:FOLLOWER]|listeners:[], old=null
2023-06-17 14:28:23,512 [077cb259-20d2-413a-a89a-37aebebbc151@group-1ED2AC36BD69-LeaderElection22] INFO  impl.LeaderElection (LeaderElection.java:askForVotes(323)) - 077cb259-20d2-413a-a89a-37aebebbc151@group-1ED2AC36BD69-LeaderElection22 PRE_VOTE round 0: result PASSED (term=0)
2023-06-17 14:28:23,513 [47048eaa-a072-4fd8-9d87-63c2f7da8b3d-server-thread1] INFO  ratis.XceiverServerRatis (XceiverServerRatis.java:handleLeaderChangedNotification(902)) - Leader change notification received for group: group-5CF3AA90D698 with new leaderId: 077cb259-20d2-413a-a89a-37aebebbc151
2023-06-17 14:28:23,513 [47048eaa-a072-4fd8-9d87-63c2f7da8b3d-server-thread1] INFO  server.RaftServer$Division (ServerState.java:setLeader(317)) - 47048eaa-a072-4fd8-9d87-63c2f7da8b3d@group-5CF3AA90D698: change Leader from null to 077cb259-20d2-413a-a89a-37aebebbc151 at term 1 for appendEntries, leader elected after 5885ms
2023-06-17 14:28:23,514 [077cb259-20d2-413a-a89a-37aebebbc151@group-1ED2AC36BD69-LeaderElection22] INFO  impl.LeaderElection (LeaderElection.java:askForVotes(321)) - 077cb259-20d2-413a-a89a-37aebebbc151@group-1ED2AC36BD69-LeaderElection22 ELECTION round 0: submit vote requests at term 1 for -1: peers:[077cb259-20d2-413a-a89a-37aebebbc151|rpc:10.1.0.30:15102|admin:10.1.0.30:15101|client:10.1.0.30:15100|dataStream:10.1.0.30:15103|priority:1|startupRole:FOLLOWER]|listeners:[], old=null
2023-06-17 14:28:23,514 [077cb259-20d2-413a-a89a-37aebebbc151@group-1ED2AC36BD69-LeaderElection22] INFO  impl.LeaderElection (LeaderElection.java:askForVotes(323)) - 077cb259-20d2-413a-a89a-37aebebbc151@group-1ED2AC36BD69-LeaderElection22 ELECTION round 0: result PASSED (term=1)
2023-06-17 14:28:23,514 [077cb259-20d2-413a-a89a-37aebebbc151@group-1ED2AC36BD69-LeaderElection22] INFO  impl.RoleInfo (RoleInfo.java:shutdownLeaderElection(130)) - 077cb259-20d2-413a-a89a-37aebebbc151: shutdown 077cb259-20d2-413a-a89a-37aebebbc151@group-1ED2AC36BD69-LeaderElection22
2023-06-17 14:28:23,514 [077cb259-20d2-413a-a89a-37aebebbc151@group-1ED2AC36BD69-LeaderElection22] INFO  server.RaftServer$Division (RaftServerImpl.java:setRole(329)) - 077cb259-20d2-413a-a89a-37aebebbc151@group-1ED2AC36BD69: changes role from CANDIDATE to LEADER at term 1 for changeToLeader
2023-06-17 14:28:23,514 [077cb259-20d2-413a-a89a-37aebebbc151@group-1ED2AC36BD69-LeaderElection22] INFO  ratis.XceiverServerRatis (XceiverServerRatis.java:handleLeaderChangedNotification(902)) - Leader change notification received for group: group-1ED2AC36BD69 with new leaderId: 077cb259-20d2-413a-a89a-37aebebbc151
2023-06-17 14:28:23,514 [d8e5db2f-8a5f-4279-a0a7-2a0e2e29a318@group-48A1BD7B7B47-SegmentedRaftLogWorker] INFO  segmented.SegmentedRaftLogWorker (SegmentedRaftLogWorker.java:execute(651)) - d8e5db2f-8a5f-4279-a0a7-2a0e2e29a318@group-48A1BD7B7B47-SegmentedRaftLogWorker: created new log segment /home/runner/work/ozone/ozone/hadoop-ozone/integration-test/target/test-dir/MiniOzoneClusterImpl-8d772b0e-b617-4196-a398-7a8a47ee7084/datanode-0/data/ratis/a2919bfd-34c8-410d-96d9-48a1bd7b7b47/current/log_inprogress_0
2023-06-17 14:28:23,519 [grpc-default-executor-4] INFO  impl.RoleInfo (RoleInfo.java:updateAndGet(139)) - 077cb259-20d2-413a-a89a-37aebebbc151: start 077cb259-20d2-413a-a89a-37aebebbc151@group-48A1BD7B7B47-FollowerState
2023-06-17 14:28:23,519 [d8e5db2f-8a5f-4279-a0a7-2a0e2e29a318-server-thread2] INFO  server.RaftServer$Division (ServerState.java:setRaftConf(434)) - d8e5db2f-8a5f-4279-a0a7-2a0e2e29a318@group-5CF3AA90D698: set configuration 0: peers:[47048eaa-a072-4fd8-9d87-63c2f7da8b3d|rpc:10.1.0.30:15093|admin:10.1.0.30:15092|client:10.1.0.30:15091|dataStream:10.1.0.30:15094|priority:0|startupRole:FOLLOWER, d8e5db2f-8a5f-4279-a0a7-2a0e2e29a318|rpc:10.1.0.30:15084|admin:10.1.0.30:15083|client:10.1.0.30:15082|dataStream:10.1.0.30:15085|priority:0|startupRole:FOLLOWER, 077cb259-20d2-413a-a89a-37aebebbc151|rpc:10.1.0.30:15102|admin:10.1.0.30:15101|client:10.1.0.30:15100|dataStream:10.1.0.30:15103|priority:1|startupRole:FOLLOWER]|listeners:[], old=null
2023-06-17 14:28:23,520 [47048eaa-a072-4fd8-9d87-63c2f7da8b3d-server-thread1] INFO  server.RaftServer$Division (ServerState.java:setRaftConf(434)) - 47048eaa-a072-4fd8-9d87-63c2f7da8b3d@group-5CF3AA90D698: set configuration 0: peers:[47048eaa-a072-4fd8-9d87-63c2f7da8b3d|rpc:10.1.0.30:15093|admin:10.1.0.30:15092|client:10.1.0.30:15091|dataStream:10.1.0.30:15094|priority:0|startupRole:FOLLOWER, d8e5db2f-8a5f-4279-a0a7-2a0e2e29a318|rpc:10.1.0.30:15084|admin:10.1.0.30:15083|client:10.1.0.30:15082|dataStream:10.1.0.30:15085|priority:0|startupRole:FOLLOWER, 077cb259-20d2-413a-a89a-37aebebbc151|rpc:10.1.0.30:15102|admin:10.1.0.30:15101|client:10.1.0.30:15100|dataStream:10.1.0.30:15103|priority:1|startupRole:FOLLOWER]|listeners:[], old=null
2023-06-17 14:28:23,520 [d8e5db2f-8a5f-4279-a0a7-2a0e2e29a318@group-48A1BD7B7B47-LeaderElection21] INFO  server.RaftServer$Division (ServerState.java:setRaftConf(434)) - d8e5db2f-8a5f-4279-a0a7-2a0e2e29a318@group-48A1BD7B7B47: set configuration 0: peers:[47048eaa-a072-4fd8-9d87-63c2f7da8b3d|rpc:10.1.0.30:15093|admin:10.1.0.30:15092|client:10.1.0.30:15091|dataStream:10.1.0.30:15094|priority:0|startupRole:FOLLOWER, d8e5db2f-8a5f-4279-a0a7-2a0e2e29a318|rpc:10.1.0.30:15084|admin:10.1.0.30:15083|client:10.1.0.30:15082|dataStream:10.1.0.30:15085|priority:1|startupRole:FOLLOWER, 077cb259-20d2-413a-a89a-37aebebbc151|rpc:10.1.0.30:15102|admin:10.1.0.30:15101|client:10.1.0.30:15100|dataStream:10.1.0.30:15103|priority:0|startupRole:FOLLOWER]|listeners:[], old=null
2023-06-17 14:28:23,520 [d8e5db2f-8a5f-4279-a0a7-2a0e2e29a318-server-thread2] INFO  segmented.SegmentedRaftLogWorker (SegmentedRaftLogWorker.java:startLogSegment(447)) - d8e5db2f-8a5f-4279-a0a7-2a0e2e29a318@group-5CF3AA90D698-SegmentedRaftLogWorker: Starting segment from index:0
2023-06-17 14:28:23,527 [077cb259-20d2-413a-a89a-37aebebbc151@group-1ED2AC36BD69-LeaderElection22] INFO  server.RaftServer$Division (ServerState.java:setLeader(317)) - 077cb259-20d2-413a-a89a-37aebebbc151@group-1ED2AC36BD69: change Leader from null to 077cb259-20d2-413a-a89a-37aebebbc151 at term 1 for becomeLeader, leader elected after 5399ms
2023-06-17 14:28:23,527 [077cb259-20d2-413a-a89a-37aebebbc151@group-1ED2AC36BD69-LeaderElection22] INFO  server.RaftServerConfigKeys (ConfUtils.java:logGet(46)) - raft.server.staging.catchup.gap = 1000 (default)
2023-06-17 14:28:23,527 [077cb259-20d2-413a-a89a-37aebebbc151@group-1ED2AC36BD69-LeaderElection22] INFO  server.RaftServerConfigKeys (ConfUtils.java:logGet(46)) - raft.server.write.element-limit = 1024 (custom)
2023-06-17 14:28:23,527 [077cb259-20d2-413a-a89a-37aebebbc151@group-1ED2AC36BD69-LeaderElection22] INFO  server.RaftServerConfigKeys (ConfUtils.java:logGet(46)) - raft.server.write.byte-limit = 1024 M (=1073741824) (custom)
2023-06-17 14:28:23,530 [47048eaa-a072-4fd8-9d87-63c2f7da8b3d-server-thread1] INFO  segmented.SegmentedRaftLogWorker (SegmentedRaftLogWorker.java:startLogSegment(447)) - 47048eaa-a072-4fd8-9d87-63c2f7da8b3d@group-5CF3AA90D698-SegmentedRaftLogWorker: Starting segment from index:0
2023-06-17 14:28:23,531 [grpc-default-executor-4] INFO  server.RaftServer$Division (RaftServerImpl.java:requestVote(1335)) - 077cb259-20d2-413a-a89a-37aebebbc151@group-48A1BD7B7B47 replies to ELECTION vote request: d8e5db2f-8a5f-4279-a0a7-2a0e2e29a318<-077cb259-20d2-413a-a89a-37aebebbc151#0:OK-t1. Peer's state: 077cb259-20d2-413a-a89a-37aebebbc151@group-48A1BD7B7B47:t1, leader=null, voted=d8e5db2f-8a5f-4279-a0a7-2a0e2e29a318, raftlog=Memoized:077cb259-20d2-413a-a89a-37aebebbc151@group-48A1BD7B7B47-SegmentedRaftLog:OPENED:c-1, conf=-1: peers:[47048eaa-a072-4fd8-9d87-63c2f7da8b3d|rpc:10.1.0.30:15093|admin:10.1.0.30:15092|client:10.1.0.30:15091|dataStream:10.1.0.30:15094|priority:0|startupRole:FOLLOWER, d8e5db2f-8a5f-4279-a0a7-2a0e2e29a318|rpc:10.1.0.30:15084|admin:10.1.0.30:15083|client:10.1.0.30:15082|dataStream:10.1.0.30:15085|priority:1|startupRole:FOLLOWER, 077cb259-20d2-413a-a89a-37aebebbc151|rpc:10.1.0.30:15102|admin:10.1.0.30:15101|client:10.1.0.30:15100|dataStream:10.1.0.30:15103|priority:0|startupRole:FOLLOWER]|listeners:[], old=null
2023-06-17 14:28:23,538 [077cb259-20d2-413a-a89a-37aebebbc151@group-1ED2AC36BD69-LeaderElection22] INFO  server.RaftServerConfigKeys (ConfUtils.java:logGet(46)) - raft.server.watch.timeout = 180s (custom)
2023-06-17 14:28:23,538 [d8e5db2f-8a5f-4279-a0a7-2a0e2e29a318@group-5CF3AA90D698-SegmentedRaftLogWorker] INFO  segmented.SegmentedRaftLogWorker (SegmentedRaftLogWorker.java:execute(651)) - d8e5db2f-8a5f-4279-a0a7-2a0e2e29a318@group-5CF3AA90D698-SegmentedRaftLogWorker: created new log segment /home/runner/work/ozone/ozone/hadoop-ozone/integration-test/target/test-dir/MiniOzoneClusterImpl-8d772b0e-b617-4196-a398-7a8a47ee7084/datanode-0/data/ratis/ce281716-1701-4aca-b3c1-5cf3aa90d698/current/log_inprogress_0
2023-06-17 14:28:23,538 [077cb259-20d2-413a-a89a-37aebebbc151@group-1ED2AC36BD69-LeaderElection22] INFO  server.RaftServerConfigKeys (ConfUtils.java:logGet(46)) - raft.server.watch.timeout.denomination = 1s (default)
2023-06-17 14:28:23,538 [077cb259-20d2-413a-a89a-37aebebbc151@group-1ED2AC36BD69-LeaderElection22] INFO  server.RaftServerConfigKeys (ConfUtils.java:logGet(46)) - raft.server.watch.element-limit = 65536 (default)
2023-06-17 14:28:23,539 [077cb259-20d2-413a-a89a-37aebebbc151@group-1ED2AC36BD69-LeaderElection22] INFO  server.RaftServerConfigKeys (ConfUtils.java:logGet(46)) - raft.server.write.element-limit = 1024 (custom)
2023-06-17 14:28:23,539 [077cb259-20d2-413a-a89a-37aebebbc151@group-1ED2AC36BD69-LeaderElection22] INFO  server.RaftServerConfigKeys (ConfUtils.java:logGet(46)) - raft.server.write.follower.gap.ratio.max = -1.0 (default)
2023-06-17 14:28:23,539 [077cb259-20d2-413a-a89a-37aebebbc151@group-1ED2AC36BD69-LeaderElection22] INFO  impl.RoleInfo (RoleInfo.java:updateAndGet(139)) - 077cb259-20d2-413a-a89a-37aebebbc151: start 077cb259-20d2-413a-a89a-37aebebbc151@group-1ED2AC36BD69-LeaderStateImpl
2023-06-17 14:28:23,539 [077cb259-20d2-413a-a89a-37aebebbc151@group-1ED2AC36BD69-LeaderElection22] INFO  segmented.SegmentedRaftLogWorker (SegmentedRaftLogWorker.java:startLogSegment(447)) - 077cb259-20d2-413a-a89a-37aebebbc151@group-1ED2AC36BD69-SegmentedRaftLogWorker: Starting segment from index:0
2023-06-17 14:28:23,539 [47048eaa-a072-4fd8-9d87-63c2f7da8b3d@group-5CF3AA90D698-SegmentedRaftLogWorker] INFO  segmented.SegmentedRaftLogWorker (SegmentedRaftLogWorker.java:execute(651)) - 47048eaa-a072-4fd8-9d87-63c2f7da8b3d@group-5CF3AA90D698-SegmentedRaftLogWorker: created new log segment /home/runner/work/ozone/ozone/hadoop-ozone/integration-test/target/test-dir/MiniOzoneClusterImpl-8d772b0e-b617-4196-a398-7a8a47ee7084/datanode-1/data/ratis/ce281716-1701-4aca-b3c1-5cf3aa90d698/current/log_inprogress_0
2023-06-17 14:28:23,540 [47048eaa-a072-4fd8-9d87-63c2f7da8b3d-server-thread1] INFO  ratis.XceiverServerRatis (XceiverServerRatis.java:handleLeaderChangedNotification(902)) - Leader change notification received for group: group-48A1BD7B7B47 with new leaderId: d8e5db2f-8a5f-4279-a0a7-2a0e2e29a318
2023-06-17 14:28:23,540 [47048eaa-a072-4fd8-9d87-63c2f7da8b3d-server-thread1] INFO  server.RaftServer$Division (ServerState.java:setLeader(317)) - 47048eaa-a072-4fd8-9d87-63c2f7da8b3d@group-48A1BD7B7B47: change Leader from null to d8e5db2f-8a5f-4279-a0a7-2a0e2e29a318 at term 1 for appendEntries, leader elected after 5842ms
2023-06-17 14:28:23,540 [077cb259-20d2-413a-a89a-37aebebbc151@group-1ED2AC36BD69-SegmentedRaftLogWorker] INFO  segmented.SegmentedRaftLogWorker (SegmentedRaftLogWorker.java:execute(651)) - 077cb259-20d2-413a-a89a-37aebebbc151@group-1ED2AC36BD69-SegmentedRaftLogWorker: created new log segment /home/runner/work/ozone/ozone/hadoop-ozone/integration-test/target/test-dir/MiniOzoneClusterImpl-8d772b0e-b617-4196-a398-7a8a47ee7084/datanode-2/data/ratis/9a7df78e-0780-44a2-b5db-1ed2ac36bd69/current/log_inprogress_0
2023-06-17 14:28:23,551 [077cb259-20d2-413a-a89a-37aebebbc151-server-thread1] INFO  ratis.XceiverServerRatis (XceiverServerRatis.java:handleLeaderChangedNotification(902)) - Leader change notification received for group: group-48A1BD7B7B47 with new leaderId: d8e5db2f-8a5f-4279-a0a7-2a0e2e29a318
2023-06-17 14:28:23,551 [077cb259-20d2-413a-a89a-37aebebbc151-server-thread1] INFO  server.RaftServer$Division (ServerState.java:setLeader(317)) - 077cb259-20d2-413a-a89a-37aebebbc151@group-48A1BD7B7B47: change Leader from null to d8e5db2f-8a5f-4279-a0a7-2a0e2e29a318 at term 1 for appendEntries, leader elected after 5814ms
2023-06-17 14:28:23,551 [47048eaa-a072-4fd8-9d87-63c2f7da8b3d-server-thread3] INFO  server.RaftServer$Division (ServerState.java:setRaftConf(434)) - 47048eaa-a072-4fd8-9d87-63c2f7da8b3d@group-48A1BD7B7B47: set configuration 0: peers:[47048eaa-a072-4fd8-9d87-63c2f7da8b3d|rpc:10.1.0.30:15093|admin:10.1.0.30:15092|client:10.1.0.30:15091|dataStream:10.1.0.30:15094|priority:0|startupRole:FOLLOWER, d8e5db2f-8a5f-4279-a0a7-2a0e2e29a318|rpc:10.1.0.30:15084|admin:10.1.0.30:15083|client:10.1.0.30:15082|dataStream:10.1.0.30:15085|priority:1|startupRole:FOLLOWER, 077cb259-20d2-413a-a89a-37aebebbc151|rpc:10.1.0.30:15102|admin:10.1.0.30:15101|client:10.1.0.30:15100|dataStream:10.1.0.30:15103|priority:0|startupRole:FOLLOWER]|listeners:[], old=null
2023-06-17 14:28:23,551 [47048eaa-a072-4fd8-9d87-63c2f7da8b3d-server-thread3] INFO  segmented.SegmentedRaftLogWorker (SegmentedRaftLogWorker.java:startLogSegment(447)) - 47048eaa-a072-4fd8-9d87-63c2f7da8b3d@group-48A1BD7B7B47-SegmentedRaftLogWorker: Starting segment from index:0
2023-06-17 14:28:23,553 [47048eaa-a072-4fd8-9d87-63c2f7da8b3d@group-48A1BD7B7B47-SegmentedRaftLogWorker] INFO  segmented.SegmentedRaftLogWorker (SegmentedRaftLogWorker.java:execute(651)) - 47048eaa-a072-4fd8-9d87-63c2f7da8b3d@group-48A1BD7B7B47-SegmentedRaftLogWorker: created new log segment /home/runner/work/ozone/ozone/hadoop-ozone/integration-test/target/test-dir/MiniOzoneClusterImpl-8d772b0e-b617-4196-a398-7a8a47ee7084/datanode-1/data/ratis/a2919bfd-34c8-410d-96d9-48a1bd7b7b47/current/log_inprogress_0
2023-06-17 14:28:23,563 [077cb259-20d2-413a-a89a-37aebebbc151@group-1ED2AC36BD69-LeaderElection22] INFO  server.RaftServer$Division (ServerState.java:setRaftConf(434)) - 077cb259-20d2-413a-a89a-37aebebbc151@group-1ED2AC36BD69: set configuration 0: peers:[077cb259-20d2-413a-a89a-37aebebbc151|rpc:10.1.0.30:15102|admin:10.1.0.30:15101|client:10.1.0.30:15100|dataStream:10.1.0.30:15103|priority:1|startupRole:FOLLOWER]|listeners:[], old=null
2023-06-17 14:28:23,565 [077cb259-20d2-413a-a89a-37aebebbc151-server-thread1] INFO  server.RaftServer$Division (ServerState.java:setRaftConf(434)) - 077cb259-20d2-413a-a89a-37aebebbc151@group-48A1BD7B7B47: set configuration 0: peers:[47048eaa-a072-4fd8-9d87-63c2f7da8b3d|rpc:10.1.0.30:15093|admin:10.1.0.30:15092|client:10.1.0.30:15091|dataStream:10.1.0.30:15094|priority:0|startupRole:FOLLOWER, d8e5db2f-8a5f-4279-a0a7-2a0e2e29a318|rpc:10.1.0.30:15084|admin:10.1.0.30:15083|client:10.1.0.30:15082|dataStream:10.1.0.30:15085|priority:1|startupRole:FOLLOWER, 077cb259-20d2-413a-a89a-37aebebbc151|rpc:10.1.0.30:15102|admin:10.1.0.30:15101|client:10.1.0.30:15100|dataStream:10.1.0.30:15103|priority:0|startupRole:FOLLOWER]|listeners:[], old=null
2023-06-17 14:28:23,565 [077cb259-20d2-413a-a89a-37aebebbc151-server-thread1] INFO  segmented.SegmentedRaftLogWorker (SegmentedRaftLogWorker.java:startLogSegment(447)) - 077cb259-20d2-413a-a89a-37aebebbc151@group-48A1BD7B7B47-SegmentedRaftLogWorker: Starting segment from index:0
2023-06-17 14:28:23,568 [077cb259-20d2-413a-a89a-37aebebbc151@group-48A1BD7B7B47-SegmentedRaftLogWorker] INFO  segmented.SegmentedRaftLogWorker (SegmentedRaftLogWorker.java:execute(651)) - 077cb259-20d2-413a-a89a-37aebebbc151@group-48A1BD7B7B47-SegmentedRaftLogWorker: created new log segment /home/runner/work/ozone/ozone/hadoop-ozone/integration-test/target/test-dir/MiniOzoneClusterImpl-8d772b0e-b617-4196-a398-7a8a47ee7084/datanode-2/data/ratis/a2919bfd-34c8-410d-96d9-48a1bd7b7b47/current/log_inprogress_0
2023-06-17 14:28:24,451 [main] INFO  ozone.MiniOzoneClusterImpl (MiniOzoneClusterImpl.java:lambda$waitForClusterToBeReady$0(224)) - Nodes are ready. Got 3 of 3 DN Heartbeats.
2023-06-17 14:28:24,452 [main] INFO  ozone.MiniOzoneClusterImpl (MiniOzoneClusterImpl.java:lambda$waitForClusterToBeReady$0(227)) - Cluster exits safe mode
2023-06-17 14:28:24,452 [main] INFO  ozone.MiniOzoneClusterImpl (MiniOzoneClusterImpl.java:lambda$waitForClusterToBeReady$0(229)) - SCM became leader
2023-06-17 14:28:24,496 [main] INFO  rpc.RpcClient (RpcClient.java:createVolume(458)) - Creating Volume: vol1, with user61681 as owner and space quota set to -1 bytes, counts quota set to -1
2023-06-17 14:28:24,506 [OM StateMachine ApplyTransaction Thread - 0] INFO  volume.OMVolumeCreateRequest (OMVolumeCreateRequest.java:validateAndUpdateCache(196)) - created volume:vol1 for user:user61681
2023-06-17 14:28:24,518 [main] INFO  rpc.RpcClient (RpcClient.java:createBucket(685)) - Creating Bucket: vol1/bucket1, with bucket layout LEGACY, runner as owner, Versioning false, Storage Type set to DISK and Encryption set to false, Replication Type set to server-side default replication type, Namespace Quota set to -1, Space Quota set to -1 
2023-06-17 14:28:24,524 [OM StateMachine ApplyTransaction Thread - 0] INFO  bucket.OMBucketCreateRequest (OMBucketCreateRequest.java:validateAndUpdateCache(270)) - created bucket: bucket1 of layout LEGACY in volume: vol1
2023-06-17 14:28:24,536 [IPC Server handler 19 on default port 15071] INFO  ha.SequenceIdGenerator (SequenceIdGenerator.java:getNextId(128)) - Allocate a batch for containerId, change lastId from 0 to 1000.
2023-06-17 14:28:24,537 [IPC Server handler 19 on default port 15071] WARN  ha.SequenceIdGenerator (SequenceIdGenerator.java:allocateBatch(237)) - Failed to allocate a batch for localId, expected lastId is 0, actual lastId is 111677748019200000.
2023-06-17 14:28:24,537 [IPC Server handler 19 on default port 15071] INFO  ha.SequenceIdGenerator (SequenceIdGenerator.java:getNextId(128)) - Allocate a batch for localId, change lastId from 111677748019200000 to 111677748019201000.
2023-06-17 14:28:26,133 [main] INFO  ozone.TestSnapshotDeletingService (TestSnapshotDeletingService.java:assertTableRowCount(558)) - keyTable actual row count=2, expectedCount=2
2023-06-17 14:28:26,138 [OM StateMachine ApplyTransaction Thread - 0] INFO  snapshot.OMSnapshotCreateRequest (OMSnapshotCreateRequest.java:validateAndUpdateCache(193)) - Created snapshot: 'bucket1snap1' with snapshotId: '81d6dce9-e0e1-443c-8a4d-5d3613415831' under path 'vol1/bucket1'
2023-06-17 14:28:26,139 [main] INFO  ozone.TestSnapshotDeletingService (TestSnapshotDeletingService.java:assertTableRowCount(558)) - snapshotInfoTable actual row count=0, expectedCount=1
2023-06-17 14:28:26,155 [OMDoubleBufferFlushThread] INFO  db.RDBCheckpointManager (RDBCheckpointManager.java:createCheckpoint(89)) - Created checkpoint in rocksDB at /home/runner/work/ozone/ozone/hadoop-ozone/integration-test/target/test-dir/MiniOzoneClusterImpl-8d772b0e-b617-4196-a398-7a8a47ee7084/ozone-meta/db.snapshots/checkpointState/om.db-81d6dce9-e0e1-443c-8a4d-5d3613415831 in 16 milliseconds
2023-06-17 14:28:26,162 [OMDoubleBufferFlushThread] INFO  db.RDBCheckpointUtils (RDBCheckpointUtils.java:waitForCheckpointDirectoryExist(59)) - Waited for 7 milliseconds for checkpoint directory /home/runner/work/ozone/ozone/hadoop-ozone/integration-test/target/test-dir/MiniOzoneClusterImpl-8d772b0e-b617-4196-a398-7a8a47ee7084/ozone-meta/db.snapshots/checkpointState/om.db-81d6dce9-e0e1-443c-8a4d-5d3613415831 availability.
2023-06-17 14:28:26,162 [OMDoubleBufferFlushThread] INFO  om.OmSnapshotManager (OmSnapshotManager.java:createOmSnapshotCheckpoint(409)) - Created checkpoint : /home/runner/work/ozone/ozone/hadoop-ozone/integration-test/target/test-dir/MiniOzoneClusterImpl-8d772b0e-b617-4196-a398-7a8a47ee7084/ozone-meta/db.snapshots/checkpointState/om.db-81d6dce9-e0e1-443c-8a4d-5d3613415831 for snapshot bucket1snap1
2023-06-17 14:28:27,140 [main] INFO  ozone.TestSnapshotDeletingService (TestSnapshotDeletingService.java:assertTableRowCount(558)) - snapshotInfoTable actual row count=1, expectedCount=1
2023-06-17 14:28:27,939 [KeyDeletingService#0] WARN  server.ServerUtils (ServerUtils.java:getDBPath(311)) - ozone.om.db.dirs is not configured. We recommend adding this setting. Falling back to ozone.metadata.dirs instead.
2023-06-17 14:28:27,940 [KeyDeletingService#0] INFO  helpers.OmKeyInfo (OmKeyInfo.java:getCodec(71)) - OmKeyInfo.getCodec ignorePipeline = true
2023-06-17 14:28:28,627 [47048eaa-a072-4fd8-9d87-63c2f7da8b3d@group-D867A173262D-FollowerState] INFO  impl.FollowerState (FollowerState.java:run(143)) - 47048eaa-a072-4fd8-9d87-63c2f7da8b3d@group-D867A173262D-FollowerState: change to CANDIDATE, lastRpcElapsedTime:10809934280ns, electionTimeout:5177ms
2023-06-17 14:28:28,628 [47048eaa-a072-4fd8-9d87-63c2f7da8b3d@group-D867A173262D-FollowerState] INFO  impl.RoleInfo (RoleInfo.java:shutdownFollowerState(110)) - 47048eaa-a072-4fd8-9d87-63c2f7da8b3d: shutdown 47048eaa-a072-4fd8-9d87-63c2f7da8b3d@group-D867A173262D-FollowerState
2023-06-17 14:28:28,628 [47048eaa-a072-4fd8-9d87-63c2f7da8b3d@group-D867A173262D-FollowerState] INFO  server.RaftServer$Division (RaftServerImpl.java:setRole(329)) - 47048eaa-a072-4fd8-9d87-63c2f7da8b3d@group-D867A173262D: changes role from  FOLLOWER to CANDIDATE at term 0 for changeToCandidate
2023-06-17 14:28:28,631 [47048eaa-a072-4fd8-9d87-63c2f7da8b3d@group-D867A173262D-FollowerState] INFO  server.RaftServerConfigKeys (ConfUtils.java:logGet(46)) - raft.server.leaderelection.pre-vote = true (default)
2023-06-17 14:28:28,631 [47048eaa-a072-4fd8-9d87-63c2f7da8b3d@group-D867A173262D-FollowerState] INFO  impl.RoleInfo (RoleInfo.java:updateAndGet(139)) - 47048eaa-a072-4fd8-9d87-63c2f7da8b3d: start 47048eaa-a072-4fd8-9d87-63c2f7da8b3d@group-D867A173262D-LeaderElection23
2023-06-17 14:28:28,641 [47048eaa-a072-4fd8-9d87-63c2f7da8b3d@group-D867A173262D-LeaderElection23] INFO  impl.LeaderElection (LeaderElection.java:askForVotes(321)) - 47048eaa-a072-4fd8-9d87-63c2f7da8b3d@group-D867A173262D-LeaderElection23 PRE_VOTE round 0: submit vote requests at term 0 for -1: peers:[47048eaa-a072-4fd8-9d87-63c2f7da8b3d|rpc:10.1.0.30:15093|admin:10.1.0.30:15092|client:10.1.0.30:15091|dataStream:10.1.0.30:15094|priority:1|startupRole:FOLLOWER]|listeners:[], old=null
2023-06-17 14:28:28,641 [47048eaa-a072-4fd8-9d87-63c2f7da8b3d@group-D867A173262D-LeaderElection23] INFO  impl.LeaderElection (LeaderElection.java:askForVotes(323)) - 47048eaa-a072-4fd8-9d87-63c2f7da8b3d@group-D867A173262D-LeaderElection23 PRE_VOTE round 0: result PASSED (term=0)
2023-06-17 14:28:28,817 [47048eaa-a072-4fd8-9d87-63c2f7da8b3d@group-D867A173262D-LeaderElection23] INFO  impl.LeaderElection (LeaderElection.java:askForVotes(321)) - 47048eaa-a072-4fd8-9d87-63c2f7da8b3d@group-D867A173262D-LeaderElection23 ELECTION round 0: submit vote requests at term 1 for -1: peers:[47048eaa-a072-4fd8-9d87-63c2f7da8b3d|rpc:10.1.0.30:15093|admin:10.1.0.30:15092|client:10.1.0.30:15091|dataStream:10.1.0.30:15094|priority:1|startupRole:FOLLOWER]|listeners:[], old=null
2023-06-17 14:28:28,817 [47048eaa-a072-4fd8-9d87-63c2f7da8b3d@group-D867A173262D-LeaderElection23] INFO  impl.LeaderElection (LeaderElection.java:askForVotes(323)) - 47048eaa-a072-4fd8-9d87-63c2f7da8b3d@group-D867A173262D-LeaderElection23 ELECTION round 0: result PASSED (term=1)
2023-06-17 14:28:28,817 [47048eaa-a072-4fd8-9d87-63c2f7da8b3d@group-D867A173262D-LeaderElection23] INFO  impl.RoleInfo (RoleInfo.java:shutdownLeaderElection(130)) - 47048eaa-a072-4fd8-9d87-63c2f7da8b3d: shutdown 47048eaa-a072-4fd8-9d87-63c2f7da8b3d@group-D867A173262D-LeaderElection23
2023-06-17 14:28:28,817 [47048eaa-a072-4fd8-9d87-63c2f7da8b3d@group-D867A173262D-LeaderElection23] INFO  server.RaftServer$Division (RaftServerImpl.java:setRole(329)) - 47048eaa-a072-4fd8-9d87-63c2f7da8b3d@group-D867A173262D: changes role from CANDIDATE to LEADER at term 1 for changeToLeader
2023-06-17 14:28:28,817 [47048eaa-a072-4fd8-9d87-63c2f7da8b3d@group-D867A173262D-LeaderElection23] INFO  ratis.XceiverServerRatis (XceiverServerRatis.java:handleLeaderChangedNotification(902)) - Leader change notification received for group: group-D867A173262D with new leaderId: 47048eaa-a072-4fd8-9d87-63c2f7da8b3d
2023-06-17 14:28:28,818 [47048eaa-a072-4fd8-9d87-63c2f7da8b3d@group-D867A173262D-LeaderElection23] INFO  server.RaftServer$Division (ServerState.java:setLeader(317)) - 47048eaa-a072-4fd8-9d87-63c2f7da8b3d@group-D867A173262D: change Leader from null to 47048eaa-a072-4fd8-9d87-63c2f7da8b3d at term 1 for becomeLeader, leader elected after 11020ms
2023-06-17 14:28:28,818 [47048eaa-a072-4fd8-9d87-63c2f7da8b3d@group-D867A173262D-LeaderElection23] INFO  server.RaftServerConfigKeys (ConfUtils.java:logGet(46)) - raft.server.staging.catchup.gap = 1000 (default)
2023-06-17 14:28:28,821 [47048eaa-a072-4fd8-9d87-63c2f7da8b3d@group-D867A173262D-LeaderElection23] INFO  server.RaftServerConfigKeys (ConfUtils.java:logGet(46)) - raft.server.write.element-limit = 1024 (custom)
2023-06-17 14:28:28,821 [47048eaa-a072-4fd8-9d87-63c2f7da8b3d@group-D867A173262D-LeaderElection23] INFO  server.RaftServerConfigKeys (ConfUtils.java:logGet(46)) - raft.server.write.byte-limit = 1024 M (=1073741824) (custom)
2023-06-17 14:28:28,827 [47048eaa-a072-4fd8-9d87-63c2f7da8b3d@group-D867A173262D-LeaderElection23] INFO  server.RaftServerConfigKeys (ConfUtils.java:logGet(46)) - raft.server.watch.timeout = 180s (custom)
2023-06-17 14:28:28,828 [47048eaa-a072-4fd8-9d87-63c2f7da8b3d@group-D867A173262D-LeaderElection23] INFO  server.RaftServerConfigKeys (ConfUtils.java:logGet(46)) - raft.server.watch.timeout.denomination = 1s (default)
2023-06-17 14:28:28,828 [47048eaa-a072-4fd8-9d87-63c2f7da8b3d@group-D867A173262D-LeaderElection23] INFO  server.RaftServerConfigKeys (ConfUtils.java:logGet(46)) - raft.server.watch.element-limit = 65536 (default)
2023-06-17 14:28:28,828 [47048eaa-a072-4fd8-9d87-63c2f7da8b3d@group-D867A173262D-LeaderElection23] INFO  server.RaftServerConfigKeys (ConfUtils.java:logGet(46)) - raft.server.write.element-limit = 1024 (custom)
2023-06-17 14:28:28,828 [47048eaa-a072-4fd8-9d87-63c2f7da8b3d@group-D867A173262D-LeaderElection23] INFO  server.RaftServerConfigKeys (ConfUtils.java:logGet(46)) - raft.server.write.follower.gap.ratio.max = -1.0 (default)
2023-06-17 14:28:28,828 [47048eaa-a072-4fd8-9d87-63c2f7da8b3d@group-D867A173262D-LeaderElection23] INFO  impl.RoleInfo (RoleInfo.java:updateAndGet(139)) - 47048eaa-a072-4fd8-9d87-63c2f7da8b3d: start 47048eaa-a072-4fd8-9d87-63c2f7da8b3d@group-D867A173262D-LeaderStateImpl
2023-06-17 14:28:28,829 [47048eaa-a072-4fd8-9d87-63c2f7da8b3d@group-D867A173262D-LeaderElection23] INFO  segmented.SegmentedRaftLogWorker (SegmentedRaftLogWorker.java:startLogSegment(447)) - 47048eaa-a072-4fd8-9d87-63c2f7da8b3d@group-D867A173262D-SegmentedRaftLogWorker: Starting segment from index:0
2023-06-17 14:28:28,831 [47048eaa-a072-4fd8-9d87-63c2f7da8b3d@group-D867A173262D-LeaderElection23] INFO  server.RaftServer$Division (ServerState.java:setRaftConf(434)) - 47048eaa-a072-4fd8-9d87-63c2f7da8b3d@group-D867A173262D: set configuration 0: peers:[47048eaa-a072-4fd8-9d87-63c2f7da8b3d|rpc:10.1.0.30:15093|admin:10.1.0.30:15092|client:10.1.0.30:15091|dataStream:10.1.0.30:15094|priority:1|startupRole:FOLLOWER]|listeners:[], old=null
2023-06-17 14:28:28,832 [47048eaa-a072-4fd8-9d87-63c2f7da8b3d@group-D867A173262D-SegmentedRaftLogWorker] INFO  segmented.SegmentedRaftLogWorker (SegmentedRaftLogWorker.java:execute(651)) - 47048eaa-a072-4fd8-9d87-63c2f7da8b3d@group-D867A173262D-SegmentedRaftLogWorker: created new log segment /home/runner/work/ozone/ozone/hadoop-ozone/integration-test/target/test-dir/MiniOzoneClusterImpl-8d772b0e-b617-4196-a398-7a8a47ee7084/datanode-1/data/ratis/0d507de8-ebd0-461d-9e58-d867a173262d/current/log_inprogress_0
2023-06-17 14:28:29,060 [main] INFO  ozone.TestSnapshotDeletingService (TestSnapshotDeletingService.java:assertTableRowCount(558)) - keyTable actual row count=0, expectedCount=0
2023-06-17 14:28:29,060 [main] INFO  ozone.TestSnapshotDeletingService (TestSnapshotDeletingService.java:assertTableRowCount(558)) - deletedTable actual row count=3, expectedCount=1
2023-06-17 14:28:29,442 [IPC Server handler 1 on default port 15071] INFO  ha.SequenceIdGenerator (SequenceIdGenerator.java:getNextId(128)) - Allocate a batch for delTxnId, change lastId from 0 to 1000.
2023-06-17 14:28:30,061 [main] INFO  ozone.TestSnapshotDeletingService (TestSnapshotDeletingService.java:assertTableRowCount(558)) - deletedTable actual row count=1, expectedCount=1
2023-06-17 14:28:30,065 [OM StateMachine ApplyTransaction Thread - 0] INFO  snapshot.OMSnapshotCreateRequest (OMSnapshotCreateRequest.java:validateAndUpdateCache(193)) - Created snapshot: 'bucket1snap2' with snapshotId: '9738d8e0-261b-430c-b0a6-0d414f863643' under path 'vol1/bucket1'
2023-06-17 14:28:30,067 [main] INFO  ozone.TestSnapshotDeletingService (TestSnapshotDeletingService.java:assertTableRowCount(558)) - snapshotInfoTable actual row count=1, expectedCount=2
2023-06-17 14:28:30,085 [OMDoubleBufferFlushThread] INFO  db.RDBCheckpointManager (RDBCheckpointManager.java:createCheckpoint(89)) - Created checkpoint in rocksDB at /home/runner/work/ozone/ozone/hadoop-ozone/integration-test/target/test-dir/MiniOzoneClusterImpl-8d772b0e-b617-4196-a398-7a8a47ee7084/ozone-meta/db.snapshots/checkpointState/om.db-9738d8e0-261b-430c-b0a6-0d414f863643 in 18 milliseconds
2023-06-17 14:28:30,086 [OMDoubleBufferFlushThread] INFO  db.RDBCheckpointUtils (RDBCheckpointUtils.java:waitForCheckpointDirectoryExist(59)) - Waited for 1 milliseconds for checkpoint directory /home/runner/work/ozone/ozone/hadoop-ozone/integration-test/target/test-dir/MiniOzoneClusterImpl-8d772b0e-b617-4196-a398-7a8a47ee7084/ozone-meta/db.snapshots/checkpointState/om.db-9738d8e0-261b-430c-b0a6-0d414f863643 availability.
2023-06-17 14:28:30,087 [OMDoubleBufferFlushThread] INFO  om.OmSnapshotManager (OmSnapshotManager.java:createOmSnapshotCheckpoint(409)) - Created checkpoint : /home/runner/work/ozone/ozone/hadoop-ozone/integration-test/target/test-dir/MiniOzoneClusterImpl-8d772b0e-b617-4196-a398-7a8a47ee7084/ozone-meta/db.snapshots/checkpointState/om.db-9738d8e0-261b-430c-b0a6-0d414f863643 for snapshot bucket1snap2
2023-06-17 14:28:31,069 [main] INFO  ozone.TestSnapshotDeletingService (TestSnapshotDeletingService.java:assertTableRowCount(558)) - snapshotInfoTable actual row count=2, expectedCount=2
2023-06-17 14:28:31,069 [main] INFO  ozone.TestSnapshotDeletingService (TestSnapshotDeletingService.java:assertTableRowCount(558)) - deletedTable actual row count=0, expectedCount=0
2023-06-17 14:28:32,582 [main] INFO  ozone.TestSnapshotDeletingService (TestSnapshotDeletingService.java:assertTableRowCount(558)) - keyTable actual row count=1, expectedCount=1
2023-06-17 14:28:32,582 [main] INFO  ozone.TestSnapshotDeletingService (TestSnapshotDeletingService.java:assertTableRowCount(558)) - deletedTable actual row count=1, expectedCount=0
2023-06-17 14:28:32,941 [KeyDeletingService#0] WARN  server.ServerUtils (ServerUtils.java:getDBPath(311)) - ozone.om.db.dirs is not configured. We recommend adding this setting. Falling back to ozone.metadata.dirs instead.
2023-06-17 14:28:32,941 [KeyDeletingService#0] INFO  helpers.OmKeyInfo (OmKeyInfo.java:getCodec(71)) - OmKeyInfo.getCodec ignorePipeline = true
2023-06-17 14:28:33,583 [main] INFO  ozone.TestSnapshotDeletingService (TestSnapshotDeletingService.java:assertTableRowCount(558)) - deletedTable actual row count=0, expectedCount=0
2023-06-17 14:28:33,606 [OM StateMachine ApplyTransaction Thread - 0] INFO  snapshot.OMSnapshotCreateRequest (OMSnapshotCreateRequest.java:validateAndUpdateCache(193)) - Created snapshot: 'bucket1snap3' with snapshotId: '8a2fe387-fd77-42dc-8e99-e62f0f643818' under path 'vol1/bucket1'
2023-06-17 14:28:33,607 [main] INFO  ozone.TestSnapshotDeletingService (TestSnapshotDeletingService.java:assertTableRowCount(558)) - snapshotInfoTable actual row count=2, expectedCount=3
2023-06-17 14:28:33,628 [OMDoubleBufferFlushThread] INFO  db.RDBCheckpointManager (RDBCheckpointManager.java:createCheckpoint(89)) - Created checkpoint in rocksDB at /home/runner/work/ozone/ozone/hadoop-ozone/integration-test/target/test-dir/MiniOzoneClusterImpl-8d772b0e-b617-4196-a398-7a8a47ee7084/ozone-meta/db.snapshots/checkpointState/om.db-8a2fe387-fd77-42dc-8e99-e62f0f643818 in 21 milliseconds
2023-06-17 14:28:33,629 [OMDoubleBufferFlushThread] INFO  db.RDBCheckpointUtils (RDBCheckpointUtils.java:waitForCheckpointDirectoryExist(59)) - Waited for 1 milliseconds for checkpoint directory /home/runner/work/ozone/ozone/hadoop-ozone/integration-test/target/test-dir/MiniOzoneClusterImpl-8d772b0e-b617-4196-a398-7a8a47ee7084/ozone-meta/db.snapshots/checkpointState/om.db-8a2fe387-fd77-42dc-8e99-e62f0f643818 availability.
2023-06-17 14:28:33,630 [OMDoubleBufferFlushThread] INFO  om.OmSnapshotManager (OmSnapshotManager.java:createOmSnapshotCheckpoint(409)) - Created checkpoint : /home/runner/work/ozone/ozone/hadoop-ozone/integration-test/target/test-dir/MiniOzoneClusterImpl-8d772b0e-b617-4196-a398-7a8a47ee7084/ozone-meta/db.snapshots/checkpointState/om.db-8a2fe387-fd77-42dc-8e99-e62f0f643818 for snapshot bucket1snap3
2023-06-17 14:28:34,608 [main] INFO  ozone.TestSnapshotDeletingService (TestSnapshotDeletingService.java:assertTableRowCount(558)) - snapshotInfoTable actual row count=3, expectedCount=3
2023-06-17 14:28:34,616 [OM StateMachine ApplyTransaction Thread - 0] INFO  snapshot.OMSnapshotDeleteRequest (OMSnapshotDeleteRequest.java:validateAndUpdateCache(225)) - Deleted snapshot 'bucket1snap2' under path 'vol1/bucket1'
2023-06-17 14:28:34,620 [main] INFO  ozone.TestSnapshotDeletingService (TestSnapshotDeletingService.java:assertTableRowCount(558)) - snapshotInfoTable actual row count=3, expectedCount=2
2023-06-17 14:28:34,949 [OM StateMachine ApplyTransaction Thread - 0] INFO  upgrade.AbstractLayoutVersionManager (AbstractLayoutVersionManager.java:init(83)) - Initializing Layout version manager with metadata layout = FILESYSTEM_SNAPSHOT (version = 5), software layout = FILESYSTEM_SNAPSHOT (version = 5)
2023-06-17 14:28:34,949 [OM StateMachine ApplyTransaction Thread - 0] WARN  server.ServerUtils (ServerUtils.java:getDBPath(311)) - ozone.om.db.dirs is not configured. We recommend adding this setting. Falling back to ozone.metadata.dirs instead.
2023-06-17 14:28:34,950 [OM StateMachine ApplyTransaction Thread - 0] INFO  helpers.OmKeyInfo (OmKeyInfo.java:getCodec(71)) - OmKeyInfo.getCodec ignorePipeline = true
2023-06-17 14:28:35,621 [main] INFO  ozone.TestSnapshotDeletingService (TestSnapshotDeletingService.java:assertTableRowCount(558)) - snapshotInfoTable actual row count=2, expectedCount=2
2023-06-17 14:28:35,621 [main] INFO  ozone.TestSnapshotDeletingService (TestSnapshotDeletingService.java:assertTableRowCount(558)) - snapshotInfoTable actual row count=2, expectedCount=2
2023-06-17 14:28:35,663 [main] INFO  ozone.MiniOzoneClusterImpl (MiniOzoneClusterImpl.java:shutdown(444)) - Shutting down the Mini Ozone Cluster
2023-06-17 14:28:35,664 [main] INFO  ozone.MiniOzoneClusterImpl (MiniOzoneClusterImpl.java:stop(461)) - Stopping the Mini Ozone Cluster
2023-06-17 14:28:35,664 [main] INFO  ozone.MiniOzoneClusterImpl (MiniOzoneClusterImpl.java:stopOM(552)) - Stopping the OzoneManager
2023-06-17 14:28:35,664 [main] INFO  om.OzoneManager (OzoneManager.java:stop(2165)) - om1[localhost:15074]: Stopping Ozone Manager
2023-06-17 14:28:35,664 [main] INFO  ipc.Server (Server.java:stop(3501)) - Stopping server on 15074
2023-06-17 14:28:35,674 [IPC Server listener on 15074] INFO  ipc.Server (Server.java:run(1430)) - Stopping IPC Server listener on 15074
2023-06-17 14:28:35,674 [IPC Server Responder] INFO  ipc.Server (Server.java:run(1563)) - Stopping IPC Server Responder
2023-06-17 14:28:35,675 [main] INFO  server.RaftServer (RaftServerProxy.java:lambda$close$6(416)) - om1: close
2023-06-17 14:28:35,676 [main] INFO  server.GrpcService (GrpcService.java:closeImpl(311)) - om1: shutdown server GrpcServerProtocolService now
2023-06-17 14:28:35,676 [om1-impl-thread1] INFO  server.RaftServer$Division (RaftServerImpl.java:lambda$close$4(466)) - om1@group-C5BA1605619E: shutdown
2023-06-17 14:28:35,677 [om1-impl-thread1] INFO  util.JmxRegister (JmxRegister.java:unregister(73)) - Successfully un-registered JMX Bean with object name Ratis:service=RaftServer,group=group-C5BA1605619E,id=om1
2023-06-17 14:28:35,677 [om1-impl-thread1] INFO  impl.RoleInfo (RoleInfo.java:shutdownLeaderState(93)) - om1: shutdown om1@group-C5BA1605619E-LeaderStateImpl
2023-06-17 14:28:35,677 [om1-impl-thread1] INFO  impl.PendingRequests (PendingRequests.java:sendNotLeaderResponses(289)) - om1@group-C5BA1605619E-PendingRequests: sendNotLeaderResponses
2023-06-17 14:28:35,682 [om1-impl-thread1] INFO  impl.StateMachineUpdater (StateMachineUpdater.java:stopAndJoin(155)) - om1@group-C5BA1605619E-StateMachineUpdater: set stopIndex = 54
2023-06-17 14:28:35,682 [main] INFO  server.GrpcService (GrpcService.java:closeImpl(320)) - om1: shutdown server GrpcServerProtocolService successfully
2023-06-17 14:28:35,682 [om1@group-C5BA1605619E-StateMachineUpdater] INFO  ratis.OzoneManagerStateMachine (OzoneManagerStateMachine.java:takeSnapshot(479)) - Current Snapshot Index (t:1, i:54)
2023-06-17 14:28:35,691 [om1@group-C5BA1605619E-StateMachineUpdater] INFO  impl.StateMachineUpdater (StateMachineUpdater.java:takeSnapshot(291)) - om1@group-C5BA1605619E-StateMachineUpdater: Took a snapshot at index 54
2023-06-17 14:28:35,691 [om1@group-C5BA1605619E-StateMachineUpdater] INFO  impl.StateMachineUpdater (StateMachineUpdater.java:lambda$new$0(97)) - om1@group-C5BA1605619E-StateMachineUpdater: snapshotIndex: updateIncreasingly -1 -> 54
2023-06-17 14:28:35,691 [om1@group-C5BA1605619E-StateMachineUpdater] INFO  ratis.OzoneManagerStateMachine (OzoneManagerStateMachine.java:close(533)) - StateMachine has shutdown. Shutdown OzoneManager if not already shutdown.
2023-06-17 14:28:35,691 [om1@group-C5BA1605619E-StateMachineUpdater] INFO  ratis.OzoneManagerDoubleBuffer (OzoneManagerDoubleBuffer.java:stopDaemon(551)) - Stopping OMDoubleBuffer flush thread
2023-06-17 14:28:35,691 [OMDoubleBufferFlushThread] INFO  ratis.OzoneManagerDoubleBuffer (OzoneManagerDoubleBuffer.java:canFlush(638)) - OMDoubleBuffer flush thread OMDoubleBufferFlushThread is interrupted and will exit.
2023-06-17 14:28:35,693 [Thread-2332] INFO  rocksdiff.RocksDBCheckpointDiffer (RocksDBCheckpointDiffer.java:onCompactionCompleted(527)) - Skipped the compaction entry. Compaction input files: [/home/runner/work/ozone/ozone/hadoop-ozone/integration-test/target/test-dir/MiniOzoneClusterImpl-8d772b0e-b617-4196-a398-7a8a47ee7084/ozone-meta/om.db/000073.sst, /home/runner/work/ozone/ozone/hadoop-ozone/integration-test/target/test-dir/MiniOzoneClusterImpl-8d772b0e-b617-4196-a398-7a8a47ee7084/ozone-meta/om.db/000067.sst, /home/runner/work/ozone/ozone/hadoop-ozone/integration-test/target/test-dir/MiniOzoneClusterImpl-8d772b0e-b617-4196-a398-7a8a47ee7084/ozone-meta/om.db/000060.sst, /home/runner/work/ozone/ozone/hadoop-ozone/integration-test/target/test-dir/MiniOzoneClusterImpl-8d772b0e-b617-4196-a398-7a8a47ee7084/ozone-meta/om.db/000053.sst] and output files: [/home/runner/work/ozone/ozone/hadoop-ozone/integration-test/target/test-dir/MiniOzoneClusterImpl-8d772b0e-b617-4196-a398-7a8a47ee7084/ozone-meta/om.db/000073.sst, /home/runner/work/ozone/ozone/hadoop-ozone/integration-test/target/test-dir/MiniOzoneClusterImpl-8d772b0e-b617-4196-a398-7a8a47ee7084/ozone-meta/om.db/000067.sst, /home/runner/work/ozone/ozone/hadoop-ozone/integration-test/target/test-dir/MiniOzoneClusterImpl-8d772b0e-b617-4196-a398-7a8a47ee7084/ozone-meta/om.db/000060.sst, /home/runner/work/ozone/ozone/hadoop-ozone/integration-test/target/test-dir/MiniOzoneClusterImpl-8d772b0e-b617-4196-a398-7a8a47ee7084/ozone-meta/om.db/000053.sst] are same.
2023-06-17 14:28:35,694 [om1-impl-thread1] INFO  server.RaftServer$Division (ServerState.java:close(472)) - om1@group-C5BA1605619E: closes. applyIndex: 54
2023-06-17 14:28:36,445 [om1-impl-thread1] INFO  segmented.SegmentedRaftLogWorker (SegmentedRaftLogWorker.java:close(252)) - om1@group-C5BA1605619E-SegmentedRaftLogWorker close()
2023-06-17 14:28:36,446 [JvmPauseMonitor11] INFO  util.JvmPauseMonitor (JvmPauseMonitor.java:run(109)) - JvmPauseMonitor-om1: Stopped
2023-06-17 14:28:36,446 [main] INFO  ratis.OzoneManagerStateMachine (OzoneManagerStateMachine.java:close(533)) - StateMachine has shutdown. Shutdown OzoneManager if not already shutdown.
2023-06-17 14:28:36,446 [main] INFO  ratis.OzoneManagerDoubleBuffer (OzoneManagerDoubleBuffer.java:stopDaemon(560)) - OMDoubleBuffer flush thread is not running.
2023-06-17 14:28:36,449 [main] INFO  utils.BackgroundService (BackgroundService.java:shutdown(141)) - Shutting down service KeyDeletingService
2023-06-17 14:28:36,450 [main] INFO  utils.BackgroundService (BackgroundService.java:shutdown(141)) - Shutting down service KeyDeletingService
2023-06-17 14:28:36,450 [main] INFO  utils.BackgroundService (BackgroundService.java:shutdown(141)) - Shutting down service OpenKeyCleanupService
2023-06-17 14:28:36,451 [main] INFO  utils.BackgroundService (BackgroundService.java:shutdown(141)) - Shutting down service SstFilteringService
2023-06-17 14:28:36,451 [main] INFO  utils.BackgroundService (BackgroundService.java:shutdown(141)) - Shutting down service SnapshotDeletingService
2023-06-17 14:28:36,452 [main] INFO  handler.ContextHandler (ContextHandler.java:doStop(1159)) - Stopped o.e.j.w.WebAppContext@70c28772{ozoneManager,/,null,STOPPED}{file:/home/runner/work/ozone/ozone/hadoop-ozone/integration-test/target/test-classes/webapps/ozoneManager}
2023-06-17 14:28:36,453 [main] INFO  server.AbstractConnector (AbstractConnector.java:doStop(383)) - Stopped ServerConnector@6ef8494b{HTTP/1.1, (http/1.1)}{0.0.0.0:15075}
2023-06-17 14:28:36,453 [main] INFO  server.session (HouseKeeper.java:stopScavenging(149)) - node0 Stopped scavenging
2023-06-17 14:28:36,453 [main] INFO  handler.ContextHandler (ContextHandler.java:doStop(1159)) - Stopped o.e.j.s.ServletContextHandler@5e78e7ff{static,/static,file:///home/runner/work/ozone/ozone/hadoop-ozone/integration-test/target/test-classes/webapps/static,STOPPED}
2023-06-17 14:28:36,454 [main] INFO  handler.ContextHandler (ContextHandler.java:doStop(1159)) - Stopped o.e.j.s.ServletContextHandler@5af7b9c5{logs,/logs,file:///home/runner/work/ozone/ozone/hadoop-ozone/integration-test/target/log,STOPPED}
2023-06-17 14:28:36,457 [main] INFO  snapshot.SnapshotDiffManager (SnapshotDiffManager.java:closeExecutorService(1267)) - Shutting down executorService: 'SnapDiffExecutor'
2023-06-17 14:28:36,457 [main] INFO  snapshot.SnapshotDiffManager (SnapshotDiffManager.java:closeExecutorService(1267)) - Shutting down executorService: 'SstDumpToolExecutor'
2023-06-17 14:28:36,465 [main] INFO  utils.BackgroundService (BackgroundService.java:shutdown(141)) - Shutting down service SnapshotDiffCleanupService
2023-06-17 14:28:36,466 [main] INFO  ozone.MiniOzoneClusterImpl (MiniOzoneClusterImpl.java:stopDatanodes(529)) - Stopping the HddsDatanodes
2023-06-17 14:28:36,468 [main] INFO  ozoneimpl.OzoneContainer (OzoneContainer.java:stop(433)) - Attempting to stop container services.
2023-06-17 14:28:36,468 [main] INFO  server.RaftServer (RaftServerProxy.java:lambda$close$6(416)) - 47048eaa-a072-4fd8-9d87-63c2f7da8b3d: close
2023-06-17 14:28:36,469 [47048eaa-a072-4fd8-9d87-63c2f7da8b3d-impl-thread1] INFO  server.RaftServer$Division (RaftServerImpl.java:lambda$close$4(466)) - 47048eaa-a072-4fd8-9d87-63c2f7da8b3d@group-D867A173262D: shutdown
2023-06-17 14:28:36,469 [47048eaa-a072-4fd8-9d87-63c2f7da8b3d-impl-thread1] INFO  util.JmxRegister (JmxRegister.java:unregister(73)) - Successfully un-registered JMX Bean with object name Ratis:service=RaftServer,group=group-D867A173262D,id=47048eaa-a072-4fd8-9d87-63c2f7da8b3d
2023-06-17 14:28:36,470 [47048eaa-a072-4fd8-9d87-63c2f7da8b3d-impl-thread1] INFO  impl.RoleInfo (RoleInfo.java:shutdownLeaderState(93)) - 47048eaa-a072-4fd8-9d87-63c2f7da8b3d: shutdown 47048eaa-a072-4fd8-9d87-63c2f7da8b3d@group-D867A173262D-LeaderStateImpl
2023-06-17 14:28:36,470 [47048eaa-a072-4fd8-9d87-63c2f7da8b3d-impl-thread1] INFO  impl.PendingRequests (PendingRequests.java:sendNotLeaderResponses(289)) - 47048eaa-a072-4fd8-9d87-63c2f7da8b3d@group-D867A173262D-PendingRequests: sendNotLeaderResponses
2023-06-17 14:28:36,470 [47048eaa-a072-4fd8-9d87-63c2f7da8b3d-impl-thread1] INFO  impl.StateMachineUpdater (StateMachineUpdater.java:stopAndJoin(155)) - 47048eaa-a072-4fd8-9d87-63c2f7da8b3d@group-D867A173262D-StateMachineUpdater: set stopIndex = 0
2023-06-17 14:28:36,470 [47048eaa-a072-4fd8-9d87-63c2f7da8b3d@group-D867A173262D-StateMachineUpdater] INFO  ratis.ContainerStateMachine (ContainerStateMachine.java:takeSnapshot(330)) - group-D867A173262D: Taking a snapshot at:(t:1, i:0) file /home/runner/work/ozone/ozone/hadoop-ozone/integration-test/target/test-dir/MiniOzoneClusterImpl-8d772b0e-b617-4196-a398-7a8a47ee7084/datanode-1/data/ratis/0d507de8-ebd0-461d-9e58-d867a173262d/sm/snapshot.1_0
2023-06-17 14:28:36,471 [ForkJoinPool.commonPool-worker-2] INFO  ozoneimpl.OzoneContainer (OzoneContainer.java:stop(433)) - Attempting to stop container services.
2023-06-17 14:28:36,469 [main] INFO  server.GrpcService (GrpcService.java:closeImpl(311)) - 47048eaa-a072-4fd8-9d87-63c2f7da8b3d: shutdown server org.apache.ratis.grpc.server.GrpcClientProtocolService now
2023-06-17 14:28:36,472 [47048eaa-a072-4fd8-9d87-63c2f7da8b3d@group-D867A173262D-StateMachineUpdater] INFO  ratis.ContainerStateMachine (ContainerStateMachine.java:takeSnapshot(341)) - group-D867A173262D: Finished taking a snapshot at:(t:1, i:0) file:/home/runner/work/ozone/ozone/hadoop-ozone/integration-test/target/test-dir/MiniOzoneClusterImpl-8d772b0e-b617-4196-a398-7a8a47ee7084/datanode-1/data/ratis/0d507de8-ebd0-461d-9e58-d867a173262d/sm/snapshot.1_0 took: 2 ms
2023-06-17 14:28:36,472 [47048eaa-a072-4fd8-9d87-63c2f7da8b3d@group-D867A173262D-StateMachineUpdater] INFO  impl.StateMachineUpdater (StateMachineUpdater.java:takeSnapshot(291)) - 47048eaa-a072-4fd8-9d87-63c2f7da8b3d@group-D867A173262D-StateMachineUpdater: Took a snapshot at index 0
2023-06-17 14:28:36,472 [47048eaa-a072-4fd8-9d87-63c2f7da8b3d@group-D867A173262D-StateMachineUpdater] INFO  impl.StateMachineUpdater (StateMachineUpdater.java:lambda$new$0(97)) - 47048eaa-a072-4fd8-9d87-63c2f7da8b3d@group-D867A173262D-StateMachineUpdater: snapshotIndex: updateIncreasingly -1 -> 0
2023-06-17 14:28:36,472 [ForkJoinPool.commonPool-worker-2] INFO  server.RaftServer (RaftServerProxy.java:lambda$close$6(416)) - d8e5db2f-8a5f-4279-a0a7-2a0e2e29a318: close
2023-06-17 14:28:36,472 [47048eaa-a072-4fd8-9d87-63c2f7da8b3d-impl-thread1] INFO  server.RaftServer$Division (ServerState.java:close(472)) - 47048eaa-a072-4fd8-9d87-63c2f7da8b3d@group-D867A173262D: closes. applyIndex: 0
2023-06-17 14:28:36,469 [47048eaa-a072-4fd8-9d87-63c2f7da8b3d-impl-thread2] INFO  server.RaftServer$Division (RaftServerImpl.java:lambda$close$4(466)) - 47048eaa-a072-4fd8-9d87-63c2f7da8b3d@group-48A1BD7B7B47: shutdown
2023-06-17 14:28:36,473 [47048eaa-a072-4fd8-9d87-63c2f7da8b3d-impl-thread2] INFO  util.JmxRegister (JmxRegister.java:unregister(73)) - Successfully un-registered JMX Bean with object name Ratis:service=RaftServer,group=group-48A1BD7B7B47,id=47048eaa-a072-4fd8-9d87-63c2f7da8b3d
2023-06-17 14:28:36,473 [47048eaa-a072-4fd8-9d87-63c2f7da8b3d-impl-thread2] INFO  impl.RoleInfo (RoleInfo.java:shutdownFollowerState(110)) - 47048eaa-a072-4fd8-9d87-63c2f7da8b3d: shutdown 47048eaa-a072-4fd8-9d87-63c2f7da8b3d@group-48A1BD7B7B47-FollowerState
2023-06-17 14:28:36,473 [47048eaa-a072-4fd8-9d87-63c2f7da8b3d-impl-thread3] INFO  server.RaftServer$Division (RaftServerImpl.java:lambda$close$4(466)) - 47048eaa-a072-4fd8-9d87-63c2f7da8b3d@group-5CF3AA90D698: shutdown
2023-06-17 14:28:36,473 [47048eaa-a072-4fd8-9d87-63c2f7da8b3d-impl-thread3] INFO  util.JmxRegister (JmxRegister.java:unregister(73)) - Successfully un-registered JMX Bean with object name Ratis:service=RaftServer,group=group-5CF3AA90D698,id=47048eaa-a072-4fd8-9d87-63c2f7da8b3d
2023-06-17 14:28:36,473 [47048eaa-a072-4fd8-9d87-63c2f7da8b3d-impl-thread3] INFO  impl.RoleInfo (RoleInfo.java:shutdownFollowerState(110)) - 47048eaa-a072-4fd8-9d87-63c2f7da8b3d: shutdown 47048eaa-a072-4fd8-9d87-63c2f7da8b3d@group-5CF3AA90D698-FollowerState
2023-06-17 14:28:36,478 [47048eaa-a072-4fd8-9d87-63c2f7da8b3d@group-5CF3AA90D698-FollowerState] INFO  impl.FollowerState (FollowerState.java:run(152)) - 47048eaa-a072-4fd8-9d87-63c2f7da8b3d@group-5CF3AA90D698-FollowerState was interrupted
2023-06-17 14:28:36,478 [47048eaa-a072-4fd8-9d87-63c2f7da8b3d-impl-thread2] INFO  impl.StateMachineUpdater (StateMachineUpdater.java:stopAndJoin(155)) - 47048eaa-a072-4fd8-9d87-63c2f7da8b3d@group-48A1BD7B7B47-StateMachineUpdater: set stopIndex = 286
2023-06-17 14:28:36,478 [47048eaa-a072-4fd8-9d87-63c2f7da8b3d-impl-thread3] INFO  impl.StateMachineUpdater (StateMachineUpdater.java:stopAndJoin(155)) - 47048eaa-a072-4fd8-9d87-63c2f7da8b3d@group-5CF3AA90D698-StateMachineUpdater: set stopIndex = 144
2023-06-17 14:28:36,478 [47048eaa-a072-4fd8-9d87-63c2f7da8b3d@group-48A1BD7B7B47-StateMachineUpdater] INFO  ratis.ContainerStateMachine (ContainerStateMachine.java:takeSnapshot(330)) - group-48A1BD7B7B47: Taking a snapshot at:(t:1, i:286) file /home/runner/work/ozone/ozone/hadoop-ozone/integration-test/target/test-dir/MiniOzoneClusterImpl-8d772b0e-b617-4196-a398-7a8a47ee7084/datanode-1/data/ratis/a2919bfd-34c8-410d-96d9-48a1bd7b7b47/sm/snapshot.1_286
2023-06-17 14:28:36,478 [d8e5db2f-8a5f-4279-a0a7-2a0e2e29a318-impl-thread1] INFO  server.RaftServer$Division (RaftServerImpl.java:lambda$close$4(466)) - d8e5db2f-8a5f-4279-a0a7-2a0e2e29a318@group-6AD0A22BF8E3: shutdown
2023-06-17 14:28:36,478 [d8e5db2f-8a5f-4279-a0a7-2a0e2e29a318-impl-thread1] INFO  util.JmxRegister (JmxRegister.java:unregister(73)) - Successfully un-registered JMX Bean with object name Ratis:service=RaftServer,group=group-6AD0A22BF8E3,id=d8e5db2f-8a5f-4279-a0a7-2a0e2e29a318
2023-06-17 14:28:36,478 [d8e5db2f-8a5f-4279-a0a7-2a0e2e29a318-impl-thread1] INFO  impl.RoleInfo (RoleInfo.java:shutdownLeaderState(93)) - d8e5db2f-8a5f-4279-a0a7-2a0e2e29a318: shutdown d8e5db2f-8a5f-4279-a0a7-2a0e2e29a318@group-6AD0A22BF8E3-LeaderStateImpl
2023-06-17 14:28:36,478 [d8e5db2f-8a5f-4279-a0a7-2a0e2e29a318-impl-thread1] INFO  impl.PendingRequests (PendingRequests.java:sendNotLeaderResponses(289)) - d8e5db2f-8a5f-4279-a0a7-2a0e2e29a318@group-6AD0A22BF8E3-PendingRequests: sendNotLeaderResponses
2023-06-17 14:28:36,479 [d8e5db2f-8a5f-4279-a0a7-2a0e2e29a318-impl-thread2] INFO  server.RaftServer$Division (RaftServerImpl.java:lambda$close$4(466)) - d8e5db2f-8a5f-4279-a0a7-2a0e2e29a318@group-48A1BD7B7B47: shutdown
2023-06-17 14:28:36,479 [ForkJoinPool.commonPool-worker-2] INFO  server.GrpcService (GrpcService.java:closeImpl(311)) - d8e5db2f-8a5f-4279-a0a7-2a0e2e29a318: shutdown server org.apache.ratis.grpc.server.GrpcClientProtocolService now
2023-06-17 14:28:36,479 [d8e5db2f-8a5f-4279-a0a7-2a0e2e29a318-impl-thread3] INFO  server.RaftServer$Division (RaftServerImpl.java:lambda$close$4(466)) - d8e5db2f-8a5f-4279-a0a7-2a0e2e29a318@group-5CF3AA90D698: shutdown
2023-06-17 14:28:36,478 [47048eaa-a072-4fd8-9d87-63c2f7da8b3d@group-48A1BD7B7B47-FollowerState] INFO  impl.FollowerState (FollowerState.java:run(152)) - 47048eaa-a072-4fd8-9d87-63c2f7da8b3d@group-48A1BD7B7B47-FollowerState was interrupted
2023-06-17 14:28:36,480 [47048eaa-a072-4fd8-9d87-63c2f7da8b3d@group-48A1BD7B7B47-StateMachineUpdater] INFO  ratis.ContainerStateMachine (ContainerStateMachine.java:takeSnapshot(341)) - group-48A1BD7B7B47: Finished taking a snapshot at:(t:1, i:286) file:/home/runner/work/ozone/ozone/hadoop-ozone/integration-test/target/test-dir/MiniOzoneClusterImpl-8d772b0e-b617-4196-a398-7a8a47ee7084/datanode-1/data/ratis/a2919bfd-34c8-410d-96d9-48a1bd7b7b47/sm/snapshot.1_286 took: 2 ms
2023-06-17 14:28:36,480 [47048eaa-a072-4fd8-9d87-63c2f7da8b3d@group-48A1BD7B7B47-StateMachineUpdater] INFO  impl.StateMachineUpdater (StateMachineUpdater.java:takeSnapshot(291)) - 47048eaa-a072-4fd8-9d87-63c2f7da8b3d@group-48A1BD7B7B47-StateMachineUpdater: Took a snapshot at index 286
2023-06-17 14:28:36,480 [47048eaa-a072-4fd8-9d87-63c2f7da8b3d@group-48A1BD7B7B47-StateMachineUpdater] INFO  impl.StateMachineUpdater (StateMachineUpdater.java:lambda$new$0(97)) - 47048eaa-a072-4fd8-9d87-63c2f7da8b3d@group-48A1BD7B7B47-StateMachineUpdater: snapshotIndex: updateIncreasingly -1 -> 286
2023-06-17 14:28:36,484 [Thread-2336] INFO  server.GrpcServerProtocolClient (GrpcServerProtocolClient.java:close(103)) - d8e5db2f-8a5f-4279-a0a7-2a0e2e29a318 Close channels
2023-06-17 14:28:36,484 [Thread-2337] INFO  server.GrpcServerProtocolClient (GrpcServerProtocolClient.java:close(103)) - 077cb259-20d2-413a-a89a-37aebebbc151 Close channels
2023-06-17 14:28:36,484 [Thread-2340] INFO  server.GrpcServerProtocolClient (GrpcServerProtocolClient.java:close(103)) - 47048eaa-a072-4fd8-9d87-63c2f7da8b3d Close channels
2023-06-17 14:28:36,485 [Thread-2342] INFO  server.GrpcServerProtocolClient (GrpcServerProtocolClient.java:close(103)) - 077cb259-20d2-413a-a89a-37aebebbc151 Close channels
2023-06-17 14:28:36,485 [47048eaa-a072-4fd8-9d87-63c2f7da8b3d-impl-thread2] INFO  server.RaftServer$Division (ServerState.java:close(472)) - 47048eaa-a072-4fd8-9d87-63c2f7da8b3d@group-48A1BD7B7B47: closes. applyIndex: 286
2023-06-17 14:28:36,490 [d8e5db2f-8a5f-4279-a0a7-2a0e2e29a318-impl-thread2] INFO  util.JmxRegister (JmxRegister.java:unregister(73)) - Successfully un-registered JMX Bean with object name Ratis:service=RaftServer,group=group-48A1BD7B7B47,id=d8e5db2f-8a5f-4279-a0a7-2a0e2e29a318
2023-06-17 14:28:36,490 [d8e5db2f-8a5f-4279-a0a7-2a0e2e29a318-impl-thread2] INFO  impl.RoleInfo (RoleInfo.java:shutdownLeaderState(93)) - d8e5db2f-8a5f-4279-a0a7-2a0e2e29a318: shutdown d8e5db2f-8a5f-4279-a0a7-2a0e2e29a318@group-48A1BD7B7B47-LeaderStateImpl
2023-06-17 14:28:36,490 [main] INFO  server.GrpcService (GrpcService.java:closeImpl(320)) - 47048eaa-a072-4fd8-9d87-63c2f7da8b3d: shutdown server org.apache.ratis.grpc.server.GrpcClientProtocolService successfully
2023-06-17 14:28:36,490 [d8e5db2f-8a5f-4279-a0a7-2a0e2e29a318-impl-thread3] INFO  util.JmxRegister (JmxRegister.java:unregister(73)) - Successfully un-registered JMX Bean with object name Ratis:service=RaftServer,group=group-5CF3AA90D698,id=d8e5db2f-8a5f-4279-a0a7-2a0e2e29a318
2023-06-17 14:28:36,491 [47048eaa-a072-4fd8-9d87-63c2f7da8b3d@group-5CF3AA90D698-StateMachineUpdater] INFO  ratis.ContainerStateMachine (ContainerStateMachine.java:takeSnapshot(330)) - group-5CF3AA90D698: Taking a snapshot at:(t:1, i:144) file /home/runner/work/ozone/ozone/hadoop-ozone/integration-test/target/test-dir/MiniOzoneClusterImpl-8d772b0e-b617-4196-a398-7a8a47ee7084/datanode-1/data/ratis/ce281716-1701-4aca-b3c1-5cf3aa90d698/sm/snapshot.1_144
2023-06-17 14:28:36,491 [d8e5db2f-8a5f-4279-a0a7-2a0e2e29a318-impl-thread1] INFO  impl.StateMachineUpdater (StateMachineUpdater.java:stopAndJoin(155)) - d8e5db2f-8a5f-4279-a0a7-2a0e2e29a318@group-6AD0A22BF8E3-StateMachineUpdater: set stopIndex = 0
2023-06-17 14:28:36,491 [d8e5db2f-8a5f-4279-a0a7-2a0e2e29a318@group-6AD0A22BF8E3-StateMachineUpdater] INFO  ratis.ContainerStateMachine (ContainerStateMachine.java:takeSnapshot(330)) - group-6AD0A22BF8E3: Taking a snapshot at:(t:1, i:0) file /home/runner/work/ozone/ozone/hadoop-ozone/integration-test/target/test-dir/MiniOzoneClusterImpl-8d772b0e-b617-4196-a398-7a8a47ee7084/datanode-0/data/ratis/e7b8ac2b-af7d-487a-9ec4-6ad0a22bf8e3/sm/snapshot.1_0
2023-06-17 14:28:36,490 [d8e5db2f-8a5f-4279-a0a7-2a0e2e29a318@group-48A1BD7B7B47->077cb259-20d2-413a-a89a-37aebebbc151-GrpcLogAppender-LogAppenderDaemon] WARN  server.GrpcLogAppender (GrpcLogAppender.java:mayWait(199)) - d8e5db2f-8a5f-4279-a0a7-2a0e2e29a318@group-48A1BD7B7B47->077cb259-20d2-413a-a89a-37aebebbc151-GrpcLogAppender: Wait interrupted by java.lang.InterruptedException
2023-06-17 14:28:36,490 [d8e5db2f-8a5f-4279-a0a7-2a0e2e29a318@group-48A1BD7B7B47->47048eaa-a072-4fd8-9d87-63c2f7da8b3d-GrpcLogAppender-LogAppenderDaemon] WARN  server.GrpcLogAppender (GrpcLogAppender.java:mayWait(199)) - d8e5db2f-8a5f-4279-a0a7-2a0e2e29a318@group-48A1BD7B7B47->47048eaa-a072-4fd8-9d87-63c2f7da8b3d-GrpcLogAppender: Wait interrupted by java.lang.InterruptedException
2023-06-17 14:28:36,492 [grpc-default-executor-6] INFO  server.GrpcServerProtocolService (GrpcServerProtocolService.java:onCompleted(155)) - 47048eaa-a072-4fd8-9d87-63c2f7da8b3d: Completed APPEND_ENTRIES, lastRequest: d8e5db2f-8a5f-4279-a0a7-2a0e2e29a318->47048eaa-a072-4fd8-9d87-63c2f7da8b3d#314-t1,previous=(t:1, i:285),leaderCommit=285,initializing? true,entries: size=1, first=(t:1, i:286), METADATAENTRY(c:285)
2023-06-17 14:28:36,492 [grpc-default-executor-6] INFO  server.GrpcServerProtocolService (GrpcServerProtocolService.java:lambda$onCompleted$5(157)) - 47048eaa-a072-4fd8-9d87-63c2f7da8b3d: Completed APPEND_ENTRIES, lastReply: null
2023-06-17 14:28:36,492 [d8e5db2f-8a5f-4279-a0a7-2a0e2e29a318@group-6AD0A22BF8E3-StateMachineUpdater] INFO  ratis.ContainerStateMachine (ContainerStateMachine.java:takeSnapshot(341)) - group-6AD0A22BF8E3: Finished taking a snapshot at:(t:1, i:0) file:/home/runner/work/ozone/ozone/hadoop-ozone/integration-test/target/test-dir/MiniOzoneClusterImpl-8d772b0e-b617-4196-a398-7a8a47ee7084/datanode-0/data/ratis/e7b8ac2b-af7d-487a-9ec4-6ad0a22bf8e3/sm/snapshot.1_0 took: 1 ms
2023-06-17 14:28:36,492 [d8e5db2f-8a5f-4279-a0a7-2a0e2e29a318@group-6AD0A22BF8E3-StateMachineUpdater] INFO  impl.StateMachineUpdater (StateMachineUpdater.java:takeSnapshot(291)) - d8e5db2f-8a5f-4279-a0a7-2a0e2e29a318@group-6AD0A22BF8E3-StateMachineUpdater: Took a snapshot at index 0
2023-06-17 14:28:36,492 [d8e5db2f-8a5f-4279-a0a7-2a0e2e29a318@group-6AD0A22BF8E3-StateMachineUpdater] INFO  impl.StateMachineUpdater (StateMachineUpdater.java:lambda$new$0(97)) - d8e5db2f-8a5f-4279-a0a7-2a0e2e29a318@group-6AD0A22BF8E3-StateMachineUpdater: snapshotIndex: updateIncreasingly -1 -> 0
2023-06-17 14:28:36,492 [d8e5db2f-8a5f-4279-a0a7-2a0e2e29a318-impl-thread1] INFO  server.RaftServer$Division (ServerState.java:close(472)) - d8e5db2f-8a5f-4279-a0a7-2a0e2e29a318@group-6AD0A22BF8E3: closes. applyIndex: 0
2023-06-17 14:28:36,493 [grpc-default-executor-1] INFO  server.GrpcLogAppender (GrpcLogAppender.java:onCompleted(428)) - d8e5db2f-8a5f-4279-a0a7-2a0e2e29a318@group-48A1BD7B7B47->47048eaa-a072-4fd8-9d87-63c2f7da8b3d-AppendLogResponseHandler: follower responses appendEntries COMPLETED
2023-06-17 14:28:36,493 [grpc-default-executor-1] WARN  server.GrpcLogAppender (GrpcLogAppender.java:resetClient(137)) - d8e5db2f-8a5f-4279-a0a7-2a0e2e29a318@group-48A1BD7B7B47->47048eaa-a072-4fd8-9d87-63c2f7da8b3d-GrpcLogAppender: Failed to getClient for 47048eaa-a072-4fd8-9d87-63c2f7da8b3d
org.apache.ratis.protocol.exceptions.AlreadyClosedException: d8e5db2f-8a5f-4279-a0a7-2a0e2e29a318 is already CLOSED
	at org.apache.ratis.util.PeerProxyMap$PeerAndProxy.getProxy(PeerProxyMap.java:61)
	at org.apache.ratis.util.PeerProxyMap.getProxy(PeerProxyMap.java:115)
	at org.apache.ratis.grpc.server.GrpcLogAppender.getClient(GrpcLogAppender.java:112)
	at org.apache.ratis.grpc.server.GrpcLogAppender.resetClient(GrpcLogAppender.java:117)
	at org.apache.ratis.grpc.server.GrpcLogAppender.access$500(GrpcLogAppender.java:56)
	at org.apache.ratis.grpc.server.GrpcLogAppender$AppendLogResponseHandler.onCompleted(GrpcLogAppender.java:429)
	at org.apache.ratis.thirdparty.io.grpc.stub.ClientCalls$StreamObserverToCallListenerAdapter.onClose(ClientCalls.java:485)
	at org.apache.ratis.thirdparty.io.grpc.internal.ClientCallImpl.closeObserver(ClientCallImpl.java:563)
	at org.apache.ratis.thirdparty.io.grpc.internal.ClientCallImpl.access$300(ClientCallImpl.java:70)
	at org.apache.ratis.thirdparty.io.grpc.internal.ClientCallImpl$ClientStreamListenerImpl$1StreamClosed.runInternal(ClientCallImpl.java:744)
	at org.apache.ratis.thirdparty.io.grpc.internal.ClientCallImpl$ClientStreamListenerImpl$1StreamClosed.runInContext(ClientCallImpl.java:723)
	at org.apache.ratis.thirdparty.io.grpc.internal.ContextRunnable.run(ContextRunnable.java:37)
	at org.apache.ratis.thirdparty.io.grpc.internal.SerializingExecutor.run(SerializingExecutor.java:133)
	at java.util.concurrent.ThreadPoolExecutor.runWorker(ThreadPoolExecutor.java:1149)
	at java.util.concurrent.ThreadPoolExecutor$Worker.run(ThreadPoolExecutor.java:624)
	at java.lang.Thread.run(Thread.java:750)
2023-06-17 14:28:36,494 [grpc-default-executor-6] INFO  server.GrpcServerProtocolService (GrpcServerProtocolService.java:onCompleted(155)) - 077cb259-20d2-413a-a89a-37aebebbc151: Completed APPEND_ENTRIES, lastRequest: d8e5db2f-8a5f-4279-a0a7-2a0e2e29a318->077cb259-20d2-413a-a89a-37aebebbc151#319-t1,previous=(t:1, i:285),leaderCommit=285,initializing? true,entries: size=1, first=(t:1, i:286), METADATAENTRY(c:285)
2023-06-17 14:28:36,494 [grpc-default-executor-6] INFO  server.GrpcServerProtocolService (GrpcServerProtocolService.java:lambda$onCompleted$5(157)) - 077cb259-20d2-413a-a89a-37aebebbc151: Completed APPEND_ENTRIES, lastReply: null
2023-06-17 14:28:36,494 [grpc-default-executor-4] INFO  server.GrpcServerProtocolService (GrpcServerProtocolService.java:onCompleted(155)) - 077cb259-20d2-413a-a89a-37aebebbc151: Completed APPEND_ENTRIES, lastRequest: null
2023-06-17 14:28:36,490 [d8e5db2f-8a5f-4279-a0a7-2a0e2e29a318-impl-thread2] INFO  impl.PendingRequests (PendingRequests.java:sendNotLeaderResponses(289)) - d8e5db2f-8a5f-4279-a0a7-2a0e2e29a318@group-48A1BD7B7B47-PendingRequests: sendNotLeaderResponses
2023-06-17 14:28:36,494 [grpc-default-executor-1] INFO  server.GrpcServerProtocolService (GrpcServerProtocolService.java:onCompleted(155)) - 47048eaa-a072-4fd8-9d87-63c2f7da8b3d: Completed APPEND_ENTRIES, lastRequest: null
2023-06-17 14:28:36,492 [47048eaa-a072-4fd8-9d87-63c2f7da8b3d@group-5CF3AA90D698-StateMachineUpdater] INFO  ratis.ContainerStateMachine (ContainerStateMachine.java:takeSnapshot(341)) - group-5CF3AA90D698: Finished taking a snapshot at:(t:1, i:144) file:/home/runner/work/ozone/ozone/hadoop-ozone/integration-test/target/test-dir/MiniOzoneClusterImpl-8d772b0e-b617-4196-a398-7a8a47ee7084/datanode-1/data/ratis/ce281716-1701-4aca-b3c1-5cf3aa90d698/sm/snapshot.1_144 took: 1 ms
2023-06-17 14:28:36,497 [47048eaa-a072-4fd8-9d87-63c2f7da8b3d@group-5CF3AA90D698-StateMachineUpdater] INFO  impl.StateMachineUpdater (StateMachineUpdater.java:takeSnapshot(291)) - 47048eaa-a072-4fd8-9d87-63c2f7da8b3d@group-5CF3AA90D698-StateMachineUpdater: Took a snapshot at index 144
2023-06-17 14:28:36,497 [47048eaa-a072-4fd8-9d87-63c2f7da8b3d@group-5CF3AA90D698-StateMachineUpdater] INFO  impl.StateMachineUpdater (StateMachineUpdater.java:lambda$new$0(97)) - 47048eaa-a072-4fd8-9d87-63c2f7da8b3d@group-5CF3AA90D698-StateMachineUpdater: snapshotIndex: updateIncreasingly -1 -> 144
2023-06-17 14:28:36,490 [main] INFO  server.GrpcService (GrpcService.java:closeImpl(311)) - 47048eaa-a072-4fd8-9d87-63c2f7da8b3d: shutdown server GrpcServerProtocolService now
2023-06-17 14:28:36,498 [47048eaa-a072-4fd8-9d87-63c2f7da8b3d-impl-thread3] INFO  server.RaftServer$Division (ServerState.java:close(472)) - 47048eaa-a072-4fd8-9d87-63c2f7da8b3d@group-5CF3AA90D698: closes. applyIndex: 144
2023-06-17 14:28:36,498 [grpc-default-executor-6] INFO  server.GrpcLogAppender (GrpcLogAppender.java:onCompleted(428)) - d8e5db2f-8a5f-4279-a0a7-2a0e2e29a318@group-48A1BD7B7B47->077cb259-20d2-413a-a89a-37aebebbc151-AppendLogResponseHandler: follower responses appendEntries COMPLETED
2023-06-17 14:28:36,498 [grpc-default-executor-6] WARN  server.GrpcLogAppender (GrpcLogAppender.java:resetClient(137)) - d8e5db2f-8a5f-4279-a0a7-2a0e2e29a318@group-48A1BD7B7B47->077cb259-20d2-413a-a89a-37aebebbc151-GrpcLogAppender: Failed to getClient for 077cb259-20d2-413a-a89a-37aebebbc151
org.apache.ratis.protocol.exceptions.AlreadyClosedException: d8e5db2f-8a5f-4279-a0a7-2a0e2e29a318 is already CLOSED
	at org.apache.ratis.util.PeerProxyMap$PeerAndProxy.getProxy(PeerProxyMap.java:61)
	at org.apache.ratis.util.PeerProxyMap.getProxy(PeerProxyMap.java:115)
	at org.apache.ratis.grpc.server.GrpcLogAppender.getClient(GrpcLogAppender.java:112)
	at org.apache.ratis.grpc.server.GrpcLogAppender.resetClient(GrpcLogAppender.java:117)
	at org.apache.ratis.grpc.server.GrpcLogAppender.access$500(GrpcLogAppender.java:56)
	at org.apache.ratis.grpc.server.GrpcLogAppender$AppendLogResponseHandler.onCompleted(GrpcLogAppender.java:429)
	at org.apache.ratis.thirdparty.io.grpc.stub.ClientCalls$StreamObserverToCallListenerAdapter.onClose(ClientCalls.java:485)
	at org.apache.ratis.thirdparty.io.grpc.internal.ClientCallImpl.closeObserver(ClientCallImpl.java:563)
	at org.apache.ratis.thirdparty.io.grpc.internal.ClientCallImpl.access$300(ClientCallImpl.java:70)
	at org.apache.ratis.thirdparty.io.grpc.internal.ClientCallImpl$ClientStreamListenerImpl$1StreamClosed.runInternal(ClientCallImpl.java:744)
	at org.apache.ratis.thirdparty.io.grpc.internal.ClientCallImpl$ClientStreamListenerImpl$1StreamClosed.runInContext(ClientCallImpl.java:723)
	at org.apache.ratis.thirdparty.io.grpc.internal.ContextRunnable.run(ContextRunnable.java:37)
	at org.apache.ratis.thirdparty.io.grpc.internal.SerializingExecutor.run(SerializingExecutor.java:133)
	at java.util.concurrent.ThreadPoolExecutor.runWorker(ThreadPoolExecutor.java:1149)
	at java.util.concurrent.ThreadPoolExecutor$Worker.run(ThreadPoolExecutor.java:624)
	at java.lang.Thread.run(Thread.java:750)
2023-06-17 14:28:36,499 [grpc-default-executor-0] WARN  server.GrpcServerProtocolService (LogUtils.java:warn(122)) - 47048eaa-a072-4fd8-9d87-63c2f7da8b3d: APPEND_ENTRIES onError, lastRequest: null: org.apache.ratis.thirdparty.io.grpc.StatusRuntimeException: CANCELLED: client cancelled
2023-06-17 14:28:36,500 [grpc-default-executor-3] WARN  server.GrpcServerProtocolService (LogUtils.java:warn(122)) - 47048eaa-a072-4fd8-9d87-63c2f7da8b3d: APPEND_ENTRIES onError, lastRequest: 077cb259-20d2-413a-a89a-37aebebbc151->47048eaa-a072-4fd8-9d87-63c2f7da8b3d#158-t1,previous=(t:1, i:143),leaderCommit=143,initializing? true,entries: size=1, first=(t:1, i:144), METADATAENTRY(c:143): org.apache.ratis.thirdparty.io.grpc.StatusRuntimeException: CANCELLED: client cancelled
2023-06-17 14:28:36,500 [grpc-default-executor-2] WARN  server.GrpcLogAppender (LogUtils.java:warn(122)) - 077cb259-20d2-413a-a89a-37aebebbc151@group-5CF3AA90D698->47048eaa-a072-4fd8-9d87-63c2f7da8b3d-AppendLogResponseHandler: Failed appendEntries: org.apache.ratis.thirdparty.io.grpc.StatusRuntimeException: CANCELLED: RST_STREAM closed stream. HTTP/2 error code: CANCEL
2023-06-17 14:28:36,500 [grpc-default-executor-2] INFO  leader.FollowerInfo (FollowerInfoImpl.java:lambda$new$0(52)) - 077cb259-20d2-413a-a89a-37aebebbc151@group-5CF3AA90D698->47048eaa-a072-4fd8-9d87-63c2f7da8b3d: decreaseNextIndex nextIndex: updateUnconditionally 145 -> 144
2023-06-17 14:28:36,501 [d8e5db2f-8a5f-4279-a0a7-2a0e2e29a318-impl-thread3] INFO  impl.RoleInfo (RoleInfo.java:shutdownFollowerState(110)) - d8e5db2f-8a5f-4279-a0a7-2a0e2e29a318: shutdown d8e5db2f-8a5f-4279-a0a7-2a0e2e29a318@group-5CF3AA90D698-FollowerState
2023-06-17 14:28:36,503 [grpc-default-executor-1] INFO  server.GrpcServerProtocolService (GrpcServerProtocolService.java:lambda$onCompleted$5(157)) - 47048eaa-a072-4fd8-9d87-63c2f7da8b3d: Completed APPEND_ENTRIES, lastReply: serverReply {
  requestorId: "d8e5db2f-8a5f-4279-a0a7-2a0e2e29a318"
  replyId: "47048eaa-a072-4fd8-9d87-63c2f7da8b3d"
  raftGroupId {
    id: "\242\221\233\3754\310A\r\226\331H\241\275{{G"
  }
  callId: 317
  success: true
}
term: 1
nextIndex: 287
followerCommit: 286
matchIndex: 18446744073709551615
isHearbeat: true

2023-06-17 14:28:36,503 [grpc-default-executor-4] INFO  server.GrpcServerProtocolService (GrpcServerProtocolService.java:lambda$onCompleted$5(157)) - 077cb259-20d2-413a-a89a-37aebebbc151: Completed APPEND_ENTRIES, lastReply: serverReply {
  requestorId: "d8e5db2f-8a5f-4279-a0a7-2a0e2e29a318"
  replyId: "077cb259-20d2-413a-a89a-37aebebbc151"
  raftGroupId {
    id: "\242\221\233\3754\310A\r\226\331H\241\275{{G"
  }
  callId: 322
  success: true
}
term: 1
nextIndex: 287
followerCommit: 286
matchIndex: 18446744073709551615
isHearbeat: true

2023-06-17 14:28:36,505 [d8e5db2f-8a5f-4279-a0a7-2a0e2e29a318@group-5CF3AA90D698-FollowerState] INFO  impl.FollowerState (FollowerState.java:run(152)) - d8e5db2f-8a5f-4279-a0a7-2a0e2e29a318@group-5CF3AA90D698-FollowerState was interrupted
2023-06-17 14:28:36,505 [d8e5db2f-8a5f-4279-a0a7-2a0e2e29a318-impl-thread3] INFO  impl.StateMachineUpdater (StateMachineUpdater.java:stopAndJoin(155)) - d8e5db2f-8a5f-4279-a0a7-2a0e2e29a318@group-5CF3AA90D698-StateMachineUpdater: set stopIndex = 144
2023-06-17 14:28:36,506 [d8e5db2f-8a5f-4279-a0a7-2a0e2e29a318-impl-thread2] INFO  impl.StateMachineUpdater (StateMachineUpdater.java:stopAndJoin(155)) - d8e5db2f-8a5f-4279-a0a7-2a0e2e29a318@group-48A1BD7B7B47-StateMachineUpdater: set stopIndex = 286
2023-06-17 14:28:36,506 [d8e5db2f-8a5f-4279-a0a7-2a0e2e29a318@group-48A1BD7B7B47-StateMachineUpdater] INFO  ratis.ContainerStateMachine (ContainerStateMachine.java:takeSnapshot(330)) - group-48A1BD7B7B47: Taking a snapshot at:(t:1, i:286) file /home/runner/work/ozone/ozone/hadoop-ozone/integration-test/target/test-dir/MiniOzoneClusterImpl-8d772b0e-b617-4196-a398-7a8a47ee7084/datanode-0/data/ratis/a2919bfd-34c8-410d-96d9-48a1bd7b7b47/sm/snapshot.1_286
2023-06-17 14:28:36,507 [d8e5db2f-8a5f-4279-a0a7-2a0e2e29a318@group-5CF3AA90D698-StateMachineUpdater] INFO  ratis.ContainerStateMachine (ContainerStateMachine.java:takeSnapshot(330)) - group-5CF3AA90D698: Taking a snapshot at:(t:1, i:144) file /home/runner/work/ozone/ozone/hadoop-ozone/integration-test/target/test-dir/MiniOzoneClusterImpl-8d772b0e-b617-4196-a398-7a8a47ee7084/datanode-0/data/ratis/ce281716-1701-4aca-b3c1-5cf3aa90d698/sm/snapshot.1_144
2023-06-17 14:28:36,507 [d8e5db2f-8a5f-4279-a0a7-2a0e2e29a318@group-5CF3AA90D698-StateMachineUpdater] INFO  ratis.ContainerStateMachine (ContainerStateMachine.java:takeSnapshot(341)) - group-5CF3AA90D698: Finished taking a snapshot at:(t:1, i:144) file:/home/runner/work/ozone/ozone/hadoop-ozone/integration-test/target/test-dir/MiniOzoneClusterImpl-8d772b0e-b617-4196-a398-7a8a47ee7084/datanode-0/data/ratis/ce281716-1701-4aca-b3c1-5cf3aa90d698/sm/snapshot.1_144 took: 0 ms
2023-06-17 14:28:36,507 [d8e5db2f-8a5f-4279-a0a7-2a0e2e29a318@group-5CF3AA90D698-StateMachineUpdater] INFO  impl.StateMachineUpdater (StateMachineUpdater.java:takeSnapshot(291)) - d8e5db2f-8a5f-4279-a0a7-2a0e2e29a318@group-5CF3AA90D698-StateMachineUpdater: Took a snapshot at index 144
2023-06-17 14:28:36,508 [d8e5db2f-8a5f-4279-a0a7-2a0e2e29a318@group-5CF3AA90D698-StateMachineUpdater] INFO  impl.StateMachineUpdater (StateMachineUpdater.java:lambda$new$0(97)) - d8e5db2f-8a5f-4279-a0a7-2a0e2e29a318@group-5CF3AA90D698-StateMachineUpdater: snapshotIndex: updateIncreasingly -1 -> 144
2023-06-17 14:28:36,508 [d8e5db2f-8a5f-4279-a0a7-2a0e2e29a318-impl-thread3] INFO  server.RaftServer$Division (ServerState.java:close(472)) - d8e5db2f-8a5f-4279-a0a7-2a0e2e29a318@group-5CF3AA90D698: closes. applyIndex: 144
2023-06-17 14:28:36,507 [d8e5db2f-8a5f-4279-a0a7-2a0e2e29a318@group-48A1BD7B7B47-StateMachineUpdater] INFO  ratis.ContainerStateMachine (ContainerStateMachine.java:takeSnapshot(341)) - group-48A1BD7B7B47: Finished taking a snapshot at:(t:1, i:286) file:/home/runner/work/ozone/ozone/hadoop-ozone/integration-test/target/test-dir/MiniOzoneClusterImpl-8d772b0e-b617-4196-a398-7a8a47ee7084/datanode-0/data/ratis/a2919bfd-34c8-410d-96d9-48a1bd7b7b47/sm/snapshot.1_286 took: 1 ms
2023-06-17 14:28:36,510 [d8e5db2f-8a5f-4279-a0a7-2a0e2e29a318@group-48A1BD7B7B47-StateMachineUpdater] INFO  impl.StateMachineUpdater (StateMachineUpdater.java:takeSnapshot(291)) - d8e5db2f-8a5f-4279-a0a7-2a0e2e29a318@group-48A1BD7B7B47-StateMachineUpdater: Took a snapshot at index 286
2023-06-17 14:28:36,510 [d8e5db2f-8a5f-4279-a0a7-2a0e2e29a318@group-48A1BD7B7B47-StateMachineUpdater] INFO  impl.StateMachineUpdater (StateMachineUpdater.java:lambda$new$0(97)) - d8e5db2f-8a5f-4279-a0a7-2a0e2e29a318@group-48A1BD7B7B47-StateMachineUpdater: snapshotIndex: updateIncreasingly -1 -> 286
2023-06-17 14:28:36,516 [main] INFO  server.GrpcService (GrpcService.java:closeImpl(320)) - 47048eaa-a072-4fd8-9d87-63c2f7da8b3d: shutdown server GrpcServerProtocolService successfully
2023-06-17 14:28:36,516 [main] INFO  server.GrpcService (GrpcService.java:closeImpl(311)) - 47048eaa-a072-4fd8-9d87-63c2f7da8b3d: shutdown server org.apache.ratis.grpc.server.GrpcAdminProtocolService now
2023-06-17 14:28:36,518 [grpc-default-executor-6] INFO  server.GrpcLogAppender (GrpcLogAppender.java:onError(417)) - d8e5db2f-8a5f-4279-a0a7-2a0e2e29a318@group-48A1BD7B7B47->47048eaa-a072-4fd8-9d87-63c2f7da8b3d-GrpcLogAppender is already stopped
2023-06-17 14:28:36,524 [d8e5db2f-8a5f-4279-a0a7-2a0e2e29a318-impl-thread2] INFO  server.RaftServer$Division (ServerState.java:close(472)) - d8e5db2f-8a5f-4279-a0a7-2a0e2e29a318@group-48A1BD7B7B47: closes. applyIndex: 286
2023-06-17 14:28:36,528 [ForkJoinPool.commonPool-worker-2] INFO  server.GrpcService (GrpcService.java:closeImpl(320)) - d8e5db2f-8a5f-4279-a0a7-2a0e2e29a318: shutdown server org.apache.ratis.grpc.server.GrpcClientProtocolService successfully
2023-06-17 14:28:36,528 [ForkJoinPool.commonPool-worker-2] INFO  server.GrpcService (GrpcService.java:closeImpl(311)) - d8e5db2f-8a5f-4279-a0a7-2a0e2e29a318: shutdown server GrpcServerProtocolService now
2023-06-17 14:28:36,528 [ForkJoinPool.commonPool-worker-3] INFO  ozoneimpl.OzoneContainer (OzoneContainer.java:stop(433)) - Attempting to stop container services.
2023-06-17 14:28:36,529 [grpc-default-executor-6] WARN  server.GrpcLogAppender (LogUtils.java:warn(122)) - 077cb259-20d2-413a-a89a-37aebebbc151@group-5CF3AA90D698->47048eaa-a072-4fd8-9d87-63c2f7da8b3d-AppendLogResponseHandler: Failed appendEntries: org.apache.ratis.thirdparty.io.grpc.StatusRuntimeException: CANCELLED: RST_STREAM closed stream. HTTP/2 error code: CANCEL
2023-06-17 14:28:36,529 [grpc-default-executor-6] INFO  leader.FollowerInfo (FollowerInfoImpl.java:lambda$new$0(52)) - 077cb259-20d2-413a-a89a-37aebebbc151@group-5CF3AA90D698->47048eaa-a072-4fd8-9d87-63c2f7da8b3d: decreaseNextIndex nextIndex: updateUnconditionally 144 -> 143
2023-06-17 14:28:36,529 [grpc-default-executor-3] INFO  server.GrpcLogAppender (GrpcLogAppender.java:onCompleted(428)) - d8e5db2f-8a5f-4279-a0a7-2a0e2e29a318@group-48A1BD7B7B47->077cb259-20d2-413a-a89a-37aebebbc151-AppendLogResponseHandler: follower responses appendEntries COMPLETED
2023-06-17 14:28:36,529 [grpc-default-executor-3] WARN  server.GrpcLogAppender (GrpcLogAppender.java:resetClient(137)) - d8e5db2f-8a5f-4279-a0a7-2a0e2e29a318@group-48A1BD7B7B47->077cb259-20d2-413a-a89a-37aebebbc151-GrpcLogAppender: Failed to getClient for 077cb259-20d2-413a-a89a-37aebebbc151
org.apache.ratis.protocol.exceptions.AlreadyClosedException: d8e5db2f-8a5f-4279-a0a7-2a0e2e29a318 is already CLOSED
	at org.apache.ratis.util.PeerProxyMap$PeerAndProxy.getProxy(PeerProxyMap.java:61)
	at org.apache.ratis.util.PeerProxyMap.getProxy(PeerProxyMap.java:115)
	at org.apache.ratis.grpc.server.GrpcLogAppender.getClient(GrpcLogAppender.java:112)
	at org.apache.ratis.grpc.server.GrpcLogAppender.resetClient(GrpcLogAppender.java:117)
	at org.apache.ratis.grpc.server.GrpcLogAppender.access$500(GrpcLogAppender.java:56)
	at org.apache.ratis.grpc.server.GrpcLogAppender$AppendLogResponseHandler.onCompleted(GrpcLogAppender.java:429)
	at org.apache.ratis.thirdparty.io.grpc.stub.ClientCalls$StreamObserverToCallListenerAdapter.onClose(ClientCalls.java:485)
	at org.apache.ratis.thirdparty.io.grpc.internal.DelayedClientCall$DelayedListener$3.run(DelayedClientCall.java:471)
	at org.apache.ratis.thirdparty.io.grpc.internal.DelayedClientCall$DelayedListener.delayOrExecute(DelayedClientCall.java:435)
	at org.apache.ratis.thirdparty.io.grpc.internal.DelayedClientCall$DelayedListener.onClose(DelayedClientCall.java:468)
	at org.apache.ratis.thirdparty.io.grpc.internal.ClientCallImpl.closeObserver(ClientCallImpl.java:563)
	at org.apache.ratis.thirdparty.io.grpc.internal.ClientCallImpl.access$300(ClientCallImpl.java:70)
	at org.apache.ratis.thirdparty.io.grpc.internal.ClientCallImpl$ClientStreamListenerImpl$1StreamClosed.runInternal(ClientCallImpl.java:744)
	at org.apache.ratis.thirdparty.io.grpc.internal.ClientCallImpl$ClientStreamListenerImpl$1StreamClosed.runInContext(ClientCallImpl.java:723)
	at org.apache.ratis.thirdparty.io.grpc.internal.ContextRunnable.run(ContextRunnable.java:37)
	at org.apache.ratis.thirdparty.io.grpc.internal.SerializingExecutor.run(SerializingExecutor.java:133)
	at java.util.concurrent.ThreadPoolExecutor.runWorker(ThreadPoolExecutor.java:1149)
	at java.util.concurrent.ThreadPoolExecutor$Worker.run(ThreadPoolExecutor.java:624)
	at java.lang.Thread.run(Thread.java:750)
2023-06-17 14:28:36,530 [main] INFO  server.GrpcService (GrpcService.java:closeImpl(320)) - 47048eaa-a072-4fd8-9d87-63c2f7da8b3d: shutdown server org.apache.ratis.grpc.server.GrpcAdminProtocolService successfully
2023-06-17 14:28:36,530 [ForkJoinPool.commonPool-worker-3] INFO  server.RaftServer (RaftServerProxy.java:lambda$close$6(416)) - 077cb259-20d2-413a-a89a-37aebebbc151: close
2023-06-17 14:28:36,530 [47048eaa-a072-4fd8-9d87-63c2f7da8b3d-NettyServerStreamRpc-bossGroup--thread1] INFO  logging.LoggingHandler (AbstractInternalLogger.java:log(148)) - [id: 0xfba71794, L:/0:0:0:0:0:0:0:0:15094] CLOSE
2023-06-17 14:28:36,530 [47048eaa-a072-4fd8-9d87-63c2f7da8b3d-NettyServerStreamRpc-bossGroup--thread1] INFO  logging.LoggingHandler (AbstractInternalLogger.java:log(148)) - [id: 0xfba71794, L:/0:0:0:0:0:0:0:0:15094] INACTIVE
2023-06-17 14:28:36,530 [47048eaa-a072-4fd8-9d87-63c2f7da8b3d-NettyServerStreamRpc-bossGroup--thread1] INFO  logging.LoggingHandler (AbstractInternalLogger.java:log(148)) - [id: 0xfba71794, L:/0:0:0:0:0:0:0:0:15094] UNREGISTERED
2023-06-17 14:28:36,531 [077cb259-20d2-413a-a89a-37aebebbc151-impl-thread1] INFO  server.RaftServer$Division (RaftServerImpl.java:lambda$close$4(466)) - 077cb259-20d2-413a-a89a-37aebebbc151@group-1ED2AC36BD69: shutdown
2023-06-17 14:28:36,531 [077cb259-20d2-413a-a89a-37aebebbc151-impl-thread1] INFO  util.JmxRegister (JmxRegister.java:unregister(73)) - Successfully un-registered JMX Bean with object name Ratis:service=RaftServer,group=group-1ED2AC36BD69,id=077cb259-20d2-413a-a89a-37aebebbc151
2023-06-17 14:28:36,531 [077cb259-20d2-413a-a89a-37aebebbc151-impl-thread1] INFO  impl.RoleInfo (RoleInfo.java:shutdownLeaderState(93)) - 077cb259-20d2-413a-a89a-37aebebbc151: shutdown 077cb259-20d2-413a-a89a-37aebebbc151@group-1ED2AC36BD69-LeaderStateImpl
2023-06-17 14:28:36,531 [077cb259-20d2-413a-a89a-37aebebbc151-impl-thread1] INFO  impl.PendingRequests (PendingRequests.java:sendNotLeaderResponses(289)) - 077cb259-20d2-413a-a89a-37aebebbc151@group-1ED2AC36BD69-PendingRequests: sendNotLeaderResponses
2023-06-17 14:28:36,531 [077cb259-20d2-413a-a89a-37aebebbc151-impl-thread1] INFO  impl.StateMachineUpdater (StateMachineUpdater.java:stopAndJoin(155)) - 077cb259-20d2-413a-a89a-37aebebbc151@group-1ED2AC36BD69-StateMachineUpdater: set stopIndex = 0
2023-06-17 14:28:36,531 [077cb259-20d2-413a-a89a-37aebebbc151@group-1ED2AC36BD69-StateMachineUpdater] INFO  ratis.ContainerStateMachine (ContainerStateMachine.java:takeSnapshot(330)) - group-1ED2AC36BD69: Taking a snapshot at:(t:1, i:0) file /home/runner/work/ozone/ozone/hadoop-ozone/integration-test/target/test-dir/MiniOzoneClusterImpl-8d772b0e-b617-4196-a398-7a8a47ee7084/datanode-2/data/ratis/9a7df78e-0780-44a2-b5db-1ed2ac36bd69/sm/snapshot.1_0
2023-06-17 14:28:36,532 [077cb259-20d2-413a-a89a-37aebebbc151@group-1ED2AC36BD69-StateMachineUpdater] INFO  ratis.ContainerStateMachine (ContainerStateMachine.java:takeSnapshot(341)) - group-1ED2AC36BD69: Finished taking a snapshot at:(t:1, i:0) file:/home/runner/work/ozone/ozone/hadoop-ozone/integration-test/target/test-dir/MiniOzoneClusterImpl-8d772b0e-b617-4196-a398-7a8a47ee7084/datanode-2/data/ratis/9a7df78e-0780-44a2-b5db-1ed2ac36bd69/sm/snapshot.1_0 took: 1 ms
2023-06-17 14:28:36,532 [077cb259-20d2-413a-a89a-37aebebbc151@group-1ED2AC36BD69-StateMachineUpdater] INFO  impl.StateMachineUpdater (StateMachineUpdater.java:takeSnapshot(291)) - 077cb259-20d2-413a-a89a-37aebebbc151@group-1ED2AC36BD69-StateMachineUpdater: Took a snapshot at index 0
2023-06-17 14:28:36,532 [077cb259-20d2-413a-a89a-37aebebbc151@group-1ED2AC36BD69-StateMachineUpdater] INFO  impl.StateMachineUpdater (StateMachineUpdater.java:lambda$new$0(97)) - 077cb259-20d2-413a-a89a-37aebebbc151@group-1ED2AC36BD69-StateMachineUpdater: snapshotIndex: updateIncreasingly -1 -> 0
2023-06-17 14:28:36,533 [077cb259-20d2-413a-a89a-37aebebbc151-impl-thread1] INFO  server.RaftServer$Division (ServerState.java:close(472)) - 077cb259-20d2-413a-a89a-37aebebbc151@group-1ED2AC36BD69: closes. applyIndex: 0
2023-06-17 14:28:36,534 [grpc-default-executor-4] WARN  server.GrpcLogAppender (LogUtils.java:warn(122)) - 077cb259-20d2-413a-a89a-37aebebbc151@group-5CF3AA90D698->d8e5db2f-8a5f-4279-a0a7-2a0e2e29a318-AppendLogResponseHandler: Failed appendEntries: org.apache.ratis.thirdparty.io.grpc.StatusRuntimeException: CANCELLED: RST_STREAM closed stream. HTTP/2 error code: CANCEL
2023-06-17 14:28:36,534 [grpc-default-executor-4] INFO  leader.FollowerInfo (FollowerInfoImpl.java:lambda$new$0(52)) - 077cb259-20d2-413a-a89a-37aebebbc151@group-5CF3AA90D698->d8e5db2f-8a5f-4279-a0a7-2a0e2e29a318: decreaseNextIndex nextIndex: updateUnconditionally 145 -> 144
2023-06-17 14:28:36,534 [grpc-default-executor-6] WARN  server.GrpcServerProtocolService (LogUtils.java:warn(122)) - d8e5db2f-8a5f-4279-a0a7-2a0e2e29a318: APPEND_ENTRIES onError, lastRequest: 077cb259-20d2-413a-a89a-37aebebbc151->d8e5db2f-8a5f-4279-a0a7-2a0e2e29a318#158-t1,previous=(t:1, i:143),leaderCommit=143,initializing? true,entries: size=1, first=(t:1, i:144), METADATAENTRY(c:143): org.apache.ratis.thirdparty.io.grpc.StatusRuntimeException: CANCELLED: client cancelled
2023-06-17 14:28:36,534 [077cb259-20d2-413a-a89a-37aebebbc151-impl-thread2] INFO  server.RaftServer$Division (RaftServerImpl.java:lambda$close$4(466)) - 077cb259-20d2-413a-a89a-37aebebbc151@group-48A1BD7B7B47: shutdown
2023-06-17 14:28:36,535 [ForkJoinPool.commonPool-worker-3] INFO  server.GrpcService (GrpcService.java:closeImpl(311)) - 077cb259-20d2-413a-a89a-37aebebbc151: shutdown server org.apache.ratis.grpc.server.GrpcClientProtocolService now
2023-06-17 14:28:36,535 [077cb259-20d2-413a-a89a-37aebebbc151-impl-thread2] INFO  util.JmxRegister (JmxRegister.java:unregister(73)) - Successfully un-registered JMX Bean with object name Ratis:service=RaftServer,group=group-48A1BD7B7B47,id=077cb259-20d2-413a-a89a-37aebebbc151
2023-06-17 14:28:36,535 [grpc-default-executor-3] WARN  server.GrpcLogAppender (LogUtils.java:warn(122)) - 077cb259-20d2-413a-a89a-37aebebbc151@group-5CF3AA90D698->d8e5db2f-8a5f-4279-a0a7-2a0e2e29a318-AppendLogResponseHandler: Failed appendEntries: org.apache.ratis.thirdparty.io.grpc.StatusRuntimeException: CANCELLED: RST_STREAM closed stream. HTTP/2 error code: CANCEL
2023-06-17 14:28:36,535 [grpc-default-executor-4] WARN  server.GrpcServerProtocolService (LogUtils.java:warn(122)) - d8e5db2f-8a5f-4279-a0a7-2a0e2e29a318: APPEND_ENTRIES onError, lastRequest: null: org.apache.ratis.thirdparty.io.grpc.StatusRuntimeException: CANCELLED: client cancelled
2023-06-17 14:28:36,535 [077cb259-20d2-413a-a89a-37aebebbc151-impl-thread2] INFO  impl.RoleInfo (RoleInfo.java:shutdownFollowerState(110)) - 077cb259-20d2-413a-a89a-37aebebbc151: shutdown 077cb259-20d2-413a-a89a-37aebebbc151@group-48A1BD7B7B47-FollowerState
2023-06-17 14:28:36,535 [grpc-default-executor-3] INFO  leader.FollowerInfo (FollowerInfoImpl.java:lambda$new$0(52)) - 077cb259-20d2-413a-a89a-37aebebbc151@group-5CF3AA90D698->d8e5db2f-8a5f-4279-a0a7-2a0e2e29a318: decreaseNextIndex nextIndex: updateUnconditionally 144 -> 143
2023-06-17 14:28:36,536 [Thread-2353] INFO  server.GrpcServerProtocolClient (GrpcServerProtocolClient.java:close(103)) - 47048eaa-a072-4fd8-9d87-63c2f7da8b3d Close channels
2023-06-17 14:28:36,536 [077cb259-20d2-413a-a89a-37aebebbc151-impl-thread3] INFO  server.RaftServer$Division (RaftServerImpl.java:lambda$close$4(466)) - 077cb259-20d2-413a-a89a-37aebebbc151@group-5CF3AA90D698: shutdown
2023-06-17 14:28:36,536 [077cb259-20d2-413a-a89a-37aebebbc151-impl-thread3] INFO  util.JmxRegister (JmxRegister.java:unregister(73)) - Successfully un-registered JMX Bean with object name Ratis:service=RaftServer,group=group-5CF3AA90D698,id=077cb259-20d2-413a-a89a-37aebebbc151
2023-06-17 14:28:36,536 [077cb259-20d2-413a-a89a-37aebebbc151-impl-thread3] INFO  impl.RoleInfo (RoleInfo.java:shutdownLeaderState(93)) - 077cb259-20d2-413a-a89a-37aebebbc151: shutdown 077cb259-20d2-413a-a89a-37aebebbc151@group-5CF3AA90D698-LeaderStateImpl
2023-06-17 14:28:36,536 [Thread-2354] INFO  server.GrpcServerProtocolClient (GrpcServerProtocolClient.java:close(103)) - d8e5db2f-8a5f-4279-a0a7-2a0e2e29a318 Close channels
2023-06-17 14:28:36,536 [ForkJoinPool.commonPool-worker-3] INFO  server.GrpcService (GrpcService.java:closeImpl(320)) - 077cb259-20d2-413a-a89a-37aebebbc151: shutdown server org.apache.ratis.grpc.server.GrpcClientProtocolService successfully
2023-06-17 14:28:36,536 [ForkJoinPool.commonPool-worker-3] INFO  server.GrpcService (GrpcService.java:closeImpl(311)) - 077cb259-20d2-413a-a89a-37aebebbc151: shutdown server GrpcServerProtocolService now
2023-06-17 14:28:36,538 [ForkJoinPool.commonPool-worker-2] INFO  server.GrpcService (GrpcService.java:closeImpl(320)) - d8e5db2f-8a5f-4279-a0a7-2a0e2e29a318: shutdown server GrpcServerProtocolService successfully
2023-06-17 14:28:36,538 [ForkJoinPool.commonPool-worker-2] INFO  server.GrpcService (GrpcService.java:closeImpl(311)) - d8e5db2f-8a5f-4279-a0a7-2a0e2e29a318: shutdown server org.apache.ratis.grpc.server.GrpcAdminProtocolService now
2023-06-17 14:28:36,539 [077cb259-20d2-413a-a89a-37aebebbc151-impl-thread3] INFO  impl.PendingRequests (PendingRequests.java:sendNotLeaderResponses(289)) - 077cb259-20d2-413a-a89a-37aebebbc151@group-5CF3AA90D698-PendingRequests: sendNotLeaderResponses
2023-06-17 14:28:36,539 [077cb259-20d2-413a-a89a-37aebebbc151@group-5CF3AA90D698->47048eaa-a072-4fd8-9d87-63c2f7da8b3d-GrpcLogAppender-LogAppenderDaemon] WARN  server.GrpcLogAppender (GrpcLogAppender.java:mayWait(199)) - 077cb259-20d2-413a-a89a-37aebebbc151@group-5CF3AA90D698->47048eaa-a072-4fd8-9d87-63c2f7da8b3d-GrpcLogAppender: Wait interrupted by java.lang.InterruptedException
2023-06-17 14:28:36,539 [077cb259-20d2-413a-a89a-37aebebbc151-impl-thread2] INFO  impl.StateMachineUpdater (StateMachineUpdater.java:stopAndJoin(155)) - 077cb259-20d2-413a-a89a-37aebebbc151@group-48A1BD7B7B47-StateMachineUpdater: set stopIndex = 286
2023-06-17 14:28:36,539 [077cb259-20d2-413a-a89a-37aebebbc151@group-48A1BD7B7B47-FollowerState] INFO  impl.FollowerState (FollowerState.java:run(152)) - 077cb259-20d2-413a-a89a-37aebebbc151@group-48A1BD7B7B47-FollowerState was interrupted
2023-06-17 14:28:36,539 [077cb259-20d2-413a-a89a-37aebebbc151@group-5CF3AA90D698->d8e5db2f-8a5f-4279-a0a7-2a0e2e29a318-GrpcLogAppender-LogAppenderDaemon] WARN  server.GrpcLogAppender (GrpcLogAppender.java:mayWait(199)) - 077cb259-20d2-413a-a89a-37aebebbc151@group-5CF3AA90D698->d8e5db2f-8a5f-4279-a0a7-2a0e2e29a318-GrpcLogAppender: Wait interrupted by java.lang.InterruptedException
2023-06-17 14:28:36,539 [077cb259-20d2-413a-a89a-37aebebbc151@group-48A1BD7B7B47-StateMachineUpdater] INFO  ratis.ContainerStateMachine (ContainerStateMachine.java:takeSnapshot(330)) - group-48A1BD7B7B47: Taking a snapshot at:(t:1, i:286) file /home/runner/work/ozone/ozone/hadoop-ozone/integration-test/target/test-dir/MiniOzoneClusterImpl-8d772b0e-b617-4196-a398-7a8a47ee7084/datanode-2/data/ratis/a2919bfd-34c8-410d-96d9-48a1bd7b7b47/sm/snapshot.1_286
2023-06-17 14:28:36,547 [ForkJoinPool.commonPool-worker-3] INFO  server.GrpcService (GrpcService.java:closeImpl(320)) - 077cb259-20d2-413a-a89a-37aebebbc151: shutdown server GrpcServerProtocolService successfully
2023-06-17 14:28:36,547 [ForkJoinPool.commonPool-worker-3] INFO  server.GrpcService (GrpcService.java:closeImpl(311)) - 077cb259-20d2-413a-a89a-37aebebbc151: shutdown server org.apache.ratis.grpc.server.GrpcAdminProtocolService now
2023-06-17 14:28:36,552 [077cb259-20d2-413a-a89a-37aebebbc151-impl-thread3] INFO  impl.StateMachineUpdater (StateMachineUpdater.java:stopAndJoin(155)) - 077cb259-20d2-413a-a89a-37aebebbc151@group-5CF3AA90D698-StateMachineUpdater: set stopIndex = 144
2023-06-17 14:28:36,552 [077cb259-20d2-413a-a89a-37aebebbc151@group-5CF3AA90D698-StateMachineUpdater] INFO  ratis.ContainerStateMachine (ContainerStateMachine.java:takeSnapshot(330)) - group-5CF3AA90D698: Taking a snapshot at:(t:1, i:144) file /home/runner/work/ozone/ozone/hadoop-ozone/integration-test/target/test-dir/MiniOzoneClusterImpl-8d772b0e-b617-4196-a398-7a8a47ee7084/datanode-2/data/ratis/ce281716-1701-4aca-b3c1-5cf3aa90d698/sm/snapshot.1_144
2023-06-17 14:28:36,552 [077cb259-20d2-413a-a89a-37aebebbc151@group-5CF3AA90D698-StateMachineUpdater] INFO  ratis.ContainerStateMachine (ContainerStateMachine.java:takeSnapshot(341)) - group-5CF3AA90D698: Finished taking a snapshot at:(t:1, i:144) file:/home/runner/work/ozone/ozone/hadoop-ozone/integration-test/target/test-dir/MiniOzoneClusterImpl-8d772b0e-b617-4196-a398-7a8a47ee7084/datanode-2/data/ratis/ce281716-1701-4aca-b3c1-5cf3aa90d698/sm/snapshot.1_144 took: 1 ms
2023-06-17 14:28:36,553 [077cb259-20d2-413a-a89a-37aebebbc151@group-5CF3AA90D698-StateMachineUpdater] INFO  impl.StateMachineUpdater (StateMachineUpdater.java:takeSnapshot(291)) - 077cb259-20d2-413a-a89a-37aebebbc151@group-5CF3AA90D698-StateMachineUpdater: Took a snapshot at index 144
2023-06-17 14:28:36,553 [077cb259-20d2-413a-a89a-37aebebbc151@group-5CF3AA90D698-StateMachineUpdater] INFO  impl.StateMachineUpdater (StateMachineUpdater.java:lambda$new$0(97)) - 077cb259-20d2-413a-a89a-37aebebbc151@group-5CF3AA90D698-StateMachineUpdater: snapshotIndex: updateIncreasingly -1 -> 144
2023-06-17 14:28:36,553 [077cb259-20d2-413a-a89a-37aebebbc151-impl-thread3] INFO  server.RaftServer$Division (ServerState.java:close(472)) - 077cb259-20d2-413a-a89a-37aebebbc151@group-5CF3AA90D698: closes. applyIndex: 144
2023-06-17 14:28:36,553 [d8e5db2f-8a5f-4279-a0a7-2a0e2e29a318-impl-thread1] INFO  segmented.SegmentedRaftLogWorker (SegmentedRaftLogWorker.java:close(252)) - d8e5db2f-8a5f-4279-a0a7-2a0e2e29a318@group-6AD0A22BF8E3-SegmentedRaftLogWorker close()
2023-06-17 14:28:36,554 [077cb259-20d2-413a-a89a-37aebebbc151@group-48A1BD7B7B47-StateMachineUpdater] INFO  ratis.ContainerStateMachine (ContainerStateMachine.java:takeSnapshot(341)) - group-48A1BD7B7B47: Finished taking a snapshot at:(t:1, i:286) file:/home/runner/work/ozone/ozone/hadoop-ozone/integration-test/target/test-dir/MiniOzoneClusterImpl-8d772b0e-b617-4196-a398-7a8a47ee7084/datanode-2/data/ratis/a2919bfd-34c8-410d-96d9-48a1bd7b7b47/sm/snapshot.1_286 took: 14 ms
2023-06-17 14:28:36,554 [077cb259-20d2-413a-a89a-37aebebbc151-impl-thread1] INFO  segmented.SegmentedRaftLogWorker (SegmentedRaftLogWorker.java:close(252)) - 077cb259-20d2-413a-a89a-37aebebbc151@group-1ED2AC36BD69-SegmentedRaftLogWorker close()
2023-06-17 14:28:36,554 [077cb259-20d2-413a-a89a-37aebebbc151@group-48A1BD7B7B47-StateMachineUpdater] INFO  impl.StateMachineUpdater (StateMachineUpdater.java:takeSnapshot(291)) - 077cb259-20d2-413a-a89a-37aebebbc151@group-48A1BD7B7B47-StateMachineUpdater: Took a snapshot at index 286
2023-06-17 14:28:36,554 [077cb259-20d2-413a-a89a-37aebebbc151@group-48A1BD7B7B47-StateMachineUpdater] INFO  impl.StateMachineUpdater (StateMachineUpdater.java:lambda$new$0(97)) - 077cb259-20d2-413a-a89a-37aebebbc151@group-48A1BD7B7B47-StateMachineUpdater: snapshotIndex: updateIncreasingly -1 -> 286
2023-06-17 14:28:36,554 [077cb259-20d2-413a-a89a-37aebebbc151-impl-thread2] INFO  server.RaftServer$Division (ServerState.java:close(472)) - 077cb259-20d2-413a-a89a-37aebebbc151@group-48A1BD7B7B47: closes. applyIndex: 286
2023-06-17 14:28:36,560 [ForkJoinPool.commonPool-worker-2] INFO  server.GrpcService (GrpcService.java:closeImpl(320)) - d8e5db2f-8a5f-4279-a0a7-2a0e2e29a318: shutdown server org.apache.ratis.grpc.server.GrpcAdminProtocolService successfully
2023-06-17 14:28:36,560 [d8e5db2f-8a5f-4279-a0a7-2a0e2e29a318-NettyServerStreamRpc-bossGroup--thread1] INFO  logging.LoggingHandler (AbstractInternalLogger.java:log(148)) - [id: 0x799827b1, L:/0:0:0:0:0:0:0:0:15085] CLOSE
2023-06-17 14:28:36,560 [d8e5db2f-8a5f-4279-a0a7-2a0e2e29a318-NettyServerStreamRpc-bossGroup--thread1] INFO  logging.LoggingHandler (AbstractInternalLogger.java:log(148)) - [id: 0x799827b1, L:/0:0:0:0:0:0:0:0:15085] INACTIVE
2023-06-17 14:28:36,560 [d8e5db2f-8a5f-4279-a0a7-2a0e2e29a318-NettyServerStreamRpc-bossGroup--thread1] INFO  logging.LoggingHandler (AbstractInternalLogger.java:log(148)) - [id: 0x799827b1, L:/0:0:0:0:0:0:0:0:15085] UNREGISTERED
2023-06-17 14:28:36,562 [ForkJoinPool.commonPool-worker-3] INFO  server.GrpcService (GrpcService.java:closeImpl(320)) - 077cb259-20d2-413a-a89a-37aebebbc151: shutdown server org.apache.ratis.grpc.server.GrpcAdminProtocolService successfully
2023-06-17 14:28:36,571 [077cb259-20d2-413a-a89a-37aebebbc151-NettyServerStreamRpc-bossGroup--thread1] INFO  logging.LoggingHandler (AbstractInternalLogger.java:log(148)) - [id: 0x619a338c, L:/0:0:0:0:0:0:0:0:15103] CLOSE
2023-06-17 14:28:36,571 [077cb259-20d2-413a-a89a-37aebebbc151-NettyServerStreamRpc-bossGroup--thread1] INFO  logging.LoggingHandler (AbstractInternalLogger.java:log(148)) - [id: 0x619a338c, L:/0:0:0:0:0:0:0:0:15103] INACTIVE
2023-06-17 14:28:36,571 [077cb259-20d2-413a-a89a-37aebebbc151-NettyServerStreamRpc-bossGroup--thread1] INFO  logging.LoggingHandler (AbstractInternalLogger.java:log(148)) - [id: 0x619a338c, L:/0:0:0:0:0:0:0:0:15103] UNREGISTERED
2023-06-17 14:28:36,573 [d8e5db2f-8a5f-4279-a0a7-2a0e2e29a318-impl-thread2] INFO  segmented.SegmentedRaftLogWorker (SegmentedRaftLogWorker.java:close(252)) - d8e5db2f-8a5f-4279-a0a7-2a0e2e29a318@group-48A1BD7B7B47-SegmentedRaftLogWorker close()
2023-06-17 14:28:36,586 [47048eaa-a072-4fd8-9d87-63c2f7da8b3d-impl-thread2] INFO  segmented.SegmentedRaftLogWorker (SegmentedRaftLogWorker.java:close(252)) - 47048eaa-a072-4fd8-9d87-63c2f7da8b3d@group-48A1BD7B7B47-SegmentedRaftLogWorker close()
2023-06-17 14:28:36,588 [077cb259-20d2-413a-a89a-37aebebbc151-impl-thread2] INFO  segmented.SegmentedRaftLogWorker (SegmentedRaftLogWorker.java:close(252)) - 077cb259-20d2-413a-a89a-37aebebbc151@group-48A1BD7B7B47-SegmentedRaftLogWorker close()
2023-06-17 14:28:36,834 [47048eaa-a072-4fd8-9d87-63c2f7da8b3d-impl-thread1] INFO  segmented.SegmentedRaftLogWorker (SegmentedRaftLogWorker.java:close(252)) - 47048eaa-a072-4fd8-9d87-63c2f7da8b3d@group-D867A173262D-SegmentedRaftLogWorker close()
2023-06-17 14:28:37,382 [077cb259-20d2-413a-a89a-37aebebbc151-impl-thread3] INFO  segmented.SegmentedRaftLogWorker (SegmentedRaftLogWorker.java:close(252)) - 077cb259-20d2-413a-a89a-37aebebbc151@group-5CF3AA90D698-SegmentedRaftLogWorker close()
2023-06-17 14:28:37,383 [JvmPauseMonitor14] INFO  util.JvmPauseMonitor (JvmPauseMonitor.java:run(109)) - JvmPauseMonitor-077cb259-20d2-413a-a89a-37aebebbc151: Stopped
2023-06-17 14:28:37,394 [47048eaa-a072-4fd8-9d87-63c2f7da8b3d-impl-thread3] INFO  segmented.SegmentedRaftLogWorker (SegmentedRaftLogWorker.java:close(252)) - 47048eaa-a072-4fd8-9d87-63c2f7da8b3d@group-5CF3AA90D698-SegmentedRaftLogWorker close()
2023-06-17 14:28:37,395 [JvmPauseMonitor13] INFO  util.JvmPauseMonitor (JvmPauseMonitor.java:run(109)) - JvmPauseMonitor-47048eaa-a072-4fd8-9d87-63c2f7da8b3d: Stopped
2023-06-17 14:28:37,401 [d8e5db2f-8a5f-4279-a0a7-2a0e2e29a318-impl-thread3] INFO  segmented.SegmentedRaftLogWorker (SegmentedRaftLogWorker.java:close(252)) - d8e5db2f-8a5f-4279-a0a7-2a0e2e29a318@group-5CF3AA90D698-SegmentedRaftLogWorker close()
2023-06-17 14:28:37,402 [JvmPauseMonitor12] INFO  util.JvmPauseMonitor (JvmPauseMonitor.java:run(109)) - JvmPauseMonitor-d8e5db2f-8a5f-4279-a0a7-2a0e2e29a318: Stopped
2023-06-17 14:28:39,393 [ForkJoinPool.commonPool-worker-3] INFO  utils.DatanodeStoreCache (DatanodeStoreCache.java:shutdownCache(110)) - Skip clearing cache in mini cluster mode. Entries left: [/home/runner/work/ozone/ozone/hadoop-ozone/integration-test/target/test-dir/MiniOzoneClusterImpl-8d772b0e-b617-4196-a398-7a8a47ee7084/datanode-0/data-0/containers/hdds/8d772b0e-b617-4196-a398-7a8a47ee7084/DS-a4154b1d-978d-44e6-93a1-e82a28df0f5d/container.db, /home/runner/work/ozone/ozone/hadoop-ozone/integration-test/target/test-dir/MiniOzoneClusterImpl-8d772b0e-b617-4196-a398-7a8a47ee7084/datanode-1/data-0/containers/hdds/8d772b0e-b617-4196-a398-7a8a47ee7084/DS-cbfed412-f049-4f4f-ae80-293180acecb4/container.db, /home/runner/work/ozone/ozone/hadoop-ozone/integration-test/target/test-dir/MiniOzoneClusterImpl-8d772b0e-b617-4196-a398-7a8a47ee7084/datanode-2/data-0/containers/hdds/8d772b0e-b617-4196-a398-7a8a47ee7084/DS-a5d69628-a747-4498-8155-5b2fcfa22db6/container.db]
2023-06-17 14:28:39,398 [ForkJoinPool.commonPool-worker-3] INFO  utils.DatanodeStoreCache (DatanodeStoreCache.java:removeDB(104)) - Removed db /home/runner/work/ozone/ozone/hadoop-ozone/integration-test/target/test-dir/MiniOzoneClusterImpl-8d772b0e-b617-4196-a398-7a8a47ee7084/datanode-2/data-0/containers/hdds/8d772b0e-b617-4196-a398-7a8a47ee7084/DS-a5d69628-a747-4498-8155-5b2fcfa22db6/container.db from cache
2023-06-17 14:28:39,398 [ForkJoinPool.commonPool-worker-3] INFO  volume.HddsVolume (HddsVolume.java:closeDbStore(437)) - SchemaV3 db is stopped at /home/runner/work/ozone/ozone/hadoop-ozone/integration-test/target/test-dir/MiniOzoneClusterImpl-8d772b0e-b617-4196-a398-7a8a47ee7084/datanode-2/data-0/containers/hdds/8d772b0e-b617-4196-a398-7a8a47ee7084/DS-a5d69628-a747-4498-8155-5b2fcfa22db6/container.db for volume DS-a5d69628-a747-4498-8155-5b2fcfa22db6
2023-06-17 14:28:39,400 [ForkJoinPool.commonPool-worker-3] INFO  utils.BackgroundService (BackgroundService.java:shutdown(141)) - Shutting down service BlockDeletingService
2023-06-17 14:28:39,400 [main] INFO  utils.DatanodeStoreCache (DatanodeStoreCache.java:shutdownCache(110)) - Skip clearing cache in mini cluster mode. Entries left: [/home/runner/work/ozone/ozone/hadoop-ozone/integration-test/target/test-dir/MiniOzoneClusterImpl-8d772b0e-b617-4196-a398-7a8a47ee7084/datanode-0/data-0/containers/hdds/8d772b0e-b617-4196-a398-7a8a47ee7084/DS-a4154b1d-978d-44e6-93a1-e82a28df0f5d/container.db, /home/runner/work/ozone/ozone/hadoop-ozone/integration-test/target/test-dir/MiniOzoneClusterImpl-8d772b0e-b617-4196-a398-7a8a47ee7084/datanode-1/data-0/containers/hdds/8d772b0e-b617-4196-a398-7a8a47ee7084/DS-cbfed412-f049-4f4f-ae80-293180acecb4/container.db]
2023-06-17 14:28:39,402 [ForkJoinPool.commonPool-worker-3] INFO  utils.BackgroundService (BackgroundService.java:shutdown(141)) - Shutting down service StaleRecoveringContainerScrubbingService
2023-06-17 14:28:39,404 [main] INFO  utils.DatanodeStoreCache (DatanodeStoreCache.java:removeDB(104)) - Removed db /home/runner/work/ozone/ozone/hadoop-ozone/integration-test/target/test-dir/MiniOzoneClusterImpl-8d772b0e-b617-4196-a398-7a8a47ee7084/datanode-1/data-0/containers/hdds/8d772b0e-b617-4196-a398-7a8a47ee7084/DS-cbfed412-f049-4f4f-ae80-293180acecb4/container.db from cache
2023-06-17 14:28:39,405 [main] INFO  volume.HddsVolume (HddsVolume.java:closeDbStore(437)) - SchemaV3 db is stopped at /home/runner/work/ozone/ozone/hadoop-ozone/integration-test/target/test-dir/MiniOzoneClusterImpl-8d772b0e-b617-4196-a398-7a8a47ee7084/datanode-1/data-0/containers/hdds/8d772b0e-b617-4196-a398-7a8a47ee7084/DS-cbfed412-f049-4f4f-ae80-293180acecb4/container.db for volume DS-cbfed412-f049-4f4f-ae80-293180acecb4
2023-06-17 14:28:39,405 [main] INFO  utils.BackgroundService (BackgroundService.java:shutdown(141)) - Shutting down service BlockDeletingService
2023-06-17 14:28:39,404 [ForkJoinPool.commonPool-worker-3] INFO  statemachine.DatanodeStateMachine (DatanodeStateMachine.java:stopDaemon(613)) - Ozone container server stopped.
2023-06-17 14:28:39,405 [main] INFO  utils.BackgroundService (BackgroundService.java:shutdown(141)) - Shutting down service StaleRecoveringContainerScrubbingService
2023-06-17 14:28:39,406 [ForkJoinPool.commonPool-worker-2] INFO  utils.DatanodeStoreCache (DatanodeStoreCache.java:shutdownCache(110)) - Skip clearing cache in mini cluster mode. Entries left: [/home/runner/work/ozone/ozone/hadoop-ozone/integration-test/target/test-dir/MiniOzoneClusterImpl-8d772b0e-b617-4196-a398-7a8a47ee7084/datanode-0/data-0/containers/hdds/8d772b0e-b617-4196-a398-7a8a47ee7084/DS-a4154b1d-978d-44e6-93a1-e82a28df0f5d/container.db]
2023-06-17 14:28:39,417 [ForkJoinPool.commonPool-worker-2] INFO  utils.DatanodeStoreCache (DatanodeStoreCache.java:removeDB(104)) - Removed db /home/runner/work/ozone/ozone/hadoop-ozone/integration-test/target/test-dir/MiniOzoneClusterImpl-8d772b0e-b617-4196-a398-7a8a47ee7084/datanode-0/data-0/containers/hdds/8d772b0e-b617-4196-a398-7a8a47ee7084/DS-a4154b1d-978d-44e6-93a1-e82a28df0f5d/container.db from cache
2023-06-17 14:28:39,417 [ForkJoinPool.commonPool-worker-2] INFO  volume.HddsVolume (HddsVolume.java:closeDbStore(437)) - SchemaV3 db is stopped at /home/runner/work/ozone/ozone/hadoop-ozone/integration-test/target/test-dir/MiniOzoneClusterImpl-8d772b0e-b617-4196-a398-7a8a47ee7084/datanode-0/data-0/containers/hdds/8d772b0e-b617-4196-a398-7a8a47ee7084/DS-a4154b1d-978d-44e6-93a1-e82a28df0f5d/container.db for volume DS-a4154b1d-978d-44e6-93a1-e82a28df0f5d
2023-06-17 14:28:39,417 [main] INFO  statemachine.DatanodeStateMachine (DatanodeStateMachine.java:stopDaemon(613)) - Ozone container server stopped.
2023-06-17 14:28:39,424 [ForkJoinPool.commonPool-worker-2] INFO  utils.BackgroundService (BackgroundService.java:shutdown(141)) - Shutting down service BlockDeletingService
2023-06-17 14:28:39,424 [ForkJoinPool.commonPool-worker-3] INFO  handler.ContextHandler (ContextHandler.java:doStop(1159)) - Stopped o.e.j.w.WebAppContext@407d9fcd{hddsDatanode,/,null,STOPPED}{jar:file:/home/runner/.m2/repository/org/apache/ozone/hdds-container-service/1.4.0-SNAPSHOT/hdds-container-service-1.4.0-SNAPSHOT.jar!/webapps/hddsDatanode}
2023-06-17 14:28:39,425 [ForkJoinPool.commonPool-worker-2] INFO  utils.BackgroundService (BackgroundService.java:shutdown(141)) - Shutting down service StaleRecoveringContainerScrubbingService
2023-06-17 14:28:39,425 [ForkJoinPool.commonPool-worker-3] INFO  server.AbstractConnector (AbstractConnector.java:doStop(383)) - Stopped ServerConnector@6e28f079{HTTP/1.1, (http/1.1)}{0.0.0.0:15097}
2023-06-17 14:28:39,426 [ForkJoinPool.commonPool-worker-2] INFO  statemachine.DatanodeStateMachine (DatanodeStateMachine.java:stopDaemon(613)) - Ozone container server stopped.
2023-06-17 14:28:39,426 [ForkJoinPool.commonPool-worker-3] INFO  server.session (HouseKeeper.java:stopScavenging(149)) - node0 Stopped scavenging
2023-06-17 14:28:39,428 [ForkJoinPool.commonPool-worker-3] INFO  handler.ContextHandler (ContextHandler.java:doStop(1159)) - Stopped o.e.j.s.ServletContextHandler@11a44b24{static,/static,jar:file:/home/runner/.m2/repository/org/apache/ozone/hdds-container-service/1.4.0-SNAPSHOT/hdds-container-service-1.4.0-SNAPSHOT.jar!/webapps/static,STOPPED}
2023-06-17 14:28:39,430 [ForkJoinPool.commonPool-worker-3] INFO  handler.ContextHandler (ContextHandler.java:doStop(1159)) - Stopped o.e.j.s.ServletContextHandler@47d91a2d{logs,/logs,file:///home/runner/work/ozone/ozone/hadoop-ozone/integration-test/target/log,STOPPED}
2023-06-17 14:28:39,434 [ForkJoinPool.commonPool-worker-3] INFO  ozone.HddsDatanodeClientProtocolServer (HddsDatanodeClientProtocolServer.java:stop(78)) - Stopping the RPC server for Client Protocol
2023-06-17 14:28:39,435 [ForkJoinPool.commonPool-worker-3] INFO  ipc.Server (Server.java:stop(3501)) - Stopping server on 15098
2023-06-17 14:28:39,442 [IPC Server listener on 15098] INFO  ipc.Server (Server.java:run(1430)) - Stopping IPC Server listener on 15098
2023-06-17 14:28:39,443 [IPC Server Responder] INFO  ipc.Server (Server.java:run(1563)) - Stopping IPC Server Responder
2023-06-17 14:28:39,453 [main] INFO  handler.ContextHandler (ContextHandler.java:doStop(1159)) - Stopped o.e.j.w.WebAppContext@1634c79c{hddsDatanode,/,null,STOPPED}{jar:file:/home/runner/.m2/repository/org/apache/ozone/hdds-container-service/1.4.0-SNAPSHOT/hdds-container-service-1.4.0-SNAPSHOT.jar!/webapps/hddsDatanode}
2023-06-17 14:28:39,454 [main] INFO  server.AbstractConnector (AbstractConnector.java:doStop(383)) - Stopped ServerConnector@fb7e773{HTTP/1.1, (http/1.1)}{0.0.0.0:15088}
2023-06-17 14:28:39,455 [main] INFO  server.session (HouseKeeper.java:stopScavenging(149)) - node0 Stopped scavenging
2023-06-17 14:28:39,455 [main] INFO  handler.ContextHandler (ContextHandler.java:doStop(1159)) - Stopped o.e.j.s.ServletContextHandler@1f5ac2c2{static,/static,jar:file:/home/runner/.m2/repository/org/apache/ozone/hdds-container-service/1.4.0-SNAPSHOT/hdds-container-service-1.4.0-SNAPSHOT.jar!/webapps/static,STOPPED}
2023-06-17 14:28:39,456 [main] INFO  handler.ContextHandler (ContextHandler.java:doStop(1159)) - Stopped o.e.j.s.ServletContextHandler@243ebbbe{logs,/logs,file:///home/runner/work/ozone/ozone/hadoop-ozone/integration-test/target/log,STOPPED}
2023-06-17 14:28:39,458 [ForkJoinPool.commonPool-worker-2] INFO  handler.ContextHandler (ContextHandler.java:doStop(1159)) - Stopped o.e.j.w.WebAppContext@5860fa7e{hddsDatanode,/,null,STOPPED}{jar:file:/home/runner/.m2/repository/org/apache/ozone/hdds-container-service/1.4.0-SNAPSHOT/hdds-container-service-1.4.0-SNAPSHOT.jar!/webapps/hddsDatanode}
2023-06-17 14:28:39,458 [ForkJoinPool.commonPool-worker-2] INFO  server.AbstractConnector (AbstractConnector.java:doStop(383)) - Stopped ServerConnector@7ffa145a{HTTP/1.1, (http/1.1)}{0.0.0.0:15079}
2023-06-17 14:28:39,458 [ForkJoinPool.commonPool-worker-2] INFO  server.session (HouseKeeper.java:stopScavenging(149)) - node0 Stopped scavenging
2023-06-17 14:28:39,459 [main] INFO  ozone.HddsDatanodeClientProtocolServer (HddsDatanodeClientProtocolServer.java:stop(78)) - Stopping the RPC server for Client Protocol
2023-06-17 14:28:39,459 [main] INFO  ipc.Server (Server.java:stop(3501)) - Stopping server on 15089
2023-06-17 14:28:39,461 [ForkJoinPool.commonPool-worker-2] INFO  handler.ContextHandler (ContextHandler.java:doStop(1159)) - Stopped o.e.j.s.ServletContextHandler@2e872974{static,/static,jar:file:/home/runner/.m2/repository/org/apache/ozone/hdds-container-service/1.4.0-SNAPSHOT/hdds-container-service-1.4.0-SNAPSHOT.jar!/webapps/static,STOPPED}
2023-06-17 14:28:39,461 [IPC Server listener on 15089] INFO  ipc.Server (Server.java:run(1430)) - Stopping IPC Server listener on 15089
2023-06-17 14:28:39,461 [ForkJoinPool.commonPool-worker-2] INFO  handler.ContextHandler (ContextHandler.java:doStop(1159)) - Stopped o.e.j.s.ServletContextHandler@75b8a37e{logs,/logs,file:///home/runner/work/ozone/ozone/hadoop-ozone/integration-test/target/log,STOPPED}
2023-06-17 14:28:39,461 [IPC Server Responder] INFO  ipc.Server (Server.java:run(1563)) - Stopping IPC Server Responder
2023-06-17 14:28:39,464 [ForkJoinPool.commonPool-worker-2] INFO  ozone.HddsDatanodeClientProtocolServer (HddsDatanodeClientProtocolServer.java:stop(78)) - Stopping the RPC server for Client Protocol
2023-06-17 14:28:39,465 [ForkJoinPool.commonPool-worker-2] INFO  ipc.Server (Server.java:stop(3501)) - Stopping server on 15080
2023-06-17 14:28:39,466 [IPC Server listener on 15080] INFO  ipc.Server (Server.java:run(1430)) - Stopping IPC Server listener on 15080
2023-06-17 14:28:39,468 [IPC Server Responder] INFO  ipc.Server (Server.java:run(1563)) - Stopping IPC Server Responder
2023-06-17 14:28:39,469 [main] INFO  ozone.MiniOzoneClusterImpl (MiniOzoneClusterImpl.java:stopSCM(544)) - Stopping the StorageContainerManager
2023-06-17 14:28:39,469 [main] INFO  server.StorageContainerManager (StorageContainerManager.java:stop(1584)) - Container Balancer is not running.
2023-06-17 14:28:39,470 [main] INFO  server.StorageContainerManager (StorageContainerManager.java:stopReplicationManager(1717)) - Stopping Replication Manager Service.
2023-06-17 14:28:39,470 [main] INFO  replication.ReplicationManager (ReplicationManager.java:stop(319)) - Stopping Replication Monitor Thread.
2023-06-17 14:28:39,470 [Under Replicated Processor] WARN  replication.UnhealthyReplicationProcessor (UnhealthyReplicationProcessor.java:run(178)) - Under Replicated Processor interrupted. Exiting...
2023-06-17 14:28:39,470 [main] INFO  server.StorageContainerManager (StorageContainerManager.java:stop(1593)) - Stopping the Datanode Admin Monitor.
2023-06-17 14:28:39,470 [ReplicationMonitor] INFO  replication.ReplicationManager (ReplicationManager.java:run(918)) - Replication Monitor Thread is stopped
2023-06-17 14:28:39,470 [Over Replicated Processor] WARN  replication.UnhealthyReplicationProcessor (UnhealthyReplicationProcessor.java:run(178)) - Over Replicated Processor interrupted. Exiting...
2023-06-17 14:28:39,470 [main] INFO  server.StorageContainerManager (StorageContainerManager.java:stop(1600)) - Stopping datanode service RPC server
2023-06-17 14:28:39,471 [main] INFO  server.SCMDatanodeProtocolServer (SCMDatanodeProtocolServer.java:stop(424)) - Stopping the RPC server for DataNodes
2023-06-17 14:28:39,471 [main] INFO  ipc.Server (Server.java:stop(3501)) - Stopping server on 15072
2023-06-17 14:28:39,472 [IPC Server listener on 15072] INFO  ipc.Server (Server.java:run(1430)) - Stopping IPC Server listener on 15072
2023-06-17 14:28:39,474 [IPC Server Responder] INFO  ipc.Server (Server.java:run(1563)) - Stopping IPC Server Responder
2023-06-17 14:28:39,576 [SCM Heartbeat Processing Thread - 0] WARN  node.NodeStateManager (NodeStateManager.java:scheduleNextHealthCheck(870)) - Current Thread is interrupted, shutting down HB processing thread for Node Manager.
2023-06-17 14:28:39,576 [main] INFO  server.StorageContainerManager (StorageContainerManager.java:stop(1608)) - Stopping block service RPC server
2023-06-17 14:28:39,576 [main] INFO  server.SCMBlockProtocolServer (SCMBlockProtocolServer.java:stop(161)) - Stopping the RPC server for Block Protocol
2023-06-17 14:28:39,576 [main] INFO  ipc.Server (Server.java:stop(3501)) - Stopping server on 15071
2023-06-17 14:28:39,578 [IPC Server Responder] INFO  ipc.Server (Server.java:run(1563)) - Stopping IPC Server Responder
2023-06-17 14:28:39,578 [main] INFO  server.StorageContainerManager (StorageContainerManager.java:stop(1615)) - Stopping the StorageContainerLocationProtocol RPC server
2023-06-17 14:28:39,579 [main] INFO  server.SCMClientProtocolServer (SCMClientProtocolServer.java:stop(210)) - Stopping the RPC server for Client Protocol
2023-06-17 14:28:39,579 [main] INFO  ipc.Server (Server.java:stop(3501)) - Stopping server on 15070
2023-06-17 14:28:39,578 [IPC Server listener on 15071] INFO  ipc.Server (Server.java:run(1430)) - Stopping IPC Server listener on 15071
2023-06-17 14:28:39,580 [IPC Server listener on 15070] INFO  ipc.Server (Server.java:run(1430)) - Stopping IPC Server listener on 15070
2023-06-17 14:28:39,582 [IPC Server Responder] INFO  ipc.Server (Server.java:run(1563)) - Stopping IPC Server Responder
2023-06-17 14:28:39,582 [main] INFO  server.StorageContainerManager (StorageContainerManager.java:stop(1622)) - Stopping Storage Container Manager HTTP server.
2023-06-17 14:28:39,583 [main] INFO  handler.ContextHandler (ContextHandler.java:doStop(1159)) - Stopped o.e.j.w.WebAppContext@6102a05e{scm,/,null,STOPPED}{file:/home/runner/work/ozone/ozone/hadoop-ozone/integration-test/target/test-classes/webapps/scm}
2023-06-17 14:28:39,583 [main] INFO  server.AbstractConnector (AbstractConnector.java:doStop(383)) - Stopped ServerConnector@2f787374{HTTP/1.1, (http/1.1)}{0.0.0.0:15073}
2023-06-17 14:28:39,584 [main] INFO  server.session (HouseKeeper.java:stopScavenging(149)) - node0 Stopped scavenging
2023-06-17 14:28:39,584 [main] INFO  handler.ContextHandler (ContextHandler.java:doStop(1159)) - Stopped o.e.j.s.ServletContextHandler@1b4b7aa5{static,/static,file:///home/runner/work/ozone/ozone/hadoop-ozone/integration-test/target/test-classes/webapps/static,STOPPED}
2023-06-17 14:28:39,584 [main] INFO  handler.ContextHandler (ContextHandler.java:doStop(1159)) - Stopped o.e.j.s.ServletContextHandler@1b844e16{logs,/logs,file:///home/runner/work/ozone/ozone/hadoop-ozone/integration-test/target/log,STOPPED}
2023-06-17 14:28:39,585 [main] INFO  server.StorageContainerManager (StorageContainerManager.java:stop(1630)) - Stopping SCM LayoutVersionManager Service.
2023-06-17 14:28:39,585 [main] INFO  server.StorageContainerManager (StorageContainerManager.java:stop(1642)) - Stopping Block Manager Service.
2023-06-17 14:28:39,585 [main] INFO  utils.BackgroundService (BackgroundService.java:shutdown(141)) - Shutting down service SCMBlockDeletingService
2023-06-17 14:28:39,585 [main] INFO  utils.BackgroundService (BackgroundService.java:shutdown(141)) - Shutting down service SCMBlockDeletingService
2023-06-17 14:28:39,585 [main] INFO  server.StorageContainerManager (StorageContainerManager.java:stop(1662)) - Stopping SCM Event Queue.
2023-06-17 14:28:39,587 [JvmPauseMonitor10] INFO  util.JvmPauseMonitor (JvmPauseMonitor.java:run(109)) - JvmPauseMonitor-cc72a6d8-2bcc-42fe-bed9-8d327035db36: Stopped
2023-06-17 14:28:39,587 [main] INFO  server.StorageContainerManager (StorageContainerManager.java:stop(1673)) - Stopping SCM HA services.
2023-06-17 14:28:39,587 [main] INFO  pipeline.BackgroundPipelineCreator (BackgroundPipelineCreator.java:stop(149)) - Stopping RatisPipelineUtilsThread.
2023-06-17 14:28:39,587 [RatisPipelineUtilsThread - 0] WARN  pipeline.BackgroundPipelineCreator (BackgroundPipelineCreator.java:run(180)) - RatisPipelineUtilsThread is interrupted.
2023-06-17 14:28:39,588 [BackgroundPipelineScrubberThread] WARN  BackgroundPipelineScrubber (BackgroundSCMService.java:run(115)) - BackgroundPipelineScrubber is interrupted, exit
2023-06-17 14:28:39,588 [main] INFO  BackgroundPipelineScrubber (BackgroundSCMService.java:stop(131)) - Stopping BackgroundPipelineScrubber Service.
2023-06-17 14:28:39,588 [main] INFO  impl.MetricsSystemImpl (MetricsSystemImpl.java:stop(210)) - Stopping HddsDatanode metrics system...
2023-06-17 14:28:39,590 [prometheus] INFO  impl.MetricsSinkAdapter (MetricsSinkAdapter.java:publishMetricsFromQueue(141)) - prometheus thread interrupted.
2023-06-17 14:28:39,591 [main] INFO  impl.MetricsSystemImpl (MetricsSystemImpl.java:stop(216)) - HddsDatanode metrics system stopped.
2023-06-17 14:28:39,591 [main] WARN  pipeline.BackgroundPipelineCreator (BackgroundPipelineCreator.java:stop(145)) - RatisPipelineUtilsThread is not running, just ignore.
2023-06-17 14:28:39,591 [main] INFO  BackgroundPipelineScrubber (BackgroundSCMService.java:stop(126)) - BackgroundPipelineScrubber Service is not running, skip stop.
2023-06-17 14:28:39,591 [main] INFO  ExpiredContainerReplicaOpScrubber (BackgroundSCMService.java:stop(131)) - Stopping ExpiredContainerReplicaOpScrubber Service.
2023-06-17 14:28:39,591 [ExpiredContainerReplicaOpScrubberThread] WARN  ExpiredContainerReplicaOpScrubber (BackgroundSCMService.java:run(115)) - ExpiredContainerReplicaOpScrubber is interrupted, exit
2023-06-17 14:28:39,592 [main] INFO  utils.BackgroundService (BackgroundService.java:shutdown(141)) - Shutting down service SCMBlockDeletingService
2023-06-17 14:28:39,592 [main] INFO  replication.ReplicationManager (ReplicationManager.java:stop(329)) - Replication Monitor Thread is not running.
2023-06-17 14:28:39,592 [main] WARN  balancer.ContainerBalancer (ContainerBalancer.java:stop(328)) - Cannot stop Container Balancer because it's not running or stopping
2023-06-17 14:28:39,592 [Lease Manager-LeaseManager#LeaseMonitor] WARN  lease.LeaseManager (LeaseManager.java:run(272)) - Lease manager is interrupted. Shutting down...
java.lang.InterruptedException
	at java.util.concurrent.locks.AbstractQueuedSynchronizer.doAcquireSharedNanos(AbstractQueuedSynchronizer.java:1039)
	at java.util.concurrent.locks.AbstractQueuedSynchronizer.tryAcquireSharedNanos(AbstractQueuedSynchronizer.java:1328)
	at java.util.concurrent.Semaphore.tryAcquire(Semaphore.java:409)
	at org.apache.hadoop.ozone.lease.LeaseManager$LeaseMonitor.run(LeaseManager.java:270)
	at java.lang.Thread.run(Thread.java:750)
2023-06-17 14:28:39,592 [main] INFO  server.StorageContainerManager (StorageContainerManager.java:stop(1708)) - Stopping SCM MetadataStore.
]]></system-out>
  </testcase>
</testsuite>