<?xml version="1.0" encoding="UTF-8"?>
<testsuite xmlns:xsi="http://www.w3.org/2001/XMLSchema-instance" xsi:noNamespaceSchemaLocation="https://maven.apache.org/surefire/maven-surefire-plugin/xsd/surefire-test-report.xsd" version="3.0.2" name="org.apache.ozone.test.NonHATests$ContainerOperations" time="2.508" tests="10" errors="0" skipped="0" failures="1">
  <properties>
    <property name="java.specification.version" value="21"/>
    <property name="sun.jnu.encoding" value="UTF-8"/>
    <property name="java.class.path" value="/home/runner/work/ozone/ozone/hadoop-ozone/integration-test/target/test-classes:/home/runner/work/ozone/ozone/hadoop-ozone/integration-test/target/classes:/home/runner/.m2/repository/ch/qos/reload4j/reload4j/1.2.26/reload4j-1.2.26.jar:/home/runner/.m2/repository/com/fasterxml/jackson/core/jackson-core/2.16.2/jackson-core-2.16.2.jar:/home/runner/.m2/repository/com/fasterxml/jackson/core/jackson-databind/2.16.2/jackson-databind-2.16.2.jar:/home/runner/.m2/repository/com/fasterxml/jackson/core/jackson-annotations/2.16.2/jackson-annotations-2.16.2.jar:/home/runner/.m2/repository/com/github/stephenc/jcip/jcip-annotations/1.0-1/jcip-annotations-1.0-1.jar:/home/runner/.m2/repository/com/google/guava/guava/32.1.3-jre/guava-32.1.3-jre.jar:/home/runner/.m2/repository/com/google/guava/failureaccess/1.0.1/failureaccess-1.0.1.jar:/home/runner/.m2/repository/com/google/guava/listenablefuture/9999.0-empty-to-avoid-conflict-with-guava/listenablefuture-9999.0-empty-to-avoid-conflict-with-guava.jar:/home/runner/.m2/repository/org/checkerframework/checker-qual/3.37.0/checker-qual-3.37.0.jar:/home/runner/.m2/repository/com/google/errorprone/error_prone_annotations/2.29.2/error_prone_annotations-2.29.2.jar:/home/runner/.m2/repository/com/google/j2objc/j2objc-annotations/2.8/j2objc-annotations-2.8.jar:/home/runner/.m2/repository/com/google/protobuf/protobuf-java/2.5.0/protobuf-java-2.5.0.jar:/home/runner/.m2/repository/com/squareup/okhttp3/okhttp/4.12.0/okhttp-4.12.0.jar:/home/runner/.m2/repository/com/squareup/okio/okio/3.6.0/okio-3.6.0.jar:/home/runner/.m2/repository/com/squareup/okio/okio-jvm/3.6.0/okio-jvm-3.6.0.jar:/home/runner/.m2/repository/org/jetbrains/kotlin/kotlin-stdlib-common/1.9.25/kotlin-stdlib-common-1.9.25.jar:/home/runner/.m2/repository/org/jetbrains/kotlin/kotlin-stdlib-jdk8/1.9.25/kotlin-stdlib-jdk8-1.9.25.jar:/home/runner/.m2/repository/org/jetbrains/kotlin/kotlin-stdlib/1.9.25/kotlin-stdlib-1.9.25.jar:/home/runner/.m2/repository/org/jetbrains/annotations/13.0/annotations-13.0.jar:/home/runner/.m2/repository/org/jetbrains/kotlin/kotlin-stdlib-jdk7/1.9.25/kotlin-stdlib-jdk7-1.9.25.jar:/home/runner/.m2/repository/commons-codec/commons-codec/1.18.0/commons-codec-1.18.0.jar:/home/runner/.m2/repository/commons-io/commons-io/2.18.0/commons-io-2.18.0.jar:/home/runner/.m2/repository/commons-validator/commons-validator/1.6/commons-validator-1.6.jar:/home/runner/.m2/repository/commons-beanutils/commons-beanutils/1.11.0/commons-beanutils-1.11.0.jar:/home/runner/.m2/repository/commons-digester/commons-digester/1.8.1/commons-digester-1.8.1.jar:/home/runner/.m2/repository/commons-collections/commons-collections/3.2.2/commons-collections-3.2.2.jar:/home/runner/.m2/repository/info/picocli/picocli/4.7.7/picocli-4.7.7.jar:/home/runner/.m2/repository/jakarta/annotation/jakarta.annotation-api/2.1.1/jakarta.annotation-api-2.1.1.jar:/home/runner/.m2/repository/jakarta/xml/bind/jakarta.xml.bind-api/2.3.3/jakarta.xml.bind-api-2.3.3.jar:/home/runner/.m2/repository/jakarta/activation/jakarta.activation-api/1.2.2/jakarta.activation-api-1.2.2.jar:/home/runner/.m2/repository/javax/servlet/javax.servlet-api/3.1.0/javax.servlet-api-3.1.0.jar:/home/runner/.m2/repository/javax/ws/rs/jsr311-api/1.1.1/jsr311-api-1.1.1.jar:/home/runner/.m2/repository/org/apache/commons/commons-compress/1.27.1/commons-compress-1.27.1.jar:/home/runner/.m2/repository/org/apache/commons/commons-lang3/3.17.0/commons-lang3-3.17.0.jar:/home/runner/.m2/repository/org/apache/commons/commons-text/1.13.1/commons-text-1.13.1.jar:/home/runner/.m2/repository/org/apache/hadoop/hadoop-auth/3.4.1/hadoop-auth-3.4.1.jar:/home/runner/.m2/repository/com/nimbusds/nimbus-jose-jwt/9.40/nimbus-jose-jwt-9.40.jar:/home/runner/.m2/repository/io/dropwizard/metrics/metrics-core/3.2.6/metrics-core-3.2.6.jar:/home/runner/.m2/repository/org/apache/kerby/kerb-core/1.0.1/kerb-core-1.0.1.jar:/home/runner/.m2/repository/org/apache/kerby/kerby-pkix/1.0.1/kerby-pkix-1.0.1.jar:/home/runner/.m2/repository/org/apache/kerby/kerby-asn1/1.0.1/kerby-asn1-1.0.1.jar:/home/runner/.m2/repository/org/apache/kerby/kerb-util/1.0.1/kerb-util-1.0.1.jar:/home/runner/.m2/repository/org/apache/kerby/kerby-config/1.0.1/kerby-config-1.0.1.jar:/home/runner/.m2/repository/org/apache/kerby/kerb-crypto/1.0.1/kerb-crypto-1.0.1.jar:/home/runner/.m2/repository/org/apache/hadoop/thirdparty/hadoop-shaded-guava/1.3.0/hadoop-shaded-guava-1.3.0.jar:/home/runner/.m2/repository/org/apache/hadoop/hadoop-common/3.4.1/hadoop-common-3.4.1.jar:/home/runner/.m2/repository/org/apache/hadoop/thirdparty/hadoop-shaded-protobuf_3_25/1.4.0/hadoop-shaded-protobuf_3_25-1.4.0.jar:/home/runner/.m2/repository/org/apache/hadoop/hadoop-annotations/3.4.1/hadoop-annotations-3.4.1.jar:/home/runner/.m2/repository/commons-cli/commons-cli/1.8.0/commons-cli-1.8.0.jar:/home/runner/.m2/repository/commons-net/commons-net/3.11.1/commons-net-3.11.1.jar:/home/runner/.m2/repository/org/eclipse/jetty/jetty-server/9.4.57.v20241219/jetty-server-9.4.57.v20241219.jar:/home/runner/.m2/repository/org/eclipse/jetty/jetty-io/9.4.57.v20241219/jetty-io-9.4.57.v20241219.jar:/home/runner/.m2/repository/org/eclipse/jetty/jetty-util/9.4.57.v20241219/jetty-util-9.4.57.v20241219.jar:/home/runner/.m2/repository/org/eclipse/jetty/jetty-servlet/9.4.57.v20241219/jetty-servlet-9.4.57.v20241219.jar:/home/runner/.m2/repository/org/eclipse/jetty/jetty-security/9.4.57.v20241219/jetty-security-9.4.57.v20241219.jar:/home/runner/.m2/repository/org/eclipse/jetty/jetty-webapp/9.4.57.v20241219/jetty-webapp-9.4.57.v20241219.jar:/home/runner/.m2/repository/org/eclipse/jetty/jetty-xml/9.4.57.v20241219/jetty-xml-9.4.57.v20241219.jar:/home/runner/.m2/repository/javax/servlet/jsp/jsp-api/2.1/jsp-api-2.1.jar:/home/runner/.m2/repository/org/codehaus/jettison/jettison/1.5.4/jettison-1.5.4.jar:/home/runner/.m2/repository/org/apache/commons/commons-configuration2/2.12.0/commons-configuration2-2.12.0.jar:/home/runner/.m2/repository/com/google/re2j/re2j/1.7/re2j-1.7.jar:/home/runner/.m2/repository/com/google/code/gson/gson/2.10.1/gson-2.10.1.jar:/home/runner/.m2/repository/com/jcraft/jsch/0.1.55/jsch-0.1.55.jar:/home/runner/.m2/repository/io/netty/netty-handler/4.1.119.Final/netty-handler-4.1.119.Final.jar:/home/runner/.m2/repository/io/netty/netty-resolver/4.1.119.Final/netty-resolver-4.1.119.Final.jar:/home/runner/.m2/repository/io/netty/netty-transport-native-epoll/4.1.119.Final/netty-transport-native-epoll-4.1.119.Final.jar:/home/runner/.m2/repository/org/bouncycastle/bcprov-jdk18on/1.81/bcprov-jdk18on-1.81.jar:/home/runner/.m2/repository/org/codehaus/woodstox/stax2-api/4.2.1/stax2-api-4.2.1.jar:/home/runner/.m2/repository/com/fasterxml/woodstox/woodstox-core/5.4.0/woodstox-core-5.4.0.jar:/home/runner/.m2/repository/dnsjava/dnsjava/3.6.1/dnsjava-3.6.1.jar:/home/runner/.m2/repository/org/apache/hadoop/hadoop-common/3.4.1/hadoop-common-3.4.1-tests.jar:/home/runner/.m2/repository/org/apache/commons/commons-math3/3.6.1/commons-math3-3.6.1.jar:/home/runner/.m2/repository/com/sun/jersey/jersey-core/1.19.4/jersey-core-1.19.4.jar:/home/runner/.m2/repository/com/sun/jersey/jersey-servlet/1.19.4/jersey-servlet-1.19.4.jar:/home/runner/.m2/repository/com/github/pjfanning/jersey-json/1.22.0/jersey-json-1.22.0.jar:/home/runner/.m2/repository/com/sun/xml/bind/jaxb-impl/2.2.3-1/jaxb-impl-2.2.3-1.jar:/home/runner/.m2/repository/com/sun/jersey/jersey-server/1.19.4/jersey-server-1.19.4.jar:/home/runner/.m2/repository/org/slf4j/slf4j-reload4j/2.0.17/slf4j-reload4j-2.0.17.jar:/home/runner/.m2/repository/org/apache/avro/avro/1.9.2/avro-1.9.2.jar:/home/runner/.m2/repository/org/apache/curator/curator-client/4.2.0/curator-client-4.2.0.jar:/home/runner/.m2/repository/org/apache/curator/curator-recipes/5.2.0/curator-recipes-5.2.0.jar:/home/runner/.m2/repository/org/apache/curator/curator-framework/4.2.0/curator-framework-4.2.0.jar:/home/runner/.m2/repository/com/google/code/findbugs/jsr305/3.0.2/jsr305-3.0.2.jar:/home/runner/.m2/repository/org/apache/zookeeper/zookeeper/3.8.4/zookeeper-3.8.4.jar:/home/runner/.m2/repository/org/apache/zookeeper/zookeeper-jute/3.8.4/zookeeper-jute-3.8.4.jar:/home/runner/.m2/repository/org/apache/yetus/audience-annotations/0.12.0/audience-annotations-0.12.0.jar:/home/runner/.m2/repository/org/xerial/snappy/snappy-java/1.1.10.7/snappy-java-1.1.10.7.jar:/home/runner/.m2/repository/org/apache/hadoop/hadoop-distcp/3.4.1/hadoop-distcp-3.4.1.jar:/home/runner/.m2/repository/org/apache/hadoop/hadoop-distcp/3.4.1/hadoop-distcp-3.4.1-tests.jar:/home/runner/.m2/repository/org/apache/hadoop/hadoop-hdfs/3.4.1/hadoop-hdfs-3.4.1.jar:/home/runner/.m2/repository/org/eclipse/jetty/jetty-util-ajax/9.4.57.v20241219/jetty-util-ajax-9.4.57.v20241219.jar:/home/runner/.m2/repository/commons-daemon/commons-daemon/1.4.0/commons-daemon-1.4.0.jar:/home/runner/.m2/repository/org/apache/hadoop/hadoop-hdfs/3.4.1/hadoop-hdfs-3.4.1-tests.jar:/home/runner/.m2/repository/io/netty/netty-all/4.1.119.Final/netty-all-4.1.119.Final.jar:/home/runner/.m2/repository/io/netty/netty-codec-dns/4.1.119.Final/netty-codec-dns-4.1.119.Final.jar:/home/runner/.m2/repository/io/netty/netty-codec-haproxy/4.1.119.Final/netty-codec-haproxy-4.1.119.Final.jar:/home/runner/.m2/repository/io/netty/netty-codec-http/4.1.119.Final/netty-codec-http-4.1.119.Final.jar:/home/runner/.m2/repository/io/netty/netty-codec-memcache/4.1.119.Final/netty-codec-memcache-4.1.119.Final.jar:/home/runner/.m2/repository/io/netty/netty-codec-mqtt/4.1.119.Final/netty-codec-mqtt-4.1.119.Final.jar:/home/runner/.m2/repository/io/netty/netty-codec-redis/4.1.119.Final/netty-codec-redis-4.1.119.Final.jar:/home/runner/.m2/repository/io/netty/netty-codec-smtp/4.1.119.Final/netty-codec-smtp-4.1.119.Final.jar:/home/runner/.m2/repository/io/netty/netty-codec-socks/4.1.119.Final/netty-codec-socks-4.1.119.Final.jar:/home/runner/.m2/repository/io/netty/netty-codec-stomp/4.1.119.Final/netty-codec-stomp-4.1.119.Final.jar:/home/runner/.m2/repository/io/netty/netty-codec-xml/4.1.119.Final/netty-codec-xml-4.1.119.Final.jar:/home/runner/.m2/repository/io/netty/netty-handler-ssl-ocsp/4.1.119.Final/netty-handler-ssl-ocsp-4.1.119.Final.jar:/home/runner/.m2/repository/io/netty/netty-resolver-dns/4.1.119.Final/netty-resolver-dns-4.1.119.Final.jar:/home/runner/.m2/repository/io/netty/netty-transport-rxtx/4.1.119.Final/netty-transport-rxtx-4.1.119.Final.jar:/home/runner/.m2/repository/io/netty/netty-transport-sctp/4.1.119.Final/netty-transport-sctp-4.1.119.Final.jar:/home/runner/.m2/repository/io/netty/netty-transport-udt/4.1.119.Final/netty-transport-udt-4.1.119.Final.jar:/home/runner/.m2/repository/io/netty/netty-transport-classes-kqueue/4.1.119.Final/netty-transport-classes-kqueue-4.1.119.Final.jar:/home/runner/.m2/repository/io/netty/netty-resolver-dns-classes-macos/4.1.119.Final/netty-resolver-dns-classes-macos-4.1.119.Final.jar:/home/runner/.m2/repository/io/netty/netty-transport-native-epoll/4.1.119.Final/netty-transport-native-epoll-4.1.119.Final-linux-aarch_64.jar:/home/runner/.m2/repository/io/netty/netty-transport-native-epoll/4.1.119.Final/netty-transport-native-epoll-4.1.119.Final-linux-riscv64.jar:/home/runner/.m2/repository/io/netty/netty-transport-native-kqueue/4.1.119.Final/netty-transport-native-kqueue-4.1.119.Final-osx-x86_64.jar:/home/runner/.m2/repository/io/netty/netty-transport-native-kqueue/4.1.119.Final/netty-transport-native-kqueue-4.1.119.Final-osx-aarch_64.jar:/home/runner/.m2/repository/io/netty/netty-resolver-dns-native-macos/4.1.119.Final/netty-resolver-dns-native-macos-4.1.119.Final-osx-x86_64.jar:/home/runner/.m2/repository/io/netty/netty-resolver-dns-native-macos/4.1.119.Final/netty-resolver-dns-native-macos-4.1.119.Final-osx-aarch_64.jar:/home/runner/.m2/repository/org/fusesource/leveldbjni/leveldbjni-all/1.8/leveldbjni-all-1.8.jar:/home/runner/.m2/repository/org/apache/hadoop/hadoop-hdfs-client/3.4.1/hadoop-hdfs-client-3.4.1.jar:/home/runner/.m2/repository/org/apache/hadoop/hadoop-kms/3.4.1/hadoop-kms-3.4.1.jar:/home/runner/.m2/repository/org/apache/hadoop/hadoop-kms/3.4.1/hadoop-kms-3.4.1-tests.jar:/home/runner/.m2/repository/org/apache/hadoop/hadoop-mapreduce-client-core/3.4.1/hadoop-mapreduce-client-core-3.4.1.jar:/home/runner/.m2/repository/org/apache/hadoop/hadoop-yarn-client/3.4.1/hadoop-yarn-client-3.4.1.jar:/home/runner/.m2/repository/org/eclipse/jetty/websocket/websocket-client/9.4.53.v20231009/websocket-client-9.4.53.v20231009.jar:/home/runner/.m2/repository/org/eclipse/jetty/jetty-client/9.4.57.v20241219/jetty-client-9.4.57.v20241219.jar:/home/runner/.m2/repository/org/eclipse/jetty/websocket/websocket-common/9.4.53.v20231009/websocket-common-9.4.53.v20231009.jar:/home/runner/.m2/repository/org/eclipse/jetty/websocket/websocket-api/9.4.53.v20231009/websocket-api-9.4.53.v20231009.jar:/home/runner/.m2/repository/org/apache/hadoop/hadoop-yarn-api/3.4.1/hadoop-yarn-api-3.4.1.jar:/home/runner/.m2/repository/org/apache/hadoop/hadoop-yarn-common/3.4.1/hadoop-yarn-common-3.4.1.jar:/home/runner/.m2/repository/javax/xml/bind/jaxb-api/2.2.11/jaxb-api-2.2.11.jar:/home/runner/.m2/repository/com/sun/jersey/contribs/jersey-guice/1.19.4/jersey-guice-1.19.4.jar:/home/runner/.m2/repository/com/fasterxml/jackson/module/jackson-module-jaxb-annotations/2.16.2/jackson-module-jaxb-annotations-2.16.2.jar:/home/runner/.m2/repository/com/fasterxml/jackson/jaxrs/jackson-jaxrs-json-provider/2.16.2/jackson-jaxrs-json-provider-2.16.2.jar:/home/runner/.m2/repository/com/google/inject/extensions/guice-servlet/6.0.0/guice-servlet-6.0.0.jar:/home/runner/.m2/repository/org/apache/hadoop/hadoop-mapreduce-client-jobclient/3.4.1/hadoop-mapreduce-client-jobclient-3.4.1.jar:/home/runner/.m2/repository/org/apache/hadoop/hadoop-mapreduce-client-common/3.4.1/hadoop-mapreduce-client-common-3.4.1.jar:/home/runner/.m2/repository/org/apache/hadoop/hadoop-minikdc/3.4.1/hadoop-minikdc-3.4.1.jar:/home/runner/.m2/repository/org/apache/kerby/kerb-simplekdc/2.0.3/kerb-simplekdc-2.0.3.jar:/home/runner/.m2/repository/org/apache/kerby/kerb-client/2.0.3/kerb-client-2.0.3.jar:/home/runner/.m2/repository/org/apache/kerby/kerb-common/2.0.3/kerb-common-2.0.3.jar:/home/runner/.m2/repository/org/apache/kerby/token-provider/2.0.3/token-provider-2.0.3.jar:/home/runner/.m2/repository/org/apache/kerby/kerb-admin/2.0.3/kerb-admin-2.0.3.jar:/home/runner/.m2/repository/org/apache/kerby/kerb-server/2.0.3/kerb-server-2.0.3.jar:/home/runner/.m2/repository/org/apache/kerby/kerb-identity/2.0.3/kerb-identity-2.0.3.jar:/home/runner/.m2/repository/org/apache/kerby/kerby-xdr/2.0.3/kerby-xdr-2.0.3.jar:/home/runner/.m2/repository/junit/junit/4.13.2/junit-4.13.2.jar:/home/runner/.m2/repository/org/hamcrest/hamcrest-core/1.3/hamcrest-core-1.3.jar:/home/runner/.m2/repository/org/apache/httpcomponents/httpclient/4.5.14/httpclient-4.5.14.jar:/home/runner/.m2/repository/org/apache/httpcomponents/httpcore/4.4.16/httpcore-4.4.16.jar:/home/runner/.m2/repository/org/apache/kerby/kerby-util/1.0.1/kerby-util-1.0.1.jar:/home/runner/work/ozone/ozone/hadoop-hdds/client/target/hdds-client-2.1.0-SNAPSHOT.jar:/home/runner/.m2/repository/io/opentracing/opentracing-api/0.33.0/opentracing-api-0.33.0.jar:/home/runner/.m2/repository/io/opentracing/opentracing-util/0.33.0/opentracing-util-0.33.0.jar:/home/runner/.m2/repository/io/opentracing/opentracing-noop/0.33.0/opentracing-noop-0.33.0.jar:/home/runner/work/ozone/ozone/hadoop-hdds/erasurecode/target/hdds-erasurecode-2.1.0-SNAPSHOT.jar:/home/runner/work/ozone/ozone/hadoop-hdds/common/target/hdds-common-2.1.0-SNAPSHOT.jar:/home/runner/.m2/repository/com/fasterxml/jackson/datatype/jackson-datatype-jsr310/2.16.2/jackson-datatype-jsr310-2.16.2.jar:/home/runner/.m2/repository/io/jaegertracing/jaeger-core/1.8.1/jaeger-core-1.8.1.jar:/home/runner/.m2/repository/org/apache/ratis/ratis-netty/3.2.0/ratis-netty-3.2.0.jar:/home/runner/.m2/repository/org/yaml/snakeyaml/2.0/snakeyaml-2.0.jar:/home/runner/.m2/repository/io/jaegertracing/jaeger-client/1.8.1/jaeger-client-1.8.1.jar:/home/runner/.m2/repository/io/jaegertracing/jaeger-thrift/1.8.1/jaeger-thrift-1.8.1.jar:/home/runner/.m2/repository/org/apache/thrift/libthrift/0.15.0/libthrift-0.15.0.jar:/home/runner/.m2/repository/io/jaegertracing/jaeger-tracerresolver/1.8.1/jaeger-tracerresolver-1.8.1.jar:/home/runner/.m2/repository/io/opentracing/contrib/opentracing-tracerresolver/0.1.8/opentracing-tracerresolver-0.1.8.jar:/home/runner/.m2/repository/org/apache/ratis/ratis-metrics-dropwizard3/3.2.0/ratis-metrics-dropwizard3-3.2.0.jar:/home/runner/.m2/repository/org/slf4j/jcl-over-slf4j/2.0.17/jcl-over-slf4j-2.0.17.jar:/home/runner/work/ozone/ozone/hadoop-hdds/common/target/hdds-common-2.1.0-SNAPSHOT-tests.jar:/home/runner/work/ozone/ozone/hadoop-hdds/config/target/hdds-config-2.1.0-SNAPSHOT.jar:/home/runner/work/ozone/ozone/hadoop-hdds/container-service/target/hdds-container-service-2.1.0-SNAPSHOT.jar:/home/runner/.m2/repository/io/netty/netty-buffer/4.1.119.Final/netty-buffer-4.1.119.Final.jar:/home/runner/.m2/repository/io/netty/netty-codec/4.1.119.Final/netty-codec-4.1.119.Final.jar:/home/runner/.m2/repository/io/netty/netty-common/4.1.119.Final/netty-common-4.1.119.Final.jar:/home/runner/.m2/repository/io/netty/netty-transport/4.1.119.Final/netty-transport-4.1.119.Final.jar:/home/runner/.m2/repository/org/apache/logging/log4j/log4j-api/2.25.0/log4j-api-2.25.0.jar:/home/runner/.m2/repository/com/github/luben/zstd-jni/1.5.7-3/zstd-jni-1.5.7-3.jar:/home/runner/.m2/repository/log4j/apache-log4j-extras/1.2.17/apache-log4j-extras-1.2.17.jar:/home/runner/.m2/repository/org/glassfish/jaxb/jaxb-runtime/2.3.9/jaxb-runtime-2.3.9.jar:/home/runner/.m2/repository/org/glassfish/jaxb/txw2/2.3.9/txw2-2.3.9.jar:/home/runner/.m2/repository/com/sun/istack/istack-commons-runtime/3.0.12/istack-commons-runtime-3.0.12.jar:/home/runner/.m2/repository/com/sun/activation/jakarta.activation/1.2.2/jakarta.activation-1.2.2.jar:/home/runner/work/ozone/ozone/hadoop-hdds/container-service/target/hdds-container-service-2.1.0-SNAPSHOT-tests.jar:/home/runner/work/ozone/ozone/hadoop-hdds/interface-admin/target/hdds-interface-admin-2.1.0-SNAPSHOT.jar:/home/runner/work/ozone/ozone/hadoop-hdds/interface-client/target/hdds-interface-client-2.1.0-SNAPSHOT.jar:/home/runner/work/ozone/ozone/hadoop-hdds/interface-server/target/hdds-interface-server-2.1.0-SNAPSHOT.jar:/home/runner/work/ozone/ozone/hadoop-hdds/managed-rocksdb/target/hdds-managed-rocksdb-2.1.0-SNAPSHOT.jar:/home/runner/work/ozone/ozone/hadoop-hdds/rocks-native/target/hdds-rocks-native-2.1.0-SNAPSHOT.jar:/home/runner/work/ozone/ozone/hadoop-hdds/framework/target/hdds-server-framework-2.1.0-SNAPSHOT.jar:/home/runner/.m2/repository/com/github/jnr/jnr-constants/0.10.4/jnr-constants-0.10.4.jar:/home/runner/.m2/repository/com/github/jnr/jnr-posix/3.1.20/jnr-posix-3.1.20.jar:/home/runner/.m2/repository/com/github/jnr/jnr-ffi/2.2.17/jnr-ffi-2.2.17.jar:/home/runner/.m2/repository/com/github/jnr/jffi/1.3.13/jffi-1.3.13.jar:/home/runner/.m2/repository/com/github/jnr/jffi/1.3.13/jffi-1.3.13-native.jar:/home/runner/.m2/repository/org/ow2/asm/asm/9.7.1/asm-9.7.1.jar:/home/runner/.m2/repository/org/ow2/asm/asm-commons/9.7.1/asm-commons-9.7.1.jar:/home/runner/.m2/repository/org/ow2/asm/asm-analysis/9.7.1/asm-analysis-9.7.1.jar:/home/runner/.m2/repository/org/ow2/asm/asm-tree/9.7.1/asm-tree-9.7.1.jar:/home/runner/.m2/repository/org/ow2/asm/asm-util/9.7.1/asm-util-9.7.1.jar:/home/runner/.m2/repository/com/github/jnr/jnr-a64asm/1.0.0/jnr-a64asm-1.0.0.jar:/home/runner/.m2/repository/com/github/jnr/jnr-x86asm/1.0.2/jnr-x86asm-1.0.2.jar:/home/runner/.m2/repository/commons-fileupload/commons-fileupload/1.5/commons-fileupload-1.5.jar:/home/runner/.m2/repository/io/grpc/grpc-api/1.71.0/grpc-api-1.71.0.jar:/home/runner/.m2/repository/io/prometheus/simpleclient/0.16.0/simpleclient-0.16.0.jar:/home/runner/.m2/repository/io/prometheus/simpleclient_common/0.16.0/simpleclient_common-0.16.0.jar:/home/runner/.m2/repository/io/prometheus/simpleclient_dropwizard/0.16.0/simpleclient_dropwizard-0.16.0.jar:/home/runner/.m2/repository/jakarta/ws/rs/jakarta.ws.rs-api/2.1.6/jakarta.ws.rs-api-2.1.6.jar:/home/runner/.m2/repository/org/eclipse/jetty/jetty-http/9.4.57.v20241219/jetty-http-9.4.57.v20241219.jar:/home/runner/.m2/repository/org/glassfish/jersey/containers/jersey-container-servlet-core/2.47/jersey-container-servlet-core-2.47.jar:/home/runner/.m2/repository/org/glassfish/jersey/core/jersey-server/2.47/jersey-server-2.47.jar:/home/runner/.m2/repository/org/glassfish/jersey/core/jersey-client/2.47/jersey-client-2.47.jar:/home/runner/.m2/repository/com/lmax/disruptor/3.4.4/disruptor-3.4.4.jar:/home/runner/.m2/repository/org/apache/logging/log4j/log4j-core/2.25.0/log4j-core-2.25.0.jar:/home/runner/work/ozone/ozone/hadoop-hdds/framework/target/hdds-server-framework-2.1.0-SNAPSHOT-tests.jar:/home/runner/work/ozone/ozone/hadoop-hdds/server-scm/target/hdds-server-scm-2.1.0-SNAPSHOT.jar:/home/runner/work/ozone/ozone/hadoop-hdds/server-scm/target/hdds-server-scm-2.1.0-SNAPSHOT-tests.jar:/home/runner/work/ozone/ozone/hadoop-hdds/test-utils/target/hdds-test-utils-2.1.0-SNAPSHOT-tests.jar:/home/runner/work/ozone/ozone/hadoop-ozone/cli-admin/target/ozone-cli-admin-2.1.0-SNAPSHOT.jar:/home/runner/work/ozone/ozone/hadoop-ozone/cli-shell/target/ozone-cli-shell-2.1.0-SNAPSHOT.jar:/home/runner/.m2/repository/info/picocli/picocli-shell-jline3/4.7.7/picocli-shell-jline3-4.7.7.jar:/home/runner/.m2/repository/org/jline/jline/3.30.4/jline-3.30.4.jar:/home/runner/work/ozone/ozone/hadoop-ozone/client/target/ozone-client-2.1.0-SNAPSHOT.jar:/home/runner/work/ozone/ozone/hadoop-ozone/common/target/ozone-common-2.1.0-SNAPSHOT.jar:/home/runner/.m2/repository/io/grpc/grpc-netty/1.71.0/grpc-netty-1.71.0.jar:/home/runner/.m2/repository/org/codehaus/mojo/animal-sniffer-annotations/1.24/animal-sniffer-annotations-1.24.jar:/home/runner/.m2/repository/io/grpc/grpc-core/1.71.0/grpc-core-1.71.0.jar:/home/runner/.m2/repository/com/google/android/annotations/4.1.1.4/annotations-4.1.1.4.jar:/home/runner/.m2/repository/io/grpc/grpc-context/1.71.0/grpc-context-1.71.0.jar:/home/runner/.m2/repository/io/perfmark/perfmark-api/0.27.0/perfmark-api-0.27.0.jar:/home/runner/.m2/repository/io/grpc/grpc-util/1.71.0/grpc-util-1.71.0.jar:/home/runner/.m2/repository/io/netty/netty-codec-http2/4.1.119.Final/netty-codec-http2-4.1.119.Final.jar:/home/runner/.m2/repository/io/netty/netty-handler-proxy/4.1.119.Final/netty-handler-proxy-4.1.119.Final.jar:/home/runner/.m2/repository/io/netty/netty-tcnative-boringssl-static/2.0.70.Final/netty-tcnative-boringssl-static-2.0.70.Final.jar:/home/runner/.m2/repository/io/netty/netty-tcnative-classes/2.0.70.Final/netty-tcnative-classes-2.0.70.Final.jar:/home/runner/.m2/repository/io/netty/netty-tcnative-boringssl-static/2.0.70.Final/netty-tcnative-boringssl-static-2.0.70.Final-linux-x86_64.jar:/home/runner/.m2/repository/io/netty/netty-tcnative-boringssl-static/2.0.70.Final/netty-tcnative-boringssl-static-2.0.70.Final-linux-aarch_64.jar:/home/runner/.m2/repository/io/netty/netty-tcnative-boringssl-static/2.0.70.Final/netty-tcnative-boringssl-static-2.0.70.Final-osx-x86_64.jar:/home/runner/.m2/repository/io/netty/netty-tcnative-boringssl-static/2.0.70.Final/netty-tcnative-boringssl-static-2.0.70.Final-osx-aarch_64.jar:/home/runner/.m2/repository/io/netty/netty-tcnative-boringssl-static/2.0.70.Final/netty-tcnative-boringssl-static-2.0.70.Final-windows-x86_64.jar:/home/runner/work/ozone/ozone/hadoop-ozone/csi/target/ozone-csi-2.1.0-SNAPSHOT.jar:/home/runner/.m2/repository/io/grpc/grpc-protobuf/1.71.0/grpc-protobuf-1.71.0.jar:/home/runner/.m2/repository/com/google/api/grpc/proto-google-common-protos/2.51.0/proto-google-common-protos-2.51.0.jar:/home/runner/.m2/repository/io/grpc/grpc-protobuf-lite/1.71.0/grpc-protobuf-lite-1.71.0.jar:/home/runner/.m2/repository/io/grpc/grpc-stub/1.71.0/grpc-stub-1.71.0.jar:/home/runner/.m2/repository/io/netty/netty-transport-classes-epoll/4.1.119.Final/netty-transport-classes-epoll-4.1.119.Final.jar:/home/runner/.m2/repository/io/netty/netty-transport-native-unix-common/4.1.119.Final/netty-transport-native-unix-common-4.1.119.Final.jar:/home/runner/.m2/repository/io/netty/netty-transport-native-epoll/4.1.119.Final/netty-transport-native-epoll-4.1.119.Final-linux-x86_64.jar:/home/runner/work/ozone/ozone/hadoop-ozone/ozonefs/target/ozone-filesystem-2.1.0-SNAPSHOT.jar:/home/runner/work/ozone/ozone/hadoop-ozone/ozonefs-common/target/ozone-filesystem-common-2.1.0-SNAPSHOT.jar:/home/runner/work/ozone/ozone/hadoop-ozone/freon/target/ozone-freon-2.1.0-SNAPSHOT.jar:/home/runner/.m2/repository/com/amazonaws/aws-java-sdk-core/1.12.661/aws-java-sdk-core-1.12.661.jar:/home/runner/.m2/repository/com/fasterxml/jackson/dataformat/jackson-dataformat-cbor/2.16.2/jackson-dataformat-cbor-2.16.2.jar:/home/runner/.m2/repository/joda-time/joda-time/2.12.7/joda-time-2.12.7.jar:/home/runner/.m2/repository/com/amazonaws/aws-java-sdk-s3/1.12.661/aws-java-sdk-s3-1.12.661.jar:/home/runner/.m2/repository/com/amazonaws/aws-java-sdk-kms/1.12.661/aws-java-sdk-kms-1.12.661.jar:/home/runner/.m2/repository/com/amazonaws/jmespath-java/1.12.661/jmespath-java-1.12.661.jar:/home/runner/work/ozone/ozone/hadoop-ozone/interface-client/target/ozone-interface-client-2.1.0-SNAPSHOT.jar:/home/runner/work/ozone/ozone/hadoop-ozone/interface-storage/target/ozone-interface-storage-2.1.0-SNAPSHOT.jar:/home/runner/work/ozone/ozone/hadoop-ozone/ozone-manager/target/ozone-manager-2.1.0-SNAPSHOT.jar:/home/runner/.m2/repository/com/sun/jersey/jersey-client/1.19.4/jersey-client-1.19.4.jar:/home/runner/.m2/repository/org/apache/ranger/ranger-plugins-common/2.6.0/ranger-plugins-common-2.6.0.jar:/home/runner/.m2/repository/com/fasterxml/jackson/jaxrs/jackson-jaxrs-base/2.16.2/jackson-jaxrs-base-2.16.2.jar:/home/runner/.m2/repository/com/kstruct/gethostname4j/1.0.0/gethostname4j-1.0.0.jar:/home/runner/.m2/repository/commons-lang/commons-lang/2.6/commons-lang-2.6.jar:/home/runner/.m2/repository/net/java/dev/jna/jna/5.2.0/jna-5.2.0.jar:/home/runner/.m2/repository/net/java/dev/jna/jna-platform/5.2.0/jna-platform-5.2.0.jar:/home/runner/.m2/repository/org/apache/ranger/ranger-plugin-classloader/2.6.0/ranger-plugin-classloader-2.6.0.jar:/home/runner/.m2/repository/org/apache/ranger/ranger-plugins-audit/2.6.0/ranger-plugins-audit-2.6.0.jar:/home/runner/.m2/repository/com/amazonaws/aws-java-sdk-logs/1.12.765/aws-java-sdk-logs-1.12.765.jar:/home/runner/.m2/repository/com/carrotsearch/hppc/0.8.0/hppc-0.8.0.jar:/home/runner/.m2/repository/io/airlift/aircompressor/0.27/aircompressor-0.27.jar:/home/runner/.m2/repository/org/apache/httpcomponents/httpasyncclient/4.1.4/httpasyncclient-4.1.4.jar:/home/runner/.m2/repository/org/apache/httpcomponents/httpcore-nio/4.4.16/httpcore-nio-4.4.16.jar:/home/runner/.m2/repository/org/apache/httpcomponents/httpmime/4.5.13/httpmime-4.5.13.jar:/home/runner/.m2/repository/org/apache/orc/orc-core/1.5.8/orc-core-1.5.8.jar:/home/runner/.m2/repository/org/apache/orc/orc-shims/1.5.8/orc-shims-1.5.8.jar:/home/runner/.m2/repository/org/apache/ranger/ranger-plugins-cred/2.6.0/ranger-plugins-cred-2.6.0.jar:/home/runner/.m2/repository/org/aspectj/aspectjrt/1.9.7/aspectjrt-1.9.7.jar:/home/runner/work/ozone/ozone/hadoop-ozone/ozone-manager/target/ozone-manager-2.1.0-SNAPSHOT-tests.jar:/home/runner/work/ozone/ozone/hadoop-ozone/mini-cluster/target/ozone-mini-cluster-2.1.0-SNAPSHOT.jar:/home/runner/work/ozone/ozone/hadoop-ozone/recon/target/ozone-recon-2.1.0-SNAPSHOT.jar:/home/runner/.m2/repository/aopalliance/aopalliance/1.0/aopalliance-1.0.jar:/home/runner/.m2/repository/com/google/inject/guice/6.0.0/guice-6.0.0.jar:/home/runner/.m2/repository/jakarta/inject/jakarta.inject-api/2.0.1/jakarta.inject-api-2.0.1.jar:/home/runner/.m2/repository/com/jolbox/bonecp/0.8.0.RELEASE/bonecp-0.8.0.RELEASE.jar:/home/runner/.m2/repository/jakarta/validation/jakarta.validation-api/2.0.2/jakarta.validation-api-2.0.2.jar:/home/runner/.m2/repository/javax/annotation/javax.annotation-api/1.3.2/javax.annotation-api-1.3.2.jar:/home/runner/.m2/repository/javax/inject/javax.inject/1/javax.inject-1.jar:/home/runner/.m2/repository/org/apache/derby/derby/10.14.2.0/derby-10.14.2.0.jar:/home/runner/.m2/repository/org/glassfish/hk2/guice-bridge/2.6.1/guice-bridge-2.6.1.jar:/home/runner/.m2/repository/org/glassfish/hk2/hk2-api/2.6.1/hk2-api-2.6.1.jar:/home/runner/.m2/repository/org/glassfish/hk2/hk2-utils/2.6.1/hk2-utils-2.6.1.jar:/home/runner/.m2/repository/org/glassfish/hk2/external/aopalliance-repackaged/2.6.1/aopalliance-repackaged-2.6.1.jar:/home/runner/.m2/repository/org/glassfish/jersey/core/jersey-common/2.47/jersey-common-2.47.jar:/home/runner/.m2/repository/org/glassfish/hk2/osgi-resource-locator/1.0.3/osgi-resource-locator-1.0.3.jar:/home/runner/.m2/repository/org/jooq/jooq/3.11.10/jooq-3.11.10.jar:/home/runner/.m2/repository/org/springframework/spring-core/5.3.39/spring-core-5.3.39.jar:/home/runner/.m2/repository/org/springframework/spring-jdbc/5.3.39/spring-jdbc-5.3.39.jar:/home/runner/.m2/repository/org/springframework/spring-beans/5.3.39/spring-beans-5.3.39.jar:/home/runner/.m2/repository/org/springframework/spring-tx/5.3.39/spring-tx-5.3.39.jar:/home/runner/.m2/repository/org/xerial/sqlite-jdbc/3.50.1.0/sqlite-jdbc-3.50.1.0.jar:/home/runner/.m2/repository/com/google/inject/extensions/guice-assistedinject/6.0.0/guice-assistedinject-6.0.0.jar:/home/runner/.m2/repository/org/glassfish/hk2/external/jakarta.inject/2.6.1/jakarta.inject-2.6.1.jar:/home/runner/.m2/repository/org/glassfish/jersey/inject/jersey-hk2/2.47/jersey-hk2-2.47.jar:/home/runner/.m2/repository/org/glassfish/hk2/hk2-locator/2.6.1/hk2-locator-2.6.1.jar:/home/runner/.m2/repository/org/glassfish/jersey/media/jersey-media-jaxb/2.47/jersey-media-jaxb-2.47.jar:/home/runner/.m2/repository/org/glassfish/jersey/media/jersey-media-json-jackson/2.47/jersey-media-json-jackson-2.47.jar:/home/runner/.m2/repository/org/glassfish/jersey/ext/jersey-entity-filtering/2.47/jersey-entity-filtering-2.47.jar:/home/runner/work/ozone/ozone/hadoop-ozone/recon-codegen/target/ozone-reconcodegen-2.1.0-SNAPSHOT.jar:/home/runner/.m2/repository/org/jooq/jooq-codegen/3.11.10/jooq-codegen-3.11.10.jar:/home/runner/.m2/repository/org/jooq/jooq-meta/3.11.10/jooq-meta-3.11.10.jar:/home/runner/work/ozone/ozone/hadoop-ozone/s3gateway/target/ozone-s3gateway-2.1.0-SNAPSHOT.jar:/home/runner/work/ozone/ozone/hadoop-ozone/tools/target/ozone-tools-2.1.0-SNAPSHOT.jar:/home/runner/.m2/repository/com/github/vlsi/mxgraph/jgraphx/3.9.12/jgraphx-3.9.12.jar:/home/runner/.m2/repository/org/apache/ratis/ratis-shell/3.2.0/ratis-shell-3.2.0.jar:/home/runner/.m2/repository/org/apache/ratis/ratis-tools/3.2.0/ratis-tools-3.2.0.jar:/home/runner/.m2/repository/org/jgrapht/jgrapht-core/1.4.0/jgrapht-core-1.4.0.jar:/home/runner/.m2/repository/org/jheaps/jheaps/0.11/jheaps-0.11.jar:/home/runner/.m2/repository/org/jgrapht/jgrapht-ext/1.4.0/jgrapht-ext-1.4.0.jar:/home/runner/work/ozone/ozone/hadoop-hdds/rocksdb-checkpoint-differ/target/rocksdb-checkpoint-differ-2.1.0-SNAPSHOT.jar:/home/runner/.m2/repository/org/apache/ranger/ranger-intg/2.6.0/ranger-intg-2.6.0.jar:/home/runner/.m2/repository/org/apache/ratis/ratis-client/3.2.0/ratis-client-3.2.0.jar:/home/runner/.m2/repository/org/apache/ratis/ratis-common/3.2.0/ratis-common-3.2.0.jar:/home/runner/.m2/repository/org/apache/ratis/ratis-grpc/3.2.0/ratis-grpc-3.2.0.jar:/home/runner/.m2/repository/org/apache/ratis/ratis-metrics-api/3.2.0/ratis-metrics-api-3.2.0.jar:/home/runner/.m2/repository/org/apache/ratis/ratis-proto/3.2.0/ratis-proto-3.2.0.jar:/home/runner/.m2/repository/org/apache/ratis/ratis-server/3.2.0/ratis-server-3.2.0.jar:/home/runner/.m2/repository/org/apache/ratis/ratis-server-api/3.2.0/ratis-server-api-3.2.0.jar:/home/runner/.m2/repository/org/apache/ratis/ratis-thirdparty-misc/1.0.9/ratis-thirdparty-misc-1.0.9.jar:/home/runner/.m2/repository/org/bouncycastle/bcpkix-jdk18on/1.81/bcpkix-jdk18on-1.81.jar:/home/runner/.m2/repository/org/bouncycastle/bcutil-jdk18on/1.81/bcutil-jdk18on-1.81.jar:/home/runner/.m2/repository/org/hamcrest/hamcrest/2.2/hamcrest-2.2.jar:/home/runner/.m2/repository/org/reflections/reflections/0.10.2/reflections-0.10.2.jar:/home/runner/.m2/repository/org/javassist/javassist/3.30.2-GA/javassist-3.30.2-GA.jar:/home/runner/.m2/repository/org/rocksdb/rocksdbjni/7.7.3/rocksdbjni-7.7.3.jar:/home/runner/.m2/repository/org/slf4j/jul-to-slf4j/2.0.17/jul-to-slf4j-2.0.17.jar:/home/runner/.m2/repository/org/slf4j/slf4j-api/2.0.17/slf4j-api-2.0.17.jar:/home/runner/.m2/repository/org/assertj/assertj-core/3.27.3/assertj-core-3.27.3.jar:/home/runner/.m2/repository/net/bytebuddy/byte-buddy/1.15.11/byte-buddy-1.15.11.jar:/home/runner/.m2/repository/org/junit/jupiter/junit-jupiter-api/5.13.2/junit-jupiter-api-5.13.2.jar:/home/runner/.m2/repository/org/opentest4j/opentest4j/1.3.0/opentest4j-1.3.0.jar:/home/runner/.m2/repository/org/junit/platform/junit-platform-commons/1.13.2/junit-platform-commons-1.13.2.jar:/home/runner/.m2/repository/org/apiguardian/apiguardian-api/1.1.2/apiguardian-api-1.1.2.jar:/home/runner/.m2/repository/org/junit/jupiter/junit-jupiter-params/5.13.2/junit-jupiter-params-5.13.2.jar:/home/runner/.m2/repository/org/mockito/mockito-core/4.11.0/mockito-core-4.11.0.jar:/home/runner/.m2/repository/net/bytebuddy/byte-buddy-agent/1.12.19/byte-buddy-agent-1.12.19.jar:/home/runner/.m2/repository/org/objenesis/objenesis/3.3/objenesis-3.3.jar:/home/runner/.m2/repository/org/mockito/mockito-inline/4.11.0/mockito-inline-4.11.0.jar:/home/runner/.m2/repository/org/mockito/mockito-junit-jupiter/4.11.0/mockito-junit-jupiter-4.11.0.jar:/home/runner/work/ozone/ozone/hadoop-ozone/integration-test/target/gradle-enterprise/test-listeners.jar:"/>
    <property name="java.vm.vendor" value="Eclipse Adoptium"/>
    <property name="sun.arch.data.model" value="64"/>
    <property name="test.build.dir" value="/home/runner/work/ozone/ozone/hadoop-ozone/integration-test/target/test-dir"/>
    <property name="test.cache.data" value=""/>
    <property name="java.vendor.url" value="https://adoptium.net/"/>
    <property name="user.timezone" value="Etc/UTC"/>
    <property name="maven-surefire-plugin.argLineAccessArgs" value=" --add-opens java.management/com.sun.jmx.mbeanserver=ALL-UNNAMED --add-exports java.management/com.sun.jmx.mbeanserver=ALL-UNNAMED --add-opens java.base/java.nio=ALL-UNNAMED --add-opens java.base/java.lang=ALL-UNNAMED --add-opens java.base/java.lang.reflect=ALL-UNNAMED"/>
    <property name="os.name" value="Linux"/>
    <property name="java.vm.specification.version" value="21"/>
    <property name="test.build.data" value="/home/runner/work/ozone/ozone/hadoop-ozone/integration-test/target/test-dir"/>
    <property name="sun.java.launcher" value="SUN_STANDARD"/>
    <property name="sun.boot.library.path" value="/usr/lib/jvm/temurin-21-jdk-amd64/lib"/>
    <property name="sun.java.command" value="/home/runner/work/ozone/ozone/hadoop-ozone/integration-test/target/surefire/surefirebooter-20250702032801085_1105.jar /home/runner/work/ozone/ozone/hadoop-ozone/integration-test/target/surefire 2025-07-02T03-19-02_103-jvmRun1 surefire-20250702032801085_1103tmp surefire_158-20250702032801085_1104tmp"/>
    <property name="jdk.debug" value="release"/>
    <property name="native.lib.tmp.dir" value="/tmp"/>
    <property name="surefire.test.class.path" value="/home/runner/work/ozone/ozone/hadoop-ozone/integration-test/target/test-classes:/home/runner/work/ozone/ozone/hadoop-ozone/integration-test/target/classes:/home/runner/.m2/repository/ch/qos/reload4j/reload4j/1.2.26/reload4j-1.2.26.jar:/home/runner/.m2/repository/com/fasterxml/jackson/core/jackson-core/2.16.2/jackson-core-2.16.2.jar:/home/runner/.m2/repository/com/fasterxml/jackson/core/jackson-databind/2.16.2/jackson-databind-2.16.2.jar:/home/runner/.m2/repository/com/fasterxml/jackson/core/jackson-annotations/2.16.2/jackson-annotations-2.16.2.jar:/home/runner/.m2/repository/com/github/stephenc/jcip/jcip-annotations/1.0-1/jcip-annotations-1.0-1.jar:/home/runner/.m2/repository/com/google/guava/guava/32.1.3-jre/guava-32.1.3-jre.jar:/home/runner/.m2/repository/com/google/guava/failureaccess/1.0.1/failureaccess-1.0.1.jar:/home/runner/.m2/repository/com/google/guava/listenablefuture/9999.0-empty-to-avoid-conflict-with-guava/listenablefuture-9999.0-empty-to-avoid-conflict-with-guava.jar:/home/runner/.m2/repository/org/checkerframework/checker-qual/3.37.0/checker-qual-3.37.0.jar:/home/runner/.m2/repository/com/google/errorprone/error_prone_annotations/2.29.2/error_prone_annotations-2.29.2.jar:/home/runner/.m2/repository/com/google/j2objc/j2objc-annotations/2.8/j2objc-annotations-2.8.jar:/home/runner/.m2/repository/com/google/protobuf/protobuf-java/2.5.0/protobuf-java-2.5.0.jar:/home/runner/.m2/repository/com/squareup/okhttp3/okhttp/4.12.0/okhttp-4.12.0.jar:/home/runner/.m2/repository/com/squareup/okio/okio/3.6.0/okio-3.6.0.jar:/home/runner/.m2/repository/com/squareup/okio/okio-jvm/3.6.0/okio-jvm-3.6.0.jar:/home/runner/.m2/repository/org/jetbrains/kotlin/kotlin-stdlib-common/1.9.25/kotlin-stdlib-common-1.9.25.jar:/home/runner/.m2/repository/org/jetbrains/kotlin/kotlin-stdlib-jdk8/1.9.25/kotlin-stdlib-jdk8-1.9.25.jar:/home/runner/.m2/repository/org/jetbrains/kotlin/kotlin-stdlib/1.9.25/kotlin-stdlib-1.9.25.jar:/home/runner/.m2/repository/org/jetbrains/annotations/13.0/annotations-13.0.jar:/home/runner/.m2/repository/org/jetbrains/kotlin/kotlin-stdlib-jdk7/1.9.25/kotlin-stdlib-jdk7-1.9.25.jar:/home/runner/.m2/repository/commons-codec/commons-codec/1.18.0/commons-codec-1.18.0.jar:/home/runner/.m2/repository/commons-io/commons-io/2.18.0/commons-io-2.18.0.jar:/home/runner/.m2/repository/commons-validator/commons-validator/1.6/commons-validator-1.6.jar:/home/runner/.m2/repository/commons-beanutils/commons-beanutils/1.11.0/commons-beanutils-1.11.0.jar:/home/runner/.m2/repository/commons-digester/commons-digester/1.8.1/commons-digester-1.8.1.jar:/home/runner/.m2/repository/commons-collections/commons-collections/3.2.2/commons-collections-3.2.2.jar:/home/runner/.m2/repository/info/picocli/picocli/4.7.7/picocli-4.7.7.jar:/home/runner/.m2/repository/jakarta/annotation/jakarta.annotation-api/2.1.1/jakarta.annotation-api-2.1.1.jar:/home/runner/.m2/repository/jakarta/xml/bind/jakarta.xml.bind-api/2.3.3/jakarta.xml.bind-api-2.3.3.jar:/home/runner/.m2/repository/jakarta/activation/jakarta.activation-api/1.2.2/jakarta.activation-api-1.2.2.jar:/home/runner/.m2/repository/javax/servlet/javax.servlet-api/3.1.0/javax.servlet-api-3.1.0.jar:/home/runner/.m2/repository/javax/ws/rs/jsr311-api/1.1.1/jsr311-api-1.1.1.jar:/home/runner/.m2/repository/org/apache/commons/commons-compress/1.27.1/commons-compress-1.27.1.jar:/home/runner/.m2/repository/org/apache/commons/commons-lang3/3.17.0/commons-lang3-3.17.0.jar:/home/runner/.m2/repository/org/apache/commons/commons-text/1.13.1/commons-text-1.13.1.jar:/home/runner/.m2/repository/org/apache/hadoop/hadoop-auth/3.4.1/hadoop-auth-3.4.1.jar:/home/runner/.m2/repository/com/nimbusds/nimbus-jose-jwt/9.40/nimbus-jose-jwt-9.40.jar:/home/runner/.m2/repository/io/dropwizard/metrics/metrics-core/3.2.6/metrics-core-3.2.6.jar:/home/runner/.m2/repository/org/apache/kerby/kerb-core/1.0.1/kerb-core-1.0.1.jar:/home/runner/.m2/repository/org/apache/kerby/kerby-pkix/1.0.1/kerby-pkix-1.0.1.jar:/home/runner/.m2/repository/org/apache/kerby/kerby-asn1/1.0.1/kerby-asn1-1.0.1.jar:/home/runner/.m2/repository/org/apache/kerby/kerb-util/1.0.1/kerb-util-1.0.1.jar:/home/runner/.m2/repository/org/apache/kerby/kerby-config/1.0.1/kerby-config-1.0.1.jar:/home/runner/.m2/repository/org/apache/kerby/kerb-crypto/1.0.1/kerb-crypto-1.0.1.jar:/home/runner/.m2/repository/org/apache/hadoop/thirdparty/hadoop-shaded-guava/1.3.0/hadoop-shaded-guava-1.3.0.jar:/home/runner/.m2/repository/org/apache/hadoop/hadoop-common/3.4.1/hadoop-common-3.4.1.jar:/home/runner/.m2/repository/org/apache/hadoop/thirdparty/hadoop-shaded-protobuf_3_25/1.4.0/hadoop-shaded-protobuf_3_25-1.4.0.jar:/home/runner/.m2/repository/org/apache/hadoop/hadoop-annotations/3.4.1/hadoop-annotations-3.4.1.jar:/home/runner/.m2/repository/commons-cli/commons-cli/1.8.0/commons-cli-1.8.0.jar:/home/runner/.m2/repository/commons-net/commons-net/3.11.1/commons-net-3.11.1.jar:/home/runner/.m2/repository/org/eclipse/jetty/jetty-server/9.4.57.v20241219/jetty-server-9.4.57.v20241219.jar:/home/runner/.m2/repository/org/eclipse/jetty/jetty-io/9.4.57.v20241219/jetty-io-9.4.57.v20241219.jar:/home/runner/.m2/repository/org/eclipse/jetty/jetty-util/9.4.57.v20241219/jetty-util-9.4.57.v20241219.jar:/home/runner/.m2/repository/org/eclipse/jetty/jetty-servlet/9.4.57.v20241219/jetty-servlet-9.4.57.v20241219.jar:/home/runner/.m2/repository/org/eclipse/jetty/jetty-security/9.4.57.v20241219/jetty-security-9.4.57.v20241219.jar:/home/runner/.m2/repository/org/eclipse/jetty/jetty-webapp/9.4.57.v20241219/jetty-webapp-9.4.57.v20241219.jar:/home/runner/.m2/repository/org/eclipse/jetty/jetty-xml/9.4.57.v20241219/jetty-xml-9.4.57.v20241219.jar:/home/runner/.m2/repository/javax/servlet/jsp/jsp-api/2.1/jsp-api-2.1.jar:/home/runner/.m2/repository/org/codehaus/jettison/jettison/1.5.4/jettison-1.5.4.jar:/home/runner/.m2/repository/org/apache/commons/commons-configuration2/2.12.0/commons-configuration2-2.12.0.jar:/home/runner/.m2/repository/com/google/re2j/re2j/1.7/re2j-1.7.jar:/home/runner/.m2/repository/com/google/code/gson/gson/2.10.1/gson-2.10.1.jar:/home/runner/.m2/repository/com/jcraft/jsch/0.1.55/jsch-0.1.55.jar:/home/runner/.m2/repository/io/netty/netty-handler/4.1.119.Final/netty-handler-4.1.119.Final.jar:/home/runner/.m2/repository/io/netty/netty-resolver/4.1.119.Final/netty-resolver-4.1.119.Final.jar:/home/runner/.m2/repository/io/netty/netty-transport-native-epoll/4.1.119.Final/netty-transport-native-epoll-4.1.119.Final.jar:/home/runner/.m2/repository/org/bouncycastle/bcprov-jdk18on/1.81/bcprov-jdk18on-1.81.jar:/home/runner/.m2/repository/org/codehaus/woodstox/stax2-api/4.2.1/stax2-api-4.2.1.jar:/home/runner/.m2/repository/com/fasterxml/woodstox/woodstox-core/5.4.0/woodstox-core-5.4.0.jar:/home/runner/.m2/repository/dnsjava/dnsjava/3.6.1/dnsjava-3.6.1.jar:/home/runner/.m2/repository/org/apache/hadoop/hadoop-common/3.4.1/hadoop-common-3.4.1-tests.jar:/home/runner/.m2/repository/org/apache/commons/commons-math3/3.6.1/commons-math3-3.6.1.jar:/home/runner/.m2/repository/com/sun/jersey/jersey-core/1.19.4/jersey-core-1.19.4.jar:/home/runner/.m2/repository/com/sun/jersey/jersey-servlet/1.19.4/jersey-servlet-1.19.4.jar:/home/runner/.m2/repository/com/github/pjfanning/jersey-json/1.22.0/jersey-json-1.22.0.jar:/home/runner/.m2/repository/com/sun/xml/bind/jaxb-impl/2.2.3-1/jaxb-impl-2.2.3-1.jar:/home/runner/.m2/repository/com/sun/jersey/jersey-server/1.19.4/jersey-server-1.19.4.jar:/home/runner/.m2/repository/org/slf4j/slf4j-reload4j/2.0.17/slf4j-reload4j-2.0.17.jar:/home/runner/.m2/repository/org/apache/avro/avro/1.9.2/avro-1.9.2.jar:/home/runner/.m2/repository/org/apache/curator/curator-client/4.2.0/curator-client-4.2.0.jar:/home/runner/.m2/repository/org/apache/curator/curator-recipes/5.2.0/curator-recipes-5.2.0.jar:/home/runner/.m2/repository/org/apache/curator/curator-framework/4.2.0/curator-framework-4.2.0.jar:/home/runner/.m2/repository/com/google/code/findbugs/jsr305/3.0.2/jsr305-3.0.2.jar:/home/runner/.m2/repository/org/apache/zookeeper/zookeeper/3.8.4/zookeeper-3.8.4.jar:/home/runner/.m2/repository/org/apache/zookeeper/zookeeper-jute/3.8.4/zookeeper-jute-3.8.4.jar:/home/runner/.m2/repository/org/apache/yetus/audience-annotations/0.12.0/audience-annotations-0.12.0.jar:/home/runner/.m2/repository/org/xerial/snappy/snappy-java/1.1.10.7/snappy-java-1.1.10.7.jar:/home/runner/.m2/repository/org/apache/hadoop/hadoop-distcp/3.4.1/hadoop-distcp-3.4.1.jar:/home/runner/.m2/repository/org/apache/hadoop/hadoop-distcp/3.4.1/hadoop-distcp-3.4.1-tests.jar:/home/runner/.m2/repository/org/apache/hadoop/hadoop-hdfs/3.4.1/hadoop-hdfs-3.4.1.jar:/home/runner/.m2/repository/org/eclipse/jetty/jetty-util-ajax/9.4.57.v20241219/jetty-util-ajax-9.4.57.v20241219.jar:/home/runner/.m2/repository/commons-daemon/commons-daemon/1.4.0/commons-daemon-1.4.0.jar:/home/runner/.m2/repository/org/apache/hadoop/hadoop-hdfs/3.4.1/hadoop-hdfs-3.4.1-tests.jar:/home/runner/.m2/repository/io/netty/netty-all/4.1.119.Final/netty-all-4.1.119.Final.jar:/home/runner/.m2/repository/io/netty/netty-codec-dns/4.1.119.Final/netty-codec-dns-4.1.119.Final.jar:/home/runner/.m2/repository/io/netty/netty-codec-haproxy/4.1.119.Final/netty-codec-haproxy-4.1.119.Final.jar:/home/runner/.m2/repository/io/netty/netty-codec-http/4.1.119.Final/netty-codec-http-4.1.119.Final.jar:/home/runner/.m2/repository/io/netty/netty-codec-memcache/4.1.119.Final/netty-codec-memcache-4.1.119.Final.jar:/home/runner/.m2/repository/io/netty/netty-codec-mqtt/4.1.119.Final/netty-codec-mqtt-4.1.119.Final.jar:/home/runner/.m2/repository/io/netty/netty-codec-redis/4.1.119.Final/netty-codec-redis-4.1.119.Final.jar:/home/runner/.m2/repository/io/netty/netty-codec-smtp/4.1.119.Final/netty-codec-smtp-4.1.119.Final.jar:/home/runner/.m2/repository/io/netty/netty-codec-socks/4.1.119.Final/netty-codec-socks-4.1.119.Final.jar:/home/runner/.m2/repository/io/netty/netty-codec-stomp/4.1.119.Final/netty-codec-stomp-4.1.119.Final.jar:/home/runner/.m2/repository/io/netty/netty-codec-xml/4.1.119.Final/netty-codec-xml-4.1.119.Final.jar:/home/runner/.m2/repository/io/netty/netty-handler-ssl-ocsp/4.1.119.Final/netty-handler-ssl-ocsp-4.1.119.Final.jar:/home/runner/.m2/repository/io/netty/netty-resolver-dns/4.1.119.Final/netty-resolver-dns-4.1.119.Final.jar:/home/runner/.m2/repository/io/netty/netty-transport-rxtx/4.1.119.Final/netty-transport-rxtx-4.1.119.Final.jar:/home/runner/.m2/repository/io/netty/netty-transport-sctp/4.1.119.Final/netty-transport-sctp-4.1.119.Final.jar:/home/runner/.m2/repository/io/netty/netty-transport-udt/4.1.119.Final/netty-transport-udt-4.1.119.Final.jar:/home/runner/.m2/repository/io/netty/netty-transport-classes-kqueue/4.1.119.Final/netty-transport-classes-kqueue-4.1.119.Final.jar:/home/runner/.m2/repository/io/netty/netty-resolver-dns-classes-macos/4.1.119.Final/netty-resolver-dns-classes-macos-4.1.119.Final.jar:/home/runner/.m2/repository/io/netty/netty-transport-native-epoll/4.1.119.Final/netty-transport-native-epoll-4.1.119.Final-linux-aarch_64.jar:/home/runner/.m2/repository/io/netty/netty-transport-native-epoll/4.1.119.Final/netty-transport-native-epoll-4.1.119.Final-linux-riscv64.jar:/home/runner/.m2/repository/io/netty/netty-transport-native-kqueue/4.1.119.Final/netty-transport-native-kqueue-4.1.119.Final-osx-x86_64.jar:/home/runner/.m2/repository/io/netty/netty-transport-native-kqueue/4.1.119.Final/netty-transport-native-kqueue-4.1.119.Final-osx-aarch_64.jar:/home/runner/.m2/repository/io/netty/netty-resolver-dns-native-macos/4.1.119.Final/netty-resolver-dns-native-macos-4.1.119.Final-osx-x86_64.jar:/home/runner/.m2/repository/io/netty/netty-resolver-dns-native-macos/4.1.119.Final/netty-resolver-dns-native-macos-4.1.119.Final-osx-aarch_64.jar:/home/runner/.m2/repository/org/fusesource/leveldbjni/leveldbjni-all/1.8/leveldbjni-all-1.8.jar:/home/runner/.m2/repository/org/apache/hadoop/hadoop-hdfs-client/3.4.1/hadoop-hdfs-client-3.4.1.jar:/home/runner/.m2/repository/org/apache/hadoop/hadoop-kms/3.4.1/hadoop-kms-3.4.1.jar:/home/runner/.m2/repository/org/apache/hadoop/hadoop-kms/3.4.1/hadoop-kms-3.4.1-tests.jar:/home/runner/.m2/repository/org/apache/hadoop/hadoop-mapreduce-client-core/3.4.1/hadoop-mapreduce-client-core-3.4.1.jar:/home/runner/.m2/repository/org/apache/hadoop/hadoop-yarn-client/3.4.1/hadoop-yarn-client-3.4.1.jar:/home/runner/.m2/repository/org/eclipse/jetty/websocket/websocket-client/9.4.53.v20231009/websocket-client-9.4.53.v20231009.jar:/home/runner/.m2/repository/org/eclipse/jetty/jetty-client/9.4.57.v20241219/jetty-client-9.4.57.v20241219.jar:/home/runner/.m2/repository/org/eclipse/jetty/websocket/websocket-common/9.4.53.v20231009/websocket-common-9.4.53.v20231009.jar:/home/runner/.m2/repository/org/eclipse/jetty/websocket/websocket-api/9.4.53.v20231009/websocket-api-9.4.53.v20231009.jar:/home/runner/.m2/repository/org/apache/hadoop/hadoop-yarn-api/3.4.1/hadoop-yarn-api-3.4.1.jar:/home/runner/.m2/repository/org/apache/hadoop/hadoop-yarn-common/3.4.1/hadoop-yarn-common-3.4.1.jar:/home/runner/.m2/repository/javax/xml/bind/jaxb-api/2.2.11/jaxb-api-2.2.11.jar:/home/runner/.m2/repository/com/sun/jersey/contribs/jersey-guice/1.19.4/jersey-guice-1.19.4.jar:/home/runner/.m2/repository/com/fasterxml/jackson/module/jackson-module-jaxb-annotations/2.16.2/jackson-module-jaxb-annotations-2.16.2.jar:/home/runner/.m2/repository/com/fasterxml/jackson/jaxrs/jackson-jaxrs-json-provider/2.16.2/jackson-jaxrs-json-provider-2.16.2.jar:/home/runner/.m2/repository/com/google/inject/extensions/guice-servlet/6.0.0/guice-servlet-6.0.0.jar:/home/runner/.m2/repository/org/apache/hadoop/hadoop-mapreduce-client-jobclient/3.4.1/hadoop-mapreduce-client-jobclient-3.4.1.jar:/home/runner/.m2/repository/org/apache/hadoop/hadoop-mapreduce-client-common/3.4.1/hadoop-mapreduce-client-common-3.4.1.jar:/home/runner/.m2/repository/org/apache/hadoop/hadoop-minikdc/3.4.1/hadoop-minikdc-3.4.1.jar:/home/runner/.m2/repository/org/apache/kerby/kerb-simplekdc/2.0.3/kerb-simplekdc-2.0.3.jar:/home/runner/.m2/repository/org/apache/kerby/kerb-client/2.0.3/kerb-client-2.0.3.jar:/home/runner/.m2/repository/org/apache/kerby/kerb-common/2.0.3/kerb-common-2.0.3.jar:/home/runner/.m2/repository/org/apache/kerby/token-provider/2.0.3/token-provider-2.0.3.jar:/home/runner/.m2/repository/org/apache/kerby/kerb-admin/2.0.3/kerb-admin-2.0.3.jar:/home/runner/.m2/repository/org/apache/kerby/kerb-server/2.0.3/kerb-server-2.0.3.jar:/home/runner/.m2/repository/org/apache/kerby/kerb-identity/2.0.3/kerb-identity-2.0.3.jar:/home/runner/.m2/repository/org/apache/kerby/kerby-xdr/2.0.3/kerby-xdr-2.0.3.jar:/home/runner/.m2/repository/junit/junit/4.13.2/junit-4.13.2.jar:/home/runner/.m2/repository/org/hamcrest/hamcrest-core/1.3/hamcrest-core-1.3.jar:/home/runner/.m2/repository/org/apache/httpcomponents/httpclient/4.5.14/httpclient-4.5.14.jar:/home/runner/.m2/repository/org/apache/httpcomponents/httpcore/4.4.16/httpcore-4.4.16.jar:/home/runner/.m2/repository/org/apache/kerby/kerby-util/1.0.1/kerby-util-1.0.1.jar:/home/runner/work/ozone/ozone/hadoop-hdds/client/target/hdds-client-2.1.0-SNAPSHOT.jar:/home/runner/.m2/repository/io/opentracing/opentracing-api/0.33.0/opentracing-api-0.33.0.jar:/home/runner/.m2/repository/io/opentracing/opentracing-util/0.33.0/opentracing-util-0.33.0.jar:/home/runner/.m2/repository/io/opentracing/opentracing-noop/0.33.0/opentracing-noop-0.33.0.jar:/home/runner/work/ozone/ozone/hadoop-hdds/erasurecode/target/hdds-erasurecode-2.1.0-SNAPSHOT.jar:/home/runner/work/ozone/ozone/hadoop-hdds/common/target/hdds-common-2.1.0-SNAPSHOT.jar:/home/runner/.m2/repository/com/fasterxml/jackson/datatype/jackson-datatype-jsr310/2.16.2/jackson-datatype-jsr310-2.16.2.jar:/home/runner/.m2/repository/io/jaegertracing/jaeger-core/1.8.1/jaeger-core-1.8.1.jar:/home/runner/.m2/repository/org/apache/ratis/ratis-netty/3.2.0/ratis-netty-3.2.0.jar:/home/runner/.m2/repository/org/yaml/snakeyaml/2.0/snakeyaml-2.0.jar:/home/runner/.m2/repository/io/jaegertracing/jaeger-client/1.8.1/jaeger-client-1.8.1.jar:/home/runner/.m2/repository/io/jaegertracing/jaeger-thrift/1.8.1/jaeger-thrift-1.8.1.jar:/home/runner/.m2/repository/org/apache/thrift/libthrift/0.15.0/libthrift-0.15.0.jar:/home/runner/.m2/repository/io/jaegertracing/jaeger-tracerresolver/1.8.1/jaeger-tracerresolver-1.8.1.jar:/home/runner/.m2/repository/io/opentracing/contrib/opentracing-tracerresolver/0.1.8/opentracing-tracerresolver-0.1.8.jar:/home/runner/.m2/repository/org/apache/ratis/ratis-metrics-dropwizard3/3.2.0/ratis-metrics-dropwizard3-3.2.0.jar:/home/runner/.m2/repository/org/slf4j/jcl-over-slf4j/2.0.17/jcl-over-slf4j-2.0.17.jar:/home/runner/work/ozone/ozone/hadoop-hdds/common/target/hdds-common-2.1.0-SNAPSHOT-tests.jar:/home/runner/work/ozone/ozone/hadoop-hdds/config/target/hdds-config-2.1.0-SNAPSHOT.jar:/home/runner/work/ozone/ozone/hadoop-hdds/container-service/target/hdds-container-service-2.1.0-SNAPSHOT.jar:/home/runner/.m2/repository/io/netty/netty-buffer/4.1.119.Final/netty-buffer-4.1.119.Final.jar:/home/runner/.m2/repository/io/netty/netty-codec/4.1.119.Final/netty-codec-4.1.119.Final.jar:/home/runner/.m2/repository/io/netty/netty-common/4.1.119.Final/netty-common-4.1.119.Final.jar:/home/runner/.m2/repository/io/netty/netty-transport/4.1.119.Final/netty-transport-4.1.119.Final.jar:/home/runner/.m2/repository/org/apache/logging/log4j/log4j-api/2.25.0/log4j-api-2.25.0.jar:/home/runner/.m2/repository/com/github/luben/zstd-jni/1.5.7-3/zstd-jni-1.5.7-3.jar:/home/runner/.m2/repository/log4j/apache-log4j-extras/1.2.17/apache-log4j-extras-1.2.17.jar:/home/runner/.m2/repository/org/glassfish/jaxb/jaxb-runtime/2.3.9/jaxb-runtime-2.3.9.jar:/home/runner/.m2/repository/org/glassfish/jaxb/txw2/2.3.9/txw2-2.3.9.jar:/home/runner/.m2/repository/com/sun/istack/istack-commons-runtime/3.0.12/istack-commons-runtime-3.0.12.jar:/home/runner/.m2/repository/com/sun/activation/jakarta.activation/1.2.2/jakarta.activation-1.2.2.jar:/home/runner/work/ozone/ozone/hadoop-hdds/container-service/target/hdds-container-service-2.1.0-SNAPSHOT-tests.jar:/home/runner/work/ozone/ozone/hadoop-hdds/interface-admin/target/hdds-interface-admin-2.1.0-SNAPSHOT.jar:/home/runner/work/ozone/ozone/hadoop-hdds/interface-client/target/hdds-interface-client-2.1.0-SNAPSHOT.jar:/home/runner/work/ozone/ozone/hadoop-hdds/interface-server/target/hdds-interface-server-2.1.0-SNAPSHOT.jar:/home/runner/work/ozone/ozone/hadoop-hdds/managed-rocksdb/target/hdds-managed-rocksdb-2.1.0-SNAPSHOT.jar:/home/runner/work/ozone/ozone/hadoop-hdds/rocks-native/target/hdds-rocks-native-2.1.0-SNAPSHOT.jar:/home/runner/work/ozone/ozone/hadoop-hdds/framework/target/hdds-server-framework-2.1.0-SNAPSHOT.jar:/home/runner/.m2/repository/com/github/jnr/jnr-constants/0.10.4/jnr-constants-0.10.4.jar:/home/runner/.m2/repository/com/github/jnr/jnr-posix/3.1.20/jnr-posix-3.1.20.jar:/home/runner/.m2/repository/com/github/jnr/jnr-ffi/2.2.17/jnr-ffi-2.2.17.jar:/home/runner/.m2/repository/com/github/jnr/jffi/1.3.13/jffi-1.3.13.jar:/home/runner/.m2/repository/com/github/jnr/jffi/1.3.13/jffi-1.3.13-native.jar:/home/runner/.m2/repository/org/ow2/asm/asm/9.7.1/asm-9.7.1.jar:/home/runner/.m2/repository/org/ow2/asm/asm-commons/9.7.1/asm-commons-9.7.1.jar:/home/runner/.m2/repository/org/ow2/asm/asm-analysis/9.7.1/asm-analysis-9.7.1.jar:/home/runner/.m2/repository/org/ow2/asm/asm-tree/9.7.1/asm-tree-9.7.1.jar:/home/runner/.m2/repository/org/ow2/asm/asm-util/9.7.1/asm-util-9.7.1.jar:/home/runner/.m2/repository/com/github/jnr/jnr-a64asm/1.0.0/jnr-a64asm-1.0.0.jar:/home/runner/.m2/repository/com/github/jnr/jnr-x86asm/1.0.2/jnr-x86asm-1.0.2.jar:/home/runner/.m2/repository/commons-fileupload/commons-fileupload/1.5/commons-fileupload-1.5.jar:/home/runner/.m2/repository/io/grpc/grpc-api/1.71.0/grpc-api-1.71.0.jar:/home/runner/.m2/repository/io/prometheus/simpleclient/0.16.0/simpleclient-0.16.0.jar:/home/runner/.m2/repository/io/prometheus/simpleclient_common/0.16.0/simpleclient_common-0.16.0.jar:/home/runner/.m2/repository/io/prometheus/simpleclient_dropwizard/0.16.0/simpleclient_dropwizard-0.16.0.jar:/home/runner/.m2/repository/jakarta/ws/rs/jakarta.ws.rs-api/2.1.6/jakarta.ws.rs-api-2.1.6.jar:/home/runner/.m2/repository/org/eclipse/jetty/jetty-http/9.4.57.v20241219/jetty-http-9.4.57.v20241219.jar:/home/runner/.m2/repository/org/glassfish/jersey/containers/jersey-container-servlet-core/2.47/jersey-container-servlet-core-2.47.jar:/home/runner/.m2/repository/org/glassfish/jersey/core/jersey-server/2.47/jersey-server-2.47.jar:/home/runner/.m2/repository/org/glassfish/jersey/core/jersey-client/2.47/jersey-client-2.47.jar:/home/runner/.m2/repository/com/lmax/disruptor/3.4.4/disruptor-3.4.4.jar:/home/runner/.m2/repository/org/apache/logging/log4j/log4j-core/2.25.0/log4j-core-2.25.0.jar:/home/runner/work/ozone/ozone/hadoop-hdds/framework/target/hdds-server-framework-2.1.0-SNAPSHOT-tests.jar:/home/runner/work/ozone/ozone/hadoop-hdds/server-scm/target/hdds-server-scm-2.1.0-SNAPSHOT.jar:/home/runner/work/ozone/ozone/hadoop-hdds/server-scm/target/hdds-server-scm-2.1.0-SNAPSHOT-tests.jar:/home/runner/work/ozone/ozone/hadoop-hdds/test-utils/target/hdds-test-utils-2.1.0-SNAPSHOT-tests.jar:/home/runner/work/ozone/ozone/hadoop-ozone/cli-admin/target/ozone-cli-admin-2.1.0-SNAPSHOT.jar:/home/runner/work/ozone/ozone/hadoop-ozone/cli-shell/target/ozone-cli-shell-2.1.0-SNAPSHOT.jar:/home/runner/.m2/repository/info/picocli/picocli-shell-jline3/4.7.7/picocli-shell-jline3-4.7.7.jar:/home/runner/.m2/repository/org/jline/jline/3.30.4/jline-3.30.4.jar:/home/runner/work/ozone/ozone/hadoop-ozone/client/target/ozone-client-2.1.0-SNAPSHOT.jar:/home/runner/work/ozone/ozone/hadoop-ozone/common/target/ozone-common-2.1.0-SNAPSHOT.jar:/home/runner/.m2/repository/io/grpc/grpc-netty/1.71.0/grpc-netty-1.71.0.jar:/home/runner/.m2/repository/org/codehaus/mojo/animal-sniffer-annotations/1.24/animal-sniffer-annotations-1.24.jar:/home/runner/.m2/repository/io/grpc/grpc-core/1.71.0/grpc-core-1.71.0.jar:/home/runner/.m2/repository/com/google/android/annotations/4.1.1.4/annotations-4.1.1.4.jar:/home/runner/.m2/repository/io/grpc/grpc-context/1.71.0/grpc-context-1.71.0.jar:/home/runner/.m2/repository/io/perfmark/perfmark-api/0.27.0/perfmark-api-0.27.0.jar:/home/runner/.m2/repository/io/grpc/grpc-util/1.71.0/grpc-util-1.71.0.jar:/home/runner/.m2/repository/io/netty/netty-codec-http2/4.1.119.Final/netty-codec-http2-4.1.119.Final.jar:/home/runner/.m2/repository/io/netty/netty-handler-proxy/4.1.119.Final/netty-handler-proxy-4.1.119.Final.jar:/home/runner/.m2/repository/io/netty/netty-tcnative-boringssl-static/2.0.70.Final/netty-tcnative-boringssl-static-2.0.70.Final.jar:/home/runner/.m2/repository/io/netty/netty-tcnative-classes/2.0.70.Final/netty-tcnative-classes-2.0.70.Final.jar:/home/runner/.m2/repository/io/netty/netty-tcnative-boringssl-static/2.0.70.Final/netty-tcnative-boringssl-static-2.0.70.Final-linux-x86_64.jar:/home/runner/.m2/repository/io/netty/netty-tcnative-boringssl-static/2.0.70.Final/netty-tcnative-boringssl-static-2.0.70.Final-linux-aarch_64.jar:/home/runner/.m2/repository/io/netty/netty-tcnative-boringssl-static/2.0.70.Final/netty-tcnative-boringssl-static-2.0.70.Final-osx-x86_64.jar:/home/runner/.m2/repository/io/netty/netty-tcnative-boringssl-static/2.0.70.Final/netty-tcnative-boringssl-static-2.0.70.Final-osx-aarch_64.jar:/home/runner/.m2/repository/io/netty/netty-tcnative-boringssl-static/2.0.70.Final/netty-tcnative-boringssl-static-2.0.70.Final-windows-x86_64.jar:/home/runner/work/ozone/ozone/hadoop-ozone/csi/target/ozone-csi-2.1.0-SNAPSHOT.jar:/home/runner/.m2/repository/io/grpc/grpc-protobuf/1.71.0/grpc-protobuf-1.71.0.jar:/home/runner/.m2/repository/com/google/api/grpc/proto-google-common-protos/2.51.0/proto-google-common-protos-2.51.0.jar:/home/runner/.m2/repository/io/grpc/grpc-protobuf-lite/1.71.0/grpc-protobuf-lite-1.71.0.jar:/home/runner/.m2/repository/io/grpc/grpc-stub/1.71.0/grpc-stub-1.71.0.jar:/home/runner/.m2/repository/io/netty/netty-transport-classes-epoll/4.1.119.Final/netty-transport-classes-epoll-4.1.119.Final.jar:/home/runner/.m2/repository/io/netty/netty-transport-native-unix-common/4.1.119.Final/netty-transport-native-unix-common-4.1.119.Final.jar:/home/runner/.m2/repository/io/netty/netty-transport-native-epoll/4.1.119.Final/netty-transport-native-epoll-4.1.119.Final-linux-x86_64.jar:/home/runner/work/ozone/ozone/hadoop-ozone/ozonefs/target/ozone-filesystem-2.1.0-SNAPSHOT.jar:/home/runner/work/ozone/ozone/hadoop-ozone/ozonefs-common/target/ozone-filesystem-common-2.1.0-SNAPSHOT.jar:/home/runner/work/ozone/ozone/hadoop-ozone/freon/target/ozone-freon-2.1.0-SNAPSHOT.jar:/home/runner/.m2/repository/com/amazonaws/aws-java-sdk-core/1.12.661/aws-java-sdk-core-1.12.661.jar:/home/runner/.m2/repository/com/fasterxml/jackson/dataformat/jackson-dataformat-cbor/2.16.2/jackson-dataformat-cbor-2.16.2.jar:/home/runner/.m2/repository/joda-time/joda-time/2.12.7/joda-time-2.12.7.jar:/home/runner/.m2/repository/com/amazonaws/aws-java-sdk-s3/1.12.661/aws-java-sdk-s3-1.12.661.jar:/home/runner/.m2/repository/com/amazonaws/aws-java-sdk-kms/1.12.661/aws-java-sdk-kms-1.12.661.jar:/home/runner/.m2/repository/com/amazonaws/jmespath-java/1.12.661/jmespath-java-1.12.661.jar:/home/runner/work/ozone/ozone/hadoop-ozone/interface-client/target/ozone-interface-client-2.1.0-SNAPSHOT.jar:/home/runner/work/ozone/ozone/hadoop-ozone/interface-storage/target/ozone-interface-storage-2.1.0-SNAPSHOT.jar:/home/runner/work/ozone/ozone/hadoop-ozone/ozone-manager/target/ozone-manager-2.1.0-SNAPSHOT.jar:/home/runner/.m2/repository/com/sun/jersey/jersey-client/1.19.4/jersey-client-1.19.4.jar:/home/runner/.m2/repository/org/apache/ranger/ranger-plugins-common/2.6.0/ranger-plugins-common-2.6.0.jar:/home/runner/.m2/repository/com/fasterxml/jackson/jaxrs/jackson-jaxrs-base/2.16.2/jackson-jaxrs-base-2.16.2.jar:/home/runner/.m2/repository/com/kstruct/gethostname4j/1.0.0/gethostname4j-1.0.0.jar:/home/runner/.m2/repository/commons-lang/commons-lang/2.6/commons-lang-2.6.jar:/home/runner/.m2/repository/net/java/dev/jna/jna/5.2.0/jna-5.2.0.jar:/home/runner/.m2/repository/net/java/dev/jna/jna-platform/5.2.0/jna-platform-5.2.0.jar:/home/runner/.m2/repository/org/apache/ranger/ranger-plugin-classloader/2.6.0/ranger-plugin-classloader-2.6.0.jar:/home/runner/.m2/repository/org/apache/ranger/ranger-plugins-audit/2.6.0/ranger-plugins-audit-2.6.0.jar:/home/runner/.m2/repository/com/amazonaws/aws-java-sdk-logs/1.12.765/aws-java-sdk-logs-1.12.765.jar:/home/runner/.m2/repository/com/carrotsearch/hppc/0.8.0/hppc-0.8.0.jar:/home/runner/.m2/repository/io/airlift/aircompressor/0.27/aircompressor-0.27.jar:/home/runner/.m2/repository/org/apache/httpcomponents/httpasyncclient/4.1.4/httpasyncclient-4.1.4.jar:/home/runner/.m2/repository/org/apache/httpcomponents/httpcore-nio/4.4.16/httpcore-nio-4.4.16.jar:/home/runner/.m2/repository/org/apache/httpcomponents/httpmime/4.5.13/httpmime-4.5.13.jar:/home/runner/.m2/repository/org/apache/orc/orc-core/1.5.8/orc-core-1.5.8.jar:/home/runner/.m2/repository/org/apache/orc/orc-shims/1.5.8/orc-shims-1.5.8.jar:/home/runner/.m2/repository/org/apache/ranger/ranger-plugins-cred/2.6.0/ranger-plugins-cred-2.6.0.jar:/home/runner/.m2/repository/org/aspectj/aspectjrt/1.9.7/aspectjrt-1.9.7.jar:/home/runner/work/ozone/ozone/hadoop-ozone/ozone-manager/target/ozone-manager-2.1.0-SNAPSHOT-tests.jar:/home/runner/work/ozone/ozone/hadoop-ozone/mini-cluster/target/ozone-mini-cluster-2.1.0-SNAPSHOT.jar:/home/runner/work/ozone/ozone/hadoop-ozone/recon/target/ozone-recon-2.1.0-SNAPSHOT.jar:/home/runner/.m2/repository/aopalliance/aopalliance/1.0/aopalliance-1.0.jar:/home/runner/.m2/repository/com/google/inject/guice/6.0.0/guice-6.0.0.jar:/home/runner/.m2/repository/jakarta/inject/jakarta.inject-api/2.0.1/jakarta.inject-api-2.0.1.jar:/home/runner/.m2/repository/com/jolbox/bonecp/0.8.0.RELEASE/bonecp-0.8.0.RELEASE.jar:/home/runner/.m2/repository/jakarta/validation/jakarta.validation-api/2.0.2/jakarta.validation-api-2.0.2.jar:/home/runner/.m2/repository/javax/annotation/javax.annotation-api/1.3.2/javax.annotation-api-1.3.2.jar:/home/runner/.m2/repository/javax/inject/javax.inject/1/javax.inject-1.jar:/home/runner/.m2/repository/org/apache/derby/derby/10.14.2.0/derby-10.14.2.0.jar:/home/runner/.m2/repository/org/glassfish/hk2/guice-bridge/2.6.1/guice-bridge-2.6.1.jar:/home/runner/.m2/repository/org/glassfish/hk2/hk2-api/2.6.1/hk2-api-2.6.1.jar:/home/runner/.m2/repository/org/glassfish/hk2/hk2-utils/2.6.1/hk2-utils-2.6.1.jar:/home/runner/.m2/repository/org/glassfish/hk2/external/aopalliance-repackaged/2.6.1/aopalliance-repackaged-2.6.1.jar:/home/runner/.m2/repository/org/glassfish/jersey/core/jersey-common/2.47/jersey-common-2.47.jar:/home/runner/.m2/repository/org/glassfish/hk2/osgi-resource-locator/1.0.3/osgi-resource-locator-1.0.3.jar:/home/runner/.m2/repository/org/jooq/jooq/3.11.10/jooq-3.11.10.jar:/home/runner/.m2/repository/org/springframework/spring-core/5.3.39/spring-core-5.3.39.jar:/home/runner/.m2/repository/org/springframework/spring-jdbc/5.3.39/spring-jdbc-5.3.39.jar:/home/runner/.m2/repository/org/springframework/spring-beans/5.3.39/spring-beans-5.3.39.jar:/home/runner/.m2/repository/org/springframework/spring-tx/5.3.39/spring-tx-5.3.39.jar:/home/runner/.m2/repository/org/xerial/sqlite-jdbc/3.50.1.0/sqlite-jdbc-3.50.1.0.jar:/home/runner/.m2/repository/com/google/inject/extensions/guice-assistedinject/6.0.0/guice-assistedinject-6.0.0.jar:/home/runner/.m2/repository/org/glassfish/hk2/external/jakarta.inject/2.6.1/jakarta.inject-2.6.1.jar:/home/runner/.m2/repository/org/glassfish/jersey/inject/jersey-hk2/2.47/jersey-hk2-2.47.jar:/home/runner/.m2/repository/org/glassfish/hk2/hk2-locator/2.6.1/hk2-locator-2.6.1.jar:/home/runner/.m2/repository/org/glassfish/jersey/media/jersey-media-jaxb/2.47/jersey-media-jaxb-2.47.jar:/home/runner/.m2/repository/org/glassfish/jersey/media/jersey-media-json-jackson/2.47/jersey-media-json-jackson-2.47.jar:/home/runner/.m2/repository/org/glassfish/jersey/ext/jersey-entity-filtering/2.47/jersey-entity-filtering-2.47.jar:/home/runner/work/ozone/ozone/hadoop-ozone/recon-codegen/target/ozone-reconcodegen-2.1.0-SNAPSHOT.jar:/home/runner/.m2/repository/org/jooq/jooq-codegen/3.11.10/jooq-codegen-3.11.10.jar:/home/runner/.m2/repository/org/jooq/jooq-meta/3.11.10/jooq-meta-3.11.10.jar:/home/runner/work/ozone/ozone/hadoop-ozone/s3gateway/target/ozone-s3gateway-2.1.0-SNAPSHOT.jar:/home/runner/work/ozone/ozone/hadoop-ozone/tools/target/ozone-tools-2.1.0-SNAPSHOT.jar:/home/runner/.m2/repository/com/github/vlsi/mxgraph/jgraphx/3.9.12/jgraphx-3.9.12.jar:/home/runner/.m2/repository/org/apache/ratis/ratis-shell/3.2.0/ratis-shell-3.2.0.jar:/home/runner/.m2/repository/org/apache/ratis/ratis-tools/3.2.0/ratis-tools-3.2.0.jar:/home/runner/.m2/repository/org/jgrapht/jgrapht-core/1.4.0/jgrapht-core-1.4.0.jar:/home/runner/.m2/repository/org/jheaps/jheaps/0.11/jheaps-0.11.jar:/home/runner/.m2/repository/org/jgrapht/jgrapht-ext/1.4.0/jgrapht-ext-1.4.0.jar:/home/runner/work/ozone/ozone/hadoop-hdds/rocksdb-checkpoint-differ/target/rocksdb-checkpoint-differ-2.1.0-SNAPSHOT.jar:/home/runner/.m2/repository/org/apache/ranger/ranger-intg/2.6.0/ranger-intg-2.6.0.jar:/home/runner/.m2/repository/org/apache/ratis/ratis-client/3.2.0/ratis-client-3.2.0.jar:/home/runner/.m2/repository/org/apache/ratis/ratis-common/3.2.0/ratis-common-3.2.0.jar:/home/runner/.m2/repository/org/apache/ratis/ratis-grpc/3.2.0/ratis-grpc-3.2.0.jar:/home/runner/.m2/repository/org/apache/ratis/ratis-metrics-api/3.2.0/ratis-metrics-api-3.2.0.jar:/home/runner/.m2/repository/org/apache/ratis/ratis-proto/3.2.0/ratis-proto-3.2.0.jar:/home/runner/.m2/repository/org/apache/ratis/ratis-server/3.2.0/ratis-server-3.2.0.jar:/home/runner/.m2/repository/org/apache/ratis/ratis-server-api/3.2.0/ratis-server-api-3.2.0.jar:/home/runner/.m2/repository/org/apache/ratis/ratis-thirdparty-misc/1.0.9/ratis-thirdparty-misc-1.0.9.jar:/home/runner/.m2/repository/org/bouncycastle/bcpkix-jdk18on/1.81/bcpkix-jdk18on-1.81.jar:/home/runner/.m2/repository/org/bouncycastle/bcutil-jdk18on/1.81/bcutil-jdk18on-1.81.jar:/home/runner/.m2/repository/org/hamcrest/hamcrest/2.2/hamcrest-2.2.jar:/home/runner/.m2/repository/org/reflections/reflections/0.10.2/reflections-0.10.2.jar:/home/runner/.m2/repository/org/javassist/javassist/3.30.2-GA/javassist-3.30.2-GA.jar:/home/runner/.m2/repository/org/rocksdb/rocksdbjni/7.7.3/rocksdbjni-7.7.3.jar:/home/runner/.m2/repository/org/slf4j/jul-to-slf4j/2.0.17/jul-to-slf4j-2.0.17.jar:/home/runner/.m2/repository/org/slf4j/slf4j-api/2.0.17/slf4j-api-2.0.17.jar:/home/runner/.m2/repository/org/assertj/assertj-core/3.27.3/assertj-core-3.27.3.jar:/home/runner/.m2/repository/net/bytebuddy/byte-buddy/1.15.11/byte-buddy-1.15.11.jar:/home/runner/.m2/repository/org/junit/jupiter/junit-jupiter-api/5.13.2/junit-jupiter-api-5.13.2.jar:/home/runner/.m2/repository/org/opentest4j/opentest4j/1.3.0/opentest4j-1.3.0.jar:/home/runner/.m2/repository/org/junit/platform/junit-platform-commons/1.13.2/junit-platform-commons-1.13.2.jar:/home/runner/.m2/repository/org/apiguardian/apiguardian-api/1.1.2/apiguardian-api-1.1.2.jar:/home/runner/.m2/repository/org/junit/jupiter/junit-jupiter-params/5.13.2/junit-jupiter-params-5.13.2.jar:/home/runner/.m2/repository/org/mockito/mockito-core/4.11.0/mockito-core-4.11.0.jar:/home/runner/.m2/repository/net/bytebuddy/byte-buddy-agent/1.12.19/byte-buddy-agent-1.12.19.jar:/home/runner/.m2/repository/org/objenesis/objenesis/3.3/objenesis-3.3.jar:/home/runner/.m2/repository/org/mockito/mockito-inline/4.11.0/mockito-inline-4.11.0.jar:/home/runner/.m2/repository/org/mockito/mockito-junit-jupiter/4.11.0/mockito-junit-jupiter-4.11.0.jar:/home/runner/work/ozone/ozone/hadoop-ozone/integration-test/target/gradle-enterprise/test-listeners.jar:"/>
    <property name="sun.cpu.endian" value="little"/>
    <property name="user.home" value="/home/runner"/>
    <property name="user.language" value="en"/>
    <property name="java.specification.vendor" value="Oracle Corporation"/>
    <property name="skipRecon" value="true"/>
    <property name="java.version.date" value="2025-04-15"/>
    <property name="java.home" value="/usr/lib/jvm/temurin-21-jdk-amd64"/>
    <property name="java.security.krb5.conf" value="/home/runner/work/ozone/ozone/hadoop-ozone/integration-test/target/test-classes/krb5.conf"/>
    <property name="file.separator" value="/"/>
    <property name="basedir" value="/home/runner/work/ozone/ozone/hadoop-ozone/integration-test"/>
    <property name="java.vm.compressedOopsMode" value="Zero based"/>
    <property name="line.separator" value="&#10;"/>
    <property name="java.vm.specification.vendor" value="Oracle Corporation"/>
    <property name="java.specification.name" value="Java Platform API Specification"/>
    <property name="surefire.real.class.path" value="/home/runner/work/ozone/ozone/hadoop-ozone/integration-test/target/surefire/surefirebooter-20250702032801085_1105.jar"/>
    <property name="hadoop.log.dir" value="/home/runner/work/ozone/ozone/hadoop-ozone/integration-test/target/log"/>
    <property name="sun.management.compiler" value="HotSpot 64-Bit Tiered Compilers"/>
    <property name="skipShade" value="true"/>
    <property name="java.runtime.version" value="21.0.7+6-LTS"/>
    <property name="user.name" value="runner"/>
    <property name="java.net.preferIPv4Stack" value="true"/>
    <property name="stdout.encoding" value="UTF-8"/>
    <property name="path.separator" value=":"/>
    <property name="java.security.egd" value="file:///dev/urandom"/>
    <property name="os.version" value="6.11.0-1015-azure"/>
    <property name="java.runtime.name" value="OpenJDK Runtime Environment"/>
    <property name="com.gradle.maven.scan.extension.test.listener.junitplatform.NestedExecutionSafeDelegatingTestExecutionListener" value="2b43529a"/>
    <property name="file.encoding" value="UTF-8"/>
    <property name="java.vm.name" value="OpenJDK 64-Bit Server VM"/>
    <property name="rocks_tools_native" value="true"/>
    <property name="java.vendor.version" value="Temurin-21.0.7+6"/>
    <property name="test.build.webapps" value=""/>
    <property name="develocity.listener.surefire.forkId" value="1"/>
    <property name="localRepository" value="/home/runner/.m2/repository"/>
    <property name="java.vendor.url.bug" value="https://github.com/adoptium/adoptium-support/issues"/>
    <property name="jetty.git.hash" value="df524e6b29271c2e09ba9aea83c18dc9db464a31"/>
    <property name="java.io.tmpdir" value="/tmp"/>
    <property name="require.test.libhadoop" value=""/>
    <property name="java.version" value="21.0.7"/>
    <property name="user.dir" value="/home/runner/work/ozone/ozone/hadoop-ozone/integration-test"/>
    <property name="os.arch" value="amd64"/>
    <property name="java.vm.specification.name" value="Java Virtual Machine Specification"/>
    <property name="test.build.classes" value="/home/runner/work/ozone/ozone/hadoop-ozone/integration-test/target/test-classes"/>
    <property name="org.apache.ratis.thirdparty.io.netty.allocator.useCacheForAllThreads" value="false"/>
    <property name="native.encoding" value="UTF-8"/>
    <property name="hadoop.tmp.dir" value="/home/runner/work/ozone/ozone/hadoop-ozone/integration-test/target/tmp"/>
    <property name="java.library.path" value="/usr/java/packages/lib:/usr/lib64:/lib64:/lib:/usr/lib"/>
    <property name="java.vm.info" value="mixed mode, sharing"/>
    <property name="stderr.encoding" value="UTF-8"/>
    <property name="java.vendor" value="Eclipse Adoptium"/>
    <property name="java.vm.version" value="21.0.7+6-LTS"/>
    <property name="sun.io.unicode.encoding" value="UnicodeLittle"/>
    <property name="develocity.listener.port" value="40219"/>
    <property name="java.class.version" value="65.0"/>
  </properties>
  <testcase name="testCreateEC" classname="org.apache.ozone.test.NonHATests$ContainerOperations" time="0.031">
    <system-out><![CDATA[2025-07-02 03:55:14,423 [main] INFO  proxy.SCMContainerLocationFailoverProxyProvider (SCMFailoverProxyProviderBase.java:<init>(120)) - Created fail-over proxy for protocol StorageContainerLocationProtocolPB with 1 nodes: [nodeId=scmNodeId,nodeAddress=/0.0.0.0:15000]
2025-07-02 03:55:14,424 [main] INFO  proxy.SecretKeyProtocolFailoverProxyProvider (SCMFailoverProxyProviderBase.java:<init>(120)) - Created fail-over proxy for protocol SecretKeyProtocolScmPB with 1 nodes: [nodeId=scmNodeId,nodeAddress=/0.0.0.0:9961]
2025-07-02 03:55:14,446 [55955c7b-ed6e-47cf-8b82-6fab44cc7afd-ChunkReader-0] WARN  statemachine.DatanodeConfiguration (DatanodeConfiguration.java:validateMinFreeSpace(751)) - hdds.datanode.volume.min.free.space.percent = -1.0 is invalid, should be between 0 and 1
2025-07-02 03:55:14,448 [55955c7b-ed6e-47cf-8b82-6fab44cc7afd-ChunkReader-0] WARN  statemachine.DatanodeConfiguration (DatanodeConfiguration.java:validateMinFreeSpace(751)) - hdds.datanode.volume.min.free.space.percent = -1.0 is invalid, should be between 0 and 1
2025-07-02 03:55:14,455 [FixedThreadPoolWithAffinityExecutor-0-0] ERROR report.ContainerReportValidator$ECReplicaValidator (ContainerReportValidator.java:validate(71)) - ContainerReplicaReport for ContainerID: 65 in Datanode: 55955c7b-ed6e-47cf-8b82-6fab44cc7afd(localhost/127.0.0.1) failed. Replica Index should be between 1 and 5. Given Replica Index: 0
]]></system-out>
  </testcase>
  <testcase name="testCreateRatis" classname="org.apache.ozone.test.NonHATests$ContainerOperations" time="2.333">
    <system-out><![CDATA[2025-07-02 03:55:14,459 [IPC Server handler 17 on default port 15000] INFO  pipeline.RatisPipelineProvider (RatisPipelineProvider.java:lambda$create$0(208)) - Sending CreatePipelineCommand for pipeline:Pipeline-1a2cb838-1624-4021-b235-d97f604bdc99 to datanode:0ba2341f-228e-4e05-8d7d-900fed7a0a57(localhost/127.0.0.1)
2025-07-02 03:55:14,459 [IPC Server handler 17 on default port 15000] INFO  pipeline.RatisPipelineProvider (RatisPipelineProvider.java:lambda$create$0(208)) - Sending CreatePipelineCommand for pipeline:Pipeline-1a2cb838-1624-4021-b235-d97f604bdc99 to datanode:55955c7b-ed6e-47cf-8b82-6fab44cc7afd(localhost/127.0.0.1)
2025-07-02 03:55:14,460 [IPC Server handler 17 on default port 15000] INFO  pipeline.RatisPipelineProvider (RatisPipelineProvider.java:lambda$create$0(208)) - Sending CreatePipelineCommand for pipeline:Pipeline-1a2cb838-1624-4021-b235-d97f604bdc99 to datanode:b7c7155c-5132-4d4c-a9be-cb93614710ac(localhost/127.0.0.1)
2025-07-02 03:55:14,621 [grpc-default-executor-4] INFO  server.RaftServer (RaftServerProxy.java:remove(116)) - 0ba2341f-228e-4e05-8d7d-900fed7a0a57: remove    LEADER (RUNNING): 0ba2341f-228e-4e05-8d7d-900fed7a0a57@group-7B6B34780070:t1, leader=0ba2341f-228e-4e05-8d7d-900fed7a0a57, voted=0ba2341f-228e-4e05-8d7d-900fed7a0a57, raftlog=Memoized:0ba2341f-228e-4e05-8d7d-900fed7a0a57@group-7B6B34780070-SegmentedRaftLog:OPENED:c0:last(t:1, i:0), conf=conf: {index: 0, cur=peers:[0ba2341f-228e-4e05-8d7d-900fed7a0a57|127.0.0.1:15047, 72cec01b-739b-4a67-87fc-c882b0c5047f|127.0.0.1:15031, 51f09602-57df-417c-acba-b6ceb72510c6|127.0.0.1:15015]|listeners:[], old=null}
2025-07-02 03:55:14,622 [grpc-default-executor-4] INFO  server.RaftServer$Division (RaftServerImpl.java:lambda$close$1(527)) - 0ba2341f-228e-4e05-8d7d-900fed7a0a57@group-7B6B34780070: shutdown
2025-07-02 03:55:14,623 [grpc-default-executor-4] INFO  util.JmxRegister (JmxRegister.java:unregister(74)) - Successfully un-registered JMX Bean with object name Ratis:service=RaftServer,group=group-7B6B34780070,id=0ba2341f-228e-4e05-8d7d-900fed7a0a57
2025-07-02 03:55:14,623 [grpc-default-executor-4] INFO  impl.RoleInfo (RoleInfo.java:shutdownLeaderState(103)) - 0ba2341f-228e-4e05-8d7d-900fed7a0a57: shutdown 0ba2341f-228e-4e05-8d7d-900fed7a0a57@group-7B6B34780070-LeaderStateImpl
2025-07-02 03:55:14,624 [grpc-default-executor-4] INFO  impl.PendingRequests (PendingRequests.java:sendNotLeaderResponses(287)) - 0ba2341f-228e-4e05-8d7d-900fed7a0a57@group-7B6B34780070-PendingRequests: sendNotLeaderResponses
2025-07-02 03:55:14,624 [0ba2341f-228e-4e05-8d7d-900fed7a0a57@group-7B6B34780070->72cec01b-739b-4a67-87fc-c882b0c5047f-GrpcLogAppender-LogAppenderDaemon] WARN  server.GrpcLogAppender (GrpcLogAppender.java:mayWait(300)) - 0ba2341f-228e-4e05-8d7d-900fed7a0a57@group-7B6B34780070->72cec01b-739b-4a67-87fc-c882b0c5047f-GrpcLogAppender: Wait interrupted by java.lang.InterruptedException
2025-07-02 03:55:14,624 [0ba2341f-228e-4e05-8d7d-900fed7a0a57@group-7B6B34780070->51f09602-57df-417c-acba-b6ceb72510c6-GrpcLogAppender-LogAppenderDaemon] WARN  server.GrpcLogAppender (GrpcLogAppender.java:mayWait(300)) - 0ba2341f-228e-4e05-8d7d-900fed7a0a57@group-7B6B34780070->51f09602-57df-417c-acba-b6ceb72510c6-GrpcLogAppender: Wait interrupted by java.lang.InterruptedException
2025-07-02 03:55:14,625 [grpc-default-executor-3] INFO  server.GrpcServerProtocolService (GrpcServerProtocolService.java:lambda$onCompleted$6(171)) - 72cec01b-739b-4a67-87fc-c882b0c5047f: Completed APPEND_ENTRIES, lastRequest: null 
2025-07-02 03:55:14,625 [grpc-default-executor-3] INFO  server.GrpcServerProtocolService (GrpcServerProtocolService.java:lambda$null$7(175)) - 72cec01b-739b-4a67-87fc-c882b0c5047f: Completed APPEND_ENTRIES, lastReply: serverReply {
  requestorId: "0ba2341f-228e-4e05-8d7d-900fed7a0a57"
  replyId: "72cec01b-739b-4a67-87fc-c882b0c5047f"
  raftGroupId {
    id: "\363\004\266\210k Gf\250z{k4x\000p"
  }
  callId: 6
  success: true
}
term: 1
nextIndex: 1
matchIndex: 18446744073709551615
isHearbeat: true
 
2025-07-02 03:55:14,627 [grpc-default-executor-4] INFO  impl.StateMachineUpdater (StateMachineUpdater.java:stopAndJoin(163)) - 0ba2341f-228e-4e05-8d7d-900fed7a0a57@group-7B6B34780070-StateMachineUpdater: set stopIndex = 0
2025-07-02 03:55:14,627 [grpc-default-executor-0] INFO  server.GrpcLogAppender (GrpcLogAppender.java:onCompleted(558)) - 0ba2341f-228e-4e05-8d7d-900fed7a0a57@group-7B6B34780070->72cec01b-739b-4a67-87fc-c882b0c5047f-AppendLogResponseHandler: follower responses appendEntries COMPLETED
2025-07-02 03:55:14,628 [0ba2341f-228e-4e05-8d7d-900fed7a0a57@group-7B6B34780070-StateMachineUpdater] INFO  ratis.ContainerStateMachine (ContainerStateMachine.java:takeSnapshot(427)) - group-7B6B34780070: Taking a snapshot at:(t:1, i:0) file /home/runner/work/ozone/ozone/hadoop-ozone/integration-test/target/test-dir/MiniOzoneClusterImpl-ab4cec5a-95da-47a8-b600-856c2ae26a36/ozone-meta/datanode-5/ratis/f304b688-6b20-4766-a87a-7b6b34780070/sm/snapshot.1_0
2025-07-02 03:55:14,628 [grpc-default-executor-6] INFO  server.GrpcLogAppender (GrpcLogAppender.java:onCompleted(558)) - 0ba2341f-228e-4e05-8d7d-900fed7a0a57@group-7B6B34780070->72cec01b-739b-4a67-87fc-c882b0c5047f-AppendLogResponseHandler: follower responses appendEntries COMPLETED
2025-07-02 03:55:14,629 [grpc-default-executor-3] INFO  server.GrpcServerProtocolService (GrpcServerProtocolService.java:lambda$null$7(175)) - 51f09602-57df-417c-acba-b6ceb72510c6: Completed APPEND_ENTRIES, lastReply: serverReply {
  requestorId: "0ba2341f-228e-4e05-8d7d-900fed7a0a57"
  replyId: "51f09602-57df-417c-acba-b6ceb72510c6"
  raftGroupId {
    id: "\363\004\266\210k Gf\250z{k4x\000p"
  }
  callId: 6
  success: true
}
term: 1
nextIndex: 1
matchIndex: 18446744073709551615
isHearbeat: true
 
2025-07-02 03:55:14,630 [0ba2341f-228e-4e05-8d7d-900fed7a0a57@group-7B6B34780070-StateMachineUpdater] INFO  ratis.ContainerStateMachine (ContainerStateMachine.java:takeSnapshot(436)) - group-7B6B34780070: Finished taking a snapshot at:(t:1, i:0) file:/home/runner/work/ozone/ozone/hadoop-ozone/integration-test/target/test-dir/MiniOzoneClusterImpl-ab4cec5a-95da-47a8-b600-856c2ae26a36/ozone-meta/datanode-5/ratis/f304b688-6b20-4766-a87a-7b6b34780070/sm/snapshot.1_0 took: 2 ms
2025-07-02 03:55:14,630 [grpc-default-executor-3] INFO  server.GrpcLogAppender (GrpcLogAppender.java:onCompleted(558)) - 0ba2341f-228e-4e05-8d7d-900fed7a0a57@group-7B6B34780070->51f09602-57df-417c-acba-b6ceb72510c6-AppendLogResponseHandler: follower responses appendEntries COMPLETED
2025-07-02 03:55:14,630 [0ba2341f-228e-4e05-8d7d-900fed7a0a57@group-7B6B34780070-StateMachineUpdater] INFO  impl.StateMachineUpdater (StateMachineUpdater.java:takeSnapshot(307)) - 0ba2341f-228e-4e05-8d7d-900fed7a0a57@group-7B6B34780070-StateMachineUpdater: Took a snapshot at index 0
2025-07-02 03:55:14,630 [0ba2341f-228e-4e05-8d7d-900fed7a0a57@group-7B6B34780070-StateMachineUpdater] INFO  impl.StateMachineUpdater (StateMachineUpdater.java:lambda$new$0(101)) - 0ba2341f-228e-4e05-8d7d-900fed7a0a57@group-7B6B34780070-StateMachineUpdater: snapshotIndex: updateIncreasingly -1 -> 0
2025-07-02 03:55:14,630 [0ba2341f-228e-4e05-8d7d-900fed7a0a57@group-7B6B34780070-StateMachineUpdater] INFO  impl.StateMachineUpdater (StateMachineUpdater.java:stop(140)) - 0ba2341f-228e-4e05-8d7d-900fed7a0a57@group-7B6B34780070-StateMachineUpdater: closing ContainerStateMachine, lastApplied=(t:1, i:0)
2025-07-02 03:55:14,631 [0ba2341f-228e-4e05-8d7d-900fed7a0a57@group-7B6B34780070-cacheEviction-AwaitToRun] INFO  util.AwaitToRun (AwaitToRun.java:run(49)) - 0ba2341f-228e-4e05-8d7d-900fed7a0a57@group-7B6B34780070-cacheEviction-AwaitToRun-AwaitForSignal is interrupted
2025-07-02 03:55:14,636 [grpc-default-executor-5] INFO  server.GrpcServerProtocolService (GrpcServerProtocolService.java:lambda$onCompleted$6(171)) - 51f09602-57df-417c-acba-b6ceb72510c6: Completed APPEND_ENTRIES, lastRequest: 0ba2341f-228e-4e05-8d7d-900fed7a0a57->51f09602-57df-417c-acba-b6ceb72510c6#1-t1,previous=<PROTO_DEFAULT>,leaderCommit=-1,initializing? false,entries: size=1, first=(t:1, i:0), CONFIGURATIONENTRY(current:id:"0ba2341f-228e-4e05-8d7d-900fed7a0a57"address:"127.0.0.1:15047"priority:1dataStreamAddress:"127.0.0.1:15048"clientAddress:"127.0.0.1:15045"adminAddress:"127.0.0.1:15046"startupRole:FOLLOWER, id:"72cec01b-739b-4a67-87fc-c882b0c5047f"address:"127.0.0.1:15031"dataStreamAddress:"127.0.0.1:15032"clientAddress:"127.0.0.1:15029"adminAddress:"127.0.0.1:15030"startupRole:FOLLOWER, id:"51f09602-57df-417c-acba-b6ceb72510c6"address:"127.0.0.1:15015"dataStreamAddress:"127.0.0.1:15016"clientAddress:"127.0.0.1:15013"adminAddress:"127.0.0.1:15014"startupRole:FOLLOWER, old:) 
2025-07-02 03:55:14,637 [grpc-default-executor-5] INFO  server.GrpcLogAppender (GrpcLogAppender.java:onCompleted(558)) - 0ba2341f-228e-4e05-8d7d-900fed7a0a57@group-7B6B34780070->51f09602-57df-417c-acba-b6ceb72510c6-AppendLogResponseHandler: follower responses appendEntries COMPLETED
2025-07-02 03:55:14,784 [grpc-default-executor-4] INFO  segmented.SegmentedRaftLogWorker (SegmentedRaftLogWorker.java:close(254)) - 0ba2341f-228e-4e05-8d7d-900fed7a0a57@group-7B6B34780070-SegmentedRaftLogWorker close()
2025-07-02 03:55:14,785 [grpc-default-executor-4] INFO  server.RaftServer$Division (RaftServerImpl.java:groupRemove(497)) - 0ba2341f-228e-4e05-8d7d-900fed7a0a57@group-7B6B34780070: Succeed to remove RaftStorageDirectory Storage Directory /home/runner/work/ozone/ozone/hadoop-ozone/integration-test/target/test-dir/MiniOzoneClusterImpl-ab4cec5a-95da-47a8-b600-856c2ae26a36/ozone-meta/datanode-5/ratis/f304b688-6b20-4766-a87a-7b6b34780070
2025-07-02 03:55:14,795 [grpc-default-executor-4] INFO  server.RaftServer (RaftServerProxy.java:remove(116)) - 51f09602-57df-417c-acba-b6ceb72510c6: remove  FOLLOWER (RUNNING): 51f09602-57df-417c-acba-b6ceb72510c6@group-7B6B34780070:t1, leader=0ba2341f-228e-4e05-8d7d-900fed7a0a57, voted=0ba2341f-228e-4e05-8d7d-900fed7a0a57, raftlog=Memoized:51f09602-57df-417c-acba-b6ceb72510c6@group-7B6B34780070-SegmentedRaftLog:OPENED:c0:last(t:1, i:0), conf=conf: {index: 0, cur=peers:[0ba2341f-228e-4e05-8d7d-900fed7a0a57|127.0.0.1:15047, 72cec01b-739b-4a67-87fc-c882b0c5047f|127.0.0.1:15031, 51f09602-57df-417c-acba-b6ceb72510c6|127.0.0.1:15015]|listeners:[], old=null}
2025-07-02 03:55:14,795 [grpc-default-executor-4] INFO  server.RaftServer$Division (RaftServerImpl.java:lambda$close$1(527)) - 51f09602-57df-417c-acba-b6ceb72510c6@group-7B6B34780070: shutdown
2025-07-02 03:55:14,795 [grpc-default-executor-4] INFO  util.JmxRegister (JmxRegister.java:unregister(74)) - Successfully un-registered JMX Bean with object name Ratis:service=RaftServer,group=group-7B6B34780070,id=51f09602-57df-417c-acba-b6ceb72510c6
2025-07-02 03:55:14,795 [grpc-default-executor-4] INFO  impl.RoleInfo (RoleInfo.java:shutdownFollowerState(121)) - 51f09602-57df-417c-acba-b6ceb72510c6: shutdown 51f09602-57df-417c-acba-b6ceb72510c6@group-7B6B34780070-FollowerState
2025-07-02 03:55:14,796 [grpc-default-executor-4] INFO  impl.StateMachineUpdater (StateMachineUpdater.java:stopAndJoin(163)) - 51f09602-57df-417c-acba-b6ceb72510c6@group-7B6B34780070-StateMachineUpdater: set stopIndex = 0
2025-07-02 03:55:14,796 [51f09602-57df-417c-acba-b6ceb72510c6@group-7B6B34780070-FollowerState] INFO  impl.FollowerState (FollowerState.java:runImpl(170)) - 51f09602-57df-417c-acba-b6ceb72510c6@group-7B6B34780070-FollowerState was interrupted
2025-07-02 03:55:14,796 [51f09602-57df-417c-acba-b6ceb72510c6@group-7B6B34780070-StateMachineUpdater] INFO  ratis.ContainerStateMachine (ContainerStateMachine.java:takeSnapshot(427)) - group-7B6B34780070: Taking a snapshot at:(t:1, i:0) file /home/runner/work/ozone/ozone/hadoop-ozone/integration-test/target/test-dir/MiniOzoneClusterImpl-ab4cec5a-95da-47a8-b600-856c2ae26a36/ozone-meta/datanode-1/ratis/f304b688-6b20-4766-a87a-7b6b34780070/sm/snapshot.1_0
2025-07-02 03:55:14,797 [51f09602-57df-417c-acba-b6ceb72510c6@group-7B6B34780070-StateMachineUpdater] INFO  ratis.ContainerStateMachine (ContainerStateMachine.java:takeSnapshot(436)) - group-7B6B34780070: Finished taking a snapshot at:(t:1, i:0) file:/home/runner/work/ozone/ozone/hadoop-ozone/integration-test/target/test-dir/MiniOzoneClusterImpl-ab4cec5a-95da-47a8-b600-856c2ae26a36/ozone-meta/datanode-1/ratis/f304b688-6b20-4766-a87a-7b6b34780070/sm/snapshot.1_0 took: 0 ms
2025-07-02 03:55:14,797 [51f09602-57df-417c-acba-b6ceb72510c6@group-7B6B34780070-StateMachineUpdater] INFO  impl.StateMachineUpdater (StateMachineUpdater.java:takeSnapshot(307)) - 51f09602-57df-417c-acba-b6ceb72510c6@group-7B6B34780070-StateMachineUpdater: Took a snapshot at index 0
2025-07-02 03:55:14,798 [51f09602-57df-417c-acba-b6ceb72510c6@group-7B6B34780070-StateMachineUpdater] INFO  impl.StateMachineUpdater (StateMachineUpdater.java:lambda$new$0(101)) - 51f09602-57df-417c-acba-b6ceb72510c6@group-7B6B34780070-StateMachineUpdater: snapshotIndex: updateIncreasingly -1 -> 0
2025-07-02 03:55:14,798 [51f09602-57df-417c-acba-b6ceb72510c6@group-7B6B34780070-StateMachineUpdater] INFO  impl.StateMachineUpdater (StateMachineUpdater.java:stop(140)) - 51f09602-57df-417c-acba-b6ceb72510c6@group-7B6B34780070-StateMachineUpdater: closing ContainerStateMachine, lastApplied=(t:1, i:0)
2025-07-02 03:55:14,798 [51f09602-57df-417c-acba-b6ceb72510c6@group-7B6B34780070-cacheEviction-AwaitToRun] INFO  util.AwaitToRun (AwaitToRun.java:run(49)) - 51f09602-57df-417c-acba-b6ceb72510c6@group-7B6B34780070-cacheEviction-AwaitToRun-AwaitForSignal is interrupted
2025-07-02 03:55:15,602 [0ba2341f-228e-4e05-8d7d-900fed7a0a57-PipelineCommandHandlerThread-0] INFO  server.RaftServer (RaftServerProxy.java:addNew(105)) - 0ba2341f-228e-4e05-8d7d-900fed7a0a57: addNew group-D97F604BDC99:[0ba2341f-228e-4e05-8d7d-900fed7a0a57|127.0.0.1:15047, 55955c7b-ed6e-47cf-8b82-6fab44cc7afd|127.0.0.1:15023, b7c7155c-5132-4d4c-a9be-cb93614710ac|127.0.0.1:15039] returns group-D97F604BDC99:java.util.concurrent.CompletableFuture@48899529[Not completed]
2025-07-02 03:55:15,604 [0ba2341f-228e-4e05-8d7d-900fed7a0a57-groupManagement] WARN  statemachine.DatanodeConfiguration (DatanodeConfiguration.java:validateMinFreeSpace(751)) - hdds.datanode.volume.min.free.space.percent = -1.0 is invalid, should be between 0 and 1
2025-07-02 03:55:15,604 [0ba2341f-228e-4e05-8d7d-900fed7a0a57-groupManagement] INFO  server.RaftServer$Division (RaftServerImpl.java:<init>(268)) - 0ba2341f-228e-4e05-8d7d-900fed7a0a57: new RaftServerImpl for group-D97F604BDC99:[0ba2341f-228e-4e05-8d7d-900fed7a0a57|127.0.0.1:15047, 55955c7b-ed6e-47cf-8b82-6fab44cc7afd|127.0.0.1:15023, b7c7155c-5132-4d4c-a9be-cb93614710ac|127.0.0.1:15039] with ContainerStateMachine:uninitialized
2025-07-02 03:55:15,604 [0ba2341f-228e-4e05-8d7d-900fed7a0a57-groupManagement] INFO  server.RaftServer$Division (ServerState.java:<init>(114)) - 0ba2341f-228e-4e05-8d7d-900fed7a0a57@group-D97F604BDC99: ConfigurationManager, init=conf: {index: -1, cur=peers:[0ba2341f-228e-4e05-8d7d-900fed7a0a57|127.0.0.1:15047, 55955c7b-ed6e-47cf-8b82-6fab44cc7afd|127.0.0.1:15023, b7c7155c-5132-4d4c-a9be-cb93614710ac|127.0.0.1:15039]|listeners:[], old=null}, confs=<EMPTY_MAP>
2025-07-02 03:55:15,607 [0ba2341f-228e-4e05-8d7d-900fed7a0a57-groupManagement] INFO  server.RaftServerConfigKeys (ConfUtils.java:logGet(62)) - raft.server.storage.dir = [/home/runner/work/ozone/ozone/hadoop-ozone/integration-test/target/test-dir/MiniOzoneClusterImpl-ab4cec5a-95da-47a8-b600-856c2ae26a36/ozone-meta/datanode-5/ratis] (custom)
2025-07-02 03:55:15,607 [0ba2341f-228e-4e05-8d7d-900fed7a0a57-groupManagement] INFO  storage.RaftStorageDirectory (RaftStorageDirectoryImpl.java:analyzeStorage(138)) - The storage directory /home/runner/work/ozone/ozone/hadoop-ozone/integration-test/target/test-dir/MiniOzoneClusterImpl-ab4cec5a-95da-47a8-b600-856c2ae26a36/ozone-meta/datanode-5/ratis/1a2cb838-1624-4021-b235-d97f604bdc99 does not exist. Creating ...
2025-07-02 03:55:15,609 [0ba2341f-228e-4e05-8d7d-900fed7a0a57-groupManagement] INFO  storage.RaftStorageDirectory (RaftStorageDirectoryImpl.java:tryLock(229)) - Lock on /home/runner/work/ozone/ozone/hadoop-ozone/integration-test/target/test-dir/MiniOzoneClusterImpl-ab4cec5a-95da-47a8-b600-856c2ae26a36/ozone-meta/datanode-5/ratis/1a2cb838-1624-4021-b235-d97f604bdc99/in_use.lock acquired by nodename 103231@localhost
2025-07-02 03:55:15,610 [0ba2341f-228e-4e05-8d7d-900fed7a0a57-groupManagement] INFO  storage.RaftStorage (RaftStorageImpl.java:format(98)) - Storage directory /home/runner/work/ozone/ozone/hadoop-ozone/integration-test/target/test-dir/MiniOzoneClusterImpl-ab4cec5a-95da-47a8-b600-856c2ae26a36/ozone-meta/datanode-5/ratis/1a2cb838-1624-4021-b235-d97f604bdc99 has been successfully formatted.
2025-07-02 03:55:15,610 [0ba2341f-228e-4e05-8d7d-900fed7a0a57-groupManagement] INFO  ratis.ContainerStateMachine (ContainerStateMachine.java:initialize(339)) - 0ba2341f-228e-4e05-8d7d-900fed7a0a57: initialize group-D97F604BDC99
2025-07-02 03:55:15,610 [0ba2341f-228e-4e05-8d7d-900fed7a0a57-groupManagement] INFO  ratis.ContainerStateMachine (ContainerStateMachine.java:loadSnapshot(347)) - group-D97F604BDC99: The snapshot info is null. Setting the last applied index to:<INITIAL_VALUE>
2025-07-02 03:55:15,610 [0ba2341f-228e-4e05-8d7d-900fed7a0a57-groupManagement] INFO  server.RaftServerConfigKeys (ConfUtils.java:logGet(62)) - raft.server.log.appender.buffer.byte-limit = 33554432 (custom)
2025-07-02 03:55:15,612 [0ba2341f-228e-4e05-8d7d-900fed7a0a57-groupManagement] INFO  server.RaftServerConfigKeys (ConfUtils.java:logGet(62)) - raft.server.log.segment.size.max = 67108864 (custom)
2025-07-02 03:55:15,612 [0ba2341f-228e-4e05-8d7d-900fed7a0a57-groupManagement] INFO  server.RaftServerConfigKeys (ConfUtils.java:logGet(62)) - raft.server.log.appender.buffer.byte-limit = 33554432 (custom)
2025-07-02 03:55:15,613 [0ba2341f-228e-4e05-8d7d-900fed7a0a57-groupManagement] INFO  util.AwaitToRun (AwaitToRun.java:start(81)) - Thread[#2225,0ba2341f-228e-4e05-8d7d-900fed7a0a57@group-D97F604BDC99-cacheEviction-AwaitToRun,5,main] started
2025-07-02 03:55:15,613 [0ba2341f-228e-4e05-8d7d-900fed7a0a57-groupManagement] INFO  segmented.SegmentedRaftLogWorker (SegmentedRaftLogWorker.java:<init>(190)) - new 0ba2341f-228e-4e05-8d7d-900fed7a0a57@group-D97F604BDC99-SegmentedRaftLogWorker for RaftStorageImpl:Storage Directory /home/runner/work/ozone/ozone/hadoop-ozone/integration-test/target/test-dir/MiniOzoneClusterImpl-ab4cec5a-95da-47a8-b600-856c2ae26a36/ozone-meta/datanode-5/ratis/1a2cb838-1624-4021-b235-d97f604bdc99
2025-07-02 03:55:15,613 [0ba2341f-228e-4e05-8d7d-900fed7a0a57-groupManagement] INFO  server.RaftServerConfigKeys (ConfUtils.java:logGet(62)) - raft.server.log.queue.byte-limit = 4294967296 (custom)
2025-07-02 03:55:15,613 [0ba2341f-228e-4e05-8d7d-900fed7a0a57-groupManagement] INFO  server.RaftServerConfigKeys (ConfUtils.java:logGet(62)) - raft.server.log.segment.size.max = 67108864 (custom)
2025-07-02 03:55:15,613 [0ba2341f-228e-4e05-8d7d-900fed7a0a57-groupManagement] INFO  server.RaftServerConfigKeys (ConfUtils.java:logGet(62)) - raft.server.log.preallocated.size = 4194304 (custom)
2025-07-02 03:55:15,613 [0ba2341f-228e-4e05-8d7d-900fed7a0a57-groupManagement] INFO  server.RaftServerConfigKeys (ConfUtils.java:logGet(62)) - raft.server.log.write.buffer.size = 33554440 (custom)
2025-07-02 03:55:15,618 [0ba2341f-228e-4e05-8d7d-900fed7a0a57-groupManagement] INFO  server.RaftServerConfigKeys (ConfUtils.java:logGet(62)) - raft.server.log.appender.buffer.byte-limit = 33554432 (custom)
2025-07-02 03:55:15,618 [0ba2341f-228e-4e05-8d7d-900fed7a0a57-groupManagement] INFO  segmented.SegmentedRaftLogWorker (SegmentedRaftLogWorker.java:lambda$new$0(141)) - 0ba2341f-228e-4e05-8d7d-900fed7a0a57@group-D97F604BDC99-SegmentedRaftLogWorker: flushIndex: setUnconditionally 0 -> -1
2025-07-02 03:55:15,618 [0ba2341f-228e-4e05-8d7d-900fed7a0a57-groupManagement] INFO  segmented.SegmentedRaftLogWorker (SegmentedRaftLogWorker.java:lambda$new$0(141)) - 0ba2341f-228e-4e05-8d7d-900fed7a0a57@group-D97F604BDC99-SegmentedRaftLogWorker: safeCacheEvictIndex: setUnconditionally 0 -> -1
2025-07-02 03:55:15,619 [0ba2341f-228e-4e05-8d7d-900fed7a0a57-groupManagement] INFO  server.RaftServer$Division (RaftServerImpl.java:start(405)) - 0ba2341f-228e-4e05-8d7d-900fed7a0a57@group-D97F604BDC99: start as a follower, conf=conf: {index: -1, cur=peers:[0ba2341f-228e-4e05-8d7d-900fed7a0a57|127.0.0.1:15047, 55955c7b-ed6e-47cf-8b82-6fab44cc7afd|127.0.0.1:15023, b7c7155c-5132-4d4c-a9be-cb93614710ac|127.0.0.1:15039]|listeners:[], old=null}
2025-07-02 03:55:15,619 [0ba2341f-228e-4e05-8d7d-900fed7a0a57-groupManagement] INFO  server.RaftServer$Division (RaftServerImpl.java:setRole(392)) - 0ba2341f-228e-4e05-8d7d-900fed7a0a57@group-D97F604BDC99: changes role from      null to FOLLOWER at term 0 for startAsFollower
2025-07-02 03:55:15,619 [0ba2341f-228e-4e05-8d7d-900fed7a0a57-groupManagement] INFO  impl.RoleInfo (RoleInfo.java:updateAndGet(148)) - 0ba2341f-228e-4e05-8d7d-900fed7a0a57: start 0ba2341f-228e-4e05-8d7d-900fed7a0a57@group-D97F604BDC99-FollowerState
2025-07-02 03:55:15,619 [0ba2341f-228e-4e05-8d7d-900fed7a0a57-groupManagement] INFO  util.JmxRegister (JmxRegister.java:tryRegister(44)) - Successfully registered JMX Bean with object name Ratis:service=RaftServer,group=group-D97F604BDC99,id=0ba2341f-228e-4e05-8d7d-900fed7a0a57
2025-07-02 03:55:15,619 [0ba2341f-228e-4e05-8d7d-900fed7a0a57-groupManagement] INFO  util.JmxRegister (JmxRegister.java:register(58)) - register mxBean class org.apache.ratis.server.impl.RaftServerJmxAdapter as Ratis:service=RaftServer,group=group-D97F604BDC99,id=0ba2341f-228e-4e05-8d7d-900fed7a0a57
2025-07-02 03:55:15,623 [0ba2341f-228e-4e05-8d7d-900fed7a0a57-groupManagement] INFO  server.RaftServer$Division (RaftServerImpl.java:start(419)) - 0ba2341f-228e-4e05-8d7d-900fed7a0a57@group-D97F604BDC99: Successfully started.
2025-07-02 03:55:15,624 [0ba2341f-228e-4e05-8d7d-900fed7a0a57-PipelineCommandHandlerThread-0] INFO  ratis.XceiverServerRatis (XceiverServerRatis.java:addGroup(843)) - Created group Pipeline-1a2cb838-1624-4021-b235-d97f604bdc99
2025-07-02 03:55:15,627 [51f09602-57df-417c-acba-b6ceb72510c6-CloseContainerThread-1] WARN  keyvalue.KeyValueHandler (KeyValueHandler.java:updateAndGetContainerChecksum(1451)) - Container data checksum updated from 0 to b1e608d0
2025-07-02 03:55:15,629 [51f09602-57df-417c-acba-b6ceb72510c6-CloseContainerThread-0] WARN  keyvalue.KeyValueHandler (KeyValueHandler.java:updateAndGetContainerChecksum(1451)) - Container data checksum updated from 0 to a7efc548
2025-07-02 03:55:15,629 [51f09602-57df-417c-acba-b6ceb72510c6-CloseContainerThread-1] INFO  keyvalue.KeyValueContainer (KeyValueContainer.java:flushAndSyncDB(514)) - Synced container: KeyValueContainerData #5 (CLOSING, non-empty, ri=1, origin=[dn_51f09602-57df-417c-acba-b6ceb72510c6, pipeline_])
2025-07-02 03:55:15,629 [51f09602-57df-417c-acba-b6ceb72510c6-CloseContainerThread-1] INFO  keyvalue.KeyValueContainer (KeyValueContainer.java:flushAndSyncDB(514)) - Synced container: KeyValueContainerData #5 (CLOSING, non-empty, ri=1, origin=[dn_51f09602-57df-417c-acba-b6ceb72510c6, pipeline_])
2025-07-02 03:55:15,630 [51f09602-57df-417c-acba-b6ceb72510c6-CloseContainerThread-2] WARN  keyvalue.KeyValueHandler (KeyValueHandler.java:updateAndGetContainerChecksum(1451)) - Container data checksum updated from 0 to 95368130
2025-07-02 03:55:15,633 [51f09602-57df-417c-acba-b6ceb72510c6-ContainerOp-2321c08c-5e07-41a9-af92-841f1933144a-0] INFO  keyvalue.KeyValueContainer (KeyValueContainer.java:flushAndSyncDB(514)) - Synced container: KeyValueContainerData #10 (CLOSING, non-empty, ri=0, origin=[dn_51f09602-57df-417c-acba-b6ceb72510c6, pipeline_2321c08c-5e07-41a9-af92-841f1933144a])
2025-07-02 03:55:15,633 [51f09602-57df-417c-acba-b6ceb72510c6-ContainerOp-2321c08c-5e07-41a9-af92-841f1933144a-0] INFO  keyvalue.KeyValueContainer (KeyValueContainer.java:flushAndSyncDB(514)) - Synced container: KeyValueContainerData #10 (CLOSING, non-empty, ri=0, origin=[dn_51f09602-57df-417c-acba-b6ceb72510c6, pipeline_2321c08c-5e07-41a9-af92-841f1933144a])
2025-07-02 03:55:15,635 [grpc-default-executor-5] INFO  server.RaftServer (RaftServerProxy.java:addNew(105)) - 55955c7b-ed6e-47cf-8b82-6fab44cc7afd: addNew group-D97F604BDC99:[0ba2341f-228e-4e05-8d7d-900fed7a0a57|127.0.0.1:15047, 55955c7b-ed6e-47cf-8b82-6fab44cc7afd|127.0.0.1:15023, b7c7155c-5132-4d4c-a9be-cb93614710ac|127.0.0.1:15039] returns group-D97F604BDC99:java.util.concurrent.CompletableFuture@2ba87c06[Not completed]
2025-07-02 03:55:15,638 [51f09602-57df-417c-acba-b6ceb72510c6-ContainerOp-2321c08c-5e07-41a9-af92-841f1933144a-1] INFO  keyvalue.KeyValueContainer (KeyValueContainer.java:flushAndSyncDB(514)) - Synced container: KeyValueContainerData #11 (CLOSING, non-empty, ri=0, origin=[dn_51f09602-57df-417c-acba-b6ceb72510c6, pipeline_2321c08c-5e07-41a9-af92-841f1933144a])
2025-07-02 03:55:15,638 [51f09602-57df-417c-acba-b6ceb72510c6-ContainerOp-2321c08c-5e07-41a9-af92-841f1933144a-1] INFO  keyvalue.KeyValueContainer (KeyValueContainer.java:flushAndSyncDB(514)) - Synced container: KeyValueContainerData #11 (CLOSING, non-empty, ri=0, origin=[dn_51f09602-57df-417c-acba-b6ceb72510c6, pipeline_2321c08c-5e07-41a9-af92-841f1933144a])
2025-07-02 03:55:15,638 [55955c7b-ed6e-47cf-8b82-6fab44cc7afd-groupManagement] WARN  statemachine.DatanodeConfiguration (DatanodeConfiguration.java:validateMinFreeSpace(751)) - hdds.datanode.volume.min.free.space.percent = -1.0 is invalid, should be between 0 and 1
2025-07-02 03:55:15,639 [55955c7b-ed6e-47cf-8b82-6fab44cc7afd-groupManagement] INFO  server.RaftServer$Division (RaftServerImpl.java:<init>(268)) - 55955c7b-ed6e-47cf-8b82-6fab44cc7afd: new RaftServerImpl for group-D97F604BDC99:[0ba2341f-228e-4e05-8d7d-900fed7a0a57|127.0.0.1:15047, 55955c7b-ed6e-47cf-8b82-6fab44cc7afd|127.0.0.1:15023, b7c7155c-5132-4d4c-a9be-cb93614710ac|127.0.0.1:15039] with ContainerStateMachine:uninitialized
2025-07-02 03:55:15,639 [55955c7b-ed6e-47cf-8b82-6fab44cc7afd-groupManagement] INFO  server.RaftServer$Division (ServerState.java:<init>(114)) - 55955c7b-ed6e-47cf-8b82-6fab44cc7afd@group-D97F604BDC99: ConfigurationManager, init=conf: {index: -1, cur=peers:[0ba2341f-228e-4e05-8d7d-900fed7a0a57|127.0.0.1:15047, 55955c7b-ed6e-47cf-8b82-6fab44cc7afd|127.0.0.1:15023, b7c7155c-5132-4d4c-a9be-cb93614710ac|127.0.0.1:15039]|listeners:[], old=null}, confs=<EMPTY_MAP>
2025-07-02 03:55:15,640 [51f09602-57df-417c-acba-b6ceb72510c6-CloseContainerThread-1] INFO  keyvalue.KeyValueContainer (KeyValueContainer.java:close(430)) - Closed container: KeyValueContainerData #5 (CLOSED, non-empty, ri=1, origin=[dn_51f09602-57df-417c-acba-b6ceb72510c6, pipeline_])
2025-07-02 03:55:15,640 [51f09602-57df-417c-acba-b6ceb72510c6-CloseContainerThread-1] INFO  commandhandler.CloseContainerCommandHandler (CloseContainerCommandHandler.java:lambda$handle$0(105)) - Container #30 does not exist in datanode. Its pipeline may have closed before it was created. Container close failed.
2025-07-02 03:55:15,640 [51f09602-57df-417c-acba-b6ceb72510c6-CloseContainerThread-1] INFO  commandhandler.CloseContainerCommandHandler (CloseContainerCommandHandler.java:lambda$handle$0(105)) - Container #31 does not exist in datanode. Its pipeline may have closed before it was created. Container close failed.
2025-07-02 03:55:15,640 [51f09602-57df-417c-acba-b6ceb72510c6-CloseContainerThread-1] INFO  commandhandler.CloseContainerCommandHandler (CloseContainerCommandHandler.java:lambda$handle$0(105)) - Container #32 does not exist in datanode. Its pipeline may have closed before it was created. Container close failed.
2025-07-02 03:55:15,640 [51f09602-57df-417c-acba-b6ceb72510c6-CloseContainerThread-1] INFO  commandhandler.CloseContainerCommandHandler (CloseContainerCommandHandler.java:lambda$handle$0(105)) - Container #33 does not exist in datanode. Its pipeline may have closed before it was created. Container close failed.
2025-07-02 03:55:15,643 [FixedThreadPoolWithAffinityExecutor-0-0] INFO  container.IncrementalContainerReportHandler (AbstractContainerReportHandler.java:updateContainerState(289)) - CLOSE Container #5 (CLOSING, sid=0) r1 (CLOSED, bcsid=0, origin=51f09602-57df-417c-acba-b6ceb72510c6, non-empty) from dn 51f09602-57df-417c-acba-b6ceb72510c6(localhost/127.0.0.1)
2025-07-02 03:55:15,645 [55955c7b-ed6e-47cf-8b82-6fab44cc7afd-groupManagement] INFO  server.RaftServerConfigKeys (ConfUtils.java:logGet(62)) - raft.server.storage.dir = [/home/runner/work/ozone/ozone/hadoop-ozone/integration-test/target/test-dir/MiniOzoneClusterImpl-ab4cec5a-95da-47a8-b600-856c2ae26a36/ozone-meta/datanode-2/ratis] (custom)
2025-07-02 03:55:15,645 [55955c7b-ed6e-47cf-8b82-6fab44cc7afd-groupManagement] INFO  storage.RaftStorageDirectory (RaftStorageDirectoryImpl.java:analyzeStorage(138)) - The storage directory /home/runner/work/ozone/ozone/hadoop-ozone/integration-test/target/test-dir/MiniOzoneClusterImpl-ab4cec5a-95da-47a8-b600-856c2ae26a36/ozone-meta/datanode-2/ratis/1a2cb838-1624-4021-b235-d97f604bdc99 does not exist. Creating ...
2025-07-02 03:55:15,645 [51f09602-57df-417c-acba-b6ceb72510c6-ContainerOp-2321c08c-5e07-41a9-af92-841f1933144a-0] INFO  keyvalue.KeyValueContainer (KeyValueContainer.java:close(430)) - Closed container: KeyValueContainerData #10 (CLOSED, non-empty, ri=0, origin=[dn_51f09602-57df-417c-acba-b6ceb72510c6, pipeline_2321c08c-5e07-41a9-af92-841f1933144a])
2025-07-02 03:55:15,646 [55955c7b-ed6e-47cf-8b82-6fab44cc7afd-groupManagement] INFO  storage.RaftStorageDirectory (RaftStorageDirectoryImpl.java:tryLock(229)) - Lock on /home/runner/work/ozone/ozone/hadoop-ozone/integration-test/target/test-dir/MiniOzoneClusterImpl-ab4cec5a-95da-47a8-b600-856c2ae26a36/ozone-meta/datanode-2/ratis/1a2cb838-1624-4021-b235-d97f604bdc99/in_use.lock acquired by nodename 103231@localhost
2025-07-02 03:55:15,646 [51f09602-57df-417c-acba-b6ceb72510c6-ContainerOp-2321c08c-5e07-41a9-af92-841f1933144a-1] INFO  keyvalue.KeyValueContainer (KeyValueContainer.java:close(430)) - Closed container: KeyValueContainerData #11 (CLOSED, non-empty, ri=0, origin=[dn_51f09602-57df-417c-acba-b6ceb72510c6, pipeline_2321c08c-5e07-41a9-af92-841f1933144a])
2025-07-02 03:55:15,646 [FixedThreadPoolWithAffinityExecutor-0-0] INFO  container.IncrementalContainerReportHandler (AbstractContainerReportHandler.java:updateContainerState(289)) - CLOSE Container #10 (CLOSING, sid=8) r0 (CLOSED, bcsid=8, origin=51f09602-57df-417c-acba-b6ceb72510c6, non-empty) from dn 51f09602-57df-417c-acba-b6ceb72510c6(localhost/127.0.0.1)
2025-07-02 03:55:15,648 [55955c7b-ed6e-47cf-8b82-6fab44cc7afd-groupManagement] INFO  storage.RaftStorage (RaftStorageImpl.java:format(98)) - Storage directory /home/runner/work/ozone/ozone/hadoop-ozone/integration-test/target/test-dir/MiniOzoneClusterImpl-ab4cec5a-95da-47a8-b600-856c2ae26a36/ozone-meta/datanode-2/ratis/1a2cb838-1624-4021-b235-d97f604bdc99 has been successfully formatted.
2025-07-02 03:55:15,648 [55955c7b-ed6e-47cf-8b82-6fab44cc7afd-groupManagement] INFO  ratis.ContainerStateMachine (ContainerStateMachine.java:initialize(339)) - 55955c7b-ed6e-47cf-8b82-6fab44cc7afd: initialize group-D97F604BDC99
2025-07-02 03:55:15,648 [FixedThreadPoolWithAffinityExecutor-0-0] INFO  container.IncrementalContainerReportHandler (AbstractContainerReportHandler.java:updateContainerState(289)) - CLOSE Container #11 (CLOSING, sid=11) r0 (CLOSED, bcsid=11, origin=51f09602-57df-417c-acba-b6ceb72510c6, non-empty) from dn 51f09602-57df-417c-acba-b6ceb72510c6(localhost/127.0.0.1)
2025-07-02 03:55:15,648 [55955c7b-ed6e-47cf-8b82-6fab44cc7afd-groupManagement] INFO  ratis.ContainerStateMachine (ContainerStateMachine.java:loadSnapshot(347)) - group-D97F604BDC99: The snapshot info is null. Setting the last applied index to:<INITIAL_VALUE>
2025-07-02 03:55:15,649 [55955c7b-ed6e-47cf-8b82-6fab44cc7afd-groupManagement] INFO  server.RaftServerConfigKeys (ConfUtils.java:logGet(62)) - raft.server.log.appender.buffer.byte-limit = 33554432 (custom)
2025-07-02 03:55:15,651 [55955c7b-ed6e-47cf-8b82-6fab44cc7afd-groupManagement] INFO  server.RaftServerConfigKeys (ConfUtils.java:logGet(62)) - raft.server.log.segment.size.max = 67108864 (custom)
2025-07-02 03:55:15,652 [55955c7b-ed6e-47cf-8b82-6fab44cc7afd-groupManagement] INFO  server.RaftServerConfigKeys (ConfUtils.java:logGet(62)) - raft.server.log.appender.buffer.byte-limit = 33554432 (custom)
2025-07-02 03:55:15,652 [55955c7b-ed6e-47cf-8b82-6fab44cc7afd-groupManagement] INFO  util.AwaitToRun (AwaitToRun.java:start(81)) - Thread[#2229,55955c7b-ed6e-47cf-8b82-6fab44cc7afd@group-D97F604BDC99-cacheEviction-AwaitToRun,5,main] started
2025-07-02 03:55:15,652 [55955c7b-ed6e-47cf-8b82-6fab44cc7afd-groupManagement] INFO  segmented.SegmentedRaftLogWorker (SegmentedRaftLogWorker.java:<init>(190)) - new 55955c7b-ed6e-47cf-8b82-6fab44cc7afd@group-D97F604BDC99-SegmentedRaftLogWorker for RaftStorageImpl:Storage Directory /home/runner/work/ozone/ozone/hadoop-ozone/integration-test/target/test-dir/MiniOzoneClusterImpl-ab4cec5a-95da-47a8-b600-856c2ae26a36/ozone-meta/datanode-2/ratis/1a2cb838-1624-4021-b235-d97f604bdc99
2025-07-02 03:55:15,653 [55955c7b-ed6e-47cf-8b82-6fab44cc7afd-groupManagement] INFO  server.RaftServerConfigKeys (ConfUtils.java:logGet(62)) - raft.server.log.queue.byte-limit = 4294967296 (custom)
2025-07-02 03:55:15,653 [55955c7b-ed6e-47cf-8b82-6fab44cc7afd-groupManagement] INFO  server.RaftServerConfigKeys (ConfUtils.java:logGet(62)) - raft.server.log.segment.size.max = 67108864 (custom)
2025-07-02 03:55:15,653 [55955c7b-ed6e-47cf-8b82-6fab44cc7afd-groupManagement] INFO  server.RaftServerConfigKeys (ConfUtils.java:logGet(62)) - raft.server.log.preallocated.size = 4194304 (custom)
2025-07-02 03:55:15,653 [55955c7b-ed6e-47cf-8b82-6fab44cc7afd-groupManagement] INFO  server.RaftServerConfigKeys (ConfUtils.java:logGet(62)) - raft.server.log.write.buffer.size = 33554440 (custom)
2025-07-02 03:55:15,659 [55955c7b-ed6e-47cf-8b82-6fab44cc7afd-groupManagement] INFO  server.RaftServerConfigKeys (ConfUtils.java:logGet(62)) - raft.server.log.appender.buffer.byte-limit = 33554432 (custom)
2025-07-02 03:55:15,659 [55955c7b-ed6e-47cf-8b82-6fab44cc7afd-groupManagement] INFO  segmented.SegmentedRaftLogWorker (SegmentedRaftLogWorker.java:lambda$new$0(141)) - 55955c7b-ed6e-47cf-8b82-6fab44cc7afd@group-D97F604BDC99-SegmentedRaftLogWorker: flushIndex: setUnconditionally 0 -> -1
2025-07-02 03:55:15,659 [55955c7b-ed6e-47cf-8b82-6fab44cc7afd-groupManagement] INFO  segmented.SegmentedRaftLogWorker (SegmentedRaftLogWorker.java:lambda$new$0(141)) - 55955c7b-ed6e-47cf-8b82-6fab44cc7afd@group-D97F604BDC99-SegmentedRaftLogWorker: safeCacheEvictIndex: setUnconditionally 0 -> -1
2025-07-02 03:55:15,659 [55955c7b-ed6e-47cf-8b82-6fab44cc7afd-groupManagement] INFO  server.RaftServer$Division (RaftServerImpl.java:start(405)) - 55955c7b-ed6e-47cf-8b82-6fab44cc7afd@group-D97F604BDC99: start as a follower, conf=conf: {index: -1, cur=peers:[0ba2341f-228e-4e05-8d7d-900fed7a0a57|127.0.0.1:15047, 55955c7b-ed6e-47cf-8b82-6fab44cc7afd|127.0.0.1:15023, b7c7155c-5132-4d4c-a9be-cb93614710ac|127.0.0.1:15039]|listeners:[], old=null}
2025-07-02 03:55:15,660 [55955c7b-ed6e-47cf-8b82-6fab44cc7afd-groupManagement] INFO  server.RaftServer$Division (RaftServerImpl.java:setRole(392)) - 55955c7b-ed6e-47cf-8b82-6fab44cc7afd@group-D97F604BDC99: changes role from      null to FOLLOWER at term 0 for startAsFollower
2025-07-02 03:55:15,660 [55955c7b-ed6e-47cf-8b82-6fab44cc7afd-groupManagement] INFO  impl.RoleInfo (RoleInfo.java:updateAndGet(148)) - 55955c7b-ed6e-47cf-8b82-6fab44cc7afd: start 55955c7b-ed6e-47cf-8b82-6fab44cc7afd@group-D97F604BDC99-FollowerState
2025-07-02 03:55:15,660 [55955c7b-ed6e-47cf-8b82-6fab44cc7afd-groupManagement] INFO  util.JmxRegister (JmxRegister.java:tryRegister(44)) - Successfully registered JMX Bean with object name Ratis:service=RaftServer,group=group-D97F604BDC99,id=55955c7b-ed6e-47cf-8b82-6fab44cc7afd
2025-07-02 03:55:15,660 [55955c7b-ed6e-47cf-8b82-6fab44cc7afd-groupManagement] INFO  util.JmxRegister (JmxRegister.java:register(58)) - register mxBean class org.apache.ratis.server.impl.RaftServerJmxAdapter as Ratis:service=RaftServer,group=group-D97F604BDC99,id=55955c7b-ed6e-47cf-8b82-6fab44cc7afd
2025-07-02 03:55:15,661 [55955c7b-ed6e-47cf-8b82-6fab44cc7afd-groupManagement] INFO  server.RaftServer$Division (RaftServerImpl.java:start(419)) - 55955c7b-ed6e-47cf-8b82-6fab44cc7afd@group-D97F604BDC99: Successfully started.
2025-07-02 03:55:15,671 [grpc-default-executor-5] INFO  server.RaftServer (RaftServerProxy.java:addNew(105)) - b7c7155c-5132-4d4c-a9be-cb93614710ac: addNew group-D97F604BDC99:[0ba2341f-228e-4e05-8d7d-900fed7a0a57|127.0.0.1:15047, 55955c7b-ed6e-47cf-8b82-6fab44cc7afd|127.0.0.1:15023, b7c7155c-5132-4d4c-a9be-cb93614710ac|127.0.0.1:15039] returns group-D97F604BDC99:java.util.concurrent.CompletableFuture@6bac9a39[Not completed]
2025-07-02 03:55:15,673 [b7c7155c-5132-4d4c-a9be-cb93614710ac-groupManagement] WARN  statemachine.DatanodeConfiguration (DatanodeConfiguration.java:validateMinFreeSpace(751)) - hdds.datanode.volume.min.free.space.percent = -1.0 is invalid, should be between 0 and 1
2025-07-02 03:55:15,673 [b7c7155c-5132-4d4c-a9be-cb93614710ac-groupManagement] INFO  server.RaftServer$Division (RaftServerImpl.java:<init>(268)) - b7c7155c-5132-4d4c-a9be-cb93614710ac: new RaftServerImpl for group-D97F604BDC99:[0ba2341f-228e-4e05-8d7d-900fed7a0a57|127.0.0.1:15047, 55955c7b-ed6e-47cf-8b82-6fab44cc7afd|127.0.0.1:15023, b7c7155c-5132-4d4c-a9be-cb93614710ac|127.0.0.1:15039] with ContainerStateMachine:uninitialized
2025-07-02 03:55:15,673 [b7c7155c-5132-4d4c-a9be-cb93614710ac-groupManagement] INFO  server.RaftServer$Division (ServerState.java:<init>(114)) - b7c7155c-5132-4d4c-a9be-cb93614710ac@group-D97F604BDC99: ConfigurationManager, init=conf: {index: -1, cur=peers:[0ba2341f-228e-4e05-8d7d-900fed7a0a57|127.0.0.1:15047, 55955c7b-ed6e-47cf-8b82-6fab44cc7afd|127.0.0.1:15023, b7c7155c-5132-4d4c-a9be-cb93614710ac|127.0.0.1:15039]|listeners:[], old=null}, confs=<EMPTY_MAP>
2025-07-02 03:55:15,676 [b7c7155c-5132-4d4c-a9be-cb93614710ac-groupManagement] INFO  server.RaftServerConfigKeys (ConfUtils.java:logGet(62)) - raft.server.storage.dir = [/home/runner/work/ozone/ozone/hadoop-ozone/integration-test/target/test-dir/MiniOzoneClusterImpl-ab4cec5a-95da-47a8-b600-856c2ae26a36/ozone-meta/datanode-4/ratis] (custom)
2025-07-02 03:55:15,676 [b7c7155c-5132-4d4c-a9be-cb93614710ac-groupManagement] INFO  storage.RaftStorageDirectory (RaftStorageDirectoryImpl.java:analyzeStorage(138)) - The storage directory /home/runner/work/ozone/ozone/hadoop-ozone/integration-test/target/test-dir/MiniOzoneClusterImpl-ab4cec5a-95da-47a8-b600-856c2ae26a36/ozone-meta/datanode-4/ratis/1a2cb838-1624-4021-b235-d97f604bdc99 does not exist. Creating ...
2025-07-02 03:55:15,678 [b7c7155c-5132-4d4c-a9be-cb93614710ac-groupManagement] INFO  storage.RaftStorageDirectory (RaftStorageDirectoryImpl.java:tryLock(229)) - Lock on /home/runner/work/ozone/ozone/hadoop-ozone/integration-test/target/test-dir/MiniOzoneClusterImpl-ab4cec5a-95da-47a8-b600-856c2ae26a36/ozone-meta/datanode-4/ratis/1a2cb838-1624-4021-b235-d97f604bdc99/in_use.lock acquired by nodename 103231@localhost
2025-07-02 03:55:15,679 [b7c7155c-5132-4d4c-a9be-cb93614710ac-groupManagement] INFO  storage.RaftStorage (RaftStorageImpl.java:format(98)) - Storage directory /home/runner/work/ozone/ozone/hadoop-ozone/integration-test/target/test-dir/MiniOzoneClusterImpl-ab4cec5a-95da-47a8-b600-856c2ae26a36/ozone-meta/datanode-4/ratis/1a2cb838-1624-4021-b235-d97f604bdc99 has been successfully formatted.
2025-07-02 03:55:15,679 [b7c7155c-5132-4d4c-a9be-cb93614710ac-groupManagement] INFO  ratis.ContainerStateMachine (ContainerStateMachine.java:initialize(339)) - b7c7155c-5132-4d4c-a9be-cb93614710ac: initialize group-D97F604BDC99
2025-07-02 03:55:15,679 [b7c7155c-5132-4d4c-a9be-cb93614710ac-groupManagement] INFO  ratis.ContainerStateMachine (ContainerStateMachine.java:loadSnapshot(347)) - group-D97F604BDC99: The snapshot info is null. Setting the last applied index to:<INITIAL_VALUE>
2025-07-02 03:55:15,680 [b7c7155c-5132-4d4c-a9be-cb93614710ac-groupManagement] INFO  server.RaftServerConfigKeys (ConfUtils.java:logGet(62)) - raft.server.log.appender.buffer.byte-limit = 33554432 (custom)
2025-07-02 03:55:15,681 [b7c7155c-5132-4d4c-a9be-cb93614710ac-groupManagement] INFO  server.RaftServerConfigKeys (ConfUtils.java:logGet(62)) - raft.server.log.segment.size.max = 67108864 (custom)
2025-07-02 03:55:15,681 [b7c7155c-5132-4d4c-a9be-cb93614710ac-groupManagement] INFO  server.RaftServerConfigKeys (ConfUtils.java:logGet(62)) - raft.server.log.appender.buffer.byte-limit = 33554432 (custom)
2025-07-02 03:55:15,681 [b7c7155c-5132-4d4c-a9be-cb93614710ac-groupManagement] INFO  util.AwaitToRun (AwaitToRun.java:start(81)) - Thread[#2236,b7c7155c-5132-4d4c-a9be-cb93614710ac@group-D97F604BDC99-cacheEviction-AwaitToRun,5,main] started
2025-07-02 03:55:15,681 [b7c7155c-5132-4d4c-a9be-cb93614710ac-groupManagement] INFO  segmented.SegmentedRaftLogWorker (SegmentedRaftLogWorker.java:<init>(190)) - new b7c7155c-5132-4d4c-a9be-cb93614710ac@group-D97F604BDC99-SegmentedRaftLogWorker for RaftStorageImpl:Storage Directory /home/runner/work/ozone/ozone/hadoop-ozone/integration-test/target/test-dir/MiniOzoneClusterImpl-ab4cec5a-95da-47a8-b600-856c2ae26a36/ozone-meta/datanode-4/ratis/1a2cb838-1624-4021-b235-d97f604bdc99
2025-07-02 03:55:15,681 [b7c7155c-5132-4d4c-a9be-cb93614710ac-groupManagement] INFO  server.RaftServerConfigKeys (ConfUtils.java:logGet(62)) - raft.server.log.queue.byte-limit = 4294967296 (custom)
2025-07-02 03:55:15,681 [b7c7155c-5132-4d4c-a9be-cb93614710ac-groupManagement] INFO  server.RaftServerConfigKeys (ConfUtils.java:logGet(62)) - raft.server.log.segment.size.max = 67108864 (custom)
2025-07-02 03:55:15,681 [b7c7155c-5132-4d4c-a9be-cb93614710ac-groupManagement] INFO  server.RaftServerConfigKeys (ConfUtils.java:logGet(62)) - raft.server.log.preallocated.size = 4194304 (custom)
2025-07-02 03:55:15,682 [b7c7155c-5132-4d4c-a9be-cb93614710ac-groupManagement] INFO  server.RaftServerConfigKeys (ConfUtils.java:logGet(62)) - raft.server.log.write.buffer.size = 33554440 (custom)
2025-07-02 03:55:15,687 [b7c7155c-5132-4d4c-a9be-cb93614710ac-groupManagement] INFO  server.RaftServerConfigKeys (ConfUtils.java:logGet(62)) - raft.server.log.appender.buffer.byte-limit = 33554432 (custom)
2025-07-02 03:55:15,688 [b7c7155c-5132-4d4c-a9be-cb93614710ac-groupManagement] INFO  segmented.SegmentedRaftLogWorker (SegmentedRaftLogWorker.java:lambda$new$0(141)) - b7c7155c-5132-4d4c-a9be-cb93614710ac@group-D97F604BDC99-SegmentedRaftLogWorker: flushIndex: setUnconditionally 0 -> -1
2025-07-02 03:55:15,688 [b7c7155c-5132-4d4c-a9be-cb93614710ac-groupManagement] INFO  segmented.SegmentedRaftLogWorker (SegmentedRaftLogWorker.java:lambda$new$0(141)) - b7c7155c-5132-4d4c-a9be-cb93614710ac@group-D97F604BDC99-SegmentedRaftLogWorker: safeCacheEvictIndex: setUnconditionally 0 -> -1
2025-07-02 03:55:15,689 [b7c7155c-5132-4d4c-a9be-cb93614710ac-groupManagement] INFO  server.RaftServer$Division (RaftServerImpl.java:start(405)) - b7c7155c-5132-4d4c-a9be-cb93614710ac@group-D97F604BDC99: start as a follower, conf=conf: {index: -1, cur=peers:[0ba2341f-228e-4e05-8d7d-900fed7a0a57|127.0.0.1:15047, 55955c7b-ed6e-47cf-8b82-6fab44cc7afd|127.0.0.1:15023, b7c7155c-5132-4d4c-a9be-cb93614710ac|127.0.0.1:15039]|listeners:[], old=null}
2025-07-02 03:55:15,689 [b7c7155c-5132-4d4c-a9be-cb93614710ac-groupManagement] INFO  server.RaftServer$Division (RaftServerImpl.java:setRole(392)) - b7c7155c-5132-4d4c-a9be-cb93614710ac@group-D97F604BDC99: changes role from      null to FOLLOWER at term 0 for startAsFollower
2025-07-02 03:55:15,689 [b7c7155c-5132-4d4c-a9be-cb93614710ac-groupManagement] INFO  impl.RoleInfo (RoleInfo.java:updateAndGet(148)) - b7c7155c-5132-4d4c-a9be-cb93614710ac: start b7c7155c-5132-4d4c-a9be-cb93614710ac@group-D97F604BDC99-FollowerState
2025-07-02 03:55:15,689 [b7c7155c-5132-4d4c-a9be-cb93614710ac-groupManagement] INFO  util.JmxRegister (JmxRegister.java:tryRegister(44)) - Successfully registered JMX Bean with object name Ratis:service=RaftServer,group=group-D97F604BDC99,id=b7c7155c-5132-4d4c-a9be-cb93614710ac
2025-07-02 03:55:15,689 [b7c7155c-5132-4d4c-a9be-cb93614710ac-groupManagement] INFO  util.JmxRegister (JmxRegister.java:register(58)) - register mxBean class org.apache.ratis.server.impl.RaftServerJmxAdapter as Ratis:service=RaftServer,group=group-D97F604BDC99,id=b7c7155c-5132-4d4c-a9be-cb93614710ac
2025-07-02 03:55:15,690 [b7c7155c-5132-4d4c-a9be-cb93614710ac-groupManagement] INFO  server.RaftServer$Division (RaftServerImpl.java:start(419)) - b7c7155c-5132-4d4c-a9be-cb93614710ac@group-D97F604BDC99: Successfully started.
2025-07-02 03:55:15,695 [0ba2341f-228e-4e05-8d7d-900fed7a0a57-PipelineCommandHandlerThread-0] INFO  commandhandler.CreatePipelineCommandHandler (CreatePipelineCommandHandler.java:lambda$handle$2(127)) - Created Pipeline RATIS THREE Pipeline-1a2cb838-1624-4021-b235-d97f604bdc99.
2025-07-02 03:55:15,794 [grpc-default-executor-4] INFO  segmented.SegmentedRaftLogWorker (SegmentedRaftLogWorker.java:close(254)) - 51f09602-57df-417c-acba-b6ceb72510c6@group-7B6B34780070-SegmentedRaftLogWorker close()
2025-07-02 03:55:15,795 [grpc-default-executor-4] INFO  server.RaftServer$Division (RaftServerImpl.java:groupRemove(497)) - 51f09602-57df-417c-acba-b6ceb72510c6@group-7B6B34780070: Succeed to remove RaftStorageDirectory Storage Directory /home/runner/work/ozone/ozone/hadoop-ozone/integration-test/target/test-dir/MiniOzoneClusterImpl-ab4cec5a-95da-47a8-b600-856c2ae26a36/ozone-meta/datanode-1/ratis/f304b688-6b20-4766-a87a-7b6b34780070
2025-07-02 03:55:15,798 [72cec01b-739b-4a67-87fc-c882b0c5047f-PipelineCommandHandlerThread-0] INFO  server.RaftServer (RaftServerProxy.java:remove(116)) - 72cec01b-739b-4a67-87fc-c882b0c5047f: remove  FOLLOWER (RUNNING): 72cec01b-739b-4a67-87fc-c882b0c5047f@group-7B6B34780070:t1, leader=0ba2341f-228e-4e05-8d7d-900fed7a0a57, voted=0ba2341f-228e-4e05-8d7d-900fed7a0a57, raftlog=Memoized:72cec01b-739b-4a67-87fc-c882b0c5047f@group-7B6B34780070-SegmentedRaftLog:OPENED:c0:last(t:1, i:0), conf=conf: {index: 0, cur=peers:[0ba2341f-228e-4e05-8d7d-900fed7a0a57|127.0.0.1:15047, 72cec01b-739b-4a67-87fc-c882b0c5047f|127.0.0.1:15031, 51f09602-57df-417c-acba-b6ceb72510c6|127.0.0.1:15015]|listeners:[], old=null}
2025-07-02 03:55:15,798 [72cec01b-739b-4a67-87fc-c882b0c5047f-PipelineCommandHandlerThread-0] INFO  server.RaftServer$Division (RaftServerImpl.java:lambda$close$1(527)) - 72cec01b-739b-4a67-87fc-c882b0c5047f@group-7B6B34780070: shutdown
2025-07-02 03:55:15,798 [72cec01b-739b-4a67-87fc-c882b0c5047f-PipelineCommandHandlerThread-0] INFO  util.JmxRegister (JmxRegister.java:unregister(74)) - Successfully un-registered JMX Bean with object name Ratis:service=RaftServer,group=group-7B6B34780070,id=72cec01b-739b-4a67-87fc-c882b0c5047f
2025-07-02 03:55:15,798 [72cec01b-739b-4a67-87fc-c882b0c5047f-PipelineCommandHandlerThread-0] INFO  impl.RoleInfo (RoleInfo.java:shutdownFollowerState(121)) - 72cec01b-739b-4a67-87fc-c882b0c5047f: shutdown 72cec01b-739b-4a67-87fc-c882b0c5047f@group-7B6B34780070-FollowerState
2025-07-02 03:55:15,798 [72cec01b-739b-4a67-87fc-c882b0c5047f-PipelineCommandHandlerThread-0] INFO  impl.StateMachineUpdater (StateMachineUpdater.java:stopAndJoin(163)) - 72cec01b-739b-4a67-87fc-c882b0c5047f@group-7B6B34780070-StateMachineUpdater: set stopIndex = 0
2025-07-02 03:55:15,798 [72cec01b-739b-4a67-87fc-c882b0c5047f@group-7B6B34780070-FollowerState] INFO  impl.FollowerState (FollowerState.java:runImpl(170)) - 72cec01b-739b-4a67-87fc-c882b0c5047f@group-7B6B34780070-FollowerState was interrupted
2025-07-02 03:55:15,798 [72cec01b-739b-4a67-87fc-c882b0c5047f@group-7B6B34780070-StateMachineUpdater] INFO  ratis.ContainerStateMachine (ContainerStateMachine.java:takeSnapshot(427)) - group-7B6B34780070: Taking a snapshot at:(t:1, i:0) file /home/runner/work/ozone/ozone/hadoop-ozone/integration-test/target/test-dir/MiniOzoneClusterImpl-ab4cec5a-95da-47a8-b600-856c2ae26a36/ozone-meta/datanode-3/ratis/f304b688-6b20-4766-a87a-7b6b34780070/sm/snapshot.1_0
2025-07-02 03:55:15,800 [72cec01b-739b-4a67-87fc-c882b0c5047f@group-7B6B34780070-StateMachineUpdater] INFO  ratis.ContainerStateMachine (ContainerStateMachine.java:takeSnapshot(436)) - group-7B6B34780070: Finished taking a snapshot at:(t:1, i:0) file:/home/runner/work/ozone/ozone/hadoop-ozone/integration-test/target/test-dir/MiniOzoneClusterImpl-ab4cec5a-95da-47a8-b600-856c2ae26a36/ozone-meta/datanode-3/ratis/f304b688-6b20-4766-a87a-7b6b34780070/sm/snapshot.1_0 took: 3 ms
2025-07-02 03:55:15,801 [72cec01b-739b-4a67-87fc-c882b0c5047f@group-7B6B34780070-StateMachineUpdater] INFO  impl.StateMachineUpdater (StateMachineUpdater.java:takeSnapshot(307)) - 72cec01b-739b-4a67-87fc-c882b0c5047f@group-7B6B34780070-StateMachineUpdater: Took a snapshot at index 0
2025-07-02 03:55:15,801 [72cec01b-739b-4a67-87fc-c882b0c5047f@group-7B6B34780070-StateMachineUpdater] INFO  impl.StateMachineUpdater (StateMachineUpdater.java:lambda$new$0(101)) - 72cec01b-739b-4a67-87fc-c882b0c5047f@group-7B6B34780070-StateMachineUpdater: snapshotIndex: updateIncreasingly -1 -> 0
2025-07-02 03:55:15,801 [72cec01b-739b-4a67-87fc-c882b0c5047f@group-7B6B34780070-StateMachineUpdater] INFO  impl.StateMachineUpdater (StateMachineUpdater.java:stop(140)) - 72cec01b-739b-4a67-87fc-c882b0c5047f@group-7B6B34780070-StateMachineUpdater: closing ContainerStateMachine, lastApplied=(t:1, i:0)
2025-07-02 03:55:15,801 [72cec01b-739b-4a67-87fc-c882b0c5047f@group-7B6B34780070-cacheEviction-AwaitToRun] INFO  util.AwaitToRun (AwaitToRun.java:run(49)) - 72cec01b-739b-4a67-87fc-c882b0c5047f@group-7B6B34780070-cacheEviction-AwaitToRun-AwaitForSignal is interrupted
2025-07-02 03:55:15,867 [b7c7155c-5132-4d4c-a9be-cb93614710ac-CloseContainerThread-2] INFO  commandhandler.CloseContainerCommandHandler (CloseContainerCommandHandler.java:lambda$handle$0(105)) - Container #7 does not exist in datanode. Its pipeline may have closed before it was created. Container close failed.
2025-07-02 03:55:15,867 [b7c7155c-5132-4d4c-a9be-cb93614710ac-CloseContainerThread-2] INFO  commandhandler.CloseContainerCommandHandler (CloseContainerCommandHandler.java:lambda$handle$0(105)) - Container #30 does not exist in datanode. Its pipeline may have closed before it was created. Container close failed.
2025-07-02 03:55:15,867 [b7c7155c-5132-4d4c-a9be-cb93614710ac-CloseContainerThread-2] INFO  commandhandler.CloseContainerCommandHandler (CloseContainerCommandHandler.java:lambda$handle$0(105)) - Container #31 does not exist in datanode. Its pipeline may have closed before it was created. Container close failed.
2025-07-02 03:55:15,867 [b7c7155c-5132-4d4c-a9be-cb93614710ac-CloseContainerThread-0] INFO  commandhandler.CloseContainerCommandHandler (CloseContainerCommandHandler.java:lambda$handle$0(105)) - Container #8 does not exist in datanode. Its pipeline may have closed before it was created. Container close failed.
2025-07-02 03:55:15,867 [b7c7155c-5132-4d4c-a9be-cb93614710ac-CloseContainerThread-0] INFO  commandhandler.CloseContainerCommandHandler (CloseContainerCommandHandler.java:lambda$handle$0(105)) - Container #33 does not exist in datanode. Its pipeline may have closed before it was created. Container close failed.
2025-07-02 03:55:15,867 [b7c7155c-5132-4d4c-a9be-cb93614710ac-CloseContainerThread-2] INFO  commandhandler.CloseContainerCommandHandler (CloseContainerCommandHandler.java:lambda$handle$0(105)) - Container #32 does not exist in datanode. Its pipeline may have closed before it was created. Container close failed.
2025-07-02 03:55:15,871 [b7c7155c-5132-4d4c-a9be-cb93614710ac-CloseContainerThread-1] WARN  keyvalue.KeyValueHandler (KeyValueHandler.java:updateAndGetContainerChecksum(1451)) - Container data checksum updated from 0 to 8c28b28a
2025-07-02 03:55:15,872 [b7c7155c-5132-4d4c-a9be-cb93614710ac-CloseContainerThread-1] INFO  keyvalue.KeyValueContainer (KeyValueContainer.java:flushAndSyncDB(514)) - Synced container: KeyValueContainerData #5 (CLOSING, non-empty, ri=2, origin=[dn_b7c7155c-5132-4d4c-a9be-cb93614710ac, pipeline_])
2025-07-02 03:55:15,873 [b7c7155c-5132-4d4c-a9be-cb93614710ac-CloseContainerThread-1] INFO  keyvalue.KeyValueContainer (KeyValueContainer.java:flushAndSyncDB(514)) - Synced container: KeyValueContainerData #5 (CLOSING, non-empty, ri=2, origin=[dn_b7c7155c-5132-4d4c-a9be-cb93614710ac, pipeline_])
2025-07-02 03:55:15,875 [b7c7155c-5132-4d4c-a9be-cb93614710ac-CloseContainerThread-1] INFO  keyvalue.KeyValueContainer (KeyValueContainer.java:close(430)) - Closed container: KeyValueContainerData #5 (CLOSED, non-empty, ri=2, origin=[dn_b7c7155c-5132-4d4c-a9be-cb93614710ac, pipeline_])
2025-07-02 03:55:16,348 [72cec01b-739b-4a67-87fc-c882b0c5047f-CloseContainerThread-2] WARN  keyvalue.KeyValueHandler (KeyValueHandler.java:updateAndGetContainerChecksum(1451)) - Container data checksum updated from 0 to f8b8326d
2025-07-02 03:55:16,349 [72cec01b-739b-4a67-87fc-c882b0c5047f-CloseContainerThread-2] INFO  keyvalue.KeyValueContainer (KeyValueContainer.java:flushAndSyncDB(514)) - Synced container: KeyValueContainerData #5 (CLOSING, non-empty, ri=5, origin=[dn_72cec01b-739b-4a67-87fc-c882b0c5047f, pipeline_])
2025-07-02 03:55:16,349 [72cec01b-739b-4a67-87fc-c882b0c5047f-CloseContainerThread-2] INFO  keyvalue.KeyValueContainer (KeyValueContainer.java:flushAndSyncDB(514)) - Synced container: KeyValueContainerData #5 (CLOSING, non-empty, ri=5, origin=[dn_72cec01b-739b-4a67-87fc-c882b0c5047f, pipeline_])
2025-07-02 03:55:16,349 [72cec01b-739b-4a67-87fc-c882b0c5047f-CloseContainerThread-1] WARN  keyvalue.KeyValueHandler (KeyValueHandler.java:updateAndGetContainerChecksum(1451)) - Container data checksum updated from 0 to 2f9d4286
2025-07-02 03:55:16,349 [72cec01b-739b-4a67-87fc-c882b0c5047f-CloseContainerThread-0] WARN  keyvalue.KeyValueHandler (KeyValueHandler.java:updateAndGetContainerChecksum(1451)) - Container data checksum updated from 0 to c24bbc81
2025-07-02 03:55:16,353 [72cec01b-739b-4a67-87fc-c882b0c5047f-CloseContainerThread-2] INFO  keyvalue.KeyValueContainer (KeyValueContainer.java:close(430)) - Closed container: KeyValueContainerData #5 (CLOSED, non-empty, ri=5, origin=[dn_72cec01b-739b-4a67-87fc-c882b0c5047f, pipeline_])
2025-07-02 03:55:16,353 [72cec01b-739b-4a67-87fc-c882b0c5047f-CloseContainerThread-2] INFO  commandhandler.CloseContainerCommandHandler (CloseContainerCommandHandler.java:lambda$handle$0(105)) - Container #30 does not exist in datanode. Its pipeline may have closed before it was created. Container close failed.
2025-07-02 03:55:16,353 [72cec01b-739b-4a67-87fc-c882b0c5047f-CloseContainerThread-2] INFO  commandhandler.CloseContainerCommandHandler (CloseContainerCommandHandler.java:lambda$handle$0(105)) - Container #31 does not exist in datanode. Its pipeline may have closed before it was created. Container close failed.
2025-07-02 03:55:16,353 [72cec01b-739b-4a67-87fc-c882b0c5047f-CloseContainerThread-2] INFO  commandhandler.CloseContainerCommandHandler (CloseContainerCommandHandler.java:lambda$handle$0(105)) - Container #32 does not exist in datanode. Its pipeline may have closed before it was created. Container close failed.
2025-07-02 03:55:16,353 [72cec01b-739b-4a67-87fc-c882b0c5047f-CloseContainerThread-2] INFO  commandhandler.CloseContainerCommandHandler (CloseContainerCommandHandler.java:lambda$handle$0(105)) - Container #33 does not exist in datanode. Its pipeline may have closed before it was created. Container close failed.
2025-07-02 03:55:16,354 [72cec01b-739b-4a67-87fc-c882b0c5047f-ContainerOp-d1e3acee-a05a-4041-9085-318aa4cf0ca9-9] INFO  keyvalue.KeyValueContainer (KeyValueContainer.java:flushAndSyncDB(514)) - Synced container: KeyValueContainerData #14 (CLOSING, non-empty, ri=0, origin=[dn_72cec01b-739b-4a67-87fc-c882b0c5047f, pipeline_d1e3acee-a05a-4041-9085-318aa4cf0ca9])
2025-07-02 03:55:16,354 [72cec01b-739b-4a67-87fc-c882b0c5047f-ContainerOp-d1e3acee-a05a-4041-9085-318aa4cf0ca9-9] INFO  keyvalue.KeyValueContainer (KeyValueContainer.java:flushAndSyncDB(514)) - Synced container: KeyValueContainerData #14 (CLOSING, non-empty, ri=0, origin=[dn_72cec01b-739b-4a67-87fc-c882b0c5047f, pipeline_d1e3acee-a05a-4041-9085-318aa4cf0ca9])
2025-07-02 03:55:16,354 [72cec01b-739b-4a67-87fc-c882b0c5047f-ContainerOp-d1e3acee-a05a-4041-9085-318aa4cf0ca9-0] INFO  keyvalue.KeyValueContainer (KeyValueContainer.java:flushAndSyncDB(514)) - Synced container: KeyValueContainerData #15 (CLOSING, non-empty, ri=0, origin=[dn_72cec01b-739b-4a67-87fc-c882b0c5047f, pipeline_d1e3acee-a05a-4041-9085-318aa4cf0ca9])
2025-07-02 03:55:16,355 [72cec01b-739b-4a67-87fc-c882b0c5047f-ContainerOp-d1e3acee-a05a-4041-9085-318aa4cf0ca9-0] INFO  keyvalue.KeyValueContainer (KeyValueContainer.java:flushAndSyncDB(514)) - Synced container: KeyValueContainerData #15 (CLOSING, non-empty, ri=0, origin=[dn_72cec01b-739b-4a67-87fc-c882b0c5047f, pipeline_d1e3acee-a05a-4041-9085-318aa4cf0ca9])
2025-07-02 03:55:16,358 [72cec01b-739b-4a67-87fc-c882b0c5047f-ContainerOp-d1e3acee-a05a-4041-9085-318aa4cf0ca9-9] INFO  keyvalue.KeyValueContainer (KeyValueContainer.java:close(430)) - Closed container: KeyValueContainerData #14 (CLOSED, non-empty, ri=0, origin=[dn_72cec01b-739b-4a67-87fc-c882b0c5047f, pipeline_d1e3acee-a05a-4041-9085-318aa4cf0ca9])
2025-07-02 03:55:16,359 [72cec01b-739b-4a67-87fc-c882b0c5047f-ContainerOp-d1e3acee-a05a-4041-9085-318aa4cf0ca9-0] INFO  keyvalue.KeyValueContainer (KeyValueContainer.java:close(430)) - Closed container: KeyValueContainerData #15 (CLOSED, non-empty, ri=0, origin=[dn_72cec01b-739b-4a67-87fc-c882b0c5047f, pipeline_d1e3acee-a05a-4041-9085-318aa4cf0ca9])
2025-07-02 03:55:16,359 [FixedThreadPoolWithAffinityExecutor-1-0] INFO  container.IncrementalContainerReportHandler (AbstractContainerReportHandler.java:updateContainerState(289)) - CLOSE Container #14 (CLOSING, sid=8) r0 (CLOSED, bcsid=8, origin=72cec01b-739b-4a67-87fc-c882b0c5047f, non-empty) from dn 72cec01b-739b-4a67-87fc-c882b0c5047f(localhost/127.0.0.1)
2025-07-02 03:55:16,361 [FixedThreadPoolWithAffinityExecutor-1-0] INFO  container.IncrementalContainerReportHandler (AbstractContainerReportHandler.java:updateContainerState(289)) - CLOSE Container #15 (CLOSING, sid=5) r0 (CLOSED, bcsid=5, origin=72cec01b-739b-4a67-87fc-c882b0c5047f, non-empty) from dn 72cec01b-739b-4a67-87fc-c882b0c5047f(localhost/127.0.0.1)
2025-07-02 03:55:16,458 [55955c7b-ed6e-47cf-8b82-6fab44cc7afd-CloseContainerThread-2] WARN  keyvalue.KeyValueHandler (KeyValueHandler.java:updateAndGetContainerChecksum(1451)) - Container data checksum updated from 0 to 40706372
2025-07-02 03:55:16,459 [55955c7b-ed6e-47cf-8b82-6fab44cc7afd-CloseContainerThread-0] WARN  keyvalue.KeyValueHandler (KeyValueHandler.java:updateAndGetContainerChecksum(1451)) - Container data checksum updated from 0 to 2f9d4286
2025-07-02 03:55:16,460 [55955c7b-ed6e-47cf-8b82-6fab44cc7afd-CloseContainerThread-1] WARN  keyvalue.KeyValueHandler (KeyValueHandler.java:updateAndGetContainerChecksum(1451)) - Container data checksum updated from 0 to a76efc22
2025-07-02 03:55:16,461 [55955c7b-ed6e-47cf-8b82-6fab44cc7afd-CloseContainerThread-1] INFO  keyvalue.KeyValueContainer (KeyValueContainer.java:flushAndSyncDB(514)) - Synced container: KeyValueContainerData #5 (CLOSING, non-empty, ri=4, origin=[dn_55955c7b-ed6e-47cf-8b82-6fab44cc7afd, pipeline_])
2025-07-02 03:55:16,461 [55955c7b-ed6e-47cf-8b82-6fab44cc7afd-CloseContainerThread-1] INFO  keyvalue.KeyValueContainer (KeyValueContainer.java:flushAndSyncDB(514)) - Synced container: KeyValueContainerData #5 (CLOSING, non-empty, ri=4, origin=[dn_55955c7b-ed6e-47cf-8b82-6fab44cc7afd, pipeline_])
2025-07-02 03:55:16,462 [55955c7b-ed6e-47cf-8b82-6fab44cc7afd-ContainerOp-e2a0238e-d0fd-446c-b390-22b2958f9a94-4] INFO  keyvalue.KeyValueContainer (KeyValueContainer.java:flushAndSyncDB(514)) - Synced container: KeyValueContainerData #9 (CLOSING, non-empty, ri=0, origin=[dn_55955c7b-ed6e-47cf-8b82-6fab44cc7afd, pipeline_e2a0238e-d0fd-446c-b390-22b2958f9a94])
2025-07-02 03:55:16,463 [55955c7b-ed6e-47cf-8b82-6fab44cc7afd-ContainerOp-e2a0238e-d0fd-446c-b390-22b2958f9a94-4] INFO  keyvalue.KeyValueContainer (KeyValueContainer.java:flushAndSyncDB(514)) - Synced container: KeyValueContainerData #9 (CLOSING, non-empty, ri=0, origin=[dn_55955c7b-ed6e-47cf-8b82-6fab44cc7afd, pipeline_e2a0238e-d0fd-446c-b390-22b2958f9a94])
2025-07-02 03:55:16,465 [55955c7b-ed6e-47cf-8b82-6fab44cc7afd-ContainerOp-e2a0238e-d0fd-446c-b390-22b2958f9a94-5] INFO  keyvalue.KeyValueContainer (KeyValueContainer.java:flushAndSyncDB(514)) - Synced container: KeyValueContainerData #12 (CLOSING, non-empty, ri=0, origin=[dn_55955c7b-ed6e-47cf-8b82-6fab44cc7afd, pipeline_e2a0238e-d0fd-446c-b390-22b2958f9a94])
2025-07-02 03:55:16,465 [55955c7b-ed6e-47cf-8b82-6fab44cc7afd-ContainerOp-e2a0238e-d0fd-446c-b390-22b2958f9a94-5] INFO  keyvalue.KeyValueContainer (KeyValueContainer.java:flushAndSyncDB(514)) - Synced container: KeyValueContainerData #12 (CLOSING, non-empty, ri=0, origin=[dn_55955c7b-ed6e-47cf-8b82-6fab44cc7afd, pipeline_e2a0238e-d0fd-446c-b390-22b2958f9a94])
2025-07-02 03:55:16,466 [55955c7b-ed6e-47cf-8b82-6fab44cc7afd-CloseContainerThread-1] INFO  keyvalue.KeyValueContainer (KeyValueContainer.java:close(430)) - Closed container: KeyValueContainerData #5 (CLOSED, non-empty, ri=4, origin=[dn_55955c7b-ed6e-47cf-8b82-6fab44cc7afd, pipeline_])
2025-07-02 03:55:16,466 [55955c7b-ed6e-47cf-8b82-6fab44cc7afd-CloseContainerThread-1] INFO  commandhandler.CloseContainerCommandHandler (CloseContainerCommandHandler.java:lambda$handle$0(105)) - Container #30 does not exist in datanode. Its pipeline may have closed before it was created. Container close failed.
2025-07-02 03:55:16,466 [55955c7b-ed6e-47cf-8b82-6fab44cc7afd-CloseContainerThread-1] INFO  commandhandler.CloseContainerCommandHandler (CloseContainerCommandHandler.java:lambda$handle$0(105)) - Container #31 does not exist in datanode. Its pipeline may have closed before it was created. Container close failed.
2025-07-02 03:55:16,466 [55955c7b-ed6e-47cf-8b82-6fab44cc7afd-CloseContainerThread-1] INFO  commandhandler.CloseContainerCommandHandler (CloseContainerCommandHandler.java:lambda$handle$0(105)) - Container #32 does not exist in datanode. Its pipeline may have closed before it was created. Container close failed.
2025-07-02 03:55:16,466 [55955c7b-ed6e-47cf-8b82-6fab44cc7afd-CloseContainerThread-1] INFO  commandhandler.CloseContainerCommandHandler (CloseContainerCommandHandler.java:lambda$handle$0(105)) - Container #33 does not exist in datanode. Its pipeline may have closed before it was created. Container close failed.
2025-07-02 03:55:16,467 [55955c7b-ed6e-47cf-8b82-6fab44cc7afd-ContainerOp-e2a0238e-d0fd-446c-b390-22b2958f9a94-4] INFO  keyvalue.KeyValueContainer (KeyValueContainer.java:close(430)) - Closed container: KeyValueContainerData #9 (CLOSED, non-empty, ri=0, origin=[dn_55955c7b-ed6e-47cf-8b82-6fab44cc7afd, pipeline_e2a0238e-d0fd-446c-b390-22b2958f9a94])
2025-07-02 03:55:16,468 [FixedThreadPoolWithAffinityExecutor-0-0] INFO  container.IncrementalContainerReportHandler (AbstractContainerReportHandler.java:updateContainerState(289)) - CLOSE Container #9 (CLOSING, sid=2) r0 (CLOSED, bcsid=2, origin=55955c7b-ed6e-47cf-8b82-6fab44cc7afd, non-empty) from dn 55955c7b-ed6e-47cf-8b82-6fab44cc7afd(localhost/127.0.0.1)
2025-07-02 03:55:16,469 [55955c7b-ed6e-47cf-8b82-6fab44cc7afd-ContainerOp-e2a0238e-d0fd-446c-b390-22b2958f9a94-5] INFO  keyvalue.KeyValueContainer (KeyValueContainer.java:close(430)) - Closed container: KeyValueContainerData #12 (CLOSED, non-empty, ri=0, origin=[dn_55955c7b-ed6e-47cf-8b82-6fab44cc7afd, pipeline_e2a0238e-d0fd-446c-b390-22b2958f9a94])
2025-07-02 03:55:16,470 [FixedThreadPoolWithAffinityExecutor-0-0] INFO  container.IncrementalContainerReportHandler (AbstractContainerReportHandler.java:updateContainerState(289)) - CLOSE Container #12 (CLOSING, sid=5) r0 (CLOSED, bcsid=5, origin=55955c7b-ed6e-47cf-8b82-6fab44cc7afd, non-empty) from dn 55955c7b-ed6e-47cf-8b82-6fab44cc7afd(localhost/127.0.0.1)
2025-07-02 03:55:16,701 [0ba2341f-228e-4e05-8d7d-900fed7a0a57@group-D97F604BDC99-FollowerState] INFO  impl.FollowerState (FollowerState.java:runImpl(161)) - 0ba2341f-228e-4e05-8d7d-900fed7a0a57@group-D97F604BDC99-FollowerState: change to CANDIDATE, lastRpcElapsedTime:1082274021ns, electionTimeout:1081ms
2025-07-02 03:55:16,701 [0ba2341f-228e-4e05-8d7d-900fed7a0a57@group-D97F604BDC99-FollowerState] INFO  impl.RoleInfo (RoleInfo.java:shutdownFollowerState(121)) - 0ba2341f-228e-4e05-8d7d-900fed7a0a57: shutdown 0ba2341f-228e-4e05-8d7d-900fed7a0a57@group-D97F604BDC99-FollowerState
2025-07-02 03:55:16,701 [0ba2341f-228e-4e05-8d7d-900fed7a0a57@group-D97F604BDC99-FollowerState] INFO  server.RaftServer$Division (RaftServerImpl.java:setRole(392)) - 0ba2341f-228e-4e05-8d7d-900fed7a0a57@group-D97F604BDC99: changes role from  FOLLOWER to CANDIDATE at term 0 for changeToCandidate
2025-07-02 03:55:16,702 [0ba2341f-228e-4e05-8d7d-900fed7a0a57@group-D97F604BDC99-FollowerState] INFO  impl.RoleInfo (RoleInfo.java:updateAndGet(148)) - 0ba2341f-228e-4e05-8d7d-900fed7a0a57: start 0ba2341f-228e-4e05-8d7d-900fed7a0a57@group-D97F604BDC99-LeaderElection13
2025-07-02 03:55:16,702 [0ba2341f-228e-4e05-8d7d-900fed7a0a57@group-D97F604BDC99-LeaderElection13] INFO  impl.LeaderElection (LeaderElection.java:askForVotes(448)) - 0ba2341f-228e-4e05-8d7d-900fed7a0a57@group-D97F604BDC99-LeaderElection13 PRE_VOTE round 0: submit vote requests at term 0 for conf: {index: -1, cur=peers:[0ba2341f-228e-4e05-8d7d-900fed7a0a57|127.0.0.1:15047, 55955c7b-ed6e-47cf-8b82-6fab44cc7afd|127.0.0.1:15023, b7c7155c-5132-4d4c-a9be-cb93614710ac|127.0.0.1:15039]|listeners:[], old=null}
2025-07-02 03:55:16,702 [0ba2341f-228e-4e05-8d7d-900fed7a0a57@group-D97F604BDC99-LeaderElection13-1] INFO  server.GrpcServerProtocolClient (GrpcServerProtocolClient.java:<init>(65)) - Build channel for 55955c7b-ed6e-47cf-8b82-6fab44cc7afd|127.0.0.1:15023
2025-07-02 03:55:16,703 [0ba2341f-228e-4e05-8d7d-900fed7a0a57@group-D97F604BDC99-LeaderElection13-2] INFO  server.GrpcServerProtocolClient (GrpcServerProtocolClient.java:<init>(65)) - Build channel for b7c7155c-5132-4d4c-a9be-cb93614710ac|127.0.0.1:15039
2025-07-02 03:55:16,706 [grpc-default-executor-5] INFO  server.RaftServer$Division (RaftServerImpl.java:requestVote(1421)) - 55955c7b-ed6e-47cf-8b82-6fab44cc7afd@group-D97F604BDC99: receive requestVote(PRE_VOTE, 0ba2341f-228e-4e05-8d7d-900fed7a0a57, group-D97F604BDC99, 0, <PROTO_DEFAULT>)
2025-07-02 03:55:16,707 [grpc-default-executor-5] INFO  impl.VoteContext (VoteContext.java:log(49)) - 55955c7b-ed6e-47cf-8b82-6fab44cc7afd@group-D97F604BDC99-FOLLOWER: accept PRE_VOTE from 0ba2341f-228e-4e05-8d7d-900fed7a0a57: our priority 0 <= candidate's priority 1
2025-07-02 03:55:16,707 [grpc-default-executor-5] INFO  server.RaftServer$Division (RaftServerImpl.java:requestVote(1455)) - 55955c7b-ed6e-47cf-8b82-6fab44cc7afd@group-D97F604BDC99 replies to PRE_VOTE vote request: 0ba2341f-228e-4e05-8d7d-900fed7a0a57<-55955c7b-ed6e-47cf-8b82-6fab44cc7afd#0:OK-t0-last:<INITIAL_VALUE>. Peer's state: 55955c7b-ed6e-47cf-8b82-6fab44cc7afd@group-D97F604BDC99:t0, leader=null, voted=, raftlog=Memoized:55955c7b-ed6e-47cf-8b82-6fab44cc7afd@group-D97F604BDC99-SegmentedRaftLog:OPENED:c-1:lastnull, conf=conf: {index: -1, cur=peers:[0ba2341f-228e-4e05-8d7d-900fed7a0a57|127.0.0.1:15047, 55955c7b-ed6e-47cf-8b82-6fab44cc7afd|127.0.0.1:15023, b7c7155c-5132-4d4c-a9be-cb93614710ac|127.0.0.1:15039]|listeners:[], old=null}
2025-07-02 03:55:16,707 [grpc-default-executor-4] INFO  server.RaftServer$Division (RaftServerImpl.java:requestVote(1421)) - b7c7155c-5132-4d4c-a9be-cb93614710ac@group-D97F604BDC99: receive requestVote(PRE_VOTE, 0ba2341f-228e-4e05-8d7d-900fed7a0a57, group-D97F604BDC99, 0, <PROTO_DEFAULT>)
2025-07-02 03:55:16,708 [grpc-default-executor-4] INFO  impl.VoteContext (VoteContext.java:log(49)) - b7c7155c-5132-4d4c-a9be-cb93614710ac@group-D97F604BDC99-FOLLOWER: accept PRE_VOTE from 0ba2341f-228e-4e05-8d7d-900fed7a0a57: our priority 0 <= candidate's priority 1
2025-07-02 03:55:16,708 [grpc-default-executor-4] INFO  server.RaftServer$Division (RaftServerImpl.java:requestVote(1455)) - b7c7155c-5132-4d4c-a9be-cb93614710ac@group-D97F604BDC99 replies to PRE_VOTE vote request: 0ba2341f-228e-4e05-8d7d-900fed7a0a57<-b7c7155c-5132-4d4c-a9be-cb93614710ac#0:OK-t0-last:<INITIAL_VALUE>. Peer's state: b7c7155c-5132-4d4c-a9be-cb93614710ac@group-D97F604BDC99:t0, leader=null, voted=, raftlog=Memoized:b7c7155c-5132-4d4c-a9be-cb93614710ac@group-D97F604BDC99-SegmentedRaftLog:OPENED:c-1:lastnull, conf=conf: {index: -1, cur=peers:[0ba2341f-228e-4e05-8d7d-900fed7a0a57|127.0.0.1:15047, 55955c7b-ed6e-47cf-8b82-6fab44cc7afd|127.0.0.1:15023, b7c7155c-5132-4d4c-a9be-cb93614710ac|127.0.0.1:15039]|listeners:[], old=null}
2025-07-02 03:55:16,708 [0ba2341f-228e-4e05-8d7d-900fed7a0a57@group-D97F604BDC99-LeaderElection13] INFO  impl.LeaderElection (LeaderElection.java:logAndReturn(206)) - 0ba2341f-228e-4e05-8d7d-900fed7a0a57@group-D97F604BDC99-LeaderElection13: PRE_VOTE PASSED received 1 response(s) and 0 exception(s):
2025-07-02 03:55:16,708 [0ba2341f-228e-4e05-8d7d-900fed7a0a57@group-D97F604BDC99-LeaderElection13] INFO  impl.LeaderElection (LeaderElection.java:logAndReturn(210)) -   Response 0: 0ba2341f-228e-4e05-8d7d-900fed7a0a57<-55955c7b-ed6e-47cf-8b82-6fab44cc7afd#0:OK-t0-last:<INITIAL_VALUE>
2025-07-02 03:55:16,708 [0ba2341f-228e-4e05-8d7d-900fed7a0a57@group-D97F604BDC99-LeaderElection13] INFO  impl.LeaderElection (LeaderElection.java:askForVotes(450)) - 0ba2341f-228e-4e05-8d7d-900fed7a0a57@group-D97F604BDC99-LeaderElection13 PRE_VOTE round 0: result PASSED
2025-07-02 03:55:16,710 [0ba2341f-228e-4e05-8d7d-900fed7a0a57@group-D97F604BDC99-LeaderElection13] INFO  impl.LeaderElection (LeaderElection.java:askForVotes(448)) - 0ba2341f-228e-4e05-8d7d-900fed7a0a57@group-D97F604BDC99-LeaderElection13 ELECTION round 0: submit vote requests at term 1 for conf: {index: -1, cur=peers:[0ba2341f-228e-4e05-8d7d-900fed7a0a57|127.0.0.1:15047, 55955c7b-ed6e-47cf-8b82-6fab44cc7afd|127.0.0.1:15023, b7c7155c-5132-4d4c-a9be-cb93614710ac|127.0.0.1:15039]|listeners:[], old=null}
2025-07-02 03:55:16,711 [grpc-default-executor-5] INFO  server.RaftServer$Division (RaftServerImpl.java:requestVote(1421)) - 55955c7b-ed6e-47cf-8b82-6fab44cc7afd@group-D97F604BDC99: receive requestVote(ELECTION, 0ba2341f-228e-4e05-8d7d-900fed7a0a57, group-D97F604BDC99, 1, <PROTO_DEFAULT>)
2025-07-02 03:55:16,711 [grpc-default-executor-4] INFO  server.RaftServer$Division (RaftServerImpl.java:requestVote(1421)) - b7c7155c-5132-4d4c-a9be-cb93614710ac@group-D97F604BDC99: receive requestVote(ELECTION, 0ba2341f-228e-4e05-8d7d-900fed7a0a57, group-D97F604BDC99, 1, <PROTO_DEFAULT>)
2025-07-02 03:55:16,711 [grpc-default-executor-4] INFO  impl.VoteContext (VoteContext.java:log(49)) - b7c7155c-5132-4d4c-a9be-cb93614710ac@group-D97F604BDC99-FOLLOWER: accept ELECTION from 0ba2341f-228e-4e05-8d7d-900fed7a0a57: our priority 0 <= candidate's priority 1
2025-07-02 03:55:16,711 [grpc-default-executor-5] INFO  impl.VoteContext (VoteContext.java:log(49)) - 55955c7b-ed6e-47cf-8b82-6fab44cc7afd@group-D97F604BDC99-FOLLOWER: accept ELECTION from 0ba2341f-228e-4e05-8d7d-900fed7a0a57: our priority 0 <= candidate's priority 1
2025-07-02 03:55:16,711 [grpc-default-executor-5] INFO  server.RaftServer$Division (RaftServerImpl.java:setRole(392)) - 55955c7b-ed6e-47cf-8b82-6fab44cc7afd@group-D97F604BDC99: changes role from  FOLLOWER to FOLLOWER at term 0 for candidate:0ba2341f-228e-4e05-8d7d-900fed7a0a57
2025-07-02 03:55:16,711 [grpc-default-executor-5] INFO  impl.RoleInfo (RoleInfo.java:shutdownFollowerState(121)) - 55955c7b-ed6e-47cf-8b82-6fab44cc7afd: shutdown 55955c7b-ed6e-47cf-8b82-6fab44cc7afd@group-D97F604BDC99-FollowerState
2025-07-02 03:55:16,711 [grpc-default-executor-5] INFO  impl.RoleInfo (RoleInfo.java:updateAndGet(148)) - 55955c7b-ed6e-47cf-8b82-6fab44cc7afd: start 55955c7b-ed6e-47cf-8b82-6fab44cc7afd@group-D97F604BDC99-FollowerState
2025-07-02 03:55:16,712 [grpc-default-executor-4] INFO  server.RaftServer$Division (RaftServerImpl.java:setRole(392)) - b7c7155c-5132-4d4c-a9be-cb93614710ac@group-D97F604BDC99: changes role from  FOLLOWER to FOLLOWER at term 0 for candidate:0ba2341f-228e-4e05-8d7d-900fed7a0a57
2025-07-02 03:55:16,712 [grpc-default-executor-4] INFO  impl.RoleInfo (RoleInfo.java:shutdownFollowerState(121)) - b7c7155c-5132-4d4c-a9be-cb93614710ac: shutdown b7c7155c-5132-4d4c-a9be-cb93614710ac@group-D97F604BDC99-FollowerState
2025-07-02 03:55:16,712 [grpc-default-executor-4] INFO  impl.RoleInfo (RoleInfo.java:updateAndGet(148)) - b7c7155c-5132-4d4c-a9be-cb93614710ac: start b7c7155c-5132-4d4c-a9be-cb93614710ac@group-D97F604BDC99-FollowerState
2025-07-02 03:55:16,712 [b7c7155c-5132-4d4c-a9be-cb93614710ac@group-D97F604BDC99-FollowerState] INFO  impl.FollowerState (FollowerState.java:runImpl(170)) - b7c7155c-5132-4d4c-a9be-cb93614710ac@group-D97F604BDC99-FollowerState was interrupted
2025-07-02 03:55:16,712 [grpc-default-executor-5] INFO  server.RaftServer$Division (RaftServerImpl.java:setFirstElection(576)) - 55955c7b-ed6e-47cf-8b82-6fab44cc7afd@group-D97F604BDC99: set firstElectionSinceStartup to false for candidate:0ba2341f-228e-4e05-8d7d-900fed7a0a57
2025-07-02 03:55:16,712 [grpc-default-executor-4] INFO  server.RaftServer$Division (RaftServerImpl.java:setFirstElection(576)) - b7c7155c-5132-4d4c-a9be-cb93614710ac@group-D97F604BDC99: set firstElectionSinceStartup to false for candidate:0ba2341f-228e-4e05-8d7d-900fed7a0a57
2025-07-02 03:55:16,711 [55955c7b-ed6e-47cf-8b82-6fab44cc7afd@group-D97F604BDC99-FollowerState] INFO  impl.FollowerState (FollowerState.java:runImpl(170)) - 55955c7b-ed6e-47cf-8b82-6fab44cc7afd@group-D97F604BDC99-FollowerState was interrupted
2025-07-02 03:55:16,714 [grpc-default-executor-5] INFO  server.RaftServer$Division (RaftServerImpl.java:requestVote(1455)) - 55955c7b-ed6e-47cf-8b82-6fab44cc7afd@group-D97F604BDC99 replies to ELECTION vote request: 0ba2341f-228e-4e05-8d7d-900fed7a0a57<-55955c7b-ed6e-47cf-8b82-6fab44cc7afd#0:OK-t1-last:<INITIAL_VALUE>. Peer's state: 55955c7b-ed6e-47cf-8b82-6fab44cc7afd@group-D97F604BDC99:t1, leader=null, voted=0ba2341f-228e-4e05-8d7d-900fed7a0a57, raftlog=Memoized:55955c7b-ed6e-47cf-8b82-6fab44cc7afd@group-D97F604BDC99-SegmentedRaftLog:OPENED:c-1:lastnull, conf=conf: {index: -1, cur=peers:[0ba2341f-228e-4e05-8d7d-900fed7a0a57|127.0.0.1:15047, 55955c7b-ed6e-47cf-8b82-6fab44cc7afd|127.0.0.1:15023, b7c7155c-5132-4d4c-a9be-cb93614710ac|127.0.0.1:15039]|listeners:[], old=null}
2025-07-02 03:55:16,715 [grpc-default-executor-4] INFO  server.RaftServer$Division (RaftServerImpl.java:requestVote(1455)) - b7c7155c-5132-4d4c-a9be-cb93614710ac@group-D97F604BDC99 replies to ELECTION vote request: 0ba2341f-228e-4e05-8d7d-900fed7a0a57<-b7c7155c-5132-4d4c-a9be-cb93614710ac#0:OK-t1-last:<INITIAL_VALUE>. Peer's state: b7c7155c-5132-4d4c-a9be-cb93614710ac@group-D97F604BDC99:t1, leader=null, voted=0ba2341f-228e-4e05-8d7d-900fed7a0a57, raftlog=Memoized:b7c7155c-5132-4d4c-a9be-cb93614710ac@group-D97F604BDC99-SegmentedRaftLog:OPENED:c-1:lastnull, conf=conf: {index: -1, cur=peers:[0ba2341f-228e-4e05-8d7d-900fed7a0a57|127.0.0.1:15047, 55955c7b-ed6e-47cf-8b82-6fab44cc7afd|127.0.0.1:15023, b7c7155c-5132-4d4c-a9be-cb93614710ac|127.0.0.1:15039]|listeners:[], old=null}
2025-07-02 03:55:16,715 [0ba2341f-228e-4e05-8d7d-900fed7a0a57@group-D97F604BDC99-LeaderElection13] INFO  impl.LeaderElection (LeaderElection.java:logAndReturn(206)) - 0ba2341f-228e-4e05-8d7d-900fed7a0a57@group-D97F604BDC99-LeaderElection13: ELECTION PASSED received 1 response(s) and 0 exception(s):
2025-07-02 03:55:16,715 [0ba2341f-228e-4e05-8d7d-900fed7a0a57@group-D97F604BDC99-LeaderElection13] INFO  impl.LeaderElection (LeaderElection.java:logAndReturn(210)) -   Response 0: 0ba2341f-228e-4e05-8d7d-900fed7a0a57<-55955c7b-ed6e-47cf-8b82-6fab44cc7afd#0:OK-t1-last:<INITIAL_VALUE>
2025-07-02 03:55:16,715 [0ba2341f-228e-4e05-8d7d-900fed7a0a57@group-D97F604BDC99-LeaderElection13] INFO  impl.LeaderElection (LeaderElection.java:askForVotes(450)) - 0ba2341f-228e-4e05-8d7d-900fed7a0a57@group-D97F604BDC99-LeaderElection13 ELECTION round 0: result PASSED
2025-07-02 03:55:16,715 [0ba2341f-228e-4e05-8d7d-900fed7a0a57@group-D97F604BDC99-LeaderElection13] INFO  impl.RoleInfo (RoleInfo.java:shutdownLeaderElection(141)) - 0ba2341f-228e-4e05-8d7d-900fed7a0a57: shutdown 0ba2341f-228e-4e05-8d7d-900fed7a0a57@group-D97F604BDC99-LeaderElection13
2025-07-02 03:55:16,715 [0ba2341f-228e-4e05-8d7d-900fed7a0a57@group-D97F604BDC99-LeaderElection13] INFO  server.RaftServer$Division (RaftServerImpl.java:setRole(392)) - 0ba2341f-228e-4e05-8d7d-900fed7a0a57@group-D97F604BDC99: changes role from CANDIDATE to LEADER at term 1 for changeToLeader
2025-07-02 03:55:16,716 [0ba2341f-228e-4e05-8d7d-900fed7a0a57@group-D97F604BDC99-LeaderElection13] INFO  server.RaftServerConfigKeys (ConfUtils.java:logFallback(69)) - raft.server.staging.timeout = 15600ms (fallback to raft.server.rpc.timeout.max)
2025-07-02 03:55:16,716 [0ba2341f-228e-4e05-8d7d-900fed7a0a57@group-D97F604BDC99-LeaderElection13] INFO  server.RaftServerConfigKeys (ConfUtils.java:logGet(62)) - raft.server.write.byte-limit = 1024 M (=1073741824) (custom)
2025-07-02 03:55:16,717 [0ba2341f-228e-4e05-8d7d-900fed7a0a57@group-D97F604BDC99-LeaderElection13] INFO  server.RaftServerConfigKeys (ConfUtils.java:logGet(62)) - raft.server.log.appender.buffer.byte-limit = 33554432 (custom)
2025-07-02 03:55:16,719 [0ba2341f-228e-4e05-8d7d-900fed7a0a57@group-D97F604BDC99-LeaderElection13] INFO  server.RaftServerConfigKeys (ConfUtils.java:logGet(62)) - raft.server.log.appender.buffer.byte-limit = 33554432 (custom)
2025-07-02 03:55:16,719 [0ba2341f-228e-4e05-8d7d-900fed7a0a57@group-D97F604BDC99-LeaderElection13] INFO  impl.RoleInfo (RoleInfo.java:updateAndGet(148)) - 0ba2341f-228e-4e05-8d7d-900fed7a0a57: start 0ba2341f-228e-4e05-8d7d-900fed7a0a57@group-D97F604BDC99-LeaderStateImpl
2025-07-02 03:55:16,719 [0ba2341f-228e-4e05-8d7d-900fed7a0a57@group-D97F604BDC99-LeaderElection13] INFO  server.RaftServer$Division (RaftServerImpl.java:setFirstElection(576)) - 0ba2341f-228e-4e05-8d7d-900fed7a0a57@group-D97F604BDC99: set firstElectionSinceStartup to false for becomeLeader
2025-07-02 03:55:16,720 [0ba2341f-228e-4e05-8d7d-900fed7a0a57@group-D97F604BDC99-LeaderElection13] INFO  ratis.XceiverServerRatis (XceiverServerRatis.java:handleLeaderChangedNotification(944)) - Leader change notification received for group: group-D97F604BDC99 with new leaderId: 0ba2341f-228e-4e05-8d7d-900fed7a0a57
2025-07-02 03:55:16,720 [0ba2341f-228e-4e05-8d7d-900fed7a0a57@group-D97F604BDC99-LeaderElection13] INFO  server.RaftServer$Division (ServerState.java:setLeader(272)) - 0ba2341f-228e-4e05-8d7d-900fed7a0a57@group-D97F604BDC99: change Leader from null to 0ba2341f-228e-4e05-8d7d-900fed7a0a57 at term 1 for becomeLeader, leader elected after 1115ms
2025-07-02 03:55:16,720 [0ba2341f-228e-4e05-8d7d-900fed7a0a57@group-D97F604BDC99-LeaderElection13] INFO  segmented.SegmentedRaftLogWorker (SegmentedRaftLogWorker.java:startLogSegment(440)) - 0ba2341f-228e-4e05-8d7d-900fed7a0a57@group-D97F604BDC99-SegmentedRaftLogWorker: Starting segment from index:0
2025-07-02 03:55:16,720 [0ba2341f-228e-4e05-8d7d-900fed7a0a57@group-D97F604BDC99-LeaderElection13] INFO  server.RaftServer$Division (ServerState.java:setRaftConf(386)) - 0ba2341f-228e-4e05-8d7d-900fed7a0a57@group-D97F604BDC99: set configuration conf: {index: 0, cur=peers:[0ba2341f-228e-4e05-8d7d-900fed7a0a57|127.0.0.1:15047, 55955c7b-ed6e-47cf-8b82-6fab44cc7afd|127.0.0.1:15023, b7c7155c-5132-4d4c-a9be-cb93614710ac|127.0.0.1:15039]|listeners:[], old=null}
2025-07-02 03:55:16,721 [0ba2341f-228e-4e05-8d7d-900fed7a0a57@group-D97F604BDC99-SegmentedRaftLogWorker] INFO  segmented.BufferedWriteChannel (BufferedWriteChannel.java:open(61)) - open log_inprogress_0 at position 0
2025-07-02 03:55:16,727 [EventQueue-PipelineReportForPipelineReportHandler] INFO  pipeline.PipelineReportHandler (PipelineReportHandler.java:processPipelineReport(134)) - Opened pipeline Pipeline-1a2cb838-1624-4021-b235-d97f604bdc99
2025-07-02 03:55:16,730 [grpc-default-executor-3] INFO  ratis.XceiverServerRatis (XceiverServerRatis.java:handleLeaderChangedNotification(944)) - Leader change notification received for group: group-D97F604BDC99 with new leaderId: 0ba2341f-228e-4e05-8d7d-900fed7a0a57
2025-07-02 03:55:16,731 [grpc-default-executor-3] INFO  server.RaftServer$Division (ServerState.java:setLeader(272)) - b7c7155c-5132-4d4c-a9be-cb93614710ac@group-D97F604BDC99: change Leader from null to 0ba2341f-228e-4e05-8d7d-900fed7a0a57 at term 1 for appendEntries, leader elected after 1057ms
2025-07-02 03:55:16,731 [grpc-default-executor-6] INFO  ratis.XceiverServerRatis (XceiverServerRatis.java:handleLeaderChangedNotification(944)) - Leader change notification received for group: group-D97F604BDC99 with new leaderId: 0ba2341f-228e-4e05-8d7d-900fed7a0a57
2025-07-02 03:55:16,731 [grpc-default-executor-6] INFO  server.RaftServer$Division (ServerState.java:setLeader(272)) - 55955c7b-ed6e-47cf-8b82-6fab44cc7afd@group-D97F604BDC99: change Leader from null to 0ba2341f-228e-4e05-8d7d-900fed7a0a57 at term 1 for appendEntries, leader elected after 1092ms
2025-07-02 03:55:16,732 [grpc-default-executor-4] INFO  server.RaftServer$Division (ServerState.java:setRaftConf(386)) - 55955c7b-ed6e-47cf-8b82-6fab44cc7afd@group-D97F604BDC99: set configuration conf: {index: 0, cur=peers:[0ba2341f-228e-4e05-8d7d-900fed7a0a57|127.0.0.1:15047, 55955c7b-ed6e-47cf-8b82-6fab44cc7afd|127.0.0.1:15023, b7c7155c-5132-4d4c-a9be-cb93614710ac|127.0.0.1:15039]|listeners:[], old=null}
2025-07-02 03:55:16,732 [grpc-default-executor-4] INFO  segmented.SegmentedRaftLogWorker (SegmentedRaftLogWorker.java:startLogSegment(440)) - 55955c7b-ed6e-47cf-8b82-6fab44cc7afd@group-D97F604BDC99-SegmentedRaftLogWorker: Starting segment from index:0
2025-07-02 03:55:16,733 [0ba2341f-228e-4e05-8d7d-900fed7a0a57@group-D97F604BDC99-SegmentedRaftLogWorker] INFO  segmented.SegmentedRaftLogWorker (SegmentedRaftLogWorker.java:execute(647)) - 0ba2341f-228e-4e05-8d7d-900fed7a0a57@group-D97F604BDC99-SegmentedRaftLogWorker: created new log segment /home/runner/work/ozone/ozone/hadoop-ozone/integration-test/target/test-dir/MiniOzoneClusterImpl-ab4cec5a-95da-47a8-b600-856c2ae26a36/ozone-meta/datanode-5/ratis/1a2cb838-1624-4021-b235-d97f604bdc99/current/log_inprogress_0
2025-07-02 03:55:16,733 [55955c7b-ed6e-47cf-8b82-6fab44cc7afd@group-D97F604BDC99-SegmentedRaftLogWorker] INFO  segmented.BufferedWriteChannel (BufferedWriteChannel.java:open(61)) - open log_inprogress_0 at position 0
2025-07-02 03:55:16,734 [grpc-default-executor-4] INFO  server.RaftServer$Division (ServerState.java:setRaftConf(386)) - b7c7155c-5132-4d4c-a9be-cb93614710ac@group-D97F604BDC99: set configuration conf: {index: 0, cur=peers:[0ba2341f-228e-4e05-8d7d-900fed7a0a57|127.0.0.1:15047, 55955c7b-ed6e-47cf-8b82-6fab44cc7afd|127.0.0.1:15023, b7c7155c-5132-4d4c-a9be-cb93614710ac|127.0.0.1:15039]|listeners:[], old=null}
2025-07-02 03:55:16,734 [grpc-default-executor-4] INFO  segmented.SegmentedRaftLogWorker (SegmentedRaftLogWorker.java:startLogSegment(440)) - b7c7155c-5132-4d4c-a9be-cb93614710ac@group-D97F604BDC99-SegmentedRaftLogWorker: Starting segment from index:0
2025-07-02 03:55:16,734 [b7c7155c-5132-4d4c-a9be-cb93614710ac@group-D97F604BDC99-SegmentedRaftLogWorker] INFO  segmented.BufferedWriteChannel (BufferedWriteChannel.java:open(61)) - open log_inprogress_0 at position 0
2025-07-02 03:55:16,746 [b7c7155c-5132-4d4c-a9be-cb93614710ac@group-D97F604BDC99-SegmentedRaftLogWorker] INFO  segmented.SegmentedRaftLogWorker (SegmentedRaftLogWorker.java:execute(647)) - b7c7155c-5132-4d4c-a9be-cb93614710ac@group-D97F604BDC99-SegmentedRaftLogWorker: created new log segment /home/runner/work/ozone/ozone/hadoop-ozone/integration-test/target/test-dir/MiniOzoneClusterImpl-ab4cec5a-95da-47a8-b600-856c2ae26a36/ozone-meta/datanode-4/ratis/1a2cb838-1624-4021-b235-d97f604bdc99/current/log_inprogress_0
2025-07-02 03:55:16,747 [55955c7b-ed6e-47cf-8b82-6fab44cc7afd@group-D97F604BDC99-SegmentedRaftLogWorker] INFO  segmented.SegmentedRaftLogWorker (SegmentedRaftLogWorker.java:execute(647)) - 55955c7b-ed6e-47cf-8b82-6fab44cc7afd@group-D97F604BDC99-SegmentedRaftLogWorker: created new log segment /home/runner/work/ozone/ozone/hadoop-ozone/integration-test/target/test-dir/MiniOzoneClusterImpl-ab4cec5a-95da-47a8-b600-856c2ae26a36/ozone-meta/datanode-2/ratis/1a2cb838-1624-4021-b235-d97f604bdc99/current/log_inprogress_0
2025-07-02 03:55:16,749 [0ba2341f-228e-4e05-8d7d-900fed7a0a57@group-D97F604BDC99-StateMachineUpdater] INFO  server.RaftServer$Division (LeaderStateImpl.java:checkStartIndex(309)) - Leader 0ba2341f-228e-4e05-8d7d-900fed7a0a57@group-D97F604BDC99-LeaderStateImpl is ready since appliedIndex == startIndex == 0
2025-07-02 03:55:16,776 [0ba2341f-228e-4e05-8d7d-900fed7a0a57-ContainerOp-1a2cb838-1624-4021-b235-d97f604bdc99-0] WARN  statemachine.DatanodeConfiguration (DatanodeConfiguration.java:validateMinFreeSpace(751)) - hdds.datanode.volume.min.free.space.percent = -1.0 is invalid, should be between 0 and 1
2025-07-02 03:55:16,776 [0ba2341f-228e-4e05-8d7d-900fed7a0a57-ContainerOp-1a2cb838-1624-4021-b235-d97f604bdc99-0] WARN  statemachine.DatanodeConfiguration (DatanodeConfiguration.java:validateMinFreeSpace(751)) - hdds.datanode.volume.min.free.space.percent = -1.0 is invalid, should be between 0 and 1
2025-07-02 03:55:16,780 [55955c7b-ed6e-47cf-8b82-6fab44cc7afd-ContainerOp-1a2cb838-1624-4021-b235-d97f604bdc99-0] WARN  statemachine.DatanodeConfiguration (DatanodeConfiguration.java:validateMinFreeSpace(751)) - hdds.datanode.volume.min.free.space.percent = -1.0 is invalid, should be between 0 and 1
2025-07-02 03:55:16,781 [55955c7b-ed6e-47cf-8b82-6fab44cc7afd-ContainerOp-1a2cb838-1624-4021-b235-d97f604bdc99-0] WARN  statemachine.DatanodeConfiguration (DatanodeConfiguration.java:validateMinFreeSpace(751)) - hdds.datanode.volume.min.free.space.percent = -1.0 is invalid, should be between 0 and 1
2025-07-02 03:55:16,786 [b7c7155c-5132-4d4c-a9be-cb93614710ac-ContainerOp-1a2cb838-1624-4021-b235-d97f604bdc99-0] WARN  statemachine.DatanodeConfiguration (DatanodeConfiguration.java:validateMinFreeSpace(751)) - hdds.datanode.volume.min.free.space.percent = -1.0 is invalid, should be between 0 and 1
2025-07-02 03:55:16,787 [b7c7155c-5132-4d4c-a9be-cb93614710ac-ContainerOp-1a2cb838-1624-4021-b235-d97f604bdc99-0] WARN  statemachine.DatanodeConfiguration (DatanodeConfiguration.java:validateMinFreeSpace(751)) - hdds.datanode.volume.min.free.space.percent = -1.0 is invalid, should be between 0 and 1
]]></system-out>
  </testcase>
  <testcase name="testDatanodeUsageInfoContainerCount" classname="org.apache.ozone.test.NonHATests$ContainerOperations" time="0.012">
    <failure message="expected: &lt;11&gt; but was: &lt;12&gt;" type="org.opentest4j.AssertionFailedError"><![CDATA[org.opentest4j.AssertionFailedError: expected: <11> but was: <12>
	at org.apache.hadoop.hdds.scm.TestContainerOperations.testDatanodeUsageInfoContainerCount(TestContainerOperations.java:206)
	at java.base/java.lang.reflect.Method.invoke(Method.java:580)
	at java.base/java.util.ArrayList.forEach(ArrayList.java:1596)
	at java.base/java.util.ArrayList.forEach(ArrayList.java:1596)
	at java.base/java.util.ArrayList.forEach(ArrayList.java:1596)
]]></failure>
    <system-out><![CDATA[2025-07-02 03:55:16,795 [72cec01b-739b-4a67-87fc-c882b0c5047f-PipelineCommandHandlerThread-0] INFO  segmented.SegmentedRaftLogWorker (SegmentedRaftLogWorker.java:close(254)) - 72cec01b-739b-4a67-87fc-c882b0c5047f@group-7B6B34780070-SegmentedRaftLogWorker close()
2025-07-02 03:55:16,796 [72cec01b-739b-4a67-87fc-c882b0c5047f-PipelineCommandHandlerThread-0] INFO  server.RaftServer$Division (RaftServerImpl.java:groupRemove(497)) - 72cec01b-739b-4a67-87fc-c882b0c5047f@group-7B6B34780070: Succeed to remove RaftStorageDirectory Storage Directory /home/runner/work/ozone/ozone/hadoop-ozone/integration-test/target/test-dir/MiniOzoneClusterImpl-ab4cec5a-95da-47a8-b600-856c2ae26a36/ozone-meta/datanode-3/ratis/f304b688-6b20-4766-a87a-7b6b34780070
2025-07-02 03:55:16,796 [72cec01b-739b-4a67-87fc-c882b0c5047f-PipelineCommandHandlerThread-0] INFO  commandhandler.ClosePipelineCommandHandler (ClosePipelineCommandHandler.java:lambda$handle$2(142)) - Close Pipeline Pipeline-f304b688-6b20-4766-a87a-7b6b34780070 command on datanode 72cec01b-739b-4a67-87fc-c882b0c5047f(localhost/127.0.0.1).
]]></system-out>
  </testcase>
  <testcase name="testListContainerExceedMaxAllowedCountOperations" classname="org.apache.ozone.test.NonHATests$ContainerOperations" time="0.035">
    <system-out><![CDATA[2025-07-02 03:55:16,811 [b7c7155c-5132-4d4c-a9be-cb93614710ac-ChunkReader-2] WARN  statemachine.DatanodeConfiguration (DatanodeConfiguration.java:validateMinFreeSpace(751)) - hdds.datanode.volume.min.free.space.percent = -1.0 is invalid, should be between 0 and 1
2025-07-02 03:55:16,812 [b7c7155c-5132-4d4c-a9be-cb93614710ac-ChunkReader-2] WARN  statemachine.DatanodeConfiguration (DatanodeConfiguration.java:validateMinFreeSpace(751)) - hdds.datanode.volume.min.free.space.percent = -1.0 is invalid, should be between 0 and 1
2025-07-02 03:55:16,824 [b7c7155c-5132-4d4c-a9be-cb93614710ac-ChunkReader-6] WARN  statemachine.DatanodeConfiguration (DatanodeConfiguration.java:validateMinFreeSpace(751)) - hdds.datanode.volume.min.free.space.percent = -1.0 is invalid, should be between 0 and 1
2025-07-02 03:55:16,825 [b7c7155c-5132-4d4c-a9be-cb93614710ac-ChunkReader-6] WARN  statemachine.DatanodeConfiguration (DatanodeConfiguration.java:validateMinFreeSpace(751)) - hdds.datanode.volume.min.free.space.percent = -1.0 is invalid, should be between 0 and 1
2025-07-02 03:55:16,830 [main] WARN  cli.ContainerOperationClient (ContainerOperationClient.java:listContainer(354)) - Attempting to list 2 containers. However, this exceeds the cluster's current limit of 1. The results will be capped at the maximum allowed count.
]]></system-out>
  </testcase>
  <testcase name="testHealthyNodesCount" classname="org.apache.ozone.test.NonHATests$ContainerOperations" time="0.001"/>
  <testcase name="testNodeOperationalStates" classname="org.apache.ozone.test.NonHATests$ContainerOperations" time="0.015">
    <system-out><![CDATA[2025-07-02 03:55:16,843 [EventQueue-HealthyReadonlyToHealthyNodeForReadOnlyHealthyToHealthyNodeHandler] INFO  node.ReadOnlyHealthyToHealthyNodeHandler (ReadOnlyHealthyToHealthyNodeHandler.java:onMessage(46)) - Datanode b7c7155c-5132-4d4c-a9be-cb93614710ac(localhost/127.0.0.1) moved to HEALTHY state.
2025-07-02 03:55:16,843 [EventQueue-HealthyReadonlyToHealthyNodeForReadOnlyHealthyToHealthyNodeHandler] INFO  pipeline.BackgroundPipelineCreator (BackgroundPipelineCreator.java:notifyEventTriggered(290)) - trigger a one-shot run on RatisPipelineUtilsThread.
2025-07-02 03:55:16,844 [RatisPipelineUtilsThread-0] INFO  pipeline.RatisPipelineProvider (RatisPipelineProvider.java:lambda$create$0(208)) - Sending CreatePipelineCommand for pipeline:Pipeline-219469a4-2390-4d6b-8fb4-82a7f1b8aca4 to datanode:0ba2341f-228e-4e05-8d7d-900fed7a0a57(localhost/127.0.0.1)
2025-07-02 03:55:16,848 [RatisPipelineUtilsThread-0] INFO  pipeline.BackgroundPipelineCreator (BackgroundPipelineCreator.java:createPipelines(246)) - Created new pipeline Pipeline{ Id: 219469a4-2390-4d6b-8fb4-82a7f1b8aca4, Nodes: [ {0ba2341f-228e-4e05-8d7d-900fed7a0a57(localhost/127.0.0.1), ReplicaIndex: 0},], ReplicationConfig: RATIS/ONE, State:ALLOCATED, leaderId:, CreationTimestamp2025-07-02T03:55:16.844085913Z[Etc/UTC]}
2025-07-02 03:55:16,848 [RatisPipelineUtilsThread-0] INFO  pipeline.RatisPipelineProvider (RatisPipelineProvider.java:lambda$create$0(208)) - Sending CreatePipelineCommand for pipeline:Pipeline-7abd155a-32e0-4838-9dde-0e78f3101b3c to datanode:51f09602-57df-417c-acba-b6ceb72510c6(localhost/127.0.0.1)
2025-07-02 03:55:16,848 [RatisPipelineUtilsThread-0] INFO  pipeline.RatisPipelineProvider (RatisPipelineProvider.java:lambda$create$0(208)) - Sending CreatePipelineCommand for pipeline:Pipeline-7abd155a-32e0-4838-9dde-0e78f3101b3c to datanode:55955c7b-ed6e-47cf-8b82-6fab44cc7afd(localhost/127.0.0.1)
2025-07-02 03:55:16,848 [RatisPipelineUtilsThread-0] INFO  pipeline.RatisPipelineProvider (RatisPipelineProvider.java:lambda$create$0(208)) - Sending CreatePipelineCommand for pipeline:Pipeline-7abd155a-32e0-4838-9dde-0e78f3101b3c to datanode:72cec01b-739b-4a67-87fc-c882b0c5047f(localhost/127.0.0.1)
2025-07-02 03:55:16,849 [EventQueue-HealthyReadonlyToHealthyNodeForReadOnlyHealthyToHealthyNodeHandler] INFO  node.ReadOnlyHealthyToHealthyNodeHandler (ReadOnlyHealthyToHealthyNodeHandler.java:onMessage(46)) - Datanode b7c7155c-5132-4d4c-a9be-cb93614710ac(localhost/127.0.0.1) moved to HEALTHY state.
2025-07-02 03:55:16,849 [EventQueue-HealthyReadonlyToHealthyNodeForReadOnlyHealthyToHealthyNodeHandler] INFO  pipeline.BackgroundPipelineCreator (BackgroundPipelineCreator.java:notifyEventTriggered(290)) - trigger a one-shot run on RatisPipelineUtilsThread.
2025-07-02 03:55:16,852 [EventQueue-HealthyReadonlyToHealthyNodeForReadOnlyHealthyToHealthyNodeHandler] INFO  node.ReadOnlyHealthyToHealthyNodeHandler (ReadOnlyHealthyToHealthyNodeHandler.java:onMessage(46)) - Datanode b7c7155c-5132-4d4c-a9be-cb93614710ac(localhost/127.0.0.1) moved to HEALTHY state.
2025-07-02 03:55:16,852 [EventQueue-HealthyReadonlyToHealthyNodeForReadOnlyHealthyToHealthyNodeHandler] INFO  pipeline.BackgroundPipelineCreator (BackgroundPipelineCreator.java:notifyEventTriggered(290)) - trigger a one-shot run on RatisPipelineUtilsThread.
2025-07-02 03:55:16,853 [EventQueue-HealthyReadonlyToHealthyNodeForReadOnlyHealthyToHealthyNodeHandler] INFO  node.ReadOnlyHealthyToHealthyNodeHandler (ReadOnlyHealthyToHealthyNodeHandler.java:onMessage(46)) - Datanode b7c7155c-5132-4d4c-a9be-cb93614710ac(localhost/127.0.0.1) moved to HEALTHY state.
2025-07-02 03:55:16,853 [EventQueue-HealthyReadonlyToHealthyNodeForReadOnlyHealthyToHealthyNodeHandler] INFO  pipeline.BackgroundPipelineCreator (BackgroundPipelineCreator.java:notifyEventTriggered(290)) - trigger a one-shot run on RatisPipelineUtilsThread.
2025-07-02 03:55:16,853 [RatisPipelineUtilsThread-0] INFO  pipeline.BackgroundPipelineCreator (BackgroundPipelineCreator.java:createPipelines(246)) - Created new pipeline Pipeline{ Id: 7abd155a-32e0-4838-9dde-0e78f3101b3c, Nodes: [ {51f09602-57df-417c-acba-b6ceb72510c6(localhost/127.0.0.1), ReplicaIndex: 0}, {55955c7b-ed6e-47cf-8b82-6fab44cc7afd(localhost/127.0.0.1), ReplicaIndex: 0}, {72cec01b-739b-4a67-87fc-c882b0c5047f(localhost/127.0.0.1), ReplicaIndex: 0},], ReplicationConfig: RATIS/THREE, State:ALLOCATED, leaderId:, CreationTimestamp2025-07-02T03:55:16.848658910Z[Etc/UTC]}
2025-07-02 03:55:16,855 [EventQueue-HealthyReadonlyToHealthyNodeForReadOnlyHealthyToHealthyNodeHandler] INFO  node.ReadOnlyHealthyToHealthyNodeHandler (ReadOnlyHealthyToHealthyNodeHandler.java:onMessage(46)) - Datanode b7c7155c-5132-4d4c-a9be-cb93614710ac(localhost/127.0.0.1) moved to HEALTHY state.
2025-07-02 03:55:16,855 [EventQueue-HealthyReadonlyToHealthyNodeForReadOnlyHealthyToHealthyNodeHandler] INFO  pipeline.BackgroundPipelineCreator (BackgroundPipelineCreator.java:notifyEventTriggered(290)) - trigger a one-shot run on RatisPipelineUtilsThread.
2025-07-02 03:55:16,856 [EventQueue-HealthyReadonlyToHealthyNodeForReadOnlyHealthyToHealthyNodeHandler] INFO  node.ReadOnlyHealthyToHealthyNodeHandler (ReadOnlyHealthyToHealthyNodeHandler.java:onMessage(46)) - Datanode b7c7155c-5132-4d4c-a9be-cb93614710ac(localhost/127.0.0.1) moved to HEALTHY state.
2025-07-02 03:55:16,856 [EventQueue-HealthyReadonlyToHealthyNodeForReadOnlyHealthyToHealthyNodeHandler] INFO  pipeline.BackgroundPipelineCreator (BackgroundPipelineCreator.java:notifyEventTriggered(290)) - trigger a one-shot run on RatisPipelineUtilsThread.
]]></system-out>
  </testcase>
  <testcase name="testDatanodeUsageInfoCompatibility" classname="org.apache.ozone.test.NonHATests$ContainerOperations" time="0.005">
    <system-out><![CDATA[2025-07-02 03:55:16,857 [RatisPipelineUtilsThread-0] INFO  pipeline.RatisPipelineProvider (RatisPipelineProvider.java:lambda$create$0(208)) - Sending CreatePipelineCommand for pipeline:Pipeline-7a16e7b9-68e8-4440-aa1a-3e046314c815 to datanode:51f09602-57df-417c-acba-b6ceb72510c6(localhost/127.0.0.1)
2025-07-02 03:55:16,857 [EventQueue-HealthyReadonlyToHealthyNodeForReadOnlyHealthyToHealthyNodeHandler] INFO  node.ReadOnlyHealthyToHealthyNodeHandler (ReadOnlyHealthyToHealthyNodeHandler.java:onMessage(46)) - Datanode b7c7155c-5132-4d4c-a9be-cb93614710ac(localhost/127.0.0.1) moved to HEALTHY state.
2025-07-02 03:55:16,857 [EventQueue-HealthyReadonlyToHealthyNodeForReadOnlyHealthyToHealthyNodeHandler] INFO  pipeline.BackgroundPipelineCreator (BackgroundPipelineCreator.java:notifyEventTriggered(290)) - trigger a one-shot run on RatisPipelineUtilsThread.
2025-07-02 03:55:16,857 [RatisPipelineUtilsThread-0] INFO  pipeline.RatisPipelineProvider (RatisPipelineProvider.java:lambda$create$0(208)) - Sending CreatePipelineCommand for pipeline:Pipeline-7a16e7b9-68e8-4440-aa1a-3e046314c815 to datanode:72cec01b-739b-4a67-87fc-c882b0c5047f(localhost/127.0.0.1)
2025-07-02 03:55:16,857 [RatisPipelineUtilsThread-0] INFO  pipeline.RatisPipelineProvider (RatisPipelineProvider.java:lambda$create$0(208)) - Sending CreatePipelineCommand for pipeline:Pipeline-7a16e7b9-68e8-4440-aa1a-3e046314c815 to datanode:b7c7155c-5132-4d4c-a9be-cb93614710ac(localhost/127.0.0.1)
2025-07-02 03:55:16,859 [RatisPipelineUtilsThread-0] INFO  pipeline.BackgroundPipelineCreator (BackgroundPipelineCreator.java:createPipelines(246)) - Created new pipeline Pipeline{ Id: 7a16e7b9-68e8-4440-aa1a-3e046314c815, Nodes: [ {51f09602-57df-417c-acba-b6ceb72510c6(localhost/127.0.0.1), ReplicaIndex: 0}, {72cec01b-739b-4a67-87fc-c882b0c5047f(localhost/127.0.0.1), ReplicaIndex: 0}, {b7c7155c-5132-4d4c-a9be-cb93614710ac(localhost/127.0.0.1), ReplicaIndex: 0},], ReplicationConfig: RATIS/THREE, State:ALLOCATED, leaderId:, CreationTimestamp2025-07-02T03:55:16.857667238Z[Etc/UTC]}
]]></system-out>
  </testcase>
  <testcase name="testGetPipeline" classname="org.apache.ozone.test.NonHATests$ContainerOperations" time="0.013">
    <system-out><![CDATA[2025-07-02T03:55:16.867410937Z IPC Server handler 41 on default port 15000 ERROR user=runner | ip=127.0.0.1 | op=GET_PIPELINE {pipelineID=6cf0792e-5e5a-447c-8007-7de0706bd9d5} | ret=FAILURE
org.apache.hadoop.hdds.scm.pipeline.PipelineNotFoundException: Pipeline-6cf0792e-5e5a-447c-8007-7de0706bd9d5 not found
	at org.apache.hadoop.hdds.scm.pipeline.PipelineStateMap.getPipeline(PipelineStateMap.java:150)
	at org.apache.hadoop.hdds.scm.pipeline.PipelineStateManagerImpl.getPipeline(PipelineStateManagerImpl.java:133)
	at java.base/jdk.internal.reflect.DirectMethodHandleAccessor.invoke(DirectMethodHandleAccessor.java:103)
	at java.base/java.lang.reflect.Method.invoke(Method.java:580)
	at org.apache.hadoop.hdds.scm.ha.SCMHAInvocationHandler.invokeLocal(SCMHAInvocationHandler.java:90)
	at org.apache.hadoop.hdds.scm.ha.SCMHAInvocationHandler.invoke(SCMHAInvocationHandler.java:73)
	at jdk.proxy2/jdk.proxy2.$Proxy51.getPipeline(Unknown Source)
	at org.apache.hadoop.hdds.scm.pipeline.PipelineManagerImpl.getPipeline(PipelineManagerImpl.java:336)
	at org.apache.hadoop.hdds.scm.server.SCMClientProtocolServer.getPipeline(SCMClientProtocolServer.java:836)
	at org.apache.hadoop.hdds.scm.protocol.StorageContainerLocationProtocolServerSideTranslatorPB.getPipeline(StorageContainerLocationProtocolServerSideTranslatorPB.java:979)
	at org.apache.hadoop.hdds.scm.protocol.StorageContainerLocationProtocolServerSideTranslatorPB.processRequest(StorageContainerLocationProtocolServerSideTranslatorPB.java:618)
	at org.apache.hadoop.hdds.server.OzoneProtocolMessageDispatcher.processRequest(OzoneProtocolMessageDispatcher.java:87)
	at org.apache.hadoop.hdds.scm.protocol.StorageContainerLocationProtocolServerSideTranslatorPB.submitRequest(StorageContainerLocationProtocolServerSideTranslatorPB.java:236)
	at org.apache.hadoop.hdds.protocol.proto.StorageContainerLocationProtocolProtos$StorageContainerLocationProtocolService$2.callBlockingMethod(StorageContainerLocationProtocolProtos.java)
	at org.apache.hadoop.ipc.ProtobufRpcEngine$Server.processCall(ProtobufRpcEngine.java:484)
	at org.apache.hadoop.ipc.ProtobufRpcEngine2$Server$ProtoBufRpcInvoker.call(ProtobufRpcEngine2.java:595)
	at org.apache.hadoop.ipc.ProtobufRpcEngine2$Server$ProtoBufRpcInvoker.call(ProtobufRpcEngine2.java:573)
	at org.apache.hadoop.ipc.RPC$Server.call(RPC.java:1227)
	at org.apache.hadoop.ipc.Server$RpcCall.run(Server.java:1246)
	at org.apache.hadoop.ipc.Server$RpcCall.run(Server.java:1169)
	at java.base/java.security.AccessController.doPrivileged(AccessController.java:714)
	at java.base/javax.security.auth.Subject.doAs(Subject.java:525)
	at org.apache.hadoop.security.UserGroupInformation.doAs(UserGroupInformation.java:1953)
	at org.apache.hadoop.ipc.Server$Handler.run(Server.java:3198)
2025-07-02 03:55:16,867 [IPC Server handler 41 on default port 15000] INFO  ipc.Server (Server.java:logException(3260)) - IPC Server handler 41 on default port 15000, call Call#3891 Retry#0 org.apache.hadoop.hdds.scm.protocol.StorageContainerLocationProtocol.submitRequest from 127.0.0.1:55788
org.apache.hadoop.hdds.scm.pipeline.PipelineNotFoundException: Pipeline-6cf0792e-5e5a-447c-8007-7de0706bd9d5 not found
	at org.apache.hadoop.hdds.scm.pipeline.PipelineStateMap.getPipeline(PipelineStateMap.java:150)
	at org.apache.hadoop.hdds.scm.pipeline.PipelineStateManagerImpl.getPipeline(PipelineStateManagerImpl.java:133)
	at java.base/jdk.internal.reflect.DirectMethodHandleAccessor.invoke(DirectMethodHandleAccessor.java:103)
	at java.base/java.lang.reflect.Method.invoke(Method.java:580)
	at org.apache.hadoop.hdds.scm.ha.SCMHAInvocationHandler.invokeLocal(SCMHAInvocationHandler.java:90)
	at org.apache.hadoop.hdds.scm.ha.SCMHAInvocationHandler.invoke(SCMHAInvocationHandler.java:73)
	at jdk.proxy2/jdk.proxy2.$Proxy51.getPipeline(Unknown Source)
	at org.apache.hadoop.hdds.scm.pipeline.PipelineManagerImpl.getPipeline(PipelineManagerImpl.java:336)
	at org.apache.hadoop.hdds.scm.server.SCMClientProtocolServer.getPipeline(SCMClientProtocolServer.java:836)
	at org.apache.hadoop.hdds.scm.protocol.StorageContainerLocationProtocolServerSideTranslatorPB.getPipeline(StorageContainerLocationProtocolServerSideTranslatorPB.java:979)
	at org.apache.hadoop.hdds.scm.protocol.StorageContainerLocationProtocolServerSideTranslatorPB.processRequest(StorageContainerLocationProtocolServerSideTranslatorPB.java:618)
	at org.apache.hadoop.hdds.server.OzoneProtocolMessageDispatcher.processRequest(OzoneProtocolMessageDispatcher.java:87)
	at org.apache.hadoop.hdds.scm.protocol.StorageContainerLocationProtocolServerSideTranslatorPB.submitRequest(StorageContainerLocationProtocolServerSideTranslatorPB.java:236)
	at org.apache.hadoop.hdds.protocol.proto.StorageContainerLocationProtocolProtos$StorageContainerLocationProtocolService$2.callBlockingMethod(StorageContainerLocationProtocolProtos.java)
	at org.apache.hadoop.ipc.ProtobufRpcEngine$Server.processCall(ProtobufRpcEngine.java:484)
	at org.apache.hadoop.ipc.ProtobufRpcEngine2$Server$ProtoBufRpcInvoker.call(ProtobufRpcEngine2.java:595)
	at org.apache.hadoop.ipc.ProtobufRpcEngine2$Server$ProtoBufRpcInvoker.call(ProtobufRpcEngine2.java:573)
	at org.apache.hadoop.ipc.RPC$Server.call(RPC.java:1227)
	at org.apache.hadoop.ipc.Server$RpcCall.run(Server.java:1246)
	at org.apache.hadoop.ipc.Server$RpcCall.run(Server.java:1169)
	at java.base/java.security.AccessController.doPrivileged(AccessController.java:714)
	at java.base/javax.security.auth.Subject.doAs(Subject.java:525)
	at org.apache.hadoop.security.UserGroupInformation.doAs(UserGroupInformation.java:1953)
	at org.apache.hadoop.ipc.Server$Handler.run(Server.java:3198)
]]></system-out>
  </testcase>
  <testcase name="testCreate" classname="org.apache.ozone.test.NonHATests$ContainerOperations" time="0.012">
    <system-out><![CDATA[2025-07-02 03:55:16,880 [b7c7155c-5132-4d4c-a9be-cb93614710ac-ChunkReader-9] WARN  statemachine.DatanodeConfiguration (DatanodeConfiguration.java:validateMinFreeSpace(751)) - hdds.datanode.volume.min.free.space.percent = -1.0 is invalid, should be between 0 and 1
2025-07-02 03:55:16,881 [b7c7155c-5132-4d4c-a9be-cb93614710ac-ChunkReader-9] WARN  statemachine.DatanodeConfiguration (DatanodeConfiguration.java:validateMinFreeSpace(751)) - hdds.datanode.volume.min.free.space.percent = -1.0 is invalid, should be between 0 and 1
]]></system-out>
  </testcase>
  <testcase name="testContainerStateMachineIdempotency" classname="org.apache.ozone.test.NonHATests$ContainerOperations" time="0.039">
    <system-out><![CDATA[2025-07-02 03:55:16,893 [b7c7155c-5132-4d4c-a9be-cb93614710ac-ChunkReader-2] WARN  statemachine.DatanodeConfiguration (DatanodeConfiguration.java:validateMinFreeSpace(751)) - hdds.datanode.volume.min.free.space.percent = -1.0 is invalid, should be between 0 and 1
2025-07-02 03:55:16,894 [b7c7155c-5132-4d4c-a9be-cb93614710ac-ChunkReader-2] WARN  statemachine.DatanodeConfiguration (DatanodeConfiguration.java:validateMinFreeSpace(751)) - hdds.datanode.volume.min.free.space.percent = -1.0 is invalid, should be between 0 and 1
2025-07-02 03:55:16,907 [b7c7155c-5132-4d4c-a9be-cb93614710ac-ChunkReader-9] WARN  helpers.ChunkUtils (ChunkUtils.java:validateChunkForOverwrite(378)) - Duplicate write chunk request. Chunk overwrite without explicit request. ChunkInfo{chunkName='114781619283493131.data.0, offset=0, len=1135}
2025-07-02 03:55:16,917 [b7c7155c-5132-4d4c-a9be-cb93614710ac-ChunkReader-0] WARN  keyvalue.KeyValueHandler (KeyValueHandler.java:updateAndGetContainerChecksum(1451)) - Container data checksum updated from 0 to b3f414cc
2025-07-02 03:55:16,919 [FixedThreadPoolWithAffinityExecutor-9-0] INFO  container.IncrementalContainerReportHandler (AbstractContainerReportHandler.java:updateContainerState(253)) - FINALIZE (i.e. CLOSING) Container #70 (OPEN, sid=0) r0 (CLOSING, bcsid=0, origin=b7c7155c-5132-4d4c-a9be-cb93614710ac, non-empty) from dn b7c7155c-5132-4d4c-a9be-cb93614710ac(localhost/127.0.0.1)
2025-07-02 03:55:16,919 [b7c7155c-5132-4d4c-a9be-cb93614710ac-ChunkReader-0] INFO  keyvalue.KeyValueContainer (KeyValueContainer.java:flushAndSyncDB(514)) - Synced container: KeyValueContainerData #70 (CLOSING, non-empty, ri=0, origin=[dn_b7c7155c-5132-4d4c-a9be-cb93614710ac, pipeline_])
2025-07-02 03:55:16,920 [b7c7155c-5132-4d4c-a9be-cb93614710ac-ChunkReader-0] INFO  keyvalue.KeyValueContainer (KeyValueContainer.java:flushAndSyncDB(514)) - Synced container: KeyValueContainerData #70 (CLOSING, non-empty, ri=0, origin=[dn_b7c7155c-5132-4d4c-a9be-cb93614710ac, pipeline_])
2025-07-02 03:55:16,923 [b7c7155c-5132-4d4c-a9be-cb93614710ac-ChunkReader-0] INFO  keyvalue.KeyValueContainer (KeyValueContainer.java:close(430)) - Closed container: KeyValueContainerData #70 (CLOSED, non-empty, ri=0, origin=[dn_b7c7155c-5132-4d4c-a9be-cb93614710ac, pipeline_])
2025-07-02 03:55:16,925 [FixedThreadPoolWithAffinityExecutor-9-0] INFO  container.IncrementalContainerReportHandler (AbstractContainerReportHandler.java:updateContainerState(289)) - CLOSE Container #70 (CLOSING, sid=0) r0 (CLOSED, bcsid=0, origin=b7c7155c-5132-4d4c-a9be-cb93614710ac, non-empty) from dn b7c7155c-5132-4d4c-a9be-cb93614710ac(localhost/127.0.0.1)
]]></system-out>
  </testcase>
</testsuite>