<?xml version="1.0" encoding="UTF-8"?>
<testsuite xmlns:xsi="http://www.w3.org/2001/XMLSchema-instance" xsi:noNamespaceSchemaLocation="https://maven.apache.org/surefire/maven-surefire-plugin/xsd/surefire-test-report.xsd" name="org.apache.hadoop.ozone.scm.TestSCMInstallSnapshotWithHA" time="172.931" tests="3" errors="0" skipped="0" failures="1">
  <properties>
    <property name="awt.toolkit" value="sun.awt.X11.XToolkit"/>
    <property name="file.encoding.pkg" value="sun.io"/>
    <property name="java.specification.version" value="1.8"/>
    <property name="sun.cpu.isalist" value=""/>
    <property name="sun.jnu.encoding" value="UTF-8"/>
    <property name="java.class.path" value="/home/runner/work/ozone/ozone/hadoop-ozone/integration-test/target/test-classes:/home/runner/work/ozone/ozone/hadoop-ozone/integration-test/target/classes:/home/runner/.m2/repository/org/apache/ozone/ozone-common/1.2.0-SNAPSHOT/ozone-common-1.2.0-SNAPSHOT.jar:/home/runner/.m2/repository/org/apache/commons/commons-compress/1.20/commons-compress-1.20.jar:/home/runner/.m2/repository/org/apache/ozone/hdds-common/1.2.0-SNAPSHOT/hdds-common-1.2.0-SNAPSHOT.jar:/home/runner/.m2/repository/org/apache/ozone/hdds-client/1.2.0-SNAPSHOT/hdds-client-1.2.0-SNAPSHOT.jar:/home/runner/.m2/repository/org/apache/ozone/ozone-interface-client/1.2.0-SNAPSHOT/ozone-interface-client-1.2.0-SNAPSHOT.jar:/home/runner/.m2/repository/org/apache/ozone/hdds-server-framework/1.2.0-SNAPSHOT/hdds-server-framework-1.2.0-SNAPSHOT.jar:/home/runner/.m2/repository/org/apache/ozone/hdds-interface-server/1.2.0-SNAPSHOT/hdds-interface-server-1.2.0-SNAPSHOT.jar:/home/runner/.m2/repository/org/eclipse/jetty/jetty-servlet/9.4.43.v20210629/jetty-servlet-9.4.43.v20210629.jar:/home/runner/.m2/repository/org/eclipse/jetty/jetty-security/9.4.43.v20210629/jetty-security-9.4.43.v20210629.jar:/home/runner/.m2/repository/org/rocksdb/rocksdbjni/6.20.3/rocksdbjni-6.20.3.jar:/home/runner/.m2/repository/io/prometheus/simpleclient_dropwizard/0.7.0/simpleclient_dropwizard-0.7.0.jar:/home/runner/.m2/repository/io/prometheus/simpleclient/0.7.0/simpleclient-0.7.0.jar:/home/runner/.m2/repository/io/prometheus/simpleclient_common/0.7.0/simpleclient_common-0.7.0.jar:/home/runner/.m2/repository/com/fasterxml/jackson/datatype/jackson-datatype-jsr310/2.12.1/jackson-datatype-jsr310-2.12.1.jar:/home/runner/.m2/repository/org/apache/ozone/hdds-test-utils/1.2.0-SNAPSHOT/hdds-test-utils-1.2.0-SNAPSHOT.jar:/home/runner/.m2/repository/com/google/guava/guava/30.1.1-jre/guava-30.1.1-jre.jar:/home/runner/.m2/repository/com/google/guava/failureaccess/1.0.1/failureaccess-1.0.1.jar:/home/runner/.m2/repository/com/google/guava/listenablefuture/9999.0-empty-to-avoid-conflict-with-guava/listenablefuture-9999.0-empty-to-avoid-conflict-with-guava.jar:/home/runner/.m2/repository/com/google/code/findbugs/jsr305/3.0.0/jsr305-3.0.0.jar:/home/runner/.m2/repository/org/checkerframework/checker-qual/3.8.0/checker-qual-3.8.0.jar:/home/runner/.m2/repository/com/google/errorprone/error_prone_annotations/2.2.0/error_prone_annotations-2.2.0.jar:/home/runner/.m2/repository/com/google/j2objc/j2objc-annotations/1.3/j2objc-annotations-1.3.jar:/home/runner/.m2/repository/commons-io/commons-io/2.8.0/commons-io-2.8.0.jar:/home/runner/.m2/repository/commons-logging/commons-logging/1.2/commons-logging-1.2.jar:/home/runner/.m2/repository/log4j/log4j/1.2.17/log4j-1.2.17.jar:/home/runner/.m2/repository/org/slf4j/slf4j-api/1.7.30/slf4j-api-1.7.30.jar:/home/runner/.m2/repository/org/apache/ozone/hdds-server-scm/1.2.0-SNAPSHOT/hdds-server-scm-1.2.0-SNAPSHOT.jar:/home/runner/.m2/repository/org/apache/ozone/hdds-container-service/1.2.0-SNAPSHOT/hdds-container-service-1.2.0-SNAPSHOT.jar:/home/runner/.m2/repository/org/apache/ozone/hdds-hadoop-dependency-server/1.2.0-SNAPSHOT/hdds-hadoop-dependency-server-1.2.0-SNAPSHOT.jar:/home/runner/.m2/repository/org/apache/hadoop/hadoop-hdfs/3.3.1/hadoop-hdfs-3.3.1.jar:/home/runner/.m2/repository/io/dropwizard/metrics/metrics-core/3.2.4/metrics-core-3.2.4.jar:/home/runner/.m2/repository/org/apache/hadoop/hadoop-hdfs-client/3.3.1/hadoop-hdfs-client-3.3.1.jar:/home/runner/.m2/repository/org/bouncycastle/bcprov-jdk15on/1.67/bcprov-jdk15on-1.67.jar:/home/runner/.m2/repository/com/google/protobuf/protobuf-java/2.5.0/protobuf-java-2.5.0.jar:/home/runner/.m2/repository/org/apache/ozone/ozone-manager/1.2.0-SNAPSHOT/ozone-manager-1.2.0-SNAPSHOT.jar:/home/runner/.m2/repository/org/aspectj/aspectjrt/1.8.9/aspectjrt-1.8.9.jar:/home/runner/.m2/repository/org/aspectj/aspectjweaver/1.8.9/aspectjweaver-1.8.9.jar:/home/runner/.m2/repository/org/apache/ozone/hdds-interface-client/1.2.0-SNAPSHOT/hdds-interface-client-1.2.0-SNAPSHOT.jar:/home/runner/.m2/repository/org/apache/hadoop/thirdparty/hadoop-shaded-protobuf_3_7/1.1.1/hadoop-shaded-protobuf_3_7-1.1.1.jar:/home/runner/.m2/repository/org/apache/ozone/ozone-interface-storage/1.2.0-SNAPSHOT/ozone-interface-storage-1.2.0-SNAPSHOT.jar:/home/runner/.m2/repository/org/reflections/reflections/0.9.11/reflections-0.9.11.jar:/home/runner/.m2/repository/org/apache/hadoop/hadoop-minikdc/3.3.1/hadoop-minikdc-3.3.1.jar:/home/runner/.m2/repository/org/apache/kerby/kerb-simplekdc/1.0.1/kerb-simplekdc-1.0.1.jar:/home/runner/.m2/repository/org/apache/kerby/kerb-client/1.0.1/kerb-client-1.0.1.jar:/home/runner/.m2/repository/org/apache/kerby/kerby-config/1.0.1/kerby-config-1.0.1.jar:/home/runner/.m2/repository/org/apache/kerby/kerb-common/1.0.1/kerb-common-1.0.1.jar:/home/runner/.m2/repository/org/apache/kerby/kerb-crypto/1.0.1/kerb-crypto-1.0.1.jar:/home/runner/.m2/repository/org/apache/kerby/kerb-util/1.0.1/kerb-util-1.0.1.jar:/home/runner/.m2/repository/org/apache/kerby/token-provider/1.0.1/token-provider-1.0.1.jar:/home/runner/.m2/repository/org/apache/kerby/kerb-admin/1.0.1/kerb-admin-1.0.1.jar:/home/runner/.m2/repository/org/apache/kerby/kerb-server/1.0.1/kerb-server-1.0.1.jar:/home/runner/.m2/repository/org/apache/kerby/kerb-identity/1.0.1/kerb-identity-1.0.1.jar:/home/runner/.m2/repository/org/apache/kerby/kerby-xdr/1.0.1/kerby-xdr-1.0.1.jar:/home/runner/.m2/repository/org/slf4j/slf4j-log4j12/1.7.30/slf4j-log4j12-1.7.30.jar:/home/runner/.m2/repository/org/apache/ozone/ozone-s3gateway/1.2.0-SNAPSHOT/ozone-s3gateway-1.2.0-SNAPSHOT.jar:/home/runner/.m2/repository/org/javassist/javassist/3.21.0-GA/javassist-3.21.0-GA.jar:/home/runner/.m2/repository/org/jboss/weld/servlet/weld-servlet/2.4.7.Final/weld-servlet-2.4.7.Final.jar:/home/runner/.m2/repository/org/glassfish/jersey/containers/jersey-container-servlet-core/2.33/jersey-container-servlet-core-2.33.jar:/home/runner/.m2/repository/org/glassfish/hk2/external/jakarta.inject/2.6.1/jakarta.inject-2.6.1.jar:/home/runner/.m2/repository/org/glassfish/jersey/core/jersey-common/2.33/jersey-common-2.33.jar:/home/runner/.m2/repository/jakarta/ws/rs/jakarta.ws.rs-api/2.1.6/jakarta.ws.rs-api-2.1.6.jar:/home/runner/.m2/repository/org/glassfish/jersey/ext/cdi/jersey-cdi1x/2.33/jersey-cdi1x-2.33.jar:/home/runner/.m2/repository/org/glassfish/jersey/inject/jersey-hk2/2.33/jersey-hk2-2.33.jar:/home/runner/.m2/repository/org/glassfish/hk2/hk2-locator/2.6.1/hk2-locator-2.6.1.jar:/home/runner/.m2/repository/org/glassfish/jersey/media/jersey-media-jaxb/2.33/jersey-media-jaxb-2.33.jar:/home/runner/.m2/repository/org/glassfish/hk2/osgi-resource-locator/1.0.3/osgi-resource-locator-1.0.3.jar:/home/runner/.m2/repository/org/glassfish/hk2/hk2-api/2.5.0/hk2-api-2.5.0.jar:/home/runner/.m2/repository/org/glassfish/hk2/hk2-utils/2.5.0/hk2-utils-2.5.0.jar:/home/runner/.m2/repository/org/glassfish/hk2/external/aopalliance-repackaged/2.5.0/aopalliance-repackaged-2.5.0.jar:/home/runner/.m2/repository/com/fasterxml/jackson/dataformat/jackson-dataformat-xml/2.12.1/jackson-dataformat-xml-2.12.1.jar:/home/runner/.m2/repository/com/fasterxml/jackson/core/jackson-core/2.12.1/jackson-core-2.12.1.jar:/home/runner/.m2/repository/com/fasterxml/jackson/module/jackson-module-jaxb-annotations/2.12.1/jackson-module-jaxb-annotations-2.12.1.jar:/home/runner/.m2/repository/jakarta/xml/bind/jakarta.xml.bind-api/2.3.2/jakarta.xml.bind-api-2.3.2.jar:/home/runner/.m2/repository/org/codehaus/woodstox/stax2-api/3.1.4/stax2-api-3.1.4.jar:/home/runner/.m2/repository/com/fasterxml/woodstox/woodstox-core/5.0.3/woodstox-core-5.0.3.jar:/home/runner/.m2/repository/javax/enterprise/cdi-api/1.2/cdi-api-1.2.jar:/home/runner/.m2/repository/javax/el/javax.el-api/3.0.0/javax.el-api-3.0.0.jar:/home/runner/.m2/repository/javax/interceptor/javax.interceptor-api/1.2/javax.interceptor-api-1.2.jar:/home/runner/.m2/repository/javax/inject/javax.inject/1/javax.inject-1.jar:/home/runner/.m2/repository/javax/xml/bind/jaxb-api/2.3.0/jaxb-api-2.3.0.jar:/home/runner/.m2/repository/org/glassfish/jaxb/jaxb-runtime/2.3.0.1/jaxb-runtime-2.3.0.1.jar:/home/runner/.m2/repository/org/glassfish/jaxb/jaxb-core/2.3.0.1/jaxb-core-2.3.0.1.jar:/home/runner/.m2/repository/org/glassfish/jaxb/txw2/2.3.0.1/txw2-2.3.0.1.jar:/home/runner/.m2/repository/com/sun/istack/istack-commons-runtime/3.0.5/istack-commons-runtime-3.0.5.jar:/home/runner/.m2/repository/org/jvnet/staxex/stax-ex/1.7.8/stax-ex-1.7.8.jar:/home/runner/.m2/repository/com/sun/xml/fastinfoset/FastInfoset/1.2.13/FastInfoset-1.2.13.jar:/home/runner/.m2/repository/javax/activation/activation/1.1.1/activation-1.1.1.jar:/home/runner/.m2/repository/org/apache/ozone/ozone-csi/1.2.0-SNAPSHOT/ozone-csi-1.2.0-SNAPSHOT.jar:/home/runner/.m2/repository/com/google/protobuf/protobuf-java-util/3.12.0/protobuf-java-util-3.12.0.jar:/home/runner/.m2/repository/com/google/code/gson/gson/2.2.4/gson-2.2.4.jar:/home/runner/.m2/repository/org/apache/ozone/hdds-config/1.2.0-SNAPSHOT/hdds-config-1.2.0-SNAPSHOT.jar:/home/runner/.m2/repository/io/grpc/grpc-netty/1.33.0/grpc-netty-1.33.0.jar:/home/runner/.m2/repository/io/grpc/grpc-core/1.33.0/grpc-core-1.33.0.jar:/home/runner/.m2/repository/com/google/android/annotations/4.1.1.4/annotations-4.1.1.4.jar:/home/runner/.m2/repository/io/netty/netty-codec-http2/4.1.63.Final/netty-codec-http2-4.1.63.Final.jar:/home/runner/.m2/repository/io/netty/netty-codec-http/4.1.63.Final/netty-codec-http-4.1.63.Final.jar:/home/runner/.m2/repository/io/netty/netty-handler-proxy/4.1.63.Final/netty-handler-proxy-4.1.63.Final.jar:/home/runner/.m2/repository/io/netty/netty-codec-socks/4.1.63.Final/netty-codec-socks-4.1.63.Final.jar:/home/runner/.m2/repository/io/perfmark/perfmark-api/0.19.0/perfmark-api-0.19.0.jar:/home/runner/.m2/repository/org/codehaus/mojo/animal-sniffer-annotations/1.18/animal-sniffer-annotations-1.18.jar:/home/runner/.m2/repository/io/netty/netty-transport-native-epoll/4.1.63.Final/netty-transport-native-epoll-4.1.63.Final.jar:/home/runner/.m2/repository/io/netty/netty-common/4.1.63.Final/netty-common-4.1.63.Final.jar:/home/runner/.m2/repository/io/netty/netty-buffer/4.1.63.Final/netty-buffer-4.1.63.Final.jar:/home/runner/.m2/repository/io/netty/netty-transport-native-unix-common/4.1.63.Final/netty-transport-native-unix-common-4.1.63.Final.jar:/home/runner/.m2/repository/io/grpc/grpc-protobuf/1.33.0/grpc-protobuf-1.33.0.jar:/home/runner/.m2/repository/io/grpc/grpc-api/1.33.0/grpc-api-1.33.0.jar:/home/runner/.m2/repository/io/grpc/grpc-context/1.33.0/grpc-context-1.33.0.jar:/home/runner/.m2/repository/com/google/api/grpc/proto-google-common-protos/1.17.0/proto-google-common-protos-1.17.0.jar:/home/runner/.m2/repository/io/grpc/grpc-protobuf-lite/1.33.0/grpc-protobuf-lite-1.33.0.jar:/home/runner/.m2/repository/io/grpc/grpc-stub/1.33.0/grpc-stub-1.33.0.jar:/home/runner/.m2/repository/org/apache/ozone/ozone-recon/1.2.0-SNAPSHOT/ozone-recon-1.2.0-SNAPSHOT.jar:/home/runner/.m2/repository/org/apache/ozone/ozone-reconcodegen/1.2.0-SNAPSHOT/ozone-reconcodegen-1.2.0-SNAPSHOT.jar:/home/runner/.m2/repository/com/google/inject/extensions/guice-multibindings/4.0/guice-multibindings-4.0.jar:/home/runner/.m2/repository/com/google/inject/guice/4.0/guice-4.0.jar:/home/runner/.m2/repository/aopalliance/aopalliance/1.0/aopalliance-1.0.jar:/home/runner/.m2/repository/com/google/inject/extensions/guice-assistedinject/4.0/guice-assistedinject-4.0.jar:/home/runner/.m2/repository/com/google/inject/extensions/guice-servlet/4.0/guice-servlet-4.0.jar:/home/runner/.m2/repository/org/glassfish/jersey/containers/jersey-container-servlet/2.33/jersey-container-servlet-2.33.jar:/home/runner/.m2/repository/org/glassfish/hk2/guice-bridge/2.5.0/guice-bridge-2.5.0.jar:/home/runner/.m2/repository/org/glassfish/jersey/core/jersey-server/2.33/jersey-server-2.33.jar:/home/runner/.m2/repository/org/glassfish/jersey/core/jersey-client/2.33/jersey-client-2.33.jar:/home/runner/.m2/repository/jakarta/annotation/jakarta.annotation-api/1.3.5/jakarta.annotation-api-1.3.5.jar:/home/runner/.m2/repository/jakarta/validation/jakarta.validation-api/2.0.2/jakarta.validation-api-2.0.2.jar:/home/runner/.m2/repository/org/glassfish/jersey/media/jersey-media-json-jackson/2.33/jersey-media-json-jackson-2.33.jar:/home/runner/.m2/repository/org/glassfish/jersey/ext/jersey-entity-filtering/2.33/jersey-entity-filtering-2.33.jar:/home/runner/.m2/repository/org/jooq/jooq/3.11.10/jooq-3.11.10.jar:/home/runner/.m2/repository/org/jooq/jooq-meta/3.11.10/jooq-meta-3.11.10.jar:/home/runner/.m2/repository/org/jooq/jooq-codegen/3.11.10/jooq-codegen-3.11.10.jar:/home/runner/.m2/repository/com/jolbox/bonecp/0.8.0.RELEASE/bonecp-0.8.0.RELEASE.jar:/home/runner/.m2/repository/org/apache/derby/derby/10.14.2.0/derby-10.14.2.0.jar:/home/runner/.m2/repository/org/xerial/sqlite-jdbc/3.25.2/sqlite-jdbc-3.25.2.jar:/home/runner/.m2/repository/org/springframework/spring-jdbc/5.2.11.RELEASE/spring-jdbc-5.2.11.RELEASE.jar:/home/runner/.m2/repository/org/springframework/spring-beans/5.2.11.RELEASE/spring-beans-5.2.11.RELEASE.jar:/home/runner/.m2/repository/org/springframework/spring-core/5.2.11.RELEASE/spring-core-5.2.11.RELEASE.jar:/home/runner/.m2/repository/org/springframework/spring-jcl/5.2.11.RELEASE/spring-jcl-5.2.11.RELEASE.jar:/home/runner/.m2/repository/org/springframework/spring-tx/5.2.11.RELEASE/spring-tx-5.2.11.RELEASE.jar:/home/runner/.m2/repository/org/apache/ozone/ozone-client/1.2.0-SNAPSHOT/ozone-client-1.2.0-SNAPSHOT.jar:/home/runner/.m2/repository/org/apache/ozone/ozone-filesystem/1.2.0-SNAPSHOT/ozone-filesystem-1.2.0-SNAPSHOT.jar:/home/runner/.m2/repository/org/apache/ozone/ozone-filesystem-common/1.2.0-SNAPSHOT/ozone-filesystem-common-1.2.0-SNAPSHOT.jar:/home/runner/.m2/repository/org/apache/ozone/ozone-tools/1.2.0-SNAPSHOT/ozone-tools-1.2.0-SNAPSHOT.jar:/home/runner/.m2/repository/org/apache/ratis/ratis-tools/2.1.0-03f3b68-SNAPSHOT/ratis-tools-2.1.0-03f3b68-SNAPSHOT.jar:/home/runner/.m2/repository/com/amazonaws/aws-java-sdk-core/1.11.901/aws-java-sdk-core-1.11.901.jar:/home/runner/.m2/repository/org/apache/httpcomponents/httpclient/4.5.13/httpclient-4.5.13.jar:/home/runner/.m2/repository/org/apache/httpcomponents/httpcore/4.4.13/httpcore-4.4.13.jar:/home/runner/.m2/repository/software/amazon/ion/ion-java/1.0.2/ion-java-1.0.2.jar:/home/runner/.m2/repository/com/fasterxml/jackson/dataformat/jackson-dataformat-cbor/2.12.1/jackson-dataformat-cbor-2.12.1.jar:/home/runner/.m2/repository/joda-time/joda-time/2.8.1/joda-time-2.8.1.jar:/home/runner/.m2/repository/com/amazonaws/aws-java-sdk-s3/1.11.901/aws-java-sdk-s3-1.11.901.jar:/home/runner/.m2/repository/com/amazonaws/aws-java-sdk-kms/1.11.901/aws-java-sdk-kms-1.11.901.jar:/home/runner/.m2/repository/com/amazonaws/jmespath-java/1.11.901/jmespath-java-1.11.901.jar:/home/runner/.m2/repository/org/kohsuke/metainf-services/metainf-services/1.8/metainf-services-1.8.jar:/home/runner/.m2/repository/org/apache/ozone/hdds-tools/1.2.0-SNAPSHOT/hdds-tools-1.2.0-SNAPSHOT.jar:/home/runner/.m2/repository/commons-cli/commons-cli/1.2/commons-cli-1.2.jar:/home/runner/.m2/repository/org/apache/commons/commons-lang3/3.7/commons-lang3-3.7.jar:/home/runner/.m2/repository/org/apache/ozone/ozone-manager/1.2.0-SNAPSHOT/ozone-manager-1.2.0-SNAPSHOT-tests.jar:/home/runner/.m2/repository/org/apache/ozone/hdds-common/1.2.0-SNAPSHOT/hdds-common-1.2.0-SNAPSHOT-tests.jar:/home/runner/.m2/repository/org/apache/ozone/hdds-hadoop-dependency-client/1.2.0-SNAPSHOT/hdds-hadoop-dependency-client-1.2.0-SNAPSHOT.jar:/home/runner/.m2/repository/info/picocli/picocli/4.6.1/picocli-4.6.1.jar:/home/runner/.m2/repository/com/fasterxml/jackson/core/jackson-annotations/2.12.1/jackson-annotations-2.12.1.jar:/home/runner/.m2/repository/javax/annotation/javax.annotation-api/1.2/javax.annotation-api-1.2.jar:/home/runner/.m2/repository/org/apache/ratis/ratis-server/2.1.0-03f3b68-SNAPSHOT/ratis-server-2.1.0-03f3b68-SNAPSHOT.jar:/home/runner/.m2/repository/org/apache/ratis/ratis-client/2.1.0-03f3b68-SNAPSHOT/ratis-client-2.1.0-03f3b68-SNAPSHOT.jar:/home/runner/.m2/repository/org/apache/ratis/ratis-server-api/2.1.0-03f3b68-SNAPSHOT/ratis-server-api-2.1.0-03f3b68-SNAPSHOT.jar:/home/runner/.m2/repository/org/apache/ratis/ratis-metrics/2.1.0-03f3b68-SNAPSHOT/ratis-metrics-2.1.0-03f3b68-SNAPSHOT.jar:/home/runner/.m2/repository/org/apache/ratis/ratis-netty/2.1.0-03f3b68-SNAPSHOT/ratis-netty-2.1.0-03f3b68-SNAPSHOT.jar:/home/runner/.m2/repository/org/apache/ratis/ratis-grpc/2.1.0-03f3b68-SNAPSHOT/ratis-grpc-2.1.0-03f3b68-SNAPSHOT.jar:/home/runner/.m2/repository/org/apache/logging/log4j/log4j-api/2.13.3/log4j-api-2.13.3.jar:/home/runner/.m2/repository/org/apache/logging/log4j/log4j-core/2.13.3/log4j-core-2.13.3.jar:/home/runner/.m2/repository/com/lmax/disruptor/3.4.2/disruptor-3.4.2.jar:/home/runner/.m2/repository/org/apache/commons/commons-pool2/2.6.0/commons-pool2-2.6.0.jar:/home/runner/.m2/repository/org/bouncycastle/bcpkix-jdk15on/1.67/bcpkix-jdk15on-1.67.jar:/home/runner/.m2/repository/commons-validator/commons-validator/1.6/commons-validator-1.6.jar:/home/runner/.m2/repository/commons-beanutils/commons-beanutils/1.9.4/commons-beanutils-1.9.4.jar:/home/runner/.m2/repository/commons-digester/commons-digester/1.8.1/commons-digester-1.8.1.jar:/home/runner/.m2/repository/commons-collections/commons-collections/3.2.2/commons-collections-3.2.2.jar:/home/runner/.m2/repository/io/jaegertracing/jaeger-client/1.6.0/jaeger-client-1.6.0.jar:/home/runner/.m2/repository/io/jaegertracing/jaeger-thrift/1.6.0/jaeger-thrift-1.6.0.jar:/home/runner/.m2/repository/org/apache/thrift/libthrift/0.14.1/libthrift-0.14.1.jar:/home/runner/.m2/repository/com/squareup/okhttp3/okhttp/4.9.0/okhttp-4.9.0.jar:/home/runner/.m2/repository/com/squareup/okio/okio/2.8.0/okio-2.8.0.jar:/home/runner/.m2/repository/io/jaegertracing/jaeger-core/1.6.0/jaeger-core-1.6.0.jar:/home/runner/.m2/repository/io/jaegertracing/jaeger-tracerresolver/1.6.0/jaeger-tracerresolver-1.6.0.jar:/home/runner/.m2/repository/io/opentracing/contrib/opentracing-tracerresolver/0.1.8/opentracing-tracerresolver-0.1.8.jar:/home/runner/.m2/repository/org/jetbrains/kotlin/kotlin-stdlib/1.4.31/kotlin-stdlib-1.4.31.jar:/home/runner/.m2/repository/org/jetbrains/kotlin/kotlin-stdlib-common/1.4.31/kotlin-stdlib-common-1.4.31.jar:/home/runner/.m2/repository/org/jetbrains/annotations/13.0/annotations-13.0.jar:/home/runner/.m2/repository/io/opentracing/opentracing-util/0.33.0/opentracing-util-0.33.0.jar:/home/runner/.m2/repository/io/opentracing/opentracing-api/0.33.0/opentracing-api-0.33.0.jar:/home/runner/.m2/repository/io/opentracing/opentracing-noop/0.33.0/opentracing-noop-0.33.0.jar:/home/runner/.m2/repository/org/yaml/snakeyaml/1.26/snakeyaml-1.26.jar:/home/runner/.m2/repository/org/apache/ozone/hdds-interface-admin/1.2.0-SNAPSHOT/hdds-interface-admin-1.2.0-SNAPSHOT.jar:/home/runner/.m2/repository/junit/junit/4.13.1/junit-4.13.1.jar:/home/runner/.m2/repository/org/hamcrest/hamcrest-core/1.3/hamcrest-core-1.3.jar:/home/runner/.m2/repository/org/junit/jupiter/junit-jupiter-api/5.7.0/junit-jupiter-api-5.7.0.jar:/home/runner/.m2/repository/org/apiguardian/apiguardian-api/1.1.0/apiguardian-api-1.1.0.jar:/home/runner/.m2/repository/org/opentest4j/opentest4j/1.2.0/opentest4j-1.2.0.jar:/home/runner/.m2/repository/org/junit/platform/junit-platform-commons/1.7.0/junit-platform-commons-1.7.0.jar:/home/runner/.m2/repository/org/junit/jupiter/junit-jupiter-engine/5.7.0/junit-jupiter-engine-5.7.0.jar:/home/runner/.m2/repository/org/junit/platform/junit-platform-engine/1.7.0/junit-platform-engine-1.7.0.jar:/home/runner/.m2/repository/org/junit/vintage/junit-vintage-engine/5.7.0/junit-vintage-engine-5.7.0.jar:/home/runner/.m2/repository/org/junit/platform/junit-platform-launcher/1.7.0/junit-platform-launcher-1.7.0.jar:/home/runner/.m2/repository/org/openjdk/jmh/jmh-core/1.19/jmh-core-1.19.jar:/home/runner/.m2/repository/net/sf/jopt-simple/jopt-simple/4.6/jopt-simple-4.6.jar:/home/runner/.m2/repository/org/apache/commons/commons-math3/3.1.1/commons-math3-3.1.1.jar:/home/runner/.m2/repository/org/openjdk/jmh/jmh-generator-annprocess/1.19/jmh-generator-annprocess-1.19.jar:/home/runner/.m2/repository/org/mockito/mockito-core/2.28.2/mockito-core-2.28.2.jar:/home/runner/.m2/repository/net/bytebuddy/byte-buddy/1.9.10/byte-buddy-1.9.10.jar:/home/runner/.m2/repository/net/bytebuddy/byte-buddy-agent/1.9.10/byte-buddy-agent-1.9.10.jar:/home/runner/.m2/repository/org/objenesis/objenesis/1.0/objenesis-1.0.jar:/home/runner/.m2/repository/org/apache/hadoop/hadoop-kms/3.3.1/hadoop-kms-3.3.1.jar:/home/runner/.m2/repository/org/apache/hadoop/hadoop-auth/3.3.1/hadoop-auth-3.3.1.jar:/home/runner/.m2/repository/com/nimbusds/nimbus-jose-jwt/7.9/nimbus-jose-jwt-7.9.jar:/home/runner/.m2/repository/com/github/stephenc/jcip/jcip-annotations/1.0-1/jcip-annotations-1.0-1.jar:/home/runner/.m2/repository/net/minidev/json-smart/2.3/json-smart-2.3.jar:/home/runner/.m2/repository/net/minidev/accessors-smart/1.2/accessors-smart-1.2.jar:/home/runner/.m2/repository/org/ow2/asm/asm/5.0.4/asm-5.0.4.jar:/home/runner/.m2/repository/org/apache/zookeeper/zookeeper/3.5.6/zookeeper-3.5.6.jar:/home/runner/.m2/repository/org/apache/zookeeper/zookeeper-jute/3.5.6/zookeeper-jute-3.5.6.jar:/home/runner/.m2/repository/org/apache/yetus/audience-annotations/0.5.0/audience-annotations-0.5.0.jar:/home/runner/.m2/repository/org/apache/curator/curator-framework/4.2.0/curator-framework-4.2.0.jar:/home/runner/.m2/repository/org/apache/hadoop/thirdparty/hadoop-shaded-guava/1.1.1/hadoop-shaded-guava-1.1.1.jar:/home/runner/.m2/repository/com/sun/jersey/jersey-core/1.19/jersey-core-1.19.jar:/home/runner/.m2/repository/javax/ws/rs/jsr311-api/1.1.1/jsr311-api-1.1.1.jar:/home/runner/.m2/repository/com/sun/jersey/jersey-server/1.19/jersey-server-1.19.jar:/home/runner/.m2/repository/javax/servlet/javax.servlet-api/3.1.0/javax.servlet-api-3.1.0.jar:/home/runner/.m2/repository/org/eclipse/jetty/jetty-server/9.4.43.v20210629/jetty-server-9.4.43.v20210629.jar:/home/runner/.m2/repository/org/eclipse/jetty/jetty-http/9.4.43.v20210629/jetty-http-9.4.43.v20210629.jar:/home/runner/.m2/repository/org/eclipse/jetty/jetty-io/9.4.43.v20210629/jetty-io-9.4.43.v20210629.jar:/home/runner/.m2/repository/org/eclipse/jetty/jetty-webapp/9.4.43.v20210629/jetty-webapp-9.4.43.v20210629.jar:/home/runner/.m2/repository/org/eclipse/jetty/jetty-xml/9.4.43.v20210629/jetty-xml-9.4.43.v20210629.jar:/home/runner/.m2/repository/org/apache/hadoop/hadoop-common/3.3.1/hadoop-common-3.3.1.jar:/home/runner/.m2/repository/commons-net/commons-net/3.6/commons-net-3.6.jar:/home/runner/.m2/repository/jakarta/activation/jakarta.activation-api/1.2.1/jakarta.activation-api-1.2.1.jar:/home/runner/.m2/repository/com/sun/jersey/jersey-servlet/1.19/jersey-servlet-1.19.jar:/home/runner/.m2/repository/com/sun/jersey/jersey-json/1.19/jersey-json-1.19.jar:/home/runner/.m2/repository/org/codehaus/jettison/jettison/1.1/jettison-1.1.jar:/home/runner/.m2/repository/com/sun/xml/bind/jaxb-impl/2.2.3-1/jaxb-impl-2.2.3-1.jar:/home/runner/.m2/repository/org/codehaus/jackson/jackson-jaxrs/1.9.2/jackson-jaxrs-1.9.2.jar:/home/runner/.m2/repository/org/codehaus/jackson/jackson-xc/1.9.2/jackson-xc-1.9.2.jar:/home/runner/.m2/repository/org/apache/commons/commons-configuration2/2.1.1/commons-configuration2-2.1.1.jar:/home/runner/.m2/repository/org/apache/commons/commons-text/1.4/commons-text-1.4.jar:/home/runner/.m2/repository/com/google/re2j/re2j/1.1/re2j-1.1.jar:/home/runner/.m2/repository/com/jcraft/jsch/0.1.54/jsch-0.1.54.jar:/home/runner/.m2/repository/org/apache/curator/curator-client/4.2.0/curator-client-4.2.0.jar:/home/runner/.m2/repository/org/apache/curator/curator-recipes/4.2.0/curator-recipes-4.2.0.jar:/home/runner/.m2/repository/org/apache/kerby/kerb-core/1.0.1/kerb-core-1.0.1.jar:/home/runner/.m2/repository/org/apache/kerby/kerby-pkix/1.0.1/kerby-pkix-1.0.1.jar:/home/runner/.m2/repository/org/apache/kerby/kerby-asn1/1.0.1/kerby-asn1-1.0.1.jar:/home/runner/.m2/repository/org/apache/kerby/kerby-util/1.0.1/kerby-util-1.0.1.jar:/home/runner/.m2/repository/dnsjava/dnsjava/2.1.7/dnsjava-2.1.7.jar:/home/runner/.m2/repository/org/xerial/snappy/snappy-java/1.1.8.2/snappy-java-1.1.8.2.jar:/home/runner/.m2/repository/org/slf4j/jul-to-slf4j/1.7.30/jul-to-slf4j-1.7.30.jar:/home/runner/.m2/repository/org/eclipse/jetty/jetty-util/9.4.43.v20210629/jetty-util-9.4.43.v20210629.jar:/home/runner/.m2/repository/com/fasterxml/jackson/core/jackson-databind/2.12.1/jackson-databind-2.12.1.jar:/home/runner/.m2/repository/org/apache/hadoop/hadoop-kms/3.3.1/hadoop-kms-3.3.1-tests.jar:/home/runner/.m2/repository/org/apache/ozone/hdds-server-scm/1.2.0-SNAPSHOT/hdds-server-scm-1.2.0-SNAPSHOT-tests.jar:/home/runner/.m2/repository/org/apache/ozone/hdds-container-service/1.2.0-SNAPSHOT/hdds-container-service-1.2.0-SNAPSHOT-tests.jar:/home/runner/.m2/repository/commons-codec/commons-codec/1.11/commons-codec-1.11.jar:/home/runner/.m2/repository/io/netty/netty-transport/4.1.63.Final/netty-transport-4.1.63.Final.jar:/home/runner/.m2/repository/io/netty/netty-resolver/4.1.63.Final/netty-resolver-4.1.63.Final.jar:/home/runner/.m2/repository/io/netty/netty-codec/4.1.63.Final/netty-codec-4.1.63.Final.jar:/home/runner/.m2/repository/io/netty/netty-handler/4.1.63.Final/netty-handler-4.1.63.Final.jar:/home/runner/.m2/repository/org/apache/ozone/hdds-hadoop-dependency-test/1.2.0-SNAPSHOT/hdds-hadoop-dependency-test-1.2.0-SNAPSHOT.jar:/home/runner/.m2/repository/org/apache/hadoop/hadoop-common/3.3.1/hadoop-common-3.3.1-tests.jar:/home/runner/.m2/repository/org/assertj/assertj-core/3.12.2/assertj-core-3.12.2.jar:/home/runner/.m2/repository/org/apache/hadoop/hadoop-hdfs/3.3.1/hadoop-hdfs-3.3.1-tests.jar:/home/runner/.m2/repository/org/eclipse/jetty/jetty-util-ajax/9.4.43.v20210629/jetty-util-ajax-9.4.43.v20210629.jar:/home/runner/.m2/repository/commons-daemon/commons-daemon/1.0.13/commons-daemon-1.0.13.jar:/home/runner/.m2/repository/io/netty/netty/3.10.6.Final/netty-3.10.6.Final.jar:/home/runner/.m2/repository/io/netty/netty-all/4.1.63.Final/netty-all-4.1.63.Final.jar:/home/runner/.m2/repository/org/apache/htrace/htrace-core4/4.1.0-incubating/htrace-core4-4.1.0-incubating.jar:/home/runner/.m2/repository/org/fusesource/leveldbjni/leveldbjni-all/1.8/leveldbjni-all-1.8.jar:/home/runner/.m2/repository/org/apache/hadoop/hadoop-distcp/3.3.1/hadoop-distcp-3.3.1.jar:/home/runner/.m2/repository/org/apache/hadoop/hadoop-mapreduce-client-jobclient/3.3.1/hadoop-mapreduce-client-jobclient-3.3.1.jar:/home/runner/.m2/repository/org/apache/hadoop/hadoop-mapreduce-client-common/3.3.1/hadoop-mapreduce-client-common-3.3.1.jar:/home/runner/.m2/repository/org/apache/hadoop/hadoop-yarn-common/3.3.1/hadoop-yarn-common-3.3.1.jar:/home/runner/.m2/repository/org/apache/hadoop/hadoop-yarn-api/3.3.1/hadoop-yarn-api-3.3.1.jar:/home/runner/.m2/repository/com/sun/jersey/jersey-client/1.19/jersey-client-1.19.jar:/home/runner/.m2/repository/com/sun/jersey/contribs/jersey-guice/1.19/jersey-guice-1.19.jar:/home/runner/.m2/repository/com/fasterxml/jackson/jaxrs/jackson-jaxrs-json-provider/2.12.1/jackson-jaxrs-json-provider-2.12.1.jar:/home/runner/.m2/repository/com/fasterxml/jackson/jaxrs/jackson-jaxrs-base/2.12.1/jackson-jaxrs-base-2.12.1.jar:/home/runner/.m2/repository/org/apache/hadoop/hadoop-yarn-client/3.3.1/hadoop-yarn-client-3.3.1.jar:/home/runner/.m2/repository/org/eclipse/jetty/websocket/websocket-client/9.4.40.v20210413/websocket-client-9.4.40.v20210413.jar:/home/runner/.m2/repository/org/eclipse/jetty/jetty-client/9.4.40.v20210413/jetty-client-9.4.40.v20210413.jar:/home/runner/.m2/repository/org/eclipse/jetty/websocket/websocket-common/9.4.40.v20210413/websocket-common-9.4.40.v20210413.jar:/home/runner/.m2/repository/org/eclipse/jetty/websocket/websocket-api/9.4.40.v20210413/websocket-api-9.4.40.v20210413.jar:/home/runner/.m2/repository/org/jline/jline/3.9.0/jline-3.9.0.jar:/home/runner/.m2/repository/org/apache/hadoop/hadoop-mapreduce-client-core/3.3.1/hadoop-mapreduce-client-core-3.3.1.jar:/home/runner/.m2/repository/org/apache/avro/avro/1.7.7/avro-1.7.7.jar:/home/runner/.m2/repository/org/codehaus/jackson/jackson-core-asl/1.9.13/jackson-core-asl-1.9.13.jar:/home/runner/.m2/repository/org/codehaus/jackson/jackson-mapper-asl/1.9.13/jackson-mapper-asl-1.9.13.jar:/home/runner/.m2/repository/com/thoughtworks/paranamer/paranamer/2.3/paranamer-2.3.jar:/home/runner/.m2/repository/org/apache/hadoop/hadoop-annotations/3.3.1/hadoop-annotations-3.3.1.jar:/usr/lib/jvm/adoptopenjdk-8-hotspot-amd64/jre/../lib/tools.jar:/home/runner/.m2/repository/org/apache/hadoop/hadoop-distcp/3.3.1/hadoop-distcp-3.3.1-tests.jar:/home/runner/.m2/repository/org/apache/ratis/ratis-common/2.1.0-03f3b68-SNAPSHOT/ratis-common-2.1.0-03f3b68-SNAPSHOT.jar:/home/runner/.m2/repository/org/apache/ratis/ratis-thirdparty-misc/0.7.0/ratis-thirdparty-misc-0.7.0.jar:/home/runner/.m2/repository/org/apache/ratis/ratis-proto/2.1.0-03f3b68-SNAPSHOT/ratis-proto-2.1.0-03f3b68-SNAPSHOT.jar:"/>
    <property name="java.vm.vendor" value="AdoptOpenJDK"/>
    <property name="sun.arch.data.model" value="64"/>
    <property name="test.build.dir" value="/home/runner/work/ozone/ozone/hadoop-ozone/integration-test/target/test-dir"/>
    <property name="test.cache.data" value=""/>
    <property name="java.vendor.url" value="https://adoptopenjdk.net/"/>
    <property name="user.timezone" value=""/>
    <property name="java.vm.specification.version" value="1.8"/>
    <property name="os.name" value="Linux"/>
    <property name="test.build.data" value="/home/runner/work/ozone/ozone/hadoop-ozone/integration-test/target/test-dir"/>
    <property name="sun.java.launcher" value="SUN_STANDARD"/>
    <property name="sun.boot.library.path" value="/usr/lib/jvm/adoptopenjdk-8-hotspot-amd64/jre/lib/amd64"/>
    <property name="sun.java.command" value="/home/runner/work/ozone/ozone/hadoop-ozone/integration-test/target/surefire/surefirebooter8669137256131102634.jar /home/runner/work/ozone/ozone/hadoop-ozone/integration-test/target/surefire 2021-08-27T17-29-18_141-jvmRun1 surefire905985783697137102tmp surefire_783676816445131374658tmp"/>
    <property name="surefire.test.class.path" value="/home/runner/work/ozone/ozone/hadoop-ozone/integration-test/target/test-classes:/home/runner/work/ozone/ozone/hadoop-ozone/integration-test/target/classes:/home/runner/.m2/repository/org/apache/ozone/ozone-common/1.2.0-SNAPSHOT/ozone-common-1.2.0-SNAPSHOT.jar:/home/runner/.m2/repository/org/apache/commons/commons-compress/1.20/commons-compress-1.20.jar:/home/runner/.m2/repository/org/apache/ozone/hdds-common/1.2.0-SNAPSHOT/hdds-common-1.2.0-SNAPSHOT.jar:/home/runner/.m2/repository/org/apache/ozone/hdds-client/1.2.0-SNAPSHOT/hdds-client-1.2.0-SNAPSHOT.jar:/home/runner/.m2/repository/org/apache/ozone/ozone-interface-client/1.2.0-SNAPSHOT/ozone-interface-client-1.2.0-SNAPSHOT.jar:/home/runner/.m2/repository/org/apache/ozone/hdds-server-framework/1.2.0-SNAPSHOT/hdds-server-framework-1.2.0-SNAPSHOT.jar:/home/runner/.m2/repository/org/apache/ozone/hdds-interface-server/1.2.0-SNAPSHOT/hdds-interface-server-1.2.0-SNAPSHOT.jar:/home/runner/.m2/repository/org/eclipse/jetty/jetty-servlet/9.4.43.v20210629/jetty-servlet-9.4.43.v20210629.jar:/home/runner/.m2/repository/org/eclipse/jetty/jetty-security/9.4.43.v20210629/jetty-security-9.4.43.v20210629.jar:/home/runner/.m2/repository/org/rocksdb/rocksdbjni/6.20.3/rocksdbjni-6.20.3.jar:/home/runner/.m2/repository/io/prometheus/simpleclient_dropwizard/0.7.0/simpleclient_dropwizard-0.7.0.jar:/home/runner/.m2/repository/io/prometheus/simpleclient/0.7.0/simpleclient-0.7.0.jar:/home/runner/.m2/repository/io/prometheus/simpleclient_common/0.7.0/simpleclient_common-0.7.0.jar:/home/runner/.m2/repository/com/fasterxml/jackson/datatype/jackson-datatype-jsr310/2.12.1/jackson-datatype-jsr310-2.12.1.jar:/home/runner/.m2/repository/org/apache/ozone/hdds-test-utils/1.2.0-SNAPSHOT/hdds-test-utils-1.2.0-SNAPSHOT.jar:/home/runner/.m2/repository/com/google/guava/guava/30.1.1-jre/guava-30.1.1-jre.jar:/home/runner/.m2/repository/com/google/guava/failureaccess/1.0.1/failureaccess-1.0.1.jar:/home/runner/.m2/repository/com/google/guava/listenablefuture/9999.0-empty-to-avoid-conflict-with-guava/listenablefuture-9999.0-empty-to-avoid-conflict-with-guava.jar:/home/runner/.m2/repository/com/google/code/findbugs/jsr305/3.0.0/jsr305-3.0.0.jar:/home/runner/.m2/repository/org/checkerframework/checker-qual/3.8.0/checker-qual-3.8.0.jar:/home/runner/.m2/repository/com/google/errorprone/error_prone_annotations/2.2.0/error_prone_annotations-2.2.0.jar:/home/runner/.m2/repository/com/google/j2objc/j2objc-annotations/1.3/j2objc-annotations-1.3.jar:/home/runner/.m2/repository/commons-io/commons-io/2.8.0/commons-io-2.8.0.jar:/home/runner/.m2/repository/commons-logging/commons-logging/1.2/commons-logging-1.2.jar:/home/runner/.m2/repository/log4j/log4j/1.2.17/log4j-1.2.17.jar:/home/runner/.m2/repository/org/slf4j/slf4j-api/1.7.30/slf4j-api-1.7.30.jar:/home/runner/.m2/repository/org/apache/ozone/hdds-server-scm/1.2.0-SNAPSHOT/hdds-server-scm-1.2.0-SNAPSHOT.jar:/home/runner/.m2/repository/org/apache/ozone/hdds-container-service/1.2.0-SNAPSHOT/hdds-container-service-1.2.0-SNAPSHOT.jar:/home/runner/.m2/repository/org/apache/ozone/hdds-hadoop-dependency-server/1.2.0-SNAPSHOT/hdds-hadoop-dependency-server-1.2.0-SNAPSHOT.jar:/home/runner/.m2/repository/org/apache/hadoop/hadoop-hdfs/3.3.1/hadoop-hdfs-3.3.1.jar:/home/runner/.m2/repository/io/dropwizard/metrics/metrics-core/3.2.4/metrics-core-3.2.4.jar:/home/runner/.m2/repository/org/apache/hadoop/hadoop-hdfs-client/3.3.1/hadoop-hdfs-client-3.3.1.jar:/home/runner/.m2/repository/org/bouncycastle/bcprov-jdk15on/1.67/bcprov-jdk15on-1.67.jar:/home/runner/.m2/repository/com/google/protobuf/protobuf-java/2.5.0/protobuf-java-2.5.0.jar:/home/runner/.m2/repository/org/apache/ozone/ozone-manager/1.2.0-SNAPSHOT/ozone-manager-1.2.0-SNAPSHOT.jar:/home/runner/.m2/repository/org/aspectj/aspectjrt/1.8.9/aspectjrt-1.8.9.jar:/home/runner/.m2/repository/org/aspectj/aspectjweaver/1.8.9/aspectjweaver-1.8.9.jar:/home/runner/.m2/repository/org/apache/ozone/hdds-interface-client/1.2.0-SNAPSHOT/hdds-interface-client-1.2.0-SNAPSHOT.jar:/home/runner/.m2/repository/org/apache/hadoop/thirdparty/hadoop-shaded-protobuf_3_7/1.1.1/hadoop-shaded-protobuf_3_7-1.1.1.jar:/home/runner/.m2/repository/org/apache/ozone/ozone-interface-storage/1.2.0-SNAPSHOT/ozone-interface-storage-1.2.0-SNAPSHOT.jar:/home/runner/.m2/repository/org/reflections/reflections/0.9.11/reflections-0.9.11.jar:/home/runner/.m2/repository/org/apache/hadoop/hadoop-minikdc/3.3.1/hadoop-minikdc-3.3.1.jar:/home/runner/.m2/repository/org/apache/kerby/kerb-simplekdc/1.0.1/kerb-simplekdc-1.0.1.jar:/home/runner/.m2/repository/org/apache/kerby/kerb-client/1.0.1/kerb-client-1.0.1.jar:/home/runner/.m2/repository/org/apache/kerby/kerby-config/1.0.1/kerby-config-1.0.1.jar:/home/runner/.m2/repository/org/apache/kerby/kerb-common/1.0.1/kerb-common-1.0.1.jar:/home/runner/.m2/repository/org/apache/kerby/kerb-crypto/1.0.1/kerb-crypto-1.0.1.jar:/home/runner/.m2/repository/org/apache/kerby/kerb-util/1.0.1/kerb-util-1.0.1.jar:/home/runner/.m2/repository/org/apache/kerby/token-provider/1.0.1/token-provider-1.0.1.jar:/home/runner/.m2/repository/org/apache/kerby/kerb-admin/1.0.1/kerb-admin-1.0.1.jar:/home/runner/.m2/repository/org/apache/kerby/kerb-server/1.0.1/kerb-server-1.0.1.jar:/home/runner/.m2/repository/org/apache/kerby/kerb-identity/1.0.1/kerb-identity-1.0.1.jar:/home/runner/.m2/repository/org/apache/kerby/kerby-xdr/1.0.1/kerby-xdr-1.0.1.jar:/home/runner/.m2/repository/org/slf4j/slf4j-log4j12/1.7.30/slf4j-log4j12-1.7.30.jar:/home/runner/.m2/repository/org/apache/ozone/ozone-s3gateway/1.2.0-SNAPSHOT/ozone-s3gateway-1.2.0-SNAPSHOT.jar:/home/runner/.m2/repository/org/javassist/javassist/3.21.0-GA/javassist-3.21.0-GA.jar:/home/runner/.m2/repository/org/jboss/weld/servlet/weld-servlet/2.4.7.Final/weld-servlet-2.4.7.Final.jar:/home/runner/.m2/repository/org/glassfish/jersey/containers/jersey-container-servlet-core/2.33/jersey-container-servlet-core-2.33.jar:/home/runner/.m2/repository/org/glassfish/hk2/external/jakarta.inject/2.6.1/jakarta.inject-2.6.1.jar:/home/runner/.m2/repository/org/glassfish/jersey/core/jersey-common/2.33/jersey-common-2.33.jar:/home/runner/.m2/repository/jakarta/ws/rs/jakarta.ws.rs-api/2.1.6/jakarta.ws.rs-api-2.1.6.jar:/home/runner/.m2/repository/org/glassfish/jersey/ext/cdi/jersey-cdi1x/2.33/jersey-cdi1x-2.33.jar:/home/runner/.m2/repository/org/glassfish/jersey/inject/jersey-hk2/2.33/jersey-hk2-2.33.jar:/home/runner/.m2/repository/org/glassfish/hk2/hk2-locator/2.6.1/hk2-locator-2.6.1.jar:/home/runner/.m2/repository/org/glassfish/jersey/media/jersey-media-jaxb/2.33/jersey-media-jaxb-2.33.jar:/home/runner/.m2/repository/org/glassfish/hk2/osgi-resource-locator/1.0.3/osgi-resource-locator-1.0.3.jar:/home/runner/.m2/repository/org/glassfish/hk2/hk2-api/2.5.0/hk2-api-2.5.0.jar:/home/runner/.m2/repository/org/glassfish/hk2/hk2-utils/2.5.0/hk2-utils-2.5.0.jar:/home/runner/.m2/repository/org/glassfish/hk2/external/aopalliance-repackaged/2.5.0/aopalliance-repackaged-2.5.0.jar:/home/runner/.m2/repository/com/fasterxml/jackson/dataformat/jackson-dataformat-xml/2.12.1/jackson-dataformat-xml-2.12.1.jar:/home/runner/.m2/repository/com/fasterxml/jackson/core/jackson-core/2.12.1/jackson-core-2.12.1.jar:/home/runner/.m2/repository/com/fasterxml/jackson/module/jackson-module-jaxb-annotations/2.12.1/jackson-module-jaxb-annotations-2.12.1.jar:/home/runner/.m2/repository/jakarta/xml/bind/jakarta.xml.bind-api/2.3.2/jakarta.xml.bind-api-2.3.2.jar:/home/runner/.m2/repository/org/codehaus/woodstox/stax2-api/3.1.4/stax2-api-3.1.4.jar:/home/runner/.m2/repository/com/fasterxml/woodstox/woodstox-core/5.0.3/woodstox-core-5.0.3.jar:/home/runner/.m2/repository/javax/enterprise/cdi-api/1.2/cdi-api-1.2.jar:/home/runner/.m2/repository/javax/el/javax.el-api/3.0.0/javax.el-api-3.0.0.jar:/home/runner/.m2/repository/javax/interceptor/javax.interceptor-api/1.2/javax.interceptor-api-1.2.jar:/home/runner/.m2/repository/javax/inject/javax.inject/1/javax.inject-1.jar:/home/runner/.m2/repository/javax/xml/bind/jaxb-api/2.3.0/jaxb-api-2.3.0.jar:/home/runner/.m2/repository/org/glassfish/jaxb/jaxb-runtime/2.3.0.1/jaxb-runtime-2.3.0.1.jar:/home/runner/.m2/repository/org/glassfish/jaxb/jaxb-core/2.3.0.1/jaxb-core-2.3.0.1.jar:/home/runner/.m2/repository/org/glassfish/jaxb/txw2/2.3.0.1/txw2-2.3.0.1.jar:/home/runner/.m2/repository/com/sun/istack/istack-commons-runtime/3.0.5/istack-commons-runtime-3.0.5.jar:/home/runner/.m2/repository/org/jvnet/staxex/stax-ex/1.7.8/stax-ex-1.7.8.jar:/home/runner/.m2/repository/com/sun/xml/fastinfoset/FastInfoset/1.2.13/FastInfoset-1.2.13.jar:/home/runner/.m2/repository/javax/activation/activation/1.1.1/activation-1.1.1.jar:/home/runner/.m2/repository/org/apache/ozone/ozone-csi/1.2.0-SNAPSHOT/ozone-csi-1.2.0-SNAPSHOT.jar:/home/runner/.m2/repository/com/google/protobuf/protobuf-java-util/3.12.0/protobuf-java-util-3.12.0.jar:/home/runner/.m2/repository/com/google/code/gson/gson/2.2.4/gson-2.2.4.jar:/home/runner/.m2/repository/org/apache/ozone/hdds-config/1.2.0-SNAPSHOT/hdds-config-1.2.0-SNAPSHOT.jar:/home/runner/.m2/repository/io/grpc/grpc-netty/1.33.0/grpc-netty-1.33.0.jar:/home/runner/.m2/repository/io/grpc/grpc-core/1.33.0/grpc-core-1.33.0.jar:/home/runner/.m2/repository/com/google/android/annotations/4.1.1.4/annotations-4.1.1.4.jar:/home/runner/.m2/repository/io/netty/netty-codec-http2/4.1.63.Final/netty-codec-http2-4.1.63.Final.jar:/home/runner/.m2/repository/io/netty/netty-codec-http/4.1.63.Final/netty-codec-http-4.1.63.Final.jar:/home/runner/.m2/repository/io/netty/netty-handler-proxy/4.1.63.Final/netty-handler-proxy-4.1.63.Final.jar:/home/runner/.m2/repository/io/netty/netty-codec-socks/4.1.63.Final/netty-codec-socks-4.1.63.Final.jar:/home/runner/.m2/repository/io/perfmark/perfmark-api/0.19.0/perfmark-api-0.19.0.jar:/home/runner/.m2/repository/org/codehaus/mojo/animal-sniffer-annotations/1.18/animal-sniffer-annotations-1.18.jar:/home/runner/.m2/repository/io/netty/netty-transport-native-epoll/4.1.63.Final/netty-transport-native-epoll-4.1.63.Final.jar:/home/runner/.m2/repository/io/netty/netty-common/4.1.63.Final/netty-common-4.1.63.Final.jar:/home/runner/.m2/repository/io/netty/netty-buffer/4.1.63.Final/netty-buffer-4.1.63.Final.jar:/home/runner/.m2/repository/io/netty/netty-transport-native-unix-common/4.1.63.Final/netty-transport-native-unix-common-4.1.63.Final.jar:/home/runner/.m2/repository/io/grpc/grpc-protobuf/1.33.0/grpc-protobuf-1.33.0.jar:/home/runner/.m2/repository/io/grpc/grpc-api/1.33.0/grpc-api-1.33.0.jar:/home/runner/.m2/repository/io/grpc/grpc-context/1.33.0/grpc-context-1.33.0.jar:/home/runner/.m2/repository/com/google/api/grpc/proto-google-common-protos/1.17.0/proto-google-common-protos-1.17.0.jar:/home/runner/.m2/repository/io/grpc/grpc-protobuf-lite/1.33.0/grpc-protobuf-lite-1.33.0.jar:/home/runner/.m2/repository/io/grpc/grpc-stub/1.33.0/grpc-stub-1.33.0.jar:/home/runner/.m2/repository/org/apache/ozone/ozone-recon/1.2.0-SNAPSHOT/ozone-recon-1.2.0-SNAPSHOT.jar:/home/runner/.m2/repository/org/apache/ozone/ozone-reconcodegen/1.2.0-SNAPSHOT/ozone-reconcodegen-1.2.0-SNAPSHOT.jar:/home/runner/.m2/repository/com/google/inject/extensions/guice-multibindings/4.0/guice-multibindings-4.0.jar:/home/runner/.m2/repository/com/google/inject/guice/4.0/guice-4.0.jar:/home/runner/.m2/repository/aopalliance/aopalliance/1.0/aopalliance-1.0.jar:/home/runner/.m2/repository/com/google/inject/extensions/guice-assistedinject/4.0/guice-assistedinject-4.0.jar:/home/runner/.m2/repository/com/google/inject/extensions/guice-servlet/4.0/guice-servlet-4.0.jar:/home/runner/.m2/repository/org/glassfish/jersey/containers/jersey-container-servlet/2.33/jersey-container-servlet-2.33.jar:/home/runner/.m2/repository/org/glassfish/hk2/guice-bridge/2.5.0/guice-bridge-2.5.0.jar:/home/runner/.m2/repository/org/glassfish/jersey/core/jersey-server/2.33/jersey-server-2.33.jar:/home/runner/.m2/repository/org/glassfish/jersey/core/jersey-client/2.33/jersey-client-2.33.jar:/home/runner/.m2/repository/jakarta/annotation/jakarta.annotation-api/1.3.5/jakarta.annotation-api-1.3.5.jar:/home/runner/.m2/repository/jakarta/validation/jakarta.validation-api/2.0.2/jakarta.validation-api-2.0.2.jar:/home/runner/.m2/repository/org/glassfish/jersey/media/jersey-media-json-jackson/2.33/jersey-media-json-jackson-2.33.jar:/home/runner/.m2/repository/org/glassfish/jersey/ext/jersey-entity-filtering/2.33/jersey-entity-filtering-2.33.jar:/home/runner/.m2/repository/org/jooq/jooq/3.11.10/jooq-3.11.10.jar:/home/runner/.m2/repository/org/jooq/jooq-meta/3.11.10/jooq-meta-3.11.10.jar:/home/runner/.m2/repository/org/jooq/jooq-codegen/3.11.10/jooq-codegen-3.11.10.jar:/home/runner/.m2/repository/com/jolbox/bonecp/0.8.0.RELEASE/bonecp-0.8.0.RELEASE.jar:/home/runner/.m2/repository/org/apache/derby/derby/10.14.2.0/derby-10.14.2.0.jar:/home/runner/.m2/repository/org/xerial/sqlite-jdbc/3.25.2/sqlite-jdbc-3.25.2.jar:/home/runner/.m2/repository/org/springframework/spring-jdbc/5.2.11.RELEASE/spring-jdbc-5.2.11.RELEASE.jar:/home/runner/.m2/repository/org/springframework/spring-beans/5.2.11.RELEASE/spring-beans-5.2.11.RELEASE.jar:/home/runner/.m2/repository/org/springframework/spring-core/5.2.11.RELEASE/spring-core-5.2.11.RELEASE.jar:/home/runner/.m2/repository/org/springframework/spring-jcl/5.2.11.RELEASE/spring-jcl-5.2.11.RELEASE.jar:/home/runner/.m2/repository/org/springframework/spring-tx/5.2.11.RELEASE/spring-tx-5.2.11.RELEASE.jar:/home/runner/.m2/repository/org/apache/ozone/ozone-client/1.2.0-SNAPSHOT/ozone-client-1.2.0-SNAPSHOT.jar:/home/runner/.m2/repository/org/apache/ozone/ozone-filesystem/1.2.0-SNAPSHOT/ozone-filesystem-1.2.0-SNAPSHOT.jar:/home/runner/.m2/repository/org/apache/ozone/ozone-filesystem-common/1.2.0-SNAPSHOT/ozone-filesystem-common-1.2.0-SNAPSHOT.jar:/home/runner/.m2/repository/org/apache/ozone/ozone-tools/1.2.0-SNAPSHOT/ozone-tools-1.2.0-SNAPSHOT.jar:/home/runner/.m2/repository/org/apache/ratis/ratis-tools/2.1.0-03f3b68-SNAPSHOT/ratis-tools-2.1.0-03f3b68-SNAPSHOT.jar:/home/runner/.m2/repository/com/amazonaws/aws-java-sdk-core/1.11.901/aws-java-sdk-core-1.11.901.jar:/home/runner/.m2/repository/org/apache/httpcomponents/httpclient/4.5.13/httpclient-4.5.13.jar:/home/runner/.m2/repository/org/apache/httpcomponents/httpcore/4.4.13/httpcore-4.4.13.jar:/home/runner/.m2/repository/software/amazon/ion/ion-java/1.0.2/ion-java-1.0.2.jar:/home/runner/.m2/repository/com/fasterxml/jackson/dataformat/jackson-dataformat-cbor/2.12.1/jackson-dataformat-cbor-2.12.1.jar:/home/runner/.m2/repository/joda-time/joda-time/2.8.1/joda-time-2.8.1.jar:/home/runner/.m2/repository/com/amazonaws/aws-java-sdk-s3/1.11.901/aws-java-sdk-s3-1.11.901.jar:/home/runner/.m2/repository/com/amazonaws/aws-java-sdk-kms/1.11.901/aws-java-sdk-kms-1.11.901.jar:/home/runner/.m2/repository/com/amazonaws/jmespath-java/1.11.901/jmespath-java-1.11.901.jar:/home/runner/.m2/repository/org/kohsuke/metainf-services/metainf-services/1.8/metainf-services-1.8.jar:/home/runner/.m2/repository/org/apache/ozone/hdds-tools/1.2.0-SNAPSHOT/hdds-tools-1.2.0-SNAPSHOT.jar:/home/runner/.m2/repository/commons-cli/commons-cli/1.2/commons-cli-1.2.jar:/home/runner/.m2/repository/org/apache/commons/commons-lang3/3.7/commons-lang3-3.7.jar:/home/runner/.m2/repository/org/apache/ozone/ozone-manager/1.2.0-SNAPSHOT/ozone-manager-1.2.0-SNAPSHOT-tests.jar:/home/runner/.m2/repository/org/apache/ozone/hdds-common/1.2.0-SNAPSHOT/hdds-common-1.2.0-SNAPSHOT-tests.jar:/home/runner/.m2/repository/org/apache/ozone/hdds-hadoop-dependency-client/1.2.0-SNAPSHOT/hdds-hadoop-dependency-client-1.2.0-SNAPSHOT.jar:/home/runner/.m2/repository/info/picocli/picocli/4.6.1/picocli-4.6.1.jar:/home/runner/.m2/repository/com/fasterxml/jackson/core/jackson-annotations/2.12.1/jackson-annotations-2.12.1.jar:/home/runner/.m2/repository/javax/annotation/javax.annotation-api/1.2/javax.annotation-api-1.2.jar:/home/runner/.m2/repository/org/apache/ratis/ratis-server/2.1.0-03f3b68-SNAPSHOT/ratis-server-2.1.0-03f3b68-SNAPSHOT.jar:/home/runner/.m2/repository/org/apache/ratis/ratis-client/2.1.0-03f3b68-SNAPSHOT/ratis-client-2.1.0-03f3b68-SNAPSHOT.jar:/home/runner/.m2/repository/org/apache/ratis/ratis-server-api/2.1.0-03f3b68-SNAPSHOT/ratis-server-api-2.1.0-03f3b68-SNAPSHOT.jar:/home/runner/.m2/repository/org/apache/ratis/ratis-metrics/2.1.0-03f3b68-SNAPSHOT/ratis-metrics-2.1.0-03f3b68-SNAPSHOT.jar:/home/runner/.m2/repository/org/apache/ratis/ratis-netty/2.1.0-03f3b68-SNAPSHOT/ratis-netty-2.1.0-03f3b68-SNAPSHOT.jar:/home/runner/.m2/repository/org/apache/ratis/ratis-grpc/2.1.0-03f3b68-SNAPSHOT/ratis-grpc-2.1.0-03f3b68-SNAPSHOT.jar:/home/runner/.m2/repository/org/apache/logging/log4j/log4j-api/2.13.3/log4j-api-2.13.3.jar:/home/runner/.m2/repository/org/apache/logging/log4j/log4j-core/2.13.3/log4j-core-2.13.3.jar:/home/runner/.m2/repository/com/lmax/disruptor/3.4.2/disruptor-3.4.2.jar:/home/runner/.m2/repository/org/apache/commons/commons-pool2/2.6.0/commons-pool2-2.6.0.jar:/home/runner/.m2/repository/org/bouncycastle/bcpkix-jdk15on/1.67/bcpkix-jdk15on-1.67.jar:/home/runner/.m2/repository/commons-validator/commons-validator/1.6/commons-validator-1.6.jar:/home/runner/.m2/repository/commons-beanutils/commons-beanutils/1.9.4/commons-beanutils-1.9.4.jar:/home/runner/.m2/repository/commons-digester/commons-digester/1.8.1/commons-digester-1.8.1.jar:/home/runner/.m2/repository/commons-collections/commons-collections/3.2.2/commons-collections-3.2.2.jar:/home/runner/.m2/repository/io/jaegertracing/jaeger-client/1.6.0/jaeger-client-1.6.0.jar:/home/runner/.m2/repository/io/jaegertracing/jaeger-thrift/1.6.0/jaeger-thrift-1.6.0.jar:/home/runner/.m2/repository/org/apache/thrift/libthrift/0.14.1/libthrift-0.14.1.jar:/home/runner/.m2/repository/com/squareup/okhttp3/okhttp/4.9.0/okhttp-4.9.0.jar:/home/runner/.m2/repository/com/squareup/okio/okio/2.8.0/okio-2.8.0.jar:/home/runner/.m2/repository/io/jaegertracing/jaeger-core/1.6.0/jaeger-core-1.6.0.jar:/home/runner/.m2/repository/io/jaegertracing/jaeger-tracerresolver/1.6.0/jaeger-tracerresolver-1.6.0.jar:/home/runner/.m2/repository/io/opentracing/contrib/opentracing-tracerresolver/0.1.8/opentracing-tracerresolver-0.1.8.jar:/home/runner/.m2/repository/org/jetbrains/kotlin/kotlin-stdlib/1.4.31/kotlin-stdlib-1.4.31.jar:/home/runner/.m2/repository/org/jetbrains/kotlin/kotlin-stdlib-common/1.4.31/kotlin-stdlib-common-1.4.31.jar:/home/runner/.m2/repository/org/jetbrains/annotations/13.0/annotations-13.0.jar:/home/runner/.m2/repository/io/opentracing/opentracing-util/0.33.0/opentracing-util-0.33.0.jar:/home/runner/.m2/repository/io/opentracing/opentracing-api/0.33.0/opentracing-api-0.33.0.jar:/home/runner/.m2/repository/io/opentracing/opentracing-noop/0.33.0/opentracing-noop-0.33.0.jar:/home/runner/.m2/repository/org/yaml/snakeyaml/1.26/snakeyaml-1.26.jar:/home/runner/.m2/repository/org/apache/ozone/hdds-interface-admin/1.2.0-SNAPSHOT/hdds-interface-admin-1.2.0-SNAPSHOT.jar:/home/runner/.m2/repository/junit/junit/4.13.1/junit-4.13.1.jar:/home/runner/.m2/repository/org/hamcrest/hamcrest-core/1.3/hamcrest-core-1.3.jar:/home/runner/.m2/repository/org/junit/jupiter/junit-jupiter-api/5.7.0/junit-jupiter-api-5.7.0.jar:/home/runner/.m2/repository/org/apiguardian/apiguardian-api/1.1.0/apiguardian-api-1.1.0.jar:/home/runner/.m2/repository/org/opentest4j/opentest4j/1.2.0/opentest4j-1.2.0.jar:/home/runner/.m2/repository/org/junit/platform/junit-platform-commons/1.7.0/junit-platform-commons-1.7.0.jar:/home/runner/.m2/repository/org/junit/jupiter/junit-jupiter-engine/5.7.0/junit-jupiter-engine-5.7.0.jar:/home/runner/.m2/repository/org/junit/platform/junit-platform-engine/1.7.0/junit-platform-engine-1.7.0.jar:/home/runner/.m2/repository/org/junit/vintage/junit-vintage-engine/5.7.0/junit-vintage-engine-5.7.0.jar:/home/runner/.m2/repository/org/junit/platform/junit-platform-launcher/1.7.0/junit-platform-launcher-1.7.0.jar:/home/runner/.m2/repository/org/openjdk/jmh/jmh-core/1.19/jmh-core-1.19.jar:/home/runner/.m2/repository/net/sf/jopt-simple/jopt-simple/4.6/jopt-simple-4.6.jar:/home/runner/.m2/repository/org/apache/commons/commons-math3/3.1.1/commons-math3-3.1.1.jar:/home/runner/.m2/repository/org/openjdk/jmh/jmh-generator-annprocess/1.19/jmh-generator-annprocess-1.19.jar:/home/runner/.m2/repository/org/mockito/mockito-core/2.28.2/mockito-core-2.28.2.jar:/home/runner/.m2/repository/net/bytebuddy/byte-buddy/1.9.10/byte-buddy-1.9.10.jar:/home/runner/.m2/repository/net/bytebuddy/byte-buddy-agent/1.9.10/byte-buddy-agent-1.9.10.jar:/home/runner/.m2/repository/org/objenesis/objenesis/1.0/objenesis-1.0.jar:/home/runner/.m2/repository/org/apache/hadoop/hadoop-kms/3.3.1/hadoop-kms-3.3.1.jar:/home/runner/.m2/repository/org/apache/hadoop/hadoop-auth/3.3.1/hadoop-auth-3.3.1.jar:/home/runner/.m2/repository/com/nimbusds/nimbus-jose-jwt/7.9/nimbus-jose-jwt-7.9.jar:/home/runner/.m2/repository/com/github/stephenc/jcip/jcip-annotations/1.0-1/jcip-annotations-1.0-1.jar:/home/runner/.m2/repository/net/minidev/json-smart/2.3/json-smart-2.3.jar:/home/runner/.m2/repository/net/minidev/accessors-smart/1.2/accessors-smart-1.2.jar:/home/runner/.m2/repository/org/ow2/asm/asm/5.0.4/asm-5.0.4.jar:/home/runner/.m2/repository/org/apache/zookeeper/zookeeper/3.5.6/zookeeper-3.5.6.jar:/home/runner/.m2/repository/org/apache/zookeeper/zookeeper-jute/3.5.6/zookeeper-jute-3.5.6.jar:/home/runner/.m2/repository/org/apache/yetus/audience-annotations/0.5.0/audience-annotations-0.5.0.jar:/home/runner/.m2/repository/org/apache/curator/curator-framework/4.2.0/curator-framework-4.2.0.jar:/home/runner/.m2/repository/org/apache/hadoop/thirdparty/hadoop-shaded-guava/1.1.1/hadoop-shaded-guava-1.1.1.jar:/home/runner/.m2/repository/com/sun/jersey/jersey-core/1.19/jersey-core-1.19.jar:/home/runner/.m2/repository/javax/ws/rs/jsr311-api/1.1.1/jsr311-api-1.1.1.jar:/home/runner/.m2/repository/com/sun/jersey/jersey-server/1.19/jersey-server-1.19.jar:/home/runner/.m2/repository/javax/servlet/javax.servlet-api/3.1.0/javax.servlet-api-3.1.0.jar:/home/runner/.m2/repository/org/eclipse/jetty/jetty-server/9.4.43.v20210629/jetty-server-9.4.43.v20210629.jar:/home/runner/.m2/repository/org/eclipse/jetty/jetty-http/9.4.43.v20210629/jetty-http-9.4.43.v20210629.jar:/home/runner/.m2/repository/org/eclipse/jetty/jetty-io/9.4.43.v20210629/jetty-io-9.4.43.v20210629.jar:/home/runner/.m2/repository/org/eclipse/jetty/jetty-webapp/9.4.43.v20210629/jetty-webapp-9.4.43.v20210629.jar:/home/runner/.m2/repository/org/eclipse/jetty/jetty-xml/9.4.43.v20210629/jetty-xml-9.4.43.v20210629.jar:/home/runner/.m2/repository/org/apache/hadoop/hadoop-common/3.3.1/hadoop-common-3.3.1.jar:/home/runner/.m2/repository/commons-net/commons-net/3.6/commons-net-3.6.jar:/home/runner/.m2/repository/jakarta/activation/jakarta.activation-api/1.2.1/jakarta.activation-api-1.2.1.jar:/home/runner/.m2/repository/com/sun/jersey/jersey-servlet/1.19/jersey-servlet-1.19.jar:/home/runner/.m2/repository/com/sun/jersey/jersey-json/1.19/jersey-json-1.19.jar:/home/runner/.m2/repository/org/codehaus/jettison/jettison/1.1/jettison-1.1.jar:/home/runner/.m2/repository/com/sun/xml/bind/jaxb-impl/2.2.3-1/jaxb-impl-2.2.3-1.jar:/home/runner/.m2/repository/org/codehaus/jackson/jackson-jaxrs/1.9.2/jackson-jaxrs-1.9.2.jar:/home/runner/.m2/repository/org/codehaus/jackson/jackson-xc/1.9.2/jackson-xc-1.9.2.jar:/home/runner/.m2/repository/org/apache/commons/commons-configuration2/2.1.1/commons-configuration2-2.1.1.jar:/home/runner/.m2/repository/org/apache/commons/commons-text/1.4/commons-text-1.4.jar:/home/runner/.m2/repository/com/google/re2j/re2j/1.1/re2j-1.1.jar:/home/runner/.m2/repository/com/jcraft/jsch/0.1.54/jsch-0.1.54.jar:/home/runner/.m2/repository/org/apache/curator/curator-client/4.2.0/curator-client-4.2.0.jar:/home/runner/.m2/repository/org/apache/curator/curator-recipes/4.2.0/curator-recipes-4.2.0.jar:/home/runner/.m2/repository/org/apache/kerby/kerb-core/1.0.1/kerb-core-1.0.1.jar:/home/runner/.m2/repository/org/apache/kerby/kerby-pkix/1.0.1/kerby-pkix-1.0.1.jar:/home/runner/.m2/repository/org/apache/kerby/kerby-asn1/1.0.1/kerby-asn1-1.0.1.jar:/home/runner/.m2/repository/org/apache/kerby/kerby-util/1.0.1/kerby-util-1.0.1.jar:/home/runner/.m2/repository/dnsjava/dnsjava/2.1.7/dnsjava-2.1.7.jar:/home/runner/.m2/repository/org/xerial/snappy/snappy-java/1.1.8.2/snappy-java-1.1.8.2.jar:/home/runner/.m2/repository/org/slf4j/jul-to-slf4j/1.7.30/jul-to-slf4j-1.7.30.jar:/home/runner/.m2/repository/org/eclipse/jetty/jetty-util/9.4.43.v20210629/jetty-util-9.4.43.v20210629.jar:/home/runner/.m2/repository/com/fasterxml/jackson/core/jackson-databind/2.12.1/jackson-databind-2.12.1.jar:/home/runner/.m2/repository/org/apache/hadoop/hadoop-kms/3.3.1/hadoop-kms-3.3.1-tests.jar:/home/runner/.m2/repository/org/apache/ozone/hdds-server-scm/1.2.0-SNAPSHOT/hdds-server-scm-1.2.0-SNAPSHOT-tests.jar:/home/runner/.m2/repository/org/apache/ozone/hdds-container-service/1.2.0-SNAPSHOT/hdds-container-service-1.2.0-SNAPSHOT-tests.jar:/home/runner/.m2/repository/commons-codec/commons-codec/1.11/commons-codec-1.11.jar:/home/runner/.m2/repository/io/netty/netty-transport/4.1.63.Final/netty-transport-4.1.63.Final.jar:/home/runner/.m2/repository/io/netty/netty-resolver/4.1.63.Final/netty-resolver-4.1.63.Final.jar:/home/runner/.m2/repository/io/netty/netty-codec/4.1.63.Final/netty-codec-4.1.63.Final.jar:/home/runner/.m2/repository/io/netty/netty-handler/4.1.63.Final/netty-handler-4.1.63.Final.jar:/home/runner/.m2/repository/org/apache/ozone/hdds-hadoop-dependency-test/1.2.0-SNAPSHOT/hdds-hadoop-dependency-test-1.2.0-SNAPSHOT.jar:/home/runner/.m2/repository/org/apache/hadoop/hadoop-common/3.3.1/hadoop-common-3.3.1-tests.jar:/home/runner/.m2/repository/org/assertj/assertj-core/3.12.2/assertj-core-3.12.2.jar:/home/runner/.m2/repository/org/apache/hadoop/hadoop-hdfs/3.3.1/hadoop-hdfs-3.3.1-tests.jar:/home/runner/.m2/repository/org/eclipse/jetty/jetty-util-ajax/9.4.43.v20210629/jetty-util-ajax-9.4.43.v20210629.jar:/home/runner/.m2/repository/commons-daemon/commons-daemon/1.0.13/commons-daemon-1.0.13.jar:/home/runner/.m2/repository/io/netty/netty/3.10.6.Final/netty-3.10.6.Final.jar:/home/runner/.m2/repository/io/netty/netty-all/4.1.63.Final/netty-all-4.1.63.Final.jar:/home/runner/.m2/repository/org/apache/htrace/htrace-core4/4.1.0-incubating/htrace-core4-4.1.0-incubating.jar:/home/runner/.m2/repository/org/fusesource/leveldbjni/leveldbjni-all/1.8/leveldbjni-all-1.8.jar:/home/runner/.m2/repository/org/apache/hadoop/hadoop-distcp/3.3.1/hadoop-distcp-3.3.1.jar:/home/runner/.m2/repository/org/apache/hadoop/hadoop-mapreduce-client-jobclient/3.3.1/hadoop-mapreduce-client-jobclient-3.3.1.jar:/home/runner/.m2/repository/org/apache/hadoop/hadoop-mapreduce-client-common/3.3.1/hadoop-mapreduce-client-common-3.3.1.jar:/home/runner/.m2/repository/org/apache/hadoop/hadoop-yarn-common/3.3.1/hadoop-yarn-common-3.3.1.jar:/home/runner/.m2/repository/org/apache/hadoop/hadoop-yarn-api/3.3.1/hadoop-yarn-api-3.3.1.jar:/home/runner/.m2/repository/com/sun/jersey/jersey-client/1.19/jersey-client-1.19.jar:/home/runner/.m2/repository/com/sun/jersey/contribs/jersey-guice/1.19/jersey-guice-1.19.jar:/home/runner/.m2/repository/com/fasterxml/jackson/jaxrs/jackson-jaxrs-json-provider/2.12.1/jackson-jaxrs-json-provider-2.12.1.jar:/home/runner/.m2/repository/com/fasterxml/jackson/jaxrs/jackson-jaxrs-base/2.12.1/jackson-jaxrs-base-2.12.1.jar:/home/runner/.m2/repository/org/apache/hadoop/hadoop-yarn-client/3.3.1/hadoop-yarn-client-3.3.1.jar:/home/runner/.m2/repository/org/eclipse/jetty/websocket/websocket-client/9.4.40.v20210413/websocket-client-9.4.40.v20210413.jar:/home/runner/.m2/repository/org/eclipse/jetty/jetty-client/9.4.40.v20210413/jetty-client-9.4.40.v20210413.jar:/home/runner/.m2/repository/org/eclipse/jetty/websocket/websocket-common/9.4.40.v20210413/websocket-common-9.4.40.v20210413.jar:/home/runner/.m2/repository/org/eclipse/jetty/websocket/websocket-api/9.4.40.v20210413/websocket-api-9.4.40.v20210413.jar:/home/runner/.m2/repository/org/jline/jline/3.9.0/jline-3.9.0.jar:/home/runner/.m2/repository/org/apache/hadoop/hadoop-mapreduce-client-core/3.3.1/hadoop-mapreduce-client-core-3.3.1.jar:/home/runner/.m2/repository/org/apache/avro/avro/1.7.7/avro-1.7.7.jar:/home/runner/.m2/repository/org/codehaus/jackson/jackson-core-asl/1.9.13/jackson-core-asl-1.9.13.jar:/home/runner/.m2/repository/org/codehaus/jackson/jackson-mapper-asl/1.9.13/jackson-mapper-asl-1.9.13.jar:/home/runner/.m2/repository/com/thoughtworks/paranamer/paranamer/2.3/paranamer-2.3.jar:/home/runner/.m2/repository/org/apache/hadoop/hadoop-annotations/3.3.1/hadoop-annotations-3.3.1.jar:/usr/lib/jvm/adoptopenjdk-8-hotspot-amd64/jre/../lib/tools.jar:/home/runner/.m2/repository/org/apache/hadoop/hadoop-distcp/3.3.1/hadoop-distcp-3.3.1-tests.jar:/home/runner/.m2/repository/org/apache/ratis/ratis-common/2.1.0-03f3b68-SNAPSHOT/ratis-common-2.1.0-03f3b68-SNAPSHOT.jar:/home/runner/.m2/repository/org/apache/ratis/ratis-thirdparty-misc/0.7.0/ratis-thirdparty-misc-0.7.0.jar:/home/runner/.m2/repository/org/apache/ratis/ratis-proto/2.1.0-03f3b68-SNAPSHOT/ratis-proto-2.1.0-03f3b68-SNAPSHOT.jar:"/>
    <property name="sun.cpu.endian" value="little"/>
    <property name="user.home" value="/home/runner"/>
    <property name="user.language" value="en"/>
    <property name="java.specification.vendor" value="Oracle Corporation"/>
    <property name="java.home" value="/usr/lib/jvm/adoptopenjdk-8-hotspot-amd64/jre"/>
    <property name="java.security.krb5.conf" value="/home/runner/work/ozone/ozone/hadoop-ozone/integration-test/target/test-classes/krb5.conf"/>
    <property name="basedir" value="/home/runner/work/ozone/ozone/hadoop-ozone/integration-test"/>
    <property name="file.separator" value="/"/>
    <property name="line.separator" value="&#10;"/>
    <property name="java.vm.specification.vendor" value="Oracle Corporation"/>
    <property name="java.specification.name" value="Java Platform API Specification"/>
    <property name="java.awt.graphicsenv" value="sun.awt.X11GraphicsEnvironment"/>
    <property name="skip.installnpx" value="true"/>
    <property name="surefire.real.class.path" value="/home/runner/work/ozone/ozone/hadoop-ozone/integration-test/target/surefire/surefirebooter8669137256131102634.jar:/home/runner/.m2/repository/org/jacoco/org.jacoco.agent/0.8.5/org.jacoco.agent-0.8.5-runtime.jar"/>
    <property name="hadoop.log.dir" value="/home/runner/work/ozone/ozone/hadoop-ozone/integration-test/target/log"/>
    <property name="sun.boot.class.path" value="/usr/lib/jvm/adoptopenjdk-8-hotspot-amd64/jre/lib/resources.jar:/usr/lib/jvm/adoptopenjdk-8-hotspot-amd64/jre/lib/rt.jar:/usr/lib/jvm/adoptopenjdk-8-hotspot-amd64/jre/lib/sunrsasign.jar:/usr/lib/jvm/adoptopenjdk-8-hotspot-amd64/jre/lib/jsse.jar:/usr/lib/jvm/adoptopenjdk-8-hotspot-amd64/jre/lib/jce.jar:/usr/lib/jvm/adoptopenjdk-8-hotspot-amd64/jre/lib/charsets.jar:/usr/lib/jvm/adoptopenjdk-8-hotspot-amd64/jre/lib/jfr.jar:/usr/lib/jvm/adoptopenjdk-8-hotspot-amd64/jre/classes"/>
    <property name="sun.management.compiler" value="HotSpot 64-Bit Tiered Compilers"/>
    <property name="skip.npx" value="true"/>
    <property name="java.runtime.version" value="1.8.0_292-b10"/>
    <property name="java.net.preferIPv4Stack" value="true"/>
    <property name="user.name" value="runner"/>
    <property name="path.separator" value=":"/>
    <property name="java.security.egd" value="file:///dev/urandom"/>
    <property name="os.version" value="5.4.0-1055-azure"/>
    <property name="java.endorsed.dirs" value="/usr/lib/jvm/adoptopenjdk-8-hotspot-amd64/jre/lib/endorsed"/>
    <property name="java.runtime.name" value="OpenJDK Runtime Environment"/>
    <property name="file.encoding" value="UTF-8"/>
    <property name="java.vm.name" value="OpenJDK 64-Bit Server VM"/>
    <property name="test.build.webapps" value=""/>
    <property name="localRepository" value="/home/runner/.m2/repository"/>
    <property name="java.vendor.url.bug" value="https://github.com/AdoptOpenJDK/openjdk-support/issues"/>
    <property name="java.io.tmpdir" value="/tmp"/>
    <property name="require.test.libhadoop" value=""/>
    <property name="java.version" value="1.8.0_292"/>
    <property name="user.dir" value="/home/runner/work/ozone/ozone/hadoop-ozone/integration-test"/>
    <property name="os.arch" value="amd64"/>
    <property name="java.vm.specification.name" value="Java Virtual Machine Specification"/>
    <property name="test.build.classes" value="/home/runner/work/ozone/ozone/hadoop-ozone/integration-test/target/test-classes"/>
    <property name="java.awt.printerjob" value="sun.print.PSPrinterJob"/>
    <property name="sun.os.patch.level" value="unknown"/>
    <property name="hadoop.tmp.dir" value="/home/runner/work/ozone/ozone/hadoop-ozone/integration-test/target/tmp"/>
    <property name="java.library.path" value="/usr/java/packages/lib/amd64:/usr/lib64:/lib64:/lib:/usr/lib"/>
    <property name="java.vm.info" value="mixed mode"/>
    <property name="java.vendor" value="AdoptOpenJDK"/>
    <property name="java.vm.version" value="25.292-b10"/>
    <property name="java.ext.dirs" value="/usr/lib/jvm/adoptopenjdk-8-hotspot-amd64/jre/lib/ext:/usr/java/packages/lib/ext"/>
    <property name="sun.io.unicode.encoding" value="UnicodeLittle"/>
    <property name="java.class.version" value="52.0"/>
  </properties>
  <testcase name="testInstallSnapshot" classname="org.apache.hadoop.ozone.scm.TestSCMInstallSnapshotWithHA" time="63.909"/>
  <testcase name="testInstallOldCheckpointFailure" classname="org.apache.hadoop.ozone.scm.TestSCMInstallSnapshotWithHA" time="55.692">
    <failure message="expected:&lt;(t:2, i:128)&gt; but was:&lt;(t:2, i:28)&gt;" type="java.lang.AssertionError"><![CDATA[java.lang.AssertionError: expected:<(t:2, i:128)> but was:<(t:2, i:28)>
	at org.junit.Assert.fail(Assert.java:89)
	at org.junit.Assert.failNotEquals(Assert.java:835)
	at org.junit.Assert.assertEquals(Assert.java:120)
	at org.junit.Assert.assertEquals(Assert.java:146)
	at org.apache.hadoop.ozone.scm.TestSCMInstallSnapshotWithHA.testInstallOldCheckpointFailure(TestSCMInstallSnapshotWithHA.java:207)
	at sun.reflect.NativeMethodAccessorImpl.invoke0(Native Method)
	at sun.reflect.NativeMethodAccessorImpl.invoke(NativeMethodAccessorImpl.java:62)
	at sun.reflect.DelegatingMethodAccessorImpl.invoke(DelegatingMethodAccessorImpl.java:43)
	at java.lang.reflect.Method.invoke(Method.java:498)
	at org.junit.platform.commons.util.ReflectionUtils.invokeMethod(ReflectionUtils.java:688)
	at org.junit.jupiter.engine.execution.MethodInvocation.proceed(MethodInvocation.java:60)
	at org.junit.jupiter.engine.execution.InvocationInterceptorChain$ValidatingInvocation.proceed(InvocationInterceptorChain.java:131)
	at org.junit.jupiter.engine.extension.TimeoutInvocation.proceed(TimeoutInvocation.java:46)
	at org.junit.jupiter.engine.extension.TimeoutExtension.intercept(TimeoutExtension.java:149)
	at org.junit.jupiter.engine.extension.TimeoutExtension.interceptTestableMethod(TimeoutExtension.java:140)
	at org.junit.jupiter.engine.extension.TimeoutExtension.interceptTestMethod(TimeoutExtension.java:84)
	at org.junit.jupiter.engine.execution.ExecutableInvoker$ReflectiveInterceptorCall.lambda$ofVoidMethod$0(ExecutableInvoker.java:115)
	at org.junit.jupiter.engine.execution.ExecutableInvoker.lambda$invoke$0(ExecutableInvoker.java:105)
	at org.junit.jupiter.engine.execution.InvocationInterceptorChain$InterceptedInvocation.proceed(InvocationInterceptorChain.java:106)
	at org.junit.jupiter.engine.execution.InvocationInterceptorChain.proceed(InvocationInterceptorChain.java:64)
	at org.junit.jupiter.engine.execution.InvocationInterceptorChain.chainAndInvoke(InvocationInterceptorChain.java:45)
	at org.junit.jupiter.engine.execution.InvocationInterceptorChain.invoke(InvocationInterceptorChain.java:37)
	at org.junit.jupiter.engine.execution.ExecutableInvoker.invoke(ExecutableInvoker.java:104)
	at org.junit.jupiter.engine.execution.ExecutableInvoker.invoke(ExecutableInvoker.java:98)
	at org.junit.jupiter.engine.descriptor.TestMethodTestDescriptor.lambda$invokeTestMethod$6(TestMethodTestDescriptor.java:210)
	at org.junit.platform.engine.support.hierarchical.ThrowableCollector.execute(ThrowableCollector.java:73)
	at org.junit.jupiter.engine.descriptor.TestMethodTestDescriptor.invokeTestMethod(TestMethodTestDescriptor.java:206)
	at org.junit.jupiter.engine.descriptor.TestMethodTestDescriptor.execute(TestMethodTestDescriptor.java:131)
	at org.junit.jupiter.engine.descriptor.TestMethodTestDescriptor.execute(TestMethodTestDescriptor.java:65)
	at org.junit.platform.engine.support.hierarchical.NodeTestTask.lambda$executeRecursively$5(NodeTestTask.java:139)
	at org.junit.platform.engine.support.hierarchical.ThrowableCollector.execute(ThrowableCollector.java:73)
	at org.junit.platform.engine.support.hierarchical.NodeTestTask.lambda$executeRecursively$7(NodeTestTask.java:129)
	at org.junit.platform.engine.support.hierarchical.Node.around(Node.java:137)
	at org.junit.platform.engine.support.hierarchical.NodeTestTask.lambda$executeRecursively$8(NodeTestTask.java:127)
	at org.junit.platform.engine.support.hierarchical.ThrowableCollector.execute(ThrowableCollector.java:73)
	at org.junit.platform.engine.support.hierarchical.NodeTestTask.executeRecursively(NodeTestTask.java:126)
	at org.junit.platform.engine.support.hierarchical.NodeTestTask.execute(NodeTestTask.java:84)
	at java.util.ArrayList.forEach(ArrayList.java:1259)
	at org.junit.platform.engine.support.hierarchical.SameThreadHierarchicalTestExecutorService.invokeAll(SameThreadHierarchicalTestExecutorService.java:38)
	at org.junit.platform.engine.support.hierarchical.NodeTestTask.lambda$executeRecursively$5(NodeTestTask.java:143)
	at org.junit.platform.engine.support.hierarchical.ThrowableCollector.execute(ThrowableCollector.java:73)
	at org.junit.platform.engine.support.hierarchical.NodeTestTask.lambda$executeRecursively$7(NodeTestTask.java:129)
	at org.junit.platform.engine.support.hierarchical.Node.around(Node.java:137)
	at org.junit.platform.engine.support.hierarchical.NodeTestTask.lambda$executeRecursively$8(NodeTestTask.java:127)
	at org.junit.platform.engine.support.hierarchical.ThrowableCollector.execute(ThrowableCollector.java:73)
	at org.junit.platform.engine.support.hierarchical.NodeTestTask.executeRecursively(NodeTestTask.java:126)
	at org.junit.platform.engine.support.hierarchical.NodeTestTask.execute(NodeTestTask.java:84)
	at java.util.ArrayList.forEach(ArrayList.java:1259)
	at org.junit.platform.engine.support.hierarchical.SameThreadHierarchicalTestExecutorService.invokeAll(SameThreadHierarchicalTestExecutorService.java:38)
	at org.junit.platform.engine.support.hierarchical.NodeTestTask.lambda$executeRecursively$5(NodeTestTask.java:143)
	at org.junit.platform.engine.support.hierarchical.ThrowableCollector.execute(ThrowableCollector.java:73)
	at org.junit.platform.engine.support.hierarchical.NodeTestTask.lambda$executeRecursively$7(NodeTestTask.java:129)
	at org.junit.platform.engine.support.hierarchical.Node.around(Node.java:137)
	at org.junit.platform.engine.support.hierarchical.NodeTestTask.lambda$executeRecursively$8(NodeTestTask.java:127)
	at org.junit.platform.engine.support.hierarchical.ThrowableCollector.execute(ThrowableCollector.java:73)
	at org.junit.platform.engine.support.hierarchical.NodeTestTask.executeRecursively(NodeTestTask.java:126)
	at org.junit.platform.engine.support.hierarchical.NodeTestTask.execute(NodeTestTask.java:84)
	at org.junit.platform.engine.support.hierarchical.SameThreadHierarchicalTestExecutorService.submit(SameThreadHierarchicalTestExecutorService.java:32)
	at org.junit.platform.engine.support.hierarchical.HierarchicalTestExecutor.execute(HierarchicalTestExecutor.java:57)
	at org.junit.platform.engine.support.hierarchical.HierarchicalTestEngine.execute(HierarchicalTestEngine.java:51)
	at org.junit.platform.launcher.core.EngineExecutionOrchestrator.execute(EngineExecutionOrchestrator.java:108)
	at org.junit.platform.launcher.core.EngineExecutionOrchestrator.execute(EngineExecutionOrchestrator.java:88)
	at org.junit.platform.launcher.core.EngineExecutionOrchestrator.lambda$execute$0(EngineExecutionOrchestrator.java:54)
	at org.junit.platform.launcher.core.EngineExecutionOrchestrator.withInterceptedStreams(EngineExecutionOrchestrator.java:67)
	at org.junit.platform.launcher.core.EngineExecutionOrchestrator.execute(EngineExecutionOrchestrator.java:52)
	at org.junit.platform.launcher.core.DefaultLauncher.execute(DefaultLauncher.java:96)
	at org.junit.platform.launcher.core.DefaultLauncher.execute(DefaultLauncher.java:75)
	at org.apache.maven.surefire.junitplatform.JUnitPlatformProvider.invokeAllTests(JUnitPlatformProvider.java:142)
	at org.apache.maven.surefire.junitplatform.JUnitPlatformProvider.invoke(JUnitPlatformProvider.java:113)
	at org.apache.maven.surefire.booter.ForkedBooter.invokeProviderInSameClassLoader(ForkedBooter.java:384)
	at org.apache.maven.surefire.booter.ForkedBooter.runSuitesInProcess(ForkedBooter.java:345)
	at org.apache.maven.surefire.booter.ForkedBooter.execute(ForkedBooter.java:126)
	at org.apache.maven.surefire.booter.ForkedBooter.main(ForkedBooter.java:418)
]]></failure>
    <system-out><![CDATA[2021-08-27 19:20:36,775 [Listener at 127.0.0.1/11356] WARN  server.ServerUtils (ServerUtils.java:getScmDbDir(148)) - ozone.scm.db.dirs is not configured. We recommend adding this setting. Falling back to ozone.metadata.dirs instead.
2021-08-27 19:20:36,783 [Listener at 127.0.0.1/11356] INFO  ha.SCMHANodeDetails (SCMHANodeDetails.java:loadSCMHAConfig(157)) - ServiceID for StorageContainerManager is scm-service-test1
2021-08-27 19:20:36,784 [Listener at 127.0.0.1/11356] INFO  ha.SCMHANodeDetails (SCMHANodeDetails.java:loadSCMHAConfig(168)) - ServiceID for StorageContainerManager is scm-service-test1
2021-08-27 19:20:36,784 [Listener at 127.0.0.1/11356] WARN  scm.ScmUtils (ScmUtils.java:logWarn(179)) - ConfigKey ozone.scm.block.client.address is deprecated, For configuring different ports for each SCM use PortConfigKey ozone.scm.block.client.port appended with serviceId and nodeId. If want to configure same port configure ozone.scm.block.client.port
2021-08-27 19:20:36,784 [Listener at 127.0.0.1/11356] WARN  scm.ScmUtils (ScmUtils.java:logWarn(179)) - ConfigKey ozone.scm.client.address is deprecated, For configuring different ports for each SCM use PortConfigKey ozone.scm.client.port appended with serviceId and nodeId. If want to configure same port configure ozone.scm.client.port
2021-08-27 19:20:36,784 [Listener at 127.0.0.1/11356] WARN  scm.ScmUtils (ScmUtils.java:logWarn(179)) - ConfigKey ozone.scm.datanode.address is deprecated, For configuring different ports for each SCM use PortConfigKey ozone.scm.datanode.port appended with serviceId and nodeId. If want to configure same port configure ozone.scm.datanode.port
2021-08-27 19:20:36,784 [Listener at 127.0.0.1/11356] WARN  scm.ScmUtils (ScmUtils.java:logWarn(179)) - ConfigKey ozone.scm.block.client.address is deprecated, For configuring different ports for each SCM use PortConfigKey ozone.scm.block.client.port appended with serviceId and nodeId. If want to configure same port configure ozone.scm.block.client.port
2021-08-27 19:20:36,785 [Listener at 127.0.0.1/11356] WARN  scm.ScmUtils (ScmUtils.java:logWarn(179)) - ConfigKey ozone.scm.client.address is deprecated, For configuring different ports for each SCM use PortConfigKey ozone.scm.client.port appended with serviceId and nodeId. If want to configure same port configure ozone.scm.client.port
2021-08-27 19:20:36,785 [Listener at 127.0.0.1/11356] WARN  scm.ScmUtils (ScmUtils.java:logWarn(179)) - ConfigKey ozone.scm.datanode.address is deprecated, For configuring different ports for each SCM use PortConfigKey ozone.scm.datanode.port appended with serviceId and nodeId. If want to configure same port configure ozone.scm.datanode.port
2021-08-27 19:20:36,785 [Listener at 127.0.0.1/11356] INFO  ha.SCMHANodeDetails (SCMHANodeDetails.java:loadSCMHAConfig(250)) - Found matching SCM address with SCMServiceId: scm-service-test1, SCMNodeId: scmNode-1, RPC Address: localhost:13924 and Ratis port: 13924
2021-08-27 19:20:36,785 [Listener at 127.0.0.1/11356] INFO  ha.SCMHANodeDetails (ConfUtils.java:setNodeSpecificConfigs(108)) - Setting configuration key ozone.scm.datanode.address with value of key ozone.scm.datanode.address.scm-service-test1.scmNode-1: 127.0.0.1:13925
2021-08-27 19:20:36,785 [Listener at 127.0.0.1/11356] INFO  ha.SCMHANodeDetails (ConfUtils.java:setNodeSpecificConfigs(108)) - Setting configuration key ozone.scm.block.client.address with value of key ozone.scm.block.client.address.scm-service-test1.scmNode-1: 127.0.0.1:13926
2021-08-27 19:20:36,785 [Listener at 127.0.0.1/11356] INFO  ha.SCMHANodeDetails (ConfUtils.java:setNodeSpecificConfigs(108)) - Setting configuration key ozone.scm.client.address with value of key ozone.scm.client.address.scm-service-test1.scmNode-1: 127.0.0.1:13927
2021-08-27 19:20:36,785 [Listener at 127.0.0.1/11356] INFO  ha.SCMHANodeDetails (ConfUtils.java:setNodeSpecificConfigs(108)) - Setting configuration key ozone.scm.ratis.port with value of key ozone.scm.ratis.port.scm-service-test1.scmNode-1: 13924
2021-08-27 19:20:36,786 [Listener at 127.0.0.1/11356] INFO  ha.SCMHANodeDetails (ConfUtils.java:setNodeSpecificConfigs(108)) - Setting configuration key ozone.scm.grpc.port with value of key ozone.scm.grpc.port.scm-service-test1.scmNode-1: 13928
2021-08-27 19:20:36,786 [Listener at 127.0.0.1/11356] INFO  ha.SCMHANodeDetails (ConfUtils.java:setNodeSpecificConfigs(108)) - Setting configuration key ozone.scm.http-address with value of key ozone.scm.http-address.scm-service-test1.scmNode-1: 127.0.0.1:13922
2021-08-27 19:20:36,786 [Listener at 127.0.0.1/11356] INFO  ha.SCMHANodeDetails (ConfUtils.java:setNodeSpecificConfigs(108)) - Setting configuration key ozone.scm.https-address with value of key ozone.scm.https-address.scm-service-test1.scmNode-1: 127.0.0.1:13923
2021-08-27 19:20:36,786 [Listener at 127.0.0.1/11356] INFO  ha.SCMHANodeDetails (ConfUtils.java:setNodeSpecificConfigs(108)) - Setting configuration key ozone.scm.address with value of key ozone.scm.address.scm-service-test1.scmNode-1: 127.0.0.1
2021-08-27 19:20:36,786 [Listener at 127.0.0.1/11356] WARN  scm.ScmUtils (ScmUtils.java:logWarn(179)) - ConfigKey ozone.scm.block.client.address is deprecated, For configuring different ports for each SCM use PortConfigKey ozone.scm.block.client.port appended with serviceId and nodeId. If want to configure same port configure ozone.scm.block.client.port
2021-08-27 19:20:36,786 [Listener at 127.0.0.1/11356] WARN  scm.ScmUtils (ScmUtils.java:logWarn(179)) - ConfigKey ozone.scm.client.address is deprecated, For configuring different ports for each SCM use PortConfigKey ozone.scm.client.port appended with serviceId and nodeId. If want to configure same port configure ozone.scm.client.port
2021-08-27 19:20:36,786 [Listener at 127.0.0.1/11356] WARN  scm.ScmUtils (ScmUtils.java:logWarn(179)) - ConfigKey ozone.scm.datanode.address is deprecated, For configuring different ports for each SCM use PortConfigKey ozone.scm.datanode.port appended with serviceId and nodeId. If want to configure same port configure ozone.scm.datanode.port
2021-08-27 19:20:36,802 [Listener at 127.0.0.1/11356] INFO  server.RaftServer (ConfUtils.java:logGet(44)) - raft.rpc.type = GRPC (default)
2021-08-27 19:20:36,802 [Listener at 127.0.0.1/11356] INFO  grpc.GrpcFactory (GrpcFactory.java:checkPooledByteBufAllocatorUseCacheForAllThreads(48)) - PERFORMANCE WARNING: useCacheForAllThreads is true that may cause Netty to create a lot garbage objects and, as a result, trigger GC.
	It is recommended to disable useCacheForAllThreads by setting -Dorg.apache.ratis.thirdparty.io.netty.allocator.useCacheForAllThreads=false in command line.
2021-08-27 19:20:36,802 [Listener at 127.0.0.1/11356] INFO  grpc.GrpcConfigKeys (ConfUtils.java:logGet(44)) - raft.grpc.admin.port = -1 (default)
2021-08-27 19:20:36,803 [Listener at 127.0.0.1/11356] INFO  grpc.GrpcConfigKeys (ConfUtils.java:logGet(44)) - raft.grpc.server.port = 13924 (custom)
2021-08-27 19:20:36,803 [Listener at 127.0.0.1/11356] INFO  grpc.GrpcConfigKeys (ConfUtils.java:logGet(44)) - raft.grpc.client.port = -1 (default)
2021-08-27 19:20:36,803 [Listener at 127.0.0.1/11356] INFO  grpc.GrpcConfigKeys (ConfUtils.java:logGet(44)) - raft.grpc.server.port = 13924 (custom)
2021-08-27 19:20:36,803 [Listener at 127.0.0.1/11356] INFO  grpc.GrpcConfigKeys (ConfUtils.java:logGet(44)) - raft.grpc.server.port = 13924 (custom)
2021-08-27 19:20:36,803 [Listener at 127.0.0.1/11356] INFO  server.GrpcService (ConfUtils.java:logGet(44)) - raft.grpc.message.size.max = 32m (=33554432) (custom)
2021-08-27 19:20:36,803 [Listener at 127.0.0.1/11356] INFO  server.RaftServerConfigKeys (ConfUtils.java:logGet(44)) - raft.server.log.appender.buffer.byte-limit = 33554432 (custom)
2021-08-27 19:20:36,803 [Listener at 127.0.0.1/11356] INFO  server.GrpcService (ConfUtils.java:logGet(44)) - raft.grpc.flow.control.window = 1MB (=1048576) (default)
2021-08-27 19:20:36,804 [Listener at 127.0.0.1/11356] INFO  server.RaftServerConfigKeys (ConfUtils.java:logGet(44)) - raft.server.rpc.request.timeout = 30000ms (custom)
2021-08-27 19:20:36,805 [Listener at 127.0.0.1/11356] INFO  impl.DataStreamServerImpl (ConfUtils.java:logGet(44)) - raft.datastream.type = DISABLED (default)
2021-08-27 19:20:36,805 [Listener at 127.0.0.1/11356] INFO  server.RaftServerConfigKeys (ConfUtils.java:logGet(44)) - raft.server.rpc.slowness.timeout = 120000ms (custom)
2021-08-27 19:20:36,805 [Listener at 127.0.0.1/11356] INFO  server.RaftServerConfigKeys (ConfUtils.java:logGet(44)) - raft.server.leaderelection.leader.step-down.wait-time = 10s (default)
2021-08-27 19:20:36,805 [Listener at 127.0.0.1/11356] INFO  server.RaftServerConfigKeys (ConfUtils.java:logGet(44)) - raft.server.storage.dir = [/home/runner/work/ozone/ozone/hadoop-ozone/integration-test/target/test-dir/MiniOzoneClusterImpl-cc6da7a1-649b-4db9-82e6-e71d50c67865/scmNode-1/scm-ha] (custom)
2021-08-27 19:20:36,811 [Listener at 127.0.0.1/11356] INFO  server.RaftServer (RaftServerProxy.java:addNew(95)) - 7154479f-c658-4db8-83d8-3a22722b587d: addNew group-E71D50C67865:[7154479f-c658-4db8-83d8-3a22722b587d|rpc:localhost:13924|priority:0] returns group-E71D50C67865:java.util.concurrent.CompletableFuture@59919f37[Not completed]
2021-08-27 19:20:36,812 [pool-174-thread-1] INFO  server.RaftServer$Division (RaftServerImpl.java:<init>(181)) - 7154479f-c658-4db8-83d8-3a22722b587d: new RaftServerImpl for group-E71D50C67865:[7154479f-c658-4db8-83d8-3a22722b587d|rpc:localhost:13924|priority:0] with SCMStateMachine:uninitialized
2021-08-27 19:20:36,815 [pool-174-thread-1] INFO  server.RaftServerConfigKeys (ConfUtils.java:logGet(44)) - raft.server.rpc.timeout.min = 5000ms (custom)
2021-08-27 19:20:36,815 [pool-174-thread-1] INFO  server.RaftServerConfigKeys (ConfUtils.java:logGet(44)) - raft.server.rpc.timeout.max = 5200ms (custom)
2021-08-27 19:20:36,815 [pool-174-thread-1] INFO  server.RaftServerConfigKeys (ConfUtils.java:logGet(44)) - raft.server.rpc.sleep.time = 25ms (default)
2021-08-27 19:20:36,815 [pool-174-thread-1] INFO  server.RaftServerConfigKeys (ConfUtils.java:logGet(44)) - raft.server.rpc.slowness.timeout = 120000ms (custom)
2021-08-27 19:20:36,815 [pool-174-thread-1] INFO  server.RaftServerConfigKeys (ConfUtils.java:logGet(44)) - raft.server.leaderelection.leader.step-down.wait-time = 10s (default)
2021-08-27 19:20:36,815 [pool-174-thread-1] INFO  server.RaftServerConfigKeys (ConfUtils.java:logGet(44)) - raft.server.sleep.deviation.threshold = 300ms (default)
2021-08-27 19:20:36,815 [pool-174-thread-1] INFO  server.RaftServerConfigKeys (ConfUtils.java:logGet(44)) - raft.server.log.appender.install.snapshot.enabled = false (custom)
2021-08-27 19:20:36,816 [pool-174-thread-1] INFO  server.RaftServer$Division (ServerState.java:<init>(105)) - 7154479f-c658-4db8-83d8-3a22722b587d@group-E71D50C67865: ConfigurationManager, init=-1: [7154479f-c658-4db8-83d8-3a22722b587d|rpc:localhost:13924|priority:0], old=null, confs=<EMPTY_MAP>
2021-08-27 19:20:36,816 [pool-174-thread-1] INFO  server.RaftServerConfigKeys (ConfUtils.java:logGet(44)) - raft.server.storage.dir = [/home/runner/work/ozone/ozone/hadoop-ozone/integration-test/target/test-dir/MiniOzoneClusterImpl-cc6da7a1-649b-4db9-82e6-e71d50c67865/scmNode-1/scm-ha] (custom)
2021-08-27 19:20:36,816 [pool-174-thread-1] INFO  server.RaftServerConfigKeys (ConfUtils.java:logGet(44)) - raft.server.log.corruption.policy = EXCEPTION (default)
2021-08-27 19:20:36,816 [pool-174-thread-1] INFO  server.RaftServerConfigKeys (ConfUtils.java:logGet(44)) - raft.server.storage.free-space.min = 0MB (=0) (default)
2021-08-27 19:20:36,816 [pool-174-thread-1] INFO  storage.RaftStorageDirectory (RaftStorageDirectoryImpl.java:analyzeStorage(135)) - The storage directory /home/runner/work/ozone/ozone/hadoop-ozone/integration-test/target/test-dir/MiniOzoneClusterImpl-cc6da7a1-649b-4db9-82e6-e71d50c67865/scmNode-1/scm-ha/cc6da7a1-649b-4db9-82e6-e71d50c67865 does not exist. Creating ...
2021-08-27 19:20:36,817 [pool-174-thread-1] INFO  storage.RaftStorageDirectory (RaftStorageDirectoryImpl.java:tryLock(230)) - Lock on /home/runner/work/ozone/ozone/hadoop-ozone/integration-test/target/test-dir/MiniOzoneClusterImpl-cc6da7a1-649b-4db9-82e6-e71d50c67865/scmNode-1/scm-ha/cc6da7a1-649b-4db9-82e6-e71d50c67865/in_use.lock acquired by nodename 15536@fv-az59-836
2021-08-27 19:20:36,823 [pool-174-thread-1] INFO  storage.RaftStorage (RaftStorageImpl.java:format(89)) - Storage directory /home/runner/work/ozone/ozone/hadoop-ozone/integration-test/target/test-dir/MiniOzoneClusterImpl-cc6da7a1-649b-4db9-82e6-e71d50c67865/scmNode-1/scm-ha/cc6da7a1-649b-4db9-82e6-e71d50c67865 has been successfully formatted.
2021-08-27 19:20:36,824 [pool-174-thread-1] INFO  server.RaftServerConfigKeys (ConfUtils.java:logGet(44)) - raft.server.notification.no-leader.timeout = 60s (default)
2021-08-27 19:20:36,824 [pool-174-thread-1] INFO  server.RaftServerConfigKeys (ConfUtils.java:logGet(44)) - raft.server.log.use.memory = false (default)
2021-08-27 19:20:36,824 [pool-174-thread-1] INFO  server.RaftServerConfigKeys (ConfUtils.java:logGet(44)) - raft.server.log.purge.gap = 5 (custom)
2021-08-27 19:20:36,824 [pool-174-thread-1] INFO  server.RaftServerConfigKeys (ConfUtils.java:logGet(44)) - raft.server.log.appender.buffer.byte-limit = 33554432 (custom)
2021-08-27 19:20:36,824 [pool-174-thread-1] INFO  server.RaftServerConfigKeys (ConfUtils.java:logGet(44)) - raft.server.log.segment.size.max = 16384 (custom)
2021-08-27 19:20:36,824 [pool-174-thread-1] INFO  server.RaftServerConfigKeys (ConfUtils.java:logGet(44)) - raft.server.log.segment.cache.num.max = 2 (custom)
2021-08-27 19:20:36,824 [pool-174-thread-1] INFO  server.RaftServerConfigKeys (ConfUtils.java:logGet(44)) - raft.server.log.segment.cache.size.max = 200MB (=209715200) (default)
2021-08-27 19:20:36,825 [pool-174-thread-1] INFO  segmented.SegmentedRaftLogWorker (SegmentedRaftLogWorker.java:<init>(182)) - new 7154479f-c658-4db8-83d8-3a22722b587d@group-E71D50C67865-SegmentedRaftLogWorker for RaftStorageImpl:Storage Directory /home/runner/work/ozone/ozone/hadoop-ozone/integration-test/target/test-dir/MiniOzoneClusterImpl-cc6da7a1-649b-4db9-82e6-e71d50c67865/scmNode-1/scm-ha/cc6da7a1-649b-4db9-82e6-e71d50c67865
2021-08-27 19:20:36,825 [pool-174-thread-1] INFO  server.RaftServerConfigKeys (ConfUtils.java:logGet(44)) - raft.server.log.queue.byte-limit = 64MB (=67108864) (default)
2021-08-27 19:20:36,825 [pool-174-thread-1] INFO  server.RaftServerConfigKeys (ConfUtils.java:logGet(44)) - raft.server.log.queue.element-limit = 4096 (default)
2021-08-27 19:20:36,825 [pool-174-thread-1] INFO  server.RaftServerConfigKeys (ConfUtils.java:logGet(44)) - raft.server.log.segment.size.max = 16384 (custom)
2021-08-27 19:20:36,825 [pool-174-thread-1] INFO  server.RaftServerConfigKeys (ConfUtils.java:logGet(44)) - raft.server.log.preallocated.size = 16384 (custom)
2021-08-27 19:20:36,825 [pool-174-thread-1] INFO  server.RaftServerConfigKeys (ConfUtils.java:logGet(44)) - raft.server.log.force.sync.num = 128 (default)
2021-08-27 19:20:36,825 [pool-174-thread-1] INFO  server.RaftServerConfigKeys (ConfUtils.java:logGet(44)) - raft.server.log.statemachine.data.sync = true (default)
2021-08-27 19:20:36,825 [pool-174-thread-1] INFO  server.RaftServerConfigKeys (ConfUtils.java:logGet(44)) - raft.server.log.statemachine.data.sync.timeout = 10s (default)
2021-08-27 19:20:36,825 [pool-174-thread-1] INFO  server.RaftServerConfigKeys (ConfUtils.java:logGet(44)) - raft.server.log.statemachine.data.sync.timeout.retry = -1 (default)
2021-08-27 19:20:36,825 [pool-174-thread-1] INFO  server.RaftServerConfigKeys (ConfUtils.java:logGet(44)) - raft.server.log.write.buffer.size = 64KB (=65536) (default)
2021-08-27 19:20:36,825 [pool-174-thread-1] INFO  server.RaftServerConfigKeys (ConfUtils.java:logGet(44)) - raft.server.log.statemachine.data.caching.enabled = false (default)
2021-08-27 19:20:36,826 [pool-174-thread-1] INFO  segmented.SegmentedRaftLogWorker (SegmentedRaftLogWorker.java:lambda$new$0(133)) - 7154479f-c658-4db8-83d8-3a22722b587d@group-E71D50C67865-SegmentedRaftLogWorker: flushIndex: setUnconditionally 0 -> -1
2021-08-27 19:20:36,826 [pool-174-thread-1] INFO  segmented.SegmentedRaftLogWorker (SegmentedRaftLogWorker.java:lambda$new$0(133)) - 7154479f-c658-4db8-83d8-3a22722b587d@group-E71D50C67865-SegmentedRaftLogWorker: safeCacheEvictIndex: setUnconditionally 0 -> -1
2021-08-27 19:20:36,831 [pool-174-thread-1] INFO  server.RaftServerConfigKeys (ConfUtils.java:logGet(44)) - raft.server.snapshot.auto.trigger.enabled = true (custom)
2021-08-27 19:20:36,831 [pool-174-thread-1] INFO  server.RaftServerConfigKeys (ConfUtils.java:logGet(44)) - raft.server.snapshot.auto.trigger.threshold = 5 (custom)
2021-08-27 19:20:36,831 [pool-174-thread-1] INFO  server.RaftServerConfigKeys (ConfUtils.java:logGet(44)) - raft.server.snapshot.retention.file.num = -1 (default)
2021-08-27 19:20:36,831 [pool-174-thread-1] INFO  server.RaftServerConfigKeys (ConfUtils.java:logGet(44)) - raft.server.log.purge.upto.snapshot.index = true (custom)
2021-08-27 19:20:36,831 [pool-174-thread-1] INFO  server.RaftServerConfigKeys (ConfUtils.java:logGet(44)) - raft.server.retrycache.expirytime = 60000ms (default)
2021-08-27 19:20:36,831 [pool-174-thread-1] INFO  server.RaftServerConfigKeys (ConfUtils.java:logGet(44)) - raft.server.retrycache.statistics.expirytime = 100μs (default)
2021-08-27 19:20:36,832 [Listener at 127.0.0.1/11356] INFO  server.RaftServer$Division (RaftServerImpl.java:start(296)) - 7154479f-c658-4db8-83d8-3a22722b587d@group-E71D50C67865: start as a follower, conf=-1: [7154479f-c658-4db8-83d8-3a22722b587d|rpc:localhost:13924|priority:0], old=null
2021-08-27 19:20:36,832 [Listener at 127.0.0.1/11356] INFO  server.RaftServer$Division (RaftServerImpl.java:setRole(285)) - 7154479f-c658-4db8-83d8-3a22722b587d@group-E71D50C67865: changes role from      null to FOLLOWER at term 0 for startAsFollower
2021-08-27 19:20:36,833 [Listener at 127.0.0.1/11356] INFO  impl.RoleInfo (RoleInfo.java:updateAndGet(130)) - 7154479f-c658-4db8-83d8-3a22722b587d: start 7154479f-c658-4db8-83d8-3a22722b587d@group-E71D50C67865-FollowerState
2021-08-27 19:20:36,833 [Listener at 127.0.0.1/11356] INFO  util.JmxRegister (JmxRegister.java:tryRegister(44)) - Successfully registered JMX Bean with object name Ratis:service=RaftServer,group=group-E71D50C67865,id=7154479f-c658-4db8-83d8-3a22722b587d
2021-08-27 19:20:36,839 [Listener at 127.0.0.1/11356] INFO  server.RaftServer (RaftServerProxy.java:lambda$start$5(374)) - 7154479f-c658-4db8-83d8-3a22722b587d: start RPC server
2021-08-27 19:20:36,847 [Listener at 127.0.0.1/11356] INFO  server.GrpcService (GrpcService.java:startImpl(253)) - 7154479f-c658-4db8-83d8-3a22722b587d: GrpcService started, listening on 13924
2021-08-27 19:20:36,855 [org.apache.ratis.util.JvmPauseMonitor$$Lambda$499/1326998608@26ae37ed] INFO  util.JvmPauseMonitor (JvmPauseMonitor.java:run(103)) - JvmPauseMonitor-7154479f-c658-4db8-83d8-3a22722b587d: Started
2021-08-27 19:20:37,153 [EndpointStateMachine task thread for /127.0.0.1:14961 - 0 ] INFO  ipc.Client (Client.java:handleConnectionFailure(977)) - Retrying connect to server: localhost/127.0.0.1:14961. Already tried 2 time(s); retry policy is RetryUpToMaximumCountWithFixedSleep(maxRetries=15, sleepTime=1000 MILLISECONDS)
2021-08-27 19:20:37,481 [EndpointStateMachine task thread for /127.0.0.1:14971 - 0 ] INFO  ipc.Client (Client.java:handleConnectionFailure(977)) - Retrying connect to server: localhost/127.0.0.1:14971. Already tried 0 time(s); retry policy is RetryUpToMaximumCountWithFixedSleep(maxRetries=15, sleepTime=1000 MILLISECONDS)
2021-08-27 19:20:37,485 [EndpointStateMachine task thread for /127.0.0.1:14981 - 0 ] INFO  ipc.Client (Client.java:handleConnectionFailure(977)) - Retrying connect to server: localhost/127.0.0.1:14981. Already tried 0 time(s); retry policy is RetryUpToMaximumCountWithFixedSleep(maxRetries=15, sleepTime=1000 MILLISECONDS)
2021-08-27 19:20:38,154 [EndpointStateMachine task thread for /127.0.0.1:14961 - 0 ] INFO  ipc.Client (Client.java:handleConnectionFailure(977)) - Retrying connect to server: localhost/127.0.0.1:14961. Already tried 3 time(s); retry policy is RetryUpToMaximumCountWithFixedSleep(maxRetries=15, sleepTime=1000 MILLISECONDS)
2021-08-27 19:20:38,482 [EndpointStateMachine task thread for /127.0.0.1:14971 - 0 ] INFO  ipc.Client (Client.java:handleConnectionFailure(977)) - Retrying connect to server: localhost/127.0.0.1:14971. Already tried 1 time(s); retry policy is RetryUpToMaximumCountWithFixedSleep(maxRetries=15, sleepTime=1000 MILLISECONDS)
2021-08-27 19:20:38,486 [EndpointStateMachine task thread for /127.0.0.1:14981 - 0 ] INFO  ipc.Client (Client.java:handleConnectionFailure(977)) - Retrying connect to server: localhost/127.0.0.1:14981. Already tried 1 time(s); retry policy is RetryUpToMaximumCountWithFixedSleep(maxRetries=15, sleepTime=1000 MILLISECONDS)
2021-08-27 19:20:39,154 [EndpointStateMachine task thread for /127.0.0.1:14961 - 0 ] INFO  ipc.Client (Client.java:handleConnectionFailure(977)) - Retrying connect to server: localhost/127.0.0.1:14961. Already tried 4 time(s); retry policy is RetryUpToMaximumCountWithFixedSleep(maxRetries=15, sleepTime=1000 MILLISECONDS)
2021-08-27 19:20:39,482 [EndpointStateMachine task thread for /127.0.0.1:14971 - 0 ] INFO  ipc.Client (Client.java:handleConnectionFailure(977)) - Retrying connect to server: localhost/127.0.0.1:14971. Already tried 2 time(s); retry policy is RetryUpToMaximumCountWithFixedSleep(maxRetries=15, sleepTime=1000 MILLISECONDS)
2021-08-27 19:20:39,486 [EndpointStateMachine task thread for /127.0.0.1:14981 - 0 ] INFO  ipc.Client (Client.java:handleConnectionFailure(977)) - Retrying connect to server: localhost/127.0.0.1:14981. Already tried 2 time(s); retry policy is RetryUpToMaximumCountWithFixedSleep(maxRetries=15, sleepTime=1000 MILLISECONDS)
2021-08-27 19:20:40,155 [EndpointStateMachine task thread for /127.0.0.1:14961 - 0 ] INFO  ipc.Client (Client.java:handleConnectionFailure(977)) - Retrying connect to server: localhost/127.0.0.1:14961. Already tried 5 time(s); retry policy is RetryUpToMaximumCountWithFixedSleep(maxRetries=15, sleepTime=1000 MILLISECONDS)
2021-08-27 19:20:40,483 [EndpointStateMachine task thread for /127.0.0.1:14971 - 0 ] INFO  ipc.Client (Client.java:handleConnectionFailure(977)) - Retrying connect to server: localhost/127.0.0.1:14971. Already tried 3 time(s); retry policy is RetryUpToMaximumCountWithFixedSleep(maxRetries=15, sleepTime=1000 MILLISECONDS)
2021-08-27 19:20:40,487 [EndpointStateMachine task thread for /127.0.0.1:14981 - 0 ] INFO  ipc.Client (Client.java:handleConnectionFailure(977)) - Retrying connect to server: localhost/127.0.0.1:14981. Already tried 3 time(s); retry policy is RetryUpToMaximumCountWithFixedSleep(maxRetries=15, sleepTime=1000 MILLISECONDS)
2021-08-27 19:20:41,156 [EndpointStateMachine task thread for /127.0.0.1:14961 - 0 ] INFO  ipc.Client (Client.java:handleConnectionFailure(977)) - Retrying connect to server: localhost/127.0.0.1:14961. Already tried 6 time(s); retry policy is RetryUpToMaximumCountWithFixedSleep(maxRetries=15, sleepTime=1000 MILLISECONDS)
2021-08-27 19:20:41,484 [EndpointStateMachine task thread for /127.0.0.1:14971 - 0 ] INFO  ipc.Client (Client.java:handleConnectionFailure(977)) - Retrying connect to server: localhost/127.0.0.1:14971. Already tried 4 time(s); retry policy is RetryUpToMaximumCountWithFixedSleep(maxRetries=15, sleepTime=1000 MILLISECONDS)
2021-08-27 19:20:41,487 [EndpointStateMachine task thread for /127.0.0.1:14981 - 0 ] INFO  ipc.Client (Client.java:handleConnectionFailure(977)) - Retrying connect to server: localhost/127.0.0.1:14981. Already tried 4 time(s); retry policy is RetryUpToMaximumCountWithFixedSleep(maxRetries=15, sleepTime=1000 MILLISECONDS)
2021-08-27 19:20:41,869 [7154479f-c658-4db8-83d8-3a22722b587d@group-E71D50C67865-FollowerState] INFO  impl.FollowerState (FollowerState.java:run(134)) - 7154479f-c658-4db8-83d8-3a22722b587d@group-E71D50C67865-FollowerState: change to CANDIDATE, lastRpcElapsedTime:5036211243ns, electionTimeout:5035ms
2021-08-27 19:20:41,869 [7154479f-c658-4db8-83d8-3a22722b587d@group-E71D50C67865-FollowerState] INFO  impl.RoleInfo (RoleInfo.java:shutdownFollowerState(108)) - 7154479f-c658-4db8-83d8-3a22722b587d: shutdown 7154479f-c658-4db8-83d8-3a22722b587d@group-E71D50C67865-FollowerState
2021-08-27 19:20:41,869 [7154479f-c658-4db8-83d8-3a22722b587d@group-E71D50C67865-FollowerState] INFO  server.RaftServer$Division (RaftServerImpl.java:setRole(285)) - 7154479f-c658-4db8-83d8-3a22722b587d@group-E71D50C67865: changes role from  FOLLOWER to CANDIDATE at term 0 for changeToCandidate
2021-08-27 19:20:41,869 [7154479f-c658-4db8-83d8-3a22722b587d@group-E71D50C67865-FollowerState] INFO  server.RaftServerConfigKeys (ConfUtils.java:logGet(44)) - raft.server.leaderelection.pre-vote = false (custom)
2021-08-27 19:20:41,869 [7154479f-c658-4db8-83d8-3a22722b587d@group-E71D50C67865-FollowerState] INFO  impl.RoleInfo (RoleInfo.java:updateAndGet(130)) - 7154479f-c658-4db8-83d8-3a22722b587d: start 7154479f-c658-4db8-83d8-3a22722b587d@group-E71D50C67865-LeaderElection18
2021-08-27 19:20:41,888 [7154479f-c658-4db8-83d8-3a22722b587d@group-E71D50C67865-LeaderElection18] INFO  impl.LeaderElection (LeaderElection.java:askForVotes(306)) - 7154479f-c658-4db8-83d8-3a22722b587d@group-E71D50C67865-LeaderElection18 ELECTION round 0: submit vote requests at term 1 for -1: [7154479f-c658-4db8-83d8-3a22722b587d|rpc:localhost:13924|priority:0], old=null
2021-08-27 19:20:41,888 [7154479f-c658-4db8-83d8-3a22722b587d@group-E71D50C67865-LeaderElection18] INFO  impl.LeaderElection (LeaderElection.java:askForVotes(308)) - 7154479f-c658-4db8-83d8-3a22722b587d@group-E71D50C67865-LeaderElection18 ELECTION round 0: result PASSED (term=1)
2021-08-27 19:20:41,888 [7154479f-c658-4db8-83d8-3a22722b587d@group-E71D50C67865-LeaderElection18] INFO  impl.RoleInfo (RoleInfo.java:shutdownLeaderElection(121)) - 7154479f-c658-4db8-83d8-3a22722b587d: shutdown 7154479f-c658-4db8-83d8-3a22722b587d@group-E71D50C67865-LeaderElection18
2021-08-27 19:20:41,888 [7154479f-c658-4db8-83d8-3a22722b587d@group-E71D50C67865-LeaderElection18] INFO  server.RaftServer$Division (RaftServerImpl.java:setRole(285)) - 7154479f-c658-4db8-83d8-3a22722b587d@group-E71D50C67865: changes role from CANDIDATE to LEADER at term 1 for changeToLeader
2021-08-27 19:20:41,888 [7154479f-c658-4db8-83d8-3a22722b587d@group-E71D50C67865-LeaderElection18] INFO  server.RaftServer$Division (ServerState.java:setLeader(285)) - 7154479f-c658-4db8-83d8-3a22722b587d@group-E71D50C67865: change Leader from null to 7154479f-c658-4db8-83d8-3a22722b587d at term 1 for becomeLeader, leader elected after 5064ms
2021-08-27 19:20:41,888 [7154479f-c658-4db8-83d8-3a22722b587d@group-E71D50C67865-LeaderElection18] INFO  server.RaftServerConfigKeys (ConfUtils.java:logGet(44)) - raft.server.staging.catchup.gap = 1000 (default)
2021-08-27 19:20:41,889 [7154479f-c658-4db8-83d8-3a22722b587d@group-E71D50C67865-LeaderElection18] INFO  server.RaftServerConfigKeys (ConfUtils.java:logGet(44)) - raft.server.write.element-limit = 4096 (default)
2021-08-27 19:20:41,889 [7154479f-c658-4db8-83d8-3a22722b587d@group-E71D50C67865-LeaderElection18] INFO  server.RaftServerConfigKeys (ConfUtils.java:logGet(44)) - raft.server.write.byte-limit = 64MB (=67108864) (default)
2021-08-27 19:20:41,889 [7154479f-c658-4db8-83d8-3a22722b587d@group-E71D50C67865-LeaderElection18] INFO  server.RaftServerConfigKeys (ConfUtils.java:logGet(44)) - raft.server.watch.timeout = 10s (default)
2021-08-27 19:20:41,889 [7154479f-c658-4db8-83d8-3a22722b587d@group-E71D50C67865-LeaderElection18] INFO  server.RaftServerConfigKeys (ConfUtils.java:logGet(44)) - raft.server.watch.timeout.denomination = 1s (default)
2021-08-27 19:20:41,889 [7154479f-c658-4db8-83d8-3a22722b587d@group-E71D50C67865-LeaderElection18] INFO  server.RaftServerConfigKeys (ConfUtils.java:logGet(44)) - raft.server.watch.element-limit = 65536 (default)
2021-08-27 19:20:41,889 [7154479f-c658-4db8-83d8-3a22722b587d@group-E71D50C67865-LeaderElection18] INFO  impl.RoleInfo (RoleInfo.java:updateAndGet(130)) - 7154479f-c658-4db8-83d8-3a22722b587d: start 7154479f-c658-4db8-83d8-3a22722b587d@group-E71D50C67865-LeaderStateImpl
2021-08-27 19:20:41,889 [7154479f-c658-4db8-83d8-3a22722b587d@group-E71D50C67865-LeaderElection18] INFO  segmented.SegmentedRaftLogWorker (SegmentedRaftLogWorker.java:startLogSegment(394)) - 7154479f-c658-4db8-83d8-3a22722b587d@group-E71D50C67865-SegmentedRaftLogWorker: Starting segment from index:0
2021-08-27 19:20:41,894 [7154479f-c658-4db8-83d8-3a22722b587d@group-E71D50C67865-SegmentedRaftLogWorker] INFO  segmented.SegmentedRaftLogWorker (SegmentedRaftLogWorker.java:execute(601)) - 7154479f-c658-4db8-83d8-3a22722b587d@group-E71D50C67865-SegmentedRaftLogWorker: created new log segment /home/runner/work/ozone/ozone/hadoop-ozone/integration-test/target/test-dir/MiniOzoneClusterImpl-cc6da7a1-649b-4db9-82e6-e71d50c67865/scmNode-1/scm-ha/cc6da7a1-649b-4db9-82e6-e71d50c67865/current/log_inprogress_0
2021-08-27 19:20:41,915 [7154479f-c658-4db8-83d8-3a22722b587d@group-E71D50C67865-LeaderElection18] INFO  server.RaftServer$Division (ServerState.java:setRaftConf(387)) - 7154479f-c658-4db8-83d8-3a22722b587d@group-E71D50C67865: set configuration 0: [7154479f-c658-4db8-83d8-3a22722b587d|rpc:localhost:13924|admin:|client:|dataStream:|priority:0], old=null
2021-08-27 19:20:42,156 [EndpointStateMachine task thread for /127.0.0.1:14961 - 0 ] INFO  ipc.Client (Client.java:handleConnectionFailure(977)) - Retrying connect to server: localhost/127.0.0.1:14961. Already tried 7 time(s); retry policy is RetryUpToMaximumCountWithFixedSleep(maxRetries=15, sleepTime=1000 MILLISECONDS)
2021-08-27 19:20:42,485 [EndpointStateMachine task thread for /127.0.0.1:14971 - 0 ] INFO  ipc.Client (Client.java:handleConnectionFailure(977)) - Retrying connect to server: localhost/127.0.0.1:14971. Already tried 5 time(s); retry policy is RetryUpToMaximumCountWithFixedSleep(maxRetries=15, sleepTime=1000 MILLISECONDS)
2021-08-27 19:20:42,488 [EndpointStateMachine task thread for /127.0.0.1:14981 - 0 ] INFO  ipc.Client (Client.java:handleConnectionFailure(977)) - Retrying connect to server: localhost/127.0.0.1:14981. Already tried 5 time(s); retry policy is RetryUpToMaximumCountWithFixedSleep(maxRetries=15, sleepTime=1000 MILLISECONDS)
2021-08-27 19:20:42,851 [Listener at 127.0.0.1/11356] INFO  server.RaftServer (RaftServerProxy.java:lambda$close$6(391)) - 7154479f-c658-4db8-83d8-3a22722b587d: close
2021-08-27 19:20:42,852 [Listener at 127.0.0.1/11356] INFO  server.RaftServer$Division (RaftServerImpl.java:lambda$close$4(407)) - 7154479f-c658-4db8-83d8-3a22722b587d@group-E71D50C67865: shutdown
2021-08-27 19:20:42,852 [Listener at 127.0.0.1/11356] INFO  util.JmxRegister (JmxRegister.java:unregister(73)) - Successfully un-registered JMX Bean with object name Ratis:service=RaftServer,group=group-E71D50C67865,id=7154479f-c658-4db8-83d8-3a22722b587d
2021-08-27 19:20:42,852 [Listener at 127.0.0.1/11356] INFO  impl.RoleInfo (RoleInfo.java:shutdownLeaderState(91)) - 7154479f-c658-4db8-83d8-3a22722b587d: shutdown 7154479f-c658-4db8-83d8-3a22722b587d@group-E71D50C67865-LeaderStateImpl
2021-08-27 19:20:42,852 [Listener at 127.0.0.1/11356] INFO  impl.PendingRequests (PendingRequests.java:sendNotLeaderResponses(282)) - 7154479f-c658-4db8-83d8-3a22722b587d@group-E71D50C67865-PendingRequests: sendNotLeaderResponses
2021-08-27 19:20:42,853 [Listener at 127.0.0.1/11356] INFO  impl.StateMachineUpdater (StateMachineUpdater.java:stopAndJoin(149)) - 7154479f-c658-4db8-83d8-3a22722b587d@group-E71D50C67865-StateMachineUpdater: set stopIndex = 0
2021-08-27 19:20:42,853 [7154479f-c658-4db8-83d8-3a22722b587d@group-E71D50C67865-StateMachineUpdater] INFO  impl.StateMachineUpdater (StateMachineUpdater.java:takeSnapshot(281)) - 7154479f-c658-4db8-83d8-3a22722b587d@group-E71D50C67865-StateMachineUpdater: Took a snapshot at index 0
2021-08-27 19:20:42,853 [7154479f-c658-4db8-83d8-3a22722b587d@group-E71D50C67865-StateMachineUpdater] INFO  impl.StateMachineUpdater (StateMachineUpdater.java:lambda$new$0(89)) - 7154479f-c658-4db8-83d8-3a22722b587d@group-E71D50C67865-StateMachineUpdater: snapshotIndex: updateIncreasingly -1 -> 0
2021-08-27 19:20:42,853 [Listener at 127.0.0.1/11356] INFO  server.RaftServer$Division (ServerState.java:close(419)) - 7154479f-c658-4db8-83d8-3a22722b587d@group-E71D50C67865: closes. applyIndex: 0
2021-08-27 19:20:42,853 [7154479f-c658-4db8-83d8-3a22722b587d@group-E71D50C67865-SegmentedRaftLogWorker] INFO  segmented.SegmentedRaftLogWorker (SegmentedRaftLogWorker.java:run(327)) - 7154479f-c658-4db8-83d8-3a22722b587d@group-E71D50C67865-SegmentedRaftLogWorker was interrupted, exiting. There are 0 tasks remaining in the queue.
2021-08-27 19:20:42,854 [Listener at 127.0.0.1/11356] INFO  segmented.SegmentedRaftLogWorker (SegmentedRaftLogWorker.java:close(237)) - 7154479f-c658-4db8-83d8-3a22722b587d@group-E71D50C67865-SegmentedRaftLogWorker close()
2021-08-27 19:20:42,862 [Listener at 127.0.0.1/11356] INFO  server.GrpcService (GrpcService.java:closeImpl(262)) - 7154479f-c658-4db8-83d8-3a22722b587d: shutdown server with port 13924 now
2021-08-27 19:20:42,869 [Listener at 127.0.0.1/11356] INFO  server.GrpcService (GrpcService.java:closeImpl(271)) - 7154479f-c658-4db8-83d8-3a22722b587d: shutdown server with port 13924 successfully
2021-08-27 19:20:42,869 [org.apache.ratis.util.JvmPauseMonitor$$Lambda$499/1326998608@26ae37ed] INFO  util.JvmPauseMonitor (JvmPauseMonitor.java:run(109)) - JvmPauseMonitor-7154479f-c658-4db8-83d8-3a22722b587d: Stopped
2021-08-27 19:20:42,869 [Listener at 127.0.0.1/11356] WARN  server.ServerUtils (ServerUtils.java:getScmDbDir(148)) - ozone.scm.db.dirs is not configured. We recommend adding this setting. Falling back to ozone.metadata.dirs instead.
2021-08-27 19:20:42,872 [Listener at 127.0.0.1/11356] INFO  server.StorageContainerManager (StorageContainerManager.java:scmInit(1027)) - SCM initialization succeeded. Current cluster id for sd=/home/runner/work/ozone/ozone/hadoop-ozone/integration-test/target/test-dir/MiniOzoneClusterImpl-cc6da7a1-649b-4db9-82e6-e71d50c67865/scmNode-1/scm; cid=cc6da7a1-649b-4db9-82e6-e71d50c67865; layoutVersion=2; scmId=7154479f-c658-4db8-83d8-3a22722b587d
2021-08-27 19:20:42,872 [Listener at 127.0.0.1/11356] INFO  ha.SCMHANodeDetails (SCMHANodeDetails.java:loadSCMHAConfig(157)) - ServiceID for StorageContainerManager is scm-service-test1
2021-08-27 19:20:42,872 [Listener at 127.0.0.1/11356] INFO  ha.SCMHANodeDetails (SCMHANodeDetails.java:loadSCMHAConfig(168)) - ServiceID for StorageContainerManager is scm-service-test1
2021-08-27 19:20:42,872 [Listener at 127.0.0.1/11356] WARN  scm.ScmUtils (ScmUtils.java:logWarn(179)) - ConfigKey ozone.scm.block.client.address is deprecated, For configuring different ports for each SCM use PortConfigKey ozone.scm.block.client.port appended with serviceId and nodeId. If want to configure same port configure ozone.scm.block.client.port
2021-08-27 19:20:42,872 [Listener at 127.0.0.1/11356] WARN  scm.ScmUtils (ScmUtils.java:logWarn(179)) - ConfigKey ozone.scm.client.address is deprecated, For configuring different ports for each SCM use PortConfigKey ozone.scm.client.port appended with serviceId and nodeId. If want to configure same port configure ozone.scm.client.port
2021-08-27 19:20:42,873 [Listener at 127.0.0.1/11356] WARN  scm.ScmUtils (ScmUtils.java:logWarn(179)) - ConfigKey ozone.scm.datanode.address is deprecated, For configuring different ports for each SCM use PortConfigKey ozone.scm.datanode.port appended with serviceId and nodeId. If want to configure same port configure ozone.scm.datanode.port
2021-08-27 19:20:42,873 [Listener at 127.0.0.1/11356] WARN  scm.ScmUtils (ScmUtils.java:logWarn(179)) - ConfigKey ozone.scm.block.client.address is deprecated, For configuring different ports for each SCM use PortConfigKey ozone.scm.block.client.port appended with serviceId and nodeId. If want to configure same port configure ozone.scm.block.client.port
2021-08-27 19:20:42,873 [Listener at 127.0.0.1/11356] WARN  scm.ScmUtils (ScmUtils.java:logWarn(179)) - ConfigKey ozone.scm.client.address is deprecated, For configuring different ports for each SCM use PortConfigKey ozone.scm.client.port appended with serviceId and nodeId. If want to configure same port configure ozone.scm.client.port
2021-08-27 19:20:42,873 [Listener at 127.0.0.1/11356] WARN  scm.ScmUtils (ScmUtils.java:logWarn(179)) - ConfigKey ozone.scm.datanode.address is deprecated, For configuring different ports for each SCM use PortConfigKey ozone.scm.datanode.port appended with serviceId and nodeId. If want to configure same port configure ozone.scm.datanode.port
2021-08-27 19:20:42,873 [Listener at 127.0.0.1/11356] INFO  ha.SCMHANodeDetails (SCMHANodeDetails.java:loadSCMHAConfig(250)) - Found matching SCM address with SCMServiceId: scm-service-test1, SCMNodeId: scmNode-1, RPC Address: localhost:13924 and Ratis port: 13924
2021-08-27 19:20:42,873 [Listener at 127.0.0.1/11356] INFO  ha.SCMHANodeDetails (ConfUtils.java:setNodeSpecificConfigs(108)) - Setting configuration key ozone.scm.datanode.address with value of key ozone.scm.datanode.address.scm-service-test1.scmNode-1: 127.0.0.1:13925
2021-08-27 19:20:42,873 [Listener at 127.0.0.1/11356] INFO  ha.SCMHANodeDetails (ConfUtils.java:setNodeSpecificConfigs(108)) - Setting configuration key ozone.scm.block.client.address with value of key ozone.scm.block.client.address.scm-service-test1.scmNode-1: 127.0.0.1:13926
2021-08-27 19:20:42,873 [Listener at 127.0.0.1/11356] INFO  ha.SCMHANodeDetails (ConfUtils.java:setNodeSpecificConfigs(108)) - Setting configuration key ozone.scm.client.address with value of key ozone.scm.client.address.scm-service-test1.scmNode-1: 127.0.0.1:13927
2021-08-27 19:20:42,874 [Listener at 127.0.0.1/11356] INFO  ha.SCMHANodeDetails (ConfUtils.java:setNodeSpecificConfigs(108)) - Setting configuration key ozone.scm.ratis.port with value of key ozone.scm.ratis.port.scm-service-test1.scmNode-1: 13924
2021-08-27 19:20:42,874 [Listener at 127.0.0.1/11356] INFO  ha.SCMHANodeDetails (ConfUtils.java:setNodeSpecificConfigs(108)) - Setting configuration key ozone.scm.grpc.port with value of key ozone.scm.grpc.port.scm-service-test1.scmNode-1: 13928
2021-08-27 19:20:42,874 [Listener at 127.0.0.1/11356] INFO  ha.SCMHANodeDetails (ConfUtils.java:setNodeSpecificConfigs(108)) - Setting configuration key ozone.scm.http-address with value of key ozone.scm.http-address.scm-service-test1.scmNode-1: 127.0.0.1:13922
2021-08-27 19:20:42,874 [Listener at 127.0.0.1/11356] INFO  ha.SCMHANodeDetails (ConfUtils.java:setNodeSpecificConfigs(108)) - Setting configuration key ozone.scm.https-address with value of key ozone.scm.https-address.scm-service-test1.scmNode-1: 127.0.0.1:13923
2021-08-27 19:20:42,874 [Listener at 127.0.0.1/11356] INFO  ha.SCMHANodeDetails (ConfUtils.java:setNodeSpecificConfigs(108)) - Setting configuration key ozone.scm.address with value of key ozone.scm.address.scm-service-test1.scmNode-1: 127.0.0.1
2021-08-27 19:20:42,874 [Listener at 127.0.0.1/11356] WARN  scm.ScmUtils (ScmUtils.java:logWarn(179)) - ConfigKey ozone.scm.block.client.address is deprecated, For configuring different ports for each SCM use PortConfigKey ozone.scm.block.client.port appended with serviceId and nodeId. If want to configure same port configure ozone.scm.block.client.port
2021-08-27 19:20:42,874 [Listener at 127.0.0.1/11356] WARN  scm.ScmUtils (ScmUtils.java:logWarn(179)) - ConfigKey ozone.scm.client.address is deprecated, For configuring different ports for each SCM use PortConfigKey ozone.scm.client.port appended with serviceId and nodeId. If want to configure same port configure ozone.scm.client.port
2021-08-27 19:20:42,874 [Listener at 127.0.0.1/11356] WARN  scm.ScmUtils (ScmUtils.java:logWarn(179)) - ConfigKey ozone.scm.datanode.address is deprecated, For configuring different ports for each SCM use PortConfigKey ozone.scm.datanode.port appended with serviceId and nodeId. If want to configure same port configure ozone.scm.datanode.port
2021-08-27 19:20:42,875 [Listener at 127.0.0.1/11356] WARN  server.ServerUtils (ServerUtils.java:getScmDbDir(148)) - ozone.scm.db.dirs is not configured. We recommend adding this setting. Falling back to ozone.metadata.dirs instead.
2021-08-27 19:20:42,876 [Listener at 127.0.0.1/11356] INFO  upgrade.AbstractLayoutVersionManager (AbstractLayoutVersionManager.java:init(70)) - Initializing Layout version manager with metadata layout = SCM_HA (version = 2), software layout = SCM_HA (version = 2)
2021-08-27 19:20:42,975 [Listener at 127.0.0.1/11356] INFO  reflections.Reflections (Reflections.java:scan(232)) - Reflections took 98 ms to scan 7 urls, producing 120 keys and 275 values 
2021-08-27 19:20:42,987 [Listener at 127.0.0.1/11356] WARN  utils.HAUtils (HAUtils.java:getMetaDir(342)) - ozone.scm.db.dirs is not configured. We recommend adding this setting. Falling back to ozone.metadata.dirs instead.
2021-08-27 19:20:42,996 [Listener at 127.0.0.1/11356] WARN  db.DBStoreBuilder (DBStoreBuilder.java:applyDBDefinition(145)) - ozone.scm.db.dirs is not configured. We recommend adding this setting. Falling back to ozone.metadata.dirs instead.
2021-08-27 19:20:43,157 [EndpointStateMachine task thread for /127.0.0.1:14961 - 0 ] INFO  ipc.Client (Client.java:handleConnectionFailure(977)) - Retrying connect to server: localhost/127.0.0.1:14961. Already tried 8 time(s); retry policy is RetryUpToMaximumCountWithFixedSleep(maxRetries=15, sleepTime=1000 MILLISECONDS)
2021-08-27 19:20:43,158 [Listener at 127.0.0.1/11356] INFO  net.NodeSchemaLoader (NodeSchemaLoader.java:loadSchemaFromFile(129)) - Loading schema from [jar:file:/home/runner/.m2/repository/org/apache/ozone/hdds-common/1.2.0-SNAPSHOT/hdds-common-1.2.0-SNAPSHOT.jar!/network-topology-default.xml]
2021-08-27 19:20:43,158 [Listener at 127.0.0.1/11356] INFO  net.NodeSchemaLoader (NodeSchemaLoader.java:loadSchema(176)) - Loading network topology layer schema file
2021-08-27 19:20:43,164 [Listener at 127.0.0.1/11356] INFO  ha.SCMRatisServerImpl (SCMRatisServerImpl.java:<init>(87)) - starting Raft server for scm:7154479f-c658-4db8-83d8-3a22722b587d
2021-08-27 19:20:43,167 [Listener at 127.0.0.1/11356] INFO  server.RaftServer (ConfUtils.java:logGet(44)) - raft.rpc.type = GRPC (default)
2021-08-27 19:20:43,168 [Listener at 127.0.0.1/11356] INFO  grpc.GrpcFactory (GrpcFactory.java:checkPooledByteBufAllocatorUseCacheForAllThreads(48)) - PERFORMANCE WARNING: useCacheForAllThreads is true that may cause Netty to create a lot garbage objects and, as a result, trigger GC.
	It is recommended to disable useCacheForAllThreads by setting -Dorg.apache.ratis.thirdparty.io.netty.allocator.useCacheForAllThreads=false in command line.
2021-08-27 19:20:43,168 [Listener at 127.0.0.1/11356] INFO  grpc.GrpcConfigKeys (ConfUtils.java:logGet(44)) - raft.grpc.admin.port = -1 (default)
2021-08-27 19:20:43,168 [Listener at 127.0.0.1/11356] INFO  grpc.GrpcConfigKeys (ConfUtils.java:logGet(44)) - raft.grpc.server.port = 13924 (custom)
2021-08-27 19:20:43,168 [Listener at 127.0.0.1/11356] INFO  grpc.GrpcConfigKeys (ConfUtils.java:logGet(44)) - raft.grpc.client.port = -1 (default)
2021-08-27 19:20:43,168 [Listener at 127.0.0.1/11356] INFO  grpc.GrpcConfigKeys (ConfUtils.java:logGet(44)) - raft.grpc.server.port = 13924 (custom)
2021-08-27 19:20:43,168 [Listener at 127.0.0.1/11356] INFO  grpc.GrpcConfigKeys (ConfUtils.java:logGet(44)) - raft.grpc.server.port = 13924 (custom)
2021-08-27 19:20:43,169 [Listener at 127.0.0.1/11356] INFO  server.GrpcService (ConfUtils.java:logGet(44)) - raft.grpc.message.size.max = 32m (=33554432) (custom)
2021-08-27 19:20:43,169 [Listener at 127.0.0.1/11356] INFO  server.RaftServerConfigKeys (ConfUtils.java:logGet(44)) - raft.server.log.appender.buffer.byte-limit = 33554432 (custom)
2021-08-27 19:20:43,169 [Listener at 127.0.0.1/11356] INFO  server.GrpcService (ConfUtils.java:logGet(44)) - raft.grpc.flow.control.window = 1MB (=1048576) (default)
2021-08-27 19:20:43,169 [Listener at 127.0.0.1/11356] INFO  server.RaftServerConfigKeys (ConfUtils.java:logGet(44)) - raft.server.rpc.request.timeout = 30000ms (custom)
2021-08-27 19:20:43,170 [Listener at 127.0.0.1/11356] INFO  impl.DataStreamServerImpl (ConfUtils.java:logGet(44)) - raft.datastream.type = DISABLED (default)
2021-08-27 19:20:43,170 [Listener at 127.0.0.1/11356] INFO  server.RaftServerConfigKeys (ConfUtils.java:logGet(44)) - raft.server.rpc.slowness.timeout = 120000ms (custom)
2021-08-27 19:20:43,170 [Listener at 127.0.0.1/11356] INFO  server.RaftServerConfigKeys (ConfUtils.java:logGet(44)) - raft.server.leaderelection.leader.step-down.wait-time = 10s (default)
2021-08-27 19:20:43,171 [Listener at 127.0.0.1/11356] INFO  server.RaftServerConfigKeys (ConfUtils.java:logGet(44)) - raft.server.storage.dir = [/home/runner/work/ozone/ozone/hadoop-ozone/integration-test/target/test-dir/MiniOzoneClusterImpl-cc6da7a1-649b-4db9-82e6-e71d50c67865/scmNode-1/scm-ha] (custom)
2021-08-27 19:20:43,171 [Listener at 127.0.0.1/11356] INFO  server.RaftServer (RaftServerProxy.java:lambda$null$1(235)) - 7154479f-c658-4db8-83d8-3a22722b587d: found a subdirectory /home/runner/work/ozone/ozone/hadoop-ozone/integration-test/target/test-dir/MiniOzoneClusterImpl-cc6da7a1-649b-4db9-82e6-e71d50c67865/scmNode-1/scm-ha/cc6da7a1-649b-4db9-82e6-e71d50c67865
2021-08-27 19:20:43,183 [Listener at 127.0.0.1/11356] INFO  server.RaftServer (RaftServerProxy.java:addNew(95)) - 7154479f-c658-4db8-83d8-3a22722b587d: addNew group-E71D50C67865:[] returns group-E71D50C67865:java.util.concurrent.CompletableFuture@77544896[Not completed]
2021-08-27 19:20:43,183 [pool-189-thread-1] INFO  server.RaftServer$Division (RaftServerImpl.java:<init>(181)) - 7154479f-c658-4db8-83d8-3a22722b587d: new RaftServerImpl for group-E71D50C67865:[] with SCMStateMachine:uninitialized
2021-08-27 19:20:43,186 [pool-189-thread-1] INFO  server.RaftServerConfigKeys (ConfUtils.java:logGet(44)) - raft.server.rpc.timeout.min = 5000ms (custom)
2021-08-27 19:20:43,186 [pool-189-thread-1] INFO  server.RaftServerConfigKeys (ConfUtils.java:logGet(44)) - raft.server.rpc.timeout.max = 5200ms (custom)
2021-08-27 19:20:43,186 [pool-189-thread-1] INFO  server.RaftServerConfigKeys (ConfUtils.java:logGet(44)) - raft.server.rpc.sleep.time = 25ms (default)
2021-08-27 19:20:43,186 [pool-189-thread-1] INFO  server.RaftServerConfigKeys (ConfUtils.java:logGet(44)) - raft.server.rpc.slowness.timeout = 120000ms (custom)
2021-08-27 19:20:43,186 [pool-189-thread-1] INFO  server.RaftServerConfigKeys (ConfUtils.java:logGet(44)) - raft.server.leaderelection.leader.step-down.wait-time = 10s (default)
2021-08-27 19:20:43,186 [pool-189-thread-1] INFO  server.RaftServerConfigKeys (ConfUtils.java:logGet(44)) - raft.server.sleep.deviation.threshold = 300ms (default)
2021-08-27 19:20:43,186 [pool-189-thread-1] INFO  server.RaftServerConfigKeys (ConfUtils.java:logGet(44)) - raft.server.log.appender.install.snapshot.enabled = false (custom)
2021-08-27 19:20:43,187 [pool-189-thread-1] INFO  server.RaftServer$Division (ServerState.java:<init>(105)) - 7154479f-c658-4db8-83d8-3a22722b587d@group-E71D50C67865: ConfigurationManager, init=-1: [], old=null, confs=<EMPTY_MAP>
2021-08-27 19:20:43,187 [pool-189-thread-1] INFO  server.RaftServerConfigKeys (ConfUtils.java:logGet(44)) - raft.server.storage.dir = [/home/runner/work/ozone/ozone/hadoop-ozone/integration-test/target/test-dir/MiniOzoneClusterImpl-cc6da7a1-649b-4db9-82e6-e71d50c67865/scmNode-1/scm-ha] (custom)
2021-08-27 19:20:43,187 [pool-189-thread-1] INFO  server.RaftServerConfigKeys (ConfUtils.java:logGet(44)) - raft.server.log.corruption.policy = EXCEPTION (default)
2021-08-27 19:20:43,187 [pool-189-thread-1] INFO  server.RaftServerConfigKeys (ConfUtils.java:logGet(44)) - raft.server.storage.free-space.min = 0MB (=0) (default)
2021-08-27 19:20:43,188 [pool-189-thread-1] INFO  storage.RaftStorageDirectory (RaftStorageDirectoryImpl.java:tryLock(230)) - Lock on /home/runner/work/ozone/ozone/hadoop-ozone/integration-test/target/test-dir/MiniOzoneClusterImpl-cc6da7a1-649b-4db9-82e6-e71d50c67865/scmNode-1/scm-ha/cc6da7a1-649b-4db9-82e6-e71d50c67865/in_use.lock acquired by nodename 15536@fv-az59-836
2021-08-27 19:20:43,188 [pool-189-thread-1] INFO  storage.RaftStorage (RaftStorageImpl.java:analyzeAndRecoverStorage(110)) - Read RaftStorageMetadata{term=1, votedFor=7154479f-c658-4db8-83d8-3a22722b587d} from /home/runner/work/ozone/ozone/hadoop-ozone/integration-test/target/test-dir/MiniOzoneClusterImpl-cc6da7a1-649b-4db9-82e6-e71d50c67865/scmNode-1/scm-ha/cc6da7a1-649b-4db9-82e6-e71d50c67865/current/raft-meta
2021-08-27 19:20:43,188 [pool-189-thread-1] INFO  server.RaftServer$Division (ServerState.java:setRaftConf(387)) - 7154479f-c658-4db8-83d8-3a22722b587d@group-E71D50C67865: set configuration 0: [7154479f-c658-4db8-83d8-3a22722b587d|rpc:localhost:13924|admin:|client:|dataStream:|priority:0], old=null
2021-08-27 19:20:43,188 [pool-189-thread-1] INFO  server.RaftServerConfigKeys (ConfUtils.java:logGet(44)) - raft.server.notification.no-leader.timeout = 60s (default)
2021-08-27 19:20:43,188 [pool-189-thread-1] INFO  server.RaftServerConfigKeys (ConfUtils.java:logGet(44)) - raft.server.log.use.memory = false (default)
2021-08-27 19:20:43,189 [pool-189-thread-1] INFO  server.RaftServerConfigKeys (ConfUtils.java:logGet(44)) - raft.server.log.purge.gap = 5 (custom)
2021-08-27 19:20:43,189 [pool-189-thread-1] INFO  server.RaftServerConfigKeys (ConfUtils.java:logGet(44)) - raft.server.log.appender.buffer.byte-limit = 33554432 (custom)
2021-08-27 19:20:43,189 [pool-189-thread-1] INFO  server.RaftServerConfigKeys (ConfUtils.java:logGet(44)) - raft.server.log.segment.size.max = 16384 (custom)
2021-08-27 19:20:43,189 [pool-189-thread-1] INFO  server.RaftServerConfigKeys (ConfUtils.java:logGet(44)) - raft.server.log.segment.cache.num.max = 2 (custom)
2021-08-27 19:20:43,189 [pool-189-thread-1] INFO  server.RaftServerConfigKeys (ConfUtils.java:logGet(44)) - raft.server.log.segment.cache.size.max = 200MB (=209715200) (default)
2021-08-27 19:20:43,189 [pool-189-thread-1] INFO  segmented.SegmentedRaftLogWorker (SegmentedRaftLogWorker.java:<init>(182)) - new 7154479f-c658-4db8-83d8-3a22722b587d@group-E71D50C67865-SegmentedRaftLogWorker for RaftStorageImpl:Storage Directory /home/runner/work/ozone/ozone/hadoop-ozone/integration-test/target/test-dir/MiniOzoneClusterImpl-cc6da7a1-649b-4db9-82e6-e71d50c67865/scmNode-1/scm-ha/cc6da7a1-649b-4db9-82e6-e71d50c67865
2021-08-27 19:20:43,189 [pool-189-thread-1] INFO  server.RaftServerConfigKeys (ConfUtils.java:logGet(44)) - raft.server.log.queue.byte-limit = 64MB (=67108864) (default)
2021-08-27 19:20:43,189 [pool-189-thread-1] INFO  server.RaftServerConfigKeys (ConfUtils.java:logGet(44)) - raft.server.log.queue.element-limit = 4096 (default)
2021-08-27 19:20:43,189 [pool-189-thread-1] INFO  server.RaftServerConfigKeys (ConfUtils.java:logGet(44)) - raft.server.log.segment.size.max = 16384 (custom)
2021-08-27 19:20:43,189 [pool-189-thread-1] INFO  server.RaftServerConfigKeys (ConfUtils.java:logGet(44)) - raft.server.log.preallocated.size = 16384 (custom)
2021-08-27 19:20:43,189 [pool-189-thread-1] INFO  server.RaftServerConfigKeys (ConfUtils.java:logGet(44)) - raft.server.log.force.sync.num = 128 (default)
2021-08-27 19:20:43,189 [pool-189-thread-1] INFO  server.RaftServerConfigKeys (ConfUtils.java:logGet(44)) - raft.server.log.statemachine.data.sync = true (default)
2021-08-27 19:20:43,189 [pool-189-thread-1] INFO  server.RaftServerConfigKeys (ConfUtils.java:logGet(44)) - raft.server.log.statemachine.data.sync.timeout = 10s (default)
2021-08-27 19:20:43,189 [pool-189-thread-1] INFO  server.RaftServerConfigKeys (ConfUtils.java:logGet(44)) - raft.server.log.statemachine.data.sync.timeout.retry = -1 (default)
2021-08-27 19:20:43,190 [pool-189-thread-1] INFO  server.RaftServerConfigKeys (ConfUtils.java:logGet(44)) - raft.server.log.write.buffer.size = 64KB (=65536) (default)
2021-08-27 19:20:43,190 [pool-189-thread-1] INFO  server.RaftServerConfigKeys (ConfUtils.java:logGet(44)) - raft.server.log.statemachine.data.caching.enabled = false (default)
2021-08-27 19:20:43,191 [pool-189-thread-1] INFO  server.RaftServer$Division (ServerState.java:setRaftConf(387)) - 7154479f-c658-4db8-83d8-3a22722b587d@group-E71D50C67865: set configuration 0: [7154479f-c658-4db8-83d8-3a22722b587d|rpc:localhost:13924|admin:|client:|dataStream:|priority:0], old=null
2021-08-27 19:20:43,191 [pool-189-thread-1] INFO  segmented.LogSegment (LogSegment.java:loadSegment(173)) - Successfully read 1 entries from segment file /home/runner/work/ozone/ozone/hadoop-ozone/integration-test/target/test-dir/MiniOzoneClusterImpl-cc6da7a1-649b-4db9-82e6-e71d50c67865/scmNode-1/scm-ha/cc6da7a1-649b-4db9-82e6-e71d50c67865/current/log_inprogress_0
2021-08-27 19:20:43,191 [pool-189-thread-1] INFO  segmented.SegmentedRaftLogWorker (SegmentedRaftLogWorker.java:lambda$new$0(133)) - 7154479f-c658-4db8-83d8-3a22722b587d@group-E71D50C67865-SegmentedRaftLogWorker: flushIndex: setUnconditionally 0 -> 0
2021-08-27 19:20:43,191 [pool-189-thread-1] INFO  segmented.SegmentedRaftLogWorker (SegmentedRaftLogWorker.java:lambda$new$0(133)) - 7154479f-c658-4db8-83d8-3a22722b587d@group-E71D50C67865-SegmentedRaftLogWorker: safeCacheEvictIndex: setUnconditionally 0 -> -1
2021-08-27 19:20:43,199 [pool-189-thread-1] INFO  server.RaftServerConfigKeys (ConfUtils.java:logGet(44)) - raft.server.snapshot.auto.trigger.enabled = true (custom)
2021-08-27 19:20:43,199 [pool-189-thread-1] INFO  server.RaftServerConfigKeys (ConfUtils.java:logGet(44)) - raft.server.snapshot.auto.trigger.threshold = 5 (custom)
2021-08-27 19:20:43,199 [pool-189-thread-1] INFO  server.RaftServerConfigKeys (ConfUtils.java:logGet(44)) - raft.server.snapshot.retention.file.num = -1 (default)
2021-08-27 19:20:43,199 [pool-189-thread-1] INFO  server.RaftServerConfigKeys (ConfUtils.java:logGet(44)) - raft.server.log.purge.upto.snapshot.index = true (custom)
2021-08-27 19:20:43,199 [pool-189-thread-1] INFO  server.RaftServerConfigKeys (ConfUtils.java:logGet(44)) - raft.server.retrycache.expirytime = 60000ms (default)
2021-08-27 19:20:43,199 [pool-189-thread-1] INFO  server.RaftServerConfigKeys (ConfUtils.java:logGet(44)) - raft.server.retrycache.statistics.expirytime = 100μs (default)
2021-08-27 19:20:43,200 [Listener at 127.0.0.1/11356] INFO  ha.SCMSnapshotProvider (SCMSnapshotProvider.java:<init>(66)) - Initializing SCM Snapshot Provider
2021-08-27 19:20:43,201 [Listener at 127.0.0.1/11356] WARN  server.ServerUtils (ServerUtils.java:getDefaultRatisDirectory(237)) - Storage directory for Ratis is not configured. It is a good idea to map this to an SSD disk. Falling back to ozone.metadata.dirs
2021-08-27 19:20:43,201 [Listener at 127.0.0.1/11356] WARN  ha.SCMHAUtils (SCMHAUtils.java:getSCMRatisSnapshotDirectory(146)) - SCM snapshot dir is not configured. Falling back to ozone.metadata.dirs config
2021-08-27 19:20:43,202 [Listener at 127.0.0.1/11356] INFO  ha.SequenceIdGenerator (SequenceIdGenerator.java:upgradeToSequenceId(327)) - upgrade localId to 107544261427200000
2021-08-27 19:20:43,210 [Listener at 127.0.0.1/11356] INFO  ha.SequenceIdGenerator (SequenceIdGenerator.java:upgradeToSequenceId(337)) - upgrade delTxnId to 0
2021-08-27 19:20:43,210 [Listener at 127.0.0.1/11356] INFO  ha.SequenceIdGenerator (SequenceIdGenerator.java:upgradeToSequenceId(351)) - upgrade containerId to 0
2021-08-27 19:20:43,210 [Listener at 127.0.0.1/11356] INFO  ha.SequenceIdGenerator (SequenceIdGenerator.java:<init>(217)) - Init the HA SequenceIdGenerator.
2021-08-27 19:20:43,215 [Listener at 127.0.0.1/11356] INFO  node.SCMNodeManager (SCMNodeManager.java:<init>(145)) - Entering startup safe mode.
2021-08-27 19:20:43,216 [Listener at 127.0.0.1/11356] INFO  algorithms.ContainerPlacementPolicyFactory (ContainerPlacementPolicyFactory.java:getPolicy(60)) - Create container placement policy of type org.apache.hadoop.hdds.scm.container.placement.algorithms.SCMContainerPlacementRandom
2021-08-27 19:20:43,216 [Listener at 127.0.0.1/11356] INFO  pipeline.PipelineStateManager (PipelineStateManagerV2Impl.java:initialize(78)) - No pipeline exists in current db
2021-08-27 19:20:43,216 [Listener at 127.0.0.1/11356] INFO  algorithms.LeaderChoosePolicyFactory (LeaderChoosePolicyFactory.java:getPolicy(57)) - Create leader choose policy of type org.apache.hadoop.hdds.scm.pipeline.leader.choose.algorithms.MinLeaderCountChoosePolicy
2021-08-27 19:20:43,216 [Listener at 127.0.0.1/11356] INFO  ha.SCMServiceManager (SCMServiceManager.java:register(43)) - Registering service BackgroundPipelineCreator.
2021-08-27 19:20:43,216 [Listener at 127.0.0.1/11356] INFO  pipeline.BackgroundPipelineCreator (BackgroundPipelineCreatorV2.java:start(130)) - Starting RatisPipelineUtilsThread.
2021-08-27 19:20:43,228 [Listener at 127.0.0.1/11356] INFO  algorithms.PipelineChoosePolicyFactory (PipelineChoosePolicyFactory.java:createPipelineChoosePolicyFromClass(73)) - Create pipeline choose policy of type org.apache.hadoop.hdds.scm.pipeline.choose.algorithms.RandomPipelineChoosePolicy
2021-08-27 19:20:43,228 [Listener at 127.0.0.1/11356] INFO  ha.SCMServiceManager (SCMServiceManager.java:register(43)) - Registering service SCMBlockDeletingService.
2021-08-27 19:20:43,228 [Listener at 127.0.0.1/11356] INFO  ha.SCMServiceManager (SCMServiceManager.java:register(43)) - Registering service ReplicationManager.
2021-08-27 19:20:43,228 [Listener at 127.0.0.1/11356] INFO  container.ReplicationManager (ReplicationManager.java:start(307)) - Starting Replication Monitor Thread.
2021-08-27 19:20:43,239 [Listener at 127.0.0.1/11356] INFO  safemode.ContainerSafeModeRule (ContainerSafeModeRule.java:<init>(89)) - containers with one replica threshold count 0
2021-08-27 19:20:43,240 [Listener at 127.0.0.1/11356] INFO  safemode.HealthyPipelineSafeModeRule (HealthyPipelineSafeModeRule.java:initializeRule(156)) - Total pipeline count is 0, healthy pipeline threshold count is 1
2021-08-27 19:20:43,240 [Listener at 127.0.0.1/11356] INFO  safemode.OneReplicaPipelineSafeModeRule (OneReplicaPipelineSafeModeRule.java:initializeRule(180)) - Total pipeline count is 0, pipeline's with at least one datanode reported threshold count is 0
2021-08-27 19:20:43,245 [ReplicationMonitor] INFO  container.ReplicationManager (ReplicationManager.java:processAll(359)) - Replication Monitor Thread took 0 milliseconds for processing 0 containers.
2021-08-27 19:20:43,246 [Listener at 127.0.0.1/11356] INFO  ipc.CallQueueManager (CallQueueManager.java:<init>(90)) - Using callQueue: class java.util.concurrent.LinkedBlockingQueue, queueCapacity: 10000, scheduler: class org.apache.hadoop.ipc.DefaultRpcScheduler, ipcBackoff: false.
2021-08-27 19:20:43,251 [Socket Reader #1 for port 13925] INFO  ipc.Server (Server.java:run(1265)) - Starting Socket Reader #1 for port 13925
2021-08-27 19:20:43,260 [Listener at 0.0.0.0/13925] INFO  ipc.CallQueueManager (CallQueueManager.java:<init>(90)) - Using callQueue: class java.util.concurrent.LinkedBlockingQueue, queueCapacity: 10000, scheduler: class org.apache.hadoop.ipc.DefaultRpcScheduler, ipcBackoff: false.
2021-08-27 19:20:43,263 [Socket Reader #1 for port 13926] INFO  ipc.Server (Server.java:run(1265)) - Starting Socket Reader #1 for port 13926
2021-08-27 19:20:43,264 [Listener at 0.0.0.0/13926] INFO  ipc.CallQueueManager (CallQueueManager.java:<init>(90)) - Using callQueue: class java.util.concurrent.LinkedBlockingQueue, queueCapacity: 10000, scheduler: class org.apache.hadoop.ipc.DefaultRpcScheduler, ipcBackoff: false.
2021-08-27 19:20:43,265 [Socket Reader #1 for port 13927] INFO  ipc.Server (Server.java:run(1265)) - Starting Socket Reader #1 for port 13927
2021-08-27 19:20:43,327 [Listener at 0.0.0.0/13927] INFO  algorithms.ContainerPlacementPolicyFactory (ContainerPlacementPolicyFactory.java:getPolicy(60)) - Create container placement policy of type org.apache.hadoop.hdds.scm.container.placement.algorithms.SCMContainerPlacementRandom
2021-08-27 19:20:43,332 [Listener at 0.0.0.0/13927] INFO  server.StorageContainerManager (StorageContainerManager.java:<init>(387)) - 
Container Balancer status:
Key                            Value
Running                        false
Container Balancer Configuration values:
Key                                                Value
Threshold                                          0.1
Max Datanodes to Involve per Iteration(ratio)      0.5
Max Size to Move per Iteration                     10737418240B

2021-08-27 19:20:43,334 [Listener at 0.0.0.0/13927] WARN  events.EventQueue (EventQueue.java:fireEvent(194)) - No event handler registered for event TypedEvent{payloadType=SafeModeStatus, name='Safe mode status'}
2021-08-27 19:20:43,334 [Listener at 0.0.0.0/13927] INFO  ha.SCMContext (SCMContext.java:updateSafeModeStatus(205)) - Update SafeModeStatus from SafeModeStatus{safeModeStatus=true, preCheckPassed=false} to SafeModeStatus{safeModeStatus=true, preCheckPassed=false}.
2021-08-27 19:20:43,334 [Listener at 0.0.0.0/13927] INFO  server.StorageContainerManager (StorageContainerManager.java:start(1255)) - StorageContainerLocationProtocol RPC server is listening at /0.0.0.0:13927
2021-08-27 19:20:43,339 [Listener at 0.0.0.0/13927] INFO  ha.SCMRatisServerImpl (SCMRatisServerImpl.java:start(177)) - starting ratis server 0.0.0.0:13924
2021-08-27 19:20:43,339 [Listener at 0.0.0.0/13927] INFO  server.RaftServer$Division (RaftServerImpl.java:start(296)) - 7154479f-c658-4db8-83d8-3a22722b587d@group-E71D50C67865: start as a follower, conf=0: [7154479f-c658-4db8-83d8-3a22722b587d|rpc:localhost:13924|admin:|client:|dataStream:|priority:0], old=null
2021-08-27 19:20:43,340 [Listener at 0.0.0.0/13927] INFO  server.RaftServer$Division (RaftServerImpl.java:setRole(285)) - 7154479f-c658-4db8-83d8-3a22722b587d@group-E71D50C67865: changes role from      null to FOLLOWER at term 1 for startAsFollower
2021-08-27 19:20:43,340 [Listener at 0.0.0.0/13927] INFO  impl.RoleInfo (RoleInfo.java:updateAndGet(130)) - 7154479f-c658-4db8-83d8-3a22722b587d: start 7154479f-c658-4db8-83d8-3a22722b587d@group-E71D50C67865-FollowerState
2021-08-27 19:20:43,359 [Listener at 0.0.0.0/13927] INFO  util.JmxRegister (JmxRegister.java:tryRegister(44)) - Successfully registered JMX Bean with object name Ratis:service=RaftServer,group=group-E71D50C67865,id=7154479f-c658-4db8-83d8-3a22722b587d
2021-08-27 19:20:43,367 [Listener at 0.0.0.0/13927] INFO  server.RaftServer (RaftServerProxy.java:lambda$start$5(374)) - 7154479f-c658-4db8-83d8-3a22722b587d: start RPC server
2021-08-27 19:20:43,368 [Listener at 0.0.0.0/13927] INFO  server.GrpcService (GrpcService.java:startImpl(253)) - 7154479f-c658-4db8-83d8-3a22722b587d: GrpcService started, listening on 13924
2021-08-27 19:20:43,371 [Listener at 0.0.0.0/13927] INFO  ha.SCMHAManagerImpl (SCMHAManagerImpl.java:start(120)) -  scm role is FOLLOWER peers [7154479f-c658-4db8-83d8-3a22722b587d|rpc:localhost:13924|admin:|client:|dataStream:|priority:0]
2021-08-27 19:20:43,372 [Listener at 0.0.0.0/13927] INFO  ha.InterSCMGrpcService (InterSCMGrpcProtocolService.java:start(94)) - Starting SCM Grpc Service at port 13928
2021-08-27 19:20:43,373 [Listener at 0.0.0.0/13927] WARN  impl.MetricsConfig (MetricsConfig.java:loadFirst(136)) - Cannot locate configuration: tried hadoop-metrics2-storagecontainermanager.properties,hadoop-metrics2.properties
2021-08-27 19:20:43,374 [org.apache.ratis.util.JvmPauseMonitor$$Lambda$499/1326998608@b39a3bf] INFO  util.JvmPauseMonitor (JvmPauseMonitor.java:run(103)) - JvmPauseMonitor-7154479f-c658-4db8-83d8-3a22722b587d: Started
2021-08-27 19:20:43,377 [Listener at 0.0.0.0/13927] INFO  impl.MetricsSystemImpl (MetricsSystemImpl.java:startTimer(378)) - Scheduled Metric snapshot period at 10 second(s).
2021-08-27 19:20:43,378 [Listener at 0.0.0.0/13927] INFO  impl.MetricsSystemImpl (MetricsSystemImpl.java:start(191)) - StorageContainerManager metrics system started
2021-08-27 19:20:43,393 [Listener at 0.0.0.0/13927] INFO  impl.MetricsSinkAdapter (MetricsSinkAdapter.java:start(204)) - Sink prometheus started
2021-08-27 19:20:43,407 [Listener at 0.0.0.0/13927] INFO  impl.MetricsSystemImpl (MetricsSystemImpl.java:registerSink(305)) - Registered sink prometheus
2021-08-27 19:20:43,444 [Listener at 0.0.0.0/13927] WARN  impl.MetricRegistriesImpl (MetricRegistriesImpl.java:addReporterRegistration(111)) - New reporters are added after registries were created. Some metrics will be missing from the reporter. Please add reporter before adding any new registry.
2021-08-27 19:20:43,444 [Listener at 0.0.0.0/13927] WARN  impl.MetricRegistriesImpl (MetricRegistriesImpl.java:addReporterRegistration(111)) - New reporters are added after registries were created. Some metrics will be missing from the reporter. Please add reporter before adding any new registry.
2021-08-27 19:20:43,444 [Listener at 0.0.0.0/13927] INFO  server.SCMClientProtocolServer (SCMClientProtocolServer.java:start(164)) - RPC server for Client  is listening at /0.0.0.0:13927
2021-08-27 19:20:43,445 [IPC Server Responder] INFO  ipc.Server (Server.java:run(1507)) - IPC Server Responder: starting
2021-08-27 19:20:43,449 [IPC Server listener on 13927] INFO  ipc.Server (Server.java:run(1344)) - IPC Server listener on 13927: starting
2021-08-27 19:20:43,485 [Listener at 0.0.0.0/13927] INFO  server.StorageContainerManager (StorageContainerManager.java:start(1272)) - ScmBlockLocationProtocol RPC server is listening at /0.0.0.0:13926
2021-08-27 19:20:43,485 [EndpointStateMachine task thread for /127.0.0.1:14971 - 0 ] INFO  ipc.Client (Client.java:handleConnectionFailure(977)) - Retrying connect to server: localhost/127.0.0.1:14971. Already tried 6 time(s); retry policy is RetryUpToMaximumCountWithFixedSleep(maxRetries=15, sleepTime=1000 MILLISECONDS)
2021-08-27 19:20:43,485 [Listener at 0.0.0.0/13927] INFO  server.SCMBlockProtocolServer (SCMBlockProtocolServer.java:start(151)) - RPC server for Block Protocol is listening at /0.0.0.0:13926
2021-08-27 19:20:43,486 [IPC Server Responder] INFO  ipc.Server (Server.java:run(1507)) - IPC Server Responder: starting
2021-08-27 19:20:43,487 [IPC Server listener on 13926] INFO  ipc.Server (Server.java:run(1344)) - IPC Server listener on 13926: starting
2021-08-27 19:20:43,488 [EndpointStateMachine task thread for /127.0.0.1:14981 - 0 ] INFO  ipc.Client (Client.java:handleConnectionFailure(977)) - Retrying connect to server: localhost/127.0.0.1:14981. Already tried 6 time(s); retry policy is RetryUpToMaximumCountWithFixedSleep(maxRetries=15, sleepTime=1000 MILLISECONDS)
2021-08-27 19:20:43,495 [Listener at 0.0.0.0/13927] INFO  server.StorageContainerManager (StorageContainerManager.java:start(1278)) - ScmDatanodeProtocl RPC server is listening at /0.0.0.0:13925
2021-08-27 19:20:43,507 [Listener at 0.0.0.0/13927] INFO  http.BaseHttpServer (BaseHttpServer.java:newHttpServer2BuilderForOzone(209)) - Starting Web-server for scm at: http://0.0.0.0:13922
2021-08-27 19:20:43,507 [Listener at 0.0.0.0/13927] INFO  http.BaseHttpServer (BaseHttpServer.java:<init>(107)) - Hadoop Security Enabled: false Ozone Security Enabled: false Ozone HTTP Security Enabled: false 
2021-08-27 19:20:43,508 [Listener at 0.0.0.0/13927] INFO  server.AuthenticationFilter (AuthenticationFilter.java:constructSecretProvider(240)) - Unable to initialize FileSignerSecretProvider, falling back to use random secrets.
2021-08-27 19:20:43,509 [org.apache.hadoop.util.JvmPauseMonitor$Monitor@68a45b0f] INFO  util.JvmPauseMonitor (JvmPauseMonitor.java:run(188)) - Starting JVM pause monitor
2021-08-27 19:20:43,509 [Listener at 0.0.0.0/13927] WARN  http.HttpRequestLog (HttpRequestLog.java:getRequestLog(103)) - Jetty request log can only be enabled using Log4j
2021-08-27 19:20:43,510 [Listener at 0.0.0.0/13927] INFO  http.HttpServer2 (HttpServer2.java:addGlobalFilter(1030)) - Added global filter 'safety' (class=org.apache.hadoop.hdds.server.http.HttpServer2$QuotingInputFilter)
2021-08-27 19:20:43,511 [Listener at 0.0.0.0/13927] INFO  http.HttpServer2 (HttpServer2.java:addFilter(1006)) - Added filter static_user_filter (class=org.apache.hadoop.http.lib.StaticUserWebFilter$StaticUserFilter) to context scm
2021-08-27 19:20:43,511 [Listener at 0.0.0.0/13927] INFO  http.HttpServer2 (HttpServer2.java:addFilter(1014)) - Added filter static_user_filter (class=org.apache.hadoop.http.lib.StaticUserWebFilter$StaticUserFilter) to context logs
2021-08-27 19:20:43,511 [Listener at 0.0.0.0/13927] INFO  http.HttpServer2 (HttpServer2.java:addFilter(1014)) - Added filter static_user_filter (class=org.apache.hadoop.http.lib.StaticUserWebFilter$StaticUserFilter) to context static
2021-08-27 19:20:43,512 [Listener at 0.0.0.0/13927] INFO  http.HttpServer2 (HttpServer2.java:bindListener(1249)) - Jetty bound to port 13922
2021-08-27 19:20:43,512 [Listener at 0.0.0.0/13927] INFO  server.Server (Server.java:doStart(375)) - jetty-9.4.43.v20210629; built: 2021-06-30T11:07:22.254Z; git: 526006ecfa3af7f1a27ef3a288e2bef7ea9dd7e8; jvm 1.8.0_292-b10
2021-08-27 19:20:43,526 [Listener at 0.0.0.0/13927] INFO  server.session (DefaultSessionIdManager.java:doStart(334)) - DefaultSessionIdManager workerName=node0
2021-08-27 19:20:43,526 [Listener at 0.0.0.0/13927] INFO  server.session (DefaultSessionIdManager.java:doStart(339)) - No SessionScavenger set, using defaults
2021-08-27 19:20:43,526 [Listener at 0.0.0.0/13927] INFO  server.session (HouseKeeper.java:startScavenging(132)) - node0 Scavenging every 660000ms
2021-08-27 19:20:43,539 [Listener at 0.0.0.0/13927] INFO  handler.ContextHandler (ContextHandler.java:doStart(915)) - Started o.e.j.s.ServletContextHandler@48526f0b{logs,/logs,file:///home/runner/work/ozone/ozone/hadoop-ozone/integration-test/target/log,AVAILABLE}
2021-08-27 19:20:43,540 [Listener at 0.0.0.0/13927] INFO  handler.ContextHandler (ContextHandler.java:doStart(915)) - Started o.e.j.s.ServletContextHandler@4a229e9d{static,/static,file:///home/runner/work/ozone/ozone/hadoop-ozone/integration-test/target/test-classes/webapps/static,AVAILABLE}
2021-08-27 19:20:43,543 [Listener at 0.0.0.0/13927] INFO  handler.ContextHandler (ContextHandler.java:doStart(915)) - Started o.e.j.w.WebAppContext@129a9d88{scm,/,file:///home/runner/work/ozone/ozone/hadoop-ozone/integration-test/target/test-classes/webapps/scm/,AVAILABLE}{file:/home/runner/work/ozone/ozone/hadoop-ozone/integration-test/target/test-classes/webapps/scm}
2021-08-27 19:20:43,544 [Listener at 0.0.0.0/13927] INFO  server.AbstractConnector (AbstractConnector.java:doStart(331)) - Started ServerConnector@572c3a61{HTTP/1.1, (http/1.1)}{0.0.0.0:13922}
2021-08-27 19:20:43,551 [Listener at 0.0.0.0/13927] INFO  server.Server (Server.java:doStart(415)) - Started @71698ms
2021-08-27 19:20:43,551 [Listener at 0.0.0.0/13927] WARN  impl.MetricsSystemImpl (MetricsSystemImpl.java:register(279)) - Sink prometheus already exists!
2021-08-27 19:20:43,552 [Listener at 0.0.0.0/13927] INFO  http.BaseHttpServer (BaseHttpServer.java:updateConnectorAddress(329)) - HTTP server of scm listening at http://0.0.0.0:13922
2021-08-27 19:20:43,552 [Listener at 0.0.0.0/13927] INFO  ozone.MiniOzoneHAClusterImpl (MiniOzoneHAClusterImpl.java:createSCMService(564)) - Started SCM RPC server at org.apache.hadoop.hdds.scm.server.SCMClientProtocolServer@618f0ba
2021-08-27 19:20:43,553 [Listener at 0.0.0.0/13927] INFO  ha.SCMHANodeDetails (SCMHANodeDetails.java:loadSCMHAConfig(157)) - ServiceID for StorageContainerManager is scm-service-test1
2021-08-27 19:20:43,553 [Listener at 0.0.0.0/13927] INFO  ha.SCMHANodeDetails (SCMHANodeDetails.java:loadSCMHAConfig(168)) - ServiceID for StorageContainerManager is scm-service-test1
2021-08-27 19:20:43,553 [Listener at 0.0.0.0/13927] WARN  scm.ScmUtils (ScmUtils.java:logWarn(179)) - ConfigKey ozone.scm.block.client.address is deprecated, For configuring different ports for each SCM use PortConfigKey ozone.scm.block.client.port appended with serviceId and nodeId. If want to configure same port configure ozone.scm.block.client.port
2021-08-27 19:20:43,553 [Listener at 0.0.0.0/13927] WARN  scm.ScmUtils (ScmUtils.java:logWarn(179)) - ConfigKey ozone.scm.client.address is deprecated, For configuring different ports for each SCM use PortConfigKey ozone.scm.client.port appended with serviceId and nodeId. If want to configure same port configure ozone.scm.client.port
2021-08-27 19:20:43,553 [Listener at 0.0.0.0/13927] WARN  scm.ScmUtils (ScmUtils.java:logWarn(179)) - ConfigKey ozone.scm.datanode.address is deprecated, For configuring different ports for each SCM use PortConfigKey ozone.scm.datanode.port appended with serviceId and nodeId. If want to configure same port configure ozone.scm.datanode.port
2021-08-27 19:20:43,553 [Listener at 0.0.0.0/13927] WARN  scm.ScmUtils (ScmUtils.java:logWarn(179)) - ConfigKey ozone.scm.block.client.address is deprecated, For configuring different ports for each SCM use PortConfigKey ozone.scm.block.client.port appended with serviceId and nodeId. If want to configure same port configure ozone.scm.block.client.port
2021-08-27 19:20:43,553 [Listener at 0.0.0.0/13927] WARN  scm.ScmUtils (ScmUtils.java:logWarn(179)) - ConfigKey ozone.scm.client.address is deprecated, For configuring different ports for each SCM use PortConfigKey ozone.scm.client.port appended with serviceId and nodeId. If want to configure same port configure ozone.scm.client.port
2021-08-27 19:20:43,554 [Listener at 0.0.0.0/13927] WARN  scm.ScmUtils (ScmUtils.java:logWarn(179)) - ConfigKey ozone.scm.datanode.address is deprecated, For configuring different ports for each SCM use PortConfigKey ozone.scm.datanode.port appended with serviceId and nodeId. If want to configure same port configure ozone.scm.datanode.port
2021-08-27 19:20:43,554 [Listener at 0.0.0.0/13927] INFO  ha.SCMHANodeDetails (SCMHANodeDetails.java:loadSCMHAConfig(250)) - Found matching SCM address with SCMServiceId: scm-service-test1, SCMNodeId: scmNode-2, RPC Address: localhost:13934 and Ratis port: 13934
2021-08-27 19:20:43,554 [Listener at 0.0.0.0/13927] INFO  ha.SCMHANodeDetails (ConfUtils.java:setNodeSpecificConfigs(108)) - Setting configuration key ozone.scm.datanode.address with value of key ozone.scm.datanode.address.scm-service-test1.scmNode-2: 127.0.0.1:13935
2021-08-27 19:20:43,554 [Listener at 0.0.0.0/13927] INFO  ha.SCMHANodeDetails (ConfUtils.java:setNodeSpecificConfigs(108)) - Setting configuration key ozone.scm.block.client.address with value of key ozone.scm.block.client.address.scm-service-test1.scmNode-2: 127.0.0.1:13936
2021-08-27 19:20:43,554 [Listener at 0.0.0.0/13927] INFO  ha.SCMHANodeDetails (ConfUtils.java:setNodeSpecificConfigs(108)) - Setting configuration key ozone.scm.client.address with value of key ozone.scm.client.address.scm-service-test1.scmNode-2: 127.0.0.1:13937
2021-08-27 19:20:43,554 [Listener at 0.0.0.0/13927] INFO  ha.SCMHANodeDetails (ConfUtils.java:setNodeSpecificConfigs(108)) - Setting configuration key ozone.scm.ratis.port with value of key ozone.scm.ratis.port.scm-service-test1.scmNode-2: 13934
2021-08-27 19:20:43,554 [Listener at 0.0.0.0/13927] INFO  ha.SCMHANodeDetails (ConfUtils.java:setNodeSpecificConfigs(108)) - Setting configuration key ozone.scm.grpc.port with value of key ozone.scm.grpc.port.scm-service-test1.scmNode-2: 13938
2021-08-27 19:20:43,554 [Listener at 0.0.0.0/13927] INFO  ha.SCMHANodeDetails (ConfUtils.java:setNodeSpecificConfigs(108)) - Setting configuration key ozone.scm.http-address with value of key ozone.scm.http-address.scm-service-test1.scmNode-2: 127.0.0.1:13932
2021-08-27 19:20:43,554 [Listener at 0.0.0.0/13927] INFO  ha.SCMHANodeDetails (ConfUtils.java:setNodeSpecificConfigs(108)) - Setting configuration key ozone.scm.https-address with value of key ozone.scm.https-address.scm-service-test1.scmNode-2: 127.0.0.1:13933
2021-08-27 19:20:43,555 [Listener at 0.0.0.0/13927] INFO  ha.SCMHANodeDetails (ConfUtils.java:setNodeSpecificConfigs(108)) - Setting configuration key ozone.scm.address with value of key ozone.scm.address.scm-service-test1.scmNode-2: 127.0.0.1
2021-08-27 19:20:43,555 [Listener at 0.0.0.0/13927] WARN  scm.ScmUtils (ScmUtils.java:logWarn(179)) - ConfigKey ozone.scm.block.client.address is deprecated, For configuring different ports for each SCM use PortConfigKey ozone.scm.block.client.port appended with serviceId and nodeId. If want to configure same port configure ozone.scm.block.client.port
2021-08-27 19:20:43,555 [Listener at 0.0.0.0/13927] WARN  scm.ScmUtils (ScmUtils.java:logWarn(179)) - ConfigKey ozone.scm.client.address is deprecated, For configuring different ports for each SCM use PortConfigKey ozone.scm.client.port appended with serviceId and nodeId. If want to configure same port configure ozone.scm.client.port
2021-08-27 19:20:43,555 [Listener at 0.0.0.0/13927] WARN  scm.ScmUtils (ScmUtils.java:logWarn(179)) - ConfigKey ozone.scm.datanode.address is deprecated, For configuring different ports for each SCM use PortConfigKey ozone.scm.datanode.port appended with serviceId and nodeId. If want to configure same port configure ozone.scm.datanode.port
2021-08-27 19:20:43,555 [Listener at 0.0.0.0/13927] WARN  server.ServerUtils (ServerUtils.java:getScmDbDir(148)) - ozone.scm.db.dirs is not configured. We recommend adding this setting. Falling back to ozone.metadata.dirs instead.
2021-08-27 19:20:43,556 [Listener at 0.0.0.0/13927] INFO  ha.SCMNodeInfo (SCMNodeInfo.java:getPort(197)) - ConfigKey ozone.scm.client.address is deprecated, For configuring different ports for each SCM use PortConfigKey ozone.scm.client.port appended with serviceId and nodeId
2021-08-27 19:20:43,557 [Listener at 0.0.0.0/13927] INFO  ha.SCMNodeInfo (SCMNodeInfo.java:getPort(197)) - ConfigKey ozone.scm.block.client.address is deprecated, For configuring different ports for each SCM use PortConfigKey ozone.scm.block.client.port appended with serviceId and nodeId
2021-08-27 19:20:43,557 [Listener at 0.0.0.0/13927] INFO  ha.SCMNodeInfo (SCMNodeInfo.java:getPort(197)) - ConfigKey ozone.scm.datanode.address is deprecated, For configuring different ports for each SCM use PortConfigKey ozone.scm.datanode.port appended with serviceId and nodeId
2021-08-27 19:20:43,557 [Listener at 0.0.0.0/13927] INFO  ha.SCMNodeInfo (SCMNodeInfo.java:getPort(197)) - ConfigKey ozone.scm.client.address is deprecated, For configuring different ports for each SCM use PortConfigKey ozone.scm.client.port appended with serviceId and nodeId
2021-08-27 19:20:43,557 [Listener at 0.0.0.0/13927] INFO  ha.SCMNodeInfo (SCMNodeInfo.java:getPort(197)) - ConfigKey ozone.scm.block.client.address is deprecated, For configuring different ports for each SCM use PortConfigKey ozone.scm.block.client.port appended with serviceId and nodeId
2021-08-27 19:20:43,557 [Listener at 0.0.0.0/13927] INFO  ha.SCMNodeInfo (SCMNodeInfo.java:getPort(197)) - ConfigKey ozone.scm.datanode.address is deprecated, For configuring different ports for each SCM use PortConfigKey ozone.scm.datanode.port appended with serviceId and nodeId
2021-08-27 19:20:43,557 [Listener at 0.0.0.0/13927] INFO  ha.SCMNodeInfo (SCMNodeInfo.java:getPort(197)) - ConfigKey ozone.scm.client.address is deprecated, For configuring different ports for each SCM use PortConfigKey ozone.scm.client.port appended with serviceId and nodeId
2021-08-27 19:20:43,557 [Listener at 0.0.0.0/13927] INFO  ha.SCMNodeInfo (SCMNodeInfo.java:getPort(197)) - ConfigKey ozone.scm.block.client.address is deprecated, For configuring different ports for each SCM use PortConfigKey ozone.scm.block.client.port appended with serviceId and nodeId
2021-08-27 19:20:43,557 [Listener at 0.0.0.0/13927] INFO  ha.SCMNodeInfo (SCMNodeInfo.java:getPort(197)) - ConfigKey ozone.scm.datanode.address is deprecated, For configuring different ports for each SCM use PortConfigKey ozone.scm.datanode.port appended with serviceId and nodeId
2021-08-27 19:20:44,158 [EndpointStateMachine task thread for /127.0.0.1:14961 - 0 ] INFO  ipc.Client (Client.java:handleConnectionFailure(977)) - Retrying connect to server: localhost/127.0.0.1:14961. Already tried 9 time(s); retry policy is RetryUpToMaximumCountWithFixedSleep(maxRetries=15, sleepTime=1000 MILLISECONDS)
2021-08-27 19:20:44,487 [EndpointStateMachine task thread for /127.0.0.1:14971 - 0 ] INFO  ipc.Client (Client.java:handleConnectionFailure(977)) - Retrying connect to server: localhost/127.0.0.1:14971. Already tried 7 time(s); retry policy is RetryUpToMaximumCountWithFixedSleep(maxRetries=15, sleepTime=1000 MILLISECONDS)
2021-08-27 19:20:44,488 [EndpointStateMachine task thread for /127.0.0.1:14981 - 0 ] INFO  ipc.Client (Client.java:handleConnectionFailure(977)) - Retrying connect to server: localhost/127.0.0.1:14981. Already tried 7 time(s); retry policy is RetryUpToMaximumCountWithFixedSleep(maxRetries=15, sleepTime=1000 MILLISECONDS)
2021-08-27 19:20:45,158 [EndpointStateMachine task thread for /127.0.0.1:14961 - 0 ] INFO  ipc.Client (Client.java:handleConnectionFailure(977)) - Retrying connect to server: localhost/127.0.0.1:14961. Already tried 10 time(s); retry policy is RetryUpToMaximumCountWithFixedSleep(maxRetries=15, sleepTime=1000 MILLISECONDS)
2021-08-27 19:20:45,487 [EndpointStateMachine task thread for /127.0.0.1:14971 - 0 ] INFO  ipc.Client (Client.java:handleConnectionFailure(977)) - Retrying connect to server: localhost/127.0.0.1:14971. Already tried 8 time(s); retry policy is RetryUpToMaximumCountWithFixedSleep(maxRetries=15, sleepTime=1000 MILLISECONDS)
2021-08-27 19:20:45,489 [EndpointStateMachine task thread for /127.0.0.1:14981 - 0 ] INFO  ipc.Client (Client.java:handleConnectionFailure(977)) - Retrying connect to server: localhost/127.0.0.1:14981. Already tried 8 time(s); retry policy is RetryUpToMaximumCountWithFixedSleep(maxRetries=15, sleepTime=1000 MILLISECONDS)
2021-08-27 19:20:45,576 [Listener at 0.0.0.0/13927] INFO  retry.RetryInvocationHandler (RetryInvocationHandler.java:log(411)) - com.google.protobuf.ServiceException: java.net.ConnectException: Call From fv-az59-836/10.1.0.82 to localhost:13936 failed on connection exception: java.net.ConnectException: Connection refused; For more details see:  http://wiki.apache.org/hadoop/ConnectionRefused, while invoking $Proxy39.send over nodeId=scmNode-2,nodeAddress=/127.0.0.1:13936 after 1 failover attempts. Trying to failover after sleeping for 2000ms.
2021-08-27 19:20:46,159 [EndpointStateMachine task thread for /127.0.0.1:14961 - 0 ] INFO  ipc.Client (Client.java:handleConnectionFailure(977)) - Retrying connect to server: localhost/127.0.0.1:14961. Already tried 11 time(s); retry policy is RetryUpToMaximumCountWithFixedSleep(maxRetries=15, sleepTime=1000 MILLISECONDS)
2021-08-27 19:20:46,488 [EndpointStateMachine task thread for /127.0.0.1:14971 - 0 ] INFO  ipc.Client (Client.java:handleConnectionFailure(977)) - Retrying connect to server: localhost/127.0.0.1:14971. Already tried 9 time(s); retry policy is RetryUpToMaximumCountWithFixedSleep(maxRetries=15, sleepTime=1000 MILLISECONDS)
2021-08-27 19:20:46,489 [EndpointStateMachine task thread for /127.0.0.1:14981 - 0 ] INFO  ipc.Client (Client.java:handleConnectionFailure(977)) - Retrying connect to server: localhost/127.0.0.1:14981. Already tried 9 time(s); retry policy is RetryUpToMaximumCountWithFixedSleep(maxRetries=15, sleepTime=1000 MILLISECONDS)
2021-08-27 19:20:47,160 [EndpointStateMachine task thread for /127.0.0.1:14961 - 0 ] INFO  ipc.Client (Client.java:handleConnectionFailure(977)) - Retrying connect to server: localhost/127.0.0.1:14961. Already tried 12 time(s); retry policy is RetryUpToMaximumCountWithFixedSleep(maxRetries=15, sleepTime=1000 MILLISECONDS)
2021-08-27 19:20:47,490 [EndpointStateMachine task thread for /127.0.0.1:14971 - 0 ] INFO  ipc.Client (Client.java:handleConnectionFailure(977)) - Retrying connect to server: localhost/127.0.0.1:14971. Already tried 10 time(s); retry policy is RetryUpToMaximumCountWithFixedSleep(maxRetries=15, sleepTime=1000 MILLISECONDS)
2021-08-27 19:20:47,491 [EndpointStateMachine task thread for /127.0.0.1:14981 - 0 ] INFO  ipc.Client (Client.java:handleConnectionFailure(977)) - Retrying connect to server: localhost/127.0.0.1:14981. Already tried 10 time(s); retry policy is RetryUpToMaximumCountWithFixedSleep(maxRetries=15, sleepTime=1000 MILLISECONDS)
2021-08-27 19:20:47,578 [Listener at 0.0.0.0/13927] INFO  retry.RetryInvocationHandler (RetryInvocationHandler.java:log(411)) - com.google.protobuf.ServiceException: java.net.ConnectException: Call From fv-az59-836/10.1.0.82 to localhost:13946 failed on connection exception: java.net.ConnectException: Connection refused; For more details see:  http://wiki.apache.org/hadoop/ConnectionRefused, while invoking $Proxy39.send over nodeId=scmNode-3,nodeAddress=/127.0.0.1:13946 after 2 failover attempts. Trying to failover after sleeping for 2000ms.
2021-08-27 19:20:48,160 [EndpointStateMachine task thread for /127.0.0.1:14961 - 0 ] INFO  ipc.Client (Client.java:handleConnectionFailure(977)) - Retrying connect to server: localhost/127.0.0.1:14961. Already tried 13 time(s); retry policy is RetryUpToMaximumCountWithFixedSleep(maxRetries=15, sleepTime=1000 MILLISECONDS)
2021-08-27 19:20:48,365 [7154479f-c658-4db8-83d8-3a22722b587d@group-E71D50C67865-FollowerState] INFO  impl.FollowerState (FollowerState.java:run(134)) - 7154479f-c658-4db8-83d8-3a22722b587d@group-E71D50C67865-FollowerState: change to CANDIDATE, lastRpcElapsedTime:5025258134ns, electionTimeout:5006ms
2021-08-27 19:20:48,365 [7154479f-c658-4db8-83d8-3a22722b587d@group-E71D50C67865-FollowerState] INFO  impl.RoleInfo (RoleInfo.java:shutdownFollowerState(108)) - 7154479f-c658-4db8-83d8-3a22722b587d: shutdown 7154479f-c658-4db8-83d8-3a22722b587d@group-E71D50C67865-FollowerState
2021-08-27 19:20:48,366 [7154479f-c658-4db8-83d8-3a22722b587d@group-E71D50C67865-FollowerState] INFO  server.RaftServer$Division (RaftServerImpl.java:setRole(285)) - 7154479f-c658-4db8-83d8-3a22722b587d@group-E71D50C67865: changes role from  FOLLOWER to CANDIDATE at term 1 for changeToCandidate
2021-08-27 19:20:48,366 [7154479f-c658-4db8-83d8-3a22722b587d@group-E71D50C67865-FollowerState] INFO  server.RaftServerConfigKeys (ConfUtils.java:logGet(44)) - raft.server.leaderelection.pre-vote = false (custom)
2021-08-27 19:20:48,366 [7154479f-c658-4db8-83d8-3a22722b587d@group-E71D50C67865-FollowerState] INFO  impl.RoleInfo (RoleInfo.java:updateAndGet(130)) - 7154479f-c658-4db8-83d8-3a22722b587d: start 7154479f-c658-4db8-83d8-3a22722b587d@group-E71D50C67865-LeaderElection19
2021-08-27 19:20:48,393 [7154479f-c658-4db8-83d8-3a22722b587d@group-E71D50C67865-LeaderElection19] INFO  impl.LeaderElection (LeaderElection.java:askForVotes(306)) - 7154479f-c658-4db8-83d8-3a22722b587d@group-E71D50C67865-LeaderElection19 ELECTION round 0: submit vote requests at term 2 for 0: [7154479f-c658-4db8-83d8-3a22722b587d|rpc:localhost:13924|admin:|client:|dataStream:|priority:0], old=null
2021-08-27 19:20:48,393 [7154479f-c658-4db8-83d8-3a22722b587d@group-E71D50C67865-LeaderElection19] INFO  impl.LeaderElection (LeaderElection.java:askForVotes(308)) - 7154479f-c658-4db8-83d8-3a22722b587d@group-E71D50C67865-LeaderElection19 ELECTION round 0: result PASSED (term=2)
2021-08-27 19:20:48,393 [7154479f-c658-4db8-83d8-3a22722b587d@group-E71D50C67865-LeaderElection19] INFO  impl.RoleInfo (RoleInfo.java:shutdownLeaderElection(121)) - 7154479f-c658-4db8-83d8-3a22722b587d: shutdown 7154479f-c658-4db8-83d8-3a22722b587d@group-E71D50C67865-LeaderElection19
2021-08-27 19:20:48,393 [7154479f-c658-4db8-83d8-3a22722b587d@group-E71D50C67865-LeaderElection19] INFO  server.RaftServer$Division (RaftServerImpl.java:setRole(285)) - 7154479f-c658-4db8-83d8-3a22722b587d@group-E71D50C67865: changes role from CANDIDATE to LEADER at term 2 for changeToLeader
2021-08-27 19:20:48,393 [7154479f-c658-4db8-83d8-3a22722b587d@group-E71D50C67865-LeaderElection19] INFO  ha.SCMStateMachine (SCMStateMachine.java:notifyLeaderChanged(252)) - current SCM becomes leader of term 2.
2021-08-27 19:20:48,393 [7154479f-c658-4db8-83d8-3a22722b587d@group-E71D50C67865-LeaderElection19] INFO  ha.SCMContext (SCMContext.java:updateLeaderAndTerm(88)) - update <isLeader,term> from <false,0> to <true,2>
2021-08-27 19:20:48,393 [7154479f-c658-4db8-83d8-3a22722b587d@group-E71D50C67865-LeaderElection19] INFO  server.RaftServer$Division (ServerState.java:setLeader(285)) - 7154479f-c658-4db8-83d8-3a22722b587d@group-E71D50C67865: change Leader from null to 7154479f-c658-4db8-83d8-3a22722b587d at term 2 for becomeLeader, leader elected after 5204ms
2021-08-27 19:20:48,394 [7154479f-c658-4db8-83d8-3a22722b587d@group-E71D50C67865-LeaderElection19] INFO  server.RaftServerConfigKeys (ConfUtils.java:logGet(44)) - raft.server.staging.catchup.gap = 1000 (default)
2021-08-27 19:20:48,394 [7154479f-c658-4db8-83d8-3a22722b587d@group-E71D50C67865-LeaderElection19] INFO  server.RaftServerConfigKeys (ConfUtils.java:logGet(44)) - raft.server.write.element-limit = 4096 (default)
2021-08-27 19:20:48,394 [7154479f-c658-4db8-83d8-3a22722b587d@group-E71D50C67865-LeaderElection19] INFO  server.RaftServerConfigKeys (ConfUtils.java:logGet(44)) - raft.server.write.byte-limit = 64MB (=67108864) (default)
2021-08-27 19:20:48,394 [7154479f-c658-4db8-83d8-3a22722b587d@group-E71D50C67865-LeaderElection19] INFO  server.RaftServerConfigKeys (ConfUtils.java:logGet(44)) - raft.server.watch.timeout = 10s (default)
2021-08-27 19:20:48,394 [7154479f-c658-4db8-83d8-3a22722b587d@group-E71D50C67865-LeaderElection19] INFO  server.RaftServerConfigKeys (ConfUtils.java:logGet(44)) - raft.server.watch.timeout.denomination = 1s (default)
2021-08-27 19:20:48,394 [7154479f-c658-4db8-83d8-3a22722b587d@group-E71D50C67865-LeaderElection19] INFO  server.RaftServerConfigKeys (ConfUtils.java:logGet(44)) - raft.server.watch.element-limit = 65536 (default)
2021-08-27 19:20:48,394 [7154479f-c658-4db8-83d8-3a22722b587d@group-E71D50C67865-LeaderElection19] INFO  impl.RoleInfo (RoleInfo.java:updateAndGet(130)) - 7154479f-c658-4db8-83d8-3a22722b587d: start 7154479f-c658-4db8-83d8-3a22722b587d@group-E71D50C67865-LeaderStateImpl
2021-08-27 19:20:48,395 [7154479f-c658-4db8-83d8-3a22722b587d@group-E71D50C67865-LeaderElection19] INFO  segmented.SegmentedRaftLogWorker (SegmentedRaftLogWorker.java:rollLogSegment(399)) - 7154479f-c658-4db8-83d8-3a22722b587d@group-E71D50C67865-SegmentedRaftLogWorker: Rolling segment log-0_0 to index:0
2021-08-27 19:20:48,403 [7154479f-c658-4db8-83d8-3a22722b587d@group-E71D50C67865-LeaderElection19] INFO  server.RaftServer$Division (ServerState.java:setRaftConf(387)) - 7154479f-c658-4db8-83d8-3a22722b587d@group-E71D50C67865: set configuration 1: [7154479f-c658-4db8-83d8-3a22722b587d|rpc:localhost:13924|admin:|client:|dataStream:|priority:0], old=null
2021-08-27 19:20:48,404 [7154479f-c658-4db8-83d8-3a22722b587d@group-E71D50C67865-SegmentedRaftLogWorker] INFO  segmented.SegmentedRaftLogWorker (SegmentedRaftLogWorker.java:execute(558)) - 7154479f-c658-4db8-83d8-3a22722b587d@group-E71D50C67865-SegmentedRaftLogWorker: Rolled log segment from /home/runner/work/ozone/ozone/hadoop-ozone/integration-test/target/test-dir/MiniOzoneClusterImpl-cc6da7a1-649b-4db9-82e6-e71d50c67865/scmNode-1/scm-ha/cc6da7a1-649b-4db9-82e6-e71d50c67865/current/log_inprogress_0 to /home/runner/work/ozone/ozone/hadoop-ozone/integration-test/target/test-dir/MiniOzoneClusterImpl-cc6da7a1-649b-4db9-82e6-e71d50c67865/scmNode-1/scm-ha/cc6da7a1-649b-4db9-82e6-e71d50c67865/current/log_0-0
2021-08-27 19:20:48,405 [7154479f-c658-4db8-83d8-3a22722b587d@group-E71D50C67865-SegmentedRaftLogWorker] INFO  segmented.SegmentedRaftLogWorker (SegmentedRaftLogWorker.java:execute(601)) - 7154479f-c658-4db8-83d8-3a22722b587d@group-E71D50C67865-SegmentedRaftLogWorker: created new log segment /home/runner/work/ozone/ozone/hadoop-ozone/integration-test/target/test-dir/MiniOzoneClusterImpl-cc6da7a1-649b-4db9-82e6-e71d50c67865/scmNode-1/scm-ha/cc6da7a1-649b-4db9-82e6-e71d50c67865/current/log_inprogress_1
2021-08-27 19:20:48,406 [7154479f-c658-4db8-83d8-3a22722b587d@group-E71D50C67865-StateMachineUpdater] INFO  ha.SCMContext (SCMContext.java:setLeaderReady(115)) - update <isLeaderReady> from <false> to <true>
2021-08-27 19:20:48,407 [7154479f-c658-4db8-83d8-3a22722b587d@group-E71D50C67865-StateMachineUpdater] INFO  pipeline.BackgroundPipelineCreator (BackgroundPipelineCreatorV2.java:notifyStatusChanged(264)) - Service BackgroundPipelineCreator transitions to RUNNING.
2021-08-27 19:20:48,407 [7154479f-c658-4db8-83d8-3a22722b587d@group-E71D50C67865-StateMachineUpdater] INFO  safemode.HealthyPipelineSafeModeRule (HealthyPipelineSafeModeRule.java:initializeRule(152)) - Refreshed total pipeline count is 0, healthy pipeline threshold count is 1
2021-08-27 19:20:48,408 [7154479f-c658-4db8-83d8-3a22722b587d@group-E71D50C67865-StateMachineUpdater] INFO  safemode.ContainerSafeModeRule (ContainerSafeModeRule.java:reInitializeRule(177)) - Refreshed one replica container threshold 0, currentThreshold 0
2021-08-27 19:20:48,408 [7154479f-c658-4db8-83d8-3a22722b587d@group-E71D50C67865-StateMachineUpdater] INFO  safemode.OneReplicaPipelineSafeModeRule (OneReplicaPipelineSafeModeRule.java:initializeRule(176)) - Refreshed Total pipeline count is 0, pipeline's with at least one datanode reported threshold count is 0
2021-08-27 19:20:48,408 [7154479f-c658-4db8-83d8-3a22722b587d@group-E71D50C67865-StateMachineUpdater] INFO  server.SCMDatanodeProtocolServer (SCMDatanodeProtocolServer.java:start(181)) - RPC server for DataNodes is listening at /0.0.0.0:13925
2021-08-27 19:20:48,420 [IPC Server listener on 13925] INFO  ipc.Server (Server.java:run(1344)) - IPC Server listener on 13925: starting
2021-08-27 19:20:48,440 [IPC Server Responder] INFO  ipc.Server (Server.java:run(1507)) - IPC Server Responder: starting
2021-08-27 19:20:48,491 [EndpointStateMachine task thread for /127.0.0.1:14971 - 0 ] INFO  ipc.Client (Client.java:handleConnectionFailure(977)) - Retrying connect to server: localhost/127.0.0.1:14971. Already tried 11 time(s); retry policy is RetryUpToMaximumCountWithFixedSleep(maxRetries=15, sleepTime=1000 MILLISECONDS)
2021-08-27 19:20:48,491 [EndpointStateMachine task thread for /127.0.0.1:14981 - 0 ] INFO  ipc.Client (Client.java:handleConnectionFailure(977)) - Retrying connect to server: localhost/127.0.0.1:14981. Already tried 11 time(s); retry policy is RetryUpToMaximumCountWithFixedSleep(maxRetries=15, sleepTime=1000 MILLISECONDS)
2021-08-27 19:20:49,161 [EndpointStateMachine task thread for /127.0.0.1:14961 - 0 ] INFO  ipc.Client (Client.java:handleConnectionFailure(977)) - Retrying connect to server: localhost/127.0.0.1:14961. Already tried 14 time(s); retry policy is RetryUpToMaximumCountWithFixedSleep(maxRetries=15, sleepTime=1000 MILLISECONDS)
2021-08-27 19:20:49,491 [EndpointStateMachine task thread for /127.0.0.1:14971 - 0 ] INFO  ipc.Client (Client.java:handleConnectionFailure(977)) - Retrying connect to server: localhost/127.0.0.1:14971. Already tried 12 time(s); retry policy is RetryUpToMaximumCountWithFixedSleep(maxRetries=15, sleepTime=1000 MILLISECONDS)
2021-08-27 19:20:49,492 [EndpointStateMachine task thread for /127.0.0.1:14981 - 0 ] INFO  ipc.Client (Client.java:handleConnectionFailure(977)) - Retrying connect to server: localhost/127.0.0.1:14981. Already tried 12 time(s); retry policy is RetryUpToMaximumCountWithFixedSleep(maxRetries=15, sleepTime=1000 MILLISECONDS)
2021-08-27 19:20:49,584 [Listener at 0.0.0.0/13927] INFO  server.StorageContainerManager (StorageContainerManager.java:scmBootstrap(954)) - SCM BootStrap  is successful for ClusterID cc6da7a1-649b-4db9-82e6-e71d50c67865, SCMID 27aea111-c761-4159-8f56-4b18a0a94018
2021-08-27 19:20:49,584 [Listener at 0.0.0.0/13927] INFO  server.StorageContainerManager (StorageContainerManager.java:scmBootstrap(956)) - Primary SCM Node ID 7154479f-c658-4db8-83d8-3a22722b587d
2021-08-27 19:20:49,584 [Listener at 0.0.0.0/13927] INFO  ha.SCMHANodeDetails (SCMHANodeDetails.java:loadSCMHAConfig(157)) - ServiceID for StorageContainerManager is scm-service-test1
2021-08-27 19:20:49,584 [Listener at 0.0.0.0/13927] INFO  ha.SCMHANodeDetails (SCMHANodeDetails.java:loadSCMHAConfig(168)) - ServiceID for StorageContainerManager is scm-service-test1
2021-08-27 19:20:49,584 [Listener at 0.0.0.0/13927] WARN  scm.ScmUtils (ScmUtils.java:logWarn(179)) - ConfigKey ozone.scm.block.client.address is deprecated, For configuring different ports for each SCM use PortConfigKey ozone.scm.block.client.port appended with serviceId and nodeId. If want to configure same port configure ozone.scm.block.client.port
2021-08-27 19:20:49,585 [Listener at 0.0.0.0/13927] WARN  scm.ScmUtils (ScmUtils.java:logWarn(179)) - ConfigKey ozone.scm.client.address is deprecated, For configuring different ports for each SCM use PortConfigKey ozone.scm.client.port appended with serviceId and nodeId. If want to configure same port configure ozone.scm.client.port
2021-08-27 19:20:49,585 [Listener at 0.0.0.0/13927] WARN  scm.ScmUtils (ScmUtils.java:logWarn(179)) - ConfigKey ozone.scm.datanode.address is deprecated, For configuring different ports for each SCM use PortConfigKey ozone.scm.datanode.port appended with serviceId and nodeId. If want to configure same port configure ozone.scm.datanode.port
2021-08-27 19:20:49,585 [Listener at 0.0.0.0/13927] WARN  scm.ScmUtils (ScmUtils.java:logWarn(179)) - ConfigKey ozone.scm.block.client.address is deprecated, For configuring different ports for each SCM use PortConfigKey ozone.scm.block.client.port appended with serviceId and nodeId. If want to configure same port configure ozone.scm.block.client.port
2021-08-27 19:20:49,585 [Listener at 0.0.0.0/13927] WARN  scm.ScmUtils (ScmUtils.java:logWarn(179)) - ConfigKey ozone.scm.client.address is deprecated, For configuring different ports for each SCM use PortConfigKey ozone.scm.client.port appended with serviceId and nodeId. If want to configure same port configure ozone.scm.client.port
2021-08-27 19:20:49,585 [Listener at 0.0.0.0/13927] WARN  scm.ScmUtils (ScmUtils.java:logWarn(179)) - ConfigKey ozone.scm.datanode.address is deprecated, For configuring different ports for each SCM use PortConfigKey ozone.scm.datanode.port appended with serviceId and nodeId. If want to configure same port configure ozone.scm.datanode.port
2021-08-27 19:20:49,585 [Listener at 0.0.0.0/13927] INFO  ha.SCMHANodeDetails (SCMHANodeDetails.java:loadSCMHAConfig(250)) - Found matching SCM address with SCMServiceId: scm-service-test1, SCMNodeId: scmNode-2, RPC Address: localhost:13934 and Ratis port: 13934
2021-08-27 19:20:49,586 [Listener at 0.0.0.0/13927] INFO  ha.SCMHANodeDetails (ConfUtils.java:setNodeSpecificConfigs(108)) - Setting configuration key ozone.scm.datanode.address with value of key ozone.scm.datanode.address.scm-service-test1.scmNode-2: 127.0.0.1:13935
2021-08-27 19:20:49,586 [Listener at 0.0.0.0/13927] INFO  ha.SCMHANodeDetails (ConfUtils.java:setNodeSpecificConfigs(108)) - Setting configuration key ozone.scm.block.client.address with value of key ozone.scm.block.client.address.scm-service-test1.scmNode-2: 127.0.0.1:13936
2021-08-27 19:20:49,586 [Listener at 0.0.0.0/13927] INFO  ha.SCMHANodeDetails (ConfUtils.java:setNodeSpecificConfigs(108)) - Setting configuration key ozone.scm.client.address with value of key ozone.scm.client.address.scm-service-test1.scmNode-2: 127.0.0.1:13937
2021-08-27 19:20:49,586 [Listener at 0.0.0.0/13927] INFO  ha.SCMHANodeDetails (ConfUtils.java:setNodeSpecificConfigs(108)) - Setting configuration key ozone.scm.ratis.port with value of key ozone.scm.ratis.port.scm-service-test1.scmNode-2: 13934
2021-08-27 19:20:49,586 [Listener at 0.0.0.0/13927] INFO  ha.SCMHANodeDetails (ConfUtils.java:setNodeSpecificConfigs(108)) - Setting configuration key ozone.scm.grpc.port with value of key ozone.scm.grpc.port.scm-service-test1.scmNode-2: 13938
2021-08-27 19:20:49,586 [Listener at 0.0.0.0/13927] INFO  ha.SCMHANodeDetails (ConfUtils.java:setNodeSpecificConfigs(108)) - Setting configuration key ozone.scm.http-address with value of key ozone.scm.http-address.scm-service-test1.scmNode-2: 127.0.0.1:13932
2021-08-27 19:20:49,586 [Listener at 0.0.0.0/13927] INFO  ha.SCMHANodeDetails (ConfUtils.java:setNodeSpecificConfigs(108)) - Setting configuration key ozone.scm.https-address with value of key ozone.scm.https-address.scm-service-test1.scmNode-2: 127.0.0.1:13933
2021-08-27 19:20:49,586 [Listener at 0.0.0.0/13927] INFO  ha.SCMHANodeDetails (ConfUtils.java:setNodeSpecificConfigs(108)) - Setting configuration key ozone.scm.address with value of key ozone.scm.address.scm-service-test1.scmNode-2: 127.0.0.1
2021-08-27 19:20:49,586 [Listener at 0.0.0.0/13927] WARN  scm.ScmUtils (ScmUtils.java:logWarn(179)) - ConfigKey ozone.scm.block.client.address is deprecated, For configuring different ports for each SCM use PortConfigKey ozone.scm.block.client.port appended with serviceId and nodeId. If want to configure same port configure ozone.scm.block.client.port
2021-08-27 19:20:49,587 [Listener at 0.0.0.0/13927] WARN  scm.ScmUtils (ScmUtils.java:logWarn(179)) - ConfigKey ozone.scm.client.address is deprecated, For configuring different ports for each SCM use PortConfigKey ozone.scm.client.port appended with serviceId and nodeId. If want to configure same port configure ozone.scm.client.port
2021-08-27 19:20:49,587 [Listener at 0.0.0.0/13927] WARN  scm.ScmUtils (ScmUtils.java:logWarn(179)) - ConfigKey ozone.scm.datanode.address is deprecated, For configuring different ports for each SCM use PortConfigKey ozone.scm.datanode.port appended with serviceId and nodeId. If want to configure same port configure ozone.scm.datanode.port
2021-08-27 19:20:49,587 [Listener at 0.0.0.0/13927] WARN  server.ServerUtils (ServerUtils.java:getScmDbDir(148)) - ozone.scm.db.dirs is not configured. We recommend adding this setting. Falling back to ozone.metadata.dirs instead.
2021-08-27 19:20:49,588 [Listener at 0.0.0.0/13927] INFO  upgrade.AbstractLayoutVersionManager (AbstractLayoutVersionManager.java:init(70)) - Initializing Layout version manager with metadata layout = SCM_HA (version = 2), software layout = SCM_HA (version = 2)
2021-08-27 19:20:49,664 [Listener at 0.0.0.0/13927] INFO  reflections.Reflections (Reflections.java:scan(232)) - Reflections took 75 ms to scan 7 urls, producing 120 keys and 275 values 
2021-08-27 19:20:49,671 [Listener at 0.0.0.0/13927] WARN  utils.HAUtils (HAUtils.java:getMetaDir(342)) - ozone.scm.db.dirs is not configured. We recommend adding this setting. Falling back to ozone.metadata.dirs instead.
2021-08-27 19:20:49,674 [Listener at 0.0.0.0/13927] WARN  db.DBStoreBuilder (DBStoreBuilder.java:applyDBDefinition(145)) - ozone.scm.db.dirs is not configured. We recommend adding this setting. Falling back to ozone.metadata.dirs instead.
2021-08-27 19:20:49,805 [Listener at 0.0.0.0/13927] INFO  net.NodeSchemaLoader (NodeSchemaLoader.java:loadSchemaFromFile(129)) - Loading schema from [jar:file:/home/runner/.m2/repository/org/apache/ozone/hdds-common/1.2.0-SNAPSHOT/hdds-common-1.2.0-SNAPSHOT.jar!/network-topology-default.xml]
2021-08-27 19:20:49,811 [Listener at 0.0.0.0/13927] INFO  net.NodeSchemaLoader (NodeSchemaLoader.java:loadSchema(176)) - Loading network topology layer schema file
2021-08-27 19:20:49,823 [Listener at 0.0.0.0/13927] INFO  ha.SCMRatisServerImpl (SCMRatisServerImpl.java:<init>(87)) - starting Raft server for scm:27aea111-c761-4159-8f56-4b18a0a94018
2021-08-27 19:20:49,824 [Listener at 0.0.0.0/13927] INFO  server.RaftServer (ConfUtils.java:logGet(44)) - raft.rpc.type = GRPC (default)
2021-08-27 19:20:49,826 [Listener at 0.0.0.0/13927] INFO  grpc.GrpcFactory (GrpcFactory.java:checkPooledByteBufAllocatorUseCacheForAllThreads(48)) - PERFORMANCE WARNING: useCacheForAllThreads is true that may cause Netty to create a lot garbage objects and, as a result, trigger GC.
	It is recommended to disable useCacheForAllThreads by setting -Dorg.apache.ratis.thirdparty.io.netty.allocator.useCacheForAllThreads=false in command line.
2021-08-27 19:20:49,827 [Listener at 0.0.0.0/13927] INFO  grpc.GrpcConfigKeys (ConfUtils.java:logGet(44)) - raft.grpc.admin.port = -1 (default)
2021-08-27 19:20:49,827 [Listener at 0.0.0.0/13927] INFO  grpc.GrpcConfigKeys (ConfUtils.java:logGet(44)) - raft.grpc.server.port = 13934 (custom)
2021-08-27 19:20:49,827 [Listener at 0.0.0.0/13927] INFO  grpc.GrpcConfigKeys (ConfUtils.java:logGet(44)) - raft.grpc.client.port = -1 (default)
2021-08-27 19:20:49,827 [Listener at 0.0.0.0/13927] INFO  grpc.GrpcConfigKeys (ConfUtils.java:logGet(44)) - raft.grpc.server.port = 13934 (custom)
2021-08-27 19:20:49,827 [Listener at 0.0.0.0/13927] INFO  grpc.GrpcConfigKeys (ConfUtils.java:logGet(44)) - raft.grpc.server.port = 13934 (custom)
2021-08-27 19:20:49,827 [Listener at 0.0.0.0/13927] INFO  server.GrpcService (ConfUtils.java:logGet(44)) - raft.grpc.message.size.max = 32m (=33554432) (custom)
2021-08-27 19:20:49,828 [Listener at 0.0.0.0/13927] INFO  server.RaftServerConfigKeys (ConfUtils.java:logGet(44)) - raft.server.log.appender.buffer.byte-limit = 33554432 (custom)
2021-08-27 19:20:49,831 [Listener at 0.0.0.0/13927] INFO  server.GrpcService (ConfUtils.java:logGet(44)) - raft.grpc.flow.control.window = 1MB (=1048576) (default)
2021-08-27 19:20:49,831 [Listener at 0.0.0.0/13927] INFO  server.RaftServerConfigKeys (ConfUtils.java:logGet(44)) - raft.server.rpc.request.timeout = 30000ms (custom)
2021-08-27 19:20:49,832 [Listener at 0.0.0.0/13927] INFO  impl.DataStreamServerImpl (ConfUtils.java:logGet(44)) - raft.datastream.type = DISABLED (default)
2021-08-27 19:20:49,834 [Listener at 0.0.0.0/13927] INFO  server.RaftServerConfigKeys (ConfUtils.java:logGet(44)) - raft.server.rpc.slowness.timeout = 120000ms (custom)
2021-08-27 19:20:49,839 [Listener at 0.0.0.0/13927] INFO  server.RaftServerConfigKeys (ConfUtils.java:logGet(44)) - raft.server.leaderelection.leader.step-down.wait-time = 10s (default)
2021-08-27 19:20:49,839 [Listener at 0.0.0.0/13927] INFO  server.RaftServerConfigKeys (ConfUtils.java:logGet(44)) - raft.server.storage.dir = [/home/runner/work/ozone/ozone/hadoop-ozone/integration-test/target/test-dir/MiniOzoneClusterImpl-cc6da7a1-649b-4db9-82e6-e71d50c67865/scmNode-2/scm-ha] (custom)
2021-08-27 19:20:49,845 [Listener at 0.0.0.0/13927] INFO  server.RaftServer (RaftServerProxy.java:addNew(95)) - 27aea111-c761-4159-8f56-4b18a0a94018: addNew group-E71D50C67865:[] returns group-E71D50C67865:java.util.concurrent.CompletableFuture@5126fb1d[Not completed]
2021-08-27 19:20:49,845 [pool-208-thread-1] INFO  server.RaftServer$Division (RaftServerImpl.java:<init>(181)) - 27aea111-c761-4159-8f56-4b18a0a94018: new RaftServerImpl for group-E71D50C67865:[] with SCMStateMachine:uninitialized
2021-08-27 19:20:49,855 [pool-208-thread-1] INFO  server.RaftServerConfigKeys (ConfUtils.java:logGet(44)) - raft.server.rpc.timeout.min = 5000ms (custom)
2021-08-27 19:20:49,855 [pool-208-thread-1] INFO  server.RaftServerConfigKeys (ConfUtils.java:logGet(44)) - raft.server.rpc.timeout.max = 5200ms (custom)
2021-08-27 19:20:49,855 [pool-208-thread-1] INFO  server.RaftServerConfigKeys (ConfUtils.java:logGet(44)) - raft.server.rpc.sleep.time = 25ms (default)
2021-08-27 19:20:49,855 [pool-208-thread-1] INFO  server.RaftServerConfigKeys (ConfUtils.java:logGet(44)) - raft.server.rpc.slowness.timeout = 120000ms (custom)
2021-08-27 19:20:49,855 [pool-208-thread-1] INFO  server.RaftServerConfigKeys (ConfUtils.java:logGet(44)) - raft.server.leaderelection.leader.step-down.wait-time = 10s (default)
2021-08-27 19:20:49,855 [pool-208-thread-1] INFO  server.RaftServerConfigKeys (ConfUtils.java:logGet(44)) - raft.server.sleep.deviation.threshold = 300ms (default)
2021-08-27 19:20:49,855 [pool-208-thread-1] INFO  server.RaftServerConfigKeys (ConfUtils.java:logGet(44)) - raft.server.log.appender.install.snapshot.enabled = false (custom)
2021-08-27 19:20:49,855 [pool-208-thread-1] INFO  server.RaftServer$Division (ServerState.java:<init>(105)) - 27aea111-c761-4159-8f56-4b18a0a94018@group-E71D50C67865: ConfigurationManager, init=-1: [], old=null, confs=<EMPTY_MAP>
2021-08-27 19:20:49,855 [pool-208-thread-1] INFO  server.RaftServerConfigKeys (ConfUtils.java:logGet(44)) - raft.server.storage.dir = [/home/runner/work/ozone/ozone/hadoop-ozone/integration-test/target/test-dir/MiniOzoneClusterImpl-cc6da7a1-649b-4db9-82e6-e71d50c67865/scmNode-2/scm-ha] (custom)
2021-08-27 19:20:49,856 [pool-208-thread-1] INFO  server.RaftServerConfigKeys (ConfUtils.java:logGet(44)) - raft.server.log.corruption.policy = EXCEPTION (default)
2021-08-27 19:20:49,856 [pool-208-thread-1] INFO  server.RaftServerConfigKeys (ConfUtils.java:logGet(44)) - raft.server.storage.free-space.min = 0MB (=0) (default)
2021-08-27 19:20:49,856 [pool-208-thread-1] INFO  storage.RaftStorageDirectory (RaftStorageDirectoryImpl.java:analyzeStorage(135)) - The storage directory /home/runner/work/ozone/ozone/hadoop-ozone/integration-test/target/test-dir/MiniOzoneClusterImpl-cc6da7a1-649b-4db9-82e6-e71d50c67865/scmNode-2/scm-ha/cc6da7a1-649b-4db9-82e6-e71d50c67865 does not exist. Creating ...
2021-08-27 19:20:49,857 [pool-208-thread-1] INFO  storage.RaftStorageDirectory (RaftStorageDirectoryImpl.java:tryLock(230)) - Lock on /home/runner/work/ozone/ozone/hadoop-ozone/integration-test/target/test-dir/MiniOzoneClusterImpl-cc6da7a1-649b-4db9-82e6-e71d50c67865/scmNode-2/scm-ha/cc6da7a1-649b-4db9-82e6-e71d50c67865/in_use.lock acquired by nodename 15536@fv-az59-836
2021-08-27 19:20:49,858 [pool-208-thread-1] INFO  storage.RaftStorage (RaftStorageImpl.java:format(89)) - Storage directory /home/runner/work/ozone/ozone/hadoop-ozone/integration-test/target/test-dir/MiniOzoneClusterImpl-cc6da7a1-649b-4db9-82e6-e71d50c67865/scmNode-2/scm-ha/cc6da7a1-649b-4db9-82e6-e71d50c67865 has been successfully formatted.
2021-08-27 19:20:49,858 [pool-208-thread-1] INFO  server.RaftServerConfigKeys (ConfUtils.java:logGet(44)) - raft.server.notification.no-leader.timeout = 60s (default)
2021-08-27 19:20:49,858 [pool-208-thread-1] INFO  server.RaftServerConfigKeys (ConfUtils.java:logGet(44)) - raft.server.log.use.memory = false (default)
2021-08-27 19:20:49,858 [pool-208-thread-1] INFO  server.RaftServerConfigKeys (ConfUtils.java:logGet(44)) - raft.server.log.purge.gap = 5 (custom)
2021-08-27 19:20:49,859 [pool-208-thread-1] INFO  server.RaftServerConfigKeys (ConfUtils.java:logGet(44)) - raft.server.log.appender.buffer.byte-limit = 33554432 (custom)
2021-08-27 19:20:49,859 [pool-208-thread-1] INFO  server.RaftServerConfigKeys (ConfUtils.java:logGet(44)) - raft.server.log.segment.size.max = 16384 (custom)
2021-08-27 19:20:49,859 [pool-208-thread-1] INFO  server.RaftServerConfigKeys (ConfUtils.java:logGet(44)) - raft.server.log.segment.cache.num.max = 2 (custom)
2021-08-27 19:20:49,859 [pool-208-thread-1] INFO  server.RaftServerConfigKeys (ConfUtils.java:logGet(44)) - raft.server.log.segment.cache.size.max = 200MB (=209715200) (default)
2021-08-27 19:20:49,859 [pool-208-thread-1] INFO  segmented.SegmentedRaftLogWorker (SegmentedRaftLogWorker.java:<init>(182)) - new 27aea111-c761-4159-8f56-4b18a0a94018@group-E71D50C67865-SegmentedRaftLogWorker for RaftStorageImpl:Storage Directory /home/runner/work/ozone/ozone/hadoop-ozone/integration-test/target/test-dir/MiniOzoneClusterImpl-cc6da7a1-649b-4db9-82e6-e71d50c67865/scmNode-2/scm-ha/cc6da7a1-649b-4db9-82e6-e71d50c67865
2021-08-27 19:20:49,859 [pool-208-thread-1] INFO  server.RaftServerConfigKeys (ConfUtils.java:logGet(44)) - raft.server.log.queue.byte-limit = 64MB (=67108864) (default)
2021-08-27 19:20:49,859 [pool-208-thread-1] INFO  server.RaftServerConfigKeys (ConfUtils.java:logGet(44)) - raft.server.log.queue.element-limit = 4096 (default)
2021-08-27 19:20:49,860 [pool-208-thread-1] INFO  server.RaftServerConfigKeys (ConfUtils.java:logGet(44)) - raft.server.log.segment.size.max = 16384 (custom)
2021-08-27 19:20:49,860 [pool-208-thread-1] INFO  server.RaftServerConfigKeys (ConfUtils.java:logGet(44)) - raft.server.log.preallocated.size = 16384 (custom)
2021-08-27 19:20:49,860 [pool-208-thread-1] INFO  server.RaftServerConfigKeys (ConfUtils.java:logGet(44)) - raft.server.log.force.sync.num = 128 (default)
2021-08-27 19:20:49,860 [pool-208-thread-1] INFO  server.RaftServerConfigKeys (ConfUtils.java:logGet(44)) - raft.server.log.statemachine.data.sync = true (default)
2021-08-27 19:20:49,860 [pool-208-thread-1] INFO  server.RaftServerConfigKeys (ConfUtils.java:logGet(44)) - raft.server.log.statemachine.data.sync.timeout = 10s (default)
2021-08-27 19:20:49,860 [pool-208-thread-1] INFO  server.RaftServerConfigKeys (ConfUtils.java:logGet(44)) - raft.server.log.statemachine.data.sync.timeout.retry = -1 (default)
2021-08-27 19:20:49,860 [pool-208-thread-1] INFO  server.RaftServerConfigKeys (ConfUtils.java:logGet(44)) - raft.server.log.write.buffer.size = 64KB (=65536) (default)
2021-08-27 19:20:49,860 [pool-208-thread-1] INFO  server.RaftServerConfigKeys (ConfUtils.java:logGet(44)) - raft.server.log.statemachine.data.caching.enabled = false (default)
2021-08-27 19:20:49,861 [pool-208-thread-1] INFO  segmented.SegmentedRaftLogWorker (SegmentedRaftLogWorker.java:lambda$new$0(133)) - 27aea111-c761-4159-8f56-4b18a0a94018@group-E71D50C67865-SegmentedRaftLogWorker: flushIndex: setUnconditionally 0 -> -1
2021-08-27 19:20:49,861 [pool-208-thread-1] INFO  segmented.SegmentedRaftLogWorker (SegmentedRaftLogWorker.java:lambda$new$0(133)) - 27aea111-c761-4159-8f56-4b18a0a94018@group-E71D50C67865-SegmentedRaftLogWorker: safeCacheEvictIndex: setUnconditionally 0 -> -1
2021-08-27 19:20:49,867 [pool-208-thread-1] INFO  server.RaftServerConfigKeys (ConfUtils.java:logGet(44)) - raft.server.snapshot.auto.trigger.enabled = true (custom)
2021-08-27 19:20:49,867 [pool-208-thread-1] INFO  server.RaftServerConfigKeys (ConfUtils.java:logGet(44)) - raft.server.snapshot.auto.trigger.threshold = 5 (custom)
2021-08-27 19:20:49,867 [pool-208-thread-1] INFO  server.RaftServerConfigKeys (ConfUtils.java:logGet(44)) - raft.server.snapshot.retention.file.num = -1 (default)
2021-08-27 19:20:49,867 [pool-208-thread-1] INFO  server.RaftServerConfigKeys (ConfUtils.java:logGet(44)) - raft.server.log.purge.upto.snapshot.index = true (custom)
2021-08-27 19:20:49,867 [pool-208-thread-1] INFO  server.RaftServerConfigKeys (ConfUtils.java:logGet(44)) - raft.server.retrycache.expirytime = 60000ms (default)
2021-08-27 19:20:49,867 [pool-208-thread-1] INFO  server.RaftServerConfigKeys (ConfUtils.java:logGet(44)) - raft.server.retrycache.statistics.expirytime = 100μs (default)
2021-08-27 19:20:49,870 [Listener at 0.0.0.0/13927] INFO  ha.SCMSnapshotProvider (SCMSnapshotProvider.java:<init>(66)) - Initializing SCM Snapshot Provider
2021-08-27 19:20:49,870 [Listener at 0.0.0.0/13927] WARN  server.ServerUtils (ServerUtils.java:getDefaultRatisDirectory(237)) - Storage directory for Ratis is not configured. It is a good idea to map this to an SSD disk. Falling back to ozone.metadata.dirs
2021-08-27 19:20:49,870 [Listener at 0.0.0.0/13927] WARN  ha.SCMHAUtils (SCMHAUtils.java:getSCMRatisSnapshotDirectory(146)) - SCM snapshot dir is not configured. Falling back to ozone.metadata.dirs config
2021-08-27 19:20:49,872 [Listener at 0.0.0.0/13927] INFO  ha.SequenceIdGenerator (SequenceIdGenerator.java:upgradeToSequenceId(327)) - upgrade localId to 107544261427200000
2021-08-27 19:20:49,872 [Listener at 0.0.0.0/13927] INFO  ha.SequenceIdGenerator (SequenceIdGenerator.java:upgradeToSequenceId(337)) - upgrade delTxnId to 0
2021-08-27 19:20:49,872 [Listener at 0.0.0.0/13927] INFO  ha.SequenceIdGenerator (SequenceIdGenerator.java:upgradeToSequenceId(351)) - upgrade containerId to 0
2021-08-27 19:20:49,872 [Listener at 0.0.0.0/13927] INFO  ha.SequenceIdGenerator (SequenceIdGenerator.java:<init>(217)) - Init the HA SequenceIdGenerator.
2021-08-27 19:20:49,872 [Listener at 0.0.0.0/13927] WARN  server.ServerUtils (ServerUtils.java:sanitizeUserArgs(73)) - ozone.scm.stale.node.interval value = 300000 is larger than max = 100000 based on the key value of ozone.scm.heartbeat.thread.interval, reset to the max value 100000.
2021-08-27 19:20:49,873 [Listener at 0.0.0.0/13927] WARN  server.ServerUtils (ServerUtils.java:sanitizeUserArgs(73)) - ozone.scm.stale.node.interval value = 300000 is larger than max = 100000 based on the key value of ozone.scm.heartbeat.thread.interval, reset to the max value 100000.
2021-08-27 19:20:49,881 [Listener at 0.0.0.0/13927] INFO  node.SCMNodeManager (SCMNodeManager.java:<init>(145)) - Entering startup safe mode.
2021-08-27 19:20:49,881 [Listener at 0.0.0.0/13927] INFO  algorithms.ContainerPlacementPolicyFactory (ContainerPlacementPolicyFactory.java:getPolicy(60)) - Create container placement policy of type org.apache.hadoop.hdds.scm.container.placement.algorithms.SCMContainerPlacementRandom
2021-08-27 19:20:49,882 [Listener at 0.0.0.0/13927] INFO  pipeline.PipelineStateManager (PipelineStateManagerV2Impl.java:initialize(78)) - No pipeline exists in current db
2021-08-27 19:20:49,882 [Listener at 0.0.0.0/13927] INFO  algorithms.LeaderChoosePolicyFactory (LeaderChoosePolicyFactory.java:getPolicy(57)) - Create leader choose policy of type org.apache.hadoop.hdds.scm.pipeline.leader.choose.algorithms.MinLeaderCountChoosePolicy
2021-08-27 19:20:49,882 [Listener at 0.0.0.0/13927] INFO  ha.SCMServiceManager (SCMServiceManager.java:register(43)) - Registering service BackgroundPipelineCreator.
2021-08-27 19:20:49,882 [Listener at 0.0.0.0/13927] INFO  pipeline.BackgroundPipelineCreator (BackgroundPipelineCreatorV2.java:start(130)) - Starting RatisPipelineUtilsThread.
2021-08-27 19:20:49,884 [Listener at 0.0.0.0/13927] INFO  algorithms.PipelineChoosePolicyFactory (PipelineChoosePolicyFactory.java:createPipelineChoosePolicyFromClass(73)) - Create pipeline choose policy of type org.apache.hadoop.hdds.scm.pipeline.choose.algorithms.RandomPipelineChoosePolicy
2021-08-27 19:20:49,885 [Listener at 0.0.0.0/13927] INFO  ha.SCMServiceManager (SCMServiceManager.java:register(43)) - Registering service SCMBlockDeletingService.
2021-08-27 19:20:49,885 [Listener at 0.0.0.0/13927] INFO  ha.SCMServiceManager (SCMServiceManager.java:register(43)) - Registering service ReplicationManager.
2021-08-27 19:20:49,885 [Listener at 0.0.0.0/13927] INFO  container.ReplicationManager (ReplicationManager.java:start(307)) - Starting Replication Monitor Thread.
2021-08-27 19:20:49,891 [Listener at 0.0.0.0/13927] INFO  safemode.ContainerSafeModeRule (ContainerSafeModeRule.java:<init>(89)) - containers with one replica threshold count 0
2021-08-27 19:20:49,892 [Listener at 0.0.0.0/13927] INFO  safemode.HealthyPipelineSafeModeRule (HealthyPipelineSafeModeRule.java:initializeRule(156)) - Total pipeline count is 0, healthy pipeline threshold count is 1
2021-08-27 19:20:49,892 [Listener at 0.0.0.0/13927] INFO  safemode.OneReplicaPipelineSafeModeRule (OneReplicaPipelineSafeModeRule.java:initializeRule(180)) - Total pipeline count is 0, pipeline's with at least one datanode reported threshold count is 0
2021-08-27 19:20:49,899 [Listener at 0.0.0.0/13927] INFO  ipc.CallQueueManager (CallQueueManager.java:<init>(90)) - Using callQueue: class java.util.concurrent.LinkedBlockingQueue, queueCapacity: 2000, scheduler: class org.apache.hadoop.ipc.DefaultRpcScheduler, ipcBackoff: false.
2021-08-27 19:20:49,907 [Socket Reader #1 for port 13935] INFO  ipc.Server (Server.java:run(1265)) - Starting Socket Reader #1 for port 13935
2021-08-27 19:20:49,908 [Listener at 0.0.0.0/13935] INFO  ipc.CallQueueManager (CallQueueManager.java:<init>(90)) - Using callQueue: class java.util.concurrent.LinkedBlockingQueue, queueCapacity: 2000, scheduler: class org.apache.hadoop.ipc.DefaultRpcScheduler, ipcBackoff: false.
2021-08-27 19:20:49,919 [Socket Reader #1 for port 13936] INFO  ipc.Server (Server.java:run(1265)) - Starting Socket Reader #1 for port 13936
2021-08-27 19:20:49,925 [Listener at 0.0.0.0/13936] INFO  ipc.CallQueueManager (CallQueueManager.java:<init>(90)) - Using callQueue: class java.util.concurrent.LinkedBlockingQueue, queueCapacity: 2000, scheduler: class org.apache.hadoop.ipc.DefaultRpcScheduler, ipcBackoff: false.
2021-08-27 19:20:49,935 [Socket Reader #1 for port 13937] INFO  ipc.Server (Server.java:run(1265)) - Starting Socket Reader #1 for port 13937
2021-08-27 19:20:49,944 [ReplicationMonitor] INFO  container.ReplicationManager (ReplicationManager.java:processAll(359)) - Replication Monitor Thread took 0 milliseconds for processing 0 containers.
2021-08-27 19:20:49,992 [Listener at 0.0.0.0/13937] INFO  algorithms.ContainerPlacementPolicyFactory (ContainerPlacementPolicyFactory.java:getPolicy(60)) - Create container placement policy of type org.apache.hadoop.hdds.scm.container.placement.algorithms.SCMContainerPlacementRandom
2021-08-27 19:20:49,992 [Listener at 0.0.0.0/13937] INFO  server.StorageContainerManager (StorageContainerManager.java:<init>(387)) - 
Container Balancer status:
Key                            Value
Running                        false
Container Balancer Configuration values:
Key                                                Value
Threshold                                          0.1
Max Datanodes to Involve per Iteration(ratio)      0.5
Max Size to Move per Iteration                     10737418240B

2021-08-27 19:20:49,992 [Listener at 0.0.0.0/13937] WARN  events.EventQueue (EventQueue.java:fireEvent(194)) - No event handler registered for event TypedEvent{payloadType=SafeModeStatus, name='Safe mode status'}
2021-08-27 19:20:49,993 [Listener at 0.0.0.0/13937] INFO  ha.SCMContext (SCMContext.java:updateSafeModeStatus(205)) - Update SafeModeStatus from SafeModeStatus{safeModeStatus=true, preCheckPassed=false} to SafeModeStatus{safeModeStatus=true, preCheckPassed=false}.
2021-08-27 19:20:49,993 [Listener at 0.0.0.0/13937] INFO  server.StorageContainerManager (StorageContainerManager.java:start(1255)) - StorageContainerLocationProtocol RPC server is listening at /0.0.0.0:13937
2021-08-27 19:20:49,993 [Listener at 0.0.0.0/13937] INFO  ha.SCMRatisServerImpl (SCMRatisServerImpl.java:start(177)) - starting ratis server 0.0.0.0:13934
2021-08-27 19:20:49,993 [Listener at 0.0.0.0/13937] INFO  server.RaftServer$Division (RaftServerImpl.java:start(299)) - 27aea111-c761-4159-8f56-4b18a0a94018@group-E71D50C67865: start with initializing state, conf=-1: [], old=null
2021-08-27 19:20:49,994 [Listener at 0.0.0.0/13937] INFO  server.RaftServer$Division (RaftServerImpl.java:setRole(285)) - 27aea111-c761-4159-8f56-4b18a0a94018@group-E71D50C67865: changes role from      null to FOLLOWER at term 0 for startInitializing
2021-08-27 19:20:49,994 [Listener at 0.0.0.0/13937] INFO  util.JmxRegister (JmxRegister.java:tryRegister(44)) - Successfully registered JMX Bean with object name Ratis:service=RaftServer,group=group-E71D50C67865,id=27aea111-c761-4159-8f56-4b18a0a94018
2021-08-27 19:20:49,995 [Listener at 0.0.0.0/13937] INFO  server.RaftServer (RaftServerProxy.java:lambda$start$5(374)) - 27aea111-c761-4159-8f56-4b18a0a94018: start RPC server
2021-08-27 19:20:49,995 [Listener at 0.0.0.0/13937] INFO  server.GrpcService (GrpcService.java:startImpl(253)) - 27aea111-c761-4159-8f56-4b18a0a94018: GrpcService started, listening on 13934
2021-08-27 19:20:50,006 [Listener at 0.0.0.0/13937] INFO  ha.SCMNodeInfo (SCMNodeInfo.java:getPort(197)) - ConfigKey ozone.scm.client.address is deprecated, For configuring different ports for each SCM use PortConfigKey ozone.scm.client.port appended with serviceId and nodeId
2021-08-27 19:20:50,006 [Listener at 0.0.0.0/13937] INFO  ha.SCMNodeInfo (SCMNodeInfo.java:getPort(197)) - ConfigKey ozone.scm.block.client.address is deprecated, For configuring different ports for each SCM use PortConfigKey ozone.scm.block.client.port appended with serviceId and nodeId
2021-08-27 19:20:50,006 [Listener at 0.0.0.0/13937] INFO  ha.SCMNodeInfo (SCMNodeInfo.java:getPort(197)) - ConfigKey ozone.scm.datanode.address is deprecated, For configuring different ports for each SCM use PortConfigKey ozone.scm.datanode.port appended with serviceId and nodeId
2021-08-27 19:20:50,006 [Listener at 0.0.0.0/13937] INFO  ha.SCMNodeInfo (SCMNodeInfo.java:getPort(197)) - ConfigKey ozone.scm.client.address is deprecated, For configuring different ports for each SCM use PortConfigKey ozone.scm.client.port appended with serviceId and nodeId
2021-08-27 19:20:50,006 [Listener at 0.0.0.0/13937] INFO  ha.SCMNodeInfo (SCMNodeInfo.java:getPort(197)) - ConfigKey ozone.scm.block.client.address is deprecated, For configuring different ports for each SCM use PortConfigKey ozone.scm.block.client.port appended with serviceId and nodeId
2021-08-27 19:20:50,006 [Listener at 0.0.0.0/13937] INFO  ha.SCMNodeInfo (SCMNodeInfo.java:getPort(197)) - ConfigKey ozone.scm.datanode.address is deprecated, For configuring different ports for each SCM use PortConfigKey ozone.scm.datanode.port appended with serviceId and nodeId
2021-08-27 19:20:50,007 [Listener at 0.0.0.0/13937] INFO  ha.SCMNodeInfo (SCMNodeInfo.java:getPort(197)) - ConfigKey ozone.scm.client.address is deprecated, For configuring different ports for each SCM use PortConfigKey ozone.scm.client.port appended with serviceId and nodeId
2021-08-27 19:20:50,007 [Listener at 0.0.0.0/13937] INFO  ha.SCMNodeInfo (SCMNodeInfo.java:getPort(197)) - ConfigKey ozone.scm.block.client.address is deprecated, For configuring different ports for each SCM use PortConfigKey ozone.scm.block.client.port appended with serviceId and nodeId
2021-08-27 19:20:50,007 [Listener at 0.0.0.0/13937] INFO  ha.SCMNodeInfo (SCMNodeInfo.java:getPort(197)) - ConfigKey ozone.scm.datanode.address is deprecated, For configuring different ports for each SCM use PortConfigKey ozone.scm.datanode.port appended with serviceId and nodeId
2021-08-27 19:20:50,008 [org.apache.ratis.util.JvmPauseMonitor$$Lambda$499/1326998608@62b81449] INFO  util.JvmPauseMonitor (JvmPauseMonitor.java:run(103)) - JvmPauseMonitor-27aea111-c761-4159-8f56-4b18a0a94018: Started
2021-08-27 19:20:50,060 [IPC Server handler 12 on default port 13926] INFO  ha.SCMRatisServerImpl (SCMRatisServerImpl.java:addSCM(290)) - 7154479f-c658-4db8-83d8-3a22722b587d: Submitting SetConfiguration request to Ratis server with new SCM peers list: [7154479f-c658-4db8-83d8-3a22722b587d|rpc:localhost:13924|admin:|client:|dataStream:|priority:0, 27aea111-c761-4159-8f56-4b18a0a94018|rpc:localhost:13934|priority:0]
2021-08-27 19:20:50,060 [IPC Server handler 12 on default port 13926] INFO  server.RaftServer$Division (RaftServerImpl.java:setConfigurationAsync(971)) - 7154479f-c658-4db8-83d8-3a22722b587d@group-E71D50C67865: receive setConfiguration SetConfigurationRequest:client-771C24035D25->7154479f-c658-4db8-83d8-3a22722b587d@group-E71D50C67865, cid=0, seq=0, RW, null, peers:[7154479f-c658-4db8-83d8-3a22722b587d|rpc:localhost:13924|admin:|client:|dataStream:|priority:0, 27aea111-c761-4159-8f56-4b18a0a94018|rpc:localhost:13934|priority:0]
2021-08-27 19:20:50,061 [IPC Server handler 12 on default port 13926] INFO  server.RaftServer$Division (LeaderStateImpl.java:startSetConfiguration(345)) - 7154479f-c658-4db8-83d8-3a22722b587d@group-E71D50C67865-LeaderStateImpl: startSetConfiguration SetConfigurationRequest:client-771C24035D25->7154479f-c658-4db8-83d8-3a22722b587d@group-E71D50C67865, cid=0, seq=0, RW, null, peers:[7154479f-c658-4db8-83d8-3a22722b587d|rpc:localhost:13924|admin:|client:|dataStream:|priority:0, 27aea111-c761-4159-8f56-4b18a0a94018|rpc:localhost:13934|priority:0]
2021-08-27 19:20:50,061 [IPC Server handler 12 on default port 13926] INFO  server.RaftServerConfigKeys (ConfUtils.java:logGet(44)) - raft.server.log.appender.snapshot.chunk.size.max = 16MB (=16777216) (default)
2021-08-27 19:20:50,061 [IPC Server handler 12 on default port 13926] INFO  server.RaftServerConfigKeys (ConfUtils.java:logGet(44)) - raft.server.log.appender.buffer.byte-limit = 33554432 (custom)
2021-08-27 19:20:50,061 [IPC Server handler 12 on default port 13926] INFO  server.RaftServerConfigKeys (ConfUtils.java:logGet(44)) - raft.server.log.appender.buffer.element-limit = 1024 (custom)
2021-08-27 19:20:50,069 [IPC Server handler 12 on default port 13926] INFO  grpc.GrpcConfigKeys (ConfUtils.java:logGet(44)) - raft.grpc.server.leader.outstanding.appends.max = 128 (default)
2021-08-27 19:20:50,069 [IPC Server handler 12 on default port 13926] INFO  server.RaftServerConfigKeys (ConfUtils.java:logGet(44)) - raft.server.rpc.request.timeout = 30000ms (custom)
2021-08-27 19:20:50,069 [IPC Server handler 12 on default port 13926] INFO  server.RaftServerConfigKeys (ConfUtils.java:logGet(44)) - raft.server.log.appender.install.snapshot.enabled = false (custom)
2021-08-27 19:20:50,148 [grpc-default-executor-0] INFO  ha.SCMStateMachine (SCMStateMachine.java:notifyLeaderChanged(248)) - leader changed, yet current SCM is still follower.
2021-08-27 19:20:50,148 [grpc-default-executor-0] INFO  server.RaftServer$Division (ServerState.java:setLeader(285)) - 27aea111-c761-4159-8f56-4b18a0a94018@group-E71D50C67865: change Leader from null to 7154479f-c658-4db8-83d8-3a22722b587d at term 2 for appendEntries, leader elected after 289ms
2021-08-27 19:20:50,148 [grpc-default-executor-0] INFO  impl.RoleInfo (RoleInfo.java:updateAndGet(130)) - 27aea111-c761-4159-8f56-4b18a0a94018: start 27aea111-c761-4159-8f56-4b18a0a94018@group-E71D50C67865-FollowerState
2021-08-27 19:20:50,164 [grpc-default-executor-0] INFO  server.RaftServer$Division (ServerState.java:setRaftConf(387)) - 27aea111-c761-4159-8f56-4b18a0a94018@group-E71D50C67865: set configuration 0: [7154479f-c658-4db8-83d8-3a22722b587d|rpc:localhost:13924|admin:|client:|dataStream:|priority:0], old=null
2021-08-27 19:20:50,164 [grpc-default-executor-0] INFO  server.RaftServer$Division (ServerState.java:setRaftConf(387)) - 27aea111-c761-4159-8f56-4b18a0a94018@group-E71D50C67865: set configuration 1: [7154479f-c658-4db8-83d8-3a22722b587d|rpc:localhost:13924|admin:|client:|dataStream:|priority:0], old=null
2021-08-27 19:20:50,165 [grpc-default-executor-0] INFO  segmented.SegmentedRaftLogWorker (SegmentedRaftLogWorker.java:startLogSegment(394)) - 27aea111-c761-4159-8f56-4b18a0a94018@group-E71D50C67865-SegmentedRaftLogWorker: Starting segment from index:0
2021-08-27 19:20:50,165 [grpc-default-executor-0] INFO  segmented.SegmentedRaftLogWorker (SegmentedRaftLogWorker.java:rollLogSegment(399)) - 27aea111-c761-4159-8f56-4b18a0a94018@group-E71D50C67865-SegmentedRaftLogWorker: Rolling segment log-0_0 to index:0
2021-08-27 19:20:50,166 [27aea111-c761-4159-8f56-4b18a0a94018@group-E71D50C67865-SegmentedRaftLogWorker] INFO  segmented.SegmentedRaftLogWorker (SegmentedRaftLogWorker.java:execute(601)) - 27aea111-c761-4159-8f56-4b18a0a94018@group-E71D50C67865-SegmentedRaftLogWorker: created new log segment /home/runner/work/ozone/ozone/hadoop-ozone/integration-test/target/test-dir/MiniOzoneClusterImpl-cc6da7a1-649b-4db9-82e6-e71d50c67865/scmNode-2/scm-ha/cc6da7a1-649b-4db9-82e6-e71d50c67865/current/log_inprogress_0
2021-08-27 19:20:50,167 [27aea111-c761-4159-8f56-4b18a0a94018@group-E71D50C67865-SegmentedRaftLogWorker] INFO  segmented.SegmentedRaftLogWorker (SegmentedRaftLogWorker.java:execute(558)) - 27aea111-c761-4159-8f56-4b18a0a94018@group-E71D50C67865-SegmentedRaftLogWorker: Rolled log segment from /home/runner/work/ozone/ozone/hadoop-ozone/integration-test/target/test-dir/MiniOzoneClusterImpl-cc6da7a1-649b-4db9-82e6-e71d50c67865/scmNode-2/scm-ha/cc6da7a1-649b-4db9-82e6-e71d50c67865/current/log_inprogress_0 to /home/runner/work/ozone/ozone/hadoop-ozone/integration-test/target/test-dir/MiniOzoneClusterImpl-cc6da7a1-649b-4db9-82e6-e71d50c67865/scmNode-2/scm-ha/cc6da7a1-649b-4db9-82e6-e71d50c67865/current/log_0-0
2021-08-27 19:20:50,167 [EndpointStateMachine task thread for /127.0.0.1:14961 - 0 ] INFO  ipc.Client (Client.java:handleConnectionFailure(977)) - Retrying connect to server: localhost/127.0.0.1:14961. Already tried 0 time(s); retry policy is RetryUpToMaximumCountWithFixedSleep(maxRetries=15, sleepTime=1000 MILLISECONDS)
2021-08-27 19:20:50,168 [27aea111-c761-4159-8f56-4b18a0a94018@group-E71D50C67865-SegmentedRaftLogWorker] INFO  segmented.SegmentedRaftLogWorker (SegmentedRaftLogWorker.java:execute(601)) - 27aea111-c761-4159-8f56-4b18a0a94018@group-E71D50C67865-SegmentedRaftLogWorker: created new log segment /home/runner/work/ozone/ozone/hadoop-ozone/integration-test/target/test-dir/MiniOzoneClusterImpl-cc6da7a1-649b-4db9-82e6-e71d50c67865/scmNode-2/scm-ha/cc6da7a1-649b-4db9-82e6-e71d50c67865/current/log_inprogress_1
2021-08-27 19:20:50,195 [27aea111-c761-4159-8f56-4b18a0a94018@group-E71D50C67865-StateMachineUpdater] INFO  safemode.HealthyPipelineSafeModeRule (HealthyPipelineSafeModeRule.java:initializeRule(152)) - Refreshed total pipeline count is 0, healthy pipeline threshold count is 1
2021-08-27 19:20:50,195 [27aea111-c761-4159-8f56-4b18a0a94018@group-E71D50C67865-StateMachineUpdater] INFO  safemode.ContainerSafeModeRule (ContainerSafeModeRule.java:reInitializeRule(177)) - Refreshed one replica container threshold 0, currentThreshold 0
2021-08-27 19:20:50,195 [27aea111-c761-4159-8f56-4b18a0a94018@group-E71D50C67865-StateMachineUpdater] INFO  safemode.OneReplicaPipelineSafeModeRule (OneReplicaPipelineSafeModeRule.java:initializeRule(176)) - Refreshed Total pipeline count is 0, pipeline's with at least one datanode reported threshold count is 0
2021-08-27 19:20:50,195 [27aea111-c761-4159-8f56-4b18a0a94018@group-E71D50C67865-StateMachineUpdater] INFO  server.SCMDatanodeProtocolServer (SCMDatanodeProtocolServer.java:start(181)) - RPC server for DataNodes is listening at /0.0.0.0:13935
2021-08-27 19:20:50,195 [7154479f-c658-4db8-83d8-3a22722b587d@group-E71D50C67865-LeaderStateImpl] INFO  server.RaftServer$Division (ServerState.java:setRaftConf(387)) - 7154479f-c658-4db8-83d8-3a22722b587d@group-E71D50C67865: set configuration 3: [27aea111-c761-4159-8f56-4b18a0a94018|rpc:localhost:13934|priority:0, 7154479f-c658-4db8-83d8-3a22722b587d|rpc:localhost:13924|admin:|client:|dataStream:|priority:0], old=[7154479f-c658-4db8-83d8-3a22722b587d|rpc:localhost:13924|admin:|client:|dataStream:|priority:0]
2021-08-27 19:20:50,212 [IPC Server listener on 13935] INFO  ipc.Server (Server.java:run(1344)) - IPC Server listener on 13935: starting
2021-08-27 19:20:50,213 [grpc-default-executor-0] INFO  server.RaftServer$Division (ServerState.java:setRaftConf(387)) - 27aea111-c761-4159-8f56-4b18a0a94018@group-E71D50C67865: set configuration 3: [27aea111-c761-4159-8f56-4b18a0a94018|rpc:localhost:13934|admin:|client:|dataStream:|priority:0, 7154479f-c658-4db8-83d8-3a22722b587d|rpc:localhost:13924|admin:|client:|dataStream:|priority:0], old=[7154479f-c658-4db8-83d8-3a22722b587d|rpc:localhost:13924|admin:|client:|dataStream:|priority:0]
2021-08-27 19:20:50,233 [IPC Server Responder] INFO  ipc.Server (Server.java:run(1507)) - IPC Server Responder: starting
2021-08-27 19:20:50,247 [7154479f-c658-4db8-83d8-3a22722b587d@group-E71D50C67865-LeaderStateImpl] INFO  server.RaftServer$Division (ServerState.java:setRaftConf(387)) - 7154479f-c658-4db8-83d8-3a22722b587d@group-E71D50C67865: set configuration 5: [27aea111-c761-4159-8f56-4b18a0a94018|rpc:localhost:13934|priority:0, 7154479f-c658-4db8-83d8-3a22722b587d|rpc:localhost:13924|admin:|client:|dataStream:|priority:0], old=null
2021-08-27 19:20:50,248 [grpc-default-executor-0] INFO  server.RaftServer$Division (ServerState.java:setRaftConf(387)) - 27aea111-c761-4159-8f56-4b18a0a94018@group-E71D50C67865: set configuration 5: [27aea111-c761-4159-8f56-4b18a0a94018|rpc:localhost:13934|admin:|client:|dataStream:|priority:0, 7154479f-c658-4db8-83d8-3a22722b587d|rpc:localhost:13924|admin:|client:|dataStream:|priority:0], old=null
2021-08-27 19:20:50,354 [7154479f-c658-4db8-83d8-3a22722b587d@group-E71D50C67865-StateMachineUpdater] INFO  ha.SCMStateMachine (SCMStateMachine.java:takeSnapshot(290)) - Current Snapshot Index 5, takeSnapshot took 0 ms
2021-08-27 19:20:50,354 [7154479f-c658-4db8-83d8-3a22722b587d@group-E71D50C67865-StateMachineUpdater] INFO  impl.StateMachineUpdater (StateMachineUpdater.java:takeSnapshot(281)) - 7154479f-c658-4db8-83d8-3a22722b587d@group-E71D50C67865-StateMachineUpdater: Took a snapshot at index 5
2021-08-27 19:20:50,354 [7154479f-c658-4db8-83d8-3a22722b587d@group-E71D50C67865-StateMachineUpdater] INFO  impl.StateMachineUpdater (StateMachineUpdater.java:lambda$new$0(89)) - 7154479f-c658-4db8-83d8-3a22722b587d@group-E71D50C67865-StateMachineUpdater: snapshotIndex: updateIncreasingly -1 -> 5
2021-08-27 19:20:50,354 [7154479f-c658-4db8-83d8-3a22722b587d@group-E71D50C67865-StateMachineUpdater] INFO  raftlog.RaftLog (RaftLogBase.java:purge(306)) - 7154479f-c658-4db8-83d8-3a22722b587d@group-E71D50C67865-SegmentedRaftLog: purge 5
2021-08-27 19:20:50,354 [7154479f-c658-4db8-83d8-3a22722b587d@group-E71D50C67865-StateMachineUpdater] INFO  raftlog.RaftLog (RaftLogBase.java:lambda$new$0(53)) - 7154479f-c658-4db8-83d8-3a22722b587d@group-E71D50C67865-SegmentedRaftLog: snapshotIndex: updateIncreasingly -1 -> 5
2021-08-27 19:20:50,355 [7154479f-c658-4db8-83d8-3a22722b587d@group-E71D50C67865-SegmentedRaftLogWorker] INFO  raftlog.RaftLog (RaftLogBase.java:lambda$new$0(53)) - 7154479f-c658-4db8-83d8-3a22722b587d@group-E71D50C67865-SegmentedRaftLog: purgeIndex: updateToMax old=-1, new=0, updated? true
2021-08-27 19:20:50,355 [IPC Server handler 12 on default port 13926] INFO  ha.SCMRatisServerImpl (SCMRatisServerImpl.java:addSCM(301)) - Successfully added new SCM: 27aea111-c761-4159-8f56-4b18a0a94018.
2021-08-27 19:20:50,356 [Listener at 0.0.0.0/13937] INFO  ha.SCMHAManagerImpl (SCMHAManagerImpl.java:start(116)) - Successfully added SCM scmNode-2 to group group-E71D50C67865:[27aea111-c761-4159-8f56-4b18a0a94018|rpc:localhost:13934|admin:|client:|dataStream:|priority:0, 7154479f-c658-4db8-83d8-3a22722b587d|rpc:localhost:13924|admin:|client:|dataStream:|priority:0]
2021-08-27 19:20:50,356 [Listener at 0.0.0.0/13937] INFO  ha.InterSCMGrpcService (InterSCMGrpcProtocolService.java:start(94)) - Starting SCM Grpc Service at port 13938
2021-08-27 19:20:50,357 [Listener at 0.0.0.0/13937] INFO  impl.MetricsSystemImpl (MetricsSystemImpl.java:init(158)) - StorageContainerManager metrics system started (again)
2021-08-27 19:20:50,357 [27aea111-c761-4159-8f56-4b18a0a94018@group-E71D50C67865-StateMachineUpdater] INFO  ha.SCMStateMachine (SCMStateMachine.java:takeSnapshot(290)) - Current Snapshot Index 5, takeSnapshot took 0 ms
2021-08-27 19:20:50,357 [27aea111-c761-4159-8f56-4b18a0a94018@group-E71D50C67865-StateMachineUpdater] INFO  impl.StateMachineUpdater (StateMachineUpdater.java:takeSnapshot(281)) - 27aea111-c761-4159-8f56-4b18a0a94018@group-E71D50C67865-StateMachineUpdater: Took a snapshot at index 5
2021-08-27 19:20:50,357 [27aea111-c761-4159-8f56-4b18a0a94018@group-E71D50C67865-StateMachineUpdater] INFO  impl.StateMachineUpdater (StateMachineUpdater.java:lambda$new$0(89)) - 27aea111-c761-4159-8f56-4b18a0a94018@group-E71D50C67865-StateMachineUpdater: snapshotIndex: updateIncreasingly -1 -> 5
2021-08-27 19:20:50,357 [27aea111-c761-4159-8f56-4b18a0a94018@group-E71D50C67865-StateMachineUpdater] INFO  raftlog.RaftLog (RaftLogBase.java:purge(306)) - 27aea111-c761-4159-8f56-4b18a0a94018@group-E71D50C67865-SegmentedRaftLog: purge 5
2021-08-27 19:20:50,357 [27aea111-c761-4159-8f56-4b18a0a94018@group-E71D50C67865-StateMachineUpdater] INFO  raftlog.RaftLog (RaftLogBase.java:lambda$new$0(53)) - 27aea111-c761-4159-8f56-4b18a0a94018@group-E71D50C67865-SegmentedRaftLog: snapshotIndex: updateIncreasingly -1 -> 5
2021-08-27 19:20:50,358 [27aea111-c761-4159-8f56-4b18a0a94018@group-E71D50C67865-SegmentedRaftLogWorker] INFO  raftlog.RaftLog (RaftLogBase.java:lambda$new$0(53)) - 27aea111-c761-4159-8f56-4b18a0a94018@group-E71D50C67865-SegmentedRaftLog: purgeIndex: updateToMax old=-1, new=0, updated? true
2021-08-27 19:20:50,383 [Listener at 0.0.0.0/13937] WARN  impl.MetricRegistriesImpl (MetricRegistriesImpl.java:addReporterRegistration(111)) - New reporters are added after registries were created. Some metrics will be missing from the reporter. Please add reporter before adding any new registry.
2021-08-27 19:20:50,383 [Listener at 0.0.0.0/13937] WARN  impl.MetricRegistriesImpl (MetricRegistriesImpl.java:addReporterRegistration(111)) - New reporters are added after registries were created. Some metrics will be missing from the reporter. Please add reporter before adding any new registry.
2021-08-27 19:20:50,394 [Listener at 0.0.0.0/13937] INFO  server.SCMClientProtocolServer (SCMClientProtocolServer.java:start(164)) - RPC server for Client  is listening at /0.0.0.0:13937
2021-08-27 19:20:50,399 [IPC Server Responder] INFO  ipc.Server (Server.java:run(1507)) - IPC Server Responder: starting
2021-08-27 19:20:50,407 [IPC Server listener on 13937] INFO  ipc.Server (Server.java:run(1344)) - IPC Server listener on 13937: starting
2021-08-27 19:20:50,409 [Listener at 0.0.0.0/13937] INFO  server.StorageContainerManager (StorageContainerManager.java:start(1272)) - ScmBlockLocationProtocol RPC server is listening at /0.0.0.0:13936
2021-08-27 19:20:50,409 [Listener at 0.0.0.0/13937] INFO  server.SCMBlockProtocolServer (SCMBlockProtocolServer.java:start(151)) - RPC server for Block Protocol is listening at /0.0.0.0:13936
2021-08-27 19:20:50,409 [IPC Server Responder] INFO  ipc.Server (Server.java:run(1507)) - IPC Server Responder: starting
2021-08-27 19:20:50,410 [IPC Server listener on 13936] INFO  ipc.Server (Server.java:run(1344)) - IPC Server listener on 13936: starting
2021-08-27 19:20:50,416 [Listener at 0.0.0.0/13937] INFO  server.StorageContainerManager (StorageContainerManager.java:start(1278)) - ScmDatanodeProtocl RPC server is listening at /0.0.0.0:13935
2021-08-27 19:20:50,425 [Listener at 0.0.0.0/13937] INFO  http.BaseHttpServer (BaseHttpServer.java:newHttpServer2BuilderForOzone(209)) - Starting Web-server for scm at: http://0.0.0.0:13932
2021-08-27 19:20:50,425 [Listener at 0.0.0.0/13937] INFO  http.BaseHttpServer (BaseHttpServer.java:<init>(107)) - Hadoop Security Enabled: false Ozone Security Enabled: false Ozone HTTP Security Enabled: false 
2021-08-27 19:20:50,427 [Listener at 0.0.0.0/13937] INFO  server.AuthenticationFilter (AuthenticationFilter.java:constructSecretProvider(240)) - Unable to initialize FileSignerSecretProvider, falling back to use random secrets.
2021-08-27 19:20:50,427 [org.apache.hadoop.util.JvmPauseMonitor$Monitor@7cd006ea] INFO  util.JvmPauseMonitor (JvmPauseMonitor.java:run(188)) - Starting JVM pause monitor
2021-08-27 19:20:50,427 [Listener at 0.0.0.0/13937] WARN  http.HttpRequestLog (HttpRequestLog.java:getRequestLog(103)) - Jetty request log can only be enabled using Log4j
2021-08-27 19:20:50,428 [Listener at 0.0.0.0/13937] INFO  http.HttpServer2 (HttpServer2.java:addGlobalFilter(1030)) - Added global filter 'safety' (class=org.apache.hadoop.hdds.server.http.HttpServer2$QuotingInputFilter)
2021-08-27 19:20:50,429 [Listener at 0.0.0.0/13937] INFO  http.HttpServer2 (HttpServer2.java:addFilter(1006)) - Added filter static_user_filter (class=org.apache.hadoop.http.lib.StaticUserWebFilter$StaticUserFilter) to context scm
2021-08-27 19:20:50,429 [Listener at 0.0.0.0/13937] INFO  http.HttpServer2 (HttpServer2.java:addFilter(1014)) - Added filter static_user_filter (class=org.apache.hadoop.http.lib.StaticUserWebFilter$StaticUserFilter) to context static
2021-08-27 19:20:50,429 [Listener at 0.0.0.0/13937] INFO  http.HttpServer2 (HttpServer2.java:addFilter(1014)) - Added filter static_user_filter (class=org.apache.hadoop.http.lib.StaticUserWebFilter$StaticUserFilter) to context logs
2021-08-27 19:20:50,430 [Listener at 0.0.0.0/13937] INFO  http.HttpServer2 (HttpServer2.java:bindListener(1249)) - Jetty bound to port 13932
2021-08-27 19:20:50,430 [Listener at 0.0.0.0/13937] INFO  server.Server (Server.java:doStart(375)) - jetty-9.4.43.v20210629; built: 2021-06-30T11:07:22.254Z; git: 526006ecfa3af7f1a27ef3a288e2bef7ea9dd7e8; jvm 1.8.0_292-b10
2021-08-27 19:20:50,440 [Listener at 0.0.0.0/13937] INFO  server.session (DefaultSessionIdManager.java:doStart(334)) - DefaultSessionIdManager workerName=node0
2021-08-27 19:20:50,441 [Listener at 0.0.0.0/13937] INFO  server.session (DefaultSessionIdManager.java:doStart(339)) - No SessionScavenger set, using defaults
2021-08-27 19:20:50,441 [Listener at 0.0.0.0/13937] INFO  server.session (HouseKeeper.java:startScavenging(132)) - node0 Scavenging every 600000ms
2021-08-27 19:20:50,442 [Listener at 0.0.0.0/13937] INFO  handler.ContextHandler (ContextHandler.java:doStart(915)) - Started o.e.j.s.ServletContextHandler@6f182a43{logs,/logs,file:///home/runner/work/ozone/ozone/hadoop-ozone/integration-test/target/log,AVAILABLE}
2021-08-27 19:20:50,442 [Listener at 0.0.0.0/13937] INFO  handler.ContextHandler (ContextHandler.java:doStart(915)) - Started o.e.j.s.ServletContextHandler@14719b71{static,/static,file:///home/runner/work/ozone/ozone/hadoop-ozone/integration-test/target/test-classes/webapps/static,AVAILABLE}
2021-08-27 19:20:50,445 [Listener at 0.0.0.0/13937] INFO  handler.ContextHandler (ContextHandler.java:doStart(915)) - Started o.e.j.w.WebAppContext@4c39c972{scm,/,file:///home/runner/work/ozone/ozone/hadoop-ozone/integration-test/target/test-classes/webapps/scm/,AVAILABLE}{file:/home/runner/work/ozone/ozone/hadoop-ozone/integration-test/target/test-classes/webapps/scm}
2021-08-27 19:20:50,452 [Listener at 0.0.0.0/13937] INFO  server.AbstractConnector (AbstractConnector.java:doStart(331)) - Started ServerConnector@1b75f094{HTTP/1.1, (http/1.1)}{0.0.0.0:13932}
2021-08-27 19:20:50,452 [Listener at 0.0.0.0/13937] INFO  server.Server (Server.java:doStart(415)) - Started @78599ms
2021-08-27 19:20:50,452 [Listener at 0.0.0.0/13937] WARN  impl.MetricsSystemImpl (MetricsSystemImpl.java:register(279)) - Sink prometheus already exists!
2021-08-27 19:20:50,453 [Listener at 0.0.0.0/13937] INFO  http.BaseHttpServer (BaseHttpServer.java:updateConnectorAddress(329)) - HTTP server of scm listening at http://0.0.0.0:13932
2021-08-27 19:20:50,453 [Listener at 0.0.0.0/13937] INFO  ozone.MiniOzoneHAClusterImpl (MiniOzoneHAClusterImpl.java:createSCMService(564)) - Started SCM RPC server at org.apache.hadoop.hdds.scm.server.SCMClientProtocolServer@d5eed70
2021-08-27 19:20:50,462 [Listener at 0.0.0.0/13937] INFO  ha.SCMHANodeDetails (SCMHANodeDetails.java:loadSCMHAConfig(157)) - ServiceID for StorageContainerManager is scm-service-test1
2021-08-27 19:20:50,462 [Listener at 0.0.0.0/13937] INFO  ha.SCMHANodeDetails (SCMHANodeDetails.java:loadSCMHAConfig(168)) - ServiceID for StorageContainerManager is scm-service-test1
2021-08-27 19:20:50,462 [Listener at 0.0.0.0/13937] WARN  scm.ScmUtils (ScmUtils.java:logWarn(179)) - ConfigKey ozone.scm.block.client.address is deprecated, For configuring different ports for each SCM use PortConfigKey ozone.scm.block.client.port appended with serviceId and nodeId. If want to configure same port configure ozone.scm.block.client.port
2021-08-27 19:20:50,463 [Listener at 0.0.0.0/13937] WARN  scm.ScmUtils (ScmUtils.java:logWarn(179)) - ConfigKey ozone.scm.client.address is deprecated, For configuring different ports for each SCM use PortConfigKey ozone.scm.client.port appended with serviceId and nodeId. If want to configure same port configure ozone.scm.client.port
2021-08-27 19:20:50,463 [Listener at 0.0.0.0/13937] WARN  scm.ScmUtils (ScmUtils.java:logWarn(179)) - ConfigKey ozone.scm.datanode.address is deprecated, For configuring different ports for each SCM use PortConfigKey ozone.scm.datanode.port appended with serviceId and nodeId. If want to configure same port configure ozone.scm.datanode.port
2021-08-27 19:20:50,463 [Listener at 0.0.0.0/13937] WARN  scm.ScmUtils (ScmUtils.java:logWarn(179)) - ConfigKey ozone.scm.block.client.address is deprecated, For configuring different ports for each SCM use PortConfigKey ozone.scm.block.client.port appended with serviceId and nodeId. If want to configure same port configure ozone.scm.block.client.port
2021-08-27 19:20:50,463 [Listener at 0.0.0.0/13937] WARN  scm.ScmUtils (ScmUtils.java:logWarn(179)) - ConfigKey ozone.scm.client.address is deprecated, For configuring different ports for each SCM use PortConfigKey ozone.scm.client.port appended with serviceId and nodeId. If want to configure same port configure ozone.scm.client.port
2021-08-27 19:20:50,463 [Listener at 0.0.0.0/13937] WARN  scm.ScmUtils (ScmUtils.java:logWarn(179)) - ConfigKey ozone.scm.datanode.address is deprecated, For configuring different ports for each SCM use PortConfigKey ozone.scm.datanode.port appended with serviceId and nodeId. If want to configure same port configure ozone.scm.datanode.port
2021-08-27 19:20:50,463 [Listener at 0.0.0.0/13937] INFO  ha.SCMHANodeDetails (SCMHANodeDetails.java:loadSCMHAConfig(250)) - Found matching SCM address with SCMServiceId: scm-service-test1, SCMNodeId: scmNode-3, RPC Address: localhost:13944 and Ratis port: 13944
2021-08-27 19:20:50,463 [Listener at 0.0.0.0/13937] INFO  ha.SCMHANodeDetails (ConfUtils.java:setNodeSpecificConfigs(108)) - Setting configuration key ozone.scm.datanode.address with value of key ozone.scm.datanode.address.scm-service-test1.scmNode-3: 127.0.0.1:13945
2021-08-27 19:20:50,464 [Listener at 0.0.0.0/13937] INFO  ha.SCMHANodeDetails (ConfUtils.java:setNodeSpecificConfigs(108)) - Setting configuration key ozone.scm.block.client.address with value of key ozone.scm.block.client.address.scm-service-test1.scmNode-3: 127.0.0.1:13946
2021-08-27 19:20:50,464 [Listener at 0.0.0.0/13937] INFO  ha.SCMHANodeDetails (ConfUtils.java:setNodeSpecificConfigs(108)) - Setting configuration key ozone.scm.client.address with value of key ozone.scm.client.address.scm-service-test1.scmNode-3: 127.0.0.1:13947
2021-08-27 19:20:50,464 [Listener at 0.0.0.0/13937] INFO  ha.SCMHANodeDetails (ConfUtils.java:setNodeSpecificConfigs(108)) - Setting configuration key ozone.scm.ratis.port with value of key ozone.scm.ratis.port.scm-service-test1.scmNode-3: 13944
2021-08-27 19:20:50,464 [Listener at 0.0.0.0/13937] INFO  ha.SCMHANodeDetails (ConfUtils.java:setNodeSpecificConfigs(108)) - Setting configuration key ozone.scm.grpc.port with value of key ozone.scm.grpc.port.scm-service-test1.scmNode-3: 13948
2021-08-27 19:20:50,464 [Listener at 0.0.0.0/13937] INFO  ha.SCMHANodeDetails (ConfUtils.java:setNodeSpecificConfigs(108)) - Setting configuration key ozone.scm.http-address with value of key ozone.scm.http-address.scm-service-test1.scmNode-3: 127.0.0.1:13942
2021-08-27 19:20:50,464 [Listener at 0.0.0.0/13937] INFO  ha.SCMHANodeDetails (ConfUtils.java:setNodeSpecificConfigs(108)) - Setting configuration key ozone.scm.https-address with value of key ozone.scm.https-address.scm-service-test1.scmNode-3: 127.0.0.1:13943
2021-08-27 19:20:50,464 [Listener at 0.0.0.0/13937] INFO  ha.SCMHANodeDetails (ConfUtils.java:setNodeSpecificConfigs(108)) - Setting configuration key ozone.scm.address with value of key ozone.scm.address.scm-service-test1.scmNode-3: 127.0.0.1
2021-08-27 19:20:50,464 [Listener at 0.0.0.0/13937] WARN  scm.ScmUtils (ScmUtils.java:logWarn(179)) - ConfigKey ozone.scm.block.client.address is deprecated, For configuring different ports for each SCM use PortConfigKey ozone.scm.block.client.port appended with serviceId and nodeId. If want to configure same port configure ozone.scm.block.client.port
2021-08-27 19:20:50,464 [Listener at 0.0.0.0/13937] WARN  scm.ScmUtils (ScmUtils.java:logWarn(179)) - ConfigKey ozone.scm.client.address is deprecated, For configuring different ports for each SCM use PortConfigKey ozone.scm.client.port appended with serviceId and nodeId. If want to configure same port configure ozone.scm.client.port
2021-08-27 19:20:50,464 [Listener at 0.0.0.0/13937] WARN  scm.ScmUtils (ScmUtils.java:logWarn(179)) - ConfigKey ozone.scm.datanode.address is deprecated, For configuring different ports for each SCM use PortConfigKey ozone.scm.datanode.port appended with serviceId and nodeId. If want to configure same port configure ozone.scm.datanode.port
2021-08-27 19:20:50,465 [Listener at 0.0.0.0/13937] WARN  server.ServerUtils (ServerUtils.java:getScmDbDir(148)) - ozone.scm.db.dirs is not configured. We recommend adding this setting. Falling back to ozone.metadata.dirs instead.
2021-08-27 19:20:50,466 [Listener at 0.0.0.0/13937] INFO  ha.SCMNodeInfo (SCMNodeInfo.java:getPort(197)) - ConfigKey ozone.scm.client.address is deprecated, For configuring different ports for each SCM use PortConfigKey ozone.scm.client.port appended with serviceId and nodeId
2021-08-27 19:20:50,466 [Listener at 0.0.0.0/13937] INFO  ha.SCMNodeInfo (SCMNodeInfo.java:getPort(197)) - ConfigKey ozone.scm.block.client.address is deprecated, For configuring different ports for each SCM use PortConfigKey ozone.scm.block.client.port appended with serviceId and nodeId
2021-08-27 19:20:50,467 [Listener at 0.0.0.0/13937] INFO  ha.SCMNodeInfo (SCMNodeInfo.java:getPort(197)) - ConfigKey ozone.scm.datanode.address is deprecated, For configuring different ports for each SCM use PortConfigKey ozone.scm.datanode.port appended with serviceId and nodeId
2021-08-27 19:20:50,467 [Listener at 0.0.0.0/13937] INFO  ha.SCMNodeInfo (SCMNodeInfo.java:getPort(197)) - ConfigKey ozone.scm.client.address is deprecated, For configuring different ports for each SCM use PortConfigKey ozone.scm.client.port appended with serviceId and nodeId
2021-08-27 19:20:50,467 [Listener at 0.0.0.0/13937] INFO  ha.SCMNodeInfo (SCMNodeInfo.java:getPort(197)) - ConfigKey ozone.scm.block.client.address is deprecated, For configuring different ports for each SCM use PortConfigKey ozone.scm.block.client.port appended with serviceId and nodeId
2021-08-27 19:20:50,467 [Listener at 0.0.0.0/13937] INFO  ha.SCMNodeInfo (SCMNodeInfo.java:getPort(197)) - ConfigKey ozone.scm.datanode.address is deprecated, For configuring different ports for each SCM use PortConfigKey ozone.scm.datanode.port appended with serviceId and nodeId
2021-08-27 19:20:50,467 [Listener at 0.0.0.0/13937] INFO  ha.SCMNodeInfo (SCMNodeInfo.java:getPort(197)) - ConfigKey ozone.scm.client.address is deprecated, For configuring different ports for each SCM use PortConfigKey ozone.scm.client.port appended with serviceId and nodeId
2021-08-27 19:20:50,467 [Listener at 0.0.0.0/13937] INFO  ha.SCMNodeInfo (SCMNodeInfo.java:getPort(197)) - ConfigKey ozone.scm.block.client.address is deprecated, For configuring different ports for each SCM use PortConfigKey ozone.scm.block.client.port appended with serviceId and nodeId
2021-08-27 19:20:50,469 [Listener at 0.0.0.0/13937] INFO  ha.SCMNodeInfo (SCMNodeInfo.java:getPort(197)) - ConfigKey ozone.scm.datanode.address is deprecated, For configuring different ports for each SCM use PortConfigKey ozone.scm.datanode.port appended with serviceId and nodeId
2021-08-27 19:20:50,492 [EndpointStateMachine task thread for /127.0.0.1:14971 - 0 ] INFO  ipc.Client (Client.java:handleConnectionFailure(977)) - Retrying connect to server: localhost/127.0.0.1:14971. Already tried 13 time(s); retry policy is RetryUpToMaximumCountWithFixedSleep(maxRetries=15, sleepTime=1000 MILLISECONDS)
2021-08-27 19:20:50,492 [EndpointStateMachine task thread for /127.0.0.1:14981 - 0 ] INFO  ipc.Client (Client.java:handleConnectionFailure(977)) - Retrying connect to server: localhost/127.0.0.1:14981. Already tried 13 time(s); retry policy is RetryUpToMaximumCountWithFixedSleep(maxRetries=15, sleepTime=1000 MILLISECONDS)
2021-08-27 19:20:50,495 [Listener at 0.0.0.0/13937] INFO  server.StorageContainerManager (StorageContainerManager.java:scmBootstrap(954)) - SCM BootStrap  is successful for ClusterID cc6da7a1-649b-4db9-82e6-e71d50c67865, SCMID d21fb43e-e5ae-4596-9449-4ac761036bdb
2021-08-27 19:20:50,495 [Listener at 0.0.0.0/13937] INFO  server.StorageContainerManager (StorageContainerManager.java:scmBootstrap(956)) - Primary SCM Node ID 7154479f-c658-4db8-83d8-3a22722b587d
2021-08-27 19:20:50,495 [Listener at 0.0.0.0/13937] INFO  ha.SCMHANodeDetails (SCMHANodeDetails.java:loadSCMHAConfig(157)) - ServiceID for StorageContainerManager is scm-service-test1
2021-08-27 19:20:50,495 [Listener at 0.0.0.0/13937] INFO  ha.SCMHANodeDetails (SCMHANodeDetails.java:loadSCMHAConfig(168)) - ServiceID for StorageContainerManager is scm-service-test1
2021-08-27 19:20:50,496 [Listener at 0.0.0.0/13937] WARN  scm.ScmUtils (ScmUtils.java:logWarn(179)) - ConfigKey ozone.scm.block.client.address is deprecated, For configuring different ports for each SCM use PortConfigKey ozone.scm.block.client.port appended with serviceId and nodeId. If want to configure same port configure ozone.scm.block.client.port
2021-08-27 19:20:50,496 [Listener at 0.0.0.0/13937] WARN  scm.ScmUtils (ScmUtils.java:logWarn(179)) - ConfigKey ozone.scm.client.address is deprecated, For configuring different ports for each SCM use PortConfigKey ozone.scm.client.port appended with serviceId and nodeId. If want to configure same port configure ozone.scm.client.port
2021-08-27 19:20:50,496 [Listener at 0.0.0.0/13937] WARN  scm.ScmUtils (ScmUtils.java:logWarn(179)) - ConfigKey ozone.scm.datanode.address is deprecated, For configuring different ports for each SCM use PortConfigKey ozone.scm.datanode.port appended with serviceId and nodeId. If want to configure same port configure ozone.scm.datanode.port
2021-08-27 19:20:50,496 [Listener at 0.0.0.0/13937] WARN  scm.ScmUtils (ScmUtils.java:logWarn(179)) - ConfigKey ozone.scm.block.client.address is deprecated, For configuring different ports for each SCM use PortConfigKey ozone.scm.block.client.port appended with serviceId and nodeId. If want to configure same port configure ozone.scm.block.client.port
2021-08-27 19:20:50,496 [Listener at 0.0.0.0/13937] WARN  scm.ScmUtils (ScmUtils.java:logWarn(179)) - ConfigKey ozone.scm.client.address is deprecated, For configuring different ports for each SCM use PortConfigKey ozone.scm.client.port appended with serviceId and nodeId. If want to configure same port configure ozone.scm.client.port
2021-08-27 19:20:50,496 [Listener at 0.0.0.0/13937] WARN  scm.ScmUtils (ScmUtils.java:logWarn(179)) - ConfigKey ozone.scm.datanode.address is deprecated, For configuring different ports for each SCM use PortConfigKey ozone.scm.datanode.port appended with serviceId and nodeId. If want to configure same port configure ozone.scm.datanode.port
2021-08-27 19:20:50,496 [Listener at 0.0.0.0/13937] INFO  ha.SCMHANodeDetails (SCMHANodeDetails.java:loadSCMHAConfig(250)) - Found matching SCM address with SCMServiceId: scm-service-test1, SCMNodeId: scmNode-3, RPC Address: localhost:13944 and Ratis port: 13944
2021-08-27 19:20:50,497 [Listener at 0.0.0.0/13937] INFO  ha.SCMHANodeDetails (ConfUtils.java:setNodeSpecificConfigs(108)) - Setting configuration key ozone.scm.datanode.address with value of key ozone.scm.datanode.address.scm-service-test1.scmNode-3: 127.0.0.1:13945
2021-08-27 19:20:50,497 [Listener at 0.0.0.0/13937] INFO  ha.SCMHANodeDetails (ConfUtils.java:setNodeSpecificConfigs(108)) - Setting configuration key ozone.scm.block.client.address with value of key ozone.scm.block.client.address.scm-service-test1.scmNode-3: 127.0.0.1:13946
2021-08-27 19:20:50,497 [Listener at 0.0.0.0/13937] INFO  ha.SCMHANodeDetails (ConfUtils.java:setNodeSpecificConfigs(108)) - Setting configuration key ozone.scm.client.address with value of key ozone.scm.client.address.scm-service-test1.scmNode-3: 127.0.0.1:13947
2021-08-27 19:20:50,497 [Listener at 0.0.0.0/13937] INFO  ha.SCMHANodeDetails (ConfUtils.java:setNodeSpecificConfigs(108)) - Setting configuration key ozone.scm.ratis.port with value of key ozone.scm.ratis.port.scm-service-test1.scmNode-3: 13944
2021-08-27 19:20:50,497 [Listener at 0.0.0.0/13937] INFO  ha.SCMHANodeDetails (ConfUtils.java:setNodeSpecificConfigs(108)) - Setting configuration key ozone.scm.grpc.port with value of key ozone.scm.grpc.port.scm-service-test1.scmNode-3: 13948
2021-08-27 19:20:50,497 [Listener at 0.0.0.0/13937] INFO  ha.SCMHANodeDetails (ConfUtils.java:setNodeSpecificConfigs(108)) - Setting configuration key ozone.scm.http-address with value of key ozone.scm.http-address.scm-service-test1.scmNode-3: 127.0.0.1:13942
2021-08-27 19:20:50,497 [Listener at 0.0.0.0/13937] INFO  ha.SCMHANodeDetails (ConfUtils.java:setNodeSpecificConfigs(108)) - Setting configuration key ozone.scm.https-address with value of key ozone.scm.https-address.scm-service-test1.scmNode-3: 127.0.0.1:13943
2021-08-27 19:20:50,497 [Listener at 0.0.0.0/13937] INFO  ha.SCMHANodeDetails (ConfUtils.java:setNodeSpecificConfigs(108)) - Setting configuration key ozone.scm.address with value of key ozone.scm.address.scm-service-test1.scmNode-3: 127.0.0.1
2021-08-27 19:20:50,497 [Listener at 0.0.0.0/13937] WARN  scm.ScmUtils (ScmUtils.java:logWarn(179)) - ConfigKey ozone.scm.block.client.address is deprecated, For configuring different ports for each SCM use PortConfigKey ozone.scm.block.client.port appended with serviceId and nodeId. If want to configure same port configure ozone.scm.block.client.port
2021-08-27 19:20:50,498 [Listener at 0.0.0.0/13937] WARN  scm.ScmUtils (ScmUtils.java:logWarn(179)) - ConfigKey ozone.scm.client.address is deprecated, For configuring different ports for each SCM use PortConfigKey ozone.scm.client.port appended with serviceId and nodeId. If want to configure same port configure ozone.scm.client.port
2021-08-27 19:20:50,498 [Listener at 0.0.0.0/13937] WARN  scm.ScmUtils (ScmUtils.java:logWarn(179)) - ConfigKey ozone.scm.datanode.address is deprecated, For configuring different ports for each SCM use PortConfigKey ozone.scm.datanode.port appended with serviceId and nodeId. If want to configure same port configure ozone.scm.datanode.port
2021-08-27 19:20:50,498 [Listener at 0.0.0.0/13937] WARN  server.ServerUtils (ServerUtils.java:getScmDbDir(148)) - ozone.scm.db.dirs is not configured. We recommend adding this setting. Falling back to ozone.metadata.dirs instead.
2021-08-27 19:20:50,499 [Listener at 0.0.0.0/13937] INFO  upgrade.AbstractLayoutVersionManager (AbstractLayoutVersionManager.java:init(70)) - Initializing Layout version manager with metadata layout = SCM_HA (version = 2), software layout = SCM_HA (version = 2)
2021-08-27 19:20:50,576 [Listener at 0.0.0.0/13937] INFO  reflections.Reflections (Reflections.java:scan(232)) - Reflections took 76 ms to scan 7 urls, producing 120 keys and 275 values 
2021-08-27 19:20:50,583 [Listener at 0.0.0.0/13937] WARN  utils.HAUtils (HAUtils.java:getMetaDir(342)) - ozone.scm.db.dirs is not configured. We recommend adding this setting. Falling back to ozone.metadata.dirs instead.
2021-08-27 19:20:50,584 [Listener at 0.0.0.0/13937] WARN  db.DBStoreBuilder (DBStoreBuilder.java:applyDBDefinition(145)) - ozone.scm.db.dirs is not configured. We recommend adding this setting. Falling back to ozone.metadata.dirs instead.
2021-08-27 19:20:50,690 [Listener at 0.0.0.0/13937] INFO  net.NodeSchemaLoader (NodeSchemaLoader.java:loadSchemaFromFile(129)) - Loading schema from [jar:file:/home/runner/.m2/repository/org/apache/ozone/hdds-common/1.2.0-SNAPSHOT/hdds-common-1.2.0-SNAPSHOT.jar!/network-topology-default.xml]
2021-08-27 19:20:50,690 [Listener at 0.0.0.0/13937] INFO  net.NodeSchemaLoader (NodeSchemaLoader.java:loadSchema(176)) - Loading network topology layer schema file
2021-08-27 19:20:50,693 [Listener at 0.0.0.0/13937] INFO  ha.SCMRatisServerImpl (SCMRatisServerImpl.java:<init>(87)) - starting Raft server for scm:d21fb43e-e5ae-4596-9449-4ac761036bdb
2021-08-27 19:20:50,696 [Listener at 0.0.0.0/13937] INFO  server.RaftServer (ConfUtils.java:logGet(44)) - raft.rpc.type = GRPC (default)
2021-08-27 19:20:50,697 [Listener at 0.0.0.0/13937] INFO  grpc.GrpcFactory (GrpcFactory.java:checkPooledByteBufAllocatorUseCacheForAllThreads(48)) - PERFORMANCE WARNING: useCacheForAllThreads is true that may cause Netty to create a lot garbage objects and, as a result, trigger GC.
	It is recommended to disable useCacheForAllThreads by setting -Dorg.apache.ratis.thirdparty.io.netty.allocator.useCacheForAllThreads=false in command line.
2021-08-27 19:20:50,698 [Listener at 0.0.0.0/13937] INFO  grpc.GrpcConfigKeys (ConfUtils.java:logGet(44)) - raft.grpc.admin.port = -1 (default)
2021-08-27 19:20:50,698 [Listener at 0.0.0.0/13937] INFO  grpc.GrpcConfigKeys (ConfUtils.java:logGet(44)) - raft.grpc.server.port = 13944 (custom)
2021-08-27 19:20:50,698 [Listener at 0.0.0.0/13937] INFO  grpc.GrpcConfigKeys (ConfUtils.java:logGet(44)) - raft.grpc.client.port = -1 (default)
2021-08-27 19:20:50,698 [Listener at 0.0.0.0/13937] INFO  grpc.GrpcConfigKeys (ConfUtils.java:logGet(44)) - raft.grpc.server.port = 13944 (custom)
2021-08-27 19:20:50,699 [Listener at 0.0.0.0/13937] INFO  grpc.GrpcConfigKeys (ConfUtils.java:logGet(44)) - raft.grpc.server.port = 13944 (custom)
2021-08-27 19:20:50,699 [Listener at 0.0.0.0/13937] INFO  server.GrpcService (ConfUtils.java:logGet(44)) - raft.grpc.message.size.max = 32m (=33554432) (custom)
2021-08-27 19:20:50,699 [Listener at 0.0.0.0/13937] INFO  server.RaftServerConfigKeys (ConfUtils.java:logGet(44)) - raft.server.log.appender.buffer.byte-limit = 33554432 (custom)
2021-08-27 19:20:50,699 [Listener at 0.0.0.0/13937] INFO  server.GrpcService (ConfUtils.java:logGet(44)) - raft.grpc.flow.control.window = 1MB (=1048576) (default)
2021-08-27 19:20:50,699 [Listener at 0.0.0.0/13937] INFO  server.RaftServerConfigKeys (ConfUtils.java:logGet(44)) - raft.server.rpc.request.timeout = 30000ms (custom)
2021-08-27 19:20:50,704 [Listener at 0.0.0.0/13937] INFO  impl.DataStreamServerImpl (ConfUtils.java:logGet(44)) - raft.datastream.type = DISABLED (default)
2021-08-27 19:20:50,704 [Listener at 0.0.0.0/13937] INFO  server.RaftServerConfigKeys (ConfUtils.java:logGet(44)) - raft.server.rpc.slowness.timeout = 120000ms (custom)
2021-08-27 19:20:50,704 [Listener at 0.0.0.0/13937] INFO  server.RaftServerConfigKeys (ConfUtils.java:logGet(44)) - raft.server.leaderelection.leader.step-down.wait-time = 10s (default)
2021-08-27 19:20:50,704 [Listener at 0.0.0.0/13937] INFO  server.RaftServerConfigKeys (ConfUtils.java:logGet(44)) - raft.server.storage.dir = [/home/runner/work/ozone/ozone/hadoop-ozone/integration-test/target/test-dir/MiniOzoneClusterImpl-cc6da7a1-649b-4db9-82e6-e71d50c67865/scmNode-3/scm-ha] (custom)
2021-08-27 19:20:50,704 [Listener at 0.0.0.0/13937] INFO  server.RaftServer (RaftServerProxy.java:addNew(95)) - d21fb43e-e5ae-4596-9449-4ac761036bdb: addNew group-E71D50C67865:[] returns group-E71D50C67865:java.util.concurrent.CompletableFuture@2acc5a39[Not completed]
2021-08-27 19:20:50,705 [pool-227-thread-1] INFO  server.RaftServer$Division (RaftServerImpl.java:<init>(181)) - d21fb43e-e5ae-4596-9449-4ac761036bdb: new RaftServerImpl for group-E71D50C67865:[] with SCMStateMachine:uninitialized
2021-08-27 19:20:50,706 [pool-227-thread-1] INFO  server.RaftServerConfigKeys (ConfUtils.java:logGet(44)) - raft.server.rpc.timeout.min = 5000ms (custom)
2021-08-27 19:20:50,706 [pool-227-thread-1] INFO  server.RaftServerConfigKeys (ConfUtils.java:logGet(44)) - raft.server.rpc.timeout.max = 5200ms (custom)
2021-08-27 19:20:50,706 [pool-227-thread-1] INFO  server.RaftServerConfigKeys (ConfUtils.java:logGet(44)) - raft.server.rpc.sleep.time = 25ms (default)
2021-08-27 19:20:50,706 [pool-227-thread-1] INFO  server.RaftServerConfigKeys (ConfUtils.java:logGet(44)) - raft.server.rpc.slowness.timeout = 120000ms (custom)
2021-08-27 19:20:50,706 [pool-227-thread-1] INFO  server.RaftServerConfigKeys (ConfUtils.java:logGet(44)) - raft.server.leaderelection.leader.step-down.wait-time = 10s (default)
2021-08-27 19:20:50,706 [pool-227-thread-1] INFO  server.RaftServerConfigKeys (ConfUtils.java:logGet(44)) - raft.server.sleep.deviation.threshold = 300ms (default)
2021-08-27 19:20:50,706 [pool-227-thread-1] INFO  server.RaftServerConfigKeys (ConfUtils.java:logGet(44)) - raft.server.log.appender.install.snapshot.enabled = false (custom)
2021-08-27 19:20:50,706 [pool-227-thread-1] INFO  server.RaftServer$Division (ServerState.java:<init>(105)) - d21fb43e-e5ae-4596-9449-4ac761036bdb@group-E71D50C67865: ConfigurationManager, init=-1: [], old=null, confs=<EMPTY_MAP>
2021-08-27 19:20:50,706 [pool-227-thread-1] INFO  server.RaftServerConfigKeys (ConfUtils.java:logGet(44)) - raft.server.storage.dir = [/home/runner/work/ozone/ozone/hadoop-ozone/integration-test/target/test-dir/MiniOzoneClusterImpl-cc6da7a1-649b-4db9-82e6-e71d50c67865/scmNode-3/scm-ha] (custom)
2021-08-27 19:20:50,706 [pool-227-thread-1] INFO  server.RaftServerConfigKeys (ConfUtils.java:logGet(44)) - raft.server.log.corruption.policy = EXCEPTION (default)
2021-08-27 19:20:50,706 [pool-227-thread-1] INFO  server.RaftServerConfigKeys (ConfUtils.java:logGet(44)) - raft.server.storage.free-space.min = 0MB (=0) (default)
2021-08-27 19:20:50,706 [pool-227-thread-1] INFO  storage.RaftStorageDirectory (RaftStorageDirectoryImpl.java:analyzeStorage(135)) - The storage directory /home/runner/work/ozone/ozone/hadoop-ozone/integration-test/target/test-dir/MiniOzoneClusterImpl-cc6da7a1-649b-4db9-82e6-e71d50c67865/scmNode-3/scm-ha/cc6da7a1-649b-4db9-82e6-e71d50c67865 does not exist. Creating ...
2021-08-27 19:20:50,709 [pool-227-thread-1] INFO  storage.RaftStorageDirectory (RaftStorageDirectoryImpl.java:tryLock(230)) - Lock on /home/runner/work/ozone/ozone/hadoop-ozone/integration-test/target/test-dir/MiniOzoneClusterImpl-cc6da7a1-649b-4db9-82e6-e71d50c67865/scmNode-3/scm-ha/cc6da7a1-649b-4db9-82e6-e71d50c67865/in_use.lock acquired by nodename 15536@fv-az59-836
2021-08-27 19:20:50,715 [pool-227-thread-1] INFO  storage.RaftStorage (RaftStorageImpl.java:format(89)) - Storage directory /home/runner/work/ozone/ozone/hadoop-ozone/integration-test/target/test-dir/MiniOzoneClusterImpl-cc6da7a1-649b-4db9-82e6-e71d50c67865/scmNode-3/scm-ha/cc6da7a1-649b-4db9-82e6-e71d50c67865 has been successfully formatted.
2021-08-27 19:20:50,715 [pool-227-thread-1] INFO  server.RaftServerConfigKeys (ConfUtils.java:logGet(44)) - raft.server.notification.no-leader.timeout = 60s (default)
2021-08-27 19:20:50,715 [pool-227-thread-1] INFO  server.RaftServerConfigKeys (ConfUtils.java:logGet(44)) - raft.server.log.use.memory = false (default)
2021-08-27 19:20:50,715 [pool-227-thread-1] INFO  server.RaftServerConfigKeys (ConfUtils.java:logGet(44)) - raft.server.log.purge.gap = 5 (custom)
2021-08-27 19:20:50,715 [pool-227-thread-1] INFO  server.RaftServerConfigKeys (ConfUtils.java:logGet(44)) - raft.server.log.appender.buffer.byte-limit = 33554432 (custom)
2021-08-27 19:20:50,716 [pool-227-thread-1] INFO  server.RaftServerConfigKeys (ConfUtils.java:logGet(44)) - raft.server.log.segment.size.max = 16384 (custom)
2021-08-27 19:20:50,716 [pool-227-thread-1] INFO  server.RaftServerConfigKeys (ConfUtils.java:logGet(44)) - raft.server.log.segment.cache.num.max = 2 (custom)
2021-08-27 19:20:50,716 [pool-227-thread-1] INFO  server.RaftServerConfigKeys (ConfUtils.java:logGet(44)) - raft.server.log.segment.cache.size.max = 200MB (=209715200) (default)
2021-08-27 19:20:50,716 [pool-227-thread-1] INFO  segmented.SegmentedRaftLogWorker (SegmentedRaftLogWorker.java:<init>(182)) - new d21fb43e-e5ae-4596-9449-4ac761036bdb@group-E71D50C67865-SegmentedRaftLogWorker for RaftStorageImpl:Storage Directory /home/runner/work/ozone/ozone/hadoop-ozone/integration-test/target/test-dir/MiniOzoneClusterImpl-cc6da7a1-649b-4db9-82e6-e71d50c67865/scmNode-3/scm-ha/cc6da7a1-649b-4db9-82e6-e71d50c67865
2021-08-27 19:20:50,716 [pool-227-thread-1] INFO  server.RaftServerConfigKeys (ConfUtils.java:logGet(44)) - raft.server.log.queue.byte-limit = 64MB (=67108864) (default)
2021-08-27 19:20:50,716 [pool-227-thread-1] INFO  server.RaftServerConfigKeys (ConfUtils.java:logGet(44)) - raft.server.log.queue.element-limit = 4096 (default)
2021-08-27 19:20:50,716 [pool-227-thread-1] INFO  server.RaftServerConfigKeys (ConfUtils.java:logGet(44)) - raft.server.log.segment.size.max = 16384 (custom)
2021-08-27 19:20:50,716 [pool-227-thread-1] INFO  server.RaftServerConfigKeys (ConfUtils.java:logGet(44)) - raft.server.log.preallocated.size = 16384 (custom)
2021-08-27 19:20:50,716 [pool-227-thread-1] INFO  server.RaftServerConfigKeys (ConfUtils.java:logGet(44)) - raft.server.log.force.sync.num = 128 (default)
2021-08-27 19:20:50,716 [pool-227-thread-1] INFO  server.RaftServerConfigKeys (ConfUtils.java:logGet(44)) - raft.server.log.statemachine.data.sync = true (default)
2021-08-27 19:20:50,717 [pool-227-thread-1] INFO  server.RaftServerConfigKeys (ConfUtils.java:logGet(44)) - raft.server.log.statemachine.data.sync.timeout = 10s (default)
2021-08-27 19:20:50,717 [pool-227-thread-1] INFO  server.RaftServerConfigKeys (ConfUtils.java:logGet(44)) - raft.server.log.statemachine.data.sync.timeout.retry = -1 (default)
2021-08-27 19:20:50,717 [pool-227-thread-1] INFO  server.RaftServerConfigKeys (ConfUtils.java:logGet(44)) - raft.server.log.write.buffer.size = 64KB (=65536) (default)
2021-08-27 19:20:50,717 [pool-227-thread-1] INFO  server.RaftServerConfigKeys (ConfUtils.java:logGet(44)) - raft.server.log.statemachine.data.caching.enabled = false (default)
2021-08-27 19:20:50,718 [pool-227-thread-1] INFO  segmented.SegmentedRaftLogWorker (SegmentedRaftLogWorker.java:lambda$new$0(133)) - d21fb43e-e5ae-4596-9449-4ac761036bdb@group-E71D50C67865-SegmentedRaftLogWorker: flushIndex: setUnconditionally 0 -> -1
2021-08-27 19:20:50,718 [pool-227-thread-1] INFO  segmented.SegmentedRaftLogWorker (SegmentedRaftLogWorker.java:lambda$new$0(133)) - d21fb43e-e5ae-4596-9449-4ac761036bdb@group-E71D50C67865-SegmentedRaftLogWorker: safeCacheEvictIndex: setUnconditionally 0 -> -1
2021-08-27 19:20:50,719 [pool-227-thread-1] INFO  server.RaftServerConfigKeys (ConfUtils.java:logGet(44)) - raft.server.snapshot.auto.trigger.enabled = true (custom)
2021-08-27 19:20:50,719 [pool-227-thread-1] INFO  server.RaftServerConfigKeys (ConfUtils.java:logGet(44)) - raft.server.snapshot.auto.trigger.threshold = 5 (custom)
2021-08-27 19:20:50,719 [pool-227-thread-1] INFO  server.RaftServerConfigKeys (ConfUtils.java:logGet(44)) - raft.server.snapshot.retention.file.num = -1 (default)
2021-08-27 19:20:50,719 [pool-227-thread-1] INFO  server.RaftServerConfigKeys (ConfUtils.java:logGet(44)) - raft.server.log.purge.upto.snapshot.index = true (custom)
2021-08-27 19:20:50,719 [pool-227-thread-1] INFO  server.RaftServerConfigKeys (ConfUtils.java:logGet(44)) - raft.server.retrycache.expirytime = 60000ms (default)
2021-08-27 19:20:50,719 [pool-227-thread-1] INFO  server.RaftServerConfigKeys (ConfUtils.java:logGet(44)) - raft.server.retrycache.statistics.expirytime = 100μs (default)
2021-08-27 19:20:50,724 [Listener at 0.0.0.0/13937] INFO  ha.SCMSnapshotProvider (SCMSnapshotProvider.java:<init>(66)) - Initializing SCM Snapshot Provider
2021-08-27 19:20:50,724 [Listener at 0.0.0.0/13937] WARN  server.ServerUtils (ServerUtils.java:getDefaultRatisDirectory(237)) - Storage directory for Ratis is not configured. It is a good idea to map this to an SSD disk. Falling back to ozone.metadata.dirs
2021-08-27 19:20:50,724 [Listener at 0.0.0.0/13937] WARN  ha.SCMHAUtils (SCMHAUtils.java:getSCMRatisSnapshotDirectory(146)) - SCM snapshot dir is not configured. Falling back to ozone.metadata.dirs config
2021-08-27 19:20:50,725 [Listener at 0.0.0.0/13937] INFO  ha.SequenceIdGenerator (SequenceIdGenerator.java:upgradeToSequenceId(327)) - upgrade localId to 107544261427200000
2021-08-27 19:20:50,725 [Listener at 0.0.0.0/13937] INFO  ha.SequenceIdGenerator (SequenceIdGenerator.java:upgradeToSequenceId(337)) - upgrade delTxnId to 0
2021-08-27 19:20:50,726 [Listener at 0.0.0.0/13937] INFO  ha.SequenceIdGenerator (SequenceIdGenerator.java:upgradeToSequenceId(351)) - upgrade containerId to 0
2021-08-27 19:20:50,726 [Listener at 0.0.0.0/13937] INFO  ha.SequenceIdGenerator (SequenceIdGenerator.java:<init>(217)) - Init the HA SequenceIdGenerator.
2021-08-27 19:20:50,726 [Listener at 0.0.0.0/13937] WARN  server.ServerUtils (ServerUtils.java:sanitizeUserArgs(73)) - ozone.scm.stale.node.interval value = 300000 is larger than max = 100000 based on the key value of ozone.scm.heartbeat.thread.interval, reset to the max value 100000.
2021-08-27 19:20:50,726 [Listener at 0.0.0.0/13937] WARN  server.ServerUtils (ServerUtils.java:sanitizeUserArgs(73)) - ozone.scm.stale.node.interval value = 300000 is larger than max = 100000 based on the key value of ozone.scm.heartbeat.thread.interval, reset to the max value 100000.
2021-08-27 19:20:50,735 [Listener at 0.0.0.0/13937] INFO  node.SCMNodeManager (SCMNodeManager.java:<init>(145)) - Entering startup safe mode.
2021-08-27 19:20:50,736 [Listener at 0.0.0.0/13937] INFO  algorithms.ContainerPlacementPolicyFactory (ContainerPlacementPolicyFactory.java:getPolicy(60)) - Create container placement policy of type org.apache.hadoop.hdds.scm.container.placement.algorithms.SCMContainerPlacementRandom
2021-08-27 19:20:50,736 [Listener at 0.0.0.0/13937] INFO  pipeline.PipelineStateManager (PipelineStateManagerV2Impl.java:initialize(78)) - No pipeline exists in current db
2021-08-27 19:20:50,736 [Listener at 0.0.0.0/13937] INFO  algorithms.LeaderChoosePolicyFactory (LeaderChoosePolicyFactory.java:getPolicy(57)) - Create leader choose policy of type org.apache.hadoop.hdds.scm.pipeline.leader.choose.algorithms.MinLeaderCountChoosePolicy
2021-08-27 19:20:50,736 [Listener at 0.0.0.0/13937] INFO  ha.SCMServiceManager (SCMServiceManager.java:register(43)) - Registering service BackgroundPipelineCreator.
2021-08-27 19:20:50,737 [Listener at 0.0.0.0/13937] INFO  pipeline.BackgroundPipelineCreator (BackgroundPipelineCreatorV2.java:start(130)) - Starting RatisPipelineUtilsThread.
2021-08-27 19:20:50,737 [Listener at 0.0.0.0/13937] INFO  algorithms.PipelineChoosePolicyFactory (PipelineChoosePolicyFactory.java:createPipelineChoosePolicyFromClass(73)) - Create pipeline choose policy of type org.apache.hadoop.hdds.scm.pipeline.choose.algorithms.RandomPipelineChoosePolicy
2021-08-27 19:20:50,738 [Listener at 0.0.0.0/13937] INFO  ha.SCMServiceManager (SCMServiceManager.java:register(43)) - Registering service SCMBlockDeletingService.
2021-08-27 19:20:50,738 [Listener at 0.0.0.0/13937] INFO  ha.SCMServiceManager (SCMServiceManager.java:register(43)) - Registering service ReplicationManager.
2021-08-27 19:20:50,738 [Listener at 0.0.0.0/13937] INFO  container.ReplicationManager (ReplicationManager.java:start(307)) - Starting Replication Monitor Thread.
2021-08-27 19:20:50,744 [Listener at 0.0.0.0/13937] INFO  safemode.ContainerSafeModeRule (ContainerSafeModeRule.java:<init>(89)) - containers with one replica threshold count 0
2021-08-27 19:20:50,748 [Listener at 0.0.0.0/13937] INFO  safemode.HealthyPipelineSafeModeRule (HealthyPipelineSafeModeRule.java:initializeRule(156)) - Total pipeline count is 0, healthy pipeline threshold count is 1
2021-08-27 19:20:50,748 [Listener at 0.0.0.0/13937] INFO  safemode.OneReplicaPipelineSafeModeRule (OneReplicaPipelineSafeModeRule.java:initializeRule(180)) - Total pipeline count is 0, pipeline's with at least one datanode reported threshold count is 0
2021-08-27 19:20:50,754 [Listener at 0.0.0.0/13937] INFO  ipc.CallQueueManager (CallQueueManager.java:<init>(90)) - Using callQueue: class java.util.concurrent.LinkedBlockingQueue, queueCapacity: 2000, scheduler: class org.apache.hadoop.ipc.DefaultRpcScheduler, ipcBackoff: false.
2021-08-27 19:20:50,755 [Socket Reader #1 for port 13945] INFO  ipc.Server (Server.java:run(1265)) - Starting Socket Reader #1 for port 13945
2021-08-27 19:20:50,756 [ReplicationMonitor] INFO  container.ReplicationManager (ReplicationManager.java:processAll(359)) - Replication Monitor Thread took 0 milliseconds for processing 0 containers.
2021-08-27 19:20:50,761 [Listener at 0.0.0.0/13945] INFO  ipc.CallQueueManager (CallQueueManager.java:<init>(90)) - Using callQueue: class java.util.concurrent.LinkedBlockingQueue, queueCapacity: 2000, scheduler: class org.apache.hadoop.ipc.DefaultRpcScheduler, ipcBackoff: false.
2021-08-27 19:20:50,765 [Socket Reader #1 for port 13946] INFO  ipc.Server (Server.java:run(1265)) - Starting Socket Reader #1 for port 13946
2021-08-27 19:20:50,771 [Listener at 0.0.0.0/13946] INFO  ipc.CallQueueManager (CallQueueManager.java:<init>(90)) - Using callQueue: class java.util.concurrent.LinkedBlockingQueue, queueCapacity: 2000, scheduler: class org.apache.hadoop.ipc.DefaultRpcScheduler, ipcBackoff: false.
2021-08-27 19:20:50,777 [Socket Reader #1 for port 13947] INFO  ipc.Server (Server.java:run(1265)) - Starting Socket Reader #1 for port 13947
2021-08-27 19:20:50,829 [Listener at 0.0.0.0/13947] INFO  algorithms.ContainerPlacementPolicyFactory (ContainerPlacementPolicyFactory.java:getPolicy(60)) - Create container placement policy of type org.apache.hadoop.hdds.scm.container.placement.algorithms.SCMContainerPlacementRandom
2021-08-27 19:20:50,829 [Listener at 0.0.0.0/13947] INFO  server.StorageContainerManager (StorageContainerManager.java:<init>(387)) - 
Container Balancer status:
Key                            Value
Running                        false
Container Balancer Configuration values:
Key                                                Value
Threshold                                          0.1
Max Datanodes to Involve per Iteration(ratio)      0.5
Max Size to Move per Iteration                     10737418240B

2021-08-27 19:20:50,829 [Listener at 0.0.0.0/13947] WARN  events.EventQueue (EventQueue.java:fireEvent(194)) - No event handler registered for event TypedEvent{payloadType=SafeModeStatus, name='Safe mode status'}
2021-08-27 19:20:50,830 [Listener at 0.0.0.0/13947] INFO  ha.SCMContext (SCMContext.java:updateSafeModeStatus(205)) - Update SafeModeStatus from SafeModeStatus{safeModeStatus=true, preCheckPassed=false} to SafeModeStatus{safeModeStatus=true, preCheckPassed=false}.
2021-08-27 19:20:50,830 [Listener at 0.0.0.0/13947] INFO  ozone.MiniOzoneHAClusterImpl (MiniOzoneHAClusterImpl.java:createSCMService(568)) - Intialized SCM at org.apache.hadoop.hdds.scm.server.SCMClientProtocolServer@7b161b91. This SCM is currently inactive (not running).
2021-08-27 19:20:50,832 [Listener at 0.0.0.0/13947] INFO  ha.OMHANodeDetails (OMHANodeDetails.java:loadOMHAConfig(118)) - ServiceID for OzoneManager is om-service-test1
2021-08-27 19:20:50,838 [Listener at 0.0.0.0/13947] INFO  ha.OMHANodeDetails (OMHANodeDetails.java:loadOMHAConfig(194)) - Found matching OM address with OMServiceId: om-service-test1, OMNodeId: omNode-1, RPC Address: localhost:13592 and Ratis port: 13596
2021-08-27 19:20:50,841 [Listener at 0.0.0.0/13947] INFO  ha.OMHANodeDetails (ConfUtils.java:setNodeSpecificConfigs(108)) - Setting configuration key ozone.om.http-address with value of key ozone.om.http-address.om-service-test1.omNode-1: 127.0.0.1:13594
2021-08-27 19:20:50,841 [Listener at 0.0.0.0/13947] INFO  ha.OMHANodeDetails (ConfUtils.java:setNodeSpecificConfigs(108)) - Setting configuration key ozone.om.https-address with value of key ozone.om.https-address.om-service-test1.omNode-1: 127.0.0.1:13595
2021-08-27 19:20:50,841 [Listener at 0.0.0.0/13947] INFO  ha.OMHANodeDetails (ConfUtils.java:setNodeSpecificConfigs(108)) - Setting configuration key ozone.om.address with value of key ozone.om.address.om-service-test1.omNode-1: 127.0.0.1:13592
2021-08-27 19:20:50,847 [Listener at 0.0.0.0/13947] WARN  server.ServerUtils (ServerUtils.java:getDBPath(225)) - ozone.om.db.dirs is not configured. We recommend adding this setting. Falling back to ozone.metadata.dirs instead.
2021-08-27 19:20:50,848 [Listener at 0.0.0.0/13947] INFO  ha.SCMNodeInfo (SCMNodeInfo.java:getPort(197)) - ConfigKey ozone.scm.client.address is deprecated, For configuring different ports for each SCM use PortConfigKey ozone.scm.client.port appended with serviceId and nodeId
2021-08-27 19:20:50,849 [Listener at 0.0.0.0/13947] INFO  ha.SCMNodeInfo (SCMNodeInfo.java:getPort(197)) - ConfigKey ozone.scm.block.client.address is deprecated, For configuring different ports for each SCM use PortConfigKey ozone.scm.block.client.port appended with serviceId and nodeId
2021-08-27 19:20:50,849 [Listener at 0.0.0.0/13947] INFO  ha.SCMNodeInfo (SCMNodeInfo.java:getPort(197)) - ConfigKey ozone.scm.datanode.address is deprecated, For configuring different ports for each SCM use PortConfigKey ozone.scm.datanode.port appended with serviceId and nodeId
2021-08-27 19:20:50,849 [Listener at 0.0.0.0/13947] INFO  ha.SCMNodeInfo (SCMNodeInfo.java:getPort(197)) - ConfigKey ozone.scm.client.address is deprecated, For configuring different ports for each SCM use PortConfigKey ozone.scm.client.port appended with serviceId and nodeId
2021-08-27 19:20:50,849 [Listener at 0.0.0.0/13947] INFO  ha.SCMNodeInfo (SCMNodeInfo.java:getPort(197)) - ConfigKey ozone.scm.block.client.address is deprecated, For configuring different ports for each SCM use PortConfigKey ozone.scm.block.client.port appended with serviceId and nodeId
2021-08-27 19:20:50,849 [Listener at 0.0.0.0/13947] INFO  ha.SCMNodeInfo (SCMNodeInfo.java:getPort(197)) - ConfigKey ozone.scm.datanode.address is deprecated, For configuring different ports for each SCM use PortConfigKey ozone.scm.datanode.port appended with serviceId and nodeId
2021-08-27 19:20:50,849 [Listener at 0.0.0.0/13947] INFO  ha.SCMNodeInfo (SCMNodeInfo.java:getPort(197)) - ConfigKey ozone.scm.client.address is deprecated, For configuring different ports for each SCM use PortConfigKey ozone.scm.client.port appended with serviceId and nodeId
2021-08-27 19:20:50,849 [Listener at 0.0.0.0/13947] INFO  ha.SCMNodeInfo (SCMNodeInfo.java:getPort(197)) - ConfigKey ozone.scm.block.client.address is deprecated, For configuring different ports for each SCM use PortConfigKey ozone.scm.block.client.port appended with serviceId and nodeId
2021-08-27 19:20:50,849 [Listener at 0.0.0.0/13947] INFO  ha.SCMNodeInfo (SCMNodeInfo.java:getPort(197)) - ConfigKey ozone.scm.datanode.address is deprecated, For configuring different ports for each SCM use PortConfigKey ozone.scm.datanode.port appended with serviceId and nodeId
OM initialization succeeded.Current cluster id for sd=/home/runner/work/ozone/ozone/hadoop-ozone/integration-test/target/test-dir/MiniOzoneClusterImpl-cc6da7a1-649b-4db9-82e6-e71d50c67865/omNode-1/om;cid=cc6da7a1-649b-4db9-82e6-e71d50c67865;layoutVersion=0
2021-08-27 19:20:50,875 [Listener at 0.0.0.0/13947] INFO  ha.OMHANodeDetails (OMHANodeDetails.java:loadOMHAConfig(118)) - ServiceID for OzoneManager is om-service-test1
2021-08-27 19:20:50,875 [Listener at 0.0.0.0/13947] INFO  ha.OMHANodeDetails (OMHANodeDetails.java:loadOMHAConfig(194)) - Found matching OM address with OMServiceId: om-service-test1, OMNodeId: omNode-1, RPC Address: localhost:13592 and Ratis port: 13596
2021-08-27 19:20:50,875 [Listener at 0.0.0.0/13947] INFO  ha.OMHANodeDetails (ConfUtils.java:setNodeSpecificConfigs(108)) - Setting configuration key ozone.om.http-address with value of key ozone.om.http-address.om-service-test1.omNode-1: 127.0.0.1:13594
2021-08-27 19:20:50,875 [Listener at 0.0.0.0/13947] INFO  ha.OMHANodeDetails (ConfUtils.java:setNodeSpecificConfigs(108)) - Setting configuration key ozone.om.https-address with value of key ozone.om.https-address.om-service-test1.omNode-1: 127.0.0.1:13595
2021-08-27 19:20:50,875 [Listener at 0.0.0.0/13947] INFO  ha.OMHANodeDetails (ConfUtils.java:setNodeSpecificConfigs(108)) - Setting configuration key ozone.om.address with value of key ozone.om.address.om-service-test1.omNode-1: 127.0.0.1:13592
2021-08-27 19:20:50,876 [Listener at 0.0.0.0/13947] WARN  server.ServerUtils (ServerUtils.java:getDBPath(225)) - ozone.om.db.dirs is not configured. We recommend adding this setting. Falling back to ozone.metadata.dirs instead.
2021-08-27 19:20:50,876 [Listener at 0.0.0.0/13947] INFO  upgrade.AbstractLayoutVersionManager (AbstractLayoutVersionManager.java:init(70)) - Initializing Layout version manager with metadata layout = INITIAL_VERSION (version = 0), software layout = INITIAL_VERSION (version = 0)
2021-08-27 19:20:50,996 [Listener at 0.0.0.0/13947] INFO  reflections.Reflections (Reflections.java:scan(232)) - Reflections took 119 ms to scan 2 urls, producing 131 keys and 342 values [using 2 cores]
2021-08-27 19:20:50,996 [Listener at 0.0.0.0/13947] INFO  upgrade.OMLayoutVersionManager (OMLayoutVersionManager.java:lambda$0(116)) - Skipping Upgrade Action MockOmUpgradeAction since it has been finalized.
2021-08-27 19:20:50,996 [Listener at 0.0.0.0/13947] WARN  server.ServerUtils (ServerUtils.java:getDBPath(225)) - ozone.om.db.dirs is not configured. We recommend adding this setting. Falling back to ozone.metadata.dirs instead.
2021-08-27 19:20:50,997 [Listener at 0.0.0.0/13947] INFO  ha.SCMNodeInfo (SCMNodeInfo.java:getPort(197)) - ConfigKey ozone.scm.client.address is deprecated, For configuring different ports for each SCM use PortConfigKey ozone.scm.client.port appended with serviceId and nodeId
2021-08-27 19:20:50,997 [Listener at 0.0.0.0/13947] INFO  ha.SCMNodeInfo (SCMNodeInfo.java:getPort(197)) - ConfigKey ozone.scm.block.client.address is deprecated, For configuring different ports for each SCM use PortConfigKey ozone.scm.block.client.port appended with serviceId and nodeId
2021-08-27 19:20:50,997 [Listener at 0.0.0.0/13947] INFO  ha.SCMNodeInfo (SCMNodeInfo.java:getPort(197)) - ConfigKey ozone.scm.datanode.address is deprecated, For configuring different ports for each SCM use PortConfigKey ozone.scm.datanode.port appended with serviceId and nodeId
2021-08-27 19:20:50,997 [Listener at 0.0.0.0/13947] INFO  ha.SCMNodeInfo (SCMNodeInfo.java:getPort(197)) - ConfigKey ozone.scm.client.address is deprecated, For configuring different ports for each SCM use PortConfigKey ozone.scm.client.port appended with serviceId and nodeId
2021-08-27 19:20:50,997 [Listener at 0.0.0.0/13947] INFO  ha.SCMNodeInfo (SCMNodeInfo.java:getPort(197)) - ConfigKey ozone.scm.block.client.address is deprecated, For configuring different ports for each SCM use PortConfigKey ozone.scm.block.client.port appended with serviceId and nodeId
2021-08-27 19:20:50,997 [Listener at 0.0.0.0/13947] INFO  ha.SCMNodeInfo (SCMNodeInfo.java:getPort(197)) - ConfigKey ozone.scm.datanode.address is deprecated, For configuring different ports for each SCM use PortConfigKey ozone.scm.datanode.port appended with serviceId and nodeId
2021-08-27 19:20:50,997 [Listener at 0.0.0.0/13947] INFO  ha.SCMNodeInfo (SCMNodeInfo.java:getPort(197)) - ConfigKey ozone.scm.client.address is deprecated, For configuring different ports for each SCM use PortConfigKey ozone.scm.client.port appended with serviceId and nodeId
2021-08-27 19:20:50,998 [Listener at 0.0.0.0/13947] INFO  ha.SCMNodeInfo (SCMNodeInfo.java:getPort(197)) - ConfigKey ozone.scm.block.client.address is deprecated, For configuring different ports for each SCM use PortConfigKey ozone.scm.block.client.port appended with serviceId and nodeId
2021-08-27 19:20:50,998 [Listener at 0.0.0.0/13947] INFO  ha.SCMNodeInfo (SCMNodeInfo.java:getPort(197)) - ConfigKey ozone.scm.datanode.address is deprecated, For configuring different ports for each SCM use PortConfigKey ozone.scm.datanode.port appended with serviceId and nodeId
2021-08-27 19:20:50,998 [Listener at 0.0.0.0/13947] INFO  ha.SCMNodeInfo (SCMNodeInfo.java:getPort(197)) - ConfigKey ozone.scm.client.address is deprecated, For configuring different ports for each SCM use PortConfigKey ozone.scm.client.port appended with serviceId and nodeId
2021-08-27 19:20:50,998 [Listener at 0.0.0.0/13947] INFO  ha.SCMNodeInfo (SCMNodeInfo.java:getPort(197)) - ConfigKey ozone.scm.block.client.address is deprecated, For configuring different ports for each SCM use PortConfigKey ozone.scm.block.client.port appended with serviceId and nodeId
2021-08-27 19:20:50,998 [Listener at 0.0.0.0/13947] INFO  ha.SCMNodeInfo (SCMNodeInfo.java:getPort(197)) - ConfigKey ozone.scm.datanode.address is deprecated, For configuring different ports for each SCM use PortConfigKey ozone.scm.datanode.port appended with serviceId and nodeId
2021-08-27 19:20:50,998 [Listener at 0.0.0.0/13947] INFO  ha.SCMNodeInfo (SCMNodeInfo.java:getPort(197)) - ConfigKey ozone.scm.client.address is deprecated, For configuring different ports for each SCM use PortConfigKey ozone.scm.client.port appended with serviceId and nodeId
2021-08-27 19:20:50,998 [Listener at 0.0.0.0/13947] INFO  ha.SCMNodeInfo (SCMNodeInfo.java:getPort(197)) - ConfigKey ozone.scm.block.client.address is deprecated, For configuring different ports for each SCM use PortConfigKey ozone.scm.block.client.port appended with serviceId and nodeId
2021-08-27 19:20:50,999 [Listener at 0.0.0.0/13947] INFO  ha.SCMNodeInfo (SCMNodeInfo.java:getPort(197)) - ConfigKey ozone.scm.datanode.address is deprecated, For configuring different ports for each SCM use PortConfigKey ozone.scm.datanode.port appended with serviceId and nodeId
2021-08-27 19:20:50,999 [Listener at 0.0.0.0/13947] INFO  ha.SCMNodeInfo (SCMNodeInfo.java:getPort(197)) - ConfigKey ozone.scm.client.address is deprecated, For configuring different ports for each SCM use PortConfigKey ozone.scm.client.port appended with serviceId and nodeId
2021-08-27 19:20:50,999 [Listener at 0.0.0.0/13947] INFO  ha.SCMNodeInfo (SCMNodeInfo.java:getPort(197)) - ConfigKey ozone.scm.block.client.address is deprecated, For configuring different ports for each SCM use PortConfigKey ozone.scm.block.client.port appended with serviceId and nodeId
2021-08-27 19:20:50,999 [Listener at 0.0.0.0/13947] INFO  ha.SCMNodeInfo (SCMNodeInfo.java:getPort(197)) - ConfigKey ozone.scm.datanode.address is deprecated, For configuring different ports for each SCM use PortConfigKey ozone.scm.datanode.port appended with serviceId and nodeId
2021-08-27 19:20:51,000 [Listener at 0.0.0.0/13947] INFO  ha.SCMNodeInfo (SCMNodeInfo.java:getPort(197)) - ConfigKey ozone.scm.client.address is deprecated, For configuring different ports for each SCM use PortConfigKey ozone.scm.client.port appended with serviceId and nodeId
2021-08-27 19:20:51,000 [Listener at 0.0.0.0/13947] INFO  ha.SCMNodeInfo (SCMNodeInfo.java:getPort(197)) - ConfigKey ozone.scm.block.client.address is deprecated, For configuring different ports for each SCM use PortConfigKey ozone.scm.block.client.port appended with serviceId and nodeId
2021-08-27 19:20:51,000 [Listener at 0.0.0.0/13947] INFO  ha.SCMNodeInfo (SCMNodeInfo.java:getPort(197)) - ConfigKey ozone.scm.datanode.address is deprecated, For configuring different ports for each SCM use PortConfigKey ozone.scm.datanode.port appended with serviceId and nodeId
2021-08-27 19:20:51,001 [Listener at 0.0.0.0/13947] INFO  ha.SCMNodeInfo (SCMNodeInfo.java:getPort(197)) - ConfigKey ozone.scm.client.address is deprecated, For configuring different ports for each SCM use PortConfigKey ozone.scm.client.port appended with serviceId and nodeId
2021-08-27 19:20:51,001 [Listener at 0.0.0.0/13947] INFO  ha.SCMNodeInfo (SCMNodeInfo.java:getPort(197)) - ConfigKey ozone.scm.block.client.address is deprecated, For configuring different ports for each SCM use PortConfigKey ozone.scm.block.client.port appended with serviceId and nodeId
2021-08-27 19:20:51,001 [Listener at 0.0.0.0/13947] INFO  ha.SCMNodeInfo (SCMNodeInfo.java:getPort(197)) - ConfigKey ozone.scm.datanode.address is deprecated, For configuring different ports for each SCM use PortConfigKey ozone.scm.datanode.port appended with serviceId and nodeId
2021-08-27 19:20:51,001 [Listener at 0.0.0.0/13947] INFO  ha.SCMNodeInfo (SCMNodeInfo.java:getPort(197)) - ConfigKey ozone.scm.client.address is deprecated, For configuring different ports for each SCM use PortConfigKey ozone.scm.client.port appended with serviceId and nodeId
2021-08-27 19:20:51,001 [Listener at 0.0.0.0/13947] INFO  ha.SCMNodeInfo (SCMNodeInfo.java:getPort(197)) - ConfigKey ozone.scm.block.client.address is deprecated, For configuring different ports for each SCM use PortConfigKey ozone.scm.block.client.port appended with serviceId and nodeId
2021-08-27 19:20:51,001 [Listener at 0.0.0.0/13947] INFO  ha.SCMNodeInfo (SCMNodeInfo.java:getPort(197)) - ConfigKey ozone.scm.datanode.address is deprecated, For configuring different ports for each SCM use PortConfigKey ozone.scm.datanode.port appended with serviceId and nodeId
2021-08-27 19:20:51,020 [Listener at 0.0.0.0/13947] WARN  server.ServerUtils (ServerUtils.java:getDBPath(225)) - ozone.om.db.dirs is not configured. We recommend adding this setting. Falling back to ozone.metadata.dirs instead.
2021-08-27 19:20:51,021 [Listener at 0.0.0.0/13947] INFO  codec.OmKeyInfoCodec (OmKeyInfoCodec.java:<init>(51)) - OmKeyInfoCodec ignorePipeline = true
2021-08-27 19:20:51,021 [Listener at 0.0.0.0/13947] INFO  codec.RepeatedOmKeyInfoCodec (RepeatedOmKeyInfoCodec.java:<init>(42)) - RepeatedOmKeyInfoCodec ignorePipeline = true
2021-08-27 19:20:51,192 [EndpointStateMachine task thread for /127.0.0.1:14961 - 0 ] INFO  ipc.Client (Client.java:handleConnectionFailure(977)) - Retrying connect to server: localhost/127.0.0.1:14961. Already tried 1 time(s); retry policy is RetryUpToMaximumCountWithFixedSleep(maxRetries=15, sleepTime=1000 MILLISECONDS)
2021-08-27 19:20:51,224 [Listener at 0.0.0.0/13947] INFO  om.OzoneManager (OzoneManager.java:addS3GVolumeToDB(4115)) - Created Volume s3v With Owner runner required for S3Gateway operations.
2021-08-27 19:20:51,224 [Listener at 0.0.0.0/13947] WARN  server.ServerUtils (ServerUtils.java:getDefaultRatisDirectory(237)) - Storage directory for Ratis is not configured. It is a good idea to map this to an SSD disk. Falling back to ozone.metadata.dirs
2021-08-27 19:20:51,225 [Listener at 0.0.0.0/13947] WARN  utils.OzoneManagerRatisUtils (OzoneManagerRatisUtils.java:getOMRatisSnapshotDirectory(391)) - ozone.om.ratis.snapshot.dir is not configured. Falling back to ozone.metadata.dirs config
2021-08-27 19:20:51,225 [Listener at 0.0.0.0/13947] WARN  impl.MetricRegistriesImpl (MetricRegistriesImpl.java:addReporterRegistration(111)) - New reporters are added after registries were created. Some metrics will be missing from the reporter. Please add reporter before adding any new registry.
2021-08-27 19:20:51,225 [Listener at 0.0.0.0/13947] WARN  impl.MetricRegistriesImpl (MetricRegistriesImpl.java:addReporterRegistration(111)) - New reporters are added after registries were created. Some metrics will be missing from the reporter. Please add reporter before adding any new registry.
2021-08-27 19:20:51,225 [Listener at 0.0.0.0/13947] WARN  server.ServerUtils (ServerUtils.java:getDefaultRatisDirectory(237)) - Storage directory for Ratis is not configured. It is a good idea to map this to an SSD disk. Falling back to ozone.metadata.dirs
2021-08-27 19:20:51,227 [Listener at 0.0.0.0/13947] INFO  ratis.OzoneManagerRatisServer (OzoneManagerRatisServer.java:<init>(158)) - Instantiating OM Ratis server with groupID: om-service-test1 and peers: localhost:13596
2021-08-27 19:20:51,230 [Listener at 0.0.0.0/13947] INFO  ratis.OzoneManagerStateMachine (OzoneManagerStateMachine.java:loadSnapshotInfoFromDB(605)) - LastAppliedIndex is set from TransactionInfo from OM DB as (t:0, i:~)
2021-08-27 19:20:51,233 [Listener at 0.0.0.0/13947] INFO  server.RaftServer (ConfUtils.java:logGet(44)) - raft.rpc.type = GRPC (default)
2021-08-27 19:20:51,233 [Listener at 0.0.0.0/13947] INFO  grpc.GrpcFactory (GrpcFactory.java:checkPooledByteBufAllocatorUseCacheForAllThreads(48)) - PERFORMANCE WARNING: useCacheForAllThreads is true that may cause Netty to create a lot garbage objects and, as a result, trigger GC.
	It is recommended to disable useCacheForAllThreads by setting -Dorg.apache.ratis.thirdparty.io.netty.allocator.useCacheForAllThreads=false in command line.
2021-08-27 19:20:51,234 [Listener at 0.0.0.0/13947] INFO  grpc.GrpcConfigKeys (ConfUtils.java:logGet(44)) - raft.grpc.admin.port = -1 (default)
2021-08-27 19:20:51,234 [Listener at 0.0.0.0/13947] INFO  grpc.GrpcConfigKeys (ConfUtils.java:logGet(44)) - raft.grpc.server.port = 13596 (custom)
2021-08-27 19:20:51,234 [Listener at 0.0.0.0/13947] INFO  grpc.GrpcConfigKeys (ConfUtils.java:logGet(44)) - raft.grpc.client.port = -1 (default)
2021-08-27 19:20:51,234 [Listener at 0.0.0.0/13947] INFO  grpc.GrpcConfigKeys (ConfUtils.java:logGet(44)) - raft.grpc.server.port = 13596 (custom)
2021-08-27 19:20:51,234 [Listener at 0.0.0.0/13947] INFO  grpc.GrpcConfigKeys (ConfUtils.java:logGet(44)) - raft.grpc.server.port = 13596 (custom)
2021-08-27 19:20:51,234 [Listener at 0.0.0.0/13947] INFO  server.GrpcService (ConfUtils.java:logGet(44)) - raft.grpc.message.size.max = 33554432 (custom)
2021-08-27 19:20:51,234 [Listener at 0.0.0.0/13947] INFO  server.RaftServerConfigKeys (ConfUtils.java:logGet(44)) - raft.server.log.appender.buffer.byte-limit = 33554432 (custom)
2021-08-27 19:20:51,234 [Listener at 0.0.0.0/13947] INFO  server.GrpcService (ConfUtils.java:logGet(44)) - raft.grpc.flow.control.window = 1MB (=1048576) (default)
2021-08-27 19:20:51,235 [Listener at 0.0.0.0/13947] INFO  server.RaftServerConfigKeys (ConfUtils.java:logGet(44)) - raft.server.rpc.request.timeout = 3000ms (default)
2021-08-27 19:20:51,236 [Listener at 0.0.0.0/13947] INFO  impl.DataStreamServerImpl (ConfUtils.java:logGet(44)) - raft.datastream.type = DISABLED (default)
2021-08-27 19:20:51,236 [Listener at 0.0.0.0/13947] INFO  server.RaftServerConfigKeys (ConfUtils.java:logGet(44)) - raft.server.rpc.slowness.timeout = 2s (custom)
2021-08-27 19:20:51,236 [Listener at 0.0.0.0/13947] INFO  server.RaftServerConfigKeys (ConfUtils.java:logGet(44)) - raft.server.leaderelection.leader.step-down.wait-time = 10s (default)
2021-08-27 19:20:51,236 [Listener at 0.0.0.0/13947] INFO  server.RaftServerConfigKeys (ConfUtils.java:logGet(44)) - raft.server.storage.dir = [/home/runner/work/ozone/ozone/hadoop-ozone/integration-test/target/test-dir/MiniOzoneClusterImpl-cc6da7a1-649b-4db9-82e6-e71d50c67865/omNode-1/ratis] (custom)
2021-08-27 19:20:51,237 [Listener at 0.0.0.0/13947] INFO  server.RaftServer (RaftServerProxy.java:addNew(95)) - omNode-1: addNew group-523986131536:[omNode-1|rpc:localhost:13596|priority:0] returns group-523986131536:java.util.concurrent.CompletableFuture@89f4d09[Not completed]
2021-08-27 19:20:51,237 [Listener at 0.0.0.0/13947] INFO  om.OzoneManager (OzoneManager.java:initializeRatisServer(1573)) - OzoneManager Ratis server initialized at port 13596
2021-08-27 19:20:51,238 [Listener at 0.0.0.0/13947] INFO  ipc.CallQueueManager (CallQueueManager.java:<init>(90)) - Using callQueue: class java.util.concurrent.LinkedBlockingQueue, queueCapacity: 2000, scheduler: class org.apache.hadoop.ipc.DefaultRpcScheduler, ipcBackoff: false.
2021-08-27 19:20:51,239 [pool-251-thread-1] INFO  server.RaftServer$Division (RaftServerImpl.java:<init>(181)) - omNode-1: new RaftServerImpl for group-523986131536:[omNode-1|rpc:localhost:13596|priority:0] with OzoneManagerStateMachine:uninitialized
2021-08-27 19:20:51,239 [Socket Reader #1 for port 13592] INFO  ipc.Server (Server.java:run(1265)) - Starting Socket Reader #1 for port 13592
2021-08-27 19:20:51,245 [pool-251-thread-1] INFO  server.RaftServerConfigKeys (ConfUtils.java:logGet(44)) - raft.server.rpc.timeout.min = 1s (custom)
2021-08-27 19:20:51,245 [pool-251-thread-1] INFO  server.RaftServerConfigKeys (ConfUtils.java:logGet(44)) - raft.server.rpc.timeout.max = 1200ms (custom)
2021-08-27 19:20:51,246 [pool-251-thread-1] INFO  server.RaftServerConfigKeys (ConfUtils.java:logGet(44)) - raft.server.rpc.sleep.time = 25ms (default)
2021-08-27 19:20:51,246 [pool-251-thread-1] INFO  server.RaftServerConfigKeys (ConfUtils.java:logGet(44)) - raft.server.rpc.slowness.timeout = 2s (custom)
2021-08-27 19:20:51,246 [pool-251-thread-1] INFO  server.RaftServerConfigKeys (ConfUtils.java:logGet(44)) - raft.server.leaderelection.leader.step-down.wait-time = 10s (default)
2021-08-27 19:20:51,269 [pool-251-thread-1] INFO  server.RaftServerConfigKeys (ConfUtils.java:logGet(44)) - raft.server.sleep.deviation.threshold = 300ms (default)
2021-08-27 19:20:51,269 [pool-251-thread-1] INFO  server.RaftServerConfigKeys (ConfUtils.java:logGet(44)) - raft.server.log.appender.install.snapshot.enabled = false (custom)
2021-08-27 19:20:51,269 [pool-251-thread-1] INFO  server.RaftServer$Division (ServerState.java:<init>(105)) - omNode-1@group-523986131536: ConfigurationManager, init=-1: [omNode-1|rpc:localhost:13596|priority:0], old=null, confs=<EMPTY_MAP>
2021-08-27 19:20:51,269 [pool-251-thread-1] INFO  server.RaftServerConfigKeys (ConfUtils.java:logGet(44)) - raft.server.storage.dir = [/home/runner/work/ozone/ozone/hadoop-ozone/integration-test/target/test-dir/MiniOzoneClusterImpl-cc6da7a1-649b-4db9-82e6-e71d50c67865/omNode-1/ratis] (custom)
2021-08-27 19:20:51,269 [pool-251-thread-1] INFO  server.RaftServerConfigKeys (ConfUtils.java:logGet(44)) - raft.server.log.corruption.policy = EXCEPTION (default)
2021-08-27 19:20:51,269 [pool-251-thread-1] INFO  server.RaftServerConfigKeys (ConfUtils.java:logGet(44)) - raft.server.storage.free-space.min = 0MB (=0) (default)
2021-08-27 19:20:51,269 [pool-251-thread-1] INFO  storage.RaftStorageDirectory (RaftStorageDirectoryImpl.java:analyzeStorage(135)) - The storage directory /home/runner/work/ozone/ozone/hadoop-ozone/integration-test/target/test-dir/MiniOzoneClusterImpl-cc6da7a1-649b-4db9-82e6-e71d50c67865/omNode-1/ratis/c9bc4cf4-3bc3-3c60-a66b-523986131536 does not exist. Creating ...
2021-08-27 19:20:51,271 [pool-251-thread-1] INFO  storage.RaftStorageDirectory (RaftStorageDirectoryImpl.java:tryLock(230)) - Lock on /home/runner/work/ozone/ozone/hadoop-ozone/integration-test/target/test-dir/MiniOzoneClusterImpl-cc6da7a1-649b-4db9-82e6-e71d50c67865/omNode-1/ratis/c9bc4cf4-3bc3-3c60-a66b-523986131536/in_use.lock acquired by nodename 15536@fv-az59-836
2021-08-27 19:20:51,272 [pool-251-thread-1] INFO  storage.RaftStorage (RaftStorageImpl.java:format(89)) - Storage directory /home/runner/work/ozone/ozone/hadoop-ozone/integration-test/target/test-dir/MiniOzoneClusterImpl-cc6da7a1-649b-4db9-82e6-e71d50c67865/omNode-1/ratis/c9bc4cf4-3bc3-3c60-a66b-523986131536 has been successfully formatted.
2021-08-27 19:20:51,272 [pool-251-thread-1] INFO  server.RaftServerConfigKeys (ConfUtils.java:logGet(44)) - raft.server.notification.no-leader.timeout = 2s (custom)
2021-08-27 19:20:51,272 [pool-251-thread-1] INFO  server.RaftServerConfigKeys (ConfUtils.java:logGet(44)) - raft.server.log.use.memory = false (default)
2021-08-27 19:20:51,272 [pool-251-thread-1] INFO  server.RaftServerConfigKeys (ConfUtils.java:logGet(44)) - raft.server.log.purge.gap = 1000000 (custom)
2021-08-27 19:20:51,272 [pool-251-thread-1] INFO  server.RaftServerConfigKeys (ConfUtils.java:logGet(44)) - raft.server.log.appender.buffer.byte-limit = 33554432 (custom)
2021-08-27 19:20:51,272 [pool-251-thread-1] INFO  server.RaftServerConfigKeys (ConfUtils.java:logGet(44)) - raft.server.log.segment.size.max = 4194304 (custom)
2021-08-27 19:20:51,273 [pool-251-thread-1] INFO  server.RaftServerConfigKeys (ConfUtils.java:logGet(44)) - raft.server.log.segment.cache.num.max = 2 (custom)
2021-08-27 19:20:51,273 [pool-251-thread-1] INFO  server.RaftServerConfigKeys (ConfUtils.java:logGet(44)) - raft.server.log.segment.cache.size.max = 200MB (=209715200) (default)
2021-08-27 19:20:51,273 [pool-251-thread-1] INFO  segmented.SegmentedRaftLogWorker (SegmentedRaftLogWorker.java:<init>(182)) - new omNode-1@group-523986131536-SegmentedRaftLogWorker for RaftStorageImpl:Storage Directory /home/runner/work/ozone/ozone/hadoop-ozone/integration-test/target/test-dir/MiniOzoneClusterImpl-cc6da7a1-649b-4db9-82e6-e71d50c67865/omNode-1/ratis/c9bc4cf4-3bc3-3c60-a66b-523986131536
2021-08-27 19:20:51,273 [pool-251-thread-1] INFO  server.RaftServerConfigKeys (ConfUtils.java:logGet(44)) - raft.server.log.queue.byte-limit = 64MB (=67108864) (default)
2021-08-27 19:20:51,273 [pool-251-thread-1] INFO  server.RaftServerConfigKeys (ConfUtils.java:logGet(44)) - raft.server.log.queue.element-limit = 4096 (default)
2021-08-27 19:20:51,273 [pool-251-thread-1] INFO  server.RaftServerConfigKeys (ConfUtils.java:logGet(44)) - raft.server.log.segment.size.max = 4194304 (custom)
2021-08-27 19:20:51,273 [pool-251-thread-1] INFO  server.RaftServerConfigKeys (ConfUtils.java:logGet(44)) - raft.server.log.preallocated.size = 4194304 (custom)
2021-08-27 19:20:51,273 [pool-251-thread-1] INFO  server.RaftServerConfigKeys (ConfUtils.java:logGet(44)) - raft.server.log.force.sync.num = 128 (default)
2021-08-27 19:20:51,273 [pool-251-thread-1] INFO  server.RaftServerConfigKeys (ConfUtils.java:logGet(44)) - raft.server.log.statemachine.data.sync = true (default)
2021-08-27 19:20:51,273 [pool-251-thread-1] INFO  server.RaftServerConfigKeys (ConfUtils.java:logGet(44)) - raft.server.log.statemachine.data.sync.timeout = 10s (default)
2021-08-27 19:20:51,273 [pool-251-thread-1] INFO  server.RaftServerConfigKeys (ConfUtils.java:logGet(44)) - raft.server.log.statemachine.data.sync.timeout.retry = -1 (default)
2021-08-27 19:20:51,274 [pool-251-thread-1] INFO  server.RaftServerConfigKeys (ConfUtils.java:logGet(44)) - raft.server.log.write.buffer.size = 64KB (=65536) (default)
2021-08-27 19:20:51,274 [pool-251-thread-1] INFO  server.RaftServerConfigKeys (ConfUtils.java:logGet(44)) - raft.server.log.statemachine.data.caching.enabled = false (default)
2021-08-27 19:20:51,274 [pool-251-thread-1] INFO  segmented.SegmentedRaftLogWorker (SegmentedRaftLogWorker.java:lambda$new$0(133)) - omNode-1@group-523986131536-SegmentedRaftLogWorker: flushIndex: setUnconditionally 0 -> -1
2021-08-27 19:20:51,274 [pool-251-thread-1] INFO  segmented.SegmentedRaftLogWorker (SegmentedRaftLogWorker.java:lambda$new$0(133)) - omNode-1@group-523986131536-SegmentedRaftLogWorker: safeCacheEvictIndex: setUnconditionally 0 -> -1
2021-08-27 19:20:51,287 [pool-251-thread-1] INFO  server.RaftServerConfigKeys (ConfUtils.java:logGet(44)) - raft.server.snapshot.auto.trigger.enabled = true (custom)
2021-08-27 19:20:51,287 [pool-251-thread-1] INFO  server.RaftServerConfigKeys (ConfUtils.java:logGet(44)) - raft.server.snapshot.auto.trigger.threshold = 400000 (default)
2021-08-27 19:20:51,287 [pool-251-thread-1] INFO  server.RaftServerConfigKeys (ConfUtils.java:logGet(44)) - raft.server.snapshot.retention.file.num = -1 (default)
2021-08-27 19:20:51,287 [pool-251-thread-1] INFO  server.RaftServerConfigKeys (ConfUtils.java:logGet(44)) - raft.server.log.purge.upto.snapshot.index = true (custom)
2021-08-27 19:20:51,287 [pool-251-thread-1] INFO  server.RaftServerConfigKeys (ConfUtils.java:logGet(44)) - raft.server.retrycache.expirytime = 300s (custom)
2021-08-27 19:20:51,287 [pool-251-thread-1] INFO  server.RaftServerConfigKeys (ConfUtils.java:logGet(44)) - raft.server.retrycache.statistics.expirytime = 100μs (default)
2021-08-27 19:20:51,297 [Listener at 127.0.0.1/13592] INFO  om.OzoneManager (OzoneManager.java:initFSOLayout(4321)) - Configured ozone.om.metadata.layout=SIMPLE and disabled optimized OM FS operations
2021-08-27 19:20:51,299 [Listener at 127.0.0.1/13592] INFO  impl.MetricsSystemImpl (MetricsSystemImpl.java:init(158)) - OzoneManager metrics system started (again)
2021-08-27 19:20:51,326 [Listener at 127.0.0.1/13592] INFO  om.OzoneManager (OzoneManager.java:start(1270)) - OzoneManager RPC server is listening at localhost/127.0.0.1:13592
2021-08-27 19:20:51,327 [Listener at 127.0.0.1/13592] INFO  ratis.OzoneManagerRatisServer (OzoneManagerRatisServer.java:start(516)) - Starting OzoneManagerRatisServer omNode-1 at port 13596
2021-08-27 19:20:51,327 [Listener at 127.0.0.1/13592] INFO  server.RaftServer$Division (RaftServerImpl.java:start(296)) - omNode-1@group-523986131536: start as a follower, conf=-1: [omNode-1|rpc:localhost:13596|priority:0], old=null
2021-08-27 19:20:51,327 [Listener at 127.0.0.1/13592] INFO  server.RaftServer$Division (RaftServerImpl.java:setRole(285)) - omNode-1@group-523986131536: changes role from      null to FOLLOWER at term 0 for startAsFollower
2021-08-27 19:20:51,328 [Listener at 127.0.0.1/13592] INFO  impl.RoleInfo (RoleInfo.java:updateAndGet(130)) - omNode-1: start omNode-1@group-523986131536-FollowerState
2021-08-27 19:20:51,334 [Listener at 127.0.0.1/13592] INFO  util.JmxRegister (JmxRegister.java:tryRegister(44)) - Successfully registered JMX Bean with object name Ratis:service=RaftServer,group=group-523986131536,id=omNode-1
2021-08-27 19:20:51,342 [Listener at 127.0.0.1/13592] INFO  server.RaftServer (RaftServerProxy.java:lambda$start$5(374)) - omNode-1: start RPC server
2021-08-27 19:20:51,348 [Listener at 127.0.0.1/13592] INFO  server.GrpcService (GrpcService.java:startImpl(253)) - omNode-1: GrpcService started, listening on 13596
2021-08-27 19:20:51,348 [Listener at 127.0.0.1/13592] INFO  om.OzoneManager (OzoneManager.java:start(1288)) - Version File has different layout version (0) than OM DB (null). That is expected if this OM has never been finalized to a newer layout version.
2021-08-27 19:20:51,348 [org.apache.ratis.util.JvmPauseMonitor$$Lambda$499/1326998608@24c8fc2b] INFO  util.JvmPauseMonitor (JvmPauseMonitor.java:run(103)) - JvmPauseMonitor-omNode-1: Started
2021-08-27 19:20:51,368 [Listener at 127.0.0.1/13592] INFO  http.BaseHttpServer (BaseHttpServer.java:newHttpServer2BuilderForOzone(209)) - Starting Web-server for ozoneManager at: http://0.0.0.0:13594
2021-08-27 19:20:51,368 [Listener at 127.0.0.1/13592] INFO  http.BaseHttpServer (BaseHttpServer.java:<init>(107)) - Hadoop Security Enabled: false Ozone Security Enabled: false Ozone HTTP Security Enabled: false 
2021-08-27 19:20:51,369 [Listener at 127.0.0.1/13592] INFO  server.AuthenticationFilter (AuthenticationFilter.java:constructSecretProvider(240)) - Unable to initialize FileSignerSecretProvider, falling back to use random secrets.
2021-08-27 19:20:51,377 [Listener at 127.0.0.1/13592] WARN  http.HttpRequestLog (HttpRequestLog.java:getRequestLog(103)) - Jetty request log can only be enabled using Log4j
2021-08-27 19:20:51,378 [Listener at 127.0.0.1/13592] INFO  http.HttpServer2 (HttpServer2.java:addGlobalFilter(1030)) - Added global filter 'safety' (class=org.apache.hadoop.hdds.server.http.HttpServer2$QuotingInputFilter)
2021-08-27 19:20:51,379 [Listener at 127.0.0.1/13592] INFO  http.HttpServer2 (HttpServer2.java:addFilter(1006)) - Added filter static_user_filter (class=org.apache.hadoop.http.lib.StaticUserWebFilter$StaticUserFilter) to context ozoneManager
2021-08-27 19:20:51,380 [Listener at 127.0.0.1/13592] INFO  http.HttpServer2 (HttpServer2.java:addFilter(1014)) - Added filter static_user_filter (class=org.apache.hadoop.http.lib.StaticUserWebFilter$StaticUserFilter) to context logs
2021-08-27 19:20:51,380 [Listener at 127.0.0.1/13592] INFO  http.HttpServer2 (HttpServer2.java:addFilter(1014)) - Added filter static_user_filter (class=org.apache.hadoop.http.lib.StaticUserWebFilter$StaticUserFilter) to context static
2021-08-27 19:20:51,380 [Listener at 127.0.0.1/13592] INFO  http.HttpServer2 (HttpServer2.java:bindListener(1249)) - Jetty bound to port 13594
2021-08-27 19:20:51,380 [Listener at 127.0.0.1/13592] INFO  server.Server (Server.java:doStart(375)) - jetty-9.4.43.v20210629; built: 2021-06-30T11:07:22.254Z; git: 526006ecfa3af7f1a27ef3a288e2bef7ea9dd7e8; jvm 1.8.0_292-b10
2021-08-27 19:20:51,390 [Listener at 127.0.0.1/13592] INFO  server.session (DefaultSessionIdManager.java:doStart(334)) - DefaultSessionIdManager workerName=node0
2021-08-27 19:20:51,390 [Listener at 127.0.0.1/13592] INFO  server.session (DefaultSessionIdManager.java:doStart(339)) - No SessionScavenger set, using defaults
2021-08-27 19:20:51,390 [Listener at 127.0.0.1/13592] INFO  server.session (HouseKeeper.java:startScavenging(132)) - node0 Scavenging every 660000ms
2021-08-27 19:20:51,391 [Listener at 127.0.0.1/13592] INFO  handler.ContextHandler (ContextHandler.java:doStart(915)) - Started o.e.j.s.ServletContextHandler@6dc92399{logs,/logs,file:///home/runner/work/ozone/ozone/hadoop-ozone/integration-test/target/log,AVAILABLE}
2021-08-27 19:20:51,391 [Listener at 127.0.0.1/13592] INFO  handler.ContextHandler (ContextHandler.java:doStart(915)) - Started o.e.j.s.ServletContextHandler@5ad43a90{static,/static,file:///home/runner/work/ozone/ozone/hadoop-ozone/integration-test/target/test-classes/webapps/static,AVAILABLE}
2021-08-27 19:20:51,394 [Listener at 127.0.0.1/13592] INFO  handler.ContextHandler (ContextHandler.java:doStart(915)) - Started o.e.j.w.WebAppContext@60b1df88{ozoneManager,/,file:///home/runner/work/ozone/ozone/hadoop-ozone/integration-test/target/test-classes/webapps/ozoneManager/,AVAILABLE}{file:/home/runner/work/ozone/ozone/hadoop-ozone/integration-test/target/test-classes/webapps/ozoneManager}
2021-08-27 19:20:51,396 [Listener at 127.0.0.1/13592] INFO  server.AbstractConnector (AbstractConnector.java:doStart(331)) - Started ServerConnector@368f071d{HTTP/1.1, (http/1.1)}{0.0.0.0:13594}
2021-08-27 19:20:51,396 [Listener at 127.0.0.1/13592] INFO  server.Server (Server.java:doStart(415)) - Started @79543ms
2021-08-27 19:20:51,396 [Listener at 127.0.0.1/13592] WARN  impl.MetricsSystemImpl (MetricsSystemImpl.java:register(279)) - Sink prometheus already exists!
2021-08-27 19:20:51,397 [Listener at 127.0.0.1/13592] INFO  http.BaseHttpServer (BaseHttpServer.java:updateConnectorAddress(329)) - HTTP server of ozoneManager listening at http://0.0.0.0:13594
2021-08-27 19:20:51,399 [IPC Server Responder] INFO  ipc.Server (Server.java:run(1507)) - IPC Server Responder: starting
2021-08-27 19:20:51,403 [IPC Server listener on 13592] INFO  ipc.Server (Server.java:run(1344)) - IPC Server listener on 13592: starting
2021-08-27 19:20:51,415 [Listener at 127.0.0.1/13592] INFO  om.OzoneManager (OzoneManager.java:startTrashEmptier(1531)) - Trash Interval set to 0. Files deleted will not move to trash
2021-08-27 19:20:51,415 [Listener at 127.0.0.1/13592] INFO  ozone.MiniOzoneHAClusterImpl (MiniOzoneHAClusterImpl.java:createOMService(485)) - Started OzoneManager omNode-1 RPC server at localhost/127.0.0.1:13592
2021-08-27 19:20:51,427 [org.apache.hadoop.util.JvmPauseMonitor$Monitor@2ed03b1a] INFO  util.JvmPauseMonitor (JvmPauseMonitor.java:run(188)) - Starting JVM pause monitor
2021-08-27 19:20:51,447 [Listener at 127.0.0.1/13592] WARN  impl.MetricRegistriesImpl (MetricRegistriesImpl.java:addReporterRegistration(111)) - New reporters are added after registries were created. Some metrics will be missing from the reporter. Please add reporter before adding any new registry.
2021-08-27 19:20:51,447 [Listener at 127.0.0.1/13592] WARN  impl.MetricRegistriesImpl (MetricRegistriesImpl.java:addReporterRegistration(111)) - New reporters are added after registries were created. Some metrics will be missing from the reporter. Please add reporter before adding any new registry.
2021-08-27 19:20:51,447 [Listener at 127.0.0.1/13592] INFO  impl.MetricsSystemImpl (MetricsSystemImpl.java:init(158)) - HddsDatanode metrics system started (again)
2021-08-27 19:20:51,473 [Listener at 127.0.0.1/13592] INFO  ozone.HddsDatanodeService (HddsDatanodeService.java:start(234)) - HddsDatanodeService host:fv-az59-836.csjynl4pkq3e1pkirw3ssqjfoh.cx.internal.cloudapp.net ip:10.1.0.82
2021-08-27 19:20:51,492 [EndpointStateMachine task thread for /127.0.0.1:14971 - 0 ] INFO  ipc.Client (Client.java:handleConnectionFailure(977)) - Retrying connect to server: localhost/127.0.0.1:14971. Already tried 14 time(s); retry policy is RetryUpToMaximumCountWithFixedSleep(maxRetries=15, sleepTime=1000 MILLISECONDS)
2021-08-27 19:20:51,493 [EndpointStateMachine task thread for /127.0.0.1:14981 - 0 ] INFO  ipc.Client (Client.java:handleConnectionFailure(977)) - Retrying connect to server: localhost/127.0.0.1:14981. Already tried 14 time(s); retry policy is RetryUpToMaximumCountWithFixedSleep(maxRetries=15, sleepTime=1000 MILLISECONDS)
2021-08-27 19:20:51,508 [Listener at 127.0.0.1/13592] INFO  upgrade.AbstractLayoutVersionManager (AbstractLayoutVersionManager.java:init(70)) - Initializing Layout version manager with metadata layout = SCM_HA (version = 2), software layout = SCM_HA (version = 2)
2021-08-27 19:20:51,614 [Listener at 127.0.0.1/13592] INFO  reflections.Reflections (Reflections.java:scan(232)) - Reflections took 104 ms to scan 7 urls, producing 120 keys and 275 values 
2021-08-27 19:20:51,624 [Listener at 127.0.0.1/13592] INFO  ha.SCMNodeInfo (SCMNodeInfo.java:getPort(197)) - ConfigKey ozone.scm.client.address is deprecated, For configuring different ports for each SCM use PortConfigKey ozone.scm.client.port appended with serviceId and nodeId
2021-08-27 19:20:51,628 [Listener at 127.0.0.1/13592] INFO  ha.SCMNodeInfo (SCMNodeInfo.java:getPort(197)) - ConfigKey ozone.scm.block.client.address is deprecated, For configuring different ports for each SCM use PortConfigKey ozone.scm.block.client.port appended with serviceId and nodeId
2021-08-27 19:20:51,628 [Listener at 127.0.0.1/13592] INFO  ha.SCMNodeInfo (SCMNodeInfo.java:getPort(197)) - ConfigKey ozone.scm.datanode.address is deprecated, For configuring different ports for each SCM use PortConfigKey ozone.scm.datanode.port appended with serviceId and nodeId
2021-08-27 19:20:51,628 [Listener at 127.0.0.1/13592] INFO  ha.SCMNodeInfo (SCMNodeInfo.java:getPort(197)) - ConfigKey ozone.scm.client.address is deprecated, For configuring different ports for each SCM use PortConfigKey ozone.scm.client.port appended with serviceId and nodeId
2021-08-27 19:20:51,629 [Listener at 127.0.0.1/13592] INFO  ha.SCMNodeInfo (SCMNodeInfo.java:getPort(197)) - ConfigKey ozone.scm.block.client.address is deprecated, For configuring different ports for each SCM use PortConfigKey ozone.scm.block.client.port appended with serviceId and nodeId
2021-08-27 19:20:51,629 [Listener at 127.0.0.1/13592] INFO  ha.SCMNodeInfo (SCMNodeInfo.java:getPort(197)) - ConfigKey ozone.scm.datanode.address is deprecated, For configuring different ports for each SCM use PortConfigKey ozone.scm.datanode.port appended with serviceId and nodeId
2021-08-27 19:20:51,629 [Listener at 127.0.0.1/13592] INFO  ha.SCMNodeInfo (SCMNodeInfo.java:getPort(197)) - ConfigKey ozone.scm.client.address is deprecated, For configuring different ports for each SCM use PortConfigKey ozone.scm.client.port appended with serviceId and nodeId
2021-08-27 19:20:51,629 [Listener at 127.0.0.1/13592] INFO  ha.SCMNodeInfo (SCMNodeInfo.java:getPort(197)) - ConfigKey ozone.scm.block.client.address is deprecated, For configuring different ports for each SCM use PortConfigKey ozone.scm.block.client.port appended with serviceId and nodeId
2021-08-27 19:20:51,629 [Listener at 127.0.0.1/13592] INFO  ha.SCMNodeInfo (SCMNodeInfo.java:getPort(197)) - ConfigKey ozone.scm.datanode.address is deprecated, For configuring different ports for each SCM use PortConfigKey ozone.scm.datanode.port appended with serviceId and nodeId
2021-08-27 19:20:51,643 [Listener at 127.0.0.1/13592] INFO  volume.HddsVolume (HddsVolume.java:<init>(120)) - Creating HddsVolume: /home/runner/work/ozone/ozone/hadoop-ozone/integration-test/target/test-dir/MiniOzoneClusterImpl-cc6da7a1-649b-4db9-82e6-e71d50c67865/datanode-0/data-0/containers/hdds of storage type : DISK capacity : 9223372036854775807
2021-08-27 19:20:51,644 [Listener at 127.0.0.1/13592] INFO  volume.MutableVolumeSet (MutableVolumeSet.java:initializeVolumeSet(181)) - Added Volume : /home/runner/work/ozone/ozone/hadoop-ozone/integration-test/target/test-dir/MiniOzoneClusterImpl-cc6da7a1-649b-4db9-82e6-e71d50c67865/datanode-0/data-0/containers/hdds to VolumeSet
2021-08-27 19:20:51,644 [Listener at 127.0.0.1/13592] INFO  volume.ThrottledAsyncChecker (ThrottledAsyncChecker.java:schedule(141)) - Scheduling a check for /home/runner/work/ozone/ozone/hadoop-ozone/integration-test/target/test-dir/MiniOzoneClusterImpl-cc6da7a1-649b-4db9-82e6-e71d50c67865/datanode-0/data-0/containers/hdds
2021-08-27 19:20:51,666 [Listener at 127.0.0.1/13592] INFO  volume.StorageVolumeChecker (StorageVolumeChecker.java:checkAllVolumes(202)) - Scheduled health check for volume /home/runner/work/ozone/ozone/hadoop-ozone/integration-test/target/test-dir/MiniOzoneClusterImpl-cc6da7a1-649b-4db9-82e6-e71d50c67865/datanode-0/data-0/containers/hdds
2021-08-27 19:20:51,695 [Listener at 127.0.0.1/13592] INFO  volume.MutableVolumeSet (MutableVolumeSet.java:initializeVolumeSet(181)) - Added Volume : /home/runner/work/ozone/ozone/hadoop-ozone/integration-test/target/test-dir/MiniOzoneClusterImpl-cc6da7a1-649b-4db9-82e6-e71d50c67865/datanode-0/data/ratis to VolumeSet
2021-08-27 19:20:51,695 [Listener at 127.0.0.1/13592] INFO  volume.ThrottledAsyncChecker (ThrottledAsyncChecker.java:schedule(141)) - Scheduling a check for /home/runner/work/ozone/ozone/hadoop-ozone/integration-test/target/test-dir/MiniOzoneClusterImpl-cc6da7a1-649b-4db9-82e6-e71d50c67865/datanode-0/data/ratis
2021-08-27 19:20:51,699 [Listener at 127.0.0.1/13592] INFO  volume.StorageVolumeChecker (StorageVolumeChecker.java:checkAllVolumes(202)) - Scheduled health check for volume /home/runner/work/ozone/ozone/hadoop-ozone/integration-test/target/test-dir/MiniOzoneClusterImpl-cc6da7a1-649b-4db9-82e6-e71d50c67865/datanode-0/data/ratis
2021-08-27 19:20:51,732 [Listener at 127.0.0.1/13592] INFO  ozoneimpl.ContainerReader (ContainerReader.java:<init>(98)) - Running in upgrade mode:true
2021-08-27 19:20:51,758 [Thread-1451] INFO  ozoneimpl.ContainerReader (ContainerReader.java:readVolume(142)) - Start to verify containers on volume /home/runner/work/ozone/ozone/hadoop-ozone/integration-test/target/test-dir/MiniOzoneClusterImpl-cc6da7a1-649b-4db9-82e6-e71d50c67865/datanode-0/data-0/containers/hdds
2021-08-27 19:20:51,758 [Thread-1451] INFO  ozoneimpl.ContainerReader (ContainerReader.java:readVolume(174)) - Finish verifying containers on volume /home/runner/work/ozone/ozone/hadoop-ozone/integration-test/target/test-dir/MiniOzoneClusterImpl-cc6da7a1-649b-4db9-82e6-e71d50c67865/datanode-0/data-0/containers/hdds
2021-08-27 19:20:51,758 [Listener at 127.0.0.1/13592] INFO  ozoneimpl.OzoneContainer (OzoneContainer.java:buildContainerSet(237)) - Build ContainerSet costs 0s
2021-08-27 19:20:51,761 [Listener at 127.0.0.1/13592] INFO  server.RaftServer (ConfUtils.java:logGet(44)) - raft.rpc.type = GRPC (default)
2021-08-27 19:20:51,761 [Listener at 127.0.0.1/13592] INFO  grpc.GrpcFactory (GrpcFactory.java:checkPooledByteBufAllocatorUseCacheForAllThreads(48)) - PERFORMANCE WARNING: useCacheForAllThreads is true that may cause Netty to create a lot garbage objects and, as a result, trigger GC.
	It is recommended to disable useCacheForAllThreads by setting -Dorg.apache.ratis.thirdparty.io.netty.allocator.useCacheForAllThreads=false in command line.
2021-08-27 19:20:51,761 [Listener at 127.0.0.1/13592] INFO  grpc.GrpcConfigKeys (ConfUtils.java:logGet(44)) - raft.grpc.admin.port = 0 (custom)
2021-08-27 19:20:51,761 [Listener at 127.0.0.1/13592] INFO  grpc.GrpcConfigKeys (ConfUtils.java:logGet(44)) - raft.grpc.client.port = 0 (custom)
2021-08-27 19:20:51,762 [Listener at 127.0.0.1/13592] INFO  grpc.GrpcConfigKeys (ConfUtils.java:logGet(44)) - raft.grpc.server.port = 0 (default)
2021-08-27 19:20:51,762 [Listener at 127.0.0.1/13592] INFO  server.GrpcService (ConfUtils.java:logGet(44)) - raft.grpc.message.size.max = 32MB (=33554432) (custom)
2021-08-27 19:20:51,762 [Listener at 127.0.0.1/13592] INFO  server.RaftServerConfigKeys (ConfUtils.java:logGet(44)) - raft.server.log.appender.buffer.byte-limit = 33554432 (custom)
2021-08-27 19:20:51,762 [Listener at 127.0.0.1/13592] INFO  server.GrpcService (ConfUtils.java:logGet(44)) - raft.grpc.flow.control.window = 5MB (=5242880) (custom)
2021-08-27 19:20:51,762 [Listener at 127.0.0.1/13592] INFO  server.RaftServerConfigKeys (ConfUtils.java:logGet(44)) - raft.server.rpc.request.timeout = 60s (custom)
2021-08-27 19:20:51,763 [Listener at 127.0.0.1/13592] INFO  impl.DataStreamServerImpl (ConfUtils.java:logGet(44)) - raft.datastream.type = DISABLED (default)
2021-08-27 19:20:51,763 [Listener at 127.0.0.1/13592] INFO  server.RaftServerConfigKeys (ConfUtils.java:logGet(44)) - raft.server.rpc.slowness.timeout = 300s (custom)
2021-08-27 19:20:51,764 [Listener at 127.0.0.1/13592] INFO  server.RaftServerConfigKeys (ConfUtils.java:logGet(44)) - raft.server.leaderelection.leader.step-down.wait-time = 10s (default)
2021-08-27 19:20:51,764 [Listener at 127.0.0.1/13592] INFO  server.RaftServerConfigKeys (ConfUtils.java:logGet(44)) - raft.server.storage.dir = [/home/runner/work/ozone/ozone/hadoop-ozone/integration-test/target/test-dir/MiniOzoneClusterImpl-cc6da7a1-649b-4db9-82e6-e71d50c67865/datanode-0/data/ratis] (custom)
2021-08-27 19:20:51,780 [Listener at 127.0.0.1/13592] INFO  http.BaseHttpServer (BaseHttpServer.java:newHttpServer2BuilderForOzone(209)) - Starting Web-server for hddsDatanode at: http://0.0.0.0:0
2021-08-27 19:20:51,780 [Listener at 127.0.0.1/13592] INFO  http.BaseHttpServer (BaseHttpServer.java:<init>(107)) - Hadoop Security Enabled: false Ozone Security Enabled: false Ozone HTTP Security Enabled: false 
2021-08-27 19:20:51,781 [Listener at 127.0.0.1/13592] INFO  server.AuthenticationFilter (AuthenticationFilter.java:constructSecretProvider(240)) - Unable to initialize FileSignerSecretProvider, falling back to use random secrets.
2021-08-27 19:20:51,782 [Listener at 127.0.0.1/13592] WARN  http.HttpRequestLog (HttpRequestLog.java:getRequestLog(103)) - Jetty request log can only be enabled using Log4j
2021-08-27 19:20:51,783 [Listener at 127.0.0.1/13592] INFO  http.HttpServer2 (HttpServer2.java:addGlobalFilter(1030)) - Added global filter 'safety' (class=org.apache.hadoop.hdds.server.http.HttpServer2$QuotingInputFilter)
2021-08-27 19:20:51,784 [Listener at 127.0.0.1/13592] INFO  http.HttpServer2 (HttpServer2.java:addFilter(1006)) - Added filter static_user_filter (class=org.apache.hadoop.http.lib.StaticUserWebFilter$StaticUserFilter) to context hddsDatanode
2021-08-27 19:20:51,784 [Listener at 127.0.0.1/13592] INFO  http.HttpServer2 (HttpServer2.java:addFilter(1014)) - Added filter static_user_filter (class=org.apache.hadoop.http.lib.StaticUserWebFilter$StaticUserFilter) to context logs
2021-08-27 19:20:51,784 [Listener at 127.0.0.1/13592] INFO  http.HttpServer2 (HttpServer2.java:addFilter(1014)) - Added filter static_user_filter (class=org.apache.hadoop.http.lib.StaticUserWebFilter$StaticUserFilter) to context static
2021-08-27 19:20:51,785 [Listener at 127.0.0.1/13592] INFO  http.HttpServer2 (HttpServer2.java:bindListener(1249)) - Jetty bound to port 35803
2021-08-27 19:20:51,791 [Listener at 127.0.0.1/13592] INFO  server.Server (Server.java:doStart(375)) - jetty-9.4.43.v20210629; built: 2021-06-30T11:07:22.254Z; git: 526006ecfa3af7f1a27ef3a288e2bef7ea9dd7e8; jvm 1.8.0_292-b10
2021-08-27 19:20:51,835 [Listener at 127.0.0.1/13592] INFO  server.session (DefaultSessionIdManager.java:doStart(334)) - DefaultSessionIdManager workerName=node0
2021-08-27 19:20:51,835 [Listener at 127.0.0.1/13592] INFO  server.session (DefaultSessionIdManager.java:doStart(339)) - No SessionScavenger set, using defaults
2021-08-27 19:20:51,836 [Listener at 127.0.0.1/13592] INFO  server.session (HouseKeeper.java:startScavenging(132)) - node0 Scavenging every 660000ms
2021-08-27 19:20:51,843 [Listener at 127.0.0.1/13592] INFO  handler.ContextHandler (ContextHandler.java:doStart(915)) - Started o.e.j.s.ServletContextHandler@68bcb6c9{logs,/logs,file:///home/runner/work/ozone/ozone/hadoop-ozone/integration-test/target/log,AVAILABLE}
2021-08-27 19:20:51,844 [Listener at 127.0.0.1/13592] INFO  handler.ContextHandler (ContextHandler.java:doStart(915)) - Started o.e.j.s.ServletContextHandler@2809aeee{static,/static,jar:file:/home/runner/.m2/repository/org/apache/ozone/hdds-container-service/1.2.0-SNAPSHOT/hdds-container-service-1.2.0-SNAPSHOT.jar!/webapps/static,AVAILABLE}
2021-08-27 19:20:51,931 [Listener at 127.0.0.1/13592] INFO  handler.ContextHandler (ContextHandler.java:doStart(915)) - Started o.e.j.w.WebAppContext@64d23a83{hddsDatanode,/,file:///tmp/jetty-0_0_0_0-35803-hdds-container-service-1_2_0-SNAPSHOT_jar-_-any-4929428635399644152/webapp/,AVAILABLE}{jar:file:/home/runner/.m2/repository/org/apache/ozone/hdds-container-service/1.2.0-SNAPSHOT/hdds-container-service-1.2.0-SNAPSHOT.jar!/webapps/hddsDatanode}
2021-08-27 19:20:51,945 [Listener at 127.0.0.1/13592] INFO  server.AbstractConnector (AbstractConnector.java:doStart(331)) - Started ServerConnector@4909e294{HTTP/1.1, (http/1.1)}{0.0.0.0:35803}
2021-08-27 19:20:51,946 [Listener at 127.0.0.1/13592] INFO  server.Server (Server.java:doStart(415)) - Started @80092ms
2021-08-27 19:20:51,946 [Listener at 127.0.0.1/13592] WARN  impl.MetricsSystemImpl (MetricsSystemImpl.java:register(279)) - Sink prometheus already exists!
2021-08-27 19:20:51,946 [Listener at 127.0.0.1/13592] INFO  http.BaseHttpServer (BaseHttpServer.java:updateConnectorAddress(329)) - HTTP server of hddsDatanode listening at http://0.0.0.0:35803
2021-08-27 19:20:51,947 [Listener at 127.0.0.1/13592] WARN  impl.MetricRegistriesImpl (MetricRegistriesImpl.java:addReporterRegistration(111)) - New reporters are added after registries were created. Some metrics will be missing from the reporter. Please add reporter before adding any new registry.
2021-08-27 19:20:51,947 [Listener at 127.0.0.1/13592] WARN  impl.MetricRegistriesImpl (MetricRegistriesImpl.java:addReporterRegistration(111)) - New reporters are added after registries were created. Some metrics will be missing from the reporter. Please add reporter before adding any new registry.
2021-08-27 19:20:51,947 [Listener at 127.0.0.1/13592] INFO  impl.MetricsSystemImpl (MetricsSystemImpl.java:init(158)) - HddsDatanode metrics system started (again)
2021-08-27 19:20:51,963 [org.apache.hadoop.util.JvmPauseMonitor$Monitor@173cf5cb] INFO  util.JvmPauseMonitor (JvmPauseMonitor.java:run(188)) - Starting JVM pause monitor
2021-08-27 19:20:51,964 [Datanode State Machine Task Thread - 0] INFO  ha.SCMNodeInfo (SCMNodeInfo.java:getPort(197)) - ConfigKey ozone.scm.client.address is deprecated, For configuring different ports for each SCM use PortConfigKey ozone.scm.client.port appended with serviceId and nodeId
2021-08-27 19:20:51,964 [Datanode State Machine Task Thread - 0] INFO  ha.SCMNodeInfo (SCMNodeInfo.java:getPort(197)) - ConfigKey ozone.scm.block.client.address is deprecated, For configuring different ports for each SCM use PortConfigKey ozone.scm.block.client.port appended with serviceId and nodeId
2021-08-27 19:20:51,964 [Datanode State Machine Task Thread - 0] INFO  ha.SCMNodeInfo (SCMNodeInfo.java:getPort(197)) - ConfigKey ozone.scm.datanode.address is deprecated, For configuring different ports for each SCM use PortConfigKey ozone.scm.datanode.port appended with serviceId and nodeId
2021-08-27 19:20:51,964 [Datanode State Machine Task Thread - 0] INFO  ha.SCMNodeInfo (SCMNodeInfo.java:getPort(197)) - ConfigKey ozone.scm.client.address is deprecated, For configuring different ports for each SCM use PortConfigKey ozone.scm.client.port appended with serviceId and nodeId
2021-08-27 19:20:51,964 [Datanode State Machine Task Thread - 0] INFO  ha.SCMNodeInfo (SCMNodeInfo.java:getPort(197)) - ConfigKey ozone.scm.block.client.address is deprecated, For configuring different ports for each SCM use PortConfigKey ozone.scm.block.client.port appended with serviceId and nodeId
2021-08-27 19:20:51,964 [Datanode State Machine Task Thread - 0] INFO  ha.SCMNodeInfo (SCMNodeInfo.java:getPort(197)) - ConfigKey ozone.scm.datanode.address is deprecated, For configuring different ports for each SCM use PortConfigKey ozone.scm.datanode.port appended with serviceId and nodeId
2021-08-27 19:20:51,964 [Datanode State Machine Task Thread - 0] INFO  ha.SCMNodeInfo (SCMNodeInfo.java:getPort(197)) - ConfigKey ozone.scm.client.address is deprecated, For configuring different ports for each SCM use PortConfigKey ozone.scm.client.port appended with serviceId and nodeId
2021-08-27 19:20:51,964 [Datanode State Machine Task Thread - 0] INFO  ha.SCMNodeInfo (SCMNodeInfo.java:getPort(197)) - ConfigKey ozone.scm.block.client.address is deprecated, For configuring different ports for each SCM use PortConfigKey ozone.scm.block.client.port appended with serviceId and nodeId
2021-08-27 19:20:51,964 [Datanode State Machine Task Thread - 0] INFO  ha.SCMNodeInfo (SCMNodeInfo.java:getPort(197)) - ConfigKey ozone.scm.datanode.address is deprecated, For configuring different ports for each SCM use PortConfigKey ozone.scm.datanode.port appended with serviceId and nodeId
2021-08-27 19:20:51,971 [Listener at 127.0.0.1/13592] INFO  ozone.HddsDatanodeService (HddsDatanodeService.java:start(234)) - HddsDatanodeService host:fv-az59-836.csjynl4pkq3e1pkirw3ssqjfoh.cx.internal.cloudapp.net ip:10.1.0.82
2021-08-27 19:20:51,971 [Datanode State Machine Task Thread - 0] INFO  datanode.InitDatanodeState (InitDatanodeState.java:persistContainerDatanodeDetails(145)) - DatanodeDetails is persisted to /home/runner/work/ozone/ozone/hadoop-ozone/integration-test/target/test-dir/MiniOzoneClusterImpl-cc6da7a1-649b-4db9-82e6-e71d50c67865/datanode-0/meta/datanode.id
2021-08-27 19:20:52,005 [Listener at 127.0.0.1/13592] INFO  upgrade.AbstractLayoutVersionManager (AbstractLayoutVersionManager.java:init(70)) - Initializing Layout version manager with metadata layout = SCM_HA (version = 2), software layout = SCM_HA (version = 2)
2021-08-27 19:20:52,096 [Listener at 127.0.0.1/13592] INFO  reflections.Reflections (Reflections.java:scan(232)) - Reflections took 90 ms to scan 7 urls, producing 120 keys and 275 values 
2021-08-27 19:20:52,098 [Listener at 127.0.0.1/13592] INFO  ha.SCMNodeInfo (SCMNodeInfo.java:getPort(197)) - ConfigKey ozone.scm.client.address is deprecated, For configuring different ports for each SCM use PortConfigKey ozone.scm.client.port appended with serviceId and nodeId
2021-08-27 19:20:52,098 [Listener at 127.0.0.1/13592] INFO  ha.SCMNodeInfo (SCMNodeInfo.java:getPort(197)) - ConfigKey ozone.scm.block.client.address is deprecated, For configuring different ports for each SCM use PortConfigKey ozone.scm.block.client.port appended with serviceId and nodeId
2021-08-27 19:20:52,098 [Listener at 127.0.0.1/13592] INFO  ha.SCMNodeInfo (SCMNodeInfo.java:getPort(197)) - ConfigKey ozone.scm.datanode.address is deprecated, For configuring different ports for each SCM use PortConfigKey ozone.scm.datanode.port appended with serviceId and nodeId
2021-08-27 19:20:52,098 [Listener at 127.0.0.1/13592] INFO  ha.SCMNodeInfo (SCMNodeInfo.java:getPort(197)) - ConfigKey ozone.scm.client.address is deprecated, For configuring different ports for each SCM use PortConfigKey ozone.scm.client.port appended with serviceId and nodeId
2021-08-27 19:20:52,098 [Listener at 127.0.0.1/13592] INFO  ha.SCMNodeInfo (SCMNodeInfo.java:getPort(197)) - ConfigKey ozone.scm.block.client.address is deprecated, For configuring different ports for each SCM use PortConfigKey ozone.scm.block.client.port appended with serviceId and nodeId
2021-08-27 19:20:52,098 [Listener at 127.0.0.1/13592] INFO  ha.SCMNodeInfo (SCMNodeInfo.java:getPort(197)) - ConfigKey ozone.scm.datanode.address is deprecated, For configuring different ports for each SCM use PortConfigKey ozone.scm.datanode.port appended with serviceId and nodeId
2021-08-27 19:20:52,099 [Listener at 127.0.0.1/13592] INFO  ha.SCMNodeInfo (SCMNodeInfo.java:getPort(197)) - ConfigKey ozone.scm.client.address is deprecated, For configuring different ports for each SCM use PortConfigKey ozone.scm.client.port appended with serviceId and nodeId
2021-08-27 19:20:52,099 [Listener at 127.0.0.1/13592] INFO  ha.SCMNodeInfo (SCMNodeInfo.java:getPort(197)) - ConfigKey ozone.scm.block.client.address is deprecated, For configuring different ports for each SCM use PortConfigKey ozone.scm.block.client.port appended with serviceId and nodeId
2021-08-27 19:20:52,099 [Listener at 127.0.0.1/13592] INFO  ha.SCMNodeInfo (SCMNodeInfo.java:getPort(197)) - ConfigKey ozone.scm.datanode.address is deprecated, For configuring different ports for each SCM use PortConfigKey ozone.scm.datanode.port appended with serviceId and nodeId
2021-08-27 19:20:52,112 [Listener at 127.0.0.1/13592] INFO  volume.HddsVolume (HddsVolume.java:<init>(120)) - Creating HddsVolume: /home/runner/work/ozone/ozone/hadoop-ozone/integration-test/target/test-dir/MiniOzoneClusterImpl-cc6da7a1-649b-4db9-82e6-e71d50c67865/datanode-1/data-0/containers/hdds of storage type : DISK capacity : 9223372036854775807
2021-08-27 19:20:52,112 [Listener at 127.0.0.1/13592] INFO  volume.MutableVolumeSet (MutableVolumeSet.java:initializeVolumeSet(181)) - Added Volume : /home/runner/work/ozone/ozone/hadoop-ozone/integration-test/target/test-dir/MiniOzoneClusterImpl-cc6da7a1-649b-4db9-82e6-e71d50c67865/datanode-1/data-0/containers/hdds to VolumeSet
2021-08-27 19:20:52,112 [Listener at 127.0.0.1/13592] INFO  volume.ThrottledAsyncChecker (ThrottledAsyncChecker.java:schedule(141)) - Scheduling a check for /home/runner/work/ozone/ozone/hadoop-ozone/integration-test/target/test-dir/MiniOzoneClusterImpl-cc6da7a1-649b-4db9-82e6-e71d50c67865/datanode-1/data-0/containers/hdds
2021-08-27 19:20:52,119 [Listener at 127.0.0.1/13592] INFO  volume.StorageVolumeChecker (StorageVolumeChecker.java:checkAllVolumes(202)) - Scheduled health check for volume /home/runner/work/ozone/ozone/hadoop-ozone/integration-test/target/test-dir/MiniOzoneClusterImpl-cc6da7a1-649b-4db9-82e6-e71d50c67865/datanode-1/data-0/containers/hdds
2021-08-27 19:20:52,160 [Listener at 127.0.0.1/13592] INFO  volume.MutableVolumeSet (MutableVolumeSet.java:initializeVolumeSet(181)) - Added Volume : /home/runner/work/ozone/ozone/hadoop-ozone/integration-test/target/test-dir/MiniOzoneClusterImpl-cc6da7a1-649b-4db9-82e6-e71d50c67865/datanode-1/data/ratis to VolumeSet
2021-08-27 19:20:52,160 [Listener at 127.0.0.1/13592] INFO  volume.ThrottledAsyncChecker (ThrottledAsyncChecker.java:schedule(141)) - Scheduling a check for /home/runner/work/ozone/ozone/hadoop-ozone/integration-test/target/test-dir/MiniOzoneClusterImpl-cc6da7a1-649b-4db9-82e6-e71d50c67865/datanode-1/data/ratis
2021-08-27 19:20:52,161 [Listener at 127.0.0.1/13592] INFO  volume.StorageVolumeChecker (StorageVolumeChecker.java:checkAllVolumes(202)) - Scheduled health check for volume /home/runner/work/ozone/ozone/hadoop-ozone/integration-test/target/test-dir/MiniOzoneClusterImpl-cc6da7a1-649b-4db9-82e6-e71d50c67865/datanode-1/data/ratis
2021-08-27 19:20:52,193 [EndpointStateMachine task thread for /127.0.0.1:14961 - 0 ] INFO  ipc.Client (Client.java:handleConnectionFailure(977)) - Retrying connect to server: localhost/127.0.0.1:14961. Already tried 2 time(s); retry policy is RetryUpToMaximumCountWithFixedSleep(maxRetries=15, sleepTime=1000 MILLISECONDS)
2021-08-27 19:20:52,210 [Listener at 127.0.0.1/13592] INFO  ozoneimpl.ContainerReader (ContainerReader.java:<init>(98)) - Running in upgrade mode:true
2021-08-27 19:20:52,215 [Thread-1463] INFO  ozoneimpl.ContainerReader (ContainerReader.java:readVolume(142)) - Start to verify containers on volume /home/runner/work/ozone/ozone/hadoop-ozone/integration-test/target/test-dir/MiniOzoneClusterImpl-cc6da7a1-649b-4db9-82e6-e71d50c67865/datanode-1/data-0/containers/hdds
2021-08-27 19:20:52,215 [Thread-1463] INFO  ozoneimpl.ContainerReader (ContainerReader.java:readVolume(174)) - Finish verifying containers on volume /home/runner/work/ozone/ozone/hadoop-ozone/integration-test/target/test-dir/MiniOzoneClusterImpl-cc6da7a1-649b-4db9-82e6-e71d50c67865/datanode-1/data-0/containers/hdds
2021-08-27 19:20:52,215 [Listener at 127.0.0.1/13592] INFO  ozoneimpl.OzoneContainer (OzoneContainer.java:buildContainerSet(237)) - Build ContainerSet costs 0s
2021-08-27 19:20:52,217 [Listener at 127.0.0.1/13592] INFO  server.RaftServer (ConfUtils.java:logGet(44)) - raft.rpc.type = GRPC (default)
2021-08-27 19:20:52,218 [Listener at 127.0.0.1/13592] INFO  grpc.GrpcFactory (GrpcFactory.java:checkPooledByteBufAllocatorUseCacheForAllThreads(48)) - PERFORMANCE WARNING: useCacheForAllThreads is true that may cause Netty to create a lot garbage objects and, as a result, trigger GC.
	It is recommended to disable useCacheForAllThreads by setting -Dorg.apache.ratis.thirdparty.io.netty.allocator.useCacheForAllThreads=false in command line.
2021-08-27 19:20:52,218 [Listener at 127.0.0.1/13592] INFO  grpc.GrpcConfigKeys (ConfUtils.java:logGet(44)) - raft.grpc.admin.port = 0 (custom)
2021-08-27 19:20:52,218 [Listener at 127.0.0.1/13592] INFO  grpc.GrpcConfigKeys (ConfUtils.java:logGet(44)) - raft.grpc.client.port = 0 (custom)
2021-08-27 19:20:52,218 [Listener at 127.0.0.1/13592] INFO  grpc.GrpcConfigKeys (ConfUtils.java:logGet(44)) - raft.grpc.server.port = 0 (default)
2021-08-27 19:20:52,218 [Listener at 127.0.0.1/13592] INFO  server.GrpcService (ConfUtils.java:logGet(44)) - raft.grpc.message.size.max = 32MB (=33554432) (custom)
2021-08-27 19:20:52,218 [Listener at 127.0.0.1/13592] INFO  server.RaftServerConfigKeys (ConfUtils.java:logGet(44)) - raft.server.log.appender.buffer.byte-limit = 33554432 (custom)
2021-08-27 19:20:52,218 [Listener at 127.0.0.1/13592] INFO  server.GrpcService (ConfUtils.java:logGet(44)) - raft.grpc.flow.control.window = 5MB (=5242880) (custom)
2021-08-27 19:20:52,219 [Listener at 127.0.0.1/13592] INFO  server.RaftServerConfigKeys (ConfUtils.java:logGet(44)) - raft.server.rpc.request.timeout = 60s (custom)
2021-08-27 19:20:52,220 [Listener at 127.0.0.1/13592] INFO  impl.DataStreamServerImpl (ConfUtils.java:logGet(44)) - raft.datastream.type = DISABLED (default)
2021-08-27 19:20:52,222 [Listener at 127.0.0.1/13592] INFO  server.RaftServerConfigKeys (ConfUtils.java:logGet(44)) - raft.server.rpc.slowness.timeout = 300s (custom)
2021-08-27 19:20:52,223 [Listener at 127.0.0.1/13592] INFO  server.RaftServerConfigKeys (ConfUtils.java:logGet(44)) - raft.server.leaderelection.leader.step-down.wait-time = 10s (default)
2021-08-27 19:20:52,223 [Listener at 127.0.0.1/13592] INFO  server.RaftServerConfigKeys (ConfUtils.java:logGet(44)) - raft.server.storage.dir = [/home/runner/work/ozone/ozone/hadoop-ozone/integration-test/target/test-dir/MiniOzoneClusterImpl-cc6da7a1-649b-4db9-82e6-e71d50c67865/datanode-1/data/ratis] (custom)
2021-08-27 19:20:52,244 [Listener at 127.0.0.1/13592] INFO  http.BaseHttpServer (BaseHttpServer.java:newHttpServer2BuilderForOzone(209)) - Starting Web-server for hddsDatanode at: http://0.0.0.0:0
2021-08-27 19:20:52,244 [Listener at 127.0.0.1/13592] INFO  http.BaseHttpServer (BaseHttpServer.java:<init>(107)) - Hadoop Security Enabled: false Ozone Security Enabled: false Ozone HTTP Security Enabled: false 
2021-08-27 19:20:52,245 [Listener at 127.0.0.1/13592] INFO  server.AuthenticationFilter (AuthenticationFilter.java:constructSecretProvider(240)) - Unable to initialize FileSignerSecretProvider, falling back to use random secrets.
2021-08-27 19:20:52,255 [Listener at 127.0.0.1/13592] WARN  http.HttpRequestLog (HttpRequestLog.java:getRequestLog(103)) - Jetty request log can only be enabled using Log4j
2021-08-27 19:20:52,256 [Listener at 127.0.0.1/13592] INFO  http.HttpServer2 (HttpServer2.java:addGlobalFilter(1030)) - Added global filter 'safety' (class=org.apache.hadoop.hdds.server.http.HttpServer2$QuotingInputFilter)
2021-08-27 19:20:52,260 [Listener at 127.0.0.1/13592] INFO  http.HttpServer2 (HttpServer2.java:addFilter(1006)) - Added filter static_user_filter (class=org.apache.hadoop.http.lib.StaticUserWebFilter$StaticUserFilter) to context hddsDatanode
2021-08-27 19:20:52,260 [Listener at 127.0.0.1/13592] INFO  http.HttpServer2 (HttpServer2.java:addFilter(1014)) - Added filter static_user_filter (class=org.apache.hadoop.http.lib.StaticUserWebFilter$StaticUserFilter) to context static
2021-08-27 19:20:52,260 [Listener at 127.0.0.1/13592] INFO  http.HttpServer2 (HttpServer2.java:addFilter(1014)) - Added filter static_user_filter (class=org.apache.hadoop.http.lib.StaticUserWebFilter$StaticUserFilter) to context logs
2021-08-27 19:20:52,260 [Listener at 127.0.0.1/13592] INFO  http.HttpServer2 (HttpServer2.java:bindListener(1249)) - Jetty bound to port 44463
2021-08-27 19:20:52,260 [Listener at 127.0.0.1/13592] INFO  server.Server (Server.java:doStart(375)) - jetty-9.4.43.v20210629; built: 2021-06-30T11:07:22.254Z; git: 526006ecfa3af7f1a27ef3a288e2bef7ea9dd7e8; jvm 1.8.0_292-b10
2021-08-27 19:20:52,342 [Listener at 127.0.0.1/13592] INFO  server.session (DefaultSessionIdManager.java:doStart(334)) - DefaultSessionIdManager workerName=node0
2021-08-27 19:20:52,343 [Listener at 127.0.0.1/13592] INFO  server.session (DefaultSessionIdManager.java:doStart(339)) - No SessionScavenger set, using defaults
2021-08-27 19:20:52,343 [Listener at 127.0.0.1/13592] INFO  server.session (HouseKeeper.java:startScavenging(132)) - node0 Scavenging every 600000ms
2021-08-27 19:20:52,348 [omNode-1@group-523986131536-FollowerState] INFO  impl.FollowerState (FollowerState.java:run(134)) - omNode-1@group-523986131536-FollowerState: change to CANDIDATE, lastRpcElapsedTime:1019963651ns, electionTimeout:1009ms
2021-08-27 19:20:52,348 [omNode-1@group-523986131536-FollowerState] INFO  impl.RoleInfo (RoleInfo.java:shutdownFollowerState(108)) - omNode-1: shutdown omNode-1@group-523986131536-FollowerState
2021-08-27 19:20:52,348 [omNode-1@group-523986131536-FollowerState] INFO  server.RaftServer$Division (RaftServerImpl.java:setRole(285)) - omNode-1@group-523986131536: changes role from  FOLLOWER to CANDIDATE at term 0 for changeToCandidate
2021-08-27 19:20:52,348 [omNode-1@group-523986131536-FollowerState] INFO  server.RaftServerConfigKeys (ConfUtils.java:logGet(44)) - raft.server.leaderelection.pre-vote = false (custom)
2021-08-27 19:20:52,348 [omNode-1@group-523986131536-FollowerState] INFO  impl.RoleInfo (RoleInfo.java:updateAndGet(130)) - omNode-1: start omNode-1@group-523986131536-LeaderElection20
2021-08-27 19:20:52,348 [Listener at 127.0.0.1/13592] INFO  handler.ContextHandler (ContextHandler.java:doStart(915)) - Started o.e.j.s.ServletContextHandler@310d8954{logs,/logs,file:///home/runner/work/ozone/ozone/hadoop-ozone/integration-test/target/log,AVAILABLE}
2021-08-27 19:20:52,349 [Listener at 127.0.0.1/13592] INFO  handler.ContextHandler (ContextHandler.java:doStart(915)) - Started o.e.j.s.ServletContextHandler@59065952{static,/static,jar:file:/home/runner/.m2/repository/org/apache/ozone/hdds-container-service/1.2.0-SNAPSHOT/hdds-container-service-1.2.0-SNAPSHOT.jar!/webapps/static,AVAILABLE}
2021-08-27 19:20:52,389 [omNode-1@group-523986131536-LeaderElection20] INFO  impl.LeaderElection (LeaderElection.java:askForVotes(306)) - omNode-1@group-523986131536-LeaderElection20 ELECTION round 0: submit vote requests at term 1 for -1: [omNode-1|rpc:localhost:13596|priority:0], old=null
2021-08-27 19:20:52,389 [omNode-1@group-523986131536-LeaderElection20] INFO  impl.LeaderElection (LeaderElection.java:askForVotes(308)) - omNode-1@group-523986131536-LeaderElection20 ELECTION round 0: result PASSED (term=1)
2021-08-27 19:20:52,389 [omNode-1@group-523986131536-LeaderElection20] INFO  impl.RoleInfo (RoleInfo.java:shutdownLeaderElection(121)) - omNode-1: shutdown omNode-1@group-523986131536-LeaderElection20
2021-08-27 19:20:52,389 [omNode-1@group-523986131536-LeaderElection20] INFO  server.RaftServer$Division (RaftServerImpl.java:setRole(285)) - omNode-1@group-523986131536: changes role from CANDIDATE to LEADER at term 1 for changeToLeader
2021-08-27 19:20:52,389 [omNode-1@group-523986131536-LeaderElection20] INFO  server.RaftServer$Division (ServerState.java:setLeader(285)) - omNode-1@group-523986131536: change Leader from null to omNode-1 at term 1 for becomeLeader, leader elected after 1117ms
2021-08-27 19:20:52,389 [omNode-1@group-523986131536-LeaderElection20] INFO  server.RaftServerConfigKeys (ConfUtils.java:logGet(44)) - raft.server.staging.catchup.gap = 1000 (default)
2021-08-27 19:20:52,390 [omNode-1@group-523986131536-LeaderElection20] INFO  server.RaftServerConfigKeys (ConfUtils.java:logGet(44)) - raft.server.write.element-limit = 4096 (default)
2021-08-27 19:20:52,390 [omNode-1@group-523986131536-LeaderElection20] INFO  server.RaftServerConfigKeys (ConfUtils.java:logGet(44)) - raft.server.write.byte-limit = 64MB (=67108864) (default)
2021-08-27 19:20:52,390 [omNode-1@group-523986131536-LeaderElection20] INFO  server.RaftServerConfigKeys (ConfUtils.java:logGet(44)) - raft.server.watch.timeout = 10s (default)
2021-08-27 19:20:52,390 [omNode-1@group-523986131536-LeaderElection20] INFO  server.RaftServerConfigKeys (ConfUtils.java:logGet(44)) - raft.server.watch.timeout.denomination = 1s (default)
2021-08-27 19:20:52,390 [omNode-1@group-523986131536-LeaderElection20] INFO  server.RaftServerConfigKeys (ConfUtils.java:logGet(44)) - raft.server.watch.element-limit = 65536 (default)
2021-08-27 19:20:52,390 [omNode-1@group-523986131536-LeaderElection20] INFO  impl.RoleInfo (RoleInfo.java:updateAndGet(130)) - omNode-1: start omNode-1@group-523986131536-LeaderStateImpl
2021-08-27 19:20:52,390 [omNode-1@group-523986131536-LeaderElection20] INFO  segmented.SegmentedRaftLogWorker (SegmentedRaftLogWorker.java:startLogSegment(394)) - omNode-1@group-523986131536-SegmentedRaftLogWorker: Starting segment from index:0
2021-08-27 19:20:52,397 [omNode-1@group-523986131536-SegmentedRaftLogWorker] INFO  segmented.SegmentedRaftLogWorker (SegmentedRaftLogWorker.java:execute(601)) - omNode-1@group-523986131536-SegmentedRaftLogWorker: created new log segment /home/runner/work/ozone/ozone/hadoop-ozone/integration-test/target/test-dir/MiniOzoneClusterImpl-cc6da7a1-649b-4db9-82e6-e71d50c67865/omNode-1/ratis/c9bc4cf4-3bc3-3c60-a66b-523986131536/current/log_inprogress_0
2021-08-27 19:20:52,416 [omNode-1@group-523986131536-LeaderElection20] INFO  server.RaftServer$Division (ServerState.java:setRaftConf(387)) - omNode-1@group-523986131536: set configuration 0: [omNode-1|rpc:localhost:13596|admin:|client:|dataStream:|priority:0], old=null
2021-08-27 19:20:52,420 [omNode-1@group-523986131536-StateMachineUpdater] INFO  ratis.OzoneManagerStateMachine (OzoneManagerStateMachine.java:notifyConfigurationChanged(188)) - Received Configuration change notification from Ratis. New Peer list:
[id: "omNode-1"
address: "localhost:13596"
]
2021-08-27 19:20:52,474 [Listener at 127.0.0.1/13592] INFO  handler.ContextHandler (ContextHandler.java:doStart(915)) - Started o.e.j.w.WebAppContext@3e36657e{hddsDatanode,/,file:///tmp/jetty-0_0_0_0-44463-hdds-container-service-1_2_0-SNAPSHOT_jar-_-any-711849799634474031/webapp/,AVAILABLE}{jar:file:/home/runner/.m2/repository/org/apache/ozone/hdds-container-service/1.2.0-SNAPSHOT/hdds-container-service-1.2.0-SNAPSHOT.jar!/webapps/hddsDatanode}
2021-08-27 19:20:52,479 [Listener at 127.0.0.1/13592] INFO  server.AbstractConnector (AbstractConnector.java:doStart(331)) - Started ServerConnector@466aee52{HTTP/1.1, (http/1.1)}{0.0.0.0:44463}
2021-08-27 19:20:52,479 [Listener at 127.0.0.1/13592] INFO  server.Server (Server.java:doStart(415)) - Started @80626ms
2021-08-27 19:20:52,480 [Listener at 127.0.0.1/13592] WARN  impl.MetricsSystemImpl (MetricsSystemImpl.java:register(279)) - Sink prometheus already exists!
2021-08-27 19:20:52,480 [Listener at 127.0.0.1/13592] INFO  http.BaseHttpServer (BaseHttpServer.java:updateConnectorAddress(329)) - HTTP server of hddsDatanode listening at http://0.0.0.0:44463
2021-08-27 19:20:52,481 [Listener at 127.0.0.1/13592] WARN  impl.MetricRegistriesImpl (MetricRegistriesImpl.java:addReporterRegistration(111)) - New reporters are added after registries were created. Some metrics will be missing from the reporter. Please add reporter before adding any new registry.
2021-08-27 19:20:52,481 [Listener at 127.0.0.1/13592] WARN  impl.MetricRegistriesImpl (MetricRegistriesImpl.java:addReporterRegistration(111)) - New reporters are added after registries were created. Some metrics will be missing from the reporter. Please add reporter before adding any new registry.
2021-08-27 19:20:52,481 [Listener at 127.0.0.1/13592] INFO  impl.MetricsSystemImpl (MetricsSystemImpl.java:init(158)) - HddsDatanode metrics system started (again)
2021-08-27 19:20:52,493 [EndpointStateMachine task thread for /127.0.0.1:14971 - 0 ] INFO  ipc.Client (Client.java:handleConnectionFailure(977)) - Retrying connect to server: localhost/127.0.0.1:14971. Already tried 0 time(s); retry policy is RetryUpToMaximumCountWithFixedSleep(maxRetries=15, sleepTime=1000 MILLISECONDS)
2021-08-27 19:20:52,494 [EndpointStateMachine task thread for /127.0.0.1:14981 - 0 ] INFO  ipc.Client (Client.java:handleConnectionFailure(977)) - Retrying connect to server: localhost/127.0.0.1:14981. Already tried 0 time(s); retry policy is RetryUpToMaximumCountWithFixedSleep(maxRetries=15, sleepTime=1000 MILLISECONDS)
2021-08-27 19:20:52,559 [org.apache.hadoop.util.JvmPauseMonitor$Monitor@190487e0] INFO  util.JvmPauseMonitor (JvmPauseMonitor.java:run(188)) - Starting JVM pause monitor
2021-08-27 19:20:52,574 [Datanode State Machine Task Thread - 0] INFO  ha.SCMNodeInfo (SCMNodeInfo.java:getPort(197)) - ConfigKey ozone.scm.client.address is deprecated, For configuring different ports for each SCM use PortConfigKey ozone.scm.client.port appended with serviceId and nodeId
2021-08-27 19:20:52,575 [Datanode State Machine Task Thread - 0] INFO  ha.SCMNodeInfo (SCMNodeInfo.java:getPort(197)) - ConfigKey ozone.scm.block.client.address is deprecated, For configuring different ports for each SCM use PortConfigKey ozone.scm.block.client.port appended with serviceId and nodeId
2021-08-27 19:20:52,576 [Datanode State Machine Task Thread - 0] INFO  ha.SCMNodeInfo (SCMNodeInfo.java:getPort(197)) - ConfigKey ozone.scm.datanode.address is deprecated, For configuring different ports for each SCM use PortConfigKey ozone.scm.datanode.port appended with serviceId and nodeId
2021-08-27 19:20:52,576 [Datanode State Machine Task Thread - 0] INFO  ha.SCMNodeInfo (SCMNodeInfo.java:getPort(197)) - ConfigKey ozone.scm.client.address is deprecated, For configuring different ports for each SCM use PortConfigKey ozone.scm.client.port appended with serviceId and nodeId
2021-08-27 19:20:52,576 [Datanode State Machine Task Thread - 0] INFO  ha.SCMNodeInfo (SCMNodeInfo.java:getPort(197)) - ConfigKey ozone.scm.block.client.address is deprecated, For configuring different ports for each SCM use PortConfigKey ozone.scm.block.client.port appended with serviceId and nodeId
2021-08-27 19:20:52,576 [Datanode State Machine Task Thread - 0] INFO  ha.SCMNodeInfo (SCMNodeInfo.java:getPort(197)) - ConfigKey ozone.scm.datanode.address is deprecated, For configuring different ports for each SCM use PortConfigKey ozone.scm.datanode.port appended with serviceId and nodeId
2021-08-27 19:20:52,576 [Datanode State Machine Task Thread - 0] INFO  ha.SCMNodeInfo (SCMNodeInfo.java:getPort(197)) - ConfigKey ozone.scm.client.address is deprecated, For configuring different ports for each SCM use PortConfigKey ozone.scm.client.port appended with serviceId and nodeId
2021-08-27 19:20:52,577 [Datanode State Machine Task Thread - 0] INFO  ha.SCMNodeInfo (SCMNodeInfo.java:getPort(197)) - ConfigKey ozone.scm.block.client.address is deprecated, For configuring different ports for each SCM use PortConfigKey ozone.scm.block.client.port appended with serviceId and nodeId
2021-08-27 19:20:52,577 [Datanode State Machine Task Thread - 0] INFO  ha.SCMNodeInfo (SCMNodeInfo.java:getPort(197)) - ConfigKey ozone.scm.datanode.address is deprecated, For configuring different ports for each SCM use PortConfigKey ozone.scm.datanode.port appended with serviceId and nodeId
2021-08-27 19:20:52,576 [Listener at 127.0.0.1/13592] INFO  ozone.HddsDatanodeService (HddsDatanodeService.java:start(234)) - HddsDatanodeService host:fv-az59-836.csjynl4pkq3e1pkirw3ssqjfoh.cx.internal.cloudapp.net ip:10.1.0.82
2021-08-27 19:20:52,582 [Datanode State Machine Task Thread - 0] INFO  datanode.InitDatanodeState (InitDatanodeState.java:persistContainerDatanodeDetails(145)) - DatanodeDetails is persisted to /home/runner/work/ozone/ozone/hadoop-ozone/integration-test/target/test-dir/MiniOzoneClusterImpl-cc6da7a1-649b-4db9-82e6-e71d50c67865/datanode-1/meta/datanode.id
2021-08-27 19:20:52,618 [Listener at 127.0.0.1/13592] INFO  upgrade.AbstractLayoutVersionManager (AbstractLayoutVersionManager.java:init(70)) - Initializing Layout version manager with metadata layout = SCM_HA (version = 2), software layout = SCM_HA (version = 2)
2021-08-27 19:20:52,701 [Listener at 127.0.0.1/13592] INFO  reflections.Reflections (Reflections.java:scan(232)) - Reflections took 79 ms to scan 7 urls, producing 120 keys and 275 values 
2021-08-27 19:20:52,712 [Listener at 127.0.0.1/13592] INFO  ha.SCMNodeInfo (SCMNodeInfo.java:getPort(197)) - ConfigKey ozone.scm.client.address is deprecated, For configuring different ports for each SCM use PortConfigKey ozone.scm.client.port appended with serviceId and nodeId
2021-08-27 19:20:52,719 [Listener at 127.0.0.1/13592] INFO  ha.SCMNodeInfo (SCMNodeInfo.java:getPort(197)) - ConfigKey ozone.scm.block.client.address is deprecated, For configuring different ports for each SCM use PortConfigKey ozone.scm.block.client.port appended with serviceId and nodeId
2021-08-27 19:20:52,719 [Listener at 127.0.0.1/13592] INFO  ha.SCMNodeInfo (SCMNodeInfo.java:getPort(197)) - ConfigKey ozone.scm.datanode.address is deprecated, For configuring different ports for each SCM use PortConfigKey ozone.scm.datanode.port appended with serviceId and nodeId
2021-08-27 19:20:52,719 [Listener at 127.0.0.1/13592] INFO  ha.SCMNodeInfo (SCMNodeInfo.java:getPort(197)) - ConfigKey ozone.scm.client.address is deprecated, For configuring different ports for each SCM use PortConfigKey ozone.scm.client.port appended with serviceId and nodeId
2021-08-27 19:20:52,720 [Listener at 127.0.0.1/13592] INFO  ha.SCMNodeInfo (SCMNodeInfo.java:getPort(197)) - ConfigKey ozone.scm.block.client.address is deprecated, For configuring different ports for each SCM use PortConfigKey ozone.scm.block.client.port appended with serviceId and nodeId
2021-08-27 19:20:52,720 [Listener at 127.0.0.1/13592] INFO  ha.SCMNodeInfo (SCMNodeInfo.java:getPort(197)) - ConfigKey ozone.scm.datanode.address is deprecated, For configuring different ports for each SCM use PortConfigKey ozone.scm.datanode.port appended with serviceId and nodeId
2021-08-27 19:20:52,720 [Listener at 127.0.0.1/13592] INFO  ha.SCMNodeInfo (SCMNodeInfo.java:getPort(197)) - ConfigKey ozone.scm.client.address is deprecated, For configuring different ports for each SCM use PortConfigKey ozone.scm.client.port appended with serviceId and nodeId
2021-08-27 19:20:52,720 [Listener at 127.0.0.1/13592] INFO  ha.SCMNodeInfo (SCMNodeInfo.java:getPort(197)) - ConfigKey ozone.scm.block.client.address is deprecated, For configuring different ports for each SCM use PortConfigKey ozone.scm.block.client.port appended with serviceId and nodeId
2021-08-27 19:20:52,720 [Listener at 127.0.0.1/13592] INFO  ha.SCMNodeInfo (SCMNodeInfo.java:getPort(197)) - ConfigKey ozone.scm.datanode.address is deprecated, For configuring different ports for each SCM use PortConfigKey ozone.scm.datanode.port appended with serviceId and nodeId
2021-08-27 19:20:52,728 [Listener at 127.0.0.1/13592] INFO  volume.HddsVolume (HddsVolume.java:<init>(120)) - Creating HddsVolume: /home/runner/work/ozone/ozone/hadoop-ozone/integration-test/target/test-dir/MiniOzoneClusterImpl-cc6da7a1-649b-4db9-82e6-e71d50c67865/datanode-2/data-0/containers/hdds of storage type : DISK capacity : 9223372036854775807
2021-08-27 19:20:52,729 [Listener at 127.0.0.1/13592] INFO  volume.MutableVolumeSet (MutableVolumeSet.java:initializeVolumeSet(181)) - Added Volume : /home/runner/work/ozone/ozone/hadoop-ozone/integration-test/target/test-dir/MiniOzoneClusterImpl-cc6da7a1-649b-4db9-82e6-e71d50c67865/datanode-2/data-0/containers/hdds to VolumeSet
2021-08-27 19:20:52,729 [Listener at 127.0.0.1/13592] INFO  volume.ThrottledAsyncChecker (ThrottledAsyncChecker.java:schedule(141)) - Scheduling a check for /home/runner/work/ozone/ozone/hadoop-ozone/integration-test/target/test-dir/MiniOzoneClusterImpl-cc6da7a1-649b-4db9-82e6-e71d50c67865/datanode-2/data-0/containers/hdds
2021-08-27 19:20:52,730 [Listener at 127.0.0.1/13592] INFO  volume.StorageVolumeChecker (StorageVolumeChecker.java:checkAllVolumes(202)) - Scheduled health check for volume /home/runner/work/ozone/ozone/hadoop-ozone/integration-test/target/test-dir/MiniOzoneClusterImpl-cc6da7a1-649b-4db9-82e6-e71d50c67865/datanode-2/data-0/containers/hdds
2021-08-27 19:20:52,759 [Listener at 127.0.0.1/13592] INFO  volume.MutableVolumeSet (MutableVolumeSet.java:initializeVolumeSet(181)) - Added Volume : /home/runner/work/ozone/ozone/hadoop-ozone/integration-test/target/test-dir/MiniOzoneClusterImpl-cc6da7a1-649b-4db9-82e6-e71d50c67865/datanode-2/data/ratis to VolumeSet
2021-08-27 19:20:52,760 [Listener at 127.0.0.1/13592] INFO  volume.ThrottledAsyncChecker (ThrottledAsyncChecker.java:schedule(141)) - Scheduling a check for /home/runner/work/ozone/ozone/hadoop-ozone/integration-test/target/test-dir/MiniOzoneClusterImpl-cc6da7a1-649b-4db9-82e6-e71d50c67865/datanode-2/data/ratis
2021-08-27 19:20:52,760 [Listener at 127.0.0.1/13592] INFO  volume.StorageVolumeChecker (StorageVolumeChecker.java:checkAllVolumes(202)) - Scheduled health check for volume /home/runner/work/ozone/ozone/hadoop-ozone/integration-test/target/test-dir/MiniOzoneClusterImpl-cc6da7a1-649b-4db9-82e6-e71d50c67865/datanode-2/data/ratis
2021-08-27 19:20:52,790 [Listener at 127.0.0.1/13592] INFO  ozoneimpl.ContainerReader (ContainerReader.java:<init>(98)) - Running in upgrade mode:true
2021-08-27 19:20:52,819 [Thread-1477] INFO  ozoneimpl.ContainerReader (ContainerReader.java:readVolume(142)) - Start to verify containers on volume /home/runner/work/ozone/ozone/hadoop-ozone/integration-test/target/test-dir/MiniOzoneClusterImpl-cc6da7a1-649b-4db9-82e6-e71d50c67865/datanode-2/data-0/containers/hdds
2021-08-27 19:20:52,819 [Thread-1477] INFO  ozoneimpl.ContainerReader (ContainerReader.java:readVolume(174)) - Finish verifying containers on volume /home/runner/work/ozone/ozone/hadoop-ozone/integration-test/target/test-dir/MiniOzoneClusterImpl-cc6da7a1-649b-4db9-82e6-e71d50c67865/datanode-2/data-0/containers/hdds
2021-08-27 19:20:52,819 [Listener at 127.0.0.1/13592] INFO  ozoneimpl.OzoneContainer (OzoneContainer.java:buildContainerSet(237)) - Build ContainerSet costs 0s
2021-08-27 19:20:52,829 [Listener at 127.0.0.1/13592] INFO  server.RaftServer (ConfUtils.java:logGet(44)) - raft.rpc.type = GRPC (default)
2021-08-27 19:20:52,829 [Listener at 127.0.0.1/13592] INFO  grpc.GrpcFactory (GrpcFactory.java:checkPooledByteBufAllocatorUseCacheForAllThreads(48)) - PERFORMANCE WARNING: useCacheForAllThreads is true that may cause Netty to create a lot garbage objects and, as a result, trigger GC.
	It is recommended to disable useCacheForAllThreads by setting -Dorg.apache.ratis.thirdparty.io.netty.allocator.useCacheForAllThreads=false in command line.
2021-08-27 19:20:52,829 [Listener at 127.0.0.1/13592] INFO  grpc.GrpcConfigKeys (ConfUtils.java:logGet(44)) - raft.grpc.admin.port = 0 (custom)
2021-08-27 19:20:52,829 [Listener at 127.0.0.1/13592] INFO  grpc.GrpcConfigKeys (ConfUtils.java:logGet(44)) - raft.grpc.client.port = 0 (custom)
2021-08-27 19:20:52,829 [Listener at 127.0.0.1/13592] INFO  grpc.GrpcConfigKeys (ConfUtils.java:logGet(44)) - raft.grpc.server.port = 0 (default)
2021-08-27 19:20:52,830 [Listener at 127.0.0.1/13592] INFO  server.GrpcService (ConfUtils.java:logGet(44)) - raft.grpc.message.size.max = 32MB (=33554432) (custom)
2021-08-27 19:20:52,830 [Listener at 127.0.0.1/13592] INFO  server.RaftServerConfigKeys (ConfUtils.java:logGet(44)) - raft.server.log.appender.buffer.byte-limit = 33554432 (custom)
2021-08-27 19:20:52,830 [Listener at 127.0.0.1/13592] INFO  server.GrpcService (ConfUtils.java:logGet(44)) - raft.grpc.flow.control.window = 5MB (=5242880) (custom)
2021-08-27 19:20:52,830 [Listener at 127.0.0.1/13592] INFO  server.RaftServerConfigKeys (ConfUtils.java:logGet(44)) - raft.server.rpc.request.timeout = 60s (custom)
2021-08-27 19:20:52,831 [Listener at 127.0.0.1/13592] INFO  impl.DataStreamServerImpl (ConfUtils.java:logGet(44)) - raft.datastream.type = DISABLED (default)
2021-08-27 19:20:52,843 [Listener at 127.0.0.1/13592] INFO  server.RaftServerConfigKeys (ConfUtils.java:logGet(44)) - raft.server.rpc.slowness.timeout = 300s (custom)
2021-08-27 19:20:52,843 [Listener at 127.0.0.1/13592] INFO  server.RaftServerConfigKeys (ConfUtils.java:logGet(44)) - raft.server.leaderelection.leader.step-down.wait-time = 10s (default)
2021-08-27 19:20:52,843 [Listener at 127.0.0.1/13592] INFO  server.RaftServerConfigKeys (ConfUtils.java:logGet(44)) - raft.server.storage.dir = [/home/runner/work/ozone/ozone/hadoop-ozone/integration-test/target/test-dir/MiniOzoneClusterImpl-cc6da7a1-649b-4db9-82e6-e71d50c67865/datanode-2/data/ratis] (custom)
2021-08-27 19:20:52,850 [Listener at 127.0.0.1/13592] INFO  http.BaseHttpServer (BaseHttpServer.java:newHttpServer2BuilderForOzone(209)) - Starting Web-server for hddsDatanode at: http://0.0.0.0:0
2021-08-27 19:20:52,850 [Listener at 127.0.0.1/13592] INFO  http.BaseHttpServer (BaseHttpServer.java:<init>(107)) - Hadoop Security Enabled: false Ozone Security Enabled: false Ozone HTTP Security Enabled: false 
2021-08-27 19:20:52,851 [Listener at 127.0.0.1/13592] INFO  server.AuthenticationFilter (AuthenticationFilter.java:constructSecretProvider(240)) - Unable to initialize FileSignerSecretProvider, falling back to use random secrets.
2021-08-27 19:20:52,855 [Listener at 127.0.0.1/13592] WARN  http.HttpRequestLog (HttpRequestLog.java:getRequestLog(103)) - Jetty request log can only be enabled using Log4j
2021-08-27 19:20:52,856 [Listener at 127.0.0.1/13592] INFO  http.HttpServer2 (HttpServer2.java:addGlobalFilter(1030)) - Added global filter 'safety' (class=org.apache.hadoop.hdds.server.http.HttpServer2$QuotingInputFilter)
2021-08-27 19:20:52,856 [Listener at 127.0.0.1/13592] INFO  http.HttpServer2 (HttpServer2.java:addFilter(1006)) - Added filter static_user_filter (class=org.apache.hadoop.http.lib.StaticUserWebFilter$StaticUserFilter) to context hddsDatanode
2021-08-27 19:20:52,857 [Listener at 127.0.0.1/13592] INFO  http.HttpServer2 (HttpServer2.java:addFilter(1014)) - Added filter static_user_filter (class=org.apache.hadoop.http.lib.StaticUserWebFilter$StaticUserFilter) to context logs
2021-08-27 19:20:52,857 [Listener at 127.0.0.1/13592] INFO  http.HttpServer2 (HttpServer2.java:addFilter(1014)) - Added filter static_user_filter (class=org.apache.hadoop.http.lib.StaticUserWebFilter$StaticUserFilter) to context static
2021-08-27 19:20:52,857 [Listener at 127.0.0.1/13592] INFO  http.HttpServer2 (HttpServer2.java:bindListener(1249)) - Jetty bound to port 44397
2021-08-27 19:20:52,857 [Listener at 127.0.0.1/13592] INFO  server.Server (Server.java:doStart(375)) - jetty-9.4.43.v20210629; built: 2021-06-30T11:07:22.254Z; git: 526006ecfa3af7f1a27ef3a288e2bef7ea9dd7e8; jvm 1.8.0_292-b10
2021-08-27 19:20:52,903 [Listener at 127.0.0.1/13592] INFO  server.session (DefaultSessionIdManager.java:doStart(334)) - DefaultSessionIdManager workerName=node0
2021-08-27 19:20:52,904 [Listener at 127.0.0.1/13592] INFO  server.session (DefaultSessionIdManager.java:doStart(339)) - No SessionScavenger set, using defaults
2021-08-27 19:20:52,904 [Listener at 127.0.0.1/13592] INFO  server.session (HouseKeeper.java:startScavenging(132)) - node0 Scavenging every 660000ms
2021-08-27 19:20:52,911 [Listener at 127.0.0.1/13592] INFO  handler.ContextHandler (ContextHandler.java:doStart(915)) - Started o.e.j.s.ServletContextHandler@f3a4502{logs,/logs,file:///home/runner/work/ozone/ozone/hadoop-ozone/integration-test/target/log,AVAILABLE}
2021-08-27 19:20:52,912 [Listener at 127.0.0.1/13592] INFO  handler.ContextHandler (ContextHandler.java:doStart(915)) - Started o.e.j.s.ServletContextHandler@22b6e9d8{static,/static,jar:file:/home/runner/.m2/repository/org/apache/ozone/hdds-container-service/1.2.0-SNAPSHOT/hdds-container-service-1.2.0-SNAPSHOT.jar!/webapps/static,AVAILABLE}
2021-08-27 19:20:53,001 [Listener at 127.0.0.1/13592] INFO  handler.ContextHandler (ContextHandler.java:doStart(915)) - Started o.e.j.w.WebAppContext@291378f2{hddsDatanode,/,file:///tmp/jetty-0_0_0_0-44397-hdds-container-service-1_2_0-SNAPSHOT_jar-_-any-7262553924745874641/webapp/,AVAILABLE}{jar:file:/home/runner/.m2/repository/org/apache/ozone/hdds-container-service/1.2.0-SNAPSHOT/hdds-container-service-1.2.0-SNAPSHOT.jar!/webapps/hddsDatanode}
2021-08-27 19:20:53,009 [Listener at 127.0.0.1/13592] INFO  server.AbstractConnector (AbstractConnector.java:doStart(331)) - Started ServerConnector@7993ec00{HTTP/1.1, (http/1.1)}{0.0.0.0:44397}
2021-08-27 19:20:53,009 [Listener at 127.0.0.1/13592] INFO  server.Server (Server.java:doStart(415)) - Started @81156ms
2021-08-27 19:20:53,009 [Listener at 127.0.0.1/13592] WARN  impl.MetricsSystemImpl (MetricsSystemImpl.java:register(279)) - Sink prometheus already exists!
2021-08-27 19:20:53,010 [Listener at 127.0.0.1/13592] INFO  http.BaseHttpServer (BaseHttpServer.java:updateConnectorAddress(329)) - HTTP server of hddsDatanode listening at http://0.0.0.0:44397
2021-08-27 19:20:53,011 [Listener at 127.0.0.1/13592] INFO  ozone.MiniOzoneClusterImpl (MiniOzoneClusterImpl.java:lambda$waitForClusterToBeReady$0(235)) - Waiting for nodes to be ready. Got 0 of 3 DN Heartbeats.
2021-08-27 19:20:53,011 [Listener at 127.0.0.1/13592] INFO  ozone.MiniOzoneClusterImpl (MiniOzoneClusterImpl.java:lambda$waitForClusterToBeReady$0(238)) - Waiting for cluster to exit safe mode
2021-08-27 19:20:53,011 [Listener at 127.0.0.1/13592] INFO  ozone.MiniOzoneClusterImpl (MiniOzoneClusterImpl.java:lambda$waitForClusterToBeReady$0(240)) - SCM became leader
2021-08-27 19:20:53,060 [org.apache.hadoop.util.JvmPauseMonitor$Monitor@3a5cf4ae] INFO  util.JvmPauseMonitor (JvmPauseMonitor.java:run(188)) - Starting JVM pause monitor
2021-08-27 19:20:53,064 [Datanode State Machine Task Thread - 0] INFO  ha.SCMNodeInfo (SCMNodeInfo.java:getPort(197)) - ConfigKey ozone.scm.client.address is deprecated, For configuring different ports for each SCM use PortConfigKey ozone.scm.client.port appended with serviceId and nodeId
2021-08-27 19:20:53,065 [Datanode State Machine Task Thread - 0] INFO  ha.SCMNodeInfo (SCMNodeInfo.java:getPort(197)) - ConfigKey ozone.scm.block.client.address is deprecated, For configuring different ports for each SCM use PortConfigKey ozone.scm.block.client.port appended with serviceId and nodeId
2021-08-27 19:20:53,065 [Datanode State Machine Task Thread - 0] INFO  ha.SCMNodeInfo (SCMNodeInfo.java:getPort(197)) - ConfigKey ozone.scm.datanode.address is deprecated, For configuring different ports for each SCM use PortConfigKey ozone.scm.datanode.port appended with serviceId and nodeId
2021-08-27 19:20:53,065 [Datanode State Machine Task Thread - 0] INFO  ha.SCMNodeInfo (SCMNodeInfo.java:getPort(197)) - ConfigKey ozone.scm.client.address is deprecated, For configuring different ports for each SCM use PortConfigKey ozone.scm.client.port appended with serviceId and nodeId
2021-08-27 19:20:53,065 [Datanode State Machine Task Thread - 0] INFO  ha.SCMNodeInfo (SCMNodeInfo.java:getPort(197)) - ConfigKey ozone.scm.block.client.address is deprecated, For configuring different ports for each SCM use PortConfigKey ozone.scm.block.client.port appended with serviceId and nodeId
2021-08-27 19:20:53,065 [Datanode State Machine Task Thread - 0] INFO  ha.SCMNodeInfo (SCMNodeInfo.java:getPort(197)) - ConfigKey ozone.scm.datanode.address is deprecated, For configuring different ports for each SCM use PortConfigKey ozone.scm.datanode.port appended with serviceId and nodeId
2021-08-27 19:20:53,065 [Datanode State Machine Task Thread - 0] INFO  ha.SCMNodeInfo (SCMNodeInfo.java:getPort(197)) - ConfigKey ozone.scm.client.address is deprecated, For configuring different ports for each SCM use PortConfigKey ozone.scm.client.port appended with serviceId and nodeId
2021-08-27 19:20:53,065 [Datanode State Machine Task Thread - 0] INFO  ha.SCMNodeInfo (SCMNodeInfo.java:getPort(197)) - ConfigKey ozone.scm.block.client.address is deprecated, For configuring different ports for each SCM use PortConfigKey ozone.scm.block.client.port appended with serviceId and nodeId
2021-08-27 19:20:53,065 [Datanode State Machine Task Thread - 0] INFO  ha.SCMNodeInfo (SCMNodeInfo.java:getPort(197)) - ConfigKey ozone.scm.datanode.address is deprecated, For configuring different ports for each SCM use PortConfigKey ozone.scm.datanode.port appended with serviceId and nodeId
2021-08-27 19:20:53,069 [Datanode State Machine Task Thread - 0] INFO  datanode.InitDatanodeState (InitDatanodeState.java:persistContainerDatanodeDetails(145)) - DatanodeDetails is persisted to /home/runner/work/ozone/ozone/hadoop-ozone/integration-test/target/test-dir/MiniOzoneClusterImpl-cc6da7a1-649b-4db9-82e6-e71d50c67865/datanode-2/meta/datanode.id
2021-08-27 19:20:53,193 [EndpointStateMachine task thread for /127.0.0.1:14961 - 0 ] INFO  ipc.Client (Client.java:handleConnectionFailure(977)) - Retrying connect to server: localhost/127.0.0.1:14961. Already tried 3 time(s); retry policy is RetryUpToMaximumCountWithFixedSleep(maxRetries=15, sleepTime=1000 MILLISECONDS)
2021-08-27 19:20:53,494 [EndpointStateMachine task thread for /127.0.0.1:14971 - 0 ] INFO  ipc.Client (Client.java:handleConnectionFailure(977)) - Retrying connect to server: localhost/127.0.0.1:14971. Already tried 1 time(s); retry policy is RetryUpToMaximumCountWithFixedSleep(maxRetries=15, sleepTime=1000 MILLISECONDS)
2021-08-27 19:20:53,495 [EndpointStateMachine task thread for /127.0.0.1:14981 - 0 ] INFO  ipc.Client (Client.java:handleConnectionFailure(977)) - Retrying connect to server: localhost/127.0.0.1:14981. Already tried 1 time(s); retry policy is RetryUpToMaximumCountWithFixedSleep(maxRetries=15, sleepTime=1000 MILLISECONDS)
2021-08-27 19:20:54,011 [Listener at 127.0.0.1/13592] INFO  ozone.MiniOzoneClusterImpl (MiniOzoneClusterImpl.java:lambda$waitForClusterToBeReady$0(235)) - Waiting for nodes to be ready. Got 0 of 3 DN Heartbeats.
2021-08-27 19:20:54,012 [Listener at 127.0.0.1/13592] INFO  ozone.MiniOzoneClusterImpl (MiniOzoneClusterImpl.java:lambda$waitForClusterToBeReady$0(238)) - Waiting for cluster to exit safe mode
2021-08-27 19:20:54,012 [Listener at 127.0.0.1/13592] INFO  ozone.MiniOzoneClusterImpl (MiniOzoneClusterImpl.java:lambda$waitForClusterToBeReady$0(240)) - SCM became leader
2021-08-27 19:20:54,034 [EndpointStateMachine task thread for /127.0.0.1:13925 - 0 ] INFO  ozoneimpl.OzoneContainer (OzoneContainer.java:start(305)) - Attempting to start container services.
2021-08-27 19:20:54,034 [EndpointStateMachine task thread for /127.0.0.1:13925 - 0 ] INFO  ozoneimpl.OzoneContainer (OzoneContainer.java:startContainerScrub(250)) - Background container scanner has been disabled.
2021-08-27 19:20:54,034 [EndpointStateMachine task thread for /127.0.0.1:13925 - 0 ] INFO  replication.ReplicationServer (ReplicationServer.java:start(107)) - ReplicationServer is started using port 34757
2021-08-27 19:20:54,047 [EndpointStateMachine task thread for /127.0.0.1:13925 - 0 ] INFO  ratis.XceiverServerRatis (XceiverServerRatis.java:start(482)) - Starting XceiverServerRatis 7114ee9f-b20c-4a85-b13e-c38a422a401d
2021-08-27 19:20:54,063 [EndpointStateMachine task thread for /127.0.0.1:13925 - 0 ] INFO  server.RaftServer (RaftServerProxy.java:lambda$start$5(374)) - 7114ee9f-b20c-4a85-b13e-c38a422a401d: start RPC server
2021-08-27 19:20:54,063 [EndpointStateMachine task thread for /127.0.0.1:13925 - 0 ] INFO  server.GrpcService (GrpcService.java:startImpl(253)) - 7114ee9f-b20c-4a85-b13e-c38a422a401d: GrpcService started, listening on 33505
2021-08-27 19:20:54,087 [EndpointStateMachine task thread for /127.0.0.1:13925 - 0 ] INFO  ratis.XceiverServerRatis (XceiverServerRatis.java:getRealPort(503)) - XceiverServerRatis 7114ee9f-b20c-4a85-b13e-c38a422a401d is started using port 33505 for RATIS
2021-08-27 19:20:54,087 [EndpointStateMachine task thread for /127.0.0.1:13925 - 0 ] INFO  ratis.XceiverServerRatis (XceiverServerRatis.java:getRealPort(503)) - XceiverServerRatis 7114ee9f-b20c-4a85-b13e-c38a422a401d is started using port 33505 for RATIS_ADMIN
2021-08-27 19:20:54,087 [EndpointStateMachine task thread for /127.0.0.1:13925 - 0 ] INFO  ratis.XceiverServerRatis (XceiverServerRatis.java:getRealPort(503)) - XceiverServerRatis 7114ee9f-b20c-4a85-b13e-c38a422a401d is started using port 33505 for RATIS_SERVER
2021-08-27 19:20:54,095 [EndpointStateMachine task thread for /127.0.0.1:13925 - 0 ] INFO  server.XceiverServerGrpc (XceiverServerGrpc.java:start(135)) - XceiverServerGrpc 7114ee9f-b20c-4a85-b13e-c38a422a401d is started using port 40139
2021-08-27 19:20:54,097 [org.apache.ratis.util.JvmPauseMonitor$$Lambda$499/1326998608@75862ff2] INFO  util.JvmPauseMonitor (JvmPauseMonitor.java:run(103)) - JvmPauseMonitor-7114ee9f-b20c-4a85-b13e-c38a422a401d: Started
2021-08-27 19:20:54,099 [EndpointStateMachine task thread for /127.0.0.1:13935 - 0 ] INFO  ozoneimpl.OzoneContainer (OzoneContainer.java:start(301)) - Ignore. OzoneContainer already started.
2021-08-27 19:20:54,194 [EndpointStateMachine task thread for /127.0.0.1:14961 - 0 ] INFO  ipc.Client (Client.java:handleConnectionFailure(977)) - Retrying connect to server: localhost/127.0.0.1:14961. Already tried 4 time(s); retry policy is RetryUpToMaximumCountWithFixedSleep(maxRetries=15, sleepTime=1000 MILLISECONDS)
2021-08-27 19:20:54,494 [EndpointStateMachine task thread for /127.0.0.1:14971 - 0 ] INFO  ipc.Client (Client.java:handleConnectionFailure(977)) - Retrying connect to server: localhost/127.0.0.1:14971. Already tried 2 time(s); retry policy is RetryUpToMaximumCountWithFixedSleep(maxRetries=15, sleepTime=1000 MILLISECONDS)
2021-08-27 19:20:54,495 [EndpointStateMachine task thread for /127.0.0.1:14981 - 0 ] INFO  ipc.Client (Client.java:handleConnectionFailure(977)) - Retrying connect to server: localhost/127.0.0.1:14981. Already tried 2 time(s); retry policy is RetryUpToMaximumCountWithFixedSleep(maxRetries=15, sleepTime=1000 MILLISECONDS)
2021-08-27 19:20:54,575 [EndpointStateMachine task thread for /127.0.0.1:13935 - 0 ] INFO  ozoneimpl.OzoneContainer (OzoneContainer.java:start(305)) - Attempting to start container services.
2021-08-27 19:20:54,575 [EndpointStateMachine task thread for /127.0.0.1:13935 - 0 ] INFO  ozoneimpl.OzoneContainer (OzoneContainer.java:startContainerScrub(250)) - Background container scanner has been disabled.
2021-08-27 19:20:54,576 [EndpointStateMachine task thread for /127.0.0.1:13935 - 0 ] INFO  replication.ReplicationServer (ReplicationServer.java:start(107)) - ReplicationServer is started using port 39011
2021-08-27 19:20:54,577 [EndpointStateMachine task thread for /127.0.0.1:13935 - 0 ] INFO  ratis.XceiverServerRatis (XceiverServerRatis.java:start(482)) - Starting XceiverServerRatis 879cfcac-0f36-4f91-b8b3-e9d7e01f977d
2021-08-27 19:20:54,577 [EndpointStateMachine task thread for /127.0.0.1:13935 - 0 ] INFO  server.RaftServer (RaftServerProxy.java:lambda$start$5(374)) - 879cfcac-0f36-4f91-b8b3-e9d7e01f977d: start RPC server
2021-08-27 19:20:54,580 [EndpointStateMachine task thread for /127.0.0.1:13935 - 0 ] INFO  server.GrpcService (GrpcService.java:startImpl(253)) - 879cfcac-0f36-4f91-b8b3-e9d7e01f977d: GrpcService started, listening on 32853
2021-08-27 19:20:54,591 [EndpointStateMachine task thread for /127.0.0.1:13935 - 0 ] INFO  ratis.XceiverServerRatis (XceiverServerRatis.java:getRealPort(503)) - XceiverServerRatis 879cfcac-0f36-4f91-b8b3-e9d7e01f977d is started using port 32853 for RATIS
2021-08-27 19:20:54,591 [EndpointStateMachine task thread for /127.0.0.1:13935 - 0 ] INFO  ratis.XceiverServerRatis (XceiverServerRatis.java:getRealPort(503)) - XceiverServerRatis 879cfcac-0f36-4f91-b8b3-e9d7e01f977d is started using port 32853 for RATIS_ADMIN
2021-08-27 19:20:54,591 [EndpointStateMachine task thread for /127.0.0.1:13935 - 0 ] INFO  ratis.XceiverServerRatis (XceiverServerRatis.java:getRealPort(503)) - XceiverServerRatis 879cfcac-0f36-4f91-b8b3-e9d7e01f977d is started using port 32853 for RATIS_SERVER
2021-08-27 19:20:54,591 [org.apache.ratis.util.JvmPauseMonitor$$Lambda$499/1326998608@d8ae00a] INFO  util.JvmPauseMonitor (JvmPauseMonitor.java:run(103)) - JvmPauseMonitor-879cfcac-0f36-4f91-b8b3-e9d7e01f977d: Started
2021-08-27 19:20:54,592 [EndpointStateMachine task thread for /127.0.0.1:13935 - 0 ] INFO  server.XceiverServerGrpc (XceiverServerGrpc.java:start(135)) - XceiverServerGrpc 879cfcac-0f36-4f91-b8b3-e9d7e01f977d is started using port 42661
2021-08-27 19:20:54,598 [EndpointStateMachine task thread for /127.0.0.1:13925 - 0 ] INFO  ozoneimpl.OzoneContainer (OzoneContainer.java:start(301)) - Ignore. OzoneContainer already started.
2021-08-27 19:20:55,012 [Listener at 127.0.0.1/13592] INFO  ozone.MiniOzoneClusterImpl (MiniOzoneClusterImpl.java:lambda$waitForClusterToBeReady$0(235)) - Waiting for nodes to be ready. Got 0 of 3 DN Heartbeats.
2021-08-27 19:20:55,012 [Listener at 127.0.0.1/13592] INFO  ozone.MiniOzoneClusterImpl (MiniOzoneClusterImpl.java:lambda$waitForClusterToBeReady$0(238)) - Waiting for cluster to exit safe mode
2021-08-27 19:20:55,012 [Listener at 127.0.0.1/13592] INFO  ozone.MiniOzoneClusterImpl (MiniOzoneClusterImpl.java:lambda$waitForClusterToBeReady$0(240)) - SCM became leader
2021-08-27 19:20:55,082 [EndpointStateMachine task thread for /127.0.0.1:13935 - 0 ] INFO  ozoneimpl.OzoneContainer (OzoneContainer.java:start(305)) - Attempting to start container services.
2021-08-27 19:20:55,082 [EndpointStateMachine task thread for /127.0.0.1:13935 - 0 ] INFO  ozoneimpl.OzoneContainer (OzoneContainer.java:startContainerScrub(250)) - Background container scanner has been disabled.
2021-08-27 19:20:55,083 [EndpointStateMachine task thread for /127.0.0.1:13935 - 0 ] INFO  replication.ReplicationServer (ReplicationServer.java:start(107)) - ReplicationServer is started using port 39673
2021-08-27 19:20:55,084 [EndpointStateMachine task thread for /127.0.0.1:13935 - 0 ] INFO  ratis.XceiverServerRatis (XceiverServerRatis.java:start(482)) - Starting XceiverServerRatis 73f911ca-52fc-4abb-a332-7dbce6ccb501
2021-08-27 19:20:55,091 [EndpointStateMachine task thread for /127.0.0.1:13935 - 0 ] INFO  server.RaftServer (RaftServerProxy.java:lambda$start$5(374)) - 73f911ca-52fc-4abb-a332-7dbce6ccb501: start RPC server
2021-08-27 19:20:55,095 [EndpointStateMachine task thread for /127.0.0.1:13935 - 0 ] INFO  server.GrpcService (GrpcService.java:startImpl(253)) - 73f911ca-52fc-4abb-a332-7dbce6ccb501: GrpcService started, listening on 36141
2021-08-27 19:20:55,099 [EndpointStateMachine task thread for /127.0.0.1:13935 - 0 ] INFO  ratis.XceiverServerRatis (XceiverServerRatis.java:getRealPort(503)) - XceiverServerRatis 73f911ca-52fc-4abb-a332-7dbce6ccb501 is started using port 36141 for RATIS
2021-08-27 19:20:55,099 [EndpointStateMachine task thread for /127.0.0.1:13935 - 0 ] INFO  ratis.XceiverServerRatis (XceiverServerRatis.java:getRealPort(503)) - XceiverServerRatis 73f911ca-52fc-4abb-a332-7dbce6ccb501 is started using port 36141 for RATIS_ADMIN
2021-08-27 19:20:55,099 [EndpointStateMachine task thread for /127.0.0.1:13935 - 0 ] INFO  ratis.XceiverServerRatis (XceiverServerRatis.java:getRealPort(503)) - XceiverServerRatis 73f911ca-52fc-4abb-a332-7dbce6ccb501 is started using port 36141 for RATIS_SERVER
2021-08-27 19:20:55,099 [EndpointStateMachine task thread for /127.0.0.1:13935 - 0 ] INFO  server.XceiverServerGrpc (XceiverServerGrpc.java:start(135)) - XceiverServerGrpc 73f911ca-52fc-4abb-a332-7dbce6ccb501 is started using port 45881
2021-08-27 19:20:55,102 [EndpointStateMachine task thread for /127.0.0.1:13925 - 0 ] INFO  ozoneimpl.OzoneContainer (OzoneContainer.java:start(301)) - Ignore. OzoneContainer already started.
2021-08-27 19:20:55,107 [org.apache.ratis.util.JvmPauseMonitor$$Lambda$499/1326998608@6fe687d5] INFO  util.JvmPauseMonitor (JvmPauseMonitor.java:run(103)) - JvmPauseMonitor-73f911ca-52fc-4abb-a332-7dbce6ccb501: Started
2021-08-27 19:20:55,194 [EndpointStateMachine task thread for /127.0.0.1:14961 - 0 ] INFO  ipc.Client (Client.java:handleConnectionFailure(977)) - Retrying connect to server: localhost/127.0.0.1:14961. Already tried 5 time(s); retry policy is RetryUpToMaximumCountWithFixedSleep(maxRetries=15, sleepTime=1000 MILLISECONDS)
2021-08-27 19:20:55,495 [EndpointStateMachine task thread for /127.0.0.1:14971 - 0 ] INFO  ipc.Client (Client.java:handleConnectionFailure(977)) - Retrying connect to server: localhost/127.0.0.1:14971. Already tried 3 time(s); retry policy is RetryUpToMaximumCountWithFixedSleep(maxRetries=15, sleepTime=1000 MILLISECONDS)
2021-08-27 19:20:55,495 [EndpointStateMachine task thread for /127.0.0.1:14981 - 0 ] INFO  ipc.Client (Client.java:handleConnectionFailure(977)) - Retrying connect to server: localhost/127.0.0.1:14981. Already tried 3 time(s); retry policy is RetryUpToMaximumCountWithFixedSleep(maxRetries=15, sleepTime=1000 MILLISECONDS)
2021-08-27 19:20:55,976 [IPC Server handler 1 on default port 13935] INFO  net.NetworkTopologyImpl (NetworkTopologyImpl.java:add(112)) - Added a new node: /default-rack/7114ee9f-b20c-4a85-b13e-c38a422a401d
2021-08-27 19:20:55,976 [IPC Server handler 1 on default port 13935] INFO  node.SCMNodeManager (SCMNodeManager.java:register(390)) - Registered Data node : 7114ee9f-b20c-4a85-b13e-c38a422a401d{ip: 127.0.0.1, host: localhost, ports: [REPLICATION=34757, RATIS=33505, RATIS_ADMIN=33505, RATIS_SERVER=33505, STANDALONE=40139], networkLocation: /default-rack, certSerialId: null, persistedOpState: null, persistedOpStateExpiryEpochSec: 0}
2021-08-27 19:20:55,979 [IPC Server handler 12 on default port 13925] INFO  net.NetworkTopologyImpl (NetworkTopologyImpl.java:add(112)) - Added a new node: /default-rack/7114ee9f-b20c-4a85-b13e-c38a422a401d
2021-08-27 19:20:55,979 [IPC Server handler 12 on default port 13925] INFO  node.SCMNodeManager (SCMNodeManager.java:register(390)) - Registered Data node : 7114ee9f-b20c-4a85-b13e-c38a422a401d{ip: 127.0.0.1, host: localhost, ports: [REPLICATION=34757, RATIS=33505, RATIS_ADMIN=33505, RATIS_SERVER=33505, STANDALONE=40139], networkLocation: /default-rack, certSerialId: null, persistedOpState: null, persistedOpStateExpiryEpochSec: 0}
2021-08-27 19:20:55,981 [EventQueue-NodeRegistrationContainerReportForDataNodeSafeModeRule] INFO  safemode.SCMSafeModeManager (DataNodeSafeModeRule.java:process(71)) - SCM in safe mode. 1 DataNodes registered, 3 required.
2021-08-27 19:20:55,985 [EventQueue-NewNodeForNewNodeHandler] INFO  pipeline.BackgroundPipelineCreator (BackgroundPipelineCreatorV2.java:notifyEventTriggered(279)) - ignore, not leader SCM.
2021-08-27 19:20:55,985 [EventQueue-NodeRegistrationContainerReportForContainerSafeModeRule] INFO  safemode.SCMSafeModeManager (SCMSafeModeManager.java:validateSafeModeExitRules(204)) - ContainerSafeModeRule rule is successfully validated
2021-08-27 19:20:55,985 [EventQueue-NewNodeForNewNodeHandler] INFO  pipeline.BackgroundPipelineCreator (BackgroundPipelineCreatorV2.java:notifyEventTriggered(285)) - trigger a one-shot run on RatisPipelineUtilsThread.
2021-08-27 19:20:55,988 [EventQueue-NodeRegistrationContainerReportForDataNodeSafeModeRule] INFO  safemode.SCMSafeModeManager (DataNodeSafeModeRule.java:process(71)) - SCM in safe mode. 1 DataNodes registered, 3 required.
2021-08-27 19:20:55,990 [EventQueue-PipelineReportForOneReplicaPipelineSafeModeRule] INFO  safemode.SCMSafeModeManager (SCMSafeModeManager.java:validateSafeModeExitRules(204)) - AtleastOneDatanodeReportedRule rule is successfully validated
2021-08-27 19:20:55,985 [RatisPipelineUtilsThread - 0] INFO  pipeline.RatisPipelineProvider (RatisPipelineProvider.java:lambda$create$0(183)) - Sending CreatePipelineCommand for pipeline:PipelineID=5cb02af6-06c1-48eb-af2c-bad3dc95ad41 to datanode:7114ee9f-b20c-4a85-b13e-c38a422a401d
2021-08-27 19:20:55,996 [EventQueue-NodeRegistrationContainerReportForContainerSafeModeRule] INFO  safemode.SCMSafeModeManager (SCMSafeModeManager.java:validateSafeModeExitRules(204)) - ContainerSafeModeRule rule is successfully validated
2021-08-27 19:20:56,013 [Listener at 127.0.0.1/13592] INFO  ozone.MiniOzoneClusterImpl (MiniOzoneClusterImpl.java:lambda$waitForClusterToBeReady$0(235)) - Waiting for nodes to be ready. Got 1 of 3 DN Heartbeats.
2021-08-27 19:20:56,013 [Listener at 127.0.0.1/13592] INFO  ozone.MiniOzoneClusterImpl (MiniOzoneClusterImpl.java:lambda$waitForClusterToBeReady$0(238)) - Waiting for cluster to exit safe mode
2021-08-27 19:20:56,013 [Listener at 127.0.0.1/13592] INFO  ozone.MiniOzoneClusterImpl (MiniOzoneClusterImpl.java:lambda$waitForClusterToBeReady$0(240)) - SCM became leader
2021-08-27 19:20:56,015 [EventQueue-PipelineReportForOneReplicaPipelineSafeModeRule] INFO  safemode.SCMSafeModeManager (SCMSafeModeManager.java:validateSafeModeExitRules(204)) - AtleastOneDatanodeReportedRule rule is successfully validated
2021-08-27 19:20:56,040 [7154479f-c658-4db8-83d8-3a22722b587d@group-E71D50C67865-StateMachineUpdater] INFO  pipeline.PipelineStateManager (PipelineStateManagerV2Impl.java:addPipeline(101)) - Created pipeline Pipeline[ Id: 5cb02af6-06c1-48eb-af2c-bad3dc95ad41, Nodes: 7114ee9f-b20c-4a85-b13e-c38a422a401d{ip: 127.0.0.1, host: localhost, ports: [REPLICATION=34757, RATIS=33505, RATIS_ADMIN=33505, RATIS_SERVER=33505, STANDALONE=40139], networkLocation: /default-rack, certSerialId: null, persistedOpState: IN_SERVICE, persistedOpStateExpiryEpochSec: 0}, ReplicationConfig: RATIS/ONE, State:ALLOCATED, leaderId:, CreationTimestamp2021-08-27T19:20:55.985Z[Etc/UTC]].
2021-08-27 19:20:56,041 [7154479f-c658-4db8-83d8-3a22722b587d@group-E71D50C67865-StateMachineUpdater] INFO  safemode.HealthyPipelineSafeModeRule (HealthyPipelineSafeModeRule.java:initializeRule(152)) - Refreshed total pipeline count is 0, healthy pipeline threshold count is 1
2021-08-27 19:20:56,041 [RatisPipelineUtilsThread - 0] INFO  ha.SCMHAInvocationHandler (SCMHAInvocationHandler.java:invokeRatis(113)) - Invoking method public abstract void org.apache.hadoop.hdds.scm.pipeline.StateManager.addPipeline(org.apache.hadoop.hdds.protocol.proto.HddsProtos$Pipeline) throws java.io.IOException on target org.apache.hadoop.hdds.scm.ha.SCMRatisServerImpl@d965e82, cost 45235.219us
2021-08-27 19:20:56,046 [27aea111-c761-4159-8f56-4b18a0a94018@group-E71D50C67865-StateMachineUpdater] INFO  pipeline.PipelineStateManager (PipelineStateManagerV2Impl.java:addPipeline(101)) - Created pipeline Pipeline[ Id: 5cb02af6-06c1-48eb-af2c-bad3dc95ad41, Nodes: 7114ee9f-b20c-4a85-b13e-c38a422a401d{ip: 127.0.0.1, host: localhost, ports: [REPLICATION=34757, RATIS=33505, RATIS_ADMIN=33505, RATIS_SERVER=33505, STANDALONE=40139], networkLocation: /default-rack, certSerialId: null, persistedOpState: IN_SERVICE, persistedOpStateExpiryEpochSec: 0}, ReplicationConfig: RATIS/ONE, State:ALLOCATED, leaderId:, CreationTimestamp2021-08-27T19:20:55.985Z[Etc/UTC]].
2021-08-27 19:20:56,046 [27aea111-c761-4159-8f56-4b18a0a94018@group-E71D50C67865-StateMachineUpdater] INFO  safemode.HealthyPipelineSafeModeRule (HealthyPipelineSafeModeRule.java:initializeRule(152)) - Refreshed total pipeline count is 0, healthy pipeline threshold count is 1
2021-08-27 19:20:56,195 [EndpointStateMachine task thread for /127.0.0.1:14961 - 0 ] INFO  ipc.Client (Client.java:handleConnectionFailure(977)) - Retrying connect to server: localhost/127.0.0.1:14961. Already tried 6 time(s); retry policy is RetryUpToMaximumCountWithFixedSleep(maxRetries=15, sleepTime=1000 MILLISECONDS)
2021-08-27 19:20:56,495 [EndpointStateMachine task thread for /127.0.0.1:14971 - 0 ] INFO  ipc.Client (Client.java:handleConnectionFailure(977)) - Retrying connect to server: localhost/127.0.0.1:14971. Already tried 4 time(s); retry policy is RetryUpToMaximumCountWithFixedSleep(maxRetries=15, sleepTime=1000 MILLISECONDS)
2021-08-27 19:20:56,496 [EndpointStateMachine task thread for /127.0.0.1:14981 - 0 ] INFO  ipc.Client (Client.java:handleConnectionFailure(977)) - Retrying connect to server: localhost/127.0.0.1:14981. Already tried 4 time(s); retry policy is RetryUpToMaximumCountWithFixedSleep(maxRetries=15, sleepTime=1000 MILLISECONDS)
2021-08-27 19:20:56,569 [IPC Server handler 0 on default port 13935] INFO  net.NetworkTopologyImpl (NetworkTopologyImpl.java:add(112)) - Added a new node: /default-rack/879cfcac-0f36-4f91-b8b3-e9d7e01f977d
2021-08-27 19:20:56,569 [IPC Server handler 11 on default port 13925] INFO  net.NetworkTopologyImpl (NetworkTopologyImpl.java:add(112)) - Added a new node: /default-rack/879cfcac-0f36-4f91-b8b3-e9d7e01f977d
2021-08-27 19:20:56,569 [IPC Server handler 11 on default port 13925] INFO  node.SCMNodeManager (SCMNodeManager.java:register(390)) - Registered Data node : 879cfcac-0f36-4f91-b8b3-e9d7e01f977d{ip: 127.0.0.1, host: localhost, ports: [REPLICATION=39011, RATIS=32853, RATIS_ADMIN=32853, RATIS_SERVER=32853, STANDALONE=42661], networkLocation: /default-rack, certSerialId: null, persistedOpState: null, persistedOpStateExpiryEpochSec: 0}
2021-08-27 19:20:56,570 [EventQueue-NewNodeForNewNodeHandler] INFO  pipeline.BackgroundPipelineCreator (BackgroundPipelineCreatorV2.java:notifyEventTriggered(285)) - trigger a one-shot run on RatisPipelineUtilsThread.
2021-08-27 19:20:56,569 [IPC Server handler 0 on default port 13935] INFO  node.SCMNodeManager (SCMNodeManager.java:register(390)) - Registered Data node : 879cfcac-0f36-4f91-b8b3-e9d7e01f977d{ip: 127.0.0.1, host: localhost, ports: [REPLICATION=39011, RATIS=32853, RATIS_ADMIN=32853, RATIS_SERVER=32853, STANDALONE=42661], networkLocation: /default-rack, certSerialId: null, persistedOpState: null, persistedOpStateExpiryEpochSec: 0}
2021-08-27 19:20:56,579 [EventQueue-NodeRegistrationContainerReportForDataNodeSafeModeRule] INFO  safemode.SCMSafeModeManager (DataNodeSafeModeRule.java:process(71)) - SCM in safe mode. 2 DataNodes registered, 3 required.
2021-08-27 19:20:56,579 [EventQueue-NewNodeForNewNodeHandler] INFO  pipeline.BackgroundPipelineCreator (BackgroundPipelineCreatorV2.java:notifyEventTriggered(279)) - ignore, not leader SCM.
2021-08-27 19:20:56,581 [EventQueue-NodeRegistrationContainerReportForDataNodeSafeModeRule] INFO  safemode.SCMSafeModeManager (DataNodeSafeModeRule.java:process(71)) - SCM in safe mode. 2 DataNodes registered, 3 required.
2021-08-27 19:20:56,584 [RatisPipelineUtilsThread - 0] INFO  pipeline.RatisPipelineProvider (RatisPipelineProvider.java:lambda$create$0(183)) - Sending CreatePipelineCommand for pipeline:PipelineID=6880d572-0540-433f-8cfe-afe32abd61be to datanode:879cfcac-0f36-4f91-b8b3-e9d7e01f977d
2021-08-27 19:20:56,592 [7154479f-c658-4db8-83d8-3a22722b587d@group-E71D50C67865-StateMachineUpdater] INFO  pipeline.PipelineStateManager (PipelineStateManagerV2Impl.java:addPipeline(101)) - Created pipeline Pipeline[ Id: 6880d572-0540-433f-8cfe-afe32abd61be, Nodes: 879cfcac-0f36-4f91-b8b3-e9d7e01f977d{ip: 127.0.0.1, host: localhost, ports: [REPLICATION=39011, RATIS=32853, RATIS_ADMIN=32853, RATIS_SERVER=32853, STANDALONE=42661], networkLocation: /default-rack, certSerialId: null, persistedOpState: IN_SERVICE, persistedOpStateExpiryEpochSec: 0}, ReplicationConfig: RATIS/ONE, State:ALLOCATED, leaderId:, CreationTimestamp2021-08-27T19:20:56.584Z[Etc/UTC]].
2021-08-27 19:20:56,592 [7154479f-c658-4db8-83d8-3a22722b587d@group-E71D50C67865-StateMachineUpdater] INFO  safemode.HealthyPipelineSafeModeRule (HealthyPipelineSafeModeRule.java:initializeRule(152)) - Refreshed total pipeline count is 0, healthy pipeline threshold count is 1
2021-08-27 19:20:56,594 [RatisPipelineUtilsThread - 0] INFO  ha.SCMHAInvocationHandler (SCMHAInvocationHandler.java:invokeRatis(113)) - Invoking method public abstract void org.apache.hadoop.hdds.scm.pipeline.StateManager.addPipeline(org.apache.hadoop.hdds.protocol.proto.HddsProtos$Pipeline) throws java.io.IOException on target org.apache.hadoop.hdds.scm.ha.SCMRatisServerImpl@d965e82, cost 9834.335us
2021-08-27 19:20:56,622 [27aea111-c761-4159-8f56-4b18a0a94018@group-E71D50C67865-StateMachineUpdater] INFO  pipeline.PipelineStateManager (PipelineStateManagerV2Impl.java:addPipeline(101)) - Created pipeline Pipeline[ Id: 6880d572-0540-433f-8cfe-afe32abd61be, Nodes: 879cfcac-0f36-4f91-b8b3-e9d7e01f977d{ip: 127.0.0.1, host: localhost, ports: [REPLICATION=39011, RATIS=32853, RATIS_ADMIN=32853, RATIS_SERVER=32853, STANDALONE=42661], networkLocation: /default-rack, certSerialId: null, persistedOpState: IN_SERVICE, persistedOpStateExpiryEpochSec: 0}, ReplicationConfig: RATIS/ONE, State:ALLOCATED, leaderId:, CreationTimestamp2021-08-27T19:20:56.584Z[Etc/UTC]].
2021-08-27 19:20:56,622 [27aea111-c761-4159-8f56-4b18a0a94018@group-E71D50C67865-StateMachineUpdater] INFO  safemode.HealthyPipelineSafeModeRule (HealthyPipelineSafeModeRule.java:initializeRule(152)) - Refreshed total pipeline count is 0, healthy pipeline threshold count is 1
2021-08-27 19:20:56,622 [7154479f-c658-4db8-83d8-3a22722b587d@group-E71D50C67865-StateMachineUpdater] INFO  ha.SCMStateMachine (SCMStateMachine.java:takeSnapshot(290)) - Current Snapshot Index 10, takeSnapshot took 0 ms
2021-08-27 19:20:56,623 [7154479f-c658-4db8-83d8-3a22722b587d@group-E71D50C67865-StateMachineUpdater] INFO  impl.StateMachineUpdater (StateMachineUpdater.java:takeSnapshot(281)) - 7154479f-c658-4db8-83d8-3a22722b587d@group-E71D50C67865-StateMachineUpdater: Took a snapshot at index 10
2021-08-27 19:20:56,623 [7154479f-c658-4db8-83d8-3a22722b587d@group-E71D50C67865-StateMachineUpdater] INFO  impl.StateMachineUpdater (StateMachineUpdater.java:lambda$new$0(89)) - 7154479f-c658-4db8-83d8-3a22722b587d@group-E71D50C67865-StateMachineUpdater: snapshotIndex: updateIncreasingly 5 -> 10
2021-08-27 19:20:56,623 [7154479f-c658-4db8-83d8-3a22722b587d@group-E71D50C67865-StateMachineUpdater] INFO  raftlog.RaftLog (RaftLogBase.java:purge(306)) - 7154479f-c658-4db8-83d8-3a22722b587d@group-E71D50C67865-SegmentedRaftLog: purge 10
2021-08-27 19:20:56,623 [7154479f-c658-4db8-83d8-3a22722b587d@group-E71D50C67865-StateMachineUpdater] INFO  raftlog.RaftLog (RaftLogBase.java:lambda$new$0(53)) - 7154479f-c658-4db8-83d8-3a22722b587d@group-E71D50C67865-SegmentedRaftLog: snapshotIndex: updateIncreasingly 5 -> 10
2021-08-27 19:20:56,623 [7154479f-c658-4db8-83d8-3a22722b587d@group-E71D50C67865-StateMachineUpdater] INFO  raftlog.RaftLog (RaftLogBase.java:lambda$new$0(53)) - 7154479f-c658-4db8-83d8-3a22722b587d@group-E71D50C67865-SegmentedRaftLog: purgeIndex: updateToMax old=0, new=10, updated? true
2021-08-27 19:20:57,013 [Listener at 127.0.0.1/13592] INFO  ozone.MiniOzoneClusterImpl (MiniOzoneClusterImpl.java:lambda$waitForClusterToBeReady$0(235)) - Waiting for nodes to be ready. Got 2 of 3 DN Heartbeats.
2021-08-27 19:20:57,013 [Listener at 127.0.0.1/13592] INFO  ozone.MiniOzoneClusterImpl (MiniOzoneClusterImpl.java:lambda$waitForClusterToBeReady$0(238)) - Waiting for cluster to exit safe mode
2021-08-27 19:20:57,013 [Listener at 127.0.0.1/13592] INFO  ozone.MiniOzoneClusterImpl (MiniOzoneClusterImpl.java:lambda$waitForClusterToBeReady$0(240)) - SCM became leader
2021-08-27 19:20:57,066 [IPC Server handler 2 on default port 13935] INFO  net.NetworkTopologyImpl (NetworkTopologyImpl.java:add(112)) - Added a new node: /default-rack/73f911ca-52fc-4abb-a332-7dbce6ccb501
2021-08-27 19:20:57,066 [IPC Server handler 2 on default port 13935] INFO  node.SCMNodeManager (SCMNodeManager.java:register(390)) - Registered Data node : 73f911ca-52fc-4abb-a332-7dbce6ccb501{ip: 127.0.0.1, host: localhost, ports: [REPLICATION=39673, RATIS=36141, RATIS_ADMIN=36141, RATIS_SERVER=36141, STANDALONE=45881], networkLocation: /default-rack, certSerialId: null, persistedOpState: null, persistedOpStateExpiryEpochSec: 0}
2021-08-27 19:20:57,066 [EventQueue-NewNodeForNewNodeHandler] INFO  pipeline.BackgroundPipelineCreator (BackgroundPipelineCreatorV2.java:notifyEventTriggered(279)) - ignore, not leader SCM.
2021-08-27 19:20:57,066 [IPC Server handler 20 on default port 13925] INFO  net.NetworkTopologyImpl (NetworkTopologyImpl.java:add(112)) - Added a new node: /default-rack/73f911ca-52fc-4abb-a332-7dbce6ccb501
2021-08-27 19:20:57,069 [IPC Server handler 20 on default port 13925] INFO  node.SCMNodeManager (SCMNodeManager.java:register(390)) - Registered Data node : 73f911ca-52fc-4abb-a332-7dbce6ccb501{ip: 127.0.0.1, host: localhost, ports: [REPLICATION=39673, RATIS=36141, RATIS_ADMIN=36141, RATIS_SERVER=36141, STANDALONE=45881], networkLocation: /default-rack, certSerialId: null, persistedOpState: null, persistedOpStateExpiryEpochSec: 0}
2021-08-27 19:20:57,069 [EventQueue-NewNodeForNewNodeHandler] INFO  pipeline.BackgroundPipelineCreator (BackgroundPipelineCreatorV2.java:notifyEventTriggered(285)) - trigger a one-shot run on RatisPipelineUtilsThread.
2021-08-27 19:20:57,069 [EventQueue-NodeRegistrationContainerReportForDataNodeSafeModeRule] INFO  safemode.SCMSafeModeManager (DataNodeSafeModeRule.java:process(71)) - SCM in safe mode. 3 DataNodes registered, 3 required.
2021-08-27 19:20:57,069 [EventQueue-NodeRegistrationContainerReportForDataNodeSafeModeRule] INFO  safemode.SCMSafeModeManager (SCMSafeModeManager.java:validateSafeModeExitRules(204)) - DataNodeSafeModeRule rule is successfully validated
2021-08-27 19:20:57,069 [EventQueue-NodeRegistrationContainerReportForDataNodeSafeModeRule] INFO  safemode.SCMSafeModeManager (SCMSafeModeManager.java:completePreCheck(233)) - All SCM safe mode pre check rules have passed
2021-08-27 19:20:57,069 [EventQueue-NodeRegistrationContainerReportForDataNodeSafeModeRule] WARN  events.EventQueue (EventQueue.java:fireEvent(194)) - No event handler registered for event TypedEvent{payloadType=SafeModeStatus, name='Safe mode status'}
2021-08-27 19:20:57,069 [EventQueue-NodeRegistrationContainerReportForDataNodeSafeModeRule] INFO  ha.SCMContext (SCMContext.java:updateSafeModeStatus(205)) - Update SafeModeStatus from SafeModeStatus{safeModeStatus=true, preCheckPassed=false} to SafeModeStatus{safeModeStatus=true, preCheckPassed=true}.
2021-08-27 19:20:57,069 [EventQueue-NodeRegistrationContainerReportForDataNodeSafeModeRule] INFO  pipeline.BackgroundPipelineCreator (BackgroundPipelineCreatorV2.java:notifyEventTriggered(279)) - ignore, not leader SCM.
2021-08-27 19:20:57,069 [RatisPipelineUtilsThread - 0] INFO  pipeline.RatisPipelineProvider (RatisPipelineProvider.java:lambda$create$0(183)) - Sending CreatePipelineCommand for pipeline:PipelineID=0c466ace-0ac3-4919-9179-b182b7c62c34 to datanode:73f911ca-52fc-4abb-a332-7dbce6ccb501
2021-08-27 19:20:57,075 [EventQueue-NodeRegistrationContainerReportForDataNodeSafeModeRule] INFO  safemode.SCMSafeModeManager (DataNodeSafeModeRule.java:process(71)) - SCM in safe mode. 3 DataNodes registered, 3 required.
2021-08-27 19:20:57,075 [EventQueue-NodeRegistrationContainerReportForDataNodeSafeModeRule] INFO  safemode.SCMSafeModeManager (SCMSafeModeManager.java:validateSafeModeExitRules(204)) - DataNodeSafeModeRule rule is successfully validated
2021-08-27 19:20:57,075 [EventQueue-NodeRegistrationContainerReportForDataNodeSafeModeRule] INFO  safemode.SCMSafeModeManager (SCMSafeModeManager.java:completePreCheck(233)) - All SCM safe mode pre check rules have passed
2021-08-27 19:20:57,076 [EventQueue-NodeRegistrationContainerReportForDataNodeSafeModeRule] WARN  events.EventQueue (EventQueue.java:fireEvent(194)) - No event handler registered for event TypedEvent{payloadType=SafeModeStatus, name='Safe mode status'}
2021-08-27 19:20:57,076 [EventQueue-NodeRegistrationContainerReportForDataNodeSafeModeRule] INFO  ha.SCMContext (SCMContext.java:updateSafeModeStatus(205)) - Update SafeModeStatus from SafeModeStatus{safeModeStatus=true, preCheckPassed=false} to SafeModeStatus{safeModeStatus=true, preCheckPassed=true}.
2021-08-27 19:20:57,076 [EventQueue-NodeRegistrationContainerReportForDataNodeSafeModeRule] INFO  pipeline.BackgroundPipelineCreator (BackgroundPipelineCreatorV2.java:notifyEventTriggered(285)) - trigger a one-shot run on RatisPipelineUtilsThread.
2021-08-27 19:20:57,076 [27aea111-c761-4159-8f56-4b18a0a94018@group-E71D50C67865-StateMachineUpdater] INFO  ha.SCMStateMachine (SCMStateMachine.java:takeSnapshot(290)) - Current Snapshot Index 10, takeSnapshot took 0 ms
2021-08-27 19:20:57,076 [27aea111-c761-4159-8f56-4b18a0a94018@group-E71D50C67865-StateMachineUpdater] INFO  impl.StateMachineUpdater (StateMachineUpdater.java:takeSnapshot(281)) - 27aea111-c761-4159-8f56-4b18a0a94018@group-E71D50C67865-StateMachineUpdater: Took a snapshot at index 10
2021-08-27 19:20:57,076 [27aea111-c761-4159-8f56-4b18a0a94018@group-E71D50C67865-StateMachineUpdater] INFO  impl.StateMachineUpdater (StateMachineUpdater.java:lambda$new$0(89)) - 27aea111-c761-4159-8f56-4b18a0a94018@group-E71D50C67865-StateMachineUpdater: snapshotIndex: updateIncreasingly 5 -> 10
2021-08-27 19:20:57,076 [27aea111-c761-4159-8f56-4b18a0a94018@group-E71D50C67865-StateMachineUpdater] INFO  raftlog.RaftLog (RaftLogBase.java:purge(306)) - 27aea111-c761-4159-8f56-4b18a0a94018@group-E71D50C67865-SegmentedRaftLog: purge 10
2021-08-27 19:20:57,076 [27aea111-c761-4159-8f56-4b18a0a94018@group-E71D50C67865-StateMachineUpdater] INFO  raftlog.RaftLog (RaftLogBase.java:lambda$new$0(53)) - 27aea111-c761-4159-8f56-4b18a0a94018@group-E71D50C67865-SegmentedRaftLog: snapshotIndex: updateIncreasingly 5 -> 10
2021-08-27 19:20:57,076 [27aea111-c761-4159-8f56-4b18a0a94018@group-E71D50C67865-StateMachineUpdater] INFO  raftlog.RaftLog (RaftLogBase.java:lambda$new$0(53)) - 27aea111-c761-4159-8f56-4b18a0a94018@group-E71D50C67865-SegmentedRaftLog: purgeIndex: updateToMax old=0, new=10, updated? true
2021-08-27 19:20:57,078 [7154479f-c658-4db8-83d8-3a22722b587d@group-E71D50C67865-StateMachineUpdater] INFO  pipeline.PipelineStateManager (PipelineStateManagerV2Impl.java:addPipeline(101)) - Created pipeline Pipeline[ Id: 0c466ace-0ac3-4919-9179-b182b7c62c34, Nodes: 73f911ca-52fc-4abb-a332-7dbce6ccb501{ip: 127.0.0.1, host: localhost, ports: [REPLICATION=39673, RATIS=36141, RATIS_ADMIN=36141, RATIS_SERVER=36141, STANDALONE=45881], networkLocation: /default-rack, certSerialId: null, persistedOpState: IN_SERVICE, persistedOpStateExpiryEpochSec: 0}, ReplicationConfig: RATIS/ONE, State:ALLOCATED, leaderId:, CreationTimestamp2021-08-27T19:20:57.069Z[Etc/UTC]].
2021-08-27 19:20:57,078 [7154479f-c658-4db8-83d8-3a22722b587d@group-E71D50C67865-StateMachineUpdater] INFO  safemode.HealthyPipelineSafeModeRule (HealthyPipelineSafeModeRule.java:initializeRule(152)) - Refreshed total pipeline count is 0, healthy pipeline threshold count is 1
2021-08-27 19:20:57,078 [RatisPipelineUtilsThread - 0] INFO  ha.SCMHAInvocationHandler (SCMHAInvocationHandler.java:invokeRatis(113)) - Invoking method public abstract void org.apache.hadoop.hdds.scm.pipeline.StateManager.addPipeline(org.apache.hadoop.hdds.protocol.proto.HddsProtos$Pipeline) throws java.io.IOException on target org.apache.hadoop.hdds.scm.ha.SCMRatisServerImpl@d965e82, cost 8430.244us
2021-08-27 19:20:57,078 [RatisPipelineUtilsThread - 0] INFO  pipeline.RatisPipelineProvider (RatisPipelineProvider.java:lambda$create$0(183)) - Sending CreatePipelineCommand for pipeline:PipelineID=61913ee4-3f4e-472a-92d3-37442fa1a88f to datanode:7114ee9f-b20c-4a85-b13e-c38a422a401d
2021-08-27 19:20:57,078 [RatisPipelineUtilsThread - 0] INFO  pipeline.RatisPipelineProvider (RatisPipelineProvider.java:lambda$create$0(183)) - Sending CreatePipelineCommand for pipeline:PipelineID=61913ee4-3f4e-472a-92d3-37442fa1a88f to datanode:879cfcac-0f36-4f91-b8b3-e9d7e01f977d
2021-08-27 19:20:57,078 [RatisPipelineUtilsThread - 0] INFO  pipeline.RatisPipelineProvider (RatisPipelineProvider.java:lambda$create$0(183)) - Sending CreatePipelineCommand for pipeline:PipelineID=61913ee4-3f4e-472a-92d3-37442fa1a88f to datanode:73f911ca-52fc-4abb-a332-7dbce6ccb501
2021-08-27 19:20:57,085 [27aea111-c761-4159-8f56-4b18a0a94018@group-E71D50C67865-StateMachineUpdater] INFO  pipeline.PipelineStateManager (PipelineStateManagerV2Impl.java:addPipeline(101)) - Created pipeline Pipeline[ Id: 0c466ace-0ac3-4919-9179-b182b7c62c34, Nodes: 73f911ca-52fc-4abb-a332-7dbce6ccb501{ip: 127.0.0.1, host: localhost, ports: [REPLICATION=39673, RATIS=36141, RATIS_ADMIN=36141, RATIS_SERVER=36141, STANDALONE=45881], networkLocation: /default-rack, certSerialId: null, persistedOpState: IN_SERVICE, persistedOpStateExpiryEpochSec: 0}, ReplicationConfig: RATIS/ONE, State:ALLOCATED, leaderId:, CreationTimestamp2021-08-27T19:20:57.069Z[Etc/UTC]].
2021-08-27 19:20:57,085 [27aea111-c761-4159-8f56-4b18a0a94018@group-E71D50C67865-StateMachineUpdater] INFO  safemode.HealthyPipelineSafeModeRule (HealthyPipelineSafeModeRule.java:initializeRule(152)) - Refreshed total pipeline count is 0, healthy pipeline threshold count is 1
2021-08-27 19:20:57,090 [7154479f-c658-4db8-83d8-3a22722b587d@group-E71D50C67865-StateMachineUpdater] INFO  pipeline.PipelineStateManager (PipelineStateManagerV2Impl.java:addPipeline(101)) - Created pipeline Pipeline[ Id: 61913ee4-3f4e-472a-92d3-37442fa1a88f, Nodes: 7114ee9f-b20c-4a85-b13e-c38a422a401d{ip: 127.0.0.1, host: localhost, ports: [REPLICATION=34757, RATIS=33505, RATIS_ADMIN=33505, RATIS_SERVER=33505, STANDALONE=40139], networkLocation: /default-rack, certSerialId: null, persistedOpState: IN_SERVICE, persistedOpStateExpiryEpochSec: 0}879cfcac-0f36-4f91-b8b3-e9d7e01f977d{ip: 127.0.0.1, host: localhost, ports: [REPLICATION=39011, RATIS=32853, RATIS_ADMIN=32853, RATIS_SERVER=32853, STANDALONE=42661], networkLocation: /default-rack, certSerialId: null, persistedOpState: IN_SERVICE, persistedOpStateExpiryEpochSec: 0}73f911ca-52fc-4abb-a332-7dbce6ccb501{ip: 127.0.0.1, host: localhost, ports: [REPLICATION=39673, RATIS=36141, RATIS_ADMIN=36141, RATIS_SERVER=36141, STANDALONE=45881], networkLocation: /default-rack, certSerialId: null, persistedOpState: IN_SERVICE, persistedOpStateExpiryEpochSec: 0}, ReplicationConfig: RATIS/THREE, State:ALLOCATED, leaderId:, CreationTimestamp2021-08-27T19:20:57.078Z[Etc/UTC]].
2021-08-27 19:20:57,090 [7154479f-c658-4db8-83d8-3a22722b587d@group-E71D50C67865-StateMachineUpdater] INFO  safemode.HealthyPipelineSafeModeRule (HealthyPipelineSafeModeRule.java:initializeRule(152)) - Refreshed total pipeline count is 0, healthy pipeline threshold count is 1
2021-08-27 19:20:57,090 [RatisPipelineUtilsThread - 0] INFO  ha.SCMHAInvocationHandler (SCMHAInvocationHandler.java:invokeRatis(113)) - Invoking method public abstract void org.apache.hadoop.hdds.scm.pipeline.StateManager.addPipeline(org.apache.hadoop.hdds.protocol.proto.HddsProtos$Pipeline) throws java.io.IOException on target org.apache.hadoop.hdds.scm.ha.SCMRatisServerImpl@d965e82, cost 11414.137us
2021-08-27 19:20:57,090 [RatisPipelineUtilsThread - 0] INFO  pipeline.RatisPipelineProvider (RatisPipelineProvider.java:lambda$create$0(183)) - Sending CreatePipelineCommand for pipeline:PipelineID=7b008c3c-c4d0-44ce-8214-0289f99eaf61 to datanode:73f911ca-52fc-4abb-a332-7dbce6ccb501
2021-08-27 19:20:57,091 [RatisPipelineUtilsThread - 0] INFO  pipeline.RatisPipelineProvider (RatisPipelineProvider.java:lambda$create$0(183)) - Sending CreatePipelineCommand for pipeline:PipelineID=7b008c3c-c4d0-44ce-8214-0289f99eaf61 to datanode:879cfcac-0f36-4f91-b8b3-e9d7e01f977d
2021-08-27 19:20:57,091 [RatisPipelineUtilsThread - 0] INFO  pipeline.RatisPipelineProvider (RatisPipelineProvider.java:lambda$create$0(183)) - Sending CreatePipelineCommand for pipeline:PipelineID=7b008c3c-c4d0-44ce-8214-0289f99eaf61 to datanode:7114ee9f-b20c-4a85-b13e-c38a422a401d
2021-08-27 19:20:57,104 [27aea111-c761-4159-8f56-4b18a0a94018@group-E71D50C67865-StateMachineUpdater] INFO  pipeline.PipelineStateManager (PipelineStateManagerV2Impl.java:addPipeline(101)) - Created pipeline Pipeline[ Id: 61913ee4-3f4e-472a-92d3-37442fa1a88f, Nodes: 7114ee9f-b20c-4a85-b13e-c38a422a401d{ip: 127.0.0.1, host: localhost, ports: [REPLICATION=34757, RATIS=33505, RATIS_ADMIN=33505, RATIS_SERVER=33505, STANDALONE=40139], networkLocation: /default-rack, certSerialId: null, persistedOpState: IN_SERVICE, persistedOpStateExpiryEpochSec: 0}879cfcac-0f36-4f91-b8b3-e9d7e01f977d{ip: 127.0.0.1, host: localhost, ports: [REPLICATION=39011, RATIS=32853, RATIS_ADMIN=32853, RATIS_SERVER=32853, STANDALONE=42661], networkLocation: /default-rack, certSerialId: null, persistedOpState: IN_SERVICE, persistedOpStateExpiryEpochSec: 0}73f911ca-52fc-4abb-a332-7dbce6ccb501{ip: 127.0.0.1, host: localhost, ports: [REPLICATION=39673, RATIS=36141, RATIS_ADMIN=36141, RATIS_SERVER=36141, STANDALONE=45881], networkLocation: /default-rack, certSerialId: null, persistedOpState: IN_SERVICE, persistedOpStateExpiryEpochSec: 0}, ReplicationConfig: RATIS/THREE, State:ALLOCATED, leaderId:, CreationTimestamp2021-08-27T19:20:57.078Z[Etc/UTC]].
2021-08-27 19:20:57,104 [27aea111-c761-4159-8f56-4b18a0a94018@group-E71D50C67865-StateMachineUpdater] INFO  safemode.HealthyPipelineSafeModeRule (HealthyPipelineSafeModeRule.java:initializeRule(152)) - Refreshed total pipeline count is 0, healthy pipeline threshold count is 1
2021-08-27 19:20:57,116 [7154479f-c658-4db8-83d8-3a22722b587d@group-E71D50C67865-StateMachineUpdater] INFO  pipeline.PipelineStateManager (PipelineStateManagerV2Impl.java:addPipeline(101)) - Created pipeline Pipeline[ Id: 7b008c3c-c4d0-44ce-8214-0289f99eaf61, Nodes: 73f911ca-52fc-4abb-a332-7dbce6ccb501{ip: 127.0.0.1, host: localhost, ports: [REPLICATION=39673, RATIS=36141, RATIS_ADMIN=36141, RATIS_SERVER=36141, STANDALONE=45881], networkLocation: /default-rack, certSerialId: null, persistedOpState: IN_SERVICE, persistedOpStateExpiryEpochSec: 0}879cfcac-0f36-4f91-b8b3-e9d7e01f977d{ip: 127.0.0.1, host: localhost, ports: [REPLICATION=39011, RATIS=32853, RATIS_ADMIN=32853, RATIS_SERVER=32853, STANDALONE=42661], networkLocation: /default-rack, certSerialId: null, persistedOpState: IN_SERVICE, persistedOpStateExpiryEpochSec: 0}7114ee9f-b20c-4a85-b13e-c38a422a401d{ip: 127.0.0.1, host: localhost, ports: [REPLICATION=34757, RATIS=33505, RATIS_ADMIN=33505, RATIS_SERVER=33505, STANDALONE=40139], networkLocation: /default-rack, certSerialId: null, persistedOpState: IN_SERVICE, persistedOpStateExpiryEpochSec: 0}, ReplicationConfig: RATIS/THREE, State:ALLOCATED, leaderId:, CreationTimestamp2021-08-27T19:20:57.090Z[Etc/UTC]].
2021-08-27 19:20:57,116 [7154479f-c658-4db8-83d8-3a22722b587d@group-E71D50C67865-StateMachineUpdater] INFO  safemode.HealthyPipelineSafeModeRule (HealthyPipelineSafeModeRule.java:initializeRule(152)) - Refreshed total pipeline count is 0, healthy pipeline threshold count is 1
2021-08-27 19:20:57,117 [7154479f-c658-4db8-83d8-3a22722b587d@group-E71D50C67865-StateMachineUpdater] INFO  ha.SCMStateMachine (SCMStateMachine.java:takeSnapshot(290)) - Current Snapshot Index 15, takeSnapshot took 0 ms
2021-08-27 19:20:57,117 [7154479f-c658-4db8-83d8-3a22722b587d@group-E71D50C67865-StateMachineUpdater] INFO  impl.StateMachineUpdater (StateMachineUpdater.java:takeSnapshot(281)) - 7154479f-c658-4db8-83d8-3a22722b587d@group-E71D50C67865-StateMachineUpdater: Took a snapshot at index 15
2021-08-27 19:20:57,117 [7154479f-c658-4db8-83d8-3a22722b587d@group-E71D50C67865-StateMachineUpdater] INFO  impl.StateMachineUpdater (StateMachineUpdater.java:lambda$new$0(89)) - 7154479f-c658-4db8-83d8-3a22722b587d@group-E71D50C67865-StateMachineUpdater: snapshotIndex: updateIncreasingly 10 -> 15
2021-08-27 19:20:57,117 [7154479f-c658-4db8-83d8-3a22722b587d@group-E71D50C67865-StateMachineUpdater] INFO  raftlog.RaftLog (RaftLogBase.java:purge(306)) - 7154479f-c658-4db8-83d8-3a22722b587d@group-E71D50C67865-SegmentedRaftLog: purge 15
2021-08-27 19:20:57,117 [7154479f-c658-4db8-83d8-3a22722b587d@group-E71D50C67865-StateMachineUpdater] INFO  raftlog.RaftLog (RaftLogBase.java:lambda$new$0(53)) - 7154479f-c658-4db8-83d8-3a22722b587d@group-E71D50C67865-SegmentedRaftLog: snapshotIndex: updateIncreasingly 10 -> 15
2021-08-27 19:20:57,117 [7154479f-c658-4db8-83d8-3a22722b587d@group-E71D50C67865-StateMachineUpdater] INFO  raftlog.RaftLog (RaftLogBase.java:lambda$new$0(53)) - 7154479f-c658-4db8-83d8-3a22722b587d@group-E71D50C67865-SegmentedRaftLog: purgeIndex: updateToMax old=10, new=15, updated? true
2021-08-27 19:20:57,118 [27aea111-c761-4159-8f56-4b18a0a94018@group-E71D50C67865-StateMachineUpdater] INFO  pipeline.PipelineStateManager (PipelineStateManagerV2Impl.java:addPipeline(101)) - Created pipeline Pipeline[ Id: 7b008c3c-c4d0-44ce-8214-0289f99eaf61, Nodes: 73f911ca-52fc-4abb-a332-7dbce6ccb501{ip: 127.0.0.1, host: localhost, ports: [REPLICATION=39673, RATIS=36141, RATIS_ADMIN=36141, RATIS_SERVER=36141, STANDALONE=45881], networkLocation: /default-rack, certSerialId: null, persistedOpState: IN_SERVICE, persistedOpStateExpiryEpochSec: 0}879cfcac-0f36-4f91-b8b3-e9d7e01f977d{ip: 127.0.0.1, host: localhost, ports: [REPLICATION=39011, RATIS=32853, RATIS_ADMIN=32853, RATIS_SERVER=32853, STANDALONE=42661], networkLocation: /default-rack, certSerialId: null, persistedOpState: IN_SERVICE, persistedOpStateExpiryEpochSec: 0}7114ee9f-b20c-4a85-b13e-c38a422a401d{ip: 127.0.0.1, host: localhost, ports: [REPLICATION=34757, RATIS=33505, RATIS_ADMIN=33505, RATIS_SERVER=33505, STANDALONE=40139], networkLocation: /default-rack, certSerialId: null, persistedOpState: IN_SERVICE, persistedOpStateExpiryEpochSec: 0}, ReplicationConfig: RATIS/THREE, State:ALLOCATED, leaderId:, CreationTimestamp2021-08-27T19:20:57.090Z[Etc/UTC]].
2021-08-27 19:20:57,118 [27aea111-c761-4159-8f56-4b18a0a94018@group-E71D50C67865-StateMachineUpdater] INFO  safemode.HealthyPipelineSafeModeRule (HealthyPipelineSafeModeRule.java:initializeRule(152)) - Refreshed total pipeline count is 0, healthy pipeline threshold count is 1
2021-08-27 19:20:57,119 [27aea111-c761-4159-8f56-4b18a0a94018@group-E71D50C67865-StateMachineUpdater] INFO  ha.SCMStateMachine (SCMStateMachine.java:takeSnapshot(290)) - Current Snapshot Index 15, takeSnapshot took 0 ms
2021-08-27 19:20:57,119 [27aea111-c761-4159-8f56-4b18a0a94018@group-E71D50C67865-StateMachineUpdater] INFO  impl.StateMachineUpdater (StateMachineUpdater.java:takeSnapshot(281)) - 27aea111-c761-4159-8f56-4b18a0a94018@group-E71D50C67865-StateMachineUpdater: Took a snapshot at index 15
2021-08-27 19:20:57,119 [27aea111-c761-4159-8f56-4b18a0a94018@group-E71D50C67865-StateMachineUpdater] INFO  impl.StateMachineUpdater (StateMachineUpdater.java:lambda$new$0(89)) - 27aea111-c761-4159-8f56-4b18a0a94018@group-E71D50C67865-StateMachineUpdater: snapshotIndex: updateIncreasingly 10 -> 15
2021-08-27 19:20:57,119 [27aea111-c761-4159-8f56-4b18a0a94018@group-E71D50C67865-StateMachineUpdater] INFO  raftlog.RaftLog (RaftLogBase.java:purge(306)) - 27aea111-c761-4159-8f56-4b18a0a94018@group-E71D50C67865-SegmentedRaftLog: purge 15
2021-08-27 19:20:57,119 [27aea111-c761-4159-8f56-4b18a0a94018@group-E71D50C67865-StateMachineUpdater] INFO  raftlog.RaftLog (RaftLogBase.java:lambda$new$0(53)) - 27aea111-c761-4159-8f56-4b18a0a94018@group-E71D50C67865-SegmentedRaftLog: snapshotIndex: updateIncreasingly 10 -> 15
2021-08-27 19:20:57,119 [27aea111-c761-4159-8f56-4b18a0a94018@group-E71D50C67865-StateMachineUpdater] INFO  raftlog.RaftLog (RaftLogBase.java:lambda$new$0(53)) - 27aea111-c761-4159-8f56-4b18a0a94018@group-E71D50C67865-SegmentedRaftLog: purgeIndex: updateToMax old=10, new=15, updated? true
2021-08-27 19:20:57,119 [RatisPipelineUtilsThread - 0] INFO  ha.SCMHAInvocationHandler (SCMHAInvocationHandler.java:invokeRatis(113)) - Invoking method public abstract void org.apache.hadoop.hdds.scm.pipeline.StateManager.addPipeline(org.apache.hadoop.hdds.protocol.proto.HddsProtos$Pipeline) throws java.io.IOException on target org.apache.hadoop.hdds.scm.ha.SCMRatisServerImpl@d965e82, cost 28032.209us
2021-08-27 19:20:57,119 [RatisPipelineUtilsThread - 0] INFO  pipeline.PipelineManagerImpl (PipelineManagerImpl.java:recordMetricsForPipeline(613)) - Pipeline: PipelineID=7b008c3c-c4d0-44ce-8214-0289f99eaf61 contains same datanodes as previous pipelines: PipelineID=61913ee4-3f4e-472a-92d3-37442fa1a88f nodeIds: 73f911ca-52fc-4abb-a332-7dbce6ccb501, 879cfcac-0f36-4f91-b8b3-e9d7e01f977d, 7114ee9f-b20c-4a85-b13e-c38a422a401d
2021-08-27 19:20:57,195 [EndpointStateMachine task thread for /127.0.0.1:14961 - 0 ] INFO  ipc.Client (Client.java:handleConnectionFailure(977)) - Retrying connect to server: localhost/127.0.0.1:14961. Already tried 7 time(s); retry policy is RetryUpToMaximumCountWithFixedSleep(maxRetries=15, sleepTime=1000 MILLISECONDS)
2021-08-27 19:20:57,496 [EndpointStateMachine task thread for /127.0.0.1:14981 - 0 ] INFO  ipc.Client (Client.java:handleConnectionFailure(977)) - Retrying connect to server: localhost/127.0.0.1:14981. Already tried 5 time(s); retry policy is RetryUpToMaximumCountWithFixedSleep(maxRetries=15, sleepTime=1000 MILLISECONDS)
2021-08-27 19:20:57,497 [EndpointStateMachine task thread for /127.0.0.1:14971 - 0 ] INFO  ipc.Client (Client.java:handleConnectionFailure(977)) - Retrying connect to server: localhost/127.0.0.1:14971. Already tried 5 time(s); retry policy is RetryUpToMaximumCountWithFixedSleep(maxRetries=15, sleepTime=1000 MILLISECONDS)
2021-08-27 19:20:57,974 [Datanode State Machine Thread - 0] ERROR datanode.RunningDatanodeState (RunningDatanodeState.java:computeNextContainerState(199)) - Error in executing end point task.
java.util.concurrent.ExecutionException: java.util.concurrent.TimeoutException
	at java.util.concurrent.FutureTask.report(FutureTask.java:122)
	at java.util.concurrent.FutureTask.get(FutureTask.java:192)
	at org.apache.hadoop.ozone.container.common.states.datanode.RunningDatanodeState.computeNextContainerState(RunningDatanodeState.java:191)
	at org.apache.hadoop.ozone.container.common.states.datanode.RunningDatanodeState.await(RunningDatanodeState.java:231)
	at org.apache.hadoop.ozone.container.common.states.datanode.RunningDatanodeState.await(RunningDatanodeState.java:50)
	at org.apache.hadoop.ozone.container.common.statemachine.StateContext.execute(StateContext.java:629)
	at org.apache.hadoop.ozone.container.common.statemachine.DatanodeStateMachine.start(DatanodeStateMachine.java:270)
	at org.apache.hadoop.ozone.container.common.statemachine.DatanodeStateMachine.lambda$startDaemon$0(DatanodeStateMachine.java:456)
	at java.lang.Thread.run(Thread.java:748)
Caused by: java.util.concurrent.TimeoutException
	at java.util.concurrent.FutureTask.get(FutureTask.java:205)
	at org.apache.hadoop.ozone.container.common.states.datanode.RunningDatanodeState.lambda$execute$0(RunningDatanodeState.java:149)
	at java.util.concurrent.FutureTask.run(FutureTask.java:266)
	at java.util.concurrent.Executors$RunnableAdapter.call(Executors.java:511)
	at java.util.concurrent.FutureTask.run(FutureTask.java:266)
	at java.util.concurrent.ThreadPoolExecutor.runWorker(ThreadPoolExecutor.java:1149)
	at java.util.concurrent.ThreadPoolExecutor$Worker.run(ThreadPoolExecutor.java:624)
	... 1 more
2021-08-27 19:20:58,014 [Listener at 127.0.0.1/13592] INFO  ozone.MiniOzoneClusterImpl (MiniOzoneClusterImpl.java:lambda$waitForClusterToBeReady$0(235)) - Nodes are ready. Got 3 of 3 DN Heartbeats.
2021-08-27 19:20:58,014 [Listener at 127.0.0.1/13592] INFO  ozone.MiniOzoneClusterImpl (MiniOzoneClusterImpl.java:lambda$waitForClusterToBeReady$0(238)) - Waiting for cluster to exit safe mode
2021-08-27 19:20:58,014 [Listener at 127.0.0.1/13592] INFO  ozone.MiniOzoneClusterImpl (MiniOzoneClusterImpl.java:lambda$waitForClusterToBeReady$0(240)) - SCM became leader
2021-08-27 19:20:58,196 [EndpointStateMachine task thread for /127.0.0.1:14961 - 0 ] INFO  ipc.Client (Client.java:handleConnectionFailure(977)) - Retrying connect to server: localhost/127.0.0.1:14961. Already tried 8 time(s); retry policy is RetryUpToMaximumCountWithFixedSleep(maxRetries=15, sleepTime=1000 MILLISECONDS)
2021-08-27 19:20:58,497 [EndpointStateMachine task thread for /127.0.0.1:14981 - 0 ] INFO  ipc.Client (Client.java:handleConnectionFailure(977)) - Retrying connect to server: localhost/127.0.0.1:14981. Already tried 6 time(s); retry policy is RetryUpToMaximumCountWithFixedSleep(maxRetries=15, sleepTime=1000 MILLISECONDS)
2021-08-27 19:20:58,497 [EndpointStateMachine task thread for /127.0.0.1:14971 - 0 ] INFO  ipc.Client (Client.java:handleConnectionFailure(977)) - Retrying connect to server: localhost/127.0.0.1:14971. Already tried 6 time(s); retry policy is RetryUpToMaximumCountWithFixedSleep(maxRetries=15, sleepTime=1000 MILLISECONDS)
2021-08-27 19:20:58,562 [Datanode State Machine Thread - 0] ERROR datanode.RunningDatanodeState (RunningDatanodeState.java:computeNextContainerState(199)) - Error in executing end point task.
java.util.concurrent.ExecutionException: java.util.concurrent.TimeoutException
	at java.util.concurrent.FutureTask.report(FutureTask.java:122)
	at java.util.concurrent.FutureTask.get(FutureTask.java:192)
	at org.apache.hadoop.ozone.container.common.states.datanode.RunningDatanodeState.computeNextContainerState(RunningDatanodeState.java:191)
	at org.apache.hadoop.ozone.container.common.states.datanode.RunningDatanodeState.await(RunningDatanodeState.java:231)
	at org.apache.hadoop.ozone.container.common.states.datanode.RunningDatanodeState.await(RunningDatanodeState.java:50)
	at org.apache.hadoop.ozone.container.common.statemachine.StateContext.execute(StateContext.java:629)
	at org.apache.hadoop.ozone.container.common.statemachine.DatanodeStateMachine.start(DatanodeStateMachine.java:270)
	at org.apache.hadoop.ozone.container.common.statemachine.DatanodeStateMachine.lambda$startDaemon$0(DatanodeStateMachine.java:456)
	at java.lang.Thread.run(Thread.java:748)
Caused by: java.util.concurrent.TimeoutException
	at java.util.concurrent.FutureTask.get(FutureTask.java:205)
	at org.apache.hadoop.ozone.container.common.states.datanode.RunningDatanodeState.lambda$execute$0(RunningDatanodeState.java:149)
	at java.util.concurrent.FutureTask.run(FutureTask.java:266)
	at java.util.concurrent.Executors$RunnableAdapter.call(Executors.java:511)
	at java.util.concurrent.FutureTask.run(FutureTask.java:266)
	at java.util.concurrent.ThreadPoolExecutor.runWorker(ThreadPoolExecutor.java:1149)
	at java.util.concurrent.ThreadPoolExecutor$Worker.run(ThreadPoolExecutor.java:624)
	... 1 more
2021-08-27 19:20:58,983 [Datanode State Machine Thread - 0] ERROR datanode.RunningDatanodeState (RunningDatanodeState.java:computeNextContainerState(199)) - Error in executing end point task.
java.util.concurrent.ExecutionException: java.util.concurrent.TimeoutException
	at java.util.concurrent.FutureTask.report(FutureTask.java:122)
	at java.util.concurrent.FutureTask.get(FutureTask.java:192)
	at org.apache.hadoop.ozone.container.common.states.datanode.RunningDatanodeState.computeNextContainerState(RunningDatanodeState.java:191)
	at org.apache.hadoop.ozone.container.common.states.datanode.RunningDatanodeState.await(RunningDatanodeState.java:231)
	at org.apache.hadoop.ozone.container.common.states.datanode.RunningDatanodeState.await(RunningDatanodeState.java:50)
	at org.apache.hadoop.ozone.container.common.statemachine.StateContext.execute(StateContext.java:629)
	at org.apache.hadoop.ozone.container.common.statemachine.DatanodeStateMachine.start(DatanodeStateMachine.java:270)
	at org.apache.hadoop.ozone.container.common.statemachine.DatanodeStateMachine.lambda$startDaemon$0(DatanodeStateMachine.java:456)
	at java.lang.Thread.run(Thread.java:748)
Caused by: java.util.concurrent.TimeoutException
	at java.util.concurrent.FutureTask.get(FutureTask.java:205)
	at org.apache.hadoop.ozone.container.common.states.datanode.RunningDatanodeState.lambda$execute$0(RunningDatanodeState.java:149)
	at java.util.concurrent.FutureTask.run(FutureTask.java:266)
	at java.util.concurrent.Executors$RunnableAdapter.call(Executors.java:511)
	at java.util.concurrent.FutureTask.run(FutureTask.java:266)
	at java.util.concurrent.ThreadPoolExecutor.runWorker(ThreadPoolExecutor.java:1149)
	at java.util.concurrent.ThreadPoolExecutor$Worker.run(ThreadPoolExecutor.java:624)
	... 1 more
2021-08-27 19:20:58,986 [Command processor thread] INFO  server.RaftServer (RaftServerProxy.java:addNew(95)) - 7114ee9f-b20c-4a85-b13e-c38a422a401d: addNew group-BAD3DC95AD41:[7114ee9f-b20c-4a85-b13e-c38a422a401d|rpc:127.0.0.1:33505|priority:1] returns group-BAD3DC95AD41:java.util.concurrent.CompletableFuture@1f39186d[Not completed]
2021-08-27 19:20:58,996 [pool-264-thread-1] INFO  server.RaftServer$Division (RaftServerImpl.java:<init>(181)) - 7114ee9f-b20c-4a85-b13e-c38a422a401d: new RaftServerImpl for group-BAD3DC95AD41:[7114ee9f-b20c-4a85-b13e-c38a422a401d|rpc:127.0.0.1:33505|priority:1] with ContainerStateMachine:uninitialized
2021-08-27 19:20:58,997 [pool-264-thread-1] INFO  server.RaftServerConfigKeys (ConfUtils.java:logGet(44)) - raft.server.rpc.timeout.min = 5s (custom)
2021-08-27 19:20:58,997 [pool-264-thread-1] INFO  server.RaftServerConfigKeys (ConfUtils.java:logGet(44)) - raft.server.rpc.timeout.max = 5200ms (custom)
2021-08-27 19:20:58,997 [pool-264-thread-1] INFO  server.RaftServerConfigKeys (ConfUtils.java:logGet(44)) - raft.server.rpc.sleep.time = 25ms (default)
2021-08-27 19:20:58,997 [pool-264-thread-1] INFO  server.RaftServerConfigKeys (ConfUtils.java:logGet(44)) - raft.server.rpc.slowness.timeout = 300s (custom)
2021-08-27 19:20:58,997 [pool-264-thread-1] INFO  server.RaftServerConfigKeys (ConfUtils.java:logGet(44)) - raft.server.leaderelection.leader.step-down.wait-time = 10s (default)
2021-08-27 19:20:58,997 [pool-264-thread-1] INFO  server.RaftServerConfigKeys (ConfUtils.java:logGet(44)) - raft.server.sleep.deviation.threshold = 300ms (default)
2021-08-27 19:20:58,997 [pool-264-thread-1] INFO  server.RaftServerConfigKeys (ConfUtils.java:logGet(44)) - raft.server.log.appender.install.snapshot.enabled = false (custom)
2021-08-27 19:20:58,998 [pool-264-thread-1] INFO  server.RaftServer$Division (ServerState.java:<init>(105)) - 7114ee9f-b20c-4a85-b13e-c38a422a401d@group-BAD3DC95AD41: ConfigurationManager, init=-1: [7114ee9f-b20c-4a85-b13e-c38a422a401d|rpc:127.0.0.1:33505|priority:1], old=null, confs=<EMPTY_MAP>
2021-08-27 19:20:58,998 [pool-264-thread-1] INFO  server.RaftServerConfigKeys (ConfUtils.java:logGet(44)) - raft.server.storage.dir = [/home/runner/work/ozone/ozone/hadoop-ozone/integration-test/target/test-dir/MiniOzoneClusterImpl-cc6da7a1-649b-4db9-82e6-e71d50c67865/datanode-0/data/ratis] (custom)
2021-08-27 19:20:58,998 [pool-264-thread-1] INFO  server.RaftServerConfigKeys (ConfUtils.java:logGet(44)) - raft.server.log.corruption.policy = EXCEPTION (default)
2021-08-27 19:20:58,998 [pool-264-thread-1] INFO  server.RaftServerConfigKeys (ConfUtils.java:logGet(44)) - raft.server.storage.free-space.min = 0MB (=0) (default)
2021-08-27 19:20:58,998 [pool-264-thread-1] INFO  storage.RaftStorageDirectory (RaftStorageDirectoryImpl.java:analyzeStorage(135)) - The storage directory /home/runner/work/ozone/ozone/hadoop-ozone/integration-test/target/test-dir/MiniOzoneClusterImpl-cc6da7a1-649b-4db9-82e6-e71d50c67865/datanode-0/data/ratis/5cb02af6-06c1-48eb-af2c-bad3dc95ad41 does not exist. Creating ...
2021-08-27 19:20:58,999 [pool-264-thread-1] INFO  storage.RaftStorageDirectory (RaftStorageDirectoryImpl.java:tryLock(230)) - Lock on /home/runner/work/ozone/ozone/hadoop-ozone/integration-test/target/test-dir/MiniOzoneClusterImpl-cc6da7a1-649b-4db9-82e6-e71d50c67865/datanode-0/data/ratis/5cb02af6-06c1-48eb-af2c-bad3dc95ad41/in_use.lock acquired by nodename 15536@fv-az59-836
2021-08-27 19:20:59,000 [pool-264-thread-1] INFO  storage.RaftStorage (RaftStorageImpl.java:format(89)) - Storage directory /home/runner/work/ozone/ozone/hadoop-ozone/integration-test/target/test-dir/MiniOzoneClusterImpl-cc6da7a1-649b-4db9-82e6-e71d50c67865/datanode-0/data/ratis/5cb02af6-06c1-48eb-af2c-bad3dc95ad41 has been successfully formatted.
2021-08-27 19:20:59,000 [pool-264-thread-1] INFO  ratis.ContainerStateMachine (ContainerStateMachine.java:loadSnapshot(224)) - group-BAD3DC95AD41: The snapshot info is null. Setting the last applied indexto:(t:0, i:~)
2021-08-27 19:20:59,001 [pool-264-thread-1] INFO  server.RaftServerConfigKeys (ConfUtils.java:logGet(44)) - raft.server.notification.no-leader.timeout = 300s (custom)
2021-08-27 19:20:59,001 [pool-264-thread-1] INFO  server.RaftServerConfigKeys (ConfUtils.java:logGet(44)) - raft.server.log.use.memory = false (default)
2021-08-27 19:20:59,001 [pool-264-thread-1] INFO  server.RaftServerConfigKeys (ConfUtils.java:logGet(44)) - raft.server.log.purge.gap = 1000000 (custom)
2021-08-27 19:20:59,001 [pool-264-thread-1] INFO  server.RaftServerConfigKeys (ConfUtils.java:logGet(44)) - raft.server.log.appender.buffer.byte-limit = 33554432 (custom)
2021-08-27 19:20:59,001 [pool-264-thread-1] INFO  server.RaftServerConfigKeys (ConfUtils.java:logGet(44)) - raft.server.log.segment.size.max = 1048576 (custom)
2021-08-27 19:20:59,001 [pool-264-thread-1] INFO  server.RaftServerConfigKeys (ConfUtils.java:logGet(44)) - raft.server.log.segment.cache.num.max = 2 (custom)
2021-08-27 19:20:59,001 [pool-264-thread-1] INFO  server.RaftServerConfigKeys (ConfUtils.java:logGet(44)) - raft.server.log.segment.cache.size.max = 200MB (=209715200) (default)
2021-08-27 19:20:59,001 [pool-264-thread-1] INFO  segmented.SegmentedRaftLogWorker (SegmentedRaftLogWorker.java:<init>(182)) - new 7114ee9f-b20c-4a85-b13e-c38a422a401d@group-BAD3DC95AD41-SegmentedRaftLogWorker for RaftStorageImpl:Storage Directory /home/runner/work/ozone/ozone/hadoop-ozone/integration-test/target/test-dir/MiniOzoneClusterImpl-cc6da7a1-649b-4db9-82e6-e71d50c67865/datanode-0/data/ratis/5cb02af6-06c1-48eb-af2c-bad3dc95ad41
2021-08-27 19:20:59,002 [pool-264-thread-1] INFO  server.RaftServerConfigKeys (ConfUtils.java:logGet(44)) - raft.server.log.queue.byte-limit = 2147483647 (custom)
2021-08-27 19:20:59,002 [pool-264-thread-1] INFO  server.RaftServerConfigKeys (ConfUtils.java:logGet(44)) - raft.server.log.queue.element-limit = 1024 (custom)
2021-08-27 19:20:59,002 [pool-264-thread-1] INFO  server.RaftServerConfigKeys (ConfUtils.java:logGet(44)) - raft.server.log.segment.size.max = 1048576 (custom)
2021-08-27 19:20:59,002 [pool-264-thread-1] INFO  server.RaftServerConfigKeys (ConfUtils.java:logGet(44)) - raft.server.log.preallocated.size = 16384 (custom)
2021-08-27 19:20:59,002 [pool-264-thread-1] INFO  server.RaftServerConfigKeys (ConfUtils.java:logGet(44)) - raft.server.log.force.sync.num = 128 (default)
2021-08-27 19:20:59,002 [pool-264-thread-1] INFO  server.RaftServerConfigKeys (ConfUtils.java:logGet(44)) - raft.server.log.statemachine.data.sync = true (default)
2021-08-27 19:20:59,002 [pool-264-thread-1] INFO  server.RaftServerConfigKeys (ConfUtils.java:logGet(44)) - raft.server.log.statemachine.data.sync.timeout = 10s (default)
2021-08-27 19:20:59,002 [pool-264-thread-1] INFO  server.RaftServerConfigKeys (ConfUtils.java:logGet(44)) - raft.server.log.statemachine.data.sync.timeout.retry = -1 (default)
2021-08-27 19:20:59,003 [pool-264-thread-1] INFO  server.RaftServerConfigKeys (ConfUtils.java:logGet(44)) - raft.server.log.write.buffer.size = 1048576 (custom)
2021-08-27 19:20:59,003 [pool-264-thread-1] INFO  server.RaftServerConfigKeys (ConfUtils.java:logGet(44)) - raft.server.log.statemachine.data.caching.enabled = true (custom)
2021-08-27 19:20:59,008 [EventQueue-PipelineReportForPipelineReportHandler] INFO  pipeline.PipelineManagerImpl (PipelineManagerImpl.java:openPipeline(282)) - Pipeline Pipeline[ Id: 5cb02af6-06c1-48eb-af2c-bad3dc95ad41, Nodes: 7114ee9f-b20c-4a85-b13e-c38a422a401d{ip: 127.0.0.1, host: localhost, ports: [REPLICATION=34757, RATIS=33505, RATIS_ADMIN=33505, RATIS_SERVER=33505, STANDALONE=40139], networkLocation: /default-rack, certSerialId: null, persistedOpState: IN_SERVICE, persistedOpStateExpiryEpochSec: 0}, ReplicationConfig: RATIS/ONE, State:ALLOCATED, leaderId:7114ee9f-b20c-4a85-b13e-c38a422a401d, CreationTimestamp2021-08-27T19:20:55.985Z[Etc/UTC]] moved to OPEN state
2021-08-27 19:20:59,014 [Listener at 127.0.0.1/13592] INFO  ozone.MiniOzoneClusterImpl (MiniOzoneClusterImpl.java:lambda$waitForClusterToBeReady$0(235)) - Nodes are ready. Got 3 of 3 DN Heartbeats.
2021-08-27 19:20:59,014 [Listener at 127.0.0.1/13592] INFO  ozone.MiniOzoneClusterImpl (MiniOzoneClusterImpl.java:lambda$waitForClusterToBeReady$0(238)) - Waiting for cluster to exit safe mode
2021-08-27 19:20:59,015 [Listener at 127.0.0.1/13592] INFO  ozone.MiniOzoneClusterImpl (MiniOzoneClusterImpl.java:lambda$waitForClusterToBeReady$0(240)) - SCM became leader
2021-08-27 19:20:59,015 [pool-264-thread-1] INFO  segmented.SegmentedRaftLogWorker (SegmentedRaftLogWorker.java:lambda$new$0(133)) - 7114ee9f-b20c-4a85-b13e-c38a422a401d@group-BAD3DC95AD41-SegmentedRaftLogWorker: flushIndex: setUnconditionally 0 -> -1
2021-08-27 19:20:59,015 [pool-264-thread-1] INFO  segmented.SegmentedRaftLogWorker (SegmentedRaftLogWorker.java:lambda$new$0(133)) - 7114ee9f-b20c-4a85-b13e-c38a422a401d@group-BAD3DC95AD41-SegmentedRaftLogWorker: safeCacheEvictIndex: setUnconditionally 0 -> -1
2021-08-27 19:20:59,016 [EventQueue-PipelineReportForPipelineReportHandler] INFO  pipeline.PipelineManagerImpl (PipelineManagerImpl.java:openPipeline(282)) - Pipeline Pipeline[ Id: 5cb02af6-06c1-48eb-af2c-bad3dc95ad41, Nodes: 7114ee9f-b20c-4a85-b13e-c38a422a401d{ip: 127.0.0.1, host: localhost, ports: [REPLICATION=34757, RATIS=33505, RATIS_ADMIN=33505, RATIS_SERVER=33505, STANDALONE=40139], networkLocation: /default-rack, certSerialId: null, persistedOpState: IN_SERVICE, persistedOpStateExpiryEpochSec: 0}, ReplicationConfig: RATIS/ONE, State:ALLOCATED, leaderId:7114ee9f-b20c-4a85-b13e-c38a422a401d, CreationTimestamp2021-08-27T19:20:55.985Z[Etc/UTC]] moved to OPEN state
2021-08-27 19:20:59,027 [pool-264-thread-1] INFO  server.RaftServerConfigKeys (ConfUtils.java:logGet(44)) - raft.server.snapshot.auto.trigger.enabled = true (custom)
2021-08-27 19:20:59,027 [pool-264-thread-1] INFO  server.RaftServerConfigKeys (ConfUtils.java:logGet(44)) - raft.server.snapshot.auto.trigger.threshold = 10000 (custom)
2021-08-27 19:20:59,027 [pool-264-thread-1] INFO  server.RaftServerConfigKeys (ConfUtils.java:logGet(44)) - raft.server.snapshot.retention.file.num = 5 (custom)
2021-08-27 19:20:59,027 [pool-264-thread-1] INFO  server.RaftServerConfigKeys (ConfUtils.java:logGet(44)) - raft.server.log.purge.upto.snapshot.index = false (default)
2021-08-27 19:20:59,027 [pool-264-thread-1] INFO  server.RaftServerConfigKeys (ConfUtils.java:logGet(44)) - raft.server.retrycache.expirytime = 600000ms (custom)
2021-08-27 19:20:59,027 [pool-264-thread-1] INFO  server.RaftServerConfigKeys (ConfUtils.java:logGet(44)) - raft.server.retrycache.statistics.expirytime = 100μs (default)
2021-08-27 19:20:59,029 [pool-264-thread-1] INFO  server.RaftServer$Division (RaftServerImpl.java:start(296)) - 7114ee9f-b20c-4a85-b13e-c38a422a401d@group-BAD3DC95AD41: start as a follower, conf=-1: [7114ee9f-b20c-4a85-b13e-c38a422a401d|rpc:127.0.0.1:33505|priority:1], old=null
2021-08-27 19:20:59,029 [pool-264-thread-1] INFO  server.RaftServer$Division (RaftServerImpl.java:setRole(285)) - 7114ee9f-b20c-4a85-b13e-c38a422a401d@group-BAD3DC95AD41: changes role from      null to FOLLOWER at term 0 for startAsFollower
2021-08-27 19:20:59,029 [pool-264-thread-1] INFO  impl.RoleInfo (RoleInfo.java:updateAndGet(130)) - 7114ee9f-b20c-4a85-b13e-c38a422a401d: start 7114ee9f-b20c-4a85-b13e-c38a422a401d@group-BAD3DC95AD41-FollowerState
2021-08-27 19:20:59,031 [7154479f-c658-4db8-83d8-3a22722b587d@group-E71D50C67865-StateMachineUpdater] INFO  safemode.HealthyPipelineSafeModeRule (HealthyPipelineSafeModeRule.java:initializeRule(152)) - Refreshed total pipeline count is 0, healthy pipeline threshold count is 1
2021-08-27 19:20:59,032 [EventQueue-PipelineReportForPipelineReportHandler] INFO  ha.SCMHAInvocationHandler (SCMHAInvocationHandler.java:invokeRatis(113)) - Invoking method public abstract void org.apache.hadoop.hdds.scm.pipeline.StateManager.updatePipelineState(org.apache.hadoop.hdds.protocol.proto.HddsProtos$PipelineID,org.apache.hadoop.hdds.protocol.proto.HddsProtos$PipelineState) throws java.io.IOException on target org.apache.hadoop.hdds.scm.ha.SCMRatisServerImpl@d965e82, cost 23234.3us
2021-08-27 19:20:59,043 [EventQueue-PipelineReportForPipelineReportHandler] INFO  ha.SCMHAInvocationHandler (SCMHAInvocationHandler.java:invokeRatis(113)) - Invoking method public abstract void org.apache.hadoop.hdds.scm.pipeline.StateManager.updatePipelineState(org.apache.hadoop.hdds.protocol.proto.HddsProtos$PipelineID,org.apache.hadoop.hdds.protocol.proto.HddsProtos$PipelineState) throws java.io.IOException on target org.apache.hadoop.hdds.scm.ha.SCMRatisServerImpl@1e8e9ec5, cost 26438.806us
2021-08-27 19:20:59,043 [pool-264-thread-1] INFO  util.JmxRegister (JmxRegister.java:tryRegister(44)) - Successfully registered JMX Bean with object name Ratis:service=RaftServer,group=group-BAD3DC95AD41,id=7114ee9f-b20c-4a85-b13e-c38a422a401d
2021-08-27 19:20:59,063 [Command processor thread] INFO  ratis.XceiverServerRatis (XceiverServerRatis.java:addGroup(763)) - Created group PipelineID=5cb02af6-06c1-48eb-af2c-bad3dc95ad41
2021-08-27 19:20:59,063 [Command processor thread] INFO  commandhandler.CreatePipelineCommandHandler (CreatePipelineCommandHandler.java:handle(106)) - Created Pipeline RATIS ONE PipelineID=5cb02af6-06c1-48eb-af2c-bad3dc95ad41.
2021-08-27 19:20:59,064 [Command processor thread] INFO  server.RaftServer (RaftServerProxy.java:addNew(95)) - 7114ee9f-b20c-4a85-b13e-c38a422a401d: addNew group-37442FA1A88F:[879cfcac-0f36-4f91-b8b3-e9d7e01f977d|rpc:127.0.0.1:32853|priority:0, 7114ee9f-b20c-4a85-b13e-c38a422a401d|rpc:127.0.0.1:33505|priority:1, 73f911ca-52fc-4abb-a332-7dbce6ccb501|rpc:127.0.0.1:36141|priority:0] returns group-37442FA1A88F:java.util.concurrent.CompletableFuture@1b068f52[Not completed]
2021-08-27 19:20:59,064 [pool-264-thread-1] INFO  server.RaftServer$Division (RaftServerImpl.java:<init>(181)) - 7114ee9f-b20c-4a85-b13e-c38a422a401d: new RaftServerImpl for group-37442FA1A88F:[879cfcac-0f36-4f91-b8b3-e9d7e01f977d|rpc:127.0.0.1:32853|priority:0, 7114ee9f-b20c-4a85-b13e-c38a422a401d|rpc:127.0.0.1:33505|priority:1, 73f911ca-52fc-4abb-a332-7dbce6ccb501|rpc:127.0.0.1:36141|priority:0] with ContainerStateMachine:uninitialized
2021-08-27 19:20:59,064 [pool-264-thread-1] INFO  server.RaftServerConfigKeys (ConfUtils.java:logGet(44)) - raft.server.rpc.timeout.min = 5s (custom)
2021-08-27 19:20:59,064 [pool-264-thread-1] INFO  server.RaftServerConfigKeys (ConfUtils.java:logGet(44)) - raft.server.rpc.timeout.max = 5200ms (custom)
2021-08-27 19:20:59,064 [pool-264-thread-1] INFO  server.RaftServerConfigKeys (ConfUtils.java:logGet(44)) - raft.server.rpc.sleep.time = 25ms (default)
2021-08-27 19:20:59,064 [pool-264-thread-1] INFO  server.RaftServerConfigKeys (ConfUtils.java:logGet(44)) - raft.server.rpc.slowness.timeout = 300s (custom)
2021-08-27 19:20:59,065 [pool-264-thread-1] INFO  server.RaftServerConfigKeys (ConfUtils.java:logGet(44)) - raft.server.leaderelection.leader.step-down.wait-time = 10s (default)
2021-08-27 19:20:59,065 [pool-264-thread-1] INFO  server.RaftServerConfigKeys (ConfUtils.java:logGet(44)) - raft.server.sleep.deviation.threshold = 300ms (default)
2021-08-27 19:20:59,065 [pool-264-thread-1] INFO  server.RaftServerConfigKeys (ConfUtils.java:logGet(44)) - raft.server.log.appender.install.snapshot.enabled = false (custom)
2021-08-27 19:20:59,065 [pool-264-thread-1] INFO  server.RaftServer$Division (ServerState.java:<init>(105)) - 7114ee9f-b20c-4a85-b13e-c38a422a401d@group-37442FA1A88F: ConfigurationManager, init=-1: [879cfcac-0f36-4f91-b8b3-e9d7e01f977d|rpc:127.0.0.1:32853|priority:0, 7114ee9f-b20c-4a85-b13e-c38a422a401d|rpc:127.0.0.1:33505|priority:1, 73f911ca-52fc-4abb-a332-7dbce6ccb501|rpc:127.0.0.1:36141|priority:0], old=null, confs=<EMPTY_MAP>
2021-08-27 19:20:59,065 [pool-264-thread-1] INFO  server.RaftServerConfigKeys (ConfUtils.java:logGet(44)) - raft.server.storage.dir = [/home/runner/work/ozone/ozone/hadoop-ozone/integration-test/target/test-dir/MiniOzoneClusterImpl-cc6da7a1-649b-4db9-82e6-e71d50c67865/datanode-0/data/ratis] (custom)
2021-08-27 19:20:59,065 [pool-264-thread-1] INFO  server.RaftServerConfigKeys (ConfUtils.java:logGet(44)) - raft.server.log.corruption.policy = EXCEPTION (default)
2021-08-27 19:20:59,065 [pool-264-thread-1] INFO  server.RaftServerConfigKeys (ConfUtils.java:logGet(44)) - raft.server.storage.free-space.min = 0MB (=0) (default)
2021-08-27 19:20:59,065 [pool-264-thread-1] INFO  storage.RaftStorageDirectory (RaftStorageDirectoryImpl.java:analyzeStorage(135)) - The storage directory /home/runner/work/ozone/ozone/hadoop-ozone/integration-test/target/test-dir/MiniOzoneClusterImpl-cc6da7a1-649b-4db9-82e6-e71d50c67865/datanode-0/data/ratis/61913ee4-3f4e-472a-92d3-37442fa1a88f does not exist. Creating ...
2021-08-27 19:20:59,071 [pool-264-thread-1] INFO  storage.RaftStorageDirectory (RaftStorageDirectoryImpl.java:tryLock(230)) - Lock on /home/runner/work/ozone/ozone/hadoop-ozone/integration-test/target/test-dir/MiniOzoneClusterImpl-cc6da7a1-649b-4db9-82e6-e71d50c67865/datanode-0/data/ratis/61913ee4-3f4e-472a-92d3-37442fa1a88f/in_use.lock acquired by nodename 15536@fv-az59-836
2021-08-27 19:20:59,082 [pool-264-thread-1] INFO  storage.RaftStorage (RaftStorageImpl.java:format(89)) - Storage directory /home/runner/work/ozone/ozone/hadoop-ozone/integration-test/target/test-dir/MiniOzoneClusterImpl-cc6da7a1-649b-4db9-82e6-e71d50c67865/datanode-0/data/ratis/61913ee4-3f4e-472a-92d3-37442fa1a88f has been successfully formatted.
2021-08-27 19:20:59,082 [pool-264-thread-1] INFO  ratis.ContainerStateMachine (ContainerStateMachine.java:loadSnapshot(224)) - group-37442FA1A88F: The snapshot info is null. Setting the last applied indexto:(t:0, i:~)
2021-08-27 19:20:59,082 [27aea111-c761-4159-8f56-4b18a0a94018@group-E71D50C67865-StateMachineUpdater] INFO  safemode.HealthyPipelineSafeModeRule (HealthyPipelineSafeModeRule.java:initializeRule(152)) - Refreshed total pipeline count is 0, healthy pipeline threshold count is 1
2021-08-27 19:20:59,082 [pool-264-thread-1] INFO  server.RaftServerConfigKeys (ConfUtils.java:logGet(44)) - raft.server.notification.no-leader.timeout = 300s (custom)
2021-08-27 19:20:59,082 [pool-264-thread-1] INFO  server.RaftServerConfigKeys (ConfUtils.java:logGet(44)) - raft.server.log.use.memory = false (default)
2021-08-27 19:20:59,082 [pool-264-thread-1] INFO  server.RaftServerConfigKeys (ConfUtils.java:logGet(44)) - raft.server.log.purge.gap = 1000000 (custom)
2021-08-27 19:20:59,082 [pool-264-thread-1] INFO  server.RaftServerConfigKeys (ConfUtils.java:logGet(44)) - raft.server.log.appender.buffer.byte-limit = 33554432 (custom)
2021-08-27 19:20:59,082 [pool-264-thread-1] INFO  server.RaftServerConfigKeys (ConfUtils.java:logGet(44)) - raft.server.log.segment.size.max = 1048576 (custom)
2021-08-27 19:20:59,083 [pool-264-thread-1] INFO  server.RaftServerConfigKeys (ConfUtils.java:logGet(44)) - raft.server.log.segment.cache.num.max = 2 (custom)
2021-08-27 19:20:59,083 [pool-264-thread-1] INFO  server.RaftServerConfigKeys (ConfUtils.java:logGet(44)) - raft.server.log.segment.cache.size.max = 200MB (=209715200) (default)
2021-08-27 19:20:59,083 [pool-264-thread-1] INFO  segmented.SegmentedRaftLogWorker (SegmentedRaftLogWorker.java:<init>(182)) - new 7114ee9f-b20c-4a85-b13e-c38a422a401d@group-37442FA1A88F-SegmentedRaftLogWorker for RaftStorageImpl:Storage Directory /home/runner/work/ozone/ozone/hadoop-ozone/integration-test/target/test-dir/MiniOzoneClusterImpl-cc6da7a1-649b-4db9-82e6-e71d50c67865/datanode-0/data/ratis/61913ee4-3f4e-472a-92d3-37442fa1a88f
2021-08-27 19:20:59,083 [pool-264-thread-1] INFO  server.RaftServerConfigKeys (ConfUtils.java:logGet(44)) - raft.server.log.queue.byte-limit = 2147483647 (custom)
2021-08-27 19:20:59,083 [pool-264-thread-1] INFO  server.RaftServerConfigKeys (ConfUtils.java:logGet(44)) - raft.server.log.queue.element-limit = 1024 (custom)
2021-08-27 19:20:59,083 [pool-264-thread-1] INFO  server.RaftServerConfigKeys (ConfUtils.java:logGet(44)) - raft.server.log.segment.size.max = 1048576 (custom)
2021-08-27 19:20:59,083 [pool-264-thread-1] INFO  server.RaftServerConfigKeys (ConfUtils.java:logGet(44)) - raft.server.log.preallocated.size = 16384 (custom)
2021-08-27 19:20:59,083 [pool-264-thread-1] INFO  server.RaftServerConfigKeys (ConfUtils.java:logGet(44)) - raft.server.log.force.sync.num = 128 (default)
2021-08-27 19:20:59,083 [pool-264-thread-1] INFO  server.RaftServerConfigKeys (ConfUtils.java:logGet(44)) - raft.server.log.statemachine.data.sync = true (default)
2021-08-27 19:20:59,083 [pool-264-thread-1] INFO  server.RaftServerConfigKeys (ConfUtils.java:logGet(44)) - raft.server.log.statemachine.data.sync.timeout = 10s (default)
2021-08-27 19:20:59,083 [pool-264-thread-1] INFO  server.RaftServerConfigKeys (ConfUtils.java:logGet(44)) - raft.server.log.statemachine.data.sync.timeout.retry = -1 (default)
2021-08-27 19:20:59,084 [pool-264-thread-1] INFO  server.RaftServerConfigKeys (ConfUtils.java:logGet(44)) - raft.server.log.write.buffer.size = 1048576 (custom)
2021-08-27 19:20:59,084 [pool-264-thread-1] INFO  server.RaftServerConfigKeys (ConfUtils.java:logGet(44)) - raft.server.log.statemachine.data.caching.enabled = true (custom)
2021-08-27 19:20:59,084 [pool-264-thread-1] INFO  segmented.SegmentedRaftLogWorker (SegmentedRaftLogWorker.java:lambda$new$0(133)) - 7114ee9f-b20c-4a85-b13e-c38a422a401d@group-37442FA1A88F-SegmentedRaftLogWorker: flushIndex: setUnconditionally 0 -> -1
2021-08-27 19:20:59,084 [pool-264-thread-1] INFO  segmented.SegmentedRaftLogWorker (SegmentedRaftLogWorker.java:lambda$new$0(133)) - 7114ee9f-b20c-4a85-b13e-c38a422a401d@group-37442FA1A88F-SegmentedRaftLogWorker: safeCacheEvictIndex: setUnconditionally 0 -> -1
2021-08-27 19:20:59,102 [pool-264-thread-1] INFO  server.RaftServerConfigKeys (ConfUtils.java:logGet(44)) - raft.server.snapshot.auto.trigger.enabled = true (custom)
2021-08-27 19:20:59,102 [pool-264-thread-1] INFO  server.RaftServerConfigKeys (ConfUtils.java:logGet(44)) - raft.server.snapshot.auto.trigger.threshold = 10000 (custom)
2021-08-27 19:20:59,102 [pool-264-thread-1] INFO  server.RaftServerConfigKeys (ConfUtils.java:logGet(44)) - raft.server.snapshot.retention.file.num = 5 (custom)
2021-08-27 19:20:59,102 [pool-264-thread-1] INFO  server.RaftServerConfigKeys (ConfUtils.java:logGet(44)) - raft.server.log.purge.upto.snapshot.index = false (default)
2021-08-27 19:20:59,102 [pool-264-thread-1] INFO  server.RaftServerConfigKeys (ConfUtils.java:logGet(44)) - raft.server.retrycache.expirytime = 600000ms (custom)
2021-08-27 19:20:59,102 [pool-264-thread-1] INFO  server.RaftServerConfigKeys (ConfUtils.java:logGet(44)) - raft.server.retrycache.statistics.expirytime = 100μs (default)
2021-08-27 19:20:59,103 [pool-264-thread-1] INFO  server.RaftServer$Division (RaftServerImpl.java:start(296)) - 7114ee9f-b20c-4a85-b13e-c38a422a401d@group-37442FA1A88F: start as a follower, conf=-1: [879cfcac-0f36-4f91-b8b3-e9d7e01f977d|rpc:127.0.0.1:32853|priority:0, 7114ee9f-b20c-4a85-b13e-c38a422a401d|rpc:127.0.0.1:33505|priority:1, 73f911ca-52fc-4abb-a332-7dbce6ccb501|rpc:127.0.0.1:36141|priority:0], old=null
2021-08-27 19:20:59,103 [pool-264-thread-1] INFO  server.RaftServer$Division (RaftServerImpl.java:setRole(285)) - 7114ee9f-b20c-4a85-b13e-c38a422a401d@group-37442FA1A88F: changes role from      null to FOLLOWER at term 0 for startAsFollower
2021-08-27 19:20:59,103 [pool-264-thread-1] INFO  impl.RoleInfo (RoleInfo.java:updateAndGet(130)) - 7114ee9f-b20c-4a85-b13e-c38a422a401d: start 7114ee9f-b20c-4a85-b13e-c38a422a401d@group-37442FA1A88F-FollowerState
2021-08-27 19:20:59,106 [pool-264-thread-1] INFO  util.JmxRegister (JmxRegister.java:tryRegister(44)) - Successfully registered JMX Bean with object name Ratis:service=RaftServer,group=group-37442FA1A88F,id=7114ee9f-b20c-4a85-b13e-c38a422a401d
2021-08-27 19:20:59,114 [Command processor thread] INFO  ratis.XceiverServerRatis (XceiverServerRatis.java:addGroup(763)) - Created group PipelineID=61913ee4-3f4e-472a-92d3-37442fa1a88f
2021-08-27 19:20:59,117 [EventQueue-OpenPipelineForHealthyPipelineSafeModeRule] INFO  safemode.SCMSafeModeManager (HealthyPipelineSafeModeRule.java:process(124)) - SCM in safe mode. Healthy pipelines reported count is 0, required healthy pipeline reported count is 1
2021-08-27 19:20:59,117 [EventQueue-OpenPipelineForHealthyPipelineSafeModeRule] INFO  safemode.SCMSafeModeManager (HealthyPipelineSafeModeRule.java:process(124)) - SCM in safe mode. Healthy pipelines reported count is 0, required healthy pipeline reported count is 1
2021-08-27 19:20:59,120 [EndpointStateMachine task thread for /127.0.0.1:13945 - 0 ] WARN  statemachine.EndpointStateMachine (EndpointStateMachine.java:logIfNeeded(236)) - Unable to communicate to SCM server at localhost:13945 for past 0 seconds.
java.net.SocketTimeoutException: Call From fv-az59-836/10.1.0.82 to localhost:13945 failed on socket timeout exception: java.net.SocketTimeoutException: 5000 millis timeout while waiting for channel to be ready for read. ch : java.nio.channels.SocketChannel[connected local=/127.0.0.1:37876 remote=/127.0.0.1:13945]; For more details see:  http://wiki.apache.org/hadoop/SocketTimeout
	at sun.reflect.NativeConstructorAccessorImpl.newInstance0(Native Method)
	at sun.reflect.NativeConstructorAccessorImpl.newInstance(NativeConstructorAccessorImpl.java:62)
	at sun.reflect.DelegatingConstructorAccessorImpl.newInstance(DelegatingConstructorAccessorImpl.java:45)
	at java.lang.reflect.Constructor.newInstance(Constructor.java:423)
	at org.apache.hadoop.net.NetUtils.wrapWithMessage(NetUtils.java:913)
	at org.apache.hadoop.net.NetUtils.wrapException(NetUtils.java:848)
	at org.apache.hadoop.ipc.Client.getRpcResponse(Client.java:1577)
	at org.apache.hadoop.ipc.Client.call(Client.java:1519)
	at org.apache.hadoop.ipc.Client.call(Client.java:1416)
	at org.apache.hadoop.ipc.ProtobufRpcEngine$Invoker.invoke(ProtobufRpcEngine.java:236)
	at org.apache.hadoop.ipc.ProtobufRpcEngine$Invoker.invoke(ProtobufRpcEngine.java:123)
	at com.sun.proxy.$Proxy48.submitRequest(Unknown Source)
	at org.apache.hadoop.ozone.protocolPB.StorageContainerDatanodeProtocolClientSideTranslatorPB.submitRequest(StorageContainerDatanodeProtocolClientSideTranslatorPB.java:117)
	at org.apache.hadoop.ozone.protocolPB.StorageContainerDatanodeProtocolClientSideTranslatorPB.getVersion(StorageContainerDatanodeProtocolClientSideTranslatorPB.java:133)
	at org.apache.hadoop.ozone.container.common.states.endpoint.VersionEndpointTask.call(VersionEndpointTask.java:71)
	at org.apache.hadoop.ozone.container.common.states.endpoint.VersionEndpointTask.call(VersionEndpointTask.java:42)
	at java.util.concurrent.FutureTask.run(FutureTask.java:266)
	at java.util.concurrent.ThreadPoolExecutor.runWorker(ThreadPoolExecutor.java:1149)
	at java.util.concurrent.ThreadPoolExecutor$Worker.run(ThreadPoolExecutor.java:624)
	at java.lang.Thread.run(Thread.java:748)
Caused by: java.net.SocketTimeoutException: 5000 millis timeout while waiting for channel to be ready for read. ch : java.nio.channels.SocketChannel[connected local=/127.0.0.1:37876 remote=/127.0.0.1:13945]
	at org.apache.hadoop.net.SocketIOWithTimeout.doIO(SocketIOWithTimeout.java:164)
	at org.apache.hadoop.net.SocketInputStream.read(SocketInputStream.java:161)
	at org.apache.hadoop.net.SocketInputStream.read(SocketInputStream.java:131)
	at java.io.FilterInputStream.read(FilterInputStream.java:133)
	at java.io.BufferedInputStream.fill(BufferedInputStream.java:246)
	at java.io.BufferedInputStream.read(BufferedInputStream.java:265)
	at java.io.FilterInputStream.read(FilterInputStream.java:83)
	at java.io.FilterInputStream.read(FilterInputStream.java:83)
	at org.apache.hadoop.ipc.Client$Connection$PingInputStream.read(Client.java:563)
	at java.io.DataInputStream.readInt(DataInputStream.java:387)
	at org.apache.hadoop.ipc.Client$IpcStreams.readResponse(Client.java:1892)
	at org.apache.hadoop.ipc.Client$Connection.receiveRpcResponse(Client.java:1202)
	at org.apache.hadoop.ipc.Client$Connection.run(Client.java:1098)
2021-08-27 19:20:59,120 [EndpointStateMachine task thread for /127.0.0.1:13945 - 0 ] WARN  statemachine.EndpointStateMachine (EndpointStateMachine.java:logIfNeeded(236)) - Unable to communicate to SCM server at 127.0.0.1:13945 for past 0 seconds.
java.net.SocketTimeoutException: Call From fv-az59-836/10.1.0.82 to localhost:13945 failed on socket timeout exception: java.net.SocketTimeoutException: 5000 millis timeout while waiting for channel to be ready for read. ch : java.nio.channels.SocketChannel[connected local=/127.0.0.1:37876 remote=/127.0.0.1:13945]; For more details see:  http://wiki.apache.org/hadoop/SocketTimeout
	at sun.reflect.NativeConstructorAccessorImpl.newInstance0(Native Method)
	at sun.reflect.NativeConstructorAccessorImpl.newInstance(NativeConstructorAccessorImpl.java:62)
	at sun.reflect.DelegatingConstructorAccessorImpl.newInstance(DelegatingConstructorAccessorImpl.java:45)
	at java.lang.reflect.Constructor.newInstance(Constructor.java:423)
	at org.apache.hadoop.net.NetUtils.wrapWithMessage(NetUtils.java:913)
	at org.apache.hadoop.net.NetUtils.wrapException(NetUtils.java:848)
	at org.apache.hadoop.ipc.Client.getRpcResponse(Client.java:1577)
	at org.apache.hadoop.ipc.Client.call(Client.java:1519)
	at org.apache.hadoop.ipc.Client.call(Client.java:1416)
	at org.apache.hadoop.ipc.ProtobufRpcEngine$Invoker.invoke(ProtobufRpcEngine.java:236)
	at org.apache.hadoop.ipc.ProtobufRpcEngine$Invoker.invoke(ProtobufRpcEngine.java:123)
	at com.sun.proxy.$Proxy48.submitRequest(Unknown Source)
	at org.apache.hadoop.ozone.protocolPB.StorageContainerDatanodeProtocolClientSideTranslatorPB.submitRequest(StorageContainerDatanodeProtocolClientSideTranslatorPB.java:117)
	at org.apache.hadoop.ozone.protocolPB.StorageContainerDatanodeProtocolClientSideTranslatorPB.getVersion(StorageContainerDatanodeProtocolClientSideTranslatorPB.java:133)
	at org.apache.hadoop.ozone.container.common.states.endpoint.VersionEndpointTask.call(VersionEndpointTask.java:71)
	at org.apache.hadoop.ozone.container.common.states.endpoint.VersionEndpointTask.call(VersionEndpointTask.java:42)
	at java.util.concurrent.FutureTask.run(FutureTask.java:266)
	at java.util.concurrent.ThreadPoolExecutor.runWorker(ThreadPoolExecutor.java:1149)
	at java.util.concurrent.ThreadPoolExecutor$Worker.run(ThreadPoolExecutor.java:624)
	at java.lang.Thread.run(Thread.java:748)
Caused by: java.net.SocketTimeoutException: 5000 millis timeout while waiting for channel to be ready for read. ch : java.nio.channels.SocketChannel[connected local=/127.0.0.1:37876 remote=/127.0.0.1:13945]
	at org.apache.hadoop.net.SocketIOWithTimeout.doIO(SocketIOWithTimeout.java:164)
	at org.apache.hadoop.net.SocketInputStream.read(SocketInputStream.java:161)
	at org.apache.hadoop.net.SocketInputStream.read(SocketInputStream.java:131)
	at java.io.FilterInputStream.read(FilterInputStream.java:133)
	at java.io.BufferedInputStream.fill(BufferedInputStream.java:246)
	at java.io.BufferedInputStream.read(BufferedInputStream.java:265)
	at java.io.FilterInputStream.read(FilterInputStream.java:83)
	at java.io.FilterInputStream.read(FilterInputStream.java:83)
	at org.apache.hadoop.ipc.Client$Connection$PingInputStream.read(Client.java:563)
	at java.io.DataInputStream.readInt(DataInputStream.java:387)
	at org.apache.hadoop.ipc.Client$IpcStreams.readResponse(Client.java:1892)
	at org.apache.hadoop.ipc.Client$Connection.receiveRpcResponse(Client.java:1202)
	at org.apache.hadoop.ipc.Client$Connection.run(Client.java:1098)
2021-08-27 19:20:59,120 [EndpointStateMachine task thread for /127.0.0.1:13945 - 0 ] WARN  statemachine.EndpointStateMachine (EndpointStateMachine.java:logIfNeeded(236)) - Unable to communicate to SCM server at 127.0.0.1:13945 for past 0 seconds.
java.net.SocketTimeoutException: Call From fv-az59-836/10.1.0.82 to localhost:13945 failed on socket timeout exception: java.net.SocketTimeoutException: 5000 millis timeout while waiting for channel to be ready for read. ch : java.nio.channels.SocketChannel[connected local=/127.0.0.1:37876 remote=/127.0.0.1:13945]; For more details see:  http://wiki.apache.org/hadoop/SocketTimeout
	at sun.reflect.NativeConstructorAccessorImpl.newInstance0(Native Method)
	at sun.reflect.NativeConstructorAccessorImpl.newInstance(NativeConstructorAccessorImpl.java:62)
	at sun.reflect.DelegatingConstructorAccessorImpl.newInstance(DelegatingConstructorAccessorImpl.java:45)
	at java.lang.reflect.Constructor.newInstance(Constructor.java:423)
	at org.apache.hadoop.net.NetUtils.wrapWithMessage(NetUtils.java:913)
	at org.apache.hadoop.net.NetUtils.wrapException(NetUtils.java:848)
	at org.apache.hadoop.ipc.Client.getRpcResponse(Client.java:1577)
	at org.apache.hadoop.ipc.Client.call(Client.java:1519)
	at org.apache.hadoop.ipc.Client.call(Client.java:1416)
	at org.apache.hadoop.ipc.ProtobufRpcEngine$Invoker.invoke(ProtobufRpcEngine.java:236)
	at org.apache.hadoop.ipc.ProtobufRpcEngine$Invoker.invoke(ProtobufRpcEngine.java:123)
	at com.sun.proxy.$Proxy48.submitRequest(Unknown Source)
	at org.apache.hadoop.ozone.protocolPB.StorageContainerDatanodeProtocolClientSideTranslatorPB.submitRequest(StorageContainerDatanodeProtocolClientSideTranslatorPB.java:117)
	at org.apache.hadoop.ozone.protocolPB.StorageContainerDatanodeProtocolClientSideTranslatorPB.getVersion(StorageContainerDatanodeProtocolClientSideTranslatorPB.java:133)
	at org.apache.hadoop.ozone.container.common.states.endpoint.VersionEndpointTask.call(VersionEndpointTask.java:71)
	at org.apache.hadoop.ozone.container.common.states.endpoint.VersionEndpointTask.call(VersionEndpointTask.java:42)
	at java.util.concurrent.FutureTask.run(FutureTask.java:266)
	at java.util.concurrent.ThreadPoolExecutor.runWorker(ThreadPoolExecutor.java:1149)
	at java.util.concurrent.ThreadPoolExecutor$Worker.run(ThreadPoolExecutor.java:624)
	at java.lang.Thread.run(Thread.java:748)
Caused by: java.net.SocketTimeoutException: 5000 millis timeout while waiting for channel to be ready for read. ch : java.nio.channels.SocketChannel[connected local=/127.0.0.1:37876 remote=/127.0.0.1:13945]
	at org.apache.hadoop.net.SocketIOWithTimeout.doIO(SocketIOWithTimeout.java:164)
	at org.apache.hadoop.net.SocketInputStream.read(SocketInputStream.java:161)
	at org.apache.hadoop.net.SocketInputStream.read(SocketInputStream.java:131)
	at java.io.FilterInputStream.read(FilterInputStream.java:133)
	at java.io.BufferedInputStream.fill(BufferedInputStream.java:246)
	at java.io.BufferedInputStream.read(BufferedInputStream.java:265)
	at java.io.FilterInputStream.read(FilterInputStream.java:83)
	at java.io.FilterInputStream.read(FilterInputStream.java:83)
	at org.apache.hadoop.ipc.Client$Connection$PingInputStream.read(Client.java:563)
	at java.io.DataInputStream.readInt(DataInputStream.java:387)
	at org.apache.hadoop.ipc.Client$IpcStreams.readResponse(Client.java:1892)
	at org.apache.hadoop.ipc.Client$Connection.receiveRpcResponse(Client.java:1202)
	at org.apache.hadoop.ipc.Client$Connection.run(Client.java:1098)
2021-08-27 19:20:59,131 [grpc-default-executor-0] INFO  server.RaftServer (RaftServerProxy.java:addNew(95)) - 879cfcac-0f36-4f91-b8b3-e9d7e01f977d: addNew group-37442FA1A88F:[879cfcac-0f36-4f91-b8b3-e9d7e01f977d|rpc:127.0.0.1:32853|dataStream:|priority:0, 7114ee9f-b20c-4a85-b13e-c38a422a401d|rpc:127.0.0.1:33505|dataStream:|priority:1, 73f911ca-52fc-4abb-a332-7dbce6ccb501|rpc:127.0.0.1:36141|dataStream:|priority:0] returns group-37442FA1A88F:java.util.concurrent.CompletableFuture@15abf3c8[Not completed]
2021-08-27 19:20:59,147 [pool-285-thread-1] INFO  server.RaftServer$Division (RaftServerImpl.java:<init>(181)) - 879cfcac-0f36-4f91-b8b3-e9d7e01f977d: new RaftServerImpl for group-37442FA1A88F:[879cfcac-0f36-4f91-b8b3-e9d7e01f977d|rpc:127.0.0.1:32853|dataStream:|priority:0, 7114ee9f-b20c-4a85-b13e-c38a422a401d|rpc:127.0.0.1:33505|dataStream:|priority:1, 73f911ca-52fc-4abb-a332-7dbce6ccb501|rpc:127.0.0.1:36141|dataStream:|priority:0] with ContainerStateMachine:uninitialized
2021-08-27 19:20:59,155 [EventQueue-OpenPipelineForHealthyPipelineSafeModeRule] INFO  safemode.SCMSafeModeManager (HealthyPipelineSafeModeRule.java:process(124)) - SCM in safe mode. Healthy pipelines reported count is 0, required healthy pipeline reported count is 1
2021-08-27 19:20:59,157 [pool-285-thread-1] INFO  server.RaftServerConfigKeys (ConfUtils.java:logGet(44)) - raft.server.rpc.timeout.min = 5s (custom)
2021-08-27 19:20:59,157 [pool-285-thread-1] INFO  server.RaftServerConfigKeys (ConfUtils.java:logGet(44)) - raft.server.rpc.timeout.max = 5200ms (custom)
2021-08-27 19:20:59,157 [pool-285-thread-1] INFO  server.RaftServerConfigKeys (ConfUtils.java:logGet(44)) - raft.server.rpc.sleep.time = 25ms (default)
2021-08-27 19:20:59,157 [pool-285-thread-1] INFO  server.RaftServerConfigKeys (ConfUtils.java:logGet(44)) - raft.server.rpc.slowness.timeout = 300s (custom)
2021-08-27 19:20:59,157 [pool-285-thread-1] INFO  server.RaftServerConfigKeys (ConfUtils.java:logGet(44)) - raft.server.leaderelection.leader.step-down.wait-time = 10s (default)
2021-08-27 19:20:59,157 [pool-285-thread-1] INFO  server.RaftServerConfigKeys (ConfUtils.java:logGet(44)) - raft.server.sleep.deviation.threshold = 300ms (default)
2021-08-27 19:20:59,157 [pool-285-thread-1] INFO  server.RaftServerConfigKeys (ConfUtils.java:logGet(44)) - raft.server.log.appender.install.snapshot.enabled = false (custom)
2021-08-27 19:20:59,157 [pool-285-thread-1] INFO  server.RaftServer$Division (ServerState.java:<init>(105)) - 879cfcac-0f36-4f91-b8b3-e9d7e01f977d@group-37442FA1A88F: ConfigurationManager, init=-1: [879cfcac-0f36-4f91-b8b3-e9d7e01f977d|rpc:127.0.0.1:32853|dataStream:|priority:0, 7114ee9f-b20c-4a85-b13e-c38a422a401d|rpc:127.0.0.1:33505|dataStream:|priority:1, 73f911ca-52fc-4abb-a332-7dbce6ccb501|rpc:127.0.0.1:36141|dataStream:|priority:0], old=null, confs=<EMPTY_MAP>
2021-08-27 19:20:59,157 [pool-285-thread-1] INFO  server.RaftServerConfigKeys (ConfUtils.java:logGet(44)) - raft.server.storage.dir = [/home/runner/work/ozone/ozone/hadoop-ozone/integration-test/target/test-dir/MiniOzoneClusterImpl-cc6da7a1-649b-4db9-82e6-e71d50c67865/datanode-1/data/ratis] (custom)
2021-08-27 19:20:59,158 [pool-285-thread-1] INFO  server.RaftServerConfigKeys (ConfUtils.java:logGet(44)) - raft.server.log.corruption.policy = EXCEPTION (default)
2021-08-27 19:20:59,158 [pool-285-thread-1] INFO  server.RaftServerConfigKeys (ConfUtils.java:logGet(44)) - raft.server.storage.free-space.min = 0MB (=0) (default)
2021-08-27 19:20:59,158 [pool-285-thread-1] INFO  storage.RaftStorageDirectory (RaftStorageDirectoryImpl.java:analyzeStorage(135)) - The storage directory /home/runner/work/ozone/ozone/hadoop-ozone/integration-test/target/test-dir/MiniOzoneClusterImpl-cc6da7a1-649b-4db9-82e6-e71d50c67865/datanode-1/data/ratis/61913ee4-3f4e-472a-92d3-37442fa1a88f does not exist. Creating ...
2021-08-27 19:20:59,161 [pool-285-thread-1] INFO  storage.RaftStorageDirectory (RaftStorageDirectoryImpl.java:tryLock(230)) - Lock on /home/runner/work/ozone/ozone/hadoop-ozone/integration-test/target/test-dir/MiniOzoneClusterImpl-cc6da7a1-649b-4db9-82e6-e71d50c67865/datanode-1/data/ratis/61913ee4-3f4e-472a-92d3-37442fa1a88f/in_use.lock acquired by nodename 15536@fv-az59-836
2021-08-27 19:20:59,166 [pool-285-thread-1] INFO  storage.RaftStorage (RaftStorageImpl.java:format(89)) - Storage directory /home/runner/work/ozone/ozone/hadoop-ozone/integration-test/target/test-dir/MiniOzoneClusterImpl-cc6da7a1-649b-4db9-82e6-e71d50c67865/datanode-1/data/ratis/61913ee4-3f4e-472a-92d3-37442fa1a88f has been successfully formatted.
2021-08-27 19:20:59,168 [pool-285-thread-1] INFO  ratis.ContainerStateMachine (ContainerStateMachine.java:loadSnapshot(224)) - group-37442FA1A88F: The snapshot info is null. Setting the last applied indexto:(t:0, i:~)
2021-08-27 19:20:59,168 [pool-285-thread-1] INFO  server.RaftServerConfigKeys (ConfUtils.java:logGet(44)) - raft.server.notification.no-leader.timeout = 300s (custom)
2021-08-27 19:20:59,168 [pool-285-thread-1] INFO  server.RaftServerConfigKeys (ConfUtils.java:logGet(44)) - raft.server.log.use.memory = false (default)
2021-08-27 19:20:59,168 [pool-285-thread-1] INFO  server.RaftServerConfigKeys (ConfUtils.java:logGet(44)) - raft.server.log.purge.gap = 1000000 (custom)
2021-08-27 19:20:59,168 [pool-285-thread-1] INFO  server.RaftServerConfigKeys (ConfUtils.java:logGet(44)) - raft.server.log.appender.buffer.byte-limit = 33554432 (custom)
2021-08-27 19:20:59,169 [pool-285-thread-1] INFO  server.RaftServerConfigKeys (ConfUtils.java:logGet(44)) - raft.server.log.segment.size.max = 1048576 (custom)
2021-08-27 19:20:59,169 [pool-285-thread-1] INFO  server.RaftServerConfigKeys (ConfUtils.java:logGet(44)) - raft.server.log.segment.cache.num.max = 2 (custom)
2021-08-27 19:20:59,169 [pool-285-thread-1] INFO  server.RaftServerConfigKeys (ConfUtils.java:logGet(44)) - raft.server.log.segment.cache.size.max = 200MB (=209715200) (default)
2021-08-27 19:20:59,169 [pool-285-thread-1] INFO  segmented.SegmentedRaftLogWorker (SegmentedRaftLogWorker.java:<init>(182)) - new 879cfcac-0f36-4f91-b8b3-e9d7e01f977d@group-37442FA1A88F-SegmentedRaftLogWorker for RaftStorageImpl:Storage Directory /home/runner/work/ozone/ozone/hadoop-ozone/integration-test/target/test-dir/MiniOzoneClusterImpl-cc6da7a1-649b-4db9-82e6-e71d50c67865/datanode-1/data/ratis/61913ee4-3f4e-472a-92d3-37442fa1a88f
2021-08-27 19:20:59,169 [pool-285-thread-1] INFO  server.RaftServerConfigKeys (ConfUtils.java:logGet(44)) - raft.server.log.queue.byte-limit = 2147483647 (custom)
2021-08-27 19:20:59,169 [pool-285-thread-1] INFO  server.RaftServerConfigKeys (ConfUtils.java:logGet(44)) - raft.server.log.queue.element-limit = 1024 (custom)
2021-08-27 19:20:59,169 [pool-285-thread-1] INFO  server.RaftServerConfigKeys (ConfUtils.java:logGet(44)) - raft.server.log.segment.size.max = 1048576 (custom)
2021-08-27 19:20:59,170 [pool-285-thread-1] INFO  server.RaftServerConfigKeys (ConfUtils.java:logGet(44)) - raft.server.log.preallocated.size = 16384 (custom)
2021-08-27 19:20:59,170 [pool-285-thread-1] INFO  server.RaftServerConfigKeys (ConfUtils.java:logGet(44)) - raft.server.log.force.sync.num = 128 (default)
2021-08-27 19:20:59,170 [pool-285-thread-1] INFO  server.RaftServerConfigKeys (ConfUtils.java:logGet(44)) - raft.server.log.statemachine.data.sync = true (default)
2021-08-27 19:20:59,170 [pool-285-thread-1] INFO  server.RaftServerConfigKeys (ConfUtils.java:logGet(44)) - raft.server.log.statemachine.data.sync.timeout = 10s (default)
2021-08-27 19:20:59,170 [pool-285-thread-1] INFO  server.RaftServerConfigKeys (ConfUtils.java:logGet(44)) - raft.server.log.statemachine.data.sync.timeout.retry = -1 (default)
2021-08-27 19:20:59,171 [pool-285-thread-1] INFO  server.RaftServerConfigKeys (ConfUtils.java:logGet(44)) - raft.server.log.write.buffer.size = 1048576 (custom)
2021-08-27 19:20:59,171 [pool-285-thread-1] INFO  server.RaftServerConfigKeys (ConfUtils.java:logGet(44)) - raft.server.log.statemachine.data.caching.enabled = true (custom)
2021-08-27 19:20:59,171 [pool-285-thread-1] INFO  segmented.SegmentedRaftLogWorker (SegmentedRaftLogWorker.java:lambda$new$0(133)) - 879cfcac-0f36-4f91-b8b3-e9d7e01f977d@group-37442FA1A88F-SegmentedRaftLogWorker: flushIndex: setUnconditionally 0 -> -1
2021-08-27 19:20:59,177 [pool-285-thread-1] INFO  segmented.SegmentedRaftLogWorker (SegmentedRaftLogWorker.java:lambda$new$0(133)) - 879cfcac-0f36-4f91-b8b3-e9d7e01f977d@group-37442FA1A88F-SegmentedRaftLogWorker: safeCacheEvictIndex: setUnconditionally 0 -> -1
2021-08-27 19:20:59,186 [pool-285-thread-1] INFO  server.RaftServerConfigKeys (ConfUtils.java:logGet(44)) - raft.server.snapshot.auto.trigger.enabled = true (custom)
2021-08-27 19:20:59,186 [pool-285-thread-1] INFO  server.RaftServerConfigKeys (ConfUtils.java:logGet(44)) - raft.server.snapshot.auto.trigger.threshold = 10000 (custom)
2021-08-27 19:20:59,186 [pool-285-thread-1] INFO  server.RaftServerConfigKeys (ConfUtils.java:logGet(44)) - raft.server.snapshot.retention.file.num = 5 (custom)
2021-08-27 19:20:59,186 [pool-285-thread-1] INFO  server.RaftServerConfigKeys (ConfUtils.java:logGet(44)) - raft.server.log.purge.upto.snapshot.index = false (default)
2021-08-27 19:20:59,186 [pool-285-thread-1] INFO  server.RaftServerConfigKeys (ConfUtils.java:logGet(44)) - raft.server.retrycache.expirytime = 600000ms (custom)
2021-08-27 19:20:59,186 [pool-285-thread-1] INFO  server.RaftServerConfigKeys (ConfUtils.java:logGet(44)) - raft.server.retrycache.statistics.expirytime = 100μs (default)
2021-08-27 19:20:59,187 [pool-285-thread-1] INFO  server.RaftServer$Division (RaftServerImpl.java:start(296)) - 879cfcac-0f36-4f91-b8b3-e9d7e01f977d@group-37442FA1A88F: start as a follower, conf=-1: [879cfcac-0f36-4f91-b8b3-e9d7e01f977d|rpc:127.0.0.1:32853|dataStream:|priority:0, 7114ee9f-b20c-4a85-b13e-c38a422a401d|rpc:127.0.0.1:33505|dataStream:|priority:1, 73f911ca-52fc-4abb-a332-7dbce6ccb501|rpc:127.0.0.1:36141|dataStream:|priority:0], old=null
2021-08-27 19:20:59,188 [pool-285-thread-1] INFO  server.RaftServer$Division (RaftServerImpl.java:setRole(285)) - 879cfcac-0f36-4f91-b8b3-e9d7e01f977d@group-37442FA1A88F: changes role from      null to FOLLOWER at term 0 for startAsFollower
2021-08-27 19:20:59,188 [pool-285-thread-1] INFO  impl.RoleInfo (RoleInfo.java:updateAndGet(130)) - 879cfcac-0f36-4f91-b8b3-e9d7e01f977d: start 879cfcac-0f36-4f91-b8b3-e9d7e01f977d@group-37442FA1A88F-FollowerState
2021-08-27 19:20:59,190 [pool-285-thread-1] INFO  util.JmxRegister (JmxRegister.java:tryRegister(44)) - Successfully registered JMX Bean with object name Ratis:service=RaftServer,group=group-37442FA1A88F,id=879cfcac-0f36-4f91-b8b3-e9d7e01f977d
2021-08-27 19:20:59,196 [EndpointStateMachine task thread for /127.0.0.1:14961 - 0 ] INFO  ipc.Client (Client.java:handleConnectionFailure(977)) - Retrying connect to server: localhost/127.0.0.1:14961. Already tried 9 time(s); retry policy is RetryUpToMaximumCountWithFixedSleep(maxRetries=15, sleepTime=1000 MILLISECONDS)
2021-08-27 19:20:59,235 [grpc-default-executor-0] INFO  server.RaftServer (RaftServerProxy.java:addNew(95)) - 73f911ca-52fc-4abb-a332-7dbce6ccb501: addNew group-37442FA1A88F:[879cfcac-0f36-4f91-b8b3-e9d7e01f977d|rpc:127.0.0.1:32853|dataStream:|priority:0, 7114ee9f-b20c-4a85-b13e-c38a422a401d|rpc:127.0.0.1:33505|dataStream:|priority:1, 73f911ca-52fc-4abb-a332-7dbce6ccb501|rpc:127.0.0.1:36141|dataStream:|priority:0] returns group-37442FA1A88F:java.util.concurrent.CompletableFuture@64f83915[Not completed]
2021-08-27 19:20:59,236 [pool-306-thread-1] INFO  server.RaftServer$Division (RaftServerImpl.java:<init>(181)) - 73f911ca-52fc-4abb-a332-7dbce6ccb501: new RaftServerImpl for group-37442FA1A88F:[879cfcac-0f36-4f91-b8b3-e9d7e01f977d|rpc:127.0.0.1:32853|dataStream:|priority:0, 7114ee9f-b20c-4a85-b13e-c38a422a401d|rpc:127.0.0.1:33505|dataStream:|priority:1, 73f911ca-52fc-4abb-a332-7dbce6ccb501|rpc:127.0.0.1:36141|dataStream:|priority:0] with ContainerStateMachine:uninitialized
2021-08-27 19:20:59,243 [pool-306-thread-1] INFO  server.RaftServerConfigKeys (ConfUtils.java:logGet(44)) - raft.server.rpc.timeout.min = 5s (custom)
2021-08-27 19:20:59,243 [pool-306-thread-1] INFO  server.RaftServerConfigKeys (ConfUtils.java:logGet(44)) - raft.server.rpc.timeout.max = 5200ms (custom)
2021-08-27 19:20:59,243 [pool-306-thread-1] INFO  server.RaftServerConfigKeys (ConfUtils.java:logGet(44)) - raft.server.rpc.sleep.time = 25ms (default)
2021-08-27 19:20:59,243 [pool-306-thread-1] INFO  server.RaftServerConfigKeys (ConfUtils.java:logGet(44)) - raft.server.rpc.slowness.timeout = 300s (custom)
2021-08-27 19:20:59,243 [pool-306-thread-1] INFO  server.RaftServerConfigKeys (ConfUtils.java:logGet(44)) - raft.server.leaderelection.leader.step-down.wait-time = 10s (default)
2021-08-27 19:20:59,243 [pool-306-thread-1] INFO  server.RaftServerConfigKeys (ConfUtils.java:logGet(44)) - raft.server.sleep.deviation.threshold = 300ms (default)
2021-08-27 19:20:59,243 [pool-306-thread-1] INFO  server.RaftServerConfigKeys (ConfUtils.java:logGet(44)) - raft.server.log.appender.install.snapshot.enabled = false (custom)
2021-08-27 19:20:59,243 [pool-306-thread-1] INFO  server.RaftServer$Division (ServerState.java:<init>(105)) - 73f911ca-52fc-4abb-a332-7dbce6ccb501@group-37442FA1A88F: ConfigurationManager, init=-1: [879cfcac-0f36-4f91-b8b3-e9d7e01f977d|rpc:127.0.0.1:32853|dataStream:|priority:0, 7114ee9f-b20c-4a85-b13e-c38a422a401d|rpc:127.0.0.1:33505|dataStream:|priority:1, 73f911ca-52fc-4abb-a332-7dbce6ccb501|rpc:127.0.0.1:36141|dataStream:|priority:0], old=null, confs=<EMPTY_MAP>
2021-08-27 19:20:59,243 [pool-306-thread-1] INFO  server.RaftServerConfigKeys (ConfUtils.java:logGet(44)) - raft.server.storage.dir = [/home/runner/work/ozone/ozone/hadoop-ozone/integration-test/target/test-dir/MiniOzoneClusterImpl-cc6da7a1-649b-4db9-82e6-e71d50c67865/datanode-2/data/ratis] (custom)
2021-08-27 19:20:59,244 [pool-306-thread-1] INFO  server.RaftServerConfigKeys (ConfUtils.java:logGet(44)) - raft.server.log.corruption.policy = EXCEPTION (default)
2021-08-27 19:20:59,244 [pool-306-thread-1] INFO  server.RaftServerConfigKeys (ConfUtils.java:logGet(44)) - raft.server.storage.free-space.min = 0MB (=0) (default)
2021-08-27 19:20:59,244 [pool-306-thread-1] INFO  storage.RaftStorageDirectory (RaftStorageDirectoryImpl.java:analyzeStorage(135)) - The storage directory /home/runner/work/ozone/ozone/hadoop-ozone/integration-test/target/test-dir/MiniOzoneClusterImpl-cc6da7a1-649b-4db9-82e6-e71d50c67865/datanode-2/data/ratis/61913ee4-3f4e-472a-92d3-37442fa1a88f does not exist. Creating ...
2021-08-27 19:20:59,245 [pool-306-thread-1] INFO  storage.RaftStorageDirectory (RaftStorageDirectoryImpl.java:tryLock(230)) - Lock on /home/runner/work/ozone/ozone/hadoop-ozone/integration-test/target/test-dir/MiniOzoneClusterImpl-cc6da7a1-649b-4db9-82e6-e71d50c67865/datanode-2/data/ratis/61913ee4-3f4e-472a-92d3-37442fa1a88f/in_use.lock acquired by nodename 15536@fv-az59-836
2021-08-27 19:20:59,246 [pool-306-thread-1] INFO  storage.RaftStorage (RaftStorageImpl.java:format(89)) - Storage directory /home/runner/work/ozone/ozone/hadoop-ozone/integration-test/target/test-dir/MiniOzoneClusterImpl-cc6da7a1-649b-4db9-82e6-e71d50c67865/datanode-2/data/ratis/61913ee4-3f4e-472a-92d3-37442fa1a88f has been successfully formatted.
2021-08-27 19:20:59,246 [pool-306-thread-1] INFO  ratis.ContainerStateMachine (ContainerStateMachine.java:loadSnapshot(224)) - group-37442FA1A88F: The snapshot info is null. Setting the last applied indexto:(t:0, i:~)
2021-08-27 19:20:59,246 [pool-306-thread-1] INFO  server.RaftServerConfigKeys (ConfUtils.java:logGet(44)) - raft.server.notification.no-leader.timeout = 300s (custom)
2021-08-27 19:20:59,246 [pool-306-thread-1] INFO  server.RaftServerConfigKeys (ConfUtils.java:logGet(44)) - raft.server.log.use.memory = false (default)
2021-08-27 19:20:59,246 [pool-306-thread-1] INFO  server.RaftServerConfigKeys (ConfUtils.java:logGet(44)) - raft.server.log.purge.gap = 1000000 (custom)
2021-08-27 19:20:59,246 [pool-306-thread-1] INFO  server.RaftServerConfigKeys (ConfUtils.java:logGet(44)) - raft.server.log.appender.buffer.byte-limit = 33554432 (custom)
2021-08-27 19:20:59,246 [pool-306-thread-1] INFO  server.RaftServerConfigKeys (ConfUtils.java:logGet(44)) - raft.server.log.segment.size.max = 1048576 (custom)
2021-08-27 19:20:59,247 [pool-306-thread-1] INFO  server.RaftServerConfigKeys (ConfUtils.java:logGet(44)) - raft.server.log.segment.cache.num.max = 2 (custom)
2021-08-27 19:20:59,247 [pool-306-thread-1] INFO  server.RaftServerConfigKeys (ConfUtils.java:logGet(44)) - raft.server.log.segment.cache.size.max = 200MB (=209715200) (default)
2021-08-27 19:20:59,247 [pool-306-thread-1] INFO  segmented.SegmentedRaftLogWorker (SegmentedRaftLogWorker.java:<init>(182)) - new 73f911ca-52fc-4abb-a332-7dbce6ccb501@group-37442FA1A88F-SegmentedRaftLogWorker for RaftStorageImpl:Storage Directory /home/runner/work/ozone/ozone/hadoop-ozone/integration-test/target/test-dir/MiniOzoneClusterImpl-cc6da7a1-649b-4db9-82e6-e71d50c67865/datanode-2/data/ratis/61913ee4-3f4e-472a-92d3-37442fa1a88f
2021-08-27 19:20:59,247 [pool-306-thread-1] INFO  server.RaftServerConfigKeys (ConfUtils.java:logGet(44)) - raft.server.log.queue.byte-limit = 2147483647 (custom)
2021-08-27 19:20:59,247 [pool-306-thread-1] INFO  server.RaftServerConfigKeys (ConfUtils.java:logGet(44)) - raft.server.log.queue.element-limit = 1024 (custom)
2021-08-27 19:20:59,247 [pool-306-thread-1] INFO  server.RaftServerConfigKeys (ConfUtils.java:logGet(44)) - raft.server.log.segment.size.max = 1048576 (custom)
2021-08-27 19:20:59,247 [pool-306-thread-1] INFO  server.RaftServerConfigKeys (ConfUtils.java:logGet(44)) - raft.server.log.preallocated.size = 16384 (custom)
2021-08-27 19:20:59,252 [pool-306-thread-1] INFO  server.RaftServerConfigKeys (ConfUtils.java:logGet(44)) - raft.server.log.force.sync.num = 128 (default)
2021-08-27 19:20:59,252 [pool-306-thread-1] INFO  server.RaftServerConfigKeys (ConfUtils.java:logGet(44)) - raft.server.log.statemachine.data.sync = true (default)
2021-08-27 19:20:59,252 [pool-306-thread-1] INFO  server.RaftServerConfigKeys (ConfUtils.java:logGet(44)) - raft.server.log.statemachine.data.sync.timeout = 10s (default)
2021-08-27 19:20:59,252 [pool-306-thread-1] INFO  server.RaftServerConfigKeys (ConfUtils.java:logGet(44)) - raft.server.log.statemachine.data.sync.timeout.retry = -1 (default)
2021-08-27 19:20:59,253 [pool-306-thread-1] INFO  server.RaftServerConfigKeys (ConfUtils.java:logGet(44)) - raft.server.log.write.buffer.size = 1048576 (custom)
2021-08-27 19:20:59,254 [pool-306-thread-1] INFO  server.RaftServerConfigKeys (ConfUtils.java:logGet(44)) - raft.server.log.statemachine.data.caching.enabled = true (custom)
2021-08-27 19:20:59,254 [pool-306-thread-1] INFO  segmented.SegmentedRaftLogWorker (SegmentedRaftLogWorker.java:lambda$new$0(133)) - 73f911ca-52fc-4abb-a332-7dbce6ccb501@group-37442FA1A88F-SegmentedRaftLogWorker: flushIndex: setUnconditionally 0 -> -1
2021-08-27 19:20:59,255 [pool-306-thread-1] INFO  segmented.SegmentedRaftLogWorker (SegmentedRaftLogWorker.java:lambda$new$0(133)) - 73f911ca-52fc-4abb-a332-7dbce6ccb501@group-37442FA1A88F-SegmentedRaftLogWorker: safeCacheEvictIndex: setUnconditionally 0 -> -1
2021-08-27 19:20:59,260 [pool-306-thread-1] INFO  server.RaftServerConfigKeys (ConfUtils.java:logGet(44)) - raft.server.snapshot.auto.trigger.enabled = true (custom)
2021-08-27 19:20:59,260 [pool-306-thread-1] INFO  server.RaftServerConfigKeys (ConfUtils.java:logGet(44)) - raft.server.snapshot.auto.trigger.threshold = 10000 (custom)
2021-08-27 19:20:59,260 [pool-306-thread-1] INFO  server.RaftServerConfigKeys (ConfUtils.java:logGet(44)) - raft.server.snapshot.retention.file.num = 5 (custom)
2021-08-27 19:20:59,260 [pool-306-thread-1] INFO  server.RaftServerConfigKeys (ConfUtils.java:logGet(44)) - raft.server.log.purge.upto.snapshot.index = false (default)
2021-08-27 19:20:59,260 [pool-306-thread-1] INFO  server.RaftServerConfigKeys (ConfUtils.java:logGet(44)) - raft.server.retrycache.expirytime = 600000ms (custom)
2021-08-27 19:20:59,260 [pool-306-thread-1] INFO  server.RaftServerConfigKeys (ConfUtils.java:logGet(44)) - raft.server.retrycache.statistics.expirytime = 100μs (default)
2021-08-27 19:20:59,261 [pool-306-thread-1] INFO  server.RaftServer$Division (RaftServerImpl.java:start(296)) - 73f911ca-52fc-4abb-a332-7dbce6ccb501@group-37442FA1A88F: start as a follower, conf=-1: [879cfcac-0f36-4f91-b8b3-e9d7e01f977d|rpc:127.0.0.1:32853|dataStream:|priority:0, 7114ee9f-b20c-4a85-b13e-c38a422a401d|rpc:127.0.0.1:33505|dataStream:|priority:1, 73f911ca-52fc-4abb-a332-7dbce6ccb501|rpc:127.0.0.1:36141|dataStream:|priority:0], old=null
2021-08-27 19:20:59,261 [pool-306-thread-1] INFO  server.RaftServer$Division (RaftServerImpl.java:setRole(285)) - 73f911ca-52fc-4abb-a332-7dbce6ccb501@group-37442FA1A88F: changes role from      null to FOLLOWER at term 0 for startAsFollower
2021-08-27 19:20:59,261 [pool-306-thread-1] INFO  impl.RoleInfo (RoleInfo.java:updateAndGet(130)) - 73f911ca-52fc-4abb-a332-7dbce6ccb501: start 73f911ca-52fc-4abb-a332-7dbce6ccb501@group-37442FA1A88F-FollowerState
2021-08-27 19:20:59,270 [pool-306-thread-1] INFO  util.JmxRegister (JmxRegister.java:tryRegister(44)) - Successfully registered JMX Bean with object name Ratis:service=RaftServer,group=group-37442FA1A88F,id=73f911ca-52fc-4abb-a332-7dbce6ccb501
2021-08-27 19:20:59,303 [Command processor thread] INFO  commandhandler.CreatePipelineCommandHandler (CreatePipelineCommandHandler.java:handle(106)) - Created Pipeline RATIS THREE PipelineID=61913ee4-3f4e-472a-92d3-37442fa1a88f.
2021-08-27 19:20:59,303 [Command processor thread] INFO  server.RaftServer (RaftServerProxy.java:addNew(95)) - 7114ee9f-b20c-4a85-b13e-c38a422a401d: addNew group-0289F99EAF61:[879cfcac-0f36-4f91-b8b3-e9d7e01f977d|rpc:127.0.0.1:32853|priority:1, 7114ee9f-b20c-4a85-b13e-c38a422a401d|rpc:127.0.0.1:33505|priority:0, 73f911ca-52fc-4abb-a332-7dbce6ccb501|rpc:127.0.0.1:36141|priority:0] returns group-0289F99EAF61:java.util.concurrent.CompletableFuture@112d2627[Not completed]
2021-08-27 19:20:59,304 [pool-264-thread-1] INFO  server.RaftServer$Division (RaftServerImpl.java:<init>(181)) - 7114ee9f-b20c-4a85-b13e-c38a422a401d: new RaftServerImpl for group-0289F99EAF61:[879cfcac-0f36-4f91-b8b3-e9d7e01f977d|rpc:127.0.0.1:32853|priority:1, 7114ee9f-b20c-4a85-b13e-c38a422a401d|rpc:127.0.0.1:33505|priority:0, 73f911ca-52fc-4abb-a332-7dbce6ccb501|rpc:127.0.0.1:36141|priority:0] with ContainerStateMachine:uninitialized
2021-08-27 19:20:59,304 [pool-264-thread-1] INFO  server.RaftServerConfigKeys (ConfUtils.java:logGet(44)) - raft.server.rpc.timeout.min = 5s (custom)
2021-08-27 19:20:59,304 [pool-264-thread-1] INFO  server.RaftServerConfigKeys (ConfUtils.java:logGet(44)) - raft.server.rpc.timeout.max = 5200ms (custom)
2021-08-27 19:20:59,304 [pool-264-thread-1] INFO  server.RaftServerConfigKeys (ConfUtils.java:logGet(44)) - raft.server.rpc.sleep.time = 25ms (default)
2021-08-27 19:20:59,304 [pool-264-thread-1] INFO  server.RaftServerConfigKeys (ConfUtils.java:logGet(44)) - raft.server.rpc.slowness.timeout = 300s (custom)
2021-08-27 19:20:59,304 [pool-264-thread-1] INFO  server.RaftServerConfigKeys (ConfUtils.java:logGet(44)) - raft.server.leaderelection.leader.step-down.wait-time = 10s (default)
2021-08-27 19:20:59,304 [pool-264-thread-1] INFO  server.RaftServerConfigKeys (ConfUtils.java:logGet(44)) - raft.server.sleep.deviation.threshold = 300ms (default)
2021-08-27 19:20:59,304 [pool-264-thread-1] INFO  server.RaftServerConfigKeys (ConfUtils.java:logGet(44)) - raft.server.log.appender.install.snapshot.enabled = false (custom)
2021-08-27 19:20:59,304 [pool-264-thread-1] INFO  server.RaftServer$Division (ServerState.java:<init>(105)) - 7114ee9f-b20c-4a85-b13e-c38a422a401d@group-0289F99EAF61: ConfigurationManager, init=-1: [879cfcac-0f36-4f91-b8b3-e9d7e01f977d|rpc:127.0.0.1:32853|priority:1, 7114ee9f-b20c-4a85-b13e-c38a422a401d|rpc:127.0.0.1:33505|priority:0, 73f911ca-52fc-4abb-a332-7dbce6ccb501|rpc:127.0.0.1:36141|priority:0], old=null, confs=<EMPTY_MAP>
2021-08-27 19:20:59,304 [pool-264-thread-1] INFO  server.RaftServerConfigKeys (ConfUtils.java:logGet(44)) - raft.server.storage.dir = [/home/runner/work/ozone/ozone/hadoop-ozone/integration-test/target/test-dir/MiniOzoneClusterImpl-cc6da7a1-649b-4db9-82e6-e71d50c67865/datanode-0/data/ratis] (custom)
2021-08-27 19:20:59,304 [pool-264-thread-1] INFO  server.RaftServerConfigKeys (ConfUtils.java:logGet(44)) - raft.server.log.corruption.policy = EXCEPTION (default)
2021-08-27 19:20:59,305 [pool-264-thread-1] INFO  server.RaftServerConfigKeys (ConfUtils.java:logGet(44)) - raft.server.storage.free-space.min = 0MB (=0) (default)
2021-08-27 19:20:59,305 [pool-264-thread-1] INFO  storage.RaftStorageDirectory (RaftStorageDirectoryImpl.java:analyzeStorage(135)) - The storage directory /home/runner/work/ozone/ozone/hadoop-ozone/integration-test/target/test-dir/MiniOzoneClusterImpl-cc6da7a1-649b-4db9-82e6-e71d50c67865/datanode-0/data/ratis/7b008c3c-c4d0-44ce-8214-0289f99eaf61 does not exist. Creating ...
2021-08-27 19:20:59,307 [pool-264-thread-1] INFO  storage.RaftStorageDirectory (RaftStorageDirectoryImpl.java:tryLock(230)) - Lock on /home/runner/work/ozone/ozone/hadoop-ozone/integration-test/target/test-dir/MiniOzoneClusterImpl-cc6da7a1-649b-4db9-82e6-e71d50c67865/datanode-0/data/ratis/7b008c3c-c4d0-44ce-8214-0289f99eaf61/in_use.lock acquired by nodename 15536@fv-az59-836
2021-08-27 19:20:59,309 [pool-264-thread-1] INFO  storage.RaftStorage (RaftStorageImpl.java:format(89)) - Storage directory /home/runner/work/ozone/ozone/hadoop-ozone/integration-test/target/test-dir/MiniOzoneClusterImpl-cc6da7a1-649b-4db9-82e6-e71d50c67865/datanode-0/data/ratis/7b008c3c-c4d0-44ce-8214-0289f99eaf61 has been successfully formatted.
2021-08-27 19:20:59,309 [pool-264-thread-1] INFO  ratis.ContainerStateMachine (ContainerStateMachine.java:loadSnapshot(224)) - group-0289F99EAF61: The snapshot info is null. Setting the last applied indexto:(t:0, i:~)
2021-08-27 19:20:59,310 [pool-264-thread-1] INFO  server.RaftServerConfigKeys (ConfUtils.java:logGet(44)) - raft.server.notification.no-leader.timeout = 300s (custom)
2021-08-27 19:20:59,310 [pool-264-thread-1] INFO  server.RaftServerConfigKeys (ConfUtils.java:logGet(44)) - raft.server.log.use.memory = false (default)
2021-08-27 19:20:59,310 [pool-264-thread-1] INFO  server.RaftServerConfigKeys (ConfUtils.java:logGet(44)) - raft.server.log.purge.gap = 1000000 (custom)
2021-08-27 19:20:59,310 [pool-264-thread-1] INFO  server.RaftServerConfigKeys (ConfUtils.java:logGet(44)) - raft.server.log.appender.buffer.byte-limit = 33554432 (custom)
2021-08-27 19:20:59,310 [pool-264-thread-1] INFO  server.RaftServerConfigKeys (ConfUtils.java:logGet(44)) - raft.server.log.segment.size.max = 1048576 (custom)
2021-08-27 19:20:59,311 [pool-264-thread-1] INFO  server.RaftServerConfigKeys (ConfUtils.java:logGet(44)) - raft.server.log.segment.cache.num.max = 2 (custom)
2021-08-27 19:20:59,311 [pool-264-thread-1] INFO  server.RaftServerConfigKeys (ConfUtils.java:logGet(44)) - raft.server.log.segment.cache.size.max = 200MB (=209715200) (default)
2021-08-27 19:20:59,311 [pool-264-thread-1] INFO  segmented.SegmentedRaftLogWorker (SegmentedRaftLogWorker.java:<init>(182)) - new 7114ee9f-b20c-4a85-b13e-c38a422a401d@group-0289F99EAF61-SegmentedRaftLogWorker for RaftStorageImpl:Storage Directory /home/runner/work/ozone/ozone/hadoop-ozone/integration-test/target/test-dir/MiniOzoneClusterImpl-cc6da7a1-649b-4db9-82e6-e71d50c67865/datanode-0/data/ratis/7b008c3c-c4d0-44ce-8214-0289f99eaf61
2021-08-27 19:20:59,311 [EventQueue-OpenPipelineForHealthyPipelineSafeModeRule] INFO  safemode.SCMSafeModeManager (HealthyPipelineSafeModeRule.java:process(124)) - SCM in safe mode. Healthy pipelines reported count is 0, required healthy pipeline reported count is 1
2021-08-27 19:20:59,311 [pool-264-thread-1] INFO  server.RaftServerConfigKeys (ConfUtils.java:logGet(44)) - raft.server.log.queue.byte-limit = 2147483647 (custom)
2021-08-27 19:20:59,311 [pool-264-thread-1] INFO  server.RaftServerConfigKeys (ConfUtils.java:logGet(44)) - raft.server.log.queue.element-limit = 1024 (custom)
2021-08-27 19:20:59,312 [EventQueue-OpenPipelineForHealthyPipelineSafeModeRule] INFO  safemode.SCMSafeModeManager (HealthyPipelineSafeModeRule.java:process(124)) - SCM in safe mode. Healthy pipelines reported count is 0, required healthy pipeline reported count is 1
2021-08-27 19:20:59,312 [pool-264-thread-1] INFO  server.RaftServerConfigKeys (ConfUtils.java:logGet(44)) - raft.server.log.segment.size.max = 1048576 (custom)
2021-08-27 19:20:59,312 [pool-264-thread-1] INFO  server.RaftServerConfigKeys (ConfUtils.java:logGet(44)) - raft.server.log.preallocated.size = 16384 (custom)
2021-08-27 19:20:59,312 [pool-264-thread-1] INFO  server.RaftServerConfigKeys (ConfUtils.java:logGet(44)) - raft.server.log.force.sync.num = 128 (default)
2021-08-27 19:20:59,312 [pool-264-thread-1] INFO  server.RaftServerConfigKeys (ConfUtils.java:logGet(44)) - raft.server.log.statemachine.data.sync = true (default)
2021-08-27 19:20:59,312 [pool-264-thread-1] INFO  server.RaftServerConfigKeys (ConfUtils.java:logGet(44)) - raft.server.log.statemachine.data.sync.timeout = 10s (default)
2021-08-27 19:20:59,312 [pool-264-thread-1] INFO  server.RaftServerConfigKeys (ConfUtils.java:logGet(44)) - raft.server.log.statemachine.data.sync.timeout.retry = -1 (default)
2021-08-27 19:20:59,313 [pool-264-thread-1] INFO  server.RaftServerConfigKeys (ConfUtils.java:logGet(44)) - raft.server.log.write.buffer.size = 1048576 (custom)
2021-08-27 19:20:59,325 [pool-264-thread-1] INFO  server.RaftServerConfigKeys (ConfUtils.java:logGet(44)) - raft.server.log.statemachine.data.caching.enabled = true (custom)
2021-08-27 19:20:59,325 [pool-264-thread-1] INFO  segmented.SegmentedRaftLogWorker (SegmentedRaftLogWorker.java:lambda$new$0(133)) - 7114ee9f-b20c-4a85-b13e-c38a422a401d@group-0289F99EAF61-SegmentedRaftLogWorker: flushIndex: setUnconditionally 0 -> -1
2021-08-27 19:20:59,325 [pool-264-thread-1] INFO  segmented.SegmentedRaftLogWorker (SegmentedRaftLogWorker.java:lambda$new$0(133)) - 7114ee9f-b20c-4a85-b13e-c38a422a401d@group-0289F99EAF61-SegmentedRaftLogWorker: safeCacheEvictIndex: setUnconditionally 0 -> -1
2021-08-27 19:20:59,335 [pool-264-thread-1] INFO  server.RaftServerConfigKeys (ConfUtils.java:logGet(44)) - raft.server.snapshot.auto.trigger.enabled = true (custom)
2021-08-27 19:20:59,335 [pool-264-thread-1] INFO  server.RaftServerConfigKeys (ConfUtils.java:logGet(44)) - raft.server.snapshot.auto.trigger.threshold = 10000 (custom)
2021-08-27 19:20:59,335 [pool-264-thread-1] INFO  server.RaftServerConfigKeys (ConfUtils.java:logGet(44)) - raft.server.snapshot.retention.file.num = 5 (custom)
2021-08-27 19:20:59,335 [pool-264-thread-1] INFO  server.RaftServerConfigKeys (ConfUtils.java:logGet(44)) - raft.server.log.purge.upto.snapshot.index = false (default)
2021-08-27 19:20:59,335 [pool-264-thread-1] INFO  server.RaftServerConfigKeys (ConfUtils.java:logGet(44)) - raft.server.retrycache.expirytime = 600000ms (custom)
2021-08-27 19:20:59,335 [pool-264-thread-1] INFO  server.RaftServerConfigKeys (ConfUtils.java:logGet(44)) - raft.server.retrycache.statistics.expirytime = 100μs (default)
2021-08-27 19:20:59,337 [pool-264-thread-1] INFO  server.RaftServer$Division (RaftServerImpl.java:start(296)) - 7114ee9f-b20c-4a85-b13e-c38a422a401d@group-0289F99EAF61: start as a follower, conf=-1: [879cfcac-0f36-4f91-b8b3-e9d7e01f977d|rpc:127.0.0.1:32853|priority:1, 7114ee9f-b20c-4a85-b13e-c38a422a401d|rpc:127.0.0.1:33505|priority:0, 73f911ca-52fc-4abb-a332-7dbce6ccb501|rpc:127.0.0.1:36141|priority:0], old=null
2021-08-27 19:20:59,337 [pool-264-thread-1] INFO  server.RaftServer$Division (RaftServerImpl.java:setRole(285)) - 7114ee9f-b20c-4a85-b13e-c38a422a401d@group-0289F99EAF61: changes role from      null to FOLLOWER at term 0 for startAsFollower
2021-08-27 19:20:59,337 [pool-264-thread-1] INFO  impl.RoleInfo (RoleInfo.java:updateAndGet(130)) - 7114ee9f-b20c-4a85-b13e-c38a422a401d: start 7114ee9f-b20c-4a85-b13e-c38a422a401d@group-0289F99EAF61-FollowerState
2021-08-27 19:20:59,347 [pool-264-thread-1] INFO  util.JmxRegister (JmxRegister.java:tryRegister(44)) - Successfully registered JMX Bean with object name Ratis:service=RaftServer,group=group-0289F99EAF61,id=7114ee9f-b20c-4a85-b13e-c38a422a401d
2021-08-27 19:20:59,362 [Command processor thread] INFO  ratis.XceiverServerRatis (XceiverServerRatis.java:addGroup(763)) - Created group PipelineID=7b008c3c-c4d0-44ce-8214-0289f99eaf61
2021-08-27 19:20:59,368 [grpc-default-executor-0] INFO  server.RaftServer (RaftServerProxy.java:addNew(95)) - 73f911ca-52fc-4abb-a332-7dbce6ccb501: addNew group-0289F99EAF61:[879cfcac-0f36-4f91-b8b3-e9d7e01f977d|rpc:127.0.0.1:32853|dataStream:|priority:1, 7114ee9f-b20c-4a85-b13e-c38a422a401d|rpc:127.0.0.1:33505|dataStream:|priority:0, 73f911ca-52fc-4abb-a332-7dbce6ccb501|rpc:127.0.0.1:36141|dataStream:|priority:0] returns group-0289F99EAF61:java.util.concurrent.CompletableFuture@696bfd81[Not completed]
2021-08-27 19:20:59,368 [pool-306-thread-1] INFO  server.RaftServer$Division (RaftServerImpl.java:<init>(181)) - 73f911ca-52fc-4abb-a332-7dbce6ccb501: new RaftServerImpl for group-0289F99EAF61:[879cfcac-0f36-4f91-b8b3-e9d7e01f977d|rpc:127.0.0.1:32853|dataStream:|priority:1, 7114ee9f-b20c-4a85-b13e-c38a422a401d|rpc:127.0.0.1:33505|dataStream:|priority:0, 73f911ca-52fc-4abb-a332-7dbce6ccb501|rpc:127.0.0.1:36141|dataStream:|priority:0] with ContainerStateMachine:uninitialized
2021-08-27 19:20:59,368 [pool-306-thread-1] INFO  server.RaftServerConfigKeys (ConfUtils.java:logGet(44)) - raft.server.rpc.timeout.min = 5s (custom)
2021-08-27 19:20:59,368 [pool-306-thread-1] INFO  server.RaftServerConfigKeys (ConfUtils.java:logGet(44)) - raft.server.rpc.timeout.max = 5200ms (custom)
2021-08-27 19:20:59,368 [pool-306-thread-1] INFO  server.RaftServerConfigKeys (ConfUtils.java:logGet(44)) - raft.server.rpc.sleep.time = 25ms (default)
2021-08-27 19:20:59,369 [pool-306-thread-1] INFO  server.RaftServerConfigKeys (ConfUtils.java:logGet(44)) - raft.server.rpc.slowness.timeout = 300s (custom)
2021-08-27 19:20:59,369 [pool-306-thread-1] INFO  server.RaftServerConfigKeys (ConfUtils.java:logGet(44)) - raft.server.leaderelection.leader.step-down.wait-time = 10s (default)
2021-08-27 19:20:59,369 [pool-306-thread-1] INFO  server.RaftServerConfigKeys (ConfUtils.java:logGet(44)) - raft.server.sleep.deviation.threshold = 300ms (default)
2021-08-27 19:20:59,369 [pool-306-thread-1] INFO  server.RaftServerConfigKeys (ConfUtils.java:logGet(44)) - raft.server.log.appender.install.snapshot.enabled = false (custom)
2021-08-27 19:20:59,369 [pool-306-thread-1] INFO  server.RaftServer$Division (ServerState.java:<init>(105)) - 73f911ca-52fc-4abb-a332-7dbce6ccb501@group-0289F99EAF61: ConfigurationManager, init=-1: [879cfcac-0f36-4f91-b8b3-e9d7e01f977d|rpc:127.0.0.1:32853|dataStream:|priority:1, 7114ee9f-b20c-4a85-b13e-c38a422a401d|rpc:127.0.0.1:33505|dataStream:|priority:0, 73f911ca-52fc-4abb-a332-7dbce6ccb501|rpc:127.0.0.1:36141|dataStream:|priority:0], old=null, confs=<EMPTY_MAP>
2021-08-27 19:20:59,369 [pool-306-thread-1] INFO  server.RaftServerConfigKeys (ConfUtils.java:logGet(44)) - raft.server.storage.dir = [/home/runner/work/ozone/ozone/hadoop-ozone/integration-test/target/test-dir/MiniOzoneClusterImpl-cc6da7a1-649b-4db9-82e6-e71d50c67865/datanode-2/data/ratis] (custom)
2021-08-27 19:20:59,369 [pool-306-thread-1] INFO  server.RaftServerConfigKeys (ConfUtils.java:logGet(44)) - raft.server.log.corruption.policy = EXCEPTION (default)
2021-08-27 19:20:59,369 [pool-306-thread-1] INFO  server.RaftServerConfigKeys (ConfUtils.java:logGet(44)) - raft.server.storage.free-space.min = 0MB (=0) (default)
2021-08-27 19:20:59,369 [pool-306-thread-1] INFO  storage.RaftStorageDirectory (RaftStorageDirectoryImpl.java:analyzeStorage(135)) - The storage directory /home/runner/work/ozone/ozone/hadoop-ozone/integration-test/target/test-dir/MiniOzoneClusterImpl-cc6da7a1-649b-4db9-82e6-e71d50c67865/datanode-2/data/ratis/7b008c3c-c4d0-44ce-8214-0289f99eaf61 does not exist. Creating ...
2021-08-27 19:20:59,370 [pool-306-thread-1] INFO  storage.RaftStorageDirectory (RaftStorageDirectoryImpl.java:tryLock(230)) - Lock on /home/runner/work/ozone/ozone/hadoop-ozone/integration-test/target/test-dir/MiniOzoneClusterImpl-cc6da7a1-649b-4db9-82e6-e71d50c67865/datanode-2/data/ratis/7b008c3c-c4d0-44ce-8214-0289f99eaf61/in_use.lock acquired by nodename 15536@fv-az59-836
2021-08-27 19:20:59,371 [pool-306-thread-1] INFO  storage.RaftStorage (RaftStorageImpl.java:format(89)) - Storage directory /home/runner/work/ozone/ozone/hadoop-ozone/integration-test/target/test-dir/MiniOzoneClusterImpl-cc6da7a1-649b-4db9-82e6-e71d50c67865/datanode-2/data/ratis/7b008c3c-c4d0-44ce-8214-0289f99eaf61 has been successfully formatted.
2021-08-27 19:20:59,374 [pool-306-thread-1] INFO  ratis.ContainerStateMachine (ContainerStateMachine.java:loadSnapshot(224)) - group-0289F99EAF61: The snapshot info is null. Setting the last applied indexto:(t:0, i:~)
2021-08-27 19:20:59,374 [pool-306-thread-1] INFO  server.RaftServerConfigKeys (ConfUtils.java:logGet(44)) - raft.server.notification.no-leader.timeout = 300s (custom)
2021-08-27 19:20:59,374 [pool-306-thread-1] INFO  server.RaftServerConfigKeys (ConfUtils.java:logGet(44)) - raft.server.log.use.memory = false (default)
2021-08-27 19:20:59,374 [pool-306-thread-1] INFO  server.RaftServerConfigKeys (ConfUtils.java:logGet(44)) - raft.server.log.purge.gap = 1000000 (custom)
2021-08-27 19:20:59,374 [pool-306-thread-1] INFO  server.RaftServerConfigKeys (ConfUtils.java:logGet(44)) - raft.server.log.appender.buffer.byte-limit = 33554432 (custom)
2021-08-27 19:20:59,374 [pool-306-thread-1] INFO  server.RaftServerConfigKeys (ConfUtils.java:logGet(44)) - raft.server.log.segment.size.max = 1048576 (custom)
2021-08-27 19:20:59,375 [pool-306-thread-1] INFO  server.RaftServerConfigKeys (ConfUtils.java:logGet(44)) - raft.server.log.segment.cache.num.max = 2 (custom)
2021-08-27 19:20:59,377 [pool-306-thread-1] INFO  server.RaftServerConfigKeys (ConfUtils.java:logGet(44)) - raft.server.log.segment.cache.size.max = 200MB (=209715200) (default)
2021-08-27 19:20:59,377 [pool-306-thread-1] INFO  segmented.SegmentedRaftLogWorker (SegmentedRaftLogWorker.java:<init>(182)) - new 73f911ca-52fc-4abb-a332-7dbce6ccb501@group-0289F99EAF61-SegmentedRaftLogWorker for RaftStorageImpl:Storage Directory /home/runner/work/ozone/ozone/hadoop-ozone/integration-test/target/test-dir/MiniOzoneClusterImpl-cc6da7a1-649b-4db9-82e6-e71d50c67865/datanode-2/data/ratis/7b008c3c-c4d0-44ce-8214-0289f99eaf61
2021-08-27 19:20:59,378 [pool-306-thread-1] INFO  server.RaftServerConfigKeys (ConfUtils.java:logGet(44)) - raft.server.log.queue.byte-limit = 2147483647 (custom)
2021-08-27 19:20:59,378 [pool-306-thread-1] INFO  server.RaftServerConfigKeys (ConfUtils.java:logGet(44)) - raft.server.log.queue.element-limit = 1024 (custom)
2021-08-27 19:20:59,378 [pool-306-thread-1] INFO  server.RaftServerConfigKeys (ConfUtils.java:logGet(44)) - raft.server.log.segment.size.max = 1048576 (custom)
2021-08-27 19:20:59,378 [pool-306-thread-1] INFO  server.RaftServerConfigKeys (ConfUtils.java:logGet(44)) - raft.server.log.preallocated.size = 16384 (custom)
2021-08-27 19:20:59,378 [pool-306-thread-1] INFO  server.RaftServerConfigKeys (ConfUtils.java:logGet(44)) - raft.server.log.force.sync.num = 128 (default)
2021-08-27 19:20:59,378 [pool-306-thread-1] INFO  server.RaftServerConfigKeys (ConfUtils.java:logGet(44)) - raft.server.log.statemachine.data.sync = true (default)
2021-08-27 19:20:59,378 [pool-306-thread-1] INFO  server.RaftServerConfigKeys (ConfUtils.java:logGet(44)) - raft.server.log.statemachine.data.sync.timeout = 10s (default)
2021-08-27 19:20:59,378 [pool-306-thread-1] INFO  server.RaftServerConfigKeys (ConfUtils.java:logGet(44)) - raft.server.log.statemachine.data.sync.timeout.retry = -1 (default)
2021-08-27 19:20:59,379 [pool-306-thread-1] INFO  server.RaftServerConfigKeys (ConfUtils.java:logGet(44)) - raft.server.log.write.buffer.size = 1048576 (custom)
2021-08-27 19:20:59,380 [pool-306-thread-1] INFO  server.RaftServerConfigKeys (ConfUtils.java:logGet(44)) - raft.server.log.statemachine.data.caching.enabled = true (custom)
2021-08-27 19:20:59,381 [pool-306-thread-1] INFO  segmented.SegmentedRaftLogWorker (SegmentedRaftLogWorker.java:lambda$new$0(133)) - 73f911ca-52fc-4abb-a332-7dbce6ccb501@group-0289F99EAF61-SegmentedRaftLogWorker: flushIndex: setUnconditionally 0 -> -1
2021-08-27 19:20:59,381 [pool-306-thread-1] INFO  segmented.SegmentedRaftLogWorker (SegmentedRaftLogWorker.java:lambda$new$0(133)) - 73f911ca-52fc-4abb-a332-7dbce6ccb501@group-0289F99EAF61-SegmentedRaftLogWorker: safeCacheEvictIndex: setUnconditionally 0 -> -1
2021-08-27 19:20:59,387 [pool-306-thread-1] INFO  server.RaftServerConfigKeys (ConfUtils.java:logGet(44)) - raft.server.snapshot.auto.trigger.enabled = true (custom)
2021-08-27 19:20:59,387 [pool-306-thread-1] INFO  server.RaftServerConfigKeys (ConfUtils.java:logGet(44)) - raft.server.snapshot.auto.trigger.threshold = 10000 (custom)
2021-08-27 19:20:59,387 [pool-306-thread-1] INFO  server.RaftServerConfigKeys (ConfUtils.java:logGet(44)) - raft.server.snapshot.retention.file.num = 5 (custom)
2021-08-27 19:20:59,387 [pool-306-thread-1] INFO  server.RaftServerConfigKeys (ConfUtils.java:logGet(44)) - raft.server.log.purge.upto.snapshot.index = false (default)
2021-08-27 19:20:59,387 [pool-306-thread-1] INFO  server.RaftServerConfigKeys (ConfUtils.java:logGet(44)) - raft.server.retrycache.expirytime = 600000ms (custom)
2021-08-27 19:20:59,387 [pool-306-thread-1] INFO  server.RaftServerConfigKeys (ConfUtils.java:logGet(44)) - raft.server.retrycache.statistics.expirytime = 100μs (default)
2021-08-27 19:20:59,388 [pool-306-thread-1] INFO  server.RaftServer$Division (RaftServerImpl.java:start(296)) - 73f911ca-52fc-4abb-a332-7dbce6ccb501@group-0289F99EAF61: start as a follower, conf=-1: [879cfcac-0f36-4f91-b8b3-e9d7e01f977d|rpc:127.0.0.1:32853|dataStream:|priority:1, 7114ee9f-b20c-4a85-b13e-c38a422a401d|rpc:127.0.0.1:33505|dataStream:|priority:0, 73f911ca-52fc-4abb-a332-7dbce6ccb501|rpc:127.0.0.1:36141|dataStream:|priority:0], old=null
2021-08-27 19:20:59,388 [pool-306-thread-1] INFO  server.RaftServer$Division (RaftServerImpl.java:setRole(285)) - 73f911ca-52fc-4abb-a332-7dbce6ccb501@group-0289F99EAF61: changes role from      null to FOLLOWER at term 0 for startAsFollower
2021-08-27 19:20:59,388 [pool-306-thread-1] INFO  impl.RoleInfo (RoleInfo.java:updateAndGet(130)) - 73f911ca-52fc-4abb-a332-7dbce6ccb501: start 73f911ca-52fc-4abb-a332-7dbce6ccb501@group-0289F99EAF61-FollowerState
2021-08-27 19:20:59,389 [pool-306-thread-1] INFO  util.JmxRegister (JmxRegister.java:tryRegister(44)) - Successfully registered JMX Bean with object name Ratis:service=RaftServer,group=group-0289F99EAF61,id=73f911ca-52fc-4abb-a332-7dbce6ccb501
2021-08-27 19:20:59,441 [grpc-default-executor-0] INFO  server.RaftServer (RaftServerProxy.java:addNew(95)) - 879cfcac-0f36-4f91-b8b3-e9d7e01f977d: addNew group-0289F99EAF61:[879cfcac-0f36-4f91-b8b3-e9d7e01f977d|rpc:127.0.0.1:32853|dataStream:|priority:1, 7114ee9f-b20c-4a85-b13e-c38a422a401d|rpc:127.0.0.1:33505|dataStream:|priority:0, 73f911ca-52fc-4abb-a332-7dbce6ccb501|rpc:127.0.0.1:36141|dataStream:|priority:0] returns group-0289F99EAF61:java.util.concurrent.CompletableFuture@4cfe5128[Not completed]
2021-08-27 19:20:59,442 [pool-285-thread-1] INFO  server.RaftServer$Division (RaftServerImpl.java:<init>(181)) - 879cfcac-0f36-4f91-b8b3-e9d7e01f977d: new RaftServerImpl for group-0289F99EAF61:[879cfcac-0f36-4f91-b8b3-e9d7e01f977d|rpc:127.0.0.1:32853|dataStream:|priority:1, 7114ee9f-b20c-4a85-b13e-c38a422a401d|rpc:127.0.0.1:33505|dataStream:|priority:0, 73f911ca-52fc-4abb-a332-7dbce6ccb501|rpc:127.0.0.1:36141|dataStream:|priority:0] with ContainerStateMachine:uninitialized
2021-08-27 19:20:59,442 [pool-285-thread-1] INFO  server.RaftServerConfigKeys (ConfUtils.java:logGet(44)) - raft.server.rpc.timeout.min = 5s (custom)
2021-08-27 19:20:59,442 [pool-285-thread-1] INFO  server.RaftServerConfigKeys (ConfUtils.java:logGet(44)) - raft.server.rpc.timeout.max = 5200ms (custom)
2021-08-27 19:20:59,442 [pool-285-thread-1] INFO  server.RaftServerConfigKeys (ConfUtils.java:logGet(44)) - raft.server.rpc.sleep.time = 25ms (default)
2021-08-27 19:20:59,442 [pool-285-thread-1] INFO  server.RaftServerConfigKeys (ConfUtils.java:logGet(44)) - raft.server.rpc.slowness.timeout = 300s (custom)
2021-08-27 19:20:59,442 [pool-285-thread-1] INFO  server.RaftServerConfigKeys (ConfUtils.java:logGet(44)) - raft.server.leaderelection.leader.step-down.wait-time = 10s (default)
2021-08-27 19:20:59,442 [pool-285-thread-1] INFO  server.RaftServerConfigKeys (ConfUtils.java:logGet(44)) - raft.server.sleep.deviation.threshold = 300ms (default)
2021-08-27 19:20:59,442 [pool-285-thread-1] INFO  server.RaftServerConfigKeys (ConfUtils.java:logGet(44)) - raft.server.log.appender.install.snapshot.enabled = false (custom)
2021-08-27 19:20:59,442 [pool-285-thread-1] INFO  server.RaftServer$Division (ServerState.java:<init>(105)) - 879cfcac-0f36-4f91-b8b3-e9d7e01f977d@group-0289F99EAF61: ConfigurationManager, init=-1: [879cfcac-0f36-4f91-b8b3-e9d7e01f977d|rpc:127.0.0.1:32853|dataStream:|priority:1, 7114ee9f-b20c-4a85-b13e-c38a422a401d|rpc:127.0.0.1:33505|dataStream:|priority:0, 73f911ca-52fc-4abb-a332-7dbce6ccb501|rpc:127.0.0.1:36141|dataStream:|priority:0], old=null, confs=<EMPTY_MAP>
2021-08-27 19:20:59,442 [pool-285-thread-1] INFO  server.RaftServerConfigKeys (ConfUtils.java:logGet(44)) - raft.server.storage.dir = [/home/runner/work/ozone/ozone/hadoop-ozone/integration-test/target/test-dir/MiniOzoneClusterImpl-cc6da7a1-649b-4db9-82e6-e71d50c67865/datanode-1/data/ratis] (custom)
2021-08-27 19:20:59,442 [pool-285-thread-1] INFO  server.RaftServerConfigKeys (ConfUtils.java:logGet(44)) - raft.server.log.corruption.policy = EXCEPTION (default)
2021-08-27 19:20:59,442 [pool-285-thread-1] INFO  server.RaftServerConfigKeys (ConfUtils.java:logGet(44)) - raft.server.storage.free-space.min = 0MB (=0) (default)
2021-08-27 19:20:59,443 [pool-285-thread-1] INFO  storage.RaftStorageDirectory (RaftStorageDirectoryImpl.java:analyzeStorage(135)) - The storage directory /home/runner/work/ozone/ozone/hadoop-ozone/integration-test/target/test-dir/MiniOzoneClusterImpl-cc6da7a1-649b-4db9-82e6-e71d50c67865/datanode-1/data/ratis/7b008c3c-c4d0-44ce-8214-0289f99eaf61 does not exist. Creating ...
2021-08-27 19:20:59,443 [pool-285-thread-1] INFO  storage.RaftStorageDirectory (RaftStorageDirectoryImpl.java:tryLock(230)) - Lock on /home/runner/work/ozone/ozone/hadoop-ozone/integration-test/target/test-dir/MiniOzoneClusterImpl-cc6da7a1-649b-4db9-82e6-e71d50c67865/datanode-1/data/ratis/7b008c3c-c4d0-44ce-8214-0289f99eaf61/in_use.lock acquired by nodename 15536@fv-az59-836
2021-08-27 19:20:59,445 [pool-285-thread-1] INFO  storage.RaftStorage (RaftStorageImpl.java:format(89)) - Storage directory /home/runner/work/ozone/ozone/hadoop-ozone/integration-test/target/test-dir/MiniOzoneClusterImpl-cc6da7a1-649b-4db9-82e6-e71d50c67865/datanode-1/data/ratis/7b008c3c-c4d0-44ce-8214-0289f99eaf61 has been successfully formatted.
2021-08-27 19:20:59,448 [pool-285-thread-1] INFO  ratis.ContainerStateMachine (ContainerStateMachine.java:loadSnapshot(224)) - group-0289F99EAF61: The snapshot info is null. Setting the last applied indexto:(t:0, i:~)
2021-08-27 19:20:59,448 [pool-285-thread-1] INFO  server.RaftServerConfigKeys (ConfUtils.java:logGet(44)) - raft.server.notification.no-leader.timeout = 300s (custom)
2021-08-27 19:20:59,448 [pool-285-thread-1] INFO  server.RaftServerConfigKeys (ConfUtils.java:logGet(44)) - raft.server.log.use.memory = false (default)
2021-08-27 19:20:59,448 [pool-285-thread-1] INFO  server.RaftServerConfigKeys (ConfUtils.java:logGet(44)) - raft.server.log.purge.gap = 1000000 (custom)
2021-08-27 19:20:59,448 [pool-285-thread-1] INFO  server.RaftServerConfigKeys (ConfUtils.java:logGet(44)) - raft.server.log.appender.buffer.byte-limit = 33554432 (custom)
2021-08-27 19:20:59,448 [pool-285-thread-1] INFO  server.RaftServerConfigKeys (ConfUtils.java:logGet(44)) - raft.server.log.segment.size.max = 1048576 (custom)
2021-08-27 19:20:59,448 [pool-285-thread-1] INFO  server.RaftServerConfigKeys (ConfUtils.java:logGet(44)) - raft.server.log.segment.cache.num.max = 2 (custom)
2021-08-27 19:20:59,449 [pool-285-thread-1] INFO  server.RaftServerConfigKeys (ConfUtils.java:logGet(44)) - raft.server.log.segment.cache.size.max = 200MB (=209715200) (default)
2021-08-27 19:20:59,449 [pool-285-thread-1] INFO  segmented.SegmentedRaftLogWorker (SegmentedRaftLogWorker.java:<init>(182)) - new 879cfcac-0f36-4f91-b8b3-e9d7e01f977d@group-0289F99EAF61-SegmentedRaftLogWorker for RaftStorageImpl:Storage Directory /home/runner/work/ozone/ozone/hadoop-ozone/integration-test/target/test-dir/MiniOzoneClusterImpl-cc6da7a1-649b-4db9-82e6-e71d50c67865/datanode-1/data/ratis/7b008c3c-c4d0-44ce-8214-0289f99eaf61
2021-08-27 19:20:59,449 [pool-285-thread-1] INFO  server.RaftServerConfigKeys (ConfUtils.java:logGet(44)) - raft.server.log.queue.byte-limit = 2147483647 (custom)
2021-08-27 19:20:59,449 [pool-285-thread-1] INFO  server.RaftServerConfigKeys (ConfUtils.java:logGet(44)) - raft.server.log.queue.element-limit = 1024 (custom)
2021-08-27 19:20:59,449 [pool-285-thread-1] INFO  server.RaftServerConfigKeys (ConfUtils.java:logGet(44)) - raft.server.log.segment.size.max = 1048576 (custom)
2021-08-27 19:20:59,449 [pool-285-thread-1] INFO  server.RaftServerConfigKeys (ConfUtils.java:logGet(44)) - raft.server.log.preallocated.size = 16384 (custom)
2021-08-27 19:20:59,449 [pool-285-thread-1] INFO  server.RaftServerConfigKeys (ConfUtils.java:logGet(44)) - raft.server.log.force.sync.num = 128 (default)
2021-08-27 19:20:59,449 [pool-285-thread-1] INFO  server.RaftServerConfigKeys (ConfUtils.java:logGet(44)) - raft.server.log.statemachine.data.sync = true (default)
2021-08-27 19:20:59,449 [pool-285-thread-1] INFO  server.RaftServerConfigKeys (ConfUtils.java:logGet(44)) - raft.server.log.statemachine.data.sync.timeout = 10s (default)
2021-08-27 19:20:59,449 [pool-285-thread-1] INFO  server.RaftServerConfigKeys (ConfUtils.java:logGet(44)) - raft.server.log.statemachine.data.sync.timeout.retry = -1 (default)
2021-08-27 19:20:59,450 [pool-285-thread-1] INFO  server.RaftServerConfigKeys (ConfUtils.java:logGet(44)) - raft.server.log.write.buffer.size = 1048576 (custom)
2021-08-27 19:20:59,451 [pool-285-thread-1] INFO  server.RaftServerConfigKeys (ConfUtils.java:logGet(44)) - raft.server.log.statemachine.data.caching.enabled = true (custom)
2021-08-27 19:20:59,451 [pool-285-thread-1] INFO  segmented.SegmentedRaftLogWorker (SegmentedRaftLogWorker.java:lambda$new$0(133)) - 879cfcac-0f36-4f91-b8b3-e9d7e01f977d@group-0289F99EAF61-SegmentedRaftLogWorker: flushIndex: setUnconditionally 0 -> -1
2021-08-27 19:20:59,451 [pool-285-thread-1] INFO  segmented.SegmentedRaftLogWorker (SegmentedRaftLogWorker.java:lambda$new$0(133)) - 879cfcac-0f36-4f91-b8b3-e9d7e01f977d@group-0289F99EAF61-SegmentedRaftLogWorker: safeCacheEvictIndex: setUnconditionally 0 -> -1
2021-08-27 19:20:59,455 [pool-285-thread-1] INFO  server.RaftServerConfigKeys (ConfUtils.java:logGet(44)) - raft.server.snapshot.auto.trigger.enabled = true (custom)
2021-08-27 19:20:59,455 [pool-285-thread-1] INFO  server.RaftServerConfigKeys (ConfUtils.java:logGet(44)) - raft.server.snapshot.auto.trigger.threshold = 10000 (custom)
2021-08-27 19:20:59,455 [pool-285-thread-1] INFO  server.RaftServerConfigKeys (ConfUtils.java:logGet(44)) - raft.server.snapshot.retention.file.num = 5 (custom)
2021-08-27 19:20:59,456 [pool-285-thread-1] INFO  server.RaftServerConfigKeys (ConfUtils.java:logGet(44)) - raft.server.log.purge.upto.snapshot.index = false (default)
2021-08-27 19:20:59,456 [pool-285-thread-1] INFO  server.RaftServerConfigKeys (ConfUtils.java:logGet(44)) - raft.server.retrycache.expirytime = 600000ms (custom)
2021-08-27 19:20:59,456 [pool-285-thread-1] INFO  server.RaftServerConfigKeys (ConfUtils.java:logGet(44)) - raft.server.retrycache.statistics.expirytime = 100μs (default)
2021-08-27 19:20:59,457 [pool-285-thread-1] INFO  server.RaftServer$Division (RaftServerImpl.java:start(296)) - 879cfcac-0f36-4f91-b8b3-e9d7e01f977d@group-0289F99EAF61: start as a follower, conf=-1: [879cfcac-0f36-4f91-b8b3-e9d7e01f977d|rpc:127.0.0.1:32853|dataStream:|priority:1, 7114ee9f-b20c-4a85-b13e-c38a422a401d|rpc:127.0.0.1:33505|dataStream:|priority:0, 73f911ca-52fc-4abb-a332-7dbce6ccb501|rpc:127.0.0.1:36141|dataStream:|priority:0], old=null
2021-08-27 19:20:59,457 [pool-285-thread-1] INFO  server.RaftServer$Division (RaftServerImpl.java:setRole(285)) - 879cfcac-0f36-4f91-b8b3-e9d7e01f977d@group-0289F99EAF61: changes role from      null to FOLLOWER at term 0 for startAsFollower
2021-08-27 19:20:59,457 [pool-285-thread-1] INFO  impl.RoleInfo (RoleInfo.java:updateAndGet(130)) - 879cfcac-0f36-4f91-b8b3-e9d7e01f977d: start 879cfcac-0f36-4f91-b8b3-e9d7e01f977d@group-0289F99EAF61-FollowerState
2021-08-27 19:20:59,459 [pool-285-thread-1] INFO  util.JmxRegister (JmxRegister.java:tryRegister(44)) - Successfully registered JMX Bean with object name Ratis:service=RaftServer,group=group-0289F99EAF61,id=879cfcac-0f36-4f91-b8b3-e9d7e01f977d
2021-08-27 19:20:59,482 [Command processor thread] INFO  commandhandler.CreatePipelineCommandHandler (CreatePipelineCommandHandler.java:handle(106)) - Created Pipeline RATIS THREE PipelineID=7b008c3c-c4d0-44ce-8214-0289f99eaf61.
2021-08-27 19:20:59,497 [EndpointStateMachine task thread for /127.0.0.1:14981 - 0 ] INFO  ipc.Client (Client.java:handleConnectionFailure(977)) - Retrying connect to server: localhost/127.0.0.1:14981. Already tried 7 time(s); retry policy is RetryUpToMaximumCountWithFixedSleep(maxRetries=15, sleepTime=1000 MILLISECONDS)
2021-08-27 19:20:59,498 [EndpointStateMachine task thread for /127.0.0.1:14971 - 0 ] INFO  ipc.Client (Client.java:handleConnectionFailure(977)) - Retrying connect to server: localhost/127.0.0.1:14971. Already tried 7 time(s); retry policy is RetryUpToMaximumCountWithFixedSleep(maxRetries=15, sleepTime=1000 MILLISECONDS)
2021-08-27 19:20:59,562 [Command processor thread] INFO  server.RaftServer (RaftServerProxy.java:addNew(95)) - 879cfcac-0f36-4f91-b8b3-e9d7e01f977d: addNew group-AFE32ABD61BE:[879cfcac-0f36-4f91-b8b3-e9d7e01f977d|rpc:127.0.0.1:32853|priority:1] returns group-AFE32ABD61BE:java.util.concurrent.CompletableFuture@44971a32[Not completed]
2021-08-27 19:20:59,563 [pool-285-thread-1] INFO  server.RaftServer$Division (RaftServerImpl.java:<init>(181)) - 879cfcac-0f36-4f91-b8b3-e9d7e01f977d: new RaftServerImpl for group-AFE32ABD61BE:[879cfcac-0f36-4f91-b8b3-e9d7e01f977d|rpc:127.0.0.1:32853|priority:1] with ContainerStateMachine:uninitialized
2021-08-27 19:20:59,563 [pool-285-thread-1] INFO  server.RaftServerConfigKeys (ConfUtils.java:logGet(44)) - raft.server.rpc.timeout.min = 5s (custom)
2021-08-27 19:20:59,563 [pool-285-thread-1] INFO  server.RaftServerConfigKeys (ConfUtils.java:logGet(44)) - raft.server.rpc.timeout.max = 5200ms (custom)
2021-08-27 19:20:59,563 [pool-285-thread-1] INFO  server.RaftServerConfigKeys (ConfUtils.java:logGet(44)) - raft.server.rpc.sleep.time = 25ms (default)
2021-08-27 19:20:59,563 [pool-285-thread-1] INFO  server.RaftServerConfigKeys (ConfUtils.java:logGet(44)) - raft.server.rpc.slowness.timeout = 300s (custom)
2021-08-27 19:20:59,563 [pool-285-thread-1] INFO  server.RaftServerConfigKeys (ConfUtils.java:logGet(44)) - raft.server.leaderelection.leader.step-down.wait-time = 10s (default)
2021-08-27 19:20:59,563 [pool-285-thread-1] INFO  server.RaftServerConfigKeys (ConfUtils.java:logGet(44)) - raft.server.sleep.deviation.threshold = 300ms (default)
2021-08-27 19:20:59,563 [pool-285-thread-1] INFO  server.RaftServerConfigKeys (ConfUtils.java:logGet(44)) - raft.server.log.appender.install.snapshot.enabled = false (custom)
2021-08-27 19:20:59,563 [pool-285-thread-1] INFO  server.RaftServer$Division (ServerState.java:<init>(105)) - 879cfcac-0f36-4f91-b8b3-e9d7e01f977d@group-AFE32ABD61BE: ConfigurationManager, init=-1: [879cfcac-0f36-4f91-b8b3-e9d7e01f977d|rpc:127.0.0.1:32853|priority:1], old=null, confs=<EMPTY_MAP>
2021-08-27 19:20:59,564 [pool-285-thread-1] INFO  server.RaftServerConfigKeys (ConfUtils.java:logGet(44)) - raft.server.storage.dir = [/home/runner/work/ozone/ozone/hadoop-ozone/integration-test/target/test-dir/MiniOzoneClusterImpl-cc6da7a1-649b-4db9-82e6-e71d50c67865/datanode-1/data/ratis] (custom)
2021-08-27 19:20:59,564 [pool-285-thread-1] INFO  server.RaftServerConfigKeys (ConfUtils.java:logGet(44)) - raft.server.log.corruption.policy = EXCEPTION (default)
2021-08-27 19:20:59,564 [pool-285-thread-1] INFO  server.RaftServerConfigKeys (ConfUtils.java:logGet(44)) - raft.server.storage.free-space.min = 0MB (=0) (default)
2021-08-27 19:20:59,564 [pool-285-thread-1] INFO  storage.RaftStorageDirectory (RaftStorageDirectoryImpl.java:analyzeStorage(135)) - The storage directory /home/runner/work/ozone/ozone/hadoop-ozone/integration-test/target/test-dir/MiniOzoneClusterImpl-cc6da7a1-649b-4db9-82e6-e71d50c67865/datanode-1/data/ratis/6880d572-0540-433f-8cfe-afe32abd61be does not exist. Creating ...
2021-08-27 19:20:59,567 [pool-285-thread-1] INFO  storage.RaftStorageDirectory (RaftStorageDirectoryImpl.java:tryLock(230)) - Lock on /home/runner/work/ozone/ozone/hadoop-ozone/integration-test/target/test-dir/MiniOzoneClusterImpl-cc6da7a1-649b-4db9-82e6-e71d50c67865/datanode-1/data/ratis/6880d572-0540-433f-8cfe-afe32abd61be/in_use.lock acquired by nodename 15536@fv-az59-836
2021-08-27 19:20:59,568 [pool-285-thread-1] INFO  storage.RaftStorage (RaftStorageImpl.java:format(89)) - Storage directory /home/runner/work/ozone/ozone/hadoop-ozone/integration-test/target/test-dir/MiniOzoneClusterImpl-cc6da7a1-649b-4db9-82e6-e71d50c67865/datanode-1/data/ratis/6880d572-0540-433f-8cfe-afe32abd61be has been successfully formatted.
2021-08-27 19:20:59,569 [pool-285-thread-1] INFO  ratis.ContainerStateMachine (ContainerStateMachine.java:loadSnapshot(224)) - group-AFE32ABD61BE: The snapshot info is null. Setting the last applied indexto:(t:0, i:~)
2021-08-27 19:20:59,570 [EventQueue-PipelineReportForPipelineReportHandler] INFO  pipeline.PipelineManagerImpl (PipelineManagerImpl.java:openPipeline(282)) - Pipeline Pipeline[ Id: 6880d572-0540-433f-8cfe-afe32abd61be, Nodes: 879cfcac-0f36-4f91-b8b3-e9d7e01f977d{ip: 127.0.0.1, host: localhost, ports: [REPLICATION=39011, RATIS=32853, RATIS_ADMIN=32853, RATIS_SERVER=32853, STANDALONE=42661], networkLocation: /default-rack, certSerialId: null, persistedOpState: IN_SERVICE, persistedOpStateExpiryEpochSec: 0}, ReplicationConfig: RATIS/ONE, State:ALLOCATED, leaderId:879cfcac-0f36-4f91-b8b3-e9d7e01f977d, CreationTimestamp2021-08-27T19:20:56.584Z[Etc/UTC]] moved to OPEN state
2021-08-27 19:20:59,570 [EventQueue-PipelineReportForPipelineReportHandler] INFO  pipeline.PipelineManagerImpl (PipelineManagerImpl.java:openPipeline(282)) - Pipeline Pipeline[ Id: 6880d572-0540-433f-8cfe-afe32abd61be, Nodes: 879cfcac-0f36-4f91-b8b3-e9d7e01f977d{ip: 127.0.0.1, host: localhost, ports: [REPLICATION=39011, RATIS=32853, RATIS_ADMIN=32853, RATIS_SERVER=32853, STANDALONE=42661], networkLocation: /default-rack, certSerialId: null, persistedOpState: IN_SERVICE, persistedOpStateExpiryEpochSec: 0}, ReplicationConfig: RATIS/ONE, State:ALLOCATED, leaderId:879cfcac-0f36-4f91-b8b3-e9d7e01f977d, CreationTimestamp2021-08-27T19:20:56.584Z[Etc/UTC]] moved to OPEN state
2021-08-27 19:20:59,573 [EventQueue-PipelineReportForPipelineReportHandler] INFO  ha.SCMHAInvocationHandler (SCMHAInvocationHandler.java:invokeRatis(113)) - Invoking method public abstract void org.apache.hadoop.hdds.scm.pipeline.StateManager.updatePipelineState(org.apache.hadoop.hdds.protocol.proto.HddsProtos$PipelineID,org.apache.hadoop.hdds.protocol.proto.HddsProtos$PipelineState) throws java.io.IOException on target org.apache.hadoop.hdds.scm.ha.SCMRatisServerImpl@1e8e9ec5, cost 200.613us
2021-08-27 19:20:59,573 [pool-285-thread-1] INFO  server.RaftServerConfigKeys (ConfUtils.java:logGet(44)) - raft.server.notification.no-leader.timeout = 300s (custom)
2021-08-27 19:20:59,573 [pool-285-thread-1] INFO  server.RaftServerConfigKeys (ConfUtils.java:logGet(44)) - raft.server.log.use.memory = false (default)
2021-08-27 19:20:59,573 [pool-285-thread-1] INFO  server.RaftServerConfigKeys (ConfUtils.java:logGet(44)) - raft.server.log.purge.gap = 1000000 (custom)
2021-08-27 19:20:59,573 [pool-285-thread-1] INFO  server.RaftServerConfigKeys (ConfUtils.java:logGet(44)) - raft.server.log.appender.buffer.byte-limit = 33554432 (custom)
2021-08-27 19:20:59,573 [pool-285-thread-1] INFO  server.RaftServerConfigKeys (ConfUtils.java:logGet(44)) - raft.server.log.segment.size.max = 1048576 (custom)
2021-08-27 19:20:59,574 [pool-285-thread-1] INFO  server.RaftServerConfigKeys (ConfUtils.java:logGet(44)) - raft.server.log.segment.cache.num.max = 2 (custom)
2021-08-27 19:20:59,574 [pool-285-thread-1] INFO  server.RaftServerConfigKeys (ConfUtils.java:logGet(44)) - raft.server.log.segment.cache.size.max = 200MB (=209715200) (default)
2021-08-27 19:20:59,574 [pool-285-thread-1] INFO  segmented.SegmentedRaftLogWorker (SegmentedRaftLogWorker.java:<init>(182)) - new 879cfcac-0f36-4f91-b8b3-e9d7e01f977d@group-AFE32ABD61BE-SegmentedRaftLogWorker for RaftStorageImpl:Storage Directory /home/runner/work/ozone/ozone/hadoop-ozone/integration-test/target/test-dir/MiniOzoneClusterImpl-cc6da7a1-649b-4db9-82e6-e71d50c67865/datanode-1/data/ratis/6880d572-0540-433f-8cfe-afe32abd61be
2021-08-27 19:20:59,574 [pool-285-thread-1] INFO  server.RaftServerConfigKeys (ConfUtils.java:logGet(44)) - raft.server.log.queue.byte-limit = 2147483647 (custom)
2021-08-27 19:20:59,574 [pool-285-thread-1] INFO  server.RaftServerConfigKeys (ConfUtils.java:logGet(44)) - raft.server.log.queue.element-limit = 1024 (custom)
2021-08-27 19:20:59,574 [pool-285-thread-1] INFO  server.RaftServerConfigKeys (ConfUtils.java:logGet(44)) - raft.server.log.segment.size.max = 1048576 (custom)
2021-08-27 19:20:59,574 [pool-285-thread-1] INFO  server.RaftServerConfigKeys (ConfUtils.java:logGet(44)) - raft.server.log.preallocated.size = 16384 (custom)
2021-08-27 19:20:59,574 [pool-285-thread-1] INFO  server.RaftServerConfigKeys (ConfUtils.java:logGet(44)) - raft.server.log.force.sync.num = 128 (default)
2021-08-27 19:20:59,574 [pool-285-thread-1] INFO  server.RaftServerConfigKeys (ConfUtils.java:logGet(44)) - raft.server.log.statemachine.data.sync = true (default)
2021-08-27 19:20:59,574 [pool-285-thread-1] INFO  server.RaftServerConfigKeys (ConfUtils.java:logGet(44)) - raft.server.log.statemachine.data.sync.timeout = 10s (default)
2021-08-27 19:20:59,574 [pool-285-thread-1] INFO  server.RaftServerConfigKeys (ConfUtils.java:logGet(44)) - raft.server.log.statemachine.data.sync.timeout.retry = -1 (default)
2021-08-27 19:20:59,579 [pool-285-thread-1] INFO  server.RaftServerConfigKeys (ConfUtils.java:logGet(44)) - raft.server.log.write.buffer.size = 1048576 (custom)
2021-08-27 19:20:59,580 [pool-285-thread-1] INFO  server.RaftServerConfigKeys (ConfUtils.java:logGet(44)) - raft.server.log.statemachine.data.caching.enabled = true (custom)
2021-08-27 19:20:59,580 [pool-285-thread-1] INFO  segmented.SegmentedRaftLogWorker (SegmentedRaftLogWorker.java:lambda$new$0(133)) - 879cfcac-0f36-4f91-b8b3-e9d7e01f977d@group-AFE32ABD61BE-SegmentedRaftLogWorker: flushIndex: setUnconditionally 0 -> -1
2021-08-27 19:20:59,580 [pool-285-thread-1] INFO  segmented.SegmentedRaftLogWorker (SegmentedRaftLogWorker.java:lambda$new$0(133)) - 879cfcac-0f36-4f91-b8b3-e9d7e01f977d@group-AFE32ABD61BE-SegmentedRaftLogWorker: safeCacheEvictIndex: setUnconditionally 0 -> -1
2021-08-27 19:20:59,586 [7154479f-c658-4db8-83d8-3a22722b587d@group-E71D50C67865-StateMachineUpdater] INFO  safemode.HealthyPipelineSafeModeRule (HealthyPipelineSafeModeRule.java:initializeRule(152)) - Refreshed total pipeline count is 0, healthy pipeline threshold count is 1
2021-08-27 19:20:59,587 [EventQueue-PipelineReportForPipelineReportHandler] INFO  ha.SCMHAInvocationHandler (SCMHAInvocationHandler.java:invokeRatis(113)) - Invoking method public abstract void org.apache.hadoop.hdds.scm.pipeline.StateManager.updatePipelineState(org.apache.hadoop.hdds.protocol.proto.HddsProtos$PipelineID,org.apache.hadoop.hdds.protocol.proto.HddsProtos$PipelineState) throws java.io.IOException on target org.apache.hadoop.hdds.scm.ha.SCMRatisServerImpl@d965e82, cost 16277.451us
2021-08-27 19:20:59,587 [EventQueue-OpenPipelineForHealthyPipelineSafeModeRule] INFO  safemode.SCMSafeModeManager (HealthyPipelineSafeModeRule.java:process(124)) - SCM in safe mode. Healthy pipelines reported count is 0, required healthy pipeline reported count is 1
2021-08-27 19:20:59,588 [pool-285-thread-1] INFO  server.RaftServerConfigKeys (ConfUtils.java:logGet(44)) - raft.server.snapshot.auto.trigger.enabled = true (custom)
2021-08-27 19:20:59,588 [pool-285-thread-1] INFO  server.RaftServerConfigKeys (ConfUtils.java:logGet(44)) - raft.server.snapshot.auto.trigger.threshold = 10000 (custom)
2021-08-27 19:20:59,588 [pool-285-thread-1] INFO  server.RaftServerConfigKeys (ConfUtils.java:logGet(44)) - raft.server.snapshot.retention.file.num = 5 (custom)
2021-08-27 19:20:59,588 [pool-285-thread-1] INFO  server.RaftServerConfigKeys (ConfUtils.java:logGet(44)) - raft.server.log.purge.upto.snapshot.index = false (default)
2021-08-27 19:20:59,592 [pool-285-thread-1] INFO  server.RaftServerConfigKeys (ConfUtils.java:logGet(44)) - raft.server.retrycache.expirytime = 600000ms (custom)
2021-08-27 19:20:59,592 [pool-285-thread-1] INFO  server.RaftServerConfigKeys (ConfUtils.java:logGet(44)) - raft.server.retrycache.statistics.expirytime = 100μs (default)
2021-08-27 19:20:59,593 [pool-285-thread-1] INFO  server.RaftServer$Division (RaftServerImpl.java:start(296)) - 879cfcac-0f36-4f91-b8b3-e9d7e01f977d@group-AFE32ABD61BE: start as a follower, conf=-1: [879cfcac-0f36-4f91-b8b3-e9d7e01f977d|rpc:127.0.0.1:32853|priority:1], old=null
2021-08-27 19:20:59,593 [pool-285-thread-1] INFO  server.RaftServer$Division (RaftServerImpl.java:setRole(285)) - 879cfcac-0f36-4f91-b8b3-e9d7e01f977d@group-AFE32ABD61BE: changes role from      null to FOLLOWER at term 0 for startAsFollower
2021-08-27 19:20:59,593 [pool-285-thread-1] INFO  impl.RoleInfo (RoleInfo.java:updateAndGet(130)) - 879cfcac-0f36-4f91-b8b3-e9d7e01f977d: start 879cfcac-0f36-4f91-b8b3-e9d7e01f977d@group-AFE32ABD61BE-FollowerState
2021-08-27 19:20:59,599 [27aea111-c761-4159-8f56-4b18a0a94018@group-E71D50C67865-StateMachineUpdater] INFO  safemode.HealthyPipelineSafeModeRule (HealthyPipelineSafeModeRule.java:initializeRule(152)) - Refreshed total pipeline count is 0, healthy pipeline threshold count is 1
2021-08-27 19:20:59,600 [7154479f-c658-4db8-83d8-3a22722b587d@group-E71D50C67865-StateMachineUpdater] INFO  ha.SCMStateMachine (SCMStateMachine.java:takeSnapshot(290)) - Current Snapshot Index 20, takeSnapshot took 0 ms
2021-08-27 19:20:59,600 [7154479f-c658-4db8-83d8-3a22722b587d@group-E71D50C67865-StateMachineUpdater] INFO  impl.StateMachineUpdater (StateMachineUpdater.java:takeSnapshot(281)) - 7154479f-c658-4db8-83d8-3a22722b587d@group-E71D50C67865-StateMachineUpdater: Took a snapshot at index 20
2021-08-27 19:20:59,600 [7154479f-c658-4db8-83d8-3a22722b587d@group-E71D50C67865-StateMachineUpdater] INFO  impl.StateMachineUpdater (StateMachineUpdater.java:lambda$new$0(89)) - 7154479f-c658-4db8-83d8-3a22722b587d@group-E71D50C67865-StateMachineUpdater: snapshotIndex: updateIncreasingly 15 -> 20
2021-08-27 19:20:59,600 [7154479f-c658-4db8-83d8-3a22722b587d@group-E71D50C67865-StateMachineUpdater] INFO  raftlog.RaftLog (RaftLogBase.java:purge(306)) - 7154479f-c658-4db8-83d8-3a22722b587d@group-E71D50C67865-SegmentedRaftLog: purge 20
2021-08-27 19:20:59,600 [7154479f-c658-4db8-83d8-3a22722b587d@group-E71D50C67865-StateMachineUpdater] INFO  raftlog.RaftLog (RaftLogBase.java:lambda$new$0(53)) - 7154479f-c658-4db8-83d8-3a22722b587d@group-E71D50C67865-SegmentedRaftLog: snapshotIndex: updateIncreasingly 15 -> 20
2021-08-27 19:20:59,600 [7154479f-c658-4db8-83d8-3a22722b587d@group-E71D50C67865-StateMachineUpdater] INFO  raftlog.RaftLog (RaftLogBase.java:lambda$new$0(53)) - 7154479f-c658-4db8-83d8-3a22722b587d@group-E71D50C67865-SegmentedRaftLog: purgeIndex: updateToMax old=15, new=20, updated? true
2021-08-27 19:20:59,607 [pool-285-thread-1] INFO  util.JmxRegister (JmxRegister.java:tryRegister(44)) - Successfully registered JMX Bean with object name Ratis:service=RaftServer,group=group-AFE32ABD61BE,id=879cfcac-0f36-4f91-b8b3-e9d7e01f977d
2021-08-27 19:20:59,615 [Command processor thread] INFO  ratis.XceiverServerRatis (XceiverServerRatis.java:addGroup(763)) - Created group PipelineID=6880d572-0540-433f-8cfe-afe32abd61be
2021-08-27 19:20:59,615 [Command processor thread] INFO  commandhandler.CreatePipelineCommandHandler (CreatePipelineCommandHandler.java:handle(106)) - Created Pipeline RATIS ONE PipelineID=6880d572-0540-433f-8cfe-afe32abd61be.
2021-08-27 19:21:00,015 [Listener at 127.0.0.1/13592] INFO  ozone.MiniOzoneClusterImpl (MiniOzoneClusterImpl.java:lambda$waitForClusterToBeReady$0(235)) - Nodes are ready. Got 3 of 3 DN Heartbeats.
2021-08-27 19:21:00,015 [Listener at 127.0.0.1/13592] INFO  ozone.MiniOzoneClusterImpl (MiniOzoneClusterImpl.java:lambda$waitForClusterToBeReady$0(238)) - Waiting for cluster to exit safe mode
2021-08-27 19:21:00,015 [Listener at 127.0.0.1/13592] INFO  ozone.MiniOzoneClusterImpl (MiniOzoneClusterImpl.java:lambda$waitForClusterToBeReady$0(240)) - SCM became leader
2021-08-27 19:21:00,064 [Command processor thread] INFO  server.RaftServer (RaftServerProxy.java:addNew(95)) - 73f911ca-52fc-4abb-a332-7dbce6ccb501: addNew group-B182B7C62C34:[73f911ca-52fc-4abb-a332-7dbce6ccb501|rpc:127.0.0.1:36141|priority:1] returns group-B182B7C62C34:java.util.concurrent.CompletableFuture@22814f44[Not completed]
2021-08-27 19:21:00,066 [pool-306-thread-1] INFO  server.RaftServer$Division (RaftServerImpl.java:<init>(181)) - 73f911ca-52fc-4abb-a332-7dbce6ccb501: new RaftServerImpl for group-B182B7C62C34:[73f911ca-52fc-4abb-a332-7dbce6ccb501|rpc:127.0.0.1:36141|priority:1] with ContainerStateMachine:uninitialized
2021-08-27 19:21:00,066 [pool-306-thread-1] INFO  server.RaftServerConfigKeys (ConfUtils.java:logGet(44)) - raft.server.rpc.timeout.min = 5s (custom)
2021-08-27 19:21:00,066 [pool-306-thread-1] INFO  server.RaftServerConfigKeys (ConfUtils.java:logGet(44)) - raft.server.rpc.timeout.max = 5200ms (custom)
2021-08-27 19:21:00,066 [pool-306-thread-1] INFO  server.RaftServerConfigKeys (ConfUtils.java:logGet(44)) - raft.server.rpc.sleep.time = 25ms (default)
2021-08-27 19:21:00,066 [pool-306-thread-1] INFO  server.RaftServerConfigKeys (ConfUtils.java:logGet(44)) - raft.server.rpc.slowness.timeout = 300s (custom)
2021-08-27 19:21:00,066 [pool-306-thread-1] INFO  server.RaftServerConfigKeys (ConfUtils.java:logGet(44)) - raft.server.leaderelection.leader.step-down.wait-time = 10s (default)
2021-08-27 19:21:00,066 [pool-306-thread-1] INFO  server.RaftServerConfigKeys (ConfUtils.java:logGet(44)) - raft.server.sleep.deviation.threshold = 300ms (default)
2021-08-27 19:21:00,066 [pool-306-thread-1] INFO  server.RaftServerConfigKeys (ConfUtils.java:logGet(44)) - raft.server.log.appender.install.snapshot.enabled = false (custom)
2021-08-27 19:21:00,066 [pool-306-thread-1] INFO  server.RaftServer$Division (ServerState.java:<init>(105)) - 73f911ca-52fc-4abb-a332-7dbce6ccb501@group-B182B7C62C34: ConfigurationManager, init=-1: [73f911ca-52fc-4abb-a332-7dbce6ccb501|rpc:127.0.0.1:36141|priority:1], old=null, confs=<EMPTY_MAP>
2021-08-27 19:21:00,066 [pool-306-thread-1] INFO  server.RaftServerConfigKeys (ConfUtils.java:logGet(44)) - raft.server.storage.dir = [/home/runner/work/ozone/ozone/hadoop-ozone/integration-test/target/test-dir/MiniOzoneClusterImpl-cc6da7a1-649b-4db9-82e6-e71d50c67865/datanode-2/data/ratis] (custom)
2021-08-27 19:21:00,066 [pool-306-thread-1] INFO  server.RaftServerConfigKeys (ConfUtils.java:logGet(44)) - raft.server.log.corruption.policy = EXCEPTION (default)
2021-08-27 19:21:00,066 [pool-306-thread-1] INFO  server.RaftServerConfigKeys (ConfUtils.java:logGet(44)) - raft.server.storage.free-space.min = 0MB (=0) (default)
2021-08-27 19:21:00,066 [pool-306-thread-1] INFO  storage.RaftStorageDirectory (RaftStorageDirectoryImpl.java:analyzeStorage(135)) - The storage directory /home/runner/work/ozone/ozone/hadoop-ozone/integration-test/target/test-dir/MiniOzoneClusterImpl-cc6da7a1-649b-4db9-82e6-e71d50c67865/datanode-2/data/ratis/0c466ace-0ac3-4919-9179-b182b7c62c34 does not exist. Creating ...
2021-08-27 19:21:00,068 [pool-306-thread-1] INFO  storage.RaftStorageDirectory (RaftStorageDirectoryImpl.java:tryLock(230)) - Lock on /home/runner/work/ozone/ozone/hadoop-ozone/integration-test/target/test-dir/MiniOzoneClusterImpl-cc6da7a1-649b-4db9-82e6-e71d50c67865/datanode-2/data/ratis/0c466ace-0ac3-4919-9179-b182b7c62c34/in_use.lock acquired by nodename 15536@fv-az59-836
2021-08-27 19:21:00,069 [pool-306-thread-1] INFO  storage.RaftStorage (RaftStorageImpl.java:format(89)) - Storage directory /home/runner/work/ozone/ozone/hadoop-ozone/integration-test/target/test-dir/MiniOzoneClusterImpl-cc6da7a1-649b-4db9-82e6-e71d50c67865/datanode-2/data/ratis/0c466ace-0ac3-4919-9179-b182b7c62c34 has been successfully formatted.
2021-08-27 19:21:00,069 [pool-306-thread-1] INFO  ratis.ContainerStateMachine (ContainerStateMachine.java:loadSnapshot(224)) - group-B182B7C62C34: The snapshot info is null. Setting the last applied indexto:(t:0, i:~)
2021-08-27 19:21:00,069 [pool-306-thread-1] INFO  server.RaftServerConfigKeys (ConfUtils.java:logGet(44)) - raft.server.notification.no-leader.timeout = 300s (custom)
2021-08-27 19:21:00,069 [pool-306-thread-1] INFO  server.RaftServerConfigKeys (ConfUtils.java:logGet(44)) - raft.server.log.use.memory = false (default)
2021-08-27 19:21:00,069 [pool-306-thread-1] INFO  server.RaftServerConfigKeys (ConfUtils.java:logGet(44)) - raft.server.log.purge.gap = 1000000 (custom)
2021-08-27 19:21:00,069 [pool-306-thread-1] INFO  server.RaftServerConfigKeys (ConfUtils.java:logGet(44)) - raft.server.log.appender.buffer.byte-limit = 33554432 (custom)
2021-08-27 19:21:00,069 [pool-306-thread-1] INFO  server.RaftServerConfigKeys (ConfUtils.java:logGet(44)) - raft.server.log.segment.size.max = 1048576 (custom)
2021-08-27 19:21:00,070 [pool-306-thread-1] INFO  server.RaftServerConfigKeys (ConfUtils.java:logGet(44)) - raft.server.log.segment.cache.num.max = 2 (custom)
2021-08-27 19:21:00,070 [pool-306-thread-1] INFO  server.RaftServerConfigKeys (ConfUtils.java:logGet(44)) - raft.server.log.segment.cache.size.max = 200MB (=209715200) (default)
2021-08-27 19:21:00,070 [pool-306-thread-1] INFO  segmented.SegmentedRaftLogWorker (SegmentedRaftLogWorker.java:<init>(182)) - new 73f911ca-52fc-4abb-a332-7dbce6ccb501@group-B182B7C62C34-SegmentedRaftLogWorker for RaftStorageImpl:Storage Directory /home/runner/work/ozone/ozone/hadoop-ozone/integration-test/target/test-dir/MiniOzoneClusterImpl-cc6da7a1-649b-4db9-82e6-e71d50c67865/datanode-2/data/ratis/0c466ace-0ac3-4919-9179-b182b7c62c34
2021-08-27 19:21:00,070 [pool-306-thread-1] INFO  server.RaftServerConfigKeys (ConfUtils.java:logGet(44)) - raft.server.log.queue.byte-limit = 2147483647 (custom)
2021-08-27 19:21:00,070 [pool-306-thread-1] INFO  server.RaftServerConfigKeys (ConfUtils.java:logGet(44)) - raft.server.log.queue.element-limit = 1024 (custom)
2021-08-27 19:21:00,070 [pool-306-thread-1] INFO  server.RaftServerConfigKeys (ConfUtils.java:logGet(44)) - raft.server.log.segment.size.max = 1048576 (custom)
2021-08-27 19:21:00,070 [pool-306-thread-1] INFO  server.RaftServerConfigKeys (ConfUtils.java:logGet(44)) - raft.server.log.preallocated.size = 16384 (custom)
2021-08-27 19:21:00,070 [pool-306-thread-1] INFO  server.RaftServerConfigKeys (ConfUtils.java:logGet(44)) - raft.server.log.force.sync.num = 128 (default)
2021-08-27 19:21:00,070 [pool-306-thread-1] INFO  server.RaftServerConfigKeys (ConfUtils.java:logGet(44)) - raft.server.log.statemachine.data.sync = true (default)
2021-08-27 19:21:00,070 [pool-306-thread-1] INFO  server.RaftServerConfigKeys (ConfUtils.java:logGet(44)) - raft.server.log.statemachine.data.sync.timeout = 10s (default)
2021-08-27 19:21:00,070 [pool-306-thread-1] INFO  server.RaftServerConfigKeys (ConfUtils.java:logGet(44)) - raft.server.log.statemachine.data.sync.timeout.retry = -1 (default)
2021-08-27 19:21:00,072 [EventQueue-PipelineReportForPipelineReportHandler] INFO  pipeline.PipelineManagerImpl (PipelineManagerImpl.java:openPipeline(282)) - Pipeline Pipeline[ Id: 0c466ace-0ac3-4919-9179-b182b7c62c34, Nodes: 73f911ca-52fc-4abb-a332-7dbce6ccb501{ip: 127.0.0.1, host: localhost, ports: [REPLICATION=39673, RATIS=36141, RATIS_ADMIN=36141, RATIS_SERVER=36141, STANDALONE=45881], networkLocation: /default-rack, certSerialId: null, persistedOpState: IN_SERVICE, persistedOpStateExpiryEpochSec: 0}, ReplicationConfig: RATIS/ONE, State:ALLOCATED, leaderId:73f911ca-52fc-4abb-a332-7dbce6ccb501, CreationTimestamp2021-08-27T19:20:57.069Z[Etc/UTC]] moved to OPEN state
2021-08-27 19:21:00,073 [EventQueue-PipelineReportForPipelineReportHandler] INFO  ha.SCMHAInvocationHandler (SCMHAInvocationHandler.java:invokeRatis(113)) - Invoking method public abstract void org.apache.hadoop.hdds.scm.pipeline.StateManager.updatePipelineState(org.apache.hadoop.hdds.protocol.proto.HddsProtos$PipelineID,org.apache.hadoop.hdds.protocol.proto.HddsProtos$PipelineState) throws java.io.IOException on target org.apache.hadoop.hdds.scm.ha.SCMRatisServerImpl@1e8e9ec5, cost 220.215us
2021-08-27 19:21:00,073 [pool-306-thread-1] INFO  server.RaftServerConfigKeys (ConfUtils.java:logGet(44)) - raft.server.log.write.buffer.size = 1048576 (custom)
2021-08-27 19:21:00,073 [EventQueue-PipelineReportForPipelineReportHandler] INFO  pipeline.PipelineManagerImpl (PipelineManagerImpl.java:openPipeline(282)) - Pipeline Pipeline[ Id: 0c466ace-0ac3-4919-9179-b182b7c62c34, Nodes: 73f911ca-52fc-4abb-a332-7dbce6ccb501{ip: 127.0.0.1, host: localhost, ports: [REPLICATION=39673, RATIS=36141, RATIS_ADMIN=36141, RATIS_SERVER=36141, STANDALONE=45881], networkLocation: /default-rack, certSerialId: null, persistedOpState: IN_SERVICE, persistedOpStateExpiryEpochSec: 0}, ReplicationConfig: RATIS/ONE, State:ALLOCATED, leaderId:73f911ca-52fc-4abb-a332-7dbce6ccb501, CreationTimestamp2021-08-27T19:20:57.069Z[Etc/UTC]] moved to OPEN state
2021-08-27 19:21:00,075 [pool-306-thread-1] INFO  server.RaftServerConfigKeys (ConfUtils.java:logGet(44)) - raft.server.log.statemachine.data.caching.enabled = true (custom)
2021-08-27 19:21:00,075 [pool-306-thread-1] INFO  segmented.SegmentedRaftLogWorker (SegmentedRaftLogWorker.java:lambda$new$0(133)) - 73f911ca-52fc-4abb-a332-7dbce6ccb501@group-B182B7C62C34-SegmentedRaftLogWorker: flushIndex: setUnconditionally 0 -> -1
2021-08-27 19:21:00,075 [pool-306-thread-1] INFO  segmented.SegmentedRaftLogWorker (SegmentedRaftLogWorker.java:lambda$new$0(133)) - 73f911ca-52fc-4abb-a332-7dbce6ccb501@group-B182B7C62C34-SegmentedRaftLogWorker: safeCacheEvictIndex: setUnconditionally 0 -> -1
2021-08-27 19:21:00,086 [pool-306-thread-1] INFO  server.RaftServerConfigKeys (ConfUtils.java:logGet(44)) - raft.server.snapshot.auto.trigger.enabled = true (custom)
2021-08-27 19:21:00,086 [pool-306-thread-1] INFO  server.RaftServerConfigKeys (ConfUtils.java:logGet(44)) - raft.server.snapshot.auto.trigger.threshold = 10000 (custom)
2021-08-27 19:21:00,086 [pool-306-thread-1] INFO  server.RaftServerConfigKeys (ConfUtils.java:logGet(44)) - raft.server.snapshot.retention.file.num = 5 (custom)
2021-08-27 19:21:00,087 [pool-306-thread-1] INFO  server.RaftServerConfigKeys (ConfUtils.java:logGet(44)) - raft.server.log.purge.upto.snapshot.index = false (default)
2021-08-27 19:21:00,099 [pool-306-thread-1] INFO  server.RaftServerConfigKeys (ConfUtils.java:logGet(44)) - raft.server.retrycache.expirytime = 600000ms (custom)
2021-08-27 19:21:00,099 [pool-306-thread-1] INFO  server.RaftServerConfigKeys (ConfUtils.java:logGet(44)) - raft.server.retrycache.statistics.expirytime = 100μs (default)
2021-08-27 19:21:00,099 [27aea111-c761-4159-8f56-4b18a0a94018@group-E71D50C67865-StateMachineUpdater] INFO  ha.SCMStateMachine (SCMStateMachine.java:takeSnapshot(290)) - Current Snapshot Index 20, takeSnapshot took 0 ms
2021-08-27 19:21:00,099 [27aea111-c761-4159-8f56-4b18a0a94018@group-E71D50C67865-StateMachineUpdater] INFO  impl.StateMachineUpdater (StateMachineUpdater.java:takeSnapshot(281)) - 27aea111-c761-4159-8f56-4b18a0a94018@group-E71D50C67865-StateMachineUpdater: Took a snapshot at index 20
2021-08-27 19:21:00,099 [27aea111-c761-4159-8f56-4b18a0a94018@group-E71D50C67865-StateMachineUpdater] INFO  impl.StateMachineUpdater (StateMachineUpdater.java:lambda$new$0(89)) - 27aea111-c761-4159-8f56-4b18a0a94018@group-E71D50C67865-StateMachineUpdater: snapshotIndex: updateIncreasingly 15 -> 20
2021-08-27 19:21:00,099 [27aea111-c761-4159-8f56-4b18a0a94018@group-E71D50C67865-StateMachineUpdater] INFO  raftlog.RaftLog (RaftLogBase.java:purge(306)) - 27aea111-c761-4159-8f56-4b18a0a94018@group-E71D50C67865-SegmentedRaftLog: purge 20
2021-08-27 19:21:00,100 [27aea111-c761-4159-8f56-4b18a0a94018@group-E71D50C67865-StateMachineUpdater] INFO  raftlog.RaftLog (RaftLogBase.java:lambda$new$0(53)) - 27aea111-c761-4159-8f56-4b18a0a94018@group-E71D50C67865-SegmentedRaftLog: snapshotIndex: updateIncreasingly 15 -> 20
2021-08-27 19:21:00,100 [27aea111-c761-4159-8f56-4b18a0a94018@group-E71D50C67865-StateMachineUpdater] INFO  raftlog.RaftLog (RaftLogBase.java:lambda$new$0(53)) - 27aea111-c761-4159-8f56-4b18a0a94018@group-E71D50C67865-SegmentedRaftLog: purgeIndex: updateToMax old=15, new=20, updated? true
2021-08-27 19:21:00,100 [pool-306-thread-1] INFO  server.RaftServer$Division (RaftServerImpl.java:start(296)) - 73f911ca-52fc-4abb-a332-7dbce6ccb501@group-B182B7C62C34: start as a follower, conf=-1: [73f911ca-52fc-4abb-a332-7dbce6ccb501|rpc:127.0.0.1:36141|priority:1], old=null
2021-08-27 19:21:00,100 [pool-306-thread-1] INFO  server.RaftServer$Division (RaftServerImpl.java:setRole(285)) - 73f911ca-52fc-4abb-a332-7dbce6ccb501@group-B182B7C62C34: changes role from      null to FOLLOWER at term 0 for startAsFollower
2021-08-27 19:21:00,101 [pool-306-thread-1] INFO  impl.RoleInfo (RoleInfo.java:updateAndGet(130)) - 73f911ca-52fc-4abb-a332-7dbce6ccb501: start 73f911ca-52fc-4abb-a332-7dbce6ccb501@group-B182B7C62C34-FollowerState
2021-08-27 19:21:00,101 [7154479f-c658-4db8-83d8-3a22722b587d@group-E71D50C67865-StateMachineUpdater] INFO  safemode.HealthyPipelineSafeModeRule (HealthyPipelineSafeModeRule.java:initializeRule(152)) - Refreshed total pipeline count is 0, healthy pipeline threshold count is 1
2021-08-27 19:21:00,101 [EventQueue-PipelineReportForPipelineReportHandler] INFO  ha.SCMHAInvocationHandler (SCMHAInvocationHandler.java:invokeRatis(113)) - Invoking method public abstract void org.apache.hadoop.hdds.scm.pipeline.StateManager.updatePipelineState(org.apache.hadoop.hdds.protocol.proto.HddsProtos$PipelineID,org.apache.hadoop.hdds.protocol.proto.HddsProtos$PipelineState) throws java.io.IOException on target org.apache.hadoop.hdds.scm.ha.SCMRatisServerImpl@d965e82, cost 27408.368us
2021-08-27 19:21:00,101 [EventQueue-OpenPipelineForHealthyPipelineSafeModeRule] INFO  safemode.SCMSafeModeManager (HealthyPipelineSafeModeRule.java:process(124)) - SCM in safe mode. Healthy pipelines reported count is 0, required healthy pipeline reported count is 1
2021-08-27 19:21:00,102 [pool-306-thread-1] INFO  util.JmxRegister (JmxRegister.java:tryRegister(44)) - Successfully registered JMX Bean with object name Ratis:service=RaftServer,group=group-B182B7C62C34,id=73f911ca-52fc-4abb-a332-7dbce6ccb501
2021-08-27 19:21:00,113 [Command processor thread] INFO  ratis.XceiverServerRatis (XceiverServerRatis.java:addGroup(763)) - Created group PipelineID=0c466ace-0ac3-4919-9179-b182b7c62c34
2021-08-27 19:21:00,113 [Command processor thread] INFO  commandhandler.CreatePipelineCommandHandler (CreatePipelineCommandHandler.java:handle(106)) - Created Pipeline RATIS ONE PipelineID=0c466ace-0ac3-4919-9179-b182b7c62c34.
2021-08-27 19:21:00,119 [27aea111-c761-4159-8f56-4b18a0a94018@group-E71D50C67865-StateMachineUpdater] INFO  safemode.HealthyPipelineSafeModeRule (HealthyPipelineSafeModeRule.java:initializeRule(152)) - Refreshed total pipeline count is 0, healthy pipeline threshold count is 1
2021-08-27 19:21:00,196 [EndpointStateMachine task thread for /127.0.0.1:14961 - 0 ] INFO  ipc.Client (Client.java:handleConnectionFailure(977)) - Retrying connect to server: localhost/127.0.0.1:14961. Already tried 10 time(s); retry policy is RetryUpToMaximumCountWithFixedSleep(maxRetries=15, sleepTime=1000 MILLISECONDS)
2021-08-27 19:21:00,498 [EndpointStateMachine task thread for /127.0.0.1:14981 - 0 ] INFO  ipc.Client (Client.java:handleConnectionFailure(977)) - Retrying connect to server: localhost/127.0.0.1:14981. Already tried 8 time(s); retry policy is RetryUpToMaximumCountWithFixedSleep(maxRetries=15, sleepTime=1000 MILLISECONDS)
2021-08-27 19:21:00,498 [EndpointStateMachine task thread for /127.0.0.1:14971 - 0 ] INFO  ipc.Client (Client.java:handleConnectionFailure(977)) - Retrying connect to server: localhost/127.0.0.1:14971. Already tried 8 time(s); retry policy is RetryUpToMaximumCountWithFixedSleep(maxRetries=15, sleepTime=1000 MILLISECONDS)
2021-08-27 19:21:01,015 [Listener at 127.0.0.1/13592] INFO  ozone.MiniOzoneClusterImpl (MiniOzoneClusterImpl.java:lambda$waitForClusterToBeReady$0(235)) - Nodes are ready. Got 3 of 3 DN Heartbeats.
2021-08-27 19:21:01,016 [Listener at 127.0.0.1/13592] INFO  ozone.MiniOzoneClusterImpl (MiniOzoneClusterImpl.java:lambda$waitForClusterToBeReady$0(238)) - Waiting for cluster to exit safe mode
2021-08-27 19:21:01,016 [Listener at 127.0.0.1/13592] INFO  ozone.MiniOzoneClusterImpl (MiniOzoneClusterImpl.java:lambda$waitForClusterToBeReady$0(240)) - SCM became leader
2021-08-27 19:21:01,197 [EndpointStateMachine task thread for /127.0.0.1:14961 - 0 ] INFO  ipc.Client (Client.java:handleConnectionFailure(977)) - Retrying connect to server: localhost/127.0.0.1:14961. Already tried 11 time(s); retry policy is RetryUpToMaximumCountWithFixedSleep(maxRetries=15, sleepTime=1000 MILLISECONDS)
2021-08-27 19:21:01,498 [EndpointStateMachine task thread for /127.0.0.1:14981 - 0 ] INFO  ipc.Client (Client.java:handleConnectionFailure(977)) - Retrying connect to server: localhost/127.0.0.1:14981. Already tried 9 time(s); retry policy is RetryUpToMaximumCountWithFixedSleep(maxRetries=15, sleepTime=1000 MILLISECONDS)
2021-08-27 19:21:01,499 [EndpointStateMachine task thread for /127.0.0.1:14971 - 0 ] INFO  ipc.Client (Client.java:handleConnectionFailure(977)) - Retrying connect to server: localhost/127.0.0.1:14971. Already tried 9 time(s); retry policy is RetryUpToMaximumCountWithFixedSleep(maxRetries=15, sleepTime=1000 MILLISECONDS)
2021-08-27 19:21:01,569 [Datanode State Machine Thread - 0] ERROR datanode.RunningDatanodeState (RunningDatanodeState.java:computeNextContainerState(199)) - Error in executing end point task.
java.util.concurrent.ExecutionException: java.util.concurrent.TimeoutException
	at java.util.concurrent.FutureTask.report(FutureTask.java:122)
	at java.util.concurrent.FutureTask.get(FutureTask.java:192)
	at org.apache.hadoop.ozone.container.common.states.datanode.RunningDatanodeState.computeNextContainerState(RunningDatanodeState.java:191)
	at org.apache.hadoop.ozone.container.common.states.datanode.RunningDatanodeState.await(RunningDatanodeState.java:231)
	at org.apache.hadoop.ozone.container.common.states.datanode.RunningDatanodeState.await(RunningDatanodeState.java:50)
	at org.apache.hadoop.ozone.container.common.statemachine.StateContext.execute(StateContext.java:629)
	at org.apache.hadoop.ozone.container.common.statemachine.DatanodeStateMachine.start(DatanodeStateMachine.java:270)
	at org.apache.hadoop.ozone.container.common.statemachine.DatanodeStateMachine.lambda$startDaemon$0(DatanodeStateMachine.java:456)
	at java.lang.Thread.run(Thread.java:748)
Caused by: java.util.concurrent.TimeoutException
	at java.util.concurrent.FutureTask.get(FutureTask.java:205)
	at org.apache.hadoop.ozone.container.common.states.datanode.RunningDatanodeState.lambda$execute$0(RunningDatanodeState.java:149)
	at java.util.concurrent.FutureTask.run(FutureTask.java:266)
	at java.util.concurrent.Executors$RunnableAdapter.call(Executors.java:511)
	at java.util.concurrent.FutureTask.run(FutureTask.java:266)
	at java.util.concurrent.ThreadPoolExecutor.runWorker(ThreadPoolExecutor.java:1149)
	at java.util.concurrent.ThreadPoolExecutor$Worker.run(ThreadPoolExecutor.java:624)
	... 1 more
2021-08-27 19:21:02,016 [Listener at 127.0.0.1/13592] INFO  ozone.MiniOzoneClusterImpl (MiniOzoneClusterImpl.java:lambda$waitForClusterToBeReady$0(235)) - Nodes are ready. Got 3 of 3 DN Heartbeats.
2021-08-27 19:21:02,016 [Listener at 127.0.0.1/13592] INFO  ozone.MiniOzoneClusterImpl (MiniOzoneClusterImpl.java:lambda$waitForClusterToBeReady$0(238)) - Waiting for cluster to exit safe mode
2021-08-27 19:21:02,016 [Listener at 127.0.0.1/13592] INFO  ozone.MiniOzoneClusterImpl (MiniOzoneClusterImpl.java:lambda$waitForClusterToBeReady$0(240)) - SCM became leader
2021-08-27 19:21:02,072 [Datanode State Machine Thread - 0] ERROR datanode.RunningDatanodeState (RunningDatanodeState.java:computeNextContainerState(199)) - Error in executing end point task.
java.util.concurrent.ExecutionException: java.util.concurrent.TimeoutException
	at java.util.concurrent.FutureTask.report(FutureTask.java:122)
	at java.util.concurrent.FutureTask.get(FutureTask.java:192)
	at org.apache.hadoop.ozone.container.common.states.datanode.RunningDatanodeState.computeNextContainerState(RunningDatanodeState.java:191)
	at org.apache.hadoop.ozone.container.common.states.datanode.RunningDatanodeState.await(RunningDatanodeState.java:231)
	at org.apache.hadoop.ozone.container.common.states.datanode.RunningDatanodeState.await(RunningDatanodeState.java:50)
	at org.apache.hadoop.ozone.container.common.statemachine.StateContext.execute(StateContext.java:629)
	at org.apache.hadoop.ozone.container.common.statemachine.DatanodeStateMachine.start(DatanodeStateMachine.java:270)
	at org.apache.hadoop.ozone.container.common.statemachine.DatanodeStateMachine.lambda$startDaemon$0(DatanodeStateMachine.java:456)
	at java.lang.Thread.run(Thread.java:748)
Caused by: java.util.concurrent.TimeoutException
	at java.util.concurrent.FutureTask.get(FutureTask.java:205)
	at org.apache.hadoop.ozone.container.common.states.datanode.RunningDatanodeState.lambda$execute$0(RunningDatanodeState.java:149)
	at java.util.concurrent.FutureTask.run(FutureTask.java:266)
	at java.util.concurrent.Executors$RunnableAdapter.call(Executors.java:511)
	at java.util.concurrent.FutureTask.run(FutureTask.java:266)
	at java.util.concurrent.ThreadPoolExecutor.runWorker(ThreadPoolExecutor.java:1149)
	at java.util.concurrent.ThreadPoolExecutor$Worker.run(ThreadPoolExecutor.java:624)
	... 1 more
2021-08-27 19:21:02,197 [EndpointStateMachine task thread for /127.0.0.1:14961 - 0 ] INFO  ipc.Client (Client.java:handleConnectionFailure(977)) - Retrying connect to server: localhost/127.0.0.1:14961. Already tried 12 time(s); retry policy is RetryUpToMaximumCountWithFixedSleep(maxRetries=15, sleepTime=1000 MILLISECONDS)
2021-08-27 19:21:02,315 [Datanode State Machine Thread - 0] ERROR datanode.RunningDatanodeState (RunningDatanodeState.java:computeNextContainerState(199)) - Error in executing end point task.
java.util.concurrent.ExecutionException: java.util.concurrent.TimeoutException
	at java.util.concurrent.FutureTask.report(FutureTask.java:122)
	at java.util.concurrent.FutureTask.get(FutureTask.java:192)
	at org.apache.hadoop.ozone.container.common.states.datanode.RunningDatanodeState.computeNextContainerState(RunningDatanodeState.java:191)
	at org.apache.hadoop.ozone.container.common.states.datanode.RunningDatanodeState.await(RunningDatanodeState.java:231)
	at org.apache.hadoop.ozone.container.common.states.datanode.RunningDatanodeState.await(RunningDatanodeState.java:50)
	at org.apache.hadoop.ozone.container.common.statemachine.StateContext.execute(StateContext.java:629)
	at org.apache.hadoop.ozone.container.common.statemachine.DatanodeStateMachine.start(DatanodeStateMachine.java:270)
	at org.apache.hadoop.ozone.container.common.statemachine.DatanodeStateMachine.lambda$startDaemon$0(DatanodeStateMachine.java:456)
	at java.lang.Thread.run(Thread.java:748)
Caused by: java.util.concurrent.TimeoutException
	at java.util.concurrent.FutureTask.get(FutureTask.java:205)
	at org.apache.hadoop.ozone.container.common.states.datanode.RunningDatanodeState.lambda$execute$0(RunningDatanodeState.java:149)
	at java.util.concurrent.FutureTask.run(FutureTask.java:266)
	at java.util.concurrent.Executors$RunnableAdapter.call(Executors.java:511)
	at java.util.concurrent.FutureTask.run(FutureTask.java:266)
	at java.util.concurrent.ThreadPoolExecutor.runWorker(ThreadPoolExecutor.java:1149)
	at java.util.concurrent.ThreadPoolExecutor$Worker.run(ThreadPoolExecutor.java:624)
	... 1 more
2021-08-27 19:21:02,499 [EndpointStateMachine task thread for /127.0.0.1:14981 - 0 ] INFO  ipc.Client (Client.java:handleConnectionFailure(977)) - Retrying connect to server: localhost/127.0.0.1:14981. Already tried 10 time(s); retry policy is RetryUpToMaximumCountWithFixedSleep(maxRetries=15, sleepTime=1000 MILLISECONDS)
2021-08-27 19:21:02,499 [EndpointStateMachine task thread for /127.0.0.1:14971 - 0 ] INFO  ipc.Client (Client.java:handleConnectionFailure(977)) - Retrying connect to server: localhost/127.0.0.1:14971. Already tried 10 time(s); retry policy is RetryUpToMaximumCountWithFixedSleep(maxRetries=15, sleepTime=1000 MILLISECONDS)
2021-08-27 19:21:02,571 [Datanode State Machine Thread - 0] ERROR datanode.RunningDatanodeState (RunningDatanodeState.java:computeNextContainerState(199)) - Error in executing end point task.
java.util.concurrent.ExecutionException: java.util.concurrent.TimeoutException
	at java.util.concurrent.FutureTask.report(FutureTask.java:122)
	at java.util.concurrent.FutureTask.get(FutureTask.java:192)
	at org.apache.hadoop.ozone.container.common.states.datanode.RunningDatanodeState.computeNextContainerState(RunningDatanodeState.java:191)
	at org.apache.hadoop.ozone.container.common.states.datanode.RunningDatanodeState.await(RunningDatanodeState.java:231)
	at org.apache.hadoop.ozone.container.common.states.datanode.RunningDatanodeState.await(RunningDatanodeState.java:50)
	at org.apache.hadoop.ozone.container.common.statemachine.StateContext.execute(StateContext.java:629)
	at org.apache.hadoop.ozone.container.common.statemachine.DatanodeStateMachine.start(DatanodeStateMachine.java:270)
	at org.apache.hadoop.ozone.container.common.statemachine.DatanodeStateMachine.lambda$startDaemon$0(DatanodeStateMachine.java:456)
	at java.lang.Thread.run(Thread.java:748)
Caused by: java.util.concurrent.TimeoutException
	at java.util.concurrent.FutureTask.get(FutureTask.java:205)
	at org.apache.hadoop.ozone.container.common.states.datanode.RunningDatanodeState.lambda$execute$0(RunningDatanodeState.java:149)
	at java.util.concurrent.FutureTask.run(FutureTask.java:266)
	at java.util.concurrent.Executors$RunnableAdapter.call(Executors.java:511)
	at java.util.concurrent.FutureTask.run(FutureTask.java:266)
	at java.util.concurrent.ThreadPoolExecutor.runWorker(ThreadPoolExecutor.java:1149)
	at java.util.concurrent.ThreadPoolExecutor$Worker.run(ThreadPoolExecutor.java:624)
	... 1 more
2021-08-27 19:21:03,017 [Listener at 127.0.0.1/13592] INFO  ozone.MiniOzoneClusterImpl (MiniOzoneClusterImpl.java:lambda$waitForClusterToBeReady$0(235)) - Nodes are ready. Got 3 of 3 DN Heartbeats.
2021-08-27 19:21:03,017 [Listener at 127.0.0.1/13592] INFO  ozone.MiniOzoneClusterImpl (MiniOzoneClusterImpl.java:lambda$waitForClusterToBeReady$0(238)) - Waiting for cluster to exit safe mode
2021-08-27 19:21:03,017 [Listener at 127.0.0.1/13592] INFO  ozone.MiniOzoneClusterImpl (MiniOzoneClusterImpl.java:lambda$waitForClusterToBeReady$0(240)) - SCM became leader
2021-08-27 19:21:03,198 [EndpointStateMachine task thread for /127.0.0.1:14961 - 0 ] INFO  ipc.Client (Client.java:handleConnectionFailure(977)) - Retrying connect to server: localhost/127.0.0.1:14961. Already tried 13 time(s); retry policy is RetryUpToMaximumCountWithFixedSleep(maxRetries=15, sleepTime=1000 MILLISECONDS)
2021-08-27 19:21:03,499 [EndpointStateMachine task thread for /127.0.0.1:14981 - 0 ] INFO  ipc.Client (Client.java:handleConnectionFailure(977)) - Retrying connect to server: localhost/127.0.0.1:14981. Already tried 11 time(s); retry policy is RetryUpToMaximumCountWithFixedSleep(maxRetries=15, sleepTime=1000 MILLISECONDS)
2021-08-27 19:21:03,500 [EndpointStateMachine task thread for /127.0.0.1:14971 - 0 ] INFO  ipc.Client (Client.java:handleConnectionFailure(977)) - Retrying connect to server: localhost/127.0.0.1:14971. Already tried 11 time(s); retry policy is RetryUpToMaximumCountWithFixedSleep(maxRetries=15, sleepTime=1000 MILLISECONDS)
2021-08-27 19:21:04,017 [Listener at 127.0.0.1/13592] INFO  ozone.MiniOzoneClusterImpl (MiniOzoneClusterImpl.java:lambda$waitForClusterToBeReady$0(235)) - Nodes are ready. Got 3 of 3 DN Heartbeats.
2021-08-27 19:21:04,018 [Listener at 127.0.0.1/13592] INFO  ozone.MiniOzoneClusterImpl (MiniOzoneClusterImpl.java:lambda$waitForClusterToBeReady$0(238)) - Waiting for cluster to exit safe mode
2021-08-27 19:21:04,018 [Listener at 127.0.0.1/13592] INFO  ozone.MiniOzoneClusterImpl (MiniOzoneClusterImpl.java:lambda$waitForClusterToBeReady$0(240)) - SCM became leader
2021-08-27 19:21:04,173 [7114ee9f-b20c-4a85-b13e-c38a422a401d@group-BAD3DC95AD41-FollowerState] INFO  impl.FollowerState (FollowerState.java:run(134)) - 7114ee9f-b20c-4a85-b13e-c38a422a401d@group-BAD3DC95AD41-FollowerState: change to CANDIDATE, lastRpcElapsedTime:5144044261ns, electionTimeout:5123ms
2021-08-27 19:21:04,173 [7114ee9f-b20c-4a85-b13e-c38a422a401d@group-BAD3DC95AD41-FollowerState] INFO  impl.RoleInfo (RoleInfo.java:shutdownFollowerState(108)) - 7114ee9f-b20c-4a85-b13e-c38a422a401d: shutdown 7114ee9f-b20c-4a85-b13e-c38a422a401d@group-BAD3DC95AD41-FollowerState
2021-08-27 19:21:04,173 [7114ee9f-b20c-4a85-b13e-c38a422a401d@group-BAD3DC95AD41-FollowerState] INFO  server.RaftServer$Division (RaftServerImpl.java:setRole(285)) - 7114ee9f-b20c-4a85-b13e-c38a422a401d@group-BAD3DC95AD41: changes role from  FOLLOWER to CANDIDATE at term 0 for changeToCandidate
2021-08-27 19:21:04,173 [7114ee9f-b20c-4a85-b13e-c38a422a401d@group-BAD3DC95AD41-FollowerState] INFO  server.RaftServerConfigKeys (ConfUtils.java:logGet(44)) - raft.server.leaderelection.pre-vote = false (custom)
2021-08-27 19:21:04,173 [7114ee9f-b20c-4a85-b13e-c38a422a401d@group-BAD3DC95AD41-FollowerState] INFO  impl.RoleInfo (RoleInfo.java:updateAndGet(130)) - 7114ee9f-b20c-4a85-b13e-c38a422a401d: start 7114ee9f-b20c-4a85-b13e-c38a422a401d@group-BAD3DC95AD41-LeaderElection21
2021-08-27 19:21:04,181 [7114ee9f-b20c-4a85-b13e-c38a422a401d@group-BAD3DC95AD41-LeaderElection21] INFO  impl.LeaderElection (LeaderElection.java:askForVotes(306)) - 7114ee9f-b20c-4a85-b13e-c38a422a401d@group-BAD3DC95AD41-LeaderElection21 ELECTION round 0: submit vote requests at term 1 for -1: [7114ee9f-b20c-4a85-b13e-c38a422a401d|rpc:127.0.0.1:33505|priority:1], old=null
2021-08-27 19:21:04,181 [7114ee9f-b20c-4a85-b13e-c38a422a401d@group-BAD3DC95AD41-LeaderElection21] INFO  impl.LeaderElection (LeaderElection.java:askForVotes(308)) - 7114ee9f-b20c-4a85-b13e-c38a422a401d@group-BAD3DC95AD41-LeaderElection21 ELECTION round 0: result PASSED (term=1)
2021-08-27 19:21:04,181 [7114ee9f-b20c-4a85-b13e-c38a422a401d@group-BAD3DC95AD41-LeaderElection21] INFO  impl.RoleInfo (RoleInfo.java:shutdownLeaderElection(121)) - 7114ee9f-b20c-4a85-b13e-c38a422a401d: shutdown 7114ee9f-b20c-4a85-b13e-c38a422a401d@group-BAD3DC95AD41-LeaderElection21
2021-08-27 19:21:04,181 [7114ee9f-b20c-4a85-b13e-c38a422a401d@group-BAD3DC95AD41-LeaderElection21] INFO  server.RaftServer$Division (RaftServerImpl.java:setRole(285)) - 7114ee9f-b20c-4a85-b13e-c38a422a401d@group-BAD3DC95AD41: changes role from CANDIDATE to LEADER at term 1 for changeToLeader
2021-08-27 19:21:04,181 [7114ee9f-b20c-4a85-b13e-c38a422a401d@group-BAD3DC95AD41-LeaderElection21] INFO  ratis.XceiverServerRatis (XceiverServerRatis.java:handleLeaderChangedNotification(861)) - Leader change notification received for group: group-BAD3DC95AD41 with new leaderId: 7114ee9f-b20c-4a85-b13e-c38a422a401d
2021-08-27 19:21:04,182 [7114ee9f-b20c-4a85-b13e-c38a422a401d@group-BAD3DC95AD41-LeaderElection21] INFO  server.RaftServer$Division (ServerState.java:setLeader(285)) - 7114ee9f-b20c-4a85-b13e-c38a422a401d@group-BAD3DC95AD41: change Leader from null to 7114ee9f-b20c-4a85-b13e-c38a422a401d at term 1 for becomeLeader, leader elected after 5180ms
2021-08-27 19:21:04,182 [7114ee9f-b20c-4a85-b13e-c38a422a401d@group-BAD3DC95AD41-LeaderElection21] INFO  server.RaftServerConfigKeys (ConfUtils.java:logGet(44)) - raft.server.staging.catchup.gap = 1000 (default)
2021-08-27 19:21:04,182 [7114ee9f-b20c-4a85-b13e-c38a422a401d@group-BAD3DC95AD41-LeaderElection21] INFO  server.RaftServerConfigKeys (ConfUtils.java:logGet(44)) - raft.server.write.element-limit = 1024 (custom)
2021-08-27 19:21:04,182 [7114ee9f-b20c-4a85-b13e-c38a422a401d@group-BAD3DC95AD41-LeaderElection21] INFO  server.RaftServerConfigKeys (ConfUtils.java:logGet(44)) - raft.server.write.byte-limit = 1024 M (=1073741824) (custom)
2021-08-27 19:21:04,182 [7114ee9f-b20c-4a85-b13e-c38a422a401d@group-BAD3DC95AD41-LeaderElection21] INFO  server.RaftServerConfigKeys (ConfUtils.java:logGet(44)) - raft.server.watch.timeout = 180s (custom)
2021-08-27 19:21:04,182 [7114ee9f-b20c-4a85-b13e-c38a422a401d@group-BAD3DC95AD41-LeaderElection21] INFO  server.RaftServerConfigKeys (ConfUtils.java:logGet(44)) - raft.server.watch.timeout.denomination = 1s (default)
2021-08-27 19:21:04,182 [7114ee9f-b20c-4a85-b13e-c38a422a401d@group-BAD3DC95AD41-LeaderElection21] INFO  server.RaftServerConfigKeys (ConfUtils.java:logGet(44)) - raft.server.watch.element-limit = 65536 (default)
2021-08-27 19:21:04,183 [7114ee9f-b20c-4a85-b13e-c38a422a401d@group-BAD3DC95AD41-LeaderElection21] INFO  impl.RoleInfo (RoleInfo.java:updateAndGet(130)) - 7114ee9f-b20c-4a85-b13e-c38a422a401d: start 7114ee9f-b20c-4a85-b13e-c38a422a401d@group-BAD3DC95AD41-LeaderStateImpl
2021-08-27 19:21:04,183 [7114ee9f-b20c-4a85-b13e-c38a422a401d@group-BAD3DC95AD41-LeaderElection21] INFO  segmented.SegmentedRaftLogWorker (SegmentedRaftLogWorker.java:startLogSegment(394)) - 7114ee9f-b20c-4a85-b13e-c38a422a401d@group-BAD3DC95AD41-SegmentedRaftLogWorker: Starting segment from index:0
2021-08-27 19:21:04,185 [EventQueue-OpenPipelineForHealthyPipelineSafeModeRule] INFO  safemode.SCMSafeModeManager (HealthyPipelineSafeModeRule.java:process(124)) - SCM in safe mode. Healthy pipelines reported count is 0, required healthy pipeline reported count is 1
2021-08-27 19:21:04,185 [7114ee9f-b20c-4a85-b13e-c38a422a401d@group-BAD3DC95AD41-SegmentedRaftLogWorker] INFO  segmented.SegmentedRaftLogWorker (SegmentedRaftLogWorker.java:execute(601)) - 7114ee9f-b20c-4a85-b13e-c38a422a401d@group-BAD3DC95AD41-SegmentedRaftLogWorker: created new log segment /home/runner/work/ozone/ozone/hadoop-ozone/integration-test/target/test-dir/MiniOzoneClusterImpl-cc6da7a1-649b-4db9-82e6-e71d50c67865/datanode-0/data/ratis/5cb02af6-06c1-48eb-af2c-bad3dc95ad41/current/log_inprogress_0
2021-08-27 19:21:04,196 [EventQueue-OpenPipelineForHealthyPipelineSafeModeRule] INFO  safemode.SCMSafeModeManager (HealthyPipelineSafeModeRule.java:process(124)) - SCM in safe mode. Healthy pipelines reported count is 0, required healthy pipeline reported count is 1
2021-08-27 19:21:04,204 [7114ee9f-b20c-4a85-b13e-c38a422a401d@group-BAD3DC95AD41-LeaderElection21] INFO  server.RaftServer$Division (ServerState.java:setRaftConf(387)) - 7114ee9f-b20c-4a85-b13e-c38a422a401d@group-BAD3DC95AD41: set configuration 0: [7114ee9f-b20c-4a85-b13e-c38a422a401d|rpc:127.0.0.1:33505|dataStream:|priority:1], old=null
2021-08-27 19:21:04,210 [EndpointStateMachine task thread for /127.0.0.1:14961 - 0 ] INFO  ipc.Client (Client.java:handleConnectionFailure(977)) - Retrying connect to server: localhost/127.0.0.1:14961. Already tried 14 time(s); retry policy is RetryUpToMaximumCountWithFixedSleep(maxRetries=15, sleepTime=1000 MILLISECONDS)
2021-08-27 19:21:04,275 [73f911ca-52fc-4abb-a332-7dbce6ccb501@group-37442FA1A88F-FollowerState] INFO  impl.FollowerState (FollowerState.java:run(134)) - 73f911ca-52fc-4abb-a332-7dbce6ccb501@group-37442FA1A88F-FollowerState: change to CANDIDATE, lastRpcElapsedTime:5013183813ns, electionTimeout:5004ms
2021-08-27 19:21:04,275 [73f911ca-52fc-4abb-a332-7dbce6ccb501@group-37442FA1A88F-FollowerState] INFO  impl.RoleInfo (RoleInfo.java:shutdownFollowerState(108)) - 73f911ca-52fc-4abb-a332-7dbce6ccb501: shutdown 73f911ca-52fc-4abb-a332-7dbce6ccb501@group-37442FA1A88F-FollowerState
2021-08-27 19:21:04,275 [73f911ca-52fc-4abb-a332-7dbce6ccb501@group-37442FA1A88F-FollowerState] INFO  server.RaftServer$Division (RaftServerImpl.java:setRole(285)) - 73f911ca-52fc-4abb-a332-7dbce6ccb501@group-37442FA1A88F: changes role from  FOLLOWER to CANDIDATE at term 0 for changeToCandidate
2021-08-27 19:21:04,276 [73f911ca-52fc-4abb-a332-7dbce6ccb501@group-37442FA1A88F-FollowerState] INFO  server.RaftServerConfigKeys (ConfUtils.java:logGet(44)) - raft.server.leaderelection.pre-vote = false (custom)
2021-08-27 19:21:04,276 [73f911ca-52fc-4abb-a332-7dbce6ccb501@group-37442FA1A88F-FollowerState] INFO  impl.RoleInfo (RoleInfo.java:updateAndGet(130)) - 73f911ca-52fc-4abb-a332-7dbce6ccb501: start 73f911ca-52fc-4abb-a332-7dbce6ccb501@group-37442FA1A88F-LeaderElection22
2021-08-27 19:21:04,295 [73f911ca-52fc-4abb-a332-7dbce6ccb501@group-37442FA1A88F-LeaderElection22] INFO  impl.LeaderElection (LeaderElection.java:askForVotes(306)) - 73f911ca-52fc-4abb-a332-7dbce6ccb501@group-37442FA1A88F-LeaderElection22 ELECTION round 0: submit vote requests at term 1 for -1: [879cfcac-0f36-4f91-b8b3-e9d7e01f977d|rpc:127.0.0.1:32853|dataStream:|priority:0, 7114ee9f-b20c-4a85-b13e-c38a422a401d|rpc:127.0.0.1:33505|dataStream:|priority:1, 73f911ca-52fc-4abb-a332-7dbce6ccb501|rpc:127.0.0.1:36141|dataStream:|priority:0], old=null
2021-08-27 19:21:04,298 [7114ee9f-b20c-4a85-b13e-c38a422a401d@group-37442FA1A88F-FollowerState] INFO  impl.FollowerState (FollowerState.java:run(134)) - 7114ee9f-b20c-4a85-b13e-c38a422a401d@group-37442FA1A88F-FollowerState: change to CANDIDATE, lastRpcElapsedTime:5194341205ns, electionTimeout:5190ms
2021-08-27 19:21:04,298 [7114ee9f-b20c-4a85-b13e-c38a422a401d@group-37442FA1A88F-FollowerState] INFO  impl.RoleInfo (RoleInfo.java:shutdownFollowerState(108)) - 7114ee9f-b20c-4a85-b13e-c38a422a401d: shutdown 7114ee9f-b20c-4a85-b13e-c38a422a401d@group-37442FA1A88F-FollowerState
2021-08-27 19:21:04,298 [7114ee9f-b20c-4a85-b13e-c38a422a401d@group-37442FA1A88F-FollowerState] INFO  server.RaftServer$Division (RaftServerImpl.java:setRole(285)) - 7114ee9f-b20c-4a85-b13e-c38a422a401d@group-37442FA1A88F: changes role from  FOLLOWER to CANDIDATE at term 0 for changeToCandidate
2021-08-27 19:21:04,302 [7114ee9f-b20c-4a85-b13e-c38a422a401d@group-37442FA1A88F-FollowerState] INFO  server.RaftServerConfigKeys (ConfUtils.java:logGet(44)) - raft.server.leaderelection.pre-vote = false (custom)
2021-08-27 19:21:04,302 [7114ee9f-b20c-4a85-b13e-c38a422a401d@group-37442FA1A88F-FollowerState] INFO  impl.RoleInfo (RoleInfo.java:updateAndGet(130)) - 7114ee9f-b20c-4a85-b13e-c38a422a401d: start 7114ee9f-b20c-4a85-b13e-c38a422a401d@group-37442FA1A88F-LeaderElection23
2021-08-27 19:21:04,310 [grpc-default-executor-0] INFO  server.RaftServer$Division (RaftServerImpl.java:requestVote(1043)) - 879cfcac-0f36-4f91-b8b3-e9d7e01f977d@group-37442FA1A88F: receive requestVote(ELECTION, 73f911ca-52fc-4abb-a332-7dbce6ccb501, group-37442FA1A88F, 1, (t:0, i:0))
2021-08-27 19:21:04,310 [grpc-default-executor-0] INFO  impl.VoteContext (VoteContext.java:log(48)) - 879cfcac-0f36-4f91-b8b3-e9d7e01f977d@group-37442FA1A88F-FOLLOWER: accept ELECTION from 73f911ca-52fc-4abb-a332-7dbce6ccb501: our priority 0 <= candidate's priority 0
2021-08-27 19:21:04,310 [grpc-default-executor-0] INFO  server.RaftServer$Division (RaftServerImpl.java:setRole(285)) - 879cfcac-0f36-4f91-b8b3-e9d7e01f977d@group-37442FA1A88F: changes role from  FOLLOWER to FOLLOWER at term 1 for candidate:73f911ca-52fc-4abb-a332-7dbce6ccb501
2021-08-27 19:21:04,310 [grpc-default-executor-0] INFO  impl.RoleInfo (RoleInfo.java:shutdownFollowerState(108)) - 879cfcac-0f36-4f91-b8b3-e9d7e01f977d: shutdown 879cfcac-0f36-4f91-b8b3-e9d7e01f977d@group-37442FA1A88F-FollowerState
2021-08-27 19:21:04,315 [879cfcac-0f36-4f91-b8b3-e9d7e01f977d@group-37442FA1A88F-FollowerState] INFO  impl.FollowerState (FollowerState.java:run(143)) - 879cfcac-0f36-4f91-b8b3-e9d7e01f977d@group-37442FA1A88F-FollowerState was interrupted: {}
java.lang.InterruptedException: sleep interrupted
	at java.lang.Thread.sleep(Native Method)
	at java.lang.Thread.sleep(Thread.java:340)
	at java.util.concurrent.TimeUnit.sleep(TimeUnit.java:386)
	at org.apache.ratis.util.TimeDuration.sleep(TimeDuration.java:324)
	at org.apache.ratis.util.TimeDuration.sleep(TimeDuration.java:309)
	at org.apache.ratis.server.impl.FollowerState.run(FollowerState.java:118)
2021-08-27 19:21:04,315 [grpc-default-executor-0] INFO  impl.RoleInfo (RoleInfo.java:updateAndGet(130)) - 879cfcac-0f36-4f91-b8b3-e9d7e01f977d: start 879cfcac-0f36-4f91-b8b3-e9d7e01f977d@group-37442FA1A88F-FollowerState
2021-08-27 19:21:04,323 [grpc-default-executor-2] INFO  server.RaftServer$Division (RaftServerImpl.java:requestVote(1043)) - 7114ee9f-b20c-4a85-b13e-c38a422a401d@group-37442FA1A88F: receive requestVote(ELECTION, 73f911ca-52fc-4abb-a332-7dbce6ccb501, group-37442FA1A88F, 1, (t:0, i:0))
2021-08-27 19:21:04,339 [grpc-default-executor-2] INFO  impl.VoteContext (VoteContext.java:log(48)) - 7114ee9f-b20c-4a85-b13e-c38a422a401d@group-37442FA1A88F-CANDIDATE: reject ELECTION from 73f911ca-52fc-4abb-a332-7dbce6ccb501: our priority 1 > candidate's priority 0
2021-08-27 19:21:04,339 [grpc-default-executor-2] INFO  server.RaftServer$Division (RaftServerImpl.java:setRole(285)) - 7114ee9f-b20c-4a85-b13e-c38a422a401d@group-37442FA1A88F: changes role from CANDIDATE to FOLLOWER at term 1 for candidate:73f911ca-52fc-4abb-a332-7dbce6ccb501
2021-08-27 19:21:04,339 [grpc-default-executor-2] INFO  impl.RoleInfo (RoleInfo.java:shutdownLeaderElection(121)) - 7114ee9f-b20c-4a85-b13e-c38a422a401d: shutdown 7114ee9f-b20c-4a85-b13e-c38a422a401d@group-37442FA1A88F-LeaderElection23
2021-08-27 19:21:04,339 [grpc-default-executor-2] INFO  impl.RoleInfo (RoleInfo.java:updateAndGet(130)) - 7114ee9f-b20c-4a85-b13e-c38a422a401d: start 7114ee9f-b20c-4a85-b13e-c38a422a401d@group-37442FA1A88F-FollowerState
2021-08-27 19:21:04,341 [grpc-default-executor-0] INFO  server.RaftServer$Division (RaftServerImpl.java:requestVote(1075)) - 879cfcac-0f36-4f91-b8b3-e9d7e01f977d@group-37442FA1A88F replies to ELECTION vote request: 73f911ca-52fc-4abb-a332-7dbce6ccb501<-879cfcac-0f36-4f91-b8b3-e9d7e01f977d#0:OK-t1. Peer's state: 879cfcac-0f36-4f91-b8b3-e9d7e01f977d@group-37442FA1A88F:t1, leader=null, voted=73f911ca-52fc-4abb-a332-7dbce6ccb501, raftlog=879cfcac-0f36-4f91-b8b3-e9d7e01f977d@group-37442FA1A88F-SegmentedRaftLog:OPENED:c-1,f-1,i0, conf=-1: [879cfcac-0f36-4f91-b8b3-e9d7e01f977d|rpc:127.0.0.1:32853|dataStream:|priority:0, 7114ee9f-b20c-4a85-b13e-c38a422a401d|rpc:127.0.0.1:33505|dataStream:|priority:1, 73f911ca-52fc-4abb-a332-7dbce6ccb501|rpc:127.0.0.1:36141|dataStream:|priority:0], old=null
2021-08-27 19:21:04,343 [grpc-default-executor-2] INFO  server.RaftServer$Division (RaftServerImpl.java:requestVote(1075)) - 7114ee9f-b20c-4a85-b13e-c38a422a401d@group-37442FA1A88F replies to ELECTION vote request: 73f911ca-52fc-4abb-a332-7dbce6ccb501<-7114ee9f-b20c-4a85-b13e-c38a422a401d#0:FAIL-t1. Peer's state: 7114ee9f-b20c-4a85-b13e-c38a422a401d@group-37442FA1A88F:t1, leader=null, voted=null, raftlog=7114ee9f-b20c-4a85-b13e-c38a422a401d@group-37442FA1A88F-SegmentedRaftLog:OPENED:c-1,f-1,i0, conf=-1: [879cfcac-0f36-4f91-b8b3-e9d7e01f977d|rpc:127.0.0.1:32853|priority:0, 7114ee9f-b20c-4a85-b13e-c38a422a401d|rpc:127.0.0.1:33505|priority:1, 73f911ca-52fc-4abb-a332-7dbce6ccb501|rpc:127.0.0.1:36141|priority:0], old=null
2021-08-27 19:21:04,344 [73f911ca-52fc-4abb-a332-7dbce6ccb501@group-37442FA1A88F-LeaderElection22] INFO  impl.LeaderElection (LeaderElection.java:logAndReturn(89)) - 73f911ca-52fc-4abb-a332-7dbce6ccb501@group-37442FA1A88F-LeaderElection22: ELECTION REJECTED received 2 response(s) and 0 exception(s):
2021-08-27 19:21:04,344 [73f911ca-52fc-4abb-a332-7dbce6ccb501@group-37442FA1A88F-LeaderElection22] INFO  impl.LeaderElection (LeaderElection.java:logAndReturn(93)) -   Response 0: 73f911ca-52fc-4abb-a332-7dbce6ccb501<-879cfcac-0f36-4f91-b8b3-e9d7e01f977d#0:OK-t1
2021-08-27 19:21:04,344 [73f911ca-52fc-4abb-a332-7dbce6ccb501@group-37442FA1A88F-LeaderElection22] INFO  impl.LeaderElection (LeaderElection.java:logAndReturn(93)) -   Response 1: 73f911ca-52fc-4abb-a332-7dbce6ccb501<-7114ee9f-b20c-4a85-b13e-c38a422a401d#0:FAIL-t1
2021-08-27 19:21:04,344 [73f911ca-52fc-4abb-a332-7dbce6ccb501@group-37442FA1A88F-LeaderElection22] INFO  impl.LeaderElection (LeaderElection.java:askForVotes(308)) - 73f911ca-52fc-4abb-a332-7dbce6ccb501@group-37442FA1A88F-LeaderElection22 ELECTION round 0: result REJECTED
2021-08-27 19:21:04,345 [73f911ca-52fc-4abb-a332-7dbce6ccb501@group-37442FA1A88F-LeaderElection22] INFO  server.RaftServer$Division (RaftServerImpl.java:setRole(285)) - 73f911ca-52fc-4abb-a332-7dbce6ccb501@group-37442FA1A88F: changes role from CANDIDATE to FOLLOWER at term 1 for REJECTED
2021-08-27 19:21:04,345 [73f911ca-52fc-4abb-a332-7dbce6ccb501@group-37442FA1A88F-LeaderElection22] INFO  impl.RoleInfo (RoleInfo.java:shutdownLeaderElection(121)) - 73f911ca-52fc-4abb-a332-7dbce6ccb501: shutdown 73f911ca-52fc-4abb-a332-7dbce6ccb501@group-37442FA1A88F-LeaderElection22
2021-08-27 19:21:04,345 [73f911ca-52fc-4abb-a332-7dbce6ccb501@group-37442FA1A88F-LeaderElection22] INFO  impl.RoleInfo (RoleInfo.java:updateAndGet(130)) - 73f911ca-52fc-4abb-a332-7dbce6ccb501: start 73f911ca-52fc-4abb-a332-7dbce6ccb501@group-37442FA1A88F-FollowerState
2021-08-27 19:21:04,500 [EndpointStateMachine task thread for /127.0.0.1:14981 - 0 ] INFO  ipc.Client (Client.java:handleConnectionFailure(977)) - Retrying connect to server: localhost/127.0.0.1:14981. Already tried 12 time(s); retry policy is RetryUpToMaximumCountWithFixedSleep(maxRetries=15, sleepTime=1000 MILLISECONDS)
2021-08-27 19:21:04,500 [EndpointStateMachine task thread for /127.0.0.1:14971 - 0 ] INFO  ipc.Client (Client.java:handleConnectionFailure(977)) - Retrying connect to server: localhost/127.0.0.1:14971. Already tried 12 time(s); retry policy is RetryUpToMaximumCountWithFixedSleep(maxRetries=15, sleepTime=1000 MILLISECONDS)
2021-08-27 19:21:04,502 [7114ee9f-b20c-4a85-b13e-c38a422a401d@group-0289F99EAF61-FollowerState] INFO  impl.FollowerState (FollowerState.java:run(134)) - 7114ee9f-b20c-4a85-b13e-c38a422a401d@group-0289F99EAF61-FollowerState: change to CANDIDATE, lastRpcElapsedTime:5164748691ns, electionTimeout:5155ms
2021-08-27 19:21:04,502 [7114ee9f-b20c-4a85-b13e-c38a422a401d@group-0289F99EAF61-FollowerState] INFO  impl.RoleInfo (RoleInfo.java:shutdownFollowerState(108)) - 7114ee9f-b20c-4a85-b13e-c38a422a401d: shutdown 7114ee9f-b20c-4a85-b13e-c38a422a401d@group-0289F99EAF61-FollowerState
2021-08-27 19:21:04,502 [7114ee9f-b20c-4a85-b13e-c38a422a401d@group-0289F99EAF61-FollowerState] INFO  server.RaftServer$Division (RaftServerImpl.java:setRole(285)) - 7114ee9f-b20c-4a85-b13e-c38a422a401d@group-0289F99EAF61: changes role from  FOLLOWER to CANDIDATE at term 0 for changeToCandidate
2021-08-27 19:21:04,503 [7114ee9f-b20c-4a85-b13e-c38a422a401d@group-0289F99EAF61-FollowerState] INFO  server.RaftServerConfigKeys (ConfUtils.java:logGet(44)) - raft.server.leaderelection.pre-vote = false (custom)
2021-08-27 19:21:04,503 [7114ee9f-b20c-4a85-b13e-c38a422a401d@group-0289F99EAF61-FollowerState] INFO  impl.RoleInfo (RoleInfo.java:updateAndGet(130)) - 7114ee9f-b20c-4a85-b13e-c38a422a401d: start 7114ee9f-b20c-4a85-b13e-c38a422a401d@group-0289F99EAF61-LeaderElection24
2021-08-27 19:21:04,526 [879cfcac-0f36-4f91-b8b3-e9d7e01f977d@group-0289F99EAF61-FollowerState] INFO  impl.FollowerState (FollowerState.java:run(134)) - 879cfcac-0f36-4f91-b8b3-e9d7e01f977d@group-0289F99EAF61-FollowerState: change to CANDIDATE, lastRpcElapsedTime:5069318033ns, electionTimeout:5066ms
2021-08-27 19:21:04,527 [879cfcac-0f36-4f91-b8b3-e9d7e01f977d@group-0289F99EAF61-FollowerState] INFO  impl.RoleInfo (RoleInfo.java:shutdownFollowerState(108)) - 879cfcac-0f36-4f91-b8b3-e9d7e01f977d: shutdown 879cfcac-0f36-4f91-b8b3-e9d7e01f977d@group-0289F99EAF61-FollowerState
2021-08-27 19:21:04,528 [879cfcac-0f36-4f91-b8b3-e9d7e01f977d@group-0289F99EAF61-FollowerState] INFO  server.RaftServer$Division (RaftServerImpl.java:setRole(285)) - 879cfcac-0f36-4f91-b8b3-e9d7e01f977d@group-0289F99EAF61: changes role from  FOLLOWER to CANDIDATE at term 0 for changeToCandidate
2021-08-27 19:21:04,528 [879cfcac-0f36-4f91-b8b3-e9d7e01f977d@group-0289F99EAF61-FollowerState] INFO  server.RaftServerConfigKeys (ConfUtils.java:logGet(44)) - raft.server.leaderelection.pre-vote = false (custom)
2021-08-27 19:21:04,528 [879cfcac-0f36-4f91-b8b3-e9d7e01f977d@group-0289F99EAF61-FollowerState] INFO  impl.RoleInfo (RoleInfo.java:updateAndGet(130)) - 879cfcac-0f36-4f91-b8b3-e9d7e01f977d: start 879cfcac-0f36-4f91-b8b3-e9d7e01f977d@group-0289F99EAF61-LeaderElection25
2021-08-27 19:21:04,529 [7114ee9f-b20c-4a85-b13e-c38a422a401d@group-0289F99EAF61-LeaderElection24] INFO  impl.LeaderElection (LeaderElection.java:askForVotes(306)) - 7114ee9f-b20c-4a85-b13e-c38a422a401d@group-0289F99EAF61-LeaderElection24 ELECTION round 0: submit vote requests at term 1 for -1: [879cfcac-0f36-4f91-b8b3-e9d7e01f977d|rpc:127.0.0.1:32853|priority:1, 7114ee9f-b20c-4a85-b13e-c38a422a401d|rpc:127.0.0.1:33505|priority:0, 73f911ca-52fc-4abb-a332-7dbce6ccb501|rpc:127.0.0.1:36141|priority:0], old=null
2021-08-27 19:21:04,541 [879cfcac-0f36-4f91-b8b3-e9d7e01f977d@group-0289F99EAF61-LeaderElection25] INFO  impl.LeaderElection (LeaderElection.java:askForVotes(306)) - 879cfcac-0f36-4f91-b8b3-e9d7e01f977d@group-0289F99EAF61-LeaderElection25 ELECTION round 0: submit vote requests at term 1 for -1: [879cfcac-0f36-4f91-b8b3-e9d7e01f977d|rpc:127.0.0.1:32853|dataStream:|priority:1, 7114ee9f-b20c-4a85-b13e-c38a422a401d|rpc:127.0.0.1:33505|dataStream:|priority:0, 73f911ca-52fc-4abb-a332-7dbce6ccb501|rpc:127.0.0.1:36141|dataStream:|priority:0], old=null
2021-08-27 19:21:04,564 [73f911ca-52fc-4abb-a332-7dbce6ccb501@group-0289F99EAF61-FollowerState] INFO  impl.FollowerState (FollowerState.java:run(134)) - 73f911ca-52fc-4abb-a332-7dbce6ccb501@group-0289F99EAF61-FollowerState: change to CANDIDATE, lastRpcElapsedTime:5175172364ns, electionTimeout:5174ms
2021-08-27 19:21:04,564 [73f911ca-52fc-4abb-a332-7dbce6ccb501@group-0289F99EAF61-FollowerState] INFO  impl.RoleInfo (RoleInfo.java:shutdownFollowerState(108)) - 73f911ca-52fc-4abb-a332-7dbce6ccb501: shutdown 73f911ca-52fc-4abb-a332-7dbce6ccb501@group-0289F99EAF61-FollowerState
2021-08-27 19:21:04,564 [73f911ca-52fc-4abb-a332-7dbce6ccb501@group-0289F99EAF61-FollowerState] INFO  server.RaftServer$Division (RaftServerImpl.java:setRole(285)) - 73f911ca-52fc-4abb-a332-7dbce6ccb501@group-0289F99EAF61: changes role from  FOLLOWER to CANDIDATE at term 0 for changeToCandidate
2021-08-27 19:21:04,564 [73f911ca-52fc-4abb-a332-7dbce6ccb501@group-0289F99EAF61-FollowerState] INFO  server.RaftServerConfigKeys (ConfUtils.java:logGet(44)) - raft.server.leaderelection.pre-vote = false (custom)
2021-08-27 19:21:04,564 [73f911ca-52fc-4abb-a332-7dbce6ccb501@group-0289F99EAF61-FollowerState] INFO  impl.RoleInfo (RoleInfo.java:updateAndGet(130)) - 73f911ca-52fc-4abb-a332-7dbce6ccb501: start 73f911ca-52fc-4abb-a332-7dbce6ccb501@group-0289F99EAF61-LeaderElection26
2021-08-27 19:21:04,577 [grpc-default-executor-2] INFO  server.RaftServer$Division (RaftServerImpl.java:requestVote(1043)) - 73f911ca-52fc-4abb-a332-7dbce6ccb501@group-0289F99EAF61: receive requestVote(ELECTION, 7114ee9f-b20c-4a85-b13e-c38a422a401d, group-0289F99EAF61, 1, (t:0, i:0))
2021-08-27 19:21:04,577 [grpc-default-executor-0] INFO  server.RaftServer$Division (RaftServerImpl.java:requestVote(1043)) - 879cfcac-0f36-4f91-b8b3-e9d7e01f977d@group-0289F99EAF61: receive requestVote(ELECTION, 7114ee9f-b20c-4a85-b13e-c38a422a401d, group-0289F99EAF61, 1, (t:0, i:0))
2021-08-27 19:21:04,577 [grpc-default-executor-0] INFO  impl.VoteContext (VoteContext.java:log(48)) - 879cfcac-0f36-4f91-b8b3-e9d7e01f977d@group-0289F99EAF61-CANDIDATE: reject ELECTION from 7114ee9f-b20c-4a85-b13e-c38a422a401d: already has voted for 879cfcac-0f36-4f91-b8b3-e9d7e01f977d at current term 1
2021-08-27 19:21:04,578 [grpc-default-executor-0] INFO  server.RaftServer$Division (RaftServerImpl.java:requestVote(1075)) - 879cfcac-0f36-4f91-b8b3-e9d7e01f977d@group-0289F99EAF61 replies to ELECTION vote request: 7114ee9f-b20c-4a85-b13e-c38a422a401d<-879cfcac-0f36-4f91-b8b3-e9d7e01f977d#0:FAIL-t1. Peer's state: 879cfcac-0f36-4f91-b8b3-e9d7e01f977d@group-0289F99EAF61:t1, leader=null, voted=879cfcac-0f36-4f91-b8b3-e9d7e01f977d, raftlog=879cfcac-0f36-4f91-b8b3-e9d7e01f977d@group-0289F99EAF61-SegmentedRaftLog:OPENED:c-1,f-1,i0, conf=-1: [879cfcac-0f36-4f91-b8b3-e9d7e01f977d|rpc:127.0.0.1:32853|dataStream:|priority:1, 7114ee9f-b20c-4a85-b13e-c38a422a401d|rpc:127.0.0.1:33505|dataStream:|priority:0, 73f911ca-52fc-4abb-a332-7dbce6ccb501|rpc:127.0.0.1:36141|dataStream:|priority:0], old=null
2021-08-27 19:21:04,586 [7114ee9f-b20c-4a85-b13e-c38a422a401d@group-0289F99EAF61-LeaderElection24] INFO  impl.LeaderElection (LeaderElection.java:logAndReturn(89)) - 7114ee9f-b20c-4a85-b13e-c38a422a401d@group-0289F99EAF61-LeaderElection24: ELECTION REJECTED received 1 response(s) and 0 exception(s):
2021-08-27 19:21:04,586 [7114ee9f-b20c-4a85-b13e-c38a422a401d@group-0289F99EAF61-LeaderElection24] INFO  impl.LeaderElection (LeaderElection.java:logAndReturn(93)) -   Response 0: 7114ee9f-b20c-4a85-b13e-c38a422a401d<-879cfcac-0f36-4f91-b8b3-e9d7e01f977d#0:FAIL-t1
2021-08-27 19:21:04,586 [7114ee9f-b20c-4a85-b13e-c38a422a401d@group-0289F99EAF61-LeaderElection24] INFO  impl.LeaderElection (LeaderElection.java:askForVotes(308)) - 7114ee9f-b20c-4a85-b13e-c38a422a401d@group-0289F99EAF61-LeaderElection24 ELECTION round 0: result REJECTED
2021-08-27 19:21:04,586 [7114ee9f-b20c-4a85-b13e-c38a422a401d@group-0289F99EAF61-LeaderElection24] INFO  server.RaftServer$Division (RaftServerImpl.java:setRole(285)) - 7114ee9f-b20c-4a85-b13e-c38a422a401d@group-0289F99EAF61: changes role from CANDIDATE to FOLLOWER at term 1 for REJECTED
2021-08-27 19:21:04,586 [7114ee9f-b20c-4a85-b13e-c38a422a401d@group-0289F99EAF61-LeaderElection24] INFO  impl.RoleInfo (RoleInfo.java:shutdownLeaderElection(121)) - 7114ee9f-b20c-4a85-b13e-c38a422a401d: shutdown 7114ee9f-b20c-4a85-b13e-c38a422a401d@group-0289F99EAF61-LeaderElection24
2021-08-27 19:21:04,587 [7114ee9f-b20c-4a85-b13e-c38a422a401d@group-0289F99EAF61-LeaderElection24] INFO  impl.RoleInfo (RoleInfo.java:updateAndGet(130)) - 7114ee9f-b20c-4a85-b13e-c38a422a401d: start 7114ee9f-b20c-4a85-b13e-c38a422a401d@group-0289F99EAF61-FollowerState
2021-08-27 19:21:04,587 [73f911ca-52fc-4abb-a332-7dbce6ccb501@group-0289F99EAF61-LeaderElection26] INFO  impl.LeaderElection (LeaderElection.java:askForVotes(306)) - 73f911ca-52fc-4abb-a332-7dbce6ccb501@group-0289F99EAF61-LeaderElection26 ELECTION round 0: submit vote requests at term 1 for -1: [879cfcac-0f36-4f91-b8b3-e9d7e01f977d|rpc:127.0.0.1:32853|dataStream:|priority:1, 7114ee9f-b20c-4a85-b13e-c38a422a401d|rpc:127.0.0.1:33505|dataStream:|priority:0, 73f911ca-52fc-4abb-a332-7dbce6ccb501|rpc:127.0.0.1:36141|dataStream:|priority:0], old=null
2021-08-27 19:21:04,591 [grpc-default-executor-2] INFO  impl.VoteContext (VoteContext.java:log(48)) - 73f911ca-52fc-4abb-a332-7dbce6ccb501@group-0289F99EAF61-CANDIDATE: reject ELECTION from 7114ee9f-b20c-4a85-b13e-c38a422a401d: already has voted for 73f911ca-52fc-4abb-a332-7dbce6ccb501 at current term 1
2021-08-27 19:21:04,591 [grpc-default-executor-2] INFO  server.RaftServer$Division (RaftServerImpl.java:requestVote(1075)) - 73f911ca-52fc-4abb-a332-7dbce6ccb501@group-0289F99EAF61 replies to ELECTION vote request: 7114ee9f-b20c-4a85-b13e-c38a422a401d<-73f911ca-52fc-4abb-a332-7dbce6ccb501#0:FAIL-t1. Peer's state: 73f911ca-52fc-4abb-a332-7dbce6ccb501@group-0289F99EAF61:t1, leader=null, voted=73f911ca-52fc-4abb-a332-7dbce6ccb501, raftlog=73f911ca-52fc-4abb-a332-7dbce6ccb501@group-0289F99EAF61-SegmentedRaftLog:OPENED:c-1,f-1,i0, conf=-1: [879cfcac-0f36-4f91-b8b3-e9d7e01f977d|rpc:127.0.0.1:32853|dataStream:|priority:1, 7114ee9f-b20c-4a85-b13e-c38a422a401d|rpc:127.0.0.1:33505|dataStream:|priority:0, 73f911ca-52fc-4abb-a332-7dbce6ccb501|rpc:127.0.0.1:36141|dataStream:|priority:0], old=null
2021-08-27 19:21:04,593 [grpc-default-executor-0] INFO  server.RaftServer$Division (RaftServerImpl.java:requestVote(1043)) - 7114ee9f-b20c-4a85-b13e-c38a422a401d@group-0289F99EAF61: receive requestVote(ELECTION, 879cfcac-0f36-4f91-b8b3-e9d7e01f977d, group-0289F99EAF61, 1, (t:0, i:0))
2021-08-27 19:21:04,602 [grpc-default-executor-0] INFO  impl.VoteContext (VoteContext.java:log(48)) - 7114ee9f-b20c-4a85-b13e-c38a422a401d@group-0289F99EAF61-FOLLOWER: reject ELECTION from 879cfcac-0f36-4f91-b8b3-e9d7e01f977d: already has voted for 7114ee9f-b20c-4a85-b13e-c38a422a401d at current term 1
2021-08-27 19:21:04,603 [grpc-default-executor-0] INFO  server.RaftServer$Division (RaftServerImpl.java:requestVote(1075)) - 7114ee9f-b20c-4a85-b13e-c38a422a401d@group-0289F99EAF61 replies to ELECTION vote request: 879cfcac-0f36-4f91-b8b3-e9d7e01f977d<-7114ee9f-b20c-4a85-b13e-c38a422a401d#0:FAIL-t1. Peer's state: 7114ee9f-b20c-4a85-b13e-c38a422a401d@group-0289F99EAF61:t1, leader=null, voted=7114ee9f-b20c-4a85-b13e-c38a422a401d, raftlog=7114ee9f-b20c-4a85-b13e-c38a422a401d@group-0289F99EAF61-SegmentedRaftLog:OPENED:c-1,f-1,i0, conf=-1: [879cfcac-0f36-4f91-b8b3-e9d7e01f977d|rpc:127.0.0.1:32853|priority:1, 7114ee9f-b20c-4a85-b13e-c38a422a401d|rpc:127.0.0.1:33505|priority:0, 73f911ca-52fc-4abb-a332-7dbce6ccb501|rpc:127.0.0.1:36141|priority:0], old=null
2021-08-27 19:21:04,626 [grpc-default-executor-0] INFO  server.RaftServer$Division (RaftServerImpl.java:requestVote(1043)) - 879cfcac-0f36-4f91-b8b3-e9d7e01f977d@group-0289F99EAF61: receive requestVote(ELECTION, 73f911ca-52fc-4abb-a332-7dbce6ccb501, group-0289F99EAF61, 1, (t:0, i:0))
2021-08-27 19:21:04,627 [grpc-default-executor-0] INFO  impl.VoteContext (VoteContext.java:log(48)) - 879cfcac-0f36-4f91-b8b3-e9d7e01f977d@group-0289F99EAF61-CANDIDATE: reject ELECTION from 73f911ca-52fc-4abb-a332-7dbce6ccb501: already has voted for 879cfcac-0f36-4f91-b8b3-e9d7e01f977d at current term 1
2021-08-27 19:21:04,627 [grpc-default-executor-0] INFO  server.RaftServer$Division (RaftServerImpl.java:requestVote(1075)) - 879cfcac-0f36-4f91-b8b3-e9d7e01f977d@group-0289F99EAF61 replies to ELECTION vote request: 73f911ca-52fc-4abb-a332-7dbce6ccb501<-879cfcac-0f36-4f91-b8b3-e9d7e01f977d#0:FAIL-t1. Peer's state: 879cfcac-0f36-4f91-b8b3-e9d7e01f977d@group-0289F99EAF61:t1, leader=null, voted=879cfcac-0f36-4f91-b8b3-e9d7e01f977d, raftlog=879cfcac-0f36-4f91-b8b3-e9d7e01f977d@group-0289F99EAF61-SegmentedRaftLog:OPENED:c-1,f-1,i0, conf=-1: [879cfcac-0f36-4f91-b8b3-e9d7e01f977d|rpc:127.0.0.1:32853|dataStream:|priority:1, 7114ee9f-b20c-4a85-b13e-c38a422a401d|rpc:127.0.0.1:33505|dataStream:|priority:0, 73f911ca-52fc-4abb-a332-7dbce6ccb501|rpc:127.0.0.1:36141|dataStream:|priority:0], old=null
2021-08-27 19:21:04,627 [grpc-default-executor-2] INFO  server.RaftServer$Division (RaftServerImpl.java:requestVote(1043)) - 7114ee9f-b20c-4a85-b13e-c38a422a401d@group-0289F99EAF61: receive requestVote(ELECTION, 73f911ca-52fc-4abb-a332-7dbce6ccb501, group-0289F99EAF61, 1, (t:0, i:0))
2021-08-27 19:21:04,627 [grpc-default-executor-2] INFO  impl.VoteContext (VoteContext.java:log(48)) - 7114ee9f-b20c-4a85-b13e-c38a422a401d@group-0289F99EAF61-FOLLOWER: reject ELECTION from 73f911ca-52fc-4abb-a332-7dbce6ccb501: already has voted for 7114ee9f-b20c-4a85-b13e-c38a422a401d at current term 1
2021-08-27 19:21:04,627 [grpc-default-executor-2] INFO  server.RaftServer$Division (RaftServerImpl.java:requestVote(1075)) - 7114ee9f-b20c-4a85-b13e-c38a422a401d@group-0289F99EAF61 replies to ELECTION vote request: 73f911ca-52fc-4abb-a332-7dbce6ccb501<-7114ee9f-b20c-4a85-b13e-c38a422a401d#0:FAIL-t1. Peer's state: 7114ee9f-b20c-4a85-b13e-c38a422a401d@group-0289F99EAF61:t1, leader=null, voted=7114ee9f-b20c-4a85-b13e-c38a422a401d, raftlog=7114ee9f-b20c-4a85-b13e-c38a422a401d@group-0289F99EAF61-SegmentedRaftLog:OPENED:c-1,f-1,i0, conf=-1: [879cfcac-0f36-4f91-b8b3-e9d7e01f977d|rpc:127.0.0.1:32853|priority:1, 7114ee9f-b20c-4a85-b13e-c38a422a401d|rpc:127.0.0.1:33505|priority:0, 73f911ca-52fc-4abb-a332-7dbce6ccb501|rpc:127.0.0.1:36141|priority:0], old=null
2021-08-27 19:21:04,627 [grpc-default-executor-2] INFO  server.RaftServer$Division (RaftServerImpl.java:requestVote(1043)) - 73f911ca-52fc-4abb-a332-7dbce6ccb501@group-0289F99EAF61: receive requestVote(ELECTION, 879cfcac-0f36-4f91-b8b3-e9d7e01f977d, group-0289F99EAF61, 1, (t:0, i:0))
2021-08-27 19:21:04,627 [grpc-default-executor-2] INFO  impl.VoteContext (VoteContext.java:log(48)) - 73f911ca-52fc-4abb-a332-7dbce6ccb501@group-0289F99EAF61-CANDIDATE: reject ELECTION from 879cfcac-0f36-4f91-b8b3-e9d7e01f977d: already has voted for 73f911ca-52fc-4abb-a332-7dbce6ccb501 at current term 1
2021-08-27 19:21:04,628 [grpc-default-executor-2] INFO  server.RaftServer$Division (RaftServerImpl.java:requestVote(1075)) - 73f911ca-52fc-4abb-a332-7dbce6ccb501@group-0289F99EAF61 replies to ELECTION vote request: 879cfcac-0f36-4f91-b8b3-e9d7e01f977d<-73f911ca-52fc-4abb-a332-7dbce6ccb501#0:FAIL-t1. Peer's state: 73f911ca-52fc-4abb-a332-7dbce6ccb501@group-0289F99EAF61:t1, leader=null, voted=73f911ca-52fc-4abb-a332-7dbce6ccb501, raftlog=73f911ca-52fc-4abb-a332-7dbce6ccb501@group-0289F99EAF61-SegmentedRaftLog:OPENED:c-1,f-1,i0, conf=-1: [879cfcac-0f36-4f91-b8b3-e9d7e01f977d|rpc:127.0.0.1:32853|dataStream:|priority:1, 7114ee9f-b20c-4a85-b13e-c38a422a401d|rpc:127.0.0.1:33505|dataStream:|priority:0, 73f911ca-52fc-4abb-a332-7dbce6ccb501|rpc:127.0.0.1:36141|dataStream:|priority:0], old=null
2021-08-27 19:21:04,629 [73f911ca-52fc-4abb-a332-7dbce6ccb501@group-0289F99EAF61-LeaderElection26] INFO  impl.LeaderElection (LeaderElection.java:logAndReturn(89)) - 73f911ca-52fc-4abb-a332-7dbce6ccb501@group-0289F99EAF61-LeaderElection26: ELECTION REJECTED received 1 response(s) and 0 exception(s):
2021-08-27 19:21:04,629 [73f911ca-52fc-4abb-a332-7dbce6ccb501@group-0289F99EAF61-LeaderElection26] INFO  impl.LeaderElection (LeaderElection.java:logAndReturn(93)) -   Response 0: 73f911ca-52fc-4abb-a332-7dbce6ccb501<-879cfcac-0f36-4f91-b8b3-e9d7e01f977d#0:FAIL-t1
2021-08-27 19:21:04,629 [73f911ca-52fc-4abb-a332-7dbce6ccb501@group-0289F99EAF61-LeaderElection26] INFO  impl.LeaderElection (LeaderElection.java:askForVotes(308)) - 73f911ca-52fc-4abb-a332-7dbce6ccb501@group-0289F99EAF61-LeaderElection26 ELECTION round 0: result REJECTED
2021-08-27 19:21:04,629 [73f911ca-52fc-4abb-a332-7dbce6ccb501@group-0289F99EAF61-LeaderElection26] INFO  server.RaftServer$Division (RaftServerImpl.java:setRole(285)) - 73f911ca-52fc-4abb-a332-7dbce6ccb501@group-0289F99EAF61: changes role from CANDIDATE to FOLLOWER at term 1 for REJECTED
2021-08-27 19:21:04,629 [73f911ca-52fc-4abb-a332-7dbce6ccb501@group-0289F99EAF61-LeaderElection26] INFO  impl.RoleInfo (RoleInfo.java:shutdownLeaderElection(121)) - 73f911ca-52fc-4abb-a332-7dbce6ccb501: shutdown 73f911ca-52fc-4abb-a332-7dbce6ccb501@group-0289F99EAF61-LeaderElection26
2021-08-27 19:21:04,629 [73f911ca-52fc-4abb-a332-7dbce6ccb501@group-0289F99EAF61-LeaderElection26] INFO  impl.RoleInfo (RoleInfo.java:updateAndGet(130)) - 73f911ca-52fc-4abb-a332-7dbce6ccb501: start 73f911ca-52fc-4abb-a332-7dbce6ccb501@group-0289F99EAF61-FollowerState
2021-08-27 19:21:04,636 [879cfcac-0f36-4f91-b8b3-e9d7e01f977d@group-0289F99EAF61-LeaderElection25] INFO  impl.LeaderElection (LeaderElection.java:logAndReturn(89)) - 879cfcac-0f36-4f91-b8b3-e9d7e01f977d@group-0289F99EAF61-LeaderElection25: ELECTION REJECTED received 2 response(s) and 0 exception(s):
2021-08-27 19:21:04,636 [879cfcac-0f36-4f91-b8b3-e9d7e01f977d@group-0289F99EAF61-LeaderElection25] INFO  impl.LeaderElection (LeaderElection.java:logAndReturn(93)) -   Response 0: 879cfcac-0f36-4f91-b8b3-e9d7e01f977d<-7114ee9f-b20c-4a85-b13e-c38a422a401d#0:FAIL-t1
2021-08-27 19:21:04,636 [879cfcac-0f36-4f91-b8b3-e9d7e01f977d@group-0289F99EAF61-LeaderElection25] INFO  impl.LeaderElection (LeaderElection.java:logAndReturn(93)) -   Response 1: 879cfcac-0f36-4f91-b8b3-e9d7e01f977d<-73f911ca-52fc-4abb-a332-7dbce6ccb501#0:FAIL-t1
2021-08-27 19:21:04,636 [879cfcac-0f36-4f91-b8b3-e9d7e01f977d@group-0289F99EAF61-LeaderElection25] INFO  impl.LeaderElection (LeaderElection.java:askForVotes(308)) - 879cfcac-0f36-4f91-b8b3-e9d7e01f977d@group-0289F99EAF61-LeaderElection25 ELECTION round 0: result REJECTED
2021-08-27 19:21:04,636 [879cfcac-0f36-4f91-b8b3-e9d7e01f977d@group-0289F99EAF61-LeaderElection25] INFO  server.RaftServer$Division (RaftServerImpl.java:setRole(285)) - 879cfcac-0f36-4f91-b8b3-e9d7e01f977d@group-0289F99EAF61: changes role from CANDIDATE to FOLLOWER at term 1 for REJECTED
2021-08-27 19:21:04,636 [879cfcac-0f36-4f91-b8b3-e9d7e01f977d@group-0289F99EAF61-LeaderElection25] INFO  impl.RoleInfo (RoleInfo.java:shutdownLeaderElection(121)) - 879cfcac-0f36-4f91-b8b3-e9d7e01f977d: shutdown 879cfcac-0f36-4f91-b8b3-e9d7e01f977d@group-0289F99EAF61-LeaderElection25
2021-08-27 19:21:04,636 [879cfcac-0f36-4f91-b8b3-e9d7e01f977d@group-0289F99EAF61-LeaderElection25] INFO  impl.RoleInfo (RoleInfo.java:updateAndGet(130)) - 879cfcac-0f36-4f91-b8b3-e9d7e01f977d: start 879cfcac-0f36-4f91-b8b3-e9d7e01f977d@group-0289F99EAF61-FollowerState
2021-08-27 19:21:04,722 [879cfcac-0f36-4f91-b8b3-e9d7e01f977d@group-AFE32ABD61BE-FollowerState] INFO  impl.FollowerState (FollowerState.java:run(134)) - 879cfcac-0f36-4f91-b8b3-e9d7e01f977d@group-AFE32ABD61BE-FollowerState: change to CANDIDATE, lastRpcElapsedTime:5129140491ns, electionTimeout:5115ms
2021-08-27 19:21:04,723 [879cfcac-0f36-4f91-b8b3-e9d7e01f977d@group-AFE32ABD61BE-FollowerState] INFO  impl.RoleInfo (RoleInfo.java:shutdownFollowerState(108)) - 879cfcac-0f36-4f91-b8b3-e9d7e01f977d: shutdown 879cfcac-0f36-4f91-b8b3-e9d7e01f977d@group-AFE32ABD61BE-FollowerState
2021-08-27 19:21:04,723 [879cfcac-0f36-4f91-b8b3-e9d7e01f977d@group-AFE32ABD61BE-FollowerState] INFO  server.RaftServer$Division (RaftServerImpl.java:setRole(285)) - 879cfcac-0f36-4f91-b8b3-e9d7e01f977d@group-AFE32ABD61BE: changes role from  FOLLOWER to CANDIDATE at term 0 for changeToCandidate
2021-08-27 19:21:04,723 [879cfcac-0f36-4f91-b8b3-e9d7e01f977d@group-AFE32ABD61BE-FollowerState] INFO  server.RaftServerConfigKeys (ConfUtils.java:logGet(44)) - raft.server.leaderelection.pre-vote = false (custom)
2021-08-27 19:21:04,723 [879cfcac-0f36-4f91-b8b3-e9d7e01f977d@group-AFE32ABD61BE-FollowerState] INFO  impl.RoleInfo (RoleInfo.java:updateAndGet(130)) - 879cfcac-0f36-4f91-b8b3-e9d7e01f977d: start 879cfcac-0f36-4f91-b8b3-e9d7e01f977d@group-AFE32ABD61BE-LeaderElection27
2021-08-27 19:21:04,758 [879cfcac-0f36-4f91-b8b3-e9d7e01f977d@group-AFE32ABD61BE-LeaderElection27] INFO  impl.LeaderElection (LeaderElection.java:askForVotes(306)) - 879cfcac-0f36-4f91-b8b3-e9d7e01f977d@group-AFE32ABD61BE-LeaderElection27 ELECTION round 0: submit vote requests at term 1 for -1: [879cfcac-0f36-4f91-b8b3-e9d7e01f977d|rpc:127.0.0.1:32853|priority:1], old=null
2021-08-27 19:21:04,758 [879cfcac-0f36-4f91-b8b3-e9d7e01f977d@group-AFE32ABD61BE-LeaderElection27] INFO  impl.LeaderElection (LeaderElection.java:askForVotes(308)) - 879cfcac-0f36-4f91-b8b3-e9d7e01f977d@group-AFE32ABD61BE-LeaderElection27 ELECTION round 0: result PASSED (term=1)
2021-08-27 19:21:04,758 [879cfcac-0f36-4f91-b8b3-e9d7e01f977d@group-AFE32ABD61BE-LeaderElection27] INFO  impl.RoleInfo (RoleInfo.java:shutdownLeaderElection(121)) - 879cfcac-0f36-4f91-b8b3-e9d7e01f977d: shutdown 879cfcac-0f36-4f91-b8b3-e9d7e01f977d@group-AFE32ABD61BE-LeaderElection27
2021-08-27 19:21:04,758 [879cfcac-0f36-4f91-b8b3-e9d7e01f977d@group-AFE32ABD61BE-LeaderElection27] INFO  server.RaftServer$Division (RaftServerImpl.java:setRole(285)) - 879cfcac-0f36-4f91-b8b3-e9d7e01f977d@group-AFE32ABD61BE: changes role from CANDIDATE to LEADER at term 1 for changeToLeader
2021-08-27 19:21:04,758 [879cfcac-0f36-4f91-b8b3-e9d7e01f977d@group-AFE32ABD61BE-LeaderElection27] INFO  ratis.XceiverServerRatis (XceiverServerRatis.java:handleLeaderChangedNotification(861)) - Leader change notification received for group: group-AFE32ABD61BE with new leaderId: 879cfcac-0f36-4f91-b8b3-e9d7e01f977d
2021-08-27 19:21:04,759 [879cfcac-0f36-4f91-b8b3-e9d7e01f977d@group-AFE32ABD61BE-LeaderElection27] INFO  server.RaftServer$Division (ServerState.java:setLeader(285)) - 879cfcac-0f36-4f91-b8b3-e9d7e01f977d@group-AFE32ABD61BE: change Leader from null to 879cfcac-0f36-4f91-b8b3-e9d7e01f977d at term 1 for becomeLeader, leader elected after 5185ms
2021-08-27 19:21:04,759 [879cfcac-0f36-4f91-b8b3-e9d7e01f977d@group-AFE32ABD61BE-LeaderElection27] INFO  server.RaftServerConfigKeys (ConfUtils.java:logGet(44)) - raft.server.staging.catchup.gap = 1000 (default)
2021-08-27 19:21:04,759 [879cfcac-0f36-4f91-b8b3-e9d7e01f977d@group-AFE32ABD61BE-LeaderElection27] INFO  server.RaftServerConfigKeys (ConfUtils.java:logGet(44)) - raft.server.write.element-limit = 1024 (custom)
2021-08-27 19:21:04,759 [879cfcac-0f36-4f91-b8b3-e9d7e01f977d@group-AFE32ABD61BE-LeaderElection27] INFO  server.RaftServerConfigKeys (ConfUtils.java:logGet(44)) - raft.server.write.byte-limit = 1024 M (=1073741824) (custom)
2021-08-27 19:21:04,759 [879cfcac-0f36-4f91-b8b3-e9d7e01f977d@group-AFE32ABD61BE-LeaderElection27] INFO  server.RaftServerConfigKeys (ConfUtils.java:logGet(44)) - raft.server.watch.timeout = 180s (custom)
2021-08-27 19:21:04,759 [879cfcac-0f36-4f91-b8b3-e9d7e01f977d@group-AFE32ABD61BE-LeaderElection27] INFO  server.RaftServerConfigKeys (ConfUtils.java:logGet(44)) - raft.server.watch.timeout.denomination = 1s (default)
2021-08-27 19:21:04,759 [879cfcac-0f36-4f91-b8b3-e9d7e01f977d@group-AFE32ABD61BE-LeaderElection27] INFO  server.RaftServerConfigKeys (ConfUtils.java:logGet(44)) - raft.server.watch.element-limit = 65536 (default)
2021-08-27 19:21:04,760 [879cfcac-0f36-4f91-b8b3-e9d7e01f977d@group-AFE32ABD61BE-LeaderElection27] INFO  impl.RoleInfo (RoleInfo.java:updateAndGet(130)) - 879cfcac-0f36-4f91-b8b3-e9d7e01f977d: start 879cfcac-0f36-4f91-b8b3-e9d7e01f977d@group-AFE32ABD61BE-LeaderStateImpl
2021-08-27 19:21:04,760 [879cfcac-0f36-4f91-b8b3-e9d7e01f977d@group-AFE32ABD61BE-LeaderElection27] INFO  segmented.SegmentedRaftLogWorker (SegmentedRaftLogWorker.java:startLogSegment(394)) - 879cfcac-0f36-4f91-b8b3-e9d7e01f977d@group-AFE32ABD61BE-SegmentedRaftLogWorker: Starting segment from index:0
2021-08-27 19:21:04,762 [EventQueue-OpenPipelineForHealthyPipelineSafeModeRule] INFO  safemode.SCMSafeModeManager (HealthyPipelineSafeModeRule.java:process(124)) - SCM in safe mode. Healthy pipelines reported count is 0, required healthy pipeline reported count is 1
2021-08-27 19:21:04,762 [EventQueue-OpenPipelineForHealthyPipelineSafeModeRule] INFO  safemode.SCMSafeModeManager (HealthyPipelineSafeModeRule.java:process(124)) - SCM in safe mode. Healthy pipelines reported count is 0, required healthy pipeline reported count is 1
2021-08-27 19:21:04,763 [879cfcac-0f36-4f91-b8b3-e9d7e01f977d@group-AFE32ABD61BE-SegmentedRaftLogWorker] INFO  segmented.SegmentedRaftLogWorker (SegmentedRaftLogWorker.java:execute(601)) - 879cfcac-0f36-4f91-b8b3-e9d7e01f977d@group-AFE32ABD61BE-SegmentedRaftLogWorker: created new log segment /home/runner/work/ozone/ozone/hadoop-ozone/integration-test/target/test-dir/MiniOzoneClusterImpl-cc6da7a1-649b-4db9-82e6-e71d50c67865/datanode-1/data/ratis/6880d572-0540-433f-8cfe-afe32abd61be/current/log_inprogress_0
2021-08-27 19:21:04,768 [879cfcac-0f36-4f91-b8b3-e9d7e01f977d@group-AFE32ABD61BE-LeaderElection27] INFO  server.RaftServer$Division (ServerState.java:setRaftConf(387)) - 879cfcac-0f36-4f91-b8b3-e9d7e01f977d@group-AFE32ABD61BE: set configuration 0: [879cfcac-0f36-4f91-b8b3-e9d7e01f977d|rpc:127.0.0.1:32853|dataStream:|priority:1], old=null
2021-08-27 19:21:05,018 [Listener at 127.0.0.1/13592] INFO  ozone.MiniOzoneClusterImpl (MiniOzoneClusterImpl.java:lambda$waitForClusterToBeReady$0(235)) - Nodes are ready. Got 3 of 3 DN Heartbeats.
2021-08-27 19:21:05,018 [Listener at 127.0.0.1/13592] INFO  ozone.MiniOzoneClusterImpl (MiniOzoneClusterImpl.java:lambda$waitForClusterToBeReady$0(238)) - Waiting for cluster to exit safe mode
2021-08-27 19:21:05,018 [Listener at 127.0.0.1/13592] INFO  ozone.MiniOzoneClusterImpl (MiniOzoneClusterImpl.java:lambda$waitForClusterToBeReady$0(240)) - SCM became leader
2021-08-27 19:21:05,134 [73f911ca-52fc-4abb-a332-7dbce6ccb501@group-B182B7C62C34-FollowerState] INFO  impl.FollowerState (FollowerState.java:run(134)) - 73f911ca-52fc-4abb-a332-7dbce6ccb501@group-B182B7C62C34-FollowerState: change to CANDIDATE, lastRpcElapsedTime:5033933639ns, electionTimeout:5032ms
2021-08-27 19:21:05,135 [73f911ca-52fc-4abb-a332-7dbce6ccb501@group-B182B7C62C34-FollowerState] INFO  impl.RoleInfo (RoleInfo.java:shutdownFollowerState(108)) - 73f911ca-52fc-4abb-a332-7dbce6ccb501: shutdown 73f911ca-52fc-4abb-a332-7dbce6ccb501@group-B182B7C62C34-FollowerState
2021-08-27 19:21:05,135 [73f911ca-52fc-4abb-a332-7dbce6ccb501@group-B182B7C62C34-FollowerState] INFO  server.RaftServer$Division (RaftServerImpl.java:setRole(285)) - 73f911ca-52fc-4abb-a332-7dbce6ccb501@group-B182B7C62C34: changes role from  FOLLOWER to CANDIDATE at term 0 for changeToCandidate
2021-08-27 19:21:05,143 [73f911ca-52fc-4abb-a332-7dbce6ccb501@group-B182B7C62C34-FollowerState] INFO  server.RaftServerConfigKeys (ConfUtils.java:logGet(44)) - raft.server.leaderelection.pre-vote = false (custom)
2021-08-27 19:21:05,143 [73f911ca-52fc-4abb-a332-7dbce6ccb501@group-B182B7C62C34-FollowerState] INFO  impl.RoleInfo (RoleInfo.java:updateAndGet(130)) - 73f911ca-52fc-4abb-a332-7dbce6ccb501: start 73f911ca-52fc-4abb-a332-7dbce6ccb501@group-B182B7C62C34-LeaderElection28
2021-08-27 19:21:05,169 [73f911ca-52fc-4abb-a332-7dbce6ccb501@group-B182B7C62C34-LeaderElection28] INFO  impl.LeaderElection (LeaderElection.java:askForVotes(306)) - 73f911ca-52fc-4abb-a332-7dbce6ccb501@group-B182B7C62C34-LeaderElection28 ELECTION round 0: submit vote requests at term 1 for -1: [73f911ca-52fc-4abb-a332-7dbce6ccb501|rpc:127.0.0.1:36141|priority:1], old=null
2021-08-27 19:21:05,169 [73f911ca-52fc-4abb-a332-7dbce6ccb501@group-B182B7C62C34-LeaderElection28] INFO  impl.LeaderElection (LeaderElection.java:askForVotes(308)) - 73f911ca-52fc-4abb-a332-7dbce6ccb501@group-B182B7C62C34-LeaderElection28 ELECTION round 0: result PASSED (term=1)
2021-08-27 19:21:05,169 [73f911ca-52fc-4abb-a332-7dbce6ccb501@group-B182B7C62C34-LeaderElection28] INFO  impl.RoleInfo (RoleInfo.java:shutdownLeaderElection(121)) - 73f911ca-52fc-4abb-a332-7dbce6ccb501: shutdown 73f911ca-52fc-4abb-a332-7dbce6ccb501@group-B182B7C62C34-LeaderElection28
2021-08-27 19:21:05,169 [73f911ca-52fc-4abb-a332-7dbce6ccb501@group-B182B7C62C34-LeaderElection28] INFO  server.RaftServer$Division (RaftServerImpl.java:setRole(285)) - 73f911ca-52fc-4abb-a332-7dbce6ccb501@group-B182B7C62C34: changes role from CANDIDATE to LEADER at term 1 for changeToLeader
2021-08-27 19:21:05,169 [73f911ca-52fc-4abb-a332-7dbce6ccb501@group-B182B7C62C34-LeaderElection28] INFO  ratis.XceiverServerRatis (XceiverServerRatis.java:handleLeaderChangedNotification(861)) - Leader change notification received for group: group-B182B7C62C34 with new leaderId: 73f911ca-52fc-4abb-a332-7dbce6ccb501
2021-08-27 19:21:05,169 [73f911ca-52fc-4abb-a332-7dbce6ccb501@group-B182B7C62C34-LeaderElection28] INFO  server.RaftServer$Division (ServerState.java:setLeader(285)) - 73f911ca-52fc-4abb-a332-7dbce6ccb501@group-B182B7C62C34: change Leader from null to 73f911ca-52fc-4abb-a332-7dbce6ccb501 at term 1 for becomeLeader, leader elected after 5099ms
2021-08-27 19:21:05,169 [73f911ca-52fc-4abb-a332-7dbce6ccb501@group-B182B7C62C34-LeaderElection28] INFO  server.RaftServerConfigKeys (ConfUtils.java:logGet(44)) - raft.server.staging.catchup.gap = 1000 (default)
2021-08-27 19:21:05,169 [73f911ca-52fc-4abb-a332-7dbce6ccb501@group-B182B7C62C34-LeaderElection28] INFO  server.RaftServerConfigKeys (ConfUtils.java:logGet(44)) - raft.server.write.element-limit = 1024 (custom)
2021-08-27 19:21:05,169 [73f911ca-52fc-4abb-a332-7dbce6ccb501@group-B182B7C62C34-LeaderElection28] INFO  server.RaftServerConfigKeys (ConfUtils.java:logGet(44)) - raft.server.write.byte-limit = 1024 M (=1073741824) (custom)
2021-08-27 19:21:05,170 [73f911ca-52fc-4abb-a332-7dbce6ccb501@group-B182B7C62C34-LeaderElection28] INFO  server.RaftServerConfigKeys (ConfUtils.java:logGet(44)) - raft.server.watch.timeout = 180s (custom)
2021-08-27 19:21:05,170 [73f911ca-52fc-4abb-a332-7dbce6ccb501@group-B182B7C62C34-LeaderElection28] INFO  server.RaftServerConfigKeys (ConfUtils.java:logGet(44)) - raft.server.watch.timeout.denomination = 1s (default)
2021-08-27 19:21:05,170 [73f911ca-52fc-4abb-a332-7dbce6ccb501@group-B182B7C62C34-LeaderElection28] INFO  server.RaftServerConfigKeys (ConfUtils.java:logGet(44)) - raft.server.watch.element-limit = 65536 (default)
2021-08-27 19:21:05,170 [73f911ca-52fc-4abb-a332-7dbce6ccb501@group-B182B7C62C34-LeaderElection28] INFO  impl.RoleInfo (RoleInfo.java:updateAndGet(130)) - 73f911ca-52fc-4abb-a332-7dbce6ccb501: start 73f911ca-52fc-4abb-a332-7dbce6ccb501@group-B182B7C62C34-LeaderStateImpl
2021-08-27 19:21:05,170 [73f911ca-52fc-4abb-a332-7dbce6ccb501@group-B182B7C62C34-LeaderElection28] INFO  segmented.SegmentedRaftLogWorker (SegmentedRaftLogWorker.java:startLogSegment(394)) - 73f911ca-52fc-4abb-a332-7dbce6ccb501@group-B182B7C62C34-SegmentedRaftLogWorker: Starting segment from index:0
2021-08-27 19:21:05,181 [EventQueue-OpenPipelineForHealthyPipelineSafeModeRule] INFO  safemode.SCMSafeModeManager (HealthyPipelineSafeModeRule.java:process(124)) - SCM in safe mode. Healthy pipelines reported count is 0, required healthy pipeline reported count is 1
2021-08-27 19:21:05,181 [EventQueue-OpenPipelineForHealthyPipelineSafeModeRule] INFO  safemode.SCMSafeModeManager (HealthyPipelineSafeModeRule.java:process(124)) - SCM in safe mode. Healthy pipelines reported count is 0, required healthy pipeline reported count is 1
2021-08-27 19:21:05,183 [73f911ca-52fc-4abb-a332-7dbce6ccb501@group-B182B7C62C34-SegmentedRaftLogWorker] INFO  segmented.SegmentedRaftLogWorker (SegmentedRaftLogWorker.java:execute(601)) - 73f911ca-52fc-4abb-a332-7dbce6ccb501@group-B182B7C62C34-SegmentedRaftLogWorker: created new log segment /home/runner/work/ozone/ozone/hadoop-ozone/integration-test/target/test-dir/MiniOzoneClusterImpl-cc6da7a1-649b-4db9-82e6-e71d50c67865/datanode-2/data/ratis/0c466ace-0ac3-4919-9179-b182b7c62c34/current/log_inprogress_0
2021-08-27 19:21:05,201 [73f911ca-52fc-4abb-a332-7dbce6ccb501@group-B182B7C62C34-LeaderElection28] INFO  server.RaftServer$Division (ServerState.java:setRaftConf(387)) - 73f911ca-52fc-4abb-a332-7dbce6ccb501@group-B182B7C62C34: set configuration 0: [73f911ca-52fc-4abb-a332-7dbce6ccb501|rpc:127.0.0.1:36141|dataStream:|priority:1], old=null
2021-08-27 19:21:05,211 [EndpointStateMachine task thread for /127.0.0.1:14961 - 0 ] INFO  ipc.Client (Client.java:handleConnectionFailure(977)) - Retrying connect to server: localhost/127.0.0.1:14961. Already tried 0 time(s); retry policy is RetryUpToMaximumCountWithFixedSleep(maxRetries=15, sleepTime=1000 MILLISECONDS)
2021-08-27 19:21:05,500 [EndpointStateMachine task thread for /127.0.0.1:14981 - 0 ] INFO  ipc.Client (Client.java:handleConnectionFailure(977)) - Retrying connect to server: localhost/127.0.0.1:14981. Already tried 13 time(s); retry policy is RetryUpToMaximumCountWithFixedSleep(maxRetries=15, sleepTime=1000 MILLISECONDS)
2021-08-27 19:21:05,501 [EndpointStateMachine task thread for /127.0.0.1:14971 - 0 ] INFO  ipc.Client (Client.java:handleConnectionFailure(977)) - Retrying connect to server: localhost/127.0.0.1:14971. Already tried 13 time(s); retry policy is RetryUpToMaximumCountWithFixedSleep(maxRetries=15, sleepTime=1000 MILLISECONDS)
2021-08-27 19:21:06,019 [Listener at 127.0.0.1/13592] INFO  ozone.MiniOzoneClusterImpl (MiniOzoneClusterImpl.java:lambda$waitForClusterToBeReady$0(235)) - Nodes are ready. Got 3 of 3 DN Heartbeats.
2021-08-27 19:21:06,019 [Listener at 127.0.0.1/13592] INFO  ozone.MiniOzoneClusterImpl (MiniOzoneClusterImpl.java:lambda$waitForClusterToBeReady$0(238)) - Waiting for cluster to exit safe mode
2021-08-27 19:21:06,019 [Listener at 127.0.0.1/13592] INFO  ozone.MiniOzoneClusterImpl (MiniOzoneClusterImpl.java:lambda$waitForClusterToBeReady$0(240)) - SCM became leader
2021-08-27 19:21:06,183 [Datanode State Machine Thread - 0] ERROR datanode.RunningDatanodeState (RunningDatanodeState.java:computeNextContainerState(199)) - Error in executing end point task.
java.util.concurrent.ExecutionException: java.util.concurrent.TimeoutException
	at java.util.concurrent.FutureTask.report(FutureTask.java:122)
	at java.util.concurrent.FutureTask.get(FutureTask.java:192)
	at org.apache.hadoop.ozone.container.common.states.datanode.RunningDatanodeState.computeNextContainerState(RunningDatanodeState.java:191)
	at org.apache.hadoop.ozone.container.common.states.datanode.RunningDatanodeState.await(RunningDatanodeState.java:231)
	at org.apache.hadoop.ozone.container.common.states.datanode.RunningDatanodeState.await(RunningDatanodeState.java:50)
	at org.apache.hadoop.ozone.container.common.statemachine.StateContext.execute(StateContext.java:629)
	at org.apache.hadoop.ozone.container.common.statemachine.DatanodeStateMachine.start(DatanodeStateMachine.java:270)
	at org.apache.hadoop.ozone.container.common.statemachine.DatanodeStateMachine.lambda$startDaemon$0(DatanodeStateMachine.java:456)
	at java.lang.Thread.run(Thread.java:748)
Caused by: java.util.concurrent.TimeoutException
	at java.util.concurrent.FutureTask.get(FutureTask.java:205)
	at org.apache.hadoop.ozone.container.common.states.datanode.RunningDatanodeState.lambda$execute$0(RunningDatanodeState.java:149)
	at java.util.concurrent.FutureTask.run(FutureTask.java:266)
	at java.util.concurrent.Executors$RunnableAdapter.call(Executors.java:511)
	at java.util.concurrent.FutureTask.run(FutureTask.java:266)
	at java.util.concurrent.ThreadPoolExecutor.runWorker(ThreadPoolExecutor.java:1149)
	at java.util.concurrent.ThreadPoolExecutor$Worker.run(ThreadPoolExecutor.java:624)
	... 1 more
2021-08-27 19:21:06,211 [EndpointStateMachine task thread for /127.0.0.1:14961 - 0 ] INFO  ipc.Client (Client.java:handleConnectionFailure(977)) - Retrying connect to server: localhost/127.0.0.1:14961. Already tried 1 time(s); retry policy is RetryUpToMaximumCountWithFixedSleep(maxRetries=15, sleepTime=1000 MILLISECONDS)
2021-08-27 19:21:06,501 [EndpointStateMachine task thread for /127.0.0.1:14981 - 0 ] INFO  ipc.Client (Client.java:handleConnectionFailure(977)) - Retrying connect to server: localhost/127.0.0.1:14981. Already tried 14 time(s); retry policy is RetryUpToMaximumCountWithFixedSleep(maxRetries=15, sleepTime=1000 MILLISECONDS)
2021-08-27 19:21:06,502 [EndpointStateMachine task thread for /127.0.0.1:14971 - 0 ] INFO  ipc.Client (Client.java:handleConnectionFailure(977)) - Retrying connect to server: localhost/127.0.0.1:14971. Already tried 14 time(s); retry policy is RetryUpToMaximumCountWithFixedSleep(maxRetries=15, sleepTime=1000 MILLISECONDS)
2021-08-27 19:21:06,760 [Datanode State Machine Thread - 0] ERROR datanode.RunningDatanodeState (RunningDatanodeState.java:computeNextContainerState(199)) - Error in executing end point task.
java.util.concurrent.ExecutionException: java.util.concurrent.TimeoutException
	at java.util.concurrent.FutureTask.report(FutureTask.java:122)
	at java.util.concurrent.FutureTask.get(FutureTask.java:192)
	at org.apache.hadoop.ozone.container.common.states.datanode.RunningDatanodeState.computeNextContainerState(RunningDatanodeState.java:191)
	at org.apache.hadoop.ozone.container.common.states.datanode.RunningDatanodeState.await(RunningDatanodeState.java:231)
	at org.apache.hadoop.ozone.container.common.states.datanode.RunningDatanodeState.await(RunningDatanodeState.java:50)
	at org.apache.hadoop.ozone.container.common.statemachine.StateContext.execute(StateContext.java:629)
	at org.apache.hadoop.ozone.container.common.statemachine.DatanodeStateMachine.start(DatanodeStateMachine.java:270)
	at org.apache.hadoop.ozone.container.common.statemachine.DatanodeStateMachine.lambda$startDaemon$0(DatanodeStateMachine.java:456)
	at java.lang.Thread.run(Thread.java:748)
Caused by: java.util.concurrent.TimeoutException
	at java.util.concurrent.FutureTask.get(FutureTask.java:205)
	at org.apache.hadoop.ozone.container.common.states.datanode.RunningDatanodeState.lambda$execute$0(RunningDatanodeState.java:149)
	at java.util.concurrent.FutureTask.run(FutureTask.java:266)
	at java.util.concurrent.Executors$RunnableAdapter.call(Executors.java:511)
	at java.util.concurrent.FutureTask.run(FutureTask.java:266)
	at java.util.concurrent.ThreadPoolExecutor.runWorker(ThreadPoolExecutor.java:1149)
	at java.util.concurrent.ThreadPoolExecutor$Worker.run(ThreadPoolExecutor.java:624)
	... 1 more
2021-08-27 19:21:07,019 [Listener at 127.0.0.1/13592] INFO  ozone.MiniOzoneClusterImpl (MiniOzoneClusterImpl.java:lambda$waitForClusterToBeReady$0(235)) - Nodes are ready. Got 3 of 3 DN Heartbeats.
2021-08-27 19:21:07,020 [Listener at 127.0.0.1/13592] INFO  ozone.MiniOzoneClusterImpl (MiniOzoneClusterImpl.java:lambda$waitForClusterToBeReady$0(238)) - Waiting for cluster to exit safe mode
2021-08-27 19:21:07,020 [Listener at 127.0.0.1/13592] INFO  ozone.MiniOzoneClusterImpl (MiniOzoneClusterImpl.java:lambda$waitForClusterToBeReady$0(240)) - SCM became leader
2021-08-27 19:21:07,175 [Datanode State Machine Thread - 0] ERROR datanode.RunningDatanodeState (RunningDatanodeState.java:computeNextContainerState(199)) - Error in executing end point task.
java.util.concurrent.ExecutionException: java.util.concurrent.TimeoutException
	at java.util.concurrent.FutureTask.report(FutureTask.java:122)
	at java.util.concurrent.FutureTask.get(FutureTask.java:192)
	at org.apache.hadoop.ozone.container.common.states.datanode.RunningDatanodeState.computeNextContainerState(RunningDatanodeState.java:191)
	at org.apache.hadoop.ozone.container.common.states.datanode.RunningDatanodeState.await(RunningDatanodeState.java:231)
	at org.apache.hadoop.ozone.container.common.states.datanode.RunningDatanodeState.await(RunningDatanodeState.java:50)
	at org.apache.hadoop.ozone.container.common.statemachine.StateContext.execute(StateContext.java:629)
	at org.apache.hadoop.ozone.container.common.statemachine.DatanodeStateMachine.start(DatanodeStateMachine.java:270)
	at org.apache.hadoop.ozone.container.common.statemachine.DatanodeStateMachine.lambda$startDaemon$0(DatanodeStateMachine.java:456)
	at java.lang.Thread.run(Thread.java:748)
Caused by: java.util.concurrent.TimeoutException
	at java.util.concurrent.FutureTask.get(FutureTask.java:205)
	at org.apache.hadoop.ozone.container.common.states.datanode.RunningDatanodeState.lambda$execute$0(RunningDatanodeState.java:149)
	at java.util.concurrent.FutureTask.run(FutureTask.java:266)
	at java.util.concurrent.Executors$RunnableAdapter.call(Executors.java:511)
	at java.util.concurrent.FutureTask.run(FutureTask.java:266)
	at java.util.concurrent.ThreadPoolExecutor.runWorker(ThreadPoolExecutor.java:1149)
	at java.util.concurrent.ThreadPoolExecutor$Worker.run(ThreadPoolExecutor.java:624)
	... 1 more
2021-08-27 19:21:07,212 [EndpointStateMachine task thread for /127.0.0.1:14961 - 0 ] INFO  ipc.Client (Client.java:handleConnectionFailure(977)) - Retrying connect to server: localhost/127.0.0.1:14961. Already tried 2 time(s); retry policy is RetryUpToMaximumCountWithFixedSleep(maxRetries=15, sleepTime=1000 MILLISECONDS)
2021-08-27 19:21:07,502 [EndpointStateMachine task thread for /127.0.0.1:14981 - 0 ] INFO  ipc.Client (Client.java:handleConnectionFailure(977)) - Retrying connect to server: localhost/127.0.0.1:14981. Already tried 0 time(s); retry policy is RetryUpToMaximumCountWithFixedSleep(maxRetries=15, sleepTime=1000 MILLISECONDS)
2021-08-27 19:21:07,503 [EndpointStateMachine task thread for /127.0.0.1:14971 - 0 ] INFO  ipc.Client (Client.java:handleConnectionFailure(977)) - Retrying connect to server: localhost/127.0.0.1:14971. Already tried 0 time(s); retry policy is RetryUpToMaximumCountWithFixedSleep(maxRetries=15, sleepTime=1000 MILLISECONDS)
2021-08-27 19:21:07,762 [Datanode State Machine Thread - 0] ERROR datanode.RunningDatanodeState (RunningDatanodeState.java:computeNextContainerState(199)) - Error in executing end point task.
java.util.concurrent.ExecutionException: java.util.concurrent.TimeoutException
	at java.util.concurrent.FutureTask.report(FutureTask.java:122)
	at java.util.concurrent.FutureTask.get(FutureTask.java:192)
	at org.apache.hadoop.ozone.container.common.states.datanode.RunningDatanodeState.computeNextContainerState(RunningDatanodeState.java:191)
	at org.apache.hadoop.ozone.container.common.states.datanode.RunningDatanodeState.await(RunningDatanodeState.java:231)
	at org.apache.hadoop.ozone.container.common.states.datanode.RunningDatanodeState.await(RunningDatanodeState.java:50)
	at org.apache.hadoop.ozone.container.common.statemachine.StateContext.execute(StateContext.java:629)
	at org.apache.hadoop.ozone.container.common.statemachine.DatanodeStateMachine.start(DatanodeStateMachine.java:270)
	at org.apache.hadoop.ozone.container.common.statemachine.DatanodeStateMachine.lambda$startDaemon$0(DatanodeStateMachine.java:456)
	at java.lang.Thread.run(Thread.java:748)
Caused by: java.util.concurrent.TimeoutException
	at java.util.concurrent.FutureTask.get(FutureTask.java:205)
	at org.apache.hadoop.ozone.container.common.states.datanode.RunningDatanodeState.lambda$execute$0(RunningDatanodeState.java:149)
	at java.util.concurrent.FutureTask.run(FutureTask.java:266)
	at java.util.concurrent.Executors$RunnableAdapter.call(Executors.java:511)
	at java.util.concurrent.FutureTask.run(FutureTask.java:266)
	at java.util.concurrent.ThreadPoolExecutor.runWorker(ThreadPoolExecutor.java:1149)
	at java.util.concurrent.ThreadPoolExecutor$Worker.run(ThreadPoolExecutor.java:624)
	... 1 more
2021-08-27 19:21:08,020 [Listener at 127.0.0.1/13592] INFO  ozone.MiniOzoneClusterImpl (MiniOzoneClusterImpl.java:lambda$waitForClusterToBeReady$0(235)) - Nodes are ready. Got 3 of 3 DN Heartbeats.
2021-08-27 19:21:08,020 [Listener at 127.0.0.1/13592] INFO  ozone.MiniOzoneClusterImpl (MiniOzoneClusterImpl.java:lambda$waitForClusterToBeReady$0(238)) - Waiting for cluster to exit safe mode
2021-08-27 19:21:08,020 [Listener at 127.0.0.1/13592] INFO  ozone.MiniOzoneClusterImpl (MiniOzoneClusterImpl.java:lambda$waitForClusterToBeReady$0(240)) - SCM became leader
2021-08-27 19:21:08,194 [Datanode State Machine Thread - 0] ERROR datanode.RunningDatanodeState (RunningDatanodeState.java:computeNextContainerState(199)) - Error in executing end point task.
java.util.concurrent.ExecutionException: java.util.concurrent.TimeoutException
	at java.util.concurrent.FutureTask.report(FutureTask.java:122)
	at java.util.concurrent.FutureTask.get(FutureTask.java:192)
	at org.apache.hadoop.ozone.container.common.states.datanode.RunningDatanodeState.computeNextContainerState(RunningDatanodeState.java:191)
	at org.apache.hadoop.ozone.container.common.states.datanode.RunningDatanodeState.await(RunningDatanodeState.java:231)
	at org.apache.hadoop.ozone.container.common.states.datanode.RunningDatanodeState.await(RunningDatanodeState.java:50)
	at org.apache.hadoop.ozone.container.common.statemachine.StateContext.execute(StateContext.java:629)
	at org.apache.hadoop.ozone.container.common.statemachine.DatanodeStateMachine.start(DatanodeStateMachine.java:270)
	at org.apache.hadoop.ozone.container.common.statemachine.DatanodeStateMachine.lambda$startDaemon$0(DatanodeStateMachine.java:456)
	at java.lang.Thread.run(Thread.java:748)
Caused by: java.util.concurrent.TimeoutException
	at java.util.concurrent.FutureTask.get(FutureTask.java:205)
	at org.apache.hadoop.ozone.container.common.states.datanode.RunningDatanodeState.lambda$execute$0(RunningDatanodeState.java:149)
	at java.util.concurrent.FutureTask.run(FutureTask.java:266)
	at java.util.concurrent.Executors$RunnableAdapter.call(Executors.java:511)
	at java.util.concurrent.FutureTask.run(FutureTask.java:266)
	at java.util.concurrent.ThreadPoolExecutor.runWorker(ThreadPoolExecutor.java:1149)
	at java.util.concurrent.ThreadPoolExecutor$Worker.run(ThreadPoolExecutor.java:624)
	... 1 more
2021-08-27 19:21:08,215 [EndpointStateMachine task thread for /127.0.0.1:14961 - 0 ] INFO  ipc.Client (Client.java:handleConnectionFailure(977)) - Retrying connect to server: localhost/127.0.0.1:14961. Already tried 3 time(s); retry policy is RetryUpToMaximumCountWithFixedSleep(maxRetries=15, sleepTime=1000 MILLISECONDS)
2021-08-27 19:21:08,502 [EndpointStateMachine task thread for /127.0.0.1:14981 - 0 ] INFO  ipc.Client (Client.java:handleConnectionFailure(977)) - Retrying connect to server: localhost/127.0.0.1:14981. Already tried 1 time(s); retry policy is RetryUpToMaximumCountWithFixedSleep(maxRetries=15, sleepTime=1000 MILLISECONDS)
2021-08-27 19:21:08,503 [EndpointStateMachine task thread for /127.0.0.1:14971 - 0 ] INFO  ipc.Client (Client.java:handleConnectionFailure(977)) - Retrying connect to server: localhost/127.0.0.1:14971. Already tried 1 time(s); retry policy is RetryUpToMaximumCountWithFixedSleep(maxRetries=15, sleepTime=1000 MILLISECONDS)
2021-08-27 19:21:09,020 [Listener at 127.0.0.1/13592] INFO  ozone.MiniOzoneClusterImpl (MiniOzoneClusterImpl.java:lambda$waitForClusterToBeReady$0(235)) - Nodes are ready. Got 3 of 3 DN Heartbeats.
2021-08-27 19:21:09,021 [Listener at 127.0.0.1/13592] INFO  ozone.MiniOzoneClusterImpl (MiniOzoneClusterImpl.java:lambda$waitForClusterToBeReady$0(238)) - Waiting for cluster to exit safe mode
2021-08-27 19:21:09,021 [Listener at 127.0.0.1/13592] INFO  ozone.MiniOzoneClusterImpl (MiniOzoneClusterImpl.java:lambda$waitForClusterToBeReady$0(240)) - SCM became leader
2021-08-27 19:21:09,215 [EndpointStateMachine task thread for /127.0.0.1:14961 - 0 ] INFO  ipc.Client (Client.java:handleConnectionFailure(977)) - Retrying connect to server: localhost/127.0.0.1:14961. Already tried 4 time(s); retry policy is RetryUpToMaximumCountWithFixedSleep(maxRetries=15, sleepTime=1000 MILLISECONDS)
2021-08-27 19:21:09,416 [7114ee9f-b20c-4a85-b13e-c38a422a401d@group-37442FA1A88F-FollowerState] INFO  impl.FollowerState (FollowerState.java:run(134)) - 7114ee9f-b20c-4a85-b13e-c38a422a401d@group-37442FA1A88F-FollowerState: change to CANDIDATE, lastRpcElapsedTime:5076693836ns, electionTimeout:5076ms
2021-08-27 19:21:09,416 [7114ee9f-b20c-4a85-b13e-c38a422a401d@group-37442FA1A88F-FollowerState] INFO  impl.RoleInfo (RoleInfo.java:shutdownFollowerState(108)) - 7114ee9f-b20c-4a85-b13e-c38a422a401d: shutdown 7114ee9f-b20c-4a85-b13e-c38a422a401d@group-37442FA1A88F-FollowerState
2021-08-27 19:21:09,416 [7114ee9f-b20c-4a85-b13e-c38a422a401d@group-37442FA1A88F-FollowerState] INFO  server.RaftServer$Division (RaftServerImpl.java:setRole(285)) - 7114ee9f-b20c-4a85-b13e-c38a422a401d@group-37442FA1A88F: changes role from  FOLLOWER to CANDIDATE at term 1 for changeToCandidate
2021-08-27 19:21:09,416 [7114ee9f-b20c-4a85-b13e-c38a422a401d@group-37442FA1A88F-FollowerState] INFO  server.RaftServerConfigKeys (ConfUtils.java:logGet(44)) - raft.server.leaderelection.pre-vote = false (custom)
2021-08-27 19:21:09,416 [7114ee9f-b20c-4a85-b13e-c38a422a401d@group-37442FA1A88F-FollowerState] INFO  impl.RoleInfo (RoleInfo.java:updateAndGet(130)) - 7114ee9f-b20c-4a85-b13e-c38a422a401d: start 7114ee9f-b20c-4a85-b13e-c38a422a401d@group-37442FA1A88F-LeaderElection29
2021-08-27 19:21:09,425 [7114ee9f-b20c-4a85-b13e-c38a422a401d@group-37442FA1A88F-LeaderElection29] INFO  impl.LeaderElection (LeaderElection.java:askForVotes(306)) - 7114ee9f-b20c-4a85-b13e-c38a422a401d@group-37442FA1A88F-LeaderElection29 ELECTION round 0: submit vote requests at term 2 for -1: [879cfcac-0f36-4f91-b8b3-e9d7e01f977d|rpc:127.0.0.1:32853|priority:0, 7114ee9f-b20c-4a85-b13e-c38a422a401d|rpc:127.0.0.1:33505|priority:1, 73f911ca-52fc-4abb-a332-7dbce6ccb501|rpc:127.0.0.1:36141|priority:0], old=null
2021-08-27 19:21:09,435 [grpc-default-executor-2] INFO  server.RaftServer$Division (RaftServerImpl.java:requestVote(1043)) - 73f911ca-52fc-4abb-a332-7dbce6ccb501@group-37442FA1A88F: receive requestVote(ELECTION, 7114ee9f-b20c-4a85-b13e-c38a422a401d, group-37442FA1A88F, 2, (t:0, i:0))
2021-08-27 19:21:09,436 [grpc-default-executor-2] INFO  impl.VoteContext (VoteContext.java:log(48)) - 73f911ca-52fc-4abb-a332-7dbce6ccb501@group-37442FA1A88F-FOLLOWER: accept ELECTION from 7114ee9f-b20c-4a85-b13e-c38a422a401d: our priority 0 <= candidate's priority 1
2021-08-27 19:21:09,436 [grpc-default-executor-2] INFO  server.RaftServer$Division (RaftServerImpl.java:setRole(285)) - 73f911ca-52fc-4abb-a332-7dbce6ccb501@group-37442FA1A88F: changes role from  FOLLOWER to FOLLOWER at term 2 for candidate:7114ee9f-b20c-4a85-b13e-c38a422a401d
2021-08-27 19:21:09,436 [grpc-default-executor-2] INFO  impl.RoleInfo (RoleInfo.java:shutdownFollowerState(108)) - 73f911ca-52fc-4abb-a332-7dbce6ccb501: shutdown 73f911ca-52fc-4abb-a332-7dbce6ccb501@group-37442FA1A88F-FollowerState
2021-08-27 19:21:09,436 [73f911ca-52fc-4abb-a332-7dbce6ccb501@group-37442FA1A88F-FollowerState] INFO  impl.FollowerState (FollowerState.java:run(143)) - 73f911ca-52fc-4abb-a332-7dbce6ccb501@group-37442FA1A88F-FollowerState was interrupted: {}
java.lang.InterruptedException: sleep interrupted
	at java.lang.Thread.sleep(Native Method)
	at java.lang.Thread.sleep(Thread.java:340)
	at java.util.concurrent.TimeUnit.sleep(TimeUnit.java:386)
	at org.apache.ratis.util.TimeDuration.sleep(TimeDuration.java:324)
	at org.apache.ratis.util.TimeDuration.sleep(TimeDuration.java:309)
	at org.apache.ratis.server.impl.FollowerState.run(FollowerState.java:118)
2021-08-27 19:21:09,436 [grpc-default-executor-2] INFO  impl.RoleInfo (RoleInfo.java:updateAndGet(130)) - 73f911ca-52fc-4abb-a332-7dbce6ccb501: start 73f911ca-52fc-4abb-a332-7dbce6ccb501@group-37442FA1A88F-FollowerState
2021-08-27 19:21:09,444 [grpc-default-executor-0] INFO  server.RaftServer$Division (RaftServerImpl.java:requestVote(1043)) - 879cfcac-0f36-4f91-b8b3-e9d7e01f977d@group-37442FA1A88F: receive requestVote(ELECTION, 7114ee9f-b20c-4a85-b13e-c38a422a401d, group-37442FA1A88F, 2, (t:0, i:0))
2021-08-27 19:21:09,444 [grpc-default-executor-0] INFO  impl.VoteContext (VoteContext.java:log(48)) - 879cfcac-0f36-4f91-b8b3-e9d7e01f977d@group-37442FA1A88F-FOLLOWER: accept ELECTION from 7114ee9f-b20c-4a85-b13e-c38a422a401d: our priority 0 <= candidate's priority 1
2021-08-27 19:21:09,444 [grpc-default-executor-0] INFO  server.RaftServer$Division (RaftServerImpl.java:setRole(285)) - 879cfcac-0f36-4f91-b8b3-e9d7e01f977d@group-37442FA1A88F: changes role from  FOLLOWER to FOLLOWER at term 2 for candidate:7114ee9f-b20c-4a85-b13e-c38a422a401d
2021-08-27 19:21:09,444 [grpc-default-executor-0] INFO  impl.RoleInfo (RoleInfo.java:shutdownFollowerState(108)) - 879cfcac-0f36-4f91-b8b3-e9d7e01f977d: shutdown 879cfcac-0f36-4f91-b8b3-e9d7e01f977d@group-37442FA1A88F-FollowerState
2021-08-27 19:21:09,444 [grpc-default-executor-0] INFO  impl.RoleInfo (RoleInfo.java:updateAndGet(130)) - 879cfcac-0f36-4f91-b8b3-e9d7e01f977d: start 879cfcac-0f36-4f91-b8b3-e9d7e01f977d@group-37442FA1A88F-FollowerState
2021-08-27 19:21:09,444 [879cfcac-0f36-4f91-b8b3-e9d7e01f977d@group-37442FA1A88F-FollowerState] INFO  impl.FollowerState (FollowerState.java:run(143)) - 879cfcac-0f36-4f91-b8b3-e9d7e01f977d@group-37442FA1A88F-FollowerState was interrupted: {}
java.lang.InterruptedException: sleep interrupted
	at java.lang.Thread.sleep(Native Method)
	at java.lang.Thread.sleep(Thread.java:340)
	at java.util.concurrent.TimeUnit.sleep(TimeUnit.java:386)
	at org.apache.ratis.util.TimeDuration.sleep(TimeDuration.java:324)
	at org.apache.ratis.util.TimeDuration.sleep(TimeDuration.java:309)
	at org.apache.ratis.server.impl.FollowerState.run(FollowerState.java:118)
2021-08-27 19:21:09,447 [grpc-default-executor-2] INFO  server.RaftServer$Division (RaftServerImpl.java:requestVote(1075)) - 73f911ca-52fc-4abb-a332-7dbce6ccb501@group-37442FA1A88F replies to ELECTION vote request: 7114ee9f-b20c-4a85-b13e-c38a422a401d<-73f911ca-52fc-4abb-a332-7dbce6ccb501#0:OK-t2. Peer's state: 73f911ca-52fc-4abb-a332-7dbce6ccb501@group-37442FA1A88F:t2, leader=null, voted=7114ee9f-b20c-4a85-b13e-c38a422a401d, raftlog=73f911ca-52fc-4abb-a332-7dbce6ccb501@group-37442FA1A88F-SegmentedRaftLog:OPENED:c-1,f-1,i0, conf=-1: [879cfcac-0f36-4f91-b8b3-e9d7e01f977d|rpc:127.0.0.1:32853|dataStream:|priority:0, 7114ee9f-b20c-4a85-b13e-c38a422a401d|rpc:127.0.0.1:33505|dataStream:|priority:1, 73f911ca-52fc-4abb-a332-7dbce6ccb501|rpc:127.0.0.1:36141|dataStream:|priority:0], old=null
2021-08-27 19:21:09,460 [7114ee9f-b20c-4a85-b13e-c38a422a401d@group-37442FA1A88F-LeaderElection29] INFO  impl.LeaderElection (LeaderElection.java:logAndReturn(89)) - 7114ee9f-b20c-4a85-b13e-c38a422a401d@group-37442FA1A88F-LeaderElection29: ELECTION PASSED received 1 response(s) and 0 exception(s):
2021-08-27 19:21:09,460 [7114ee9f-b20c-4a85-b13e-c38a422a401d@group-37442FA1A88F-LeaderElection29] INFO  impl.LeaderElection (LeaderElection.java:logAndReturn(93)) -   Response 0: 7114ee9f-b20c-4a85-b13e-c38a422a401d<-73f911ca-52fc-4abb-a332-7dbce6ccb501#0:OK-t2
2021-08-27 19:21:09,460 [7114ee9f-b20c-4a85-b13e-c38a422a401d@group-37442FA1A88F-LeaderElection29] INFO  impl.LeaderElection (LeaderElection.java:askForVotes(308)) - 7114ee9f-b20c-4a85-b13e-c38a422a401d@group-37442FA1A88F-LeaderElection29 ELECTION round 0: result PASSED
2021-08-27 19:21:09,460 [7114ee9f-b20c-4a85-b13e-c38a422a401d@group-37442FA1A88F-LeaderElection29] INFO  impl.RoleInfo (RoleInfo.java:shutdownLeaderElection(121)) - 7114ee9f-b20c-4a85-b13e-c38a422a401d: shutdown 7114ee9f-b20c-4a85-b13e-c38a422a401d@group-37442FA1A88F-LeaderElection29
2021-08-27 19:21:09,460 [7114ee9f-b20c-4a85-b13e-c38a422a401d@group-37442FA1A88F-LeaderElection29] INFO  server.RaftServer$Division (RaftServerImpl.java:setRole(285)) - 7114ee9f-b20c-4a85-b13e-c38a422a401d@group-37442FA1A88F: changes role from CANDIDATE to LEADER at term 2 for changeToLeader
2021-08-27 19:21:09,460 [7114ee9f-b20c-4a85-b13e-c38a422a401d@group-37442FA1A88F-LeaderElection29] INFO  ratis.XceiverServerRatis (XceiverServerRatis.java:handleLeaderChangedNotification(861)) - Leader change notification received for group: group-37442FA1A88F with new leaderId: 7114ee9f-b20c-4a85-b13e-c38a422a401d
2021-08-27 19:21:09,460 [7114ee9f-b20c-4a85-b13e-c38a422a401d@group-37442FA1A88F-LeaderElection29] INFO  server.RaftServer$Division (ServerState.java:setLeader(285)) - 7114ee9f-b20c-4a85-b13e-c38a422a401d@group-37442FA1A88F: change Leader from null to 7114ee9f-b20c-4a85-b13e-c38a422a401d at term 2 for becomeLeader, leader elected after 10378ms
2021-08-27 19:21:09,460 [7114ee9f-b20c-4a85-b13e-c38a422a401d@group-37442FA1A88F-LeaderElection29] INFO  server.RaftServerConfigKeys (ConfUtils.java:logGet(44)) - raft.server.staging.catchup.gap = 1000 (default)
2021-08-27 19:21:09,461 [7114ee9f-b20c-4a85-b13e-c38a422a401d@group-37442FA1A88F-LeaderElection29] INFO  server.RaftServerConfigKeys (ConfUtils.java:logGet(44)) - raft.server.write.element-limit = 1024 (custom)
2021-08-27 19:21:09,461 [7114ee9f-b20c-4a85-b13e-c38a422a401d@group-37442FA1A88F-LeaderElection29] INFO  server.RaftServerConfigKeys (ConfUtils.java:logGet(44)) - raft.server.write.byte-limit = 1024 M (=1073741824) (custom)
2021-08-27 19:21:09,461 [7114ee9f-b20c-4a85-b13e-c38a422a401d@group-37442FA1A88F-LeaderElection29] INFO  server.RaftServerConfigKeys (ConfUtils.java:logGet(44)) - raft.server.watch.timeout = 180s (custom)
2021-08-27 19:21:09,461 [7114ee9f-b20c-4a85-b13e-c38a422a401d@group-37442FA1A88F-LeaderElection29] INFO  server.RaftServerConfigKeys (ConfUtils.java:logGet(44)) - raft.server.watch.timeout.denomination = 1s (default)
2021-08-27 19:21:09,461 [7114ee9f-b20c-4a85-b13e-c38a422a401d@group-37442FA1A88F-LeaderElection29] INFO  server.RaftServerConfigKeys (ConfUtils.java:logGet(44)) - raft.server.watch.element-limit = 65536 (default)
2021-08-27 19:21:09,461 [7114ee9f-b20c-4a85-b13e-c38a422a401d@group-37442FA1A88F-LeaderElection29] INFO  server.RaftServerConfigKeys (ConfUtils.java:logGet(44)) - raft.server.log.appender.snapshot.chunk.size.max = 16MB (=16777216) (default)
2021-08-27 19:21:09,461 [7114ee9f-b20c-4a85-b13e-c38a422a401d@group-37442FA1A88F-LeaderElection29] INFO  server.RaftServerConfigKeys (ConfUtils.java:logGet(44)) - raft.server.log.appender.buffer.byte-limit = 33554432 (custom)
2021-08-27 19:21:09,461 [7114ee9f-b20c-4a85-b13e-c38a422a401d@group-37442FA1A88F-LeaderElection29] INFO  server.RaftServerConfigKeys (ConfUtils.java:logGet(44)) - raft.server.log.appender.buffer.element-limit = 1 (custom)
2021-08-27 19:21:09,461 [7114ee9f-b20c-4a85-b13e-c38a422a401d@group-37442FA1A88F-LeaderElection29] INFO  grpc.GrpcConfigKeys (ConfUtils.java:logGet(44)) - raft.grpc.server.leader.outstanding.appends.max = 128 (default)
2021-08-27 19:21:09,461 [7114ee9f-b20c-4a85-b13e-c38a422a401d@group-37442FA1A88F-LeaderElection29] INFO  server.RaftServerConfigKeys (ConfUtils.java:logGet(44)) - raft.server.rpc.request.timeout = 60s (custom)
2021-08-27 19:21:09,462 [7114ee9f-b20c-4a85-b13e-c38a422a401d@group-37442FA1A88F-LeaderElection29] INFO  server.RaftServerConfigKeys (ConfUtils.java:logGet(44)) - raft.server.log.appender.install.snapshot.enabled = false (custom)
2021-08-27 19:21:09,462 [7114ee9f-b20c-4a85-b13e-c38a422a401d@group-37442FA1A88F-LeaderElection29] INFO  server.RaftServerConfigKeys (ConfUtils.java:logGet(44)) - raft.server.log.appender.snapshot.chunk.size.max = 16MB (=16777216) (default)
2021-08-27 19:21:09,462 [7114ee9f-b20c-4a85-b13e-c38a422a401d@group-37442FA1A88F-LeaderElection29] INFO  server.RaftServerConfigKeys (ConfUtils.java:logGet(44)) - raft.server.log.appender.buffer.byte-limit = 33554432 (custom)
2021-08-27 19:21:09,462 [7114ee9f-b20c-4a85-b13e-c38a422a401d@group-37442FA1A88F-LeaderElection29] INFO  server.RaftServerConfigKeys (ConfUtils.java:logGet(44)) - raft.server.log.appender.buffer.element-limit = 1 (custom)
2021-08-27 19:21:09,462 [7114ee9f-b20c-4a85-b13e-c38a422a401d@group-37442FA1A88F-LeaderElection29] INFO  grpc.GrpcConfigKeys (ConfUtils.java:logGet(44)) - raft.grpc.server.leader.outstanding.appends.max = 128 (default)
2021-08-27 19:21:09,462 [7114ee9f-b20c-4a85-b13e-c38a422a401d@group-37442FA1A88F-LeaderElection29] INFO  server.RaftServerConfigKeys (ConfUtils.java:logGet(44)) - raft.server.rpc.request.timeout = 60s (custom)
2021-08-27 19:21:09,463 [7114ee9f-b20c-4a85-b13e-c38a422a401d@group-37442FA1A88F-LeaderElection29] INFO  server.RaftServerConfigKeys (ConfUtils.java:logGet(44)) - raft.server.log.appender.install.snapshot.enabled = false (custom)
2021-08-27 19:21:09,465 [grpc-default-executor-0] INFO  server.RaftServer$Division (RaftServerImpl.java:requestVote(1075)) - 879cfcac-0f36-4f91-b8b3-e9d7e01f977d@group-37442FA1A88F replies to ELECTION vote request: 7114ee9f-b20c-4a85-b13e-c38a422a401d<-879cfcac-0f36-4f91-b8b3-e9d7e01f977d#0:OK-t2. Peer's state: 879cfcac-0f36-4f91-b8b3-e9d7e01f977d@group-37442FA1A88F:t2, leader=null, voted=7114ee9f-b20c-4a85-b13e-c38a422a401d, raftlog=879cfcac-0f36-4f91-b8b3-e9d7e01f977d@group-37442FA1A88F-SegmentedRaftLog:OPENED:c-1,f-1,i0, conf=-1: [879cfcac-0f36-4f91-b8b3-e9d7e01f977d|rpc:127.0.0.1:32853|dataStream:|priority:0, 7114ee9f-b20c-4a85-b13e-c38a422a401d|rpc:127.0.0.1:33505|dataStream:|priority:1, 73f911ca-52fc-4abb-a332-7dbce6ccb501|rpc:127.0.0.1:36141|dataStream:|priority:0], old=null
2021-08-27 19:21:09,466 [7114ee9f-b20c-4a85-b13e-c38a422a401d@group-37442FA1A88F-LeaderElection29] INFO  impl.RoleInfo (RoleInfo.java:updateAndGet(130)) - 7114ee9f-b20c-4a85-b13e-c38a422a401d: start 7114ee9f-b20c-4a85-b13e-c38a422a401d@group-37442FA1A88F-LeaderStateImpl
2021-08-27 19:21:09,466 [7114ee9f-b20c-4a85-b13e-c38a422a401d@group-37442FA1A88F-LeaderElection29] INFO  segmented.SegmentedRaftLogWorker (SegmentedRaftLogWorker.java:startLogSegment(394)) - 7114ee9f-b20c-4a85-b13e-c38a422a401d@group-37442FA1A88F-SegmentedRaftLogWorker: Starting segment from index:0
2021-08-27 19:21:09,469 [7114ee9f-b20c-4a85-b13e-c38a422a401d@group-37442FA1A88F-SegmentedRaftLogWorker] INFO  segmented.SegmentedRaftLogWorker (SegmentedRaftLogWorker.java:execute(601)) - 7114ee9f-b20c-4a85-b13e-c38a422a401d@group-37442FA1A88F-SegmentedRaftLogWorker: created new log segment /home/runner/work/ozone/ozone/hadoop-ozone/integration-test/target/test-dir/MiniOzoneClusterImpl-cc6da7a1-649b-4db9-82e6-e71d50c67865/datanode-0/data/ratis/61913ee4-3f4e-472a-92d3-37442fa1a88f/current/log_inprogress_0
2021-08-27 19:21:09,478 [EventQueue-OpenPipelineForHealthyPipelineSafeModeRule] INFO  safemode.SCMSafeModeManager (HealthyPipelineSafeModeRule.java:process(124)) - SCM in safe mode. Healthy pipelines reported count is 0, required healthy pipeline reported count is 1
2021-08-27 19:21:09,478 [EventQueue-PipelineReportForPipelineReportHandler] INFO  pipeline.PipelineManagerImpl (PipelineManagerImpl.java:openPipeline(282)) - Pipeline Pipeline[ Id: 61913ee4-3f4e-472a-92d3-37442fa1a88f, Nodes: 7114ee9f-b20c-4a85-b13e-c38a422a401d{ip: 127.0.0.1, host: localhost, ports: [REPLICATION=34757, RATIS=33505, RATIS_ADMIN=33505, RATIS_SERVER=33505, STANDALONE=40139], networkLocation: /default-rack, certSerialId: null, persistedOpState: IN_SERVICE, persistedOpStateExpiryEpochSec: 0}879cfcac-0f36-4f91-b8b3-e9d7e01f977d{ip: 127.0.0.1, host: localhost, ports: [REPLICATION=39011, RATIS=32853, RATIS_ADMIN=32853, RATIS_SERVER=32853, STANDALONE=42661], networkLocation: /default-rack, certSerialId: null, persistedOpState: IN_SERVICE, persistedOpStateExpiryEpochSec: 0}73f911ca-52fc-4abb-a332-7dbce6ccb501{ip: 127.0.0.1, host: localhost, ports: [REPLICATION=39673, RATIS=36141, RATIS_ADMIN=36141, RATIS_SERVER=36141, STANDALONE=45881], networkLocation: /default-rack, certSerialId: null, persistedOpState: IN_SERVICE, persistedOpStateExpiryEpochSec: 0}, ReplicationConfig: RATIS/THREE, State:ALLOCATED, leaderId:7114ee9f-b20c-4a85-b13e-c38a422a401d, CreationTimestamp2021-08-27T19:20:57.078Z[Etc/UTC]] moved to OPEN state
2021-08-27 19:21:09,479 [EventQueue-OpenPipelineForHealthyPipelineSafeModeRule] INFO  safemode.SCMSafeModeManager (HealthyPipelineSafeModeRule.java:process(124)) - SCM in safe mode. Healthy pipelines reported count is 0, required healthy pipeline reported count is 1
2021-08-27 19:21:09,479 [EventQueue-PipelineReportForPipelineReportHandler] INFO  pipeline.PipelineManagerImpl (PipelineManagerImpl.java:openPipeline(282)) - Pipeline Pipeline[ Id: 61913ee4-3f4e-472a-92d3-37442fa1a88f, Nodes: 7114ee9f-b20c-4a85-b13e-c38a422a401d{ip: 127.0.0.1, host: localhost, ports: [REPLICATION=34757, RATIS=33505, RATIS_ADMIN=33505, RATIS_SERVER=33505, STANDALONE=40139], networkLocation: /default-rack, certSerialId: null, persistedOpState: IN_SERVICE, persistedOpStateExpiryEpochSec: 0}879cfcac-0f36-4f91-b8b3-e9d7e01f977d{ip: 127.0.0.1, host: localhost, ports: [REPLICATION=39011, RATIS=32853, RATIS_ADMIN=32853, RATIS_SERVER=32853, STANDALONE=42661], networkLocation: /default-rack, certSerialId: null, persistedOpState: IN_SERVICE, persistedOpStateExpiryEpochSec: 0}73f911ca-52fc-4abb-a332-7dbce6ccb501{ip: 127.0.0.1, host: localhost, ports: [REPLICATION=39673, RATIS=36141, RATIS_ADMIN=36141, RATIS_SERVER=36141, STANDALONE=45881], networkLocation: /default-rack, certSerialId: null, persistedOpState: IN_SERVICE, persistedOpStateExpiryEpochSec: 0}, ReplicationConfig: RATIS/THREE, State:ALLOCATED, leaderId:7114ee9f-b20c-4a85-b13e-c38a422a401d, CreationTimestamp2021-08-27T19:20:57.078Z[Etc/UTC]] moved to OPEN state
2021-08-27 19:21:09,479 [EventQueue-PipelineReportForPipelineReportHandler] INFO  ha.SCMHAInvocationHandler (SCMHAInvocationHandler.java:invokeRatis(113)) - Invoking method public abstract void org.apache.hadoop.hdds.scm.pipeline.StateManager.updatePipelineState(org.apache.hadoop.hdds.protocol.proto.HddsProtos$PipelineID,org.apache.hadoop.hdds.protocol.proto.HddsProtos$PipelineState) throws java.io.IOException on target org.apache.hadoop.hdds.scm.ha.SCMRatisServerImpl@1e8e9ec5, cost 177.512us
2021-08-27 19:21:09,496 [grpc-default-executor-2] INFO  ratis.XceiverServerRatis (XceiverServerRatis.java:handleLeaderChangedNotification(861)) - Leader change notification received for group: group-37442FA1A88F with new leaderId: 7114ee9f-b20c-4a85-b13e-c38a422a401d
2021-08-27 19:21:09,496 [grpc-default-executor-2] INFO  server.RaftServer$Division (ServerState.java:setLeader(285)) - 879cfcac-0f36-4f91-b8b3-e9d7e01f977d@group-37442FA1A88F: change Leader from null to 7114ee9f-b20c-4a85-b13e-c38a422a401d at term 2 for appendEntries, leader elected after 10327ms
2021-08-27 19:21:09,496 [7114ee9f-b20c-4a85-b13e-c38a422a401d@group-37442FA1A88F-LeaderElection29] INFO  server.RaftServer$Division (ServerState.java:setRaftConf(387)) - 7114ee9f-b20c-4a85-b13e-c38a422a401d@group-37442FA1A88F: set configuration 0: [879cfcac-0f36-4f91-b8b3-e9d7e01f977d|rpc:127.0.0.1:32853|dataStream:|priority:0, 7114ee9f-b20c-4a85-b13e-c38a422a401d|rpc:127.0.0.1:33505|dataStream:|priority:1, 73f911ca-52fc-4abb-a332-7dbce6ccb501|rpc:127.0.0.1:36141|dataStream:|priority:0], old=null
2021-08-27 19:21:09,504 [grpc-default-executor-2] INFO  server.RaftServer$Division (ServerState.java:setRaftConf(387)) - 879cfcac-0f36-4f91-b8b3-e9d7e01f977d@group-37442FA1A88F: set configuration 0: [879cfcac-0f36-4f91-b8b3-e9d7e01f977d|rpc:127.0.0.1:32853|dataStream:|priority:0, 7114ee9f-b20c-4a85-b13e-c38a422a401d|rpc:127.0.0.1:33505|dataStream:|priority:1, 73f911ca-52fc-4abb-a332-7dbce6ccb501|rpc:127.0.0.1:36141|dataStream:|priority:0], old=null
2021-08-27 19:21:09,504 [grpc-default-executor-2] INFO  segmented.SegmentedRaftLogWorker (SegmentedRaftLogWorker.java:startLogSegment(394)) - 879cfcac-0f36-4f91-b8b3-e9d7e01f977d@group-37442FA1A88F-SegmentedRaftLogWorker: Starting segment from index:0
2021-08-27 19:21:09,505 [EndpointStateMachine task thread for /127.0.0.1:14971 - 0 ] INFO  ipc.Client (Client.java:handleConnectionFailure(977)) - Retrying connect to server: localhost/127.0.0.1:14971. Already tried 2 time(s); retry policy is RetryUpToMaximumCountWithFixedSleep(maxRetries=15, sleepTime=1000 MILLISECONDS)
2021-08-27 19:21:09,507 [7154479f-c658-4db8-83d8-3a22722b587d@group-E71D50C67865-StateMachineUpdater] INFO  safemode.HealthyPipelineSafeModeRule (HealthyPipelineSafeModeRule.java:initializeRule(152)) - Refreshed total pipeline count is 1, healthy pipeline threshold count is 1
2021-08-27 19:21:09,507 [EndpointStateMachine task thread for /127.0.0.1:14981 - 0 ] INFO  ipc.Client (Client.java:handleConnectionFailure(977)) - Retrying connect to server: localhost/127.0.0.1:14981. Already tried 2 time(s); retry policy is RetryUpToMaximumCountWithFixedSleep(maxRetries=15, sleepTime=1000 MILLISECONDS)
2021-08-27 19:21:09,507 [EventQueue-PipelineReportForPipelineReportHandler] INFO  ha.SCMHAInvocationHandler (SCMHAInvocationHandler.java:invokeRatis(113)) - Invoking method public abstract void org.apache.hadoop.hdds.scm.pipeline.StateManager.updatePipelineState(org.apache.hadoop.hdds.protocol.proto.HddsProtos$PipelineID,org.apache.hadoop.hdds.protocol.proto.HddsProtos$PipelineState) throws java.io.IOException on target org.apache.hadoop.hdds.scm.ha.SCMRatisServerImpl@d965e82, cost 28585.944us
2021-08-27 19:21:09,507 [EventQueue-OpenPipelineForHealthyPipelineSafeModeRule] INFO  safemode.SCMSafeModeManager (HealthyPipelineSafeModeRule.java:process(124)) - SCM in safe mode. Healthy pipelines reported count is 1, required healthy pipeline reported count is 1
2021-08-27 19:21:09,507 [EventQueue-OpenPipelineForHealthyPipelineSafeModeRule] INFO  safemode.SCMSafeModeManager (SCMSafeModeManager.java:validateSafeModeExitRules(204)) - HealthyPipelineSafeModeRule rule is successfully validated
2021-08-27 19:21:09,507 [EventQueue-OpenPipelineForHealthyPipelineSafeModeRule] INFO  safemode.SCMSafeModeManager (SCMSafeModeManager.java:validateSafeModeExitRules(219)) - ScmSafeModeManager, all rules are successfully validated
2021-08-27 19:21:09,507 [EventQueue-OpenPipelineForHealthyPipelineSafeModeRule] INFO  safemode.SCMSafeModeManager (SCMSafeModeManager.java:exitSafeMode(248)) - SCM exiting safe mode.
2021-08-27 19:21:09,507 [EventQueue-OpenPipelineForHealthyPipelineSafeModeRule] WARN  events.EventQueue (EventQueue.java:fireEvent(194)) - No event handler registered for event TypedEvent{payloadType=SafeModeStatus, name='Safe mode status'}
2021-08-27 19:21:09,507 [EventQueue-OpenPipelineForHealthyPipelineSafeModeRule] INFO  ha.SCMContext (SCMContext.java:updateSafeModeStatus(205)) - Update SafeModeStatus from SafeModeStatus{safeModeStatus=true, preCheckPassed=true} to SafeModeStatus{safeModeStatus=false, preCheckPassed=true}.
2021-08-27 19:21:09,507 [EventQueue-OpenPipelineForHealthyPipelineSafeModeRule] INFO  container.ReplicationManager (ReplicationManager.java:notifyStatusChanged(1722)) - Service ReplicationManager transitions to RUNNING.
2021-08-27 19:21:09,509 [grpc-default-executor-2] INFO  ratis.XceiverServerRatis (XceiverServerRatis.java:handleLeaderChangedNotification(861)) - Leader change notification received for group: group-37442FA1A88F with new leaderId: 7114ee9f-b20c-4a85-b13e-c38a422a401d
2021-08-27 19:21:09,509 [grpc-default-executor-2] INFO  server.RaftServer$Division (ServerState.java:setLeader(285)) - 73f911ca-52fc-4abb-a332-7dbce6ccb501@group-37442FA1A88F: change Leader from null to 7114ee9f-b20c-4a85-b13e-c38a422a401d at term 2 for appendEntries, leader elected after 10262ms
2021-08-27 19:21:09,510 [879cfcac-0f36-4f91-b8b3-e9d7e01f977d@group-37442FA1A88F-SegmentedRaftLogWorker] INFO  segmented.SegmentedRaftLogWorker (SegmentedRaftLogWorker.java:execute(601)) - 879cfcac-0f36-4f91-b8b3-e9d7e01f977d@group-37442FA1A88F-SegmentedRaftLogWorker: created new log segment /home/runner/work/ozone/ozone/hadoop-ozone/integration-test/target/test-dir/MiniOzoneClusterImpl-cc6da7a1-649b-4db9-82e6-e71d50c67865/datanode-1/data/ratis/61913ee4-3f4e-472a-92d3-37442fa1a88f/current/log_inprogress_0
2021-08-27 19:21:09,518 [27aea111-c761-4159-8f56-4b18a0a94018@group-E71D50C67865-StateMachineUpdater] INFO  safemode.HealthyPipelineSafeModeRule (HealthyPipelineSafeModeRule.java:initializeRule(152)) - Refreshed total pipeline count is 1, healthy pipeline threshold count is 1
2021-08-27 19:21:09,534 [grpc-default-executor-2] INFO  server.RaftServer$Division (ServerState.java:setRaftConf(387)) - 73f911ca-52fc-4abb-a332-7dbce6ccb501@group-37442FA1A88F: set configuration 0: [879cfcac-0f36-4f91-b8b3-e9d7e01f977d|rpc:127.0.0.1:32853|dataStream:|priority:0, 7114ee9f-b20c-4a85-b13e-c38a422a401d|rpc:127.0.0.1:33505|dataStream:|priority:1, 73f911ca-52fc-4abb-a332-7dbce6ccb501|rpc:127.0.0.1:36141|dataStream:|priority:0], old=null
2021-08-27 19:21:09,534 [grpc-default-executor-2] INFO  segmented.SegmentedRaftLogWorker (SegmentedRaftLogWorker.java:startLogSegment(394)) - 73f911ca-52fc-4abb-a332-7dbce6ccb501@group-37442FA1A88F-SegmentedRaftLogWorker: Starting segment from index:0
2021-08-27 19:21:09,536 [73f911ca-52fc-4abb-a332-7dbce6ccb501@group-37442FA1A88F-SegmentedRaftLogWorker] INFO  segmented.SegmentedRaftLogWorker (SegmentedRaftLogWorker.java:execute(601)) - 73f911ca-52fc-4abb-a332-7dbce6ccb501@group-37442FA1A88F-SegmentedRaftLogWorker: created new log segment /home/runner/work/ozone/ozone/hadoop-ozone/integration-test/target/test-dir/MiniOzoneClusterImpl-cc6da7a1-649b-4db9-82e6-e71d50c67865/datanode-2/data/ratis/61913ee4-3f4e-472a-92d3-37442fa1a88f/current/log_inprogress_0
2021-08-27 19:21:09,747 [7114ee9f-b20c-4a85-b13e-c38a422a401d@group-0289F99EAF61-FollowerState] INFO  impl.FollowerState (FollowerState.java:run(134)) - 7114ee9f-b20c-4a85-b13e-c38a422a401d@group-0289F99EAF61-FollowerState: change to CANDIDATE, lastRpcElapsedTime:5160001606ns, electionTimeout:5144ms
2021-08-27 19:21:09,747 [7114ee9f-b20c-4a85-b13e-c38a422a401d@group-0289F99EAF61-FollowerState] INFO  impl.RoleInfo (RoleInfo.java:shutdownFollowerState(108)) - 7114ee9f-b20c-4a85-b13e-c38a422a401d: shutdown 7114ee9f-b20c-4a85-b13e-c38a422a401d@group-0289F99EAF61-FollowerState
2021-08-27 19:21:09,747 [7114ee9f-b20c-4a85-b13e-c38a422a401d@group-0289F99EAF61-FollowerState] INFO  server.RaftServer$Division (RaftServerImpl.java:setRole(285)) - 7114ee9f-b20c-4a85-b13e-c38a422a401d@group-0289F99EAF61: changes role from  FOLLOWER to CANDIDATE at term 1 for changeToCandidate
2021-08-27 19:21:09,747 [7114ee9f-b20c-4a85-b13e-c38a422a401d@group-0289F99EAF61-FollowerState] INFO  server.RaftServerConfigKeys (ConfUtils.java:logGet(44)) - raft.server.leaderelection.pre-vote = false (custom)
2021-08-27 19:21:09,747 [7114ee9f-b20c-4a85-b13e-c38a422a401d@group-0289F99EAF61-FollowerState] INFO  impl.RoleInfo (RoleInfo.java:updateAndGet(130)) - 7114ee9f-b20c-4a85-b13e-c38a422a401d: start 7114ee9f-b20c-4a85-b13e-c38a422a401d@group-0289F99EAF61-LeaderElection30
2021-08-27 19:21:09,757 [7114ee9f-b20c-4a85-b13e-c38a422a401d@group-0289F99EAF61-LeaderElection30] INFO  impl.LeaderElection (LeaderElection.java:askForVotes(306)) - 7114ee9f-b20c-4a85-b13e-c38a422a401d@group-0289F99EAF61-LeaderElection30 ELECTION round 0: submit vote requests at term 2 for -1: [879cfcac-0f36-4f91-b8b3-e9d7e01f977d|rpc:127.0.0.1:32853|priority:1, 7114ee9f-b20c-4a85-b13e-c38a422a401d|rpc:127.0.0.1:33505|priority:0, 73f911ca-52fc-4abb-a332-7dbce6ccb501|rpc:127.0.0.1:36141|priority:0], old=null
2021-08-27 19:21:09,764 [grpc-default-executor-0] INFO  server.RaftServer$Division (RaftServerImpl.java:requestVote(1043)) - 879cfcac-0f36-4f91-b8b3-e9d7e01f977d@group-0289F99EAF61: receive requestVote(ELECTION, 7114ee9f-b20c-4a85-b13e-c38a422a401d, group-0289F99EAF61, 2, (t:0, i:0))
2021-08-27 19:21:09,764 [grpc-default-executor-0] INFO  impl.VoteContext (VoteContext.java:log(48)) - 879cfcac-0f36-4f91-b8b3-e9d7e01f977d@group-0289F99EAF61-FOLLOWER: reject ELECTION from 7114ee9f-b20c-4a85-b13e-c38a422a401d: our priority 1 > candidate's priority 0
2021-08-27 19:21:09,764 [grpc-default-executor-0] INFO  server.RaftServer$Division (RaftServerImpl.java:setRole(285)) - 879cfcac-0f36-4f91-b8b3-e9d7e01f977d@group-0289F99EAF61: changes role from  FOLLOWER to FOLLOWER at term 2 for candidate:7114ee9f-b20c-4a85-b13e-c38a422a401d
2021-08-27 19:21:09,765 [grpc-default-executor-0] INFO  impl.RoleInfo (RoleInfo.java:shutdownFollowerState(108)) - 879cfcac-0f36-4f91-b8b3-e9d7e01f977d: shutdown 879cfcac-0f36-4f91-b8b3-e9d7e01f977d@group-0289F99EAF61-FollowerState
2021-08-27 19:21:09,774 [879cfcac-0f36-4f91-b8b3-e9d7e01f977d@group-0289F99EAF61-FollowerState] INFO  impl.FollowerState (FollowerState.java:run(143)) - 879cfcac-0f36-4f91-b8b3-e9d7e01f977d@group-0289F99EAF61-FollowerState was interrupted: {}
java.lang.InterruptedException: sleep interrupted
	at java.lang.Thread.sleep(Native Method)
	at java.lang.Thread.sleep(Thread.java:340)
	at java.util.concurrent.TimeUnit.sleep(TimeUnit.java:386)
	at org.apache.ratis.util.TimeDuration.sleep(TimeDuration.java:324)
	at org.apache.ratis.util.TimeDuration.sleep(TimeDuration.java:309)
	at org.apache.ratis.server.impl.FollowerState.run(FollowerState.java:118)
2021-08-27 19:21:09,774 [grpc-default-executor-0] INFO  impl.RoleInfo (RoleInfo.java:updateAndGet(130)) - 879cfcac-0f36-4f91-b8b3-e9d7e01f977d: start 879cfcac-0f36-4f91-b8b3-e9d7e01f977d@group-0289F99EAF61-FollowerState
2021-08-27 19:21:09,780 [grpc-default-executor-2] INFO  server.RaftServer$Division (RaftServerImpl.java:requestVote(1043)) - 73f911ca-52fc-4abb-a332-7dbce6ccb501@group-0289F99EAF61: receive requestVote(ELECTION, 7114ee9f-b20c-4a85-b13e-c38a422a401d, group-0289F99EAF61, 2, (t:0, i:0))
2021-08-27 19:21:09,780 [grpc-default-executor-2] INFO  impl.VoteContext (VoteContext.java:log(48)) - 73f911ca-52fc-4abb-a332-7dbce6ccb501@group-0289F99EAF61-FOLLOWER: accept ELECTION from 7114ee9f-b20c-4a85-b13e-c38a422a401d: our priority 0 <= candidate's priority 0
2021-08-27 19:21:09,780 [grpc-default-executor-2] INFO  server.RaftServer$Division (RaftServerImpl.java:setRole(285)) - 73f911ca-52fc-4abb-a332-7dbce6ccb501@group-0289F99EAF61: changes role from  FOLLOWER to FOLLOWER at term 2 for candidate:7114ee9f-b20c-4a85-b13e-c38a422a401d
2021-08-27 19:21:09,780 [grpc-default-executor-2] INFO  impl.RoleInfo (RoleInfo.java:shutdownFollowerState(108)) - 73f911ca-52fc-4abb-a332-7dbce6ccb501: shutdown 73f911ca-52fc-4abb-a332-7dbce6ccb501@group-0289F99EAF61-FollowerState
2021-08-27 19:21:09,786 [grpc-default-executor-2] INFO  impl.RoleInfo (RoleInfo.java:updateAndGet(130)) - 73f911ca-52fc-4abb-a332-7dbce6ccb501: start 73f911ca-52fc-4abb-a332-7dbce6ccb501@group-0289F99EAF61-FollowerState
2021-08-27 19:21:09,787 [73f911ca-52fc-4abb-a332-7dbce6ccb501@group-0289F99EAF61-FollowerState] INFO  impl.FollowerState (FollowerState.java:run(143)) - 73f911ca-52fc-4abb-a332-7dbce6ccb501@group-0289F99EAF61-FollowerState was interrupted: {}
java.lang.InterruptedException: sleep interrupted
	at java.lang.Thread.sleep(Native Method)
	at java.lang.Thread.sleep(Thread.java:340)
	at java.util.concurrent.TimeUnit.sleep(TimeUnit.java:386)
	at org.apache.ratis.util.TimeDuration.sleep(TimeDuration.java:324)
	at org.apache.ratis.util.TimeDuration.sleep(TimeDuration.java:309)
	at org.apache.ratis.server.impl.FollowerState.run(FollowerState.java:118)
2021-08-27 19:21:09,799 [grpc-default-executor-0] INFO  server.RaftServer$Division (RaftServerImpl.java:requestVote(1075)) - 879cfcac-0f36-4f91-b8b3-e9d7e01f977d@group-0289F99EAF61 replies to ELECTION vote request: 7114ee9f-b20c-4a85-b13e-c38a422a401d<-879cfcac-0f36-4f91-b8b3-e9d7e01f977d#0:FAIL-t2. Peer's state: 879cfcac-0f36-4f91-b8b3-e9d7e01f977d@group-0289F99EAF61:t2, leader=null, voted=null, raftlog=879cfcac-0f36-4f91-b8b3-e9d7e01f977d@group-0289F99EAF61-SegmentedRaftLog:OPENED:c-1,f-1,i0, conf=-1: [879cfcac-0f36-4f91-b8b3-e9d7e01f977d|rpc:127.0.0.1:32853|dataStream:|priority:1, 7114ee9f-b20c-4a85-b13e-c38a422a401d|rpc:127.0.0.1:33505|dataStream:|priority:0, 73f911ca-52fc-4abb-a332-7dbce6ccb501|rpc:127.0.0.1:36141|dataStream:|priority:0], old=null
2021-08-27 19:21:09,799 [grpc-default-executor-2] INFO  server.RaftServer$Division (RaftServerImpl.java:requestVote(1075)) - 73f911ca-52fc-4abb-a332-7dbce6ccb501@group-0289F99EAF61 replies to ELECTION vote request: 7114ee9f-b20c-4a85-b13e-c38a422a401d<-73f911ca-52fc-4abb-a332-7dbce6ccb501#0:OK-t2. Peer's state: 73f911ca-52fc-4abb-a332-7dbce6ccb501@group-0289F99EAF61:t2, leader=null, voted=7114ee9f-b20c-4a85-b13e-c38a422a401d, raftlog=73f911ca-52fc-4abb-a332-7dbce6ccb501@group-0289F99EAF61-SegmentedRaftLog:OPENED:c-1,f-1,i0, conf=-1: [879cfcac-0f36-4f91-b8b3-e9d7e01f977d|rpc:127.0.0.1:32853|dataStream:|priority:1, 7114ee9f-b20c-4a85-b13e-c38a422a401d|rpc:127.0.0.1:33505|dataStream:|priority:0, 73f911ca-52fc-4abb-a332-7dbce6ccb501|rpc:127.0.0.1:36141|dataStream:|priority:0], old=null
2021-08-27 19:21:09,800 [7114ee9f-b20c-4a85-b13e-c38a422a401d@group-0289F99EAF61-LeaderElection30] INFO  impl.LeaderElection (LeaderElection.java:logAndReturn(89)) - 7114ee9f-b20c-4a85-b13e-c38a422a401d@group-0289F99EAF61-LeaderElection30: ELECTION REJECTED received 1 response(s) and 0 exception(s):
2021-08-27 19:21:09,800 [7114ee9f-b20c-4a85-b13e-c38a422a401d@group-0289F99EAF61-LeaderElection30] INFO  impl.LeaderElection (LeaderElection.java:logAndReturn(93)) -   Response 0: 7114ee9f-b20c-4a85-b13e-c38a422a401d<-879cfcac-0f36-4f91-b8b3-e9d7e01f977d#0:FAIL-t2
2021-08-27 19:21:09,800 [7114ee9f-b20c-4a85-b13e-c38a422a401d@group-0289F99EAF61-LeaderElection30] INFO  impl.LeaderElection (LeaderElection.java:askForVotes(308)) - 7114ee9f-b20c-4a85-b13e-c38a422a401d@group-0289F99EAF61-LeaderElection30 ELECTION round 0: result REJECTED
2021-08-27 19:21:09,800 [7114ee9f-b20c-4a85-b13e-c38a422a401d@group-0289F99EAF61-LeaderElection30] INFO  server.RaftServer$Division (RaftServerImpl.java:setRole(285)) - 7114ee9f-b20c-4a85-b13e-c38a422a401d@group-0289F99EAF61: changes role from CANDIDATE to FOLLOWER at term 2 for REJECTED
2021-08-27 19:21:09,800 [7114ee9f-b20c-4a85-b13e-c38a422a401d@group-0289F99EAF61-LeaderElection30] INFO  impl.RoleInfo (RoleInfo.java:shutdownLeaderElection(121)) - 7114ee9f-b20c-4a85-b13e-c38a422a401d: shutdown 7114ee9f-b20c-4a85-b13e-c38a422a401d@group-0289F99EAF61-LeaderElection30
2021-08-27 19:21:09,800 [7114ee9f-b20c-4a85-b13e-c38a422a401d@group-0289F99EAF61-LeaderElection30] INFO  impl.RoleInfo (RoleInfo.java:updateAndGet(130)) - 7114ee9f-b20c-4a85-b13e-c38a422a401d: start 7114ee9f-b20c-4a85-b13e-c38a422a401d@group-0289F99EAF61-FollowerState
2021-08-27 19:21:10,021 [Listener at 127.0.0.1/13592] INFO  ozone.MiniOzoneClusterImpl (MiniOzoneClusterImpl.java:lambda$waitForClusterToBeReady$0(235)) - Nodes are ready. Got 3 of 3 DN Heartbeats.
2021-08-27 19:21:10,021 [Listener at 127.0.0.1/13592] INFO  ozone.MiniOzoneClusterImpl (MiniOzoneClusterImpl.java:lambda$waitForClusterToBeReady$0(238)) - Cluster exits safe mode
2021-08-27 19:21:10,021 [Listener at 127.0.0.1/13592] INFO  ozone.MiniOzoneClusterImpl (MiniOzoneClusterImpl.java:lambda$waitForClusterToBeReady$0(240)) - SCM became leader
2021-08-27 19:21:10,022 [Listener at 127.0.0.1/13592] INFO  server.StorageContainerManager (StorageContainerManager.java:start(1255)) - StorageContainerLocationProtocol RPC server is listening at /0.0.0.0:13947
2021-08-27 19:21:10,022 [Listener at 127.0.0.1/13592] INFO  ha.SCMRatisServerImpl (SCMRatisServerImpl.java:start(177)) - starting ratis server 0.0.0.0:13944
2021-08-27 19:21:10,022 [Listener at 127.0.0.1/13592] INFO  server.RaftServer$Division (RaftServerImpl.java:start(299)) - d21fb43e-e5ae-4596-9449-4ac761036bdb@group-E71D50C67865: start with initializing state, conf=-1: [], old=null
2021-08-27 19:21:10,022 [Listener at 127.0.0.1/13592] INFO  server.RaftServer$Division (RaftServerImpl.java:setRole(285)) - d21fb43e-e5ae-4596-9449-4ac761036bdb@group-E71D50C67865: changes role from      null to FOLLOWER at term 0 for startInitializing
2021-08-27 19:21:10,023 [Listener at 127.0.0.1/13592] INFO  util.JmxRegister (JmxRegister.java:tryRegister(44)) - Successfully registered JMX Bean with object name Ratis:service=RaftServer,group=group-E71D50C67865,id=d21fb43e-e5ae-4596-9449-4ac761036bdb
2021-08-27 19:21:10,043 [Listener at 127.0.0.1/13592] INFO  server.RaftServer (RaftServerProxy.java:lambda$start$5(374)) - d21fb43e-e5ae-4596-9449-4ac761036bdb: start RPC server
2021-08-27 19:21:10,044 [Listener at 127.0.0.1/13592] INFO  server.GrpcService (GrpcService.java:startImpl(253)) - d21fb43e-e5ae-4596-9449-4ac761036bdb: GrpcService started, listening on 13944
2021-08-27 19:21:10,051 [Listener at 127.0.0.1/13592] INFO  ha.SCMNodeInfo (SCMNodeInfo.java:getPort(197)) - ConfigKey ozone.scm.client.address is deprecated, For configuring different ports for each SCM use PortConfigKey ozone.scm.client.port appended with serviceId and nodeId
2021-08-27 19:21:10,052 [Listener at 127.0.0.1/13592] INFO  ha.SCMNodeInfo (SCMNodeInfo.java:getPort(197)) - ConfigKey ozone.scm.block.client.address is deprecated, For configuring different ports for each SCM use PortConfigKey ozone.scm.block.client.port appended with serviceId and nodeId
2021-08-27 19:21:10,052 [Listener at 127.0.0.1/13592] INFO  ha.SCMNodeInfo (SCMNodeInfo.java:getPort(197)) - ConfigKey ozone.scm.datanode.address is deprecated, For configuring different ports for each SCM use PortConfigKey ozone.scm.datanode.port appended with serviceId and nodeId
2021-08-27 19:21:10,052 [Listener at 127.0.0.1/13592] INFO  ha.SCMNodeInfo (SCMNodeInfo.java:getPort(197)) - ConfigKey ozone.scm.client.address is deprecated, For configuring different ports for each SCM use PortConfigKey ozone.scm.client.port appended with serviceId and nodeId
2021-08-27 19:21:10,052 [Listener at 127.0.0.1/13592] INFO  ha.SCMNodeInfo (SCMNodeInfo.java:getPort(197)) - ConfigKey ozone.scm.block.client.address is deprecated, For configuring different ports for each SCM use PortConfigKey ozone.scm.block.client.port appended with serviceId and nodeId
2021-08-27 19:21:10,052 [Listener at 127.0.0.1/13592] INFO  ha.SCMNodeInfo (SCMNodeInfo.java:getPort(197)) - ConfigKey ozone.scm.datanode.address is deprecated, For configuring different ports for each SCM use PortConfigKey ozone.scm.datanode.port appended with serviceId and nodeId
2021-08-27 19:21:10,052 [Listener at 127.0.0.1/13592] INFO  ha.SCMNodeInfo (SCMNodeInfo.java:getPort(197)) - ConfigKey ozone.scm.client.address is deprecated, For configuring different ports for each SCM use PortConfigKey ozone.scm.client.port appended with serviceId and nodeId
2021-08-27 19:21:10,052 [Listener at 127.0.0.1/13592] INFO  ha.SCMNodeInfo (SCMNodeInfo.java:getPort(197)) - ConfigKey ozone.scm.block.client.address is deprecated, For configuring different ports for each SCM use PortConfigKey ozone.scm.block.client.port appended with serviceId and nodeId
2021-08-27 19:21:10,052 [Listener at 127.0.0.1/13592] INFO  ha.SCMNodeInfo (SCMNodeInfo.java:getPort(197)) - ConfigKey ozone.scm.datanode.address is deprecated, For configuring different ports for each SCM use PortConfigKey ozone.scm.datanode.port appended with serviceId and nodeId
2021-08-27 19:21:10,054 [org.apache.ratis.util.JvmPauseMonitor$$Lambda$499/1326998608@2665016d] INFO  util.JvmPauseMonitor (JvmPauseMonitor.java:run(103)) - JvmPauseMonitor-d21fb43e-e5ae-4596-9449-4ac761036bdb: Started
2021-08-27 19:21:10,063 [IPC Server handler 5 on default port 13926] INFO  ha.SCMRatisServerImpl (SCMRatisServerImpl.java:addSCM(290)) - 7154479f-c658-4db8-83d8-3a22722b587d: Submitting SetConfiguration request to Ratis server with new SCM peers list: [27aea111-c761-4159-8f56-4b18a0a94018|rpc:localhost:13934|priority:0, 7154479f-c658-4db8-83d8-3a22722b587d|rpc:localhost:13924|admin:|client:|dataStream:|priority:0, d21fb43e-e5ae-4596-9449-4ac761036bdb|rpc:localhost:13944|priority:0]
2021-08-27 19:21:10,063 [IPC Server handler 5 on default port 13926] INFO  server.RaftServer$Division (RaftServerImpl.java:setConfigurationAsync(971)) - 7154479f-c658-4db8-83d8-3a22722b587d@group-E71D50C67865: receive setConfiguration SetConfigurationRequest:client-771C24035D25->7154479f-c658-4db8-83d8-3a22722b587d@group-E71D50C67865, cid=10, seq=0, RW, null, peers:[27aea111-c761-4159-8f56-4b18a0a94018|rpc:localhost:13934|priority:0, 7154479f-c658-4db8-83d8-3a22722b587d|rpc:localhost:13924|admin:|client:|dataStream:|priority:0, d21fb43e-e5ae-4596-9449-4ac761036bdb|rpc:localhost:13944|priority:0]
2021-08-27 19:21:10,063 [IPC Server handler 5 on default port 13926] INFO  server.RaftServer$Division (LeaderStateImpl.java:startSetConfiguration(345)) - 7154479f-c658-4db8-83d8-3a22722b587d@group-E71D50C67865-LeaderStateImpl: startSetConfiguration SetConfigurationRequest:client-771C24035D25->7154479f-c658-4db8-83d8-3a22722b587d@group-E71D50C67865, cid=10, seq=0, RW, null, peers:[27aea111-c761-4159-8f56-4b18a0a94018|rpc:localhost:13934|priority:0, 7154479f-c658-4db8-83d8-3a22722b587d|rpc:localhost:13924|admin:|client:|dataStream:|priority:0, d21fb43e-e5ae-4596-9449-4ac761036bdb|rpc:localhost:13944|priority:0]
2021-08-27 19:21:10,063 [IPC Server handler 5 on default port 13926] INFO  server.RaftServerConfigKeys (ConfUtils.java:logGet(44)) - raft.server.log.appender.snapshot.chunk.size.max = 16MB (=16777216) (default)
2021-08-27 19:21:10,063 [IPC Server handler 5 on default port 13926] INFO  server.RaftServerConfigKeys (ConfUtils.java:logGet(44)) - raft.server.log.appender.buffer.byte-limit = 33554432 (custom)
2021-08-27 19:21:10,064 [IPC Server handler 5 on default port 13926] INFO  server.RaftServerConfigKeys (ConfUtils.java:logGet(44)) - raft.server.log.appender.buffer.element-limit = 1024 (custom)
2021-08-27 19:21:10,070 [IPC Server handler 5 on default port 13926] INFO  grpc.GrpcConfigKeys (ConfUtils.java:logGet(44)) - raft.grpc.server.leader.outstanding.appends.max = 128 (default)
2021-08-27 19:21:10,070 [IPC Server handler 5 on default port 13926] INFO  server.RaftServerConfigKeys (ConfUtils.java:logGet(44)) - raft.server.rpc.request.timeout = 30000ms (custom)
2021-08-27 19:21:10,070 [IPC Server handler 5 on default port 13926] INFO  server.RaftServerConfigKeys (ConfUtils.java:logGet(44)) - raft.server.log.appender.install.snapshot.enabled = false (custom)
2021-08-27 19:21:10,071 [7154479f-c658-4db8-83d8-3a22722b587d@group-E71D50C67865->d21fb43e-e5ae-4596-9449-4ac761036bdb-GrpcLogAppender-LogAppenderDaemon] INFO  server.GrpcLogAppender (GrpcLogAppender.java:installSnapshot(524)) - 7154479f-c658-4db8-83d8-3a22722b587d@group-E71D50C67865->d21fb43e-e5ae-4596-9449-4ac761036bdb-GrpcLogAppender: followerNextIndex = 0 but logStartIndex = 1, notify follower to install snapshot-(t:2, i:1)
2021-08-27 19:21:10,071 [7154479f-c658-4db8-83d8-3a22722b587d@group-E71D50C67865->d21fb43e-e5ae-4596-9449-4ac761036bdb-GrpcLogAppender-LogAppenderDaemon] INFO  server.GrpcLogAppender (GrpcLogAppender.java:installSnapshot(532)) - 7154479f-c658-4db8-83d8-3a22722b587d@group-E71D50C67865->d21fb43e-e5ae-4596-9449-4ac761036bdb-GrpcLogAppender: send 7154479f-c658-4db8-83d8-3a22722b587d->d21fb43e-e5ae-4596-9449-4ac761036bdb#0-t2,notify:(t:2, i:1)
2021-08-27 19:21:10,077 [grpc-default-executor-2] INFO  server.RaftServer$Division (RaftServerImpl.java:installSnapshot(1329)) - d21fb43e-e5ae-4596-9449-4ac761036bdb@group-E71D50C67865: receive installSnapshot: 7154479f-c658-4db8-83d8-3a22722b587d->d21fb43e-e5ae-4596-9449-4ac761036bdb#0-t2,notify:(t:2, i:1)
2021-08-27 19:21:10,079 [grpc-default-executor-2] INFO  ha.SCMStateMachine (SCMStateMachine.java:notifyLeaderChanged(248)) - leader changed, yet current SCM is still follower.
2021-08-27 19:21:10,079 [grpc-default-executor-2] INFO  server.RaftServer$Division (ServerState.java:setLeader(285)) - d21fb43e-e5ae-4596-9449-4ac761036bdb@group-E71D50C67865: change Leader from null to 7154479f-c658-4db8-83d8-3a22722b587d at term 2 for installSnapshot, leader elected after 19363ms
2021-08-27 19:21:10,079 [grpc-default-executor-2] INFO  server.RaftServer$Division (RaftServerImpl.java:notifyStateMachineToInstallSnapshot(1581)) - d21fb43e-e5ae-4596-9449-4ac761036bdb@group-E71D50C67865: notifyInstallSnapshot: nextIndex is 0 but the leader's first available index is 1.
2021-08-27 19:21:10,079 [grpc-default-executor-2] INFO  ha.SCMStateMachine (SCMStateMachine.java:notifyInstallSnapshotFromLeader(212)) - Received install snapshot notification from SCM leader: localhost:13924 with term index: (t:2, i:1)
2021-08-27 19:21:10,083 [grpc-default-executor-2] INFO  server.RaftServer$Division (RaftServerImpl.java:installSnapshotImpl(1459)) - d21fb43e-e5ae-4596-9449-4ac761036bdb@group-E71D50C67865: set new configuration index: 5
configurationEntry {
  peers {
    id: "27aea111-c761-4159-8f56-4b18a0a94018"
    address: "localhost:13934"
  }
  peers {
    id: "7154479f-c658-4db8-83d8-3a22722b587d"
    address: "localhost:13924"
  }
}
 from snapshot
2021-08-27 19:21:10,083 [grpc-default-executor-2] INFO  server.RaftServer$Division (ServerState.java:setRaftConf(387)) - d21fb43e-e5ae-4596-9449-4ac761036bdb@group-E71D50C67865: set configuration 5: [27aea111-c761-4159-8f56-4b18a0a94018|rpc:localhost:13934|admin:|client:|dataStream:|priority:0, 7154479f-c658-4db8-83d8-3a22722b587d|rpc:localhost:13924|admin:|client:|dataStream:|priority:0], old=null
2021-08-27 19:21:10,083 [grpc-default-executor-2] INFO  server.RaftServer$Division (RaftServerImpl.java:installSnapshot(1340)) - d21fb43e-e5ae-4596-9449-4ac761036bdb@group-E71D50C67865: reply installSnapshot: 7154479f-c658-4db8-83d8-3a22722b587d<-d21fb43e-e5ae-4596-9449-4ac761036bdb#0:FAIL-t0,IN_PROGRESS
2021-08-27 19:21:10,084 [grpc-default-executor-2] INFO  server.GrpcServerProtocolService (GrpcServerProtocolService.java:onCompleted(140)) - d21fb43e-e5ae-4596-9449-4ac761036bdb: Completed INSTALL_SNAPSHOT, lastRequest: 7154479f-c658-4db8-83d8-3a22722b587d->d21fb43e-e5ae-4596-9449-4ac761036bdb#0-t2,notify:(t:2, i:1)
2021-08-27 19:21:10,088 [grpc-default-executor-1] INFO  server.GrpcLogAppender (GrpcLogAppender.java:onNext(400)) - 7154479f-c658-4db8-83d8-3a22722b587d@group-E71D50C67865->d21fb43e-e5ae-4596-9449-4ac761036bdb-InstallSnapshotResponseHandler: received the first reply 7154479f-c658-4db8-83d8-3a22722b587d<-d21fb43e-e5ae-4596-9449-4ac761036bdb#0:FAIL-t0,IN_PROGRESS
2021-08-27 19:21:10,088 [grpc-default-executor-1] INFO  server.GrpcLogAppender (GrpcLogAppender.java:onNext(417)) - 7154479f-c658-4db8-83d8-3a22722b587d@group-E71D50C67865->d21fb43e-e5ae-4596-9449-4ac761036bdb-InstallSnapshotResponseHandler: InstallSnapshot in progress.
2021-08-27 19:21:10,093 [grpc-default-executor-2] INFO  impl.RoleInfo (RoleInfo.java:updateAndGet(130)) - d21fb43e-e5ae-4596-9449-4ac761036bdb: start d21fb43e-e5ae-4596-9449-4ac761036bdb@group-E71D50C67865-FollowerState
2021-08-27 19:21:10,093 [7154479f-c658-4db8-83d8-3a22722b587d@group-E71D50C67865->d21fb43e-e5ae-4596-9449-4ac761036bdb-GrpcLogAppender-LogAppenderDaemon] INFO  server.GrpcLogAppender (GrpcLogAppender.java:installSnapshot(524)) - 7154479f-c658-4db8-83d8-3a22722b587d@group-E71D50C67865->d21fb43e-e5ae-4596-9449-4ac761036bdb-GrpcLogAppender: followerNextIndex = 0 but logStartIndex = 1, notify follower to install snapshot-(t:2, i:1)
2021-08-27 19:21:10,094 [7154479f-c658-4db8-83d8-3a22722b587d@group-E71D50C67865->d21fb43e-e5ae-4596-9449-4ac761036bdb-GrpcLogAppender-LogAppenderDaemon] INFO  server.GrpcLogAppender (GrpcLogAppender.java:installSnapshot(532)) - 7154479f-c658-4db8-83d8-3a22722b587d@group-E71D50C67865->d21fb43e-e5ae-4596-9449-4ac761036bdb-GrpcLogAppender: send 7154479f-c658-4db8-83d8-3a22722b587d->d21fb43e-e5ae-4596-9449-4ac761036bdb#0-t2,notify:(t:2, i:1)
2021-08-27 19:21:10,097 [grpc-default-executor-1] INFO  server.RaftServer$Division (RaftServerImpl.java:installSnapshot(1329)) - d21fb43e-e5ae-4596-9449-4ac761036bdb@group-E71D50C67865: receive installSnapshot: 7154479f-c658-4db8-83d8-3a22722b587d->d21fb43e-e5ae-4596-9449-4ac761036bdb#0-t2,notify:(t:2, i:1)
2021-08-27 19:21:10,097 [grpc-default-executor-2] INFO  server.RaftServer$Division (RaftServerImpl.java:checkInconsistentAppendEntries(1293)) - d21fb43e-e5ae-4596-9449-4ac761036bdb@group-E71D50C67865: Failed appendEntries as snapshot ((t:2, i:1)) installation is in progress
2021-08-27 19:21:10,097 [grpc-default-executor-2] INFO  server.RaftServer$Division (RaftServerImpl.java:checkInconsistentAppendEntries(1285)) - d21fb43e-e5ae-4596-9449-4ac761036bdb@group-E71D50C67865: inconsistency entries. Reply:7154479f-c658-4db8-83d8-3a22722b587d<-d21fb43e-e5ae-4596-9449-4ac761036bdb#0:FAIL-t2,INCONSISTENCY,nextIndex=0,followerCommit=-1
2021-08-27 19:21:10,098 [grpc-default-executor-2] INFO  leader.FollowerInfo (FollowerInfoImpl.java:lambda$new$0(46)) - 7154479f-c658-4db8-83d8-3a22722b587d@group-E71D50C67865->d21fb43e-e5ae-4596-9449-4ac761036bdb: nextIndex: updateUnconditionally 0 -> 0
2021-08-27 19:21:10,103 [grpc-default-executor-1] INFO  server.RaftServer$Division (RaftServerImpl.java:notifyStateMachineToInstallSnapshot(1611)) - d21fb43e-e5ae-4596-9449-4ac761036bdb@group-E71D50C67865: Snapshot Installation by StateMachine is in progress.
2021-08-27 19:21:10,103 [grpc-default-executor-1] INFO  server.RaftServer$Division (RaftServerImpl.java:installSnapshotImpl(1459)) - d21fb43e-e5ae-4596-9449-4ac761036bdb@group-E71D50C67865: set new configuration index: 5
configurationEntry {
  peers {
    id: "27aea111-c761-4159-8f56-4b18a0a94018"
    address: "localhost:13934"
  }
  peers {
    id: "7154479f-c658-4db8-83d8-3a22722b587d"
    address: "localhost:13924"
  }
}
 from snapshot
2021-08-27 19:21:10,116 [grpc-default-executor-1] INFO  server.RaftServer$Division (ServerState.java:setRaftConf(387)) - d21fb43e-e5ae-4596-9449-4ac761036bdb@group-E71D50C67865: set configuration 5: [27aea111-c761-4159-8f56-4b18a0a94018|rpc:localhost:13934|admin:|client:|dataStream:|priority:0, 7154479f-c658-4db8-83d8-3a22722b587d|rpc:localhost:13924|admin:|client:|dataStream:|priority:0], old=null
2021-08-27 19:21:10,116 [grpc-default-executor-1] INFO  server.RaftServer$Division (RaftServerImpl.java:installSnapshot(1340)) - d21fb43e-e5ae-4596-9449-4ac761036bdb@group-E71D50C67865: reply installSnapshot: 7154479f-c658-4db8-83d8-3a22722b587d<-d21fb43e-e5ae-4596-9449-4ac761036bdb#0:FAIL-t2,IN_PROGRESS
2021-08-27 19:21:10,116 [grpc-default-executor-1] INFO  server.GrpcServerProtocolService (GrpcServerProtocolService.java:onCompleted(140)) - d21fb43e-e5ae-4596-9449-4ac761036bdb: Completed INSTALL_SNAPSHOT, lastRequest: 7154479f-c658-4db8-83d8-3a22722b587d->d21fb43e-e5ae-4596-9449-4ac761036bdb#0-t2,notify:(t:2, i:1)
2021-08-27 19:21:10,117 [grpc-default-executor-2] INFO  server.GrpcLogAppender (GrpcLogAppender.java:onNext(400)) - 7154479f-c658-4db8-83d8-3a22722b587d@group-E71D50C67865->d21fb43e-e5ae-4596-9449-4ac761036bdb-InstallSnapshotResponseHandler: received a reply 7154479f-c658-4db8-83d8-3a22722b587d<-d21fb43e-e5ae-4596-9449-4ac761036bdb#0:FAIL-t2,IN_PROGRESS
2021-08-27 19:21:10,117 [grpc-default-executor-2] INFO  server.GrpcLogAppender (GrpcLogAppender.java:onNext(417)) - 7154479f-c658-4db8-83d8-3a22722b587d@group-E71D50C67865->d21fb43e-e5ae-4596-9449-4ac761036bdb-InstallSnapshotResponseHandler: InstallSnapshot in progress.
2021-08-27 19:21:10,118 [7154479f-c658-4db8-83d8-3a22722b587d@group-E71D50C67865->d21fb43e-e5ae-4596-9449-4ac761036bdb-GrpcLogAppender-LogAppenderDaemon] INFO  server.GrpcLogAppender (GrpcLogAppender.java:installSnapshot(524)) - 7154479f-c658-4db8-83d8-3a22722b587d@group-E71D50C67865->d21fb43e-e5ae-4596-9449-4ac761036bdb-GrpcLogAppender: followerNextIndex = 0 but logStartIndex = 1, notify follower to install snapshot-(t:2, i:1)
2021-08-27 19:21:10,118 [7154479f-c658-4db8-83d8-3a22722b587d@group-E71D50C67865->d21fb43e-e5ae-4596-9449-4ac761036bdb-GrpcLogAppender-LogAppenderDaemon] INFO  server.GrpcLogAppender (GrpcLogAppender.java:installSnapshot(532)) - 7154479f-c658-4db8-83d8-3a22722b587d@group-E71D50C67865->d21fb43e-e5ae-4596-9449-4ac761036bdb-GrpcLogAppender: send 7154479f-c658-4db8-83d8-3a22722b587d->d21fb43e-e5ae-4596-9449-4ac761036bdb#0-t2,notify:(t:2, i:1)
2021-08-27 19:21:10,122 [pool-228-thread-1] INFO  ha.SCMHAManagerImpl (SCMHAManagerImpl.java:getDBCheckpointFromLeader(206)) - Downloading checkpoint from leader SCM scmNode-1 and reloading state from the checkpoint.
2021-08-27 19:21:10,123 [grpc-default-executor-2] INFO  server.RaftServer$Division (RaftServerImpl.java:installSnapshot(1329)) - d21fb43e-e5ae-4596-9449-4ac761036bdb@group-E71D50C67865: receive installSnapshot: 7154479f-c658-4db8-83d8-3a22722b587d->d21fb43e-e5ae-4596-9449-4ac761036bdb#0-t2,notify:(t:2, i:1)
2021-08-27 19:21:10,124 [grpc-default-executor-2] INFO  server.RaftServer$Division (RaftServerImpl.java:notifyStateMachineToInstallSnapshot(1611)) - d21fb43e-e5ae-4596-9449-4ac761036bdb@group-E71D50C67865: Snapshot Installation by StateMachine is in progress.
2021-08-27 19:21:10,124 [grpc-default-executor-2] INFO  server.RaftServer$Division (RaftServerImpl.java:installSnapshotImpl(1459)) - d21fb43e-e5ae-4596-9449-4ac761036bdb@group-E71D50C67865: set new configuration index: 5
configurationEntry {
  peers {
    id: "27aea111-c761-4159-8f56-4b18a0a94018"
    address: "localhost:13934"
  }
  peers {
    id: "7154479f-c658-4db8-83d8-3a22722b587d"
    address: "localhost:13924"
  }
}
 from snapshot
2021-08-27 19:21:10,124 [grpc-default-executor-2] INFO  server.RaftServer$Division (ServerState.java:setRaftConf(387)) - d21fb43e-e5ae-4596-9449-4ac761036bdb@group-E71D50C67865: set configuration 5: [27aea111-c761-4159-8f56-4b18a0a94018|rpc:localhost:13934|admin:|client:|dataStream:|priority:0, 7154479f-c658-4db8-83d8-3a22722b587d|rpc:localhost:13924|admin:|client:|dataStream:|priority:0], old=null
2021-08-27 19:21:10,124 [grpc-default-executor-2] INFO  server.RaftServer$Division (RaftServerImpl.java:installSnapshot(1340)) - d21fb43e-e5ae-4596-9449-4ac761036bdb@group-E71D50C67865: reply installSnapshot: 7154479f-c658-4db8-83d8-3a22722b587d<-d21fb43e-e5ae-4596-9449-4ac761036bdb#0:FAIL-t2,IN_PROGRESS
2021-08-27 19:21:10,124 [grpc-default-executor-2] INFO  server.GrpcServerProtocolService (GrpcServerProtocolService.java:onCompleted(140)) - d21fb43e-e5ae-4596-9449-4ac761036bdb: Completed INSTALL_SNAPSHOT, lastRequest: 7154479f-c658-4db8-83d8-3a22722b587d->d21fb43e-e5ae-4596-9449-4ac761036bdb#0-t2,notify:(t:2, i:1)
2021-08-27 19:21:10,124 [grpc-default-executor-1] INFO  server.RaftServer$Division (RaftServerImpl.java:checkInconsistentAppendEntries(1293)) - d21fb43e-e5ae-4596-9449-4ac761036bdb@group-E71D50C67865: Failed appendEntries as snapshot ((t:2, i:1)) installation is in progress
2021-08-27 19:21:10,124 [grpc-default-executor-1] INFO  server.RaftServer$Division (RaftServerImpl.java:checkInconsistentAppendEntries(1285)) - d21fb43e-e5ae-4596-9449-4ac761036bdb@group-E71D50C67865: inconsistency entries. Reply:7154479f-c658-4db8-83d8-3a22722b587d<-d21fb43e-e5ae-4596-9449-4ac761036bdb#1:FAIL-t2,INCONSISTENCY,nextIndex=0,followerCommit=-1
2021-08-27 19:21:10,125 [grpc-default-executor-0] INFO  server.GrpcLogAppender (GrpcLogAppender.java:onNext(400)) - 7154479f-c658-4db8-83d8-3a22722b587d@group-E71D50C67865->d21fb43e-e5ae-4596-9449-4ac761036bdb-InstallSnapshotResponseHandler: received a reply 7154479f-c658-4db8-83d8-3a22722b587d<-d21fb43e-e5ae-4596-9449-4ac761036bdb#0:FAIL-t2,IN_PROGRESS
2021-08-27 19:21:10,125 [grpc-default-executor-0] INFO  server.GrpcLogAppender (GrpcLogAppender.java:onNext(417)) - 7154479f-c658-4db8-83d8-3a22722b587d@group-E71D50C67865->d21fb43e-e5ae-4596-9449-4ac761036bdb-InstallSnapshotResponseHandler: InstallSnapshot in progress.
2021-08-27 19:21:10,130 [7154479f-c658-4db8-83d8-3a22722b587d@group-E71D50C67865->d21fb43e-e5ae-4596-9449-4ac761036bdb-GrpcLogAppender-LogAppenderDaemon] INFO  server.GrpcLogAppender (GrpcLogAppender.java:installSnapshot(524)) - 7154479f-c658-4db8-83d8-3a22722b587d@group-E71D50C67865->d21fb43e-e5ae-4596-9449-4ac761036bdb-GrpcLogAppender: followerNextIndex = 0 but logStartIndex = 1, notify follower to install snapshot-(t:2, i:1)
2021-08-27 19:21:10,130 [7154479f-c658-4db8-83d8-3a22722b587d@group-E71D50C67865->d21fb43e-e5ae-4596-9449-4ac761036bdb-GrpcLogAppender-LogAppenderDaemon] INFO  server.GrpcLogAppender (GrpcLogAppender.java:installSnapshot(532)) - 7154479f-c658-4db8-83d8-3a22722b587d@group-E71D50C67865->d21fb43e-e5ae-4596-9449-4ac761036bdb-GrpcLogAppender: send 7154479f-c658-4db8-83d8-3a22722b587d->d21fb43e-e5ae-4596-9449-4ac761036bdb#0-t2,notify:(t:2, i:1)
2021-08-27 19:21:10,130 [grpc-default-executor-0] INFO  leader.FollowerInfo (FollowerInfoImpl.java:lambda$new$0(46)) - 7154479f-c658-4db8-83d8-3a22722b587d@group-E71D50C67865->d21fb43e-e5ae-4596-9449-4ac761036bdb: nextIndex: updateUnconditionally 0 -> 0
2021-08-27 19:21:10,133 [grpc-default-executor-0] INFO  server.RaftServer$Division (RaftServerImpl.java:checkInconsistentAppendEntries(1293)) - d21fb43e-e5ae-4596-9449-4ac761036bdb@group-E71D50C67865: Failed appendEntries as snapshot ((t:2, i:1)) installation is in progress
2021-08-27 19:21:10,133 [grpc-default-executor-0] INFO  server.RaftServer$Division (RaftServerImpl.java:checkInconsistentAppendEntries(1285)) - d21fb43e-e5ae-4596-9449-4ac761036bdb@group-E71D50C67865: inconsistency entries. Reply:7154479f-c658-4db8-83d8-3a22722b587d<-d21fb43e-e5ae-4596-9449-4ac761036bdb#2:FAIL-t2,INCONSISTENCY,nextIndex=0,followerCommit=-1
2021-08-27 19:21:10,134 [grpc-default-executor-1] INFO  server.RaftServer$Division (RaftServerImpl.java:installSnapshot(1329)) - d21fb43e-e5ae-4596-9449-4ac761036bdb@group-E71D50C67865: receive installSnapshot: 7154479f-c658-4db8-83d8-3a22722b587d->d21fb43e-e5ae-4596-9449-4ac761036bdb#0-t2,notify:(t:2, i:1)
2021-08-27 19:21:10,134 [grpc-default-executor-1] INFO  server.RaftServer$Division (RaftServerImpl.java:notifyStateMachineToInstallSnapshot(1611)) - d21fb43e-e5ae-4596-9449-4ac761036bdb@group-E71D50C67865: Snapshot Installation by StateMachine is in progress.
2021-08-27 19:21:10,135 [grpc-default-executor-1] INFO  server.RaftServer$Division (RaftServerImpl.java:installSnapshotImpl(1459)) - d21fb43e-e5ae-4596-9449-4ac761036bdb@group-E71D50C67865: set new configuration index: 5
configurationEntry {
  peers {
    id: "27aea111-c761-4159-8f56-4b18a0a94018"
    address: "localhost:13934"
  }
  peers {
    id: "7154479f-c658-4db8-83d8-3a22722b587d"
    address: "localhost:13924"
  }
}
 from snapshot
2021-08-27 19:21:10,135 [grpc-default-executor-1] INFO  server.RaftServer$Division (ServerState.java:setRaftConf(387)) - d21fb43e-e5ae-4596-9449-4ac761036bdb@group-E71D50C67865: set configuration 5: [27aea111-c761-4159-8f56-4b18a0a94018|rpc:localhost:13934|admin:|client:|dataStream:|priority:0, 7154479f-c658-4db8-83d8-3a22722b587d|rpc:localhost:13924|admin:|client:|dataStream:|priority:0], old=null
2021-08-27 19:21:10,135 [grpc-default-executor-1] INFO  server.RaftServer$Division (RaftServerImpl.java:installSnapshot(1340)) - d21fb43e-e5ae-4596-9449-4ac761036bdb@group-E71D50C67865: reply installSnapshot: 7154479f-c658-4db8-83d8-3a22722b587d<-d21fb43e-e5ae-4596-9449-4ac761036bdb#0:FAIL-t2,IN_PROGRESS
2021-08-27 19:21:10,135 [grpc-default-executor-1] INFO  server.GrpcServerProtocolService (GrpcServerProtocolService.java:onCompleted(140)) - d21fb43e-e5ae-4596-9449-4ac761036bdb: Completed INSTALL_SNAPSHOT, lastRequest: 7154479f-c658-4db8-83d8-3a22722b587d->d21fb43e-e5ae-4596-9449-4ac761036bdb#0-t2,notify:(t:2, i:1)
2021-08-27 19:21:10,135 [grpc-default-executor-1] INFO  leader.FollowerInfo (FollowerInfoImpl.java:lambda$new$0(46)) - 7154479f-c658-4db8-83d8-3a22722b587d@group-E71D50C67865->d21fb43e-e5ae-4596-9449-4ac761036bdb: nextIndex: updateUnconditionally 0 -> 0
2021-08-27 19:21:10,136 [grpc-default-executor-1] INFO  server.GrpcLogAppender (GrpcLogAppender.java:onNext(400)) - 7154479f-c658-4db8-83d8-3a22722b587d@group-E71D50C67865->d21fb43e-e5ae-4596-9449-4ac761036bdb-InstallSnapshotResponseHandler: received a reply 7154479f-c658-4db8-83d8-3a22722b587d<-d21fb43e-e5ae-4596-9449-4ac761036bdb#0:FAIL-t2,IN_PROGRESS
2021-08-27 19:21:10,136 [grpc-default-executor-1] INFO  server.GrpcLogAppender (GrpcLogAppender.java:onNext(417)) - 7154479f-c658-4db8-83d8-3a22722b587d@group-E71D50C67865->d21fb43e-e5ae-4596-9449-4ac761036bdb-InstallSnapshotResponseHandler: InstallSnapshot in progress.
2021-08-27 19:21:10,136 [grpc-default-executor-2] INFO  ha.SCMDBCheckpointProvider (SCMDBCheckpointProvider.java:writeDBCheckPointToSream(48)) - Received request to obtain SCM DB checkpoint snapshot
2021-08-27 19:21:10,138 [7154479f-c658-4db8-83d8-3a22722b587d@group-E71D50C67865->d21fb43e-e5ae-4596-9449-4ac761036bdb-GrpcLogAppender-LogAppenderDaemon] INFO  server.GrpcLogAppender (GrpcLogAppender.java:installSnapshot(524)) - 7154479f-c658-4db8-83d8-3a22722b587d@group-E71D50C67865->d21fb43e-e5ae-4596-9449-4ac761036bdb-GrpcLogAppender: followerNextIndex = 0 but logStartIndex = 1, notify follower to install snapshot-(t:2, i:1)
2021-08-27 19:21:10,138 [7154479f-c658-4db8-83d8-3a22722b587d@group-E71D50C67865->d21fb43e-e5ae-4596-9449-4ac761036bdb-GrpcLogAppender-LogAppenderDaemon] INFO  server.GrpcLogAppender (GrpcLogAppender.java:installSnapshot(532)) - 7154479f-c658-4db8-83d8-3a22722b587d@group-E71D50C67865->d21fb43e-e5ae-4596-9449-4ac761036bdb-GrpcLogAppender: send 7154479f-c658-4db8-83d8-3a22722b587d->d21fb43e-e5ae-4596-9449-4ac761036bdb#0-t2,notify:(t:2, i:1)
2021-08-27 19:21:10,140 [grpc-default-executor-0] INFO  server.RaftServer$Division (RaftServerImpl.java:checkInconsistentAppendEntries(1293)) - d21fb43e-e5ae-4596-9449-4ac761036bdb@group-E71D50C67865: Failed appendEntries as snapshot ((t:2, i:1)) installation is in progress
2021-08-27 19:21:10,140 [grpc-default-executor-0] INFO  server.RaftServer$Division (RaftServerImpl.java:checkInconsistentAppendEntries(1285)) - d21fb43e-e5ae-4596-9449-4ac761036bdb@group-E71D50C67865: inconsistency entries. Reply:7154479f-c658-4db8-83d8-3a22722b587d<-d21fb43e-e5ae-4596-9449-4ac761036bdb#3:FAIL-t2,INCONSISTENCY,nextIndex=0,followerCommit=-1
2021-08-27 19:21:10,140 [grpc-default-executor-1] INFO  leader.FollowerInfo (FollowerInfoImpl.java:lambda$new$0(46)) - 7154479f-c658-4db8-83d8-3a22722b587d@group-E71D50C67865->d21fb43e-e5ae-4596-9449-4ac761036bdb: nextIndex: updateUnconditionally 0 -> 0
2021-08-27 19:21:10,140 [grpc-default-executor-0] INFO  server.RaftServer$Division (RaftServerImpl.java:installSnapshot(1329)) - d21fb43e-e5ae-4596-9449-4ac761036bdb@group-E71D50C67865: receive installSnapshot: 7154479f-c658-4db8-83d8-3a22722b587d->d21fb43e-e5ae-4596-9449-4ac761036bdb#0-t2,notify:(t:2, i:1)
2021-08-27 19:21:10,140 [grpc-default-executor-0] INFO  server.RaftServer$Division (RaftServerImpl.java:notifyStateMachineToInstallSnapshot(1611)) - d21fb43e-e5ae-4596-9449-4ac761036bdb@group-E71D50C67865: Snapshot Installation by StateMachine is in progress.
2021-08-27 19:21:10,141 [grpc-default-executor-0] INFO  server.RaftServer$Division (RaftServerImpl.java:installSnapshotImpl(1459)) - d21fb43e-e5ae-4596-9449-4ac761036bdb@group-E71D50C67865: set new configuration index: 5
configurationEntry {
  peers {
    id: "27aea111-c761-4159-8f56-4b18a0a94018"
    address: "localhost:13934"
  }
  peers {
    id: "7154479f-c658-4db8-83d8-3a22722b587d"
    address: "localhost:13924"
  }
}
 from snapshot
2021-08-27 19:21:10,141 [grpc-default-executor-0] INFO  server.RaftServer$Division (ServerState.java:setRaftConf(387)) - d21fb43e-e5ae-4596-9449-4ac761036bdb@group-E71D50C67865: set configuration 5: [27aea111-c761-4159-8f56-4b18a0a94018|rpc:localhost:13934|admin:|client:|dataStream:|priority:0, 7154479f-c658-4db8-83d8-3a22722b587d|rpc:localhost:13924|admin:|client:|dataStream:|priority:0], old=null
2021-08-27 19:21:10,141 [grpc-default-executor-0] INFO  server.RaftServer$Division (RaftServerImpl.java:installSnapshot(1340)) - d21fb43e-e5ae-4596-9449-4ac761036bdb@group-E71D50C67865: reply installSnapshot: 7154479f-c658-4db8-83d8-3a22722b587d<-d21fb43e-e5ae-4596-9449-4ac761036bdb#0:FAIL-t2,IN_PROGRESS
2021-08-27 19:21:10,141 [grpc-default-executor-0] INFO  server.GrpcServerProtocolService (GrpcServerProtocolService.java:onCompleted(140)) - d21fb43e-e5ae-4596-9449-4ac761036bdb: Completed INSTALL_SNAPSHOT, lastRequest: 7154479f-c658-4db8-83d8-3a22722b587d->d21fb43e-e5ae-4596-9449-4ac761036bdb#0-t2,notify:(t:2, i:1)
2021-08-27 19:21:10,142 [grpc-default-executor-1] INFO  server.GrpcLogAppender (GrpcLogAppender.java:onNext(400)) - 7154479f-c658-4db8-83d8-3a22722b587d@group-E71D50C67865->d21fb43e-e5ae-4596-9449-4ac761036bdb-InstallSnapshotResponseHandler: received a reply 7154479f-c658-4db8-83d8-3a22722b587d<-d21fb43e-e5ae-4596-9449-4ac761036bdb#0:FAIL-t2,IN_PROGRESS
2021-08-27 19:21:10,142 [grpc-default-executor-1] INFO  server.GrpcLogAppender (GrpcLogAppender.java:onNext(417)) - 7154479f-c658-4db8-83d8-3a22722b587d@group-E71D50C67865->d21fb43e-e5ae-4596-9449-4ac761036bdb-InstallSnapshotResponseHandler: InstallSnapshot in progress.
2021-08-27 19:21:10,145 [7154479f-c658-4db8-83d8-3a22722b587d@group-E71D50C67865->d21fb43e-e5ae-4596-9449-4ac761036bdb-GrpcLogAppender-LogAppenderDaemon] INFO  server.GrpcLogAppender (GrpcLogAppender.java:installSnapshot(524)) - 7154479f-c658-4db8-83d8-3a22722b587d@group-E71D50C67865->d21fb43e-e5ae-4596-9449-4ac761036bdb-GrpcLogAppender: followerNextIndex = 0 but logStartIndex = 1, notify follower to install snapshot-(t:2, i:1)
2021-08-27 19:21:10,145 [7154479f-c658-4db8-83d8-3a22722b587d@group-E71D50C67865->d21fb43e-e5ae-4596-9449-4ac761036bdb-GrpcLogAppender-LogAppenderDaemon] INFO  server.GrpcLogAppender (GrpcLogAppender.java:installSnapshot(532)) - 7154479f-c658-4db8-83d8-3a22722b587d@group-E71D50C67865->d21fb43e-e5ae-4596-9449-4ac761036bdb-GrpcLogAppender: send 7154479f-c658-4db8-83d8-3a22722b587d->d21fb43e-e5ae-4596-9449-4ac761036bdb#0-t2,notify:(t:2, i:1)
2021-08-27 19:21:10,146 [grpc-default-executor-1] INFO  server.RaftServer$Division (RaftServerImpl.java:checkInconsistentAppendEntries(1293)) - d21fb43e-e5ae-4596-9449-4ac761036bdb@group-E71D50C67865: Failed appendEntries as snapshot ((t:2, i:1)) installation is in progress
2021-08-27 19:21:10,146 [grpc-default-executor-1] INFO  server.RaftServer$Division (RaftServerImpl.java:checkInconsistentAppendEntries(1285)) - d21fb43e-e5ae-4596-9449-4ac761036bdb@group-E71D50C67865: inconsistency entries. Reply:7154479f-c658-4db8-83d8-3a22722b587d<-d21fb43e-e5ae-4596-9449-4ac761036bdb#4:FAIL-t2,INCONSISTENCY,nextIndex=0,followerCommit=-1
2021-08-27 19:21:10,146 [grpc-default-executor-0] INFO  leader.FollowerInfo (FollowerInfoImpl.java:lambda$new$0(46)) - 7154479f-c658-4db8-83d8-3a22722b587d@group-E71D50C67865->d21fb43e-e5ae-4596-9449-4ac761036bdb: nextIndex: updateUnconditionally 0 -> 0
2021-08-27 19:21:10,147 [grpc-default-executor-1] INFO  server.RaftServer$Division (RaftServerImpl.java:installSnapshot(1329)) - d21fb43e-e5ae-4596-9449-4ac761036bdb@group-E71D50C67865: receive installSnapshot: 7154479f-c658-4db8-83d8-3a22722b587d->d21fb43e-e5ae-4596-9449-4ac761036bdb#0-t2,notify:(t:2, i:1)
2021-08-27 19:21:10,147 [grpc-default-executor-1] INFO  server.RaftServer$Division (RaftServerImpl.java:notifyStateMachineToInstallSnapshot(1611)) - d21fb43e-e5ae-4596-9449-4ac761036bdb@group-E71D50C67865: Snapshot Installation by StateMachine is in progress.
2021-08-27 19:21:10,147 [grpc-default-executor-1] INFO  server.RaftServer$Division (RaftServerImpl.java:installSnapshotImpl(1459)) - d21fb43e-e5ae-4596-9449-4ac761036bdb@group-E71D50C67865: set new configuration index: 5
configurationEntry {
  peers {
    id: "27aea111-c761-4159-8f56-4b18a0a94018"
    address: "localhost:13934"
  }
  peers {
    id: "7154479f-c658-4db8-83d8-3a22722b587d"
    address: "localhost:13924"
  }
}
 from snapshot
2021-08-27 19:21:10,147 [grpc-default-executor-1] INFO  server.RaftServer$Division (ServerState.java:setRaftConf(387)) - d21fb43e-e5ae-4596-9449-4ac761036bdb@group-E71D50C67865: set configuration 5: [27aea111-c761-4159-8f56-4b18a0a94018|rpc:localhost:13934|admin:|client:|dataStream:|priority:0, 7154479f-c658-4db8-83d8-3a22722b587d|rpc:localhost:13924|admin:|client:|dataStream:|priority:0], old=null
2021-08-27 19:21:10,147 [grpc-default-executor-1] INFO  server.RaftServer$Division (RaftServerImpl.java:installSnapshot(1340)) - d21fb43e-e5ae-4596-9449-4ac761036bdb@group-E71D50C67865: reply installSnapshot: 7154479f-c658-4db8-83d8-3a22722b587d<-d21fb43e-e5ae-4596-9449-4ac761036bdb#0:FAIL-t2,IN_PROGRESS
2021-08-27 19:21:10,147 [grpc-default-executor-1] INFO  server.GrpcServerProtocolService (GrpcServerProtocolService.java:onCompleted(140)) - d21fb43e-e5ae-4596-9449-4ac761036bdb: Completed INSTALL_SNAPSHOT, lastRequest: 7154479f-c658-4db8-83d8-3a22722b587d->d21fb43e-e5ae-4596-9449-4ac761036bdb#0-t2,notify:(t:2, i:1)
2021-08-27 19:21:10,148 [grpc-default-executor-1] INFO  server.GrpcLogAppender (GrpcLogAppender.java:onNext(400)) - 7154479f-c658-4db8-83d8-3a22722b587d@group-E71D50C67865->d21fb43e-e5ae-4596-9449-4ac761036bdb-InstallSnapshotResponseHandler: received a reply 7154479f-c658-4db8-83d8-3a22722b587d<-d21fb43e-e5ae-4596-9449-4ac761036bdb#0:FAIL-t2,IN_PROGRESS
2021-08-27 19:21:10,148 [grpc-default-executor-1] INFO  server.GrpcLogAppender (GrpcLogAppender.java:onNext(417)) - 7154479f-c658-4db8-83d8-3a22722b587d@group-E71D50C67865->d21fb43e-e5ae-4596-9449-4ac761036bdb-InstallSnapshotResponseHandler: InstallSnapshot in progress.
2021-08-27 19:21:10,149 [7154479f-c658-4db8-83d8-3a22722b587d@group-E71D50C67865->d21fb43e-e5ae-4596-9449-4ac761036bdb-GrpcLogAppender-LogAppenderDaemon] INFO  server.GrpcLogAppender (GrpcLogAppender.java:installSnapshot(524)) - 7154479f-c658-4db8-83d8-3a22722b587d@group-E71D50C67865->d21fb43e-e5ae-4596-9449-4ac761036bdb-GrpcLogAppender: followerNextIndex = 0 but logStartIndex = 1, notify follower to install snapshot-(t:2, i:1)
2021-08-27 19:21:10,149 [7154479f-c658-4db8-83d8-3a22722b587d@group-E71D50C67865->d21fb43e-e5ae-4596-9449-4ac761036bdb-GrpcLogAppender-LogAppenderDaemon] INFO  server.GrpcLogAppender (GrpcLogAppender.java:installSnapshot(532)) - 7154479f-c658-4db8-83d8-3a22722b587d@group-E71D50C67865->d21fb43e-e5ae-4596-9449-4ac761036bdb-GrpcLogAppender: send 7154479f-c658-4db8-83d8-3a22722b587d->d21fb43e-e5ae-4596-9449-4ac761036bdb#0-t2,notify:(t:2, i:1)
2021-08-27 19:21:10,152 [grpc-default-executor-2] INFO  db.RDBCheckpointManager (RDBCheckpointManager.java:createCheckpoint(86)) - Created checkpoint at /home/runner/work/ozone/ozone/hadoop-ozone/integration-test/target/test-dir/MiniOzoneClusterImpl-cc6da7a1-649b-4db9-82e6-e71d50c67865/scmNode-1/db.checkpoints/scm.db_checkpoint_1630092070137 in 15 milliseconds
2021-08-27 19:21:10,155 [grpc-default-executor-2] INFO  ha.SCMGrpcOutputStream (SCMGrpcOutputStream.java:close(111)) - Sent 6100 bytes for cluster cc6da7a1-649b-4db9-82e6-e71d50c67865
2021-08-27 19:21:10,155 [grpc-default-executor-2] INFO  ha.SCMDBCheckpointProvider (SCMDBCheckpointProvider.java:writeDBCheckPointToSream(73)) - Time taken to write the checkpoint to response output stream: 3 milliseconds
2021-08-27 19:21:10,155 [grpc-default-executor-2] INFO  db.RocksDBCheckpoint (RocksDBCheckpoint.java:cleanupCheckpoint(78)) - Cleaning up RocksDB checkpoint at /home/runner/work/ozone/ozone/hadoop-ozone/integration-test/target/test-dir/MiniOzoneClusterImpl-cc6da7a1-649b-4db9-82e6-e71d50c67865/scmNode-1/db.checkpoints/scm.db_checkpoint_1630092070137
2021-08-27 19:21:10,163 [grpc-default-executor-2] INFO  server.RaftServer$Division (RaftServerImpl.java:checkInconsistentAppendEntries(1293)) - d21fb43e-e5ae-4596-9449-4ac761036bdb@group-E71D50C67865: Failed appendEntries as snapshot ((t:2, i:1)) installation is in progress
2021-08-27 19:21:10,163 [grpc-default-executor-2] INFO  server.RaftServer$Division (RaftServerImpl.java:checkInconsistentAppendEntries(1285)) - d21fb43e-e5ae-4596-9449-4ac761036bdb@group-E71D50C67865: inconsistency entries. Reply:7154479f-c658-4db8-83d8-3a22722b587d<-d21fb43e-e5ae-4596-9449-4ac761036bdb#5:FAIL-t2,INCONSISTENCY,nextIndex=0,followerCommit=-1
2021-08-27 19:21:10,172 [grpc-default-executor-1] INFO  server.RaftServer$Division (RaftServerImpl.java:installSnapshot(1329)) - d21fb43e-e5ae-4596-9449-4ac761036bdb@group-E71D50C67865: receive installSnapshot: 7154479f-c658-4db8-83d8-3a22722b587d->d21fb43e-e5ae-4596-9449-4ac761036bdb#0-t2,notify:(t:2, i:1)
2021-08-27 19:21:10,172 [grpc-default-executor-1] INFO  server.RaftServer$Division (RaftServerImpl.java:notifyStateMachineToInstallSnapshot(1611)) - d21fb43e-e5ae-4596-9449-4ac761036bdb@group-E71D50C67865: Snapshot Installation by StateMachine is in progress.
2021-08-27 19:21:10,172 [grpc-default-executor-1] INFO  server.RaftServer$Division (RaftServerImpl.java:installSnapshotImpl(1459)) - d21fb43e-e5ae-4596-9449-4ac761036bdb@group-E71D50C67865: set new configuration index: 5
configurationEntry {
  peers {
    id: "27aea111-c761-4159-8f56-4b18a0a94018"
    address: "localhost:13934"
  }
  peers {
    id: "7154479f-c658-4db8-83d8-3a22722b587d"
    address: "localhost:13924"
  }
}
 from snapshot
2021-08-27 19:21:10,172 [grpc-default-executor-1] INFO  server.RaftServer$Division (ServerState.java:setRaftConf(387)) - d21fb43e-e5ae-4596-9449-4ac761036bdb@group-E71D50C67865: set configuration 5: [27aea111-c761-4159-8f56-4b18a0a94018|rpc:localhost:13934|admin:|client:|dataStream:|priority:0, 7154479f-c658-4db8-83d8-3a22722b587d|rpc:localhost:13924|admin:|client:|dataStream:|priority:0], old=null
2021-08-27 19:21:10,172 [grpc-default-executor-1] INFO  server.RaftServer$Division (RaftServerImpl.java:installSnapshot(1340)) - d21fb43e-e5ae-4596-9449-4ac761036bdb@group-E71D50C67865: reply installSnapshot: 7154479f-c658-4db8-83d8-3a22722b587d<-d21fb43e-e5ae-4596-9449-4ac761036bdb#0:FAIL-t2,IN_PROGRESS
2021-08-27 19:21:10,172 [grpc-default-executor-1] INFO  server.GrpcServerProtocolService (GrpcServerProtocolService.java:onCompleted(140)) - d21fb43e-e5ae-4596-9449-4ac761036bdb: Completed INSTALL_SNAPSHOT, lastRequest: 7154479f-c658-4db8-83d8-3a22722b587d->d21fb43e-e5ae-4596-9449-4ac761036bdb#0-t2,notify:(t:2, i:1)
2021-08-27 19:21:10,173 [grpc-default-executor-2] INFO  leader.FollowerInfo (FollowerInfoImpl.java:lambda$new$0(46)) - 7154479f-c658-4db8-83d8-3a22722b587d@group-E71D50C67865->d21fb43e-e5ae-4596-9449-4ac761036bdb: nextIndex: updateUnconditionally 0 -> 0
2021-08-27 19:21:10,174 [grpc-default-executor-0] INFO  ha.InterSCMGrpcClient (InterSCMGrpcClient.java:onCompleted(173)) - Checkpoint is downloaded to /home/runner/work/ozone/ozone/hadoop-ozone/integration-test/target/test-dir/MiniOzoneClusterImpl-cc6da7a1-649b-4db9-82e6-e71d50c67865/scmNode-3/snapshot/scm.db-scmNode-1-1630092070122.tar.gz
2021-08-27 19:21:10,176 [grpc-default-executor-0] INFO  server.GrpcLogAppender (GrpcLogAppender.java:onNext(400)) - 7154479f-c658-4db8-83d8-3a22722b587d@group-E71D50C67865->d21fb43e-e5ae-4596-9449-4ac761036bdb-InstallSnapshotResponseHandler: received a reply 7154479f-c658-4db8-83d8-3a22722b587d<-d21fb43e-e5ae-4596-9449-4ac761036bdb#0:FAIL-t2,IN_PROGRESS
2021-08-27 19:21:10,176 [grpc-default-executor-0] INFO  server.GrpcLogAppender (GrpcLogAppender.java:onNext(417)) - 7154479f-c658-4db8-83d8-3a22722b587d@group-E71D50C67865->d21fb43e-e5ae-4596-9449-4ac761036bdb-InstallSnapshotResponseHandler: InstallSnapshot in progress.
2021-08-27 19:21:10,180 [7154479f-c658-4db8-83d8-3a22722b587d@group-E71D50C67865->d21fb43e-e5ae-4596-9449-4ac761036bdb-GrpcLogAppender-LogAppenderDaemon] INFO  server.GrpcLogAppender (GrpcLogAppender.java:installSnapshot(524)) - 7154479f-c658-4db8-83d8-3a22722b587d@group-E71D50C67865->d21fb43e-e5ae-4596-9449-4ac761036bdb-GrpcLogAppender: followerNextIndex = 0 but logStartIndex = 1, notify follower to install snapshot-(t:2, i:1)
2021-08-27 19:21:10,180 [7154479f-c658-4db8-83d8-3a22722b587d@group-E71D50C67865->d21fb43e-e5ae-4596-9449-4ac761036bdb-GrpcLogAppender-LogAppenderDaemon] INFO  server.GrpcLogAppender (GrpcLogAppender.java:installSnapshot(532)) - 7154479f-c658-4db8-83d8-3a22722b587d@group-E71D50C67865->d21fb43e-e5ae-4596-9449-4ac761036bdb-GrpcLogAppender: send 7154479f-c658-4db8-83d8-3a22722b587d->d21fb43e-e5ae-4596-9449-4ac761036bdb#0-t2,notify:(t:2, i:1)
2021-08-27 19:21:10,181 [grpc-default-executor-1] INFO  server.RaftServer$Division (RaftServerImpl.java:checkInconsistentAppendEntries(1293)) - d21fb43e-e5ae-4596-9449-4ac761036bdb@group-E71D50C67865: Failed appendEntries as snapshot ((t:2, i:1)) installation is in progress
2021-08-27 19:21:10,181 [grpc-default-executor-1] INFO  server.RaftServer$Division (RaftServerImpl.java:checkInconsistentAppendEntries(1285)) - d21fb43e-e5ae-4596-9449-4ac761036bdb@group-E71D50C67865: inconsistency entries. Reply:7154479f-c658-4db8-83d8-3a22722b587d<-d21fb43e-e5ae-4596-9449-4ac761036bdb#6:FAIL-t2,INCONSISTENCY,nextIndex=0,followerCommit=-1
2021-08-27 19:21:10,181 [grpc-default-executor-0] INFO  server.RaftServer$Division (RaftServerImpl.java:installSnapshot(1329)) - d21fb43e-e5ae-4596-9449-4ac761036bdb@group-E71D50C67865: receive installSnapshot: 7154479f-c658-4db8-83d8-3a22722b587d->d21fb43e-e5ae-4596-9449-4ac761036bdb#0-t2,notify:(t:2, i:1)
2021-08-27 19:21:10,181 [grpc-default-executor-0] INFO  server.RaftServer$Division (RaftServerImpl.java:notifyStateMachineToInstallSnapshot(1611)) - d21fb43e-e5ae-4596-9449-4ac761036bdb@group-E71D50C67865: Snapshot Installation by StateMachine is in progress.
2021-08-27 19:21:10,181 [grpc-default-executor-0] INFO  server.RaftServer$Division (RaftServerImpl.java:installSnapshotImpl(1459)) - d21fb43e-e5ae-4596-9449-4ac761036bdb@group-E71D50C67865: set new configuration index: 5
configurationEntry {
  peers {
    id: "27aea111-c761-4159-8f56-4b18a0a94018"
    address: "localhost:13934"
  }
  peers {
    id: "7154479f-c658-4db8-83d8-3a22722b587d"
    address: "localhost:13924"
  }
}
 from snapshot
2021-08-27 19:21:10,182 [grpc-default-executor-0] INFO  server.RaftServer$Division (ServerState.java:setRaftConf(387)) - d21fb43e-e5ae-4596-9449-4ac761036bdb@group-E71D50C67865: set configuration 5: [27aea111-c761-4159-8f56-4b18a0a94018|rpc:localhost:13934|admin:|client:|dataStream:|priority:0, 7154479f-c658-4db8-83d8-3a22722b587d|rpc:localhost:13924|admin:|client:|dataStream:|priority:0], old=null
2021-08-27 19:21:10,182 [grpc-default-executor-0] INFO  server.RaftServer$Division (RaftServerImpl.java:installSnapshot(1340)) - d21fb43e-e5ae-4596-9449-4ac761036bdb@group-E71D50C67865: reply installSnapshot: 7154479f-c658-4db8-83d8-3a22722b587d<-d21fb43e-e5ae-4596-9449-4ac761036bdb#0:FAIL-t2,IN_PROGRESS
2021-08-27 19:21:10,182 [grpc-default-executor-0] INFO  server.GrpcServerProtocolService (GrpcServerProtocolService.java:onCompleted(140)) - d21fb43e-e5ae-4596-9449-4ac761036bdb: Completed INSTALL_SNAPSHOT, lastRequest: 7154479f-c658-4db8-83d8-3a22722b587d->d21fb43e-e5ae-4596-9449-4ac761036bdb#0-t2,notify:(t:2, i:1)
2021-08-27 19:21:10,183 [grpc-default-executor-1] INFO  server.GrpcLogAppender (GrpcLogAppender.java:onNext(400)) - 7154479f-c658-4db8-83d8-3a22722b587d@group-E71D50C67865->d21fb43e-e5ae-4596-9449-4ac761036bdb-InstallSnapshotResponseHandler: received a reply 7154479f-c658-4db8-83d8-3a22722b587d<-d21fb43e-e5ae-4596-9449-4ac761036bdb#0:FAIL-t2,IN_PROGRESS
2021-08-27 19:21:10,183 [grpc-default-executor-1] INFO  server.GrpcLogAppender (GrpcLogAppender.java:onNext(417)) - 7154479f-c658-4db8-83d8-3a22722b587d@group-E71D50C67865->d21fb43e-e5ae-4596-9449-4ac761036bdb-InstallSnapshotResponseHandler: InstallSnapshot in progress.
2021-08-27 19:21:10,184 [7154479f-c658-4db8-83d8-3a22722b587d@group-E71D50C67865->d21fb43e-e5ae-4596-9449-4ac761036bdb-GrpcLogAppender-LogAppenderDaemon] INFO  server.GrpcLogAppender (GrpcLogAppender.java:installSnapshot(524)) - 7154479f-c658-4db8-83d8-3a22722b587d@group-E71D50C67865->d21fb43e-e5ae-4596-9449-4ac761036bdb-GrpcLogAppender: followerNextIndex = 0 but logStartIndex = 1, notify follower to install snapshot-(t:2, i:1)
2021-08-27 19:21:10,184 [7154479f-c658-4db8-83d8-3a22722b587d@group-E71D50C67865->d21fb43e-e5ae-4596-9449-4ac761036bdb-GrpcLogAppender-LogAppenderDaemon] INFO  server.GrpcLogAppender (GrpcLogAppender.java:installSnapshot(532)) - 7154479f-c658-4db8-83d8-3a22722b587d@group-E71D50C67865->d21fb43e-e5ae-4596-9449-4ac761036bdb-GrpcLogAppender: send 7154479f-c658-4db8-83d8-3a22722b587d->d21fb43e-e5ae-4596-9449-4ac761036bdb#0-t2,notify:(t:2, i:1)
2021-08-27 19:21:10,185 [grpc-default-executor-2] INFO  server.RaftServer$Division (RaftServerImpl.java:checkInconsistentAppendEntries(1293)) - d21fb43e-e5ae-4596-9449-4ac761036bdb@group-E71D50C67865: Failed appendEntries as snapshot ((t:2, i:1)) installation is in progress
2021-08-27 19:21:10,185 [grpc-default-executor-2] INFO  server.RaftServer$Division (RaftServerImpl.java:checkInconsistentAppendEntries(1285)) - d21fb43e-e5ae-4596-9449-4ac761036bdb@group-E71D50C67865: inconsistency entries. Reply:7154479f-c658-4db8-83d8-3a22722b587d<-d21fb43e-e5ae-4596-9449-4ac761036bdb#7:FAIL-t2,INCONSISTENCY,nextIndex=0,followerCommit=-1
2021-08-27 19:21:10,185 [grpc-default-executor-1] INFO  server.RaftServer$Division (RaftServerImpl.java:installSnapshot(1329)) - d21fb43e-e5ae-4596-9449-4ac761036bdb@group-E71D50C67865: receive installSnapshot: 7154479f-c658-4db8-83d8-3a22722b587d->d21fb43e-e5ae-4596-9449-4ac761036bdb#0-t2,notify:(t:2, i:1)
2021-08-27 19:21:10,185 [grpc-default-executor-1] INFO  server.RaftServer$Division (RaftServerImpl.java:notifyStateMachineToInstallSnapshot(1611)) - d21fb43e-e5ae-4596-9449-4ac761036bdb@group-E71D50C67865: Snapshot Installation by StateMachine is in progress.
2021-08-27 19:21:10,185 [grpc-default-executor-1] INFO  server.RaftServer$Division (RaftServerImpl.java:installSnapshotImpl(1459)) - d21fb43e-e5ae-4596-9449-4ac761036bdb@group-E71D50C67865: set new configuration index: 5
configurationEntry {
  peers {
    id: "27aea111-c761-4159-8f56-4b18a0a94018"
    address: "localhost:13934"
  }
  peers {
    id: "7154479f-c658-4db8-83d8-3a22722b587d"
    address: "localhost:13924"
  }
}
 from snapshot
2021-08-27 19:21:10,185 [grpc-default-executor-1] INFO  server.RaftServer$Division (ServerState.java:setRaftConf(387)) - d21fb43e-e5ae-4596-9449-4ac761036bdb@group-E71D50C67865: set configuration 5: [27aea111-c761-4159-8f56-4b18a0a94018|rpc:localhost:13934|admin:|client:|dataStream:|priority:0, 7154479f-c658-4db8-83d8-3a22722b587d|rpc:localhost:13924|admin:|client:|dataStream:|priority:0], old=null
2021-08-27 19:21:10,186 [grpc-default-executor-1] INFO  server.RaftServer$Division (RaftServerImpl.java:installSnapshot(1340)) - d21fb43e-e5ae-4596-9449-4ac761036bdb@group-E71D50C67865: reply installSnapshot: 7154479f-c658-4db8-83d8-3a22722b587d<-d21fb43e-e5ae-4596-9449-4ac761036bdb#0:FAIL-t2,IN_PROGRESS
2021-08-27 19:21:10,186 [grpc-default-executor-1] INFO  server.GrpcServerProtocolService (GrpcServerProtocolService.java:onCompleted(140)) - d21fb43e-e5ae-4596-9449-4ac761036bdb: Completed INSTALL_SNAPSHOT, lastRequest: 7154479f-c658-4db8-83d8-3a22722b587d->d21fb43e-e5ae-4596-9449-4ac761036bdb#0-t2,notify:(t:2, i:1)
2021-08-27 19:21:10,186 [grpc-default-executor-2] INFO  server.GrpcLogAppender (GrpcLogAppender.java:onNext(400)) - 7154479f-c658-4db8-83d8-3a22722b587d@group-E71D50C67865->d21fb43e-e5ae-4596-9449-4ac761036bdb-InstallSnapshotResponseHandler: received a reply 7154479f-c658-4db8-83d8-3a22722b587d<-d21fb43e-e5ae-4596-9449-4ac761036bdb#0:FAIL-t2,IN_PROGRESS
2021-08-27 19:21:10,186 [grpc-default-executor-2] INFO  server.GrpcLogAppender (GrpcLogAppender.java:onNext(417)) - 7154479f-c658-4db8-83d8-3a22722b587d@group-E71D50C67865->d21fb43e-e5ae-4596-9449-4ac761036bdb-InstallSnapshotResponseHandler: InstallSnapshot in progress.
2021-08-27 19:21:10,187 [7154479f-c658-4db8-83d8-3a22722b587d@group-E71D50C67865->d21fb43e-e5ae-4596-9449-4ac761036bdb-GrpcLogAppender-LogAppenderDaemon] INFO  server.GrpcLogAppender (GrpcLogAppender.java:installSnapshot(524)) - 7154479f-c658-4db8-83d8-3a22722b587d@group-E71D50C67865->d21fb43e-e5ae-4596-9449-4ac761036bdb-GrpcLogAppender: followerNextIndex = 0 but logStartIndex = 1, notify follower to install snapshot-(t:2, i:1)
2021-08-27 19:21:10,187 [7154479f-c658-4db8-83d8-3a22722b587d@group-E71D50C67865->d21fb43e-e5ae-4596-9449-4ac761036bdb-GrpcLogAppender-LogAppenderDaemon] INFO  server.GrpcLogAppender (GrpcLogAppender.java:installSnapshot(532)) - 7154479f-c658-4db8-83d8-3a22722b587d@group-E71D50C67865->d21fb43e-e5ae-4596-9449-4ac761036bdb-GrpcLogAppender: send 7154479f-c658-4db8-83d8-3a22722b587d->d21fb43e-e5ae-4596-9449-4ac761036bdb#0-t2,notify:(t:2, i:1)
2021-08-27 19:21:10,189 [grpc-default-executor-1] INFO  server.RaftServer$Division (RaftServerImpl.java:installSnapshot(1329)) - d21fb43e-e5ae-4596-9449-4ac761036bdb@group-E71D50C67865: receive installSnapshot: 7154479f-c658-4db8-83d8-3a22722b587d->d21fb43e-e5ae-4596-9449-4ac761036bdb#0-t2,notify:(t:2, i:1)
2021-08-27 19:21:10,189 [grpc-default-executor-1] INFO  server.RaftServer$Division (RaftServerImpl.java:notifyStateMachineToInstallSnapshot(1611)) - d21fb43e-e5ae-4596-9449-4ac761036bdb@group-E71D50C67865: Snapshot Installation by StateMachine is in progress.
2021-08-27 19:21:10,190 [grpc-default-executor-1] INFO  server.RaftServer$Division (RaftServerImpl.java:installSnapshotImpl(1459)) - d21fb43e-e5ae-4596-9449-4ac761036bdb@group-E71D50C67865: set new configuration index: 5
configurationEntry {
  peers {
    id: "27aea111-c761-4159-8f56-4b18a0a94018"
    address: "localhost:13934"
  }
  peers {
    id: "7154479f-c658-4db8-83d8-3a22722b587d"
    address: "localhost:13924"
  }
}
 from snapshot
2021-08-27 19:21:10,190 [grpc-default-executor-1] INFO  server.RaftServer$Division (ServerState.java:setRaftConf(387)) - d21fb43e-e5ae-4596-9449-4ac761036bdb@group-E71D50C67865: set configuration 5: [27aea111-c761-4159-8f56-4b18a0a94018|rpc:localhost:13934|admin:|client:|dataStream:|priority:0, 7154479f-c658-4db8-83d8-3a22722b587d|rpc:localhost:13924|admin:|client:|dataStream:|priority:0], old=null
2021-08-27 19:21:10,190 [grpc-default-executor-1] INFO  server.RaftServer$Division (RaftServerImpl.java:installSnapshot(1340)) - d21fb43e-e5ae-4596-9449-4ac761036bdb@group-E71D50C67865: reply installSnapshot: 7154479f-c658-4db8-83d8-3a22722b587d<-d21fb43e-e5ae-4596-9449-4ac761036bdb#0:FAIL-t2,IN_PROGRESS
2021-08-27 19:21:10,190 [grpc-default-executor-1] INFO  server.GrpcServerProtocolService (GrpcServerProtocolService.java:onCompleted(140)) - d21fb43e-e5ae-4596-9449-4ac761036bdb: Completed INSTALL_SNAPSHOT, lastRequest: 7154479f-c658-4db8-83d8-3a22722b587d->d21fb43e-e5ae-4596-9449-4ac761036bdb#0-t2,notify:(t:2, i:1)
2021-08-27 19:21:10,190 [grpc-default-executor-3] INFO  server.RaftServer$Division (RaftServerImpl.java:checkInconsistentAppendEntries(1293)) - d21fb43e-e5ae-4596-9449-4ac761036bdb@group-E71D50C67865: Failed appendEntries as snapshot ((t:2, i:1)) installation is in progress
2021-08-27 19:21:10,190 [grpc-default-executor-3] INFO  server.RaftServer$Division (RaftServerImpl.java:checkInconsistentAppendEntries(1285)) - d21fb43e-e5ae-4596-9449-4ac761036bdb@group-E71D50C67865: inconsistency entries. Reply:7154479f-c658-4db8-83d8-3a22722b587d<-d21fb43e-e5ae-4596-9449-4ac761036bdb#8:FAIL-t2,INCONSISTENCY,nextIndex=0,followerCommit=-1
2021-08-27 19:21:10,191 [grpc-default-executor-2] INFO  server.GrpcLogAppender (GrpcLogAppender.java:onNext(400)) - 7154479f-c658-4db8-83d8-3a22722b587d@group-E71D50C67865->d21fb43e-e5ae-4596-9449-4ac761036bdb-InstallSnapshotResponseHandler: received a reply 7154479f-c658-4db8-83d8-3a22722b587d<-d21fb43e-e5ae-4596-9449-4ac761036bdb#0:FAIL-t2,IN_PROGRESS
2021-08-27 19:21:10,191 [grpc-default-executor-2] INFO  server.GrpcLogAppender (GrpcLogAppender.java:onNext(417)) - 7154479f-c658-4db8-83d8-3a22722b587d@group-E71D50C67865->d21fb43e-e5ae-4596-9449-4ac761036bdb-InstallSnapshotResponseHandler: InstallSnapshot in progress.
2021-08-27 19:21:10,192 [7154479f-c658-4db8-83d8-3a22722b587d@group-E71D50C67865->d21fb43e-e5ae-4596-9449-4ac761036bdb-GrpcLogAppender-LogAppenderDaemon] INFO  server.GrpcLogAppender (GrpcLogAppender.java:installSnapshot(524)) - 7154479f-c658-4db8-83d8-3a22722b587d@group-E71D50C67865->d21fb43e-e5ae-4596-9449-4ac761036bdb-GrpcLogAppender: followerNextIndex = 0 but logStartIndex = 1, notify follower to install snapshot-(t:2, i:1)
2021-08-27 19:21:10,192 [7154479f-c658-4db8-83d8-3a22722b587d@group-E71D50C67865->d21fb43e-e5ae-4596-9449-4ac761036bdb-GrpcLogAppender-LogAppenderDaemon] INFO  server.GrpcLogAppender (GrpcLogAppender.java:installSnapshot(532)) - 7154479f-c658-4db8-83d8-3a22722b587d@group-E71D50C67865->d21fb43e-e5ae-4596-9449-4ac761036bdb-GrpcLogAppender: send 7154479f-c658-4db8-83d8-3a22722b587d->d21fb43e-e5ae-4596-9449-4ac761036bdb#0-t2,notify:(t:2, i:1)
2021-08-27 19:21:10,193 [pool-228-thread-1] INFO  ha.SCMSnapshotProvider (SCMSnapshotProvider.java:getSCMDBSnapshot(131)) - Successfully downloaded latest checkpoint from leader SCM: scmNode-1 path /home/runner/work/ozone/ozone/hadoop-ozone/integration-test/target/test-dir/MiniOzoneClusterImpl-cc6da7a1-649b-4db9-82e6-e71d50c67865/scmNode-3/snapshot/scm.db-scmNode-1-1630092070122
2021-08-27 19:21:10,193 [pool-228-thread-1] INFO  ha.SCMHAManagerImpl (SCMHAManagerImpl.java:downloadCheckpointFromLeader(158)) - Downloaded checkpoint from Leader scmNode-1 to the location /home/runner/work/ozone/ozone/hadoop-ozone/integration-test/target/test-dir/MiniOzoneClusterImpl-cc6da7a1-649b-4db9-82e6-e71d50c67865/scmNode-3/snapshot/scm.db-scmNode-1-1630092070122
2021-08-27 19:21:10,203 [Datanode State Machine Thread - 0] ERROR datanode.RunningDatanodeState (RunningDatanodeState.java:computeNextContainerState(199)) - Error in executing end point task.
java.util.concurrent.ExecutionException: java.util.concurrent.TimeoutException
	at java.util.concurrent.FutureTask.report(FutureTask.java:122)
	at java.util.concurrent.FutureTask.get(FutureTask.java:192)
	at org.apache.hadoop.ozone.container.common.states.datanode.RunningDatanodeState.computeNextContainerState(RunningDatanodeState.java:191)
	at org.apache.hadoop.ozone.container.common.states.datanode.RunningDatanodeState.await(RunningDatanodeState.java:231)
	at org.apache.hadoop.ozone.container.common.states.datanode.RunningDatanodeState.await(RunningDatanodeState.java:50)
	at org.apache.hadoop.ozone.container.common.statemachine.StateContext.execute(StateContext.java:629)
	at org.apache.hadoop.ozone.container.common.statemachine.DatanodeStateMachine.start(DatanodeStateMachine.java:270)
	at org.apache.hadoop.ozone.container.common.statemachine.DatanodeStateMachine.lambda$startDaemon$0(DatanodeStateMachine.java:456)
	at java.lang.Thread.run(Thread.java:748)
Caused by: java.util.concurrent.TimeoutException
	at java.util.concurrent.FutureTask.get(FutureTask.java:205)
	at org.apache.hadoop.ozone.container.common.states.datanode.RunningDatanodeState.lambda$execute$0(RunningDatanodeState.java:149)
	at java.util.concurrent.FutureTask.run(FutureTask.java:266)
	at java.util.concurrent.Executors$RunnableAdapter.call(Executors.java:511)
	at java.util.concurrent.FutureTask.run(FutureTask.java:266)
	at java.util.concurrent.ThreadPoolExecutor.runWorker(ThreadPoolExecutor.java:1149)
	at java.util.concurrent.ThreadPoolExecutor$Worker.run(ThreadPoolExecutor.java:624)
	... 1 more
2021-08-27 19:21:10,204 [grpc-default-executor-0] INFO  leader.FollowerInfo (FollowerInfoImpl.java:lambda$new$0(46)) - 7154479f-c658-4db8-83d8-3a22722b587d@group-E71D50C67865->d21fb43e-e5ae-4596-9449-4ac761036bdb: nextIndex: updateUnconditionally 0 -> 0
2021-08-27 19:21:10,207 [grpc-default-executor-0] INFO  leader.FollowerInfo (FollowerInfoImpl.java:lambda$new$0(46)) - 7154479f-c658-4db8-83d8-3a22722b587d@group-E71D50C67865->d21fb43e-e5ae-4596-9449-4ac761036bdb: nextIndex: updateUnconditionally 0 -> 0
2021-08-27 19:21:10,208 [grpc-default-executor-0] INFO  leader.FollowerInfo (FollowerInfoImpl.java:lambda$new$0(46)) - 7154479f-c658-4db8-83d8-3a22722b587d@group-E71D50C67865->d21fb43e-e5ae-4596-9449-4ac761036bdb: nextIndex: updateUnconditionally 0 -> 0
2021-08-27 19:21:10,216 [grpc-default-executor-3] INFO  server.RaftServer$Division (RaftServerImpl.java:checkInconsistentAppendEntries(1293)) - d21fb43e-e5ae-4596-9449-4ac761036bdb@group-E71D50C67865: Failed appendEntries as snapshot ((t:2, i:1)) installation is in progress
2021-08-27 19:21:10,216 [grpc-default-executor-3] INFO  server.RaftServer$Division (RaftServerImpl.java:checkInconsistentAppendEntries(1285)) - d21fb43e-e5ae-4596-9449-4ac761036bdb@group-E71D50C67865: inconsistency entries. Reply:7154479f-c658-4db8-83d8-3a22722b587d<-d21fb43e-e5ae-4596-9449-4ac761036bdb#9:FAIL-t2,INCONSISTENCY,nextIndex=0,followerCommit=-1
2021-08-27 19:21:10,216 [grpc-default-executor-1] INFO  leader.FollowerInfo (FollowerInfoImpl.java:lambda$new$0(46)) - 7154479f-c658-4db8-83d8-3a22722b587d@group-E71D50C67865->d21fb43e-e5ae-4596-9449-4ac761036bdb: nextIndex: updateUnconditionally 0 -> 0
2021-08-27 19:21:10,216 [grpc-default-executor-3] INFO  server.RaftServer$Division (RaftServerImpl.java:installSnapshot(1329)) - d21fb43e-e5ae-4596-9449-4ac761036bdb@group-E71D50C67865: receive installSnapshot: 7154479f-c658-4db8-83d8-3a22722b587d->d21fb43e-e5ae-4596-9449-4ac761036bdb#0-t2,notify:(t:2, i:1)
2021-08-27 19:21:10,216 [grpc-default-executor-3] INFO  server.RaftServer$Division (RaftServerImpl.java:notifyStateMachineToInstallSnapshot(1611)) - d21fb43e-e5ae-4596-9449-4ac761036bdb@group-E71D50C67865: Snapshot Installation by StateMachine is in progress.
2021-08-27 19:21:10,216 [grpc-default-executor-3] INFO  server.RaftServer$Division (RaftServerImpl.java:installSnapshotImpl(1459)) - d21fb43e-e5ae-4596-9449-4ac761036bdb@group-E71D50C67865: set new configuration index: 5
configurationEntry {
  peers {
    id: "27aea111-c761-4159-8f56-4b18a0a94018"
    address: "localhost:13934"
  }
  peers {
    id: "7154479f-c658-4db8-83d8-3a22722b587d"
    address: "localhost:13924"
  }
}
 from snapshot
2021-08-27 19:21:10,216 [grpc-default-executor-3] INFO  server.RaftServer$Division (ServerState.java:setRaftConf(387)) - d21fb43e-e5ae-4596-9449-4ac761036bdb@group-E71D50C67865: set configuration 5: [27aea111-c761-4159-8f56-4b18a0a94018|rpc:localhost:13934|admin:|client:|dataStream:|priority:0, 7154479f-c658-4db8-83d8-3a22722b587d|rpc:localhost:13924|admin:|client:|dataStream:|priority:0], old=null
2021-08-27 19:21:10,216 [EndpointStateMachine task thread for /127.0.0.1:14961 - 0 ] INFO  ipc.Client (Client.java:handleConnectionFailure(977)) - Retrying connect to server: localhost/127.0.0.1:14961. Already tried 5 time(s); retry policy is RetryUpToMaximumCountWithFixedSleep(maxRetries=15, sleepTime=1000 MILLISECONDS)
2021-08-27 19:21:10,217 [grpc-default-executor-3] INFO  server.RaftServer$Division (RaftServerImpl.java:installSnapshot(1340)) - d21fb43e-e5ae-4596-9449-4ac761036bdb@group-E71D50C67865: reply installSnapshot: 7154479f-c658-4db8-83d8-3a22722b587d<-d21fb43e-e5ae-4596-9449-4ac761036bdb#0:FAIL-t2,IN_PROGRESS
2021-08-27 19:21:10,218 [grpc-default-executor-1] INFO  server.GrpcLogAppender (GrpcLogAppender.java:onNext(400)) - 7154479f-c658-4db8-83d8-3a22722b587d@group-E71D50C67865->d21fb43e-e5ae-4596-9449-4ac761036bdb-InstallSnapshotResponseHandler: received a reply 7154479f-c658-4db8-83d8-3a22722b587d<-d21fb43e-e5ae-4596-9449-4ac761036bdb#0:FAIL-t2,IN_PROGRESS
2021-08-27 19:21:10,218 [grpc-default-executor-1] INFO  server.GrpcLogAppender (GrpcLogAppender.java:onNext(417)) - 7154479f-c658-4db8-83d8-3a22722b587d@group-E71D50C67865->d21fb43e-e5ae-4596-9449-4ac761036bdb-InstallSnapshotResponseHandler: InstallSnapshot in progress.
2021-08-27 19:21:10,231 [grpc-default-executor-3] INFO  server.GrpcServerProtocolService (GrpcServerProtocolService.java:onCompleted(140)) - d21fb43e-e5ae-4596-9449-4ac761036bdb: Completed INSTALL_SNAPSHOT, lastRequest: 7154479f-c658-4db8-83d8-3a22722b587d->d21fb43e-e5ae-4596-9449-4ac761036bdb#0-t2,notify:(t:2, i:1)
2021-08-27 19:21:10,232 [7154479f-c658-4db8-83d8-3a22722b587d@group-E71D50C67865->d21fb43e-e5ae-4596-9449-4ac761036bdb-GrpcLogAppender-LogAppenderDaemon] INFO  server.GrpcLogAppender (GrpcLogAppender.java:installSnapshot(524)) - 7154479f-c658-4db8-83d8-3a22722b587d@group-E71D50C67865->d21fb43e-e5ae-4596-9449-4ac761036bdb-GrpcLogAppender: followerNextIndex = 0 but logStartIndex = 1, notify follower to install snapshot-(t:2, i:1)
2021-08-27 19:21:10,232 [7154479f-c658-4db8-83d8-3a22722b587d@group-E71D50C67865->d21fb43e-e5ae-4596-9449-4ac761036bdb-GrpcLogAppender-LogAppenderDaemon] INFO  server.GrpcLogAppender (GrpcLogAppender.java:installSnapshot(532)) - 7154479f-c658-4db8-83d8-3a22722b587d@group-E71D50C67865->d21fb43e-e5ae-4596-9449-4ac761036bdb-GrpcLogAppender: send 7154479f-c658-4db8-83d8-3a22722b587d->d21fb43e-e5ae-4596-9449-4ac761036bdb#0-t2,notify:(t:2, i:1)
2021-08-27 19:21:10,233 [grpc-default-executor-0] INFO  server.RaftServer$Division (RaftServerImpl.java:checkInconsistentAppendEntries(1293)) - d21fb43e-e5ae-4596-9449-4ac761036bdb@group-E71D50C67865: Failed appendEntries as snapshot ((t:2, i:1)) installation is in progress
2021-08-27 19:21:10,233 [grpc-default-executor-0] INFO  server.RaftServer$Division (RaftServerImpl.java:checkInconsistentAppendEntries(1285)) - d21fb43e-e5ae-4596-9449-4ac761036bdb@group-E71D50C67865: inconsistency entries. Reply:7154479f-c658-4db8-83d8-3a22722b587d<-d21fb43e-e5ae-4596-9449-4ac761036bdb#10:FAIL-t2,INCONSISTENCY,nextIndex=0,followerCommit=-1
2021-08-27 19:21:10,233 [grpc-default-executor-3] INFO  server.RaftServer$Division (RaftServerImpl.java:installSnapshot(1329)) - d21fb43e-e5ae-4596-9449-4ac761036bdb@group-E71D50C67865: receive installSnapshot: 7154479f-c658-4db8-83d8-3a22722b587d->d21fb43e-e5ae-4596-9449-4ac761036bdb#0-t2,notify:(t:2, i:1)
2021-08-27 19:21:10,233 [grpc-default-executor-3] INFO  server.RaftServer$Division (RaftServerImpl.java:notifyStateMachineToInstallSnapshot(1611)) - d21fb43e-e5ae-4596-9449-4ac761036bdb@group-E71D50C67865: Snapshot Installation by StateMachine is in progress.
2021-08-27 19:21:10,233 [grpc-default-executor-3] INFO  server.RaftServer$Division (RaftServerImpl.java:installSnapshotImpl(1459)) - d21fb43e-e5ae-4596-9449-4ac761036bdb@group-E71D50C67865: set new configuration index: 5
configurationEntry {
  peers {
    id: "27aea111-c761-4159-8f56-4b18a0a94018"
    address: "localhost:13934"
  }
  peers {
    id: "7154479f-c658-4db8-83d8-3a22722b587d"
    address: "localhost:13924"
  }
}
 from snapshot
2021-08-27 19:21:10,234 [grpc-default-executor-3] INFO  server.RaftServer$Division (ServerState.java:setRaftConf(387)) - d21fb43e-e5ae-4596-9449-4ac761036bdb@group-E71D50C67865: set configuration 5: [27aea111-c761-4159-8f56-4b18a0a94018|rpc:localhost:13934|admin:|client:|dataStream:|priority:0, 7154479f-c658-4db8-83d8-3a22722b587d|rpc:localhost:13924|admin:|client:|dataStream:|priority:0], old=null
2021-08-27 19:21:10,234 [grpc-default-executor-3] INFO  server.RaftServer$Division (RaftServerImpl.java:installSnapshot(1340)) - d21fb43e-e5ae-4596-9449-4ac761036bdb@group-E71D50C67865: reply installSnapshot: 7154479f-c658-4db8-83d8-3a22722b587d<-d21fb43e-e5ae-4596-9449-4ac761036bdb#0:FAIL-t2,IN_PROGRESS
2021-08-27 19:21:10,234 [grpc-default-executor-3] INFO  server.GrpcServerProtocolService (GrpcServerProtocolService.java:onCompleted(140)) - d21fb43e-e5ae-4596-9449-4ac761036bdb: Completed INSTALL_SNAPSHOT, lastRequest: 7154479f-c658-4db8-83d8-3a22722b587d->d21fb43e-e5ae-4596-9449-4ac761036bdb#0-t2,notify:(t:2, i:1)
2021-08-27 19:21:10,234 [grpc-default-executor-1] INFO  server.GrpcLogAppender (GrpcLogAppender.java:onNext(400)) - 7154479f-c658-4db8-83d8-3a22722b587d@group-E71D50C67865->d21fb43e-e5ae-4596-9449-4ac761036bdb-InstallSnapshotResponseHandler: received a reply 7154479f-c658-4db8-83d8-3a22722b587d<-d21fb43e-e5ae-4596-9449-4ac761036bdb#0:FAIL-t2,IN_PROGRESS
2021-08-27 19:21:10,235 [grpc-default-executor-1] INFO  server.GrpcLogAppender (GrpcLogAppender.java:onNext(417)) - 7154479f-c658-4db8-83d8-3a22722b587d@group-E71D50C67865->d21fb43e-e5ae-4596-9449-4ac761036bdb-InstallSnapshotResponseHandler: InstallSnapshot in progress.
2021-08-27 19:21:10,236 [7154479f-c658-4db8-83d8-3a22722b587d@group-E71D50C67865->d21fb43e-e5ae-4596-9449-4ac761036bdb-GrpcLogAppender-LogAppenderDaemon] INFO  server.GrpcLogAppender (GrpcLogAppender.java:installSnapshot(524)) - 7154479f-c658-4db8-83d8-3a22722b587d@group-E71D50C67865->d21fb43e-e5ae-4596-9449-4ac761036bdb-GrpcLogAppender: followerNextIndex = 0 but logStartIndex = 1, notify follower to install snapshot-(t:2, i:1)
2021-08-27 19:21:10,236 [7154479f-c658-4db8-83d8-3a22722b587d@group-E71D50C67865->d21fb43e-e5ae-4596-9449-4ac761036bdb-GrpcLogAppender-LogAppenderDaemon] INFO  server.GrpcLogAppender (GrpcLogAppender.java:installSnapshot(532)) - 7154479f-c658-4db8-83d8-3a22722b587d@group-E71D50C67865->d21fb43e-e5ae-4596-9449-4ac761036bdb-GrpcLogAppender: send 7154479f-c658-4db8-83d8-3a22722b587d->d21fb43e-e5ae-4596-9449-4ac761036bdb#0-t2,notify:(t:2, i:1)
2021-08-27 19:21:10,236 [grpc-default-executor-0] INFO  server.RaftServer$Division (RaftServerImpl.java:checkInconsistentAppendEntries(1293)) - d21fb43e-e5ae-4596-9449-4ac761036bdb@group-E71D50C67865: Failed appendEntries as snapshot ((t:2, i:1)) installation is in progress
2021-08-27 19:21:10,237 [grpc-default-executor-0] INFO  server.RaftServer$Division (RaftServerImpl.java:checkInconsistentAppendEntries(1285)) - d21fb43e-e5ae-4596-9449-4ac761036bdb@group-E71D50C67865: inconsistency entries. Reply:7154479f-c658-4db8-83d8-3a22722b587d<-d21fb43e-e5ae-4596-9449-4ac761036bdb#11:FAIL-t2,INCONSISTENCY,nextIndex=0,followerCommit=-1
2021-08-27 19:21:10,237 [grpc-default-executor-1] INFO  server.RaftServer$Division (RaftServerImpl.java:installSnapshot(1329)) - d21fb43e-e5ae-4596-9449-4ac761036bdb@group-E71D50C67865: receive installSnapshot: 7154479f-c658-4db8-83d8-3a22722b587d->d21fb43e-e5ae-4596-9449-4ac761036bdb#0-t2,notify:(t:2, i:1)
2021-08-27 19:21:10,237 [grpc-default-executor-1] INFO  server.RaftServer$Division (RaftServerImpl.java:notifyStateMachineToInstallSnapshot(1611)) - d21fb43e-e5ae-4596-9449-4ac761036bdb@group-E71D50C67865: Snapshot Installation by StateMachine is in progress.
2021-08-27 19:21:10,237 [grpc-default-executor-1] INFO  server.RaftServer$Division (RaftServerImpl.java:installSnapshotImpl(1459)) - d21fb43e-e5ae-4596-9449-4ac761036bdb@group-E71D50C67865: set new configuration index: 5
configurationEntry {
  peers {
    id: "27aea111-c761-4159-8f56-4b18a0a94018"
    address: "localhost:13934"
  }
  peers {
    id: "7154479f-c658-4db8-83d8-3a22722b587d"
    address: "localhost:13924"
  }
}
 from snapshot
2021-08-27 19:21:10,237 [grpc-default-executor-1] INFO  server.RaftServer$Division (ServerState.java:setRaftConf(387)) - d21fb43e-e5ae-4596-9449-4ac761036bdb@group-E71D50C67865: set configuration 5: [27aea111-c761-4159-8f56-4b18a0a94018|rpc:localhost:13934|admin:|client:|dataStream:|priority:0, 7154479f-c658-4db8-83d8-3a22722b587d|rpc:localhost:13924|admin:|client:|dataStream:|priority:0], old=null
2021-08-27 19:21:10,237 [grpc-default-executor-1] INFO  server.RaftServer$Division (RaftServerImpl.java:installSnapshot(1340)) - d21fb43e-e5ae-4596-9449-4ac761036bdb@group-E71D50C67865: reply installSnapshot: 7154479f-c658-4db8-83d8-3a22722b587d<-d21fb43e-e5ae-4596-9449-4ac761036bdb#0:FAIL-t2,IN_PROGRESS
2021-08-27 19:21:10,237 [grpc-default-executor-1] INFO  server.GrpcServerProtocolService (GrpcServerProtocolService.java:onCompleted(140)) - d21fb43e-e5ae-4596-9449-4ac761036bdb: Completed INSTALL_SNAPSHOT, lastRequest: 7154479f-c658-4db8-83d8-3a22722b587d->d21fb43e-e5ae-4596-9449-4ac761036bdb#0-t2,notify:(t:2, i:1)
2021-08-27 19:21:10,238 [grpc-default-executor-0] INFO  server.GrpcLogAppender (GrpcLogAppender.java:onNext(400)) - 7154479f-c658-4db8-83d8-3a22722b587d@group-E71D50C67865->d21fb43e-e5ae-4596-9449-4ac761036bdb-InstallSnapshotResponseHandler: received a reply 7154479f-c658-4db8-83d8-3a22722b587d<-d21fb43e-e5ae-4596-9449-4ac761036bdb#0:FAIL-t2,IN_PROGRESS
2021-08-27 19:21:10,238 [grpc-default-executor-0] INFO  server.GrpcLogAppender (GrpcLogAppender.java:onNext(417)) - 7154479f-c658-4db8-83d8-3a22722b587d@group-E71D50C67865->d21fb43e-e5ae-4596-9449-4ac761036bdb-InstallSnapshotResponseHandler: InstallSnapshot in progress.
2021-08-27 19:21:10,239 [7154479f-c658-4db8-83d8-3a22722b587d@group-E71D50C67865->d21fb43e-e5ae-4596-9449-4ac761036bdb-GrpcLogAppender-LogAppenderDaemon] INFO  server.GrpcLogAppender (GrpcLogAppender.java:installSnapshot(524)) - 7154479f-c658-4db8-83d8-3a22722b587d@group-E71D50C67865->d21fb43e-e5ae-4596-9449-4ac761036bdb-GrpcLogAppender: followerNextIndex = 0 but logStartIndex = 1, notify follower to install snapshot-(t:2, i:1)
2021-08-27 19:21:10,239 [7154479f-c658-4db8-83d8-3a22722b587d@group-E71D50C67865->d21fb43e-e5ae-4596-9449-4ac761036bdb-GrpcLogAppender-LogAppenderDaemon] INFO  server.GrpcLogAppender (GrpcLogAppender.java:installSnapshot(532)) - 7154479f-c658-4db8-83d8-3a22722b587d@group-E71D50C67865->d21fb43e-e5ae-4596-9449-4ac761036bdb-GrpcLogAppender: send 7154479f-c658-4db8-83d8-3a22722b587d->d21fb43e-e5ae-4596-9449-4ac761036bdb#0-t2,notify:(t:2, i:1)
2021-08-27 19:21:10,242 [grpc-default-executor-2] INFO  server.RaftServer$Division (RaftServerImpl.java:checkInconsistentAppendEntries(1293)) - d21fb43e-e5ae-4596-9449-4ac761036bdb@group-E71D50C67865: Failed appendEntries as snapshot ((t:2, i:1)) installation is in progress
2021-08-27 19:21:10,242 [grpc-default-executor-0] INFO  server.RaftServer$Division (RaftServerImpl.java:installSnapshot(1329)) - d21fb43e-e5ae-4596-9449-4ac761036bdb@group-E71D50C67865: receive installSnapshot: 7154479f-c658-4db8-83d8-3a22722b587d->d21fb43e-e5ae-4596-9449-4ac761036bdb#0-t2,notify:(t:2, i:1)
2021-08-27 19:21:10,242 [grpc-default-executor-2] INFO  server.RaftServer$Division (RaftServerImpl.java:checkInconsistentAppendEntries(1285)) - d21fb43e-e5ae-4596-9449-4ac761036bdb@group-E71D50C67865: inconsistency entries. Reply:7154479f-c658-4db8-83d8-3a22722b587d<-d21fb43e-e5ae-4596-9449-4ac761036bdb#12:FAIL-t2,INCONSISTENCY,nextIndex=0,followerCommit=-1
2021-08-27 19:21:10,242 [grpc-default-executor-0] INFO  server.RaftServer$Division (RaftServerImpl.java:notifyStateMachineToInstallSnapshot(1611)) - d21fb43e-e5ae-4596-9449-4ac761036bdb@group-E71D50C67865: Snapshot Installation by StateMachine is in progress.
2021-08-27 19:21:10,243 [grpc-default-executor-0] INFO  server.RaftServer$Division (RaftServerImpl.java:installSnapshotImpl(1459)) - d21fb43e-e5ae-4596-9449-4ac761036bdb@group-E71D50C67865: set new configuration index: 5
configurationEntry {
  peers {
    id: "27aea111-c761-4159-8f56-4b18a0a94018"
    address: "localhost:13934"
  }
  peers {
    id: "7154479f-c658-4db8-83d8-3a22722b587d"
    address: "localhost:13924"
  }
}
 from snapshot
2021-08-27 19:21:10,243 [grpc-default-executor-0] INFO  server.RaftServer$Division (ServerState.java:setRaftConf(387)) - d21fb43e-e5ae-4596-9449-4ac761036bdb@group-E71D50C67865: set configuration 5: [27aea111-c761-4159-8f56-4b18a0a94018|rpc:localhost:13934|admin:|client:|dataStream:|priority:0, 7154479f-c658-4db8-83d8-3a22722b587d|rpc:localhost:13924|admin:|client:|dataStream:|priority:0], old=null
2021-08-27 19:21:10,243 [grpc-default-executor-0] INFO  server.RaftServer$Division (RaftServerImpl.java:installSnapshot(1340)) - d21fb43e-e5ae-4596-9449-4ac761036bdb@group-E71D50C67865: reply installSnapshot: 7154479f-c658-4db8-83d8-3a22722b587d<-d21fb43e-e5ae-4596-9449-4ac761036bdb#0:FAIL-t2,IN_PROGRESS
2021-08-27 19:21:10,243 [grpc-default-executor-0] INFO  server.GrpcServerProtocolService (GrpcServerProtocolService.java:onCompleted(140)) - d21fb43e-e5ae-4596-9449-4ac761036bdb: Completed INSTALL_SNAPSHOT, lastRequest: 7154479f-c658-4db8-83d8-3a22722b587d->d21fb43e-e5ae-4596-9449-4ac761036bdb#0-t2,notify:(t:2, i:1)
2021-08-27 19:21:10,243 [grpc-default-executor-2] INFO  server.GrpcLogAppender (GrpcLogAppender.java:onNext(400)) - 7154479f-c658-4db8-83d8-3a22722b587d@group-E71D50C67865->d21fb43e-e5ae-4596-9449-4ac761036bdb-InstallSnapshotResponseHandler: received a reply 7154479f-c658-4db8-83d8-3a22722b587d<-d21fb43e-e5ae-4596-9449-4ac761036bdb#0:FAIL-t2,IN_PROGRESS
2021-08-27 19:21:10,244 [grpc-default-executor-2] INFO  server.GrpcLogAppender (GrpcLogAppender.java:onNext(417)) - 7154479f-c658-4db8-83d8-3a22722b587d@group-E71D50C67865->d21fb43e-e5ae-4596-9449-4ac761036bdb-InstallSnapshotResponseHandler: InstallSnapshot in progress.
2021-08-27 19:21:10,244 [7154479f-c658-4db8-83d8-3a22722b587d@group-E71D50C67865->d21fb43e-e5ae-4596-9449-4ac761036bdb-GrpcLogAppender-LogAppenderDaemon] INFO  server.GrpcLogAppender (GrpcLogAppender.java:installSnapshot(524)) - 7154479f-c658-4db8-83d8-3a22722b587d@group-E71D50C67865->d21fb43e-e5ae-4596-9449-4ac761036bdb-GrpcLogAppender: followerNextIndex = 0 but logStartIndex = 1, notify follower to install snapshot-(t:2, i:1)
2021-08-27 19:21:10,244 [7154479f-c658-4db8-83d8-3a22722b587d@group-E71D50C67865->d21fb43e-e5ae-4596-9449-4ac761036bdb-GrpcLogAppender-LogAppenderDaemon] INFO  server.GrpcLogAppender (GrpcLogAppender.java:installSnapshot(532)) - 7154479f-c658-4db8-83d8-3a22722b587d@group-E71D50C67865->d21fb43e-e5ae-4596-9449-4ac761036bdb-GrpcLogAppender: send 7154479f-c658-4db8-83d8-3a22722b587d->d21fb43e-e5ae-4596-9449-4ac761036bdb#0-t2,notify:(t:2, i:1)
2021-08-27 19:21:10,251 [grpc-default-executor-0] INFO  server.RaftServer$Division (RaftServerImpl.java:installSnapshot(1329)) - d21fb43e-e5ae-4596-9449-4ac761036bdb@group-E71D50C67865: receive installSnapshot: 7154479f-c658-4db8-83d8-3a22722b587d->d21fb43e-e5ae-4596-9449-4ac761036bdb#0-t2,notify:(t:2, i:1)
2021-08-27 19:21:10,251 [grpc-default-executor-0] INFO  server.RaftServer$Division (RaftServerImpl.java:notifyStateMachineToInstallSnapshot(1611)) - d21fb43e-e5ae-4596-9449-4ac761036bdb@group-E71D50C67865: Snapshot Installation by StateMachine is in progress.
2021-08-27 19:21:10,251 [grpc-default-executor-0] INFO  server.RaftServer$Division (RaftServerImpl.java:installSnapshotImpl(1459)) - d21fb43e-e5ae-4596-9449-4ac761036bdb@group-E71D50C67865: set new configuration index: 5
configurationEntry {
  peers {
    id: "27aea111-c761-4159-8f56-4b18a0a94018"
    address: "localhost:13934"
  }
  peers {
    id: "7154479f-c658-4db8-83d8-3a22722b587d"
    address: "localhost:13924"
  }
}
 from snapshot
2021-08-27 19:21:10,251 [grpc-default-executor-0] INFO  server.RaftServer$Division (ServerState.java:setRaftConf(387)) - d21fb43e-e5ae-4596-9449-4ac761036bdb@group-E71D50C67865: set configuration 5: [27aea111-c761-4159-8f56-4b18a0a94018|rpc:localhost:13934|admin:|client:|dataStream:|priority:0, 7154479f-c658-4db8-83d8-3a22722b587d|rpc:localhost:13924|admin:|client:|dataStream:|priority:0], old=null
2021-08-27 19:21:10,252 [grpc-default-executor-0] INFO  server.RaftServer$Division (RaftServerImpl.java:installSnapshot(1340)) - d21fb43e-e5ae-4596-9449-4ac761036bdb@group-E71D50C67865: reply installSnapshot: 7154479f-c658-4db8-83d8-3a22722b587d<-d21fb43e-e5ae-4596-9449-4ac761036bdb#0:FAIL-t2,IN_PROGRESS
2021-08-27 19:21:10,252 [grpc-default-executor-0] INFO  server.GrpcServerProtocolService (GrpcServerProtocolService.java:onCompleted(140)) - d21fb43e-e5ae-4596-9449-4ac761036bdb: Completed INSTALL_SNAPSHOT, lastRequest: 7154479f-c658-4db8-83d8-3a22722b587d->d21fb43e-e5ae-4596-9449-4ac761036bdb#0-t2,notify:(t:2, i:1)
2021-08-27 19:21:10,252 [grpc-default-executor-3] INFO  leader.FollowerInfo (FollowerInfoImpl.java:lambda$new$0(46)) - 7154479f-c658-4db8-83d8-3a22722b587d@group-E71D50C67865->d21fb43e-e5ae-4596-9449-4ac761036bdb: nextIndex: updateUnconditionally 0 -> 0
2021-08-27 19:21:10,252 [grpc-default-executor-1] INFO  leader.FollowerInfo (FollowerInfoImpl.java:lambda$new$0(46)) - 7154479f-c658-4db8-83d8-3a22722b587d@group-E71D50C67865->d21fb43e-e5ae-4596-9449-4ac761036bdb: nextIndex: updateUnconditionally 0 -> 0
2021-08-27 19:21:10,253 [grpc-default-executor-1] INFO  leader.FollowerInfo (FollowerInfoImpl.java:lambda$new$0(46)) - 7154479f-c658-4db8-83d8-3a22722b587d@group-E71D50C67865->d21fb43e-e5ae-4596-9449-4ac761036bdb: nextIndex: updateUnconditionally 0 -> 0
2021-08-27 19:21:10,253 [grpc-default-executor-0] INFO  server.GrpcLogAppender (GrpcLogAppender.java:onNext(400)) - 7154479f-c658-4db8-83d8-3a22722b587d@group-E71D50C67865->d21fb43e-e5ae-4596-9449-4ac761036bdb-InstallSnapshotResponseHandler: received a reply 7154479f-c658-4db8-83d8-3a22722b587d<-d21fb43e-e5ae-4596-9449-4ac761036bdb#0:FAIL-t2,IN_PROGRESS
2021-08-27 19:21:10,253 [grpc-default-executor-0] INFO  server.GrpcLogAppender (GrpcLogAppender.java:onNext(417)) - 7154479f-c658-4db8-83d8-3a22722b587d@group-E71D50C67865->d21fb43e-e5ae-4596-9449-4ac761036bdb-InstallSnapshotResponseHandler: InstallSnapshot in progress.
2021-08-27 19:21:10,260 [7154479f-c658-4db8-83d8-3a22722b587d@group-E71D50C67865->d21fb43e-e5ae-4596-9449-4ac761036bdb-GrpcLogAppender-LogAppenderDaemon] INFO  server.GrpcLogAppender (GrpcLogAppender.java:installSnapshot(524)) - 7154479f-c658-4db8-83d8-3a22722b587d@group-E71D50C67865->d21fb43e-e5ae-4596-9449-4ac761036bdb-GrpcLogAppender: followerNextIndex = 0 but logStartIndex = 1, notify follower to install snapshot-(t:2, i:1)
2021-08-27 19:21:10,260 [7154479f-c658-4db8-83d8-3a22722b587d@group-E71D50C67865->d21fb43e-e5ae-4596-9449-4ac761036bdb-GrpcLogAppender-LogAppenderDaemon] INFO  server.GrpcLogAppender (GrpcLogAppender.java:installSnapshot(532)) - 7154479f-c658-4db8-83d8-3a22722b587d@group-E71D50C67865->d21fb43e-e5ae-4596-9449-4ac761036bdb-GrpcLogAppender: send 7154479f-c658-4db8-83d8-3a22722b587d->d21fb43e-e5ae-4596-9449-4ac761036bdb#0-t2,notify:(t:2, i:1)
2021-08-27 19:21:10,261 [grpc-default-executor-0] INFO  server.RaftServer$Division (RaftServerImpl.java:installSnapshot(1329)) - d21fb43e-e5ae-4596-9449-4ac761036bdb@group-E71D50C67865: receive installSnapshot: 7154479f-c658-4db8-83d8-3a22722b587d->d21fb43e-e5ae-4596-9449-4ac761036bdb#0-t2,notify:(t:2, i:1)
2021-08-27 19:21:10,261 [grpc-default-executor-0] INFO  server.RaftServer$Division (RaftServerImpl.java:notifyStateMachineToInstallSnapshot(1611)) - d21fb43e-e5ae-4596-9449-4ac761036bdb@group-E71D50C67865: Snapshot Installation by StateMachine is in progress.
2021-08-27 19:21:10,261 [grpc-default-executor-0] INFO  server.RaftServer$Division (RaftServerImpl.java:installSnapshotImpl(1459)) - d21fb43e-e5ae-4596-9449-4ac761036bdb@group-E71D50C67865: set new configuration index: 5
configurationEntry {
  peers {
    id: "27aea111-c761-4159-8f56-4b18a0a94018"
    address: "localhost:13934"
  }
  peers {
    id: "7154479f-c658-4db8-83d8-3a22722b587d"
    address: "localhost:13924"
  }
}
 from snapshot
2021-08-27 19:21:10,261 [grpc-default-executor-0] INFO  server.RaftServer$Division (ServerState.java:setRaftConf(387)) - d21fb43e-e5ae-4596-9449-4ac761036bdb@group-E71D50C67865: set configuration 5: [27aea111-c761-4159-8f56-4b18a0a94018|rpc:localhost:13934|admin:|client:|dataStream:|priority:0, 7154479f-c658-4db8-83d8-3a22722b587d|rpc:localhost:13924|admin:|client:|dataStream:|priority:0], old=null
2021-08-27 19:21:10,261 [grpc-default-executor-0] INFO  server.RaftServer$Division (RaftServerImpl.java:installSnapshot(1340)) - d21fb43e-e5ae-4596-9449-4ac761036bdb@group-E71D50C67865: reply installSnapshot: 7154479f-c658-4db8-83d8-3a22722b587d<-d21fb43e-e5ae-4596-9449-4ac761036bdb#0:FAIL-t2,IN_PROGRESS
2021-08-27 19:21:10,261 [grpc-default-executor-0] INFO  server.GrpcServerProtocolService (GrpcServerProtocolService.java:onCompleted(140)) - d21fb43e-e5ae-4596-9449-4ac761036bdb: Completed INSTALL_SNAPSHOT, lastRequest: 7154479f-c658-4db8-83d8-3a22722b587d->d21fb43e-e5ae-4596-9449-4ac761036bdb#0-t2,notify:(t:2, i:1)
2021-08-27 19:21:10,263 [grpc-default-executor-3] INFO  server.GrpcLogAppender (GrpcLogAppender.java:onNext(400)) - 7154479f-c658-4db8-83d8-3a22722b587d@group-E71D50C67865->d21fb43e-e5ae-4596-9449-4ac761036bdb-InstallSnapshotResponseHandler: received a reply 7154479f-c658-4db8-83d8-3a22722b587d<-d21fb43e-e5ae-4596-9449-4ac761036bdb#0:FAIL-t2,IN_PROGRESS
2021-08-27 19:21:10,263 [grpc-default-executor-3] INFO  server.GrpcLogAppender (GrpcLogAppender.java:onNext(417)) - 7154479f-c658-4db8-83d8-3a22722b587d@group-E71D50C67865->d21fb43e-e5ae-4596-9449-4ac761036bdb-InstallSnapshotResponseHandler: InstallSnapshot in progress.
2021-08-27 19:21:10,265 [7154479f-c658-4db8-83d8-3a22722b587d@group-E71D50C67865->d21fb43e-e5ae-4596-9449-4ac761036bdb-GrpcLogAppender-LogAppenderDaemon] INFO  server.GrpcLogAppender (GrpcLogAppender.java:installSnapshot(524)) - 7154479f-c658-4db8-83d8-3a22722b587d@group-E71D50C67865->d21fb43e-e5ae-4596-9449-4ac761036bdb-GrpcLogAppender: followerNextIndex = 0 but logStartIndex = 1, notify follower to install snapshot-(t:2, i:1)
2021-08-27 19:21:10,265 [7154479f-c658-4db8-83d8-3a22722b587d@group-E71D50C67865->d21fb43e-e5ae-4596-9449-4ac761036bdb-GrpcLogAppender-LogAppenderDaemon] INFO  server.GrpcLogAppender (GrpcLogAppender.java:installSnapshot(532)) - 7154479f-c658-4db8-83d8-3a22722b587d@group-E71D50C67865->d21fb43e-e5ae-4596-9449-4ac761036bdb-GrpcLogAppender: send 7154479f-c658-4db8-83d8-3a22722b587d->d21fb43e-e5ae-4596-9449-4ac761036bdb#0-t2,notify:(t:2, i:1)
2021-08-27 19:21:10,265 [grpc-default-executor-0] INFO  server.RaftServer$Division (RaftServerImpl.java:installSnapshot(1329)) - d21fb43e-e5ae-4596-9449-4ac761036bdb@group-E71D50C67865: receive installSnapshot: 7154479f-c658-4db8-83d8-3a22722b587d->d21fb43e-e5ae-4596-9449-4ac761036bdb#0-t2,notify:(t:2, i:1)
2021-08-27 19:21:10,265 [grpc-default-executor-0] INFO  server.RaftServer$Division (RaftServerImpl.java:notifyStateMachineToInstallSnapshot(1611)) - d21fb43e-e5ae-4596-9449-4ac761036bdb@group-E71D50C67865: Snapshot Installation by StateMachine is in progress.
2021-08-27 19:21:10,265 [grpc-default-executor-0] INFO  server.RaftServer$Division (RaftServerImpl.java:installSnapshotImpl(1459)) - d21fb43e-e5ae-4596-9449-4ac761036bdb@group-E71D50C67865: set new configuration index: 5
configurationEntry {
  peers {
    id: "27aea111-c761-4159-8f56-4b18a0a94018"
    address: "localhost:13934"
  }
  peers {
    id: "7154479f-c658-4db8-83d8-3a22722b587d"
    address: "localhost:13924"
  }
}
 from snapshot
2021-08-27 19:21:10,266 [grpc-default-executor-0] INFO  server.RaftServer$Division (ServerState.java:setRaftConf(387)) - d21fb43e-e5ae-4596-9449-4ac761036bdb@group-E71D50C67865: set configuration 5: [27aea111-c761-4159-8f56-4b18a0a94018|rpc:localhost:13934|admin:|client:|dataStream:|priority:0, 7154479f-c658-4db8-83d8-3a22722b587d|rpc:localhost:13924|admin:|client:|dataStream:|priority:0], old=null
2021-08-27 19:21:10,266 [grpc-default-executor-0] INFO  server.RaftServer$Division (RaftServerImpl.java:installSnapshot(1340)) - d21fb43e-e5ae-4596-9449-4ac761036bdb@group-E71D50C67865: reply installSnapshot: 7154479f-c658-4db8-83d8-3a22722b587d<-d21fb43e-e5ae-4596-9449-4ac761036bdb#0:FAIL-t2,IN_PROGRESS
2021-08-27 19:21:10,266 [grpc-default-executor-0] INFO  server.GrpcServerProtocolService (GrpcServerProtocolService.java:onCompleted(140)) - d21fb43e-e5ae-4596-9449-4ac761036bdb: Completed INSTALL_SNAPSHOT, lastRequest: 7154479f-c658-4db8-83d8-3a22722b587d->d21fb43e-e5ae-4596-9449-4ac761036bdb#0-t2,notify:(t:2, i:1)
2021-08-27 19:21:10,266 [grpc-default-executor-3] INFO  server.GrpcLogAppender (GrpcLogAppender.java:onNext(400)) - 7154479f-c658-4db8-83d8-3a22722b587d@group-E71D50C67865->d21fb43e-e5ae-4596-9449-4ac761036bdb-InstallSnapshotResponseHandler: received a reply 7154479f-c658-4db8-83d8-3a22722b587d<-d21fb43e-e5ae-4596-9449-4ac761036bdb#0:FAIL-t2,IN_PROGRESS
2021-08-27 19:21:10,266 [grpc-default-executor-3] INFO  server.GrpcLogAppender (GrpcLogAppender.java:onNext(417)) - 7154479f-c658-4db8-83d8-3a22722b587d@group-E71D50C67865->d21fb43e-e5ae-4596-9449-4ac761036bdb-InstallSnapshotResponseHandler: InstallSnapshot in progress.
2021-08-27 19:21:10,267 [grpc-default-executor-4] INFO  server.RaftServer$Division (RaftServerImpl.java:checkInconsistentAppendEntries(1293)) - d21fb43e-e5ae-4596-9449-4ac761036bdb@group-E71D50C67865: Failed appendEntries as snapshot ((t:2, i:1)) installation is in progress
2021-08-27 19:21:10,268 [grpc-default-executor-4] INFO  server.RaftServer$Division (RaftServerImpl.java:checkInconsistentAppendEntries(1285)) - d21fb43e-e5ae-4596-9449-4ac761036bdb@group-E71D50C67865: inconsistency entries. Reply:7154479f-c658-4db8-83d8-3a22722b587d<-d21fb43e-e5ae-4596-9449-4ac761036bdb#13:FAIL-t2,INCONSISTENCY,nextIndex=0,followerCommit=-1
2021-08-27 19:21:10,268 [grpc-default-executor-0] INFO  leader.FollowerInfo (FollowerInfoImpl.java:lambda$new$0(46)) - 7154479f-c658-4db8-83d8-3a22722b587d@group-E71D50C67865->d21fb43e-e5ae-4596-9449-4ac761036bdb: nextIndex: updateUnconditionally 0 -> 0
2021-08-27 19:21:10,268 [grpc-default-executor-4] INFO  server.RaftServer$Division (RaftServerImpl.java:checkInconsistentAppendEntries(1293)) - d21fb43e-e5ae-4596-9449-4ac761036bdb@group-E71D50C67865: Failed appendEntries as snapshot ((t:2, i:1)) installation is in progress
2021-08-27 19:21:10,268 [grpc-default-executor-4] INFO  server.RaftServer$Division (RaftServerImpl.java:checkInconsistentAppendEntries(1285)) - d21fb43e-e5ae-4596-9449-4ac761036bdb@group-E71D50C67865: inconsistency entries. Reply:7154479f-c658-4db8-83d8-3a22722b587d<-d21fb43e-e5ae-4596-9449-4ac761036bdb#14:FAIL-t2,INCONSISTENCY,nextIndex=0,followerCommit=-1
2021-08-27 19:21:10,269 [grpc-default-executor-0] INFO  leader.FollowerInfo (FollowerInfoImpl.java:lambda$new$0(46)) - 7154479f-c658-4db8-83d8-3a22722b587d@group-E71D50C67865->d21fb43e-e5ae-4596-9449-4ac761036bdb: nextIndex: updateUnconditionally 0 -> 0
2021-08-27 19:21:10,269 [grpc-default-executor-4] INFO  server.RaftServer$Division (RaftServerImpl.java:checkInconsistentAppendEntries(1293)) - d21fb43e-e5ae-4596-9449-4ac761036bdb@group-E71D50C67865: Failed appendEntries as snapshot ((t:2, i:1)) installation is in progress
2021-08-27 19:21:10,269 [grpc-default-executor-4] INFO  server.RaftServer$Division (RaftServerImpl.java:checkInconsistentAppendEntries(1285)) - d21fb43e-e5ae-4596-9449-4ac761036bdb@group-E71D50C67865: inconsistency entries. Reply:7154479f-c658-4db8-83d8-3a22722b587d<-d21fb43e-e5ae-4596-9449-4ac761036bdb#15:FAIL-t2,INCONSISTENCY,nextIndex=0,followerCommit=-1
2021-08-27 19:21:10,269 [grpc-default-executor-0] INFO  leader.FollowerInfo (FollowerInfoImpl.java:lambda$new$0(46)) - 7154479f-c658-4db8-83d8-3a22722b587d@group-E71D50C67865->d21fb43e-e5ae-4596-9449-4ac761036bdb: nextIndex: updateUnconditionally 0 -> 0
2021-08-27 19:21:10,272 [7154479f-c658-4db8-83d8-3a22722b587d@group-E71D50C67865->d21fb43e-e5ae-4596-9449-4ac761036bdb-GrpcLogAppender-LogAppenderDaemon] INFO  server.GrpcLogAppender (GrpcLogAppender.java:installSnapshot(524)) - 7154479f-c658-4db8-83d8-3a22722b587d@group-E71D50C67865->d21fb43e-e5ae-4596-9449-4ac761036bdb-GrpcLogAppender: followerNextIndex = 0 but logStartIndex = 1, notify follower to install snapshot-(t:2, i:1)
2021-08-27 19:21:10,272 [7154479f-c658-4db8-83d8-3a22722b587d@group-E71D50C67865->d21fb43e-e5ae-4596-9449-4ac761036bdb-GrpcLogAppender-LogAppenderDaemon] INFO  server.GrpcLogAppender (GrpcLogAppender.java:installSnapshot(532)) - 7154479f-c658-4db8-83d8-3a22722b587d@group-E71D50C67865->d21fb43e-e5ae-4596-9449-4ac761036bdb-GrpcLogAppender: send 7154479f-c658-4db8-83d8-3a22722b587d->d21fb43e-e5ae-4596-9449-4ac761036bdb#0-t2,notify:(t:2, i:1)
2021-08-27 19:21:10,273 [grpc-default-executor-0] INFO  server.RaftServer$Division (RaftServerImpl.java:checkInconsistentAppendEntries(1293)) - d21fb43e-e5ae-4596-9449-4ac761036bdb@group-E71D50C67865: Failed appendEntries as snapshot ((t:2, i:1)) installation is in progress
2021-08-27 19:21:10,274 [grpc-default-executor-0] INFO  server.RaftServer$Division (RaftServerImpl.java:checkInconsistentAppendEntries(1285)) - d21fb43e-e5ae-4596-9449-4ac761036bdb@group-E71D50C67865: inconsistency entries. Reply:7154479f-c658-4db8-83d8-3a22722b587d<-d21fb43e-e5ae-4596-9449-4ac761036bdb#16:FAIL-t2,INCONSISTENCY,nextIndex=0,followerCommit=-1
2021-08-27 19:21:10,274 [grpc-default-executor-3] INFO  leader.FollowerInfo (FollowerInfoImpl.java:lambda$new$0(46)) - 7154479f-c658-4db8-83d8-3a22722b587d@group-E71D50C67865->d21fb43e-e5ae-4596-9449-4ac761036bdb: nextIndex: updateUnconditionally 0 -> 0
2021-08-27 19:21:10,274 [grpc-default-executor-4] INFO  server.RaftServer$Division (RaftServerImpl.java:installSnapshot(1329)) - d21fb43e-e5ae-4596-9449-4ac761036bdb@group-E71D50C67865: receive installSnapshot: 7154479f-c658-4db8-83d8-3a22722b587d->d21fb43e-e5ae-4596-9449-4ac761036bdb#0-t2,notify:(t:2, i:1)
2021-08-27 19:21:10,274 [grpc-default-executor-4] INFO  server.RaftServer$Division (RaftServerImpl.java:notifyStateMachineToInstallSnapshot(1611)) - d21fb43e-e5ae-4596-9449-4ac761036bdb@group-E71D50C67865: Snapshot Installation by StateMachine is in progress.
2021-08-27 19:21:10,274 [grpc-default-executor-4] INFO  server.RaftServer$Division (RaftServerImpl.java:installSnapshotImpl(1459)) - d21fb43e-e5ae-4596-9449-4ac761036bdb@group-E71D50C67865: set new configuration index: 5
configurationEntry {
  peers {
    id: "27aea111-c761-4159-8f56-4b18a0a94018"
    address: "localhost:13934"
  }
  peers {
    id: "7154479f-c658-4db8-83d8-3a22722b587d"
    address: "localhost:13924"
  }
}
 from snapshot
2021-08-27 19:21:10,274 [grpc-default-executor-4] INFO  server.RaftServer$Division (ServerState.java:setRaftConf(387)) - d21fb43e-e5ae-4596-9449-4ac761036bdb@group-E71D50C67865: set configuration 5: [27aea111-c761-4159-8f56-4b18a0a94018|rpc:localhost:13934|admin:|client:|dataStream:|priority:0, 7154479f-c658-4db8-83d8-3a22722b587d|rpc:localhost:13924|admin:|client:|dataStream:|priority:0], old=null
2021-08-27 19:21:10,275 [grpc-default-executor-4] INFO  server.RaftServer$Division (RaftServerImpl.java:installSnapshot(1340)) - d21fb43e-e5ae-4596-9449-4ac761036bdb@group-E71D50C67865: reply installSnapshot: 7154479f-c658-4db8-83d8-3a22722b587d<-d21fb43e-e5ae-4596-9449-4ac761036bdb#0:FAIL-t2,IN_PROGRESS
2021-08-27 19:21:10,275 [grpc-default-executor-4] INFO  server.GrpcServerProtocolService (GrpcServerProtocolService.java:onCompleted(140)) - d21fb43e-e5ae-4596-9449-4ac761036bdb: Completed INSTALL_SNAPSHOT, lastRequest: 7154479f-c658-4db8-83d8-3a22722b587d->d21fb43e-e5ae-4596-9449-4ac761036bdb#0-t2,notify:(t:2, i:1)
2021-08-27 19:21:10,275 [grpc-default-executor-3] INFO  server.GrpcLogAppender (GrpcLogAppender.java:onNext(400)) - 7154479f-c658-4db8-83d8-3a22722b587d@group-E71D50C67865->d21fb43e-e5ae-4596-9449-4ac761036bdb-InstallSnapshotResponseHandler: received a reply 7154479f-c658-4db8-83d8-3a22722b587d<-d21fb43e-e5ae-4596-9449-4ac761036bdb#0:FAIL-t2,IN_PROGRESS
2021-08-27 19:21:10,275 [grpc-default-executor-3] INFO  server.GrpcLogAppender (GrpcLogAppender.java:onNext(417)) - 7154479f-c658-4db8-83d8-3a22722b587d@group-E71D50C67865->d21fb43e-e5ae-4596-9449-4ac761036bdb-InstallSnapshotResponseHandler: InstallSnapshot in progress.
2021-08-27 19:21:10,276 [7154479f-c658-4db8-83d8-3a22722b587d@group-E71D50C67865->d21fb43e-e5ae-4596-9449-4ac761036bdb-GrpcLogAppender-LogAppenderDaemon] INFO  server.GrpcLogAppender (GrpcLogAppender.java:installSnapshot(524)) - 7154479f-c658-4db8-83d8-3a22722b587d@group-E71D50C67865->d21fb43e-e5ae-4596-9449-4ac761036bdb-GrpcLogAppender: followerNextIndex = 0 but logStartIndex = 1, notify follower to install snapshot-(t:2, i:1)
2021-08-27 19:21:10,276 [7154479f-c658-4db8-83d8-3a22722b587d@group-E71D50C67865->d21fb43e-e5ae-4596-9449-4ac761036bdb-GrpcLogAppender-LogAppenderDaemon] INFO  server.GrpcLogAppender (GrpcLogAppender.java:installSnapshot(532)) - 7154479f-c658-4db8-83d8-3a22722b587d@group-E71D50C67865->d21fb43e-e5ae-4596-9449-4ac761036bdb-GrpcLogAppender: send 7154479f-c658-4db8-83d8-3a22722b587d->d21fb43e-e5ae-4596-9449-4ac761036bdb#0-t2,notify:(t:2, i:1)
2021-08-27 19:21:10,277 [grpc-default-executor-3] INFO  server.RaftServer$Division (RaftServerImpl.java:installSnapshot(1329)) - d21fb43e-e5ae-4596-9449-4ac761036bdb@group-E71D50C67865: receive installSnapshot: 7154479f-c658-4db8-83d8-3a22722b587d->d21fb43e-e5ae-4596-9449-4ac761036bdb#0-t2,notify:(t:2, i:1)
2021-08-27 19:21:10,277 [grpc-default-executor-3] INFO  server.RaftServer$Division (RaftServerImpl.java:notifyStateMachineToInstallSnapshot(1611)) - d21fb43e-e5ae-4596-9449-4ac761036bdb@group-E71D50C67865: Snapshot Installation by StateMachine is in progress.
2021-08-27 19:21:10,277 [grpc-default-executor-3] INFO  server.RaftServer$Division (RaftServerImpl.java:installSnapshotImpl(1459)) - d21fb43e-e5ae-4596-9449-4ac761036bdb@group-E71D50C67865: set new configuration index: 5
configurationEntry {
  peers {
    id: "27aea111-c761-4159-8f56-4b18a0a94018"
    address: "localhost:13934"
  }
  peers {
    id: "7154479f-c658-4db8-83d8-3a22722b587d"
    address: "localhost:13924"
  }
}
 from snapshot
2021-08-27 19:21:10,277 [grpc-default-executor-3] INFO  server.RaftServer$Division (ServerState.java:setRaftConf(387)) - d21fb43e-e5ae-4596-9449-4ac761036bdb@group-E71D50C67865: set configuration 5: [27aea111-c761-4159-8f56-4b18a0a94018|rpc:localhost:13934|admin:|client:|dataStream:|priority:0, 7154479f-c658-4db8-83d8-3a22722b587d|rpc:localhost:13924|admin:|client:|dataStream:|priority:0], old=null
2021-08-27 19:21:10,277 [grpc-default-executor-3] INFO  server.RaftServer$Division (RaftServerImpl.java:installSnapshot(1340)) - d21fb43e-e5ae-4596-9449-4ac761036bdb@group-E71D50C67865: reply installSnapshot: 7154479f-c658-4db8-83d8-3a22722b587d<-d21fb43e-e5ae-4596-9449-4ac761036bdb#0:FAIL-t2,IN_PROGRESS
2021-08-27 19:21:10,278 [grpc-default-executor-3] INFO  server.GrpcServerProtocolService (GrpcServerProtocolService.java:onCompleted(140)) - d21fb43e-e5ae-4596-9449-4ac761036bdb: Completed INSTALL_SNAPSHOT, lastRequest: 7154479f-c658-4db8-83d8-3a22722b587d->d21fb43e-e5ae-4596-9449-4ac761036bdb#0-t2,notify:(t:2, i:1)
2021-08-27 19:21:10,278 [grpc-default-executor-0] INFO  server.GrpcLogAppender (GrpcLogAppender.java:onNext(400)) - 7154479f-c658-4db8-83d8-3a22722b587d@group-E71D50C67865->d21fb43e-e5ae-4596-9449-4ac761036bdb-InstallSnapshotResponseHandler: received a reply 7154479f-c658-4db8-83d8-3a22722b587d<-d21fb43e-e5ae-4596-9449-4ac761036bdb#0:FAIL-t2,IN_PROGRESS
2021-08-27 19:21:10,278 [grpc-default-executor-0] INFO  server.GrpcLogAppender (GrpcLogAppender.java:onNext(417)) - 7154479f-c658-4db8-83d8-3a22722b587d@group-E71D50C67865->d21fb43e-e5ae-4596-9449-4ac761036bdb-InstallSnapshotResponseHandler: InstallSnapshot in progress.
2021-08-27 19:21:10,278 [grpc-default-executor-4] INFO  server.RaftServer$Division (RaftServerImpl.java:checkInconsistentAppendEntries(1293)) - d21fb43e-e5ae-4596-9449-4ac761036bdb@group-E71D50C67865: Failed appendEntries as snapshot ((t:2, i:1)) installation is in progress
2021-08-27 19:21:10,278 [grpc-default-executor-4] INFO  server.RaftServer$Division (RaftServerImpl.java:checkInconsistentAppendEntries(1285)) - d21fb43e-e5ae-4596-9449-4ac761036bdb@group-E71D50C67865: inconsistency entries. Reply:7154479f-c658-4db8-83d8-3a22722b587d<-d21fb43e-e5ae-4596-9449-4ac761036bdb#17:FAIL-t2,INCONSISTENCY,nextIndex=0,followerCommit=-1
2021-08-27 19:21:10,279 [grpc-default-executor-4] INFO  leader.FollowerInfo (FollowerInfoImpl.java:lambda$new$0(46)) - 7154479f-c658-4db8-83d8-3a22722b587d@group-E71D50C67865->d21fb43e-e5ae-4596-9449-4ac761036bdb: nextIndex: updateUnconditionally 0 -> 0
2021-08-27 19:21:10,280 [7154479f-c658-4db8-83d8-3a22722b587d@group-E71D50C67865->d21fb43e-e5ae-4596-9449-4ac761036bdb-GrpcLogAppender-LogAppenderDaemon] INFO  server.GrpcLogAppender (GrpcLogAppender.java:installSnapshot(524)) - 7154479f-c658-4db8-83d8-3a22722b587d@group-E71D50C67865->d21fb43e-e5ae-4596-9449-4ac761036bdb-GrpcLogAppender: followerNextIndex = 0 but logStartIndex = 1, notify follower to install snapshot-(t:2, i:1)
2021-08-27 19:21:10,280 [7154479f-c658-4db8-83d8-3a22722b587d@group-E71D50C67865->d21fb43e-e5ae-4596-9449-4ac761036bdb-GrpcLogAppender-LogAppenderDaemon] INFO  server.GrpcLogAppender (GrpcLogAppender.java:installSnapshot(532)) - 7154479f-c658-4db8-83d8-3a22722b587d@group-E71D50C67865->d21fb43e-e5ae-4596-9449-4ac761036bdb-GrpcLogAppender: send 7154479f-c658-4db8-83d8-3a22722b587d->d21fb43e-e5ae-4596-9449-4ac761036bdb#0-t2,notify:(t:2, i:1)
2021-08-27 19:21:10,281 [grpc-default-executor-3] INFO  server.RaftServer$Division (RaftServerImpl.java:checkInconsistentAppendEntries(1293)) - d21fb43e-e5ae-4596-9449-4ac761036bdb@group-E71D50C67865: Failed appendEntries as snapshot ((t:2, i:1)) installation is in progress
2021-08-27 19:21:10,281 [grpc-default-executor-3] INFO  server.RaftServer$Division (RaftServerImpl.java:checkInconsistentAppendEntries(1285)) - d21fb43e-e5ae-4596-9449-4ac761036bdb@group-E71D50C67865: inconsistency entries. Reply:7154479f-c658-4db8-83d8-3a22722b587d<-d21fb43e-e5ae-4596-9449-4ac761036bdb#18:FAIL-t2,INCONSISTENCY,nextIndex=0,followerCommit=-1
2021-08-27 19:21:10,282 [grpc-default-executor-0] INFO  server.RaftServer$Division (RaftServerImpl.java:installSnapshot(1329)) - d21fb43e-e5ae-4596-9449-4ac761036bdb@group-E71D50C67865: receive installSnapshot: 7154479f-c658-4db8-83d8-3a22722b587d->d21fb43e-e5ae-4596-9449-4ac761036bdb#0-t2,notify:(t:2, i:1)
2021-08-27 19:21:10,282 [grpc-default-executor-0] INFO  server.RaftServer$Division (RaftServerImpl.java:notifyStateMachineToInstallSnapshot(1611)) - d21fb43e-e5ae-4596-9449-4ac761036bdb@group-E71D50C67865: Snapshot Installation by StateMachine is in progress.
2021-08-27 19:21:10,282 [grpc-default-executor-0] INFO  server.RaftServer$Division (RaftServerImpl.java:installSnapshotImpl(1459)) - d21fb43e-e5ae-4596-9449-4ac761036bdb@group-E71D50C67865: set new configuration index: 5
configurationEntry {
  peers {
    id: "27aea111-c761-4159-8f56-4b18a0a94018"
    address: "localhost:13934"
  }
  peers {
    id: "7154479f-c658-4db8-83d8-3a22722b587d"
    address: "localhost:13924"
  }
}
 from snapshot
2021-08-27 19:21:10,282 [grpc-default-executor-0] INFO  server.RaftServer$Division (ServerState.java:setRaftConf(387)) - d21fb43e-e5ae-4596-9449-4ac761036bdb@group-E71D50C67865: set configuration 5: [27aea111-c761-4159-8f56-4b18a0a94018|rpc:localhost:13934|admin:|client:|dataStream:|priority:0, 7154479f-c658-4db8-83d8-3a22722b587d|rpc:localhost:13924|admin:|client:|dataStream:|priority:0], old=null
2021-08-27 19:21:10,282 [grpc-default-executor-0] INFO  server.RaftServer$Division (RaftServerImpl.java:installSnapshot(1340)) - d21fb43e-e5ae-4596-9449-4ac761036bdb@group-E71D50C67865: reply installSnapshot: 7154479f-c658-4db8-83d8-3a22722b587d<-d21fb43e-e5ae-4596-9449-4ac761036bdb#0:FAIL-t2,IN_PROGRESS
2021-08-27 19:21:10,282 [grpc-default-executor-0] INFO  server.GrpcServerProtocolService (GrpcServerProtocolService.java:onCompleted(140)) - d21fb43e-e5ae-4596-9449-4ac761036bdb: Completed INSTALL_SNAPSHOT, lastRequest: 7154479f-c658-4db8-83d8-3a22722b587d->d21fb43e-e5ae-4596-9449-4ac761036bdb#0-t2,notify:(t:2, i:1)
2021-08-27 19:21:10,283 [grpc-default-executor-3] INFO  server.GrpcLogAppender (GrpcLogAppender.java:onNext(400)) - 7154479f-c658-4db8-83d8-3a22722b587d@group-E71D50C67865->d21fb43e-e5ae-4596-9449-4ac761036bdb-InstallSnapshotResponseHandler: received a reply 7154479f-c658-4db8-83d8-3a22722b587d<-d21fb43e-e5ae-4596-9449-4ac761036bdb#0:FAIL-t2,IN_PROGRESS
2021-08-27 19:21:10,283 [grpc-default-executor-3] INFO  server.GrpcLogAppender (GrpcLogAppender.java:onNext(417)) - 7154479f-c658-4db8-83d8-3a22722b587d@group-E71D50C67865->d21fb43e-e5ae-4596-9449-4ac761036bdb-InstallSnapshotResponseHandler: InstallSnapshot in progress.
2021-08-27 19:21:10,290 [7154479f-c658-4db8-83d8-3a22722b587d@group-E71D50C67865->d21fb43e-e5ae-4596-9449-4ac761036bdb-GrpcLogAppender-LogAppenderDaemon] INFO  server.GrpcLogAppender (GrpcLogAppender.java:installSnapshot(524)) - 7154479f-c658-4db8-83d8-3a22722b587d@group-E71D50C67865->d21fb43e-e5ae-4596-9449-4ac761036bdb-GrpcLogAppender: followerNextIndex = 0 but logStartIndex = 1, notify follower to install snapshot-(t:2, i:1)
2021-08-27 19:21:10,290 [7154479f-c658-4db8-83d8-3a22722b587d@group-E71D50C67865->d21fb43e-e5ae-4596-9449-4ac761036bdb-GrpcLogAppender-LogAppenderDaemon] INFO  server.GrpcLogAppender (GrpcLogAppender.java:installSnapshot(532)) - 7154479f-c658-4db8-83d8-3a22722b587d@group-E71D50C67865->d21fb43e-e5ae-4596-9449-4ac761036bdb-GrpcLogAppender: send 7154479f-c658-4db8-83d8-3a22722b587d->d21fb43e-e5ae-4596-9449-4ac761036bdb#0-t2,notify:(t:2, i:1)
2021-08-27 19:21:10,290 [grpc-default-executor-4] INFO  server.RaftServer$Division (RaftServerImpl.java:checkInconsistentAppendEntries(1293)) - d21fb43e-e5ae-4596-9449-4ac761036bdb@group-E71D50C67865: Failed appendEntries as snapshot ((t:2, i:1)) installation is in progress
2021-08-27 19:21:10,291 [grpc-default-executor-4] INFO  server.RaftServer$Division (RaftServerImpl.java:checkInconsistentAppendEntries(1285)) - d21fb43e-e5ae-4596-9449-4ac761036bdb@group-E71D50C67865: inconsistency entries. Reply:7154479f-c658-4db8-83d8-3a22722b587d<-d21fb43e-e5ae-4596-9449-4ac761036bdb#19:FAIL-t2,INCONSISTENCY,nextIndex=0,followerCommit=-1
2021-08-27 19:21:10,291 [grpc-default-executor-3] INFO  server.RaftServer$Division (RaftServerImpl.java:installSnapshot(1329)) - d21fb43e-e5ae-4596-9449-4ac761036bdb@group-E71D50C67865: receive installSnapshot: 7154479f-c658-4db8-83d8-3a22722b587d->d21fb43e-e5ae-4596-9449-4ac761036bdb#0-t2,notify:(t:2, i:1)
2021-08-27 19:21:10,291 [grpc-default-executor-3] INFO  server.RaftServer$Division (RaftServerImpl.java:notifyStateMachineToInstallSnapshot(1611)) - d21fb43e-e5ae-4596-9449-4ac761036bdb@group-E71D50C67865: Snapshot Installation by StateMachine is in progress.
2021-08-27 19:21:10,291 [grpc-default-executor-3] INFO  server.RaftServer$Division (RaftServerImpl.java:installSnapshotImpl(1459)) - d21fb43e-e5ae-4596-9449-4ac761036bdb@group-E71D50C67865: set new configuration index: 5
configurationEntry {
  peers {
    id: "27aea111-c761-4159-8f56-4b18a0a94018"
    address: "localhost:13934"
  }
  peers {
    id: "7154479f-c658-4db8-83d8-3a22722b587d"
    address: "localhost:13924"
  }
}
 from snapshot
2021-08-27 19:21:10,291 [grpc-default-executor-3] INFO  server.RaftServer$Division (ServerState.java:setRaftConf(387)) - d21fb43e-e5ae-4596-9449-4ac761036bdb@group-E71D50C67865: set configuration 5: [27aea111-c761-4159-8f56-4b18a0a94018|rpc:localhost:13934|admin:|client:|dataStream:|priority:0, 7154479f-c658-4db8-83d8-3a22722b587d|rpc:localhost:13924|admin:|client:|dataStream:|priority:0], old=null
2021-08-27 19:21:10,291 [grpc-default-executor-3] INFO  server.RaftServer$Division (RaftServerImpl.java:installSnapshot(1340)) - d21fb43e-e5ae-4596-9449-4ac761036bdb@group-E71D50C67865: reply installSnapshot: 7154479f-c658-4db8-83d8-3a22722b587d<-d21fb43e-e5ae-4596-9449-4ac761036bdb#0:FAIL-t2,IN_PROGRESS
2021-08-27 19:21:10,292 [grpc-default-executor-3] INFO  server.GrpcServerProtocolService (GrpcServerProtocolService.java:onCompleted(140)) - d21fb43e-e5ae-4596-9449-4ac761036bdb: Completed INSTALL_SNAPSHOT, lastRequest: 7154479f-c658-4db8-83d8-3a22722b587d->d21fb43e-e5ae-4596-9449-4ac761036bdb#0-t2,notify:(t:2, i:1)
2021-08-27 19:21:10,295 [grpc-default-executor-0] INFO  leader.FollowerInfo (FollowerInfoImpl.java:lambda$new$0(46)) - 7154479f-c658-4db8-83d8-3a22722b587d@group-E71D50C67865->d21fb43e-e5ae-4596-9449-4ac761036bdb: nextIndex: updateUnconditionally 0 -> 0
2021-08-27 19:21:10,296 [grpc-default-executor-4] INFO  server.GrpcLogAppender (GrpcLogAppender.java:onNext(400)) - 7154479f-c658-4db8-83d8-3a22722b587d@group-E71D50C67865->d21fb43e-e5ae-4596-9449-4ac761036bdb-InstallSnapshotResponseHandler: received a reply 7154479f-c658-4db8-83d8-3a22722b587d<-d21fb43e-e5ae-4596-9449-4ac761036bdb#0:FAIL-t2,IN_PROGRESS
2021-08-27 19:21:10,296 [grpc-default-executor-4] INFO  server.GrpcLogAppender (GrpcLogAppender.java:onNext(417)) - 7154479f-c658-4db8-83d8-3a22722b587d@group-E71D50C67865->d21fb43e-e5ae-4596-9449-4ac761036bdb-InstallSnapshotResponseHandler: InstallSnapshot in progress.
2021-08-27 19:21:10,296 [grpc-default-executor-0] INFO  leader.FollowerInfo (FollowerInfoImpl.java:lambda$new$0(46)) - 7154479f-c658-4db8-83d8-3a22722b587d@group-E71D50C67865->d21fb43e-e5ae-4596-9449-4ac761036bdb: nextIndex: updateUnconditionally 0 -> 0
2021-08-27 19:21:10,297 [7154479f-c658-4db8-83d8-3a22722b587d@group-E71D50C67865->d21fb43e-e5ae-4596-9449-4ac761036bdb-GrpcLogAppender-LogAppenderDaemon] INFO  server.GrpcLogAppender (GrpcLogAppender.java:installSnapshot(524)) - 7154479f-c658-4db8-83d8-3a22722b587d@group-E71D50C67865->d21fb43e-e5ae-4596-9449-4ac761036bdb-GrpcLogAppender: followerNextIndex = 0 but logStartIndex = 1, notify follower to install snapshot-(t:2, i:1)
2021-08-27 19:21:10,297 [7154479f-c658-4db8-83d8-3a22722b587d@group-E71D50C67865->d21fb43e-e5ae-4596-9449-4ac761036bdb-GrpcLogAppender-LogAppenderDaemon] INFO  server.GrpcLogAppender (GrpcLogAppender.java:installSnapshot(532)) - 7154479f-c658-4db8-83d8-3a22722b587d@group-E71D50C67865->d21fb43e-e5ae-4596-9449-4ac761036bdb-GrpcLogAppender: send 7154479f-c658-4db8-83d8-3a22722b587d->d21fb43e-e5ae-4596-9449-4ac761036bdb#0-t2,notify:(t:2, i:1)
2021-08-27 19:21:10,298 [grpc-default-executor-4] INFO  server.RaftServer$Division (RaftServerImpl.java:installSnapshot(1329)) - d21fb43e-e5ae-4596-9449-4ac761036bdb@group-E71D50C67865: receive installSnapshot: 7154479f-c658-4db8-83d8-3a22722b587d->d21fb43e-e5ae-4596-9449-4ac761036bdb#0-t2,notify:(t:2, i:1)
2021-08-27 19:21:10,298 [grpc-default-executor-4] INFO  server.RaftServer$Division (RaftServerImpl.java:notifyStateMachineToInstallSnapshot(1611)) - d21fb43e-e5ae-4596-9449-4ac761036bdb@group-E71D50C67865: Snapshot Installation by StateMachine is in progress.
2021-08-27 19:21:10,298 [grpc-default-executor-4] INFO  server.RaftServer$Division (RaftServerImpl.java:installSnapshotImpl(1459)) - d21fb43e-e5ae-4596-9449-4ac761036bdb@group-E71D50C67865: set new configuration index: 5
configurationEntry {
  peers {
    id: "27aea111-c761-4159-8f56-4b18a0a94018"
    address: "localhost:13934"
  }
  peers {
    id: "7154479f-c658-4db8-83d8-3a22722b587d"
    address: "localhost:13924"
  }
}
 from snapshot
2021-08-27 19:21:10,298 [grpc-default-executor-4] INFO  server.RaftServer$Division (ServerState.java:setRaftConf(387)) - d21fb43e-e5ae-4596-9449-4ac761036bdb@group-E71D50C67865: set configuration 5: [27aea111-c761-4159-8f56-4b18a0a94018|rpc:localhost:13934|admin:|client:|dataStream:|priority:0, 7154479f-c658-4db8-83d8-3a22722b587d|rpc:localhost:13924|admin:|client:|dataStream:|priority:0], old=null
2021-08-27 19:21:10,298 [grpc-default-executor-4] INFO  server.RaftServer$Division (RaftServerImpl.java:installSnapshot(1340)) - d21fb43e-e5ae-4596-9449-4ac761036bdb@group-E71D50C67865: reply installSnapshot: 7154479f-c658-4db8-83d8-3a22722b587d<-d21fb43e-e5ae-4596-9449-4ac761036bdb#0:FAIL-t2,IN_PROGRESS
2021-08-27 19:21:10,298 [grpc-default-executor-4] INFO  server.GrpcServerProtocolService (GrpcServerProtocolService.java:onCompleted(140)) - d21fb43e-e5ae-4596-9449-4ac761036bdb: Completed INSTALL_SNAPSHOT, lastRequest: 7154479f-c658-4db8-83d8-3a22722b587d->d21fb43e-e5ae-4596-9449-4ac761036bdb#0-t2,notify:(t:2, i:1)
2021-08-27 19:21:10,299 [grpc-default-executor-0] INFO  server.GrpcLogAppender (GrpcLogAppender.java:onNext(400)) - 7154479f-c658-4db8-83d8-3a22722b587d@group-E71D50C67865->d21fb43e-e5ae-4596-9449-4ac761036bdb-InstallSnapshotResponseHandler: received a reply 7154479f-c658-4db8-83d8-3a22722b587d<-d21fb43e-e5ae-4596-9449-4ac761036bdb#0:FAIL-t2,IN_PROGRESS
2021-08-27 19:21:10,299 [grpc-default-executor-0] INFO  server.GrpcLogAppender (GrpcLogAppender.java:onNext(417)) - 7154479f-c658-4db8-83d8-3a22722b587d@group-E71D50C67865->d21fb43e-e5ae-4596-9449-4ac761036bdb-InstallSnapshotResponseHandler: InstallSnapshot in progress.
2021-08-27 19:21:10,299 [grpc-default-executor-3] INFO  server.RaftServer$Division (RaftServerImpl.java:checkInconsistentAppendEntries(1293)) - d21fb43e-e5ae-4596-9449-4ac761036bdb@group-E71D50C67865: Failed appendEntries as snapshot ((t:2, i:1)) installation is in progress
2021-08-27 19:21:10,299 [grpc-default-executor-3] INFO  server.RaftServer$Division (RaftServerImpl.java:checkInconsistentAppendEntries(1285)) - d21fb43e-e5ae-4596-9449-4ac761036bdb@group-E71D50C67865: inconsistency entries. Reply:7154479f-c658-4db8-83d8-3a22722b587d<-d21fb43e-e5ae-4596-9449-4ac761036bdb#20:FAIL-t2,INCONSISTENCY,nextIndex=0,followerCommit=-1
2021-08-27 19:21:10,300 [grpc-default-executor-3] INFO  leader.FollowerInfo (FollowerInfoImpl.java:lambda$new$0(46)) - 7154479f-c658-4db8-83d8-3a22722b587d@group-E71D50C67865->d21fb43e-e5ae-4596-9449-4ac761036bdb: nextIndex: updateUnconditionally 0 -> 0
2021-08-27 19:21:10,304 [7154479f-c658-4db8-83d8-3a22722b587d@group-E71D50C67865->d21fb43e-e5ae-4596-9449-4ac761036bdb-GrpcLogAppender-LogAppenderDaemon] INFO  server.GrpcLogAppender (GrpcLogAppender.java:installSnapshot(524)) - 7154479f-c658-4db8-83d8-3a22722b587d@group-E71D50C67865->d21fb43e-e5ae-4596-9449-4ac761036bdb-GrpcLogAppender: followerNextIndex = 0 but logStartIndex = 1, notify follower to install snapshot-(t:2, i:1)
2021-08-27 19:21:10,304 [7154479f-c658-4db8-83d8-3a22722b587d@group-E71D50C67865->d21fb43e-e5ae-4596-9449-4ac761036bdb-GrpcLogAppender-LogAppenderDaemon] INFO  server.GrpcLogAppender (GrpcLogAppender.java:installSnapshot(532)) - 7154479f-c658-4db8-83d8-3a22722b587d@group-E71D50C67865->d21fb43e-e5ae-4596-9449-4ac761036bdb-GrpcLogAppender: send 7154479f-c658-4db8-83d8-3a22722b587d->d21fb43e-e5ae-4596-9449-4ac761036bdb#0-t2,notify:(t:2, i:1)
2021-08-27 19:21:10,305 [grpc-default-executor-4] INFO  server.RaftServer$Division (RaftServerImpl.java:checkInconsistentAppendEntries(1293)) - d21fb43e-e5ae-4596-9449-4ac761036bdb@group-E71D50C67865: Failed appendEntries as snapshot ((t:2, i:1)) installation is in progress
2021-08-27 19:21:10,305 [grpc-default-executor-4] INFO  server.RaftServer$Division (RaftServerImpl.java:checkInconsistentAppendEntries(1285)) - d21fb43e-e5ae-4596-9449-4ac761036bdb@group-E71D50C67865: inconsistency entries. Reply:7154479f-c658-4db8-83d8-3a22722b587d<-d21fb43e-e5ae-4596-9449-4ac761036bdb#21:FAIL-t2,INCONSISTENCY,nextIndex=0,followerCommit=-1
2021-08-27 19:21:10,305 [grpc-default-executor-0] INFO  leader.FollowerInfo (FollowerInfoImpl.java:lambda$new$0(46)) - 7154479f-c658-4db8-83d8-3a22722b587d@group-E71D50C67865->d21fb43e-e5ae-4596-9449-4ac761036bdb: nextIndex: updateUnconditionally 0 -> 0
2021-08-27 19:21:10,306 [grpc-default-executor-4] INFO  server.RaftServer$Division (RaftServerImpl.java:installSnapshot(1329)) - d21fb43e-e5ae-4596-9449-4ac761036bdb@group-E71D50C67865: receive installSnapshot: 7154479f-c658-4db8-83d8-3a22722b587d->d21fb43e-e5ae-4596-9449-4ac761036bdb#0-t2,notify:(t:2, i:1)
2021-08-27 19:21:10,306 [grpc-default-executor-4] INFO  server.RaftServer$Division (RaftServerImpl.java:notifyStateMachineToInstallSnapshot(1611)) - d21fb43e-e5ae-4596-9449-4ac761036bdb@group-E71D50C67865: Snapshot Installation by StateMachine is in progress.
2021-08-27 19:21:10,306 [grpc-default-executor-4] INFO  server.RaftServer$Division (RaftServerImpl.java:installSnapshotImpl(1459)) - d21fb43e-e5ae-4596-9449-4ac761036bdb@group-E71D50C67865: set new configuration index: 5
configurationEntry {
  peers {
    id: "27aea111-c761-4159-8f56-4b18a0a94018"
    address: "localhost:13934"
  }
  peers {
    id: "7154479f-c658-4db8-83d8-3a22722b587d"
    address: "localhost:13924"
  }
}
 from snapshot
2021-08-27 19:21:10,306 [grpc-default-executor-4] INFO  server.RaftServer$Division (ServerState.java:setRaftConf(387)) - d21fb43e-e5ae-4596-9449-4ac761036bdb@group-E71D50C67865: set configuration 5: [27aea111-c761-4159-8f56-4b18a0a94018|rpc:localhost:13934|admin:|client:|dataStream:|priority:0, 7154479f-c658-4db8-83d8-3a22722b587d|rpc:localhost:13924|admin:|client:|dataStream:|priority:0], old=null
2021-08-27 19:21:10,306 [grpc-default-executor-4] INFO  server.RaftServer$Division (RaftServerImpl.java:installSnapshot(1340)) - d21fb43e-e5ae-4596-9449-4ac761036bdb@group-E71D50C67865: reply installSnapshot: 7154479f-c658-4db8-83d8-3a22722b587d<-d21fb43e-e5ae-4596-9449-4ac761036bdb#0:FAIL-t2,IN_PROGRESS
2021-08-27 19:21:10,306 [grpc-default-executor-4] INFO  server.GrpcServerProtocolService (GrpcServerProtocolService.java:onCompleted(140)) - d21fb43e-e5ae-4596-9449-4ac761036bdb: Completed INSTALL_SNAPSHOT, lastRequest: 7154479f-c658-4db8-83d8-3a22722b587d->d21fb43e-e5ae-4596-9449-4ac761036bdb#0-t2,notify:(t:2, i:1)
2021-08-27 19:21:10,307 [grpc-default-executor-0] INFO  server.GrpcLogAppender (GrpcLogAppender.java:onNext(400)) - 7154479f-c658-4db8-83d8-3a22722b587d@group-E71D50C67865->d21fb43e-e5ae-4596-9449-4ac761036bdb-InstallSnapshotResponseHandler: received a reply 7154479f-c658-4db8-83d8-3a22722b587d<-d21fb43e-e5ae-4596-9449-4ac761036bdb#0:FAIL-t2,IN_PROGRESS
2021-08-27 19:21:10,307 [grpc-default-executor-0] INFO  server.GrpcLogAppender (GrpcLogAppender.java:onNext(417)) - 7154479f-c658-4db8-83d8-3a22722b587d@group-E71D50C67865->d21fb43e-e5ae-4596-9449-4ac761036bdb-InstallSnapshotResponseHandler: InstallSnapshot in progress.
2021-08-27 19:21:10,308 [7154479f-c658-4db8-83d8-3a22722b587d@group-E71D50C67865->d21fb43e-e5ae-4596-9449-4ac761036bdb-GrpcLogAppender-LogAppenderDaemon] INFO  server.GrpcLogAppender (GrpcLogAppender.java:installSnapshot(524)) - 7154479f-c658-4db8-83d8-3a22722b587d@group-E71D50C67865->d21fb43e-e5ae-4596-9449-4ac761036bdb-GrpcLogAppender: followerNextIndex = 0 but logStartIndex = 1, notify follower to install snapshot-(t:2, i:1)
2021-08-27 19:21:10,308 [7154479f-c658-4db8-83d8-3a22722b587d@group-E71D50C67865->d21fb43e-e5ae-4596-9449-4ac761036bdb-GrpcLogAppender-LogAppenderDaemon] INFO  server.GrpcLogAppender (GrpcLogAppender.java:installSnapshot(532)) - 7154479f-c658-4db8-83d8-3a22722b587d@group-E71D50C67865->d21fb43e-e5ae-4596-9449-4ac761036bdb-GrpcLogAppender: send 7154479f-c658-4db8-83d8-3a22722b587d->d21fb43e-e5ae-4596-9449-4ac761036bdb#0-t2,notify:(t:2, i:1)
2021-08-27 19:21:10,308 [grpc-default-executor-0] INFO  server.RaftServer$Division (RaftServerImpl.java:checkInconsistentAppendEntries(1293)) - d21fb43e-e5ae-4596-9449-4ac761036bdb@group-E71D50C67865: Failed appendEntries as snapshot ((t:2, i:1)) installation is in progress
2021-08-27 19:21:10,308 [grpc-default-executor-0] INFO  server.RaftServer$Division (RaftServerImpl.java:checkInconsistentAppendEntries(1285)) - d21fb43e-e5ae-4596-9449-4ac761036bdb@group-E71D50C67865: inconsistency entries. Reply:7154479f-c658-4db8-83d8-3a22722b587d<-d21fb43e-e5ae-4596-9449-4ac761036bdb#22:FAIL-t2,INCONSISTENCY,nextIndex=0,followerCommit=-1
2021-08-27 19:21:10,309 [grpc-default-executor-0] INFO  leader.FollowerInfo (FollowerInfoImpl.java:lambda$new$0(46)) - 7154479f-c658-4db8-83d8-3a22722b587d@group-E71D50C67865->d21fb43e-e5ae-4596-9449-4ac761036bdb: nextIndex: updateUnconditionally 0 -> 0
2021-08-27 19:21:10,315 [grpc-default-executor-0] INFO  server.RaftServer$Division (RaftServerImpl.java:installSnapshot(1329)) - d21fb43e-e5ae-4596-9449-4ac761036bdb@group-E71D50C67865: receive installSnapshot: 7154479f-c658-4db8-83d8-3a22722b587d->d21fb43e-e5ae-4596-9449-4ac761036bdb#0-t2,notify:(t:2, i:1)
2021-08-27 19:21:10,315 [grpc-default-executor-0] INFO  server.RaftServer$Division (RaftServerImpl.java:notifyStateMachineToInstallSnapshot(1611)) - d21fb43e-e5ae-4596-9449-4ac761036bdb@group-E71D50C67865: Snapshot Installation by StateMachine is in progress.
2021-08-27 19:21:10,315 [grpc-default-executor-0] INFO  server.RaftServer$Division (RaftServerImpl.java:installSnapshotImpl(1459)) - d21fb43e-e5ae-4596-9449-4ac761036bdb@group-E71D50C67865: set new configuration index: 5
configurationEntry {
  peers {
    id: "27aea111-c761-4159-8f56-4b18a0a94018"
    address: "localhost:13934"
  }
  peers {
    id: "7154479f-c658-4db8-83d8-3a22722b587d"
    address: "localhost:13924"
  }
}
 from snapshot
2021-08-27 19:21:10,315 [grpc-default-executor-0] INFO  server.RaftServer$Division (ServerState.java:setRaftConf(387)) - d21fb43e-e5ae-4596-9449-4ac761036bdb@group-E71D50C67865: set configuration 5: [27aea111-c761-4159-8f56-4b18a0a94018|rpc:localhost:13934|admin:|client:|dataStream:|priority:0, 7154479f-c658-4db8-83d8-3a22722b587d|rpc:localhost:13924|admin:|client:|dataStream:|priority:0], old=null
2021-08-27 19:21:10,315 [grpc-default-executor-0] INFO  server.RaftServer$Division (RaftServerImpl.java:installSnapshot(1340)) - d21fb43e-e5ae-4596-9449-4ac761036bdb@group-E71D50C67865: reply installSnapshot: 7154479f-c658-4db8-83d8-3a22722b587d<-d21fb43e-e5ae-4596-9449-4ac761036bdb#0:FAIL-t2,IN_PROGRESS
2021-08-27 19:21:10,316 [grpc-default-executor-0] INFO  server.GrpcServerProtocolService (GrpcServerProtocolService.java:onCompleted(140)) - d21fb43e-e5ae-4596-9449-4ac761036bdb: Completed INSTALL_SNAPSHOT, lastRequest: 7154479f-c658-4db8-83d8-3a22722b587d->d21fb43e-e5ae-4596-9449-4ac761036bdb#0-t2,notify:(t:2, i:1)
2021-08-27 19:21:10,316 [grpc-default-executor-4] INFO  server.GrpcLogAppender (GrpcLogAppender.java:onNext(400)) - 7154479f-c658-4db8-83d8-3a22722b587d@group-E71D50C67865->d21fb43e-e5ae-4596-9449-4ac761036bdb-InstallSnapshotResponseHandler: received a reply 7154479f-c658-4db8-83d8-3a22722b587d<-d21fb43e-e5ae-4596-9449-4ac761036bdb#0:FAIL-t2,IN_PROGRESS
2021-08-27 19:21:10,316 [grpc-default-executor-4] INFO  server.GrpcLogAppender (GrpcLogAppender.java:onNext(417)) - 7154479f-c658-4db8-83d8-3a22722b587d@group-E71D50C67865->d21fb43e-e5ae-4596-9449-4ac761036bdb-InstallSnapshotResponseHandler: InstallSnapshot in progress.
2021-08-27 19:21:10,317 [7154479f-c658-4db8-83d8-3a22722b587d@group-E71D50C67865->d21fb43e-e5ae-4596-9449-4ac761036bdb-GrpcLogAppender-LogAppenderDaemon] INFO  server.GrpcLogAppender (GrpcLogAppender.java:installSnapshot(524)) - 7154479f-c658-4db8-83d8-3a22722b587d@group-E71D50C67865->d21fb43e-e5ae-4596-9449-4ac761036bdb-GrpcLogAppender: followerNextIndex = 0 but logStartIndex = 1, notify follower to install snapshot-(t:2, i:1)
2021-08-27 19:21:10,318 [7154479f-c658-4db8-83d8-3a22722b587d@group-E71D50C67865->d21fb43e-e5ae-4596-9449-4ac761036bdb-GrpcLogAppender-LogAppenderDaemon] INFO  server.GrpcLogAppender (GrpcLogAppender.java:installSnapshot(532)) - 7154479f-c658-4db8-83d8-3a22722b587d@group-E71D50C67865->d21fb43e-e5ae-4596-9449-4ac761036bdb-GrpcLogAppender: send 7154479f-c658-4db8-83d8-3a22722b587d->d21fb43e-e5ae-4596-9449-4ac761036bdb#0-t2,notify:(t:2, i:1)
2021-08-27 19:21:10,318 [grpc-default-executor-3] INFO  server.RaftServer$Division (RaftServerImpl.java:checkInconsistentAppendEntries(1293)) - d21fb43e-e5ae-4596-9449-4ac761036bdb@group-E71D50C67865: Failed appendEntries as snapshot ((t:2, i:1)) installation is in progress
2021-08-27 19:21:10,318 [grpc-default-executor-3] INFO  server.RaftServer$Division (RaftServerImpl.java:checkInconsistentAppendEntries(1285)) - d21fb43e-e5ae-4596-9449-4ac761036bdb@group-E71D50C67865: inconsistency entries. Reply:7154479f-c658-4db8-83d8-3a22722b587d<-d21fb43e-e5ae-4596-9449-4ac761036bdb#23:FAIL-t2,INCONSISTENCY,nextIndex=0,followerCommit=-1
2021-08-27 19:21:10,319 [grpc-default-executor-3] INFO  leader.FollowerInfo (FollowerInfoImpl.java:lambda$new$0(46)) - 7154479f-c658-4db8-83d8-3a22722b587d@group-E71D50C67865->d21fb43e-e5ae-4596-9449-4ac761036bdb: nextIndex: updateUnconditionally 0 -> 0
2021-08-27 19:21:10,319 [grpc-default-executor-0] INFO  server.RaftServer$Division (RaftServerImpl.java:installSnapshot(1329)) - d21fb43e-e5ae-4596-9449-4ac761036bdb@group-E71D50C67865: receive installSnapshot: 7154479f-c658-4db8-83d8-3a22722b587d->d21fb43e-e5ae-4596-9449-4ac761036bdb#0-t2,notify:(t:2, i:1)
2021-08-27 19:21:10,319 [grpc-default-executor-0] INFO  server.RaftServer$Division (RaftServerImpl.java:notifyStateMachineToInstallSnapshot(1611)) - d21fb43e-e5ae-4596-9449-4ac761036bdb@group-E71D50C67865: Snapshot Installation by StateMachine is in progress.
2021-08-27 19:21:10,319 [grpc-default-executor-0] INFO  server.RaftServer$Division (RaftServerImpl.java:installSnapshotImpl(1459)) - d21fb43e-e5ae-4596-9449-4ac761036bdb@group-E71D50C67865: set new configuration index: 5
configurationEntry {
  peers {
    id: "27aea111-c761-4159-8f56-4b18a0a94018"
    address: "localhost:13934"
  }
  peers {
    id: "7154479f-c658-4db8-83d8-3a22722b587d"
    address: "localhost:13924"
  }
}
 from snapshot
2021-08-27 19:21:10,319 [grpc-default-executor-0] INFO  server.RaftServer$Division (ServerState.java:setRaftConf(387)) - d21fb43e-e5ae-4596-9449-4ac761036bdb@group-E71D50C67865: set configuration 5: [27aea111-c761-4159-8f56-4b18a0a94018|rpc:localhost:13934|admin:|client:|dataStream:|priority:0, 7154479f-c658-4db8-83d8-3a22722b587d|rpc:localhost:13924|admin:|client:|dataStream:|priority:0], old=null
2021-08-27 19:21:10,319 [grpc-default-executor-0] INFO  server.RaftServer$Division (RaftServerImpl.java:installSnapshot(1340)) - d21fb43e-e5ae-4596-9449-4ac761036bdb@group-E71D50C67865: reply installSnapshot: 7154479f-c658-4db8-83d8-3a22722b587d<-d21fb43e-e5ae-4596-9449-4ac761036bdb#0:FAIL-t2,IN_PROGRESS
2021-08-27 19:21:10,320 [grpc-default-executor-0] INFO  server.GrpcServerProtocolService (GrpcServerProtocolService.java:onCompleted(140)) - d21fb43e-e5ae-4596-9449-4ac761036bdb: Completed INSTALL_SNAPSHOT, lastRequest: 7154479f-c658-4db8-83d8-3a22722b587d->d21fb43e-e5ae-4596-9449-4ac761036bdb#0-t2,notify:(t:2, i:1)
2021-08-27 19:21:10,320 [grpc-default-executor-4] INFO  server.GrpcLogAppender (GrpcLogAppender.java:onNext(400)) - 7154479f-c658-4db8-83d8-3a22722b587d@group-E71D50C67865->d21fb43e-e5ae-4596-9449-4ac761036bdb-InstallSnapshotResponseHandler: received a reply 7154479f-c658-4db8-83d8-3a22722b587d<-d21fb43e-e5ae-4596-9449-4ac761036bdb#0:FAIL-t2,IN_PROGRESS
2021-08-27 19:21:10,320 [grpc-default-executor-4] INFO  server.GrpcLogAppender (GrpcLogAppender.java:onNext(417)) - 7154479f-c658-4db8-83d8-3a22722b587d@group-E71D50C67865->d21fb43e-e5ae-4596-9449-4ac761036bdb-InstallSnapshotResponseHandler: InstallSnapshot in progress.
2021-08-27 19:21:10,324 [7154479f-c658-4db8-83d8-3a22722b587d@group-E71D50C67865->d21fb43e-e5ae-4596-9449-4ac761036bdb-GrpcLogAppender-LogAppenderDaemon] INFO  server.GrpcLogAppender (GrpcLogAppender.java:installSnapshot(524)) - 7154479f-c658-4db8-83d8-3a22722b587d@group-E71D50C67865->d21fb43e-e5ae-4596-9449-4ac761036bdb-GrpcLogAppender: followerNextIndex = 0 but logStartIndex = 1, notify follower to install snapshot-(t:2, i:1)
2021-08-27 19:21:10,324 [7154479f-c658-4db8-83d8-3a22722b587d@group-E71D50C67865->d21fb43e-e5ae-4596-9449-4ac761036bdb-GrpcLogAppender-LogAppenderDaemon] INFO  server.GrpcLogAppender (GrpcLogAppender.java:installSnapshot(532)) - 7154479f-c658-4db8-83d8-3a22722b587d@group-E71D50C67865->d21fb43e-e5ae-4596-9449-4ac761036bdb-GrpcLogAppender: send 7154479f-c658-4db8-83d8-3a22722b587d->d21fb43e-e5ae-4596-9449-4ac761036bdb#0-t2,notify:(t:2, i:1)
2021-08-27 19:21:10,325 [grpc-default-executor-4] INFO  server.RaftServer$Division (RaftServerImpl.java:installSnapshot(1329)) - d21fb43e-e5ae-4596-9449-4ac761036bdb@group-E71D50C67865: receive installSnapshot: 7154479f-c658-4db8-83d8-3a22722b587d->d21fb43e-e5ae-4596-9449-4ac761036bdb#0-t2,notify:(t:2, i:1)
2021-08-27 19:21:10,325 [grpc-default-executor-4] INFO  server.RaftServer$Division (RaftServerImpl.java:notifyStateMachineToInstallSnapshot(1611)) - d21fb43e-e5ae-4596-9449-4ac761036bdb@group-E71D50C67865: Snapshot Installation by StateMachine is in progress.
2021-08-27 19:21:10,325 [grpc-default-executor-4] INFO  server.RaftServer$Division (RaftServerImpl.java:installSnapshotImpl(1459)) - d21fb43e-e5ae-4596-9449-4ac761036bdb@group-E71D50C67865: set new configuration index: 5
configurationEntry {
  peers {
    id: "27aea111-c761-4159-8f56-4b18a0a94018"
    address: "localhost:13934"
  }
  peers {
    id: "7154479f-c658-4db8-83d8-3a22722b587d"
    address: "localhost:13924"
  }
}
 from snapshot
2021-08-27 19:21:10,325 [grpc-default-executor-4] INFO  server.RaftServer$Division (ServerState.java:setRaftConf(387)) - d21fb43e-e5ae-4596-9449-4ac761036bdb@group-E71D50C67865: set configuration 5: [27aea111-c761-4159-8f56-4b18a0a94018|rpc:localhost:13934|admin:|client:|dataStream:|priority:0, 7154479f-c658-4db8-83d8-3a22722b587d|rpc:localhost:13924|admin:|client:|dataStream:|priority:0], old=null
2021-08-27 19:21:10,325 [grpc-default-executor-4] INFO  server.RaftServer$Division (RaftServerImpl.java:installSnapshot(1340)) - d21fb43e-e5ae-4596-9449-4ac761036bdb@group-E71D50C67865: reply installSnapshot: 7154479f-c658-4db8-83d8-3a22722b587d<-d21fb43e-e5ae-4596-9449-4ac761036bdb#0:FAIL-t2,IN_PROGRESS
2021-08-27 19:21:10,325 [grpc-default-executor-4] INFO  server.GrpcServerProtocolService (GrpcServerProtocolService.java:onCompleted(140)) - d21fb43e-e5ae-4596-9449-4ac761036bdb: Completed INSTALL_SNAPSHOT, lastRequest: 7154479f-c658-4db8-83d8-3a22722b587d->d21fb43e-e5ae-4596-9449-4ac761036bdb#0-t2,notify:(t:2, i:1)
2021-08-27 19:21:10,326 [grpc-default-executor-3] INFO  server.GrpcLogAppender (GrpcLogAppender.java:onNext(400)) - 7154479f-c658-4db8-83d8-3a22722b587d@group-E71D50C67865->d21fb43e-e5ae-4596-9449-4ac761036bdb-InstallSnapshotResponseHandler: received a reply 7154479f-c658-4db8-83d8-3a22722b587d<-d21fb43e-e5ae-4596-9449-4ac761036bdb#0:FAIL-t2,IN_PROGRESS
2021-08-27 19:21:10,326 [grpc-default-executor-3] INFO  server.GrpcLogAppender (GrpcLogAppender.java:onNext(417)) - 7154479f-c658-4db8-83d8-3a22722b587d@group-E71D50C67865->d21fb43e-e5ae-4596-9449-4ac761036bdb-InstallSnapshotResponseHandler: InstallSnapshot in progress.
2021-08-27 19:21:10,326 [grpc-default-executor-0] INFO  server.RaftServer$Division (RaftServerImpl.java:checkInconsistentAppendEntries(1293)) - d21fb43e-e5ae-4596-9449-4ac761036bdb@group-E71D50C67865: Failed appendEntries as snapshot ((t:2, i:1)) installation is in progress
2021-08-27 19:21:10,326 [grpc-default-executor-0] INFO  server.RaftServer$Division (RaftServerImpl.java:checkInconsistentAppendEntries(1285)) - d21fb43e-e5ae-4596-9449-4ac761036bdb@group-E71D50C67865: inconsistency entries. Reply:7154479f-c658-4db8-83d8-3a22722b587d<-d21fb43e-e5ae-4596-9449-4ac761036bdb#24:FAIL-t2,INCONSISTENCY,nextIndex=0,followerCommit=-1
2021-08-27 19:21:10,326 [grpc-default-executor-0] INFO  leader.FollowerInfo (FollowerInfoImpl.java:lambda$new$0(46)) - 7154479f-c658-4db8-83d8-3a22722b587d@group-E71D50C67865->d21fb43e-e5ae-4596-9449-4ac761036bdb: nextIndex: updateUnconditionally 0 -> 0
2021-08-27 19:21:10,327 [7154479f-c658-4db8-83d8-3a22722b587d@group-E71D50C67865->d21fb43e-e5ae-4596-9449-4ac761036bdb-GrpcLogAppender-LogAppenderDaemon] INFO  server.GrpcLogAppender (GrpcLogAppender.java:installSnapshot(524)) - 7154479f-c658-4db8-83d8-3a22722b587d@group-E71D50C67865->d21fb43e-e5ae-4596-9449-4ac761036bdb-GrpcLogAppender: followerNextIndex = 0 but logStartIndex = 1, notify follower to install snapshot-(t:2, i:1)
2021-08-27 19:21:10,327 [7154479f-c658-4db8-83d8-3a22722b587d@group-E71D50C67865->d21fb43e-e5ae-4596-9449-4ac761036bdb-GrpcLogAppender-LogAppenderDaemon] INFO  server.GrpcLogAppender (GrpcLogAppender.java:installSnapshot(532)) - 7154479f-c658-4db8-83d8-3a22722b587d@group-E71D50C67865->d21fb43e-e5ae-4596-9449-4ac761036bdb-GrpcLogAppender: send 7154479f-c658-4db8-83d8-3a22722b587d->d21fb43e-e5ae-4596-9449-4ac761036bdb#0-t2,notify:(t:2, i:1)
2021-08-27 19:21:10,328 [grpc-default-executor-3] INFO  server.RaftServer$Division (RaftServerImpl.java:installSnapshot(1329)) - d21fb43e-e5ae-4596-9449-4ac761036bdb@group-E71D50C67865: receive installSnapshot: 7154479f-c658-4db8-83d8-3a22722b587d->d21fb43e-e5ae-4596-9449-4ac761036bdb#0-t2,notify:(t:2, i:1)
2021-08-27 19:21:10,328 [grpc-default-executor-3] INFO  server.RaftServer$Division (RaftServerImpl.java:notifyStateMachineToInstallSnapshot(1611)) - d21fb43e-e5ae-4596-9449-4ac761036bdb@group-E71D50C67865: Snapshot Installation by StateMachine is in progress.
2021-08-27 19:21:10,328 [grpc-default-executor-3] INFO  server.RaftServer$Division (RaftServerImpl.java:installSnapshotImpl(1459)) - d21fb43e-e5ae-4596-9449-4ac761036bdb@group-E71D50C67865: set new configuration index: 5
configurationEntry {
  peers {
    id: "27aea111-c761-4159-8f56-4b18a0a94018"
    address: "localhost:13934"
  }
  peers {
    id: "7154479f-c658-4db8-83d8-3a22722b587d"
    address: "localhost:13924"
  }
}
 from snapshot
2021-08-27 19:21:10,328 [grpc-default-executor-3] INFO  server.RaftServer$Division (ServerState.java:setRaftConf(387)) - d21fb43e-e5ae-4596-9449-4ac761036bdb@group-E71D50C67865: set configuration 5: [27aea111-c761-4159-8f56-4b18a0a94018|rpc:localhost:13934|admin:|client:|dataStream:|priority:0, 7154479f-c658-4db8-83d8-3a22722b587d|rpc:localhost:13924|admin:|client:|dataStream:|priority:0], old=null
2021-08-27 19:21:10,329 [grpc-default-executor-3] INFO  server.RaftServer$Division (RaftServerImpl.java:installSnapshot(1340)) - d21fb43e-e5ae-4596-9449-4ac761036bdb@group-E71D50C67865: reply installSnapshot: 7154479f-c658-4db8-83d8-3a22722b587d<-d21fb43e-e5ae-4596-9449-4ac761036bdb#0:FAIL-t2,IN_PROGRESS
2021-08-27 19:21:10,329 [grpc-default-executor-3] INFO  server.GrpcServerProtocolService (GrpcServerProtocolService.java:onCompleted(140)) - d21fb43e-e5ae-4596-9449-4ac761036bdb: Completed INSTALL_SNAPSHOT, lastRequest: 7154479f-c658-4db8-83d8-3a22722b587d->d21fb43e-e5ae-4596-9449-4ac761036bdb#0-t2,notify:(t:2, i:1)
2021-08-27 19:21:10,329 [grpc-default-executor-4] INFO  server.GrpcLogAppender (GrpcLogAppender.java:onNext(400)) - 7154479f-c658-4db8-83d8-3a22722b587d@group-E71D50C67865->d21fb43e-e5ae-4596-9449-4ac761036bdb-InstallSnapshotResponseHandler: received a reply 7154479f-c658-4db8-83d8-3a22722b587d<-d21fb43e-e5ae-4596-9449-4ac761036bdb#0:FAIL-t2,IN_PROGRESS
2021-08-27 19:21:10,329 [grpc-default-executor-4] INFO  server.GrpcLogAppender (GrpcLogAppender.java:onNext(417)) - 7154479f-c658-4db8-83d8-3a22722b587d@group-E71D50C67865->d21fb43e-e5ae-4596-9449-4ac761036bdb-InstallSnapshotResponseHandler: InstallSnapshot in progress.
2021-08-27 19:21:10,329 [grpc-default-executor-0] INFO  server.RaftServer$Division (RaftServerImpl.java:checkInconsistentAppendEntries(1293)) - d21fb43e-e5ae-4596-9449-4ac761036bdb@group-E71D50C67865: Failed appendEntries as snapshot ((t:2, i:1)) installation is in progress
2021-08-27 19:21:10,329 [grpc-default-executor-0] INFO  server.RaftServer$Division (RaftServerImpl.java:checkInconsistentAppendEntries(1285)) - d21fb43e-e5ae-4596-9449-4ac761036bdb@group-E71D50C67865: inconsistency entries. Reply:7154479f-c658-4db8-83d8-3a22722b587d<-d21fb43e-e5ae-4596-9449-4ac761036bdb#25:FAIL-t2,INCONSISTENCY,nextIndex=0,followerCommit=-1
2021-08-27 19:21:10,330 [grpc-default-executor-0] INFO  leader.FollowerInfo (FollowerInfoImpl.java:lambda$new$0(46)) - 7154479f-c658-4db8-83d8-3a22722b587d@group-E71D50C67865->d21fb43e-e5ae-4596-9449-4ac761036bdb: nextIndex: updateUnconditionally 0 -> 0
2021-08-27 19:21:10,335 [7154479f-c658-4db8-83d8-3a22722b587d@group-E71D50C67865->d21fb43e-e5ae-4596-9449-4ac761036bdb-GrpcLogAppender-LogAppenderDaemon] INFO  server.GrpcLogAppender (GrpcLogAppender.java:installSnapshot(524)) - 7154479f-c658-4db8-83d8-3a22722b587d@group-E71D50C67865->d21fb43e-e5ae-4596-9449-4ac761036bdb-GrpcLogAppender: followerNextIndex = 0 but logStartIndex = 1, notify follower to install snapshot-(t:2, i:1)
2021-08-27 19:21:10,335 [7154479f-c658-4db8-83d8-3a22722b587d@group-E71D50C67865->d21fb43e-e5ae-4596-9449-4ac761036bdb-GrpcLogAppender-LogAppenderDaemon] INFO  server.GrpcLogAppender (GrpcLogAppender.java:installSnapshot(532)) - 7154479f-c658-4db8-83d8-3a22722b587d@group-E71D50C67865->d21fb43e-e5ae-4596-9449-4ac761036bdb-GrpcLogAppender: send 7154479f-c658-4db8-83d8-3a22722b587d->d21fb43e-e5ae-4596-9449-4ac761036bdb#0-t2,notify:(t:2, i:1)
2021-08-27 19:21:10,336 [grpc-default-executor-4] INFO  server.RaftServer$Division (RaftServerImpl.java:installSnapshot(1329)) - d21fb43e-e5ae-4596-9449-4ac761036bdb@group-E71D50C67865: receive installSnapshot: 7154479f-c658-4db8-83d8-3a22722b587d->d21fb43e-e5ae-4596-9449-4ac761036bdb#0-t2,notify:(t:2, i:1)
2021-08-27 19:21:10,336 [grpc-default-executor-4] INFO  server.RaftServer$Division (RaftServerImpl.java:notifyStateMachineToInstallSnapshot(1611)) - d21fb43e-e5ae-4596-9449-4ac761036bdb@group-E71D50C67865: Snapshot Installation by StateMachine is in progress.
2021-08-27 19:21:10,336 [grpc-default-executor-4] INFO  server.RaftServer$Division (RaftServerImpl.java:installSnapshotImpl(1459)) - d21fb43e-e5ae-4596-9449-4ac761036bdb@group-E71D50C67865: set new configuration index: 5
configurationEntry {
  peers {
    id: "27aea111-c761-4159-8f56-4b18a0a94018"
    address: "localhost:13934"
  }
  peers {
    id: "7154479f-c658-4db8-83d8-3a22722b587d"
    address: "localhost:13924"
  }
}
 from snapshot
2021-08-27 19:21:10,336 [grpc-default-executor-4] INFO  server.RaftServer$Division (ServerState.java:setRaftConf(387)) - d21fb43e-e5ae-4596-9449-4ac761036bdb@group-E71D50C67865: set configuration 5: [27aea111-c761-4159-8f56-4b18a0a94018|rpc:localhost:13934|admin:|client:|dataStream:|priority:0, 7154479f-c658-4db8-83d8-3a22722b587d|rpc:localhost:13924|admin:|client:|dataStream:|priority:0], old=null
2021-08-27 19:21:10,337 [grpc-default-executor-4] INFO  server.RaftServer$Division (RaftServerImpl.java:installSnapshot(1340)) - d21fb43e-e5ae-4596-9449-4ac761036bdb@group-E71D50C67865: reply installSnapshot: 7154479f-c658-4db8-83d8-3a22722b587d<-d21fb43e-e5ae-4596-9449-4ac761036bdb#0:FAIL-t2,IN_PROGRESS
2021-08-27 19:21:10,337 [grpc-default-executor-4] INFO  server.GrpcServerProtocolService (GrpcServerProtocolService.java:onCompleted(140)) - d21fb43e-e5ae-4596-9449-4ac761036bdb: Completed INSTALL_SNAPSHOT, lastRequest: 7154479f-c658-4db8-83d8-3a22722b587d->d21fb43e-e5ae-4596-9449-4ac761036bdb#0-t2,notify:(t:2, i:1)
2021-08-27 19:21:10,337 [grpc-default-executor-3] INFO  server.GrpcLogAppender (GrpcLogAppender.java:onNext(400)) - 7154479f-c658-4db8-83d8-3a22722b587d@group-E71D50C67865->d21fb43e-e5ae-4596-9449-4ac761036bdb-InstallSnapshotResponseHandler: received a reply 7154479f-c658-4db8-83d8-3a22722b587d<-d21fb43e-e5ae-4596-9449-4ac761036bdb#0:FAIL-t2,IN_PROGRESS
2021-08-27 19:21:10,337 [grpc-default-executor-3] INFO  server.GrpcLogAppender (GrpcLogAppender.java:onNext(417)) - 7154479f-c658-4db8-83d8-3a22722b587d@group-E71D50C67865->d21fb43e-e5ae-4596-9449-4ac761036bdb-InstallSnapshotResponseHandler: InstallSnapshot in progress.
2021-08-27 19:21:10,337 [grpc-default-executor-0] INFO  server.RaftServer$Division (RaftServerImpl.java:checkInconsistentAppendEntries(1293)) - d21fb43e-e5ae-4596-9449-4ac761036bdb@group-E71D50C67865: Failed appendEntries as snapshot ((t:2, i:1)) installation is in progress
2021-08-27 19:21:10,338 [grpc-default-executor-0] INFO  server.RaftServer$Division (RaftServerImpl.java:checkInconsistentAppendEntries(1285)) - d21fb43e-e5ae-4596-9449-4ac761036bdb@group-E71D50C67865: inconsistency entries. Reply:7154479f-c658-4db8-83d8-3a22722b587d<-d21fb43e-e5ae-4596-9449-4ac761036bdb#26:FAIL-t2,INCONSISTENCY,nextIndex=0,followerCommit=-1
2021-08-27 19:21:10,338 [grpc-default-executor-0] INFO  leader.FollowerInfo (FollowerInfoImpl.java:lambda$new$0(46)) - 7154479f-c658-4db8-83d8-3a22722b587d@group-E71D50C67865->d21fb43e-e5ae-4596-9449-4ac761036bdb: nextIndex: updateUnconditionally 0 -> 0
2021-08-27 19:21:10,344 [7154479f-c658-4db8-83d8-3a22722b587d@group-E71D50C67865->d21fb43e-e5ae-4596-9449-4ac761036bdb-GrpcLogAppender-LogAppenderDaemon] INFO  server.GrpcLogAppender (GrpcLogAppender.java:installSnapshot(524)) - 7154479f-c658-4db8-83d8-3a22722b587d@group-E71D50C67865->d21fb43e-e5ae-4596-9449-4ac761036bdb-GrpcLogAppender: followerNextIndex = 0 but logStartIndex = 1, notify follower to install snapshot-(t:2, i:1)
2021-08-27 19:21:10,344 [7154479f-c658-4db8-83d8-3a22722b587d@group-E71D50C67865->d21fb43e-e5ae-4596-9449-4ac761036bdb-GrpcLogAppender-LogAppenderDaemon] INFO  server.GrpcLogAppender (GrpcLogAppender.java:installSnapshot(532)) - 7154479f-c658-4db8-83d8-3a22722b587d@group-E71D50C67865->d21fb43e-e5ae-4596-9449-4ac761036bdb-GrpcLogAppender: send 7154479f-c658-4db8-83d8-3a22722b587d->d21fb43e-e5ae-4596-9449-4ac761036bdb#0-t2,notify:(t:2, i:1)
2021-08-27 19:21:10,345 [grpc-default-executor-3] INFO  server.RaftServer$Division (RaftServerImpl.java:installSnapshot(1329)) - d21fb43e-e5ae-4596-9449-4ac761036bdb@group-E71D50C67865: receive installSnapshot: 7154479f-c658-4db8-83d8-3a22722b587d->d21fb43e-e5ae-4596-9449-4ac761036bdb#0-t2,notify:(t:2, i:1)
2021-08-27 19:21:10,345 [grpc-default-executor-3] INFO  server.RaftServer$Division (RaftServerImpl.java:notifyStateMachineToInstallSnapshot(1611)) - d21fb43e-e5ae-4596-9449-4ac761036bdb@group-E71D50C67865: Snapshot Installation by StateMachine is in progress.
2021-08-27 19:21:10,345 [grpc-default-executor-3] INFO  server.RaftServer$Division (RaftServerImpl.java:installSnapshotImpl(1459)) - d21fb43e-e5ae-4596-9449-4ac761036bdb@group-E71D50C67865: set new configuration index: 5
configurationEntry {
  peers {
    id: "27aea111-c761-4159-8f56-4b18a0a94018"
    address: "localhost:13934"
  }
  peers {
    id: "7154479f-c658-4db8-83d8-3a22722b587d"
    address: "localhost:13924"
  }
}
 from snapshot
2021-08-27 19:21:10,345 [grpc-default-executor-3] INFO  server.RaftServer$Division (ServerState.java:setRaftConf(387)) - d21fb43e-e5ae-4596-9449-4ac761036bdb@group-E71D50C67865: set configuration 5: [27aea111-c761-4159-8f56-4b18a0a94018|rpc:localhost:13934|admin:|client:|dataStream:|priority:0, 7154479f-c658-4db8-83d8-3a22722b587d|rpc:localhost:13924|admin:|client:|dataStream:|priority:0], old=null
2021-08-27 19:21:10,345 [grpc-default-executor-3] INFO  server.RaftServer$Division (RaftServerImpl.java:installSnapshot(1340)) - d21fb43e-e5ae-4596-9449-4ac761036bdb@group-E71D50C67865: reply installSnapshot: 7154479f-c658-4db8-83d8-3a22722b587d<-d21fb43e-e5ae-4596-9449-4ac761036bdb#0:FAIL-t2,IN_PROGRESS
2021-08-27 19:21:10,345 [grpc-default-executor-3] INFO  server.GrpcServerProtocolService (GrpcServerProtocolService.java:onCompleted(140)) - d21fb43e-e5ae-4596-9449-4ac761036bdb: Completed INSTALL_SNAPSHOT, lastRequest: 7154479f-c658-4db8-83d8-3a22722b587d->d21fb43e-e5ae-4596-9449-4ac761036bdb#0-t2,notify:(t:2, i:1)
2021-08-27 19:21:10,346 [grpc-default-executor-4] INFO  server.GrpcLogAppender (GrpcLogAppender.java:onNext(400)) - 7154479f-c658-4db8-83d8-3a22722b587d@group-E71D50C67865->d21fb43e-e5ae-4596-9449-4ac761036bdb-InstallSnapshotResponseHandler: received a reply 7154479f-c658-4db8-83d8-3a22722b587d<-d21fb43e-e5ae-4596-9449-4ac761036bdb#0:FAIL-t2,IN_PROGRESS
2021-08-27 19:21:10,346 [grpc-default-executor-4] INFO  server.GrpcLogAppender (GrpcLogAppender.java:onNext(417)) - 7154479f-c658-4db8-83d8-3a22722b587d@group-E71D50C67865->d21fb43e-e5ae-4596-9449-4ac761036bdb-InstallSnapshotResponseHandler: InstallSnapshot in progress.
2021-08-27 19:21:10,346 [grpc-default-executor-0] INFO  server.RaftServer$Division (RaftServerImpl.java:checkInconsistentAppendEntries(1293)) - d21fb43e-e5ae-4596-9449-4ac761036bdb@group-E71D50C67865: Failed appendEntries as snapshot ((t:2, i:1)) installation is in progress
2021-08-27 19:21:10,346 [grpc-default-executor-0] INFO  server.RaftServer$Division (RaftServerImpl.java:checkInconsistentAppendEntries(1285)) - d21fb43e-e5ae-4596-9449-4ac761036bdb@group-E71D50C67865: inconsistency entries. Reply:7154479f-c658-4db8-83d8-3a22722b587d<-d21fb43e-e5ae-4596-9449-4ac761036bdb#27:FAIL-t2,INCONSISTENCY,nextIndex=0,followerCommit=-1
2021-08-27 19:21:10,346 [grpc-default-executor-0] INFO  leader.FollowerInfo (FollowerInfoImpl.java:lambda$new$0(46)) - 7154479f-c658-4db8-83d8-3a22722b587d@group-E71D50C67865->d21fb43e-e5ae-4596-9449-4ac761036bdb: nextIndex: updateUnconditionally 0 -> 0
2021-08-27 19:21:10,361 [7154479f-c658-4db8-83d8-3a22722b587d@group-E71D50C67865->d21fb43e-e5ae-4596-9449-4ac761036bdb-GrpcLogAppender-LogAppenderDaemon] INFO  server.GrpcLogAppender (GrpcLogAppender.java:installSnapshot(524)) - 7154479f-c658-4db8-83d8-3a22722b587d@group-E71D50C67865->d21fb43e-e5ae-4596-9449-4ac761036bdb-GrpcLogAppender: followerNextIndex = 0 but logStartIndex = 1, notify follower to install snapshot-(t:2, i:1)
2021-08-27 19:21:10,361 [7154479f-c658-4db8-83d8-3a22722b587d@group-E71D50C67865->d21fb43e-e5ae-4596-9449-4ac761036bdb-GrpcLogAppender-LogAppenderDaemon] INFO  server.GrpcLogAppender (GrpcLogAppender.java:installSnapshot(532)) - 7154479f-c658-4db8-83d8-3a22722b587d@group-E71D50C67865->d21fb43e-e5ae-4596-9449-4ac761036bdb-GrpcLogAppender: send 7154479f-c658-4db8-83d8-3a22722b587d->d21fb43e-e5ae-4596-9449-4ac761036bdb#0-t2,notify:(t:2, i:1)
2021-08-27 19:21:10,362 [grpc-default-executor-0] INFO  server.RaftServer$Division (RaftServerImpl.java:checkInconsistentAppendEntries(1293)) - d21fb43e-e5ae-4596-9449-4ac761036bdb@group-E71D50C67865: Failed appendEntries as snapshot ((t:2, i:1)) installation is in progress
2021-08-27 19:21:10,362 [grpc-default-executor-0] INFO  server.RaftServer$Division (RaftServerImpl.java:checkInconsistentAppendEntries(1285)) - d21fb43e-e5ae-4596-9449-4ac761036bdb@group-E71D50C67865: inconsistency entries. Reply:7154479f-c658-4db8-83d8-3a22722b587d<-d21fb43e-e5ae-4596-9449-4ac761036bdb#28:FAIL-t2,INCONSISTENCY,nextIndex=0,followerCommit=-1
2021-08-27 19:21:10,363 [grpc-default-executor-4] INFO  leader.FollowerInfo (FollowerInfoImpl.java:lambda$new$0(46)) - 7154479f-c658-4db8-83d8-3a22722b587d@group-E71D50C67865->d21fb43e-e5ae-4596-9449-4ac761036bdb: nextIndex: updateUnconditionally 0 -> 0
2021-08-27 19:21:10,363 [grpc-default-executor-0] INFO  server.RaftServer$Division (RaftServerImpl.java:installSnapshot(1329)) - d21fb43e-e5ae-4596-9449-4ac761036bdb@group-E71D50C67865: receive installSnapshot: 7154479f-c658-4db8-83d8-3a22722b587d->d21fb43e-e5ae-4596-9449-4ac761036bdb#0-t2,notify:(t:2, i:1)
2021-08-27 19:21:10,363 [grpc-default-executor-0] INFO  server.RaftServer$Division (RaftServerImpl.java:notifyStateMachineToInstallSnapshot(1611)) - d21fb43e-e5ae-4596-9449-4ac761036bdb@group-E71D50C67865: Snapshot Installation by StateMachine is in progress.
2021-08-27 19:21:10,363 [grpc-default-executor-0] INFO  server.RaftServer$Division (RaftServerImpl.java:installSnapshotImpl(1459)) - d21fb43e-e5ae-4596-9449-4ac761036bdb@group-E71D50C67865: set new configuration index: 5
configurationEntry {
  peers {
    id: "27aea111-c761-4159-8f56-4b18a0a94018"
    address: "localhost:13934"
  }
  peers {
    id: "7154479f-c658-4db8-83d8-3a22722b587d"
    address: "localhost:13924"
  }
}
 from snapshot
2021-08-27 19:21:10,363 [grpc-default-executor-0] INFO  server.RaftServer$Division (ServerState.java:setRaftConf(387)) - d21fb43e-e5ae-4596-9449-4ac761036bdb@group-E71D50C67865: set configuration 5: [27aea111-c761-4159-8f56-4b18a0a94018|rpc:localhost:13934|admin:|client:|dataStream:|priority:0, 7154479f-c658-4db8-83d8-3a22722b587d|rpc:localhost:13924|admin:|client:|dataStream:|priority:0], old=null
2021-08-27 19:21:10,363 [grpc-default-executor-0] INFO  server.RaftServer$Division (RaftServerImpl.java:installSnapshot(1340)) - d21fb43e-e5ae-4596-9449-4ac761036bdb@group-E71D50C67865: reply installSnapshot: 7154479f-c658-4db8-83d8-3a22722b587d<-d21fb43e-e5ae-4596-9449-4ac761036bdb#0:FAIL-t2,IN_PROGRESS
2021-08-27 19:21:10,363 [grpc-default-executor-0] INFO  server.GrpcServerProtocolService (GrpcServerProtocolService.java:onCompleted(140)) - d21fb43e-e5ae-4596-9449-4ac761036bdb: Completed INSTALL_SNAPSHOT, lastRequest: 7154479f-c658-4db8-83d8-3a22722b587d->d21fb43e-e5ae-4596-9449-4ac761036bdb#0-t2,notify:(t:2, i:1)
2021-08-27 19:21:10,364 [grpc-default-executor-4] INFO  server.GrpcLogAppender (GrpcLogAppender.java:onNext(400)) - 7154479f-c658-4db8-83d8-3a22722b587d@group-E71D50C67865->d21fb43e-e5ae-4596-9449-4ac761036bdb-InstallSnapshotResponseHandler: received a reply 7154479f-c658-4db8-83d8-3a22722b587d<-d21fb43e-e5ae-4596-9449-4ac761036bdb#0:FAIL-t2,IN_PROGRESS
2021-08-27 19:21:10,364 [grpc-default-executor-4] INFO  server.GrpcLogAppender (GrpcLogAppender.java:onNext(417)) - 7154479f-c658-4db8-83d8-3a22722b587d@group-E71D50C67865->d21fb43e-e5ae-4596-9449-4ac761036bdb-InstallSnapshotResponseHandler: InstallSnapshot in progress.
2021-08-27 19:21:10,369 [7154479f-c658-4db8-83d8-3a22722b587d@group-E71D50C67865->d21fb43e-e5ae-4596-9449-4ac761036bdb-GrpcLogAppender-LogAppenderDaemon] INFO  server.GrpcLogAppender (GrpcLogAppender.java:installSnapshot(524)) - 7154479f-c658-4db8-83d8-3a22722b587d@group-E71D50C67865->d21fb43e-e5ae-4596-9449-4ac761036bdb-GrpcLogAppender: followerNextIndex = 0 but logStartIndex = 1, notify follower to install snapshot-(t:2, i:1)
2021-08-27 19:21:10,369 [7154479f-c658-4db8-83d8-3a22722b587d@group-E71D50C67865->d21fb43e-e5ae-4596-9449-4ac761036bdb-GrpcLogAppender-LogAppenderDaemon] INFO  server.GrpcLogAppender (GrpcLogAppender.java:installSnapshot(532)) - 7154479f-c658-4db8-83d8-3a22722b587d@group-E71D50C67865->d21fb43e-e5ae-4596-9449-4ac761036bdb-GrpcLogAppender: send 7154479f-c658-4db8-83d8-3a22722b587d->d21fb43e-e5ae-4596-9449-4ac761036bdb#0-t2,notify:(t:2, i:1)
2021-08-27 19:21:10,370 [grpc-default-executor-4] INFO  server.RaftServer$Division (RaftServerImpl.java:installSnapshot(1329)) - d21fb43e-e5ae-4596-9449-4ac761036bdb@group-E71D50C67865: receive installSnapshot: 7154479f-c658-4db8-83d8-3a22722b587d->d21fb43e-e5ae-4596-9449-4ac761036bdb#0-t2,notify:(t:2, i:1)
2021-08-27 19:21:10,370 [grpc-default-executor-4] INFO  server.RaftServer$Division (RaftServerImpl.java:notifyStateMachineToInstallSnapshot(1611)) - d21fb43e-e5ae-4596-9449-4ac761036bdb@group-E71D50C67865: Snapshot Installation by StateMachine is in progress.
2021-08-27 19:21:10,370 [grpc-default-executor-4] INFO  server.RaftServer$Division (RaftServerImpl.java:installSnapshotImpl(1459)) - d21fb43e-e5ae-4596-9449-4ac761036bdb@group-E71D50C67865: set new configuration index: 5
configurationEntry {
  peers {
    id: "27aea111-c761-4159-8f56-4b18a0a94018"
    address: "localhost:13934"
  }
  peers {
    id: "7154479f-c658-4db8-83d8-3a22722b587d"
    address: "localhost:13924"
  }
}
 from snapshot
2021-08-27 19:21:10,370 [grpc-default-executor-4] INFO  server.RaftServer$Division (ServerState.java:setRaftConf(387)) - d21fb43e-e5ae-4596-9449-4ac761036bdb@group-E71D50C67865: set configuration 5: [27aea111-c761-4159-8f56-4b18a0a94018|rpc:localhost:13934|admin:|client:|dataStream:|priority:0, 7154479f-c658-4db8-83d8-3a22722b587d|rpc:localhost:13924|admin:|client:|dataStream:|priority:0], old=null
2021-08-27 19:21:10,370 [grpc-default-executor-4] INFO  server.RaftServer$Division (RaftServerImpl.java:installSnapshot(1340)) - d21fb43e-e5ae-4596-9449-4ac761036bdb@group-E71D50C67865: reply installSnapshot: 7154479f-c658-4db8-83d8-3a22722b587d<-d21fb43e-e5ae-4596-9449-4ac761036bdb#0:FAIL-t2,IN_PROGRESS
2021-08-27 19:21:10,370 [grpc-default-executor-4] INFO  server.GrpcServerProtocolService (GrpcServerProtocolService.java:onCompleted(140)) - d21fb43e-e5ae-4596-9449-4ac761036bdb: Completed INSTALL_SNAPSHOT, lastRequest: 7154479f-c658-4db8-83d8-3a22722b587d->d21fb43e-e5ae-4596-9449-4ac761036bdb#0-t2,notify:(t:2, i:1)
2021-08-27 19:21:10,371 [grpc-default-executor-3] INFO  server.GrpcLogAppender (GrpcLogAppender.java:onNext(400)) - 7154479f-c658-4db8-83d8-3a22722b587d@group-E71D50C67865->d21fb43e-e5ae-4596-9449-4ac761036bdb-InstallSnapshotResponseHandler: received a reply 7154479f-c658-4db8-83d8-3a22722b587d<-d21fb43e-e5ae-4596-9449-4ac761036bdb#0:FAIL-t2,IN_PROGRESS
2021-08-27 19:21:10,371 [grpc-default-executor-3] INFO  server.GrpcLogAppender (GrpcLogAppender.java:onNext(417)) - 7154479f-c658-4db8-83d8-3a22722b587d@group-E71D50C67865->d21fb43e-e5ae-4596-9449-4ac761036bdb-InstallSnapshotResponseHandler: InstallSnapshot in progress.
2021-08-27 19:21:10,371 [grpc-default-executor-0] INFO  server.RaftServer$Division (RaftServerImpl.java:checkInconsistentAppendEntries(1293)) - d21fb43e-e5ae-4596-9449-4ac761036bdb@group-E71D50C67865: Failed appendEntries as snapshot ((t:2, i:1)) installation is in progress
2021-08-27 19:21:10,371 [grpc-default-executor-0] INFO  server.RaftServer$Division (RaftServerImpl.java:checkInconsistentAppendEntries(1285)) - d21fb43e-e5ae-4596-9449-4ac761036bdb@group-E71D50C67865: inconsistency entries. Reply:7154479f-c658-4db8-83d8-3a22722b587d<-d21fb43e-e5ae-4596-9449-4ac761036bdb#29:FAIL-t2,INCONSISTENCY,nextIndex=0,followerCommit=-1
2021-08-27 19:21:10,371 [grpc-default-executor-0] INFO  leader.FollowerInfo (FollowerInfoImpl.java:lambda$new$0(46)) - 7154479f-c658-4db8-83d8-3a22722b587d@group-E71D50C67865->d21fb43e-e5ae-4596-9449-4ac761036bdb: nextIndex: updateUnconditionally 0 -> 0
2021-08-27 19:21:10,373 [pool-228-thread-1] INFO  ha.SCMHAManagerImpl (SCMHAManagerImpl.java:verifyCheckpointFromLeader(172)) - Installing checkpoint with SCMTransactionInfo 2#24
2021-08-27 19:21:10,373 [pool-228-thread-1] INFO  server.RaftServer$Division (RaftServerImpl.java:lambda$notifyStateMachineToInstallSnapshot$30(1594)) - d21fb43e-e5ae-4596-9449-4ac761036bdb@group-E71D50C67865: StateMachine successfully installed snapshot index 24. Reloading the StateMachine.
2021-08-27 19:21:10,373 [pool-228-thread-1] INFO  segmented.SegmentedRaftLogWorker (SegmentedRaftLogWorker.java:lambda$new$0(133)) - d21fb43e-e5ae-4596-9449-4ac761036bdb@group-E71D50C67865-SegmentedRaftLogWorker: flushIndex: setUnconditionally -1 -> 24
2021-08-27 19:21:10,373 [pool-228-thread-1] INFO  segmented.SegmentedRaftLogWorker (SegmentedRaftLogWorker.java:lambda$new$0(133)) - d21fb43e-e5ae-4596-9449-4ac761036bdb@group-E71D50C67865-SegmentedRaftLogWorker: safeCacheEvictIndex: setUnconditionally -1 -> 24
2021-08-27 19:21:10,373 [pool-228-thread-1] INFO  raftlog.RaftLog (RaftLogBase.java:lambda$new$0(53)) - d21fb43e-e5ae-4596-9449-4ac761036bdb@group-E71D50C67865-SegmentedRaftLog: snapshotIndex: updateIncreasingly -1 -> 24
2021-08-27 19:21:10,375 [7154479f-c658-4db8-83d8-3a22722b587d@group-E71D50C67865->d21fb43e-e5ae-4596-9449-4ac761036bdb-GrpcLogAppender-LogAppenderDaemon] INFO  server.GrpcLogAppender (GrpcLogAppender.java:installSnapshot(524)) - 7154479f-c658-4db8-83d8-3a22722b587d@group-E71D50C67865->d21fb43e-e5ae-4596-9449-4ac761036bdb-GrpcLogAppender: followerNextIndex = 0 but logStartIndex = 1, notify follower to install snapshot-(t:2, i:1)
2021-08-27 19:21:10,375 [7154479f-c658-4db8-83d8-3a22722b587d@group-E71D50C67865->d21fb43e-e5ae-4596-9449-4ac761036bdb-GrpcLogAppender-LogAppenderDaemon] INFO  server.GrpcLogAppender (GrpcLogAppender.java:installSnapshot(532)) - 7154479f-c658-4db8-83d8-3a22722b587d@group-E71D50C67865->d21fb43e-e5ae-4596-9449-4ac761036bdb-GrpcLogAppender: send 7154479f-c658-4db8-83d8-3a22722b587d->d21fb43e-e5ae-4596-9449-4ac761036bdb#0-t2,notify:(t:2, i:1)
2021-08-27 19:21:10,376 [grpc-default-executor-3] INFO  server.RaftServer$Division (RaftServerImpl.java:installSnapshot(1329)) - d21fb43e-e5ae-4596-9449-4ac761036bdb@group-E71D50C67865: receive installSnapshot: 7154479f-c658-4db8-83d8-3a22722b587d->d21fb43e-e5ae-4596-9449-4ac761036bdb#0-t2,notify:(t:2, i:1)
2021-08-27 19:21:10,376 [grpc-default-executor-3] INFO  server.RaftServer$Division (RaftServerImpl.java:notifyStateMachineToInstallSnapshot(1560)) - d21fb43e-e5ae-4596-9449-4ac761036bdb@group-E71D50C67865: StateMachine snapshotIndex is 24
2021-08-27 19:21:10,376 [grpc-default-executor-3] INFO  server.RaftServer$Division (RaftServerImpl.java:installSnapshotImpl(1459)) - d21fb43e-e5ae-4596-9449-4ac761036bdb@group-E71D50C67865: set new configuration index: 5
configurationEntry {
  peers {
    id: "27aea111-c761-4159-8f56-4b18a0a94018"
    address: "localhost:13934"
  }
  peers {
    id: "7154479f-c658-4db8-83d8-3a22722b587d"
    address: "localhost:13924"
  }
}
 from snapshot
2021-08-27 19:21:10,376 [grpc-default-executor-3] INFO  server.RaftServer$Division (ServerState.java:setRaftConf(387)) - d21fb43e-e5ae-4596-9449-4ac761036bdb@group-E71D50C67865: set configuration 5: [27aea111-c761-4159-8f56-4b18a0a94018|rpc:localhost:13934|admin:|client:|dataStream:|priority:0, 7154479f-c658-4db8-83d8-3a22722b587d|rpc:localhost:13924|admin:|client:|dataStream:|priority:0], old=null
2021-08-27 19:21:10,376 [grpc-default-executor-3] INFO  server.RaftServer$Division (RaftServerImpl.java:installSnapshot(1340)) - d21fb43e-e5ae-4596-9449-4ac761036bdb@group-E71D50C67865: reply installSnapshot: 7154479f-c658-4db8-83d8-3a22722b587d<-d21fb43e-e5ae-4596-9449-4ac761036bdb#0:FAIL-t2,ALREADY_INSTALLED,snapshotIndex=24
2021-08-27 19:21:10,376 [grpc-default-executor-3] INFO  server.GrpcServerProtocolService (GrpcServerProtocolService.java:onCompleted(140)) - d21fb43e-e5ae-4596-9449-4ac761036bdb: Completed INSTALL_SNAPSHOT, lastRequest: 7154479f-c658-4db8-83d8-3a22722b587d->d21fb43e-e5ae-4596-9449-4ac761036bdb#0-t2,notify:(t:2, i:1)
2021-08-27 19:21:10,377 [grpc-default-executor-4] INFO  server.GrpcLogAppender (GrpcLogAppender.java:onNext(400)) - 7154479f-c658-4db8-83d8-3a22722b587d@group-E71D50C67865->d21fb43e-e5ae-4596-9449-4ac761036bdb-InstallSnapshotResponseHandler: received a reply 7154479f-c658-4db8-83d8-3a22722b587d<-d21fb43e-e5ae-4596-9449-4ac761036bdb#0:FAIL-t2,ALREADY_INSTALLED,snapshotIndex=24
2021-08-27 19:21:10,377 [grpc-default-executor-4] INFO  server.GrpcLogAppender (GrpcLogAppender.java:onNext(422)) - 7154479f-c658-4db8-83d8-3a22722b587d@group-E71D50C67865->d21fb43e-e5ae-4596-9449-4ac761036bdb-InstallSnapshotResponseHandler: Already Installed Snapshot Index 24.
2021-08-27 19:21:10,377 [grpc-default-executor-4] INFO  leader.FollowerInfo (FollowerInfoImpl.java:lambda$new$0(46)) - 7154479f-c658-4db8-83d8-3a22722b587d@group-E71D50C67865->d21fb43e-e5ae-4596-9449-4ac761036bdb: snapshotIndex: setUnconditionally 0 -> 24
2021-08-27 19:21:10,377 [grpc-default-executor-4] INFO  leader.FollowerInfo (FollowerInfoImpl.java:lambda$new$0(46)) - 7154479f-c658-4db8-83d8-3a22722b587d@group-E71D50C67865->d21fb43e-e5ae-4596-9449-4ac761036bdb: matchIndex: setUnconditionally 0 -> 24
2021-08-27 19:21:10,377 [grpc-default-executor-4] INFO  leader.FollowerInfo (FollowerInfoImpl.java:lambda$new$0(46)) - 7154479f-c658-4db8-83d8-3a22722b587d@group-E71D50C67865->d21fb43e-e5ae-4596-9449-4ac761036bdb: nextIndex: setUnconditionally 0 -> 25
2021-08-27 19:21:10,377 [grpc-default-executor-4] INFO  leader.FollowerInfo (FollowerInfoImpl.java:lambda$new$0(46)) - 7154479f-c658-4db8-83d8-3a22722b587d@group-E71D50C67865->d21fb43e-e5ae-4596-9449-4ac761036bdb: nextIndex: updateToMax old=25, new=25, updated? false
2021-08-27 19:21:10,452 [d21fb43e-e5ae-4596-9449-4ac761036bdb@group-E71D50C67865-StateMachineUpdater] INFO  ha.SCMHAManagerImpl (SCMHAManagerImpl.java:installCheckpoint(227)) - Installing checkpoint with SCMTransactionInfo 2#24
2021-08-27 19:21:10,455 [d21fb43e-e5ae-4596-9449-4ac761036bdb@group-E71D50C67865-StateMachineUpdater] INFO  ha.SCMHAManagerImpl (SCMHAManagerImpl.java:installCheckpoint(266)) - Replaced DB with checkpoint, term: 2, index: 24
2021-08-27 19:21:10,456 [d21fb43e-e5ae-4596-9449-4ac761036bdb@group-E71D50C67865-StateMachineUpdater] WARN  utils.HAUtils (HAUtils.java:getMetaDir(342)) - ozone.scm.db.dirs is not configured. We recommend adding this setting. Falling back to ozone.metadata.dirs instead.
2021-08-27 19:21:10,459 [d21fb43e-e5ae-4596-9449-4ac761036bdb@group-E71D50C67865-StateMachineUpdater] WARN  db.DBStoreBuilder (DBStoreBuilder.java:applyDBDefinition(145)) - ozone.scm.db.dirs is not configured. We recommend adding this setting. Falling back to ozone.metadata.dirs instead.
2021-08-27 19:21:10,506 [EndpointStateMachine task thread for /127.0.0.1:14971 - 0 ] INFO  ipc.Client (Client.java:handleConnectionFailure(977)) - Retrying connect to server: localhost/127.0.0.1:14971. Already tried 3 time(s); retry policy is RetryUpToMaximumCountWithFixedSleep(maxRetries=15, sleepTime=1000 MILLISECONDS)
2021-08-27 19:21:10,507 [EndpointStateMachine task thread for /127.0.0.1:14981 - 0 ] INFO  ipc.Client (Client.java:handleConnectionFailure(977)) - Retrying connect to server: localhost/127.0.0.1:14981. Already tried 3 time(s); retry policy is RetryUpToMaximumCountWithFixedSleep(maxRetries=15, sleepTime=1000 MILLISECONDS)
2021-08-27 19:21:10,535 [d21fb43e-e5ae-4596-9449-4ac761036bdb@group-E71D50C67865-StateMachineUpdater] INFO  ha.SequenceIdGenerator (SequenceIdGenerator.java:reinitialize(165)) - reinitialize SequenceIdGenerator.
2021-08-27 19:21:10,536 [d21fb43e-e5ae-4596-9449-4ac761036bdb@group-E71D50C67865-StateMachineUpdater] INFO  ha.SCMHAManagerImpl (SCMHAManagerImpl.java:installCheckpoint(277)) - Reloaded SCM state with Term: 2 and Index: 24
2021-08-27 19:21:10,543 [d21fb43e-e5ae-4596-9449-4ac761036bdb@group-E71D50C67865-StateMachineUpdater] INFO  impl.StateMachineUpdater (StateMachineUpdater.java:lambda$new$0(89)) - d21fb43e-e5ae-4596-9449-4ac761036bdb@group-E71D50C67865-StateMachineUpdater: snapshotIndex: setUnconditionally -1 -> 24
2021-08-27 19:21:10,543 [d21fb43e-e5ae-4596-9449-4ac761036bdb@group-E71D50C67865-StateMachineUpdater] INFO  impl.StateMachineUpdater (StateMachineUpdater.java:lambda$new$0(89)) - d21fb43e-e5ae-4596-9449-4ac761036bdb@group-E71D50C67865-StateMachineUpdater: appliedIndex: setUnconditionally -1 -> 24
2021-08-27 19:21:11,217 [EndpointStateMachine task thread for /127.0.0.1:14961 - 0 ] INFO  ipc.Client (Client.java:handleConnectionFailure(977)) - Retrying connect to server: localhost/127.0.0.1:14961. Already tried 6 time(s); retry policy is RetryUpToMaximumCountWithFixedSleep(maxRetries=15, sleepTime=1000 MILLISECONDS)
2021-08-27 19:21:11,508 [EndpointStateMachine task thread for /127.0.0.1:14981 - 0 ] INFO  ipc.Client (Client.java:handleConnectionFailure(977)) - Retrying connect to server: localhost/127.0.0.1:14981. Already tried 4 time(s); retry policy is RetryUpToMaximumCountWithFixedSleep(maxRetries=15, sleepTime=1000 MILLISECONDS)
2021-08-27 19:21:11,510 [EndpointStateMachine task thread for /127.0.0.1:14971 - 0 ] INFO  ipc.Client (Client.java:handleConnectionFailure(977)) - Retrying connect to server: localhost/127.0.0.1:14971. Already tried 4 time(s); retry policy is RetryUpToMaximumCountWithFixedSleep(maxRetries=15, sleepTime=1000 MILLISECONDS)
2021-08-27 19:21:12,217 [EndpointStateMachine task thread for /127.0.0.1:14961 - 0 ] INFO  ipc.Client (Client.java:handleConnectionFailure(977)) - Retrying connect to server: localhost/127.0.0.1:14961. Already tried 7 time(s); retry policy is RetryUpToMaximumCountWithFixedSleep(maxRetries=15, sleepTime=1000 MILLISECONDS)
2021-08-27 19:21:12,508 [EndpointStateMachine task thread for /127.0.0.1:14981 - 0 ] INFO  ipc.Client (Client.java:handleConnectionFailure(977)) - Retrying connect to server: localhost/127.0.0.1:14981. Already tried 5 time(s); retry policy is RetryUpToMaximumCountWithFixedSleep(maxRetries=15, sleepTime=1000 MILLISECONDS)
2021-08-27 19:21:12,510 [EndpointStateMachine task thread for /127.0.0.1:14971 - 0 ] INFO  ipc.Client (Client.java:handleConnectionFailure(977)) - Retrying connect to server: localhost/127.0.0.1:14971. Already tried 5 time(s); retry policy is RetryUpToMaximumCountWithFixedSleep(maxRetries=15, sleepTime=1000 MILLISECONDS)
2021-08-27 19:21:12,764 [Datanode State Machine Thread - 0] ERROR datanode.RunningDatanodeState (RunningDatanodeState.java:computeNextContainerState(199)) - Error in executing end point task.
java.util.concurrent.ExecutionException: java.util.concurrent.TimeoutException
	at java.util.concurrent.FutureTask.report(FutureTask.java:122)
	at java.util.concurrent.FutureTask.get(FutureTask.java:192)
	at org.apache.hadoop.ozone.container.common.states.datanode.RunningDatanodeState.computeNextContainerState(RunningDatanodeState.java:191)
	at org.apache.hadoop.ozone.container.common.states.datanode.RunningDatanodeState.await(RunningDatanodeState.java:231)
	at org.apache.hadoop.ozone.container.common.states.datanode.RunningDatanodeState.await(RunningDatanodeState.java:50)
	at org.apache.hadoop.ozone.container.common.statemachine.StateContext.execute(StateContext.java:629)
	at org.apache.hadoop.ozone.container.common.statemachine.DatanodeStateMachine.start(DatanodeStateMachine.java:270)
	at org.apache.hadoop.ozone.container.common.statemachine.DatanodeStateMachine.lambda$startDaemon$0(DatanodeStateMachine.java:456)
	at java.lang.Thread.run(Thread.java:748)
Caused by: java.util.concurrent.TimeoutException
	at java.util.concurrent.FutureTask.get(FutureTask.java:205)
	at org.apache.hadoop.ozone.container.common.states.datanode.RunningDatanodeState.lambda$execute$0(RunningDatanodeState.java:149)
	at java.util.concurrent.FutureTask.run(FutureTask.java:266)
	at java.util.concurrent.Executors$RunnableAdapter.call(Executors.java:511)
	at java.util.concurrent.FutureTask.run(FutureTask.java:266)
	at java.util.concurrent.ThreadPoolExecutor.runWorker(ThreadPoolExecutor.java:1149)
	at java.util.concurrent.ThreadPoolExecutor$Worker.run(ThreadPoolExecutor.java:624)
	... 1 more
2021-08-27 19:21:13,206 [Datanode State Machine Thread - 0] ERROR datanode.RunningDatanodeState (RunningDatanodeState.java:computeNextContainerState(199)) - Error in executing end point task.
java.util.concurrent.ExecutionException: java.util.concurrent.TimeoutException
	at java.util.concurrent.FutureTask.report(FutureTask.java:122)
	at java.util.concurrent.FutureTask.get(FutureTask.java:192)
	at org.apache.hadoop.ozone.container.common.states.datanode.RunningDatanodeState.computeNextContainerState(RunningDatanodeState.java:191)
	at org.apache.hadoop.ozone.container.common.states.datanode.RunningDatanodeState.await(RunningDatanodeState.java:231)
	at org.apache.hadoop.ozone.container.common.states.datanode.RunningDatanodeState.await(RunningDatanodeState.java:50)
	at org.apache.hadoop.ozone.container.common.statemachine.StateContext.execute(StateContext.java:629)
	at org.apache.hadoop.ozone.container.common.statemachine.DatanodeStateMachine.start(DatanodeStateMachine.java:270)
	at org.apache.hadoop.ozone.container.common.statemachine.DatanodeStateMachine.lambda$startDaemon$0(DatanodeStateMachine.java:456)
	at java.lang.Thread.run(Thread.java:748)
Caused by: java.util.concurrent.TimeoutException
	at java.util.concurrent.FutureTask.get(FutureTask.java:205)
	at org.apache.hadoop.ozone.container.common.states.datanode.RunningDatanodeState.lambda$execute$0(RunningDatanodeState.java:149)
	at java.util.concurrent.FutureTask.run(FutureTask.java:266)
	at java.util.concurrent.Executors$RunnableAdapter.call(Executors.java:511)
	at java.util.concurrent.FutureTask.run(FutureTask.java:266)
	at java.util.concurrent.ThreadPoolExecutor.runWorker(ThreadPoolExecutor.java:1149)
	at java.util.concurrent.ThreadPoolExecutor$Worker.run(ThreadPoolExecutor.java:624)
	... 1 more
2021-08-27 19:21:13,218 [EndpointStateMachine task thread for /127.0.0.1:14961 - 0 ] INFO  ipc.Client (Client.java:handleConnectionFailure(977)) - Retrying connect to server: localhost/127.0.0.1:14961. Already tried 8 time(s); retry policy is RetryUpToMaximumCountWithFixedSleep(maxRetries=15, sleepTime=1000 MILLISECONDS)
2021-08-27 19:21:13,463 [Datanode State Machine Thread - 0] ERROR datanode.RunningDatanodeState (RunningDatanodeState.java:computeNextContainerState(199)) - Error in executing end point task.
java.util.concurrent.ExecutionException: java.util.concurrent.TimeoutException
	at java.util.concurrent.FutureTask.report(FutureTask.java:122)
	at java.util.concurrent.FutureTask.get(FutureTask.java:192)
	at org.apache.hadoop.ozone.container.common.states.datanode.RunningDatanodeState.computeNextContainerState(RunningDatanodeState.java:191)
	at org.apache.hadoop.ozone.container.common.states.datanode.RunningDatanodeState.await(RunningDatanodeState.java:231)
	at org.apache.hadoop.ozone.container.common.states.datanode.RunningDatanodeState.await(RunningDatanodeState.java:50)
	at org.apache.hadoop.ozone.container.common.statemachine.StateContext.execute(StateContext.java:629)
	at org.apache.hadoop.ozone.container.common.statemachine.DatanodeStateMachine.start(DatanodeStateMachine.java:270)
	at org.apache.hadoop.ozone.container.common.statemachine.DatanodeStateMachine.lambda$startDaemon$0(DatanodeStateMachine.java:456)
	at java.lang.Thread.run(Thread.java:748)
Caused by: java.util.concurrent.TimeoutException
	at java.util.concurrent.FutureTask.get(FutureTask.java:205)
	at org.apache.hadoop.ozone.container.common.states.datanode.RunningDatanodeState.lambda$execute$0(RunningDatanodeState.java:149)
	at java.util.concurrent.FutureTask.run(FutureTask.java:266)
	at java.util.concurrent.Executors$RunnableAdapter.call(Executors.java:511)
	at java.util.concurrent.FutureTask.run(FutureTask.java:266)
	at java.util.concurrent.ThreadPoolExecutor.runWorker(ThreadPoolExecutor.java:1149)
	at java.util.concurrent.ThreadPoolExecutor$Worker.run(ThreadPoolExecutor.java:624)
	... 1 more
2021-08-27 19:21:13,508 [EndpointStateMachine task thread for /127.0.0.1:14981 - 0 ] INFO  ipc.Client (Client.java:handleConnectionFailure(977)) - Retrying connect to server: localhost/127.0.0.1:14981. Already tried 6 time(s); retry policy is RetryUpToMaximumCountWithFixedSleep(maxRetries=15, sleepTime=1000 MILLISECONDS)
2021-08-27 19:21:13,510 [EndpointStateMachine task thread for /127.0.0.1:14971 - 0 ] INFO  ipc.Client (Client.java:handleConnectionFailure(977)) - Retrying connect to server: localhost/127.0.0.1:14971. Already tried 6 time(s); retry policy is RetryUpToMaximumCountWithFixedSleep(maxRetries=15, sleepTime=1000 MILLISECONDS)
2021-08-27 19:21:13,766 [Datanode State Machine Thread - 0] ERROR datanode.RunningDatanodeState (RunningDatanodeState.java:computeNextContainerState(199)) - Error in executing end point task.
java.util.concurrent.ExecutionException: java.util.concurrent.TimeoutException
	at java.util.concurrent.FutureTask.report(FutureTask.java:122)
	at java.util.concurrent.FutureTask.get(FutureTask.java:192)
	at org.apache.hadoop.ozone.container.common.states.datanode.RunningDatanodeState.computeNextContainerState(RunningDatanodeState.java:191)
	at org.apache.hadoop.ozone.container.common.states.datanode.RunningDatanodeState.await(RunningDatanodeState.java:231)
	at org.apache.hadoop.ozone.container.common.states.datanode.RunningDatanodeState.await(RunningDatanodeState.java:50)
	at org.apache.hadoop.ozone.container.common.statemachine.StateContext.execute(StateContext.java:629)
	at org.apache.hadoop.ozone.container.common.statemachine.DatanodeStateMachine.start(DatanodeStateMachine.java:270)
	at org.apache.hadoop.ozone.container.common.statemachine.DatanodeStateMachine.lambda$startDaemon$0(DatanodeStateMachine.java:456)
	at java.lang.Thread.run(Thread.java:748)
Caused by: java.util.concurrent.TimeoutException
	at java.util.concurrent.FutureTask.get(FutureTask.java:205)
	at org.apache.hadoop.ozone.container.common.states.datanode.RunningDatanodeState.lambda$execute$0(RunningDatanodeState.java:149)
	at java.util.concurrent.FutureTask.run(FutureTask.java:266)
	at java.util.concurrent.Executors$RunnableAdapter.call(Executors.java:511)
	at java.util.concurrent.FutureTask.run(FutureTask.java:266)
	at java.util.concurrent.ThreadPoolExecutor.runWorker(ThreadPoolExecutor.java:1149)
	at java.util.concurrent.ThreadPoolExecutor$Worker.run(ThreadPoolExecutor.java:624)
	... 1 more
2021-08-27 19:21:14,218 [EndpointStateMachine task thread for /127.0.0.1:14961 - 0 ] INFO  ipc.Client (Client.java:handleConnectionFailure(977)) - Retrying connect to server: localhost/127.0.0.1:14961. Already tried 9 time(s); retry policy is RetryUpToMaximumCountWithFixedSleep(maxRetries=15, sleepTime=1000 MILLISECONDS)
2021-08-27 19:21:14,509 [EndpointStateMachine task thread for /127.0.0.1:14981 - 0 ] INFO  ipc.Client (Client.java:handleConnectionFailure(977)) - Retrying connect to server: localhost/127.0.0.1:14981. Already tried 7 time(s); retry policy is RetryUpToMaximumCountWithFixedSleep(maxRetries=15, sleepTime=1000 MILLISECONDS)
2021-08-27 19:21:14,511 [EndpointStateMachine task thread for /127.0.0.1:14971 - 0 ] INFO  ipc.Client (Client.java:handleConnectionFailure(977)) - Retrying connect to server: localhost/127.0.0.1:14971. Already tried 7 time(s); retry policy is RetryUpToMaximumCountWithFixedSleep(maxRetries=15, sleepTime=1000 MILLISECONDS)
2021-08-27 19:21:14,720 [7154479f-c658-4db8-83d8-3a22722b587d@group-E71D50C67865-LeaderStateImpl] INFO  server.RaftServer$Division (ServerState.java:setRaftConf(387)) - 7154479f-c658-4db8-83d8-3a22722b587d@group-E71D50C67865: set configuration 25: [27aea111-c761-4159-8f56-4b18a0a94018|rpc:localhost:13934|priority:0, d21fb43e-e5ae-4596-9449-4ac761036bdb|rpc:localhost:13944|priority:0, 7154479f-c658-4db8-83d8-3a22722b587d|rpc:localhost:13924|admin:|client:|dataStream:|priority:0], old=[27aea111-c761-4159-8f56-4b18a0a94018|rpc:localhost:13934|priority:0, 7154479f-c658-4db8-83d8-3a22722b587d|rpc:localhost:13924|admin:|client:|dataStream:|priority:0]
2021-08-27 19:21:14,722 [grpc-default-executor-4] INFO  server.RaftServer$Division (ServerState.java:setRaftConf(387)) - 27aea111-c761-4159-8f56-4b18a0a94018@group-E71D50C67865: set configuration 25: [27aea111-c761-4159-8f56-4b18a0a94018|rpc:localhost:13934|admin:|client:|dataStream:|priority:0, d21fb43e-e5ae-4596-9449-4ac761036bdb|rpc:localhost:13944|admin:|client:|dataStream:|priority:0, 7154479f-c658-4db8-83d8-3a22722b587d|rpc:localhost:13924|admin:|client:|dataStream:|priority:0], old=[27aea111-c761-4159-8f56-4b18a0a94018|rpc:localhost:13934|admin:|client:|dataStream:|priority:0, 7154479f-c658-4db8-83d8-3a22722b587d|rpc:localhost:13924|admin:|client:|dataStream:|priority:0]
2021-08-27 19:21:14,722 [grpc-default-executor-0] INFO  server.RaftServer$Division (ServerState.java:setRaftConf(387)) - d21fb43e-e5ae-4596-9449-4ac761036bdb@group-E71D50C67865: set configuration 25: [27aea111-c761-4159-8f56-4b18a0a94018|rpc:localhost:13934|admin:|client:|dataStream:|priority:0, d21fb43e-e5ae-4596-9449-4ac761036bdb|rpc:localhost:13944|admin:|client:|dataStream:|priority:0, 7154479f-c658-4db8-83d8-3a22722b587d|rpc:localhost:13924|admin:|client:|dataStream:|priority:0], old=[27aea111-c761-4159-8f56-4b18a0a94018|rpc:localhost:13934|admin:|client:|dataStream:|priority:0, 7154479f-c658-4db8-83d8-3a22722b587d|rpc:localhost:13924|admin:|client:|dataStream:|priority:0]
2021-08-27 19:21:14,722 [grpc-default-executor-0] INFO  segmented.SegmentedRaftLogWorker (SegmentedRaftLogWorker.java:startLogSegment(394)) - d21fb43e-e5ae-4596-9449-4ac761036bdb@group-E71D50C67865-SegmentedRaftLogWorker: Starting segment from index:25
2021-08-27 19:21:14,724 [d21fb43e-e5ae-4596-9449-4ac761036bdb@group-E71D50C67865-SegmentedRaftLogWorker] INFO  segmented.SegmentedRaftLogWorker (SegmentedRaftLogWorker.java:execute(601)) - d21fb43e-e5ae-4596-9449-4ac761036bdb@group-E71D50C67865-SegmentedRaftLogWorker: created new log segment /home/runner/work/ozone/ozone/hadoop-ozone/integration-test/target/test-dir/MiniOzoneClusterImpl-cc6da7a1-649b-4db9-82e6-e71d50c67865/scmNode-3/scm-ha/cc6da7a1-649b-4db9-82e6-e71d50c67865/current/log_inprogress_25
2021-08-27 19:21:14,733 [7154479f-c658-4db8-83d8-3a22722b587d@group-E71D50C67865-StateMachineUpdater] INFO  ha.SCMStateMachine (SCMStateMachine.java:takeSnapshot(290)) - Current Snapshot Index 25, takeSnapshot took 1 ms
2021-08-27 19:21:14,733 [7154479f-c658-4db8-83d8-3a22722b587d@group-E71D50C67865-StateMachineUpdater] INFO  impl.StateMachineUpdater (StateMachineUpdater.java:takeSnapshot(281)) - 7154479f-c658-4db8-83d8-3a22722b587d@group-E71D50C67865-StateMachineUpdater: Took a snapshot at index 25
2021-08-27 19:21:14,733 [7154479f-c658-4db8-83d8-3a22722b587d@group-E71D50C67865-StateMachineUpdater] INFO  impl.StateMachineUpdater (StateMachineUpdater.java:lambda$new$0(89)) - 7154479f-c658-4db8-83d8-3a22722b587d@group-E71D50C67865-StateMachineUpdater: snapshotIndex: updateIncreasingly 20 -> 25
2021-08-27 19:21:14,733 [7154479f-c658-4db8-83d8-3a22722b587d@group-E71D50C67865-StateMachineUpdater] INFO  raftlog.RaftLog (RaftLogBase.java:purge(306)) - 7154479f-c658-4db8-83d8-3a22722b587d@group-E71D50C67865-SegmentedRaftLog: purge 25
2021-08-27 19:21:14,733 [7154479f-c658-4db8-83d8-3a22722b587d@group-E71D50C67865-StateMachineUpdater] INFO  raftlog.RaftLog (RaftLogBase.java:lambda$new$0(53)) - 7154479f-c658-4db8-83d8-3a22722b587d@group-E71D50C67865-SegmentedRaftLog: snapshotIndex: updateIncreasingly 20 -> 25
2021-08-27 19:21:14,733 [7154479f-c658-4db8-83d8-3a22722b587d@group-E71D50C67865-StateMachineUpdater] INFO  raftlog.RaftLog (RaftLogBase.java:lambda$new$0(53)) - 7154479f-c658-4db8-83d8-3a22722b587d@group-E71D50C67865-SegmentedRaftLog: purgeIndex: updateToMax old=20, new=25, updated? true
2021-08-27 19:21:14,737 [7154479f-c658-4db8-83d8-3a22722b587d@group-E71D50C67865-LeaderStateImpl] INFO  server.RaftServer$Division (ServerState.java:setRaftConf(387)) - 7154479f-c658-4db8-83d8-3a22722b587d@group-E71D50C67865: set configuration 27: [27aea111-c761-4159-8f56-4b18a0a94018|rpc:localhost:13934|priority:0, d21fb43e-e5ae-4596-9449-4ac761036bdb|rpc:localhost:13944|priority:0, 7154479f-c658-4db8-83d8-3a22722b587d|rpc:localhost:13924|admin:|client:|dataStream:|priority:0], old=null
2021-08-27 19:21:14,737 [grpc-default-executor-0] INFO  server.RaftServer$Division (ServerState.java:setRaftConf(387)) - 27aea111-c761-4159-8f56-4b18a0a94018@group-E71D50C67865: set configuration 27: [27aea111-c761-4159-8f56-4b18a0a94018|rpc:localhost:13934|admin:|client:|dataStream:|priority:0, d21fb43e-e5ae-4596-9449-4ac761036bdb|rpc:localhost:13944|admin:|client:|dataStream:|priority:0, 7154479f-c658-4db8-83d8-3a22722b587d|rpc:localhost:13924|admin:|client:|dataStream:|priority:0], old=null
2021-08-27 19:21:14,738 [grpc-default-executor-4] INFO  server.RaftServer$Division (ServerState.java:setRaftConf(387)) - d21fb43e-e5ae-4596-9449-4ac761036bdb@group-E71D50C67865: set configuration 27: [27aea111-c761-4159-8f56-4b18a0a94018|rpc:localhost:13934|admin:|client:|dataStream:|priority:0, d21fb43e-e5ae-4596-9449-4ac761036bdb|rpc:localhost:13944|admin:|client:|dataStream:|priority:0, 7154479f-c658-4db8-83d8-3a22722b587d|rpc:localhost:13924|admin:|client:|dataStream:|priority:0], old=null
2021-08-27 19:21:14,750 [27aea111-c761-4159-8f56-4b18a0a94018@group-E71D50C67865-StateMachineUpdater] INFO  ha.SCMStateMachine (SCMStateMachine.java:takeSnapshot(290)) - Current Snapshot Index 25, takeSnapshot took 0 ms
2021-08-27 19:21:14,750 [27aea111-c761-4159-8f56-4b18a0a94018@group-E71D50C67865-StateMachineUpdater] INFO  impl.StateMachineUpdater (StateMachineUpdater.java:takeSnapshot(281)) - 27aea111-c761-4159-8f56-4b18a0a94018@group-E71D50C67865-StateMachineUpdater: Took a snapshot at index 25
2021-08-27 19:21:14,750 [27aea111-c761-4159-8f56-4b18a0a94018@group-E71D50C67865-StateMachineUpdater] INFO  impl.StateMachineUpdater (StateMachineUpdater.java:lambda$new$0(89)) - 27aea111-c761-4159-8f56-4b18a0a94018@group-E71D50C67865-StateMachineUpdater: snapshotIndex: updateIncreasingly 20 -> 25
2021-08-27 19:21:14,750 [27aea111-c761-4159-8f56-4b18a0a94018@group-E71D50C67865-StateMachineUpdater] INFO  raftlog.RaftLog (RaftLogBase.java:purge(306)) - 27aea111-c761-4159-8f56-4b18a0a94018@group-E71D50C67865-SegmentedRaftLog: purge 25
2021-08-27 19:21:14,750 [27aea111-c761-4159-8f56-4b18a0a94018@group-E71D50C67865-StateMachineUpdater] INFO  raftlog.RaftLog (RaftLogBase.java:lambda$new$0(53)) - 27aea111-c761-4159-8f56-4b18a0a94018@group-E71D50C67865-SegmentedRaftLog: snapshotIndex: updateIncreasingly 20 -> 25
2021-08-27 19:21:14,750 [27aea111-c761-4159-8f56-4b18a0a94018@group-E71D50C67865-StateMachineUpdater] INFO  raftlog.RaftLog (RaftLogBase.java:lambda$new$0(53)) - 27aea111-c761-4159-8f56-4b18a0a94018@group-E71D50C67865-SegmentedRaftLog: purgeIndex: updateToMax old=20, new=25, updated? true
2021-08-27 19:21:14,761 [IPC Server handler 5 on default port 13926] INFO  ha.SCMRatisServerImpl (SCMRatisServerImpl.java:addSCM(301)) - Successfully added new SCM: d21fb43e-e5ae-4596-9449-4ac761036bdb.
2021-08-27 19:21:14,762 [Listener at 127.0.0.1/13592] INFO  ha.SCMHAManagerImpl (SCMHAManagerImpl.java:start(116)) - Successfully added SCM scmNode-3 to group group-E71D50C67865:[27aea111-c761-4159-8f56-4b18a0a94018|rpc:localhost:13934|admin:|client:|dataStream:|priority:0, d21fb43e-e5ae-4596-9449-4ac761036bdb|rpc:localhost:13944|admin:|client:|dataStream:|priority:0, 7154479f-c658-4db8-83d8-3a22722b587d|rpc:localhost:13924|admin:|client:|dataStream:|priority:0]
2021-08-27 19:21:14,762 [Listener at 127.0.0.1/13592] INFO  ha.InterSCMGrpcService (InterSCMGrpcProtocolService.java:start(94)) - Starting SCM Grpc Service at port 13948
2021-08-27 19:21:14,762 [Listener at 127.0.0.1/13592] INFO  impl.MetricsSystemImpl (MetricsSystemImpl.java:init(158)) - StorageContainerManager metrics system started (again)
2021-08-27 19:21:14,769 [Datanode State Machine Thread - 0] ERROR datanode.RunningDatanodeState (RunningDatanodeState.java:computeNextContainerState(199)) - Error in executing end point task.
java.util.concurrent.ExecutionException: java.util.concurrent.TimeoutException
	at java.util.concurrent.FutureTask.report(FutureTask.java:122)
	at java.util.concurrent.FutureTask.get(FutureTask.java:192)
	at org.apache.hadoop.ozone.container.common.states.datanode.RunningDatanodeState.computeNextContainerState(RunningDatanodeState.java:191)
	at org.apache.hadoop.ozone.container.common.states.datanode.RunningDatanodeState.await(RunningDatanodeState.java:231)
	at org.apache.hadoop.ozone.container.common.states.datanode.RunningDatanodeState.await(RunningDatanodeState.java:50)
	at org.apache.hadoop.ozone.container.common.statemachine.StateContext.execute(StateContext.java:629)
	at org.apache.hadoop.ozone.container.common.statemachine.DatanodeStateMachine.start(DatanodeStateMachine.java:270)
	at org.apache.hadoop.ozone.container.common.statemachine.DatanodeStateMachine.lambda$startDaemon$0(DatanodeStateMachine.java:456)
	at java.lang.Thread.run(Thread.java:748)
Caused by: java.util.concurrent.TimeoutException
	at java.util.concurrent.FutureTask.get(FutureTask.java:205)
	at org.apache.hadoop.ozone.container.common.states.datanode.RunningDatanodeState.lambda$execute$0(RunningDatanodeState.java:149)
	at java.util.concurrent.FutureTask.run(FutureTask.java:266)
	at java.util.concurrent.Executors$RunnableAdapter.call(Executors.java:511)
	at java.util.concurrent.FutureTask.run(FutureTask.java:266)
	at java.util.concurrent.ThreadPoolExecutor.runWorker(ThreadPoolExecutor.java:1149)
	at java.util.concurrent.ThreadPoolExecutor$Worker.run(ThreadPoolExecutor.java:624)
	... 1 more
2021-08-27 19:21:14,789 [d21fb43e-e5ae-4596-9449-4ac761036bdb@group-E71D50C67865-StateMachineUpdater] INFO  safemode.HealthyPipelineSafeModeRule (HealthyPipelineSafeModeRule.java:initializeRule(152)) - Refreshed total pipeline count is 1, healthy pipeline threshold count is 1
2021-08-27 19:21:14,791 [d21fb43e-e5ae-4596-9449-4ac761036bdb@group-E71D50C67865-StateMachineUpdater] INFO  safemode.ContainerSafeModeRule (ContainerSafeModeRule.java:reInitializeRule(177)) - Refreshed one replica container threshold 0, currentThreshold 0
2021-08-27 19:21:14,791 [d21fb43e-e5ae-4596-9449-4ac761036bdb@group-E71D50C67865-StateMachineUpdater] INFO  safemode.OneReplicaPipelineSafeModeRule (OneReplicaPipelineSafeModeRule.java:initializeRule(176)) - Refreshed Total pipeline count is 1, pipeline's with at least one datanode reported threshold count is 1
2021-08-27 19:21:14,791 [d21fb43e-e5ae-4596-9449-4ac761036bdb@group-E71D50C67865-StateMachineUpdater] INFO  server.SCMDatanodeProtocolServer (SCMDatanodeProtocolServer.java:start(181)) - RPC server for DataNodes is listening at /0.0.0.0:13945
2021-08-27 19:21:14,777 [Listener at 127.0.0.1/13592] WARN  impl.MetricRegistriesImpl (MetricRegistriesImpl.java:addReporterRegistration(111)) - New reporters are added after registries were created. Some metrics will be missing from the reporter. Please add reporter before adding any new registry.
2021-08-27 19:21:14,795 [Listener at 127.0.0.1/13592] WARN  impl.MetricRegistriesImpl (MetricRegistriesImpl.java:addReporterRegistration(111)) - New reporters are added after registries were created. Some metrics will be missing from the reporter. Please add reporter before adding any new registry.
2021-08-27 19:21:14,823 [Listener at 127.0.0.1/13592] INFO  server.SCMClientProtocolServer (SCMClientProtocolServer.java:start(164)) - RPC server for Client  is listening at /0.0.0.0:13947
2021-08-27 19:21:14,824 [IPC Server listener on 13945] INFO  ipc.Server (Server.java:run(1344)) - IPC Server listener on 13945: starting
2021-08-27 19:21:14,846 [IPC Server Responder] INFO  ipc.Server (Server.java:run(1507)) - IPC Server Responder: starting
2021-08-27 19:21:14,852 [IPC Server listener on 13947] INFO  ipc.Server (Server.java:run(1344)) - IPC Server listener on 13947: starting
2021-08-27 19:21:14,856 [879cfcac-0f36-4f91-b8b3-e9d7e01f977d@group-0289F99EAF61-FollowerState] INFO  impl.FollowerState (FollowerState.java:run(134)) - 879cfcac-0f36-4f91-b8b3-e9d7e01f977d@group-0289F99EAF61-FollowerState: change to CANDIDATE, lastRpcElapsedTime:5081416259ns, electionTimeout:5069ms
2021-08-27 19:21:14,856 [879cfcac-0f36-4f91-b8b3-e9d7e01f977d@group-0289F99EAF61-FollowerState] INFO  impl.RoleInfo (RoleInfo.java:shutdownFollowerState(108)) - 879cfcac-0f36-4f91-b8b3-e9d7e01f977d: shutdown 879cfcac-0f36-4f91-b8b3-e9d7e01f977d@group-0289F99EAF61-FollowerState
2021-08-27 19:21:14,856 [879cfcac-0f36-4f91-b8b3-e9d7e01f977d@group-0289F99EAF61-FollowerState] INFO  server.RaftServer$Division (RaftServerImpl.java:setRole(285)) - 879cfcac-0f36-4f91-b8b3-e9d7e01f977d@group-0289F99EAF61: changes role from  FOLLOWER to CANDIDATE at term 2 for changeToCandidate
2021-08-27 19:21:14,871 [Listener at 127.0.0.1/13592] INFO  server.StorageContainerManager (StorageContainerManager.java:start(1272)) - ScmBlockLocationProtocol RPC server is listening at /0.0.0.0:13946
2021-08-27 19:21:14,871 [Listener at 127.0.0.1/13592] INFO  server.SCMBlockProtocolServer (SCMBlockProtocolServer.java:start(151)) - RPC server for Block Protocol is listening at /0.0.0.0:13946
2021-08-27 19:21:14,871 [IPC Server Responder] INFO  ipc.Server (Server.java:run(1507)) - IPC Server Responder: starting
2021-08-27 19:21:14,872 [IPC Server listener on 13946] INFO  ipc.Server (Server.java:run(1344)) - IPC Server listener on 13946: starting
2021-08-27 19:21:14,899 [Listener at 127.0.0.1/13592] INFO  server.StorageContainerManager (StorageContainerManager.java:start(1278)) - ScmDatanodeProtocl RPC server is listening at /0.0.0.0:13945
2021-08-27 19:21:14,901 [879cfcac-0f36-4f91-b8b3-e9d7e01f977d@group-0289F99EAF61-FollowerState] INFO  server.RaftServerConfigKeys (ConfUtils.java:logGet(44)) - raft.server.leaderelection.pre-vote = false (custom)
2021-08-27 19:21:14,901 [879cfcac-0f36-4f91-b8b3-e9d7e01f977d@group-0289F99EAF61-FollowerState] INFO  impl.RoleInfo (RoleInfo.java:updateAndGet(130)) - 879cfcac-0f36-4f91-b8b3-e9d7e01f977d: start 879cfcac-0f36-4f91-b8b3-e9d7e01f977d@group-0289F99EAF61-LeaderElection31
2021-08-27 19:21:14,901 [Listener at 127.0.0.1/13592] INFO  http.BaseHttpServer (BaseHttpServer.java:newHttpServer2BuilderForOzone(209)) - Starting Web-server for scm at: http://0.0.0.0:13942
2021-08-27 19:21:14,901 [Listener at 127.0.0.1/13592] INFO  http.BaseHttpServer (BaseHttpServer.java:<init>(107)) - Hadoop Security Enabled: false Ozone Security Enabled: false Ozone HTTP Security Enabled: false 
2021-08-27 19:21:14,903 [Listener at 127.0.0.1/13592] INFO  server.AuthenticationFilter (AuthenticationFilter.java:constructSecretProvider(240)) - Unable to initialize FileSignerSecretProvider, falling back to use random secrets.
2021-08-27 19:21:14,903 [org.apache.hadoop.util.JvmPauseMonitor$Monitor@398956e9] INFO  util.JvmPauseMonitor (JvmPauseMonitor.java:run(188)) - Starting JVM pause monitor
2021-08-27 19:21:14,915 [IPC Server Responder] INFO  ipc.Server (Server.java:run(1507)) - IPC Server Responder: starting
2021-08-27 19:21:14,916 [IPC Server handler 0 on default port 13945] INFO  ipc.Server (Server.java:run(1026)) - IPC Server handler 0 on default port 13945: skipped Call#273 Retry#0 org.apache.hadoop.ozone.protocol.StorageContainerDatanodeProtocol.submitRequest from 127.0.0.1:37956
2021-08-27 19:21:14,919 [IPC Server handler 1 on default port 13945] INFO  ipc.Server (Server.java:run(1026)) - IPC Server handler 1 on default port 13945: skipped Call#206 Retry#0 org.apache.hadoop.ozone.protocol.StorageContainerDatanodeProtocol.submitRequest from 127.0.0.1:37876
2021-08-27 19:21:14,919 [IPC Server handler 1 on default port 13945] INFO  ipc.Server (Server.java:run(1026)) - IPC Server handler 1 on default port 13945: skipped Call#310 Retry#0 org.apache.hadoop.ozone.protocol.StorageContainerDatanodeProtocol.submitRequest from 127.0.0.1:38012
2021-08-27 19:21:14,919 [IPC Server handler 1 on default port 13945] INFO  ipc.Server (Server.java:run(1026)) - IPC Server handler 1 on default port 13945: skipped Call#232 Retry#0 org.apache.hadoop.ozone.protocol.StorageContainerDatanodeProtocol.submitRequest from 127.0.0.1:37916
2021-08-27 19:21:14,919 [IPC Server handler 1 on default port 13945] INFO  ipc.Server (Server.java:run(1026)) - IPC Server handler 1 on default port 13945: skipped Call#274 Retry#0 org.apache.hadoop.ozone.protocol.StorageContainerDatanodeProtocol.submitRequest from 127.0.0.1:37956
2021-08-27 19:21:14,919 [IPC Server handler 2 on default port 13945] INFO  ipc.Server (Server.java:run(1026)) - IPC Server handler 2 on default port 13945: skipped Call#210 Retry#0 org.apache.hadoop.ozone.protocol.StorageContainerDatanodeProtocol.submitRequest from 127.0.0.1:37876
2021-08-27 19:21:14,920 [IPC Server handler 9 on default port 13945] INFO  ipc.Server (Server.java:run(1026)) - IPC Server handler 9 on default port 13945: skipped Call#233 Retry#0 org.apache.hadoop.ozone.protocol.StorageContainerDatanodeProtocol.submitRequest from 127.0.0.1:37916
2021-08-27 19:21:14,920 [IPC Server handler 8 on default port 13945] INFO  ipc.Server (Server.java:run(1026)) - IPC Server handler 8 on default port 13945: skipped Call#312 Retry#0 org.apache.hadoop.ozone.protocol.StorageContainerDatanodeProtocol.submitRequest from 127.0.0.1:38012
2021-08-27 19:21:14,920 [IPC Server handler 7 on default port 13945] INFO  ipc.Server (Server.java:run(1026)) - IPC Server handler 7 on default port 13945: skipped Call#213 Retry#0 org.apache.hadoop.ozone.protocol.StorageContainerDatanodeProtocol.submitRequest from 127.0.0.1:37876
2021-08-27 19:21:14,919 [IPC Server handler 5 on default port 13945] INFO  ipc.Server (Server.java:run(1026)) - IPC Server handler 5 on default port 13945: skipped Call#275 Retry#0 org.apache.hadoop.ozone.protocol.StorageContainerDatanodeProtocol.submitRequest from 127.0.0.1:37956
2021-08-27 19:21:14,919 [IPC Server handler 4 on default port 13945] INFO  ipc.Server (Server.java:run(1026)) - IPC Server handler 4 on default port 13945: skipped Call#234 Retry#0 org.apache.hadoop.ozone.protocol.StorageContainerDatanodeProtocol.submitRequest from 127.0.0.1:37916
2021-08-27 19:21:14,919 [IPC Server handler 3 on default port 13945] INFO  ipc.Server (Server.java:run(1026)) - IPC Server handler 3 on default port 13945: skipped Call#311 Retry#0 org.apache.hadoop.ozone.protocol.StorageContainerDatanodeProtocol.submitRequest from 127.0.0.1:38012
2021-08-27 19:21:14,922 [Listener at 127.0.0.1/13592] WARN  http.HttpRequestLog (HttpRequestLog.java:getRequestLog(103)) - Jetty request log can only be enabled using Log4j
2021-08-27 19:21:14,924 [Listener at 127.0.0.1/13592] INFO  http.HttpServer2 (HttpServer2.java:addGlobalFilter(1030)) - Added global filter 'safety' (class=org.apache.hadoop.hdds.server.http.HttpServer2$QuotingInputFilter)
2021-08-27 19:21:14,924 [Listener at 127.0.0.1/13592] INFO  http.HttpServer2 (HttpServer2.java:addFilter(1006)) - Added filter static_user_filter (class=org.apache.hadoop.http.lib.StaticUserWebFilter$StaticUserFilter) to context scm
2021-08-27 19:21:14,924 [Listener at 127.0.0.1/13592] INFO  http.HttpServer2 (HttpServer2.java:addFilter(1014)) - Added filter static_user_filter (class=org.apache.hadoop.http.lib.StaticUserWebFilter$StaticUserFilter) to context logs
2021-08-27 19:21:14,924 [Listener at 127.0.0.1/13592] INFO  http.HttpServer2 (HttpServer2.java:addFilter(1014)) - Added filter static_user_filter (class=org.apache.hadoop.http.lib.StaticUserWebFilter$StaticUserFilter) to context static
2021-08-27 19:21:14,925 [Listener at 127.0.0.1/13592] INFO  http.HttpServer2 (HttpServer2.java:bindListener(1249)) - Jetty bound to port 13942
2021-08-27 19:21:14,925 [Listener at 127.0.0.1/13592] INFO  server.Server (Server.java:doStart(375)) - jetty-9.4.43.v20210629; built: 2021-06-30T11:07:22.254Z; git: 526006ecfa3af7f1a27ef3a288e2bef7ea9dd7e8; jvm 1.8.0_292-b10
2021-08-27 19:21:14,927 [EndpointStateMachine task thread for /127.0.0.1:13945 - 0 ] INFO  ozoneimpl.OzoneContainer (OzoneContainer.java:start(301)) - Ignore. OzoneContainer already started.
2021-08-27 19:21:14,927 [879cfcac-0f36-4f91-b8b3-e9d7e01f977d@group-0289F99EAF61-LeaderElection31] INFO  impl.LeaderElection (LeaderElection.java:askForVotes(306)) - 879cfcac-0f36-4f91-b8b3-e9d7e01f977d@group-0289F99EAF61-LeaderElection31 ELECTION round 0: submit vote requests at term 3 for -1: [879cfcac-0f36-4f91-b8b3-e9d7e01f977d|rpc:127.0.0.1:32853|dataStream:|priority:1, 7114ee9f-b20c-4a85-b13e-c38a422a401d|rpc:127.0.0.1:33505|dataStream:|priority:0, 73f911ca-52fc-4abb-a332-7dbce6ccb501|rpc:127.0.0.1:36141|dataStream:|priority:0], old=null
2021-08-27 19:21:14,952 [73f911ca-52fc-4abb-a332-7dbce6ccb501@group-0289F99EAF61-FollowerState] INFO  impl.FollowerState (FollowerState.java:run(134)) - 73f911ca-52fc-4abb-a332-7dbce6ccb501@group-0289F99EAF61-FollowerState: change to CANDIDATE, lastRpcElapsedTime:5152557347ns, electionTimeout:5152ms
2021-08-27 19:21:14,952 [73f911ca-52fc-4abb-a332-7dbce6ccb501@group-0289F99EAF61-FollowerState] INFO  impl.RoleInfo (RoleInfo.java:shutdownFollowerState(108)) - 73f911ca-52fc-4abb-a332-7dbce6ccb501: shutdown 73f911ca-52fc-4abb-a332-7dbce6ccb501@group-0289F99EAF61-FollowerState
2021-08-27 19:21:14,952 [73f911ca-52fc-4abb-a332-7dbce6ccb501@group-0289F99EAF61-FollowerState] INFO  server.RaftServer$Division (RaftServerImpl.java:setRole(285)) - 73f911ca-52fc-4abb-a332-7dbce6ccb501@group-0289F99EAF61: changes role from  FOLLOWER to CANDIDATE at term 2 for changeToCandidate
2021-08-27 19:21:14,954 [Listener at 127.0.0.1/13592] INFO  server.session (DefaultSessionIdManager.java:doStart(334)) - DefaultSessionIdManager workerName=node0
2021-08-27 19:21:14,954 [Listener at 127.0.0.1/13592] INFO  server.session (DefaultSessionIdManager.java:doStart(339)) - No SessionScavenger set, using defaults
2021-08-27 19:21:14,954 [Listener at 127.0.0.1/13592] INFO  server.session (HouseKeeper.java:startScavenging(132)) - node0 Scavenging every 660000ms
2021-08-27 19:21:14,963 [Listener at 127.0.0.1/13592] INFO  handler.ContextHandler (ContextHandler.java:doStart(915)) - Started o.e.j.s.ServletContextHandler@68aa14fa{logs,/logs,file:///home/runner/work/ozone/ozone/hadoop-ozone/integration-test/target/log,AVAILABLE}
2021-08-27 19:21:14,963 [Listener at 127.0.0.1/13592] INFO  handler.ContextHandler (ContextHandler.java:doStart(915)) - Started o.e.j.s.ServletContextHandler@ea9f9ef{static,/static,file:///home/runner/work/ozone/ozone/hadoop-ozone/integration-test/target/test-classes/webapps/static,AVAILABLE}
2021-08-27 19:21:14,966 [73f911ca-52fc-4abb-a332-7dbce6ccb501@group-0289F99EAF61-FollowerState] INFO  server.RaftServerConfigKeys (ConfUtils.java:logGet(44)) - raft.server.leaderelection.pre-vote = false (custom)
2021-08-27 19:21:14,966 [73f911ca-52fc-4abb-a332-7dbce6ccb501@group-0289F99EAF61-FollowerState] INFO  impl.RoleInfo (RoleInfo.java:updateAndGet(130)) - 73f911ca-52fc-4abb-a332-7dbce6ccb501: start 73f911ca-52fc-4abb-a332-7dbce6ccb501@group-0289F99EAF61-LeaderElection32
2021-08-27 19:21:14,970 [Listener at 127.0.0.1/13592] INFO  handler.ContextHandler (ContextHandler.java:doStart(915)) - Started o.e.j.w.WebAppContext@147a07cd{scm,/,file:///home/runner/work/ozone/ozone/hadoop-ozone/integration-test/target/test-classes/webapps/scm/,AVAILABLE}{file:/home/runner/work/ozone/ozone/hadoop-ozone/integration-test/target/test-classes/webapps/scm}
2021-08-27 19:21:14,972 [EndpointStateMachine task thread for /127.0.0.1:13945 - 0 ] INFO  ozoneimpl.OzoneContainer (OzoneContainer.java:start(301)) - Ignore. OzoneContainer already started.
2021-08-27 19:21:14,972 [EndpointStateMachine task thread for /127.0.0.1:13945 - 0 ] INFO  ozoneimpl.OzoneContainer (OzoneContainer.java:start(301)) - Ignore. OzoneContainer already started.
2021-08-27 19:21:14,973 [grpc-default-executor-4] INFO  server.RaftServer$Division (RaftServerImpl.java:requestVote(1043)) - 7114ee9f-b20c-4a85-b13e-c38a422a401d@group-0289F99EAF61: receive requestVote(ELECTION, 879cfcac-0f36-4f91-b8b3-e9d7e01f977d, group-0289F99EAF61, 3, (t:0, i:0))
2021-08-27 19:21:14,973 [grpc-default-executor-4] INFO  impl.VoteContext (VoteContext.java:log(48)) - 7114ee9f-b20c-4a85-b13e-c38a422a401d@group-0289F99EAF61-FOLLOWER: accept ELECTION from 879cfcac-0f36-4f91-b8b3-e9d7e01f977d: our priority 0 <= candidate's priority 1
2021-08-27 19:21:14,973 [grpc-default-executor-4] INFO  server.RaftServer$Division (RaftServerImpl.java:setRole(285)) - 7114ee9f-b20c-4a85-b13e-c38a422a401d@group-0289F99EAF61: changes role from  FOLLOWER to FOLLOWER at term 3 for candidate:879cfcac-0f36-4f91-b8b3-e9d7e01f977d
2021-08-27 19:21:14,973 [grpc-default-executor-4] INFO  impl.RoleInfo (RoleInfo.java:shutdownFollowerState(108)) - 7114ee9f-b20c-4a85-b13e-c38a422a401d: shutdown 7114ee9f-b20c-4a85-b13e-c38a422a401d@group-0289F99EAF61-FollowerState
2021-08-27 19:21:14,977 [Listener at 127.0.0.1/13592] INFO  server.AbstractConnector (AbstractConnector.java:doStart(331)) - Started ServerConnector@2f2fda15{HTTP/1.1, (http/1.1)}{0.0.0.0:13942}
2021-08-27 19:21:14,978 [Listener at 127.0.0.1/13592] INFO  server.Server (Server.java:doStart(415)) - Started @103124ms
2021-08-27 19:21:14,978 [Listener at 127.0.0.1/13592] WARN  impl.MetricsSystemImpl (MetricsSystemImpl.java:register(279)) - Sink prometheus already exists!
2021-08-27 19:21:14,978 [Listener at 127.0.0.1/13592] INFO  http.BaseHttpServer (BaseHttpServer.java:updateConnectorAddress(329)) - HTTP server of scm listening at http://0.0.0.0:13942
2021-08-27 19:21:14,979 [Listener at 127.0.0.1/13592] INFO  safemode.SCMSafeModeManager (SCMSafeModeManager.java:exitSafeMode(248)) - SCM exiting safe mode.
2021-08-27 19:21:14,979 [Listener at 127.0.0.1/13592] WARN  events.EventQueue (EventQueue.java:fireEvent(194)) - No event handler registered for event TypedEvent{payloadType=SafeModeStatus, name='Safe mode status'}
2021-08-27 19:21:14,979 [Listener at 127.0.0.1/13592] INFO  ha.SCMContext (SCMContext.java:updateSafeModeStatus(205)) - Update SafeModeStatus from SafeModeStatus{safeModeStatus=true, preCheckPassed=false} to SafeModeStatus{safeModeStatus=false, preCheckPassed=true}.
2021-08-27 19:21:14,980 [7114ee9f-b20c-4a85-b13e-c38a422a401d@group-0289F99EAF61-FollowerState] INFO  impl.FollowerState (FollowerState.java:run(127)) - 7114ee9f-b20c-4a85-b13e-c38a422a401d@group-0289F99EAF61-FollowerState: Stopping now (isRunning? false, isFollower? true)
2021-08-27 19:21:14,988 [grpc-default-executor-4] INFO  impl.RoleInfo (RoleInfo.java:updateAndGet(130)) - 7114ee9f-b20c-4a85-b13e-c38a422a401d: start 7114ee9f-b20c-4a85-b13e-c38a422a401d@group-0289F99EAF61-FollowerState
2021-08-27 19:21:14,989 [grpc-default-executor-0] INFO  server.RaftServer$Division (RaftServerImpl.java:requestVote(1043)) - 73f911ca-52fc-4abb-a332-7dbce6ccb501@group-0289F99EAF61: receive requestVote(ELECTION, 879cfcac-0f36-4f91-b8b3-e9d7e01f977d, group-0289F99EAF61, 3, (t:0, i:0))
2021-08-27 19:21:14,990 [Listener at 127.0.0.1/13592] INFO  db.RDBCheckpointManager (RDBCheckpointManager.java:createCheckpoint(86)) - Created checkpoint at /home/runner/work/ozone/ozone/hadoop-ozone/integration-test/target/test-dir/MiniOzoneClusterImpl-cc6da7a1-649b-4db9-82e6-e71d50c67865/scmNode-1/db.checkpoints/scm.db_checkpoint_1630092074979 in 11 milliseconds
2021-08-27 19:21:14,991 [grpc-default-executor-0] INFO  impl.VoteContext (VoteContext.java:log(48)) - 73f911ca-52fc-4abb-a332-7dbce6ccb501@group-0289F99EAF61-CANDIDATE: reject ELECTION from 879cfcac-0f36-4f91-b8b3-e9d7e01f977d: already has voted for 73f911ca-52fc-4abb-a332-7dbce6ccb501 at current term 3
2021-08-27 19:21:14,990 [73f911ca-52fc-4abb-a332-7dbce6ccb501@group-0289F99EAF61-LeaderElection32] INFO  impl.LeaderElection (LeaderElection.java:askForVotes(306)) - 73f911ca-52fc-4abb-a332-7dbce6ccb501@group-0289F99EAF61-LeaderElection32 ELECTION round 0: submit vote requests at term 3 for -1: [879cfcac-0f36-4f91-b8b3-e9d7e01f977d|rpc:127.0.0.1:32853|dataStream:|priority:1, 7114ee9f-b20c-4a85-b13e-c38a422a401d|rpc:127.0.0.1:33505|dataStream:|priority:0, 73f911ca-52fc-4abb-a332-7dbce6ccb501|rpc:127.0.0.1:36141|dataStream:|priority:0], old=null
2021-08-27 19:21:14,991 [grpc-default-executor-0] INFO  server.RaftServer$Division (RaftServerImpl.java:requestVote(1075)) - 73f911ca-52fc-4abb-a332-7dbce6ccb501@group-0289F99EAF61 replies to ELECTION vote request: 879cfcac-0f36-4f91-b8b3-e9d7e01f977d<-73f911ca-52fc-4abb-a332-7dbce6ccb501#0:FAIL-t3. Peer's state: 73f911ca-52fc-4abb-a332-7dbce6ccb501@group-0289F99EAF61:t3, leader=null, voted=73f911ca-52fc-4abb-a332-7dbce6ccb501, raftlog=73f911ca-52fc-4abb-a332-7dbce6ccb501@group-0289F99EAF61-SegmentedRaftLog:OPENED:c-1,f-1,i0, conf=-1: [879cfcac-0f36-4f91-b8b3-e9d7e01f977d|rpc:127.0.0.1:32853|dataStream:|priority:1, 7114ee9f-b20c-4a85-b13e-c38a422a401d|rpc:127.0.0.1:33505|dataStream:|priority:0, 73f911ca-52fc-4abb-a332-7dbce6ccb501|rpc:127.0.0.1:36141|dataStream:|priority:0], old=null
2021-08-27 19:21:14,997 [grpc-default-executor-4] INFO  server.RaftServer$Division (RaftServerImpl.java:requestVote(1075)) - 7114ee9f-b20c-4a85-b13e-c38a422a401d@group-0289F99EAF61 replies to ELECTION vote request: 879cfcac-0f36-4f91-b8b3-e9d7e01f977d<-7114ee9f-b20c-4a85-b13e-c38a422a401d#0:OK-t3. Peer's state: 7114ee9f-b20c-4a85-b13e-c38a422a401d@group-0289F99EAF61:t3, leader=null, voted=879cfcac-0f36-4f91-b8b3-e9d7e01f977d, raftlog=7114ee9f-b20c-4a85-b13e-c38a422a401d@group-0289F99EAF61-SegmentedRaftLog:OPENED:c-1,f-1,i0, conf=-1: [879cfcac-0f36-4f91-b8b3-e9d7e01f977d|rpc:127.0.0.1:32853|priority:1, 7114ee9f-b20c-4a85-b13e-c38a422a401d|rpc:127.0.0.1:33505|priority:0, 73f911ca-52fc-4abb-a332-7dbce6ccb501|rpc:127.0.0.1:36141|priority:0], old=null
2021-08-27 19:21:14,998 [879cfcac-0f36-4f91-b8b3-e9d7e01f977d@group-0289F99EAF61-LeaderElection31] INFO  impl.LeaderElection (LeaderElection.java:logAndReturn(89)) - 879cfcac-0f36-4f91-b8b3-e9d7e01f977d@group-0289F99EAF61-LeaderElection31: ELECTION PASSED received 1 response(s) and 0 exception(s):
2021-08-27 19:21:14,998 [879cfcac-0f36-4f91-b8b3-e9d7e01f977d@group-0289F99EAF61-LeaderElection31] INFO  impl.LeaderElection (LeaderElection.java:logAndReturn(93)) -   Response 0: 879cfcac-0f36-4f91-b8b3-e9d7e01f977d<-7114ee9f-b20c-4a85-b13e-c38a422a401d#0:OK-t3
2021-08-27 19:21:14,998 [879cfcac-0f36-4f91-b8b3-e9d7e01f977d@group-0289F99EAF61-LeaderElection31] INFO  impl.LeaderElection (LeaderElection.java:askForVotes(308)) - 879cfcac-0f36-4f91-b8b3-e9d7e01f977d@group-0289F99EAF61-LeaderElection31 ELECTION round 0: result PASSED
2021-08-27 19:21:14,999 [879cfcac-0f36-4f91-b8b3-e9d7e01f977d@group-0289F99EAF61-LeaderElection31] INFO  impl.RoleInfo (RoleInfo.java:shutdownLeaderElection(121)) - 879cfcac-0f36-4f91-b8b3-e9d7e01f977d: shutdown 879cfcac-0f36-4f91-b8b3-e9d7e01f977d@group-0289F99EAF61-LeaderElection31
2021-08-27 19:21:14,999 [879cfcac-0f36-4f91-b8b3-e9d7e01f977d@group-0289F99EAF61-LeaderElection31] INFO  server.RaftServer$Division (RaftServerImpl.java:setRole(285)) - 879cfcac-0f36-4f91-b8b3-e9d7e01f977d@group-0289F99EAF61: changes role from CANDIDATE to LEADER at term 3 for changeToLeader
2021-08-27 19:21:14,999 [879cfcac-0f36-4f91-b8b3-e9d7e01f977d@group-0289F99EAF61-LeaderElection31] INFO  ratis.XceiverServerRatis (XceiverServerRatis.java:handleLeaderChangedNotification(861)) - Leader change notification received for group: group-0289F99EAF61 with new leaderId: 879cfcac-0f36-4f91-b8b3-e9d7e01f977d
2021-08-27 19:21:14,999 [879cfcac-0f36-4f91-b8b3-e9d7e01f977d@group-0289F99EAF61-LeaderElection31] INFO  server.RaftServer$Division (ServerState.java:setLeader(285)) - 879cfcac-0f36-4f91-b8b3-e9d7e01f977d@group-0289F99EAF61: change Leader from null to 879cfcac-0f36-4f91-b8b3-e9d7e01f977d at term 3 for becomeLeader, leader elected after 15550ms
2021-08-27 19:21:14,999 [879cfcac-0f36-4f91-b8b3-e9d7e01f977d@group-0289F99EAF61-LeaderElection31] INFO  server.RaftServerConfigKeys (ConfUtils.java:logGet(44)) - raft.server.staging.catchup.gap = 1000 (default)
2021-08-27 19:21:14,999 [879cfcac-0f36-4f91-b8b3-e9d7e01f977d@group-0289F99EAF61-LeaderElection31] INFO  server.RaftServerConfigKeys (ConfUtils.java:logGet(44)) - raft.server.write.element-limit = 1024 (custom)
2021-08-27 19:21:14,999 [879cfcac-0f36-4f91-b8b3-e9d7e01f977d@group-0289F99EAF61-LeaderElection31] INFO  server.RaftServerConfigKeys (ConfUtils.java:logGet(44)) - raft.server.write.byte-limit = 1024 M (=1073741824) (custom)
2021-08-27 19:21:14,999 [879cfcac-0f36-4f91-b8b3-e9d7e01f977d@group-0289F99EAF61-LeaderElection31] INFO  server.RaftServerConfigKeys (ConfUtils.java:logGet(44)) - raft.server.watch.timeout = 180s (custom)
2021-08-27 19:21:14,999 [879cfcac-0f36-4f91-b8b3-e9d7e01f977d@group-0289F99EAF61-LeaderElection31] INFO  server.RaftServerConfigKeys (ConfUtils.java:logGet(44)) - raft.server.watch.timeout.denomination = 1s (default)
2021-08-27 19:21:14,999 [879cfcac-0f36-4f91-b8b3-e9d7e01f977d@group-0289F99EAF61-LeaderElection31] INFO  server.RaftServerConfigKeys (ConfUtils.java:logGet(44)) - raft.server.watch.element-limit = 65536 (default)
2021-08-27 19:21:15,000 [879cfcac-0f36-4f91-b8b3-e9d7e01f977d@group-0289F99EAF61-LeaderElection31] INFO  server.RaftServerConfigKeys (ConfUtils.java:logGet(44)) - raft.server.log.appender.snapshot.chunk.size.max = 16MB (=16777216) (default)
2021-08-27 19:21:15,000 [879cfcac-0f36-4f91-b8b3-e9d7e01f977d@group-0289F99EAF61-LeaderElection31] INFO  server.RaftServerConfigKeys (ConfUtils.java:logGet(44)) - raft.server.log.appender.buffer.byte-limit = 33554432 (custom)
2021-08-27 19:21:15,000 [879cfcac-0f36-4f91-b8b3-e9d7e01f977d@group-0289F99EAF61-LeaderElection31] INFO  server.RaftServerConfigKeys (ConfUtils.java:logGet(44)) - raft.server.log.appender.buffer.element-limit = 1 (custom)
2021-08-27 19:21:15,000 [879cfcac-0f36-4f91-b8b3-e9d7e01f977d@group-0289F99EAF61-LeaderElection31] INFO  grpc.GrpcConfigKeys (ConfUtils.java:logGet(44)) - raft.grpc.server.leader.outstanding.appends.max = 128 (default)
2021-08-27 19:21:15,000 [879cfcac-0f36-4f91-b8b3-e9d7e01f977d@group-0289F99EAF61-LeaderElection31] INFO  server.RaftServerConfigKeys (ConfUtils.java:logGet(44)) - raft.server.rpc.request.timeout = 60s (custom)
2021-08-27 19:21:15,000 [879cfcac-0f36-4f91-b8b3-e9d7e01f977d@group-0289F99EAF61-LeaderElection31] INFO  server.RaftServerConfigKeys (ConfUtils.java:logGet(44)) - raft.server.log.appender.install.snapshot.enabled = false (custom)
2021-08-27 19:21:15,001 [EventQueue-PipelineReportForPipelineReportHandler] INFO  pipeline.PipelineManagerImpl (PipelineManagerImpl.java:openPipeline(282)) - Pipeline Pipeline[ Id: 7b008c3c-c4d0-44ce-8214-0289f99eaf61, Nodes: 73f911ca-52fc-4abb-a332-7dbce6ccb501{ip: 127.0.0.1, host: localhost, ports: [REPLICATION=39673, RATIS=36141, RATIS_ADMIN=36141, RATIS_SERVER=36141, STANDALONE=45881], networkLocation: /default-rack, certSerialId: null, persistedOpState: IN_SERVICE, persistedOpStateExpiryEpochSec: 0}879cfcac-0f36-4f91-b8b3-e9d7e01f977d{ip: 127.0.0.1, host: localhost, ports: [REPLICATION=39011, RATIS=32853, RATIS_ADMIN=32853, RATIS_SERVER=32853, STANDALONE=42661], networkLocation: /default-rack, certSerialId: null, persistedOpState: IN_SERVICE, persistedOpStateExpiryEpochSec: 0}7114ee9f-b20c-4a85-b13e-c38a422a401d{ip: 127.0.0.1, host: localhost, ports: [REPLICATION=34757, RATIS=33505, RATIS_ADMIN=33505, RATIS_SERVER=33505, STANDALONE=40139], networkLocation: /default-rack, certSerialId: null, persistedOpState: IN_SERVICE, persistedOpStateExpiryEpochSec: 0}, ReplicationConfig: RATIS/THREE, State:ALLOCATED, leaderId:879cfcac-0f36-4f91-b8b3-e9d7e01f977d, CreationTimestamp2021-08-27T19:20:57.090Z[Etc/UTC]] moved to OPEN state
2021-08-27 19:21:15,001 [Datanode State Machine Thread - 0] WARN  statemachine.StateContext (StateContext.java:execute(621)) - No available thread in pool for past 1 seconds.
2021-08-27 19:21:15,001 [EventQueue-PipelineReportForPipelineReportHandler] INFO  ha.SCMHAInvocationHandler (SCMHAInvocationHandler.java:invokeRatis(113)) - Invoking method public abstract void org.apache.hadoop.hdds.scm.pipeline.StateManager.updatePipelineState(org.apache.hadoop.hdds.protocol.proto.HddsProtos$PipelineID,org.apache.hadoop.hdds.protocol.proto.HddsProtos$PipelineState) throws java.io.IOException on target org.apache.hadoop.hdds.scm.ha.SCMRatisServerImpl@1e8e9ec5, cost 215.914us
2021-08-27 19:21:15,001 [EventQueue-OpenPipelineForHealthyPipelineSafeModeRule] INFO  safemode.SCMSafeModeManager (HealthyPipelineSafeModeRule.java:process(124)) - SCM in safe mode. Healthy pipelines reported count is 0, required healthy pipeline reported count is 1
2021-08-27 19:21:15,001 [EventQueue-OpenPipelineForHealthyPipelineSafeModeRule] INFO  safemode.SCMSafeModeManager (HealthyPipelineSafeModeRule.java:process(124)) - SCM in safe mode. Healthy pipelines reported count is 1, required healthy pipeline reported count is 1
2021-08-27 19:21:15,001 [EventQueue-OpenPipelineForHealthyPipelineSafeModeRule] INFO  safemode.SCMSafeModeManager (SCMSafeModeManager.java:validateSafeModeExitRules(204)) - HealthyPipelineSafeModeRule rule is successfully validated
2021-08-27 19:21:15,001 [EventQueue-OpenPipelineForHealthyPipelineSafeModeRule] INFO  safemode.SCMSafeModeManager (SCMSafeModeManager.java:validateSafeModeExitRules(219)) - ScmSafeModeManager, all rules are successfully validated
2021-08-27 19:21:15,001 [EventQueue-OpenPipelineForHealthyPipelineSafeModeRule] INFO  safemode.SCMSafeModeManager (SCMSafeModeManager.java:exitSafeMode(248)) - SCM exiting safe mode.
2021-08-27 19:21:15,001 [EventQueue-OpenPipelineForHealthyPipelineSafeModeRule] WARN  events.EventQueue (EventQueue.java:fireEvent(194)) - No event handler registered for event TypedEvent{payloadType=SafeModeStatus, name='Safe mode status'}
2021-08-27 19:21:15,001 [EventQueue-OpenPipelineForHealthyPipelineSafeModeRule] INFO  ha.SCMContext (SCMContext.java:updateSafeModeStatus(205)) - Update SafeModeStatus from SafeModeStatus{safeModeStatus=true, preCheckPassed=true} to SafeModeStatus{safeModeStatus=false, preCheckPassed=true}.
2021-08-27 19:21:15,002 [IPC Server handler 15 on default port 13945] INFO  net.NetworkTopologyImpl (NetworkTopologyImpl.java:add(112)) - Added a new node: /default-rack/879cfcac-0f36-4f91-b8b3-e9d7e01f977d
2021-08-27 19:21:15,002 [IPC Server handler 15 on default port 13945] INFO  node.SCMNodeManager (SCMNodeManager.java:register(390)) - Registered Data node : 879cfcac-0f36-4f91-b8b3-e9d7e01f977d{ip: 127.0.0.1, host: localhost, ports: [REPLICATION=39011, RATIS=32853, RATIS_ADMIN=32853, RATIS_SERVER=32853, STANDALONE=42661], networkLocation: /default-rack, certSerialId: null, persistedOpState: null, persistedOpStateExpiryEpochSec: 0}
2021-08-27 19:21:15,002 [EventQueue-PipelineReportForPipelineReportHandler] INFO  pipeline.PipelineManagerImpl (PipelineManagerImpl.java:openPipeline(282)) - Pipeline Pipeline[ Id: 7b008c3c-c4d0-44ce-8214-0289f99eaf61, Nodes: 73f911ca-52fc-4abb-a332-7dbce6ccb501{ip: 127.0.0.1, host: localhost, ports: [REPLICATION=39673, RATIS=36141, RATIS_ADMIN=36141, RATIS_SERVER=36141, STANDALONE=45881], networkLocation: /default-rack, certSerialId: null, persistedOpState: IN_SERVICE, persistedOpStateExpiryEpochSec: 0}879cfcac-0f36-4f91-b8b3-e9d7e01f977d{ip: 127.0.0.1, host: localhost, ports: [REPLICATION=39011, RATIS=32853, RATIS_ADMIN=32853, RATIS_SERVER=32853, STANDALONE=42661], networkLocation: /default-rack, certSerialId: null, persistedOpState: IN_SERVICE, persistedOpStateExpiryEpochSec: 0}7114ee9f-b20c-4a85-b13e-c38a422a401d{ip: 127.0.0.1, host: localhost, ports: [REPLICATION=34757, RATIS=33505, RATIS_ADMIN=33505, RATIS_SERVER=33505, STANDALONE=40139], networkLocation: /default-rack, certSerialId: null, persistedOpState: IN_SERVICE, persistedOpStateExpiryEpochSec: 0}, ReplicationConfig: RATIS/THREE, State:ALLOCATED, leaderId:879cfcac-0f36-4f91-b8b3-e9d7e01f977d, CreationTimestamp2021-08-27T19:20:57.090Z[Etc/UTC]] moved to OPEN state
2021-08-27 19:21:15,008 [879cfcac-0f36-4f91-b8b3-e9d7e01f977d@group-0289F99EAF61-LeaderElection31] INFO  server.RaftServerConfigKeys (ConfUtils.java:logGet(44)) - raft.server.log.appender.snapshot.chunk.size.max = 16MB (=16777216) (default)
2021-08-27 19:21:15,008 [879cfcac-0f36-4f91-b8b3-e9d7e01f977d@group-0289F99EAF61-LeaderElection31] INFO  server.RaftServerConfigKeys (ConfUtils.java:logGet(44)) - raft.server.log.appender.buffer.byte-limit = 33554432 (custom)
2021-08-27 19:21:15,008 [879cfcac-0f36-4f91-b8b3-e9d7e01f977d@group-0289F99EAF61-LeaderElection31] INFO  server.RaftServerConfigKeys (ConfUtils.java:logGet(44)) - raft.server.log.appender.buffer.element-limit = 1 (custom)
2021-08-27 19:21:15,016 [grpc-default-executor-0] INFO  server.RaftServer$Division (RaftServerImpl.java:requestVote(1043)) - 7114ee9f-b20c-4a85-b13e-c38a422a401d@group-0289F99EAF61: receive requestVote(ELECTION, 73f911ca-52fc-4abb-a332-7dbce6ccb501, group-0289F99EAF61, 3, (t:0, i:0))
2021-08-27 19:21:15,016 [grpc-default-executor-0] INFO  impl.VoteContext (VoteContext.java:log(48)) - 7114ee9f-b20c-4a85-b13e-c38a422a401d@group-0289F99EAF61-FOLLOWER: reject ELECTION from 73f911ca-52fc-4abb-a332-7dbce6ccb501: already has voted for 879cfcac-0f36-4f91-b8b3-e9d7e01f977d at current term 3
2021-08-27 19:21:15,016 [grpc-default-executor-0] INFO  server.RaftServer$Division (RaftServerImpl.java:requestVote(1075)) - 7114ee9f-b20c-4a85-b13e-c38a422a401d@group-0289F99EAF61 replies to ELECTION vote request: 73f911ca-52fc-4abb-a332-7dbce6ccb501<-7114ee9f-b20c-4a85-b13e-c38a422a401d#0:FAIL-t3. Peer's state: 7114ee9f-b20c-4a85-b13e-c38a422a401d@group-0289F99EAF61:t3, leader=null, voted=879cfcac-0f36-4f91-b8b3-e9d7e01f977d, raftlog=7114ee9f-b20c-4a85-b13e-c38a422a401d@group-0289F99EAF61-SegmentedRaftLog:OPENED:c-1,f-1,i0, conf=-1: [879cfcac-0f36-4f91-b8b3-e9d7e01f977d|rpc:127.0.0.1:32853|priority:1, 7114ee9f-b20c-4a85-b13e-c38a422a401d|rpc:127.0.0.1:33505|priority:0, 73f911ca-52fc-4abb-a332-7dbce6ccb501|rpc:127.0.0.1:36141|priority:0], old=null
2021-08-27 19:21:15,017 [grpc-default-executor-4] INFO  server.RaftServer$Division (RaftServerImpl.java:requestVote(1043)) - 879cfcac-0f36-4f91-b8b3-e9d7e01f977d@group-0289F99EAF61: receive requestVote(ELECTION, 73f911ca-52fc-4abb-a332-7dbce6ccb501, group-0289F99EAF61, 3, (t:0, i:0))
2021-08-27 19:21:15,033 [879cfcac-0f36-4f91-b8b3-e9d7e01f977d@group-0289F99EAF61-LeaderElection31] INFO  grpc.GrpcConfigKeys (ConfUtils.java:logGet(44)) - raft.grpc.server.leader.outstanding.appends.max = 128 (default)
2021-08-27 19:21:15,033 [879cfcac-0f36-4f91-b8b3-e9d7e01f977d@group-0289F99EAF61-LeaderElection31] INFO  server.RaftServerConfigKeys (ConfUtils.java:logGet(44)) - raft.server.rpc.request.timeout = 60s (custom)
2021-08-27 19:21:15,033 [879cfcac-0f36-4f91-b8b3-e9d7e01f977d@group-0289F99EAF61-LeaderElection31] INFO  server.RaftServerConfigKeys (ConfUtils.java:logGet(44)) - raft.server.log.appender.install.snapshot.enabled = false (custom)
2021-08-27 19:21:15,034 [879cfcac-0f36-4f91-b8b3-e9d7e01f977d@group-0289F99EAF61-LeaderElection31] INFO  impl.RoleInfo (RoleInfo.java:updateAndGet(130)) - 879cfcac-0f36-4f91-b8b3-e9d7e01f977d: start 879cfcac-0f36-4f91-b8b3-e9d7e01f977d@group-0289F99EAF61-LeaderStateImpl
2021-08-27 19:21:15,034 [879cfcac-0f36-4f91-b8b3-e9d7e01f977d@group-0289F99EAF61-LeaderElection31] INFO  segmented.SegmentedRaftLogWorker (SegmentedRaftLogWorker.java:startLogSegment(394)) - 879cfcac-0f36-4f91-b8b3-e9d7e01f977d@group-0289F99EAF61-SegmentedRaftLogWorker: Starting segment from index:0
2021-08-27 19:21:15,044 [d21fb43e-e5ae-4596-9449-4ac761036bdb@group-E71D50C67865-StateMachineUpdater] ERROR impl.StateMachineUpdater (StateMachineUpdater.java:run(191)) - d21fb43e-e5ae-4596-9449-4ac761036bdb@group-E71D50C67865-StateMachineUpdater caught a Throwable.
java.lang.IllegalStateException: d21fb43e-e5ae-4596-9449-4ac761036bdb: Failed updateLastAppliedTermIndex: newTI = (t:2, i:28) < oldTI = (t:2, i:128)
	at org.apache.ratis.util.Preconditions.assertTrue(Preconditions.java:72)
	at org.apache.ratis.statemachine.impl.BaseStateMachine.updateLastAppliedTermIndex(BaseStateMachine.java:142)
	at org.apache.hadoop.hdds.scm.ha.SCMStateMachine.notifyTermIndexUpdated(SCMStateMachine.java:303)
	at org.apache.ratis.server.impl.RaftServerImpl.applyLogToStateMachine(RaftServerImpl.java:1669)
	at org.apache.ratis.server.impl.StateMachineUpdater.applyLog(StateMachineUpdater.java:234)
	at org.apache.ratis.server.impl.StateMachineUpdater.run(StateMachineUpdater.java:179)
	at java.lang.Thread.run(Thread.java:748)
2021-08-27 19:21:15,044 [d21fb43e-e5ae-4596-9449-4ac761036bdb@group-E71D50C67865-StateMachineUpdater] INFO  server.RaftServer$Division (RaftServerImpl.java:lambda$close$4(407)) - d21fb43e-e5ae-4596-9449-4ac761036bdb@group-E71D50C67865: shutdown
2021-08-27 19:21:15,044 [d21fb43e-e5ae-4596-9449-4ac761036bdb@group-E71D50C67865-StateMachineUpdater] INFO  util.JmxRegister (JmxRegister.java:unregister(73)) - Successfully un-registered JMX Bean with object name Ratis:service=RaftServer,group=group-E71D50C67865,id=d21fb43e-e5ae-4596-9449-4ac761036bdb
2021-08-27 19:21:15,044 [d21fb43e-e5ae-4596-9449-4ac761036bdb@group-E71D50C67865-StateMachineUpdater] INFO  impl.RoleInfo (RoleInfo.java:shutdownFollowerState(108)) - d21fb43e-e5ae-4596-9449-4ac761036bdb: shutdown d21fb43e-e5ae-4596-9449-4ac761036bdb@group-E71D50C67865-FollowerState
2021-08-27 19:21:15,047 [d21fb43e-e5ae-4596-9449-4ac761036bdb@group-E71D50C67865-StateMachineUpdater] INFO  server.RaftServer$Division (ServerState.java:close(419)) - d21fb43e-e5ae-4596-9449-4ac761036bdb@group-E71D50C67865: closes. applyIndex: 28
2021-08-27 19:21:15,047 [d21fb43e-e5ae-4596-9449-4ac761036bdb@group-E71D50C67865-SegmentedRaftLogWorker] INFO  segmented.SegmentedRaftLogWorker (SegmentedRaftLogWorker.java:run(327)) - d21fb43e-e5ae-4596-9449-4ac761036bdb@group-E71D50C67865-SegmentedRaftLogWorker was interrupted, exiting. There are 0 tasks remaining in the queue.
2021-08-27 19:21:15,055 [d21fb43e-e5ae-4596-9449-4ac761036bdb@group-E71D50C67865-StateMachineUpdater] INFO  segmented.SegmentedRaftLogWorker (SegmentedRaftLogWorker.java:close(237)) - d21fb43e-e5ae-4596-9449-4ac761036bdb@group-E71D50C67865-SegmentedRaftLogWorker close()
2021-08-27 19:21:15,058 [grpc-default-executor-3] INFO  ratis.XceiverServerRatis (XceiverServerRatis.java:handleLeaderChangedNotification(861)) - Leader change notification received for group: group-0289F99EAF61 with new leaderId: 879cfcac-0f36-4f91-b8b3-e9d7e01f977d
2021-08-27 19:21:15,058 [grpc-default-executor-3] INFO  server.RaftServer$Division (ServerState.java:setLeader(285)) - 7114ee9f-b20c-4a85-b13e-c38a422a401d@group-0289F99EAF61: change Leader from null to 879cfcac-0f36-4f91-b8b3-e9d7e01f977d at term 3 for appendEntries, leader elected after 15748ms
2021-08-27 19:21:15,060 [879cfcac-0f36-4f91-b8b3-e9d7e01f977d@group-0289F99EAF61-LeaderElection31] INFO  server.RaftServer$Division (ServerState.java:setRaftConf(387)) - 879cfcac-0f36-4f91-b8b3-e9d7e01f977d@group-0289F99EAF61: set configuration 0: [879cfcac-0f36-4f91-b8b3-e9d7e01f977d|rpc:127.0.0.1:32853|dataStream:|priority:1, 7114ee9f-b20c-4a85-b13e-c38a422a401d|rpc:127.0.0.1:33505|dataStream:|priority:0, 73f911ca-52fc-4abb-a332-7dbce6ccb501|rpc:127.0.0.1:36141|dataStream:|priority:0], old=null
2021-08-27 19:21:15,060 [d21fb43e-e5ae-4596-9449-4ac761036bdb@group-E71D50C67865-FollowerState] INFO  impl.FollowerState (FollowerState.java:run(143)) - d21fb43e-e5ae-4596-9449-4ac761036bdb@group-E71D50C67865-FollowerState was interrupted: {}
java.lang.InterruptedException: sleep interrupted
	at java.lang.Thread.sleep(Native Method)
	at java.lang.Thread.sleep(Thread.java:340)
	at java.util.concurrent.TimeUnit.sleep(TimeUnit.java:386)
	at org.apache.ratis.util.TimeDuration.sleep(TimeDuration.java:324)
	at org.apache.ratis.util.TimeDuration.sleep(TimeDuration.java:309)
	at org.apache.ratis.server.impl.FollowerState.run(FollowerState.java:118)
2021-08-27 19:21:15,063 [grpc-default-executor-4] INFO  impl.VoteContext (VoteContext.java:log(48)) - 879cfcac-0f36-4f91-b8b3-e9d7e01f977d@group-0289F99EAF61-LEADER: reject ELECTION from 73f911ca-52fc-4abb-a332-7dbce6ccb501: already has voted for 879cfcac-0f36-4f91-b8b3-e9d7e01f977d at current term 3
2021-08-27 19:21:15,064 [grpc-default-executor-4] INFO  server.RaftServer$Division (RaftServerImpl.java:requestVote(1075)) - 879cfcac-0f36-4f91-b8b3-e9d7e01f977d@group-0289F99EAF61 replies to ELECTION vote request: 73f911ca-52fc-4abb-a332-7dbce6ccb501<-879cfcac-0f36-4f91-b8b3-e9d7e01f977d#0:FAIL-t3. Peer's state: 879cfcac-0f36-4f91-b8b3-e9d7e01f977d@group-0289F99EAF61:t3, leader=879cfcac-0f36-4f91-b8b3-e9d7e01f977d, voted=879cfcac-0f36-4f91-b8b3-e9d7e01f977d, raftlog=879cfcac-0f36-4f91-b8b3-e9d7e01f977d@group-0289F99EAF61-SegmentedRaftLog:OPENED:c-1,f-1,i0, conf=0: [879cfcac-0f36-4f91-b8b3-e9d7e01f977d|rpc:127.0.0.1:32853|dataStream:|priority:1, 7114ee9f-b20c-4a85-b13e-c38a422a401d|rpc:127.0.0.1:33505|dataStream:|priority:0, 73f911ca-52fc-4abb-a332-7dbce6ccb501|rpc:127.0.0.1:36141|dataStream:|priority:0], old=null
2021-08-27 19:21:15,065 [879cfcac-0f36-4f91-b8b3-e9d7e01f977d@group-0289F99EAF61-SegmentedRaftLogWorker] INFO  segmented.SegmentedRaftLogWorker (SegmentedRaftLogWorker.java:execute(601)) - 879cfcac-0f36-4f91-b8b3-e9d7e01f977d@group-0289F99EAF61-SegmentedRaftLogWorker: created new log segment /home/runner/work/ozone/ozone/hadoop-ozone/integration-test/target/test-dir/MiniOzoneClusterImpl-cc6da7a1-649b-4db9-82e6-e71d50c67865/datanode-1/data/ratis/7b008c3c-c4d0-44ce-8214-0289f99eaf61/current/log_inprogress_0
2021-08-27 19:21:15,072 [EventQueue-NewNodeForNewNodeHandler] INFO  pipeline.BackgroundPipelineCreator (BackgroundPipelineCreatorV2.java:notifyEventTriggered(279)) - ignore, not leader SCM.
2021-08-27 19:21:15,073 [grpc-default-executor-3] INFO  server.RaftServer$Division (RaftServerImpl.java:setRole(285)) - 73f911ca-52fc-4abb-a332-7dbce6ccb501@group-0289F99EAF61: changes role from CANDIDATE to FOLLOWER at term 3 for appendEntries
2021-08-27 19:21:15,073 [grpc-default-executor-3] INFO  impl.RoleInfo (RoleInfo.java:shutdownLeaderElection(121)) - 73f911ca-52fc-4abb-a332-7dbce6ccb501: shutdown 73f911ca-52fc-4abb-a332-7dbce6ccb501@group-0289F99EAF61-LeaderElection32
2021-08-27 19:21:15,073 [grpc-default-executor-3] INFO  impl.RoleInfo (RoleInfo.java:updateAndGet(130)) - 73f911ca-52fc-4abb-a332-7dbce6ccb501: start 73f911ca-52fc-4abb-a332-7dbce6ccb501@group-0289F99EAF61-FollowerState
2021-08-27 19:21:15,074 [73f911ca-52fc-4abb-a332-7dbce6ccb501@group-0289F99EAF61-LeaderElection32] INFO  impl.LeaderElection (LeaderElection.java:logAndReturn(89)) - 73f911ca-52fc-4abb-a332-7dbce6ccb501@group-0289F99EAF61-LeaderElection32: ELECTION REJECTED received 2 response(s) and 0 exception(s):
2021-08-27 19:21:15,074 [73f911ca-52fc-4abb-a332-7dbce6ccb501@group-0289F99EAF61-LeaderElection32] INFO  impl.LeaderElection (LeaderElection.java:logAndReturn(93)) -   Response 0: 73f911ca-52fc-4abb-a332-7dbce6ccb501<-879cfcac-0f36-4f91-b8b3-e9d7e01f977d#0:FAIL-t3
2021-08-27 19:21:15,074 [73f911ca-52fc-4abb-a332-7dbce6ccb501@group-0289F99EAF61-LeaderElection32] INFO  impl.LeaderElection (LeaderElection.java:logAndReturn(93)) -   Response 1: 73f911ca-52fc-4abb-a332-7dbce6ccb501<-7114ee9f-b20c-4a85-b13e-c38a422a401d#0:FAIL-t3
2021-08-27 19:21:15,074 [EventQueue-PipelineReportForPipelineReportHandler] INFO  ha.SCMHAInvocationHandler (SCMHAInvocationHandler.java:invokeRatis(113)) - Invoking method public abstract void org.apache.hadoop.hdds.scm.pipeline.StateManager.updatePipelineState(org.apache.hadoop.hdds.protocol.proto.HddsProtos$PipelineID,org.apache.hadoop.hdds.protocol.proto.HddsProtos$PipelineState) throws java.io.IOException on target org.apache.hadoop.hdds.scm.ha.SCMRatisServerImpl@d965e82, cost 71826.532us
2021-08-27 19:21:15,075 [grpc-default-executor-0] INFO  server.RaftServer$Division (ServerState.java:setRaftConf(387)) - 7114ee9f-b20c-4a85-b13e-c38a422a401d@group-0289F99EAF61: set configuration 0: [879cfcac-0f36-4f91-b8b3-e9d7e01f977d|rpc:127.0.0.1:32853|dataStream:|priority:1, 7114ee9f-b20c-4a85-b13e-c38a422a401d|rpc:127.0.0.1:33505|dataStream:|priority:0, 73f911ca-52fc-4abb-a332-7dbce6ccb501|rpc:127.0.0.1:36141|dataStream:|priority:0], old=null
2021-08-27 19:21:15,075 [grpc-default-executor-0] INFO  segmented.SegmentedRaftLogWorker (SegmentedRaftLogWorker.java:startLogSegment(394)) - 7114ee9f-b20c-4a85-b13e-c38a422a401d@group-0289F99EAF61-SegmentedRaftLogWorker: Starting segment from index:0
2021-08-27 19:21:15,079 [grpc-default-executor-3] INFO  ratis.XceiverServerRatis (XceiverServerRatis.java:handleLeaderChangedNotification(861)) - Leader change notification received for group: group-0289F99EAF61 with new leaderId: 879cfcac-0f36-4f91-b8b3-e9d7e01f977d
2021-08-27 19:21:15,079 [grpc-default-executor-3] INFO  server.RaftServer$Division (ServerState.java:setLeader(285)) - 73f911ca-52fc-4abb-a332-7dbce6ccb501@group-0289F99EAF61: change Leader from null to 879cfcac-0f36-4f91-b8b3-e9d7e01f977d at term 3 for appendEntries, leader elected after 15705ms
2021-08-27 19:21:15,082 [73f911ca-52fc-4abb-a332-7dbce6ccb501@group-0289F99EAF61-LeaderElection32] INFO  impl.LeaderElection (LeaderElection.java:askForVotes(308)) - 73f911ca-52fc-4abb-a332-7dbce6ccb501@group-0289F99EAF61-LeaderElection32 ELECTION round 0: result REJECTED
2021-08-27 19:21:15,083 [7114ee9f-b20c-4a85-b13e-c38a422a401d@group-0289F99EAF61-SegmentedRaftLogWorker] INFO  segmented.SegmentedRaftLogWorker (SegmentedRaftLogWorker.java:execute(601)) - 7114ee9f-b20c-4a85-b13e-c38a422a401d@group-0289F99EAF61-SegmentedRaftLogWorker: created new log segment /home/runner/work/ozone/ozone/hadoop-ozone/integration-test/target/test-dir/MiniOzoneClusterImpl-cc6da7a1-649b-4db9-82e6-e71d50c67865/datanode-0/data/ratis/7b008c3c-c4d0-44ce-8214-0289f99eaf61/current/log_inprogress_0
2021-08-27 19:21:15,089 [7154479f-c658-4db8-83d8-3a22722b587d@group-E71D50C67865-StateMachineUpdater] INFO  ha.SCMStateMachine (SCMStateMachine.java:takeSnapshot(290)) - Current Snapshot Index 30, takeSnapshot took 0 ms
2021-08-27 19:21:15,089 [7154479f-c658-4db8-83d8-3a22722b587d@group-E71D50C67865-StateMachineUpdater] INFO  impl.StateMachineUpdater (StateMachineUpdater.java:takeSnapshot(281)) - 7154479f-c658-4db8-83d8-3a22722b587d@group-E71D50C67865-StateMachineUpdater: Took a snapshot at index 30
2021-08-27 19:21:15,089 [7154479f-c658-4db8-83d8-3a22722b587d@group-E71D50C67865-StateMachineUpdater] INFO  impl.StateMachineUpdater (StateMachineUpdater.java:lambda$new$0(89)) - 7154479f-c658-4db8-83d8-3a22722b587d@group-E71D50C67865-StateMachineUpdater: snapshotIndex: updateIncreasingly 25 -> 30
2021-08-27 19:21:15,089 [7154479f-c658-4db8-83d8-3a22722b587d@group-E71D50C67865-StateMachineUpdater] INFO  raftlog.RaftLog (RaftLogBase.java:purge(306)) - 7154479f-c658-4db8-83d8-3a22722b587d@group-E71D50C67865-SegmentedRaftLog: purge 30
2021-08-27 19:21:15,089 [7154479f-c658-4db8-83d8-3a22722b587d@group-E71D50C67865-StateMachineUpdater] INFO  raftlog.RaftLog (RaftLogBase.java:lambda$new$0(53)) - 7154479f-c658-4db8-83d8-3a22722b587d@group-E71D50C67865-SegmentedRaftLog: snapshotIndex: updateIncreasingly 25 -> 30
2021-08-27 19:21:15,089 [7154479f-c658-4db8-83d8-3a22722b587d@group-E71D50C67865-StateMachineUpdater] INFO  raftlog.RaftLog (RaftLogBase.java:lambda$new$0(53)) - 7154479f-c658-4db8-83d8-3a22722b587d@group-E71D50C67865-SegmentedRaftLog: purgeIndex: updateToMax old=25, new=30, updated? true
2021-08-27 19:21:15,104 [Listener at 127.0.0.1/13592] INFO  ha.SCMHAManagerImpl (SCMHAManagerImpl.java:installCheckpoint(227)) - Installing checkpoint with SCMTransactionInfo 2#25
2021-08-27 19:21:15,104 [Listener at 127.0.0.1/13592] WARN  ha.SCMHAManagerImpl (SCMHAManagerImpl.java:installCheckpoint(240)) - Cannot proceed with InstallSnapshot as SCM is at TermIndex (t:2, i:28) and checkpoint has lower TermIndex (t:2, i:25). Reloading old state of SCM.
2021-08-27 19:21:15,107 [Listener at 127.0.0.1/13592] INFO  ozone.MiniOzoneClusterImpl (MiniOzoneClusterImpl.java:shutdown(453)) - Shutting down the Mini Ozone Cluster
2021-08-27 19:21:15,107 [Listener at 127.0.0.1/13592] INFO  ozone.MiniOzoneHAClusterImpl (MiniOzoneHAClusterImpl.java:stop(298)) - Stopping the OzoneManager omNode-1
2021-08-27 19:21:15,107 [Listener at 127.0.0.1/13592] INFO  om.OzoneManager (OzoneManager.java:stop(1632)) - Stopping Ozone Manager
2021-08-27 19:21:15,107 [Listener at 127.0.0.1/13592] INFO  ipc.Server (Server.java:stop(3414)) - Stopping server on 13592
2021-08-27 19:21:15,111 [grpc-default-executor-0] INFO  server.RaftServer$Division (ServerState.java:setRaftConf(387)) - 73f911ca-52fc-4abb-a332-7dbce6ccb501@group-0289F99EAF61: set configuration 0: [879cfcac-0f36-4f91-b8b3-e9d7e01f977d|rpc:127.0.0.1:32853|dataStream:|priority:1, 7114ee9f-b20c-4a85-b13e-c38a422a401d|rpc:127.0.0.1:33505|dataStream:|priority:0, 73f911ca-52fc-4abb-a332-7dbce6ccb501|rpc:127.0.0.1:36141|dataStream:|priority:0], old=null
2021-08-27 19:21:15,112 [grpc-default-executor-0] INFO  segmented.SegmentedRaftLogWorker (SegmentedRaftLogWorker.java:startLogSegment(394)) - 73f911ca-52fc-4abb-a332-7dbce6ccb501@group-0289F99EAF61-SegmentedRaftLogWorker: Starting segment from index:0
2021-08-27 19:21:15,113 [73f911ca-52fc-4abb-a332-7dbce6ccb501@group-0289F99EAF61-SegmentedRaftLogWorker] INFO  segmented.SegmentedRaftLogWorker (SegmentedRaftLogWorker.java:execute(601)) - 73f911ca-52fc-4abb-a332-7dbce6ccb501@group-0289F99EAF61-SegmentedRaftLogWorker: created new log segment /home/runner/work/ozone/ozone/hadoop-ozone/integration-test/target/test-dir/MiniOzoneClusterImpl-cc6da7a1-649b-4db9-82e6-e71d50c67865/datanode-2/data/ratis/7b008c3c-c4d0-44ce-8214-0289f99eaf61/current/log_inprogress_0
2021-08-27 19:21:15,133 [IPC Server listener on 13592] INFO  ipc.Server (Server.java:run(1376)) - Stopping IPC Server listener on 13592
2021-08-27 19:21:15,134 [IPC Server Responder] INFO  ipc.Server (Server.java:run(1512)) - Stopping IPC Server Responder
2021-08-27 19:21:15,134 [Listener at 127.0.0.1/13592] INFO  server.RaftServer (RaftServerProxy.java:lambda$close$6(391)) - omNode-1: close
2021-08-27 19:21:15,134 [Listener at 127.0.0.1/13592] INFO  server.RaftServer$Division (RaftServerImpl.java:lambda$close$4(407)) - omNode-1@group-523986131536: shutdown
2021-08-27 19:21:15,134 [Listener at 127.0.0.1/13592] INFO  util.JmxRegister (JmxRegister.java:unregister(73)) - Successfully un-registered JMX Bean with object name Ratis:service=RaftServer,group=group-523986131536,id=omNode-1
2021-08-27 19:21:15,134 [Listener at 127.0.0.1/13592] INFO  impl.RoleInfo (RoleInfo.java:shutdownLeaderState(91)) - omNode-1: shutdown omNode-1@group-523986131536-LeaderStateImpl
2021-08-27 19:21:15,135 [Listener at 127.0.0.1/13592] INFO  impl.PendingRequests (PendingRequests.java:sendNotLeaderResponses(282)) - omNode-1@group-523986131536-PendingRequests: sendNotLeaderResponses
2021-08-27 19:21:15,135 [Listener at 127.0.0.1/13592] INFO  impl.StateMachineUpdater (StateMachineUpdater.java:stopAndJoin(149)) - omNode-1@group-523986131536-StateMachineUpdater: set stopIndex = 0
2021-08-27 19:21:15,135 [omNode-1@group-523986131536-StateMachineUpdater] INFO  ratis.OzoneManagerStateMachine (OzoneManagerStateMachine.java:takeSnapshot(417)) - Current Snapshot Index (t:1, i:0)
2021-08-27 19:21:15,135 [omNode-1@group-523986131536-StateMachineUpdater] INFO  impl.StateMachineUpdater (StateMachineUpdater.java:takeSnapshot(281)) - omNode-1@group-523986131536-StateMachineUpdater: Took a snapshot at index 0
2021-08-27 19:21:15,136 [omNode-1@group-523986131536-StateMachineUpdater] INFO  impl.StateMachineUpdater (StateMachineUpdater.java:lambda$new$0(89)) - omNode-1@group-523986131536-StateMachineUpdater: snapshotIndex: updateIncreasingly -1 -> 0
2021-08-27 19:21:15,136 [omNode-1@group-523986131536-StateMachineUpdater] INFO  ratis.OzoneManagerStateMachine (OzoneManagerStateMachine.java:close(471)) - StateMachine has shutdown. Shutdown OzoneManager if not already shutdown.
2021-08-27 19:21:15,137 [Listener at 127.0.0.1/13592] INFO  server.RaftServer$Division (ServerState.java:close(419)) - omNode-1@group-523986131536: closes. applyIndex: 0
2021-08-27 19:21:15,137 [omNode-1@group-523986131536-SegmentedRaftLogWorker] INFO  segmented.SegmentedRaftLogWorker (SegmentedRaftLogWorker.java:run(327)) - omNode-1@group-523986131536-SegmentedRaftLogWorker was interrupted, exiting. There are 0 tasks remaining in the queue.
2021-08-27 19:21:15,143 [Listener at 127.0.0.1/13592] INFO  segmented.SegmentedRaftLogWorker (SegmentedRaftLogWorker.java:close(237)) - omNode-1@group-523986131536-SegmentedRaftLogWorker close()
2021-08-27 19:21:15,148 [Listener at 127.0.0.1/13592] INFO  server.GrpcService (GrpcService.java:closeImpl(262)) - omNode-1: shutdown server with port 13596 now
2021-08-27 19:21:15,152 [Listener at 127.0.0.1/13592] INFO  server.GrpcService (GrpcService.java:closeImpl(271)) - omNode-1: shutdown server with port 13596 successfully
2021-08-27 19:21:15,152 [org.apache.ratis.util.JvmPauseMonitor$$Lambda$499/1326998608@24c8fc2b] INFO  util.JvmPauseMonitor (JvmPauseMonitor.java:run(109)) - JvmPauseMonitor-omNode-1: Stopped
2021-08-27 19:21:15,152 [Listener at 127.0.0.1/13592] INFO  ratis.OzoneManagerDoubleBuffer (OzoneManagerDoubleBuffer.java:stop(437)) - Stopping OMDoubleBuffer flush thread
2021-08-27 19:21:15,152 [OMDoubleBufferFlushThread] INFO  ratis.OzoneManagerDoubleBuffer (OzoneManagerDoubleBuffer.java:flushTransactions(356)) - OMDoubleBuffer flush thread OMDoubleBufferFlushThread is interrupted and will exit. OMDoubleBufferFlushThread
2021-08-27 19:21:15,153 [Listener at 127.0.0.1/13592] INFO  utils.BackgroundService (BackgroundService.java:shutdown(132)) - Shutting down service KeyDeletingService
2021-08-27 19:21:15,153 [Listener at 127.0.0.1/13592] INFO  handler.ContextHandler (ContextHandler.java:doStop(1153)) - Stopped o.e.j.w.WebAppContext@60b1df88{ozoneManager,/,null,STOPPED}{file:/home/runner/work/ozone/ozone/hadoop-ozone/integration-test/target/test-classes/webapps/ozoneManager}
2021-08-27 19:21:15,154 [Listener at 127.0.0.1/13592] INFO  server.AbstractConnector (AbstractConnector.java:doStop(381)) - Stopped ServerConnector@368f071d{HTTP/1.1, (http/1.1)}{0.0.0.0:13594}
2021-08-27 19:21:15,154 [Listener at 127.0.0.1/13592] INFO  server.session (HouseKeeper.java:stopScavenging(149)) - node0 Stopped scavenging
2021-08-27 19:21:15,155 [Listener at 127.0.0.1/13592] INFO  handler.ContextHandler (ContextHandler.java:doStop(1153)) - Stopped o.e.j.s.ServletContextHandler@5ad43a90{static,/static,file:///home/runner/work/ozone/ozone/hadoop-ozone/integration-test/target/test-classes/webapps/static,STOPPED}
2021-08-27 19:21:15,155 [Listener at 127.0.0.1/13592] INFO  handler.ContextHandler (ContextHandler.java:doStop(1153)) - Stopped o.e.j.s.ServletContextHandler@6dc92399{logs,/logs,file:///home/runner/work/ozone/ozone/hadoop-ozone/integration-test/target/log,STOPPED}
2021-08-27 19:21:15,158 [Listener at 127.0.0.1/13592] INFO  ozone.MiniOzoneHAClusterImpl (MiniOzoneHAClusterImpl.java:stop(306)) - Stopping the StorageContainerManager 27aea111-c761-4159-8f56-4b18a0a94018
2021-08-27 19:21:15,158 [Listener at 127.0.0.1/13592] INFO  server.StorageContainerManager (StorageContainerManager.java:stop(1349)) - Stopping Container Balancer service.
2021-08-27 19:21:15,159 [Listener at 127.0.0.1/13592] INFO  balancer.ContainerBalancer (ContainerBalancer.java:stop(721)) - Container Balancer is not running.
2021-08-27 19:21:15,159 [Listener at 127.0.0.1/13592] INFO  server.StorageContainerManager (StorageContainerManager.java:stop(1356)) - Stopping Replication Manager Service.
2021-08-27 19:21:15,159 [Listener at 127.0.0.1/13592] INFO  container.ReplicationManager (ReplicationManager.java:stop(338)) - Stopping Replication Monitor Thread.
2021-08-27 19:21:15,160 [Listener at 127.0.0.1/13592] INFO  server.StorageContainerManager (StorageContainerManager.java:stop(1363)) - Stopping the Datanode Admin Monitor.
2021-08-27 19:21:15,161 [Listener at 127.0.0.1/13592] INFO  server.StorageContainerManager (StorageContainerManager.java:stop(1370)) - Stopping Lease Manager of the command watchers
2021-08-27 19:21:15,161 [Listener at 127.0.0.1/13592] INFO  server.StorageContainerManager (StorageContainerManager.java:stop(1377)) - Stopping datanode service RPC server
2021-08-27 19:21:15,161 [Listener at 127.0.0.1/13592] INFO  server.SCMDatanodeProtocolServer (SCMDatanodeProtocolServer.java:stop(389)) - Stopping the RPC server for DataNodes
2021-08-27 19:21:15,161 [Listener at 127.0.0.1/13592] INFO  ipc.Server (Server.java:stop(3414)) - Stopping server on 13935
2021-08-27 19:21:15,169 [IPC Server listener on 13935] INFO  ipc.Server (Server.java:run(1376)) - Stopping IPC Server listener on 13935
2021-08-27 19:21:15,169 [IPC Server Responder] INFO  ipc.Server (Server.java:run(1512)) - Stopping IPC Server Responder
2021-08-27 19:21:15,179 [SCM Heartbeat Processing Thread - 0] WARN  node.NodeStateManager (NodeStateManager.java:scheduleNextHealthCheck(799)) - Current Thread is interrupted, shutting down HB processing thread for Node Manager.
2021-08-27 19:21:15,182 [Listener at 127.0.0.1/13592] INFO  server.StorageContainerManager (StorageContainerManager.java:stop(1385)) - Stopping block service RPC server
2021-08-27 19:21:15,182 [Listener at 127.0.0.1/13592] INFO  server.SCMBlockProtocolServer (SCMBlockProtocolServer.java:stop(160)) - Stopping the RPC server for Block Protocol
2021-08-27 19:21:15,183 [Listener at 127.0.0.1/13592] INFO  ipc.Server (Server.java:stop(3414)) - Stopping server on 13936
2021-08-27 19:21:15,184 [IPC Server listener on 13936] INFO  ipc.Server (Server.java:run(1376)) - Stopping IPC Server listener on 13936
2021-08-27 19:21:15,186 [IPC Server Responder] INFO  ipc.Server (Server.java:run(1512)) - Stopping IPC Server Responder
2021-08-27 19:21:15,186 [Listener at 127.0.0.1/13592] INFO  server.StorageContainerManager (StorageContainerManager.java:stop(1392)) - Stopping the StorageContainerLocationProtocol RPC server
2021-08-27 19:21:15,186 [Listener at 127.0.0.1/13592] INFO  server.SCMClientProtocolServer (SCMClientProtocolServer.java:stop(173)) - Stopping the RPC server for Client Protocol
2021-08-27 19:21:15,186 [Listener at 127.0.0.1/13592] INFO  ipc.Server (Server.java:stop(3414)) - Stopping server on 13937
2021-08-27 19:21:15,194 [IPC Server listener on 13937] INFO  ipc.Server (Server.java:run(1376)) - Stopping IPC Server listener on 13937
2021-08-27 19:21:15,194 [Listener at 127.0.0.1/13592] INFO  server.StorageContainerManager (StorageContainerManager.java:stop(1399)) - Stopping Storage Container Manager HTTP server.
2021-08-27 19:21:15,195 [IPC Server Responder] INFO  ipc.Server (Server.java:run(1512)) - Stopping IPC Server Responder
2021-08-27 19:21:15,203 [Listener at 127.0.0.1/13592] INFO  handler.ContextHandler (ContextHandler.java:doStop(1153)) - Stopped o.e.j.w.WebAppContext@4c39c972{scm,/,null,STOPPED}{file:/home/runner/work/ozone/ozone/hadoop-ozone/integration-test/target/test-classes/webapps/scm}
2021-08-27 19:21:15,205 [Listener at 127.0.0.1/13592] INFO  server.AbstractConnector (AbstractConnector.java:doStop(381)) - Stopped ServerConnector@1b75f094{HTTP/1.1, (http/1.1)}{0.0.0.0:13932}
2021-08-27 19:21:15,206 [Listener at 127.0.0.1/13592] INFO  server.session (HouseKeeper.java:stopScavenging(149)) - node0 Stopped scavenging
2021-08-27 19:21:15,206 [Listener at 127.0.0.1/13592] INFO  handler.ContextHandler (ContextHandler.java:doStop(1153)) - Stopped o.e.j.s.ServletContextHandler@14719b71{static,/static,file:///home/runner/work/ozone/ozone/hadoop-ozone/integration-test/target/test-classes/webapps/static,STOPPED}
2021-08-27 19:21:15,206 [Listener at 127.0.0.1/13592] INFO  handler.ContextHandler (ContextHandler.java:doStop(1153)) - Stopped o.e.j.s.ServletContextHandler@6f182a43{logs,/logs,file:///home/runner/work/ozone/ozone/hadoop-ozone/integration-test/target/log,STOPPED}
2021-08-27 19:21:15,207 [Listener at 127.0.0.1/13592] INFO  server.StorageContainerManager (StorageContainerManager.java:stop(1410)) - Stopping Block Manager Service.
2021-08-27 19:21:15,207 [Listener at 127.0.0.1/13592] INFO  utils.BackgroundService (BackgroundService.java:shutdown(132)) - Shutting down service SCMBlockDeletingService
2021-08-27 19:21:15,208 [Listener at 127.0.0.1/13592] INFO  utils.BackgroundService (BackgroundService.java:shutdown(132)) - Shutting down service SCMBlockDeletingService
2021-08-27 19:21:15,208 [Listener at 127.0.0.1/13592] INFO  server.StorageContainerManager (StorageContainerManager.java:stop(1437)) - Stopping SCM Event Queue.
2021-08-27 19:21:15,210 [EndpointStateMachine task thread for /127.0.0.1:13935 - 0 ] WARN  statemachine.EndpointStateMachine (EndpointStateMachine.java:logIfNeeded(236)) - Unable to communicate to SCM server at 127.0.0.1:13935 for past 0 seconds.
java.io.EOFException: End of File Exception between local host is: "fv-az59-836/10.1.0.82"; destination host is: "localhost":13935; : java.io.EOFException; For more details see:  http://wiki.apache.org/hadoop/EOFException
	at sun.reflect.NativeConstructorAccessorImpl.newInstance0(Native Method)
	at sun.reflect.NativeConstructorAccessorImpl.newInstance(NativeConstructorAccessorImpl.java:62)
	at sun.reflect.DelegatingConstructorAccessorImpl.newInstance(DelegatingConstructorAccessorImpl.java:45)
	at java.lang.reflect.Constructor.newInstance(Constructor.java:423)
	at org.apache.hadoop.net.NetUtils.wrapWithMessage(NetUtils.java:913)
	at org.apache.hadoop.net.NetUtils.wrapException(NetUtils.java:862)
	at org.apache.hadoop.ipc.Client.getRpcResponse(Client.java:1577)
	at org.apache.hadoop.ipc.Client.call(Client.java:1519)
	at org.apache.hadoop.ipc.Client.call(Client.java:1416)
	at org.apache.hadoop.ipc.ProtobufRpcEngine$Invoker.invoke(ProtobufRpcEngine.java:236)
	at org.apache.hadoop.ipc.ProtobufRpcEngine$Invoker.invoke(ProtobufRpcEngine.java:123)
	at com.sun.proxy.$Proxy48.submitRequest(Unknown Source)
	at org.apache.hadoop.ozone.protocolPB.StorageContainerDatanodeProtocolClientSideTranslatorPB.submitRequest(StorageContainerDatanodeProtocolClientSideTranslatorPB.java:117)
	at org.apache.hadoop.ozone.protocolPB.StorageContainerDatanodeProtocolClientSideTranslatorPB.sendHeartbeat(StorageContainerDatanodeProtocolClientSideTranslatorPB.java:149)
	at org.apache.hadoop.ozone.container.common.states.endpoint.HeartbeatEndpointTask.call(HeartbeatEndpointTask.java:179)
	at org.apache.hadoop.ozone.container.common.states.endpoint.HeartbeatEndpointTask.call(HeartbeatEndpointTask.java:82)
	at java.util.concurrent.FutureTask.run(FutureTask.java:266)
	at java.util.concurrent.ThreadPoolExecutor.runWorker(ThreadPoolExecutor.java:1149)
	at java.util.concurrent.ThreadPoolExecutor$Worker.run(ThreadPoolExecutor.java:624)
	at java.lang.Thread.run(Thread.java:748)
Caused by: java.io.EOFException
	at java.io.DataInputStream.readInt(DataInputStream.java:392)
	at org.apache.hadoop.ipc.Client$IpcStreams.readResponse(Client.java:1892)
	at org.apache.hadoop.ipc.Client$Connection.receiveRpcResponse(Client.java:1202)
	at org.apache.hadoop.ipc.Client$Connection.run(Client.java:1098)
2021-08-27 19:21:15,215 [Listener at 127.0.0.1/13592] INFO  server.StorageContainerManager (StorageContainerManager.java:stop(1448)) - Stopping SCM HA services.
2021-08-27 19:21:15,215 [Listener at 127.0.0.1/13592] INFO  ha.SCMRatisServerImpl (SCMRatisServerImpl.java:stop(236)) - stopping ratis server 0.0.0.0:13934
2021-08-27 19:21:15,216 [IPC Server handler 16 on default port 13945] INFO  net.NetworkTopologyImpl (NetworkTopologyImpl.java:add(112)) - Added a new node: /default-rack/73f911ca-52fc-4abb-a332-7dbce6ccb501
2021-08-27 19:21:15,216 [IPC Server handler 16 on default port 13945] INFO  node.SCMNodeManager (SCMNodeManager.java:register(390)) - Registered Data node : 73f911ca-52fc-4abb-a332-7dbce6ccb501{ip: 127.0.0.1, host: localhost, ports: [REPLICATION=39673, RATIS=36141, RATIS_ADMIN=36141, RATIS_SERVER=36141, STANDALONE=45881], networkLocation: /default-rack, certSerialId: null, persistedOpState: null, persistedOpStateExpiryEpochSec: 0}
2021-08-27 19:21:15,216 [EventQueue-NewNodeForNewNodeHandler] INFO  pipeline.BackgroundPipelineCreator (BackgroundPipelineCreatorV2.java:notifyEventTriggered(279)) - ignore, not leader SCM.
2021-08-27 19:21:15,216 [Listener at 127.0.0.1/13592] INFO  server.RaftServer (RaftServerProxy.java:lambda$close$6(391)) - 27aea111-c761-4159-8f56-4b18a0a94018: close
2021-08-27 19:21:15,216 [Listener at 127.0.0.1/13592] INFO  server.RaftServer$Division (RaftServerImpl.java:lambda$close$4(407)) - 27aea111-c761-4159-8f56-4b18a0a94018@group-E71D50C67865: shutdown
2021-08-27 19:21:15,216 [Listener at 127.0.0.1/13592] INFO  util.JmxRegister (JmxRegister.java:unregister(73)) - Successfully un-registered JMX Bean with object name Ratis:service=RaftServer,group=group-E71D50C67865,id=27aea111-c761-4159-8f56-4b18a0a94018
2021-08-27 19:21:15,216 [Listener at 127.0.0.1/13592] INFO  impl.RoleInfo (RoleInfo.java:shutdownFollowerState(108)) - 27aea111-c761-4159-8f56-4b18a0a94018: shutdown 27aea111-c761-4159-8f56-4b18a0a94018@group-E71D50C67865-FollowerState
2021-08-27 19:21:15,219 [EndpointStateMachine task thread for /127.0.0.1:14961 - 0 ] INFO  ipc.Client (Client.java:handleConnectionFailure(977)) - Retrying connect to server: localhost/127.0.0.1:14961. Already tried 10 time(s); retry policy is RetryUpToMaximumCountWithFixedSleep(maxRetries=15, sleepTime=1000 MILLISECONDS)
2021-08-27 19:21:15,226 [Listener at 127.0.0.1/13592] INFO  impl.StateMachineUpdater (StateMachineUpdater.java:stopAndJoin(149)) - 27aea111-c761-4159-8f56-4b18a0a94018@group-E71D50C67865-StateMachineUpdater: set stopIndex = 29
2021-08-27 19:21:15,227 [27aea111-c761-4159-8f56-4b18a0a94018@group-E71D50C67865-StateMachineUpdater] INFO  ha.SCMStateMachine (SCMStateMachine.java:takeSnapshot(290)) - Current Snapshot Index 29, takeSnapshot took 1 ms
2021-08-27 19:21:15,227 [27aea111-c761-4159-8f56-4b18a0a94018@group-E71D50C67865-StateMachineUpdater] INFO  impl.StateMachineUpdater (StateMachineUpdater.java:takeSnapshot(281)) - 27aea111-c761-4159-8f56-4b18a0a94018@group-E71D50C67865-StateMachineUpdater: Took a snapshot at index 29
2021-08-27 19:21:15,227 [27aea111-c761-4159-8f56-4b18a0a94018@group-E71D50C67865-StateMachineUpdater] INFO  impl.StateMachineUpdater (StateMachineUpdater.java:lambda$new$0(89)) - 27aea111-c761-4159-8f56-4b18a0a94018@group-E71D50C67865-StateMachineUpdater: snapshotIndex: updateIncreasingly 25 -> 29
2021-08-27 19:21:15,227 [Listener at 127.0.0.1/13592] INFO  server.RaftServer$Division (ServerState.java:close(419)) - 27aea111-c761-4159-8f56-4b18a0a94018@group-E71D50C67865: closes. applyIndex: 28
2021-08-27 19:21:15,226 [27aea111-c761-4159-8f56-4b18a0a94018@group-E71D50C67865-FollowerState] INFO  impl.FollowerState (FollowerState.java:run(143)) - 27aea111-c761-4159-8f56-4b18a0a94018@group-E71D50C67865-FollowerState was interrupted: {}
java.lang.InterruptedException: sleep interrupted
	at java.lang.Thread.sleep(Native Method)
	at java.lang.Thread.sleep(Thread.java:340)
	at java.util.concurrent.TimeUnit.sleep(TimeUnit.java:386)
	at org.apache.ratis.util.TimeDuration.sleep(TimeDuration.java:324)
	at org.apache.ratis.util.TimeDuration.sleep(TimeDuration.java:309)
	at org.apache.ratis.server.impl.FollowerState.run(FollowerState.java:118)
2021-08-27 19:21:15,227 [27aea111-c761-4159-8f56-4b18a0a94018@group-E71D50C67865-SegmentedRaftLogWorker] INFO  segmented.SegmentedRaftLogWorker (SegmentedRaftLogWorker.java:run(327)) - 27aea111-c761-4159-8f56-4b18a0a94018@group-E71D50C67865-SegmentedRaftLogWorker was interrupted, exiting. There are 0 tasks remaining in the queue.
2021-08-27 19:21:15,230 [Listener at 127.0.0.1/13592] INFO  segmented.SegmentedRaftLogWorker (SegmentedRaftLogWorker.java:close(237)) - 27aea111-c761-4159-8f56-4b18a0a94018@group-E71D50C67865-SegmentedRaftLogWorker close()
2021-08-27 19:21:15,232 [Listener at 127.0.0.1/13592] INFO  server.GrpcService (GrpcService.java:closeImpl(262)) - 27aea111-c761-4159-8f56-4b18a0a94018: shutdown server with port 13934 now
2021-08-27 19:21:15,244 [grpc-default-executor-0] WARN  server.GrpcServerProtocolService (LogUtils.java:warn(122)) - 27aea111-c761-4159-8f56-4b18a0a94018: installSnapshot onError, lastRequest: 7154479f-c658-4db8-83d8-3a22722b587d->27aea111-c761-4159-8f56-4b18a0a94018#952-t2,previous=(t:2, i:29),leaderCommit=29,initializing? true,entries: size=1, first=(t:2, i:30), METADATAENTRY(c:29): org.apache.ratis.thirdparty.io.grpc.StatusRuntimeException: CANCELLED: client cancelled
2021-08-27 19:21:15,247 [grpc-default-executor-3] WARN  server.GrpcLogAppender (LogUtils.java:warn(122)) - 7154479f-c658-4db8-83d8-3a22722b587d@group-E71D50C67865->27aea111-c761-4159-8f56-4b18a0a94018-AppendLogResponseHandler: Failed appendEntries: org.apache.ratis.thirdparty.io.grpc.StatusRuntimeException: CANCELLED: HTTP/2 error code: CANCEL
Received Rst Stream
2021-08-27 19:21:15,247 [grpc-default-executor-3] INFO  leader.FollowerInfo (FollowerInfoImpl.java:lambda$new$0(46)) - 7154479f-c658-4db8-83d8-3a22722b587d@group-E71D50C67865->27aea111-c761-4159-8f56-4b18a0a94018: nextIndex: updateUnconditionally 31 -> 30
2021-08-27 19:21:15,251 [Listener at 127.0.0.1/13592] INFO  server.GrpcService (GrpcService.java:closeImpl(271)) - 27aea111-c761-4159-8f56-4b18a0a94018: shutdown server with port 13934 successfully
2021-08-27 19:21:15,253 [org.apache.ratis.util.JvmPauseMonitor$$Lambda$499/1326998608@62b81449] INFO  util.JvmPauseMonitor (JvmPauseMonitor.java:run(109)) - JvmPauseMonitor-27aea111-c761-4159-8f56-4b18a0a94018: Stopped
2021-08-27 19:21:15,253 [Listener at 127.0.0.1/13592] INFO  pipeline.BackgroundPipelineCreator (BackgroundPipelineCreatorV2.java:stop(158)) - Stopping RatisPipelineUtilsThread.
2021-08-27 19:21:15,254 [Listener at 127.0.0.1/13592] INFO  server.StorageContainerManager (StorageContainerManager.java:stop(1458)) - Stopping SCM MetadataStore.
2021-08-27 19:21:15,254 [Listener at 127.0.0.1/13592] INFO  impl.MetricsSystemImpl (MetricsSystemImpl.java:stop(210)) - Stopping StorageContainerManager metrics system...
2021-08-27 19:21:15,262 [prometheus] INFO  impl.MetricsSinkAdapter (MetricsSinkAdapter.java:publishMetricsFromQueue(141)) - prometheus thread interrupted.
2021-08-27 19:21:15,263 [Listener at 127.0.0.1/13592] INFO  impl.MetricsSystemImpl (MetricsSystemImpl.java:stop(216)) - StorageContainerManager metrics system stopped.
2021-08-27 19:21:15,264 [Listener at 127.0.0.1/13592] INFO  ozone.MiniOzoneHAClusterImpl (MiniOzoneHAClusterImpl.java:stop(306)) - Stopping the StorageContainerManager d21fb43e-e5ae-4596-9449-4ac761036bdb
2021-08-27 19:21:15,264 [Listener at 127.0.0.1/13592] INFO  server.StorageContainerManager (StorageContainerManager.java:stop(1349)) - Stopping Container Balancer service.
2021-08-27 19:21:15,264 [Listener at 127.0.0.1/13592] INFO  balancer.ContainerBalancer (ContainerBalancer.java:stop(721)) - Container Balancer is not running.
2021-08-27 19:21:15,264 [Listener at 127.0.0.1/13592] INFO  server.StorageContainerManager (StorageContainerManager.java:stop(1356)) - Stopping Replication Manager Service.
2021-08-27 19:21:15,264 [Listener at 127.0.0.1/13592] INFO  container.ReplicationManager (ReplicationManager.java:stop(338)) - Stopping Replication Monitor Thread.
2021-08-27 19:21:15,264 [Listener at 127.0.0.1/13592] INFO  server.StorageContainerManager (StorageContainerManager.java:stop(1363)) - Stopping the Datanode Admin Monitor.
2021-08-27 19:21:15,263 [grpc-default-executor-0] WARN  server.GrpcLogAppender (LogUtils.java:warn(122)) - 7154479f-c658-4db8-83d8-3a22722b587d@group-E71D50C67865->27aea111-c761-4159-8f56-4b18a0a94018-AppendLogResponseHandler: Failed appendEntries: org.apache.ratis.thirdparty.io.grpc.StatusRuntimeException: UNAVAILABLE: io exception
2021-08-27 19:21:15,265 [grpc-default-executor-0] INFO  leader.FollowerInfo (FollowerInfoImpl.java:lambda$new$0(46)) - 7154479f-c658-4db8-83d8-3a22722b587d@group-E71D50C67865->27aea111-c761-4159-8f56-4b18a0a94018: nextIndex: updateUnconditionally 31 -> 30
2021-08-27 19:21:15,268 [Listener at 127.0.0.1/13592] INFO  server.StorageContainerManager (StorageContainerManager.java:stop(1370)) - Stopping Lease Manager of the command watchers
2021-08-27 19:21:15,268 [Listener at 127.0.0.1/13592] INFO  server.StorageContainerManager (StorageContainerManager.java:stop(1377)) - Stopping datanode service RPC server
2021-08-27 19:21:15,268 [Listener at 127.0.0.1/13592] INFO  server.SCMDatanodeProtocolServer (SCMDatanodeProtocolServer.java:stop(389)) - Stopping the RPC server for DataNodes
2021-08-27 19:21:15,269 [Listener at 127.0.0.1/13592] INFO  ipc.Server (Server.java:stop(3414)) - Stopping server on 13945
2021-08-27 19:21:15,269 [IPC Server listener on 13945] INFO  ipc.Server (Server.java:run(1376)) - Stopping IPC Server listener on 13945
2021-08-27 19:21:15,271 [IPC Server Responder] INFO  ipc.Server (Server.java:run(1512)) - Stopping IPC Server Responder
2021-08-27 19:21:15,282 [SCM Heartbeat Processing Thread - 0] WARN  node.NodeStateManager (NodeStateManager.java:scheduleNextHealthCheck(799)) - Current Thread is interrupted, shutting down HB processing thread for Node Manager.
2021-08-27 19:21:15,282 [Listener at 127.0.0.1/13592] INFO  server.StorageContainerManager (StorageContainerManager.java:stop(1385)) - Stopping block service RPC server
2021-08-27 19:21:15,283 [Listener at 127.0.0.1/13592] INFO  server.SCMBlockProtocolServer (SCMBlockProtocolServer.java:stop(160)) - Stopping the RPC server for Block Protocol
2021-08-27 19:21:15,283 [Listener at 127.0.0.1/13592] INFO  ipc.Server (Server.java:stop(3414)) - Stopping server on 13946
2021-08-27 19:21:15,283 [IPC Server listener on 13946] INFO  ipc.Server (Server.java:run(1376)) - Stopping IPC Server listener on 13946
2021-08-27 19:21:15,286 [Listener at 127.0.0.1/13592] INFO  server.StorageContainerManager (StorageContainerManager.java:stop(1392)) - Stopping the StorageContainerLocationProtocol RPC server
2021-08-27 19:21:15,287 [Listener at 127.0.0.1/13592] INFO  server.SCMClientProtocolServer (SCMClientProtocolServer.java:stop(173)) - Stopping the RPC server for Client Protocol
2021-08-27 19:21:15,287 [Listener at 127.0.0.1/13592] INFO  ipc.Server (Server.java:stop(3414)) - Stopping server on 13947
2021-08-27 19:21:15,287 [IPC Server Responder] INFO  ipc.Server (Server.java:run(1512)) - Stopping IPC Server Responder
2021-08-27 19:21:15,298 [IPC Server listener on 13947] INFO  ipc.Server (Server.java:run(1376)) - Stopping IPC Server listener on 13947
2021-08-27 19:21:15,298 [Listener at 127.0.0.1/13592] INFO  server.StorageContainerManager (StorageContainerManager.java:stop(1399)) - Stopping Storage Container Manager HTTP server.
2021-08-27 19:21:15,299 [Listener at 127.0.0.1/13592] INFO  handler.ContextHandler (ContextHandler.java:doStop(1153)) - Stopped o.e.j.w.WebAppContext@147a07cd{scm,/,null,STOPPED}{file:/home/runner/work/ozone/ozone/hadoop-ozone/integration-test/target/test-classes/webapps/scm}
2021-08-27 19:21:15,299 [IPC Server Responder] INFO  ipc.Server (Server.java:run(1512)) - Stopping IPC Server Responder
2021-08-27 19:21:15,300 [Listener at 127.0.0.1/13592] INFO  server.AbstractConnector (AbstractConnector.java:doStop(381)) - Stopped ServerConnector@2f2fda15{HTTP/1.1, (http/1.1)}{0.0.0.0:13942}
2021-08-27 19:21:15,300 [Listener at 127.0.0.1/13592] INFO  server.session (HouseKeeper.java:stopScavenging(149)) - node0 Stopped scavenging
2021-08-27 19:21:15,301 [Listener at 127.0.0.1/13592] INFO  handler.ContextHandler (ContextHandler.java:doStop(1153)) - Stopped o.e.j.s.ServletContextHandler@ea9f9ef{static,/static,file:///home/runner/work/ozone/ozone/hadoop-ozone/integration-test/target/test-classes/webapps/static,STOPPED}
2021-08-27 19:21:15,301 [Listener at 127.0.0.1/13592] INFO  handler.ContextHandler (ContextHandler.java:doStop(1153)) - Stopped o.e.j.s.ServletContextHandler@68aa14fa{logs,/logs,file:///home/runner/work/ozone/ozone/hadoop-ozone/integration-test/target/log,STOPPED}
2021-08-27 19:21:15,307 [Listener at 127.0.0.1/13592] INFO  server.StorageContainerManager (StorageContainerManager.java:stop(1410)) - Stopping Block Manager Service.
2021-08-27 19:21:15,307 [Listener at 127.0.0.1/13592] INFO  utils.BackgroundService (BackgroundService.java:shutdown(132)) - Shutting down service SCMBlockDeletingService
2021-08-27 19:21:15,307 [Listener at 127.0.0.1/13592] INFO  utils.BackgroundService (BackgroundService.java:shutdown(132)) - Shutting down service SCMBlockDeletingService
2021-08-27 19:21:15,310 [Listener at 127.0.0.1/13592] INFO  server.StorageContainerManager (StorageContainerManager.java:stop(1437)) - Stopping SCM Event Queue.
2021-08-27 19:21:15,311 [Listener at 127.0.0.1/13592] INFO  server.StorageContainerManager (StorageContainerManager.java:stop(1448)) - Stopping SCM HA services.
2021-08-27 19:21:15,311 [Listener at 127.0.0.1/13592] INFO  ha.SCMRatisServerImpl (SCMRatisServerImpl.java:stop(236)) - stopping ratis server 0.0.0.0:13944
2021-08-27 19:21:15,312 [Listener at 127.0.0.1/13592] INFO  server.RaftServer (RaftServerProxy.java:lambda$close$6(391)) - d21fb43e-e5ae-4596-9449-4ac761036bdb: close
2021-08-27 19:21:15,312 [Listener at 127.0.0.1/13592] INFO  server.GrpcService (GrpcService.java:closeImpl(262)) - d21fb43e-e5ae-4596-9449-4ac761036bdb: shutdown server with port 13944 now
2021-08-27 19:21:15,327 [grpc-default-executor-3] WARN  server.GrpcServerProtocolService (LogUtils.java:warn(122)) - d21fb43e-e5ae-4596-9449-4ac761036bdb: installSnapshot onError, lastRequest: 7154479f-c658-4db8-83d8-3a22722b587d->d21fb43e-e5ae-4596-9449-4ac761036bdb#62-t2,previous=(t:2, i:29),leaderCommit=29,initializing? true,entries: size=1, first=(t:2, i:30), METADATAENTRY(c:29): org.apache.ratis.thirdparty.io.grpc.StatusRuntimeException: CANCELLED: client cancelled
2021-08-27 19:21:15,328 [Listener at 127.0.0.1/13592] INFO  server.GrpcService (GrpcService.java:closeImpl(271)) - d21fb43e-e5ae-4596-9449-4ac761036bdb: shutdown server with port 13944 successfully
2021-08-27 19:21:15,328 [org.apache.ratis.util.JvmPauseMonitor$$Lambda$499/1326998608@2665016d] INFO  util.JvmPauseMonitor (JvmPauseMonitor.java:run(109)) - JvmPauseMonitor-d21fb43e-e5ae-4596-9449-4ac761036bdb: Stopped
2021-08-27 19:21:15,328 [grpc-default-executor-0] WARN  server.GrpcLogAppender (LogUtils.java:warn(122)) - 7154479f-c658-4db8-83d8-3a22722b587d@group-E71D50C67865->d21fb43e-e5ae-4596-9449-4ac761036bdb-AppendLogResponseHandler: Failed appendEntries: org.apache.ratis.thirdparty.io.grpc.StatusRuntimeException: CANCELLED: HTTP/2 error code: CANCEL
Received Rst Stream
2021-08-27 19:21:15,328 [grpc-default-executor-0] INFO  leader.FollowerInfo (FollowerInfoImpl.java:lambda$new$0(46)) - 7154479f-c658-4db8-83d8-3a22722b587d@group-E71D50C67865->d21fb43e-e5ae-4596-9449-4ac761036bdb: nextIndex: updateUnconditionally 31 -> 30
2021-08-27 19:21:15,328 [Listener at 127.0.0.1/13592] INFO  pipeline.BackgroundPipelineCreator (BackgroundPipelineCreatorV2.java:stop(158)) - Stopping RatisPipelineUtilsThread.
2021-08-27 19:21:15,329 [Listener at 127.0.0.1/13592] INFO  server.StorageContainerManager (StorageContainerManager.java:stop(1458)) - Stopping SCM MetadataStore.
2021-08-27 19:21:15,330 [Listener at 127.0.0.1/13592] INFO  impl.MetricsSystemImpl (MetricsSystemImpl.java:stop(205)) - StorageContainerManager metrics system stopped (again)
2021-08-27 19:21:15,330 [Listener at 127.0.0.1/13592] INFO  ozone.MiniOzoneHAClusterImpl (MiniOzoneHAClusterImpl.java:stop(306)) - Stopping the StorageContainerManager 7154479f-c658-4db8-83d8-3a22722b587d
2021-08-27 19:21:15,330 [Listener at 127.0.0.1/13592] INFO  server.StorageContainerManager (StorageContainerManager.java:stop(1349)) - Stopping Container Balancer service.
2021-08-27 19:21:15,330 [Listener at 127.0.0.1/13592] INFO  balancer.ContainerBalancer (ContainerBalancer.java:stop(721)) - Container Balancer is not running.
2021-08-27 19:21:15,330 [Listener at 127.0.0.1/13592] INFO  server.StorageContainerManager (StorageContainerManager.java:stop(1356)) - Stopping Replication Manager Service.
2021-08-27 19:21:15,330 [Listener at 127.0.0.1/13592] INFO  container.ReplicationManager (ReplicationManager.java:stop(338)) - Stopping Replication Monitor Thread.
2021-08-27 19:21:15,330 [Listener at 127.0.0.1/13592] INFO  server.StorageContainerManager (StorageContainerManager.java:stop(1363)) - Stopping the Datanode Admin Monitor.
2021-08-27 19:21:15,330 [Listener at 127.0.0.1/13592] INFO  server.StorageContainerManager (StorageContainerManager.java:stop(1370)) - Stopping Lease Manager of the command watchers
2021-08-27 19:21:15,331 [Listener at 127.0.0.1/13592] INFO  server.StorageContainerManager (StorageContainerManager.java:stop(1377)) - Stopping datanode service RPC server
2021-08-27 19:21:15,331 [Listener at 127.0.0.1/13592] INFO  server.SCMDatanodeProtocolServer (SCMDatanodeProtocolServer.java:stop(389)) - Stopping the RPC server for DataNodes
2021-08-27 19:21:15,331 [Listener at 127.0.0.1/13592] INFO  ipc.Server (Server.java:stop(3414)) - Stopping server on 13925
2021-08-27 19:21:15,336 [grpc-default-executor-3] WARN  server.GrpcLogAppender (LogUtils.java:warn(122)) - 7154479f-c658-4db8-83d8-3a22722b587d@group-E71D50C67865->d21fb43e-e5ae-4596-9449-4ac761036bdb-AppendLogResponseHandler: Failed appendEntries: org.apache.ratis.thirdparty.io.grpc.StatusRuntimeException: UNAVAILABLE: io exception
2021-08-27 19:21:15,337 [grpc-default-executor-3] INFO  leader.FollowerInfo (FollowerInfoImpl.java:lambda$new$0(46)) - 7154479f-c658-4db8-83d8-3a22722b587d@group-E71D50C67865->d21fb43e-e5ae-4596-9449-4ac761036bdb: nextIndex: updateUnconditionally 31 -> 30
2021-08-27 19:21:15,341 [IPC Server listener on 13925] INFO  ipc.Server (Server.java:run(1376)) - Stopping IPC Server listener on 13925
2021-08-27 19:21:15,341 [IPC Server Responder] INFO  ipc.Server (Server.java:run(1512)) - Stopping IPC Server Responder
2021-08-27 19:21:15,471 [EndpointStateMachine task thread for /127.0.0.1:13945 - 0 ] WARN  statemachine.EndpointStateMachine (EndpointStateMachine.java:logIfNeeded(236)) - Unable to communicate to SCM server at localhost:13945 for past 0 seconds.
java.io.EOFException: End of File Exception between local host is: "fv-az59-836/10.1.0.82"; destination host is: "localhost":13945; : java.io.EOFException; For more details see:  http://wiki.apache.org/hadoop/EOFException
	at sun.reflect.NativeConstructorAccessorImpl.newInstance0(Native Method)
	at sun.reflect.NativeConstructorAccessorImpl.newInstance(NativeConstructorAccessorImpl.java:62)
	at sun.reflect.DelegatingConstructorAccessorImpl.newInstance(DelegatingConstructorAccessorImpl.java:45)
	at java.lang.reflect.Constructor.newInstance(Constructor.java:423)
	at org.apache.hadoop.net.NetUtils.wrapWithMessage(NetUtils.java:913)
	at org.apache.hadoop.net.NetUtils.wrapException(NetUtils.java:862)
	at org.apache.hadoop.ipc.Client.getRpcResponse(Client.java:1577)
	at org.apache.hadoop.ipc.Client.call(Client.java:1519)
	at org.apache.hadoop.ipc.Client.call(Client.java:1416)
	at org.apache.hadoop.ipc.ProtobufRpcEngine$Invoker.invoke(ProtobufRpcEngine.java:236)
	at org.apache.hadoop.ipc.ProtobufRpcEngine$Invoker.invoke(ProtobufRpcEngine.java:123)
	at com.sun.proxy.$Proxy48.submitRequest(Unknown Source)
	at org.apache.hadoop.ozone.protocolPB.StorageContainerDatanodeProtocolClientSideTranslatorPB.submitRequest(StorageContainerDatanodeProtocolClientSideTranslatorPB.java:117)
	at org.apache.hadoop.ozone.protocolPB.StorageContainerDatanodeProtocolClientSideTranslatorPB.register(StorageContainerDatanodeProtocolClientSideTranslatorPB.java:180)
	at org.apache.hadoop.ozone.container.common.states.endpoint.RegisterEndpointTask.call(RegisterEndpointTask.java:158)
	at org.apache.hadoop.ozone.container.common.states.endpoint.RegisterEndpointTask.call(RegisterEndpointTask.java:52)
	at java.util.concurrent.FutureTask.run(FutureTask.java:266)
	at java.util.concurrent.ThreadPoolExecutor.runWorker(ThreadPoolExecutor.java:1149)
	at java.util.concurrent.ThreadPoolExecutor$Worker.run(ThreadPoolExecutor.java:624)
	at java.lang.Thread.run(Thread.java:748)
Caused by: java.io.EOFException
	at java.io.DataInputStream.readInt(DataInputStream.java:392)
	at org.apache.hadoop.ipc.Client$IpcStreams.readResponse(Client.java:1892)
	at org.apache.hadoop.ipc.Client$Connection.receiveRpcResponse(Client.java:1202)
	at org.apache.hadoop.ipc.Client$Connection.run(Client.java:1098)
2021-08-27 19:21:15,471 [EndpointStateMachine task thread for /127.0.0.1:13925 - 0 ] WARN  statemachine.EndpointStateMachine (EndpointStateMachine.java:logIfNeeded(236)) - Unable to communicate to SCM server at localhost:13925 for past 0 seconds.
java.io.EOFException: End of File Exception between local host is: "fv-az59-836/10.1.0.82"; destination host is: "localhost":13925; : java.io.EOFException; For more details see:  http://wiki.apache.org/hadoop/EOFException
	at sun.reflect.NativeConstructorAccessorImpl.newInstance0(Native Method)
	at sun.reflect.NativeConstructorAccessorImpl.newInstance(NativeConstructorAccessorImpl.java:62)
	at sun.reflect.DelegatingConstructorAccessorImpl.newInstance(DelegatingConstructorAccessorImpl.java:45)
	at java.lang.reflect.Constructor.newInstance(Constructor.java:423)
	at org.apache.hadoop.net.NetUtils.wrapWithMessage(NetUtils.java:913)
	at org.apache.hadoop.net.NetUtils.wrapException(NetUtils.java:862)
	at org.apache.hadoop.ipc.Client.getRpcResponse(Client.java:1577)
	at org.apache.hadoop.ipc.Client.call(Client.java:1519)
	at org.apache.hadoop.ipc.Client.call(Client.java:1416)
	at org.apache.hadoop.ipc.ProtobufRpcEngine$Invoker.invoke(ProtobufRpcEngine.java:236)
	at org.apache.hadoop.ipc.ProtobufRpcEngine$Invoker.invoke(ProtobufRpcEngine.java:123)
	at com.sun.proxy.$Proxy48.submitRequest(Unknown Source)
	at org.apache.hadoop.ozone.protocolPB.StorageContainerDatanodeProtocolClientSideTranslatorPB.submitRequest(StorageContainerDatanodeProtocolClientSideTranslatorPB.java:117)
	at org.apache.hadoop.ozone.protocolPB.StorageContainerDatanodeProtocolClientSideTranslatorPB.sendHeartbeat(StorageContainerDatanodeProtocolClientSideTranslatorPB.java:149)
	at org.apache.hadoop.ozone.container.common.states.endpoint.HeartbeatEndpointTask.call(HeartbeatEndpointTask.java:179)
	at org.apache.hadoop.ozone.container.common.states.endpoint.HeartbeatEndpointTask.call(HeartbeatEndpointTask.java:82)
	at java.util.concurrent.FutureTask.run(FutureTask.java:266)
	at java.util.concurrent.ThreadPoolExecutor.runWorker(ThreadPoolExecutor.java:1149)
	at java.util.concurrent.ThreadPoolExecutor$Worker.run(ThreadPoolExecutor.java:624)
	at java.lang.Thread.run(Thread.java:748)
Caused by: java.io.EOFException
	at java.io.DataInputStream.readInt(DataInputStream.java:392)
	at org.apache.hadoop.ipc.Client$IpcStreams.readResponse(Client.java:1892)
	at org.apache.hadoop.ipc.Client$Connection.receiveRpcResponse(Client.java:1202)
	at org.apache.hadoop.ipc.Client$Connection.run(Client.java:1098)
2021-08-27 19:21:15,509 [EndpointStateMachine task thread for /127.0.0.1:14981 - 0 ] INFO  ipc.Client (Client.java:handleConnectionFailure(977)) - Retrying connect to server: localhost/127.0.0.1:14981. Already tried 8 time(s); retry policy is RetryUpToMaximumCountWithFixedSleep(maxRetries=15, sleepTime=1000 MILLISECONDS)
2021-08-27 19:21:15,511 [EndpointStateMachine task thread for /127.0.0.1:14971 - 0 ] INFO  ipc.Client (Client.java:handleConnectionFailure(977)) - Retrying connect to server: localhost/127.0.0.1:14971. Already tried 8 time(s); retry policy is RetryUpToMaximumCountWithFixedSleep(maxRetries=15, sleepTime=1000 MILLISECONDS)
2021-08-27 19:21:16,211 [SCM Heartbeat Processing Thread - 0] WARN  node.NodeStateManager (NodeStateManager.java:scheduleNextHealthCheck(799)) - Current Thread is interrupted, shutting down HB processing thread for Node Manager.
2021-08-27 19:21:16,212 [Listener at 127.0.0.1/13592] INFO  server.StorageContainerManager (StorageContainerManager.java:stop(1385)) - Stopping block service RPC server
2021-08-27 19:21:16,212 [Listener at 127.0.0.1/13592] INFO  server.SCMBlockProtocolServer (SCMBlockProtocolServer.java:stop(160)) - Stopping the RPC server for Block Protocol
2021-08-27 19:21:16,212 [Listener at 127.0.0.1/13592] INFO  ipc.Server (Server.java:stop(3414)) - Stopping server on 13926
2021-08-27 19:21:16,218 [IPC Server Responder] INFO  ipc.Server (Server.java:run(1512)) - Stopping IPC Server Responder
2021-08-27 19:21:16,218 [Listener at 127.0.0.1/13592] INFO  server.StorageContainerManager (StorageContainerManager.java:stop(1392)) - Stopping the StorageContainerLocationProtocol RPC server
2021-08-27 19:21:16,218 [Listener at 127.0.0.1/13592] INFO  server.SCMClientProtocolServer (SCMClientProtocolServer.java:stop(173)) - Stopping the RPC server for Client Protocol
2021-08-27 19:21:16,218 [Listener at 127.0.0.1/13592] INFO  ipc.Server (Server.java:stop(3414)) - Stopping server on 13927
2021-08-27 19:21:16,219 [IPC Server listener on 13926] INFO  ipc.Server (Server.java:run(1376)) - Stopping IPC Server listener on 13926
2021-08-27 19:21:16,219 [EndpointStateMachine task thread for /127.0.0.1:14961 - 0 ] INFO  ipc.Client (Client.java:handleConnectionFailure(977)) - Retrying connect to server: localhost/127.0.0.1:14961. Already tried 11 time(s); retry policy is RetryUpToMaximumCountWithFixedSleep(maxRetries=15, sleepTime=1000 MILLISECONDS)
2021-08-27 19:21:16,224 [IPC Server listener on 13927] INFO  ipc.Server (Server.java:run(1376)) - Stopping IPC Server listener on 13927
2021-08-27 19:21:16,224 [IPC Server Responder] INFO  ipc.Server (Server.java:run(1512)) - Stopping IPC Server Responder
2021-08-27 19:21:16,226 [Listener at 127.0.0.1/13592] INFO  server.StorageContainerManager (StorageContainerManager.java:stop(1399)) - Stopping Storage Container Manager HTTP server.
2021-08-27 19:21:16,227 [Listener at 127.0.0.1/13592] INFO  handler.ContextHandler (ContextHandler.java:doStop(1153)) - Stopped o.e.j.w.WebAppContext@129a9d88{scm,/,null,STOPPED}{file:/home/runner/work/ozone/ozone/hadoop-ozone/integration-test/target/test-classes/webapps/scm}
2021-08-27 19:21:16,232 [Listener at 127.0.0.1/13592] INFO  server.AbstractConnector (AbstractConnector.java:doStop(381)) - Stopped ServerConnector@572c3a61{HTTP/1.1, (http/1.1)}{0.0.0.0:13922}
2021-08-27 19:21:16,232 [Listener at 127.0.0.1/13592] INFO  server.session (HouseKeeper.java:stopScavenging(149)) - node0 Stopped scavenging
2021-08-27 19:21:16,233 [Listener at 127.0.0.1/13592] INFO  handler.ContextHandler (ContextHandler.java:doStop(1153)) - Stopped o.e.j.s.ServletContextHandler@4a229e9d{static,/static,file:///home/runner/work/ozone/ozone/hadoop-ozone/integration-test/target/test-classes/webapps/static,STOPPED}
2021-08-27 19:21:16,235 [Listener at 127.0.0.1/13592] INFO  handler.ContextHandler (ContextHandler.java:doStop(1153)) - Stopped o.e.j.s.ServletContextHandler@48526f0b{logs,/logs,file:///home/runner/work/ozone/ozone/hadoop-ozone/integration-test/target/log,STOPPED}
2021-08-27 19:21:16,236 [Listener at 127.0.0.1/13592] INFO  server.StorageContainerManager (StorageContainerManager.java:stop(1410)) - Stopping Block Manager Service.
2021-08-27 19:21:16,236 [Listener at 127.0.0.1/13592] INFO  utils.BackgroundService (BackgroundService.java:shutdown(132)) - Shutting down service SCMBlockDeletingService
2021-08-27 19:21:16,237 [Listener at 127.0.0.1/13592] INFO  utils.BackgroundService (BackgroundService.java:shutdown(132)) - Shutting down service SCMBlockDeletingService
2021-08-27 19:21:16,237 [Listener at 127.0.0.1/13592] INFO  server.StorageContainerManager (StorageContainerManager.java:stop(1437)) - Stopping SCM Event Queue.
2021-08-27 19:21:16,238 [Listener at 127.0.0.1/13592] INFO  server.StorageContainerManager (StorageContainerManager.java:stop(1448)) - Stopping SCM HA services.
2021-08-27 19:21:16,239 [Listener at 127.0.0.1/13592] INFO  ha.SCMRatisServerImpl (SCMRatisServerImpl.java:stop(236)) - stopping ratis server 0.0.0.0:13924
2021-08-27 19:21:16,239 [Listener at 127.0.0.1/13592] INFO  server.RaftServer (RaftServerProxy.java:lambda$close$6(391)) - 7154479f-c658-4db8-83d8-3a22722b587d: close
2021-08-27 19:21:16,239 [Listener at 127.0.0.1/13592] INFO  server.RaftServer$Division (RaftServerImpl.java:lambda$close$4(407)) - 7154479f-c658-4db8-83d8-3a22722b587d@group-E71D50C67865: shutdown
2021-08-27 19:21:16,239 [Listener at 127.0.0.1/13592] INFO  util.JmxRegister (JmxRegister.java:unregister(73)) - Successfully un-registered JMX Bean with object name Ratis:service=RaftServer,group=group-E71D50C67865,id=7154479f-c658-4db8-83d8-3a22722b587d
2021-08-27 19:21:16,239 [Listener at 127.0.0.1/13592] INFO  impl.RoleInfo (RoleInfo.java:shutdownLeaderState(91)) - 7154479f-c658-4db8-83d8-3a22722b587d: shutdown 7154479f-c658-4db8-83d8-3a22722b587d@group-E71D50C67865-LeaderStateImpl
2021-08-27 19:21:16,240 [7154479f-c658-4db8-83d8-3a22722b587d@group-E71D50C67865->27aea111-c761-4159-8f56-4b18a0a94018-GrpcLogAppender-LogAppenderDaemon] WARN  server.GrpcLogAppender (GrpcLogAppender.java:mayWait(175)) - 7154479f-c658-4db8-83d8-3a22722b587d@group-E71D50C67865->27aea111-c761-4159-8f56-4b18a0a94018-GrpcLogAppender: Wait interrupted by java.lang.InterruptedException
2021-08-27 19:21:16,240 [7154479f-c658-4db8-83d8-3a22722b587d@group-E71D50C67865->d21fb43e-e5ae-4596-9449-4ac761036bdb-GrpcLogAppender-LogAppenderDaemon] WARN  server.GrpcLogAppender (GrpcLogAppender.java:mayWait(175)) - 7154479f-c658-4db8-83d8-3a22722b587d@group-E71D50C67865->d21fb43e-e5ae-4596-9449-4ac761036bdb-GrpcLogAppender: Wait interrupted by java.lang.InterruptedException
2021-08-27 19:21:16,240 [Listener at 127.0.0.1/13592] INFO  impl.PendingRequests (PendingRequests.java:sendNotLeaderResponses(282)) - 7154479f-c658-4db8-83d8-3a22722b587d@group-E71D50C67865-PendingRequests: sendNotLeaderResponses
2021-08-27 19:21:16,240 [Listener at 127.0.0.1/13592] INFO  ha.SCMStateMachine (SCMStateMachine.java:notifyNotLeader(183)) - current leader SCM steps down.
2021-08-27 19:21:16,240 [Listener at 127.0.0.1/13592] INFO  ha.SCMContext (SCMContext.java:updateLeaderAndTerm(88)) - update <isLeader,term> from <true,2> to <false,0>
2021-08-27 19:21:16,241 [Listener at 127.0.0.1/13592] INFO  ha.SCMContext (SCMContext.java:updateLeaderAndTerm(95)) - update <isLeaderReady> from <false> to <false>
2021-08-27 19:21:16,245 [Listener at 127.0.0.1/13592] INFO  impl.StateMachineUpdater (StateMachineUpdater.java:stopAndJoin(149)) - 7154479f-c658-4db8-83d8-3a22722b587d@group-E71D50C67865-StateMachineUpdater: set stopIndex = 30
2021-08-27 19:21:16,245 [Listener at 127.0.0.1/13592] INFO  server.RaftServer$Division (ServerState.java:close(419)) - 7154479f-c658-4db8-83d8-3a22722b587d@group-E71D50C67865: closes. applyIndex: 30
2021-08-27 19:21:16,245 [7154479f-c658-4db8-83d8-3a22722b587d@group-E71D50C67865-SegmentedRaftLogWorker] INFO  segmented.SegmentedRaftLogWorker (SegmentedRaftLogWorker.java:run(327)) - 7154479f-c658-4db8-83d8-3a22722b587d@group-E71D50C67865-SegmentedRaftLogWorker was interrupted, exiting. There are 0 tasks remaining in the queue.
2021-08-27 19:21:16,251 [Listener at 127.0.0.1/13592] INFO  segmented.SegmentedRaftLogWorker (SegmentedRaftLogWorker.java:close(237)) - 7154479f-c658-4db8-83d8-3a22722b587d@group-E71D50C67865-SegmentedRaftLogWorker close()
2021-08-27 19:21:16,252 [Listener at 127.0.0.1/13592] INFO  server.GrpcService (GrpcService.java:closeImpl(262)) - 7154479f-c658-4db8-83d8-3a22722b587d: shutdown server with port 13924 now
2021-08-27 19:21:16,255 [Listener at 127.0.0.1/13592] INFO  server.GrpcService (GrpcService.java:closeImpl(271)) - 7154479f-c658-4db8-83d8-3a22722b587d: shutdown server with port 13924 successfully
2021-08-27 19:21:16,255 [org.apache.ratis.util.JvmPauseMonitor$$Lambda$499/1326998608@b39a3bf] INFO  util.JvmPauseMonitor (JvmPauseMonitor.java:run(109)) - JvmPauseMonitor-7154479f-c658-4db8-83d8-3a22722b587d: Stopped
2021-08-27 19:21:16,261 [Listener at 127.0.0.1/13592] INFO  pipeline.BackgroundPipelineCreator (BackgroundPipelineCreatorV2.java:stop(158)) - Stopping RatisPipelineUtilsThread.
2021-08-27 19:21:16,261 [Listener at 127.0.0.1/13592] INFO  server.StorageContainerManager (StorageContainerManager.java:stop(1458)) - Stopping SCM MetadataStore.
2021-08-27 19:21:16,262 [Listener at 127.0.0.1/13592] INFO  impl.MetricsSystemImpl (MetricsSystemImpl.java:stop(205)) - StorageContainerManager metrics system stopped (again)
2021-08-27 19:21:16,262 [Listener at 127.0.0.1/13592] INFO  ozone.MiniOzoneClusterImpl (MiniOzoneClusterImpl.java:stop(468)) - Stopping the Mini Ozone Cluster
2021-08-27 19:21:16,262 [Listener at 127.0.0.1/13592] INFO  ozone.MiniOzoneClusterImpl (MiniOzoneClusterImpl.java:stopDatanodes(527)) - Stopping the HddsDatanodes
2021-08-27 19:21:16,469 [Datanode State Machine Thread - 0] WARN  statemachine.StateContext (StateContext.java:setState(246)) - Ignore disallowed transition from SHUTDOWN to RUNNING
2021-08-27 19:21:16,470 [Datanode State Machine Thread - 0] INFO  statemachine.DatanodeStateMachine (DatanodeStateMachine.java:lambda$startDaemon$0(457)) - Ozone container server started.
2021-08-27 19:21:16,470 [EndpointStateMachine task thread for /127.0.0.1:13935 - 0 ] INFO  ipc.Client (Client.java:handleConnectionFailure(977)) - Retrying connect to server: localhost/127.0.0.1:13935. Already tried 0 time(s); retry policy is RetryUpToMaximumCountWithFixedSleep(maxRetries=15, sleepTime=1000 MILLISECONDS)
2021-08-27 19:21:16,510 [EndpointStateMachine task thread for /127.0.0.1:14981 - 0 ] INFO  ipc.Client (Client.java:handleConnectionFailure(977)) - Retrying connect to server: localhost/127.0.0.1:14981. Already tried 9 time(s); retry policy is RetryUpToMaximumCountWithFixedSleep(maxRetries=15, sleepTime=1000 MILLISECONDS)
2021-08-27 19:21:16,512 [EndpointStateMachine task thread for /127.0.0.1:14971 - 0 ] INFO  ipc.Client (Client.java:handleConnectionFailure(977)) - Retrying connect to server: localhost/127.0.0.1:14971. Already tried 9 time(s); retry policy is RetryUpToMaximumCountWithFixedSleep(maxRetries=15, sleepTime=1000 MILLISECONDS)
2021-08-27 19:21:16,999 [Datanode State Machine Thread - 0] WARN  statemachine.StateContext (StateContext.java:setState(246)) - Ignore disallowed transition from SHUTDOWN to RUNNING
2021-08-27 19:21:16,999 [Datanode State Machine Thread - 0] INFO  statemachine.DatanodeStateMachine (DatanodeStateMachine.java:lambda$startDaemon$0(457)) - Ozone container server started.
2021-08-27 19:21:17,000 [EndpointStateMachine task thread for /127.0.0.1:13925 - 0 ] INFO  ipc.Client (Client.java:handleConnectionFailure(977)) - Retrying connect to server: localhost/127.0.0.1:13925. Already tried 0 time(s); retry policy is RetryUpToMaximumCountWithFixedSleep(maxRetries=15, sleepTime=1000 MILLISECONDS)
2021-08-27 19:21:17,000 [EndpointStateMachine task thread for /127.0.0.1:13945 - 0 ] INFO  ipc.Client (Client.java:handleConnectionFailure(977)) - Retrying connect to server: localhost/127.0.0.1:13945. Already tried 0 time(s); retry policy is RetryUpToMaximumCountWithFixedSleep(maxRetries=15, sleepTime=1000 MILLISECONDS)
2021-08-27 19:21:17,219 [EndpointStateMachine task thread for /127.0.0.1:14961 - 0 ] INFO  ipc.Client (Client.java:handleConnectionFailure(977)) - Retrying connect to server: localhost/127.0.0.1:14961. Already tried 12 time(s); retry policy is RetryUpToMaximumCountWithFixedSleep(maxRetries=15, sleepTime=1000 MILLISECONDS)
2021-08-27 19:21:17,470 [EndpointStateMachine task thread for /127.0.0.1:13935 - 0 ] INFO  ipc.Client (Client.java:handleConnectionFailure(977)) - Retrying connect to server: localhost/127.0.0.1:13935. Already tried 1 time(s); retry policy is RetryUpToMaximumCountWithFixedSleep(maxRetries=15, sleepTime=1000 MILLISECONDS)
2021-08-27 19:21:17,510 [EndpointStateMachine task thread for /127.0.0.1:14981 - 0 ] INFO  ipc.Client (Client.java:handleConnectionFailure(977)) - Retrying connect to server: localhost/127.0.0.1:14981. Already tried 10 time(s); retry policy is RetryUpToMaximumCountWithFixedSleep(maxRetries=15, sleepTime=1000 MILLISECONDS)
2021-08-27 19:21:17,512 [EndpointStateMachine task thread for /127.0.0.1:14971 - 0 ] INFO  ipc.Client (Client.java:handleConnectionFailure(977)) - Retrying connect to server: localhost/127.0.0.1:14971. Already tried 10 time(s); retry policy is RetryUpToMaximumCountWithFixedSleep(maxRetries=15, sleepTime=1000 MILLISECONDS)
2021-08-27 19:21:18,000 [EndpointStateMachine task thread for /127.0.0.1:13925 - 0 ] INFO  ipc.Client (Client.java:handleConnectionFailure(977)) - Retrying connect to server: localhost/127.0.0.1:13925. Already tried 1 time(s); retry policy is RetryUpToMaximumCountWithFixedSleep(maxRetries=15, sleepTime=1000 MILLISECONDS)
2021-08-27 19:21:18,001 [EndpointStateMachine task thread for /127.0.0.1:13945 - 0 ] INFO  ipc.Client (Client.java:handleConnectionFailure(977)) - Retrying connect to server: localhost/127.0.0.1:13945. Already tried 1 time(s); retry policy is RetryUpToMaximumCountWithFixedSleep(maxRetries=15, sleepTime=1000 MILLISECONDS)
2021-08-27 19:21:18,220 [EndpointStateMachine task thread for /127.0.0.1:14961 - 0 ] INFO  ipc.Client (Client.java:handleConnectionFailure(977)) - Retrying connect to server: localhost/127.0.0.1:14961. Already tried 13 time(s); retry policy is RetryUpToMaximumCountWithFixedSleep(maxRetries=15, sleepTime=1000 MILLISECONDS)
2021-08-27 19:21:18,471 [EndpointStateMachine task thread for /127.0.0.1:13935 - 0 ] INFO  ipc.Client (Client.java:handleConnectionFailure(977)) - Retrying connect to server: localhost/127.0.0.1:13935. Already tried 2 time(s); retry policy is RetryUpToMaximumCountWithFixedSleep(maxRetries=15, sleepTime=1000 MILLISECONDS)
2021-08-27 19:21:18,510 [EndpointStateMachine task thread for /127.0.0.1:14981 - 0 ] INFO  ipc.Client (Client.java:handleConnectionFailure(977)) - Retrying connect to server: localhost/127.0.0.1:14981. Already tried 11 time(s); retry policy is RetryUpToMaximumCountWithFixedSleep(maxRetries=15, sleepTime=1000 MILLISECONDS)
2021-08-27 19:21:18,512 [EndpointStateMachine task thread for /127.0.0.1:14971 - 0 ] INFO  ipc.Client (Client.java:handleConnectionFailure(977)) - Retrying connect to server: localhost/127.0.0.1:14971. Already tried 11 time(s); retry policy is RetryUpToMaximumCountWithFixedSleep(maxRetries=15, sleepTime=1000 MILLISECONDS)
2021-08-27 19:21:19,002 [EndpointStateMachine task thread for /127.0.0.1:13925 - 0 ] INFO  ipc.Client (Client.java:handleConnectionFailure(977)) - Retrying connect to server: localhost/127.0.0.1:13925. Already tried 2 time(s); retry policy is RetryUpToMaximumCountWithFixedSleep(maxRetries=15, sleepTime=1000 MILLISECONDS)
2021-08-27 19:21:19,002 [EndpointStateMachine task thread for /127.0.0.1:13945 - 0 ] INFO  ipc.Client (Client.java:handleConnectionFailure(977)) - Retrying connect to server: localhost/127.0.0.1:13945. Already tried 2 time(s); retry policy is RetryUpToMaximumCountWithFixedSleep(maxRetries=15, sleepTime=1000 MILLISECONDS)
2021-08-27 19:21:19,221 [EndpointStateMachine task thread for /127.0.0.1:14961 - 0 ] INFO  ipc.Client (Client.java:handleConnectionFailure(977)) - Retrying connect to server: localhost/127.0.0.1:14961. Already tried 14 time(s); retry policy is RetryUpToMaximumCountWithFixedSleep(maxRetries=15, sleepTime=1000 MILLISECONDS)
2021-08-27 19:21:19,221 [EndpointStateMachine task thread for /127.0.0.1:14961 - 0 ] WARN  statemachine.EndpointStateMachine (EndpointStateMachine.java:logIfNeeded(236)) - Unable to communicate to SCM server at localhost:14961 for past 0 seconds.
java.net.ConnectException: Call From fv-az59-836/10.1.0.82 to localhost:14961 failed on connection exception: java.net.ConnectException: Connection refused; For more details see:  http://wiki.apache.org/hadoop/ConnectionRefused
	at sun.reflect.NativeConstructorAccessorImpl.newInstance0(Native Method)
	at sun.reflect.NativeConstructorAccessorImpl.newInstance(NativeConstructorAccessorImpl.java:62)
	at sun.reflect.DelegatingConstructorAccessorImpl.newInstance(DelegatingConstructorAccessorImpl.java:45)
	at java.lang.reflect.Constructor.newInstance(Constructor.java:423)
	at org.apache.hadoop.net.NetUtils.wrapWithMessage(NetUtils.java:913)
	at org.apache.hadoop.net.NetUtils.wrapException(NetUtils.java:828)
	at org.apache.hadoop.ipc.Client.getRpcResponse(Client.java:1577)
	at org.apache.hadoop.ipc.Client.call(Client.java:1519)
	at org.apache.hadoop.ipc.Client.call(Client.java:1416)
	at org.apache.hadoop.ipc.ProtobufRpcEngine$Invoker.invoke(ProtobufRpcEngine.java:236)
	at org.apache.hadoop.ipc.ProtobufRpcEngine$Invoker.invoke(ProtobufRpcEngine.java:123)
	at com.sun.proxy.$Proxy48.submitRequest(Unknown Source)
	at org.apache.hadoop.ozone.protocolPB.StorageContainerDatanodeProtocolClientSideTranslatorPB.submitRequest(StorageContainerDatanodeProtocolClientSideTranslatorPB.java:117)
	at org.apache.hadoop.ozone.protocolPB.StorageContainerDatanodeProtocolClientSideTranslatorPB.sendHeartbeat(StorageContainerDatanodeProtocolClientSideTranslatorPB.java:149)
	at org.apache.hadoop.ozone.container.common.states.endpoint.HeartbeatEndpointTask.call(HeartbeatEndpointTask.java:179)
	at org.apache.hadoop.ozone.container.common.states.endpoint.HeartbeatEndpointTask.call(HeartbeatEndpointTask.java:82)
	at java.util.concurrent.FutureTask.run(FutureTask.java:266)
	at java.util.concurrent.ThreadPoolExecutor.runWorker(ThreadPoolExecutor.java:1149)
	at java.util.concurrent.ThreadPoolExecutor$Worker.run(ThreadPoolExecutor.java:624)
	at java.lang.Thread.run(Thread.java:748)
Caused by: java.net.ConnectException: Connection refused
	at sun.nio.ch.SocketChannelImpl.checkConnect(Native Method)
	at sun.nio.ch.SocketChannelImpl.finishConnect(SocketChannelImpl.java:716)
	at org.apache.hadoop.net.SocketIOWithTimeout.connect(SocketIOWithTimeout.java:206)
	at org.apache.hadoop.net.NetUtils.connect(NetUtils.java:586)
	at org.apache.hadoop.ipc.Client$Connection.setupConnection(Client.java:701)
	at org.apache.hadoop.ipc.Client$Connection.setupIOstreams(Client.java:822)
	at org.apache.hadoop.ipc.Client$Connection.access$3800(Client.java:414)
	at org.apache.hadoop.ipc.Client.getConnection(Client.java:1647)
	at org.apache.hadoop.ipc.Client.call(Client.java:1463)
	... 12 more
2021-08-27 19:21:19,471 [EndpointStateMachine task thread for /127.0.0.1:13935 - 0 ] INFO  ipc.Client (Client.java:handleConnectionFailure(977)) - Retrying connect to server: localhost/127.0.0.1:13935. Already tried 3 time(s); retry policy is RetryUpToMaximumCountWithFixedSleep(maxRetries=15, sleepTime=1000 MILLISECONDS)
2021-08-27 19:21:19,511 [EndpointStateMachine task thread for /127.0.0.1:14981 - 0 ] INFO  ipc.Client (Client.java:handleConnectionFailure(977)) - Retrying connect to server: localhost/127.0.0.1:14981. Already tried 12 time(s); retry policy is RetryUpToMaximumCountWithFixedSleep(maxRetries=15, sleepTime=1000 MILLISECONDS)
2021-08-27 19:21:19,513 [EndpointStateMachine task thread for /127.0.0.1:14971 - 0 ] INFO  ipc.Client (Client.java:handleConnectionFailure(977)) - Retrying connect to server: localhost/127.0.0.1:14971. Already tried 12 time(s); retry policy is RetryUpToMaximumCountWithFixedSleep(maxRetries=15, sleepTime=1000 MILLISECONDS)
2021-08-27 19:21:20,002 [EndpointStateMachine task thread for /127.0.0.1:13925 - 0 ] INFO  ipc.Client (Client.java:handleConnectionFailure(977)) - Retrying connect to server: localhost/127.0.0.1:13925. Already tried 3 time(s); retry policy is RetryUpToMaximumCountWithFixedSleep(maxRetries=15, sleepTime=1000 MILLISECONDS)
2021-08-27 19:21:20,003 [EndpointStateMachine task thread for /127.0.0.1:13945 - 0 ] INFO  ipc.Client (Client.java:handleConnectionFailure(977)) - Retrying connect to server: localhost/127.0.0.1:13945. Already tried 3 time(s); retry policy is RetryUpToMaximumCountWithFixedSleep(maxRetries=15, sleepTime=1000 MILLISECONDS)
2021-08-27 19:21:20,222 [EndpointStateMachine task thread for /127.0.0.1:14961 - 0 ] INFO  ipc.Client (Client.java:handleConnectionFailure(977)) - Retrying connect to server: localhost/127.0.0.1:14961. Already tried 0 time(s); retry policy is RetryUpToMaximumCountWithFixedSleep(maxRetries=15, sleepTime=1000 MILLISECONDS)
2021-08-27 19:21:20,472 [EndpointStateMachine task thread for /127.0.0.1:13935 - 0 ] INFO  ipc.Client (Client.java:handleConnectionFailure(977)) - Retrying connect to server: localhost/127.0.0.1:13935. Already tried 4 time(s); retry policy is RetryUpToMaximumCountWithFixedSleep(maxRetries=15, sleepTime=1000 MILLISECONDS)
2021-08-27 19:21:20,511 [EndpointStateMachine task thread for /127.0.0.1:14981 - 0 ] INFO  ipc.Client (Client.java:handleConnectionFailure(977)) - Retrying connect to server: localhost/127.0.0.1:14981. Already tried 13 time(s); retry policy is RetryUpToMaximumCountWithFixedSleep(maxRetries=15, sleepTime=1000 MILLISECONDS)
2021-08-27 19:21:20,513 [EndpointStateMachine task thread for /127.0.0.1:14971 - 0 ] INFO  ipc.Client (Client.java:handleConnectionFailure(977)) - Retrying connect to server: localhost/127.0.0.1:14971. Already tried 13 time(s); retry policy is RetryUpToMaximumCountWithFixedSleep(maxRetries=15, sleepTime=1000 MILLISECONDS)
2021-08-27 19:21:21,003 [EndpointStateMachine task thread for /127.0.0.1:13925 - 0 ] INFO  ipc.Client (Client.java:handleConnectionFailure(977)) - Retrying connect to server: localhost/127.0.0.1:13925. Already tried 4 time(s); retry policy is RetryUpToMaximumCountWithFixedSleep(maxRetries=15, sleepTime=1000 MILLISECONDS)
2021-08-27 19:21:21,003 [EndpointStateMachine task thread for /127.0.0.1:13945 - 0 ] INFO  ipc.Client (Client.java:handleConnectionFailure(977)) - Retrying connect to server: localhost/127.0.0.1:13945. Already tried 4 time(s); retry policy is RetryUpToMaximumCountWithFixedSleep(maxRetries=15, sleepTime=1000 MILLISECONDS)
2021-08-27 19:21:21,222 [EndpointStateMachine task thread for /127.0.0.1:14961 - 0 ] INFO  ipc.Client (Client.java:handleConnectionFailure(977)) - Retrying connect to server: localhost/127.0.0.1:14961. Already tried 1 time(s); retry policy is RetryUpToMaximumCountWithFixedSleep(maxRetries=15, sleepTime=1000 MILLISECONDS)
2021-08-27 19:21:21,263 [ForkJoinPool.commonPool-worker-0] INFO  ozoneimpl.OzoneContainer (OzoneContainer.java:stop(326)) - Attempting to stop container services.
2021-08-27 19:21:21,263 [ForkJoinPool.commonPool-worker-0] INFO  server.RaftServer (RaftServerProxy.java:lambda$close$6(391)) - 7114ee9f-b20c-4a85-b13e-c38a422a401d: close
2021-08-27 19:21:21,264 [ForkJoinPool.commonPool-worker-0] INFO  server.RaftServer$Division (RaftServerImpl.java:lambda$close$4(407)) - 7114ee9f-b20c-4a85-b13e-c38a422a401d@group-0289F99EAF61: shutdown
2021-08-27 19:21:21,264 [ForkJoinPool.commonPool-worker-0] INFO  util.JmxRegister (JmxRegister.java:unregister(73)) - Successfully un-registered JMX Bean with object name Ratis:service=RaftServer,group=group-0289F99EAF61,id=7114ee9f-b20c-4a85-b13e-c38a422a401d
2021-08-27 19:21:21,264 [Listener at 127.0.0.1/13592] INFO  ozoneimpl.OzoneContainer (OzoneContainer.java:stop(326)) - Attempting to stop container services.
2021-08-27 19:21:21,264 [ForkJoinPool.commonPool-worker-0] INFO  impl.RoleInfo (RoleInfo.java:shutdownFollowerState(108)) - 7114ee9f-b20c-4a85-b13e-c38a422a401d: shutdown 7114ee9f-b20c-4a85-b13e-c38a422a401d@group-0289F99EAF61-FollowerState
2021-08-27 19:21:21,264 [ForkJoinPool.commonPool-worker-0] INFO  impl.StateMachineUpdater (StateMachineUpdater.java:stopAndJoin(149)) - 7114ee9f-b20c-4a85-b13e-c38a422a401d@group-0289F99EAF61-StateMachineUpdater: set stopIndex = 0
2021-08-27 19:21:21,264 [7114ee9f-b20c-4a85-b13e-c38a422a401d@group-0289F99EAF61-FollowerState] INFO  impl.FollowerState (FollowerState.java:run(143)) - 7114ee9f-b20c-4a85-b13e-c38a422a401d@group-0289F99EAF61-FollowerState was interrupted: {}
java.lang.InterruptedException: sleep interrupted
	at java.lang.Thread.sleep(Native Method)
	at java.lang.Thread.sleep(Thread.java:340)
	at java.util.concurrent.TimeUnit.sleep(TimeUnit.java:386)
	at org.apache.ratis.util.TimeDuration.sleep(TimeDuration.java:324)
	at org.apache.ratis.util.TimeDuration.sleep(TimeDuration.java:309)
	at org.apache.ratis.server.impl.FollowerState.run(FollowerState.java:118)
2021-08-27 19:21:21,269 [7114ee9f-b20c-4a85-b13e-c38a422a401d@group-0289F99EAF61-StateMachineUpdater] INFO  ratis.ContainerStateMachine (ContainerStateMachine.java:takeSnapshot(292)) - group-0289F99EAF61: Taking a snapshot at:(t:3, i:0) file /home/runner/work/ozone/ozone/hadoop-ozone/integration-test/target/test-dir/MiniOzoneClusterImpl-cc6da7a1-649b-4db9-82e6-e71d50c67865/datanode-0/data/ratis/7b008c3c-c4d0-44ce-8214-0289f99eaf61/sm/snapshot.3_0
2021-08-27 19:21:21,270 [Listener at 127.0.0.1/13592] INFO  server.RaftServer (RaftServerProxy.java:lambda$close$6(391)) - 879cfcac-0f36-4f91-b8b3-e9d7e01f977d: close
2021-08-27 19:21:21,271 [Listener at 127.0.0.1/13592] INFO  server.RaftServer$Division (RaftServerImpl.java:lambda$close$4(407)) - 879cfcac-0f36-4f91-b8b3-e9d7e01f977d@group-0289F99EAF61: shutdown
2021-08-27 19:21:21,271 [Listener at 127.0.0.1/13592] INFO  util.JmxRegister (JmxRegister.java:unregister(73)) - Successfully un-registered JMX Bean with object name Ratis:service=RaftServer,group=group-0289F99EAF61,id=879cfcac-0f36-4f91-b8b3-e9d7e01f977d
2021-08-27 19:21:21,271 [Listener at 127.0.0.1/13592] INFO  impl.RoleInfo (RoleInfo.java:shutdownLeaderState(91)) - 879cfcac-0f36-4f91-b8b3-e9d7e01f977d: shutdown 879cfcac-0f36-4f91-b8b3-e9d7e01f977d@group-0289F99EAF61-LeaderStateImpl
2021-08-27 19:21:21,271 [879cfcac-0f36-4f91-b8b3-e9d7e01f977d@group-0289F99EAF61->7114ee9f-b20c-4a85-b13e-c38a422a401d-GrpcLogAppender-LogAppenderDaemon] WARN  server.GrpcLogAppender (GrpcLogAppender.java:mayWait(175)) - 879cfcac-0f36-4f91-b8b3-e9d7e01f977d@group-0289F99EAF61->7114ee9f-b20c-4a85-b13e-c38a422a401d-GrpcLogAppender: Wait interrupted by java.lang.InterruptedException
2021-08-27 19:21:21,271 [879cfcac-0f36-4f91-b8b3-e9d7e01f977d@group-0289F99EAF61->73f911ca-52fc-4abb-a332-7dbce6ccb501-GrpcLogAppender-LogAppenderDaemon] WARN  server.GrpcLogAppender (GrpcLogAppender.java:mayWait(175)) - 879cfcac-0f36-4f91-b8b3-e9d7e01f977d@group-0289F99EAF61->73f911ca-52fc-4abb-a332-7dbce6ccb501-GrpcLogAppender: Wait interrupted by java.lang.InterruptedException
2021-08-27 19:21:21,272 [grpc-default-executor-3] INFO  server.GrpcServerProtocolService (GrpcServerProtocolService.java:onCompleted(140)) - 7114ee9f-b20c-4a85-b13e-c38a422a401d: Completed APPEND_ENTRIES, lastRequest: 879cfcac-0f36-4f91-b8b3-e9d7e01f977d->7114ee9f-b20c-4a85-b13e-c38a422a401d#1-t3,previous=(t:0, i:0),leaderCommit=-1,initializing? true,entries: size=1, first=(t:3, i:0), CONFIGURATIONENTRY
2021-08-27 19:21:21,273 [grpc-default-executor-4] INFO  server.GrpcLogAppender (GrpcLogAppender.java:onCompleted(344)) - 879cfcac-0f36-4f91-b8b3-e9d7e01f977d@group-0289F99EAF61->7114ee9f-b20c-4a85-b13e-c38a422a401d-AppendLogResponseHandler: follower responses appendEntries COMPLETED
2021-08-27 19:21:21,273 [grpc-default-executor-4] INFO  leader.FollowerInfo (FollowerInfoImpl.java:lambda$new$0(46)) - 879cfcac-0f36-4f91-b8b3-e9d7e01f977d@group-0289F99EAF61->7114ee9f-b20c-4a85-b13e-c38a422a401d: nextIndex: updateUnconditionally 1 -> 0
2021-08-27 19:21:21,273 [grpc-default-executor-3] INFO  server.GrpcServerProtocolService (GrpcServerProtocolService.java:onCompleted(140)) - 73f911ca-52fc-4abb-a332-7dbce6ccb501: Completed APPEND_ENTRIES, lastRequest: 879cfcac-0f36-4f91-b8b3-e9d7e01f977d->73f911ca-52fc-4abb-a332-7dbce6ccb501#1-t3,previous=(t:0, i:0),leaderCommit=-1,initializing? true,entries: size=1, first=(t:3, i:0), CONFIGURATIONENTRY
2021-08-27 19:21:21,270 [7114ee9f-b20c-4a85-b13e-c38a422a401d@group-0289F99EAF61-StateMachineUpdater] INFO  ratis.ContainerStateMachine (ContainerStateMachine.java:takeSnapshot(303)) - group-0289F99EAF61: Finished taking a snapshot at:(t:3, i:0) file:/home/runner/work/ozone/ozone/hadoop-ozone/integration-test/target/test-dir/MiniOzoneClusterImpl-cc6da7a1-649b-4db9-82e6-e71d50c67865/datanode-0/data/ratis/7b008c3c-c4d0-44ce-8214-0289f99eaf61/sm/snapshot.3_0 took: 1 ms
2021-08-27 19:21:21,274 [7114ee9f-b20c-4a85-b13e-c38a422a401d@group-0289F99EAF61-StateMachineUpdater] INFO  impl.StateMachineUpdater (StateMachineUpdater.java:takeSnapshot(281)) - 7114ee9f-b20c-4a85-b13e-c38a422a401d@group-0289F99EAF61-StateMachineUpdater: Took a snapshot at index 0
2021-08-27 19:21:21,274 [7114ee9f-b20c-4a85-b13e-c38a422a401d@group-0289F99EAF61-StateMachineUpdater] INFO  impl.StateMachineUpdater (StateMachineUpdater.java:lambda$new$0(89)) - 7114ee9f-b20c-4a85-b13e-c38a422a401d@group-0289F99EAF61-StateMachineUpdater: snapshotIndex: updateIncreasingly -1 -> 0
2021-08-27 19:21:21,274 [ForkJoinPool.commonPool-worker-0] INFO  server.RaftServer$Division (ServerState.java:close(419)) - 7114ee9f-b20c-4a85-b13e-c38a422a401d@group-0289F99EAF61: closes. applyIndex: 0
2021-08-27 19:21:21,274 [7114ee9f-b20c-4a85-b13e-c38a422a401d@group-0289F99EAF61-SegmentedRaftLogWorker] INFO  segmented.SegmentedRaftLogWorker (SegmentedRaftLogWorker.java:run(327)) - 7114ee9f-b20c-4a85-b13e-c38a422a401d@group-0289F99EAF61-SegmentedRaftLogWorker was interrupted, exiting. There are 0 tasks remaining in the queue.
2021-08-27 19:21:21,271 [Listener at 127.0.0.1/13592] INFO  impl.PendingRequests (PendingRequests.java:sendNotLeaderResponses(282)) - 879cfcac-0f36-4f91-b8b3-e9d7e01f977d@group-0289F99EAF61-PendingRequests: sendNotLeaderResponses
2021-08-27 19:21:21,277 [Listener at 127.0.0.1/13592] INFO  impl.StateMachineUpdater (StateMachineUpdater.java:stopAndJoin(149)) - 879cfcac-0f36-4f91-b8b3-e9d7e01f977d@group-0289F99EAF61-StateMachineUpdater: set stopIndex = 0
2021-08-27 19:21:21,275 [ForkJoinPool.commonPool-worker-0] INFO  segmented.SegmentedRaftLogWorker (SegmentedRaftLogWorker.java:close(237)) - 7114ee9f-b20c-4a85-b13e-c38a422a401d@group-0289F99EAF61-SegmentedRaftLogWorker close()
2021-08-27 19:21:21,277 [879cfcac-0f36-4f91-b8b3-e9d7e01f977d@group-0289F99EAF61-StateMachineUpdater] INFO  ratis.ContainerStateMachine (ContainerStateMachine.java:takeSnapshot(292)) - group-0289F99EAF61: Taking a snapshot at:(t:3, i:0) file /home/runner/work/ozone/ozone/hadoop-ozone/integration-test/target/test-dir/MiniOzoneClusterImpl-cc6da7a1-649b-4db9-82e6-e71d50c67865/datanode-1/data/ratis/7b008c3c-c4d0-44ce-8214-0289f99eaf61/sm/snapshot.3_0
2021-08-27 19:21:21,278 [ForkJoinPool.commonPool-worker-0] INFO  server.RaftServer$Division (RaftServerImpl.java:lambda$close$4(407)) - 7114ee9f-b20c-4a85-b13e-c38a422a401d@group-BAD3DC95AD41: shutdown
2021-08-27 19:21:21,278 [ForkJoinPool.commonPool-worker-0] INFO  util.JmxRegister (JmxRegister.java:unregister(73)) - Successfully un-registered JMX Bean with object name Ratis:service=RaftServer,group=group-BAD3DC95AD41,id=7114ee9f-b20c-4a85-b13e-c38a422a401d
2021-08-27 19:21:21,278 [ForkJoinPool.commonPool-worker-0] INFO  impl.RoleInfo (RoleInfo.java:shutdownLeaderState(91)) - 7114ee9f-b20c-4a85-b13e-c38a422a401d: shutdown 7114ee9f-b20c-4a85-b13e-c38a422a401d@group-BAD3DC95AD41-LeaderStateImpl
2021-08-27 19:21:21,278 [ForkJoinPool.commonPool-worker-0] INFO  impl.PendingRequests (PendingRequests.java:sendNotLeaderResponses(282)) - 7114ee9f-b20c-4a85-b13e-c38a422a401d@group-BAD3DC95AD41-PendingRequests: sendNotLeaderResponses
2021-08-27 19:21:21,279 [ForkJoinPool.commonPool-worker-0] INFO  impl.StateMachineUpdater (StateMachineUpdater.java:stopAndJoin(149)) - 7114ee9f-b20c-4a85-b13e-c38a422a401d@group-BAD3DC95AD41-StateMachineUpdater: set stopIndex = 0
2021-08-27 19:21:21,279 [7114ee9f-b20c-4a85-b13e-c38a422a401d@group-BAD3DC95AD41-StateMachineUpdater] INFO  ratis.ContainerStateMachine (ContainerStateMachine.java:takeSnapshot(292)) - group-BAD3DC95AD41: Taking a snapshot at:(t:1, i:0) file /home/runner/work/ozone/ozone/hadoop-ozone/integration-test/target/test-dir/MiniOzoneClusterImpl-cc6da7a1-649b-4db9-82e6-e71d50c67865/datanode-0/data/ratis/5cb02af6-06c1-48eb-af2c-bad3dc95ad41/sm/snapshot.1_0
2021-08-27 19:21:21,280 [7114ee9f-b20c-4a85-b13e-c38a422a401d@group-BAD3DC95AD41-StateMachineUpdater] INFO  ratis.ContainerStateMachine (ContainerStateMachine.java:takeSnapshot(303)) - group-BAD3DC95AD41: Finished taking a snapshot at:(t:1, i:0) file:/home/runner/work/ozone/ozone/hadoop-ozone/integration-test/target/test-dir/MiniOzoneClusterImpl-cc6da7a1-649b-4db9-82e6-e71d50c67865/datanode-0/data/ratis/5cb02af6-06c1-48eb-af2c-bad3dc95ad41/sm/snapshot.1_0 took: 1 ms
2021-08-27 19:21:21,280 [7114ee9f-b20c-4a85-b13e-c38a422a401d@group-BAD3DC95AD41-StateMachineUpdater] INFO  impl.StateMachineUpdater (StateMachineUpdater.java:takeSnapshot(281)) - 7114ee9f-b20c-4a85-b13e-c38a422a401d@group-BAD3DC95AD41-StateMachineUpdater: Took a snapshot at index 0
2021-08-27 19:21:21,280 [7114ee9f-b20c-4a85-b13e-c38a422a401d@group-BAD3DC95AD41-StateMachineUpdater] INFO  impl.StateMachineUpdater (StateMachineUpdater.java:lambda$new$0(89)) - 7114ee9f-b20c-4a85-b13e-c38a422a401d@group-BAD3DC95AD41-StateMachineUpdater: snapshotIndex: updateIncreasingly -1 -> 0
2021-08-27 19:21:21,280 [ForkJoinPool.commonPool-worker-0] INFO  server.RaftServer$Division (ServerState.java:close(419)) - 7114ee9f-b20c-4a85-b13e-c38a422a401d@group-BAD3DC95AD41: closes. applyIndex: 0
2021-08-27 19:21:21,280 [7114ee9f-b20c-4a85-b13e-c38a422a401d@group-BAD3DC95AD41-SegmentedRaftLogWorker] INFO  segmented.SegmentedRaftLogWorker (SegmentedRaftLogWorker.java:run(327)) - 7114ee9f-b20c-4a85-b13e-c38a422a401d@group-BAD3DC95AD41-SegmentedRaftLogWorker was interrupted, exiting. There are 0 tasks remaining in the queue.
2021-08-27 19:21:21,280 [879cfcac-0f36-4f91-b8b3-e9d7e01f977d@group-0289F99EAF61-StateMachineUpdater] INFO  ratis.ContainerStateMachine (ContainerStateMachine.java:takeSnapshot(303)) - group-0289F99EAF61: Finished taking a snapshot at:(t:3, i:0) file:/home/runner/work/ozone/ozone/hadoop-ozone/integration-test/target/test-dir/MiniOzoneClusterImpl-cc6da7a1-649b-4db9-82e6-e71d50c67865/datanode-1/data/ratis/7b008c3c-c4d0-44ce-8214-0289f99eaf61/sm/snapshot.3_0 took: 3 ms
2021-08-27 19:21:21,284 [879cfcac-0f36-4f91-b8b3-e9d7e01f977d@group-0289F99EAF61-StateMachineUpdater] INFO  impl.StateMachineUpdater (StateMachineUpdater.java:takeSnapshot(281)) - 879cfcac-0f36-4f91-b8b3-e9d7e01f977d@group-0289F99EAF61-StateMachineUpdater: Took a snapshot at index 0
2021-08-27 19:21:21,284 [879cfcac-0f36-4f91-b8b3-e9d7e01f977d@group-0289F99EAF61-StateMachineUpdater] INFO  impl.StateMachineUpdater (StateMachineUpdater.java:lambda$new$0(89)) - 879cfcac-0f36-4f91-b8b3-e9d7e01f977d@group-0289F99EAF61-StateMachineUpdater: snapshotIndex: updateIncreasingly -1 -> 0
2021-08-27 19:21:21,285 [ForkJoinPool.commonPool-worker-0] INFO  segmented.SegmentedRaftLogWorker (SegmentedRaftLogWorker.java:close(237)) - 7114ee9f-b20c-4a85-b13e-c38a422a401d@group-BAD3DC95AD41-SegmentedRaftLogWorker close()
2021-08-27 19:21:21,285 [Listener at 127.0.0.1/13592] INFO  server.RaftServer$Division (ServerState.java:close(419)) - 879cfcac-0f36-4f91-b8b3-e9d7e01f977d@group-0289F99EAF61: closes. applyIndex: 0
2021-08-27 19:21:21,286 [879cfcac-0f36-4f91-b8b3-e9d7e01f977d@group-0289F99EAF61-SegmentedRaftLogWorker] INFO  segmented.SegmentedRaftLogWorker (SegmentedRaftLogWorker.java:run(327)) - 879cfcac-0f36-4f91-b8b3-e9d7e01f977d@group-0289F99EAF61-SegmentedRaftLogWorker was interrupted, exiting. There are 0 tasks remaining in the queue.
2021-08-27 19:21:21,286 [grpc-default-executor-4] INFO  server.GrpcLogAppender (GrpcLogAppender.java:onCompleted(344)) - 879cfcac-0f36-4f91-b8b3-e9d7e01f977d@group-0289F99EAF61->73f911ca-52fc-4abb-a332-7dbce6ccb501-AppendLogResponseHandler: follower responses appendEntries COMPLETED
2021-08-27 19:21:21,286 [Listener at 127.0.0.1/13592] INFO  segmented.SegmentedRaftLogWorker (SegmentedRaftLogWorker.java:close(237)) - 879cfcac-0f36-4f91-b8b3-e9d7e01f977d@group-0289F99EAF61-SegmentedRaftLogWorker close()
2021-08-27 19:21:21,286 [grpc-default-executor-4] INFO  leader.FollowerInfo (FollowerInfoImpl.java:lambda$new$0(46)) - 879cfcac-0f36-4f91-b8b3-e9d7e01f977d@group-0289F99EAF61->73f911ca-52fc-4abb-a332-7dbce6ccb501: nextIndex: updateUnconditionally 1 -> 0
2021-08-27 19:21:21,288 [Listener at 127.0.0.1/13592] INFO  server.RaftServer$Division (RaftServerImpl.java:lambda$close$4(407)) - 879cfcac-0f36-4f91-b8b3-e9d7e01f977d@group-AFE32ABD61BE: shutdown
2021-08-27 19:21:21,288 [Listener at 127.0.0.1/13592] INFO  util.JmxRegister (JmxRegister.java:unregister(73)) - Successfully un-registered JMX Bean with object name Ratis:service=RaftServer,group=group-AFE32ABD61BE,id=879cfcac-0f36-4f91-b8b3-e9d7e01f977d
2021-08-27 19:21:21,288 [Listener at 127.0.0.1/13592] INFO  impl.RoleInfo (RoleInfo.java:shutdownLeaderState(91)) - 879cfcac-0f36-4f91-b8b3-e9d7e01f977d: shutdown 879cfcac-0f36-4f91-b8b3-e9d7e01f977d@group-AFE32ABD61BE-LeaderStateImpl
2021-08-27 19:21:21,288 [Listener at 127.0.0.1/13592] INFO  impl.PendingRequests (PendingRequests.java:sendNotLeaderResponses(282)) - 879cfcac-0f36-4f91-b8b3-e9d7e01f977d@group-AFE32ABD61BE-PendingRequests: sendNotLeaderResponses
2021-08-27 19:21:21,289 [Listener at 127.0.0.1/13592] INFO  impl.StateMachineUpdater (StateMachineUpdater.java:stopAndJoin(149)) - 879cfcac-0f36-4f91-b8b3-e9d7e01f977d@group-AFE32ABD61BE-StateMachineUpdater: set stopIndex = 0
2021-08-27 19:21:21,287 [ForkJoinPool.commonPool-worker-0] INFO  server.RaftServer$Division (RaftServerImpl.java:lambda$close$4(407)) - 7114ee9f-b20c-4a85-b13e-c38a422a401d@group-37442FA1A88F: shutdown
2021-08-27 19:21:21,289 [ForkJoinPool.commonPool-worker-0] INFO  util.JmxRegister (JmxRegister.java:unregister(73)) - Successfully un-registered JMX Bean with object name Ratis:service=RaftServer,group=group-37442FA1A88F,id=7114ee9f-b20c-4a85-b13e-c38a422a401d
2021-08-27 19:21:21,289 [ForkJoinPool.commonPool-worker-0] INFO  impl.RoleInfo (RoleInfo.java:shutdownLeaderState(91)) - 7114ee9f-b20c-4a85-b13e-c38a422a401d: shutdown 7114ee9f-b20c-4a85-b13e-c38a422a401d@group-37442FA1A88F-LeaderStateImpl
2021-08-27 19:21:21,289 [7114ee9f-b20c-4a85-b13e-c38a422a401d@group-37442FA1A88F->879cfcac-0f36-4f91-b8b3-e9d7e01f977d-GrpcLogAppender-LogAppenderDaemon] WARN  server.GrpcLogAppender (GrpcLogAppender.java:mayWait(175)) - 7114ee9f-b20c-4a85-b13e-c38a422a401d@group-37442FA1A88F->879cfcac-0f36-4f91-b8b3-e9d7e01f977d-GrpcLogAppender: Wait interrupted by java.lang.InterruptedException
2021-08-27 19:21:21,289 [879cfcac-0f36-4f91-b8b3-e9d7e01f977d@group-AFE32ABD61BE-StateMachineUpdater] INFO  ratis.ContainerStateMachine (ContainerStateMachine.java:takeSnapshot(292)) - group-AFE32ABD61BE: Taking a snapshot at:(t:1, i:0) file /home/runner/work/ozone/ozone/hadoop-ozone/integration-test/target/test-dir/MiniOzoneClusterImpl-cc6da7a1-649b-4db9-82e6-e71d50c67865/datanode-1/data/ratis/6880d572-0540-433f-8cfe-afe32abd61be/sm/snapshot.1_0
2021-08-27 19:21:21,289 [7114ee9f-b20c-4a85-b13e-c38a422a401d@group-37442FA1A88F->73f911ca-52fc-4abb-a332-7dbce6ccb501-GrpcLogAppender-LogAppenderDaemon] WARN  server.GrpcLogAppender (GrpcLogAppender.java:mayWait(175)) - 7114ee9f-b20c-4a85-b13e-c38a422a401d@group-37442FA1A88F->73f911ca-52fc-4abb-a332-7dbce6ccb501-GrpcLogAppender: Wait interrupted by java.lang.InterruptedException
2021-08-27 19:21:21,290 [grpc-default-executor-4] INFO  server.GrpcServerProtocolService (GrpcServerProtocolService.java:onCompleted(140)) - 879cfcac-0f36-4f91-b8b3-e9d7e01f977d: Completed APPEND_ENTRIES, lastRequest: 7114ee9f-b20c-4a85-b13e-c38a422a401d->879cfcac-0f36-4f91-b8b3-e9d7e01f977d#1-t2,previous=(t:0, i:0),leaderCommit=-1,initializing? true,entries: size=1, first=(t:2, i:0), CONFIGURATIONENTRY
2021-08-27 19:21:21,290 [grpc-default-executor-4] INFO  server.GrpcServerProtocolService (GrpcServerProtocolService.java:onCompleted(140)) - 73f911ca-52fc-4abb-a332-7dbce6ccb501: Completed APPEND_ENTRIES, lastRequest: 7114ee9f-b20c-4a85-b13e-c38a422a401d->73f911ca-52fc-4abb-a332-7dbce6ccb501#1-t2,previous=(t:0, i:0),leaderCommit=0,initializing? true,entries: size=1, first=(t:2, i:0), CONFIGURATIONENTRY
2021-08-27 19:21:21,291 [grpc-default-executor-3] INFO  server.GrpcLogAppender (GrpcLogAppender.java:onCompleted(344)) - 7114ee9f-b20c-4a85-b13e-c38a422a401d@group-37442FA1A88F->73f911ca-52fc-4abb-a332-7dbce6ccb501-AppendLogResponseHandler: follower responses appendEntries COMPLETED
2021-08-27 19:21:21,291 [grpc-default-executor-3] INFO  leader.FollowerInfo (FollowerInfoImpl.java:lambda$new$0(46)) - 7114ee9f-b20c-4a85-b13e-c38a422a401d@group-37442FA1A88F->73f911ca-52fc-4abb-a332-7dbce6ccb501: nextIndex: updateUnconditionally 1 -> 0
2021-08-27 19:21:21,291 [879cfcac-0f36-4f91-b8b3-e9d7e01f977d@group-AFE32ABD61BE-StateMachineUpdater] INFO  ratis.ContainerStateMachine (ContainerStateMachine.java:takeSnapshot(303)) - group-AFE32ABD61BE: Finished taking a snapshot at:(t:1, i:0) file:/home/runner/work/ozone/ozone/hadoop-ozone/integration-test/target/test-dir/MiniOzoneClusterImpl-cc6da7a1-649b-4db9-82e6-e71d50c67865/datanode-1/data/ratis/6880d572-0540-433f-8cfe-afe32abd61be/sm/snapshot.1_0 took: 2 ms
2021-08-27 19:21:21,291 [879cfcac-0f36-4f91-b8b3-e9d7e01f977d@group-AFE32ABD61BE-StateMachineUpdater] INFO  impl.StateMachineUpdater (StateMachineUpdater.java:takeSnapshot(281)) - 879cfcac-0f36-4f91-b8b3-e9d7e01f977d@group-AFE32ABD61BE-StateMachineUpdater: Took a snapshot at index 0
2021-08-27 19:21:21,291 [879cfcac-0f36-4f91-b8b3-e9d7e01f977d@group-AFE32ABD61BE-StateMachineUpdater] INFO  impl.StateMachineUpdater (StateMachineUpdater.java:lambda$new$0(89)) - 879cfcac-0f36-4f91-b8b3-e9d7e01f977d@group-AFE32ABD61BE-StateMachineUpdater: snapshotIndex: updateIncreasingly -1 -> 0
2021-08-27 19:21:21,292 [grpc-default-executor-4] INFO  server.GrpcLogAppender (GrpcLogAppender.java:onCompleted(344)) - 7114ee9f-b20c-4a85-b13e-c38a422a401d@group-37442FA1A88F->879cfcac-0f36-4f91-b8b3-e9d7e01f977d-AppendLogResponseHandler: follower responses appendEntries COMPLETED
2021-08-27 19:21:21,292 [grpc-default-executor-4] INFO  leader.FollowerInfo (FollowerInfoImpl.java:lambda$new$0(46)) - 7114ee9f-b20c-4a85-b13e-c38a422a401d@group-37442FA1A88F->879cfcac-0f36-4f91-b8b3-e9d7e01f977d: nextIndex: updateUnconditionally 1 -> 0
2021-08-27 19:21:21,289 [ForkJoinPool.commonPool-worker-0] INFO  impl.PendingRequests (PendingRequests.java:sendNotLeaderResponses(282)) - 7114ee9f-b20c-4a85-b13e-c38a422a401d@group-37442FA1A88F-PendingRequests: sendNotLeaderResponses
2021-08-27 19:21:21,293 [ForkJoinPool.commonPool-worker-0] INFO  impl.StateMachineUpdater (StateMachineUpdater.java:stopAndJoin(149)) - 7114ee9f-b20c-4a85-b13e-c38a422a401d@group-37442FA1A88F-StateMachineUpdater: set stopIndex = 0
2021-08-27 19:21:21,293 [7114ee9f-b20c-4a85-b13e-c38a422a401d@group-37442FA1A88F-StateMachineUpdater] INFO  ratis.ContainerStateMachine (ContainerStateMachine.java:takeSnapshot(292)) - group-37442FA1A88F: Taking a snapshot at:(t:2, i:0) file /home/runner/work/ozone/ozone/hadoop-ozone/integration-test/target/test-dir/MiniOzoneClusterImpl-cc6da7a1-649b-4db9-82e6-e71d50c67865/datanode-0/data/ratis/61913ee4-3f4e-472a-92d3-37442fa1a88f/sm/snapshot.2_0
2021-08-27 19:21:21,297 [7114ee9f-b20c-4a85-b13e-c38a422a401d@group-37442FA1A88F-StateMachineUpdater] INFO  ratis.ContainerStateMachine (ContainerStateMachine.java:takeSnapshot(303)) - group-37442FA1A88F: Finished taking a snapshot at:(t:2, i:0) file:/home/runner/work/ozone/ozone/hadoop-ozone/integration-test/target/test-dir/MiniOzoneClusterImpl-cc6da7a1-649b-4db9-82e6-e71d50c67865/datanode-0/data/ratis/61913ee4-3f4e-472a-92d3-37442fa1a88f/sm/snapshot.2_0 took: 4 ms
2021-08-27 19:21:21,297 [7114ee9f-b20c-4a85-b13e-c38a422a401d@group-37442FA1A88F-StateMachineUpdater] INFO  impl.StateMachineUpdater (StateMachineUpdater.java:takeSnapshot(281)) - 7114ee9f-b20c-4a85-b13e-c38a422a401d@group-37442FA1A88F-StateMachineUpdater: Took a snapshot at index 0
2021-08-27 19:21:21,297 [7114ee9f-b20c-4a85-b13e-c38a422a401d@group-37442FA1A88F-StateMachineUpdater] INFO  impl.StateMachineUpdater (StateMachineUpdater.java:lambda$new$0(89)) - 7114ee9f-b20c-4a85-b13e-c38a422a401d@group-37442FA1A88F-StateMachineUpdater: snapshotIndex: updateIncreasingly -1 -> 0
2021-08-27 19:21:21,297 [ForkJoinPool.commonPool-worker-0] INFO  server.RaftServer$Division (ServerState.java:close(419)) - 7114ee9f-b20c-4a85-b13e-c38a422a401d@group-37442FA1A88F: closes. applyIndex: 0
2021-08-27 19:21:21,297 [7114ee9f-b20c-4a85-b13e-c38a422a401d@group-37442FA1A88F-SegmentedRaftLogWorker] INFO  segmented.SegmentedRaftLogWorker (SegmentedRaftLogWorker.java:run(327)) - 7114ee9f-b20c-4a85-b13e-c38a422a401d@group-37442FA1A88F-SegmentedRaftLogWorker was interrupted, exiting. There are 0 tasks remaining in the queue.
2021-08-27 19:21:21,298 [Listener at 127.0.0.1/13592] INFO  server.RaftServer$Division (ServerState.java:close(419)) - 879cfcac-0f36-4f91-b8b3-e9d7e01f977d@group-AFE32ABD61BE: closes. applyIndex: 0
2021-08-27 19:21:21,298 [ForkJoinPool.commonPool-worker-0] INFO  segmented.SegmentedRaftLogWorker (SegmentedRaftLogWorker.java:close(237)) - 7114ee9f-b20c-4a85-b13e-c38a422a401d@group-37442FA1A88F-SegmentedRaftLogWorker close()
2021-08-27 19:21:21,298 [879cfcac-0f36-4f91-b8b3-e9d7e01f977d@group-AFE32ABD61BE-SegmentedRaftLogWorker] INFO  segmented.SegmentedRaftLogWorker (SegmentedRaftLogWorker.java:run(327)) - 879cfcac-0f36-4f91-b8b3-e9d7e01f977d@group-AFE32ABD61BE-SegmentedRaftLogWorker was interrupted, exiting. There are 0 tasks remaining in the queue.
2021-08-27 19:21:21,299 [ForkJoinPool.commonPool-worker-0] INFO  server.GrpcService (GrpcService.java:closeImpl(262)) - 7114ee9f-b20c-4a85-b13e-c38a422a401d: shutdown server with port 33505 now
2021-08-27 19:21:21,307 [Listener at 127.0.0.1/13592] INFO  segmented.SegmentedRaftLogWorker (SegmentedRaftLogWorker.java:close(237)) - 879cfcac-0f36-4f91-b8b3-e9d7e01f977d@group-AFE32ABD61BE-SegmentedRaftLogWorker close()
2021-08-27 19:21:21,308 [Listener at 127.0.0.1/13592] INFO  server.RaftServer$Division (RaftServerImpl.java:lambda$close$4(407)) - 879cfcac-0f36-4f91-b8b3-e9d7e01f977d@group-37442FA1A88F: shutdown
2021-08-27 19:21:21,308 [Listener at 127.0.0.1/13592] INFO  util.JmxRegister (JmxRegister.java:unregister(73)) - Successfully un-registered JMX Bean with object name Ratis:service=RaftServer,group=group-37442FA1A88F,id=879cfcac-0f36-4f91-b8b3-e9d7e01f977d
2021-08-27 19:21:21,309 [Listener at 127.0.0.1/13592] INFO  impl.RoleInfo (RoleInfo.java:shutdownFollowerState(108)) - 879cfcac-0f36-4f91-b8b3-e9d7e01f977d: shutdown 879cfcac-0f36-4f91-b8b3-e9d7e01f977d@group-37442FA1A88F-FollowerState
2021-08-27 19:21:21,309 [Listener at 127.0.0.1/13592] INFO  impl.StateMachineUpdater (StateMachineUpdater.java:stopAndJoin(149)) - 879cfcac-0f36-4f91-b8b3-e9d7e01f977d@group-37442FA1A88F-StateMachineUpdater: set stopIndex = 0
2021-08-27 19:21:21,309 [879cfcac-0f36-4f91-b8b3-e9d7e01f977d@group-37442FA1A88F-FollowerState] INFO  impl.FollowerState (FollowerState.java:run(143)) - 879cfcac-0f36-4f91-b8b3-e9d7e01f977d@group-37442FA1A88F-FollowerState was interrupted: {}
java.lang.InterruptedException: sleep interrupted
	at java.lang.Thread.sleep(Native Method)
	at java.lang.Thread.sleep(Thread.java:340)
	at java.util.concurrent.TimeUnit.sleep(TimeUnit.java:386)
	at org.apache.ratis.util.TimeDuration.sleep(TimeDuration.java:324)
	at org.apache.ratis.util.TimeDuration.sleep(TimeDuration.java:309)
	at org.apache.ratis.server.impl.FollowerState.run(FollowerState.java:118)
2021-08-27 19:21:21,312 [ForkJoinPool.commonPool-worker-0] INFO  server.GrpcService (GrpcService.java:closeImpl(271)) - 7114ee9f-b20c-4a85-b13e-c38a422a401d: shutdown server with port 33505 successfully
2021-08-27 19:21:21,312 [org.apache.ratis.util.JvmPauseMonitor$$Lambda$499/1326998608@75862ff2] INFO  util.JvmPauseMonitor (JvmPauseMonitor.java:run(109)) - JvmPauseMonitor-7114ee9f-b20c-4a85-b13e-c38a422a401d: Stopped
2021-08-27 19:21:21,313 [879cfcac-0f36-4f91-b8b3-e9d7e01f977d@group-37442FA1A88F-StateMachineUpdater] INFO  ratis.ContainerStateMachine (ContainerStateMachine.java:takeSnapshot(292)) - group-37442FA1A88F: Taking a snapshot at:(t:2, i:0) file /home/runner/work/ozone/ozone/hadoop-ozone/integration-test/target/test-dir/MiniOzoneClusterImpl-cc6da7a1-649b-4db9-82e6-e71d50c67865/datanode-1/data/ratis/61913ee4-3f4e-472a-92d3-37442fa1a88f/sm/snapshot.2_0
2021-08-27 19:21:21,314 [879cfcac-0f36-4f91-b8b3-e9d7e01f977d@group-37442FA1A88F-StateMachineUpdater] INFO  ratis.ContainerStateMachine (ContainerStateMachine.java:takeSnapshot(303)) - group-37442FA1A88F: Finished taking a snapshot at:(t:2, i:0) file:/home/runner/work/ozone/ozone/hadoop-ozone/integration-test/target/test-dir/MiniOzoneClusterImpl-cc6da7a1-649b-4db9-82e6-e71d50c67865/datanode-1/data/ratis/61913ee4-3f4e-472a-92d3-37442fa1a88f/sm/snapshot.2_0 took: 1 ms
2021-08-27 19:21:21,314 [ForkJoinPool.commonPool-worker-0] INFO  utils.BackgroundService (BackgroundService.java:shutdown(132)) - Shutting down service BlockDeletingService
2021-08-27 19:21:21,323 [879cfcac-0f36-4f91-b8b3-e9d7e01f977d@group-37442FA1A88F-StateMachineUpdater] INFO  impl.StateMachineUpdater (StateMachineUpdater.java:takeSnapshot(281)) - 879cfcac-0f36-4f91-b8b3-e9d7e01f977d@group-37442FA1A88F-StateMachineUpdater: Took a snapshot at index 0
2021-08-27 19:21:21,323 [879cfcac-0f36-4f91-b8b3-e9d7e01f977d@group-37442FA1A88F-StateMachineUpdater] INFO  impl.StateMachineUpdater (StateMachineUpdater.java:lambda$new$0(89)) - 879cfcac-0f36-4f91-b8b3-e9d7e01f977d@group-37442FA1A88F-StateMachineUpdater: snapshotIndex: updateIncreasingly -1 -> 0
2021-08-27 19:21:21,328 [Listener at 127.0.0.1/13592] INFO  server.RaftServer$Division (ServerState.java:close(419)) - 879cfcac-0f36-4f91-b8b3-e9d7e01f977d@group-37442FA1A88F: closes. applyIndex: 0
2021-08-27 19:21:21,328 [879cfcac-0f36-4f91-b8b3-e9d7e01f977d@group-37442FA1A88F-SegmentedRaftLogWorker] INFO  segmented.SegmentedRaftLogWorker (SegmentedRaftLogWorker.java:run(327)) - 879cfcac-0f36-4f91-b8b3-e9d7e01f977d@group-37442FA1A88F-SegmentedRaftLogWorker was interrupted, exiting. There are 0 tasks remaining in the queue.
2021-08-27 19:21:21,329 [Listener at 127.0.0.1/13592] INFO  segmented.SegmentedRaftLogWorker (SegmentedRaftLogWorker.java:close(237)) - 879cfcac-0f36-4f91-b8b3-e9d7e01f977d@group-37442FA1A88F-SegmentedRaftLogWorker close()
2021-08-27 19:21:21,330 [Listener at 127.0.0.1/13592] INFO  server.GrpcService (GrpcService.java:closeImpl(262)) - 879cfcac-0f36-4f91-b8b3-e9d7e01f977d: shutdown server with port 32853 now
2021-08-27 19:21:21,336 [Listener at 127.0.0.1/13592] INFO  server.GrpcService (GrpcService.java:closeImpl(271)) - 879cfcac-0f36-4f91-b8b3-e9d7e01f977d: shutdown server with port 32853 successfully
2021-08-27 19:21:21,336 [org.apache.ratis.util.JvmPauseMonitor$$Lambda$499/1326998608@d8ae00a] INFO  util.JvmPauseMonitor (JvmPauseMonitor.java:run(109)) - JvmPauseMonitor-879cfcac-0f36-4f91-b8b3-e9d7e01f977d: Stopped
2021-08-27 19:21:21,338 [Listener at 127.0.0.1/13592] INFO  utils.BackgroundService (BackgroundService.java:shutdown(132)) - Shutting down service BlockDeletingService
2021-08-27 19:21:21,472 [EndpointStateMachine task thread for /127.0.0.1:13935 - 0 ] INFO  ipc.Client (Client.java:handleConnectionFailure(977)) - Retrying connect to server: localhost/127.0.0.1:13935. Already tried 5 time(s); retry policy is RetryUpToMaximumCountWithFixedSleep(maxRetries=15, sleepTime=1000 MILLISECONDS)
2021-08-27 19:21:21,516 [EndpointStateMachine task thread for /127.0.0.1:14971 - 0 ] INFO  ipc.Client (Client.java:handleConnectionFailure(977)) - Retrying connect to server: localhost/127.0.0.1:14971. Already tried 14 time(s); retry policy is RetryUpToMaximumCountWithFixedSleep(maxRetries=15, sleepTime=1000 MILLISECONDS)
2021-08-27 19:21:21,516 [EndpointStateMachine task thread for /127.0.0.1:14981 - 0 ] INFO  ipc.Client (Client.java:handleConnectionFailure(977)) - Retrying connect to server: localhost/127.0.0.1:14981. Already tried 14 time(s); retry policy is RetryUpToMaximumCountWithFixedSleep(maxRetries=15, sleepTime=1000 MILLISECONDS)
2021-08-27 19:21:22,004 [EndpointStateMachine task thread for /127.0.0.1:13945 - 0 ] INFO  ipc.Client (Client.java:handleConnectionFailure(977)) - Retrying connect to server: localhost/127.0.0.1:13945. Already tried 5 time(s); retry policy is RetryUpToMaximumCountWithFixedSleep(maxRetries=15, sleepTime=1000 MILLISECONDS)
2021-08-27 19:21:22,007 [EndpointStateMachine task thread for /127.0.0.1:13925 - 0 ] INFO  ipc.Client (Client.java:handleConnectionFailure(977)) - Retrying connect to server: localhost/127.0.0.1:13925. Already tried 5 time(s); retry policy is RetryUpToMaximumCountWithFixedSleep(maxRetries=15, sleepTime=1000 MILLISECONDS)
2021-08-27 19:21:22,226 [EndpointStateMachine task thread for /127.0.0.1:14961 - 0 ] INFO  ipc.Client (Client.java:handleConnectionFailure(977)) - Retrying connect to server: localhost/127.0.0.1:14961. Already tried 2 time(s); retry policy is RetryUpToMaximumCountWithFixedSleep(maxRetries=15, sleepTime=1000 MILLISECONDS)
2021-08-27 19:21:22,473 [EndpointStateMachine task thread for /127.0.0.1:13935 - 0 ] INFO  ipc.Client (Client.java:handleConnectionFailure(977)) - Retrying connect to server: localhost/127.0.0.1:13935. Already tried 6 time(s); retry policy is RetryUpToMaximumCountWithFixedSleep(maxRetries=15, sleepTime=1000 MILLISECONDS)
2021-08-27 19:21:22,517 [EndpointStateMachine task thread for /127.0.0.1:14971 - 0 ] INFO  ipc.Client (Client.java:handleConnectionFailure(977)) - Retrying connect to server: localhost/127.0.0.1:14971. Already tried 0 time(s); retry policy is RetryUpToMaximumCountWithFixedSleep(maxRetries=15, sleepTime=1000 MILLISECONDS)
2021-08-27 19:21:22,517 [EndpointStateMachine task thread for /127.0.0.1:14981 - 0 ] INFO  ipc.Client (Client.java:handleConnectionFailure(977)) - Retrying connect to server: localhost/127.0.0.1:14981. Already tried 0 time(s); retry policy is RetryUpToMaximumCountWithFixedSleep(maxRetries=15, sleepTime=1000 MILLISECONDS)
2021-08-27 19:21:23,004 [EndpointStateMachine task thread for /127.0.0.1:13945 - 0 ] INFO  ipc.Client (Client.java:handleConnectionFailure(977)) - Retrying connect to server: localhost/127.0.0.1:13945. Already tried 6 time(s); retry policy is RetryUpToMaximumCountWithFixedSleep(maxRetries=15, sleepTime=1000 MILLISECONDS)
2021-08-27 19:21:23,008 [EndpointStateMachine task thread for /127.0.0.1:13925 - 0 ] INFO  ipc.Client (Client.java:handleConnectionFailure(977)) - Retrying connect to server: localhost/127.0.0.1:13925. Already tried 6 time(s); retry policy is RetryUpToMaximumCountWithFixedSleep(maxRetries=15, sleepTime=1000 MILLISECONDS)
2021-08-27 19:21:23,226 [EndpointStateMachine task thread for /127.0.0.1:14961 - 0 ] INFO  ipc.Client (Client.java:handleConnectionFailure(977)) - Retrying connect to server: localhost/127.0.0.1:14961. Already tried 3 time(s); retry policy is RetryUpToMaximumCountWithFixedSleep(maxRetries=15, sleepTime=1000 MILLISECONDS)
2021-08-27 19:21:23,473 [EndpointStateMachine task thread for /127.0.0.1:13935 - 0 ] INFO  ipc.Client (Client.java:handleConnectionFailure(977)) - Retrying connect to server: localhost/127.0.0.1:13935. Already tried 7 time(s); retry policy is RetryUpToMaximumCountWithFixedSleep(maxRetries=15, sleepTime=1000 MILLISECONDS)
2021-08-27 19:21:23,517 [EndpointStateMachine task thread for /127.0.0.1:14971 - 0 ] INFO  ipc.Client (Client.java:handleConnectionFailure(977)) - Retrying connect to server: localhost/127.0.0.1:14971. Already tried 1 time(s); retry policy is RetryUpToMaximumCountWithFixedSleep(maxRetries=15, sleepTime=1000 MILLISECONDS)
2021-08-27 19:21:23,517 [EndpointStateMachine task thread for /127.0.0.1:14981 - 0 ] INFO  ipc.Client (Client.java:handleConnectionFailure(977)) - Retrying connect to server: localhost/127.0.0.1:14981. Already tried 1 time(s); retry policy is RetryUpToMaximumCountWithFixedSleep(maxRetries=15, sleepTime=1000 MILLISECONDS)
2021-08-27 19:21:24,005 [EndpointStateMachine task thread for /127.0.0.1:13945 - 0 ] INFO  ipc.Client (Client.java:handleConnectionFailure(977)) - Retrying connect to server: localhost/127.0.0.1:13945. Already tried 7 time(s); retry policy is RetryUpToMaximumCountWithFixedSleep(maxRetries=15, sleepTime=1000 MILLISECONDS)
2021-08-27 19:21:24,008 [EndpointStateMachine task thread for /127.0.0.1:13925 - 0 ] INFO  ipc.Client (Client.java:handleConnectionFailure(977)) - Retrying connect to server: localhost/127.0.0.1:13925. Already tried 7 time(s); retry policy is RetryUpToMaximumCountWithFixedSleep(maxRetries=15, sleepTime=1000 MILLISECONDS)
2021-08-27 19:21:24,227 [EndpointStateMachine task thread for /127.0.0.1:14961 - 0 ] INFO  ipc.Client (Client.java:handleConnectionFailure(977)) - Retrying connect to server: localhost/127.0.0.1:14961. Already tried 4 time(s); retry policy is RetryUpToMaximumCountWithFixedSleep(maxRetries=15, sleepTime=1000 MILLISECONDS)
2021-08-27 19:21:24,324 [ForkJoinPool.commonPool-worker-0] INFO  statemachine.DatanodeStateMachine (DatanodeStateMachine.java:stopDaemon(515)) - Ozone container server stopped.
2021-08-27 19:21:24,329 [ForkJoinPool.commonPool-worker-0] INFO  handler.ContextHandler (ContextHandler.java:doStop(1153)) - Stopped o.e.j.w.WebAppContext@64d23a83{hddsDatanode,/,null,STOPPED}{jar:file:/home/runner/.m2/repository/org/apache/ozone/hdds-container-service/1.2.0-SNAPSHOT/hdds-container-service-1.2.0-SNAPSHOT.jar!/webapps/hddsDatanode}
2021-08-27 19:21:24,330 [ForkJoinPool.commonPool-worker-0] INFO  server.AbstractConnector (AbstractConnector.java:doStop(381)) - Stopped ServerConnector@4909e294{HTTP/1.1, (http/1.1)}{0.0.0.0:0}
2021-08-27 19:21:24,330 [ForkJoinPool.commonPool-worker-0] INFO  server.session (HouseKeeper.java:stopScavenging(149)) - node0 Stopped scavenging
2021-08-27 19:21:24,333 [ForkJoinPool.commonPool-worker-0] INFO  handler.ContextHandler (ContextHandler.java:doStop(1153)) - Stopped o.e.j.s.ServletContextHandler@2809aeee{static,/static,jar:file:/home/runner/.m2/repository/org/apache/ozone/hdds-container-service/1.2.0-SNAPSHOT/hdds-container-service-1.2.0-SNAPSHOT.jar!/webapps/static,STOPPED}
2021-08-27 19:21:24,334 [ForkJoinPool.commonPool-worker-0] INFO  handler.ContextHandler (ContextHandler.java:doStop(1153)) - Stopped o.e.j.s.ServletContextHandler@68bcb6c9{logs,/logs,file:///home/runner/work/ozone/ozone/hadoop-ozone/integration-test/target/log,STOPPED}
2021-08-27 19:21:24,339 [Listener at 127.0.0.1/13592] INFO  statemachine.DatanodeStateMachine (DatanodeStateMachine.java:stopDaemon(515)) - Ozone container server stopped.
2021-08-27 19:21:24,340 [Listener at 127.0.0.1/13592] INFO  handler.ContextHandler (ContextHandler.java:doStop(1153)) - Stopped o.e.j.w.WebAppContext@3e36657e{hddsDatanode,/,null,STOPPED}{jar:file:/home/runner/.m2/repository/org/apache/ozone/hdds-container-service/1.2.0-SNAPSHOT/hdds-container-service-1.2.0-SNAPSHOT.jar!/webapps/hddsDatanode}
2021-08-27 19:21:24,341 [Listener at 127.0.0.1/13592] INFO  server.AbstractConnector (AbstractConnector.java:doStop(381)) - Stopped ServerConnector@466aee52{HTTP/1.1, (http/1.1)}{0.0.0.0:0}
2021-08-27 19:21:24,341 [Listener at 127.0.0.1/13592] INFO  server.session (HouseKeeper.java:stopScavenging(149)) - node0 Stopped scavenging
2021-08-27 19:21:24,342 [Listener at 127.0.0.1/13592] INFO  handler.ContextHandler (ContextHandler.java:doStop(1153)) - Stopped o.e.j.s.ServletContextHandler@59065952{static,/static,jar:file:/home/runner/.m2/repository/org/apache/ozone/hdds-container-service/1.2.0-SNAPSHOT/hdds-container-service-1.2.0-SNAPSHOT.jar!/webapps/static,STOPPED}
2021-08-27 19:21:24,342 [Listener at 127.0.0.1/13592] INFO  handler.ContextHandler (ContextHandler.java:doStop(1153)) - Stopped o.e.j.s.ServletContextHandler@310d8954{logs,/logs,file:///home/runner/work/ozone/ozone/hadoop-ozone/integration-test/target/log,STOPPED}
2021-08-27 19:21:24,474 [EndpointStateMachine task thread for /127.0.0.1:13935 - 0 ] INFO  ipc.Client (Client.java:handleConnectionFailure(977)) - Retrying connect to server: localhost/127.0.0.1:13935. Already tried 8 time(s); retry policy is RetryUpToMaximumCountWithFixedSleep(maxRetries=15, sleepTime=1000 MILLISECONDS)
2021-08-27 19:21:24,517 [EndpointStateMachine task thread for /127.0.0.1:14971 - 0 ] INFO  ipc.Client (Client.java:handleConnectionFailure(977)) - Retrying connect to server: localhost/127.0.0.1:14971. Already tried 2 time(s); retry policy is RetryUpToMaximumCountWithFixedSleep(maxRetries=15, sleepTime=1000 MILLISECONDS)
2021-08-27 19:21:24,517 [EndpointStateMachine task thread for /127.0.0.1:14981 - 0 ] INFO  ipc.Client (Client.java:handleConnectionFailure(977)) - Retrying connect to server: localhost/127.0.0.1:14981. Already tried 2 time(s); retry policy is RetryUpToMaximumCountWithFixedSleep(maxRetries=15, sleepTime=1000 MILLISECONDS)
2021-08-27 19:21:24,732 [73f911ca-52fc-4abb-a332-7dbce6ccb501@group-37442FA1A88F-FollowerState] INFO  impl.FollowerState (FollowerState.java:run(134)) - 73f911ca-52fc-4abb-a332-7dbce6ccb501@group-37442FA1A88F-FollowerState: change to CANDIDATE, lastRpcElapsedTime:5154562631ns, electionTimeout:5088ms
2021-08-27 19:21:24,732 [73f911ca-52fc-4abb-a332-7dbce6ccb501@group-37442FA1A88F-FollowerState] INFO  impl.RoleInfo (RoleInfo.java:shutdownFollowerState(108)) - 73f911ca-52fc-4abb-a332-7dbce6ccb501: shutdown 73f911ca-52fc-4abb-a332-7dbce6ccb501@group-37442FA1A88F-FollowerState
2021-08-27 19:21:24,732 [73f911ca-52fc-4abb-a332-7dbce6ccb501@group-37442FA1A88F-FollowerState] INFO  server.RaftServer$Division (RaftServerImpl.java:setRole(285)) - 73f911ca-52fc-4abb-a332-7dbce6ccb501@group-37442FA1A88F: changes role from  FOLLOWER to CANDIDATE at term 2 for changeToCandidate
2021-08-27 19:21:24,733 [73f911ca-52fc-4abb-a332-7dbce6ccb501@group-37442FA1A88F-FollowerState] INFO  server.RaftServerConfigKeys (ConfUtils.java:logGet(44)) - raft.server.leaderelection.pre-vote = false (custom)
2021-08-27 19:21:24,733 [73f911ca-52fc-4abb-a332-7dbce6ccb501@group-37442FA1A88F-FollowerState] INFO  impl.RoleInfo (RoleInfo.java:updateAndGet(130)) - 73f911ca-52fc-4abb-a332-7dbce6ccb501: start 73f911ca-52fc-4abb-a332-7dbce6ccb501@group-37442FA1A88F-LeaderElection33
2021-08-27 19:21:24,739 [73f911ca-52fc-4abb-a332-7dbce6ccb501@group-37442FA1A88F-LeaderElection33] INFO  server.RaftServer$Division (ServerState.java:setLeader(285)) - 73f911ca-52fc-4abb-a332-7dbce6ccb501@group-37442FA1A88F: change Leader from 7114ee9f-b20c-4a85-b13e-c38a422a401d to null at term 2 for ELECTION
2021-08-27 19:21:24,745 [73f911ca-52fc-4abb-a332-7dbce6ccb501@group-37442FA1A88F-LeaderElection33] INFO  impl.LeaderElection (LeaderElection.java:askForVotes(306)) - 73f911ca-52fc-4abb-a332-7dbce6ccb501@group-37442FA1A88F-LeaderElection33 ELECTION round 0: submit vote requests at term 3 for 0: [879cfcac-0f36-4f91-b8b3-e9d7e01f977d|rpc:127.0.0.1:32853|dataStream:|priority:0, 7114ee9f-b20c-4a85-b13e-c38a422a401d|rpc:127.0.0.1:33505|dataStream:|priority:1, 73f911ca-52fc-4abb-a332-7dbce6ccb501|rpc:127.0.0.1:36141|dataStream:|priority:0], old=null
2021-08-27 19:21:24,780 [73f911ca-52fc-4abb-a332-7dbce6ccb501@group-37442FA1A88F-LeaderElection33] INFO  impl.LeaderElection (LogUtils.java:infoOrTrace(137)) - 73f911ca-52fc-4abb-a332-7dbce6ccb501@group-37442FA1A88F-LeaderElection33 got exception when requesting votes: java.util.concurrent.ExecutionException: org.apache.ratis.thirdparty.io.grpc.StatusRuntimeException: UNAVAILABLE: io exception
2021-08-27 19:21:24,781 [73f911ca-52fc-4abb-a332-7dbce6ccb501@group-37442FA1A88F-LeaderElection33] INFO  impl.LeaderElection (LogUtils.java:infoOrTrace(137)) - 73f911ca-52fc-4abb-a332-7dbce6ccb501@group-37442FA1A88F-LeaderElection33 got exception when requesting votes: java.util.concurrent.ExecutionException: org.apache.ratis.thirdparty.io.grpc.StatusRuntimeException: UNAVAILABLE: io exception
2021-08-27 19:21:24,781 [73f911ca-52fc-4abb-a332-7dbce6ccb501@group-37442FA1A88F-LeaderElection33] INFO  impl.LeaderElection (LeaderElection.java:logAndReturn(89)) - 73f911ca-52fc-4abb-a332-7dbce6ccb501@group-37442FA1A88F-LeaderElection33: ELECTION REJECTED received 0 response(s) and 2 exception(s):
2021-08-27 19:21:24,781 [73f911ca-52fc-4abb-a332-7dbce6ccb501@group-37442FA1A88F-LeaderElection33] INFO  impl.LeaderElection (LogUtils.java:infoOrTrace(137)) -   Exception 0: java.util.concurrent.ExecutionException: org.apache.ratis.thirdparty.io.grpc.StatusRuntimeException: UNAVAILABLE: io exception
2021-08-27 19:21:24,781 [73f911ca-52fc-4abb-a332-7dbce6ccb501@group-37442FA1A88F-LeaderElection33] INFO  impl.LeaderElection (LogUtils.java:infoOrTrace(137)) -   Exception 1: java.util.concurrent.ExecutionException: org.apache.ratis.thirdparty.io.grpc.StatusRuntimeException: UNAVAILABLE: io exception
2021-08-27 19:21:24,781 [73f911ca-52fc-4abb-a332-7dbce6ccb501@group-37442FA1A88F-LeaderElection33] INFO  impl.LeaderElection (LeaderElection.java:askForVotes(308)) - 73f911ca-52fc-4abb-a332-7dbce6ccb501@group-37442FA1A88F-LeaderElection33 ELECTION round 0: result REJECTED
2021-08-27 19:21:24,781 [73f911ca-52fc-4abb-a332-7dbce6ccb501@group-37442FA1A88F-LeaderElection33] INFO  server.RaftServer$Division (RaftServerImpl.java:setRole(285)) - 73f911ca-52fc-4abb-a332-7dbce6ccb501@group-37442FA1A88F: changes role from CANDIDATE to FOLLOWER at term 3 for REJECTED
2021-08-27 19:21:24,781 [73f911ca-52fc-4abb-a332-7dbce6ccb501@group-37442FA1A88F-LeaderElection33] INFO  impl.RoleInfo (RoleInfo.java:shutdownLeaderElection(121)) - 73f911ca-52fc-4abb-a332-7dbce6ccb501: shutdown 73f911ca-52fc-4abb-a332-7dbce6ccb501@group-37442FA1A88F-LeaderElection33
2021-08-27 19:21:24,782 [73f911ca-52fc-4abb-a332-7dbce6ccb501@group-37442FA1A88F-LeaderElection33] INFO  impl.RoleInfo (RoleInfo.java:updateAndGet(130)) - 73f911ca-52fc-4abb-a332-7dbce6ccb501: start 73f911ca-52fc-4abb-a332-7dbce6ccb501@group-37442FA1A88F-FollowerState
2021-08-27 19:21:25,005 [EndpointStateMachine task thread for /127.0.0.1:13945 - 0 ] INFO  ipc.Client (Client.java:handleConnectionFailure(977)) - Retrying connect to server: localhost/127.0.0.1:13945. Already tried 8 time(s); retry policy is RetryUpToMaximumCountWithFixedSleep(maxRetries=15, sleepTime=1000 MILLISECONDS)
2021-08-27 19:21:25,008 [EndpointStateMachine task thread for /127.0.0.1:13925 - 0 ] INFO  ipc.Client (Client.java:handleConnectionFailure(977)) - Retrying connect to server: localhost/127.0.0.1:13925. Already tried 8 time(s); retry policy is RetryUpToMaximumCountWithFixedSleep(maxRetries=15, sleepTime=1000 MILLISECONDS)
2021-08-27 19:21:25,210 [Datanode State Machine Thread - 0] WARN  statemachine.StateContext (StateContext.java:setState(246)) - Ignore disallowed transition from SHUTDOWN to RUNNING
2021-08-27 19:21:25,210 [Datanode State Machine Thread - 0] INFO  statemachine.DatanodeStateMachine (DatanodeStateMachine.java:lambda$startDaemon$0(457)) - Ozone container server started.
2021-08-27 19:21:25,227 [EndpointStateMachine task thread for /127.0.0.1:14961 - 0 ] INFO  ipc.Client (Client.java:handleConnectionFailure(977)) - Retrying connect to server: localhost/127.0.0.1:14961. Already tried 5 time(s); retry policy is RetryUpToMaximumCountWithFixedSleep(maxRetries=15, sleepTime=1000 MILLISECONDS)
2021-08-27 19:21:25,474 [EndpointStateMachine task thread for /127.0.0.1:13935 - 0 ] INFO  ipc.Client (Client.java:handleConnectionFailure(977)) - Retrying connect to server: localhost/127.0.0.1:13935. Already tried 9 time(s); retry policy is RetryUpToMaximumCountWithFixedSleep(maxRetries=15, sleepTime=1000 MILLISECONDS)
2021-08-27 19:21:25,518 [EndpointStateMachine task thread for /127.0.0.1:14971 - 0 ] INFO  ipc.Client (Client.java:handleConnectionFailure(977)) - Retrying connect to server: localhost/127.0.0.1:14971. Already tried 3 time(s); retry policy is RetryUpToMaximumCountWithFixedSleep(maxRetries=15, sleepTime=1000 MILLISECONDS)
2021-08-27 19:21:25,518 [EndpointStateMachine task thread for /127.0.0.1:14981 - 0 ] INFO  ipc.Client (Client.java:handleConnectionFailure(977)) - Retrying connect to server: localhost/127.0.0.1:14981. Already tried 3 time(s); retry policy is RetryUpToMaximumCountWithFixedSleep(maxRetries=15, sleepTime=1000 MILLISECONDS)
2021-08-27 19:21:26,006 [EndpointStateMachine task thread for /127.0.0.1:13945 - 0 ] INFO  ipc.Client (Client.java:handleConnectionFailure(977)) - Retrying connect to server: localhost/127.0.0.1:13945. Already tried 9 time(s); retry policy is RetryUpToMaximumCountWithFixedSleep(maxRetries=15, sleepTime=1000 MILLISECONDS)
2021-08-27 19:21:26,009 [EndpointStateMachine task thread for /127.0.0.1:13925 - 0 ] INFO  ipc.Client (Client.java:handleConnectionFailure(977)) - Retrying connect to server: localhost/127.0.0.1:13925. Already tried 9 time(s); retry policy is RetryUpToMaximumCountWithFixedSleep(maxRetries=15, sleepTime=1000 MILLISECONDS)
2021-08-27 19:21:26,228 [EndpointStateMachine task thread for /127.0.0.1:14961 - 0 ] INFO  ipc.Client (Client.java:handleConnectionFailure(977)) - Retrying connect to server: localhost/127.0.0.1:14961. Already tried 6 time(s); retry policy is RetryUpToMaximumCountWithFixedSleep(maxRetries=15, sleepTime=1000 MILLISECONDS)
2021-08-27 19:21:26,475 [EndpointStateMachine task thread for /127.0.0.1:13935 - 0 ] INFO  ipc.Client (Client.java:handleConnectionFailure(977)) - Retrying connect to server: localhost/127.0.0.1:13935. Already tried 10 time(s); retry policy is RetryUpToMaximumCountWithFixedSleep(maxRetries=15, sleepTime=1000 MILLISECONDS)
2021-08-27 19:21:26,519 [EndpointStateMachine task thread for /127.0.0.1:14971 - 0 ] INFO  ipc.Client (Client.java:handleConnectionFailure(977)) - Retrying connect to server: localhost/127.0.0.1:14971. Already tried 4 time(s); retry policy is RetryUpToMaximumCountWithFixedSleep(maxRetries=15, sleepTime=1000 MILLISECONDS)
2021-08-27 19:21:26,519 [EndpointStateMachine task thread for /127.0.0.1:14981 - 0 ] INFO  ipc.Client (Client.java:handleConnectionFailure(977)) - Retrying connect to server: localhost/127.0.0.1:14981. Already tried 4 time(s); retry policy is RetryUpToMaximumCountWithFixedSleep(maxRetries=15, sleepTime=1000 MILLISECONDS)
2021-08-27 19:21:27,006 [EndpointStateMachine task thread for /127.0.0.1:13945 - 0 ] INFO  ipc.Client (Client.java:handleConnectionFailure(977)) - Retrying connect to server: localhost/127.0.0.1:13945. Already tried 10 time(s); retry policy is RetryUpToMaximumCountWithFixedSleep(maxRetries=15, sleepTime=1000 MILLISECONDS)
2021-08-27 19:21:27,009 [EndpointStateMachine task thread for /127.0.0.1:13925 - 0 ] INFO  ipc.Client (Client.java:handleConnectionFailure(977)) - Retrying connect to server: localhost/127.0.0.1:13925. Already tried 10 time(s); retry policy is RetryUpToMaximumCountWithFixedSleep(maxRetries=15, sleepTime=1000 MILLISECONDS)
2021-08-27 19:21:27,228 [EndpointStateMachine task thread for /127.0.0.1:14961 - 0 ] INFO  ipc.Client (Client.java:handleConnectionFailure(977)) - Retrying connect to server: localhost/127.0.0.1:14961. Already tried 7 time(s); retry policy is RetryUpToMaximumCountWithFixedSleep(maxRetries=15, sleepTime=1000 MILLISECONDS)
2021-08-27 19:21:27,475 [EndpointStateMachine task thread for /127.0.0.1:13935 - 0 ] INFO  ipc.Client (Client.java:handleConnectionFailure(977)) - Retrying connect to server: localhost/127.0.0.1:13935. Already tried 11 time(s); retry policy is RetryUpToMaximumCountWithFixedSleep(maxRetries=15, sleepTime=1000 MILLISECONDS)
2021-08-27 19:21:27,519 [EndpointStateMachine task thread for /127.0.0.1:14971 - 0 ] INFO  ipc.Client (Client.java:handleConnectionFailure(977)) - Retrying connect to server: localhost/127.0.0.1:14971. Already tried 5 time(s); retry policy is RetryUpToMaximumCountWithFixedSleep(maxRetries=15, sleepTime=1000 MILLISECONDS)
2021-08-27 19:21:27,519 [EndpointStateMachine task thread for /127.0.0.1:14981 - 0 ] INFO  ipc.Client (Client.java:handleConnectionFailure(977)) - Retrying connect to server: localhost/127.0.0.1:14981. Already tried 5 time(s); retry policy is RetryUpToMaximumCountWithFixedSleep(maxRetries=15, sleepTime=1000 MILLISECONDS)
2021-08-27 19:21:28,007 [EndpointStateMachine task thread for /127.0.0.1:13945 - 0 ] INFO  ipc.Client (Client.java:handleConnectionFailure(977)) - Retrying connect to server: localhost/127.0.0.1:13945. Already tried 11 time(s); retry policy is RetryUpToMaximumCountWithFixedSleep(maxRetries=15, sleepTime=1000 MILLISECONDS)
2021-08-27 19:21:28,010 [EndpointStateMachine task thread for /127.0.0.1:13925 - 0 ] INFO  ipc.Client (Client.java:handleConnectionFailure(977)) - Retrying connect to server: localhost/127.0.0.1:13925. Already tried 11 time(s); retry policy is RetryUpToMaximumCountWithFixedSleep(maxRetries=15, sleepTime=1000 MILLISECONDS)
2021-08-27 19:21:28,229 [EndpointStateMachine task thread for /127.0.0.1:14961 - 0 ] INFO  ipc.Client (Client.java:handleConnectionFailure(977)) - Retrying connect to server: localhost/127.0.0.1:14961. Already tried 8 time(s); retry policy is RetryUpToMaximumCountWithFixedSleep(maxRetries=15, sleepTime=1000 MILLISECONDS)
2021-08-27 19:21:28,476 [EndpointStateMachine task thread for /127.0.0.1:13935 - 0 ] INFO  ipc.Client (Client.java:handleConnectionFailure(977)) - Retrying connect to server: localhost/127.0.0.1:13935. Already tried 12 time(s); retry policy is RetryUpToMaximumCountWithFixedSleep(maxRetries=15, sleepTime=1000 MILLISECONDS)
2021-08-27 19:21:28,519 [EndpointStateMachine task thread for /127.0.0.1:14971 - 0 ] INFO  ipc.Client (Client.java:handleConnectionFailure(977)) - Retrying connect to server: localhost/127.0.0.1:14971. Already tried 6 time(s); retry policy is RetryUpToMaximumCountWithFixedSleep(maxRetries=15, sleepTime=1000 MILLISECONDS)
2021-08-27 19:21:28,520 [EndpointStateMachine task thread for /127.0.0.1:14981 - 0 ] INFO  ipc.Client (Client.java:handleConnectionFailure(977)) - Retrying connect to server: localhost/127.0.0.1:14981. Already tried 6 time(s); retry policy is RetryUpToMaximumCountWithFixedSleep(maxRetries=15, sleepTime=1000 MILLISECONDS)
2021-08-27 19:21:29,008 [EndpointStateMachine task thread for /127.0.0.1:13945 - 0 ] INFO  ipc.Client (Client.java:handleConnectionFailure(977)) - Retrying connect to server: localhost/127.0.0.1:13945. Already tried 12 time(s); retry policy is RetryUpToMaximumCountWithFixedSleep(maxRetries=15, sleepTime=1000 MILLISECONDS)
2021-08-27 19:21:29,010 [EndpointStateMachine task thread for /127.0.0.1:13925 - 0 ] INFO  ipc.Client (Client.java:handleConnectionFailure(977)) - Retrying connect to server: localhost/127.0.0.1:13925. Already tried 12 time(s); retry policy is RetryUpToMaximumCountWithFixedSleep(maxRetries=15, sleepTime=1000 MILLISECONDS)
2021-08-27 19:21:29,236 [EndpointStateMachine task thread for /127.0.0.1:14961 - 0 ] INFO  ipc.Client (Client.java:handleConnectionFailure(977)) - Retrying connect to server: localhost/127.0.0.1:14961. Already tried 9 time(s); retry policy is RetryUpToMaximumCountWithFixedSleep(maxRetries=15, sleepTime=1000 MILLISECONDS)
2021-08-27 19:21:29,336 [ForkJoinPool.commonPool-worker-0] INFO  ozoneimpl.OzoneContainer (OzoneContainer.java:stop(326)) - Attempting to stop container services.
2021-08-27 19:21:29,336 [ForkJoinPool.commonPool-worker-0] INFO  server.RaftServer (RaftServerProxy.java:lambda$close$6(391)) - 73f911ca-52fc-4abb-a332-7dbce6ccb501: close
2021-08-27 19:21:29,336 [ForkJoinPool.commonPool-worker-0] INFO  server.RaftServer$Division (RaftServerImpl.java:lambda$close$4(407)) - 73f911ca-52fc-4abb-a332-7dbce6ccb501@group-0289F99EAF61: shutdown
2021-08-27 19:21:29,336 [ForkJoinPool.commonPool-worker-0] INFO  util.JmxRegister (JmxRegister.java:unregister(73)) - Successfully un-registered JMX Bean with object name Ratis:service=RaftServer,group=group-0289F99EAF61,id=73f911ca-52fc-4abb-a332-7dbce6ccb501
2021-08-27 19:21:29,336 [ForkJoinPool.commonPool-worker-0] INFO  impl.RoleInfo (RoleInfo.java:shutdownFollowerState(108)) - 73f911ca-52fc-4abb-a332-7dbce6ccb501: shutdown 73f911ca-52fc-4abb-a332-7dbce6ccb501@group-0289F99EAF61-FollowerState
2021-08-27 19:21:29,336 [ForkJoinPool.commonPool-worker-0] INFO  impl.StateMachineUpdater (StateMachineUpdater.java:stopAndJoin(149)) - 73f911ca-52fc-4abb-a332-7dbce6ccb501@group-0289F99EAF61-StateMachineUpdater: set stopIndex = 0
2021-08-27 19:21:29,337 [73f911ca-52fc-4abb-a332-7dbce6ccb501@group-0289F99EAF61-FollowerState] INFO  impl.FollowerState (FollowerState.java:run(143)) - 73f911ca-52fc-4abb-a332-7dbce6ccb501@group-0289F99EAF61-FollowerState was interrupted: {}
java.lang.InterruptedException: sleep interrupted
	at java.lang.Thread.sleep(Native Method)
	at java.lang.Thread.sleep(Thread.java:340)
	at java.util.concurrent.TimeUnit.sleep(TimeUnit.java:386)
	at org.apache.ratis.util.TimeDuration.sleep(TimeDuration.java:324)
	at org.apache.ratis.util.TimeDuration.sleep(TimeDuration.java:309)
	at org.apache.ratis.server.impl.FollowerState.run(FollowerState.java:118)
2021-08-27 19:21:29,337 [73f911ca-52fc-4abb-a332-7dbce6ccb501@group-0289F99EAF61-StateMachineUpdater] INFO  ratis.ContainerStateMachine (ContainerStateMachine.java:takeSnapshot(292)) - group-0289F99EAF61: Taking a snapshot at:(t:3, i:0) file /home/runner/work/ozone/ozone/hadoop-ozone/integration-test/target/test-dir/MiniOzoneClusterImpl-cc6da7a1-649b-4db9-82e6-e71d50c67865/datanode-2/data/ratis/7b008c3c-c4d0-44ce-8214-0289f99eaf61/sm/snapshot.3_0
2021-08-27 19:21:29,339 [73f911ca-52fc-4abb-a332-7dbce6ccb501@group-0289F99EAF61-StateMachineUpdater] INFO  ratis.ContainerStateMachine (ContainerStateMachine.java:takeSnapshot(303)) - group-0289F99EAF61: Finished taking a snapshot at:(t:3, i:0) file:/home/runner/work/ozone/ozone/hadoop-ozone/integration-test/target/test-dir/MiniOzoneClusterImpl-cc6da7a1-649b-4db9-82e6-e71d50c67865/datanode-2/data/ratis/7b008c3c-c4d0-44ce-8214-0289f99eaf61/sm/snapshot.3_0 took: 2 ms
2021-08-27 19:21:29,339 [73f911ca-52fc-4abb-a332-7dbce6ccb501@group-0289F99EAF61-StateMachineUpdater] INFO  impl.StateMachineUpdater (StateMachineUpdater.java:takeSnapshot(281)) - 73f911ca-52fc-4abb-a332-7dbce6ccb501@group-0289F99EAF61-StateMachineUpdater: Took a snapshot at index 0
2021-08-27 19:21:29,339 [73f911ca-52fc-4abb-a332-7dbce6ccb501@group-0289F99EAF61-StateMachineUpdater] INFO  impl.StateMachineUpdater (StateMachineUpdater.java:lambda$new$0(89)) - 73f911ca-52fc-4abb-a332-7dbce6ccb501@group-0289F99EAF61-StateMachineUpdater: snapshotIndex: updateIncreasingly -1 -> 0
2021-08-27 19:21:29,339 [ForkJoinPool.commonPool-worker-0] INFO  server.RaftServer$Division (ServerState.java:close(419)) - 73f911ca-52fc-4abb-a332-7dbce6ccb501@group-0289F99EAF61: closes. applyIndex: 0
2021-08-27 19:21:29,340 [73f911ca-52fc-4abb-a332-7dbce6ccb501@group-0289F99EAF61-SegmentedRaftLogWorker] INFO  segmented.SegmentedRaftLogWorker (SegmentedRaftLogWorker.java:run(327)) - 73f911ca-52fc-4abb-a332-7dbce6ccb501@group-0289F99EAF61-SegmentedRaftLogWorker was interrupted, exiting. There are 0 tasks remaining in the queue.
2021-08-27 19:21:29,340 [ForkJoinPool.commonPool-worker-0] INFO  segmented.SegmentedRaftLogWorker (SegmentedRaftLogWorker.java:close(237)) - 73f911ca-52fc-4abb-a332-7dbce6ccb501@group-0289F99EAF61-SegmentedRaftLogWorker close()
2021-08-27 19:21:29,340 [ForkJoinPool.commonPool-worker-0] INFO  server.RaftServer$Division (RaftServerImpl.java:lambda$close$4(407)) - 73f911ca-52fc-4abb-a332-7dbce6ccb501@group-37442FA1A88F: shutdown
2021-08-27 19:21:29,340 [ForkJoinPool.commonPool-worker-0] INFO  util.JmxRegister (JmxRegister.java:unregister(73)) - Successfully un-registered JMX Bean with object name Ratis:service=RaftServer,group=group-37442FA1A88F,id=73f911ca-52fc-4abb-a332-7dbce6ccb501
2021-08-27 19:21:29,340 [ForkJoinPool.commonPool-worker-0] INFO  impl.RoleInfo (RoleInfo.java:shutdownFollowerState(108)) - 73f911ca-52fc-4abb-a332-7dbce6ccb501: shutdown 73f911ca-52fc-4abb-a332-7dbce6ccb501@group-37442FA1A88F-FollowerState
2021-08-27 19:21:29,340 [ForkJoinPool.commonPool-worker-0] INFO  impl.StateMachineUpdater (StateMachineUpdater.java:stopAndJoin(149)) - 73f911ca-52fc-4abb-a332-7dbce6ccb501@group-37442FA1A88F-StateMachineUpdater: set stopIndex = 0
2021-08-27 19:21:29,340 [73f911ca-52fc-4abb-a332-7dbce6ccb501@group-37442FA1A88F-FollowerState] INFO  impl.FollowerState (FollowerState.java:run(143)) - 73f911ca-52fc-4abb-a332-7dbce6ccb501@group-37442FA1A88F-FollowerState was interrupted: {}
java.lang.InterruptedException: sleep interrupted
	at java.lang.Thread.sleep(Native Method)
	at java.lang.Thread.sleep(Thread.java:340)
	at java.util.concurrent.TimeUnit.sleep(TimeUnit.java:386)
	at org.apache.ratis.util.TimeDuration.sleep(TimeDuration.java:324)
	at org.apache.ratis.util.TimeDuration.sleep(TimeDuration.java:309)
	at org.apache.ratis.server.impl.FollowerState.run(FollowerState.java:118)
2021-08-27 19:21:29,340 [73f911ca-52fc-4abb-a332-7dbce6ccb501@group-37442FA1A88F-StateMachineUpdater] INFO  ratis.ContainerStateMachine (ContainerStateMachine.java:takeSnapshot(292)) - group-37442FA1A88F: Taking a snapshot at:(t:2, i:0) file /home/runner/work/ozone/ozone/hadoop-ozone/integration-test/target/test-dir/MiniOzoneClusterImpl-cc6da7a1-649b-4db9-82e6-e71d50c67865/datanode-2/data/ratis/61913ee4-3f4e-472a-92d3-37442fa1a88f/sm/snapshot.2_0
2021-08-27 19:21:29,352 [73f911ca-52fc-4abb-a332-7dbce6ccb501@group-37442FA1A88F-StateMachineUpdater] INFO  ratis.ContainerStateMachine (ContainerStateMachine.java:takeSnapshot(303)) - group-37442FA1A88F: Finished taking a snapshot at:(t:2, i:0) file:/home/runner/work/ozone/ozone/hadoop-ozone/integration-test/target/test-dir/MiniOzoneClusterImpl-cc6da7a1-649b-4db9-82e6-e71d50c67865/datanode-2/data/ratis/61913ee4-3f4e-472a-92d3-37442fa1a88f/sm/snapshot.2_0 took: 12 ms
2021-08-27 19:21:29,352 [73f911ca-52fc-4abb-a332-7dbce6ccb501@group-37442FA1A88F-StateMachineUpdater] INFO  impl.StateMachineUpdater (StateMachineUpdater.java:takeSnapshot(281)) - 73f911ca-52fc-4abb-a332-7dbce6ccb501@group-37442FA1A88F-StateMachineUpdater: Took a snapshot at index 0
2021-08-27 19:21:29,352 [73f911ca-52fc-4abb-a332-7dbce6ccb501@group-37442FA1A88F-StateMachineUpdater] INFO  impl.StateMachineUpdater (StateMachineUpdater.java:lambda$new$0(89)) - 73f911ca-52fc-4abb-a332-7dbce6ccb501@group-37442FA1A88F-StateMachineUpdater: snapshotIndex: updateIncreasingly -1 -> 0
2021-08-27 19:21:29,353 [ForkJoinPool.commonPool-worker-0] INFO  server.RaftServer$Division (ServerState.java:close(419)) - 73f911ca-52fc-4abb-a332-7dbce6ccb501@group-37442FA1A88F: closes. applyIndex: 0
2021-08-27 19:21:29,353 [73f911ca-52fc-4abb-a332-7dbce6ccb501@group-37442FA1A88F-SegmentedRaftLogWorker] INFO  segmented.SegmentedRaftLogWorker (SegmentedRaftLogWorker.java:run(327)) - 73f911ca-52fc-4abb-a332-7dbce6ccb501@group-37442FA1A88F-SegmentedRaftLogWorker was interrupted, exiting. There are 0 tasks remaining in the queue.
2021-08-27 19:21:29,353 [ForkJoinPool.commonPool-worker-0] INFO  segmented.SegmentedRaftLogWorker (SegmentedRaftLogWorker.java:close(237)) - 73f911ca-52fc-4abb-a332-7dbce6ccb501@group-37442FA1A88F-SegmentedRaftLogWorker close()
2021-08-27 19:21:29,353 [ForkJoinPool.commonPool-worker-0] INFO  server.RaftServer$Division (RaftServerImpl.java:lambda$close$4(407)) - 73f911ca-52fc-4abb-a332-7dbce6ccb501@group-B182B7C62C34: shutdown
2021-08-27 19:21:29,353 [ForkJoinPool.commonPool-worker-0] INFO  util.JmxRegister (JmxRegister.java:unregister(73)) - Successfully un-registered JMX Bean with object name Ratis:service=RaftServer,group=group-B182B7C62C34,id=73f911ca-52fc-4abb-a332-7dbce6ccb501
2021-08-27 19:21:29,353 [ForkJoinPool.commonPool-worker-0] INFO  impl.RoleInfo (RoleInfo.java:shutdownLeaderState(91)) - 73f911ca-52fc-4abb-a332-7dbce6ccb501: shutdown 73f911ca-52fc-4abb-a332-7dbce6ccb501@group-B182B7C62C34-LeaderStateImpl
2021-08-27 19:21:29,353 [ForkJoinPool.commonPool-worker-0] INFO  impl.PendingRequests (PendingRequests.java:sendNotLeaderResponses(282)) - 73f911ca-52fc-4abb-a332-7dbce6ccb501@group-B182B7C62C34-PendingRequests: sendNotLeaderResponses
2021-08-27 19:21:29,354 [ForkJoinPool.commonPool-worker-0] INFO  impl.StateMachineUpdater (StateMachineUpdater.java:stopAndJoin(149)) - 73f911ca-52fc-4abb-a332-7dbce6ccb501@group-B182B7C62C34-StateMachineUpdater: set stopIndex = 0
2021-08-27 19:21:29,354 [73f911ca-52fc-4abb-a332-7dbce6ccb501@group-B182B7C62C34-StateMachineUpdater] INFO  ratis.ContainerStateMachine (ContainerStateMachine.java:takeSnapshot(292)) - group-B182B7C62C34: Taking a snapshot at:(t:1, i:0) file /home/runner/work/ozone/ozone/hadoop-ozone/integration-test/target/test-dir/MiniOzoneClusterImpl-cc6da7a1-649b-4db9-82e6-e71d50c67865/datanode-2/data/ratis/0c466ace-0ac3-4919-9179-b182b7c62c34/sm/snapshot.1_0
2021-08-27 19:21:29,355 [73f911ca-52fc-4abb-a332-7dbce6ccb501@group-B182B7C62C34-StateMachineUpdater] INFO  ratis.ContainerStateMachine (ContainerStateMachine.java:takeSnapshot(303)) - group-B182B7C62C34: Finished taking a snapshot at:(t:1, i:0) file:/home/runner/work/ozone/ozone/hadoop-ozone/integration-test/target/test-dir/MiniOzoneClusterImpl-cc6da7a1-649b-4db9-82e6-e71d50c67865/datanode-2/data/ratis/0c466ace-0ac3-4919-9179-b182b7c62c34/sm/snapshot.1_0 took: 1 ms
2021-08-27 19:21:29,355 [73f911ca-52fc-4abb-a332-7dbce6ccb501@group-B182B7C62C34-StateMachineUpdater] INFO  impl.StateMachineUpdater (StateMachineUpdater.java:takeSnapshot(281)) - 73f911ca-52fc-4abb-a332-7dbce6ccb501@group-B182B7C62C34-StateMachineUpdater: Took a snapshot at index 0
2021-08-27 19:21:29,355 [73f911ca-52fc-4abb-a332-7dbce6ccb501@group-B182B7C62C34-StateMachineUpdater] INFO  impl.StateMachineUpdater (StateMachineUpdater.java:lambda$new$0(89)) - 73f911ca-52fc-4abb-a332-7dbce6ccb501@group-B182B7C62C34-StateMachineUpdater: snapshotIndex: updateIncreasingly -1 -> 0
2021-08-27 19:21:29,356 [ForkJoinPool.commonPool-worker-0] INFO  server.RaftServer$Division (ServerState.java:close(419)) - 73f911ca-52fc-4abb-a332-7dbce6ccb501@group-B182B7C62C34: closes. applyIndex: 0
2021-08-27 19:21:29,356 [73f911ca-52fc-4abb-a332-7dbce6ccb501@group-B182B7C62C34-SegmentedRaftLogWorker] INFO  segmented.SegmentedRaftLogWorker (SegmentedRaftLogWorker.java:run(327)) - 73f911ca-52fc-4abb-a332-7dbce6ccb501@group-B182B7C62C34-SegmentedRaftLogWorker was interrupted, exiting. There are 0 tasks remaining in the queue.
2021-08-27 19:21:29,356 [ForkJoinPool.commonPool-worker-0] INFO  segmented.SegmentedRaftLogWorker (SegmentedRaftLogWorker.java:close(237)) - 73f911ca-52fc-4abb-a332-7dbce6ccb501@group-B182B7C62C34-SegmentedRaftLogWorker close()
2021-08-27 19:21:29,357 [ForkJoinPool.commonPool-worker-0] INFO  server.GrpcService (GrpcService.java:closeImpl(262)) - 73f911ca-52fc-4abb-a332-7dbce6ccb501: shutdown server with port 36141 now
2021-08-27 19:21:29,358 [ForkJoinPool.commonPool-worker-0] INFO  server.GrpcService (GrpcService.java:closeImpl(271)) - 73f911ca-52fc-4abb-a332-7dbce6ccb501: shutdown server with port 36141 successfully
2021-08-27 19:21:29,358 [org.apache.ratis.util.JvmPauseMonitor$$Lambda$499/1326998608@6fe687d5] INFO  util.JvmPauseMonitor (JvmPauseMonitor.java:run(109)) - JvmPauseMonitor-73f911ca-52fc-4abb-a332-7dbce6ccb501: Stopped
2021-08-27 19:21:29,363 [ForkJoinPool.commonPool-worker-0] INFO  utils.BackgroundService (BackgroundService.java:shutdown(132)) - Shutting down service BlockDeletingService
2021-08-27 19:21:29,479 [EndpointStateMachine task thread for /127.0.0.1:13935 - 0 ] INFO  ipc.Client (Client.java:handleConnectionFailure(977)) - Retrying connect to server: localhost/127.0.0.1:13935. Already tried 13 time(s); retry policy is RetryUpToMaximumCountWithFixedSleep(maxRetries=15, sleepTime=1000 MILLISECONDS)
2021-08-27 19:21:29,520 [EndpointStateMachine task thread for /127.0.0.1:14971 - 0 ] INFO  ipc.Client (Client.java:handleConnectionFailure(977)) - Retrying connect to server: localhost/127.0.0.1:14971. Already tried 7 time(s); retry policy is RetryUpToMaximumCountWithFixedSleep(maxRetries=15, sleepTime=1000 MILLISECONDS)
2021-08-27 19:21:29,520 [EndpointStateMachine task thread for /127.0.0.1:14981 - 0 ] INFO  ipc.Client (Client.java:handleConnectionFailure(977)) - Retrying connect to server: localhost/127.0.0.1:14981. Already tried 7 time(s); retry policy is RetryUpToMaximumCountWithFixedSleep(maxRetries=15, sleepTime=1000 MILLISECONDS)
2021-08-27 19:21:30,008 [EndpointStateMachine task thread for /127.0.0.1:13945 - 0 ] INFO  ipc.Client (Client.java:handleConnectionFailure(977)) - Retrying connect to server: localhost/127.0.0.1:13945. Already tried 13 time(s); retry policy is RetryUpToMaximumCountWithFixedSleep(maxRetries=15, sleepTime=1000 MILLISECONDS)
2021-08-27 19:21:30,010 [EndpointStateMachine task thread for /127.0.0.1:13925 - 0 ] INFO  ipc.Client (Client.java:handleConnectionFailure(977)) - Retrying connect to server: localhost/127.0.0.1:13925. Already tried 13 time(s); retry policy is RetryUpToMaximumCountWithFixedSleep(maxRetries=15, sleepTime=1000 MILLISECONDS)
2021-08-27 19:21:30,236 [EndpointStateMachine task thread for /127.0.0.1:14961 - 0 ] INFO  ipc.Client (Client.java:handleConnectionFailure(977)) - Retrying connect to server: localhost/127.0.0.1:14961. Already tried 10 time(s); retry policy is RetryUpToMaximumCountWithFixedSleep(maxRetries=15, sleepTime=1000 MILLISECONDS)
2021-08-27 19:21:30,479 [EndpointStateMachine task thread for /127.0.0.1:13935 - 0 ] INFO  ipc.Client (Client.java:handleConnectionFailure(977)) - Retrying connect to server: localhost/127.0.0.1:13935. Already tried 14 time(s); retry policy is RetryUpToMaximumCountWithFixedSleep(maxRetries=15, sleepTime=1000 MILLISECONDS)
2021-08-27 19:21:30,480 [EndpointStateMachine task thread for /127.0.0.1:13935 - 0 ] WARN  statemachine.EndpointStateMachine (EndpointStateMachine.java:logIfNeeded(236)) - Unable to communicate to SCM server at localhost:13935 for past 0 seconds.
java.net.ConnectException: Call From fv-az59-836/10.1.0.82 to localhost:13935 failed on connection exception: java.net.ConnectException: Connection refused; For more details see:  http://wiki.apache.org/hadoop/ConnectionRefused
	at sun.reflect.GeneratedConstructorAccessor43.newInstance(Unknown Source)
	at sun.reflect.DelegatingConstructorAccessorImpl.newInstance(DelegatingConstructorAccessorImpl.java:45)
	at java.lang.reflect.Constructor.newInstance(Constructor.java:423)
	at org.apache.hadoop.net.NetUtils.wrapWithMessage(NetUtils.java:913)
	at org.apache.hadoop.net.NetUtils.wrapException(NetUtils.java:828)
	at org.apache.hadoop.ipc.Client.getRpcResponse(Client.java:1577)
	at org.apache.hadoop.ipc.Client.call(Client.java:1519)
	at org.apache.hadoop.ipc.Client.call(Client.java:1416)
	at org.apache.hadoop.ipc.ProtobufRpcEngine$Invoker.invoke(ProtobufRpcEngine.java:236)
	at org.apache.hadoop.ipc.ProtobufRpcEngine$Invoker.invoke(ProtobufRpcEngine.java:123)
	at com.sun.proxy.$Proxy48.submitRequest(Unknown Source)
	at org.apache.hadoop.ozone.protocolPB.StorageContainerDatanodeProtocolClientSideTranslatorPB.submitRequest(StorageContainerDatanodeProtocolClientSideTranslatorPB.java:117)
	at org.apache.hadoop.ozone.protocolPB.StorageContainerDatanodeProtocolClientSideTranslatorPB.sendHeartbeat(StorageContainerDatanodeProtocolClientSideTranslatorPB.java:149)
	at org.apache.hadoop.ozone.container.common.states.endpoint.HeartbeatEndpointTask.call(HeartbeatEndpointTask.java:179)
	at org.apache.hadoop.ozone.container.common.states.endpoint.HeartbeatEndpointTask.call(HeartbeatEndpointTask.java:82)
	at java.util.concurrent.FutureTask.run(FutureTask.java:266)
	at java.util.concurrent.ThreadPoolExecutor.runWorker(ThreadPoolExecutor.java:1149)
	at java.util.concurrent.ThreadPoolExecutor$Worker.run(ThreadPoolExecutor.java:624)
	at java.lang.Thread.run(Thread.java:748)
Caused by: java.net.ConnectException: Connection refused
	at sun.nio.ch.SocketChannelImpl.checkConnect(Native Method)
	at sun.nio.ch.SocketChannelImpl.finishConnect(SocketChannelImpl.java:716)
	at org.apache.hadoop.net.SocketIOWithTimeout.connect(SocketIOWithTimeout.java:206)
	at org.apache.hadoop.net.NetUtils.connect(NetUtils.java:586)
	at org.apache.hadoop.ipc.Client$Connection.setupConnection(Client.java:701)
	at org.apache.hadoop.ipc.Client$Connection.setupIOstreams(Client.java:822)
	at org.apache.hadoop.ipc.Client$Connection.access$3800(Client.java:414)
	at org.apache.hadoop.ipc.Client.getConnection(Client.java:1647)
	at org.apache.hadoop.ipc.Client.call(Client.java:1463)
	... 12 more
2021-08-27 19:21:30,520 [EndpointStateMachine task thread for /127.0.0.1:14971 - 0 ] INFO  ipc.Client (Client.java:handleConnectionFailure(977)) - Retrying connect to server: localhost/127.0.0.1:14971. Already tried 8 time(s); retry policy is RetryUpToMaximumCountWithFixedSleep(maxRetries=15, sleepTime=1000 MILLISECONDS)
2021-08-27 19:21:30,521 [EndpointStateMachine task thread for /127.0.0.1:14981 - 0 ] INFO  ipc.Client (Client.java:handleConnectionFailure(977)) - Retrying connect to server: localhost/127.0.0.1:14981. Already tried 8 time(s); retry policy is RetryUpToMaximumCountWithFixedSleep(maxRetries=15, sleepTime=1000 MILLISECONDS)
2021-08-27 19:21:31,011 [EndpointStateMachine task thread for /127.0.0.1:13925 - 0 ] INFO  ipc.Client (Client.java:handleConnectionFailure(977)) - Retrying connect to server: localhost/127.0.0.1:13925. Already tried 14 time(s); retry policy is RetryUpToMaximumCountWithFixedSleep(maxRetries=15, sleepTime=1000 MILLISECONDS)
2021-08-27 19:21:31,011 [EndpointStateMachine task thread for /127.0.0.1:13945 - 0 ] INFO  ipc.Client (Client.java:handleConnectionFailure(977)) - Retrying connect to server: localhost/127.0.0.1:13945. Already tried 14 time(s); retry policy is RetryUpToMaximumCountWithFixedSleep(maxRetries=15, sleepTime=1000 MILLISECONDS)
2021-08-27 19:21:31,011 [EndpointStateMachine task thread for /127.0.0.1:13925 - 0 ] WARN  statemachine.EndpointStateMachine (EndpointStateMachine.java:logIfNeeded(236)) - Unable to communicate to SCM server at localhost:13925 for past 0 seconds.
java.net.ConnectException: Call From fv-az59-836/10.1.0.82 to localhost:13925 failed on connection exception: java.net.ConnectException: Connection refused; For more details see:  http://wiki.apache.org/hadoop/ConnectionRefused
	at sun.reflect.GeneratedConstructorAccessor43.newInstance(Unknown Source)
	at sun.reflect.DelegatingConstructorAccessorImpl.newInstance(DelegatingConstructorAccessorImpl.java:45)
	at java.lang.reflect.Constructor.newInstance(Constructor.java:423)
	at org.apache.hadoop.net.NetUtils.wrapWithMessage(NetUtils.java:913)
	at org.apache.hadoop.net.NetUtils.wrapException(NetUtils.java:828)
	at org.apache.hadoop.ipc.Client.getRpcResponse(Client.java:1577)
	at org.apache.hadoop.ipc.Client.call(Client.java:1519)
	at org.apache.hadoop.ipc.Client.call(Client.java:1416)
	at org.apache.hadoop.ipc.ProtobufRpcEngine$Invoker.invoke(ProtobufRpcEngine.java:236)
	at org.apache.hadoop.ipc.ProtobufRpcEngine$Invoker.invoke(ProtobufRpcEngine.java:123)
	at com.sun.proxy.$Proxy48.submitRequest(Unknown Source)
	at org.apache.hadoop.ozone.protocolPB.StorageContainerDatanodeProtocolClientSideTranslatorPB.submitRequest(StorageContainerDatanodeProtocolClientSideTranslatorPB.java:117)
	at org.apache.hadoop.ozone.protocolPB.StorageContainerDatanodeProtocolClientSideTranslatorPB.sendHeartbeat(StorageContainerDatanodeProtocolClientSideTranslatorPB.java:149)
	at org.apache.hadoop.ozone.container.common.states.endpoint.HeartbeatEndpointTask.call(HeartbeatEndpointTask.java:179)
	at org.apache.hadoop.ozone.container.common.states.endpoint.HeartbeatEndpointTask.call(HeartbeatEndpointTask.java:82)
	at java.util.concurrent.FutureTask.run(FutureTask.java:266)
	at java.util.concurrent.ThreadPoolExecutor.runWorker(ThreadPoolExecutor.java:1149)
	at java.util.concurrent.ThreadPoolExecutor$Worker.run(ThreadPoolExecutor.java:624)
	at java.lang.Thread.run(Thread.java:748)
Caused by: java.net.ConnectException: Connection refused
	at sun.nio.ch.SocketChannelImpl.checkConnect(Native Method)
	at sun.nio.ch.SocketChannelImpl.finishConnect(SocketChannelImpl.java:716)
	at org.apache.hadoop.net.SocketIOWithTimeout.connect(SocketIOWithTimeout.java:206)
	at org.apache.hadoop.net.NetUtils.connect(NetUtils.java:586)
	at org.apache.hadoop.ipc.Client$Connection.setupConnection(Client.java:701)
	at org.apache.hadoop.ipc.Client$Connection.setupIOstreams(Client.java:822)
	at org.apache.hadoop.ipc.Client$Connection.access$3800(Client.java:414)
	at org.apache.hadoop.ipc.Client.getConnection(Client.java:1647)
	at org.apache.hadoop.ipc.Client.call(Client.java:1463)
	... 12 more
2021-08-27 19:21:31,011 [EndpointStateMachine task thread for /127.0.0.1:13945 - 0 ] WARN  statemachine.EndpointStateMachine (EndpointStateMachine.java:logIfNeeded(236)) - Unable to communicate to SCM server at localhost:13945 for past 0 seconds.
java.net.ConnectException: Call From fv-az59-836/10.1.0.82 to localhost:13945 failed on connection exception: java.net.ConnectException: Connection refused; For more details see:  http://wiki.apache.org/hadoop/ConnectionRefused
	at sun.reflect.GeneratedConstructorAccessor43.newInstance(Unknown Source)
	at sun.reflect.DelegatingConstructorAccessorImpl.newInstance(DelegatingConstructorAccessorImpl.java:45)
	at java.lang.reflect.Constructor.newInstance(Constructor.java:423)
	at org.apache.hadoop.net.NetUtils.wrapWithMessage(NetUtils.java:913)
	at org.apache.hadoop.net.NetUtils.wrapException(NetUtils.java:828)
	at org.apache.hadoop.ipc.Client.getRpcResponse(Client.java:1577)
	at org.apache.hadoop.ipc.Client.call(Client.java:1519)
	at org.apache.hadoop.ipc.Client.call(Client.java:1416)
	at org.apache.hadoop.ipc.ProtobufRpcEngine$Invoker.invoke(ProtobufRpcEngine.java:236)
	at org.apache.hadoop.ipc.ProtobufRpcEngine$Invoker.invoke(ProtobufRpcEngine.java:123)
	at com.sun.proxy.$Proxy48.submitRequest(Unknown Source)
	at org.apache.hadoop.ozone.protocolPB.StorageContainerDatanodeProtocolClientSideTranslatorPB.submitRequest(StorageContainerDatanodeProtocolClientSideTranslatorPB.java:117)
	at org.apache.hadoop.ozone.protocolPB.StorageContainerDatanodeProtocolClientSideTranslatorPB.sendHeartbeat(StorageContainerDatanodeProtocolClientSideTranslatorPB.java:149)
	at org.apache.hadoop.ozone.container.common.states.endpoint.HeartbeatEndpointTask.call(HeartbeatEndpointTask.java:179)
	at org.apache.hadoop.ozone.container.common.states.endpoint.HeartbeatEndpointTask.call(HeartbeatEndpointTask.java:82)
	at java.util.concurrent.FutureTask.run(FutureTask.java:266)
	at java.util.concurrent.ThreadPoolExecutor.runWorker(ThreadPoolExecutor.java:1149)
	at java.util.concurrent.ThreadPoolExecutor$Worker.run(ThreadPoolExecutor.java:624)
	at java.lang.Thread.run(Thread.java:748)
Caused by: java.net.ConnectException: Connection refused
	at sun.nio.ch.SocketChannelImpl.checkConnect(Native Method)
	at sun.nio.ch.SocketChannelImpl.finishConnect(SocketChannelImpl.java:716)
	at org.apache.hadoop.net.SocketIOWithTimeout.connect(SocketIOWithTimeout.java:206)
	at org.apache.hadoop.net.NetUtils.connect(NetUtils.java:586)
	at org.apache.hadoop.ipc.Client$Connection.setupConnection(Client.java:701)
	at org.apache.hadoop.ipc.Client$Connection.setupIOstreams(Client.java:822)
	at org.apache.hadoop.ipc.Client$Connection.access$3800(Client.java:414)
	at org.apache.hadoop.ipc.Client.getConnection(Client.java:1647)
	at org.apache.hadoop.ipc.Client.call(Client.java:1463)
	... 12 more
2021-08-27 19:21:31,237 [EndpointStateMachine task thread for /127.0.0.1:14961 - 0 ] INFO  ipc.Client (Client.java:handleConnectionFailure(977)) - Retrying connect to server: localhost/127.0.0.1:14961. Already tried 11 time(s); retry policy is RetryUpToMaximumCountWithFixedSleep(maxRetries=15, sleepTime=1000 MILLISECONDS)
2021-08-27 19:21:31,480 [EndpointStateMachine task thread for /127.0.0.1:13935 - 0 ] INFO  ipc.Client (Client.java:handleConnectionFailure(977)) - Retrying connect to server: localhost/127.0.0.1:13935. Already tried 0 time(s); retry policy is RetryUpToMaximumCountWithFixedSleep(maxRetries=15, sleepTime=1000 MILLISECONDS)
2021-08-27 19:21:31,523 [EndpointStateMachine task thread for /127.0.0.1:14971 - 0 ] INFO  ipc.Client (Client.java:handleConnectionFailure(977)) - Retrying connect to server: localhost/127.0.0.1:14971. Already tried 9 time(s); retry policy is RetryUpToMaximumCountWithFixedSleep(maxRetries=15, sleepTime=1000 MILLISECONDS)
2021-08-27 19:21:31,523 [EndpointStateMachine task thread for /127.0.0.1:14981 - 0 ] INFO  ipc.Client (Client.java:handleConnectionFailure(977)) - Retrying connect to server: localhost/127.0.0.1:14981. Already tried 9 time(s); retry policy is RetryUpToMaximumCountWithFixedSleep(maxRetries=15, sleepTime=1000 MILLISECONDS)
2021-08-27 19:21:32,012 [EndpointStateMachine task thread for /127.0.0.1:13925 - 0 ] INFO  ipc.Client (Client.java:handleConnectionFailure(977)) - Retrying connect to server: localhost/127.0.0.1:13925. Already tried 0 time(s); retry policy is RetryUpToMaximumCountWithFixedSleep(maxRetries=15, sleepTime=1000 MILLISECONDS)
2021-08-27 19:21:32,012 [EndpointStateMachine task thread for /127.0.0.1:13945 - 0 ] INFO  ipc.Client (Client.java:handleConnectionFailure(977)) - Retrying connect to server: localhost/127.0.0.1:13945. Already tried 0 time(s); retry policy is RetryUpToMaximumCountWithFixedSleep(maxRetries=15, sleepTime=1000 MILLISECONDS)
2021-08-27 19:21:32,247 [EndpointStateMachine task thread for /127.0.0.1:14961 - 0 ] INFO  ipc.Client (Client.java:handleConnectionFailure(977)) - Retrying connect to server: localhost/127.0.0.1:14961. Already tried 12 time(s); retry policy is RetryUpToMaximumCountWithFixedSleep(maxRetries=15, sleepTime=1000 MILLISECONDS)
2021-08-27 19:21:32,369 [ForkJoinPool.commonPool-worker-0] INFO  statemachine.DatanodeStateMachine (DatanodeStateMachine.java:stopDaemon(515)) - Ozone container server stopped.
2021-08-27 19:21:32,371 [ForkJoinPool.commonPool-worker-0] INFO  handler.ContextHandler (ContextHandler.java:doStop(1153)) - Stopped o.e.j.w.WebAppContext@291378f2{hddsDatanode,/,null,STOPPED}{jar:file:/home/runner/.m2/repository/org/apache/ozone/hdds-container-service/1.2.0-SNAPSHOT/hdds-container-service-1.2.0-SNAPSHOT.jar!/webapps/hddsDatanode}
2021-08-27 19:21:32,372 [ForkJoinPool.commonPool-worker-0] INFO  server.AbstractConnector (AbstractConnector.java:doStop(381)) - Stopped ServerConnector@7993ec00{HTTP/1.1, (http/1.1)}{0.0.0.0:0}
2021-08-27 19:21:32,372 [ForkJoinPool.commonPool-worker-0] INFO  server.session (HouseKeeper.java:stopScavenging(149)) - node0 Stopped scavenging
2021-08-27 19:21:32,372 [ForkJoinPool.commonPool-worker-0] INFO  handler.ContextHandler (ContextHandler.java:doStop(1153)) - Stopped o.e.j.s.ServletContextHandler@22b6e9d8{static,/static,jar:file:/home/runner/.m2/repository/org/apache/ozone/hdds-container-service/1.2.0-SNAPSHOT/hdds-container-service-1.2.0-SNAPSHOT.jar!/webapps/static,STOPPED}
2021-08-27 19:21:32,373 [ForkJoinPool.commonPool-worker-0] INFO  handler.ContextHandler (ContextHandler.java:doStop(1153)) - Stopped o.e.j.s.ServletContextHandler@f3a4502{logs,/logs,file:///home/runner/work/ozone/ozone/hadoop-ozone/integration-test/target/log,STOPPED}
]]></system-out>
  </testcase>
  <testcase name="testInstallCorruptedCheckpointFailure" classname="org.apache.hadoop.ozone.scm.TestSCMInstallSnapshotWithHA" time="53.306"/>
</testsuite>