<?xml version="1.0" encoding="UTF-8"?>
<testsuite xmlns:xsi="http://www.w3.org/2001/XMLSchema-instance" xsi:noNamespaceSchemaLocation="https://maven.apache.org/surefire/maven-surefire-plugin/xsd/surefire-test-report.xsd" name="org.apache.hadoop.ozone.container.common.statemachine.commandhandler.TestBlockDeletion" time="230.486" tests="3" errors="0" skipped="0" failures="1">
  <properties>
    <property name="awt.toolkit" value="sun.awt.X11.XToolkit"/>
    <property name="file.encoding.pkg" value="sun.io"/>
    <property name="java.specification.version" value="1.8"/>
    <property name="sun.cpu.isalist" value=""/>
    <property name="sun.jnu.encoding" value="UTF-8"/>
    <property name="java.class.path" value="/home/runner/work/ozone/ozone/hadoop-ozone/integration-test/target/test-classes:/home/runner/work/ozone/ozone/hadoop-ozone/integration-test/target/classes:/home/runner/.m2/repository/org/apache/ozone/ozone-common/1.2.0-SNAPSHOT/ozone-common-1.2.0-SNAPSHOT.jar:/home/runner/.m2/repository/org/apache/commons/commons-compress/1.20/commons-compress-1.20.jar:/home/runner/.m2/repository/org/apache/ozone/hdds-common/1.2.0-SNAPSHOT/hdds-common-1.2.0-SNAPSHOT.jar:/home/runner/.m2/repository/org/apache/ozone/hdds-client/1.2.0-SNAPSHOT/hdds-client-1.2.0-SNAPSHOT.jar:/home/runner/.m2/repository/org/apache/ozone/ozone-interface-client/1.2.0-SNAPSHOT/ozone-interface-client-1.2.0-SNAPSHOT.jar:/home/runner/.m2/repository/org/apache/ozone/hdds-server-framework/1.2.0-SNAPSHOT/hdds-server-framework-1.2.0-SNAPSHOT.jar:/home/runner/.m2/repository/org/apache/ozone/hdds-interface-server/1.2.0-SNAPSHOT/hdds-interface-server-1.2.0-SNAPSHOT.jar:/home/runner/.m2/repository/org/eclipse/jetty/jetty-servlet/9.4.43.v20210629/jetty-servlet-9.4.43.v20210629.jar:/home/runner/.m2/repository/org/eclipse/jetty/jetty-security/9.4.43.v20210629/jetty-security-9.4.43.v20210629.jar:/home/runner/.m2/repository/org/rocksdb/rocksdbjni/6.20.3/rocksdbjni-6.20.3.jar:/home/runner/.m2/repository/io/prometheus/simpleclient_dropwizard/0.7.0/simpleclient_dropwizard-0.7.0.jar:/home/runner/.m2/repository/io/prometheus/simpleclient/0.7.0/simpleclient-0.7.0.jar:/home/runner/.m2/repository/io/prometheus/simpleclient_common/0.7.0/simpleclient_common-0.7.0.jar:/home/runner/.m2/repository/com/fasterxml/jackson/datatype/jackson-datatype-jsr310/2.12.1/jackson-datatype-jsr310-2.12.1.jar:/home/runner/.m2/repository/org/apache/ozone/hdds-test-utils/1.2.0-SNAPSHOT/hdds-test-utils-1.2.0-SNAPSHOT.jar:/home/runner/.m2/repository/com/google/guava/guava/30.1.1-jre/guava-30.1.1-jre.jar:/home/runner/.m2/repository/com/google/guava/failureaccess/1.0.1/failureaccess-1.0.1.jar:/home/runner/.m2/repository/com/google/guava/listenablefuture/9999.0-empty-to-avoid-conflict-with-guava/listenablefuture-9999.0-empty-to-avoid-conflict-with-guava.jar:/home/runner/.m2/repository/com/google/code/findbugs/jsr305/3.0.0/jsr305-3.0.0.jar:/home/runner/.m2/repository/org/checkerframework/checker-qual/3.8.0/checker-qual-3.8.0.jar:/home/runner/.m2/repository/com/google/errorprone/error_prone_annotations/2.2.0/error_prone_annotations-2.2.0.jar:/home/runner/.m2/repository/com/google/j2objc/j2objc-annotations/1.3/j2objc-annotations-1.3.jar:/home/runner/.m2/repository/commons-io/commons-io/2.8.0/commons-io-2.8.0.jar:/home/runner/.m2/repository/commons-logging/commons-logging/1.2/commons-logging-1.2.jar:/home/runner/.m2/repository/log4j/log4j/1.2.17/log4j-1.2.17.jar:/home/runner/.m2/repository/org/slf4j/slf4j-api/1.7.30/slf4j-api-1.7.30.jar:/home/runner/.m2/repository/org/apache/ozone/hdds-server-scm/1.2.0-SNAPSHOT/hdds-server-scm-1.2.0-SNAPSHOT.jar:/home/runner/.m2/repository/org/apache/ozone/hdds-container-service/1.2.0-SNAPSHOT/hdds-container-service-1.2.0-SNAPSHOT.jar:/home/runner/.m2/repository/org/apache/ozone/hdds-hadoop-dependency-server/1.2.0-SNAPSHOT/hdds-hadoop-dependency-server-1.2.0-SNAPSHOT.jar:/home/runner/.m2/repository/org/apache/hadoop/hadoop-hdfs/3.3.1/hadoop-hdfs-3.3.1.jar:/home/runner/.m2/repository/io/dropwizard/metrics/metrics-core/3.2.4/metrics-core-3.2.4.jar:/home/runner/.m2/repository/org/apache/hadoop/hadoop-hdfs-client/3.3.1/hadoop-hdfs-client-3.3.1.jar:/home/runner/.m2/repository/org/bouncycastle/bcprov-jdk15on/1.67/bcprov-jdk15on-1.67.jar:/home/runner/.m2/repository/com/google/protobuf/protobuf-java/2.5.0/protobuf-java-2.5.0.jar:/home/runner/.m2/repository/org/apache/ozone/ozone-manager/1.2.0-SNAPSHOT/ozone-manager-1.2.0-SNAPSHOT.jar:/home/runner/.m2/repository/org/aspectj/aspectjrt/1.8.9/aspectjrt-1.8.9.jar:/home/runner/.m2/repository/org/aspectj/aspectjweaver/1.8.9/aspectjweaver-1.8.9.jar:/home/runner/.m2/repository/org/apache/ozone/hdds-interface-client/1.2.0-SNAPSHOT/hdds-interface-client-1.2.0-SNAPSHOT.jar:/home/runner/.m2/repository/org/apache/hadoop/thirdparty/hadoop-shaded-protobuf_3_7/1.1.1/hadoop-shaded-protobuf_3_7-1.1.1.jar:/home/runner/.m2/repository/org/apache/ratis/ratis-thirdparty-misc/0.7.0/ratis-thirdparty-misc-0.7.0.jar:/home/runner/.m2/repository/org/apache/ozone/ozone-interface-storage/1.2.0-SNAPSHOT/ozone-interface-storage-1.2.0-SNAPSHOT.jar:/home/runner/.m2/repository/org/reflections/reflections/0.9.11/reflections-0.9.11.jar:/home/runner/.m2/repository/org/apache/hadoop/hadoop-minikdc/3.3.1/hadoop-minikdc-3.3.1.jar:/home/runner/.m2/repository/org/apache/kerby/kerb-simplekdc/1.0.1/kerb-simplekdc-1.0.1.jar:/home/runner/.m2/repository/org/apache/kerby/kerb-client/1.0.1/kerb-client-1.0.1.jar:/home/runner/.m2/repository/org/apache/kerby/kerby-config/1.0.1/kerby-config-1.0.1.jar:/home/runner/.m2/repository/org/apache/kerby/kerb-common/1.0.1/kerb-common-1.0.1.jar:/home/runner/.m2/repository/org/apache/kerby/kerb-crypto/1.0.1/kerb-crypto-1.0.1.jar:/home/runner/.m2/repository/org/apache/kerby/kerb-util/1.0.1/kerb-util-1.0.1.jar:/home/runner/.m2/repository/org/apache/kerby/token-provider/1.0.1/token-provider-1.0.1.jar:/home/runner/.m2/repository/org/apache/kerby/kerb-admin/1.0.1/kerb-admin-1.0.1.jar:/home/runner/.m2/repository/org/apache/kerby/kerb-server/1.0.1/kerb-server-1.0.1.jar:/home/runner/.m2/repository/org/apache/kerby/kerb-identity/1.0.1/kerb-identity-1.0.1.jar:/home/runner/.m2/repository/org/apache/kerby/kerby-xdr/1.0.1/kerby-xdr-1.0.1.jar:/home/runner/.m2/repository/org/slf4j/slf4j-log4j12/1.7.30/slf4j-log4j12-1.7.30.jar:/home/runner/.m2/repository/org/apache/ozone/ozone-s3gateway/1.2.0-SNAPSHOT/ozone-s3gateway-1.2.0-SNAPSHOT.jar:/home/runner/.m2/repository/org/javassist/javassist/3.21.0-GA/javassist-3.21.0-GA.jar:/home/runner/.m2/repository/org/jboss/weld/servlet/weld-servlet/2.4.7.Final/weld-servlet-2.4.7.Final.jar:/home/runner/.m2/repository/org/glassfish/jersey/containers/jersey-container-servlet-core/2.33/jersey-container-servlet-core-2.33.jar:/home/runner/.m2/repository/org/glassfish/hk2/external/jakarta.inject/2.6.1/jakarta.inject-2.6.1.jar:/home/runner/.m2/repository/org/glassfish/jersey/core/jersey-common/2.33/jersey-common-2.33.jar:/home/runner/.m2/repository/jakarta/ws/rs/jakarta.ws.rs-api/2.1.6/jakarta.ws.rs-api-2.1.6.jar:/home/runner/.m2/repository/org/glassfish/jersey/ext/cdi/jersey-cdi1x/2.33/jersey-cdi1x-2.33.jar:/home/runner/.m2/repository/org/glassfish/jersey/inject/jersey-hk2/2.33/jersey-hk2-2.33.jar:/home/runner/.m2/repository/org/glassfish/hk2/hk2-locator/2.6.1/hk2-locator-2.6.1.jar:/home/runner/.m2/repository/org/glassfish/jersey/media/jersey-media-jaxb/2.33/jersey-media-jaxb-2.33.jar:/home/runner/.m2/repository/org/glassfish/hk2/osgi-resource-locator/1.0.3/osgi-resource-locator-1.0.3.jar:/home/runner/.m2/repository/org/glassfish/hk2/hk2-api/2.5.0/hk2-api-2.5.0.jar:/home/runner/.m2/repository/org/glassfish/hk2/hk2-utils/2.5.0/hk2-utils-2.5.0.jar:/home/runner/.m2/repository/org/glassfish/hk2/external/aopalliance-repackaged/2.5.0/aopalliance-repackaged-2.5.0.jar:/home/runner/.m2/repository/com/fasterxml/jackson/dataformat/jackson-dataformat-xml/2.12.1/jackson-dataformat-xml-2.12.1.jar:/home/runner/.m2/repository/com/fasterxml/jackson/core/jackson-core/2.12.1/jackson-core-2.12.1.jar:/home/runner/.m2/repository/com/fasterxml/jackson/module/jackson-module-jaxb-annotations/2.12.1/jackson-module-jaxb-annotations-2.12.1.jar:/home/runner/.m2/repository/jakarta/xml/bind/jakarta.xml.bind-api/2.3.2/jakarta.xml.bind-api-2.3.2.jar:/home/runner/.m2/repository/org/codehaus/woodstox/stax2-api/3.1.4/stax2-api-3.1.4.jar:/home/runner/.m2/repository/com/fasterxml/woodstox/woodstox-core/5.0.3/woodstox-core-5.0.3.jar:/home/runner/.m2/repository/javax/enterprise/cdi-api/1.2/cdi-api-1.2.jar:/home/runner/.m2/repository/javax/el/javax.el-api/3.0.0/javax.el-api-3.0.0.jar:/home/runner/.m2/repository/javax/interceptor/javax.interceptor-api/1.2/javax.interceptor-api-1.2.jar:/home/runner/.m2/repository/javax/inject/javax.inject/1/javax.inject-1.jar:/home/runner/.m2/repository/javax/xml/bind/jaxb-api/2.3.0/jaxb-api-2.3.0.jar:/home/runner/.m2/repository/org/glassfish/jaxb/jaxb-runtime/2.3.0.1/jaxb-runtime-2.3.0.1.jar:/home/runner/.m2/repository/org/glassfish/jaxb/jaxb-core/2.3.0.1/jaxb-core-2.3.0.1.jar:/home/runner/.m2/repository/org/glassfish/jaxb/txw2/2.3.0.1/txw2-2.3.0.1.jar:/home/runner/.m2/repository/com/sun/istack/istack-commons-runtime/3.0.5/istack-commons-runtime-3.0.5.jar:/home/runner/.m2/repository/org/jvnet/staxex/stax-ex/1.7.8/stax-ex-1.7.8.jar:/home/runner/.m2/repository/com/sun/xml/fastinfoset/FastInfoset/1.2.13/FastInfoset-1.2.13.jar:/home/runner/.m2/repository/javax/activation/activation/1.1.1/activation-1.1.1.jar:/home/runner/.m2/repository/org/apache/ozone/ozone-csi/1.2.0-SNAPSHOT/ozone-csi-1.2.0-SNAPSHOT.jar:/home/runner/.m2/repository/com/google/protobuf/protobuf-java-util/3.12.0/protobuf-java-util-3.12.0.jar:/home/runner/.m2/repository/com/google/code/gson/gson/2.2.4/gson-2.2.4.jar:/home/runner/.m2/repository/org/apache/ozone/hdds-config/1.2.0-SNAPSHOT/hdds-config-1.2.0-SNAPSHOT.jar:/home/runner/.m2/repository/io/grpc/grpc-netty/1.33.0/grpc-netty-1.33.0.jar:/home/runner/.m2/repository/io/grpc/grpc-core/1.33.0/grpc-core-1.33.0.jar:/home/runner/.m2/repository/com/google/android/annotations/4.1.1.4/annotations-4.1.1.4.jar:/home/runner/.m2/repository/io/netty/netty-codec-http2/4.1.63.Final/netty-codec-http2-4.1.63.Final.jar:/home/runner/.m2/repository/io/netty/netty-codec-http/4.1.63.Final/netty-codec-http-4.1.63.Final.jar:/home/runner/.m2/repository/io/netty/netty-handler-proxy/4.1.63.Final/netty-handler-proxy-4.1.63.Final.jar:/home/runner/.m2/repository/io/netty/netty-codec-socks/4.1.63.Final/netty-codec-socks-4.1.63.Final.jar:/home/runner/.m2/repository/io/perfmark/perfmark-api/0.19.0/perfmark-api-0.19.0.jar:/home/runner/.m2/repository/org/codehaus/mojo/animal-sniffer-annotations/1.18/animal-sniffer-annotations-1.18.jar:/home/runner/.m2/repository/io/netty/netty-transport-native-epoll/4.1.63.Final/netty-transport-native-epoll-4.1.63.Final.jar:/home/runner/.m2/repository/io/netty/netty-common/4.1.63.Final/netty-common-4.1.63.Final.jar:/home/runner/.m2/repository/io/netty/netty-buffer/4.1.63.Final/netty-buffer-4.1.63.Final.jar:/home/runner/.m2/repository/io/netty/netty-transport-native-unix-common/4.1.63.Final/netty-transport-native-unix-common-4.1.63.Final.jar:/home/runner/.m2/repository/io/grpc/grpc-protobuf/1.33.0/grpc-protobuf-1.33.0.jar:/home/runner/.m2/repository/io/grpc/grpc-api/1.33.0/grpc-api-1.33.0.jar:/home/runner/.m2/repository/io/grpc/grpc-context/1.33.0/grpc-context-1.33.0.jar:/home/runner/.m2/repository/com/google/api/grpc/proto-google-common-protos/1.17.0/proto-google-common-protos-1.17.0.jar:/home/runner/.m2/repository/io/grpc/grpc-protobuf-lite/1.33.0/grpc-protobuf-lite-1.33.0.jar:/home/runner/.m2/repository/io/grpc/grpc-stub/1.33.0/grpc-stub-1.33.0.jar:/home/runner/.m2/repository/org/apache/ozone/ozone-recon/1.2.0-SNAPSHOT/ozone-recon-1.2.0-SNAPSHOT.jar:/home/runner/.m2/repository/org/apache/ozone/ozone-reconcodegen/1.2.0-SNAPSHOT/ozone-reconcodegen-1.2.0-SNAPSHOT.jar:/home/runner/.m2/repository/com/google/inject/extensions/guice-multibindings/4.0/guice-multibindings-4.0.jar:/home/runner/.m2/repository/com/google/inject/guice/4.0/guice-4.0.jar:/home/runner/.m2/repository/aopalliance/aopalliance/1.0/aopalliance-1.0.jar:/home/runner/.m2/repository/com/google/inject/extensions/guice-assistedinject/4.0/guice-assistedinject-4.0.jar:/home/runner/.m2/repository/com/google/inject/extensions/guice-servlet/4.0/guice-servlet-4.0.jar:/home/runner/.m2/repository/org/glassfish/jersey/containers/jersey-container-servlet/2.33/jersey-container-servlet-2.33.jar:/home/runner/.m2/repository/org/glassfish/hk2/guice-bridge/2.5.0/guice-bridge-2.5.0.jar:/home/runner/.m2/repository/org/glassfish/jersey/core/jersey-server/2.33/jersey-server-2.33.jar:/home/runner/.m2/repository/org/glassfish/jersey/core/jersey-client/2.33/jersey-client-2.33.jar:/home/runner/.m2/repository/jakarta/annotation/jakarta.annotation-api/1.3.5/jakarta.annotation-api-1.3.5.jar:/home/runner/.m2/repository/jakarta/validation/jakarta.validation-api/2.0.2/jakarta.validation-api-2.0.2.jar:/home/runner/.m2/repository/org/glassfish/jersey/media/jersey-media-json-jackson/2.33/jersey-media-json-jackson-2.33.jar:/home/runner/.m2/repository/org/glassfish/jersey/ext/jersey-entity-filtering/2.33/jersey-entity-filtering-2.33.jar:/home/runner/.m2/repository/org/jooq/jooq/3.11.10/jooq-3.11.10.jar:/home/runner/.m2/repository/org/jooq/jooq-meta/3.11.10/jooq-meta-3.11.10.jar:/home/runner/.m2/repository/org/jooq/jooq-codegen/3.11.10/jooq-codegen-3.11.10.jar:/home/runner/.m2/repository/com/jolbox/bonecp/0.8.0.RELEASE/bonecp-0.8.0.RELEASE.jar:/home/runner/.m2/repository/org/apache/derby/derby/10.14.2.0/derby-10.14.2.0.jar:/home/runner/.m2/repository/org/xerial/sqlite-jdbc/3.25.2/sqlite-jdbc-3.25.2.jar:/home/runner/.m2/repository/org/springframework/spring-jdbc/5.2.11.RELEASE/spring-jdbc-5.2.11.RELEASE.jar:/home/runner/.m2/repository/org/springframework/spring-beans/5.2.11.RELEASE/spring-beans-5.2.11.RELEASE.jar:/home/runner/.m2/repository/org/springframework/spring-core/5.2.11.RELEASE/spring-core-5.2.11.RELEASE.jar:/home/runner/.m2/repository/org/springframework/spring-jcl/5.2.11.RELEASE/spring-jcl-5.2.11.RELEASE.jar:/home/runner/.m2/repository/org/springframework/spring-tx/5.2.11.RELEASE/spring-tx-5.2.11.RELEASE.jar:/home/runner/.m2/repository/org/apache/ozone/ozone-client/1.2.0-SNAPSHOT/ozone-client-1.2.0-SNAPSHOT.jar:/home/runner/.m2/repository/org/apache/ozone/ozone-filesystem/1.2.0-SNAPSHOT/ozone-filesystem-1.2.0-SNAPSHOT.jar:/home/runner/.m2/repository/org/apache/ozone/ozone-filesystem-common/1.2.0-SNAPSHOT/ozone-filesystem-common-1.2.0-SNAPSHOT.jar:/home/runner/.m2/repository/org/apache/ozone/ozone-tools/1.2.0-SNAPSHOT/ozone-tools-1.2.0-SNAPSHOT.jar:/home/runner/.m2/repository/org/apache/ratis/ratis-tools/2.1.0-03f3b68-SNAPSHOT/ratis-tools-2.1.0-03f3b68-SNAPSHOT.jar:/home/runner/.m2/repository/org/apache/ratis/ratis-proto/2.1.0-03f3b68-SNAPSHOT/ratis-proto-2.1.0-03f3b68-SNAPSHOT.jar:/home/runner/.m2/repository/org/apache/ratis/ratis-common/2.1.0-03f3b68-SNAPSHOT/ratis-common-2.1.0-03f3b68-SNAPSHOT.jar:/home/runner/.m2/repository/com/amazonaws/aws-java-sdk-core/1.11.901/aws-java-sdk-core-1.11.901.jar:/home/runner/.m2/repository/org/apache/httpcomponents/httpclient/4.5.13/httpclient-4.5.13.jar:/home/runner/.m2/repository/org/apache/httpcomponents/httpcore/4.4.13/httpcore-4.4.13.jar:/home/runner/.m2/repository/software/amazon/ion/ion-java/1.0.2/ion-java-1.0.2.jar:/home/runner/.m2/repository/com/fasterxml/jackson/dataformat/jackson-dataformat-cbor/2.12.1/jackson-dataformat-cbor-2.12.1.jar:/home/runner/.m2/repository/joda-time/joda-time/2.8.1/joda-time-2.8.1.jar:/home/runner/.m2/repository/com/amazonaws/aws-java-sdk-s3/1.11.901/aws-java-sdk-s3-1.11.901.jar:/home/runner/.m2/repository/com/amazonaws/aws-java-sdk-kms/1.11.901/aws-java-sdk-kms-1.11.901.jar:/home/runner/.m2/repository/com/amazonaws/jmespath-java/1.11.901/jmespath-java-1.11.901.jar:/home/runner/.m2/repository/org/kohsuke/metainf-services/metainf-services/1.8/metainf-services-1.8.jar:/home/runner/.m2/repository/org/apache/ozone/hdds-tools/1.2.0-SNAPSHOT/hdds-tools-1.2.0-SNAPSHOT.jar:/home/runner/.m2/repository/commons-cli/commons-cli/1.2/commons-cli-1.2.jar:/home/runner/.m2/repository/org/apache/commons/commons-lang3/3.7/commons-lang3-3.7.jar:/home/runner/.m2/repository/org/apache/ozone/ozone-manager/1.2.0-SNAPSHOT/ozone-manager-1.2.0-SNAPSHOT-tests.jar:/home/runner/.m2/repository/org/apache/ozone/hdds-common/1.2.0-SNAPSHOT/hdds-common-1.2.0-SNAPSHOT-tests.jar:/home/runner/.m2/repository/org/apache/ozone/hdds-hadoop-dependency-client/1.2.0-SNAPSHOT/hdds-hadoop-dependency-client-1.2.0-SNAPSHOT.jar:/home/runner/.m2/repository/info/picocli/picocli/4.4.0/picocli-4.4.0.jar:/home/runner/.m2/repository/com/fasterxml/jackson/core/jackson-annotations/2.12.1/jackson-annotations-2.12.1.jar:/home/runner/.m2/repository/javax/annotation/javax.annotation-api/1.2/javax.annotation-api-1.2.jar:/home/runner/.m2/repository/org/apache/ratis/ratis-server/2.1.0-03f3b68-SNAPSHOT/ratis-server-2.1.0-03f3b68-SNAPSHOT.jar:/home/runner/.m2/repository/org/apache/ratis/ratis-client/2.1.0-03f3b68-SNAPSHOT/ratis-client-2.1.0-03f3b68-SNAPSHOT.jar:/home/runner/.m2/repository/org/apache/ratis/ratis-server-api/2.1.0-03f3b68-SNAPSHOT/ratis-server-api-2.1.0-03f3b68-SNAPSHOT.jar:/home/runner/.m2/repository/org/apache/ratis/ratis-metrics/2.1.0-03f3b68-SNAPSHOT/ratis-metrics-2.1.0-03f3b68-SNAPSHOT.jar:/home/runner/.m2/repository/org/apache/ratis/ratis-netty/2.1.0-03f3b68-SNAPSHOT/ratis-netty-2.1.0-03f3b68-SNAPSHOT.jar:/home/runner/.m2/repository/org/apache/ratis/ratis-grpc/2.1.0-03f3b68-SNAPSHOT/ratis-grpc-2.1.0-03f3b68-SNAPSHOT.jar:/home/runner/.m2/repository/org/apache/logging/log4j/log4j-api/2.13.3/log4j-api-2.13.3.jar:/home/runner/.m2/repository/org/apache/logging/log4j/log4j-core/2.13.3/log4j-core-2.13.3.jar:/home/runner/.m2/repository/com/lmax/disruptor/3.4.2/disruptor-3.4.2.jar:/home/runner/.m2/repository/org/apache/commons/commons-pool2/2.6.0/commons-pool2-2.6.0.jar:/home/runner/.m2/repository/org/bouncycastle/bcpkix-jdk15on/1.67/bcpkix-jdk15on-1.67.jar:/home/runner/.m2/repository/commons-validator/commons-validator/1.6/commons-validator-1.6.jar:/home/runner/.m2/repository/commons-beanutils/commons-beanutils/1.9.4/commons-beanutils-1.9.4.jar:/home/runner/.m2/repository/commons-digester/commons-digester/1.8.1/commons-digester-1.8.1.jar:/home/runner/.m2/repository/commons-collections/commons-collections/3.2.2/commons-collections-3.2.2.jar:/home/runner/.m2/repository/io/jaegertracing/jaeger-client/1.6.0/jaeger-client-1.6.0.jar:/home/runner/.m2/repository/io/jaegertracing/jaeger-thrift/1.6.0/jaeger-thrift-1.6.0.jar:/home/runner/.m2/repository/org/apache/thrift/libthrift/0.14.1/libthrift-0.14.1.jar:/home/runner/.m2/repository/com/squareup/okhttp3/okhttp/4.9.0/okhttp-4.9.0.jar:/home/runner/.m2/repository/com/squareup/okio/okio/2.8.0/okio-2.8.0.jar:/home/runner/.m2/repository/io/jaegertracing/jaeger-core/1.6.0/jaeger-core-1.6.0.jar:/home/runner/.m2/repository/io/jaegertracing/jaeger-tracerresolver/1.6.0/jaeger-tracerresolver-1.6.0.jar:/home/runner/.m2/repository/io/opentracing/contrib/opentracing-tracerresolver/0.1.8/opentracing-tracerresolver-0.1.8.jar:/home/runner/.m2/repository/org/jetbrains/kotlin/kotlin-stdlib/1.4.31/kotlin-stdlib-1.4.31.jar:/home/runner/.m2/repository/org/jetbrains/kotlin/kotlin-stdlib-common/1.4.31/kotlin-stdlib-common-1.4.31.jar:/home/runner/.m2/repository/org/jetbrains/annotations/13.0/annotations-13.0.jar:/home/runner/.m2/repository/io/opentracing/opentracing-util/0.33.0/opentracing-util-0.33.0.jar:/home/runner/.m2/repository/io/opentracing/opentracing-api/0.33.0/opentracing-api-0.33.0.jar:/home/runner/.m2/repository/io/opentracing/opentracing-noop/0.33.0/opentracing-noop-0.33.0.jar:/home/runner/.m2/repository/org/yaml/snakeyaml/1.26/snakeyaml-1.26.jar:/home/runner/.m2/repository/org/apache/ozone/hdds-interface-admin/1.2.0-SNAPSHOT/hdds-interface-admin-1.2.0-SNAPSHOT.jar:/home/runner/.m2/repository/junit/junit/4.13.1/junit-4.13.1.jar:/home/runner/.m2/repository/org/hamcrest/hamcrest-core/1.3/hamcrest-core-1.3.jar:/home/runner/.m2/repository/org/junit/jupiter/junit-jupiter-api/5.7.0/junit-jupiter-api-5.7.0.jar:/home/runner/.m2/repository/org/apiguardian/apiguardian-api/1.1.0/apiguardian-api-1.1.0.jar:/home/runner/.m2/repository/org/opentest4j/opentest4j/1.2.0/opentest4j-1.2.0.jar:/home/runner/.m2/repository/org/junit/platform/junit-platform-commons/1.7.0/junit-platform-commons-1.7.0.jar:/home/runner/.m2/repository/org/junit/jupiter/junit-jupiter-engine/5.7.0/junit-jupiter-engine-5.7.0.jar:/home/runner/.m2/repository/org/junit/platform/junit-platform-engine/1.7.0/junit-platform-engine-1.7.0.jar:/home/runner/.m2/repository/org/junit/vintage/junit-vintage-engine/5.7.0/junit-vintage-engine-5.7.0.jar:/home/runner/.m2/repository/org/junit/platform/junit-platform-launcher/1.7.0/junit-platform-launcher-1.7.0.jar:/home/runner/.m2/repository/org/openjdk/jmh/jmh-core/1.19/jmh-core-1.19.jar:/home/runner/.m2/repository/net/sf/jopt-simple/jopt-simple/4.6/jopt-simple-4.6.jar:/home/runner/.m2/repository/org/apache/commons/commons-math3/3.1.1/commons-math3-3.1.1.jar:/home/runner/.m2/repository/org/openjdk/jmh/jmh-generator-annprocess/1.19/jmh-generator-annprocess-1.19.jar:/home/runner/.m2/repository/org/mockito/mockito-core/2.28.2/mockito-core-2.28.2.jar:/home/runner/.m2/repository/net/bytebuddy/byte-buddy/1.9.10/byte-buddy-1.9.10.jar:/home/runner/.m2/repository/net/bytebuddy/byte-buddy-agent/1.9.10/byte-buddy-agent-1.9.10.jar:/home/runner/.m2/repository/org/objenesis/objenesis/1.0/objenesis-1.0.jar:/home/runner/.m2/repository/org/apache/hadoop/hadoop-kms/3.3.1/hadoop-kms-3.3.1.jar:/home/runner/.m2/repository/org/apache/hadoop/hadoop-auth/3.3.1/hadoop-auth-3.3.1.jar:/home/runner/.m2/repository/com/nimbusds/nimbus-jose-jwt/7.9/nimbus-jose-jwt-7.9.jar:/home/runner/.m2/repository/com/github/stephenc/jcip/jcip-annotations/1.0-1/jcip-annotations-1.0-1.jar:/home/runner/.m2/repository/net/minidev/json-smart/2.3/json-smart-2.3.jar:/home/runner/.m2/repository/net/minidev/accessors-smart/1.2/accessors-smart-1.2.jar:/home/runner/.m2/repository/org/ow2/asm/asm/5.0.4/asm-5.0.4.jar:/home/runner/.m2/repository/org/apache/zookeeper/zookeeper/3.5.6/zookeeper-3.5.6.jar:/home/runner/.m2/repository/org/apache/zookeeper/zookeeper-jute/3.5.6/zookeeper-jute-3.5.6.jar:/home/runner/.m2/repository/org/apache/yetus/audience-annotations/0.5.0/audience-annotations-0.5.0.jar:/home/runner/.m2/repository/org/apache/curator/curator-framework/4.2.0/curator-framework-4.2.0.jar:/home/runner/.m2/repository/org/apache/hadoop/thirdparty/hadoop-shaded-guava/1.1.1/hadoop-shaded-guava-1.1.1.jar:/home/runner/.m2/repository/com/sun/jersey/jersey-core/1.19/jersey-core-1.19.jar:/home/runner/.m2/repository/javax/ws/rs/jsr311-api/1.1.1/jsr311-api-1.1.1.jar:/home/runner/.m2/repository/com/sun/jersey/jersey-server/1.19/jersey-server-1.19.jar:/home/runner/.m2/repository/javax/servlet/javax.servlet-api/3.1.0/javax.servlet-api-3.1.0.jar:/home/runner/.m2/repository/org/eclipse/jetty/jetty-server/9.4.43.v20210629/jetty-server-9.4.43.v20210629.jar:/home/runner/.m2/repository/org/eclipse/jetty/jetty-http/9.4.43.v20210629/jetty-http-9.4.43.v20210629.jar:/home/runner/.m2/repository/org/eclipse/jetty/jetty-io/9.4.43.v20210629/jetty-io-9.4.43.v20210629.jar:/home/runner/.m2/repository/org/eclipse/jetty/jetty-webapp/9.4.43.v20210629/jetty-webapp-9.4.43.v20210629.jar:/home/runner/.m2/repository/org/eclipse/jetty/jetty-xml/9.4.43.v20210629/jetty-xml-9.4.43.v20210629.jar:/home/runner/.m2/repository/org/apache/hadoop/hadoop-common/3.3.1/hadoop-common-3.3.1.jar:/home/runner/.m2/repository/commons-net/commons-net/3.6/commons-net-3.6.jar:/home/runner/.m2/repository/jakarta/activation/jakarta.activation-api/1.2.1/jakarta.activation-api-1.2.1.jar:/home/runner/.m2/repository/com/sun/jersey/jersey-servlet/1.19/jersey-servlet-1.19.jar:/home/runner/.m2/repository/com/sun/jersey/jersey-json/1.19/jersey-json-1.19.jar:/home/runner/.m2/repository/org/codehaus/jettison/jettison/1.1/jettison-1.1.jar:/home/runner/.m2/repository/com/sun/xml/bind/jaxb-impl/2.2.3-1/jaxb-impl-2.2.3-1.jar:/home/runner/.m2/repository/org/codehaus/jackson/jackson-jaxrs/1.9.2/jackson-jaxrs-1.9.2.jar:/home/runner/.m2/repository/org/codehaus/jackson/jackson-xc/1.9.2/jackson-xc-1.9.2.jar:/home/runner/.m2/repository/org/apache/commons/commons-configuration2/2.1.1/commons-configuration2-2.1.1.jar:/home/runner/.m2/repository/org/apache/commons/commons-text/1.4/commons-text-1.4.jar:/home/runner/.m2/repository/com/google/re2j/re2j/1.1/re2j-1.1.jar:/home/runner/.m2/repository/com/jcraft/jsch/0.1.54/jsch-0.1.54.jar:/home/runner/.m2/repository/org/apache/curator/curator-client/4.2.0/curator-client-4.2.0.jar:/home/runner/.m2/repository/org/apache/curator/curator-recipes/4.2.0/curator-recipes-4.2.0.jar:/home/runner/.m2/repository/org/apache/kerby/kerb-core/1.0.1/kerb-core-1.0.1.jar:/home/runner/.m2/repository/org/apache/kerby/kerby-pkix/1.0.1/kerby-pkix-1.0.1.jar:/home/runner/.m2/repository/org/apache/kerby/kerby-asn1/1.0.1/kerby-asn1-1.0.1.jar:/home/runner/.m2/repository/org/apache/kerby/kerby-util/1.0.1/kerby-util-1.0.1.jar:/home/runner/.m2/repository/dnsjava/dnsjava/2.1.7/dnsjava-2.1.7.jar:/home/runner/.m2/repository/org/xerial/snappy/snappy-java/1.1.8.2/snappy-java-1.1.8.2.jar:/home/runner/.m2/repository/org/slf4j/jul-to-slf4j/1.7.30/jul-to-slf4j-1.7.30.jar:/home/runner/.m2/repository/org/eclipse/jetty/jetty-util/9.4.43.v20210629/jetty-util-9.4.43.v20210629.jar:/home/runner/.m2/repository/com/fasterxml/jackson/core/jackson-databind/2.12.1/jackson-databind-2.12.1.jar:/home/runner/.m2/repository/org/apache/hadoop/hadoop-kms/3.3.1/hadoop-kms-3.3.1-tests.jar:/home/runner/.m2/repository/org/apache/ozone/hdds-server-scm/1.2.0-SNAPSHOT/hdds-server-scm-1.2.0-SNAPSHOT-tests.jar:/home/runner/.m2/repository/org/apache/ozone/hdds-container-service/1.2.0-SNAPSHOT/hdds-container-service-1.2.0-SNAPSHOT-tests.jar:/home/runner/.m2/repository/commons-codec/commons-codec/1.11/commons-codec-1.11.jar:/home/runner/.m2/repository/io/netty/netty-transport/4.1.63.Final/netty-transport-4.1.63.Final.jar:/home/runner/.m2/repository/io/netty/netty-resolver/4.1.63.Final/netty-resolver-4.1.63.Final.jar:/home/runner/.m2/repository/io/netty/netty-codec/4.1.63.Final/netty-codec-4.1.63.Final.jar:/home/runner/.m2/repository/io/netty/netty-handler/4.1.63.Final/netty-handler-4.1.63.Final.jar:/home/runner/.m2/repository/org/apache/ozone/hdds-hadoop-dependency-test/1.2.0-SNAPSHOT/hdds-hadoop-dependency-test-1.2.0-SNAPSHOT.jar:/home/runner/.m2/repository/org/apache/hadoop/hadoop-common/3.3.1/hadoop-common-3.3.1-tests.jar:/home/runner/.m2/repository/org/assertj/assertj-core/3.12.2/assertj-core-3.12.2.jar:/home/runner/.m2/repository/org/apache/hadoop/hadoop-hdfs/3.3.1/hadoop-hdfs-3.3.1-tests.jar:/home/runner/.m2/repository/org/eclipse/jetty/jetty-util-ajax/9.4.43.v20210629/jetty-util-ajax-9.4.43.v20210629.jar:/home/runner/.m2/repository/commons-daemon/commons-daemon/1.0.13/commons-daemon-1.0.13.jar:/home/runner/.m2/repository/io/netty/netty/3.10.6.Final/netty-3.10.6.Final.jar:/home/runner/.m2/repository/io/netty/netty-all/4.1.63.Final/netty-all-4.1.63.Final.jar:/home/runner/.m2/repository/org/apache/htrace/htrace-core4/4.1.0-incubating/htrace-core4-4.1.0-incubating.jar:/home/runner/.m2/repository/org/fusesource/leveldbjni/leveldbjni-all/1.8/leveldbjni-all-1.8.jar:/home/runner/.m2/repository/org/apache/hadoop/hadoop-distcp/3.3.1/hadoop-distcp-3.3.1.jar:/home/runner/.m2/repository/org/apache/hadoop/hadoop-mapreduce-client-jobclient/3.3.1/hadoop-mapreduce-client-jobclient-3.3.1.jar:/home/runner/.m2/repository/org/apache/hadoop/hadoop-mapreduce-client-common/3.3.1/hadoop-mapreduce-client-common-3.3.1.jar:/home/runner/.m2/repository/org/apache/hadoop/hadoop-yarn-common/3.3.1/hadoop-yarn-common-3.3.1.jar:/home/runner/.m2/repository/org/apache/hadoop/hadoop-yarn-api/3.3.1/hadoop-yarn-api-3.3.1.jar:/home/runner/.m2/repository/com/sun/jersey/jersey-client/1.19/jersey-client-1.19.jar:/home/runner/.m2/repository/com/sun/jersey/contribs/jersey-guice/1.19/jersey-guice-1.19.jar:/home/runner/.m2/repository/com/fasterxml/jackson/jaxrs/jackson-jaxrs-json-provider/2.12.1/jackson-jaxrs-json-provider-2.12.1.jar:/home/runner/.m2/repository/com/fasterxml/jackson/jaxrs/jackson-jaxrs-base/2.12.1/jackson-jaxrs-base-2.12.1.jar:/home/runner/.m2/repository/org/apache/hadoop/hadoop-yarn-client/3.3.1/hadoop-yarn-client-3.3.1.jar:/home/runner/.m2/repository/org/eclipse/jetty/websocket/websocket-client/9.4.40.v20210413/websocket-client-9.4.40.v20210413.jar:/home/runner/.m2/repository/org/eclipse/jetty/jetty-client/9.4.40.v20210413/jetty-client-9.4.40.v20210413.jar:/home/runner/.m2/repository/org/eclipse/jetty/websocket/websocket-common/9.4.40.v20210413/websocket-common-9.4.40.v20210413.jar:/home/runner/.m2/repository/org/eclipse/jetty/websocket/websocket-api/9.4.40.v20210413/websocket-api-9.4.40.v20210413.jar:/home/runner/.m2/repository/org/jline/jline/3.9.0/jline-3.9.0.jar:/home/runner/.m2/repository/org/apache/hadoop/hadoop-mapreduce-client-core/3.3.1/hadoop-mapreduce-client-core-3.3.1.jar:/home/runner/.m2/repository/org/apache/avro/avro/1.7.7/avro-1.7.7.jar:/home/runner/.m2/repository/org/codehaus/jackson/jackson-core-asl/1.9.13/jackson-core-asl-1.9.13.jar:/home/runner/.m2/repository/org/codehaus/jackson/jackson-mapper-asl/1.9.13/jackson-mapper-asl-1.9.13.jar:/home/runner/.m2/repository/com/thoughtworks/paranamer/paranamer/2.3/paranamer-2.3.jar:/home/runner/.m2/repository/org/apache/hadoop/hadoop-annotations/3.3.1/hadoop-annotations-3.3.1.jar:/usr/lib/jvm/adoptopenjdk-8-hotspot-amd64/jre/../lib/tools.jar:/home/runner/.m2/repository/org/apache/hadoop/hadoop-distcp/3.3.1/hadoop-distcp-3.3.1-tests.jar:"/>
    <property name="java.vm.vendor" value="AdoptOpenJDK"/>
    <property name="sun.arch.data.model" value="64"/>
    <property name="test.build.dir" value="/home/runner/work/ozone/ozone/hadoop-ozone/integration-test/target/test-dir"/>
    <property name="test.cache.data" value=""/>
    <property name="java.vendor.url" value="https://adoptopenjdk.net/"/>
    <property name="user.timezone" value=""/>
    <property name="java.vm.specification.version" value="1.8"/>
    <property name="os.name" value="Linux"/>
    <property name="test.build.data" value="/home/runner/work/ozone/ozone/hadoop-ozone/integration-test/target/test-dir"/>
    <property name="sun.java.launcher" value="SUN_STANDARD"/>
    <property name="sun.boot.library.path" value="/usr/lib/jvm/adoptopenjdk-8-hotspot-amd64/jre/lib/amd64"/>
    <property name="sun.java.command" value="/home/runner/work/ozone/ozone/hadoop-ozone/integration-test/target/surefire/surefirebooter1877870312474172223.jar /home/runner/work/ozone/ozone/hadoop-ozone/integration-test/target/surefire 2021-08-11T22-13-00_239-jvmRun1 surefire581404114159936616tmp surefire_547906297039160991922tmp"/>
    <property name="surefire.test.class.path" value="/home/runner/work/ozone/ozone/hadoop-ozone/integration-test/target/test-classes:/home/runner/work/ozone/ozone/hadoop-ozone/integration-test/target/classes:/home/runner/.m2/repository/org/apache/ozone/ozone-common/1.2.0-SNAPSHOT/ozone-common-1.2.0-SNAPSHOT.jar:/home/runner/.m2/repository/org/apache/commons/commons-compress/1.20/commons-compress-1.20.jar:/home/runner/.m2/repository/org/apache/ozone/hdds-common/1.2.0-SNAPSHOT/hdds-common-1.2.0-SNAPSHOT.jar:/home/runner/.m2/repository/org/apache/ozone/hdds-client/1.2.0-SNAPSHOT/hdds-client-1.2.0-SNAPSHOT.jar:/home/runner/.m2/repository/org/apache/ozone/ozone-interface-client/1.2.0-SNAPSHOT/ozone-interface-client-1.2.0-SNAPSHOT.jar:/home/runner/.m2/repository/org/apache/ozone/hdds-server-framework/1.2.0-SNAPSHOT/hdds-server-framework-1.2.0-SNAPSHOT.jar:/home/runner/.m2/repository/org/apache/ozone/hdds-interface-server/1.2.0-SNAPSHOT/hdds-interface-server-1.2.0-SNAPSHOT.jar:/home/runner/.m2/repository/org/eclipse/jetty/jetty-servlet/9.4.43.v20210629/jetty-servlet-9.4.43.v20210629.jar:/home/runner/.m2/repository/org/eclipse/jetty/jetty-security/9.4.43.v20210629/jetty-security-9.4.43.v20210629.jar:/home/runner/.m2/repository/org/rocksdb/rocksdbjni/6.20.3/rocksdbjni-6.20.3.jar:/home/runner/.m2/repository/io/prometheus/simpleclient_dropwizard/0.7.0/simpleclient_dropwizard-0.7.0.jar:/home/runner/.m2/repository/io/prometheus/simpleclient/0.7.0/simpleclient-0.7.0.jar:/home/runner/.m2/repository/io/prometheus/simpleclient_common/0.7.0/simpleclient_common-0.7.0.jar:/home/runner/.m2/repository/com/fasterxml/jackson/datatype/jackson-datatype-jsr310/2.12.1/jackson-datatype-jsr310-2.12.1.jar:/home/runner/.m2/repository/org/apache/ozone/hdds-test-utils/1.2.0-SNAPSHOT/hdds-test-utils-1.2.0-SNAPSHOT.jar:/home/runner/.m2/repository/com/google/guava/guava/30.1.1-jre/guava-30.1.1-jre.jar:/home/runner/.m2/repository/com/google/guava/failureaccess/1.0.1/failureaccess-1.0.1.jar:/home/runner/.m2/repository/com/google/guava/listenablefuture/9999.0-empty-to-avoid-conflict-with-guava/listenablefuture-9999.0-empty-to-avoid-conflict-with-guava.jar:/home/runner/.m2/repository/com/google/code/findbugs/jsr305/3.0.0/jsr305-3.0.0.jar:/home/runner/.m2/repository/org/checkerframework/checker-qual/3.8.0/checker-qual-3.8.0.jar:/home/runner/.m2/repository/com/google/errorprone/error_prone_annotations/2.2.0/error_prone_annotations-2.2.0.jar:/home/runner/.m2/repository/com/google/j2objc/j2objc-annotations/1.3/j2objc-annotations-1.3.jar:/home/runner/.m2/repository/commons-io/commons-io/2.8.0/commons-io-2.8.0.jar:/home/runner/.m2/repository/commons-logging/commons-logging/1.2/commons-logging-1.2.jar:/home/runner/.m2/repository/log4j/log4j/1.2.17/log4j-1.2.17.jar:/home/runner/.m2/repository/org/slf4j/slf4j-api/1.7.30/slf4j-api-1.7.30.jar:/home/runner/.m2/repository/org/apache/ozone/hdds-server-scm/1.2.0-SNAPSHOT/hdds-server-scm-1.2.0-SNAPSHOT.jar:/home/runner/.m2/repository/org/apache/ozone/hdds-container-service/1.2.0-SNAPSHOT/hdds-container-service-1.2.0-SNAPSHOT.jar:/home/runner/.m2/repository/org/apache/ozone/hdds-hadoop-dependency-server/1.2.0-SNAPSHOT/hdds-hadoop-dependency-server-1.2.0-SNAPSHOT.jar:/home/runner/.m2/repository/org/apache/hadoop/hadoop-hdfs/3.3.1/hadoop-hdfs-3.3.1.jar:/home/runner/.m2/repository/io/dropwizard/metrics/metrics-core/3.2.4/metrics-core-3.2.4.jar:/home/runner/.m2/repository/org/apache/hadoop/hadoop-hdfs-client/3.3.1/hadoop-hdfs-client-3.3.1.jar:/home/runner/.m2/repository/org/bouncycastle/bcprov-jdk15on/1.67/bcprov-jdk15on-1.67.jar:/home/runner/.m2/repository/com/google/protobuf/protobuf-java/2.5.0/protobuf-java-2.5.0.jar:/home/runner/.m2/repository/org/apache/ozone/ozone-manager/1.2.0-SNAPSHOT/ozone-manager-1.2.0-SNAPSHOT.jar:/home/runner/.m2/repository/org/aspectj/aspectjrt/1.8.9/aspectjrt-1.8.9.jar:/home/runner/.m2/repository/org/aspectj/aspectjweaver/1.8.9/aspectjweaver-1.8.9.jar:/home/runner/.m2/repository/org/apache/ozone/hdds-interface-client/1.2.0-SNAPSHOT/hdds-interface-client-1.2.0-SNAPSHOT.jar:/home/runner/.m2/repository/org/apache/hadoop/thirdparty/hadoop-shaded-protobuf_3_7/1.1.1/hadoop-shaded-protobuf_3_7-1.1.1.jar:/home/runner/.m2/repository/org/apache/ratis/ratis-thirdparty-misc/0.7.0/ratis-thirdparty-misc-0.7.0.jar:/home/runner/.m2/repository/org/apache/ozone/ozone-interface-storage/1.2.0-SNAPSHOT/ozone-interface-storage-1.2.0-SNAPSHOT.jar:/home/runner/.m2/repository/org/reflections/reflections/0.9.11/reflections-0.9.11.jar:/home/runner/.m2/repository/org/apache/hadoop/hadoop-minikdc/3.3.1/hadoop-minikdc-3.3.1.jar:/home/runner/.m2/repository/org/apache/kerby/kerb-simplekdc/1.0.1/kerb-simplekdc-1.0.1.jar:/home/runner/.m2/repository/org/apache/kerby/kerb-client/1.0.1/kerb-client-1.0.1.jar:/home/runner/.m2/repository/org/apache/kerby/kerby-config/1.0.1/kerby-config-1.0.1.jar:/home/runner/.m2/repository/org/apache/kerby/kerb-common/1.0.1/kerb-common-1.0.1.jar:/home/runner/.m2/repository/org/apache/kerby/kerb-crypto/1.0.1/kerb-crypto-1.0.1.jar:/home/runner/.m2/repository/org/apache/kerby/kerb-util/1.0.1/kerb-util-1.0.1.jar:/home/runner/.m2/repository/org/apache/kerby/token-provider/1.0.1/token-provider-1.0.1.jar:/home/runner/.m2/repository/org/apache/kerby/kerb-admin/1.0.1/kerb-admin-1.0.1.jar:/home/runner/.m2/repository/org/apache/kerby/kerb-server/1.0.1/kerb-server-1.0.1.jar:/home/runner/.m2/repository/org/apache/kerby/kerb-identity/1.0.1/kerb-identity-1.0.1.jar:/home/runner/.m2/repository/org/apache/kerby/kerby-xdr/1.0.1/kerby-xdr-1.0.1.jar:/home/runner/.m2/repository/org/slf4j/slf4j-log4j12/1.7.30/slf4j-log4j12-1.7.30.jar:/home/runner/.m2/repository/org/apache/ozone/ozone-s3gateway/1.2.0-SNAPSHOT/ozone-s3gateway-1.2.0-SNAPSHOT.jar:/home/runner/.m2/repository/org/javassist/javassist/3.21.0-GA/javassist-3.21.0-GA.jar:/home/runner/.m2/repository/org/jboss/weld/servlet/weld-servlet/2.4.7.Final/weld-servlet-2.4.7.Final.jar:/home/runner/.m2/repository/org/glassfish/jersey/containers/jersey-container-servlet-core/2.33/jersey-container-servlet-core-2.33.jar:/home/runner/.m2/repository/org/glassfish/hk2/external/jakarta.inject/2.6.1/jakarta.inject-2.6.1.jar:/home/runner/.m2/repository/org/glassfish/jersey/core/jersey-common/2.33/jersey-common-2.33.jar:/home/runner/.m2/repository/jakarta/ws/rs/jakarta.ws.rs-api/2.1.6/jakarta.ws.rs-api-2.1.6.jar:/home/runner/.m2/repository/org/glassfish/jersey/ext/cdi/jersey-cdi1x/2.33/jersey-cdi1x-2.33.jar:/home/runner/.m2/repository/org/glassfish/jersey/inject/jersey-hk2/2.33/jersey-hk2-2.33.jar:/home/runner/.m2/repository/org/glassfish/hk2/hk2-locator/2.6.1/hk2-locator-2.6.1.jar:/home/runner/.m2/repository/org/glassfish/jersey/media/jersey-media-jaxb/2.33/jersey-media-jaxb-2.33.jar:/home/runner/.m2/repository/org/glassfish/hk2/osgi-resource-locator/1.0.3/osgi-resource-locator-1.0.3.jar:/home/runner/.m2/repository/org/glassfish/hk2/hk2-api/2.5.0/hk2-api-2.5.0.jar:/home/runner/.m2/repository/org/glassfish/hk2/hk2-utils/2.5.0/hk2-utils-2.5.0.jar:/home/runner/.m2/repository/org/glassfish/hk2/external/aopalliance-repackaged/2.5.0/aopalliance-repackaged-2.5.0.jar:/home/runner/.m2/repository/com/fasterxml/jackson/dataformat/jackson-dataformat-xml/2.12.1/jackson-dataformat-xml-2.12.1.jar:/home/runner/.m2/repository/com/fasterxml/jackson/core/jackson-core/2.12.1/jackson-core-2.12.1.jar:/home/runner/.m2/repository/com/fasterxml/jackson/module/jackson-module-jaxb-annotations/2.12.1/jackson-module-jaxb-annotations-2.12.1.jar:/home/runner/.m2/repository/jakarta/xml/bind/jakarta.xml.bind-api/2.3.2/jakarta.xml.bind-api-2.3.2.jar:/home/runner/.m2/repository/org/codehaus/woodstox/stax2-api/3.1.4/stax2-api-3.1.4.jar:/home/runner/.m2/repository/com/fasterxml/woodstox/woodstox-core/5.0.3/woodstox-core-5.0.3.jar:/home/runner/.m2/repository/javax/enterprise/cdi-api/1.2/cdi-api-1.2.jar:/home/runner/.m2/repository/javax/el/javax.el-api/3.0.0/javax.el-api-3.0.0.jar:/home/runner/.m2/repository/javax/interceptor/javax.interceptor-api/1.2/javax.interceptor-api-1.2.jar:/home/runner/.m2/repository/javax/inject/javax.inject/1/javax.inject-1.jar:/home/runner/.m2/repository/javax/xml/bind/jaxb-api/2.3.0/jaxb-api-2.3.0.jar:/home/runner/.m2/repository/org/glassfish/jaxb/jaxb-runtime/2.3.0.1/jaxb-runtime-2.3.0.1.jar:/home/runner/.m2/repository/org/glassfish/jaxb/jaxb-core/2.3.0.1/jaxb-core-2.3.0.1.jar:/home/runner/.m2/repository/org/glassfish/jaxb/txw2/2.3.0.1/txw2-2.3.0.1.jar:/home/runner/.m2/repository/com/sun/istack/istack-commons-runtime/3.0.5/istack-commons-runtime-3.0.5.jar:/home/runner/.m2/repository/org/jvnet/staxex/stax-ex/1.7.8/stax-ex-1.7.8.jar:/home/runner/.m2/repository/com/sun/xml/fastinfoset/FastInfoset/1.2.13/FastInfoset-1.2.13.jar:/home/runner/.m2/repository/javax/activation/activation/1.1.1/activation-1.1.1.jar:/home/runner/.m2/repository/org/apache/ozone/ozone-csi/1.2.0-SNAPSHOT/ozone-csi-1.2.0-SNAPSHOT.jar:/home/runner/.m2/repository/com/google/protobuf/protobuf-java-util/3.12.0/protobuf-java-util-3.12.0.jar:/home/runner/.m2/repository/com/google/code/gson/gson/2.2.4/gson-2.2.4.jar:/home/runner/.m2/repository/org/apache/ozone/hdds-config/1.2.0-SNAPSHOT/hdds-config-1.2.0-SNAPSHOT.jar:/home/runner/.m2/repository/io/grpc/grpc-netty/1.33.0/grpc-netty-1.33.0.jar:/home/runner/.m2/repository/io/grpc/grpc-core/1.33.0/grpc-core-1.33.0.jar:/home/runner/.m2/repository/com/google/android/annotations/4.1.1.4/annotations-4.1.1.4.jar:/home/runner/.m2/repository/io/netty/netty-codec-http2/4.1.63.Final/netty-codec-http2-4.1.63.Final.jar:/home/runner/.m2/repository/io/netty/netty-codec-http/4.1.63.Final/netty-codec-http-4.1.63.Final.jar:/home/runner/.m2/repository/io/netty/netty-handler-proxy/4.1.63.Final/netty-handler-proxy-4.1.63.Final.jar:/home/runner/.m2/repository/io/netty/netty-codec-socks/4.1.63.Final/netty-codec-socks-4.1.63.Final.jar:/home/runner/.m2/repository/io/perfmark/perfmark-api/0.19.0/perfmark-api-0.19.0.jar:/home/runner/.m2/repository/org/codehaus/mojo/animal-sniffer-annotations/1.18/animal-sniffer-annotations-1.18.jar:/home/runner/.m2/repository/io/netty/netty-transport-native-epoll/4.1.63.Final/netty-transport-native-epoll-4.1.63.Final.jar:/home/runner/.m2/repository/io/netty/netty-common/4.1.63.Final/netty-common-4.1.63.Final.jar:/home/runner/.m2/repository/io/netty/netty-buffer/4.1.63.Final/netty-buffer-4.1.63.Final.jar:/home/runner/.m2/repository/io/netty/netty-transport-native-unix-common/4.1.63.Final/netty-transport-native-unix-common-4.1.63.Final.jar:/home/runner/.m2/repository/io/grpc/grpc-protobuf/1.33.0/grpc-protobuf-1.33.0.jar:/home/runner/.m2/repository/io/grpc/grpc-api/1.33.0/grpc-api-1.33.0.jar:/home/runner/.m2/repository/io/grpc/grpc-context/1.33.0/grpc-context-1.33.0.jar:/home/runner/.m2/repository/com/google/api/grpc/proto-google-common-protos/1.17.0/proto-google-common-protos-1.17.0.jar:/home/runner/.m2/repository/io/grpc/grpc-protobuf-lite/1.33.0/grpc-protobuf-lite-1.33.0.jar:/home/runner/.m2/repository/io/grpc/grpc-stub/1.33.0/grpc-stub-1.33.0.jar:/home/runner/.m2/repository/org/apache/ozone/ozone-recon/1.2.0-SNAPSHOT/ozone-recon-1.2.0-SNAPSHOT.jar:/home/runner/.m2/repository/org/apache/ozone/ozone-reconcodegen/1.2.0-SNAPSHOT/ozone-reconcodegen-1.2.0-SNAPSHOT.jar:/home/runner/.m2/repository/com/google/inject/extensions/guice-multibindings/4.0/guice-multibindings-4.0.jar:/home/runner/.m2/repository/com/google/inject/guice/4.0/guice-4.0.jar:/home/runner/.m2/repository/aopalliance/aopalliance/1.0/aopalliance-1.0.jar:/home/runner/.m2/repository/com/google/inject/extensions/guice-assistedinject/4.0/guice-assistedinject-4.0.jar:/home/runner/.m2/repository/com/google/inject/extensions/guice-servlet/4.0/guice-servlet-4.0.jar:/home/runner/.m2/repository/org/glassfish/jersey/containers/jersey-container-servlet/2.33/jersey-container-servlet-2.33.jar:/home/runner/.m2/repository/org/glassfish/hk2/guice-bridge/2.5.0/guice-bridge-2.5.0.jar:/home/runner/.m2/repository/org/glassfish/jersey/core/jersey-server/2.33/jersey-server-2.33.jar:/home/runner/.m2/repository/org/glassfish/jersey/core/jersey-client/2.33/jersey-client-2.33.jar:/home/runner/.m2/repository/jakarta/annotation/jakarta.annotation-api/1.3.5/jakarta.annotation-api-1.3.5.jar:/home/runner/.m2/repository/jakarta/validation/jakarta.validation-api/2.0.2/jakarta.validation-api-2.0.2.jar:/home/runner/.m2/repository/org/glassfish/jersey/media/jersey-media-json-jackson/2.33/jersey-media-json-jackson-2.33.jar:/home/runner/.m2/repository/org/glassfish/jersey/ext/jersey-entity-filtering/2.33/jersey-entity-filtering-2.33.jar:/home/runner/.m2/repository/org/jooq/jooq/3.11.10/jooq-3.11.10.jar:/home/runner/.m2/repository/org/jooq/jooq-meta/3.11.10/jooq-meta-3.11.10.jar:/home/runner/.m2/repository/org/jooq/jooq-codegen/3.11.10/jooq-codegen-3.11.10.jar:/home/runner/.m2/repository/com/jolbox/bonecp/0.8.0.RELEASE/bonecp-0.8.0.RELEASE.jar:/home/runner/.m2/repository/org/apache/derby/derby/10.14.2.0/derby-10.14.2.0.jar:/home/runner/.m2/repository/org/xerial/sqlite-jdbc/3.25.2/sqlite-jdbc-3.25.2.jar:/home/runner/.m2/repository/org/springframework/spring-jdbc/5.2.11.RELEASE/spring-jdbc-5.2.11.RELEASE.jar:/home/runner/.m2/repository/org/springframework/spring-beans/5.2.11.RELEASE/spring-beans-5.2.11.RELEASE.jar:/home/runner/.m2/repository/org/springframework/spring-core/5.2.11.RELEASE/spring-core-5.2.11.RELEASE.jar:/home/runner/.m2/repository/org/springframework/spring-jcl/5.2.11.RELEASE/spring-jcl-5.2.11.RELEASE.jar:/home/runner/.m2/repository/org/springframework/spring-tx/5.2.11.RELEASE/spring-tx-5.2.11.RELEASE.jar:/home/runner/.m2/repository/org/apache/ozone/ozone-client/1.2.0-SNAPSHOT/ozone-client-1.2.0-SNAPSHOT.jar:/home/runner/.m2/repository/org/apache/ozone/ozone-filesystem/1.2.0-SNAPSHOT/ozone-filesystem-1.2.0-SNAPSHOT.jar:/home/runner/.m2/repository/org/apache/ozone/ozone-filesystem-common/1.2.0-SNAPSHOT/ozone-filesystem-common-1.2.0-SNAPSHOT.jar:/home/runner/.m2/repository/org/apache/ozone/ozone-tools/1.2.0-SNAPSHOT/ozone-tools-1.2.0-SNAPSHOT.jar:/home/runner/.m2/repository/org/apache/ratis/ratis-tools/2.1.0-03f3b68-SNAPSHOT/ratis-tools-2.1.0-03f3b68-SNAPSHOT.jar:/home/runner/.m2/repository/org/apache/ratis/ratis-proto/2.1.0-03f3b68-SNAPSHOT/ratis-proto-2.1.0-03f3b68-SNAPSHOT.jar:/home/runner/.m2/repository/org/apache/ratis/ratis-common/2.1.0-03f3b68-SNAPSHOT/ratis-common-2.1.0-03f3b68-SNAPSHOT.jar:/home/runner/.m2/repository/com/amazonaws/aws-java-sdk-core/1.11.901/aws-java-sdk-core-1.11.901.jar:/home/runner/.m2/repository/org/apache/httpcomponents/httpclient/4.5.13/httpclient-4.5.13.jar:/home/runner/.m2/repository/org/apache/httpcomponents/httpcore/4.4.13/httpcore-4.4.13.jar:/home/runner/.m2/repository/software/amazon/ion/ion-java/1.0.2/ion-java-1.0.2.jar:/home/runner/.m2/repository/com/fasterxml/jackson/dataformat/jackson-dataformat-cbor/2.12.1/jackson-dataformat-cbor-2.12.1.jar:/home/runner/.m2/repository/joda-time/joda-time/2.8.1/joda-time-2.8.1.jar:/home/runner/.m2/repository/com/amazonaws/aws-java-sdk-s3/1.11.901/aws-java-sdk-s3-1.11.901.jar:/home/runner/.m2/repository/com/amazonaws/aws-java-sdk-kms/1.11.901/aws-java-sdk-kms-1.11.901.jar:/home/runner/.m2/repository/com/amazonaws/jmespath-java/1.11.901/jmespath-java-1.11.901.jar:/home/runner/.m2/repository/org/kohsuke/metainf-services/metainf-services/1.8/metainf-services-1.8.jar:/home/runner/.m2/repository/org/apache/ozone/hdds-tools/1.2.0-SNAPSHOT/hdds-tools-1.2.0-SNAPSHOT.jar:/home/runner/.m2/repository/commons-cli/commons-cli/1.2/commons-cli-1.2.jar:/home/runner/.m2/repository/org/apache/commons/commons-lang3/3.7/commons-lang3-3.7.jar:/home/runner/.m2/repository/org/apache/ozone/ozone-manager/1.2.0-SNAPSHOT/ozone-manager-1.2.0-SNAPSHOT-tests.jar:/home/runner/.m2/repository/org/apache/ozone/hdds-common/1.2.0-SNAPSHOT/hdds-common-1.2.0-SNAPSHOT-tests.jar:/home/runner/.m2/repository/org/apache/ozone/hdds-hadoop-dependency-client/1.2.0-SNAPSHOT/hdds-hadoop-dependency-client-1.2.0-SNAPSHOT.jar:/home/runner/.m2/repository/info/picocli/picocli/4.4.0/picocli-4.4.0.jar:/home/runner/.m2/repository/com/fasterxml/jackson/core/jackson-annotations/2.12.1/jackson-annotations-2.12.1.jar:/home/runner/.m2/repository/javax/annotation/javax.annotation-api/1.2/javax.annotation-api-1.2.jar:/home/runner/.m2/repository/org/apache/ratis/ratis-server/2.1.0-03f3b68-SNAPSHOT/ratis-server-2.1.0-03f3b68-SNAPSHOT.jar:/home/runner/.m2/repository/org/apache/ratis/ratis-client/2.1.0-03f3b68-SNAPSHOT/ratis-client-2.1.0-03f3b68-SNAPSHOT.jar:/home/runner/.m2/repository/org/apache/ratis/ratis-server-api/2.1.0-03f3b68-SNAPSHOT/ratis-server-api-2.1.0-03f3b68-SNAPSHOT.jar:/home/runner/.m2/repository/org/apache/ratis/ratis-metrics/2.1.0-03f3b68-SNAPSHOT/ratis-metrics-2.1.0-03f3b68-SNAPSHOT.jar:/home/runner/.m2/repository/org/apache/ratis/ratis-netty/2.1.0-03f3b68-SNAPSHOT/ratis-netty-2.1.0-03f3b68-SNAPSHOT.jar:/home/runner/.m2/repository/org/apache/ratis/ratis-grpc/2.1.0-03f3b68-SNAPSHOT/ratis-grpc-2.1.0-03f3b68-SNAPSHOT.jar:/home/runner/.m2/repository/org/apache/logging/log4j/log4j-api/2.13.3/log4j-api-2.13.3.jar:/home/runner/.m2/repository/org/apache/logging/log4j/log4j-core/2.13.3/log4j-core-2.13.3.jar:/home/runner/.m2/repository/com/lmax/disruptor/3.4.2/disruptor-3.4.2.jar:/home/runner/.m2/repository/org/apache/commons/commons-pool2/2.6.0/commons-pool2-2.6.0.jar:/home/runner/.m2/repository/org/bouncycastle/bcpkix-jdk15on/1.67/bcpkix-jdk15on-1.67.jar:/home/runner/.m2/repository/commons-validator/commons-validator/1.6/commons-validator-1.6.jar:/home/runner/.m2/repository/commons-beanutils/commons-beanutils/1.9.4/commons-beanutils-1.9.4.jar:/home/runner/.m2/repository/commons-digester/commons-digester/1.8.1/commons-digester-1.8.1.jar:/home/runner/.m2/repository/commons-collections/commons-collections/3.2.2/commons-collections-3.2.2.jar:/home/runner/.m2/repository/io/jaegertracing/jaeger-client/1.6.0/jaeger-client-1.6.0.jar:/home/runner/.m2/repository/io/jaegertracing/jaeger-thrift/1.6.0/jaeger-thrift-1.6.0.jar:/home/runner/.m2/repository/org/apache/thrift/libthrift/0.14.1/libthrift-0.14.1.jar:/home/runner/.m2/repository/com/squareup/okhttp3/okhttp/4.9.0/okhttp-4.9.0.jar:/home/runner/.m2/repository/com/squareup/okio/okio/2.8.0/okio-2.8.0.jar:/home/runner/.m2/repository/io/jaegertracing/jaeger-core/1.6.0/jaeger-core-1.6.0.jar:/home/runner/.m2/repository/io/jaegertracing/jaeger-tracerresolver/1.6.0/jaeger-tracerresolver-1.6.0.jar:/home/runner/.m2/repository/io/opentracing/contrib/opentracing-tracerresolver/0.1.8/opentracing-tracerresolver-0.1.8.jar:/home/runner/.m2/repository/org/jetbrains/kotlin/kotlin-stdlib/1.4.31/kotlin-stdlib-1.4.31.jar:/home/runner/.m2/repository/org/jetbrains/kotlin/kotlin-stdlib-common/1.4.31/kotlin-stdlib-common-1.4.31.jar:/home/runner/.m2/repository/org/jetbrains/annotations/13.0/annotations-13.0.jar:/home/runner/.m2/repository/io/opentracing/opentracing-util/0.33.0/opentracing-util-0.33.0.jar:/home/runner/.m2/repository/io/opentracing/opentracing-api/0.33.0/opentracing-api-0.33.0.jar:/home/runner/.m2/repository/io/opentracing/opentracing-noop/0.33.0/opentracing-noop-0.33.0.jar:/home/runner/.m2/repository/org/yaml/snakeyaml/1.26/snakeyaml-1.26.jar:/home/runner/.m2/repository/org/apache/ozone/hdds-interface-admin/1.2.0-SNAPSHOT/hdds-interface-admin-1.2.0-SNAPSHOT.jar:/home/runner/.m2/repository/junit/junit/4.13.1/junit-4.13.1.jar:/home/runner/.m2/repository/org/hamcrest/hamcrest-core/1.3/hamcrest-core-1.3.jar:/home/runner/.m2/repository/org/junit/jupiter/junit-jupiter-api/5.7.0/junit-jupiter-api-5.7.0.jar:/home/runner/.m2/repository/org/apiguardian/apiguardian-api/1.1.0/apiguardian-api-1.1.0.jar:/home/runner/.m2/repository/org/opentest4j/opentest4j/1.2.0/opentest4j-1.2.0.jar:/home/runner/.m2/repository/org/junit/platform/junit-platform-commons/1.7.0/junit-platform-commons-1.7.0.jar:/home/runner/.m2/repository/org/junit/jupiter/junit-jupiter-engine/5.7.0/junit-jupiter-engine-5.7.0.jar:/home/runner/.m2/repository/org/junit/platform/junit-platform-engine/1.7.0/junit-platform-engine-1.7.0.jar:/home/runner/.m2/repository/org/junit/vintage/junit-vintage-engine/5.7.0/junit-vintage-engine-5.7.0.jar:/home/runner/.m2/repository/org/junit/platform/junit-platform-launcher/1.7.0/junit-platform-launcher-1.7.0.jar:/home/runner/.m2/repository/org/openjdk/jmh/jmh-core/1.19/jmh-core-1.19.jar:/home/runner/.m2/repository/net/sf/jopt-simple/jopt-simple/4.6/jopt-simple-4.6.jar:/home/runner/.m2/repository/org/apache/commons/commons-math3/3.1.1/commons-math3-3.1.1.jar:/home/runner/.m2/repository/org/openjdk/jmh/jmh-generator-annprocess/1.19/jmh-generator-annprocess-1.19.jar:/home/runner/.m2/repository/org/mockito/mockito-core/2.28.2/mockito-core-2.28.2.jar:/home/runner/.m2/repository/net/bytebuddy/byte-buddy/1.9.10/byte-buddy-1.9.10.jar:/home/runner/.m2/repository/net/bytebuddy/byte-buddy-agent/1.9.10/byte-buddy-agent-1.9.10.jar:/home/runner/.m2/repository/org/objenesis/objenesis/1.0/objenesis-1.0.jar:/home/runner/.m2/repository/org/apache/hadoop/hadoop-kms/3.3.1/hadoop-kms-3.3.1.jar:/home/runner/.m2/repository/org/apache/hadoop/hadoop-auth/3.3.1/hadoop-auth-3.3.1.jar:/home/runner/.m2/repository/com/nimbusds/nimbus-jose-jwt/7.9/nimbus-jose-jwt-7.9.jar:/home/runner/.m2/repository/com/github/stephenc/jcip/jcip-annotations/1.0-1/jcip-annotations-1.0-1.jar:/home/runner/.m2/repository/net/minidev/json-smart/2.3/json-smart-2.3.jar:/home/runner/.m2/repository/net/minidev/accessors-smart/1.2/accessors-smart-1.2.jar:/home/runner/.m2/repository/org/ow2/asm/asm/5.0.4/asm-5.0.4.jar:/home/runner/.m2/repository/org/apache/zookeeper/zookeeper/3.5.6/zookeeper-3.5.6.jar:/home/runner/.m2/repository/org/apache/zookeeper/zookeeper-jute/3.5.6/zookeeper-jute-3.5.6.jar:/home/runner/.m2/repository/org/apache/yetus/audience-annotations/0.5.0/audience-annotations-0.5.0.jar:/home/runner/.m2/repository/org/apache/curator/curator-framework/4.2.0/curator-framework-4.2.0.jar:/home/runner/.m2/repository/org/apache/hadoop/thirdparty/hadoop-shaded-guava/1.1.1/hadoop-shaded-guava-1.1.1.jar:/home/runner/.m2/repository/com/sun/jersey/jersey-core/1.19/jersey-core-1.19.jar:/home/runner/.m2/repository/javax/ws/rs/jsr311-api/1.1.1/jsr311-api-1.1.1.jar:/home/runner/.m2/repository/com/sun/jersey/jersey-server/1.19/jersey-server-1.19.jar:/home/runner/.m2/repository/javax/servlet/javax.servlet-api/3.1.0/javax.servlet-api-3.1.0.jar:/home/runner/.m2/repository/org/eclipse/jetty/jetty-server/9.4.43.v20210629/jetty-server-9.4.43.v20210629.jar:/home/runner/.m2/repository/org/eclipse/jetty/jetty-http/9.4.43.v20210629/jetty-http-9.4.43.v20210629.jar:/home/runner/.m2/repository/org/eclipse/jetty/jetty-io/9.4.43.v20210629/jetty-io-9.4.43.v20210629.jar:/home/runner/.m2/repository/org/eclipse/jetty/jetty-webapp/9.4.43.v20210629/jetty-webapp-9.4.43.v20210629.jar:/home/runner/.m2/repository/org/eclipse/jetty/jetty-xml/9.4.43.v20210629/jetty-xml-9.4.43.v20210629.jar:/home/runner/.m2/repository/org/apache/hadoop/hadoop-common/3.3.1/hadoop-common-3.3.1.jar:/home/runner/.m2/repository/commons-net/commons-net/3.6/commons-net-3.6.jar:/home/runner/.m2/repository/jakarta/activation/jakarta.activation-api/1.2.1/jakarta.activation-api-1.2.1.jar:/home/runner/.m2/repository/com/sun/jersey/jersey-servlet/1.19/jersey-servlet-1.19.jar:/home/runner/.m2/repository/com/sun/jersey/jersey-json/1.19/jersey-json-1.19.jar:/home/runner/.m2/repository/org/codehaus/jettison/jettison/1.1/jettison-1.1.jar:/home/runner/.m2/repository/com/sun/xml/bind/jaxb-impl/2.2.3-1/jaxb-impl-2.2.3-1.jar:/home/runner/.m2/repository/org/codehaus/jackson/jackson-jaxrs/1.9.2/jackson-jaxrs-1.9.2.jar:/home/runner/.m2/repository/org/codehaus/jackson/jackson-xc/1.9.2/jackson-xc-1.9.2.jar:/home/runner/.m2/repository/org/apache/commons/commons-configuration2/2.1.1/commons-configuration2-2.1.1.jar:/home/runner/.m2/repository/org/apache/commons/commons-text/1.4/commons-text-1.4.jar:/home/runner/.m2/repository/com/google/re2j/re2j/1.1/re2j-1.1.jar:/home/runner/.m2/repository/com/jcraft/jsch/0.1.54/jsch-0.1.54.jar:/home/runner/.m2/repository/org/apache/curator/curator-client/4.2.0/curator-client-4.2.0.jar:/home/runner/.m2/repository/org/apache/curator/curator-recipes/4.2.0/curator-recipes-4.2.0.jar:/home/runner/.m2/repository/org/apache/kerby/kerb-core/1.0.1/kerb-core-1.0.1.jar:/home/runner/.m2/repository/org/apache/kerby/kerby-pkix/1.0.1/kerby-pkix-1.0.1.jar:/home/runner/.m2/repository/org/apache/kerby/kerby-asn1/1.0.1/kerby-asn1-1.0.1.jar:/home/runner/.m2/repository/org/apache/kerby/kerby-util/1.0.1/kerby-util-1.0.1.jar:/home/runner/.m2/repository/dnsjava/dnsjava/2.1.7/dnsjava-2.1.7.jar:/home/runner/.m2/repository/org/xerial/snappy/snappy-java/1.1.8.2/snappy-java-1.1.8.2.jar:/home/runner/.m2/repository/org/slf4j/jul-to-slf4j/1.7.30/jul-to-slf4j-1.7.30.jar:/home/runner/.m2/repository/org/eclipse/jetty/jetty-util/9.4.43.v20210629/jetty-util-9.4.43.v20210629.jar:/home/runner/.m2/repository/com/fasterxml/jackson/core/jackson-databind/2.12.1/jackson-databind-2.12.1.jar:/home/runner/.m2/repository/org/apache/hadoop/hadoop-kms/3.3.1/hadoop-kms-3.3.1-tests.jar:/home/runner/.m2/repository/org/apache/ozone/hdds-server-scm/1.2.0-SNAPSHOT/hdds-server-scm-1.2.0-SNAPSHOT-tests.jar:/home/runner/.m2/repository/org/apache/ozone/hdds-container-service/1.2.0-SNAPSHOT/hdds-container-service-1.2.0-SNAPSHOT-tests.jar:/home/runner/.m2/repository/commons-codec/commons-codec/1.11/commons-codec-1.11.jar:/home/runner/.m2/repository/io/netty/netty-transport/4.1.63.Final/netty-transport-4.1.63.Final.jar:/home/runner/.m2/repository/io/netty/netty-resolver/4.1.63.Final/netty-resolver-4.1.63.Final.jar:/home/runner/.m2/repository/io/netty/netty-codec/4.1.63.Final/netty-codec-4.1.63.Final.jar:/home/runner/.m2/repository/io/netty/netty-handler/4.1.63.Final/netty-handler-4.1.63.Final.jar:/home/runner/.m2/repository/org/apache/ozone/hdds-hadoop-dependency-test/1.2.0-SNAPSHOT/hdds-hadoop-dependency-test-1.2.0-SNAPSHOT.jar:/home/runner/.m2/repository/org/apache/hadoop/hadoop-common/3.3.1/hadoop-common-3.3.1-tests.jar:/home/runner/.m2/repository/org/assertj/assertj-core/3.12.2/assertj-core-3.12.2.jar:/home/runner/.m2/repository/org/apache/hadoop/hadoop-hdfs/3.3.1/hadoop-hdfs-3.3.1-tests.jar:/home/runner/.m2/repository/org/eclipse/jetty/jetty-util-ajax/9.4.43.v20210629/jetty-util-ajax-9.4.43.v20210629.jar:/home/runner/.m2/repository/commons-daemon/commons-daemon/1.0.13/commons-daemon-1.0.13.jar:/home/runner/.m2/repository/io/netty/netty/3.10.6.Final/netty-3.10.6.Final.jar:/home/runner/.m2/repository/io/netty/netty-all/4.1.63.Final/netty-all-4.1.63.Final.jar:/home/runner/.m2/repository/org/apache/htrace/htrace-core4/4.1.0-incubating/htrace-core4-4.1.0-incubating.jar:/home/runner/.m2/repository/org/fusesource/leveldbjni/leveldbjni-all/1.8/leveldbjni-all-1.8.jar:/home/runner/.m2/repository/org/apache/hadoop/hadoop-distcp/3.3.1/hadoop-distcp-3.3.1.jar:/home/runner/.m2/repository/org/apache/hadoop/hadoop-mapreduce-client-jobclient/3.3.1/hadoop-mapreduce-client-jobclient-3.3.1.jar:/home/runner/.m2/repository/org/apache/hadoop/hadoop-mapreduce-client-common/3.3.1/hadoop-mapreduce-client-common-3.3.1.jar:/home/runner/.m2/repository/org/apache/hadoop/hadoop-yarn-common/3.3.1/hadoop-yarn-common-3.3.1.jar:/home/runner/.m2/repository/org/apache/hadoop/hadoop-yarn-api/3.3.1/hadoop-yarn-api-3.3.1.jar:/home/runner/.m2/repository/com/sun/jersey/jersey-client/1.19/jersey-client-1.19.jar:/home/runner/.m2/repository/com/sun/jersey/contribs/jersey-guice/1.19/jersey-guice-1.19.jar:/home/runner/.m2/repository/com/fasterxml/jackson/jaxrs/jackson-jaxrs-json-provider/2.12.1/jackson-jaxrs-json-provider-2.12.1.jar:/home/runner/.m2/repository/com/fasterxml/jackson/jaxrs/jackson-jaxrs-base/2.12.1/jackson-jaxrs-base-2.12.1.jar:/home/runner/.m2/repository/org/apache/hadoop/hadoop-yarn-client/3.3.1/hadoop-yarn-client-3.3.1.jar:/home/runner/.m2/repository/org/eclipse/jetty/websocket/websocket-client/9.4.40.v20210413/websocket-client-9.4.40.v20210413.jar:/home/runner/.m2/repository/org/eclipse/jetty/jetty-client/9.4.40.v20210413/jetty-client-9.4.40.v20210413.jar:/home/runner/.m2/repository/org/eclipse/jetty/websocket/websocket-common/9.4.40.v20210413/websocket-common-9.4.40.v20210413.jar:/home/runner/.m2/repository/org/eclipse/jetty/websocket/websocket-api/9.4.40.v20210413/websocket-api-9.4.40.v20210413.jar:/home/runner/.m2/repository/org/jline/jline/3.9.0/jline-3.9.0.jar:/home/runner/.m2/repository/org/apache/hadoop/hadoop-mapreduce-client-core/3.3.1/hadoop-mapreduce-client-core-3.3.1.jar:/home/runner/.m2/repository/org/apache/avro/avro/1.7.7/avro-1.7.7.jar:/home/runner/.m2/repository/org/codehaus/jackson/jackson-core-asl/1.9.13/jackson-core-asl-1.9.13.jar:/home/runner/.m2/repository/org/codehaus/jackson/jackson-mapper-asl/1.9.13/jackson-mapper-asl-1.9.13.jar:/home/runner/.m2/repository/com/thoughtworks/paranamer/paranamer/2.3/paranamer-2.3.jar:/home/runner/.m2/repository/org/apache/hadoop/hadoop-annotations/3.3.1/hadoop-annotations-3.3.1.jar:/usr/lib/jvm/adoptopenjdk-8-hotspot-amd64/jre/../lib/tools.jar:/home/runner/.m2/repository/org/apache/hadoop/hadoop-distcp/3.3.1/hadoop-distcp-3.3.1-tests.jar:"/>
    <property name="sun.cpu.endian" value="little"/>
    <property name="user.home" value="/home/runner"/>
    <property name="user.language" value="en"/>
    <property name="java.specification.vendor" value="Oracle Corporation"/>
    <property name="java.home" value="/usr/lib/jvm/adoptopenjdk-8-hotspot-amd64/jre"/>
    <property name="java.security.krb5.conf" value="/home/runner/work/ozone/ozone/hadoop-ozone/integration-test/target/test-classes/krb5.conf"/>
    <property name="basedir" value="/home/runner/work/ozone/ozone/hadoop-ozone/integration-test"/>
    <property name="file.separator" value="/"/>
    <property name="line.separator" value="&#10;"/>
    <property name="java.vm.specification.vendor" value="Oracle Corporation"/>
    <property name="java.specification.name" value="Java Platform API Specification"/>
    <property name="java.awt.graphicsenv" value="sun.awt.X11GraphicsEnvironment"/>
    <property name="skip.installnpx" value="true"/>
    <property name="surefire.real.class.path" value="/home/runner/work/ozone/ozone/hadoop-ozone/integration-test/target/surefire/surefirebooter1877870312474172223.jar:/home/runner/.m2/repository/org/jacoco/org.jacoco.agent/0.8.5/org.jacoco.agent-0.8.5-runtime.jar"/>
    <property name="hadoop.log.dir" value="/home/runner/work/ozone/ozone/hadoop-ozone/integration-test/target/log"/>
    <property name="sun.boot.class.path" value="/usr/lib/jvm/adoptopenjdk-8-hotspot-amd64/jre/lib/resources.jar:/usr/lib/jvm/adoptopenjdk-8-hotspot-amd64/jre/lib/rt.jar:/usr/lib/jvm/adoptopenjdk-8-hotspot-amd64/jre/lib/sunrsasign.jar:/usr/lib/jvm/adoptopenjdk-8-hotspot-amd64/jre/lib/jsse.jar:/usr/lib/jvm/adoptopenjdk-8-hotspot-amd64/jre/lib/jce.jar:/usr/lib/jvm/adoptopenjdk-8-hotspot-amd64/jre/lib/charsets.jar:/usr/lib/jvm/adoptopenjdk-8-hotspot-amd64/jre/lib/jfr.jar:/usr/lib/jvm/adoptopenjdk-8-hotspot-amd64/jre/classes"/>
    <property name="sun.management.compiler" value="HotSpot 64-Bit Tiered Compilers"/>
    <property name="skip.npx" value="true"/>
    <property name="java.runtime.version" value="1.8.0_292-b10"/>
    <property name="java.net.preferIPv4Stack" value="true"/>
    <property name="user.name" value="runner"/>
    <property name="path.separator" value=":"/>
    <property name="java.security.egd" value="file:///dev/urandom"/>
    <property name="os.version" value="5.4.0-1055-azure"/>
    <property name="java.endorsed.dirs" value="/usr/lib/jvm/adoptopenjdk-8-hotspot-amd64/jre/lib/endorsed"/>
    <property name="java.runtime.name" value="OpenJDK Runtime Environment"/>
    <property name="file.encoding" value="UTF-8"/>
    <property name="java.vm.name" value="OpenJDK 64-Bit Server VM"/>
    <property name="test.build.webapps" value=""/>
    <property name="localRepository" value="/home/runner/.m2/repository"/>
    <property name="java.vendor.url.bug" value="https://github.com/AdoptOpenJDK/openjdk-support/issues"/>
    <property name="java.io.tmpdir" value="/tmp"/>
    <property name="require.test.libhadoop" value=""/>
    <property name="java.version" value="1.8.0_292"/>
    <property name="user.dir" value="/home/runner/work/ozone/ozone/hadoop-ozone/integration-test"/>
    <property name="os.arch" value="amd64"/>
    <property name="java.vm.specification.name" value="Java Virtual Machine Specification"/>
    <property name="test.build.classes" value="/home/runner/work/ozone/ozone/hadoop-ozone/integration-test/target/test-classes"/>
    <property name="java.awt.printerjob" value="sun.print.PSPrinterJob"/>
    <property name="sun.os.patch.level" value="unknown"/>
    <property name="hadoop.tmp.dir" value="/home/runner/work/ozone/ozone/hadoop-ozone/integration-test/target/tmp"/>
    <property name="java.library.path" value="/usr/java/packages/lib/amd64:/usr/lib64:/lib64:/lib:/usr/lib"/>
    <property name="java.vm.info" value="mixed mode"/>
    <property name="java.vendor" value="AdoptOpenJDK"/>
    <property name="java.vm.version" value="25.292-b10"/>
    <property name="java.ext.dirs" value="/usr/lib/jvm/adoptopenjdk-8-hotspot-amd64/jre/lib/ext:/usr/java/packages/lib/ext"/>
    <property name="sun.io.unicode.encoding" value="UnicodeLittle"/>
    <property name="java.class.version" value="52.0"/>
  </properties>
  <testcase name="testBlockDeleteCommandParallelProcess" classname="org.apache.hadoop.ozone.container.common.statemachine.commandhandler.TestBlockDeletion" time="47.208"/>
  <testcase name="testContainerStatisticsAfterDelete" classname="org.apache.hadoop.ozone.container.common.statemachine.commandhandler.TestBlockDeletion" time="61.375">
    <failure message="expected:&lt;DELETED&gt; but was:&lt;DELETING&gt;" type="java.lang.AssertionError"><![CDATA[java.lang.AssertionError: expected:<DELETED> but was:<DELETING>
	at org.junit.Assert.fail(Assert.java:89)
	at org.junit.Assert.failNotEquals(Assert.java:835)
	at org.junit.Assert.assertEquals(Assert.java:120)
	at org.junit.Assert.assertEquals(Assert.java:146)
	at org.apache.hadoop.ozone.container.common.statemachine.commandhandler.TestBlockDeletion.lambda$testContainerStatisticsAfterDelete$13(TestBlockDeletion.java:374)
	at java.util.ArrayList$ArrayListSpliterator.forEachRemaining(ArrayList.java:1384)
	at java.util.stream.ReferencePipeline$Head.forEach(ReferencePipeline.java:647)
	at org.apache.hadoop.ozone.container.common.statemachine.commandhandler.TestBlockDeletion.testContainerStatisticsAfterDelete(TestBlockDeletion.java:373)
	at sun.reflect.NativeMethodAccessorImpl.invoke0(Native Method)
	at sun.reflect.NativeMethodAccessorImpl.invoke(NativeMethodAccessorImpl.java:62)
	at sun.reflect.DelegatingMethodAccessorImpl.invoke(DelegatingMethodAccessorImpl.java:43)
	at java.lang.reflect.Method.invoke(Method.java:498)
	at org.junit.runners.model.FrameworkMethod$1.runReflectiveCall(FrameworkMethod.java:59)
	at org.junit.internal.runners.model.ReflectiveCallable.run(ReflectiveCallable.java:12)
	at org.junit.runners.model.FrameworkMethod.invokeExplosively(FrameworkMethod.java:56)
	at org.junit.internal.runners.statements.InvokeMethod.evaluate(InvokeMethod.java:17)
	at org.junit.internal.runners.statements.RunBefores.evaluate(RunBefores.java:26)
	at org.junit.internal.runners.statements.RunAfters.evaluate(RunAfters.java:27)
	at org.junit.runners.ParentRunner$3.evaluate(ParentRunner.java:306)
	at org.junit.runners.BlockJUnit4ClassRunner$1.evaluate(BlockJUnit4ClassRunner.java:100)
	at org.junit.runners.ParentRunner.runLeaf(ParentRunner.java:366)
	at org.junit.runners.BlockJUnit4ClassRunner.runChild(BlockJUnit4ClassRunner.java:103)
	at org.junit.runners.BlockJUnit4ClassRunner.runChild(BlockJUnit4ClassRunner.java:63)
	at org.junit.runners.ParentRunner$4.run(ParentRunner.java:331)
	at org.junit.runners.ParentRunner$1.schedule(ParentRunner.java:79)
	at org.junit.runners.ParentRunner.runChildren(ParentRunner.java:329)
	at org.junit.runners.ParentRunner.access$100(ParentRunner.java:66)
	at org.junit.runners.ParentRunner$2.evaluate(ParentRunner.java:293)
	at org.junit.runners.ParentRunner$3.evaluate(ParentRunner.java:306)
	at org.junit.runners.ParentRunner.run(ParentRunner.java:413)
	at org.junit.runner.JUnitCore.run(JUnitCore.java:137)
	at org.junit.runner.JUnitCore.run(JUnitCore.java:115)
	at org.junit.vintage.engine.execution.RunnerExecutor.execute(RunnerExecutor.java:43)
	at java.util.stream.ForEachOps$ForEachOp$OfRef.accept(ForEachOps.java:183)
	at java.util.stream.ReferencePipeline$3$1.accept(ReferencePipeline.java:193)
	at java.util.Iterator.forEachRemaining(Iterator.java:116)
	at java.util.Spliterators$IteratorSpliterator.forEachRemaining(Spliterators.java:1801)
	at java.util.stream.AbstractPipeline.copyInto(AbstractPipeline.java:482)
	at java.util.stream.AbstractPipeline.wrapAndCopyInto(AbstractPipeline.java:472)
	at java.util.stream.ForEachOps$ForEachOp.evaluateSequential(ForEachOps.java:150)
	at java.util.stream.ForEachOps$ForEachOp$OfRef.evaluateSequential(ForEachOps.java:173)
	at java.util.stream.AbstractPipeline.evaluate(AbstractPipeline.java:234)
	at java.util.stream.ReferencePipeline.forEach(ReferencePipeline.java:485)
	at org.junit.vintage.engine.VintageTestEngine.executeAllChildren(VintageTestEngine.java:82)
	at org.junit.vintage.engine.VintageTestEngine.execute(VintageTestEngine.java:73)
	at org.junit.platform.launcher.core.EngineExecutionOrchestrator.execute(EngineExecutionOrchestrator.java:108)
	at org.junit.platform.launcher.core.EngineExecutionOrchestrator.execute(EngineExecutionOrchestrator.java:88)
	at org.junit.platform.launcher.core.EngineExecutionOrchestrator.lambda$execute$0(EngineExecutionOrchestrator.java:54)
	at org.junit.platform.launcher.core.EngineExecutionOrchestrator.withInterceptedStreams(EngineExecutionOrchestrator.java:67)
	at org.junit.platform.launcher.core.EngineExecutionOrchestrator.execute(EngineExecutionOrchestrator.java:52)
	at org.junit.platform.launcher.core.DefaultLauncher.execute(DefaultLauncher.java:96)
	at org.junit.platform.launcher.core.DefaultLauncher.execute(DefaultLauncher.java:75)
	at org.apache.maven.surefire.junitplatform.JUnitPlatformProvider.invokeAllTests(JUnitPlatformProvider.java:142)
	at org.apache.maven.surefire.junitplatform.JUnitPlatformProvider.invoke(JUnitPlatformProvider.java:113)
	at org.apache.maven.surefire.booter.ForkedBooter.invokeProviderInSameClassLoader(ForkedBooter.java:384)
	at org.apache.maven.surefire.booter.ForkedBooter.runSuitesInProcess(ForkedBooter.java:345)
	at org.apache.maven.surefire.booter.ForkedBooter.execute(ForkedBooter.java:126)
	at org.apache.maven.surefire.booter.ForkedBooter.main(ForkedBooter.java:418)
]]></failure>
    <system-out><![CDATA[2021-08-11 23:24:16,582 [Listener at 127.0.0.1/37327] WARN  server.ServerUtils (ServerUtils.java:getScmDbDir(148)) - ozone.scm.db.dirs is not configured. We recommend adding this setting. Falling back to ozone.metadata.dirs instead.
2021-08-11 23:24:16,587 [Listener at 127.0.0.1/37327] INFO  ha.SCMHANodeDetails (SCMHANodeDetails.java:loadSCMHAConfig(157)) - ServiceID for StorageContainerManager is null
2021-08-11 23:24:16,587 [Listener at 127.0.0.1/37327] INFO  ha.SCMHANodeDetails (SCMHANodeDetails.java:loadSCMHAConfig(162)) - ozone.scm.default.service.id is not defined, falling back to ozone.scm.service.ids to find serviceID for StorageContainerManager if it is HA enabled cluster
2021-08-11 23:24:16,591 [Listener at 127.0.0.1/37327] WARN  server.ServerUtils (ServerUtils.java:getScmDbDir(148)) - ozone.scm.db.dirs is not configured. We recommend adding this setting. Falling back to ozone.metadata.dirs instead.
2021-08-11 23:24:16,592 [Listener at 127.0.0.1/37327] INFO  upgrade.AbstractLayoutVersionManager (AbstractLayoutVersionManager.java:init(70)) - Initializing Layout version manager with metadata layout = SCM_HA (version = 2), software layout = SCM_HA (version = 2)
2021-08-11 23:24:16,653 [Listener at 127.0.0.1/37327] INFO  reflections.Reflections (Reflections.java:scan(232)) - Reflections took 59 ms to scan 7 urls, producing 120 keys and 275 values 
2021-08-11 23:24:16,666 [Listener at 127.0.0.1/37327] WARN  utils.HAUtils (HAUtils.java:getMetaDir(342)) - ozone.scm.db.dirs is not configured. We recommend adding this setting. Falling back to ozone.metadata.dirs instead.
2021-08-11 23:24:16,669 [Listener at 127.0.0.1/37327] WARN  db.DBStoreBuilder (DBStoreBuilder.java:applyDBDefinition(145)) - ozone.scm.db.dirs is not configured. We recommend adding this setting. Falling back to ozone.metadata.dirs instead.
2021-08-11 23:24:16,750 [Listener at 127.0.0.1/37327] INFO  net.NodeSchemaLoader (NodeSchemaLoader.java:loadSchemaFromFile(129)) - Loading schema from [jar:file:/home/runner/.m2/repository/org/apache/ozone/hdds-common/1.2.0-SNAPSHOT/hdds-common-1.2.0-SNAPSHOT.jar!/network-topology-default.xml]
2021-08-11 23:24:16,750 [Listener at 127.0.0.1/37327] INFO  net.NodeSchemaLoader (NodeSchemaLoader.java:loadSchema(176)) - Loading network topology layer schema file
2021-08-11 23:24:16,754 [Listener at 127.0.0.1/37327] INFO  ha.SequenceIdGenerator (SequenceIdGenerator.java:upgradeToSequenceId(327)) - upgrade localId to 107544261427200000
2021-08-11 23:24:16,758 [Listener at 127.0.0.1/37327] INFO  ha.SequenceIdGenerator (SequenceIdGenerator.java:upgradeToSequenceId(337)) - upgrade delTxnId to 0
2021-08-11 23:24:16,759 [Listener at 127.0.0.1/37327] INFO  ha.SequenceIdGenerator (SequenceIdGenerator.java:upgradeToSequenceId(351)) - upgrade containerId to 0
2021-08-11 23:24:16,759 [Listener at 127.0.0.1/37327] INFO  ha.SequenceIdGenerator (SequenceIdGenerator.java:<init>(217)) - Init the HA SequenceIdGenerator.
2021-08-11 23:24:16,768 [Listener at 127.0.0.1/37327] INFO  node.SCMNodeManager (SCMNodeManager.java:<init>(145)) - Entering startup safe mode.
2021-08-11 23:24:16,769 [Listener at 127.0.0.1/37327] INFO  algorithms.ContainerPlacementPolicyFactory (ContainerPlacementPolicyFactory.java:getPolicy(60)) - Create container placement policy of type org.apache.hadoop.hdds.scm.container.placement.algorithms.SCMContainerPlacementRandom
2021-08-11 23:24:16,769 [Listener at 127.0.0.1/37327] INFO  pipeline.PipelineStateManager (PipelineStateManagerV2Impl.java:initialize(78)) - No pipeline exists in current db
2021-08-11 23:24:16,769 [Listener at 127.0.0.1/37327] INFO  algorithms.LeaderChoosePolicyFactory (LeaderChoosePolicyFactory.java:getPolicy(57)) - Create leader choose policy of type org.apache.hadoop.hdds.scm.pipeline.leader.choose.algorithms.MinLeaderCountChoosePolicy
2021-08-11 23:24:16,769 [Listener at 127.0.0.1/37327] INFO  ha.SCMServiceManager (SCMServiceManager.java:register(43)) - Registering service BackgroundPipelineCreator.
2021-08-11 23:24:16,769 [Listener at 127.0.0.1/37327] INFO  pipeline.BackgroundPipelineCreator (BackgroundPipelineCreatorV2.java:start(130)) - Starting RatisPipelineUtilsThread.
2021-08-11 23:24:16,771 [Listener at 127.0.0.1/37327] INFO  algorithms.PipelineChoosePolicyFactory (PipelineChoosePolicyFactory.java:createPipelineChoosePolicyFromClass(73)) - Create pipeline choose policy of type org.apache.hadoop.hdds.scm.pipeline.choose.algorithms.RandomPipelineChoosePolicy
2021-08-11 23:24:16,771 [Listener at 127.0.0.1/37327] INFO  ha.SCMServiceManager (SCMServiceManager.java:register(43)) - Registering service SCMBlockDeletingService.
2021-08-11 23:24:16,771 [Listener at 127.0.0.1/37327] INFO  ha.SCMServiceManager (SCMServiceManager.java:register(43)) - Registering service ReplicationManager.
2021-08-11 23:24:16,771 [Listener at 127.0.0.1/37327] INFO  container.ReplicationManager (ReplicationManager.java:start(286)) - Starting Replication Monitor Thread.
2021-08-11 23:24:16,784 [Listener at 127.0.0.1/37327] INFO  safemode.ContainerSafeModeRule (ContainerSafeModeRule.java:<init>(89)) - containers with one replica threshold count 0
2021-08-11 23:24:16,785 [Listener at 127.0.0.1/37327] INFO  safemode.HealthyPipelineSafeModeRule (HealthyPipelineSafeModeRule.java:initializeRule(156)) - Total pipeline count is 0, healthy pipeline threshold count is 1
2021-08-11 23:24:16,785 [Listener at 127.0.0.1/37327] INFO  safemode.OneReplicaPipelineSafeModeRule (OneReplicaPipelineSafeModeRule.java:initializeRule(180)) - Total pipeline count is 0, pipeline's with at least one datanode reported threshold count is 0
2021-08-11 23:24:16,785 [Listener at 127.0.0.1/37327] INFO  ipc.CallQueueManager (CallQueueManager.java:<init>(90)) - Using callQueue: class java.util.concurrent.LinkedBlockingQueue, queueCapacity: 2000, scheduler: class org.apache.hadoop.ipc.DefaultRpcScheduler, ipcBackoff: false.
2021-08-11 23:24:16,786 [Socket Reader #1 for port 0] INFO  ipc.Server (Server.java:run(1265)) - Starting Socket Reader #1 for port 0
2021-08-11 23:24:16,787 [Listener at 0.0.0.0/46673] INFO  ipc.CallQueueManager (CallQueueManager.java:<init>(90)) - Using callQueue: class java.util.concurrent.LinkedBlockingQueue, queueCapacity: 2000, scheduler: class org.apache.hadoop.ipc.DefaultRpcScheduler, ipcBackoff: false.
2021-08-11 23:24:16,787 [Socket Reader #1 for port 0] INFO  ipc.Server (Server.java:run(1265)) - Starting Socket Reader #1 for port 0
2021-08-11 23:24:16,788 [Listener at 0.0.0.0/40893] INFO  ipc.CallQueueManager (CallQueueManager.java:<init>(90)) - Using callQueue: class java.util.concurrent.LinkedBlockingQueue, queueCapacity: 2000, scheduler: class org.apache.hadoop.ipc.DefaultRpcScheduler, ipcBackoff: false.
2021-08-11 23:24:16,788 [Socket Reader #1 for port 0] INFO  ipc.Server (Server.java:run(1265)) - Starting Socket Reader #1 for port 0
2021-08-11 23:24:16,801 [ReplicationMonitor] INFO  container.ReplicationManager (ReplicationManager.java:processAll(341)) - Replication Monitor Thread took 0 milliseconds for processing 0 containers.
2021-08-11 23:24:16,821 [Listener at 0.0.0.0/33507] INFO  algorithms.ContainerPlacementPolicyFactory (ContainerPlacementPolicyFactory.java:getPolicy(60)) - Create container placement policy of type org.apache.hadoop.hdds.scm.container.placement.algorithms.SCMContainerPlacementRandom
2021-08-11 23:24:16,826 [Listener at 0.0.0.0/33507] INFO  server.StorageContainerManager (StorageContainerManager.java:<init>(383)) - 
Container Balancer status:
Key                            Value
Running                        false
Container Balancer Configuration values:
Key                                                Value
Threshold                                          0.1
Max Datanodes to Involve per Iteration(ratio)      0.5
Max Size to Move per Iteration                     10737418240B

2021-08-11 23:24:16,826 [Listener at 0.0.0.0/33507] WARN  events.EventQueue (EventQueue.java:fireEvent(194)) - No event handler registered for event TypedEvent{payloadType=SafeModeStatus, name='Safe mode status'}
2021-08-11 23:24:16,827 [Listener at 0.0.0.0/33507] INFO  ha.SCMContext (SCMContext.java:updateSafeModeStatus(205)) - Update SafeModeStatus from SafeModeStatus{safeModeStatus=true, preCheckPassed=false} to SafeModeStatus{safeModeStatus=true, preCheckPassed=false}.
2021-08-11 23:24:16,827 [Listener at 0.0.0.0/33507] INFO  server.StorageContainerManager (StorageContainerManager.java:start(1249)) - StorageContainerLocationProtocol RPC server is listening at /0.0.0.0:33507
2021-08-11 23:24:16,830 [Listener at 0.0.0.0/33507] WARN  impl.MetricsConfig (MetricsConfig.java:loadFirst(136)) - Cannot locate configuration: tried hadoop-metrics2-storagecontainermanager.properties,hadoop-metrics2.properties
2021-08-11 23:24:16,833 [Listener at 0.0.0.0/33507] INFO  impl.MetricsSystemImpl (MetricsSystemImpl.java:startTimer(378)) - Scheduled Metric snapshot period at 10 second(s).
2021-08-11 23:24:16,833 [Listener at 0.0.0.0/33507] INFO  impl.MetricsSystemImpl (MetricsSystemImpl.java:start(191)) - StorageContainerManager metrics system started
2021-08-11 23:24:16,845 [Listener at 0.0.0.0/33507] INFO  impl.MetricsSinkAdapter (MetricsSinkAdapter.java:start(204)) - Sink prometheus started
2021-08-11 23:24:16,845 [Listener at 0.0.0.0/33507] INFO  impl.MetricsSystemImpl (MetricsSystemImpl.java:registerSink(305)) - Registered sink prometheus
2021-08-11 23:24:16,876 [Listener at 0.0.0.0/33507] INFO  server.SCMClientProtocolServer (SCMClientProtocolServer.java:start(164)) - RPC server for Client  is listening at /0.0.0.0:33507
2021-08-11 23:24:16,877 [IPC Server Responder] INFO  ipc.Server (Server.java:run(1507)) - IPC Server Responder: starting
2021-08-11 23:24:16,883 [IPC Server listener on 0] INFO  ipc.Server (Server.java:run(1344)) - IPC Server listener on 0: starting
2021-08-11 23:24:16,886 [Listener at 0.0.0.0/33507] INFO  server.StorageContainerManager (StorageContainerManager.java:start(1264)) - ScmBlockLocationProtocol RPC server is listening at /0.0.0.0:40893
2021-08-11 23:24:16,886 [Listener at 0.0.0.0/33507] INFO  server.SCMBlockProtocolServer (SCMBlockProtocolServer.java:start(151)) - RPC server for Block Protocol is listening at /0.0.0.0:40893
2021-08-11 23:24:16,896 [IPC Server Responder] INFO  ipc.Server (Server.java:run(1507)) - IPC Server Responder: starting
2021-08-11 23:24:16,898 [IPC Server listener on 0] INFO  ipc.Server (Server.java:run(1344)) - IPC Server listener on 0: starting
2021-08-11 23:24:16,922 [Listener at 0.0.0.0/33507] INFO  server.StorageContainerManager (StorageContainerManager.java:start(1270)) - ScmDatanodeProtocl RPC server is listening at /0.0.0.0:46673
2021-08-11 23:24:16,922 [Listener at 0.0.0.0/33507] INFO  server.SCMDatanodeProtocolServer (SCMDatanodeProtocolServer.java:start(181)) - RPC server for DataNodes is listening at /0.0.0.0:46673
2021-08-11 23:24:16,923 [IPC Server Responder] INFO  ipc.Server (Server.java:run(1507)) - IPC Server Responder: starting
2021-08-11 23:24:16,924 [IPC Server listener on 0] INFO  ipc.Server (Server.java:run(1344)) - IPC Server listener on 0: starting
2021-08-11 23:24:16,946 [Listener at 0.0.0.0/33507] INFO  http.BaseHttpServer (BaseHttpServer.java:newHttpServer2BuilderForOzone(209)) - Starting Web-server for scm at: http://0.0.0.0:0
2021-08-11 23:24:16,946 [Listener at 0.0.0.0/33507] INFO  http.BaseHttpServer (BaseHttpServer.java:<init>(107)) - Hadoop Security Enabled: false Ozone Security Enabled: false Ozone HTTP Security Enabled: false 
2021-08-11 23:24:16,948 [Listener at 0.0.0.0/33507] INFO  server.AuthenticationFilter (AuthenticationFilter.java:constructSecretProvider(240)) - Unable to initialize FileSignerSecretProvider, falling back to use random secrets.
2021-08-11 23:24:16,950 [org.apache.hadoop.util.JvmPauseMonitor$Monitor@6360a442] INFO  util.JvmPauseMonitor (JvmPauseMonitor.java:run(188)) - Starting JVM pause monitor
2021-08-11 23:24:16,951 [Listener at 0.0.0.0/33507] WARN  http.HttpRequestLog (HttpRequestLog.java:getRequestLog(103)) - Jetty request log can only be enabled using Log4j
2021-08-11 23:24:16,951 [Listener at 0.0.0.0/33507] INFO  http.HttpServer2 (HttpServer2.java:addGlobalFilter(1020)) - Added global filter 'safety' (class=org.apache.hadoop.hdds.server.http.HttpServer2$QuotingInputFilter)
2021-08-11 23:24:16,952 [Listener at 0.0.0.0/33507] INFO  http.HttpServer2 (HttpServer2.java:addFilter(996)) - Added filter static_user_filter (class=org.apache.hadoop.http.lib.StaticUserWebFilter$StaticUserFilter) to context scm
2021-08-11 23:24:16,952 [Listener at 0.0.0.0/33507] INFO  http.HttpServer2 (HttpServer2.java:addFilter(1004)) - Added filter static_user_filter (class=org.apache.hadoop.http.lib.StaticUserWebFilter$StaticUserFilter) to context logs
2021-08-11 23:24:16,953 [Listener at 0.0.0.0/33507] INFO  http.HttpServer2 (HttpServer2.java:addFilter(1004)) - Added filter static_user_filter (class=org.apache.hadoop.http.lib.StaticUserWebFilter$StaticUserFilter) to context static
2021-08-11 23:24:16,953 [Listener at 0.0.0.0/33507] INFO  http.HttpServer2 (HttpServer2.java:bindListener(1239)) - Jetty bound to port 38091
2021-08-11 23:24:16,953 [Listener at 0.0.0.0/33507] INFO  server.Server (Server.java:doStart(375)) - jetty-9.4.43.v20210629; built: 2021-06-30T11:07:22.254Z; git: 526006ecfa3af7f1a27ef3a288e2bef7ea9dd7e8; jvm 1.8.0_292-b10
2021-08-11 23:24:16,956 [Listener at 0.0.0.0/33507] INFO  server.session (DefaultSessionIdManager.java:doStart(334)) - DefaultSessionIdManager workerName=node0
2021-08-11 23:24:16,956 [Listener at 0.0.0.0/33507] INFO  server.session (DefaultSessionIdManager.java:doStart(339)) - No SessionScavenger set, using defaults
2021-08-11 23:24:16,956 [Listener at 0.0.0.0/33507] INFO  server.session (HouseKeeper.java:startScavenging(132)) - node0 Scavenging every 660000ms
2021-08-11 23:24:16,959 [Listener at 0.0.0.0/33507] INFO  handler.ContextHandler (ContextHandler.java:doStart(915)) - Started o.e.j.s.ServletContextHandler@5ee1a359{logs,/logs,file:///home/runner/work/ozone/ozone/hadoop-ozone/integration-test/target/log,AVAILABLE}
2021-08-11 23:24:16,960 [Listener at 0.0.0.0/33507] INFO  handler.ContextHandler (ContextHandler.java:doStart(915)) - Started o.e.j.s.ServletContextHandler@639a1191{static,/static,file:///home/runner/work/ozone/ozone/hadoop-ozone/integration-test/target/test-classes/webapps/static,AVAILABLE}
2021-08-11 23:24:16,965 [Listener at 0.0.0.0/33507] INFO  handler.ContextHandler (ContextHandler.java:doStart(915)) - Started o.e.j.w.WebAppContext@5ea231be{scm,/,file:///home/runner/work/ozone/ozone/hadoop-ozone/integration-test/target/test-classes/webapps/scm/,AVAILABLE}{file:/home/runner/work/ozone/ozone/hadoop-ozone/integration-test/target/test-classes/webapps/scm}
2021-08-11 23:24:16,972 [Listener at 0.0.0.0/33507] INFO  server.AbstractConnector (AbstractConnector.java:doStart(331)) - Started ServerConnector@1dba2100{HTTP/1.1, (http/1.1)}{0.0.0.0:38091}
2021-08-11 23:24:16,972 [Listener at 0.0.0.0/33507] INFO  server.Server (Server.java:doStart(415)) - Started @48524ms
2021-08-11 23:24:16,972 [Listener at 0.0.0.0/33507] WARN  impl.MetricsSystemImpl (MetricsSystemImpl.java:register(279)) - Sink prometheus already exists!
2021-08-11 23:24:16,972 [Listener at 0.0.0.0/33507] INFO  http.BaseHttpServer (BaseHttpServer.java:updateConnectorAddress(329)) - HTTP server of scm listening at http://0.0.0.0:38091
2021-08-11 23:24:16,972 [Listener at 0.0.0.0/33507] WARN  server.ServerUtils (ServerUtils.java:getDBPath(225)) - ozone.om.db.dirs is not configured. We recommend adding this setting. Falling back to ozone.metadata.dirs instead.
2021-08-11 23:24:16,974 [Listener at 0.0.0.0/33507] INFO  ha.OMHANodeDetails (OMHANodeDetails.java:loadOMHAConfig(112)) - ozone.om.internal.service.id is not defined, falling back to ozone.om.service.ids to find serviceID for OzoneManager if it is HA enabled cluster
2021-08-11 23:24:16,974 [Listener at 0.0.0.0/33507] INFO  ha.OMHANodeDetails (OMHANodeDetails.java:loadOMHAConfig(219)) - Configuration does not have ozone.om.address set. Falling back to the default OM address /127.0.0.1:0
2021-08-11 23:24:16,974 [Listener at 0.0.0.0/33507] INFO  ha.OMHANodeDetails (OMHANodeDetails.java:getOMNodeDetails(247)) - OM Service ID is not set. Setting it to the default ID: omServiceIdDefault
2021-08-11 23:24:16,974 [Listener at 0.0.0.0/33507] INFO  ha.OMHANodeDetails (OMHANodeDetails.java:getOMNodeDetails(254)) - OM Node ID is not set. Setting it to the default ID: om1
2021-08-11 23:24:16,974 [Listener at 0.0.0.0/33507] WARN  server.ServerUtils (ServerUtils.java:getDBPath(225)) - ozone.om.db.dirs is not configured. We recommend adding this setting. Falling back to ozone.metadata.dirs instead.
2021-08-11 23:24:16,975 [Listener at 0.0.0.0/33507] INFO  upgrade.AbstractLayoutVersionManager (AbstractLayoutVersionManager.java:init(70)) - Initializing Layout version manager with metadata layout = INITIAL_VERSION (version = 0), software layout = INITIAL_VERSION (version = 0)
2021-08-11 23:24:17,037 [Listener at 0.0.0.0/33507] INFO  reflections.Reflections (Reflections.java:scan(232)) - Reflections took 62 ms to scan 2 urls, producing 131 keys and 342 values [using 2 cores]
2021-08-11 23:24:17,037 [Listener at 0.0.0.0/33507] INFO  upgrade.OMLayoutVersionManager (OMLayoutVersionManager.java:lambda$0(116)) - Skipping Upgrade Action MockOmUpgradeAction since it has been finalized.
2021-08-11 23:24:17,037 [Listener at 0.0.0.0/33507] WARN  server.ServerUtils (ServerUtils.java:getDBPath(225)) - ozone.om.db.dirs is not configured. We recommend adding this setting. Falling back to ozone.metadata.dirs instead.
2021-08-11 23:24:17,055 [Listener at 0.0.0.0/33507] WARN  server.ServerUtils (ServerUtils.java:getDBPath(225)) - ozone.om.db.dirs is not configured. We recommend adding this setting. Falling back to ozone.metadata.dirs instead.
2021-08-11 23:24:17,056 [Listener at 0.0.0.0/33507] INFO  codec.OmKeyInfoCodec (OmKeyInfoCodec.java:<init>(51)) - OmKeyInfoCodec ignorePipeline = true
2021-08-11 23:24:17,056 [Listener at 0.0.0.0/33507] INFO  codec.RepeatedOmKeyInfoCodec (RepeatedOmKeyInfoCodec.java:<init>(42)) - RepeatedOmKeyInfoCodec ignorePipeline = true
2021-08-11 23:24:17,257 [Listener at 0.0.0.0/33507] INFO  om.OzoneManager (OzoneManager.java:addS3GVolumeToDB(4115)) - Created Volume s3v With Owner runner required for S3Gateway operations.
2021-08-11 23:24:17,257 [Listener at 0.0.0.0/33507] WARN  server.ServerUtils (ServerUtils.java:getDefaultRatisDirectory(237)) - Storage directory for Ratis is not configured. It is a good idea to map this to an SSD disk. Falling back to ozone.metadata.dirs
2021-08-11 23:24:17,261 [Listener at 0.0.0.0/33507] WARN  utils.OzoneManagerRatisUtils (OzoneManagerRatisUtils.java:getOMRatisSnapshotDirectory(391)) - ozone.om.ratis.snapshot.dir is not configured. Falling back to ozone.metadata.dirs config
2021-08-11 23:24:17,263 [Listener at 0.0.0.0/33507] WARN  impl.MetricRegistriesImpl (MetricRegistriesImpl.java:addReporterRegistration(111)) - New reporters are added after registries were created. Some metrics will be missing from the reporter. Please add reporter before adding any new registry.
2021-08-11 23:24:17,263 [Listener at 0.0.0.0/33507] WARN  impl.MetricRegistriesImpl (MetricRegistriesImpl.java:addReporterRegistration(111)) - New reporters are added after registries were created. Some metrics will be missing from the reporter. Please add reporter before adding any new registry.
2021-08-11 23:24:17,264 [Listener at 0.0.0.0/33507] WARN  server.ServerUtils (ServerUtils.java:getDefaultRatisDirectory(237)) - Storage directory for Ratis is not configured. It is a good idea to map this to an SSD disk. Falling back to ozone.metadata.dirs
2021-08-11 23:24:17,265 [Listener at 0.0.0.0/33507] INFO  ratis.OzoneManagerRatisServer (OzoneManagerRatisServer.java:<init>(158)) - Instantiating OM Ratis server with groupID: omServiceIdDefault and peers: localhost:9872
2021-08-11 23:24:17,266 [Listener at 0.0.0.0/33507] INFO  ratis.OzoneManagerStateMachine (OzoneManagerStateMachine.java:loadSnapshotInfoFromDB(605)) - LastAppliedIndex is set from TransactionInfo from OM DB as (t:0, i:~)
2021-08-11 23:24:17,267 [Listener at 0.0.0.0/33507] INFO  server.RaftServer (ConfUtils.java:logGet(44)) - raft.rpc.type = GRPC (default)
2021-08-11 23:24:17,268 [Listener at 0.0.0.0/33507] INFO  grpc.GrpcFactory (GrpcFactory.java:checkPooledByteBufAllocatorUseCacheForAllThreads(48)) - PERFORMANCE WARNING: useCacheForAllThreads is true that may cause Netty to create a lot garbage objects and, as a result, trigger GC.
	It is recommended to disable useCacheForAllThreads by setting -Dorg.apache.ratis.thirdparty.io.netty.allocator.useCacheForAllThreads=false in command line.
2021-08-11 23:24:17,268 [Listener at 0.0.0.0/33507] INFO  grpc.GrpcConfigKeys (ConfUtils.java:logGet(44)) - raft.grpc.admin.port = -1 (default)
2021-08-11 23:24:17,272 [Listener at 0.0.0.0/33507] INFO  grpc.GrpcConfigKeys (ConfUtils.java:logGet(44)) - raft.grpc.server.port = 9872 (custom)
2021-08-11 23:24:17,272 [Listener at 0.0.0.0/33507] INFO  grpc.GrpcConfigKeys (ConfUtils.java:logGet(44)) - raft.grpc.client.port = -1 (default)
2021-08-11 23:24:17,272 [Listener at 0.0.0.0/33507] INFO  grpc.GrpcConfigKeys (ConfUtils.java:logGet(44)) - raft.grpc.server.port = 9872 (custom)
2021-08-11 23:24:17,272 [Listener at 0.0.0.0/33507] INFO  grpc.GrpcConfigKeys (ConfUtils.java:logGet(44)) - raft.grpc.server.port = 9872 (custom)
2021-08-11 23:24:17,272 [Listener at 0.0.0.0/33507] INFO  server.GrpcService (ConfUtils.java:logGet(44)) - raft.grpc.message.size.max = 33554432 (custom)
2021-08-11 23:24:17,273 [Listener at 0.0.0.0/33507] INFO  server.RaftServerConfigKeys (ConfUtils.java:logGet(44)) - raft.server.log.appender.buffer.byte-limit = 33554432 (custom)
2021-08-11 23:24:17,273 [Listener at 0.0.0.0/33507] INFO  server.GrpcService (ConfUtils.java:logGet(44)) - raft.grpc.flow.control.window = 1MB (=1048576) (default)
2021-08-11 23:24:17,273 [Listener at 0.0.0.0/33507] INFO  server.RaftServerConfigKeys (ConfUtils.java:logGet(44)) - raft.server.rpc.request.timeout = 3000ms (default)
2021-08-11 23:24:17,274 [Listener at 0.0.0.0/33507] INFO  impl.DataStreamServerImpl (ConfUtils.java:logGet(44)) - raft.datastream.type = DISABLED (default)
2021-08-11 23:24:17,276 [Listener at 0.0.0.0/33507] INFO  server.RaftServerConfigKeys (ConfUtils.java:logGet(44)) - raft.server.rpc.slowness.timeout = 120s (custom)
2021-08-11 23:24:17,276 [Listener at 0.0.0.0/33507] INFO  server.RaftServerConfigKeys (ConfUtils.java:logGet(44)) - raft.server.leaderelection.leader.step-down.wait-time = 10s (default)
2021-08-11 23:24:17,276 [Listener at 0.0.0.0/33507] INFO  server.RaftServerConfigKeys (ConfUtils.java:logGet(44)) - raft.server.storage.dir = [/home/runner/work/ozone/ozone/hadoop-ozone/integration-test/target/test-dir/MiniOzoneClusterImpl-4315cdcd-d3fc-449b-ab87-b0d46a3c32e7/ozone-meta/ratis] (custom)
2021-08-11 23:24:17,283 [Listener at 0.0.0.0/33507] INFO  server.RaftServer (RaftServerProxy.java:addNew(95)) - om1: addNew group-C5BA1605619E:[om1|rpc:localhost:9872|priority:0] returns group-C5BA1605619E:java.util.concurrent.CompletableFuture@75661b03[Not completed]
2021-08-11 23:24:17,283 [Listener at 0.0.0.0/33507] INFO  om.OzoneManager (OzoneManager.java:initializeRatisServer(1573)) - OzoneManager Ratis server initialized at port 9872
2021-08-11 23:24:17,284 [pool-269-thread-1] INFO  server.RaftServer$Division (RaftServerImpl.java:<init>(181)) - om1: new RaftServerImpl for group-C5BA1605619E:[om1|rpc:localhost:9872|priority:0] with OzoneManagerStateMachine:uninitialized
2021-08-11 23:24:17,285 [Listener at 0.0.0.0/33507] INFO  ipc.CallQueueManager (CallQueueManager.java:<init>(90)) - Using callQueue: class java.util.concurrent.LinkedBlockingQueue, queueCapacity: 2000, scheduler: class org.apache.hadoop.ipc.DefaultRpcScheduler, ipcBackoff: false.
2021-08-11 23:24:17,289 [Socket Reader #1 for port 0] INFO  ipc.Server (Server.java:run(1265)) - Starting Socket Reader #1 for port 0
2021-08-11 23:24:17,291 [pool-269-thread-1] INFO  server.RaftServerConfigKeys (ConfUtils.java:logGet(44)) - raft.server.rpc.timeout.min = 1s (custom)
2021-08-11 23:24:17,291 [pool-269-thread-1] INFO  server.RaftServerConfigKeys (ConfUtils.java:logGet(44)) - raft.server.rpc.timeout.max = 1200ms (custom)
2021-08-11 23:24:17,291 [pool-269-thread-1] INFO  server.RaftServerConfigKeys (ConfUtils.java:logGet(44)) - raft.server.rpc.sleep.time = 25ms (default)
2021-08-11 23:24:17,291 [pool-269-thread-1] INFO  server.RaftServerConfigKeys (ConfUtils.java:logGet(44)) - raft.server.rpc.slowness.timeout = 120s (custom)
2021-08-11 23:24:17,291 [pool-269-thread-1] INFO  server.RaftServerConfigKeys (ConfUtils.java:logGet(44)) - raft.server.leaderelection.leader.step-down.wait-time = 10s (default)
2021-08-11 23:24:17,291 [pool-269-thread-1] INFO  server.RaftServerConfigKeys (ConfUtils.java:logGet(44)) - raft.server.sleep.deviation.threshold = 300ms (default)
2021-08-11 23:24:17,291 [pool-269-thread-1] INFO  server.RaftServerConfigKeys (ConfUtils.java:logGet(44)) - raft.server.log.appender.install.snapshot.enabled = false (custom)
2021-08-11 23:24:17,291 [pool-269-thread-1] INFO  server.RaftServer$Division (ServerState.java:<init>(105)) - om1@group-C5BA1605619E: ConfigurationManager, init=-1: [om1|rpc:localhost:9872|priority:0], old=null, confs=<EMPTY_MAP>
2021-08-11 23:24:17,291 [pool-269-thread-1] INFO  server.RaftServerConfigKeys (ConfUtils.java:logGet(44)) - raft.server.storage.dir = [/home/runner/work/ozone/ozone/hadoop-ozone/integration-test/target/test-dir/MiniOzoneClusterImpl-4315cdcd-d3fc-449b-ab87-b0d46a3c32e7/ozone-meta/ratis] (custom)
2021-08-11 23:24:17,291 [pool-269-thread-1] INFO  server.RaftServerConfigKeys (ConfUtils.java:logGet(44)) - raft.server.log.corruption.policy = EXCEPTION (default)
2021-08-11 23:24:17,292 [pool-269-thread-1] INFO  server.RaftServerConfigKeys (ConfUtils.java:logGet(44)) - raft.server.storage.free-space.min = 0MB (=0) (default)
2021-08-11 23:24:17,292 [pool-269-thread-1] INFO  storage.RaftStorageDirectory (RaftStorageDirectoryImpl.java:analyzeStorage(135)) - The storage directory /home/runner/work/ozone/ozone/hadoop-ozone/integration-test/target/test-dir/MiniOzoneClusterImpl-4315cdcd-d3fc-449b-ab87-b0d46a3c32e7/ozone-meta/ratis/bf265839-605b-3f16-9796-c5ba1605619e does not exist. Creating ...
2021-08-11 23:24:17,293 [pool-269-thread-1] INFO  storage.RaftStorageDirectory (RaftStorageDirectoryImpl.java:tryLock(230)) - Lock on /home/runner/work/ozone/ozone/hadoop-ozone/integration-test/target/test-dir/MiniOzoneClusterImpl-4315cdcd-d3fc-449b-ab87-b0d46a3c32e7/ozone-meta/ratis/bf265839-605b-3f16-9796-c5ba1605619e/in_use.lock acquired by nodename 29420@fv-az12-896
2021-08-11 23:24:17,296 [pool-269-thread-1] INFO  storage.RaftStorage (RaftStorageImpl.java:format(89)) - Storage directory /home/runner/work/ozone/ozone/hadoop-ozone/integration-test/target/test-dir/MiniOzoneClusterImpl-4315cdcd-d3fc-449b-ab87-b0d46a3c32e7/ozone-meta/ratis/bf265839-605b-3f16-9796-c5ba1605619e has been successfully formatted.
2021-08-11 23:24:17,297 [pool-269-thread-1] INFO  server.RaftServerConfigKeys (ConfUtils.java:logGet(44)) - raft.server.notification.no-leader.timeout = 120s (custom)
2021-08-11 23:24:17,301 [pool-269-thread-1] INFO  server.RaftServerConfigKeys (ConfUtils.java:logGet(44)) - raft.server.log.use.memory = false (default)
2021-08-11 23:24:17,302 [pool-269-thread-1] INFO  server.RaftServerConfigKeys (ConfUtils.java:logGet(44)) - raft.server.log.purge.gap = 1000000 (custom)
2021-08-11 23:24:17,302 [pool-269-thread-1] INFO  server.RaftServerConfigKeys (ConfUtils.java:logGet(44)) - raft.server.log.appender.buffer.byte-limit = 33554432 (custom)
2021-08-11 23:24:17,305 [pool-269-thread-1] INFO  server.RaftServerConfigKeys (ConfUtils.java:logGet(44)) - raft.server.log.segment.size.max = 4194304 (custom)
2021-08-11 23:24:17,305 [pool-269-thread-1] INFO  server.RaftServerConfigKeys (ConfUtils.java:logGet(44)) - raft.server.log.segment.cache.num.max = 2 (custom)
2021-08-11 23:24:17,305 [pool-269-thread-1] INFO  server.RaftServerConfigKeys (ConfUtils.java:logGet(44)) - raft.server.log.segment.cache.size.max = 200MB (=209715200) (default)
2021-08-11 23:24:17,305 [pool-269-thread-1] INFO  segmented.SegmentedRaftLogWorker (SegmentedRaftLogWorker.java:<init>(182)) - new om1@group-C5BA1605619E-SegmentedRaftLogWorker for RaftStorageImpl:Storage Directory /home/runner/work/ozone/ozone/hadoop-ozone/integration-test/target/test-dir/MiniOzoneClusterImpl-4315cdcd-d3fc-449b-ab87-b0d46a3c32e7/ozone-meta/ratis/bf265839-605b-3f16-9796-c5ba1605619e
2021-08-11 23:24:17,305 [pool-269-thread-1] INFO  server.RaftServerConfigKeys (ConfUtils.java:logGet(44)) - raft.server.log.queue.byte-limit = 64MB (=67108864) (default)
2021-08-11 23:24:17,305 [pool-269-thread-1] INFO  server.RaftServerConfigKeys (ConfUtils.java:logGet(44)) - raft.server.log.queue.element-limit = 4096 (default)
2021-08-11 23:24:17,305 [pool-269-thread-1] INFO  server.RaftServerConfigKeys (ConfUtils.java:logGet(44)) - raft.server.log.segment.size.max = 4194304 (custom)
2021-08-11 23:24:17,305 [pool-269-thread-1] INFO  server.RaftServerConfigKeys (ConfUtils.java:logGet(44)) - raft.server.log.preallocated.size = 4194304 (custom)
2021-08-11 23:24:17,306 [pool-269-thread-1] INFO  server.RaftServerConfigKeys (ConfUtils.java:logGet(44)) - raft.server.log.force.sync.num = 128 (default)
2021-08-11 23:24:17,306 [pool-269-thread-1] INFO  server.RaftServerConfigKeys (ConfUtils.java:logGet(44)) - raft.server.log.statemachine.data.sync = true (default)
2021-08-11 23:24:17,306 [pool-269-thread-1] INFO  server.RaftServerConfigKeys (ConfUtils.java:logGet(44)) - raft.server.log.statemachine.data.sync.timeout = 10s (default)
2021-08-11 23:24:17,306 [pool-269-thread-1] INFO  server.RaftServerConfigKeys (ConfUtils.java:logGet(44)) - raft.server.log.statemachine.data.sync.timeout.retry = -1 (default)
2021-08-11 23:24:17,306 [pool-269-thread-1] INFO  server.RaftServerConfigKeys (ConfUtils.java:logGet(44)) - raft.server.log.write.buffer.size = 64KB (=65536) (default)
2021-08-11 23:24:17,308 [pool-269-thread-1] INFO  server.RaftServerConfigKeys (ConfUtils.java:logGet(44)) - raft.server.log.statemachine.data.caching.enabled = false (default)
2021-08-11 23:24:17,308 [pool-269-thread-1] INFO  segmented.SegmentedRaftLogWorker (SegmentedRaftLogWorker.java:lambda$new$0(133)) - om1@group-C5BA1605619E-SegmentedRaftLogWorker: flushIndex: setUnconditionally 0 -> -1
2021-08-11 23:24:17,309 [pool-269-thread-1] INFO  segmented.SegmentedRaftLogWorker (SegmentedRaftLogWorker.java:lambda$new$0(133)) - om1@group-C5BA1605619E-SegmentedRaftLogWorker: safeCacheEvictIndex: setUnconditionally 0 -> -1
2021-08-11 23:24:17,319 [pool-269-thread-1] INFO  server.RaftServerConfigKeys (ConfUtils.java:logGet(44)) - raft.server.snapshot.auto.trigger.enabled = true (custom)
2021-08-11 23:24:17,319 [pool-269-thread-1] INFO  server.RaftServerConfigKeys (ConfUtils.java:logGet(44)) - raft.server.snapshot.auto.trigger.threshold = 400000 (default)
2021-08-11 23:24:17,319 [pool-269-thread-1] INFO  server.RaftServerConfigKeys (ConfUtils.java:logGet(44)) - raft.server.snapshot.retention.file.num = -1 (default)
2021-08-11 23:24:17,319 [pool-269-thread-1] INFO  server.RaftServerConfigKeys (ConfUtils.java:logGet(44)) - raft.server.log.purge.upto.snapshot.index = true (custom)
2021-08-11 23:24:17,320 [pool-269-thread-1] INFO  server.RaftServerConfigKeys (ConfUtils.java:logGet(44)) - raft.server.retrycache.expirytime = 300s (custom)
2021-08-11 23:24:17,320 [pool-269-thread-1] INFO  server.RaftServerConfigKeys (ConfUtils.java:logGet(44)) - raft.server.retrycache.statistics.expirytime = 100μs (default)
2021-08-11 23:24:17,334 [Listener at 127.0.0.1/35819] INFO  om.OzoneManager (OzoneManager.java:initFSOLayout(4321)) - Configured ozone.om.metadata.layout=SIMPLE and disabled optimized OM FS operations
2021-08-11 23:24:17,336 [Listener at 127.0.0.1/35819] INFO  impl.MetricsSystemImpl (MetricsSystemImpl.java:init(158)) - OzoneManager metrics system started (again)
2021-08-11 23:24:17,354 [Listener at 127.0.0.1/35819] INFO  om.OzoneManager (OzoneManager.java:start(1270)) - OzoneManager RPC server is listening at localhost/127.0.0.1:35819
2021-08-11 23:24:17,357 [Listener at 127.0.0.1/35819] INFO  ratis.OzoneManagerRatisServer (OzoneManagerRatisServer.java:start(516)) - Starting OzoneManagerRatisServer om1 at port 9872
2021-08-11 23:24:17,359 [Listener at 127.0.0.1/35819] INFO  server.RaftServer$Division (RaftServerImpl.java:start(296)) - om1@group-C5BA1605619E: start as a follower, conf=-1: [om1|rpc:localhost:9872|priority:0], old=null
2021-08-11 23:24:17,359 [Listener at 127.0.0.1/35819] INFO  server.RaftServer$Division (RaftServerImpl.java:setRole(285)) - om1@group-C5BA1605619E: changes role from      null to FOLLOWER at term 0 for startAsFollower
2021-08-11 23:24:17,359 [Listener at 127.0.0.1/35819] INFO  impl.RoleInfo (RoleInfo.java:updateAndGet(130)) - om1: start om1@group-C5BA1605619E-FollowerState
2021-08-11 23:24:17,365 [Listener at 127.0.0.1/35819] INFO  util.JmxRegister (JmxRegister.java:tryRegister(44)) - Successfully registered JMX Bean with object name Ratis:service=RaftServer,group=group-C5BA1605619E,id=om1
2021-08-11 23:24:17,368 [Listener at 127.0.0.1/35819] INFO  server.RaftServer (RaftServerProxy.java:lambda$start$5(374)) - om1: start RPC server
2021-08-11 23:24:17,370 [Listener at 127.0.0.1/35819] INFO  server.GrpcService (GrpcService.java:startImpl(253)) - om1: GrpcService started, listening on 9872
2021-08-11 23:24:17,374 [Listener at 127.0.0.1/35819] INFO  om.OzoneManager (OzoneManager.java:start(1288)) - Version File has different layout version (0) than OM DB (null). That is expected if this OM has never been finalized to a newer layout version.
2021-08-11 23:24:17,375 [org.apache.ratis.util.JvmPauseMonitor$$Lambda$531/740858526@6c20dae4] INFO  util.JvmPauseMonitor (JvmPauseMonitor.java:run(103)) - JvmPauseMonitor-om1: Started
2021-08-11 23:24:17,378 [Listener at 127.0.0.1/35819] INFO  http.BaseHttpServer (BaseHttpServer.java:newHttpServer2BuilderForOzone(209)) - Starting Web-server for ozoneManager at: http://0.0.0.0:0
2021-08-11 23:24:17,378 [Listener at 127.0.0.1/35819] INFO  http.BaseHttpServer (BaseHttpServer.java:<init>(107)) - Hadoop Security Enabled: false Ozone Security Enabled: false Ozone HTTP Security Enabled: false 
2021-08-11 23:24:17,379 [Listener at 127.0.0.1/35819] INFO  server.AuthenticationFilter (AuthenticationFilter.java:constructSecretProvider(240)) - Unable to initialize FileSignerSecretProvider, falling back to use random secrets.
2021-08-11 23:24:17,384 [Listener at 127.0.0.1/35819] WARN  http.HttpRequestLog (HttpRequestLog.java:getRequestLog(103)) - Jetty request log can only be enabled using Log4j
2021-08-11 23:24:17,386 [Listener at 127.0.0.1/35819] INFO  http.HttpServer2 (HttpServer2.java:addGlobalFilter(1020)) - Added global filter 'safety' (class=org.apache.hadoop.hdds.server.http.HttpServer2$QuotingInputFilter)
2021-08-11 23:24:17,388 [Listener at 127.0.0.1/35819] INFO  http.HttpServer2 (HttpServer2.java:addFilter(996)) - Added filter static_user_filter (class=org.apache.hadoop.http.lib.StaticUserWebFilter$StaticUserFilter) to context ozoneManager
2021-08-11 23:24:17,388 [Listener at 127.0.0.1/35819] INFO  http.HttpServer2 (HttpServer2.java:addFilter(1004)) - Added filter static_user_filter (class=org.apache.hadoop.http.lib.StaticUserWebFilter$StaticUserFilter) to context static
2021-08-11 23:24:17,388 [Listener at 127.0.0.1/35819] INFO  http.HttpServer2 (HttpServer2.java:addFilter(1004)) - Added filter static_user_filter (class=org.apache.hadoop.http.lib.StaticUserWebFilter$StaticUserFilter) to context logs
2021-08-11 23:24:17,390 [Listener at 127.0.0.1/35819] INFO  http.HttpServer2 (HttpServer2.java:bindListener(1239)) - Jetty bound to port 38117
2021-08-11 23:24:17,396 [Listener at 127.0.0.1/35819] INFO  server.Server (Server.java:doStart(375)) - jetty-9.4.43.v20210629; built: 2021-06-30T11:07:22.254Z; git: 526006ecfa3af7f1a27ef3a288e2bef7ea9dd7e8; jvm 1.8.0_292-b10
2021-08-11 23:24:17,397 [Listener at 127.0.0.1/35819] INFO  server.session (DefaultSessionIdManager.java:doStart(334)) - DefaultSessionIdManager workerName=node0
2021-08-11 23:24:17,397 [Listener at 127.0.0.1/35819] INFO  server.session (DefaultSessionIdManager.java:doStart(339)) - No SessionScavenger set, using defaults
2021-08-11 23:24:17,398 [Listener at 127.0.0.1/35819] INFO  server.session (HouseKeeper.java:startScavenging(132)) - node0 Scavenging every 660000ms
2021-08-11 23:24:17,400 [Listener at 127.0.0.1/35819] INFO  handler.ContextHandler (ContextHandler.java:doStart(915)) - Started o.e.j.s.ServletContextHandler@49c96044{logs,/logs,file:///home/runner/work/ozone/ozone/hadoop-ozone/integration-test/target/log,AVAILABLE}
2021-08-11 23:24:17,401 [Listener at 127.0.0.1/35819] INFO  handler.ContextHandler (ContextHandler.java:doStart(915)) - Started o.e.j.s.ServletContextHandler@4b6e7dc9{static,/static,file:///home/runner/work/ozone/ozone/hadoop-ozone/integration-test/target/test-classes/webapps/static,AVAILABLE}
2021-08-11 23:24:17,412 [Listener at 127.0.0.1/35819] INFO  handler.ContextHandler (ContextHandler.java:doStart(915)) - Started o.e.j.w.WebAppContext@33431376{ozoneManager,/,file:///home/runner/work/ozone/ozone/hadoop-ozone/integration-test/target/test-classes/webapps/ozoneManager/,AVAILABLE}{file:/home/runner/work/ozone/ozone/hadoop-ozone/integration-test/target/test-classes/webapps/ozoneManager}
2021-08-11 23:24:17,414 [Listener at 127.0.0.1/35819] INFO  server.AbstractConnector (AbstractConnector.java:doStart(331)) - Started ServerConnector@3e91274{HTTP/1.1, (http/1.1)}{0.0.0.0:38117}
2021-08-11 23:24:17,414 [Listener at 127.0.0.1/35819] INFO  server.Server (Server.java:doStart(415)) - Started @48966ms
2021-08-11 23:24:17,414 [Listener at 127.0.0.1/35819] WARN  impl.MetricsSystemImpl (MetricsSystemImpl.java:register(279)) - Sink prometheus already exists!
2021-08-11 23:24:17,415 [Listener at 127.0.0.1/35819] INFO  http.BaseHttpServer (BaseHttpServer.java:updateConnectorAddress(329)) - HTTP server of ozoneManager listening at http://0.0.0.0:38117
2021-08-11 23:24:17,415 [IPC Server Responder] INFO  ipc.Server (Server.java:run(1507)) - IPC Server Responder: starting
2021-08-11 23:24:17,416 [IPC Server listener on 0] INFO  ipc.Server (Server.java:run(1344)) - IPC Server listener on 0: starting
2021-08-11 23:24:17,418 [Listener at 127.0.0.1/35819] INFO  om.OzoneManager (OzoneManager.java:startTrashEmptier(1531)) - Trash Interval set to 0. Files deleted will not move to trash
2021-08-11 23:24:17,442 [org.apache.hadoop.util.JvmPauseMonitor$Monitor@3986b553] INFO  util.JvmPauseMonitor (JvmPauseMonitor.java:run(188)) - Starting JVM pause monitor
2021-08-11 23:24:17,443 [Listener at 127.0.0.1/35819] WARN  impl.MetricRegistriesImpl (MetricRegistriesImpl.java:addReporterRegistration(111)) - New reporters are added after registries were created. Some metrics will be missing from the reporter. Please add reporter before adding any new registry.
2021-08-11 23:24:17,443 [Listener at 127.0.0.1/35819] WARN  impl.MetricRegistriesImpl (MetricRegistriesImpl.java:addReporterRegistration(111)) - New reporters are added after registries were created. Some metrics will be missing from the reporter. Please add reporter before adding any new registry.
2021-08-11 23:24:17,443 [Listener at 127.0.0.1/35819] INFO  impl.MetricsSystemImpl (MetricsSystemImpl.java:init(158)) - HddsDatanode metrics system started (again)
2021-08-11 23:24:17,463 [Listener at 127.0.0.1/35819] INFO  ozone.HddsDatanodeService (HddsDatanodeService.java:start(234)) - HddsDatanodeService host:fv-az12-896.exdb2aeach2ezidoxz41lk3bwg.cx.internal.cloudapp.net ip:10.1.0.25
2021-08-11 23:24:17,484 [Listener at 127.0.0.1/35819] INFO  upgrade.AbstractLayoutVersionManager (AbstractLayoutVersionManager.java:init(70)) - Initializing Layout version manager with metadata layout = SCM_HA (version = 2), software layout = SCM_HA (version = 2)
2021-08-11 23:24:17,542 [Listener at 127.0.0.1/35819] INFO  reflections.Reflections (Reflections.java:scan(232)) - Reflections took 57 ms to scan 7 urls, producing 120 keys and 275 values 
2021-08-11 23:24:17,554 [Listener at 127.0.0.1/35819] INFO  volume.HddsVolume (HddsVolume.java:<init>(120)) - Creating HddsVolume: /home/runner/work/ozone/ozone/hadoop-ozone/integration-test/target/test-dir/MiniOzoneClusterImpl-4315cdcd-d3fc-449b-ab87-b0d46a3c32e7/datanode-0/data-0/containers/hdds of storage type : DISK capacity : 9223372036854775807
2021-08-11 23:24:17,554 [Listener at 127.0.0.1/35819] INFO  volume.MutableVolumeSet (MutableVolumeSet.java:initializeVolumeSet(181)) - Added Volume : /home/runner/work/ozone/ozone/hadoop-ozone/integration-test/target/test-dir/MiniOzoneClusterImpl-4315cdcd-d3fc-449b-ab87-b0d46a3c32e7/datanode-0/data-0/containers/hdds to VolumeSet
2021-08-11 23:24:17,554 [Listener at 127.0.0.1/35819] INFO  volume.ThrottledAsyncChecker (ThrottledAsyncChecker.java:schedule(141)) - Scheduling a check for /home/runner/work/ozone/ozone/hadoop-ozone/integration-test/target/test-dir/MiniOzoneClusterImpl-4315cdcd-d3fc-449b-ab87-b0d46a3c32e7/datanode-0/data-0/containers/hdds
2021-08-11 23:24:17,572 [Listener at 127.0.0.1/35819] INFO  volume.StorageVolumeChecker (StorageVolumeChecker.java:checkAllVolumes(202)) - Scheduled health check for volume /home/runner/work/ozone/ozone/hadoop-ozone/integration-test/target/test-dir/MiniOzoneClusterImpl-4315cdcd-d3fc-449b-ab87-b0d46a3c32e7/datanode-0/data-0/containers/hdds
2021-08-11 23:24:17,584 [Listener at 127.0.0.1/35819] INFO  volume.MutableVolumeSet (MutableVolumeSet.java:initializeVolumeSet(181)) - Added Volume : /home/runner/work/ozone/ozone/hadoop-ozone/integration-test/target/test-dir/MiniOzoneClusterImpl-4315cdcd-d3fc-449b-ab87-b0d46a3c32e7/datanode-0/data/ratis to VolumeSet
2021-08-11 23:24:17,588 [Listener at 127.0.0.1/35819] INFO  volume.ThrottledAsyncChecker (ThrottledAsyncChecker.java:schedule(141)) - Scheduling a check for /home/runner/work/ozone/ozone/hadoop-ozone/integration-test/target/test-dir/MiniOzoneClusterImpl-4315cdcd-d3fc-449b-ab87-b0d46a3c32e7/datanode-0/data/ratis
2021-08-11 23:24:17,588 [Listener at 127.0.0.1/35819] INFO  volume.StorageVolumeChecker (StorageVolumeChecker.java:checkAllVolumes(202)) - Scheduled health check for volume /home/runner/work/ozone/ozone/hadoop-ozone/integration-test/target/test-dir/MiniOzoneClusterImpl-4315cdcd-d3fc-449b-ab87-b0d46a3c32e7/datanode-0/data/ratis
2021-08-11 23:24:17,614 [Listener at 127.0.0.1/35819] INFO  ozoneimpl.ContainerReader (ContainerReader.java:<init>(98)) - Running in upgrade mode:true
2021-08-11 23:24:17,614 [Thread-3462] INFO  ozoneimpl.ContainerReader (ContainerReader.java:readVolume(142)) - Start to verify containers on volume /home/runner/work/ozone/ozone/hadoop-ozone/integration-test/target/test-dir/MiniOzoneClusterImpl-4315cdcd-d3fc-449b-ab87-b0d46a3c32e7/datanode-0/data-0/containers/hdds
2021-08-11 23:24:17,615 [Thread-3462] INFO  ozoneimpl.ContainerReader (ContainerReader.java:readVolume(174)) - Finish verifying containers on volume /home/runner/work/ozone/ozone/hadoop-ozone/integration-test/target/test-dir/MiniOzoneClusterImpl-4315cdcd-d3fc-449b-ab87-b0d46a3c32e7/datanode-0/data-0/containers/hdds
2021-08-11 23:24:17,615 [Listener at 127.0.0.1/35819] INFO  ozoneimpl.OzoneContainer (OzoneContainer.java:buildContainerSet(237)) - Build ContainerSet costs 0s
2021-08-11 23:24:17,617 [Listener at 127.0.0.1/35819] INFO  server.RaftServer (ConfUtils.java:logGet(44)) - raft.rpc.type = GRPC (default)
2021-08-11 23:24:17,617 [Listener at 127.0.0.1/35819] INFO  grpc.GrpcFactory (GrpcFactory.java:checkPooledByteBufAllocatorUseCacheForAllThreads(48)) - PERFORMANCE WARNING: useCacheForAllThreads is true that may cause Netty to create a lot garbage objects and, as a result, trigger GC.
	It is recommended to disable useCacheForAllThreads by setting -Dorg.apache.ratis.thirdparty.io.netty.allocator.useCacheForAllThreads=false in command line.
2021-08-11 23:24:17,617 [Listener at 127.0.0.1/35819] INFO  grpc.GrpcConfigKeys (ConfUtils.java:logGet(44)) - raft.grpc.admin.port = 0 (custom)
2021-08-11 23:24:17,617 [Listener at 127.0.0.1/35819] INFO  grpc.GrpcConfigKeys (ConfUtils.java:logGet(44)) - raft.grpc.client.port = 0 (custom)
2021-08-11 23:24:17,617 [Listener at 127.0.0.1/35819] INFO  grpc.GrpcConfigKeys (ConfUtils.java:logGet(44)) - raft.grpc.server.port = 0 (default)
2021-08-11 23:24:17,617 [Listener at 127.0.0.1/35819] INFO  server.GrpcService (ConfUtils.java:logGet(44)) - raft.grpc.message.size.max = 32MB (=33554432) (custom)
2021-08-11 23:24:17,617 [Listener at 127.0.0.1/35819] INFO  server.RaftServerConfigKeys (ConfUtils.java:logGet(44)) - raft.server.log.appender.buffer.byte-limit = 33554432 (custom)
2021-08-11 23:24:17,617 [Listener at 127.0.0.1/35819] INFO  server.GrpcService (ConfUtils.java:logGet(44)) - raft.grpc.flow.control.window = 5MB (=5242880) (custom)
2021-08-11 23:24:17,618 [Listener at 127.0.0.1/35819] INFO  server.RaftServerConfigKeys (ConfUtils.java:logGet(44)) - raft.server.rpc.request.timeout = 60s (custom)
2021-08-11 23:24:17,618 [Listener at 127.0.0.1/35819] INFO  impl.DataStreamServerImpl (ConfUtils.java:logGet(44)) - raft.datastream.type = DISABLED (default)
2021-08-11 23:24:17,619 [Listener at 127.0.0.1/35819] INFO  server.RaftServerConfigKeys (ConfUtils.java:logGet(44)) - raft.server.rpc.slowness.timeout = 300s (custom)
2021-08-11 23:24:17,619 [Listener at 127.0.0.1/35819] INFO  server.RaftServerConfigKeys (ConfUtils.java:logGet(44)) - raft.server.leaderelection.leader.step-down.wait-time = 10s (default)
2021-08-11 23:24:17,619 [Listener at 127.0.0.1/35819] INFO  server.RaftServerConfigKeys (ConfUtils.java:logGet(44)) - raft.server.storage.dir = [/home/runner/work/ozone/ozone/hadoop-ozone/integration-test/target/test-dir/MiniOzoneClusterImpl-4315cdcd-d3fc-449b-ab87-b0d46a3c32e7/datanode-0/data/ratis] (custom)
2021-08-11 23:24:17,622 [Listener at 127.0.0.1/35819] INFO  http.BaseHttpServer (BaseHttpServer.java:newHttpServer2BuilderForOzone(209)) - Starting Web-server for hddsDatanode at: http://0.0.0.0:0
2021-08-11 23:24:17,622 [Listener at 127.0.0.1/35819] INFO  http.BaseHttpServer (BaseHttpServer.java:<init>(107)) - Hadoop Security Enabled: false Ozone Security Enabled: false Ozone HTTP Security Enabled: false 
2021-08-11 23:24:17,623 [Listener at 127.0.0.1/35819] INFO  server.AuthenticationFilter (AuthenticationFilter.java:constructSecretProvider(240)) - Unable to initialize FileSignerSecretProvider, falling back to use random secrets.
2021-08-11 23:24:17,625 [Listener at 127.0.0.1/35819] WARN  http.HttpRequestLog (HttpRequestLog.java:getRequestLog(103)) - Jetty request log can only be enabled using Log4j
2021-08-11 23:24:17,625 [Listener at 127.0.0.1/35819] INFO  http.HttpServer2 (HttpServer2.java:addGlobalFilter(1020)) - Added global filter 'safety' (class=org.apache.hadoop.hdds.server.http.HttpServer2$QuotingInputFilter)
2021-08-11 23:24:17,626 [Listener at 127.0.0.1/35819] INFO  http.HttpServer2 (HttpServer2.java:addFilter(996)) - Added filter static_user_filter (class=org.apache.hadoop.http.lib.StaticUserWebFilter$StaticUserFilter) to context hddsDatanode
2021-08-11 23:24:17,626 [Listener at 127.0.0.1/35819] INFO  http.HttpServer2 (HttpServer2.java:addFilter(1004)) - Added filter static_user_filter (class=org.apache.hadoop.http.lib.StaticUserWebFilter$StaticUserFilter) to context logs
2021-08-11 23:24:17,626 [Listener at 127.0.0.1/35819] INFO  http.HttpServer2 (HttpServer2.java:addFilter(1004)) - Added filter static_user_filter (class=org.apache.hadoop.http.lib.StaticUserWebFilter$StaticUserFilter) to context static
2021-08-11 23:24:17,627 [Listener at 127.0.0.1/35819] INFO  http.HttpServer2 (HttpServer2.java:bindListener(1239)) - Jetty bound to port 35045
2021-08-11 23:24:17,627 [Listener at 127.0.0.1/35819] INFO  server.Server (Server.java:doStart(375)) - jetty-9.4.43.v20210629; built: 2021-06-30T11:07:22.254Z; git: 526006ecfa3af7f1a27ef3a288e2bef7ea9dd7e8; jvm 1.8.0_292-b10
2021-08-11 23:24:17,634 [Listener at 127.0.0.1/35819] INFO  server.session (DefaultSessionIdManager.java:doStart(334)) - DefaultSessionIdManager workerName=node0
2021-08-11 23:24:17,634 [Listener at 127.0.0.1/35819] INFO  server.session (DefaultSessionIdManager.java:doStart(339)) - No SessionScavenger set, using defaults
2021-08-11 23:24:17,634 [Listener at 127.0.0.1/35819] INFO  server.session (HouseKeeper.java:startScavenging(132)) - node0 Scavenging every 660000ms
2021-08-11 23:24:17,635 [Listener at 127.0.0.1/35819] INFO  handler.ContextHandler (ContextHandler.java:doStart(915)) - Started o.e.j.s.ServletContextHandler@36c559e0{logs,/logs,file:///home/runner/work/ozone/ozone/hadoop-ozone/integration-test/target/log,AVAILABLE}
2021-08-11 23:24:17,636 [Listener at 127.0.0.1/35819] INFO  handler.ContextHandler (ContextHandler.java:doStart(915)) - Started o.e.j.s.ServletContextHandler@1499f2cf{static,/static,jar:file:/home/runner/.m2/repository/org/apache/ozone/hdds-container-service/1.2.0-SNAPSHOT/hdds-container-service-1.2.0-SNAPSHOT.jar!/webapps/static,AVAILABLE}
2021-08-11 23:24:17,692 [Listener at 127.0.0.1/35819] INFO  handler.ContextHandler (ContextHandler.java:doStart(915)) - Started o.e.j.w.WebAppContext@686a7922{hddsDatanode,/,file:///tmp/jetty-0_0_0_0-35045-hdds-container-service-1_2_0-SNAPSHOT_jar-_-any-4847911773172543389/webapp/,AVAILABLE}{jar:file:/home/runner/.m2/repository/org/apache/ozone/hdds-container-service/1.2.0-SNAPSHOT/hdds-container-service-1.2.0-SNAPSHOT.jar!/webapps/hddsDatanode}
2021-08-11 23:24:17,701 [Listener at 127.0.0.1/35819] INFO  server.AbstractConnector (AbstractConnector.java:doStart(331)) - Started ServerConnector@65fa1b8f{HTTP/1.1, (http/1.1)}{0.0.0.0:35045}
2021-08-11 23:24:17,701 [Listener at 127.0.0.1/35819] INFO  server.Server (Server.java:doStart(415)) - Started @49254ms
2021-08-11 23:24:17,702 [Listener at 127.0.0.1/35819] WARN  impl.MetricsSystemImpl (MetricsSystemImpl.java:register(279)) - Sink prometheus already exists!
2021-08-11 23:24:17,702 [Listener at 127.0.0.1/35819] INFO  http.BaseHttpServer (BaseHttpServer.java:updateConnectorAddress(329)) - HTTP server of hddsDatanode listening at http://0.0.0.0:35045
2021-08-11 23:24:17,703 [Listener at 127.0.0.1/35819] WARN  impl.MetricRegistriesImpl (MetricRegistriesImpl.java:addReporterRegistration(111)) - New reporters are added after registries were created. Some metrics will be missing from the reporter. Please add reporter before adding any new registry.
2021-08-11 23:24:17,703 [Listener at 127.0.0.1/35819] WARN  impl.MetricRegistriesImpl (MetricRegistriesImpl.java:addReporterRegistration(111)) - New reporters are added after registries were created. Some metrics will be missing from the reporter. Please add reporter before adding any new registry.
2021-08-11 23:24:17,703 [Listener at 127.0.0.1/35819] INFO  impl.MetricsSystemImpl (MetricsSystemImpl.java:init(158)) - HddsDatanode metrics system started (again)
2021-08-11 23:24:17,722 [Listener at 127.0.0.1/35819] INFO  ozone.HddsDatanodeService (HddsDatanodeService.java:start(234)) - HddsDatanodeService host:fv-az12-896.exdb2aeach2ezidoxz41lk3bwg.cx.internal.cloudapp.net ip:10.1.0.25
2021-08-11 23:24:17,756 [org.apache.hadoop.util.JvmPauseMonitor$Monitor@303ee742] INFO  util.JvmPauseMonitor (JvmPauseMonitor.java:run(188)) - Starting JVM pause monitor
2021-08-11 23:24:17,769 [Datanode State Machine Task Thread - 0] INFO  datanode.InitDatanodeState (InitDatanodeState.java:persistContainerDatanodeDetails(145)) - DatanodeDetails is persisted to /home/runner/work/ozone/ozone/hadoop-ozone/integration-test/target/test-dir/MiniOzoneClusterImpl-4315cdcd-d3fc-449b-ab87-b0d46a3c32e7/datanode-0/meta/datanode.id
2021-08-11 23:24:17,779 [Listener at 127.0.0.1/35819] INFO  upgrade.AbstractLayoutVersionManager (AbstractLayoutVersionManager.java:init(70)) - Initializing Layout version manager with metadata layout = SCM_HA (version = 2), software layout = SCM_HA (version = 2)
2021-08-11 23:24:17,858 [Listener at 127.0.0.1/35819] INFO  reflections.Reflections (Reflections.java:scan(232)) - Reflections took 78 ms to scan 7 urls, producing 120 keys and 275 values 
2021-08-11 23:24:17,878 [Listener at 127.0.0.1/35819] INFO  volume.HddsVolume (HddsVolume.java:<init>(120)) - Creating HddsVolume: /home/runner/work/ozone/ozone/hadoop-ozone/integration-test/target/test-dir/MiniOzoneClusterImpl-4315cdcd-d3fc-449b-ab87-b0d46a3c32e7/datanode-1/data-0/containers/hdds of storage type : DISK capacity : 9223372036854775807
2021-08-11 23:24:17,878 [Listener at 127.0.0.1/35819] INFO  volume.MutableVolumeSet (MutableVolumeSet.java:initializeVolumeSet(181)) - Added Volume : /home/runner/work/ozone/ozone/hadoop-ozone/integration-test/target/test-dir/MiniOzoneClusterImpl-4315cdcd-d3fc-449b-ab87-b0d46a3c32e7/datanode-1/data-0/containers/hdds to VolumeSet
2021-08-11 23:24:17,878 [Listener at 127.0.0.1/35819] INFO  volume.ThrottledAsyncChecker (ThrottledAsyncChecker.java:schedule(141)) - Scheduling a check for /home/runner/work/ozone/ozone/hadoop-ozone/integration-test/target/test-dir/MiniOzoneClusterImpl-4315cdcd-d3fc-449b-ab87-b0d46a3c32e7/datanode-1/data-0/containers/hdds
2021-08-11 23:24:17,892 [Listener at 127.0.0.1/35819] INFO  volume.StorageVolumeChecker (StorageVolumeChecker.java:checkAllVolumes(202)) - Scheduled health check for volume /home/runner/work/ozone/ozone/hadoop-ozone/integration-test/target/test-dir/MiniOzoneClusterImpl-4315cdcd-d3fc-449b-ab87-b0d46a3c32e7/datanode-1/data-0/containers/hdds
2021-08-11 23:24:17,907 [Listener at 127.0.0.1/35819] INFO  volume.MutableVolumeSet (MutableVolumeSet.java:initializeVolumeSet(181)) - Added Volume : /home/runner/work/ozone/ozone/hadoop-ozone/integration-test/target/test-dir/MiniOzoneClusterImpl-4315cdcd-d3fc-449b-ab87-b0d46a3c32e7/datanode-1/data/ratis to VolumeSet
2021-08-11 23:24:17,907 [Listener at 127.0.0.1/35819] INFO  volume.ThrottledAsyncChecker (ThrottledAsyncChecker.java:schedule(141)) - Scheduling a check for /home/runner/work/ozone/ozone/hadoop-ozone/integration-test/target/test-dir/MiniOzoneClusterImpl-4315cdcd-d3fc-449b-ab87-b0d46a3c32e7/datanode-1/data/ratis
2021-08-11 23:24:17,912 [Listener at 127.0.0.1/35819] INFO  volume.StorageVolumeChecker (StorageVolumeChecker.java:checkAllVolumes(202)) - Scheduled health check for volume /home/runner/work/ozone/ozone/hadoop-ozone/integration-test/target/test-dir/MiniOzoneClusterImpl-4315cdcd-d3fc-449b-ab87-b0d46a3c32e7/datanode-1/data/ratis
2021-08-11 23:24:17,940 [Listener at 127.0.0.1/35819] INFO  ozoneimpl.ContainerReader (ContainerReader.java:<init>(98)) - Running in upgrade mode:true
2021-08-11 23:24:17,941 [Thread-3474] INFO  ozoneimpl.ContainerReader (ContainerReader.java:readVolume(142)) - Start to verify containers on volume /home/runner/work/ozone/ozone/hadoop-ozone/integration-test/target/test-dir/MiniOzoneClusterImpl-4315cdcd-d3fc-449b-ab87-b0d46a3c32e7/datanode-1/data-0/containers/hdds
2021-08-11 23:24:17,941 [Thread-3474] INFO  ozoneimpl.ContainerReader (ContainerReader.java:readVolume(174)) - Finish verifying containers on volume /home/runner/work/ozone/ozone/hadoop-ozone/integration-test/target/test-dir/MiniOzoneClusterImpl-4315cdcd-d3fc-449b-ab87-b0d46a3c32e7/datanode-1/data-0/containers/hdds
2021-08-11 23:24:17,941 [Listener at 127.0.0.1/35819] INFO  ozoneimpl.OzoneContainer (OzoneContainer.java:buildContainerSet(237)) - Build ContainerSet costs 0s
2021-08-11 23:24:17,943 [Listener at 127.0.0.1/35819] INFO  server.RaftServer (ConfUtils.java:logGet(44)) - raft.rpc.type = GRPC (default)
2021-08-11 23:24:17,943 [Listener at 127.0.0.1/35819] INFO  grpc.GrpcFactory (GrpcFactory.java:checkPooledByteBufAllocatorUseCacheForAllThreads(48)) - PERFORMANCE WARNING: useCacheForAllThreads is true that may cause Netty to create a lot garbage objects and, as a result, trigger GC.
	It is recommended to disable useCacheForAllThreads by setting -Dorg.apache.ratis.thirdparty.io.netty.allocator.useCacheForAllThreads=false in command line.
2021-08-11 23:24:17,944 [Listener at 127.0.0.1/35819] INFO  grpc.GrpcConfigKeys (ConfUtils.java:logGet(44)) - raft.grpc.admin.port = 0 (custom)
2021-08-11 23:24:17,944 [Listener at 127.0.0.1/35819] INFO  grpc.GrpcConfigKeys (ConfUtils.java:logGet(44)) - raft.grpc.client.port = 0 (custom)
2021-08-11 23:24:17,944 [Listener at 127.0.0.1/35819] INFO  grpc.GrpcConfigKeys (ConfUtils.java:logGet(44)) - raft.grpc.server.port = 0 (default)
2021-08-11 23:24:17,944 [Listener at 127.0.0.1/35819] INFO  server.GrpcService (ConfUtils.java:logGet(44)) - raft.grpc.message.size.max = 32MB (=33554432) (custom)
2021-08-11 23:24:17,944 [Listener at 127.0.0.1/35819] INFO  server.RaftServerConfigKeys (ConfUtils.java:logGet(44)) - raft.server.log.appender.buffer.byte-limit = 33554432 (custom)
2021-08-11 23:24:17,944 [Listener at 127.0.0.1/35819] INFO  server.GrpcService (ConfUtils.java:logGet(44)) - raft.grpc.flow.control.window = 5MB (=5242880) (custom)
2021-08-11 23:24:17,944 [Listener at 127.0.0.1/35819] INFO  server.RaftServerConfigKeys (ConfUtils.java:logGet(44)) - raft.server.rpc.request.timeout = 60s (custom)
2021-08-11 23:24:17,945 [Listener at 127.0.0.1/35819] INFO  impl.DataStreamServerImpl (ConfUtils.java:logGet(44)) - raft.datastream.type = DISABLED (default)
2021-08-11 23:24:17,945 [Listener at 127.0.0.1/35819] INFO  server.RaftServerConfigKeys (ConfUtils.java:logGet(44)) - raft.server.rpc.slowness.timeout = 300s (custom)
2021-08-11 23:24:17,945 [Listener at 127.0.0.1/35819] INFO  server.RaftServerConfigKeys (ConfUtils.java:logGet(44)) - raft.server.leaderelection.leader.step-down.wait-time = 10s (default)
2021-08-11 23:24:17,946 [Listener at 127.0.0.1/35819] INFO  server.RaftServerConfigKeys (ConfUtils.java:logGet(44)) - raft.server.storage.dir = [/home/runner/work/ozone/ozone/hadoop-ozone/integration-test/target/test-dir/MiniOzoneClusterImpl-4315cdcd-d3fc-449b-ab87-b0d46a3c32e7/datanode-1/data/ratis] (custom)
2021-08-11 23:24:17,957 [Listener at 127.0.0.1/35819] INFO  http.BaseHttpServer (BaseHttpServer.java:newHttpServer2BuilderForOzone(209)) - Starting Web-server for hddsDatanode at: http://0.0.0.0:0
2021-08-11 23:24:17,957 [Listener at 127.0.0.1/35819] INFO  http.BaseHttpServer (BaseHttpServer.java:<init>(107)) - Hadoop Security Enabled: false Ozone Security Enabled: false Ozone HTTP Security Enabled: false 
2021-08-11 23:24:17,958 [Listener at 127.0.0.1/35819] INFO  server.AuthenticationFilter (AuthenticationFilter.java:constructSecretProvider(240)) - Unable to initialize FileSignerSecretProvider, falling back to use random secrets.
2021-08-11 23:24:17,970 [Listener at 127.0.0.1/35819] WARN  http.HttpRequestLog (HttpRequestLog.java:getRequestLog(103)) - Jetty request log can only be enabled using Log4j
2021-08-11 23:24:17,970 [Listener at 127.0.0.1/35819] INFO  http.HttpServer2 (HttpServer2.java:addGlobalFilter(1020)) - Added global filter 'safety' (class=org.apache.hadoop.hdds.server.http.HttpServer2$QuotingInputFilter)
2021-08-11 23:24:17,971 [Listener at 127.0.0.1/35819] INFO  http.HttpServer2 (HttpServer2.java:addFilter(996)) - Added filter static_user_filter (class=org.apache.hadoop.http.lib.StaticUserWebFilter$StaticUserFilter) to context hddsDatanode
2021-08-11 23:24:17,971 [Listener at 127.0.0.1/35819] INFO  http.HttpServer2 (HttpServer2.java:addFilter(1004)) - Added filter static_user_filter (class=org.apache.hadoop.http.lib.StaticUserWebFilter$StaticUserFilter) to context static
2021-08-11 23:24:17,971 [Listener at 127.0.0.1/35819] INFO  http.HttpServer2 (HttpServer2.java:addFilter(1004)) - Added filter static_user_filter (class=org.apache.hadoop.http.lib.StaticUserWebFilter$StaticUserFilter) to context logs
2021-08-11 23:24:17,972 [Listener at 127.0.0.1/35819] INFO  http.HttpServer2 (HttpServer2.java:bindListener(1239)) - Jetty bound to port 45391
2021-08-11 23:24:17,973 [Listener at 127.0.0.1/35819] INFO  server.Server (Server.java:doStart(375)) - jetty-9.4.43.v20210629; built: 2021-06-30T11:07:22.254Z; git: 526006ecfa3af7f1a27ef3a288e2bef7ea9dd7e8; jvm 1.8.0_292-b10
2021-08-11 23:24:18,008 [Listener at 127.0.0.1/35819] INFO  server.session (DefaultSessionIdManager.java:doStart(334)) - DefaultSessionIdManager workerName=node0
2021-08-11 23:24:18,009 [Listener at 127.0.0.1/35819] INFO  server.session (DefaultSessionIdManager.java:doStart(339)) - No SessionScavenger set, using defaults
2021-08-11 23:24:18,009 [Listener at 127.0.0.1/35819] INFO  server.session (HouseKeeper.java:startScavenging(132)) - node0 Scavenging every 600000ms
2021-08-11 23:24:18,009 [Listener at 127.0.0.1/35819] INFO  handler.ContextHandler (ContextHandler.java:doStart(915)) - Started o.e.j.s.ServletContextHandler@553f411b{logs,/logs,file:///home/runner/work/ozone/ozone/hadoop-ozone/integration-test/target/log,AVAILABLE}
2021-08-11 23:24:18,010 [Listener at 127.0.0.1/35819] INFO  handler.ContextHandler (ContextHandler.java:doStart(915)) - Started o.e.j.s.ServletContextHandler@3a49c558{static,/static,jar:file:/home/runner/.m2/repository/org/apache/ozone/hdds-container-service/1.2.0-SNAPSHOT/hdds-container-service-1.2.0-SNAPSHOT.jar!/webapps/static,AVAILABLE}
2021-08-11 23:24:18,098 [Listener at 127.0.0.1/35819] INFO  handler.ContextHandler (ContextHandler.java:doStart(915)) - Started o.e.j.w.WebAppContext@49249169{hddsDatanode,/,file:///tmp/jetty-0_0_0_0-45391-hdds-container-service-1_2_0-SNAPSHOT_jar-_-any-8745254973772997325/webapp/,AVAILABLE}{jar:file:/home/runner/.m2/repository/org/apache/ozone/hdds-container-service/1.2.0-SNAPSHOT/hdds-container-service-1.2.0-SNAPSHOT.jar!/webapps/hddsDatanode}
2021-08-11 23:24:18,112 [Listener at 127.0.0.1/35819] INFO  server.AbstractConnector (AbstractConnector.java:doStart(331)) - Started ServerConnector@5b47dab5{HTTP/1.1, (http/1.1)}{0.0.0.0:45391}
2021-08-11 23:24:18,113 [Listener at 127.0.0.1/35819] INFO  server.Server (Server.java:doStart(415)) - Started @49665ms
2021-08-11 23:24:18,113 [Listener at 127.0.0.1/35819] WARN  impl.MetricsSystemImpl (MetricsSystemImpl.java:register(279)) - Sink prometheus already exists!
2021-08-11 23:24:18,113 [Listener at 127.0.0.1/35819] INFO  http.BaseHttpServer (BaseHttpServer.java:updateConnectorAddress(329)) - HTTP server of hddsDatanode listening at http://0.0.0.0:45391
2021-08-11 23:24:18,124 [Listener at 127.0.0.1/35819] WARN  impl.MetricRegistriesImpl (MetricRegistriesImpl.java:addReporterRegistration(111)) - New reporters are added after registries were created. Some metrics will be missing from the reporter. Please add reporter before adding any new registry.
2021-08-11 23:24:18,125 [Listener at 127.0.0.1/35819] WARN  impl.MetricRegistriesImpl (MetricRegistriesImpl.java:addReporterRegistration(111)) - New reporters are added after registries were created. Some metrics will be missing from the reporter. Please add reporter before adding any new registry.
2021-08-11 23:24:18,125 [Listener at 127.0.0.1/35819] INFO  impl.MetricsSystemImpl (MetricsSystemImpl.java:init(158)) - HddsDatanode metrics system started (again)
2021-08-11 23:24:18,156 [Listener at 127.0.0.1/35819] INFO  ozone.HddsDatanodeService (HddsDatanodeService.java:start(234)) - HddsDatanodeService host:fv-az12-896.exdb2aeach2ezidoxz41lk3bwg.cx.internal.cloudapp.net ip:10.1.0.25
2021-08-11 23:24:18,187 [Listener at 127.0.0.1/35819] INFO  upgrade.AbstractLayoutVersionManager (AbstractLayoutVersionManager.java:init(70)) - Initializing Layout version manager with metadata layout = SCM_HA (version = 2), software layout = SCM_HA (version = 2)
2021-08-11 23:24:18,204 [org.apache.hadoop.util.JvmPauseMonitor$Monitor@67a0460d] INFO  util.JvmPauseMonitor (JvmPauseMonitor.java:run(188)) - Starting JVM pause monitor
2021-08-11 23:24:18,220 [Datanode State Machine Task Thread - 0] INFO  datanode.InitDatanodeState (InitDatanodeState.java:persistContainerDatanodeDetails(145)) - DatanodeDetails is persisted to /home/runner/work/ozone/ozone/hadoop-ozone/integration-test/target/test-dir/MiniOzoneClusterImpl-4315cdcd-d3fc-449b-ab87-b0d46a3c32e7/datanode-1/meta/datanode.id
2021-08-11 23:24:18,256 [Listener at 127.0.0.1/35819] INFO  reflections.Reflections (Reflections.java:scan(232)) - Reflections took 68 ms to scan 7 urls, producing 120 keys and 275 values 
2021-08-11 23:24:18,271 [Listener at 127.0.0.1/35819] INFO  volume.HddsVolume (HddsVolume.java:<init>(120)) - Creating HddsVolume: /home/runner/work/ozone/ozone/hadoop-ozone/integration-test/target/test-dir/MiniOzoneClusterImpl-4315cdcd-d3fc-449b-ab87-b0d46a3c32e7/datanode-2/data-0/containers/hdds of storage type : DISK capacity : 9223372036854775807
2021-08-11 23:24:18,271 [Listener at 127.0.0.1/35819] INFO  volume.MutableVolumeSet (MutableVolumeSet.java:initializeVolumeSet(181)) - Added Volume : /home/runner/work/ozone/ozone/hadoop-ozone/integration-test/target/test-dir/MiniOzoneClusterImpl-4315cdcd-d3fc-449b-ab87-b0d46a3c32e7/datanode-2/data-0/containers/hdds to VolumeSet
2021-08-11 23:24:18,271 [Listener at 127.0.0.1/35819] INFO  volume.ThrottledAsyncChecker (ThrottledAsyncChecker.java:schedule(141)) - Scheduling a check for /home/runner/work/ozone/ozone/hadoop-ozone/integration-test/target/test-dir/MiniOzoneClusterImpl-4315cdcd-d3fc-449b-ab87-b0d46a3c32e7/datanode-2/data-0/containers/hdds
2021-08-11 23:24:18,288 [Listener at 127.0.0.1/35819] INFO  volume.StorageVolumeChecker (StorageVolumeChecker.java:checkAllVolumes(202)) - Scheduled health check for volume /home/runner/work/ozone/ozone/hadoop-ozone/integration-test/target/test-dir/MiniOzoneClusterImpl-4315cdcd-d3fc-449b-ab87-b0d46a3c32e7/datanode-2/data-0/containers/hdds
2021-08-11 23:24:18,308 [Listener at 127.0.0.1/35819] INFO  volume.MutableVolumeSet (MutableVolumeSet.java:initializeVolumeSet(181)) - Added Volume : /home/runner/work/ozone/ozone/hadoop-ozone/integration-test/target/test-dir/MiniOzoneClusterImpl-4315cdcd-d3fc-449b-ab87-b0d46a3c32e7/datanode-2/data/ratis to VolumeSet
2021-08-11 23:24:18,308 [Listener at 127.0.0.1/35819] INFO  volume.ThrottledAsyncChecker (ThrottledAsyncChecker.java:schedule(141)) - Scheduling a check for /home/runner/work/ozone/ozone/hadoop-ozone/integration-test/target/test-dir/MiniOzoneClusterImpl-4315cdcd-d3fc-449b-ab87-b0d46a3c32e7/datanode-2/data/ratis
2021-08-11 23:24:18,308 [Listener at 127.0.0.1/35819] INFO  volume.StorageVolumeChecker (StorageVolumeChecker.java:checkAllVolumes(202)) - Scheduled health check for volume /home/runner/work/ozone/ozone/hadoop-ozone/integration-test/target/test-dir/MiniOzoneClusterImpl-4315cdcd-d3fc-449b-ab87-b0d46a3c32e7/datanode-2/data/ratis
2021-08-11 23:24:18,362 [Listener at 127.0.0.1/35819] INFO  ozoneimpl.ContainerReader (ContainerReader.java:<init>(98)) - Running in upgrade mode:true
2021-08-11 23:24:18,375 [Thread-3486] INFO  ozoneimpl.ContainerReader (ContainerReader.java:readVolume(142)) - Start to verify containers on volume /home/runner/work/ozone/ozone/hadoop-ozone/integration-test/target/test-dir/MiniOzoneClusterImpl-4315cdcd-d3fc-449b-ab87-b0d46a3c32e7/datanode-2/data-0/containers/hdds
2021-08-11 23:24:18,375 [Thread-3486] INFO  ozoneimpl.ContainerReader (ContainerReader.java:readVolume(174)) - Finish verifying containers on volume /home/runner/work/ozone/ozone/hadoop-ozone/integration-test/target/test-dir/MiniOzoneClusterImpl-4315cdcd-d3fc-449b-ab87-b0d46a3c32e7/datanode-2/data-0/containers/hdds
2021-08-11 23:24:18,375 [Listener at 127.0.0.1/35819] INFO  ozoneimpl.OzoneContainer (OzoneContainer.java:buildContainerSet(237)) - Build ContainerSet costs 0s
2021-08-11 23:24:18,380 [om1@group-C5BA1605619E-FollowerState] INFO  impl.FollowerState (FollowerState.java:run(134)) - om1@group-C5BA1605619E-FollowerState: change to CANDIDATE, lastRpcElapsedTime:1020715106ns, electionTimeout:1013ms
2021-08-11 23:24:18,380 [om1@group-C5BA1605619E-FollowerState] INFO  impl.RoleInfo (RoleInfo.java:shutdownFollowerState(108)) - om1: shutdown om1@group-C5BA1605619E-FollowerState
2021-08-11 23:24:18,380 [om1@group-C5BA1605619E-FollowerState] INFO  server.RaftServer$Division (RaftServerImpl.java:setRole(285)) - om1@group-C5BA1605619E: changes role from  FOLLOWER to CANDIDATE at term 0 for changeToCandidate
2021-08-11 23:24:18,380 [Listener at 127.0.0.1/35819] INFO  server.RaftServer (ConfUtils.java:logGet(44)) - raft.rpc.type = GRPC (default)
2021-08-11 23:24:18,380 [om1@group-C5BA1605619E-FollowerState] INFO  server.RaftServerConfigKeys (ConfUtils.java:logGet(44)) - raft.server.leaderelection.pre-vote = false (custom)
2021-08-11 23:24:18,382 [om1@group-C5BA1605619E-FollowerState] INFO  impl.RoleInfo (RoleInfo.java:updateAndGet(130)) - om1: start om1@group-C5BA1605619E-LeaderElection5
2021-08-11 23:24:18,382 [Listener at 127.0.0.1/35819] INFO  grpc.GrpcFactory (GrpcFactory.java:checkPooledByteBufAllocatorUseCacheForAllThreads(48)) - PERFORMANCE WARNING: useCacheForAllThreads is true that may cause Netty to create a lot garbage objects and, as a result, trigger GC.
	It is recommended to disable useCacheForAllThreads by setting -Dorg.apache.ratis.thirdparty.io.netty.allocator.useCacheForAllThreads=false in command line.
2021-08-11 23:24:18,382 [Listener at 127.0.0.1/35819] INFO  grpc.GrpcConfigKeys (ConfUtils.java:logGet(44)) - raft.grpc.admin.port = 0 (custom)
2021-08-11 23:24:18,382 [Listener at 127.0.0.1/35819] INFO  grpc.GrpcConfigKeys (ConfUtils.java:logGet(44)) - raft.grpc.client.port = 0 (custom)
2021-08-11 23:24:18,382 [Listener at 127.0.0.1/35819] INFO  grpc.GrpcConfigKeys (ConfUtils.java:logGet(44)) - raft.grpc.server.port = 0 (default)
2021-08-11 23:24:18,383 [Listener at 127.0.0.1/35819] INFO  server.GrpcService (ConfUtils.java:logGet(44)) - raft.grpc.message.size.max = 32MB (=33554432) (custom)
2021-08-11 23:24:18,383 [Listener at 127.0.0.1/35819] INFO  server.RaftServerConfigKeys (ConfUtils.java:logGet(44)) - raft.server.log.appender.buffer.byte-limit = 33554432 (custom)
2021-08-11 23:24:18,388 [Listener at 127.0.0.1/35819] INFO  server.GrpcService (ConfUtils.java:logGet(44)) - raft.grpc.flow.control.window = 5MB (=5242880) (custom)
2021-08-11 23:24:18,388 [Listener at 127.0.0.1/35819] INFO  server.RaftServerConfigKeys (ConfUtils.java:logGet(44)) - raft.server.rpc.request.timeout = 60s (custom)
2021-08-11 23:24:18,389 [Listener at 127.0.0.1/35819] INFO  impl.DataStreamServerImpl (ConfUtils.java:logGet(44)) - raft.datastream.type = DISABLED (default)
2021-08-11 23:24:18,389 [Listener at 127.0.0.1/35819] INFO  server.RaftServerConfigKeys (ConfUtils.java:logGet(44)) - raft.server.rpc.slowness.timeout = 300s (custom)
2021-08-11 23:24:18,389 [Listener at 127.0.0.1/35819] INFO  server.RaftServerConfigKeys (ConfUtils.java:logGet(44)) - raft.server.leaderelection.leader.step-down.wait-time = 10s (default)
2021-08-11 23:24:18,389 [Listener at 127.0.0.1/35819] INFO  server.RaftServerConfigKeys (ConfUtils.java:logGet(44)) - raft.server.storage.dir = [/home/runner/work/ozone/ozone/hadoop-ozone/integration-test/target/test-dir/MiniOzoneClusterImpl-4315cdcd-d3fc-449b-ab87-b0d46a3c32e7/datanode-2/data/ratis] (custom)
2021-08-11 23:24:18,407 [Listener at 127.0.0.1/35819] INFO  http.BaseHttpServer (BaseHttpServer.java:newHttpServer2BuilderForOzone(209)) - Starting Web-server for hddsDatanode at: http://0.0.0.0:0
2021-08-11 23:24:18,407 [Listener at 127.0.0.1/35819] INFO  http.BaseHttpServer (BaseHttpServer.java:<init>(107)) - Hadoop Security Enabled: false Ozone Security Enabled: false Ozone HTTP Security Enabled: false 
2021-08-11 23:24:18,408 [Listener at 127.0.0.1/35819] INFO  server.AuthenticationFilter (AuthenticationFilter.java:constructSecretProvider(240)) - Unable to initialize FileSignerSecretProvider, falling back to use random secrets.
2021-08-11 23:24:18,409 [om1@group-C5BA1605619E-LeaderElection5] INFO  impl.LeaderElection (LeaderElection.java:askForVotes(306)) - om1@group-C5BA1605619E-LeaderElection5 ELECTION round 0: submit vote requests at term 1 for -1: [om1|rpc:localhost:9872|priority:0], old=null
2021-08-11 23:24:18,410 [om1@group-C5BA1605619E-LeaderElection5] INFO  impl.LeaderElection (LeaderElection.java:askForVotes(308)) - om1@group-C5BA1605619E-LeaderElection5 ELECTION round 0: result PASSED (term=1)
2021-08-11 23:24:18,410 [om1@group-C5BA1605619E-LeaderElection5] INFO  impl.RoleInfo (RoleInfo.java:shutdownLeaderElection(121)) - om1: shutdown om1@group-C5BA1605619E-LeaderElection5
2021-08-11 23:24:18,410 [om1@group-C5BA1605619E-LeaderElection5] INFO  server.RaftServer$Division (RaftServerImpl.java:setRole(285)) - om1@group-C5BA1605619E: changes role from CANDIDATE to LEADER at term 1 for changeToLeader
2021-08-11 23:24:18,410 [om1@group-C5BA1605619E-LeaderElection5] INFO  server.RaftServer$Division (ServerState.java:setLeader(285)) - om1@group-C5BA1605619E: change Leader from null to om1 at term 1 for becomeLeader, leader elected after 1112ms
2021-08-11 23:24:18,410 [om1@group-C5BA1605619E-LeaderElection5] INFO  server.RaftServerConfigKeys (ConfUtils.java:logGet(44)) - raft.server.staging.catchup.gap = 1000 (default)
2021-08-11 23:24:18,412 [Listener at 127.0.0.1/35819] WARN  http.HttpRequestLog (HttpRequestLog.java:getRequestLog(103)) - Jetty request log can only be enabled using Log4j
2021-08-11 23:24:18,413 [Listener at 127.0.0.1/35819] INFO  http.HttpServer2 (HttpServer2.java:addGlobalFilter(1020)) - Added global filter 'safety' (class=org.apache.hadoop.hdds.server.http.HttpServer2$QuotingInputFilter)
2021-08-11 23:24:18,431 [Listener at 127.0.0.1/35819] INFO  http.HttpServer2 (HttpServer2.java:addFilter(996)) - Added filter static_user_filter (class=org.apache.hadoop.http.lib.StaticUserWebFilter$StaticUserFilter) to context hddsDatanode
2021-08-11 23:24:18,431 [Listener at 127.0.0.1/35819] INFO  http.HttpServer2 (HttpServer2.java:addFilter(1004)) - Added filter static_user_filter (class=org.apache.hadoop.http.lib.StaticUserWebFilter$StaticUserFilter) to context static
2021-08-11 23:24:18,431 [Listener at 127.0.0.1/35819] INFO  http.HttpServer2 (HttpServer2.java:addFilter(1004)) - Added filter static_user_filter (class=org.apache.hadoop.http.lib.StaticUserWebFilter$StaticUserFilter) to context logs
2021-08-11 23:24:18,431 [Listener at 127.0.0.1/35819] INFO  http.HttpServer2 (HttpServer2.java:bindListener(1239)) - Jetty bound to port 41291
2021-08-11 23:24:18,432 [Listener at 127.0.0.1/35819] INFO  server.Server (Server.java:doStart(375)) - jetty-9.4.43.v20210629; built: 2021-06-30T11:07:22.254Z; git: 526006ecfa3af7f1a27ef3a288e2bef7ea9dd7e8; jvm 1.8.0_292-b10
2021-08-11 23:24:18,488 [Listener at 127.0.0.1/35819] INFO  server.session (DefaultSessionIdManager.java:doStart(334)) - DefaultSessionIdManager workerName=node0
2021-08-11 23:24:18,489 [Listener at 127.0.0.1/35819] INFO  server.session (DefaultSessionIdManager.java:doStart(339)) - No SessionScavenger set, using defaults
2021-08-11 23:24:18,489 [Listener at 127.0.0.1/35819] INFO  server.session (HouseKeeper.java:startScavenging(132)) - node0 Scavenging every 600000ms
2021-08-11 23:24:18,489 [om1@group-C5BA1605619E-LeaderElection5] INFO  server.RaftServerConfigKeys (ConfUtils.java:logGet(44)) - raft.server.write.element-limit = 4096 (default)
2021-08-11 23:24:18,489 [om1@group-C5BA1605619E-LeaderElection5] INFO  server.RaftServerConfigKeys (ConfUtils.java:logGet(44)) - raft.server.write.byte-limit = 64MB (=67108864) (default)
2021-08-11 23:24:18,490 [om1@group-C5BA1605619E-LeaderElection5] INFO  server.RaftServerConfigKeys (ConfUtils.java:logGet(44)) - raft.server.watch.timeout = 10s (default)
2021-08-11 23:24:18,490 [om1@group-C5BA1605619E-LeaderElection5] INFO  server.RaftServerConfigKeys (ConfUtils.java:logGet(44)) - raft.server.watch.timeout.denomination = 1s (default)
2021-08-11 23:24:18,490 [om1@group-C5BA1605619E-LeaderElection5] INFO  server.RaftServerConfigKeys (ConfUtils.java:logGet(44)) - raft.server.watch.element-limit = 65536 (default)
2021-08-11 23:24:18,490 [om1@group-C5BA1605619E-LeaderElection5] INFO  impl.RoleInfo (RoleInfo.java:updateAndGet(130)) - om1: start om1@group-C5BA1605619E-LeaderStateImpl
2021-08-11 23:24:18,490 [om1@group-C5BA1605619E-LeaderElection5] INFO  segmented.SegmentedRaftLogWorker (SegmentedRaftLogWorker.java:startLogSegment(394)) - om1@group-C5BA1605619E-SegmentedRaftLogWorker: Starting segment from index:0
2021-08-11 23:24:18,496 [Listener at 127.0.0.1/35819] INFO  handler.ContextHandler (ContextHandler.java:doStart(915)) - Started o.e.j.s.ServletContextHandler@5e250a1a{logs,/logs,file:///home/runner/work/ozone/ozone/hadoop-ozone/integration-test/target/log,AVAILABLE}
2021-08-11 23:24:18,500 [Listener at 127.0.0.1/35819] INFO  handler.ContextHandler (ContextHandler.java:doStart(915)) - Started o.e.j.s.ServletContextHandler@1364f66a{static,/static,jar:file:/home/runner/.m2/repository/org/apache/ozone/hdds-container-service/1.2.0-SNAPSHOT/hdds-container-service-1.2.0-SNAPSHOT.jar!/webapps/static,AVAILABLE}
2021-08-11 23:24:18,504 [om1@group-C5BA1605619E-SegmentedRaftLogWorker] INFO  segmented.SegmentedRaftLogWorker (SegmentedRaftLogWorker.java:execute(601)) - om1@group-C5BA1605619E-SegmentedRaftLogWorker: created new log segment /home/runner/work/ozone/ozone/hadoop-ozone/integration-test/target/test-dir/MiniOzoneClusterImpl-4315cdcd-d3fc-449b-ab87-b0d46a3c32e7/ozone-meta/ratis/bf265839-605b-3f16-9796-c5ba1605619e/current/log_inprogress_0
2021-08-11 23:24:18,513 [om1@group-C5BA1605619E-LeaderElection5] INFO  server.RaftServer$Division (ServerState.java:setRaftConf(387)) - om1@group-C5BA1605619E: set configuration 0: [om1|rpc:localhost:9872|admin:|client:|dataStream:|priority:0], old=null
2021-08-11 23:24:18,525 [om1@group-C5BA1605619E-StateMachineUpdater] INFO  ratis.OzoneManagerStateMachine (OzoneManagerStateMachine.java:notifyConfigurationChanged(188)) - Received Configuration change notification from Ratis. New Peer list:
[id: "om1"
address: "localhost:9872"
]
2021-08-11 23:24:18,556 [Listener at 127.0.0.1/35819] INFO  handler.ContextHandler (ContextHandler.java:doStart(915)) - Started o.e.j.w.WebAppContext@1864d760{hddsDatanode,/,file:///tmp/jetty-0_0_0_0-41291-hdds-container-service-1_2_0-SNAPSHOT_jar-_-any-376654823227997185/webapp/,AVAILABLE}{jar:file:/home/runner/.m2/repository/org/apache/ozone/hdds-container-service/1.2.0-SNAPSHOT/hdds-container-service-1.2.0-SNAPSHOT.jar!/webapps/hddsDatanode}
2021-08-11 23:24:18,559 [Listener at 127.0.0.1/35819] INFO  server.AbstractConnector (AbstractConnector.java:doStart(331)) - Started ServerConnector@71c8e40e{HTTP/1.1, (http/1.1)}{0.0.0.0:41291}
2021-08-11 23:24:18,559 [Listener at 127.0.0.1/35819] INFO  server.Server (Server.java:doStart(415)) - Started @50111ms
2021-08-11 23:24:18,559 [Listener at 127.0.0.1/35819] WARN  impl.MetricsSystemImpl (MetricsSystemImpl.java:register(279)) - Sink prometheus already exists!
2021-08-11 23:24:18,560 [Listener at 127.0.0.1/35819] INFO  http.BaseHttpServer (BaseHttpServer.java:updateConnectorAddress(329)) - HTTP server of hddsDatanode listening at http://0.0.0.0:41291
2021-08-11 23:24:18,561 [Listener at 127.0.0.1/35819] INFO  ozone.MiniOzoneClusterImpl (MiniOzoneClusterImpl.java:lambda$waitForClusterToBeReady$0(235)) - Waiting for nodes to be ready. Got 0 of 3 DN Heartbeats.
2021-08-11 23:24:18,561 [Listener at 127.0.0.1/35819] INFO  ozone.MiniOzoneClusterImpl (MiniOzoneClusterImpl.java:lambda$waitForClusterToBeReady$0(238)) - Waiting for cluster to exit safe mode
2021-08-11 23:24:18,561 [Listener at 127.0.0.1/35819] INFO  ozone.MiniOzoneClusterImpl (MiniOzoneClusterImpl.java:lambda$waitForClusterToBeReady$0(240)) - SCM became leader
2021-08-11 23:24:18,593 [org.apache.hadoop.util.JvmPauseMonitor$Monitor@321ab929] INFO  util.JvmPauseMonitor (JvmPauseMonitor.java:run(188)) - Starting JVM pause monitor
2021-08-11 23:24:18,599 [Datanode State Machine Task Thread - 0] INFO  datanode.InitDatanodeState (InitDatanodeState.java:persistContainerDatanodeDetails(145)) - DatanodeDetails is persisted to /home/runner/work/ozone/ozone/hadoop-ozone/integration-test/target/test-dir/MiniOzoneClusterImpl-4315cdcd-d3fc-449b-ab87-b0d46a3c32e7/datanode-2/meta/datanode.id
2021-08-11 23:24:19,561 [Listener at 127.0.0.1/35819] INFO  ozone.MiniOzoneClusterImpl (MiniOzoneClusterImpl.java:lambda$waitForClusterToBeReady$0(235)) - Waiting for nodes to be ready. Got 0 of 3 DN Heartbeats.
2021-08-11 23:24:19,561 [Listener at 127.0.0.1/35819] INFO  ozone.MiniOzoneClusterImpl (MiniOzoneClusterImpl.java:lambda$waitForClusterToBeReady$0(238)) - Waiting for cluster to exit safe mode
2021-08-11 23:24:19,561 [Listener at 127.0.0.1/35819] INFO  ozone.MiniOzoneClusterImpl (MiniOzoneClusterImpl.java:lambda$waitForClusterToBeReady$0(240)) - SCM became leader
2021-08-11 23:24:19,775 [EndpointStateMachine task thread for /0.0.0.0:46673 - 0 ] INFO  ozoneimpl.OzoneContainer (OzoneContainer.java:start(305)) - Attempting to start container services.
2021-08-11 23:24:19,775 [EndpointStateMachine task thread for /0.0.0.0:46673 - 0 ] INFO  ozoneimpl.OzoneContainer (OzoneContainer.java:startContainerScrub(250)) - Background container scanner has been disabled.
2021-08-11 23:24:19,776 [EndpointStateMachine task thread for /0.0.0.0:46673 - 0 ] INFO  replication.ReplicationServer (ReplicationServer.java:start(106)) - ReplicationServer is started using port 34751
2021-08-11 23:24:19,777 [EndpointStateMachine task thread for /0.0.0.0:46673 - 0 ] INFO  ratis.XceiverServerRatis (XceiverServerRatis.java:start(482)) - Starting XceiverServerRatis 4bb1aeed-fabd-4403-b6c4-d79196e9cdee
2021-08-11 23:24:19,784 [EndpointStateMachine task thread for /0.0.0.0:46673 - 0 ] INFO  server.RaftServer (RaftServerProxy.java:lambda$start$5(374)) - 4bb1aeed-fabd-4403-b6c4-d79196e9cdee: start RPC server
2021-08-11 23:24:19,784 [EndpointStateMachine task thread for /0.0.0.0:46673 - 0 ] INFO  server.GrpcService (GrpcService.java:startImpl(253)) - 4bb1aeed-fabd-4403-b6c4-d79196e9cdee: GrpcService started, listening on 36659
2021-08-11 23:24:19,785 [EndpointStateMachine task thread for /0.0.0.0:46673 - 0 ] INFO  ratis.XceiverServerRatis (XceiverServerRatis.java:getRealPort(503)) - XceiverServerRatis 4bb1aeed-fabd-4403-b6c4-d79196e9cdee is started using port 36659 for RATIS
2021-08-11 23:24:19,785 [EndpointStateMachine task thread for /0.0.0.0:46673 - 0 ] INFO  ratis.XceiverServerRatis (XceiverServerRatis.java:getRealPort(503)) - XceiverServerRatis 4bb1aeed-fabd-4403-b6c4-d79196e9cdee is started using port 36659 for RATIS_ADMIN
2021-08-11 23:24:19,785 [EndpointStateMachine task thread for /0.0.0.0:46673 - 0 ] INFO  ratis.XceiverServerRatis (XceiverServerRatis.java:getRealPort(503)) - XceiverServerRatis 4bb1aeed-fabd-4403-b6c4-d79196e9cdee is started using port 36659 for RATIS_SERVER
2021-08-11 23:24:19,788 [EndpointStateMachine task thread for /0.0.0.0:46673 - 0 ] INFO  server.XceiverServerGrpc (XceiverServerGrpc.java:start(135)) - XceiverServerGrpc 4bb1aeed-fabd-4403-b6c4-d79196e9cdee is started using port 34429
2021-08-11 23:24:19,790 [org.apache.ratis.util.JvmPauseMonitor$$Lambda$531/740858526@ba58595] INFO  util.JvmPauseMonitor (JvmPauseMonitor.java:run(103)) - JvmPauseMonitor-4bb1aeed-fabd-4403-b6c4-d79196e9cdee: Started
2021-08-11 23:24:20,212 [EndpointStateMachine task thread for /0.0.0.0:46673 - 0 ] INFO  ozoneimpl.OzoneContainer (OzoneContainer.java:start(305)) - Attempting to start container services.
2021-08-11 23:24:20,213 [EndpointStateMachine task thread for /0.0.0.0:46673 - 0 ] INFO  ozoneimpl.OzoneContainer (OzoneContainer.java:startContainerScrub(250)) - Background container scanner has been disabled.
2021-08-11 23:24:20,214 [EndpointStateMachine task thread for /0.0.0.0:46673 - 0 ] INFO  replication.ReplicationServer (ReplicationServer.java:start(106)) - ReplicationServer is started using port 38383
2021-08-11 23:24:20,216 [EndpointStateMachine task thread for /0.0.0.0:46673 - 0 ] INFO  ratis.XceiverServerRatis (XceiverServerRatis.java:start(482)) - Starting XceiverServerRatis 0b67ed8f-f606-4780-b5a7-a4fc9fccae6a
2021-08-11 23:24:20,237 [EndpointStateMachine task thread for /0.0.0.0:46673 - 0 ] INFO  server.RaftServer (RaftServerProxy.java:lambda$start$5(374)) - 0b67ed8f-f606-4780-b5a7-a4fc9fccae6a: start RPC server
2021-08-11 23:24:20,238 [EndpointStateMachine task thread for /0.0.0.0:46673 - 0 ] INFO  server.GrpcService (GrpcService.java:startImpl(253)) - 0b67ed8f-f606-4780-b5a7-a4fc9fccae6a: GrpcService started, listening on 45237
2021-08-11 23:24:20,240 [EndpointStateMachine task thread for /0.0.0.0:46673 - 0 ] INFO  ratis.XceiverServerRatis (XceiverServerRatis.java:getRealPort(503)) - XceiverServerRatis 0b67ed8f-f606-4780-b5a7-a4fc9fccae6a is started using port 45237 for RATIS
2021-08-11 23:24:20,240 [EndpointStateMachine task thread for /0.0.0.0:46673 - 0 ] INFO  ratis.XceiverServerRatis (XceiverServerRatis.java:getRealPort(503)) - XceiverServerRatis 0b67ed8f-f606-4780-b5a7-a4fc9fccae6a is started using port 45237 for RATIS_ADMIN
2021-08-11 23:24:20,240 [EndpointStateMachine task thread for /0.0.0.0:46673 - 0 ] INFO  ratis.XceiverServerRatis (XceiverServerRatis.java:getRealPort(503)) - XceiverServerRatis 0b67ed8f-f606-4780-b5a7-a4fc9fccae6a is started using port 45237 for RATIS_SERVER
2021-08-11 23:24:20,245 [EndpointStateMachine task thread for /0.0.0.0:46673 - 0 ] INFO  server.XceiverServerGrpc (XceiverServerGrpc.java:start(135)) - XceiverServerGrpc 0b67ed8f-f606-4780-b5a7-a4fc9fccae6a is started using port 42107
2021-08-11 23:24:20,250 [org.apache.ratis.util.JvmPauseMonitor$$Lambda$531/740858526@197ff5c3] INFO  util.JvmPauseMonitor (JvmPauseMonitor.java:run(103)) - JvmPauseMonitor-0b67ed8f-f606-4780-b5a7-a4fc9fccae6a: Started
2021-08-11 23:24:20,561 [Listener at 127.0.0.1/35819] INFO  ozone.MiniOzoneClusterImpl (MiniOzoneClusterImpl.java:lambda$waitForClusterToBeReady$0(235)) - Waiting for nodes to be ready. Got 0 of 3 DN Heartbeats.
2021-08-11 23:24:20,562 [Listener at 127.0.0.1/35819] INFO  ozone.MiniOzoneClusterImpl (MiniOzoneClusterImpl.java:lambda$waitForClusterToBeReady$0(238)) - Waiting for cluster to exit safe mode
2021-08-11 23:24:20,562 [Listener at 127.0.0.1/35819] INFO  ozone.MiniOzoneClusterImpl (MiniOzoneClusterImpl.java:lambda$waitForClusterToBeReady$0(240)) - SCM became leader
2021-08-11 23:24:20,599 [EndpointStateMachine task thread for /0.0.0.0:46673 - 0 ] INFO  ozoneimpl.OzoneContainer (OzoneContainer.java:start(305)) - Attempting to start container services.
2021-08-11 23:24:20,599 [EndpointStateMachine task thread for /0.0.0.0:46673 - 0 ] INFO  ozoneimpl.OzoneContainer (OzoneContainer.java:startContainerScrub(250)) - Background container scanner has been disabled.
2021-08-11 23:24:20,601 [EndpointStateMachine task thread for /0.0.0.0:46673 - 0 ] INFO  replication.ReplicationServer (ReplicationServer.java:start(106)) - ReplicationServer is started using port 37961
2021-08-11 23:24:20,601 [EndpointStateMachine task thread for /0.0.0.0:46673 - 0 ] INFO  ratis.XceiverServerRatis (XceiverServerRatis.java:start(482)) - Starting XceiverServerRatis fcd6b89e-16e4-41c9-a02b-be5b8824d40a
2021-08-11 23:24:20,609 [EndpointStateMachine task thread for /0.0.0.0:46673 - 0 ] INFO  server.RaftServer (RaftServerProxy.java:lambda$start$5(374)) - fcd6b89e-16e4-41c9-a02b-be5b8824d40a: start RPC server
2021-08-11 23:24:20,611 [EndpointStateMachine task thread for /0.0.0.0:46673 - 0 ] INFO  server.GrpcService (GrpcService.java:startImpl(253)) - fcd6b89e-16e4-41c9-a02b-be5b8824d40a: GrpcService started, listening on 44867
2021-08-11 23:24:20,612 [EndpointStateMachine task thread for /0.0.0.0:46673 - 0 ] INFO  ratis.XceiverServerRatis (XceiverServerRatis.java:getRealPort(503)) - XceiverServerRatis fcd6b89e-16e4-41c9-a02b-be5b8824d40a is started using port 44867 for RATIS
2021-08-11 23:24:20,612 [EndpointStateMachine task thread for /0.0.0.0:46673 - 0 ] INFO  ratis.XceiverServerRatis (XceiverServerRatis.java:getRealPort(503)) - XceiverServerRatis fcd6b89e-16e4-41c9-a02b-be5b8824d40a is started using port 44867 for RATIS_ADMIN
2021-08-11 23:24:20,612 [EndpointStateMachine task thread for /0.0.0.0:46673 - 0 ] INFO  ratis.XceiverServerRatis (XceiverServerRatis.java:getRealPort(503)) - XceiverServerRatis fcd6b89e-16e4-41c9-a02b-be5b8824d40a is started using port 44867 for RATIS_SERVER
2021-08-11 23:24:20,617 [EndpointStateMachine task thread for /0.0.0.0:46673 - 0 ] INFO  server.XceiverServerGrpc (XceiverServerGrpc.java:start(135)) - XceiverServerGrpc fcd6b89e-16e4-41c9-a02b-be5b8824d40a is started using port 35621
2021-08-11 23:24:20,618 [org.apache.ratis.util.JvmPauseMonitor$$Lambda$531/740858526@2ed4ac7d] INFO  util.JvmPauseMonitor (JvmPauseMonitor.java:run(103)) - JvmPauseMonitor-fcd6b89e-16e4-41c9-a02b-be5b8824d40a: Started
2021-08-11 23:24:21,562 [Listener at 127.0.0.1/35819] INFO  ozone.MiniOzoneClusterImpl (MiniOzoneClusterImpl.java:lambda$waitForClusterToBeReady$0(235)) - Waiting for nodes to be ready. Got 0 of 3 DN Heartbeats.
2021-08-11 23:24:21,562 [Listener at 127.0.0.1/35819] INFO  ozone.MiniOzoneClusterImpl (MiniOzoneClusterImpl.java:lambda$waitForClusterToBeReady$0(238)) - Waiting for cluster to exit safe mode
2021-08-11 23:24:21,562 [Listener at 127.0.0.1/35819] INFO  ozone.MiniOzoneClusterImpl (MiniOzoneClusterImpl.java:lambda$waitForClusterToBeReady$0(240)) - SCM became leader
2021-08-11 23:24:21,751 [IPC Server handler 2 on default port 46673] INFO  net.NetworkTopologyImpl (NetworkTopologyImpl.java:add(112)) - Added a new node: /default-rack/4bb1aeed-fabd-4403-b6c4-d79196e9cdee
2021-08-11 23:24:21,751 [IPC Server handler 2 on default port 46673] INFO  node.SCMNodeManager (SCMNodeManager.java:register(390)) - Registered Data node : 4bb1aeed-fabd-4403-b6c4-d79196e9cdee{ip: 10.1.0.25, host: fv-az12-896.exdb2aeach2ezidoxz41lk3bwg.cx.internal.cloudapp.net, ports: [REPLICATION=34751, RATIS=36659, RATIS_ADMIN=36659, RATIS_SERVER=36659, STANDALONE=34429], networkLocation: /default-rack, certSerialId: null, persistedOpState: null, persistedOpStateExpiryEpochSec: 0}
2021-08-11 23:24:21,753 [EventQueue-NodeRegistrationContainerReportForContainerSafeModeRule] INFO  safemode.SCMSafeModeManager (SCMSafeModeManager.java:validateSafeModeExitRules(204)) - ContainerSafeModeRule rule is successfully validated
2021-08-11 23:24:21,754 [EventQueue-NodeRegistrationContainerReportForDataNodeSafeModeRule] INFO  safemode.SCMSafeModeManager (DataNodeSafeModeRule.java:process(71)) - SCM in safe mode. 1 DataNodes registered, 3 required.
2021-08-11 23:24:21,755 [EventQueue-PipelineReportForOneReplicaPipelineSafeModeRule] INFO  safemode.SCMSafeModeManager (SCMSafeModeManager.java:validateSafeModeExitRules(204)) - AtleastOneDatanodeReportedRule rule is successfully validated
2021-08-11 23:24:21,755 [EventQueue-NewNodeForNewNodeHandler] INFO  pipeline.BackgroundPipelineCreator (BackgroundPipelineCreatorV2.java:notifyEventTriggered(285)) - trigger a one-shot run on RatisPipelineUtilsThread.
2021-08-11 23:24:22,206 [IPC Server handler 0 on default port 46673] INFO  net.NetworkTopologyImpl (NetworkTopologyImpl.java:add(112)) - Added a new node: /default-rack/0b67ed8f-f606-4780-b5a7-a4fc9fccae6a
2021-08-11 23:24:22,206 [IPC Server handler 0 on default port 46673] INFO  node.SCMNodeManager (SCMNodeManager.java:register(390)) - Registered Data node : 0b67ed8f-f606-4780-b5a7-a4fc9fccae6a{ip: 10.1.0.25, host: fv-az12-896.exdb2aeach2ezidoxz41lk3bwg.cx.internal.cloudapp.net, ports: [REPLICATION=38383, RATIS=45237, RATIS_ADMIN=45237, RATIS_SERVER=45237, STANDALONE=42107], networkLocation: /default-rack, certSerialId: null, persistedOpState: null, persistedOpStateExpiryEpochSec: 0}
2021-08-11 23:24:22,207 [EventQueue-NewNodeForNewNodeHandler] INFO  pipeline.BackgroundPipelineCreator (BackgroundPipelineCreatorV2.java:notifyEventTriggered(285)) - trigger a one-shot run on RatisPipelineUtilsThread.
2021-08-11 23:24:22,210 [EventQueue-NodeRegistrationContainerReportForDataNodeSafeModeRule] INFO  safemode.SCMSafeModeManager (DataNodeSafeModeRule.java:process(71)) - SCM in safe mode. 2 DataNodes registered, 3 required.
2021-08-11 23:24:22,562 [Listener at 127.0.0.1/35819] INFO  ozone.MiniOzoneClusterImpl (MiniOzoneClusterImpl.java:lambda$waitForClusterToBeReady$0(235)) - Waiting for nodes to be ready. Got 2 of 3 DN Heartbeats.
2021-08-11 23:24:22,562 [Listener at 127.0.0.1/35819] INFO  ozone.MiniOzoneClusterImpl (MiniOzoneClusterImpl.java:lambda$waitForClusterToBeReady$0(238)) - Waiting for cluster to exit safe mode
2021-08-11 23:24:22,563 [Listener at 127.0.0.1/35819] INFO  ozone.MiniOzoneClusterImpl (MiniOzoneClusterImpl.java:lambda$waitForClusterToBeReady$0(240)) - SCM became leader
2021-08-11 23:24:22,593 [IPC Server handler 1 on default port 46673] INFO  net.NetworkTopologyImpl (NetworkTopologyImpl.java:add(112)) - Added a new node: /default-rack/fcd6b89e-16e4-41c9-a02b-be5b8824d40a
2021-08-11 23:24:22,593 [IPC Server handler 1 on default port 46673] INFO  node.SCMNodeManager (SCMNodeManager.java:register(390)) - Registered Data node : fcd6b89e-16e4-41c9-a02b-be5b8824d40a{ip: 10.1.0.25, host: fv-az12-896.exdb2aeach2ezidoxz41lk3bwg.cx.internal.cloudapp.net, ports: [REPLICATION=37961, RATIS=44867, RATIS_ADMIN=44867, RATIS_SERVER=44867, STANDALONE=35621], networkLocation: /default-rack, certSerialId: null, persistedOpState: null, persistedOpStateExpiryEpochSec: 0}
2021-08-11 23:24:22,594 [EventQueue-NewNodeForNewNodeHandler] INFO  pipeline.BackgroundPipelineCreator (BackgroundPipelineCreatorV2.java:notifyEventTriggered(285)) - trigger a one-shot run on RatisPipelineUtilsThread.
2021-08-11 23:24:22,596 [EventQueue-NodeRegistrationContainerReportForDataNodeSafeModeRule] INFO  safemode.SCMSafeModeManager (DataNodeSafeModeRule.java:process(71)) - SCM in safe mode. 3 DataNodes registered, 3 required.
2021-08-11 23:24:22,596 [EventQueue-NodeRegistrationContainerReportForDataNodeSafeModeRule] INFO  safemode.SCMSafeModeManager (SCMSafeModeManager.java:validateSafeModeExitRules(204)) - DataNodeSafeModeRule rule is successfully validated
2021-08-11 23:24:22,596 [EventQueue-NodeRegistrationContainerReportForDataNodeSafeModeRule] INFO  safemode.SCMSafeModeManager (SCMSafeModeManager.java:completePreCheck(233)) - All SCM safe mode pre check rules have passed
2021-08-11 23:24:22,596 [EventQueue-NodeRegistrationContainerReportForDataNodeSafeModeRule] WARN  events.EventQueue (EventQueue.java:fireEvent(194)) - No event handler registered for event TypedEvent{payloadType=SafeModeStatus, name='Safe mode status'}
2021-08-11 23:24:22,596 [EventQueue-NodeRegistrationContainerReportForDataNodeSafeModeRule] INFO  ha.SCMContext (SCMContext.java:updateSafeModeStatus(205)) - Update SafeModeStatus from SafeModeStatus{safeModeStatus=true, preCheckPassed=false} to SafeModeStatus{safeModeStatus=true, preCheckPassed=true}.
2021-08-11 23:24:22,597 [EventQueue-NodeRegistrationContainerReportForDataNodeSafeModeRule] INFO  pipeline.BackgroundPipelineCreator (BackgroundPipelineCreatorV2.java:notifyEventTriggered(285)) - trigger a one-shot run on RatisPipelineUtilsThread.
2021-08-11 23:24:22,598 [RatisPipelineUtilsThread - 0] INFO  pipeline.RatisPipelineProvider (RatisPipelineProvider.java:lambda$create$0(183)) - Sending CreatePipelineCommand for pipeline:PipelineID=6255beb7-01b8-45cb-b037-64fabd959392 to datanode:4bb1aeed-fabd-4403-b6c4-d79196e9cdee
2021-08-11 23:24:22,599 [RatisPipelineUtilsThread - 0] INFO  pipeline.RatisPipelineProvider (RatisPipelineProvider.java:lambda$create$0(183)) - Sending CreatePipelineCommand for pipeline:PipelineID=6255beb7-01b8-45cb-b037-64fabd959392 to datanode:fcd6b89e-16e4-41c9-a02b-be5b8824d40a
2021-08-11 23:24:22,599 [RatisPipelineUtilsThread - 0] INFO  pipeline.RatisPipelineProvider (RatisPipelineProvider.java:lambda$create$0(183)) - Sending CreatePipelineCommand for pipeline:PipelineID=6255beb7-01b8-45cb-b037-64fabd959392 to datanode:0b67ed8f-f606-4780-b5a7-a4fc9fccae6a
2021-08-11 23:24:22,599 [RatisPipelineUtilsThread - 0] INFO  pipeline.PipelineStateManager (PipelineStateManagerV2Impl.java:addPipeline(101)) - Created pipeline Pipeline[ Id: 6255beb7-01b8-45cb-b037-64fabd959392, Nodes: 4bb1aeed-fabd-4403-b6c4-d79196e9cdee{ip: 10.1.0.25, host: fv-az12-896.exdb2aeach2ezidoxz41lk3bwg.cx.internal.cloudapp.net, ports: [REPLICATION=34751, RATIS=36659, RATIS_ADMIN=36659, RATIS_SERVER=36659, STANDALONE=34429], networkLocation: /default-rack, certSerialId: null, persistedOpState: IN_SERVICE, persistedOpStateExpiryEpochSec: 0}fcd6b89e-16e4-41c9-a02b-be5b8824d40a{ip: 10.1.0.25, host: fv-az12-896.exdb2aeach2ezidoxz41lk3bwg.cx.internal.cloudapp.net, ports: [REPLICATION=37961, RATIS=44867, RATIS_ADMIN=44867, RATIS_SERVER=44867, STANDALONE=35621], networkLocation: /default-rack, certSerialId: null, persistedOpState: IN_SERVICE, persistedOpStateExpiryEpochSec: 0}0b67ed8f-f606-4780-b5a7-a4fc9fccae6a{ip: 10.1.0.25, host: fv-az12-896.exdb2aeach2ezidoxz41lk3bwg.cx.internal.cloudapp.net, ports: [REPLICATION=38383, RATIS=45237, RATIS_ADMIN=45237, RATIS_SERVER=45237, STANDALONE=42107], networkLocation: /default-rack, certSerialId: null, persistedOpState: IN_SERVICE, persistedOpStateExpiryEpochSec: 0}, ReplicationConfig: RATIS/THREE, State:ALLOCATED, leaderId:, CreationTimestamp2021-08-11T23:24:22.598Z[Etc/UTC]].
2021-08-11 23:24:23,563 [Listener at 127.0.0.1/35819] INFO  ozone.MiniOzoneClusterImpl (MiniOzoneClusterImpl.java:lambda$waitForClusterToBeReady$0(235)) - Nodes are ready. Got 3 of 3 DN Heartbeats.
2021-08-11 23:24:23,563 [Listener at 127.0.0.1/35819] INFO  ozone.MiniOzoneClusterImpl (MiniOzoneClusterImpl.java:lambda$waitForClusterToBeReady$0(238)) - Waiting for cluster to exit safe mode
2021-08-11 23:24:23,563 [Listener at 127.0.0.1/35819] INFO  ozone.MiniOzoneClusterImpl (MiniOzoneClusterImpl.java:lambda$waitForClusterToBeReady$0(240)) - SCM became leader
2021-08-11 23:24:24,563 [Listener at 127.0.0.1/35819] INFO  ozone.MiniOzoneClusterImpl (MiniOzoneClusterImpl.java:lambda$waitForClusterToBeReady$0(235)) - Nodes are ready. Got 3 of 3 DN Heartbeats.
2021-08-11 23:24:24,563 [Listener at 127.0.0.1/35819] INFO  ozone.MiniOzoneClusterImpl (MiniOzoneClusterImpl.java:lambda$waitForClusterToBeReady$0(238)) - Waiting for cluster to exit safe mode
2021-08-11 23:24:24,563 [Listener at 127.0.0.1/35819] INFO  ozone.MiniOzoneClusterImpl (MiniOzoneClusterImpl.java:lambda$waitForClusterToBeReady$0(240)) - SCM became leader
2021-08-11 23:24:24,751 [Command processor thread] INFO  server.RaftServer (RaftServerProxy.java:addNew(95)) - 4bb1aeed-fabd-4403-b6c4-d79196e9cdee: addNew group-64FABD959392:[fcd6b89e-16e4-41c9-a02b-be5b8824d40a|rpc:10.1.0.25:44867|priority:0, 4bb1aeed-fabd-4403-b6c4-d79196e9cdee|rpc:10.1.0.25:36659|priority:1, 0b67ed8f-f606-4780-b5a7-a4fc9fccae6a|rpc:10.1.0.25:45237|priority:0] returns group-64FABD959392:java.util.concurrent.CompletableFuture@6d229a7b[Not completed]
2021-08-11 23:24:24,755 [pool-282-thread-1] INFO  server.RaftServer$Division (RaftServerImpl.java:<init>(181)) - 4bb1aeed-fabd-4403-b6c4-d79196e9cdee: new RaftServerImpl for group-64FABD959392:[fcd6b89e-16e4-41c9-a02b-be5b8824d40a|rpc:10.1.0.25:44867|priority:0, 4bb1aeed-fabd-4403-b6c4-d79196e9cdee|rpc:10.1.0.25:36659|priority:1, 0b67ed8f-f606-4780-b5a7-a4fc9fccae6a|rpc:10.1.0.25:45237|priority:0] with ContainerStateMachine:uninitialized
2021-08-11 23:24:24,755 [pool-282-thread-1] INFO  server.RaftServerConfigKeys (ConfUtils.java:logGet(44)) - raft.server.rpc.timeout.min = 5s (custom)
2021-08-11 23:24:24,756 [pool-282-thread-1] INFO  server.RaftServerConfigKeys (ConfUtils.java:logGet(44)) - raft.server.rpc.timeout.max = 5200ms (custom)
2021-08-11 23:24:24,756 [pool-282-thread-1] INFO  server.RaftServerConfigKeys (ConfUtils.java:logGet(44)) - raft.server.rpc.sleep.time = 25ms (default)
2021-08-11 23:24:24,756 [pool-282-thread-1] INFO  server.RaftServerConfigKeys (ConfUtils.java:logGet(44)) - raft.server.rpc.slowness.timeout = 300s (custom)
2021-08-11 23:24:24,756 [pool-282-thread-1] INFO  server.RaftServerConfigKeys (ConfUtils.java:logGet(44)) - raft.server.leaderelection.leader.step-down.wait-time = 10s (default)
2021-08-11 23:24:24,756 [pool-282-thread-1] INFO  server.RaftServerConfigKeys (ConfUtils.java:logGet(44)) - raft.server.sleep.deviation.threshold = 300ms (default)
2021-08-11 23:24:24,756 [pool-282-thread-1] INFO  server.RaftServerConfigKeys (ConfUtils.java:logGet(44)) - raft.server.log.appender.install.snapshot.enabled = false (custom)
2021-08-11 23:24:24,756 [pool-282-thread-1] INFO  server.RaftServer$Division (ServerState.java:<init>(105)) - 4bb1aeed-fabd-4403-b6c4-d79196e9cdee@group-64FABD959392: ConfigurationManager, init=-1: [fcd6b89e-16e4-41c9-a02b-be5b8824d40a|rpc:10.1.0.25:44867|priority:0, 4bb1aeed-fabd-4403-b6c4-d79196e9cdee|rpc:10.1.0.25:36659|priority:1, 0b67ed8f-f606-4780-b5a7-a4fc9fccae6a|rpc:10.1.0.25:45237|priority:0], old=null, confs=<EMPTY_MAP>
2021-08-11 23:24:24,756 [pool-282-thread-1] INFO  server.RaftServerConfigKeys (ConfUtils.java:logGet(44)) - raft.server.storage.dir = [/home/runner/work/ozone/ozone/hadoop-ozone/integration-test/target/test-dir/MiniOzoneClusterImpl-4315cdcd-d3fc-449b-ab87-b0d46a3c32e7/datanode-0/data/ratis] (custom)
2021-08-11 23:24:24,756 [pool-282-thread-1] INFO  server.RaftServerConfigKeys (ConfUtils.java:logGet(44)) - raft.server.log.corruption.policy = EXCEPTION (default)
2021-08-11 23:24:24,756 [pool-282-thread-1] INFO  server.RaftServerConfigKeys (ConfUtils.java:logGet(44)) - raft.server.storage.free-space.min = 0MB (=0) (default)
2021-08-11 23:24:24,756 [pool-282-thread-1] INFO  storage.RaftStorageDirectory (RaftStorageDirectoryImpl.java:analyzeStorage(135)) - The storage directory /home/runner/work/ozone/ozone/hadoop-ozone/integration-test/target/test-dir/MiniOzoneClusterImpl-4315cdcd-d3fc-449b-ab87-b0d46a3c32e7/datanode-0/data/ratis/6255beb7-01b8-45cb-b037-64fabd959392 does not exist. Creating ...
2021-08-11 23:24:24,760 [pool-282-thread-1] INFO  storage.RaftStorageDirectory (RaftStorageDirectoryImpl.java:tryLock(230)) - Lock on /home/runner/work/ozone/ozone/hadoop-ozone/integration-test/target/test-dir/MiniOzoneClusterImpl-4315cdcd-d3fc-449b-ab87-b0d46a3c32e7/datanode-0/data/ratis/6255beb7-01b8-45cb-b037-64fabd959392/in_use.lock acquired by nodename 29420@fv-az12-896
2021-08-11 23:24:24,761 [pool-282-thread-1] INFO  storage.RaftStorage (RaftStorageImpl.java:format(89)) - Storage directory /home/runner/work/ozone/ozone/hadoop-ozone/integration-test/target/test-dir/MiniOzoneClusterImpl-4315cdcd-d3fc-449b-ab87-b0d46a3c32e7/datanode-0/data/ratis/6255beb7-01b8-45cb-b037-64fabd959392 has been successfully formatted.
2021-08-11 23:24:24,762 [Datanode State Machine Thread - 0] WARN  statemachine.StateContext (StateContext.java:execute(621)) - No available thread in pool for past 0 seconds.
2021-08-11 23:24:24,763 [pool-282-thread-1] INFO  ratis.ContainerStateMachine (ContainerStateMachine.java:loadSnapshot(225)) - group-64FABD959392: The snapshot info is null. Setting the last applied indexto:(t:0, i:~)
2021-08-11 23:24:24,764 [pool-282-thread-1] INFO  server.RaftServerConfigKeys (ConfUtils.java:logGet(44)) - raft.server.notification.no-leader.timeout = 300s (custom)
2021-08-11 23:24:24,764 [pool-282-thread-1] INFO  server.RaftServerConfigKeys (ConfUtils.java:logGet(44)) - raft.server.log.use.memory = false (default)
2021-08-11 23:24:24,764 [pool-282-thread-1] INFO  server.RaftServerConfigKeys (ConfUtils.java:logGet(44)) - raft.server.log.purge.gap = 1000000 (custom)
2021-08-11 23:24:24,764 [pool-282-thread-1] INFO  server.RaftServerConfigKeys (ConfUtils.java:logGet(44)) - raft.server.log.appender.buffer.byte-limit = 33554432 (custom)
2021-08-11 23:24:24,765 [pool-282-thread-1] INFO  server.RaftServerConfigKeys (ConfUtils.java:logGet(44)) - raft.server.log.segment.size.max = 1048576 (custom)
2021-08-11 23:24:24,765 [pool-282-thread-1] INFO  server.RaftServerConfigKeys (ConfUtils.java:logGet(44)) - raft.server.log.segment.cache.num.max = 2 (custom)
2021-08-11 23:24:24,765 [pool-282-thread-1] INFO  server.RaftServerConfigKeys (ConfUtils.java:logGet(44)) - raft.server.log.segment.cache.size.max = 200MB (=209715200) (default)
2021-08-11 23:24:24,765 [pool-282-thread-1] INFO  segmented.SegmentedRaftLogWorker (SegmentedRaftLogWorker.java:<init>(182)) - new 4bb1aeed-fabd-4403-b6c4-d79196e9cdee@group-64FABD959392-SegmentedRaftLogWorker for RaftStorageImpl:Storage Directory /home/runner/work/ozone/ozone/hadoop-ozone/integration-test/target/test-dir/MiniOzoneClusterImpl-4315cdcd-d3fc-449b-ab87-b0d46a3c32e7/datanode-0/data/ratis/6255beb7-01b8-45cb-b037-64fabd959392
2021-08-11 23:24:24,766 [pool-282-thread-1] INFO  server.RaftServerConfigKeys (ConfUtils.java:logGet(44)) - raft.server.log.queue.byte-limit = 2147483647 (custom)
2021-08-11 23:24:24,766 [pool-282-thread-1] INFO  server.RaftServerConfigKeys (ConfUtils.java:logGet(44)) - raft.server.log.queue.element-limit = 1024 (custom)
2021-08-11 23:24:24,766 [pool-282-thread-1] INFO  server.RaftServerConfigKeys (ConfUtils.java:logGet(44)) - raft.server.log.segment.size.max = 1048576 (custom)
2021-08-11 23:24:24,766 [pool-282-thread-1] INFO  server.RaftServerConfigKeys (ConfUtils.java:logGet(44)) - raft.server.log.preallocated.size = 16384 (custom)
2021-08-11 23:24:24,766 [pool-282-thread-1] INFO  server.RaftServerConfigKeys (ConfUtils.java:logGet(44)) - raft.server.log.force.sync.num = 128 (default)
2021-08-11 23:24:24,766 [pool-282-thread-1] INFO  server.RaftServerConfigKeys (ConfUtils.java:logGet(44)) - raft.server.log.statemachine.data.sync = true (default)
2021-08-11 23:24:24,766 [pool-282-thread-1] INFO  server.RaftServerConfigKeys (ConfUtils.java:logGet(44)) - raft.server.log.statemachine.data.sync.timeout = 10s (default)
2021-08-11 23:24:24,766 [pool-282-thread-1] INFO  server.RaftServerConfigKeys (ConfUtils.java:logGet(44)) - raft.server.log.statemachine.data.sync.timeout.retry = -1 (default)
2021-08-11 23:24:24,768 [pool-282-thread-1] INFO  server.RaftServerConfigKeys (ConfUtils.java:logGet(44)) - raft.server.log.write.buffer.size = 1048576 (custom)
2021-08-11 23:24:24,769 [pool-282-thread-1] INFO  server.RaftServerConfigKeys (ConfUtils.java:logGet(44)) - raft.server.log.statemachine.data.caching.enabled = true (custom)
2021-08-11 23:24:24,769 [pool-282-thread-1] INFO  segmented.SegmentedRaftLogWorker (SegmentedRaftLogWorker.java:lambda$new$0(133)) - 4bb1aeed-fabd-4403-b6c4-d79196e9cdee@group-64FABD959392-SegmentedRaftLogWorker: flushIndex: setUnconditionally 0 -> -1
2021-08-11 23:24:24,769 [pool-282-thread-1] INFO  segmented.SegmentedRaftLogWorker (SegmentedRaftLogWorker.java:lambda$new$0(133)) - 4bb1aeed-fabd-4403-b6c4-d79196e9cdee@group-64FABD959392-SegmentedRaftLogWorker: safeCacheEvictIndex: setUnconditionally 0 -> -1
2021-08-11 23:24:24,769 [pool-282-thread-1] INFO  server.RaftServerConfigKeys (ConfUtils.java:logGet(44)) - raft.server.snapshot.auto.trigger.enabled = true (custom)
2021-08-11 23:24:24,769 [pool-282-thread-1] INFO  server.RaftServerConfigKeys (ConfUtils.java:logGet(44)) - raft.server.snapshot.auto.trigger.threshold = 10000 (custom)
2021-08-11 23:24:24,769 [pool-282-thread-1] INFO  server.RaftServerConfigKeys (ConfUtils.java:logGet(44)) - raft.server.snapshot.retention.file.num = 5 (custom)
2021-08-11 23:24:24,769 [pool-282-thread-1] INFO  server.RaftServerConfigKeys (ConfUtils.java:logGet(44)) - raft.server.log.purge.upto.snapshot.index = false (default)
2021-08-11 23:24:24,769 [pool-282-thread-1] INFO  server.RaftServerConfigKeys (ConfUtils.java:logGet(44)) - raft.server.retrycache.expirytime = 600000ms (custom)
2021-08-11 23:24:24,769 [pool-282-thread-1] INFO  server.RaftServerConfigKeys (ConfUtils.java:logGet(44)) - raft.server.retrycache.statistics.expirytime = 100μs (default)
2021-08-11 23:24:24,770 [pool-282-thread-1] INFO  server.RaftServer$Division (RaftServerImpl.java:start(296)) - 4bb1aeed-fabd-4403-b6c4-d79196e9cdee@group-64FABD959392: start as a follower, conf=-1: [fcd6b89e-16e4-41c9-a02b-be5b8824d40a|rpc:10.1.0.25:44867|priority:0, 4bb1aeed-fabd-4403-b6c4-d79196e9cdee|rpc:10.1.0.25:36659|priority:1, 0b67ed8f-f606-4780-b5a7-a4fc9fccae6a|rpc:10.1.0.25:45237|priority:0], old=null
2021-08-11 23:24:24,770 [pool-282-thread-1] INFO  server.RaftServer$Division (RaftServerImpl.java:setRole(285)) - 4bb1aeed-fabd-4403-b6c4-d79196e9cdee@group-64FABD959392: changes role from      null to FOLLOWER at term 0 for startAsFollower
2021-08-11 23:24:24,770 [pool-282-thread-1] INFO  impl.RoleInfo (RoleInfo.java:updateAndGet(130)) - 4bb1aeed-fabd-4403-b6c4-d79196e9cdee: start 4bb1aeed-fabd-4403-b6c4-d79196e9cdee@group-64FABD959392-FollowerState
2021-08-11 23:24:24,776 [pool-282-thread-1] INFO  util.JmxRegister (JmxRegister.java:tryRegister(44)) - Successfully registered JMX Bean with object name Ratis:service=RaftServer,group=group-64FABD959392,id=4bb1aeed-fabd-4403-b6c4-d79196e9cdee
2021-08-11 23:24:24,781 [Command processor thread] INFO  ratis.XceiverServerRatis (XceiverServerRatis.java:addGroup(763)) - Created group PipelineID=6255beb7-01b8-45cb-b037-64fabd959392
2021-08-11 23:24:24,801 [grpc-default-executor-0] INFO  server.RaftServer (RaftServerProxy.java:addNew(95)) - fcd6b89e-16e4-41c9-a02b-be5b8824d40a: addNew group-64FABD959392:[fcd6b89e-16e4-41c9-a02b-be5b8824d40a|rpc:10.1.0.25:44867|dataStream:|priority:0, 4bb1aeed-fabd-4403-b6c4-d79196e9cdee|rpc:10.1.0.25:36659|dataStream:|priority:1, 0b67ed8f-f606-4780-b5a7-a4fc9fccae6a|rpc:10.1.0.25:45237|dataStream:|priority:0] returns group-64FABD959392:java.util.concurrent.CompletableFuture@30bb2651[Not completed]
2021-08-11 23:24:24,804 [pool-320-thread-1] INFO  server.RaftServer$Division (RaftServerImpl.java:<init>(181)) - fcd6b89e-16e4-41c9-a02b-be5b8824d40a: new RaftServerImpl for group-64FABD959392:[fcd6b89e-16e4-41c9-a02b-be5b8824d40a|rpc:10.1.0.25:44867|dataStream:|priority:0, 4bb1aeed-fabd-4403-b6c4-d79196e9cdee|rpc:10.1.0.25:36659|dataStream:|priority:1, 0b67ed8f-f606-4780-b5a7-a4fc9fccae6a|rpc:10.1.0.25:45237|dataStream:|priority:0] with ContainerStateMachine:uninitialized
2021-08-11 23:24:24,804 [pool-320-thread-1] INFO  server.RaftServerConfigKeys (ConfUtils.java:logGet(44)) - raft.server.rpc.timeout.min = 5s (custom)
2021-08-11 23:24:24,804 [pool-320-thread-1] INFO  server.RaftServerConfigKeys (ConfUtils.java:logGet(44)) - raft.server.rpc.timeout.max = 5200ms (custom)
2021-08-11 23:24:24,804 [pool-320-thread-1] INFO  server.RaftServerConfigKeys (ConfUtils.java:logGet(44)) - raft.server.rpc.sleep.time = 25ms (default)
2021-08-11 23:24:24,804 [pool-320-thread-1] INFO  server.RaftServerConfigKeys (ConfUtils.java:logGet(44)) - raft.server.rpc.slowness.timeout = 300s (custom)
2021-08-11 23:24:24,804 [pool-320-thread-1] INFO  server.RaftServerConfigKeys (ConfUtils.java:logGet(44)) - raft.server.leaderelection.leader.step-down.wait-time = 10s (default)
2021-08-11 23:24:24,804 [pool-320-thread-1] INFO  server.RaftServerConfigKeys (ConfUtils.java:logGet(44)) - raft.server.sleep.deviation.threshold = 300ms (default)
2021-08-11 23:24:24,804 [pool-320-thread-1] INFO  server.RaftServerConfigKeys (ConfUtils.java:logGet(44)) - raft.server.log.appender.install.snapshot.enabled = false (custom)
2021-08-11 23:24:24,804 [pool-320-thread-1] INFO  server.RaftServer$Division (ServerState.java:<init>(105)) - fcd6b89e-16e4-41c9-a02b-be5b8824d40a@group-64FABD959392: ConfigurationManager, init=-1: [fcd6b89e-16e4-41c9-a02b-be5b8824d40a|rpc:10.1.0.25:44867|dataStream:|priority:0, 4bb1aeed-fabd-4403-b6c4-d79196e9cdee|rpc:10.1.0.25:36659|dataStream:|priority:1, 0b67ed8f-f606-4780-b5a7-a4fc9fccae6a|rpc:10.1.0.25:45237|dataStream:|priority:0], old=null, confs=<EMPTY_MAP>
2021-08-11 23:24:24,804 [pool-320-thread-1] INFO  server.RaftServerConfigKeys (ConfUtils.java:logGet(44)) - raft.server.storage.dir = [/home/runner/work/ozone/ozone/hadoop-ozone/integration-test/target/test-dir/MiniOzoneClusterImpl-4315cdcd-d3fc-449b-ab87-b0d46a3c32e7/datanode-2/data/ratis] (custom)
2021-08-11 23:24:24,804 [pool-320-thread-1] INFO  server.RaftServerConfigKeys (ConfUtils.java:logGet(44)) - raft.server.log.corruption.policy = EXCEPTION (default)
2021-08-11 23:24:24,804 [pool-320-thread-1] INFO  server.RaftServerConfigKeys (ConfUtils.java:logGet(44)) - raft.server.storage.free-space.min = 0MB (=0) (default)
2021-08-11 23:24:24,805 [pool-320-thread-1] INFO  storage.RaftStorageDirectory (RaftStorageDirectoryImpl.java:analyzeStorage(135)) - The storage directory /home/runner/work/ozone/ozone/hadoop-ozone/integration-test/target/test-dir/MiniOzoneClusterImpl-4315cdcd-d3fc-449b-ab87-b0d46a3c32e7/datanode-2/data/ratis/6255beb7-01b8-45cb-b037-64fabd959392 does not exist. Creating ...
2021-08-11 23:24:24,817 [pool-320-thread-1] INFO  storage.RaftStorageDirectory (RaftStorageDirectoryImpl.java:tryLock(230)) - Lock on /home/runner/work/ozone/ozone/hadoop-ozone/integration-test/target/test-dir/MiniOzoneClusterImpl-4315cdcd-d3fc-449b-ab87-b0d46a3c32e7/datanode-2/data/ratis/6255beb7-01b8-45cb-b037-64fabd959392/in_use.lock acquired by nodename 29420@fv-az12-896
2021-08-11 23:24:24,817 [pool-320-thread-1] INFO  storage.RaftStorage (RaftStorageImpl.java:format(89)) - Storage directory /home/runner/work/ozone/ozone/hadoop-ozone/integration-test/target/test-dir/MiniOzoneClusterImpl-4315cdcd-d3fc-449b-ab87-b0d46a3c32e7/datanode-2/data/ratis/6255beb7-01b8-45cb-b037-64fabd959392 has been successfully formatted.
2021-08-11 23:24:24,820 [Datanode State Machine Thread - 0] WARN  statemachine.StateContext (StateContext.java:execute(621)) - No available thread in pool for past 0 seconds.
2021-08-11 23:24:24,823 [pool-320-thread-1] INFO  ratis.ContainerStateMachine (ContainerStateMachine.java:loadSnapshot(225)) - group-64FABD959392: The snapshot info is null. Setting the last applied indexto:(t:0, i:~)
2021-08-11 23:24:24,823 [pool-320-thread-1] INFO  server.RaftServerConfigKeys (ConfUtils.java:logGet(44)) - raft.server.notification.no-leader.timeout = 300s (custom)
2021-08-11 23:24:24,823 [pool-320-thread-1] INFO  server.RaftServerConfigKeys (ConfUtils.java:logGet(44)) - raft.server.log.use.memory = false (default)
2021-08-11 23:24:24,823 [pool-320-thread-1] INFO  server.RaftServerConfigKeys (ConfUtils.java:logGet(44)) - raft.server.log.purge.gap = 1000000 (custom)
2021-08-11 23:24:24,823 [pool-320-thread-1] INFO  server.RaftServerConfigKeys (ConfUtils.java:logGet(44)) - raft.server.log.appender.buffer.byte-limit = 33554432 (custom)
2021-08-11 23:24:24,824 [pool-320-thread-1] INFO  server.RaftServerConfigKeys (ConfUtils.java:logGet(44)) - raft.server.log.segment.size.max = 1048576 (custom)
2021-08-11 23:24:24,824 [pool-320-thread-1] INFO  server.RaftServerConfigKeys (ConfUtils.java:logGet(44)) - raft.server.log.segment.cache.num.max = 2 (custom)
2021-08-11 23:24:24,824 [pool-320-thread-1] INFO  server.RaftServerConfigKeys (ConfUtils.java:logGet(44)) - raft.server.log.segment.cache.size.max = 200MB (=209715200) (default)
2021-08-11 23:24:24,824 [pool-320-thread-1] INFO  segmented.SegmentedRaftLogWorker (SegmentedRaftLogWorker.java:<init>(182)) - new fcd6b89e-16e4-41c9-a02b-be5b8824d40a@group-64FABD959392-SegmentedRaftLogWorker for RaftStorageImpl:Storage Directory /home/runner/work/ozone/ozone/hadoop-ozone/integration-test/target/test-dir/MiniOzoneClusterImpl-4315cdcd-d3fc-449b-ab87-b0d46a3c32e7/datanode-2/data/ratis/6255beb7-01b8-45cb-b037-64fabd959392
2021-08-11 23:24:24,824 [pool-320-thread-1] INFO  server.RaftServerConfigKeys (ConfUtils.java:logGet(44)) - raft.server.log.queue.byte-limit = 2147483647 (custom)
2021-08-11 23:24:24,824 [pool-320-thread-1] INFO  server.RaftServerConfigKeys (ConfUtils.java:logGet(44)) - raft.server.log.queue.element-limit = 1024 (custom)
2021-08-11 23:24:24,824 [pool-320-thread-1] INFO  server.RaftServerConfigKeys (ConfUtils.java:logGet(44)) - raft.server.log.segment.size.max = 1048576 (custom)
2021-08-11 23:24:24,824 [pool-320-thread-1] INFO  server.RaftServerConfigKeys (ConfUtils.java:logGet(44)) - raft.server.log.preallocated.size = 16384 (custom)
2021-08-11 23:24:24,824 [pool-320-thread-1] INFO  server.RaftServerConfigKeys (ConfUtils.java:logGet(44)) - raft.server.log.force.sync.num = 128 (default)
2021-08-11 23:24:24,824 [pool-320-thread-1] INFO  server.RaftServerConfigKeys (ConfUtils.java:logGet(44)) - raft.server.log.statemachine.data.sync = true (default)
2021-08-11 23:24:24,824 [pool-320-thread-1] INFO  server.RaftServerConfigKeys (ConfUtils.java:logGet(44)) - raft.server.log.statemachine.data.sync.timeout = 10s (default)
2021-08-11 23:24:24,824 [pool-320-thread-1] INFO  server.RaftServerConfigKeys (ConfUtils.java:logGet(44)) - raft.server.log.statemachine.data.sync.timeout.retry = -1 (default)
2021-08-11 23:24:24,825 [pool-320-thread-1] INFO  server.RaftServerConfigKeys (ConfUtils.java:logGet(44)) - raft.server.log.write.buffer.size = 1048576 (custom)
2021-08-11 23:24:24,825 [pool-320-thread-1] INFO  server.RaftServerConfigKeys (ConfUtils.java:logGet(44)) - raft.server.log.statemachine.data.caching.enabled = true (custom)
2021-08-11 23:24:24,825 [pool-320-thread-1] INFO  segmented.SegmentedRaftLogWorker (SegmentedRaftLogWorker.java:lambda$new$0(133)) - fcd6b89e-16e4-41c9-a02b-be5b8824d40a@group-64FABD959392-SegmentedRaftLogWorker: flushIndex: setUnconditionally 0 -> -1
2021-08-11 23:24:24,825 [pool-320-thread-1] INFO  segmented.SegmentedRaftLogWorker (SegmentedRaftLogWorker.java:lambda$new$0(133)) - fcd6b89e-16e4-41c9-a02b-be5b8824d40a@group-64FABD959392-SegmentedRaftLogWorker: safeCacheEvictIndex: setUnconditionally 0 -> -1
2021-08-11 23:24:24,831 [pool-320-thread-1] INFO  server.RaftServerConfigKeys (ConfUtils.java:logGet(44)) - raft.server.snapshot.auto.trigger.enabled = true (custom)
2021-08-11 23:24:24,831 [pool-320-thread-1] INFO  server.RaftServerConfigKeys (ConfUtils.java:logGet(44)) - raft.server.snapshot.auto.trigger.threshold = 10000 (custom)
2021-08-11 23:24:24,831 [pool-320-thread-1] INFO  server.RaftServerConfigKeys (ConfUtils.java:logGet(44)) - raft.server.snapshot.retention.file.num = 5 (custom)
2021-08-11 23:24:24,831 [pool-320-thread-1] INFO  server.RaftServerConfigKeys (ConfUtils.java:logGet(44)) - raft.server.log.purge.upto.snapshot.index = false (default)
2021-08-11 23:24:24,831 [pool-320-thread-1] INFO  server.RaftServerConfigKeys (ConfUtils.java:logGet(44)) - raft.server.retrycache.expirytime = 600000ms (custom)
2021-08-11 23:24:24,831 [pool-320-thread-1] INFO  server.RaftServerConfigKeys (ConfUtils.java:logGet(44)) - raft.server.retrycache.statistics.expirytime = 100μs (default)
2021-08-11 23:24:24,832 [pool-320-thread-1] INFO  server.RaftServer$Division (RaftServerImpl.java:start(296)) - fcd6b89e-16e4-41c9-a02b-be5b8824d40a@group-64FABD959392: start as a follower, conf=-1: [fcd6b89e-16e4-41c9-a02b-be5b8824d40a|rpc:10.1.0.25:44867|dataStream:|priority:0, 4bb1aeed-fabd-4403-b6c4-d79196e9cdee|rpc:10.1.0.25:36659|dataStream:|priority:1, 0b67ed8f-f606-4780-b5a7-a4fc9fccae6a|rpc:10.1.0.25:45237|dataStream:|priority:0], old=null
2021-08-11 23:24:24,832 [pool-320-thread-1] INFO  server.RaftServer$Division (RaftServerImpl.java:setRole(285)) - fcd6b89e-16e4-41c9-a02b-be5b8824d40a@group-64FABD959392: changes role from      null to FOLLOWER at term 0 for startAsFollower
2021-08-11 23:24:24,832 [pool-320-thread-1] INFO  impl.RoleInfo (RoleInfo.java:updateAndGet(130)) - fcd6b89e-16e4-41c9-a02b-be5b8824d40a: start fcd6b89e-16e4-41c9-a02b-be5b8824d40a@group-64FABD959392-FollowerState
2021-08-11 23:24:24,833 [pool-320-thread-1] INFO  util.JmxRegister (JmxRegister.java:tryRegister(44)) - Successfully registered JMX Bean with object name Ratis:service=RaftServer,group=group-64FABD959392,id=fcd6b89e-16e4-41c9-a02b-be5b8824d40a
2021-08-11 23:24:24,855 [grpc-default-executor-0] INFO  server.RaftServer (RaftServerProxy.java:addNew(95)) - 0b67ed8f-f606-4780-b5a7-a4fc9fccae6a: addNew group-64FABD959392:[fcd6b89e-16e4-41c9-a02b-be5b8824d40a|rpc:10.1.0.25:44867|dataStream:|priority:0, 4bb1aeed-fabd-4403-b6c4-d79196e9cdee|rpc:10.1.0.25:36659|dataStream:|priority:1, 0b67ed8f-f606-4780-b5a7-a4fc9fccae6a|rpc:10.1.0.25:45237|dataStream:|priority:0] returns group-64FABD959392:java.util.concurrent.CompletableFuture@2c9934c9[Not completed]
2021-08-11 23:24:24,862 [pool-301-thread-1] INFO  server.RaftServer$Division (RaftServerImpl.java:<init>(181)) - 0b67ed8f-f606-4780-b5a7-a4fc9fccae6a: new RaftServerImpl for group-64FABD959392:[fcd6b89e-16e4-41c9-a02b-be5b8824d40a|rpc:10.1.0.25:44867|dataStream:|priority:0, 4bb1aeed-fabd-4403-b6c4-d79196e9cdee|rpc:10.1.0.25:36659|dataStream:|priority:1, 0b67ed8f-f606-4780-b5a7-a4fc9fccae6a|rpc:10.1.0.25:45237|dataStream:|priority:0] with ContainerStateMachine:uninitialized
2021-08-11 23:24:24,862 [pool-301-thread-1] INFO  server.RaftServerConfigKeys (ConfUtils.java:logGet(44)) - raft.server.rpc.timeout.min = 5s (custom)
2021-08-11 23:24:24,862 [pool-301-thread-1] INFO  server.RaftServerConfigKeys (ConfUtils.java:logGet(44)) - raft.server.rpc.timeout.max = 5200ms (custom)
2021-08-11 23:24:24,862 [pool-301-thread-1] INFO  server.RaftServerConfigKeys (ConfUtils.java:logGet(44)) - raft.server.rpc.sleep.time = 25ms (default)
2021-08-11 23:24:24,862 [pool-301-thread-1] INFO  server.RaftServerConfigKeys (ConfUtils.java:logGet(44)) - raft.server.rpc.slowness.timeout = 300s (custom)
2021-08-11 23:24:24,862 [pool-301-thread-1] INFO  server.RaftServerConfigKeys (ConfUtils.java:logGet(44)) - raft.server.leaderelection.leader.step-down.wait-time = 10s (default)
2021-08-11 23:24:24,862 [pool-301-thread-1] INFO  server.RaftServerConfigKeys (ConfUtils.java:logGet(44)) - raft.server.sleep.deviation.threshold = 300ms (default)
2021-08-11 23:24:24,862 [pool-301-thread-1] INFO  server.RaftServerConfigKeys (ConfUtils.java:logGet(44)) - raft.server.log.appender.install.snapshot.enabled = false (custom)
2021-08-11 23:24:24,862 [pool-301-thread-1] INFO  server.RaftServer$Division (ServerState.java:<init>(105)) - 0b67ed8f-f606-4780-b5a7-a4fc9fccae6a@group-64FABD959392: ConfigurationManager, init=-1: [fcd6b89e-16e4-41c9-a02b-be5b8824d40a|rpc:10.1.0.25:44867|dataStream:|priority:0, 4bb1aeed-fabd-4403-b6c4-d79196e9cdee|rpc:10.1.0.25:36659|dataStream:|priority:1, 0b67ed8f-f606-4780-b5a7-a4fc9fccae6a|rpc:10.1.0.25:45237|dataStream:|priority:0], old=null, confs=<EMPTY_MAP>
2021-08-11 23:24:24,862 [pool-301-thread-1] INFO  server.RaftServerConfigKeys (ConfUtils.java:logGet(44)) - raft.server.storage.dir = [/home/runner/work/ozone/ozone/hadoop-ozone/integration-test/target/test-dir/MiniOzoneClusterImpl-4315cdcd-d3fc-449b-ab87-b0d46a3c32e7/datanode-1/data/ratis] (custom)
2021-08-11 23:24:24,863 [pool-301-thread-1] INFO  server.RaftServerConfigKeys (ConfUtils.java:logGet(44)) - raft.server.log.corruption.policy = EXCEPTION (default)
2021-08-11 23:24:24,863 [pool-301-thread-1] INFO  server.RaftServerConfigKeys (ConfUtils.java:logGet(44)) - raft.server.storage.free-space.min = 0MB (=0) (default)
2021-08-11 23:24:24,863 [pool-301-thread-1] INFO  storage.RaftStorageDirectory (RaftStorageDirectoryImpl.java:analyzeStorage(135)) - The storage directory /home/runner/work/ozone/ozone/hadoop-ozone/integration-test/target/test-dir/MiniOzoneClusterImpl-4315cdcd-d3fc-449b-ab87-b0d46a3c32e7/datanode-1/data/ratis/6255beb7-01b8-45cb-b037-64fabd959392 does not exist. Creating ...
2021-08-11 23:24:24,864 [pool-301-thread-1] INFO  storage.RaftStorageDirectory (RaftStorageDirectoryImpl.java:tryLock(230)) - Lock on /home/runner/work/ozone/ozone/hadoop-ozone/integration-test/target/test-dir/MiniOzoneClusterImpl-4315cdcd-d3fc-449b-ab87-b0d46a3c32e7/datanode-1/data/ratis/6255beb7-01b8-45cb-b037-64fabd959392/in_use.lock acquired by nodename 29420@fv-az12-896
2021-08-11 23:24:24,865 [pool-301-thread-1] INFO  storage.RaftStorage (RaftStorageImpl.java:format(89)) - Storage directory /home/runner/work/ozone/ozone/hadoop-ozone/integration-test/target/test-dir/MiniOzoneClusterImpl-4315cdcd-d3fc-449b-ab87-b0d46a3c32e7/datanode-1/data/ratis/6255beb7-01b8-45cb-b037-64fabd959392 has been successfully formatted.
2021-08-11 23:24:24,869 [Datanode State Machine Thread - 0] WARN  statemachine.StateContext (StateContext.java:execute(621)) - No available thread in pool for past 0 seconds.
2021-08-11 23:24:24,869 [pool-301-thread-1] INFO  ratis.ContainerStateMachine (ContainerStateMachine.java:loadSnapshot(225)) - group-64FABD959392: The snapshot info is null. Setting the last applied indexto:(t:0, i:~)
2021-08-11 23:24:24,869 [pool-301-thread-1] INFO  server.RaftServerConfigKeys (ConfUtils.java:logGet(44)) - raft.server.notification.no-leader.timeout = 300s (custom)
2021-08-11 23:24:24,869 [pool-301-thread-1] INFO  server.RaftServerConfigKeys (ConfUtils.java:logGet(44)) - raft.server.log.use.memory = false (default)
2021-08-11 23:24:24,869 [pool-301-thread-1] INFO  server.RaftServerConfigKeys (ConfUtils.java:logGet(44)) - raft.server.log.purge.gap = 1000000 (custom)
2021-08-11 23:24:24,869 [pool-301-thread-1] INFO  server.RaftServerConfigKeys (ConfUtils.java:logGet(44)) - raft.server.log.appender.buffer.byte-limit = 33554432 (custom)
2021-08-11 23:24:24,870 [pool-301-thread-1] INFO  server.RaftServerConfigKeys (ConfUtils.java:logGet(44)) - raft.server.log.segment.size.max = 1048576 (custom)
2021-08-11 23:24:24,870 [pool-301-thread-1] INFO  server.RaftServerConfigKeys (ConfUtils.java:logGet(44)) - raft.server.log.segment.cache.num.max = 2 (custom)
2021-08-11 23:24:24,870 [pool-301-thread-1] INFO  server.RaftServerConfigKeys (ConfUtils.java:logGet(44)) - raft.server.log.segment.cache.size.max = 200MB (=209715200) (default)
2021-08-11 23:24:24,870 [pool-301-thread-1] INFO  segmented.SegmentedRaftLogWorker (SegmentedRaftLogWorker.java:<init>(182)) - new 0b67ed8f-f606-4780-b5a7-a4fc9fccae6a@group-64FABD959392-SegmentedRaftLogWorker for RaftStorageImpl:Storage Directory /home/runner/work/ozone/ozone/hadoop-ozone/integration-test/target/test-dir/MiniOzoneClusterImpl-4315cdcd-d3fc-449b-ab87-b0d46a3c32e7/datanode-1/data/ratis/6255beb7-01b8-45cb-b037-64fabd959392
2021-08-11 23:24:24,870 [pool-301-thread-1] INFO  server.RaftServerConfigKeys (ConfUtils.java:logGet(44)) - raft.server.log.queue.byte-limit = 2147483647 (custom)
2021-08-11 23:24:24,870 [pool-301-thread-1] INFO  server.RaftServerConfigKeys (ConfUtils.java:logGet(44)) - raft.server.log.queue.element-limit = 1024 (custom)
2021-08-11 23:24:24,870 [pool-301-thread-1] INFO  server.RaftServerConfigKeys (ConfUtils.java:logGet(44)) - raft.server.log.segment.size.max = 1048576 (custom)
2021-08-11 23:24:24,870 [pool-301-thread-1] INFO  server.RaftServerConfigKeys (ConfUtils.java:logGet(44)) - raft.server.log.preallocated.size = 16384 (custom)
2021-08-11 23:24:24,870 [pool-301-thread-1] INFO  server.RaftServerConfigKeys (ConfUtils.java:logGet(44)) - raft.server.log.force.sync.num = 128 (default)
2021-08-11 23:24:24,870 [pool-301-thread-1] INFO  server.RaftServerConfigKeys (ConfUtils.java:logGet(44)) - raft.server.log.statemachine.data.sync = true (default)
2021-08-11 23:24:24,870 [pool-301-thread-1] INFO  server.RaftServerConfigKeys (ConfUtils.java:logGet(44)) - raft.server.log.statemachine.data.sync.timeout = 10s (default)
2021-08-11 23:24:24,870 [pool-301-thread-1] INFO  server.RaftServerConfigKeys (ConfUtils.java:logGet(44)) - raft.server.log.statemachine.data.sync.timeout.retry = -1 (default)
2021-08-11 23:24:24,871 [pool-301-thread-1] INFO  server.RaftServerConfigKeys (ConfUtils.java:logGet(44)) - raft.server.log.write.buffer.size = 1048576 (custom)
2021-08-11 23:24:24,871 [pool-301-thread-1] INFO  server.RaftServerConfigKeys (ConfUtils.java:logGet(44)) - raft.server.log.statemachine.data.caching.enabled = true (custom)
2021-08-11 23:24:24,871 [pool-301-thread-1] INFO  segmented.SegmentedRaftLogWorker (SegmentedRaftLogWorker.java:lambda$new$0(133)) - 0b67ed8f-f606-4780-b5a7-a4fc9fccae6a@group-64FABD959392-SegmentedRaftLogWorker: flushIndex: setUnconditionally 0 -> -1
2021-08-11 23:24:24,871 [pool-301-thread-1] INFO  segmented.SegmentedRaftLogWorker (SegmentedRaftLogWorker.java:lambda$new$0(133)) - 0b67ed8f-f606-4780-b5a7-a4fc9fccae6a@group-64FABD959392-SegmentedRaftLogWorker: safeCacheEvictIndex: setUnconditionally 0 -> -1
2021-08-11 23:24:24,876 [pool-301-thread-1] INFO  server.RaftServerConfigKeys (ConfUtils.java:logGet(44)) - raft.server.snapshot.auto.trigger.enabled = true (custom)
2021-08-11 23:24:24,876 [pool-301-thread-1] INFO  server.RaftServerConfigKeys (ConfUtils.java:logGet(44)) - raft.server.snapshot.auto.trigger.threshold = 10000 (custom)
2021-08-11 23:24:24,876 [pool-301-thread-1] INFO  server.RaftServerConfigKeys (ConfUtils.java:logGet(44)) - raft.server.snapshot.retention.file.num = 5 (custom)
2021-08-11 23:24:24,876 [pool-301-thread-1] INFO  server.RaftServerConfigKeys (ConfUtils.java:logGet(44)) - raft.server.log.purge.upto.snapshot.index = false (default)
2021-08-11 23:24:24,876 [pool-301-thread-1] INFO  server.RaftServerConfigKeys (ConfUtils.java:logGet(44)) - raft.server.retrycache.expirytime = 600000ms (custom)
2021-08-11 23:24:24,876 [pool-301-thread-1] INFO  server.RaftServerConfigKeys (ConfUtils.java:logGet(44)) - raft.server.retrycache.statistics.expirytime = 100μs (default)
2021-08-11 23:24:24,878 [pool-301-thread-1] INFO  server.RaftServer$Division (RaftServerImpl.java:start(296)) - 0b67ed8f-f606-4780-b5a7-a4fc9fccae6a@group-64FABD959392: start as a follower, conf=-1: [fcd6b89e-16e4-41c9-a02b-be5b8824d40a|rpc:10.1.0.25:44867|dataStream:|priority:0, 4bb1aeed-fabd-4403-b6c4-d79196e9cdee|rpc:10.1.0.25:36659|dataStream:|priority:1, 0b67ed8f-f606-4780-b5a7-a4fc9fccae6a|rpc:10.1.0.25:45237|dataStream:|priority:0], old=null
2021-08-11 23:24:24,878 [pool-301-thread-1] INFO  server.RaftServer$Division (RaftServerImpl.java:setRole(285)) - 0b67ed8f-f606-4780-b5a7-a4fc9fccae6a@group-64FABD959392: changes role from      null to FOLLOWER at term 0 for startAsFollower
2021-08-11 23:24:24,878 [pool-301-thread-1] INFO  impl.RoleInfo (RoleInfo.java:updateAndGet(130)) - 0b67ed8f-f606-4780-b5a7-a4fc9fccae6a: start 0b67ed8f-f606-4780-b5a7-a4fc9fccae6a@group-64FABD959392-FollowerState
2021-08-11 23:24:24,884 [pool-301-thread-1] INFO  util.JmxRegister (JmxRegister.java:tryRegister(44)) - Successfully registered JMX Bean with object name Ratis:service=RaftServer,group=group-64FABD959392,id=0b67ed8f-f606-4780-b5a7-a4fc9fccae6a
2021-08-11 23:24:24,899 [Command processor thread] INFO  commandhandler.CreatePipelineCommandHandler (CreatePipelineCommandHandler.java:handle(106)) - Created Pipeline RATIS THREE PipelineID=6255beb7-01b8-45cb-b037-64fabd959392.
2021-08-11 23:24:25,564 [Listener at 127.0.0.1/35819] INFO  ozone.MiniOzoneClusterImpl (MiniOzoneClusterImpl.java:lambda$waitForClusterToBeReady$0(235)) - Nodes are ready. Got 3 of 3 DN Heartbeats.
2021-08-11 23:24:25,564 [Listener at 127.0.0.1/35819] INFO  ozone.MiniOzoneClusterImpl (MiniOzoneClusterImpl.java:lambda$waitForClusterToBeReady$0(238)) - Waiting for cluster to exit safe mode
2021-08-11 23:24:25,564 [Listener at 127.0.0.1/35819] INFO  ozone.MiniOzoneClusterImpl (MiniOzoneClusterImpl.java:lambda$waitForClusterToBeReady$0(240)) - SCM became leader
2021-08-11 23:24:26,564 [Listener at 127.0.0.1/35819] INFO  ozone.MiniOzoneClusterImpl (MiniOzoneClusterImpl.java:lambda$waitForClusterToBeReady$0(235)) - Nodes are ready. Got 3 of 3 DN Heartbeats.
2021-08-11 23:24:26,564 [Listener at 127.0.0.1/35819] INFO  ozone.MiniOzoneClusterImpl (MiniOzoneClusterImpl.java:lambda$waitForClusterToBeReady$0(238)) - Waiting for cluster to exit safe mode
2021-08-11 23:24:26,564 [Listener at 127.0.0.1/35819] INFO  ozone.MiniOzoneClusterImpl (MiniOzoneClusterImpl.java:lambda$waitForClusterToBeReady$0(240)) - SCM became leader
2021-08-11 23:24:27,565 [Listener at 127.0.0.1/35819] INFO  ozone.MiniOzoneClusterImpl (MiniOzoneClusterImpl.java:lambda$waitForClusterToBeReady$0(235)) - Nodes are ready. Got 3 of 3 DN Heartbeats.
2021-08-11 23:24:27,565 [Listener at 127.0.0.1/35819] INFO  ozone.MiniOzoneClusterImpl (MiniOzoneClusterImpl.java:lambda$waitForClusterToBeReady$0(238)) - Waiting for cluster to exit safe mode
2021-08-11 23:24:27,565 [Listener at 127.0.0.1/35819] INFO  ozone.MiniOzoneClusterImpl (MiniOzoneClusterImpl.java:lambda$waitForClusterToBeReady$0(240)) - SCM became leader
2021-08-11 23:24:28,565 [Listener at 127.0.0.1/35819] INFO  ozone.MiniOzoneClusterImpl (MiniOzoneClusterImpl.java:lambda$waitForClusterToBeReady$0(235)) - Nodes are ready. Got 3 of 3 DN Heartbeats.
2021-08-11 23:24:28,565 [Listener at 127.0.0.1/35819] INFO  ozone.MiniOzoneClusterImpl (MiniOzoneClusterImpl.java:lambda$waitForClusterToBeReady$0(238)) - Waiting for cluster to exit safe mode
2021-08-11 23:24:28,565 [Listener at 127.0.0.1/35819] INFO  ozone.MiniOzoneClusterImpl (MiniOzoneClusterImpl.java:lambda$waitForClusterToBeReady$0(240)) - SCM became leader
2021-08-11 23:24:29,566 [Listener at 127.0.0.1/35819] INFO  ozone.MiniOzoneClusterImpl (MiniOzoneClusterImpl.java:lambda$waitForClusterToBeReady$0(235)) - Nodes are ready. Got 3 of 3 DN Heartbeats.
2021-08-11 23:24:29,566 [Listener at 127.0.0.1/35819] INFO  ozone.MiniOzoneClusterImpl (MiniOzoneClusterImpl.java:lambda$waitForClusterToBeReady$0(238)) - Waiting for cluster to exit safe mode
2021-08-11 23:24:29,566 [Listener at 127.0.0.1/35819] INFO  ozone.MiniOzoneClusterImpl (MiniOzoneClusterImpl.java:lambda$waitForClusterToBeReady$0(240)) - SCM became leader
2021-08-11 23:24:29,921 [4bb1aeed-fabd-4403-b6c4-d79196e9cdee@group-64FABD959392-FollowerState] INFO  impl.FollowerState (FollowerState.java:run(134)) - 4bb1aeed-fabd-4403-b6c4-d79196e9cdee@group-64FABD959392-FollowerState: change to CANDIDATE, lastRpcElapsedTime:5150268579ns, electionTimeout:5144ms
2021-08-11 23:24:29,921 [4bb1aeed-fabd-4403-b6c4-d79196e9cdee@group-64FABD959392-FollowerState] INFO  impl.RoleInfo (RoleInfo.java:shutdownFollowerState(108)) - 4bb1aeed-fabd-4403-b6c4-d79196e9cdee: shutdown 4bb1aeed-fabd-4403-b6c4-d79196e9cdee@group-64FABD959392-FollowerState
2021-08-11 23:24:29,921 [4bb1aeed-fabd-4403-b6c4-d79196e9cdee@group-64FABD959392-FollowerState] INFO  server.RaftServer$Division (RaftServerImpl.java:setRole(285)) - 4bb1aeed-fabd-4403-b6c4-d79196e9cdee@group-64FABD959392: changes role from  FOLLOWER to CANDIDATE at term 0 for changeToCandidate
2021-08-11 23:24:29,922 [4bb1aeed-fabd-4403-b6c4-d79196e9cdee@group-64FABD959392-FollowerState] INFO  server.RaftServerConfigKeys (ConfUtils.java:logGet(44)) - raft.server.leaderelection.pre-vote = false (custom)
2021-08-11 23:24:29,922 [4bb1aeed-fabd-4403-b6c4-d79196e9cdee@group-64FABD959392-FollowerState] INFO  impl.RoleInfo (RoleInfo.java:updateAndGet(130)) - 4bb1aeed-fabd-4403-b6c4-d79196e9cdee: start 4bb1aeed-fabd-4403-b6c4-d79196e9cdee@group-64FABD959392-LeaderElection6
2021-08-11 23:24:29,926 [4bb1aeed-fabd-4403-b6c4-d79196e9cdee@group-64FABD959392-LeaderElection6] INFO  impl.LeaderElection (LeaderElection.java:askForVotes(306)) - 4bb1aeed-fabd-4403-b6c4-d79196e9cdee@group-64FABD959392-LeaderElection6 ELECTION round 0: submit vote requests at term 1 for -1: [fcd6b89e-16e4-41c9-a02b-be5b8824d40a|rpc:10.1.0.25:44867|priority:0, 4bb1aeed-fabd-4403-b6c4-d79196e9cdee|rpc:10.1.0.25:36659|priority:1, 0b67ed8f-f606-4780-b5a7-a4fc9fccae6a|rpc:10.1.0.25:45237|priority:0], old=null
2021-08-11 23:24:29,942 [grpc-default-executor-0] INFO  server.RaftServer$Division (RaftServerImpl.java:requestVote(1043)) - fcd6b89e-16e4-41c9-a02b-be5b8824d40a@group-64FABD959392: receive requestVote(ELECTION, 4bb1aeed-fabd-4403-b6c4-d79196e9cdee, group-64FABD959392, 1, (t:0, i:0))
2021-08-11 23:24:29,942 [grpc-default-executor-0] INFO  impl.VoteContext (VoteContext.java:log(48)) - fcd6b89e-16e4-41c9-a02b-be5b8824d40a@group-64FABD959392-FOLLOWER: accept ELECTION from 4bb1aeed-fabd-4403-b6c4-d79196e9cdee: our priority 0 <= candidate's priority 1
2021-08-11 23:24:29,942 [grpc-default-executor-0] INFO  server.RaftServer$Division (RaftServerImpl.java:setRole(285)) - fcd6b89e-16e4-41c9-a02b-be5b8824d40a@group-64FABD959392: changes role from  FOLLOWER to FOLLOWER at term 1 for candidate:4bb1aeed-fabd-4403-b6c4-d79196e9cdee
2021-08-11 23:24:29,942 [grpc-default-executor-0] INFO  impl.RoleInfo (RoleInfo.java:shutdownFollowerState(108)) - fcd6b89e-16e4-41c9-a02b-be5b8824d40a: shutdown fcd6b89e-16e4-41c9-a02b-be5b8824d40a@group-64FABD959392-FollowerState
2021-08-11 23:24:29,942 [grpc-default-executor-0] INFO  impl.RoleInfo (RoleInfo.java:updateAndGet(130)) - fcd6b89e-16e4-41c9-a02b-be5b8824d40a: start fcd6b89e-16e4-41c9-a02b-be5b8824d40a@group-64FABD959392-FollowerState
2021-08-11 23:24:29,942 [fcd6b89e-16e4-41c9-a02b-be5b8824d40a@group-64FABD959392-FollowerState] INFO  impl.FollowerState (FollowerState.java:run(143)) - fcd6b89e-16e4-41c9-a02b-be5b8824d40a@group-64FABD959392-FollowerState was interrupted: {}
java.lang.InterruptedException: sleep interrupted
	at java.lang.Thread.sleep(Native Method)
	at java.lang.Thread.sleep(Thread.java:340)
	at java.util.concurrent.TimeUnit.sleep(TimeUnit.java:386)
	at org.apache.ratis.util.TimeDuration.sleep(TimeDuration.java:324)
	at org.apache.ratis.util.TimeDuration.sleep(TimeDuration.java:309)
	at org.apache.ratis.server.impl.FollowerState.run(FollowerState.java:118)
2021-08-11 23:24:29,958 [grpc-default-executor-0] INFO  server.RaftServer$Division (RaftServerImpl.java:requestVote(1075)) - fcd6b89e-16e4-41c9-a02b-be5b8824d40a@group-64FABD959392 replies to ELECTION vote request: 4bb1aeed-fabd-4403-b6c4-d79196e9cdee<-fcd6b89e-16e4-41c9-a02b-be5b8824d40a#0:OK-t1. Peer's state: fcd6b89e-16e4-41c9-a02b-be5b8824d40a@group-64FABD959392:t1, leader=null, voted=4bb1aeed-fabd-4403-b6c4-d79196e9cdee, raftlog=fcd6b89e-16e4-41c9-a02b-be5b8824d40a@group-64FABD959392-SegmentedRaftLog:OPENED:c-1,f-1,i0, conf=-1: [fcd6b89e-16e4-41c9-a02b-be5b8824d40a|rpc:10.1.0.25:44867|dataStream:|priority:0, 4bb1aeed-fabd-4403-b6c4-d79196e9cdee|rpc:10.1.0.25:36659|dataStream:|priority:1, 0b67ed8f-f606-4780-b5a7-a4fc9fccae6a|rpc:10.1.0.25:45237|dataStream:|priority:0], old=null
2021-08-11 23:24:29,962 [grpc-default-executor-3] INFO  server.RaftServer$Division (RaftServerImpl.java:requestVote(1043)) - 0b67ed8f-f606-4780-b5a7-a4fc9fccae6a@group-64FABD959392: receive requestVote(ELECTION, 4bb1aeed-fabd-4403-b6c4-d79196e9cdee, group-64FABD959392, 1, (t:0, i:0))
2021-08-11 23:24:29,962 [grpc-default-executor-3] INFO  impl.VoteContext (VoteContext.java:log(48)) - 0b67ed8f-f606-4780-b5a7-a4fc9fccae6a@group-64FABD959392-FOLLOWER: accept ELECTION from 4bb1aeed-fabd-4403-b6c4-d79196e9cdee: our priority 0 <= candidate's priority 1
2021-08-11 23:24:29,962 [grpc-default-executor-3] INFO  server.RaftServer$Division (RaftServerImpl.java:setRole(285)) - 0b67ed8f-f606-4780-b5a7-a4fc9fccae6a@group-64FABD959392: changes role from  FOLLOWER to FOLLOWER at term 1 for candidate:4bb1aeed-fabd-4403-b6c4-d79196e9cdee
2021-08-11 23:24:29,962 [grpc-default-executor-3] INFO  impl.RoleInfo (RoleInfo.java:shutdownFollowerState(108)) - 0b67ed8f-f606-4780-b5a7-a4fc9fccae6a: shutdown 0b67ed8f-f606-4780-b5a7-a4fc9fccae6a@group-64FABD959392-FollowerState
2021-08-11 23:24:29,962 [grpc-default-executor-3] INFO  impl.RoleInfo (RoleInfo.java:updateAndGet(130)) - 0b67ed8f-f606-4780-b5a7-a4fc9fccae6a: start 0b67ed8f-f606-4780-b5a7-a4fc9fccae6a@group-64FABD959392-FollowerState
2021-08-11 23:24:29,964 [grpc-default-executor-3] INFO  server.RaftServer$Division (RaftServerImpl.java:requestVote(1075)) - 0b67ed8f-f606-4780-b5a7-a4fc9fccae6a@group-64FABD959392 replies to ELECTION vote request: 4bb1aeed-fabd-4403-b6c4-d79196e9cdee<-0b67ed8f-f606-4780-b5a7-a4fc9fccae6a#0:OK-t1. Peer's state: 0b67ed8f-f606-4780-b5a7-a4fc9fccae6a@group-64FABD959392:t1, leader=null, voted=4bb1aeed-fabd-4403-b6c4-d79196e9cdee, raftlog=0b67ed8f-f606-4780-b5a7-a4fc9fccae6a@group-64FABD959392-SegmentedRaftLog:OPENED:c-1,f-1,i0, conf=-1: [fcd6b89e-16e4-41c9-a02b-be5b8824d40a|rpc:10.1.0.25:44867|dataStream:|priority:0, 4bb1aeed-fabd-4403-b6c4-d79196e9cdee|rpc:10.1.0.25:36659|dataStream:|priority:1, 0b67ed8f-f606-4780-b5a7-a4fc9fccae6a|rpc:10.1.0.25:45237|dataStream:|priority:0], old=null
2021-08-11 23:24:29,966 [4bb1aeed-fabd-4403-b6c4-d79196e9cdee@group-64FABD959392-LeaderElection6] INFO  impl.LeaderElection (LeaderElection.java:logAndReturn(89)) - 4bb1aeed-fabd-4403-b6c4-d79196e9cdee@group-64FABD959392-LeaderElection6: ELECTION PASSED received 1 response(s) and 0 exception(s):
2021-08-11 23:24:29,969 [4bb1aeed-fabd-4403-b6c4-d79196e9cdee@group-64FABD959392-LeaderElection6] INFO  impl.LeaderElection (LeaderElection.java:logAndReturn(93)) -   Response 0: 4bb1aeed-fabd-4403-b6c4-d79196e9cdee<-fcd6b89e-16e4-41c9-a02b-be5b8824d40a#0:OK-t1
2021-08-11 23:24:29,969 [4bb1aeed-fabd-4403-b6c4-d79196e9cdee@group-64FABD959392-LeaderElection6] INFO  impl.LeaderElection (LeaderElection.java:askForVotes(308)) - 4bb1aeed-fabd-4403-b6c4-d79196e9cdee@group-64FABD959392-LeaderElection6 ELECTION round 0: result PASSED
2021-08-11 23:24:29,969 [4bb1aeed-fabd-4403-b6c4-d79196e9cdee@group-64FABD959392-LeaderElection6] INFO  impl.RoleInfo (RoleInfo.java:shutdownLeaderElection(121)) - 4bb1aeed-fabd-4403-b6c4-d79196e9cdee: shutdown 4bb1aeed-fabd-4403-b6c4-d79196e9cdee@group-64FABD959392-LeaderElection6
2021-08-11 23:24:29,969 [4bb1aeed-fabd-4403-b6c4-d79196e9cdee@group-64FABD959392-LeaderElection6] INFO  server.RaftServer$Division (RaftServerImpl.java:setRole(285)) - 4bb1aeed-fabd-4403-b6c4-d79196e9cdee@group-64FABD959392: changes role from CANDIDATE to LEADER at term 1 for changeToLeader
2021-08-11 23:24:29,969 [4bb1aeed-fabd-4403-b6c4-d79196e9cdee@group-64FABD959392-LeaderElection6] INFO  ratis.XceiverServerRatis (XceiverServerRatis.java:handleLeaderChangedNotification(861)) - Leader change notification received for group: group-64FABD959392 with new leaderId: 4bb1aeed-fabd-4403-b6c4-d79196e9cdee
2021-08-11 23:24:29,969 [4bb1aeed-fabd-4403-b6c4-d79196e9cdee@group-64FABD959392-LeaderElection6] INFO  server.RaftServer$Division (ServerState.java:setLeader(285)) - 4bb1aeed-fabd-4403-b6c4-d79196e9cdee@group-64FABD959392: change Leader from null to 4bb1aeed-fabd-4403-b6c4-d79196e9cdee at term 1 for becomeLeader, leader elected after 5205ms
2021-08-11 23:24:29,969 [4bb1aeed-fabd-4403-b6c4-d79196e9cdee@group-64FABD959392-LeaderElection6] INFO  server.RaftServerConfigKeys (ConfUtils.java:logGet(44)) - raft.server.staging.catchup.gap = 1000 (default)
2021-08-11 23:24:29,969 [Datanode State Machine Thread - 0] WARN  statemachine.StateContext (StateContext.java:execute(621)) - No available thread in pool for past 0 seconds.
2021-08-11 23:24:29,969 [0b67ed8f-f606-4780-b5a7-a4fc9fccae6a@group-64FABD959392-FollowerState] INFO  impl.FollowerState (FollowerState.java:run(143)) - 0b67ed8f-f606-4780-b5a7-a4fc9fccae6a@group-64FABD959392-FollowerState was interrupted: {}
java.lang.InterruptedException: sleep interrupted
	at java.lang.Thread.sleep(Native Method)
	at java.lang.Thread.sleep(Thread.java:340)
	at java.util.concurrent.TimeUnit.sleep(TimeUnit.java:386)
	at org.apache.ratis.util.TimeDuration.sleep(TimeDuration.java:324)
	at org.apache.ratis.util.TimeDuration.sleep(TimeDuration.java:309)
	at org.apache.ratis.server.impl.FollowerState.run(FollowerState.java:118)
2021-08-11 23:24:29,969 [4bb1aeed-fabd-4403-b6c4-d79196e9cdee@group-64FABD959392-LeaderElection6] INFO  server.RaftServerConfigKeys (ConfUtils.java:logGet(44)) - raft.server.write.element-limit = 1024 (custom)
2021-08-11 23:24:29,970 [4bb1aeed-fabd-4403-b6c4-d79196e9cdee@group-64FABD959392-LeaderElection6] INFO  server.RaftServerConfigKeys (ConfUtils.java:logGet(44)) - raft.server.write.byte-limit = 1024 M (=1073741824) (custom)
2021-08-11 23:24:29,970 [4bb1aeed-fabd-4403-b6c4-d79196e9cdee@group-64FABD959392-LeaderElection6] INFO  server.RaftServerConfigKeys (ConfUtils.java:logGet(44)) - raft.server.watch.timeout = 180s (custom)
2021-08-11 23:24:29,970 [4bb1aeed-fabd-4403-b6c4-d79196e9cdee@group-64FABD959392-LeaderElection6] INFO  server.RaftServerConfigKeys (ConfUtils.java:logGet(44)) - raft.server.watch.timeout.denomination = 1s (default)
2021-08-11 23:24:29,970 [4bb1aeed-fabd-4403-b6c4-d79196e9cdee@group-64FABD959392-LeaderElection6] INFO  server.RaftServerConfigKeys (ConfUtils.java:logGet(44)) - raft.server.watch.element-limit = 65536 (default)
2021-08-11 23:24:29,971 [4bb1aeed-fabd-4403-b6c4-d79196e9cdee@group-64FABD959392-LeaderElection6] INFO  server.RaftServerConfigKeys (ConfUtils.java:logGet(44)) - raft.server.log.appender.snapshot.chunk.size.max = 16MB (=16777216) (default)
2021-08-11 23:24:29,971 [4bb1aeed-fabd-4403-b6c4-d79196e9cdee@group-64FABD959392-LeaderElection6] INFO  server.RaftServerConfigKeys (ConfUtils.java:logGet(44)) - raft.server.log.appender.buffer.byte-limit = 33554432 (custom)
2021-08-11 23:24:29,971 [4bb1aeed-fabd-4403-b6c4-d79196e9cdee@group-64FABD959392-LeaderElection6] INFO  server.RaftServerConfigKeys (ConfUtils.java:logGet(44)) - raft.server.log.appender.buffer.element-limit = 1 (custom)
2021-08-11 23:24:29,971 [4bb1aeed-fabd-4403-b6c4-d79196e9cdee@group-64FABD959392-LeaderElection6] INFO  grpc.GrpcConfigKeys (ConfUtils.java:logGet(44)) - raft.grpc.server.leader.outstanding.appends.max = 128 (default)
2021-08-11 23:24:29,971 [4bb1aeed-fabd-4403-b6c4-d79196e9cdee@group-64FABD959392-LeaderElection6] INFO  server.RaftServerConfigKeys (ConfUtils.java:logGet(44)) - raft.server.rpc.request.timeout = 60s (custom)
2021-08-11 23:24:29,971 [4bb1aeed-fabd-4403-b6c4-d79196e9cdee@group-64FABD959392-LeaderElection6] INFO  server.RaftServerConfigKeys (ConfUtils.java:logGet(44)) - raft.server.log.appender.install.snapshot.enabled = false (custom)
2021-08-11 23:24:29,971 [4bb1aeed-fabd-4403-b6c4-d79196e9cdee@group-64FABD959392-LeaderElection6] INFO  server.RaftServerConfigKeys (ConfUtils.java:logGet(44)) - raft.server.log.appender.snapshot.chunk.size.max = 16MB (=16777216) (default)
2021-08-11 23:24:29,971 [4bb1aeed-fabd-4403-b6c4-d79196e9cdee@group-64FABD959392-LeaderElection6] INFO  server.RaftServerConfigKeys (ConfUtils.java:logGet(44)) - raft.server.log.appender.buffer.byte-limit = 33554432 (custom)
2021-08-11 23:24:29,972 [4bb1aeed-fabd-4403-b6c4-d79196e9cdee@group-64FABD959392-LeaderElection6] INFO  server.RaftServerConfigKeys (ConfUtils.java:logGet(44)) - raft.server.log.appender.buffer.element-limit = 1 (custom)
2021-08-11 23:24:29,972 [4bb1aeed-fabd-4403-b6c4-d79196e9cdee@group-64FABD959392-LeaderElection6] INFO  grpc.GrpcConfigKeys (ConfUtils.java:logGet(44)) - raft.grpc.server.leader.outstanding.appends.max = 128 (default)
2021-08-11 23:24:29,972 [4bb1aeed-fabd-4403-b6c4-d79196e9cdee@group-64FABD959392-LeaderElection6] INFO  server.RaftServerConfigKeys (ConfUtils.java:logGet(44)) - raft.server.rpc.request.timeout = 60s (custom)
2021-08-11 23:24:29,972 [4bb1aeed-fabd-4403-b6c4-d79196e9cdee@group-64FABD959392-LeaderElection6] INFO  server.RaftServerConfigKeys (ConfUtils.java:logGet(44)) - raft.server.log.appender.install.snapshot.enabled = false (custom)
2021-08-11 23:24:29,975 [4bb1aeed-fabd-4403-b6c4-d79196e9cdee@group-64FABD959392-LeaderElection6] INFO  impl.RoleInfo (RoleInfo.java:updateAndGet(130)) - 4bb1aeed-fabd-4403-b6c4-d79196e9cdee: start 4bb1aeed-fabd-4403-b6c4-d79196e9cdee@group-64FABD959392-LeaderStateImpl
2021-08-11 23:24:29,980 [4bb1aeed-fabd-4403-b6c4-d79196e9cdee@group-64FABD959392-LeaderElection6] INFO  segmented.SegmentedRaftLogWorker (SegmentedRaftLogWorker.java:startLogSegment(394)) - 4bb1aeed-fabd-4403-b6c4-d79196e9cdee@group-64FABD959392-SegmentedRaftLogWorker: Starting segment from index:0
2021-08-11 23:24:29,998 [grpc-default-executor-0] INFO  ratis.XceiverServerRatis (XceiverServerRatis.java:handleLeaderChangedNotification(861)) - Leader change notification received for group: group-64FABD959392 with new leaderId: 4bb1aeed-fabd-4403-b6c4-d79196e9cdee
2021-08-11 23:24:29,999 [grpc-default-executor-0] INFO  server.RaftServer$Division (ServerState.java:setLeader(285)) - fcd6b89e-16e4-41c9-a02b-be5b8824d40a@group-64FABD959392: change Leader from null to 4bb1aeed-fabd-4403-b6c4-d79196e9cdee at term 1 for appendEntries, leader elected after 5175ms
2021-08-11 23:24:30,000 [EventQueue-PipelineReportForPipelineReportHandler] INFO  pipeline.PipelineManagerImpl (PipelineManagerImpl.java:openPipeline(283)) - Pipeline Pipeline[ Id: 6255beb7-01b8-45cb-b037-64fabd959392, Nodes: 4bb1aeed-fabd-4403-b6c4-d79196e9cdee{ip: 10.1.0.25, host: fv-az12-896.exdb2aeach2ezidoxz41lk3bwg.cx.internal.cloudapp.net, ports: [REPLICATION=34751, RATIS=36659, RATIS_ADMIN=36659, RATIS_SERVER=36659, STANDALONE=34429], networkLocation: /default-rack, certSerialId: null, persistedOpState: IN_SERVICE, persistedOpStateExpiryEpochSec: 0}fcd6b89e-16e4-41c9-a02b-be5b8824d40a{ip: 10.1.0.25, host: fv-az12-896.exdb2aeach2ezidoxz41lk3bwg.cx.internal.cloudapp.net, ports: [REPLICATION=37961, RATIS=44867, RATIS_ADMIN=44867, RATIS_SERVER=44867, STANDALONE=35621], networkLocation: /default-rack, certSerialId: null, persistedOpState: IN_SERVICE, persistedOpStateExpiryEpochSec: 0}0b67ed8f-f606-4780-b5a7-a4fc9fccae6a{ip: 10.1.0.25, host: fv-az12-896.exdb2aeach2ezidoxz41lk3bwg.cx.internal.cloudapp.net, ports: [REPLICATION=38383, RATIS=45237, RATIS_ADMIN=45237, RATIS_SERVER=45237, STANDALONE=42107], networkLocation: /default-rack, certSerialId: null, persistedOpState: IN_SERVICE, persistedOpStateExpiryEpochSec: 0}, ReplicationConfig: RATIS/THREE, State:ALLOCATED, leaderId:4bb1aeed-fabd-4403-b6c4-d79196e9cdee, CreationTimestamp2021-08-11T23:24:22.598Z[Etc/UTC]] moved to OPEN state
2021-08-11 23:24:30,000 [4bb1aeed-fabd-4403-b6c4-d79196e9cdee@group-64FABD959392-LeaderElection6] INFO  server.RaftServer$Division (ServerState.java:setRaftConf(387)) - 4bb1aeed-fabd-4403-b6c4-d79196e9cdee@group-64FABD959392: set configuration 0: [fcd6b89e-16e4-41c9-a02b-be5b8824d40a|rpc:10.1.0.25:44867|dataStream:|priority:0, 4bb1aeed-fabd-4403-b6c4-d79196e9cdee|rpc:10.1.0.25:36659|dataStream:|priority:1, 0b67ed8f-f606-4780-b5a7-a4fc9fccae6a|rpc:10.1.0.25:45237|dataStream:|priority:0], old=null
2021-08-11 23:24:30,001 [4bb1aeed-fabd-4403-b6c4-d79196e9cdee@group-64FABD959392-SegmentedRaftLogWorker] INFO  segmented.SegmentedRaftLogWorker (SegmentedRaftLogWorker.java:execute(601)) - 4bb1aeed-fabd-4403-b6c4-d79196e9cdee@group-64FABD959392-SegmentedRaftLogWorker: created new log segment /home/runner/work/ozone/ozone/hadoop-ozone/integration-test/target/test-dir/MiniOzoneClusterImpl-4315cdcd-d3fc-449b-ab87-b0d46a3c32e7/datanode-0/data/ratis/6255beb7-01b8-45cb-b037-64fabd959392/current/log_inprogress_0
2021-08-11 23:24:30,021 [grpc-default-executor-2] INFO  ratis.XceiverServerRatis (XceiverServerRatis.java:handleLeaderChangedNotification(861)) - Leader change notification received for group: group-64FABD959392 with new leaderId: 4bb1aeed-fabd-4403-b6c4-d79196e9cdee
2021-08-11 23:24:30,021 [grpc-default-executor-2] INFO  server.RaftServer$Division (ServerState.java:setLeader(285)) - 0b67ed8f-f606-4780-b5a7-a4fc9fccae6a@group-64FABD959392: change Leader from null to 4bb1aeed-fabd-4403-b6c4-d79196e9cdee at term 1 for appendEntries, leader elected after 5151ms
2021-08-11 23:24:30,021 [EventQueue-OpenPipelineForHealthyPipelineSafeModeRule] INFO  safemode.SCMSafeModeManager (HealthyPipelineSafeModeRule.java:process(124)) - SCM in safe mode. Healthy pipelines reported count is 1, required healthy pipeline reported count is 1
2021-08-11 23:24:30,021 [EventQueue-OpenPipelineForHealthyPipelineSafeModeRule] INFO  safemode.SCMSafeModeManager (SCMSafeModeManager.java:validateSafeModeExitRules(204)) - HealthyPipelineSafeModeRule rule is successfully validated
2021-08-11 23:24:30,021 [EventQueue-OpenPipelineForHealthyPipelineSafeModeRule] INFO  safemode.SCMSafeModeManager (SCMSafeModeManager.java:validateSafeModeExitRules(219)) - ScmSafeModeManager, all rules are successfully validated
2021-08-11 23:24:30,021 [EventQueue-OpenPipelineForHealthyPipelineSafeModeRule] INFO  safemode.SCMSafeModeManager (SCMSafeModeManager.java:exitSafeMode(248)) - SCM exiting safe mode.
2021-08-11 23:24:30,021 [EventQueue-OpenPipelineForHealthyPipelineSafeModeRule] WARN  events.EventQueue (EventQueue.java:fireEvent(194)) - No event handler registered for event TypedEvent{payloadType=SafeModeStatus, name='Safe mode status'}
2021-08-11 23:24:30,021 [EventQueue-OpenPipelineForHealthyPipelineSafeModeRule] INFO  ha.SCMContext (SCMContext.java:updateSafeModeStatus(205)) - Update SafeModeStatus from SafeModeStatus{safeModeStatus=true, preCheckPassed=true} to SafeModeStatus{safeModeStatus=false, preCheckPassed=true}.
2021-08-11 23:24:30,021 [EventQueue-OpenPipelineForHealthyPipelineSafeModeRule] INFO  pipeline.BackgroundPipelineCreator (BackgroundPipelineCreatorV2.java:notifyStatusChanged(264)) - Service BackgroundPipelineCreator transitions to RUNNING.
2021-08-11 23:24:30,021 [EventQueue-OpenPipelineForHealthyPipelineSafeModeRule] INFO  container.ReplicationManager (ReplicationManager.java:notifyStatusChanged(1679)) - Service ReplicationManager transitions to RUNNING.
2021-08-11 23:24:30,031 [grpc-default-executor-0] INFO  server.RaftServer$Division (ServerState.java:setRaftConf(387)) - fcd6b89e-16e4-41c9-a02b-be5b8824d40a@group-64FABD959392: set configuration 0: [fcd6b89e-16e4-41c9-a02b-be5b8824d40a|rpc:10.1.0.25:44867|dataStream:|priority:0, 4bb1aeed-fabd-4403-b6c4-d79196e9cdee|rpc:10.1.0.25:36659|dataStream:|priority:1, 0b67ed8f-f606-4780-b5a7-a4fc9fccae6a|rpc:10.1.0.25:45237|dataStream:|priority:0], old=null
2021-08-11 23:24:30,031 [grpc-default-executor-0] INFO  segmented.SegmentedRaftLogWorker (SegmentedRaftLogWorker.java:startLogSegment(394)) - fcd6b89e-16e4-41c9-a02b-be5b8824d40a@group-64FABD959392-SegmentedRaftLogWorker: Starting segment from index:0
2021-08-11 23:24:30,032 [grpc-default-executor-2] INFO  server.RaftServer$Division (ServerState.java:setRaftConf(387)) - 0b67ed8f-f606-4780-b5a7-a4fc9fccae6a@group-64FABD959392: set configuration 0: [fcd6b89e-16e4-41c9-a02b-be5b8824d40a|rpc:10.1.0.25:44867|dataStream:|priority:0, 4bb1aeed-fabd-4403-b6c4-d79196e9cdee|rpc:10.1.0.25:36659|dataStream:|priority:1, 0b67ed8f-f606-4780-b5a7-a4fc9fccae6a|rpc:10.1.0.25:45237|dataStream:|priority:0], old=null
2021-08-11 23:24:30,032 [grpc-default-executor-2] INFO  segmented.SegmentedRaftLogWorker (SegmentedRaftLogWorker.java:startLogSegment(394)) - 0b67ed8f-f606-4780-b5a7-a4fc9fccae6a@group-64FABD959392-SegmentedRaftLogWorker: Starting segment from index:0
2021-08-11 23:24:30,033 [fcd6b89e-16e4-41c9-a02b-be5b8824d40a@group-64FABD959392-SegmentedRaftLogWorker] INFO  segmented.SegmentedRaftLogWorker (SegmentedRaftLogWorker.java:execute(601)) - fcd6b89e-16e4-41c9-a02b-be5b8824d40a@group-64FABD959392-SegmentedRaftLogWorker: created new log segment /home/runner/work/ozone/ozone/hadoop-ozone/integration-test/target/test-dir/MiniOzoneClusterImpl-4315cdcd-d3fc-449b-ab87-b0d46a3c32e7/datanode-2/data/ratis/6255beb7-01b8-45cb-b037-64fabd959392/current/log_inprogress_0
2021-08-11 23:24:30,033 [0b67ed8f-f606-4780-b5a7-a4fc9fccae6a@group-64FABD959392-SegmentedRaftLogWorker] INFO  segmented.SegmentedRaftLogWorker (SegmentedRaftLogWorker.java:execute(601)) - 0b67ed8f-f606-4780-b5a7-a4fc9fccae6a@group-64FABD959392-SegmentedRaftLogWorker: created new log segment /home/runner/work/ozone/ozone/hadoop-ozone/integration-test/target/test-dir/MiniOzoneClusterImpl-4315cdcd-d3fc-449b-ab87-b0d46a3c32e7/datanode-1/data/ratis/6255beb7-01b8-45cb-b037-64fabd959392/current/log_inprogress_0
2021-08-11 23:24:30,065 [SCMBlockDeletingService#0] DEBUG block.SCMBlockDeletingService (SCMBlockDeletingService.java:call(133)) - Running DeletedBlockTransactionScanner
2021-08-11 23:24:30,165 [SCMBlockDeletingService#0] DEBUG block.SCMBlockDeletingService (SCMBlockDeletingService.java:call(133)) - Running DeletedBlockTransactionScanner
2021-08-11 23:24:30,265 [SCMBlockDeletingService#0] DEBUG block.SCMBlockDeletingService (SCMBlockDeletingService.java:call(133)) - Running DeletedBlockTransactionScanner
2021-08-11 23:24:30,365 [SCMBlockDeletingService#0] DEBUG block.SCMBlockDeletingService (SCMBlockDeletingService.java:call(133)) - Running DeletedBlockTransactionScanner
2021-08-11 23:24:30,465 [SCMBlockDeletingService#0] DEBUG block.SCMBlockDeletingService (SCMBlockDeletingService.java:call(133)) - Running DeletedBlockTransactionScanner
2021-08-11 23:24:30,565 [SCMBlockDeletingService#0] DEBUG block.SCMBlockDeletingService (SCMBlockDeletingService.java:call(133)) - Running DeletedBlockTransactionScanner
2021-08-11 23:24:30,566 [Listener at 127.0.0.1/35819] INFO  ozone.MiniOzoneClusterImpl (MiniOzoneClusterImpl.java:lambda$waitForClusterToBeReady$0(235)) - Nodes are ready. Got 3 of 3 DN Heartbeats.
2021-08-11 23:24:30,566 [Listener at 127.0.0.1/35819] INFO  ozone.MiniOzoneClusterImpl (MiniOzoneClusterImpl.java:lambda$waitForClusterToBeReady$0(238)) - Cluster exits safe mode
2021-08-11 23:24:30,566 [Listener at 127.0.0.1/35819] INFO  ozone.MiniOzoneClusterImpl (MiniOzoneClusterImpl.java:lambda$waitForClusterToBeReady$0(240)) - SCM became leader
2021-08-11 23:24:30,665 [SCMBlockDeletingService#0] DEBUG block.SCMBlockDeletingService (SCMBlockDeletingService.java:call(133)) - Running DeletedBlockTransactionScanner
2021-08-11 23:24:30,769 [SCMBlockDeletingService#0] DEBUG block.SCMBlockDeletingService (SCMBlockDeletingService.java:call(133)) - Running DeletedBlockTransactionScanner
2021-08-11 23:24:30,848 [Listener at 127.0.0.1/35819] INFO  rpc.RpcClient (RpcClient.java:createVolume(342)) - Creating Volume: ce22d186-6dea-4b86-a6f8-3b6ae1898d93, with runner as owner and space quota set to -1 bytes, counts quota set to -1
2021-08-11 23:24:30,869 [SCMBlockDeletingService#0] DEBUG block.SCMBlockDeletingService (SCMBlockDeletingService.java:call(133)) - Running DeletedBlockTransactionScanner
2021-08-11 23:24:30,872 [OM StateMachine ApplyTransaction Thread - 0] INFO  volume.OMVolumeCreateRequest (OMVolumeCreateRequest.java:validateAndUpdateCache(195)) - created volume:ce22d186-6dea-4b86-a6f8-3b6ae1898d93 for user:runner
2021-08-11 23:24:30,876 [Listener at 127.0.0.1/35819] INFO  rpc.RpcClient (RpcClient.java:createBucket(502)) - Creating Bucket: ce22d186-6dea-4b86-a6f8-3b6ae1898d93/b2207aa5-88ab-40ca-b827-2a02b552db6a, with Versioning false and Storage Type set to DISK and Encryption set to false 
2021-08-11 23:24:30,915 [IPC Server handler 17 on default port 40893] INFO  ha.SequenceIdGenerator (SequenceIdGenerator.java:getNextId(127)) - Allocate a batch for containerId, change lastId from 0 to 1000.
2021-08-11 23:24:30,916 [IPC Server handler 17 on default port 40893] WARN  ha.SequenceIdGenerator (SequenceIdGenerator.java:allocateBatch(234)) - Failed to allocate a batch for localId, expected lastId is 0, actual lastId is 107544261427200000.
2021-08-11 23:24:30,916 [IPC Server handler 17 on default port 40893] INFO  ha.SequenceIdGenerator (SequenceIdGenerator.java:getNextId(127)) - Allocate a batch for localId, change lastId from 107544261427200000 to 107544261427201000.
2021-08-11 23:24:30,969 [SCMBlockDeletingService#0] DEBUG block.SCMBlockDeletingService (SCMBlockDeletingService.java:call(133)) - Running DeletedBlockTransactionScanner
2021-08-11 23:24:31,052 [Datanode State Machine Thread - 0] WARN  statemachine.StateContext (StateContext.java:execute(621)) - No available thread in pool for past 0 seconds.
2021-08-11 23:24:31,066 [Datanode State Machine Thread - 0] WARN  statemachine.StateContext (StateContext.java:execute(621)) - No available thread in pool for past 0 seconds.
2021-08-11 23:24:31,067 [Datanode State Machine Thread - 0] WARN  statemachine.StateContext (StateContext.java:execute(621)) - No available thread in pool for past 0 seconds.
2021-08-11 23:24:31,069 [SCMBlockDeletingService#0] DEBUG block.SCMBlockDeletingService (SCMBlockDeletingService.java:call(133)) - Running DeletedBlockTransactionScanner
2021-08-11 23:24:31,169 [SCMBlockDeletingService#0] DEBUG block.SCMBlockDeletingService (SCMBlockDeletingService.java:call(133)) - Running DeletedBlockTransactionScanner
2021-08-11 23:24:31,269 [SCMBlockDeletingService#0] DEBUG block.SCMBlockDeletingService (SCMBlockDeletingService.java:call(133)) - Running DeletedBlockTransactionScanner
2021-08-11 23:24:31,369 [SCMBlockDeletingService#0] DEBUG block.SCMBlockDeletingService (SCMBlockDeletingService.java:call(133)) - Running DeletedBlockTransactionScanner
2021-08-11 23:24:31,472 [SCMBlockDeletingService#0] DEBUG block.SCMBlockDeletingService (SCMBlockDeletingService.java:call(133)) - Running DeletedBlockTransactionScanner
2021-08-11 23:24:31,572 [SCMBlockDeletingService#0] DEBUG block.SCMBlockDeletingService (SCMBlockDeletingService.java:call(133)) - Running DeletedBlockTransactionScanner
2021-08-11 23:24:31,672 [SCMBlockDeletingService#0] DEBUG block.SCMBlockDeletingService (SCMBlockDeletingService.java:call(133)) - Running DeletedBlockTransactionScanner
2021-08-11 23:24:31,772 [SCMBlockDeletingService#0] DEBUG block.SCMBlockDeletingService (SCMBlockDeletingService.java:call(133)) - Running DeletedBlockTransactionScanner
2021-08-11 23:24:31,873 [SCMBlockDeletingService#0] DEBUG block.SCMBlockDeletingService (SCMBlockDeletingService.java:call(133)) - Running DeletedBlockTransactionScanner
2021-08-11 23:24:31,973 [SCMBlockDeletingService#0] DEBUG block.SCMBlockDeletingService (SCMBlockDeletingService.java:call(133)) - Running DeletedBlockTransactionScanner
2021-08-11 23:24:32,073 [SCMBlockDeletingService#0] DEBUG block.SCMBlockDeletingService (SCMBlockDeletingService.java:call(133)) - Running DeletedBlockTransactionScanner
2021-08-11 23:24:32,173 [SCMBlockDeletingService#0] DEBUG block.SCMBlockDeletingService (SCMBlockDeletingService.java:call(133)) - Running DeletedBlockTransactionScanner
2021-08-11 23:24:32,273 [SCMBlockDeletingService#0] DEBUG block.SCMBlockDeletingService (SCMBlockDeletingService.java:call(133)) - Running DeletedBlockTransactionScanner
2021-08-11 23:24:32,373 [SCMBlockDeletingService#0] DEBUG block.SCMBlockDeletingService (SCMBlockDeletingService.java:call(133)) - Running DeletedBlockTransactionScanner
2021-08-11 23:24:32,473 [SCMBlockDeletingService#0] DEBUG block.SCMBlockDeletingService (SCMBlockDeletingService.java:call(133)) - Running DeletedBlockTransactionScanner
2021-08-11 23:24:32,573 [SCMBlockDeletingService#0] DEBUG block.SCMBlockDeletingService (SCMBlockDeletingService.java:call(133)) - Running DeletedBlockTransactionScanner
2021-08-11 23:24:32,673 [SCMBlockDeletingService#0] DEBUG block.SCMBlockDeletingService (SCMBlockDeletingService.java:call(133)) - Running DeletedBlockTransactionScanner
2021-08-11 23:24:32,773 [SCMBlockDeletingService#0] DEBUG block.SCMBlockDeletingService (SCMBlockDeletingService.java:call(133)) - Running DeletedBlockTransactionScanner
2021-08-11 23:24:32,873 [SCMBlockDeletingService#0] DEBUG block.SCMBlockDeletingService (SCMBlockDeletingService.java:call(133)) - Running DeletedBlockTransactionScanner
2021-08-11 23:24:32,973 [SCMBlockDeletingService#0] DEBUG block.SCMBlockDeletingService (SCMBlockDeletingService.java:call(133)) - Running DeletedBlockTransactionScanner
2021-08-11 23:24:33,073 [SCMBlockDeletingService#0] DEBUG block.SCMBlockDeletingService (SCMBlockDeletingService.java:call(133)) - Running DeletedBlockTransactionScanner
2021-08-11 23:24:33,173 [SCMBlockDeletingService#0] DEBUG block.SCMBlockDeletingService (SCMBlockDeletingService.java:call(133)) - Running DeletedBlockTransactionScanner
2021-08-11 23:24:33,274 [SCMBlockDeletingService#0] DEBUG block.SCMBlockDeletingService (SCMBlockDeletingService.java:call(133)) - Running DeletedBlockTransactionScanner
2021-08-11 23:24:33,374 [SCMBlockDeletingService#0] DEBUG block.SCMBlockDeletingService (SCMBlockDeletingService.java:call(133)) - Running DeletedBlockTransactionScanner
2021-08-11 23:24:33,474 [SCMBlockDeletingService#0] DEBUG block.SCMBlockDeletingService (SCMBlockDeletingService.java:call(133)) - Running DeletedBlockTransactionScanner
2021-08-11 23:24:33,574 [SCMBlockDeletingService#0] DEBUG block.SCMBlockDeletingService (SCMBlockDeletingService.java:call(133)) - Running DeletedBlockTransactionScanner
2021-08-11 23:24:33,674 [SCMBlockDeletingService#0] DEBUG block.SCMBlockDeletingService (SCMBlockDeletingService.java:call(133)) - Running DeletedBlockTransactionScanner
2021-08-11 23:24:33,774 [SCMBlockDeletingService#0] DEBUG block.SCMBlockDeletingService (SCMBlockDeletingService.java:call(133)) - Running DeletedBlockTransactionScanner
2021-08-11 23:24:33,874 [SCMBlockDeletingService#0] DEBUG block.SCMBlockDeletingService (SCMBlockDeletingService.java:call(133)) - Running DeletedBlockTransactionScanner
2021-08-11 23:24:33,974 [SCMBlockDeletingService#0] DEBUG block.SCMBlockDeletingService (SCMBlockDeletingService.java:call(133)) - Running DeletedBlockTransactionScanner
2021-08-11 23:24:34,074 [SCMBlockDeletingService#0] DEBUG block.SCMBlockDeletingService (SCMBlockDeletingService.java:call(133)) - Running DeletedBlockTransactionScanner
2021-08-11 23:24:34,174 [SCMBlockDeletingService#0] DEBUG block.SCMBlockDeletingService (SCMBlockDeletingService.java:call(133)) - Running DeletedBlockTransactionScanner
2021-08-11 23:24:34,274 [SCMBlockDeletingService#0] DEBUG block.SCMBlockDeletingService (SCMBlockDeletingService.java:call(133)) - Running DeletedBlockTransactionScanner
2021-08-11 23:24:34,375 [SCMBlockDeletingService#0] DEBUG block.SCMBlockDeletingService (SCMBlockDeletingService.java:call(133)) - Running DeletedBlockTransactionScanner
2021-08-11 23:24:34,475 [SCMBlockDeletingService#0] DEBUG block.SCMBlockDeletingService (SCMBlockDeletingService.java:call(133)) - Running DeletedBlockTransactionScanner
2021-08-11 23:24:34,575 [SCMBlockDeletingService#0] DEBUG block.SCMBlockDeletingService (SCMBlockDeletingService.java:call(133)) - Running DeletedBlockTransactionScanner
2021-08-11 23:24:34,675 [SCMBlockDeletingService#0] DEBUG block.SCMBlockDeletingService (SCMBlockDeletingService.java:call(133)) - Running DeletedBlockTransactionScanner
2021-08-11 23:24:34,775 [SCMBlockDeletingService#0] DEBUG block.SCMBlockDeletingService (SCMBlockDeletingService.java:call(133)) - Running DeletedBlockTransactionScanner
2021-08-11 23:24:34,875 [SCMBlockDeletingService#0] DEBUG block.SCMBlockDeletingService (SCMBlockDeletingService.java:call(133)) - Running DeletedBlockTransactionScanner
2021-08-11 23:24:34,975 [SCMBlockDeletingService#0] DEBUG block.SCMBlockDeletingService (SCMBlockDeletingService.java:call(133)) - Running DeletedBlockTransactionScanner
2021-08-11 23:24:35,075 [SCMBlockDeletingService#0] DEBUG block.SCMBlockDeletingService (SCMBlockDeletingService.java:call(133)) - Running DeletedBlockTransactionScanner
2021-08-11 23:24:35,175 [SCMBlockDeletingService#0] DEBUG block.SCMBlockDeletingService (SCMBlockDeletingService.java:call(133)) - Running DeletedBlockTransactionScanner
2021-08-11 23:24:35,275 [SCMBlockDeletingService#0] DEBUG block.SCMBlockDeletingService (SCMBlockDeletingService.java:call(133)) - Running DeletedBlockTransactionScanner
2021-08-11 23:24:35,375 [SCMBlockDeletingService#0] DEBUG block.SCMBlockDeletingService (SCMBlockDeletingService.java:call(133)) - Running DeletedBlockTransactionScanner
2021-08-11 23:24:35,475 [SCMBlockDeletingService#0] DEBUG block.SCMBlockDeletingService (SCMBlockDeletingService.java:call(133)) - Running DeletedBlockTransactionScanner
2021-08-11 23:24:35,575 [SCMBlockDeletingService#0] DEBUG block.SCMBlockDeletingService (SCMBlockDeletingService.java:call(133)) - Running DeletedBlockTransactionScanner
2021-08-11 23:24:35,676 [SCMBlockDeletingService#0] DEBUG block.SCMBlockDeletingService (SCMBlockDeletingService.java:call(133)) - Running DeletedBlockTransactionScanner
2021-08-11 23:24:35,776 [SCMBlockDeletingService#0] DEBUG block.SCMBlockDeletingService (SCMBlockDeletingService.java:call(133)) - Running DeletedBlockTransactionScanner
2021-08-11 23:24:35,876 [SCMBlockDeletingService#0] DEBUG block.SCMBlockDeletingService (SCMBlockDeletingService.java:call(133)) - Running DeletedBlockTransactionScanner
2021-08-11 23:24:35,976 [SCMBlockDeletingService#0] DEBUG block.SCMBlockDeletingService (SCMBlockDeletingService.java:call(133)) - Running DeletedBlockTransactionScanner
2021-08-11 23:24:36,076 [SCMBlockDeletingService#0] DEBUG block.SCMBlockDeletingService (SCMBlockDeletingService.java:call(133)) - Running DeletedBlockTransactionScanner
2021-08-11 23:24:36,176 [SCMBlockDeletingService#0] DEBUG block.SCMBlockDeletingService (SCMBlockDeletingService.java:call(133)) - Running DeletedBlockTransactionScanner
2021-08-11 23:24:36,276 [SCMBlockDeletingService#0] DEBUG block.SCMBlockDeletingService (SCMBlockDeletingService.java:call(133)) - Running DeletedBlockTransactionScanner
2021-08-11 23:24:36,376 [SCMBlockDeletingService#0] DEBUG block.SCMBlockDeletingService (SCMBlockDeletingService.java:call(133)) - Running DeletedBlockTransactionScanner
2021-08-11 23:24:36,476 [SCMBlockDeletingService#0] DEBUG block.SCMBlockDeletingService (SCMBlockDeletingService.java:call(133)) - Running DeletedBlockTransactionScanner
2021-08-11 23:24:36,576 [SCMBlockDeletingService#0] DEBUG block.SCMBlockDeletingService (SCMBlockDeletingService.java:call(133)) - Running DeletedBlockTransactionScanner
2021-08-11 23:24:36,676 [SCMBlockDeletingService#0] DEBUG block.SCMBlockDeletingService (SCMBlockDeletingService.java:call(133)) - Running DeletedBlockTransactionScanner
2021-08-11 23:24:36,777 [SCMBlockDeletingService#0] DEBUG block.SCMBlockDeletingService (SCMBlockDeletingService.java:call(133)) - Running DeletedBlockTransactionScanner
2021-08-11 23:24:36,877 [SCMBlockDeletingService#0] DEBUG block.SCMBlockDeletingService (SCMBlockDeletingService.java:call(133)) - Running DeletedBlockTransactionScanner
2021-08-11 23:24:36,977 [SCMBlockDeletingService#0] DEBUG block.SCMBlockDeletingService (SCMBlockDeletingService.java:call(133)) - Running DeletedBlockTransactionScanner
2021-08-11 23:24:37,077 [SCMBlockDeletingService#0] DEBUG block.SCMBlockDeletingService (SCMBlockDeletingService.java:call(133)) - Running DeletedBlockTransactionScanner
2021-08-11 23:24:37,177 [SCMBlockDeletingService#0] DEBUG block.SCMBlockDeletingService (SCMBlockDeletingService.java:call(133)) - Running DeletedBlockTransactionScanner
2021-08-11 23:24:37,277 [SCMBlockDeletingService#0] DEBUG block.SCMBlockDeletingService (SCMBlockDeletingService.java:call(133)) - Running DeletedBlockTransactionScanner
2021-08-11 23:24:37,382 [SCMBlockDeletingService#0] DEBUG block.SCMBlockDeletingService (SCMBlockDeletingService.java:call(133)) - Running DeletedBlockTransactionScanner
2021-08-11 23:24:37,483 [SCMBlockDeletingService#0] DEBUG block.SCMBlockDeletingService (SCMBlockDeletingService.java:call(133)) - Running DeletedBlockTransactionScanner
2021-08-11 23:24:37,583 [SCMBlockDeletingService#0] DEBUG block.SCMBlockDeletingService (SCMBlockDeletingService.java:call(133)) - Running DeletedBlockTransactionScanner
2021-08-11 23:24:37,683 [SCMBlockDeletingService#0] DEBUG block.SCMBlockDeletingService (SCMBlockDeletingService.java:call(133)) - Running DeletedBlockTransactionScanner
2021-08-11 23:24:37,783 [SCMBlockDeletingService#0] DEBUG block.SCMBlockDeletingService (SCMBlockDeletingService.java:call(133)) - Running DeletedBlockTransactionScanner
2021-08-11 23:24:37,883 [SCMBlockDeletingService#0] DEBUG block.SCMBlockDeletingService (SCMBlockDeletingService.java:call(133)) - Running DeletedBlockTransactionScanner
2021-08-11 23:24:37,983 [SCMBlockDeletingService#0] DEBUG block.SCMBlockDeletingService (SCMBlockDeletingService.java:call(133)) - Running DeletedBlockTransactionScanner
2021-08-11 23:24:38,083 [SCMBlockDeletingService#0] DEBUG block.SCMBlockDeletingService (SCMBlockDeletingService.java:call(133)) - Running DeletedBlockTransactionScanner
2021-08-11 23:24:38,183 [SCMBlockDeletingService#0] DEBUG block.SCMBlockDeletingService (SCMBlockDeletingService.java:call(133)) - Running DeletedBlockTransactionScanner
2021-08-11 23:24:38,283 [SCMBlockDeletingService#0] DEBUG block.SCMBlockDeletingService (SCMBlockDeletingService.java:call(133)) - Running DeletedBlockTransactionScanner
2021-08-11 23:24:38,383 [SCMBlockDeletingService#0] DEBUG block.SCMBlockDeletingService (SCMBlockDeletingService.java:call(133)) - Running DeletedBlockTransactionScanner
2021-08-11 23:24:38,483 [SCMBlockDeletingService#0] DEBUG block.SCMBlockDeletingService (SCMBlockDeletingService.java:call(133)) - Running DeletedBlockTransactionScanner
2021-08-11 23:24:38,583 [SCMBlockDeletingService#0] DEBUG block.SCMBlockDeletingService (SCMBlockDeletingService.java:call(133)) - Running DeletedBlockTransactionScanner
2021-08-11 23:24:38,683 [SCMBlockDeletingService#0] DEBUG block.SCMBlockDeletingService (SCMBlockDeletingService.java:call(133)) - Running DeletedBlockTransactionScanner
2021-08-11 23:24:38,784 [SCMBlockDeletingService#0] DEBUG block.SCMBlockDeletingService (SCMBlockDeletingService.java:call(133)) - Running DeletedBlockTransactionScanner
2021-08-11 23:24:38,884 [SCMBlockDeletingService#0] DEBUG block.SCMBlockDeletingService (SCMBlockDeletingService.java:call(133)) - Running DeletedBlockTransactionScanner
2021-08-11 23:24:38,948 [EventQueue-CloseContainerForCloseContainerEventHandler] INFO  container.CloseContainerEventHandler (CloseContainerEventHandler.java:onMessage(69)) - Close container Event triggered for container : #1
2021-08-11 23:24:38,984 [SCMBlockDeletingService#0] DEBUG block.SCMBlockDeletingService (SCMBlockDeletingService.java:call(133)) - Running DeletedBlockTransactionScanner
2021-08-11 23:24:39,084 [SCMBlockDeletingService#0] DEBUG block.SCMBlockDeletingService (SCMBlockDeletingService.java:call(133)) - Running DeletedBlockTransactionScanner
2021-08-11 23:24:39,184 [SCMBlockDeletingService#0] DEBUG block.SCMBlockDeletingService (SCMBlockDeletingService.java:call(133)) - Running DeletedBlockTransactionScanner
2021-08-11 23:24:39,284 [SCMBlockDeletingService#0] DEBUG block.SCMBlockDeletingService (SCMBlockDeletingService.java:call(133)) - Running DeletedBlockTransactionScanner
2021-08-11 23:24:39,297 [pool-328-thread-7] INFO  keyvalue.KeyValueContainer (KeyValueContainer.java:flushAndSyncDB(397)) - Container 1 is synced with bcsId 8.
2021-08-11 23:24:39,298 [pool-328-thread-7] INFO  keyvalue.KeyValueContainer (KeyValueContainer.java:flushAndSyncDB(397)) - Container 1 is synced with bcsId 8.
2021-08-11 23:24:39,304 [Datanode State Machine Thread - 0] WARN  statemachine.StateContext (StateContext.java:execute(621)) - No available thread in pool for past 0 seconds.
2021-08-11 23:24:39,305 [pool-328-thread-7] INFO  keyvalue.KeyValueContainer (KeyValueContainer.java:close(334)) - Container 1 is closed with bcsId 8.
2021-08-11 23:24:39,307 [pool-330-thread-7] INFO  keyvalue.KeyValueContainer (KeyValueContainer.java:flushAndSyncDB(397)) - Container 1 is synced with bcsId 8.
2021-08-11 23:24:39,307 [Datanode State Machine Thread - 0] WARN  statemachine.StateContext (StateContext.java:execute(621)) - No available thread in pool for past 0 seconds.
2021-08-11 23:24:39,307 [pool-330-thread-7] INFO  keyvalue.KeyValueContainer (KeyValueContainer.java:flushAndSyncDB(397)) - Container 1 is synced with bcsId 8.
2021-08-11 23:24:39,307 [EventQueue-IncrementalContainerReportForIncrementalContainerReportHandler] INFO  container.IncrementalContainerReportHandler (AbstractContainerReportHandler.java:updateContainerState(223)) - Moving container #1 to CLOSED state, datanode 4bb1aeed-fabd-4403-b6c4-d79196e9cdee{ip: 10.1.0.25, host: fv-az12-896.exdb2aeach2ezidoxz41lk3bwg.cx.internal.cloudapp.net, ports: [REPLICATION=34751, RATIS=36659, RATIS_ADMIN=36659, RATIS_SERVER=36659, STANDALONE=34429], networkLocation: /default-rack, certSerialId: null, persistedOpState: IN_SERVICE, persistedOpStateExpiryEpochSec: 0} reported CLOSED replica.
2021-08-11 23:24:39,308 [pool-330-thread-7] INFO  keyvalue.KeyValueContainer (KeyValueContainer.java:close(334)) - Container 1 is closed with bcsId 8.
2021-08-11 23:24:39,309 [Datanode State Machine Thread - 0] WARN  statemachine.StateContext (StateContext.java:execute(621)) - No available thread in pool for past 0 seconds.
2021-08-11 23:24:39,312 [Datanode State Machine Thread - 0] WARN  statemachine.StateContext (StateContext.java:execute(621)) - No available thread in pool for past 0 seconds.
2021-08-11 23:24:39,316 [pool-329-thread-7] INFO  keyvalue.KeyValueContainer (KeyValueContainer.java:flushAndSyncDB(397)) - Container 1 is synced with bcsId 8.
2021-08-11 23:24:39,316 [pool-329-thread-7] INFO  keyvalue.KeyValueContainer (KeyValueContainer.java:flushAndSyncDB(397)) - Container 1 is synced with bcsId 8.
2021-08-11 23:24:39,325 [pool-329-thread-7] INFO  keyvalue.KeyValueContainer (KeyValueContainer.java:close(334)) - Container 1 is closed with bcsId 8.
2021-08-11 23:24:39,325 [Datanode State Machine Thread - 0] WARN  statemachine.StateContext (StateContext.java:execute(621)) - No available thread in pool for past 0 seconds.
2021-08-11 23:24:39,384 [SCMBlockDeletingService#0] DEBUG block.SCMBlockDeletingService (SCMBlockDeletingService.java:call(133)) - Running DeletedBlockTransactionScanner
2021-08-11 23:24:39,484 [SCMBlockDeletingService#0] DEBUG block.SCMBlockDeletingService (SCMBlockDeletingService.java:call(133)) - Running DeletedBlockTransactionScanner
2021-08-11 23:24:39,584 [SCMBlockDeletingService#0] DEBUG block.SCMBlockDeletingService (SCMBlockDeletingService.java:call(133)) - Running DeletedBlockTransactionScanner
2021-08-11 23:24:39,684 [SCMBlockDeletingService#0] DEBUG block.SCMBlockDeletingService (SCMBlockDeletingService.java:call(133)) - Running DeletedBlockTransactionScanner
2021-08-11 23:24:39,784 [SCMBlockDeletingService#0] DEBUG block.SCMBlockDeletingService (SCMBlockDeletingService.java:call(133)) - Running DeletedBlockTransactionScanner
2021-08-11 23:24:39,884 [SCMBlockDeletingService#0] DEBUG block.SCMBlockDeletingService (SCMBlockDeletingService.java:call(133)) - Running DeletedBlockTransactionScanner
2021-08-11 23:24:39,985 [SCMBlockDeletingService#0] DEBUG block.SCMBlockDeletingService (SCMBlockDeletingService.java:call(133)) - Running DeletedBlockTransactionScanner
2021-08-11 23:24:40,085 [SCMBlockDeletingService#0] DEBUG block.SCMBlockDeletingService (SCMBlockDeletingService.java:call(133)) - Running DeletedBlockTransactionScanner
2021-08-11 23:24:40,185 [SCMBlockDeletingService#0] DEBUG block.SCMBlockDeletingService (SCMBlockDeletingService.java:call(133)) - Running DeletedBlockTransactionScanner
2021-08-11 23:24:40,285 [SCMBlockDeletingService#0] DEBUG block.SCMBlockDeletingService (SCMBlockDeletingService.java:call(133)) - Running DeletedBlockTransactionScanner
2021-08-11 23:24:40,385 [SCMBlockDeletingService#0] DEBUG block.SCMBlockDeletingService (SCMBlockDeletingService.java:call(133)) - Running DeletedBlockTransactionScanner
2021-08-11 23:24:40,485 [SCMBlockDeletingService#0] DEBUG block.SCMBlockDeletingService (SCMBlockDeletingService.java:call(133)) - Running DeletedBlockTransactionScanner
2021-08-11 23:24:40,585 [SCMBlockDeletingService#0] DEBUG block.SCMBlockDeletingService (SCMBlockDeletingService.java:call(133)) - Running DeletedBlockTransactionScanner
2021-08-11 23:24:40,685 [SCMBlockDeletingService#0] DEBUG block.SCMBlockDeletingService (SCMBlockDeletingService.java:call(133)) - Running DeletedBlockTransactionScanner
2021-08-11 23:24:40,785 [SCMBlockDeletingService#0] DEBUG block.SCMBlockDeletingService (SCMBlockDeletingService.java:call(133)) - Running DeletedBlockTransactionScanner
2021-08-11 23:24:40,885 [SCMBlockDeletingService#0] DEBUG block.SCMBlockDeletingService (SCMBlockDeletingService.java:call(133)) - Running DeletedBlockTransactionScanner
2021-08-11 23:24:40,985 [SCMBlockDeletingService#0] DEBUG block.SCMBlockDeletingService (SCMBlockDeletingService.java:call(133)) - Running DeletedBlockTransactionScanner
2021-08-11 23:24:41,019 [IPC Server handler 0 on default port 40893] INFO  ha.SequenceIdGenerator (SequenceIdGenerator.java:getNextId(127)) - Allocate a batch for delTxnId, change lastId from 0 to 1000.
2021-08-11 23:24:41,085 [SCMBlockDeletingService#0] DEBUG block.SCMBlockDeletingService (SCMBlockDeletingService.java:call(133)) - Running DeletedBlockTransactionScanner
2021-08-11 23:24:41,086 [SCMBlockDeletingService#0] DEBUG block.SCMBlockDeletingService (DatanodeDeletedBlockTransactions.java:addTransactionToDN(50)) - Transaction added: fcd6b89e-16e4-41c9-a02b-be5b8824d40a <- TX(1)
2021-08-11 23:24:41,086 [SCMBlockDeletingService#0] DEBUG block.SCMBlockDeletingService (DatanodeDeletedBlockTransactions.java:addTransactionToDN(50)) - Transaction added: 4bb1aeed-fabd-4403-b6c4-d79196e9cdee <- TX(1)
2021-08-11 23:24:41,086 [SCMBlockDeletingService#0] DEBUG block.SCMBlockDeletingService (DatanodeDeletedBlockTransactions.java:addTransactionToDN(50)) - Transaction added: 0b67ed8f-f606-4780-b5a7-a4fc9fccae6a <- TX(1)
2021-08-11 23:24:41,086 [SCMBlockDeletingService#0] DEBUG block.SCMBlockDeletingService (SCMBlockDeletingService.java:call(164)) - Added delete block command for datanode 4bb1aeed-fabd-4403-b6c4-d79196e9cdee in the queue, number of delete block transactions: 1
2021-08-11 23:24:41,086 [SCMBlockDeletingService#0] DEBUG block.SCMBlockDeletingService (SCMBlockDeletingService.java:call(164)) - Added delete block command for datanode 0b67ed8f-f606-4780-b5a7-a4fc9fccae6a in the queue, number of delete block transactions: 1
2021-08-11 23:24:41,086 [SCMBlockDeletingService#0] DEBUG block.SCMBlockDeletingService (SCMBlockDeletingService.java:call(164)) - Added delete block command for datanode fcd6b89e-16e4-41c9-a02b-be5b8824d40a in the queue, number of delete block transactions: 1
2021-08-11 23:24:41,086 [SCMBlockDeletingService#0] INFO  block.SCMBlockDeletingService (SCMBlockDeletingService.java:call(174)) - Totally added 3 blocks to be deleted for 3 datanodes, task elapsed time: 0ms
2021-08-11 23:24:41,185 [SCMBlockDeletingService#0] DEBUG block.SCMBlockDeletingService (SCMBlockDeletingService.java:call(133)) - Running DeletedBlockTransactionScanner
2021-08-11 23:24:41,186 [SCMBlockDeletingService#0] DEBUG block.SCMBlockDeletingService (DatanodeDeletedBlockTransactions.java:addTransactionToDN(50)) - Transaction added: fcd6b89e-16e4-41c9-a02b-be5b8824d40a <- TX(1)
2021-08-11 23:24:41,186 [SCMBlockDeletingService#0] DEBUG block.SCMBlockDeletingService (DatanodeDeletedBlockTransactions.java:addTransactionToDN(50)) - Transaction added: 4bb1aeed-fabd-4403-b6c4-d79196e9cdee <- TX(1)
2021-08-11 23:24:41,186 [SCMBlockDeletingService#0] DEBUG block.SCMBlockDeletingService (DatanodeDeletedBlockTransactions.java:addTransactionToDN(50)) - Transaction added: 0b67ed8f-f606-4780-b5a7-a4fc9fccae6a <- TX(1)
2021-08-11 23:24:41,186 [SCMBlockDeletingService#0] DEBUG block.SCMBlockDeletingService (SCMBlockDeletingService.java:call(164)) - Added delete block command for datanode 4bb1aeed-fabd-4403-b6c4-d79196e9cdee in the queue, number of delete block transactions: 1
2021-08-11 23:24:41,186 [SCMBlockDeletingService#0] DEBUG block.SCMBlockDeletingService (SCMBlockDeletingService.java:call(164)) - Added delete block command for datanode 0b67ed8f-f606-4780-b5a7-a4fc9fccae6a in the queue, number of delete block transactions: 1
2021-08-11 23:24:41,186 [SCMBlockDeletingService#0] DEBUG block.SCMBlockDeletingService (SCMBlockDeletingService.java:call(164)) - Added delete block command for datanode fcd6b89e-16e4-41c9-a02b-be5b8824d40a in the queue, number of delete block transactions: 1
2021-08-11 23:24:41,186 [SCMBlockDeletingService#0] INFO  block.SCMBlockDeletingService (SCMBlockDeletingService.java:call(174)) - Totally added 3 blocks to be deleted for 3 datanodes, task elapsed time: 0ms
2021-08-11 23:24:41,285 [SCMBlockDeletingService#0] DEBUG block.SCMBlockDeletingService (SCMBlockDeletingService.java:call(133)) - Running DeletedBlockTransactionScanner
2021-08-11 23:24:41,286 [SCMBlockDeletingService#0] DEBUG block.SCMBlockDeletingService (DatanodeDeletedBlockTransactions.java:addTransactionToDN(50)) - Transaction added: fcd6b89e-16e4-41c9-a02b-be5b8824d40a <- TX(1)
2021-08-11 23:24:41,286 [SCMBlockDeletingService#0] DEBUG block.SCMBlockDeletingService (DatanodeDeletedBlockTransactions.java:addTransactionToDN(50)) - Transaction added: 4bb1aeed-fabd-4403-b6c4-d79196e9cdee <- TX(1)
2021-08-11 23:24:41,286 [SCMBlockDeletingService#0] DEBUG block.SCMBlockDeletingService (DatanodeDeletedBlockTransactions.java:addTransactionToDN(50)) - Transaction added: 0b67ed8f-f606-4780-b5a7-a4fc9fccae6a <- TX(1)
2021-08-11 23:24:41,286 [SCMBlockDeletingService#0] DEBUG block.SCMBlockDeletingService (SCMBlockDeletingService.java:call(164)) - Added delete block command for datanode 4bb1aeed-fabd-4403-b6c4-d79196e9cdee in the queue, number of delete block transactions: 1
2021-08-11 23:24:41,286 [SCMBlockDeletingService#0] DEBUG block.SCMBlockDeletingService (SCMBlockDeletingService.java:call(164)) - Added delete block command for datanode 0b67ed8f-f606-4780-b5a7-a4fc9fccae6a in the queue, number of delete block transactions: 1
2021-08-11 23:24:41,286 [SCMBlockDeletingService#0] DEBUG block.SCMBlockDeletingService (SCMBlockDeletingService.java:call(164)) - Added delete block command for datanode fcd6b89e-16e4-41c9-a02b-be5b8824d40a in the queue, number of delete block transactions: 1
2021-08-11 23:24:41,286 [SCMBlockDeletingService#0] INFO  block.SCMBlockDeletingService (SCMBlockDeletingService.java:call(174)) - Totally added 3 blocks to be deleted for 3 datanodes, task elapsed time: 0ms
2021-08-11 23:24:41,386 [SCMBlockDeletingService#0] DEBUG block.SCMBlockDeletingService (SCMBlockDeletingService.java:call(133)) - Running DeletedBlockTransactionScanner
2021-08-11 23:24:41,386 [SCMBlockDeletingService#0] DEBUG block.SCMBlockDeletingService (DatanodeDeletedBlockTransactions.java:addTransactionToDN(50)) - Transaction added: fcd6b89e-16e4-41c9-a02b-be5b8824d40a <- TX(1)
2021-08-11 23:24:41,386 [SCMBlockDeletingService#0] DEBUG block.SCMBlockDeletingService (DatanodeDeletedBlockTransactions.java:addTransactionToDN(50)) - Transaction added: 4bb1aeed-fabd-4403-b6c4-d79196e9cdee <- TX(1)
2021-08-11 23:24:41,386 [SCMBlockDeletingService#0] DEBUG block.SCMBlockDeletingService (DatanodeDeletedBlockTransactions.java:addTransactionToDN(50)) - Transaction added: 0b67ed8f-f606-4780-b5a7-a4fc9fccae6a <- TX(1)
2021-08-11 23:24:41,386 [SCMBlockDeletingService#0] DEBUG block.SCMBlockDeletingService (SCMBlockDeletingService.java:call(164)) - Added delete block command for datanode 4bb1aeed-fabd-4403-b6c4-d79196e9cdee in the queue, number of delete block transactions: 1
2021-08-11 23:24:41,386 [SCMBlockDeletingService#0] DEBUG block.SCMBlockDeletingService (SCMBlockDeletingService.java:call(164)) - Added delete block command for datanode 0b67ed8f-f606-4780-b5a7-a4fc9fccae6a in the queue, number of delete block transactions: 1
2021-08-11 23:24:41,386 [SCMBlockDeletingService#0] DEBUG block.SCMBlockDeletingService (SCMBlockDeletingService.java:call(164)) - Added delete block command for datanode fcd6b89e-16e4-41c9-a02b-be5b8824d40a in the queue, number of delete block transactions: 1
2021-08-11 23:24:41,386 [SCMBlockDeletingService#0] INFO  block.SCMBlockDeletingService (SCMBlockDeletingService.java:call(174)) - Totally added 3 blocks to be deleted for 3 datanodes, task elapsed time: 0ms
2021-08-11 23:24:41,486 [SCMBlockDeletingService#0] DEBUG block.SCMBlockDeletingService (SCMBlockDeletingService.java:call(133)) - Running DeletedBlockTransactionScanner
2021-08-11 23:24:41,486 [SCMBlockDeletingService#0] DEBUG block.SCMBlockDeletingService (DatanodeDeletedBlockTransactions.java:addTransactionToDN(50)) - Transaction added: fcd6b89e-16e4-41c9-a02b-be5b8824d40a <- TX(1)
2021-08-11 23:24:41,486 [SCMBlockDeletingService#0] DEBUG block.SCMBlockDeletingService (DatanodeDeletedBlockTransactions.java:addTransactionToDN(50)) - Transaction added: 4bb1aeed-fabd-4403-b6c4-d79196e9cdee <- TX(1)
2021-08-11 23:24:41,486 [SCMBlockDeletingService#0] DEBUG block.SCMBlockDeletingService (DatanodeDeletedBlockTransactions.java:addTransactionToDN(50)) - Transaction added: 0b67ed8f-f606-4780-b5a7-a4fc9fccae6a <- TX(1)
2021-08-11 23:24:41,486 [SCMBlockDeletingService#0] DEBUG block.SCMBlockDeletingService (SCMBlockDeletingService.java:call(164)) - Added delete block command for datanode 4bb1aeed-fabd-4403-b6c4-d79196e9cdee in the queue, number of delete block transactions: 1
2021-08-11 23:24:41,486 [SCMBlockDeletingService#0] DEBUG block.SCMBlockDeletingService (SCMBlockDeletingService.java:call(164)) - Added delete block command for datanode 0b67ed8f-f606-4780-b5a7-a4fc9fccae6a in the queue, number of delete block transactions: 1
2021-08-11 23:24:41,486 [SCMBlockDeletingService#0] DEBUG block.SCMBlockDeletingService (SCMBlockDeletingService.java:call(164)) - Added delete block command for datanode fcd6b89e-16e4-41c9-a02b-be5b8824d40a in the queue, number of delete block transactions: 1
2021-08-11 23:24:41,486 [SCMBlockDeletingService#0] INFO  block.SCMBlockDeletingService (SCMBlockDeletingService.java:call(174)) - Totally added 3 blocks to be deleted for 3 datanodes, task elapsed time: 1ms
2021-08-11 23:24:41,586 [SCMBlockDeletingService#0] DEBUG block.SCMBlockDeletingService (SCMBlockDeletingService.java:call(133)) - Running DeletedBlockTransactionScanner
2021-08-11 23:24:41,586 [SCMBlockDeletingService#0] DEBUG block.SCMBlockDeletingService (DatanodeDeletedBlockTransactions.java:addTransactionToDN(50)) - Transaction added: fcd6b89e-16e4-41c9-a02b-be5b8824d40a <- TX(1)
2021-08-11 23:24:41,586 [SCMBlockDeletingService#0] DEBUG block.SCMBlockDeletingService (DatanodeDeletedBlockTransactions.java:addTransactionToDN(50)) - Transaction added: 4bb1aeed-fabd-4403-b6c4-d79196e9cdee <- TX(1)
2021-08-11 23:24:41,586 [SCMBlockDeletingService#0] DEBUG block.SCMBlockDeletingService (DatanodeDeletedBlockTransactions.java:addTransactionToDN(50)) - Transaction added: 0b67ed8f-f606-4780-b5a7-a4fc9fccae6a <- TX(1)
2021-08-11 23:24:41,586 [SCMBlockDeletingService#0] DEBUG block.SCMBlockDeletingService (SCMBlockDeletingService.java:call(164)) - Added delete block command for datanode 4bb1aeed-fabd-4403-b6c4-d79196e9cdee in the queue, number of delete block transactions: 1
2021-08-11 23:24:41,586 [SCMBlockDeletingService#0] DEBUG block.SCMBlockDeletingService (SCMBlockDeletingService.java:call(164)) - Added delete block command for datanode 0b67ed8f-f606-4780-b5a7-a4fc9fccae6a in the queue, number of delete block transactions: 1
2021-08-11 23:24:41,586 [SCMBlockDeletingService#0] DEBUG block.SCMBlockDeletingService (SCMBlockDeletingService.java:call(164)) - Added delete block command for datanode fcd6b89e-16e4-41c9-a02b-be5b8824d40a in the queue, number of delete block transactions: 1
2021-08-11 23:24:41,586 [SCMBlockDeletingService#0] INFO  block.SCMBlockDeletingService (SCMBlockDeletingService.java:call(174)) - Totally added 3 blocks to be deleted for 3 datanodes, task elapsed time: 1ms
2021-08-11 23:24:41,686 [SCMBlockDeletingService#0] DEBUG block.SCMBlockDeletingService (SCMBlockDeletingService.java:call(133)) - Running DeletedBlockTransactionScanner
2021-08-11 23:24:41,686 [SCMBlockDeletingService#0] DEBUG block.SCMBlockDeletingService (DatanodeDeletedBlockTransactions.java:addTransactionToDN(50)) - Transaction added: fcd6b89e-16e4-41c9-a02b-be5b8824d40a <- TX(1)
2021-08-11 23:24:41,686 [SCMBlockDeletingService#0] DEBUG block.SCMBlockDeletingService (DatanodeDeletedBlockTransactions.java:addTransactionToDN(50)) - Transaction added: 4bb1aeed-fabd-4403-b6c4-d79196e9cdee <- TX(1)
2021-08-11 23:24:41,686 [SCMBlockDeletingService#0] DEBUG block.SCMBlockDeletingService (DatanodeDeletedBlockTransactions.java:addTransactionToDN(50)) - Transaction added: 0b67ed8f-f606-4780-b5a7-a4fc9fccae6a <- TX(1)
2021-08-11 23:24:41,686 [SCMBlockDeletingService#0] DEBUG block.SCMBlockDeletingService (SCMBlockDeletingService.java:call(164)) - Added delete block command for datanode 4bb1aeed-fabd-4403-b6c4-d79196e9cdee in the queue, number of delete block transactions: 1
2021-08-11 23:24:41,686 [SCMBlockDeletingService#0] DEBUG block.SCMBlockDeletingService (SCMBlockDeletingService.java:call(164)) - Added delete block command for datanode 0b67ed8f-f606-4780-b5a7-a4fc9fccae6a in the queue, number of delete block transactions: 1
2021-08-11 23:24:41,686 [SCMBlockDeletingService#0] DEBUG block.SCMBlockDeletingService (SCMBlockDeletingService.java:call(164)) - Added delete block command for datanode fcd6b89e-16e4-41c9-a02b-be5b8824d40a in the queue, number of delete block transactions: 1
2021-08-11 23:24:41,686 [SCMBlockDeletingService#0] INFO  block.SCMBlockDeletingService (SCMBlockDeletingService.java:call(174)) - Totally added 3 blocks to be deleted for 3 datanodes, task elapsed time: 1ms
2021-08-11 23:24:41,786 [SCMBlockDeletingService#0] DEBUG block.SCMBlockDeletingService (SCMBlockDeletingService.java:call(133)) - Running DeletedBlockTransactionScanner
2021-08-11 23:24:41,786 [SCMBlockDeletingService#0] DEBUG block.SCMBlockDeletingService (DatanodeDeletedBlockTransactions.java:addTransactionToDN(50)) - Transaction added: fcd6b89e-16e4-41c9-a02b-be5b8824d40a <- TX(1)
2021-08-11 23:24:41,786 [SCMBlockDeletingService#0] DEBUG block.SCMBlockDeletingService (DatanodeDeletedBlockTransactions.java:addTransactionToDN(50)) - Transaction added: 4bb1aeed-fabd-4403-b6c4-d79196e9cdee <- TX(1)
2021-08-11 23:24:41,786 [SCMBlockDeletingService#0] DEBUG block.SCMBlockDeletingService (DatanodeDeletedBlockTransactions.java:addTransactionToDN(50)) - Transaction added: 0b67ed8f-f606-4780-b5a7-a4fc9fccae6a <- TX(1)
2021-08-11 23:24:41,786 [SCMBlockDeletingService#0] DEBUG block.SCMBlockDeletingService (SCMBlockDeletingService.java:call(164)) - Added delete block command for datanode 4bb1aeed-fabd-4403-b6c4-d79196e9cdee in the queue, number of delete block transactions: 1
2021-08-11 23:24:41,786 [SCMBlockDeletingService#0] DEBUG block.SCMBlockDeletingService (SCMBlockDeletingService.java:call(164)) - Added delete block command for datanode 0b67ed8f-f606-4780-b5a7-a4fc9fccae6a in the queue, number of delete block transactions: 1
2021-08-11 23:24:41,786 [SCMBlockDeletingService#0] DEBUG block.SCMBlockDeletingService (SCMBlockDeletingService.java:call(164)) - Added delete block command for datanode fcd6b89e-16e4-41c9-a02b-be5b8824d40a in the queue, number of delete block transactions: 1
2021-08-11 23:24:41,786 [SCMBlockDeletingService#0] INFO  block.SCMBlockDeletingService (SCMBlockDeletingService.java:call(174)) - Totally added 3 blocks to be deleted for 3 datanodes, task elapsed time: 1ms
2021-08-11 23:24:41,886 [SCMBlockDeletingService#0] DEBUG block.SCMBlockDeletingService (SCMBlockDeletingService.java:call(133)) - Running DeletedBlockTransactionScanner
2021-08-11 23:24:41,886 [SCMBlockDeletingService#0] DEBUG block.SCMBlockDeletingService (DatanodeDeletedBlockTransactions.java:addTransactionToDN(50)) - Transaction added: fcd6b89e-16e4-41c9-a02b-be5b8824d40a <- TX(1)
2021-08-11 23:24:41,886 [SCMBlockDeletingService#0] DEBUG block.SCMBlockDeletingService (DatanodeDeletedBlockTransactions.java:addTransactionToDN(50)) - Transaction added: 4bb1aeed-fabd-4403-b6c4-d79196e9cdee <- TX(1)
2021-08-11 23:24:41,886 [SCMBlockDeletingService#0] DEBUG block.SCMBlockDeletingService (DatanodeDeletedBlockTransactions.java:addTransactionToDN(50)) - Transaction added: 0b67ed8f-f606-4780-b5a7-a4fc9fccae6a <- TX(1)
2021-08-11 23:24:41,886 [SCMBlockDeletingService#0] DEBUG block.SCMBlockDeletingService (SCMBlockDeletingService.java:call(164)) - Added delete block command for datanode 4bb1aeed-fabd-4403-b6c4-d79196e9cdee in the queue, number of delete block transactions: 1
2021-08-11 23:24:41,886 [SCMBlockDeletingService#0] DEBUG block.SCMBlockDeletingService (SCMBlockDeletingService.java:call(164)) - Added delete block command for datanode 0b67ed8f-f606-4780-b5a7-a4fc9fccae6a in the queue, number of delete block transactions: 1
2021-08-11 23:24:41,886 [SCMBlockDeletingService#0] DEBUG block.SCMBlockDeletingService (SCMBlockDeletingService.java:call(164)) - Added delete block command for datanode fcd6b89e-16e4-41c9-a02b-be5b8824d40a in the queue, number of delete block transactions: 1
2021-08-11 23:24:41,886 [SCMBlockDeletingService#0] INFO  block.SCMBlockDeletingService (SCMBlockDeletingService.java:call(174)) - Totally added 3 blocks to be deleted for 3 datanodes, task elapsed time: 1ms
2021-08-11 23:24:41,964 [org.apache.hadoop.ozone.container.common.statemachine.commandhandler.DeleteBlocksCommandHandler$DeleteCmdWorker@1a16ae2a] INFO  commandhandler.DeleteBlocksCommandHandler (DeleteBlocksCommandHandler.java:processCmd(261)) - Start to delete container blocks, TXIDs=[1(0)], numOfContainers=1, numOfBlocks=1
2021-08-11 23:24:41,964 [org.apache.hadoop.ozone.container.common.statemachine.commandhandler.DeleteBlocksCommandHandler$DeleteCmdWorker@1a16ae2a] INFO  commandhandler.DeleteBlocksCommandHandler (DeleteBlocksCommandHandler.java:processCmd(261)) - Start to delete container blocks, TXIDs=[1(0)], numOfContainers=1, numOfBlocks=1
2021-08-11 23:24:41,965 [org.apache.hadoop.ozone.container.common.statemachine.commandhandler.DeleteBlocksCommandHandler$DeleteCmdWorker@1a16ae2a] INFO  commandhandler.DeleteBlocksCommandHandler (DeleteBlocksCommandHandler.java:processCmd(261)) - Start to delete container blocks, TXIDs=[1(0)], numOfContainers=1, numOfBlocks=1
2021-08-11 23:24:41,965 [org.apache.hadoop.ozone.container.common.statemachine.commandhandler.DeleteBlocksCommandHandler$DeleteCmdWorker@1a16ae2a] INFO  commandhandler.DeleteBlocksCommandHandler (DeleteBlocksCommandHandler.java:processCmd(261)) - Start to delete container blocks, TXIDs=[1(0)], numOfContainers=1, numOfBlocks=1
2021-08-11 23:24:41,965 [org.apache.hadoop.ozone.container.common.statemachine.commandhandler.DeleteBlocksCommandHandler$DeleteCmdWorker@1a16ae2a] INFO  commandhandler.DeleteBlocksCommandHandler (DeleteBlocksCommandHandler.java:processCmd(261)) - Start to delete container blocks, TXIDs=[1(0)], numOfContainers=1, numOfBlocks=1
2021-08-11 23:24:41,965 [org.apache.hadoop.ozone.container.common.statemachine.commandhandler.DeleteBlocksCommandHandler$DeleteCmdWorker@1a16ae2a] INFO  commandhandler.DeleteBlocksCommandHandler (DeleteBlocksCommandHandler.java:processCmd(261)) - Start to delete container blocks, TXIDs=[1(0)], numOfContainers=1, numOfBlocks=1
2021-08-11 23:24:41,966 [org.apache.hadoop.ozone.container.common.statemachine.commandhandler.DeleteBlocksCommandHandler$DeleteCmdWorker@1a16ae2a] INFO  commandhandler.DeleteBlocksCommandHandler (DeleteBlocksCommandHandler.java:processCmd(261)) - Start to delete container blocks, TXIDs=[1(0)], numOfContainers=1, numOfBlocks=1
2021-08-11 23:24:41,986 [SCMBlockDeletingService#0] DEBUG block.SCMBlockDeletingService (SCMBlockDeletingService.java:call(133)) - Running DeletedBlockTransactionScanner
2021-08-11 23:24:41,986 [SCMBlockDeletingService#0] DEBUG block.SCMBlockDeletingService (DatanodeDeletedBlockTransactions.java:addTransactionToDN(50)) - Transaction added: fcd6b89e-16e4-41c9-a02b-be5b8824d40a <- TX(1)
2021-08-11 23:24:41,986 [SCMBlockDeletingService#0] DEBUG block.SCMBlockDeletingService (DatanodeDeletedBlockTransactions.java:addTransactionToDN(50)) - Transaction added: 4bb1aeed-fabd-4403-b6c4-d79196e9cdee <- TX(1)
2021-08-11 23:24:41,986 [SCMBlockDeletingService#0] DEBUG block.SCMBlockDeletingService (DatanodeDeletedBlockTransactions.java:addTransactionToDN(50)) - Transaction added: 0b67ed8f-f606-4780-b5a7-a4fc9fccae6a <- TX(1)
2021-08-11 23:24:41,986 [SCMBlockDeletingService#0] DEBUG block.SCMBlockDeletingService (SCMBlockDeletingService.java:call(164)) - Added delete block command for datanode 4bb1aeed-fabd-4403-b6c4-d79196e9cdee in the queue, number of delete block transactions: 1
2021-08-11 23:24:41,986 [SCMBlockDeletingService#0] DEBUG block.SCMBlockDeletingService (SCMBlockDeletingService.java:call(164)) - Added delete block command for datanode 0b67ed8f-f606-4780-b5a7-a4fc9fccae6a in the queue, number of delete block transactions: 1
2021-08-11 23:24:41,986 [SCMBlockDeletingService#0] DEBUG block.SCMBlockDeletingService (SCMBlockDeletingService.java:call(164)) - Added delete block command for datanode fcd6b89e-16e4-41c9-a02b-be5b8824d40a in the queue, number of delete block transactions: 1
2021-08-11 23:24:41,986 [SCMBlockDeletingService#0] INFO  block.SCMBlockDeletingService (SCMBlockDeletingService.java:call(174)) - Totally added 3 blocks to be deleted for 3 datanodes, task elapsed time: 1ms
2021-08-11 23:24:42,022 [BlockDeletingService#2] INFO  background.BlockDeletingService (BlockDeletingService.java:getTasks(158)) - Plan to choose 5000 blocks for block deletion, actually deleting 1 blocks.
2021-08-11 23:24:42,023 [BlockDeletingService#2] INFO  impl.FilePerBlockStrategy (FilePerBlockStrategy.java:deleteChunk(227)) - Deleted block file: /home/runner/work/ozone/ozone/hadoop-ozone/integration-test/target/test-dir/MiniOzoneClusterImpl-4315cdcd-d3fc-449b-ab87-b0d46a3c32e7/datanode-1/data-0/containers/hdds/4315cdcd-d3fc-449b-ab87-b0d46a3c32e7/current/containerDir0/1/chunks/107544261427200001.block
2021-08-11 23:24:42,023 [BlockDeletingService#2] INFO  background.BlockDeletingService (BlockDeletingService.java:deleteViaSchema2(447)) - Container: 1, deleted blocks: 1, task elapsed time: 1ms
2021-08-11 23:24:42,086 [SCMBlockDeletingService#0] DEBUG block.SCMBlockDeletingService (SCMBlockDeletingService.java:call(133)) - Running DeletedBlockTransactionScanner
2021-08-11 23:24:42,086 [SCMBlockDeletingService#0] DEBUG block.SCMBlockDeletingService (DatanodeDeletedBlockTransactions.java:addTransactionToDN(50)) - Transaction added: fcd6b89e-16e4-41c9-a02b-be5b8824d40a <- TX(1)
2021-08-11 23:24:42,086 [SCMBlockDeletingService#0] DEBUG block.SCMBlockDeletingService (DatanodeDeletedBlockTransactions.java:addTransactionToDN(50)) - Transaction added: 4bb1aeed-fabd-4403-b6c4-d79196e9cdee <- TX(1)
2021-08-11 23:24:42,086 [SCMBlockDeletingService#0] DEBUG block.SCMBlockDeletingService (DatanodeDeletedBlockTransactions.java:addTransactionToDN(50)) - Transaction added: 0b67ed8f-f606-4780-b5a7-a4fc9fccae6a <- TX(1)
2021-08-11 23:24:42,086 [SCMBlockDeletingService#0] DEBUG block.SCMBlockDeletingService (SCMBlockDeletingService.java:call(164)) - Added delete block command for datanode 4bb1aeed-fabd-4403-b6c4-d79196e9cdee in the queue, number of delete block transactions: 1
2021-08-11 23:24:42,086 [SCMBlockDeletingService#0] DEBUG block.SCMBlockDeletingService (SCMBlockDeletingService.java:call(164)) - Added delete block command for datanode 0b67ed8f-f606-4780-b5a7-a4fc9fccae6a in the queue, number of delete block transactions: 1
2021-08-11 23:24:42,086 [SCMBlockDeletingService#0] DEBUG block.SCMBlockDeletingService (SCMBlockDeletingService.java:call(164)) - Added delete block command for datanode fcd6b89e-16e4-41c9-a02b-be5b8824d40a in the queue, number of delete block transactions: 1
2021-08-11 23:24:42,086 [SCMBlockDeletingService#0] INFO  block.SCMBlockDeletingService (SCMBlockDeletingService.java:call(174)) - Totally added 3 blocks to be deleted for 3 datanodes, task elapsed time: 0ms
2021-08-11 23:24:42,117 [EventQueue-DeleteBlockStatusForDeletedBlockLogImpl] DEBUG block.DeletedBlockLogImpl (DeletedBlockLogImpl.java:isTransactionFailed(278)) - Got block deletion ACK from datanode, TXIDs=1, success=true
2021-08-11 23:24:42,117 [EventQueue-DeleteBlockStatusForDeletedBlockLogImpl] DEBUG block.DeletedBlockLogImpl (DeletedBlockLogImpl.java:commitTransactions(256)) - Datanode txId=1 containerId=#1 committed by dnId=0b67ed8f-f606-4780-b5a7-a4fc9fccae6a
2021-08-11 23:24:42,117 [EventQueue-DeleteBlockStatusForDeletedBlockLogImpl] DEBUG block.DeletedBlockLogImpl (DeletedBlockLogImpl.java:isTransactionFailed(278)) - Got block deletion ACK from datanode, TXIDs=1, success=true
2021-08-11 23:24:42,118 [EventQueue-DeleteBlockStatusForDeletedBlockLogImpl] DEBUG block.DeletedBlockLogImpl (DeletedBlockLogImpl.java:commitTransactions(256)) - Datanode txId=1 containerId=#1 committed by dnId=0b67ed8f-f606-4780-b5a7-a4fc9fccae6a
2021-08-11 23:24:42,118 [EventQueue-DeleteBlockStatusForDeletedBlockLogImpl] DEBUG block.DeletedBlockLogImpl (DeletedBlockLogImpl.java:isTransactionFailed(278)) - Got block deletion ACK from datanode, TXIDs=1, success=true
2021-08-11 23:24:42,118 [EventQueue-DeleteBlockStatusForDeletedBlockLogImpl] DEBUG block.DeletedBlockLogImpl (DeletedBlockLogImpl.java:commitTransactions(256)) - Datanode txId=1 containerId=#1 committed by dnId=0b67ed8f-f606-4780-b5a7-a4fc9fccae6a
2021-08-11 23:24:42,118 [EventQueue-DeleteBlockStatusForDeletedBlockLogImpl] DEBUG block.DeletedBlockLogImpl (DeletedBlockLogImpl.java:isTransactionFailed(278)) - Got block deletion ACK from datanode, TXIDs=1, success=true
2021-08-11 23:24:42,118 [EventQueue-DeleteBlockStatusForDeletedBlockLogImpl] DEBUG block.DeletedBlockLogImpl (DeletedBlockLogImpl.java:commitTransactions(256)) - Datanode txId=1 containerId=#1 committed by dnId=0b67ed8f-f606-4780-b5a7-a4fc9fccae6a
2021-08-11 23:24:42,118 [EventQueue-DeleteBlockStatusForDeletedBlockLogImpl] DEBUG block.DeletedBlockLogImpl (DeletedBlockLogImpl.java:isTransactionFailed(278)) - Got block deletion ACK from datanode, TXIDs=1, success=true
2021-08-11 23:24:42,118 [EventQueue-DeleteBlockStatusForDeletedBlockLogImpl] DEBUG block.DeletedBlockLogImpl (DeletedBlockLogImpl.java:commitTransactions(256)) - Datanode txId=1 containerId=#1 committed by dnId=0b67ed8f-f606-4780-b5a7-a4fc9fccae6a
2021-08-11 23:24:42,118 [EventQueue-DeleteBlockStatusForDeletedBlockLogImpl] DEBUG block.DeletedBlockLogImpl (DeletedBlockLogImpl.java:isTransactionFailed(278)) - Got block deletion ACK from datanode, TXIDs=1, success=true
2021-08-11 23:24:42,118 [EventQueue-DeleteBlockStatusForDeletedBlockLogImpl] DEBUG block.DeletedBlockLogImpl (DeletedBlockLogImpl.java:commitTransactions(256)) - Datanode txId=1 containerId=#1 committed by dnId=0b67ed8f-f606-4780-b5a7-a4fc9fccae6a
2021-08-11 23:24:42,118 [EventQueue-DeleteBlockStatusForDeletedBlockLogImpl] DEBUG block.DeletedBlockLogImpl (DeletedBlockLogImpl.java:isTransactionFailed(278)) - Got block deletion ACK from datanode, TXIDs=1, success=true
2021-08-11 23:24:42,118 [EventQueue-DeleteBlockStatusForDeletedBlockLogImpl] DEBUG block.DeletedBlockLogImpl (DeletedBlockLogImpl.java:commitTransactions(256)) - Datanode txId=1 containerId=#1 committed by dnId=0b67ed8f-f606-4780-b5a7-a4fc9fccae6a
2021-08-11 23:24:42,186 [SCMBlockDeletingService#0] DEBUG block.SCMBlockDeletingService (SCMBlockDeletingService.java:call(133)) - Running DeletedBlockTransactionScanner
2021-08-11 23:24:42,186 [SCMBlockDeletingService#0] DEBUG block.SCMBlockDeletingService (DatanodeDeletedBlockTransactions.java:addTransactionToDN(50)) - Transaction added: fcd6b89e-16e4-41c9-a02b-be5b8824d40a <- TX(1)
2021-08-11 23:24:42,186 [SCMBlockDeletingService#0] DEBUG block.SCMBlockDeletingService (DatanodeDeletedBlockTransactions.java:addTransactionToDN(50)) - Transaction added: 4bb1aeed-fabd-4403-b6c4-d79196e9cdee <- TX(1)
2021-08-11 23:24:42,186 [SCMBlockDeletingService#0] DEBUG block.SCMBlockDeletingService (SCMBlockDeletingService.java:call(164)) - Added delete block command for datanode 4bb1aeed-fabd-4403-b6c4-d79196e9cdee in the queue, number of delete block transactions: 1
2021-08-11 23:24:42,187 [SCMBlockDeletingService#0] DEBUG block.SCMBlockDeletingService (SCMBlockDeletingService.java:call(164)) - Added delete block command for datanode fcd6b89e-16e4-41c9-a02b-be5b8824d40a in the queue, number of delete block transactions: 1
2021-08-11 23:24:42,187 [SCMBlockDeletingService#0] INFO  block.SCMBlockDeletingService (SCMBlockDeletingService.java:call(174)) - Totally added 2 blocks to be deleted for 2 datanodes, task elapsed time: 0ms
2021-08-11 23:24:42,286 [SCMBlockDeletingService#0] DEBUG block.SCMBlockDeletingService (SCMBlockDeletingService.java:call(133)) - Running DeletedBlockTransactionScanner
2021-08-11 23:24:42,286 [SCMBlockDeletingService#0] DEBUG block.SCMBlockDeletingService (DatanodeDeletedBlockTransactions.java:addTransactionToDN(50)) - Transaction added: fcd6b89e-16e4-41c9-a02b-be5b8824d40a <- TX(1)
2021-08-11 23:24:42,287 [SCMBlockDeletingService#0] DEBUG block.SCMBlockDeletingService (DatanodeDeletedBlockTransactions.java:addTransactionToDN(50)) - Transaction added: 4bb1aeed-fabd-4403-b6c4-d79196e9cdee <- TX(1)
2021-08-11 23:24:42,287 [SCMBlockDeletingService#0] DEBUG block.SCMBlockDeletingService (SCMBlockDeletingService.java:call(164)) - Added delete block command for datanode 4bb1aeed-fabd-4403-b6c4-d79196e9cdee in the queue, number of delete block transactions: 1
2021-08-11 23:24:42,287 [SCMBlockDeletingService#0] DEBUG block.SCMBlockDeletingService (SCMBlockDeletingService.java:call(164)) - Added delete block command for datanode fcd6b89e-16e4-41c9-a02b-be5b8824d40a in the queue, number of delete block transactions: 1
2021-08-11 23:24:42,287 [SCMBlockDeletingService#0] INFO  block.SCMBlockDeletingService (SCMBlockDeletingService.java:call(174)) - Totally added 2 blocks to be deleted for 2 datanodes, task elapsed time: 0ms
2021-08-11 23:24:42,386 [SCMBlockDeletingService#0] DEBUG block.SCMBlockDeletingService (SCMBlockDeletingService.java:call(133)) - Running DeletedBlockTransactionScanner
2021-08-11 23:24:42,387 [SCMBlockDeletingService#0] DEBUG block.SCMBlockDeletingService (DatanodeDeletedBlockTransactions.java:addTransactionToDN(50)) - Transaction added: fcd6b89e-16e4-41c9-a02b-be5b8824d40a <- TX(1)
2021-08-11 23:24:42,387 [SCMBlockDeletingService#0] DEBUG block.SCMBlockDeletingService (DatanodeDeletedBlockTransactions.java:addTransactionToDN(50)) - Transaction added: 4bb1aeed-fabd-4403-b6c4-d79196e9cdee <- TX(1)
2021-08-11 23:24:42,387 [SCMBlockDeletingService#0] DEBUG block.SCMBlockDeletingService (SCMBlockDeletingService.java:call(164)) - Added delete block command for datanode 4bb1aeed-fabd-4403-b6c4-d79196e9cdee in the queue, number of delete block transactions: 1
2021-08-11 23:24:42,387 [SCMBlockDeletingService#0] DEBUG block.SCMBlockDeletingService (SCMBlockDeletingService.java:call(164)) - Added delete block command for datanode fcd6b89e-16e4-41c9-a02b-be5b8824d40a in the queue, number of delete block transactions: 1
2021-08-11 23:24:42,387 [SCMBlockDeletingService#0] INFO  block.SCMBlockDeletingService (SCMBlockDeletingService.java:call(174)) - Totally added 2 blocks to be deleted for 2 datanodes, task elapsed time: 0ms
2021-08-11 23:24:42,422 [org.apache.hadoop.ozone.container.common.statemachine.commandhandler.DeleteBlocksCommandHandler$DeleteCmdWorker@36f50eef] INFO  commandhandler.DeleteBlocksCommandHandler (DeleteBlocksCommandHandler.java:processCmd(261)) - Start to delete container blocks, TXIDs=[1(0)], numOfContainers=1, numOfBlocks=1
2021-08-11 23:24:42,422 [org.apache.hadoop.ozone.container.common.statemachine.commandhandler.DeleteBlocksCommandHandler$DeleteCmdWorker@36f50eef] INFO  commandhandler.DeleteBlocksCommandHandler (DeleteBlocksCommandHandler.java:processCmd(261)) - Start to delete container blocks, TXIDs=[1(0)], numOfContainers=1, numOfBlocks=1
2021-08-11 23:24:42,422 [org.apache.hadoop.ozone.container.common.statemachine.commandhandler.DeleteBlocksCommandHandler$DeleteCmdWorker@36f50eef] INFO  commandhandler.DeleteBlocksCommandHandler (DeleteBlocksCommandHandler.java:processCmd(261)) - Start to delete container blocks, TXIDs=[1(0)], numOfContainers=1, numOfBlocks=1
2021-08-11 23:24:42,422 [org.apache.hadoop.ozone.container.common.statemachine.commandhandler.DeleteBlocksCommandHandler$DeleteCmdWorker@36f50eef] INFO  commandhandler.DeleteBlocksCommandHandler (DeleteBlocksCommandHandler.java:processCmd(261)) - Start to delete container blocks, TXIDs=[1(0)], numOfContainers=1, numOfBlocks=1
2021-08-11 23:24:42,422 [org.apache.hadoop.ozone.container.common.statemachine.commandhandler.DeleteBlocksCommandHandler$DeleteCmdWorker@36f50eef] INFO  commandhandler.DeleteBlocksCommandHandler (DeleteBlocksCommandHandler.java:processCmd(261)) - Start to delete container blocks, TXIDs=[1(0)], numOfContainers=1, numOfBlocks=1
2021-08-11 23:24:42,475 [BlockDeletingService#3] INFO  background.BlockDeletingService (BlockDeletingService.java:getTasks(158)) - Plan to choose 5000 blocks for block deletion, actually deleting 1 blocks.
2021-08-11 23:24:42,476 [BlockDeletingService#3] INFO  impl.FilePerBlockStrategy (FilePerBlockStrategy.java:deleteChunk(227)) - Deleted block file: /home/runner/work/ozone/ozone/hadoop-ozone/integration-test/target/test-dir/MiniOzoneClusterImpl-4315cdcd-d3fc-449b-ab87-b0d46a3c32e7/datanode-2/data-0/containers/hdds/4315cdcd-d3fc-449b-ab87-b0d46a3c32e7/current/containerDir0/1/chunks/107544261427200001.block
2021-08-11 23:24:42,476 [BlockDeletingService#3] INFO  background.BlockDeletingService (BlockDeletingService.java:deleteViaSchema2(447)) - Container: 1, deleted blocks: 1, task elapsed time: 1ms
2021-08-11 23:24:42,486 [SCMBlockDeletingService#0] DEBUG block.SCMBlockDeletingService (SCMBlockDeletingService.java:call(133)) - Running DeletedBlockTransactionScanner
2021-08-11 23:24:42,487 [SCMBlockDeletingService#0] DEBUG block.SCMBlockDeletingService (DatanodeDeletedBlockTransactions.java:addTransactionToDN(50)) - Transaction added: fcd6b89e-16e4-41c9-a02b-be5b8824d40a <- TX(1)
2021-08-11 23:24:42,487 [SCMBlockDeletingService#0] DEBUG block.SCMBlockDeletingService (DatanodeDeletedBlockTransactions.java:addTransactionToDN(50)) - Transaction added: 4bb1aeed-fabd-4403-b6c4-d79196e9cdee <- TX(1)
2021-08-11 23:24:42,487 [SCMBlockDeletingService#0] DEBUG block.SCMBlockDeletingService (SCMBlockDeletingService.java:call(164)) - Added delete block command for datanode 4bb1aeed-fabd-4403-b6c4-d79196e9cdee in the queue, number of delete block transactions: 1
2021-08-11 23:24:42,487 [SCMBlockDeletingService#0] DEBUG block.SCMBlockDeletingService (SCMBlockDeletingService.java:call(164)) - Added delete block command for datanode fcd6b89e-16e4-41c9-a02b-be5b8824d40a in the queue, number of delete block transactions: 1
2021-08-11 23:24:42,487 [SCMBlockDeletingService#0] INFO  block.SCMBlockDeletingService (SCMBlockDeletingService.java:call(174)) - Totally added 2 blocks to be deleted for 2 datanodes, task elapsed time: 0ms
2021-08-11 23:24:42,586 [SCMBlockDeletingService#0] DEBUG block.SCMBlockDeletingService (SCMBlockDeletingService.java:call(133)) - Running DeletedBlockTransactionScanner
2021-08-11 23:24:42,587 [SCMBlockDeletingService#0] DEBUG block.SCMBlockDeletingService (DatanodeDeletedBlockTransactions.java:addTransactionToDN(50)) - Transaction added: fcd6b89e-16e4-41c9-a02b-be5b8824d40a <- TX(1)
2021-08-11 23:24:42,587 [SCMBlockDeletingService#0] DEBUG block.SCMBlockDeletingService (DatanodeDeletedBlockTransactions.java:addTransactionToDN(50)) - Transaction added: 4bb1aeed-fabd-4403-b6c4-d79196e9cdee <- TX(1)
2021-08-11 23:24:42,587 [SCMBlockDeletingService#0] DEBUG block.SCMBlockDeletingService (SCMBlockDeletingService.java:call(164)) - Added delete block command for datanode 4bb1aeed-fabd-4403-b6c4-d79196e9cdee in the queue, number of delete block transactions: 1
2021-08-11 23:24:42,587 [SCMBlockDeletingService#0] DEBUG block.SCMBlockDeletingService (SCMBlockDeletingService.java:call(164)) - Added delete block command for datanode fcd6b89e-16e4-41c9-a02b-be5b8824d40a in the queue, number of delete block transactions: 1
2021-08-11 23:24:42,587 [SCMBlockDeletingService#0] INFO  block.SCMBlockDeletingService (SCMBlockDeletingService.java:call(174)) - Totally added 2 blocks to be deleted for 2 datanodes, task elapsed time: 0ms
2021-08-11 23:24:42,687 [SCMBlockDeletingService#0] DEBUG block.SCMBlockDeletingService (SCMBlockDeletingService.java:call(133)) - Running DeletedBlockTransactionScanner
2021-08-11 23:24:42,687 [SCMBlockDeletingService#0] DEBUG block.SCMBlockDeletingService (DatanodeDeletedBlockTransactions.java:addTransactionToDN(50)) - Transaction added: fcd6b89e-16e4-41c9-a02b-be5b8824d40a <- TX(1)
2021-08-11 23:24:42,687 [SCMBlockDeletingService#0] DEBUG block.SCMBlockDeletingService (DatanodeDeletedBlockTransactions.java:addTransactionToDN(50)) - Transaction added: 4bb1aeed-fabd-4403-b6c4-d79196e9cdee <- TX(1)
2021-08-11 23:24:42,687 [SCMBlockDeletingService#0] DEBUG block.SCMBlockDeletingService (SCMBlockDeletingService.java:call(164)) - Added delete block command for datanode 4bb1aeed-fabd-4403-b6c4-d79196e9cdee in the queue, number of delete block transactions: 1
2021-08-11 23:24:42,687 [SCMBlockDeletingService#0] DEBUG block.SCMBlockDeletingService (SCMBlockDeletingService.java:call(164)) - Added delete block command for datanode fcd6b89e-16e4-41c9-a02b-be5b8824d40a in the queue, number of delete block transactions: 1
2021-08-11 23:24:42,687 [SCMBlockDeletingService#0] INFO  block.SCMBlockDeletingService (SCMBlockDeletingService.java:call(174)) - Totally added 2 blocks to be deleted for 2 datanodes, task elapsed time: 0ms
2021-08-11 23:24:42,729 [EventQueue-DeleteBlockStatusForDeletedBlockLogImpl] DEBUG block.DeletedBlockLogImpl (DeletedBlockLogImpl.java:isTransactionFailed(278)) - Got block deletion ACK from datanode, TXIDs=1, success=true
2021-08-11 23:24:42,729 [EventQueue-DeleteBlockStatusForDeletedBlockLogImpl] DEBUG block.DeletedBlockLogImpl (DeletedBlockLogImpl.java:commitTransactions(256)) - Datanode txId=1 containerId=#1 committed by dnId=fcd6b89e-16e4-41c9-a02b-be5b8824d40a
2021-08-11 23:24:42,729 [EventQueue-DeleteBlockStatusForDeletedBlockLogImpl] DEBUG block.DeletedBlockLogImpl (DeletedBlockLogImpl.java:isTransactionFailed(278)) - Got block deletion ACK from datanode, TXIDs=1, success=true
2021-08-11 23:24:42,729 [EventQueue-DeleteBlockStatusForDeletedBlockLogImpl] DEBUG block.DeletedBlockLogImpl (DeletedBlockLogImpl.java:commitTransactions(256)) - Datanode txId=1 containerId=#1 committed by dnId=fcd6b89e-16e4-41c9-a02b-be5b8824d40a
2021-08-11 23:24:42,729 [EventQueue-DeleteBlockStatusForDeletedBlockLogImpl] DEBUG block.DeletedBlockLogImpl (DeletedBlockLogImpl.java:isTransactionFailed(278)) - Got block deletion ACK from datanode, TXIDs=1, success=true
2021-08-11 23:24:42,729 [EventQueue-DeleteBlockStatusForDeletedBlockLogImpl] DEBUG block.DeletedBlockLogImpl (DeletedBlockLogImpl.java:commitTransactions(256)) - Datanode txId=1 containerId=#1 committed by dnId=fcd6b89e-16e4-41c9-a02b-be5b8824d40a
2021-08-11 23:24:42,729 [EventQueue-DeleteBlockStatusForDeletedBlockLogImpl] DEBUG block.DeletedBlockLogImpl (DeletedBlockLogImpl.java:isTransactionFailed(278)) - Got block deletion ACK from datanode, TXIDs=1, success=true
2021-08-11 23:24:42,729 [EventQueue-DeleteBlockStatusForDeletedBlockLogImpl] DEBUG block.DeletedBlockLogImpl (DeletedBlockLogImpl.java:commitTransactions(256)) - Datanode txId=1 containerId=#1 committed by dnId=fcd6b89e-16e4-41c9-a02b-be5b8824d40a
2021-08-11 23:24:42,730 [EventQueue-DeleteBlockStatusForDeletedBlockLogImpl] DEBUG block.DeletedBlockLogImpl (DeletedBlockLogImpl.java:isTransactionFailed(278)) - Got block deletion ACK from datanode, TXIDs=1, success=true
2021-08-11 23:24:42,730 [EventQueue-DeleteBlockStatusForDeletedBlockLogImpl] DEBUG block.DeletedBlockLogImpl (DeletedBlockLogImpl.java:commitTransactions(256)) - Datanode txId=1 containerId=#1 committed by dnId=fcd6b89e-16e4-41c9-a02b-be5b8824d40a
2021-08-11 23:24:42,787 [SCMBlockDeletingService#0] DEBUG block.SCMBlockDeletingService (SCMBlockDeletingService.java:call(133)) - Running DeletedBlockTransactionScanner
2021-08-11 23:24:42,787 [SCMBlockDeletingService#0] DEBUG block.SCMBlockDeletingService (DatanodeDeletedBlockTransactions.java:addTransactionToDN(50)) - Transaction added: 4bb1aeed-fabd-4403-b6c4-d79196e9cdee <- TX(1)
2021-08-11 23:24:42,787 [SCMBlockDeletingService#0] DEBUG block.SCMBlockDeletingService (SCMBlockDeletingService.java:call(164)) - Added delete block command for datanode 4bb1aeed-fabd-4403-b6c4-d79196e9cdee in the queue, number of delete block transactions: 1
2021-08-11 23:24:42,787 [SCMBlockDeletingService#0] INFO  block.SCMBlockDeletingService (SCMBlockDeletingService.java:call(174)) - Totally added 1 blocks to be deleted for 1 datanodes, task elapsed time: 0ms
2021-08-11 23:24:42,887 [SCMBlockDeletingService#0] DEBUG block.SCMBlockDeletingService (SCMBlockDeletingService.java:call(133)) - Running DeletedBlockTransactionScanner
2021-08-11 23:24:42,887 [SCMBlockDeletingService#0] DEBUG block.SCMBlockDeletingService (DatanodeDeletedBlockTransactions.java:addTransactionToDN(50)) - Transaction added: 4bb1aeed-fabd-4403-b6c4-d79196e9cdee <- TX(1)
2021-08-11 23:24:42,887 [SCMBlockDeletingService#0] DEBUG block.SCMBlockDeletingService (SCMBlockDeletingService.java:call(164)) - Added delete block command for datanode 4bb1aeed-fabd-4403-b6c4-d79196e9cdee in the queue, number of delete block transactions: 1
2021-08-11 23:24:42,887 [SCMBlockDeletingService#0] INFO  block.SCMBlockDeletingService (SCMBlockDeletingService.java:call(174)) - Totally added 1 blocks to be deleted for 1 datanodes, task elapsed time: 0ms
2021-08-11 23:24:42,987 [SCMBlockDeletingService#0] DEBUG block.SCMBlockDeletingService (SCMBlockDeletingService.java:call(133)) - Running DeletedBlockTransactionScanner
2021-08-11 23:24:42,987 [SCMBlockDeletingService#0] DEBUG block.SCMBlockDeletingService (DatanodeDeletedBlockTransactions.java:addTransactionToDN(50)) - Transaction added: 4bb1aeed-fabd-4403-b6c4-d79196e9cdee <- TX(1)
2021-08-11 23:24:42,987 [SCMBlockDeletingService#0] DEBUG block.SCMBlockDeletingService (SCMBlockDeletingService.java:call(164)) - Added delete block command for datanode 4bb1aeed-fabd-4403-b6c4-d79196e9cdee in the queue, number of delete block transactions: 1
2021-08-11 23:24:42,987 [SCMBlockDeletingService#0] INFO  block.SCMBlockDeletingService (SCMBlockDeletingService.java:call(174)) - Totally added 1 blocks to be deleted for 1 datanodes, task elapsed time: 1ms
2021-08-11 23:24:43,087 [SCMBlockDeletingService#0] DEBUG block.SCMBlockDeletingService (SCMBlockDeletingService.java:call(133)) - Running DeletedBlockTransactionScanner
2021-08-11 23:24:43,087 [SCMBlockDeletingService#0] DEBUG block.SCMBlockDeletingService (DatanodeDeletedBlockTransactions.java:addTransactionToDN(50)) - Transaction added: 4bb1aeed-fabd-4403-b6c4-d79196e9cdee <- TX(1)
2021-08-11 23:24:43,087 [SCMBlockDeletingService#0] DEBUG block.SCMBlockDeletingService (SCMBlockDeletingService.java:call(164)) - Added delete block command for datanode 4bb1aeed-fabd-4403-b6c4-d79196e9cdee in the queue, number of delete block transactions: 1
2021-08-11 23:24:43,087 [SCMBlockDeletingService#0] INFO  block.SCMBlockDeletingService (SCMBlockDeletingService.java:call(174)) - Totally added 1 blocks to be deleted for 1 datanodes, task elapsed time: 1ms
2021-08-11 23:24:43,187 [SCMBlockDeletingService#0] DEBUG block.SCMBlockDeletingService (SCMBlockDeletingService.java:call(133)) - Running DeletedBlockTransactionScanner
2021-08-11 23:24:43,187 [SCMBlockDeletingService#0] DEBUG block.SCMBlockDeletingService (DatanodeDeletedBlockTransactions.java:addTransactionToDN(50)) - Transaction added: 4bb1aeed-fabd-4403-b6c4-d79196e9cdee <- TX(1)
2021-08-11 23:24:43,187 [SCMBlockDeletingService#0] DEBUG block.SCMBlockDeletingService (SCMBlockDeletingService.java:call(164)) - Added delete block command for datanode 4bb1aeed-fabd-4403-b6c4-d79196e9cdee in the queue, number of delete block transactions: 1
2021-08-11 23:24:43,187 [SCMBlockDeletingService#0] INFO  block.SCMBlockDeletingService (SCMBlockDeletingService.java:call(174)) - Totally added 1 blocks to be deleted for 1 datanodes, task elapsed time: 1ms
2021-08-11 23:24:43,287 [SCMBlockDeletingService#0] DEBUG block.SCMBlockDeletingService (SCMBlockDeletingService.java:call(133)) - Running DeletedBlockTransactionScanner
2021-08-11 23:24:43,287 [SCMBlockDeletingService#0] DEBUG block.SCMBlockDeletingService (DatanodeDeletedBlockTransactions.java:addTransactionToDN(50)) - Transaction added: 4bb1aeed-fabd-4403-b6c4-d79196e9cdee <- TX(1)
2021-08-11 23:24:43,287 [SCMBlockDeletingService#0] DEBUG block.SCMBlockDeletingService (SCMBlockDeletingService.java:call(164)) - Added delete block command for datanode 4bb1aeed-fabd-4403-b6c4-d79196e9cdee in the queue, number of delete block transactions: 1
2021-08-11 23:24:43,287 [SCMBlockDeletingService#0] INFO  block.SCMBlockDeletingService (SCMBlockDeletingService.java:call(174)) - Totally added 1 blocks to be deleted for 1 datanodes, task elapsed time: 1ms
2021-08-11 23:24:43,387 [SCMBlockDeletingService#0] DEBUG block.SCMBlockDeletingService (SCMBlockDeletingService.java:call(133)) - Running DeletedBlockTransactionScanner
2021-08-11 23:24:43,387 [SCMBlockDeletingService#0] DEBUG block.SCMBlockDeletingService (DatanodeDeletedBlockTransactions.java:addTransactionToDN(50)) - Transaction added: 4bb1aeed-fabd-4403-b6c4-d79196e9cdee <- TX(1)
2021-08-11 23:24:43,387 [SCMBlockDeletingService#0] DEBUG block.SCMBlockDeletingService (SCMBlockDeletingService.java:call(164)) - Added delete block command for datanode 4bb1aeed-fabd-4403-b6c4-d79196e9cdee in the queue, number of delete block transactions: 1
2021-08-11 23:24:43,387 [SCMBlockDeletingService#0] INFO  block.SCMBlockDeletingService (SCMBlockDeletingService.java:call(174)) - Totally added 1 blocks to be deleted for 1 datanodes, task elapsed time: 1ms
2021-08-11 23:24:43,487 [SCMBlockDeletingService#0] DEBUG block.SCMBlockDeletingService (SCMBlockDeletingService.java:call(133)) - Running DeletedBlockTransactionScanner
2021-08-11 23:24:43,487 [SCMBlockDeletingService#0] DEBUG block.SCMBlockDeletingService (DatanodeDeletedBlockTransactions.java:addTransactionToDN(50)) - Transaction added: 4bb1aeed-fabd-4403-b6c4-d79196e9cdee <- TX(1)
2021-08-11 23:24:43,487 [SCMBlockDeletingService#0] DEBUG block.SCMBlockDeletingService (SCMBlockDeletingService.java:call(164)) - Added delete block command for datanode 4bb1aeed-fabd-4403-b6c4-d79196e9cdee in the queue, number of delete block transactions: 1
2021-08-11 23:24:43,487 [SCMBlockDeletingService#0] INFO  block.SCMBlockDeletingService (SCMBlockDeletingService.java:call(174)) - Totally added 1 blocks to be deleted for 1 datanodes, task elapsed time: 0ms
2021-08-11 23:24:43,587 [SCMBlockDeletingService#0] DEBUG block.SCMBlockDeletingService (SCMBlockDeletingService.java:call(133)) - Running DeletedBlockTransactionScanner
2021-08-11 23:24:43,587 [SCMBlockDeletingService#0] DEBUG block.SCMBlockDeletingService (DatanodeDeletedBlockTransactions.java:addTransactionToDN(50)) - Transaction added: 4bb1aeed-fabd-4403-b6c4-d79196e9cdee <- TX(1)
2021-08-11 23:24:43,587 [SCMBlockDeletingService#0] DEBUG block.SCMBlockDeletingService (SCMBlockDeletingService.java:call(164)) - Added delete block command for datanode 4bb1aeed-fabd-4403-b6c4-d79196e9cdee in the queue, number of delete block transactions: 1
2021-08-11 23:24:43,588 [SCMBlockDeletingService#0] INFO  block.SCMBlockDeletingService (SCMBlockDeletingService.java:call(174)) - Totally added 1 blocks to be deleted for 1 datanodes, task elapsed time: 0ms
2021-08-11 23:24:43,623 [org.apache.hadoop.ozone.container.common.statemachine.commandhandler.DeleteBlocksCommandHandler$DeleteCmdWorker@60f6c836] INFO  commandhandler.DeleteBlocksCommandHandler (DeleteBlocksCommandHandler.java:processCmd(261)) - Start to delete container blocks, TXIDs=[1(0)], numOfContainers=1, numOfBlocks=1
2021-08-11 23:24:43,623 [org.apache.hadoop.ozone.container.common.statemachine.commandhandler.DeleteBlocksCommandHandler$DeleteCmdWorker@60f6c836] INFO  commandhandler.DeleteBlocksCommandHandler (DeleteBlocksCommandHandler.java:processCmd(261)) - Start to delete container blocks, TXIDs=[1(0)], numOfContainers=1, numOfBlocks=1
2021-08-11 23:24:43,623 [org.apache.hadoop.ozone.container.common.statemachine.commandhandler.DeleteBlocksCommandHandler$DeleteCmdWorker@60f6c836] INFO  commandhandler.DeleteBlocksCommandHandler (DeleteBlocksCommandHandler.java:processCmd(261)) - Start to delete container blocks, TXIDs=[1(0)], numOfContainers=1, numOfBlocks=1
2021-08-11 23:24:43,624 [org.apache.hadoop.ozone.container.common.statemachine.commandhandler.DeleteBlocksCommandHandler$DeleteCmdWorker@60f6c836] INFO  commandhandler.DeleteBlocksCommandHandler (DeleteBlocksCommandHandler.java:processCmd(261)) - Start to delete container blocks, TXIDs=[1(0)], numOfContainers=1, numOfBlocks=1
2021-08-11 23:24:43,624 [org.apache.hadoop.ozone.container.common.statemachine.commandhandler.DeleteBlocksCommandHandler$DeleteCmdWorker@60f6c836] INFO  commandhandler.DeleteBlocksCommandHandler (DeleteBlocksCommandHandler.java:processCmd(261)) - Start to delete container blocks, TXIDs=[1(0)], numOfContainers=1, numOfBlocks=1
2021-08-11 23:24:43,624 [org.apache.hadoop.ozone.container.common.statemachine.commandhandler.DeleteBlocksCommandHandler$DeleteCmdWorker@60f6c836] INFO  commandhandler.DeleteBlocksCommandHandler (DeleteBlocksCommandHandler.java:processCmd(261)) - Start to delete container blocks, TXIDs=[1(0)], numOfContainers=1, numOfBlocks=1
2021-08-11 23:24:43,624 [org.apache.hadoop.ozone.container.common.statemachine.commandhandler.DeleteBlocksCommandHandler$DeleteCmdWorker@60f6c836] INFO  commandhandler.DeleteBlocksCommandHandler (DeleteBlocksCommandHandler.java:processCmd(261)) - Start to delete container blocks, TXIDs=[1(0)], numOfContainers=1, numOfBlocks=1
2021-08-11 23:24:43,624 [org.apache.hadoop.ozone.container.common.statemachine.commandhandler.DeleteBlocksCommandHandler$DeleteCmdWorker@60f6c836] INFO  commandhandler.DeleteBlocksCommandHandler (DeleteBlocksCommandHandler.java:processCmd(261)) - Start to delete container blocks, TXIDs=[1(0)], numOfContainers=1, numOfBlocks=1
2021-08-11 23:24:43,624 [org.apache.hadoop.ozone.container.common.statemachine.commandhandler.DeleteBlocksCommandHandler$DeleteCmdWorker@60f6c836] INFO  commandhandler.DeleteBlocksCommandHandler (DeleteBlocksCommandHandler.java:processCmd(261)) - Start to delete container blocks, TXIDs=[1(0)], numOfContainers=1, numOfBlocks=1
2021-08-11 23:24:43,625 [org.apache.hadoop.ozone.container.common.statemachine.commandhandler.DeleteBlocksCommandHandler$DeleteCmdWorker@60f6c836] INFO  commandhandler.DeleteBlocksCommandHandler (DeleteBlocksCommandHandler.java:processCmd(261)) - Start to delete container blocks, TXIDs=[1(0)], numOfContainers=1, numOfBlocks=1
2021-08-11 23:24:43,625 [org.apache.hadoop.ozone.container.common.statemachine.commandhandler.DeleteBlocksCommandHandler$DeleteCmdWorker@60f6c836] INFO  commandhandler.DeleteBlocksCommandHandler (DeleteBlocksCommandHandler.java:processCmd(261)) - Start to delete container blocks, TXIDs=[1(0)], numOfContainers=1, numOfBlocks=1
2021-08-11 23:24:43,625 [org.apache.hadoop.ozone.container.common.statemachine.commandhandler.DeleteBlocksCommandHandler$DeleteCmdWorker@60f6c836] INFO  commandhandler.DeleteBlocksCommandHandler (DeleteBlocksCommandHandler.java:processCmd(261)) - Start to delete container blocks, TXIDs=[1(0)], numOfContainers=1, numOfBlocks=1
2021-08-11 23:24:43,625 [org.apache.hadoop.ozone.container.common.statemachine.commandhandler.DeleteBlocksCommandHandler$DeleteCmdWorker@60f6c836] INFO  commandhandler.DeleteBlocksCommandHandler (DeleteBlocksCommandHandler.java:processCmd(261)) - Start to delete container blocks, TXIDs=[1(0)], numOfContainers=1, numOfBlocks=1
2021-08-11 23:24:43,625 [org.apache.hadoop.ozone.container.common.statemachine.commandhandler.DeleteBlocksCommandHandler$DeleteCmdWorker@60f6c836] INFO  commandhandler.DeleteBlocksCommandHandler (DeleteBlocksCommandHandler.java:processCmd(261)) - Start to delete container blocks, TXIDs=[1(0)], numOfContainers=1, numOfBlocks=1
2021-08-11 23:24:43,626 [org.apache.hadoop.ozone.container.common.statemachine.commandhandler.DeleteBlocksCommandHandler$DeleteCmdWorker@60f6c836] INFO  commandhandler.DeleteBlocksCommandHandler (DeleteBlocksCommandHandler.java:processCmd(261)) - Start to delete container blocks, TXIDs=[1(0)], numOfContainers=1, numOfBlocks=1
2021-08-11 23:24:43,653 [BlockDeletingService#0] INFO  background.BlockDeletingService (BlockDeletingService.java:getTasks(158)) - Plan to choose 5000 blocks for block deletion, actually deleting 1 blocks.
2021-08-11 23:24:43,654 [BlockDeletingService#0] INFO  impl.FilePerBlockStrategy (FilePerBlockStrategy.java:deleteChunk(227)) - Deleted block file: /home/runner/work/ozone/ozone/hadoop-ozone/integration-test/target/test-dir/MiniOzoneClusterImpl-4315cdcd-d3fc-449b-ab87-b0d46a3c32e7/datanode-0/data-0/containers/hdds/4315cdcd-d3fc-449b-ab87-b0d46a3c32e7/current/containerDir0/1/chunks/107544261427200001.block
2021-08-11 23:24:43,654 [BlockDeletingService#0] INFO  background.BlockDeletingService (BlockDeletingService.java:deleteViaSchema2(447)) - Container: 1, deleted blocks: 1, task elapsed time: 1ms
2021-08-11 23:24:43,687 [SCMBlockDeletingService#0] DEBUG block.SCMBlockDeletingService (SCMBlockDeletingService.java:call(133)) - Running DeletedBlockTransactionScanner
2021-08-11 23:24:43,687 [SCMBlockDeletingService#0] DEBUG block.SCMBlockDeletingService (DatanodeDeletedBlockTransactions.java:addTransactionToDN(50)) - Transaction added: 4bb1aeed-fabd-4403-b6c4-d79196e9cdee <- TX(1)
2021-08-11 23:24:43,688 [SCMBlockDeletingService#0] DEBUG block.SCMBlockDeletingService (SCMBlockDeletingService.java:call(164)) - Added delete block command for datanode 4bb1aeed-fabd-4403-b6c4-d79196e9cdee in the queue, number of delete block transactions: 1
2021-08-11 23:24:43,688 [SCMBlockDeletingService#0] INFO  block.SCMBlockDeletingService (SCMBlockDeletingService.java:call(174)) - Totally added 1 blocks to be deleted for 1 datanodes, task elapsed time: 0ms
2021-08-11 23:24:43,787 [SCMBlockDeletingService#0] DEBUG block.SCMBlockDeletingService (SCMBlockDeletingService.java:call(133)) - Running DeletedBlockTransactionScanner
2021-08-11 23:24:43,788 [SCMBlockDeletingService#0] DEBUG block.SCMBlockDeletingService (DatanodeDeletedBlockTransactions.java:addTransactionToDN(50)) - Transaction added: 4bb1aeed-fabd-4403-b6c4-d79196e9cdee <- TX(1)
2021-08-11 23:24:43,788 [SCMBlockDeletingService#0] DEBUG block.SCMBlockDeletingService (SCMBlockDeletingService.java:call(164)) - Added delete block command for datanode 4bb1aeed-fabd-4403-b6c4-d79196e9cdee in the queue, number of delete block transactions: 1
2021-08-11 23:24:43,788 [SCMBlockDeletingService#0] INFO  block.SCMBlockDeletingService (SCMBlockDeletingService.java:call(174)) - Totally added 1 blocks to be deleted for 1 datanodes, task elapsed time: 0ms
2021-08-11 23:24:43,887 [SCMBlockDeletingService#0] DEBUG block.SCMBlockDeletingService (SCMBlockDeletingService.java:call(133)) - Running DeletedBlockTransactionScanner
2021-08-11 23:24:43,888 [SCMBlockDeletingService#0] DEBUG block.SCMBlockDeletingService (DatanodeDeletedBlockTransactions.java:addTransactionToDN(50)) - Transaction added: 4bb1aeed-fabd-4403-b6c4-d79196e9cdee <- TX(1)
2021-08-11 23:24:43,888 [SCMBlockDeletingService#0] DEBUG block.SCMBlockDeletingService (SCMBlockDeletingService.java:call(164)) - Added delete block command for datanode 4bb1aeed-fabd-4403-b6c4-d79196e9cdee in the queue, number of delete block transactions: 1
2021-08-11 23:24:43,888 [SCMBlockDeletingService#0] INFO  block.SCMBlockDeletingService (SCMBlockDeletingService.java:call(174)) - Totally added 1 blocks to be deleted for 1 datanodes, task elapsed time: 0ms
2021-08-11 23:24:43,916 [EventQueue-DeleteBlockStatusForDeletedBlockLogImpl] DEBUG block.DeletedBlockLogImpl (DeletedBlockLogImpl.java:isTransactionFailed(278)) - Got block deletion ACK from datanode, TXIDs=1, success=true
2021-08-11 23:24:43,916 [EventQueue-DeleteBlockStatusForDeletedBlockLogImpl] DEBUG block.DeletedBlockLogImpl (DeletedBlockLogImpl.java:commitTransactions(250)) - Purging txId=1 from block deletion log
2021-08-11 23:24:43,916 [EventQueue-DeleteBlockStatusForDeletedBlockLogImpl] DEBUG block.DeletedBlockLogImpl (DeletedBlockLogImpl.java:commitTransactions(256)) - Datanode txId=1 containerId=#1 committed by dnId=4bb1aeed-fabd-4403-b6c4-d79196e9cdee
2021-08-11 23:24:43,916 [EventQueue-DeleteBlockStatusForDeletedBlockLogImpl] DEBUG block.DeletedBlockLogImpl (DeletedBlockLogImpl.java:isTransactionFailed(278)) - Got block deletion ACK from datanode, TXIDs=1, success=true
2021-08-11 23:24:43,916 [EventQueue-DeleteBlockStatusForDeletedBlockLogImpl] DEBUG block.DeletedBlockLogImpl (DeletedBlockLogImpl.java:commitTransactions(224)) - Transaction txId=1 commit by dnId=4bb1aeed-fabd-4403-b6c4-d79196e9cdee for containerID=#1 failed. Corresponding entry not found.
2021-08-11 23:24:43,916 [EventQueue-DeleteBlockStatusForDeletedBlockLogImpl] DEBUG block.DeletedBlockLogImpl (DeletedBlockLogImpl.java:isTransactionFailed(278)) - Got block deletion ACK from datanode, TXIDs=1, success=true
2021-08-11 23:24:43,916 [EventQueue-DeleteBlockStatusForDeletedBlockLogImpl] DEBUG block.DeletedBlockLogImpl (DeletedBlockLogImpl.java:commitTransactions(224)) - Transaction txId=1 commit by dnId=4bb1aeed-fabd-4403-b6c4-d79196e9cdee for containerID=#1 failed. Corresponding entry not found.
2021-08-11 23:24:43,916 [EventQueue-DeleteBlockStatusForDeletedBlockLogImpl] DEBUG block.DeletedBlockLogImpl (DeletedBlockLogImpl.java:isTransactionFailed(278)) - Got block deletion ACK from datanode, TXIDs=1, success=true
2021-08-11 23:24:43,916 [EventQueue-DeleteBlockStatusForDeletedBlockLogImpl] DEBUG block.DeletedBlockLogImpl (DeletedBlockLogImpl.java:commitTransactions(224)) - Transaction txId=1 commit by dnId=4bb1aeed-fabd-4403-b6c4-d79196e9cdee for containerID=#1 failed. Corresponding entry not found.
2021-08-11 23:24:43,916 [EventQueue-DeleteBlockStatusForDeletedBlockLogImpl] DEBUG block.DeletedBlockLogImpl (DeletedBlockLogImpl.java:isTransactionFailed(278)) - Got block deletion ACK from datanode, TXIDs=1, success=true
2021-08-11 23:24:43,916 [EventQueue-DeleteBlockStatusForDeletedBlockLogImpl] DEBUG block.DeletedBlockLogImpl (DeletedBlockLogImpl.java:commitTransactions(224)) - Transaction txId=1 commit by dnId=4bb1aeed-fabd-4403-b6c4-d79196e9cdee for containerID=#1 failed. Corresponding entry not found.
2021-08-11 23:24:43,916 [EventQueue-DeleteBlockStatusForDeletedBlockLogImpl] DEBUG block.DeletedBlockLogImpl (DeletedBlockLogImpl.java:isTransactionFailed(278)) - Got block deletion ACK from datanode, TXIDs=1, success=true
2021-08-11 23:24:43,916 [EventQueue-DeleteBlockStatusForDeletedBlockLogImpl] DEBUG block.DeletedBlockLogImpl (DeletedBlockLogImpl.java:commitTransactions(224)) - Transaction txId=1 commit by dnId=4bb1aeed-fabd-4403-b6c4-d79196e9cdee for containerID=#1 failed. Corresponding entry not found.
2021-08-11 23:24:43,916 [EventQueue-DeleteBlockStatusForDeletedBlockLogImpl] DEBUG block.DeletedBlockLogImpl (DeletedBlockLogImpl.java:isTransactionFailed(278)) - Got block deletion ACK from datanode, TXIDs=1, success=true
2021-08-11 23:24:43,916 [EventQueue-DeleteBlockStatusForDeletedBlockLogImpl] DEBUG block.DeletedBlockLogImpl (DeletedBlockLogImpl.java:commitTransactions(224)) - Transaction txId=1 commit by dnId=4bb1aeed-fabd-4403-b6c4-d79196e9cdee for containerID=#1 failed. Corresponding entry not found.
2021-08-11 23:24:43,916 [EventQueue-DeleteBlockStatusForDeletedBlockLogImpl] DEBUG block.DeletedBlockLogImpl (DeletedBlockLogImpl.java:isTransactionFailed(278)) - Got block deletion ACK from datanode, TXIDs=1, success=true
2021-08-11 23:24:43,916 [EventQueue-DeleteBlockStatusForDeletedBlockLogImpl] DEBUG block.DeletedBlockLogImpl (DeletedBlockLogImpl.java:commitTransactions(224)) - Transaction txId=1 commit by dnId=4bb1aeed-fabd-4403-b6c4-d79196e9cdee for containerID=#1 failed. Corresponding entry not found.
2021-08-11 23:24:43,916 [EventQueue-DeleteBlockStatusForDeletedBlockLogImpl] DEBUG block.DeletedBlockLogImpl (DeletedBlockLogImpl.java:isTransactionFailed(278)) - Got block deletion ACK from datanode, TXIDs=1, success=true
2021-08-11 23:24:43,916 [EventQueue-DeleteBlockStatusForDeletedBlockLogImpl] DEBUG block.DeletedBlockLogImpl (DeletedBlockLogImpl.java:commitTransactions(224)) - Transaction txId=1 commit by dnId=4bb1aeed-fabd-4403-b6c4-d79196e9cdee for containerID=#1 failed. Corresponding entry not found.
2021-08-11 23:24:43,916 [EventQueue-DeleteBlockStatusForDeletedBlockLogImpl] DEBUG block.DeletedBlockLogImpl (DeletedBlockLogImpl.java:isTransactionFailed(278)) - Got block deletion ACK from datanode, TXIDs=1, success=true
2021-08-11 23:24:43,916 [EventQueue-DeleteBlockStatusForDeletedBlockLogImpl] DEBUG block.DeletedBlockLogImpl (DeletedBlockLogImpl.java:commitTransactions(224)) - Transaction txId=1 commit by dnId=4bb1aeed-fabd-4403-b6c4-d79196e9cdee for containerID=#1 failed. Corresponding entry not found.
2021-08-11 23:24:43,916 [EventQueue-DeleteBlockStatusForDeletedBlockLogImpl] DEBUG block.DeletedBlockLogImpl (DeletedBlockLogImpl.java:isTransactionFailed(278)) - Got block deletion ACK from datanode, TXIDs=1, success=true
2021-08-11 23:24:43,917 [EventQueue-DeleteBlockStatusForDeletedBlockLogImpl] DEBUG block.DeletedBlockLogImpl (DeletedBlockLogImpl.java:commitTransactions(224)) - Transaction txId=1 commit by dnId=4bb1aeed-fabd-4403-b6c4-d79196e9cdee for containerID=#1 failed. Corresponding entry not found.
2021-08-11 23:24:43,917 [EventQueue-DeleteBlockStatusForDeletedBlockLogImpl] DEBUG block.DeletedBlockLogImpl (DeletedBlockLogImpl.java:isTransactionFailed(278)) - Got block deletion ACK from datanode, TXIDs=1, success=true
2021-08-11 23:24:43,917 [EventQueue-DeleteBlockStatusForDeletedBlockLogImpl] DEBUG block.DeletedBlockLogImpl (DeletedBlockLogImpl.java:commitTransactions(224)) - Transaction txId=1 commit by dnId=4bb1aeed-fabd-4403-b6c4-d79196e9cdee for containerID=#1 failed. Corresponding entry not found.
2021-08-11 23:24:43,917 [EventQueue-DeleteBlockStatusForDeletedBlockLogImpl] DEBUG block.DeletedBlockLogImpl (DeletedBlockLogImpl.java:isTransactionFailed(278)) - Got block deletion ACK from datanode, TXIDs=1, success=true
2021-08-11 23:24:43,917 [EventQueue-DeleteBlockStatusForDeletedBlockLogImpl] DEBUG block.DeletedBlockLogImpl (DeletedBlockLogImpl.java:commitTransactions(224)) - Transaction txId=1 commit by dnId=4bb1aeed-fabd-4403-b6c4-d79196e9cdee for containerID=#1 failed. Corresponding entry not found.
2021-08-11 23:24:43,917 [EventQueue-DeleteBlockStatusForDeletedBlockLogImpl] DEBUG block.DeletedBlockLogImpl (DeletedBlockLogImpl.java:isTransactionFailed(278)) - Got block deletion ACK from datanode, TXIDs=1, success=true
2021-08-11 23:24:43,917 [EventQueue-DeleteBlockStatusForDeletedBlockLogImpl] DEBUG block.DeletedBlockLogImpl (DeletedBlockLogImpl.java:commitTransactions(224)) - Transaction txId=1 commit by dnId=4bb1aeed-fabd-4403-b6c4-d79196e9cdee for containerID=#1 failed. Corresponding entry not found.
2021-08-11 23:24:43,917 [EventQueue-DeleteBlockStatusForDeletedBlockLogImpl] DEBUG block.DeletedBlockLogImpl (DeletedBlockLogImpl.java:isTransactionFailed(278)) - Got block deletion ACK from datanode, TXIDs=1, success=true
2021-08-11 23:24:43,917 [EventQueue-DeleteBlockStatusForDeletedBlockLogImpl] DEBUG block.DeletedBlockLogImpl (DeletedBlockLogImpl.java:commitTransactions(224)) - Transaction txId=1 commit by dnId=4bb1aeed-fabd-4403-b6c4-d79196e9cdee for containerID=#1 failed. Corresponding entry not found.
2021-08-11 23:24:43,966 [org.apache.hadoop.ozone.container.common.statemachine.commandhandler.DeleteBlocksCommandHandler$DeleteCmdWorker@1a16ae2a] INFO  commandhandler.DeleteBlocksCommandHandler (DeleteBlocksCommandHandler.java:processCmd(261)) - Start to delete container blocks, TXIDs=[1(0)], numOfContainers=1, numOfBlocks=1
2021-08-11 23:24:43,966 [org.apache.hadoop.ozone.container.common.statemachine.commandhandler.DeleteBlocksCommandHandler$DeleteCmdWorker@1a16ae2a] INFO  commandhandler.DeleteBlocksCommandHandler (DeleteBlocksCommandHandler.java:processCmd(261)) - Start to delete container blocks, TXIDs=[1(0)], numOfContainers=1, numOfBlocks=1
2021-08-11 23:24:43,967 [org.apache.hadoop.ozone.container.common.statemachine.commandhandler.DeleteBlocksCommandHandler$DeleteCmdWorker@1a16ae2a] INFO  commandhandler.DeleteBlocksCommandHandler (DeleteBlocksCommandHandler.java:processCmd(261)) - Start to delete container blocks, TXIDs=[1(0)], numOfContainers=1, numOfBlocks=1
2021-08-11 23:24:43,967 [org.apache.hadoop.ozone.container.common.statemachine.commandhandler.DeleteBlocksCommandHandler$DeleteCmdWorker@1a16ae2a] INFO  commandhandler.DeleteBlocksCommandHandler (DeleteBlocksCommandHandler.java:processCmd(261)) - Start to delete container blocks, TXIDs=[1(0)], numOfContainers=1, numOfBlocks=1
2021-08-11 23:24:43,987 [SCMBlockDeletingService#0] DEBUG block.SCMBlockDeletingService (SCMBlockDeletingService.java:call(133)) - Running DeletedBlockTransactionScanner
2021-08-11 23:24:44,088 [SCMBlockDeletingService#0] DEBUG block.SCMBlockDeletingService (SCMBlockDeletingService.java:call(133)) - Running DeletedBlockTransactionScanner
2021-08-11 23:24:44,123 [EventQueue-DeleteBlockStatusForDeletedBlockLogImpl] DEBUG block.DeletedBlockLogImpl (DeletedBlockLogImpl.java:isTransactionFailed(278)) - Got block deletion ACK from datanode, TXIDs=1, success=true
2021-08-11 23:24:44,123 [EventQueue-DeleteBlockStatusForDeletedBlockLogImpl] DEBUG block.DeletedBlockLogImpl (DeletedBlockLogImpl.java:commitTransactions(224)) - Transaction txId=1 commit by dnId=0b67ed8f-f606-4780-b5a7-a4fc9fccae6a for containerID=#1 failed. Corresponding entry not found.
2021-08-11 23:24:44,123 [EventQueue-DeleteBlockStatusForDeletedBlockLogImpl] DEBUG block.DeletedBlockLogImpl (DeletedBlockLogImpl.java:isTransactionFailed(278)) - Got block deletion ACK from datanode, TXIDs=1, success=true
2021-08-11 23:24:44,123 [EventQueue-DeleteBlockStatusForDeletedBlockLogImpl] DEBUG block.DeletedBlockLogImpl (DeletedBlockLogImpl.java:commitTransactions(224)) - Transaction txId=1 commit by dnId=0b67ed8f-f606-4780-b5a7-a4fc9fccae6a for containerID=#1 failed. Corresponding entry not found.
2021-08-11 23:24:44,123 [EventQueue-DeleteBlockStatusForDeletedBlockLogImpl] DEBUG block.DeletedBlockLogImpl (DeletedBlockLogImpl.java:isTransactionFailed(278)) - Got block deletion ACK from datanode, TXIDs=1, success=true
2021-08-11 23:24:44,123 [EventQueue-DeleteBlockStatusForDeletedBlockLogImpl] DEBUG block.DeletedBlockLogImpl (DeletedBlockLogImpl.java:commitTransactions(224)) - Transaction txId=1 commit by dnId=0b67ed8f-f606-4780-b5a7-a4fc9fccae6a for containerID=#1 failed. Corresponding entry not found.
2021-08-11 23:24:44,123 [EventQueue-DeleteBlockStatusForDeletedBlockLogImpl] DEBUG block.DeletedBlockLogImpl (DeletedBlockLogImpl.java:isTransactionFailed(278)) - Got block deletion ACK from datanode, TXIDs=1, success=true
2021-08-11 23:24:44,123 [EventQueue-DeleteBlockStatusForDeletedBlockLogImpl] DEBUG block.DeletedBlockLogImpl (DeletedBlockLogImpl.java:commitTransactions(224)) - Transaction txId=1 commit by dnId=0b67ed8f-f606-4780-b5a7-a4fc9fccae6a for containerID=#1 failed. Corresponding entry not found.
2021-08-11 23:24:44,193 [SCMBlockDeletingService#0] DEBUG block.SCMBlockDeletingService (SCMBlockDeletingService.java:call(133)) - Running DeletedBlockTransactionScanner
2021-08-11 23:24:44,293 [SCMBlockDeletingService#0] DEBUG block.SCMBlockDeletingService (SCMBlockDeletingService.java:call(133)) - Running DeletedBlockTransactionScanner
2021-08-11 23:24:44,393 [SCMBlockDeletingService#0] DEBUG block.SCMBlockDeletingService (SCMBlockDeletingService.java:call(133)) - Running DeletedBlockTransactionScanner
2021-08-11 23:24:44,423 [org.apache.hadoop.ozone.container.common.statemachine.commandhandler.DeleteBlocksCommandHandler$DeleteCmdWorker@36f50eef] INFO  commandhandler.DeleteBlocksCommandHandler (DeleteBlocksCommandHandler.java:processCmd(261)) - Start to delete container blocks, TXIDs=[1(0)], numOfContainers=1, numOfBlocks=1
2021-08-11 23:24:44,423 [org.apache.hadoop.ozone.container.common.statemachine.commandhandler.DeleteBlocksCommandHandler$DeleteCmdWorker@36f50eef] INFO  commandhandler.DeleteBlocksCommandHandler (DeleteBlocksCommandHandler.java:processCmd(261)) - Start to delete container blocks, TXIDs=[1(0)], numOfContainers=1, numOfBlocks=1
2021-08-11 23:24:44,423 [org.apache.hadoop.ozone.container.common.statemachine.commandhandler.DeleteBlocksCommandHandler$DeleteCmdWorker@36f50eef] INFO  commandhandler.DeleteBlocksCommandHandler (DeleteBlocksCommandHandler.java:processCmd(261)) - Start to delete container blocks, TXIDs=[1(0)], numOfContainers=1, numOfBlocks=1
2021-08-11 23:24:44,423 [org.apache.hadoop.ozone.container.common.statemachine.commandhandler.DeleteBlocksCommandHandler$DeleteCmdWorker@36f50eef] INFO  commandhandler.DeleteBlocksCommandHandler (DeleteBlocksCommandHandler.java:processCmd(261)) - Start to delete container blocks, TXIDs=[1(0)], numOfContainers=1, numOfBlocks=1
2021-08-11 23:24:44,423 [org.apache.hadoop.ozone.container.common.statemachine.commandhandler.DeleteBlocksCommandHandler$DeleteCmdWorker@36f50eef] INFO  commandhandler.DeleteBlocksCommandHandler (DeleteBlocksCommandHandler.java:processCmd(261)) - Start to delete container blocks, TXIDs=[1(0)], numOfContainers=1, numOfBlocks=1
2021-08-11 23:24:44,423 [org.apache.hadoop.ozone.container.common.statemachine.commandhandler.DeleteBlocksCommandHandler$DeleteCmdWorker@36f50eef] INFO  commandhandler.DeleteBlocksCommandHandler (DeleteBlocksCommandHandler.java:processCmd(261)) - Start to delete container blocks, TXIDs=[1(0)], numOfContainers=1, numOfBlocks=1
2021-08-11 23:24:44,423 [org.apache.hadoop.ozone.container.common.statemachine.commandhandler.DeleteBlocksCommandHandler$DeleteCmdWorker@36f50eef] INFO  commandhandler.DeleteBlocksCommandHandler (DeleteBlocksCommandHandler.java:processCmd(261)) - Start to delete container blocks, TXIDs=[1(0)], numOfContainers=1, numOfBlocks=1
2021-08-11 23:24:44,423 [org.apache.hadoop.ozone.container.common.statemachine.commandhandler.DeleteBlocksCommandHandler$DeleteCmdWorker@36f50eef] INFO  commandhandler.DeleteBlocksCommandHandler (DeleteBlocksCommandHandler.java:processCmd(261)) - Start to delete container blocks, TXIDs=[1(0)], numOfContainers=1, numOfBlocks=1
2021-08-11 23:24:44,423 [org.apache.hadoop.ozone.container.common.statemachine.commandhandler.DeleteBlocksCommandHandler$DeleteCmdWorker@36f50eef] INFO  commandhandler.DeleteBlocksCommandHandler (DeleteBlocksCommandHandler.java:processCmd(261)) - Start to delete container blocks, TXIDs=[1(0)], numOfContainers=1, numOfBlocks=1
2021-08-11 23:24:44,423 [org.apache.hadoop.ozone.container.common.statemachine.commandhandler.DeleteBlocksCommandHandler$DeleteCmdWorker@36f50eef] INFO  commandhandler.DeleteBlocksCommandHandler (DeleteBlocksCommandHandler.java:processCmd(261)) - Start to delete container blocks, TXIDs=[1(0)], numOfContainers=1, numOfBlocks=1
2021-08-11 23:24:44,424 [org.apache.hadoop.ozone.container.common.statemachine.commandhandler.DeleteBlocksCommandHandler$DeleteCmdWorker@36f50eef] INFO  commandhandler.DeleteBlocksCommandHandler (DeleteBlocksCommandHandler.java:processCmd(261)) - Start to delete container blocks, TXIDs=[1(0)], numOfContainers=1, numOfBlocks=1
2021-08-11 23:24:44,424 [org.apache.hadoop.ozone.container.common.statemachine.commandhandler.DeleteBlocksCommandHandler$DeleteCmdWorker@36f50eef] INFO  commandhandler.DeleteBlocksCommandHandler (DeleteBlocksCommandHandler.java:processCmd(261)) - Start to delete container blocks, TXIDs=[1(0)], numOfContainers=1, numOfBlocks=1
2021-08-11 23:24:44,493 [SCMBlockDeletingService#0] DEBUG block.SCMBlockDeletingService (SCMBlockDeletingService.java:call(133)) - Running DeletedBlockTransactionScanner
2021-08-11 23:24:44,593 [SCMBlockDeletingService#0] DEBUG block.SCMBlockDeletingService (SCMBlockDeletingService.java:call(133)) - Running DeletedBlockTransactionScanner
2021-08-11 23:24:44,693 [SCMBlockDeletingService#0] DEBUG block.SCMBlockDeletingService (SCMBlockDeletingService.java:call(133)) - Running DeletedBlockTransactionScanner
2021-08-11 23:24:44,730 [EventQueue-DeleteBlockStatusForDeletedBlockLogImpl] DEBUG block.DeletedBlockLogImpl (DeletedBlockLogImpl.java:isTransactionFailed(278)) - Got block deletion ACK from datanode, TXIDs=1, success=true
2021-08-11 23:24:44,730 [EventQueue-DeleteBlockStatusForDeletedBlockLogImpl] DEBUG block.DeletedBlockLogImpl (DeletedBlockLogImpl.java:commitTransactions(224)) - Transaction txId=1 commit by dnId=fcd6b89e-16e4-41c9-a02b-be5b8824d40a for containerID=#1 failed. Corresponding entry not found.
2021-08-11 23:24:44,730 [EventQueue-DeleteBlockStatusForDeletedBlockLogImpl] DEBUG block.DeletedBlockLogImpl (DeletedBlockLogImpl.java:isTransactionFailed(278)) - Got block deletion ACK from datanode, TXIDs=1, success=true
2021-08-11 23:24:44,730 [EventQueue-DeleteBlockStatusForDeletedBlockLogImpl] DEBUG block.DeletedBlockLogImpl (DeletedBlockLogImpl.java:commitTransactions(224)) - Transaction txId=1 commit by dnId=fcd6b89e-16e4-41c9-a02b-be5b8824d40a for containerID=#1 failed. Corresponding entry not found.
2021-08-11 23:24:44,730 [EventQueue-DeleteBlockStatusForDeletedBlockLogImpl] DEBUG block.DeletedBlockLogImpl (DeletedBlockLogImpl.java:isTransactionFailed(278)) - Got block deletion ACK from datanode, TXIDs=1, success=true
2021-08-11 23:24:44,730 [EventQueue-DeleteBlockStatusForDeletedBlockLogImpl] DEBUG block.DeletedBlockLogImpl (DeletedBlockLogImpl.java:commitTransactions(224)) - Transaction txId=1 commit by dnId=fcd6b89e-16e4-41c9-a02b-be5b8824d40a for containerID=#1 failed. Corresponding entry not found.
2021-08-11 23:24:44,730 [EventQueue-DeleteBlockStatusForDeletedBlockLogImpl] DEBUG block.DeletedBlockLogImpl (DeletedBlockLogImpl.java:isTransactionFailed(278)) - Got block deletion ACK from datanode, TXIDs=1, success=true
2021-08-11 23:24:44,730 [EventQueue-DeleteBlockStatusForDeletedBlockLogImpl] DEBUG block.DeletedBlockLogImpl (DeletedBlockLogImpl.java:commitTransactions(224)) - Transaction txId=1 commit by dnId=fcd6b89e-16e4-41c9-a02b-be5b8824d40a for containerID=#1 failed. Corresponding entry not found.
2021-08-11 23:24:44,730 [EventQueue-DeleteBlockStatusForDeletedBlockLogImpl] DEBUG block.DeletedBlockLogImpl (DeletedBlockLogImpl.java:isTransactionFailed(278)) - Got block deletion ACK from datanode, TXIDs=1, success=true
2021-08-11 23:24:44,730 [EventQueue-DeleteBlockStatusForDeletedBlockLogImpl] DEBUG block.DeletedBlockLogImpl (DeletedBlockLogImpl.java:commitTransactions(224)) - Transaction txId=1 commit by dnId=fcd6b89e-16e4-41c9-a02b-be5b8824d40a for containerID=#1 failed. Corresponding entry not found.
2021-08-11 23:24:44,730 [EventQueue-DeleteBlockStatusForDeletedBlockLogImpl] DEBUG block.DeletedBlockLogImpl (DeletedBlockLogImpl.java:isTransactionFailed(278)) - Got block deletion ACK from datanode, TXIDs=1, success=true
2021-08-11 23:24:44,730 [EventQueue-DeleteBlockStatusForDeletedBlockLogImpl] DEBUG block.DeletedBlockLogImpl (DeletedBlockLogImpl.java:commitTransactions(224)) - Transaction txId=1 commit by dnId=fcd6b89e-16e4-41c9-a02b-be5b8824d40a for containerID=#1 failed. Corresponding entry not found.
2021-08-11 23:24:44,730 [EventQueue-DeleteBlockStatusForDeletedBlockLogImpl] DEBUG block.DeletedBlockLogImpl (DeletedBlockLogImpl.java:isTransactionFailed(278)) - Got block deletion ACK from datanode, TXIDs=1, success=true
2021-08-11 23:24:44,730 [EventQueue-DeleteBlockStatusForDeletedBlockLogImpl] DEBUG block.DeletedBlockLogImpl (DeletedBlockLogImpl.java:commitTransactions(224)) - Transaction txId=1 commit by dnId=fcd6b89e-16e4-41c9-a02b-be5b8824d40a for containerID=#1 failed. Corresponding entry not found.
2021-08-11 23:24:44,730 [EventQueue-DeleteBlockStatusForDeletedBlockLogImpl] DEBUG block.DeletedBlockLogImpl (DeletedBlockLogImpl.java:isTransactionFailed(278)) - Got block deletion ACK from datanode, TXIDs=1, success=true
2021-08-11 23:24:44,730 [EventQueue-DeleteBlockStatusForDeletedBlockLogImpl] DEBUG block.DeletedBlockLogImpl (DeletedBlockLogImpl.java:commitTransactions(224)) - Transaction txId=1 commit by dnId=fcd6b89e-16e4-41c9-a02b-be5b8824d40a for containerID=#1 failed. Corresponding entry not found.
2021-08-11 23:24:44,730 [EventQueue-DeleteBlockStatusForDeletedBlockLogImpl] DEBUG block.DeletedBlockLogImpl (DeletedBlockLogImpl.java:isTransactionFailed(278)) - Got block deletion ACK from datanode, TXIDs=1, success=true
2021-08-11 23:24:44,730 [EventQueue-DeleteBlockStatusForDeletedBlockLogImpl] DEBUG block.DeletedBlockLogImpl (DeletedBlockLogImpl.java:commitTransactions(224)) - Transaction txId=1 commit by dnId=fcd6b89e-16e4-41c9-a02b-be5b8824d40a for containerID=#1 failed. Corresponding entry not found.
2021-08-11 23:24:44,730 [EventQueue-DeleteBlockStatusForDeletedBlockLogImpl] DEBUG block.DeletedBlockLogImpl (DeletedBlockLogImpl.java:isTransactionFailed(278)) - Got block deletion ACK from datanode, TXIDs=1, success=true
2021-08-11 23:24:44,730 [EventQueue-DeleteBlockStatusForDeletedBlockLogImpl] DEBUG block.DeletedBlockLogImpl (DeletedBlockLogImpl.java:commitTransactions(224)) - Transaction txId=1 commit by dnId=fcd6b89e-16e4-41c9-a02b-be5b8824d40a for containerID=#1 failed. Corresponding entry not found.
2021-08-11 23:24:44,730 [EventQueue-DeleteBlockStatusForDeletedBlockLogImpl] DEBUG block.DeletedBlockLogImpl (DeletedBlockLogImpl.java:isTransactionFailed(278)) - Got block deletion ACK from datanode, TXIDs=1, success=true
2021-08-11 23:24:44,730 [EventQueue-DeleteBlockStatusForDeletedBlockLogImpl] DEBUG block.DeletedBlockLogImpl (DeletedBlockLogImpl.java:commitTransactions(224)) - Transaction txId=1 commit by dnId=fcd6b89e-16e4-41c9-a02b-be5b8824d40a for containerID=#1 failed. Corresponding entry not found.
2021-08-11 23:24:44,730 [EventQueue-DeleteBlockStatusForDeletedBlockLogImpl] DEBUG block.DeletedBlockLogImpl (DeletedBlockLogImpl.java:isTransactionFailed(278)) - Got block deletion ACK from datanode, TXIDs=1, success=true
2021-08-11 23:24:44,730 [EventQueue-DeleteBlockStatusForDeletedBlockLogImpl] DEBUG block.DeletedBlockLogImpl (DeletedBlockLogImpl.java:commitTransactions(224)) - Transaction txId=1 commit by dnId=fcd6b89e-16e4-41c9-a02b-be5b8824d40a for containerID=#1 failed. Corresponding entry not found.
2021-08-11 23:24:44,793 [SCMBlockDeletingService#0] DEBUG block.SCMBlockDeletingService (SCMBlockDeletingService.java:call(133)) - Running DeletedBlockTransactionScanner
2021-08-11 23:24:44,893 [SCMBlockDeletingService#0] DEBUG block.SCMBlockDeletingService (SCMBlockDeletingService.java:call(133)) - Running DeletedBlockTransactionScanner
2021-08-11 23:24:44,993 [SCMBlockDeletingService#0] DEBUG block.SCMBlockDeletingService (SCMBlockDeletingService.java:call(133)) - Running DeletedBlockTransactionScanner
2021-08-11 23:24:45,093 [SCMBlockDeletingService#0] DEBUG block.SCMBlockDeletingService (SCMBlockDeletingService.java:call(133)) - Running DeletedBlockTransactionScanner
2021-08-11 23:24:45,194 [SCMBlockDeletingService#0] DEBUG block.SCMBlockDeletingService (SCMBlockDeletingService.java:call(133)) - Running DeletedBlockTransactionScanner
2021-08-11 23:24:45,294 [SCMBlockDeletingService#0] DEBUG block.SCMBlockDeletingService (SCMBlockDeletingService.java:call(133)) - Running DeletedBlockTransactionScanner
2021-08-11 23:24:45,394 [SCMBlockDeletingService#0] DEBUG block.SCMBlockDeletingService (SCMBlockDeletingService.java:call(133)) - Running DeletedBlockTransactionScanner
2021-08-11 23:24:45,494 [SCMBlockDeletingService#0] DEBUG block.SCMBlockDeletingService (SCMBlockDeletingService.java:call(133)) - Running DeletedBlockTransactionScanner
2021-08-11 23:24:45,594 [SCMBlockDeletingService#0] DEBUG block.SCMBlockDeletingService (SCMBlockDeletingService.java:call(133)) - Running DeletedBlockTransactionScanner
2021-08-11 23:24:45,626 [org.apache.hadoop.ozone.container.common.statemachine.commandhandler.DeleteBlocksCommandHandler$DeleteCmdWorker@60f6c836] INFO  commandhandler.DeleteBlocksCommandHandler (DeleteBlocksCommandHandler.java:processCmd(261)) - Start to delete container blocks, TXIDs=[1(0)], numOfContainers=1, numOfBlocks=1
2021-08-11 23:24:45,626 [org.apache.hadoop.ozone.container.common.statemachine.commandhandler.DeleteBlocksCommandHandler$DeleteCmdWorker@60f6c836] INFO  commandhandler.DeleteBlocksCommandHandler (DeleteBlocksCommandHandler.java:processCmd(261)) - Start to delete container blocks, TXIDs=[1(0)], numOfContainers=1, numOfBlocks=1
2021-08-11 23:24:45,626 [org.apache.hadoop.ozone.container.common.statemachine.commandhandler.DeleteBlocksCommandHandler$DeleteCmdWorker@60f6c836] INFO  commandhandler.DeleteBlocksCommandHandler (DeleteBlocksCommandHandler.java:processCmd(261)) - Start to delete container blocks, TXIDs=[1(0)], numOfContainers=1, numOfBlocks=1
2021-08-11 23:24:45,626 [org.apache.hadoop.ozone.container.common.statemachine.commandhandler.DeleteBlocksCommandHandler$DeleteCmdWorker@60f6c836] INFO  commandhandler.DeleteBlocksCommandHandler (DeleteBlocksCommandHandler.java:processCmd(261)) - Start to delete container blocks, TXIDs=[1(0)], numOfContainers=1, numOfBlocks=1
2021-08-11 23:24:45,627 [org.apache.hadoop.ozone.container.common.statemachine.commandhandler.DeleteBlocksCommandHandler$DeleteCmdWorker@60f6c836] INFO  commandhandler.DeleteBlocksCommandHandler (DeleteBlocksCommandHandler.java:processCmd(261)) - Start to delete container blocks, TXIDs=[1(0)], numOfContainers=1, numOfBlocks=1
2021-08-11 23:24:45,627 [org.apache.hadoop.ozone.container.common.statemachine.commandhandler.DeleteBlocksCommandHandler$DeleteCmdWorker@60f6c836] INFO  commandhandler.DeleteBlocksCommandHandler (DeleteBlocksCommandHandler.java:processCmd(261)) - Start to delete container blocks, TXIDs=[1(0)], numOfContainers=1, numOfBlocks=1
2021-08-11 23:24:45,627 [org.apache.hadoop.ozone.container.common.statemachine.commandhandler.DeleteBlocksCommandHandler$DeleteCmdWorker@60f6c836] INFO  commandhandler.DeleteBlocksCommandHandler (DeleteBlocksCommandHandler.java:processCmd(261)) - Start to delete container blocks, TXIDs=[1(0)], numOfContainers=1, numOfBlocks=1
2021-08-11 23:24:45,627 [org.apache.hadoop.ozone.container.common.statemachine.commandhandler.DeleteBlocksCommandHandler$DeleteCmdWorker@60f6c836] INFO  commandhandler.DeleteBlocksCommandHandler (DeleteBlocksCommandHandler.java:processCmd(261)) - Start to delete container blocks, TXIDs=[1(0)], numOfContainers=1, numOfBlocks=1
2021-08-11 23:24:45,628 [org.apache.hadoop.ozone.container.common.statemachine.commandhandler.DeleteBlocksCommandHandler$DeleteCmdWorker@60f6c836] INFO  commandhandler.DeleteBlocksCommandHandler (DeleteBlocksCommandHandler.java:processCmd(261)) - Start to delete container blocks, TXIDs=[1(0)], numOfContainers=1, numOfBlocks=1
2021-08-11 23:24:45,628 [org.apache.hadoop.ozone.container.common.statemachine.commandhandler.DeleteBlocksCommandHandler$DeleteCmdWorker@60f6c836] INFO  commandhandler.DeleteBlocksCommandHandler (DeleteBlocksCommandHandler.java:processCmd(261)) - Start to delete container blocks, TXIDs=[1(0)], numOfContainers=1, numOfBlocks=1
2021-08-11 23:24:45,628 [org.apache.hadoop.ozone.container.common.statemachine.commandhandler.DeleteBlocksCommandHandler$DeleteCmdWorker@60f6c836] INFO  commandhandler.DeleteBlocksCommandHandler (DeleteBlocksCommandHandler.java:processCmd(261)) - Start to delete container blocks, TXIDs=[1(0)], numOfContainers=1, numOfBlocks=1
2021-08-11 23:24:45,628 [org.apache.hadoop.ozone.container.common.statemachine.commandhandler.DeleteBlocksCommandHandler$DeleteCmdWorker@60f6c836] INFO  commandhandler.DeleteBlocksCommandHandler (DeleteBlocksCommandHandler.java:processCmd(261)) - Start to delete container blocks, TXIDs=[1(0)], numOfContainers=1, numOfBlocks=1
2021-08-11 23:24:45,628 [org.apache.hadoop.ozone.container.common.statemachine.commandhandler.DeleteBlocksCommandHandler$DeleteCmdWorker@60f6c836] INFO  commandhandler.DeleteBlocksCommandHandler (DeleteBlocksCommandHandler.java:processCmd(261)) - Start to delete container blocks, TXIDs=[1(0)], numOfContainers=1, numOfBlocks=1
2021-08-11 23:24:45,628 [org.apache.hadoop.ozone.container.common.statemachine.commandhandler.DeleteBlocksCommandHandler$DeleteCmdWorker@60f6c836] INFO  commandhandler.DeleteBlocksCommandHandler (DeleteBlocksCommandHandler.java:processCmd(261)) - Start to delete container blocks, TXIDs=[1(0)], numOfContainers=1, numOfBlocks=1
2021-08-11 23:24:45,694 [SCMBlockDeletingService#0] DEBUG block.SCMBlockDeletingService (SCMBlockDeletingService.java:call(133)) - Running DeletedBlockTransactionScanner
2021-08-11 23:24:45,794 [SCMBlockDeletingService#0] DEBUG block.SCMBlockDeletingService (SCMBlockDeletingService.java:call(133)) - Running DeletedBlockTransactionScanner
2021-08-11 23:24:45,894 [SCMBlockDeletingService#0] DEBUG block.SCMBlockDeletingService (SCMBlockDeletingService.java:call(133)) - Running DeletedBlockTransactionScanner
2021-08-11 23:24:45,922 [EventQueue-DeleteBlockStatusForDeletedBlockLogImpl] DEBUG block.DeletedBlockLogImpl (DeletedBlockLogImpl.java:isTransactionFailed(278)) - Got block deletion ACK from datanode, TXIDs=1, success=true
2021-08-11 23:24:45,922 [EventQueue-DeleteBlockStatusForDeletedBlockLogImpl] DEBUG block.DeletedBlockLogImpl (DeletedBlockLogImpl.java:commitTransactions(224)) - Transaction txId=1 commit by dnId=4bb1aeed-fabd-4403-b6c4-d79196e9cdee for containerID=#1 failed. Corresponding entry not found.
2021-08-11 23:24:45,922 [EventQueue-DeleteBlockStatusForDeletedBlockLogImpl] DEBUG block.DeletedBlockLogImpl (DeletedBlockLogImpl.java:isTransactionFailed(278)) - Got block deletion ACK from datanode, TXIDs=1, success=true
2021-08-11 23:24:45,922 [EventQueue-DeleteBlockStatusForDeletedBlockLogImpl] DEBUG block.DeletedBlockLogImpl (DeletedBlockLogImpl.java:commitTransactions(224)) - Transaction txId=1 commit by dnId=4bb1aeed-fabd-4403-b6c4-d79196e9cdee for containerID=#1 failed. Corresponding entry not found.
2021-08-11 23:24:45,922 [EventQueue-DeleteBlockStatusForDeletedBlockLogImpl] DEBUG block.DeletedBlockLogImpl (DeletedBlockLogImpl.java:isTransactionFailed(278)) - Got block deletion ACK from datanode, TXIDs=1, success=true
2021-08-11 23:24:45,922 [EventQueue-DeleteBlockStatusForDeletedBlockLogImpl] DEBUG block.DeletedBlockLogImpl (DeletedBlockLogImpl.java:commitTransactions(224)) - Transaction txId=1 commit by dnId=4bb1aeed-fabd-4403-b6c4-d79196e9cdee for containerID=#1 failed. Corresponding entry not found.
2021-08-11 23:24:45,922 [EventQueue-DeleteBlockStatusForDeletedBlockLogImpl] DEBUG block.DeletedBlockLogImpl (DeletedBlockLogImpl.java:isTransactionFailed(278)) - Got block deletion ACK from datanode, TXIDs=1, success=true
2021-08-11 23:24:45,922 [EventQueue-DeleteBlockStatusForDeletedBlockLogImpl] DEBUG block.DeletedBlockLogImpl (DeletedBlockLogImpl.java:commitTransactions(224)) - Transaction txId=1 commit by dnId=4bb1aeed-fabd-4403-b6c4-d79196e9cdee for containerID=#1 failed. Corresponding entry not found.
2021-08-11 23:24:45,922 [EventQueue-DeleteBlockStatusForDeletedBlockLogImpl] DEBUG block.DeletedBlockLogImpl (DeletedBlockLogImpl.java:isTransactionFailed(278)) - Got block deletion ACK from datanode, TXIDs=1, success=true
2021-08-11 23:24:45,922 [EventQueue-DeleteBlockStatusForDeletedBlockLogImpl] DEBUG block.DeletedBlockLogImpl (DeletedBlockLogImpl.java:commitTransactions(224)) - Transaction txId=1 commit by dnId=4bb1aeed-fabd-4403-b6c4-d79196e9cdee for containerID=#1 failed. Corresponding entry not found.
2021-08-11 23:24:45,922 [EventQueue-DeleteBlockStatusForDeletedBlockLogImpl] DEBUG block.DeletedBlockLogImpl (DeletedBlockLogImpl.java:isTransactionFailed(278)) - Got block deletion ACK from datanode, TXIDs=1, success=true
2021-08-11 23:24:45,922 [EventQueue-DeleteBlockStatusForDeletedBlockLogImpl] DEBUG block.DeletedBlockLogImpl (DeletedBlockLogImpl.java:commitTransactions(224)) - Transaction txId=1 commit by dnId=4bb1aeed-fabd-4403-b6c4-d79196e9cdee for containerID=#1 failed. Corresponding entry not found.
2021-08-11 23:24:45,922 [EventQueue-DeleteBlockStatusForDeletedBlockLogImpl] DEBUG block.DeletedBlockLogImpl (DeletedBlockLogImpl.java:isTransactionFailed(278)) - Got block deletion ACK from datanode, TXIDs=1, success=true
2021-08-11 23:24:45,922 [EventQueue-DeleteBlockStatusForDeletedBlockLogImpl] DEBUG block.DeletedBlockLogImpl (DeletedBlockLogImpl.java:commitTransactions(224)) - Transaction txId=1 commit by dnId=4bb1aeed-fabd-4403-b6c4-d79196e9cdee for containerID=#1 failed. Corresponding entry not found.
2021-08-11 23:24:45,922 [EventQueue-DeleteBlockStatusForDeletedBlockLogImpl] DEBUG block.DeletedBlockLogImpl (DeletedBlockLogImpl.java:isTransactionFailed(278)) - Got block deletion ACK from datanode, TXIDs=1, success=true
2021-08-11 23:24:45,922 [EventQueue-DeleteBlockStatusForDeletedBlockLogImpl] DEBUG block.DeletedBlockLogImpl (DeletedBlockLogImpl.java:commitTransactions(224)) - Transaction txId=1 commit by dnId=4bb1aeed-fabd-4403-b6c4-d79196e9cdee for containerID=#1 failed. Corresponding entry not found.
2021-08-11 23:24:45,922 [EventQueue-DeleteBlockStatusForDeletedBlockLogImpl] DEBUG block.DeletedBlockLogImpl (DeletedBlockLogImpl.java:isTransactionFailed(278)) - Got block deletion ACK from datanode, TXIDs=1, success=true
2021-08-11 23:24:45,922 [EventQueue-DeleteBlockStatusForDeletedBlockLogImpl] DEBUG block.DeletedBlockLogImpl (DeletedBlockLogImpl.java:commitTransactions(224)) - Transaction txId=1 commit by dnId=4bb1aeed-fabd-4403-b6c4-d79196e9cdee for containerID=#1 failed. Corresponding entry not found.
2021-08-11 23:24:45,922 [EventQueue-DeleteBlockStatusForDeletedBlockLogImpl] DEBUG block.DeletedBlockLogImpl (DeletedBlockLogImpl.java:isTransactionFailed(278)) - Got block deletion ACK from datanode, TXIDs=1, success=true
2021-08-11 23:24:45,922 [EventQueue-DeleteBlockStatusForDeletedBlockLogImpl] DEBUG block.DeletedBlockLogImpl (DeletedBlockLogImpl.java:commitTransactions(224)) - Transaction txId=1 commit by dnId=4bb1aeed-fabd-4403-b6c4-d79196e9cdee for containerID=#1 failed. Corresponding entry not found.
2021-08-11 23:24:45,922 [EventQueue-DeleteBlockStatusForDeletedBlockLogImpl] DEBUG block.DeletedBlockLogImpl (DeletedBlockLogImpl.java:isTransactionFailed(278)) - Got block deletion ACK from datanode, TXIDs=1, success=true
2021-08-11 23:24:45,922 [EventQueue-DeleteBlockStatusForDeletedBlockLogImpl] DEBUG block.DeletedBlockLogImpl (DeletedBlockLogImpl.java:commitTransactions(224)) - Transaction txId=1 commit by dnId=4bb1aeed-fabd-4403-b6c4-d79196e9cdee for containerID=#1 failed. Corresponding entry not found.
2021-08-11 23:24:45,922 [EventQueue-DeleteBlockStatusForDeletedBlockLogImpl] DEBUG block.DeletedBlockLogImpl (DeletedBlockLogImpl.java:isTransactionFailed(278)) - Got block deletion ACK from datanode, TXIDs=1, success=true
2021-08-11 23:24:45,922 [EventQueue-DeleteBlockStatusForDeletedBlockLogImpl] DEBUG block.DeletedBlockLogImpl (DeletedBlockLogImpl.java:commitTransactions(224)) - Transaction txId=1 commit by dnId=4bb1aeed-fabd-4403-b6c4-d79196e9cdee for containerID=#1 failed. Corresponding entry not found.
2021-08-11 23:24:45,922 [EventQueue-DeleteBlockStatusForDeletedBlockLogImpl] DEBUG block.DeletedBlockLogImpl (DeletedBlockLogImpl.java:isTransactionFailed(278)) - Got block deletion ACK from datanode, TXIDs=1, success=true
2021-08-11 23:24:45,923 [EventQueue-DeleteBlockStatusForDeletedBlockLogImpl] DEBUG block.DeletedBlockLogImpl (DeletedBlockLogImpl.java:commitTransactions(224)) - Transaction txId=1 commit by dnId=4bb1aeed-fabd-4403-b6c4-d79196e9cdee for containerID=#1 failed. Corresponding entry not found.
2021-08-11 23:24:45,923 [EventQueue-DeleteBlockStatusForDeletedBlockLogImpl] DEBUG block.DeletedBlockLogImpl (DeletedBlockLogImpl.java:isTransactionFailed(278)) - Got block deletion ACK from datanode, TXIDs=1, success=true
2021-08-11 23:24:45,923 [EventQueue-DeleteBlockStatusForDeletedBlockLogImpl] DEBUG block.DeletedBlockLogImpl (DeletedBlockLogImpl.java:commitTransactions(224)) - Transaction txId=1 commit by dnId=4bb1aeed-fabd-4403-b6c4-d79196e9cdee for containerID=#1 failed. Corresponding entry not found.
2021-08-11 23:24:45,994 [SCMBlockDeletingService#0] DEBUG block.SCMBlockDeletingService (SCMBlockDeletingService.java:call(133)) - Running DeletedBlockTransactionScanner
2021-08-11 23:24:46,094 [SCMBlockDeletingService#0] DEBUG block.SCMBlockDeletingService (SCMBlockDeletingService.java:call(133)) - Running DeletedBlockTransactionScanner
2021-08-11 23:24:46,118 [Datanode State Machine Thread - 0] INFO  statemachine.DatanodeStateMachine (DatanodeStateMachine.java:lambda$startDaemon$0(457)) - Ozone container server started.
2021-08-11 23:24:46,194 [SCMBlockDeletingService#0] DEBUG block.SCMBlockDeletingService (SCMBlockDeletingService.java:call(133)) - Running DeletedBlockTransactionScanner
2021-08-11 23:24:46,294 [SCMBlockDeletingService#0] DEBUG block.SCMBlockDeletingService (SCMBlockDeletingService.java:call(133)) - Running DeletedBlockTransactionScanner
2021-08-11 23:24:46,394 [SCMBlockDeletingService#0] DEBUG block.SCMBlockDeletingService (SCMBlockDeletingService.java:call(133)) - Running DeletedBlockTransactionScanner
2021-08-11 23:24:46,494 [SCMBlockDeletingService#0] DEBUG block.SCMBlockDeletingService (SCMBlockDeletingService.java:call(133)) - Running DeletedBlockTransactionScanner
2021-08-11 23:24:46,595 [SCMBlockDeletingService#0] DEBUG block.SCMBlockDeletingService (SCMBlockDeletingService.java:call(133)) - Running DeletedBlockTransactionScanner
2021-08-11 23:24:46,695 [SCMBlockDeletingService#0] DEBUG block.SCMBlockDeletingService (SCMBlockDeletingService.java:call(133)) - Running DeletedBlockTransactionScanner
2021-08-11 23:24:46,795 [SCMBlockDeletingService#0] DEBUG block.SCMBlockDeletingService (SCMBlockDeletingService.java:call(133)) - Running DeletedBlockTransactionScanner
2021-08-11 23:24:46,895 [SCMBlockDeletingService#0] DEBUG block.SCMBlockDeletingService (SCMBlockDeletingService.java:call(133)) - Running DeletedBlockTransactionScanner
2021-08-11 23:24:46,995 [SCMBlockDeletingService#0] DEBUG block.SCMBlockDeletingService (SCMBlockDeletingService.java:call(133)) - Running DeletedBlockTransactionScanner
2021-08-11 23:24:47,095 [SCMBlockDeletingService#0] DEBUG block.SCMBlockDeletingService (SCMBlockDeletingService.java:call(133)) - Running DeletedBlockTransactionScanner
2021-08-11 23:24:47,195 [SCMBlockDeletingService#0] DEBUG block.SCMBlockDeletingService (SCMBlockDeletingService.java:call(133)) - Running DeletedBlockTransactionScanner
2021-08-11 23:24:47,295 [SCMBlockDeletingService#0] DEBUG block.SCMBlockDeletingService (SCMBlockDeletingService.java:call(133)) - Running DeletedBlockTransactionScanner
2021-08-11 23:24:47,395 [SCMBlockDeletingService#0] DEBUG block.SCMBlockDeletingService (SCMBlockDeletingService.java:call(133)) - Running DeletedBlockTransactionScanner
2021-08-11 23:24:47,495 [SCMBlockDeletingService#0] DEBUG block.SCMBlockDeletingService (SCMBlockDeletingService.java:call(133)) - Running DeletedBlockTransactionScanner
2021-08-11 23:24:47,595 [SCMBlockDeletingService#0] DEBUG block.SCMBlockDeletingService (SCMBlockDeletingService.java:call(133)) - Running DeletedBlockTransactionScanner
2021-08-11 23:24:47,695 [SCMBlockDeletingService#0] DEBUG block.SCMBlockDeletingService (SCMBlockDeletingService.java:call(133)) - Running DeletedBlockTransactionScanner
2021-08-11 23:24:47,795 [SCMBlockDeletingService#0] DEBUG block.SCMBlockDeletingService (SCMBlockDeletingService.java:call(133)) - Running DeletedBlockTransactionScanner
2021-08-11 23:24:47,896 [SCMBlockDeletingService#0] DEBUG block.SCMBlockDeletingService (SCMBlockDeletingService.java:call(133)) - Running DeletedBlockTransactionScanner
2021-08-11 23:24:47,996 [SCMBlockDeletingService#0] DEBUG block.SCMBlockDeletingService (SCMBlockDeletingService.java:call(133)) - Running DeletedBlockTransactionScanner
2021-08-11 23:24:48,096 [SCMBlockDeletingService#0] DEBUG block.SCMBlockDeletingService (SCMBlockDeletingService.java:call(133)) - Running DeletedBlockTransactionScanner
2021-08-11 23:24:48,196 [SCMBlockDeletingService#0] DEBUG block.SCMBlockDeletingService (SCMBlockDeletingService.java:call(133)) - Running DeletedBlockTransactionScanner
2021-08-11 23:24:48,296 [SCMBlockDeletingService#0] DEBUG block.SCMBlockDeletingService (SCMBlockDeletingService.java:call(133)) - Running DeletedBlockTransactionScanner
2021-08-11 23:24:48,396 [SCMBlockDeletingService#0] DEBUG block.SCMBlockDeletingService (SCMBlockDeletingService.java:call(133)) - Running DeletedBlockTransactionScanner
2021-08-11 23:24:48,496 [SCMBlockDeletingService#0] DEBUG block.SCMBlockDeletingService (SCMBlockDeletingService.java:call(133)) - Running DeletedBlockTransactionScanner
2021-08-11 23:24:48,596 [SCMBlockDeletingService#0] DEBUG block.SCMBlockDeletingService (SCMBlockDeletingService.java:call(133)) - Running DeletedBlockTransactionScanner
2021-08-11 23:24:48,696 [SCMBlockDeletingService#0] DEBUG block.SCMBlockDeletingService (SCMBlockDeletingService.java:call(133)) - Running DeletedBlockTransactionScanner
2021-08-11 23:24:48,796 [SCMBlockDeletingService#0] DEBUG block.SCMBlockDeletingService (SCMBlockDeletingService.java:call(133)) - Running DeletedBlockTransactionScanner
2021-08-11 23:24:48,896 [SCMBlockDeletingService#0] DEBUG block.SCMBlockDeletingService (SCMBlockDeletingService.java:call(133)) - Running DeletedBlockTransactionScanner
2021-08-11 23:24:48,996 [SCMBlockDeletingService#0] DEBUG block.SCMBlockDeletingService (SCMBlockDeletingService.java:call(133)) - Running DeletedBlockTransactionScanner
2021-08-11 23:24:49,004 [EventQueue-StaleNodeForStaleNodeHandler] INFO  node.StaleNodeHandler (StaleNodeHandler.java:onMessage(58)) - Datanode 4bb1aeed-fabd-4403-b6c4-d79196e9cdee{ip: 10.1.0.25, host: fv-az12-896.exdb2aeach2ezidoxz41lk3bwg.cx.internal.cloudapp.net, ports: [REPLICATION=34751, RATIS=36659, RATIS_ADMIN=36659, RATIS_SERVER=36659, STANDALONE=34429], networkLocation: /default-rack, certSerialId: null, persistedOpState: IN_SERVICE, persistedOpStateExpiryEpochSec: 0} moved to stale state. Finalizing its pipelines [PipelineID=6255beb7-01b8-45cb-b037-64fabd959392]
2021-08-11 23:24:49,010 [EventQueue-StaleNodeForStaleNodeHandler] INFO  pipeline.PipelineManagerImpl (PipelineManagerImpl.java:closePipeline(343)) - Pipeline Pipeline[ Id: 6255beb7-01b8-45cb-b037-64fabd959392, Nodes: 4bb1aeed-fabd-4403-b6c4-d79196e9cdee{ip: 10.1.0.25, host: fv-az12-896.exdb2aeach2ezidoxz41lk3bwg.cx.internal.cloudapp.net, ports: [REPLICATION=34751, RATIS=36659, RATIS_ADMIN=36659, RATIS_SERVER=36659, STANDALONE=34429], networkLocation: /default-rack, certSerialId: null, persistedOpState: IN_SERVICE, persistedOpStateExpiryEpochSec: 0}fcd6b89e-16e4-41c9-a02b-be5b8824d40a{ip: 10.1.0.25, host: fv-az12-896.exdb2aeach2ezidoxz41lk3bwg.cx.internal.cloudapp.net, ports: [REPLICATION=37961, RATIS=44867, RATIS_ADMIN=44867, RATIS_SERVER=44867, STANDALONE=35621], networkLocation: /default-rack, certSerialId: null, persistedOpState: IN_SERVICE, persistedOpStateExpiryEpochSec: 0}0b67ed8f-f606-4780-b5a7-a4fc9fccae6a{ip: 10.1.0.25, host: fv-az12-896.exdb2aeach2ezidoxz41lk3bwg.cx.internal.cloudapp.net, ports: [REPLICATION=38383, RATIS=45237, RATIS_ADMIN=45237, RATIS_SERVER=45237, STANDALONE=42107], networkLocation: /default-rack, certSerialId: null, persistedOpState: IN_SERVICE, persistedOpStateExpiryEpochSec: 0}, ReplicationConfig: RATIS/THREE, State:OPEN, leaderId:4bb1aeed-fabd-4403-b6c4-d79196e9cdee, CreationTimestamp2021-08-11T23:24:22.598Z[Etc/UTC]] moved to CLOSED state
2021-08-11 23:24:49,096 [SCMBlockDeletingService#0] DEBUG block.SCMBlockDeletingService (SCMBlockDeletingService.java:call(133)) - Running DeletedBlockTransactionScanner
2021-08-11 23:24:49,196 [SCMBlockDeletingService#0] DEBUG block.SCMBlockDeletingService (SCMBlockDeletingService.java:call(133)) - Running DeletedBlockTransactionScanner
2021-08-11 23:24:49,297 [SCMBlockDeletingService#0] DEBUG block.SCMBlockDeletingService (SCMBlockDeletingService.java:call(133)) - Running DeletedBlockTransactionScanner
2021-08-11 23:24:49,397 [SCMBlockDeletingService#0] DEBUG block.SCMBlockDeletingService (SCMBlockDeletingService.java:call(133)) - Running DeletedBlockTransactionScanner
2021-08-11 23:24:49,497 [SCMBlockDeletingService#0] DEBUG block.SCMBlockDeletingService (SCMBlockDeletingService.java:call(133)) - Running DeletedBlockTransactionScanner
2021-08-11 23:24:49,597 [SCMBlockDeletingService#0] DEBUG block.SCMBlockDeletingService (SCMBlockDeletingService.java:call(133)) - Running DeletedBlockTransactionScanner
2021-08-11 23:24:49,697 [SCMBlockDeletingService#0] DEBUG block.SCMBlockDeletingService (SCMBlockDeletingService.java:call(133)) - Running DeletedBlockTransactionScanner
2021-08-11 23:24:49,797 [SCMBlockDeletingService#0] DEBUG block.SCMBlockDeletingService (SCMBlockDeletingService.java:call(133)) - Running DeletedBlockTransactionScanner
2021-08-11 23:24:49,897 [SCMBlockDeletingService#0] DEBUG block.SCMBlockDeletingService (SCMBlockDeletingService.java:call(133)) - Running DeletedBlockTransactionScanner
2021-08-11 23:24:49,997 [SCMBlockDeletingService#0] DEBUG block.SCMBlockDeletingService (SCMBlockDeletingService.java:call(133)) - Running DeletedBlockTransactionScanner
2021-08-11 23:24:50,098 [SCMBlockDeletingService#0] DEBUG block.SCMBlockDeletingService (SCMBlockDeletingService.java:call(133)) - Running DeletedBlockTransactionScanner
2021-08-11 23:24:50,198 [SCMBlockDeletingService#0] DEBUG block.SCMBlockDeletingService (SCMBlockDeletingService.java:call(133)) - Running DeletedBlockTransactionScanner
2021-08-11 23:24:50,298 [SCMBlockDeletingService#0] DEBUG block.SCMBlockDeletingService (SCMBlockDeletingService.java:call(133)) - Running DeletedBlockTransactionScanner
2021-08-11 23:24:50,398 [SCMBlockDeletingService#0] DEBUG block.SCMBlockDeletingService (SCMBlockDeletingService.java:call(133)) - Running DeletedBlockTransactionScanner
2021-08-11 23:24:50,499 [SCMBlockDeletingService#0] DEBUG block.SCMBlockDeletingService (SCMBlockDeletingService.java:call(133)) - Running DeletedBlockTransactionScanner
2021-08-11 23:24:50,599 [SCMBlockDeletingService#0] DEBUG block.SCMBlockDeletingService (SCMBlockDeletingService.java:call(133)) - Running DeletedBlockTransactionScanner
2021-08-11 23:24:50,699 [SCMBlockDeletingService#0] DEBUG block.SCMBlockDeletingService (SCMBlockDeletingService.java:call(133)) - Running DeletedBlockTransactionScanner
2021-08-11 23:24:50,799 [SCMBlockDeletingService#0] DEBUG block.SCMBlockDeletingService (SCMBlockDeletingService.java:call(133)) - Running DeletedBlockTransactionScanner
2021-08-11 23:24:50,899 [SCMBlockDeletingService#0] DEBUG block.SCMBlockDeletingService (SCMBlockDeletingService.java:call(133)) - Running DeletedBlockTransactionScanner
2021-08-11 23:24:50,951 [Listener at 127.0.0.1/35819] INFO  ozoneimpl.OzoneContainer (OzoneContainer.java:stop(326)) - Attempting to stop container services.
2021-08-11 23:24:50,953 [Listener at 127.0.0.1/35819] INFO  server.RaftServer (RaftServerProxy.java:lambda$close$6(391)) - 4bb1aeed-fabd-4403-b6c4-d79196e9cdee: close
2021-08-11 23:24:50,953 [Listener at 127.0.0.1/35819] INFO  server.RaftServer$Division (RaftServerImpl.java:lambda$close$4(407)) - 4bb1aeed-fabd-4403-b6c4-d79196e9cdee@group-64FABD959392: shutdown
2021-08-11 23:24:50,953 [Listener at 127.0.0.1/35819] INFO  util.JmxRegister (JmxRegister.java:unregister(73)) - Successfully un-registered JMX Bean with object name Ratis:service=RaftServer,group=group-64FABD959392,id=4bb1aeed-fabd-4403-b6c4-d79196e9cdee
2021-08-11 23:24:50,953 [Listener at 127.0.0.1/35819] INFO  impl.RoleInfo (RoleInfo.java:shutdownLeaderState(91)) - 4bb1aeed-fabd-4403-b6c4-d79196e9cdee: shutdown 4bb1aeed-fabd-4403-b6c4-d79196e9cdee@group-64FABD959392-LeaderStateImpl
2021-08-11 23:24:50,953 [Listener at 127.0.0.1/35819] INFO  impl.PendingRequests (PendingRequests.java:sendNotLeaderResponses(282)) - 4bb1aeed-fabd-4403-b6c4-d79196e9cdee@group-64FABD959392-PendingRequests: sendNotLeaderResponses
2021-08-11 23:24:50,953 [4bb1aeed-fabd-4403-b6c4-d79196e9cdee@group-64FABD959392->0b67ed8f-f606-4780-b5a7-a4fc9fccae6a-GrpcLogAppender-LogAppenderDaemon] WARN  server.GrpcLogAppender (GrpcLogAppender.java:mayWait(175)) - 4bb1aeed-fabd-4403-b6c4-d79196e9cdee@group-64FABD959392->0b67ed8f-f606-4780-b5a7-a4fc9fccae6a-GrpcLogAppender: Wait interrupted by java.lang.InterruptedException
2021-08-11 23:24:50,954 [4bb1aeed-fabd-4403-b6c4-d79196e9cdee@group-64FABD959392->fcd6b89e-16e4-41c9-a02b-be5b8824d40a-GrpcLogAppender-LogAppenderDaemon] WARN  server.GrpcLogAppender (GrpcLogAppender.java:mayWait(175)) - 4bb1aeed-fabd-4403-b6c4-d79196e9cdee@group-64FABD959392->fcd6b89e-16e4-41c9-a02b-be5b8824d40a-GrpcLogAppender: Wait interrupted by java.lang.InterruptedException
2021-08-11 23:24:50,954 [grpc-default-executor-0] INFO  server.GrpcServerProtocolService (GrpcServerProtocolService.java:onCompleted(140)) - fcd6b89e-16e4-41c9-a02b-be5b8824d40a: Completed APPEND_ENTRIES, lastRequest: 4bb1aeed-fabd-4403-b6c4-d79196e9cdee->fcd6b89e-16e4-41c9-a02b-be5b8824d40a#520-t1,previous=(t:1, i:10),leaderCommit=10,initializing? true,entries: size=1, first=(t:1, i:11), METADATAENTRY(c:10)
2021-08-11 23:24:50,954 [grpc-default-executor-1] INFO  server.GrpcServerProtocolService (GrpcServerProtocolService.java:onCompleted(140)) - 0b67ed8f-f606-4780-b5a7-a4fc9fccae6a: Completed APPEND_ENTRIES, lastRequest: 4bb1aeed-fabd-4403-b6c4-d79196e9cdee->0b67ed8f-f606-4780-b5a7-a4fc9fccae6a#521-t1,previous=(t:1, i:10),leaderCommit=10,initializing? true,entries: size=1, first=(t:1, i:11), METADATAENTRY(c:10)
2021-08-11 23:24:50,956 [grpc-default-executor-2] INFO  server.GrpcLogAppender (GrpcLogAppender.java:onCompleted(344)) - 4bb1aeed-fabd-4403-b6c4-d79196e9cdee@group-64FABD959392->fcd6b89e-16e4-41c9-a02b-be5b8824d40a-AppendLogResponseHandler: follower responses appendEntries COMPLETED
2021-08-11 23:24:50,956 [grpc-default-executor-3] INFO  server.GrpcLogAppender (GrpcLogAppender.java:onCompleted(344)) - 4bb1aeed-fabd-4403-b6c4-d79196e9cdee@group-64FABD959392->0b67ed8f-f606-4780-b5a7-a4fc9fccae6a-AppendLogResponseHandler: follower responses appendEntries COMPLETED
2021-08-11 23:24:50,964 [grpc-default-executor-3] INFO  leader.FollowerInfo (FollowerInfoImpl.java:lambda$new$0(46)) - 4bb1aeed-fabd-4403-b6c4-d79196e9cdee@group-64FABD959392->0b67ed8f-f606-4780-b5a7-a4fc9fccae6a: nextIndex: updateUnconditionally 12 -> 11
2021-08-11 23:24:50,956 [grpc-default-executor-2] INFO  leader.FollowerInfo (FollowerInfoImpl.java:lambda$new$0(46)) - 4bb1aeed-fabd-4403-b6c4-d79196e9cdee@group-64FABD959392->fcd6b89e-16e4-41c9-a02b-be5b8824d40a: nextIndex: updateUnconditionally 12 -> 11
2021-08-11 23:24:50,969 [Listener at 127.0.0.1/35819] INFO  impl.StateMachineUpdater (StateMachineUpdater.java:stopAndJoin(149)) - 4bb1aeed-fabd-4403-b6c4-d79196e9cdee@group-64FABD959392-StateMachineUpdater: set stopIndex = 11
2021-08-11 23:24:50,970 [4bb1aeed-fabd-4403-b6c4-d79196e9cdee@group-64FABD959392-StateMachineUpdater] INFO  ratis.ContainerStateMachine (ContainerStateMachine.java:takeSnapshot(293)) - group-64FABD959392: Taking a snapshot at:(t:1, i:11) file /home/runner/work/ozone/ozone/hadoop-ozone/integration-test/target/test-dir/MiniOzoneClusterImpl-4315cdcd-d3fc-449b-ab87-b0d46a3c32e7/datanode-0/data/ratis/6255beb7-01b8-45cb-b037-64fabd959392/sm/snapshot.1_11
2021-08-11 23:24:50,971 [4bb1aeed-fabd-4403-b6c4-d79196e9cdee@group-64FABD959392-StateMachineUpdater] INFO  ratis.ContainerStateMachine (ContainerStateMachine.java:takeSnapshot(304)) - group-64FABD959392: Finished taking a snapshot at:(t:1, i:11) file:/home/runner/work/ozone/ozone/hadoop-ozone/integration-test/target/test-dir/MiniOzoneClusterImpl-4315cdcd-d3fc-449b-ab87-b0d46a3c32e7/datanode-0/data/ratis/6255beb7-01b8-45cb-b037-64fabd959392/sm/snapshot.1_11 took: 2 ms
2021-08-11 23:24:50,972 [4bb1aeed-fabd-4403-b6c4-d79196e9cdee@group-64FABD959392-StateMachineUpdater] INFO  impl.StateMachineUpdater (StateMachineUpdater.java:takeSnapshot(281)) - 4bb1aeed-fabd-4403-b6c4-d79196e9cdee@group-64FABD959392-StateMachineUpdater: Took a snapshot at index 11
2021-08-11 23:24:50,972 [4bb1aeed-fabd-4403-b6c4-d79196e9cdee@group-64FABD959392-StateMachineUpdater] INFO  impl.StateMachineUpdater (StateMachineUpdater.java:lambda$new$0(89)) - 4bb1aeed-fabd-4403-b6c4-d79196e9cdee@group-64FABD959392-StateMachineUpdater: snapshotIndex: updateIncreasingly -1 -> 11
2021-08-11 23:24:50,972 [Listener at 127.0.0.1/35819] INFO  server.RaftServer$Division (ServerState.java:close(419)) - 4bb1aeed-fabd-4403-b6c4-d79196e9cdee@group-64FABD959392: closes. applyIndex: 11
2021-08-11 23:24:50,972 [4bb1aeed-fabd-4403-b6c4-d79196e9cdee@group-64FABD959392-SegmentedRaftLogWorker] INFO  segmented.SegmentedRaftLogWorker (SegmentedRaftLogWorker.java:run(327)) - 4bb1aeed-fabd-4403-b6c4-d79196e9cdee@group-64FABD959392-SegmentedRaftLogWorker was interrupted, exiting. There are 0 tasks remaining in the queue.
2021-08-11 23:24:50,973 [Listener at 127.0.0.1/35819] INFO  segmented.SegmentedRaftLogWorker (SegmentedRaftLogWorker.java:close(237)) - 4bb1aeed-fabd-4403-b6c4-d79196e9cdee@group-64FABD959392-SegmentedRaftLogWorker close()
2021-08-11 23:24:50,974 [Listener at 127.0.0.1/35819] INFO  server.GrpcService (GrpcService.java:closeImpl(262)) - 4bb1aeed-fabd-4403-b6c4-d79196e9cdee: shutdown server with port 36659 now
2021-08-11 23:24:50,984 [grpc-default-executor-0] WARN  client.GrpcClientProtocolService (LogUtils.java:warn(122)) - 1-UnorderedRequestStreamObserver1: onError: org.apache.ratis.thirdparty.io.grpc.StatusRuntimeException: CANCELLED: client cancelled
2021-08-11 23:24:50,995 [Listener at 127.0.0.1/35819] INFO  server.GrpcService (GrpcService.java:closeImpl(271)) - 4bb1aeed-fabd-4403-b6c4-d79196e9cdee: shutdown server with port 36659 successfully
2021-08-11 23:24:50,995 [org.apache.ratis.util.JvmPauseMonitor$$Lambda$531/740858526@ba58595] INFO  util.JvmPauseMonitor (JvmPauseMonitor.java:run(109)) - JvmPauseMonitor-4bb1aeed-fabd-4403-b6c4-d79196e9cdee: Stopped
2021-08-11 23:24:50,998 [Listener at 127.0.0.1/35819] INFO  utils.BackgroundService (BackgroundService.java:shutdown(132)) - Shutting down service BlockDeletingService
2021-08-11 23:24:50,999 [SCMBlockDeletingService#0] DEBUG block.SCMBlockDeletingService (SCMBlockDeletingService.java:call(133)) - Running DeletedBlockTransactionScanner
2021-08-11 23:24:51,099 [SCMBlockDeletingService#0] DEBUG block.SCMBlockDeletingService (SCMBlockDeletingService.java:call(133)) - Running DeletedBlockTransactionScanner
2021-08-11 23:24:51,199 [SCMBlockDeletingService#0] DEBUG block.SCMBlockDeletingService (SCMBlockDeletingService.java:call(133)) - Running DeletedBlockTransactionScanner
2021-08-11 23:24:51,299 [SCMBlockDeletingService#0] DEBUG block.SCMBlockDeletingService (SCMBlockDeletingService.java:call(133)) - Running DeletedBlockTransactionScanner
2021-08-11 23:24:51,399 [SCMBlockDeletingService#0] DEBUG block.SCMBlockDeletingService (SCMBlockDeletingService.java:call(133)) - Running DeletedBlockTransactionScanner
2021-08-11 23:24:51,499 [SCMBlockDeletingService#0] DEBUG block.SCMBlockDeletingService (SCMBlockDeletingService.java:call(133)) - Running DeletedBlockTransactionScanner
2021-08-11 23:24:51,599 [SCMBlockDeletingService#0] DEBUG block.SCMBlockDeletingService (SCMBlockDeletingService.java:call(133)) - Running DeletedBlockTransactionScanner
2021-08-11 23:24:51,700 [SCMBlockDeletingService#0] DEBUG block.SCMBlockDeletingService (SCMBlockDeletingService.java:call(133)) - Running DeletedBlockTransactionScanner
2021-08-11 23:24:51,800 [SCMBlockDeletingService#0] DEBUG block.SCMBlockDeletingService (SCMBlockDeletingService.java:call(133)) - Running DeletedBlockTransactionScanner
2021-08-11 23:24:51,900 [SCMBlockDeletingService#0] DEBUG block.SCMBlockDeletingService (SCMBlockDeletingService.java:call(133)) - Running DeletedBlockTransactionScanner
2021-08-11 23:24:52,000 [SCMBlockDeletingService#0] DEBUG block.SCMBlockDeletingService (SCMBlockDeletingService.java:call(133)) - Running DeletedBlockTransactionScanner
2021-08-11 23:24:52,100 [SCMBlockDeletingService#0] DEBUG block.SCMBlockDeletingService (SCMBlockDeletingService.java:call(133)) - Running DeletedBlockTransactionScanner
2021-08-11 23:24:52,200 [SCMBlockDeletingService#0] DEBUG block.SCMBlockDeletingService (SCMBlockDeletingService.java:call(133)) - Running DeletedBlockTransactionScanner
2021-08-11 23:24:52,300 [SCMBlockDeletingService#0] DEBUG block.SCMBlockDeletingService (SCMBlockDeletingService.java:call(133)) - Running DeletedBlockTransactionScanner
2021-08-11 23:24:52,400 [SCMBlockDeletingService#0] DEBUG block.SCMBlockDeletingService (SCMBlockDeletingService.java:call(133)) - Running DeletedBlockTransactionScanner
2021-08-11 23:24:52,500 [SCMBlockDeletingService#0] DEBUG block.SCMBlockDeletingService (SCMBlockDeletingService.java:call(133)) - Running DeletedBlockTransactionScanner
2021-08-11 23:24:52,600 [SCMBlockDeletingService#0] DEBUG block.SCMBlockDeletingService (SCMBlockDeletingService.java:call(133)) - Running DeletedBlockTransactionScanner
2021-08-11 23:24:52,700 [SCMBlockDeletingService#0] DEBUG block.SCMBlockDeletingService (SCMBlockDeletingService.java:call(133)) - Running DeletedBlockTransactionScanner
2021-08-11 23:24:52,800 [SCMBlockDeletingService#0] DEBUG block.SCMBlockDeletingService (SCMBlockDeletingService.java:call(133)) - Running DeletedBlockTransactionScanner
2021-08-11 23:24:52,901 [SCMBlockDeletingService#0] DEBUG block.SCMBlockDeletingService (SCMBlockDeletingService.java:call(133)) - Running DeletedBlockTransactionScanner
2021-08-11 23:24:53,001 [SCMBlockDeletingService#0] DEBUG block.SCMBlockDeletingService (SCMBlockDeletingService.java:call(133)) - Running DeletedBlockTransactionScanner
2021-08-11 23:24:53,101 [SCMBlockDeletingService#0] DEBUG block.SCMBlockDeletingService (SCMBlockDeletingService.java:call(133)) - Running DeletedBlockTransactionScanner
2021-08-11 23:24:53,201 [SCMBlockDeletingService#0] DEBUG block.SCMBlockDeletingService (SCMBlockDeletingService.java:call(133)) - Running DeletedBlockTransactionScanner
2021-08-11 23:24:53,301 [SCMBlockDeletingService#0] DEBUG block.SCMBlockDeletingService (SCMBlockDeletingService.java:call(133)) - Running DeletedBlockTransactionScanner
2021-08-11 23:24:53,401 [SCMBlockDeletingService#0] DEBUG block.SCMBlockDeletingService (SCMBlockDeletingService.java:call(133)) - Running DeletedBlockTransactionScanner
2021-08-11 23:24:53,501 [SCMBlockDeletingService#0] DEBUG block.SCMBlockDeletingService (SCMBlockDeletingService.java:call(133)) - Running DeletedBlockTransactionScanner
2021-08-11 23:24:53,601 [SCMBlockDeletingService#0] DEBUG block.SCMBlockDeletingService (SCMBlockDeletingService.java:call(133)) - Running DeletedBlockTransactionScanner
2021-08-11 23:24:53,701 [SCMBlockDeletingService#0] DEBUG block.SCMBlockDeletingService (SCMBlockDeletingService.java:call(133)) - Running DeletedBlockTransactionScanner
2021-08-11 23:24:53,801 [SCMBlockDeletingService#0] DEBUG block.SCMBlockDeletingService (SCMBlockDeletingService.java:call(133)) - Running DeletedBlockTransactionScanner
2021-08-11 23:24:53,901 [SCMBlockDeletingService#0] DEBUG block.SCMBlockDeletingService (SCMBlockDeletingService.java:call(133)) - Running DeletedBlockTransactionScanner
2021-08-11 23:24:54,001 [SCMBlockDeletingService#0] DEBUG block.SCMBlockDeletingService (SCMBlockDeletingService.java:call(133)) - Running DeletedBlockTransactionScanner
2021-08-11 23:24:54,006 [Listener at 127.0.0.1/35819] INFO  statemachine.DatanodeStateMachine (DatanodeStateMachine.java:stopDaemon(515)) - Ozone container server stopped.
2021-08-11 23:24:54,006 [Listener at 127.0.0.1/35819] INFO  handler.ContextHandler (ContextHandler.java:doStop(1153)) - Stopped o.e.j.w.WebAppContext@686a7922{hddsDatanode,/,null,STOPPED}{jar:file:/home/runner/.m2/repository/org/apache/ozone/hdds-container-service/1.2.0-SNAPSHOT/hdds-container-service-1.2.0-SNAPSHOT.jar!/webapps/hddsDatanode}
2021-08-11 23:24:54,007 [Listener at 127.0.0.1/35819] INFO  server.AbstractConnector (AbstractConnector.java:doStop(381)) - Stopped ServerConnector@65fa1b8f{HTTP/1.1, (http/1.1)}{0.0.0.0:0}
2021-08-11 23:24:54,007 [Listener at 127.0.0.1/35819] INFO  server.session (HouseKeeper.java:stopScavenging(149)) - node0 Stopped scavenging
2021-08-11 23:24:54,007 [Listener at 127.0.0.1/35819] INFO  handler.ContextHandler (ContextHandler.java:doStop(1153)) - Stopped o.e.j.s.ServletContextHandler@1499f2cf{static,/static,jar:file:/home/runner/.m2/repository/org/apache/ozone/hdds-container-service/1.2.0-SNAPSHOT/hdds-container-service-1.2.0-SNAPSHOT.jar!/webapps/static,STOPPED}
2021-08-11 23:24:54,007 [Listener at 127.0.0.1/35819] INFO  handler.ContextHandler (ContextHandler.java:doStop(1153)) - Stopped o.e.j.s.ServletContextHandler@36c559e0{logs,/logs,file:///home/runner/work/ozone/ozone/hadoop-ozone/integration-test/target/log,STOPPED}
2021-08-11 23:24:54,011 [Listener at 127.0.0.1/35819] INFO  container.ReplicationManager (ReplicationManager.java:sendDeleteCommand(1478)) - Sending delete container command for container #1 to datanode fcd6b89e-16e4-41c9-a02b-be5b8824d40a{ip: 10.1.0.25, host: fv-az12-896.exdb2aeach2ezidoxz41lk3bwg.cx.internal.cloudapp.net, ports: [REPLICATION=37961, RATIS=44867, RATIS_ADMIN=44867, RATIS_SERVER=44867, STANDALONE=35621], networkLocation: /default-rack, certSerialId: null, persistedOpState: IN_SERVICE, persistedOpStateExpiryEpochSec: 0}
2021-08-11 23:24:54,012 [Listener at 127.0.0.1/35819] INFO  container.ReplicationManager (ReplicationManager.java:sendDeleteCommand(1478)) - Sending delete container command for container #1 to datanode 4bb1aeed-fabd-4403-b6c4-d79196e9cdee{ip: 10.1.0.25, host: fv-az12-896.exdb2aeach2ezidoxz41lk3bwg.cx.internal.cloudapp.net, ports: [REPLICATION=34751, RATIS=36659, RATIS_ADMIN=36659, RATIS_SERVER=36659, STANDALONE=34429], networkLocation: /default-rack, certSerialId: null, persistedOpState: IN_SERVICE, persistedOpStateExpiryEpochSec: 0}
2021-08-11 23:24:54,012 [Listener at 127.0.0.1/35819] INFO  container.ReplicationManager (ReplicationManager.java:sendDeleteCommand(1478)) - Sending delete container command for container #1 to datanode 0b67ed8f-f606-4780-b5a7-a4fc9fccae6a{ip: 10.1.0.25, host: fv-az12-896.exdb2aeach2ezidoxz41lk3bwg.cx.internal.cloudapp.net, ports: [REPLICATION=38383, RATIS=45237, RATIS_ADMIN=45237, RATIS_SERVER=45237, STANDALONE=42107], networkLocation: /default-rack, certSerialId: null, persistedOpState: IN_SERVICE, persistedOpStateExpiryEpochSec: 0}
2021-08-11 23:24:54,013 [Listener at 127.0.0.1/35819] DEBUG container.ReplicationManager (ReplicationManager.java:deleteContainerReplicas(948)) - Deleting empty container replicas for ContainerInfo{id=1, state=DELETING, pipelineID=PipelineID=6255beb7-01b8-45cb-b037-64fabd959392, stateEnterTime=2021-08-11T23:24:30.915Z, owner=om1},
2021-08-11 23:24:54,014 [Listener at 127.0.0.1/35819] INFO  container.ReplicationManager (ReplicationManager.java:processAll(341)) - Replication Monitor Thread took 5 milliseconds for processing 1 containers.
2021-08-11 23:24:54,023 [Listener at 127.0.0.1/35819] INFO  container.ReplicationManager (ReplicationManager.java:sendDeleteCommand(1478)) - Sending delete container command for container #1 to datanode 4bb1aeed-fabd-4403-b6c4-d79196e9cdee{ip: 10.1.0.25, host: fv-az12-896.exdb2aeach2ezidoxz41lk3bwg.cx.internal.cloudapp.net, ports: [REPLICATION=34751, RATIS=36659, RATIS_ADMIN=36659, RATIS_SERVER=36659, STANDALONE=34429], networkLocation: /default-rack, certSerialId: null, persistedOpState: IN_SERVICE, persistedOpStateExpiryEpochSec: 0}
2021-08-11 23:24:54,023 [Listener at 127.0.0.1/35819] DEBUG container.ReplicationManager (ReplicationManager.java:handleContainerUnderDelete(979)) - Resend delete Container command for ContainerInfo{id=1, state=DELETING, pipelineID=PipelineID=6255beb7-01b8-45cb-b037-64fabd959392, stateEnterTime=2021-08-11T23:24:30.915Z, owner=om1}
2021-08-11 23:24:54,023 [Listener at 127.0.0.1/35819] INFO  container.ReplicationManager (ReplicationManager.java:processAll(341)) - Replication Monitor Thread took 9 milliseconds for processing 1 containers.
2021-08-11 23:24:54,027 [Listener at 127.0.0.1/35819] WARN  impl.MetricRegistriesImpl (MetricRegistriesImpl.java:addReporterRegistration(111)) - New reporters are added after registries were created. Some metrics will be missing from the reporter. Please add reporter before adding any new registry.
2021-08-11 23:24:54,027 [Listener at 127.0.0.1/35819] WARN  impl.MetricRegistriesImpl (MetricRegistriesImpl.java:addReporterRegistration(111)) - New reporters are added after registries were created. Some metrics will be missing from the reporter. Please add reporter before adding any new registry.
2021-08-11 23:24:54,027 [Listener at 127.0.0.1/35819] INFO  impl.MetricsSystemImpl (MetricsSystemImpl.java:init(158)) - HddsDatanode metrics system started (again)
2021-08-11 23:24:54,079 [Listener at 127.0.0.1/35819] INFO  ozone.HddsDatanodeService (HddsDatanodeService.java:start(234)) - HddsDatanodeService host:fv-az12-896.exdb2aeach2ezidoxz41lk3bwg.cx.internal.cloudapp.net ip:10.1.0.25
2021-08-11 23:24:54,096 [Listener at 127.0.0.1/35819] INFO  upgrade.AbstractLayoutVersionManager (AbstractLayoutVersionManager.java:init(70)) - Initializing Layout version manager with metadata layout = SCM_HA (version = 2), software layout = SCM_HA (version = 2)
2021-08-11 23:24:54,101 [SCMBlockDeletingService#0] DEBUG block.SCMBlockDeletingService (SCMBlockDeletingService.java:call(133)) - Running DeletedBlockTransactionScanner
2021-08-11 23:24:54,174 [Listener at 127.0.0.1/35819] INFO  reflections.Reflections (Reflections.java:scan(232)) - Reflections took 77 ms to scan 7 urls, producing 120 keys and 275 values 
2021-08-11 23:24:54,201 [Listener at 127.0.0.1/35819] INFO  volume.HddsVolume (HddsVolume.java:<init>(120)) - Creating HddsVolume: /home/runner/work/ozone/ozone/hadoop-ozone/integration-test/target/test-dir/MiniOzoneClusterImpl-4315cdcd-d3fc-449b-ab87-b0d46a3c32e7/datanode-0/data-0/containers/hdds of storage type : DISK capacity : 9223372036854775807
2021-08-11 23:24:54,201 [Listener at 127.0.0.1/35819] INFO  volume.MutableVolumeSet (MutableVolumeSet.java:initializeVolumeSet(181)) - Added Volume : /home/runner/work/ozone/ozone/hadoop-ozone/integration-test/target/test-dir/MiniOzoneClusterImpl-4315cdcd-d3fc-449b-ab87-b0d46a3c32e7/datanode-0/data-0/containers/hdds to VolumeSet
2021-08-11 23:24:54,201 [Listener at 127.0.0.1/35819] INFO  volume.ThrottledAsyncChecker (ThrottledAsyncChecker.java:schedule(141)) - Scheduling a check for /home/runner/work/ozone/ozone/hadoop-ozone/integration-test/target/test-dir/MiniOzoneClusterImpl-4315cdcd-d3fc-449b-ab87-b0d46a3c32e7/datanode-0/data-0/containers/hdds
2021-08-11 23:24:54,202 [SCMBlockDeletingService#0] DEBUG block.SCMBlockDeletingService (SCMBlockDeletingService.java:call(133)) - Running DeletedBlockTransactionScanner
2021-08-11 23:24:54,224 [Listener at 127.0.0.1/35819] INFO  volume.StorageVolumeChecker (StorageVolumeChecker.java:checkAllVolumes(202)) - Scheduled health check for volume /home/runner/work/ozone/ozone/hadoop-ozone/integration-test/target/test-dir/MiniOzoneClusterImpl-4315cdcd-d3fc-449b-ab87-b0d46a3c32e7/datanode-0/data-0/containers/hdds
2021-08-11 23:24:54,238 [Listener at 127.0.0.1/35819] INFO  volume.MutableVolumeSet (MutableVolumeSet.java:initializeVolumeSet(181)) - Added Volume : /home/runner/work/ozone/ozone/hadoop-ozone/integration-test/target/test-dir/MiniOzoneClusterImpl-4315cdcd-d3fc-449b-ab87-b0d46a3c32e7/datanode-0/data/ratis to VolumeSet
2021-08-11 23:24:54,244 [Listener at 127.0.0.1/35819] INFO  volume.ThrottledAsyncChecker (ThrottledAsyncChecker.java:schedule(141)) - Scheduling a check for /home/runner/work/ozone/ozone/hadoop-ozone/integration-test/target/test-dir/MiniOzoneClusterImpl-4315cdcd-d3fc-449b-ab87-b0d46a3c32e7/datanode-0/data/ratis
2021-08-11 23:24:54,244 [Listener at 127.0.0.1/35819] INFO  volume.StorageVolumeChecker (StorageVolumeChecker.java:checkAllVolumes(202)) - Scheduled health check for volume /home/runner/work/ozone/ozone/hadoop-ozone/integration-test/target/test-dir/MiniOzoneClusterImpl-4315cdcd-d3fc-449b-ab87-b0d46a3c32e7/datanode-0/data/ratis
2021-08-11 23:24:54,269 [Listener at 127.0.0.1/35819] INFO  ozoneimpl.ContainerReader (ContainerReader.java:<init>(98)) - Running in upgrade mode:true
2021-08-11 23:24:54,276 [Thread-4042] INFO  ozoneimpl.ContainerReader (ContainerReader.java:readVolume(142)) - Start to verify containers on volume /home/runner/work/ozone/ozone/hadoop-ozone/integration-test/target/test-dir/MiniOzoneClusterImpl-4315cdcd-d3fc-449b-ab87-b0d46a3c32e7/datanode-0/data-0/containers/hdds
2021-08-11 23:24:54,302 [SCMBlockDeletingService#0] DEBUG block.SCMBlockDeletingService (SCMBlockDeletingService.java:call(133)) - Running DeletedBlockTransactionScanner
2021-08-11 23:24:54,323 [Thread-4042] INFO  ozoneimpl.ContainerReader (ContainerReader.java:readVolume(174)) - Finish verifying containers on volume /home/runner/work/ozone/ozone/hadoop-ozone/integration-test/target/test-dir/MiniOzoneClusterImpl-4315cdcd-d3fc-449b-ab87-b0d46a3c32e7/datanode-0/data-0/containers/hdds
2021-08-11 23:24:54,323 [Listener at 127.0.0.1/35819] INFO  ozoneimpl.OzoneContainer (OzoneContainer.java:buildContainerSet(237)) - Build ContainerSet costs 0s
2021-08-11 23:24:54,325 [Listener at 127.0.0.1/35819] INFO  server.RaftServer (ConfUtils.java:logGet(44)) - raft.rpc.type = GRPC (default)
2021-08-11 23:24:54,325 [Listener at 127.0.0.1/35819] INFO  grpc.GrpcFactory (GrpcFactory.java:checkPooledByteBufAllocatorUseCacheForAllThreads(48)) - PERFORMANCE WARNING: useCacheForAllThreads is true that may cause Netty to create a lot garbage objects and, as a result, trigger GC.
	It is recommended to disable useCacheForAllThreads by setting -Dorg.apache.ratis.thirdparty.io.netty.allocator.useCacheForAllThreads=false in command line.
2021-08-11 23:24:54,325 [Listener at 127.0.0.1/35819] INFO  grpc.GrpcConfigKeys (ConfUtils.java:logGet(44)) - raft.grpc.admin.port = 36659 (custom)
2021-08-11 23:24:54,325 [Listener at 127.0.0.1/35819] INFO  grpc.GrpcConfigKeys (ConfUtils.java:logGet(44)) - raft.grpc.client.port = 36659 (custom)
2021-08-11 23:24:54,325 [Listener at 127.0.0.1/35819] INFO  grpc.GrpcConfigKeys (ConfUtils.java:logGet(44)) - raft.grpc.server.port = 36659 (custom)
2021-08-11 23:24:54,325 [Listener at 127.0.0.1/35819] INFO  server.GrpcService (ConfUtils.java:logGet(44)) - raft.grpc.message.size.max = 32MB (=33554432) (custom)
2021-08-11 23:24:54,325 [Listener at 127.0.0.1/35819] INFO  server.RaftServerConfigKeys (ConfUtils.java:logGet(44)) - raft.server.log.appender.buffer.byte-limit = 33554432 (custom)
2021-08-11 23:24:54,326 [Listener at 127.0.0.1/35819] INFO  server.GrpcService (ConfUtils.java:logGet(44)) - raft.grpc.flow.control.window = 5MB (=5242880) (custom)
2021-08-11 23:24:54,326 [Listener at 127.0.0.1/35819] INFO  server.RaftServerConfigKeys (ConfUtils.java:logGet(44)) - raft.server.rpc.request.timeout = 60s (custom)
2021-08-11 23:24:54,327 [Listener at 127.0.0.1/35819] INFO  impl.DataStreamServerImpl (ConfUtils.java:logGet(44)) - raft.datastream.type = DISABLED (default)
2021-08-11 23:24:54,327 [Listener at 127.0.0.1/35819] INFO  server.RaftServerConfigKeys (ConfUtils.java:logGet(44)) - raft.server.rpc.slowness.timeout = 300s (custom)
2021-08-11 23:24:54,327 [Listener at 127.0.0.1/35819] INFO  server.RaftServerConfigKeys (ConfUtils.java:logGet(44)) - raft.server.leaderelection.leader.step-down.wait-time = 10s (default)
2021-08-11 23:24:54,327 [Listener at 127.0.0.1/35819] INFO  server.RaftServerConfigKeys (ConfUtils.java:logGet(44)) - raft.server.storage.dir = [/home/runner/work/ozone/ozone/hadoop-ozone/integration-test/target/test-dir/MiniOzoneClusterImpl-4315cdcd-d3fc-449b-ab87-b0d46a3c32e7/datanode-0/data/ratis] (custom)
2021-08-11 23:24:54,327 [Listener at 127.0.0.1/35819] INFO  server.RaftServer (RaftServerProxy.java:lambda$null$1(235)) - 4bb1aeed-fabd-4403-b6c4-d79196e9cdee: found a subdirectory /home/runner/work/ozone/ozone/hadoop-ozone/integration-test/target/test-dir/MiniOzoneClusterImpl-4315cdcd-d3fc-449b-ab87-b0d46a3c32e7/datanode-0/data/ratis/6255beb7-01b8-45cb-b037-64fabd959392
2021-08-11 23:24:54,336 [Listener at 127.0.0.1/35819] INFO  server.RaftServer (RaftServerProxy.java:addNew(95)) - 4bb1aeed-fabd-4403-b6c4-d79196e9cdee: addNew group-64FABD959392:[] returns group-64FABD959392:java.util.concurrent.CompletableFuture@773e1a11[Not completed]
2021-08-11 23:24:54,344 [pool-359-thread-1] INFO  server.RaftServer$Division (RaftServerImpl.java:<init>(181)) - 4bb1aeed-fabd-4403-b6c4-d79196e9cdee: new RaftServerImpl for group-64FABD959392:[] with ContainerStateMachine:uninitialized
2021-08-11 23:24:54,346 [pool-359-thread-1] INFO  server.RaftServerConfigKeys (ConfUtils.java:logGet(44)) - raft.server.rpc.timeout.min = 5s (custom)
2021-08-11 23:24:54,361 [pool-359-thread-1] INFO  server.RaftServerConfigKeys (ConfUtils.java:logGet(44)) - raft.server.rpc.timeout.max = 5200ms (custom)
2021-08-11 23:24:54,361 [pool-359-thread-1] INFO  server.RaftServerConfigKeys (ConfUtils.java:logGet(44)) - raft.server.rpc.sleep.time = 25ms (default)
2021-08-11 23:24:54,361 [pool-359-thread-1] INFO  server.RaftServerConfigKeys (ConfUtils.java:logGet(44)) - raft.server.rpc.slowness.timeout = 300s (custom)
2021-08-11 23:24:54,361 [pool-359-thread-1] INFO  server.RaftServerConfigKeys (ConfUtils.java:logGet(44)) - raft.server.leaderelection.leader.step-down.wait-time = 10s (default)
2021-08-11 23:24:54,361 [pool-359-thread-1] INFO  server.RaftServerConfigKeys (ConfUtils.java:logGet(44)) - raft.server.sleep.deviation.threshold = 300ms (default)
2021-08-11 23:24:54,361 [pool-359-thread-1] INFO  server.RaftServerConfigKeys (ConfUtils.java:logGet(44)) - raft.server.log.appender.install.snapshot.enabled = false (custom)
2021-08-11 23:24:54,361 [pool-359-thread-1] INFO  server.RaftServer$Division (ServerState.java:<init>(105)) - 4bb1aeed-fabd-4403-b6c4-d79196e9cdee@group-64FABD959392: ConfigurationManager, init=-1: [], old=null, confs=<EMPTY_MAP>
2021-08-11 23:24:54,361 [pool-359-thread-1] INFO  server.RaftServerConfigKeys (ConfUtils.java:logGet(44)) - raft.server.storage.dir = [/home/runner/work/ozone/ozone/hadoop-ozone/integration-test/target/test-dir/MiniOzoneClusterImpl-4315cdcd-d3fc-449b-ab87-b0d46a3c32e7/datanode-0/data/ratis] (custom)
2021-08-11 23:24:54,362 [pool-359-thread-1] INFO  server.RaftServerConfigKeys (ConfUtils.java:logGet(44)) - raft.server.log.corruption.policy = EXCEPTION (default)
2021-08-11 23:24:54,362 [pool-359-thread-1] INFO  server.RaftServerConfigKeys (ConfUtils.java:logGet(44)) - raft.server.storage.free-space.min = 0MB (=0) (default)
2021-08-11 23:24:54,360 [Listener at 127.0.0.1/35819] INFO  http.BaseHttpServer (BaseHttpServer.java:newHttpServer2BuilderForOzone(209)) - Starting Web-server for hddsDatanode at: http://0.0.0.0:35045
2021-08-11 23:24:54,362 [Listener at 127.0.0.1/35819] INFO  http.BaseHttpServer (BaseHttpServer.java:<init>(107)) - Hadoop Security Enabled: false Ozone Security Enabled: false Ozone HTTP Security Enabled: false 
2021-08-11 23:24:54,363 [Listener at 127.0.0.1/35819] INFO  server.AuthenticationFilter (AuthenticationFilter.java:constructSecretProvider(240)) - Unable to initialize FileSignerSecretProvider, falling back to use random secrets.
2021-08-11 23:24:54,368 [pool-359-thread-1] INFO  storage.RaftStorageDirectory (RaftStorageDirectoryImpl.java:tryLock(230)) - Lock on /home/runner/work/ozone/ozone/hadoop-ozone/integration-test/target/test-dir/MiniOzoneClusterImpl-4315cdcd-d3fc-449b-ab87-b0d46a3c32e7/datanode-0/data/ratis/6255beb7-01b8-45cb-b037-64fabd959392/in_use.lock acquired by nodename 29420@fv-az12-896
2021-08-11 23:24:54,372 [Listener at 127.0.0.1/35819] WARN  http.HttpRequestLog (HttpRequestLog.java:getRequestLog(103)) - Jetty request log can only be enabled using Log4j
2021-08-11 23:24:54,373 [Listener at 127.0.0.1/35819] INFO  http.HttpServer2 (HttpServer2.java:addGlobalFilter(1020)) - Added global filter 'safety' (class=org.apache.hadoop.hdds.server.http.HttpServer2$QuotingInputFilter)
2021-08-11 23:24:54,373 [Listener at 127.0.0.1/35819] INFO  http.HttpServer2 (HttpServer2.java:addFilter(996)) - Added filter static_user_filter (class=org.apache.hadoop.http.lib.StaticUserWebFilter$StaticUserFilter) to context hddsDatanode
2021-08-11 23:24:54,374 [Listener at 127.0.0.1/35819] INFO  http.HttpServer2 (HttpServer2.java:addFilter(1004)) - Added filter static_user_filter (class=org.apache.hadoop.http.lib.StaticUserWebFilter$StaticUserFilter) to context logs
2021-08-11 23:24:54,374 [Listener at 127.0.0.1/35819] INFO  http.HttpServer2 (HttpServer2.java:addFilter(1004)) - Added filter static_user_filter (class=org.apache.hadoop.http.lib.StaticUserWebFilter$StaticUserFilter) to context static
2021-08-11 23:24:54,374 [Listener at 127.0.0.1/35819] INFO  http.HttpServer2 (HttpServer2.java:bindListener(1239)) - Jetty bound to port 35045
2021-08-11 23:24:54,374 [Listener at 127.0.0.1/35819] INFO  server.Server (Server.java:doStart(375)) - jetty-9.4.43.v20210629; built: 2021-06-30T11:07:22.254Z; git: 526006ecfa3af7f1a27ef3a288e2bef7ea9dd7e8; jvm 1.8.0_292-b10
2021-08-11 23:24:54,377 [pool-359-thread-1] INFO  storage.RaftStorage (RaftStorageImpl.java:analyzeAndRecoverStorage(110)) - Read RaftStorageMetadata{term=1, votedFor=4bb1aeed-fabd-4403-b6c4-d79196e9cdee} from /home/runner/work/ozone/ozone/hadoop-ozone/integration-test/target/test-dir/MiniOzoneClusterImpl-4315cdcd-d3fc-449b-ab87-b0d46a3c32e7/datanode-0/data/ratis/6255beb7-01b8-45cb-b037-64fabd959392/current/raft-meta
2021-08-11 23:24:54,402 [SCMBlockDeletingService#0] DEBUG block.SCMBlockDeletingService (SCMBlockDeletingService.java:call(133)) - Running DeletedBlockTransactionScanner
2021-08-11 23:24:54,436 [Listener at 127.0.0.1/35819] INFO  server.session (DefaultSessionIdManager.java:doStart(334)) - DefaultSessionIdManager workerName=node0
2021-08-11 23:24:54,437 [Listener at 127.0.0.1/35819] INFO  server.session (DefaultSessionIdManager.java:doStart(339)) - No SessionScavenger set, using defaults
2021-08-11 23:24:54,437 [Listener at 127.0.0.1/35819] INFO  server.session (HouseKeeper.java:startScavenging(132)) - node0 Scavenging every 600000ms
2021-08-11 23:24:54,445 [Listener at 127.0.0.1/35819] INFO  handler.ContextHandler (ContextHandler.java:doStart(915)) - Started o.e.j.s.ServletContextHandler@6bca329b{logs,/logs,file:///home/runner/work/ozone/ozone/hadoop-ozone/integration-test/target/log,AVAILABLE}
2021-08-11 23:24:54,445 [Listener at 127.0.0.1/35819] INFO  handler.ContextHandler (ContextHandler.java:doStart(915)) - Started o.e.j.s.ServletContextHandler@277b0e94{static,/static,jar:file:/home/runner/.m2/repository/org/apache/ozone/hdds-container-service/1.2.0-SNAPSHOT/hdds-container-service-1.2.0-SNAPSHOT.jar!/webapps/static,AVAILABLE}
2021-08-11 23:24:54,449 [Datanode State Machine Thread - 0] WARN  statemachine.StateContext (StateContext.java:execute(621)) - No available thread in pool for past 0 seconds.
2021-08-11 23:24:54,450 [pool-359-thread-1] INFO  ratis.ContainerStateMachine (ContainerStateMachine.java:loadSnapshot(234)) - group-64FABD959392: Setting the last applied index to (t:1, i:11)
2021-08-11 23:24:54,461 [pool-359-thread-1] INFO  server.RaftServer$Division (ServerState.java:setRaftConf(387)) - 4bb1aeed-fabd-4403-b6c4-d79196e9cdee@group-64FABD959392: set configuration 0: [fcd6b89e-16e4-41c9-a02b-be5b8824d40a|rpc:10.1.0.25:44867|dataStream:|priority:0, 4bb1aeed-fabd-4403-b6c4-d79196e9cdee|rpc:10.1.0.25:36659|dataStream:|priority:1, 0b67ed8f-f606-4780-b5a7-a4fc9fccae6a|rpc:10.1.0.25:45237|dataStream:|priority:0], old=null
2021-08-11 23:24:54,461 [pool-359-thread-1] INFO  server.RaftServerConfigKeys (ConfUtils.java:logGet(44)) - raft.server.notification.no-leader.timeout = 300s (custom)
2021-08-11 23:24:54,461 [pool-359-thread-1] INFO  server.RaftServerConfigKeys (ConfUtils.java:logGet(44)) - raft.server.log.use.memory = false (default)
2021-08-11 23:24:54,462 [pool-359-thread-1] INFO  server.RaftServerConfigKeys (ConfUtils.java:logGet(44)) - raft.server.log.purge.gap = 1000000 (custom)
2021-08-11 23:24:54,462 [pool-359-thread-1] INFO  server.RaftServerConfigKeys (ConfUtils.java:logGet(44)) - raft.server.log.appender.buffer.byte-limit = 33554432 (custom)
2021-08-11 23:24:54,462 [pool-359-thread-1] INFO  server.RaftServerConfigKeys (ConfUtils.java:logGet(44)) - raft.server.log.segment.size.max = 1048576 (custom)
2021-08-11 23:24:54,462 [pool-359-thread-1] INFO  server.RaftServerConfigKeys (ConfUtils.java:logGet(44)) - raft.server.log.segment.cache.num.max = 2 (custom)
2021-08-11 23:24:54,462 [pool-359-thread-1] INFO  server.RaftServerConfigKeys (ConfUtils.java:logGet(44)) - raft.server.log.segment.cache.size.max = 200MB (=209715200) (default)
2021-08-11 23:24:54,462 [pool-359-thread-1] INFO  segmented.SegmentedRaftLogWorker (SegmentedRaftLogWorker.java:<init>(182)) - new 4bb1aeed-fabd-4403-b6c4-d79196e9cdee@group-64FABD959392-SegmentedRaftLogWorker for RaftStorageImpl:Storage Directory /home/runner/work/ozone/ozone/hadoop-ozone/integration-test/target/test-dir/MiniOzoneClusterImpl-4315cdcd-d3fc-449b-ab87-b0d46a3c32e7/datanode-0/data/ratis/6255beb7-01b8-45cb-b037-64fabd959392
2021-08-11 23:24:54,463 [pool-359-thread-1] INFO  server.RaftServerConfigKeys (ConfUtils.java:logGet(44)) - raft.server.log.queue.byte-limit = 2147483647 (custom)
2021-08-11 23:24:54,463 [pool-359-thread-1] INFO  server.RaftServerConfigKeys (ConfUtils.java:logGet(44)) - raft.server.log.queue.element-limit = 1024 (custom)
2021-08-11 23:24:54,464 [pool-359-thread-1] INFO  server.RaftServerConfigKeys (ConfUtils.java:logGet(44)) - raft.server.log.segment.size.max = 1048576 (custom)
2021-08-11 23:24:54,464 [pool-359-thread-1] INFO  server.RaftServerConfigKeys (ConfUtils.java:logGet(44)) - raft.server.log.preallocated.size = 16384 (custom)
2021-08-11 23:24:54,464 [pool-359-thread-1] INFO  server.RaftServerConfigKeys (ConfUtils.java:logGet(44)) - raft.server.log.force.sync.num = 128 (default)
2021-08-11 23:24:54,464 [pool-359-thread-1] INFO  server.RaftServerConfigKeys (ConfUtils.java:logGet(44)) - raft.server.log.statemachine.data.sync = true (default)
2021-08-11 23:24:54,464 [pool-359-thread-1] INFO  server.RaftServerConfigKeys (ConfUtils.java:logGet(44)) - raft.server.log.statemachine.data.sync.timeout = 10s (default)
2021-08-11 23:24:54,464 [pool-359-thread-1] INFO  server.RaftServerConfigKeys (ConfUtils.java:logGet(44)) - raft.server.log.statemachine.data.sync.timeout.retry = -1 (default)
2021-08-11 23:24:54,465 [pool-359-thread-1] INFO  server.RaftServerConfigKeys (ConfUtils.java:logGet(44)) - raft.server.log.write.buffer.size = 1048576 (custom)
2021-08-11 23:24:54,466 [pool-359-thread-1] INFO  server.RaftServerConfigKeys (ConfUtils.java:logGet(44)) - raft.server.log.statemachine.data.caching.enabled = true (custom)
2021-08-11 23:24:54,476 [pool-359-thread-1] INFO  server.RaftServer$Division (ServerState.java:setRaftConf(387)) - 4bb1aeed-fabd-4403-b6c4-d79196e9cdee@group-64FABD959392: set configuration 0: [fcd6b89e-16e4-41c9-a02b-be5b8824d40a|rpc:10.1.0.25:44867|dataStream:|priority:0, 4bb1aeed-fabd-4403-b6c4-d79196e9cdee|rpc:10.1.0.25:36659|dataStream:|priority:1, 0b67ed8f-f606-4780-b5a7-a4fc9fccae6a|rpc:10.1.0.25:45237|dataStream:|priority:0], old=null
2021-08-11 23:24:54,489 [pool-359-thread-1] INFO  segmented.LogSegment (LogSegment.java:loadSegment(173)) - Successfully read 12 entries from segment file /home/runner/work/ozone/ozone/hadoop-ozone/integration-test/target/test-dir/MiniOzoneClusterImpl-4315cdcd-d3fc-449b-ab87-b0d46a3c32e7/datanode-0/data/ratis/6255beb7-01b8-45cb-b037-64fabd959392/current/log_inprogress_0
2021-08-11 23:24:54,490 [pool-359-thread-1] INFO  segmented.SegmentedRaftLogWorker (SegmentedRaftLogWorker.java:lambda$new$0(133)) - 4bb1aeed-fabd-4403-b6c4-d79196e9cdee@group-64FABD959392-SegmentedRaftLogWorker: flushIndex: setUnconditionally 0 -> 11
2021-08-11 23:24:54,490 [pool-359-thread-1] INFO  segmented.SegmentedRaftLogWorker (SegmentedRaftLogWorker.java:lambda$new$0(133)) - 4bb1aeed-fabd-4403-b6c4-d79196e9cdee@group-64FABD959392-SegmentedRaftLogWorker: safeCacheEvictIndex: setUnconditionally 0 -> -1
2021-08-11 23:24:54,497 [pool-359-thread-1] INFO  raftlog.RaftLog (RaftLogBase.java:lambda$new$0(53)) - 4bb1aeed-fabd-4403-b6c4-d79196e9cdee@group-64FABD959392-SegmentedRaftLog: commitIndex: updateToMax old=11, new=10, updated? false
2021-08-11 23:24:54,497 [pool-359-thread-1] INFO  server.RaftServerConfigKeys (ConfUtils.java:logGet(44)) - raft.server.snapshot.auto.trigger.enabled = true (custom)
2021-08-11 23:24:54,497 [pool-359-thread-1] INFO  server.RaftServerConfigKeys (ConfUtils.java:logGet(44)) - raft.server.snapshot.auto.trigger.threshold = 10000 (custom)
2021-08-11 23:24:54,497 [pool-359-thread-1] INFO  server.RaftServerConfigKeys (ConfUtils.java:logGet(44)) - raft.server.snapshot.retention.file.num = 5 (custom)
2021-08-11 23:24:54,497 [pool-359-thread-1] INFO  server.RaftServerConfigKeys (ConfUtils.java:logGet(44)) - raft.server.log.purge.upto.snapshot.index = false (default)
2021-08-11 23:24:54,497 [pool-359-thread-1] INFO  server.RaftServerConfigKeys (ConfUtils.java:logGet(44)) - raft.server.retrycache.expirytime = 600000ms (custom)
2021-08-11 23:24:54,497 [pool-359-thread-1] INFO  server.RaftServerConfigKeys (ConfUtils.java:logGet(44)) - raft.server.retrycache.statistics.expirytime = 100μs (default)
2021-08-11 23:24:54,502 [SCMBlockDeletingService#0] DEBUG block.SCMBlockDeletingService (SCMBlockDeletingService.java:call(133)) - Running DeletedBlockTransactionScanner
2021-08-11 23:24:54,545 [Listener at 127.0.0.1/35819] INFO  handler.ContextHandler (ContextHandler.java:doStart(915)) - Started o.e.j.w.WebAppContext@835a7d0{hddsDatanode,/,file:///tmp/jetty-0_0_0_0-35045-hdds-container-service-1_2_0-SNAPSHOT_jar-_-any-8305035645480510686/webapp/,AVAILABLE}{jar:file:/home/runner/.m2/repository/org/apache/ozone/hdds-container-service/1.2.0-SNAPSHOT/hdds-container-service-1.2.0-SNAPSHOT.jar!/webapps/hddsDatanode}
2021-08-11 23:24:54,547 [Listener at 127.0.0.1/35819] INFO  server.AbstractConnector (AbstractConnector.java:doStart(331)) - Started ServerConnector@5230426b{HTTP/1.1, (http/1.1)}{0.0.0.0:35045}
2021-08-11 23:24:54,547 [Listener at 127.0.0.1/35819] INFO  server.Server (Server.java:doStart(415)) - Started @86100ms
2021-08-11 23:24:54,547 [Listener at 127.0.0.1/35819] WARN  impl.MetricsSystemImpl (MetricsSystemImpl.java:register(279)) - Sink prometheus already exists!
2021-08-11 23:24:54,548 [Listener at 127.0.0.1/35819] INFO  http.BaseHttpServer (BaseHttpServer.java:updateConnectorAddress(329)) - HTTP server of hddsDatanode listening at http://0.0.0.0:35045
2021-08-11 23:24:54,552 [Listener at 127.0.0.1/35819] INFO  ozone.MiniOzoneClusterImpl (MiniOzoneClusterImpl.java:lambda$waitForClusterToBeReady$0(235)) - Waiting for nodes to be ready. Got 2 of 3 DN Heartbeats.
2021-08-11 23:24:54,552 [Listener at 127.0.0.1/35819] INFO  ozone.MiniOzoneClusterImpl (MiniOzoneClusterImpl.java:lambda$waitForClusterToBeReady$0(238)) - Cluster exits safe mode
2021-08-11 23:24:54,553 [Listener at 127.0.0.1/35819] INFO  ozone.MiniOzoneClusterImpl (MiniOzoneClusterImpl.java:lambda$waitForClusterToBeReady$0(240)) - SCM became leader
2021-08-11 23:24:54,602 [SCMBlockDeletingService#0] DEBUG block.SCMBlockDeletingService (SCMBlockDeletingService.java:call(133)) - Running DeletedBlockTransactionScanner
2021-08-11 23:24:54,634 [org.apache.hadoop.util.JvmPauseMonitor$Monitor@2388db6f] INFO  util.JvmPauseMonitor (JvmPauseMonitor.java:run(188)) - Starting JVM pause monitor
2021-08-11 23:24:54,703 [SCMBlockDeletingService#0] DEBUG block.SCMBlockDeletingService (SCMBlockDeletingService.java:call(133)) - Running DeletedBlockTransactionScanner
2021-08-11 23:24:54,748 [Datanode State Machine Thread - 0] WARN  statemachine.StateContext (StateContext.java:execute(621)) - No available thread in pool for past 0 seconds.
2021-08-11 23:24:54,803 [SCMBlockDeletingService#0] DEBUG block.SCMBlockDeletingService (SCMBlockDeletingService.java:call(133)) - Running DeletedBlockTransactionScanner
2021-08-11 23:24:54,903 [SCMBlockDeletingService#0] DEBUG block.SCMBlockDeletingService (SCMBlockDeletingService.java:call(133)) - Running DeletedBlockTransactionScanner
2021-08-11 23:24:55,003 [SCMBlockDeletingService#0] DEBUG block.SCMBlockDeletingService (SCMBlockDeletingService.java:call(133)) - Running DeletedBlockTransactionScanner
2021-08-11 23:24:55,103 [SCMBlockDeletingService#0] DEBUG block.SCMBlockDeletingService (SCMBlockDeletingService.java:call(133)) - Running DeletedBlockTransactionScanner
2021-08-11 23:24:55,203 [SCMBlockDeletingService#0] DEBUG block.SCMBlockDeletingService (SCMBlockDeletingService.java:call(133)) - Running DeletedBlockTransactionScanner
2021-08-11 23:24:55,303 [SCMBlockDeletingService#0] DEBUG block.SCMBlockDeletingService (SCMBlockDeletingService.java:call(133)) - Running DeletedBlockTransactionScanner
2021-08-11 23:24:55,376 [fcd6b89e-16e4-41c9-a02b-be5b8824d40a@group-64FABD959392-FollowerState] INFO  impl.FollowerState (FollowerState.java:run(134)) - fcd6b89e-16e4-41c9-a02b-be5b8824d40a@group-64FABD959392-FollowerState: change to CANDIDATE, lastRpcElapsedTime:6063807705ns, electionTimeout:5093ms
2021-08-11 23:24:55,377 [fcd6b89e-16e4-41c9-a02b-be5b8824d40a@group-64FABD959392-FollowerState] INFO  impl.RoleInfo (RoleInfo.java:shutdownFollowerState(108)) - fcd6b89e-16e4-41c9-a02b-be5b8824d40a: shutdown fcd6b89e-16e4-41c9-a02b-be5b8824d40a@group-64FABD959392-FollowerState
2021-08-11 23:24:55,377 [fcd6b89e-16e4-41c9-a02b-be5b8824d40a@group-64FABD959392-FollowerState] INFO  server.RaftServer$Division (RaftServerImpl.java:setRole(285)) - fcd6b89e-16e4-41c9-a02b-be5b8824d40a@group-64FABD959392: changes role from  FOLLOWER to CANDIDATE at term 1 for changeToCandidate
2021-08-11 23:24:55,377 [fcd6b89e-16e4-41c9-a02b-be5b8824d40a@group-64FABD959392-FollowerState] INFO  server.RaftServerConfigKeys (ConfUtils.java:logGet(44)) - raft.server.leaderelection.pre-vote = false (custom)
2021-08-11 23:24:55,378 [fcd6b89e-16e4-41c9-a02b-be5b8824d40a@group-64FABD959392-FollowerState] INFO  impl.RoleInfo (RoleInfo.java:updateAndGet(130)) - fcd6b89e-16e4-41c9-a02b-be5b8824d40a: start fcd6b89e-16e4-41c9-a02b-be5b8824d40a@group-64FABD959392-LeaderElection7
2021-08-11 23:24:55,379 [fcd6b89e-16e4-41c9-a02b-be5b8824d40a@group-64FABD959392-LeaderElection7] INFO  server.RaftServer$Division (ServerState.java:setLeader(285)) - fcd6b89e-16e4-41c9-a02b-be5b8824d40a@group-64FABD959392: change Leader from 4bb1aeed-fabd-4403-b6c4-d79196e9cdee to null at term 1 for ELECTION
2021-08-11 23:24:55,382 [fcd6b89e-16e4-41c9-a02b-be5b8824d40a@group-64FABD959392-LeaderElection7] INFO  impl.LeaderElection (LeaderElection.java:askForVotes(306)) - fcd6b89e-16e4-41c9-a02b-be5b8824d40a@group-64FABD959392-LeaderElection7 ELECTION round 0: submit vote requests at term 2 for 0: [fcd6b89e-16e4-41c9-a02b-be5b8824d40a|rpc:10.1.0.25:44867|dataStream:|priority:0, 4bb1aeed-fabd-4403-b6c4-d79196e9cdee|rpc:10.1.0.25:36659|dataStream:|priority:1, 0b67ed8f-f606-4780-b5a7-a4fc9fccae6a|rpc:10.1.0.25:45237|dataStream:|priority:0], old=null
2021-08-11 23:24:55,386 [fcd6b89e-16e4-41c9-a02b-be5b8824d40a@group-64FABD959392-LeaderElection7] INFO  impl.LeaderElection (LogUtils.java:infoOrTrace(137)) - fcd6b89e-16e4-41c9-a02b-be5b8824d40a@group-64FABD959392-LeaderElection7 got exception when requesting votes: java.util.concurrent.ExecutionException: org.apache.ratis.thirdparty.io.grpc.StatusRuntimeException: UNAVAILABLE: io exception
2021-08-11 23:24:55,397 [grpc-default-executor-1] INFO  server.RaftServer$Division (RaftServerImpl.java:requestVote(1043)) - 0b67ed8f-f606-4780-b5a7-a4fc9fccae6a@group-64FABD959392: receive requestVote(ELECTION, fcd6b89e-16e4-41c9-a02b-be5b8824d40a, group-64FABD959392, 2, (t:1, i:11))
2021-08-11 23:24:55,398 [grpc-default-executor-1] INFO  impl.VoteContext (VoteContext.java:log(48)) - 0b67ed8f-f606-4780-b5a7-a4fc9fccae6a@group-64FABD959392-FOLLOWER: accept ELECTION from fcd6b89e-16e4-41c9-a02b-be5b8824d40a: our priority 0 <= candidate's priority 0
2021-08-11 23:24:55,398 [grpc-default-executor-1] INFO  server.RaftServer$Division (ServerState.java:setLeader(285)) - 0b67ed8f-f606-4780-b5a7-a4fc9fccae6a@group-64FABD959392: change Leader from 4bb1aeed-fabd-4403-b6c4-d79196e9cdee to null at term 2 for updateCurrentTerm
2021-08-11 23:24:55,398 [grpc-default-executor-1] INFO  server.RaftServer$Division (RaftServerImpl.java:setRole(285)) - 0b67ed8f-f606-4780-b5a7-a4fc9fccae6a@group-64FABD959392: changes role from  FOLLOWER to FOLLOWER at term 2 for candidate:fcd6b89e-16e4-41c9-a02b-be5b8824d40a
2021-08-11 23:24:55,398 [grpc-default-executor-1] INFO  impl.RoleInfo (RoleInfo.java:shutdownFollowerState(108)) - 0b67ed8f-f606-4780-b5a7-a4fc9fccae6a: shutdown 0b67ed8f-f606-4780-b5a7-a4fc9fccae6a@group-64FABD959392-FollowerState
2021-08-11 23:24:55,398 [grpc-default-executor-1] INFO  impl.RoleInfo (RoleInfo.java:updateAndGet(130)) - 0b67ed8f-f606-4780-b5a7-a4fc9fccae6a: start 0b67ed8f-f606-4780-b5a7-a4fc9fccae6a@group-64FABD959392-FollowerState
2021-08-11 23:24:55,398 [0b67ed8f-f606-4780-b5a7-a4fc9fccae6a@group-64FABD959392-FollowerState] INFO  impl.FollowerState (FollowerState.java:run(143)) - 0b67ed8f-f606-4780-b5a7-a4fc9fccae6a@group-64FABD959392-FollowerState was interrupted: {}
java.lang.InterruptedException: sleep interrupted
	at java.lang.Thread.sleep(Native Method)
	at java.lang.Thread.sleep(Thread.java:340)
	at java.util.concurrent.TimeUnit.sleep(TimeUnit.java:386)
	at org.apache.ratis.util.TimeDuration.sleep(TimeDuration.java:324)
	at org.apache.ratis.util.TimeDuration.sleep(TimeDuration.java:309)
	at org.apache.ratis.server.impl.FollowerState.run(FollowerState.java:118)
2021-08-11 23:24:55,401 [grpc-default-executor-1] INFO  server.RaftServer$Division (RaftServerImpl.java:requestVote(1075)) - 0b67ed8f-f606-4780-b5a7-a4fc9fccae6a@group-64FABD959392 replies to ELECTION vote request: fcd6b89e-16e4-41c9-a02b-be5b8824d40a<-0b67ed8f-f606-4780-b5a7-a4fc9fccae6a#0:OK-t2. Peer's state: 0b67ed8f-f606-4780-b5a7-a4fc9fccae6a@group-64FABD959392:t2, leader=null, voted=fcd6b89e-16e4-41c9-a02b-be5b8824d40a, raftlog=0b67ed8f-f606-4780-b5a7-a4fc9fccae6a@group-64FABD959392-SegmentedRaftLog:OPENED:c11,f11,i11, conf=0: [fcd6b89e-16e4-41c9-a02b-be5b8824d40a|rpc:10.1.0.25:44867|dataStream:|priority:0, 4bb1aeed-fabd-4403-b6c4-d79196e9cdee|rpc:10.1.0.25:36659|dataStream:|priority:1, 0b67ed8f-f606-4780-b5a7-a4fc9fccae6a|rpc:10.1.0.25:45237|dataStream:|priority:0], old=null
2021-08-11 23:24:55,403 [SCMBlockDeletingService#0] DEBUG block.SCMBlockDeletingService (SCMBlockDeletingService.java:call(133)) - Running DeletedBlockTransactionScanner
2021-08-11 23:24:55,411 [fcd6b89e-16e4-41c9-a02b-be5b8824d40a@group-64FABD959392-LeaderElection7] INFO  impl.LeaderElection (LeaderElection.java:logAndReturn(89)) - fcd6b89e-16e4-41c9-a02b-be5b8824d40a@group-64FABD959392-LeaderElection7: ELECTION PASSED received 1 response(s) and 1 exception(s):
2021-08-11 23:24:55,412 [fcd6b89e-16e4-41c9-a02b-be5b8824d40a@group-64FABD959392-LeaderElection7] INFO  impl.LeaderElection (LeaderElection.java:logAndReturn(93)) -   Response 0: fcd6b89e-16e4-41c9-a02b-be5b8824d40a<-0b67ed8f-f606-4780-b5a7-a4fc9fccae6a#0:OK-t2
2021-08-11 23:24:55,412 [fcd6b89e-16e4-41c9-a02b-be5b8824d40a@group-64FABD959392-LeaderElection7] INFO  impl.LeaderElection (LogUtils.java:infoOrTrace(137)) -   Exception 1: java.util.concurrent.ExecutionException: org.apache.ratis.thirdparty.io.grpc.StatusRuntimeException: UNAVAILABLE: io exception
2021-08-11 23:24:55,412 [fcd6b89e-16e4-41c9-a02b-be5b8824d40a@group-64FABD959392-LeaderElection7] INFO  impl.LeaderElection (LeaderElection.java:askForVotes(308)) - fcd6b89e-16e4-41c9-a02b-be5b8824d40a@group-64FABD959392-LeaderElection7 ELECTION round 0: result PASSED
2021-08-11 23:24:55,412 [fcd6b89e-16e4-41c9-a02b-be5b8824d40a@group-64FABD959392-LeaderElection7] INFO  impl.RoleInfo (RoleInfo.java:shutdownLeaderElection(121)) - fcd6b89e-16e4-41c9-a02b-be5b8824d40a: shutdown fcd6b89e-16e4-41c9-a02b-be5b8824d40a@group-64FABD959392-LeaderElection7
2021-08-11 23:24:55,412 [fcd6b89e-16e4-41c9-a02b-be5b8824d40a@group-64FABD959392-LeaderElection7] INFO  server.RaftServer$Division (RaftServerImpl.java:setRole(285)) - fcd6b89e-16e4-41c9-a02b-be5b8824d40a@group-64FABD959392: changes role from CANDIDATE to LEADER at term 2 for changeToLeader
2021-08-11 23:24:55,412 [fcd6b89e-16e4-41c9-a02b-be5b8824d40a@group-64FABD959392-LeaderElection7] INFO  ratis.XceiverServerRatis (XceiverServerRatis.java:handleLeaderChangedNotification(861)) - Leader change notification received for group: group-64FABD959392 with new leaderId: fcd6b89e-16e4-41c9-a02b-be5b8824d40a
2021-08-11 23:24:55,412 [fcd6b89e-16e4-41c9-a02b-be5b8824d40a@group-64FABD959392-LeaderElection7] INFO  server.RaftServer$Division (ServerState.java:setLeader(285)) - fcd6b89e-16e4-41c9-a02b-be5b8824d40a@group-64FABD959392: change Leader from null to fcd6b89e-16e4-41c9-a02b-be5b8824d40a at term 2 for becomeLeader, leader elected after 32ms
2021-08-11 23:24:55,412 [fcd6b89e-16e4-41c9-a02b-be5b8824d40a@group-64FABD959392-LeaderElection7] INFO  server.RaftServerConfigKeys (ConfUtils.java:logGet(44)) - raft.server.staging.catchup.gap = 1000 (default)
2021-08-11 23:24:55,412 [fcd6b89e-16e4-41c9-a02b-be5b8824d40a@group-64FABD959392-LeaderElection7] INFO  server.RaftServerConfigKeys (ConfUtils.java:logGet(44)) - raft.server.write.element-limit = 1024 (custom)
2021-08-11 23:24:55,412 [fcd6b89e-16e4-41c9-a02b-be5b8824d40a@group-64FABD959392-LeaderElection7] INFO  server.RaftServerConfigKeys (ConfUtils.java:logGet(44)) - raft.server.write.byte-limit = 1024 M (=1073741824) (custom)
2021-08-11 23:24:55,412 [fcd6b89e-16e4-41c9-a02b-be5b8824d40a@group-64FABD959392-LeaderElection7] INFO  server.RaftServerConfigKeys (ConfUtils.java:logGet(44)) - raft.server.watch.timeout = 180s (custom)
2021-08-11 23:24:55,413 [fcd6b89e-16e4-41c9-a02b-be5b8824d40a@group-64FABD959392-LeaderElection7] INFO  server.RaftServerConfigKeys (ConfUtils.java:logGet(44)) - raft.server.watch.timeout.denomination = 1s (default)
2021-08-11 23:24:55,413 [fcd6b89e-16e4-41c9-a02b-be5b8824d40a@group-64FABD959392-LeaderElection7] INFO  server.RaftServerConfigKeys (ConfUtils.java:logGet(44)) - raft.server.watch.element-limit = 65536 (default)
2021-08-11 23:24:55,413 [fcd6b89e-16e4-41c9-a02b-be5b8824d40a@group-64FABD959392-LeaderElection7] INFO  server.RaftServerConfigKeys (ConfUtils.java:logGet(44)) - raft.server.log.appender.snapshot.chunk.size.max = 16MB (=16777216) (default)
2021-08-11 23:24:55,413 [fcd6b89e-16e4-41c9-a02b-be5b8824d40a@group-64FABD959392-LeaderElection7] INFO  server.RaftServerConfigKeys (ConfUtils.java:logGet(44)) - raft.server.log.appender.buffer.byte-limit = 33554432 (custom)
2021-08-11 23:24:55,413 [fcd6b89e-16e4-41c9-a02b-be5b8824d40a@group-64FABD959392-LeaderElection7] INFO  server.RaftServerConfigKeys (ConfUtils.java:logGet(44)) - raft.server.log.appender.buffer.element-limit = 1 (custom)
2021-08-11 23:24:55,413 [fcd6b89e-16e4-41c9-a02b-be5b8824d40a@group-64FABD959392-LeaderElection7] INFO  grpc.GrpcConfigKeys (ConfUtils.java:logGet(44)) - raft.grpc.server.leader.outstanding.appends.max = 128 (default)
2021-08-11 23:24:55,413 [fcd6b89e-16e4-41c9-a02b-be5b8824d40a@group-64FABD959392-LeaderElection7] INFO  server.RaftServerConfigKeys (ConfUtils.java:logGet(44)) - raft.server.rpc.request.timeout = 60s (custom)
2021-08-11 23:24:55,413 [fcd6b89e-16e4-41c9-a02b-be5b8824d40a@group-64FABD959392-LeaderElection7] INFO  server.RaftServerConfigKeys (ConfUtils.java:logGet(44)) - raft.server.log.appender.install.snapshot.enabled = false (custom)
2021-08-11 23:24:55,414 [fcd6b89e-16e4-41c9-a02b-be5b8824d40a@group-64FABD959392-LeaderElection7] INFO  server.RaftServerConfigKeys (ConfUtils.java:logGet(44)) - raft.server.log.appender.snapshot.chunk.size.max = 16MB (=16777216) (default)
2021-08-11 23:24:55,414 [fcd6b89e-16e4-41c9-a02b-be5b8824d40a@group-64FABD959392-LeaderElection7] INFO  server.RaftServerConfigKeys (ConfUtils.java:logGet(44)) - raft.server.log.appender.buffer.byte-limit = 33554432 (custom)
2021-08-11 23:24:55,414 [fcd6b89e-16e4-41c9-a02b-be5b8824d40a@group-64FABD959392-LeaderElection7] INFO  server.RaftServerConfigKeys (ConfUtils.java:logGet(44)) - raft.server.log.appender.buffer.element-limit = 1 (custom)
2021-08-11 23:24:55,414 [fcd6b89e-16e4-41c9-a02b-be5b8824d40a@group-64FABD959392-LeaderElection7] INFO  grpc.GrpcConfigKeys (ConfUtils.java:logGet(44)) - raft.grpc.server.leader.outstanding.appends.max = 128 (default)
2021-08-11 23:24:55,414 [fcd6b89e-16e4-41c9-a02b-be5b8824d40a@group-64FABD959392-LeaderElection7] INFO  server.RaftServerConfigKeys (ConfUtils.java:logGet(44)) - raft.server.rpc.request.timeout = 60s (custom)
2021-08-11 23:24:55,414 [fcd6b89e-16e4-41c9-a02b-be5b8824d40a@group-64FABD959392-LeaderElection7] INFO  server.RaftServerConfigKeys (ConfUtils.java:logGet(44)) - raft.server.log.appender.install.snapshot.enabled = false (custom)
2021-08-11 23:24:55,414 [fcd6b89e-16e4-41c9-a02b-be5b8824d40a@group-64FABD959392-LeaderElection7] INFO  impl.RoleInfo (RoleInfo.java:updateAndGet(130)) - fcd6b89e-16e4-41c9-a02b-be5b8824d40a: start fcd6b89e-16e4-41c9-a02b-be5b8824d40a@group-64FABD959392-LeaderStateImpl
2021-08-11 23:24:55,415 [fcd6b89e-16e4-41c9-a02b-be5b8824d40a@group-64FABD959392-LeaderElection7] INFO  segmented.SegmentedRaftLogWorker (SegmentedRaftLogWorker.java:rollLogSegment(399)) - fcd6b89e-16e4-41c9-a02b-be5b8824d40a@group-64FABD959392-SegmentedRaftLogWorker: Rolling segment log-0_11 to index:11
2021-08-11 23:24:55,416 [fcd6b89e-16e4-41c9-a02b-be5b8824d40a@group-64FABD959392-SegmentedRaftLogWorker] INFO  segmented.SegmentedRaftLogWorker (SegmentedRaftLogWorker.java:execute(558)) - fcd6b89e-16e4-41c9-a02b-be5b8824d40a@group-64FABD959392-SegmentedRaftLogWorker: Rolled log segment from /home/runner/work/ozone/ozone/hadoop-ozone/integration-test/target/test-dir/MiniOzoneClusterImpl-4315cdcd-d3fc-449b-ab87-b0d46a3c32e7/datanode-2/data/ratis/6255beb7-01b8-45cb-b037-64fabd959392/current/log_inprogress_0 to /home/runner/work/ozone/ozone/hadoop-ozone/integration-test/target/test-dir/MiniOzoneClusterImpl-4315cdcd-d3fc-449b-ab87-b0d46a3c32e7/datanode-2/data/ratis/6255beb7-01b8-45cb-b037-64fabd959392/current/log_0-11
2021-08-11 23:24:55,416 [fcd6b89e-16e4-41c9-a02b-be5b8824d40a@group-64FABD959392-LeaderElection7] INFO  server.RaftServer$Division (ServerState.java:setRaftConf(387)) - fcd6b89e-16e4-41c9-a02b-be5b8824d40a@group-64FABD959392: set configuration 12: [fcd6b89e-16e4-41c9-a02b-be5b8824d40a|rpc:10.1.0.25:44867|dataStream:|priority:0, 4bb1aeed-fabd-4403-b6c4-d79196e9cdee|rpc:10.1.0.25:36659|dataStream:|priority:1, 0b67ed8f-f606-4780-b5a7-a4fc9fccae6a|rpc:10.1.0.25:45237|dataStream:|priority:0], old=null
2021-08-11 23:24:55,416 [Datanode State Machine Thread - 0] WARN  statemachine.StateContext (StateContext.java:execute(621)) - No available thread in pool for past 0 seconds.
2021-08-11 23:24:55,424 [fcd6b89e-16e4-41c9-a02b-be5b8824d40a@group-64FABD959392-SegmentedRaftLogWorker] INFO  segmented.SegmentedRaftLogWorker (SegmentedRaftLogWorker.java:execute(601)) - fcd6b89e-16e4-41c9-a02b-be5b8824d40a@group-64FABD959392-SegmentedRaftLogWorker: created new log segment /home/runner/work/ozone/ozone/hadoop-ozone/integration-test/target/test-dir/MiniOzoneClusterImpl-4315cdcd-d3fc-449b-ab87-b0d46a3c32e7/datanode-2/data/ratis/6255beb7-01b8-45cb-b037-64fabd959392/current/log_inprogress_12
2021-08-11 23:24:55,425 [grpc-default-executor-1] WARN  server.GrpcLogAppender (LogUtils.java:warn(122)) - fcd6b89e-16e4-41c9-a02b-be5b8824d40a@group-64FABD959392->4bb1aeed-fabd-4403-b6c4-d79196e9cdee-AppendLogResponseHandler: Failed appendEntries: org.apache.ratis.thirdparty.io.grpc.StatusRuntimeException: UNAVAILABLE: io exception
2021-08-11 23:24:55,426 [grpc-default-executor-1] WARN  server.GrpcLogAppender (GrpcLogAppender.java:resetClient(111)) - fcd6b89e-16e4-41c9-a02b-be5b8824d40a@group-64FABD959392->4bb1aeed-fabd-4403-b6c4-d79196e9cdee-GrpcLogAppender: Leader has not got in touch with Follower fcd6b89e-16e4-41c9-a02b-be5b8824d40a@group-64FABD959392->4bb1aeed-fabd-4403-b6c4-d79196e9cdee(c-1,m0,n13, attendVote=true, lastRpcSendTime=9, lastRpcResponseTime=5212) yet, just keep nextIndex unchanged and retry.
2021-08-11 23:24:55,434 [grpc-default-executor-1] INFO  ratis.XceiverServerRatis (XceiverServerRatis.java:handleLeaderChangedNotification(861)) - Leader change notification received for group: group-64FABD959392 with new leaderId: fcd6b89e-16e4-41c9-a02b-be5b8824d40a
2021-08-11 23:24:55,434 [grpc-default-executor-1] INFO  server.RaftServer$Division (ServerState.java:setLeader(285)) - 0b67ed8f-f606-4780-b5a7-a4fc9fccae6a@group-64FABD959392: change Leader from null to fcd6b89e-16e4-41c9-a02b-be5b8824d40a at term 2 for appendEntries, leader elected after 36ms
2021-08-11 23:24:55,444 [grpc-default-executor-1] INFO  server.RaftServer$Division (ServerState.java:setRaftConf(387)) - 0b67ed8f-f606-4780-b5a7-a4fc9fccae6a@group-64FABD959392: set configuration 12: [fcd6b89e-16e4-41c9-a02b-be5b8824d40a|rpc:10.1.0.25:44867|dataStream:|priority:0, 4bb1aeed-fabd-4403-b6c4-d79196e9cdee|rpc:10.1.0.25:36659|dataStream:|priority:1, 0b67ed8f-f606-4780-b5a7-a4fc9fccae6a|rpc:10.1.0.25:45237|dataStream:|priority:0], old=null
2021-08-11 23:24:55,445 [grpc-default-executor-1] INFO  segmented.SegmentedRaftLogWorker (SegmentedRaftLogWorker.java:rollLogSegment(399)) - 0b67ed8f-f606-4780-b5a7-a4fc9fccae6a@group-64FABD959392-SegmentedRaftLogWorker: Rolling segment log-0_11 to index:11
2021-08-11 23:24:55,445 [0b67ed8f-f606-4780-b5a7-a4fc9fccae6a@group-64FABD959392-SegmentedRaftLogWorker] INFO  segmented.SegmentedRaftLogWorker (SegmentedRaftLogWorker.java:execute(558)) - 0b67ed8f-f606-4780-b5a7-a4fc9fccae6a@group-64FABD959392-SegmentedRaftLogWorker: Rolled log segment from /home/runner/work/ozone/ozone/hadoop-ozone/integration-test/target/test-dir/MiniOzoneClusterImpl-4315cdcd-d3fc-449b-ab87-b0d46a3c32e7/datanode-1/data/ratis/6255beb7-01b8-45cb-b037-64fabd959392/current/log_inprogress_0 to /home/runner/work/ozone/ozone/hadoop-ozone/integration-test/target/test-dir/MiniOzoneClusterImpl-4315cdcd-d3fc-449b-ab87-b0d46a3c32e7/datanode-1/data/ratis/6255beb7-01b8-45cb-b037-64fabd959392/current/log_0-11
2021-08-11 23:24:55,448 [0b67ed8f-f606-4780-b5a7-a4fc9fccae6a@group-64FABD959392-SegmentedRaftLogWorker] INFO  segmented.SegmentedRaftLogWorker (SegmentedRaftLogWorker.java:execute(601)) - 0b67ed8f-f606-4780-b5a7-a4fc9fccae6a@group-64FABD959392-SegmentedRaftLogWorker: created new log segment /home/runner/work/ozone/ozone/hadoop-ozone/integration-test/target/test-dir/MiniOzoneClusterImpl-4315cdcd-d3fc-449b-ab87-b0d46a3c32e7/datanode-1/data/ratis/6255beb7-01b8-45cb-b037-64fabd959392/current/log_inprogress_12
2021-08-11 23:24:55,477 [grpc-default-executor-1] WARN  server.GrpcLogAppender (LogUtils.java:warn(122)) - fcd6b89e-16e4-41c9-a02b-be5b8824d40a@group-64FABD959392->4bb1aeed-fabd-4403-b6c4-d79196e9cdee-AppendLogResponseHandler: Failed appendEntries: org.apache.ratis.thirdparty.io.grpc.StatusRuntimeException: UNAVAILABLE: io exception
2021-08-11 23:24:55,484 [grpc-default-executor-1] WARN  server.GrpcLogAppender (GrpcLogAppender.java:resetClient(111)) - fcd6b89e-16e4-41c9-a02b-be5b8824d40a@group-64FABD959392->4bb1aeed-fabd-4403-b6c4-d79196e9cdee-GrpcLogAppender: Leader has not got in touch with Follower fcd6b89e-16e4-41c9-a02b-be5b8824d40a@group-64FABD959392->4bb1aeed-fabd-4403-b6c4-d79196e9cdee(c-1,m0,n14, attendVote=true, lastRpcSendTime=7, lastRpcResponseTime=5271) yet, just keep nextIndex unchanged and retry.
2021-08-11 23:24:55,503 [SCMBlockDeletingService#0] DEBUG block.SCMBlockDeletingService (SCMBlockDeletingService.java:call(133)) - Running DeletedBlockTransactionScanner
2021-08-11 23:24:55,553 [Listener at 127.0.0.1/35819] INFO  ozone.MiniOzoneClusterImpl (MiniOzoneClusterImpl.java:lambda$waitForClusterToBeReady$0(235)) - Waiting for nodes to be ready. Got 2 of 3 DN Heartbeats.
2021-08-11 23:24:55,553 [Listener at 127.0.0.1/35819] INFO  ozone.MiniOzoneClusterImpl (MiniOzoneClusterImpl.java:lambda$waitForClusterToBeReady$0(238)) - Cluster exits safe mode
2021-08-11 23:24:55,553 [Listener at 127.0.0.1/35819] INFO  ozone.MiniOzoneClusterImpl (MiniOzoneClusterImpl.java:lambda$waitForClusterToBeReady$0(240)) - SCM became leader
2021-08-11 23:24:55,603 [SCMBlockDeletingService#0] DEBUG block.SCMBlockDeletingService (SCMBlockDeletingService.java:call(133)) - Running DeletedBlockTransactionScanner
2021-08-11 23:24:55,703 [SCMBlockDeletingService#0] DEBUG block.SCMBlockDeletingService (SCMBlockDeletingService.java:call(133)) - Running DeletedBlockTransactionScanner
2021-08-11 23:24:55,803 [SCMBlockDeletingService#0] DEBUG block.SCMBlockDeletingService (SCMBlockDeletingService.java:call(133)) - Running DeletedBlockTransactionScanner
2021-08-11 23:24:55,903 [SCMBlockDeletingService#0] DEBUG block.SCMBlockDeletingService (SCMBlockDeletingService.java:call(133)) - Running DeletedBlockTransactionScanner
2021-08-11 23:24:56,004 [SCMBlockDeletingService#0] DEBUG block.SCMBlockDeletingService (SCMBlockDeletingService.java:call(133)) - Running DeletedBlockTransactionScanner
2021-08-11 23:24:56,104 [SCMBlockDeletingService#0] DEBUG block.SCMBlockDeletingService (SCMBlockDeletingService.java:call(133)) - Running DeletedBlockTransactionScanner
2021-08-11 23:24:56,208 [SCMBlockDeletingService#0] DEBUG block.SCMBlockDeletingService (SCMBlockDeletingService.java:call(133)) - Running DeletedBlockTransactionScanner
2021-08-11 23:24:56,308 [SCMBlockDeletingService#0] DEBUG block.SCMBlockDeletingService (SCMBlockDeletingService.java:call(133)) - Running DeletedBlockTransactionScanner
2021-08-11 23:24:56,408 [SCMBlockDeletingService#0] DEBUG block.SCMBlockDeletingService (SCMBlockDeletingService.java:call(133)) - Running DeletedBlockTransactionScanner
2021-08-11 23:24:56,508 [SCMBlockDeletingService#0] DEBUG block.SCMBlockDeletingService (SCMBlockDeletingService.java:call(133)) - Running DeletedBlockTransactionScanner
2021-08-11 23:24:56,553 [Listener at 127.0.0.1/35819] INFO  ozone.MiniOzoneClusterImpl (MiniOzoneClusterImpl.java:lambda$waitForClusterToBeReady$0(235)) - Waiting for nodes to be ready. Got 2 of 3 DN Heartbeats.
2021-08-11 23:24:56,553 [Listener at 127.0.0.1/35819] INFO  ozone.MiniOzoneClusterImpl (MiniOzoneClusterImpl.java:lambda$waitForClusterToBeReady$0(238)) - Cluster exits safe mode
2021-08-11 23:24:56,553 [Listener at 127.0.0.1/35819] INFO  ozone.MiniOzoneClusterImpl (MiniOzoneClusterImpl.java:lambda$waitForClusterToBeReady$0(240)) - SCM became leader
2021-08-11 23:24:56,608 [SCMBlockDeletingService#0] DEBUG block.SCMBlockDeletingService (SCMBlockDeletingService.java:call(133)) - Running DeletedBlockTransactionScanner
2021-08-11 23:24:56,646 [EndpointStateMachine task thread for /0.0.0.0:46673 - 0 ] INFO  ozoneimpl.OzoneContainer (OzoneContainer.java:start(305)) - Attempting to start container services.
2021-08-11 23:24:56,647 [EndpointStateMachine task thread for /0.0.0.0:46673 - 0 ] INFO  ozoneimpl.OzoneContainer (OzoneContainer.java:startContainerScrub(250)) - Background container scanner has been disabled.
2021-08-11 23:24:56,660 [EndpointStateMachine task thread for /0.0.0.0:46673 - 0 ] INFO  replication.ReplicationServer (ReplicationServer.java:start(106)) - ReplicationServer is started using port 43255
2021-08-11 23:24:56,660 [EndpointStateMachine task thread for /0.0.0.0:46673 - 0 ] INFO  ratis.XceiverServerRatis (XceiverServerRatis.java:start(482)) - Starting XceiverServerRatis 4bb1aeed-fabd-4403-b6c4-d79196e9cdee
2021-08-11 23:24:56,677 [EndpointStateMachine task thread for /0.0.0.0:46673 - 0 ] INFO  server.RaftServer$Division (RaftServerImpl.java:start(296)) - 4bb1aeed-fabd-4403-b6c4-d79196e9cdee@group-64FABD959392: start as a follower, conf=0: [fcd6b89e-16e4-41c9-a02b-be5b8824d40a|rpc:10.1.0.25:44867|dataStream:|priority:0, 4bb1aeed-fabd-4403-b6c4-d79196e9cdee|rpc:10.1.0.25:36659|dataStream:|priority:1, 0b67ed8f-f606-4780-b5a7-a4fc9fccae6a|rpc:10.1.0.25:45237|dataStream:|priority:0], old=null
2021-08-11 23:24:56,677 [EndpointStateMachine task thread for /0.0.0.0:46673 - 0 ] INFO  server.RaftServer$Division (RaftServerImpl.java:setRole(285)) - 4bb1aeed-fabd-4403-b6c4-d79196e9cdee@group-64FABD959392: changes role from      null to FOLLOWER at term 1 for startAsFollower
2021-08-11 23:24:56,677 [EndpointStateMachine task thread for /0.0.0.0:46673 - 0 ] INFO  impl.RoleInfo (RoleInfo.java:updateAndGet(130)) - 4bb1aeed-fabd-4403-b6c4-d79196e9cdee: start 4bb1aeed-fabd-4403-b6c4-d79196e9cdee@group-64FABD959392-FollowerState
2021-08-11 23:24:56,678 [EndpointStateMachine task thread for /0.0.0.0:46673 - 0 ] INFO  util.JmxRegister (JmxRegister.java:tryRegister(44)) - Successfully registered JMX Bean with object name Ratis:service=RaftServer,group=group-64FABD959392,id=4bb1aeed-fabd-4403-b6c4-d79196e9cdee
2021-08-11 23:24:56,680 [EndpointStateMachine task thread for /0.0.0.0:46673 - 0 ] INFO  server.RaftServer (RaftServerProxy.java:lambda$start$5(374)) - 4bb1aeed-fabd-4403-b6c4-d79196e9cdee: start RPC server
2021-08-11 23:24:56,688 [EndpointStateMachine task thread for /0.0.0.0:46673 - 0 ] INFO  server.GrpcService (GrpcService.java:startImpl(253)) - 4bb1aeed-fabd-4403-b6c4-d79196e9cdee: GrpcService started, listening on 36659
2021-08-11 23:24:56,692 [EndpointStateMachine task thread for /0.0.0.0:46673 - 0 ] INFO  ratis.XceiverServerRatis (XceiverServerRatis.java:getRealPort(503)) - XceiverServerRatis 4bb1aeed-fabd-4403-b6c4-d79196e9cdee is started using port 36659 for RATIS
2021-08-11 23:24:56,692 [EndpointStateMachine task thread for /0.0.0.0:46673 - 0 ] INFO  ratis.XceiverServerRatis (XceiverServerRatis.java:getRealPort(503)) - XceiverServerRatis 4bb1aeed-fabd-4403-b6c4-d79196e9cdee is started using port 36659 for RATIS_ADMIN
2021-08-11 23:24:56,692 [EndpointStateMachine task thread for /0.0.0.0:46673 - 0 ] INFO  ratis.XceiverServerRatis (XceiverServerRatis.java:getRealPort(503)) - XceiverServerRatis 4bb1aeed-fabd-4403-b6c4-d79196e9cdee is started using port 36659 for RATIS_SERVER
2021-08-11 23:24:56,704 [org.apache.ratis.util.JvmPauseMonitor$$Lambda$531/740858526@2a78a943] INFO  util.JvmPauseMonitor (JvmPauseMonitor.java:run(103)) - JvmPauseMonitor-4bb1aeed-fabd-4403-b6c4-d79196e9cdee: Started
2021-08-11 23:24:56,708 [SCMBlockDeletingService#0] DEBUG block.SCMBlockDeletingService (SCMBlockDeletingService.java:call(133)) - Running DeletedBlockTransactionScanner
2021-08-11 23:24:56,808 [SCMBlockDeletingService#0] DEBUG block.SCMBlockDeletingService (SCMBlockDeletingService.java:call(133)) - Running DeletedBlockTransactionScanner
2021-08-11 23:24:56,908 [SCMBlockDeletingService#0] DEBUG block.SCMBlockDeletingService (SCMBlockDeletingService.java:call(133)) - Running DeletedBlockTransactionScanner
2021-08-11 23:24:57,008 [SCMBlockDeletingService#0] DEBUG block.SCMBlockDeletingService (SCMBlockDeletingService.java:call(133)) - Running DeletedBlockTransactionScanner
2021-08-11 23:24:57,108 [SCMBlockDeletingService#0] DEBUG block.SCMBlockDeletingService (SCMBlockDeletingService.java:call(133)) - Running DeletedBlockTransactionScanner
2021-08-11 23:24:57,208 [SCMBlockDeletingService#0] DEBUG block.SCMBlockDeletingService (SCMBlockDeletingService.java:call(133)) - Running DeletedBlockTransactionScanner
2021-08-11 23:24:57,308 [SCMBlockDeletingService#0] DEBUG block.SCMBlockDeletingService (SCMBlockDeletingService.java:call(133)) - Running DeletedBlockTransactionScanner
2021-08-11 23:24:57,408 [SCMBlockDeletingService#0] DEBUG block.SCMBlockDeletingService (SCMBlockDeletingService.java:call(133)) - Running DeletedBlockTransactionScanner
2021-08-11 23:24:57,509 [SCMBlockDeletingService#0] DEBUG block.SCMBlockDeletingService (SCMBlockDeletingService.java:call(133)) - Running DeletedBlockTransactionScanner
2021-08-11 23:24:57,553 [Listener at 127.0.0.1/35819] INFO  ozone.MiniOzoneClusterImpl (MiniOzoneClusterImpl.java:lambda$waitForClusterToBeReady$0(235)) - Waiting for nodes to be ready. Got 2 of 3 DN Heartbeats.
2021-08-11 23:24:57,554 [Listener at 127.0.0.1/35819] INFO  ozone.MiniOzoneClusterImpl (MiniOzoneClusterImpl.java:lambda$waitForClusterToBeReady$0(238)) - Cluster exits safe mode
2021-08-11 23:24:57,554 [Listener at 127.0.0.1/35819] INFO  ozone.MiniOzoneClusterImpl (MiniOzoneClusterImpl.java:lambda$waitForClusterToBeReady$0(240)) - SCM became leader
2021-08-11 23:24:57,609 [SCMBlockDeletingService#0] DEBUG block.SCMBlockDeletingService (SCMBlockDeletingService.java:call(133)) - Running DeletedBlockTransactionScanner
2021-08-11 23:24:57,709 [SCMBlockDeletingService#0] DEBUG block.SCMBlockDeletingService (SCMBlockDeletingService.java:call(133)) - Running DeletedBlockTransactionScanner
2021-08-11 23:24:57,809 [SCMBlockDeletingService#0] DEBUG block.SCMBlockDeletingService (SCMBlockDeletingService.java:call(133)) - Running DeletedBlockTransactionScanner
2021-08-11 23:24:57,909 [SCMBlockDeletingService#0] DEBUG block.SCMBlockDeletingService (SCMBlockDeletingService.java:call(133)) - Running DeletedBlockTransactionScanner
2021-08-11 23:24:57,977 [grpc-default-executor-1] WARN  server.GrpcLogAppender (LogUtils.java:warn(122)) - fcd6b89e-16e4-41c9-a02b-be5b8824d40a@group-64FABD959392->4bb1aeed-fabd-4403-b6c4-d79196e9cdee-AppendLogResponseHandler: Failed appendEntries: org.apache.ratis.thirdparty.io.grpc.StatusRuntimeException: UNAVAILABLE: io exception
2021-08-11 23:24:57,978 [grpc-default-executor-1] WARN  server.GrpcLogAppender (GrpcLogAppender.java:resetClient(111)) - fcd6b89e-16e4-41c9-a02b-be5b8824d40a@group-64FABD959392->4bb1aeed-fabd-4403-b6c4-d79196e9cdee-GrpcLogAppender: Leader has not got in touch with Follower fcd6b89e-16e4-41c9-a02b-be5b8824d40a@group-64FABD959392->4bb1aeed-fabd-4403-b6c4-d79196e9cdee(c-1,m0,n14, attendVote=true, lastRpcSendTime=2501, lastRpcResponseTime=7765) yet, just keep nextIndex unchanged and retry.
2021-08-11 23:24:58,009 [SCMBlockDeletingService#0] DEBUG block.SCMBlockDeletingService (SCMBlockDeletingService.java:call(133)) - Running DeletedBlockTransactionScanner
2021-08-11 23:24:58,109 [SCMBlockDeletingService#0] DEBUG block.SCMBlockDeletingService (SCMBlockDeletingService.java:call(133)) - Running DeletedBlockTransactionScanner
2021-08-11 23:24:58,209 [SCMBlockDeletingService#0] DEBUG block.SCMBlockDeletingService (SCMBlockDeletingService.java:call(133)) - Running DeletedBlockTransactionScanner
2021-08-11 23:24:58,309 [SCMBlockDeletingService#0] DEBUG block.SCMBlockDeletingService (SCMBlockDeletingService.java:call(133)) - Running DeletedBlockTransactionScanner
2021-08-11 23:24:58,409 [SCMBlockDeletingService#0] DEBUG block.SCMBlockDeletingService (SCMBlockDeletingService.java:call(133)) - Running DeletedBlockTransactionScanner
2021-08-11 23:24:58,509 [SCMBlockDeletingService#0] DEBUG block.SCMBlockDeletingService (SCMBlockDeletingService.java:call(133)) - Running DeletedBlockTransactionScanner
2021-08-11 23:24:58,554 [Listener at 127.0.0.1/35819] INFO  ozone.MiniOzoneClusterImpl (MiniOzoneClusterImpl.java:lambda$waitForClusterToBeReady$0(235)) - Waiting for nodes to be ready. Got 2 of 3 DN Heartbeats.
2021-08-11 23:24:58,554 [Listener at 127.0.0.1/35819] INFO  ozone.MiniOzoneClusterImpl (MiniOzoneClusterImpl.java:lambda$waitForClusterToBeReady$0(238)) - Cluster exits safe mode
2021-08-11 23:24:58,554 [Listener at 127.0.0.1/35819] INFO  ozone.MiniOzoneClusterImpl (MiniOzoneClusterImpl.java:lambda$waitForClusterToBeReady$0(240)) - SCM became leader
2021-08-11 23:24:58,610 [SCMBlockDeletingService#0] DEBUG block.SCMBlockDeletingService (SCMBlockDeletingService.java:call(133)) - Running DeletedBlockTransactionScanner
2021-08-11 23:24:58,710 [SCMBlockDeletingService#0] DEBUG block.SCMBlockDeletingService (SCMBlockDeletingService.java:call(133)) - Running DeletedBlockTransactionScanner
2021-08-11 23:24:58,810 [SCMBlockDeletingService#0] DEBUG block.SCMBlockDeletingService (SCMBlockDeletingService.java:call(133)) - Running DeletedBlockTransactionScanner
2021-08-11 23:24:58,910 [SCMBlockDeletingService#0] DEBUG block.SCMBlockDeletingService (SCMBlockDeletingService.java:call(133)) - Running DeletedBlockTransactionScanner
2021-08-11 23:24:59,010 [SCMBlockDeletingService#0] DEBUG block.SCMBlockDeletingService (SCMBlockDeletingService.java:call(133)) - Running DeletedBlockTransactionScanner
2021-08-11 23:24:59,110 [SCMBlockDeletingService#0] DEBUG block.SCMBlockDeletingService (SCMBlockDeletingService.java:call(133)) - Running DeletedBlockTransactionScanner
2021-08-11 23:24:59,210 [SCMBlockDeletingService#0] DEBUG block.SCMBlockDeletingService (SCMBlockDeletingService.java:call(133)) - Running DeletedBlockTransactionScanner
2021-08-11 23:24:59,310 [SCMBlockDeletingService#0] DEBUG block.SCMBlockDeletingService (SCMBlockDeletingService.java:call(133)) - Running DeletedBlockTransactionScanner
2021-08-11 23:24:59,410 [SCMBlockDeletingService#0] DEBUG block.SCMBlockDeletingService (SCMBlockDeletingService.java:call(133)) - Running DeletedBlockTransactionScanner
2021-08-11 23:24:59,510 [SCMBlockDeletingService#0] DEBUG block.SCMBlockDeletingService (SCMBlockDeletingService.java:call(133)) - Running DeletedBlockTransactionScanner
2021-08-11 23:24:59,554 [Listener at 127.0.0.1/35819] INFO  ozone.MiniOzoneClusterImpl (MiniOzoneClusterImpl.java:lambda$waitForClusterToBeReady$0(235)) - Waiting for nodes to be ready. Got 2 of 3 DN Heartbeats.
2021-08-11 23:24:59,554 [Listener at 127.0.0.1/35819] INFO  ozone.MiniOzoneClusterImpl (MiniOzoneClusterImpl.java:lambda$waitForClusterToBeReady$0(238)) - Cluster exits safe mode
2021-08-11 23:24:59,555 [Listener at 127.0.0.1/35819] INFO  ozone.MiniOzoneClusterImpl (MiniOzoneClusterImpl.java:lambda$waitForClusterToBeReady$0(240)) - SCM became leader
2021-08-11 23:24:59,610 [SCMBlockDeletingService#0] DEBUG block.SCMBlockDeletingService (SCMBlockDeletingService.java:call(133)) - Running DeletedBlockTransactionScanner
2021-08-11 23:24:59,710 [SCMBlockDeletingService#0] DEBUG block.SCMBlockDeletingService (SCMBlockDeletingService.java:call(133)) - Running DeletedBlockTransactionScanner
2021-08-11 23:24:59,810 [SCMBlockDeletingService#0] DEBUG block.SCMBlockDeletingService (SCMBlockDeletingService.java:call(133)) - Running DeletedBlockTransactionScanner
2021-08-11 23:24:59,911 [SCMBlockDeletingService#0] DEBUG block.SCMBlockDeletingService (SCMBlockDeletingService.java:call(133)) - Running DeletedBlockTransactionScanner
2021-08-11 23:25:00,011 [SCMBlockDeletingService#0] DEBUG block.SCMBlockDeletingService (SCMBlockDeletingService.java:call(133)) - Running DeletedBlockTransactionScanner
2021-08-11 23:25:00,111 [SCMBlockDeletingService#0] DEBUG block.SCMBlockDeletingService (SCMBlockDeletingService.java:call(133)) - Running DeletedBlockTransactionScanner
2021-08-11 23:25:00,211 [SCMBlockDeletingService#0] DEBUG block.SCMBlockDeletingService (SCMBlockDeletingService.java:call(133)) - Running DeletedBlockTransactionScanner
2021-08-11 23:25:00,311 [SCMBlockDeletingService#0] DEBUG block.SCMBlockDeletingService (SCMBlockDeletingService.java:call(133)) - Running DeletedBlockTransactionScanner
2021-08-11 23:25:00,411 [SCMBlockDeletingService#0] DEBUG block.SCMBlockDeletingService (SCMBlockDeletingService.java:call(133)) - Running DeletedBlockTransactionScanner
2021-08-11 23:25:00,488 [grpc-default-executor-0] INFO  ratis.XceiverServerRatis (XceiverServerRatis.java:handleLeaderChangedNotification(861)) - Leader change notification received for group: group-64FABD959392 with new leaderId: fcd6b89e-16e4-41c9-a02b-be5b8824d40a
2021-08-11 23:25:00,489 [grpc-default-executor-0] INFO  server.RaftServer$Division (ServerState.java:setLeader(285)) - 4bb1aeed-fabd-4403-b6c4-d79196e9cdee@group-64FABD959392: change Leader from null to fcd6b89e-16e4-41c9-a02b-be5b8824d40a at term 2 for appendEntries, leader elected after 6027ms
2021-08-11 23:25:00,489 [grpc-default-executor-0] INFO  server.RaftServer$Division (RaftServerImpl.java:checkInconsistentAppendEntries(1319)) - 4bb1aeed-fabd-4403-b6c4-d79196e9cdee@group-64FABD959392: Failed appendEntries as previous log entry ((t:2, i:13)) is not found
2021-08-11 23:25:00,489 [grpc-default-executor-0] INFO  server.RaftServer$Division (RaftServerImpl.java:checkInconsistentAppendEntries(1285)) - 4bb1aeed-fabd-4403-b6c4-d79196e9cdee@group-64FABD959392: inconsistency entries. Reply:fcd6b89e-16e4-41c9-a02b-be5b8824d40a<-4bb1aeed-fabd-4403-b6c4-d79196e9cdee#15116407:FAIL-t1,INCONSISTENCY,nextIndex=12,followerCommit=11
2021-08-11 23:25:00,490 [grpc-default-executor-0] INFO  leader.FollowerInfo (FollowerInfoImpl.java:lambda$new$0(46)) - fcd6b89e-16e4-41c9-a02b-be5b8824d40a@group-64FABD959392->4bb1aeed-fabd-4403-b6c4-d79196e9cdee: nextIndex: updateUnconditionally 14 -> 12
2021-08-11 23:25:00,499 [grpc-default-executor-0] INFO  server.RaftServer$Division (ServerState.java:setRaftConf(387)) - 4bb1aeed-fabd-4403-b6c4-d79196e9cdee@group-64FABD959392: set configuration 12: [fcd6b89e-16e4-41c9-a02b-be5b8824d40a|rpc:10.1.0.25:44867|dataStream:|priority:0, 4bb1aeed-fabd-4403-b6c4-d79196e9cdee|rpc:10.1.0.25:36659|dataStream:|priority:1, 0b67ed8f-f606-4780-b5a7-a4fc9fccae6a|rpc:10.1.0.25:45237|dataStream:|priority:0], old=null
2021-08-11 23:25:00,500 [grpc-default-executor-0] INFO  segmented.SegmentedRaftLogWorker (SegmentedRaftLogWorker.java:rollLogSegment(399)) - 4bb1aeed-fabd-4403-b6c4-d79196e9cdee@group-64FABD959392-SegmentedRaftLogWorker: Rolling segment log-0_11 to index:11
2021-08-11 23:25:00,501 [4bb1aeed-fabd-4403-b6c4-d79196e9cdee@group-64FABD959392-SegmentedRaftLogWorker] INFO  segmented.SegmentedRaftLogWorker (SegmentedRaftLogWorker.java:execute(558)) - 4bb1aeed-fabd-4403-b6c4-d79196e9cdee@group-64FABD959392-SegmentedRaftLogWorker: Rolled log segment from /home/runner/work/ozone/ozone/hadoop-ozone/integration-test/target/test-dir/MiniOzoneClusterImpl-4315cdcd-d3fc-449b-ab87-b0d46a3c32e7/datanode-0/data/ratis/6255beb7-01b8-45cb-b037-64fabd959392/current/log_inprogress_0 to /home/runner/work/ozone/ozone/hadoop-ozone/integration-test/target/test-dir/MiniOzoneClusterImpl-4315cdcd-d3fc-449b-ab87-b0d46a3c32e7/datanode-0/data/ratis/6255beb7-01b8-45cb-b037-64fabd959392/current/log_0-11
2021-08-11 23:25:00,504 [4bb1aeed-fabd-4403-b6c4-d79196e9cdee@group-64FABD959392-SegmentedRaftLogWorker] INFO  segmented.SegmentedRaftLogWorker (SegmentedRaftLogWorker.java:execute(601)) - 4bb1aeed-fabd-4403-b6c4-d79196e9cdee@group-64FABD959392-SegmentedRaftLogWorker: created new log segment /home/runner/work/ozone/ozone/hadoop-ozone/integration-test/target/test-dir/MiniOzoneClusterImpl-4315cdcd-d3fc-449b-ab87-b0d46a3c32e7/datanode-0/data/ratis/6255beb7-01b8-45cb-b037-64fabd959392/current/log_inprogress_12
2021-08-11 23:25:00,511 [SCMBlockDeletingService#0] DEBUG block.SCMBlockDeletingService (SCMBlockDeletingService.java:call(133)) - Running DeletedBlockTransactionScanner
2021-08-11 23:25:00,555 [Listener at 127.0.0.1/35819] INFO  ozone.MiniOzoneClusterImpl (MiniOzoneClusterImpl.java:lambda$waitForClusterToBeReady$0(235)) - Waiting for nodes to be ready. Got 2 of 3 DN Heartbeats.
2021-08-11 23:25:00,555 [Listener at 127.0.0.1/35819] INFO  ozone.MiniOzoneClusterImpl (MiniOzoneClusterImpl.java:lambda$waitForClusterToBeReady$0(238)) - Cluster exits safe mode
2021-08-11 23:25:00,555 [Listener at 127.0.0.1/35819] INFO  ozone.MiniOzoneClusterImpl (MiniOzoneClusterImpl.java:lambda$waitForClusterToBeReady$0(240)) - SCM became leader
2021-08-11 23:25:00,611 [SCMBlockDeletingService#0] DEBUG block.SCMBlockDeletingService (SCMBlockDeletingService.java:call(133)) - Running DeletedBlockTransactionScanner
2021-08-11 23:25:00,711 [SCMBlockDeletingService#0] DEBUG block.SCMBlockDeletingService (SCMBlockDeletingService.java:call(133)) - Running DeletedBlockTransactionScanner
2021-08-11 23:25:00,733 [EventQueue-HealthyReadonlyNodeForHealthyReadOnlyNodeHandler] INFO  node.HealthyReadOnlyNodeHandler (HealthyReadOnlyNodeHandler.java:onMessage(56)) - Datanode 4bb1aeed-fabd-4403-b6c4-d79196e9cdee{ip: 10.1.0.25, host: fv-az12-896.exdb2aeach2ezidoxz41lk3bwg.cx.internal.cloudapp.net, ports: [REPLICATION=34751, RATIS=36659, RATIS_ADMIN=36659, RATIS_SERVER=36659, STANDALONE=34429], networkLocation: /default-rack, certSerialId: null, persistedOpState: IN_SERVICE, persistedOpStateExpiryEpochSec: 0} moved to HEALTHY READONLY state.
2021-08-11 23:25:00,736 [EventQueue-HealthyReadonlyNodeForHealthyReadOnlyNodeHandler] INFO  node.HealthyReadOnlyNodeHandler (HealthyReadOnlyNodeHandler.java:onMessage(60)) - Closing pipeline PipelineID=6255beb7-01b8-45cb-b037-64fabd959392 which uses HEALTHY READONLY datanode 4bb1aeed-fabd-4403-b6c4-d79196e9cdee{ip: 10.1.0.25, host: fv-az12-896.exdb2aeach2ezidoxz41lk3bwg.cx.internal.cloudapp.net, ports: [REPLICATION=34751, RATIS=36659, RATIS_ADMIN=36659, RATIS_SERVER=36659, STANDALONE=34429], networkLocation: /default-rack, certSerialId: null, persistedOpState: IN_SERVICE, persistedOpStateExpiryEpochSec: 0} 
2021-08-11 23:25:00,737 [EventQueue-HealthyReadonlyNodeForHealthyReadOnlyNodeHandler] INFO  pipeline.RatisPipelineProvider (RatisPipelineProvider.java:lambda$close$1(222)) - Send pipeline:PipelineID=6255beb7-01b8-45cb-b037-64fabd959392 close command to datanode 4bb1aeed-fabd-4403-b6c4-d79196e9cdee
2021-08-11 23:25:00,737 [EventQueue-HealthyReadonlyNodeForHealthyReadOnlyNodeHandler] INFO  pipeline.RatisPipelineProvider (RatisPipelineProvider.java:lambda$close$1(222)) - Send pipeline:PipelineID=6255beb7-01b8-45cb-b037-64fabd959392 close command to datanode fcd6b89e-16e4-41c9-a02b-be5b8824d40a
2021-08-11 23:25:00,737 [EventQueue-HealthyReadonlyNodeForHealthyReadOnlyNodeHandler] INFO  pipeline.RatisPipelineProvider (RatisPipelineProvider.java:lambda$close$1(222)) - Send pipeline:PipelineID=6255beb7-01b8-45cb-b037-64fabd959392 close command to datanode 0b67ed8f-f606-4780-b5a7-a4fc9fccae6a
2021-08-11 23:25:00,739 [EventQueue-HealthyReadonlyNodeForHealthyReadOnlyNodeHandler] INFO  pipeline.PipelineStateManager (PipelineStateManagerV2Impl.java:removePipeline(211)) - Pipeline Pipeline[ Id: 6255beb7-01b8-45cb-b037-64fabd959392, Nodes: 4bb1aeed-fabd-4403-b6c4-d79196e9cdee{ip: 10.1.0.25, host: fv-az12-896.exdb2aeach2ezidoxz41lk3bwg.cx.internal.cloudapp.net, ports: [REPLICATION=34751, RATIS=36659, RATIS_ADMIN=36659, RATIS_SERVER=36659, STANDALONE=34429], networkLocation: /default-rack, certSerialId: null, persistedOpState: IN_SERVICE, persistedOpStateExpiryEpochSec: 0}fcd6b89e-16e4-41c9-a02b-be5b8824d40a{ip: 10.1.0.25, host: fv-az12-896.exdb2aeach2ezidoxz41lk3bwg.cx.internal.cloudapp.net, ports: [REPLICATION=37961, RATIS=44867, RATIS_ADMIN=44867, RATIS_SERVER=44867, STANDALONE=35621], networkLocation: /default-rack, certSerialId: null, persistedOpState: IN_SERVICE, persistedOpStateExpiryEpochSec: 0}0b67ed8f-f606-4780-b5a7-a4fc9fccae6a{ip: 10.1.0.25, host: fv-az12-896.exdb2aeach2ezidoxz41lk3bwg.cx.internal.cloudapp.net, ports: [REPLICATION=38383, RATIS=45237, RATIS_ADMIN=45237, RATIS_SERVER=45237, STANDALONE=42107], networkLocation: /default-rack, certSerialId: null, persistedOpState: IN_SERVICE, persistedOpStateExpiryEpochSec: 0}, ReplicationConfig: RATIS/THREE, State:CLOSED, leaderId:fcd6b89e-16e4-41c9-a02b-be5b8824d40a, CreationTimestamp2021-08-11T23:24:22.598Z[Etc/UTC]] removed.
2021-08-11 23:25:00,811 [SCMBlockDeletingService#0] DEBUG block.SCMBlockDeletingService (SCMBlockDeletingService.java:call(133)) - Running DeletedBlockTransactionScanner
2021-08-11 23:25:00,836 [EventQueue-HealthyReadonlyToHealthyNodeForReadOnlyHealthyToHealthyNodeHandler] INFO  node.ReadOnlyHealthyToHealthyNodeHandler (ReadOnlyHealthyToHealthyNodeHandler.java:onMessage(51)) - Datanode 4bb1aeed-fabd-4403-b6c4-d79196e9cdee{ip: 10.1.0.25, host: fv-az12-896.exdb2aeach2ezidoxz41lk3bwg.cx.internal.cloudapp.net, ports: [REPLICATION=34751, RATIS=36659, RATIS_ADMIN=36659, RATIS_SERVER=36659, STANDALONE=34429], networkLocation: /default-rack, certSerialId: null, persistedOpState: IN_SERVICE, persistedOpStateExpiryEpochSec: 0} moved to HEALTHY state.
2021-08-11 23:25:00,838 [EventQueue-HealthyReadonlyToHealthyNodeForReadOnlyHealthyToHealthyNodeHandler] INFO  pipeline.BackgroundPipelineCreator (BackgroundPipelineCreatorV2.java:notifyEventTriggered(285)) - trigger a one-shot run on RatisPipelineUtilsThread.
2021-08-11 23:25:00,839 [RatisPipelineUtilsThread - 0] INFO  pipeline.RatisPipelineProvider (RatisPipelineProvider.java:lambda$create$0(183)) - Sending CreatePipelineCommand for pipeline:PipelineID=97fb5d99-4fbb-4703-8ef5-a2348ca445b8 to datanode:4bb1aeed-fabd-4403-b6c4-d79196e9cdee
2021-08-11 23:25:00,840 [RatisPipelineUtilsThread - 0] INFO  pipeline.RatisPipelineProvider (RatisPipelineProvider.java:lambda$create$0(183)) - Sending CreatePipelineCommand for pipeline:PipelineID=97fb5d99-4fbb-4703-8ef5-a2348ca445b8 to datanode:0b67ed8f-f606-4780-b5a7-a4fc9fccae6a
2021-08-11 23:25:00,840 [RatisPipelineUtilsThread - 0] INFO  pipeline.RatisPipelineProvider (RatisPipelineProvider.java:lambda$create$0(183)) - Sending CreatePipelineCommand for pipeline:PipelineID=97fb5d99-4fbb-4703-8ef5-a2348ca445b8 to datanode:fcd6b89e-16e4-41c9-a02b-be5b8824d40a
2021-08-11 23:25:00,840 [RatisPipelineUtilsThread - 0] INFO  pipeline.PipelineStateManager (PipelineStateManagerV2Impl.java:addPipeline(101)) - Created pipeline Pipeline[ Id: 97fb5d99-4fbb-4703-8ef5-a2348ca445b8, Nodes: 4bb1aeed-fabd-4403-b6c4-d79196e9cdee{ip: 10.1.0.25, host: fv-az12-896.exdb2aeach2ezidoxz41lk3bwg.cx.internal.cloudapp.net, ports: [REPLICATION=34751, RATIS=36659, RATIS_ADMIN=36659, RATIS_SERVER=36659, STANDALONE=34429], networkLocation: /default-rack, certSerialId: null, persistedOpState: IN_SERVICE, persistedOpStateExpiryEpochSec: 0}0b67ed8f-f606-4780-b5a7-a4fc9fccae6a{ip: 10.1.0.25, host: fv-az12-896.exdb2aeach2ezidoxz41lk3bwg.cx.internal.cloudapp.net, ports: [REPLICATION=38383, RATIS=45237, RATIS_ADMIN=45237, RATIS_SERVER=45237, STANDALONE=42107], networkLocation: /default-rack, certSerialId: null, persistedOpState: IN_SERVICE, persistedOpStateExpiryEpochSec: 0}fcd6b89e-16e4-41c9-a02b-be5b8824d40a{ip: 10.1.0.25, host: fv-az12-896.exdb2aeach2ezidoxz41lk3bwg.cx.internal.cloudapp.net, ports: [REPLICATION=37961, RATIS=44867, RATIS_ADMIN=44867, RATIS_SERVER=44867, STANDALONE=35621], networkLocation: /default-rack, certSerialId: null, persistedOpState: IN_SERVICE, persistedOpStateExpiryEpochSec: 0}, ReplicationConfig: RATIS/THREE, State:ALLOCATED, leaderId:, CreationTimestamp2021-08-11T23:25:00.839Z[Etc/UTC]].
2021-08-11 23:25:00,911 [SCMBlockDeletingService#0] DEBUG block.SCMBlockDeletingService (SCMBlockDeletingService.java:call(133)) - Running DeletedBlockTransactionScanner
2021-08-11 23:25:01,012 [SCMBlockDeletingService#0] DEBUG block.SCMBlockDeletingService (SCMBlockDeletingService.java:call(133)) - Running DeletedBlockTransactionScanner
2021-08-11 23:25:01,112 [SCMBlockDeletingService#0] DEBUG block.SCMBlockDeletingService (SCMBlockDeletingService.java:call(133)) - Running DeletedBlockTransactionScanner
2021-08-11 23:25:01,212 [SCMBlockDeletingService#0] DEBUG block.SCMBlockDeletingService (SCMBlockDeletingService.java:call(133)) - Running DeletedBlockTransactionScanner
2021-08-11 23:25:01,220 [Command processor thread] INFO  server.RaftServer (RaftServerProxy.java:remove(106)) - fcd6b89e-16e4-41c9-a02b-be5b8824d40a: remove    LEADER fcd6b89e-16e4-41c9-a02b-be5b8824d40a@group-64FABD959392:t2, leader=fcd6b89e-16e4-41c9-a02b-be5b8824d40a, voted=fcd6b89e-16e4-41c9-a02b-be5b8824d40a, raftlog=fcd6b89e-16e4-41c9-a02b-be5b8824d40a@group-64FABD959392-SegmentedRaftLog:OPENED:c13,f13,i13, conf=12: [fcd6b89e-16e4-41c9-a02b-be5b8824d40a|rpc:10.1.0.25:44867|dataStream:|priority:0, 4bb1aeed-fabd-4403-b6c4-d79196e9cdee|rpc:10.1.0.25:36659|dataStream:|priority:1, 0b67ed8f-f606-4780-b5a7-a4fc9fccae6a|rpc:10.1.0.25:45237|dataStream:|priority:0], old=null RUNNING
2021-08-11 23:25:01,223 [Command processor thread] INFO  server.RaftServer$Division (RaftServerImpl.java:lambda$close$4(407)) - fcd6b89e-16e4-41c9-a02b-be5b8824d40a@group-64FABD959392: shutdown
2021-08-11 23:25:01,223 [Command processor thread] INFO  util.JmxRegister (JmxRegister.java:unregister(73)) - Successfully un-registered JMX Bean with object name Ratis:service=RaftServer,group=group-64FABD959392,id=fcd6b89e-16e4-41c9-a02b-be5b8824d40a
2021-08-11 23:25:01,223 [Command processor thread] INFO  impl.RoleInfo (RoleInfo.java:shutdownLeaderState(91)) - fcd6b89e-16e4-41c9-a02b-be5b8824d40a: shutdown fcd6b89e-16e4-41c9-a02b-be5b8824d40a@group-64FABD959392-LeaderStateImpl
2021-08-11 23:25:01,224 [fcd6b89e-16e4-41c9-a02b-be5b8824d40a@group-64FABD959392->4bb1aeed-fabd-4403-b6c4-d79196e9cdee-GrpcLogAppender-LogAppenderDaemon] WARN  server.GrpcLogAppender (GrpcLogAppender.java:mayWait(175)) - fcd6b89e-16e4-41c9-a02b-be5b8824d40a@group-64FABD959392->4bb1aeed-fabd-4403-b6c4-d79196e9cdee-GrpcLogAppender: Wait interrupted by java.lang.InterruptedException
2021-08-11 23:25:01,223 [Command processor thread] INFO  impl.PendingRequests (PendingRequests.java:sendNotLeaderResponses(282)) - fcd6b89e-16e4-41c9-a02b-be5b8824d40a@group-64FABD959392-PendingRequests: sendNotLeaderResponses
2021-08-11 23:25:01,224 [fcd6b89e-16e4-41c9-a02b-be5b8824d40a@group-64FABD959392->0b67ed8f-f606-4780-b5a7-a4fc9fccae6a-GrpcLogAppender-LogAppenderDaemon] WARN  server.GrpcLogAppender (GrpcLogAppender.java:mayWait(175)) - fcd6b89e-16e4-41c9-a02b-be5b8824d40a@group-64FABD959392->0b67ed8f-f606-4780-b5a7-a4fc9fccae6a-GrpcLogAppender: Wait interrupted by java.lang.InterruptedException
2021-08-11 23:25:01,231 [grpc-default-executor-0] INFO  server.GrpcServerProtocolService (GrpcServerProtocolService.java:onCompleted(140)) - 4bb1aeed-fabd-4403-b6c4-d79196e9cdee: Completed APPEND_ENTRIES, lastRequest: fcd6b89e-16e4-41c9-a02b-be5b8824d40a->4bb1aeed-fabd-4403-b6c4-d79196e9cdee#15116409-t2,previous=(t:2, i:12),leaderCommit=13,initializing? true,entries: size=1, first=(t:2, i:13), METADATAENTRY(c:12)
2021-08-11 23:25:01,232 [grpc-default-executor-1] INFO  server.GrpcServerProtocolService (GrpcServerProtocolService.java:onCompleted(140)) - 0b67ed8f-f606-4780-b5a7-a4fc9fccae6a: Completed APPEND_ENTRIES, lastRequest: fcd6b89e-16e4-41c9-a02b-be5b8824d40a->0b67ed8f-f606-4780-b5a7-a4fc9fccae6a#2-t2,previous=(t:2, i:12),leaderCommit=12,initializing? true,entries: size=1, first=(t:2, i:13), METADATAENTRY(c:12)
2021-08-11 23:25:01,233 [grpc-default-executor-1] INFO  server.GrpcLogAppender (GrpcLogAppender.java:onCompleted(344)) - fcd6b89e-16e4-41c9-a02b-be5b8824d40a@group-64FABD959392->4bb1aeed-fabd-4403-b6c4-d79196e9cdee-AppendLogResponseHandler: follower responses appendEntries COMPLETED
2021-08-11 23:25:01,233 [grpc-default-executor-1] INFO  leader.FollowerInfo (FollowerInfoImpl.java:lambda$new$0(46)) - fcd6b89e-16e4-41c9-a02b-be5b8824d40a@group-64FABD959392->4bb1aeed-fabd-4403-b6c4-d79196e9cdee: nextIndex: updateUnconditionally 14 -> 13
2021-08-11 23:25:01,233 [grpc-default-executor-1] INFO  server.GrpcLogAppender (GrpcLogAppender.java:onCompleted(344)) - fcd6b89e-16e4-41c9-a02b-be5b8824d40a@group-64FABD959392->0b67ed8f-f606-4780-b5a7-a4fc9fccae6a-AppendLogResponseHandler: follower responses appendEntries COMPLETED
2021-08-11 23:25:01,233 [grpc-default-executor-1] INFO  leader.FollowerInfo (FollowerInfoImpl.java:lambda$new$0(46)) - fcd6b89e-16e4-41c9-a02b-be5b8824d40a@group-64FABD959392->0b67ed8f-f606-4780-b5a7-a4fc9fccae6a: nextIndex: updateUnconditionally 14 -> 13
2021-08-11 23:25:01,238 [Command processor thread] INFO  impl.StateMachineUpdater (StateMachineUpdater.java:stopAndJoin(149)) - fcd6b89e-16e4-41c9-a02b-be5b8824d40a@group-64FABD959392-StateMachineUpdater: set stopIndex = 13
2021-08-11 23:25:01,238 [fcd6b89e-16e4-41c9-a02b-be5b8824d40a@group-64FABD959392-StateMachineUpdater] INFO  ratis.ContainerStateMachine (ContainerStateMachine.java:takeSnapshot(293)) - group-64FABD959392: Taking a snapshot at:(t:2, i:13) file /home/runner/work/ozone/ozone/hadoop-ozone/integration-test/target/test-dir/MiniOzoneClusterImpl-4315cdcd-d3fc-449b-ab87-b0d46a3c32e7/datanode-2/data/ratis/6255beb7-01b8-45cb-b037-64fabd959392/sm/snapshot.2_13
2021-08-11 23:25:01,239 [fcd6b89e-16e4-41c9-a02b-be5b8824d40a@group-64FABD959392-StateMachineUpdater] INFO  ratis.ContainerStateMachine (ContainerStateMachine.java:takeSnapshot(304)) - group-64FABD959392: Finished taking a snapshot at:(t:2, i:13) file:/home/runner/work/ozone/ozone/hadoop-ozone/integration-test/target/test-dir/MiniOzoneClusterImpl-4315cdcd-d3fc-449b-ab87-b0d46a3c32e7/datanode-2/data/ratis/6255beb7-01b8-45cb-b037-64fabd959392/sm/snapshot.2_13 took: 1 ms
2021-08-11 23:25:01,239 [fcd6b89e-16e4-41c9-a02b-be5b8824d40a@group-64FABD959392-StateMachineUpdater] INFO  impl.StateMachineUpdater (StateMachineUpdater.java:takeSnapshot(281)) - fcd6b89e-16e4-41c9-a02b-be5b8824d40a@group-64FABD959392-StateMachineUpdater: Took a snapshot at index 13
2021-08-11 23:25:01,239 [fcd6b89e-16e4-41c9-a02b-be5b8824d40a@group-64FABD959392-StateMachineUpdater] INFO  impl.StateMachineUpdater (StateMachineUpdater.java:lambda$new$0(89)) - fcd6b89e-16e4-41c9-a02b-be5b8824d40a@group-64FABD959392-StateMachineUpdater: snapshotIndex: updateIncreasingly -1 -> 13
2021-08-11 23:25:01,240 [Command processor thread] INFO  server.RaftServer$Division (ServerState.java:close(419)) - fcd6b89e-16e4-41c9-a02b-be5b8824d40a@group-64FABD959392: closes. applyIndex: 13
2021-08-11 23:25:01,240 [fcd6b89e-16e4-41c9-a02b-be5b8824d40a@group-64FABD959392-SegmentedRaftLogWorker] INFO  segmented.SegmentedRaftLogWorker (SegmentedRaftLogWorker.java:run(327)) - fcd6b89e-16e4-41c9-a02b-be5b8824d40a@group-64FABD959392-SegmentedRaftLogWorker was interrupted, exiting. There are 0 tasks remaining in the queue.
2021-08-11 23:25:01,241 [Command processor thread] INFO  segmented.SegmentedRaftLogWorker (SegmentedRaftLogWorker.java:close(237)) - fcd6b89e-16e4-41c9-a02b-be5b8824d40a@group-64FABD959392-SegmentedRaftLogWorker close()
2021-08-11 23:25:01,243 [Command processor thread] ERROR commandhandler.ClosePipelineCommandHandler (ClosePipelineCommandHandler.java:handle(78)) - Can't close pipeline PipelineID=6255beb7-01b8-45cb-b037-64fabd959392
java.io.IOException: java.lang.NullPointerException
	at org.apache.hadoop.ozone.container.common.transport.server.ratis.XceiverServerRatis.removeGroup(XceiverServerRatis.java:781)
	at org.apache.hadoop.ozone.container.common.statemachine.commandhandler.ClosePipelineCommandHandler.handle(ClosePipelineCommandHandler.java:74)
	at org.apache.hadoop.ozone.container.common.statemachine.commandhandler.CommandDispatcher.handle(CommandDispatcher.java:99)
	at org.apache.hadoop.ozone.container.common.statemachine.DatanodeStateMachine.lambda$initCommandHandlerThread$2(DatanodeStateMachine.java:556)
	at java.lang.Thread.run(Thread.java:748)
Caused by: java.io.IOException: java.lang.NullPointerException
	at org.apache.ratis.util.IOUtils.asIOException(IOUtils.java:56)
	at org.apache.ratis.server.impl.RaftServerImpl.waitForReply(RaftServerImpl.java:898)
	at org.apache.ratis.server.impl.RaftServerProxy.groupManagement(RaftServerProxy.java:440)
	at org.apache.hadoop.ozone.container.common.transport.server.ratis.XceiverServerRatis.removeGroup(XceiverServerRatis.java:779)
	... 4 more
Caused by: java.lang.NullPointerException
	at org.apache.hadoop.ozone.container.ozoneimpl.ContainerController.markContainerForClose(ContainerController.java:83)
	at org.apache.hadoop.ozone.container.common.transport.server.ratis.ContainerStateMachine.notifyGroupRemove(ContainerStateMachine.java:903)
	at org.apache.ratis.server.impl.RaftServerImpl.groupRemove(RaftServerImpl.java:372)
	at org.apache.ratis.server.impl.RaftServerProxy.lambda$groupRemoveAsync$14(RaftServerProxy.java:507)
	at java.util.concurrent.CompletableFuture.uniApply(CompletableFuture.java:616)
	at java.util.concurrent.CompletableFuture.uniApplyStage(CompletableFuture.java:628)
	at java.util.concurrent.CompletableFuture.thenApply(CompletableFuture.java:1996)
	at org.apache.ratis.server.impl.RaftServerProxy.groupRemoveAsync(RaftServerProxy.java:506)
	at org.apache.ratis.server.impl.RaftServerProxy.groupManagementAsync(RaftServerProxy.java:460)
	... 6 more
2021-08-11 23:25:01,244 [Command processor thread] INFO  server.RaftServer (RaftServerProxy.java:addNew(95)) - fcd6b89e-16e4-41c9-a02b-be5b8824d40a: addNew group-A2348CA445B8:[fcd6b89e-16e4-41c9-a02b-be5b8824d40a|rpc:10.1.0.25:44867|priority:0, 4bb1aeed-fabd-4403-b6c4-d79196e9cdee|rpc:10.1.0.25:36659|priority:1, 0b67ed8f-f606-4780-b5a7-a4fc9fccae6a|rpc:10.1.0.25:45237|priority:0] returns group-A2348CA445B8:java.util.concurrent.CompletableFuture@973794b[Not completed]
2021-08-11 23:25:01,245 [pool-320-thread-1] INFO  server.RaftServer$Division (RaftServerImpl.java:<init>(181)) - fcd6b89e-16e4-41c9-a02b-be5b8824d40a: new RaftServerImpl for group-A2348CA445B8:[fcd6b89e-16e4-41c9-a02b-be5b8824d40a|rpc:10.1.0.25:44867|priority:0, 4bb1aeed-fabd-4403-b6c4-d79196e9cdee|rpc:10.1.0.25:36659|priority:1, 0b67ed8f-f606-4780-b5a7-a4fc9fccae6a|rpc:10.1.0.25:45237|priority:0] with ContainerStateMachine:uninitialized
2021-08-11 23:25:01,245 [pool-320-thread-1] INFO  server.RaftServerConfigKeys (ConfUtils.java:logGet(44)) - raft.server.rpc.timeout.min = 5s (custom)
2021-08-11 23:25:01,245 [pool-320-thread-1] INFO  server.RaftServerConfigKeys (ConfUtils.java:logGet(44)) - raft.server.rpc.timeout.max = 5200ms (custom)
2021-08-11 23:25:01,245 [pool-320-thread-1] INFO  server.RaftServerConfigKeys (ConfUtils.java:logGet(44)) - raft.server.rpc.sleep.time = 25ms (default)
2021-08-11 23:25:01,245 [pool-320-thread-1] INFO  server.RaftServerConfigKeys (ConfUtils.java:logGet(44)) - raft.server.rpc.slowness.timeout = 300s (custom)
2021-08-11 23:25:01,245 [pool-320-thread-1] INFO  server.RaftServerConfigKeys (ConfUtils.java:logGet(44)) - raft.server.leaderelection.leader.step-down.wait-time = 10s (default)
2021-08-11 23:25:01,245 [pool-320-thread-1] INFO  server.RaftServerConfigKeys (ConfUtils.java:logGet(44)) - raft.server.sleep.deviation.threshold = 300ms (default)
2021-08-11 23:25:01,245 [pool-320-thread-1] INFO  server.RaftServerConfigKeys (ConfUtils.java:logGet(44)) - raft.server.log.appender.install.snapshot.enabled = false (custom)
2021-08-11 23:25:01,245 [pool-320-thread-1] INFO  server.RaftServer$Division (ServerState.java:<init>(105)) - fcd6b89e-16e4-41c9-a02b-be5b8824d40a@group-A2348CA445B8: ConfigurationManager, init=-1: [fcd6b89e-16e4-41c9-a02b-be5b8824d40a|rpc:10.1.0.25:44867|priority:0, 4bb1aeed-fabd-4403-b6c4-d79196e9cdee|rpc:10.1.0.25:36659|priority:1, 0b67ed8f-f606-4780-b5a7-a4fc9fccae6a|rpc:10.1.0.25:45237|priority:0], old=null, confs=<EMPTY_MAP>
2021-08-11 23:25:01,245 [pool-320-thread-1] INFO  server.RaftServerConfigKeys (ConfUtils.java:logGet(44)) - raft.server.storage.dir = [/home/runner/work/ozone/ozone/hadoop-ozone/integration-test/target/test-dir/MiniOzoneClusterImpl-4315cdcd-d3fc-449b-ab87-b0d46a3c32e7/datanode-2/data/ratis] (custom)
2021-08-11 23:25:01,245 [pool-320-thread-1] INFO  server.RaftServerConfigKeys (ConfUtils.java:logGet(44)) - raft.server.log.corruption.policy = EXCEPTION (default)
2021-08-11 23:25:01,245 [pool-320-thread-1] INFO  server.RaftServerConfigKeys (ConfUtils.java:logGet(44)) - raft.server.storage.free-space.min = 0MB (=0) (default)
2021-08-11 23:25:01,245 [pool-320-thread-1] INFO  storage.RaftStorageDirectory (RaftStorageDirectoryImpl.java:analyzeStorage(135)) - The storage directory /home/runner/work/ozone/ozone/hadoop-ozone/integration-test/target/test-dir/MiniOzoneClusterImpl-4315cdcd-d3fc-449b-ab87-b0d46a3c32e7/datanode-2/data/ratis/97fb5d99-4fbb-4703-8ef5-a2348ca445b8 does not exist. Creating ...
2021-08-11 23:25:01,246 [pool-320-thread-1] INFO  storage.RaftStorageDirectory (RaftStorageDirectoryImpl.java:tryLock(230)) - Lock on /home/runner/work/ozone/ozone/hadoop-ozone/integration-test/target/test-dir/MiniOzoneClusterImpl-4315cdcd-d3fc-449b-ab87-b0d46a3c32e7/datanode-2/data/ratis/97fb5d99-4fbb-4703-8ef5-a2348ca445b8/in_use.lock acquired by nodename 29420@fv-az12-896
2021-08-11 23:25:01,247 [pool-320-thread-1] INFO  storage.RaftStorage (RaftStorageImpl.java:format(89)) - Storage directory /home/runner/work/ozone/ozone/hadoop-ozone/integration-test/target/test-dir/MiniOzoneClusterImpl-4315cdcd-d3fc-449b-ab87-b0d46a3c32e7/datanode-2/data/ratis/97fb5d99-4fbb-4703-8ef5-a2348ca445b8 has been successfully formatted.
2021-08-11 23:25:01,247 [pool-320-thread-1] INFO  ratis.ContainerStateMachine (ContainerStateMachine.java:loadSnapshot(225)) - group-A2348CA445B8: The snapshot info is null. Setting the last applied indexto:(t:0, i:~)
2021-08-11 23:25:01,248 [pool-320-thread-1] INFO  server.RaftServerConfigKeys (ConfUtils.java:logGet(44)) - raft.server.notification.no-leader.timeout = 300s (custom)
2021-08-11 23:25:01,248 [Datanode State Machine Thread - 0] WARN  statemachine.StateContext (StateContext.java:execute(621)) - No available thread in pool for past 0 seconds.
2021-08-11 23:25:01,248 [pool-320-thread-1] INFO  server.RaftServerConfigKeys (ConfUtils.java:logGet(44)) - raft.server.log.use.memory = false (default)
2021-08-11 23:25:01,248 [pool-320-thread-1] INFO  server.RaftServerConfigKeys (ConfUtils.java:logGet(44)) - raft.server.log.purge.gap = 1000000 (custom)
2021-08-11 23:25:01,249 [pool-320-thread-1] INFO  server.RaftServerConfigKeys (ConfUtils.java:logGet(44)) - raft.server.log.appender.buffer.byte-limit = 33554432 (custom)
2021-08-11 23:25:01,249 [pool-320-thread-1] INFO  server.RaftServerConfigKeys (ConfUtils.java:logGet(44)) - raft.server.log.segment.size.max = 1048576 (custom)
2021-08-11 23:25:01,249 [pool-320-thread-1] INFO  server.RaftServerConfigKeys (ConfUtils.java:logGet(44)) - raft.server.log.segment.cache.num.max = 2 (custom)
2021-08-11 23:25:01,250 [pool-320-thread-1] INFO  server.RaftServerConfigKeys (ConfUtils.java:logGet(44)) - raft.server.log.segment.cache.size.max = 200MB (=209715200) (default)
2021-08-11 23:25:01,250 [pool-320-thread-1] INFO  segmented.SegmentedRaftLogWorker (SegmentedRaftLogWorker.java:<init>(182)) - new fcd6b89e-16e4-41c9-a02b-be5b8824d40a@group-A2348CA445B8-SegmentedRaftLogWorker for RaftStorageImpl:Storage Directory /home/runner/work/ozone/ozone/hadoop-ozone/integration-test/target/test-dir/MiniOzoneClusterImpl-4315cdcd-d3fc-449b-ab87-b0d46a3c32e7/datanode-2/data/ratis/97fb5d99-4fbb-4703-8ef5-a2348ca445b8
2021-08-11 23:25:01,250 [pool-320-thread-1] INFO  server.RaftServerConfigKeys (ConfUtils.java:logGet(44)) - raft.server.log.queue.byte-limit = 2147483647 (custom)
2021-08-11 23:25:01,250 [pool-320-thread-1] INFO  server.RaftServerConfigKeys (ConfUtils.java:logGet(44)) - raft.server.log.queue.element-limit = 1024 (custom)
2021-08-11 23:25:01,250 [pool-320-thread-1] INFO  server.RaftServerConfigKeys (ConfUtils.java:logGet(44)) - raft.server.log.segment.size.max = 1048576 (custom)
2021-08-11 23:25:01,250 [pool-320-thread-1] INFO  server.RaftServerConfigKeys (ConfUtils.java:logGet(44)) - raft.server.log.preallocated.size = 16384 (custom)
2021-08-11 23:25:01,250 [pool-320-thread-1] INFO  server.RaftServerConfigKeys (ConfUtils.java:logGet(44)) - raft.server.log.force.sync.num = 128 (default)
2021-08-11 23:25:01,250 [pool-320-thread-1] INFO  server.RaftServerConfigKeys (ConfUtils.java:logGet(44)) - raft.server.log.statemachine.data.sync = true (default)
2021-08-11 23:25:01,250 [pool-320-thread-1] INFO  server.RaftServerConfigKeys (ConfUtils.java:logGet(44)) - raft.server.log.statemachine.data.sync.timeout = 10s (default)
2021-08-11 23:25:01,250 [pool-320-thread-1] INFO  server.RaftServerConfigKeys (ConfUtils.java:logGet(44)) - raft.server.log.statemachine.data.sync.timeout.retry = -1 (default)
2021-08-11 23:25:01,250 [pool-320-thread-1] INFO  server.RaftServerConfigKeys (ConfUtils.java:logGet(44)) - raft.server.log.write.buffer.size = 1048576 (custom)
2021-08-11 23:25:01,251 [pool-320-thread-1] INFO  server.RaftServerConfigKeys (ConfUtils.java:logGet(44)) - raft.server.log.statemachine.data.caching.enabled = true (custom)
2021-08-11 23:25:01,251 [pool-320-thread-1] INFO  segmented.SegmentedRaftLogWorker (SegmentedRaftLogWorker.java:lambda$new$0(133)) - fcd6b89e-16e4-41c9-a02b-be5b8824d40a@group-A2348CA445B8-SegmentedRaftLogWorker: flushIndex: setUnconditionally 0 -> -1
2021-08-11 23:25:01,251 [pool-320-thread-1] INFO  segmented.SegmentedRaftLogWorker (SegmentedRaftLogWorker.java:lambda$new$0(133)) - fcd6b89e-16e4-41c9-a02b-be5b8824d40a@group-A2348CA445B8-SegmentedRaftLogWorker: safeCacheEvictIndex: setUnconditionally 0 -> -1
2021-08-11 23:25:01,269 [pool-320-thread-1] INFO  server.RaftServerConfigKeys (ConfUtils.java:logGet(44)) - raft.server.snapshot.auto.trigger.enabled = true (custom)
2021-08-11 23:25:01,269 [pool-320-thread-1] INFO  server.RaftServerConfigKeys (ConfUtils.java:logGet(44)) - raft.server.snapshot.auto.trigger.threshold = 10000 (custom)
2021-08-11 23:25:01,269 [pool-320-thread-1] INFO  server.RaftServerConfigKeys (ConfUtils.java:logGet(44)) - raft.server.snapshot.retention.file.num = 5 (custom)
2021-08-11 23:25:01,269 [pool-320-thread-1] INFO  server.RaftServerConfigKeys (ConfUtils.java:logGet(44)) - raft.server.log.purge.upto.snapshot.index = false (default)
2021-08-11 23:25:01,269 [pool-320-thread-1] INFO  server.RaftServerConfigKeys (ConfUtils.java:logGet(44)) - raft.server.retrycache.expirytime = 600000ms (custom)
2021-08-11 23:25:01,269 [pool-320-thread-1] INFO  server.RaftServerConfigKeys (ConfUtils.java:logGet(44)) - raft.server.retrycache.statistics.expirytime = 100μs (default)
2021-08-11 23:25:01,270 [pool-320-thread-1] INFO  server.RaftServer$Division (RaftServerImpl.java:start(296)) - fcd6b89e-16e4-41c9-a02b-be5b8824d40a@group-A2348CA445B8: start as a follower, conf=-1: [fcd6b89e-16e4-41c9-a02b-be5b8824d40a|rpc:10.1.0.25:44867|priority:0, 4bb1aeed-fabd-4403-b6c4-d79196e9cdee|rpc:10.1.0.25:36659|priority:1, 0b67ed8f-f606-4780-b5a7-a4fc9fccae6a|rpc:10.1.0.25:45237|priority:0], old=null
2021-08-11 23:25:01,270 [pool-320-thread-1] INFO  server.RaftServer$Division (RaftServerImpl.java:setRole(285)) - fcd6b89e-16e4-41c9-a02b-be5b8824d40a@group-A2348CA445B8: changes role from      null to FOLLOWER at term 0 for startAsFollower
2021-08-11 23:25:01,270 [pool-320-thread-1] INFO  impl.RoleInfo (RoleInfo.java:updateAndGet(130)) - fcd6b89e-16e4-41c9-a02b-be5b8824d40a: start fcd6b89e-16e4-41c9-a02b-be5b8824d40a@group-A2348CA445B8-FollowerState
2021-08-11 23:25:01,273 [pool-320-thread-1] INFO  util.JmxRegister (JmxRegister.java:tryRegister(44)) - Successfully registered JMX Bean with object name Ratis:service=RaftServer,group=group-A2348CA445B8,id=fcd6b89e-16e4-41c9-a02b-be5b8824d40a
2021-08-11 23:25:01,283 [Command processor thread] INFO  ratis.XceiverServerRatis (XceiverServerRatis.java:addGroup(763)) - Created group PipelineID=97fb5d99-4fbb-4703-8ef5-a2348ca445b8
2021-08-11 23:25:01,304 [grpc-default-executor-2] INFO  server.RaftServer (RaftServerProxy.java:addNew(95)) - 4bb1aeed-fabd-4403-b6c4-d79196e9cdee: addNew group-A2348CA445B8:[fcd6b89e-16e4-41c9-a02b-be5b8824d40a|rpc:10.1.0.25:44867|dataStream:|priority:0, 4bb1aeed-fabd-4403-b6c4-d79196e9cdee|rpc:10.1.0.25:36659|dataStream:|priority:1, 0b67ed8f-f606-4780-b5a7-a4fc9fccae6a|rpc:10.1.0.25:45237|dataStream:|priority:0] returns group-A2348CA445B8:java.util.concurrent.CompletableFuture@510358a1[Not completed]
2021-08-11 23:25:01,305 [pool-359-thread-1] INFO  server.RaftServer$Division (RaftServerImpl.java:<init>(181)) - 4bb1aeed-fabd-4403-b6c4-d79196e9cdee: new RaftServerImpl for group-A2348CA445B8:[fcd6b89e-16e4-41c9-a02b-be5b8824d40a|rpc:10.1.0.25:44867|dataStream:|priority:0, 4bb1aeed-fabd-4403-b6c4-d79196e9cdee|rpc:10.1.0.25:36659|dataStream:|priority:1, 0b67ed8f-f606-4780-b5a7-a4fc9fccae6a|rpc:10.1.0.25:45237|dataStream:|priority:0] with ContainerStateMachine:uninitialized
2021-08-11 23:25:01,305 [pool-359-thread-1] INFO  server.RaftServerConfigKeys (ConfUtils.java:logGet(44)) - raft.server.rpc.timeout.min = 5s (custom)
2021-08-11 23:25:01,305 [pool-359-thread-1] INFO  server.RaftServerConfigKeys (ConfUtils.java:logGet(44)) - raft.server.rpc.timeout.max = 5200ms (custom)
2021-08-11 23:25:01,305 [pool-359-thread-1] INFO  server.RaftServerConfigKeys (ConfUtils.java:logGet(44)) - raft.server.rpc.sleep.time = 25ms (default)
2021-08-11 23:25:01,305 [pool-359-thread-1] INFO  server.RaftServerConfigKeys (ConfUtils.java:logGet(44)) - raft.server.rpc.slowness.timeout = 300s (custom)
2021-08-11 23:25:01,305 [pool-359-thread-1] INFO  server.RaftServerConfigKeys (ConfUtils.java:logGet(44)) - raft.server.leaderelection.leader.step-down.wait-time = 10s (default)
2021-08-11 23:25:01,305 [pool-359-thread-1] INFO  server.RaftServerConfigKeys (ConfUtils.java:logGet(44)) - raft.server.sleep.deviation.threshold = 300ms (default)
2021-08-11 23:25:01,305 [pool-359-thread-1] INFO  server.RaftServerConfigKeys (ConfUtils.java:logGet(44)) - raft.server.log.appender.install.snapshot.enabled = false (custom)
2021-08-11 23:25:01,305 [pool-359-thread-1] INFO  server.RaftServer$Division (ServerState.java:<init>(105)) - 4bb1aeed-fabd-4403-b6c4-d79196e9cdee@group-A2348CA445B8: ConfigurationManager, init=-1: [fcd6b89e-16e4-41c9-a02b-be5b8824d40a|rpc:10.1.0.25:44867|dataStream:|priority:0, 4bb1aeed-fabd-4403-b6c4-d79196e9cdee|rpc:10.1.0.25:36659|dataStream:|priority:1, 0b67ed8f-f606-4780-b5a7-a4fc9fccae6a|rpc:10.1.0.25:45237|dataStream:|priority:0], old=null, confs=<EMPTY_MAP>
2021-08-11 23:25:01,305 [pool-359-thread-1] INFO  server.RaftServerConfigKeys (ConfUtils.java:logGet(44)) - raft.server.storage.dir = [/home/runner/work/ozone/ozone/hadoop-ozone/integration-test/target/test-dir/MiniOzoneClusterImpl-4315cdcd-d3fc-449b-ab87-b0d46a3c32e7/datanode-0/data/ratis] (custom)
2021-08-11 23:25:01,305 [pool-359-thread-1] INFO  server.RaftServerConfigKeys (ConfUtils.java:logGet(44)) - raft.server.log.corruption.policy = EXCEPTION (default)
2021-08-11 23:25:01,305 [pool-359-thread-1] INFO  server.RaftServerConfigKeys (ConfUtils.java:logGet(44)) - raft.server.storage.free-space.min = 0MB (=0) (default)
2021-08-11 23:25:01,306 [pool-359-thread-1] INFO  storage.RaftStorageDirectory (RaftStorageDirectoryImpl.java:analyzeStorage(135)) - The storage directory /home/runner/work/ozone/ozone/hadoop-ozone/integration-test/target/test-dir/MiniOzoneClusterImpl-4315cdcd-d3fc-449b-ab87-b0d46a3c32e7/datanode-0/data/ratis/97fb5d99-4fbb-4703-8ef5-a2348ca445b8 does not exist. Creating ...
2021-08-11 23:25:01,306 [pool-359-thread-1] INFO  storage.RaftStorageDirectory (RaftStorageDirectoryImpl.java:tryLock(230)) - Lock on /home/runner/work/ozone/ozone/hadoop-ozone/integration-test/target/test-dir/MiniOzoneClusterImpl-4315cdcd-d3fc-449b-ab87-b0d46a3c32e7/datanode-0/data/ratis/97fb5d99-4fbb-4703-8ef5-a2348ca445b8/in_use.lock acquired by nodename 29420@fv-az12-896
2021-08-11 23:25:01,307 [pool-359-thread-1] INFO  storage.RaftStorage (RaftStorageImpl.java:format(89)) - Storage directory /home/runner/work/ozone/ozone/hadoop-ozone/integration-test/target/test-dir/MiniOzoneClusterImpl-4315cdcd-d3fc-449b-ab87-b0d46a3c32e7/datanode-0/data/ratis/97fb5d99-4fbb-4703-8ef5-a2348ca445b8 has been successfully formatted.
2021-08-11 23:25:01,307 [pool-359-thread-1] INFO  ratis.ContainerStateMachine (ContainerStateMachine.java:loadSnapshot(225)) - group-A2348CA445B8: The snapshot info is null. Setting the last applied indexto:(t:0, i:~)
2021-08-11 23:25:01,308 [Datanode State Machine Thread - 0] WARN  statemachine.StateContext (StateContext.java:execute(621)) - No available thread in pool for past 0 seconds.
2021-08-11 23:25:01,308 [pool-359-thread-1] INFO  server.RaftServerConfigKeys (ConfUtils.java:logGet(44)) - raft.server.notification.no-leader.timeout = 300s (custom)
2021-08-11 23:25:01,308 [pool-359-thread-1] INFO  server.RaftServerConfigKeys (ConfUtils.java:logGet(44)) - raft.server.log.use.memory = false (default)
2021-08-11 23:25:01,308 [pool-359-thread-1] INFO  server.RaftServerConfigKeys (ConfUtils.java:logGet(44)) - raft.server.log.purge.gap = 1000000 (custom)
2021-08-11 23:25:01,308 [pool-359-thread-1] INFO  server.RaftServerConfigKeys (ConfUtils.java:logGet(44)) - raft.server.log.appender.buffer.byte-limit = 33554432 (custom)
2021-08-11 23:25:01,308 [EventQueue-PipelineReportForPipelineReportHandler] INFO  pipeline.PipelineReportHandler (PipelineReportHandler.java:processPipelineReport(113)) - Reported pipeline PipelineID=6255beb7-01b8-45cb-b037-64fabd959392 is not found
2021-08-11 23:25:01,309 [pool-359-thread-1] INFO  server.RaftServerConfigKeys (ConfUtils.java:logGet(44)) - raft.server.log.segment.size.max = 1048576 (custom)
2021-08-11 23:25:01,309 [pool-359-thread-1] INFO  server.RaftServerConfigKeys (ConfUtils.java:logGet(44)) - raft.server.log.segment.cache.num.max = 2 (custom)
2021-08-11 23:25:01,309 [pool-359-thread-1] INFO  server.RaftServerConfigKeys (ConfUtils.java:logGet(44)) - raft.server.log.segment.cache.size.max = 200MB (=209715200) (default)
2021-08-11 23:25:01,309 [pool-359-thread-1] INFO  segmented.SegmentedRaftLogWorker (SegmentedRaftLogWorker.java:<init>(182)) - new 4bb1aeed-fabd-4403-b6c4-d79196e9cdee@group-A2348CA445B8-SegmentedRaftLogWorker for RaftStorageImpl:Storage Directory /home/runner/work/ozone/ozone/hadoop-ozone/integration-test/target/test-dir/MiniOzoneClusterImpl-4315cdcd-d3fc-449b-ab87-b0d46a3c32e7/datanode-0/data/ratis/97fb5d99-4fbb-4703-8ef5-a2348ca445b8
2021-08-11 23:25:01,309 [pool-359-thread-1] INFO  server.RaftServerConfigKeys (ConfUtils.java:logGet(44)) - raft.server.log.queue.byte-limit = 2147483647 (custom)
2021-08-11 23:25:01,309 [pool-359-thread-1] INFO  server.RaftServerConfigKeys (ConfUtils.java:logGet(44)) - raft.server.log.queue.element-limit = 1024 (custom)
2021-08-11 23:25:01,309 [pool-359-thread-1] INFO  server.RaftServerConfigKeys (ConfUtils.java:logGet(44)) - raft.server.log.segment.size.max = 1048576 (custom)
2021-08-11 23:25:01,309 [pool-359-thread-1] INFO  server.RaftServerConfigKeys (ConfUtils.java:logGet(44)) - raft.server.log.preallocated.size = 16384 (custom)
2021-08-11 23:25:01,309 [pool-359-thread-1] INFO  server.RaftServerConfigKeys (ConfUtils.java:logGet(44)) - raft.server.log.force.sync.num = 128 (default)
2021-08-11 23:25:01,309 [pool-359-thread-1] INFO  server.RaftServerConfigKeys (ConfUtils.java:logGet(44)) - raft.server.log.statemachine.data.sync = true (default)
2021-08-11 23:25:01,309 [pool-359-thread-1] INFO  server.RaftServerConfigKeys (ConfUtils.java:logGet(44)) - raft.server.log.statemachine.data.sync.timeout = 10s (default)
2021-08-11 23:25:01,309 [pool-359-thread-1] INFO  server.RaftServerConfigKeys (ConfUtils.java:logGet(44)) - raft.server.log.statemachine.data.sync.timeout.retry = -1 (default)
2021-08-11 23:25:01,310 [pool-359-thread-1] INFO  server.RaftServerConfigKeys (ConfUtils.java:logGet(44)) - raft.server.log.write.buffer.size = 1048576 (custom)
2021-08-11 23:25:01,310 [pool-359-thread-1] INFO  server.RaftServerConfigKeys (ConfUtils.java:logGet(44)) - raft.server.log.statemachine.data.caching.enabled = true (custom)
2021-08-11 23:25:01,310 [pool-359-thread-1] INFO  segmented.SegmentedRaftLogWorker (SegmentedRaftLogWorker.java:lambda$new$0(133)) - 4bb1aeed-fabd-4403-b6c4-d79196e9cdee@group-A2348CA445B8-SegmentedRaftLogWorker: flushIndex: setUnconditionally 0 -> -1
2021-08-11 23:25:01,310 [pool-359-thread-1] INFO  segmented.SegmentedRaftLogWorker (SegmentedRaftLogWorker.java:lambda$new$0(133)) - 4bb1aeed-fabd-4403-b6c4-d79196e9cdee@group-A2348CA445B8-SegmentedRaftLogWorker: safeCacheEvictIndex: setUnconditionally 0 -> -1
2021-08-11 23:25:01,312 [SCMBlockDeletingService#0] DEBUG block.SCMBlockDeletingService (SCMBlockDeletingService.java:call(133)) - Running DeletedBlockTransactionScanner
2021-08-11 23:25:01,317 [pool-359-thread-1] INFO  server.RaftServerConfigKeys (ConfUtils.java:logGet(44)) - raft.server.snapshot.auto.trigger.enabled = true (custom)
2021-08-11 23:25:01,317 [pool-359-thread-1] INFO  server.RaftServerConfigKeys (ConfUtils.java:logGet(44)) - raft.server.snapshot.auto.trigger.threshold = 10000 (custom)
2021-08-11 23:25:01,317 [pool-359-thread-1] INFO  server.RaftServerConfigKeys (ConfUtils.java:logGet(44)) - raft.server.snapshot.retention.file.num = 5 (custom)
2021-08-11 23:25:01,317 [pool-359-thread-1] INFO  server.RaftServerConfigKeys (ConfUtils.java:logGet(44)) - raft.server.log.purge.upto.snapshot.index = false (default)
2021-08-11 23:25:01,317 [pool-359-thread-1] INFO  server.RaftServerConfigKeys (ConfUtils.java:logGet(44)) - raft.server.retrycache.expirytime = 600000ms (custom)
2021-08-11 23:25:01,317 [pool-359-thread-1] INFO  server.RaftServerConfigKeys (ConfUtils.java:logGet(44)) - raft.server.retrycache.statistics.expirytime = 100μs (default)
2021-08-11 23:25:01,318 [pool-359-thread-1] INFO  server.RaftServer$Division (RaftServerImpl.java:start(296)) - 4bb1aeed-fabd-4403-b6c4-d79196e9cdee@group-A2348CA445B8: start as a follower, conf=-1: [fcd6b89e-16e4-41c9-a02b-be5b8824d40a|rpc:10.1.0.25:44867|dataStream:|priority:0, 4bb1aeed-fabd-4403-b6c4-d79196e9cdee|rpc:10.1.0.25:36659|dataStream:|priority:1, 0b67ed8f-f606-4780-b5a7-a4fc9fccae6a|rpc:10.1.0.25:45237|dataStream:|priority:0], old=null
2021-08-11 23:25:01,318 [pool-359-thread-1] INFO  server.RaftServer$Division (RaftServerImpl.java:setRole(285)) - 4bb1aeed-fabd-4403-b6c4-d79196e9cdee@group-A2348CA445B8: changes role from      null to FOLLOWER at term 0 for startAsFollower
2021-08-11 23:25:01,318 [pool-359-thread-1] INFO  impl.RoleInfo (RoleInfo.java:updateAndGet(130)) - 4bb1aeed-fabd-4403-b6c4-d79196e9cdee: start 4bb1aeed-fabd-4403-b6c4-d79196e9cdee@group-A2348CA445B8-FollowerState
2021-08-11 23:25:01,319 [pool-359-thread-1] INFO  util.JmxRegister (JmxRegister.java:tryRegister(44)) - Successfully registered JMX Bean with object name Ratis:service=RaftServer,group=group-A2348CA445B8,id=4bb1aeed-fabd-4403-b6c4-d79196e9cdee
2021-08-11 23:25:01,349 [grpc-default-executor-2] INFO  server.RaftServer (RaftServerProxy.java:addNew(95)) - 0b67ed8f-f606-4780-b5a7-a4fc9fccae6a: addNew group-A2348CA445B8:[fcd6b89e-16e4-41c9-a02b-be5b8824d40a|rpc:10.1.0.25:44867|dataStream:|priority:0, 4bb1aeed-fabd-4403-b6c4-d79196e9cdee|rpc:10.1.0.25:36659|dataStream:|priority:1, 0b67ed8f-f606-4780-b5a7-a4fc9fccae6a|rpc:10.1.0.25:45237|dataStream:|priority:0] returns group-A2348CA445B8:java.util.concurrent.CompletableFuture@56264ea5[Not completed]
2021-08-11 23:25:01,349 [pool-301-thread-1] INFO  server.RaftServer$Division (RaftServerImpl.java:<init>(181)) - 0b67ed8f-f606-4780-b5a7-a4fc9fccae6a: new RaftServerImpl for group-A2348CA445B8:[fcd6b89e-16e4-41c9-a02b-be5b8824d40a|rpc:10.1.0.25:44867|dataStream:|priority:0, 4bb1aeed-fabd-4403-b6c4-d79196e9cdee|rpc:10.1.0.25:36659|dataStream:|priority:1, 0b67ed8f-f606-4780-b5a7-a4fc9fccae6a|rpc:10.1.0.25:45237|dataStream:|priority:0] with ContainerStateMachine:uninitialized
2021-08-11 23:25:01,349 [pool-301-thread-1] INFO  server.RaftServerConfigKeys (ConfUtils.java:logGet(44)) - raft.server.rpc.timeout.min = 5s (custom)
2021-08-11 23:25:01,349 [pool-301-thread-1] INFO  server.RaftServerConfigKeys (ConfUtils.java:logGet(44)) - raft.server.rpc.timeout.max = 5200ms (custom)
2021-08-11 23:25:01,349 [pool-301-thread-1] INFO  server.RaftServerConfigKeys (ConfUtils.java:logGet(44)) - raft.server.rpc.sleep.time = 25ms (default)
2021-08-11 23:25:01,349 [pool-301-thread-1] INFO  server.RaftServerConfigKeys (ConfUtils.java:logGet(44)) - raft.server.rpc.slowness.timeout = 300s (custom)
2021-08-11 23:25:01,349 [pool-301-thread-1] INFO  server.RaftServerConfigKeys (ConfUtils.java:logGet(44)) - raft.server.leaderelection.leader.step-down.wait-time = 10s (default)
2021-08-11 23:25:01,350 [pool-301-thread-1] INFO  server.RaftServerConfigKeys (ConfUtils.java:logGet(44)) - raft.server.sleep.deviation.threshold = 300ms (default)
2021-08-11 23:25:01,350 [pool-301-thread-1] INFO  server.RaftServerConfigKeys (ConfUtils.java:logGet(44)) - raft.server.log.appender.install.snapshot.enabled = false (custom)
2021-08-11 23:25:01,350 [pool-301-thread-1] INFO  server.RaftServer$Division (ServerState.java:<init>(105)) - 0b67ed8f-f606-4780-b5a7-a4fc9fccae6a@group-A2348CA445B8: ConfigurationManager, init=-1: [fcd6b89e-16e4-41c9-a02b-be5b8824d40a|rpc:10.1.0.25:44867|dataStream:|priority:0, 4bb1aeed-fabd-4403-b6c4-d79196e9cdee|rpc:10.1.0.25:36659|dataStream:|priority:1, 0b67ed8f-f606-4780-b5a7-a4fc9fccae6a|rpc:10.1.0.25:45237|dataStream:|priority:0], old=null, confs=<EMPTY_MAP>
2021-08-11 23:25:01,350 [pool-301-thread-1] INFO  server.RaftServerConfigKeys (ConfUtils.java:logGet(44)) - raft.server.storage.dir = [/home/runner/work/ozone/ozone/hadoop-ozone/integration-test/target/test-dir/MiniOzoneClusterImpl-4315cdcd-d3fc-449b-ab87-b0d46a3c32e7/datanode-1/data/ratis] (custom)
2021-08-11 23:25:01,350 [pool-301-thread-1] INFO  server.RaftServerConfigKeys (ConfUtils.java:logGet(44)) - raft.server.log.corruption.policy = EXCEPTION (default)
2021-08-11 23:25:01,350 [pool-301-thread-1] INFO  server.RaftServerConfigKeys (ConfUtils.java:logGet(44)) - raft.server.storage.free-space.min = 0MB (=0) (default)
2021-08-11 23:25:01,350 [pool-301-thread-1] INFO  storage.RaftStorageDirectory (RaftStorageDirectoryImpl.java:analyzeStorage(135)) - The storage directory /home/runner/work/ozone/ozone/hadoop-ozone/integration-test/target/test-dir/MiniOzoneClusterImpl-4315cdcd-d3fc-449b-ab87-b0d46a3c32e7/datanode-1/data/ratis/97fb5d99-4fbb-4703-8ef5-a2348ca445b8 does not exist. Creating ...
2021-08-11 23:25:01,353 [pool-301-thread-1] INFO  storage.RaftStorageDirectory (RaftStorageDirectoryImpl.java:tryLock(230)) - Lock on /home/runner/work/ozone/ozone/hadoop-ozone/integration-test/target/test-dir/MiniOzoneClusterImpl-4315cdcd-d3fc-449b-ab87-b0d46a3c32e7/datanode-1/data/ratis/97fb5d99-4fbb-4703-8ef5-a2348ca445b8/in_use.lock acquired by nodename 29420@fv-az12-896
2021-08-11 23:25:01,354 [pool-301-thread-1] INFO  storage.RaftStorage (RaftStorageImpl.java:format(89)) - Storage directory /home/runner/work/ozone/ozone/hadoop-ozone/integration-test/target/test-dir/MiniOzoneClusterImpl-4315cdcd-d3fc-449b-ab87-b0d46a3c32e7/datanode-1/data/ratis/97fb5d99-4fbb-4703-8ef5-a2348ca445b8 has been successfully formatted.
2021-08-11 23:25:01,354 [pool-301-thread-1] INFO  ratis.ContainerStateMachine (ContainerStateMachine.java:loadSnapshot(225)) - group-A2348CA445B8: The snapshot info is null. Setting the last applied indexto:(t:0, i:~)
2021-08-11 23:25:01,355 [pool-301-thread-1] INFO  server.RaftServerConfigKeys (ConfUtils.java:logGet(44)) - raft.server.notification.no-leader.timeout = 300s (custom)
2021-08-11 23:25:01,355 [pool-301-thread-1] INFO  server.RaftServerConfigKeys (ConfUtils.java:logGet(44)) - raft.server.log.use.memory = false (default)
2021-08-11 23:25:01,355 [pool-301-thread-1] INFO  server.RaftServerConfigKeys (ConfUtils.java:logGet(44)) - raft.server.log.purge.gap = 1000000 (custom)
2021-08-11 23:25:01,355 [EventQueue-PipelineReportForPipelineReportHandler] INFO  pipeline.PipelineReportHandler (PipelineReportHandler.java:processPipelineReport(113)) - Reported pipeline PipelineID=6255beb7-01b8-45cb-b037-64fabd959392 is not found
2021-08-11 23:25:01,355 [pool-301-thread-1] INFO  server.RaftServerConfigKeys (ConfUtils.java:logGet(44)) - raft.server.log.appender.buffer.byte-limit = 33554432 (custom)
2021-08-11 23:25:01,355 [pool-301-thread-1] INFO  server.RaftServerConfigKeys (ConfUtils.java:logGet(44)) - raft.server.log.segment.size.max = 1048576 (custom)
2021-08-11 23:25:01,355 [pool-301-thread-1] INFO  server.RaftServerConfigKeys (ConfUtils.java:logGet(44)) - raft.server.log.segment.cache.num.max = 2 (custom)
2021-08-11 23:25:01,355 [pool-301-thread-1] INFO  server.RaftServerConfigKeys (ConfUtils.java:logGet(44)) - raft.server.log.segment.cache.size.max = 200MB (=209715200) (default)
2021-08-11 23:25:01,356 [pool-301-thread-1] INFO  segmented.SegmentedRaftLogWorker (SegmentedRaftLogWorker.java:<init>(182)) - new 0b67ed8f-f606-4780-b5a7-a4fc9fccae6a@group-A2348CA445B8-SegmentedRaftLogWorker for RaftStorageImpl:Storage Directory /home/runner/work/ozone/ozone/hadoop-ozone/integration-test/target/test-dir/MiniOzoneClusterImpl-4315cdcd-d3fc-449b-ab87-b0d46a3c32e7/datanode-1/data/ratis/97fb5d99-4fbb-4703-8ef5-a2348ca445b8
2021-08-11 23:25:01,356 [pool-301-thread-1] INFO  server.RaftServerConfigKeys (ConfUtils.java:logGet(44)) - raft.server.log.queue.byte-limit = 2147483647 (custom)
2021-08-11 23:25:01,356 [pool-301-thread-1] INFO  server.RaftServerConfigKeys (ConfUtils.java:logGet(44)) - raft.server.log.queue.element-limit = 1024 (custom)
2021-08-11 23:25:01,356 [pool-301-thread-1] INFO  server.RaftServerConfigKeys (ConfUtils.java:logGet(44)) - raft.server.log.segment.size.max = 1048576 (custom)
2021-08-11 23:25:01,356 [pool-301-thread-1] INFO  server.RaftServerConfigKeys (ConfUtils.java:logGet(44)) - raft.server.log.preallocated.size = 16384 (custom)
2021-08-11 23:25:01,356 [pool-301-thread-1] INFO  server.RaftServerConfigKeys (ConfUtils.java:logGet(44)) - raft.server.log.force.sync.num = 128 (default)
2021-08-11 23:25:01,356 [Command processor thread] INFO  server.RaftServer (RaftServerProxy.java:remove(106)) - 0b67ed8f-f606-4780-b5a7-a4fc9fccae6a: remove  FOLLOWER 0b67ed8f-f606-4780-b5a7-a4fc9fccae6a@group-64FABD959392:t2, leader=fcd6b89e-16e4-41c9-a02b-be5b8824d40a, voted=fcd6b89e-16e4-41c9-a02b-be5b8824d40a, raftlog=0b67ed8f-f606-4780-b5a7-a4fc9fccae6a@group-64FABD959392-SegmentedRaftLog:OPENED:c13,f13,i13, conf=12: [fcd6b89e-16e4-41c9-a02b-be5b8824d40a|rpc:10.1.0.25:44867|dataStream:|priority:0, 4bb1aeed-fabd-4403-b6c4-d79196e9cdee|rpc:10.1.0.25:36659|dataStream:|priority:1, 0b67ed8f-f606-4780-b5a7-a4fc9fccae6a|rpc:10.1.0.25:45237|dataStream:|priority:0], old=null RUNNING
2021-08-11 23:25:01,356 [Command processor thread] INFO  server.RaftServer$Division (RaftServerImpl.java:lambda$close$4(407)) - 0b67ed8f-f606-4780-b5a7-a4fc9fccae6a@group-64FABD959392: shutdown
2021-08-11 23:25:01,356 [Command processor thread] INFO  util.JmxRegister (JmxRegister.java:unregister(73)) - Successfully un-registered JMX Bean with object name Ratis:service=RaftServer,group=group-64FABD959392,id=0b67ed8f-f606-4780-b5a7-a4fc9fccae6a
2021-08-11 23:25:01,356 [Command processor thread] INFO  impl.RoleInfo (RoleInfo.java:shutdownFollowerState(108)) - 0b67ed8f-f606-4780-b5a7-a4fc9fccae6a: shutdown 0b67ed8f-f606-4780-b5a7-a4fc9fccae6a@group-64FABD959392-FollowerState
2021-08-11 23:25:01,356 [Command processor thread] INFO  impl.StateMachineUpdater (StateMachineUpdater.java:stopAndJoin(149)) - 0b67ed8f-f606-4780-b5a7-a4fc9fccae6a@group-64FABD959392-StateMachineUpdater: set stopIndex = 13
2021-08-11 23:25:01,356 [0b67ed8f-f606-4780-b5a7-a4fc9fccae6a@group-64FABD959392-FollowerState] INFO  impl.FollowerState (FollowerState.java:run(143)) - 0b67ed8f-f606-4780-b5a7-a4fc9fccae6a@group-64FABD959392-FollowerState was interrupted: {}
java.lang.InterruptedException: sleep interrupted
	at java.lang.Thread.sleep(Native Method)
	at java.lang.Thread.sleep(Thread.java:340)
	at java.util.concurrent.TimeUnit.sleep(TimeUnit.java:386)
	at org.apache.ratis.util.TimeDuration.sleep(TimeDuration.java:324)
	at org.apache.ratis.util.TimeDuration.sleep(TimeDuration.java:309)
	at org.apache.ratis.server.impl.FollowerState.run(FollowerState.java:118)
2021-08-11 23:25:01,356 [0b67ed8f-f606-4780-b5a7-a4fc9fccae6a@group-64FABD959392-StateMachineUpdater] INFO  ratis.ContainerStateMachine (ContainerStateMachine.java:takeSnapshot(293)) - group-64FABD959392: Taking a snapshot at:(t:2, i:13) file /home/runner/work/ozone/ozone/hadoop-ozone/integration-test/target/test-dir/MiniOzoneClusterImpl-4315cdcd-d3fc-449b-ab87-b0d46a3c32e7/datanode-1/data/ratis/6255beb7-01b8-45cb-b037-64fabd959392/sm/snapshot.2_13
2021-08-11 23:25:01,365 [pool-301-thread-1] INFO  server.RaftServerConfigKeys (ConfUtils.java:logGet(44)) - raft.server.log.statemachine.data.sync = true (default)
2021-08-11 23:25:01,365 [pool-301-thread-1] INFO  server.RaftServerConfigKeys (ConfUtils.java:logGet(44)) - raft.server.log.statemachine.data.sync.timeout = 10s (default)
2021-08-11 23:25:01,365 [pool-301-thread-1] INFO  server.RaftServerConfigKeys (ConfUtils.java:logGet(44)) - raft.server.log.statemachine.data.sync.timeout.retry = -1 (default)
2021-08-11 23:25:01,365 [pool-301-thread-1] INFO  server.RaftServerConfigKeys (ConfUtils.java:logGet(44)) - raft.server.log.write.buffer.size = 1048576 (custom)
2021-08-11 23:25:01,366 [pool-301-thread-1] INFO  server.RaftServerConfigKeys (ConfUtils.java:logGet(44)) - raft.server.log.statemachine.data.caching.enabled = true (custom)
2021-08-11 23:25:01,366 [pool-301-thread-1] INFO  segmented.SegmentedRaftLogWorker (SegmentedRaftLogWorker.java:lambda$new$0(133)) - 0b67ed8f-f606-4780-b5a7-a4fc9fccae6a@group-A2348CA445B8-SegmentedRaftLogWorker: flushIndex: setUnconditionally 0 -> -1
2021-08-11 23:25:01,366 [pool-301-thread-1] INFO  segmented.SegmentedRaftLogWorker (SegmentedRaftLogWorker.java:lambda$new$0(133)) - 0b67ed8f-f606-4780-b5a7-a4fc9fccae6a@group-A2348CA445B8-SegmentedRaftLogWorker: safeCacheEvictIndex: setUnconditionally 0 -> -1
2021-08-11 23:25:01,368 [pool-301-thread-1] INFO  server.RaftServerConfigKeys (ConfUtils.java:logGet(44)) - raft.server.snapshot.auto.trigger.enabled = true (custom)
2021-08-11 23:25:01,369 [pool-301-thread-1] INFO  server.RaftServerConfigKeys (ConfUtils.java:logGet(44)) - raft.server.snapshot.auto.trigger.threshold = 10000 (custom)
2021-08-11 23:25:01,369 [pool-301-thread-1] INFO  server.RaftServerConfigKeys (ConfUtils.java:logGet(44)) - raft.server.snapshot.retention.file.num = 5 (custom)
2021-08-11 23:25:01,369 [pool-301-thread-1] INFO  server.RaftServerConfigKeys (ConfUtils.java:logGet(44)) - raft.server.log.purge.upto.snapshot.index = false (default)
2021-08-11 23:25:01,369 [pool-301-thread-1] INFO  server.RaftServerConfigKeys (ConfUtils.java:logGet(44)) - raft.server.retrycache.expirytime = 600000ms (custom)
2021-08-11 23:25:01,369 [pool-301-thread-1] INFO  server.RaftServerConfigKeys (ConfUtils.java:logGet(44)) - raft.server.retrycache.statistics.expirytime = 100μs (default)
2021-08-11 23:25:01,369 [pool-301-thread-1] INFO  server.RaftServer$Division (RaftServerImpl.java:start(296)) - 0b67ed8f-f606-4780-b5a7-a4fc9fccae6a@group-A2348CA445B8: start as a follower, conf=-1: [fcd6b89e-16e4-41c9-a02b-be5b8824d40a|rpc:10.1.0.25:44867|dataStream:|priority:0, 4bb1aeed-fabd-4403-b6c4-d79196e9cdee|rpc:10.1.0.25:36659|dataStream:|priority:1, 0b67ed8f-f606-4780-b5a7-a4fc9fccae6a|rpc:10.1.0.25:45237|dataStream:|priority:0], old=null
2021-08-11 23:25:01,370 [pool-301-thread-1] INFO  server.RaftServer$Division (RaftServerImpl.java:setRole(285)) - 0b67ed8f-f606-4780-b5a7-a4fc9fccae6a@group-A2348CA445B8: changes role from      null to FOLLOWER at term 0 for startAsFollower
2021-08-11 23:25:01,370 [pool-301-thread-1] INFO  impl.RoleInfo (RoleInfo.java:updateAndGet(130)) - 0b67ed8f-f606-4780-b5a7-a4fc9fccae6a: start 0b67ed8f-f606-4780-b5a7-a4fc9fccae6a@group-A2348CA445B8-FollowerState
2021-08-11 23:25:01,376 [pool-301-thread-1] INFO  util.JmxRegister (JmxRegister.java:tryRegister(44)) - Successfully registered JMX Bean with object name Ratis:service=RaftServer,group=group-A2348CA445B8,id=0b67ed8f-f606-4780-b5a7-a4fc9fccae6a
2021-08-11 23:25:01,385 [0b67ed8f-f606-4780-b5a7-a4fc9fccae6a@group-64FABD959392-StateMachineUpdater] INFO  ratis.ContainerStateMachine (ContainerStateMachine.java:takeSnapshot(304)) - group-64FABD959392: Finished taking a snapshot at:(t:2, i:13) file:/home/runner/work/ozone/ozone/hadoop-ozone/integration-test/target/test-dir/MiniOzoneClusterImpl-4315cdcd-d3fc-449b-ab87-b0d46a3c32e7/datanode-1/data/ratis/6255beb7-01b8-45cb-b037-64fabd959392/sm/snapshot.2_13 took: 28 ms
2021-08-11 23:25:01,385 [0b67ed8f-f606-4780-b5a7-a4fc9fccae6a@group-64FABD959392-StateMachineUpdater] INFO  impl.StateMachineUpdater (StateMachineUpdater.java:takeSnapshot(281)) - 0b67ed8f-f606-4780-b5a7-a4fc9fccae6a@group-64FABD959392-StateMachineUpdater: Took a snapshot at index 13
2021-08-11 23:25:01,385 [0b67ed8f-f606-4780-b5a7-a4fc9fccae6a@group-64FABD959392-StateMachineUpdater] INFO  impl.StateMachineUpdater (StateMachineUpdater.java:lambda$new$0(89)) - 0b67ed8f-f606-4780-b5a7-a4fc9fccae6a@group-64FABD959392-StateMachineUpdater: snapshotIndex: updateIncreasingly -1 -> 13
2021-08-11 23:25:01,388 [Command processor thread] INFO  server.RaftServer$Division (ServerState.java:close(419)) - 0b67ed8f-f606-4780-b5a7-a4fc9fccae6a@group-64FABD959392: closes. applyIndex: 13
2021-08-11 23:25:01,388 [0b67ed8f-f606-4780-b5a7-a4fc9fccae6a@group-64FABD959392-SegmentedRaftLogWorker] INFO  segmented.SegmentedRaftLogWorker (SegmentedRaftLogWorker.java:run(327)) - 0b67ed8f-f606-4780-b5a7-a4fc9fccae6a@group-64FABD959392-SegmentedRaftLogWorker was interrupted, exiting. There are 0 tasks remaining in the queue.
2021-08-11 23:25:01,389 [Command processor thread] INFO  segmented.SegmentedRaftLogWorker (SegmentedRaftLogWorker.java:close(237)) - 0b67ed8f-f606-4780-b5a7-a4fc9fccae6a@group-64FABD959392-SegmentedRaftLogWorker close()
2021-08-11 23:25:01,392 [Command processor thread] ERROR commandhandler.ClosePipelineCommandHandler (ClosePipelineCommandHandler.java:handle(78)) - Can't close pipeline PipelineID=6255beb7-01b8-45cb-b037-64fabd959392
java.io.IOException: java.lang.NullPointerException
	at org.apache.hadoop.ozone.container.common.transport.server.ratis.XceiverServerRatis.removeGroup(XceiverServerRatis.java:781)
	at org.apache.hadoop.ozone.container.common.statemachine.commandhandler.ClosePipelineCommandHandler.handle(ClosePipelineCommandHandler.java:74)
	at org.apache.hadoop.ozone.container.common.statemachine.commandhandler.CommandDispatcher.handle(CommandDispatcher.java:99)
	at org.apache.hadoop.ozone.container.common.statemachine.DatanodeStateMachine.lambda$initCommandHandlerThread$2(DatanodeStateMachine.java:556)
	at java.lang.Thread.run(Thread.java:748)
Caused by: java.io.IOException: java.lang.NullPointerException
	at org.apache.ratis.util.IOUtils.asIOException(IOUtils.java:56)
	at org.apache.ratis.server.impl.RaftServerImpl.waitForReply(RaftServerImpl.java:898)
	at org.apache.ratis.server.impl.RaftServerProxy.groupManagement(RaftServerProxy.java:440)
	at org.apache.hadoop.ozone.container.common.transport.server.ratis.XceiverServerRatis.removeGroup(XceiverServerRatis.java:779)
	... 4 more
Caused by: java.lang.NullPointerException
	at org.apache.hadoop.ozone.container.ozoneimpl.ContainerController.markContainerForClose(ContainerController.java:83)
	at org.apache.hadoop.ozone.container.common.transport.server.ratis.ContainerStateMachine.notifyGroupRemove(ContainerStateMachine.java:903)
	at org.apache.ratis.server.impl.RaftServerImpl.groupRemove(RaftServerImpl.java:372)
	at org.apache.ratis.server.impl.RaftServerProxy.lambda$groupRemoveAsync$14(RaftServerProxy.java:507)
	at java.util.concurrent.CompletableFuture.uniApply(CompletableFuture.java:616)
	at java.util.concurrent.CompletableFuture.uniApplyStage(CompletableFuture.java:628)
	at java.util.concurrent.CompletableFuture.thenApply(CompletableFuture.java:1996)
	at org.apache.ratis.server.impl.RaftServerProxy.groupRemoveAsync(RaftServerProxy.java:506)
	at org.apache.ratis.server.impl.RaftServerProxy.groupManagementAsync(RaftServerProxy.java:460)
	... 6 more
2021-08-11 23:25:01,397 [Command processor thread] WARN  server.RaftServer (RaftServerProxy.java:remove(101)) - 0b67ed8f-f606-4780-b5a7-a4fc9fccae6a: does not contain group: group-64FABD959392
2021-08-11 23:25:01,397 [Command processor thread] ERROR commandhandler.ClosePipelineCommandHandler (ClosePipelineCommandHandler.java:handle(78)) - Can't close pipeline PipelineID=6255beb7-01b8-45cb-b037-64fabd959392
java.io.IOException: 0b67ed8f-f606-4780-b5a7-a4fc9fccae6a: Group group-64FABD959392 not found.
	at org.apache.hadoop.ozone.container.common.transport.server.ratis.XceiverServerRatis.removeGroup(XceiverServerRatis.java:781)
	at org.apache.hadoop.ozone.container.common.statemachine.commandhandler.ClosePipelineCommandHandler.handle(ClosePipelineCommandHandler.java:74)
	at org.apache.hadoop.ozone.container.common.statemachine.commandhandler.CommandDispatcher.handle(CommandDispatcher.java:99)
	at org.apache.hadoop.ozone.container.common.statemachine.DatanodeStateMachine.lambda$initCommandHandlerThread$2(DatanodeStateMachine.java:556)
	at java.lang.Thread.run(Thread.java:748)
Caused by: org.apache.ratis.protocol.exceptions.GroupMismatchException: 0b67ed8f-f606-4780-b5a7-a4fc9fccae6a: Group group-64FABD959392 not found.
	at org.apache.ratis.server.impl.RaftServerProxy.groupRemoveAsync(RaftServerProxy.java:504)
	at org.apache.ratis.server.impl.RaftServerProxy.groupManagementAsync(RaftServerProxy.java:460)
	at org.apache.ratis.server.impl.RaftServerProxy.groupManagement(RaftServerProxy.java:440)
	at org.apache.hadoop.ozone.container.common.transport.server.ratis.XceiverServerRatis.removeGroup(XceiverServerRatis.java:779)
	... 4 more
2021-08-11 23:25:01,397 [Command processor thread] INFO  commandhandler.CreatePipelineCommandHandler (CreatePipelineCommandHandler.java:handle(106)) - Created Pipeline RATIS THREE PipelineID=97fb5d99-4fbb-4703-8ef5-a2348ca445b8.
2021-08-11 23:25:01,412 [SCMBlockDeletingService#0] DEBUG block.SCMBlockDeletingService (SCMBlockDeletingService.java:call(133)) - Running DeletedBlockTransactionScanner
2021-08-11 23:25:01,512 [SCMBlockDeletingService#0] DEBUG block.SCMBlockDeletingService (SCMBlockDeletingService.java:call(133)) - Running DeletedBlockTransactionScanner
2021-08-11 23:25:01,555 [Listener at 127.0.0.1/35819] INFO  ozone.MiniOzoneClusterImpl (MiniOzoneClusterImpl.java:lambda$waitForClusterToBeReady$0(235)) - Nodes are ready. Got 3 of 3 DN Heartbeats.
2021-08-11 23:25:01,555 [Listener at 127.0.0.1/35819] INFO  ozone.MiniOzoneClusterImpl (MiniOzoneClusterImpl.java:lambda$waitForClusterToBeReady$0(238)) - Cluster exits safe mode
2021-08-11 23:25:01,555 [Listener at 127.0.0.1/35819] INFO  ozone.MiniOzoneClusterImpl (MiniOzoneClusterImpl.java:lambda$waitForClusterToBeReady$0(240)) - SCM became leader
2021-08-11 23:25:01,612 [SCMBlockDeletingService#0] DEBUG block.SCMBlockDeletingService (SCMBlockDeletingService.java:call(133)) - Running DeletedBlockTransactionScanner
2021-08-11 23:25:01,635 [Command processor thread] INFO  server.RaftServer (RaftServerProxy.java:remove(106)) - 4bb1aeed-fabd-4403-b6c4-d79196e9cdee: remove  FOLLOWER 4bb1aeed-fabd-4403-b6c4-d79196e9cdee@group-64FABD959392:t2, leader=fcd6b89e-16e4-41c9-a02b-be5b8824d40a, voted=null, raftlog=4bb1aeed-fabd-4403-b6c4-d79196e9cdee@group-64FABD959392-SegmentedRaftLog:OPENED:c13,f13,i13, conf=12: [fcd6b89e-16e4-41c9-a02b-be5b8824d40a|rpc:10.1.0.25:44867|dataStream:|priority:0, 4bb1aeed-fabd-4403-b6c4-d79196e9cdee|rpc:10.1.0.25:36659|dataStream:|priority:1, 0b67ed8f-f606-4780-b5a7-a4fc9fccae6a|rpc:10.1.0.25:45237|dataStream:|priority:0], old=null RUNNING
2021-08-11 23:25:01,635 [Command processor thread] INFO  server.RaftServer$Division (RaftServerImpl.java:lambda$close$4(407)) - 4bb1aeed-fabd-4403-b6c4-d79196e9cdee@group-64FABD959392: shutdown
2021-08-11 23:25:01,635 [Command processor thread] INFO  util.JmxRegister (JmxRegister.java:unregister(73)) - Successfully un-registered JMX Bean with object name Ratis:service=RaftServer,group=group-64FABD959392,id=4bb1aeed-fabd-4403-b6c4-d79196e9cdee
2021-08-11 23:25:01,635 [Command processor thread] INFO  impl.RoleInfo (RoleInfo.java:shutdownFollowerState(108)) - 4bb1aeed-fabd-4403-b6c4-d79196e9cdee: shutdown 4bb1aeed-fabd-4403-b6c4-d79196e9cdee@group-64FABD959392-FollowerState
2021-08-11 23:25:01,635 [Command processor thread] INFO  impl.StateMachineUpdater (StateMachineUpdater.java:stopAndJoin(149)) - 4bb1aeed-fabd-4403-b6c4-d79196e9cdee@group-64FABD959392-StateMachineUpdater: set stopIndex = 13
2021-08-11 23:25:01,636 [4bb1aeed-fabd-4403-b6c4-d79196e9cdee@group-64FABD959392-FollowerState] INFO  impl.FollowerState (FollowerState.java:run(143)) - 4bb1aeed-fabd-4403-b6c4-d79196e9cdee@group-64FABD959392-FollowerState was interrupted: {}
java.lang.InterruptedException: sleep interrupted
	at java.lang.Thread.sleep(Native Method)
	at java.lang.Thread.sleep(Thread.java:340)
	at java.util.concurrent.TimeUnit.sleep(TimeUnit.java:386)
	at org.apache.ratis.util.TimeDuration.sleep(TimeDuration.java:324)
	at org.apache.ratis.util.TimeDuration.sleep(TimeDuration.java:309)
	at org.apache.ratis.server.impl.FollowerState.run(FollowerState.java:118)
2021-08-11 23:25:01,636 [4bb1aeed-fabd-4403-b6c4-d79196e9cdee@group-64FABD959392-StateMachineUpdater] INFO  ratis.ContainerStateMachine (ContainerStateMachine.java:takeSnapshot(293)) - group-64FABD959392: Taking a snapshot at:(t:2, i:13) file /home/runner/work/ozone/ozone/hadoop-ozone/integration-test/target/test-dir/MiniOzoneClusterImpl-4315cdcd-d3fc-449b-ab87-b0d46a3c32e7/datanode-0/data/ratis/6255beb7-01b8-45cb-b037-64fabd959392/sm/snapshot.2_13
2021-08-11 23:25:01,643 [4bb1aeed-fabd-4403-b6c4-d79196e9cdee@group-64FABD959392-StateMachineUpdater] INFO  ratis.ContainerStateMachine (ContainerStateMachine.java:takeSnapshot(304)) - group-64FABD959392: Finished taking a snapshot at:(t:2, i:13) file:/home/runner/work/ozone/ozone/hadoop-ozone/integration-test/target/test-dir/MiniOzoneClusterImpl-4315cdcd-d3fc-449b-ab87-b0d46a3c32e7/datanode-0/data/ratis/6255beb7-01b8-45cb-b037-64fabd959392/sm/snapshot.2_13 took: 7 ms
2021-08-11 23:25:01,643 [4bb1aeed-fabd-4403-b6c4-d79196e9cdee@group-64FABD959392-StateMachineUpdater] INFO  impl.StateMachineUpdater (StateMachineUpdater.java:takeSnapshot(281)) - 4bb1aeed-fabd-4403-b6c4-d79196e9cdee@group-64FABD959392-StateMachineUpdater: Took a snapshot at index 13
2021-08-11 23:25:01,643 [4bb1aeed-fabd-4403-b6c4-d79196e9cdee@group-64FABD959392-StateMachineUpdater] INFO  impl.StateMachineUpdater (StateMachineUpdater.java:lambda$new$0(89)) - 4bb1aeed-fabd-4403-b6c4-d79196e9cdee@group-64FABD959392-StateMachineUpdater: snapshotIndex: updateIncreasingly 11 -> 13
2021-08-11 23:25:01,644 [Command processor thread] INFO  server.RaftServer$Division (ServerState.java:close(419)) - 4bb1aeed-fabd-4403-b6c4-d79196e9cdee@group-64FABD959392: closes. applyIndex: 13
2021-08-11 23:25:01,644 [4bb1aeed-fabd-4403-b6c4-d79196e9cdee@group-64FABD959392-SegmentedRaftLogWorker] INFO  segmented.SegmentedRaftLogWorker (SegmentedRaftLogWorker.java:run(327)) - 4bb1aeed-fabd-4403-b6c4-d79196e9cdee@group-64FABD959392-SegmentedRaftLogWorker was interrupted, exiting. There are 0 tasks remaining in the queue.
2021-08-11 23:25:01,645 [Command processor thread] INFO  segmented.SegmentedRaftLogWorker (SegmentedRaftLogWorker.java:close(237)) - 4bb1aeed-fabd-4403-b6c4-d79196e9cdee@group-64FABD959392-SegmentedRaftLogWorker close()
2021-08-11 23:25:01,647 [Command processor thread] INFO  server.RaftServer$Division (RaftServerImpl.java:groupRemove(377)) - 4bb1aeed-fabd-4403-b6c4-d79196e9cdee@group-64FABD959392: Succeed to remove RaftStorageDirectory Storage Directory /home/runner/work/ozone/ozone/hadoop-ozone/integration-test/target/test-dir/MiniOzoneClusterImpl-4315cdcd-d3fc-449b-ab87-b0d46a3c32e7/datanode-0/data/ratis/6255beb7-01b8-45cb-b037-64fabd959392
2021-08-11 23:25:01,647 [Command processor thread] INFO  commandhandler.ClosePipelineCommandHandler (ClosePipelineCommandHandler.java:handle(75)) - Close Pipeline PipelineID=6255beb7-01b8-45cb-b037-64fabd959392 command on datanode 4bb1aeed-fabd-4403-b6c4-d79196e9cdee.
2021-08-11 23:25:01,647 [Command processor thread] WARN  server.RaftServer (RaftServerProxy.java:remove(101)) - 4bb1aeed-fabd-4403-b6c4-d79196e9cdee: does not contain group: group-64FABD959392
2021-08-11 23:25:01,647 [Command processor thread] ERROR commandhandler.ClosePipelineCommandHandler (ClosePipelineCommandHandler.java:handle(78)) - Can't close pipeline PipelineID=6255beb7-01b8-45cb-b037-64fabd959392
java.io.IOException: 4bb1aeed-fabd-4403-b6c4-d79196e9cdee: Group group-64FABD959392 not found.
	at org.apache.hadoop.ozone.container.common.transport.server.ratis.XceiverServerRatis.removeGroup(XceiverServerRatis.java:781)
	at org.apache.hadoop.ozone.container.common.statemachine.commandhandler.ClosePipelineCommandHandler.handle(ClosePipelineCommandHandler.java:74)
	at org.apache.hadoop.ozone.container.common.statemachine.commandhandler.CommandDispatcher.handle(CommandDispatcher.java:99)
	at org.apache.hadoop.ozone.container.common.statemachine.DatanodeStateMachine.lambda$initCommandHandlerThread$2(DatanodeStateMachine.java:556)
	at java.lang.Thread.run(Thread.java:748)
Caused by: org.apache.ratis.protocol.exceptions.GroupMismatchException: 4bb1aeed-fabd-4403-b6c4-d79196e9cdee: Group group-64FABD959392 not found.
	at org.apache.ratis.server.impl.RaftServerProxy.groupRemoveAsync(RaftServerProxy.java:504)
	at org.apache.ratis.server.impl.RaftServerProxy.groupManagementAsync(RaftServerProxy.java:460)
	at org.apache.ratis.server.impl.RaftServerProxy.groupManagement(RaftServerProxy.java:440)
	at org.apache.hadoop.ozone.container.common.transport.server.ratis.XceiverServerRatis.removeGroup(XceiverServerRatis.java:779)
	... 4 more
2021-08-11 23:25:01,652 [Datanode State Machine Thread - 0] WARN  statemachine.StateContext (StateContext.java:execute(621)) - No available thread in pool for past 0 seconds.
2021-08-11 23:25:01,656 [Listener at 127.0.0.1/35819] INFO  container.ReplicationManager (ReplicationManager.java:sendDeleteCommand(1478)) - Sending delete container command for container #1 to datanode 4bb1aeed-fabd-4403-b6c4-d79196e9cdee{ip: 10.1.0.25, host: fv-az12-896.exdb2aeach2ezidoxz41lk3bwg.cx.internal.cloudapp.net, ports: [REPLICATION=34751, RATIS=36659, RATIS_ADMIN=36659, RATIS_SERVER=36659, STANDALONE=34429], networkLocation: /default-rack, certSerialId: null, persistedOpState: IN_SERVICE, persistedOpStateExpiryEpochSec: 0}
2021-08-11 23:25:01,656 [Listener at 127.0.0.1/35819] DEBUG container.ReplicationManager (ReplicationManager.java:handleContainerUnderDelete(979)) - Resend delete Container command for ContainerInfo{id=1, state=DELETING, pipelineID=PipelineID=6255beb7-01b8-45cb-b037-64fabd959392, stateEnterTime=2021-08-11T23:24:30.915Z, owner=om1}
2021-08-11 23:25:01,656 [Listener at 127.0.0.1/35819] INFO  container.ReplicationManager (ReplicationManager.java:processAll(341)) - Replication Monitor Thread took 1 milliseconds for processing 1 containers.
2021-08-11 23:25:01,657 [Listener at 127.0.0.1/35819] INFO  ozone.MiniOzoneClusterImpl (MiniOzoneClusterImpl.java:shutdown(453)) - Shutting down the Mini Ozone Cluster
2021-08-11 23:25:01,657 [Listener at 127.0.0.1/35819] INFO  ozone.MiniOzoneClusterImpl (MiniOzoneClusterImpl.java:stop(468)) - Stopping the Mini Ozone Cluster
2021-08-11 23:25:01,657 [Listener at 127.0.0.1/35819] INFO  ozone.MiniOzoneClusterImpl (MiniOzoneClusterImpl.java:stopOM(550)) - Stopping the OzoneManager
2021-08-11 23:25:01,657 [Listener at 127.0.0.1/35819] INFO  om.OzoneManager (OzoneManager.java:stop(1632)) - Stopping Ozone Manager
2021-08-11 23:25:01,657 [Listener at 127.0.0.1/35819] INFO  ipc.Server (Server.java:stop(3414)) - Stopping server on 35819
2021-08-11 23:25:01,665 [IPC Server Responder] INFO  ipc.Server (Server.java:run(1512)) - Stopping IPC Server Responder
2021-08-11 23:25:01,665 [Listener at 127.0.0.1/35819] INFO  server.RaftServer (RaftServerProxy.java:lambda$close$6(391)) - om1: close
2021-08-11 23:25:01,667 [Listener at 127.0.0.1/35819] INFO  server.RaftServer$Division (RaftServerImpl.java:lambda$close$4(407)) - om1@group-C5BA1605619E: shutdown
2021-08-11 23:25:01,667 [Listener at 127.0.0.1/35819] INFO  util.JmxRegister (JmxRegister.java:unregister(73)) - Successfully un-registered JMX Bean with object name Ratis:service=RaftServer,group=group-C5BA1605619E,id=om1
2021-08-11 23:25:01,667 [Listener at 127.0.0.1/35819] INFO  impl.RoleInfo (RoleInfo.java:shutdownLeaderState(91)) - om1: shutdown om1@group-C5BA1605619E-LeaderStateImpl
2021-08-11 23:25:01,667 [Listener at 127.0.0.1/35819] INFO  impl.PendingRequests (PendingRequests.java:sendNotLeaderResponses(282)) - om1@group-C5BA1605619E-PendingRequests: sendNotLeaderResponses
2021-08-11 23:25:01,665 [IPC Server listener on 0] INFO  ipc.Server (Server.java:run(1376)) - Stopping IPC Server listener on 0
2021-08-11 23:25:01,670 [Listener at 127.0.0.1/35819] INFO  impl.StateMachineUpdater (StateMachineUpdater.java:stopAndJoin(149)) - om1@group-C5BA1605619E-StateMachineUpdater: set stopIndex = 10
2021-08-11 23:25:01,671 [om1@group-C5BA1605619E-StateMachineUpdater] INFO  ratis.OzoneManagerStateMachine (OzoneManagerStateMachine.java:takeSnapshot(417)) - Current Snapshot Index (t:1, i:10)
2021-08-11 23:25:01,671 [om1@group-C5BA1605619E-StateMachineUpdater] INFO  impl.StateMachineUpdater (StateMachineUpdater.java:takeSnapshot(281)) - om1@group-C5BA1605619E-StateMachineUpdater: Took a snapshot at index 10
2021-08-11 23:25:01,671 [om1@group-C5BA1605619E-StateMachineUpdater] INFO  impl.StateMachineUpdater (StateMachineUpdater.java:lambda$new$0(89)) - om1@group-C5BA1605619E-StateMachineUpdater: snapshotIndex: updateIncreasingly -1 -> 10
2021-08-11 23:25:01,671 [om1@group-C5BA1605619E-StateMachineUpdater] INFO  ratis.OzoneManagerStateMachine (OzoneManagerStateMachine.java:close(471)) - StateMachine has shutdown. Shutdown OzoneManager if not already shutdown.
2021-08-11 23:25:01,671 [Listener at 127.0.0.1/35819] INFO  server.RaftServer$Division (ServerState.java:close(419)) - om1@group-C5BA1605619E: closes. applyIndex: 10
2021-08-11 23:25:01,671 [om1@group-C5BA1605619E-SegmentedRaftLogWorker] INFO  segmented.SegmentedRaftLogWorker (SegmentedRaftLogWorker.java:run(327)) - om1@group-C5BA1605619E-SegmentedRaftLogWorker was interrupted, exiting. There are 0 tasks remaining in the queue.
2021-08-11 23:25:01,676 [Listener at 127.0.0.1/35819] INFO  segmented.SegmentedRaftLogWorker (SegmentedRaftLogWorker.java:close(237)) - om1@group-C5BA1605619E-SegmentedRaftLogWorker close()
2021-08-11 23:25:01,677 [Listener at 127.0.0.1/35819] INFO  server.GrpcService (GrpcService.java:closeImpl(262)) - om1: shutdown server with port 9872 now
2021-08-11 23:25:01,677 [Listener at 127.0.0.1/35819] INFO  server.GrpcService (GrpcService.java:closeImpl(271)) - om1: shutdown server with port 9872 successfully
2021-08-11 23:25:01,678 [org.apache.ratis.util.JvmPauseMonitor$$Lambda$531/740858526@6c20dae4] INFO  util.JvmPauseMonitor (JvmPauseMonitor.java:run(109)) - JvmPauseMonitor-om1: Stopped
2021-08-11 23:25:01,680 [Listener at 127.0.0.1/35819] INFO  ratis.OzoneManagerDoubleBuffer (OzoneManagerDoubleBuffer.java:stop(437)) - Stopping OMDoubleBuffer flush thread
2021-08-11 23:25:01,680 [OMDoubleBufferFlushThread] INFO  ratis.OzoneManagerDoubleBuffer (OzoneManagerDoubleBuffer.java:flushTransactions(356)) - OMDoubleBuffer flush thread OMDoubleBufferFlushThread is interrupted and will exit. OMDoubleBufferFlushThread
2021-08-11 23:25:01,693 [Listener at 127.0.0.1/35819] INFO  utils.BackgroundService (BackgroundService.java:shutdown(132)) - Shutting down service KeyDeletingService
2021-08-11 23:25:01,695 [Listener at 127.0.0.1/35819] INFO  handler.ContextHandler (ContextHandler.java:doStop(1153)) - Stopped o.e.j.w.WebAppContext@33431376{ozoneManager,/,null,STOPPED}{file:/home/runner/work/ozone/ozone/hadoop-ozone/integration-test/target/test-classes/webapps/ozoneManager}
2021-08-11 23:25:01,697 [Listener at 127.0.0.1/35819] INFO  server.AbstractConnector (AbstractConnector.java:doStop(381)) - Stopped ServerConnector@3e91274{HTTP/1.1, (http/1.1)}{0.0.0.0:0}
2021-08-11 23:25:01,697 [Listener at 127.0.0.1/35819] INFO  server.session (HouseKeeper.java:stopScavenging(149)) - node0 Stopped scavenging
2021-08-11 23:25:01,697 [Listener at 127.0.0.1/35819] INFO  handler.ContextHandler (ContextHandler.java:doStop(1153)) - Stopped o.e.j.s.ServletContextHandler@4b6e7dc9{static,/static,file:///home/runner/work/ozone/ozone/hadoop-ozone/integration-test/target/test-classes/webapps/static,STOPPED}
2021-08-11 23:25:01,698 [Listener at 127.0.0.1/35819] INFO  handler.ContextHandler (ContextHandler.java:doStop(1153)) - Stopped o.e.j.s.ServletContextHandler@49c96044{logs,/logs,file:///home/runner/work/ozone/ozone/hadoop-ozone/integration-test/target/log,STOPPED}
2021-08-11 23:25:01,708 [Listener at 127.0.0.1/35819] INFO  ozone.MiniOzoneClusterImpl (MiniOzoneClusterImpl.java:stopDatanodes(527)) - Stopping the HddsDatanodes
2021-08-11 23:25:01,712 [SCMBlockDeletingService#0] DEBUG block.SCMBlockDeletingService (SCMBlockDeletingService.java:call(133)) - Running DeletedBlockTransactionScanner
2021-08-11 23:25:01,755 [Datanode State Machine Thread - 0] INFO  statemachine.DatanodeStateMachine (DatanodeStateMachine.java:lambda$startDaemon$0(457)) - Ozone container server started.
2021-08-11 23:25:01,812 [SCMBlockDeletingService#0] DEBUG block.SCMBlockDeletingService (SCMBlockDeletingService.java:call(133)) - Running DeletedBlockTransactionScanner
2021-08-11 23:25:01,853 [Datanode State Machine Thread - 0] INFO  statemachine.DatanodeStateMachine (DatanodeStateMachine.java:lambda$startDaemon$0(457)) - Ozone container server started.
2021-08-11 23:25:01,912 [SCMBlockDeletingService#0] DEBUG block.SCMBlockDeletingService (SCMBlockDeletingService.java:call(133)) - Running DeletedBlockTransactionScanner
2021-08-11 23:25:02,012 [SCMBlockDeletingService#0] DEBUG block.SCMBlockDeletingService (SCMBlockDeletingService.java:call(133)) - Running DeletedBlockTransactionScanner
2021-08-11 23:25:02,113 [SCMBlockDeletingService#0] DEBUG block.SCMBlockDeletingService (SCMBlockDeletingService.java:call(133)) - Running DeletedBlockTransactionScanner
2021-08-11 23:25:02,213 [SCMBlockDeletingService#0] DEBUG block.SCMBlockDeletingService (SCMBlockDeletingService.java:call(133)) - Running DeletedBlockTransactionScanner
2021-08-11 23:25:02,316 [SCMBlockDeletingService#0] DEBUG block.SCMBlockDeletingService (SCMBlockDeletingService.java:call(133)) - Running DeletedBlockTransactionScanner
2021-08-11 23:25:02,416 [SCMBlockDeletingService#0] DEBUG block.SCMBlockDeletingService (SCMBlockDeletingService.java:call(133)) - Running DeletedBlockTransactionScanner
2021-08-11 23:25:02,516 [SCMBlockDeletingService#0] DEBUG block.SCMBlockDeletingService (SCMBlockDeletingService.java:call(133)) - Running DeletedBlockTransactionScanner
2021-08-11 23:25:02,616 [SCMBlockDeletingService#0] DEBUG block.SCMBlockDeletingService (SCMBlockDeletingService.java:call(133)) - Running DeletedBlockTransactionScanner
2021-08-11 23:25:02,716 [SCMBlockDeletingService#0] DEBUG block.SCMBlockDeletingService (SCMBlockDeletingService.java:call(133)) - Running DeletedBlockTransactionScanner
2021-08-11 23:25:02,817 [SCMBlockDeletingService#0] DEBUG block.SCMBlockDeletingService (SCMBlockDeletingService.java:call(133)) - Running DeletedBlockTransactionScanner
2021-08-11 23:25:02,917 [SCMBlockDeletingService#0] DEBUG block.SCMBlockDeletingService (SCMBlockDeletingService.java:call(133)) - Running DeletedBlockTransactionScanner
2021-08-11 23:25:03,017 [SCMBlockDeletingService#0] DEBUG block.SCMBlockDeletingService (SCMBlockDeletingService.java:call(133)) - Running DeletedBlockTransactionScanner
2021-08-11 23:25:03,117 [SCMBlockDeletingService#0] DEBUG block.SCMBlockDeletingService (SCMBlockDeletingService.java:call(133)) - Running DeletedBlockTransactionScanner
2021-08-11 23:25:03,217 [SCMBlockDeletingService#0] DEBUG block.SCMBlockDeletingService (SCMBlockDeletingService.java:call(133)) - Running DeletedBlockTransactionScanner
2021-08-11 23:25:03,317 [SCMBlockDeletingService#0] DEBUG block.SCMBlockDeletingService (SCMBlockDeletingService.java:call(133)) - Running DeletedBlockTransactionScanner
2021-08-11 23:25:03,417 [SCMBlockDeletingService#0] DEBUG block.SCMBlockDeletingService (SCMBlockDeletingService.java:call(133)) - Running DeletedBlockTransactionScanner
2021-08-11 23:25:03,517 [SCMBlockDeletingService#0] DEBUG block.SCMBlockDeletingService (SCMBlockDeletingService.java:call(133)) - Running DeletedBlockTransactionScanner
2021-08-11 23:25:03,617 [SCMBlockDeletingService#0] DEBUG block.SCMBlockDeletingService (SCMBlockDeletingService.java:call(133)) - Running DeletedBlockTransactionScanner
2021-08-11 23:25:03,717 [SCMBlockDeletingService#0] DEBUG block.SCMBlockDeletingService (SCMBlockDeletingService.java:call(133)) - Running DeletedBlockTransactionScanner
2021-08-11 23:25:03,817 [SCMBlockDeletingService#0] DEBUG block.SCMBlockDeletingService (SCMBlockDeletingService.java:call(133)) - Running DeletedBlockTransactionScanner
2021-08-11 23:25:03,917 [SCMBlockDeletingService#0] DEBUG block.SCMBlockDeletingService (SCMBlockDeletingService.java:call(133)) - Running DeletedBlockTransactionScanner
2021-08-11 23:25:04,018 [SCMBlockDeletingService#0] DEBUG block.SCMBlockDeletingService (SCMBlockDeletingService.java:call(133)) - Running DeletedBlockTransactionScanner
2021-08-11 23:25:04,118 [SCMBlockDeletingService#0] DEBUG block.SCMBlockDeletingService (SCMBlockDeletingService.java:call(133)) - Running DeletedBlockTransactionScanner
2021-08-11 23:25:04,218 [SCMBlockDeletingService#0] DEBUG block.SCMBlockDeletingService (SCMBlockDeletingService.java:call(133)) - Running DeletedBlockTransactionScanner
2021-08-11 23:25:04,318 [SCMBlockDeletingService#0] DEBUG block.SCMBlockDeletingService (SCMBlockDeletingService.java:call(133)) - Running DeletedBlockTransactionScanner
2021-08-11 23:25:04,418 [SCMBlockDeletingService#0] DEBUG block.SCMBlockDeletingService (SCMBlockDeletingService.java:call(133)) - Running DeletedBlockTransactionScanner
2021-08-11 23:25:04,518 [SCMBlockDeletingService#0] DEBUG block.SCMBlockDeletingService (SCMBlockDeletingService.java:call(133)) - Running DeletedBlockTransactionScanner
2021-08-11 23:25:04,618 [SCMBlockDeletingService#0] DEBUG block.SCMBlockDeletingService (SCMBlockDeletingService.java:call(133)) - Running DeletedBlockTransactionScanner
2021-08-11 23:25:04,641 [EventQueue-StaleNodeForStaleNodeHandler] INFO  node.StaleNodeHandler (StaleNodeHandler.java:onMessage(58)) - Datanode 0b67ed8f-f606-4780-b5a7-a4fc9fccae6a{ip: 10.1.0.25, host: fv-az12-896.exdb2aeach2ezidoxz41lk3bwg.cx.internal.cloudapp.net, ports: [REPLICATION=38383, RATIS=45237, RATIS_ADMIN=45237, RATIS_SERVER=45237, STANDALONE=42107], networkLocation: /default-rack, certSerialId: null, persistedOpState: IN_SERVICE, persistedOpStateExpiryEpochSec: 0} moved to stale state. Finalizing its pipelines [PipelineID=97fb5d99-4fbb-4703-8ef5-a2348ca445b8]
2021-08-11 23:25:04,642 [EventQueue-StaleNodeForStaleNodeHandler] INFO  pipeline.PipelineManagerImpl (PipelineManagerImpl.java:closePipeline(343)) - Pipeline Pipeline[ Id: 97fb5d99-4fbb-4703-8ef5-a2348ca445b8, Nodes: 4bb1aeed-fabd-4403-b6c4-d79196e9cdee{ip: 10.1.0.25, host: fv-az12-896.exdb2aeach2ezidoxz41lk3bwg.cx.internal.cloudapp.net, ports: [REPLICATION=34751, RATIS=36659, RATIS_ADMIN=36659, RATIS_SERVER=36659, STANDALONE=34429], networkLocation: /default-rack, certSerialId: null, persistedOpState: IN_SERVICE, persistedOpStateExpiryEpochSec: 0}0b67ed8f-f606-4780-b5a7-a4fc9fccae6a{ip: 10.1.0.25, host: fv-az12-896.exdb2aeach2ezidoxz41lk3bwg.cx.internal.cloudapp.net, ports: [REPLICATION=38383, RATIS=45237, RATIS_ADMIN=45237, RATIS_SERVER=45237, STANDALONE=42107], networkLocation: /default-rack, certSerialId: null, persistedOpState: IN_SERVICE, persistedOpStateExpiryEpochSec: 0}fcd6b89e-16e4-41c9-a02b-be5b8824d40a{ip: 10.1.0.25, host: fv-az12-896.exdb2aeach2ezidoxz41lk3bwg.cx.internal.cloudapp.net, ports: [REPLICATION=37961, RATIS=44867, RATIS_ADMIN=44867, RATIS_SERVER=44867, STANDALONE=35621], networkLocation: /default-rack, certSerialId: null, persistedOpState: IN_SERVICE, persistedOpStateExpiryEpochSec: 0}, ReplicationConfig: RATIS/THREE, State:ALLOCATED, leaderId:, CreationTimestamp2021-08-11T23:25:00.839Z[Etc/UTC]] moved to CLOSED state
2021-08-11 23:25:04,718 [SCMBlockDeletingService#0] DEBUG block.SCMBlockDeletingService (SCMBlockDeletingService.java:call(133)) - Running DeletedBlockTransactionScanner
2021-08-11 23:25:04,741 [EventQueue-StaleNodeForStaleNodeHandler] INFO  node.StaleNodeHandler (StaleNodeHandler.java:onMessage(58)) - Datanode 4bb1aeed-fabd-4403-b6c4-d79196e9cdee{ip: 10.1.0.25, host: fv-az12-896.exdb2aeach2ezidoxz41lk3bwg.cx.internal.cloudapp.net, ports: [REPLICATION=34751, RATIS=36659, RATIS_ADMIN=36659, RATIS_SERVER=36659, STANDALONE=34429], networkLocation: /default-rack, certSerialId: null, persistedOpState: IN_SERVICE, persistedOpStateExpiryEpochSec: 0} moved to stale state. Finalizing its pipelines [PipelineID=97fb5d99-4fbb-4703-8ef5-a2348ca445b8]
2021-08-11 23:25:04,818 [SCMBlockDeletingService#0] DEBUG block.SCMBlockDeletingService (SCMBlockDeletingService.java:call(133)) - Running DeletedBlockTransactionScanner
2021-08-11 23:25:04,919 [SCMBlockDeletingService#0] DEBUG block.SCMBlockDeletingService (SCMBlockDeletingService.java:call(133)) - Running DeletedBlockTransactionScanner
2021-08-11 23:25:05,019 [SCMBlockDeletingService#0] DEBUG block.SCMBlockDeletingService (SCMBlockDeletingService.java:call(133)) - Running DeletedBlockTransactionScanner
2021-08-11 23:25:05,119 [SCMBlockDeletingService#0] DEBUG block.SCMBlockDeletingService (SCMBlockDeletingService.java:call(133)) - Running DeletedBlockTransactionScanner
2021-08-11 23:25:05,219 [SCMBlockDeletingService#0] DEBUG block.SCMBlockDeletingService (SCMBlockDeletingService.java:call(133)) - Running DeletedBlockTransactionScanner
2021-08-11 23:25:05,319 [SCMBlockDeletingService#0] DEBUG block.SCMBlockDeletingService (SCMBlockDeletingService.java:call(133)) - Running DeletedBlockTransactionScanner
2021-08-11 23:25:05,419 [SCMBlockDeletingService#0] DEBUG block.SCMBlockDeletingService (SCMBlockDeletingService.java:call(133)) - Running DeletedBlockTransactionScanner
2021-08-11 23:25:05,519 [SCMBlockDeletingService#0] DEBUG block.SCMBlockDeletingService (SCMBlockDeletingService.java:call(133)) - Running DeletedBlockTransactionScanner
2021-08-11 23:25:05,619 [SCMBlockDeletingService#0] DEBUG block.SCMBlockDeletingService (SCMBlockDeletingService.java:call(133)) - Running DeletedBlockTransactionScanner
2021-08-11 23:25:05,719 [SCMBlockDeletingService#0] DEBUG block.SCMBlockDeletingService (SCMBlockDeletingService.java:call(133)) - Running DeletedBlockTransactionScanner
2021-08-11 23:25:05,819 [SCMBlockDeletingService#0] DEBUG block.SCMBlockDeletingService (SCMBlockDeletingService.java:call(133)) - Running DeletedBlockTransactionScanner
2021-08-11 23:25:05,920 [SCMBlockDeletingService#0] DEBUG block.SCMBlockDeletingService (SCMBlockDeletingService.java:call(133)) - Running DeletedBlockTransactionScanner
2021-08-11 23:25:06,020 [SCMBlockDeletingService#0] DEBUG block.SCMBlockDeletingService (SCMBlockDeletingService.java:call(133)) - Running DeletedBlockTransactionScanner
2021-08-11 23:25:06,120 [SCMBlockDeletingService#0] DEBUG block.SCMBlockDeletingService (SCMBlockDeletingService.java:call(133)) - Running DeletedBlockTransactionScanner
2021-08-11 23:25:06,220 [SCMBlockDeletingService#0] DEBUG block.SCMBlockDeletingService (SCMBlockDeletingService.java:call(133)) - Running DeletedBlockTransactionScanner
2021-08-11 23:25:06,320 [SCMBlockDeletingService#0] DEBUG block.SCMBlockDeletingService (SCMBlockDeletingService.java:call(133)) - Running DeletedBlockTransactionScanner
2021-08-11 23:25:06,321 [fcd6b89e-16e4-41c9-a02b-be5b8824d40a@group-A2348CA445B8-FollowerState] INFO  impl.FollowerState (FollowerState.java:run(134)) - fcd6b89e-16e4-41c9-a02b-be5b8824d40a@group-A2348CA445B8-FollowerState: change to CANDIDATE, lastRpcElapsedTime:5050915433ns, electionTimeout:5043ms
2021-08-11 23:25:06,323 [fcd6b89e-16e4-41c9-a02b-be5b8824d40a@group-A2348CA445B8-FollowerState] INFO  impl.RoleInfo (RoleInfo.java:shutdownFollowerState(108)) - fcd6b89e-16e4-41c9-a02b-be5b8824d40a: shutdown fcd6b89e-16e4-41c9-a02b-be5b8824d40a@group-A2348CA445B8-FollowerState
2021-08-11 23:25:06,323 [fcd6b89e-16e4-41c9-a02b-be5b8824d40a@group-A2348CA445B8-FollowerState] INFO  server.RaftServer$Division (RaftServerImpl.java:setRole(285)) - fcd6b89e-16e4-41c9-a02b-be5b8824d40a@group-A2348CA445B8: changes role from  FOLLOWER to CANDIDATE at term 0 for changeToCandidate
2021-08-11 23:25:06,323 [fcd6b89e-16e4-41c9-a02b-be5b8824d40a@group-A2348CA445B8-FollowerState] INFO  server.RaftServerConfigKeys (ConfUtils.java:logGet(44)) - raft.server.leaderelection.pre-vote = false (custom)
2021-08-11 23:25:06,323 [fcd6b89e-16e4-41c9-a02b-be5b8824d40a@group-A2348CA445B8-FollowerState] INFO  impl.RoleInfo (RoleInfo.java:updateAndGet(130)) - fcd6b89e-16e4-41c9-a02b-be5b8824d40a: start fcd6b89e-16e4-41c9-a02b-be5b8824d40a@group-A2348CA445B8-LeaderElection8
2021-08-11 23:25:06,332 [fcd6b89e-16e4-41c9-a02b-be5b8824d40a@group-A2348CA445B8-LeaderElection8] INFO  impl.LeaderElection (LeaderElection.java:askForVotes(306)) - fcd6b89e-16e4-41c9-a02b-be5b8824d40a@group-A2348CA445B8-LeaderElection8 ELECTION round 0: submit vote requests at term 1 for -1: [fcd6b89e-16e4-41c9-a02b-be5b8824d40a|rpc:10.1.0.25:44867|priority:0, 4bb1aeed-fabd-4403-b6c4-d79196e9cdee|rpc:10.1.0.25:36659|priority:1, 0b67ed8f-f606-4780-b5a7-a4fc9fccae6a|rpc:10.1.0.25:45237|priority:0], old=null
2021-08-11 23:25:06,349 [grpc-default-executor-2] INFO  server.RaftServer$Division (RaftServerImpl.java:requestVote(1043)) - 4bb1aeed-fabd-4403-b6c4-d79196e9cdee@group-A2348CA445B8: receive requestVote(ELECTION, fcd6b89e-16e4-41c9-a02b-be5b8824d40a, group-A2348CA445B8, 1, (t:0, i:0))
2021-08-11 23:25:06,349 [grpc-default-executor-2] INFO  impl.VoteContext (VoteContext.java:log(48)) - 4bb1aeed-fabd-4403-b6c4-d79196e9cdee@group-A2348CA445B8-FOLLOWER: reject ELECTION from fcd6b89e-16e4-41c9-a02b-be5b8824d40a: our priority 1 > candidate's priority 0
2021-08-11 23:25:06,349 [grpc-default-executor-0] INFO  server.RaftServer$Division (RaftServerImpl.java:requestVote(1043)) - 0b67ed8f-f606-4780-b5a7-a4fc9fccae6a@group-A2348CA445B8: receive requestVote(ELECTION, fcd6b89e-16e4-41c9-a02b-be5b8824d40a, group-A2348CA445B8, 1, (t:0, i:0))
2021-08-11 23:25:06,349 [grpc-default-executor-0] INFO  impl.VoteContext (VoteContext.java:log(48)) - 0b67ed8f-f606-4780-b5a7-a4fc9fccae6a@group-A2348CA445B8-FOLLOWER: accept ELECTION from fcd6b89e-16e4-41c9-a02b-be5b8824d40a: our priority 0 <= candidate's priority 0
2021-08-11 23:25:06,349 [grpc-default-executor-0] INFO  server.RaftServer$Division (RaftServerImpl.java:setRole(285)) - 0b67ed8f-f606-4780-b5a7-a4fc9fccae6a@group-A2348CA445B8: changes role from  FOLLOWER to FOLLOWER at term 1 for candidate:fcd6b89e-16e4-41c9-a02b-be5b8824d40a
2021-08-11 23:25:06,349 [grpc-default-executor-0] INFO  impl.RoleInfo (RoleInfo.java:shutdownFollowerState(108)) - 0b67ed8f-f606-4780-b5a7-a4fc9fccae6a: shutdown 0b67ed8f-f606-4780-b5a7-a4fc9fccae6a@group-A2348CA445B8-FollowerState
2021-08-11 23:25:06,349 [grpc-default-executor-0] INFO  impl.RoleInfo (RoleInfo.java:updateAndGet(130)) - 0b67ed8f-f606-4780-b5a7-a4fc9fccae6a: start 0b67ed8f-f606-4780-b5a7-a4fc9fccae6a@group-A2348CA445B8-FollowerState
2021-08-11 23:25:06,350 [0b67ed8f-f606-4780-b5a7-a4fc9fccae6a@group-A2348CA445B8-FollowerState] INFO  impl.FollowerState (FollowerState.java:run(143)) - 0b67ed8f-f606-4780-b5a7-a4fc9fccae6a@group-A2348CA445B8-FollowerState was interrupted: {}
java.lang.InterruptedException: sleep interrupted
	at java.lang.Thread.sleep(Native Method)
	at java.lang.Thread.sleep(Thread.java:340)
	at java.util.concurrent.TimeUnit.sleep(TimeUnit.java:386)
	at org.apache.ratis.util.TimeDuration.sleep(TimeDuration.java:324)
	at org.apache.ratis.util.TimeDuration.sleep(TimeDuration.java:309)
	at org.apache.ratis.server.impl.FollowerState.run(FollowerState.java:118)
2021-08-11 23:25:06,349 [grpc-default-executor-2] INFO  server.RaftServer$Division (RaftServerImpl.java:setRole(285)) - 4bb1aeed-fabd-4403-b6c4-d79196e9cdee@group-A2348CA445B8: changes role from  FOLLOWER to FOLLOWER at term 1 for candidate:fcd6b89e-16e4-41c9-a02b-be5b8824d40a
2021-08-11 23:25:06,350 [grpc-default-executor-2] INFO  impl.RoleInfo (RoleInfo.java:shutdownFollowerState(108)) - 4bb1aeed-fabd-4403-b6c4-d79196e9cdee: shutdown 4bb1aeed-fabd-4403-b6c4-d79196e9cdee@group-A2348CA445B8-FollowerState
2021-08-11 23:25:06,350 [grpc-default-executor-2] INFO  impl.RoleInfo (RoleInfo.java:updateAndGet(130)) - 4bb1aeed-fabd-4403-b6c4-d79196e9cdee: start 4bb1aeed-fabd-4403-b6c4-d79196e9cdee@group-A2348CA445B8-FollowerState
2021-08-11 23:25:06,350 [4bb1aeed-fabd-4403-b6c4-d79196e9cdee@group-A2348CA445B8-FollowerState] INFO  impl.FollowerState (FollowerState.java:run(143)) - 4bb1aeed-fabd-4403-b6c4-d79196e9cdee@group-A2348CA445B8-FollowerState was interrupted: {}
java.lang.InterruptedException: sleep interrupted
	at java.lang.Thread.sleep(Native Method)
	at java.lang.Thread.sleep(Thread.java:340)
	at java.util.concurrent.TimeUnit.sleep(TimeUnit.java:386)
	at org.apache.ratis.util.TimeDuration.sleep(TimeDuration.java:324)
	at org.apache.ratis.util.TimeDuration.sleep(TimeDuration.java:309)
	at org.apache.ratis.server.impl.FollowerState.run(FollowerState.java:118)
2021-08-11 23:25:06,351 [grpc-default-executor-0] INFO  server.RaftServer$Division (RaftServerImpl.java:requestVote(1075)) - 0b67ed8f-f606-4780-b5a7-a4fc9fccae6a@group-A2348CA445B8 replies to ELECTION vote request: fcd6b89e-16e4-41c9-a02b-be5b8824d40a<-0b67ed8f-f606-4780-b5a7-a4fc9fccae6a#0:OK-t1. Peer's state: 0b67ed8f-f606-4780-b5a7-a4fc9fccae6a@group-A2348CA445B8:t1, leader=null, voted=fcd6b89e-16e4-41c9-a02b-be5b8824d40a, raftlog=0b67ed8f-f606-4780-b5a7-a4fc9fccae6a@group-A2348CA445B8-SegmentedRaftLog:OPENED:c-1,f-1,i0, conf=-1: [fcd6b89e-16e4-41c9-a02b-be5b8824d40a|rpc:10.1.0.25:44867|dataStream:|priority:0, 4bb1aeed-fabd-4403-b6c4-d79196e9cdee|rpc:10.1.0.25:36659|dataStream:|priority:1, 0b67ed8f-f606-4780-b5a7-a4fc9fccae6a|rpc:10.1.0.25:45237|dataStream:|priority:0], old=null
2021-08-11 23:25:06,355 [grpc-default-executor-2] INFO  server.RaftServer$Division (RaftServerImpl.java:requestVote(1075)) - 4bb1aeed-fabd-4403-b6c4-d79196e9cdee@group-A2348CA445B8 replies to ELECTION vote request: fcd6b89e-16e4-41c9-a02b-be5b8824d40a<-4bb1aeed-fabd-4403-b6c4-d79196e9cdee#0:FAIL-t1. Peer's state: 4bb1aeed-fabd-4403-b6c4-d79196e9cdee@group-A2348CA445B8:t1, leader=null, voted=null, raftlog=4bb1aeed-fabd-4403-b6c4-d79196e9cdee@group-A2348CA445B8-SegmentedRaftLog:OPENED:c-1,f-1,i0, conf=-1: [fcd6b89e-16e4-41c9-a02b-be5b8824d40a|rpc:10.1.0.25:44867|dataStream:|priority:0, 4bb1aeed-fabd-4403-b6c4-d79196e9cdee|rpc:10.1.0.25:36659|dataStream:|priority:1, 0b67ed8f-f606-4780-b5a7-a4fc9fccae6a|rpc:10.1.0.25:45237|dataStream:|priority:0], old=null
2021-08-11 23:25:06,360 [fcd6b89e-16e4-41c9-a02b-be5b8824d40a@group-A2348CA445B8-LeaderElection8] INFO  impl.LeaderElection (LeaderElection.java:logAndReturn(89)) - fcd6b89e-16e4-41c9-a02b-be5b8824d40a@group-A2348CA445B8-LeaderElection8: ELECTION REJECTED received 1 response(s) and 0 exception(s):
2021-08-11 23:25:06,361 [fcd6b89e-16e4-41c9-a02b-be5b8824d40a@group-A2348CA445B8-LeaderElection8] INFO  impl.LeaderElection (LeaderElection.java:logAndReturn(93)) -   Response 0: fcd6b89e-16e4-41c9-a02b-be5b8824d40a<-4bb1aeed-fabd-4403-b6c4-d79196e9cdee#0:FAIL-t1
2021-08-11 23:25:06,361 [fcd6b89e-16e4-41c9-a02b-be5b8824d40a@group-A2348CA445B8-LeaderElection8] INFO  impl.LeaderElection (LeaderElection.java:askForVotes(308)) - fcd6b89e-16e4-41c9-a02b-be5b8824d40a@group-A2348CA445B8-LeaderElection8 ELECTION round 0: result REJECTED
2021-08-11 23:25:06,364 [fcd6b89e-16e4-41c9-a02b-be5b8824d40a@group-A2348CA445B8-LeaderElection8] INFO  server.RaftServer$Division (RaftServerImpl.java:setRole(285)) - fcd6b89e-16e4-41c9-a02b-be5b8824d40a@group-A2348CA445B8: changes role from CANDIDATE to FOLLOWER at term 1 for REJECTED
2021-08-11 23:25:06,364 [fcd6b89e-16e4-41c9-a02b-be5b8824d40a@group-A2348CA445B8-LeaderElection8] INFO  impl.RoleInfo (RoleInfo.java:shutdownLeaderElection(121)) - fcd6b89e-16e4-41c9-a02b-be5b8824d40a: shutdown fcd6b89e-16e4-41c9-a02b-be5b8824d40a@group-A2348CA445B8-LeaderElection8
2021-08-11 23:25:06,364 [fcd6b89e-16e4-41c9-a02b-be5b8824d40a@group-A2348CA445B8-LeaderElection8] INFO  impl.RoleInfo (RoleInfo.java:updateAndGet(130)) - fcd6b89e-16e4-41c9-a02b-be5b8824d40a: start fcd6b89e-16e4-41c9-a02b-be5b8824d40a@group-A2348CA445B8-FollowerState
2021-08-11 23:25:06,420 [SCMBlockDeletingService#0] DEBUG block.SCMBlockDeletingService (SCMBlockDeletingService.java:call(133)) - Running DeletedBlockTransactionScanner
2021-08-11 23:25:06,520 [SCMBlockDeletingService#0] DEBUG block.SCMBlockDeletingService (SCMBlockDeletingService.java:call(133)) - Running DeletedBlockTransactionScanner
2021-08-11 23:25:06,620 [SCMBlockDeletingService#0] DEBUG block.SCMBlockDeletingService (SCMBlockDeletingService.java:call(133)) - Running DeletedBlockTransactionScanner
2021-08-11 23:25:06,709 [Listener at 127.0.0.1/35819] INFO  ozoneimpl.OzoneContainer (OzoneContainer.java:stop(326)) - Attempting to stop container services.
2021-08-11 23:25:06,709 [Listener at 127.0.0.1/35819] INFO  server.RaftServer (RaftServerProxy.java:lambda$close$6(391)) - 0b67ed8f-f606-4780-b5a7-a4fc9fccae6a: close
2021-08-11 23:25:06,710 [Listener at 127.0.0.1/35819] INFO  server.RaftServer$Division (RaftServerImpl.java:lambda$close$4(407)) - 0b67ed8f-f606-4780-b5a7-a4fc9fccae6a@group-A2348CA445B8: shutdown
2021-08-11 23:25:06,710 [Listener at 127.0.0.1/35819] INFO  util.JmxRegister (JmxRegister.java:unregister(73)) - Successfully un-registered JMX Bean with object name Ratis:service=RaftServer,group=group-A2348CA445B8,id=0b67ed8f-f606-4780-b5a7-a4fc9fccae6a
2021-08-11 23:25:06,710 [Listener at 127.0.0.1/35819] INFO  impl.RoleInfo (RoleInfo.java:shutdownFollowerState(108)) - 0b67ed8f-f606-4780-b5a7-a4fc9fccae6a: shutdown 0b67ed8f-f606-4780-b5a7-a4fc9fccae6a@group-A2348CA445B8-FollowerState
2021-08-11 23:25:06,710 [Listener at 127.0.0.1/35819] INFO  impl.StateMachineUpdater (StateMachineUpdater.java:stopAndJoin(149)) - 0b67ed8f-f606-4780-b5a7-a4fc9fccae6a@group-A2348CA445B8-StateMachineUpdater: set stopIndex = -1
2021-08-11 23:25:06,711 [Listener at 127.0.0.1/35819] INFO  server.RaftServer$Division (ServerState.java:close(419)) - 0b67ed8f-f606-4780-b5a7-a4fc9fccae6a@group-A2348CA445B8: closes. applyIndex: -1
2021-08-11 23:25:06,711 [0b67ed8f-f606-4780-b5a7-a4fc9fccae6a@group-A2348CA445B8-FollowerState] INFO  impl.FollowerState (FollowerState.java:run(143)) - 0b67ed8f-f606-4780-b5a7-a4fc9fccae6a@group-A2348CA445B8-FollowerState was interrupted: {}
java.lang.InterruptedException: sleep interrupted
	at java.lang.Thread.sleep(Native Method)
	at java.lang.Thread.sleep(Thread.java:340)
	at java.util.concurrent.TimeUnit.sleep(TimeUnit.java:386)
	at org.apache.ratis.util.TimeDuration.sleep(TimeDuration.java:324)
	at org.apache.ratis.util.TimeDuration.sleep(TimeDuration.java:309)
	at org.apache.ratis.server.impl.FollowerState.run(FollowerState.java:118)
2021-08-11 23:25:06,711 [0b67ed8f-f606-4780-b5a7-a4fc9fccae6a@group-A2348CA445B8-SegmentedRaftLogWorker] INFO  segmented.SegmentedRaftLogWorker (SegmentedRaftLogWorker.java:run(327)) - 0b67ed8f-f606-4780-b5a7-a4fc9fccae6a@group-A2348CA445B8-SegmentedRaftLogWorker was interrupted, exiting. There are 0 tasks remaining in the queue.
2021-08-11 23:25:06,712 [ForkJoinPool.commonPool-worker-0] INFO  ozoneimpl.OzoneContainer (OzoneContainer.java:stop(326)) - Attempting to stop container services.
2021-08-11 23:25:06,712 [ForkJoinPool.commonPool-worker-0] INFO  server.RaftServer (RaftServerProxy.java:lambda$close$6(391)) - 4bb1aeed-fabd-4403-b6c4-d79196e9cdee: close
2021-08-11 23:25:06,712 [ForkJoinPool.commonPool-worker-0] INFO  server.RaftServer$Division (RaftServerImpl.java:lambda$close$4(407)) - 4bb1aeed-fabd-4403-b6c4-d79196e9cdee@group-A2348CA445B8: shutdown
2021-08-11 23:25:06,712 [ForkJoinPool.commonPool-worker-0] INFO  util.JmxRegister (JmxRegister.java:unregister(73)) - Successfully un-registered JMX Bean with object name Ratis:service=RaftServer,group=group-A2348CA445B8,id=4bb1aeed-fabd-4403-b6c4-d79196e9cdee
2021-08-11 23:25:06,712 [ForkJoinPool.commonPool-worker-0] INFO  impl.RoleInfo (RoleInfo.java:shutdownFollowerState(108)) - 4bb1aeed-fabd-4403-b6c4-d79196e9cdee: shutdown 4bb1aeed-fabd-4403-b6c4-d79196e9cdee@group-A2348CA445B8-FollowerState
2021-08-11 23:25:06,712 [ForkJoinPool.commonPool-worker-0] INFO  impl.StateMachineUpdater (StateMachineUpdater.java:stopAndJoin(149)) - 4bb1aeed-fabd-4403-b6c4-d79196e9cdee@group-A2348CA445B8-StateMachineUpdater: set stopIndex = -1
2021-08-11 23:25:06,712 [4bb1aeed-fabd-4403-b6c4-d79196e9cdee@group-A2348CA445B8-FollowerState] INFO  impl.FollowerState (FollowerState.java:run(143)) - 4bb1aeed-fabd-4403-b6c4-d79196e9cdee@group-A2348CA445B8-FollowerState was interrupted: {}
java.lang.InterruptedException: sleep interrupted
	at java.lang.Thread.sleep(Native Method)
	at java.lang.Thread.sleep(Thread.java:340)
	at java.util.concurrent.TimeUnit.sleep(TimeUnit.java:386)
	at org.apache.ratis.util.TimeDuration.sleep(TimeDuration.java:324)
	at org.apache.ratis.util.TimeDuration.sleep(TimeDuration.java:309)
	at org.apache.ratis.server.impl.FollowerState.run(FollowerState.java:118)
2021-08-11 23:25:06,714 [Listener at 127.0.0.1/35819] INFO  segmented.SegmentedRaftLogWorker (SegmentedRaftLogWorker.java:close(237)) - 0b67ed8f-f606-4780-b5a7-a4fc9fccae6a@group-A2348CA445B8-SegmentedRaftLogWorker close()
2021-08-11 23:25:06,714 [ForkJoinPool.commonPool-worker-0] INFO  server.RaftServer$Division (ServerState.java:close(419)) - 4bb1aeed-fabd-4403-b6c4-d79196e9cdee@group-A2348CA445B8: closes. applyIndex: -1
2021-08-11 23:25:06,714 [4bb1aeed-fabd-4403-b6c4-d79196e9cdee@group-A2348CA445B8-SegmentedRaftLogWorker] INFO  segmented.SegmentedRaftLogWorker (SegmentedRaftLogWorker.java:run(327)) - 4bb1aeed-fabd-4403-b6c4-d79196e9cdee@group-A2348CA445B8-SegmentedRaftLogWorker was interrupted, exiting. There are 0 tasks remaining in the queue.
2021-08-11 23:25:06,714 [ForkJoinPool.commonPool-worker-0] INFO  segmented.SegmentedRaftLogWorker (SegmentedRaftLogWorker.java:close(237)) - 4bb1aeed-fabd-4403-b6c4-d79196e9cdee@group-A2348CA445B8-SegmentedRaftLogWorker close()
2021-08-11 23:25:06,720 [SCMBlockDeletingService#0] DEBUG block.SCMBlockDeletingService (SCMBlockDeletingService.java:call(133)) - Running DeletedBlockTransactionScanner
2021-08-11 23:25:06,721 [Listener at 127.0.0.1/35819] INFO  server.GrpcService (GrpcService.java:closeImpl(262)) - 0b67ed8f-f606-4780-b5a7-a4fc9fccae6a: shutdown server with port 45237 now
2021-08-11 23:25:06,722 [Listener at 127.0.0.1/35819] INFO  server.GrpcService (GrpcService.java:closeImpl(271)) - 0b67ed8f-f606-4780-b5a7-a4fc9fccae6a: shutdown server with port 45237 successfully
2021-08-11 23:25:06,722 [org.apache.ratis.util.JvmPauseMonitor$$Lambda$531/740858526@197ff5c3] INFO  util.JvmPauseMonitor (JvmPauseMonitor.java:run(109)) - JvmPauseMonitor-0b67ed8f-f606-4780-b5a7-a4fc9fccae6a: Stopped
2021-08-11 23:25:06,722 [ForkJoinPool.commonPool-worker-0] INFO  server.GrpcService (GrpcService.java:closeImpl(262)) - 4bb1aeed-fabd-4403-b6c4-d79196e9cdee: shutdown server with port 36659 now
2021-08-11 23:25:06,723 [Listener at 127.0.0.1/35819] INFO  utils.BackgroundService (BackgroundService.java:shutdown(132)) - Shutting down service BlockDeletingService
2021-08-11 23:25:06,724 [ForkJoinPool.commonPool-worker-0] INFO  server.GrpcService (GrpcService.java:closeImpl(271)) - 4bb1aeed-fabd-4403-b6c4-d79196e9cdee: shutdown server with port 36659 successfully
2021-08-11 23:25:06,725 [org.apache.ratis.util.JvmPauseMonitor$$Lambda$531/740858526@2a78a943] INFO  util.JvmPauseMonitor (JvmPauseMonitor.java:run(109)) - JvmPauseMonitor-4bb1aeed-fabd-4403-b6c4-d79196e9cdee: Stopped
2021-08-11 23:25:06,727 [ForkJoinPool.commonPool-worker-0] INFO  utils.BackgroundService (BackgroundService.java:shutdown(132)) - Shutting down service BlockDeletingService
2021-08-11 23:25:06,821 [SCMBlockDeletingService#0] DEBUG block.SCMBlockDeletingService (SCMBlockDeletingService.java:call(133)) - Running DeletedBlockTransactionScanner
2021-08-11 23:25:06,921 [SCMBlockDeletingService#0] DEBUG block.SCMBlockDeletingService (SCMBlockDeletingService.java:call(133)) - Running DeletedBlockTransactionScanner
2021-08-11 23:25:07,021 [SCMBlockDeletingService#0] DEBUG block.SCMBlockDeletingService (SCMBlockDeletingService.java:call(133)) - Running DeletedBlockTransactionScanner
2021-08-11 23:25:07,121 [SCMBlockDeletingService#0] DEBUG block.SCMBlockDeletingService (SCMBlockDeletingService.java:call(133)) - Running DeletedBlockTransactionScanner
2021-08-11 23:25:07,221 [SCMBlockDeletingService#0] DEBUG block.SCMBlockDeletingService (SCMBlockDeletingService.java:call(133)) - Running DeletedBlockTransactionScanner
2021-08-11 23:25:07,321 [SCMBlockDeletingService#0] DEBUG block.SCMBlockDeletingService (SCMBlockDeletingService.java:call(133)) - Running DeletedBlockTransactionScanner
2021-08-11 23:25:07,421 [SCMBlockDeletingService#0] DEBUG block.SCMBlockDeletingService (SCMBlockDeletingService.java:call(133)) - Running DeletedBlockTransactionScanner
2021-08-11 23:25:07,521 [SCMBlockDeletingService#0] DEBUG block.SCMBlockDeletingService (SCMBlockDeletingService.java:call(133)) - Running DeletedBlockTransactionScanner
2021-08-11 23:25:07,621 [SCMBlockDeletingService#0] DEBUG block.SCMBlockDeletingService (SCMBlockDeletingService.java:call(133)) - Running DeletedBlockTransactionScanner
2021-08-11 23:25:07,722 [SCMBlockDeletingService#0] DEBUG block.SCMBlockDeletingService (SCMBlockDeletingService.java:call(133)) - Running DeletedBlockTransactionScanner
2021-08-11 23:25:07,822 [SCMBlockDeletingService#0] DEBUG block.SCMBlockDeletingService (SCMBlockDeletingService.java:call(133)) - Running DeletedBlockTransactionScanner
2021-08-11 23:25:07,922 [SCMBlockDeletingService#0] DEBUG block.SCMBlockDeletingService (SCMBlockDeletingService.java:call(133)) - Running DeletedBlockTransactionScanner
2021-08-11 23:25:08,022 [SCMBlockDeletingService#0] DEBUG block.SCMBlockDeletingService (SCMBlockDeletingService.java:call(133)) - Running DeletedBlockTransactionScanner
2021-08-11 23:25:08,122 [SCMBlockDeletingService#0] DEBUG block.SCMBlockDeletingService (SCMBlockDeletingService.java:call(133)) - Running DeletedBlockTransactionScanner
2021-08-11 23:25:08,222 [SCMBlockDeletingService#0] DEBUG block.SCMBlockDeletingService (SCMBlockDeletingService.java:call(133)) - Running DeletedBlockTransactionScanner
2021-08-11 23:25:08,322 [SCMBlockDeletingService#0] DEBUG block.SCMBlockDeletingService (SCMBlockDeletingService.java:call(133)) - Running DeletedBlockTransactionScanner
2021-08-11 23:25:08,422 [SCMBlockDeletingService#0] DEBUG block.SCMBlockDeletingService (SCMBlockDeletingService.java:call(133)) - Running DeletedBlockTransactionScanner
2021-08-11 23:25:08,523 [SCMBlockDeletingService#0] DEBUG block.SCMBlockDeletingService (SCMBlockDeletingService.java:call(133)) - Running DeletedBlockTransactionScanner
2021-08-11 23:25:08,623 [SCMBlockDeletingService#0] DEBUG block.SCMBlockDeletingService (SCMBlockDeletingService.java:call(133)) - Running DeletedBlockTransactionScanner
2021-08-11 23:25:08,723 [SCMBlockDeletingService#0] DEBUG block.SCMBlockDeletingService (SCMBlockDeletingService.java:call(133)) - Running DeletedBlockTransactionScanner
2021-08-11 23:25:08,823 [SCMBlockDeletingService#0] DEBUG block.SCMBlockDeletingService (SCMBlockDeletingService.java:call(133)) - Running DeletedBlockTransactionScanner
2021-08-11 23:25:08,923 [SCMBlockDeletingService#0] DEBUG block.SCMBlockDeletingService (SCMBlockDeletingService.java:call(133)) - Running DeletedBlockTransactionScanner
2021-08-11 23:25:09,023 [SCMBlockDeletingService#0] DEBUG block.SCMBlockDeletingService (SCMBlockDeletingService.java:call(133)) - Running DeletedBlockTransactionScanner
2021-08-11 23:25:09,123 [SCMBlockDeletingService#0] DEBUG block.SCMBlockDeletingService (SCMBlockDeletingService.java:call(133)) - Running DeletedBlockTransactionScanner
2021-08-11 23:25:09,223 [SCMBlockDeletingService#0] DEBUG block.SCMBlockDeletingService (SCMBlockDeletingService.java:call(133)) - Running DeletedBlockTransactionScanner
2021-08-11 23:25:09,324 [SCMBlockDeletingService#0] DEBUG block.SCMBlockDeletingService (SCMBlockDeletingService.java:call(133)) - Running DeletedBlockTransactionScanner
2021-08-11 23:25:09,424 [SCMBlockDeletingService#0] DEBUG block.SCMBlockDeletingService (SCMBlockDeletingService.java:call(133)) - Running DeletedBlockTransactionScanner
2021-08-11 23:25:09,524 [SCMBlockDeletingService#0] DEBUG block.SCMBlockDeletingService (SCMBlockDeletingService.java:call(133)) - Running DeletedBlockTransactionScanner
2021-08-11 23:25:09,624 [SCMBlockDeletingService#0] DEBUG block.SCMBlockDeletingService (SCMBlockDeletingService.java:call(133)) - Running DeletedBlockTransactionScanner
2021-08-11 23:25:09,724 [SCMBlockDeletingService#0] DEBUG block.SCMBlockDeletingService (SCMBlockDeletingService.java:call(133)) - Running DeletedBlockTransactionScanner
2021-08-11 23:25:09,735 [Listener at 127.0.0.1/35819] INFO  statemachine.DatanodeStateMachine (DatanodeStateMachine.java:stopDaemon(515)) - Ozone container server stopped.
2021-08-11 23:25:09,736 [Listener at 127.0.0.1/35819] INFO  handler.ContextHandler (ContextHandler.java:doStop(1153)) - Stopped o.e.j.w.WebAppContext@49249169{hddsDatanode,/,null,STOPPED}{jar:file:/home/runner/.m2/repository/org/apache/ozone/hdds-container-service/1.2.0-SNAPSHOT/hdds-container-service-1.2.0-SNAPSHOT.jar!/webapps/hddsDatanode}
2021-08-11 23:25:09,736 [Listener at 127.0.0.1/35819] INFO  server.AbstractConnector (AbstractConnector.java:doStop(381)) - Stopped ServerConnector@5b47dab5{HTTP/1.1, (http/1.1)}{0.0.0.0:0}
2021-08-11 23:25:09,737 [Listener at 127.0.0.1/35819] INFO  server.session (HouseKeeper.java:stopScavenging(149)) - node0 Stopped scavenging
2021-08-11 23:25:09,737 [Listener at 127.0.0.1/35819] INFO  handler.ContextHandler (ContextHandler.java:doStop(1153)) - Stopped o.e.j.s.ServletContextHandler@3a49c558{static,/static,jar:file:/home/runner/.m2/repository/org/apache/ozone/hdds-container-service/1.2.0-SNAPSHOT/hdds-container-service-1.2.0-SNAPSHOT.jar!/webapps/static,STOPPED}
2021-08-11 23:25:09,737 [Listener at 127.0.0.1/35819] INFO  handler.ContextHandler (ContextHandler.java:doStop(1153)) - Stopped o.e.j.s.ServletContextHandler@553f411b{logs,/logs,file:///home/runner/work/ozone/ozone/hadoop-ozone/integration-test/target/log,STOPPED}
2021-08-11 23:25:09,749 [ForkJoinPool.commonPool-worker-0] INFO  statemachine.DatanodeStateMachine (DatanodeStateMachine.java:stopDaemon(515)) - Ozone container server stopped.
2021-08-11 23:25:09,751 [ForkJoinPool.commonPool-worker-0] INFO  handler.ContextHandler (ContextHandler.java:doStop(1153)) - Stopped o.e.j.w.WebAppContext@835a7d0{hddsDatanode,/,null,STOPPED}{jar:file:/home/runner/.m2/repository/org/apache/ozone/hdds-container-service/1.2.0-SNAPSHOT/hdds-container-service-1.2.0-SNAPSHOT.jar!/webapps/hddsDatanode}
2021-08-11 23:25:09,752 [ForkJoinPool.commonPool-worker-0] INFO  server.AbstractConnector (AbstractConnector.java:doStop(381)) - Stopped ServerConnector@5230426b{HTTP/1.1, (http/1.1)}{0.0.0.0:35045}
2021-08-11 23:25:09,752 [ForkJoinPool.commonPool-worker-0] INFO  server.session (HouseKeeper.java:stopScavenging(149)) - node0 Stopped scavenging
2021-08-11 23:25:09,752 [ForkJoinPool.commonPool-worker-0] INFO  handler.ContextHandler (ContextHandler.java:doStop(1153)) - Stopped o.e.j.s.ServletContextHandler@277b0e94{static,/static,jar:file:/home/runner/.m2/repository/org/apache/ozone/hdds-container-service/1.2.0-SNAPSHOT/hdds-container-service-1.2.0-SNAPSHOT.jar!/webapps/static,STOPPED}
2021-08-11 23:25:09,758 [ForkJoinPool.commonPool-worker-0] INFO  handler.ContextHandler (ContextHandler.java:doStop(1153)) - Stopped o.e.j.s.ServletContextHandler@6bca329b{logs,/logs,file:///home/runner/work/ozone/ozone/hadoop-ozone/integration-test/target/log,STOPPED}
2021-08-11 23:25:09,824 [SCMBlockDeletingService#0] DEBUG block.SCMBlockDeletingService (SCMBlockDeletingService.java:call(133)) - Running DeletedBlockTransactionScanner
2021-08-11 23:25:09,866 [Datanode State Machine Thread - 0] INFO  statemachine.DatanodeStateMachine (DatanodeStateMachine.java:lambda$startDaemon$0(457)) - Ozone container server started.
2021-08-11 23:25:09,924 [SCMBlockDeletingService#0] DEBUG block.SCMBlockDeletingService (SCMBlockDeletingService.java:call(133)) - Running DeletedBlockTransactionScanner
2021-08-11 23:25:10,024 [SCMBlockDeletingService#0] DEBUG block.SCMBlockDeletingService (SCMBlockDeletingService.java:call(133)) - Running DeletedBlockTransactionScanner
2021-08-11 23:25:10,124 [SCMBlockDeletingService#0] DEBUG block.SCMBlockDeletingService (SCMBlockDeletingService.java:call(133)) - Running DeletedBlockTransactionScanner
2021-08-11 23:25:10,224 [SCMBlockDeletingService#0] DEBUG block.SCMBlockDeletingService (SCMBlockDeletingService.java:call(133)) - Running DeletedBlockTransactionScanner
2021-08-11 23:25:10,325 [SCMBlockDeletingService#0] DEBUG block.SCMBlockDeletingService (SCMBlockDeletingService.java:call(133)) - Running DeletedBlockTransactionScanner
2021-08-11 23:25:10,425 [SCMBlockDeletingService#0] DEBUG block.SCMBlockDeletingService (SCMBlockDeletingService.java:call(133)) - Running DeletedBlockTransactionScanner
2021-08-11 23:25:10,525 [SCMBlockDeletingService#0] DEBUG block.SCMBlockDeletingService (SCMBlockDeletingService.java:call(133)) - Running DeletedBlockTransactionScanner
2021-08-11 23:25:10,625 [SCMBlockDeletingService#0] DEBUG block.SCMBlockDeletingService (SCMBlockDeletingService.java:call(133)) - Running DeletedBlockTransactionScanner
2021-08-11 23:25:10,725 [SCMBlockDeletingService#0] DEBUG block.SCMBlockDeletingService (SCMBlockDeletingService.java:call(133)) - Running DeletedBlockTransactionScanner
2021-08-11 23:25:10,825 [SCMBlockDeletingService#0] DEBUG block.SCMBlockDeletingService (SCMBlockDeletingService.java:call(133)) - Running DeletedBlockTransactionScanner
2021-08-11 23:25:10,925 [SCMBlockDeletingService#0] DEBUG block.SCMBlockDeletingService (SCMBlockDeletingService.java:call(133)) - Running DeletedBlockTransactionScanner
2021-08-11 23:25:11,025 [SCMBlockDeletingService#0] DEBUG block.SCMBlockDeletingService (SCMBlockDeletingService.java:call(133)) - Running DeletedBlockTransactionScanner
2021-08-11 23:25:11,125 [SCMBlockDeletingService#0] DEBUG block.SCMBlockDeletingService (SCMBlockDeletingService.java:call(133)) - Running DeletedBlockTransactionScanner
2021-08-11 23:25:11,225 [SCMBlockDeletingService#0] DEBUG block.SCMBlockDeletingService (SCMBlockDeletingService.java:call(133)) - Running DeletedBlockTransactionScanner
2021-08-11 23:25:11,325 [SCMBlockDeletingService#0] DEBUG block.SCMBlockDeletingService (SCMBlockDeletingService.java:call(133)) - Running DeletedBlockTransactionScanner
2021-08-11 23:25:11,426 [SCMBlockDeletingService#0] DEBUG block.SCMBlockDeletingService (SCMBlockDeletingService.java:call(133)) - Running DeletedBlockTransactionScanner
2021-08-11 23:25:11,517 [fcd6b89e-16e4-41c9-a02b-be5b8824d40a@group-A2348CA445B8-FollowerState] INFO  impl.FollowerState (FollowerState.java:run(134)) - fcd6b89e-16e4-41c9-a02b-be5b8824d40a@group-A2348CA445B8-FollowerState: change to CANDIDATE, lastRpcElapsedTime:5152538885ns, electionTimeout:5152ms
2021-08-11 23:25:11,517 [fcd6b89e-16e4-41c9-a02b-be5b8824d40a@group-A2348CA445B8-FollowerState] INFO  impl.RoleInfo (RoleInfo.java:shutdownFollowerState(108)) - fcd6b89e-16e4-41c9-a02b-be5b8824d40a: shutdown fcd6b89e-16e4-41c9-a02b-be5b8824d40a@group-A2348CA445B8-FollowerState
2021-08-11 23:25:11,517 [fcd6b89e-16e4-41c9-a02b-be5b8824d40a@group-A2348CA445B8-FollowerState] INFO  server.RaftServer$Division (RaftServerImpl.java:setRole(285)) - fcd6b89e-16e4-41c9-a02b-be5b8824d40a@group-A2348CA445B8: changes role from  FOLLOWER to CANDIDATE at term 1 for changeToCandidate
2021-08-11 23:25:11,517 [fcd6b89e-16e4-41c9-a02b-be5b8824d40a@group-A2348CA445B8-FollowerState] INFO  server.RaftServerConfigKeys (ConfUtils.java:logGet(44)) - raft.server.leaderelection.pre-vote = false (custom)
2021-08-11 23:25:11,517 [fcd6b89e-16e4-41c9-a02b-be5b8824d40a@group-A2348CA445B8-FollowerState] INFO  impl.RoleInfo (RoleInfo.java:updateAndGet(130)) - fcd6b89e-16e4-41c9-a02b-be5b8824d40a: start fcd6b89e-16e4-41c9-a02b-be5b8824d40a@group-A2348CA445B8-LeaderElection9
2021-08-11 23:25:11,526 [SCMBlockDeletingService#0] DEBUG block.SCMBlockDeletingService (SCMBlockDeletingService.java:call(133)) - Running DeletedBlockTransactionScanner
2021-08-11 23:25:11,527 [fcd6b89e-16e4-41c9-a02b-be5b8824d40a@group-A2348CA445B8-LeaderElection9] INFO  impl.LeaderElection (LeaderElection.java:askForVotes(306)) - fcd6b89e-16e4-41c9-a02b-be5b8824d40a@group-A2348CA445B8-LeaderElection9 ELECTION round 0: submit vote requests at term 2 for -1: [fcd6b89e-16e4-41c9-a02b-be5b8824d40a|rpc:10.1.0.25:44867|priority:0, 4bb1aeed-fabd-4403-b6c4-d79196e9cdee|rpc:10.1.0.25:36659|priority:1, 0b67ed8f-f606-4780-b5a7-a4fc9fccae6a|rpc:10.1.0.25:45237|priority:0], old=null
2021-08-11 23:25:11,533 [fcd6b89e-16e4-41c9-a02b-be5b8824d40a@group-A2348CA445B8-LeaderElection9] INFO  impl.LeaderElection (LogUtils.java:infoOrTrace(137)) - fcd6b89e-16e4-41c9-a02b-be5b8824d40a@group-A2348CA445B8-LeaderElection9 got exception when requesting votes: java.util.concurrent.ExecutionException: org.apache.ratis.thirdparty.io.grpc.StatusRuntimeException: UNAVAILABLE: io exception
2021-08-11 23:25:11,544 [fcd6b89e-16e4-41c9-a02b-be5b8824d40a@group-A2348CA445B8-LeaderElection9] INFO  impl.LeaderElection (LogUtils.java:infoOrTrace(137)) - fcd6b89e-16e4-41c9-a02b-be5b8824d40a@group-A2348CA445B8-LeaderElection9 got exception when requesting votes: java.util.concurrent.ExecutionException: org.apache.ratis.thirdparty.io.grpc.StatusRuntimeException: UNAVAILABLE: io exception
2021-08-11 23:25:11,544 [fcd6b89e-16e4-41c9-a02b-be5b8824d40a@group-A2348CA445B8-LeaderElection9] INFO  impl.LeaderElection (LeaderElection.java:logAndReturn(89)) - fcd6b89e-16e4-41c9-a02b-be5b8824d40a@group-A2348CA445B8-LeaderElection9: ELECTION REJECTED received 0 response(s) and 2 exception(s):
2021-08-11 23:25:11,544 [fcd6b89e-16e4-41c9-a02b-be5b8824d40a@group-A2348CA445B8-LeaderElection9] INFO  impl.LeaderElection (LogUtils.java:infoOrTrace(137)) -   Exception 0: java.util.concurrent.ExecutionException: org.apache.ratis.thirdparty.io.grpc.StatusRuntimeException: UNAVAILABLE: io exception
2021-08-11 23:25:11,544 [fcd6b89e-16e4-41c9-a02b-be5b8824d40a@group-A2348CA445B8-LeaderElection9] INFO  impl.LeaderElection (LogUtils.java:infoOrTrace(137)) -   Exception 1: java.util.concurrent.ExecutionException: org.apache.ratis.thirdparty.io.grpc.StatusRuntimeException: UNAVAILABLE: io exception
2021-08-11 23:25:11,544 [fcd6b89e-16e4-41c9-a02b-be5b8824d40a@group-A2348CA445B8-LeaderElection9] INFO  impl.LeaderElection (LeaderElection.java:askForVotes(308)) - fcd6b89e-16e4-41c9-a02b-be5b8824d40a@group-A2348CA445B8-LeaderElection9 ELECTION round 0: result REJECTED
2021-08-11 23:25:11,544 [fcd6b89e-16e4-41c9-a02b-be5b8824d40a@group-A2348CA445B8-LeaderElection9] INFO  server.RaftServer$Division (RaftServerImpl.java:setRole(285)) - fcd6b89e-16e4-41c9-a02b-be5b8824d40a@group-A2348CA445B8: changes role from CANDIDATE to FOLLOWER at term 2 for REJECTED
2021-08-11 23:25:11,544 [fcd6b89e-16e4-41c9-a02b-be5b8824d40a@group-A2348CA445B8-LeaderElection9] INFO  impl.RoleInfo (RoleInfo.java:shutdownLeaderElection(121)) - fcd6b89e-16e4-41c9-a02b-be5b8824d40a: shutdown fcd6b89e-16e4-41c9-a02b-be5b8824d40a@group-A2348CA445B8-LeaderElection9
2021-08-11 23:25:11,544 [fcd6b89e-16e4-41c9-a02b-be5b8824d40a@group-A2348CA445B8-LeaderElection9] INFO  impl.RoleInfo (RoleInfo.java:updateAndGet(130)) - fcd6b89e-16e4-41c9-a02b-be5b8824d40a: start fcd6b89e-16e4-41c9-a02b-be5b8824d40a@group-A2348CA445B8-FollowerState
2021-08-11 23:25:11,626 [SCMBlockDeletingService#0] DEBUG block.SCMBlockDeletingService (SCMBlockDeletingService.java:call(133)) - Running DeletedBlockTransactionScanner
2021-08-11 23:25:11,726 [SCMBlockDeletingService#0] DEBUG block.SCMBlockDeletingService (SCMBlockDeletingService.java:call(133)) - Running DeletedBlockTransactionScanner
2021-08-11 23:25:11,826 [SCMBlockDeletingService#0] DEBUG block.SCMBlockDeletingService (SCMBlockDeletingService.java:call(133)) - Running DeletedBlockTransactionScanner
2021-08-11 23:25:11,926 [SCMBlockDeletingService#0] DEBUG block.SCMBlockDeletingService (SCMBlockDeletingService.java:call(133)) - Running DeletedBlockTransactionScanner
2021-08-11 23:25:12,026 [SCMBlockDeletingService#0] DEBUG block.SCMBlockDeletingService (SCMBlockDeletingService.java:call(133)) - Running DeletedBlockTransactionScanner
2021-08-11 23:25:12,126 [SCMBlockDeletingService#0] DEBUG block.SCMBlockDeletingService (SCMBlockDeletingService.java:call(133)) - Running DeletedBlockTransactionScanner
2021-08-11 23:25:12,226 [SCMBlockDeletingService#0] DEBUG block.SCMBlockDeletingService (SCMBlockDeletingService.java:call(133)) - Running DeletedBlockTransactionScanner
2021-08-11 23:25:12,326 [SCMBlockDeletingService#0] DEBUG block.SCMBlockDeletingService (SCMBlockDeletingService.java:call(133)) - Running DeletedBlockTransactionScanner
2021-08-11 23:25:12,426 [SCMBlockDeletingService#0] DEBUG block.SCMBlockDeletingService (SCMBlockDeletingService.java:call(133)) - Running DeletedBlockTransactionScanner
2021-08-11 23:25:12,526 [SCMBlockDeletingService#0] DEBUG block.SCMBlockDeletingService (SCMBlockDeletingService.java:call(133)) - Running DeletedBlockTransactionScanner
2021-08-11 23:25:12,626 [SCMBlockDeletingService#0] DEBUG block.SCMBlockDeletingService (SCMBlockDeletingService.java:call(133)) - Running DeletedBlockTransactionScanner
2021-08-11 23:25:12,727 [SCMBlockDeletingService#0] DEBUG block.SCMBlockDeletingService (SCMBlockDeletingService.java:call(133)) - Running DeletedBlockTransactionScanner
2021-08-11 23:25:12,752 [EventQueue-StaleNodeForStaleNodeHandler] INFO  node.StaleNodeHandler (StaleNodeHandler.java:onMessage(58)) - Datanode fcd6b89e-16e4-41c9-a02b-be5b8824d40a{ip: 10.1.0.25, host: fv-az12-896.exdb2aeach2ezidoxz41lk3bwg.cx.internal.cloudapp.net, ports: [REPLICATION=37961, RATIS=44867, RATIS_ADMIN=44867, RATIS_SERVER=44867, STANDALONE=35621], networkLocation: /default-rack, certSerialId: null, persistedOpState: IN_SERVICE, persistedOpStateExpiryEpochSec: 0} moved to stale state. Finalizing its pipelines [PipelineID=97fb5d99-4fbb-4703-8ef5-a2348ca445b8]
2021-08-11 23:25:12,827 [SCMBlockDeletingService#0] DEBUG block.SCMBlockDeletingService (SCMBlockDeletingService.java:call(133)) - Running DeletedBlockTransactionScanner
2021-08-11 23:25:12,927 [SCMBlockDeletingService#0] DEBUG block.SCMBlockDeletingService (SCMBlockDeletingService.java:call(133)) - Running DeletedBlockTransactionScanner
2021-08-11 23:25:13,027 [SCMBlockDeletingService#0] DEBUG block.SCMBlockDeletingService (SCMBlockDeletingService.java:call(133)) - Running DeletedBlockTransactionScanner
2021-08-11 23:25:13,127 [SCMBlockDeletingService#0] DEBUG block.SCMBlockDeletingService (SCMBlockDeletingService.java:call(133)) - Running DeletedBlockTransactionScanner
2021-08-11 23:25:13,227 [SCMBlockDeletingService#0] DEBUG block.SCMBlockDeletingService (SCMBlockDeletingService.java:call(133)) - Running DeletedBlockTransactionScanner
2021-08-11 23:25:13,327 [SCMBlockDeletingService#0] DEBUG block.SCMBlockDeletingService (SCMBlockDeletingService.java:call(133)) - Running DeletedBlockTransactionScanner
2021-08-11 23:25:13,427 [SCMBlockDeletingService#0] DEBUG block.SCMBlockDeletingService (SCMBlockDeletingService.java:call(133)) - Running DeletedBlockTransactionScanner
2021-08-11 23:25:13,528 [SCMBlockDeletingService#0] DEBUG block.SCMBlockDeletingService (SCMBlockDeletingService.java:call(133)) - Running DeletedBlockTransactionScanner
2021-08-11 23:25:13,628 [SCMBlockDeletingService#0] DEBUG block.SCMBlockDeletingService (SCMBlockDeletingService.java:call(133)) - Running DeletedBlockTransactionScanner
2021-08-11 23:25:13,728 [SCMBlockDeletingService#0] DEBUG block.SCMBlockDeletingService (SCMBlockDeletingService.java:call(133)) - Running DeletedBlockTransactionScanner
2021-08-11 23:25:13,828 [SCMBlockDeletingService#0] DEBUG block.SCMBlockDeletingService (SCMBlockDeletingService.java:call(133)) - Running DeletedBlockTransactionScanner
2021-08-11 23:25:13,928 [SCMBlockDeletingService#0] DEBUG block.SCMBlockDeletingService (SCMBlockDeletingService.java:call(133)) - Running DeletedBlockTransactionScanner
2021-08-11 23:25:14,028 [SCMBlockDeletingService#0] DEBUG block.SCMBlockDeletingService (SCMBlockDeletingService.java:call(133)) - Running DeletedBlockTransactionScanner
2021-08-11 23:25:14,128 [SCMBlockDeletingService#0] DEBUG block.SCMBlockDeletingService (SCMBlockDeletingService.java:call(133)) - Running DeletedBlockTransactionScanner
2021-08-11 23:25:14,228 [SCMBlockDeletingService#0] DEBUG block.SCMBlockDeletingService (SCMBlockDeletingService.java:call(133)) - Running DeletedBlockTransactionScanner
2021-08-11 23:25:14,328 [SCMBlockDeletingService#0] DEBUG block.SCMBlockDeletingService (SCMBlockDeletingService.java:call(133)) - Running DeletedBlockTransactionScanner
2021-08-11 23:25:14,428 [SCMBlockDeletingService#0] DEBUG block.SCMBlockDeletingService (SCMBlockDeletingService.java:call(133)) - Running DeletedBlockTransactionScanner
2021-08-11 23:25:14,528 [SCMBlockDeletingService#0] DEBUG block.SCMBlockDeletingService (SCMBlockDeletingService.java:call(133)) - Running DeletedBlockTransactionScanner
2021-08-11 23:25:14,629 [SCMBlockDeletingService#0] DEBUG block.SCMBlockDeletingService (SCMBlockDeletingService.java:call(133)) - Running DeletedBlockTransactionScanner
2021-08-11 23:25:14,729 [SCMBlockDeletingService#0] DEBUG block.SCMBlockDeletingService (SCMBlockDeletingService.java:call(133)) - Running DeletedBlockTransactionScanner
2021-08-11 23:25:14,738 [Listener at 127.0.0.1/35819] INFO  ozoneimpl.OzoneContainer (OzoneContainer.java:stop(326)) - Attempting to stop container services.
2021-08-11 23:25:14,739 [Listener at 127.0.0.1/35819] INFO  server.RaftServer (RaftServerProxy.java:lambda$close$6(391)) - fcd6b89e-16e4-41c9-a02b-be5b8824d40a: close
2021-08-11 23:25:14,740 [Listener at 127.0.0.1/35819] INFO  server.RaftServer$Division (RaftServerImpl.java:lambda$close$4(407)) - fcd6b89e-16e4-41c9-a02b-be5b8824d40a@group-A2348CA445B8: shutdown
2021-08-11 23:25:14,740 [Listener at 127.0.0.1/35819] INFO  util.JmxRegister (JmxRegister.java:unregister(73)) - Successfully un-registered JMX Bean with object name Ratis:service=RaftServer,group=group-A2348CA445B8,id=fcd6b89e-16e4-41c9-a02b-be5b8824d40a
2021-08-11 23:25:14,740 [Listener at 127.0.0.1/35819] INFO  impl.RoleInfo (RoleInfo.java:shutdownFollowerState(108)) - fcd6b89e-16e4-41c9-a02b-be5b8824d40a: shutdown fcd6b89e-16e4-41c9-a02b-be5b8824d40a@group-A2348CA445B8-FollowerState
2021-08-11 23:25:14,740 [Listener at 127.0.0.1/35819] INFO  impl.StateMachineUpdater (StateMachineUpdater.java:stopAndJoin(149)) - fcd6b89e-16e4-41c9-a02b-be5b8824d40a@group-A2348CA445B8-StateMachineUpdater: set stopIndex = -1
2021-08-11 23:25:14,740 [fcd6b89e-16e4-41c9-a02b-be5b8824d40a@group-A2348CA445B8-FollowerState] INFO  impl.FollowerState (FollowerState.java:run(143)) - fcd6b89e-16e4-41c9-a02b-be5b8824d40a@group-A2348CA445B8-FollowerState was interrupted: {}
java.lang.InterruptedException: sleep interrupted
	at java.lang.Thread.sleep(Native Method)
	at java.lang.Thread.sleep(Thread.java:340)
	at java.util.concurrent.TimeUnit.sleep(TimeUnit.java:386)
	at org.apache.ratis.util.TimeDuration.sleep(TimeDuration.java:324)
	at org.apache.ratis.util.TimeDuration.sleep(TimeDuration.java:309)
	at org.apache.ratis.server.impl.FollowerState.run(FollowerState.java:118)
2021-08-11 23:25:14,741 [Listener at 127.0.0.1/35819] INFO  server.RaftServer$Division (ServerState.java:close(419)) - fcd6b89e-16e4-41c9-a02b-be5b8824d40a@group-A2348CA445B8: closes. applyIndex: -1
2021-08-11 23:25:14,741 [fcd6b89e-16e4-41c9-a02b-be5b8824d40a@group-A2348CA445B8-SegmentedRaftLogWorker] INFO  segmented.SegmentedRaftLogWorker (SegmentedRaftLogWorker.java:run(327)) - fcd6b89e-16e4-41c9-a02b-be5b8824d40a@group-A2348CA445B8-SegmentedRaftLogWorker was interrupted, exiting. There are 0 tasks remaining in the queue.
2021-08-11 23:25:14,741 [Listener at 127.0.0.1/35819] INFO  segmented.SegmentedRaftLogWorker (SegmentedRaftLogWorker.java:close(237)) - fcd6b89e-16e4-41c9-a02b-be5b8824d40a@group-A2348CA445B8-SegmentedRaftLogWorker close()
2021-08-11 23:25:14,742 [Listener at 127.0.0.1/35819] INFO  server.GrpcService (GrpcService.java:closeImpl(262)) - fcd6b89e-16e4-41c9-a02b-be5b8824d40a: shutdown server with port 44867 now
2021-08-11 23:25:14,750 [Listener at 127.0.0.1/35819] INFO  server.GrpcService (GrpcService.java:closeImpl(271)) - fcd6b89e-16e4-41c9-a02b-be5b8824d40a: shutdown server with port 44867 successfully
2021-08-11 23:25:14,751 [org.apache.ratis.util.JvmPauseMonitor$$Lambda$531/740858526@2ed4ac7d] INFO  util.JvmPauseMonitor (JvmPauseMonitor.java:run(109)) - JvmPauseMonitor-fcd6b89e-16e4-41c9-a02b-be5b8824d40a: Stopped
2021-08-11 23:25:14,753 [Listener at 127.0.0.1/35819] INFO  utils.BackgroundService (BackgroundService.java:shutdown(132)) - Shutting down service BlockDeletingService
2021-08-11 23:25:14,829 [SCMBlockDeletingService#0] DEBUG block.SCMBlockDeletingService (SCMBlockDeletingService.java:call(133)) - Running DeletedBlockTransactionScanner
2021-08-11 23:25:14,929 [SCMBlockDeletingService#0] DEBUG block.SCMBlockDeletingService (SCMBlockDeletingService.java:call(133)) - Running DeletedBlockTransactionScanner
2021-08-11 23:25:15,029 [SCMBlockDeletingService#0] DEBUG block.SCMBlockDeletingService (SCMBlockDeletingService.java:call(133)) - Running DeletedBlockTransactionScanner
2021-08-11 23:25:15,129 [SCMBlockDeletingService#0] DEBUG block.SCMBlockDeletingService (SCMBlockDeletingService.java:call(133)) - Running DeletedBlockTransactionScanner
2021-08-11 23:25:15,229 [SCMBlockDeletingService#0] DEBUG block.SCMBlockDeletingService (SCMBlockDeletingService.java:call(133)) - Running DeletedBlockTransactionScanner
2021-08-11 23:25:15,329 [SCMBlockDeletingService#0] DEBUG block.SCMBlockDeletingService (SCMBlockDeletingService.java:call(133)) - Running DeletedBlockTransactionScanner
2021-08-11 23:25:15,429 [SCMBlockDeletingService#0] DEBUG block.SCMBlockDeletingService (SCMBlockDeletingService.java:call(133)) - Running DeletedBlockTransactionScanner
2021-08-11 23:25:15,529 [SCMBlockDeletingService#0] DEBUG block.SCMBlockDeletingService (SCMBlockDeletingService.java:call(133)) - Running DeletedBlockTransactionScanner
2021-08-11 23:25:15,629 [SCMBlockDeletingService#0] DEBUG block.SCMBlockDeletingService (SCMBlockDeletingService.java:call(133)) - Running DeletedBlockTransactionScanner
2021-08-11 23:25:15,729 [SCMBlockDeletingService#0] DEBUG block.SCMBlockDeletingService (SCMBlockDeletingService.java:call(133)) - Running DeletedBlockTransactionScanner
2021-08-11 23:25:15,830 [SCMBlockDeletingService#0] DEBUG block.SCMBlockDeletingService (SCMBlockDeletingService.java:call(133)) - Running DeletedBlockTransactionScanner
2021-08-11 23:25:15,930 [SCMBlockDeletingService#0] DEBUG block.SCMBlockDeletingService (SCMBlockDeletingService.java:call(133)) - Running DeletedBlockTransactionScanner
2021-08-11 23:25:16,030 [SCMBlockDeletingService#0] DEBUG block.SCMBlockDeletingService (SCMBlockDeletingService.java:call(133)) - Running DeletedBlockTransactionScanner
2021-08-11 23:25:16,130 [SCMBlockDeletingService#0] DEBUG block.SCMBlockDeletingService (SCMBlockDeletingService.java:call(133)) - Running DeletedBlockTransactionScanner
2021-08-11 23:25:16,230 [SCMBlockDeletingService#0] DEBUG block.SCMBlockDeletingService (SCMBlockDeletingService.java:call(133)) - Running DeletedBlockTransactionScanner
2021-08-11 23:25:16,330 [SCMBlockDeletingService#0] DEBUG block.SCMBlockDeletingService (SCMBlockDeletingService.java:call(133)) - Running DeletedBlockTransactionScanner
2021-08-11 23:25:16,430 [SCMBlockDeletingService#0] DEBUG block.SCMBlockDeletingService (SCMBlockDeletingService.java:call(133)) - Running DeletedBlockTransactionScanner
2021-08-11 23:25:16,530 [SCMBlockDeletingService#0] DEBUG block.SCMBlockDeletingService (SCMBlockDeletingService.java:call(133)) - Running DeletedBlockTransactionScanner
2021-08-11 23:25:16,630 [SCMBlockDeletingService#0] DEBUG block.SCMBlockDeletingService (SCMBlockDeletingService.java:call(133)) - Running DeletedBlockTransactionScanner
2021-08-11 23:25:16,731 [SCMBlockDeletingService#0] DEBUG block.SCMBlockDeletingService (SCMBlockDeletingService.java:call(133)) - Running DeletedBlockTransactionScanner
2021-08-11 23:25:16,831 [SCMBlockDeletingService#0] DEBUG block.SCMBlockDeletingService (SCMBlockDeletingService.java:call(133)) - Running DeletedBlockTransactionScanner
2021-08-11 23:25:16,931 [SCMBlockDeletingService#0] DEBUG block.SCMBlockDeletingService (SCMBlockDeletingService.java:call(133)) - Running DeletedBlockTransactionScanner
2021-08-11 23:25:17,031 [SCMBlockDeletingService#0] DEBUG block.SCMBlockDeletingService (SCMBlockDeletingService.java:call(133)) - Running DeletedBlockTransactionScanner
2021-08-11 23:25:17,131 [SCMBlockDeletingService#0] DEBUG block.SCMBlockDeletingService (SCMBlockDeletingService.java:call(133)) - Running DeletedBlockTransactionScanner
2021-08-11 23:25:17,231 [SCMBlockDeletingService#0] DEBUG block.SCMBlockDeletingService (SCMBlockDeletingService.java:call(133)) - Running DeletedBlockTransactionScanner
2021-08-11 23:25:17,331 [SCMBlockDeletingService#0] DEBUG block.SCMBlockDeletingService (SCMBlockDeletingService.java:call(133)) - Running DeletedBlockTransactionScanner
2021-08-11 23:25:17,431 [SCMBlockDeletingService#0] DEBUG block.SCMBlockDeletingService (SCMBlockDeletingService.java:call(133)) - Running DeletedBlockTransactionScanner
2021-08-11 23:25:17,531 [SCMBlockDeletingService#0] DEBUG block.SCMBlockDeletingService (SCMBlockDeletingService.java:call(133)) - Running DeletedBlockTransactionScanner
2021-08-11 23:25:17,631 [SCMBlockDeletingService#0] DEBUG block.SCMBlockDeletingService (SCMBlockDeletingService.java:call(133)) - Running DeletedBlockTransactionScanner
2021-08-11 23:25:17,732 [SCMBlockDeletingService#0] DEBUG block.SCMBlockDeletingService (SCMBlockDeletingService.java:call(133)) - Running DeletedBlockTransactionScanner
2021-08-11 23:25:17,755 [Listener at 127.0.0.1/35819] INFO  statemachine.DatanodeStateMachine (DatanodeStateMachine.java:stopDaemon(515)) - Ozone container server stopped.
2021-08-11 23:25:17,756 [Listener at 127.0.0.1/35819] INFO  handler.ContextHandler (ContextHandler.java:doStop(1153)) - Stopped o.e.j.w.WebAppContext@1864d760{hddsDatanode,/,null,STOPPED}{jar:file:/home/runner/.m2/repository/org/apache/ozone/hdds-container-service/1.2.0-SNAPSHOT/hdds-container-service-1.2.0-SNAPSHOT.jar!/webapps/hddsDatanode}
2021-08-11 23:25:17,757 [Listener at 127.0.0.1/35819] INFO  server.AbstractConnector (AbstractConnector.java:doStop(381)) - Stopped ServerConnector@71c8e40e{HTTP/1.1, (http/1.1)}{0.0.0.0:0}
2021-08-11 23:25:17,757 [Listener at 127.0.0.1/35819] INFO  server.session (HouseKeeper.java:stopScavenging(149)) - node0 Stopped scavenging
2021-08-11 23:25:17,757 [Listener at 127.0.0.1/35819] INFO  handler.ContextHandler (ContextHandler.java:doStop(1153)) - Stopped o.e.j.s.ServletContextHandler@1364f66a{static,/static,jar:file:/home/runner/.m2/repository/org/apache/ozone/hdds-container-service/1.2.0-SNAPSHOT/hdds-container-service-1.2.0-SNAPSHOT.jar!/webapps/static,STOPPED}
2021-08-11 23:25:17,757 [Listener at 127.0.0.1/35819] INFO  handler.ContextHandler (ContextHandler.java:doStop(1153)) - Stopped o.e.j.s.ServletContextHandler@5e250a1a{logs,/logs,file:///home/runner/work/ozone/ozone/hadoop-ozone/integration-test/target/log,STOPPED}
2021-08-11 23:25:17,759 [Listener at 127.0.0.1/35819] INFO  ozone.MiniOzoneClusterImpl (MiniOzoneClusterImpl.java:stopSCM(542)) - Stopping the StorageContainerManager
2021-08-11 23:25:17,759 [Listener at 127.0.0.1/35819] INFO  server.StorageContainerManager (StorageContainerManager.java:stop(1341)) - Stopping Replication Manager Service.
2021-08-11 23:25:17,759 [Listener at 127.0.0.1/35819] INFO  container.ReplicationManager (ReplicationManager.java:stop(317)) - Stopping Replication Monitor Thread.
2021-08-11 23:25:17,759 [Listener at 127.0.0.1/35819] INFO  server.StorageContainerManager (StorageContainerManager.java:stop(1348)) - Stopping the Datanode Admin Monitor.
2021-08-11 23:25:17,760 [Listener at 127.0.0.1/35819] INFO  server.StorageContainerManager (StorageContainerManager.java:stop(1355)) - Stopping Lease Manager of the command watchers
2021-08-11 23:25:17,760 [Listener at 127.0.0.1/35819] INFO  server.StorageContainerManager (StorageContainerManager.java:stop(1362)) - Stopping datanode service RPC server
2021-08-11 23:25:17,760 [Listener at 127.0.0.1/35819] INFO  server.SCMDatanodeProtocolServer (SCMDatanodeProtocolServer.java:stop(389)) - Stopping the RPC server for DataNodes
2021-08-11 23:25:17,760 [Listener at 127.0.0.1/35819] INFO  ipc.Server (Server.java:stop(3414)) - Stopping server on 46673
2021-08-11 23:25:17,762 [IPC Server Responder] INFO  ipc.Server (Server.java:run(1512)) - Stopping IPC Server Responder
2021-08-11 23:25:17,762 [IPC Server listener on 0] INFO  ipc.Server (Server.java:run(1376)) - Stopping IPC Server listener on 0
2021-08-11 23:25:17,832 [SCMBlockDeletingService#0] DEBUG block.SCMBlockDeletingService (SCMBlockDeletingService.java:call(133)) - Running DeletedBlockTransactionScanner
2021-08-11 23:25:17,859 [SCM Heartbeat Processing Thread - 0] WARN  node.NodeStateManager (NodeStateManager.java:scheduleNextHealthCheck(799)) - Current Thread is interrupted, shutting down HB processing thread for Node Manager.
2021-08-11 23:25:17,859 [Listener at 127.0.0.1/35819] INFO  server.StorageContainerManager (StorageContainerManager.java:stop(1370)) - Stopping block service RPC server
2021-08-11 23:25:17,860 [Listener at 127.0.0.1/35819] INFO  server.SCMBlockProtocolServer (SCMBlockProtocolServer.java:stop(160)) - Stopping the RPC server for Block Protocol
2021-08-11 23:25:17,860 [Listener at 127.0.0.1/35819] INFO  ipc.Server (Server.java:stop(3414)) - Stopping server on 40893
2021-08-11 23:25:17,862 [Listener at 127.0.0.1/35819] INFO  server.StorageContainerManager (StorageContainerManager.java:stop(1377)) - Stopping the StorageContainerLocationProtocol RPC server
2021-08-11 23:25:17,862 [Listener at 127.0.0.1/35819] INFO  server.SCMClientProtocolServer (SCMClientProtocolServer.java:stop(173)) - Stopping the RPC server for Client Protocol
2021-08-11 23:25:17,862 [Listener at 127.0.0.1/35819] INFO  ipc.Server (Server.java:stop(3414)) - Stopping server on 33507
2021-08-11 23:25:17,862 [IPC Server Responder] INFO  ipc.Server (Server.java:run(1512)) - Stopping IPC Server Responder
2021-08-11 23:25:17,863 [IPC Server listener on 0] INFO  ipc.Server (Server.java:run(1376)) - Stopping IPC Server listener on 0
2021-08-11 23:25:17,869 [IPC Server Responder] INFO  ipc.Server (Server.java:run(1512)) - Stopping IPC Server Responder
2021-08-11 23:25:17,869 [Listener at 127.0.0.1/35819] INFO  server.StorageContainerManager (StorageContainerManager.java:stop(1384)) - Stopping Storage Container Manager HTTP server.
2021-08-11 23:25:17,870 [Listener at 127.0.0.1/35819] INFO  handler.ContextHandler (ContextHandler.java:doStop(1153)) - Stopped o.e.j.w.WebAppContext@5ea231be{scm,/,null,STOPPED}{file:/home/runner/work/ozone/ozone/hadoop-ozone/integration-test/target/test-classes/webapps/scm}
2021-08-11 23:25:17,870 [IPC Server listener on 0] INFO  ipc.Server (Server.java:run(1376)) - Stopping IPC Server listener on 0
2021-08-11 23:25:17,876 [Listener at 127.0.0.1/35819] INFO  server.AbstractConnector (AbstractConnector.java:doStop(381)) - Stopped ServerConnector@1dba2100{HTTP/1.1, (http/1.1)}{0.0.0.0:0}
2021-08-11 23:25:17,877 [Listener at 127.0.0.1/35819] INFO  server.session (HouseKeeper.java:stopScavenging(149)) - node0 Stopped scavenging
2021-08-11 23:25:17,877 [Listener at 127.0.0.1/35819] INFO  handler.ContextHandler (ContextHandler.java:doStop(1153)) - Stopped o.e.j.s.ServletContextHandler@639a1191{static,/static,file:///home/runner/work/ozone/ozone/hadoop-ozone/integration-test/target/test-classes/webapps/static,STOPPED}
2021-08-11 23:25:17,877 [Listener at 127.0.0.1/35819] INFO  handler.ContextHandler (ContextHandler.java:doStop(1153)) - Stopped o.e.j.s.ServletContextHandler@5ee1a359{logs,/logs,file:///home/runner/work/ozone/ozone/hadoop-ozone/integration-test/target/log,STOPPED}
2021-08-11 23:25:17,878 [Listener at 127.0.0.1/35819] INFO  server.StorageContainerManager (StorageContainerManager.java:stop(1395)) - Stopping Block Manager Service.
2021-08-11 23:25:17,878 [Listener at 127.0.0.1/35819] INFO  utils.BackgroundService (BackgroundService.java:shutdown(132)) - Shutting down service SCMBlockDeletingService
2021-08-11 23:25:17,878 [Listener at 127.0.0.1/35819] INFO  utils.BackgroundService (BackgroundService.java:shutdown(132)) - Shutting down service SCMBlockDeletingService
2021-08-11 23:25:17,879 [Listener at 127.0.0.1/35819] INFO  server.StorageContainerManager (StorageContainerManager.java:stop(1422)) - Stopping SCM Event Queue.
2021-08-11 23:25:17,884 [Listener at 127.0.0.1/35819] INFO  server.StorageContainerManager (StorageContainerManager.java:stop(1433)) - Stopping SCM HA services.
2021-08-11 23:25:17,884 [Listener at 127.0.0.1/35819] INFO  pipeline.BackgroundPipelineCreator (BackgroundPipelineCreatorV2.java:stop(158)) - Stopping RatisPipelineUtilsThread.
2021-08-11 23:25:17,885 [Listener at 127.0.0.1/35819] INFO  server.StorageContainerManager (StorageContainerManager.java:stop(1443)) - Stopping SCM MetadataStore.
2021-08-11 23:25:17,886 [Listener at 127.0.0.1/35819] INFO  impl.MetricsSystemImpl (MetricsSystemImpl.java:stop(210)) - Stopping HddsDatanode metrics system...
2021-08-11 23:25:17,892 [prometheus] INFO  impl.MetricsSinkAdapter (MetricsSinkAdapter.java:publishMetricsFromQueue(141)) - prometheus thread interrupted.
2021-08-11 23:25:17,895 [Listener at 127.0.0.1/35819] INFO  impl.MetricsSystemImpl (MetricsSystemImpl.java:stop(216)) - HddsDatanode metrics system stopped.
]]></system-out>
  </testcase>
  <testcase name="testBlockDeletion" classname="org.apache.hadoop.ozone.container.common.statemachine.commandhandler.TestBlockDeletion" time="121.89"/>
</testsuite>